<?xml version="1.0" encoding="UTF-8"?>
<testsuites name="2-Pruebas hoja de vida" time="274.735" tests="10" failures="0" errors="0">
   <testsuite name="2-Pruebas hoja de vida" tests="10" failures="0" errors="0" time="274.735" skipped="0" timestamp="2022-01-13 10:58:52" hostname="diego.rojas - US-AF-000371" id="Test Suites/2-Pruebas hoja de vida">
      <properties>
         <property name="deviceName" value=""/>
         <property name="devicePlatform" value=""/>
         <property name="logFolder" value="C:\\Users\\diego.rojas\\git\\Pruebas-Minimas\\Reports\\20220113_105822\\2-Pruebas hoja de vida\\20220113_105828"/>
         <property name="logFiles" value="C:\\Users\\diego.rojas\\git\\Pruebas-Minimas\\Reports\\20220113_105822\\2-Pruebas hoja de vida\\20220113_105828\\execution0.log"/>
         <property name="attachments" value=""/>
         <property name="hostName" value="diego.rojas - US-AF-000371"/>
         <property name="os" value="Windows 10 64bit"/>
         <property name="katalonVersion" value="8.2.0.208"/>
         <property name="browser" value="Chrome 97.0.4692.71"/>
         <property name="hostAddress" value="192.168.56.1"/>
         <property name="sessionId" value="bde8941cc846308496c9d02a3978b4ee"/>
         <property name="seleniumVersion" value="3.141.59"/>
         <property name="proxyInformation" value="ProxyInformation { proxyOption=NO_PROXY, proxyServerType=HTTP, username=, password=********, proxyServerAddress=, proxyServerPort=0, executionList=&quot;&quot;, isApplyToDesiredCapabilities=true }"/>
         <property name="platform" value="Windows 10"/>
      </properties>
      <testcase name="Test Cases/2.1-Pruebas_Hoja_de_Vida/2.1.0-Nueva_Categoria" time="22.726" classname="Test Cases/2.1-Pruebas_Hoja_de_Vida/2.1.0-Nueva_Categoria" status="PASSED">
         <system-out><![CDATA[2022-01-13 10:58:53 - [TEST_CASE][PASSED] - Test Cases/2.1-Pruebas_Hoja_de_Vida/2.1.0-Nueva_Categoria: Test Cases/2.1-Pruebas_Hoja_de_Vida/2.1.0-Nueva_Categoria

2022-01-13 10:58:53 - [TEST_STEP][PASSED] - callTestCase(findTestCase("0.1-Login"), [:], STOP_ON_FAILURE): Call Test Case 'Test Cases/0.1-Login' successfully

2022-01-13 10:58:53 - [TEST_CASE][PASSED] - Test Cases/0.1-Login: Test Cases/0.1-Login

2022-01-13 10:58:54 - [TEST_STEP][PASSED] - openBrowser(""): Browser is opened with url: ''

2022-01-13 10:58:54 - [MESSAGE][INFO] - Starting 'Chrome' driver

2022-01-13 10:58:54 - [MESSAGE][INFO] - Action delay is set to 0 milliseconds

2022-01-13 10:58:56 - [MESSAGE][PASSED] - Browser is opened with url: ''

2022-01-13 10:58:56 - [TEST_STEP][PASSED] - maximizeWindow(): Current window maximized

2022-01-13 10:58:57 - [MESSAGE][PASSED] - Current window maximized

2022-01-13 10:58:57 - [TEST_STEP][PASSED] - i = G_Login: null

2022-01-13 10:58:57 - [TEST_STEP][PASSED] - url = new java.net.URL(i): null

2022-01-13 10:58:57 - [TEST_STEP][PASSED] - println("URL: " + url.toString()): null

2022-01-13 10:58:57 - [TEST_STEP][PASSED] - connection = url.openConnection(): null

2022-01-13 10:58:57 - [TEST_STEP][PASSED] - connection.setRequestMethod("GET"): null

2022-01-13 10:58:57 - [TEST_STEP][PASSED] - connection.setReadTimeout(2 * 1000): null

2022-01-13 10:58:57 - [TEST_STEP][PASSED] - try: null

2022-01-13 10:58:57 - [TEST_STEP][PASSED] - connection.connect(): null

2022-01-13 10:58:57 - [TEST_STEP][PASSED] - flag = connected: null

2022-01-13 10:58:57 - [TEST_STEP][PASSED] - println("Valor_ori: " + flag): null

2022-01-13 10:58:57 - [TEST_STEP][PASSED] - if (flag): null

2022-01-13 10:58:57 - [TEST_STEP][PASSED] - navigateToUrl(i): Navigate to 'http://192.168.2.80:8380/saraweb' successfully

2022-01-13 10:58:58 - [MESSAGE][PASSED] - Navigate to 'http://192.168.2.80:8380/saraweb' successfully

2022-01-13 10:58:58 - [TEST_STEP][PASSED] - a(): null

2022-01-13 10:58:58 - [TEST_STEP][PASSED] - setText(findTestObject("Login/input_USUARIO_loginusuario"), G_Usuario): Text 'saraadmin' is set on object 'Object Repository/Login/input_USUARIO_loginusuario'

2022-01-13 10:58:59 - [MESSAGE][PASSED] - Text 'saraadmin' is set on object 'Object Repository/Login/input_USUARIO_loginusuario'

2022-01-13 10:58:59 - [TEST_STEP][PASSED] - setEncryptedText(findTestObject("Login/input_CLAVE_loginpassword"), "MkG4/TYiCFC3cb2driP7+Q=="): Text ****** has been set on object 'Object Repository/Login/input_CLAVE_loginpassword'

2022-01-13 10:59:00 - [MESSAGE][PASSED] - Text ****** has been set on object 'Object Repository/Login/input_CLAVE_loginpassword'

2022-01-13 10:59:00 - [TEST_STEP][PASSED] - waitForElementClickable(findTestObject("Login/a_Ingresar"), G_TimeOut): Object 'Object Repository/Login/a_Ingresar' is clickable

2022-01-13 10:59:00 - [MESSAGE][PASSED] - Object 'Object Repository/Login/a_Ingresar' is clickable

2022-01-13 10:59:00 - [TEST_STEP][PASSED] - click(findTestObject("Login/a_Ingresar")): Object: 'Object Repository/Login/a_Ingresar' is clicked on

2022-01-13 10:59:02 - [MESSAGE][PASSED] - Object: 'Object Repository/Login/a_Ingresar' is clicked on

2022-01-13 10:59:02 - [TEST_STEP][PASSED] - element = findWebElement(findTestObject("Login/a_Ir"), 30): null

2022-01-13 10:59:03 - [TEST_STEP][PASSED] - executeJavaScript("arguments[0].click()", Arrays.asList(element)): Execute JavaScript 'arguments[0].click()' successfully

2022-01-13 10:59:03 - [MESSAGE][PASSED] - Execute JavaScript 'arguments[0].click()' successfully

2022-01-13 10:59:03 - [MESSAGE][PASSED] - Call Test Case 'Test Cases/0.1-Login' successfully

2022-01-13 10:59:03 - [TEST_STEP][PASSED] - waitForElementClickable(findTestObject("Pruebas_Hoja_de_Vida/Nueva_Categoria/span_Categora_buscar glyphicons glyphicons-search"), 0): Object 'Object Repository/Pruebas_Hoja_de_Vida/Nueva_Categoria/span_Categora_buscar glyphicons glyphicons-search' is clickable

2022-01-13 10:59:03 - [MESSAGE][WARNING] - Timeout '0' is invalid. Using default page load timeout: '30'

2022-01-13 10:59:04 - [MESSAGE][PASSED] - Object 'Object Repository/Pruebas_Hoja_de_Vida/Nueva_Categoria/span_Categora_buscar glyphicons glyphicons-search' is clickable

2022-01-13 10:59:04 - [TEST_STEP][PASSED] - setText(findTestObject("Pruebas_Hoja_de_Vida/Nueva_Categoria/span_Categora_buscar glyphicons glyphicons-search"), "categoria"): Text 'categoria' is set on object 'Object Repository/Pruebas_Hoja_de_Vida/Nueva_Categoria/span_Categora_buscar glyphicons glyphicons-search'

2022-01-13 10:59:05 - [MESSAGE][PASSED] - Text 'categoria' is set on object 'Object Repository/Pruebas_Hoja_de_Vida/Nueva_Categoria/span_Categora_buscar glyphicons glyphicons-search'

2022-01-13 10:59:05 - [TEST_STEP][PASSED] - delay(1): Delayed 1 second(s)

2022-01-13 10:59:06 - [MESSAGE][PASSED] - Delayed 1 second(s)

2022-01-13 10:59:06 - [TEST_STEP][PASSED] - sendKeys(findTestObject("Pruebas_Hoja_de_Vida/Nueva_Categoria/span_Categora_buscar glyphicons glyphicons-search"), Keys.chord(ENTER)): Keys 'ENTER + ' sent to object: 'Object Repository/Pruebas_Hoja_de_Vida/Nueva_Categoria/span_Categora_buscar glyphicons glyphicons-search'

2022-01-13 10:59:07 - [MESSAGE][PASSED] - Keys 'ENTER + ' sent to object: 'Object Repository/Pruebas_Hoja_de_Vida/Nueva_Categoria/span_Categora_buscar glyphicons glyphicons-search'

2022-01-13 10:59:07 - [TEST_STEP][PASSED] - setText(findTestObject("Pruebas_Hoja_de_Vida/Nueva_Categoria/input_Actos Administrativos_form_categoriaSeccionj_idt61"), "prueba"): Text 'prueba' is set on object 'Object Repository/Pruebas_Hoja_de_Vida/Nueva_Categoria/input_Actos Administrativos_form_categoriaSeccionj_idt61'

2022-01-13 10:59:08 - [MESSAGE][PASSED] - Text 'prueba' is set on object 'Object Repository/Pruebas_Hoja_de_Vida/Nueva_Categoria/input_Actos Administrativos_form_categoriaSeccionj_idt61'

2022-01-13 10:59:08 - [TEST_STEP][PASSED] - sendKeys(findTestObject("Pruebas_Hoja_de_Vida/Nueva_Categoria/input_Actos Administrativos_form_categoriaSeccionj_idt61"), Keys.chord(ENTER)): Keys 'ENTER + ' sent to object: 'Object Repository/Pruebas_Hoja_de_Vida/Nueva_Categoria/input_Actos Administrativos_form_categoriaSeccionj_idt61'

2022-01-13 10:59:09 - [MESSAGE][PASSED] - Keys 'ENTER + ' sent to object: 'Object Repository/Pruebas_Hoja_de_Vida/Nueva_Categoria/input_Actos Administrativos_form_categoriaSeccionj_idt61'

2022-01-13 10:59:09 - [TEST_STEP][PASSED] - if (waitForElementClickable(findTestObject("Pruebas_Hoja_de_Vida/Nueva_Categoria/span_prueba"), 1)): null

2022-01-13 10:59:10 - [MESSAGE][PASSED] - Object 'Object Repository/Pruebas_Hoja_de_Vida/Nueva_Categoria/span_prueba' is clickable

2022-01-13 10:59:10 - [TEST_STEP][PASSED] - click(findTestObject("Pruebas_Hoja_de_Vida/Nueva_Categoria/span_prueba")): Object: 'Object Repository/Pruebas_Hoja_de_Vida/Nueva_Categoria/span_prueba' is clicked on

2022-01-13 10:59:10 - [MESSAGE][PASSED] - Object: 'Object Repository/Pruebas_Hoja_de_Vida/Nueva_Categoria/span_prueba' is clicked on

2022-01-13 10:59:10 - [TEST_STEP][PASSED] - click(findTestObject("Pruebas_Hoja_de_Vida/Nueva_Categoria/a_Eliminar")): Object: 'Object Repository/Pruebas_Hoja_de_Vida/Nueva_Categoria/a_Eliminar' is clicked on

2022-01-13 10:59:11 - [MESSAGE][PASSED] - Object: 'Object Repository/Pruebas_Hoja_de_Vida/Nueva_Categoria/a_Eliminar' is clicked on

2022-01-13 10:59:11 - [TEST_STEP][PASSED] - click(findTestObject("Pruebas_Hoja_de_Vida/Nueva_Categoria/a_Aceptar")): Object: 'Object Repository/Pruebas_Hoja_de_Vida/Nueva_Categoria/a_Aceptar' is clicked on

2022-01-13 10:59:12 - [MESSAGE][PASSED] - Object: 'Object Repository/Pruebas_Hoja_de_Vida/Nueva_Categoria/a_Aceptar' is clicked on

2022-01-13 10:59:12 - [TEST_STEP][PASSED] - click(findTestObject("Pruebas_Hoja_de_Vida/Nueva_Categoria/a_Nuevo")): Object: 'Object Repository/Pruebas_Hoja_de_Vida/Nueva_Categoria/a_Nuevo' is clicked on

2022-01-13 10:59:12 - [MESSAGE][PASSED] - Object: 'Object Repository/Pruebas_Hoja_de_Vida/Nueva_Categoria/a_Nuevo' is clicked on

2022-01-13 10:59:12 - [TEST_STEP][PASSED] - setText(findTestObject("Pruebas_Hoja_de_Vida/Nueva_Categoria/input_Descripcin_form_categoriaSecciondescripcion"), "prueba"): Text 'prueba' is set on object 'Object Repository/Pruebas_Hoja_de_Vida/Nueva_Categoria/input_Descripcin_form_categoriaSecciondescripcion'

2022-01-13 10:59:14 - [MESSAGE][PASSED] - Text 'prueba' is set on object 'Object Repository/Pruebas_Hoja_de_Vida/Nueva_Categoria/input_Descripcin_form_categoriaSecciondescripcion'

2022-01-13 10:59:14 - [TEST_STEP][PASSED] - setText(findTestObject("Pruebas_Hoja_de_Vida/Nueva_Categoria/input_Orden_form_categoriaSeccionorden"), "5"): Text '5' is set on object 'Object Repository/Pruebas_Hoja_de_Vida/Nueva_Categoria/input_Orden_form_categoriaSeccionorden'

2022-01-13 10:59:14 - [MESSAGE][PASSED] - Text '5' is set on object 'Object Repository/Pruebas_Hoja_de_Vida/Nueva_Categoria/input_Orden_form_categoriaSeccionorden'

2022-01-13 10:59:14 - [TEST_STEP][PASSED] - click(findTestObject("Pruebas_Hoja_de_Vida/Nueva_Categoria/a_Guardar")): Object: 'Object Repository/Pruebas_Hoja_de_Vida/Nueva_Categoria/a_Guardar' is clicked on

2022-01-13 10:59:15 - [MESSAGE][PASSED] - Object: 'Object Repository/Pruebas_Hoja_de_Vida/Nueva_Categoria/a_Guardar' is clicked on

2022-01-13 10:59:15 - [TEST_STEP][PASSED] - closeBrowser(): Browser is closed

2022-01-13 10:59:15 - [MESSAGE][PASSED] - Browser is closed]]></system-out>
         <system-err><![CDATA[]]></system-err>
      </testcase>
      <testcase name="Test Cases/2.1-Pruebas_Hoja_de_Vida/2.1.1-Nueva_Seccion" time="26.964" classname="Test Cases/2.1-Pruebas_Hoja_de_Vida/2.1.1-Nueva_Seccion" status="PASSED">
         <system-out><![CDATA[2022-01-13 10:59:16 - [TEST_CASE][PASSED] - Test Cases/2.1-Pruebas_Hoja_de_Vida/2.1.1-Nueva_Seccion: Test Cases/2.1-Pruebas_Hoja_de_Vida/2.1.1-Nueva_Seccion

2022-01-13 10:59:16 - [TEST_STEP][PASSED] - callTestCase(findTestCase("0.1-Login"), [:], STOP_ON_FAILURE): Call Test Case 'Test Cases/0.1-Login' successfully

2022-01-13 10:59:16 - [TEST_CASE][PASSED] - Test Cases/0.1-Login: Test Cases/0.1-Login

2022-01-13 10:59:16 - [TEST_STEP][PASSED] - openBrowser(""): Browser is opened with url: ''

2022-01-13 10:59:16 - [MESSAGE][INFO] - Starting 'Chrome' driver

2022-01-13 10:59:16 - [MESSAGE][INFO] - Action delay is set to 0 milliseconds

2022-01-13 10:59:17 - [MESSAGE][PASSED] - Browser is opened with url: ''

2022-01-13 10:59:17 - [TEST_STEP][PASSED] - maximizeWindow(): Current window maximized

2022-01-13 10:59:17 - [MESSAGE][PASSED] - Current window maximized

2022-01-13 10:59:17 - [TEST_STEP][PASSED] - i = G_Login: null

2022-01-13 10:59:17 - [TEST_STEP][PASSED] - url = new java.net.URL(i): null

2022-01-13 10:59:17 - [TEST_STEP][PASSED] - println("URL: " + url.toString()): null

2022-01-13 10:59:17 - [TEST_STEP][PASSED] - connection = url.openConnection(): null

2022-01-13 10:59:17 - [TEST_STEP][PASSED] - connection.setRequestMethod("GET"): null

2022-01-13 10:59:17 - [TEST_STEP][PASSED] - connection.setReadTimeout(2 * 1000): null

2022-01-13 10:59:17 - [TEST_STEP][PASSED] - try: null

2022-01-13 10:59:17 - [TEST_STEP][PASSED] - connection.connect(): null

2022-01-13 10:59:17 - [TEST_STEP][PASSED] - flag = connected: null

2022-01-13 10:59:17 - [TEST_STEP][PASSED] - println("Valor_ori: " + flag): null

2022-01-13 10:59:17 - [TEST_STEP][PASSED] - if (flag): null

2022-01-13 10:59:17 - [TEST_STEP][PASSED] - navigateToUrl(i): Navigate to 'http://192.168.2.80:8380/saraweb' successfully

2022-01-13 10:59:18 - [MESSAGE][PASSED] - Navigate to 'http://192.168.2.80:8380/saraweb' successfully

2022-01-13 10:59:18 - [TEST_STEP][PASSED] - a(): null

2022-01-13 10:59:18 - [TEST_STEP][PASSED] - setText(findTestObject("Login/input_USUARIO_loginusuario"), G_Usuario): Text 'saraadmin' is set on object 'Object Repository/Login/input_USUARIO_loginusuario'

2022-01-13 10:59:19 - [MESSAGE][PASSED] - Text 'saraadmin' is set on object 'Object Repository/Login/input_USUARIO_loginusuario'

2022-01-13 10:59:19 - [TEST_STEP][PASSED] - setEncryptedText(findTestObject("Login/input_CLAVE_loginpassword"), "MkG4/TYiCFC3cb2driP7+Q=="): Text ****** has been set on object 'Object Repository/Login/input_CLAVE_loginpassword'

2022-01-13 10:59:19 - [MESSAGE][PASSED] - Text ****** has been set on object 'Object Repository/Login/input_CLAVE_loginpassword'

2022-01-13 10:59:19 - [TEST_STEP][PASSED] - waitForElementClickable(findTestObject("Login/a_Ingresar"), G_TimeOut): Object 'Object Repository/Login/a_Ingresar' is clickable

2022-01-13 10:59:20 - [MESSAGE][PASSED] - Object 'Object Repository/Login/a_Ingresar' is clickable

2022-01-13 10:59:20 - [TEST_STEP][PASSED] - click(findTestObject("Login/a_Ingresar")): Object: 'Object Repository/Login/a_Ingresar' is clicked on

2022-01-13 10:59:22 - [MESSAGE][PASSED] - Object: 'Object Repository/Login/a_Ingresar' is clicked on

2022-01-13 10:59:22 - [TEST_STEP][PASSED] - element = findWebElement(findTestObject("Login/a_Ir"), 30): null

2022-01-13 10:59:22 - [TEST_STEP][PASSED] - executeJavaScript("arguments[0].click()", Arrays.asList(element)): Execute JavaScript 'arguments[0].click()' successfully

2022-01-13 10:59:22 - [MESSAGE][PASSED] - Execute JavaScript 'arguments[0].click()' successfully

2022-01-13 10:59:22 - [MESSAGE][PASSED] - Call Test Case 'Test Cases/0.1-Login' successfully

2022-01-13 10:59:22 - [TEST_STEP][PASSED] - click(findTestObject("Pruebas_Hoja_de_Vida/Nueva_sección/input_Secciones_form_templatej_idt286j_idt29")): Object: 'Object Repository/Pruebas_Hoja_de_Vida/Nueva_sección/input_Secciones_form_templatej_idt286j_idt29' is clicked on

2022-01-13 10:59:24 - [MESSAGE][PASSED] - Object: 'Object Repository/Pruebas_Hoja_de_Vida/Nueva_sección/input_Secciones_form_templatej_idt286j_idt29' is clicked on

2022-01-13 10:59:24 - [TEST_STEP][PASSED] - click(findTestObject("Pruebas_Hoja_de_Vida/Nueva_sección/a_ADMINISTRADOR DEL SISTEMA - SARA_cerrar_menu")): Object: 'Object Repository/Pruebas_Hoja_de_Vida/Nueva_sección/a_ADMINISTRADOR DEL SISTEMA - SARA_cerrar_menu' is clicked on

2022-01-13 10:59:25 - [MESSAGE][PASSED] - Object: 'Object Repository/Pruebas_Hoja_de_Vida/Nueva_sección/a_ADMINISTRADOR DEL SISTEMA - SARA_cerrar_menu' is clicked on

2022-01-13 10:59:25 - [TEST_STEP][PASSED] - click(findTestObject("Pruebas_Hoja_de_Vida/Nueva_sección/label_Parametros de Formularios")): Object: 'Object Repository/Pruebas_Hoja_de_Vida/Nueva_sección/label_Parametros de Formularios' is clicked on

2022-01-13 10:59:25 - [MESSAGE][PASSED] - Object: 'Object Repository/Pruebas_Hoja_de_Vida/Nueva_sección/label_Parametros de Formularios' is clicked on

2022-01-13 10:59:25 - [TEST_STEP][PASSED] - click(findTestObject("Pruebas_Hoja_de_Vida/Nueva_sección/a_Seccion")): Object: 'Object Repository/Pruebas_Hoja_de_Vida/Nueva_sección/a_Seccion' is clicked on

2022-01-13 10:59:26 - [MESSAGE][PASSED] - Object: 'Object Repository/Pruebas_Hoja_de_Vida/Nueva_sección/a_Seccion' is clicked on

2022-01-13 10:59:26 - [TEST_STEP][PASSED] - waitForElementClickable(findTestObject("Pruebas_Hoja_de_Vida/Nueva_sección/input_Nueva Hoja Vida_seccion_formj_idt60"), 0): Object 'Object Repository/Pruebas_Hoja_de_Vida/Nueva_sección/input_Nueva Hoja Vida_seccion_formj_idt60' is clickable

2022-01-13 10:59:26 - [MESSAGE][WARNING] - Timeout '0' is invalid. Using default page load timeout: '30'

2022-01-13 10:59:27 - [MESSAGE][PASSED] - Object 'Object Repository/Pruebas_Hoja_de_Vida/Nueva_sección/input_Nueva Hoja Vida_seccion_formj_idt60' is clickable

2022-01-13 10:59:27 - [TEST_STEP][PASSED] - click(findTestObject("Pruebas_Hoja_de_Vida/Nueva_sección/input_Nueva Hoja Vida_seccion_formj_idt60")): Object: 'Object Repository/Pruebas_Hoja_de_Vida/Nueva_sección/input_Nueva Hoja Vida_seccion_formj_idt60' is clicked on

2022-01-13 10:59:27 - [MESSAGE][PASSED] - Object: 'Object Repository/Pruebas_Hoja_de_Vida/Nueva_sección/input_Nueva Hoja Vida_seccion_formj_idt60' is clicked on

2022-01-13 10:59:27 - [TEST_STEP][PASSED] - setText(findTestObject("Pruebas_Hoja_de_Vida/Nueva_sección/input_Nueva Hoja Vida_seccion_formj_idt60"), "prueba"): Text 'prueba' is set on object 'Object Repository/Pruebas_Hoja_de_Vida/Nueva_sección/input_Nueva Hoja Vida_seccion_formj_idt60'

2022-01-13 10:59:28 - [MESSAGE][PASSED] - Text 'prueba' is set on object 'Object Repository/Pruebas_Hoja_de_Vida/Nueva_sección/input_Nueva Hoja Vida_seccion_formj_idt60'

2022-01-13 10:59:28 - [TEST_STEP][PASSED] - sendKeys(findTestObject("Pruebas_Hoja_de_Vida/Nueva_sección/input_Nueva Hoja Vida_seccion_formj_idt60"), Keys.chord(ENTER)): Keys 'ENTER + ' sent to object: 'Object Repository/Pruebas_Hoja_de_Vida/Nueva_sección/input_Nueva Hoja Vida_seccion_formj_idt60'

2022-01-13 10:59:29 - [MESSAGE][PASSED] - Keys 'ENTER + ' sent to object: 'Object Repository/Pruebas_Hoja_de_Vida/Nueva_sección/input_Nueva Hoja Vida_seccion_formj_idt60'

2022-01-13 10:59:29 - [TEST_STEP][PASSED] - if (waitForElementClickable(findTestObject("Pruebas_Hoja_de_Vida/Nueva_sección/span_Prueba"), 1)): null

2022-01-13 10:59:30 - [MESSAGE][PASSED] - Object 'Object Repository/Pruebas_Hoja_de_Vida/Nueva_sección/span_Prueba' is clickable

2022-01-13 10:59:30 - [TEST_STEP][PASSED] - click(findTestObject("Pruebas_Hoja_de_Vida/Nueva_sección/span_Prueba")): Object: 'Object Repository/Pruebas_Hoja_de_Vida/Nueva_sección/span_Prueba' is clicked on

2022-01-13 10:59:30 - [MESSAGE][PASSED] - Object: 'Object Repository/Pruebas_Hoja_de_Vida/Nueva_sección/span_Prueba' is clicked on

2022-01-13 10:59:30 - [TEST_STEP][PASSED] - click(findTestObject("Pruebas_Hoja_de_Vida/Nueva_sección/a_Eliminar")): Object: 'Object Repository/Pruebas_Hoja_de_Vida/Nueva_sección/a_Eliminar' is clicked on

2022-01-13 10:59:31 - [MESSAGE][PASSED] - Object: 'Object Repository/Pruebas_Hoja_de_Vida/Nueva_sección/a_Eliminar' is clicked on

2022-01-13 10:59:31 - [TEST_STEP][PASSED] - click(findTestObject("Pruebas_Hoja_de_Vida/Nueva_sección/a_Nuevo")): Object: 'Object Repository/Pruebas_Hoja_de_Vida/Nueva_sección/a_Nuevo' is clicked on

2022-01-13 10:59:32 - [MESSAGE][PASSED] - Object: 'Object Repository/Pruebas_Hoja_de_Vida/Nueva_sección/a_Nuevo' is clicked on

2022-01-13 10:59:32 - [TEST_STEP][PASSED] - setText(findTestObject("Pruebas_Hoja_de_Vida/Nueva_sección/input_Descripcin_seccion_formtabdescripcion"), "Prueba"): Text 'Prueba' is set on object 'Object Repository/Pruebas_Hoja_de_Vida/Nueva_sección/input_Descripcin_seccion_formtabdescripcion'

2022-01-13 10:59:33 - [MESSAGE][PASSED] - Text 'Prueba' is set on object 'Object Repository/Pruebas_Hoja_de_Vida/Nueva_sección/input_Descripcin_seccion_formtabdescripcion'

2022-01-13 10:59:33 - [TEST_STEP][PASSED] - setText(findTestObject("Pruebas_Hoja_de_Vida/Nueva_sección/input_Orden_seccion_formtaborden"), "12345"): Text '12345' is set on object 'Object Repository/Pruebas_Hoja_de_Vida/Nueva_sección/input_Orden_seccion_formtaborden'

2022-01-13 10:59:33 - [MESSAGE][PASSED] - Text '12345' is set on object 'Object Repository/Pruebas_Hoja_de_Vida/Nueva_sección/input_Orden_seccion_formtaborden'

2022-01-13 10:59:33 - [TEST_STEP][PASSED] - selectOptionByIndex(findTestObject("Pruebas_Hoja_de_Vida/Nueva_sección/select_SeleccioneBienes"), "2"): All options with index in [2] are selected on object 'Object Repository/Pruebas_Hoja_de_Vida/Nueva_sección/select_SeleccioneBienes'

2022-01-13 10:59:34 - [MESSAGE][PASSED] - All options with index in [2] are selected on object 'Object Repository/Pruebas_Hoja_de_Vida/Nueva_sección/select_SeleccioneBienes'

2022-01-13 10:59:34 - [TEST_STEP][PASSED] - selectOptionByIndex(findTestObject("Pruebas_Hoja_de_Vida/Nueva_sección/select_SeleccioneAreas de experiencia"), "5"): All options with index in [5] are selected on object 'Object Repository/Pruebas_Hoja_de_Vida/Nueva_sección/select_SeleccioneAreas de experiencia'

2022-01-13 10:59:36 - [MESSAGE][PASSED] - All options with index in [5] are selected on object 'Object Repository/Pruebas_Hoja_de_Vida/Nueva_sección/select_SeleccioneAreas de experiencia'

2022-01-13 10:59:36 - [TEST_STEP][PASSED] - setText(findTestObject("Pruebas_Hoja_de_Vida/Nueva_sección/textarea_Mensaje_seccion_formtabmensaje"), "PRUEBA"): Text 'PRUEBA' is set on object 'Object Repository/Pruebas_Hoja_de_Vida/Nueva_sección/textarea_Mensaje_seccion_formtabmensaje'

2022-01-13 10:59:37 - [MESSAGE][PASSED] - Text 'PRUEBA' is set on object 'Object Repository/Pruebas_Hoja_de_Vida/Nueva_sección/textarea_Mensaje_seccion_formtabmensaje'

2022-01-13 10:59:37 - [TEST_STEP][PASSED] - setText(findTestObject("Pruebas_Hoja_de_Vida/Nueva_sección/textarea_Mensaje Final_seccion_formtabmensaje_final"), "PRUEBA"): Text 'PRUEBA' is set on object 'Object Repository/Pruebas_Hoja_de_Vida/Nueva_sección/textarea_Mensaje Final_seccion_formtabmensaje_final'

2022-01-13 10:59:38 - [MESSAGE][PASSED] - Text 'PRUEBA' is set on object 'Object Repository/Pruebas_Hoja_de_Vida/Nueva_sección/textarea_Mensaje Final_seccion_formtabmensaje_final'

2022-01-13 10:59:38 - [TEST_STEP][PASSED] - setText(findTestObject("Pruebas_Hoja_de_Vida/Nueva_sección/textarea_Texto Confirmar_seccion_formtabmensaje_aceptacion"), "PRUEBA"): Text 'PRUEBA' is set on object 'Object Repository/Pruebas_Hoja_de_Vida/Nueva_sección/textarea_Texto Confirmar_seccion_formtabmensaje_aceptacion'

2022-01-13 10:59:38 - [MESSAGE][PASSED] - Text 'PRUEBA' is set on object 'Object Repository/Pruebas_Hoja_de_Vida/Nueva_sección/textarea_Texto Confirmar_seccion_formtabmensaje_aceptacion'

2022-01-13 10:59:38 - [TEST_STEP][PASSED] - selectOptionByIndex(findTestObject("Pruebas_Hoja_de_Vida/Nueva_sección/select_SeleccioneMultiplex AnexosNo solicitarnico anexo"), "2"): All options with index in [2] are selected on object 'Object Repository/Pruebas_Hoja_de_Vida/Nueva_sección/select_SeleccioneMultiplex AnexosNo solicitarnico anexo'

2022-01-13 10:59:39 - [MESSAGE][PASSED] - All options with index in [2] are selected on object 'Object Repository/Pruebas_Hoja_de_Vida/Nueva_sección/select_SeleccioneMultiplex AnexosNo solicitarnico anexo'

2022-01-13 10:59:39 - [TEST_STEP][PASSED] - selectOptionByIndex(findTestObject("Pruebas_Hoja_de_Vida/Nueva_sección/select_SeleccioneSiNo"), "1"): All options with index in [1] are selected on object 'Object Repository/Pruebas_Hoja_de_Vida/Nueva_sección/select_SeleccioneSiNo'

2022-01-13 10:59:41 - [MESSAGE][PASSED] - All options with index in [1] are selected on object 'Object Repository/Pruebas_Hoja_de_Vida/Nueva_sección/select_SeleccioneSiNo'

2022-01-13 10:59:41 - [TEST_STEP][PASSED] - setText(findTestObject("Pruebas_Hoja_de_Vida/Nueva_sección/input_Externo_seccion_formtabexterno"), "PRUEBA"): Text 'PRUEBA' is set on object 'Object Repository/Pruebas_Hoja_de_Vida/Nueva_sección/input_Externo_seccion_formtabexterno'

2022-01-13 10:59:41 - [MESSAGE][PASSED] - Text 'PRUEBA' is set on object 'Object Repository/Pruebas_Hoja_de_Vida/Nueva_sección/input_Externo_seccion_formtabexterno'

2022-01-13 10:59:41 - [TEST_STEP][PASSED] - click(findTestObject("Pruebas_Hoja_de_Vida/Nueva_sección/a_Guardar")): Object: 'Object Repository/Pruebas_Hoja_de_Vida/Nueva_sección/a_Guardar' is clicked on

2022-01-13 10:59:42 - [MESSAGE][PASSED] - Object: 'Object Repository/Pruebas_Hoja_de_Vida/Nueva_sección/a_Guardar' is clicked on

2022-01-13 10:59:42 - [TEST_STEP][PASSED] - closeBrowser(): Browser is closed

2022-01-13 10:59:42 - [MESSAGE][PASSED] - Browser is closed]]></system-out>
         <system-err><![CDATA[]]></system-err>
      </testcase>
      <testcase name="Test Cases/2.1-Pruebas_Hoja_de_Vida/2.1.2-Nuevo_Formulario_Hoja_de_vida" time="18.705" classname="Test Cases/2.1-Pruebas_Hoja_de_Vida/2.1.2-Nuevo_Formulario_Hoja_de_vida" status="PASSED">
         <system-out><![CDATA[2022-01-13 10:59:42 - [TEST_CASE][PASSED] - Test Cases/2.1-Pruebas_Hoja_de_Vida/2.1.2-Nuevo_Formulario_Hoja_de_vida: Test Cases/2.1-Pruebas_Hoja_de_Vida/2.1.2-Nuevo_Formulario_Hoja_de_vida

2022-01-13 10:59:43 - [TEST_STEP][PASSED] - callTestCase(findTestCase("0.1-Login"), [:], STOP_ON_FAILURE): Call Test Case 'Test Cases/0.1-Login' successfully

2022-01-13 10:59:43 - [TEST_CASE][PASSED] - Test Cases/0.1-Login: Test Cases/0.1-Login

2022-01-13 10:59:43 - [TEST_STEP][PASSED] - openBrowser(""): Browser is opened with url: ''

2022-01-13 10:59:43 - [MESSAGE][INFO] - Starting 'Chrome' driver

2022-01-13 10:59:43 - [MESSAGE][INFO] - Action delay is set to 0 milliseconds

2022-01-13 10:59:44 - [MESSAGE][PASSED] - Browser is opened with url: ''

2022-01-13 10:59:44 - [TEST_STEP][PASSED] - maximizeWindow(): Current window maximized

2022-01-13 10:59:44 - [MESSAGE][PASSED] - Current window maximized

2022-01-13 10:59:44 - [TEST_STEP][PASSED] - i = G_Login: null

2022-01-13 10:59:44 - [TEST_STEP][PASSED] - url = new java.net.URL(i): null

2022-01-13 10:59:44 - [TEST_STEP][PASSED] - println("URL: " + url.toString()): null

2022-01-13 10:59:44 - [TEST_STEP][PASSED] - connection = url.openConnection(): null

2022-01-13 10:59:44 - [TEST_STEP][PASSED] - connection.setRequestMethod("GET"): null

2022-01-13 10:59:44 - [TEST_STEP][PASSED] - connection.setReadTimeout(2 * 1000): null

2022-01-13 10:59:44 - [TEST_STEP][PASSED] - try: null

2022-01-13 10:59:44 - [TEST_STEP][PASSED] - connection.connect(): null

2022-01-13 10:59:44 - [TEST_STEP][PASSED] - flag = connected: null

2022-01-13 10:59:44 - [TEST_STEP][PASSED] - println("Valor_ori: " + flag): null

2022-01-13 10:59:44 - [TEST_STEP][PASSED] - if (flag): null

2022-01-13 10:59:44 - [TEST_STEP][PASSED] - navigateToUrl(i): Navigate to 'http://192.168.2.80:8380/saraweb' successfully

2022-01-13 10:59:45 - [MESSAGE][PASSED] - Navigate to 'http://192.168.2.80:8380/saraweb' successfully

2022-01-13 10:59:45 - [TEST_STEP][PASSED] - a(): null

2022-01-13 10:59:45 - [TEST_STEP][PASSED] - setText(findTestObject("Login/input_USUARIO_loginusuario"), G_Usuario): Text 'saraadmin' is set on object 'Object Repository/Login/input_USUARIO_loginusuario'

2022-01-13 10:59:46 - [MESSAGE][PASSED] - Text 'saraadmin' is set on object 'Object Repository/Login/input_USUARIO_loginusuario'

2022-01-13 10:59:46 - [TEST_STEP][PASSED] - setEncryptedText(findTestObject("Login/input_CLAVE_loginpassword"), "MkG4/TYiCFC3cb2driP7+Q=="): Text ****** has been set on object 'Object Repository/Login/input_CLAVE_loginpassword'

2022-01-13 10:59:47 - [MESSAGE][PASSED] - Text ****** has been set on object 'Object Repository/Login/input_CLAVE_loginpassword'

2022-01-13 10:59:47 - [TEST_STEP][PASSED] - waitForElementClickable(findTestObject("Login/a_Ingresar"), G_TimeOut): Object 'Object Repository/Login/a_Ingresar' is clickable

2022-01-13 10:59:47 - [MESSAGE][PASSED] - Object 'Object Repository/Login/a_Ingresar' is clickable

2022-01-13 10:59:47 - [TEST_STEP][PASSED] - click(findTestObject("Login/a_Ingresar")): Object: 'Object Repository/Login/a_Ingresar' is clicked on

2022-01-13 10:59:49 - [MESSAGE][PASSED] - Object: 'Object Repository/Login/a_Ingresar' is clicked on

2022-01-13 10:59:49 - [TEST_STEP][PASSED] - element = findWebElement(findTestObject("Login/a_Ir"), 30): null

2022-01-13 10:59:50 - [TEST_STEP][PASSED] - executeJavaScript("arguments[0].click()", Arrays.asList(element)): Execute JavaScript 'arguments[0].click()' successfully

2022-01-13 10:59:50 - [MESSAGE][PASSED] - Execute JavaScript 'arguments[0].click()' successfully

2022-01-13 10:59:50 - [MESSAGE][PASSED] - Call Test Case 'Test Cases/0.1-Login' successfully

2022-01-13 10:59:50 - [TEST_STEP][PASSED] - click(findTestObject("Pruebas_Hoja_de_Vida/Nuevo_Formulario_Hoja_de_vida1/input_Secciones_form_templatej_idt286j_idt29")): Object: 'Object Repository/Pruebas_Hoja_de_Vida/Nuevo_Formulario_Hoja_de_vida1/input_Secciones_form_templatej_idt286j_idt29' is clicked on

2022-01-13 10:59:51 - [MESSAGE][PASSED] - Object: 'Object Repository/Pruebas_Hoja_de_Vida/Nuevo_Formulario_Hoja_de_vida1/input_Secciones_form_templatej_idt286j_idt29' is clicked on

2022-01-13 10:59:51 - [TEST_STEP][PASSED] - click(findTestObject("Pruebas_Hoja_de_Vida/Nuevo_Formulario_Hoja_de_vida1/a_ADMINISTRADOR DEL SISTEMA - SARA_cerrar_menu")): Object: 'Object Repository/Pruebas_Hoja_de_Vida/Nuevo_Formulario_Hoja_de_vida1/a_ADMINISTRADOR DEL SISTEMA - SARA_cerrar_menu' is clicked on

2022-01-13 10:59:52 - [MESSAGE][PASSED] - Object: 'Object Repository/Pruebas_Hoja_de_Vida/Nuevo_Formulario_Hoja_de_vida1/a_ADMINISTRADOR DEL SISTEMA - SARA_cerrar_menu' is clicked on

2022-01-13 10:59:52 - [TEST_STEP][PASSED] - click(findTestObject("Pruebas_Hoja_de_Vida/Nuevo_Formulario_Hoja_de_vida1/label_Parametros de Formularios")): Object: 'Object Repository/Pruebas_Hoja_de_Vida/Nuevo_Formulario_Hoja_de_vida1/label_Parametros de Formularios' is clicked on

2022-01-13 10:59:52 - [MESSAGE][PASSED] - Object: 'Object Repository/Pruebas_Hoja_de_Vida/Nuevo_Formulario_Hoja_de_vida1/label_Parametros de Formularios' is clicked on

2022-01-13 10:59:52 - [TEST_STEP][PASSED] - click(findTestObject("Pruebas_Hoja_de_Vida/Nuevo_Formulario_Hoja_de_vida1/a_Formulario")): Object: 'Object Repository/Pruebas_Hoja_de_Vida/Nuevo_Formulario_Hoja_de_vida1/a_Formulario' is clicked on

2022-01-13 10:59:53 - [MESSAGE][PASSED] - Object: 'Object Repository/Pruebas_Hoja_de_Vida/Nuevo_Formulario_Hoja_de_vida1/a_Formulario' is clicked on

2022-01-13 10:59:53 - [TEST_STEP][PASSED] - setText(findTestObject("Pruebas_Hoja_de_Vida/Nuevo_Formulario_Hoja_de_vida1/input_Nueva Hoja Vida_form_formularioj_idt61"), "prueba"): Text 'prueba' is set on object 'Object Repository/Pruebas_Hoja_de_Vida/Nuevo_Formulario_Hoja_de_vida1/input_Nueva Hoja Vida_form_formularioj_idt61'

2022-01-13 10:59:54 - [MESSAGE][PASSED] - Text 'prueba' is set on object 'Object Repository/Pruebas_Hoja_de_Vida/Nuevo_Formulario_Hoja_de_vida1/input_Nueva Hoja Vida_form_formularioj_idt61'

2022-01-13 10:59:54 - [TEST_STEP][PASSED] - sendKeys(findTestObject("Pruebas_Hoja_de_Vida/Nuevo_Formulario_Hoja_de_vida1/input_Nueva Hoja Vida_form_formularioj_idt61"), Keys.chord(ENTER)): Keys 'ENTER + ' sent to object: 'Object Repository/Pruebas_Hoja_de_Vida/Nuevo_Formulario_Hoja_de_vida1/input_Nueva Hoja Vida_form_formularioj_idt61'

2022-01-13 10:59:55 - [MESSAGE][PASSED] - Keys 'ENTER + ' sent to object: 'Object Repository/Pruebas_Hoja_de_Vida/Nuevo_Formulario_Hoja_de_vida1/input_Nueva Hoja Vida_form_formularioj_idt61'

2022-01-13 10:59:55 - [TEST_STEP][PASSED] - if (waitForElementClickable(findTestObject("Pruebas_Hoja_de_Vida/Nuevo_Formulario_Hoja_de_vida1/span_Prueba"), 1)): null

2022-01-13 10:59:55 - [MESSAGE][PASSED] - Object 'Object Repository/Pruebas_Hoja_de_Vida/Nuevo_Formulario_Hoja_de_vida1/span_Prueba' is clickable

2022-01-13 10:59:55 - [TEST_STEP][PASSED] - click(findTestObject("Pruebas_Hoja_de_Vida/Nuevo_Formulario_Hoja_de_vida1/span_Prueba")): Object: 'Object Repository/Pruebas_Hoja_de_Vida/Nuevo_Formulario_Hoja_de_vida1/span_Prueba' is clicked on

2022-01-13 10:59:56 - [MESSAGE][PASSED] - Object: 'Object Repository/Pruebas_Hoja_de_Vida/Nuevo_Formulario_Hoja_de_vida1/span_Prueba' is clicked on

2022-01-13 10:59:56 - [TEST_STEP][PASSED] - click(findTestObject("Pruebas_Hoja_de_Vida/Nuevo_Formulario_Hoja_de_vida1/a_Eliminar")): Object: 'Object Repository/Pruebas_Hoja_de_Vida/Nuevo_Formulario_Hoja_de_vida1/a_Eliminar' is clicked on

2022-01-13 10:59:56 - [MESSAGE][PASSED] - Object: 'Object Repository/Pruebas_Hoja_de_Vida/Nuevo_Formulario_Hoja_de_vida1/a_Eliminar' is clicked on

2022-01-13 10:59:56 - [TEST_STEP][PASSED] - click(findTestObject("Pruebas_Hoja_de_Vida/Nuevo_Formulario_Hoja_de_vida1/a_Aceptar_Eliminar")): Object: 'Object Repository/Pruebas_Hoja_de_Vida/Nuevo_Formulario_Hoja_de_vida1/a_Aceptar_Eliminar' is clicked on

2022-01-13 10:59:58 - [MESSAGE][PASSED] - Object: 'Object Repository/Pruebas_Hoja_de_Vida/Nuevo_Formulario_Hoja_de_vida1/a_Aceptar_Eliminar' is clicked on

2022-01-13 10:59:58 - [TEST_STEP][PASSED] - click(findTestObject("Pruebas_Hoja_de_Vida/Nuevo_Formulario_Hoja_de_vida1/a_Nuevo")): Object: 'Object Repository/Pruebas_Hoja_de_Vida/Nuevo_Formulario_Hoja_de_vida1/a_Nuevo' is clicked on

2022-01-13 10:59:58 - [MESSAGE][PASSED] - Object: 'Object Repository/Pruebas_Hoja_de_Vida/Nuevo_Formulario_Hoja_de_vida1/a_Nuevo' is clicked on

2022-01-13 10:59:58 - [TEST_STEP][PASSED] - setText(findTestObject("Pruebas_Hoja_de_Vida/Nuevo_Formulario_Hoja_de_vida1/input_Nombre_form_formularionombre"), "prueba"): Text 'prueba' is set on object 'Object Repository/Pruebas_Hoja_de_Vida/Nuevo_Formulario_Hoja_de_vida1/input_Nombre_form_formularionombre'

2022-01-13 10:59:59 - [MESSAGE][PASSED] - Text 'prueba' is set on object 'Object Repository/Pruebas_Hoja_de_Vida/Nuevo_Formulario_Hoja_de_vida1/input_Nombre_form_formularionombre'

2022-01-13 10:59:59 - [TEST_STEP][PASSED] - setText(findTestObject("Pruebas_Hoja_de_Vida/Nuevo_Formulario_Hoja_de_vida1/input_Cdigo_form_formulariomodulo"), "123"): Text '123' is set on object 'Object Repository/Pruebas_Hoja_de_Vida/Nuevo_Formulario_Hoja_de_vida1/input_Cdigo_form_formulariomodulo'

2022-01-13 11:00:00 - [MESSAGE][PASSED] - Text '123' is set on object 'Object Repository/Pruebas_Hoja_de_Vida/Nuevo_Formulario_Hoja_de_vida1/input_Cdigo_form_formulariomodulo'

2022-01-13 11:00:00 - [TEST_STEP][PASSED] - click(findTestObject("Pruebas_Hoja_de_Vida/Nuevo_Formulario_Hoja_de_vida1/a_Guardar")): Object: 'Object Repository/Pruebas_Hoja_de_Vida/Nuevo_Formulario_Hoja_de_vida1/a_Guardar' is clicked on

2022-01-13 11:00:00 - [MESSAGE][PASSED] - Object: 'Object Repository/Pruebas_Hoja_de_Vida/Nuevo_Formulario_Hoja_de_vida1/a_Guardar' is clicked on

2022-01-13 11:00:00 - [TEST_STEP][PASSED] - closeBrowser(): Browser is closed

2022-01-13 11:00:01 - [MESSAGE][PASSED] - Browser is closed]]></system-out>
         <system-err><![CDATA[]]></system-err>
      </testcase>
      <testcase name="Test Cases/2.1-Pruebas_Hoja_de_Vida/2.1.3-Crear_Nueva_Tipo_de_Hoja" time="22.913" classname="Test Cases/2.1-Pruebas_Hoja_de_Vida/2.1.3-Crear_Nueva_Tipo_de_Hoja" status="PASSED">
         <system-out><![CDATA[2022-01-13 11:00:01 - [TEST_CASE][PASSED] - Test Cases/2.1-Pruebas_Hoja_de_Vida/2.1.3-Crear_Nueva_Tipo_de_Hoja: Test Cases/2.1-Pruebas_Hoja_de_Vida/2.1.3-Crear_Nueva_Tipo_de_Hoja

2022-01-13 11:00:02 - [TEST_STEP][PASSED] - callTestCase(findTestCase("0.1-Login"), [:], STOP_ON_FAILURE): Call Test Case 'Test Cases/0.1-Login' successfully

2022-01-13 11:00:02 - [TEST_CASE][PASSED] - Test Cases/0.1-Login: Test Cases/0.1-Login

2022-01-13 11:00:02 - [TEST_STEP][PASSED] - openBrowser(""): Browser is opened with url: ''

2022-01-13 11:00:02 - [MESSAGE][INFO] - Starting 'Chrome' driver

2022-01-13 11:00:02 - [MESSAGE][INFO] - Action delay is set to 0 milliseconds

2022-01-13 11:00:03 - [MESSAGE][PASSED] - Browser is opened with url: ''

2022-01-13 11:00:03 - [TEST_STEP][PASSED] - maximizeWindow(): Current window maximized

2022-01-13 11:00:03 - [MESSAGE][PASSED] - Current window maximized

2022-01-13 11:00:03 - [TEST_STEP][PASSED] - i = G_Login: null

2022-01-13 11:00:03 - [TEST_STEP][PASSED] - url = new java.net.URL(i): null

2022-01-13 11:00:03 - [TEST_STEP][PASSED] - println("URL: " + url.toString()): null

2022-01-13 11:00:03 - [TEST_STEP][PASSED] - connection = url.openConnection(): null

2022-01-13 11:00:03 - [TEST_STEP][PASSED] - connection.setRequestMethod("GET"): null

2022-01-13 11:00:03 - [TEST_STEP][PASSED] - connection.setReadTimeout(2 * 1000): null

2022-01-13 11:00:03 - [TEST_STEP][PASSED] - try: null

2022-01-13 11:00:03 - [TEST_STEP][PASSED] - connection.connect(): null

2022-01-13 11:00:03 - [TEST_STEP][PASSED] - flag = connected: null

2022-01-13 11:00:03 - [TEST_STEP][PASSED] - println("Valor_ori: " + flag): null

2022-01-13 11:00:03 - [TEST_STEP][PASSED] - if (flag): null

2022-01-13 11:00:03 - [TEST_STEP][PASSED] - navigateToUrl(i): Navigate to 'http://192.168.2.80:8380/saraweb' successfully

2022-01-13 11:00:04 - [MESSAGE][PASSED] - Navigate to 'http://192.168.2.80:8380/saraweb' successfully

2022-01-13 11:00:04 - [TEST_STEP][PASSED] - a(): null

2022-01-13 11:00:04 - [TEST_STEP][PASSED] - setText(findTestObject("Login/input_USUARIO_loginusuario"), G_Usuario): Text 'saraadmin' is set on object 'Object Repository/Login/input_USUARIO_loginusuario'

2022-01-13 11:00:04 - [MESSAGE][PASSED] - Text 'saraadmin' is set on object 'Object Repository/Login/input_USUARIO_loginusuario'

2022-01-13 11:00:04 - [TEST_STEP][PASSED] - setEncryptedText(findTestObject("Login/input_CLAVE_loginpassword"), "MkG4/TYiCFC3cb2driP7+Q=="): Text ****** has been set on object 'Object Repository/Login/input_CLAVE_loginpassword'

2022-01-13 11:00:05 - [MESSAGE][PASSED] - Text ****** has been set on object 'Object Repository/Login/input_CLAVE_loginpassword'

2022-01-13 11:00:05 - [TEST_STEP][PASSED] - waitForElementClickable(findTestObject("Login/a_Ingresar"), G_TimeOut): Object 'Object Repository/Login/a_Ingresar' is clickable

2022-01-13 11:00:05 - [MESSAGE][PASSED] - Object 'Object Repository/Login/a_Ingresar' is clickable

2022-01-13 11:00:05 - [TEST_STEP][PASSED] - click(findTestObject("Login/a_Ingresar")): Object: 'Object Repository/Login/a_Ingresar' is clicked on

2022-01-13 11:00:08 - [MESSAGE][PASSED] - Object: 'Object Repository/Login/a_Ingresar' is clicked on

2022-01-13 11:00:08 - [TEST_STEP][PASSED] - element = findWebElement(findTestObject("Login/a_Ir"), 30): null

2022-01-13 11:00:09 - [TEST_STEP][PASSED] - executeJavaScript("arguments[0].click()", Arrays.asList(element)): Execute JavaScript 'arguments[0].click()' successfully

2022-01-13 11:00:09 - [MESSAGE][PASSED] - Execute JavaScript 'arguments[0].click()' successfully

2022-01-13 11:00:09 - [MESSAGE][PASSED] - Call Test Case 'Test Cases/0.1-Login' successfully

2022-01-13 11:00:09 - [TEST_STEP][PASSED] - setText(findTestObject("Pruebas_Hoja_de_Vida/Crear_Nueva_Tipo_de_Hoja/input_Empresa 1_form_templatej_idt24_input"), "Tipo de Hoja"): Text 'Tipo de Hoja' is set on object 'Object Repository/Pruebas_Hoja_de_Vida/Crear_Nueva_Tipo_de_Hoja/input_Empresa 1_form_templatej_idt24_input'

2022-01-13 11:00:10 - [MESSAGE][PASSED] - Text 'Tipo de Hoja' is set on object 'Object Repository/Pruebas_Hoja_de_Vida/Crear_Nueva_Tipo_de_Hoja/input_Empresa 1_form_templatej_idt24_input'

2022-01-13 11:00:10 - [TEST_STEP][PASSED] - click(findTestObject("Pruebas_Hoja_de_Vida/Crear_Nueva_Tipo_de_Hoja/span_Tipo de Hoja")): Object: 'Object Repository/Pruebas_Hoja_de_Vida/Crear_Nueva_Tipo_de_Hoja/span_Tipo de Hoja' is clicked on

2022-01-13 11:00:12 - [MESSAGE][PASSED] - Object: 'Object Repository/Pruebas_Hoja_de_Vida/Crear_Nueva_Tipo_de_Hoja/span_Tipo de Hoja' is clicked on

2022-01-13 11:00:12 - [TEST_STEP][PASSED] - if (waitForElementClickable(findTestObject("Pruebas_Hoja_de_Vida/Crear_Nueva_Tipo_de_Hoja/span_P1"), 1)): null

2022-01-13 11:00:13 - [MESSAGE][PASSED] - Object 'Object Repository/Pruebas_Hoja_de_Vida/Crear_Nueva_Tipo_de_Hoja/span_P1' is clickable

2022-01-13 11:00:13 - [TEST_STEP][PASSED] - click(findTestObject("Pruebas_Hoja_de_Vida/Crear_Nueva_Tipo_de_Hoja/span_P1")): Object: 'Object Repository/Pruebas_Hoja_de_Vida/Crear_Nueva_Tipo_de_Hoja/span_P1' is clicked on

2022-01-13 11:00:13 - [MESSAGE][PASSED] - Object: 'Object Repository/Pruebas_Hoja_de_Vida/Crear_Nueva_Tipo_de_Hoja/span_P1' is clicked on

2022-01-13 11:00:13 - [TEST_STEP][PASSED] - click(findTestObject("Pruebas_Hoja_de_Vida/Crear_Nueva_Tipo_de_Hoja/a_Eliminar")): Object: 'Object Repository/Pruebas_Hoja_de_Vida/Crear_Nueva_Tipo_de_Hoja/a_Eliminar' is clicked on

2022-01-13 11:00:14 - [MESSAGE][PASSED] - Object: 'Object Repository/Pruebas_Hoja_de_Vida/Crear_Nueva_Tipo_de_Hoja/a_Eliminar' is clicked on

2022-01-13 11:00:14 - [TEST_STEP][PASSED] - click(findTestObject("Pruebas_Hoja_de_Vida/Crear_Nueva_Tipo_de_Hoja/a_Aceptar")): Object: 'Object Repository/Pruebas_Hoja_de_Vida/Crear_Nueva_Tipo_de_Hoja/a_Aceptar' is clicked on

2022-01-13 11:00:15 - [MESSAGE][PASSED] - Object: 'Object Repository/Pruebas_Hoja_de_Vida/Crear_Nueva_Tipo_de_Hoja/a_Aceptar' is clicked on

2022-01-13 11:00:15 - [TEST_STEP][PASSED] - click(findTestObject("Pruebas_Hoja_de_Vida/Crear_Nueva_Tipo_de_Hoja/a_Nuevo")): Object: 'Object Repository/Pruebas_Hoja_de_Vida/Crear_Nueva_Tipo_de_Hoja/a_Nuevo' is clicked on

2022-01-13 11:00:16 - [MESSAGE][PASSED] - Object: 'Object Repository/Pruebas_Hoja_de_Vida/Crear_Nueva_Tipo_de_Hoja/a_Nuevo' is clicked on

2022-01-13 11:00:16 - [TEST_STEP][PASSED] - setText(findTestObject("Pruebas_Hoja_de_Vida/Crear_Nueva_Tipo_de_Hoja/input_Tipo Relacin Hoja_form_tipohojavinculacion"), "P1"): Text 'P1' is set on object 'Object Repository/Pruebas_Hoja_de_Vida/Crear_Nueva_Tipo_de_Hoja/input_Tipo Relacin Hoja_form_tipohojavinculacion'

2022-01-13 11:00:17 - [MESSAGE][PASSED] - Text 'P1' is set on object 'Object Repository/Pruebas_Hoja_de_Vida/Crear_Nueva_Tipo_de_Hoja/input_Tipo Relacin Hoja_form_tipohojavinculacion'

2022-01-13 11:00:17 - [TEST_STEP][PASSED] - setText(findTestObject("Pruebas_Hoja_de_Vida/Crear_Nueva_Tipo_de_Hoja/input_Descripcin_form_tipohojadescripcion"), "prueba"): Text 'prueba' is set on object 'Object Repository/Pruebas_Hoja_de_Vida/Crear_Nueva_Tipo_de_Hoja/input_Descripcin_form_tipohojadescripcion'

2022-01-13 11:00:18 - [MESSAGE][PASSED] - Text 'prueba' is set on object 'Object Repository/Pruebas_Hoja_de_Vida/Crear_Nueva_Tipo_de_Hoja/input_Descripcin_form_tipohojadescripcion'

2022-01-13 11:00:18 - [TEST_STEP][PASSED] - click(findTestObject("Pruebas_Hoja_de_Vida/Crear_Nueva_Tipo_de_Hoja/label_No_Novedad Directa")): Object: 'Object Repository/Pruebas_Hoja_de_Vida/Crear_Nueva_Tipo_de_Hoja/label_No_Novedad Directa' is clicked on

2022-01-13 11:00:18 - [MESSAGE][PASSED] - Object: 'Object Repository/Pruebas_Hoja_de_Vida/Crear_Nueva_Tipo_de_Hoja/label_No_Novedad Directa' is clicked on

2022-01-13 11:00:18 - [TEST_STEP][PASSED] - click(findTestObject("Pruebas_Hoja_de_Vida/Crear_Nueva_Tipo_de_Hoja/label_Si_Crear Hoja")): Object: 'Object Repository/Pruebas_Hoja_de_Vida/Crear_Nueva_Tipo_de_Hoja/label_Si_Crear Hoja' is clicked on

2022-01-13 11:00:19 - [MESSAGE][PASSED] - Object: 'Object Repository/Pruebas_Hoja_de_Vida/Crear_Nueva_Tipo_de_Hoja/label_Si_Crear Hoja' is clicked on

2022-01-13 11:00:19 - [TEST_STEP][PASSED] - click(findTestObject("Pruebas_Hoja_de_Vida/Crear_Nueva_Tipo_de_Hoja/label_No_Novedad Aprobada")): Object: 'Object Repository/Pruebas_Hoja_de_Vida/Crear_Nueva_Tipo_de_Hoja/label_No_Novedad Aprobada' is clicked on

2022-01-13 11:00:19 - [MESSAGE][PASSED] - Object: 'Object Repository/Pruebas_Hoja_de_Vida/Crear_Nueva_Tipo_de_Hoja/label_No_Novedad Aprobada' is clicked on

2022-01-13 11:00:19 - [TEST_STEP][PASSED] - click(findTestObject("Pruebas_Hoja_de_Vida/Crear_Nueva_Tipo_de_Hoja/label_No_Novedad Rechazada")): Object: 'Object Repository/Pruebas_Hoja_de_Vida/Crear_Nueva_Tipo_de_Hoja/label_No_Novedad Rechazada' is clicked on

2022-01-13 11:00:19 - [MESSAGE][PASSED] - Object: 'Object Repository/Pruebas_Hoja_de_Vida/Crear_Nueva_Tipo_de_Hoja/label_No_Novedad Rechazada' is clicked on

2022-01-13 11:00:19 - [TEST_STEP][PASSED] - selectOptionByIndex(findTestObject("Pruebas_Hoja_de_Vida/Crear_Nueva_Tipo_de_Hoja/select_Formulario Asociados"), 8): All options with index in [8] are selected on object 'Object Repository/Pruebas_Hoja_de_Vida/Crear_Nueva_Tipo_de_Hoja/select_Formulario Asociados'

2022-01-13 11:00:20 - [MESSAGE][PASSED] - All options with index in [8] are selected on object 'Object Repository/Pruebas_Hoja_de_Vida/Crear_Nueva_Tipo_de_Hoja/select_Formulario Asociados'

2022-01-13 11:00:20 - [TEST_STEP][PASSED] - selectOptionByIndex(findTestObject("Pruebas_Hoja_de_Vida/Crear_Nueva_Tipo_de_Hoja/select_Hoja Asociar"), 3): All options with index in [3] are selected on object 'Object Repository/Pruebas_Hoja_de_Vida/Crear_Nueva_Tipo_de_Hoja/select_Hoja Asociar'

2022-01-13 11:00:22 - [MESSAGE][PASSED] - All options with index in [3] are selected on object 'Object Repository/Pruebas_Hoja_de_Vida/Crear_Nueva_Tipo_de_Hoja/select_Hoja Asociar'

2022-01-13 11:00:22 - [TEST_STEP][PASSED] - selectOptionByIndex(findTestObject("Pruebas_Hoja_de_Vida/Crear_Nueva_Tipo_de_Hoja/select_Gestion Periodo"), 2): All options with index in [2] are selected on object 'Object Repository/Pruebas_Hoja_de_Vida/Crear_Nueva_Tipo_de_Hoja/select_Gestion Periodo'

2022-01-13 11:00:23 - [MESSAGE][PASSED] - All options with index in [2] are selected on object 'Object Repository/Pruebas_Hoja_de_Vida/Crear_Nueva_Tipo_de_Hoja/select_Gestion Periodo'

2022-01-13 11:00:23 - [TEST_STEP][PASSED] - selectOptionByIndex(findTestObject("Pruebas_Hoja_de_Vida/Crear_Nueva_Tipo_de_Hoja/select_Modo"), 1): All options with index in [1] are selected on object 'Object Repository/Pruebas_Hoja_de_Vida/Crear_Nueva_Tipo_de_Hoja/select_Modo'

2022-01-13 11:00:24 - [MESSAGE][PASSED] - All options with index in [1] are selected on object 'Object Repository/Pruebas_Hoja_de_Vida/Crear_Nueva_Tipo_de_Hoja/select_Modo'

2022-01-13 11:00:24 - [TEST_STEP][PASSED] - click(findTestObject("Pruebas_Hoja_de_Vida/Crear_Nueva_Tipo_de_Hoja/a_Guardar")): Object: 'Object Repository/Pruebas_Hoja_de_Vida/Crear_Nueva_Tipo_de_Hoja/a_Guardar' is clicked on

2022-01-13 11:00:24 - [MESSAGE][PASSED] - Object: 'Object Repository/Pruebas_Hoja_de_Vida/Crear_Nueva_Tipo_de_Hoja/a_Guardar' is clicked on]]></system-out>
         <system-err><![CDATA[]]></system-err>
      </testcase>
      <testcase name="Test Cases/2.1-Pruebas_Hoja_de_Vida/2.1.4-Crear_Nueva_Hoja_de_Vida" time="34.685" classname="Test Cases/2.1-Pruebas_Hoja_de_Vida/2.1.4-Crear_Nueva_Hoja_de_Vida" status="PASSED">
         <system-out><![CDATA[2022-01-13 11:00:24 - [TEST_CASE][PASSED] - Test Cases/2.1-Pruebas_Hoja_de_Vida/2.1.4-Crear_Nueva_Hoja_de_Vida: Test Cases/2.1-Pruebas_Hoja_de_Vida/2.1.4-Crear_Nueva_Hoja_de_Vida

2022-01-13 11:00:24 - [TEST_STEP][PASSED] - callTestCase(findTestCase("1.1-Tareas Principales/1.1.1-Crear Nueva Hoja de Vida"), [:], STOP_ON_FAILURE): Call Test Case 'Test Cases/1.1-Tareas Principales/1.1.1-Crear Nueva Hoja de Vida' successfully

2022-01-13 11:00:25 - [TEST_CASE][PASSED] - Test Cases/1.1-Tareas Principales/1.1.1-Crear Nueva Hoja de Vida: Test Cases/1.1-Tareas Principales/1.1.1-Crear Nueva Hoja de Vida

2022-01-13 11:00:25 - [TEST_STEP][PASSED] - random_double = Math.random() * 9999 + 999: null

2022-01-13 11:00:25 - [TEST_STEP][PASSED] - random_double = Math.round(random_double * 1000): null

2022-01-13 11:00:25 - [TEST_STEP][PASSED] - identificacion = toString().replace(".0", ""): null

2022-01-13 11:00:25 - [TEST_STEP][PASSED] - callTestCase(findTestCase("0.1-Login"), [:], STOP_ON_FAILURE): Call Test Case 'Test Cases/0.1-Login' successfully

2022-01-13 11:00:25 - [TEST_CASE][PASSED] - Test Cases/0.1-Login: Test Cases/0.1-Login

2022-01-13 11:00:25 - [TEST_STEP][PASSED] - openBrowser(""): Browser is opened with url: ''

2022-01-13 11:00:25 - [MESSAGE][WARNING] - A browser is already opened. Closing browser and opening a new one

2022-01-13 11:00:26 - [MESSAGE][INFO] - Starting 'Chrome' driver

2022-01-13 11:00:26 - [MESSAGE][INFO] - Action delay is set to 0 milliseconds

2022-01-13 11:00:27 - [MESSAGE][PASSED] - Browser is opened with url: ''

2022-01-13 11:00:27 - [TEST_STEP][PASSED] - maximizeWindow(): Current window maximized

2022-01-13 11:00:27 - [MESSAGE][PASSED] - Current window maximized

2022-01-13 11:00:27 - [TEST_STEP][PASSED] - i = G_Login: null

2022-01-13 11:00:27 - [TEST_STEP][PASSED] - url = new java.net.URL(i): null

2022-01-13 11:00:27 - [TEST_STEP][PASSED] - println("URL: " + url.toString()): null

2022-01-13 11:00:27 - [TEST_STEP][PASSED] - connection = url.openConnection(): null

2022-01-13 11:00:27 - [TEST_STEP][PASSED] - connection.setRequestMethod("GET"): null

2022-01-13 11:00:27 - [TEST_STEP][PASSED] - connection.setReadTimeout(2 * 1000): null

2022-01-13 11:00:27 - [TEST_STEP][PASSED] - try: null

2022-01-13 11:00:27 - [TEST_STEP][PASSED] - connection.connect(): null

2022-01-13 11:00:27 - [TEST_STEP][PASSED] - flag = connected: null

2022-01-13 11:00:27 - [TEST_STEP][PASSED] - println("Valor_ori: " + flag): null

2022-01-13 11:00:27 - [TEST_STEP][PASSED] - if (flag): null

2022-01-13 11:00:27 - [TEST_STEP][PASSED] - navigateToUrl(i): Navigate to 'http://192.168.2.80:8380/saraweb' successfully

2022-01-13 11:00:28 - [MESSAGE][PASSED] - Navigate to 'http://192.168.2.80:8380/saraweb' successfully

2022-01-13 11:00:28 - [TEST_STEP][PASSED] - a(): null

2022-01-13 11:00:28 - [TEST_STEP][PASSED] - setText(findTestObject("Login/input_USUARIO_loginusuario"), G_Usuario): Text 'saraadmin' is set on object 'Object Repository/Login/input_USUARIO_loginusuario'

2022-01-13 11:00:29 - [MESSAGE][PASSED] - Text 'saraadmin' is set on object 'Object Repository/Login/input_USUARIO_loginusuario'

2022-01-13 11:00:29 - [TEST_STEP][PASSED] - setEncryptedText(findTestObject("Login/input_CLAVE_loginpassword"), "MkG4/TYiCFC3cb2driP7+Q=="): Text ****** has been set on object 'Object Repository/Login/input_CLAVE_loginpassword'

2022-01-13 11:00:29 - [MESSAGE][PASSED] - Text ****** has been set on object 'Object Repository/Login/input_CLAVE_loginpassword'

2022-01-13 11:00:29 - [TEST_STEP][PASSED] - waitForElementClickable(findTestObject("Login/a_Ingresar"), G_TimeOut): Object 'Object Repository/Login/a_Ingresar' is clickable

2022-01-13 11:00:29 - [MESSAGE][PASSED] - Object 'Object Repository/Login/a_Ingresar' is clickable

2022-01-13 11:00:29 - [TEST_STEP][PASSED] - click(findTestObject("Login/a_Ingresar")): Object: 'Object Repository/Login/a_Ingresar' is clicked on

2022-01-13 11:00:32 - [MESSAGE][PASSED] - Object: 'Object Repository/Login/a_Ingresar' is clicked on

2022-01-13 11:00:32 - [TEST_STEP][PASSED] - element = findWebElement(findTestObject("Login/a_Ir"), 30): null

2022-01-13 11:00:33 - [TEST_STEP][PASSED] - executeJavaScript("arguments[0].click()", Arrays.asList(element)): Execute JavaScript 'arguments[0].click()' successfully

2022-01-13 11:00:33 - [MESSAGE][PASSED] - Execute JavaScript 'arguments[0].click()' successfully

2022-01-13 11:00:33 - [MESSAGE][PASSED] - Call Test Case 'Test Cases/0.1-Login' successfully

2022-01-13 11:00:33 - [TEST_STEP][PASSED] - waitForElementClickable(findTestObject("Modulo Tarea Listado Hojas de Vida/Crear Nueva Hoja de Vida/input_Listado Hojas De Vida_form_templatej_idt24_input"), G_TimeOut): Object 'Object Repository/Modulo Tarea Listado Hojas de Vida/Crear Nueva Hoja de Vida/input_Listado Hojas De Vida_form_templatej_idt24_input' is clickable

2022-01-13 11:00:34 - [MESSAGE][PASSED] - Object 'Object Repository/Modulo Tarea Listado Hojas de Vida/Crear Nueva Hoja de Vida/input_Listado Hojas De Vida_form_templatej_idt24_input' is clickable

2022-01-13 11:00:34 - [TEST_STEP][PASSED] - setText(findTestObject("Modulo Tarea Listado Hojas de Vida/Crear Nueva Hoja de Vida/input_Listado Hojas De Vida_form_templatej_idt24_input"), "Listado Hojas de Vida"): Text 'Listado Hojas de Vida' is set on object 'Object Repository/Modulo Tarea Listado Hojas de Vida/Crear Nueva Hoja de Vida/input_Listado Hojas De Vida_form_templatej_idt24_input'

2022-01-13 11:00:35 - [MESSAGE][PASSED] - Text 'Listado Hojas de Vida' is set on object 'Object Repository/Modulo Tarea Listado Hojas de Vida/Crear Nueva Hoja de Vida/input_Listado Hojas De Vida_form_templatej_idt24_input'

2022-01-13 11:00:35 - [TEST_STEP][PASSED] - delay(1): Delayed 1 second(s)

2022-01-13 11:00:36 - [MESSAGE][PASSED] - Delayed 1 second(s)

2022-01-13 11:00:36 - [TEST_STEP][PASSED] - sendKeys(findTestObject("Modulo Tarea Listado Hojas de Vida/Crear Nueva Hoja de Vida/input_Listado Hojas De Vida_form_templatej_idt24_input"), Keys.chord(ENTER)): Keys 'ENTER + ' sent to object: 'Object Repository/Modulo Tarea Listado Hojas de Vida/Crear Nueva Hoja de Vida/input_Listado Hojas De Vida_form_templatej_idt24_input'

2022-01-13 11:00:36 - [MESSAGE][PASSED] - Keys 'ENTER + ' sent to object: 'Object Repository/Modulo Tarea Listado Hojas de Vida/Crear Nueva Hoja de Vida/input_Listado Hojas De Vida_form_templatej_idt24_input'

2022-01-13 11:00:36 - [TEST_STEP][PASSED] - waitForElementClickable(findTestObject("Modulo Tarea Listado Hojas de Vida/Crear Nueva Hoja de Vida/a_Nueva HojaVida"), G_TimeOut): Object 'Object Repository/Modulo Tarea Listado Hojas de Vida/Crear Nueva Hoja de Vida/a_Nueva HojaVida' is clickable

2022-01-13 11:00:38 - [MESSAGE][PASSED] - Object 'Object Repository/Modulo Tarea Listado Hojas de Vida/Crear Nueva Hoja de Vida/a_Nueva HojaVida' is clickable

2022-01-13 11:00:38 - [TEST_STEP][PASSED] - click(findTestObject("Modulo Tarea Listado Hojas de Vida/Crear Nueva Hoja de Vida/a_Nueva HojaVida")): Object: 'Object Repository/Modulo Tarea Listado Hojas de Vida/Crear Nueva Hoja de Vida/a_Nueva HojaVida' is clicked on

2022-01-13 11:00:38 - [MESSAGE][PASSED] - Object: 'Object Repository/Modulo Tarea Listado Hojas de Vida/Crear Nueva Hoja de Vida/a_Nueva HojaVida' is clicked on

2022-01-13 11:00:38 - [TEST_STEP][PASSED] - waitForElementClickable(findTestObject("Modulo Tarea Listado Hojas de Vida/Crear Nueva Hoja de Vida/input_Identificacin_nuevahoja_"), 0): Object 'Object Repository/Modulo Tarea Listado Hojas de Vida/Crear Nueva Hoja de Vida/input_Identificacin_nuevahoja_' is clickable

2022-01-13 11:00:38 - [MESSAGE][WARNING] - Timeout '0' is invalid. Using default page load timeout: '30'

2022-01-13 11:00:39 - [MESSAGE][PASSED] - Object 'Object Repository/Modulo Tarea Listado Hojas de Vida/Crear Nueva Hoja de Vida/input_Identificacin_nuevahoja_' is clickable

2022-01-13 11:00:39 - [TEST_STEP][PASSED] - setText(findTestObject("Modulo Tarea Listado Hojas de Vida/Crear Nueva Hoja de Vida/input_Identificacin_nuevahoja_"), identificacion): Text '5080667' is set on object 'Object Repository/Modulo Tarea Listado Hojas de Vida/Crear Nueva Hoja de Vida/input_Identificacin_nuevahoja_'

2022-01-13 11:00:40 - [MESSAGE][PASSED] - Text '5080667' is set on object 'Object Repository/Modulo Tarea Listado Hojas de Vida/Crear Nueva Hoja de Vida/input_Identificacin_nuevahoja_'

2022-01-13 11:00:40 - [TEST_STEP][PASSED] - selectOptionByIndex(findTestObject("Modulo Tarea Listado Hojas de Vida/Crear Nueva Hoja de Vida/select_-- Seleccione --.ASPIRA"), "4"): All options with index in [4] are selected on object 'Object Repository/Modulo Tarea Listado Hojas de Vida/Crear Nueva Hoja de Vida/select_-- Seleccione --.ASPIRA'

2022-01-13 11:00:41 - [MESSAGE][PASSED] - All options with index in [4] are selected on object 'Object Repository/Modulo Tarea Listado Hojas de Vida/Crear Nueva Hoja de Vida/select_-- Seleccione --.ASPIRA'

2022-01-13 11:00:41 - [TEST_STEP][PASSED] - click(findTestObject("Modulo Tarea Listado Hojas de Vida/Crear Nueva Hoja de Vida/a_Nueva Solicitud")): Object: 'Object Repository/Modulo Tarea Listado Hojas de Vida/Crear Nueva Hoja de Vida/a_Nueva Solicitud' is clicked on

2022-01-13 11:00:41 - [MESSAGE][PASSED] - Object: 'Object Repository/Modulo Tarea Listado Hojas de Vida/Crear Nueva Hoja de Vida/a_Nueva Solicitud' is clicked on

2022-01-13 11:00:41 - [TEST_STEP][PASSED] - waitForElementPresent(findTestObject("Modulo Tarea Listado Hojas de Vida/Crear Nueva Hoja de Vida/input__hojaVidaseccionj_idt8350j_idt845"), 0): Object 'Object Repository/Modulo Tarea Listado Hojas de Vida/Crear Nueva Hoja de Vida/input__hojaVidaseccionj_idt8350j_idt845' is present

2022-01-13 11:00:41 - [MESSAGE][WARNING] - Timeout '0' is invalid. Using default page load timeout: '30'

2022-01-13 11:00:42 - [MESSAGE][PASSED] - Object 'Object Repository/Modulo Tarea Listado Hojas de Vida/Crear Nueva Hoja de Vida/input__hojaVidaseccionj_idt8350j_idt845' is present

2022-01-13 11:00:42 - [TEST_STEP][PASSED] - setText(findTestObject("Modulo Tarea Listado Hojas de Vida/Crear Nueva Hoja de Vida/input__hojaVidaseccionj_idt8350j_idt845"), identificacion): Text '5080667' is set on object 'Object Repository/Modulo Tarea Listado Hojas de Vida/Crear Nueva Hoja de Vida/input__hojaVidaseccionj_idt8350j_idt845'

2022-01-13 11:00:43 - [MESSAGE][PASSED] - Text '5080667' is set on object 'Object Repository/Modulo Tarea Listado Hojas de Vida/Crear Nueva Hoja de Vida/input__hojaVidaseccionj_idt8350j_idt845'

2022-01-13 11:00:43 - [TEST_STEP][PASSED] - setText(findTestObject("Modulo Tarea Listado Hojas de Vida/Crear Nueva Hoja de Vida/input__hojaVidaseccionj_idt8351j_idt845"), "Empleado" + identificacion): Text 'Empleado5080667' is set on object 'Object Repository/Modulo Tarea Listado Hojas de Vida/Crear Nueva Hoja de Vida/input__hojaVidaseccionj_idt8351j_idt845'

2022-01-13 11:00:44 - [MESSAGE][PASSED] - Text 'Empleado5080667' is set on object 'Object Repository/Modulo Tarea Listado Hojas de Vida/Crear Nueva Hoja de Vida/input__hojaVidaseccionj_idt8351j_idt845'

2022-01-13 11:00:44 - [TEST_STEP][PASSED] - setText(findTestObject("Modulo Tarea Listado Hojas de Vida/Crear Nueva Hoja de Vida/input__hojaVidaseccionj_idt8352j_idt845"), " Pruebas_Automaticas"): Text ' Pruebas_Automaticas' is set on object 'Object Repository/Modulo Tarea Listado Hojas de Vida/Crear Nueva Hoja de Vida/input__hojaVidaseccionj_idt8352j_idt845'

2022-01-13 11:00:44 - [MESSAGE][PASSED] - Text ' Pruebas_Automaticas' is set on object 'Object Repository/Modulo Tarea Listado Hojas de Vida/Crear Nueva Hoja de Vida/input__hojaVidaseccionj_idt8352j_idt845'

2022-01-13 11:00:44 - [TEST_STEP][PASSED] - setText(findTestObject("Modulo Tarea Listado Hojas de Vida/Crear Nueva Hoja de Vida/input__hojaVidaseccionj_idt8353fecha_input"), "30/08/1995"): Text '30/08/1995' is set on object 'Object Repository/Modulo Tarea Listado Hojas de Vida/Crear Nueva Hoja de Vida/input__hojaVidaseccionj_idt8353fecha_input'

2022-01-13 11:00:45 - [MESSAGE][PASSED] - Text '30/08/1995' is set on object 'Object Repository/Modulo Tarea Listado Hojas de Vida/Crear Nueva Hoja de Vida/input__hojaVidaseccionj_idt8353fecha_input'

2022-01-13 11:00:45 - [TEST_STEP][PASSED] - sendKeys(findTestObject("Modulo Tarea Listado Hojas de Vida/Crear Nueva Hoja de Vida/input__hojaVidaseccionj_idt8353fecha_input"), Keys.chord(ENTER)): Keys 'ENTER + ' sent to object: 'Object Repository/Modulo Tarea Listado Hojas de Vida/Crear Nueva Hoja de Vida/input__hojaVidaseccionj_idt8353fecha_input'

2022-01-13 11:00:46 - [MESSAGE][PASSED] - Keys 'ENTER + ' sent to object: 'Object Repository/Modulo Tarea Listado Hojas de Vida/Crear Nueva Hoja de Vida/input__hojaVidaseccionj_idt8353fecha_input'

2022-01-13 11:00:46 - [TEST_STEP][PASSED] - waitForElementClickable(findTestObject("Modulo Tarea Listado Hojas de Vida/Crear Nueva Hoja de Vida/a__hojaVidaseccionj_idt8354j_idt865"), G_TimeOut): Object 'Object Repository/Modulo Tarea Listado Hojas de Vida/Crear Nueva Hoja de Vida/a__hojaVidaseccionj_idt8354j_idt865' is clickable

2022-01-13 11:00:46 - [MESSAGE][PASSED] - Object 'Object Repository/Modulo Tarea Listado Hojas de Vida/Crear Nueva Hoja de Vida/a__hojaVidaseccionj_idt8354j_idt865' is clickable

2022-01-13 11:00:46 - [TEST_STEP][PASSED] - click(findTestObject("Modulo Tarea Listado Hojas de Vida/Crear Nueva Hoja de Vida/a__hojaVidaseccionj_idt8354j_idt865")): Object: 'Object Repository/Modulo Tarea Listado Hojas de Vida/Crear Nueva Hoja de Vida/a__hojaVidaseccionj_idt8354j_idt865' is clicked on

2022-01-13 11:00:46 - [MESSAGE][PASSED] - Object: 'Object Repository/Modulo Tarea Listado Hojas de Vida/Crear Nueva Hoja de Vida/a__hojaVidaseccionj_idt8354j_idt865' is clicked on

2022-01-13 11:00:46 - [TEST_STEP][PASSED] - waitForElementClickable(findTestObject("Modulo Tarea Listado Hojas de Vida/Crear Nueva Hoja de Vida/span_CEDULA CIUDADANIA"), G_TimeOut): Object 'Object Repository/Modulo Tarea Listado Hojas de Vida/Crear Nueva Hoja de Vida/span_CEDULA CIUDADANIA' is clickable

2022-01-13 11:00:48 - [MESSAGE][PASSED] - Object 'Object Repository/Modulo Tarea Listado Hojas de Vida/Crear Nueva Hoja de Vida/span_CEDULA CIUDADANIA' is clickable

2022-01-13 11:00:48 - [TEST_STEP][PASSED] - click(findTestObject("Modulo Tarea Listado Hojas de Vida/Crear Nueva Hoja de Vida/span_CEDULA CIUDADANIA")): Object: 'Object Repository/Modulo Tarea Listado Hojas de Vida/Crear Nueva Hoja de Vida/span_CEDULA CIUDADANIA' is clicked on

2022-01-13 11:00:48 - [MESSAGE][PASSED] - Object: 'Object Repository/Modulo Tarea Listado Hojas de Vida/Crear Nueva Hoja de Vida/span_CEDULA CIUDADANIA' is clicked on

2022-01-13 11:00:48 - [TEST_STEP][PASSED] - waitForElementClickable(findTestObject("Modulo Tarea Listado Hojas de Vida/Crear Nueva Hoja de Vida/input_Fecha Expedicin_hojaVidas"), G_TimeOut): Object 'Object Repository/Modulo Tarea Listado Hojas de Vida/Crear Nueva Hoja de Vida/input_Fecha Expedicin_hojaVidas' is clickable

2022-01-13 11:00:49 - [MESSAGE][PASSED] - Object 'Object Repository/Modulo Tarea Listado Hojas de Vida/Crear Nueva Hoja de Vida/input_Fecha Expedicin_hojaVidas' is clickable

2022-01-13 11:00:49 - [TEST_STEP][PASSED] - setText(findTestObject("Modulo Tarea Listado Hojas de Vida/Crear Nueva Hoja de Vida/input_Fecha Expedicin_hojaVidas"), "13/09/2013"): Text '13/09/2013' is set on object 'Object Repository/Modulo Tarea Listado Hojas de Vida/Crear Nueva Hoja de Vida/input_Fecha Expedicin_hojaVidas'

2022-01-13 11:00:50 - [MESSAGE][PASSED] - Text '13/09/2013' is set on object 'Object Repository/Modulo Tarea Listado Hojas de Vida/Crear Nueva Hoja de Vida/input_Fecha Expedicin_hojaVidas'

2022-01-13 11:00:50 - [TEST_STEP][PASSED] - sendKeys(findTestObject("Modulo Tarea Listado Hojas de Vida/Crear Nueva Hoja de Vida/input_Fecha Expedicin_hojaVidas"), Keys.chord(ENTER)): Keys 'ENTER + ' sent to object: 'Object Repository/Modulo Tarea Listado Hojas de Vida/Crear Nueva Hoja de Vida/input_Fecha Expedicin_hojaVidas'

2022-01-13 11:00:50 - [MESSAGE][PASSED] - Keys 'ENTER + ' sent to object: 'Object Repository/Modulo Tarea Listado Hojas de Vida/Crear Nueva Hoja de Vida/input_Fecha Expedicin_hojaVidas'

2022-01-13 11:00:50 - [TEST_STEP][PASSED] - selectOptionByIndex(findTestObject("Modulo Tarea Listado Hojas de Vida/Crear Nueva Hoja de Vida/select_-- Seleccione--000000ABEJORRAL"), "113"): All options with index in [113] are selected on object 'Object Repository/Modulo Tarea Listado Hojas de Vida/Crear Nueva Hoja de Vida/select_-- Seleccione--000000ABEJORRAL'

2022-01-13 11:00:53 - [MESSAGE][PASSED] - All options with index in [113] are selected on object 'Object Repository/Modulo Tarea Listado Hojas de Vida/Crear Nueva Hoja de Vida/select_-- Seleccione--000000ABEJORRAL'

2022-01-13 11:00:53 - [TEST_STEP][PASSED] - setText(findTestObject("Modulo Tarea Listado Hojas de Vida/Crear Nueva Hoja de Vida/input__hojaVidaseccionj_idt8358j_idt845"), "634564654684"): Text '634564654684' is set on object 'Object Repository/Modulo Tarea Listado Hojas de Vida/Crear Nueva Hoja de Vida/input__hojaVidaseccionj_idt8358j_idt845'

2022-01-13 11:00:54 - [MESSAGE][PASSED] - Text '634564654684' is set on object 'Object Repository/Modulo Tarea Listado Hojas de Vida/Crear Nueva Hoja de Vida/input__hojaVidaseccionj_idt8358j_idt845'

2022-01-13 11:00:54 - [TEST_STEP][PASSED] - setText(findTestObject("Modulo Tarea Listado Hojas de Vida/Crear Nueva Hoja de Vida/input__hojaVidaseccionj_idt8359j_idt845"), "noodle@gmail.com"): Text 'noodle@gmail.com' is set on object 'Object Repository/Modulo Tarea Listado Hojas de Vida/Crear Nueva Hoja de Vida/input__hojaVidaseccionj_idt8359j_idt845'

2022-01-13 11:00:55 - [MESSAGE][PASSED] - Text 'noodle@gmail.com' is set on object 'Object Repository/Modulo Tarea Listado Hojas de Vida/Crear Nueva Hoja de Vida/input__hojaVidaseccionj_idt8359j_idt845'

2022-01-13 11:00:55 - [TEST_STEP][PASSED] - selectOptionByIndex(findTestObject("Modulo Tarea Listado Hojas de Vida/Crear Nueva Hoja de Vida/select_AA-ABAB-BB-OO-"), "7"): All options with index in [7] are selected on object 'Object Repository/Modulo Tarea Listado Hojas de Vida/Crear Nueva Hoja de Vida/select_AA-ABAB-BB-OO-'

2022-01-13 11:00:56 - [MESSAGE][PASSED] - All options with index in [7] are selected on object 'Object Repository/Modulo Tarea Listado Hojas de Vida/Crear Nueva Hoja de Vida/select_AA-ABAB-BB-OO-'

2022-01-13 11:00:56 - [TEST_STEP][PASSED] - waitForElementClickable(findTestObject("Modulo Tarea Listado Hojas de Vida/Crear Nueva Hoja de Vida/a_Continuar"), G_TimeOut): Object 'Object Repository/Modulo Tarea Listado Hojas de Vida/Crear Nueva Hoja de Vida/a_Continuar' is clickable

2022-01-13 11:00:57 - [MESSAGE][PASSED] - Object 'Object Repository/Modulo Tarea Listado Hojas de Vida/Crear Nueva Hoja de Vida/a_Continuar' is clickable

2022-01-13 11:00:57 - [TEST_STEP][PASSED] - click(findTestObject("Modulo Tarea Listado Hojas de Vida/Crear Nueva Hoja de Vida/a_Continuar")): Object: 'Object Repository/Modulo Tarea Listado Hojas de Vida/Crear Nueva Hoja de Vida/a_Continuar' is clicked on

2022-01-13 11:00:57 - [MESSAGE][PASSED] - Object: 'Object Repository/Modulo Tarea Listado Hojas de Vida/Crear Nueva Hoja de Vida/a_Continuar' is clicked on

2022-01-13 11:00:57 - [TEST_STEP][PASSED] - waitForElementClickable(findTestObject("Modulo Tarea Listado Hojas de Vida/Crear Nueva Hoja de Vida/a_Aceptar"), G_TimeOut): Object 'Object Repository/Modulo Tarea Listado Hojas de Vida/Crear Nueva Hoja de Vida/a_Aceptar' is clickable

2022-01-13 11:00:58 - [MESSAGE][PASSED] - Object 'Object Repository/Modulo Tarea Listado Hojas de Vida/Crear Nueva Hoja de Vida/a_Aceptar' is clickable

2022-01-13 11:00:58 - [TEST_STEP][PASSED] - click(findTestObject("Modulo Tarea Listado Hojas de Vida/Crear Nueva Hoja de Vida/a_Aceptar"), STOP_ON_FAILURE): Object: 'Object Repository/Modulo Tarea Listado Hojas de Vida/Crear Nueva Hoja de Vida/a_Aceptar' is clicked on

2022-01-13 11:00:59 - [MESSAGE][PASSED] - Object: 'Object Repository/Modulo Tarea Listado Hojas de Vida/Crear Nueva Hoja de Vida/a_Aceptar' is clicked on

2022-01-13 11:00:59 - [TEST_STEP][PASSED] - return identificacion: null

2022-01-13 11:00:59 - [MESSAGE][PASSED] - Call Test Case 'Test Cases/1.1-Tareas Principales/1.1.1-Crear Nueva Hoja de Vida' successfully]]></system-out>
         <system-err><![CDATA[]]></system-err>
      </testcase>
      <testcase name="Test Cases/2.1-Pruebas_Hoja_de_Vida/2.1.5-Crear_Nueva_Hoja_de_Vida_(adjuntar_documento)" time="23.865" classname="Test Cases/2.1-Pruebas_Hoja_de_Vida/2.1.5-Crear_Nueva_Hoja_de_Vida_(adjuntar_documento)" status="PASSED">
         <system-out><![CDATA[2022-01-13 11:00:59 - [TEST_CASE][PASSED] - Test Cases/2.1-Pruebas_Hoja_de_Vida/2.1.5-Crear_Nueva_Hoja_de_Vida_(adjuntar_documento): Test Cases/2.1-Pruebas_Hoja_de_Vida/2.1.5-Crear_Nueva_Hoja_de_Vida_(adjuntar_documento)

2022-01-13 11:00:59 - [TEST_STEP][PASSED] - callTestCase(findTestCase("0.1-Login"), [:], STOP_ON_FAILURE): Call Test Case 'Test Cases/0.1-Login' successfully

2022-01-13 11:00:59 - [TEST_CASE][PASSED] - Test Cases/0.1-Login: Test Cases/0.1-Login

2022-01-13 11:00:59 - [TEST_STEP][PASSED] - openBrowser(""): Browser is opened with url: ''

2022-01-13 11:00:59 - [MESSAGE][WARNING] - A browser is already opened. Closing browser and opening a new one

2022-01-13 11:01:00 - [MESSAGE][INFO] - Starting 'Chrome' driver

2022-01-13 11:01:00 - [MESSAGE][INFO] - Action delay is set to 0 milliseconds

2022-01-13 11:01:01 - [MESSAGE][PASSED] - Browser is opened with url: ''

2022-01-13 11:01:01 - [TEST_STEP][PASSED] - maximizeWindow(): Current window maximized

2022-01-13 11:01:02 - [MESSAGE][PASSED] - Current window maximized

2022-01-13 11:01:02 - [TEST_STEP][PASSED] - i = G_Login: null

2022-01-13 11:01:02 - [TEST_STEP][PASSED] - url = new java.net.URL(i): null

2022-01-13 11:01:02 - [TEST_STEP][PASSED] - println("URL: " + url.toString()): null

2022-01-13 11:01:02 - [TEST_STEP][PASSED] - connection = url.openConnection(): null

2022-01-13 11:01:02 - [TEST_STEP][PASSED] - connection.setRequestMethod("GET"): null

2022-01-13 11:01:02 - [TEST_STEP][PASSED] - connection.setReadTimeout(2 * 1000): null

2022-01-13 11:01:02 - [TEST_STEP][PASSED] - try: null

2022-01-13 11:01:02 - [TEST_STEP][PASSED] - connection.connect(): null

2022-01-13 11:01:02 - [TEST_STEP][PASSED] - flag = connected: null

2022-01-13 11:01:02 - [TEST_STEP][PASSED] - println("Valor_ori: " + flag): null

2022-01-13 11:01:02 - [TEST_STEP][PASSED] - if (flag): null

2022-01-13 11:01:02 - [TEST_STEP][PASSED] - navigateToUrl(i): Navigate to 'http://192.168.2.80:8380/saraweb' successfully

2022-01-13 11:01:02 - [MESSAGE][PASSED] - Navigate to 'http://192.168.2.80:8380/saraweb' successfully

2022-01-13 11:01:02 - [TEST_STEP][PASSED] - a(): null

2022-01-13 11:01:02 - [TEST_STEP][PASSED] - setText(findTestObject("Login/input_USUARIO_loginusuario"), G_Usuario): Text 'saraadmin' is set on object 'Object Repository/Login/input_USUARIO_loginusuario'

2022-01-13 11:01:03 - [MESSAGE][PASSED] - Text 'saraadmin' is set on object 'Object Repository/Login/input_USUARIO_loginusuario'

2022-01-13 11:01:03 - [TEST_STEP][PASSED] - setEncryptedText(findTestObject("Login/input_CLAVE_loginpassword"), "MkG4/TYiCFC3cb2driP7+Q=="): Text ****** has been set on object 'Object Repository/Login/input_CLAVE_loginpassword'

2022-01-13 11:01:03 - [MESSAGE][PASSED] - Text ****** has been set on object 'Object Repository/Login/input_CLAVE_loginpassword'

2022-01-13 11:01:03 - [TEST_STEP][PASSED] - waitForElementClickable(findTestObject("Login/a_Ingresar"), G_TimeOut): Object 'Object Repository/Login/a_Ingresar' is clickable

2022-01-13 11:01:04 - [MESSAGE][PASSED] - Object 'Object Repository/Login/a_Ingresar' is clickable

2022-01-13 11:01:04 - [TEST_STEP][PASSED] - click(findTestObject("Login/a_Ingresar")): Object: 'Object Repository/Login/a_Ingresar' is clicked on

2022-01-13 11:01:07 - [MESSAGE][PASSED] - Object: 'Object Repository/Login/a_Ingresar' is clicked on

2022-01-13 11:01:07 - [TEST_STEP][PASSED] - element = findWebElement(findTestObject("Login/a_Ir"), 30): null

2022-01-13 11:01:07 - [TEST_STEP][PASSED] - executeJavaScript("arguments[0].click()", Arrays.asList(element)): Execute JavaScript 'arguments[0].click()' successfully

2022-01-13 11:01:07 - [MESSAGE][PASSED] - Execute JavaScript 'arguments[0].click()' successfully

2022-01-13 11:01:07 - [MESSAGE][PASSED] - Call Test Case 'Test Cases/0.1-Login' successfully

2022-01-13 11:01:07 - [TEST_STEP][PASSED] - click(findTestObject("Pruebas_Hoja_de_Vida/Crear_Nueva_Hoja_de_Vida_(adjuntar_documento)/input_Secciones_form_templatej_idt286j_idt29")): Object: 'Object Repository/Pruebas_Hoja_de_Vida/Crear_Nueva_Hoja_de_Vida_(adjuntar_documento)/input_Secciones_form_templatej_idt286j_idt29' is clicked on

2022-01-13 11:01:09 - [MESSAGE][PASSED] - Object: 'Object Repository/Pruebas_Hoja_de_Vida/Crear_Nueva_Hoja_de_Vida_(adjuntar_documento)/input_Secciones_form_templatej_idt286j_idt29' is clicked on

2022-01-13 11:01:09 - [TEST_STEP][PASSED] - click(findTestObject("Pruebas_Hoja_de_Vida/Crear_Nueva_Hoja_de_Vida_(adjuntar_documento)/a_ADMINISTRADOR DEL SISTEMA - SARA_cerrar_menu")): Object: 'Object Repository/Pruebas_Hoja_de_Vida/Crear_Nueva_Hoja_de_Vida_(adjuntar_documento)/a_ADMINISTRADOR DEL SISTEMA - SARA_cerrar_menu' is clicked on

2022-01-13 11:01:09 - [MESSAGE][PASSED] - Object: 'Object Repository/Pruebas_Hoja_de_Vida/Crear_Nueva_Hoja_de_Vida_(adjuntar_documento)/a_ADMINISTRADOR DEL SISTEMA - SARA_cerrar_menu' is clicked on

2022-01-13 11:01:09 - [TEST_STEP][PASSED] - waitForElementClickable(findTestObject("Pruebas_Hoja_de_Vida/Crear_Nueva_Hoja_de_Vida_(adjuntar_documento)/label_Nueva Hoja Vida"), 0): Object 'Object Repository/Pruebas_Hoja_de_Vida/Crear_Nueva_Hoja_de_Vida_(adjuntar_documento)/label_Nueva Hoja Vida' is clickable

2022-01-13 11:01:09 - [MESSAGE][WARNING] - Timeout '0' is invalid. Using default page load timeout: '30'

2022-01-13 11:01:09 - [MESSAGE][PASSED] - Object 'Object Repository/Pruebas_Hoja_de_Vida/Crear_Nueva_Hoja_de_Vida_(adjuntar_documento)/label_Nueva Hoja Vida' is clickable

2022-01-13 11:01:09 - [TEST_STEP][PASSED] - click(findTestObject("Pruebas_Hoja_de_Vida/Crear_Nueva_Hoja_de_Vida_(adjuntar_documento)/label_Nueva Hoja Vida")): Object: 'Object Repository/Pruebas_Hoja_de_Vida/Crear_Nueva_Hoja_de_Vida_(adjuntar_documento)/label_Nueva Hoja Vida' is clicked on

2022-01-13 11:01:10 - [MESSAGE][PASSED] - Object: 'Object Repository/Pruebas_Hoja_de_Vida/Crear_Nueva_Hoja_de_Vida_(adjuntar_documento)/label_Nueva Hoja Vida' is clicked on

2022-01-13 11:01:10 - [TEST_STEP][PASSED] - waitForElementClickable(findTestObject("Pruebas_Hoja_de_Vida/Crear_Nueva_Hoja_de_Vida_(adjuntar_documento)/a_Listado Hojas de Vida"), 0): Object 'Object Repository/Pruebas_Hoja_de_Vida/Crear_Nueva_Hoja_de_Vida_(adjuntar_documento)/a_Listado Hojas de Vida' is clickable

2022-01-13 11:01:10 - [MESSAGE][WARNING] - Timeout '0' is invalid. Using default page load timeout: '30'

2022-01-13 11:01:10 - [MESSAGE][PASSED] - Object 'Object Repository/Pruebas_Hoja_de_Vida/Crear_Nueva_Hoja_de_Vida_(adjuntar_documento)/a_Listado Hojas de Vida' is clickable

2022-01-13 11:01:10 - [TEST_STEP][PASSED] - click(findTestObject("Pruebas_Hoja_de_Vida/Crear_Nueva_Hoja_de_Vida_(adjuntar_documento)/a_Listado Hojas de Vida")): Object: 'Object Repository/Pruebas_Hoja_de_Vida/Crear_Nueva_Hoja_de_Vida_(adjuntar_documento)/a_Listado Hojas de Vida' is clicked on

2022-01-13 11:01:11 - [MESSAGE][PASSED] - Object: 'Object Repository/Pruebas_Hoja_de_Vida/Crear_Nueva_Hoja_de_Vida_(adjuntar_documento)/a_Listado Hojas de Vida' is clicked on

2022-01-13 11:01:11 - [TEST_STEP][PASSED] - setText(findTestObject("Pruebas_Hoja_de_Vida/Crear_Nueva_Hoja_de_Vida_(adjuntar_documento)/input_Identificacin_listado_hojaVidaj_idt63"), "355682169"): Text '355682169' is set on object 'Object Repository/Pruebas_Hoja_de_Vida/Crear_Nueva_Hoja_de_Vida_(adjuntar_documento)/input_Identificacin_listado_hojaVidaj_idt63'

2022-01-13 11:01:13 - [MESSAGE][PASSED] - Text '355682169' is set on object 'Object Repository/Pruebas_Hoja_de_Vida/Crear_Nueva_Hoja_de_Vida_(adjuntar_documento)/input_Identificacin_listado_hojaVidaj_idt63'

2022-01-13 11:01:13 - [TEST_STEP][PASSED] - sendKeys(findTestObject("Pruebas_Hoja_de_Vida/Crear_Nueva_Hoja_de_Vida_(adjuntar_documento)/input_Identificacin_listado_hojaVidaj_idt63"), Keys.chord(ENTER)): Keys 'ENTER + ' sent to object: 'Object Repository/Pruebas_Hoja_de_Vida/Crear_Nueva_Hoja_de_Vida_(adjuntar_documento)/input_Identificacin_listado_hojaVidaj_idt63'

2022-01-13 11:01:13 - [MESSAGE][PASSED] - Keys 'ENTER + ' sent to object: 'Object Repository/Pruebas_Hoja_de_Vida/Crear_Nueva_Hoja_de_Vida_(adjuntar_documento)/input_Identificacin_listado_hojaVidaj_idt63'

2022-01-13 11:01:13 - [TEST_STEP][PASSED] - click(findTestObject("Pruebas_Hoja_de_Vida/Crear_Nueva_Hoja_de_Vida_(adjuntar_documento)/td_355682169")): Object: 'Object Repository/Pruebas_Hoja_de_Vida/Crear_Nueva_Hoja_de_Vida_(adjuntar_documento)/td_355682169' is clicked on

2022-01-13 11:01:14 - [MESSAGE][PASSED] - Object: 'Object Repository/Pruebas_Hoja_de_Vida/Crear_Nueva_Hoja_de_Vida_(adjuntar_documento)/td_355682169' is clicked on

2022-01-13 11:01:14 - [TEST_STEP][PASSED] - click(findTestObject("Pruebas_Hoja_de_Vida/Crear_Nueva_Hoja_de_Vida_(adjuntar_documento)/a_Adjuntar Archivo")): Object: 'Object Repository/Pruebas_Hoja_de_Vida/Crear_Nueva_Hoja_de_Vida_(adjuntar_documento)/a_Adjuntar Archivo' is clicked on

2022-01-13 11:01:15 - [MESSAGE][PASSED] - Object: 'Object Repository/Pruebas_Hoja_de_Vida/Crear_Nueva_Hoja_de_Vida_(adjuntar_documento)/a_Adjuntar Archivo' is clicked on

2022-01-13 11:01:15 - [TEST_STEP][PASSED] - click(findTestObject("Pruebas_Hoja_de_Vida/Crear_Nueva_Hoja_de_Vida_(adjuntar_documento)/a_nuevo")): Object: 'Object Repository/Pruebas_Hoja_de_Vida/Crear_Nueva_Hoja_de_Vida_(adjuntar_documento)/a_nuevo' is clicked on

2022-01-13 11:01:15 - [MESSAGE][PASSED] - Object: 'Object Repository/Pruebas_Hoja_de_Vida/Crear_Nueva_Hoja_de_Vida_(adjuntar_documento)/a_nuevo' is clicked on

2022-01-13 11:01:15 - [TEST_STEP][PASSED] - setText(findTestObject("Pruebas_Hoja_de_Vida/Crear_Nueva_Hoja_de_Vida_(adjuntar_documento)/input_Descripcin_hojaVidasecciondescripcion"), "prueba"): Text 'prueba' is set on object 'Object Repository/Pruebas_Hoja_de_Vida/Crear_Nueva_Hoja_de_Vida_(adjuntar_documento)/input_Descripcin_hojaVidasecciondescripcion'

2022-01-13 11:01:16 - [MESSAGE][PASSED] - Text 'prueba' is set on object 'Object Repository/Pruebas_Hoja_de_Vida/Crear_Nueva_Hoja_de_Vida_(adjuntar_documento)/input_Descripcin_hojaVidasecciondescripcion'

2022-01-13 11:01:16 - [TEST_STEP][PASSED] - click(findTestObject("Pruebas_Hoja_de_Vida/Crear_Nueva_Hoja_de_Vida_(adjuntar_documento)/a_Continuar")): Object: 'Object Repository/Pruebas_Hoja_de_Vida/Crear_Nueva_Hoja_de_Vida_(adjuntar_documento)/a_Continuar' is clicked on

2022-01-13 11:01:17 - [MESSAGE][PASSED] - Object: 'Object Repository/Pruebas_Hoja_de_Vida/Crear_Nueva_Hoja_de_Vida_(adjuntar_documento)/a_Continuar' is clicked on

2022-01-13 11:01:17 - [TEST_STEP][PASSED] - ruta = G_rutaarchivos + "HojaDeVida.txt": null

2022-01-13 11:01:17 - [TEST_STEP][PASSED] - uploadFile(findTestObject("Pruebas_Hoja_de_Vida/Crear_Nueva_Hoja_de_Vida_(adjuntar_documento)/input_Cargar Archivo_popupCargarArchivoForminputFileName_input"), ruta): File 'E:\unionweb14\HojaDeVida.txt' sent to object: 'Object Repository/Pruebas_Hoja_de_Vida/Crear_Nueva_Hoja_de_Vida_(adjuntar_documento)/input_Cargar Archivo_popupCargarArchivoForminputFileName_input'

2022-01-13 11:01:20 - [MESSAGE][PASSED] - File 'E:\unionweb14\HojaDeVida.txt' sent to object: 'Object Repository/Pruebas_Hoja_de_Vida/Crear_Nueva_Hoja_de_Vida_(adjuntar_documento)/input_Cargar Archivo_popupCargarArchivoForminputFileName_input'

2022-01-13 11:01:20 - [TEST_STEP][PASSED] - waitForElementClickable(findTestObject("Pruebas_Hoja_de_Vida/Crear_Nueva_Hoja_de_Vida_(adjuntar_documento)/td_prueba"), 0): Object 'Object Repository/Pruebas_Hoja_de_Vida/Crear_Nueva_Hoja_de_Vida_(adjuntar_documento)/td_prueba' is clickable

2022-01-13 11:01:20 - [MESSAGE][WARNING] - Timeout '0' is invalid. Using default page load timeout: '30'

2022-01-13 11:01:21 - [MESSAGE][PASSED] - Object 'Object Repository/Pruebas_Hoja_de_Vida/Crear_Nueva_Hoja_de_Vida_(adjuntar_documento)/td_prueba' is clickable

2022-01-13 11:01:21 - [TEST_STEP][PASSED] - click(findTestObject("Pruebas_Hoja_de_Vida/Crear_Nueva_Hoja_de_Vida_(adjuntar_documento)/td_prueba")): Object: 'Object Repository/Pruebas_Hoja_de_Vida/Crear_Nueva_Hoja_de_Vida_(adjuntar_documento)/td_prueba' is clicked on

2022-01-13 11:01:21 - [MESSAGE][PASSED] - Object: 'Object Repository/Pruebas_Hoja_de_Vida/Crear_Nueva_Hoja_de_Vida_(adjuntar_documento)/td_prueba' is clicked on

2022-01-13 11:01:21 - [TEST_STEP][PASSED] - click(findTestObject("Pruebas_Hoja_de_Vida/Crear_Nueva_Hoja_de_Vida_(adjuntar_documento)/a_Eliminar")): Object: 'Object Repository/Pruebas_Hoja_de_Vida/Crear_Nueva_Hoja_de_Vida_(adjuntar_documento)/a_Eliminar' is clicked on

2022-01-13 11:01:22 - [MESSAGE][PASSED] - Object: 'Object Repository/Pruebas_Hoja_de_Vida/Crear_Nueva_Hoja_de_Vida_(adjuntar_documento)/a_Eliminar' is clicked on

2022-01-13 11:01:22 - [TEST_STEP][PASSED] - closeBrowser(): Browser is closed

2022-01-13 11:01:23 - [MESSAGE][PASSED] - Browser is closed]]></system-out>
         <system-err><![CDATA[]]></system-err>
      </testcase>
      <testcase name="Test Cases/2.1-Pruebas_Hoja_de_Vida/2.1.6-Impresión_Hoja_Vida_Plantilla" time="19.009" classname="Test Cases/2.1-Pruebas_Hoja_de_Vida/2.1.6-Impresión_Hoja_Vida_Plantilla" status="PASSED">
         <system-out><![CDATA[2022-01-13 11:01:23 - [TEST_CASE][PASSED] - Test Cases/2.1-Pruebas_Hoja_de_Vida/2.1.6-Impresión_Hoja_Vida_Plantilla: Test Cases/2.1-Pruebas_Hoja_de_Vida/2.1.6-Impresión_Hoja_Vida_Plantilla

2022-01-13 11:01:23 - [TEST_STEP][PASSED] - callTestCase(findTestCase("0.1-Login"), [:], STOP_ON_FAILURE): Call Test Case 'Test Cases/0.1-Login' successfully

2022-01-13 11:01:23 - [TEST_CASE][PASSED] - Test Cases/0.1-Login: Test Cases/0.1-Login

2022-01-13 11:01:23 - [TEST_STEP][PASSED] - openBrowser(""): Browser is opened with url: ''

2022-01-13 11:01:23 - [MESSAGE][INFO] - Starting 'Chrome' driver

2022-01-13 11:01:23 - [MESSAGE][INFO] - Action delay is set to 0 milliseconds

2022-01-13 11:01:24 - [MESSAGE][PASSED] - Browser is opened with url: ''

2022-01-13 11:01:24 - [TEST_STEP][PASSED] - maximizeWindow(): Current window maximized

2022-01-13 11:01:25 - [MESSAGE][PASSED] - Current window maximized

2022-01-13 11:01:25 - [TEST_STEP][PASSED] - i = G_Login: null

2022-01-13 11:01:25 - [TEST_STEP][PASSED] - url = new java.net.URL(i): null

2022-01-13 11:01:25 - [TEST_STEP][PASSED] - println("URL: " + url.toString()): null

2022-01-13 11:01:25 - [TEST_STEP][PASSED] - connection = url.openConnection(): null

2022-01-13 11:01:25 - [TEST_STEP][PASSED] - connection.setRequestMethod("GET"): null

2022-01-13 11:01:25 - [TEST_STEP][PASSED] - connection.setReadTimeout(2 * 1000): null

2022-01-13 11:01:25 - [TEST_STEP][PASSED] - try: null

2022-01-13 11:01:25 - [TEST_STEP][PASSED] - connection.connect(): null

2022-01-13 11:01:25 - [TEST_STEP][PASSED] - flag = connected: null

2022-01-13 11:01:25 - [TEST_STEP][PASSED] - println("Valor_ori: " + flag): null

2022-01-13 11:01:25 - [TEST_STEP][PASSED] - if (flag): null

2022-01-13 11:01:25 - [TEST_STEP][PASSED] - navigateToUrl(i): Navigate to 'http://192.168.2.80:8380/saraweb' successfully

2022-01-13 11:01:25 - [MESSAGE][PASSED] - Navigate to 'http://192.168.2.80:8380/saraweb' successfully

2022-01-13 11:01:25 - [TEST_STEP][PASSED] - a(): null

2022-01-13 11:01:25 - [TEST_STEP][PASSED] - setText(findTestObject("Login/input_USUARIO_loginusuario"), G_Usuario): Text 'saraadmin' is set on object 'Object Repository/Login/input_USUARIO_loginusuario'

2022-01-13 11:01:26 - [MESSAGE][PASSED] - Text 'saraadmin' is set on object 'Object Repository/Login/input_USUARIO_loginusuario'

2022-01-13 11:01:26 - [TEST_STEP][PASSED] - setEncryptedText(findTestObject("Login/input_CLAVE_loginpassword"), "MkG4/TYiCFC3cb2driP7+Q=="): Text ****** has been set on object 'Object Repository/Login/input_CLAVE_loginpassword'

2022-01-13 11:01:27 - [MESSAGE][PASSED] - Text ****** has been set on object 'Object Repository/Login/input_CLAVE_loginpassword'

2022-01-13 11:01:27 - [TEST_STEP][PASSED] - waitForElementClickable(findTestObject("Login/a_Ingresar"), G_TimeOut): Object 'Object Repository/Login/a_Ingresar' is clickable

2022-01-13 11:01:27 - [MESSAGE][PASSED] - Object 'Object Repository/Login/a_Ingresar' is clickable

2022-01-13 11:01:27 - [TEST_STEP][PASSED] - click(findTestObject("Login/a_Ingresar")): Object: 'Object Repository/Login/a_Ingresar' is clicked on

2022-01-13 11:01:29 - [MESSAGE][PASSED] - Object: 'Object Repository/Login/a_Ingresar' is clicked on

2022-01-13 11:01:29 - [TEST_STEP][PASSED] - element = findWebElement(findTestObject("Login/a_Ir"), 30): null

2022-01-13 11:01:30 - [TEST_STEP][PASSED] - executeJavaScript("arguments[0].click()", Arrays.asList(element)): Execute JavaScript 'arguments[0].click()' successfully

2022-01-13 11:01:30 - [MESSAGE][PASSED] - Execute JavaScript 'arguments[0].click()' successfully

2022-01-13 11:01:30 - [MESSAGE][PASSED] - Call Test Case 'Test Cases/0.1-Login' successfully

2022-01-13 11:01:30 - [TEST_STEP][PASSED] - click(findTestObject("Pruebas_Hoja_de_Vida/Impresión_Hoja_Vida_Plantilla/input_Secciones_form_templatej_idt286j_idt29")): Object: 'Object Repository/Pruebas_Hoja_de_Vida/Impresión_Hoja_Vida_Plantilla/input_Secciones_form_templatej_idt286j_idt29' is clicked on

2022-01-13 11:01:31 - [MESSAGE][PASSED] - Object: 'Object Repository/Pruebas_Hoja_de_Vida/Impresión_Hoja_Vida_Plantilla/input_Secciones_form_templatej_idt286j_idt29' is clicked on

2022-01-13 11:01:31 - [TEST_STEP][PASSED] - click(findTestObject("Pruebas_Hoja_de_Vida/Impresión_Hoja_Vida_Plantilla/a_ADMINISTRADOR DEL SISTEMA - SARA_cerrar_menu")): Object: 'Object Repository/Pruebas_Hoja_de_Vida/Impresión_Hoja_Vida_Plantilla/a_ADMINISTRADOR DEL SISTEMA - SARA_cerrar_menu' is clicked on

2022-01-13 11:01:32 - [MESSAGE][PASSED] - Object: 'Object Repository/Pruebas_Hoja_de_Vida/Impresión_Hoja_Vida_Plantilla/a_ADMINISTRADOR DEL SISTEMA - SARA_cerrar_menu' is clicked on

2022-01-13 11:01:32 - [TEST_STEP][PASSED] - click(findTestObject("Pruebas_Hoja_de_Vida/Impresión_Hoja_Vida_Plantilla/label_Nueva Hoja Vida")): Object: 'Object Repository/Pruebas_Hoja_de_Vida/Impresión_Hoja_Vida_Plantilla/label_Nueva Hoja Vida' is clicked on

2022-01-13 11:01:32 - [MESSAGE][PASSED] - Object: 'Object Repository/Pruebas_Hoja_de_Vida/Impresión_Hoja_Vida_Plantilla/label_Nueva Hoja Vida' is clicked on

2022-01-13 11:01:32 - [TEST_STEP][PASSED] - waitForElementClickable(findTestObject("Pruebas_Hoja_de_Vida/Impresión_Hoja_Vida_Plantilla/a_Listado Hojas de Vida"), 0): Object 'Object Repository/Pruebas_Hoja_de_Vida/Impresión_Hoja_Vida_Plantilla/a_Listado Hojas de Vida' is clickable

2022-01-13 11:01:32 - [MESSAGE][WARNING] - Timeout '0' is invalid. Using default page load timeout: '30'

2022-01-13 11:01:33 - [MESSAGE][PASSED] - Object 'Object Repository/Pruebas_Hoja_de_Vida/Impresión_Hoja_Vida_Plantilla/a_Listado Hojas de Vida' is clickable

2022-01-13 11:01:33 - [TEST_STEP][PASSED] - click(findTestObject("Pruebas_Hoja_de_Vida/Impresión_Hoja_Vida_Plantilla/a_Listado Hojas de Vida")): Object: 'Object Repository/Pruebas_Hoja_de_Vida/Impresión_Hoja_Vida_Plantilla/a_Listado Hojas de Vida' is clicked on

2022-01-13 11:01:33 - [MESSAGE][PASSED] - Object: 'Object Repository/Pruebas_Hoja_de_Vida/Impresión_Hoja_Vida_Plantilla/a_Listado Hojas de Vida' is clicked on

2022-01-13 11:01:33 - [TEST_STEP][PASSED] - waitForElementClickable(findTestObject("Pruebas_Hoja_de_Vida/Impresión_Hoja_Vida_Plantilla/input_Identificacin_listado_hojaVidaj_idt63"), 0): Object 'Object Repository/Pruebas_Hoja_de_Vida/Impresión_Hoja_Vida_Plantilla/input_Identificacin_listado_hojaVidaj_idt63' is clickable

2022-01-13 11:01:33 - [MESSAGE][WARNING] - Timeout '0' is invalid. Using default page load timeout: '30'

2022-01-13 11:01:35 - [MESSAGE][PASSED] - Object 'Object Repository/Pruebas_Hoja_de_Vida/Impresión_Hoja_Vida_Plantilla/input_Identificacin_listado_hojaVidaj_idt63' is clickable

2022-01-13 11:01:35 - [TEST_STEP][PASSED] - setText(findTestObject("Pruebas_Hoja_de_Vida/Impresión_Hoja_Vida_Plantilla/input_Identificacin_listado_hojaVidaj_idt63"), "355682169"): Text '355682169' is set on object 'Object Repository/Pruebas_Hoja_de_Vida/Impresión_Hoja_Vida_Plantilla/input_Identificacin_listado_hojaVidaj_idt63'

2022-01-13 11:01:35 - [MESSAGE][PASSED] - Text '355682169' is set on object 'Object Repository/Pruebas_Hoja_de_Vida/Impresión_Hoja_Vida_Plantilla/input_Identificacin_listado_hojaVidaj_idt63'

2022-01-13 11:01:35 - [TEST_STEP][PASSED] - sendKeys(findTestObject("Pruebas_Hoja_de_Vida/Impresión_Hoja_Vida_Plantilla/input_Identificacin_listado_hojaVidaj_idt63"), Keys.chord(ENTER)): Keys 'ENTER + ' sent to object: 'Object Repository/Pruebas_Hoja_de_Vida/Impresión_Hoja_Vida_Plantilla/input_Identificacin_listado_hojaVidaj_idt63'

2022-01-13 11:01:36 - [MESSAGE][PASSED] - Keys 'ENTER + ' sent to object: 'Object Repository/Pruebas_Hoja_de_Vida/Impresión_Hoja_Vida_Plantilla/input_Identificacin_listado_hojaVidaj_idt63'

2022-01-13 11:01:36 - [TEST_STEP][PASSED] - click(findTestObject("Pruebas_Hoja_de_Vida/Impresión_Hoja_Vida_Plantilla/td_355682169")): Object: 'Object Repository/Pruebas_Hoja_de_Vida/Impresión_Hoja_Vida_Plantilla/td_355682169' is clicked on

2022-01-13 11:01:36 - [MESSAGE][PASSED] - Object: 'Object Repository/Pruebas_Hoja_de_Vida/Impresión_Hoja_Vida_Plantilla/td_355682169' is clicked on

2022-01-13 11:01:36 - [TEST_STEP][PASSED] - click(findTestObject("Pruebas_Hoja_de_Vida/Impresión_Hoja_Vida_Plantilla/a_Generar")): Object: 'Object Repository/Pruebas_Hoja_de_Vida/Impresión_Hoja_Vida_Plantilla/a_Generar' is clicked on

2022-01-13 11:01:37 - [MESSAGE][PASSED] - Object: 'Object Repository/Pruebas_Hoja_de_Vida/Impresión_Hoja_Vida_Plantilla/a_Generar' is clicked on

2022-01-13 11:01:37 - [TEST_STEP][PASSED] - click(findTestObject("Pruebas_Hoja_de_Vida/Impresión_Hoja_Vida_Plantilla/td_espaol impresion empleado")): Object: 'Object Repository/Pruebas_Hoja_de_Vida/Impresión_Hoja_Vida_Plantilla/td_espaol impresion empleado' is clicked on

2022-01-13 11:01:38 - [MESSAGE][PASSED] - Object: 'Object Repository/Pruebas_Hoja_de_Vida/Impresión_Hoja_Vida_Plantilla/td_espaol impresion empleado' is clicked on

2022-01-13 11:01:38 - [TEST_STEP][PASSED] - click(findTestObject("Pruebas_Hoja_de_Vida/Impresión_Hoja_Vida_Plantilla/a_Descargar")): Object: 'Object Repository/Pruebas_Hoja_de_Vida/Impresión_Hoja_Vida_Plantilla/a_Descargar' is clicked on

2022-01-13 11:01:39 - [MESSAGE][PASSED] - Object: 'Object Repository/Pruebas_Hoja_de_Vida/Impresión_Hoja_Vida_Plantilla/a_Descargar' is clicked on

2022-01-13 11:01:39 - [TEST_STEP][PASSED] - delay(2): Delayed 2 second(s)

2022-01-13 11:01:41 - [MESSAGE][PASSED] - Delayed 2 second(s)

2022-01-13 11:01:41 - [TEST_STEP][PASSED] - closeBrowser(): Browser is closed

2022-01-13 11:01:42 - [MESSAGE][PASSED] - Browser is closed]]></system-out>
         <system-err><![CDATA[]]></system-err>
      </testcase>
      <testcase name="Test Cases/2.1-Pruebas_Hoja_de_Vida/2.1.7-Impresión_Hoja_Vida_Función_Pública" time="40.906" classname="Test Cases/2.1-Pruebas_Hoja_de_Vida/2.1.7-Impresión_Hoja_Vida_Función_Pública" status="PASSED">
         <system-out><![CDATA[2022-01-13 11:01:42 - [TEST_CASE][PASSED] - Test Cases/2.1-Pruebas_Hoja_de_Vida/2.1.7-Impresión_Hoja_Vida_Función_Pública: Test Cases/2.1-Pruebas_Hoja_de_Vida/2.1.7-Impresión_Hoja_Vida_Función_Pública

2022-01-13 11:01:42 - [TEST_STEP][PASSED] - callTestCase(findTestCase("1.1-Tareas Principales/1.1.2-Imprimir Hoja de Vida"), [:], STOP_ON_FAILURE): Call Test Case 'Test Cases/1.1-Tareas Principales/1.1.2-Imprimir Hoja de Vida' successfully

2022-01-13 11:01:42 - [TEST_CASE][PASSED] - Test Cases/1.1-Tareas Principales/1.1.2-Imprimir Hoja de Vida: Test Cases/1.1-Tareas Principales/1.1.2-Imprimir Hoja de Vida

2022-01-13 11:01:42 - [TEST_STEP][PASSED] - callTestCase(findTestCase("1.1-Tareas Principales/Listado hojas de Vida"), [:], STOP_ON_FAILURE): Call Test Case 'Test Cases/1.1-Tareas Principales/Listado hojas de Vida' successfully

2022-01-13 11:01:43 - [TEST_CASE][PASSED] - Test Cases/1.1-Tareas Principales/Listado hojas de Vida: Test Cases/1.1-Tareas Principales/Listado hojas de Vida

2022-01-13 11:01:43 - [TEST_STEP][PASSED] - callTestCase(findTestCase("0.1-Login"), [:], STOP_ON_FAILURE): Call Test Case 'Test Cases/0.1-Login' successfully

2022-01-13 11:01:43 - [TEST_CASE][PASSED] - Test Cases/0.1-Login: Test Cases/0.1-Login

2022-01-13 11:01:43 - [TEST_STEP][PASSED] - openBrowser(""): Browser is opened with url: ''

2022-01-13 11:01:43 - [MESSAGE][INFO] - Starting 'Chrome' driver

2022-01-13 11:01:43 - [MESSAGE][INFO] - Action delay is set to 0 milliseconds

2022-01-13 11:01:44 - [MESSAGE][PASSED] - Browser is opened with url: ''

2022-01-13 11:01:44 - [TEST_STEP][PASSED] - maximizeWindow(): Current window maximized

2022-01-13 11:01:44 - [MESSAGE][PASSED] - Current window maximized

2022-01-13 11:01:44 - [TEST_STEP][PASSED] - i = G_Login: null

2022-01-13 11:01:44 - [TEST_STEP][PASSED] - url = new java.net.URL(i): null

2022-01-13 11:01:44 - [TEST_STEP][PASSED] - println("URL: " + url.toString()): null

2022-01-13 11:01:44 - [TEST_STEP][PASSED] - connection = url.openConnection(): null

2022-01-13 11:01:44 - [TEST_STEP][PASSED] - connection.setRequestMethod("GET"): null

2022-01-13 11:01:44 - [TEST_STEP][PASSED] - connection.setReadTimeout(2 * 1000): null

2022-01-13 11:01:44 - [TEST_STEP][PASSED] - try: null

2022-01-13 11:01:44 - [TEST_STEP][PASSED] - connection.connect(): null

2022-01-13 11:01:44 - [TEST_STEP][PASSED] - flag = connected: null

2022-01-13 11:01:44 - [TEST_STEP][PASSED] - println("Valor_ori: " + flag): null

2022-01-13 11:01:44 - [TEST_STEP][PASSED] - if (flag): null

2022-01-13 11:01:44 - [TEST_STEP][PASSED] - navigateToUrl(i): Navigate to 'http://192.168.2.80:8380/saraweb' successfully

2022-01-13 11:01:45 - [MESSAGE][PASSED] - Navigate to 'http://192.168.2.80:8380/saraweb' successfully

2022-01-13 11:01:45 - [TEST_STEP][PASSED] - a(): null

2022-01-13 11:01:45 - [TEST_STEP][PASSED] - setText(findTestObject("Login/input_USUARIO_loginusuario"), G_Usuario): Text 'saraadmin' is set on object 'Object Repository/Login/input_USUARIO_loginusuario'

2022-01-13 11:01:46 - [MESSAGE][PASSED] - Text 'saraadmin' is set on object 'Object Repository/Login/input_USUARIO_loginusuario'

2022-01-13 11:01:46 - [TEST_STEP][PASSED] - setEncryptedText(findTestObject("Login/input_CLAVE_loginpassword"), "MkG4/TYiCFC3cb2driP7+Q=="): Text ****** has been set on object 'Object Repository/Login/input_CLAVE_loginpassword'

2022-01-13 11:01:47 - [MESSAGE][PASSED] - Text ****** has been set on object 'Object Repository/Login/input_CLAVE_loginpassword'

2022-01-13 11:01:47 - [TEST_STEP][PASSED] - waitForElementClickable(findTestObject("Login/a_Ingresar"), G_TimeOut): Object 'Object Repository/Login/a_Ingresar' is clickable

2022-01-13 11:01:47 - [MESSAGE][PASSED] - Object 'Object Repository/Login/a_Ingresar' is clickable

2022-01-13 11:01:47 - [TEST_STEP][PASSED] - click(findTestObject("Login/a_Ingresar")): Object: 'Object Repository/Login/a_Ingresar' is clicked on

2022-01-13 11:01:49 - [MESSAGE][PASSED] - Object: 'Object Repository/Login/a_Ingresar' is clicked on

2022-01-13 11:01:49 - [TEST_STEP][PASSED] - element = findWebElement(findTestObject("Login/a_Ir"), 30): null

2022-01-13 11:01:50 - [TEST_STEP][PASSED] - executeJavaScript("arguments[0].click()", Arrays.asList(element)): Execute JavaScript 'arguments[0].click()' successfully

2022-01-13 11:01:50 - [MESSAGE][PASSED] - Execute JavaScript 'arguments[0].click()' successfully

2022-01-13 11:01:50 - [MESSAGE][PASSED] - Call Test Case 'Test Cases/0.1-Login' successfully

2022-01-13 11:01:50 - [TEST_STEP][PASSED] - waitForElementClickable(findTestObject("Modulo Tarea Listado Hojas de Vida/Tareas Listado Hojas de Vida/input_Listado Hojas De Vida_form_templatej_idt24_input"), G_TimeOut): Object 'Object Repository/Modulo Tarea Listado Hojas de Vida/Tareas Listado Hojas de Vida/input_Listado Hojas De Vida_form_templatej_idt24_input' is clickable

2022-01-13 11:01:51 - [MESSAGE][PASSED] - Object 'Object Repository/Modulo Tarea Listado Hojas de Vida/Tareas Listado Hojas de Vida/input_Listado Hojas De Vida_form_templatej_idt24_input' is clickable

2022-01-13 11:01:51 - [TEST_STEP][PASSED] - setText(findTestObject("Modulo Tarea Listado Hojas de Vida/Tareas Listado Hojas de Vida/input_Listado Hojas De Vida_form_templatej_idt24_input"), "Listado Hojas de Vida"): Text 'Listado Hojas de Vida' is set on object 'Object Repository/Modulo Tarea Listado Hojas de Vida/Tareas Listado Hojas de Vida/input_Listado Hojas De Vida_form_templatej_idt24_input'

2022-01-13 11:01:52 - [MESSAGE][PASSED] - Text 'Listado Hojas de Vida' is set on object 'Object Repository/Modulo Tarea Listado Hojas de Vida/Tareas Listado Hojas de Vida/input_Listado Hojas De Vida_form_templatej_idt24_input'

2022-01-13 11:01:52 - [TEST_STEP][PASSED] - delay(3): Delayed 3 second(s)

2022-01-13 11:01:55 - [MESSAGE][PASSED] - Delayed 3 second(s)

2022-01-13 11:01:55 - [TEST_STEP][PASSED] - sendKeys(findTestObject("Modulo Tarea Listado Hojas de Vida/Tareas Listado Hojas de Vida/input_Listado Hojas De Vida_form_templatej_idt24_input"), Keys.chord(ENTER)): Keys 'ENTER + ' sent to object: 'Object Repository/Modulo Tarea Listado Hojas de Vida/Tareas Listado Hojas de Vida/input_Listado Hojas De Vida_form_templatej_idt24_input'

2022-01-13 11:01:55 - [MESSAGE][PASSED] - Keys 'ENTER + ' sent to object: 'Object Repository/Modulo Tarea Listado Hojas de Vida/Tareas Listado Hojas de Vida/input_Listado Hojas De Vida_form_templatej_idt24_input'

2022-01-13 11:01:55 - [MESSAGE][PASSED] - Call Test Case 'Test Cases/1.1-Tareas Principales/Listado hojas de Vida' successfully

2022-01-13 11:01:55 - [TEST_STEP][PASSED] - waitForElementClickable(findTestObject("Modulo Tarea Listado Hojas de Vida/Imprimir Hoja de Vida/input_Identificacin_listado_hojaVidaj_idt62"), G_TimeOut): Object 'Object Repository/Modulo Tarea Listado Hojas de Vida/Imprimir Hoja de Vida/input_Identificacin_listado_hojaVidaj_idt62' is clickable

2022-01-13 11:01:57 - [MESSAGE][PASSED] - Object 'Object Repository/Modulo Tarea Listado Hojas de Vida/Imprimir Hoja de Vida/input_Identificacin_listado_hojaVidaj_idt62' is clickable

2022-01-13 11:01:57 - [TEST_STEP][PASSED] - setText(findTestObject("Modulo Tarea Listado Hojas de Vida/Imprimir Hoja de Vida/input_Identificacin_listado_hojaVidaj_idt62"), "355682169"): Text '355682169' is set on object 'Object Repository/Modulo Tarea Listado Hojas de Vida/Imprimir Hoja de Vida/input_Identificacin_listado_hojaVidaj_idt62'

2022-01-13 11:01:57 - [MESSAGE][PASSED] - Text '355682169' is set on object 'Object Repository/Modulo Tarea Listado Hojas de Vida/Imprimir Hoja de Vida/input_Identificacin_listado_hojaVidaj_idt62'

2022-01-13 11:01:57 - [TEST_STEP][PASSED] - sendKeys(findTestObject("Modulo Tarea Listado Hojas de Vida/Imprimir Hoja de Vida/input_Identificacin_listado_hojaVidaj_idt62"), Keys.chord(ENTER)): Keys 'ENTER + ' sent to object: 'Object Repository/Modulo Tarea Listado Hojas de Vida/Imprimir Hoja de Vida/input_Identificacin_listado_hojaVidaj_idt62'

2022-01-13 11:01:58 - [MESSAGE][PASSED] - Keys 'ENTER + ' sent to object: 'Object Repository/Modulo Tarea Listado Hojas de Vida/Imprimir Hoja de Vida/input_Identificacin_listado_hojaVidaj_idt62'

2022-01-13 11:01:58 - [TEST_STEP][PASSED] - waitForElementClickable(findTestObject("Modulo Tarea Listado Hojas de Vida/Imprimir Hoja de Vida/td_355682169"), G_TimeOut): Object 'Object Repository/Modulo Tarea Listado Hojas de Vida/Imprimir Hoja de Vida/td_355682169' is clickable

2022-01-13 11:01:58 - [MESSAGE][PASSED] - Object 'Object Repository/Modulo Tarea Listado Hojas de Vida/Imprimir Hoja de Vida/td_355682169' is clickable

2022-01-13 11:01:58 - [TEST_STEP][PASSED] - click(findTestObject("Modulo Tarea Listado Hojas de Vida/Imprimir Hoja de Vida/td_355682169")): Object: 'Object Repository/Modulo Tarea Listado Hojas de Vida/Imprimir Hoja de Vida/td_355682169' is clicked on

2022-01-13 11:01:59 - [MESSAGE][PASSED] - Object: 'Object Repository/Modulo Tarea Listado Hojas de Vida/Imprimir Hoja de Vida/td_355682169' is clicked on

2022-01-13 11:01:59 - [TEST_STEP][PASSED] - waitForElementClickable(findTestObject("Modulo Tarea Listado Hojas de Vida/Imprimir Hoja de Vida/a_Imprimir"), G_TimeOut): Object 'Object Repository/Modulo Tarea Listado Hojas de Vida/Imprimir Hoja de Vida/a_Imprimir' is clickable

2022-01-13 11:01:59 - [MESSAGE][PASSED] - Object 'Object Repository/Modulo Tarea Listado Hojas de Vida/Imprimir Hoja de Vida/a_Imprimir' is clickable

2022-01-13 11:01:59 - [TEST_STEP][PASSED] - click(findTestObject("Modulo Tarea Listado Hojas de Vida/Imprimir Hoja de Vida/a_Imprimir")): Object: 'Object Repository/Modulo Tarea Listado Hojas de Vida/Imprimir Hoja de Vida/a_Imprimir' is clicked on

2022-01-13 11:02:00 - [MESSAGE][PASSED] - Object: 'Object Repository/Modulo Tarea Listado Hojas de Vida/Imprimir Hoja de Vida/a_Imprimir' is clicked on

2022-01-13 11:02:00 - [TEST_STEP][PASSED] - waitForElementClickable(findTestObject("Modulo Tarea Listado Hojas de Vida/Imprimir Hoja de Vida/a_Si"), G_TimeOut): Object 'Object Repository/Modulo Tarea Listado Hojas de Vida/Imprimir Hoja de Vida/a_Si' is clickable

2022-01-13 11:02:01 - [MESSAGE][PASSED] - Object 'Object Repository/Modulo Tarea Listado Hojas de Vida/Imprimir Hoja de Vida/a_Si' is clickable

2022-01-13 11:02:01 - [TEST_STEP][PASSED] - click(findTestObject("Modulo Tarea Listado Hojas de Vida/Imprimir Hoja de Vida/a_Si")): Object: 'Object Repository/Modulo Tarea Listado Hojas de Vida/Imprimir Hoja de Vida/a_Si' is clicked on

2022-01-13 11:02:01 - [MESSAGE][PASSED] - Object: 'Object Repository/Modulo Tarea Listado Hojas de Vida/Imprimir Hoja de Vida/a_Si' is clicked on

2022-01-13 11:02:01 - [TEST_STEP][PASSED] - waitForElementClickable(findTestObject("Modulo Tarea Listado Hojas de Vida/Imprimir Hoja de Vida/span_Grupo Sanguneo-closethick"), G_TimeOut): Object 'Object Repository/Modulo Tarea Listado Hojas de Vida/Imprimir Hoja de Vida/span_Grupo Sanguneo-closethick' is clickable

2022-01-13 11:02:03 - [MESSAGE][PASSED] - Object 'Object Repository/Modulo Tarea Listado Hojas de Vida/Imprimir Hoja de Vida/span_Grupo Sanguneo-closethick' is clickable

2022-01-13 11:02:03 - [TEST_STEP][PASSED] - click(findTestObject("Modulo Tarea Listado Hojas de Vida/Imprimir Hoja de Vida/span_Grupo Sanguneo-closethick")): Object: 'Object Repository/Modulo Tarea Listado Hojas de Vida/Imprimir Hoja de Vida/span_Grupo Sanguneo-closethick' is clicked on

2022-01-13 11:02:05 - [MESSAGE][PASSED] - Object: 'Object Repository/Modulo Tarea Listado Hojas de Vida/Imprimir Hoja de Vida/span_Grupo Sanguneo-closethick' is clicked on

2022-01-13 11:02:05 - [TEST_STEP][PASSED] - waitForElementClickable(findTestObject("Modulo Tarea Listado Hojas de Vida/Imprimir Hoja de Vida/a_Generar"), G_TimeOut): Object 'Object Repository/Modulo Tarea Listado Hojas de Vida/Imprimir Hoja de Vida/a_Generar' is clickable

2022-01-13 11:02:07 - [MESSAGE][PASSED] - Object 'Object Repository/Modulo Tarea Listado Hojas de Vida/Imprimir Hoja de Vida/a_Generar' is clickable

2022-01-13 11:02:07 - [TEST_STEP][PASSED] - click(findTestObject("Modulo Tarea Listado Hojas de Vida/Imprimir Hoja de Vida/a_Generar")): Object: 'Object Repository/Modulo Tarea Listado Hojas de Vida/Imprimir Hoja de Vida/a_Generar' is clicked on

2022-01-13 11:02:09 - [MESSAGE][PASSED] - Object: 'Object Repository/Modulo Tarea Listado Hojas de Vida/Imprimir Hoja de Vida/a_Generar' is clicked on

2022-01-13 11:02:09 - [TEST_STEP][PASSED] - waitForElementClickable(findTestObject("Modulo Tarea Listado Hojas de Vida/Imprimir Hoja de Vida/td_espaol impresion empleado"), G_TimeOut): Object 'Object Repository/Modulo Tarea Listado Hojas de Vida/Imprimir Hoja de Vida/td_espaol impresion empleado' is clickable

2022-01-13 11:02:12 - [MESSAGE][PASSED] - Object 'Object Repository/Modulo Tarea Listado Hojas de Vida/Imprimir Hoja de Vida/td_espaol impresion empleado' is clickable

2022-01-13 11:02:12 - [TEST_STEP][PASSED] - click(findTestObject("Modulo Tarea Listado Hojas de Vida/Imprimir Hoja de Vida/td_espaol impresion empleado")): Object: 'Object Repository/Modulo Tarea Listado Hojas de Vida/Imprimir Hoja de Vida/td_espaol impresion empleado' is clicked on

2022-01-13 11:02:14 - [MESSAGE][PASSED] - Object: 'Object Repository/Modulo Tarea Listado Hojas de Vida/Imprimir Hoja de Vida/td_espaol impresion empleado' is clicked on

2022-01-13 11:02:14 - [TEST_STEP][PASSED] - waitForElementClickable(findTestObject("Modulo Tarea Listado Hojas de Vida/Imprimir Hoja de Vida/a_Descargar"), G_TimeOut): Object 'Object Repository/Modulo Tarea Listado Hojas de Vida/Imprimir Hoja de Vida/a_Descargar' is clickable

2022-01-13 11:02:16 - [MESSAGE][PASSED] - Object 'Object Repository/Modulo Tarea Listado Hojas de Vida/Imprimir Hoja de Vida/a_Descargar' is clickable

2022-01-13 11:02:16 - [TEST_STEP][PASSED] - click(findTestObject("Modulo Tarea Listado Hojas de Vida/Imprimir Hoja de Vida/a_Descargar")): Object: 'Object Repository/Modulo Tarea Listado Hojas de Vida/Imprimir Hoja de Vida/a_Descargar' is clicked on

2022-01-13 11:02:18 - [MESSAGE][PASSED] - Object: 'Object Repository/Modulo Tarea Listado Hojas de Vida/Imprimir Hoja de Vida/a_Descargar' is clicked on

2022-01-13 11:02:18 - [TEST_STEP][PASSED] - waitForElementClickable(findTestObject("Modulo Tarea Listado Hojas de Vida/Imprimir Hoja de Vida/span_Grupo Sanguneo-closethick_1"), G_TimeOut): Object 'Object Repository/Modulo Tarea Listado Hojas de Vida/Imprimir Hoja de Vida/span_Grupo Sanguneo-closethick_1' is clickable

2022-01-13 11:02:20 - [MESSAGE][PASSED] - Object 'Object Repository/Modulo Tarea Listado Hojas de Vida/Imprimir Hoja de Vida/span_Grupo Sanguneo-closethick_1' is clickable

2022-01-13 11:02:20 - [TEST_STEP][PASSED] - click(findTestObject("Modulo Tarea Listado Hojas de Vida/Imprimir Hoja de Vida/span_Grupo Sanguneo-closethick_1")): Object: 'Object Repository/Modulo Tarea Listado Hojas de Vida/Imprimir Hoja de Vida/span_Grupo Sanguneo-closethick_1' is clicked on

2022-01-13 11:02:22 - [MESSAGE][PASSED] - Object: 'Object Repository/Modulo Tarea Listado Hojas de Vida/Imprimir Hoja de Vida/span_Grupo Sanguneo-closethick_1' is clicked on

2022-01-13 11:02:22 - [TEST_STEP][PASSED] - closeBrowser(): Browser is closed

2022-01-13 11:02:23 - [MESSAGE][PASSED] - Browser is closed

2022-01-13 11:02:23 - [MESSAGE][PASSED] - Call Test Case 'Test Cases/1.1-Tareas Principales/1.1.2-Imprimir Hoja de Vida' successfully]]></system-out>
         <system-err><![CDATA[]]></system-err>
      </testcase>
      <testcase name="Test Cases/2.1-Pruebas_Hoja_de_Vida/2.1.8-Aprobación_Novedades" time="46.906" classname="Test Cases/2.1-Pruebas_Hoja_de_Vida/2.1.8-Aprobación_Novedades" status="PASSED">
         <system-out><![CDATA[2022-01-13 11:02:23 - [TEST_CASE][PASSED] - Test Cases/2.1-Pruebas_Hoja_de_Vida/2.1.8-Aprobación_Novedades: Test Cases/2.1-Pruebas_Hoja_de_Vida/2.1.8-Aprobación_Novedades

2022-01-13 11:02:23 - [TEST_STEP][PASSED] - callTestCase(findTestCase("0.1-Login"), [:], STOP_ON_FAILURE): Call Test Case 'Test Cases/0.1-Login' successfully

2022-01-13 11:02:23 - [TEST_CASE][PASSED] - Test Cases/0.1-Login: Test Cases/0.1-Login

2022-01-13 11:02:23 - [TEST_STEP][PASSED] - openBrowser(""): Browser is opened with url: ''

2022-01-13 11:02:23 - [MESSAGE][INFO] - Starting 'Chrome' driver

2022-01-13 11:02:23 - [MESSAGE][INFO] - Action delay is set to 0 milliseconds

2022-01-13 11:02:24 - [MESSAGE][PASSED] - Browser is opened with url: ''

2022-01-13 11:02:24 - [TEST_STEP][PASSED] - maximizeWindow(): Current window maximized

2022-01-13 11:02:25 - [MESSAGE][PASSED] - Current window maximized

2022-01-13 11:02:25 - [TEST_STEP][PASSED] - i = G_Login: null

2022-01-13 11:02:25 - [TEST_STEP][PASSED] - url = new java.net.URL(i): null

2022-01-13 11:02:25 - [TEST_STEP][PASSED] - println("URL: " + url.toString()): null

2022-01-13 11:02:25 - [TEST_STEP][PASSED] - connection = url.openConnection(): null

2022-01-13 11:02:25 - [TEST_STEP][PASSED] - connection.setRequestMethod("GET"): null

2022-01-13 11:02:25 - [TEST_STEP][PASSED] - connection.setReadTimeout(2 * 1000): null

2022-01-13 11:02:25 - [TEST_STEP][PASSED] - try: null

2022-01-13 11:02:25 - [TEST_STEP][PASSED] - connection.connect(): null

2022-01-13 11:02:25 - [TEST_STEP][PASSED] - flag = connected: null

2022-01-13 11:02:25 - [TEST_STEP][PASSED] - println("Valor_ori: " + flag): null

2022-01-13 11:02:25 - [TEST_STEP][PASSED] - if (flag): null

2022-01-13 11:02:25 - [TEST_STEP][PASSED] - navigateToUrl(i): Navigate to 'http://192.168.2.80:8380/saraweb' successfully

2022-01-13 11:02:26 - [MESSAGE][PASSED] - Navigate to 'http://192.168.2.80:8380/saraweb' successfully

2022-01-13 11:02:26 - [TEST_STEP][PASSED] - a(): null

2022-01-13 11:02:26 - [TEST_STEP][PASSED] - setText(findTestObject("Login/input_USUARIO_loginusuario"), G_Usuario): Text 'saraadmin' is set on object 'Object Repository/Login/input_USUARIO_loginusuario'

2022-01-13 11:02:26 - [MESSAGE][PASSED] - Text 'saraadmin' is set on object 'Object Repository/Login/input_USUARIO_loginusuario'

2022-01-13 11:02:26 - [TEST_STEP][PASSED] - setEncryptedText(findTestObject("Login/input_CLAVE_loginpassword"), "MkG4/TYiCFC3cb2driP7+Q=="): Text ****** has been set on object 'Object Repository/Login/input_CLAVE_loginpassword'

2022-01-13 11:02:27 - [MESSAGE][PASSED] - Text ****** has been set on object 'Object Repository/Login/input_CLAVE_loginpassword'

2022-01-13 11:02:27 - [TEST_STEP][PASSED] - waitForElementClickable(findTestObject("Login/a_Ingresar"), G_TimeOut): Object 'Object Repository/Login/a_Ingresar' is clickable

2022-01-13 11:02:27 - [MESSAGE][PASSED] - Object 'Object Repository/Login/a_Ingresar' is clickable

2022-01-13 11:02:27 - [TEST_STEP][PASSED] - click(findTestObject("Login/a_Ingresar")): Object: 'Object Repository/Login/a_Ingresar' is clicked on

2022-01-13 11:02:30 - [MESSAGE][PASSED] - Object: 'Object Repository/Login/a_Ingresar' is clicked on

2022-01-13 11:02:30 - [TEST_STEP][PASSED] - element = findWebElement(findTestObject("Login/a_Ir"), 30): null

2022-01-13 11:02:30 - [TEST_STEP][PASSED] - executeJavaScript("arguments[0].click()", Arrays.asList(element)): Execute JavaScript 'arguments[0].click()' successfully

2022-01-13 11:02:30 - [MESSAGE][PASSED] - Execute JavaScript 'arguments[0].click()' successfully

2022-01-13 11:02:30 - [MESSAGE][PASSED] - Call Test Case 'Test Cases/0.1-Login' successfully

2022-01-13 11:02:30 - [TEST_STEP][PASSED] - click(findTestObject("Pruebas_Hoja_de_Vida/Aprobación_Novedades/input_Secciones_form_templatej_idt286j_idt29")): Object: 'Object Repository/Pruebas_Hoja_de_Vida/Aprobación_Novedades/input_Secciones_form_templatej_idt286j_idt29' is clicked on

2022-01-13 11:02:31 - [MESSAGE][PASSED] - Object: 'Object Repository/Pruebas_Hoja_de_Vida/Aprobación_Novedades/input_Secciones_form_templatej_idt286j_idt29' is clicked on

2022-01-13 11:02:31 - [TEST_STEP][PASSED] - click(findTestObject("Pruebas_Hoja_de_Vida/Aprobación_Novedades/a_ADMINISTRADOR DEL SISTEMA - SARA_cerrar_menu")): Object: 'Object Repository/Pruebas_Hoja_de_Vida/Aprobación_Novedades/a_ADMINISTRADOR DEL SISTEMA - SARA_cerrar_menu' is clicked on

2022-01-13 11:02:32 - [MESSAGE][PASSED] - Object: 'Object Repository/Pruebas_Hoja_de_Vida/Aprobación_Novedades/a_ADMINISTRADOR DEL SISTEMA - SARA_cerrar_menu' is clicked on

2022-01-13 11:02:32 - [TEST_STEP][PASSED] - click(findTestObject("Pruebas_Hoja_de_Vida/Aprobación_Novedades/label_Nueva Hoja Vida")): Object: 'Object Repository/Pruebas_Hoja_de_Vida/Aprobación_Novedades/label_Nueva Hoja Vida' is clicked on

2022-01-13 11:02:32 - [MESSAGE][PASSED] - Object: 'Object Repository/Pruebas_Hoja_de_Vida/Aprobación_Novedades/label_Nueva Hoja Vida' is clicked on

2022-01-13 11:02:32 - [TEST_STEP][PASSED] - click(findTestObject("Pruebas_Hoja_de_Vida/Aprobación_Novedades/a_Novedades")): Object: 'Object Repository/Pruebas_Hoja_de_Vida/Aprobación_Novedades/a_Novedades' is clicked on

2022-01-13 11:02:33 - [MESSAGE][PASSED] - Object: 'Object Repository/Pruebas_Hoja_de_Vida/Aprobación_Novedades/a_Novedades' is clicked on

2022-01-13 11:02:33 - [TEST_STEP][PASSED] - selectOptionByIndex(findTestObject("Pruebas_Hoja_de_Vida/Aprobación_Novedades/select_-- Seleccione --AprobadaCanceladaPendienteRechazada"), 3): All options with index in [3] are selected on object 'Object Repository/Pruebas_Hoja_de_Vida/Aprobación_Novedades/select_-- Seleccione --AprobadaCanceladaPendienteRechazada'

2022-01-13 11:02:34 - [MESSAGE][PASSED] - All options with index in [3] are selected on object 'Object Repository/Pruebas_Hoja_de_Vida/Aprobación_Novedades/select_-- Seleccione --AprobadaCanceladaPendienteRechazada'

2022-01-13 11:02:34 - [TEST_STEP][PASSED] - if (waitForElementVisible(findTestObject("Pruebas_Hoja_de_Vida/Aprobación_Novedades/span_DIAZ BLANCO GUISELL"), 1)): Web element with id: 'Object Repository/Pruebas_Hoja_de_Vida/Aprobación_Novedades/span_DIAZ BLANCO GUISELL' located by '//div[2]/div/table/tbody/tr/td[3]/span' not found

2022-01-13 11:02:37 - [MESSAGE][INFO] - Unable to find the element located by 'By.xpath: //div[2]/div/table/tbody/tr/td[3]/span'. Please recheck the objects properties to make sure the desired element is located. 

2022-01-13 11:02:37 - [MESSAGE][WARNING] - Web element with id: 'Object Repository/Pruebas_Hoja_de_Vida/Aprobación_Novedades/span_DIAZ BLANCO GUISELL' located by '//div[2]/div/table/tbody/tr/td[3]/span' not found

2022-01-13 11:02:37 - [TEST_STEP][PASSED] - else: Object: 'Object Repository/Pruebas_Hoja_de_Vida/Aprobación_Novedades/a_Empleado_glyphicons glyphicons-exit' is clicked on

2022-01-13 11:02:37 - [TEST_STEP][PASSED] - callTestCase(findTestCase("Utilidades-(atajos_para _tareas)/Login_Seguridad/0.1-Login-1057596487"), [:], STOP_ON_FAILURE): Call Test Case 'Test Cases/Utilidades-(atajos_para _tareas)/Login_Seguridad/0.1-Login-1057596487' successfully

2022-01-13 11:02:37 - [TEST_CASE][PASSED] - Test Cases/Utilidades-(atajos_para _tareas)/Login_Seguridad/0.1-Login-1057596487: Test Cases/Utilidades-(atajos_para _tareas)/Login_Seguridad/0.1-Login-1057596487

2022-01-13 11:02:37 - [TEST_STEP][PASSED] - openBrowser(""): Browser is opened with url: ''

2022-01-13 11:02:37 - [MESSAGE][WARNING] - A browser is already opened. Closing browser and opening a new one

2022-01-13 11:02:38 - [MESSAGE][INFO] - Starting 'Chrome' driver

2022-01-13 11:02:38 - [MESSAGE][INFO] - Action delay is set to 0 milliseconds

2022-01-13 11:02:39 - [MESSAGE][PASSED] - Browser is opened with url: ''

2022-01-13 11:02:39 - [TEST_STEP][PASSED] - maximizeWindow(): Current window maximized

2022-01-13 11:02:39 - [MESSAGE][PASSED] - Current window maximized

2022-01-13 11:02:39 - [TEST_STEP][PASSED] - i = G_Login: null

2022-01-13 11:02:39 - [TEST_STEP][PASSED] - url = new java.net.URL(i): null

2022-01-13 11:02:39 - [TEST_STEP][PASSED] - println("URL: " + url.toString()): null

2022-01-13 11:02:39 - [TEST_STEP][PASSED] - connection = url.openConnection(): null

2022-01-13 11:02:39 - [TEST_STEP][PASSED] - connection.setRequestMethod("GET"): null

2022-01-13 11:02:39 - [TEST_STEP][PASSED] - connection.setReadTimeout(2 * 1000): null

2022-01-13 11:02:39 - [TEST_STEP][PASSED] - try: null

2022-01-13 11:02:39 - [TEST_STEP][PASSED] - connection.connect(): null

2022-01-13 11:02:39 - [TEST_STEP][PASSED] - flag = connected: null

2022-01-13 11:02:39 - [TEST_STEP][PASSED] - println("Valor_ori: " + flag): null

2022-01-13 11:02:39 - [TEST_STEP][PASSED] - if (flag): null

2022-01-13 11:02:39 - [TEST_STEP][PASSED] - navigateToUrl(i): Navigate to 'http://192.168.2.80:8380/saraweb' successfully

2022-01-13 11:02:40 - [MESSAGE][PASSED] - Navigate to 'http://192.168.2.80:8380/saraweb' successfully

2022-01-13 11:02:40 - [TEST_STEP][PASSED] - a(): null

2022-01-13 11:02:40 - [TEST_STEP][PASSED] - setText(findTestObject("Login/input_USUARIO_loginusuario"), G_Usuario2): Text '1057596487' is set on object 'Object Repository/Login/input_USUARIO_loginusuario'

2022-01-13 11:02:41 - [MESSAGE][PASSED] - Text '1057596487' is set on object 'Object Repository/Login/input_USUARIO_loginusuario'

2022-01-13 11:02:41 - [TEST_STEP][PASSED] - setEncryptedText(findTestObject("Login/input_CLAVE_loginpassword"), "MkG4/TYiCFC3cb2driP7+Q=="): Text ****** has been set on object 'Object Repository/Login/input_CLAVE_loginpassword'

2022-01-13 11:02:41 - [MESSAGE][PASSED] - Text ****** has been set on object 'Object Repository/Login/input_CLAVE_loginpassword'

2022-01-13 11:02:41 - [TEST_STEP][PASSED] - waitForElementClickable(findTestObject("Login/a_Ingresar"), G_TimeOut): Object 'Object Repository/Login/a_Ingresar' is clickable

2022-01-13 11:02:41 - [MESSAGE][PASSED] - Object 'Object Repository/Login/a_Ingresar' is clickable

2022-01-13 11:02:41 - [TEST_STEP][PASSED] - click(findTestObject("Login/a_Ingresar")): Object: 'Object Repository/Login/a_Ingresar' is clicked on

2022-01-13 11:02:42 - [MESSAGE][PASSED] - Object: 'Object Repository/Login/a_Ingresar' is clicked on

2022-01-13 11:02:42 - [TEST_STEP][PASSED] - element = findWebElement(findTestObject("Login/a_Ir"), 30): null

2022-01-13 11:02:43 - [TEST_STEP][PASSED] - executeJavaScript("arguments[0].click()", Arrays.asList(element)): Execute JavaScript 'arguments[0].click()' successfully

2022-01-13 11:02:43 - [MESSAGE][PASSED] - Execute JavaScript 'arguments[0].click()' successfully

2022-01-13 11:02:43 - [MESSAGE][PASSED] - Call Test Case 'Test Cases/Utilidades-(atajos_para _tareas)/Login_Seguridad/0.1-Login-1057596487' successfully

2022-01-13 11:02:43 - [TEST_STEP][PASSED] - setText(findTestObject("Pruebas_Hoja_de_Vida/Aprobación_Novedades/input_Empresa 1_form_templatej_idt24_input"), "hoja de vida"): Text 'hoja de vida' is set on object 'Object Repository/Pruebas_Hoja_de_Vida/Aprobación_Novedades/input_Empresa 1_form_templatej_idt24_input'

2022-01-13 11:02:44 - [MESSAGE][PASSED] - Text 'hoja de vida' is set on object 'Object Repository/Pruebas_Hoja_de_Vida/Aprobación_Novedades/input_Empresa 1_form_templatej_idt24_input'

2022-01-13 11:02:44 - [TEST_STEP][PASSED] - click(findTestObject("Pruebas_Hoja_de_Vida/Aprobación_Novedades/li_Listado Hojas de Vida (hoj)")): Object: 'Object Repository/Pruebas_Hoja_de_Vida/Aprobación_Novedades/li_Listado Hojas de Vida (hoj)' is clicked on

2022-01-13 11:02:46 - [MESSAGE][PASSED] - Object: 'Object Repository/Pruebas_Hoja_de_Vida/Aprobación_Novedades/li_Listado Hojas de Vida (hoj)' is clicked on

2022-01-13 11:02:46 - [TEST_STEP][PASSED] - fecha = getAttribute(findTestObject("Pruebas_Hoja_de_Vida/Aprobación_Novedades/input__hojaVidaseccionj_idt2143fecha_input"), "value"): Attribute 'value' of object 'Object Repository/Pruebas_Hoja_de_Vida/Aprobación_Novedades/input__hojaVidaseccionj_idt2143fecha_input' is: '07/03/2010'

2022-01-13 11:02:47 - [MESSAGE][PASSED] - Attribute 'value' of object 'Object Repository/Pruebas_Hoja_de_Vida/Aprobación_Novedades/input__hojaVidaseccionj_idt2143fecha_input' is: '07/03/2010'

2022-01-13 11:02:47 - [TEST_STEP][PASSED] - if (fecha != "07/03/2011"): Text '07/03/2011' is set on object 'Object Repository/Pruebas_Hoja_de_Vida/Aprobación_Novedades/input__hojaVidaseccionj_idt2143fecha_input'

2022-01-13 11:02:47 - [TEST_STEP][PASSED] - setText(findTestObject("Pruebas_Hoja_de_Vida/Aprobación_Novedades/input__hojaVidaseccionj_idt2143fecha_input"), "07/03/2011"): Text '07/03/2011' is set on object 'Object Repository/Pruebas_Hoja_de_Vida/Aprobación_Novedades/input__hojaVidaseccionj_idt2143fecha_input'

2022-01-13 11:02:48 - [MESSAGE][PASSED] - Text '07/03/2011' is set on object 'Object Repository/Pruebas_Hoja_de_Vida/Aprobación_Novedades/input__hojaVidaseccionj_idt2143fecha_input'

2022-01-13 11:02:48 - [TEST_STEP][PASSED] - click(findTestObject("Pruebas_Hoja_de_Vida/Aprobación_Novedades/select_--Seleccione--AA-ABAB-BB-OO-")): Object: 'Object Repository/Pruebas_Hoja_de_Vida/Aprobación_Novedades/select_--Seleccione--AA-ABAB-BB-OO-' is clicked on

2022-01-13 11:02:49 - [MESSAGE][PASSED] - Object: 'Object Repository/Pruebas_Hoja_de_Vida/Aprobación_Novedades/select_--Seleccione--AA-ABAB-BB-OO-' is clicked on

2022-01-13 11:02:49 - [TEST_STEP][PASSED] - seleccion = getAttribute(findTestObject("Pruebas_Hoja_de_Vida/Aprobación_Novedades/select_--Seleccione--AA-ABAB-BB-OO-"), "value"): Attribute 'value' of object 'Object Repository/Pruebas_Hoja_de_Vida/Aprobación_Novedades/select_--Seleccione--AA-ABAB-BB-OO-' is: 'O+ '

2022-01-13 11:02:49 - [MESSAGE][PASSED] - Attribute 'value' of object 'Object Repository/Pruebas_Hoja_de_Vida/Aprobación_Novedades/select_--Seleccione--AA-ABAB-BB-OO-' is: 'O+ '

2022-01-13 11:02:49 - [TEST_STEP][PASSED] - if (seleccion != "O+"): All options with index in [7] are selected on object 'Object Repository/Pruebas_Hoja_de_Vida/Aprobación_Novedades/select_--Seleccione--AA-ABAB-BB-OO-'

2022-01-13 11:02:49 - [TEST_STEP][PASSED] - selectOptionByIndex(findTestObject("Pruebas_Hoja_de_Vida/Aprobación_Novedades/select_--Seleccione--AA-ABAB-BB-OO-"), 7): All options with index in [7] are selected on object 'Object Repository/Pruebas_Hoja_de_Vida/Aprobación_Novedades/select_--Seleccione--AA-ABAB-BB-OO-'

2022-01-13 11:02:50 - [MESSAGE][PASSED] - All options with index in [7] are selected on object 'Object Repository/Pruebas_Hoja_de_Vida/Aprobación_Novedades/select_--Seleccione--AA-ABAB-BB-OO-'

2022-01-13 11:02:50 - [TEST_STEP][PASSED] - click(findTestObject("Pruebas_Hoja_de_Vida/Aprobación_Novedades/a_Guardar")): Object: 'Object Repository/Pruebas_Hoja_de_Vida/Aprobación_Novedades/a_Guardar' is clicked on

2022-01-13 11:02:51 - [MESSAGE][PASSED] - Object: 'Object Repository/Pruebas_Hoja_de_Vida/Aprobación_Novedades/a_Guardar' is clicked on

2022-01-13 11:02:51 - [TEST_STEP][PASSED] - click(findTestObject("Pruebas_Hoja_de_Vida/Aprobación_Novedades/a_Aceptar")): Object: 'Object Repository/Pruebas_Hoja_de_Vida/Aprobación_Novedades/a_Aceptar' is clicked on

2022-01-13 11:02:52 - [MESSAGE][PASSED] - Object: 'Object Repository/Pruebas_Hoja_de_Vida/Aprobación_Novedades/a_Aceptar' is clicked on

2022-01-13 11:02:52 - [TEST_STEP][PASSED] - click(findTestObject("Pruebas_Hoja_de_Vida/Aprobación_Novedades/a_ADMINISTRADOR DEL SISTEMA - SARA_cerrar_menu")): Object: 'Object Repository/Pruebas_Hoja_de_Vida/Aprobación_Novedades/a_ADMINISTRADOR DEL SISTEMA - SARA_cerrar_menu' is clicked on

2022-01-13 11:02:53 - [MESSAGE][PASSED] - Object: 'Object Repository/Pruebas_Hoja_de_Vida/Aprobación_Novedades/a_ADMINISTRADOR DEL SISTEMA - SARA_cerrar_menu' is clicked on

2022-01-13 11:02:53 - [TEST_STEP][PASSED] - click(findTestObject("Pruebas_Hoja_de_Vida/Aprobación_Novedades/a_Empleado_glyphicons glyphicons-exit")): Object: 'Object Repository/Pruebas_Hoja_de_Vida/Aprobación_Novedades/a_Empleado_glyphicons glyphicons-exit' is clicked on

2022-01-13 11:02:54 - [MESSAGE][PASSED] - Object: 'Object Repository/Pruebas_Hoja_de_Vida/Aprobación_Novedades/a_Empleado_glyphicons glyphicons-exit' is clicked on

2022-01-13 11:02:54 - [TEST_STEP][PASSED] - callTestCase(findTestCase("0.1-Login"), [:], STOP_ON_FAILURE): Call Test Case 'Test Cases/0.1-Login' successfully

2022-01-13 11:02:54 - [TEST_CASE][PASSED] - Test Cases/0.1-Login: Test Cases/0.1-Login

2022-01-13 11:02:54 - [TEST_STEP][PASSED] - openBrowser(""): Browser is opened with url: ''

2022-01-13 11:02:54 - [MESSAGE][WARNING] - A browser is already opened. Closing browser and opening a new one

2022-01-13 11:02:55 - [MESSAGE][INFO] - Starting 'Chrome' driver

2022-01-13 11:02:55 - [MESSAGE][INFO] - Action delay is set to 0 milliseconds

2022-01-13 11:02:56 - [MESSAGE][PASSED] - Browser is opened with url: ''

2022-01-13 11:02:56 - [TEST_STEP][PASSED] - maximizeWindow(): Current window maximized

2022-01-13 11:02:56 - [MESSAGE][PASSED] - Current window maximized

2022-01-13 11:02:56 - [TEST_STEP][PASSED] - i = G_Login: null

2022-01-13 11:02:56 - [TEST_STEP][PASSED] - url = new java.net.URL(i): null

2022-01-13 11:02:56 - [TEST_STEP][PASSED] - println("URL: " + url.toString()): null

2022-01-13 11:02:56 - [TEST_STEP][PASSED] - connection = url.openConnection(): null

2022-01-13 11:02:56 - [TEST_STEP][PASSED] - connection.setRequestMethod("GET"): null

2022-01-13 11:02:56 - [TEST_STEP][PASSED] - connection.setReadTimeout(2 * 1000): null

2022-01-13 11:02:56 - [TEST_STEP][PASSED] - try: null

2022-01-13 11:02:56 - [TEST_STEP][PASSED] - connection.connect(): null

2022-01-13 11:02:56 - [TEST_STEP][PASSED] - flag = connected: null

2022-01-13 11:02:56 - [TEST_STEP][PASSED] - println("Valor_ori: " + flag): null

2022-01-13 11:02:56 - [TEST_STEP][PASSED] - if (flag): null

2022-01-13 11:02:56 - [TEST_STEP][PASSED] - navigateToUrl(i): Navigate to 'http://192.168.2.80:8380/saraweb' successfully

2022-01-13 11:02:57 - [MESSAGE][PASSED] - Navigate to 'http://192.168.2.80:8380/saraweb' successfully

2022-01-13 11:02:57 - [TEST_STEP][PASSED] - a(): null

2022-01-13 11:02:57 - [TEST_STEP][PASSED] - setText(findTestObject("Login/input_USUARIO_loginusuario"), G_Usuario): Text 'saraadmin' is set on object 'Object Repository/Login/input_USUARIO_loginusuario'

2022-01-13 11:02:58 - [MESSAGE][PASSED] - Text 'saraadmin' is set on object 'Object Repository/Login/input_USUARIO_loginusuario'

2022-01-13 11:02:58 - [TEST_STEP][PASSED] - setEncryptedText(findTestObject("Login/input_CLAVE_loginpassword"), "MkG4/TYiCFC3cb2driP7+Q=="): Text ****** has been set on object 'Object Repository/Login/input_CLAVE_loginpassword'

2022-01-13 11:02:58 - [MESSAGE][PASSED] - Text ****** has been set on object 'Object Repository/Login/input_CLAVE_loginpassword'

2022-01-13 11:02:58 - [TEST_STEP][PASSED] - waitForElementClickable(findTestObject("Login/a_Ingresar"), G_TimeOut): Object 'Object Repository/Login/a_Ingresar' is clickable

2022-01-13 11:02:58 - [MESSAGE][PASSED] - Object 'Object Repository/Login/a_Ingresar' is clickable

2022-01-13 11:02:58 - [TEST_STEP][PASSED] - click(findTestObject("Login/a_Ingresar")): Object: 'Object Repository/Login/a_Ingresar' is clicked on

2022-01-13 11:03:00 - [MESSAGE][PASSED] - Object: 'Object Repository/Login/a_Ingresar' is clicked on

2022-01-13 11:03:00 - [TEST_STEP][PASSED] - element = findWebElement(findTestObject("Login/a_Ir"), 30): null

2022-01-13 11:03:00 - [TEST_STEP][PASSED] - executeJavaScript("arguments[0].click()", Arrays.asList(element)): Execute JavaScript 'arguments[0].click()' successfully

2022-01-13 11:03:00 - [MESSAGE][PASSED] - Execute JavaScript 'arguments[0].click()' successfully

2022-01-13 11:03:00 - [MESSAGE][PASSED] - Call Test Case 'Test Cases/0.1-Login' successfully

2022-01-13 11:03:00 - [TEST_STEP][PASSED] - click(findTestObject("Pruebas_Hoja_de_Vida/Aprobación_Novedades/input_Secciones_form_templatej_idt286j_idt29")): Object: 'Object Repository/Pruebas_Hoja_de_Vida/Aprobación_Novedades/input_Secciones_form_templatej_idt286j_idt29' is clicked on

2022-01-13 11:03:02 - [MESSAGE][PASSED] - Object: 'Object Repository/Pruebas_Hoja_de_Vida/Aprobación_Novedades/input_Secciones_form_templatej_idt286j_idt29' is clicked on

2022-01-13 11:03:02 - [TEST_STEP][PASSED] - click(findTestObject("Pruebas_Hoja_de_Vida/Aprobación_Novedades/a_ADMINISTRADOR DEL SISTEMA - SARA_cerrar_menu")): Object: 'Object Repository/Pruebas_Hoja_de_Vida/Aprobación_Novedades/a_ADMINISTRADOR DEL SISTEMA - SARA_cerrar_menu' is clicked on

2022-01-13 11:03:02 - [MESSAGE][PASSED] - Object: 'Object Repository/Pruebas_Hoja_de_Vida/Aprobación_Novedades/a_ADMINISTRADOR DEL SISTEMA - SARA_cerrar_menu' is clicked on

2022-01-13 11:03:02 - [TEST_STEP][PASSED] - click(findTestObject("Pruebas_Hoja_de_Vida/Aprobación_Novedades/label_Nueva Hoja Vida")): Object: 'Object Repository/Pruebas_Hoja_de_Vida/Aprobación_Novedades/label_Nueva Hoja Vida' is clicked on

2022-01-13 11:03:03 - [MESSAGE][PASSED] - Object: 'Object Repository/Pruebas_Hoja_de_Vida/Aprobación_Novedades/label_Nueva Hoja Vida' is clicked on

2022-01-13 11:03:03 - [TEST_STEP][PASSED] - click(findTestObject("Pruebas_Hoja_de_Vida/Aprobación_Novedades/a_Novedades")): Object: 'Object Repository/Pruebas_Hoja_de_Vida/Aprobación_Novedades/a_Novedades' is clicked on

2022-01-13 11:03:03 - [MESSAGE][PASSED] - Object: 'Object Repository/Pruebas_Hoja_de_Vida/Aprobación_Novedades/a_Novedades' is clicked on

2022-01-13 11:03:03 - [TEST_STEP][PASSED] - selectOptionByIndex(findTestObject("Pruebas_Hoja_de_Vida/Aprobación_Novedades/select_-- Seleccione --AprobadaCanceladaPendienteRechazada"), 3): All options with index in [3] are selected on object 'Object Repository/Pruebas_Hoja_de_Vida/Aprobación_Novedades/select_-- Seleccione --AprobadaCanceladaPendienteRechazada'

2022-01-13 11:03:05 - [MESSAGE][PASSED] - All options with index in [3] are selected on object 'Object Repository/Pruebas_Hoja_de_Vida/Aprobación_Novedades/select_-- Seleccione --AprobadaCanceladaPendienteRechazada'

2022-01-13 11:03:05 - [TEST_STEP][PASSED] - if (waitForElementVisible(findTestObject("Pruebas_Hoja_de_Vida/Aprobación_Novedades/span_DIAZ BLANCO GUISELL"), 1)): null

2022-01-13 11:03:05 - [MESSAGE][PASSED] - Object 'Object Repository/Pruebas_Hoja_de_Vida/Aprobación_Novedades/span_DIAZ BLANCO GUISELL' is visible

2022-01-13 11:03:05 - [TEST_STEP][PASSED] - click(findTestObject("Pruebas_Hoja_de_Vida/Aprobación_Novedades/span_DIAZ BLANCO GUISELL")): Object: 'Object Repository/Pruebas_Hoja_de_Vida/Aprobación_Novedades/span_DIAZ BLANCO GUISELL' is clicked on

2022-01-13 11:03:06 - [MESSAGE][PASSED] - Object: 'Object Repository/Pruebas_Hoja_de_Vida/Aprobación_Novedades/span_DIAZ BLANCO GUISELL' is clicked on

2022-01-13 11:03:06 - [TEST_STEP][PASSED] - click(findTestObject("Pruebas_Hoja_de_Vida/Aprobación_Novedades/a_Aprobar")): Object: 'Object Repository/Pruebas_Hoja_de_Vida/Aprobación_Novedades/a_Aprobar' is clicked on

2022-01-13 11:03:07 - [MESSAGE][PASSED] - Object: 'Object Repository/Pruebas_Hoja_de_Vida/Aprobación_Novedades/a_Aprobar' is clicked on

2022-01-13 11:03:07 - [TEST_STEP][PASSED] - click(findTestObject("Pruebas_Hoja_de_Vida/Aprobación_Novedades/a_Aceptar")): Object: 'Object Repository/Pruebas_Hoja_de_Vida/Aprobación_Novedades/a_Aceptar' is clicked on

2022-01-13 11:03:09 - [MESSAGE][PASSED] - Object: 'Object Repository/Pruebas_Hoja_de_Vida/Aprobación_Novedades/a_Aceptar' is clicked on

2022-01-13 11:03:09 - [TEST_STEP][PASSED] - closeBrowser(): Browser is closed

2022-01-13 11:03:10 - [MESSAGE][PASSED] - Browser is closed]]></system-out>
         <system-err><![CDATA[]]></system-err>
      </testcase>
      <testcase name="Test Cases/2.1-Pruebas_Hoja_de_Vida/2.2.2-Notificar_Novedades_Hoja_Vida" time="17.619" classname="Test Cases/2.1-Pruebas_Hoja_de_Vida/2.2.2-Notificar_Novedades_Hoja_Vida" status="PASSED">
         <system-out><![CDATA[2022-01-13 11:03:10 - [TEST_CASE][PASSED] - Test Cases/2.1-Pruebas_Hoja_de_Vida/2.2.2-Notificar_Novedades_Hoja_Vida: Test Cases/2.1-Pruebas_Hoja_de_Vida/2.2.2-Notificar_Novedades_Hoja_Vida

2022-01-13 11:03:10 - [TEST_STEP][PASSED] - random_double = Math.random() * 31: null

2022-01-13 11:03:10 - [TEST_STEP][PASSED] - random_double = Math.round(random_double - 10): null

2022-01-13 11:03:10 - [TEST_STEP][PASSED] - identificacion = toString().replace(".0", ""): null

2022-01-13 11:03:10 - [TEST_STEP][PASSED] - identificacion1 = 0 + identificacion: null

2022-01-13 11:03:10 - [TEST_STEP][PASSED] - identificacion0 = Integer.parseInt(identificacion): null

2022-01-13 11:03:10 - [TEST_STEP][PASSED] - if (identificacion0 < 10): null

2022-01-13 11:03:10 - [TEST_STEP][PASSED] - identificacion = identificacion1: null

2022-01-13 11:03:10 - [TEST_STEP][PASSED] - callTestCase(findTestCase("0.1-Login"), [:], STOP_ON_FAILURE): Call Test Case 'Test Cases/0.1-Login' successfully

2022-01-13 11:03:10 - [TEST_CASE][PASSED] - Test Cases/0.1-Login: Test Cases/0.1-Login

2022-01-13 11:03:10 - [TEST_STEP][PASSED] - openBrowser(""): Browser is opened with url: ''

2022-01-13 11:03:10 - [MESSAGE][INFO] - Starting 'Chrome' driver

2022-01-13 11:03:10 - [MESSAGE][INFO] - Action delay is set to 0 milliseconds

2022-01-13 11:03:11 - [MESSAGE][PASSED] - Browser is opened with url: ''

2022-01-13 11:03:11 - [TEST_STEP][PASSED] - maximizeWindow(): Current window maximized

2022-01-13 11:03:11 - [MESSAGE][PASSED] - Current window maximized

2022-01-13 11:03:11 - [TEST_STEP][PASSED] - i = G_Login: null

2022-01-13 11:03:11 - [TEST_STEP][PASSED] - url = new java.net.URL(i): null

2022-01-13 11:03:11 - [TEST_STEP][PASSED] - println("URL: " + url.toString()): null

2022-01-13 11:03:11 - [TEST_STEP][PASSED] - connection = url.openConnection(): null

2022-01-13 11:03:11 - [TEST_STEP][PASSED] - connection.setRequestMethod("GET"): null

2022-01-13 11:03:11 - [TEST_STEP][PASSED] - connection.setReadTimeout(2 * 1000): null

2022-01-13 11:03:11 - [TEST_STEP][PASSED] - try: null

2022-01-13 11:03:11 - [TEST_STEP][PASSED] - connection.connect(): null

2022-01-13 11:03:11 - [TEST_STEP][PASSED] - flag = connected: null

2022-01-13 11:03:11 - [TEST_STEP][PASSED] - println("Valor_ori: " + flag): null

2022-01-13 11:03:11 - [TEST_STEP][PASSED] - if (flag): null

2022-01-13 11:03:11 - [TEST_STEP][PASSED] - navigateToUrl(i): Navigate to 'http://192.168.2.80:8380/saraweb' successfully

2022-01-13 11:03:12 - [MESSAGE][PASSED] - Navigate to 'http://192.168.2.80:8380/saraweb' successfully

2022-01-13 11:03:12 - [TEST_STEP][PASSED] - a(): null

2022-01-13 11:03:12 - [TEST_STEP][PASSED] - setText(findTestObject("Login/input_USUARIO_loginusuario"), G_Usuario): Text 'saraadmin' is set on object 'Object Repository/Login/input_USUARIO_loginusuario'

2022-01-13 11:03:13 - [MESSAGE][PASSED] - Text 'saraadmin' is set on object 'Object Repository/Login/input_USUARIO_loginusuario'

2022-01-13 11:03:13 - [TEST_STEP][PASSED] - setEncryptedText(findTestObject("Login/input_CLAVE_loginpassword"), "MkG4/TYiCFC3cb2driP7+Q=="): Text ****** has been set on object 'Object Repository/Login/input_CLAVE_loginpassword'

2022-01-13 11:03:13 - [MESSAGE][PASSED] - Text ****** has been set on object 'Object Repository/Login/input_CLAVE_loginpassword'

2022-01-13 11:03:13 - [TEST_STEP][PASSED] - waitForElementClickable(findTestObject("Login/a_Ingresar"), G_TimeOut): Object 'Object Repository/Login/a_Ingresar' is clickable

2022-01-13 11:03:14 - [MESSAGE][PASSED] - Object 'Object Repository/Login/a_Ingresar' is clickable

2022-01-13 11:03:14 - [TEST_STEP][PASSED] - click(findTestObject("Login/a_Ingresar")): Object: 'Object Repository/Login/a_Ingresar' is clicked on

2022-01-13 11:03:16 - [MESSAGE][PASSED] - Object: 'Object Repository/Login/a_Ingresar' is clicked on

2022-01-13 11:03:16 - [TEST_STEP][PASSED] - element = findWebElement(findTestObject("Login/a_Ir"), 30): null

2022-01-13 11:03:16 - [TEST_STEP][PASSED] - executeJavaScript("arguments[0].click()", Arrays.asList(element)): Execute JavaScript 'arguments[0].click()' successfully

2022-01-13 11:03:16 - [MESSAGE][PASSED] - Execute JavaScript 'arguments[0].click()' successfully

2022-01-13 11:03:16 - [MESSAGE][PASSED] - Call Test Case 'Test Cases/0.1-Login' successfully

2022-01-13 11:03:16 - [TEST_STEP][PASSED] - waitForElementClickable(findTestObject("Pruebas_Hoja_de_Vida/Notificar_Novedades_Hoja_Vida/input_ADMINISTRADOR DEL SISTEMA - SARA_form_templatej_idt24_input"), 0): Object 'Object Repository/Pruebas_Hoja_de_Vida/Notificar_Novedades_Hoja_Vida/input_ADMINISTRADOR DEL SISTEMA - SARA_form_templatej_idt24_input' is clickable

2022-01-13 11:03:17 - [MESSAGE][WARNING] - Timeout '0' is invalid. Using default page load timeout: '30'

2022-01-13 11:03:17 - [MESSAGE][PASSED] - Object 'Object Repository/Pruebas_Hoja_de_Vida/Notificar_Novedades_Hoja_Vida/input_ADMINISTRADOR DEL SISTEMA - SARA_form_templatej_idt24_input' is clickable

2022-01-13 11:03:17 - [TEST_STEP][PASSED] - setText(findTestObject("Pruebas_Hoja_de_Vida/Notificar_Novedades_Hoja_Vida/input_ADMINISTRADOR DEL SISTEMA - SARA_form_templatej_idt24_input"), "Listado Hojas De Vida"): Text 'Listado Hojas De Vida' is set on object 'Object Repository/Pruebas_Hoja_de_Vida/Notificar_Novedades_Hoja_Vida/input_ADMINISTRADOR DEL SISTEMA - SARA_form_templatej_idt24_input'

2022-01-13 11:03:18 - [MESSAGE][PASSED] - Text 'Listado Hojas De Vida' is set on object 'Object Repository/Pruebas_Hoja_de_Vida/Notificar_Novedades_Hoja_Vida/input_ADMINISTRADOR DEL SISTEMA - SARA_form_templatej_idt24_input'

2022-01-13 11:03:18 - [TEST_STEP][PASSED] - delay(1): Delayed 1 second(s)

2022-01-13 11:03:19 - [MESSAGE][PASSED] - Delayed 1 second(s)

2022-01-13 11:03:19 - [TEST_STEP][PASSED] - sendKeys(findTestObject("Pruebas_Hoja_de_Vida/Notificar_Novedades_Hoja_Vida/input_ADMINISTRADOR DEL SISTEMA - SARA_form_templatej_idt24_input"), Keys.chord(ENTER)): Keys 'ENTER + ' sent to object: 'Object Repository/Pruebas_Hoja_de_Vida/Notificar_Novedades_Hoja_Vida/input_ADMINISTRADOR DEL SISTEMA - SARA_form_templatej_idt24_input'

2022-01-13 11:03:20 - [MESSAGE][PASSED] - Keys 'ENTER + ' sent to object: 'Object Repository/Pruebas_Hoja_de_Vida/Notificar_Novedades_Hoja_Vida/input_ADMINISTRADOR DEL SISTEMA - SARA_form_templatej_idt24_input'

2022-01-13 11:03:20 - [TEST_STEP][PASSED] - setText(findTestObject("Pruebas_Hoja_de_Vida/Notificar_Novedades_Hoja_Vida/input_Identificacin_listado_hojaVidaj_idt63"), "354968431354"): Text '354968431354' is set on object 'Object Repository/Pruebas_Hoja_de_Vida/Notificar_Novedades_Hoja_Vida/input_Identificacin_listado_hojaVidaj_idt63'

2022-01-13 11:03:22 - [MESSAGE][PASSED] - Text '354968431354' is set on object 'Object Repository/Pruebas_Hoja_de_Vida/Notificar_Novedades_Hoja_Vida/input_Identificacin_listado_hojaVidaj_idt63'

2022-01-13 11:03:22 - [TEST_STEP][PASSED] - sendKeys(findTestObject("Pruebas_Hoja_de_Vida/Notificar_Novedades_Hoja_Vida/input_Identificacin_listado_hojaVidaj_idt63"), Keys.chord(ENTER)): Keys 'ENTER + ' sent to object: 'Object Repository/Pruebas_Hoja_de_Vida/Notificar_Novedades_Hoja_Vida/input_Identificacin_listado_hojaVidaj_idt63'

2022-01-13 11:03:22 - [MESSAGE][PASSED] - Keys 'ENTER + ' sent to object: 'Object Repository/Pruebas_Hoja_de_Vida/Notificar_Novedades_Hoja_Vida/input_Identificacin_listado_hojaVidaj_idt63'

2022-01-13 11:03:22 - [TEST_STEP][PASSED] - click(findTestObject("Pruebas_Hoja_de_Vida/Notificar_Novedades_Hoja_Vida/td_354968431354")): Object: 'Object Repository/Pruebas_Hoja_de_Vida/Notificar_Novedades_Hoja_Vida/td_354968431354' is clicked on

2022-01-13 11:03:23 - [MESSAGE][PASSED] - Object: 'Object Repository/Pruebas_Hoja_de_Vida/Notificar_Novedades_Hoja_Vida/td_354968431354' is clicked on

2022-01-13 11:03:23 - [TEST_STEP][PASSED] - setText(findTestObject("Pruebas_Hoja_de_Vida/Notificar_Novedades_Hoja_Vida/input_Fecha Expedicin_hojaVidaseccionj_idt2106fecha_input"), identificacion1 + "/09/2013"): Text '0-8/09/2013' is set on object 'Object Repository/Pruebas_Hoja_de_Vida/Notificar_Novedades_Hoja_Vida/input_Fecha Expedicin_hojaVidaseccionj_idt2106fecha_input'

2022-01-13 11:03:24 - [MESSAGE][PASSED] - Text '0-8/09/2013' is set on object 'Object Repository/Pruebas_Hoja_de_Vida/Notificar_Novedades_Hoja_Vida/input_Fecha Expedicin_hojaVidaseccionj_idt2106fecha_input'

2022-01-13 11:03:24 - [TEST_STEP][PASSED] - click(findTestObject("Pruebas_Hoja_de_Vida/Notificar_Novedades_Hoja_Vida/a_Guardar")): Object: 'Object Repository/Pruebas_Hoja_de_Vida/Notificar_Novedades_Hoja_Vida/a_Guardar' is clicked on

2022-01-13 11:03:24 - [MESSAGE][PASSED] - Object: 'Object Repository/Pruebas_Hoja_de_Vida/Notificar_Novedades_Hoja_Vida/a_Guardar' is clicked on

2022-01-13 11:03:24 - [TEST_STEP][PASSED] - click(findTestObject("Pruebas_Hoja_de_Vida/Notificar_Novedades_Hoja_Vida/a_Aceptar")): Object: 'Object Repository/Pruebas_Hoja_de_Vida/Notificar_Novedades_Hoja_Vida/a_Aceptar' is clicked on

2022-01-13 11:03:26 - [MESSAGE][PASSED] - Object: 'Object Repository/Pruebas_Hoja_de_Vida/Notificar_Novedades_Hoja_Vida/a_Aceptar' is clicked on

2022-01-13 11:03:26 - [TEST_STEP][PASSED] - closeBrowser(): Browser is closed

2022-01-13 11:03:27 - [MESSAGE][PASSED] - Browser is closed]]></system-out>
         <system-err><![CDATA[]]></system-err>
      </testcase>
      <system-out><![CDATA[2022-01-13 10:58:52 - [TEST_SUITE][PASSED] - 2-Pruebas hoja de vida: Test Cases/2.1-Pruebas_Hoja_de_Vida/2.2.2-Notificar_Novedades_Hoja_Vida]]></system-out>
      <system-err><![CDATA[]]></system-err>
   </testsuite>
</testsuites>
