<?xml version="1.0" encoding="UTF-8"?>
<testsuites name="3-Pruebas_Bienestar" time="754.927" tests="18" failures="2" errors="0">
   <testsuite name="3-Pruebas_Bienestar" tests="18" failures="2" errors="0" time="754.927" skipped="0" timestamp="2022-04-04 12:50:08" hostname="diego.rojas - US-AF-000371" id="Test Suites/Test_Suite_Secundaria/3-Pruebas_Bienestar">
      <properties>
         <property name="deviceName" value=""/>
         <property name="devicePlatform" value=""/>
         <property name="logFolder" value="C:\\Users\\diego.rojas\\git\\Pruebas-Minimas\\Reports\\20220404_125000\\Test_Suite_Secundaria\\3-Pruebas_Bienestar\\20220404_125000"/>
         <property name="logFiles" value="C:\\Users\\diego.rojas\\git\\Pruebas-Minimas\\Reports\\20220404_125000\\Test_Suite_Secundaria\\3-Pruebas_Bienestar\\20220404_125000\\execution0.log"/>
         <property name="attachments" value="C:\\Users\\diego.rojas\\git\\Pruebas-Minimas\\Reports\\20220404_125000\\Test_Suite_Secundaria\\3-Pruebas_Bienestar\\20220404_125000\\1649095121676.png, C:\\Users\\diego.rojas\\git\\Pruebas-Minimas\\Reports\\20220404_125000\\Test_Suite_Secundaria\\3-Pruebas_Bienestar\\20220404_125000\\1649095319669.png"/>
         <property name="hostName" value="diego.rojas - US-AF-000371"/>
         <property name="os" value="Windows 10 64bit"/>
         <property name="katalonVersion" value="8.2.5.208"/>
         <property name="browser" value="Chrome 99.0.4844.84"/>
         <property name="hostAddress" value="192.168.56.1"/>
         <property name="sessionId" value="f5552fd1b32d2ba4f4d2ad4d4521a1e8"/>
         <property name="seleniumVersion" value="3.141.59"/>
         <property name="proxyInformation" value="ProxyInformation { proxyOption=NO_PROXY, proxyServerType=HTTP, username=, password=********, proxyServerAddress=, proxyServerPort=0, executionList=&quot;&quot;, isApplyToDesiredCapabilities=true }"/>
         <property name="platform" value="Windows 10"/>
      </properties>
      <testcase name="Test Cases/1.2-Tareas_Secundarias/3.1-Pruebas_Bienestar/3.1.1-Crear_un_Evento" time="143.792" classname="Test Cases/1.2-Tareas_Secundarias/3.1-Pruebas_Bienestar/3.1.1-Crear_un_Evento" status="PASSED">
         <system-out><![CDATA[2022-04-04 12:50:08 - [TEST_CASE][PASSED] - Test Cases/1.2-Tareas_Secundarias/3.1-Pruebas_Bienestar/3.1.1-Crear_un_Evento: Test Cases/1.2-Tareas_Secundarias/3.1-Pruebas_Bienestar/3.1.1-Crear_un_Evento

2022-04-04 12:50:09 - [TEST_STEP][PASSED] - today = new java.util.Date(): null

2022-04-04 12:50:09 - [TEST_STEP][PASSED] - Dia = today.format("dd"): null

2022-04-04 12:50:09 - [TEST_STEP][PASSED] - Mes = today.format("MM"): null

2022-04-04 12:50:09 - [TEST_STEP][PASSED] - MesN = today.format("MM"): null

2022-04-04 12:50:09 - [TEST_STEP][PASSED] - Año = today.format("yyyy"): null

2022-04-04 12:50:09 - [TEST_STEP][PASSED] - AñoN = today.format("yyyy"): null

2022-04-04 12:50:09 - [TEST_STEP][PASSED] - sumaD = Dia + 10: null

2022-04-04 12:50:09 - [TEST_STEP][PASSED] - sumaM = Mes + 1: null

2022-04-04 12:50:09 - [TEST_STEP][PASSED] - sumaA = Año + 1: null

2022-04-04 12:50:09 - [TEST_STEP][PASSED] - if (sumaD > 30): null

2022-04-04 12:50:09 - [TEST_STEP][PASSED] - else: null

2022-04-04 12:50:09 - [TEST_STEP][PASSED] - sumaD: null

2022-04-04 12:50:09 - [TEST_STEP][PASSED] - Mes: null

2022-04-04 12:50:09 - [TEST_STEP][PASSED] - if (sumaM > 12): null

2022-04-04 12:50:09 - [TEST_STEP][PASSED] - FechaI = Dia + "/" + MesN + "/" + AñoN: null

2022-04-04 12:50:09 - [TEST_STEP][PASSED] - FechaF = sumaD + "/" + Mes + "/" + Año: null

2022-04-04 12:50:09 - [TEST_STEP][PASSED] - callTestCase(findTestCase("Utilidades-(atajos_para _tareas)/Modulos/Modulo bienestar-eventos"), [:], STOP_ON_FAILURE): Call Test Case 'Test Cases/Utilidades-(atajos_para _tareas)/Modulos/Modulo bienestar-eventos' successfully

2022-04-04 12:50:10 - [TEST_CASE][PASSED] - Test Cases/Utilidades-(atajos_para _tareas)/Modulos/Modulo bienestar-eventos: Test Cases/Utilidades-(atajos_para _tareas)/Modulos/Modulo bienestar-eventos

2022-04-04 12:50:10 - [TEST_STEP][PASSED] - callTestCase(findTestCase("0.1-Login"), [:], STOP_ON_FAILURE): Call Test Case 'Test Cases/0.1-Login' successfully

2022-04-04 12:50:10 - [TEST_CASE][PASSED] - Test Cases/0.1-Login: Test Cases/0.1-Login

2022-04-04 12:50:11 - [TEST_STEP][PASSED] - openBrowser(""): Browser is opened with url: ''

2022-04-04 12:50:11 - [MESSAGE][INFO] - Starting 'Chrome' driver

2022-04-04 12:50:11 - [MESSAGE][INFO] - Action delay is set to 0 milliseconds

2022-04-04 12:50:13 - [MESSAGE][PASSED] - Browser is opened with url: ''

2022-04-04 12:50:13 - [TEST_STEP][PASSED] - maximizeWindow(): Current window maximized

2022-04-04 12:50:13 - [MESSAGE][PASSED] - Current window maximized

2022-04-04 12:50:13 - [TEST_STEP][PASSED] - i = G_Login: null

2022-04-04 12:50:14 - [TEST_STEP][PASSED] - url = new java.net.URL(i): null

2022-04-04 12:50:14 - [TEST_STEP][PASSED] - println("URL: " + url.toString()): null

2022-04-04 12:50:14 - [TEST_STEP][PASSED] - connection = url.openConnection(): null

2022-04-04 12:50:14 - [TEST_STEP][PASSED] - connection.setRequestMethod("GET"): null

2022-04-04 12:50:14 - [TEST_STEP][PASSED] - connection.setReadTimeout(2 * 1000): null

2022-04-04 12:50:14 - [TEST_STEP][PASSED] - try: null

2022-04-04 12:50:14 - [TEST_STEP][PASSED] - connection.connect(): null

2022-04-04 12:50:14 - [TEST_STEP][PASSED] - flag = connected: null

2022-04-04 12:50:14 - [TEST_STEP][PASSED] - println("Valor_ori: " + flag): null

2022-04-04 12:50:14 - [TEST_STEP][PASSED] - if (flag): null

2022-04-04 12:50:14 - [TEST_STEP][PASSED] - navigateToUrl(i): Navigate to 'http://192.168.2.19:8380/saraweb' successfully

2022-04-04 12:50:15 - [MESSAGE][PASSED] - Navigate to 'http://192.168.2.19:8380/saraweb' successfully

2022-04-04 12:50:15 - [TEST_STEP][PASSED] - a(): null

2022-04-04 12:50:15 - [TEST_STEP][PASSED] - setText(findTestObject("Login/input_USUARIO_loginusuario"), G_Usuario): Text 'saraadmin' is set on object 'Object Repository/Login/input_USUARIO_loginusuario'

2022-04-04 12:50:15 - [MESSAGE][PASSED] - Text 'saraadmin' is set on object 'Object Repository/Login/input_USUARIO_loginusuario'

2022-04-04 12:50:15 - [TEST_STEP][PASSED] - setEncryptedText(findTestObject("Login/input_CLAVE_loginpassword"), "MkG4/TYiCFC3cb2driP7+Q=="): Text ****** has been set on object 'Object Repository/Login/input_CLAVE_loginpassword'

2022-04-04 12:50:16 - [MESSAGE][PASSED] - Text ****** has been set on object 'Object Repository/Login/input_CLAVE_loginpassword'

2022-04-04 12:50:16 - [TEST_STEP][PASSED] - waitForElementClickable(findTestObject("Login/a_Ingresar"), G_TimeOut): Object 'Object Repository/Login/a_Ingresar' is clickable

2022-04-04 12:50:16 - [MESSAGE][PASSED] - Object 'Object Repository/Login/a_Ingresar' is clickable

2022-04-04 12:50:16 - [TEST_STEP][PASSED] - click(findTestObject("Login/a_Ingresar")): Object: 'Object Repository/Login/a_Ingresar' is clicked on

2022-04-04 12:50:18 - [MESSAGE][PASSED] - Object: 'Object Repository/Login/a_Ingresar' is clicked on

2022-04-04 12:50:18 - [TEST_STEP][PASSED] - element = findWebElement(findTestObject("Login/a_Ir"), 30): null

2022-04-04 12:50:19 - [TEST_STEP][PASSED] - executeJavaScript("arguments[0].click()", Arrays.asList(element)): Execute JavaScript 'arguments[0].click()' successfully

2022-04-04 12:50:19 - [MESSAGE][PASSED] - Execute JavaScript 'arguments[0].click()' successfully

2022-04-04 12:50:19 - [MESSAGE][PASSED] - Call Test Case 'Test Cases/0.1-Login' successfully

2022-04-04 12:50:19 - [TEST_STEP][PASSED] - waitForElementClickable(findTestObject("Modulo bienestar-eventos/input_ADMINISTRADOR DEL SISTEMA"), 0): Object 'Object Repository/Modulo bienestar-eventos/input_ADMINISTRADOR DEL SISTEMA' is clickable

2022-04-04 12:50:19 - [MESSAGE][WARNING] - Timeout '0' is invalid. Using default page load timeout: '45'

2022-04-04 12:50:19 - [MESSAGE][PASSED] - Object 'Object Repository/Modulo bienestar-eventos/input_ADMINISTRADOR DEL SISTEMA' is clickable

2022-04-04 12:50:19 - [TEST_STEP][PASSED] - setText(findTestObject("Modulo bienestar-eventos/input_ADMINISTRADOR DEL SISTEMA"), "eventos (bie)"): Text 'eventos (bie)' is set on object 'Object Repository/Modulo bienestar-eventos/input_ADMINISTRADOR DEL SISTEMA'

2022-04-04 12:50:20 - [MESSAGE][PASSED] - Text 'eventos (bie)' is set on object 'Object Repository/Modulo bienestar-eventos/input_ADMINISTRADOR DEL SISTEMA'

2022-04-04 12:50:20 - [TEST_STEP][PASSED] - click(findTestObject("Modulo bienestar-eventos/span_Eventos (bie)")): Object: 'Object Repository/Modulo bienestar-eventos/span_Eventos (bie)' is clicked on

2022-04-04 12:50:22 - [MESSAGE][PASSED] - Object: 'Object Repository/Modulo bienestar-eventos/span_Eventos (bie)' is clicked on

2022-04-04 12:50:22 - [MESSAGE][PASSED] - Call Test Case 'Test Cases/Utilidades-(atajos_para _tareas)/Modulos/Modulo bienestar-eventos' successfully

2022-04-04 12:50:22 - [TEST_STEP][PASSED] - if (waitForElementClickable(findTestObject("M-OBJECTS TAREAS SECUNDARIAS/Pruebas Bienestar/Crear_un_Evento/td_Prueba-S"), 1)): null

2022-04-04 12:50:23 - [MESSAGE][PASSED] - Object 'Object Repository/M-OBJECTS TAREAS SECUNDARIAS/Pruebas Bienestar/Crear_un_Evento/td_Prueba-S' is clickable

2022-04-04 12:50:23 - [TEST_STEP][PASSED] - click(findTestObject("M-OBJECTS TAREAS SECUNDARIAS/Pruebas Bienestar/Crear_un_Evento/td_Prueba-S")): Object: 'Object Repository/M-OBJECTS TAREAS SECUNDARIAS/Pruebas Bienestar/Crear_un_Evento/td_Prueba-S' is clicked on

2022-04-04 12:50:23 - [MESSAGE][PASSED] - Object: 'Object Repository/M-OBJECTS TAREAS SECUNDARIAS/Pruebas Bienestar/Crear_un_Evento/td_Prueba-S' is clicked on

2022-04-04 12:50:23 - [TEST_STEP][PASSED] - click(findTestObject("M-OBJECTS TAREAS SECUNDARIAS/Pruebas Bienestar/Crear_un_Evento/a_CostoEvento")): Object: 'Object Repository/M-OBJECTS TAREAS SECUNDARIAS/Pruebas Bienestar/Crear_un_Evento/a_CostoEvento' is clicked on

2022-04-04 12:50:24 - [MESSAGE][PASSED] - Object: 'Object Repository/M-OBJECTS TAREAS SECUNDARIAS/Pruebas Bienestar/Crear_un_Evento/a_CostoEvento' is clicked on

2022-04-04 12:50:24 - [TEST_STEP][PASSED] - if (waitForElementClickable(findTestObject("M-OBJECTS TAREAS SECUNDARIAS/Pruebas Bienestar/Crear_un_Evento/td_SALON 1"), 1)): Web element with id: 'Object Repository/M-OBJECTS TAREAS SECUNDARIAS/Pruebas Bienestar/Crear_un_Evento/td_SALON 1' located by '(.//*[normalize-space(text()) and normalize-space(.)='TEST FB'])[2]/preceding::td[4]' not found

2022-04-04 12:50:26 - [MESSAGE][INFO] - Unable to find the element located by 'By.xpath: (.//*[normalize-space(text()) and normalize-space(.)='TEST FB'])[2]/preceding::td[4]'. Please recheck the objects properties to make sure the desired element is located. 

2022-04-04 12:50:26 - [MESSAGE][WARNING] - Web element with id: 'Object Repository/M-OBJECTS TAREAS SECUNDARIAS/Pruebas Bienestar/Crear_un_Evento/td_SALON 1' located by '(.//*[normalize-space(text()) and normalize-space(.)='TEST FB'])[2]/preceding::td[4]' not found

2022-04-04 12:50:26 - [TEST_STEP][PASSED] - click(findTestObject("M-OBJECTS TAREAS SECUNDARIAS/Pruebas Bienestar/Crear_un_Evento/a_Momento Eventos")): Object: 'Object Repository/M-OBJECTS TAREAS SECUNDARIAS/Pruebas Bienestar/Crear_un_Evento/a_Momento Eventos' is clicked on

2022-04-04 12:50:27 - [MESSAGE][PASSED] - Object: 'Object Repository/M-OBJECTS TAREAS SECUNDARIAS/Pruebas Bienestar/Crear_un_Evento/a_Momento Eventos' is clicked on

2022-04-04 12:50:27 - [TEST_STEP][PASSED] - if (waitForElementClickable(findTestObject("M-OBJECTS TAREAS SECUNDARIAS/Pruebas Bienestar/Crear_un_Evento/td_02112021"), 1)): null

2022-04-04 12:50:27 - [MESSAGE][PASSED] - Object 'Object Repository/M-OBJECTS TAREAS SECUNDARIAS/Pruebas Bienestar/Crear_un_Evento/td_02112021' is clickable

2022-04-04 12:50:27 - [TEST_STEP][PASSED] - click(findTestObject("M-OBJECTS TAREAS SECUNDARIAS/Pruebas Bienestar/Crear_un_Evento/td_02112021")): Object: 'Object Repository/M-OBJECTS TAREAS SECUNDARIAS/Pruebas Bienestar/Crear_un_Evento/td_02112021' is clicked on

2022-04-04 12:50:28 - [MESSAGE][PASSED] - Object: 'Object Repository/M-OBJECTS TAREAS SECUNDARIAS/Pruebas Bienestar/Crear_un_Evento/td_02112021' is clicked on

2022-04-04 12:50:28 - [TEST_STEP][PASSED] - if (waitForElementClickable(findTestObject("M-OBJECTS TAREAS SECUNDARIAS/Pruebas Bienestar/Crear_un_Evento/a_MAR-MIE 0500-0600_popupMomentoEvento_formtablaMomentoEventoHorarioPopup0j_idt1582"), 1)): Web element with id: 'Object Repository/M-OBJECTS TAREAS SECUNDARIAS/Pruebas Bienestar/Crear_un_Evento/a_MAR-MIE 0500-0600_popupMomentoEvento_formtablaMomentoEventoHorarioPopup0j_idt1582' located by '//tbody/tr/td[4]/a' not found

2022-04-04 12:50:30 - [MESSAGE][INFO] - Unable to find the element located by 'By.xpath: //tbody/tr/td[4]/a'. Please recheck the objects properties to make sure the desired element is located. 

2022-04-04 12:50:30 - [MESSAGE][WARNING] - Web element with id: 'Object Repository/M-OBJECTS TAREAS SECUNDARIAS/Pruebas Bienestar/Crear_un_Evento/a_MAR-MIE 0500-0600_popupMomentoEvento_formtablaMomentoEventoHorarioPopup0j_idt1582' located by '//tbody/tr/td[4]/a' not found

2022-04-04 12:50:30 - [TEST_STEP][PASSED] - click(findTestObject("M-OBJECTS TAREAS SECUNDARIAS/Pruebas Bienestar/Crear_un_Evento/a_Eliminar")): Object: 'Object Repository/M-OBJECTS TAREAS SECUNDARIAS/Pruebas Bienestar/Crear_un_Evento/a_Eliminar' is clicked on

2022-04-04 12:50:31 - [MESSAGE][PASSED] - Object: 'Object Repository/M-OBJECTS TAREAS SECUNDARIAS/Pruebas Bienestar/Crear_un_Evento/a_Eliminar' is clicked on

2022-04-04 12:50:31 - [TEST_STEP][PASSED] - click(findTestObject("M-OBJECTS TAREAS SECUNDARIAS/Pruebas Bienestar/Crear_un_Evento/a_Aceptar0")): Object: 'Object Repository/M-OBJECTS TAREAS SECUNDARIAS/Pruebas Bienestar/Crear_un_Evento/a_Aceptar0' is clicked on

2022-04-04 12:50:31 - [MESSAGE][PASSED] - Object: 'Object Repository/M-OBJECTS TAREAS SECUNDARIAS/Pruebas Bienestar/Crear_un_Evento/a_Aceptar0' is clicked on

2022-04-04 12:50:31 - [TEST_STEP][PASSED] - click(findTestObject("M-OBJECTS TAREAS SECUNDARIAS/Pruebas Bienestar/Crear_un_Evento/div_Evaluacin")): Object: 'Object Repository/M-OBJECTS TAREAS SECUNDARIAS/Pruebas Bienestar/Crear_un_Evento/div_Evaluacin' is clicked on

2022-04-04 12:50:32 - [MESSAGE][PASSED] - Object: 'Object Repository/M-OBJECTS TAREAS SECUNDARIAS/Pruebas Bienestar/Crear_un_Evento/div_Evaluacin' is clicked on

2022-04-04 12:50:32 - [TEST_STEP][PASSED] - click(findTestObject("M-OBJECTS TAREAS SECUNDARIAS/Pruebas Bienestar/Crear_un_Evento/a_Evento0")): Object: 'Object Repository/M-OBJECTS TAREAS SECUNDARIAS/Pruebas Bienestar/Crear_un_Evento/a_Evento0' is clicked on

2022-04-04 12:50:32 - [MESSAGE][PASSED] - Object: 'Object Repository/M-OBJECTS TAREAS SECUNDARIAS/Pruebas Bienestar/Crear_un_Evento/a_Evento0' is clicked on

2022-04-04 12:50:32 - [TEST_STEP][PASSED] - if (waitForElementVisible(findTestObject("M-OBJECTS TAREAS SECUNDARIAS/Pruebas Bienestar/Crear_un_Evento/td_1010220596"), 1)): Web element with id: 'Object Repository/M-OBJECTS TAREAS SECUNDARIAS/Pruebas Bienestar/Crear_un_Evento/td_1010220596' located by '//*/text()[normalize-space(.)='1010220596']/parent::*' not found

2022-04-04 12:50:35 - [MESSAGE][INFO] - Unable to find the element located by 'By.xpath: //*/text()[normalize-space(.)='1010220596']/parent::*'. Please recheck the objects properties to make sure the desired element is located. 

2022-04-04 12:50:35 - [MESSAGE][WARNING] - Web element with id: 'Object Repository/M-OBJECTS TAREAS SECUNDARIAS/Pruebas Bienestar/Crear_un_Evento/td_1010220596' located by '//*/text()[normalize-space(.)='1010220596']/parent::*' not found

2022-04-04 12:50:35 - [TEST_STEP][PASSED] - click(findTestObject("M-OBJECTS TAREAS SECUNDARIAS/Pruebas Bienestar/Crear_un_Evento/div_Participante")): Object: 'Object Repository/M-OBJECTS TAREAS SECUNDARIAS/Pruebas Bienestar/Crear_un_Evento/div_Participante' is clicked on

2022-04-04 12:50:35 - [MESSAGE][PASSED] - Object: 'Object Repository/M-OBJECTS TAREAS SECUNDARIAS/Pruebas Bienestar/Crear_un_Evento/div_Participante' is clicked on

2022-04-04 12:50:35 - [TEST_STEP][PASSED] - click(findTestObject("M-OBJECTS TAREAS SECUNDARIAS/Pruebas Bienestar/Crear_un_Evento/a_Grupo")): Object: 'Object Repository/M-OBJECTS TAREAS SECUNDARIAS/Pruebas Bienestar/Crear_un_Evento/a_Grupo' is clicked on

2022-04-04 12:50:36 - [MESSAGE][PASSED] - Object: 'Object Repository/M-OBJECTS TAREAS SECUNDARIAS/Pruebas Bienestar/Crear_un_Evento/a_Grupo' is clicked on

2022-04-04 12:50:36 - [TEST_STEP][PASSED] - if (waitForElementVisible(findTestObject("M-OBJECTS TAREAS SECUNDARIAS/Pruebas Bienestar/Crear_un_Evento/td_PRUEBAS K"), 1)): Web element with id: 'Object Repository/M-OBJECTS TAREAS SECUNDARIAS/Pruebas Bienestar/Crear_un_Evento/td_PRUEBAS K' located by '//*/text()[normalize-space(.)='PRUEBAS K']/parent::*' not found

2022-04-04 12:50:38 - [MESSAGE][INFO] - Unable to find the element located by 'By.xpath: //*/text()[normalize-space(.)='PRUEBAS K']/parent::*'. Please recheck the objects properties to make sure the desired element is located. 

2022-04-04 12:50:38 - [MESSAGE][WARNING] - Web element with id: 'Object Repository/M-OBJECTS TAREAS SECUNDARIAS/Pruebas Bienestar/Crear_un_Evento/td_PRUEBAS K' located by '//*/text()[normalize-space(.)='PRUEBAS K']/parent::*' not found

2022-04-04 12:50:38 - [TEST_STEP][PASSED] - click(findTestObject("M-OBJECTS TAREAS SECUNDARIAS/Pruebas Bienestar/Crear_un_Evento/div_Evaluacin")): Object: 'Object Repository/M-OBJECTS TAREAS SECUNDARIAS/Pruebas Bienestar/Crear_un_Evento/div_Evaluacin' is clicked on

2022-04-04 12:50:38 - [MESSAGE][PASSED] - Object: 'Object Repository/M-OBJECTS TAREAS SECUNDARIAS/Pruebas Bienestar/Crear_un_Evento/div_Evaluacin' is clicked on

2022-04-04 12:50:38 - [TEST_STEP][PASSED] - click(findTestObject("M-OBJECTS TAREAS SECUNDARIAS/Pruebas Bienestar/Crear_un_Evento/a_Evento0")): Object: 'Object Repository/M-OBJECTS TAREAS SECUNDARIAS/Pruebas Bienestar/Crear_un_Evento/a_Evento0' is clicked on

2022-04-04 12:50:39 - [MESSAGE][PASSED] - Object: 'Object Repository/M-OBJECTS TAREAS SECUNDARIAS/Pruebas Bienestar/Crear_un_Evento/a_Evento0' is clicked on

2022-04-04 12:50:39 - [TEST_STEP][PASSED] - if (waitForElementVisible(findTestObject("M-OBJECTS TAREAS SECUNDARIAS/Pruebas Bienestar/Crear_un_Evento/a_No Diligenciada_formEventoEvaluacionpanel_eventotablaEvaluacion0j_idt881"), 1)): Web element with id: 'Object Repository/M-OBJECTS TAREAS SECUNDARIAS/Pruebas Bienestar/Crear_un_Evento/a_No Diligenciada_formEventoEvaluacionpanel_eventotablaEvaluacion0j_idt881' located by '//td[10]/a' not found

2022-04-04 12:50:41 - [MESSAGE][INFO] - Unable to find the element located by 'By.xpath: //td[10]/a'. Please recheck the objects properties to make sure the desired element is located. 

2022-04-04 12:50:41 - [MESSAGE][WARNING] - Web element with id: 'Object Repository/M-OBJECTS TAREAS SECUNDARIAS/Pruebas Bienestar/Crear_un_Evento/a_No Diligenciada_formEventoEvaluacionpanel_eventotablaEvaluacion0j_idt881' located by '//td[10]/a' not found

2022-04-04 12:50:41 - [TEST_STEP][PASSED] - click(findTestObject("M-OBJECTS TAREAS SECUNDARIAS/Pruebas Bienestar/Crear_un_Evento/div_Datos Evento")): Object: 'Object Repository/M-OBJECTS TAREAS SECUNDARIAS/Pruebas Bienestar/Crear_un_Evento/div_Datos Evento' is clicked on

2022-04-04 12:50:41 - [MESSAGE][PASSED] - Object: 'Object Repository/M-OBJECTS TAREAS SECUNDARIAS/Pruebas Bienestar/Crear_un_Evento/div_Datos Evento' is clicked on

2022-04-04 12:50:41 - [TEST_STEP][PASSED] - click(findTestObject("M-OBJECTS TAREAS SECUNDARIAS/Pruebas Bienestar/Crear_un_Evento/a_Publicacin")): Object: 'Object Repository/M-OBJECTS TAREAS SECUNDARIAS/Pruebas Bienestar/Crear_un_Evento/a_Publicacin' is clicked on

2022-04-04 12:50:42 - [MESSAGE][PASSED] - Object: 'Object Repository/M-OBJECTS TAREAS SECUNDARIAS/Pruebas Bienestar/Crear_un_Evento/a_Publicacin' is clicked on

2022-04-04 12:50:42 - [TEST_STEP][PASSED] - if (waitForElementVisible(findTestObject("M-OBJECTS TAREAS SECUNDARIAS/Pruebas Bienestar/Crear_un_Evento/a_Eliminar_http"), 1)): Web element with id: 'Object Repository/M-OBJECTS TAREAS SECUNDARIAS/Pruebas Bienestar/Crear_un_Evento/a_Eliminar_http' located by '//div/div/table/tbody/tr/td[3]/a' not found

2022-04-04 12:50:44 - [MESSAGE][INFO] - Unable to find the element located by 'By.xpath: //div/div/table/tbody/tr/td[3]/a'. Please recheck the objects properties to make sure the desired element is located. 

2022-04-04 12:50:44 - [MESSAGE][WARNING] - Web element with id: 'Object Repository/M-OBJECTS TAREAS SECUNDARIAS/Pruebas Bienestar/Crear_un_Evento/a_Eliminar_http' located by '//div/div/table/tbody/tr/td[3]/a' not found

2022-04-04 12:50:44 - [TEST_STEP][PASSED] - click(findTestObject("M-OBJECTS TAREAS SECUNDARIAS/Pruebas Bienestar/Crear_un_Evento/a_Entidades")): Object: 'Object Repository/M-OBJECTS TAREAS SECUNDARIAS/Pruebas Bienestar/Crear_un_Evento/a_Entidades' is clicked on

2022-04-04 12:50:45 - [MESSAGE][PASSED] - Object: 'Object Repository/M-OBJECTS TAREAS SECUNDARIAS/Pruebas Bienestar/Crear_un_Evento/a_Entidades' is clicked on

2022-04-04 12:50:45 - [TEST_STEP][PASSED] - if (waitForElementVisible(findTestObject("M-OBJECTS TAREAS SECUNDARIAS/Pruebas Bienestar/Crear_un_Evento/a_US_form_entidadlistaEntidades0j_idt630"), 1)): null

2022-04-04 12:50:45 - [MESSAGE][PASSED] - Object 'Object Repository/M-OBJECTS TAREAS SECUNDARIAS/Pruebas Bienestar/Crear_un_Evento/a_US_form_entidadlistaEntidades0j_idt630' is visible

2022-04-04 12:50:45 - [TEST_STEP][PASSED] - click(findTestObject("M-OBJECTS TAREAS SECUNDARIAS/Pruebas Bienestar/Crear_un_Evento/a_US_form_entidadlistaEntidades0j_idt630")): Object: 'Object Repository/M-OBJECTS TAREAS SECUNDARIAS/Pruebas Bienestar/Crear_un_Evento/a_US_form_entidadlistaEntidades0j_idt630' is clicked on

2022-04-04 12:50:46 - [MESSAGE][PASSED] - Object: 'Object Repository/M-OBJECTS TAREAS SECUNDARIAS/Pruebas Bienestar/Crear_un_Evento/a_US_form_entidadlistaEntidades0j_idt630' is clicked on

2022-04-04 12:50:46 - [TEST_STEP][PASSED] - click(findTestObject("M-OBJECTS TAREAS SECUNDARIAS/Pruebas Bienestar/Crear_un_Evento/a_Aceptar_Entidades")): Object: 'Object Repository/M-OBJECTS TAREAS SECUNDARIAS/Pruebas Bienestar/Crear_un_Evento/a_Aceptar_Entidades' is clicked on

2022-04-04 12:50:47 - [MESSAGE][PASSED] - Object: 'Object Repository/M-OBJECTS TAREAS SECUNDARIAS/Pruebas Bienestar/Crear_un_Evento/a_Aceptar_Entidades' is clicked on

2022-04-04 12:50:47 - [TEST_STEP][PASSED] - click(findTestObject("M-OBJECTS TAREAS SECUNDARIAS/Pruebas Bienestar/Crear_un_Evento/a_DirigidoA")): Object: 'Object Repository/M-OBJECTS TAREAS SECUNDARIAS/Pruebas Bienestar/Crear_un_Evento/a_DirigidoA' is clicked on

2022-04-04 12:50:47 - [MESSAGE][PASSED] - Object: 'Object Repository/M-OBJECTS TAREAS SECUNDARIAS/Pruebas Bienestar/Crear_un_Evento/a_DirigidoA' is clicked on

2022-04-04 12:50:47 - [TEST_STEP][PASSED] - if (waitForElementVisible(findTestObject("M-OBJECTS TAREAS SECUNDARIAS/Pruebas Bienestar/Crear_un_Evento/a_Edad_form_condicionDerechoTipoBeneftabla_ventanaCDTB0j_idt797"), 1)): null

2022-04-04 12:50:49 - [MESSAGE][PASSED] - Object 'Object Repository/M-OBJECTS TAREAS SECUNDARIAS/Pruebas Bienestar/Crear_un_Evento/a_Edad_form_condicionDerechoTipoBeneftabla_ventanaCDTB0j_idt797' is visible

2022-04-04 12:50:49 - [TEST_STEP][PASSED] - click(findTestObject("M-OBJECTS TAREAS SECUNDARIAS/Pruebas Bienestar/Crear_un_Evento/a_Edad_form_condicionDerechoTipoBeneftabla_ventanaCDTB0j_idt797"), STOP_ON_FAILURE): Object: 'Object Repository/M-OBJECTS TAREAS SECUNDARIAS/Pruebas Bienestar/Crear_un_Evento/a_Edad_form_condicionDerechoTipoBeneftabla_ventanaCDTB0j_idt797' is clicked on

2022-04-04 12:50:49 - [MESSAGE][PASSED] - Object: 'Object Repository/M-OBJECTS TAREAS SECUNDARIAS/Pruebas Bienestar/Crear_un_Evento/a_Edad_form_condicionDerechoTipoBeneftabla_ventanaCDTB0j_idt797' is clicked on

2022-04-04 12:50:49 - [TEST_STEP][PASSED] - click(findTestObject("M-OBJECTS TAREAS SECUNDARIAS/Pruebas Bienestar/Crear_un_Evento/a_Aceptar_DirigidoA")): Object: 'Object Repository/M-OBJECTS TAREAS SECUNDARIAS/Pruebas Bienestar/Crear_un_Evento/a_Aceptar_DirigidoA' is clicked on

2022-04-04 12:50:50 - [MESSAGE][PASSED] - Object: 'Object Repository/M-OBJECTS TAREAS SECUNDARIAS/Pruebas Bienestar/Crear_un_Evento/a_Aceptar_DirigidoA' is clicked on

2022-04-04 12:50:50 - [TEST_STEP][PASSED] - click(findTestObject("M-OBJECTS TAREAS SECUNDARIAS/Pruebas Bienestar/Crear_un_Evento/div_Recursos")): Object: 'Object Repository/M-OBJECTS TAREAS SECUNDARIAS/Pruebas Bienestar/Crear_un_Evento/div_Recursos' is clicked on

2022-04-04 12:50:50 - [MESSAGE][PASSED] - Object: 'Object Repository/M-OBJECTS TAREAS SECUNDARIAS/Pruebas Bienestar/Crear_un_Evento/div_Recursos' is clicked on

2022-04-04 12:50:50 - [TEST_STEP][PASSED] - click(findTestObject("M-OBJECTS TAREAS SECUNDARIAS/Pruebas Bienestar/Crear_un_Evento/a_Logsticos")): Object: 'Object Repository/M-OBJECTS TAREAS SECUNDARIAS/Pruebas Bienestar/Crear_un_Evento/a_Logsticos' is clicked on

2022-04-04 12:50:51 - [MESSAGE][PASSED] - Object: 'Object Repository/M-OBJECTS TAREAS SECUNDARIAS/Pruebas Bienestar/Crear_un_Evento/a_Logsticos' is clicked on

2022-04-04 12:50:51 - [TEST_STEP][PASSED] - if (waitForElementVisible(findTestObject("M-OBJECTS TAREAS SECUNDARIAS/Pruebas Bienestar/Crear_un_Evento/a_INDISPENSABLE_formRecursoLogisticopanel_recursostabla_recursos0j_idt951"), 1)): Web element with id: 'Object Repository/M-OBJECTS TAREAS SECUNDARIAS/Pruebas Bienestar/Crear_un_Evento/a_INDISPENSABLE_formRecursoLogisticopanel_recursostabla_recursos0j_idt951' located by '//div/div/table/tbody/tr/td[3]/a' not found

2022-04-04 12:50:53 - [MESSAGE][INFO] - Unable to find the element located by 'By.xpath: //div/div/table/tbody/tr/td[3]/a'. Please recheck the objects properties to make sure the desired element is located. 

2022-04-04 12:50:53 - [MESSAGE][WARNING] - Web element with id: 'Object Repository/M-OBJECTS TAREAS SECUNDARIAS/Pruebas Bienestar/Crear_un_Evento/a_INDISPENSABLE_formRecursoLogisticopanel_recursostabla_recursos0j_idt951' located by '//div/div/table/tbody/tr/td[3]/a' not found

2022-04-04 12:50:53 - [TEST_STEP][PASSED] - click(findTestObject("M-OBJECTS TAREAS SECUNDARIAS/Pruebas Bienestar/Crear_un_Evento/div_Datos Evento")): Object: 'Object Repository/M-OBJECTS TAREAS SECUNDARIAS/Pruebas Bienestar/Crear_un_Evento/div_Datos Evento' is clicked on

2022-04-04 12:50:53 - [MESSAGE][PASSED] - Object: 'Object Repository/M-OBJECTS TAREAS SECUNDARIAS/Pruebas Bienestar/Crear_un_Evento/div_Datos Evento' is clicked on

2022-04-04 12:50:53 - [TEST_STEP][PASSED] - click(findTestObject("M-OBJECTS TAREAS SECUNDARIAS/Pruebas Bienestar/Crear_un_Evento/a_Registro")): Object: 'Object Repository/M-OBJECTS TAREAS SECUNDARIAS/Pruebas Bienestar/Crear_un_Evento/a_Registro' is clicked on

2022-04-04 12:50:54 - [MESSAGE][PASSED] - Object: 'Object Repository/M-OBJECTS TAREAS SECUNDARIAS/Pruebas Bienestar/Crear_un_Evento/a_Registro' is clicked on

2022-04-04 12:50:54 - [TEST_STEP][PASSED] - if (waitForElementPresent(findTestObject("M-OBJECTS TAREAS SECUNDARIAS/Pruebas Bienestar/Crear_un_Evento/td_MAR-MIE 0500-0600"), 1)): Object 'Object Repository/M-OBJECTS TAREAS SECUNDARIAS/Pruebas Bienestar/Crear_un_Evento/td_MAR-MIE 0500-0600' is not present after 1 second(s)

2022-04-04 12:50:56 - [MESSAGE][INFO] - Unable to find the element located by 'By.xpath: //td/div/div/table/tbody/tr/td[3]'. Please recheck the objects properties to make sure the desired element is located. 

2022-04-04 12:50:56 - [MESSAGE][WARNING] - Object 'Object Repository/M-OBJECTS TAREAS SECUNDARIAS/Pruebas Bienestar/Crear_un_Evento/td_MAR-MIE 0500-0600' is not present after 1 second(s)

2022-04-04 12:50:56 - [TEST_STEP][PASSED] - click(findTestObject("M-OBJECTS TAREAS SECUNDARIAS/Pruebas Bienestar/Crear_un_Evento/a_Eliminar")): Object: 'Object Repository/M-OBJECTS TAREAS SECUNDARIAS/Pruebas Bienestar/Crear_un_Evento/a_Eliminar' is clicked on

2022-04-04 12:50:56 - [MESSAGE][PASSED] - Object: 'Object Repository/M-OBJECTS TAREAS SECUNDARIAS/Pruebas Bienestar/Crear_un_Evento/a_Eliminar' is clicked on

2022-04-04 12:50:56 - [TEST_STEP][PASSED] - click(findTestObject("M-OBJECTS TAREAS SECUNDARIAS/Pruebas Bienestar/Crear_un_Evento/a_Aceptar2")): Object: 'Object Repository/M-OBJECTS TAREAS SECUNDARIAS/Pruebas Bienestar/Crear_un_Evento/a_Aceptar2' is clicked on

2022-04-04 12:50:57 - [MESSAGE][PASSED] - Object: 'Object Repository/M-OBJECTS TAREAS SECUNDARIAS/Pruebas Bienestar/Crear_un_Evento/a_Aceptar2' is clicked on

2022-04-04 12:50:57 - [TEST_STEP][PASSED] - if (waitForElementClickable(findTestObject("M-OBJECTS TAREAS SECUNDARIAS/Pruebas Bienestar/Crear_un_Evento/td_Prueba-S-SH"), 1)): null

2022-04-04 12:50:58 - [MESSAGE][PASSED] - Object 'Object Repository/M-OBJECTS TAREAS SECUNDARIAS/Pruebas Bienestar/Crear_un_Evento/td_Prueba-S-SH' is clickable

2022-04-04 12:50:58 - [TEST_STEP][PASSED] - click(findTestObject("M-OBJECTS TAREAS SECUNDARIAS/Pruebas Bienestar/Crear_un_Evento/td_Prueba-S-SH")): Object: 'Object Repository/M-OBJECTS TAREAS SECUNDARIAS/Pruebas Bienestar/Crear_un_Evento/td_Prueba-S-SH' is clicked on

2022-04-04 12:50:58 - [MESSAGE][PASSED] - Object: 'Object Repository/M-OBJECTS TAREAS SECUNDARIAS/Pruebas Bienestar/Crear_un_Evento/td_Prueba-S-SH' is clicked on

2022-04-04 12:50:58 - [TEST_STEP][PASSED] - click(findTestObject("M-OBJECTS TAREAS SECUNDARIAS/Pruebas Bienestar/Crear_un_Evento/div_Participante")): Object: 'Object Repository/M-OBJECTS TAREAS SECUNDARIAS/Pruebas Bienestar/Crear_un_Evento/div_Participante' is clicked on

2022-04-04 12:51:00 - [MESSAGE][PASSED] - Object: 'Object Repository/M-OBJECTS TAREAS SECUNDARIAS/Pruebas Bienestar/Crear_un_Evento/div_Participante' is clicked on

2022-04-04 12:51:00 - [TEST_STEP][PASSED] - click(findTestObject("M-OBJECTS TAREAS SECUNDARIAS/Pruebas Bienestar/Crear_un_Evento/a_Sancionados")): Object: 'Object Repository/M-OBJECTS TAREAS SECUNDARIAS/Pruebas Bienestar/Crear_un_Evento/a_Sancionados' is clicked on

2022-04-04 12:51:00 - [MESSAGE][PASSED] - Object: 'Object Repository/M-OBJECTS TAREAS SECUNDARIAS/Pruebas Bienestar/Crear_un_Evento/a_Sancionados' is clicked on

2022-04-04 12:51:00 - [TEST_STEP][PASSED] - if (waitForElementVisible(findTestObject("M-OBJECTS TAREAS SECUNDARIAS/Pruebas Bienestar/Crear_un_Evento/a_PRUEBAS K_form_sancionadoslistaSancionados0j_idt645"), 1)): Web element with id: 'Object Repository/M-OBJECTS TAREAS SECUNDARIAS/Pruebas Bienestar/Crear_un_Evento/a_PRUEBAS K_form_sancionadoslistaSancionados0j_idt645' located by '//div/div/table/tbody/tr/td[3]/a' not found

2022-04-04 12:51:02 - [MESSAGE][INFO] - Unable to find the element located by 'By.xpath: //div/div/table/tbody/tr/td[3]/a'. Please recheck the objects properties to make sure the desired element is located. 

2022-04-04 12:51:02 - [MESSAGE][WARNING] - Web element with id: 'Object Repository/M-OBJECTS TAREAS SECUNDARIAS/Pruebas Bienestar/Crear_un_Evento/a_PRUEBAS K_form_sancionadoslistaSancionados0j_idt645' located by '//div/div/table/tbody/tr/td[3]/a' not found

2022-04-04 12:51:02 - [TEST_STEP][PASSED] - click(findTestObject("M-OBJECTS TAREAS SECUNDARIAS/Pruebas Bienestar/Crear_un_Evento/a_Cambiar")): Object: 'Object Repository/M-OBJECTS TAREAS SECUNDARIAS/Pruebas Bienestar/Crear_un_Evento/a_Cambiar' is clicked on

2022-04-04 12:51:03 - [MESSAGE][PASSED] - Object: 'Object Repository/M-OBJECTS TAREAS SECUNDARIAS/Pruebas Bienestar/Crear_un_Evento/a_Cambiar' is clicked on

2022-04-04 12:51:03 - [TEST_STEP][PASSED] - if (waitForElementVisible(findTestObject("M-OBJECTS TAREAS SECUNDARIAS/Pruebas Bienestar/Crear_un_Evento/td_A A A0"), 1)): Web element with id: 'Object Repository/M-OBJECTS TAREAS SECUNDARIAS/Pruebas Bienestar/Crear_un_Evento/td_A A A0' located by '//*/text()[normalize-space(.)='A A A']/parent::*' not found

2022-04-04 12:51:05 - [MESSAGE][INFO] - Unable to find the element located by 'By.xpath: //*/text()[normalize-space(.)='A A A']/parent::*'. Please recheck the objects properties to make sure the desired element is located. 

2022-04-04 12:51:05 - [MESSAGE][WARNING] - Web element with id: 'Object Repository/M-OBJECTS TAREAS SECUNDARIAS/Pruebas Bienestar/Crear_un_Evento/td_A A A0' located by '//*/text()[normalize-space(.)='A A A']/parent::*' not found

2022-04-04 12:51:05 - [TEST_STEP][PASSED] - if (waitForElementVisible(findTestObject("M-OBJECTS TAREAS SECUNDARIAS/Pruebas Bienestar/Crear_un_Evento/td_Diaz Blanco Guisell0"), 1)): Web element with id: 'Object Repository/M-OBJECTS TAREAS SECUNDARIAS/Pruebas Bienestar/Crear_un_Evento/td_Diaz Blanco Guisell0' located by '//*/text()[normalize-space(.)='Diaz Blanco Guisell']/parent::*' not found

2022-04-04 12:51:07 - [MESSAGE][INFO] - Unable to find the element located by 'By.xpath: //*/text()[normalize-space(.)='Diaz Blanco Guisell']/parent::*'. Please recheck the objects properties to make sure the desired element is located. 

2022-04-04 12:51:07 - [MESSAGE][WARNING] - Web element with id: 'Object Repository/M-OBJECTS TAREAS SECUNDARIAS/Pruebas Bienestar/Crear_un_Evento/td_Diaz Blanco Guisell0' located by '//*/text()[normalize-space(.)='Diaz Blanco Guisell']/parent::*' not found

2022-04-04 12:51:07 - [TEST_STEP][PASSED] - click(findTestObject("M-OBJECTS TAREAS SECUNDARIAS/Pruebas Bienestar/Crear_un_Evento/a_Individual")): Object: 'Object Repository/M-OBJECTS TAREAS SECUNDARIAS/Pruebas Bienestar/Crear_un_Evento/a_Individual' is clicked on

2022-04-04 12:51:08 - [MESSAGE][PASSED] - Object: 'Object Repository/M-OBJECTS TAREAS SECUNDARIAS/Pruebas Bienestar/Crear_un_Evento/a_Individual' is clicked on

2022-04-04 12:51:08 - [TEST_STEP][PASSED] - if (waitForElementVisible(findTestObject("M-OBJECTS TAREAS SECUNDARIAS/Pruebas Bienestar/Crear_un_Evento/td_A A A1"), 1)): Web element with id: 'Object Repository/M-OBJECTS TAREAS SECUNDARIAS/Pruebas Bienestar/Crear_un_Evento/td_A A A1' located by '//*/text()[normalize-space(.)='A A A']/parent::*' not found

2022-04-04 12:51:10 - [MESSAGE][INFO] - Unable to find the element located by 'By.xpath: //*/text()[normalize-space(.)='A A A']/parent::*'. Please recheck the objects properties to make sure the desired element is located. 

2022-04-04 12:51:10 - [MESSAGE][WARNING] - Web element with id: 'Object Repository/M-OBJECTS TAREAS SECUNDARIAS/Pruebas Bienestar/Crear_un_Evento/td_A A A1' located by '//*/text()[normalize-space(.)='A A A']/parent::*' not found

2022-04-04 12:51:10 - [TEST_STEP][PASSED] - if (waitForElementVisible(findTestObject("M-OBJECTS TAREAS SECUNDARIAS/Pruebas Bienestar/Crear_un_Evento/td_Diaz Blanco Guisell1"), 1)): Web element with id: 'Object Repository/M-OBJECTS TAREAS SECUNDARIAS/Pruebas Bienestar/Crear_un_Evento/td_Diaz Blanco Guisell1' located by '//*/text()[normalize-space(.)='Diaz Blanco Guisell']/parent::*' not found

2022-04-04 12:51:12 - [MESSAGE][INFO] - Unable to find the element located by 'By.xpath: //*/text()[normalize-space(.)='Diaz Blanco Guisell']/parent::*'. Please recheck the objects properties to make sure the desired element is located. 

2022-04-04 12:51:12 - [MESSAGE][WARNING] - Web element with id: 'Object Repository/M-OBJECTS TAREAS SECUNDARIAS/Pruebas Bienestar/Crear_un_Evento/td_Diaz Blanco Guisell1' located by '//*/text()[normalize-space(.)='Diaz Blanco Guisell']/parent::*' not found

2022-04-04 12:51:12 - [TEST_STEP][PASSED] - click(findTestObject("M-OBJECTS TAREAS SECUNDARIAS/Pruebas Bienestar/Crear_un_Evento/div_Datos Evento")): Object: 'Object Repository/M-OBJECTS TAREAS SECUNDARIAS/Pruebas Bienestar/Crear_un_Evento/div_Datos Evento' is clicked on

2022-04-04 12:51:13 - [MESSAGE][PASSED] - Object: 'Object Repository/M-OBJECTS TAREAS SECUNDARIAS/Pruebas Bienestar/Crear_un_Evento/div_Datos Evento' is clicked on

2022-04-04 12:51:13 - [TEST_STEP][PASSED] - click(findTestObject("M-OBJECTS TAREAS SECUNDARIAS/Pruebas Bienestar/Crear_un_Evento/a_DirigidoA")): Object: 'Object Repository/M-OBJECTS TAREAS SECUNDARIAS/Pruebas Bienestar/Crear_un_Evento/a_DirigidoA' is clicked on

2022-04-04 12:51:13 - [MESSAGE][PASSED] - Object: 'Object Repository/M-OBJECTS TAREAS SECUNDARIAS/Pruebas Bienestar/Crear_un_Evento/a_DirigidoA' is clicked on

2022-04-04 12:51:13 - [TEST_STEP][PASSED] - if (waitForElementVisible(findTestObject("M-OBJECTS TAREAS SECUNDARIAS/Pruebas Bienestar/Crear_un_Evento/a_Edad_form_condicionDerechoTipoBeneftabla_ventanaCDTB0j_idt797"), 1)): null

2022-04-04 12:51:14 - [MESSAGE][PASSED] - Object 'Object Repository/M-OBJECTS TAREAS SECUNDARIAS/Pruebas Bienestar/Crear_un_Evento/a_Edad_form_condicionDerechoTipoBeneftabla_ventanaCDTB0j_idt797' is visible

2022-04-04 12:51:14 - [TEST_STEP][PASSED] - click(findTestObject("M-OBJECTS TAREAS SECUNDARIAS/Pruebas Bienestar/Crear_un_Evento/a_Edad_form_condicionDerechoTipoBeneftabla_ventanaCDTB0j_idt797")): Object: 'Object Repository/M-OBJECTS TAREAS SECUNDARIAS/Pruebas Bienestar/Crear_un_Evento/a_Edad_form_condicionDerechoTipoBeneftabla_ventanaCDTB0j_idt797' is clicked on

2022-04-04 12:51:14 - [MESSAGE][PASSED] - Object: 'Object Repository/M-OBJECTS TAREAS SECUNDARIAS/Pruebas Bienestar/Crear_un_Evento/a_Edad_form_condicionDerechoTipoBeneftabla_ventanaCDTB0j_idt797' is clicked on

2022-04-04 12:51:14 - [TEST_STEP][PASSED] - click(findTestObject("M-OBJECTS TAREAS SECUNDARIAS/Pruebas Bienestar/Crear_un_Evento/a_Aceptar_eliminar_dirigidoA")): Object: 'Object Repository/M-OBJECTS TAREAS SECUNDARIAS/Pruebas Bienestar/Crear_un_Evento/a_Aceptar_eliminar_dirigidoA' is clicked on

2022-04-04 12:51:15 - [MESSAGE][PASSED] - Object: 'Object Repository/M-OBJECTS TAREAS SECUNDARIAS/Pruebas Bienestar/Crear_un_Evento/a_Aceptar_eliminar_dirigidoA' is clicked on

2022-04-04 12:51:15 - [TEST_STEP][PASSED] - click(findTestObject("M-OBJECTS TAREAS SECUNDARIAS/Pruebas Bienestar/Crear_un_Evento/a_Instructores")): Object: 'Object Repository/M-OBJECTS TAREAS SECUNDARIAS/Pruebas Bienestar/Crear_un_Evento/a_Instructores' is clicked on

2022-04-04 12:51:16 - [MESSAGE][PASSED] - Object: 'Object Repository/M-OBJECTS TAREAS SECUNDARIAS/Pruebas Bienestar/Crear_un_Evento/a_Instructores' is clicked on

2022-04-04 12:51:16 - [TEST_STEP][PASSED] - if (waitForElementVisible(findTestObject("M-OBJECTS TAREAS SECUNDARIAS/Pruebas Bienestar/Crear_un_Evento/a_Instructores_form_entrenadorlistaEntrenadores0j_idt620"), 1)): null

2022-04-04 12:51:17 - [MESSAGE][PASSED] - Object 'Object Repository/M-OBJECTS TAREAS SECUNDARIAS/Pruebas Bienestar/Crear_un_Evento/a_Instructores_form_entrenadorlistaEntrenadores0j_idt620' is visible

2022-04-04 12:51:17 - [TEST_STEP][PASSED] - click(findTestObject("M-OBJECTS TAREAS SECUNDARIAS/Pruebas Bienestar/Crear_un_Evento/a_Instructores_form_entrenadorlistaEntrenadores0j_idt620")): Object: 'Object Repository/M-OBJECTS TAREAS SECUNDARIAS/Pruebas Bienestar/Crear_un_Evento/a_Instructores_form_entrenadorlistaEntrenadores0j_idt620' is clicked on

2022-04-04 12:51:17 - [MESSAGE][PASSED] - Object: 'Object Repository/M-OBJECTS TAREAS SECUNDARIAS/Pruebas Bienestar/Crear_un_Evento/a_Instructores_form_entrenadorlistaEntrenadores0j_idt620' is clicked on

2022-04-04 12:51:17 - [TEST_STEP][PASSED] - click(findTestObject("M-OBJECTS TAREAS SECUNDARIAS/Pruebas Bienestar/Crear_un_Evento/a_Aceptar_eliminar_instructor")): Object: 'Object Repository/M-OBJECTS TAREAS SECUNDARIAS/Pruebas Bienestar/Crear_un_Evento/a_Aceptar_eliminar_instructor' is clicked on

2022-04-04 12:51:18 - [MESSAGE][PASSED] - Object: 'Object Repository/M-OBJECTS TAREAS SECUNDARIAS/Pruebas Bienestar/Crear_un_Evento/a_Aceptar_eliminar_instructor' is clicked on

2022-04-04 12:51:18 - [TEST_STEP][PASSED] - click(findTestObject("M-OBJECTS TAREAS SECUNDARIAS/Pruebas Bienestar/Crear_un_Evento/a_Momento Eventos")): Object: 'Object Repository/M-OBJECTS TAREAS SECUNDARIAS/Pruebas Bienestar/Crear_un_Evento/a_Momento Eventos' is clicked on

2022-04-04 12:51:18 - [MESSAGE][PASSED] - Object: 'Object Repository/M-OBJECTS TAREAS SECUNDARIAS/Pruebas Bienestar/Crear_un_Evento/a_Momento Eventos' is clicked on

2022-04-04 12:51:18 - [TEST_STEP][PASSED] - if (waitForElementClickable(findTestObject("M-OBJECTS TAREAS SECUNDARIAS/Pruebas Bienestar/Crear_un_Evento/td_prueba-S-SH1"), 1)): null

2022-04-04 12:51:19 - [MESSAGE][PASSED] - Object 'Object Repository/M-OBJECTS TAREAS SECUNDARIAS/Pruebas Bienestar/Crear_un_Evento/td_prueba-S-SH1' is clickable

2022-04-04 12:51:19 - [TEST_STEP][PASSED] - click(findTestObject("M-OBJECTS TAREAS SECUNDARIAS/Pruebas Bienestar/Crear_un_Evento/td_prueba-S-SH1")): Object: 'Object Repository/M-OBJECTS TAREAS SECUNDARIAS/Pruebas Bienestar/Crear_un_Evento/td_prueba-S-SH1' is clicked on

2022-04-04 12:51:20 - [MESSAGE][PASSED] - Object: 'Object Repository/M-OBJECTS TAREAS SECUNDARIAS/Pruebas Bienestar/Crear_un_Evento/td_prueba-S-SH1' is clicked on

2022-04-04 12:51:20 - [TEST_STEP][PASSED] - if (waitForElementVisible(findTestObject("M-OBJECTS TAREAS SECUNDARIAS/Pruebas Bienestar/Crear_un_Evento/a_MAR-MIE 0500-0600_popupMomentoEvento_formtablaMomentoEventoHorarioPopup0j_idt1586"), 1)): Web element with id: 'Object Repository/M-OBJECTS TAREAS SECUNDARIAS/Pruebas Bienestar/Crear_un_Evento/a_MAR-MIE 0500-0600_popupMomentoEvento_formtablaMomentoEventoHorarioPopup0j_idt1586' located by '//tbody/tr/td[4]/a' not found

2022-04-04 12:51:22 - [MESSAGE][INFO] - Unable to find the element located by 'By.xpath: //tbody/tr/td[4]/a'. Please recheck the objects properties to make sure the desired element is located. 

2022-04-04 12:51:22 - [MESSAGE][WARNING] - Web element with id: 'Object Repository/M-OBJECTS TAREAS SECUNDARIAS/Pruebas Bienestar/Crear_un_Evento/a_MAR-MIE 0500-0600_popupMomentoEvento_formtablaMomentoEventoHorarioPopup0j_idt1586' located by '//tbody/tr/td[4]/a' not found

2022-04-04 12:51:22 - [TEST_STEP][PASSED] - click(findTestObject("M-OBJECTS TAREAS SECUNDARIAS/Pruebas Bienestar/Crear_un_Evento/a_Eliminar_momentoE")): Object: 'Object Repository/M-OBJECTS TAREAS SECUNDARIAS/Pruebas Bienestar/Crear_un_Evento/a_Eliminar_momentoE' is clicked on

2022-04-04 12:51:22 - [MESSAGE][PASSED] - Object: 'Object Repository/M-OBJECTS TAREAS SECUNDARIAS/Pruebas Bienestar/Crear_un_Evento/a_Eliminar_momentoE' is clicked on

2022-04-04 12:51:22 - [TEST_STEP][PASSED] - click(findTestObject("M-OBJECTS TAREAS SECUNDARIAS/Pruebas Bienestar/Crear_un_Evento/a_Aceptar_eliminar_momentoE")): Object: 'Object Repository/M-OBJECTS TAREAS SECUNDARIAS/Pruebas Bienestar/Crear_un_Evento/a_Aceptar_eliminar_momentoE' is clicked on

2022-04-04 12:51:23 - [MESSAGE][PASSED] - Object: 'Object Repository/M-OBJECTS TAREAS SECUNDARIAS/Pruebas Bienestar/Crear_un_Evento/a_Aceptar_eliminar_momentoE' is clicked on

2022-04-04 12:51:23 - [TEST_STEP][PASSED] - click(findTestObject("M-OBJECTS TAREAS SECUNDARIAS/Pruebas Bienestar/Crear_un_Evento/a_Publicacin")): Object: 'Object Repository/M-OBJECTS TAREAS SECUNDARIAS/Pruebas Bienestar/Crear_un_Evento/a_Publicacin' is clicked on

2022-04-04 12:51:24 - [MESSAGE][PASSED] - Object: 'Object Repository/M-OBJECTS TAREAS SECUNDARIAS/Pruebas Bienestar/Crear_un_Evento/a_Publicacin' is clicked on

2022-04-04 12:51:24 - [TEST_STEP][PASSED] - if (waitForElementVisible(findTestObject("M-OBJECTS TAREAS SECUNDARIAS/Pruebas Bienestar/Crear_un_Evento/a_Eliminar_http"), 1)): null

2022-04-04 12:51:25 - [MESSAGE][PASSED] - Object 'Object Repository/M-OBJECTS TAREAS SECUNDARIAS/Pruebas Bienestar/Crear_un_Evento/a_Eliminar_http' is visible

2022-04-04 12:51:25 - [TEST_STEP][PASSED] - click(findTestObject("M-OBJECTS TAREAS SECUNDARIAS/Pruebas Bienestar/Crear_un_Evento/a_Eliminar_http")): Object: 'Object Repository/M-OBJECTS TAREAS SECUNDARIAS/Pruebas Bienestar/Crear_un_Evento/a_Eliminar_http' is clicked on

2022-04-04 12:51:25 - [MESSAGE][PASSED] - Object: 'Object Repository/M-OBJECTS TAREAS SECUNDARIAS/Pruebas Bienestar/Crear_un_Evento/a_Eliminar_http' is clicked on

2022-04-04 12:51:25 - [TEST_STEP][PASSED] - click(findTestObject("M-OBJECTS TAREAS SECUNDARIAS/Pruebas Bienestar/Crear_un_Evento/span_Si")): Object: 'Object Repository/M-OBJECTS TAREAS SECUNDARIAS/Pruebas Bienestar/Crear_un_Evento/span_Si' is clicked on

2022-04-04 12:51:26 - [MESSAGE][PASSED] - Object: 'Object Repository/M-OBJECTS TAREAS SECUNDARIAS/Pruebas Bienestar/Crear_un_Evento/span_Si' is clicked on

2022-04-04 12:51:26 - [TEST_STEP][PASSED] - click(findTestObject("M-OBJECTS TAREAS SECUNDARIAS/Pruebas Bienestar/Crear_un_Evento/a_Entidades")): Object: 'Object Repository/M-OBJECTS TAREAS SECUNDARIAS/Pruebas Bienestar/Crear_un_Evento/a_Entidades' is clicked on

2022-04-04 12:51:27 - [MESSAGE][PASSED] - Object: 'Object Repository/M-OBJECTS TAREAS SECUNDARIAS/Pruebas Bienestar/Crear_un_Evento/a_Entidades' is clicked on

2022-04-04 12:51:27 - [TEST_STEP][PASSED] - if (waitForElementVisible(findTestObject("M-OBJECTS TAREAS SECUNDARIAS/Pruebas Bienestar/Crear_un_Evento/a_US_form_entidadlistaEntidades0j_idt630"), 1)): Web element with id: 'Object Repository/M-OBJECTS TAREAS SECUNDARIAS/Pruebas Bienestar/Crear_un_Evento/a_US_form_entidadlistaEntidades0j_idt630' located by '//div/div/table/tbody/tr/td[2]/a' not found

2022-04-04 12:51:29 - [MESSAGE][INFO] - Unable to find the element located by 'By.xpath: //div/div/table/tbody/tr/td[2]/a'. Please recheck the objects properties to make sure the desired element is located. 

2022-04-04 12:51:29 - [MESSAGE][WARNING] - Web element with id: 'Object Repository/M-OBJECTS TAREAS SECUNDARIAS/Pruebas Bienestar/Crear_un_Evento/a_US_form_entidadlistaEntidades0j_idt630' located by '//div/div/table/tbody/tr/td[2]/a' not found

2022-04-04 12:51:29 - [TEST_STEP][PASSED] - click(findTestObject("M-OBJECTS TAREAS SECUNDARIAS/Pruebas Bienestar/Crear_un_Evento/a_DirigidoA")): Object: 'Object Repository/M-OBJECTS TAREAS SECUNDARIAS/Pruebas Bienestar/Crear_un_Evento/a_DirigidoA' is clicked on

2022-04-04 12:51:29 - [MESSAGE][PASSED] - Object: 'Object Repository/M-OBJECTS TAREAS SECUNDARIAS/Pruebas Bienestar/Crear_un_Evento/a_DirigidoA' is clicked on

2022-04-04 12:51:29 - [TEST_STEP][PASSED] - if (waitForElementVisible(findTestObject("M-OBJECTS TAREAS SECUNDARIAS/Pruebas Bienestar/Crear_un_Evento/a_Edad_form_condicionDerechoTipoBeneftabla_ventanaCDTB0j_idt797"), 1)): Web element with id: 'Object Repository/M-OBJECTS TAREAS SECUNDARIAS/Pruebas Bienestar/Crear_un_Evento/a_Edad_form_condicionDerechoTipoBeneftabla_ventanaCDTB0j_idt797' located by '//div/div/table/tbody/tr/td[3]/a' not found

2022-04-04 12:51:31 - [MESSAGE][INFO] - Unable to find the element located by 'By.xpath: //div/div/table/tbody/tr/td[3]/a'. Please recheck the objects properties to make sure the desired element is located. 

2022-04-04 12:51:31 - [MESSAGE][WARNING] - Web element with id: 'Object Repository/M-OBJECTS TAREAS SECUNDARIAS/Pruebas Bienestar/Crear_un_Evento/a_Edad_form_condicionDerechoTipoBeneftabla_ventanaCDTB0j_idt797' located by '//div/div/table/tbody/tr/td[3]/a' not found

2022-04-04 12:51:31 - [TEST_STEP][PASSED] - click(findTestObject("M-OBJECTS TAREAS SECUNDARIAS/Pruebas Bienestar/Crear_un_Evento/div_Recursos")): Object: 'Object Repository/M-OBJECTS TAREAS SECUNDARIAS/Pruebas Bienestar/Crear_un_Evento/div_Recursos' is clicked on

2022-04-04 12:51:32 - [MESSAGE][PASSED] - Object: 'Object Repository/M-OBJECTS TAREAS SECUNDARIAS/Pruebas Bienestar/Crear_un_Evento/div_Recursos' is clicked on

2022-04-04 12:51:32 - [TEST_STEP][PASSED] - click(findTestObject("M-OBJECTS TAREAS SECUNDARIAS/Pruebas Bienestar/Crear_un_Evento/a_Logsticos")): Object: 'Object Repository/M-OBJECTS TAREAS SECUNDARIAS/Pruebas Bienestar/Crear_un_Evento/a_Logsticos' is clicked on

2022-04-04 12:51:32 - [MESSAGE][PASSED] - Object: 'Object Repository/M-OBJECTS TAREAS SECUNDARIAS/Pruebas Bienestar/Crear_un_Evento/a_Logsticos' is clicked on

2022-04-04 12:51:32 - [TEST_STEP][PASSED] - if (waitForElementVisible(findTestObject("M-OBJECTS TAREAS SECUNDARIAS/Pruebas Bienestar/Crear_un_Evento/a_INDISPENSABLE_formRecursoLogisticopanel_recursostabla_recursos0j_idt951"), 1)): Web element with id: 'Object Repository/M-OBJECTS TAREAS SECUNDARIAS/Pruebas Bienestar/Crear_un_Evento/a_INDISPENSABLE_formRecursoLogisticopanel_recursostabla_recursos0j_idt951' located by '//div/div/table/tbody/tr/td[3]/a' not found

2022-04-04 12:51:35 - [MESSAGE][INFO] - Unable to find the element located by 'By.xpath: //div/div/table/tbody/tr/td[3]/a'. Please recheck the objects properties to make sure the desired element is located. 

2022-04-04 12:51:35 - [MESSAGE][WARNING] - Web element with id: 'Object Repository/M-OBJECTS TAREAS SECUNDARIAS/Pruebas Bienestar/Crear_un_Evento/a_INDISPENSABLE_formRecursoLogisticopanel_recursostabla_recursos0j_idt951' located by '//div/div/table/tbody/tr/td[3]/a' not found

2022-04-04 12:51:35 - [TEST_STEP][PASSED] - click(findTestObject("M-OBJECTS TAREAS SECUNDARIAS/Pruebas Bienestar/Crear_un_Evento/div_Evaluacin")): Object: 'Object Repository/M-OBJECTS TAREAS SECUNDARIAS/Pruebas Bienestar/Crear_un_Evento/div_Evaluacin' is clicked on

2022-04-04 12:51:35 - [MESSAGE][PASSED] - Object: 'Object Repository/M-OBJECTS TAREAS SECUNDARIAS/Pruebas Bienestar/Crear_un_Evento/div_Evaluacin' is clicked on

2022-04-04 12:51:35 - [TEST_STEP][PASSED] - click(findTestObject("M-OBJECTS TAREAS SECUNDARIAS/Pruebas Bienestar/Crear_un_Evento/a_Evento0")): Object: 'Object Repository/M-OBJECTS TAREAS SECUNDARIAS/Pruebas Bienestar/Crear_un_Evento/a_Evento0' is clicked on

2022-04-04 12:51:35 - [MESSAGE][PASSED] - Object: 'Object Repository/M-OBJECTS TAREAS SECUNDARIAS/Pruebas Bienestar/Crear_un_Evento/a_Evento0' is clicked on

2022-04-04 12:51:35 - [TEST_STEP][PASSED] - if (waitForElementVisible(findTestObject("M-OBJECTS TAREAS SECUNDARIAS/Pruebas Bienestar/Crear_un_Evento/a_No Diligenciada_formEventoEvaluacionpanel_eventotablaEvaluacion0j_idt885"), 1)): Web element with id: 'Object Repository/M-OBJECTS TAREAS SECUNDARIAS/Pruebas Bienestar/Crear_un_Evento/a_No Diligenciada_formEventoEvaluacionpanel_eventotablaEvaluacion0j_idt885' located by '//td[10]/a' not found

2022-04-04 12:51:38 - [MESSAGE][INFO] - Unable to find the element located by 'By.xpath: //td[10]/a'. Please recheck the objects properties to make sure the desired element is located. 

2022-04-04 12:51:38 - [MESSAGE][WARNING] - Web element with id: 'Object Repository/M-OBJECTS TAREAS SECUNDARIAS/Pruebas Bienestar/Crear_un_Evento/a_No Diligenciada_formEventoEvaluacionpanel_eventotablaEvaluacion0j_idt885' located by '//td[10]/a' not found

2022-04-04 12:51:38 - [TEST_STEP][PASSED] - click(findTestObject("M-OBJECTS TAREAS SECUNDARIAS/Pruebas Bienestar/Crear_un_Evento/div_Participante")): Object: 'Object Repository/M-OBJECTS TAREAS SECUNDARIAS/Pruebas Bienestar/Crear_un_Evento/div_Participante' is clicked on

2022-04-04 12:51:38 - [MESSAGE][PASSED] - Object: 'Object Repository/M-OBJECTS TAREAS SECUNDARIAS/Pruebas Bienestar/Crear_un_Evento/div_Participante' is clicked on

2022-04-04 12:51:38 - [TEST_STEP][PASSED] - click(findTestObject("M-OBJECTS TAREAS SECUNDARIAS/Pruebas Bienestar/Crear_un_Evento/a_Cambiar")): Object: 'Object Repository/M-OBJECTS TAREAS SECUNDARIAS/Pruebas Bienestar/Crear_un_Evento/a_Cambiar' is clicked on

2022-04-04 12:51:38 - [MESSAGE][PASSED] - Object: 'Object Repository/M-OBJECTS TAREAS SECUNDARIAS/Pruebas Bienestar/Crear_un_Evento/a_Cambiar' is clicked on

2022-04-04 12:51:38 - [TEST_STEP][PASSED] - if (waitForElementVisible(findTestObject("M-OBJECTS TAREAS SECUNDARIAS/Pruebas Bienestar/Crear_un_Evento/td_Noborrar Usuario Portal"), 1)): Object 'Object Repository/M-OBJECTS TAREAS SECUNDARIAS/Pruebas Bienestar/Crear_un_Evento/td_Noborrar Usuario Portal' is not visible after 1 second(s)

2022-04-04 12:51:40 - [MESSAGE][WARNING] - Object 'Object Repository/M-OBJECTS TAREAS SECUNDARIAS/Pruebas Bienestar/Crear_un_Evento/td_Noborrar Usuario Portal' is not visible after 1 second(s)

2022-04-04 12:51:40 - [TEST_STEP][PASSED] - click(findTestObject("M-OBJECTS TAREAS SECUNDARIAS/Pruebas Bienestar/Crear_un_Evento/div_Datos Evento")): Object: 'Object Repository/M-OBJECTS TAREAS SECUNDARIAS/Pruebas Bienestar/Crear_un_Evento/div_Datos Evento' is clicked on

2022-04-04 12:51:41 - [MESSAGE][PASSED] - Object: 'Object Repository/M-OBJECTS TAREAS SECUNDARIAS/Pruebas Bienestar/Crear_un_Evento/div_Datos Evento' is clicked on

2022-04-04 12:51:41 - [TEST_STEP][PASSED] - click(findTestObject("M-OBJECTS TAREAS SECUNDARIAS/Pruebas Bienestar/Crear_un_Evento/a_Registro0")): Object: 'Object Repository/M-OBJECTS TAREAS SECUNDARIAS/Pruebas Bienestar/Crear_un_Evento/a_Registro0' is clicked on

2022-04-04 12:51:41 - [MESSAGE][PASSED] - Object: 'Object Repository/M-OBJECTS TAREAS SECUNDARIAS/Pruebas Bienestar/Crear_un_Evento/a_Registro0' is clicked on

2022-04-04 12:51:41 - [TEST_STEP][PASSED] - click(findTestObject("M-OBJECTS TAREAS SECUNDARIAS/Pruebas Bienestar/Crear_un_Evento/a_Eliminar")): Object: 'Object Repository/M-OBJECTS TAREAS SECUNDARIAS/Pruebas Bienestar/Crear_un_Evento/a_Eliminar' is clicked on

2022-04-04 12:51:42 - [MESSAGE][PASSED] - Object: 'Object Repository/M-OBJECTS TAREAS SECUNDARIAS/Pruebas Bienestar/Crear_un_Evento/a_Eliminar' is clicked on

2022-04-04 12:51:42 - [TEST_STEP][PASSED] - click(findTestObject("M-OBJECTS TAREAS SECUNDARIAS/Pruebas Bienestar/Crear_un_Evento/a_Aceptar2")): Object: 'Object Repository/M-OBJECTS TAREAS SECUNDARIAS/Pruebas Bienestar/Crear_un_Evento/a_Aceptar2' is clicked on

2022-04-04 12:51:43 - [MESSAGE][PASSED] - Object: 'Object Repository/M-OBJECTS TAREAS SECUNDARIAS/Pruebas Bienestar/Crear_un_Evento/a_Aceptar2' is clicked on

2022-04-04 12:51:43 - [TEST_STEP][PASSED] - click(findTestObject("M-OBJECTS TAREAS SECUNDARIAS/Pruebas Bienestar/Crear_un_Evento/a_Nuevo")): Object: 'Object Repository/M-OBJECTS TAREAS SECUNDARIAS/Pruebas Bienestar/Crear_un_Evento/a_Nuevo' is clicked on

2022-04-04 12:51:44 - [MESSAGE][PASSED] - Object: 'Object Repository/M-OBJECTS TAREAS SECUNDARIAS/Pruebas Bienestar/Crear_un_Evento/a_Nuevo' is clicked on

2022-04-04 12:51:44 - [TEST_STEP][PASSED] - selectOptionByIndex(findTestObject("M-OBJECTS TAREAS SECUNDARIAS/Pruebas Bienestar/Crear_un_Evento/select_-- Seleccione --aprea de Saludrea Formativarea Deportivarea de cienciasrea Social"), 3): All options with index in [3] are selected on object 'Object Repository/M-OBJECTS TAREAS SECUNDARIAS/Pruebas Bienestar/Crear_un_Evento/select_-- Seleccione --aprea de Saludrea Formativarea Deportivarea de cienciasrea Social'

2022-04-04 12:51:45 - [MESSAGE][PASSED] - All options with index in [3] are selected on object 'Object Repository/M-OBJECTS TAREAS SECUNDARIAS/Pruebas Bienestar/Crear_un_Evento/select_-- Seleccione --aprea de Saludrea Formativarea Deportivarea de cienciasrea Social'

2022-04-04 12:51:45 - [TEST_STEP][PASSED] - selectOptionByIndex(findTestObject("M-OBJECTS TAREAS SECUNDARIAS/Pruebas Bienestar/Crear_un_Evento/select_-- Seleccione --Promocin y prevencinActivate Acompaamiento psicosocial Semana de la SaludSeguimiento puestos de trabajo"), "1"): All options with index in [1] are selected on object 'Object Repository/M-OBJECTS TAREAS SECUNDARIAS/Pruebas Bienestar/Crear_un_Evento/select_-- Seleccione --Promocin y prevencinActivate Acompaamiento psicosocial Semana de la SaludSeguimiento puestos de trabajo'

2022-04-04 12:51:47 - [MESSAGE][PASSED] - All options with index in [1] are selected on object 'Object Repository/M-OBJECTS TAREAS SECUNDARIAS/Pruebas Bienestar/Crear_un_Evento/select_-- Seleccione --Promocin y prevencinActivate Acompaamiento psicosocial Semana de la SaludSeguimiento puestos de trabajo'

2022-04-04 12:51:47 - [TEST_STEP][PASSED] - selectOptionByIndex(findTestObject("M-OBJECTS TAREAS SECUNDARIAS/Pruebas Bienestar/Crear_un_Evento/select_-- Seleccione --Evento grupo Bienestar MultipleEvento Grupo Bienestar Multiple SIEvento Grupo Bienestar nicoEvento Individual Multiple SS"), 5): All options with index in [5] are selected on object 'Object Repository/M-OBJECTS TAREAS SECUNDARIAS/Pruebas Bienestar/Crear_un_Evento/select_-- Seleccione --Evento grupo Bienestar MultipleEvento Grupo Bienestar Multiple SIEvento Grupo Bienestar nicoEvento Individual Multiple SS'

2022-04-04 12:51:48 - [MESSAGE][PASSED] - All options with index in [5] are selected on object 'Object Repository/M-OBJECTS TAREAS SECUNDARIAS/Pruebas Bienestar/Crear_un_Evento/select_-- Seleccione --Evento grupo Bienestar MultipleEvento Grupo Bienestar Multiple SIEvento Grupo Bienestar nicoEvento Individual Multiple SS'

2022-04-04 12:51:48 - [TEST_STEP][PASSED] - waitForElementClickable(findTestObject("M-OBJECTS TAREAS SECUNDARIAS/Pruebas Bienestar/Crear_un_Evento/a_Aplicar"), 0): Object 'Object Repository/M-OBJECTS TAREAS SECUNDARIAS/Pruebas Bienestar/Crear_un_Evento/a_Aplicar' is clickable

2022-04-04 12:51:48 - [MESSAGE][WARNING] - Timeout '0' is invalid. Using default page load timeout: '45'

2022-04-04 12:51:49 - [MESSAGE][PASSED] - Object 'Object Repository/M-OBJECTS TAREAS SECUNDARIAS/Pruebas Bienestar/Crear_un_Evento/a_Aplicar' is clickable

2022-04-04 12:51:49 - [TEST_STEP][PASSED] - click(findTestObject("M-OBJECTS TAREAS SECUNDARIAS/Pruebas Bienestar/Crear_un_Evento/a_Aplicar")): Object: 'Object Repository/M-OBJECTS TAREAS SECUNDARIAS/Pruebas Bienestar/Crear_un_Evento/a_Aplicar' is clicked on

2022-04-04 12:51:49 - [MESSAGE][PASSED] - Object: 'Object Repository/M-OBJECTS TAREAS SECUNDARIAS/Pruebas Bienestar/Crear_un_Evento/a_Aplicar' is clicked on

2022-04-04 12:51:49 - [TEST_STEP][PASSED] - waitForElementClickable(findTestObject("M-OBJECTS TAREAS SECUNDARIAS/Pruebas Bienestar/Crear_un_Evento/input_Nombre_formEventosfENombre"), 0): Object 'Object Repository/M-OBJECTS TAREAS SECUNDARIAS/Pruebas Bienestar/Crear_un_Evento/input_Nombre_formEventosfENombre' is clickable

2022-04-04 12:51:49 - [MESSAGE][WARNING] - Timeout '0' is invalid. Using default page load timeout: '45'

2022-04-04 12:51:50 - [MESSAGE][PASSED] - Object 'Object Repository/M-OBJECTS TAREAS SECUNDARIAS/Pruebas Bienestar/Crear_un_Evento/input_Nombre_formEventosfENombre' is clickable

2022-04-04 12:51:50 - [TEST_STEP][PASSED] - setText(findTestObject("M-OBJECTS TAREAS SECUNDARIAS/Pruebas Bienestar/Crear_un_Evento/input_Nombre_formEventosfENombre"), "Prueba-S"): Text 'Prueba-S' is set on object 'Object Repository/M-OBJECTS TAREAS SECUNDARIAS/Pruebas Bienestar/Crear_un_Evento/input_Nombre_formEventosfENombre'

2022-04-04 12:51:51 - [MESSAGE][PASSED] - Text 'Prueba-S' is set on object 'Object Repository/M-OBJECTS TAREAS SECUNDARIAS/Pruebas Bienestar/Crear_un_Evento/input_Nombre_formEventosfENombre'

2022-04-04 12:51:51 - [TEST_STEP][PASSED] - setText(findTestObject("M-OBJECTS TAREAS SECUNDARIAS/Pruebas Bienestar/Crear_un_Evento/input_Inicial Desarrollo_formEventosfechaIn_input"), FechaI): Text '4/4/2022' is set on object 'Object Repository/M-OBJECTS TAREAS SECUNDARIAS/Pruebas Bienestar/Crear_un_Evento/input_Inicial Desarrollo_formEventosfechaIn_input'

2022-04-04 12:51:52 - [MESSAGE][PASSED] - Text '4/4/2022' is set on object 'Object Repository/M-OBJECTS TAREAS SECUNDARIAS/Pruebas Bienestar/Crear_un_Evento/input_Inicial Desarrollo_formEventosfechaIn_input'

2022-04-04 12:51:52 - [TEST_STEP][PASSED] - setText(findTestObject("M-OBJECTS TAREAS SECUNDARIAS/Pruebas Bienestar/Crear_un_Evento/input_Final Desarrollo_formEventosfechaFin_input"), FechaF): Text '14/4/2022' is set on object 'Object Repository/M-OBJECTS TAREAS SECUNDARIAS/Pruebas Bienestar/Crear_un_Evento/input_Final Desarrollo_formEventosfechaFin_input'

2022-04-04 12:51:53 - [MESSAGE][PASSED] - Text '14/4/2022' is set on object 'Object Repository/M-OBJECTS TAREAS SECUNDARIAS/Pruebas Bienestar/Crear_un_Evento/input_Final Desarrollo_formEventosfechaFin_input'

2022-04-04 12:51:53 - [TEST_STEP][PASSED] - click(findTestObject("M-OBJECTS TAREAS SECUNDARIAS/Pruebas Bienestar/Crear_un_Evento/a_Guardar")): Object: 'Object Repository/M-OBJECTS TAREAS SECUNDARIAS/Pruebas Bienestar/Crear_un_Evento/a_Guardar' is clicked on

2022-04-04 12:51:53 - [MESSAGE][PASSED] - Object: 'Object Repository/M-OBJECTS TAREAS SECUNDARIAS/Pruebas Bienestar/Crear_un_Evento/a_Guardar' is clicked on

2022-04-04 12:51:53 - [TEST_STEP][PASSED] - click(findTestObject("M-OBJECTS TAREAS SECUNDARIAS/Pruebas Bienestar/Crear_un_Evento/a_Momento Eventos")): Object: 'Object Repository/M-OBJECTS TAREAS SECUNDARIAS/Pruebas Bienestar/Crear_un_Evento/a_Momento Eventos' is clicked on

2022-04-04 12:51:54 - [MESSAGE][PASSED] - Object: 'Object Repository/M-OBJECTS TAREAS SECUNDARIAS/Pruebas Bienestar/Crear_un_Evento/a_Momento Eventos' is clicked on

2022-04-04 12:51:54 - [TEST_STEP][PASSED] - click(findTestObject("M-OBJECTS TAREAS SECUNDARIAS/Pruebas Bienestar/Crear_un_Evento/a_Nuevo1")): Object: 'Object Repository/M-OBJECTS TAREAS SECUNDARIAS/Pruebas Bienestar/Crear_un_Evento/a_Nuevo1' is clicked on

2022-04-04 12:51:55 - [MESSAGE][PASSED] - Object: 'Object Repository/M-OBJECTS TAREAS SECUNDARIAS/Pruebas Bienestar/Crear_un_Evento/a_Nuevo1' is clicked on

2022-04-04 12:51:55 - [TEST_STEP][PASSED] - setText(findTestObject("M-OBJECTS TAREAS SECUNDARIAS/Pruebas Bienestar/Crear_un_Evento/input_Cdigo_popupMomentoEvento_formcodigo"), "355682169"): Text '355682169' is set on object 'Object Repository/M-OBJECTS TAREAS SECUNDARIAS/Pruebas Bienestar/Crear_un_Evento/input_Cdigo_popupMomentoEvento_formcodigo'

2022-04-04 12:51:57 - [MESSAGE][PASSED] - Text '355682169' is set on object 'Object Repository/M-OBJECTS TAREAS SECUNDARIAS/Pruebas Bienestar/Crear_un_Evento/input_Cdigo_popupMomentoEvento_formcodigo'

2022-04-04 12:51:57 - [TEST_STEP][PASSED] - setText(findTestObject("M-OBJECTS TAREAS SECUNDARIAS/Pruebas Bienestar/Crear_un_Evento/input_Nombre_popupMomentoEvento_formpMENombre"), "prueba"): Text 'prueba' is set on object 'Object Repository/M-OBJECTS TAREAS SECUNDARIAS/Pruebas Bienestar/Crear_un_Evento/input_Nombre_popupMomentoEvento_formpMENombre'

2022-04-04 12:51:57 - [MESSAGE][PASSED] - Text 'prueba' is set on object 'Object Repository/M-OBJECTS TAREAS SECUNDARIAS/Pruebas Bienestar/Crear_un_Evento/input_Nombre_popupMomentoEvento_formpMENombre'

2022-04-04 12:51:57 - [TEST_STEP][PASSED] - selectOptionByIndex(findTestObject("M-OBJECTS TAREAS SECUNDARIAS/Pruebas Bienestar/Crear_un_Evento/select_-- Seleccione --ESCENARIO DE PRUEBASALON 1"), 1): All options with index in [1] are selected on object 'Object Repository/M-OBJECTS TAREAS SECUNDARIAS/Pruebas Bienestar/Crear_un_Evento/select_-- Seleccione --ESCENARIO DE PRUEBASALON 1'

2022-04-04 12:51:59 - [MESSAGE][PASSED] - All options with index in [1] are selected on object 'Object Repository/M-OBJECTS TAREAS SECUNDARIAS/Pruebas Bienestar/Crear_un_Evento/select_-- Seleccione --ESCENARIO DE PRUEBASALON 1'

2022-04-04 12:51:59 - [TEST_STEP][PASSED] - selectOptionByIndex(findTestObject("M-OBJECTS TAREAS SECUNDARIAS/Pruebas Bienestar/Crear_un_Evento/select_-- Seleccione --FemeninaMasculinaMixta"), 3): All options with index in [3] are selected on object 'Object Repository/M-OBJECTS TAREAS SECUNDARIAS/Pruebas Bienestar/Crear_un_Evento/select_-- Seleccione --FemeninaMasculinaMixta'

2022-04-04 12:52:00 - [MESSAGE][PASSED] - All options with index in [3] are selected on object 'Object Repository/M-OBJECTS TAREAS SECUNDARIAS/Pruebas Bienestar/Crear_un_Evento/select_-- Seleccione --FemeninaMasculinaMixta'

2022-04-04 12:52:00 - [TEST_STEP][PASSED] - selectOptionByIndex(findTestObject("M-OBJECTS TAREAS SECUNDARIAS/Pruebas Bienestar/Crear_un_Evento/select_-- Seleccione --Nivel BsicoNivel IntermedionicoNivel Avanzado"), 1): All options with index in [1] are selected on object 'Object Repository/M-OBJECTS TAREAS SECUNDARIAS/Pruebas Bienestar/Crear_un_Evento/select_-- Seleccione --Nivel BsicoNivel IntermedionicoNivel Avanzado'

2022-04-04 12:52:01 - [MESSAGE][PASSED] - All options with index in [1] are selected on object 'Object Repository/M-OBJECTS TAREAS SECUNDARIAS/Pruebas Bienestar/Crear_un_Evento/select_-- Seleccione --Nivel BsicoNivel IntermedionicoNivel Avanzado'

2022-04-04 12:52:01 - [TEST_STEP][PASSED] - setText(findTestObject("M-OBJECTS TAREAS SECUNDARIAS/Pruebas Bienestar/Crear_un_Evento/input_Cupo Mximo_popupMomentoEvento_formpMECupoMaximo"), "150"): Text '150' is set on object 'Object Repository/M-OBJECTS TAREAS SECUNDARIAS/Pruebas Bienestar/Crear_un_Evento/input_Cupo Mximo_popupMomentoEvento_formpMECupoMaximo'

2022-04-04 12:52:02 - [MESSAGE][PASSED] - Text '150' is set on object 'Object Repository/M-OBJECTS TAREAS SECUNDARIAS/Pruebas Bienestar/Crear_un_Evento/input_Cupo Mximo_popupMomentoEvento_formpMECupoMaximo'

2022-04-04 12:52:02 - [TEST_STEP][PASSED] - setText(findTestObject("M-OBJECTS TAREAS SECUNDARIAS/Pruebas Bienestar/Crear_un_Evento/input_Cupo Minimo_popupMomentoEvento_formpMECupoMinimo"), "1"): Text '1' is set on object 'Object Repository/M-OBJECTS TAREAS SECUNDARIAS/Pruebas Bienestar/Crear_un_Evento/input_Cupo Minimo_popupMomentoEvento_formpMECupoMinimo'

2022-04-04 12:52:02 - [MESSAGE][PASSED] - Text '1' is set on object 'Object Repository/M-OBJECTS TAREAS SECUNDARIAS/Pruebas Bienestar/Crear_un_Evento/input_Cupo Minimo_popupMomentoEvento_formpMECupoMinimo'

2022-04-04 12:52:02 - [TEST_STEP][PASSED] - selectOptionByIndex(findTestObject("M-OBJECTS TAREAS SECUNDARIAS/Pruebas Bienestar/Crear_un_Evento/select_-- Seleccione --CanceladoProgramada"), 2): All options with index in [2] are selected on object 'Object Repository/M-OBJECTS TAREAS SECUNDARIAS/Pruebas Bienestar/Crear_un_Evento/select_-- Seleccione --CanceladoProgramada'

2022-04-04 12:52:03 - [MESSAGE][PASSED] - All options with index in [2] are selected on object 'Object Repository/M-OBJECTS TAREAS SECUNDARIAS/Pruebas Bienestar/Crear_un_Evento/select_-- Seleccione --CanceladoProgramada'

2022-04-04 12:52:03 - [TEST_STEP][PASSED] - setText(findTestObject("M-OBJECTS TAREAS SECUNDARIAS/Pruebas Bienestar/Crear_un_Evento/input_Inscripcin Inicial_popupMomentoEvento_formpMEInscripcionInicia_input"), FechaI): Text '4/4/2022' is set on object 'Object Repository/M-OBJECTS TAREAS SECUNDARIAS/Pruebas Bienestar/Crear_un_Evento/input_Inscripcin Inicial_popupMomentoEvento_formpMEInscripcionInicia_input'

2022-04-04 12:52:04 - [MESSAGE][PASSED] - Text '4/4/2022' is set on object 'Object Repository/M-OBJECTS TAREAS SECUNDARIAS/Pruebas Bienestar/Crear_un_Evento/input_Inscripcin Inicial_popupMomentoEvento_formpMEInscripcionInicia_input'

2022-04-04 12:52:04 - [TEST_STEP][PASSED] - setText(findTestObject("M-OBJECTS TAREAS SECUNDARIAS/Pruebas Bienestar/Crear_un_Evento/input_Inscripcin Termina_popupMomentoEvento_formpMEInscripcionFinaliza_input"), FechaF): Text '14/4/2022' is set on object 'Object Repository/M-OBJECTS TAREAS SECUNDARIAS/Pruebas Bienestar/Crear_un_Evento/input_Inscripcin Termina_popupMomentoEvento_formpMEInscripcionFinaliza_input'

2022-04-04 12:52:05 - [MESSAGE][PASSED] - Text '14/4/2022' is set on object 'Object Repository/M-OBJECTS TAREAS SECUNDARIAS/Pruebas Bienestar/Crear_un_Evento/input_Inscripcin Termina_popupMomentoEvento_formpMEInscripcionFinaliza_input'

2022-04-04 12:52:05 - [TEST_STEP][PASSED] - click(findTestObject("M-OBJECTS TAREAS SECUNDARIAS/Pruebas Bienestar/Crear_un_Evento/a_Guardar1")): Object: 'Object Repository/M-OBJECTS TAREAS SECUNDARIAS/Pruebas Bienestar/Crear_un_Evento/a_Guardar1' is clicked on

2022-04-04 12:52:06 - [MESSAGE][PASSED] - Object: 'Object Repository/M-OBJECTS TAREAS SECUNDARIAS/Pruebas Bienestar/Crear_un_Evento/a_Guardar1' is clicked on

2022-04-04 12:52:06 - [TEST_STEP][PASSED] - click(findTestObject("M-OBJECTS TAREAS SECUNDARIAS/Pruebas Bienestar/Crear_un_Evento/a_Regresar")): Object: 'Object Repository/M-OBJECTS TAREAS SECUNDARIAS/Pruebas Bienestar/Crear_un_Evento/a_Regresar' is clicked on

2022-04-04 12:52:07 - [MESSAGE][PASSED] - Object: 'Object Repository/M-OBJECTS TAREAS SECUNDARIAS/Pruebas Bienestar/Crear_un_Evento/a_Regresar' is clicked on

2022-04-04 12:52:07 - [TEST_STEP][PASSED] - click(findTestObject("M-OBJECTS TAREAS SECUNDARIAS/Pruebas Bienestar/Crear_un_Evento/a_Nuevo")): Object: 'Object Repository/M-OBJECTS TAREAS SECUNDARIAS/Pruebas Bienestar/Crear_un_Evento/a_Nuevo' is clicked on

2022-04-04 12:52:08 - [MESSAGE][PASSED] - Object: 'Object Repository/M-OBJECTS TAREAS SECUNDARIAS/Pruebas Bienestar/Crear_un_Evento/a_Nuevo' is clicked on

2022-04-04 12:52:08 - [TEST_STEP][PASSED] - selectOptionByIndex(findTestObject("M-OBJECTS TAREAS SECUNDARIAS/Pruebas Bienestar/Crear_un_Evento/select_-- Seleccione --aprea de Saludrea Formativarea Deportivarea de cienciasrea Social"), 5): All options with index in [5] are selected on object 'Object Repository/M-OBJECTS TAREAS SECUNDARIAS/Pruebas Bienestar/Crear_un_Evento/select_-- Seleccione --aprea de Saludrea Formativarea Deportivarea de cienciasrea Social'

2022-04-04 12:52:09 - [MESSAGE][PASSED] - All options with index in [5] are selected on object 'Object Repository/M-OBJECTS TAREAS SECUNDARIAS/Pruebas Bienestar/Crear_un_Evento/select_-- Seleccione --aprea de Saludrea Formativarea Deportivarea de cienciasrea Social'

2022-04-04 12:52:09 - [TEST_STEP][PASSED] - selectOptionByIndex(findTestObject("M-OBJECTS TAREAS SECUNDARIAS/Pruebas Bienestar/Crear_un_Evento/select_-- Seleccione --Promocin y prevencinActivate Acompaamiento psicosocial Semana de la SaludSeguimiento puestos de trabajo"), "1"): All options with index in [1] are selected on object 'Object Repository/M-OBJECTS TAREAS SECUNDARIAS/Pruebas Bienestar/Crear_un_Evento/select_-- Seleccione --Promocin y prevencinActivate Acompaamiento psicosocial Semana de la SaludSeguimiento puestos de trabajo'

2022-04-04 12:52:11 - [MESSAGE][PASSED] - All options with index in [1] are selected on object 'Object Repository/M-OBJECTS TAREAS SECUNDARIAS/Pruebas Bienestar/Crear_un_Evento/select_-- Seleccione --Promocin y prevencinActivate Acompaamiento psicosocial Semana de la SaludSeguimiento puestos de trabajo'

2022-04-04 12:52:11 - [TEST_STEP][PASSED] - selectOptionByIndex(findTestObject("M-OBJECTS TAREAS SECUNDARIAS/Pruebas Bienestar/Crear_un_Evento/select_-- Seleccione --Evento grupo Bienestar MultipleEvento Grupo Bienestar Multiple SIEvento Grupo Bienestar nicoEvento Individual Multiple SS"), 2): All options with index in [2] are selected on object 'Object Repository/M-OBJECTS TAREAS SECUNDARIAS/Pruebas Bienestar/Crear_un_Evento/select_-- Seleccione --Evento grupo Bienestar MultipleEvento Grupo Bienestar Multiple SIEvento Grupo Bienestar nicoEvento Individual Multiple SS'

2022-04-04 12:52:12 - [MESSAGE][PASSED] - All options with index in [2] are selected on object 'Object Repository/M-OBJECTS TAREAS SECUNDARIAS/Pruebas Bienestar/Crear_un_Evento/select_-- Seleccione --Evento grupo Bienestar MultipleEvento Grupo Bienestar Multiple SIEvento Grupo Bienestar nicoEvento Individual Multiple SS'

2022-04-04 12:52:12 - [TEST_STEP][PASSED] - click(findTestObject("M-OBJECTS TAREAS SECUNDARIAS/Pruebas Bienestar/Crear_un_Evento/a_Aplicar")): Object: 'Object Repository/M-OBJECTS TAREAS SECUNDARIAS/Pruebas Bienestar/Crear_un_Evento/a_Aplicar' is clicked on

2022-04-04 12:52:13 - [MESSAGE][PASSED] - Object: 'Object Repository/M-OBJECTS TAREAS SECUNDARIAS/Pruebas Bienestar/Crear_un_Evento/a_Aplicar' is clicked on

2022-04-04 12:52:13 - [TEST_STEP][PASSED] - waitForElementClickable(findTestObject("M-OBJECTS TAREAS SECUNDARIAS/Pruebas Bienestar/Crear_un_Evento/input_Nombre_formEventosfENombre"), 0): Object 'Object Repository/M-OBJECTS TAREAS SECUNDARIAS/Pruebas Bienestar/Crear_un_Evento/input_Nombre_formEventosfENombre' is clickable

2022-04-04 12:52:13 - [MESSAGE][WARNING] - Timeout '0' is invalid. Using default page load timeout: '45'

2022-04-04 12:52:14 - [MESSAGE][PASSED] - Object 'Object Repository/M-OBJECTS TAREAS SECUNDARIAS/Pruebas Bienestar/Crear_un_Evento/input_Nombre_formEventosfENombre' is clickable

2022-04-04 12:52:14 - [TEST_STEP][PASSED] - setText(findTestObject("M-OBJECTS TAREAS SECUNDARIAS/Pruebas Bienestar/Crear_un_Evento/input_Nombre_formEventosfENombre"), "Prueba-S-SH"): Text 'Prueba-S-SH' is set on object 'Object Repository/M-OBJECTS TAREAS SECUNDARIAS/Pruebas Bienestar/Crear_un_Evento/input_Nombre_formEventosfENombre'

2022-04-04 12:52:15 - [MESSAGE][PASSED] - Text 'Prueba-S-SH' is set on object 'Object Repository/M-OBJECTS TAREAS SECUNDARIAS/Pruebas Bienestar/Crear_un_Evento/input_Nombre_formEventosfENombre'

2022-04-04 12:52:15 - [TEST_STEP][PASSED] - setText(findTestObject("M-OBJECTS TAREAS SECUNDARIAS/Pruebas Bienestar/Crear_un_Evento/input_Inicial Desarrollo_formEventosfechaIn_input"), FechaI): Text '4/4/2022' is set on object 'Object Repository/M-OBJECTS TAREAS SECUNDARIAS/Pruebas Bienestar/Crear_un_Evento/input_Inicial Desarrollo_formEventosfechaIn_input'

2022-04-04 12:52:15 - [MESSAGE][PASSED] - Text '4/4/2022' is set on object 'Object Repository/M-OBJECTS TAREAS SECUNDARIAS/Pruebas Bienestar/Crear_un_Evento/input_Inicial Desarrollo_formEventosfechaIn_input'

2022-04-04 12:52:15 - [TEST_STEP][PASSED] - setText(findTestObject("M-OBJECTS TAREAS SECUNDARIAS/Pruebas Bienestar/Crear_un_Evento/input_Final Desarrollo_formEventosfechaFin_input"), FechaF): Text '14/4/2022' is set on object 'Object Repository/M-OBJECTS TAREAS SECUNDARIAS/Pruebas Bienestar/Crear_un_Evento/input_Final Desarrollo_formEventosfechaFin_input'

2022-04-04 12:52:16 - [MESSAGE][PASSED] - Text '14/4/2022' is set on object 'Object Repository/M-OBJECTS TAREAS SECUNDARIAS/Pruebas Bienestar/Crear_un_Evento/input_Final Desarrollo_formEventosfechaFin_input'

2022-04-04 12:52:16 - [TEST_STEP][PASSED] - click(findTestObject("M-OBJECTS TAREAS SECUNDARIAS/Pruebas Bienestar/Crear_un_Evento/a_Guardar")): Object: 'Object Repository/M-OBJECTS TAREAS SECUNDARIAS/Pruebas Bienestar/Crear_un_Evento/a_Guardar' is clicked on

2022-04-04 12:52:17 - [MESSAGE][PASSED] - Object: 'Object Repository/M-OBJECTS TAREAS SECUNDARIAS/Pruebas Bienestar/Crear_un_Evento/a_Guardar' is clicked on

2022-04-04 12:52:17 - [TEST_STEP][PASSED] - click(findTestObject("M-OBJECTS TAREAS SECUNDARIAS/Pruebas Bienestar/Crear_un_Evento/a_Momento Eventos")): Object: 'Object Repository/M-OBJECTS TAREAS SECUNDARIAS/Pruebas Bienestar/Crear_un_Evento/a_Momento Eventos' is clicked on

2022-04-04 12:52:19 - [MESSAGE][PASSED] - Object: 'Object Repository/M-OBJECTS TAREAS SECUNDARIAS/Pruebas Bienestar/Crear_un_Evento/a_Momento Eventos' is clicked on

2022-04-04 12:52:19 - [TEST_STEP][PASSED] - click(findTestObject("M-OBJECTS TAREAS SECUNDARIAS/Pruebas Bienestar/Crear_un_Evento/a_Nuevo1")): Object: 'Object Repository/M-OBJECTS TAREAS SECUNDARIAS/Pruebas Bienestar/Crear_un_Evento/a_Nuevo1' is clicked on

2022-04-04 12:52:19 - [MESSAGE][PASSED] - Object: 'Object Repository/M-OBJECTS TAREAS SECUNDARIAS/Pruebas Bienestar/Crear_un_Evento/a_Nuevo1' is clicked on

2022-04-04 12:52:19 - [TEST_STEP][PASSED] - setText(findTestObject("M-OBJECTS TAREAS SECUNDARIAS/Pruebas Bienestar/Crear_un_Evento/input_Cdigo_popupMomentoEvento_formcodigo"), "355682169"): Text '355682169' is set on object 'Object Repository/M-OBJECTS TAREAS SECUNDARIAS/Pruebas Bienestar/Crear_un_Evento/input_Cdigo_popupMomentoEvento_formcodigo'

2022-04-04 12:52:21 - [MESSAGE][PASSED] - Text '355682169' is set on object 'Object Repository/M-OBJECTS TAREAS SECUNDARIAS/Pruebas Bienestar/Crear_un_Evento/input_Cdigo_popupMomentoEvento_formcodigo'

2022-04-04 12:52:21 - [TEST_STEP][PASSED] - setText(findTestObject("M-OBJECTS TAREAS SECUNDARIAS/Pruebas Bienestar/Crear_un_Evento/input_Nombre_popupMomentoEvento_formpMENombre"), "prueba-S-SH"): Text 'prueba-S-SH' is set on object 'Object Repository/M-OBJECTS TAREAS SECUNDARIAS/Pruebas Bienestar/Crear_un_Evento/input_Nombre_popupMomentoEvento_formpMENombre'

2022-04-04 12:52:22 - [MESSAGE][PASSED] - Text 'prueba-S-SH' is set on object 'Object Repository/M-OBJECTS TAREAS SECUNDARIAS/Pruebas Bienestar/Crear_un_Evento/input_Nombre_popupMomentoEvento_formpMENombre'

2022-04-04 12:52:22 - [TEST_STEP][PASSED] - selectOptionByIndex(findTestObject("M-OBJECTS TAREAS SECUNDARIAS/Pruebas Bienestar/Crear_un_Evento/select_-- Seleccione --ESCENARIO DE PRUEBASALON 1"), 1): All options with index in [1] are selected on object 'Object Repository/M-OBJECTS TAREAS SECUNDARIAS/Pruebas Bienestar/Crear_un_Evento/select_-- Seleccione --ESCENARIO DE PRUEBASALON 1'

2022-04-04 12:52:23 - [MESSAGE][PASSED] - All options with index in [1] are selected on object 'Object Repository/M-OBJECTS TAREAS SECUNDARIAS/Pruebas Bienestar/Crear_un_Evento/select_-- Seleccione --ESCENARIO DE PRUEBASALON 1'

2022-04-04 12:52:23 - [TEST_STEP][PASSED] - selectOptionByIndex(findTestObject("M-OBJECTS TAREAS SECUNDARIAS/Pruebas Bienestar/Crear_un_Evento/select_-- Seleccione --FemeninaMasculinaMixta"), 3): All options with index in [3] are selected on object 'Object Repository/M-OBJECTS TAREAS SECUNDARIAS/Pruebas Bienestar/Crear_un_Evento/select_-- Seleccione --FemeninaMasculinaMixta'

2022-04-04 12:52:24 - [MESSAGE][PASSED] - All options with index in [3] are selected on object 'Object Repository/M-OBJECTS TAREAS SECUNDARIAS/Pruebas Bienestar/Crear_un_Evento/select_-- Seleccione --FemeninaMasculinaMixta'

2022-04-04 12:52:24 - [TEST_STEP][PASSED] - selectOptionByIndex(findTestObject("M-OBJECTS TAREAS SECUNDARIAS/Pruebas Bienestar/Crear_un_Evento/select_-- Seleccione --Nivel BsicoNivel IntermedionicoNivel Avanzado"), 1): All options with index in [1] are selected on object 'Object Repository/M-OBJECTS TAREAS SECUNDARIAS/Pruebas Bienestar/Crear_un_Evento/select_-- Seleccione --Nivel BsicoNivel IntermedionicoNivel Avanzado'

2022-04-04 12:52:25 - [MESSAGE][PASSED] - All options with index in [1] are selected on object 'Object Repository/M-OBJECTS TAREAS SECUNDARIAS/Pruebas Bienestar/Crear_un_Evento/select_-- Seleccione --Nivel BsicoNivel IntermedionicoNivel Avanzado'

2022-04-04 12:52:25 - [TEST_STEP][PASSED] - setText(findTestObject("M-OBJECTS TAREAS SECUNDARIAS/Pruebas Bienestar/Crear_un_Evento/input_Cupo Mximo_popupMomentoEvento_formpMECupoMaximo"), "150"): Text '150' is set on object 'Object Repository/M-OBJECTS TAREAS SECUNDARIAS/Pruebas Bienestar/Crear_un_Evento/input_Cupo Mximo_popupMomentoEvento_formpMECupoMaximo'

2022-04-04 12:52:26 - [MESSAGE][PASSED] - Text '150' is set on object 'Object Repository/M-OBJECTS TAREAS SECUNDARIAS/Pruebas Bienestar/Crear_un_Evento/input_Cupo Mximo_popupMomentoEvento_formpMECupoMaximo'

2022-04-04 12:52:26 - [TEST_STEP][PASSED] - setText(findTestObject("M-OBJECTS TAREAS SECUNDARIAS/Pruebas Bienestar/Crear_un_Evento/input_Cupo Minimo_popupMomentoEvento_formpMECupoMinimo"), "1"): Text '1' is set on object 'Object Repository/M-OBJECTS TAREAS SECUNDARIAS/Pruebas Bienestar/Crear_un_Evento/input_Cupo Minimo_popupMomentoEvento_formpMECupoMinimo'

2022-04-04 12:52:27 - [MESSAGE][PASSED] - Text '1' is set on object 'Object Repository/M-OBJECTS TAREAS SECUNDARIAS/Pruebas Bienestar/Crear_un_Evento/input_Cupo Minimo_popupMomentoEvento_formpMECupoMinimo'

2022-04-04 12:52:27 - [TEST_STEP][PASSED] - selectOptionByIndex(findTestObject("M-OBJECTS TAREAS SECUNDARIAS/Pruebas Bienestar/Crear_un_Evento/select_-- Seleccione --Canizalez Acero Marta BrigitteMendoza 1010 Empleado"), 2): All options with index in [2] are selected on object 'Object Repository/M-OBJECTS TAREAS SECUNDARIAS/Pruebas Bienestar/Crear_un_Evento/select_-- Seleccione --Canizalez Acero Marta BrigitteMendoza 1010 Empleado'

2022-04-04 12:52:28 - [MESSAGE][PASSED] - All options with index in [2] are selected on object 'Object Repository/M-OBJECTS TAREAS SECUNDARIAS/Pruebas Bienestar/Crear_un_Evento/select_-- Seleccione --Canizalez Acero Marta BrigitteMendoza 1010 Empleado'

2022-04-04 12:52:28 - [TEST_STEP][PASSED] - selectOptionByIndex(findTestObject("M-OBJECTS TAREAS SECUNDARIAS/Pruebas Bienestar/Crear_un_Evento/select_-- Seleccione --CanceladoProgramada"), 2): All options with index in [2] are selected on object 'Object Repository/M-OBJECTS TAREAS SECUNDARIAS/Pruebas Bienestar/Crear_un_Evento/select_-- Seleccione --CanceladoProgramada'

2022-04-04 12:52:29 - [MESSAGE][PASSED] - All options with index in [2] are selected on object 'Object Repository/M-OBJECTS TAREAS SECUNDARIAS/Pruebas Bienestar/Crear_un_Evento/select_-- Seleccione --CanceladoProgramada'

2022-04-04 12:52:29 - [TEST_STEP][PASSED] - setText(findTestObject("M-OBJECTS TAREAS SECUNDARIAS/Pruebas Bienestar/Crear_un_Evento/input_Inscripcin Inicial_popupMomentoEvento_formpMEInscripcionInicia_input"), FechaI): Text '4/4/2022' is set on object 'Object Repository/M-OBJECTS TAREAS SECUNDARIAS/Pruebas Bienestar/Crear_un_Evento/input_Inscripcin Inicial_popupMomentoEvento_formpMEInscripcionInicia_input'

2022-04-04 12:52:30 - [MESSAGE][PASSED] - Text '4/4/2022' is set on object 'Object Repository/M-OBJECTS TAREAS SECUNDARIAS/Pruebas Bienestar/Crear_un_Evento/input_Inscripcin Inicial_popupMomentoEvento_formpMEInscripcionInicia_input'

2022-04-04 12:52:30 - [TEST_STEP][PASSED] - setText(findTestObject("M-OBJECTS TAREAS SECUNDARIAS/Pruebas Bienestar/Crear_un_Evento/input_Inscripcin Termina_popupMomentoEvento_formpMEInscripcionFinaliza_input"), FechaF): Text '14/4/2022' is set on object 'Object Repository/M-OBJECTS TAREAS SECUNDARIAS/Pruebas Bienestar/Crear_un_Evento/input_Inscripcin Termina_popupMomentoEvento_formpMEInscripcionFinaliza_input'

2022-04-04 12:52:31 - [MESSAGE][PASSED] - Text '14/4/2022' is set on object 'Object Repository/M-OBJECTS TAREAS SECUNDARIAS/Pruebas Bienestar/Crear_un_Evento/input_Inscripcin Termina_popupMomentoEvento_formpMEInscripcionFinaliza_input'

2022-04-04 12:52:31 - [TEST_STEP][PASSED] - click(findTestObject("M-OBJECTS TAREAS SECUNDARIAS/Pruebas Bienestar/Crear_un_Evento/a_Guardar1")): Object: 'Object Repository/M-OBJECTS TAREAS SECUNDARIAS/Pruebas Bienestar/Crear_un_Evento/a_Guardar1' is clicked on

2022-04-04 12:52:31 - [MESSAGE][PASSED] - Object: 'Object Repository/M-OBJECTS TAREAS SECUNDARIAS/Pruebas Bienestar/Crear_un_Evento/a_Guardar1' is clicked on

2022-04-04 12:52:31 - [TEST_STEP][PASSED] - click(findTestObject("M-OBJECTS TAREAS SECUNDARIAS/Pruebas Bienestar/Crear_un_Evento/a_Regresar")): Object: 'Object Repository/M-OBJECTS TAREAS SECUNDARIAS/Pruebas Bienestar/Crear_un_Evento/a_Regresar' is clicked on

2022-04-04 12:52:32 - [MESSAGE][PASSED] - Object: 'Object Repository/M-OBJECTS TAREAS SECUNDARIAS/Pruebas Bienestar/Crear_un_Evento/a_Regresar' is clicked on]]></system-out>
         <system-err><![CDATA[]]></system-err>
      </testcase>
      <testcase name="Test Cases/1.2-Tareas_Secundarias/3.1-Pruebas_Bienestar/3.1.2-Ingresar_instructores" time="18.66" classname="Test Cases/1.2-Tareas_Secundarias/3.1-Pruebas_Bienestar/3.1.2-Ingresar_instructores" status="PASSED">
         <system-out><![CDATA[2022-04-04 12:52:32 - [TEST_CASE][PASSED] - Test Cases/1.2-Tareas_Secundarias/3.1-Pruebas_Bienestar/3.1.2-Ingresar_instructores: Test Cases/1.2-Tareas_Secundarias/3.1-Pruebas_Bienestar/3.1.2-Ingresar_instructores

2022-04-04 12:52:33 - [TEST_STEP][PASSED] - callTestCase(findTestCase("Utilidades-(atajos_para _tareas)/Modulos/Modulo bienestar-eventos"), [:], STOP_ON_FAILURE): Call Test Case 'Test Cases/Utilidades-(atajos_para _tareas)/Modulos/Modulo bienestar-eventos' successfully

2022-04-04 12:52:33 - [TEST_CASE][PASSED] - Test Cases/Utilidades-(atajos_para _tareas)/Modulos/Modulo bienestar-eventos: Test Cases/Utilidades-(atajos_para _tareas)/Modulos/Modulo bienestar-eventos

2022-04-04 12:52:33 - [TEST_STEP][PASSED] - callTestCase(findTestCase("0.1-Login"), [:], STOP_ON_FAILURE): Call Test Case 'Test Cases/0.1-Login' successfully

2022-04-04 12:52:33 - [TEST_CASE][PASSED] - Test Cases/0.1-Login: Test Cases/0.1-Login

2022-04-04 12:52:33 - [TEST_STEP][PASSED] - openBrowser(""): Browser is opened with url: ''

2022-04-04 12:52:33 - [MESSAGE][WARNING] - A browser is already opened. Closing browser and opening a new one

2022-04-04 12:52:34 - [MESSAGE][INFO] - Starting 'Chrome' driver

2022-04-04 12:52:34 - [MESSAGE][INFO] - Action delay is set to 0 milliseconds

2022-04-04 12:52:35 - [MESSAGE][PASSED] - Browser is opened with url: ''

2022-04-04 12:52:35 - [TEST_STEP][PASSED] - maximizeWindow(): Current window maximized

2022-04-04 12:52:35 - [MESSAGE][PASSED] - Current window maximized

2022-04-04 12:52:35 - [TEST_STEP][PASSED] - i = G_Login: null

2022-04-04 12:52:35 - [TEST_STEP][PASSED] - url = new java.net.URL(i): null

2022-04-04 12:52:35 - [TEST_STEP][PASSED] - println("URL: " + url.toString()): null

2022-04-04 12:52:35 - [TEST_STEP][PASSED] - connection = url.openConnection(): null

2022-04-04 12:52:35 - [TEST_STEP][PASSED] - connection.setRequestMethod("GET"): null

2022-04-04 12:52:35 - [TEST_STEP][PASSED] - connection.setReadTimeout(2 * 1000): null

2022-04-04 12:52:35 - [TEST_STEP][PASSED] - try: null

2022-04-04 12:52:35 - [TEST_STEP][PASSED] - connection.connect(): null

2022-04-04 12:52:35 - [TEST_STEP][PASSED] - flag = connected: null

2022-04-04 12:52:35 - [TEST_STEP][PASSED] - println("Valor_ori: " + flag): null

2022-04-04 12:52:35 - [TEST_STEP][PASSED] - if (flag): null

2022-04-04 12:52:35 - [TEST_STEP][PASSED] - navigateToUrl(i): Navigate to 'http://192.168.2.19:8380/saraweb' successfully

2022-04-04 12:52:36 - [MESSAGE][PASSED] - Navigate to 'http://192.168.2.19:8380/saraweb' successfully

2022-04-04 12:52:36 - [TEST_STEP][PASSED] - a(): null

2022-04-04 12:52:36 - [TEST_STEP][PASSED] - setText(findTestObject("Login/input_USUARIO_loginusuario"), G_Usuario): Text 'saraadmin' is set on object 'Object Repository/Login/input_USUARIO_loginusuario'

2022-04-04 12:52:37 - [MESSAGE][PASSED] - Text 'saraadmin' is set on object 'Object Repository/Login/input_USUARIO_loginusuario'

2022-04-04 12:52:37 - [TEST_STEP][PASSED] - setEncryptedText(findTestObject("Login/input_CLAVE_loginpassword"), "MkG4/TYiCFC3cb2driP7+Q=="): Text ****** has been set on object 'Object Repository/Login/input_CLAVE_loginpassword'

2022-04-04 12:52:37 - [MESSAGE][PASSED] - Text ****** has been set on object 'Object Repository/Login/input_CLAVE_loginpassword'

2022-04-04 12:52:37 - [TEST_STEP][PASSED] - waitForElementClickable(findTestObject("Login/a_Ingresar"), G_TimeOut): Object 'Object Repository/Login/a_Ingresar' is clickable

2022-04-04 12:52:38 - [MESSAGE][PASSED] - Object 'Object Repository/Login/a_Ingresar' is clickable

2022-04-04 12:52:38 - [TEST_STEP][PASSED] - click(findTestObject("Login/a_Ingresar")): Object: 'Object Repository/Login/a_Ingresar' is clicked on

2022-04-04 12:52:39 - [MESSAGE][PASSED] - Object: 'Object Repository/Login/a_Ingresar' is clicked on

2022-04-04 12:52:39 - [TEST_STEP][PASSED] - element = findWebElement(findTestObject("Login/a_Ir"), 30): null

2022-04-04 12:52:40 - [TEST_STEP][PASSED] - executeJavaScript("arguments[0].click()", Arrays.asList(element)): Execute JavaScript 'arguments[0].click()' successfully

2022-04-04 12:52:40 - [MESSAGE][PASSED] - Execute JavaScript 'arguments[0].click()' successfully

2022-04-04 12:52:40 - [MESSAGE][PASSED] - Call Test Case 'Test Cases/0.1-Login' successfully

2022-04-04 12:52:40 - [TEST_STEP][PASSED] - waitForElementClickable(findTestObject("Modulo bienestar-eventos/input_ADMINISTRADOR DEL SISTEMA"), 0): Object 'Object Repository/Modulo bienestar-eventos/input_ADMINISTRADOR DEL SISTEMA' is clickable

2022-04-04 12:52:40 - [MESSAGE][WARNING] - Timeout '0' is invalid. Using default page load timeout: '45'

2022-04-04 12:52:41 - [MESSAGE][PASSED] - Object 'Object Repository/Modulo bienestar-eventos/input_ADMINISTRADOR DEL SISTEMA' is clickable

2022-04-04 12:52:41 - [TEST_STEP][PASSED] - setText(findTestObject("Modulo bienestar-eventos/input_ADMINISTRADOR DEL SISTEMA"), "eventos (bie)"): Text 'eventos (bie)' is set on object 'Object Repository/Modulo bienestar-eventos/input_ADMINISTRADOR DEL SISTEMA'

2022-04-04 12:52:41 - [MESSAGE][PASSED] - Text 'eventos (bie)' is set on object 'Object Repository/Modulo bienestar-eventos/input_ADMINISTRADOR DEL SISTEMA'

2022-04-04 12:52:41 - [TEST_STEP][PASSED] - click(findTestObject("Modulo bienestar-eventos/span_Eventos (bie)")): Object: 'Object Repository/Modulo bienestar-eventos/span_Eventos (bie)' is clicked on

2022-04-04 12:52:43 - [MESSAGE][PASSED] - Object: 'Object Repository/Modulo bienestar-eventos/span_Eventos (bie)' is clicked on

2022-04-04 12:52:43 - [MESSAGE][PASSED] - Call Test Case 'Test Cases/Utilidades-(atajos_para _tareas)/Modulos/Modulo bienestar-eventos' successfully

2022-04-04 12:52:43 - [TEST_STEP][PASSED] - if (waitForElementPresent(findTestObject("M-OBJECTS TAREAS SECUNDARIAS/Pruebas Bienestar/Ingresar instructores/td_Prueba"), 1)): null

2022-04-04 12:52:44 - [MESSAGE][PASSED] - Object 'Object Repository/M-OBJECTS TAREAS SECUNDARIAS/Pruebas Bienestar/Ingresar instructores/td_Prueba' is present

2022-04-04 12:52:44 - [TEST_STEP][PASSED] - click(findTestObject("M-OBJECTS TAREAS SECUNDARIAS/Pruebas Bienestar/Ingresar instructores/td_Prueba")): Object: 'Object Repository/M-OBJECTS TAREAS SECUNDARIAS/Pruebas Bienestar/Ingresar instructores/td_Prueba' is clicked on

2022-04-04 12:52:44 - [MESSAGE][PASSED] - Object: 'Object Repository/M-OBJECTS TAREAS SECUNDARIAS/Pruebas Bienestar/Ingresar instructores/td_Prueba' is clicked on

2022-04-04 12:52:44 - [TEST_STEP][PASSED] - click(findTestObject("M-OBJECTS TAREAS SECUNDARIAS/Pruebas Bienestar/Ingresar instructores/a_Instructores")): Object: 'Object Repository/M-OBJECTS TAREAS SECUNDARIAS/Pruebas Bienestar/Ingresar instructores/a_Instructores' is clicked on

2022-04-04 12:52:45 - [MESSAGE][PASSED] - Object: 'Object Repository/M-OBJECTS TAREAS SECUNDARIAS/Pruebas Bienestar/Ingresar instructores/a_Instructores' is clicked on

2022-04-04 12:52:45 - [TEST_STEP][PASSED] - if (waitForElementClickable(findTestObject("M-OBJECTS TAREAS SECUNDARIAS/Pruebas Bienestar/Ingresar instructores/a_Instructores_form_entrenadorlistaEntrenadores0j_idt616"), 1)): Web element with id: 'Object Repository/M-OBJECTS TAREAS SECUNDARIAS/Pruebas Bienestar/Ingresar instructores/a_Instructores_form_entrenadorlistaEntrenadores0j_idt616' located by '//div/div/table/tbody/tr/td[2]/a' not found

2022-04-04 12:52:47 - [MESSAGE][INFO] - Unable to find the element located by 'By.xpath: //div/div/table/tbody/tr/td[2]/a'. Please recheck the objects properties to make sure the desired element is located. 

2022-04-04 12:52:47 - [MESSAGE][WARNING] - Web element with id: 'Object Repository/M-OBJECTS TAREAS SECUNDARIAS/Pruebas Bienestar/Ingresar instructores/a_Instructores_form_entrenadorlistaEntrenadores0j_idt616' located by '//div/div/table/tbody/tr/td[2]/a' not found

2022-04-04 12:52:47 - [TEST_STEP][PASSED] - selectOptionByIndex(findTestObject("M-OBJECTS TAREAS SECUNDARIAS/Pruebas Bienestar/Ingresar instructores/select_-- Seleccione --Beltran Daza Jose AndresCanizalez Acero Marta BrigitteBuitrago Buitrago Andrea12501250Mendoza 1010 Empleado"), 4): All options with index in [4] are selected on object 'Object Repository/M-OBJECTS TAREAS SECUNDARIAS/Pruebas Bienestar/Ingresar instructores/select_-- Seleccione --Beltran Daza Jose AndresCanizalez Acero Marta BrigitteBuitrago Buitrago Andrea12501250Mendoza 1010 Empleado'

2022-04-04 12:52:48 - [MESSAGE][PASSED] - All options with index in [4] are selected on object 'Object Repository/M-OBJECTS TAREAS SECUNDARIAS/Pruebas Bienestar/Ingresar instructores/select_-- Seleccione --Beltran Daza Jose AndresCanizalez Acero Marta BrigitteBuitrago Buitrago Andrea12501250Mendoza 1010 Empleado'

2022-04-04 12:52:48 - [TEST_STEP][PASSED] - click(findTestObject("M-OBJECTS TAREAS SECUNDARIAS/Pruebas Bienestar/Ingresar instructores/a_Instructores_form_entrenadorlistaEntrenadoresj_idt618")): Object: 'Object Repository/M-OBJECTS TAREAS SECUNDARIAS/Pruebas Bienestar/Ingresar instructores/a_Instructores_form_entrenadorlistaEntrenadoresj_idt618' is clicked on

2022-04-04 12:52:49 - [MESSAGE][PASSED] - Object: 'Object Repository/M-OBJECTS TAREAS SECUNDARIAS/Pruebas Bienestar/Ingresar instructores/a_Instructores_form_entrenadorlistaEntrenadoresj_idt618' is clicked on

2022-04-04 12:52:49 - [TEST_STEP][PASSED] - click(findTestObject("M-OBJECTS TAREAS SECUNDARIAS/Pruebas Bienestar/Ingresar instructores/input_Evento Bienestar_form_templatej_idt282j_idt29")): Object: 'Object Repository/M-OBJECTS TAREAS SECUNDARIAS/Pruebas Bienestar/Ingresar instructores/input_Evento Bienestar_form_templatej_idt282j_idt29' is clicked on

2022-04-04 12:52:50 - [MESSAGE][PASSED] - Object: 'Object Repository/M-OBJECTS TAREAS SECUNDARIAS/Pruebas Bienestar/Ingresar instructores/input_Evento Bienestar_form_templatej_idt282j_idt29' is clicked on

2022-04-04 12:52:50 - [TEST_STEP][PASSED] - closeBrowser(): Browser is closed

2022-04-04 12:52:51 - [MESSAGE][PASSED] - Browser is closed]]></system-out>
         <system-err><![CDATA[]]></system-err>
      </testcase>
      <testcase name="Test Cases/1.2-Tareas_Secundarias/3.1-Pruebas_Bienestar/3.1.3-Ingresar entidades" time="15.372" classname="Test Cases/1.2-Tareas_Secundarias/3.1-Pruebas_Bienestar/3.1.3-Ingresar entidades" status="PASSED">
         <system-out><![CDATA[2022-04-04 12:52:51 - [TEST_CASE][PASSED] - Test Cases/1.2-Tareas_Secundarias/3.1-Pruebas_Bienestar/3.1.3-Ingresar entidades: Test Cases/1.2-Tareas_Secundarias/3.1-Pruebas_Bienestar/3.1.3-Ingresar entidades

2022-04-04 12:52:51 - [TEST_STEP][PASSED] - callTestCase(findTestCase("Utilidades-(atajos_para _tareas)/Modulos/Modulo bienestar-eventos"), [:], STOP_ON_FAILURE): Call Test Case 'Test Cases/Utilidades-(atajos_para _tareas)/Modulos/Modulo bienestar-eventos' successfully

2022-04-04 12:52:51 - [TEST_CASE][PASSED] - Test Cases/Utilidades-(atajos_para _tareas)/Modulos/Modulo bienestar-eventos: Test Cases/Utilidades-(atajos_para _tareas)/Modulos/Modulo bienestar-eventos

2022-04-04 12:52:51 - [TEST_STEP][PASSED] - callTestCase(findTestCase("0.1-Login"), [:], STOP_ON_FAILURE): Call Test Case 'Test Cases/0.1-Login' successfully

2022-04-04 12:52:51 - [TEST_CASE][PASSED] - Test Cases/0.1-Login: Test Cases/0.1-Login

2022-04-04 12:52:51 - [TEST_STEP][PASSED] - openBrowser(""): Browser is opened with url: ''

2022-04-04 12:52:51 - [MESSAGE][INFO] - Starting 'Chrome' driver

2022-04-04 12:52:51 - [MESSAGE][INFO] - Action delay is set to 0 milliseconds

2022-04-04 12:52:53 - [MESSAGE][PASSED] - Browser is opened with url: ''

2022-04-04 12:52:53 - [TEST_STEP][PASSED] - maximizeWindow(): Current window maximized

2022-04-04 12:52:53 - [MESSAGE][PASSED] - Current window maximized

2022-04-04 12:52:53 - [TEST_STEP][PASSED] - i = G_Login: null

2022-04-04 12:52:53 - [TEST_STEP][PASSED] - url = new java.net.URL(i): null

2022-04-04 12:52:53 - [TEST_STEP][PASSED] - println("URL: " + url.toString()): null

2022-04-04 12:52:53 - [TEST_STEP][PASSED] - connection = url.openConnection(): null

2022-04-04 12:52:53 - [TEST_STEP][PASSED] - connection.setRequestMethod("GET"): null

2022-04-04 12:52:53 - [TEST_STEP][PASSED] - connection.setReadTimeout(2 * 1000): null

2022-04-04 12:52:53 - [TEST_STEP][PASSED] - try: null

2022-04-04 12:52:53 - [TEST_STEP][PASSED] - connection.connect(): null

2022-04-04 12:52:53 - [TEST_STEP][PASSED] - flag = connected: null

2022-04-04 12:52:53 - [TEST_STEP][PASSED] - println("Valor_ori: " + flag): null

2022-04-04 12:52:53 - [TEST_STEP][PASSED] - if (flag): null

2022-04-04 12:52:53 - [TEST_STEP][PASSED] - navigateToUrl(i): Navigate to 'http://192.168.2.19:8380/saraweb' successfully

2022-04-04 12:52:53 - [MESSAGE][PASSED] - Navigate to 'http://192.168.2.19:8380/saraweb' successfully

2022-04-04 12:52:53 - [TEST_STEP][PASSED] - a(): null

2022-04-04 12:52:53 - [TEST_STEP][PASSED] - setText(findTestObject("Login/input_USUARIO_loginusuario"), G_Usuario): Text 'saraadmin' is set on object 'Object Repository/Login/input_USUARIO_loginusuario'

2022-04-04 12:52:54 - [MESSAGE][PASSED] - Text 'saraadmin' is set on object 'Object Repository/Login/input_USUARIO_loginusuario'

2022-04-04 12:52:54 - [TEST_STEP][PASSED] - setEncryptedText(findTestObject("Login/input_CLAVE_loginpassword"), "MkG4/TYiCFC3cb2driP7+Q=="): Text ****** has been set on object 'Object Repository/Login/input_CLAVE_loginpassword'

2022-04-04 12:52:54 - [MESSAGE][PASSED] - Text ****** has been set on object 'Object Repository/Login/input_CLAVE_loginpassword'

2022-04-04 12:52:54 - [TEST_STEP][PASSED] - waitForElementClickable(findTestObject("Login/a_Ingresar"), G_TimeOut): Object 'Object Repository/Login/a_Ingresar' is clickable

2022-04-04 12:52:55 - [MESSAGE][PASSED] - Object 'Object Repository/Login/a_Ingresar' is clickable

2022-04-04 12:52:55 - [TEST_STEP][PASSED] - click(findTestObject("Login/a_Ingresar")): Object: 'Object Repository/Login/a_Ingresar' is clicked on

2022-04-04 12:52:56 - [MESSAGE][PASSED] - Object: 'Object Repository/Login/a_Ingresar' is clicked on

2022-04-04 12:52:56 - [TEST_STEP][PASSED] - element = findWebElement(findTestObject("Login/a_Ir"), 30): null

2022-04-04 12:52:57 - [TEST_STEP][PASSED] - executeJavaScript("arguments[0].click()", Arrays.asList(element)): Execute JavaScript 'arguments[0].click()' successfully

2022-04-04 12:52:57 - [MESSAGE][PASSED] - Execute JavaScript 'arguments[0].click()' successfully

2022-04-04 12:52:57 - [MESSAGE][PASSED] - Call Test Case 'Test Cases/0.1-Login' successfully

2022-04-04 12:52:57 - [TEST_STEP][PASSED] - waitForElementClickable(findTestObject("Modulo bienestar-eventos/input_ADMINISTRADOR DEL SISTEMA"), 0): Object 'Object Repository/Modulo bienestar-eventos/input_ADMINISTRADOR DEL SISTEMA' is clickable

2022-04-04 12:52:57 - [MESSAGE][WARNING] - Timeout '0' is invalid. Using default page load timeout: '45'

2022-04-04 12:52:58 - [MESSAGE][PASSED] - Object 'Object Repository/Modulo bienestar-eventos/input_ADMINISTRADOR DEL SISTEMA' is clickable

2022-04-04 12:52:58 - [TEST_STEP][PASSED] - setText(findTestObject("Modulo bienestar-eventos/input_ADMINISTRADOR DEL SISTEMA"), "eventos (bie)"): Text 'eventos (bie)' is set on object 'Object Repository/Modulo bienestar-eventos/input_ADMINISTRADOR DEL SISTEMA'

2022-04-04 12:52:58 - [MESSAGE][PASSED] - Text 'eventos (bie)' is set on object 'Object Repository/Modulo bienestar-eventos/input_ADMINISTRADOR DEL SISTEMA'

2022-04-04 12:52:58 - [TEST_STEP][PASSED] - click(findTestObject("Modulo bienestar-eventos/span_Eventos (bie)")): Object: 'Object Repository/Modulo bienestar-eventos/span_Eventos (bie)' is clicked on

2022-04-04 12:53:00 - [MESSAGE][PASSED] - Object: 'Object Repository/Modulo bienestar-eventos/span_Eventos (bie)' is clicked on

2022-04-04 12:53:00 - [MESSAGE][PASSED] - Call Test Case 'Test Cases/Utilidades-(atajos_para _tareas)/Modulos/Modulo bienestar-eventos' successfully

2022-04-04 12:53:00 - [TEST_STEP][PASSED] - click(findTestObject("M-OBJECTS TAREAS SECUNDARIAS/Pruebas Bienestar/Ingresar_Entidades/td_Prueba-S")): Object: 'Object Repository/M-OBJECTS TAREAS SECUNDARIAS/Pruebas Bienestar/Ingresar_Entidades/td_Prueba-S' is clicked on

2022-04-04 12:53:01 - [MESSAGE][PASSED] - Object: 'Object Repository/M-OBJECTS TAREAS SECUNDARIAS/Pruebas Bienestar/Ingresar_Entidades/td_Prueba-S' is clicked on

2022-04-04 12:53:01 - [TEST_STEP][PASSED] - click(findTestObject("M-OBJECTS TAREAS SECUNDARIAS/Pruebas Bienestar/Ingresar_Entidades/a_Entidades")): Object: 'Object Repository/M-OBJECTS TAREAS SECUNDARIAS/Pruebas Bienestar/Ingresar_Entidades/a_Entidades' is clicked on

2022-04-04 12:53:02 - [MESSAGE][PASSED] - Object: 'Object Repository/M-OBJECTS TAREAS SECUNDARIAS/Pruebas Bienestar/Ingresar_Entidades/a_Entidades' is clicked on

2022-04-04 12:53:02 - [TEST_STEP][PASSED] - if (waitForElementClickable(findTestObject("M-OBJECTS TAREAS SECUNDARIAS/Pruebas Bienestar/Ingresar_Entidades/a_US_form_entidadlistaEntidades0j_idt626"), 1)): Web element with id: 'Object Repository/M-OBJECTS TAREAS SECUNDARIAS/Pruebas Bienestar/Ingresar_Entidades/a_US_form_entidadlistaEntidades0j_idt626' located by '//div/div/table/tbody/tr/td[2]/a' not found

2022-04-04 12:53:04 - [MESSAGE][INFO] - Unable to find the element located by 'By.xpath: //div/div/table/tbody/tr/td[2]/a'. Please recheck the objects properties to make sure the desired element is located. 

2022-04-04 12:53:04 - [MESSAGE][WARNING] - Web element with id: 'Object Repository/M-OBJECTS TAREAS SECUNDARIAS/Pruebas Bienestar/Ingresar_Entidades/a_US_form_entidadlistaEntidades0j_idt626' located by '//div/div/table/tbody/tr/td[2]/a' not found

2022-04-04 12:53:04 - [TEST_STEP][PASSED] - selectOptionByIndex(findTestObject("M-OBJECTS TAREAS SECUNDARIAS/Pruebas Bienestar/Ingresar_Entidades/select_-- Seleccione --US"), 1): All options with index in [1] are selected on object 'Object Repository/M-OBJECTS TAREAS SECUNDARIAS/Pruebas Bienestar/Ingresar_Entidades/select_-- Seleccione --US'

2022-04-04 12:53:05 - [MESSAGE][PASSED] - All options with index in [1] are selected on object 'Object Repository/M-OBJECTS TAREAS SECUNDARIAS/Pruebas Bienestar/Ingresar_Entidades/select_-- Seleccione --US'

2022-04-04 12:53:05 - [TEST_STEP][PASSED] - click(findTestObject("M-OBJECTS TAREAS SECUNDARIAS/Pruebas Bienestar/Ingresar_Entidades/a_Entidades_form_entidadlistaEntidadesj_idt628")): Object: 'Object Repository/M-OBJECTS TAREAS SECUNDARIAS/Pruebas Bienestar/Ingresar_Entidades/a_Entidades_form_entidadlistaEntidadesj_idt628' is clicked on

2022-04-04 12:53:06 - [MESSAGE][PASSED] - Object: 'Object Repository/M-OBJECTS TAREAS SECUNDARIAS/Pruebas Bienestar/Ingresar_Entidades/a_Entidades_form_entidadlistaEntidadesj_idt628' is clicked on

2022-04-04 12:53:06 - [TEST_STEP][PASSED] - closeBrowser(): Browser is closed

2022-04-04 12:53:06 - [MESSAGE][PASSED] - Browser is closed]]></system-out>
         <system-err><![CDATA[]]></system-err>
      </testcase>
      <testcase name="Test Cases/1.2-Tareas_Secundarias/3.1-Pruebas_Bienestar/3.1.4-Filtro_de_asistentes" time="74.818" classname="Test Cases/1.2-Tareas_Secundarias/3.1-Pruebas_Bienestar/3.1.4-Filtro_de_asistentes" status="PASSED">
         <system-out><![CDATA[2022-04-04 12:53:06 - [TEST_CASE][PASSED] - Test Cases/1.2-Tareas_Secundarias/3.1-Pruebas_Bienestar/3.1.4-Filtro_de_asistentes: Test Cases/1.2-Tareas_Secundarias/3.1-Pruebas_Bienestar/3.1.4-Filtro_de_asistentes

2022-04-04 12:53:07 - [TEST_STEP][PASSED] - callTestCase(findTestCase("Utilidades-(atajos_para _tareas)/Modulos/Modulo bienestar-eventos"), [:], STOP_ON_FAILURE): Call Test Case 'Test Cases/Utilidades-(atajos_para _tareas)/Modulos/Modulo bienestar-eventos' successfully

2022-04-04 12:53:07 - [TEST_CASE][PASSED] - Test Cases/Utilidades-(atajos_para _tareas)/Modulos/Modulo bienestar-eventos: Test Cases/Utilidades-(atajos_para _tareas)/Modulos/Modulo bienestar-eventos

2022-04-04 12:53:07 - [TEST_STEP][PASSED] - callTestCase(findTestCase("0.1-Login"), [:], STOP_ON_FAILURE): Call Test Case 'Test Cases/0.1-Login' successfully

2022-04-04 12:53:07 - [TEST_CASE][PASSED] - Test Cases/0.1-Login: Test Cases/0.1-Login

2022-04-04 12:53:07 - [TEST_STEP][PASSED] - openBrowser(""): Browser is opened with url: ''

2022-04-04 12:53:07 - [MESSAGE][INFO] - Starting 'Chrome' driver

2022-04-04 12:53:07 - [MESSAGE][INFO] - Action delay is set to 0 milliseconds

2022-04-04 12:53:08 - [MESSAGE][PASSED] - Browser is opened with url: ''

2022-04-04 12:53:08 - [TEST_STEP][PASSED] - maximizeWindow(): Current window maximized

2022-04-04 12:53:08 - [MESSAGE][PASSED] - Current window maximized

2022-04-04 12:53:08 - [TEST_STEP][PASSED] - i = G_Login: null

2022-04-04 12:53:08 - [TEST_STEP][PASSED] - url = new java.net.URL(i): null

2022-04-04 12:53:08 - [TEST_STEP][PASSED] - println("URL: " + url.toString()): null

2022-04-04 12:53:08 - [TEST_STEP][PASSED] - connection = url.openConnection(): null

2022-04-04 12:53:08 - [TEST_STEP][PASSED] - connection.setRequestMethod("GET"): null

2022-04-04 12:53:08 - [TEST_STEP][PASSED] - connection.setReadTimeout(2 * 1000): null

2022-04-04 12:53:08 - [TEST_STEP][PASSED] - try: null

2022-04-04 12:53:08 - [TEST_STEP][PASSED] - connection.connect(): null

2022-04-04 12:53:08 - [TEST_STEP][PASSED] - flag = connected: null

2022-04-04 12:53:08 - [TEST_STEP][PASSED] - println("Valor_ori: " + flag): null

2022-04-04 12:53:08 - [TEST_STEP][PASSED] - if (flag): null

2022-04-04 12:53:08 - [TEST_STEP][PASSED] - navigateToUrl(i): Navigate to 'http://192.168.2.19:8380/saraweb' successfully

2022-04-04 12:53:09 - [MESSAGE][PASSED] - Navigate to 'http://192.168.2.19:8380/saraweb' successfully

2022-04-04 12:53:09 - [TEST_STEP][PASSED] - a(): null

2022-04-04 12:53:09 - [TEST_STEP][PASSED] - setText(findTestObject("Login/input_USUARIO_loginusuario"), G_Usuario): Text 'saraadmin' is set on object 'Object Repository/Login/input_USUARIO_loginusuario'

2022-04-04 12:53:09 - [MESSAGE][PASSED] - Text 'saraadmin' is set on object 'Object Repository/Login/input_USUARIO_loginusuario'

2022-04-04 12:53:09 - [TEST_STEP][PASSED] - setEncryptedText(findTestObject("Login/input_CLAVE_loginpassword"), "MkG4/TYiCFC3cb2driP7+Q=="): Text ****** has been set on object 'Object Repository/Login/input_CLAVE_loginpassword'

2022-04-04 12:53:10 - [MESSAGE][PASSED] - Text ****** has been set on object 'Object Repository/Login/input_CLAVE_loginpassword'

2022-04-04 12:53:10 - [TEST_STEP][PASSED] - waitForElementClickable(findTestObject("Login/a_Ingresar"), G_TimeOut): Object 'Object Repository/Login/a_Ingresar' is clickable

2022-04-04 12:53:10 - [MESSAGE][PASSED] - Object 'Object Repository/Login/a_Ingresar' is clickable

2022-04-04 12:53:10 - [TEST_STEP][PASSED] - click(findTestObject("Login/a_Ingresar")): Object: 'Object Repository/Login/a_Ingresar' is clicked on

2022-04-04 12:53:11 - [MESSAGE][PASSED] - Object: 'Object Repository/Login/a_Ingresar' is clicked on

2022-04-04 12:53:11 - [TEST_STEP][PASSED] - element = findWebElement(findTestObject("Login/a_Ir"), 30): null

2022-04-04 12:53:12 - [TEST_STEP][PASSED] - executeJavaScript("arguments[0].click()", Arrays.asList(element)): Execute JavaScript 'arguments[0].click()' successfully

2022-04-04 12:53:12 - [MESSAGE][PASSED] - Execute JavaScript 'arguments[0].click()' successfully

2022-04-04 12:53:12 - [MESSAGE][PASSED] - Call Test Case 'Test Cases/0.1-Login' successfully

2022-04-04 12:53:12 - [TEST_STEP][PASSED] - waitForElementClickable(findTestObject("Modulo bienestar-eventos/input_ADMINISTRADOR DEL SISTEMA"), 0): Object 'Object Repository/Modulo bienestar-eventos/input_ADMINISTRADOR DEL SISTEMA' is clickable

2022-04-04 12:53:12 - [MESSAGE][WARNING] - Timeout '0' is invalid. Using default page load timeout: '45'

2022-04-04 12:53:12 - [MESSAGE][PASSED] - Object 'Object Repository/Modulo bienestar-eventos/input_ADMINISTRADOR DEL SISTEMA' is clickable

2022-04-04 12:53:12 - [TEST_STEP][PASSED] - setText(findTestObject("Modulo bienestar-eventos/input_ADMINISTRADOR DEL SISTEMA"), "eventos (bie)"): Text 'eventos (bie)' is set on object 'Object Repository/Modulo bienestar-eventos/input_ADMINISTRADOR DEL SISTEMA'

2022-04-04 12:53:13 - [MESSAGE][PASSED] - Text 'eventos (bie)' is set on object 'Object Repository/Modulo bienestar-eventos/input_ADMINISTRADOR DEL SISTEMA'

2022-04-04 12:53:13 - [TEST_STEP][PASSED] - click(findTestObject("Modulo bienestar-eventos/span_Eventos (bie)")): Object: 'Object Repository/Modulo bienestar-eventos/span_Eventos (bie)' is clicked on

2022-04-04 12:53:16 - [MESSAGE][PASSED] - Object: 'Object Repository/Modulo bienestar-eventos/span_Eventos (bie)' is clicked on

2022-04-04 12:53:16 - [MESSAGE][PASSED] - Call Test Case 'Test Cases/Utilidades-(atajos_para _tareas)/Modulos/Modulo bienestar-eventos' successfully

2022-04-04 12:53:16 - [TEST_STEP][PASSED] - click(findTestObject("M-OBJECTS TAREAS SECUNDARIAS/Pruebas Bienestar/Filtro_de_Asistentes_S-(solicitante)/td_Prueba-S")): Object: 'Object Repository/M-OBJECTS TAREAS SECUNDARIAS/Pruebas Bienestar/Filtro_de_Asistentes_S-(solicitante)/td_Prueba-S' is clicked on

2022-04-04 12:53:17 - [MESSAGE][PASSED] - Object: 'Object Repository/M-OBJECTS TAREAS SECUNDARIAS/Pruebas Bienestar/Filtro_de_Asistentes_S-(solicitante)/td_Prueba-S' is clicked on

2022-04-04 12:53:17 - [TEST_STEP][PASSED] - click(findTestObject("M-OBJECTS TAREAS SECUNDARIAS/Pruebas Bienestar/Filtro_de_Asistentes_S-(solicitante)/a_DirigidoA")): Object: 'Object Repository/M-OBJECTS TAREAS SECUNDARIAS/Pruebas Bienestar/Filtro_de_Asistentes_S-(solicitante)/a_DirigidoA' is clicked on

2022-04-04 12:53:17 - [MESSAGE][PASSED] - Object: 'Object Repository/M-OBJECTS TAREAS SECUNDARIAS/Pruebas Bienestar/Filtro_de_Asistentes_S-(solicitante)/a_DirigidoA' is clicked on

2022-04-04 12:53:17 - [TEST_STEP][PASSED] - if (waitForElementClickable(findTestObject("M-OBJECTS TAREAS SECUNDARIAS/Pruebas Bienestar/Filtro_de_Asistentes_S-(solicitante)/a_Edad_form_condicionDerechoTipoBeneftabla_ventanaCDTB0j_idt793"), 1)): Web element with id: 'Object Repository/M-OBJECTS TAREAS SECUNDARIAS/Pruebas Bienestar/Filtro_de_Asistentes_S-(solicitante)/a_Edad_form_condicionDerechoTipoBeneftabla_ventanaCDTB0j_idt793' located by '//div/div/table/tbody/tr/td[3]/a' not found

2022-04-04 12:53:20 - [MESSAGE][INFO] - Unable to find the element located by 'By.xpath: //div/div/table/tbody/tr/td[3]/a'. Please recheck the objects properties to make sure the desired element is located. 

2022-04-04 12:53:20 - [MESSAGE][WARNING] - Web element with id: 'Object Repository/M-OBJECTS TAREAS SECUNDARIAS/Pruebas Bienestar/Filtro_de_Asistentes_S-(solicitante)/a_Edad_form_condicionDerechoTipoBeneftabla_ventanaCDTB0j_idt793' located by '//div/div/table/tbody/tr/td[3]/a' not found

2022-04-04 12:53:20 - [TEST_STEP][PASSED] - selectOptionByIndex(findTestObject("M-OBJECTS TAREAS SECUNDARIAS/Pruebas Bienestar/Filtro_de_Asistentes_S-(solicitante)/select_-- Seleccione --CargoCargos"), 6): All options with index in [6] are selected on object 'Object Repository/M-OBJECTS TAREAS SECUNDARIAS/Pruebas Bienestar/Filtro_de_Asistentes_S-(solicitante)/select_-- Seleccione --CargoCargos'

2022-04-04 12:53:21 - [MESSAGE][PASSED] - All options with index in [6] are selected on object 'Object Repository/M-OBJECTS TAREAS SECUNDARIAS/Pruebas Bienestar/Filtro_de_Asistentes_S-(solicitante)/select_-- Seleccione --CargoCargos'

2022-04-04 12:53:21 - [TEST_STEP][PASSED] - setText(findTestObject("M-OBJECTS TAREAS SECUNDARIAS/Pruebas Bienestar/Filtro_de_Asistentes_S-(solicitante)/input_Tipo Campo_form_condicionDerechoTipoBeneftabla_ventanaCDTBedadMinima"), "1"): Text '1' is set on object 'Object Repository/M-OBJECTS TAREAS SECUNDARIAS/Pruebas Bienestar/Filtro_de_Asistentes_S-(solicitante)/input_Tipo Campo_form_condicionDerechoTipoBeneftabla_ventanaCDTBedadMinima'

2022-04-04 12:53:22 - [MESSAGE][PASSED] - Text '1' is set on object 'Object Repository/M-OBJECTS TAREAS SECUNDARIAS/Pruebas Bienestar/Filtro_de_Asistentes_S-(solicitante)/input_Tipo Campo_form_condicionDerechoTipoBeneftabla_ventanaCDTBedadMinima'

2022-04-04 12:53:22 - [TEST_STEP][PASSED] - setText(findTestObject("M-OBJECTS TAREAS SECUNDARIAS/Pruebas Bienestar/Filtro_de_Asistentes_S-(solicitante)/input_Tipo Campo_form_condicionDerechoTipoBeneftabla_ventanaCDTBedadMaxima"), "80"): Text '80' is set on object 'Object Repository/M-OBJECTS TAREAS SECUNDARIAS/Pruebas Bienestar/Filtro_de_Asistentes_S-(solicitante)/input_Tipo Campo_form_condicionDerechoTipoBeneftabla_ventanaCDTBedadMaxima'

2022-04-04 12:53:23 - [MESSAGE][PASSED] - Text '80' is set on object 'Object Repository/M-OBJECTS TAREAS SECUNDARIAS/Pruebas Bienestar/Filtro_de_Asistentes_S-(solicitante)/input_Tipo Campo_form_condicionDerechoTipoBeneftabla_ventanaCDTBedadMaxima'

2022-04-04 12:53:23 - [TEST_STEP][PASSED] - click(findTestObject("M-OBJECTS TAREAS SECUNDARIAS/Pruebas Bienestar/Filtro_de_Asistentes_S-(solicitante)/a_Tipo Campo_form_condicionDerechoTipoBeneftabla_ventanaCDTBj_idt794")): Object: 'Object Repository/M-OBJECTS TAREAS SECUNDARIAS/Pruebas Bienestar/Filtro_de_Asistentes_S-(solicitante)/a_Tipo Campo_form_condicionDerechoTipoBeneftabla_ventanaCDTBj_idt794' is clicked on

2022-04-04 12:53:23 - [MESSAGE][PASSED] - Object: 'Object Repository/M-OBJECTS TAREAS SECUNDARIAS/Pruebas Bienestar/Filtro_de_Asistentes_S-(solicitante)/a_Tipo Campo_form_condicionDerechoTipoBeneftabla_ventanaCDTBj_idt794' is clicked on

2022-04-04 12:53:23 - [TEST_STEP][PASSED] - click(findTestObject("M-OBJECTS TAREAS SECUNDARIAS/Pruebas Bienestar/Filtro_de_Asistentes_S-(solicitante)/a_Regresar")): Object: 'Object Repository/M-OBJECTS TAREAS SECUNDARIAS/Pruebas Bienestar/Filtro_de_Asistentes_S-(solicitante)/a_Regresar' is clicked on

2022-04-04 12:53:24 - [MESSAGE][PASSED] - Object: 'Object Repository/M-OBJECTS TAREAS SECUNDARIAS/Pruebas Bienestar/Filtro_de_Asistentes_S-(solicitante)/a_Regresar' is clicked on

2022-04-04 12:53:24 - [TEST_STEP][PASSED] - click(findTestObject("M-OBJECTS TAREAS SECUNDARIAS/Pruebas Bienestar/Filtro_de_Asistentes_S-(solicitante)/td_Prueba-S-SH")): Object: 'Object Repository/M-OBJECTS TAREAS SECUNDARIAS/Pruebas Bienestar/Filtro_de_Asistentes_S-(solicitante)/td_Prueba-S-SH' is clicked on

2022-04-04 12:53:24 - [MESSAGE][PASSED] - Object: 'Object Repository/M-OBJECTS TAREAS SECUNDARIAS/Pruebas Bienestar/Filtro_de_Asistentes_S-(solicitante)/td_Prueba-S-SH' is clicked on

2022-04-04 12:53:24 - [TEST_STEP][PASSED] - click(findTestObject("M-OBJECTS TAREAS SECUNDARIAS/Pruebas Bienestar/Filtro_de_Asistentes_S-(solicitante)/a_DirigidoA")): Object: 'Object Repository/M-OBJECTS TAREAS SECUNDARIAS/Pruebas Bienestar/Filtro_de_Asistentes_S-(solicitante)/a_DirigidoA' is clicked on

2022-04-04 12:53:25 - [MESSAGE][PASSED] - Object: 'Object Repository/M-OBJECTS TAREAS SECUNDARIAS/Pruebas Bienestar/Filtro_de_Asistentes_S-(solicitante)/a_DirigidoA' is clicked on

2022-04-04 12:53:25 - [TEST_STEP][PASSED] - if (waitForElementClickable(findTestObject("M-OBJECTS TAREAS SECUNDARIAS/Pruebas Bienestar/Filtro_de_Asistentes_S-(solicitante)/a_Edad_form_condicionDerechoTipoBeneftabla_ventanaCDTB0j_idt793"), 1)): Web element with id: 'Object Repository/M-OBJECTS TAREAS SECUNDARIAS/Pruebas Bienestar/Filtro_de_Asistentes_S-(solicitante)/a_Edad_form_condicionDerechoTipoBeneftabla_ventanaCDTB0j_idt793' located by '//div/div/table/tbody/tr/td[3]/a' not found

2022-04-04 12:53:27 - [MESSAGE][INFO] - Unable to find the element located by 'By.xpath: //div/div/table/tbody/tr/td[3]/a'. Please recheck the objects properties to make sure the desired element is located. 

2022-04-04 12:53:27 - [MESSAGE][WARNING] - Web element with id: 'Object Repository/M-OBJECTS TAREAS SECUNDARIAS/Pruebas Bienestar/Filtro_de_Asistentes_S-(solicitante)/a_Edad_form_condicionDerechoTipoBeneftabla_ventanaCDTB0j_idt793' located by '//div/div/table/tbody/tr/td[3]/a' not found

2022-04-04 12:53:27 - [TEST_STEP][PASSED] - selectOptionByIndex(findTestObject("M-OBJECTS TAREAS SECUNDARIAS/Pruebas Bienestar/Filtro_de_Asistentes_S-(solicitante)/select_-- Seleccione --CargoCargos"), 6): All options with index in [6] are selected on object 'Object Repository/M-OBJECTS TAREAS SECUNDARIAS/Pruebas Bienestar/Filtro_de_Asistentes_S-(solicitante)/select_-- Seleccione --CargoCargos'

2022-04-04 12:53:29 - [MESSAGE][PASSED] - All options with index in [6] are selected on object 'Object Repository/M-OBJECTS TAREAS SECUNDARIAS/Pruebas Bienestar/Filtro_de_Asistentes_S-(solicitante)/select_-- Seleccione --CargoCargos'

2022-04-04 12:53:29 - [TEST_STEP][PASSED] - setText(findTestObject("M-OBJECTS TAREAS SECUNDARIAS/Pruebas Bienestar/Filtro_de_Asistentes_S-(solicitante)/input_Tipo Campo_form_condicionDerechoTipoBeneftabla_ventanaCDTBedadMinima"), "1"): Text '1' is set on object 'Object Repository/M-OBJECTS TAREAS SECUNDARIAS/Pruebas Bienestar/Filtro_de_Asistentes_S-(solicitante)/input_Tipo Campo_form_condicionDerechoTipoBeneftabla_ventanaCDTBedadMinima'

2022-04-04 12:53:30 - [MESSAGE][PASSED] - Text '1' is set on object 'Object Repository/M-OBJECTS TAREAS SECUNDARIAS/Pruebas Bienestar/Filtro_de_Asistentes_S-(solicitante)/input_Tipo Campo_form_condicionDerechoTipoBeneftabla_ventanaCDTBedadMinima'

2022-04-04 12:53:30 - [TEST_STEP][PASSED] - setText(findTestObject("M-OBJECTS TAREAS SECUNDARIAS/Pruebas Bienestar/Filtro_de_Asistentes_S-(solicitante)/input_Tipo Campo_form_condicionDerechoTipoBeneftabla_ventanaCDTBedadMaxima"), "80"): Text '80' is set on object 'Object Repository/M-OBJECTS TAREAS SECUNDARIAS/Pruebas Bienestar/Filtro_de_Asistentes_S-(solicitante)/input_Tipo Campo_form_condicionDerechoTipoBeneftabla_ventanaCDTBedadMaxima'

2022-04-04 12:53:30 - [MESSAGE][PASSED] - Text '80' is set on object 'Object Repository/M-OBJECTS TAREAS SECUNDARIAS/Pruebas Bienestar/Filtro_de_Asistentes_S-(solicitante)/input_Tipo Campo_form_condicionDerechoTipoBeneftabla_ventanaCDTBedadMaxima'

2022-04-04 12:53:30 - [TEST_STEP][PASSED] - click(findTestObject("M-OBJECTS TAREAS SECUNDARIAS/Pruebas Bienestar/Filtro_de_Asistentes_S-(solicitante)/a_Tipo Campo_form_condicionDerechoTipoBeneftabla_ventanaCDTBj_idt794")): Object: 'Object Repository/M-OBJECTS TAREAS SECUNDARIAS/Pruebas Bienestar/Filtro_de_Asistentes_S-(solicitante)/a_Tipo Campo_form_condicionDerechoTipoBeneftabla_ventanaCDTBj_idt794' is clicked on

2022-04-04 12:53:31 - [MESSAGE][PASSED] - Object: 'Object Repository/M-OBJECTS TAREAS SECUNDARIAS/Pruebas Bienestar/Filtro_de_Asistentes_S-(solicitante)/a_Tipo Campo_form_condicionDerechoTipoBeneftabla_ventanaCDTBj_idt794' is clicked on

2022-04-04 12:53:31 - [TEST_STEP][PASSED] - click(findTestObject("M-OBJECTS TAREAS SECUNDARIAS/Pruebas Bienestar/Filtro_de_Asistentes_S-(solicitante)/div_Participante")): Object: 'Object Repository/M-OBJECTS TAREAS SECUNDARIAS/Pruebas Bienestar/Filtro_de_Asistentes_S-(solicitante)/div_Participante' is clicked on

2022-04-04 12:53:32 - [MESSAGE][PASSED] - Object: 'Object Repository/M-OBJECTS TAREAS SECUNDARIAS/Pruebas Bienestar/Filtro_de_Asistentes_S-(solicitante)/div_Participante' is clicked on

2022-04-04 12:53:32 - [TEST_STEP][PASSED] - click(findTestObject("M-OBJECTS TAREAS SECUNDARIAS/Pruebas Bienestar/Filtro_de_Asistentes_S-(solicitante)/a_Invitacin")): Object: 'Object Repository/M-OBJECTS TAREAS SECUNDARIAS/Pruebas Bienestar/Filtro_de_Asistentes_S-(solicitante)/a_Invitacin' is clicked on

2022-04-04 12:53:32 - [MESSAGE][PASSED] - Object: 'Object Repository/M-OBJECTS TAREAS SECUNDARIAS/Pruebas Bienestar/Filtro_de_Asistentes_S-(solicitante)/a_Invitacin' is clicked on

2022-04-04 12:53:32 - [TEST_STEP][PASSED] - selectOptionByIndex(findTestObject("M-OBJECTS TAREAS SECUNDARIAS/Pruebas Bienestar/Filtro_de_Asistentes_S-(solicitante)/select_SeleccioneCALIDADMENSUAL ABCMODELO EMPRESA QUINCENALPANSIONADOSPENSIONADOS BASEPRUEBAS"), 1): All options with index in [1] are selected on object 'Object Repository/M-OBJECTS TAREAS SECUNDARIAS/Pruebas Bienestar/Filtro_de_Asistentes_S-(solicitante)/select_SeleccioneCALIDADMENSUAL ABCMODELO EMPRESA QUINCENALPANSIONADOSPENSIONADOS BASEPRUEBAS'

2022-04-04 12:53:33 - [MESSAGE][PASSED] - All options with index in [1] are selected on object 'Object Repository/M-OBJECTS TAREAS SECUNDARIAS/Pruebas Bienestar/Filtro_de_Asistentes_S-(solicitante)/select_SeleccioneCALIDADMENSUAL ABCMODELO EMPRESA QUINCENALPANSIONADOSPENSIONADOS BASEPRUEBAS'

2022-04-04 12:53:33 - [TEST_STEP][PASSED] - click(findTestObject("M-OBJECTS TAREAS SECUNDARIAS/Pruebas Bienestar/Filtro_de_Asistentes_S-(solicitante)/a_Filtrar")): Object: 'Object Repository/M-OBJECTS TAREAS SECUNDARIAS/Pruebas Bienestar/Filtro_de_Asistentes_S-(solicitante)/a_Filtrar' is clicked on

2022-04-04 12:53:34 - [MESSAGE][PASSED] - Object: 'Object Repository/M-OBJECTS TAREAS SECUNDARIAS/Pruebas Bienestar/Filtro_de_Asistentes_S-(solicitante)/a_Filtrar' is clicked on

2022-04-04 12:53:34 - [TEST_STEP][PASSED] - waitForElementVisible(findTestObject("M-OBJECTS TAREAS SECUNDARIAS/Pruebas Bienestar/Filtro_de_Asistentes_S-(solicitante)/span_Listado Hojas de Vida (hoj)"), 0): Web element with id: 'Object Repository/M-OBJECTS TAREAS SECUNDARIAS/Pruebas Bienestar/Filtro_de_Asistentes_S-(solicitante)/span_Listado Hojas de Vida (hoj)' located by '//span/ul/li/span' not found

2022-04-04 12:53:34 - [MESSAGE][WARNING] - Timeout '0' is invalid. Using default page load timeout: '45'

2022-04-04 12:54:20 - [MESSAGE][INFO] - Unable to find the element located by 'By.xpath: //span/ul/li/span'. Please recheck the objects properties to make sure the desired element is located. 

2022-04-04 12:54:20 - [MESSAGE][WARNING] - Web element with id: 'Object Repository/M-OBJECTS TAREAS SECUNDARIAS/Pruebas Bienestar/Filtro_de_Asistentes_S-(solicitante)/span_Listado Hojas de Vida (hoj)' located by '//span/ul/li/span' not found

2022-04-04 12:54:20 - [TEST_STEP][PASSED] - closeBrowser(): Browser is closed

2022-04-04 12:54:21 - [MESSAGE][PASSED] - Browser is closed]]></system-out>
         <system-err><![CDATA[]]></system-err>
      </testcase>
      <testcase name="Test Cases/1.2-Tareas_Secundarias/3.1-Pruebas_Bienestar/3.1.5-Publicación_del_evento" time="144.641" classname="Test Cases/1.2-Tareas_Secundarias/3.1-Pruebas_Bienestar/3.1.5-Publicación_del_evento" status="PASSED">
         <system-out><![CDATA[2022-04-04 12:54:21 - [TEST_CASE][PASSED] - Test Cases/1.2-Tareas_Secundarias/3.1-Pruebas_Bienestar/3.1.5-Publicación_del_evento: Test Cases/1.2-Tareas_Secundarias/3.1-Pruebas_Bienestar/3.1.5-Publicación_del_evento

2022-04-04 12:54:22 - [TEST_STEP][PASSED] - comment("No Ejecutar. Falla con imagen subida"): No Ejecutar. Falla con imagen subida

2022-04-04 12:54:22 - [MESSAGE][INFO] - No Ejecutar. Falla con imagen subida

2022-04-04 12:54:22 - [TEST_STEP][PASSED] - fecha = new java.util.Date(): null

2022-04-04 12:54:22 - [TEST_STEP][PASSED] - Dia = fecha.getDate(): null

2022-04-04 12:54:22 - [TEST_STEP][PASSED] - Mes = fecha.getMonth() + 1: null

2022-04-04 12:54:22 - [TEST_STEP][PASSED] - MesN = fecha.getMonth() + 1: null

2022-04-04 12:54:22 - [TEST_STEP][PASSED] - Año = fecha.getYear() + 1900: null

2022-04-04 12:54:22 - [TEST_STEP][PASSED] - AñoN = fecha.getYear() + 1900: null

2022-04-04 12:54:22 - [TEST_STEP][PASSED] - DiaF = Dia + 10: null

2022-04-04 12:54:22 - [TEST_STEP][PASSED] - MesF = Mes + 1: null

2022-04-04 12:54:22 - [TEST_STEP][PASSED] - AñoF = Año + 1: null

2022-04-04 12:54:22 - [TEST_STEP][PASSED] - if (DiaF > 30): null

2022-04-04 12:54:22 - [TEST_STEP][PASSED] - else: null

2022-04-04 12:54:22 - [TEST_STEP][PASSED] - DiaF: null

2022-04-04 12:54:22 - [TEST_STEP][PASSED] - Mes: null

2022-04-04 12:54:22 - [TEST_STEP][PASSED] - if (MesF > 12): null

2022-04-04 12:54:22 - [TEST_STEP][PASSED] - FechaI = Dia + "/" + MesN + "/" + AñoN: null

2022-04-04 12:54:22 - [TEST_STEP][PASSED] - FechaF = DiaF + "/" + Mes + "/" + Año: null

2022-04-04 12:54:22 - [TEST_STEP][PASSED] - callTestCase(findTestCase("Utilidades-(atajos_para _tareas)/Modulos/Modulo bienestar-eventos"), [:], STOP_ON_FAILURE): Call Test Case 'Test Cases/Utilidades-(atajos_para _tareas)/Modulos/Modulo bienestar-eventos' successfully

2022-04-04 12:54:22 - [TEST_CASE][PASSED] - Test Cases/Utilidades-(atajos_para _tareas)/Modulos/Modulo bienestar-eventos: Test Cases/Utilidades-(atajos_para _tareas)/Modulos/Modulo bienestar-eventos

2022-04-04 12:54:22 - [TEST_STEP][PASSED] - callTestCase(findTestCase("0.1-Login"), [:], STOP_ON_FAILURE): Call Test Case 'Test Cases/0.1-Login' successfully

2022-04-04 12:54:22 - [TEST_CASE][PASSED] - Test Cases/0.1-Login: Test Cases/0.1-Login

2022-04-04 12:54:22 - [TEST_STEP][PASSED] - openBrowser(""): Browser is opened with url: ''

2022-04-04 12:54:22 - [MESSAGE][INFO] - Starting 'Chrome' driver

2022-04-04 12:54:22 - [MESSAGE][INFO] - Action delay is set to 0 milliseconds

2022-04-04 12:54:23 - [MESSAGE][PASSED] - Browser is opened with url: ''

2022-04-04 12:54:23 - [TEST_STEP][PASSED] - maximizeWindow(): Current window maximized

2022-04-04 12:54:23 - [MESSAGE][PASSED] - Current window maximized

2022-04-04 12:54:23 - [TEST_STEP][PASSED] - i = G_Login: null

2022-04-04 12:54:23 - [TEST_STEP][PASSED] - url = new java.net.URL(i): null

2022-04-04 12:54:23 - [TEST_STEP][PASSED] - println("URL: " + url.toString()): null

2022-04-04 12:54:23 - [TEST_STEP][PASSED] - connection = url.openConnection(): null

2022-04-04 12:54:23 - [TEST_STEP][PASSED] - connection.setRequestMethod("GET"): null

2022-04-04 12:54:23 - [TEST_STEP][PASSED] - connection.setReadTimeout(2 * 1000): null

2022-04-04 12:54:23 - [TEST_STEP][PASSED] - try: null

2022-04-04 12:54:23 - [TEST_STEP][PASSED] - connection.connect(): null

2022-04-04 12:54:23 - [TEST_STEP][PASSED] - flag = connected: null

2022-04-04 12:54:23 - [TEST_STEP][PASSED] - println("Valor_ori: " + flag): null

2022-04-04 12:54:23 - [TEST_STEP][PASSED] - if (flag): null

2022-04-04 12:54:23 - [TEST_STEP][PASSED] - navigateToUrl(i): Navigate to 'http://192.168.2.19:8380/saraweb' successfully

2022-04-04 12:54:24 - [MESSAGE][PASSED] - Navigate to 'http://192.168.2.19:8380/saraweb' successfully

2022-04-04 12:54:24 - [TEST_STEP][PASSED] - a(): null

2022-04-04 12:54:24 - [TEST_STEP][PASSED] - setText(findTestObject("Login/input_USUARIO_loginusuario"), G_Usuario): Text 'saraadmin' is set on object 'Object Repository/Login/input_USUARIO_loginusuario'

2022-04-04 12:54:25 - [MESSAGE][PASSED] - Text 'saraadmin' is set on object 'Object Repository/Login/input_USUARIO_loginusuario'

2022-04-04 12:54:25 - [TEST_STEP][PASSED] - setEncryptedText(findTestObject("Login/input_CLAVE_loginpassword"), "MkG4/TYiCFC3cb2driP7+Q=="): Text ****** has been set on object 'Object Repository/Login/input_CLAVE_loginpassword'

2022-04-04 12:54:25 - [MESSAGE][PASSED] - Text ****** has been set on object 'Object Repository/Login/input_CLAVE_loginpassword'

2022-04-04 12:54:25 - [TEST_STEP][PASSED] - waitForElementClickable(findTestObject("Login/a_Ingresar"), G_TimeOut): Object 'Object Repository/Login/a_Ingresar' is clickable

2022-04-04 12:54:25 - [MESSAGE][PASSED] - Object 'Object Repository/Login/a_Ingresar' is clickable

2022-04-04 12:54:25 - [TEST_STEP][PASSED] - click(findTestObject("Login/a_Ingresar")): Object: 'Object Repository/Login/a_Ingresar' is clicked on

2022-04-04 12:54:27 - [MESSAGE][PASSED] - Object: 'Object Repository/Login/a_Ingresar' is clicked on

2022-04-04 12:54:27 - [TEST_STEP][PASSED] - element = findWebElement(findTestObject("Login/a_Ir"), 30): null

2022-04-04 12:54:27 - [TEST_STEP][PASSED] - executeJavaScript("arguments[0].click()", Arrays.asList(element)): Execute JavaScript 'arguments[0].click()' successfully

2022-04-04 12:54:27 - [MESSAGE][PASSED] - Execute JavaScript 'arguments[0].click()' successfully

2022-04-04 12:54:27 - [MESSAGE][PASSED] - Call Test Case 'Test Cases/0.1-Login' successfully

2022-04-04 12:54:27 - [TEST_STEP][PASSED] - waitForElementClickable(findTestObject("Modulo bienestar-eventos/input_ADMINISTRADOR DEL SISTEMA"), 0): Object 'Object Repository/Modulo bienestar-eventos/input_ADMINISTRADOR DEL SISTEMA' is clickable

2022-04-04 12:54:28 - [MESSAGE][WARNING] - Timeout '0' is invalid. Using default page load timeout: '45'

2022-04-04 12:54:28 - [MESSAGE][PASSED] - Object 'Object Repository/Modulo bienestar-eventos/input_ADMINISTRADOR DEL SISTEMA' is clickable

2022-04-04 12:54:28 - [TEST_STEP][PASSED] - setText(findTestObject("Modulo bienestar-eventos/input_ADMINISTRADOR DEL SISTEMA"), "eventos (bie)"): Text 'eventos (bie)' is set on object 'Object Repository/Modulo bienestar-eventos/input_ADMINISTRADOR DEL SISTEMA'

2022-04-04 12:54:29 - [MESSAGE][PASSED] - Text 'eventos (bie)' is set on object 'Object Repository/Modulo bienestar-eventos/input_ADMINISTRADOR DEL SISTEMA'

2022-04-04 12:54:29 - [TEST_STEP][PASSED] - click(findTestObject("Modulo bienestar-eventos/span_Eventos (bie)")): Object: 'Object Repository/Modulo bienestar-eventos/span_Eventos (bie)' is clicked on

2022-04-04 12:54:30 - [MESSAGE][PASSED] - Object: 'Object Repository/Modulo bienestar-eventos/span_Eventos (bie)' is clicked on

2022-04-04 12:54:30 - [MESSAGE][PASSED] - Call Test Case 'Test Cases/Utilidades-(atajos_para _tareas)/Modulos/Modulo bienestar-eventos' successfully

2022-04-04 12:54:30 - [TEST_STEP][PASSED] - click(findTestObject("M-OBJECTS TAREAS SECUNDARIAS/Pruebas Bienestar/Publicación del evento/td_Prueba-S")): Object: 'Object Repository/M-OBJECTS TAREAS SECUNDARIAS/Pruebas Bienestar/Publicación del evento/td_Prueba-S' is clicked on

2022-04-04 12:54:31 - [MESSAGE][PASSED] - Object: 'Object Repository/M-OBJECTS TAREAS SECUNDARIAS/Pruebas Bienestar/Publicación del evento/td_Prueba-S' is clicked on

2022-04-04 12:54:31 - [TEST_STEP][PASSED] - click(findTestObject("M-OBJECTS TAREAS SECUNDARIAS/Pruebas Bienestar/Publicación del evento/a_Publicacin")): Object: 'Object Repository/M-OBJECTS TAREAS SECUNDARIAS/Pruebas Bienestar/Publicación del evento/a_Publicacin' is clicked on

2022-04-04 12:54:32 - [MESSAGE][PASSED] - Object: 'Object Repository/M-OBJECTS TAREAS SECUNDARIAS/Pruebas Bienestar/Publicación del evento/a_Publicacin' is clicked on

2022-04-04 12:54:32 - [TEST_STEP][PASSED] - if (waitForElementClickable(findTestObject("M-OBJECTS TAREAS SECUNDARIAS/Pruebas Bienestar/Publicación del evento/a_httplocalhost8380sarawebrepodocrecursosuid9dc2ce980076ceb250408bf7ce50f4ab_form_publicacionEventotabla10j_idt241"), 1)): null

2022-04-04 12:54:33 - [MESSAGE][PASSED] - Object 'Object Repository/M-OBJECTS TAREAS SECUNDARIAS/Pruebas Bienestar/Publicación del evento/a_httplocalhost8380sarawebrepodocrecursosuid9dc2ce980076ceb250408bf7ce50f4ab_form_publicacionEventotabla10j_idt241' is clickable

2022-04-04 12:54:33 - [TEST_STEP][PASSED] - click(findTestObject("M-OBJECTS TAREAS SECUNDARIAS/Pruebas Bienestar/Publicación del evento/a_httplocalhost8380sarawebrepodocrecursosuid9dc2ce980076ceb250408bf7ce50f4ab_form_publicacionEventotabla10j_idt241")): Object: 'Object Repository/M-OBJECTS TAREAS SECUNDARIAS/Pruebas Bienestar/Publicación del evento/a_httplocalhost8380sarawebrepodocrecursosuid9dc2ce980076ceb250408bf7ce50f4ab_form_publicacionEventotabla10j_idt241' is clicked on

2022-04-04 12:54:33 - [MESSAGE][PASSED] - Object: 'Object Repository/M-OBJECTS TAREAS SECUNDARIAS/Pruebas Bienestar/Publicación del evento/a_httplocalhost8380sarawebrepodocrecursosuid9dc2ce980076ceb250408bf7ce50f4ab_form_publicacionEventotabla10j_idt241' is clicked on

2022-04-04 12:54:33 - [TEST_STEP][PASSED] - click(findTestObject("M-OBJECTS TAREAS SECUNDARIAS/Pruebas Bienestar/Publicación del evento/span_Si")): Object: 'Object Repository/M-OBJECTS TAREAS SECUNDARIAS/Pruebas Bienestar/Publicación del evento/span_Si' is clicked on

2022-04-04 12:54:34 - [MESSAGE][PASSED] - Object: 'Object Repository/M-OBJECTS TAREAS SECUNDARIAS/Pruebas Bienestar/Publicación del evento/span_Si' is clicked on

2022-04-04 12:54:34 - [TEST_STEP][PASSED] - ruta = G_rutaarchivos + "logo_union_soluciones.jpg": null

2022-04-04 12:54:34 - [TEST_STEP][PASSED] - uploadFile(findTestObject("M-OBJECTS TAREAS SECUNDARIAS/Pruebas Bienestar/Publicación del evento/input_Choose_form_publicacionEventotabla1archivo_input"), ruta): File 'E:\unionweb14\logo_union_soluciones.jpg' sent to object: 'Object Repository/M-OBJECTS TAREAS SECUNDARIAS/Pruebas Bienestar/Publicación del evento/input_Choose_form_publicacionEventotabla1archivo_input'

2022-04-04 12:54:35 - [MESSAGE][PASSED] - File 'E:\unionweb14\logo_union_soluciones.jpg' sent to object: 'Object Repository/M-OBJECTS TAREAS SECUNDARIAS/Pruebas Bienestar/Publicación del evento/input_Choose_form_publicacionEventotabla1archivo_input'

2022-04-04 12:54:35 - [TEST_STEP][PASSED] - waitForElementClickable(findTestObject("M-OBJECTS TAREAS SECUNDARIAS/Pruebas Bienestar/Publicación del evento/input_Choose_form_publicacionEventotabla1subir"), 0): Object 'Object Repository/M-OBJECTS TAREAS SECUNDARIAS/Pruebas Bienestar/Publicación del evento/input_Choose_form_publicacionEventotabla1subir' is clickable

2022-04-04 12:54:35 - [MESSAGE][WARNING] - Timeout '0' is invalid. Using default page load timeout: '45'

2022-04-04 12:54:36 - [MESSAGE][PASSED] - Object 'Object Repository/M-OBJECTS TAREAS SECUNDARIAS/Pruebas Bienestar/Publicación del evento/input_Choose_form_publicacionEventotabla1subir' is clickable

2022-04-04 12:54:36 - [TEST_STEP][PASSED] - click(findTestObject("M-OBJECTS TAREAS SECUNDARIAS/Pruebas Bienestar/Publicación del evento/input_Choose_form_publicacionEventotabla1subir")): Object: 'Object Repository/M-OBJECTS TAREAS SECUNDARIAS/Pruebas Bienestar/Publicación del evento/input_Choose_form_publicacionEventotabla1subir' is clicked on

2022-04-04 12:54:36 - [MESSAGE][PASSED] - Object: 'Object Repository/M-OBJECTS TAREAS SECUNDARIAS/Pruebas Bienestar/Publicación del evento/input_Choose_form_publicacionEventotabla1subir' is clicked on

2022-04-04 12:54:36 - [TEST_STEP][PASSED] - click(findTestObject("M-OBJECTS TAREAS SECUNDARIAS/Pruebas Bienestar/Publicación del evento/input_Choose_form_publicacionEventotabla1subir")): Object: 'Object Repository/M-OBJECTS TAREAS SECUNDARIAS/Pruebas Bienestar/Publicación del evento/input_Choose_form_publicacionEventotabla1subir' is clicked on

2022-04-04 12:54:37 - [MESSAGE][PASSED] - Object: 'Object Repository/M-OBJECTS TAREAS SECUNDARIAS/Pruebas Bienestar/Publicación del evento/input_Choose_form_publicacionEventotabla1subir' is clicked on

2022-04-04 12:54:37 - [TEST_STEP][PASSED] - waitForElementVisible(findTestObject("M-OBJECTS TAREAS SECUNDARIAS/Pruebas Bienestar/Publicación del evento/span_httplocalhost8380sarawebrepodocrecursosuid9dc2ce980076ceb250408bf7ce50f4ab"), 0): Object 'Object Repository/M-OBJECTS TAREAS SECUNDARIAS/Pruebas Bienestar/Publicación del evento/span_httplocalhost8380sarawebrepodocrecursosuid9dc2ce980076ceb250408bf7ce50f4ab' is visible

2022-04-04 12:54:37 - [MESSAGE][WARNING] - Timeout '0' is invalid. Using default page load timeout: '45'

2022-04-04 12:54:38 - [MESSAGE][PASSED] - Object 'Object Repository/M-OBJECTS TAREAS SECUNDARIAS/Pruebas Bienestar/Publicación del evento/span_httplocalhost8380sarawebrepodocrecursosuid9dc2ce980076ceb250408bf7ce50f4ab' is visible

2022-04-04 12:54:38 - [TEST_STEP][PASSED] - Imagen = getText(findTestObject("M-OBJECTS TAREAS SECUNDARIAS/Pruebas Bienestar/Publicación del evento/span_httplocalhost8380sarawebrepodocrecursosuid9dc2ce980076ceb250408bf7ce50f4ab")): Text of object 'Object Repository/M-OBJECTS TAREAS SECUNDARIAS/Pruebas Bienestar/Publicación del evento/span_httplocalhost8380sarawebrepodocrecursosuid9dc2ce980076ceb250408bf7ce50f4ab' is: 'http://192.168.2.19:8380/saraweb/repodoc/recursos?uid=64f42364a287fe9901d062afb6decac0'

2022-04-04 12:54:38 - [MESSAGE][PASSED] - Text of object 'Object Repository/M-OBJECTS TAREAS SECUNDARIAS/Pruebas Bienestar/Publicación del evento/span_httplocalhost8380sarawebrepodocrecursosuid9dc2ce980076ceb250408bf7ce50f4ab' is: 'http://192.168.2.19:8380/saraweb/repodoc/recursos?uid=64f42364a287fe9901d062afb6decac0'

2022-04-04 12:54:38 - [TEST_STEP][PASSED] - setText(findTestObject("M-OBJECTS TAREAS SECUNDARIAS/Pruebas Bienestar/Publicación del evento/div_Contenido_ql-editor ql-blank"), Imagen): Text 'http://192.168.2.19:8380/saraweb/repodoc/recursos?uid=64f42364a287fe9901d062afb6decac0' is set on object 'Object Repository/M-OBJECTS TAREAS SECUNDARIAS/Pruebas Bienestar/Publicación del evento/div_Contenido_ql-editor ql-blank'

2022-04-04 12:54:40 - [MESSAGE][PASSED] - Text 'http://192.168.2.19:8380/saraweb/repodoc/recursos?uid=64f42364a287fe9901d062afb6decac0' is set on object 'Object Repository/M-OBJECTS TAREAS SECUNDARIAS/Pruebas Bienestar/Publicación del evento/div_Contenido_ql-editor ql-blank'

2022-04-04 12:54:40 - [TEST_STEP][PASSED] - click(findTestObject("M-OBJECTS TAREAS SECUNDARIAS/Pruebas Bienestar/Publicación del evento/div_Contenido_ui-editor-button")): Object: 'Object Repository/M-OBJECTS TAREAS SECUNDARIAS/Pruebas Bienestar/Publicación del evento/div_Contenido_ui-editor-button' is clicked on

2022-04-04 12:54:40 - [MESSAGE][PASSED] - Object: 'Object Repository/M-OBJECTS TAREAS SECUNDARIAS/Pruebas Bienestar/Publicación del evento/div_Contenido_ui-editor-button' is clicked on

2022-04-04 12:54:40 - [TEST_STEP][PASSED] - setText(findTestObject("M-OBJECTS TAREAS SECUNDARIAS/Pruebas Bienestar/Publicación del evento/input"), Imagen): Text 'http://192.168.2.19:8380/saraweb/repodoc/recursos?uid=64f42364a287fe9901d062afb6decac0' is set on object 'Object Repository/M-OBJECTS TAREAS SECUNDARIAS/Pruebas Bienestar/Publicación del evento/input'

2022-04-04 12:54:41 - [MESSAGE][PASSED] - Text 'http://192.168.2.19:8380/saraweb/repodoc/recursos?uid=64f42364a287fe9901d062afb6decac0' is set on object 'Object Repository/M-OBJECTS TAREAS SECUNDARIAS/Pruebas Bienestar/Publicación del evento/input'

2022-04-04 12:54:41 - [TEST_STEP][PASSED] - click(findTestObject("M-OBJECTS TAREAS SECUNDARIAS/Pruebas Bienestar/Publicación del evento/submit")): Object: 'Object Repository/M-OBJECTS TAREAS SECUNDARIAS/Pruebas Bienestar/Publicación del evento/submit' is clicked on

2022-04-04 12:54:41 - [MESSAGE][PASSED] - Object: 'Object Repository/M-OBJECTS TAREAS SECUNDARIAS/Pruebas Bienestar/Publicación del evento/submit' is clicked on

2022-04-04 12:54:41 - [TEST_STEP][PASSED] - setText(findTestObject("M-OBJECTS TAREAS SECUNDARIAS/Pruebas Bienestar/Publicación del evento/input_Fecha Publicacin_form_publicacionEventofechaInicialPub_input"), FechaI): Text '4/4/2022' is set on object 'Object Repository/M-OBJECTS TAREAS SECUNDARIAS/Pruebas Bienestar/Publicación del evento/input_Fecha Publicacin_form_publicacionEventofechaInicialPub_input'

2022-04-04 12:54:43 - [MESSAGE][PASSED] - Text '4/4/2022' is set on object 'Object Repository/M-OBJECTS TAREAS SECUNDARIAS/Pruebas Bienestar/Publicación del evento/input_Fecha Publicacin_form_publicacionEventofechaInicialPub_input'

2022-04-04 12:54:43 - [TEST_STEP][PASSED] - setText(findTestObject("M-OBJECTS TAREAS SECUNDARIAS/Pruebas Bienestar/Publicación del evento/input_Fecha Final_form_publicacionEventofechaFinalPub_input"), FechaF): Text '14/4/2022' is set on object 'Object Repository/M-OBJECTS TAREAS SECUNDARIAS/Pruebas Bienestar/Publicación del evento/input_Fecha Final_form_publicacionEventofechaFinalPub_input'

2022-04-04 12:54:44 - [MESSAGE][PASSED] - Text '14/4/2022' is set on object 'Object Repository/M-OBJECTS TAREAS SECUNDARIAS/Pruebas Bienestar/Publicación del evento/input_Fecha Final_form_publicacionEventofechaFinalPub_input'

2022-04-04 12:54:44 - [TEST_STEP][PASSED] - click(findTestObject("M-OBJECTS TAREAS SECUNDARIAS/Pruebas Bienestar/Publicación del evento/a_Actualizar")): Object: 'Object Repository/M-OBJECTS TAREAS SECUNDARIAS/Pruebas Bienestar/Publicación del evento/a_Actualizar' is clicked on

2022-04-04 12:54:44 - [MESSAGE][PASSED] - Object: 'Object Repository/M-OBJECTS TAREAS SECUNDARIAS/Pruebas Bienestar/Publicación del evento/a_Actualizar' is clicked on

2022-04-04 12:54:44 - [TEST_STEP][PASSED] - setText(findTestObject("M-OBJECTS TAREAS SECUNDARIAS/Pruebas Bienestar/Publicación del evento/input_Evento Bienestar_form_templatej_idt24_input"), "inscripcion evento"): Text 'inscripcion evento' is set on object 'Object Repository/M-OBJECTS TAREAS SECUNDARIAS/Pruebas Bienestar/Publicación del evento/input_Evento Bienestar_form_templatej_idt24_input'

2022-04-04 12:54:45 - [MESSAGE][PASSED] - Text 'inscripcion evento' is set on object 'Object Repository/M-OBJECTS TAREAS SECUNDARIAS/Pruebas Bienestar/Publicación del evento/input_Evento Bienestar_form_templatej_idt24_input'

2022-04-04 12:54:45 - [TEST_STEP][PASSED] - click(findTestObject("M-OBJECTS TAREAS SECUNDARIAS/Pruebas Bienestar/Publicación del evento/li_Inscripcion Evento (bie)")): Object: 'Object Repository/M-OBJECTS TAREAS SECUNDARIAS/Pruebas Bienestar/Publicación del evento/li_Inscripcion Evento (bie)' is clicked on

2022-04-04 12:54:47 - [MESSAGE][PASSED] - Object: 'Object Repository/M-OBJECTS TAREAS SECUNDARIAS/Pruebas Bienestar/Publicación del evento/li_Inscripcion Evento (bie)' is clicked on

2022-04-04 12:54:47 - [TEST_STEP][PASSED] - waitForElementVisible(findTestObject("M-OBJECTS TAREAS SECUNDARIAS/Pruebas Bienestar/Publicación del evento/div_IndividualArea TalentoPrograma"), 0): Web element with id: 'Object Repository/M-OBJECTS TAREAS SECUNDARIAS/Pruebas Bienestar/Publicación del evento/div_IndividualArea TalentoPrograma' located by '//div/form/div/div[2]' not found

2022-04-04 12:54:47 - [MESSAGE][WARNING] - Timeout '0' is invalid. Using default page load timeout: '45'

2022-04-04 12:55:33 - [MESSAGE][INFO] - Unable to find the element located by 'By.xpath: //div/form/div/div[2]'. Please recheck the objects properties to make sure the desired element is located. 

2022-04-04 12:55:33 - [MESSAGE][WARNING] - Web element with id: 'Object Repository/M-OBJECTS TAREAS SECUNDARIAS/Pruebas Bienestar/Publicación del evento/div_IndividualArea TalentoPrograma' located by '//div/form/div/div[2]' not found

2022-04-04 12:55:33 - [TEST_STEP][PASSED] - callTestCase(findTestCase("Utilidades-(atajos_para _tareas)/Modulos/Modulo bienestar-eventos"), [:], STOP_ON_FAILURE): Call Test Case 'Test Cases/Utilidades-(atajos_para _tareas)/Modulos/Modulo bienestar-eventos' successfully

2022-04-04 12:55:33 - [TEST_CASE][PASSED] - Test Cases/Utilidades-(atajos_para _tareas)/Modulos/Modulo bienestar-eventos: Test Cases/Utilidades-(atajos_para _tareas)/Modulos/Modulo bienestar-eventos

2022-04-04 12:55:33 - [TEST_STEP][PASSED] - callTestCase(findTestCase("0.1-Login"), [:], STOP_ON_FAILURE): Call Test Case 'Test Cases/0.1-Login' successfully

2022-04-04 12:55:33 - [TEST_CASE][PASSED] - Test Cases/0.1-Login: Test Cases/0.1-Login

2022-04-04 12:55:33 - [TEST_STEP][PASSED] - openBrowser(""): Browser is opened with url: ''

2022-04-04 12:55:33 - [MESSAGE][WARNING] - A browser is already opened. Closing browser and opening a new one

2022-04-04 12:55:34 - [MESSAGE][INFO] - Starting 'Chrome' driver

2022-04-04 12:55:34 - [MESSAGE][INFO] - Action delay is set to 0 milliseconds

2022-04-04 12:55:35 - [MESSAGE][PASSED] - Browser is opened with url: ''

2022-04-04 12:55:35 - [TEST_STEP][PASSED] - maximizeWindow(): Current window maximized

2022-04-04 12:55:35 - [MESSAGE][PASSED] - Current window maximized

2022-04-04 12:55:35 - [TEST_STEP][PASSED] - i = G_Login: null

2022-04-04 12:55:35 - [TEST_STEP][PASSED] - url = new java.net.URL(i): null

2022-04-04 12:55:35 - [TEST_STEP][PASSED] - println("URL: " + url.toString()): null

2022-04-04 12:55:35 - [TEST_STEP][PASSED] - connection = url.openConnection(): null

2022-04-04 12:55:35 - [TEST_STEP][PASSED] - connection.setRequestMethod("GET"): null

2022-04-04 12:55:35 - [TEST_STEP][PASSED] - connection.setReadTimeout(2 * 1000): null

2022-04-04 12:55:35 - [TEST_STEP][PASSED] - try: null

2022-04-04 12:55:35 - [TEST_STEP][PASSED] - connection.connect(): null

2022-04-04 12:55:35 - [TEST_STEP][PASSED] - flag = connected: null

2022-04-04 12:55:35 - [TEST_STEP][PASSED] - println("Valor_ori: " + flag): null

2022-04-04 12:55:35 - [TEST_STEP][PASSED] - if (flag): null

2022-04-04 12:55:35 - [TEST_STEP][PASSED] - navigateToUrl(i): Navigate to 'http://192.168.2.19:8380/saraweb' successfully

2022-04-04 12:55:36 - [MESSAGE][PASSED] - Navigate to 'http://192.168.2.19:8380/saraweb' successfully

2022-04-04 12:55:36 - [TEST_STEP][PASSED] - a(): null

2022-04-04 12:55:36 - [TEST_STEP][PASSED] - setText(findTestObject("Login/input_USUARIO_loginusuario"), G_Usuario): Text 'saraadmin' is set on object 'Object Repository/Login/input_USUARIO_loginusuario'

2022-04-04 12:55:37 - [MESSAGE][PASSED] - Text 'saraadmin' is set on object 'Object Repository/Login/input_USUARIO_loginusuario'

2022-04-04 12:55:37 - [TEST_STEP][PASSED] - setEncryptedText(findTestObject("Login/input_CLAVE_loginpassword"), "MkG4/TYiCFC3cb2driP7+Q=="): Text ****** has been set on object 'Object Repository/Login/input_CLAVE_loginpassword'

2022-04-04 12:55:37 - [MESSAGE][PASSED] - Text ****** has been set on object 'Object Repository/Login/input_CLAVE_loginpassword'

2022-04-04 12:55:37 - [TEST_STEP][PASSED] - waitForElementClickable(findTestObject("Login/a_Ingresar"), G_TimeOut): Object 'Object Repository/Login/a_Ingresar' is clickable

2022-04-04 12:55:38 - [MESSAGE][PASSED] - Object 'Object Repository/Login/a_Ingresar' is clickable

2022-04-04 12:55:38 - [TEST_STEP][PASSED] - click(findTestObject("Login/a_Ingresar")): Object: 'Object Repository/Login/a_Ingresar' is clicked on

2022-04-04 12:55:39 - [MESSAGE][PASSED] - Object: 'Object Repository/Login/a_Ingresar' is clicked on

2022-04-04 12:55:39 - [TEST_STEP][PASSED] - element = findWebElement(findTestObject("Login/a_Ir"), 30): null

2022-04-04 12:55:40 - [TEST_STEP][PASSED] - executeJavaScript("arguments[0].click()", Arrays.asList(element)): Execute JavaScript 'arguments[0].click()' successfully

2022-04-04 12:55:40 - [MESSAGE][PASSED] - Execute JavaScript 'arguments[0].click()' successfully

2022-04-04 12:55:40 - [MESSAGE][PASSED] - Call Test Case 'Test Cases/0.1-Login' successfully

2022-04-04 12:55:40 - [TEST_STEP][PASSED] - waitForElementClickable(findTestObject("Modulo bienestar-eventos/input_ADMINISTRADOR DEL SISTEMA"), 0): Object 'Object Repository/Modulo bienestar-eventos/input_ADMINISTRADOR DEL SISTEMA' is clickable

2022-04-04 12:55:40 - [MESSAGE][WARNING] - Timeout '0' is invalid. Using default page load timeout: '45'

2022-04-04 12:55:40 - [MESSAGE][PASSED] - Object 'Object Repository/Modulo bienestar-eventos/input_ADMINISTRADOR DEL SISTEMA' is clickable

2022-04-04 12:55:40 - [TEST_STEP][PASSED] - setText(findTestObject("Modulo bienestar-eventos/input_ADMINISTRADOR DEL SISTEMA"), "eventos (bie)"): Text 'eventos (bie)' is set on object 'Object Repository/Modulo bienestar-eventos/input_ADMINISTRADOR DEL SISTEMA'

2022-04-04 12:55:41 - [MESSAGE][PASSED] - Text 'eventos (bie)' is set on object 'Object Repository/Modulo bienestar-eventos/input_ADMINISTRADOR DEL SISTEMA'

2022-04-04 12:55:41 - [TEST_STEP][PASSED] - click(findTestObject("Modulo bienestar-eventos/span_Eventos (bie)")): Object: 'Object Repository/Modulo bienestar-eventos/span_Eventos (bie)' is clicked on

2022-04-04 12:55:43 - [MESSAGE][PASSED] - Object: 'Object Repository/Modulo bienestar-eventos/span_Eventos (bie)' is clicked on

2022-04-04 12:55:43 - [MESSAGE][PASSED] - Call Test Case 'Test Cases/Utilidades-(atajos_para _tareas)/Modulos/Modulo bienestar-eventos' successfully

2022-04-04 12:55:43 - [TEST_STEP][PASSED] - click(findTestObject("M-OBJECTS TAREAS SECUNDARIAS/Pruebas Bienestar/Publicación del evento/td_Prueba-S-SH")): Object: 'Object Repository/M-OBJECTS TAREAS SECUNDARIAS/Pruebas Bienestar/Publicación del evento/td_Prueba-S-SH' is clicked on

2022-04-04 12:55:44 - [MESSAGE][PASSED] - Object: 'Object Repository/M-OBJECTS TAREAS SECUNDARIAS/Pruebas Bienestar/Publicación del evento/td_Prueba-S-SH' is clicked on

2022-04-04 12:55:44 - [TEST_STEP][PASSED] - click(findTestObject("M-OBJECTS TAREAS SECUNDARIAS/Pruebas Bienestar/Publicación del evento/a_Publicacin")): Object: 'Object Repository/M-OBJECTS TAREAS SECUNDARIAS/Pruebas Bienestar/Publicación del evento/a_Publicacin' is clicked on

2022-04-04 12:55:45 - [MESSAGE][PASSED] - Object: 'Object Repository/M-OBJECTS TAREAS SECUNDARIAS/Pruebas Bienestar/Publicación del evento/a_Publicacin' is clicked on

2022-04-04 12:55:45 - [TEST_STEP][PASSED] - if (waitForElementClickable(findTestObject("M-OBJECTS TAREAS SECUNDARIAS/Pruebas Bienestar/Publicación del evento/a_httplocalhost8380sarawebrepodocrecursosuid9dc2ce980076ceb250408bf7ce50f4ab_form_publicacionEventotabla10j_idt241"), 1)): Web element with id: 'Object Repository/M-OBJECTS TAREAS SECUNDARIAS/Pruebas Bienestar/Publicación del evento/a_httplocalhost8380sarawebrepodocrecursosuid9dc2ce980076ceb250408bf7ce50f4ab_form_publicacionEventotabla10j_idt241' located by '//div/div/table/tbody/tr/td[3]/a' not found

2022-04-04 12:55:47 - [MESSAGE][INFO] - Unable to find the element located by 'By.xpath: //div/div/table/tbody/tr/td[3]/a'. Please recheck the objects properties to make sure the desired element is located. 

2022-04-04 12:55:47 - [MESSAGE][WARNING] - Web element with id: 'Object Repository/M-OBJECTS TAREAS SECUNDARIAS/Pruebas Bienestar/Publicación del evento/a_httplocalhost8380sarawebrepodocrecursosuid9dc2ce980076ceb250408bf7ce50f4ab_form_publicacionEventotabla10j_idt241' located by '//div/div/table/tbody/tr/td[3]/a' not found

2022-04-04 12:55:47 - [TEST_STEP][PASSED] - ruta2 = G_rutaarchivos + "saraapp.png": null

2022-04-04 12:55:47 - [TEST_STEP][PASSED] - uploadFile(findTestObject("M-OBJECTS TAREAS SECUNDARIAS/Pruebas Bienestar/Publicación del evento/input_Choose_form_publicacionEventotabla1archivo_input"), ruta2): File 'E:\unionweb14\saraapp.png' sent to object: 'Object Repository/M-OBJECTS TAREAS SECUNDARIAS/Pruebas Bienestar/Publicación del evento/input_Choose_form_publicacionEventotabla1archivo_input'

2022-04-04 12:55:47 - [MESSAGE][PASSED] - File 'E:\unionweb14\saraapp.png' sent to object: 'Object Repository/M-OBJECTS TAREAS SECUNDARIAS/Pruebas Bienestar/Publicación del evento/input_Choose_form_publicacionEventotabla1archivo_input'

2022-04-04 12:55:47 - [TEST_STEP][PASSED] - click(findTestObject("M-OBJECTS TAREAS SECUNDARIAS/Pruebas Bienestar/Publicación del evento/input_Choose_form_publicacionEventotabla1subir")): Object: 'Object Repository/M-OBJECTS TAREAS SECUNDARIAS/Pruebas Bienestar/Publicación del evento/input_Choose_form_publicacionEventotabla1subir' is clicked on

2022-04-04 12:55:48 - [MESSAGE][PASSED] - Object: 'Object Repository/M-OBJECTS TAREAS SECUNDARIAS/Pruebas Bienestar/Publicación del evento/input_Choose_form_publicacionEventotabla1subir' is clicked on

2022-04-04 12:55:48 - [TEST_STEP][PASSED] - waitForElementVisible(findTestObject("M-OBJECTS TAREAS SECUNDARIAS/Pruebas Bienestar/Publicación del evento/span_httplocalhost8380sarawebrepodocrecursosuid9dc2ce980076ceb250408bf7ce50f4ab"), 0): Object 'Object Repository/M-OBJECTS TAREAS SECUNDARIAS/Pruebas Bienestar/Publicación del evento/span_httplocalhost8380sarawebrepodocrecursosuid9dc2ce980076ceb250408bf7ce50f4ab' is visible

2022-04-04 12:55:49 - [MESSAGE][WARNING] - Timeout '0' is invalid. Using default page load timeout: '45'

2022-04-04 12:55:49 - [MESSAGE][PASSED] - Object 'Object Repository/M-OBJECTS TAREAS SECUNDARIAS/Pruebas Bienestar/Publicación del evento/span_httplocalhost8380sarawebrepodocrecursosuid9dc2ce980076ceb250408bf7ce50f4ab' is visible

2022-04-04 12:55:49 - [TEST_STEP][PASSED] - Imagen2 = getText(findTestObject("M-OBJECTS TAREAS SECUNDARIAS/Pruebas Bienestar/Publicación del evento/span_httplocalhost8380sarawebrepodocrecursosuid9dc2ce980076ceb250408bf7ce50f4ab")): Text of object 'Object Repository/M-OBJECTS TAREAS SECUNDARIAS/Pruebas Bienestar/Publicación del evento/span_httplocalhost8380sarawebrepodocrecursosuid9dc2ce980076ceb250408bf7ce50f4ab' is: 'http://192.168.2.19:8380/saraweb/repodoc/recursos?uid=1b4c2139c049d55efdb2cd1490277527'

2022-04-04 12:55:49 - [MESSAGE][PASSED] - Text of object 'Object Repository/M-OBJECTS TAREAS SECUNDARIAS/Pruebas Bienestar/Publicación del evento/span_httplocalhost8380sarawebrepodocrecursosuid9dc2ce980076ceb250408bf7ce50f4ab' is: 'http://192.168.2.19:8380/saraweb/repodoc/recursos?uid=1b4c2139c049d55efdb2cd1490277527'

2022-04-04 12:55:49 - [TEST_STEP][PASSED] - setText(findTestObject("M-OBJECTS TAREAS SECUNDARIAS/Pruebas Bienestar/Publicación del evento/div_Contenido_ql-editor ql-blank"), Imagen2): Text 'http://192.168.2.19:8380/saraweb/repodoc/recursos?uid=1b4c2139c049d55efdb2cd1490277527' is set on object 'Object Repository/M-OBJECTS TAREAS SECUNDARIAS/Pruebas Bienestar/Publicación del evento/div_Contenido_ql-editor ql-blank'

2022-04-04 12:55:51 - [MESSAGE][PASSED] - Text 'http://192.168.2.19:8380/saraweb/repodoc/recursos?uid=1b4c2139c049d55efdb2cd1490277527' is set on object 'Object Repository/M-OBJECTS TAREAS SECUNDARIAS/Pruebas Bienestar/Publicación del evento/div_Contenido_ql-editor ql-blank'

2022-04-04 12:55:51 - [TEST_STEP][PASSED] - click(findTestObject("M-OBJECTS TAREAS SECUNDARIAS/Pruebas Bienestar/Publicación del evento/div_Contenido_ui-editor-button")): Object: 'Object Repository/M-OBJECTS TAREAS SECUNDARIAS/Pruebas Bienestar/Publicación del evento/div_Contenido_ui-editor-button' is clicked on

2022-04-04 12:55:51 - [MESSAGE][PASSED] - Object: 'Object Repository/M-OBJECTS TAREAS SECUNDARIAS/Pruebas Bienestar/Publicación del evento/div_Contenido_ui-editor-button' is clicked on

2022-04-04 12:55:51 - [TEST_STEP][PASSED] - setText(findTestObject("M-OBJECTS TAREAS SECUNDARIAS/Pruebas Bienestar/Publicación del evento/input"), Imagen2): Text 'http://192.168.2.19:8380/saraweb/repodoc/recursos?uid=1b4c2139c049d55efdb2cd1490277527' is set on object 'Object Repository/M-OBJECTS TAREAS SECUNDARIAS/Pruebas Bienestar/Publicación del evento/input'

2022-04-04 12:55:52 - [MESSAGE][PASSED] - Text 'http://192.168.2.19:8380/saraweb/repodoc/recursos?uid=1b4c2139c049d55efdb2cd1490277527' is set on object 'Object Repository/M-OBJECTS TAREAS SECUNDARIAS/Pruebas Bienestar/Publicación del evento/input'

2022-04-04 12:55:52 - [TEST_STEP][PASSED] - click(findTestObject("M-OBJECTS TAREAS SECUNDARIAS/Pruebas Bienestar/Publicación del evento/submit")): Object: 'Object Repository/M-OBJECTS TAREAS SECUNDARIAS/Pruebas Bienestar/Publicación del evento/submit' is clicked on

2022-04-04 12:55:53 - [MESSAGE][PASSED] - Object: 'Object Repository/M-OBJECTS TAREAS SECUNDARIAS/Pruebas Bienestar/Publicación del evento/submit' is clicked on

2022-04-04 12:55:53 - [TEST_STEP][PASSED] - setText(findTestObject("M-OBJECTS TAREAS SECUNDARIAS/Pruebas Bienestar/Publicación del evento/input_Fecha Publicacin_form_publicacionEventofechaInicialPub_input"), FechaI): Text '4/4/2022' is set on object 'Object Repository/M-OBJECTS TAREAS SECUNDARIAS/Pruebas Bienestar/Publicación del evento/input_Fecha Publicacin_form_publicacionEventofechaInicialPub_input'

2022-04-04 12:55:54 - [MESSAGE][PASSED] - Text '4/4/2022' is set on object 'Object Repository/M-OBJECTS TAREAS SECUNDARIAS/Pruebas Bienestar/Publicación del evento/input_Fecha Publicacin_form_publicacionEventofechaInicialPub_input'

2022-04-04 12:55:54 - [TEST_STEP][PASSED] - setText(findTestObject("M-OBJECTS TAREAS SECUNDARIAS/Pruebas Bienestar/Publicación del evento/input_Fecha Final_form_publicacionEventofechaFinalPub_input"), FechaF): Text '14/4/2022' is set on object 'Object Repository/M-OBJECTS TAREAS SECUNDARIAS/Pruebas Bienestar/Publicación del evento/input_Fecha Final_form_publicacionEventofechaFinalPub_input'

2022-04-04 12:55:54 - [MESSAGE][PASSED] - Text '14/4/2022' is set on object 'Object Repository/M-OBJECTS TAREAS SECUNDARIAS/Pruebas Bienestar/Publicación del evento/input_Fecha Final_form_publicacionEventofechaFinalPub_input'

2022-04-04 12:55:54 - [TEST_STEP][PASSED] - click(findTestObject("M-OBJECTS TAREAS SECUNDARIAS/Pruebas Bienestar/Publicación del evento/a_Actualizar")): Object: 'Object Repository/M-OBJECTS TAREAS SECUNDARIAS/Pruebas Bienestar/Publicación del evento/a_Actualizar' is clicked on

2022-04-04 12:55:55 - [MESSAGE][PASSED] - Object: 'Object Repository/M-OBJECTS TAREAS SECUNDARIAS/Pruebas Bienestar/Publicación del evento/a_Actualizar' is clicked on

2022-04-04 12:55:55 - [TEST_STEP][PASSED] - click(findTestObject("M-OBJECTS TAREAS SECUNDARIAS/Pruebas Bienestar/Publicación del evento/a_Actualizar")): Object: 'Object Repository/M-OBJECTS TAREAS SECUNDARIAS/Pruebas Bienestar/Publicación del evento/a_Actualizar' is clicked on

2022-04-04 12:55:56 - [MESSAGE][PASSED] - Object: 'Object Repository/M-OBJECTS TAREAS SECUNDARIAS/Pruebas Bienestar/Publicación del evento/a_Actualizar' is clicked on

2022-04-04 12:55:56 - [TEST_STEP][PASSED] - setText(findTestObject("M-OBJECTS TAREAS SECUNDARIAS/Pruebas Bienestar/Publicación del evento/input_Evento Bienestar_form_templatej_idt24_input"), "inscripcion evento"): Text 'inscripcion evento' is set on object 'Object Repository/M-OBJECTS TAREAS SECUNDARIAS/Pruebas Bienestar/Publicación del evento/input_Evento Bienestar_form_templatej_idt24_input'

2022-04-04 12:55:57 - [MESSAGE][PASSED] - Text 'inscripcion evento' is set on object 'Object Repository/M-OBJECTS TAREAS SECUNDARIAS/Pruebas Bienestar/Publicación del evento/input_Evento Bienestar_form_templatej_idt24_input'

2022-04-04 12:55:57 - [TEST_STEP][PASSED] - click(findTestObject("M-OBJECTS TAREAS SECUNDARIAS/Pruebas Bienestar/Publicación del evento/li_Inscripcion Evento (bie)")): Object: 'Object Repository/M-OBJECTS TAREAS SECUNDARIAS/Pruebas Bienestar/Publicación del evento/li_Inscripcion Evento (bie)' is clicked on

2022-04-04 12:55:59 - [MESSAGE][PASSED] - Object: 'Object Repository/M-OBJECTS TAREAS SECUNDARIAS/Pruebas Bienestar/Publicación del evento/li_Inscripcion Evento (bie)' is clicked on

2022-04-04 12:55:59 - [TEST_STEP][PASSED] - waitForElementVisible(findTestObject("M-OBJECTS TAREAS SECUNDARIAS/Pruebas Bienestar/Publicación del evento/div_IndividualArea TalentoPrograma"), 0): Web element with id: 'Object Repository/M-OBJECTS TAREAS SECUNDARIAS/Pruebas Bienestar/Publicación del evento/div_IndividualArea TalentoPrograma' located by '//div/form/div/div[2]' not found

2022-04-04 12:55:59 - [MESSAGE][WARNING] - Timeout '0' is invalid. Using default page load timeout: '45'

2022-04-04 12:56:45 - [MESSAGE][INFO] - Unable to find the element located by 'By.xpath: //div/form/div/div[2]'. Please recheck the objects properties to make sure the desired element is located. 

2022-04-04 12:56:45 - [MESSAGE][WARNING] - Web element with id: 'Object Repository/M-OBJECTS TAREAS SECUNDARIAS/Pruebas Bienestar/Publicación del evento/div_IndividualArea TalentoPrograma' located by '//div/form/div/div[2]' not found

2022-04-04 12:56:45 - [TEST_STEP][PASSED] - closeBrowser(): Browser is closed

2022-04-04 12:56:46 - [MESSAGE][PASSED] - Browser is closed]]></system-out>
         <system-err><![CDATA[]]></system-err>
      </testcase>
      <testcase name="Test Cases/1.2-Tareas_Secundarias/3.1-Pruebas_Bienestar/3.1.6-Programación" time="23.235" classname="Test Cases/1.2-Tareas_Secundarias/3.1-Pruebas_Bienestar/3.1.6-Programación" status="PASSED">
         <system-out><![CDATA[2022-04-04 12:56:46 - [TEST_CASE][PASSED] - Test Cases/1.2-Tareas_Secundarias/3.1-Pruebas_Bienestar/3.1.6-Programación: Test Cases/1.2-Tareas_Secundarias/3.1-Pruebas_Bienestar/3.1.6-Programación

2022-04-04 12:56:46 - [TEST_STEP][PASSED] - callTestCase(findTestCase("Utilidades-(atajos_para _tareas)/Modulos/Modulo bienestar-eventos"), [:], STOP_ON_FAILURE): Call Test Case 'Test Cases/Utilidades-(atajos_para _tareas)/Modulos/Modulo bienestar-eventos' successfully

2022-04-04 12:56:46 - [TEST_CASE][PASSED] - Test Cases/Utilidades-(atajos_para _tareas)/Modulos/Modulo bienestar-eventos: Test Cases/Utilidades-(atajos_para _tareas)/Modulos/Modulo bienestar-eventos

2022-04-04 12:56:46 - [TEST_STEP][PASSED] - callTestCase(findTestCase("0.1-Login"), [:], STOP_ON_FAILURE): Call Test Case 'Test Cases/0.1-Login' successfully

2022-04-04 12:56:46 - [TEST_CASE][PASSED] - Test Cases/0.1-Login: Test Cases/0.1-Login

2022-04-04 12:56:46 - [TEST_STEP][PASSED] - openBrowser(""): Browser is opened with url: ''

2022-04-04 12:56:46 - [MESSAGE][INFO] - Starting 'Chrome' driver

2022-04-04 12:56:46 - [MESSAGE][INFO] - Action delay is set to 0 milliseconds

2022-04-04 12:56:48 - [MESSAGE][PASSED] - Browser is opened with url: ''

2022-04-04 12:56:48 - [TEST_STEP][PASSED] - maximizeWindow(): Current window maximized

2022-04-04 12:56:48 - [MESSAGE][PASSED] - Current window maximized

2022-04-04 12:56:48 - [TEST_STEP][PASSED] - i = G_Login: null

2022-04-04 12:56:48 - [TEST_STEP][PASSED] - url = new java.net.URL(i): null

2022-04-04 12:56:48 - [TEST_STEP][PASSED] - println("URL: " + url.toString()): null

2022-04-04 12:56:48 - [TEST_STEP][PASSED] - connection = url.openConnection(): null

2022-04-04 12:56:48 - [TEST_STEP][PASSED] - connection.setRequestMethod("GET"): null

2022-04-04 12:56:48 - [TEST_STEP][PASSED] - connection.setReadTimeout(2 * 1000): null

2022-04-04 12:56:48 - [TEST_STEP][PASSED] - try: null

2022-04-04 12:56:48 - [TEST_STEP][PASSED] - connection.connect(): null

2022-04-04 12:56:48 - [TEST_STEP][PASSED] - flag = connected: null

2022-04-04 12:56:48 - [TEST_STEP][PASSED] - println("Valor_ori: " + flag): null

2022-04-04 12:56:48 - [TEST_STEP][PASSED] - if (flag): null

2022-04-04 12:56:48 - [TEST_STEP][PASSED] - navigateToUrl(i): Navigate to 'http://192.168.2.19:8380/saraweb' successfully

2022-04-04 12:56:48 - [MESSAGE][PASSED] - Navigate to 'http://192.168.2.19:8380/saraweb' successfully

2022-04-04 12:56:48 - [TEST_STEP][PASSED] - a(): null

2022-04-04 12:56:48 - [TEST_STEP][PASSED] - setText(findTestObject("Login/input_USUARIO_loginusuario"), G_Usuario): Text 'saraadmin' is set on object 'Object Repository/Login/input_USUARIO_loginusuario'

2022-04-04 12:56:49 - [MESSAGE][PASSED] - Text 'saraadmin' is set on object 'Object Repository/Login/input_USUARIO_loginusuario'

2022-04-04 12:56:49 - [TEST_STEP][PASSED] - setEncryptedText(findTestObject("Login/input_CLAVE_loginpassword"), "MkG4/TYiCFC3cb2driP7+Q=="): Text ****** has been set on object 'Object Repository/Login/input_CLAVE_loginpassword'

2022-04-04 12:56:50 - [MESSAGE][PASSED] - Text ****** has been set on object 'Object Repository/Login/input_CLAVE_loginpassword'

2022-04-04 12:56:50 - [TEST_STEP][PASSED] - waitForElementClickable(findTestObject("Login/a_Ingresar"), G_TimeOut): Object 'Object Repository/Login/a_Ingresar' is clickable

2022-04-04 12:56:50 - [MESSAGE][PASSED] - Object 'Object Repository/Login/a_Ingresar' is clickable

2022-04-04 12:56:50 - [TEST_STEP][PASSED] - click(findTestObject("Login/a_Ingresar")): Object: 'Object Repository/Login/a_Ingresar' is clicked on

2022-04-04 12:56:52 - [MESSAGE][PASSED] - Object: 'Object Repository/Login/a_Ingresar' is clicked on

2022-04-04 12:56:52 - [TEST_STEP][PASSED] - element = findWebElement(findTestObject("Login/a_Ir"), 30): null

2022-04-04 12:56:52 - [TEST_STEP][PASSED] - executeJavaScript("arguments[0].click()", Arrays.asList(element)): Execute JavaScript 'arguments[0].click()' successfully

2022-04-04 12:56:52 - [MESSAGE][PASSED] - Execute JavaScript 'arguments[0].click()' successfully

2022-04-04 12:56:52 - [MESSAGE][PASSED] - Call Test Case 'Test Cases/0.1-Login' successfully

2022-04-04 12:56:52 - [TEST_STEP][PASSED] - waitForElementClickable(findTestObject("Modulo bienestar-eventos/input_ADMINISTRADOR DEL SISTEMA"), 0): Object 'Object Repository/Modulo bienestar-eventos/input_ADMINISTRADOR DEL SISTEMA' is clickable

2022-04-04 12:56:52 - [MESSAGE][WARNING] - Timeout '0' is invalid. Using default page load timeout: '45'

2022-04-04 12:56:53 - [MESSAGE][PASSED] - Object 'Object Repository/Modulo bienestar-eventos/input_ADMINISTRADOR DEL SISTEMA' is clickable

2022-04-04 12:56:53 - [TEST_STEP][PASSED] - setText(findTestObject("Modulo bienestar-eventos/input_ADMINISTRADOR DEL SISTEMA"), "eventos (bie)"): Text 'eventos (bie)' is set on object 'Object Repository/Modulo bienestar-eventos/input_ADMINISTRADOR DEL SISTEMA'

2022-04-04 12:56:53 - [MESSAGE][PASSED] - Text 'eventos (bie)' is set on object 'Object Repository/Modulo bienestar-eventos/input_ADMINISTRADOR DEL SISTEMA'

2022-04-04 12:56:53 - [TEST_STEP][PASSED] - click(findTestObject("Modulo bienestar-eventos/span_Eventos (bie)")): Object: 'Object Repository/Modulo bienestar-eventos/span_Eventos (bie)' is clicked on

2022-04-04 12:56:55 - [MESSAGE][PASSED] - Object: 'Object Repository/Modulo bienestar-eventos/span_Eventos (bie)' is clicked on

2022-04-04 12:56:55 - [MESSAGE][PASSED] - Call Test Case 'Test Cases/Utilidades-(atajos_para _tareas)/Modulos/Modulo bienestar-eventos' successfully

2022-04-04 12:56:55 - [TEST_STEP][PASSED] - click(findTestObject("M-OBJECTS TAREAS SECUNDARIAS/Pruebas Bienestar/Programación/td_Evento Salud Unico")): Object: 'Object Repository/M-OBJECTS TAREAS SECUNDARIAS/Pruebas Bienestar/Programación/td_Evento Salud Unico' is clicked on

2022-04-04 12:56:57 - [MESSAGE][PASSED] - Object: 'Object Repository/M-OBJECTS TAREAS SECUNDARIAS/Pruebas Bienestar/Programación/td_Evento Salud Unico' is clicked on

2022-04-04 12:56:57 - [TEST_STEP][PASSED] - click(findTestObject("M-OBJECTS TAREAS SECUNDARIAS/Pruebas Bienestar/Programación/a_Programacin")): Object: 'Object Repository/M-OBJECTS TAREAS SECUNDARIAS/Pruebas Bienestar/Programación/a_Programacin' is clicked on

2022-04-04 12:56:58 - [MESSAGE][PASSED] - Object: 'Object Repository/M-OBJECTS TAREAS SECUNDARIAS/Pruebas Bienestar/Programación/a_Programacin' is clicked on

2022-04-04 12:56:58 - [TEST_STEP][PASSED] - if (waitForElementClickable(findTestObject("M-OBJECTS TAREAS SECUNDARIAS/Pruebas Bienestar/Programación/a_MAR-MIE 0500-0600_form_programacionMomentoEventotablaMomentoEventoHorario0j_idt836"), 1)): Web element with id: 'Object Repository/M-OBJECTS TAREAS SECUNDARIAS/Pruebas Bienestar/Programación/a_MAR-MIE 0500-0600_form_programacionMomentoEventotablaMomentoEventoHorario0j_idt836' located by '//a[@id='form_programacionMomentoEvento:tablaMomentoEventoHorario:0:j_idt836']' not found

2022-04-04 12:57:00 - [MESSAGE][INFO] - Unable to find the element located by 'By.xpath: //a[@id='form_programacionMomentoEvento:tablaMomentoEventoHorario:0:j_idt836']'. Please recheck the objects properties to make sure the desired element is located. 

2022-04-04 12:57:00 - [MESSAGE][WARNING] - Web element with id: 'Object Repository/M-OBJECTS TAREAS SECUNDARIAS/Pruebas Bienestar/Programación/a_MAR-MIE 0500-0600_form_programacionMomentoEventotablaMomentoEventoHorario0j_idt836' located by '//a[@id='form_programacionMomentoEvento:tablaMomentoEventoHorario:0:j_idt836']' not found

2022-04-04 12:57:00 - [TEST_STEP][PASSED] - setText(findTestObject("M-OBJECTS TAREAS SECUNDARIAS/Pruebas Bienestar/Programación/input_Horario_form_programacionMomentoEventotablaMomentoEventoHorariofechaIniciaPME_input"), "27/11/2018"): Text '27/11/2018' is set on object 'Object Repository/M-OBJECTS TAREAS SECUNDARIAS/Pruebas Bienestar/Programación/input_Horario_form_programacionMomentoEventotablaMomentoEventoHorariofechaIniciaPME_input'

2022-04-04 12:57:01 - [MESSAGE][PASSED] - Text '27/11/2018' is set on object 'Object Repository/M-OBJECTS TAREAS SECUNDARIAS/Pruebas Bienestar/Programación/input_Horario_form_programacionMomentoEventotablaMomentoEventoHorariofechaIniciaPME_input'

2022-04-04 12:57:01 - [TEST_STEP][PASSED] - setText(findTestObject("M-OBJECTS TAREAS SECUNDARIAS/Pruebas Bienestar/Programación/input_Horario_form_programacionMomentoEventotablaMomentoEventoHorariofechaTerminaPME_input"), "28/11/2018"): Text '28/11/2018' is set on object 'Object Repository/M-OBJECTS TAREAS SECUNDARIAS/Pruebas Bienestar/Programación/input_Horario_form_programacionMomentoEventotablaMomentoEventoHorariofechaTerminaPME_input'

2022-04-04 12:57:02 - [MESSAGE][PASSED] - Text '28/11/2018' is set on object 'Object Repository/M-OBJECTS TAREAS SECUNDARIAS/Pruebas Bienestar/Programación/input_Horario_form_programacionMomentoEventotablaMomentoEventoHorariofechaTerminaPME_input'

2022-04-04 12:57:02 - [TEST_STEP][PASSED] - click(findTestObject("M-OBJECTS TAREAS SECUNDARIAS/Pruebas Bienestar/Programación/a_Horario_form_programacionMomentoEventotablaMomentoEventoHorarioj_idt833")): Object: 'Object Repository/M-OBJECTS TAREAS SECUNDARIAS/Pruebas Bienestar/Programación/a_Horario_form_programacionMomentoEventotablaMomentoEventoHorarioj_idt833' is clicked on

2022-04-04 12:57:03 - [MESSAGE][PASSED] - Object: 'Object Repository/M-OBJECTS TAREAS SECUNDARIAS/Pruebas Bienestar/Programación/a_Horario_form_programacionMomentoEventotablaMomentoEventoHorarioj_idt833' is clicked on

2022-04-04 12:57:03 - [TEST_STEP][PASSED] - check(findTestObject("M-OBJECTS TAREAS SECUNDARIAS/Pruebas Bienestar/Programación/label_MAR")): Object 'Object Repository/M-OBJECTS TAREAS SECUNDARIAS/Pruebas Bienestar/Programación/label_MAR' is checked

2022-04-04 12:57:03 - [MESSAGE][PASSED] - Object 'Object Repository/M-OBJECTS TAREAS SECUNDARIAS/Pruebas Bienestar/Programación/label_MAR' is checked

2022-04-04 12:57:03 - [TEST_STEP][PASSED] - check(findTestObject("M-OBJECTS TAREAS SECUNDARIAS/Pruebas Bienestar/Programación/label_MIE")): Object 'Object Repository/M-OBJECTS TAREAS SECUNDARIAS/Pruebas Bienestar/Programación/label_MIE' is checked

2022-04-04 12:57:04 - [MESSAGE][PASSED] - Object 'Object Repository/M-OBJECTS TAREAS SECUNDARIAS/Pruebas Bienestar/Programación/label_MIE' is checked

2022-04-04 12:57:04 - [TEST_STEP][PASSED] - selectOptionByIndex(findTestObject("M-OBJECTS TAREAS SECUNDARIAS/Pruebas Bienestar/Programación/select_hora1"), 5): All options with index in [5] are selected on object 'Object Repository/M-OBJECTS TAREAS SECUNDARIAS/Pruebas Bienestar/Programación/select_hora1'

2022-04-04 12:57:05 - [MESSAGE][PASSED] - All options with index in [5] are selected on object 'Object Repository/M-OBJECTS TAREAS SECUNDARIAS/Pruebas Bienestar/Programación/select_hora1'

2022-04-04 12:57:05 - [TEST_STEP][PASSED] - selectOptionByIndex(findTestObject("M-OBJECTS TAREAS SECUNDARIAS/Pruebas Bienestar/Programación/select_hora 2"), 6): All options with index in [6] are selected on object 'Object Repository/M-OBJECTS TAREAS SECUNDARIAS/Pruebas Bienestar/Programación/select_hora 2'

2022-04-04 12:57:06 - [MESSAGE][PASSED] - All options with index in [6] are selected on object 'Object Repository/M-OBJECTS TAREAS SECUNDARIAS/Pruebas Bienestar/Programación/select_hora 2'

2022-04-04 12:57:06 - [TEST_STEP][PASSED] - click(findTestObject("M-OBJECTS TAREAS SECUNDARIAS/Pruebas Bienestar/Programación/a_mas_horario")): Object: 'Object Repository/M-OBJECTS TAREAS SECUNDARIAS/Pruebas Bienestar/Programación/a_mas_horario' is clicked on

2022-04-04 12:57:07 - [MESSAGE][PASSED] - Object: 'Object Repository/M-OBJECTS TAREAS SECUNDARIAS/Pruebas Bienestar/Programación/a_mas_horario' is clicked on

2022-04-04 12:57:07 - [TEST_STEP][PASSED] - click(findTestObject("M-OBJECTS TAREAS SECUNDARIAS/Pruebas Bienestar/Programación/a_Aplicar")): Object: 'Object Repository/M-OBJECTS TAREAS SECUNDARIAS/Pruebas Bienestar/Programación/a_Aplicar' is clicked on

2022-04-04 12:57:07 - [MESSAGE][PASSED] - Object: 'Object Repository/M-OBJECTS TAREAS SECUNDARIAS/Pruebas Bienestar/Programación/a_Aplicar' is clicked on

2022-04-04 12:57:07 - [TEST_STEP][PASSED] - click(findTestObject("M-OBJECTS TAREAS SECUNDARIAS/Pruebas Bienestar/Programación/a_mas")): Object: 'Object Repository/M-OBJECTS TAREAS SECUNDARIAS/Pruebas Bienestar/Programación/a_mas' is clicked on

2022-04-04 12:57:08 - [MESSAGE][PASSED] - Object: 'Object Repository/M-OBJECTS TAREAS SECUNDARIAS/Pruebas Bienestar/Programación/a_mas' is clicked on

2022-04-04 12:57:08 - [TEST_STEP][PASSED] - closeBrowser(): Browser is closed

2022-04-04 12:57:09 - [MESSAGE][PASSED] - Browser is closed]]></system-out>
         <system-err><![CDATA[]]></system-err>
      </testcase>
      <testcase name="Test Cases/1.2-Tareas_Secundarias/3.1-Pruebas_Bienestar/3.1.7-Programacion_Múltiple" time="92.401" classname="Test Cases/1.2-Tareas_Secundarias/3.1-Pruebas_Bienestar/3.1.7-Programacion_Múltiple" status="FAILED">
         <failure type="FAILED" message="Test Cases/1.2-Tareas_Secundarias/3.1-Pruebas_Bienestar/3.1.7-Programacion_Múltiple FAILED.
Reason:
com.kms.katalon.core.exception.StepFailedException: Unable to get text of object 'Object Repository/M-OBJECTS TAREAS SECUNDARIAS/Pruebas Bienestar/Programacion_Múltiple/div_Formato de fecha no valido'
	at com.kms.katalon.core.webui.keyword.internal.WebUIKeywordMain.stepFailed(WebUIKeywordMain.groovy:64)
	at com.kms.katalon.core.webui.keyword.internal.WebUIKeywordMain.runKeyword(WebUIKeywordMain.groovy:26)
	at com.kms.katalon.core.webui.keyword.builtin.GetTextKeyword.getText(GetTextKeyword.groovy:88)
	at com.kms.katalon.core.webui.keyword.builtin.GetTextKeyword.execute(GetTextKeyword.groovy:67)
	at com.kms.katalon.core.keyword.internal.KeywordExecutor.executeKeywordForPlatform(KeywordExecutor.groovy:74)
	at com.kms.katalon.core.webui.keyword.WebUiBuiltInKeywords.getText(WebUiBuiltInKeywords.groovy:918)
	at com.kms.katalon.core.webui.keyword.WebUiBuiltInKeywords$getText$13.call(Unknown Source)
	at 3.1.7-Programacion_Múltiple.run(3.1.7-Programacion_Múltiple:248)
	at com.kms.katalon.core.main.ScriptEngine.run(ScriptEngine.java:194)
	at com.kms.katalon.core.main.ScriptEngine.runScriptAsRawText(ScriptEngine.java:119)
	at com.kms.katalon.core.main.TestCaseExecutor.runScript(TestCaseExecutor.java:442)
	at com.kms.katalon.core.main.TestCaseExecutor.doExecute(TestCaseExecutor.java:433)
	at com.kms.katalon.core.main.TestCaseExecutor.processExecutionPhase(TestCaseExecutor.java:412)
	at com.kms.katalon.core.main.TestCaseExecutor.accessMainPhase(TestCaseExecutor.java:404)
	at com.kms.katalon.core.main.TestCaseExecutor.execute(TestCaseExecutor.java:281)
	at com.kms.katalon.core.main.TestSuiteExecutor.accessTestCaseMainPhase(TestSuiteExecutor.java:202)
	at com.kms.katalon.core.main.TestSuiteExecutor.accessTestSuiteMainPhase(TestSuiteExecutor.java:164)
	at com.kms.katalon.core.main.TestSuiteExecutor.execute(TestSuiteExecutor.java:105)
	at com.kms.katalon.core.main.TestCaseMain.startTestSuite(TestCaseMain.java:185)
	at com.kms.katalon.core.main.TestCaseMain$startTestSuite$0.call(Unknown Source)
	at TempTestSuite1649094600246.run(TempTestSuite1649094600246.groovy:36)
Caused by: com.kms.katalon.core.webui.exception.WebElementNotFoundException: Web element with id: 'Object Repository/M-OBJECTS TAREAS SECUNDARIAS/Pruebas Bienestar/Programacion_Múltiple/div_Formato de fecha no valido' located by '//div[(text() = 'Formato de fecha no valido.' or . = 'Formato de fecha no valido.')]' not found
	at com.kms.katalon.core.webui.common.WebUiCommonHelper.findWebElement(WebUiCommonHelper.java:1370)
	at com.kms.katalon.core.webui.keyword.internal.WebUIAbstractKeyword.findWebElement(WebUIAbstractKeyword.groovy:27)
	at com.kms.katalon.core.webui.keyword.internal.WebUIAbstractKeyword.findWebElement(WebUIAbstractKeyword.groovy:26)
	at com.kms.katalon.core.webui.keyword.builtin.GetTextKeyword$_getText_closure1.doCall(GetTextKeyword.groovy:78)
	at com.kms.katalon.core.webui.keyword.builtin.GetTextKeyword$_getText_closure1.call(GetTextKeyword.groovy)
	at com.kms.katalon.core.webui.keyword.internal.WebUIKeywordMain.runKeyword(WebUIKeywordMain.groovy:20)
	... 19 more
"/>
         <system-out><![CDATA[2022-04-04 12:57:09 - [TEST_CASE][FAILED] - Test Cases/1.2-Tareas_Secundarias/3.1-Pruebas_Bienestar/3.1.7-Programacion_Múltiple: Test Cases/1.2-Tareas_Secundarias/3.1-Pruebas_Bienestar/3.1.7-Programacion_Múltiple FAILED.
Reason:
com.kms.katalon.core.exception.StepFailedException: Unable to get text of object 'Object Repository/M-OBJECTS TAREAS SECUNDARIAS/Pruebas Bienestar/Programacion_Múltiple/div_Formato de fecha no valido'
	at com.kms.katalon.core.webui.keyword.internal.WebUIKeywordMain.stepFailed(WebUIKeywordMain.groovy:64)
	at com.kms.katalon.core.webui.keyword.internal.WebUIKeywordMain.runKeyword(WebUIKeywordMain.groovy:26)
	at com.kms.katalon.core.webui.keyword.builtin.GetTextKeyword.getText(GetTextKeyword.groovy:88)
	at com.kms.katalon.core.webui.keyword.builtin.GetTextKeyword.execute(GetTextKeyword.groovy:67)
	at com.kms.katalon.core.keyword.internal.KeywordExecutor.executeKeywordForPlatform(KeywordExecutor.groovy:74)
	at com.kms.katalon.core.webui.keyword.WebUiBuiltInKeywords.getText(WebUiBuiltInKeywords.groovy:918)
	at com.kms.katalon.core.webui.keyword.WebUiBuiltInKeywords$getText$13.call(Unknown Source)
	at 3.1.7-Programacion_Múltiple.run(3.1.7-Programacion_Múltiple:248)
	at com.kms.katalon.core.main.ScriptEngine.run(ScriptEngine.java:194)
	at com.kms.katalon.core.main.ScriptEngine.runScriptAsRawText(ScriptEngine.java:119)
	at com.kms.katalon.core.main.TestCaseExecutor.runScript(TestCaseExecutor.java:442)
	at com.kms.katalon.core.main.TestCaseExecutor.doExecute(TestCaseExecutor.java:433)
	at com.kms.katalon.core.main.TestCaseExecutor.processExecutionPhase(TestCaseExecutor.java:412)
	at com.kms.katalon.core.main.TestCaseExecutor.accessMainPhase(TestCaseExecutor.java:404)
	at com.kms.katalon.core.main.TestCaseExecutor.execute(TestCaseExecutor.java:281)
	at com.kms.katalon.core.main.TestSuiteExecutor.accessTestCaseMainPhase(TestSuiteExecutor.java:202)
	at com.kms.katalon.core.main.TestSuiteExecutor.accessTestSuiteMainPhase(TestSuiteExecutor.java:164)
	at com.kms.katalon.core.main.TestSuiteExecutor.execute(TestSuiteExecutor.java:105)
	at com.kms.katalon.core.main.TestCaseMain.startTestSuite(TestCaseMain.java:185)
	at com.kms.katalon.core.main.TestCaseMain$startTestSuite$0.call(Unknown Source)
	at TempTestSuite1649094600246.run(TempTestSuite1649094600246.groovy:36)
Caused by: com.kms.katalon.core.webui.exception.WebElementNotFoundException: Web element with id: 'Object Repository/M-OBJECTS TAREAS SECUNDARIAS/Pruebas Bienestar/Programacion_Múltiple/div_Formato de fecha no valido' located by '//div[(text() = 'Formato de fecha no valido.' or . = 'Formato de fecha no valido.')]' not found
	at com.kms.katalon.core.webui.common.WebUiCommonHelper.findWebElement(WebUiCommonHelper.java:1370)
	at com.kms.katalon.core.webui.keyword.internal.WebUIAbstractKeyword.findWebElement(WebUIAbstractKeyword.groovy:27)
	at com.kms.katalon.core.webui.keyword.internal.WebUIAbstractKeyword.findWebElement(WebUIAbstractKeyword.groovy:26)
	at com.kms.katalon.core.webui.keyword.builtin.GetTextKeyword$_getText_closure1.doCall(GetTextKeyword.groovy:78)
	at com.kms.katalon.core.webui.keyword.builtin.GetTextKeyword$_getText_closure1.call(GetTextKeyword.groovy)
	at com.kms.katalon.core.webui.keyword.internal.WebUIKeywordMain.runKeyword(WebUIKeywordMain.groovy:20)
	... 19 more


2022-04-04 12:57:09 - [TEST_STEP][PASSED] - today = new java.util.Date(): null

2022-04-04 12:57:09 - [TEST_STEP][PASSED] - Dia = today.format("dd"): null

2022-04-04 12:57:09 - [TEST_STEP][PASSED] - Mes = today.format("MM"): null

2022-04-04 12:57:09 - [TEST_STEP][PASSED] - Mes1 = today.format("MM"): null

2022-04-04 12:57:09 - [TEST_STEP][PASSED] - MesN = today.format("MM"): null

2022-04-04 12:57:09 - [TEST_STEP][PASSED] - Año = today.format("yyyy"): null

2022-04-04 12:57:09 - [TEST_STEP][PASSED] - AñoN = today.format("yyyy"): null

2022-04-04 12:57:09 - [TEST_STEP][PASSED] - sumaD = Dia + 10: null

2022-04-04 12:57:09 - [TEST_STEP][PASSED] - sumaM = Mes + 1: null

2022-04-04 12:57:09 - [TEST_STEP][PASSED] - sumaA = Año + 1: null

2022-04-04 12:57:09 - [TEST_STEP][PASSED] - if (Mes < 10): null

2022-04-04 12:57:09 - [TEST_STEP][PASSED] - suma1 = { -> ... }: null

2022-04-04 12:57:09 - [TEST_STEP][PASSED] - if (sumaM < 10): null

2022-04-04 12:57:09 - [TEST_STEP][PASSED] - sumaM0 = "0" + sumaM: null

2022-04-04 12:57:09 - [TEST_STEP][PASSED] - if (sumaD > 30): null

2022-04-04 12:57:09 - [TEST_STEP][PASSED] - else: null

2022-04-04 12:57:09 - [TEST_STEP][PASSED] - sumaD: null

2022-04-04 12:57:09 - [TEST_STEP][PASSED] - Mes: null

2022-04-04 12:57:09 - [TEST_STEP][PASSED] - if (sumaM > 12): null

2022-04-04 12:57:09 - [TEST_STEP][PASSED] - Dia0 = Dia + 1: null

2022-04-04 12:57:09 - [TEST_STEP][PASSED] - restaD0 = sumaD - 1: null

2022-04-04 12:57:09 - [TEST_STEP][PASSED] - if (Dia0 > 30): null

2022-04-04 12:57:09 - [TEST_STEP][PASSED] - else: null

2022-04-04 12:57:09 - [TEST_STEP][PASSED] - Dia0: null

2022-04-04 12:57:09 - [TEST_STEP][PASSED] - MesN: null

2022-04-04 12:57:09 - [TEST_STEP][PASSED] - if (restaD0 < 1): null

2022-04-04 12:57:09 - [TEST_STEP][PASSED] - else: null

2022-04-04 12:57:09 - [TEST_STEP][PASSED] - restaD0: null

2022-04-04 12:57:09 - [TEST_STEP][PASSED] - Mes: null

2022-04-04 12:57:09 - [TEST_STEP][PASSED] - FechaI = Dia + "/" + MesN + "/" + AñoN: null

2022-04-04 12:57:09 - [TEST_STEP][PASSED] - FechaF = sumaD + "/" + Mes + "/" + Año: null

2022-04-04 12:57:09 - [TEST_STEP][PASSED] - FechaI0 = Dia0 + "/" + MesN + "/" + AñoN: null

2022-04-04 12:57:09 - [TEST_STEP][PASSED] - FechaF0 = restaD0 + "/" + Mes + "/" + Año: null

2022-04-04 12:57:09 - [TEST_STEP][PASSED] - callTestCase(findTestCase("Utilidades-(atajos_para _tareas)/Modulos/Modulo bienestar-eventos"), [:], STOP_ON_FAILURE): Call Test Case 'Test Cases/Utilidades-(atajos_para _tareas)/Modulos/Modulo bienestar-eventos' successfully

2022-04-04 12:57:09 - [TEST_CASE][PASSED] - Test Cases/Utilidades-(atajos_para _tareas)/Modulos/Modulo bienestar-eventos: Test Cases/Utilidades-(atajos_para _tareas)/Modulos/Modulo bienestar-eventos

2022-04-04 12:57:10 - [TEST_STEP][PASSED] - callTestCase(findTestCase("0.1-Login"), [:], STOP_ON_FAILURE): Call Test Case 'Test Cases/0.1-Login' successfully

2022-04-04 12:57:10 - [TEST_CASE][PASSED] - Test Cases/0.1-Login: Test Cases/0.1-Login

2022-04-04 12:57:10 - [TEST_STEP][PASSED] - openBrowser(""): Browser is opened with url: ''

2022-04-04 12:57:10 - [MESSAGE][INFO] - Starting 'Chrome' driver

2022-04-04 12:57:10 - [MESSAGE][INFO] - Action delay is set to 0 milliseconds

2022-04-04 12:57:11 - [MESSAGE][PASSED] - Browser is opened with url: ''

2022-04-04 12:57:11 - [TEST_STEP][PASSED] - maximizeWindow(): Current window maximized

2022-04-04 12:57:11 - [MESSAGE][PASSED] - Current window maximized

2022-04-04 12:57:11 - [TEST_STEP][PASSED] - i = G_Login: null

2022-04-04 12:57:11 - [TEST_STEP][PASSED] - url = new java.net.URL(i): null

2022-04-04 12:57:11 - [TEST_STEP][PASSED] - println("URL: " + url.toString()): null

2022-04-04 12:57:11 - [TEST_STEP][PASSED] - connection = url.openConnection(): null

2022-04-04 12:57:11 - [TEST_STEP][PASSED] - connection.setRequestMethod("GET"): null

2022-04-04 12:57:11 - [TEST_STEP][PASSED] - connection.setReadTimeout(2 * 1000): null

2022-04-04 12:57:11 - [TEST_STEP][PASSED] - try: null

2022-04-04 12:57:11 - [TEST_STEP][PASSED] - connection.connect(): null

2022-04-04 12:57:11 - [TEST_STEP][PASSED] - flag = connected: null

2022-04-04 12:57:11 - [TEST_STEP][PASSED] - println("Valor_ori: " + flag): null

2022-04-04 12:57:11 - [TEST_STEP][PASSED] - if (flag): null

2022-04-04 12:57:11 - [TEST_STEP][PASSED] - navigateToUrl(i): Navigate to 'http://192.168.2.19:8380/saraweb' successfully

2022-04-04 12:57:11 - [MESSAGE][PASSED] - Navigate to 'http://192.168.2.19:8380/saraweb' successfully

2022-04-04 12:57:11 - [TEST_STEP][PASSED] - a(): null

2022-04-04 12:57:11 - [TEST_STEP][PASSED] - setText(findTestObject("Login/input_USUARIO_loginusuario"), G_Usuario): Text 'saraadmin' is set on object 'Object Repository/Login/input_USUARIO_loginusuario'

2022-04-04 12:57:12 - [MESSAGE][PASSED] - Text 'saraadmin' is set on object 'Object Repository/Login/input_USUARIO_loginusuario'

2022-04-04 12:57:12 - [TEST_STEP][PASSED] - setEncryptedText(findTestObject("Login/input_CLAVE_loginpassword"), "MkG4/TYiCFC3cb2driP7+Q=="): Text ****** has been set on object 'Object Repository/Login/input_CLAVE_loginpassword'

2022-04-04 12:57:13 - [MESSAGE][PASSED] - Text ****** has been set on object 'Object Repository/Login/input_CLAVE_loginpassword'

2022-04-04 12:57:13 - [TEST_STEP][PASSED] - waitForElementClickable(findTestObject("Login/a_Ingresar"), G_TimeOut): Object 'Object Repository/Login/a_Ingresar' is clickable

2022-04-04 12:57:13 - [MESSAGE][PASSED] - Object 'Object Repository/Login/a_Ingresar' is clickable

2022-04-04 12:57:13 - [TEST_STEP][PASSED] - click(findTestObject("Login/a_Ingresar")): Object: 'Object Repository/Login/a_Ingresar' is clicked on

2022-04-04 12:57:15 - [MESSAGE][PASSED] - Object: 'Object Repository/Login/a_Ingresar' is clicked on

2022-04-04 12:57:15 - [TEST_STEP][PASSED] - element = findWebElement(findTestObject("Login/a_Ir"), 30): null

2022-04-04 12:57:15 - [TEST_STEP][PASSED] - executeJavaScript("arguments[0].click()", Arrays.asList(element)): Execute JavaScript 'arguments[0].click()' successfully

2022-04-04 12:57:15 - [MESSAGE][PASSED] - Execute JavaScript 'arguments[0].click()' successfully

2022-04-04 12:57:15 - [MESSAGE][PASSED] - Call Test Case 'Test Cases/0.1-Login' successfully

2022-04-04 12:57:15 - [TEST_STEP][PASSED] - waitForElementClickable(findTestObject("Modulo bienestar-eventos/input_ADMINISTRADOR DEL SISTEMA"), 0): Object 'Object Repository/Modulo bienestar-eventos/input_ADMINISTRADOR DEL SISTEMA' is clickable

2022-04-04 12:57:15 - [MESSAGE][WARNING] - Timeout '0' is invalid. Using default page load timeout: '45'

2022-04-04 12:57:16 - [MESSAGE][PASSED] - Object 'Object Repository/Modulo bienestar-eventos/input_ADMINISTRADOR DEL SISTEMA' is clickable

2022-04-04 12:57:16 - [TEST_STEP][PASSED] - setText(findTestObject("Modulo bienestar-eventos/input_ADMINISTRADOR DEL SISTEMA"), "eventos (bie)"): Text 'eventos (bie)' is set on object 'Object Repository/Modulo bienestar-eventos/input_ADMINISTRADOR DEL SISTEMA'

2022-04-04 12:57:17 - [MESSAGE][PASSED] - Text 'eventos (bie)' is set on object 'Object Repository/Modulo bienestar-eventos/input_ADMINISTRADOR DEL SISTEMA'

2022-04-04 12:57:17 - [TEST_STEP][PASSED] - click(findTestObject("Modulo bienestar-eventos/span_Eventos (bie)")): Object: 'Object Repository/Modulo bienestar-eventos/span_Eventos (bie)' is clicked on

2022-04-04 12:57:18 - [MESSAGE][PASSED] - Object: 'Object Repository/Modulo bienestar-eventos/span_Eventos (bie)' is clicked on

2022-04-04 12:57:18 - [MESSAGE][PASSED] - Call Test Case 'Test Cases/Utilidades-(atajos_para _tareas)/Modulos/Modulo bienestar-eventos' successfully

2022-04-04 12:57:18 - [TEST_STEP][PASSED] - click(findTestObject("M-OBJECTS TAREAS SECUNDARIAS/Pruebas Bienestar/Programacion_Múltiple/td_Prueba-S")): Object: 'Object Repository/M-OBJECTS TAREAS SECUNDARIAS/Pruebas Bienestar/Programacion_Múltiple/td_Prueba-S' is clicked on

2022-04-04 12:57:19 - [MESSAGE][PASSED] - Object: 'Object Repository/M-OBJECTS TAREAS SECUNDARIAS/Pruebas Bienestar/Programacion_Múltiple/td_Prueba-S' is clicked on

2022-04-04 12:57:19 - [TEST_STEP][PASSED] - click(findTestObject("M-OBJECTS TAREAS SECUNDARIAS/Pruebas Bienestar/Programacion_Múltiple/a_Momento Eventos")): Object: 'Object Repository/M-OBJECTS TAREAS SECUNDARIAS/Pruebas Bienestar/Programacion_Múltiple/a_Momento Eventos' is clicked on

2022-04-04 12:57:20 - [MESSAGE][PASSED] - Object: 'Object Repository/M-OBJECTS TAREAS SECUNDARIAS/Pruebas Bienestar/Programacion_Múltiple/a_Momento Eventos' is clicked on

2022-04-04 12:57:20 - [TEST_STEP][PASSED] - click(findTestObject("M-OBJECTS TAREAS SECUNDARIAS/Pruebas Bienestar/Programacion_Múltiple/td_prueba")): Object: 'Object Repository/M-OBJECTS TAREAS SECUNDARIAS/Pruebas Bienestar/Programacion_Múltiple/td_prueba' is clicked on

2022-04-04 12:57:21 - [MESSAGE][PASSED] - Object: 'Object Repository/M-OBJECTS TAREAS SECUNDARIAS/Pruebas Bienestar/Programacion_Múltiple/td_prueba' is clicked on

2022-04-04 12:57:21 - [TEST_STEP][PASSED] - if (waitForElementClickable(findTestObject("M-OBJECTS TAREAS SECUNDARIAS/Pruebas Bienestar/Programacion_Múltiple/a_MAR-MIE 0500-0600_popupMomentoEvento_formtablaMomentoEventoHorarioPopup0j_idt1582"), 1)): Web element with id: 'Object Repository/M-OBJECTS TAREAS SECUNDARIAS/Pruebas Bienestar/Programacion_Múltiple/a_MAR-MIE 0500-0600_popupMomentoEvento_formtablaMomentoEventoHorarioPopup0j_idt1582' located by '//a[@id='popupMomentoEvento_form:tablaMomentoEventoHorarioPopup:0:j_idt1582']' not found

2022-04-04 12:57:23 - [MESSAGE][INFO] - Unable to find the element located by 'By.xpath: //a[@id='popupMomentoEvento_form:tablaMomentoEventoHorarioPopup:0:j_idt1582']'. Please recheck the objects properties to make sure the desired element is located. 

2022-04-04 12:57:23 - [MESSAGE][WARNING] - Web element with id: 'Object Repository/M-OBJECTS TAREAS SECUNDARIAS/Pruebas Bienestar/Programacion_Múltiple/a_MAR-MIE 0500-0600_popupMomentoEvento_formtablaMomentoEventoHorarioPopup0j_idt1582' located by '//a[@id='popupMomentoEvento_form:tablaMomentoEventoHorarioPopup:0:j_idt1582']' not found

2022-04-04 12:57:23 - [TEST_STEP][PASSED] - setText(findTestObject("M-OBJECTS TAREAS SECUNDARIAS/Pruebas Bienestar/Programacion_Múltiple/input_Inscripcin Inicial_popupMomentoEvento_formpMEInscripcionInicia_input"), FechaI): Text '4/4/2022' is set on object 'Object Repository/M-OBJECTS TAREAS SECUNDARIAS/Pruebas Bienestar/Programacion_Múltiple/input_Inscripcin Inicial_popupMomentoEvento_formpMEInscripcionInicia_input'

2022-04-04 12:57:24 - [MESSAGE][PASSED] - Text '4/4/2022' is set on object 'Object Repository/M-OBJECTS TAREAS SECUNDARIAS/Pruebas Bienestar/Programacion_Múltiple/input_Inscripcin Inicial_popupMomentoEvento_formpMEInscripcionInicia_input'

2022-04-04 12:57:24 - [TEST_STEP][PASSED] - setText(findTestObject("M-OBJECTS TAREAS SECUNDARIAS/Pruebas Bienestar/Programacion_Múltiple/input_Inscripcin Termina_popupMomentoEvento_formpMEInscripcionFinaliza_input"), FechaF): Text '14/4/2022' is set on object 'Object Repository/M-OBJECTS TAREAS SECUNDARIAS/Pruebas Bienestar/Programacion_Múltiple/input_Inscripcin Termina_popupMomentoEvento_formpMEInscripcionFinaliza_input'

2022-04-04 12:57:25 - [MESSAGE][PASSED] - Text '14/4/2022' is set on object 'Object Repository/M-OBJECTS TAREAS SECUNDARIAS/Pruebas Bienestar/Programacion_Múltiple/input_Inscripcin Termina_popupMomentoEvento_formpMEInscripcionFinaliza_input'

2022-04-04 12:57:25 - [TEST_STEP][PASSED] - waitForElementPresent(findTestObject("M-OBJECTS TAREAS SECUNDARIAS/Pruebas Bienestar/Programacion_Múltiple/input_Horario_popupMomentoEvento_formtablaMomentoEventoHorarioPopupfechaInicialPop_input"), 0): Object 'Object Repository/M-OBJECTS TAREAS SECUNDARIAS/Pruebas Bienestar/Programacion_Múltiple/input_Horario_popupMomentoEvento_formtablaMomentoEventoHorarioPopupfechaInicialPop_input' is present

2022-04-04 12:57:25 - [MESSAGE][WARNING] - Timeout '0' is invalid. Using default page load timeout: '45'

2022-04-04 12:57:26 - [MESSAGE][PASSED] - Object 'Object Repository/M-OBJECTS TAREAS SECUNDARIAS/Pruebas Bienestar/Programacion_Múltiple/input_Horario_popupMomentoEvento_formtablaMomentoEventoHorarioPopupfechaInicialPop_input' is present

2022-04-04 12:57:26 - [TEST_STEP][PASSED] - setText(findTestObject("M-OBJECTS TAREAS SECUNDARIAS/Pruebas Bienestar/Programacion_Múltiple/input_Horario_popupMomentoEvento_formtablaMomentoEventoHorarioPopupfechaInicialPop_input"), FechaI): Text '4/4/2022' is set on object 'Object Repository/M-OBJECTS TAREAS SECUNDARIAS/Pruebas Bienestar/Programacion_Múltiple/input_Horario_popupMomentoEvento_formtablaMomentoEventoHorarioPopupfechaInicialPop_input'

2022-04-04 12:57:27 - [MESSAGE][PASSED] - Text '4/4/2022' is set on object 'Object Repository/M-OBJECTS TAREAS SECUNDARIAS/Pruebas Bienestar/Programacion_Múltiple/input_Horario_popupMomentoEvento_formtablaMomentoEventoHorarioPopupfechaInicialPop_input'

2022-04-04 12:57:27 - [TEST_STEP][PASSED] - sendKeys(findTestObject("M-OBJECTS TAREAS SECUNDARIAS/Pruebas Bienestar/Programacion_Múltiple/input_Horario_popupMomentoEvento_formtablaMomentoEventoHorarioPopupfechaInicialPop_input"), Keys.chord(ENTER)): Keys 'ENTER + ' sent to object: 'Object Repository/M-OBJECTS TAREAS SECUNDARIAS/Pruebas Bienestar/Programacion_Múltiple/input_Horario_popupMomentoEvento_formtablaMomentoEventoHorarioPopupfechaInicialPop_input'

2022-04-04 12:57:27 - [MESSAGE][PASSED] - Keys 'ENTER + ' sent to object: 'Object Repository/M-OBJECTS TAREAS SECUNDARIAS/Pruebas Bienestar/Programacion_Múltiple/input_Horario_popupMomentoEvento_formtablaMomentoEventoHorarioPopupfechaInicialPop_input'

2022-04-04 12:57:27 - [TEST_STEP][PASSED] - waitForElementPresent(findTestObject("M-OBJECTS TAREAS SECUNDARIAS/Pruebas Bienestar/Programacion_Múltiple/input_Horario_popupMomentoEvento_formtablaMomentoEventoHorarioPopuppMEFechaTerminaPopup_input"), 0): Object 'Object Repository/M-OBJECTS TAREAS SECUNDARIAS/Pruebas Bienestar/Programacion_Múltiple/input_Horario_popupMomentoEvento_formtablaMomentoEventoHorarioPopuppMEFechaTerminaPopup_input' is present

2022-04-04 12:57:27 - [MESSAGE][WARNING] - Timeout '0' is invalid. Using default page load timeout: '45'

2022-04-04 12:57:28 - [MESSAGE][PASSED] - Object 'Object Repository/M-OBJECTS TAREAS SECUNDARIAS/Pruebas Bienestar/Programacion_Múltiple/input_Horario_popupMomentoEvento_formtablaMomentoEventoHorarioPopuppMEFechaTerminaPopup_input' is present

2022-04-04 12:57:28 - [TEST_STEP][PASSED] - setText(findTestObject("M-OBJECTS TAREAS SECUNDARIAS/Pruebas Bienestar/Programacion_Múltiple/input_Horario_popupMomentoEvento_formtablaMomentoEventoHorarioPopuppMEFechaTerminaPopup_input"), FechaF): Text '14/4/2022' is set on object 'Object Repository/M-OBJECTS TAREAS SECUNDARIAS/Pruebas Bienestar/Programacion_Múltiple/input_Horario_popupMomentoEvento_formtablaMomentoEventoHorarioPopuppMEFechaTerminaPopup_input'

2022-04-04 12:57:28 - [MESSAGE][PASSED] - Text '14/4/2022' is set on object 'Object Repository/M-OBJECTS TAREAS SECUNDARIAS/Pruebas Bienestar/Programacion_Múltiple/input_Horario_popupMomentoEvento_formtablaMomentoEventoHorarioPopuppMEFechaTerminaPopup_input'

2022-04-04 12:57:28 - [TEST_STEP][PASSED] - sendKeys(findTestObject("M-OBJECTS TAREAS SECUNDARIAS/Pruebas Bienestar/Programacion_Múltiple/input_Horario_popupMomentoEvento_formtablaMomentoEventoHorarioPopuppMEFechaTerminaPopup_input"), Keys.chord(ESCAPE)): Keys 'ESCAPE + ' sent to object: 'Object Repository/M-OBJECTS TAREAS SECUNDARIAS/Pruebas Bienestar/Programacion_Múltiple/input_Horario_popupMomentoEvento_formtablaMomentoEventoHorarioPopuppMEFechaTerminaPopup_input'

2022-04-04 12:57:29 - [MESSAGE][PASSED] - Keys 'ESCAPE + ' sent to object: 'Object Repository/M-OBJECTS TAREAS SECUNDARIAS/Pruebas Bienestar/Programacion_Múltiple/input_Horario_popupMomentoEvento_formtablaMomentoEventoHorarioPopuppMEFechaTerminaPopup_input'

2022-04-04 12:57:29 - [TEST_STEP][PASSED] - if (waitForElementVisible(findTestObject("M-OBJECTS TAREAS SECUNDARIAS/Pruebas Bienestar/Programacion_Múltiple/div_Formato de fecha no valido"), 1)): Web element with id: 'Object Repository/M-OBJECTS TAREAS SECUNDARIAS/Pruebas Bienestar/Programacion_Múltiple/div_Formato de fecha no valido' located by '//div[(text() = 'Formato de fecha no valido.' or . = 'Formato de fecha no valido.')]' not found

2022-04-04 12:57:31 - [MESSAGE][INFO] - Unable to find the element located by 'By.xpath: //div[(text() = 'Formato de fecha no valido.' or . = 'Formato de fecha no valido.')]'. Please recheck the objects properties to make sure the desired element is located. 

2022-04-04 12:57:31 - [MESSAGE][WARNING] - Web element with id: 'Object Repository/M-OBJECTS TAREAS SECUNDARIAS/Pruebas Bienestar/Programacion_Múltiple/div_Formato de fecha no valido' located by '//div[(text() = 'Formato de fecha no valido.' or . = 'Formato de fecha no valido.')]' not found

2022-04-04 12:57:31 - [TEST_STEP][PASSED] - click(findTestObject("M-OBJECTS TAREAS SECUNDARIAS/Pruebas Bienestar/Programacion_Múltiple/a_Horario_popupMomentoEvento_formtablaMomentoEventoHorarioPopupj_idt1579"), STOP_ON_FAILURE): Object: 'Object Repository/M-OBJECTS TAREAS SECUNDARIAS/Pruebas Bienestar/Programacion_Múltiple/a_Horario_popupMomentoEvento_formtablaMomentoEventoHorarioPopupj_idt1579' is clicked on

2022-04-04 12:57:32 - [MESSAGE][PASSED] - Object: 'Object Repository/M-OBJECTS TAREAS SECUNDARIAS/Pruebas Bienestar/Programacion_Múltiple/a_Horario_popupMomentoEvento_formtablaMomentoEventoHorarioPopupj_idt1579' is clicked on

2022-04-04 12:57:32 - [TEST_STEP][PASSED] - sendKeys(findTestObject("M-OBJECTS TAREAS SECUNDARIAS/Pruebas Bienestar/Programacion_Múltiple/input_Horario_popupMomentoEvento_formtablaMomentoEventoHorarioPopuppMEFechaTerminaPopup_input"), Keys.chord(ENTER)): Keys 'ENTER + ' sent to object: 'Object Repository/M-OBJECTS TAREAS SECUNDARIAS/Pruebas Bienestar/Programacion_Múltiple/input_Horario_popupMomentoEvento_formtablaMomentoEventoHorarioPopuppMEFechaTerminaPopup_input'

2022-04-04 12:57:32 - [MESSAGE][PASSED] - Keys 'ENTER + ' sent to object: 'Object Repository/M-OBJECTS TAREAS SECUNDARIAS/Pruebas Bienestar/Programacion_Múltiple/input_Horario_popupMomentoEvento_formtablaMomentoEventoHorarioPopuppMEFechaTerminaPopup_input'

2022-04-04 12:57:32 - [TEST_STEP][PASSED] - waitForElementClickable(findTestObject("M-OBJECTS TAREAS SECUNDARIAS/Pruebas Bienestar/Programacion_Múltiple/label_MAR"), 0): Object 'Object Repository/M-OBJECTS TAREAS SECUNDARIAS/Pruebas Bienestar/Programacion_Múltiple/label_MAR' is clickable

2022-04-04 12:57:33 - [MESSAGE][WARNING] - Timeout '0' is invalid. Using default page load timeout: '45'

2022-04-04 12:57:33 - [MESSAGE][PASSED] - Object 'Object Repository/M-OBJECTS TAREAS SECUNDARIAS/Pruebas Bienestar/Programacion_Múltiple/label_MAR' is clickable

2022-04-04 12:57:33 - [TEST_STEP][PASSED] - check(findTestObject("M-OBJECTS TAREAS SECUNDARIAS/Pruebas Bienestar/Programacion_Múltiple/label_MAR")): Object 'Object Repository/M-OBJECTS TAREAS SECUNDARIAS/Pruebas Bienestar/Programacion_Múltiple/label_MAR' is checked

2022-04-04 12:57:33 - [MESSAGE][PASSED] - Object 'Object Repository/M-OBJECTS TAREAS SECUNDARIAS/Pruebas Bienestar/Programacion_Múltiple/label_MAR' is checked

2022-04-04 12:57:33 - [TEST_STEP][PASSED] - check(findTestObject("M-OBJECTS TAREAS SECUNDARIAS/Pruebas Bienestar/Programacion_Múltiple/label_MIE")): Object 'Object Repository/M-OBJECTS TAREAS SECUNDARIAS/Pruebas Bienestar/Programacion_Múltiple/label_MIE' is checked

2022-04-04 12:57:34 - [MESSAGE][PASSED] - Object 'Object Repository/M-OBJECTS TAREAS SECUNDARIAS/Pruebas Bienestar/Programacion_Múltiple/label_MIE' is checked

2022-04-04 12:57:34 - [TEST_STEP][PASSED] - selectOptionByIndex(findTestObject("M-OBJECTS TAREAS SECUNDARIAS/Pruebas Bienestar/Programacion_Múltiple/select_01"), 5): All options with index in [5] are selected on object 'Object Repository/M-OBJECTS TAREAS SECUNDARIAS/Pruebas Bienestar/Programacion_Múltiple/select_01'

2022-04-04 12:57:35 - [MESSAGE][PASSED] - All options with index in [5] are selected on object 'Object Repository/M-OBJECTS TAREAS SECUNDARIAS/Pruebas Bienestar/Programacion_Múltiple/select_01'

2022-04-04 12:57:35 - [TEST_STEP][PASSED] - selectOptionByIndex(findTestObject("M-OBJECTS TAREAS SECUNDARIAS/Pruebas Bienestar/Programacion_Múltiple/select_02"), 6): All options with index in [6] are selected on object 'Object Repository/M-OBJECTS TAREAS SECUNDARIAS/Pruebas Bienestar/Programacion_Múltiple/select_02'

2022-04-04 12:57:36 - [MESSAGE][PASSED] - All options with index in [6] are selected on object 'Object Repository/M-OBJECTS TAREAS SECUNDARIAS/Pruebas Bienestar/Programacion_Múltiple/select_02'

2022-04-04 12:57:36 - [TEST_STEP][PASSED] - click(findTestObject("M-OBJECTS TAREAS SECUNDARIAS/Pruebas Bienestar/Programacion_Múltiple/a_mas_Horario")): Object: 'Object Repository/M-OBJECTS TAREAS SECUNDARIAS/Pruebas Bienestar/Programacion_Múltiple/a_mas_Horario' is clicked on

2022-04-04 12:57:37 - [MESSAGE][PASSED] - Object: 'Object Repository/M-OBJECTS TAREAS SECUNDARIAS/Pruebas Bienestar/Programacion_Múltiple/a_mas_Horario' is clicked on

2022-04-04 12:57:37 - [TEST_STEP][PASSED] - waitForElementClickable(findTestObject("M-OBJECTS TAREAS SECUNDARIAS/Pruebas Bienestar/Programacion_Múltiple/td_LUN-MAR 0500-0600"), 2): Web element with id: 'Object Repository/M-OBJECTS TAREAS SECUNDARIAS/Pruebas Bienestar/Programacion_Múltiple/td_LUN-MAR 0500-0600' located by '//*/text()[normalize-space(.)='LUN-MAR 05:00-06:00']/parent::*' not found

2022-04-04 12:57:40 - [MESSAGE][INFO] - Unable to find the element located by 'By.xpath: //*/text()[normalize-space(.)='LUN-MAR 05:00-06:00']/parent::*'. Please recheck the objects properties to make sure the desired element is located. 

2022-04-04 12:57:40 - [MESSAGE][WARNING] - Web element with id: 'Object Repository/M-OBJECTS TAREAS SECUNDARIAS/Pruebas Bienestar/Programacion_Múltiple/td_LUN-MAR 0500-0600' located by '//*/text()[normalize-space(.)='LUN-MAR 05:00-06:00']/parent::*' not found

2022-04-04 12:57:40 - [TEST_STEP][PASSED] - click(findTestObject("M-OBJECTS TAREAS SECUNDARIAS/Pruebas Bienestar/Programacion_Múltiple/a_Aplicar")): Object: 'Object Repository/M-OBJECTS TAREAS SECUNDARIAS/Pruebas Bienestar/Programacion_Múltiple/a_Aplicar' is clicked on

2022-04-04 12:57:40 - [MESSAGE][PASSED] - Object: 'Object Repository/M-OBJECTS TAREAS SECUNDARIAS/Pruebas Bienestar/Programacion_Múltiple/a_Aplicar' is clicked on

2022-04-04 12:57:40 - [TEST_STEP][PASSED] - click(findTestObject("M-OBJECTS TAREAS SECUNDARIAS/Pruebas Bienestar/Programacion_Múltiple/a_Icon_mas_principal")): Object: 'Object Repository/M-OBJECTS TAREAS SECUNDARIAS/Pruebas Bienestar/Programacion_Múltiple/a_Icon_mas_principal' is clicked on

2022-04-04 12:57:41 - [MESSAGE][PASSED] - Object: 'Object Repository/M-OBJECTS TAREAS SECUNDARIAS/Pruebas Bienestar/Programacion_Múltiple/a_Icon_mas_principal' is clicked on

2022-04-04 12:57:41 - [TEST_STEP][PASSED] - if (waitForElementVisible(findTestObject("M-OBJECTS TAREAS SECUNDARIAS/Pruebas Bienestar/Programacion_Múltiple/a_Aceptar Eliminar 0"), 1)): Web element with id: 'Object Repository/M-OBJECTS TAREAS SECUNDARIAS/Pruebas Bienestar/Programacion_Múltiple/a_Aceptar Eliminar 0' located by '//*/text()[normalize-space(.)='Aceptar']/parent::*' not found

2022-04-04 12:57:43 - [MESSAGE][INFO] - Unable to find the element located by 'By.xpath: //*/text()[normalize-space(.)='Aceptar']/parent::*'. Please recheck the objects properties to make sure the desired element is located. 

2022-04-04 12:57:43 - [MESSAGE][WARNING] - Web element with id: 'Object Repository/M-OBJECTS TAREAS SECUNDARIAS/Pruebas Bienestar/Programacion_Múltiple/a_Aceptar Eliminar 0' located by '//*/text()[normalize-space(.)='Aceptar']/parent::*' not found

2022-04-04 12:57:43 - [TEST_STEP][PASSED] - click(findTestObject("M-OBJECTS TAREAS SECUNDARIAS/Pruebas Bienestar/Programacion_Múltiple/a_Guardar")): Object: 'Object Repository/M-OBJECTS TAREAS SECUNDARIAS/Pruebas Bienestar/Programacion_Múltiple/a_Guardar' is clicked on

2022-04-04 12:57:44 - [MESSAGE][PASSED] - Object: 'Object Repository/M-OBJECTS TAREAS SECUNDARIAS/Pruebas Bienestar/Programacion_Múltiple/a_Guardar' is clicked on

2022-04-04 12:57:44 - [TEST_STEP][PASSED] - click(findTestObject("M-OBJECTS TAREAS SECUNDARIAS/Pruebas Bienestar/Programacion_Múltiple/a_Regresar")): Object: 'Object Repository/M-OBJECTS TAREAS SECUNDARIAS/Pruebas Bienestar/Programacion_Múltiple/a_Regresar' is clicked on

2022-04-04 12:57:44 - [MESSAGE][PASSED] - Object: 'Object Repository/M-OBJECTS TAREAS SECUNDARIAS/Pruebas Bienestar/Programacion_Múltiple/a_Regresar' is clicked on

2022-04-04 12:57:44 - [TEST_STEP][PASSED] - click(findTestObject("M-OBJECTS TAREAS SECUNDARIAS/Pruebas Bienestar/Programacion_Múltiple/td_Prueba-S-SH")): Object: 'Object Repository/M-OBJECTS TAREAS SECUNDARIAS/Pruebas Bienestar/Programacion_Múltiple/td_Prueba-S-SH' is clicked on

2022-04-04 12:57:45 - [MESSAGE][PASSED] - Object: 'Object Repository/M-OBJECTS TAREAS SECUNDARIAS/Pruebas Bienestar/Programacion_Múltiple/td_Prueba-S-SH' is clicked on

2022-04-04 12:57:45 - [TEST_STEP][PASSED] - click(findTestObject("M-OBJECTS TAREAS SECUNDARIAS/Pruebas Bienestar/Programacion_Múltiple/a_Momento Eventos")): Object: 'Object Repository/M-OBJECTS TAREAS SECUNDARIAS/Pruebas Bienestar/Programacion_Múltiple/a_Momento Eventos' is clicked on

2022-04-04 12:57:46 - [MESSAGE][PASSED] - Object: 'Object Repository/M-OBJECTS TAREAS SECUNDARIAS/Pruebas Bienestar/Programacion_Múltiple/a_Momento Eventos' is clicked on

2022-04-04 12:57:46 - [TEST_STEP][PASSED] - click(findTestObject("M-OBJECTS TAREAS SECUNDARIAS/Pruebas Bienestar/Programacion_Múltiple/td_prueba")): Object: 'Object Repository/M-OBJECTS TAREAS SECUNDARIAS/Pruebas Bienestar/Programacion_Múltiple/td_prueba' is clicked on

2022-04-04 12:57:47 - [MESSAGE][PASSED] - Object: 'Object Repository/M-OBJECTS TAREAS SECUNDARIAS/Pruebas Bienestar/Programacion_Múltiple/td_prueba' is clicked on

2022-04-04 12:57:47 - [TEST_STEP][PASSED] - if (waitForElementClickable(findTestObject("M-OBJECTS TAREAS SECUNDARIAS/Pruebas Bienestar/Programacion_Múltiple/a_MAR-MIE 0500-0600_popupMomentoEvento_formtablaMomentoEventoHorarioPopup0j_idt1582"), 1)): Web element with id: 'Object Repository/M-OBJECTS TAREAS SECUNDARIAS/Pruebas Bienestar/Programacion_Múltiple/a_MAR-MIE 0500-0600_popupMomentoEvento_formtablaMomentoEventoHorarioPopup0j_idt1582' located by '//a[@id='popupMomentoEvento_form:tablaMomentoEventoHorarioPopup:0:j_idt1582']' not found

2022-04-04 12:57:49 - [MESSAGE][INFO] - Unable to find the element located by 'By.xpath: //a[@id='popupMomentoEvento_form:tablaMomentoEventoHorarioPopup:0:j_idt1582']'. Please recheck the objects properties to make sure the desired element is located. 

2022-04-04 12:57:49 - [MESSAGE][WARNING] - Web element with id: 'Object Repository/M-OBJECTS TAREAS SECUNDARIAS/Pruebas Bienestar/Programacion_Múltiple/a_MAR-MIE 0500-0600_popupMomentoEvento_formtablaMomentoEventoHorarioPopup0j_idt1582' located by '//a[@id='popupMomentoEvento_form:tablaMomentoEventoHorarioPopup:0:j_idt1582']' not found

2022-04-04 12:57:49 - [TEST_STEP][PASSED] - setText(findTestObject("M-OBJECTS TAREAS SECUNDARIAS/Pruebas Bienestar/Programacion_Múltiple/input_Inscripcin Inicial_popupMomentoEvento_formpMEInscripcionInicia_input"), FechaI): Text '4/4/2022' is set on object 'Object Repository/M-OBJECTS TAREAS SECUNDARIAS/Pruebas Bienestar/Programacion_Múltiple/input_Inscripcin Inicial_popupMomentoEvento_formpMEInscripcionInicia_input'

2022-04-04 12:57:50 - [MESSAGE][PASSED] - Text '4/4/2022' is set on object 'Object Repository/M-OBJECTS TAREAS SECUNDARIAS/Pruebas Bienestar/Programacion_Múltiple/input_Inscripcin Inicial_popupMomentoEvento_formpMEInscripcionInicia_input'

2022-04-04 12:57:50 - [TEST_STEP][PASSED] - setText(findTestObject("M-OBJECTS TAREAS SECUNDARIAS/Pruebas Bienestar/Programacion_Múltiple/input_Inscripcin Termina_popupMomentoEvento_formpMEInscripcionFinaliza_input"), FechaF): Text '14/4/2022' is set on object 'Object Repository/M-OBJECTS TAREAS SECUNDARIAS/Pruebas Bienestar/Programacion_Múltiple/input_Inscripcin Termina_popupMomentoEvento_formpMEInscripcionFinaliza_input'

2022-04-04 12:57:51 - [MESSAGE][PASSED] - Text '14/4/2022' is set on object 'Object Repository/M-OBJECTS TAREAS SECUNDARIAS/Pruebas Bienestar/Programacion_Múltiple/input_Inscripcin Termina_popupMomentoEvento_formpMEInscripcionFinaliza_input'

2022-04-04 12:57:51 - [TEST_STEP][PASSED] - waitForElementPresent(findTestObject("M-OBJECTS TAREAS SECUNDARIAS/Pruebas Bienestar/Programacion_Múltiple/input_Horario_popupMomentoEvento_formtablaMomentoEventoHorarioPopupfechaInicialPop_input"), 0): Object 'Object Repository/M-OBJECTS TAREAS SECUNDARIAS/Pruebas Bienestar/Programacion_Múltiple/input_Horario_popupMomentoEvento_formtablaMomentoEventoHorarioPopupfechaInicialPop_input' is present

2022-04-04 12:57:51 - [MESSAGE][WARNING] - Timeout '0' is invalid. Using default page load timeout: '45'

2022-04-04 12:57:52 - [MESSAGE][PASSED] - Object 'Object Repository/M-OBJECTS TAREAS SECUNDARIAS/Pruebas Bienestar/Programacion_Múltiple/input_Horario_popupMomentoEvento_formtablaMomentoEventoHorarioPopupfechaInicialPop_input' is present

2022-04-04 12:57:52 - [TEST_STEP][PASSED] - setText(findTestObject("M-OBJECTS TAREAS SECUNDARIAS/Pruebas Bienestar/Programacion_Múltiple/input_Horario_popupMomentoEvento_formtablaMomentoEventoHorarioPopupfechaInicialPop_input"), FechaI0): Text '5/4/2022' is set on object 'Object Repository/M-OBJECTS TAREAS SECUNDARIAS/Pruebas Bienestar/Programacion_Múltiple/input_Horario_popupMomentoEvento_formtablaMomentoEventoHorarioPopupfechaInicialPop_input'

2022-04-04 12:57:53 - [MESSAGE][PASSED] - Text '5/4/2022' is set on object 'Object Repository/M-OBJECTS TAREAS SECUNDARIAS/Pruebas Bienestar/Programacion_Múltiple/input_Horario_popupMomentoEvento_formtablaMomentoEventoHorarioPopupfechaInicialPop_input'

2022-04-04 12:57:53 - [TEST_STEP][PASSED] - sendKeys(findTestObject("M-OBJECTS TAREAS SECUNDARIAS/Pruebas Bienestar/Programacion_Múltiple/input_Horario_popupMomentoEvento_formtablaMomentoEventoHorarioPopupfechaInicialPop_input"), Keys.chord(ENTER)): Keys 'ENTER + ' sent to object: 'Object Repository/M-OBJECTS TAREAS SECUNDARIAS/Pruebas Bienestar/Programacion_Múltiple/input_Horario_popupMomentoEvento_formtablaMomentoEventoHorarioPopupfechaInicialPop_input'

2022-04-04 12:57:53 - [MESSAGE][PASSED] - Keys 'ENTER + ' sent to object: 'Object Repository/M-OBJECTS TAREAS SECUNDARIAS/Pruebas Bienestar/Programacion_Múltiple/input_Horario_popupMomentoEvento_formtablaMomentoEventoHorarioPopupfechaInicialPop_input'

2022-04-04 12:57:53 - [TEST_STEP][PASSED] - waitForElementPresent(findTestObject("M-OBJECTS TAREAS SECUNDARIAS/Pruebas Bienestar/Programacion_Múltiple/input_Horario_popupMomentoEvento_formtablaMomentoEventoHorarioPopuppMEFechaTerminaPopup_input"), 0): Object 'Object Repository/M-OBJECTS TAREAS SECUNDARIAS/Pruebas Bienestar/Programacion_Múltiple/input_Horario_popupMomentoEvento_formtablaMomentoEventoHorarioPopuppMEFechaTerminaPopup_input' is present

2022-04-04 12:57:53 - [MESSAGE][WARNING] - Timeout '0' is invalid. Using default page load timeout: '45'

2022-04-04 12:57:54 - [MESSAGE][PASSED] - Object 'Object Repository/M-OBJECTS TAREAS SECUNDARIAS/Pruebas Bienestar/Programacion_Múltiple/input_Horario_popupMomentoEvento_formtablaMomentoEventoHorarioPopuppMEFechaTerminaPopup_input' is present

2022-04-04 12:57:54 - [TEST_STEP][PASSED] - setText(findTestObject("M-OBJECTS TAREAS SECUNDARIAS/Pruebas Bienestar/Programacion_Múltiple/input_Horario_popupMomentoEvento_formtablaMomentoEventoHorarioPopuppMEFechaTerminaPopup_input"), FechaF0): Text '13/4/2022' is set on object 'Object Repository/M-OBJECTS TAREAS SECUNDARIAS/Pruebas Bienestar/Programacion_Múltiple/input_Horario_popupMomentoEvento_formtablaMomentoEventoHorarioPopuppMEFechaTerminaPopup_input'

2022-04-04 12:57:54 - [MESSAGE][PASSED] - Text '13/4/2022' is set on object 'Object Repository/M-OBJECTS TAREAS SECUNDARIAS/Pruebas Bienestar/Programacion_Múltiple/input_Horario_popupMomentoEvento_formtablaMomentoEventoHorarioPopuppMEFechaTerminaPopup_input'

2022-04-04 12:57:54 - [TEST_STEP][PASSED] - element = findWebElement(findTestObject("M-OBJECTS TAREAS SECUNDARIAS/Pruebas Bienestar/Programacion_Múltiple/a_Horario_popupMomentoEvento_formtablaMomentoEventoHorarioPopupj_idt1579"), 30): null

2022-04-04 12:57:55 - [TEST_STEP][PASSED] - executeJavaScript("arguments[0].click()", Arrays.asList(element)): Execute JavaScript 'arguments[0].click()' successfully

2022-04-04 12:57:55 - [MESSAGE][PASSED] - Execute JavaScript 'arguments[0].click()' successfully

2022-04-04 12:57:55 - [TEST_STEP][FAILED] - result0 = getText(findTestObject("M-OBJECTS TAREAS SECUNDARIAS/Pruebas Bienestar/Programacion_Múltiple/div_Formato de fecha no valido")): Unable to get text of object 'Object Repository/M-OBJECTS TAREAS SECUNDARIAS/Pruebas Bienestar/Programacion_Múltiple/div_Formato de fecha no valido' (Root cause: com.kms.katalon.core.exception.StepFailedException: Unable to get text of object 'Object Repository/M-OBJECTS TAREAS SECUNDARIAS/Pruebas Bienestar/Programacion_Múltiple/div_Formato de fecha no valido'
	at com.kms.katalon.core.webui.keyword.internal.WebUIKeywordMain.stepFailed(WebUIKeywordMain.groovy:64)
	at com.kms.katalon.core.webui.keyword.internal.WebUIKeywordMain.runKeyword(WebUIKeywordMain.groovy:26)
	at com.kms.katalon.core.webui.keyword.builtin.GetTextKeyword.getText(GetTextKeyword.groovy:88)
	at com.kms.katalon.core.webui.keyword.builtin.GetTextKeyword.execute(GetTextKeyword.groovy:67)
	at com.kms.katalon.core.keyword.internal.KeywordExecutor.executeKeywordForPlatform(KeywordExecutor.groovy:74)
	at com.kms.katalon.core.webui.keyword.WebUiBuiltInKeywords.getText(WebUiBuiltInKeywords.groovy:918)
	at com.kms.katalon.core.webui.keyword.WebUiBuiltInKeywords$getText$13.call(Unknown Source)
	at 3.1.7-Programacion_Múltiple.run(3.1.7-Programacion_Múltiple:248)
	at com.kms.katalon.core.main.ScriptEngine.run(ScriptEngine.java:194)
	at com.kms.katalon.core.main.ScriptEngine.runScriptAsRawText(ScriptEngine.java:119)
	at com.kms.katalon.core.main.TestCaseExecutor.runScript(TestCaseExecutor.java:442)
	at com.kms.katalon.core.main.TestCaseExecutor.doExecute(TestCaseExecutor.java:433)
	at com.kms.katalon.core.main.TestCaseExecutor.processExecutionPhase(TestCaseExecutor.java:412)
	at com.kms.katalon.core.main.TestCaseExecutor.accessMainPhase(TestCaseExecutor.java:404)
	at com.kms.katalon.core.main.TestCaseExecutor.execute(TestCaseExecutor.java:281)
	at com.kms.katalon.core.main.TestSuiteExecutor.accessTestCaseMainPhase(TestSuiteExecutor.java:202)
	at com.kms.katalon.core.main.TestSuiteExecutor.accessTestSuiteMainPhase(TestSuiteExecutor.java:164)
	at com.kms.katalon.core.main.TestSuiteExecutor.execute(TestSuiteExecutor.java:105)
	at com.kms.katalon.core.main.TestCaseMain.startTestSuite(TestCaseMain.java:185)
	at com.kms.katalon.core.main.TestCaseMain$startTestSuite$0.call(Unknown Source)
	at TempTestSuite1649094600246.run(TempTestSuite1649094600246.groovy:36)
Caused by: com.kms.katalon.core.webui.exception.WebElementNotFoundException: Web element with id: 'Object Repository/M-OBJECTS TAREAS SECUNDARIAS/Pruebas Bienestar/Programacion_Múltiple/div_Formato de fecha no valido' located by '//div[(text() = 'Formato de fecha no valido.' or . = 'Formato de fecha no valido.')]' not found
	at com.kms.katalon.core.webui.common.WebUiCommonHelper.findWebElement(WebUiCommonHelper.java:1370)
	at com.kms.katalon.core.webui.keyword.internal.WebUIAbstractKeyword.findWebElement(WebUIAbstractKeyword.groovy:27)
	at com.kms.katalon.core.webui.keyword.internal.WebUIAbstractKeyword.findWebElement(WebUIAbstractKeyword.groovy:26)
	at com.kms.katalon.core.webui.keyword.builtin.GetTextKeyword$_getText_closure1.doCall(GetTextKeyword.groovy:78)
	at com.kms.katalon.core.webui.keyword.builtin.GetTextKeyword$_getText_closure1.call(GetTextKeyword.groovy)
	at com.kms.katalon.core.webui.keyword.internal.WebUIKeywordMain.runKeyword(WebUIKeywordMain.groovy:20)
	at com.kms.katalon.core.webui.keyword.builtin.GetTextKeyword.getText(GetTextKeyword.groovy:88)
	at com.kms.katalon.core.webui.keyword.builtin.GetTextKeyword.execute(GetTextKeyword.groovy:67)
	at com.kms.katalon.core.keyword.internal.KeywordExecutor.executeKeywordForPlatform(KeywordExecutor.groovy:74)
	at com.kms.katalon.core.webui.keyword.WebUiBuiltInKeywords.getText(WebUiBuiltInKeywords.groovy:918)
	at com.kms.katalon.core.webui.keyword.WebUiBuiltInKeywords$getText$13.call(Unknown Source)
	at Script1635424461915.run(Script1635424461915.groovy:248)
	... 13 more
)

2022-04-04 12:58:41 - [MESSAGE][INFO] - Unable to find the element located by 'By.xpath: //div[(text() = 'Formato de fecha no valido.' or . = 'Formato de fecha no valido.')]'. Please recheck the objects properties to make sure the desired element is located. 

2022-04-04 12:58:41 - [MESSAGE][FAILED] - Unable to get text of object 'Object Repository/M-OBJECTS TAREAS SECUNDARIAS/Pruebas Bienestar/Programacion_Múltiple/div_Formato de fecha no valido' (Root cause: com.kms.katalon.core.exception.StepFailedException: Unable to get text of object 'Object Repository/M-OBJECTS TAREAS SECUNDARIAS/Pruebas Bienestar/Programacion_Múltiple/div_Formato de fecha no valido'
	at com.kms.katalon.core.webui.keyword.internal.WebUIKeywordMain.stepFailed(WebUIKeywordMain.groovy:64)
	at com.kms.katalon.core.webui.keyword.internal.WebUIKeywordMain.runKeyword(WebUIKeywordMain.groovy:26)
	at com.kms.katalon.core.webui.keyword.builtin.GetTextKeyword.getText(GetTextKeyword.groovy:88)
	at com.kms.katalon.core.webui.keyword.builtin.GetTextKeyword.execute(GetTextKeyword.groovy:67)
	at com.kms.katalon.core.keyword.internal.KeywordExecutor.executeKeywordForPlatform(KeywordExecutor.groovy:74)
	at com.kms.katalon.core.webui.keyword.WebUiBuiltInKeywords.getText(WebUiBuiltInKeywords.groovy:918)
	at com.kms.katalon.core.webui.keyword.WebUiBuiltInKeywords$getText$13.call(Unknown Source)
	at 3.1.7-Programacion_Múltiple.run(3.1.7-Programacion_Múltiple:248)
	at com.kms.katalon.core.main.ScriptEngine.run(ScriptEngine.java:194)
	at com.kms.katalon.core.main.ScriptEngine.runScriptAsRawText(ScriptEngine.java:119)
	at com.kms.katalon.core.main.TestCaseExecutor.runScript(TestCaseExecutor.java:442)
	at com.kms.katalon.core.main.TestCaseExecutor.doExecute(TestCaseExecutor.java:433)
	at com.kms.katalon.core.main.TestCaseExecutor.processExecutionPhase(TestCaseExecutor.java:412)
	at com.kms.katalon.core.main.TestCaseExecutor.accessMainPhase(TestCaseExecutor.java:404)
	at com.kms.katalon.core.main.TestCaseExecutor.execute(TestCaseExecutor.java:281)
	at com.kms.katalon.core.main.TestSuiteExecutor.accessTestCaseMainPhase(TestSuiteExecutor.java:202)
	at com.kms.katalon.core.main.TestSuiteExecutor.accessTestSuiteMainPhase(TestSuiteExecutor.java:164)
	at com.kms.katalon.core.main.TestSuiteExecutor.execute(TestSuiteExecutor.java:105)
	at com.kms.katalon.core.main.TestCaseMain.startTestSuite(TestCaseMain.java:185)
	at com.kms.katalon.core.main.TestCaseMain$startTestSuite$0.call(Unknown Source)
	at TempTestSuite1649094600246.run(TempTestSuite1649094600246.groovy:36)
Caused by: com.kms.katalon.core.webui.exception.WebElementNotFoundException: Web element with id: 'Object Repository/M-OBJECTS TAREAS SECUNDARIAS/Pruebas Bienestar/Programacion_Múltiple/div_Formato de fecha no valido' located by '//div[(text() = 'Formato de fecha no valido.' or . = 'Formato de fecha no valido.')]' not found
	at com.kms.katalon.core.webui.common.WebUiCommonHelper.findWebElement(WebUiCommonHelper.java:1370)
	at com.kms.katalon.core.webui.keyword.internal.WebUIAbstractKeyword.findWebElement(WebUIAbstractKeyword.groovy:27)
	at com.kms.katalon.core.webui.keyword.internal.WebUIAbstractKeyword.findWebElement(WebUIAbstractKeyword.groovy:26)
	at com.kms.katalon.core.webui.keyword.builtin.GetTextKeyword$_getText_closure1.doCall(GetTextKeyword.groovy:78)
	at com.kms.katalon.core.webui.keyword.builtin.GetTextKeyword$_getText_closure1.call(GetTextKeyword.groovy)
	at com.kms.katalon.core.webui.keyword.internal.WebUIKeywordMain.runKeyword(WebUIKeywordMain.groovy:20)
	at com.kms.katalon.core.webui.keyword.builtin.GetTextKeyword.getText(GetTextKeyword.groovy:88)
	at com.kms.katalon.core.webui.keyword.builtin.GetTextKeyword.execute(GetTextKeyword.groovy:67)
	at com.kms.katalon.core.keyword.internal.KeywordExecutor.executeKeywordForPlatform(KeywordExecutor.groovy:74)
	at com.kms.katalon.core.webui.keyword.WebUiBuiltInKeywords.getText(WebUiBuiltInKeywords.groovy:918)
	at com.kms.katalon.core.webui.keyword.WebUiBuiltInKeywords$getText$13.call(Unknown Source)
	at Script1635424461915.run(Script1635424461915.groovy:248)
	... 13 more
)
[[ATTACHMENT|C:\\Users\\diego.rojas\\git\\Pruebas-Minimas\\Reports\\20220404_125000\\Test_Suite_Secundaria\\3-Pruebas_Bienestar\\20220404_125000\\1649095121676.png]]]]></system-out>
         <system-err><![CDATA[2022-04-04 12:57:09 - [TEST_CASE][FAILED] - Test Cases/1.2-Tareas_Secundarias/3.1-Pruebas_Bienestar/3.1.7-Programacion_Múltiple: Test Cases/1.2-Tareas_Secundarias/3.1-Pruebas_Bienestar/3.1.7-Programacion_Múltiple FAILED.
Reason:
com.kms.katalon.core.exception.StepFailedException: Unable to get text of object 'Object Repository/M-OBJECTS TAREAS SECUNDARIAS/Pruebas Bienestar/Programacion_Múltiple/div_Formato de fecha no valido'
	at com.kms.katalon.core.webui.keyword.internal.WebUIKeywordMain.stepFailed(WebUIKeywordMain.groovy:64)
	at com.kms.katalon.core.webui.keyword.internal.WebUIKeywordMain.runKeyword(WebUIKeywordMain.groovy:26)
	at com.kms.katalon.core.webui.keyword.builtin.GetTextKeyword.getText(GetTextKeyword.groovy:88)
	at com.kms.katalon.core.webui.keyword.builtin.GetTextKeyword.execute(GetTextKeyword.groovy:67)
	at com.kms.katalon.core.keyword.internal.KeywordExecutor.executeKeywordForPlatform(KeywordExecutor.groovy:74)
	at com.kms.katalon.core.webui.keyword.WebUiBuiltInKeywords.getText(WebUiBuiltInKeywords.groovy:918)
	at com.kms.katalon.core.webui.keyword.WebUiBuiltInKeywords$getText$13.call(Unknown Source)
	at 3.1.7-Programacion_Múltiple.run(3.1.7-Programacion_Múltiple:248)
	at com.kms.katalon.core.main.ScriptEngine.run(ScriptEngine.java:194)
	at com.kms.katalon.core.main.ScriptEngine.runScriptAsRawText(ScriptEngine.java:119)
	at com.kms.katalon.core.main.TestCaseExecutor.runScript(TestCaseExecutor.java:442)
	at com.kms.katalon.core.main.TestCaseExecutor.doExecute(TestCaseExecutor.java:433)
	at com.kms.katalon.core.main.TestCaseExecutor.processExecutionPhase(TestCaseExecutor.java:412)
	at com.kms.katalon.core.main.TestCaseExecutor.accessMainPhase(TestCaseExecutor.java:404)
	at com.kms.katalon.core.main.TestCaseExecutor.execute(TestCaseExecutor.java:281)
	at com.kms.katalon.core.main.TestSuiteExecutor.accessTestCaseMainPhase(TestSuiteExecutor.java:202)
	at com.kms.katalon.core.main.TestSuiteExecutor.accessTestSuiteMainPhase(TestSuiteExecutor.java:164)
	at com.kms.katalon.core.main.TestSuiteExecutor.execute(TestSuiteExecutor.java:105)
	at com.kms.katalon.core.main.TestCaseMain.startTestSuite(TestCaseMain.java:185)
	at com.kms.katalon.core.main.TestCaseMain$startTestSuite$0.call(Unknown Source)
	at TempTestSuite1649094600246.run(TempTestSuite1649094600246.groovy:36)
Caused by: com.kms.katalon.core.webui.exception.WebElementNotFoundException: Web element with id: 'Object Repository/M-OBJECTS TAREAS SECUNDARIAS/Pruebas Bienestar/Programacion_Múltiple/div_Formato de fecha no valido' located by '//div[(text() = 'Formato de fecha no valido.' or . = 'Formato de fecha no valido.')]' not found
	at com.kms.katalon.core.webui.common.WebUiCommonHelper.findWebElement(WebUiCommonHelper.java:1370)
	at com.kms.katalon.core.webui.keyword.internal.WebUIAbstractKeyword.findWebElement(WebUIAbstractKeyword.groovy:27)
	at com.kms.katalon.core.webui.keyword.internal.WebUIAbstractKeyword.findWebElement(WebUIAbstractKeyword.groovy:26)
	at com.kms.katalon.core.webui.keyword.builtin.GetTextKeyword$_getText_closure1.doCall(GetTextKeyword.groovy:78)
	at com.kms.katalon.core.webui.keyword.builtin.GetTextKeyword$_getText_closure1.call(GetTextKeyword.groovy)
	at com.kms.katalon.core.webui.keyword.internal.WebUIKeywordMain.runKeyword(WebUIKeywordMain.groovy:20)
	... 19 more]]></system-err>
      </testcase>
      <testcase name="Test Cases/1.2-Tareas_Secundarias/3.1-Pruebas_Bienestar/3.1.8-Calendario" time="16.052" classname="Test Cases/1.2-Tareas_Secundarias/3.1-Pruebas_Bienestar/3.1.8-Calendario" status="PASSED">
         <system-out><![CDATA[2022-04-04 12:58:41 - [TEST_CASE][PASSED] - Test Cases/1.2-Tareas_Secundarias/3.1-Pruebas_Bienestar/3.1.8-Calendario: Test Cases/1.2-Tareas_Secundarias/3.1-Pruebas_Bienestar/3.1.8-Calendario

2022-04-04 12:58:42 - [TEST_STEP][PASSED] - callTestCase(findTestCase("Utilidades-(atajos_para _tareas)/Modulos/Modulo bienestar-eventos"), [:], STOP_ON_FAILURE): Call Test Case 'Test Cases/Utilidades-(atajos_para _tareas)/Modulos/Modulo bienestar-eventos' successfully

2022-04-04 12:58:42 - [TEST_CASE][PASSED] - Test Cases/Utilidades-(atajos_para _tareas)/Modulos/Modulo bienestar-eventos: Test Cases/Utilidades-(atajos_para _tareas)/Modulos/Modulo bienestar-eventos

2022-04-04 12:58:42 - [TEST_STEP][PASSED] - callTestCase(findTestCase("0.1-Login"), [:], STOP_ON_FAILURE): Call Test Case 'Test Cases/0.1-Login' successfully

2022-04-04 12:58:42 - [TEST_CASE][PASSED] - Test Cases/0.1-Login: Test Cases/0.1-Login

2022-04-04 12:58:42 - [TEST_STEP][PASSED] - openBrowser(""): Browser is opened with url: ''

2022-04-04 12:58:42 - [MESSAGE][WARNING] - A browser is already opened. Closing browser and opening a new one

2022-04-04 12:58:43 - [MESSAGE][INFO] - Starting 'Chrome' driver

2022-04-04 12:58:43 - [MESSAGE][INFO] - Action delay is set to 0 milliseconds

2022-04-04 12:58:44 - [MESSAGE][PASSED] - Browser is opened with url: ''

2022-04-04 12:58:44 - [TEST_STEP][PASSED] - maximizeWindow(): Current window maximized

2022-04-04 12:58:44 - [MESSAGE][PASSED] - Current window maximized

2022-04-04 12:58:44 - [TEST_STEP][PASSED] - i = G_Login: null

2022-04-04 12:58:44 - [TEST_STEP][PASSED] - url = new java.net.URL(i): null

2022-04-04 12:58:44 - [TEST_STEP][PASSED] - println("URL: " + url.toString()): null

2022-04-04 12:58:44 - [TEST_STEP][PASSED] - connection = url.openConnection(): null

2022-04-04 12:58:44 - [TEST_STEP][PASSED] - connection.setRequestMethod("GET"): null

2022-04-04 12:58:44 - [TEST_STEP][PASSED] - connection.setReadTimeout(2 * 1000): null

2022-04-04 12:58:44 - [TEST_STEP][PASSED] - try: null

2022-04-04 12:58:44 - [TEST_STEP][PASSED] - connection.connect(): null

2022-04-04 12:58:44 - [TEST_STEP][PASSED] - flag = connected: null

2022-04-04 12:58:44 - [TEST_STEP][PASSED] - println("Valor_ori: " + flag): null

2022-04-04 12:58:44 - [TEST_STEP][PASSED] - if (flag): null

2022-04-04 12:58:44 - [TEST_STEP][PASSED] - navigateToUrl(i): Navigate to 'http://192.168.2.19:8380/saraweb' successfully

2022-04-04 12:58:45 - [MESSAGE][PASSED] - Navigate to 'http://192.168.2.19:8380/saraweb' successfully

2022-04-04 12:58:45 - [TEST_STEP][PASSED] - a(): null

2022-04-04 12:58:45 - [TEST_STEP][PASSED] - setText(findTestObject("Login/input_USUARIO_loginusuario"), G_Usuario): Text 'saraadmin' is set on object 'Object Repository/Login/input_USUARIO_loginusuario'

2022-04-04 12:58:46 - [MESSAGE][PASSED] - Text 'saraadmin' is set on object 'Object Repository/Login/input_USUARIO_loginusuario'

2022-04-04 12:58:46 - [TEST_STEP][PASSED] - setEncryptedText(findTestObject("Login/input_CLAVE_loginpassword"), "MkG4/TYiCFC3cb2driP7+Q=="): Text ****** has been set on object 'Object Repository/Login/input_CLAVE_loginpassword'

2022-04-04 12:58:46 - [MESSAGE][PASSED] - Text ****** has been set on object 'Object Repository/Login/input_CLAVE_loginpassword'

2022-04-04 12:58:46 - [TEST_STEP][PASSED] - waitForElementClickable(findTestObject("Login/a_Ingresar"), G_TimeOut): Object 'Object Repository/Login/a_Ingresar' is clickable

2022-04-04 12:58:46 - [MESSAGE][PASSED] - Object 'Object Repository/Login/a_Ingresar' is clickable

2022-04-04 12:58:46 - [TEST_STEP][PASSED] - click(findTestObject("Login/a_Ingresar")): Object: 'Object Repository/Login/a_Ingresar' is clicked on

2022-04-04 12:58:48 - [MESSAGE][PASSED] - Object: 'Object Repository/Login/a_Ingresar' is clicked on

2022-04-04 12:58:48 - [TEST_STEP][PASSED] - element = findWebElement(findTestObject("Login/a_Ir"), 30): null

2022-04-04 12:58:48 - [TEST_STEP][PASSED] - executeJavaScript("arguments[0].click()", Arrays.asList(element)): Execute JavaScript 'arguments[0].click()' successfully

2022-04-04 12:58:48 - [MESSAGE][PASSED] - Execute JavaScript 'arguments[0].click()' successfully

2022-04-04 12:58:48 - [MESSAGE][PASSED] - Call Test Case 'Test Cases/0.1-Login' successfully

2022-04-04 12:58:48 - [TEST_STEP][PASSED] - waitForElementClickable(findTestObject("Modulo bienestar-eventos/input_ADMINISTRADOR DEL SISTEMA"), 0): Object 'Object Repository/Modulo bienestar-eventos/input_ADMINISTRADOR DEL SISTEMA' is clickable

2022-04-04 12:58:48 - [MESSAGE][WARNING] - Timeout '0' is invalid. Using default page load timeout: '45'

2022-04-04 12:58:49 - [MESSAGE][PASSED] - Object 'Object Repository/Modulo bienestar-eventos/input_ADMINISTRADOR DEL SISTEMA' is clickable

2022-04-04 12:58:49 - [TEST_STEP][PASSED] - setText(findTestObject("Modulo bienestar-eventos/input_ADMINISTRADOR DEL SISTEMA"), "eventos (bie)"): Text 'eventos (bie)' is set on object 'Object Repository/Modulo bienestar-eventos/input_ADMINISTRADOR DEL SISTEMA'

2022-04-04 12:58:50 - [MESSAGE][PASSED] - Text 'eventos (bie)' is set on object 'Object Repository/Modulo bienestar-eventos/input_ADMINISTRADOR DEL SISTEMA'

2022-04-04 12:58:50 - [TEST_STEP][PASSED] - click(findTestObject("Modulo bienestar-eventos/span_Eventos (bie)")): Object: 'Object Repository/Modulo bienestar-eventos/span_Eventos (bie)' is clicked on

2022-04-04 12:58:51 - [MESSAGE][PASSED] - Object: 'Object Repository/Modulo bienestar-eventos/span_Eventos (bie)' is clicked on

2022-04-04 12:58:51 - [MESSAGE][PASSED] - Call Test Case 'Test Cases/Utilidades-(atajos_para _tareas)/Modulos/Modulo bienestar-eventos' successfully

2022-04-04 12:58:51 - [TEST_STEP][PASSED] - click(findTestObject("M-OBJECTS TAREAS SECUNDARIAS/Pruebas Bienestar/Calendario/td_Prueba-S")): Object: 'Object Repository/M-OBJECTS TAREAS SECUNDARIAS/Pruebas Bienestar/Calendario/td_Prueba-S' is clicked on

2022-04-04 12:58:52 - [MESSAGE][PASSED] - Object: 'Object Repository/M-OBJECTS TAREAS SECUNDARIAS/Pruebas Bienestar/Calendario/td_Prueba-S' is clicked on

2022-04-04 12:58:52 - [TEST_STEP][PASSED] - click(findTestObject("M-OBJECTS TAREAS SECUNDARIAS/Pruebas Bienestar/Calendario/a_Momento Eventos")): Object: 'Object Repository/M-OBJECTS TAREAS SECUNDARIAS/Pruebas Bienestar/Calendario/a_Momento Eventos' is clicked on

2022-04-04 12:58:53 - [MESSAGE][PASSED] - Object: 'Object Repository/M-OBJECTS TAREAS SECUNDARIAS/Pruebas Bienestar/Calendario/a_Momento Eventos' is clicked on

2022-04-04 12:58:53 - [TEST_STEP][PASSED] - click(findTestObject("M-OBJECTS TAREAS SECUNDARIAS/Pruebas Bienestar/Calendario/td_prueba")): Object: 'Object Repository/M-OBJECTS TAREAS SECUNDARIAS/Pruebas Bienestar/Calendario/td_prueba' is clicked on

2022-04-04 12:58:54 - [MESSAGE][PASSED] - Object: 'Object Repository/M-OBJECTS TAREAS SECUNDARIAS/Pruebas Bienestar/Calendario/td_prueba' is clicked on

2022-04-04 12:58:54 - [TEST_STEP][PASSED] - if (waitForElementPresent(findTestObject("M-OBJECTS TAREAS SECUNDARIAS/Pruebas Bienestar/Calendario/td_MAR-MIE 0500-0600"), 1)): null

2022-04-04 12:58:55 - [MESSAGE][PASSED] - Object 'Object Repository/M-OBJECTS TAREAS SECUNDARIAS/Pruebas Bienestar/Calendario/td_MAR-MIE 0500-0600' is present

2022-04-04 12:58:55 - [TEST_STEP][PASSED] - click(findTestObject("M-OBJECTS TAREAS SECUNDARIAS/Pruebas Bienestar/Calendario/span_Fecha Inscripcin_ui-icon ui-icon-closethick")): Object: 'Object Repository/M-OBJECTS TAREAS SECUNDARIAS/Pruebas Bienestar/Calendario/span_Fecha Inscripcin_ui-icon ui-icon-closethick' is clicked on

2022-04-04 12:58:56 - [MESSAGE][PASSED] - Object: 'Object Repository/M-OBJECTS TAREAS SECUNDARIAS/Pruebas Bienestar/Calendario/span_Fecha Inscripcin_ui-icon ui-icon-closethick' is clicked on

2022-04-04 12:58:56 - [TEST_STEP][PASSED] - click(findTestObject("M-OBJECTS TAREAS SECUNDARIAS/Pruebas Bienestar/Calendario/a_Calendario")): Object: 'Object Repository/M-OBJECTS TAREAS SECUNDARIAS/Pruebas Bienestar/Calendario/a_Calendario' is clicked on

2022-04-04 12:58:56 - [MESSAGE][PASSED] - Object: 'Object Repository/M-OBJECTS TAREAS SECUNDARIAS/Pruebas Bienestar/Calendario/a_Calendario' is clicked on

2022-04-04 12:58:56 - [TEST_STEP][PASSED] - click(findTestObject("M-OBJECTS TAREAS SECUNDARIAS/Pruebas Bienestar/Calendario/button_Mes")): Object: 'Object Repository/M-OBJECTS TAREAS SECUNDARIAS/Pruebas Bienestar/Calendario/button_Mes' is clicked on

2022-04-04 12:58:57 - [MESSAGE][PASSED] - Object: 'Object Repository/M-OBJECTS TAREAS SECUNDARIAS/Pruebas Bienestar/Calendario/button_Mes' is clicked on

2022-04-04 12:58:57 - [TEST_STEP][PASSED] - scrollToPosition(0, 600): Browser is scrolled to position x = 0, y = 600

2022-04-04 12:58:57 - [MESSAGE][PASSED] - Browser is scrolled to position x = 0, y = 600]]></system-out>
         <system-err><![CDATA[]]></system-err>
      </testcase>
      <testcase name="Test Cases/1.2-Tareas_Secundarias/3.1-Pruebas_Bienestar/3.1.9-Deducción_de_costos_al_plan_inversión" time="26.15" classname="Test Cases/1.2-Tareas_Secundarias/3.1-Pruebas_Bienestar/3.1.9-Deducción_de_costos_al_plan_inversión" status="PASSED">
         <system-out><![CDATA[2022-04-04 12:58:57 - [TEST_CASE][PASSED] - Test Cases/1.2-Tareas_Secundarias/3.1-Pruebas_Bienestar/3.1.9-Deducción_de_costos_al_plan_inversión: Test Cases/1.2-Tareas_Secundarias/3.1-Pruebas_Bienestar/3.1.9-Deducción_de_costos_al_plan_inversión

2022-04-04 12:58:58 - [TEST_STEP][PASSED] - today = new java.util.Date(): null

2022-04-04 12:58:58 - [TEST_STEP][PASSED] - Dia = today.format("dd"): null

2022-04-04 12:58:58 - [TEST_STEP][PASSED] - Mes = today.format("MM"): null

2022-04-04 12:58:58 - [TEST_STEP][PASSED] - MesN = today.format("MM"): null

2022-04-04 12:58:58 - [TEST_STEP][PASSED] - Año = today.format("yyyy"): null

2022-04-04 12:58:58 - [TEST_STEP][PASSED] - AñoN = today.format("yyyy"): null

2022-04-04 12:58:58 - [TEST_STEP][PASSED] - sumaD = Dia + 10: null

2022-04-04 12:58:58 - [TEST_STEP][PASSED] - sumaM = Mes + 1: null

2022-04-04 12:58:58 - [TEST_STEP][PASSED] - sumaA = Año + 1: null

2022-04-04 12:58:58 - [TEST_STEP][PASSED] - if (sumaD > 30): null

2022-04-04 12:58:58 - [TEST_STEP][PASSED] - else: null

2022-04-04 12:58:58 - [TEST_STEP][PASSED] - sumaD: null

2022-04-04 12:58:58 - [TEST_STEP][PASSED] - Mes: null

2022-04-04 12:58:58 - [TEST_STEP][PASSED] - if (sumaM > 12): null

2022-04-04 12:58:58 - [TEST_STEP][PASSED] - Fechaini = Dia + "/" + MesN + "/" + AñoN: null

2022-04-04 12:58:58 - [TEST_STEP][PASSED] - Fechafin = sumaD + "/" + Mes + "/" + Año: null

2022-04-04 12:58:58 - [TEST_STEP][PASSED] - callTestCase(findTestCase("Utilidades-(atajos_para _tareas)/Modulos/Modulo bienestar-eventos"), [:], STOP_ON_FAILURE): Call Test Case 'Test Cases/Utilidades-(atajos_para _tareas)/Modulos/Modulo bienestar-eventos' successfully

2022-04-04 12:58:58 - [TEST_CASE][PASSED] - Test Cases/Utilidades-(atajos_para _tareas)/Modulos/Modulo bienestar-eventos: Test Cases/Utilidades-(atajos_para _tareas)/Modulos/Modulo bienestar-eventos

2022-04-04 12:58:58 - [TEST_STEP][PASSED] - callTestCase(findTestCase("0.1-Login"), [:], STOP_ON_FAILURE): Call Test Case 'Test Cases/0.1-Login' successfully

2022-04-04 12:58:58 - [TEST_CASE][PASSED] - Test Cases/0.1-Login: Test Cases/0.1-Login

2022-04-04 12:58:58 - [TEST_STEP][PASSED] - openBrowser(""): Browser is opened with url: ''

2022-04-04 12:58:58 - [MESSAGE][WARNING] - A browser is already opened. Closing browser and opening a new one

2022-04-04 12:58:59 - [MESSAGE][INFO] - Starting 'Chrome' driver

2022-04-04 12:58:59 - [MESSAGE][INFO] - Action delay is set to 0 milliseconds

2022-04-04 12:59:00 - [MESSAGE][PASSED] - Browser is opened with url: ''

2022-04-04 12:59:00 - [TEST_STEP][PASSED] - maximizeWindow(): Current window maximized

2022-04-04 12:59:00 - [MESSAGE][PASSED] - Current window maximized

2022-04-04 12:59:00 - [TEST_STEP][PASSED] - i = G_Login: null

2022-04-04 12:59:00 - [TEST_STEP][PASSED] - url = new java.net.URL(i): null

2022-04-04 12:59:00 - [TEST_STEP][PASSED] - println("URL: " + url.toString()): null

2022-04-04 12:59:00 - [TEST_STEP][PASSED] - connection = url.openConnection(): null

2022-04-04 12:59:00 - [TEST_STEP][PASSED] - connection.setRequestMethod("GET"): null

2022-04-04 12:59:00 - [TEST_STEP][PASSED] - connection.setReadTimeout(2 * 1000): null

2022-04-04 12:59:00 - [TEST_STEP][PASSED] - try: null

2022-04-04 12:59:00 - [TEST_STEP][PASSED] - connection.connect(): null

2022-04-04 12:59:00 - [TEST_STEP][PASSED] - flag = connected: null

2022-04-04 12:59:00 - [TEST_STEP][PASSED] - println("Valor_ori: " + flag): null

2022-04-04 12:59:00 - [TEST_STEP][PASSED] - if (flag): null

2022-04-04 12:59:00 - [TEST_STEP][PASSED] - navigateToUrl(i): Navigate to 'http://192.168.2.19:8380/saraweb' successfully

2022-04-04 12:59:01 - [MESSAGE][PASSED] - Navigate to 'http://192.168.2.19:8380/saraweb' successfully

2022-04-04 12:59:01 - [TEST_STEP][PASSED] - a(): null

2022-04-04 12:59:01 - [TEST_STEP][PASSED] - setText(findTestObject("Login/input_USUARIO_loginusuario"), G_Usuario): Text 'saraadmin' is set on object 'Object Repository/Login/input_USUARIO_loginusuario'

2022-04-04 12:59:01 - [MESSAGE][PASSED] - Text 'saraadmin' is set on object 'Object Repository/Login/input_USUARIO_loginusuario'

2022-04-04 12:59:01 - [TEST_STEP][PASSED] - setEncryptedText(findTestObject("Login/input_CLAVE_loginpassword"), "MkG4/TYiCFC3cb2driP7+Q=="): Text ****** has been set on object 'Object Repository/Login/input_CLAVE_loginpassword'

2022-04-04 12:59:02 - [MESSAGE][PASSED] - Text ****** has been set on object 'Object Repository/Login/input_CLAVE_loginpassword'

2022-04-04 12:59:02 - [TEST_STEP][PASSED] - waitForElementClickable(findTestObject("Login/a_Ingresar"), G_TimeOut): Object 'Object Repository/Login/a_Ingresar' is clickable

2022-04-04 12:59:02 - [MESSAGE][PASSED] - Object 'Object Repository/Login/a_Ingresar' is clickable

2022-04-04 12:59:02 - [TEST_STEP][PASSED] - click(findTestObject("Login/a_Ingresar")): Object: 'Object Repository/Login/a_Ingresar' is clicked on

2022-04-04 12:59:03 - [MESSAGE][PASSED] - Object: 'Object Repository/Login/a_Ingresar' is clicked on

2022-04-04 12:59:03 - [TEST_STEP][PASSED] - element = findWebElement(findTestObject("Login/a_Ir"), 30): null

2022-04-04 12:59:04 - [TEST_STEP][PASSED] - executeJavaScript("arguments[0].click()", Arrays.asList(element)): Execute JavaScript 'arguments[0].click()' successfully

2022-04-04 12:59:04 - [MESSAGE][PASSED] - Execute JavaScript 'arguments[0].click()' successfully

2022-04-04 12:59:04 - [MESSAGE][PASSED] - Call Test Case 'Test Cases/0.1-Login' successfully

2022-04-04 12:59:04 - [TEST_STEP][PASSED] - waitForElementClickable(findTestObject("Modulo bienestar-eventos/input_ADMINISTRADOR DEL SISTEMA"), 0): Object 'Object Repository/Modulo bienestar-eventos/input_ADMINISTRADOR DEL SISTEMA' is clickable

2022-04-04 12:59:04 - [MESSAGE][WARNING] - Timeout '0' is invalid. Using default page load timeout: '45'

2022-04-04 12:59:05 - [MESSAGE][PASSED] - Object 'Object Repository/Modulo bienestar-eventos/input_ADMINISTRADOR DEL SISTEMA' is clickable

2022-04-04 12:59:05 - [TEST_STEP][PASSED] - setText(findTestObject("Modulo bienestar-eventos/input_ADMINISTRADOR DEL SISTEMA"), "eventos (bie)"): Text 'eventos (bie)' is set on object 'Object Repository/Modulo bienestar-eventos/input_ADMINISTRADOR DEL SISTEMA'

2022-04-04 12:59:05 - [MESSAGE][PASSED] - Text 'eventos (bie)' is set on object 'Object Repository/Modulo bienestar-eventos/input_ADMINISTRADOR DEL SISTEMA'

2022-04-04 12:59:05 - [TEST_STEP][PASSED] - click(findTestObject("Modulo bienestar-eventos/span_Eventos (bie)")): Object: 'Object Repository/Modulo bienestar-eventos/span_Eventos (bie)' is clicked on

2022-04-04 12:59:07 - [MESSAGE][PASSED] - Object: 'Object Repository/Modulo bienestar-eventos/span_Eventos (bie)' is clicked on

2022-04-04 12:59:07 - [MESSAGE][PASSED] - Call Test Case 'Test Cases/Utilidades-(atajos_para _tareas)/Modulos/Modulo bienestar-eventos' successfully

2022-04-04 12:59:07 - [TEST_STEP][PASSED] - scrollToPosition(0, 100): Browser is scrolled to position x = 0, y = 100

2022-04-04 12:59:07 - [MESSAGE][PASSED] - Browser is scrolled to position x = 0, y = 100

2022-04-04 12:59:07 - [TEST_STEP][PASSED] - waitForElementPresent(findTestObject("M-OBJECTS TAREAS SECUNDARIAS/Pruebas Bienestar/Deducción de costos al plan inversión/td_Prueba-S"), 0): Object 'Object Repository/M-OBJECTS TAREAS SECUNDARIAS/Pruebas Bienestar/Deducción de costos al plan inversión/td_Prueba-S' is present

2022-04-04 12:59:07 - [MESSAGE][WARNING] - Timeout '0' is invalid. Using default page load timeout: '45'

2022-04-04 12:59:08 - [MESSAGE][PASSED] - Object 'Object Repository/M-OBJECTS TAREAS SECUNDARIAS/Pruebas Bienestar/Deducción de costos al plan inversión/td_Prueba-S' is present

2022-04-04 12:59:08 - [TEST_STEP][PASSED] - click(findTestObject("M-OBJECTS TAREAS SECUNDARIAS/Pruebas Bienestar/Deducción de costos al plan inversión/td_Prueba-S")): Object: 'Object Repository/M-OBJECTS TAREAS SECUNDARIAS/Pruebas Bienestar/Deducción de costos al plan inversión/td_Prueba-S' is clicked on

2022-04-04 12:59:08 - [MESSAGE][PASSED] - Object: 'Object Repository/M-OBJECTS TAREAS SECUNDARIAS/Pruebas Bienestar/Deducción de costos al plan inversión/td_Prueba-S' is clicked on

2022-04-04 12:59:08 - [TEST_STEP][PASSED] - click(findTestObject("M-OBJECTS TAREAS SECUNDARIAS/Pruebas Bienestar/Deducción de costos al plan inversión/a_CostoEvento")): Object: 'Object Repository/M-OBJECTS TAREAS SECUNDARIAS/Pruebas Bienestar/Deducción de costos al plan inversión/a_CostoEvento' is clicked on

2022-04-04 12:59:09 - [MESSAGE][PASSED] - Object: 'Object Repository/M-OBJECTS TAREAS SECUNDARIAS/Pruebas Bienestar/Deducción de costos al plan inversión/a_CostoEvento' is clicked on

2022-04-04 12:59:09 - [TEST_STEP][PASSED] - if (waitForElementPresent(findTestObject("M-OBJECTS TAREAS SECUNDARIAS/Pruebas Bienestar/Deducción de costos al plan inversión/td_TEST FB"), 1)): Object 'Object Repository/M-OBJECTS TAREAS SECUNDARIAS/Pruebas Bienestar/Deducción de costos al plan inversión/td_TEST FB' is not present after 1 second(s)

2022-04-04 12:59:11 - [MESSAGE][INFO] - Unable to find the element located by 'By.xpath: (.//*[normalize-space(text()) and normalize-space(.)='SALON 1'])[2]/following::td[4]'. Please recheck the objects properties to make sure the desired element is located. 

2022-04-04 12:59:11 - [MESSAGE][WARNING] - Object 'Object Repository/M-OBJECTS TAREAS SECUNDARIAS/Pruebas Bienestar/Deducción de costos al plan inversión/td_TEST FB' is not present after 1 second(s)

2022-04-04 12:59:11 - [TEST_STEP][PASSED] - selectOptionByIndex(findTestObject("M-OBJECTS TAREAS SECUNDARIAS/Pruebas Bienestar/Deducción de costos al plan inversión/select_-- Seleccione --SALON 1SALON 2SALON 3"), 1): All options with index in [1] are selected on object 'Object Repository/M-OBJECTS TAREAS SECUNDARIAS/Pruebas Bienestar/Deducción de costos al plan inversión/select_-- Seleccione --SALON 1SALON 2SALON 3'

2022-04-04 12:59:12 - [MESSAGE][PASSED] - All options with index in [1] are selected on object 'Object Repository/M-OBJECTS TAREAS SECUNDARIAS/Pruebas Bienestar/Deducción de costos al plan inversión/select_-- Seleccione --SALON 1SALON 2SALON 3'

2022-04-04 12:59:12 - [TEST_STEP][PASSED] - setText(findTestObject("M-OBJECTS TAREAS SECUNDARIAS/Pruebas Bienestar/Deducción de costos al plan inversión/input_Plan de Inversin_form_costoEventolistaCostoEventocENumero"), "5"): Text '5' is set on object 'Object Repository/M-OBJECTS TAREAS SECUNDARIAS/Pruebas Bienestar/Deducción de costos al plan inversión/input_Plan de Inversin_form_costoEventolistaCostoEventocENumero'

2022-04-04 12:59:13 - [MESSAGE][PASSED] - Text '5' is set on object 'Object Repository/M-OBJECTS TAREAS SECUNDARIAS/Pruebas Bienestar/Deducción de costos al plan inversión/input_Plan de Inversin_form_costoEventolistaCostoEventocENumero'

2022-04-04 12:59:13 - [TEST_STEP][PASSED] - setText(findTestObject("M-OBJECTS TAREAS SECUNDARIAS/Pruebas Bienestar/Deducción de costos al plan inversión/input_Plan de Inversin_form_costoEventolistaCostoEventocEFechaPago_input"), Fechaini): Text '4/4/2022' is set on object 'Object Repository/M-OBJECTS TAREAS SECUNDARIAS/Pruebas Bienestar/Deducción de costos al plan inversión/input_Plan de Inversin_form_costoEventolistaCostoEventocEFechaPago_input'

2022-04-04 12:59:14 - [MESSAGE][PASSED] - Text '4/4/2022' is set on object 'Object Repository/M-OBJECTS TAREAS SECUNDARIAS/Pruebas Bienestar/Deducción de costos al plan inversión/input_Plan de Inversin_form_costoEventolistaCostoEventocEFechaPago_input'

2022-04-04 12:59:14 - [TEST_STEP][PASSED] - setText(findTestObject("M-OBJECTS TAREAS SECUNDARIAS/Pruebas Bienestar/Deducción de costos al plan inversión/input_Plan de Inversin_form_costoEventolistaCostoEventocEValor"), "99966"): Text '99966' is set on object 'Object Repository/M-OBJECTS TAREAS SECUNDARIAS/Pruebas Bienestar/Deducción de costos al plan inversión/input_Plan de Inversin_form_costoEventolistaCostoEventocEValor'

2022-04-04 12:59:15 - [MESSAGE][PASSED] - Text '99966' is set on object 'Object Repository/M-OBJECTS TAREAS SECUNDARIAS/Pruebas Bienestar/Deducción de costos al plan inversión/input_Plan de Inversin_form_costoEventolistaCostoEventocEValor'

2022-04-04 12:59:15 - [TEST_STEP][PASSED] - selectOptionByIndex(findTestObject("M-OBJECTS TAREAS SECUNDARIAS/Pruebas Bienestar/Deducción de costos al plan inversión/select_-- Seleccione --Plan CapacitacinSUB PLAN EVENTO BIENESTARTEST FBSub Plan Inversin Alimen 7"), "3"): All options with index in [3] are selected on object 'Object Repository/M-OBJECTS TAREAS SECUNDARIAS/Pruebas Bienestar/Deducción de costos al plan inversión/select_-- Seleccione --Plan CapacitacinSUB PLAN EVENTO BIENESTARTEST FBSub Plan Inversin Alimen 7'

2022-04-04 12:59:16 - [MESSAGE][PASSED] - All options with index in [3] are selected on object 'Object Repository/M-OBJECTS TAREAS SECUNDARIAS/Pruebas Bienestar/Deducción de costos al plan inversión/select_-- Seleccione --Plan CapacitacinSUB PLAN EVENTO BIENESTARTEST FBSub Plan Inversin Alimen 7'

2022-04-04 12:59:16 - [TEST_STEP][PASSED] - click(findTestObject("M-OBJECTS TAREAS SECUNDARIAS/Pruebas Bienestar/Deducción de costos al plan inversión/a_Plan de Inversin_form_costoEventolistaCostoEventoj_idt665")): Object: 'Object Repository/M-OBJECTS TAREAS SECUNDARIAS/Pruebas Bienestar/Deducción de costos al plan inversión/a_Plan de Inversin_form_costoEventolistaCostoEventoj_idt665' is clicked on

2022-04-04 12:59:16 - [MESSAGE][PASSED] - Object: 'Object Repository/M-OBJECTS TAREAS SECUNDARIAS/Pruebas Bienestar/Deducción de costos al plan inversión/a_Plan de Inversin_form_costoEventolistaCostoEventoj_idt665' is clicked on

2022-04-04 12:59:16 - [TEST_STEP][PASSED] - setText(findTestObject("M-OBJECTS TAREAS SECUNDARIAS/Pruebas Bienestar/Deducción de costos al plan inversión/input_Evento Bienestar_form_templatej_idt24_input"), "Plan Inversion Bienestar (bie)"): Text 'Plan Inversion Bienestar (bie)' is set on object 'Object Repository/M-OBJECTS TAREAS SECUNDARIAS/Pruebas Bienestar/Deducción de costos al plan inversión/input_Evento Bienestar_form_templatej_idt24_input'

2022-04-04 12:59:18 - [MESSAGE][PASSED] - Text 'Plan Inversion Bienestar (bie)' is set on object 'Object Repository/M-OBJECTS TAREAS SECUNDARIAS/Pruebas Bienestar/Deducción de costos al plan inversión/input_Evento Bienestar_form_templatej_idt24_input'

2022-04-04 12:59:18 - [TEST_STEP][PASSED] - waitForElementVisible(findTestObject("M-OBJECTS TAREAS SECUNDARIAS/Pruebas Bienestar/Deducción de costos al plan inversión/span_Plan Inversion Bienestar (bie)"), 0): Object 'Object Repository/M-OBJECTS TAREAS SECUNDARIAS/Pruebas Bienestar/Deducción de costos al plan inversión/span_Plan Inversion Bienestar (bie)' is visible

2022-04-04 12:59:18 - [MESSAGE][WARNING] - Timeout '0' is invalid. Using default page load timeout: '45'

2022-04-04 12:59:19 - [MESSAGE][PASSED] - Object 'Object Repository/M-OBJECTS TAREAS SECUNDARIAS/Pruebas Bienestar/Deducción de costos al plan inversión/span_Plan Inversion Bienestar (bie)' is visible

2022-04-04 12:59:19 - [TEST_STEP][PASSED] - click(findTestObject("M-OBJECTS TAREAS SECUNDARIAS/Pruebas Bienestar/Deducción de costos al plan inversión/span_Plan Inversion Bienestar (bie)")): Object: 'Object Repository/M-OBJECTS TAREAS SECUNDARIAS/Pruebas Bienestar/Deducción de costos al plan inversión/span_Plan Inversion Bienestar (bie)' is clicked on

2022-04-04 12:59:20 - [MESSAGE][PASSED] - Object: 'Object Repository/M-OBJECTS TAREAS SECUNDARIAS/Pruebas Bienestar/Deducción de costos al plan inversión/span_Plan Inversion Bienestar (bie)' is clicked on

2022-04-04 12:59:20 - [TEST_STEP][PASSED] - click(findTestObject("M-OBJECTS TAREAS SECUNDARIAS/Pruebas Bienestar/Deducción de costos al plan inversión/a_Sub Plan Inversion")): Object: 'Object Repository/M-OBJECTS TAREAS SECUNDARIAS/Pruebas Bienestar/Deducción de costos al plan inversión/a_Sub Plan Inversion' is clicked on

2022-04-04 12:59:21 - [MESSAGE][PASSED] - Object: 'Object Repository/M-OBJECTS TAREAS SECUNDARIAS/Pruebas Bienestar/Deducción de costos al plan inversión/a_Sub Plan Inversion' is clicked on

2022-04-04 12:59:21 - [TEST_STEP][PASSED] - click(findTestObject("M-OBJECTS TAREAS SECUNDARIAS/Pruebas Bienestar/Deducción de costos al plan inversión/a_Abiertos_form_planDeInversionbienestarj_idt119")): Object: 'Object Repository/M-OBJECTS TAREAS SECUNDARIAS/Pruebas Bienestar/Deducción de costos al plan inversión/a_Abiertos_form_planDeInversionbienestarj_idt119' is clicked on

2022-04-04 12:59:21 - [MESSAGE][PASSED] - Object: 'Object Repository/M-OBJECTS TAREAS SECUNDARIAS/Pruebas Bienestar/Deducción de costos al plan inversión/a_Abiertos_form_planDeInversionbienestarj_idt119' is clicked on

2022-04-04 12:59:21 - [TEST_STEP][PASSED] - click(findTestObject("M-OBJECTS TAREAS SECUNDARIAS/Pruebas Bienestar/Deducción de costos al plan inversión/td_99.966,00")): Object: 'Object Repository/M-OBJECTS TAREAS SECUNDARIAS/Pruebas Bienestar/Deducción de costos al plan inversión/td_99.966,00' is clicked on

2022-04-04 12:59:22 - [MESSAGE][PASSED] - Object: 'Object Repository/M-OBJECTS TAREAS SECUNDARIAS/Pruebas Bienestar/Deducción de costos al plan inversión/td_99.966,00' is clicked on

2022-04-04 12:59:22 - [TEST_STEP][PASSED] - waitForElementVisible(findTestObject("M-OBJECTS TAREAS SECUNDARIAS/Pruebas Bienestar/Deducción de costos al plan inversión/a_Eliminar"), 0): Object 'Object Repository/M-OBJECTS TAREAS SECUNDARIAS/Pruebas Bienestar/Deducción de costos al plan inversión/a_Eliminar' is visible

2022-04-04 12:59:22 - [MESSAGE][WARNING] - Timeout '0' is invalid. Using default page load timeout: '45'

2022-04-04 12:59:23 - [MESSAGE][PASSED] - Object 'Object Repository/M-OBJECTS TAREAS SECUNDARIAS/Pruebas Bienestar/Deducción de costos al plan inversión/a_Eliminar' is visible

2022-04-04 12:59:23 - [TEST_STEP][PASSED] - closeBrowser(): Browser is closed

2022-04-04 12:59:24 - [MESSAGE][PASSED] - Browser is closed]]></system-out>
         <system-err><![CDATA[]]></system-err>
      </testcase>
      <testcase name="Test Cases/1.2-Tareas_Secundarias/3.1-Pruebas_Bienestar/3.2.1 -inscripción_a_un_evento" time="19.45" classname="Test Cases/1.2-Tareas_Secundarias/3.1-Pruebas_Bienestar/3.2.1 -inscripción_a_un_evento" status="PASSED">
         <system-out><![CDATA[2022-04-04 12:59:24 - [TEST_CASE][PASSED] - Test Cases/1.2-Tareas_Secundarias/3.1-Pruebas_Bienestar/3.2.1 -inscripción_a_un_evento: Test Cases/1.2-Tareas_Secundarias/3.1-Pruebas_Bienestar/3.2.1 -inscripción_a_un_evento

2022-04-04 12:59:24 - [TEST_STEP][PASSED] - callTestCase(findTestCase("Utilidades-(atajos_para _tareas)/Modulos/Modulo bienestar-eventos"), [:], STOP_ON_FAILURE): Call Test Case 'Test Cases/Utilidades-(atajos_para _tareas)/Modulos/Modulo bienestar-eventos' successfully

2022-04-04 12:59:24 - [TEST_CASE][PASSED] - Test Cases/Utilidades-(atajos_para _tareas)/Modulos/Modulo bienestar-eventos: Test Cases/Utilidades-(atajos_para _tareas)/Modulos/Modulo bienestar-eventos

2022-04-04 12:59:24 - [TEST_STEP][PASSED] - callTestCase(findTestCase("0.1-Login"), [:], STOP_ON_FAILURE): Call Test Case 'Test Cases/0.1-Login' successfully

2022-04-04 12:59:24 - [TEST_CASE][PASSED] - Test Cases/0.1-Login: Test Cases/0.1-Login

2022-04-04 12:59:24 - [TEST_STEP][PASSED] - openBrowser(""): Browser is opened with url: ''

2022-04-04 12:59:24 - [MESSAGE][INFO] - Starting 'Chrome' driver

2022-04-04 12:59:24 - [MESSAGE][INFO] - Action delay is set to 0 milliseconds

2022-04-04 12:59:25 - [MESSAGE][PASSED] - Browser is opened with url: ''

2022-04-04 12:59:25 - [TEST_STEP][PASSED] - maximizeWindow(): Current window maximized

2022-04-04 12:59:25 - [MESSAGE][PASSED] - Current window maximized

2022-04-04 12:59:25 - [TEST_STEP][PASSED] - i = G_Login: null

2022-04-04 12:59:25 - [TEST_STEP][PASSED] - url = new java.net.URL(i): null

2022-04-04 12:59:25 - [TEST_STEP][PASSED] - println("URL: " + url.toString()): null

2022-04-04 12:59:25 - [TEST_STEP][PASSED] - connection = url.openConnection(): null

2022-04-04 12:59:25 - [TEST_STEP][PASSED] - connection.setRequestMethod("GET"): null

2022-04-04 12:59:25 - [TEST_STEP][PASSED] - connection.setReadTimeout(2 * 1000): null

2022-04-04 12:59:25 - [TEST_STEP][PASSED] - try: null

2022-04-04 12:59:25 - [TEST_STEP][PASSED] - connection.connect(): null

2022-04-04 12:59:25 - [TEST_STEP][PASSED] - flag = connected: null

2022-04-04 12:59:25 - [TEST_STEP][PASSED] - println("Valor_ori: " + flag): null

2022-04-04 12:59:25 - [TEST_STEP][PASSED] - if (flag): null

2022-04-04 12:59:25 - [TEST_STEP][PASSED] - navigateToUrl(i): Navigate to 'http://192.168.2.19:8380/saraweb' successfully

2022-04-04 12:59:26 - [MESSAGE][PASSED] - Navigate to 'http://192.168.2.19:8380/saraweb' successfully

2022-04-04 12:59:26 - [TEST_STEP][PASSED] - a(): null

2022-04-04 12:59:26 - [TEST_STEP][PASSED] - setText(findTestObject("Login/input_USUARIO_loginusuario"), G_Usuario): Text 'saraadmin' is set on object 'Object Repository/Login/input_USUARIO_loginusuario'

2022-04-04 12:59:27 - [MESSAGE][PASSED] - Text 'saraadmin' is set on object 'Object Repository/Login/input_USUARIO_loginusuario'

2022-04-04 12:59:27 - [TEST_STEP][PASSED] - setEncryptedText(findTestObject("Login/input_CLAVE_loginpassword"), "MkG4/TYiCFC3cb2driP7+Q=="): Text ****** has been set on object 'Object Repository/Login/input_CLAVE_loginpassword'

2022-04-04 12:59:27 - [MESSAGE][PASSED] - Text ****** has been set on object 'Object Repository/Login/input_CLAVE_loginpassword'

2022-04-04 12:59:27 - [TEST_STEP][PASSED] - waitForElementClickable(findTestObject("Login/a_Ingresar"), G_TimeOut): Object 'Object Repository/Login/a_Ingresar' is clickable

2022-04-04 12:59:28 - [MESSAGE][PASSED] - Object 'Object Repository/Login/a_Ingresar' is clickable

2022-04-04 12:59:28 - [TEST_STEP][PASSED] - click(findTestObject("Login/a_Ingresar")): Object: 'Object Repository/Login/a_Ingresar' is clicked on

2022-04-04 12:59:29 - [MESSAGE][PASSED] - Object: 'Object Repository/Login/a_Ingresar' is clicked on

2022-04-04 12:59:29 - [TEST_STEP][PASSED] - element = findWebElement(findTestObject("Login/a_Ir"), 30): null

2022-04-04 12:59:29 - [TEST_STEP][PASSED] - executeJavaScript("arguments[0].click()", Arrays.asList(element)): Execute JavaScript 'arguments[0].click()' successfully

2022-04-04 12:59:29 - [MESSAGE][PASSED] - Execute JavaScript 'arguments[0].click()' successfully

2022-04-04 12:59:29 - [MESSAGE][PASSED] - Call Test Case 'Test Cases/0.1-Login' successfully

2022-04-04 12:59:29 - [TEST_STEP][PASSED] - waitForElementClickable(findTestObject("Modulo bienestar-eventos/input_ADMINISTRADOR DEL SISTEMA"), 0): Object 'Object Repository/Modulo bienestar-eventos/input_ADMINISTRADOR DEL SISTEMA' is clickable

2022-04-04 12:59:29 - [MESSAGE][WARNING] - Timeout '0' is invalid. Using default page load timeout: '45'

2022-04-04 12:59:30 - [MESSAGE][PASSED] - Object 'Object Repository/Modulo bienestar-eventos/input_ADMINISTRADOR DEL SISTEMA' is clickable

2022-04-04 12:59:30 - [TEST_STEP][PASSED] - setText(findTestObject("Modulo bienestar-eventos/input_ADMINISTRADOR DEL SISTEMA"), "eventos (bie)"): Text 'eventos (bie)' is set on object 'Object Repository/Modulo bienestar-eventos/input_ADMINISTRADOR DEL SISTEMA'

2022-04-04 12:59:31 - [MESSAGE][PASSED] - Text 'eventos (bie)' is set on object 'Object Repository/Modulo bienestar-eventos/input_ADMINISTRADOR DEL SISTEMA'

2022-04-04 12:59:31 - [TEST_STEP][PASSED] - click(findTestObject("Modulo bienestar-eventos/span_Eventos (bie)")): Object: 'Object Repository/Modulo bienestar-eventos/span_Eventos (bie)' is clicked on

2022-04-04 12:59:32 - [MESSAGE][PASSED] - Object: 'Object Repository/Modulo bienestar-eventos/span_Eventos (bie)' is clicked on

2022-04-04 12:59:32 - [MESSAGE][PASSED] - Call Test Case 'Test Cases/Utilidades-(atajos_para _tareas)/Modulos/Modulo bienestar-eventos' successfully

2022-04-04 12:59:32 - [TEST_STEP][PASSED] - setText(findTestObject("M-OBJECTS TAREAS SECUNDARIAS/Pruebas Bienestar/Inscripción_a_un_evento/input_No search results are available_form_templatej_idt24_input"), "Inscripcion evento (bie)"): Text 'Inscripcion evento (bie)' is set on object 'Object Repository/M-OBJECTS TAREAS SECUNDARIAS/Pruebas Bienestar/Inscripción_a_un_evento/input_No search results are available_form_templatej_idt24_input'

2022-04-04 12:59:34 - [MESSAGE][PASSED] - Text 'Inscripcion evento (bie)' is set on object 'Object Repository/M-OBJECTS TAREAS SECUNDARIAS/Pruebas Bienestar/Inscripción_a_un_evento/input_No search results are available_form_templatej_idt24_input'

2022-04-04 12:59:34 - [TEST_STEP][PASSED] - click(findTestObject("M-OBJECTS TAREAS SECUNDARIAS/Pruebas Bienestar/Inscripción_a_un_evento/li_Inscripcion Evento (bie)")): Object: 'Object Repository/M-OBJECTS TAREAS SECUNDARIAS/Pruebas Bienestar/Inscripción_a_un_evento/li_Inscripcion Evento (bie)' is clicked on

2022-04-04 12:59:35 - [MESSAGE][PASSED] - Object: 'Object Repository/M-OBJECTS TAREAS SECUNDARIAS/Pruebas Bienestar/Inscripción_a_un_evento/li_Inscripcion Evento (bie)' is clicked on

2022-04-04 12:59:35 - [TEST_STEP][PASSED] - click(findTestObject("M-OBJECTS TAREAS SECUNDARIAS/Pruebas Bienestar/Inscripción_a_un_evento/a_Inscripcin")): Object: 'Object Repository/M-OBJECTS TAREAS SECUNDARIAS/Pruebas Bienestar/Inscripción_a_un_evento/a_Inscripcin' is clicked on

2022-04-04 12:59:37 - [MESSAGE][PASSED] - Object: 'Object Repository/M-OBJECTS TAREAS SECUNDARIAS/Pruebas Bienestar/Inscripción_a_un_evento/a_Inscripcin' is clicked on

2022-04-04 12:59:37 - [TEST_STEP][PASSED] - click(findTestObject("M-OBJECTS TAREAS SECUNDARIAS/Pruebas Bienestar/Inscripción_a_un_evento/a_Nombre_formListadoEventosj_idt185")): Object: 'Object Repository/M-OBJECTS TAREAS SECUNDARIAS/Pruebas Bienestar/Inscripción_a_un_evento/a_Nombre_formListadoEventosj_idt185' is clicked on

2022-04-04 12:59:37 - [MESSAGE][PASSED] - Object: 'Object Repository/M-OBJECTS TAREAS SECUNDARIAS/Pruebas Bienestar/Inscripción_a_un_evento/a_Nombre_formListadoEventosj_idt185' is clicked on

2022-04-04 12:59:37 - [TEST_STEP][PASSED] - click(findTestObject("M-OBJECTS TAREAS SECUNDARIAS/Pruebas Bienestar/Inscripción_a_un_evento/td_")): Object: 'Object Repository/M-OBJECTS TAREAS SECUNDARIAS/Pruebas Bienestar/Inscripción_a_un_evento/td_' is clicked on

2022-04-04 12:59:38 - [MESSAGE][PASSED] - Object: 'Object Repository/M-OBJECTS TAREAS SECUNDARIAS/Pruebas Bienestar/Inscripción_a_un_evento/td_' is clicked on

2022-04-04 12:59:38 - [TEST_STEP][PASSED] - selectOptionByIndex(findTestObject("M-OBJECTS TAREAS SECUNDARIAS/Pruebas Bienestar/Inscripción_a_un_evento/select_-- Seleccione --prueba-S-SH"), 1): All options with index in [1] are selected on object 'Object Repository/M-OBJECTS TAREAS SECUNDARIAS/Pruebas Bienestar/Inscripción_a_un_evento/select_-- Seleccione --prueba-S-SH'

2022-04-04 12:59:40 - [MESSAGE][PASSED] - All options with index in [1] are selected on object 'Object Repository/M-OBJECTS TAREAS SECUNDARIAS/Pruebas Bienestar/Inscripción_a_un_evento/select_-- Seleccione --prueba-S-SH'

2022-04-04 12:59:40 - [TEST_STEP][PASSED] - setText(findTestObject("M-OBJECTS TAREAS SECUNDARIAS/Pruebas Bienestar/Inscripción_a_un_evento/input_Referencia Pago_formListadoEventospIReferencia"), "5"): Text '5' is set on object 'Object Repository/M-OBJECTS TAREAS SECUNDARIAS/Pruebas Bienestar/Inscripción_a_un_evento/input_Referencia Pago_formListadoEventospIReferencia'

2022-04-04 12:59:40 - [MESSAGE][PASSED] - Text '5' is set on object 'Object Repository/M-OBJECTS TAREAS SECUNDARIAS/Pruebas Bienestar/Inscripción_a_un_evento/input_Referencia Pago_formListadoEventospIReferencia'

2022-04-04 12:59:40 - [TEST_STEP][PASSED] - setText(findTestObject("M-OBJECTS TAREAS SECUNDARIAS/Pruebas Bienestar/Inscripción_a_un_evento/input_Valor Persona A Pagar_formListadoEventospIValor"), "100"): Text '100' is set on object 'Object Repository/M-OBJECTS TAREAS SECUNDARIAS/Pruebas Bienestar/Inscripción_a_un_evento/input_Valor Persona A Pagar_formListadoEventospIValor'

2022-04-04 12:59:41 - [MESSAGE][PASSED] - Text '100' is set on object 'Object Repository/M-OBJECTS TAREAS SECUNDARIAS/Pruebas Bienestar/Inscripción_a_un_evento/input_Valor Persona A Pagar_formListadoEventospIValor'

2022-04-04 12:59:41 - [TEST_STEP][PASSED] - setText(findTestObject("M-OBJECTS TAREAS SECUNDARIAS/Pruebas Bienestar/Inscripción_a_un_evento/input_Posicin_formListadoEventospIPosicion"), "5"): Text '5' is set on object 'Object Repository/M-OBJECTS TAREAS SECUNDARIAS/Pruebas Bienestar/Inscripción_a_un_evento/input_Posicin_formListadoEventospIPosicion'

2022-04-04 12:59:42 - [MESSAGE][PASSED] - Text '5' is set on object 'Object Repository/M-OBJECTS TAREAS SECUNDARIAS/Pruebas Bienestar/Inscripción_a_un_evento/input_Posicin_formListadoEventospIPosicion'

2022-04-04 12:59:42 - [TEST_STEP][PASSED] - element = findWebElement(findTestObject("M-OBJECTS TAREAS SECUNDARIAS/Pruebas Bienestar/Inscripción_a_un_evento/a_Guardar"), 30): null

2022-04-04 12:59:42 - [TEST_STEP][PASSED] - executeJavaScript("arguments[0].click()", Arrays.asList(element)): Execute JavaScript 'arguments[0].click()' successfully

2022-04-04 12:59:42 - [MESSAGE][PASSED] - Execute JavaScript 'arguments[0].click()' successfully

2022-04-04 12:59:42 - [TEST_STEP][PASSED] - closeBrowser(): Browser is closed

2022-04-04 12:59:43 - [MESSAGE][PASSED] - Browser is closed]]></system-out>
         <system-err><![CDATA[]]></system-err>
      </testcase>
      <testcase name="Test Cases/1.2-Tareas_Secundarias/3.1-Pruebas_Bienestar/3.2.2-Invitación" time="20.919" classname="Test Cases/1.2-Tareas_Secundarias/3.1-Pruebas_Bienestar/3.2.2-Invitación" status="PASSED">
         <system-out><![CDATA[2022-04-04 12:59:43 - [TEST_CASE][PASSED] - Test Cases/1.2-Tareas_Secundarias/3.1-Pruebas_Bienestar/3.2.2-Invitación: Test Cases/1.2-Tareas_Secundarias/3.1-Pruebas_Bienestar/3.2.2-Invitación

2022-04-04 12:59:43 - [TEST_STEP][PASSED] - callTestCase(findTestCase("Utilidades-(atajos_para _tareas)/Modulos/Modulo bienestar-eventos"), [:], STOP_ON_FAILURE): Call Test Case 'Test Cases/Utilidades-(atajos_para _tareas)/Modulos/Modulo bienestar-eventos' successfully

2022-04-04 12:59:44 - [TEST_CASE][PASSED] - Test Cases/Utilidades-(atajos_para _tareas)/Modulos/Modulo bienestar-eventos: Test Cases/Utilidades-(atajos_para _tareas)/Modulos/Modulo bienestar-eventos

2022-04-04 12:59:44 - [TEST_STEP][PASSED] - callTestCase(findTestCase("0.1-Login"), [:], STOP_ON_FAILURE): Call Test Case 'Test Cases/0.1-Login' successfully

2022-04-04 12:59:44 - [TEST_CASE][PASSED] - Test Cases/0.1-Login: Test Cases/0.1-Login

2022-04-04 12:59:44 - [TEST_STEP][PASSED] - openBrowser(""): Browser is opened with url: ''

2022-04-04 12:59:44 - [MESSAGE][INFO] - Starting 'Chrome' driver

2022-04-04 12:59:44 - [MESSAGE][INFO] - Action delay is set to 0 milliseconds

2022-04-04 12:59:45 - [MESSAGE][PASSED] - Browser is opened with url: ''

2022-04-04 12:59:45 - [TEST_STEP][PASSED] - maximizeWindow(): Current window maximized

2022-04-04 12:59:45 - [MESSAGE][PASSED] - Current window maximized

2022-04-04 12:59:45 - [TEST_STEP][PASSED] - i = G_Login: null

2022-04-04 12:59:45 - [TEST_STEP][PASSED] - url = new java.net.URL(i): null

2022-04-04 12:59:45 - [TEST_STEP][PASSED] - println("URL: " + url.toString()): null

2022-04-04 12:59:45 - [TEST_STEP][PASSED] - connection = url.openConnection(): null

2022-04-04 12:59:45 - [TEST_STEP][PASSED] - connection.setRequestMethod("GET"): null

2022-04-04 12:59:45 - [TEST_STEP][PASSED] - connection.setReadTimeout(2 * 1000): null

2022-04-04 12:59:45 - [TEST_STEP][PASSED] - try: null

2022-04-04 12:59:45 - [TEST_STEP][PASSED] - connection.connect(): null

2022-04-04 12:59:45 - [TEST_STEP][PASSED] - flag = connected: null

2022-04-04 12:59:45 - [TEST_STEP][PASSED] - println("Valor_ori: " + flag): null

2022-04-04 12:59:45 - [TEST_STEP][PASSED] - if (flag): null

2022-04-04 12:59:45 - [TEST_STEP][PASSED] - navigateToUrl(i): Navigate to 'http://192.168.2.19:8380/saraweb' successfully

2022-04-04 12:59:45 - [MESSAGE][PASSED] - Navigate to 'http://192.168.2.19:8380/saraweb' successfully

2022-04-04 12:59:45 - [TEST_STEP][PASSED] - a(): null

2022-04-04 12:59:45 - [TEST_STEP][PASSED] - setText(findTestObject("Login/input_USUARIO_loginusuario"), G_Usuario): Text 'saraadmin' is set on object 'Object Repository/Login/input_USUARIO_loginusuario'

2022-04-04 12:59:46 - [MESSAGE][PASSED] - Text 'saraadmin' is set on object 'Object Repository/Login/input_USUARIO_loginusuario'

2022-04-04 12:59:46 - [TEST_STEP][PASSED] - setEncryptedText(findTestObject("Login/input_CLAVE_loginpassword"), "MkG4/TYiCFC3cb2driP7+Q=="): Text ****** has been set on object 'Object Repository/Login/input_CLAVE_loginpassword'

2022-04-04 12:59:47 - [MESSAGE][PASSED] - Text ****** has been set on object 'Object Repository/Login/input_CLAVE_loginpassword'

2022-04-04 12:59:47 - [TEST_STEP][PASSED] - waitForElementClickable(findTestObject("Login/a_Ingresar"), G_TimeOut): Object 'Object Repository/Login/a_Ingresar' is clickable

2022-04-04 12:59:47 - [MESSAGE][PASSED] - Object 'Object Repository/Login/a_Ingresar' is clickable

2022-04-04 12:59:47 - [TEST_STEP][PASSED] - click(findTestObject("Login/a_Ingresar")): Object: 'Object Repository/Login/a_Ingresar' is clicked on

2022-04-04 12:59:48 - [MESSAGE][PASSED] - Object: 'Object Repository/Login/a_Ingresar' is clicked on

2022-04-04 12:59:48 - [TEST_STEP][PASSED] - element = findWebElement(findTestObject("Login/a_Ir"), 30): null

2022-04-04 12:59:49 - [TEST_STEP][PASSED] - executeJavaScript("arguments[0].click()", Arrays.asList(element)): Execute JavaScript 'arguments[0].click()' successfully

2022-04-04 12:59:49 - [MESSAGE][PASSED] - Execute JavaScript 'arguments[0].click()' successfully

2022-04-04 12:59:49 - [MESSAGE][PASSED] - Call Test Case 'Test Cases/0.1-Login' successfully

2022-04-04 12:59:49 - [TEST_STEP][PASSED] - waitForElementClickable(findTestObject("Modulo bienestar-eventos/input_ADMINISTRADOR DEL SISTEMA"), 0): Object 'Object Repository/Modulo bienestar-eventos/input_ADMINISTRADOR DEL SISTEMA' is clickable

2022-04-04 12:59:49 - [MESSAGE][WARNING] - Timeout '0' is invalid. Using default page load timeout: '45'

2022-04-04 12:59:49 - [MESSAGE][PASSED] - Object 'Object Repository/Modulo bienestar-eventos/input_ADMINISTRADOR DEL SISTEMA' is clickable

2022-04-04 12:59:49 - [TEST_STEP][PASSED] - setText(findTestObject("Modulo bienestar-eventos/input_ADMINISTRADOR DEL SISTEMA"), "eventos (bie)"): Text 'eventos (bie)' is set on object 'Object Repository/Modulo bienestar-eventos/input_ADMINISTRADOR DEL SISTEMA'

2022-04-04 12:59:50 - [MESSAGE][PASSED] - Text 'eventos (bie)' is set on object 'Object Repository/Modulo bienestar-eventos/input_ADMINISTRADOR DEL SISTEMA'

2022-04-04 12:59:50 - [TEST_STEP][PASSED] - click(findTestObject("Modulo bienestar-eventos/span_Eventos (bie)")): Object: 'Object Repository/Modulo bienestar-eventos/span_Eventos (bie)' is clicked on

2022-04-04 12:59:52 - [MESSAGE][PASSED] - Object: 'Object Repository/Modulo bienestar-eventos/span_Eventos (bie)' is clicked on

2022-04-04 12:59:52 - [MESSAGE][PASSED] - Call Test Case 'Test Cases/Utilidades-(atajos_para _tareas)/Modulos/Modulo bienestar-eventos' successfully

2022-04-04 12:59:52 - [TEST_STEP][PASSED] - waitForElementClickable(findTestObject("M-OBJECTS TAREAS SECUNDARIAS/Pruebas Bienestar/Invitación/td_Prueba-S-SH"), 0): Object 'Object Repository/M-OBJECTS TAREAS SECUNDARIAS/Pruebas Bienestar/Invitación/td_Prueba-S-SH' is clickable

2022-04-04 12:59:52 - [MESSAGE][WARNING] - Timeout '0' is invalid. Using default page load timeout: '45'

2022-04-04 12:59:52 - [MESSAGE][PASSED] - Object 'Object Repository/M-OBJECTS TAREAS SECUNDARIAS/Pruebas Bienestar/Invitación/td_Prueba-S-SH' is clickable

2022-04-04 12:59:52 - [TEST_STEP][PASSED] - click(findTestObject("M-OBJECTS TAREAS SECUNDARIAS/Pruebas Bienestar/Invitación/td_Prueba-S-SH")): Object: 'Object Repository/M-OBJECTS TAREAS SECUNDARIAS/Pruebas Bienestar/Invitación/td_Prueba-S-SH' is clicked on

2022-04-04 12:59:53 - [MESSAGE][PASSED] - Object: 'Object Repository/M-OBJECTS TAREAS SECUNDARIAS/Pruebas Bienestar/Invitación/td_Prueba-S-SH' is clicked on

2022-04-04 12:59:53 - [TEST_STEP][PASSED] - click(findTestObject("M-OBJECTS TAREAS SECUNDARIAS/Pruebas Bienestar/Invitación/div_Participante")): Object: 'Object Repository/M-OBJECTS TAREAS SECUNDARIAS/Pruebas Bienestar/Invitación/div_Participante' is clicked on

2022-04-04 12:59:54 - [MESSAGE][PASSED] - Object: 'Object Repository/M-OBJECTS TAREAS SECUNDARIAS/Pruebas Bienestar/Invitación/div_Participante' is clicked on

2022-04-04 12:59:54 - [TEST_STEP][PASSED] - click(findTestObject("M-OBJECTS TAREAS SECUNDARIAS/Pruebas Bienestar/Invitación/a_Invitacin")): Object: 'Object Repository/M-OBJECTS TAREAS SECUNDARIAS/Pruebas Bienestar/Invitación/a_Invitacin' is clicked on

2022-04-04 12:59:54 - [MESSAGE][PASSED] - Object: 'Object Repository/M-OBJECTS TAREAS SECUNDARIAS/Pruebas Bienestar/Invitación/a_Invitacin' is clicked on

2022-04-04 12:59:54 - [TEST_STEP][PASSED] - selectOptionByIndex(findTestObject("M-OBJECTS TAREAS SECUNDARIAS/Pruebas Bienestar/Invitación/select_SeleccioneCALIDADMENSUAL ABCMODELO EMPRESA QUINCENALPANSIONADOSPENSIONADOS BASEPRUEBAS"), "1"): All options with index in [1] are selected on object 'Object Repository/M-OBJECTS TAREAS SECUNDARIAS/Pruebas Bienestar/Invitación/select_SeleccioneCALIDADMENSUAL ABCMODELO EMPRESA QUINCENALPANSIONADOSPENSIONADOS BASEPRUEBAS'

2022-04-04 12:59:56 - [MESSAGE][PASSED] - All options with index in [1] are selected on object 'Object Repository/M-OBJECTS TAREAS SECUNDARIAS/Pruebas Bienestar/Invitación/select_SeleccioneCALIDADMENSUAL ABCMODELO EMPRESA QUINCENALPANSIONADOSPENSIONADOS BASEPRUEBAS'

2022-04-04 12:59:56 - [TEST_STEP][PASSED] - click(findTestObject("M-OBJECTS TAREAS SECUNDARIAS/Pruebas Bienestar/Invitación/a_Unidad_invitacionEventosPopupFormj_idt1309")): Object: 'Object Repository/M-OBJECTS TAREAS SECUNDARIAS/Pruebas Bienestar/Invitación/a_Unidad_invitacionEventosPopupFormj_idt1309' is clicked on

2022-04-04 12:59:57 - [MESSAGE][PASSED] - Object: 'Object Repository/M-OBJECTS TAREAS SECUNDARIAS/Pruebas Bienestar/Invitación/a_Unidad_invitacionEventosPopupFormj_idt1309' is clicked on

2022-04-04 12:59:57 - [TEST_STEP][PASSED] - click(findTestObject("M-OBJECTS TAREAS SECUNDARIAS/Pruebas Bienestar/Invitación/a_Filtrar")): Object: 'Object Repository/M-OBJECTS TAREAS SECUNDARIAS/Pruebas Bienestar/Invitación/a_Filtrar' is clicked on

2022-04-04 12:59:57 - [MESSAGE][PASSED] - Object: 'Object Repository/M-OBJECTS TAREAS SECUNDARIAS/Pruebas Bienestar/Invitación/a_Filtrar' is clicked on

2022-04-04 12:59:57 - [TEST_STEP][PASSED] - check(findTestObject("M-OBJECTS TAREAS SECUNDARIAS/Pruebas Bienestar/Invitación/div_Cargo_ui-chkbox-box ui-widget ui-corner-all ui-state-default ui-state-hover")): Object 'Object Repository/M-OBJECTS TAREAS SECUNDARIAS/Pruebas Bienestar/Invitación/div_Cargo_ui-chkbox-box ui-widget ui-corner-all ui-state-default ui-state-hover' is checked

2022-04-04 12:59:58 - [MESSAGE][PASSED] - Object 'Object Repository/M-OBJECTS TAREAS SECUNDARIAS/Pruebas Bienestar/Invitación/div_Cargo_ui-chkbox-box ui-widget ui-corner-all ui-state-default ui-state-hover' is checked

2022-04-04 12:59:58 - [TEST_STEP][PASSED] - element = findWebElement(findTestObject("M-OBJECTS TAREAS SECUNDARIAS/Pruebas Bienestar/Invitación/a_Invitacin_boton"), 30): null

2022-04-04 12:59:59 - [TEST_STEP][PASSED] - executeJavaScript("arguments[0].click()", Arrays.asList(element)): Execute JavaScript 'arguments[0].click()' successfully

2022-04-04 12:59:59 - [MESSAGE][PASSED] - Execute JavaScript 'arguments[0].click()' successfully

2022-04-04 12:59:59 - [TEST_STEP][PASSED] - click(findTestObject("M-OBJECTS TAREAS SECUNDARIAS/Pruebas Bienestar/Invitación/a_Invitacin")): Object: 'Object Repository/M-OBJECTS TAREAS SECUNDARIAS/Pruebas Bienestar/Invitación/a_Invitacin' is clicked on

2022-04-04 12:59:59 - [MESSAGE][PASSED] - Object: 'Object Repository/M-OBJECTS TAREAS SECUNDARIAS/Pruebas Bienestar/Invitación/a_Invitacin' is clicked on

2022-04-04 12:59:59 - [TEST_STEP][PASSED] - selectOptionByIndex(findTestObject("M-OBJECTS TAREAS SECUNDARIAS/Pruebas Bienestar/Invitación/select_SeleccioneCALIDADMENSUAL ABCMODELO EMPRESA QUINCENALPANSIONADOSPENSIONADOS BASEPRUEBAS"), "1"): All options with index in [1] are selected on object 'Object Repository/M-OBJECTS TAREAS SECUNDARIAS/Pruebas Bienestar/Invitación/select_SeleccioneCALIDADMENSUAL ABCMODELO EMPRESA QUINCENALPANSIONADOSPENSIONADOS BASEPRUEBAS'

2022-04-04 13:00:01 - [MESSAGE][PASSED] - All options with index in [1] are selected on object 'Object Repository/M-OBJECTS TAREAS SECUNDARIAS/Pruebas Bienestar/Invitación/select_SeleccioneCALIDADMENSUAL ABCMODELO EMPRESA QUINCENALPANSIONADOSPENSIONADOS BASEPRUEBAS'

2022-04-04 13:00:01 - [TEST_STEP][PASSED] - click(findTestObject("M-OBJECTS TAREAS SECUNDARIAS/Pruebas Bienestar/Invitación/a_Filtrar")): Object: 'Object Repository/M-OBJECTS TAREAS SECUNDARIAS/Pruebas Bienestar/Invitación/a_Filtrar' is clicked on

2022-04-04 13:00:01 - [MESSAGE][PASSED] - Object: 'Object Repository/M-OBJECTS TAREAS SECUNDARIAS/Pruebas Bienestar/Invitación/a_Filtrar' is clicked on

2022-04-04 13:00:01 - [TEST_STEP][PASSED] - click(findTestObject("M-OBJECTS TAREAS SECUNDARIAS/Pruebas Bienestar/Invitación/span_ui-button")): Object: 'Object Repository/M-OBJECTS TAREAS SECUNDARIAS/Pruebas Bienestar/Invitación/span_ui-button' is clicked on

2022-04-04 13:00:02 - [MESSAGE][PASSED] - Object: 'Object Repository/M-OBJECTS TAREAS SECUNDARIAS/Pruebas Bienestar/Invitación/span_ui-button' is clicked on

2022-04-04 13:00:02 - [TEST_STEP][PASSED] - click(findTestObject("M-OBJECTS TAREAS SECUNDARIAS/Pruebas Bienestar/Invitación/span_Todo")): Object: 'Object Repository/M-OBJECTS TAREAS SECUNDARIAS/Pruebas Bienestar/Invitación/span_Todo' is clicked on

2022-04-04 13:00:03 - [MESSAGE][PASSED] - Object: 'Object Repository/M-OBJECTS TAREAS SECUNDARIAS/Pruebas Bienestar/Invitación/span_Todo' is clicked on

2022-04-04 13:00:03 - [TEST_STEP][PASSED] - element1 = findWebElement(findTestObject("M-OBJECTS TAREAS SECUNDARIAS/Pruebas Bienestar/Invitación/a_Invitacin_boton"), 30): null

2022-04-04 13:00:03 - [TEST_STEP][PASSED] - executeJavaScript("arguments[0].click()", Arrays.asList(element1)): Execute JavaScript 'arguments[0].click()' successfully

2022-04-04 13:00:03 - [MESSAGE][PASSED] - Execute JavaScript 'arguments[0].click()' successfully

2022-04-04 13:00:03 - [TEST_STEP][PASSED] - closeBrowser(): Browser is closed

2022-04-04 13:00:04 - [MESSAGE][PASSED] - Browser is closed]]></system-out>
         <system-err><![CDATA[]]></system-err>
      </testcase>
      <testcase name="Test Cases/1.2-Tareas_Secundarias/3.1-Pruebas_Bienestar/3.2.3-Inscripción_masiva" time="22.72" classname="Test Cases/1.2-Tareas_Secundarias/3.1-Pruebas_Bienestar/3.2.3-Inscripción_masiva" status="PASSED">
         <system-out><![CDATA[2022-04-04 13:00:04 - [TEST_CASE][PASSED] - Test Cases/1.2-Tareas_Secundarias/3.1-Pruebas_Bienestar/3.2.3-Inscripción_masiva: Test Cases/1.2-Tareas_Secundarias/3.1-Pruebas_Bienestar/3.2.3-Inscripción_masiva

2022-04-04 13:00:04 - [TEST_STEP][PASSED] - callTestCase(findTestCase("Utilidades-(atajos_para _tareas)/Modulos/Modulo bienestar-eventos"), [:], STOP_ON_FAILURE): Call Test Case 'Test Cases/Utilidades-(atajos_para _tareas)/Modulos/Modulo bienestar-eventos' successfully

2022-04-04 13:00:04 - [TEST_CASE][PASSED] - Test Cases/Utilidades-(atajos_para _tareas)/Modulos/Modulo bienestar-eventos: Test Cases/Utilidades-(atajos_para _tareas)/Modulos/Modulo bienestar-eventos

2022-04-04 13:00:04 - [TEST_STEP][PASSED] - callTestCase(findTestCase("0.1-Login"), [:], STOP_ON_FAILURE): Call Test Case 'Test Cases/0.1-Login' successfully

2022-04-04 13:00:05 - [TEST_CASE][PASSED] - Test Cases/0.1-Login: Test Cases/0.1-Login

2022-04-04 13:00:05 - [TEST_STEP][PASSED] - openBrowser(""): Browser is opened with url: ''

2022-04-04 13:00:05 - [MESSAGE][INFO] - Starting 'Chrome' driver

2022-04-04 13:00:05 - [MESSAGE][INFO] - Action delay is set to 0 milliseconds

2022-04-04 13:00:06 - [MESSAGE][PASSED] - Browser is opened with url: ''

2022-04-04 13:00:06 - [TEST_STEP][PASSED] - maximizeWindow(): Current window maximized

2022-04-04 13:00:06 - [MESSAGE][PASSED] - Current window maximized

2022-04-04 13:00:06 - [TEST_STEP][PASSED] - i = G_Login: null

2022-04-04 13:00:06 - [TEST_STEP][PASSED] - url = new java.net.URL(i): null

2022-04-04 13:00:06 - [TEST_STEP][PASSED] - println("URL: " + url.toString()): null

2022-04-04 13:00:06 - [TEST_STEP][PASSED] - connection = url.openConnection(): null

2022-04-04 13:00:06 - [TEST_STEP][PASSED] - connection.setRequestMethod("GET"): null

2022-04-04 13:00:06 - [TEST_STEP][PASSED] - connection.setReadTimeout(2 * 1000): null

2022-04-04 13:00:06 - [TEST_STEP][PASSED] - try: null

2022-04-04 13:00:06 - [TEST_STEP][PASSED] - connection.connect(): null

2022-04-04 13:00:06 - [TEST_STEP][PASSED] - flag = connected: null

2022-04-04 13:00:06 - [TEST_STEP][PASSED] - println("Valor_ori: " + flag): null

2022-04-04 13:00:06 - [TEST_STEP][PASSED] - if (flag): null

2022-04-04 13:00:06 - [TEST_STEP][PASSED] - navigateToUrl(i): Navigate to 'http://192.168.2.19:8380/saraweb' successfully

2022-04-04 13:00:06 - [MESSAGE][PASSED] - Navigate to 'http://192.168.2.19:8380/saraweb' successfully

2022-04-04 13:00:06 - [TEST_STEP][PASSED] - a(): null

2022-04-04 13:00:06 - [TEST_STEP][PASSED] - setText(findTestObject("Login/input_USUARIO_loginusuario"), G_Usuario): Text 'saraadmin' is set on object 'Object Repository/Login/input_USUARIO_loginusuario'

2022-04-04 13:00:07 - [MESSAGE][PASSED] - Text 'saraadmin' is set on object 'Object Repository/Login/input_USUARIO_loginusuario'

2022-04-04 13:00:07 - [TEST_STEP][PASSED] - setEncryptedText(findTestObject("Login/input_CLAVE_loginpassword"), "MkG4/TYiCFC3cb2driP7+Q=="): Text ****** has been set on object 'Object Repository/Login/input_CLAVE_loginpassword'

2022-04-04 13:00:08 - [MESSAGE][PASSED] - Text ****** has been set on object 'Object Repository/Login/input_CLAVE_loginpassword'

2022-04-04 13:00:08 - [TEST_STEP][PASSED] - waitForElementClickable(findTestObject("Login/a_Ingresar"), G_TimeOut): Object 'Object Repository/Login/a_Ingresar' is clickable

2022-04-04 13:00:08 - [MESSAGE][PASSED] - Object 'Object Repository/Login/a_Ingresar' is clickable

2022-04-04 13:00:08 - [TEST_STEP][PASSED] - click(findTestObject("Login/a_Ingresar")): Object: 'Object Repository/Login/a_Ingresar' is clicked on

2022-04-04 13:00:09 - [MESSAGE][PASSED] - Object: 'Object Repository/Login/a_Ingresar' is clicked on

2022-04-04 13:00:09 - [TEST_STEP][PASSED] - element = findWebElement(findTestObject("Login/a_Ir"), 30): null

2022-04-04 13:00:09 - [TEST_STEP][PASSED] - executeJavaScript("arguments[0].click()", Arrays.asList(element)): Execute JavaScript 'arguments[0].click()' successfully

2022-04-04 13:00:09 - [MESSAGE][PASSED] - Execute JavaScript 'arguments[0].click()' successfully

2022-04-04 13:00:09 - [MESSAGE][PASSED] - Call Test Case 'Test Cases/0.1-Login' successfully

2022-04-04 13:00:09 - [TEST_STEP][PASSED] - waitForElementClickable(findTestObject("Modulo bienestar-eventos/input_ADMINISTRADOR DEL SISTEMA"), 0): Object 'Object Repository/Modulo bienestar-eventos/input_ADMINISTRADOR DEL SISTEMA' is clickable

2022-04-04 13:00:09 - [MESSAGE][WARNING] - Timeout '0' is invalid. Using default page load timeout: '45'

2022-04-04 13:00:10 - [MESSAGE][PASSED] - Object 'Object Repository/Modulo bienestar-eventos/input_ADMINISTRADOR DEL SISTEMA' is clickable

2022-04-04 13:00:10 - [TEST_STEP][PASSED] - setText(findTestObject("Modulo bienestar-eventos/input_ADMINISTRADOR DEL SISTEMA"), "eventos (bie)"): Text 'eventos (bie)' is set on object 'Object Repository/Modulo bienestar-eventos/input_ADMINISTRADOR DEL SISTEMA'

2022-04-04 13:00:11 - [MESSAGE][PASSED] - Text 'eventos (bie)' is set on object 'Object Repository/Modulo bienestar-eventos/input_ADMINISTRADOR DEL SISTEMA'

2022-04-04 13:00:11 - [TEST_STEP][PASSED] - click(findTestObject("Modulo bienestar-eventos/span_Eventos (bie)")): Object: 'Object Repository/Modulo bienestar-eventos/span_Eventos (bie)' is clicked on

2022-04-04 13:00:12 - [MESSAGE][PASSED] - Object: 'Object Repository/Modulo bienestar-eventos/span_Eventos (bie)' is clicked on

2022-04-04 13:00:12 - [MESSAGE][PASSED] - Call Test Case 'Test Cases/Utilidades-(atajos_para _tareas)/Modulos/Modulo bienestar-eventos' successfully

2022-04-04 13:00:12 - [TEST_STEP][PASSED] - waitForElementClickable(findTestObject("M-OBJECTS TAREAS SECUNDARIAS/Pruebas Bienestar/Inscripción masiva/td_Prueba-S-SH"), 0): Object 'Object Repository/M-OBJECTS TAREAS SECUNDARIAS/Pruebas Bienestar/Inscripción masiva/td_Prueba-S-SH' is clickable

2022-04-04 13:00:12 - [MESSAGE][WARNING] - Timeout '0' is invalid. Using default page load timeout: '45'

2022-04-04 13:00:13 - [MESSAGE][PASSED] - Object 'Object Repository/M-OBJECTS TAREAS SECUNDARIAS/Pruebas Bienestar/Inscripción masiva/td_Prueba-S-SH' is clickable

2022-04-04 13:00:13 - [TEST_STEP][PASSED] - click(findTestObject("M-OBJECTS TAREAS SECUNDARIAS/Pruebas Bienestar/Inscripción masiva/td_Prueba-S-SH")): Object: 'Object Repository/M-OBJECTS TAREAS SECUNDARIAS/Pruebas Bienestar/Inscripción masiva/td_Prueba-S-SH' is clicked on

2022-04-04 13:00:14 - [MESSAGE][PASSED] - Object: 'Object Repository/M-OBJECTS TAREAS SECUNDARIAS/Pruebas Bienestar/Inscripción masiva/td_Prueba-S-SH' is clicked on

2022-04-04 13:00:14 - [TEST_STEP][PASSED] - waitForElementClickable(findTestObject("M-OBJECTS TAREAS SECUNDARIAS/Pruebas Bienestar/Inscripción masiva/div_Participante"), 0): Object 'Object Repository/M-OBJECTS TAREAS SECUNDARIAS/Pruebas Bienestar/Inscripción masiva/div_Participante' is clickable

2022-04-04 13:00:14 - [MESSAGE][WARNING] - Timeout '0' is invalid. Using default page load timeout: '45'

2022-04-04 13:00:15 - [MESSAGE][PASSED] - Object 'Object Repository/M-OBJECTS TAREAS SECUNDARIAS/Pruebas Bienestar/Inscripción masiva/div_Participante' is clickable

2022-04-04 13:00:15 - [TEST_STEP][PASSED] - click(findTestObject("M-OBJECTS TAREAS SECUNDARIAS/Pruebas Bienestar/Inscripción masiva/div_Participante")): Object: 'Object Repository/M-OBJECTS TAREAS SECUNDARIAS/Pruebas Bienestar/Inscripción masiva/div_Participante' is clicked on

2022-04-04 13:00:16 - [MESSAGE][PASSED] - Object: 'Object Repository/M-OBJECTS TAREAS SECUNDARIAS/Pruebas Bienestar/Inscripción masiva/div_Participante' is clicked on

2022-04-04 13:00:16 - [TEST_STEP][PASSED] - click(findTestObject("M-OBJECTS TAREAS SECUNDARIAS/Pruebas Bienestar/Inscripción masiva/a_Individual")): Object: 'Object Repository/M-OBJECTS TAREAS SECUNDARIAS/Pruebas Bienestar/Inscripción masiva/a_Individual' is clicked on

2022-04-04 13:00:16 - [MESSAGE][PASSED] - Object: 'Object Repository/M-OBJECTS TAREAS SECUNDARIAS/Pruebas Bienestar/Inscripción masiva/a_Individual' is clicked on

2022-04-04 13:00:16 - [TEST_STEP][PASSED] - if (waitForElementPresent(findTestObject("M-OBJECTS TAREAS SECUNDARIAS/Pruebas Bienestar/Inscripción masiva/td_Ardila Julio"), 1)): null

2022-04-04 13:00:17 - [MESSAGE][PASSED] - Object 'Object Repository/M-OBJECTS TAREAS SECUNDARIAS/Pruebas Bienestar/Inscripción masiva/td_Ardila Julio' is present

2022-04-04 13:00:17 - [TEST_STEP][PASSED] - click(findTestObject("M-OBJECTS TAREAS SECUNDARIAS/Pruebas Bienestar/Inscripción masiva/td_Ardila Julio")): Object: 'Object Repository/M-OBJECTS TAREAS SECUNDARIAS/Pruebas Bienestar/Inscripción masiva/td_Ardila Julio' is clicked on

2022-04-04 13:00:17 - [MESSAGE][PASSED] - Object: 'Object Repository/M-OBJECTS TAREAS SECUNDARIAS/Pruebas Bienestar/Inscripción masiva/td_Ardila Julio' is clicked on

2022-04-04 13:00:17 - [TEST_STEP][PASSED] - waitForElementPresent(findTestObject("M-OBJECTS TAREAS SECUNDARIAS/Pruebas Bienestar/Inscripción masiva/a_Cambiar Datos"), 0): Object 'Object Repository/M-OBJECTS TAREAS SECUNDARIAS/Pruebas Bienestar/Inscripción masiva/a_Cambiar Datos' is present

2022-04-04 13:00:17 - [MESSAGE][WARNING] - Timeout '0' is invalid. Using default page load timeout: '45'

2022-04-04 13:00:18 - [MESSAGE][PASSED] - Object 'Object Repository/M-OBJECTS TAREAS SECUNDARIAS/Pruebas Bienestar/Inscripción masiva/a_Cambiar Datos' is present

2022-04-04 13:00:18 - [TEST_STEP][PASSED] - click(findTestObject("M-OBJECTS TAREAS SECUNDARIAS/Pruebas Bienestar/Inscripción masiva/a_Cambiar Datos"), STOP_ON_FAILURE): Object: 'Object Repository/M-OBJECTS TAREAS SECUNDARIAS/Pruebas Bienestar/Inscripción masiva/a_Cambiar Datos' is clicked on

2022-04-04 13:00:18 - [MESSAGE][PASSED] - Object: 'Object Repository/M-OBJECTS TAREAS SECUNDARIAS/Pruebas Bienestar/Inscripción masiva/a_Cambiar Datos' is clicked on

2022-04-04 13:00:18 - [TEST_STEP][PASSED] - click(findTestObject("M-OBJECTS TAREAS SECUNDARIAS/Pruebas Bienestar/Inscripción masiva/a_Eliminar")): Object: 'Object Repository/M-OBJECTS TAREAS SECUNDARIAS/Pruebas Bienestar/Inscripción masiva/a_Eliminar' is clicked on

2022-04-04 13:00:19 - [MESSAGE][PASSED] - Object: 'Object Repository/M-OBJECTS TAREAS SECUNDARIAS/Pruebas Bienestar/Inscripción masiva/a_Eliminar' is clicked on

2022-04-04 13:00:19 - [TEST_STEP][PASSED] - click(findTestObject("M-OBJECTS TAREAS SECUNDARIAS/Pruebas Bienestar/Inscripción masiva/span_Si")): Object: 'Object Repository/M-OBJECTS TAREAS SECUNDARIAS/Pruebas Bienestar/Inscripción masiva/span_Si' is clicked on

2022-04-04 13:00:20 - [MESSAGE][PASSED] - Object: 'Object Repository/M-OBJECTS TAREAS SECUNDARIAS/Pruebas Bienestar/Inscripción masiva/span_Si' is clicked on

2022-04-04 13:00:20 - [TEST_STEP][PASSED] - click(findTestObject("M-OBJECTS TAREAS SECUNDARIAS/Pruebas Bienestar/Inscripción masiva/a_Inscribirse_Menu")): Object: 'Object Repository/M-OBJECTS TAREAS SECUNDARIAS/Pruebas Bienestar/Inscripción masiva/a_Inscribirse_Menu' is clicked on

2022-04-04 13:00:21 - [MESSAGE][PASSED] - Object: 'Object Repository/M-OBJECTS TAREAS SECUNDARIAS/Pruebas Bienestar/Inscripción masiva/a_Inscribirse_Menu' is clicked on

2022-04-04 13:00:21 - [TEST_STEP][PASSED] - selectOptionByIndex(findTestObject("M-OBJECTS TAREAS SECUNDARIAS/Pruebas Bienestar/Inscripción masiva/select_SeleccioneCALIDADMENSUAL ABCMODELO EMPRESA QUINCENALPANSIONADOSPENSIONADOS BASEPRUEBAS"), 1): All options with index in [1] are selected on object 'Object Repository/M-OBJECTS TAREAS SECUNDARIAS/Pruebas Bienestar/Inscripción masiva/select_SeleccioneCALIDADMENSUAL ABCMODELO EMPRESA QUINCENALPANSIONADOSPENSIONADOS BASEPRUEBAS'

2022-04-04 13:00:22 - [MESSAGE][PASSED] - All options with index in [1] are selected on object 'Object Repository/M-OBJECTS TAREAS SECUNDARIAS/Pruebas Bienestar/Inscripción masiva/select_SeleccioneCALIDADMENSUAL ABCMODELO EMPRESA QUINCENALPANSIONADOSPENSIONADOS BASEPRUEBAS'

2022-04-04 13:00:22 - [TEST_STEP][PASSED] - click(findTestObject("M-OBJECTS TAREAS SECUNDARIAS/Pruebas Bienestar/Inscripción masiva/a_Filtrar")): Object: 'Object Repository/M-OBJECTS TAREAS SECUNDARIAS/Pruebas Bienestar/Inscripción masiva/a_Filtrar' is clicked on

2022-04-04 13:00:23 - [MESSAGE][PASSED] - Object: 'Object Repository/M-OBJECTS TAREAS SECUNDARIAS/Pruebas Bienestar/Inscripción masiva/a_Filtrar' is clicked on

2022-04-04 13:00:23 - [TEST_STEP][PASSED] - selectOptionByIndex(findTestObject("M-OBJECTS TAREAS SECUNDARIAS/Pruebas Bienestar/Inscripción masiva/select_-- Seleccione --prueba-S-SH"), 1): All options with index in [1] are selected on object 'Object Repository/M-OBJECTS TAREAS SECUNDARIAS/Pruebas Bienestar/Inscripción masiva/select_-- Seleccione --prueba-S-SH'

2022-04-04 13:00:24 - [MESSAGE][PASSED] - All options with index in [1] are selected on object 'Object Repository/M-OBJECTS TAREAS SECUNDARIAS/Pruebas Bienestar/Inscripción masiva/select_-- Seleccione --prueba-S-SH'

2022-04-04 13:00:24 - [TEST_STEP][PASSED] - click(findTestObject("M-OBJECTS TAREAS SECUNDARIAS/Pruebas Bienestar/Inscripción masiva/span_Momento Evento_ui-button-icon-left ui-icon ui-c ui-icon-triangle-1-s")): Object: 'Object Repository/M-OBJECTS TAREAS SECUNDARIAS/Pruebas Bienestar/Inscripción masiva/span_Momento Evento_ui-button-icon-left ui-icon ui-c ui-icon-triangle-1-s' is clicked on

2022-04-04 13:00:25 - [MESSAGE][PASSED] - Object: 'Object Repository/M-OBJECTS TAREAS SECUNDARIAS/Pruebas Bienestar/Inscripción masiva/span_Momento Evento_ui-button-icon-left ui-icon ui-c ui-icon-triangle-1-s' is clicked on

2022-04-04 13:00:25 - [TEST_STEP][PASSED] - click(findTestObject("M-OBJECTS TAREAS SECUNDARIAS/Pruebas Bienestar/Inscripción masiva/span_Pagina Actual")): Object: 'Object Repository/M-OBJECTS TAREAS SECUNDARIAS/Pruebas Bienestar/Inscripción masiva/span_Pagina Actual' is clicked on

2022-04-04 13:00:25 - [MESSAGE][PASSED] - Object: 'Object Repository/M-OBJECTS TAREAS SECUNDARIAS/Pruebas Bienestar/Inscripción masiva/span_Pagina Actual' is clicked on

2022-04-04 13:00:25 - [TEST_STEP][PASSED] - click(findTestObject("M-OBJECTS TAREAS SECUNDARIAS/Pruebas Bienestar/Inscripción masiva/a_Inscribirse")): Object: 'Object Repository/M-OBJECTS TAREAS SECUNDARIAS/Pruebas Bienestar/Inscripción masiva/a_Inscribirse' is clicked on

2022-04-04 13:00:26 - [MESSAGE][PASSED] - Object: 'Object Repository/M-OBJECTS TAREAS SECUNDARIAS/Pruebas Bienestar/Inscripción masiva/a_Inscribirse' is clicked on

2022-04-04 13:00:26 - [TEST_STEP][PASSED] - closeBrowser(): Browser is closed

2022-04-04 13:00:27 - [MESSAGE][PASSED] - Browser is closed]]></system-out>
         <system-err><![CDATA[]]></system-err>
      </testcase>
      <testcase name="Test Cases/1.2-Tareas_Secundarias/3.1-Pruebas_Bienestar/3.2.4-Inscripción_Individual_como_funcional" time="19.865" classname="Test Cases/1.2-Tareas_Secundarias/3.1-Pruebas_Bienestar/3.2.4-Inscripción_Individual_como_funcional" status="PASSED">
         <system-out><![CDATA[2022-04-04 13:00:27 - [TEST_CASE][PASSED] - Test Cases/1.2-Tareas_Secundarias/3.1-Pruebas_Bienestar/3.2.4-Inscripción_Individual_como_funcional: Test Cases/1.2-Tareas_Secundarias/3.1-Pruebas_Bienestar/3.2.4-Inscripción_Individual_como_funcional

2022-04-04 13:00:27 - [TEST_STEP][PASSED] - callTestCase(findTestCase("Utilidades-(atajos_para _tareas)/Modulos/Modulo bienestar-eventos"), [:], STOP_ON_FAILURE): Call Test Case 'Test Cases/Utilidades-(atajos_para _tareas)/Modulos/Modulo bienestar-eventos' successfully

2022-04-04 13:00:27 - [TEST_CASE][PASSED] - Test Cases/Utilidades-(atajos_para _tareas)/Modulos/Modulo bienestar-eventos: Test Cases/Utilidades-(atajos_para _tareas)/Modulos/Modulo bienestar-eventos

2022-04-04 13:00:27 - [TEST_STEP][PASSED] - callTestCase(findTestCase("0.1-Login"), [:], STOP_ON_FAILURE): Call Test Case 'Test Cases/0.1-Login' successfully

2022-04-04 13:00:27 - [TEST_CASE][PASSED] - Test Cases/0.1-Login: Test Cases/0.1-Login

2022-04-04 13:00:27 - [TEST_STEP][PASSED] - openBrowser(""): Browser is opened with url: ''

2022-04-04 13:00:27 - [MESSAGE][INFO] - Starting 'Chrome' driver

2022-04-04 13:00:27 - [MESSAGE][INFO] - Action delay is set to 0 milliseconds

2022-04-04 13:00:29 - [MESSAGE][PASSED] - Browser is opened with url: ''

2022-04-04 13:00:29 - [TEST_STEP][PASSED] - maximizeWindow(): Current window maximized

2022-04-04 13:00:29 - [MESSAGE][PASSED] - Current window maximized

2022-04-04 13:00:29 - [TEST_STEP][PASSED] - i = G_Login: null

2022-04-04 13:00:29 - [TEST_STEP][PASSED] - url = new java.net.URL(i): null

2022-04-04 13:00:29 - [TEST_STEP][PASSED] - println("URL: " + url.toString()): null

2022-04-04 13:00:29 - [TEST_STEP][PASSED] - connection = url.openConnection(): null

2022-04-04 13:00:29 - [TEST_STEP][PASSED] - connection.setRequestMethod("GET"): null

2022-04-04 13:00:29 - [TEST_STEP][PASSED] - connection.setReadTimeout(2 * 1000): null

2022-04-04 13:00:29 - [TEST_STEP][PASSED] - try: null

2022-04-04 13:00:29 - [TEST_STEP][PASSED] - connection.connect(): null

2022-04-04 13:00:29 - [TEST_STEP][PASSED] - flag = connected: null

2022-04-04 13:00:29 - [TEST_STEP][PASSED] - println("Valor_ori: " + flag): null

2022-04-04 13:00:29 - [TEST_STEP][PASSED] - if (flag): null

2022-04-04 13:00:29 - [TEST_STEP][PASSED] - navigateToUrl(i): Navigate to 'http://192.168.2.19:8380/saraweb' successfully

2022-04-04 13:00:29 - [MESSAGE][PASSED] - Navigate to 'http://192.168.2.19:8380/saraweb' successfully

2022-04-04 13:00:29 - [TEST_STEP][PASSED] - a(): null

2022-04-04 13:00:29 - [TEST_STEP][PASSED] - setText(findTestObject("Login/input_USUARIO_loginusuario"), G_Usuario): Text 'saraadmin' is set on object 'Object Repository/Login/input_USUARIO_loginusuario'

2022-04-04 13:00:30 - [MESSAGE][PASSED] - Text 'saraadmin' is set on object 'Object Repository/Login/input_USUARIO_loginusuario'

2022-04-04 13:00:30 - [TEST_STEP][PASSED] - setEncryptedText(findTestObject("Login/input_CLAVE_loginpassword"), "MkG4/TYiCFC3cb2driP7+Q=="): Text ****** has been set on object 'Object Repository/Login/input_CLAVE_loginpassword'

2022-04-04 13:00:30 - [MESSAGE][PASSED] - Text ****** has been set on object 'Object Repository/Login/input_CLAVE_loginpassword'

2022-04-04 13:00:30 - [TEST_STEP][PASSED] - waitForElementClickable(findTestObject("Login/a_Ingresar"), G_TimeOut): Object 'Object Repository/Login/a_Ingresar' is clickable

2022-04-04 13:00:31 - [MESSAGE][PASSED] - Object 'Object Repository/Login/a_Ingresar' is clickable

2022-04-04 13:00:31 - [TEST_STEP][PASSED] - click(findTestObject("Login/a_Ingresar")): Object: 'Object Repository/Login/a_Ingresar' is clicked on

2022-04-04 13:00:32 - [MESSAGE][PASSED] - Object: 'Object Repository/Login/a_Ingresar' is clicked on

2022-04-04 13:00:32 - [TEST_STEP][PASSED] - element = findWebElement(findTestObject("Login/a_Ir"), 30): null

2022-04-04 13:00:32 - [TEST_STEP][PASSED] - executeJavaScript("arguments[0].click()", Arrays.asList(element)): Execute JavaScript 'arguments[0].click()' successfully

2022-04-04 13:00:32 - [MESSAGE][PASSED] - Execute JavaScript 'arguments[0].click()' successfully

2022-04-04 13:00:32 - [MESSAGE][PASSED] - Call Test Case 'Test Cases/0.1-Login' successfully

2022-04-04 13:00:32 - [TEST_STEP][PASSED] - waitForElementClickable(findTestObject("Modulo bienestar-eventos/input_ADMINISTRADOR DEL SISTEMA"), 0): Object 'Object Repository/Modulo bienestar-eventos/input_ADMINISTRADOR DEL SISTEMA' is clickable

2022-04-04 13:00:32 - [MESSAGE][WARNING] - Timeout '0' is invalid. Using default page load timeout: '45'

2022-04-04 13:00:33 - [MESSAGE][PASSED] - Object 'Object Repository/Modulo bienestar-eventos/input_ADMINISTRADOR DEL SISTEMA' is clickable

2022-04-04 13:00:33 - [TEST_STEP][PASSED] - setText(findTestObject("Modulo bienestar-eventos/input_ADMINISTRADOR DEL SISTEMA"), "eventos (bie)"): Text 'eventos (bie)' is set on object 'Object Repository/Modulo bienestar-eventos/input_ADMINISTRADOR DEL SISTEMA'

2022-04-04 13:00:34 - [MESSAGE][PASSED] - Text 'eventos (bie)' is set on object 'Object Repository/Modulo bienestar-eventos/input_ADMINISTRADOR DEL SISTEMA'

2022-04-04 13:00:34 - [TEST_STEP][PASSED] - click(findTestObject("Modulo bienestar-eventos/span_Eventos (bie)")): Object: 'Object Repository/Modulo bienestar-eventos/span_Eventos (bie)' is clicked on

2022-04-04 13:00:35 - [MESSAGE][PASSED] - Object: 'Object Repository/Modulo bienestar-eventos/span_Eventos (bie)' is clicked on

2022-04-04 13:00:35 - [MESSAGE][PASSED] - Call Test Case 'Test Cases/Utilidades-(atajos_para _tareas)/Modulos/Modulo bienestar-eventos' successfully

2022-04-04 13:00:35 - [TEST_STEP][PASSED] - click(findTestObject("M-OBJECTS TAREAS SECUNDARIAS/Pruebas Bienestar/Inscripción_Individual_como_funcional/td_Prueba-S-SH")): Object: 'Object Repository/M-OBJECTS TAREAS SECUNDARIAS/Pruebas Bienestar/Inscripción_Individual_como_funcional/td_Prueba-S-SH' is clicked on

2022-04-04 13:00:37 - [MESSAGE][PASSED] - Object: 'Object Repository/M-OBJECTS TAREAS SECUNDARIAS/Pruebas Bienestar/Inscripción_Individual_como_funcional/td_Prueba-S-SH' is clicked on

2022-04-04 13:00:37 - [TEST_STEP][PASSED] - click(findTestObject("M-OBJECTS TAREAS SECUNDARIAS/Pruebas Bienestar/Inscripción_Individual_como_funcional/div_Participante")): Object: 'Object Repository/M-OBJECTS TAREAS SECUNDARIAS/Pruebas Bienestar/Inscripción_Individual_como_funcional/div_Participante' is clicked on

2022-04-04 13:00:38 - [MESSAGE][PASSED] - Object: 'Object Repository/M-OBJECTS TAREAS SECUNDARIAS/Pruebas Bienestar/Inscripción_Individual_como_funcional/div_Participante' is clicked on

2022-04-04 13:00:38 - [TEST_STEP][PASSED] - click(findTestObject("M-OBJECTS TAREAS SECUNDARIAS/Pruebas Bienestar/Inscripción_Individual_como_funcional/a_Individual")): Object: 'Object Repository/M-OBJECTS TAREAS SECUNDARIAS/Pruebas Bienestar/Inscripción_Individual_como_funcional/a_Individual' is clicked on

2022-04-04 13:00:38 - [MESSAGE][PASSED] - Object: 'Object Repository/M-OBJECTS TAREAS SECUNDARIAS/Pruebas Bienestar/Inscripción_Individual_como_funcional/a_Individual' is clicked on

2022-04-04 13:00:38 - [TEST_STEP][PASSED] - if (waitForElementVisible(findTestObject("M-OBJECTS TAREAS SECUNDARIAS/Pruebas Bienestar/Inscripción_Individual_como_funcional/td_354968431354"), 1)): Web element with id: 'Object Repository/M-OBJECTS TAREAS SECUNDARIAS/Pruebas Bienestar/Inscripción_Individual_como_funcional/td_354968431354' located by '//*/text()[normalize-space(.)='354968431354']/parent::*' not found

2022-04-04 13:00:40 - [MESSAGE][INFO] - Unable to find the element located by 'By.xpath: //*/text()[normalize-space(.)='354968431354']/parent::*'. Please recheck the objects properties to make sure the desired element is located. 

2022-04-04 13:00:40 - [MESSAGE][WARNING] - Web element with id: 'Object Repository/M-OBJECTS TAREAS SECUNDARIAS/Pruebas Bienestar/Inscripción_Individual_como_funcional/td_354968431354' located by '//*/text()[normalize-space(.)='354968431354']/parent::*' not found

2022-04-04 13:00:40 - [TEST_STEP][PASSED] - click(findTestObject("M-OBJECTS TAREAS SECUNDARIAS/Pruebas Bienestar/Inscripción_Individual_como_funcional/a_Nuevo")): Object: 'Object Repository/M-OBJECTS TAREAS SECUNDARIAS/Pruebas Bienestar/Inscripción_Individual_como_funcional/a_Nuevo' is clicked on

2022-04-04 13:00:41 - [MESSAGE][PASSED] - Object: 'Object Repository/M-OBJECTS TAREAS SECUNDARIAS/Pruebas Bienestar/Inscripción_Individual_como_funcional/a_Nuevo' is clicked on

2022-04-04 13:00:41 - [TEST_STEP][PASSED] - click(findTestObject("M-OBJECTS TAREAS SECUNDARIAS/Pruebas Bienestar/Inscripción_Individual_como_funcional/a_Nombre_grupoEventoj_idt431")): Object: 'Object Repository/M-OBJECTS TAREAS SECUNDARIAS/Pruebas Bienestar/Inscripción_Individual_como_funcional/a_Nombre_grupoEventoj_idt431' is clicked on

2022-04-04 13:00:42 - [MESSAGE][PASSED] - Object: 'Object Repository/M-OBJECTS TAREAS SECUNDARIAS/Pruebas Bienestar/Inscripción_Individual_como_funcional/a_Nombre_grupoEventoj_idt431' is clicked on

2022-04-04 13:00:42 - [TEST_STEP][PASSED] - setText(findTestObject("M-OBJECTS TAREAS SECUNDARIAS/Pruebas Bienestar/Inscripción_Individual_como_funcional/input_Filtro Empleado_form_popupFiltroEmpleadofiltroEmpleado"), "constantino"): Text 'constantino' is set on object 'Object Repository/M-OBJECTS TAREAS SECUNDARIAS/Pruebas Bienestar/Inscripción_Individual_como_funcional/input_Filtro Empleado_form_popupFiltroEmpleadofiltroEmpleado'

2022-04-04 13:00:43 - [MESSAGE][PASSED] - Text 'constantino' is set on object 'Object Repository/M-OBJECTS TAREAS SECUNDARIAS/Pruebas Bienestar/Inscripción_Individual_como_funcional/input_Filtro Empleado_form_popupFiltroEmpleadofiltroEmpleado'

2022-04-04 13:00:43 - [TEST_STEP][PASSED] - sendKeys(findTestObject("M-OBJECTS TAREAS SECUNDARIAS/Pruebas Bienestar/Inscripción_Individual_como_funcional/input_Filtro Empleado_form_popupFiltroEmpleadofiltroEmpleado"), Keys.chord(ENTER)): Keys 'ENTER + ' sent to object: 'Object Repository/M-OBJECTS TAREAS SECUNDARIAS/Pruebas Bienestar/Inscripción_Individual_como_funcional/input_Filtro Empleado_form_popupFiltroEmpleadofiltroEmpleado'

2022-04-04 13:00:44 - [MESSAGE][PASSED] - Keys 'ENTER + ' sent to object: 'Object Repository/M-OBJECTS TAREAS SECUNDARIAS/Pruebas Bienestar/Inscripción_Individual_como_funcional/input_Filtro Empleado_form_popupFiltroEmpleadofiltroEmpleado'

2022-04-04 13:00:44 - [TEST_STEP][PASSED] - click(findTestObject("M-OBJECTS TAREAS SECUNDARIAS/Pruebas Bienestar/Inscripción_Individual_como_funcional/span_Constantino  Jhon")): Object: 'Object Repository/M-OBJECTS TAREAS SECUNDARIAS/Pruebas Bienestar/Inscripción_Individual_como_funcional/span_Constantino  Jhon' is clicked on

2022-04-04 13:00:45 - [MESSAGE][PASSED] - Object: 'Object Repository/M-OBJECTS TAREAS SECUNDARIAS/Pruebas Bienestar/Inscripción_Individual_como_funcional/span_Constantino  Jhon' is clicked on

2022-04-04 13:00:45 - [TEST_STEP][PASSED] - selectOptionByIndex(findTestObject("M-OBJECTS TAREAS SECUNDARIAS/Pruebas Bienestar/Inscripción_Individual_como_funcional/select_-- Seleccione --prueba-S-SH"), 1): All options with index in [1] are selected on object 'Object Repository/M-OBJECTS TAREAS SECUNDARIAS/Pruebas Bienestar/Inscripción_Individual_como_funcional/select_-- Seleccione --prueba-S-SH'

2022-04-04 13:00:46 - [MESSAGE][PASSED] - All options with index in [1] are selected on object 'Object Repository/M-OBJECTS TAREAS SECUNDARIAS/Pruebas Bienestar/Inscripción_Individual_como_funcional/select_-- Seleccione --prueba-S-SH'

2022-04-04 13:00:46 - [TEST_STEP][PASSED] - click(findTestObject("M-OBJECTS TAREAS SECUNDARIAS/Pruebas Bienestar/Inscripción_Individual_como_funcional/a_Guardar")): Object: 'Object Repository/M-OBJECTS TAREAS SECUNDARIAS/Pruebas Bienestar/Inscripción_Individual_como_funcional/a_Guardar' is clicked on

2022-04-04 13:00:47 - [MESSAGE][PASSED] - Object: 'Object Repository/M-OBJECTS TAREAS SECUNDARIAS/Pruebas Bienestar/Inscripción_Individual_como_funcional/a_Guardar' is clicked on]]></system-out>
         <system-err><![CDATA[]]></system-err>
      </testcase>
      <testcase name="Test Cases/1.2-Tareas_Secundarias/3.1-Pruebas_Bienestar/3.2.6-Sancionados" time="27.07" classname="Test Cases/1.2-Tareas_Secundarias/3.1-Pruebas_Bienestar/3.2.6-Sancionados" status="PASSED">
         <system-out><![CDATA[2022-04-04 13:00:47 - [TEST_CASE][PASSED] - Test Cases/1.2-Tareas_Secundarias/3.1-Pruebas_Bienestar/3.2.6-Sancionados: Test Cases/1.2-Tareas_Secundarias/3.1-Pruebas_Bienestar/3.2.6-Sancionados

2022-04-04 13:00:47 - [TEST_STEP][PASSED] - callTestCase(findTestCase("Utilidades-(atajos_para _tareas)/Modulos/Modulo bienestar-eventos"), [:], STOP_ON_FAILURE): Call Test Case 'Test Cases/Utilidades-(atajos_para _tareas)/Modulos/Modulo bienestar-eventos' successfully

2022-04-04 13:00:47 - [TEST_CASE][PASSED] - Test Cases/Utilidades-(atajos_para _tareas)/Modulos/Modulo bienestar-eventos: Test Cases/Utilidades-(atajos_para _tareas)/Modulos/Modulo bienestar-eventos

2022-04-04 13:00:47 - [TEST_STEP][PASSED] - callTestCase(findTestCase("0.1-Login"), [:], STOP_ON_FAILURE): Call Test Case 'Test Cases/0.1-Login' successfully

2022-04-04 13:00:47 - [TEST_CASE][PASSED] - Test Cases/0.1-Login: Test Cases/0.1-Login

2022-04-04 13:00:47 - [TEST_STEP][PASSED] - openBrowser(""): Browser is opened with url: ''

2022-04-04 13:00:47 - [MESSAGE][WARNING] - A browser is already opened. Closing browser and opening a new one

2022-04-04 13:00:48 - [MESSAGE][INFO] - Starting 'Chrome' driver

2022-04-04 13:00:48 - [MESSAGE][INFO] - Action delay is set to 0 milliseconds

2022-04-04 13:00:49 - [MESSAGE][PASSED] - Browser is opened with url: ''

2022-04-04 13:00:49 - [TEST_STEP][PASSED] - maximizeWindow(): Current window maximized

2022-04-04 13:00:49 - [MESSAGE][PASSED] - Current window maximized

2022-04-04 13:00:49 - [TEST_STEP][PASSED] - i = G_Login: null

2022-04-04 13:00:49 - [TEST_STEP][PASSED] - url = new java.net.URL(i): null

2022-04-04 13:00:49 - [TEST_STEP][PASSED] - println("URL: " + url.toString()): null

2022-04-04 13:00:49 - [TEST_STEP][PASSED] - connection = url.openConnection(): null

2022-04-04 13:00:49 - [TEST_STEP][PASSED] - connection.setRequestMethod("GET"): null

2022-04-04 13:00:49 - [TEST_STEP][PASSED] - connection.setReadTimeout(2 * 1000): null

2022-04-04 13:00:49 - [TEST_STEP][PASSED] - try: null

2022-04-04 13:00:49 - [TEST_STEP][PASSED] - connection.connect(): null

2022-04-04 13:00:49 - [TEST_STEP][PASSED] - flag = connected: null

2022-04-04 13:00:49 - [TEST_STEP][PASSED] - println("Valor_ori: " + flag): null

2022-04-04 13:00:49 - [TEST_STEP][PASSED] - if (flag): null

2022-04-04 13:00:49 - [TEST_STEP][PASSED] - navigateToUrl(i): Navigate to 'http://192.168.2.19:8380/saraweb' successfully

2022-04-04 13:00:50 - [MESSAGE][PASSED] - Navigate to 'http://192.168.2.19:8380/saraweb' successfully

2022-04-04 13:00:50 - [TEST_STEP][PASSED] - a(): null

2022-04-04 13:00:50 - [TEST_STEP][PASSED] - setText(findTestObject("Login/input_USUARIO_loginusuario"), G_Usuario): Text 'saraadmin' is set on object 'Object Repository/Login/input_USUARIO_loginusuario'

2022-04-04 13:00:51 - [MESSAGE][PASSED] - Text 'saraadmin' is set on object 'Object Repository/Login/input_USUARIO_loginusuario'

2022-04-04 13:00:51 - [TEST_STEP][PASSED] - setEncryptedText(findTestObject("Login/input_CLAVE_loginpassword"), "MkG4/TYiCFC3cb2driP7+Q=="): Text ****** has been set on object 'Object Repository/Login/input_CLAVE_loginpassword'

2022-04-04 13:00:51 - [MESSAGE][PASSED] - Text ****** has been set on object 'Object Repository/Login/input_CLAVE_loginpassword'

2022-04-04 13:00:51 - [TEST_STEP][PASSED] - waitForElementClickable(findTestObject("Login/a_Ingresar"), G_TimeOut): Object 'Object Repository/Login/a_Ingresar' is clickable

2022-04-04 13:00:51 - [MESSAGE][PASSED] - Object 'Object Repository/Login/a_Ingresar' is clickable

2022-04-04 13:00:51 - [TEST_STEP][PASSED] - click(findTestObject("Login/a_Ingresar")): Object: 'Object Repository/Login/a_Ingresar' is clicked on

2022-04-04 13:00:52 - [MESSAGE][PASSED] - Object: 'Object Repository/Login/a_Ingresar' is clicked on

2022-04-04 13:00:52 - [TEST_STEP][PASSED] - element = findWebElement(findTestObject("Login/a_Ir"), 30): null

2022-04-04 13:00:53 - [TEST_STEP][PASSED] - executeJavaScript("arguments[0].click()", Arrays.asList(element)): Execute JavaScript 'arguments[0].click()' successfully

2022-04-04 13:00:53 - [MESSAGE][PASSED] - Execute JavaScript 'arguments[0].click()' successfully

2022-04-04 13:00:53 - [MESSAGE][PASSED] - Call Test Case 'Test Cases/0.1-Login' successfully

2022-04-04 13:00:53 - [TEST_STEP][PASSED] - waitForElementClickable(findTestObject("Modulo bienestar-eventos/input_ADMINISTRADOR DEL SISTEMA"), 0): Object 'Object Repository/Modulo bienestar-eventos/input_ADMINISTRADOR DEL SISTEMA' is clickable

2022-04-04 13:00:53 - [MESSAGE][WARNING] - Timeout '0' is invalid. Using default page load timeout: '45'

2022-04-04 13:00:54 - [MESSAGE][PASSED] - Object 'Object Repository/Modulo bienestar-eventos/input_ADMINISTRADOR DEL SISTEMA' is clickable

2022-04-04 13:00:54 - [TEST_STEP][PASSED] - setText(findTestObject("Modulo bienestar-eventos/input_ADMINISTRADOR DEL SISTEMA"), "eventos (bie)"): Text 'eventos (bie)' is set on object 'Object Repository/Modulo bienestar-eventos/input_ADMINISTRADOR DEL SISTEMA'

2022-04-04 13:00:54 - [MESSAGE][PASSED] - Text 'eventos (bie)' is set on object 'Object Repository/Modulo bienestar-eventos/input_ADMINISTRADOR DEL SISTEMA'

2022-04-04 13:00:54 - [TEST_STEP][PASSED] - click(findTestObject("Modulo bienestar-eventos/span_Eventos (bie)")): Object: 'Object Repository/Modulo bienestar-eventos/span_Eventos (bie)' is clicked on

2022-04-04 13:00:56 - [MESSAGE][PASSED] - Object: 'Object Repository/Modulo bienestar-eventos/span_Eventos (bie)' is clicked on

2022-04-04 13:00:56 - [MESSAGE][PASSED] - Call Test Case 'Test Cases/Utilidades-(atajos_para _tareas)/Modulos/Modulo bienestar-eventos' successfully

2022-04-04 13:00:56 - [TEST_STEP][PASSED] - click(findTestObject("M-OBJECTS TAREAS SECUNDARIAS/Pruebas Bienestar/Sancionados/td_Prueba-S-SH")): Object: 'Object Repository/M-OBJECTS TAREAS SECUNDARIAS/Pruebas Bienestar/Sancionados/td_Prueba-S-SH' is clicked on

2022-04-04 13:00:58 - [MESSAGE][PASSED] - Object: 'Object Repository/M-OBJECTS TAREAS SECUNDARIAS/Pruebas Bienestar/Sancionados/td_Prueba-S-SH' is clicked on

2022-04-04 13:00:58 - [TEST_STEP][PASSED] - click(findTestObject("M-OBJECTS TAREAS SECUNDARIAS/Pruebas Bienestar/Sancionados/div_Participante")): Object: 'Object Repository/M-OBJECTS TAREAS SECUNDARIAS/Pruebas Bienestar/Sancionados/div_Participante' is clicked on

2022-04-04 13:00:59 - [MESSAGE][PASSED] - Object: 'Object Repository/M-OBJECTS TAREAS SECUNDARIAS/Pruebas Bienestar/Sancionados/div_Participante' is clicked on

2022-04-04 13:00:59 - [TEST_STEP][PASSED] - click(findTestObject("M-OBJECTS TAREAS SECUNDARIAS/Pruebas Bienestar/Sancionados/a_Individual")): Object: 'Object Repository/M-OBJECTS TAREAS SECUNDARIAS/Pruebas Bienestar/Sancionados/a_Individual' is clicked on

2022-04-04 13:00:59 - [MESSAGE][PASSED] - Object: 'Object Repository/M-OBJECTS TAREAS SECUNDARIAS/Pruebas Bienestar/Sancionados/a_Individual' is clicked on

2022-04-04 13:00:59 - [TEST_STEP][PASSED] - if (waitForElementVisible(findTestObject("M-OBJECTS TAREAS SECUNDARIAS/Pruebas Bienestar/Sancionados/td_Diaz Blanco Guisell"), 1)): Web element with id: 'Object Repository/M-OBJECTS TAREAS SECUNDARIAS/Pruebas Bienestar/Sancionados/td_Diaz Blanco Guisell' located by '//*/text()[normalize-space(.)='Diaz Blanco Guisell']/parent::*' not found

2022-04-04 13:01:01 - [MESSAGE][INFO] - Unable to find the element located by 'By.xpath: //*/text()[normalize-space(.)='Diaz Blanco Guisell']/parent::*'. Please recheck the objects properties to make sure the desired element is located. 

2022-04-04 13:01:01 - [MESSAGE][WARNING] - Web element with id: 'Object Repository/M-OBJECTS TAREAS SECUNDARIAS/Pruebas Bienestar/Sancionados/td_Diaz Blanco Guisell' located by '//*/text()[normalize-space(.)='Diaz Blanco Guisell']/parent::*' not found

2022-04-04 13:01:01 - [TEST_STEP][PASSED] - else: Object: 'Object Repository/M-OBJECTS TAREAS SECUNDARIAS/Pruebas Bienestar/Sancionados/a_Guardar' is clicked on

2022-04-04 13:01:01 - [TEST_STEP][PASSED] - click(findTestObject("M-OBJECTS TAREAS SECUNDARIAS/Pruebas Bienestar/Sancionados/a_Nuevo")): Object: 'Object Repository/M-OBJECTS TAREAS SECUNDARIAS/Pruebas Bienestar/Sancionados/a_Nuevo' is clicked on

2022-04-04 13:01:02 - [MESSAGE][PASSED] - Object: 'Object Repository/M-OBJECTS TAREAS SECUNDARIAS/Pruebas Bienestar/Sancionados/a_Nuevo' is clicked on

2022-04-04 13:01:02 - [TEST_STEP][PASSED] - click(findTestObject("M-OBJECTS TAREAS SECUNDARIAS/Pruebas Bienestar/Sancionados/a_Nombre_grupoEventoj_idt427")): Object: 'Object Repository/M-OBJECTS TAREAS SECUNDARIAS/Pruebas Bienestar/Sancionados/a_Nombre_grupoEventoj_idt427' is clicked on

2022-04-04 13:01:03 - [MESSAGE][PASSED] - Object: 'Object Repository/M-OBJECTS TAREAS SECUNDARIAS/Pruebas Bienestar/Sancionados/a_Nombre_grupoEventoj_idt427' is clicked on

2022-04-04 13:01:03 - [TEST_STEP][PASSED] - setText(findTestObject("M-OBJECTS TAREAS SECUNDARIAS/Pruebas Bienestar/Sancionados/input_Filtro Empleado_form_popupFiltroEmpleadofiltroEmpleado"), "guisell"): Text 'guisell' is set on object 'Object Repository/M-OBJECTS TAREAS SECUNDARIAS/Pruebas Bienestar/Sancionados/input_Filtro Empleado_form_popupFiltroEmpleadofiltroEmpleado'

2022-04-04 13:01:04 - [MESSAGE][PASSED] - Text 'guisell' is set on object 'Object Repository/M-OBJECTS TAREAS SECUNDARIAS/Pruebas Bienestar/Sancionados/input_Filtro Empleado_form_popupFiltroEmpleadofiltroEmpleado'

2022-04-04 13:01:04 - [TEST_STEP][PASSED] - sendKeys(findTestObject("M-OBJECTS TAREAS SECUNDARIAS/Pruebas Bienestar/Sancionados/input_Filtro Empleado_form_popupFiltroEmpleadofiltroEmpleado"), Keys.chord(ENTER)): Keys 'ENTER + ' sent to object: 'Object Repository/M-OBJECTS TAREAS SECUNDARIAS/Pruebas Bienestar/Sancionados/input_Filtro Empleado_form_popupFiltroEmpleadofiltroEmpleado'

2022-04-04 13:01:05 - [MESSAGE][PASSED] - Keys 'ENTER + ' sent to object: 'Object Repository/M-OBJECTS TAREAS SECUNDARIAS/Pruebas Bienestar/Sancionados/input_Filtro Empleado_form_popupFiltroEmpleadofiltroEmpleado'

2022-04-04 13:01:05 - [TEST_STEP][PASSED] - click(findTestObject("M-OBJECTS TAREAS SECUNDARIAS/Pruebas Bienestar/Sancionados/span_Diaz Blanco Guisell")): Object: 'Object Repository/M-OBJECTS TAREAS SECUNDARIAS/Pruebas Bienestar/Sancionados/span_Diaz Blanco Guisell' is clicked on

2022-04-04 13:01:05 - [MESSAGE][PASSED] - Object: 'Object Repository/M-OBJECTS TAREAS SECUNDARIAS/Pruebas Bienestar/Sancionados/span_Diaz Blanco Guisell' is clicked on

2022-04-04 13:01:05 - [TEST_STEP][PASSED] - selectOptionByIndex(findTestObject("M-OBJECTS TAREAS SECUNDARIAS/Pruebas Bienestar/Sancionados/select_-- Seleccione --prueba-S-SH"), 1): All options with index in [1] are selected on object 'Object Repository/M-OBJECTS TAREAS SECUNDARIAS/Pruebas Bienestar/Sancionados/select_-- Seleccione --prueba-S-SH'

2022-04-04 13:01:07 - [MESSAGE][PASSED] - All options with index in [1] are selected on object 'Object Repository/M-OBJECTS TAREAS SECUNDARIAS/Pruebas Bienestar/Sancionados/select_-- Seleccione --prueba-S-SH'

2022-04-04 13:01:07 - [TEST_STEP][PASSED] - click(findTestObject("M-OBJECTS TAREAS SECUNDARIAS/Pruebas Bienestar/Sancionados/a_Guardar")): Object: 'Object Repository/M-OBJECTS TAREAS SECUNDARIAS/Pruebas Bienestar/Sancionados/a_Guardar' is clicked on

2022-04-04 13:01:07 - [MESSAGE][PASSED] - Object: 'Object Repository/M-OBJECTS TAREAS SECUNDARIAS/Pruebas Bienestar/Sancionados/a_Guardar' is clicked on

2022-04-04 13:01:07 - [TEST_STEP][PASSED] - click(findTestObject("M-OBJECTS TAREAS SECUNDARIAS/Pruebas Bienestar/Sancionados/a_Sancionados")): Object: 'Object Repository/M-OBJECTS TAREAS SECUNDARIAS/Pruebas Bienestar/Sancionados/a_Sancionados' is clicked on

2022-04-04 13:01:08 - [MESSAGE][PASSED] - Object: 'Object Repository/M-OBJECTS TAREAS SECUNDARIAS/Pruebas Bienestar/Sancionados/a_Sancionados' is clicked on

2022-04-04 13:01:08 - [TEST_STEP][PASSED] - if (waitForElementVisible(findTestObject("M-OBJECTS TAREAS SECUNDARIAS/Pruebas Bienestar/Sancionados/a_PRUEBAS K_form_sancionadoslistaSancionados0j_idt641"), 1)): Web element with id: 'Object Repository/M-OBJECTS TAREAS SECUNDARIAS/Pruebas Bienestar/Sancionados/a_PRUEBAS K_form_sancionadoslistaSancionados0j_idt641' located by '//a[@id='form_sancionados:listaSancionados:0:j_idt641']' not found

2022-04-04 13:01:10 - [MESSAGE][INFO] - Unable to find the element located by 'By.xpath: //a[@id='form_sancionados:listaSancionados:0:j_idt641']'. Please recheck the objects properties to make sure the desired element is located. 

2022-04-04 13:01:10 - [MESSAGE][WARNING] - Web element with id: 'Object Repository/M-OBJECTS TAREAS SECUNDARIAS/Pruebas Bienestar/Sancionados/a_PRUEBAS K_form_sancionadoslistaSancionados0j_idt641' located by '//a[@id='form_sancionados:listaSancionados:0:j_idt641']' not found

2022-04-04 13:01:10 - [TEST_STEP][PASSED] - selectOptionByIndex(findTestObject("M-OBJECTS TAREAS SECUNDARIAS/Pruebas Bienestar/Sancionados/select_-- Seleccione --1010220596 - A A A1057596487 - Diaz Blanco Guisell"), 2): All options with index in [2] are selected on object 'Object Repository/M-OBJECTS TAREAS SECUNDARIAS/Pruebas Bienestar/Sancionados/select_-- Seleccione --1010220596 - A A A1057596487 - Diaz Blanco Guisell'

2022-04-04 13:01:12 - [MESSAGE][PASSED] - All options with index in [2] are selected on object 'Object Repository/M-OBJECTS TAREAS SECUNDARIAS/Pruebas Bienestar/Sancionados/select_-- Seleccione --1010220596 - A A A1057596487 - Diaz Blanco Guisell'

2022-04-04 13:01:12 - [TEST_STEP][PASSED] - setText(findTestObject("M-OBJECTS TAREAS SECUNDARIAS/Pruebas Bienestar/Sancionados/textarea_Observacin_form_sancionadoslistaSancionadosobservacion"), "PRUEBAS K"): Text 'PRUEBAS K' is set on object 'Object Repository/M-OBJECTS TAREAS SECUNDARIAS/Pruebas Bienestar/Sancionados/textarea_Observacin_form_sancionadoslistaSancionadosobservacion'

2022-04-04 13:01:13 - [MESSAGE][PASSED] - Text 'PRUEBAS K' is set on object 'Object Repository/M-OBJECTS TAREAS SECUNDARIAS/Pruebas Bienestar/Sancionados/textarea_Observacin_form_sancionadoslistaSancionadosobservacion'

2022-04-04 13:01:13 - [TEST_STEP][PASSED] - click(findTestObject("M-OBJECTS TAREAS SECUNDARIAS/Pruebas Bienestar/Sancionados/a_Observacin_form_sancionadoslistaSancionadosj_idt643")): Object: 'Object Repository/M-OBJECTS TAREAS SECUNDARIAS/Pruebas Bienestar/Sancionados/a_Observacin_form_sancionadoslistaSancionadosj_idt643' is clicked on

2022-04-04 13:01:13 - [MESSAGE][PASSED] - Object: 'Object Repository/M-OBJECTS TAREAS SECUNDARIAS/Pruebas Bienestar/Sancionados/a_Observacin_form_sancionadoslistaSancionadosj_idt643' is clicked on

2022-04-04 13:01:13 - [TEST_STEP][PASSED] - closeBrowser(): Browser is closed

2022-04-04 13:01:14 - [MESSAGE][PASSED] - Browser is closed]]></system-out>
         <system-err><![CDATA[]]></system-err>
      </testcase>
      <testcase name="Test Cases/1.2-Tareas_Secundarias/3.1-Pruebas_Bienestar/3.2.8-Programación_de_evaluación" time="34.117" classname="Test Cases/1.2-Tareas_Secundarias/3.1-Pruebas_Bienestar/3.2.8-Programación_de_evaluación" status="PASSED">
         <system-out><![CDATA[2022-04-04 13:01:14 - [TEST_CASE][PASSED] - Test Cases/1.2-Tareas_Secundarias/3.1-Pruebas_Bienestar/3.2.8-Programación_de_evaluación: Test Cases/1.2-Tareas_Secundarias/3.1-Pruebas_Bienestar/3.2.8-Programación_de_evaluación

2022-04-04 13:01:14 - [TEST_STEP][PASSED] - callTestCase(findTestCase("Utilidades-(atajos_para _tareas)/Modulos/Modulo bienestar-eventos"), [:], STOP_ON_FAILURE): Call Test Case 'Test Cases/Utilidades-(atajos_para _tareas)/Modulos/Modulo bienestar-eventos' successfully

2022-04-04 13:01:14 - [TEST_CASE][PASSED] - Test Cases/Utilidades-(atajos_para _tareas)/Modulos/Modulo bienestar-eventos: Test Cases/Utilidades-(atajos_para _tareas)/Modulos/Modulo bienestar-eventos

2022-04-04 13:01:14 - [TEST_STEP][PASSED] - callTestCase(findTestCase("0.1-Login"), [:], STOP_ON_FAILURE): Call Test Case 'Test Cases/0.1-Login' successfully

2022-04-04 13:01:14 - [TEST_CASE][PASSED] - Test Cases/0.1-Login: Test Cases/0.1-Login

2022-04-04 13:01:14 - [TEST_STEP][PASSED] - openBrowser(""): Browser is opened with url: ''

2022-04-04 13:01:14 - [MESSAGE][INFO] - Starting 'Chrome' driver

2022-04-04 13:01:14 - [MESSAGE][INFO] - Action delay is set to 0 milliseconds

2022-04-04 13:01:15 - [MESSAGE][PASSED] - Browser is opened with url: ''

2022-04-04 13:01:15 - [TEST_STEP][PASSED] - maximizeWindow(): Current window maximized

2022-04-04 13:01:15 - [MESSAGE][PASSED] - Current window maximized

2022-04-04 13:01:15 - [TEST_STEP][PASSED] - i = G_Login: null

2022-04-04 13:01:15 - [TEST_STEP][PASSED] - url = new java.net.URL(i): null

2022-04-04 13:01:15 - [TEST_STEP][PASSED] - println("URL: " + url.toString()): null

2022-04-04 13:01:15 - [TEST_STEP][PASSED] - connection = url.openConnection(): null

2022-04-04 13:01:15 - [TEST_STEP][PASSED] - connection.setRequestMethod("GET"): null

2022-04-04 13:01:15 - [TEST_STEP][PASSED] - connection.setReadTimeout(2 * 1000): null

2022-04-04 13:01:15 - [TEST_STEP][PASSED] - try: null

2022-04-04 13:01:15 - [TEST_STEP][PASSED] - connection.connect(): null

2022-04-04 13:01:15 - [TEST_STEP][PASSED] - flag = connected: null

2022-04-04 13:01:15 - [TEST_STEP][PASSED] - println("Valor_ori: " + flag): null

2022-04-04 13:01:15 - [TEST_STEP][PASSED] - if (flag): null

2022-04-04 13:01:15 - [TEST_STEP][PASSED] - navigateToUrl(i): Navigate to 'http://192.168.2.19:8380/saraweb' successfully

2022-04-04 13:01:16 - [MESSAGE][PASSED] - Navigate to 'http://192.168.2.19:8380/saraweb' successfully

2022-04-04 13:01:16 - [TEST_STEP][PASSED] - a(): null

2022-04-04 13:01:16 - [TEST_STEP][PASSED] - setText(findTestObject("Login/input_USUARIO_loginusuario"), G_Usuario): Text 'saraadmin' is set on object 'Object Repository/Login/input_USUARIO_loginusuario'

2022-04-04 13:01:17 - [MESSAGE][PASSED] - Text 'saraadmin' is set on object 'Object Repository/Login/input_USUARIO_loginusuario'

2022-04-04 13:01:17 - [TEST_STEP][PASSED] - setEncryptedText(findTestObject("Login/input_CLAVE_loginpassword"), "MkG4/TYiCFC3cb2driP7+Q=="): Text ****** has been set on object 'Object Repository/Login/input_CLAVE_loginpassword'

2022-04-04 13:01:17 - [MESSAGE][PASSED] - Text ****** has been set on object 'Object Repository/Login/input_CLAVE_loginpassword'

2022-04-04 13:01:17 - [TEST_STEP][PASSED] - waitForElementClickable(findTestObject("Login/a_Ingresar"), G_TimeOut): Object 'Object Repository/Login/a_Ingresar' is clickable

2022-04-04 13:01:18 - [MESSAGE][PASSED] - Object 'Object Repository/Login/a_Ingresar' is clickable

2022-04-04 13:01:18 - [TEST_STEP][PASSED] - click(findTestObject("Login/a_Ingresar")): Object: 'Object Repository/Login/a_Ingresar' is clicked on

2022-04-04 13:01:19 - [MESSAGE][PASSED] - Object: 'Object Repository/Login/a_Ingresar' is clicked on

2022-04-04 13:01:19 - [TEST_STEP][PASSED] - element = findWebElement(findTestObject("Login/a_Ir"), 30): null

2022-04-04 13:01:20 - [TEST_STEP][PASSED] - executeJavaScript("arguments[0].click()", Arrays.asList(element)): Execute JavaScript 'arguments[0].click()' successfully

2022-04-04 13:01:20 - [MESSAGE][PASSED] - Execute JavaScript 'arguments[0].click()' successfully

2022-04-04 13:01:20 - [MESSAGE][PASSED] - Call Test Case 'Test Cases/0.1-Login' successfully

2022-04-04 13:01:20 - [TEST_STEP][PASSED] - waitForElementClickable(findTestObject("Modulo bienestar-eventos/input_ADMINISTRADOR DEL SISTEMA"), 0): Object 'Object Repository/Modulo bienestar-eventos/input_ADMINISTRADOR DEL SISTEMA' is clickable

2022-04-04 13:01:20 - [MESSAGE][WARNING] - Timeout '0' is invalid. Using default page load timeout: '45'

2022-04-04 13:01:20 - [MESSAGE][PASSED] - Object 'Object Repository/Modulo bienestar-eventos/input_ADMINISTRADOR DEL SISTEMA' is clickable

2022-04-04 13:01:20 - [TEST_STEP][PASSED] - setText(findTestObject("Modulo bienestar-eventos/input_ADMINISTRADOR DEL SISTEMA"), "eventos (bie)"): Text 'eventos (bie)' is set on object 'Object Repository/Modulo bienestar-eventos/input_ADMINISTRADOR DEL SISTEMA'

2022-04-04 13:01:21 - [MESSAGE][PASSED] - Text 'eventos (bie)' is set on object 'Object Repository/Modulo bienestar-eventos/input_ADMINISTRADOR DEL SISTEMA'

2022-04-04 13:01:21 - [TEST_STEP][PASSED] - click(findTestObject("Modulo bienestar-eventos/span_Eventos (bie)")): Object: 'Object Repository/Modulo bienestar-eventos/span_Eventos (bie)' is clicked on

2022-04-04 13:01:23 - [MESSAGE][PASSED] - Object: 'Object Repository/Modulo bienestar-eventos/span_Eventos (bie)' is clicked on

2022-04-04 13:01:23 - [MESSAGE][PASSED] - Call Test Case 'Test Cases/Utilidades-(atajos_para _tareas)/Modulos/Modulo bienestar-eventos' successfully

2022-04-04 13:01:23 - [TEST_STEP][PASSED] - click(findTestObject("M-OBJECTS TAREAS SECUNDARIAS/Pruebas Bienestar/Programación_de_evaluación/td_Prueba-S")): Object: 'Object Repository/M-OBJECTS TAREAS SECUNDARIAS/Pruebas Bienestar/Programación_de_evaluación/td_Prueba-S' is clicked on

2022-04-04 13:01:24 - [MESSAGE][PASSED] - Object: 'Object Repository/M-OBJECTS TAREAS SECUNDARIAS/Pruebas Bienestar/Programación_de_evaluación/td_Prueba-S' is clicked on

2022-04-04 13:01:24 - [TEST_STEP][PASSED] - click(findTestObject("M-OBJECTS TAREAS SECUNDARIAS/Pruebas Bienestar/Programación_de_evaluación/div_Participante")): Object: 'Object Repository/M-OBJECTS TAREAS SECUNDARIAS/Pruebas Bienestar/Programación_de_evaluación/div_Participante' is clicked on

2022-04-04 13:01:25 - [MESSAGE][PASSED] - Object: 'Object Repository/M-OBJECTS TAREAS SECUNDARIAS/Pruebas Bienestar/Programación_de_evaluación/div_Participante' is clicked on

2022-04-04 13:01:25 - [TEST_STEP][PASSED] - click(findTestObject("M-OBJECTS TAREAS SECUNDARIAS/Pruebas Bienestar/Programación_de_evaluación/a_Grupo")): Object: 'Object Repository/M-OBJECTS TAREAS SECUNDARIAS/Pruebas Bienestar/Programación_de_evaluación/a_Grupo' is clicked on

2022-04-04 13:01:25 - [MESSAGE][PASSED] - Object: 'Object Repository/M-OBJECTS TAREAS SECUNDARIAS/Pruebas Bienestar/Programación_de_evaluación/a_Grupo' is clicked on

2022-04-04 13:01:25 - [TEST_STEP][PASSED] - if (waitForElementVisible(findTestObject("M-OBJECTS TAREAS SECUNDARIAS/Pruebas Bienestar/Programación_de_evaluación/td_PRUEBAS K"), 1)): Web element with id: 'Object Repository/M-OBJECTS TAREAS SECUNDARIAS/Pruebas Bienestar/Programación_de_evaluación/td_PRUEBAS K' located by '//*/text()[normalize-space(.)='PRUEBAS K']/parent::*' not found

2022-04-04 13:01:27 - [MESSAGE][INFO] - Unable to find the element located by 'By.xpath: //*/text()[normalize-space(.)='PRUEBAS K']/parent::*'. Please recheck the objects properties to make sure the desired element is located. 

2022-04-04 13:01:27 - [MESSAGE][WARNING] - Web element with id: 'Object Repository/M-OBJECTS TAREAS SECUNDARIAS/Pruebas Bienestar/Programación_de_evaluación/td_PRUEBAS K' located by '//*/text()[normalize-space(.)='PRUEBAS K']/parent::*' not found

2022-04-04 13:01:27 - [TEST_STEP][PASSED] - else: Object: 'Object Repository/M-OBJECTS TAREAS SECUNDARIAS/Pruebas Bienestar/Programación_de_evaluación/span_Inscrito_ui-icon ui-icon-closethick' is clicked on

2022-04-04 13:01:27 - [TEST_STEP][PASSED] - click(findTestObject("M-OBJECTS TAREAS SECUNDARIAS/Pruebas Bienestar/Programación_de_evaluación/a_Nuevo")): Object: 'Object Repository/M-OBJECTS TAREAS SECUNDARIAS/Pruebas Bienestar/Programación_de_evaluación/a_Nuevo' is clicked on

2022-04-04 13:01:28 - [MESSAGE][PASSED] - Object: 'Object Repository/M-OBJECTS TAREAS SECUNDARIAS/Pruebas Bienestar/Programación_de_evaluación/a_Nuevo' is clicked on

2022-04-04 13:01:28 - [TEST_STEP][PASSED] - setText(findTestObject("M-OBJECTS TAREAS SECUNDARIAS/Pruebas Bienestar/Programación_de_evaluación/input_Cdigo_grupoEventopanel_principal_2codigo"), "5"): Text '5' is set on object 'Object Repository/M-OBJECTS TAREAS SECUNDARIAS/Pruebas Bienestar/Programación_de_evaluación/input_Cdigo_grupoEventopanel_principal_2codigo'

2022-04-04 13:01:29 - [MESSAGE][PASSED] - Text '5' is set on object 'Object Repository/M-OBJECTS TAREAS SECUNDARIAS/Pruebas Bienestar/Programación_de_evaluación/input_Cdigo_grupoEventopanel_principal_2codigo'

2022-04-04 13:01:29 - [TEST_STEP][PASSED] - setText(findTestObject("M-OBJECTS TAREAS SECUNDARIAS/Pruebas Bienestar/Programación_de_evaluación/input_Nombre_grupoEventopanel_principal_2pGNombre"), "PRUEBAS K"): Text 'PRUEBAS K' is set on object 'Object Repository/M-OBJECTS TAREAS SECUNDARIAS/Pruebas Bienestar/Programación_de_evaluación/input_Nombre_grupoEventopanel_principal_2pGNombre'

2022-04-04 13:01:30 - [MESSAGE][PASSED] - Text 'PRUEBAS K' is set on object 'Object Repository/M-OBJECTS TAREAS SECUNDARIAS/Pruebas Bienestar/Programación_de_evaluación/input_Nombre_grupoEventopanel_principal_2pGNombre'

2022-04-04 13:01:30 - [TEST_STEP][PASSED] - selectOptionByIndex(findTestObject("M-OBJECTS TAREAS SECUNDARIAS/Pruebas Bienestar/Programación_de_evaluación/select_-- Seleccione --prueba"), 1): All options with index in [1] are selected on object 'Object Repository/M-OBJECTS TAREAS SECUNDARIAS/Pruebas Bienestar/Programación_de_evaluación/select_-- Seleccione --prueba'

2022-04-04 13:01:31 - [MESSAGE][PASSED] - All options with index in [1] are selected on object 'Object Repository/M-OBJECTS TAREAS SECUNDARIAS/Pruebas Bienestar/Programación_de_evaluación/select_-- Seleccione --prueba'

2022-04-04 13:01:31 - [TEST_STEP][PASSED] - selectOptionByIndex(findTestObject("M-OBJECTS TAREAS SECUNDARIAS/Pruebas Bienestar/Programación_de_evaluación/select_-- Seleccione --AceptadoCanceladoFinalizadoInscritoNo AceptadoNo FinalizadoSolicitado"), 7): All options with index in [7] are selected on object 'Object Repository/M-OBJECTS TAREAS SECUNDARIAS/Pruebas Bienestar/Programación_de_evaluación/select_-- Seleccione --AceptadoCanceladoFinalizadoInscritoNo AceptadoNo FinalizadoSolicitado'

2022-04-04 13:01:32 - [MESSAGE][PASSED] - All options with index in [7] are selected on object 'Object Repository/M-OBJECTS TAREAS SECUNDARIAS/Pruebas Bienestar/Programación_de_evaluación/select_-- Seleccione --AceptadoCanceladoFinalizadoInscritoNo AceptadoNo FinalizadoSolicitado'

2022-04-04 13:01:32 - [TEST_STEP][PASSED] - selectOptionByIndex(findTestObject("M-OBJECTS TAREAS SECUNDARIAS/Pruebas Bienestar/Programación_de_evaluación/select_CALIDADMENSUAL ABCMODELO EMPRESA QUINCENALPANSIONADOSPENSIONADOS BASEPRUEBAS"), 5): All options with index in [5] are selected on object 'Object Repository/M-OBJECTS TAREAS SECUNDARIAS/Pruebas Bienestar/Programación_de_evaluación/select_CALIDADMENSUAL ABCMODELO EMPRESA QUINCENALPANSIONADOSPENSIONADOS BASEPRUEBAS'

2022-04-04 13:01:33 - [MESSAGE][PASSED] - All options with index in [5] are selected on object 'Object Repository/M-OBJECTS TAREAS SECUNDARIAS/Pruebas Bienestar/Programación_de_evaluación/select_CALIDADMENSUAL ABCMODELO EMPRESA QUINCENALPANSIONADOSPENSIONADOS BASEPRUEBAS'

2022-04-04 13:01:33 - [TEST_STEP][PASSED] - element = findWebElement(findTestObject("M-OBJECTS TAREAS SECUNDARIAS/Pruebas Bienestar/Programación_de_evaluación/a_Guardar"), 30): null

2022-04-04 13:01:34 - [TEST_STEP][PASSED] - executeJavaScript("arguments[0].click()", Arrays.asList(element)): Execute JavaScript 'arguments[0].click()' successfully

2022-04-04 13:01:34 - [MESSAGE][PASSED] - Execute JavaScript 'arguments[0].click()' successfully

2022-04-04 13:01:34 - [TEST_STEP][PASSED] - click(findTestObject("M-OBJECTS TAREAS SECUNDARIAS/Pruebas Bienestar/Programación_de_evaluación/a_Integrantes")): Object: 'Object Repository/M-OBJECTS TAREAS SECUNDARIAS/Pruebas Bienestar/Programación_de_evaluación/a_Integrantes' is clicked on

2022-04-04 13:01:35 - [MESSAGE][PASSED] - Object: 'Object Repository/M-OBJECTS TAREAS SECUNDARIAS/Pruebas Bienestar/Programación_de_evaluación/a_Integrantes' is clicked on

2022-04-04 13:01:35 - [TEST_STEP][PASSED] - click(findTestObject("M-OBJECTS TAREAS SECUNDARIAS/Pruebas Bienestar/Programación_de_evaluación/a_Costo_grupoEventopanel_principal_2pGListaIntegrantesj_idt376")): Object: 'Object Repository/M-OBJECTS TAREAS SECUNDARIAS/Pruebas Bienestar/Programación_de_evaluación/a_Costo_grupoEventopanel_principal_2pGListaIntegrantesj_idt376' is clicked on

2022-04-04 13:01:35 - [MESSAGE][PASSED] - Object: 'Object Repository/M-OBJECTS TAREAS SECUNDARIAS/Pruebas Bienestar/Programación_de_evaluación/a_Costo_grupoEventopanel_principal_2pGListaIntegrantesj_idt376' is clicked on

2022-04-04 13:01:35 - [TEST_STEP][PASSED] - setText(findTestObject("M-OBJECTS TAREAS SECUNDARIAS/Pruebas Bienestar/Programación_de_evaluación/input_Filtro Hoja de Vida_formPopupHojaVidaj_idt2407"), "A A A"): Text 'A A A' is set on object 'Object Repository/M-OBJECTS TAREAS SECUNDARIAS/Pruebas Bienestar/Programación_de_evaluación/input_Filtro Hoja de Vida_formPopupHojaVidaj_idt2407'

2022-04-04 13:01:37 - [MESSAGE][PASSED] - Text 'A A A' is set on object 'Object Repository/M-OBJECTS TAREAS SECUNDARIAS/Pruebas Bienestar/Programación_de_evaluación/input_Filtro Hoja de Vida_formPopupHojaVidaj_idt2407'

2022-04-04 13:01:37 - [TEST_STEP][PASSED] - sendKeys(findTestObject("M-OBJECTS TAREAS SECUNDARIAS/Pruebas Bienestar/Programación_de_evaluación/input_Filtro Hoja de Vida_formPopupHojaVidaj_idt2407"), Keys.chord(ENTER)): Keys 'ENTER + ' sent to object: 'Object Repository/M-OBJECTS TAREAS SECUNDARIAS/Pruebas Bienestar/Programación_de_evaluación/input_Filtro Hoja de Vida_formPopupHojaVidaj_idt2407'

2022-04-04 13:01:37 - [MESSAGE][PASSED] - Keys 'ENTER + ' sent to object: 'Object Repository/M-OBJECTS TAREAS SECUNDARIAS/Pruebas Bienestar/Programación_de_evaluación/input_Filtro Hoja de Vida_formPopupHojaVidaj_idt2407'

2022-04-04 13:01:37 - [TEST_STEP][PASSED] - click(findTestObject("M-OBJECTS TAREAS SECUNDARIAS/Pruebas Bienestar/Programación_de_evaluación/span_A A A")): Object: 'Object Repository/M-OBJECTS TAREAS SECUNDARIAS/Pruebas Bienestar/Programación_de_evaluación/span_A A A' is clicked on

2022-04-04 13:01:38 - [MESSAGE][PASSED] - Object: 'Object Repository/M-OBJECTS TAREAS SECUNDARIAS/Pruebas Bienestar/Programación_de_evaluación/span_A A A' is clicked on

2022-04-04 13:01:38 - [TEST_STEP][PASSED] - click(findTestObject("M-OBJECTS TAREAS SECUNDARIAS/Pruebas Bienestar/Programación_de_evaluación/a_Costo_grupoEventopanel_principal_2pGListaIntegrantesj_idt391")): Object: 'Object Repository/M-OBJECTS TAREAS SECUNDARIAS/Pruebas Bienestar/Programación_de_evaluación/a_Costo_grupoEventopanel_principal_2pGListaIntegrantesj_idt391' is clicked on

2022-04-04 13:01:39 - [MESSAGE][PASSED] - Object: 'Object Repository/M-OBJECTS TAREAS SECUNDARIAS/Pruebas Bienestar/Programación_de_evaluación/a_Costo_grupoEventopanel_principal_2pGListaIntegrantesj_idt391' is clicked on

2022-04-04 13:01:39 - [TEST_STEP][PASSED] - click(findTestObject("M-OBJECTS TAREAS SECUNDARIAS/Pruebas Bienestar/Programación_de_evaluación/span_Inscrito_ui-icon ui-icon-closethick")): Object: 'Object Repository/M-OBJECTS TAREAS SECUNDARIAS/Pruebas Bienestar/Programación_de_evaluación/span_Inscrito_ui-icon ui-icon-closethick' is clicked on

2022-04-04 13:01:40 - [MESSAGE][PASSED] - Object: 'Object Repository/M-OBJECTS TAREAS SECUNDARIAS/Pruebas Bienestar/Programación_de_evaluación/span_Inscrito_ui-icon ui-icon-closethick' is clicked on

2022-04-04 13:01:40 - [TEST_STEP][PASSED] - click(findTestObject("M-OBJECTS TAREAS SECUNDARIAS/Pruebas Bienestar/Programación_de_evaluación/div_Evaluacin")): Object: 'Object Repository/M-OBJECTS TAREAS SECUNDARIAS/Pruebas Bienestar/Programación_de_evaluación/div_Evaluacin' is clicked on

2022-04-04 13:01:40 - [MESSAGE][PASSED] - Object: 'Object Repository/M-OBJECTS TAREAS SECUNDARIAS/Pruebas Bienestar/Programación_de_evaluación/div_Evaluacin' is clicked on

2022-04-04 13:01:40 - [TEST_STEP][PASSED] - click(findTestObject("M-OBJECTS TAREAS SECUNDARIAS/Pruebas Bienestar/Programación_de_evaluación/a_Evento")): Object: 'Object Repository/M-OBJECTS TAREAS SECUNDARIAS/Pruebas Bienestar/Programación_de_evaluación/a_Evento' is clicked on

2022-04-04 13:01:41 - [MESSAGE][PASSED] - Object: 'Object Repository/M-OBJECTS TAREAS SECUNDARIAS/Pruebas Bienestar/Programación_de_evaluación/a_Evento' is clicked on

2022-04-04 13:01:41 - [TEST_STEP][PASSED] - if (waitForElementVisible(findTestObject("M-OBJECTS TAREAS SECUNDARIAS/Pruebas Bienestar/Programación_de_evaluación/a_No Diligenciada_formEventoEvaluacionpanel_eventotablaEvaluacion0j_idt881"), 1)): Web element with id: 'Object Repository/M-OBJECTS TAREAS SECUNDARIAS/Pruebas Bienestar/Programación_de_evaluación/a_No Diligenciada_formEventoEvaluacionpanel_eventotablaEvaluacion0j_idt881' located by '//td[10]/a' not found

2022-04-04 13:01:43 - [MESSAGE][INFO] - Unable to find the element located by 'By.xpath: //td[10]/a'. Please recheck the objects properties to make sure the desired element is located. 

2022-04-04 13:01:43 - [MESSAGE][WARNING] - Web element with id: 'Object Repository/M-OBJECTS TAREAS SECUNDARIAS/Pruebas Bienestar/Programación_de_evaluación/a_No Diligenciada_formEventoEvaluacionpanel_eventotablaEvaluacion0j_idt881' located by '//td[10]/a' not found

2022-04-04 13:01:43 - [TEST_STEP][PASSED] - click(findTestObject("M-OBJECTS TAREAS SECUNDARIAS/Pruebas Bienestar/Programación_de_evaluación/a_Programar")): Object: 'Object Repository/M-OBJECTS TAREAS SECUNDARIAS/Pruebas Bienestar/Programación_de_evaluación/a_Programar' is clicked on

2022-04-04 13:01:43 - [MESSAGE][PASSED] - Object: 'Object Repository/M-OBJECTS TAREAS SECUNDARIAS/Pruebas Bienestar/Programación_de_evaluación/a_Programar' is clicked on

2022-04-04 13:01:43 - [TEST_STEP][PASSED] - selectOptionByIndex(findTestObject("M-OBJECTS TAREAS SECUNDARIAS/Pruebas Bienestar/Programación_de_evaluación/select_SeleccioneEvaluacin ArtsticaEvaluacin Evento BienestarEvaluacin PreviaEvaluacin EventoqqEvaluacin Bienestar"), 2): All options with index in [2] are selected on object 'Object Repository/M-OBJECTS TAREAS SECUNDARIAS/Pruebas Bienestar/Programación_de_evaluación/select_SeleccioneEvaluacin ArtsticaEvaluacin Evento BienestarEvaluacin PreviaEvaluacin EventoqqEvaluacin Bienestar'

2022-04-04 13:01:45 - [MESSAGE][PASSED] - All options with index in [2] are selected on object 'Object Repository/M-OBJECTS TAREAS SECUNDARIAS/Pruebas Bienestar/Programación_de_evaluación/select_SeleccioneEvaluacin ArtsticaEvaluacin Evento BienestarEvaluacin PreviaEvaluacin EventoqqEvaluacin Bienestar'

2022-04-04 13:01:45 - [TEST_STEP][PASSED] - selectOptionByIndex(findTestObject("M-OBJECTS TAREAS SECUNDARIAS/Pruebas Bienestar/Programación_de_evaluación/select_SeleccioneAceptadoCanceladoFinalizadoInscritoNo AceptadoNo FinalizadoSolicitado"), 0): All options with index in [0] are selected on object 'Object Repository/M-OBJECTS TAREAS SECUNDARIAS/Pruebas Bienestar/Programación_de_evaluación/select_SeleccioneAceptadoCanceladoFinalizadoInscritoNo AceptadoNo FinalizadoSolicitado'

2022-04-04 13:01:46 - [MESSAGE][PASSED] - All options with index in [0] are selected on object 'Object Repository/M-OBJECTS TAREAS SECUNDARIAS/Pruebas Bienestar/Programación_de_evaluación/select_SeleccioneAceptadoCanceladoFinalizadoInscritoNo AceptadoNo FinalizadoSolicitado'

2022-04-04 13:01:46 - [TEST_STEP][PASSED] - click(findTestObject("M-OBJECTS TAREAS SECUNDARIAS/Pruebas Bienestar/Programación_de_evaluación/div_Grupo_ui-chkbox-box ui-widget ui-corner-all ui-state-default ui-state-hover")): Object: 'Object Repository/M-OBJECTS TAREAS SECUNDARIAS/Pruebas Bienestar/Programación_de_evaluación/div_Grupo_ui-chkbox-box ui-widget ui-corner-all ui-state-default ui-state-hover' is clicked on

2022-04-04 13:01:46 - [MESSAGE][PASSED] - Object: 'Object Repository/M-OBJECTS TAREAS SECUNDARIAS/Pruebas Bienestar/Programación_de_evaluación/div_Grupo_ui-chkbox-box ui-widget ui-corner-all ui-state-default ui-state-hover' is clicked on

2022-04-04 13:01:46 - [TEST_STEP][PASSED] - click(findTestObject("M-OBJECTS TAREAS SECUNDARIAS/Pruebas Bienestar/Programación_de_evaluación/a_Aplicar0")): Object: 'Object Repository/M-OBJECTS TAREAS SECUNDARIAS/Pruebas Bienestar/Programación_de_evaluación/a_Aplicar0' is clicked on

2022-04-04 13:01:47 - [MESSAGE][PASSED] - Object: 'Object Repository/M-OBJECTS TAREAS SECUNDARIAS/Pruebas Bienestar/Programación_de_evaluación/a_Aplicar0' is clicked on

2022-04-04 13:01:47 - [TEST_STEP][PASSED] - closeBrowser(): Browser is closed

2022-04-04 13:01:48 - [MESSAGE][PASSED] - Browser is closed]]></system-out>
         <system-err><![CDATA[]]></system-err>
      </testcase>
      <testcase name="Test Cases/1.2-Tareas_Secundarias/3.1-Pruebas_Bienestar/3.3.1-Recursos" time="11.693" classname="Test Cases/1.2-Tareas_Secundarias/3.1-Pruebas_Bienestar/3.3.1-Recursos" status="FAILED">
         <failure type="FAILED" message="Test Cases/1.2-Tareas_Secundarias/3.1-Pruebas_Bienestar/3.3.1-Recursos FAILED.
Reason:
com.kms.katalon.core.exception.StepFailedException: Unable to select option by index
	at com.kms.katalon.core.webui.keyword.internal.WebUIKeywordMain.stepFailed(WebUIKeywordMain.groovy:64)
	at com.kms.katalon.core.webui.keyword.internal.WebUIKeywordMain.runKeyword(WebUIKeywordMain.groovy:26)
	at com.kms.katalon.core.webui.keyword.builtin.SelectOptionByIndexKeyword.selectOptionByIndex(SelectOptionByIndexKeyword.groovy:93)
	at com.kms.katalon.core.webui.keyword.builtin.SelectOptionByIndexKeyword.execute(SelectOptionByIndexKeyword.groovy:68)
	at com.kms.katalon.core.keyword.internal.KeywordExecutor.executeKeywordForPlatform(KeywordExecutor.groovy:74)
	at com.kms.katalon.core.webui.keyword.WebUiBuiltInKeywords.selectOptionByIndex(WebUiBuiltInKeywords.groovy:1133)
	at com.kms.katalon.core.webui.keyword.WebUiBuiltInKeywords$selectOptionByIndex$10.call(Unknown Source)
	at 3.3.1-Recursos.run(3.3.1-Recursos:28)
	at com.kms.katalon.core.main.ScriptEngine.run(ScriptEngine.java:194)
	at com.kms.katalon.core.main.ScriptEngine.runScriptAsRawText(ScriptEngine.java:119)
	at com.kms.katalon.core.main.TestCaseExecutor.runScript(TestCaseExecutor.java:442)
	at com.kms.katalon.core.main.TestCaseExecutor.doExecute(TestCaseExecutor.java:433)
	at com.kms.katalon.core.main.TestCaseExecutor.processExecutionPhase(TestCaseExecutor.java:412)
	at com.kms.katalon.core.main.TestCaseExecutor.accessMainPhase(TestCaseExecutor.java:404)
	at com.kms.katalon.core.main.TestCaseExecutor.execute(TestCaseExecutor.java:281)
	at com.kms.katalon.core.main.TestSuiteExecutor.accessTestCaseMainPhase(TestSuiteExecutor.java:202)
	at com.kms.katalon.core.main.TestSuiteExecutor.accessTestSuiteMainPhase(TestSuiteExecutor.java:164)
	at com.kms.katalon.core.main.TestSuiteExecutor.execute(TestSuiteExecutor.java:105)
	at com.kms.katalon.core.main.TestCaseMain.startTestSuite(TestCaseMain.java:185)
	at com.kms.katalon.core.main.TestCaseMain$startTestSuite$0.call(Unknown Source)
	at TempTestSuite1649094600246.run(TempTestSuite1649094600246.groovy:36)
Caused by: java.lang.IllegalArgumentException: Object is null
	at com.kms.katalon.core.helper.KeywordHelper.checkTestObjectParameter(KeywordHelper.java:33)
	at com.kms.katalon.core.webui.keyword.builtin.SelectOptionByIndexKeyword$_selectOptionByIndex_closure1.doCall(SelectOptionByIndexKeyword.groovy:76)
	at com.kms.katalon.core.webui.keyword.builtin.SelectOptionByIndexKeyword$_selectOptionByIndex_closure1.call(SelectOptionByIndexKeyword.groovy)
	at com.kms.katalon.core.webui.keyword.internal.WebUIKeywordMain.runKeyword(WebUIKeywordMain.groovy:20)
	... 19 more
"/>
         <system-out><![CDATA[2022-04-04 13:01:48 - [TEST_CASE][FAILED] - Test Cases/1.2-Tareas_Secundarias/3.1-Pruebas_Bienestar/3.3.1-Recursos: Test Cases/1.2-Tareas_Secundarias/3.1-Pruebas_Bienestar/3.3.1-Recursos FAILED.
Reason:
com.kms.katalon.core.exception.StepFailedException: Unable to select option by index
	at com.kms.katalon.core.webui.keyword.internal.WebUIKeywordMain.stepFailed(WebUIKeywordMain.groovy:64)
	at com.kms.katalon.core.webui.keyword.internal.WebUIKeywordMain.runKeyword(WebUIKeywordMain.groovy:26)
	at com.kms.katalon.core.webui.keyword.builtin.SelectOptionByIndexKeyword.selectOptionByIndex(SelectOptionByIndexKeyword.groovy:93)
	at com.kms.katalon.core.webui.keyword.builtin.SelectOptionByIndexKeyword.execute(SelectOptionByIndexKeyword.groovy:68)
	at com.kms.katalon.core.keyword.internal.KeywordExecutor.executeKeywordForPlatform(KeywordExecutor.groovy:74)
	at com.kms.katalon.core.webui.keyword.WebUiBuiltInKeywords.selectOptionByIndex(WebUiBuiltInKeywords.groovy:1133)
	at com.kms.katalon.core.webui.keyword.WebUiBuiltInKeywords$selectOptionByIndex$10.call(Unknown Source)
	at 3.3.1-Recursos.run(3.3.1-Recursos:28)
	at com.kms.katalon.core.main.ScriptEngine.run(ScriptEngine.java:194)
	at com.kms.katalon.core.main.ScriptEngine.runScriptAsRawText(ScriptEngine.java:119)
	at com.kms.katalon.core.main.TestCaseExecutor.runScript(TestCaseExecutor.java:442)
	at com.kms.katalon.core.main.TestCaseExecutor.doExecute(TestCaseExecutor.java:433)
	at com.kms.katalon.core.main.TestCaseExecutor.processExecutionPhase(TestCaseExecutor.java:412)
	at com.kms.katalon.core.main.TestCaseExecutor.accessMainPhase(TestCaseExecutor.java:404)
	at com.kms.katalon.core.main.TestCaseExecutor.execute(TestCaseExecutor.java:281)
	at com.kms.katalon.core.main.TestSuiteExecutor.accessTestCaseMainPhase(TestSuiteExecutor.java:202)
	at com.kms.katalon.core.main.TestSuiteExecutor.accessTestSuiteMainPhase(TestSuiteExecutor.java:164)
	at com.kms.katalon.core.main.TestSuiteExecutor.execute(TestSuiteExecutor.java:105)
	at com.kms.katalon.core.main.TestCaseMain.startTestSuite(TestCaseMain.java:185)
	at com.kms.katalon.core.main.TestCaseMain$startTestSuite$0.call(Unknown Source)
	at TempTestSuite1649094600246.run(TempTestSuite1649094600246.groovy:36)
Caused by: java.lang.IllegalArgumentException: Object is null
	at com.kms.katalon.core.helper.KeywordHelper.checkTestObjectParameter(KeywordHelper.java:33)
	at com.kms.katalon.core.webui.keyword.builtin.SelectOptionByIndexKeyword$_selectOptionByIndex_closure1.doCall(SelectOptionByIndexKeyword.groovy:76)
	at com.kms.katalon.core.webui.keyword.builtin.SelectOptionByIndexKeyword$_selectOptionByIndex_closure1.call(SelectOptionByIndexKeyword.groovy)
	at com.kms.katalon.core.webui.keyword.internal.WebUIKeywordMain.runKeyword(WebUIKeywordMain.groovy:20)
	... 19 more


2022-04-04 13:01:48 - [TEST_STEP][PASSED] - callTestCase(findTestCase("Utilidades-(atajos_para _tareas)/Modulos/Modulo bienestar-eventos"), [:], STOP_ON_FAILURE): Call Test Case 'Test Cases/Utilidades-(atajos_para _tareas)/Modulos/Modulo bienestar-eventos' successfully

2022-04-04 13:01:48 - [TEST_CASE][PASSED] - Test Cases/Utilidades-(atajos_para _tareas)/Modulos/Modulo bienestar-eventos: Test Cases/Utilidades-(atajos_para _tareas)/Modulos/Modulo bienestar-eventos

2022-04-04 13:01:48 - [TEST_STEP][PASSED] - callTestCase(findTestCase("0.1-Login"), [:], STOP_ON_FAILURE): Call Test Case 'Test Cases/0.1-Login' successfully

2022-04-04 13:01:48 - [TEST_CASE][PASSED] - Test Cases/0.1-Login: Test Cases/0.1-Login

2022-04-04 13:01:48 - [TEST_STEP][PASSED] - openBrowser(""): Browser is opened with url: ''

2022-04-04 13:01:48 - [MESSAGE][INFO] - Starting 'Chrome' driver

2022-04-04 13:01:48 - [MESSAGE][INFO] - Action delay is set to 0 milliseconds

2022-04-04 13:01:49 - [MESSAGE][PASSED] - Browser is opened with url: ''

2022-04-04 13:01:49 - [TEST_STEP][PASSED] - maximizeWindow(): Current window maximized

2022-04-04 13:01:50 - [MESSAGE][PASSED] - Current window maximized

2022-04-04 13:01:50 - [TEST_STEP][PASSED] - i = G_Login: null

2022-04-04 13:01:50 - [TEST_STEP][PASSED] - url = new java.net.URL(i): null

2022-04-04 13:01:50 - [TEST_STEP][PASSED] - println("URL: " + url.toString()): null

2022-04-04 13:01:50 - [TEST_STEP][PASSED] - connection = url.openConnection(): null

2022-04-04 13:01:50 - [TEST_STEP][PASSED] - connection.setRequestMethod("GET"): null

2022-04-04 13:01:50 - [TEST_STEP][PASSED] - connection.setReadTimeout(2 * 1000): null

2022-04-04 13:01:50 - [TEST_STEP][PASSED] - try: null

2022-04-04 13:01:50 - [TEST_STEP][PASSED] - connection.connect(): null

2022-04-04 13:01:50 - [TEST_STEP][PASSED] - flag = connected: null

2022-04-04 13:01:50 - [TEST_STEP][PASSED] - println("Valor_ori: " + flag): null

2022-04-04 13:01:50 - [TEST_STEP][PASSED] - if (flag): null

2022-04-04 13:01:50 - [TEST_STEP][PASSED] - navigateToUrl(i): Navigate to 'http://192.168.2.19:8380/saraweb' successfully

2022-04-04 13:01:50 - [MESSAGE][PASSED] - Navigate to 'http://192.168.2.19:8380/saraweb' successfully

2022-04-04 13:01:50 - [TEST_STEP][PASSED] - a(): null

2022-04-04 13:01:50 - [TEST_STEP][PASSED] - setText(findTestObject("Login/input_USUARIO_loginusuario"), G_Usuario): Text 'saraadmin' is set on object 'Object Repository/Login/input_USUARIO_loginusuario'

2022-04-04 13:01:51 - [MESSAGE][PASSED] - Text 'saraadmin' is set on object 'Object Repository/Login/input_USUARIO_loginusuario'

2022-04-04 13:01:51 - [TEST_STEP][PASSED] - setEncryptedText(findTestObject("Login/input_CLAVE_loginpassword"), "MkG4/TYiCFC3cb2driP7+Q=="): Text ****** has been set on object 'Object Repository/Login/input_CLAVE_loginpassword'

2022-04-04 13:01:51 - [MESSAGE][PASSED] - Text ****** has been set on object 'Object Repository/Login/input_CLAVE_loginpassword'

2022-04-04 13:01:51 - [TEST_STEP][PASSED] - waitForElementClickable(findTestObject("Login/a_Ingresar"), G_TimeOut): Object 'Object Repository/Login/a_Ingresar' is clickable

2022-04-04 13:01:52 - [MESSAGE][PASSED] - Object 'Object Repository/Login/a_Ingresar' is clickable

2022-04-04 13:01:52 - [TEST_STEP][PASSED] - click(findTestObject("Login/a_Ingresar")): Object: 'Object Repository/Login/a_Ingresar' is clicked on

2022-04-04 13:01:52 - [MESSAGE][PASSED] - Object: 'Object Repository/Login/a_Ingresar' is clicked on

2022-04-04 13:01:52 - [TEST_STEP][PASSED] - element = findWebElement(findTestObject("Login/a_Ir"), 30): null

2022-04-04 13:01:53 - [TEST_STEP][PASSED] - executeJavaScript("arguments[0].click()", Arrays.asList(element)): Execute JavaScript 'arguments[0].click()' successfully

2022-04-04 13:01:53 - [MESSAGE][PASSED] - Execute JavaScript 'arguments[0].click()' successfully

2022-04-04 13:01:53 - [MESSAGE][PASSED] - Call Test Case 'Test Cases/0.1-Login' successfully

2022-04-04 13:01:53 - [TEST_STEP][PASSED] - waitForElementClickable(findTestObject("Modulo bienestar-eventos/input_ADMINISTRADOR DEL SISTEMA"), 0): Object 'Object Repository/Modulo bienestar-eventos/input_ADMINISTRADOR DEL SISTEMA' is clickable

2022-04-04 13:01:53 - [MESSAGE][WARNING] - Timeout '0' is invalid. Using default page load timeout: '45'

2022-04-04 13:01:54 - [MESSAGE][PASSED] - Object 'Object Repository/Modulo bienestar-eventos/input_ADMINISTRADOR DEL SISTEMA' is clickable

2022-04-04 13:01:54 - [TEST_STEP][PASSED] - setText(findTestObject("Modulo bienestar-eventos/input_ADMINISTRADOR DEL SISTEMA"), "eventos (bie)"): Text 'eventos (bie)' is set on object 'Object Repository/Modulo bienestar-eventos/input_ADMINISTRADOR DEL SISTEMA'

2022-04-04 13:01:54 - [MESSAGE][PASSED] - Text 'eventos (bie)' is set on object 'Object Repository/Modulo bienestar-eventos/input_ADMINISTRADOR DEL SISTEMA'

2022-04-04 13:01:54 - [TEST_STEP][PASSED] - click(findTestObject("Modulo bienestar-eventos/span_Eventos (bie)")): Object: 'Object Repository/Modulo bienestar-eventos/span_Eventos (bie)' is clicked on

2022-04-04 13:01:56 - [MESSAGE][PASSED] - Object: 'Object Repository/Modulo bienestar-eventos/span_Eventos (bie)' is clicked on

2022-04-04 13:01:56 - [MESSAGE][PASSED] - Call Test Case 'Test Cases/Utilidades-(atajos_para _tareas)/Modulos/Modulo bienestar-eventos' successfully

2022-04-04 13:01:56 - [TEST_STEP][PASSED] - click(findTestObject("M-OBJECTS TAREAS SECUNDARIAS/Pruebas Bienestar/Recursos/td_Prueba-S")): Object: 'Object Repository/M-OBJECTS TAREAS SECUNDARIAS/Pruebas Bienestar/Recursos/td_Prueba-S' is clicked on

2022-04-04 13:01:58 - [MESSAGE][PASSED] - Object: 'Object Repository/M-OBJECTS TAREAS SECUNDARIAS/Pruebas Bienestar/Recursos/td_Prueba-S' is clicked on

2022-04-04 13:01:58 - [TEST_STEP][PASSED] - click(findTestObject("M-OBJECTS TAREAS SECUNDARIAS/Pruebas Bienestar/Recursos/div_Recursos")): Object: 'Object Repository/M-OBJECTS TAREAS SECUNDARIAS/Pruebas Bienestar/Recursos/div_Recursos' is clicked on

2022-04-04 13:01:59 - [MESSAGE][PASSED] - Object: 'Object Repository/M-OBJECTS TAREAS SECUNDARIAS/Pruebas Bienestar/Recursos/div_Recursos' is clicked on

2022-04-04 13:01:59 - [TEST_STEP][PASSED] - click(findTestObject("M-OBJECTS TAREAS SECUNDARIAS/Pruebas Bienestar/Recursos/a_Logsticos")): Object: 'Object Repository/M-OBJECTS TAREAS SECUNDARIAS/Pruebas Bienestar/Recursos/a_Logsticos' is clicked on

2022-04-04 13:01:59 - [MESSAGE][PASSED] - Object: 'Object Repository/M-OBJECTS TAREAS SECUNDARIAS/Pruebas Bienestar/Recursos/a_Logsticos' is clicked on

2022-04-04 13:01:59 - [TEST_STEP][FAILED] - selectOptionByIndex(findTestObject("Modulo Pruebas Bienestar/Recursos/select_SeleccioneBlue RayCmarasCamaras de videoComedoresEstacin de cafeInternetIpadLucesMicrofonosPantallasPorttilSonidoTabletsTarimaTeleconferencia"), 6): Unable to select option by index (Root cause: com.kms.katalon.core.exception.StepFailedException: Unable to select option by index
	at com.kms.katalon.core.webui.keyword.internal.WebUIKeywordMain.stepFailed(WebUIKeywordMain.groovy:64)
	at com.kms.katalon.core.webui.keyword.internal.WebUIKeywordMain.runKeyword(WebUIKeywordMain.groovy:26)
	at com.kms.katalon.core.webui.keyword.builtin.SelectOptionByIndexKeyword.selectOptionByIndex(SelectOptionByIndexKeyword.groovy:93)
	at com.kms.katalon.core.webui.keyword.builtin.SelectOptionByIndexKeyword.execute(SelectOptionByIndexKeyword.groovy:68)
	at com.kms.katalon.core.keyword.internal.KeywordExecutor.executeKeywordForPlatform(KeywordExecutor.groovy:74)
	at com.kms.katalon.core.webui.keyword.WebUiBuiltInKeywords.selectOptionByIndex(WebUiBuiltInKeywords.groovy:1133)
	at com.kms.katalon.core.webui.keyword.WebUiBuiltInKeywords$selectOptionByIndex$10.call(Unknown Source)
	at 3.3.1-Recursos.run(3.3.1-Recursos:28)
	at com.kms.katalon.core.main.ScriptEngine.run(ScriptEngine.java:194)
	at com.kms.katalon.core.main.ScriptEngine.runScriptAsRawText(ScriptEngine.java:119)
	at com.kms.katalon.core.main.TestCaseExecutor.runScript(TestCaseExecutor.java:442)
	at com.kms.katalon.core.main.TestCaseExecutor.doExecute(TestCaseExecutor.java:433)
	at com.kms.katalon.core.main.TestCaseExecutor.processExecutionPhase(TestCaseExecutor.java:412)
	at com.kms.katalon.core.main.TestCaseExecutor.accessMainPhase(TestCaseExecutor.java:404)
	at com.kms.katalon.core.main.TestCaseExecutor.execute(TestCaseExecutor.java:281)
	at com.kms.katalon.core.main.TestSuiteExecutor.accessTestCaseMainPhase(TestSuiteExecutor.java:202)
	at com.kms.katalon.core.main.TestSuiteExecutor.accessTestSuiteMainPhase(TestSuiteExecutor.java:164)
	at com.kms.katalon.core.main.TestSuiteExecutor.execute(TestSuiteExecutor.java:105)
	at com.kms.katalon.core.main.TestCaseMain.startTestSuite(TestCaseMain.java:185)
	at com.kms.katalon.core.main.TestCaseMain$startTestSuite$0.call(Unknown Source)
	at TempTestSuite1649094600246.run(TempTestSuite1649094600246.groovy:36)
Caused by: java.lang.IllegalArgumentException: Object is null
	at com.kms.katalon.core.helper.KeywordHelper.checkTestObjectParameter(KeywordHelper.java:33)
	at com.kms.katalon.core.webui.keyword.builtin.SelectOptionByIndexKeyword$_selectOptionByIndex_closure1.doCall(SelectOptionByIndexKeyword.groovy:76)
	at com.kms.katalon.core.webui.keyword.builtin.SelectOptionByIndexKeyword$_selectOptionByIndex_closure1.call(SelectOptionByIndexKeyword.groovy)
	at com.kms.katalon.core.webui.keyword.internal.WebUIKeywordMain.runKeyword(WebUIKeywordMain.groovy:20)
	at com.kms.katalon.core.webui.keyword.builtin.SelectOptionByIndexKeyword.selectOptionByIndex(SelectOptionByIndexKeyword.groovy:93)
	at com.kms.katalon.core.webui.keyword.builtin.SelectOptionByIndexKeyword.execute(SelectOptionByIndexKeyword.groovy:68)
	at com.kms.katalon.core.keyword.internal.KeywordExecutor.executeKeywordForPlatform(KeywordExecutor.groovy:74)
	at com.kms.katalon.core.webui.keyword.WebUiBuiltInKeywords.selectOptionByIndex(WebUiBuiltInKeywords.groovy:1133)
	at com.kms.katalon.core.webui.keyword.WebUiBuiltInKeywords$selectOptionByIndex$10.call(Unknown Source)
	at Script1640699111502.run(Script1640699111502.groovy:28)
	... 13 more
)

2022-04-04 13:01:59 - [MESSAGE][WARNING] - Test object with id 'Object Repository/Modulo Pruebas Bienestar/Recursos/select_SeleccioneBlue RayCmarasCamaras de videoComedoresEstacin de cafeInternetIpadLucesMicrofonosPantallasPorttilSonidoTabletsTarimaTeleconferencia' does not exist

2022-04-04 13:01:59 - [MESSAGE][WARNING] - Test object with id 'Object Repository/' does not exist

2022-04-04 13:01:59 - [MESSAGE][FAILED] - Unable to select option by index (Root cause: com.kms.katalon.core.exception.StepFailedException: Unable to select option by index
	at com.kms.katalon.core.webui.keyword.internal.WebUIKeywordMain.stepFailed(WebUIKeywordMain.groovy:64)
	at com.kms.katalon.core.webui.keyword.internal.WebUIKeywordMain.runKeyword(WebUIKeywordMain.groovy:26)
	at com.kms.katalon.core.webui.keyword.builtin.SelectOptionByIndexKeyword.selectOptionByIndex(SelectOptionByIndexKeyword.groovy:93)
	at com.kms.katalon.core.webui.keyword.builtin.SelectOptionByIndexKeyword.execute(SelectOptionByIndexKeyword.groovy:68)
	at com.kms.katalon.core.keyword.internal.KeywordExecutor.executeKeywordForPlatform(KeywordExecutor.groovy:74)
	at com.kms.katalon.core.webui.keyword.WebUiBuiltInKeywords.selectOptionByIndex(WebUiBuiltInKeywords.groovy:1133)
	at com.kms.katalon.core.webui.keyword.WebUiBuiltInKeywords$selectOptionByIndex$10.call(Unknown Source)
	at 3.3.1-Recursos.run(3.3.1-Recursos:28)
	at com.kms.katalon.core.main.ScriptEngine.run(ScriptEngine.java:194)
	at com.kms.katalon.core.main.ScriptEngine.runScriptAsRawText(ScriptEngine.java:119)
	at com.kms.katalon.core.main.TestCaseExecutor.runScript(TestCaseExecutor.java:442)
	at com.kms.katalon.core.main.TestCaseExecutor.doExecute(TestCaseExecutor.java:433)
	at com.kms.katalon.core.main.TestCaseExecutor.processExecutionPhase(TestCaseExecutor.java:412)
	at com.kms.katalon.core.main.TestCaseExecutor.accessMainPhase(TestCaseExecutor.java:404)
	at com.kms.katalon.core.main.TestCaseExecutor.execute(TestCaseExecutor.java:281)
	at com.kms.katalon.core.main.TestSuiteExecutor.accessTestCaseMainPhase(TestSuiteExecutor.java:202)
	at com.kms.katalon.core.main.TestSuiteExecutor.accessTestSuiteMainPhase(TestSuiteExecutor.java:164)
	at com.kms.katalon.core.main.TestSuiteExecutor.execute(TestSuiteExecutor.java:105)
	at com.kms.katalon.core.main.TestCaseMain.startTestSuite(TestCaseMain.java:185)
	at com.kms.katalon.core.main.TestCaseMain$startTestSuite$0.call(Unknown Source)
	at TempTestSuite1649094600246.run(TempTestSuite1649094600246.groovy:36)
Caused by: java.lang.IllegalArgumentException: Object is null
	at com.kms.katalon.core.helper.KeywordHelper.checkTestObjectParameter(KeywordHelper.java:33)
	at com.kms.katalon.core.webui.keyword.builtin.SelectOptionByIndexKeyword$_selectOptionByIndex_closure1.doCall(SelectOptionByIndexKeyword.groovy:76)
	at com.kms.katalon.core.webui.keyword.builtin.SelectOptionByIndexKeyword$_selectOptionByIndex_closure1.call(SelectOptionByIndexKeyword.groovy)
	at com.kms.katalon.core.webui.keyword.internal.WebUIKeywordMain.runKeyword(WebUIKeywordMain.groovy:20)
	at com.kms.katalon.core.webui.keyword.builtin.SelectOptionByIndexKeyword.selectOptionByIndex(SelectOptionByIndexKeyword.groovy:93)
	at com.kms.katalon.core.webui.keyword.builtin.SelectOptionByIndexKeyword.execute(SelectOptionByIndexKeyword.groovy:68)
	at com.kms.katalon.core.keyword.internal.KeywordExecutor.executeKeywordForPlatform(KeywordExecutor.groovy:74)
	at com.kms.katalon.core.webui.keyword.WebUiBuiltInKeywords.selectOptionByIndex(WebUiBuiltInKeywords.groovy:1133)
	at com.kms.katalon.core.webui.keyword.WebUiBuiltInKeywords$selectOptionByIndex$10.call(Unknown Source)
	at Script1640699111502.run(Script1640699111502.groovy:28)
	... 13 more
)
[[ATTACHMENT|C:\\Users\\diego.rojas\\git\\Pruebas-Minimas\\Reports\\20220404_125000\\Test_Suite_Secundaria\\3-Pruebas_Bienestar\\20220404_125000\\1649095319669.png]]]]></system-out>
         <system-err><![CDATA[2022-04-04 13:01:48 - [TEST_CASE][FAILED] - Test Cases/1.2-Tareas_Secundarias/3.1-Pruebas_Bienestar/3.3.1-Recursos: Test Cases/1.2-Tareas_Secundarias/3.1-Pruebas_Bienestar/3.3.1-Recursos FAILED.
Reason:
com.kms.katalon.core.exception.StepFailedException: Unable to select option by index
	at com.kms.katalon.core.webui.keyword.internal.WebUIKeywordMain.stepFailed(WebUIKeywordMain.groovy:64)
	at com.kms.katalon.core.webui.keyword.internal.WebUIKeywordMain.runKeyword(WebUIKeywordMain.groovy:26)
	at com.kms.katalon.core.webui.keyword.builtin.SelectOptionByIndexKeyword.selectOptionByIndex(SelectOptionByIndexKeyword.groovy:93)
	at com.kms.katalon.core.webui.keyword.builtin.SelectOptionByIndexKeyword.execute(SelectOptionByIndexKeyword.groovy:68)
	at com.kms.katalon.core.keyword.internal.KeywordExecutor.executeKeywordForPlatform(KeywordExecutor.groovy:74)
	at com.kms.katalon.core.webui.keyword.WebUiBuiltInKeywords.selectOptionByIndex(WebUiBuiltInKeywords.groovy:1133)
	at com.kms.katalon.core.webui.keyword.WebUiBuiltInKeywords$selectOptionByIndex$10.call(Unknown Source)
	at 3.3.1-Recursos.run(3.3.1-Recursos:28)
	at com.kms.katalon.core.main.ScriptEngine.run(ScriptEngine.java:194)
	at com.kms.katalon.core.main.ScriptEngine.runScriptAsRawText(ScriptEngine.java:119)
	at com.kms.katalon.core.main.TestCaseExecutor.runScript(TestCaseExecutor.java:442)
	at com.kms.katalon.core.main.TestCaseExecutor.doExecute(TestCaseExecutor.java:433)
	at com.kms.katalon.core.main.TestCaseExecutor.processExecutionPhase(TestCaseExecutor.java:412)
	at com.kms.katalon.core.main.TestCaseExecutor.accessMainPhase(TestCaseExecutor.java:404)
	at com.kms.katalon.core.main.TestCaseExecutor.execute(TestCaseExecutor.java:281)
	at com.kms.katalon.core.main.TestSuiteExecutor.accessTestCaseMainPhase(TestSuiteExecutor.java:202)
	at com.kms.katalon.core.main.TestSuiteExecutor.accessTestSuiteMainPhase(TestSuiteExecutor.java:164)
	at com.kms.katalon.core.main.TestSuiteExecutor.execute(TestSuiteExecutor.java:105)
	at com.kms.katalon.core.main.TestCaseMain.startTestSuite(TestCaseMain.java:185)
	at com.kms.katalon.core.main.TestCaseMain$startTestSuite$0.call(Unknown Source)
	at TempTestSuite1649094600246.run(TempTestSuite1649094600246.groovy:36)
Caused by: java.lang.IllegalArgumentException: Object is null
	at com.kms.katalon.core.helper.KeywordHelper.checkTestObjectParameter(KeywordHelper.java:33)
	at com.kms.katalon.core.webui.keyword.builtin.SelectOptionByIndexKeyword$_selectOptionByIndex_closure1.doCall(SelectOptionByIndexKeyword.groovy:76)
	at com.kms.katalon.core.webui.keyword.builtin.SelectOptionByIndexKeyword$_selectOptionByIndex_closure1.call(SelectOptionByIndexKeyword.groovy)
	at com.kms.katalon.core.webui.keyword.internal.WebUIKeywordMain.runKeyword(WebUIKeywordMain.groovy:20)
	... 19 more]]></system-err>
      </testcase>
      <testcase name="Test Cases/1.2-Tareas_Secundarias/3.1-Pruebas_Bienestar/3.3.2-Crear_tipo_de_beneficio_CASO1_(Novedad_nómina)" time="27.887" classname="Test Cases/1.2-Tareas_Secundarias/3.1-Pruebas_Bienestar/3.3.2-Crear_tipo_de_beneficio_CASO1_(Novedad_nómina)" status="PASSED">
         <system-out><![CDATA[2022-04-04 13:01:59 - [TEST_CASE][PASSED] - Test Cases/1.2-Tareas_Secundarias/3.1-Pruebas_Bienestar/3.3.2-Crear_tipo_de_beneficio_CASO1_(Novedad_nómina): Test Cases/1.2-Tareas_Secundarias/3.1-Pruebas_Bienestar/3.3.2-Crear_tipo_de_beneficio_CASO1_(Novedad_nómina)

2022-04-04 13:02:00 - [TEST_STEP][PASSED] - callTestCase(findTestCase("0.1-Login"), [:], STOP_ON_FAILURE): Call Test Case 'Test Cases/0.1-Login' successfully

2022-04-04 13:02:00 - [TEST_CASE][PASSED] - Test Cases/0.1-Login: Test Cases/0.1-Login

2022-04-04 13:02:00 - [TEST_STEP][PASSED] - openBrowser(""): Browser is opened with url: ''

2022-04-04 13:02:00 - [MESSAGE][WARNING] - A browser is already opened. Closing browser and opening a new one

2022-04-04 13:02:01 - [MESSAGE][INFO] - Starting 'Chrome' driver

2022-04-04 13:02:01 - [MESSAGE][INFO] - Action delay is set to 0 milliseconds

2022-04-04 13:02:02 - [MESSAGE][PASSED] - Browser is opened with url: ''

2022-04-04 13:02:02 - [TEST_STEP][PASSED] - maximizeWindow(): Current window maximized

2022-04-04 13:02:02 - [MESSAGE][PASSED] - Current window maximized

2022-04-04 13:02:02 - [TEST_STEP][PASSED] - i = G_Login: null

2022-04-04 13:02:02 - [TEST_STEP][PASSED] - url = new java.net.URL(i): null

2022-04-04 13:02:02 - [TEST_STEP][PASSED] - println("URL: " + url.toString()): null

2022-04-04 13:02:02 - [TEST_STEP][PASSED] - connection = url.openConnection(): null

2022-04-04 13:02:02 - [TEST_STEP][PASSED] - connection.setRequestMethod("GET"): null

2022-04-04 13:02:02 - [TEST_STEP][PASSED] - connection.setReadTimeout(2 * 1000): null

2022-04-04 13:02:02 - [TEST_STEP][PASSED] - try: null

2022-04-04 13:02:02 - [TEST_STEP][PASSED] - connection.connect(): null

2022-04-04 13:02:02 - [TEST_STEP][PASSED] - flag = connected: null

2022-04-04 13:02:02 - [TEST_STEP][PASSED] - println("Valor_ori: " + flag): null

2022-04-04 13:02:02 - [TEST_STEP][PASSED] - if (flag): null

2022-04-04 13:02:02 - [TEST_STEP][PASSED] - navigateToUrl(i): Navigate to 'http://192.168.2.19:8380/saraweb' successfully

2022-04-04 13:02:02 - [MESSAGE][PASSED] - Navigate to 'http://192.168.2.19:8380/saraweb' successfully

2022-04-04 13:02:02 - [TEST_STEP][PASSED] - a(): null

2022-04-04 13:02:02 - [TEST_STEP][PASSED] - setText(findTestObject("Login/input_USUARIO_loginusuario"), G_Usuario): Text 'saraadmin' is set on object 'Object Repository/Login/input_USUARIO_loginusuario'

2022-04-04 13:02:03 - [MESSAGE][PASSED] - Text 'saraadmin' is set on object 'Object Repository/Login/input_USUARIO_loginusuario'

2022-04-04 13:02:03 - [TEST_STEP][PASSED] - setEncryptedText(findTestObject("Login/input_CLAVE_loginpassword"), "MkG4/TYiCFC3cb2driP7+Q=="): Text ****** has been set on object 'Object Repository/Login/input_CLAVE_loginpassword'

2022-04-04 13:02:04 - [MESSAGE][PASSED] - Text ****** has been set on object 'Object Repository/Login/input_CLAVE_loginpassword'

2022-04-04 13:02:04 - [TEST_STEP][PASSED] - waitForElementClickable(findTestObject("Login/a_Ingresar"), G_TimeOut): Object 'Object Repository/Login/a_Ingresar' is clickable

2022-04-04 13:02:04 - [MESSAGE][PASSED] - Object 'Object Repository/Login/a_Ingresar' is clickable

2022-04-04 13:02:04 - [TEST_STEP][PASSED] - click(findTestObject("Login/a_Ingresar")): Object: 'Object Repository/Login/a_Ingresar' is clicked on

2022-04-04 13:02:05 - [MESSAGE][PASSED] - Object: 'Object Repository/Login/a_Ingresar' is clicked on

2022-04-04 13:02:05 - [TEST_STEP][PASSED] - element = findWebElement(findTestObject("Login/a_Ir"), 30): null

2022-04-04 13:02:05 - [TEST_STEP][PASSED] - executeJavaScript("arguments[0].click()", Arrays.asList(element)): Execute JavaScript 'arguments[0].click()' successfully

2022-04-04 13:02:05 - [MESSAGE][PASSED] - Execute JavaScript 'arguments[0].click()' successfully

2022-04-04 13:02:05 - [MESSAGE][PASSED] - Call Test Case 'Test Cases/0.1-Login' successfully

2022-04-04 13:02:05 - [TEST_STEP][PASSED] - setText(findTestObject("M-OBJECTS TAREAS SECUNDARIAS/Pruebas Bienestar/Crear_tipo_de_beneficio_CASO1_(Novedad_nómina)/input_Beneficios_form_templatej_idt24_input"), "beneficio"): Text 'beneficio' is set on object 'Object Repository/M-OBJECTS TAREAS SECUNDARIAS/Pruebas Bienestar/Crear_tipo_de_beneficio_CASO1_(Novedad_nómina)/input_Beneficios_form_templatej_idt24_input'

2022-04-04 13:02:06 - [MESSAGE][PASSED] - Text 'beneficio' is set on object 'Object Repository/M-OBJECTS TAREAS SECUNDARIAS/Pruebas Bienestar/Crear_tipo_de_beneficio_CASO1_(Novedad_nómina)/input_Beneficios_form_templatej_idt24_input'

2022-04-04 13:02:06 - [TEST_STEP][PASSED] - click(findTestObject("M-OBJECTS TAREAS SECUNDARIAS/Pruebas Bienestar/Crear_tipo_de_beneficio_CASO1_(Novedad_nómina)/li_Beneficio (bie)")): Object: 'Object Repository/M-OBJECTS TAREAS SECUNDARIAS/Pruebas Bienestar/Crear_tipo_de_beneficio_CASO1_(Novedad_nómina)/li_Beneficio (bie)' is clicked on

2022-04-04 13:02:08 - [MESSAGE][PASSED] - Object: 'Object Repository/M-OBJECTS TAREAS SECUNDARIAS/Pruebas Bienestar/Crear_tipo_de_beneficio_CASO1_(Novedad_nómina)/li_Beneficio (bie)' is clicked on

2022-04-04 13:02:08 - [TEST_STEP][PASSED] - if (waitForElementVisible(findTestObject("M-OBJECTS TAREAS SECUNDARIAS/Pruebas Bienestar/Crear_tipo_de_beneficio_CASO1_(Novedad_nómina)/td_PRUEBAS K"), 1)): null

2022-04-04 13:02:09 - [MESSAGE][PASSED] - Object 'Object Repository/M-OBJECTS TAREAS SECUNDARIAS/Pruebas Bienestar/Crear_tipo_de_beneficio_CASO1_(Novedad_nómina)/td_PRUEBAS K' is visible

2022-04-04 13:02:09 - [TEST_STEP][PASSED] - click(findTestObject("M-OBJECTS TAREAS SECUNDARIAS/Pruebas Bienestar/Crear_tipo_de_beneficio_CASO1_(Novedad_nómina)/td_PRUEBAS K")): Object: 'Object Repository/M-OBJECTS TAREAS SECUNDARIAS/Pruebas Bienestar/Crear_tipo_de_beneficio_CASO1_(Novedad_nómina)/td_PRUEBAS K' is clicked on

2022-04-04 13:02:09 - [MESSAGE][PASSED] - Object: 'Object Repository/M-OBJECTS TAREAS SECUNDARIAS/Pruebas Bienestar/Crear_tipo_de_beneficio_CASO1_(Novedad_nómina)/td_PRUEBAS K' is clicked on

2022-04-04 13:02:09 - [TEST_STEP][PASSED] - click(findTestObject("M-OBJECTS TAREAS SECUNDARIAS/Pruebas Bienestar/Crear_tipo_de_beneficio_CASO1_(Novedad_nómina)/a_Filtro Seccin")): Object: 'Object Repository/M-OBJECTS TAREAS SECUNDARIAS/Pruebas Bienestar/Crear_tipo_de_beneficio_CASO1_(Novedad_nómina)/a_Filtro Seccin' is clicked on

2022-04-04 13:02:10 - [MESSAGE][PASSED] - Object: 'Object Repository/M-OBJECTS TAREAS SECUNDARIAS/Pruebas Bienestar/Crear_tipo_de_beneficio_CASO1_(Novedad_nómina)/a_Filtro Seccin' is clicked on

2022-04-04 13:02:10 - [TEST_STEP][PASSED] - if (waitForElementVisible(findTestObject("M-OBJECTS TAREAS SECUNDARIAS/Pruebas Bienestar/Crear_tipo_de_beneficio_CASO1_(Novedad_nómina)/a_CONYUGUE_form_dirigidoTipoBeneficiariotabla_dirigido0j_idt689"), 1)): null

2022-04-04 13:02:10 - [MESSAGE][PASSED] - Object 'Object Repository/M-OBJECTS TAREAS SECUNDARIAS/Pruebas Bienestar/Crear_tipo_de_beneficio_CASO1_(Novedad_nómina)/a_CONYUGUE_form_dirigidoTipoBeneficiariotabla_dirigido0j_idt689' is visible

2022-04-04 13:02:10 - [TEST_STEP][PASSED] - click(findTestObject("M-OBJECTS TAREAS SECUNDARIAS/Pruebas Bienestar/Crear_tipo_de_beneficio_CASO1_(Novedad_nómina)/a_CONYUGUE_form_dirigidoTipoBeneficiariotabla_dirigido0j_idt689")): Object: 'Object Repository/M-OBJECTS TAREAS SECUNDARIAS/Pruebas Bienestar/Crear_tipo_de_beneficio_CASO1_(Novedad_nómina)/a_CONYUGUE_form_dirigidoTipoBeneficiariotabla_dirigido0j_idt689' is clicked on

2022-04-04 13:02:11 - [MESSAGE][PASSED] - Object: 'Object Repository/M-OBJECTS TAREAS SECUNDARIAS/Pruebas Bienestar/Crear_tipo_de_beneficio_CASO1_(Novedad_nómina)/a_CONYUGUE_form_dirigidoTipoBeneficiariotabla_dirigido0j_idt689' is clicked on

2022-04-04 13:02:11 - [TEST_STEP][PASSED] - click(findTestObject("M-OBJECTS TAREAS SECUNDARIAS/Pruebas Bienestar/Crear_tipo_de_beneficio_CASO1_(Novedad_nómina)/a_Aceptar")): Object: 'Object Repository/M-OBJECTS TAREAS SECUNDARIAS/Pruebas Bienestar/Crear_tipo_de_beneficio_CASO1_(Novedad_nómina)/a_Aceptar' is clicked on

2022-04-04 13:02:11 - [MESSAGE][PASSED] - Object: 'Object Repository/M-OBJECTS TAREAS SECUNDARIAS/Pruebas Bienestar/Crear_tipo_de_beneficio_CASO1_(Novedad_nómina)/a_Aceptar' is clicked on

2022-04-04 13:02:11 - [TEST_STEP][PASSED] - click(findTestObject("M-OBJECTS TAREAS SECUNDARIAS/Pruebas Bienestar/Crear_tipo_de_beneficio_CASO1_(Novedad_nómina)/a_Registro")): Object: 'Object Repository/M-OBJECTS TAREAS SECUNDARIAS/Pruebas Bienestar/Crear_tipo_de_beneficio_CASO1_(Novedad_nómina)/a_Registro' is clicked on

2022-04-04 13:02:12 - [MESSAGE][PASSED] - Object: 'Object Repository/M-OBJECTS TAREAS SECUNDARIAS/Pruebas Bienestar/Crear_tipo_de_beneficio_CASO1_(Novedad_nómina)/a_Registro' is clicked on

2022-04-04 13:02:12 - [TEST_STEP][PASSED] - click(findTestObject("M-OBJECTS TAREAS SECUNDARIAS/Pruebas Bienestar/Crear_tipo_de_beneficio_CASO1_(Novedad_nómina)/a_Eliminar")): Object: 'Object Repository/M-OBJECTS TAREAS SECUNDARIAS/Pruebas Bienestar/Crear_tipo_de_beneficio_CASO1_(Novedad_nómina)/a_Eliminar' is clicked on

2022-04-04 13:02:13 - [MESSAGE][PASSED] - Object: 'Object Repository/M-OBJECTS TAREAS SECUNDARIAS/Pruebas Bienestar/Crear_tipo_de_beneficio_CASO1_(Novedad_nómina)/a_Eliminar' is clicked on

2022-04-04 13:02:13 - [TEST_STEP][PASSED] - click(findTestObject("M-OBJECTS TAREAS SECUNDARIAS/Pruebas Bienestar/Crear_tipo_de_beneficio_CASO1_(Novedad_nómina)/a_Aceptar")): Object: 'Object Repository/M-OBJECTS TAREAS SECUNDARIAS/Pruebas Bienestar/Crear_tipo_de_beneficio_CASO1_(Novedad_nómina)/a_Aceptar' is clicked on

2022-04-04 13:02:13 - [MESSAGE][PASSED] - Object: 'Object Repository/M-OBJECTS TAREAS SECUNDARIAS/Pruebas Bienestar/Crear_tipo_de_beneficio_CASO1_(Novedad_nómina)/a_Aceptar' is clicked on

2022-04-04 13:02:13 - [TEST_STEP][PASSED] - scrollToElement(findTestObject("M-OBJECTS TAREAS SECUNDARIAS/Pruebas Bienestar/Crear_tipo_de_beneficio_CASO1_(Novedad_nómina)/a_Nuevo"), 0): Scroll to object 'Object Repository/M-OBJECTS TAREAS SECUNDARIAS/Pruebas Bienestar/Crear_tipo_de_beneficio_CASO1_(Novedad_nómina)/a_Nuevo' successfully

2022-04-04 13:02:13 - [MESSAGE][WARNING] - Timeout '0' is invalid. Using default page load timeout: '45'

2022-04-04 13:02:14 - [MESSAGE][PASSED] - Scroll to object 'Object Repository/M-OBJECTS TAREAS SECUNDARIAS/Pruebas Bienestar/Crear_tipo_de_beneficio_CASO1_(Novedad_nómina)/a_Nuevo' successfully

2022-04-04 13:02:14 - [TEST_STEP][PASSED] - click(findTestObject("M-OBJECTS TAREAS SECUNDARIAS/Pruebas Bienestar/Crear_tipo_de_beneficio_CASO1_(Novedad_nómina)/a_Nuevo")): Object: 'Object Repository/M-OBJECTS TAREAS SECUNDARIAS/Pruebas Bienestar/Crear_tipo_de_beneficio_CASO1_(Novedad_nómina)/a_Nuevo' is clicked on

2022-04-04 13:02:14 - [MESSAGE][PASSED] - Object: 'Object Repository/M-OBJECTS TAREAS SECUNDARIAS/Pruebas Bienestar/Crear_tipo_de_beneficio_CASO1_(Novedad_nómina)/a_Nuevo' is clicked on

2022-04-04 13:02:14 - [TEST_STEP][PASSED] - setText(findTestObject("M-OBJECTS TAREAS SECUNDARIAS/Pruebas Bienestar/Crear_tipo_de_beneficio_CASO1_(Novedad_nómina)/input_Cdigo_formDetalleTipoBeneficioBienestarcodigoTipoBeneficio"), "5"): Text '5' is set on object 'Object Repository/M-OBJECTS TAREAS SECUNDARIAS/Pruebas Bienestar/Crear_tipo_de_beneficio_CASO1_(Novedad_nómina)/input_Cdigo_formDetalleTipoBeneficioBienestarcodigoTipoBeneficio'

2022-04-04 13:02:16 - [MESSAGE][PASSED] - Text '5' is set on object 'Object Repository/M-OBJECTS TAREAS SECUNDARIAS/Pruebas Bienestar/Crear_tipo_de_beneficio_CASO1_(Novedad_nómina)/input_Cdigo_formDetalleTipoBeneficioBienestarcodigoTipoBeneficio'

2022-04-04 13:02:16 - [TEST_STEP][PASSED] - setText(findTestObject("M-OBJECTS TAREAS SECUNDARIAS/Pruebas Bienestar/Crear_tipo_de_beneficio_CASO1_(Novedad_nómina)/input_Descripcin_formDetalleTipoBeneficioBienestardescripcionTipoBeneficio"), "PRUEBAS KATALON"): Text 'PRUEBAS KATALON' is set on object 'Object Repository/M-OBJECTS TAREAS SECUNDARIAS/Pruebas Bienestar/Crear_tipo_de_beneficio_CASO1_(Novedad_nómina)/input_Descripcin_formDetalleTipoBeneficioBienestardescripcionTipoBeneficio'

2022-04-04 13:02:17 - [MESSAGE][PASSED] - Text 'PRUEBAS KATALON' is set on object 'Object Repository/M-OBJECTS TAREAS SECUNDARIAS/Pruebas Bienestar/Crear_tipo_de_beneficio_CASO1_(Novedad_nómina)/input_Descripcin_formDetalleTipoBeneficioBienestardescripcionTipoBeneficio'

2022-04-04 13:02:17 - [TEST_STEP][PASSED] - selectOptionByIndex(findTestObject("M-OBJECTS TAREAS SECUNDARIAS/Pruebas Bienestar/Crear_tipo_de_beneficio_CASO1_(Novedad_nómina)/select_-- Seleccione --Auxilio de SaludAUXILIO DE VIVIENDAAUXILIO EDUCATIVOPrueba"), 4): All options with index in [4] are selected on object 'Object Repository/M-OBJECTS TAREAS SECUNDARIAS/Pruebas Bienestar/Crear_tipo_de_beneficio_CASO1_(Novedad_nómina)/select_-- Seleccione --Auxilio de SaludAUXILIO DE VIVIENDAAUXILIO EDUCATIVOPrueba'

2022-04-04 13:02:18 - [MESSAGE][PASSED] - All options with index in [4] are selected on object 'Object Repository/M-OBJECTS TAREAS SECUNDARIAS/Pruebas Bienestar/Crear_tipo_de_beneficio_CASO1_(Novedad_nómina)/select_-- Seleccione --Auxilio de SaludAUXILIO DE VIVIENDAAUXILIO EDUCATIVOPrueba'

2022-04-04 13:02:18 - [TEST_STEP][PASSED] - selectOptionByIndex(findTestObject("M-OBJECTS TAREAS SECUNDARIAS/Pruebas Bienestar/Crear_tipo_de_beneficio_CASO1_(Novedad_nómina)/select_-- Seleccione --Solicitante Y Seccion HojaSolicitanteSeccion Hoja"), 1): All options with index in [1] are selected on object 'Object Repository/M-OBJECTS TAREAS SECUNDARIAS/Pruebas Bienestar/Crear_tipo_de_beneficio_CASO1_(Novedad_nómina)/select_-- Seleccione --Solicitante Y Seccion HojaSolicitanteSeccion Hoja'

2022-04-04 13:02:19 - [MESSAGE][PASSED] - All options with index in [1] are selected on object 'Object Repository/M-OBJECTS TAREAS SECUNDARIAS/Pruebas Bienestar/Crear_tipo_de_beneficio_CASO1_(Novedad_nómina)/select_-- Seleccione --Solicitante Y Seccion HojaSolicitanteSeccion Hoja'

2022-04-04 13:02:19 - [TEST_STEP][PASSED] - selectOptionByIndex(findTestObject("M-OBJECTS TAREAS SECUNDARIAS/Pruebas Bienestar/Crear_tipo_de_beneficio_CASO1_(Novedad_nómina)/select_-- Seleccione --familia"), 1): All options with index in [1] are selected on object 'Object Repository/M-OBJECTS TAREAS SECUNDARIAS/Pruebas Bienestar/Crear_tipo_de_beneficio_CASO1_(Novedad_nómina)/select_-- Seleccione --familia'

2022-04-04 13:02:20 - [MESSAGE][PASSED] - All options with index in [1] are selected on object 'Object Repository/M-OBJECTS TAREAS SECUNDARIAS/Pruebas Bienestar/Crear_tipo_de_beneficio_CASO1_(Novedad_nómina)/select_-- Seleccione --familia'

2022-04-04 13:02:20 - [TEST_STEP][PASSED] - selectOptionByIndex(findTestObject("M-OBJECTS TAREAS SECUNDARIAS/Pruebas Bienestar/Crear_tipo_de_beneficio_CASO1_(Novedad_nómina)/select_-- Seleccione --DescuentoNo RecaudoNovedad hacia NminaPrestamo"), 1): All options with index in [1] are selected on object 'Object Repository/M-OBJECTS TAREAS SECUNDARIAS/Pruebas Bienestar/Crear_tipo_de_beneficio_CASO1_(Novedad_nómina)/select_-- Seleccione --DescuentoNo RecaudoNovedad hacia NminaPrestamo'

2022-04-04 13:02:21 - [MESSAGE][PASSED] - All options with index in [1] are selected on object 'Object Repository/M-OBJECTS TAREAS SECUNDARIAS/Pruebas Bienestar/Crear_tipo_de_beneficio_CASO1_(Novedad_nómina)/select_-- Seleccione --DescuentoNo RecaudoNovedad hacia NminaPrestamo'

2022-04-04 13:02:21 - [TEST_STEP][PASSED] - selectOptionByIndex(findTestObject("M-OBJECTS TAREAS SECUNDARIAS/Pruebas Bienestar/Crear_tipo_de_beneficio_CASO1_(Novedad_nómina)/select_-- Seleccione --Control por TarifaManejo TarifaNo Relacionar"), 3): All options with index in [3] are selected on object 'Object Repository/M-OBJECTS TAREAS SECUNDARIAS/Pruebas Bienestar/Crear_tipo_de_beneficio_CASO1_(Novedad_nómina)/select_-- Seleccione --Control por TarifaManejo TarifaNo Relacionar'

2022-04-04 13:02:23 - [MESSAGE][PASSED] - All options with index in [3] are selected on object 'Object Repository/M-OBJECTS TAREAS SECUNDARIAS/Pruebas Bienestar/Crear_tipo_de_beneficio_CASO1_(Novedad_nómina)/select_-- Seleccione --Control por TarifaManejo TarifaNo Relacionar'

2022-04-04 13:02:23 - [TEST_STEP][PASSED] - selectOptionByIndex(findTestObject("M-OBJECTS TAREAS SECUNDARIAS/Pruebas Bienestar/Crear_tipo_de_beneficio_CASO1_(Novedad_nómina)/select_-- Seleccione --SiNo"), 1): All options with index in [1] are selected on object 'Object Repository/M-OBJECTS TAREAS SECUNDARIAS/Pruebas Bienestar/Crear_tipo_de_beneficio_CASO1_(Novedad_nómina)/select_-- Seleccione --SiNo'

2022-04-04 13:02:24 - [MESSAGE][PASSED] - All options with index in [1] are selected on object 'Object Repository/M-OBJECTS TAREAS SECUNDARIAS/Pruebas Bienestar/Crear_tipo_de_beneficio_CASO1_(Novedad_nómina)/select_-- Seleccione --SiNo'

2022-04-04 13:02:24 - [TEST_STEP][PASSED] - selectOptionByIndex(findTestObject("M-OBJECTS TAREAS SECUNDARIAS/Pruebas Bienestar/Crear_tipo_de_beneficio_CASO1_(Novedad_nómina)/select_--Seleccione--NoSi"), 2): All options with index in [2] are selected on object 'Object Repository/M-OBJECTS TAREAS SECUNDARIAS/Pruebas Bienestar/Crear_tipo_de_beneficio_CASO1_(Novedad_nómina)/select_--Seleccione--NoSi'

2022-04-04 13:02:25 - [MESSAGE][PASSED] - All options with index in [2] are selected on object 'Object Repository/M-OBJECTS TAREAS SECUNDARIAS/Pruebas Bienestar/Crear_tipo_de_beneficio_CASO1_(Novedad_nómina)/select_--Seleccione--NoSi'

2022-04-04 13:02:25 - [TEST_STEP][PASSED] - selectOptionByIndex(findTestObject("M-OBJECTS TAREAS SECUNDARIAS/Pruebas Bienestar/Crear_tipo_de_beneficio_CASO1_(Novedad_nómina)/select_Convenio--Seleccione--NoSi"), 2): All options with index in [2] are selected on object 'Object Repository/M-OBJECTS TAREAS SECUNDARIAS/Pruebas Bienestar/Crear_tipo_de_beneficio_CASO1_(Novedad_nómina)/select_Convenio--Seleccione--NoSi'

2022-04-04 13:02:26 - [MESSAGE][PASSED] - All options with index in [2] are selected on object 'Object Repository/M-OBJECTS TAREAS SECUNDARIAS/Pruebas Bienestar/Crear_tipo_de_beneficio_CASO1_(Novedad_nómina)/select_Convenio--Seleccione--NoSi'

2022-04-04 13:02:26 - [TEST_STEP][PASSED] - click(findTestObject("M-OBJECTS TAREAS SECUNDARIAS/Pruebas Bienestar/Crear_tipo_de_beneficio_CASO1_(Novedad_nómina)/a_Guardar")): Object: 'Object Repository/M-OBJECTS TAREAS SECUNDARIAS/Pruebas Bienestar/Crear_tipo_de_beneficio_CASO1_(Novedad_nómina)/a_Guardar' is clicked on

2022-04-04 13:02:27 - [MESSAGE][PASSED] - Object: 'Object Repository/M-OBJECTS TAREAS SECUNDARIAS/Pruebas Bienestar/Crear_tipo_de_beneficio_CASO1_(Novedad_nómina)/a_Guardar' is clicked on

2022-04-04 13:02:27 - [TEST_STEP][PASSED] - closeBrowser(): Browser is closed

2022-04-04 13:02:27 - [MESSAGE][PASSED] - Browser is closed]]></system-out>
         <system-err><![CDATA[]]></system-err>
      </testcase>
      <testcase name="Test Cases/1.2-Tareas_Secundarias/3.1-Pruebas_Bienestar/3.3.3-Filtro_sección" time="15.529" classname="Test Cases/1.2-Tareas_Secundarias/3.1-Pruebas_Bienestar/3.3.3-Filtro_sección" status="PASSED">
         <system-out><![CDATA[2022-04-04 13:02:27 - [TEST_CASE][PASSED] - Test Cases/1.2-Tareas_Secundarias/3.1-Pruebas_Bienestar/3.3.3-Filtro_sección: Test Cases/1.2-Tareas_Secundarias/3.1-Pruebas_Bienestar/3.3.3-Filtro_sección

2022-04-04 13:02:28 - [TEST_STEP][PASSED] - callTestCase(findTestCase("0.1-Login"), [:], STOP_ON_FAILURE): Call Test Case 'Test Cases/0.1-Login' successfully

2022-04-04 13:02:28 - [TEST_CASE][PASSED] - Test Cases/0.1-Login: Test Cases/0.1-Login

2022-04-04 13:02:28 - [TEST_STEP][PASSED] - openBrowser(""): Browser is opened with url: ''

2022-04-04 13:02:28 - [MESSAGE][INFO] - Starting 'Chrome' driver

2022-04-04 13:02:28 - [MESSAGE][INFO] - Action delay is set to 0 milliseconds

2022-04-04 13:02:29 - [MESSAGE][PASSED] - Browser is opened with url: ''

2022-04-04 13:02:29 - [TEST_STEP][PASSED] - maximizeWindow(): Current window maximized

2022-04-04 13:02:29 - [MESSAGE][PASSED] - Current window maximized

2022-04-04 13:02:29 - [TEST_STEP][PASSED] - i = G_Login: null

2022-04-04 13:02:29 - [TEST_STEP][PASSED] - url = new java.net.URL(i): null

2022-04-04 13:02:29 - [TEST_STEP][PASSED] - println("URL: " + url.toString()): null

2022-04-04 13:02:29 - [TEST_STEP][PASSED] - connection = url.openConnection(): null

2022-04-04 13:02:29 - [TEST_STEP][PASSED] - connection.setRequestMethod("GET"): null

2022-04-04 13:02:29 - [TEST_STEP][PASSED] - connection.setReadTimeout(2 * 1000): null

2022-04-04 13:02:29 - [TEST_STEP][PASSED] - try: null

2022-04-04 13:02:29 - [TEST_STEP][PASSED] - connection.connect(): null

2022-04-04 13:02:29 - [TEST_STEP][PASSED] - flag = connected: null

2022-04-04 13:02:29 - [TEST_STEP][PASSED] - println("Valor_ori: " + flag): null

2022-04-04 13:02:29 - [TEST_STEP][PASSED] - if (flag): null

2022-04-04 13:02:29 - [TEST_STEP][PASSED] - navigateToUrl(i): Navigate to 'http://192.168.2.19:8380/saraweb' successfully

2022-04-04 13:02:30 - [MESSAGE][PASSED] - Navigate to 'http://192.168.2.19:8380/saraweb' successfully

2022-04-04 13:02:30 - [TEST_STEP][PASSED] - a(): null

2022-04-04 13:02:30 - [TEST_STEP][PASSED] - setText(findTestObject("Login/input_USUARIO_loginusuario"), G_Usuario): Text 'saraadmin' is set on object 'Object Repository/Login/input_USUARIO_loginusuario'

2022-04-04 13:02:30 - [MESSAGE][PASSED] - Text 'saraadmin' is set on object 'Object Repository/Login/input_USUARIO_loginusuario'

2022-04-04 13:02:30 - [TEST_STEP][PASSED] - setEncryptedText(findTestObject("Login/input_CLAVE_loginpassword"), "MkG4/TYiCFC3cb2driP7+Q=="): Text ****** has been set on object 'Object Repository/Login/input_CLAVE_loginpassword'

2022-04-04 13:02:31 - [MESSAGE][PASSED] - Text ****** has been set on object 'Object Repository/Login/input_CLAVE_loginpassword'

2022-04-04 13:02:31 - [TEST_STEP][PASSED] - waitForElementClickable(findTestObject("Login/a_Ingresar"), G_TimeOut): Object 'Object Repository/Login/a_Ingresar' is clickable

2022-04-04 13:02:31 - [MESSAGE][PASSED] - Object 'Object Repository/Login/a_Ingresar' is clickable

2022-04-04 13:02:31 - [TEST_STEP][PASSED] - click(findTestObject("Login/a_Ingresar")): Object: 'Object Repository/Login/a_Ingresar' is clicked on

2022-04-04 13:02:33 - [MESSAGE][PASSED] - Object: 'Object Repository/Login/a_Ingresar' is clicked on

2022-04-04 13:02:33 - [TEST_STEP][PASSED] - element = findWebElement(findTestObject("Login/a_Ir"), 30): null

2022-04-04 13:02:33 - [TEST_STEP][PASSED] - executeJavaScript("arguments[0].click()", Arrays.asList(element)): Execute JavaScript 'arguments[0].click()' successfully

2022-04-04 13:02:33 - [MESSAGE][PASSED] - Execute JavaScript 'arguments[0].click()' successfully

2022-04-04 13:02:33 - [MESSAGE][PASSED] - Call Test Case 'Test Cases/0.1-Login' successfully

2022-04-04 13:02:33 - [TEST_STEP][PASSED] - setText(findTestObject("M-OBJECTS TAREAS SECUNDARIAS/Pruebas Bienestar/Filtro_sección/input_Beneficios_form_templatej_idt24_input"), "beneficio (bie)"): Text 'beneficio (bie)' is set on object 'Object Repository/M-OBJECTS TAREAS SECUNDARIAS/Pruebas Bienestar/Filtro_sección/input_Beneficios_form_templatej_idt24_input'

2022-04-04 13:02:34 - [MESSAGE][PASSED] - Text 'beneficio (bie)' is set on object 'Object Repository/M-OBJECTS TAREAS SECUNDARIAS/Pruebas Bienestar/Filtro_sección/input_Beneficios_form_templatej_idt24_input'

2022-04-04 13:02:34 - [TEST_STEP][PASSED] - click(findTestObject("M-OBJECTS TAREAS SECUNDARIAS/Pruebas Bienestar/Filtro_sección/span_Beneficio (bie)")): Object: 'Object Repository/M-OBJECTS TAREAS SECUNDARIAS/Pruebas Bienestar/Filtro_sección/span_Beneficio (bie)' is clicked on

2022-04-04 13:02:36 - [MESSAGE][PASSED] - Object: 'Object Repository/M-OBJECTS TAREAS SECUNDARIAS/Pruebas Bienestar/Filtro_sección/span_Beneficio (bie)' is clicked on

2022-04-04 13:02:36 - [TEST_STEP][PASSED] - click(findTestObject("M-OBJECTS TAREAS SECUNDARIAS/Pruebas Bienestar/Filtro_sección/td_PRUEBAS KATALON")): Object: 'Object Repository/M-OBJECTS TAREAS SECUNDARIAS/Pruebas Bienestar/Filtro_sección/td_PRUEBAS KATALON' is clicked on

2022-04-04 13:02:37 - [MESSAGE][PASSED] - Object: 'Object Repository/M-OBJECTS TAREAS SECUNDARIAS/Pruebas Bienestar/Filtro_sección/td_PRUEBAS KATALON' is clicked on

2022-04-04 13:02:37 - [TEST_STEP][PASSED] - click(findTestObject("M-OBJECTS TAREAS SECUNDARIAS/Pruebas Bienestar/Filtro_sección/a_Filtro Seccin")): Object: 'Object Repository/M-OBJECTS TAREAS SECUNDARIAS/Pruebas Bienestar/Filtro_sección/a_Filtro Seccin' is clicked on

2022-04-04 13:02:38 - [MESSAGE][PASSED] - Object: 'Object Repository/M-OBJECTS TAREAS SECUNDARIAS/Pruebas Bienestar/Filtro_sección/a_Filtro Seccin' is clicked on

2022-04-04 13:02:38 - [TEST_STEP][PASSED] - if (waitForElementVisible(findTestObject("M-OBJECTS TAREAS SECUNDARIAS/Pruebas Bienestar/Filtro_sección/a_CONYUGUE_form_dirigidoTipoBeneficiariotabla_dirigido0j_idt689"), 1)): Object 'Object Repository/M-OBJECTS TAREAS SECUNDARIAS/Pruebas Bienestar/Filtro_sección/a_CONYUGUE_form_dirigidoTipoBeneficiariotabla_dirigido0j_idt689' is not visible after 1 second(s)

2022-04-04 13:02:40 - [MESSAGE][WARNING] - Object 'Object Repository/M-OBJECTS TAREAS SECUNDARIAS/Pruebas Bienestar/Filtro_sección/a_CONYUGUE_form_dirigidoTipoBeneficiariotabla_dirigido0j_idt689' is not visible after 1 second(s)

2022-04-04 13:02:40 - [TEST_STEP][PASSED] - selectOptionByIndex(findTestObject("M-OBJECTS TAREAS SECUNDARIAS/Pruebas Bienestar/Filtro_sección/select_--Seleccione--DiscapacidadEdadGeneroParentesco"), 4): All options with index in [4] are selected on object 'Object Repository/M-OBJECTS TAREAS SECUNDARIAS/Pruebas Bienestar/Filtro_sección/select_--Seleccione--DiscapacidadEdadGeneroParentesco'

2022-04-04 13:02:41 - [MESSAGE][PASSED] - All options with index in [4] are selected on object 'Object Repository/M-OBJECTS TAREAS SECUNDARIAS/Pruebas Bienestar/Filtro_sección/select_--Seleccione--DiscapacidadEdadGeneroParentesco'

2022-04-04 13:02:41 - [TEST_STEP][PASSED] - selectOptionByIndex(findTestObject("M-OBJECTS TAREAS SECUNDARIAS/Pruebas Bienestar/Filtro_sección/select_-- Seleccione --CONYUGUEHERMANO (A)HIJO (A)NO DEFINIDOPADRE"), 1): All options with index in [1] are selected on object 'Object Repository/M-OBJECTS TAREAS SECUNDARIAS/Pruebas Bienestar/Filtro_sección/select_-- Seleccione --CONYUGUEHERMANO (A)HIJO (A)NO DEFINIDOPADRE'

2022-04-04 13:02:42 - [MESSAGE][PASSED] - All options with index in [1] are selected on object 'Object Repository/M-OBJECTS TAREAS SECUNDARIAS/Pruebas Bienestar/Filtro_sección/select_-- Seleccione --CONYUGUEHERMANO (A)HIJO (A)NO DEFINIDOPADRE'

2022-04-04 13:02:42 - [TEST_STEP][PASSED] - click(findTestObject("M-OBJECTS TAREAS SECUNDARIAS/Pruebas Bienestar/Filtro_sección/a_Tipo Campo_form_dirigidoTipoBeneficiariotabla_dirigidoj_idt690")): Object: 'Object Repository/M-OBJECTS TAREAS SECUNDARIAS/Pruebas Bienestar/Filtro_sección/a_Tipo Campo_form_dirigidoTipoBeneficiariotabla_dirigidoj_idt690' is clicked on

2022-04-04 13:02:43 - [MESSAGE][PASSED] - Object: 'Object Repository/M-OBJECTS TAREAS SECUNDARIAS/Pruebas Bienestar/Filtro_sección/a_Tipo Campo_form_dirigidoTipoBeneficiariotabla_dirigidoj_idt690' is clicked on]]></system-out>
         <system-err><![CDATA[]]></system-err>
      </testcase>
      <system-out><![CDATA[2022-04-04 12:50:08 - [TEST_SUITE][FAILED] - 3-Pruebas_Bienestar: Test Cases/1.2-Tareas_Secundarias/3.1-Pruebas_Bienestar/3.1.7-Programacion_Múltiple FAILED.
Reason:
com.kms.katalon.core.exception.StepFailedException: Unable to get text of object 'Object Repository/M-OBJECTS TAREAS SECUNDARIAS/Pruebas Bienestar/Programacion_Múltiple/div_Formato de fecha no valido'
	at com.kms.katalon.core.webui.keyword.internal.WebUIKeywordMain.stepFailed(WebUIKeywordMain.groovy:64)
	at com.kms.katalon.core.webui.keyword.internal.WebUIKeywordMain.runKeyword(WebUIKeywordMain.groovy:26)
	at com.kms.katalon.core.webui.keyword.builtin.GetTextKeyword.getText(GetTextKeyword.groovy:88)
	at com.kms.katalon.core.webui.keyword.builtin.GetTextKeyword.execute(GetTextKeyword.groovy:67)
	at com.kms.katalon.core.keyword.internal.KeywordExecutor.executeKeywordForPlatform(KeywordExecutor.groovy:74)
	at com.kms.katalon.core.webui.keyword.WebUiBuiltInKeywords.getText(WebUiBuiltInKeywords.groovy:918)
	at com.kms.katalon.core.webui.keyword.WebUiBuiltInKeywords$getText$13.call(Unknown Source)
	at 3.1.7-Programacion_Múltiple.run(3.1.7-Programacion_Múltiple:248)
	at com.kms.katalon.core.main.ScriptEngine.run(ScriptEngine.java:194)
	at com.kms.katalon.core.main.ScriptEngine.runScriptAsRawText(ScriptEngine.java:119)
	at com.kms.katalon.core.main.TestCaseExecutor.runScript(TestCaseExecutor.java:442)
	at com.kms.katalon.core.main.TestCaseExecutor.doExecute(TestCaseExecutor.java:433)
	at com.kms.katalon.core.main.TestCaseExecutor.processExecutionPhase(TestCaseExecutor.java:412)
	at com.kms.katalon.core.main.TestCaseExecutor.accessMainPhase(TestCaseExecutor.java:404)
	at com.kms.katalon.core.main.TestCaseExecutor.execute(TestCaseExecutor.java:281)
	at com.kms.katalon.core.main.TestSuiteExecutor.accessTestCaseMainPhase(TestSuiteExecutor.java:202)
	at com.kms.katalon.core.main.TestSuiteExecutor.accessTestSuiteMainPhase(TestSuiteExecutor.java:164)
	at com.kms.katalon.core.main.TestSuiteExecutor.execute(TestSuiteExecutor.java:105)
	at com.kms.katalon.core.main.TestCaseMain.startTestSuite(TestCaseMain.java:185)
	at com.kms.katalon.core.main.TestCaseMain$startTestSuite$0.call(Unknown Source)
	at TempTestSuite1649094600246.run(TempTestSuite1649094600246.groovy:36)
Caused by: com.kms.katalon.core.webui.exception.WebElementNotFoundException: Web element with id: 'Object Repository/M-OBJECTS TAREAS SECUNDARIAS/Pruebas Bienestar/Programacion_Múltiple/div_Formato de fecha no valido' located by '//div[(text() = 'Formato de fecha no valido.' or . = 'Formato de fecha no valido.')]' not found
	at com.kms.katalon.core.webui.common.WebUiCommonHelper.findWebElement(WebUiCommonHelper.java:1370)
	at com.kms.katalon.core.webui.keyword.internal.WebUIAbstractKeyword.findWebElement(WebUIAbstractKeyword.groovy:27)
	at com.kms.katalon.core.webui.keyword.internal.WebUIAbstractKeyword.findWebElement(WebUIAbstractKeyword.groovy:26)
	at com.kms.katalon.core.webui.keyword.builtin.GetTextKeyword$_getText_closure1.doCall(GetTextKeyword.groovy:78)
	at com.kms.katalon.core.webui.keyword.builtin.GetTextKeyword$_getText_closure1.call(GetTextKeyword.groovy)
	at com.kms.katalon.core.webui.keyword.internal.WebUIKeywordMain.runKeyword(WebUIKeywordMain.groovy:20)
	... 19 more]]></system-out>
      <system-err><![CDATA[2022-04-04 12:50:08 - [TEST_SUITE][FAILED] - 3-Pruebas_Bienestar: Test Cases/1.2-Tareas_Secundarias/3.1-Pruebas_Bienestar/3.1.7-Programacion_Múltiple FAILED.
Reason:
com.kms.katalon.core.exception.StepFailedException: Unable to get text of object 'Object Repository/M-OBJECTS TAREAS SECUNDARIAS/Pruebas Bienestar/Programacion_Múltiple/div_Formato de fecha no valido'
	at com.kms.katalon.core.webui.keyword.internal.WebUIKeywordMain.stepFailed(WebUIKeywordMain.groovy:64)
	at com.kms.katalon.core.webui.keyword.internal.WebUIKeywordMain.runKeyword(WebUIKeywordMain.groovy:26)
	at com.kms.katalon.core.webui.keyword.builtin.GetTextKeyword.getText(GetTextKeyword.groovy:88)
	at com.kms.katalon.core.webui.keyword.builtin.GetTextKeyword.execute(GetTextKeyword.groovy:67)
	at com.kms.katalon.core.keyword.internal.KeywordExecutor.executeKeywordForPlatform(KeywordExecutor.groovy:74)
	at com.kms.katalon.core.webui.keyword.WebUiBuiltInKeywords.getText(WebUiBuiltInKeywords.groovy:918)
	at com.kms.katalon.core.webui.keyword.WebUiBuiltInKeywords$getText$13.call(Unknown Source)
	at 3.1.7-Programacion_Múltiple.run(3.1.7-Programacion_Múltiple:248)
	at com.kms.katalon.core.main.ScriptEngine.run(ScriptEngine.java:194)
	at com.kms.katalon.core.main.ScriptEngine.runScriptAsRawText(ScriptEngine.java:119)
	at com.kms.katalon.core.main.TestCaseExecutor.runScript(TestCaseExecutor.java:442)
	at com.kms.katalon.core.main.TestCaseExecutor.doExecute(TestCaseExecutor.java:433)
	at com.kms.katalon.core.main.TestCaseExecutor.processExecutionPhase(TestCaseExecutor.java:412)
	at com.kms.katalon.core.main.TestCaseExecutor.accessMainPhase(TestCaseExecutor.java:404)
	at com.kms.katalon.core.main.TestCaseExecutor.execute(TestCaseExecutor.java:281)
	at com.kms.katalon.core.main.TestSuiteExecutor.accessTestCaseMainPhase(TestSuiteExecutor.java:202)
	at com.kms.katalon.core.main.TestSuiteExecutor.accessTestSuiteMainPhase(TestSuiteExecutor.java:164)
	at com.kms.katalon.core.main.TestSuiteExecutor.execute(TestSuiteExecutor.java:105)
	at com.kms.katalon.core.main.TestCaseMain.startTestSuite(TestCaseMain.java:185)
	at com.kms.katalon.core.main.TestCaseMain$startTestSuite$0.call(Unknown Source)
	at TempTestSuite1649094600246.run(TempTestSuite1649094600246.groovy:36)
Caused by: com.kms.katalon.core.webui.exception.WebElementNotFoundException: Web element with id: 'Object Repository/M-OBJECTS TAREAS SECUNDARIAS/Pruebas Bienestar/Programacion_Múltiple/div_Formato de fecha no valido' located by '//div[(text() = 'Formato de fecha no valido.' or . = 'Formato de fecha no valido.')]' not found
	at com.kms.katalon.core.webui.common.WebUiCommonHelper.findWebElement(WebUiCommonHelper.java:1370)
	at com.kms.katalon.core.webui.keyword.internal.WebUIAbstractKeyword.findWebElement(WebUIAbstractKeyword.groovy:27)
	at com.kms.katalon.core.webui.keyword.internal.WebUIAbstractKeyword.findWebElement(WebUIAbstractKeyword.groovy:26)
	at com.kms.katalon.core.webui.keyword.builtin.GetTextKeyword$_getText_closure1.doCall(GetTextKeyword.groovy:78)
	at com.kms.katalon.core.webui.keyword.builtin.GetTextKeyword$_getText_closure1.call(GetTextKeyword.groovy)
	at com.kms.katalon.core.webui.keyword.internal.WebUIKeywordMain.runKeyword(WebUIKeywordMain.groovy:20)
	... 19 more]]></system-err>
   </testsuite>
</testsuites>
