<?xml version="1.0" encoding="UTF-8"?>
<testsuites name="1-Tareas_secundarias" time="4032.983" tests="109" failures="15" errors="0">
   <testsuite name="1-Tareas_secundarias" tests="109" failures="15" errors="0" time="4032.983" skipped="0" timestamp="2022-03-29 18:41:58" hostname="diego.rojas - US-AF-000371" id="Test Suites/Test_Suite_Secundaria/1-Tareas_secundarias">
      <properties>
         <property name="deviceName" value=""/>
         <property name="devicePlatform" value=""/>
         <property name="logFolder" value="C:\\Users\\diego.rojas\\git\\Pruebas-Minimas\\Reports\\20220329_175344\\Test_Suite_Secundaria\\1-Tareas_secundarias\\20220329_175355"/>
         <property name="logFiles" value="C:\\Users\\diego.rojas\\git\\Pruebas-Minimas\\Reports\\20220329_175344\\Test_Suite_Secundaria\\1-Tareas_secundarias\\20220329_175355\\execution0.log"/>
         <property name="attachments" value="C:\\Users\\diego.rojas\\git\\Pruebas-Minimas\\Reports\\20220329_175344\\Test_Suite_Secundaria\\1-Tareas_secundarias\\20220329_175355\\1648597582404.png, C:\\Users\\diego.rojas\\git\\Pruebas-Minimas\\Reports\\20220329_175344\\Test_Suite_Secundaria\\1-Tareas_secundarias\\20220329_175355\\1648597597980.png, C:\\Users\\diego.rojas\\git\\Pruebas-Minimas\\Reports\\20220329_175344\\Test_Suite_Secundaria\\1-Tareas_secundarias\\20220329_175355\\1648597787043.png, C:\\Users\\diego.rojas\\git\\Pruebas-Minimas\\Reports\\20220329_175344\\Test_Suite_Secundaria\\1-Tareas_secundarias\\20220329_175355\\1648597892151.png, C:\\Users\\diego.rojas\\git\\Pruebas-Minimas\\Reports\\20220329_175344\\Test_Suite_Secundaria\\1-Tareas_secundarias\\20220329_175355\\1648598089012.png, C:\\Users\\diego.rojas\\git\\Pruebas-Minimas\\Reports\\20220329_175344\\Test_Suite_Secundaria\\1-Tareas_secundarias\\20220329_175355\\1648598316026.png, C:\\Users\\diego.rojas\\git\\Pruebas-Minimas\\Reports\\20220329_175344\\Test_Suite_Secundaria\\1-Tareas_secundarias\\20220329_175355\\1648598543329.png, C:\\Users\\diego.rojas\\git\\Pruebas-Minimas\\Reports\\20220329_175344\\Test_Suite_Secundaria\\1-Tareas_secundarias\\20220329_175355\\1648598587134.png, C:\\Users\\diego.rojas\\git\\Pruebas-Minimas\\Reports\\20220329_175344\\Test_Suite_Secundaria\\1-Tareas_secundarias\\20220329_175355\\1648598642093.png, C:\\Users\\diego.rojas\\git\\Pruebas-Minimas\\Reports\\20220329_175344\\Test_Suite_Secundaria\\1-Tareas_secundarias\\20220329_175355\\1648599704076.png, C:\\Users\\diego.rojas\\git\\Pruebas-Minimas\\Reports\\20220329_175344\\Test_Suite_Secundaria\\1-Tareas_secundarias\\20220329_175355\\1648600432606.png, C:\\Users\\diego.rojas\\git\\Pruebas-Minimas\\Reports\\20220329_175344\\Test_Suite_Secundaria\\1-Tareas_secundarias\\20220329_175355\\1648600639660.png, C:\\Users\\diego.rojas\\git\\Pruebas-Minimas\\Reports\\20220329_175344\\Test_Suite_Secundaria\\1-Tareas_secundarias\\20220329_175355\\1648600726755.png, C:\\Users\\diego.rojas\\git\\Pruebas-Minimas\\Reports\\20220329_175344\\Test_Suite_Secundaria\\1-Tareas_secundarias\\20220329_175355\\1648600784658.png, C:\\Users\\diego.rojas\\git\\Pruebas-Minimas\\Reports\\20220329_175344\\Test_Suite_Secundaria\\1-Tareas_secundarias\\20220329_175355\\1648601124112.png"/>
         <property name="hostName" value="diego.rojas - US-AF-000371"/>
         <property name="os" value="Windows 10 64bit"/>
         <property name="katalonVersion" value="8.2.5.208"/>
         <property name="browser" value="Chrome 99.0.4844.84"/>
         <property name="hostAddress" value="192.168.56.1"/>
         <property name="sessionId" value="3f85bf35fe4a6c807894303b8ae5ecfd"/>
         <property name="seleniumVersion" value="3.141.59"/>
         <property name="proxyInformation" value="ProxyInformation { proxyOption=NO_PROXY, proxyServerType=HTTP, username=, password=********, proxyServerAddress=, proxyServerPort=0, executionList=&quot;&quot;, isApplyToDesiredCapabilities=true }"/>
         <property name="platform" value="Windows 10"/>
      </properties>
      <testcase name="Test Cases/1.2-Tareas_Secundarias/2.1-Pruebas_Hoja_de_Vida/2.1.0-Nueva_Categoria" time="21.468" classname="Test Cases/1.2-Tareas_Secundarias/2.1-Pruebas_Hoja_de_Vida/2.1.0-Nueva_Categoria" status="PASSED">
         <system-out><![CDATA[2022-03-29 18:41:59 - [TEST_CASE][PASSED] - Test Cases/1.2-Tareas_Secundarias/2.1-Pruebas_Hoja_de_Vida/2.1.0-Nueva_Categoria: Test Cases/1.2-Tareas_Secundarias/2.1-Pruebas_Hoja_de_Vida/2.1.0-Nueva_Categoria

2022-03-29 18:41:59 - [TEST_STEP][PASSED] - callTestCase(findTestCase("0.1-Login"), [:], STOP_ON_FAILURE): Call Test Case 'Test Cases/0.1-Login' successfully

2022-03-29 18:41:59 - [TEST_CASE][PASSED] - Test Cases/0.1-Login: Test Cases/0.1-Login

2022-03-29 18:42:00 - [TEST_STEP][PASSED] - openBrowser(""): Browser is opened with url: ''

2022-03-29 18:42:00 - [MESSAGE][INFO] - Starting 'Chrome' driver

2022-03-29 18:42:00 - [MESSAGE][INFO] - Action delay is set to 50 milliseconds

2022-03-29 18:42:02 - [MESSAGE][PASSED] - Browser is opened with url: ''

2022-03-29 18:42:02 - [TEST_STEP][PASSED] - maximizeWindow(): Current window maximized

2022-03-29 18:42:02 - [MESSAGE][PASSED] - Current window maximized

2022-03-29 18:42:02 - [TEST_STEP][PASSED] - i = G_Login: null

2022-03-29 18:42:03 - [TEST_STEP][PASSED] - url = new java.net.URL(i): null

2022-03-29 18:42:03 - [TEST_STEP][PASSED] - println("URL: " + url.toString()): null

2022-03-29 18:42:03 - [TEST_STEP][PASSED] - connection = url.openConnection(): null

2022-03-29 18:42:03 - [TEST_STEP][PASSED] - connection.setRequestMethod("GET"): null

2022-03-29 18:42:03 - [TEST_STEP][PASSED] - connection.setReadTimeout(2 * 1000): null

2022-03-29 18:42:03 - [TEST_STEP][PASSED] - try: null

2022-03-29 18:42:03 - [TEST_STEP][PASSED] - connection.connect(): null

2022-03-29 18:42:03 - [TEST_STEP][PASSED] - flag = connected: null

2022-03-29 18:42:03 - [TEST_STEP][PASSED] - println("Valor_ori: " + flag): null

2022-03-29 18:42:03 - [TEST_STEP][PASSED] - if (flag): null

2022-03-29 18:42:03 - [TEST_STEP][PASSED] - navigateToUrl(i): Navigate to 'http://192.168.2.19:8380/saraweb' successfully

2022-03-29 18:42:03 - [MESSAGE][PASSED] - Navigate to 'http://192.168.2.19:8380/saraweb' successfully

2022-03-29 18:42:03 - [TEST_STEP][PASSED] - a(): null

2022-03-29 18:42:03 - [TEST_STEP][PASSED] - setText(findTestObject("Login/input_USUARIO_loginusuario"), G_Usuario): Text 'saraadmin' is set on object 'Object Repository/Login/input_USUARIO_loginusuario'

2022-03-29 18:42:04 - [MESSAGE][PASSED] - Text 'saraadmin' is set on object 'Object Repository/Login/input_USUARIO_loginusuario'

2022-03-29 18:42:04 - [TEST_STEP][PASSED] - setEncryptedText(findTestObject("Login/input_CLAVE_loginpassword"), "MkG4/TYiCFC3cb2driP7+Q=="): Text ****** has been set on object 'Object Repository/Login/input_CLAVE_loginpassword'

2022-03-29 18:42:05 - [MESSAGE][PASSED] - Text ****** has been set on object 'Object Repository/Login/input_CLAVE_loginpassword'

2022-03-29 18:42:05 - [TEST_STEP][PASSED] - waitForElementClickable(findTestObject("Login/a_Ingresar"), G_TimeOut): Object 'Object Repository/Login/a_Ingresar' is clickable

2022-03-29 18:42:06 - [MESSAGE][PASSED] - Object 'Object Repository/Login/a_Ingresar' is clickable

2022-03-29 18:42:06 - [TEST_STEP][PASSED] - click(findTestObject("Login/a_Ingresar")): Object: 'Object Repository/Login/a_Ingresar' is clicked on

2022-03-29 18:42:07 - [MESSAGE][PASSED] - Object: 'Object Repository/Login/a_Ingresar' is clicked on

2022-03-29 18:42:07 - [TEST_STEP][PASSED] - element = findWebElement(findTestObject("Login/a_Ir"), 30): null

2022-03-29 18:42:07 - [TEST_STEP][PASSED] - executeJavaScript("arguments[0].click()", Arrays.asList(element)): Execute JavaScript 'arguments[0].click()' successfully

2022-03-29 18:42:08 - [MESSAGE][PASSED] - Execute JavaScript 'arguments[0].click()' successfully

2022-03-29 18:42:08 - [MESSAGE][PASSED] - Call Test Case 'Test Cases/0.1-Login' successfully

2022-03-29 18:42:08 - [TEST_STEP][PASSED] - waitForElementClickable(findTestObject("M-OBJECTS TAREAS SECUNDARIAS/Pruebas Hoja de Vida/Nueva_Categoria/span_Categora_buscar glyphicons glyphicons-search"), 0): Object 'Object Repository/M-OBJECTS TAREAS SECUNDARIAS/Pruebas Hoja de Vida/Nueva_Categoria/span_Categora_buscar glyphicons glyphicons-search' is clickable

2022-03-29 18:42:08 - [MESSAGE][WARNING] - Timeout '0' is invalid. Using default page load timeout: '45'

2022-03-29 18:42:08 - [MESSAGE][PASSED] - Object 'Object Repository/M-OBJECTS TAREAS SECUNDARIAS/Pruebas Hoja de Vida/Nueva_Categoria/span_Categora_buscar glyphicons glyphicons-search' is clickable

2022-03-29 18:42:08 - [TEST_STEP][PASSED] - setText(findTestObject("M-OBJECTS TAREAS SECUNDARIAS/Pruebas Hoja de Vida/Nueva_Categoria/span_Categora_buscar glyphicons glyphicons-search"), "categoria"): Text 'categoria' is set on object 'Object Repository/M-OBJECTS TAREAS SECUNDARIAS/Pruebas Hoja de Vida/Nueva_Categoria/span_Categora_buscar glyphicons glyphicons-search'

2022-03-29 18:42:09 - [MESSAGE][PASSED] - Text 'categoria' is set on object 'Object Repository/M-OBJECTS TAREAS SECUNDARIAS/Pruebas Hoja de Vida/Nueva_Categoria/span_Categora_buscar glyphicons glyphicons-search'

2022-03-29 18:42:09 - [TEST_STEP][PASSED] - waitForElementVisible(findTestObject("M-OBJECTS TAREAS SECUNDARIAS/Pruebas Hoja de Vida/Nueva_Categoria/span_categoria"), 0): Object 'Object Repository/M-OBJECTS TAREAS SECUNDARIAS/Pruebas Hoja de Vida/Nueva_Categoria/span_categoria' is visible

2022-03-29 18:42:09 - [MESSAGE][WARNING] - Timeout '0' is invalid. Using default page load timeout: '45'

2022-03-29 18:42:11 - [MESSAGE][PASSED] - Object 'Object Repository/M-OBJECTS TAREAS SECUNDARIAS/Pruebas Hoja de Vida/Nueva_Categoria/span_categoria' is visible

2022-03-29 18:42:11 - [TEST_STEP][PASSED] - click(findTestObject("M-OBJECTS TAREAS SECUNDARIAS/Pruebas Hoja de Vida/Nueva_Categoria/span_categoria")): Object: 'Object Repository/M-OBJECTS TAREAS SECUNDARIAS/Pruebas Hoja de Vida/Nueva_Categoria/span_categoria' is clicked on

2022-03-29 18:42:11 - [MESSAGE][PASSED] - Object: 'Object Repository/M-OBJECTS TAREAS SECUNDARIAS/Pruebas Hoja de Vida/Nueva_Categoria/span_categoria' is clicked on

2022-03-29 18:42:11 - [TEST_STEP][PASSED] - setText(findTestObject("M-OBJECTS TAREAS SECUNDARIAS/Pruebas Hoja de Vida/Nueva_Categoria/input_Actos Administrativos_form_categoriaSeccionj_idt61"), "prueba"): Text 'prueba' is set on object 'Object Repository/M-OBJECTS TAREAS SECUNDARIAS/Pruebas Hoja de Vida/Nueva_Categoria/input_Actos Administrativos_form_categoriaSeccionj_idt61'

2022-03-29 18:42:13 - [MESSAGE][PASSED] - Text 'prueba' is set on object 'Object Repository/M-OBJECTS TAREAS SECUNDARIAS/Pruebas Hoja de Vida/Nueva_Categoria/input_Actos Administrativos_form_categoriaSeccionj_idt61'

2022-03-29 18:42:13 - [TEST_STEP][PASSED] - sendKeys(findTestObject("M-OBJECTS TAREAS SECUNDARIAS/Pruebas Hoja de Vida/Nueva_Categoria/input_Actos Administrativos_form_categoriaSeccionj_idt61"), Keys.chord(ENTER)): Keys 'ENTER + ' sent to object: 'Object Repository/M-OBJECTS TAREAS SECUNDARIAS/Pruebas Hoja de Vida/Nueva_Categoria/input_Actos Administrativos_form_categoriaSeccionj_idt61'

2022-03-29 18:42:14 - [MESSAGE][PASSED] - Keys 'ENTER + ' sent to object: 'Object Repository/M-OBJECTS TAREAS SECUNDARIAS/Pruebas Hoja de Vida/Nueva_Categoria/input_Actos Administrativos_form_categoriaSeccionj_idt61'

2022-03-29 18:42:14 - [TEST_STEP][PASSED] - if (waitForElementClickable(findTestObject("M-OBJECTS TAREAS SECUNDARIAS/Pruebas Hoja de Vida/Nueva_Categoria/span_prueba"), 1)): null

2022-03-29 18:42:14 - [MESSAGE][PASSED] - Object 'Object Repository/M-OBJECTS TAREAS SECUNDARIAS/Pruebas Hoja de Vida/Nueva_Categoria/span_prueba' is clickable

2022-03-29 18:42:14 - [TEST_STEP][PASSED] - click(findTestObject("M-OBJECTS TAREAS SECUNDARIAS/Pruebas Hoja de Vida/Nueva_Categoria/span_prueba")): Object: 'Object Repository/M-OBJECTS TAREAS SECUNDARIAS/Pruebas Hoja de Vida/Nueva_Categoria/span_prueba' is clicked on

2022-03-29 18:42:15 - [MESSAGE][PASSED] - Object: 'Object Repository/M-OBJECTS TAREAS SECUNDARIAS/Pruebas Hoja de Vida/Nueva_Categoria/span_prueba' is clicked on

2022-03-29 18:42:15 - [TEST_STEP][PASSED] - click(findTestObject("M-OBJECTS TAREAS SECUNDARIAS/Pruebas Hoja de Vida/Nueva_Categoria/a_Eliminar")): Object: 'Object Repository/M-OBJECTS TAREAS SECUNDARIAS/Pruebas Hoja de Vida/Nueva_Categoria/a_Eliminar' is clicked on

2022-03-29 18:42:15 - [MESSAGE][PASSED] - Object: 'Object Repository/M-OBJECTS TAREAS SECUNDARIAS/Pruebas Hoja de Vida/Nueva_Categoria/a_Eliminar' is clicked on

2022-03-29 18:42:15 - [TEST_STEP][PASSED] - click(findTestObject("M-OBJECTS TAREAS SECUNDARIAS/Pruebas Hoja de Vida/Nueva_Categoria/a_Aceptar")): Object: 'Object Repository/M-OBJECTS TAREAS SECUNDARIAS/Pruebas Hoja de Vida/Nueva_Categoria/a_Aceptar' is clicked on

2022-03-29 18:42:16 - [MESSAGE][PASSED] - Object: 'Object Repository/M-OBJECTS TAREAS SECUNDARIAS/Pruebas Hoja de Vida/Nueva_Categoria/a_Aceptar' is clicked on

2022-03-29 18:42:16 - [TEST_STEP][PASSED] - click(findTestObject("M-OBJECTS TAREAS SECUNDARIAS/Pruebas Hoja de Vida/Nueva_Categoria/a_Nuevo")): Object: 'Object Repository/M-OBJECTS TAREAS SECUNDARIAS/Pruebas Hoja de Vida/Nueva_Categoria/a_Nuevo' is clicked on

2022-03-29 18:42:17 - [MESSAGE][PASSED] - Object: 'Object Repository/M-OBJECTS TAREAS SECUNDARIAS/Pruebas Hoja de Vida/Nueva_Categoria/a_Nuevo' is clicked on

2022-03-29 18:42:17 - [TEST_STEP][PASSED] - setText(findTestObject("M-OBJECTS TAREAS SECUNDARIAS/Pruebas Hoja de Vida/Nueva_Categoria/input_Descripcin_form_categoriaSecciondescripcion"), "prueba"): Text 'prueba' is set on object 'Object Repository/M-OBJECTS TAREAS SECUNDARIAS/Pruebas Hoja de Vida/Nueva_Categoria/input_Descripcin_form_categoriaSecciondescripcion'

2022-03-29 18:42:18 - [MESSAGE][PASSED] - Text 'prueba' is set on object 'Object Repository/M-OBJECTS TAREAS SECUNDARIAS/Pruebas Hoja de Vida/Nueva_Categoria/input_Descripcin_form_categoriaSecciondescripcion'

2022-03-29 18:42:18 - [TEST_STEP][PASSED] - setText(findTestObject("M-OBJECTS TAREAS SECUNDARIAS/Pruebas Hoja de Vida/Nueva_Categoria/input_Orden_form_categoriaSeccionorden"), "5"): Text '5' is set on object 'Object Repository/M-OBJECTS TAREAS SECUNDARIAS/Pruebas Hoja de Vida/Nueva_Categoria/input_Orden_form_categoriaSeccionorden'

2022-03-29 18:42:19 - [MESSAGE][PASSED] - Text '5' is set on object 'Object Repository/M-OBJECTS TAREAS SECUNDARIAS/Pruebas Hoja de Vida/Nueva_Categoria/input_Orden_form_categoriaSeccionorden'

2022-03-29 18:42:19 - [TEST_STEP][PASSED] - click(findTestObject("M-OBJECTS TAREAS SECUNDARIAS/Pruebas Hoja de Vida/Nueva_Categoria/a_Guardar")): Object: 'Object Repository/M-OBJECTS TAREAS SECUNDARIAS/Pruebas Hoja de Vida/Nueva_Categoria/a_Guardar' is clicked on

2022-03-29 18:42:20 - [MESSAGE][PASSED] - Object: 'Object Repository/M-OBJECTS TAREAS SECUNDARIAS/Pruebas Hoja de Vida/Nueva_Categoria/a_Guardar' is clicked on

2022-03-29 18:42:20 - [TEST_STEP][PASSED] - closeBrowser(): Browser is closed

2022-03-29 18:42:20 - [MESSAGE][PASSED] - Browser is closed]]></system-out>
         <system-err><![CDATA[]]></system-err>
      </testcase>
      <testcase name="Test Cases/1.2-Tareas_Secundarias/2.1-Pruebas_Hoja_de_Vida/2.1.1-Nueva_Seccion" time="28.759" classname="Test Cases/1.2-Tareas_Secundarias/2.1-Pruebas_Hoja_de_Vida/2.1.1-Nueva_Seccion" status="PASSED">
         <system-out><![CDATA[2022-03-29 18:42:20 - [TEST_CASE][PASSED] - Test Cases/1.2-Tareas_Secundarias/2.1-Pruebas_Hoja_de_Vida/2.1.1-Nueva_Seccion: Test Cases/1.2-Tareas_Secundarias/2.1-Pruebas_Hoja_de_Vida/2.1.1-Nueva_Seccion

2022-03-29 18:42:21 - [TEST_STEP][PASSED] - callTestCase(findTestCase("0.1-Login"), [:], STOP_ON_FAILURE): Call Test Case 'Test Cases/0.1-Login' successfully

2022-03-29 18:42:21 - [TEST_CASE][PASSED] - Test Cases/0.1-Login: Test Cases/0.1-Login

2022-03-29 18:42:21 - [TEST_STEP][PASSED] - openBrowser(""): Browser is opened with url: ''

2022-03-29 18:42:21 - [MESSAGE][INFO] - Starting 'Chrome' driver

2022-03-29 18:42:21 - [MESSAGE][INFO] - Action delay is set to 50 milliseconds

2022-03-29 18:42:22 - [MESSAGE][PASSED] - Browser is opened with url: ''

2022-03-29 18:42:22 - [TEST_STEP][PASSED] - maximizeWindow(): Current window maximized

2022-03-29 18:42:22 - [MESSAGE][PASSED] - Current window maximized

2022-03-29 18:42:22 - [TEST_STEP][PASSED] - i = G_Login: null

2022-03-29 18:42:22 - [TEST_STEP][PASSED] - url = new java.net.URL(i): null

2022-03-29 18:42:22 - [TEST_STEP][PASSED] - println("URL: " + url.toString()): null

2022-03-29 18:42:22 - [TEST_STEP][PASSED] - connection = url.openConnection(): null

2022-03-29 18:42:22 - [TEST_STEP][PASSED] - connection.setRequestMethod("GET"): null

2022-03-29 18:42:22 - [TEST_STEP][PASSED] - connection.setReadTimeout(2 * 1000): null

2022-03-29 18:42:22 - [TEST_STEP][PASSED] - try: null

2022-03-29 18:42:22 - [TEST_STEP][PASSED] - connection.connect(): null

2022-03-29 18:42:22 - [TEST_STEP][PASSED] - flag = connected: null

2022-03-29 18:42:22 - [TEST_STEP][PASSED] - println("Valor_ori: " + flag): null

2022-03-29 18:42:22 - [TEST_STEP][PASSED] - if (flag): null

2022-03-29 18:42:22 - [TEST_STEP][PASSED] - navigateToUrl(i): Navigate to 'http://192.168.2.19:8380/saraweb' successfully

2022-03-29 18:42:22 - [MESSAGE][PASSED] - Navigate to 'http://192.168.2.19:8380/saraweb' successfully

2022-03-29 18:42:22 - [TEST_STEP][PASSED] - a(): null

2022-03-29 18:42:22 - [TEST_STEP][PASSED] - setText(findTestObject("Login/input_USUARIO_loginusuario"), G_Usuario): Text 'saraadmin' is set on object 'Object Repository/Login/input_USUARIO_loginusuario'

2022-03-29 18:42:24 - [MESSAGE][PASSED] - Text 'saraadmin' is set on object 'Object Repository/Login/input_USUARIO_loginusuario'

2022-03-29 18:42:24 - [TEST_STEP][PASSED] - setEncryptedText(findTestObject("Login/input_CLAVE_loginpassword"), "MkG4/TYiCFC3cb2driP7+Q=="): Text ****** has been set on object 'Object Repository/Login/input_CLAVE_loginpassword'

2022-03-29 18:42:24 - [MESSAGE][PASSED] - Text ****** has been set on object 'Object Repository/Login/input_CLAVE_loginpassword'

2022-03-29 18:42:24 - [TEST_STEP][PASSED] - waitForElementClickable(findTestObject("Login/a_Ingresar"), G_TimeOut): Object 'Object Repository/Login/a_Ingresar' is clickable

2022-03-29 18:42:25 - [MESSAGE][PASSED] - Object 'Object Repository/Login/a_Ingresar' is clickable

2022-03-29 18:42:25 - [TEST_STEP][PASSED] - click(findTestObject("Login/a_Ingresar")): Object: 'Object Repository/Login/a_Ingresar' is clicked on

2022-03-29 18:42:26 - [MESSAGE][PASSED] - Object: 'Object Repository/Login/a_Ingresar' is clicked on

2022-03-29 18:42:26 - [TEST_STEP][PASSED] - element = findWebElement(findTestObject("Login/a_Ir"), 30): null

2022-03-29 18:42:27 - [TEST_STEP][PASSED] - executeJavaScript("arguments[0].click()", Arrays.asList(element)): Execute JavaScript 'arguments[0].click()' successfully

2022-03-29 18:42:27 - [MESSAGE][PASSED] - Execute JavaScript 'arguments[0].click()' successfully

2022-03-29 18:42:27 - [MESSAGE][PASSED] - Call Test Case 'Test Cases/0.1-Login' successfully

2022-03-29 18:42:27 - [TEST_STEP][PASSED] - click(findTestObject("M-OBJECTS TAREAS SECUNDARIAS/Pruebas Hoja de Vida/Nueva_sección/input_Secciones_form_templatej_idt286j_idt29")): Object: 'Object Repository/M-OBJECTS TAREAS SECUNDARIAS/Pruebas Hoja de Vida/Nueva_sección/input_Secciones_form_templatej_idt286j_idt29' is clicked on

2022-03-29 18:42:28 - [MESSAGE][PASSED] - Object: 'Object Repository/M-OBJECTS TAREAS SECUNDARIAS/Pruebas Hoja de Vida/Nueva_sección/input_Secciones_form_templatej_idt286j_idt29' is clicked on

2022-03-29 18:42:28 - [TEST_STEP][PASSED] - click(findTestObject("M-OBJECTS TAREAS SECUNDARIAS/Pruebas Hoja de Vida/Nueva_sección/a_ADMINISTRADOR DEL SISTEMA - SARA_cerrar_menu")): Object: 'Object Repository/M-OBJECTS TAREAS SECUNDARIAS/Pruebas Hoja de Vida/Nueva_sección/a_ADMINISTRADOR DEL SISTEMA - SARA_cerrar_menu' is clicked on

2022-03-29 18:42:28 - [MESSAGE][PASSED] - Object: 'Object Repository/M-OBJECTS TAREAS SECUNDARIAS/Pruebas Hoja de Vida/Nueva_sección/a_ADMINISTRADOR DEL SISTEMA - SARA_cerrar_menu' is clicked on

2022-03-29 18:42:28 - [TEST_STEP][PASSED] - click(findTestObject("M-OBJECTS TAREAS SECUNDARIAS/Pruebas Hoja de Vida/Nueva_sección/label_Parametros de Formularios")): Object: 'Object Repository/M-OBJECTS TAREAS SECUNDARIAS/Pruebas Hoja de Vida/Nueva_sección/label_Parametros de Formularios' is clicked on

2022-03-29 18:42:29 - [MESSAGE][PASSED] - Object: 'Object Repository/M-OBJECTS TAREAS SECUNDARIAS/Pruebas Hoja de Vida/Nueva_sección/label_Parametros de Formularios' is clicked on

2022-03-29 18:42:29 - [TEST_STEP][PASSED] - click(findTestObject("M-OBJECTS TAREAS SECUNDARIAS/Pruebas Hoja de Vida/Nueva_sección/a_Seccion")): Object: 'Object Repository/M-OBJECTS TAREAS SECUNDARIAS/Pruebas Hoja de Vida/Nueva_sección/a_Seccion' is clicked on

2022-03-29 18:42:29 - [MESSAGE][PASSED] - Object: 'Object Repository/M-OBJECTS TAREAS SECUNDARIAS/Pruebas Hoja de Vida/Nueva_sección/a_Seccion' is clicked on

2022-03-29 18:42:29 - [TEST_STEP][PASSED] - waitForElementClickable(findTestObject("M-OBJECTS TAREAS SECUNDARIAS/Pruebas Hoja de Vida/Nueva_sección/input_Nueva Hoja Vida_seccion_formj_idt60"), 0): Object 'Object Repository/M-OBJECTS TAREAS SECUNDARIAS/Pruebas Hoja de Vida/Nueva_sección/input_Nueva Hoja Vida_seccion_formj_idt60' is clickable

2022-03-29 18:42:29 - [MESSAGE][WARNING] - Timeout '0' is invalid. Using default page load timeout: '45'

2022-03-29 18:42:30 - [MESSAGE][PASSED] - Object 'Object Repository/M-OBJECTS TAREAS SECUNDARIAS/Pruebas Hoja de Vida/Nueva_sección/input_Nueva Hoja Vida_seccion_formj_idt60' is clickable

2022-03-29 18:42:30 - [TEST_STEP][PASSED] - click(findTestObject("M-OBJECTS TAREAS SECUNDARIAS/Pruebas Hoja de Vida/Nueva_sección/input_Nueva Hoja Vida_seccion_formj_idt60")): Object: 'Object Repository/M-OBJECTS TAREAS SECUNDARIAS/Pruebas Hoja de Vida/Nueva_sección/input_Nueva Hoja Vida_seccion_formj_idt60' is clicked on

2022-03-29 18:42:31 - [MESSAGE][PASSED] - Object: 'Object Repository/M-OBJECTS TAREAS SECUNDARIAS/Pruebas Hoja de Vida/Nueva_sección/input_Nueva Hoja Vida_seccion_formj_idt60' is clicked on

2022-03-29 18:42:31 - [TEST_STEP][PASSED] - setText(findTestObject("M-OBJECTS TAREAS SECUNDARIAS/Pruebas Hoja de Vida/Nueva_sección/input_Nueva Hoja Vida_seccion_formj_idt60"), "prueba"): Text 'prueba' is set on object 'Object Repository/M-OBJECTS TAREAS SECUNDARIAS/Pruebas Hoja de Vida/Nueva_sección/input_Nueva Hoja Vida_seccion_formj_idt60'

2022-03-29 18:42:32 - [MESSAGE][PASSED] - Text 'prueba' is set on object 'Object Repository/M-OBJECTS TAREAS SECUNDARIAS/Pruebas Hoja de Vida/Nueva_sección/input_Nueva Hoja Vida_seccion_formj_idt60'

2022-03-29 18:42:32 - [TEST_STEP][PASSED] - sendKeys(findTestObject("M-OBJECTS TAREAS SECUNDARIAS/Pruebas Hoja de Vida/Nueva_sección/input_Nueva Hoja Vida_seccion_formj_idt60"), Keys.chord(ENTER)): Keys 'ENTER + ' sent to object: 'Object Repository/M-OBJECTS TAREAS SECUNDARIAS/Pruebas Hoja de Vida/Nueva_sección/input_Nueva Hoja Vida_seccion_formj_idt60'

2022-03-29 18:42:33 - [MESSAGE][PASSED] - Keys 'ENTER + ' sent to object: 'Object Repository/M-OBJECTS TAREAS SECUNDARIAS/Pruebas Hoja de Vida/Nueva_sección/input_Nueva Hoja Vida_seccion_formj_idt60'

2022-03-29 18:42:33 - [TEST_STEP][PASSED] - if (waitForElementClickable(findTestObject("M-OBJECTS TAREAS SECUNDARIAS/Pruebas Hoja de Vida/Nueva_sección/span_Prueba"), 1)): null

2022-03-29 18:42:33 - [MESSAGE][PASSED] - Object 'Object Repository/M-OBJECTS TAREAS SECUNDARIAS/Pruebas Hoja de Vida/Nueva_sección/span_Prueba' is clickable

2022-03-29 18:42:33 - [TEST_STEP][PASSED] - click(findTestObject("M-OBJECTS TAREAS SECUNDARIAS/Pruebas Hoja de Vida/Nueva_sección/span_Prueba")): Object: 'Object Repository/M-OBJECTS TAREAS SECUNDARIAS/Pruebas Hoja de Vida/Nueva_sección/span_Prueba' is clicked on

2022-03-29 18:42:34 - [MESSAGE][PASSED] - Object: 'Object Repository/M-OBJECTS TAREAS SECUNDARIAS/Pruebas Hoja de Vida/Nueva_sección/span_Prueba' is clicked on

2022-03-29 18:42:34 - [TEST_STEP][PASSED] - click(findTestObject("M-OBJECTS TAREAS SECUNDARIAS/Pruebas Hoja de Vida/Nueva_sección/a_Eliminar")): Object: 'Object Repository/M-OBJECTS TAREAS SECUNDARIAS/Pruebas Hoja de Vida/Nueva_sección/a_Eliminar' is clicked on

2022-03-29 18:42:35 - [MESSAGE][PASSED] - Object: 'Object Repository/M-OBJECTS TAREAS SECUNDARIAS/Pruebas Hoja de Vida/Nueva_sección/a_Eliminar' is clicked on

2022-03-29 18:42:35 - [TEST_STEP][PASSED] - click(findTestObject("M-OBJECTS TAREAS SECUNDARIAS/Pruebas Hoja de Vida/Nueva_sección/a_Nuevo")): Object: 'Object Repository/M-OBJECTS TAREAS SECUNDARIAS/Pruebas Hoja de Vida/Nueva_sección/a_Nuevo' is clicked on

2022-03-29 18:42:36 - [MESSAGE][PASSED] - Object: 'Object Repository/M-OBJECTS TAREAS SECUNDARIAS/Pruebas Hoja de Vida/Nueva_sección/a_Nuevo' is clicked on

2022-03-29 18:42:36 - [TEST_STEP][PASSED] - setText(findTestObject("M-OBJECTS TAREAS SECUNDARIAS/Pruebas Hoja de Vida/Nueva_sección/input_Descripcin_seccion_formtabdescripcion"), "Prueba"): Text 'Prueba' is set on object 'Object Repository/M-OBJECTS TAREAS SECUNDARIAS/Pruebas Hoja de Vida/Nueva_sección/input_Descripcin_seccion_formtabdescripcion'

2022-03-29 18:42:37 - [MESSAGE][PASSED] - Text 'Prueba' is set on object 'Object Repository/M-OBJECTS TAREAS SECUNDARIAS/Pruebas Hoja de Vida/Nueva_sección/input_Descripcin_seccion_formtabdescripcion'

2022-03-29 18:42:37 - [TEST_STEP][PASSED] - setText(findTestObject("M-OBJECTS TAREAS SECUNDARIAS/Pruebas Hoja de Vida/Nueva_sección/input_Orden_seccion_formtaborden"), "12345"): Text '12345' is set on object 'Object Repository/M-OBJECTS TAREAS SECUNDARIAS/Pruebas Hoja de Vida/Nueva_sección/input_Orden_seccion_formtaborden'

2022-03-29 18:42:38 - [MESSAGE][PASSED] - Text '12345' is set on object 'Object Repository/M-OBJECTS TAREAS SECUNDARIAS/Pruebas Hoja de Vida/Nueva_sección/input_Orden_seccion_formtaborden'

2022-03-29 18:42:38 - [TEST_STEP][PASSED] - selectOptionByIndex(findTestObject("M-OBJECTS TAREAS SECUNDARIAS/Pruebas Hoja de Vida/Nueva_sección/select_SeleccioneBienes"), "2"): All options with index in [2] are selected on object 'Object Repository/M-OBJECTS TAREAS SECUNDARIAS/Pruebas Hoja de Vida/Nueva_sección/select_SeleccioneBienes'

2022-03-29 18:42:40 - [MESSAGE][PASSED] - All options with index in [2] are selected on object 'Object Repository/M-OBJECTS TAREAS SECUNDARIAS/Pruebas Hoja de Vida/Nueva_sección/select_SeleccioneBienes'

2022-03-29 18:42:40 - [TEST_STEP][PASSED] - selectOptionByIndex(findTestObject("M-OBJECTS TAREAS SECUNDARIAS/Pruebas Hoja de Vida/Nueva_sección/select_SeleccioneAreas de experiencia"), "5"): All options with index in [5] are selected on object 'Object Repository/M-OBJECTS TAREAS SECUNDARIAS/Pruebas Hoja de Vida/Nueva_sección/select_SeleccioneAreas de experiencia'

2022-03-29 18:42:41 - [MESSAGE][PASSED] - All options with index in [5] are selected on object 'Object Repository/M-OBJECTS TAREAS SECUNDARIAS/Pruebas Hoja de Vida/Nueva_sección/select_SeleccioneAreas de experiencia'

2022-03-29 18:42:41 - [TEST_STEP][PASSED] - setText(findTestObject("M-OBJECTS TAREAS SECUNDARIAS/Pruebas Hoja de Vida/Nueva_sección/textarea_Mensaje_seccion_formtabmensaje"), "PRUEBA"): Text 'PRUEBA' is set on object 'Object Repository/M-OBJECTS TAREAS SECUNDARIAS/Pruebas Hoja de Vida/Nueva_sección/textarea_Mensaje_seccion_formtabmensaje'

2022-03-29 18:42:42 - [MESSAGE][PASSED] - Text 'PRUEBA' is set on object 'Object Repository/M-OBJECTS TAREAS SECUNDARIAS/Pruebas Hoja de Vida/Nueva_sección/textarea_Mensaje_seccion_formtabmensaje'

2022-03-29 18:42:42 - [TEST_STEP][PASSED] - setText(findTestObject("M-OBJECTS TAREAS SECUNDARIAS/Pruebas Hoja de Vida/Nueva_sección/textarea_Mensaje Final_seccion_formtabmensaje_final"), "PRUEBA"): Text 'PRUEBA' is set on object 'Object Repository/M-OBJECTS TAREAS SECUNDARIAS/Pruebas Hoja de Vida/Nueva_sección/textarea_Mensaje Final_seccion_formtabmensaje_final'

2022-03-29 18:42:43 - [MESSAGE][PASSED] - Text 'PRUEBA' is set on object 'Object Repository/M-OBJECTS TAREAS SECUNDARIAS/Pruebas Hoja de Vida/Nueva_sección/textarea_Mensaje Final_seccion_formtabmensaje_final'

2022-03-29 18:42:43 - [TEST_STEP][PASSED] - setText(findTestObject("M-OBJECTS TAREAS SECUNDARIAS/Pruebas Hoja de Vida/Nueva_sección/textarea_Texto Confirmar_seccion_formtabmensaje_aceptacion"), "PRUEBA"): Text 'PRUEBA' is set on object 'Object Repository/M-OBJECTS TAREAS SECUNDARIAS/Pruebas Hoja de Vida/Nueva_sección/textarea_Texto Confirmar_seccion_formtabmensaje_aceptacion'

2022-03-29 18:42:44 - [MESSAGE][PASSED] - Text 'PRUEBA' is set on object 'Object Repository/M-OBJECTS TAREAS SECUNDARIAS/Pruebas Hoja de Vida/Nueva_sección/textarea_Texto Confirmar_seccion_formtabmensaje_aceptacion'

2022-03-29 18:42:44 - [TEST_STEP][PASSED] - selectOptionByIndex(findTestObject("M-OBJECTS TAREAS SECUNDARIAS/Pruebas Hoja de Vida/Nueva_sección/select_SeleccioneMultiplex AnexosNo solicitarnico anexo"), "2"): All options with index in [2] are selected on object 'Object Repository/M-OBJECTS TAREAS SECUNDARIAS/Pruebas Hoja de Vida/Nueva_sección/select_SeleccioneMultiplex AnexosNo solicitarnico anexo'

2022-03-29 18:42:45 - [MESSAGE][PASSED] - All options with index in [2] are selected on object 'Object Repository/M-OBJECTS TAREAS SECUNDARIAS/Pruebas Hoja de Vida/Nueva_sección/select_SeleccioneMultiplex AnexosNo solicitarnico anexo'

2022-03-29 18:42:45 - [TEST_STEP][PASSED] - selectOptionByIndex(findTestObject("M-OBJECTS TAREAS SECUNDARIAS/Pruebas Hoja de Vida/Nueva_sección/select_SeleccioneSiNo"), "1"): All options with index in [1] are selected on object 'Object Repository/M-OBJECTS TAREAS SECUNDARIAS/Pruebas Hoja de Vida/Nueva_sección/select_SeleccioneSiNo'

2022-03-29 18:42:47 - [MESSAGE][PASSED] - All options with index in [1] are selected on object 'Object Repository/M-OBJECTS TAREAS SECUNDARIAS/Pruebas Hoja de Vida/Nueva_sección/select_SeleccioneSiNo'

2022-03-29 18:42:47 - [TEST_STEP][PASSED] - setText(findTestObject("M-OBJECTS TAREAS SECUNDARIAS/Pruebas Hoja de Vida/Nueva_sección/input_Externo_seccion_formtabexterno"), "PRUEBA"): Text 'PRUEBA' is set on object 'Object Repository/M-OBJECTS TAREAS SECUNDARIAS/Pruebas Hoja de Vida/Nueva_sección/input_Externo_seccion_formtabexterno'

2022-03-29 18:42:48 - [MESSAGE][PASSED] - Text 'PRUEBA' is set on object 'Object Repository/M-OBJECTS TAREAS SECUNDARIAS/Pruebas Hoja de Vida/Nueva_sección/input_Externo_seccion_formtabexterno'

2022-03-29 18:42:48 - [TEST_STEP][PASSED] - click(findTestObject("M-OBJECTS TAREAS SECUNDARIAS/Pruebas Hoja de Vida/Nueva_sección/a_Guardar")): Object: 'Object Repository/M-OBJECTS TAREAS SECUNDARIAS/Pruebas Hoja de Vida/Nueva_sección/a_Guardar' is clicked on

2022-03-29 18:42:48 - [MESSAGE][PASSED] - Object: 'Object Repository/M-OBJECTS TAREAS SECUNDARIAS/Pruebas Hoja de Vida/Nueva_sección/a_Guardar' is clicked on

2022-03-29 18:42:48 - [TEST_STEP][PASSED] - closeBrowser(): Browser is closed

2022-03-29 18:42:49 - [MESSAGE][PASSED] - Browser is closed]]></system-out>
         <system-err><![CDATA[]]></system-err>
      </testcase>
      <testcase name="Test Cases/1.2-Tareas_Secundarias/2.1-Pruebas_Hoja_de_Vida/2.1.2-Nuevo_Formulario_Hoja_de_vida" time="19.377" classname="Test Cases/1.2-Tareas_Secundarias/2.1-Pruebas_Hoja_de_Vida/2.1.2-Nuevo_Formulario_Hoja_de_vida" status="PASSED">
         <system-out><![CDATA[2022-03-29 18:42:49 - [TEST_CASE][PASSED] - Test Cases/1.2-Tareas_Secundarias/2.1-Pruebas_Hoja_de_Vida/2.1.2-Nuevo_Formulario_Hoja_de_vida: Test Cases/1.2-Tareas_Secundarias/2.1-Pruebas_Hoja_de_Vida/2.1.2-Nuevo_Formulario_Hoja_de_vida

2022-03-29 18:42:49 - [TEST_STEP][PASSED] - callTestCase(findTestCase("0.1-Login"), [:], STOP_ON_FAILURE): Call Test Case 'Test Cases/0.1-Login' successfully

2022-03-29 18:42:49 - [TEST_CASE][PASSED] - Test Cases/0.1-Login: Test Cases/0.1-Login

2022-03-29 18:42:49 - [TEST_STEP][PASSED] - openBrowser(""): Browser is opened with url: ''

2022-03-29 18:42:49 - [MESSAGE][INFO] - Starting 'Chrome' driver

2022-03-29 18:42:49 - [MESSAGE][INFO] - Action delay is set to 50 milliseconds

2022-03-29 18:42:51 - [MESSAGE][PASSED] - Browser is opened with url: ''

2022-03-29 18:42:51 - [TEST_STEP][PASSED] - maximizeWindow(): Current window maximized

2022-03-29 18:42:51 - [MESSAGE][PASSED] - Current window maximized

2022-03-29 18:42:51 - [TEST_STEP][PASSED] - i = G_Login: null

2022-03-29 18:42:51 - [TEST_STEP][PASSED] - url = new java.net.URL(i): null

2022-03-29 18:42:51 - [TEST_STEP][PASSED] - println("URL: " + url.toString()): null

2022-03-29 18:42:51 - [TEST_STEP][PASSED] - connection = url.openConnection(): null

2022-03-29 18:42:51 - [TEST_STEP][PASSED] - connection.setRequestMethod("GET"): null

2022-03-29 18:42:51 - [TEST_STEP][PASSED] - connection.setReadTimeout(2 * 1000): null

2022-03-29 18:42:51 - [TEST_STEP][PASSED] - try: null

2022-03-29 18:42:51 - [TEST_STEP][PASSED] - connection.connect(): null

2022-03-29 18:42:51 - [TEST_STEP][PASSED] - flag = connected: null

2022-03-29 18:42:51 - [TEST_STEP][PASSED] - println("Valor_ori: " + flag): null

2022-03-29 18:42:51 - [TEST_STEP][PASSED] - if (flag): null

2022-03-29 18:42:51 - [TEST_STEP][PASSED] - navigateToUrl(i): Navigate to 'http://192.168.2.19:8380/saraweb' successfully

2022-03-29 18:42:51 - [MESSAGE][PASSED] - Navigate to 'http://192.168.2.19:8380/saraweb' successfully

2022-03-29 18:42:51 - [TEST_STEP][PASSED] - a(): null

2022-03-29 18:42:51 - [TEST_STEP][PASSED] - setText(findTestObject("Login/input_USUARIO_loginusuario"), G_Usuario): Text 'saraadmin' is set on object 'Object Repository/Login/input_USUARIO_loginusuario'

2022-03-29 18:42:52 - [MESSAGE][PASSED] - Text 'saraadmin' is set on object 'Object Repository/Login/input_USUARIO_loginusuario'

2022-03-29 18:42:52 - [TEST_STEP][PASSED] - setEncryptedText(findTestObject("Login/input_CLAVE_loginpassword"), "MkG4/TYiCFC3cb2driP7+Q=="): Text ****** has been set on object 'Object Repository/Login/input_CLAVE_loginpassword'

2022-03-29 18:42:53 - [MESSAGE][PASSED] - Text ****** has been set on object 'Object Repository/Login/input_CLAVE_loginpassword'

2022-03-29 18:42:53 - [TEST_STEP][PASSED] - waitForElementClickable(findTestObject("Login/a_Ingresar"), G_TimeOut): Object 'Object Repository/Login/a_Ingresar' is clickable

2022-03-29 18:42:53 - [MESSAGE][PASSED] - Object 'Object Repository/Login/a_Ingresar' is clickable

2022-03-29 18:42:53 - [TEST_STEP][PASSED] - click(findTestObject("Login/a_Ingresar")): Object: 'Object Repository/Login/a_Ingresar' is clicked on

2022-03-29 18:42:55 - [MESSAGE][PASSED] - Object: 'Object Repository/Login/a_Ingresar' is clicked on

2022-03-29 18:42:55 - [TEST_STEP][PASSED] - element = findWebElement(findTestObject("Login/a_Ir"), 30): null

2022-03-29 18:42:55 - [TEST_STEP][PASSED] - executeJavaScript("arguments[0].click()", Arrays.asList(element)): Execute JavaScript 'arguments[0].click()' successfully

2022-03-29 18:42:55 - [MESSAGE][PASSED] - Execute JavaScript 'arguments[0].click()' successfully

2022-03-29 18:42:55 - [MESSAGE][PASSED] - Call Test Case 'Test Cases/0.1-Login' successfully

2022-03-29 18:42:55 - [TEST_STEP][PASSED] - click(findTestObject("M-OBJECTS TAREAS SECUNDARIAS/Pruebas Hoja de Vida/Nuevo_Formulario_Hoja_de_vida1/input_Secciones_form_templatej_idt286j_idt29")): Object: 'Object Repository/M-OBJECTS TAREAS SECUNDARIAS/Pruebas Hoja de Vida/Nuevo_Formulario_Hoja_de_vida1/input_Secciones_form_templatej_idt286j_idt29' is clicked on

2022-03-29 18:42:56 - [MESSAGE][PASSED] - Object: 'Object Repository/M-OBJECTS TAREAS SECUNDARIAS/Pruebas Hoja de Vida/Nuevo_Formulario_Hoja_de_vida1/input_Secciones_form_templatej_idt286j_idt29' is clicked on

2022-03-29 18:42:56 - [TEST_STEP][PASSED] - click(findTestObject("M-OBJECTS TAREAS SECUNDARIAS/Pruebas Hoja de Vida/Nuevo_Formulario_Hoja_de_vida1/a_ADMINISTRADOR DEL SISTEMA - SARA_cerrar_menu")): Object: 'Object Repository/M-OBJECTS TAREAS SECUNDARIAS/Pruebas Hoja de Vida/Nuevo_Formulario_Hoja_de_vida1/a_ADMINISTRADOR DEL SISTEMA - SARA_cerrar_menu' is clicked on

2022-03-29 18:42:57 - [MESSAGE][PASSED] - Object: 'Object Repository/M-OBJECTS TAREAS SECUNDARIAS/Pruebas Hoja de Vida/Nuevo_Formulario_Hoja_de_vida1/a_ADMINISTRADOR DEL SISTEMA - SARA_cerrar_menu' is clicked on

2022-03-29 18:42:57 - [TEST_STEP][PASSED] - click(findTestObject("M-OBJECTS TAREAS SECUNDARIAS/Pruebas Hoja de Vida/Nuevo_Formulario_Hoja_de_vida1/label_Parametros de Formularios")): Object: 'Object Repository/M-OBJECTS TAREAS SECUNDARIAS/Pruebas Hoja de Vida/Nuevo_Formulario_Hoja_de_vida1/label_Parametros de Formularios' is clicked on

2022-03-29 18:42:57 - [MESSAGE][PASSED] - Object: 'Object Repository/M-OBJECTS TAREAS SECUNDARIAS/Pruebas Hoja de Vida/Nuevo_Formulario_Hoja_de_vida1/label_Parametros de Formularios' is clicked on

2022-03-29 18:42:57 - [TEST_STEP][PASSED] - click(findTestObject("M-OBJECTS TAREAS SECUNDARIAS/Pruebas Hoja de Vida/Nuevo_Formulario_Hoja_de_vida1/a_Formulario")): Object: 'Object Repository/M-OBJECTS TAREAS SECUNDARIAS/Pruebas Hoja de Vida/Nuevo_Formulario_Hoja_de_vida1/a_Formulario' is clicked on

2022-03-29 18:42:58 - [MESSAGE][PASSED] - Object: 'Object Repository/M-OBJECTS TAREAS SECUNDARIAS/Pruebas Hoja de Vida/Nuevo_Formulario_Hoja_de_vida1/a_Formulario' is clicked on

2022-03-29 18:42:58 - [TEST_STEP][PASSED] - setText(findTestObject("M-OBJECTS TAREAS SECUNDARIAS/Pruebas Hoja de Vida/Nuevo_Formulario_Hoja_de_vida1/input_Nueva Hoja Vida_form_formularioj_idt61"), "prueba"): Text 'prueba' is set on object 'Object Repository/M-OBJECTS TAREAS SECUNDARIAS/Pruebas Hoja de Vida/Nuevo_Formulario_Hoja_de_vida1/input_Nueva Hoja Vida_form_formularioj_idt61'

2022-03-29 18:42:59 - [MESSAGE][PASSED] - Text 'prueba' is set on object 'Object Repository/M-OBJECTS TAREAS SECUNDARIAS/Pruebas Hoja de Vida/Nuevo_Formulario_Hoja_de_vida1/input_Nueva Hoja Vida_form_formularioj_idt61'

2022-03-29 18:42:59 - [TEST_STEP][PASSED] - sendKeys(findTestObject("M-OBJECTS TAREAS SECUNDARIAS/Pruebas Hoja de Vida/Nuevo_Formulario_Hoja_de_vida1/input_Nueva Hoja Vida_form_formularioj_idt61"), Keys.chord(ENTER)): Keys 'ENTER + ' sent to object: 'Object Repository/M-OBJECTS TAREAS SECUNDARIAS/Pruebas Hoja de Vida/Nuevo_Formulario_Hoja_de_vida1/input_Nueva Hoja Vida_form_formularioj_idt61'

2022-03-29 18:43:01 - [MESSAGE][PASSED] - Keys 'ENTER + ' sent to object: 'Object Repository/M-OBJECTS TAREAS SECUNDARIAS/Pruebas Hoja de Vida/Nuevo_Formulario_Hoja_de_vida1/input_Nueva Hoja Vida_form_formularioj_idt61'

2022-03-29 18:43:01 - [TEST_STEP][PASSED] - if (waitForElementClickable(findTestObject("M-OBJECTS TAREAS SECUNDARIAS/Pruebas Hoja de Vida/Nuevo_Formulario_Hoja_de_vida1/span_Prueba"), 1)): null

2022-03-29 18:43:01 - [MESSAGE][PASSED] - Object 'Object Repository/M-OBJECTS TAREAS SECUNDARIAS/Pruebas Hoja de Vida/Nuevo_Formulario_Hoja_de_vida1/span_Prueba' is clickable

2022-03-29 18:43:01 - [TEST_STEP][PASSED] - click(findTestObject("M-OBJECTS TAREAS SECUNDARIAS/Pruebas Hoja de Vida/Nuevo_Formulario_Hoja_de_vida1/span_Prueba")): Object: 'Object Repository/M-OBJECTS TAREAS SECUNDARIAS/Pruebas Hoja de Vida/Nuevo_Formulario_Hoja_de_vida1/span_Prueba' is clicked on

2022-03-29 18:43:02 - [MESSAGE][PASSED] - Object: 'Object Repository/M-OBJECTS TAREAS SECUNDARIAS/Pruebas Hoja de Vida/Nuevo_Formulario_Hoja_de_vida1/span_Prueba' is clicked on

2022-03-29 18:43:02 - [TEST_STEP][PASSED] - click(findTestObject("M-OBJECTS TAREAS SECUNDARIAS/Pruebas Hoja de Vida/Nuevo_Formulario_Hoja_de_vida1/a_Eliminar")): Object: 'Object Repository/M-OBJECTS TAREAS SECUNDARIAS/Pruebas Hoja de Vida/Nuevo_Formulario_Hoja_de_vida1/a_Eliminar' is clicked on

2022-03-29 18:43:03 - [MESSAGE][PASSED] - Object: 'Object Repository/M-OBJECTS TAREAS SECUNDARIAS/Pruebas Hoja de Vida/Nuevo_Formulario_Hoja_de_vida1/a_Eliminar' is clicked on

2022-03-29 18:43:03 - [TEST_STEP][PASSED] - click(findTestObject("M-OBJECTS TAREAS SECUNDARIAS/Pruebas Hoja de Vida/Nuevo_Formulario_Hoja_de_vida1/a_Aceptar_Eliminar")): Object: 'Object Repository/M-OBJECTS TAREAS SECUNDARIAS/Pruebas Hoja de Vida/Nuevo_Formulario_Hoja_de_vida1/a_Aceptar_Eliminar' is clicked on

2022-03-29 18:43:04 - [MESSAGE][PASSED] - Object: 'Object Repository/M-OBJECTS TAREAS SECUNDARIAS/Pruebas Hoja de Vida/Nuevo_Formulario_Hoja_de_vida1/a_Aceptar_Eliminar' is clicked on

2022-03-29 18:43:04 - [TEST_STEP][PASSED] - click(findTestObject("M-OBJECTS TAREAS SECUNDARIAS/Pruebas Hoja de Vida/Nuevo_Formulario_Hoja_de_vida1/a_Nuevo")): Object: 'Object Repository/M-OBJECTS TAREAS SECUNDARIAS/Pruebas Hoja de Vida/Nuevo_Formulario_Hoja_de_vida1/a_Nuevo' is clicked on

2022-03-29 18:43:05 - [MESSAGE][PASSED] - Object: 'Object Repository/M-OBJECTS TAREAS SECUNDARIAS/Pruebas Hoja de Vida/Nuevo_Formulario_Hoja_de_vida1/a_Nuevo' is clicked on

2022-03-29 18:43:05 - [TEST_STEP][PASSED] - setText(findTestObject("M-OBJECTS TAREAS SECUNDARIAS/Pruebas Hoja de Vida/Nuevo_Formulario_Hoja_de_vida1/input_Nombre_form_formularionombre"), "prueba"): Text 'prueba' is set on object 'Object Repository/M-OBJECTS TAREAS SECUNDARIAS/Pruebas Hoja de Vida/Nuevo_Formulario_Hoja_de_vida1/input_Nombre_form_formularionombre'

2022-03-29 18:43:06 - [MESSAGE][PASSED] - Text 'prueba' is set on object 'Object Repository/M-OBJECTS TAREAS SECUNDARIAS/Pruebas Hoja de Vida/Nuevo_Formulario_Hoja_de_vida1/input_Nombre_form_formularionombre'

2022-03-29 18:43:06 - [TEST_STEP][PASSED] - setText(findTestObject("M-OBJECTS TAREAS SECUNDARIAS/Pruebas Hoja de Vida/Nuevo_Formulario_Hoja_de_vida1/input_Cdigo_form_formulariomodulo"), "123"): Text '123' is set on object 'Object Repository/M-OBJECTS TAREAS SECUNDARIAS/Pruebas Hoja de Vida/Nuevo_Formulario_Hoja_de_vida1/input_Cdigo_form_formulariomodulo'

2022-03-29 18:43:07 - [MESSAGE][PASSED] - Text '123' is set on object 'Object Repository/M-OBJECTS TAREAS SECUNDARIAS/Pruebas Hoja de Vida/Nuevo_Formulario_Hoja_de_vida1/input_Cdigo_form_formulariomodulo'

2022-03-29 18:43:07 - [TEST_STEP][PASSED] - click(findTestObject("M-OBJECTS TAREAS SECUNDARIAS/Pruebas Hoja de Vida/Nuevo_Formulario_Hoja_de_vida1/a_Guardar")): Object: 'Object Repository/M-OBJECTS TAREAS SECUNDARIAS/Pruebas Hoja de Vida/Nuevo_Formulario_Hoja_de_vida1/a_Guardar' is clicked on

2022-03-29 18:43:08 - [MESSAGE][PASSED] - Object: 'Object Repository/M-OBJECTS TAREAS SECUNDARIAS/Pruebas Hoja de Vida/Nuevo_Formulario_Hoja_de_vida1/a_Guardar' is clicked on

2022-03-29 18:43:08 - [TEST_STEP][PASSED] - closeBrowser(): Browser is closed

2022-03-29 18:43:08 - [MESSAGE][PASSED] - Browser is closed]]></system-out>
         <system-err><![CDATA[]]></system-err>
      </testcase>
      <testcase name="Test Cases/1.2-Tareas_Secundarias/2.1-Pruebas_Hoja_de_Vida/2.1.3-Crear_Nueva_Tipo_de_Hoja" time="22.869" classname="Test Cases/1.2-Tareas_Secundarias/2.1-Pruebas_Hoja_de_Vida/2.1.3-Crear_Nueva_Tipo_de_Hoja" status="PASSED">
         <system-out><![CDATA[2022-03-29 18:43:08 - [TEST_CASE][PASSED] - Test Cases/1.2-Tareas_Secundarias/2.1-Pruebas_Hoja_de_Vida/2.1.3-Crear_Nueva_Tipo_de_Hoja: Test Cases/1.2-Tareas_Secundarias/2.1-Pruebas_Hoja_de_Vida/2.1.3-Crear_Nueva_Tipo_de_Hoja

2022-03-29 18:43:09 - [TEST_STEP][PASSED] - callTestCase(findTestCase("0.1-Login"), [:], STOP_ON_FAILURE): Call Test Case 'Test Cases/0.1-Login' successfully

2022-03-29 18:43:09 - [TEST_CASE][PASSED] - Test Cases/0.1-Login: Test Cases/0.1-Login

2022-03-29 18:43:09 - [TEST_STEP][PASSED] - openBrowser(""): Browser is opened with url: ''

2022-03-29 18:43:09 - [MESSAGE][INFO] - Starting 'Chrome' driver

2022-03-29 18:43:09 - [MESSAGE][INFO] - Action delay is set to 50 milliseconds

2022-03-29 18:43:10 - [MESSAGE][PASSED] - Browser is opened with url: ''

2022-03-29 18:43:10 - [TEST_STEP][PASSED] - maximizeWindow(): Current window maximized

2022-03-29 18:43:10 - [MESSAGE][PASSED] - Current window maximized

2022-03-29 18:43:10 - [TEST_STEP][PASSED] - i = G_Login: null

2022-03-29 18:43:10 - [TEST_STEP][PASSED] - url = new java.net.URL(i): null

2022-03-29 18:43:10 - [TEST_STEP][PASSED] - println("URL: " + url.toString()): null

2022-03-29 18:43:10 - [TEST_STEP][PASSED] - connection = url.openConnection(): null

2022-03-29 18:43:10 - [TEST_STEP][PASSED] - connection.setRequestMethod("GET"): null

2022-03-29 18:43:10 - [TEST_STEP][PASSED] - connection.setReadTimeout(2 * 1000): null

2022-03-29 18:43:10 - [TEST_STEP][PASSED] - try: null

2022-03-29 18:43:10 - [TEST_STEP][PASSED] - connection.connect(): null

2022-03-29 18:43:10 - [TEST_STEP][PASSED] - flag = connected: null

2022-03-29 18:43:10 - [TEST_STEP][PASSED] - println("Valor_ori: " + flag): null

2022-03-29 18:43:10 - [TEST_STEP][PASSED] - if (flag): null

2022-03-29 18:43:10 - [TEST_STEP][PASSED] - navigateToUrl(i): Navigate to 'http://192.168.2.19:8380/saraweb' successfully

2022-03-29 18:43:11 - [MESSAGE][PASSED] - Navigate to 'http://192.168.2.19:8380/saraweb' successfully

2022-03-29 18:43:11 - [TEST_STEP][PASSED] - a(): null

2022-03-29 18:43:11 - [TEST_STEP][PASSED] - setText(findTestObject("Login/input_USUARIO_loginusuario"), G_Usuario): Text 'saraadmin' is set on object 'Object Repository/Login/input_USUARIO_loginusuario'

2022-03-29 18:43:12 - [MESSAGE][PASSED] - Text 'saraadmin' is set on object 'Object Repository/Login/input_USUARIO_loginusuario'

2022-03-29 18:43:12 - [TEST_STEP][PASSED] - setEncryptedText(findTestObject("Login/input_CLAVE_loginpassword"), "MkG4/TYiCFC3cb2driP7+Q=="): Text ****** has been set on object 'Object Repository/Login/input_CLAVE_loginpassword'

2022-03-29 18:43:13 - [MESSAGE][PASSED] - Text ****** has been set on object 'Object Repository/Login/input_CLAVE_loginpassword'

2022-03-29 18:43:13 - [TEST_STEP][PASSED] - waitForElementClickable(findTestObject("Login/a_Ingresar"), G_TimeOut): Object 'Object Repository/Login/a_Ingresar' is clickable

2022-03-29 18:43:13 - [MESSAGE][PASSED] - Object 'Object Repository/Login/a_Ingresar' is clickable

2022-03-29 18:43:13 - [TEST_STEP][PASSED] - click(findTestObject("Login/a_Ingresar")): Object: 'Object Repository/Login/a_Ingresar' is clicked on

2022-03-29 18:43:14 - [MESSAGE][PASSED] - Object: 'Object Repository/Login/a_Ingresar' is clicked on

2022-03-29 18:43:14 - [TEST_STEP][PASSED] - element = findWebElement(findTestObject("Login/a_Ir"), 30): null

2022-03-29 18:43:15 - [TEST_STEP][PASSED] - executeJavaScript("arguments[0].click()", Arrays.asList(element)): Execute JavaScript 'arguments[0].click()' successfully

2022-03-29 18:43:15 - [MESSAGE][PASSED] - Execute JavaScript 'arguments[0].click()' successfully

2022-03-29 18:43:15 - [MESSAGE][PASSED] - Call Test Case 'Test Cases/0.1-Login' successfully

2022-03-29 18:43:15 - [TEST_STEP][PASSED] - setText(findTestObject("M-OBJECTS TAREAS SECUNDARIAS/Pruebas Hoja de Vida/Crear_Nueva_Tipo_de_Hoja/input_Empresa 1_form_templatej_idt24_input"), "Tipo de Hoja"): Text 'Tipo de Hoja' is set on object 'Object Repository/M-OBJECTS TAREAS SECUNDARIAS/Pruebas Hoja de Vida/Crear_Nueva_Tipo_de_Hoja/input_Empresa 1_form_templatej_idt24_input'

2022-03-29 18:43:16 - [MESSAGE][PASSED] - Text 'Tipo de Hoja' is set on object 'Object Repository/M-OBJECTS TAREAS SECUNDARIAS/Pruebas Hoja de Vida/Crear_Nueva_Tipo_de_Hoja/input_Empresa 1_form_templatej_idt24_input'

2022-03-29 18:43:16 - [TEST_STEP][PASSED] - click(findTestObject("M-OBJECTS TAREAS SECUNDARIAS/Pruebas Hoja de Vida/Crear_Nueva_Tipo_de_Hoja/span_Tipo de Hoja")): Object: 'Object Repository/M-OBJECTS TAREAS SECUNDARIAS/Pruebas Hoja de Vida/Crear_Nueva_Tipo_de_Hoja/span_Tipo de Hoja' is clicked on

2022-03-29 18:43:17 - [MESSAGE][PASSED] - Object: 'Object Repository/M-OBJECTS TAREAS SECUNDARIAS/Pruebas Hoja de Vida/Crear_Nueva_Tipo_de_Hoja/span_Tipo de Hoja' is clicked on

2022-03-29 18:43:17 - [TEST_STEP][PASSED] - if (waitForElementClickable(findTestObject("M-OBJECTS TAREAS SECUNDARIAS/Pruebas Hoja de Vida/Crear_Nueva_Tipo_de_Hoja/span_P1"), 1)): null

2022-03-29 18:43:18 - [MESSAGE][PASSED] - Object 'Object Repository/M-OBJECTS TAREAS SECUNDARIAS/Pruebas Hoja de Vida/Crear_Nueva_Tipo_de_Hoja/span_P1' is clickable

2022-03-29 18:43:18 - [TEST_STEP][PASSED] - click(findTestObject("M-OBJECTS TAREAS SECUNDARIAS/Pruebas Hoja de Vida/Crear_Nueva_Tipo_de_Hoja/span_P1")): Object: 'Object Repository/M-OBJECTS TAREAS SECUNDARIAS/Pruebas Hoja de Vida/Crear_Nueva_Tipo_de_Hoja/span_P1' is clicked on

2022-03-29 18:43:19 - [MESSAGE][PASSED] - Object: 'Object Repository/M-OBJECTS TAREAS SECUNDARIAS/Pruebas Hoja de Vida/Crear_Nueva_Tipo_de_Hoja/span_P1' is clicked on

2022-03-29 18:43:19 - [TEST_STEP][PASSED] - click(findTestObject("M-OBJECTS TAREAS SECUNDARIAS/Pruebas Hoja de Vida/Crear_Nueva_Tipo_de_Hoja/a_Eliminar")): Object: 'Object Repository/M-OBJECTS TAREAS SECUNDARIAS/Pruebas Hoja de Vida/Crear_Nueva_Tipo_de_Hoja/a_Eliminar' is clicked on

2022-03-29 18:43:20 - [MESSAGE][PASSED] - Object: 'Object Repository/M-OBJECTS TAREAS SECUNDARIAS/Pruebas Hoja de Vida/Crear_Nueva_Tipo_de_Hoja/a_Eliminar' is clicked on

2022-03-29 18:43:20 - [TEST_STEP][PASSED] - click(findTestObject("M-OBJECTS TAREAS SECUNDARIAS/Pruebas Hoja de Vida/Crear_Nueva_Tipo_de_Hoja/a_Aceptar")): Object: 'Object Repository/M-OBJECTS TAREAS SECUNDARIAS/Pruebas Hoja de Vida/Crear_Nueva_Tipo_de_Hoja/a_Aceptar' is clicked on

2022-03-29 18:43:20 - [MESSAGE][PASSED] - Object: 'Object Repository/M-OBJECTS TAREAS SECUNDARIAS/Pruebas Hoja de Vida/Crear_Nueva_Tipo_de_Hoja/a_Aceptar' is clicked on

2022-03-29 18:43:20 - [TEST_STEP][PASSED] - click(findTestObject("M-OBJECTS TAREAS SECUNDARIAS/Pruebas Hoja de Vida/Crear_Nueva_Tipo_de_Hoja/a_Nuevo")): Object: 'Object Repository/M-OBJECTS TAREAS SECUNDARIAS/Pruebas Hoja de Vida/Crear_Nueva_Tipo_de_Hoja/a_Nuevo' is clicked on

2022-03-29 18:43:21 - [MESSAGE][PASSED] - Object: 'Object Repository/M-OBJECTS TAREAS SECUNDARIAS/Pruebas Hoja de Vida/Crear_Nueva_Tipo_de_Hoja/a_Nuevo' is clicked on

2022-03-29 18:43:21 - [TEST_STEP][PASSED] - setText(findTestObject("M-OBJECTS TAREAS SECUNDARIAS/Pruebas Hoja de Vida/Crear_Nueva_Tipo_de_Hoja/input_Tipo Relacin Hoja_form_tipohojavinculacion"), "P1"): Text 'P1' is set on object 'Object Repository/M-OBJECTS TAREAS SECUNDARIAS/Pruebas Hoja de Vida/Crear_Nueva_Tipo_de_Hoja/input_Tipo Relacin Hoja_form_tipohojavinculacion'

2022-03-29 18:43:22 - [MESSAGE][PASSED] - Text 'P1' is set on object 'Object Repository/M-OBJECTS TAREAS SECUNDARIAS/Pruebas Hoja de Vida/Crear_Nueva_Tipo_de_Hoja/input_Tipo Relacin Hoja_form_tipohojavinculacion'

2022-03-29 18:43:22 - [TEST_STEP][PASSED] - setText(findTestObject("M-OBJECTS TAREAS SECUNDARIAS/Pruebas Hoja de Vida/Crear_Nueva_Tipo_de_Hoja/input_Descripcin_form_tipohojadescripcion"), "prueba"): Text 'prueba' is set on object 'Object Repository/M-OBJECTS TAREAS SECUNDARIAS/Pruebas Hoja de Vida/Crear_Nueva_Tipo_de_Hoja/input_Descripcin_form_tipohojadescripcion'

2022-03-29 18:43:23 - [MESSAGE][PASSED] - Text 'prueba' is set on object 'Object Repository/M-OBJECTS TAREAS SECUNDARIAS/Pruebas Hoja de Vida/Crear_Nueva_Tipo_de_Hoja/input_Descripcin_form_tipohojadescripcion'

2022-03-29 18:43:23 - [TEST_STEP][PASSED] - click(findTestObject("M-OBJECTS TAREAS SECUNDARIAS/Pruebas Hoja de Vida/Crear_Nueva_Tipo_de_Hoja/label_No_Novedad Directa")): Object: 'Object Repository/M-OBJECTS TAREAS SECUNDARIAS/Pruebas Hoja de Vida/Crear_Nueva_Tipo_de_Hoja/label_No_Novedad Directa' is clicked on

2022-03-29 18:43:24 - [MESSAGE][PASSED] - Object: 'Object Repository/M-OBJECTS TAREAS SECUNDARIAS/Pruebas Hoja de Vida/Crear_Nueva_Tipo_de_Hoja/label_No_Novedad Directa' is clicked on

2022-03-29 18:43:24 - [TEST_STEP][PASSED] - click(findTestObject("M-OBJECTS TAREAS SECUNDARIAS/Pruebas Hoja de Vida/Crear_Nueva_Tipo_de_Hoja/label_Si_Crear Hoja")): Object: 'Object Repository/M-OBJECTS TAREAS SECUNDARIAS/Pruebas Hoja de Vida/Crear_Nueva_Tipo_de_Hoja/label_Si_Crear Hoja' is clicked on

2022-03-29 18:43:24 - [MESSAGE][PASSED] - Object: 'Object Repository/M-OBJECTS TAREAS SECUNDARIAS/Pruebas Hoja de Vida/Crear_Nueva_Tipo_de_Hoja/label_Si_Crear Hoja' is clicked on

2022-03-29 18:43:24 - [TEST_STEP][PASSED] - click(findTestObject("M-OBJECTS TAREAS SECUNDARIAS/Pruebas Hoja de Vida/Crear_Nueva_Tipo_de_Hoja/label_No_Novedad Aprobada")): Object: 'Object Repository/M-OBJECTS TAREAS SECUNDARIAS/Pruebas Hoja de Vida/Crear_Nueva_Tipo_de_Hoja/label_No_Novedad Aprobada' is clicked on

2022-03-29 18:43:25 - [MESSAGE][PASSED] - Object: 'Object Repository/M-OBJECTS TAREAS SECUNDARIAS/Pruebas Hoja de Vida/Crear_Nueva_Tipo_de_Hoja/label_No_Novedad Aprobada' is clicked on

2022-03-29 18:43:25 - [TEST_STEP][PASSED] - click(findTestObject("M-OBJECTS TAREAS SECUNDARIAS/Pruebas Hoja de Vida/Crear_Nueva_Tipo_de_Hoja/label_No_Novedad Rechazada")): Object: 'Object Repository/M-OBJECTS TAREAS SECUNDARIAS/Pruebas Hoja de Vida/Crear_Nueva_Tipo_de_Hoja/label_No_Novedad Rechazada' is clicked on

2022-03-29 18:43:25 - [MESSAGE][PASSED] - Object: 'Object Repository/M-OBJECTS TAREAS SECUNDARIAS/Pruebas Hoja de Vida/Crear_Nueva_Tipo_de_Hoja/label_No_Novedad Rechazada' is clicked on

2022-03-29 18:43:25 - [TEST_STEP][PASSED] - selectOptionByIndex(findTestObject("M-OBJECTS TAREAS SECUNDARIAS/Pruebas Hoja de Vida/Crear_Nueva_Tipo_de_Hoja/select_Formulario Asociados"), 8): All options with index in [8] are selected on object 'Object Repository/M-OBJECTS TAREAS SECUNDARIAS/Pruebas Hoja de Vida/Crear_Nueva_Tipo_de_Hoja/select_Formulario Asociados'

2022-03-29 18:43:27 - [MESSAGE][PASSED] - All options with index in [8] are selected on object 'Object Repository/M-OBJECTS TAREAS SECUNDARIAS/Pruebas Hoja de Vida/Crear_Nueva_Tipo_de_Hoja/select_Formulario Asociados'

2022-03-29 18:43:27 - [TEST_STEP][PASSED] - selectOptionByIndex(findTestObject("M-OBJECTS TAREAS SECUNDARIAS/Pruebas Hoja de Vida/Crear_Nueva_Tipo_de_Hoja/select_Hoja Asociar"), 3): All options with index in [3] are selected on object 'Object Repository/M-OBJECTS TAREAS SECUNDARIAS/Pruebas Hoja de Vida/Crear_Nueva_Tipo_de_Hoja/select_Hoja Asociar'

2022-03-29 18:43:28 - [MESSAGE][PASSED] - All options with index in [3] are selected on object 'Object Repository/M-OBJECTS TAREAS SECUNDARIAS/Pruebas Hoja de Vida/Crear_Nueva_Tipo_de_Hoja/select_Hoja Asociar'

2022-03-29 18:43:28 - [TEST_STEP][PASSED] - selectOptionByIndex(findTestObject("M-OBJECTS TAREAS SECUNDARIAS/Pruebas Hoja de Vida/Crear_Nueva_Tipo_de_Hoja/select_Gestion Periodo"), 2): All options with index in [2] are selected on object 'Object Repository/M-OBJECTS TAREAS SECUNDARIAS/Pruebas Hoja de Vida/Crear_Nueva_Tipo_de_Hoja/select_Gestion Periodo'

2022-03-29 18:43:30 - [MESSAGE][PASSED] - All options with index in [2] are selected on object 'Object Repository/M-OBJECTS TAREAS SECUNDARIAS/Pruebas Hoja de Vida/Crear_Nueva_Tipo_de_Hoja/select_Gestion Periodo'

2022-03-29 18:43:30 - [TEST_STEP][PASSED] - selectOptionByIndex(findTestObject("M-OBJECTS TAREAS SECUNDARIAS/Pruebas Hoja de Vida/Crear_Nueva_Tipo_de_Hoja/select_Modo"), 1): All options with index in [1] are selected on object 'Object Repository/M-OBJECTS TAREAS SECUNDARIAS/Pruebas Hoja de Vida/Crear_Nueva_Tipo_de_Hoja/select_Modo'

2022-03-29 18:43:31 - [MESSAGE][PASSED] - All options with index in [1] are selected on object 'Object Repository/M-OBJECTS TAREAS SECUNDARIAS/Pruebas Hoja de Vida/Crear_Nueva_Tipo_de_Hoja/select_Modo'

2022-03-29 18:43:31 - [TEST_STEP][PASSED] - click(findTestObject("M-OBJECTS TAREAS SECUNDARIAS/Pruebas Hoja de Vida/Crear_Nueva_Tipo_de_Hoja/a_Guardar")): Object: 'Object Repository/M-OBJECTS TAREAS SECUNDARIAS/Pruebas Hoja de Vida/Crear_Nueva_Tipo_de_Hoja/a_Guardar' is clicked on

2022-03-29 18:43:31 - [MESSAGE][PASSED] - Object: 'Object Repository/M-OBJECTS TAREAS SECUNDARIAS/Pruebas Hoja de Vida/Crear_Nueva_Tipo_de_Hoja/a_Guardar' is clicked on]]></system-out>
         <system-err><![CDATA[]]></system-err>
      </testcase>
      <testcase name="Test Cases/1.2-Tareas_Secundarias/2.1-Pruebas_Hoja_de_Vida/2.1.4-Crear_Nueva_Hoja_de_Vida" time="35.872" classname="Test Cases/1.2-Tareas_Secundarias/2.1-Pruebas_Hoja_de_Vida/2.1.4-Crear_Nueva_Hoja_de_Vida" status="PASSED">
         <system-out><![CDATA[2022-03-29 18:43:31 - [TEST_CASE][PASSED] - Test Cases/1.2-Tareas_Secundarias/2.1-Pruebas_Hoja_de_Vida/2.1.4-Crear_Nueva_Hoja_de_Vida: Test Cases/1.2-Tareas_Secundarias/2.1-Pruebas_Hoja_de_Vida/2.1.4-Crear_Nueva_Hoja_de_Vida

2022-03-29 18:43:32 - [TEST_STEP][PASSED] - callTestCase(findTestCase("1.1-Tareas Principales/1.1.1-Crear Nueva Hoja de Vida"), [:], STOP_ON_FAILURE): Call Test Case 'Test Cases/1.1-Tareas Principales/1.1.1-Crear Nueva Hoja de Vida' successfully

2022-03-29 18:43:32 - [TEST_CASE][PASSED] - Test Cases/1.1-Tareas Principales/1.1.1-Crear Nueva Hoja de Vida: Test Cases/1.1-Tareas Principales/1.1.1-Crear Nueva Hoja de Vida

2022-03-29 18:43:32 - [TEST_STEP][PASSED] - random_double = Math.random() * 9999 + 999: null

2022-03-29 18:43:32 - [TEST_STEP][PASSED] - random_double = Math.round(random_double * 1000): null

2022-03-29 18:43:32 - [TEST_STEP][PASSED] - identificacion = toString().replace(".0", ""): null

2022-03-29 18:43:32 - [TEST_STEP][PASSED] - callTestCase(findTestCase("0.1-Login"), [:], STOP_ON_FAILURE): Call Test Case 'Test Cases/0.1-Login' successfully

2022-03-29 18:43:32 - [TEST_CASE][PASSED] - Test Cases/0.1-Login: Test Cases/0.1-Login

2022-03-29 18:43:32 - [TEST_STEP][PASSED] - openBrowser(""): Browser is opened with url: ''

2022-03-29 18:43:32 - [MESSAGE][WARNING] - A browser is already opened. Closing browser and opening a new one

2022-03-29 18:43:33 - [MESSAGE][INFO] - Starting 'Chrome' driver

2022-03-29 18:43:33 - [MESSAGE][INFO] - Action delay is set to 50 milliseconds

2022-03-29 18:43:34 - [MESSAGE][PASSED] - Browser is opened with url: ''

2022-03-29 18:43:34 - [TEST_STEP][PASSED] - maximizeWindow(): Current window maximized

2022-03-29 18:43:34 - [MESSAGE][PASSED] - Current window maximized

2022-03-29 18:43:34 - [TEST_STEP][PASSED] - i = G_Login: null

2022-03-29 18:43:34 - [TEST_STEP][PASSED] - url = new java.net.URL(i): null

2022-03-29 18:43:34 - [TEST_STEP][PASSED] - println("URL: " + url.toString()): null

2022-03-29 18:43:34 - [TEST_STEP][PASSED] - connection = url.openConnection(): null

2022-03-29 18:43:34 - [TEST_STEP][PASSED] - connection.setRequestMethod("GET"): null

2022-03-29 18:43:34 - [TEST_STEP][PASSED] - connection.setReadTimeout(2 * 1000): null

2022-03-29 18:43:34 - [TEST_STEP][PASSED] - try: null

2022-03-29 18:43:34 - [TEST_STEP][PASSED] - connection.connect(): null

2022-03-29 18:43:34 - [TEST_STEP][PASSED] - flag = connected: null

2022-03-29 18:43:34 - [TEST_STEP][PASSED] - println("Valor_ori: " + flag): null

2022-03-29 18:43:34 - [TEST_STEP][PASSED] - if (flag): null

2022-03-29 18:43:34 - [TEST_STEP][PASSED] - navigateToUrl(i): Navigate to 'http://192.168.2.19:8380/saraweb' successfully

2022-03-29 18:43:35 - [MESSAGE][PASSED] - Navigate to 'http://192.168.2.19:8380/saraweb' successfully

2022-03-29 18:43:35 - [TEST_STEP][PASSED] - a(): null

2022-03-29 18:43:35 - [TEST_STEP][PASSED] - setText(findTestObject("Login/input_USUARIO_loginusuario"), G_Usuario): Text 'saraadmin' is set on object 'Object Repository/Login/input_USUARIO_loginusuario'

2022-03-29 18:43:36 - [MESSAGE][PASSED] - Text 'saraadmin' is set on object 'Object Repository/Login/input_USUARIO_loginusuario'

2022-03-29 18:43:36 - [TEST_STEP][PASSED] - setEncryptedText(findTestObject("Login/input_CLAVE_loginpassword"), "MkG4/TYiCFC3cb2driP7+Q=="): Text ****** has been set on object 'Object Repository/Login/input_CLAVE_loginpassword'

2022-03-29 18:43:37 - [MESSAGE][PASSED] - Text ****** has been set on object 'Object Repository/Login/input_CLAVE_loginpassword'

2022-03-29 18:43:37 - [TEST_STEP][PASSED] - waitForElementClickable(findTestObject("Login/a_Ingresar"), G_TimeOut): Object 'Object Repository/Login/a_Ingresar' is clickable

2022-03-29 18:43:37 - [MESSAGE][PASSED] - Object 'Object Repository/Login/a_Ingresar' is clickable

2022-03-29 18:43:37 - [TEST_STEP][PASSED] - click(findTestObject("Login/a_Ingresar")): Object: 'Object Repository/Login/a_Ingresar' is clicked on

2022-03-29 18:43:38 - [MESSAGE][PASSED] - Object: 'Object Repository/Login/a_Ingresar' is clicked on

2022-03-29 18:43:38 - [TEST_STEP][PASSED] - element = findWebElement(findTestObject("Login/a_Ir"), 30): null

2022-03-29 18:43:39 - [TEST_STEP][PASSED] - executeJavaScript("arguments[0].click()", Arrays.asList(element)): Execute JavaScript 'arguments[0].click()' successfully

2022-03-29 18:43:39 - [MESSAGE][PASSED] - Execute JavaScript 'arguments[0].click()' successfully

2022-03-29 18:43:39 - [MESSAGE][PASSED] - Call Test Case 'Test Cases/0.1-Login' successfully

2022-03-29 18:43:39 - [TEST_STEP][PASSED] - waitForElementClickable(findTestObject("1-OBJECTS TAREAS PRINCIPALES/Modulo Tarea Listado Hojas de Vida/Crear Nueva Hoja de Vida/input_Listado Hojas De Vida_form_templatej_idt24_input"), G_TimeOut): Object 'Object Repository/1-OBJECTS TAREAS PRINCIPALES/Modulo Tarea Listado Hojas de Vida/Crear Nueva Hoja de Vida/input_Listado Hojas De Vida_form_templatej_idt24_input' is clickable

2022-03-29 18:43:40 - [MESSAGE][PASSED] - Object 'Object Repository/1-OBJECTS TAREAS PRINCIPALES/Modulo Tarea Listado Hojas de Vida/Crear Nueva Hoja de Vida/input_Listado Hojas De Vida_form_templatej_idt24_input' is clickable

2022-03-29 18:43:40 - [TEST_STEP][PASSED] - setText(findTestObject("1-OBJECTS TAREAS PRINCIPALES/Modulo Tarea Listado Hojas de Vida/Crear Nueva Hoja de Vida/input_Listado Hojas De Vida_form_templatej_idt24_input"), "Listado Hojas de Vida"): Text 'Listado Hojas de Vida' is set on object 'Object Repository/1-OBJECTS TAREAS PRINCIPALES/Modulo Tarea Listado Hojas de Vida/Crear Nueva Hoja de Vida/input_Listado Hojas De Vida_form_templatej_idt24_input'

2022-03-29 18:43:40 - [MESSAGE][PASSED] - Text 'Listado Hojas de Vida' is set on object 'Object Repository/1-OBJECTS TAREAS PRINCIPALES/Modulo Tarea Listado Hojas de Vida/Crear Nueva Hoja de Vida/input_Listado Hojas De Vida_form_templatej_idt24_input'

2022-03-29 18:43:40 - [TEST_STEP][PASSED] - waitForElementVisible(findTestObject("1-OBJECTS TAREAS PRINCIPALES/Modulo Tarea Listado Hojas de Vida/Crear Nueva Hoja de Vida/span_Listado Hojas de Vida"), 0): Object 'Object Repository/1-OBJECTS TAREAS PRINCIPALES/Modulo Tarea Listado Hojas de Vida/Crear Nueva Hoja de Vida/span_Listado Hojas de Vida' is visible

2022-03-29 18:43:40 - [MESSAGE][WARNING] - Timeout '0' is invalid. Using default page load timeout: '45'

2022-03-29 18:43:42 - [MESSAGE][PASSED] - Object 'Object Repository/1-OBJECTS TAREAS PRINCIPALES/Modulo Tarea Listado Hojas de Vida/Crear Nueva Hoja de Vida/span_Listado Hojas de Vida' is visible

2022-03-29 18:43:42 - [TEST_STEP][PASSED] - click(findTestObject("1-OBJECTS TAREAS PRINCIPALES/Modulo Tarea Listado Hojas de Vida/Crear Nueva Hoja de Vida/span_Listado Hojas de Vida")): Object: 'Object Repository/1-OBJECTS TAREAS PRINCIPALES/Modulo Tarea Listado Hojas de Vida/Crear Nueva Hoja de Vida/span_Listado Hojas de Vida' is clicked on

2022-03-29 18:43:42 - [MESSAGE][PASSED] - Object: 'Object Repository/1-OBJECTS TAREAS PRINCIPALES/Modulo Tarea Listado Hojas de Vida/Crear Nueva Hoja de Vida/span_Listado Hojas de Vida' is clicked on

2022-03-29 18:43:42 - [TEST_STEP][PASSED] - waitForElementClickable(findTestObject("1-OBJECTS TAREAS PRINCIPALES/Modulo Tarea Listado Hojas de Vida/Crear Nueva Hoja de Vida/a_Nueva HojaVida"), G_TimeOut): Object 'Object Repository/1-OBJECTS TAREAS PRINCIPALES/Modulo Tarea Listado Hojas de Vida/Crear Nueva Hoja de Vida/a_Nueva HojaVida' is clickable

2022-03-29 18:43:44 - [MESSAGE][PASSED] - Object 'Object Repository/1-OBJECTS TAREAS PRINCIPALES/Modulo Tarea Listado Hojas de Vida/Crear Nueva Hoja de Vida/a_Nueva HojaVida' is clickable

2022-03-29 18:43:44 - [TEST_STEP][PASSED] - click(findTestObject("1-OBJECTS TAREAS PRINCIPALES/Modulo Tarea Listado Hojas de Vida/Crear Nueva Hoja de Vida/a_Nueva HojaVida")): Object: 'Object Repository/1-OBJECTS TAREAS PRINCIPALES/Modulo Tarea Listado Hojas de Vida/Crear Nueva Hoja de Vida/a_Nueva HojaVida' is clicked on

2022-03-29 18:43:44 - [MESSAGE][PASSED] - Object: 'Object Repository/1-OBJECTS TAREAS PRINCIPALES/Modulo Tarea Listado Hojas de Vida/Crear Nueva Hoja de Vida/a_Nueva HojaVida' is clicked on

2022-03-29 18:43:44 - [TEST_STEP][PASSED] - waitForElementClickable(findTestObject("1-OBJECTS TAREAS PRINCIPALES/Modulo Tarea Listado Hojas de Vida/Crear Nueva Hoja de Vida/input_Identificacin_nuevahoja_"), 0): Object 'Object Repository/1-OBJECTS TAREAS PRINCIPALES/Modulo Tarea Listado Hojas de Vida/Crear Nueva Hoja de Vida/input_Identificacin_nuevahoja_' is clickable

2022-03-29 18:43:44 - [MESSAGE][WARNING] - Timeout '0' is invalid. Using default page load timeout: '45'

2022-03-29 18:43:45 - [MESSAGE][PASSED] - Object 'Object Repository/1-OBJECTS TAREAS PRINCIPALES/Modulo Tarea Listado Hojas de Vida/Crear Nueva Hoja de Vida/input_Identificacin_nuevahoja_' is clickable

2022-03-29 18:43:45 - [TEST_STEP][PASSED] - setText(findTestObject("1-OBJECTS TAREAS PRINCIPALES/Modulo Tarea Listado Hojas de Vida/Crear Nueva Hoja de Vida/input_Identificacin_nuevahoja_"), identificacion): Text '1521410' is set on object 'Object Repository/1-OBJECTS TAREAS PRINCIPALES/Modulo Tarea Listado Hojas de Vida/Crear Nueva Hoja de Vida/input_Identificacin_nuevahoja_'

2022-03-29 18:43:46 - [MESSAGE][PASSED] - Text '1521410' is set on object 'Object Repository/1-OBJECTS TAREAS PRINCIPALES/Modulo Tarea Listado Hojas de Vida/Crear Nueva Hoja de Vida/input_Identificacin_nuevahoja_'

2022-03-29 18:43:46 - [TEST_STEP][PASSED] - selectOptionByIndex(findTestObject("1-OBJECTS TAREAS PRINCIPALES/Modulo Tarea Listado Hojas de Vida/Crear Nueva Hoja de Vida/select_-- Seleccione --.ASPIRA"), "4"): All options with index in [4] are selected on object 'Object Repository/1-OBJECTS TAREAS PRINCIPALES/Modulo Tarea Listado Hojas de Vida/Crear Nueva Hoja de Vida/select_-- Seleccione --.ASPIRA'

2022-03-29 18:43:47 - [MESSAGE][PASSED] - All options with index in [4] are selected on object 'Object Repository/1-OBJECTS TAREAS PRINCIPALES/Modulo Tarea Listado Hojas de Vida/Crear Nueva Hoja de Vida/select_-- Seleccione --.ASPIRA'

2022-03-29 18:43:47 - [TEST_STEP][PASSED] - click(findTestObject("1-OBJECTS TAREAS PRINCIPALES/Modulo Tarea Listado Hojas de Vida/Crear Nueva Hoja de Vida/a_Nueva Solicitud")): Object: 'Object Repository/1-OBJECTS TAREAS PRINCIPALES/Modulo Tarea Listado Hojas de Vida/Crear Nueva Hoja de Vida/a_Nueva Solicitud' is clicked on

2022-03-29 18:43:48 - [MESSAGE][PASSED] - Object: 'Object Repository/1-OBJECTS TAREAS PRINCIPALES/Modulo Tarea Listado Hojas de Vida/Crear Nueva Hoja de Vida/a_Nueva Solicitud' is clicked on

2022-03-29 18:43:48 - [TEST_STEP][PASSED] - waitForElementPresent(findTestObject("1-OBJECTS TAREAS PRINCIPALES/Modulo Tarea Listado Hojas de Vida/Crear Nueva Hoja de Vida/input__hojaVidaseccionj_idt8350j_idt845"), 0): Object 'Object Repository/1-OBJECTS TAREAS PRINCIPALES/Modulo Tarea Listado Hojas de Vida/Crear Nueva Hoja de Vida/input__hojaVidaseccionj_idt8350j_idt845' is present

2022-03-29 18:43:48 - [MESSAGE][WARNING] - Timeout '0' is invalid. Using default page load timeout: '45'

2022-03-29 18:43:49 - [MESSAGE][PASSED] - Object 'Object Repository/1-OBJECTS TAREAS PRINCIPALES/Modulo Tarea Listado Hojas de Vida/Crear Nueva Hoja de Vida/input__hojaVidaseccionj_idt8350j_idt845' is present

2022-03-29 18:43:49 - [TEST_STEP][PASSED] - setText(findTestObject("1-OBJECTS TAREAS PRINCIPALES/Modulo Tarea Listado Hojas de Vida/Crear Nueva Hoja de Vida/input__hojaVidaseccionj_idt8350j_idt845"), identificacion): Text '1521410' is set on object 'Object Repository/1-OBJECTS TAREAS PRINCIPALES/Modulo Tarea Listado Hojas de Vida/Crear Nueva Hoja de Vida/input__hojaVidaseccionj_idt8350j_idt845'

2022-03-29 18:43:50 - [MESSAGE][PASSED] - Text '1521410' is set on object 'Object Repository/1-OBJECTS TAREAS PRINCIPALES/Modulo Tarea Listado Hojas de Vida/Crear Nueva Hoja de Vida/input__hojaVidaseccionj_idt8350j_idt845'

2022-03-29 18:43:50 - [TEST_STEP][PASSED] - setText(findTestObject("1-OBJECTS TAREAS PRINCIPALES/Modulo Tarea Listado Hojas de Vida/Crear Nueva Hoja de Vida/input__hojaVidaseccionj_idt8351j_idt845"), "Empleado" + identificacion): Text 'Empleado1521410' is set on object 'Object Repository/1-OBJECTS TAREAS PRINCIPALES/Modulo Tarea Listado Hojas de Vida/Crear Nueva Hoja de Vida/input__hojaVidaseccionj_idt8351j_idt845'

2022-03-29 18:43:51 - [MESSAGE][PASSED] - Text 'Empleado1521410' is set on object 'Object Repository/1-OBJECTS TAREAS PRINCIPALES/Modulo Tarea Listado Hojas de Vida/Crear Nueva Hoja de Vida/input__hojaVidaseccionj_idt8351j_idt845'

2022-03-29 18:43:51 - [TEST_STEP][PASSED] - setText(findTestObject("1-OBJECTS TAREAS PRINCIPALES/Modulo Tarea Listado Hojas de Vida/Crear Nueva Hoja de Vida/input__hojaVidaseccionj_idt8352j_idt845"), " Pruebas_Automaticas"): Text ' Pruebas_Automaticas' is set on object 'Object Repository/1-OBJECTS TAREAS PRINCIPALES/Modulo Tarea Listado Hojas de Vida/Crear Nueva Hoja de Vida/input__hojaVidaseccionj_idt8352j_idt845'

2022-03-29 18:43:52 - [MESSAGE][PASSED] - Text ' Pruebas_Automaticas' is set on object 'Object Repository/1-OBJECTS TAREAS PRINCIPALES/Modulo Tarea Listado Hojas de Vida/Crear Nueva Hoja de Vida/input__hojaVidaseccionj_idt8352j_idt845'

2022-03-29 18:43:52 - [TEST_STEP][PASSED] - setText(findTestObject("1-OBJECTS TAREAS PRINCIPALES/Modulo Tarea Listado Hojas de Vida/Crear Nueva Hoja de Vida/input__hojaVidaseccionj_idt8353fecha_input"), "30/08/1995"): Text '30/08/1995' is set on object 'Object Repository/1-OBJECTS TAREAS PRINCIPALES/Modulo Tarea Listado Hojas de Vida/Crear Nueva Hoja de Vida/input__hojaVidaseccionj_idt8353fecha_input'

2022-03-29 18:43:53 - [MESSAGE][PASSED] - Text '30/08/1995' is set on object 'Object Repository/1-OBJECTS TAREAS PRINCIPALES/Modulo Tarea Listado Hojas de Vida/Crear Nueva Hoja de Vida/input__hojaVidaseccionj_idt8353fecha_input'

2022-03-29 18:43:53 - [TEST_STEP][PASSED] - sendKeys(findTestObject("1-OBJECTS TAREAS PRINCIPALES/Modulo Tarea Listado Hojas de Vida/Crear Nueva Hoja de Vida/input__hojaVidaseccionj_idt8353fecha_input"), Keys.chord(ENTER)): Keys 'ENTER + ' sent to object: 'Object Repository/1-OBJECTS TAREAS PRINCIPALES/Modulo Tarea Listado Hojas de Vida/Crear Nueva Hoja de Vida/input__hojaVidaseccionj_idt8353fecha_input'

2022-03-29 18:43:53 - [MESSAGE][PASSED] - Keys 'ENTER + ' sent to object: 'Object Repository/1-OBJECTS TAREAS PRINCIPALES/Modulo Tarea Listado Hojas de Vida/Crear Nueva Hoja de Vida/input__hojaVidaseccionj_idt8353fecha_input'

2022-03-29 18:43:53 - [TEST_STEP][PASSED] - waitForElementClickable(findTestObject("1-OBJECTS TAREAS PRINCIPALES/Modulo Tarea Listado Hojas de Vida/Crear Nueva Hoja de Vida/a__hojaVidaseccionj_idt8354j_idt865"), G_TimeOut): Object 'Object Repository/1-OBJECTS TAREAS PRINCIPALES/Modulo Tarea Listado Hojas de Vida/Crear Nueva Hoja de Vida/a__hojaVidaseccionj_idt8354j_idt865' is clickable

2022-03-29 18:43:54 - [MESSAGE][PASSED] - Object 'Object Repository/1-OBJECTS TAREAS PRINCIPALES/Modulo Tarea Listado Hojas de Vida/Crear Nueva Hoja de Vida/a__hojaVidaseccionj_idt8354j_idt865' is clickable

2022-03-29 18:43:54 - [TEST_STEP][PASSED] - click(findTestObject("1-OBJECTS TAREAS PRINCIPALES/Modulo Tarea Listado Hojas de Vida/Crear Nueva Hoja de Vida/a__hojaVidaseccionj_idt8354j_idt865")): Object: 'Object Repository/1-OBJECTS TAREAS PRINCIPALES/Modulo Tarea Listado Hojas de Vida/Crear Nueva Hoja de Vida/a__hojaVidaseccionj_idt8354j_idt865' is clicked on

2022-03-29 18:43:54 - [MESSAGE][PASSED] - Object: 'Object Repository/1-OBJECTS TAREAS PRINCIPALES/Modulo Tarea Listado Hojas de Vida/Crear Nueva Hoja de Vida/a__hojaVidaseccionj_idt8354j_idt865' is clicked on

2022-03-29 18:43:54 - [TEST_STEP][PASSED] - waitForElementClickable(findTestObject("1-OBJECTS TAREAS PRINCIPALES/Modulo Tarea Listado Hojas de Vida/Crear Nueva Hoja de Vida/span_CEDULA CIUDADANIA"), G_TimeOut): Object 'Object Repository/1-OBJECTS TAREAS PRINCIPALES/Modulo Tarea Listado Hojas de Vida/Crear Nueva Hoja de Vida/span_CEDULA CIUDADANIA' is clickable

2022-03-29 18:43:55 - [MESSAGE][PASSED] - Object 'Object Repository/1-OBJECTS TAREAS PRINCIPALES/Modulo Tarea Listado Hojas de Vida/Crear Nueva Hoja de Vida/span_CEDULA CIUDADANIA' is clickable

2022-03-29 18:43:55 - [TEST_STEP][PASSED] - click(findTestObject("1-OBJECTS TAREAS PRINCIPALES/Modulo Tarea Listado Hojas de Vida/Crear Nueva Hoja de Vida/span_CEDULA CIUDADANIA")): Object: 'Object Repository/1-OBJECTS TAREAS PRINCIPALES/Modulo Tarea Listado Hojas de Vida/Crear Nueva Hoja de Vida/span_CEDULA CIUDADANIA' is clicked on

2022-03-29 18:43:55 - [MESSAGE][PASSED] - Object: 'Object Repository/1-OBJECTS TAREAS PRINCIPALES/Modulo Tarea Listado Hojas de Vida/Crear Nueva Hoja de Vida/span_CEDULA CIUDADANIA' is clicked on

2022-03-29 18:43:55 - [TEST_STEP][PASSED] - waitForElementClickable(findTestObject("1-OBJECTS TAREAS PRINCIPALES/Modulo Tarea Listado Hojas de Vida/Crear Nueva Hoja de Vida/input_Fecha Expedicin_hojaVidas"), G_TimeOut): Object 'Object Repository/1-OBJECTS TAREAS PRINCIPALES/Modulo Tarea Listado Hojas de Vida/Crear Nueva Hoja de Vida/input_Fecha Expedicin_hojaVidas' is clickable

2022-03-29 18:43:56 - [MESSAGE][PASSED] - Object 'Object Repository/1-OBJECTS TAREAS PRINCIPALES/Modulo Tarea Listado Hojas de Vida/Crear Nueva Hoja de Vida/input_Fecha Expedicin_hojaVidas' is clickable

2022-03-29 18:43:56 - [TEST_STEP][PASSED] - setText(findTestObject("1-OBJECTS TAREAS PRINCIPALES/Modulo Tarea Listado Hojas de Vida/Crear Nueva Hoja de Vida/input_Fecha Expedicin_hojaVidas"), "13/09/2013"): Text '13/09/2013' is set on object 'Object Repository/1-OBJECTS TAREAS PRINCIPALES/Modulo Tarea Listado Hojas de Vida/Crear Nueva Hoja de Vida/input_Fecha Expedicin_hojaVidas'

2022-03-29 18:43:57 - [MESSAGE][PASSED] - Text '13/09/2013' is set on object 'Object Repository/1-OBJECTS TAREAS PRINCIPALES/Modulo Tarea Listado Hojas de Vida/Crear Nueva Hoja de Vida/input_Fecha Expedicin_hojaVidas'

2022-03-29 18:43:57 - [TEST_STEP][PASSED] - sendKeys(findTestObject("1-OBJECTS TAREAS PRINCIPALES/Modulo Tarea Listado Hojas de Vida/Crear Nueva Hoja de Vida/input_Fecha Expedicin_hojaVidas"), Keys.chord(ENTER)): Keys 'ENTER + ' sent to object: 'Object Repository/1-OBJECTS TAREAS PRINCIPALES/Modulo Tarea Listado Hojas de Vida/Crear Nueva Hoja de Vida/input_Fecha Expedicin_hojaVidas'

2022-03-29 18:43:58 - [MESSAGE][PASSED] - Keys 'ENTER + ' sent to object: 'Object Repository/1-OBJECTS TAREAS PRINCIPALES/Modulo Tarea Listado Hojas de Vida/Crear Nueva Hoja de Vida/input_Fecha Expedicin_hojaVidas'

2022-03-29 18:43:58 - [TEST_STEP][PASSED] - selectOptionByIndex(findTestObject("1-OBJECTS TAREAS PRINCIPALES/Modulo Tarea Listado Hojas de Vida/Crear Nueva Hoja de Vida/select_-- Seleccione--000000ABEJORRAL"), "113"): All options with index in [113] are selected on object 'Object Repository/1-OBJECTS TAREAS PRINCIPALES/Modulo Tarea Listado Hojas de Vida/Crear Nueva Hoja de Vida/select_-- Seleccione--000000ABEJORRAL'

2022-03-29 18:44:01 - [MESSAGE][PASSED] - All options with index in [113] are selected on object 'Object Repository/1-OBJECTS TAREAS PRINCIPALES/Modulo Tarea Listado Hojas de Vida/Crear Nueva Hoja de Vida/select_-- Seleccione--000000ABEJORRAL'

2022-03-29 18:44:01 - [TEST_STEP][PASSED] - setText(findTestObject("1-OBJECTS TAREAS PRINCIPALES/Modulo Tarea Listado Hojas de Vida/Crear Nueva Hoja de Vida/input__hojaVidaseccionj_idt8358j_idt845"), "634564654684"): Text '634564654684' is set on object 'Object Repository/1-OBJECTS TAREAS PRINCIPALES/Modulo Tarea Listado Hojas de Vida/Crear Nueva Hoja de Vida/input__hojaVidaseccionj_idt8358j_idt845'

2022-03-29 18:44:02 - [MESSAGE][PASSED] - Text '634564654684' is set on object 'Object Repository/1-OBJECTS TAREAS PRINCIPALES/Modulo Tarea Listado Hojas de Vida/Crear Nueva Hoja de Vida/input__hojaVidaseccionj_idt8358j_idt845'

2022-03-29 18:44:02 - [TEST_STEP][PASSED] - setText(findTestObject("1-OBJECTS TAREAS PRINCIPALES/Modulo Tarea Listado Hojas de Vida/Crear Nueva Hoja de Vida/input__hojaVidaseccionj_idt8359j_idt845"), "noodle@gmail.com"): Text 'noodle@gmail.com' is set on object 'Object Repository/1-OBJECTS TAREAS PRINCIPALES/Modulo Tarea Listado Hojas de Vida/Crear Nueva Hoja de Vida/input__hojaVidaseccionj_idt8359j_idt845'

2022-03-29 18:44:03 - [MESSAGE][PASSED] - Text 'noodle@gmail.com' is set on object 'Object Repository/1-OBJECTS TAREAS PRINCIPALES/Modulo Tarea Listado Hojas de Vida/Crear Nueva Hoja de Vida/input__hojaVidaseccionj_idt8359j_idt845'

2022-03-29 18:44:03 - [TEST_STEP][PASSED] - selectOptionByIndex(findTestObject("1-OBJECTS TAREAS PRINCIPALES/Modulo Tarea Listado Hojas de Vida/Crear Nueva Hoja de Vida/select_AA-ABAB-BB-OO-"), "7"): All options with index in [7] are selected on object 'Object Repository/1-OBJECTS TAREAS PRINCIPALES/Modulo Tarea Listado Hojas de Vida/Crear Nueva Hoja de Vida/select_AA-ABAB-BB-OO-'

2022-03-29 18:44:04 - [MESSAGE][PASSED] - All options with index in [7] are selected on object 'Object Repository/1-OBJECTS TAREAS PRINCIPALES/Modulo Tarea Listado Hojas de Vida/Crear Nueva Hoja de Vida/select_AA-ABAB-BB-OO-'

2022-03-29 18:44:04 - [TEST_STEP][PASSED] - waitForElementClickable(findTestObject("1-OBJECTS TAREAS PRINCIPALES/Modulo Tarea Listado Hojas de Vida/Crear Nueva Hoja de Vida/a_Continuar"), G_TimeOut): Object 'Object Repository/1-OBJECTS TAREAS PRINCIPALES/Modulo Tarea Listado Hojas de Vida/Crear Nueva Hoja de Vida/a_Continuar' is clickable

2022-03-29 18:44:05 - [MESSAGE][PASSED] - Object 'Object Repository/1-OBJECTS TAREAS PRINCIPALES/Modulo Tarea Listado Hojas de Vida/Crear Nueva Hoja de Vida/a_Continuar' is clickable

2022-03-29 18:44:05 - [TEST_STEP][PASSED] - click(findTestObject("1-OBJECTS TAREAS PRINCIPALES/Modulo Tarea Listado Hojas de Vida/Crear Nueva Hoja de Vida/a_Continuar")): Object: 'Object Repository/1-OBJECTS TAREAS PRINCIPALES/Modulo Tarea Listado Hojas de Vida/Crear Nueva Hoja de Vida/a_Continuar' is clicked on

2022-03-29 18:44:05 - [MESSAGE][PASSED] - Object: 'Object Repository/1-OBJECTS TAREAS PRINCIPALES/Modulo Tarea Listado Hojas de Vida/Crear Nueva Hoja de Vida/a_Continuar' is clicked on

2022-03-29 18:44:05 - [TEST_STEP][PASSED] - waitForElementClickable(findTestObject("1-OBJECTS TAREAS PRINCIPALES/Modulo Tarea Listado Hojas de Vida/Crear Nueva Hoja de Vida/a_Aceptar"), G_TimeOut): Object 'Object Repository/1-OBJECTS TAREAS PRINCIPALES/Modulo Tarea Listado Hojas de Vida/Crear Nueva Hoja de Vida/a_Aceptar' is clickable

2022-03-29 18:44:07 - [MESSAGE][PASSED] - Object 'Object Repository/1-OBJECTS TAREAS PRINCIPALES/Modulo Tarea Listado Hojas de Vida/Crear Nueva Hoja de Vida/a_Aceptar' is clickable

2022-03-29 18:44:07 - [TEST_STEP][PASSED] - click(findTestObject("1-OBJECTS TAREAS PRINCIPALES/Modulo Tarea Listado Hojas de Vida/Crear Nueva Hoja de Vida/a_Aceptar"), STOP_ON_FAILURE): Object: 'Object Repository/1-OBJECTS TAREAS PRINCIPALES/Modulo Tarea Listado Hojas de Vida/Crear Nueva Hoja de Vida/a_Aceptar' is clicked on

2022-03-29 18:44:07 - [MESSAGE][PASSED] - Object: 'Object Repository/1-OBJECTS TAREAS PRINCIPALES/Modulo Tarea Listado Hojas de Vida/Crear Nueva Hoja de Vida/a_Aceptar' is clicked on

2022-03-29 18:44:07 - [TEST_STEP][PASSED] - return identificacion: null

2022-03-29 18:44:07 - [MESSAGE][PASSED] - Call Test Case 'Test Cases/1.1-Tareas Principales/1.1.1-Crear Nueva Hoja de Vida' successfully]]></system-out>
         <system-err><![CDATA[]]></system-err>
      </testcase>
      <testcase name="Test Cases/1.2-Tareas_Secundarias/2.1-Pruebas_Hoja_de_Vida/2.1.5-Crear_Nueva_Hoja_de_Vida_(adjuntar_documento)" time="19.935" classname="Test Cases/1.2-Tareas_Secundarias/2.1-Pruebas_Hoja_de_Vida/2.1.5-Crear_Nueva_Hoja_de_Vida_(adjuntar_documento)" status="PASSED">
         <system-out><![CDATA[2022-03-29 18:44:07 - [TEST_CASE][PASSED] - Test Cases/1.2-Tareas_Secundarias/2.1-Pruebas_Hoja_de_Vida/2.1.5-Crear_Nueva_Hoja_de_Vida_(adjuntar_documento): Test Cases/1.2-Tareas_Secundarias/2.1-Pruebas_Hoja_de_Vida/2.1.5-Crear_Nueva_Hoja_de_Vida_(adjuntar_documento)

2022-03-29 18:44:08 - [TEST_STEP][PASSED] - callTestCase(findTestCase("0.1-Login"), [:], STOP_ON_FAILURE): Call Test Case 'Test Cases/0.1-Login' successfully

2022-03-29 18:44:08 - [TEST_CASE][PASSED] - Test Cases/0.1-Login: Test Cases/0.1-Login

2022-03-29 18:44:08 - [TEST_STEP][PASSED] - openBrowser(""): Browser is opened with url: ''

2022-03-29 18:44:08 - [MESSAGE][WARNING] - A browser is already opened. Closing browser and opening a new one

2022-03-29 18:44:08 - [MESSAGE][INFO] - Starting 'Chrome' driver

2022-03-29 18:44:08 - [MESSAGE][INFO] - Action delay is set to 50 milliseconds

2022-03-29 18:44:10 - [MESSAGE][PASSED] - Browser is opened with url: ''

2022-03-29 18:44:10 - [TEST_STEP][PASSED] - maximizeWindow(): Current window maximized

2022-03-29 18:44:10 - [MESSAGE][PASSED] - Current window maximized

2022-03-29 18:44:10 - [TEST_STEP][PASSED] - i = G_Login: null

2022-03-29 18:44:10 - [TEST_STEP][PASSED] - url = new java.net.URL(i): null

2022-03-29 18:44:10 - [TEST_STEP][PASSED] - println("URL: " + url.toString()): null

2022-03-29 18:44:10 - [TEST_STEP][PASSED] - connection = url.openConnection(): null

2022-03-29 18:44:10 - [TEST_STEP][PASSED] - connection.setRequestMethod("GET"): null

2022-03-29 18:44:10 - [TEST_STEP][PASSED] - connection.setReadTimeout(2 * 1000): null

2022-03-29 18:44:10 - [TEST_STEP][PASSED] - try: null

2022-03-29 18:44:10 - [TEST_STEP][PASSED] - connection.connect(): null

2022-03-29 18:44:10 - [TEST_STEP][PASSED] - flag = connected: null

2022-03-29 18:44:10 - [TEST_STEP][PASSED] - println("Valor_ori: " + flag): null

2022-03-29 18:44:10 - [TEST_STEP][PASSED] - if (flag): null

2022-03-29 18:44:10 - [TEST_STEP][PASSED] - navigateToUrl(i): Navigate to 'http://192.168.2.19:8380/saraweb' successfully

2022-03-29 18:44:10 - [MESSAGE][PASSED] - Navigate to 'http://192.168.2.19:8380/saraweb' successfully

2022-03-29 18:44:10 - [TEST_STEP][PASSED] - a(): null

2022-03-29 18:44:10 - [TEST_STEP][PASSED] - setText(findTestObject("Login/input_USUARIO_loginusuario"), G_Usuario): Text 'saraadmin' is set on object 'Object Repository/Login/input_USUARIO_loginusuario'

2022-03-29 18:44:11 - [MESSAGE][PASSED] - Text 'saraadmin' is set on object 'Object Repository/Login/input_USUARIO_loginusuario'

2022-03-29 18:44:11 - [TEST_STEP][PASSED] - setEncryptedText(findTestObject("Login/input_CLAVE_loginpassword"), "MkG4/TYiCFC3cb2driP7+Q=="): Text ****** has been set on object 'Object Repository/Login/input_CLAVE_loginpassword'

2022-03-29 18:44:12 - [MESSAGE][PASSED] - Text ****** has been set on object 'Object Repository/Login/input_CLAVE_loginpassword'

2022-03-29 18:44:12 - [TEST_STEP][PASSED] - waitForElementClickable(findTestObject("Login/a_Ingresar"), G_TimeOut): Object 'Object Repository/Login/a_Ingresar' is clickable

2022-03-29 18:44:12 - [MESSAGE][PASSED] - Object 'Object Repository/Login/a_Ingresar' is clickable

2022-03-29 18:44:12 - [TEST_STEP][PASSED] - click(findTestObject("Login/a_Ingresar")): Object: 'Object Repository/Login/a_Ingresar' is clicked on

2022-03-29 18:44:13 - [MESSAGE][PASSED] - Object: 'Object Repository/Login/a_Ingresar' is clicked on

2022-03-29 18:44:13 - [TEST_STEP][PASSED] - element = findWebElement(findTestObject("Login/a_Ir"), 30): null

2022-03-29 18:44:14 - [TEST_STEP][PASSED] - executeJavaScript("arguments[0].click()", Arrays.asList(element)): Execute JavaScript 'arguments[0].click()' successfully

2022-03-29 18:44:14 - [MESSAGE][PASSED] - Execute JavaScript 'arguments[0].click()' successfully

2022-03-29 18:44:14 - [MESSAGE][PASSED] - Call Test Case 'Test Cases/0.1-Login' successfully

2022-03-29 18:44:14 - [TEST_STEP][PASSED] - click(findTestObject("M-OBJECTS TAREAS SECUNDARIAS/Pruebas Hoja de Vida/Crear_Nueva_Hoja_de_Vida_(adjuntar_documento)/input_Secciones_form_templatej_idt286j_idt29")): Object: 'Object Repository/M-OBJECTS TAREAS SECUNDARIAS/Pruebas Hoja de Vida/Crear_Nueva_Hoja_de_Vida_(adjuntar_documento)/input_Secciones_form_templatej_idt286j_idt29' is clicked on

2022-03-29 18:44:15 - [MESSAGE][PASSED] - Object: 'Object Repository/M-OBJECTS TAREAS SECUNDARIAS/Pruebas Hoja de Vida/Crear_Nueva_Hoja_de_Vida_(adjuntar_documento)/input_Secciones_form_templatej_idt286j_idt29' is clicked on

2022-03-29 18:44:15 - [TEST_STEP][PASSED] - click(findTestObject("M-OBJECTS TAREAS SECUNDARIAS/Pruebas Hoja de Vida/Crear_Nueva_Hoja_de_Vida_(adjuntar_documento)/a_ADMINISTRADOR DEL SISTEMA - SARA_cerrar_menu")): Object: 'Object Repository/M-OBJECTS TAREAS SECUNDARIAS/Pruebas Hoja de Vida/Crear_Nueva_Hoja_de_Vida_(adjuntar_documento)/a_ADMINISTRADOR DEL SISTEMA - SARA_cerrar_menu' is clicked on

2022-03-29 18:44:15 - [MESSAGE][PASSED] - Object: 'Object Repository/M-OBJECTS TAREAS SECUNDARIAS/Pruebas Hoja de Vida/Crear_Nueva_Hoja_de_Vida_(adjuntar_documento)/a_ADMINISTRADOR DEL SISTEMA - SARA_cerrar_menu' is clicked on

2022-03-29 18:44:15 - [TEST_STEP][PASSED] - waitForElementClickable(findTestObject("M-OBJECTS TAREAS SECUNDARIAS/Pruebas Hoja de Vida/Crear_Nueva_Hoja_de_Vida_(adjuntar_documento)/label_Nueva Hoja Vida"), 0): Object 'Object Repository/M-OBJECTS TAREAS SECUNDARIAS/Pruebas Hoja de Vida/Crear_Nueva_Hoja_de_Vida_(adjuntar_documento)/label_Nueva Hoja Vida' is clickable

2022-03-29 18:44:16 - [MESSAGE][WARNING] - Timeout '0' is invalid. Using default page load timeout: '45'

2022-03-29 18:44:16 - [MESSAGE][PASSED] - Object 'Object Repository/M-OBJECTS TAREAS SECUNDARIAS/Pruebas Hoja de Vida/Crear_Nueva_Hoja_de_Vida_(adjuntar_documento)/label_Nueva Hoja Vida' is clickable

2022-03-29 18:44:16 - [TEST_STEP][PASSED] - click(findTestObject("M-OBJECTS TAREAS SECUNDARIAS/Pruebas Hoja de Vida/Crear_Nueva_Hoja_de_Vida_(adjuntar_documento)/label_Nueva Hoja Vida")): Object: 'Object Repository/M-OBJECTS TAREAS SECUNDARIAS/Pruebas Hoja de Vida/Crear_Nueva_Hoja_de_Vida_(adjuntar_documento)/label_Nueva Hoja Vida' is clicked on

2022-03-29 18:44:16 - [MESSAGE][PASSED] - Object: 'Object Repository/M-OBJECTS TAREAS SECUNDARIAS/Pruebas Hoja de Vida/Crear_Nueva_Hoja_de_Vida_(adjuntar_documento)/label_Nueva Hoja Vida' is clicked on

2022-03-29 18:44:16 - [TEST_STEP][PASSED] - waitForElementClickable(findTestObject("M-OBJECTS TAREAS SECUNDARIAS/Pruebas Hoja de Vida/Crear_Nueva_Hoja_de_Vida_(adjuntar_documento)/a_Listado Hojas de Vida"), 0): Object 'Object Repository/M-OBJECTS TAREAS SECUNDARIAS/Pruebas Hoja de Vida/Crear_Nueva_Hoja_de_Vida_(adjuntar_documento)/a_Listado Hojas de Vida' is clickable

2022-03-29 18:44:16 - [MESSAGE][WARNING] - Timeout '0' is invalid. Using default page load timeout: '45'

2022-03-29 18:44:17 - [MESSAGE][PASSED] - Object 'Object Repository/M-OBJECTS TAREAS SECUNDARIAS/Pruebas Hoja de Vida/Crear_Nueva_Hoja_de_Vida_(adjuntar_documento)/a_Listado Hojas de Vida' is clickable

2022-03-29 18:44:17 - [TEST_STEP][PASSED] - click(findTestObject("M-OBJECTS TAREAS SECUNDARIAS/Pruebas Hoja de Vida/Crear_Nueva_Hoja_de_Vida_(adjuntar_documento)/a_Listado Hojas de Vida")): Object: 'Object Repository/M-OBJECTS TAREAS SECUNDARIAS/Pruebas Hoja de Vida/Crear_Nueva_Hoja_de_Vida_(adjuntar_documento)/a_Listado Hojas de Vida' is clicked on

2022-03-29 18:44:17 - [MESSAGE][PASSED] - Object: 'Object Repository/M-OBJECTS TAREAS SECUNDARIAS/Pruebas Hoja de Vida/Crear_Nueva_Hoja_de_Vida_(adjuntar_documento)/a_Listado Hojas de Vida' is clicked on

2022-03-29 18:44:17 - [TEST_STEP][PASSED] - setText(findTestObject("M-OBJECTS TAREAS SECUNDARIAS/Pruebas Hoja de Vida/Crear_Nueva_Hoja_de_Vida_(adjuntar_documento)/input_Identificacin_listado_hojaVidaj_idt63"), "355682169"): Text '355682169' is set on object 'Object Repository/M-OBJECTS TAREAS SECUNDARIAS/Pruebas Hoja de Vida/Crear_Nueva_Hoja_de_Vida_(adjuntar_documento)/input_Identificacin_listado_hojaVidaj_idt63'

2022-03-29 18:44:19 - [MESSAGE][PASSED] - Text '355682169' is set on object 'Object Repository/M-OBJECTS TAREAS SECUNDARIAS/Pruebas Hoja de Vida/Crear_Nueva_Hoja_de_Vida_(adjuntar_documento)/input_Identificacin_listado_hojaVidaj_idt63'

2022-03-29 18:44:19 - [TEST_STEP][PASSED] - sendKeys(findTestObject("M-OBJECTS TAREAS SECUNDARIAS/Pruebas Hoja de Vida/Crear_Nueva_Hoja_de_Vida_(adjuntar_documento)/input_Identificacin_listado_hojaVidaj_idt63"), Keys.chord(ENTER)): Keys 'ENTER + ' sent to object: 'Object Repository/M-OBJECTS TAREAS SECUNDARIAS/Pruebas Hoja de Vida/Crear_Nueva_Hoja_de_Vida_(adjuntar_documento)/input_Identificacin_listado_hojaVidaj_idt63'

2022-03-29 18:44:19 - [MESSAGE][PASSED] - Keys 'ENTER + ' sent to object: 'Object Repository/M-OBJECTS TAREAS SECUNDARIAS/Pruebas Hoja de Vida/Crear_Nueva_Hoja_de_Vida_(adjuntar_documento)/input_Identificacin_listado_hojaVidaj_idt63'

2022-03-29 18:44:19 - [TEST_STEP][PASSED] - click(findTestObject("M-OBJECTS TAREAS SECUNDARIAS/Pruebas Hoja de Vida/Crear_Nueva_Hoja_de_Vida_(adjuntar_documento)/td_355682169")): Object: 'Object Repository/M-OBJECTS TAREAS SECUNDARIAS/Pruebas Hoja de Vida/Crear_Nueva_Hoja_de_Vida_(adjuntar_documento)/td_355682169' is clicked on

2022-03-29 18:44:20 - [MESSAGE][PASSED] - Object: 'Object Repository/M-OBJECTS TAREAS SECUNDARIAS/Pruebas Hoja de Vida/Crear_Nueva_Hoja_de_Vida_(adjuntar_documento)/td_355682169' is clicked on

2022-03-29 18:44:20 - [TEST_STEP][PASSED] - click(findTestObject("M-OBJECTS TAREAS SECUNDARIAS/Pruebas Hoja de Vida/Crear_Nueva_Hoja_de_Vida_(adjuntar_documento)/a_Adjuntar Archivo")): Object: 'Object Repository/M-OBJECTS TAREAS SECUNDARIAS/Pruebas Hoja de Vida/Crear_Nueva_Hoja_de_Vida_(adjuntar_documento)/a_Adjuntar Archivo' is clicked on

2022-03-29 18:44:21 - [MESSAGE][PASSED] - Object: 'Object Repository/M-OBJECTS TAREAS SECUNDARIAS/Pruebas Hoja de Vida/Crear_Nueva_Hoja_de_Vida_(adjuntar_documento)/a_Adjuntar Archivo' is clicked on

2022-03-29 18:44:21 - [TEST_STEP][PASSED] - click(findTestObject("M-OBJECTS TAREAS SECUNDARIAS/Pruebas Hoja de Vida/Crear_Nueva_Hoja_de_Vida_(adjuntar_documento)/a_nuevo")): Object: 'Object Repository/M-OBJECTS TAREAS SECUNDARIAS/Pruebas Hoja de Vida/Crear_Nueva_Hoja_de_Vida_(adjuntar_documento)/a_nuevo' is clicked on

2022-03-29 18:44:22 - [MESSAGE][PASSED] - Object: 'Object Repository/M-OBJECTS TAREAS SECUNDARIAS/Pruebas Hoja de Vida/Crear_Nueva_Hoja_de_Vida_(adjuntar_documento)/a_nuevo' is clicked on

2022-03-29 18:44:22 - [TEST_STEP][PASSED] - setText(findTestObject("M-OBJECTS TAREAS SECUNDARIAS/Pruebas Hoja de Vida/Crear_Nueva_Hoja_de_Vida_(adjuntar_documento)/input_Descripcin_hojaVidasecciondescripcion"), "prueba"): Text 'prueba' is set on object 'Object Repository/M-OBJECTS TAREAS SECUNDARIAS/Pruebas Hoja de Vida/Crear_Nueva_Hoja_de_Vida_(adjuntar_documento)/input_Descripcin_hojaVidasecciondescripcion'

2022-03-29 18:44:23 - [MESSAGE][PASSED] - Text 'prueba' is set on object 'Object Repository/M-OBJECTS TAREAS SECUNDARIAS/Pruebas Hoja de Vida/Crear_Nueva_Hoja_de_Vida_(adjuntar_documento)/input_Descripcin_hojaVidasecciondescripcion'

2022-03-29 18:44:23 - [TEST_STEP][PASSED] - click(findTestObject("M-OBJECTS TAREAS SECUNDARIAS/Pruebas Hoja de Vida/Crear_Nueva_Hoja_de_Vida_(adjuntar_documento)/a_Continuar")): Object: 'Object Repository/M-OBJECTS TAREAS SECUNDARIAS/Pruebas Hoja de Vida/Crear_Nueva_Hoja_de_Vida_(adjuntar_documento)/a_Continuar' is clicked on

2022-03-29 18:44:23 - [MESSAGE][PASSED] - Object: 'Object Repository/M-OBJECTS TAREAS SECUNDARIAS/Pruebas Hoja de Vida/Crear_Nueva_Hoja_de_Vida_(adjuntar_documento)/a_Continuar' is clicked on

2022-03-29 18:44:23 - [TEST_STEP][PASSED] - ruta = G_rutaarchivos + "HojaDeVida.txt": null

2022-03-29 18:44:23 - [TEST_STEP][PASSED] - uploadFile(findTestObject("M-OBJECTS TAREAS SECUNDARIAS/Pruebas Hoja de Vida/Crear_Nueva_Hoja_de_Vida_(adjuntar_documento)/input_Cargar Archivo_popupCargarArchivoForminputFileName_input"), ruta): File 'E:\unionweb14\HojaDeVida.txt' sent to object: 'Object Repository/M-OBJECTS TAREAS SECUNDARIAS/Pruebas Hoja de Vida/Crear_Nueva_Hoja_de_Vida_(adjuntar_documento)/input_Cargar Archivo_popupCargarArchivoForminputFileName_input'

2022-03-29 18:44:24 - [MESSAGE][PASSED] - File 'E:\unionweb14\HojaDeVida.txt' sent to object: 'Object Repository/M-OBJECTS TAREAS SECUNDARIAS/Pruebas Hoja de Vida/Crear_Nueva_Hoja_de_Vida_(adjuntar_documento)/input_Cargar Archivo_popupCargarArchivoForminputFileName_input'

2022-03-29 18:44:24 - [TEST_STEP][PASSED] - waitForElementClickable(findTestObject("M-OBJECTS TAREAS SECUNDARIAS/Pruebas Hoja de Vida/Crear_Nueva_Hoja_de_Vida_(adjuntar_documento)/td_prueba"), 0): Object 'Object Repository/M-OBJECTS TAREAS SECUNDARIAS/Pruebas Hoja de Vida/Crear_Nueva_Hoja_de_Vida_(adjuntar_documento)/td_prueba' is clickable

2022-03-29 18:44:24 - [MESSAGE][WARNING] - Timeout '0' is invalid. Using default page load timeout: '45'

2022-03-29 18:44:25 - [MESSAGE][PASSED] - Object 'Object Repository/M-OBJECTS TAREAS SECUNDARIAS/Pruebas Hoja de Vida/Crear_Nueva_Hoja_de_Vida_(adjuntar_documento)/td_prueba' is clickable

2022-03-29 18:44:25 - [TEST_STEP][PASSED] - click(findTestObject("M-OBJECTS TAREAS SECUNDARIAS/Pruebas Hoja de Vida/Crear_Nueva_Hoja_de_Vida_(adjuntar_documento)/td_prueba")): Object: 'Object Repository/M-OBJECTS TAREAS SECUNDARIAS/Pruebas Hoja de Vida/Crear_Nueva_Hoja_de_Vida_(adjuntar_documento)/td_prueba' is clicked on

2022-03-29 18:44:26 - [MESSAGE][PASSED] - Object: 'Object Repository/M-OBJECTS TAREAS SECUNDARIAS/Pruebas Hoja de Vida/Crear_Nueva_Hoja_de_Vida_(adjuntar_documento)/td_prueba' is clicked on

2022-03-29 18:44:26 - [TEST_STEP][PASSED] - click(findTestObject("M-OBJECTS TAREAS SECUNDARIAS/Pruebas Hoja de Vida/Crear_Nueva_Hoja_de_Vida_(adjuntar_documento)/a_Eliminar")): Object: 'Object Repository/M-OBJECTS TAREAS SECUNDARIAS/Pruebas Hoja de Vida/Crear_Nueva_Hoja_de_Vida_(adjuntar_documento)/a_Eliminar' is clicked on

2022-03-29 18:44:26 - [MESSAGE][PASSED] - Object: 'Object Repository/M-OBJECTS TAREAS SECUNDARIAS/Pruebas Hoja de Vida/Crear_Nueva_Hoja_de_Vida_(adjuntar_documento)/a_Eliminar' is clicked on

2022-03-29 18:44:26 - [TEST_STEP][PASSED] - closeBrowser(): Browser is closed

2022-03-29 18:44:27 - [MESSAGE][PASSED] - Browser is closed]]></system-out>
         <system-err><![CDATA[]]></system-err>
      </testcase>
      <testcase name="Test Cases/1.2-Tareas_Secundarias/2.1-Pruebas_Hoja_de_Vida/2.1.6-Impresión_Hoja_Vida_Plantilla" time="16.091" classname="Test Cases/1.2-Tareas_Secundarias/2.1-Pruebas_Hoja_de_Vida/2.1.6-Impresión_Hoja_Vida_Plantilla" status="PASSED">
         <system-out><![CDATA[2022-03-29 18:44:27 - [TEST_CASE][PASSED] - Test Cases/1.2-Tareas_Secundarias/2.1-Pruebas_Hoja_de_Vida/2.1.6-Impresión_Hoja_Vida_Plantilla: Test Cases/1.2-Tareas_Secundarias/2.1-Pruebas_Hoja_de_Vida/2.1.6-Impresión_Hoja_Vida_Plantilla

2022-03-29 18:44:27 - [TEST_STEP][PASSED] - callTestCase(findTestCase("0.1-Login"), [:], STOP_ON_FAILURE): Call Test Case 'Test Cases/0.1-Login' successfully

2022-03-29 18:44:28 - [TEST_CASE][PASSED] - Test Cases/0.1-Login: Test Cases/0.1-Login

2022-03-29 18:44:28 - [TEST_STEP][PASSED] - openBrowser(""): Browser is opened with url: ''

2022-03-29 18:44:28 - [MESSAGE][INFO] - Starting 'Chrome' driver

2022-03-29 18:44:28 - [MESSAGE][INFO] - Action delay is set to 50 milliseconds

2022-03-29 18:44:29 - [MESSAGE][PASSED] - Browser is opened with url: ''

2022-03-29 18:44:29 - [TEST_STEP][PASSED] - maximizeWindow(): Current window maximized

2022-03-29 18:44:29 - [MESSAGE][PASSED] - Current window maximized

2022-03-29 18:44:29 - [TEST_STEP][PASSED] - i = G_Login: null

2022-03-29 18:44:29 - [TEST_STEP][PASSED] - url = new java.net.URL(i): null

2022-03-29 18:44:29 - [TEST_STEP][PASSED] - println("URL: " + url.toString()): null

2022-03-29 18:44:29 - [TEST_STEP][PASSED] - connection = url.openConnection(): null

2022-03-29 18:44:29 - [TEST_STEP][PASSED] - connection.setRequestMethod("GET"): null

2022-03-29 18:44:29 - [TEST_STEP][PASSED] - connection.setReadTimeout(2 * 1000): null

2022-03-29 18:44:29 - [TEST_STEP][PASSED] - try: null

2022-03-29 18:44:29 - [TEST_STEP][PASSED] - connection.connect(): null

2022-03-29 18:44:29 - [TEST_STEP][PASSED] - flag = connected: null

2022-03-29 18:44:29 - [TEST_STEP][PASSED] - println("Valor_ori: " + flag): null

2022-03-29 18:44:29 - [TEST_STEP][PASSED] - if (flag): null

2022-03-29 18:44:29 - [TEST_STEP][PASSED] - navigateToUrl(i): Navigate to 'http://192.168.2.19:8380/saraweb' successfully

2022-03-29 18:44:29 - [MESSAGE][PASSED] - Navigate to 'http://192.168.2.19:8380/saraweb' successfully

2022-03-29 18:44:29 - [TEST_STEP][PASSED] - a(): null

2022-03-29 18:44:29 - [TEST_STEP][PASSED] - setText(findTestObject("Login/input_USUARIO_loginusuario"), G_Usuario): Text 'saraadmin' is set on object 'Object Repository/Login/input_USUARIO_loginusuario'

2022-03-29 18:44:30 - [MESSAGE][PASSED] - Text 'saraadmin' is set on object 'Object Repository/Login/input_USUARIO_loginusuario'

2022-03-29 18:44:30 - [TEST_STEP][PASSED] - setEncryptedText(findTestObject("Login/input_CLAVE_loginpassword"), "MkG4/TYiCFC3cb2driP7+Q=="): Text ****** has been set on object 'Object Repository/Login/input_CLAVE_loginpassword'

2022-03-29 18:44:31 - [MESSAGE][PASSED] - Text ****** has been set on object 'Object Repository/Login/input_CLAVE_loginpassword'

2022-03-29 18:44:31 - [TEST_STEP][PASSED] - waitForElementClickable(findTestObject("Login/a_Ingresar"), G_TimeOut): Object 'Object Repository/Login/a_Ingresar' is clickable

2022-03-29 18:44:31 - [MESSAGE][PASSED] - Object 'Object Repository/Login/a_Ingresar' is clickable

2022-03-29 18:44:31 - [TEST_STEP][PASSED] - click(findTestObject("Login/a_Ingresar")): Object: 'Object Repository/Login/a_Ingresar' is clicked on

2022-03-29 18:44:33 - [MESSAGE][PASSED] - Object: 'Object Repository/Login/a_Ingresar' is clicked on

2022-03-29 18:44:33 - [TEST_STEP][PASSED] - element = findWebElement(findTestObject("Login/a_Ir"), 30): null

2022-03-29 18:44:33 - [TEST_STEP][PASSED] - executeJavaScript("arguments[0].click()", Arrays.asList(element)): Execute JavaScript 'arguments[0].click()' successfully

2022-03-29 18:44:33 - [MESSAGE][PASSED] - Execute JavaScript 'arguments[0].click()' successfully

2022-03-29 18:44:33 - [MESSAGE][PASSED] - Call Test Case 'Test Cases/0.1-Login' successfully

2022-03-29 18:44:33 - [TEST_STEP][PASSED] - click(findTestObject("M-OBJECTS TAREAS SECUNDARIAS/Pruebas Hoja de Vida/Impresión_Hoja_Vida_Plantilla/input_Secciones_form_templatej_idt286j_idt29")): Object: 'Object Repository/M-OBJECTS TAREAS SECUNDARIAS/Pruebas Hoja de Vida/Impresión_Hoja_Vida_Plantilla/input_Secciones_form_templatej_idt286j_idt29' is clicked on

2022-03-29 18:44:34 - [MESSAGE][PASSED] - Object: 'Object Repository/M-OBJECTS TAREAS SECUNDARIAS/Pruebas Hoja de Vida/Impresión_Hoja_Vida_Plantilla/input_Secciones_form_templatej_idt286j_idt29' is clicked on

2022-03-29 18:44:34 - [TEST_STEP][PASSED] - click(findTestObject("M-OBJECTS TAREAS SECUNDARIAS/Pruebas Hoja de Vida/Impresión_Hoja_Vida_Plantilla/a_ADMINISTRADOR DEL SISTEMA - SARA_cerrar_menu")): Object: 'Object Repository/M-OBJECTS TAREAS SECUNDARIAS/Pruebas Hoja de Vida/Impresión_Hoja_Vida_Plantilla/a_ADMINISTRADOR DEL SISTEMA - SARA_cerrar_menu' is clicked on

2022-03-29 18:44:35 - [MESSAGE][PASSED] - Object: 'Object Repository/M-OBJECTS TAREAS SECUNDARIAS/Pruebas Hoja de Vida/Impresión_Hoja_Vida_Plantilla/a_ADMINISTRADOR DEL SISTEMA - SARA_cerrar_menu' is clicked on

2022-03-29 18:44:35 - [TEST_STEP][PASSED] - click(findTestObject("M-OBJECTS TAREAS SECUNDARIAS/Pruebas Hoja de Vida/Impresión_Hoja_Vida_Plantilla/label_Nueva Hoja Vida")): Object: 'Object Repository/M-OBJECTS TAREAS SECUNDARIAS/Pruebas Hoja de Vida/Impresión_Hoja_Vida_Plantilla/label_Nueva Hoja Vida' is clicked on

2022-03-29 18:44:35 - [MESSAGE][PASSED] - Object: 'Object Repository/M-OBJECTS TAREAS SECUNDARIAS/Pruebas Hoja de Vida/Impresión_Hoja_Vida_Plantilla/label_Nueva Hoja Vida' is clicked on

2022-03-29 18:44:35 - [TEST_STEP][PASSED] - waitForElementClickable(findTestObject("M-OBJECTS TAREAS SECUNDARIAS/Pruebas Hoja de Vida/Impresión_Hoja_Vida_Plantilla/a_Listado Hojas de Vida"), 0): Object 'Object Repository/M-OBJECTS TAREAS SECUNDARIAS/Pruebas Hoja de Vida/Impresión_Hoja_Vida_Plantilla/a_Listado Hojas de Vida' is clickable

2022-03-29 18:44:35 - [MESSAGE][WARNING] - Timeout '0' is invalid. Using default page load timeout: '45'

2022-03-29 18:44:36 - [MESSAGE][PASSED] - Object 'Object Repository/M-OBJECTS TAREAS SECUNDARIAS/Pruebas Hoja de Vida/Impresión_Hoja_Vida_Plantilla/a_Listado Hojas de Vida' is clickable

2022-03-29 18:44:36 - [TEST_STEP][PASSED] - click(findTestObject("M-OBJECTS TAREAS SECUNDARIAS/Pruebas Hoja de Vida/Impresión_Hoja_Vida_Plantilla/a_Listado Hojas de Vida")): Object: 'Object Repository/M-OBJECTS TAREAS SECUNDARIAS/Pruebas Hoja de Vida/Impresión_Hoja_Vida_Plantilla/a_Listado Hojas de Vida' is clicked on

2022-03-29 18:44:36 - [MESSAGE][PASSED] - Object: 'Object Repository/M-OBJECTS TAREAS SECUNDARIAS/Pruebas Hoja de Vida/Impresión_Hoja_Vida_Plantilla/a_Listado Hojas de Vida' is clicked on

2022-03-29 18:44:36 - [TEST_STEP][PASSED] - waitForElementClickable(findTestObject("M-OBJECTS TAREAS SECUNDARIAS/Pruebas Hoja de Vida/Impresión_Hoja_Vida_Plantilla/input_Identificacin_listado_hojaVidaj_idt63"), 0): Object 'Object Repository/M-OBJECTS TAREAS SECUNDARIAS/Pruebas Hoja de Vida/Impresión_Hoja_Vida_Plantilla/input_Identificacin_listado_hojaVidaj_idt63' is clickable

2022-03-29 18:44:36 - [MESSAGE][WARNING] - Timeout '0' is invalid. Using default page load timeout: '45'

2022-03-29 18:44:37 - [MESSAGE][PASSED] - Object 'Object Repository/M-OBJECTS TAREAS SECUNDARIAS/Pruebas Hoja de Vida/Impresión_Hoja_Vida_Plantilla/input_Identificacin_listado_hojaVidaj_idt63' is clickable

2022-03-29 18:44:37 - [TEST_STEP][PASSED] - setText(findTestObject("M-OBJECTS TAREAS SECUNDARIAS/Pruebas Hoja de Vida/Impresión_Hoja_Vida_Plantilla/input_Identificacin_listado_hojaVidaj_idt63"), "355682169"): Text '355682169' is set on object 'Object Repository/M-OBJECTS TAREAS SECUNDARIAS/Pruebas Hoja de Vida/Impresión_Hoja_Vida_Plantilla/input_Identificacin_listado_hojaVidaj_idt63'

2022-03-29 18:44:38 - [MESSAGE][PASSED] - Text '355682169' is set on object 'Object Repository/M-OBJECTS TAREAS SECUNDARIAS/Pruebas Hoja de Vida/Impresión_Hoja_Vida_Plantilla/input_Identificacin_listado_hojaVidaj_idt63'

2022-03-29 18:44:38 - [TEST_STEP][PASSED] - sendKeys(findTestObject("M-OBJECTS TAREAS SECUNDARIAS/Pruebas Hoja de Vida/Impresión_Hoja_Vida_Plantilla/input_Identificacin_listado_hojaVidaj_idt63"), Keys.chord(ENTER)): Keys 'ENTER + ' sent to object: 'Object Repository/M-OBJECTS TAREAS SECUNDARIAS/Pruebas Hoja de Vida/Impresión_Hoja_Vida_Plantilla/input_Identificacin_listado_hojaVidaj_idt63'

2022-03-29 18:44:39 - [MESSAGE][PASSED] - Keys 'ENTER + ' sent to object: 'Object Repository/M-OBJECTS TAREAS SECUNDARIAS/Pruebas Hoja de Vida/Impresión_Hoja_Vida_Plantilla/input_Identificacin_listado_hojaVidaj_idt63'

2022-03-29 18:44:39 - [TEST_STEP][PASSED] - click(findTestObject("M-OBJECTS TAREAS SECUNDARIAS/Pruebas Hoja de Vida/Impresión_Hoja_Vida_Plantilla/td_355682169")): Object: 'Object Repository/M-OBJECTS TAREAS SECUNDARIAS/Pruebas Hoja de Vida/Impresión_Hoja_Vida_Plantilla/td_355682169' is clicked on

2022-03-29 18:44:39 - [MESSAGE][PASSED] - Object: 'Object Repository/M-OBJECTS TAREAS SECUNDARIAS/Pruebas Hoja de Vida/Impresión_Hoja_Vida_Plantilla/td_355682169' is clicked on

2022-03-29 18:44:39 - [TEST_STEP][PASSED] - click(findTestObject("M-OBJECTS TAREAS SECUNDARIAS/Pruebas Hoja de Vida/Impresión_Hoja_Vida_Plantilla/a_Generar")): Object: 'Object Repository/M-OBJECTS TAREAS SECUNDARIAS/Pruebas Hoja de Vida/Impresión_Hoja_Vida_Plantilla/a_Generar' is clicked on

2022-03-29 18:44:40 - [MESSAGE][PASSED] - Object: 'Object Repository/M-OBJECTS TAREAS SECUNDARIAS/Pruebas Hoja de Vida/Impresión_Hoja_Vida_Plantilla/a_Generar' is clicked on

2022-03-29 18:44:40 - [TEST_STEP][PASSED] - click(findTestObject("M-OBJECTS TAREAS SECUNDARIAS/Pruebas Hoja de Vida/Impresión_Hoja_Vida_Plantilla/td_espaol impresion empleado")): Object: 'Object Repository/M-OBJECTS TAREAS SECUNDARIAS/Pruebas Hoja de Vida/Impresión_Hoja_Vida_Plantilla/td_espaol impresion empleado' is clicked on

2022-03-29 18:44:41 - [MESSAGE][PASSED] - Object: 'Object Repository/M-OBJECTS TAREAS SECUNDARIAS/Pruebas Hoja de Vida/Impresión_Hoja_Vida_Plantilla/td_espaol impresion empleado' is clicked on

2022-03-29 18:44:41 - [TEST_STEP][PASSED] - click(findTestObject("M-OBJECTS TAREAS SECUNDARIAS/Pruebas Hoja de Vida/Impresión_Hoja_Vida_Plantilla/a_Descargar")): Object: 'Object Repository/M-OBJECTS TAREAS SECUNDARIAS/Pruebas Hoja de Vida/Impresión_Hoja_Vida_Plantilla/a_Descargar' is clicked on

2022-03-29 18:44:42 - [MESSAGE][PASSED] - Object: 'Object Repository/M-OBJECTS TAREAS SECUNDARIAS/Pruebas Hoja de Vida/Impresión_Hoja_Vida_Plantilla/a_Descargar' is clicked on

2022-03-29 18:44:42 - [TEST_STEP][PASSED] - switchToWindowTitle("SARA"): Switched to window with title: 'SARA'

2022-03-29 18:44:42 - [MESSAGE][PASSED] - Switched to window with title: 'SARA'

2022-03-29 18:44:42 - [TEST_STEP][PASSED] - waitForElementVisible(findTestObject("M-OBJECTS TAREAS SECUNDARIAS/Pruebas Hoja de Vida/Impresión_Hoja_Vida_Plantilla/a_Descargar"), 0): Object 'Object Repository/M-OBJECTS TAREAS SECUNDARIAS/Pruebas Hoja de Vida/Impresión_Hoja_Vida_Plantilla/a_Descargar' is visible

2022-03-29 18:44:42 - [MESSAGE][WARNING] - Timeout '0' is invalid. Using default page load timeout: '45'

2022-03-29 18:44:42 - [MESSAGE][PASSED] - Object 'Object Repository/M-OBJECTS TAREAS SECUNDARIAS/Pruebas Hoja de Vida/Impresión_Hoja_Vida_Plantilla/a_Descargar' is visible

2022-03-29 18:44:42 - [TEST_STEP][PASSED] - closeBrowser(): Browser is closed

2022-03-29 18:44:43 - [MESSAGE][PASSED] - Browser is closed]]></system-out>
         <system-err><![CDATA[]]></system-err>
      </testcase>
      <testcase name="Test Cases/1.2-Tareas_Secundarias/2.1-Pruebas_Hoja_de_Vida/2.1.7-Impresión_Hoja_Vida_Función_Pública" time="23.807" classname="Test Cases/1.2-Tareas_Secundarias/2.1-Pruebas_Hoja_de_Vida/2.1.7-Impresión_Hoja_Vida_Función_Pública" status="PASSED">
         <system-out><![CDATA[2022-03-29 18:44:43 - [TEST_CASE][PASSED] - Test Cases/1.2-Tareas_Secundarias/2.1-Pruebas_Hoja_de_Vida/2.1.7-Impresión_Hoja_Vida_Función_Pública: Test Cases/1.2-Tareas_Secundarias/2.1-Pruebas_Hoja_de_Vida/2.1.7-Impresión_Hoja_Vida_Función_Pública

2022-03-29 18:44:44 - [TEST_STEP][PASSED] - callTestCase(findTestCase("1.1-Tareas Principales/1.1.2-Imprimir Hoja de Vida"), [:], STOP_ON_FAILURE): Call Test Case 'Test Cases/1.1-Tareas Principales/1.1.2-Imprimir Hoja de Vida' successfully

2022-03-29 18:44:44 - [TEST_CASE][PASSED] - Test Cases/1.1-Tareas Principales/1.1.2-Imprimir Hoja de Vida: Test Cases/1.1-Tareas Principales/1.1.2-Imprimir Hoja de Vida

2022-03-29 18:44:44 - [TEST_STEP][PASSED] - callTestCase(findTestCase("1.1-Tareas Principales/Listado hojas de Vida"), [:], STOP_ON_FAILURE): Call Test Case 'Test Cases/1.1-Tareas Principales/Listado hojas de Vida' successfully

2022-03-29 18:44:44 - [TEST_CASE][PASSED] - Test Cases/1.1-Tareas Principales/Listado hojas de Vida: Test Cases/1.1-Tareas Principales/Listado hojas de Vida

2022-03-29 18:44:44 - [TEST_STEP][PASSED] - callTestCase(findTestCase("0.1-Login"), [:], STOP_ON_FAILURE): Call Test Case 'Test Cases/0.1-Login' successfully

2022-03-29 18:44:44 - [TEST_CASE][PASSED] - Test Cases/0.1-Login: Test Cases/0.1-Login

2022-03-29 18:44:44 - [TEST_STEP][PASSED] - openBrowser(""): Browser is opened with url: ''

2022-03-29 18:44:44 - [MESSAGE][INFO] - Starting 'Chrome' driver

2022-03-29 18:44:44 - [MESSAGE][INFO] - Action delay is set to 50 milliseconds

2022-03-29 18:44:46 - [MESSAGE][PASSED] - Browser is opened with url: ''

2022-03-29 18:44:46 - [TEST_STEP][PASSED] - maximizeWindow(): Current window maximized

2022-03-29 18:44:46 - [MESSAGE][PASSED] - Current window maximized

2022-03-29 18:44:46 - [TEST_STEP][PASSED] - i = G_Login: null

2022-03-29 18:44:46 - [TEST_STEP][PASSED] - url = new java.net.URL(i): null

2022-03-29 18:44:46 - [TEST_STEP][PASSED] - println("URL: " + url.toString()): null

2022-03-29 18:44:46 - [TEST_STEP][PASSED] - connection = url.openConnection(): null

2022-03-29 18:44:46 - [TEST_STEP][PASSED] - connection.setRequestMethod("GET"): null

2022-03-29 18:44:46 - [TEST_STEP][PASSED] - connection.setReadTimeout(2 * 1000): null

2022-03-29 18:44:46 - [TEST_STEP][PASSED] - try: null

2022-03-29 18:44:46 - [TEST_STEP][PASSED] - connection.connect(): null

2022-03-29 18:44:46 - [TEST_STEP][PASSED] - flag = connected: null

2022-03-29 18:44:46 - [TEST_STEP][PASSED] - println("Valor_ori: " + flag): null

2022-03-29 18:44:46 - [TEST_STEP][PASSED] - if (flag): null

2022-03-29 18:44:46 - [TEST_STEP][PASSED] - navigateToUrl(i): Navigate to 'http://192.168.2.19:8380/saraweb' successfully

2022-03-29 18:44:46 - [MESSAGE][PASSED] - Navigate to 'http://192.168.2.19:8380/saraweb' successfully

2022-03-29 18:44:46 - [TEST_STEP][PASSED] - a(): null

2022-03-29 18:44:46 - [TEST_STEP][PASSED] - setText(findTestObject("Login/input_USUARIO_loginusuario"), G_Usuario): Text 'saraadmin' is set on object 'Object Repository/Login/input_USUARIO_loginusuario'

2022-03-29 18:44:48 - [MESSAGE][PASSED] - Text 'saraadmin' is set on object 'Object Repository/Login/input_USUARIO_loginusuario'

2022-03-29 18:44:48 - [TEST_STEP][PASSED] - setEncryptedText(findTestObject("Login/input_CLAVE_loginpassword"), "MkG4/TYiCFC3cb2driP7+Q=="): Text ****** has been set on object 'Object Repository/Login/input_CLAVE_loginpassword'

2022-03-29 18:44:48 - [MESSAGE][PASSED] - Text ****** has been set on object 'Object Repository/Login/input_CLAVE_loginpassword'

2022-03-29 18:44:48 - [TEST_STEP][PASSED] - waitForElementClickable(findTestObject("Login/a_Ingresar"), G_TimeOut): Object 'Object Repository/Login/a_Ingresar' is clickable

2022-03-29 18:44:49 - [MESSAGE][PASSED] - Object 'Object Repository/Login/a_Ingresar' is clickable

2022-03-29 18:44:49 - [TEST_STEP][PASSED] - click(findTestObject("Login/a_Ingresar")): Object: 'Object Repository/Login/a_Ingresar' is clicked on

2022-03-29 18:44:50 - [MESSAGE][PASSED] - Object: 'Object Repository/Login/a_Ingresar' is clicked on

2022-03-29 18:44:50 - [TEST_STEP][PASSED] - element = findWebElement(findTestObject("Login/a_Ir"), 30): null

2022-03-29 18:44:51 - [TEST_STEP][PASSED] - executeJavaScript("arguments[0].click()", Arrays.asList(element)): Execute JavaScript 'arguments[0].click()' successfully

2022-03-29 18:44:51 - [MESSAGE][PASSED] - Execute JavaScript 'arguments[0].click()' successfully

2022-03-29 18:44:51 - [MESSAGE][PASSED] - Call Test Case 'Test Cases/0.1-Login' successfully

2022-03-29 18:44:51 - [TEST_STEP][PASSED] - waitForElementClickable(findTestObject("1-OBJECTS TAREAS PRINCIPALES/Modulo Tarea Listado Hojas de Vida/Tareas Listado Hojas de Vida/input_Listado Hojas De Vida_form_templatej_idt24_input"), G_TimeOut): Object 'Object Repository/1-OBJECTS TAREAS PRINCIPALES/Modulo Tarea Listado Hojas de Vida/Tareas Listado Hojas de Vida/input_Listado Hojas De Vida_form_templatej_idt24_input' is clickable

2022-03-29 18:44:51 - [MESSAGE][PASSED] - Object 'Object Repository/1-OBJECTS TAREAS PRINCIPALES/Modulo Tarea Listado Hojas de Vida/Tareas Listado Hojas de Vida/input_Listado Hojas De Vida_form_templatej_idt24_input' is clickable

2022-03-29 18:44:51 - [TEST_STEP][PASSED] - setText(findTestObject("1-OBJECTS TAREAS PRINCIPALES/Modulo Tarea Listado Hojas de Vida/Tareas Listado Hojas de Vida/input_Listado Hojas De Vida_form_templatej_idt24_input"), "Listado Hojas de Vida (hoj)"): Text 'Listado Hojas de Vida (hoj)' is set on object 'Object Repository/1-OBJECTS TAREAS PRINCIPALES/Modulo Tarea Listado Hojas de Vida/Tareas Listado Hojas de Vida/input_Listado Hojas De Vida_form_templatej_idt24_input'

2022-03-29 18:44:52 - [MESSAGE][PASSED] - Text 'Listado Hojas de Vida (hoj)' is set on object 'Object Repository/1-OBJECTS TAREAS PRINCIPALES/Modulo Tarea Listado Hojas de Vida/Tareas Listado Hojas de Vida/input_Listado Hojas De Vida_form_templatej_idt24_input'

2022-03-29 18:44:52 - [TEST_STEP][PASSED] - waitForElementVisible(findTestObject("1-OBJECTS TAREAS PRINCIPALES/Modulo Tarea Listado Hojas de Vida/Tareas Listado Hojas de Vida/span_Listado Hojas de Vida (hoj)"), 0): Object 'Object Repository/1-OBJECTS TAREAS PRINCIPALES/Modulo Tarea Listado Hojas de Vida/Tareas Listado Hojas de Vida/span_Listado Hojas de Vida (hoj)' is visible

2022-03-29 18:44:52 - [MESSAGE][WARNING] - Timeout '0' is invalid. Using default page load timeout: '45'

2022-03-29 18:44:53 - [MESSAGE][PASSED] - Object 'Object Repository/1-OBJECTS TAREAS PRINCIPALES/Modulo Tarea Listado Hojas de Vida/Tareas Listado Hojas de Vida/span_Listado Hojas de Vida (hoj)' is visible

2022-03-29 18:44:53 - [TEST_STEP][PASSED] - click(findTestObject("1-OBJECTS TAREAS PRINCIPALES/Modulo Tarea Listado Hojas de Vida/Tareas Listado Hojas de Vida/span_Listado Hojas de Vida (hoj)")): Object: 'Object Repository/1-OBJECTS TAREAS PRINCIPALES/Modulo Tarea Listado Hojas de Vida/Tareas Listado Hojas de Vida/span_Listado Hojas de Vida (hoj)' is clicked on

2022-03-29 18:44:54 - [MESSAGE][PASSED] - Object: 'Object Repository/1-OBJECTS TAREAS PRINCIPALES/Modulo Tarea Listado Hojas de Vida/Tareas Listado Hojas de Vida/span_Listado Hojas de Vida (hoj)' is clicked on

2022-03-29 18:44:54 - [MESSAGE][PASSED] - Call Test Case 'Test Cases/1.1-Tareas Principales/Listado hojas de Vida' successfully

2022-03-29 18:44:54 - [TEST_STEP][PASSED] - waitForElementClickable(findTestObject("1-OBJECTS TAREAS PRINCIPALES/Modulo Tarea Listado Hojas de Vida/Imprimir Hoja de Vida/input_Identificacin_listado_hojaVidaj_idt62"), G_TimeOut): Object 'Object Repository/1-OBJECTS TAREAS PRINCIPALES/Modulo Tarea Listado Hojas de Vida/Imprimir Hoja de Vida/input_Identificacin_listado_hojaVidaj_idt62' is clickable

2022-03-29 18:44:55 - [MESSAGE][PASSED] - Object 'Object Repository/1-OBJECTS TAREAS PRINCIPALES/Modulo Tarea Listado Hojas de Vida/Imprimir Hoja de Vida/input_Identificacin_listado_hojaVidaj_idt62' is clickable

2022-03-29 18:44:55 - [TEST_STEP][PASSED] - setText(findTestObject("1-OBJECTS TAREAS PRINCIPALES/Modulo Tarea Listado Hojas de Vida/Imprimir Hoja de Vida/input_Identificacin_listado_hojaVidaj_idt62"), "355682169"): Text '355682169' is set on object 'Object Repository/1-OBJECTS TAREAS PRINCIPALES/Modulo Tarea Listado Hojas de Vida/Imprimir Hoja de Vida/input_Identificacin_listado_hojaVidaj_idt62'

2022-03-29 18:44:56 - [MESSAGE][PASSED] - Text '355682169' is set on object 'Object Repository/1-OBJECTS TAREAS PRINCIPALES/Modulo Tarea Listado Hojas de Vida/Imprimir Hoja de Vida/input_Identificacin_listado_hojaVidaj_idt62'

2022-03-29 18:44:56 - [TEST_STEP][PASSED] - sendKeys(findTestObject("1-OBJECTS TAREAS PRINCIPALES/Modulo Tarea Listado Hojas de Vida/Imprimir Hoja de Vida/input_Identificacin_listado_hojaVidaj_idt62"), Keys.chord(ENTER)): Keys 'ENTER + ' sent to object: 'Object Repository/1-OBJECTS TAREAS PRINCIPALES/Modulo Tarea Listado Hojas de Vida/Imprimir Hoja de Vida/input_Identificacin_listado_hojaVidaj_idt62'

2022-03-29 18:44:57 - [MESSAGE][PASSED] - Keys 'ENTER + ' sent to object: 'Object Repository/1-OBJECTS TAREAS PRINCIPALES/Modulo Tarea Listado Hojas de Vida/Imprimir Hoja de Vida/input_Identificacin_listado_hojaVidaj_idt62'

2022-03-29 18:44:57 - [TEST_STEP][PASSED] - waitForElementClickable(findTestObject("1-OBJECTS TAREAS PRINCIPALES/Modulo Tarea Listado Hojas de Vida/Imprimir Hoja de Vida/td_355682169"), G_TimeOut): Object 'Object Repository/1-OBJECTS TAREAS PRINCIPALES/Modulo Tarea Listado Hojas de Vida/Imprimir Hoja de Vida/td_355682169' is clickable

2022-03-29 18:44:57 - [MESSAGE][PASSED] - Object 'Object Repository/1-OBJECTS TAREAS PRINCIPALES/Modulo Tarea Listado Hojas de Vida/Imprimir Hoja de Vida/td_355682169' is clickable

2022-03-29 18:44:57 - [TEST_STEP][PASSED] - click(findTestObject("1-OBJECTS TAREAS PRINCIPALES/Modulo Tarea Listado Hojas de Vida/Imprimir Hoja de Vida/td_355682169")): Object: 'Object Repository/1-OBJECTS TAREAS PRINCIPALES/Modulo Tarea Listado Hojas de Vida/Imprimir Hoja de Vida/td_355682169' is clicked on

2022-03-29 18:44:58 - [MESSAGE][PASSED] - Object: 'Object Repository/1-OBJECTS TAREAS PRINCIPALES/Modulo Tarea Listado Hojas de Vida/Imprimir Hoja de Vida/td_355682169' is clicked on

2022-03-29 18:44:58 - [TEST_STEP][PASSED] - waitForElementClickable(findTestObject("1-OBJECTS TAREAS PRINCIPALES/Modulo Tarea Listado Hojas de Vida/Imprimir Hoja de Vida/a_Imprimir"), G_TimeOut): Object 'Object Repository/1-OBJECTS TAREAS PRINCIPALES/Modulo Tarea Listado Hojas de Vida/Imprimir Hoja de Vida/a_Imprimir' is clickable

2022-03-29 18:44:58 - [MESSAGE][PASSED] - Object 'Object Repository/1-OBJECTS TAREAS PRINCIPALES/Modulo Tarea Listado Hojas de Vida/Imprimir Hoja de Vida/a_Imprimir' is clickable

2022-03-29 18:44:58 - [TEST_STEP][PASSED] - click(findTestObject("1-OBJECTS TAREAS PRINCIPALES/Modulo Tarea Listado Hojas de Vida/Imprimir Hoja de Vida/a_Imprimir")): Object: 'Object Repository/1-OBJECTS TAREAS PRINCIPALES/Modulo Tarea Listado Hojas de Vida/Imprimir Hoja de Vida/a_Imprimir' is clicked on

2022-03-29 18:44:59 - [MESSAGE][PASSED] - Object: 'Object Repository/1-OBJECTS TAREAS PRINCIPALES/Modulo Tarea Listado Hojas de Vida/Imprimir Hoja de Vida/a_Imprimir' is clicked on

2022-03-29 18:44:59 - [TEST_STEP][PASSED] - waitForElementClickable(findTestObject("1-OBJECTS TAREAS PRINCIPALES/Modulo Tarea Listado Hojas de Vida/Imprimir Hoja de Vida/a_Si"), G_TimeOut): Object 'Object Repository/1-OBJECTS TAREAS PRINCIPALES/Modulo Tarea Listado Hojas de Vida/Imprimir Hoja de Vida/a_Si' is clickable

2022-03-29 18:45:00 - [MESSAGE][PASSED] - Object 'Object Repository/1-OBJECTS TAREAS PRINCIPALES/Modulo Tarea Listado Hojas de Vida/Imprimir Hoja de Vida/a_Si' is clickable

2022-03-29 18:45:00 - [TEST_STEP][PASSED] - click(findTestObject("1-OBJECTS TAREAS PRINCIPALES/Modulo Tarea Listado Hojas de Vida/Imprimir Hoja de Vida/a_Si")): Object: 'Object Repository/1-OBJECTS TAREAS PRINCIPALES/Modulo Tarea Listado Hojas de Vida/Imprimir Hoja de Vida/a_Si' is clicked on

2022-03-29 18:45:00 - [MESSAGE][PASSED] - Object: 'Object Repository/1-OBJECTS TAREAS PRINCIPALES/Modulo Tarea Listado Hojas de Vida/Imprimir Hoja de Vida/a_Si' is clicked on

2022-03-29 18:45:00 - [TEST_STEP][PASSED] - switchToWindowTitle("SARA"): Switched to window with title: 'SARA'

2022-03-29 18:45:00 - [MESSAGE][PASSED] - Switched to window with title: 'SARA'

2022-03-29 18:45:00 - [TEST_STEP][PASSED] - waitForElementClickable(findTestObject("1-OBJECTS TAREAS PRINCIPALES/Modulo Tarea Listado Hojas de Vida/Imprimir Hoja de Vida/span_Grupo Sanguneo-closethick"), G_TimeOut): Object 'Object Repository/1-OBJECTS TAREAS PRINCIPALES/Modulo Tarea Listado Hojas de Vida/Imprimir Hoja de Vida/span_Grupo Sanguneo-closethick' is clickable

2022-03-29 18:45:01 - [MESSAGE][PASSED] - Object 'Object Repository/1-OBJECTS TAREAS PRINCIPALES/Modulo Tarea Listado Hojas de Vida/Imprimir Hoja de Vida/span_Grupo Sanguneo-closethick' is clickable

2022-03-29 18:45:01 - [TEST_STEP][PASSED] - click(findTestObject("1-OBJECTS TAREAS PRINCIPALES/Modulo Tarea Listado Hojas de Vida/Imprimir Hoja de Vida/span_Grupo Sanguneo-closethick")): Object: 'Object Repository/1-OBJECTS TAREAS PRINCIPALES/Modulo Tarea Listado Hojas de Vida/Imprimir Hoja de Vida/span_Grupo Sanguneo-closethick' is clicked on

2022-03-29 18:45:01 - [MESSAGE][PASSED] - Object: 'Object Repository/1-OBJECTS TAREAS PRINCIPALES/Modulo Tarea Listado Hojas de Vida/Imprimir Hoja de Vida/span_Grupo Sanguneo-closethick' is clicked on

2022-03-29 18:45:01 - [TEST_STEP][PASSED] - waitForElementClickable(findTestObject("1-OBJECTS TAREAS PRINCIPALES/Modulo Tarea Listado Hojas de Vida/Imprimir Hoja de Vida/a_Generar"), G_TimeOut): Object 'Object Repository/1-OBJECTS TAREAS PRINCIPALES/Modulo Tarea Listado Hojas de Vida/Imprimir Hoja de Vida/a_Generar' is clickable

2022-03-29 18:45:02 - [MESSAGE][PASSED] - Object 'Object Repository/1-OBJECTS TAREAS PRINCIPALES/Modulo Tarea Listado Hojas de Vida/Imprimir Hoja de Vida/a_Generar' is clickable

2022-03-29 18:45:02 - [TEST_STEP][PASSED] - click(findTestObject("1-OBJECTS TAREAS PRINCIPALES/Modulo Tarea Listado Hojas de Vida/Imprimir Hoja de Vida/a_Generar")): Object: 'Object Repository/1-OBJECTS TAREAS PRINCIPALES/Modulo Tarea Listado Hojas de Vida/Imprimir Hoja de Vida/a_Generar' is clicked on

2022-03-29 18:45:02 - [MESSAGE][PASSED] - Object: 'Object Repository/1-OBJECTS TAREAS PRINCIPALES/Modulo Tarea Listado Hojas de Vida/Imprimir Hoja de Vida/a_Generar' is clicked on

2022-03-29 18:45:02 - [TEST_STEP][PASSED] - waitForElementClickable(findTestObject("1-OBJECTS TAREAS PRINCIPALES/Modulo Tarea Listado Hojas de Vida/Imprimir Hoja de Vida/td_espaol impresion empleado"), G_TimeOut): Object 'Object Repository/1-OBJECTS TAREAS PRINCIPALES/Modulo Tarea Listado Hojas de Vida/Imprimir Hoja de Vida/td_espaol impresion empleado' is clickable

2022-03-29 18:45:03 - [MESSAGE][PASSED] - Object 'Object Repository/1-OBJECTS TAREAS PRINCIPALES/Modulo Tarea Listado Hojas de Vida/Imprimir Hoja de Vida/td_espaol impresion empleado' is clickable

2022-03-29 18:45:03 - [TEST_STEP][PASSED] - click(findTestObject("1-OBJECTS TAREAS PRINCIPALES/Modulo Tarea Listado Hojas de Vida/Imprimir Hoja de Vida/td_espaol impresion empleado")): Object: 'Object Repository/1-OBJECTS TAREAS PRINCIPALES/Modulo Tarea Listado Hojas de Vida/Imprimir Hoja de Vida/td_espaol impresion empleado' is clicked on

2022-03-29 18:45:04 - [MESSAGE][PASSED] - Object: 'Object Repository/1-OBJECTS TAREAS PRINCIPALES/Modulo Tarea Listado Hojas de Vida/Imprimir Hoja de Vida/td_espaol impresion empleado' is clicked on

2022-03-29 18:45:04 - [TEST_STEP][PASSED] - waitForElementClickable(findTestObject("1-OBJECTS TAREAS PRINCIPALES/Modulo Tarea Listado Hojas de Vida/Imprimir Hoja de Vida/a_Descargar"), G_TimeOut): Object 'Object Repository/1-OBJECTS TAREAS PRINCIPALES/Modulo Tarea Listado Hojas de Vida/Imprimir Hoja de Vida/a_Descargar' is clickable

2022-03-29 18:45:05 - [MESSAGE][PASSED] - Object 'Object Repository/1-OBJECTS TAREAS PRINCIPALES/Modulo Tarea Listado Hojas de Vida/Imprimir Hoja de Vida/a_Descargar' is clickable

2022-03-29 18:45:05 - [TEST_STEP][PASSED] - click(findTestObject("1-OBJECTS TAREAS PRINCIPALES/Modulo Tarea Listado Hojas de Vida/Imprimir Hoja de Vida/a_Descargar")): Object: 'Object Repository/1-OBJECTS TAREAS PRINCIPALES/Modulo Tarea Listado Hojas de Vida/Imprimir Hoja de Vida/a_Descargar' is clicked on

2022-03-29 18:45:05 - [MESSAGE][PASSED] - Object: 'Object Repository/1-OBJECTS TAREAS PRINCIPALES/Modulo Tarea Listado Hojas de Vida/Imprimir Hoja de Vida/a_Descargar' is clicked on

2022-03-29 18:45:05 - [TEST_STEP][PASSED] - switchToWindowIndex(0): Switched to window with index: '0'

2022-03-29 18:45:05 - [MESSAGE][PASSED] - Switched to window with index: '0'

2022-03-29 18:45:05 - [TEST_STEP][PASSED] - waitForElementClickable(findTestObject("1-OBJECTS TAREAS PRINCIPALES/Modulo Tarea Listado Hojas de Vida/Imprimir Hoja de Vida/span_Grupo Sanguneo-closethick_1"), G_TimeOut): Object 'Object Repository/1-OBJECTS TAREAS PRINCIPALES/Modulo Tarea Listado Hojas de Vida/Imprimir Hoja de Vida/span_Grupo Sanguneo-closethick_1' is clickable

2022-03-29 18:45:06 - [MESSAGE][PASSED] - Object 'Object Repository/1-OBJECTS TAREAS PRINCIPALES/Modulo Tarea Listado Hojas de Vida/Imprimir Hoja de Vida/span_Grupo Sanguneo-closethick_1' is clickable

2022-03-29 18:45:06 - [TEST_STEP][PASSED] - click(findTestObject("1-OBJECTS TAREAS PRINCIPALES/Modulo Tarea Listado Hojas de Vida/Imprimir Hoja de Vida/span_Grupo Sanguneo-closethick_1")): Object: 'Object Repository/1-OBJECTS TAREAS PRINCIPALES/Modulo Tarea Listado Hojas de Vida/Imprimir Hoja de Vida/span_Grupo Sanguneo-closethick_1' is clicked on

2022-03-29 18:45:06 - [MESSAGE][PASSED] - Object: 'Object Repository/1-OBJECTS TAREAS PRINCIPALES/Modulo Tarea Listado Hojas de Vida/Imprimir Hoja de Vida/span_Grupo Sanguneo-closethick_1' is clicked on

2022-03-29 18:45:06 - [TEST_STEP][PASSED] - closeBrowser(): Browser is closed

2022-03-29 18:45:07 - [MESSAGE][PASSED] - Browser is closed

2022-03-29 18:45:07 - [MESSAGE][PASSED] - Call Test Case 'Test Cases/1.1-Tareas Principales/1.1.2-Imprimir Hoja de Vida' successfully]]></system-out>
         <system-err><![CDATA[]]></system-err>
      </testcase>
      <testcase name="Test Cases/1.2-Tareas_Secundarias/2.1-Pruebas_Hoja_de_Vida/2.1.8-Aprobación_Novedades" time="45.118" classname="Test Cases/1.2-Tareas_Secundarias/2.1-Pruebas_Hoja_de_Vida/2.1.8-Aprobación_Novedades" status="PASSED">
         <system-out><![CDATA[2022-03-29 18:45:07 - [TEST_CASE][PASSED] - Test Cases/1.2-Tareas_Secundarias/2.1-Pruebas_Hoja_de_Vida/2.1.8-Aprobación_Novedades: Test Cases/1.2-Tareas_Secundarias/2.1-Pruebas_Hoja_de_Vida/2.1.8-Aprobación_Novedades

2022-03-29 18:45:07 - [TEST_STEP][PASSED] - callTestCase(findTestCase("0.1-Login"), [:], STOP_ON_FAILURE): Call Test Case 'Test Cases/0.1-Login' successfully

2022-03-29 18:45:07 - [TEST_CASE][PASSED] - Test Cases/0.1-Login: Test Cases/0.1-Login

2022-03-29 18:45:08 - [TEST_STEP][PASSED] - openBrowser(""): Browser is opened with url: ''

2022-03-29 18:45:08 - [MESSAGE][INFO] - Starting 'Chrome' driver

2022-03-29 18:45:08 - [MESSAGE][INFO] - Action delay is set to 50 milliseconds

2022-03-29 18:45:09 - [MESSAGE][PASSED] - Browser is opened with url: ''

2022-03-29 18:45:09 - [TEST_STEP][PASSED] - maximizeWindow(): Current window maximized

2022-03-29 18:45:09 - [MESSAGE][PASSED] - Current window maximized

2022-03-29 18:45:09 - [TEST_STEP][PASSED] - i = G_Login: null

2022-03-29 18:45:09 - [TEST_STEP][PASSED] - url = new java.net.URL(i): null

2022-03-29 18:45:09 - [TEST_STEP][PASSED] - println("URL: " + url.toString()): null

2022-03-29 18:45:09 - [TEST_STEP][PASSED] - connection = url.openConnection(): null

2022-03-29 18:45:09 - [TEST_STEP][PASSED] - connection.setRequestMethod("GET"): null

2022-03-29 18:45:09 - [TEST_STEP][PASSED] - connection.setReadTimeout(2 * 1000): null

2022-03-29 18:45:09 - [TEST_STEP][PASSED] - try: null

2022-03-29 18:45:09 - [TEST_STEP][PASSED] - connection.connect(): null

2022-03-29 18:45:09 - [TEST_STEP][PASSED] - flag = connected: null

2022-03-29 18:45:09 - [TEST_STEP][PASSED] - println("Valor_ori: " + flag): null

2022-03-29 18:45:09 - [TEST_STEP][PASSED] - if (flag): null

2022-03-29 18:45:09 - [TEST_STEP][PASSED] - navigateToUrl(i): Navigate to 'http://192.168.2.19:8380/saraweb' successfully

2022-03-29 18:45:09 - [MESSAGE][PASSED] - Navigate to 'http://192.168.2.19:8380/saraweb' successfully

2022-03-29 18:45:09 - [TEST_STEP][PASSED] - a(): null

2022-03-29 18:45:09 - [TEST_STEP][PASSED] - setText(findTestObject("Login/input_USUARIO_loginusuario"), G_Usuario): Text 'saraadmin' is set on object 'Object Repository/Login/input_USUARIO_loginusuario'

2022-03-29 18:45:10 - [MESSAGE][PASSED] - Text 'saraadmin' is set on object 'Object Repository/Login/input_USUARIO_loginusuario'

2022-03-29 18:45:10 - [TEST_STEP][PASSED] - setEncryptedText(findTestObject("Login/input_CLAVE_loginpassword"), "MkG4/TYiCFC3cb2driP7+Q=="): Text ****** has been set on object 'Object Repository/Login/input_CLAVE_loginpassword'

2022-03-29 18:45:11 - [MESSAGE][PASSED] - Text ****** has been set on object 'Object Repository/Login/input_CLAVE_loginpassword'

2022-03-29 18:45:11 - [TEST_STEP][PASSED] - waitForElementClickable(findTestObject("Login/a_Ingresar"), G_TimeOut): Object 'Object Repository/Login/a_Ingresar' is clickable

2022-03-29 18:45:11 - [MESSAGE][PASSED] - Object 'Object Repository/Login/a_Ingresar' is clickable

2022-03-29 18:45:11 - [TEST_STEP][PASSED] - click(findTestObject("Login/a_Ingresar")): Object: 'Object Repository/Login/a_Ingresar' is clicked on

2022-03-29 18:45:13 - [MESSAGE][PASSED] - Object: 'Object Repository/Login/a_Ingresar' is clicked on

2022-03-29 18:45:13 - [TEST_STEP][PASSED] - element = findWebElement(findTestObject("Login/a_Ir"), 30): null

2022-03-29 18:45:13 - [TEST_STEP][PASSED] - executeJavaScript("arguments[0].click()", Arrays.asList(element)): Execute JavaScript 'arguments[0].click()' successfully

2022-03-29 18:45:13 - [MESSAGE][PASSED] - Execute JavaScript 'arguments[0].click()' successfully

2022-03-29 18:45:13 - [MESSAGE][PASSED] - Call Test Case 'Test Cases/0.1-Login' successfully

2022-03-29 18:45:13 - [TEST_STEP][PASSED] - click(findTestObject("M-OBJECTS TAREAS SECUNDARIAS/Pruebas Hoja de Vida/Aprobación_Novedades/input_Secciones_form_templatej_idt286j_idt29")): Object: 'Object Repository/M-OBJECTS TAREAS SECUNDARIAS/Pruebas Hoja de Vida/Aprobación_Novedades/input_Secciones_form_templatej_idt286j_idt29' is clicked on

2022-03-29 18:45:14 - [MESSAGE][PASSED] - Object: 'Object Repository/M-OBJECTS TAREAS SECUNDARIAS/Pruebas Hoja de Vida/Aprobación_Novedades/input_Secciones_form_templatej_idt286j_idt29' is clicked on

2022-03-29 18:45:14 - [TEST_STEP][PASSED] - click(findTestObject("M-OBJECTS TAREAS SECUNDARIAS/Pruebas Hoja de Vida/Aprobación_Novedades/a_ADMINISTRADOR DEL SISTEMA - SARA_cerrar_menu")): Object: 'Object Repository/M-OBJECTS TAREAS SECUNDARIAS/Pruebas Hoja de Vida/Aprobación_Novedades/a_ADMINISTRADOR DEL SISTEMA - SARA_cerrar_menu' is clicked on

2022-03-29 18:45:15 - [MESSAGE][PASSED] - Object: 'Object Repository/M-OBJECTS TAREAS SECUNDARIAS/Pruebas Hoja de Vida/Aprobación_Novedades/a_ADMINISTRADOR DEL SISTEMA - SARA_cerrar_menu' is clicked on

2022-03-29 18:45:15 - [TEST_STEP][PASSED] - click(findTestObject("M-OBJECTS TAREAS SECUNDARIAS/Pruebas Hoja de Vida/Aprobación_Novedades/label_Nueva Hoja Vida")): Object: 'Object Repository/M-OBJECTS TAREAS SECUNDARIAS/Pruebas Hoja de Vida/Aprobación_Novedades/label_Nueva Hoja Vida' is clicked on

2022-03-29 18:45:15 - [MESSAGE][PASSED] - Object: 'Object Repository/M-OBJECTS TAREAS SECUNDARIAS/Pruebas Hoja de Vida/Aprobación_Novedades/label_Nueva Hoja Vida' is clicked on

2022-03-29 18:45:15 - [TEST_STEP][PASSED] - click(findTestObject("M-OBJECTS TAREAS SECUNDARIAS/Pruebas Hoja de Vida/Aprobación_Novedades/a_Novedades")): Object: 'Object Repository/M-OBJECTS TAREAS SECUNDARIAS/Pruebas Hoja de Vida/Aprobación_Novedades/a_Novedades' is clicked on

2022-03-29 18:45:16 - [MESSAGE][PASSED] - Object: 'Object Repository/M-OBJECTS TAREAS SECUNDARIAS/Pruebas Hoja de Vida/Aprobación_Novedades/a_Novedades' is clicked on

2022-03-29 18:45:16 - [TEST_STEP][PASSED] - selectOptionByIndex(findTestObject("M-OBJECTS TAREAS SECUNDARIAS/Pruebas Hoja de Vida/Aprobación_Novedades/select_-- Seleccione --AprobadaCanceladaPendienteRechazada"), 3): All options with index in [3] are selected on object 'Object Repository/M-OBJECTS TAREAS SECUNDARIAS/Pruebas Hoja de Vida/Aprobación_Novedades/select_-- Seleccione --AprobadaCanceladaPendienteRechazada'

2022-03-29 18:45:17 - [MESSAGE][PASSED] - All options with index in [3] are selected on object 'Object Repository/M-OBJECTS TAREAS SECUNDARIAS/Pruebas Hoja de Vida/Aprobación_Novedades/select_-- Seleccione --AprobadaCanceladaPendienteRechazada'

2022-03-29 18:45:17 - [TEST_STEP][PASSED] - if (waitForElementVisible(findTestObject("M-OBJECTS TAREAS SECUNDARIAS/Pruebas Hoja de Vida/Aprobación_Novedades/span_DIAZ BLANCO GUISELL"), 1)): Web element with id: 'Object Repository/M-OBJECTS TAREAS SECUNDARIAS/Pruebas Hoja de Vida/Aprobación_Novedades/span_DIAZ BLANCO GUISELL' located by '//div[2]/div/table/tbody/tr/td[3]/span' not found

2022-03-29 18:45:19 - [MESSAGE][INFO] - Unable to find the element located by 'By.xpath: //div[2]/div/table/tbody/tr/td[3]/span'. Please recheck the objects properties to make sure the desired element is located. 

2022-03-29 18:45:19 - [MESSAGE][WARNING] - Web element with id: 'Object Repository/M-OBJECTS TAREAS SECUNDARIAS/Pruebas Hoja de Vida/Aprobación_Novedades/span_DIAZ BLANCO GUISELL' located by '//div[2]/div/table/tbody/tr/td[3]/span' not found

2022-03-29 18:45:19 - [TEST_STEP][PASSED] - else: Object: 'Object Repository/M-OBJECTS TAREAS SECUNDARIAS/Pruebas Hoja de Vida/Aprobación_Novedades/a_Empleado_glyphicons glyphicons-exit' is clicked on

2022-03-29 18:45:19 - [TEST_STEP][PASSED] - callTestCase(findTestCase("Utilidades-(atajos_para _tareas)/Login_Seguridad/0.1-Login-1057596487"), [:], STOP_ON_FAILURE): Call Test Case 'Test Cases/Utilidades-(atajos_para _tareas)/Login_Seguridad/0.1-Login-1057596487' successfully

2022-03-29 18:45:19 - [TEST_CASE][PASSED] - Test Cases/Utilidades-(atajos_para _tareas)/Login_Seguridad/0.1-Login-1057596487: Test Cases/Utilidades-(atajos_para _tareas)/Login_Seguridad/0.1-Login-1057596487

2022-03-29 18:45:20 - [TEST_STEP][PASSED] - openBrowser(""): Browser is opened with url: ''

2022-03-29 18:45:20 - [MESSAGE][WARNING] - A browser is already opened. Closing browser and opening a new one

2022-03-29 18:45:21 - [MESSAGE][INFO] - Starting 'Chrome' driver

2022-03-29 18:45:21 - [MESSAGE][INFO] - Action delay is set to 50 milliseconds

2022-03-29 18:45:22 - [MESSAGE][PASSED] - Browser is opened with url: ''

2022-03-29 18:45:22 - [TEST_STEP][PASSED] - maximizeWindow(): Current window maximized

2022-03-29 18:45:22 - [MESSAGE][PASSED] - Current window maximized

2022-03-29 18:45:22 - [TEST_STEP][PASSED] - i = G_Login: null

2022-03-29 18:45:22 - [TEST_STEP][PASSED] - url = new java.net.URL(i): null

2022-03-29 18:45:22 - [TEST_STEP][PASSED] - println("URL: " + url.toString()): null

2022-03-29 18:45:22 - [TEST_STEP][PASSED] - connection = url.openConnection(): null

2022-03-29 18:45:22 - [TEST_STEP][PASSED] - connection.setRequestMethod("GET"): null

2022-03-29 18:45:22 - [TEST_STEP][PASSED] - connection.setReadTimeout(2 * 1000): null

2022-03-29 18:45:22 - [TEST_STEP][PASSED] - try: null

2022-03-29 18:45:22 - [TEST_STEP][PASSED] - connection.connect(): null

2022-03-29 18:45:22 - [TEST_STEP][PASSED] - flag = connected: null

2022-03-29 18:45:22 - [TEST_STEP][PASSED] - println("Valor_ori: " + flag): null

2022-03-29 18:45:22 - [TEST_STEP][PASSED] - if (flag): null

2022-03-29 18:45:22 - [TEST_STEP][PASSED] - navigateToUrl(i): Navigate to 'http://192.168.2.19:8380/saraweb' successfully

2022-03-29 18:45:22 - [MESSAGE][PASSED] - Navigate to 'http://192.168.2.19:8380/saraweb' successfully

2022-03-29 18:45:22 - [TEST_STEP][PASSED] - a(): null

2022-03-29 18:45:22 - [TEST_STEP][PASSED] - setText(findTestObject("Login/input_USUARIO_loginusuario"), G_Usuario2): Text '1057596487' is set on object 'Object Repository/Login/input_USUARIO_loginusuario'

2022-03-29 18:45:23 - [MESSAGE][PASSED] - Text '1057596487' is set on object 'Object Repository/Login/input_USUARIO_loginusuario'

2022-03-29 18:45:23 - [TEST_STEP][PASSED] - setEncryptedText(findTestObject("Login/input_CLAVE_loginpassword"), "MkG4/TYiCFC3cb2driP7+Q=="): Text ****** has been set on object 'Object Repository/Login/input_CLAVE_loginpassword'

2022-03-29 18:45:24 - [MESSAGE][PASSED] - Text ****** has been set on object 'Object Repository/Login/input_CLAVE_loginpassword'

2022-03-29 18:45:24 - [TEST_STEP][PASSED] - waitForElementClickable(findTestObject("Login/a_Ingresar"), G_TimeOut): Object 'Object Repository/Login/a_Ingresar' is clickable

2022-03-29 18:45:24 - [MESSAGE][PASSED] - Object 'Object Repository/Login/a_Ingresar' is clickable

2022-03-29 18:45:24 - [TEST_STEP][PASSED] - click(findTestObject("Login/a_Ingresar")): Object: 'Object Repository/Login/a_Ingresar' is clicked on

2022-03-29 18:45:26 - [MESSAGE][PASSED] - Object: 'Object Repository/Login/a_Ingresar' is clicked on

2022-03-29 18:45:26 - [TEST_STEP][PASSED] - element = findWebElement(findTestObject("Login/a_Ir"), 30): null

2022-03-29 18:45:26 - [TEST_STEP][PASSED] - executeJavaScript("arguments[0].click()", Arrays.asList(element)): Execute JavaScript 'arguments[0].click()' successfully

2022-03-29 18:45:26 - [MESSAGE][PASSED] - Execute JavaScript 'arguments[0].click()' successfully

2022-03-29 18:45:26 - [MESSAGE][PASSED] - Call Test Case 'Test Cases/Utilidades-(atajos_para _tareas)/Login_Seguridad/0.1-Login-1057596487' successfully

2022-03-29 18:45:26 - [TEST_STEP][PASSED] - setText(findTestObject("M-OBJECTS TAREAS SECUNDARIAS/Pruebas Hoja de Vida/Aprobación_Novedades/input_Empresa 1_form_templatej_idt24_input"), "hoja de vida"): Text 'hoja de vida' is set on object 'Object Repository/M-OBJECTS TAREAS SECUNDARIAS/Pruebas Hoja de Vida/Aprobación_Novedades/input_Empresa 1_form_templatej_idt24_input'

2022-03-29 18:45:28 - [MESSAGE][PASSED] - Text 'hoja de vida' is set on object 'Object Repository/M-OBJECTS TAREAS SECUNDARIAS/Pruebas Hoja de Vida/Aprobación_Novedades/input_Empresa 1_form_templatej_idt24_input'

2022-03-29 18:45:28 - [TEST_STEP][PASSED] - click(findTestObject("M-OBJECTS TAREAS SECUNDARIAS/Pruebas Hoja de Vida/Aprobación_Novedades/li_Listado Hojas de Vida (hoj)")): Object: 'Object Repository/M-OBJECTS TAREAS SECUNDARIAS/Pruebas Hoja de Vida/Aprobación_Novedades/li_Listado Hojas de Vida (hoj)' is clicked on

2022-03-29 18:45:29 - [MESSAGE][PASSED] - Object: 'Object Repository/M-OBJECTS TAREAS SECUNDARIAS/Pruebas Hoja de Vida/Aprobación_Novedades/li_Listado Hojas de Vida (hoj)' is clicked on

2022-03-29 18:45:29 - [TEST_STEP][PASSED] - fecha = getAttribute(findTestObject("M-OBJECTS TAREAS SECUNDARIAS/Pruebas Hoja de Vida/Aprobación_Novedades/input__hojaVidaseccionj_idt2143fecha_input"), "value"): Attribute 'value' of object 'Object Repository/M-OBJECTS TAREAS SECUNDARIAS/Pruebas Hoja de Vida/Aprobación_Novedades/input__hojaVidaseccionj_idt2143fecha_input' is: '07/03/2011'

2022-03-29 18:45:31 - [MESSAGE][PASSED] - Attribute 'value' of object 'Object Repository/M-OBJECTS TAREAS SECUNDARIAS/Pruebas Hoja de Vida/Aprobación_Novedades/input__hojaVidaseccionj_idt2143fecha_input' is: '07/03/2011'

2022-03-29 18:45:31 - [TEST_STEP][PASSED] - if (fecha != "07/03/2011"): null

2022-03-29 18:45:31 - [TEST_STEP][PASSED] - else: Text '07/03/2010' is set on object 'Object Repository/M-OBJECTS TAREAS SECUNDARIAS/Pruebas Hoja de Vida/Aprobación_Novedades/input__hojaVidaseccionj_idt2143fecha_input'

2022-03-29 18:45:31 - [TEST_STEP][PASSED] - setText(findTestObject("M-OBJECTS TAREAS SECUNDARIAS/Pruebas Hoja de Vida/Aprobación_Novedades/input__hojaVidaseccionj_idt2143fecha_input"), "07/03/2010"): Text '07/03/2010' is set on object 'Object Repository/M-OBJECTS TAREAS SECUNDARIAS/Pruebas Hoja de Vida/Aprobación_Novedades/input__hojaVidaseccionj_idt2143fecha_input'

2022-03-29 18:45:32 - [MESSAGE][PASSED] - Text '07/03/2010' is set on object 'Object Repository/M-OBJECTS TAREAS SECUNDARIAS/Pruebas Hoja de Vida/Aprobación_Novedades/input__hojaVidaseccionj_idt2143fecha_input'

2022-03-29 18:45:32 - [TEST_STEP][PASSED] - click(findTestObject("M-OBJECTS TAREAS SECUNDARIAS/Pruebas Hoja de Vida/Aprobación_Novedades/select_--Seleccione--AA-ABAB-BB-OO-")): Object: 'Object Repository/M-OBJECTS TAREAS SECUNDARIAS/Pruebas Hoja de Vida/Aprobación_Novedades/select_--Seleccione--AA-ABAB-BB-OO-' is clicked on

2022-03-29 18:45:32 - [MESSAGE][PASSED] - Object: 'Object Repository/M-OBJECTS TAREAS SECUNDARIAS/Pruebas Hoja de Vida/Aprobación_Novedades/select_--Seleccione--AA-ABAB-BB-OO-' is clicked on

2022-03-29 18:45:32 - [TEST_STEP][PASSED] - seleccion = getAttribute(findTestObject("M-OBJECTS TAREAS SECUNDARIAS/Pruebas Hoja de Vida/Aprobación_Novedades/select_--Seleccione--AA-ABAB-BB-OO-"), "value"): Attribute 'value' of object 'Object Repository/M-OBJECTS TAREAS SECUNDARIAS/Pruebas Hoja de Vida/Aprobación_Novedades/select_--Seleccione--AA-ABAB-BB-OO-' is: 'O+ '

2022-03-29 18:45:33 - [MESSAGE][PASSED] - Attribute 'value' of object 'Object Repository/M-OBJECTS TAREAS SECUNDARIAS/Pruebas Hoja de Vida/Aprobación_Novedades/select_--Seleccione--AA-ABAB-BB-OO-' is: 'O+ '

2022-03-29 18:45:33 - [TEST_STEP][PASSED] - if (seleccion != "O+"): All options with index in [7] are selected on object 'Object Repository/M-OBJECTS TAREAS SECUNDARIAS/Pruebas Hoja de Vida/Aprobación_Novedades/select_--Seleccione--AA-ABAB-BB-OO-'

2022-03-29 18:45:33 - [TEST_STEP][PASSED] - selectOptionByIndex(findTestObject("M-OBJECTS TAREAS SECUNDARIAS/Pruebas Hoja de Vida/Aprobación_Novedades/select_--Seleccione--AA-ABAB-BB-OO-"), 7): All options with index in [7] are selected on object 'Object Repository/M-OBJECTS TAREAS SECUNDARIAS/Pruebas Hoja de Vida/Aprobación_Novedades/select_--Seleccione--AA-ABAB-BB-OO-'

2022-03-29 18:45:34 - [MESSAGE][PASSED] - All options with index in [7] are selected on object 'Object Repository/M-OBJECTS TAREAS SECUNDARIAS/Pruebas Hoja de Vida/Aprobación_Novedades/select_--Seleccione--AA-ABAB-BB-OO-'

2022-03-29 18:45:34 - [TEST_STEP][PASSED] - click(findTestObject("M-OBJECTS TAREAS SECUNDARIAS/Pruebas Hoja de Vida/Aprobación_Novedades/a_Guardar")): Object: 'Object Repository/M-OBJECTS TAREAS SECUNDARIAS/Pruebas Hoja de Vida/Aprobación_Novedades/a_Guardar' is clicked on

2022-03-29 18:45:35 - [MESSAGE][PASSED] - Object: 'Object Repository/M-OBJECTS TAREAS SECUNDARIAS/Pruebas Hoja de Vida/Aprobación_Novedades/a_Guardar' is clicked on

2022-03-29 18:45:35 - [TEST_STEP][PASSED] - click(findTestObject("M-OBJECTS TAREAS SECUNDARIAS/Pruebas Hoja de Vida/Aprobación_Novedades/a_Aceptar")): Object: 'Object Repository/M-OBJECTS TAREAS SECUNDARIAS/Pruebas Hoja de Vida/Aprobación_Novedades/a_Aceptar' is clicked on

2022-03-29 18:45:36 - [MESSAGE][PASSED] - Object: 'Object Repository/M-OBJECTS TAREAS SECUNDARIAS/Pruebas Hoja de Vida/Aprobación_Novedades/a_Aceptar' is clicked on

2022-03-29 18:45:36 - [TEST_STEP][PASSED] - click(findTestObject("M-OBJECTS TAREAS SECUNDARIAS/Pruebas Hoja de Vida/Aprobación_Novedades/a_ADMINISTRADOR DEL SISTEMA - SARA_cerrar_menu")): Object: 'Object Repository/M-OBJECTS TAREAS SECUNDARIAS/Pruebas Hoja de Vida/Aprobación_Novedades/a_ADMINISTRADOR DEL SISTEMA - SARA_cerrar_menu' is clicked on

2022-03-29 18:45:37 - [MESSAGE][PASSED] - Object: 'Object Repository/M-OBJECTS TAREAS SECUNDARIAS/Pruebas Hoja de Vida/Aprobación_Novedades/a_ADMINISTRADOR DEL SISTEMA - SARA_cerrar_menu' is clicked on

2022-03-29 18:45:37 - [TEST_STEP][PASSED] - click(findTestObject("M-OBJECTS TAREAS SECUNDARIAS/Pruebas Hoja de Vida/Aprobación_Novedades/a_Empleado_glyphicons glyphicons-exit")): Object: 'Object Repository/M-OBJECTS TAREAS SECUNDARIAS/Pruebas Hoja de Vida/Aprobación_Novedades/a_Empleado_glyphicons glyphicons-exit' is clicked on

2022-03-29 18:45:37 - [MESSAGE][PASSED] - Object: 'Object Repository/M-OBJECTS TAREAS SECUNDARIAS/Pruebas Hoja de Vida/Aprobación_Novedades/a_Empleado_glyphicons glyphicons-exit' is clicked on

2022-03-29 18:45:37 - [TEST_STEP][PASSED] - callTestCase(findTestCase("0.1-Login"), [:], STOP_ON_FAILURE): Call Test Case 'Test Cases/0.1-Login' successfully

2022-03-29 18:45:38 - [TEST_CASE][PASSED] - Test Cases/0.1-Login: Test Cases/0.1-Login

2022-03-29 18:45:38 - [TEST_STEP][PASSED] - openBrowser(""): Browser is opened with url: ''

2022-03-29 18:45:38 - [MESSAGE][WARNING] - A browser is already opened. Closing browser and opening a new one

2022-03-29 18:45:38 - [MESSAGE][INFO] - Starting 'Chrome' driver

2022-03-29 18:45:38 - [MESSAGE][INFO] - Action delay is set to 50 milliseconds

2022-03-29 18:45:39 - [MESSAGE][PASSED] - Browser is opened with url: ''

2022-03-29 18:45:39 - [TEST_STEP][PASSED] - maximizeWindow(): Current window maximized

2022-03-29 18:45:40 - [MESSAGE][PASSED] - Current window maximized

2022-03-29 18:45:40 - [TEST_STEP][PASSED] - i = G_Login: null

2022-03-29 18:45:40 - [TEST_STEP][PASSED] - url = new java.net.URL(i): null

2022-03-29 18:45:40 - [TEST_STEP][PASSED] - println("URL: " + url.toString()): null

2022-03-29 18:45:40 - [TEST_STEP][PASSED] - connection = url.openConnection(): null

2022-03-29 18:45:40 - [TEST_STEP][PASSED] - connection.setRequestMethod("GET"): null

2022-03-29 18:45:40 - [TEST_STEP][PASSED] - connection.setReadTimeout(2 * 1000): null

2022-03-29 18:45:40 - [TEST_STEP][PASSED] - try: null

2022-03-29 18:45:40 - [TEST_STEP][PASSED] - connection.connect(): null

2022-03-29 18:45:40 - [TEST_STEP][PASSED] - flag = connected: null

2022-03-29 18:45:40 - [TEST_STEP][PASSED] - println("Valor_ori: " + flag): null

2022-03-29 18:45:40 - [TEST_STEP][PASSED] - if (flag): null

2022-03-29 18:45:40 - [TEST_STEP][PASSED] - navigateToUrl(i): Navigate to 'http://192.168.2.19:8380/saraweb' successfully

2022-03-29 18:45:40 - [MESSAGE][PASSED] - Navigate to 'http://192.168.2.19:8380/saraweb' successfully

2022-03-29 18:45:40 - [TEST_STEP][PASSED] - a(): null

2022-03-29 18:45:40 - [TEST_STEP][PASSED] - setText(findTestObject("Login/input_USUARIO_loginusuario"), G_Usuario): Text 'saraadmin' is set on object 'Object Repository/Login/input_USUARIO_loginusuario'

2022-03-29 18:45:41 - [MESSAGE][PASSED] - Text 'saraadmin' is set on object 'Object Repository/Login/input_USUARIO_loginusuario'

2022-03-29 18:45:41 - [TEST_STEP][PASSED] - setEncryptedText(findTestObject("Login/input_CLAVE_loginpassword"), "MkG4/TYiCFC3cb2driP7+Q=="): Text ****** has been set on object 'Object Repository/Login/input_CLAVE_loginpassword'

2022-03-29 18:45:42 - [MESSAGE][PASSED] - Text ****** has been set on object 'Object Repository/Login/input_CLAVE_loginpassword'

2022-03-29 18:45:42 - [TEST_STEP][PASSED] - waitForElementClickable(findTestObject("Login/a_Ingresar"), G_TimeOut): Object 'Object Repository/Login/a_Ingresar' is clickable

2022-03-29 18:45:42 - [MESSAGE][PASSED] - Object 'Object Repository/Login/a_Ingresar' is clickable

2022-03-29 18:45:42 - [TEST_STEP][PASSED] - click(findTestObject("Login/a_Ingresar")): Object: 'Object Repository/Login/a_Ingresar' is clicked on

2022-03-29 18:45:44 - [MESSAGE][PASSED] - Object: 'Object Repository/Login/a_Ingresar' is clicked on

2022-03-29 18:45:44 - [TEST_STEP][PASSED] - element = findWebElement(findTestObject("Login/a_Ir"), 30): null

2022-03-29 18:45:44 - [TEST_STEP][PASSED] - executeJavaScript("arguments[0].click()", Arrays.asList(element)): Execute JavaScript 'arguments[0].click()' successfully

2022-03-29 18:45:44 - [MESSAGE][PASSED] - Execute JavaScript 'arguments[0].click()' successfully

2022-03-29 18:45:44 - [MESSAGE][PASSED] - Call Test Case 'Test Cases/0.1-Login' successfully

2022-03-29 18:45:44 - [TEST_STEP][PASSED] - click(findTestObject("M-OBJECTS TAREAS SECUNDARIAS/Pruebas Hoja de Vida/Aprobación_Novedades/input_Secciones_form_templatej_idt286j_idt29")): Object: 'Object Repository/M-OBJECTS TAREAS SECUNDARIAS/Pruebas Hoja de Vida/Aprobación_Novedades/input_Secciones_form_templatej_idt286j_idt29' is clicked on

2022-03-29 18:45:46 - [MESSAGE][PASSED] - Object: 'Object Repository/M-OBJECTS TAREAS SECUNDARIAS/Pruebas Hoja de Vida/Aprobación_Novedades/input_Secciones_form_templatej_idt286j_idt29' is clicked on

2022-03-29 18:45:46 - [TEST_STEP][PASSED] - click(findTestObject("M-OBJECTS TAREAS SECUNDARIAS/Pruebas Hoja de Vida/Aprobación_Novedades/a_ADMINISTRADOR DEL SISTEMA - SARA_cerrar_menu")): Object: 'Object Repository/M-OBJECTS TAREAS SECUNDARIAS/Pruebas Hoja de Vida/Aprobación_Novedades/a_ADMINISTRADOR DEL SISTEMA - SARA_cerrar_menu' is clicked on

2022-03-29 18:45:46 - [MESSAGE][PASSED] - Object: 'Object Repository/M-OBJECTS TAREAS SECUNDARIAS/Pruebas Hoja de Vida/Aprobación_Novedades/a_ADMINISTRADOR DEL SISTEMA - SARA_cerrar_menu' is clicked on

2022-03-29 18:45:46 - [TEST_STEP][PASSED] - click(findTestObject("M-OBJECTS TAREAS SECUNDARIAS/Pruebas Hoja de Vida/Aprobación_Novedades/label_Nueva Hoja Vida")): Object: 'Object Repository/M-OBJECTS TAREAS SECUNDARIAS/Pruebas Hoja de Vida/Aprobación_Novedades/label_Nueva Hoja Vida' is clicked on

2022-03-29 18:45:46 - [MESSAGE][PASSED] - Object: 'Object Repository/M-OBJECTS TAREAS SECUNDARIAS/Pruebas Hoja de Vida/Aprobación_Novedades/label_Nueva Hoja Vida' is clicked on

2022-03-29 18:45:46 - [TEST_STEP][PASSED] - click(findTestObject("M-OBJECTS TAREAS SECUNDARIAS/Pruebas Hoja de Vida/Aprobación_Novedades/a_Novedades")): Object: 'Object Repository/M-OBJECTS TAREAS SECUNDARIAS/Pruebas Hoja de Vida/Aprobación_Novedades/a_Novedades' is clicked on

2022-03-29 18:45:47 - [MESSAGE][PASSED] - Object: 'Object Repository/M-OBJECTS TAREAS SECUNDARIAS/Pruebas Hoja de Vida/Aprobación_Novedades/a_Novedades' is clicked on

2022-03-29 18:45:47 - [TEST_STEP][PASSED] - selectOptionByIndex(findTestObject("M-OBJECTS TAREAS SECUNDARIAS/Pruebas Hoja de Vida/Aprobación_Novedades/select_-- Seleccione --AprobadaCanceladaPendienteRechazada"), 3): All options with index in [3] are selected on object 'Object Repository/M-OBJECTS TAREAS SECUNDARIAS/Pruebas Hoja de Vida/Aprobación_Novedades/select_-- Seleccione --AprobadaCanceladaPendienteRechazada'

2022-03-29 18:45:49 - [MESSAGE][PASSED] - All options with index in [3] are selected on object 'Object Repository/M-OBJECTS TAREAS SECUNDARIAS/Pruebas Hoja de Vida/Aprobación_Novedades/select_-- Seleccione --AprobadaCanceladaPendienteRechazada'

2022-03-29 18:45:49 - [TEST_STEP][PASSED] - if (waitForElementVisible(findTestObject("M-OBJECTS TAREAS SECUNDARIAS/Pruebas Hoja de Vida/Aprobación_Novedades/span_DIAZ BLANCO GUISELL"), 1)): null

2022-03-29 18:45:49 - [MESSAGE][PASSED] - Object 'Object Repository/M-OBJECTS TAREAS SECUNDARIAS/Pruebas Hoja de Vida/Aprobación_Novedades/span_DIAZ BLANCO GUISELL' is visible

2022-03-29 18:45:49 - [TEST_STEP][PASSED] - click(findTestObject("M-OBJECTS TAREAS SECUNDARIAS/Pruebas Hoja de Vida/Aprobación_Novedades/span_DIAZ BLANCO GUISELL")): Object: 'Object Repository/M-OBJECTS TAREAS SECUNDARIAS/Pruebas Hoja de Vida/Aprobación_Novedades/span_DIAZ BLANCO GUISELL' is clicked on

2022-03-29 18:45:50 - [MESSAGE][PASSED] - Object: 'Object Repository/M-OBJECTS TAREAS SECUNDARIAS/Pruebas Hoja de Vida/Aprobación_Novedades/span_DIAZ BLANCO GUISELL' is clicked on

2022-03-29 18:45:50 - [TEST_STEP][PASSED] - click(findTestObject("M-OBJECTS TAREAS SECUNDARIAS/Pruebas Hoja de Vida/Aprobación_Novedades/a_Aprobar")): Object: 'Object Repository/M-OBJECTS TAREAS SECUNDARIAS/Pruebas Hoja de Vida/Aprobación_Novedades/a_Aprobar' is clicked on

2022-03-29 18:45:51 - [MESSAGE][PASSED] - Object: 'Object Repository/M-OBJECTS TAREAS SECUNDARIAS/Pruebas Hoja de Vida/Aprobación_Novedades/a_Aprobar' is clicked on

2022-03-29 18:45:51 - [TEST_STEP][PASSED] - click(findTestObject("M-OBJECTS TAREAS SECUNDARIAS/Pruebas Hoja de Vida/Aprobación_Novedades/a_Aceptar")): Object: 'Object Repository/M-OBJECTS TAREAS SECUNDARIAS/Pruebas Hoja de Vida/Aprobación_Novedades/a_Aceptar' is clicked on

2022-03-29 18:45:51 - [MESSAGE][PASSED] - Object: 'Object Repository/M-OBJECTS TAREAS SECUNDARIAS/Pruebas Hoja de Vida/Aprobación_Novedades/a_Aceptar' is clicked on

2022-03-29 18:45:51 - [TEST_STEP][PASSED] - closeBrowser(): Browser is closed

2022-03-29 18:45:52 - [MESSAGE][PASSED] - Browser is closed]]></system-out>
         <system-err><![CDATA[]]></system-err>
      </testcase>
      <testcase name="Test Cases/1.2-Tareas_Secundarias/2.1-Pruebas_Hoja_de_Vida/2.2.2-Notificar_Novedades_Hoja_Vida" time="18.472" classname="Test Cases/1.2-Tareas_Secundarias/2.1-Pruebas_Hoja_de_Vida/2.2.2-Notificar_Novedades_Hoja_Vida" status="PASSED">
         <system-out><![CDATA[2022-03-29 18:45:52 - [TEST_CASE][PASSED] - Test Cases/1.2-Tareas_Secundarias/2.1-Pruebas_Hoja_de_Vida/2.2.2-Notificar_Novedades_Hoja_Vida: Test Cases/1.2-Tareas_Secundarias/2.1-Pruebas_Hoja_de_Vida/2.2.2-Notificar_Novedades_Hoja_Vida

2022-03-29 18:45:53 - [TEST_STEP][PASSED] - today = new java.util.Date(): null

2022-03-29 18:45:53 - [TEST_STEP][PASSED] - Dia = today.format("dd"): null

2022-03-29 18:45:53 - [TEST_STEP][PASSED] - Mes = today.format("MM"): null

2022-03-29 18:45:53 - [TEST_STEP][PASSED] - Año = today.format("yyyy"): null

2022-03-29 18:45:53 - [TEST_STEP][PASSED] - Añom = Año - 20: null

2022-03-29 18:45:53 - [TEST_STEP][PASSED] - AñoB = Año - 32: null

2022-03-29 18:45:53 - [TEST_STEP][PASSED] - Fecha = Dia + "/" + Mes + "/" + Añom: null

2022-03-29 18:45:53 - [TEST_STEP][PASSED] - FechaB = Dia + "/" + Mes + "/" + AñoB: null

2022-03-29 18:45:53 - [TEST_STEP][PASSED] - callTestCase(findTestCase("0.1-Login"), [:], STOP_ON_FAILURE): Call Test Case 'Test Cases/0.1-Login' successfully

2022-03-29 18:45:53 - [TEST_CASE][PASSED] - Test Cases/0.1-Login: Test Cases/0.1-Login

2022-03-29 18:45:53 - [TEST_STEP][PASSED] - openBrowser(""): Browser is opened with url: ''

2022-03-29 18:45:53 - [MESSAGE][INFO] - Starting 'Chrome' driver

2022-03-29 18:45:53 - [MESSAGE][INFO] - Action delay is set to 50 milliseconds

2022-03-29 18:45:54 - [MESSAGE][PASSED] - Browser is opened with url: ''

2022-03-29 18:45:54 - [TEST_STEP][PASSED] - maximizeWindow(): Current window maximized

2022-03-29 18:45:54 - [MESSAGE][PASSED] - Current window maximized

2022-03-29 18:45:54 - [TEST_STEP][PASSED] - i = G_Login: null

2022-03-29 18:45:54 - [TEST_STEP][PASSED] - url = new java.net.URL(i): null

2022-03-29 18:45:54 - [TEST_STEP][PASSED] - println("URL: " + url.toString()): null

2022-03-29 18:45:54 - [TEST_STEP][PASSED] - connection = url.openConnection(): null

2022-03-29 18:45:54 - [TEST_STEP][PASSED] - connection.setRequestMethod("GET"): null

2022-03-29 18:45:54 - [TEST_STEP][PASSED] - connection.setReadTimeout(2 * 1000): null

2022-03-29 18:45:54 - [TEST_STEP][PASSED] - try: null

2022-03-29 18:45:54 - [TEST_STEP][PASSED] - connection.connect(): null

2022-03-29 18:45:54 - [TEST_STEP][PASSED] - flag = connected: null

2022-03-29 18:45:54 - [TEST_STEP][PASSED] - println("Valor_ori: " + flag): null

2022-03-29 18:45:54 - [TEST_STEP][PASSED] - if (flag): null

2022-03-29 18:45:54 - [TEST_STEP][PASSED] - navigateToUrl(i): Navigate to 'http://192.168.2.19:8380/saraweb' successfully

2022-03-29 18:45:55 - [MESSAGE][PASSED] - Navigate to 'http://192.168.2.19:8380/saraweb' successfully

2022-03-29 18:45:55 - [TEST_STEP][PASSED] - a(): null

2022-03-29 18:45:55 - [TEST_STEP][PASSED] - setText(findTestObject("Login/input_USUARIO_loginusuario"), G_Usuario): Text 'saraadmin' is set on object 'Object Repository/Login/input_USUARIO_loginusuario'

2022-03-29 18:45:56 - [MESSAGE][PASSED] - Text 'saraadmin' is set on object 'Object Repository/Login/input_USUARIO_loginusuario'

2022-03-29 18:45:56 - [TEST_STEP][PASSED] - setEncryptedText(findTestObject("Login/input_CLAVE_loginpassword"), "MkG4/TYiCFC3cb2driP7+Q=="): Text ****** has been set on object 'Object Repository/Login/input_CLAVE_loginpassword'

2022-03-29 18:45:56 - [MESSAGE][PASSED] - Text ****** has been set on object 'Object Repository/Login/input_CLAVE_loginpassword'

2022-03-29 18:45:56 - [TEST_STEP][PASSED] - waitForElementClickable(findTestObject("Login/a_Ingresar"), G_TimeOut): Object 'Object Repository/Login/a_Ingresar' is clickable

2022-03-29 18:45:57 - [MESSAGE][PASSED] - Object 'Object Repository/Login/a_Ingresar' is clickable

2022-03-29 18:45:57 - [TEST_STEP][PASSED] - click(findTestObject("Login/a_Ingresar")): Object: 'Object Repository/Login/a_Ingresar' is clicked on

2022-03-29 18:45:58 - [MESSAGE][PASSED] - Object: 'Object Repository/Login/a_Ingresar' is clicked on

2022-03-29 18:45:58 - [TEST_STEP][PASSED] - element = findWebElement(findTestObject("Login/a_Ir"), 30): null

2022-03-29 18:45:58 - [TEST_STEP][PASSED] - executeJavaScript("arguments[0].click()", Arrays.asList(element)): Execute JavaScript 'arguments[0].click()' successfully

2022-03-29 18:45:58 - [MESSAGE][PASSED] - Execute JavaScript 'arguments[0].click()' successfully

2022-03-29 18:45:58 - [MESSAGE][PASSED] - Call Test Case 'Test Cases/0.1-Login' successfully

2022-03-29 18:45:58 - [TEST_STEP][PASSED] - waitForElementClickable(findTestObject("M-OBJECTS TAREAS SECUNDARIAS/Pruebas Hoja de Vida/Notificar_Novedades_Hoja_Vida/input_ADMINISTRADOR DEL SISTEMA - SARA_form_templatej_idt24_input"), 0): Object 'Object Repository/M-OBJECTS TAREAS SECUNDARIAS/Pruebas Hoja de Vida/Notificar_Novedades_Hoja_Vida/input_ADMINISTRADOR DEL SISTEMA - SARA_form_templatej_idt24_input' is clickable

2022-03-29 18:45:58 - [MESSAGE][WARNING] - Timeout '0' is invalid. Using default page load timeout: '45'

2022-03-29 18:45:59 - [MESSAGE][PASSED] - Object 'Object Repository/M-OBJECTS TAREAS SECUNDARIAS/Pruebas Hoja de Vida/Notificar_Novedades_Hoja_Vida/input_ADMINISTRADOR DEL SISTEMA - SARA_form_templatej_idt24_input' is clickable

2022-03-29 18:45:59 - [TEST_STEP][PASSED] - setText(findTestObject("M-OBJECTS TAREAS SECUNDARIAS/Pruebas Hoja de Vida/Notificar_Novedades_Hoja_Vida/input_ADMINISTRADOR DEL SISTEMA - SARA_form_templatej_idt24_input"), "Listado Hojas de Vida (hoj)"): Text 'Listado Hojas de Vida (hoj)' is set on object 'Object Repository/M-OBJECTS TAREAS SECUNDARIAS/Pruebas Hoja de Vida/Notificar_Novedades_Hoja_Vida/input_ADMINISTRADOR DEL SISTEMA - SARA_form_templatej_idt24_input'

2022-03-29 18:46:00 - [MESSAGE][PASSED] - Text 'Listado Hojas de Vida (hoj)' is set on object 'Object Repository/M-OBJECTS TAREAS SECUNDARIAS/Pruebas Hoja de Vida/Notificar_Novedades_Hoja_Vida/input_ADMINISTRADOR DEL SISTEMA - SARA_form_templatej_idt24_input'

2022-03-29 18:46:00 - [TEST_STEP][PASSED] - waitForElementVisible(findTestObject("M-OBJECTS TAREAS SECUNDARIAS/Pruebas Hoja de Vida/Notificar_Novedades_Hoja_Vida/span_Listado Hojas de Vida (hoj)"), 0): Object 'Object Repository/M-OBJECTS TAREAS SECUNDARIAS/Pruebas Hoja de Vida/Notificar_Novedades_Hoja_Vida/span_Listado Hojas de Vida (hoj)' is visible

2022-03-29 18:46:00 - [MESSAGE][WARNING] - Timeout '0' is invalid. Using default page load timeout: '45'

2022-03-29 18:46:01 - [MESSAGE][PASSED] - Object 'Object Repository/M-OBJECTS TAREAS SECUNDARIAS/Pruebas Hoja de Vida/Notificar_Novedades_Hoja_Vida/span_Listado Hojas de Vida (hoj)' is visible

2022-03-29 18:46:01 - [TEST_STEP][PASSED] - click(findTestObject("M-OBJECTS TAREAS SECUNDARIAS/Pruebas Hoja de Vida/Notificar_Novedades_Hoja_Vida/span_Listado Hojas de Vida (hoj)")): Object: 'Object Repository/M-OBJECTS TAREAS SECUNDARIAS/Pruebas Hoja de Vida/Notificar_Novedades_Hoja_Vida/span_Listado Hojas de Vida (hoj)' is clicked on

2022-03-29 18:46:01 - [MESSAGE][PASSED] - Object: 'Object Repository/M-OBJECTS TAREAS SECUNDARIAS/Pruebas Hoja de Vida/Notificar_Novedades_Hoja_Vida/span_Listado Hojas de Vida (hoj)' is clicked on

2022-03-29 18:46:01 - [TEST_STEP][PASSED] - setText(findTestObject("M-OBJECTS TAREAS SECUNDARIAS/Pruebas Hoja de Vida/Notificar_Novedades_Hoja_Vida/input_Identificacin_listado_hojaVidaj_idt63"), "354968431354"): Text '354968431354' is set on object 'Object Repository/M-OBJECTS TAREAS SECUNDARIAS/Pruebas Hoja de Vida/Notificar_Novedades_Hoja_Vida/input_Identificacin_listado_hojaVidaj_idt63'

2022-03-29 18:46:03 - [MESSAGE][PASSED] - Text '354968431354' is set on object 'Object Repository/M-OBJECTS TAREAS SECUNDARIAS/Pruebas Hoja de Vida/Notificar_Novedades_Hoja_Vida/input_Identificacin_listado_hojaVidaj_idt63'

2022-03-29 18:46:03 - [TEST_STEP][PASSED] - sendKeys(findTestObject("M-OBJECTS TAREAS SECUNDARIAS/Pruebas Hoja de Vida/Notificar_Novedades_Hoja_Vida/input_Identificacin_listado_hojaVidaj_idt63"), Keys.chord(ENTER)): Keys 'ENTER + ' sent to object: 'Object Repository/M-OBJECTS TAREAS SECUNDARIAS/Pruebas Hoja de Vida/Notificar_Novedades_Hoja_Vida/input_Identificacin_listado_hojaVidaj_idt63'

2022-03-29 18:46:03 - [MESSAGE][PASSED] - Keys 'ENTER + ' sent to object: 'Object Repository/M-OBJECTS TAREAS SECUNDARIAS/Pruebas Hoja de Vida/Notificar_Novedades_Hoja_Vida/input_Identificacin_listado_hojaVidaj_idt63'

2022-03-29 18:46:03 - [TEST_STEP][PASSED] - click(findTestObject("M-OBJECTS TAREAS SECUNDARIAS/Pruebas Hoja de Vida/Notificar_Novedades_Hoja_Vida/td_354968431354")): Object: 'Object Repository/M-OBJECTS TAREAS SECUNDARIAS/Pruebas Hoja de Vida/Notificar_Novedades_Hoja_Vida/td_354968431354' is clicked on

2022-03-29 18:46:04 - [MESSAGE][PASSED] - Object: 'Object Repository/M-OBJECTS TAREAS SECUNDARIAS/Pruebas Hoja de Vida/Notificar_Novedades_Hoja_Vida/td_354968431354' is clicked on

2022-03-29 18:46:04 - [TEST_STEP][PASSED] - FechaG = getText(findTestObject("M-OBJECTS TAREAS SECUNDARIAS/Pruebas Hoja de Vida/Notificar_Novedades_Hoja_Vida/input_Fecha Expedicin_hojaVidaseccionj_idt2106fecha_input"), STOP_ON_FAILURE): Text of object 'Object Repository/M-OBJECTS TAREAS SECUNDARIAS/Pruebas Hoja de Vida/Notificar_Novedades_Hoja_Vida/input_Fecha Expedicin_hojaVidaseccionj_idt2106fecha_input' is: ''

2022-03-29 18:46:05 - [MESSAGE][PASSED] - Text of object 'Object Repository/M-OBJECTS TAREAS SECUNDARIAS/Pruebas Hoja de Vida/Notificar_Novedades_Hoja_Vida/input_Fecha Expedicin_hojaVidaseccionj_idt2106fecha_input' is: ''

2022-03-29 18:46:05 - [TEST_STEP][PASSED] - if (Fecha == FechaG): null

2022-03-29 18:46:05 - [TEST_STEP][PASSED] - setText(findTestObject("M-OBJECTS TAREAS SECUNDARIAS/Pruebas Hoja de Vida/Notificar_Novedades_Hoja_Vida/input_Fecha Expedicin_hojaVidaseccionj_idt2106fecha_input"), Fecha): Text '29/03/2002' is set on object 'Object Repository/M-OBJECTS TAREAS SECUNDARIAS/Pruebas Hoja de Vida/Notificar_Novedades_Hoja_Vida/input_Fecha Expedicin_hojaVidaseccionj_idt2106fecha_input'

2022-03-29 18:46:06 - [MESSAGE][PASSED] - Text '29/03/2002' is set on object 'Object Repository/M-OBJECTS TAREAS SECUNDARIAS/Pruebas Hoja de Vida/Notificar_Novedades_Hoja_Vida/input_Fecha Expedicin_hojaVidaseccionj_idt2106fecha_input'

2022-03-29 18:46:06 - [TEST_STEP][PASSED] - click(findTestObject("M-OBJECTS TAREAS SECUNDARIAS/Pruebas Hoja de Vida/Notificar_Novedades_Hoja_Vida/a_Guardar")): Object: 'Object Repository/M-OBJECTS TAREAS SECUNDARIAS/Pruebas Hoja de Vida/Notificar_Novedades_Hoja_Vida/a_Guardar' is clicked on

2022-03-29 18:46:07 - [MESSAGE][PASSED] - Object: 'Object Repository/M-OBJECTS TAREAS SECUNDARIAS/Pruebas Hoja de Vida/Notificar_Novedades_Hoja_Vida/a_Guardar' is clicked on

2022-03-29 18:46:07 - [TEST_STEP][PASSED] - if (waitForElementVisible(findTestObject("M-OBJECTS TAREAS SECUNDARIAS/Pruebas Hoja de Vida/Notificar_Novedades_Hoja_Vida/div_INFONo hay cambios que guardar"), 1)): Web element with id: 'Object Repository/M-OBJECTS TAREAS SECUNDARIAS/Pruebas Hoja de Vida/Notificar_Novedades_Hoja_Vida/div_INFONo hay cambios que guardar' located by '//div[(text() = 'INFO:No hay cambios que guardar' or . = 'INFO:No hay cambios que guardar')]' not found

2022-03-29 18:46:09 - [MESSAGE][INFO] - Unable to find the element located by 'By.xpath: //div[(text() = 'INFO:No hay cambios que guardar' or . = 'INFO:No hay cambios que guardar')]'. Please recheck the objects properties to make sure the desired element is located. 

2022-03-29 18:46:09 - [MESSAGE][WARNING] - Web element with id: 'Object Repository/M-OBJECTS TAREAS SECUNDARIAS/Pruebas Hoja de Vida/Notificar_Novedades_Hoja_Vida/div_INFONo hay cambios que guardar' located by '//div[(text() = 'INFO:No hay cambios que guardar' or . = 'INFO:No hay cambios que guardar')]' not found

2022-03-29 18:46:09 - [TEST_STEP][PASSED] - click(findTestObject("M-OBJECTS TAREAS SECUNDARIAS/Pruebas Hoja de Vida/Notificar_Novedades_Hoja_Vida/a_Aceptar")): Object: 'Object Repository/M-OBJECTS TAREAS SECUNDARIAS/Pruebas Hoja de Vida/Notificar_Novedades_Hoja_Vida/a_Aceptar' is clicked on

2022-03-29 18:46:10 - [MESSAGE][PASSED] - Object: 'Object Repository/M-OBJECTS TAREAS SECUNDARIAS/Pruebas Hoja de Vida/Notificar_Novedades_Hoja_Vida/a_Aceptar' is clicked on

2022-03-29 18:46:10 - [TEST_STEP][PASSED] - closeBrowser(): Browser is closed

2022-03-29 18:46:11 - [MESSAGE][PASSED] - Browser is closed]]></system-out>
         <system-err><![CDATA[]]></system-err>
      </testcase>
      <testcase name="Test Cases/1.2-Tareas_Secundarias/3.1-Pruebas_Bienestar/3.1.1-Crear_un_Evento" time="11.459" classname="Test Cases/1.2-Tareas_Secundarias/3.1-Pruebas_Bienestar/3.1.1-Crear_un_Evento" status="FAILED">
         <failure type="FAILED" message="Test Cases/1.2-Tareas_Secundarias/3.1-Pruebas_Bienestar/3.1.1-Crear_un_Evento FAILED.
Reason:
com.kms.katalon.core.exception.StepFailedException: Unable to click on object
	at com.kms.katalon.core.webui.keyword.internal.WebUIKeywordMain.stepFailed(WebUIKeywordMain.groovy:64)
	at com.kms.katalon.core.webui.keyword.internal.WebUIKeywordMain.runKeyword(WebUIKeywordMain.groovy:26)
	at com.kms.katalon.core.webui.keyword.builtin.ClickKeyword.click(ClickKeyword.groovy:74)
	at com.kms.katalon.core.webui.keyword.builtin.ClickKeyword.execute(ClickKeyword.groovy:40)
	at com.kms.katalon.core.keyword.internal.KeywordExecutor.executeKeywordForPlatform(KeywordExecutor.groovy:74)
	at com.kms.katalon.core.webui.keyword.WebUiBuiltInKeywords.click(WebUiBuiltInKeywords.groovy:620)
	at com.kms.katalon.core.webui.keyword.WebUiBuiltInKeywords$click$5.call(Unknown Source)
	at 3.1.1-Crear_un_Evento.run(3.1.1-Crear_un_Evento:72)
	at com.kms.katalon.core.main.ScriptEngine.run(ScriptEngine.java:194)
	at com.kms.katalon.core.main.ScriptEngine.runScriptAsRawText(ScriptEngine.java:119)
	at com.kms.katalon.core.main.TestCaseExecutor.runScript(TestCaseExecutor.java:442)
	at com.kms.katalon.core.main.TestCaseExecutor.doExecute(TestCaseExecutor.java:433)
	at com.kms.katalon.core.main.TestCaseExecutor.processExecutionPhase(TestCaseExecutor.java:412)
	at com.kms.katalon.core.main.TestCaseExecutor.accessMainPhase(TestCaseExecutor.java:404)
	at com.kms.katalon.core.main.TestCaseExecutor.execute(TestCaseExecutor.java:281)
	at com.kms.katalon.core.main.TestSuiteExecutor.accessTestCaseMainPhase(TestSuiteExecutor.java:202)
	at com.kms.katalon.core.main.TestSuiteExecutor.accessTestSuiteMainPhase(TestSuiteExecutor.java:164)
	at com.kms.katalon.core.main.TestSuiteExecutor.execute(TestSuiteExecutor.java:105)
	at com.kms.katalon.core.main.TestCaseMain.startTestSuite(TestCaseMain.java:185)
	at com.kms.katalon.core.main.TestCaseMain$startTestSuite$0.call(Unknown Source)
	at TempTestSuite1648594435047.run(TempTestSuite1648594435047.groovy:36)
Caused by: java.lang.IllegalArgumentException: Object is null
	at com.kms.katalon.core.helper.KeywordHelper.checkTestObjectParameter(KeywordHelper.java:33)
	at com.kms.katalon.core.webui.keyword.builtin.ClickKeyword$_click_closure1.doCall(ClickKeyword.groovy:62)
	at com.kms.katalon.core.webui.keyword.builtin.ClickKeyword$_click_closure1.call(ClickKeyword.groovy)
	at com.kms.katalon.core.webui.keyword.internal.WebUIKeywordMain.runKeyword(WebUIKeywordMain.groovy:20)
	... 19 more
"/>
         <system-out><![CDATA[2022-03-29 18:46:11 - [TEST_CASE][FAILED] - Test Cases/1.2-Tareas_Secundarias/3.1-Pruebas_Bienestar/3.1.1-Crear_un_Evento: Test Cases/1.2-Tareas_Secundarias/3.1-Pruebas_Bienestar/3.1.1-Crear_un_Evento FAILED.
Reason:
com.kms.katalon.core.exception.StepFailedException: Unable to click on object
	at com.kms.katalon.core.webui.keyword.internal.WebUIKeywordMain.stepFailed(WebUIKeywordMain.groovy:64)
	at com.kms.katalon.core.webui.keyword.internal.WebUIKeywordMain.runKeyword(WebUIKeywordMain.groovy:26)
	at com.kms.katalon.core.webui.keyword.builtin.ClickKeyword.click(ClickKeyword.groovy:74)
	at com.kms.katalon.core.webui.keyword.builtin.ClickKeyword.execute(ClickKeyword.groovy:40)
	at com.kms.katalon.core.keyword.internal.KeywordExecutor.executeKeywordForPlatform(KeywordExecutor.groovy:74)
	at com.kms.katalon.core.webui.keyword.WebUiBuiltInKeywords.click(WebUiBuiltInKeywords.groovy:620)
	at com.kms.katalon.core.webui.keyword.WebUiBuiltInKeywords$click$5.call(Unknown Source)
	at 3.1.1-Crear_un_Evento.run(3.1.1-Crear_un_Evento:72)
	at com.kms.katalon.core.main.ScriptEngine.run(ScriptEngine.java:194)
	at com.kms.katalon.core.main.ScriptEngine.runScriptAsRawText(ScriptEngine.java:119)
	at com.kms.katalon.core.main.TestCaseExecutor.runScript(TestCaseExecutor.java:442)
	at com.kms.katalon.core.main.TestCaseExecutor.doExecute(TestCaseExecutor.java:433)
	at com.kms.katalon.core.main.TestCaseExecutor.processExecutionPhase(TestCaseExecutor.java:412)
	at com.kms.katalon.core.main.TestCaseExecutor.accessMainPhase(TestCaseExecutor.java:404)
	at com.kms.katalon.core.main.TestCaseExecutor.execute(TestCaseExecutor.java:281)
	at com.kms.katalon.core.main.TestSuiteExecutor.accessTestCaseMainPhase(TestSuiteExecutor.java:202)
	at com.kms.katalon.core.main.TestSuiteExecutor.accessTestSuiteMainPhase(TestSuiteExecutor.java:164)
	at com.kms.katalon.core.main.TestSuiteExecutor.execute(TestSuiteExecutor.java:105)
	at com.kms.katalon.core.main.TestCaseMain.startTestSuite(TestCaseMain.java:185)
	at com.kms.katalon.core.main.TestCaseMain$startTestSuite$0.call(Unknown Source)
	at TempTestSuite1648594435047.run(TempTestSuite1648594435047.groovy:36)
Caused by: java.lang.IllegalArgumentException: Object is null
	at com.kms.katalon.core.helper.KeywordHelper.checkTestObjectParameter(KeywordHelper.java:33)
	at com.kms.katalon.core.webui.keyword.builtin.ClickKeyword$_click_closure1.doCall(ClickKeyword.groovy:62)
	at com.kms.katalon.core.webui.keyword.builtin.ClickKeyword$_click_closure1.call(ClickKeyword.groovy)
	at com.kms.katalon.core.webui.keyword.internal.WebUIKeywordMain.runKeyword(WebUIKeywordMain.groovy:20)
	... 19 more


2022-03-29 18:46:11 - [TEST_STEP][PASSED] - today = new java.util.Date(): null

2022-03-29 18:46:11 - [TEST_STEP][PASSED] - Dia = today.format("dd"): null

2022-03-29 18:46:11 - [TEST_STEP][PASSED] - Mes = today.format("MM"): null

2022-03-29 18:46:11 - [TEST_STEP][PASSED] - MesN = today.format("MM"): null

2022-03-29 18:46:11 - [TEST_STEP][PASSED] - Año = today.format("yyyy"): null

2022-03-29 18:46:11 - [TEST_STEP][PASSED] - AñoN = today.format("yyyy"): null

2022-03-29 18:46:11 - [TEST_STEP][PASSED] - sumaD = Dia + 10: null

2022-03-29 18:46:11 - [TEST_STEP][PASSED] - sumaM = Mes + 1: null

2022-03-29 18:46:11 - [TEST_STEP][PASSED] - sumaA = Año + 1: null

2022-03-29 18:46:11 - [TEST_STEP][PASSED] - if (sumaD > 30): null

2022-03-29 18:46:11 - [TEST_STEP][PASSED] - sumaD = sumaD - Dia: null

2022-03-29 18:46:11 - [TEST_STEP][PASSED] - Mes = sumaM: null

2022-03-29 18:46:11 - [TEST_STEP][PASSED] - if (sumaM > 12): null

2022-03-29 18:46:11 - [TEST_STEP][PASSED] - FechaI = Dia + "/" + MesN + "/" + AñoN: null

2022-03-29 18:46:11 - [TEST_STEP][PASSED] - FechaF = sumaD + "/" + Mes + "/" + Año: null

2022-03-29 18:46:11 - [TEST_STEP][PASSED] - callTestCase(findTestCase("Utilidades-(atajos_para _tareas)/Modulos/Modulo bienestar-eventos"), [:], STOP_ON_FAILURE): Call Test Case 'Test Cases/Utilidades-(atajos_para _tareas)/Modulos/Modulo bienestar-eventos' successfully

2022-03-29 18:46:11 - [TEST_CASE][PASSED] - Test Cases/Utilidades-(atajos_para _tareas)/Modulos/Modulo bienestar-eventos: Test Cases/Utilidades-(atajos_para _tareas)/Modulos/Modulo bienestar-eventos

2022-03-29 18:46:12 - [TEST_STEP][PASSED] - callTestCase(findTestCase("0.1-Login"), [:], STOP_ON_FAILURE): Call Test Case 'Test Cases/0.1-Login' successfully

2022-03-29 18:46:12 - [TEST_CASE][PASSED] - Test Cases/0.1-Login: Test Cases/0.1-Login

2022-03-29 18:46:12 - [TEST_STEP][PASSED] - openBrowser(""): Browser is opened with url: ''

2022-03-29 18:46:12 - [MESSAGE][INFO] - Starting 'Chrome' driver

2022-03-29 18:46:12 - [MESSAGE][INFO] - Action delay is set to 50 milliseconds

2022-03-29 18:46:13 - [MESSAGE][PASSED] - Browser is opened with url: ''

2022-03-29 18:46:13 - [TEST_STEP][PASSED] - maximizeWindow(): Current window maximized

2022-03-29 18:46:13 - [MESSAGE][PASSED] - Current window maximized

2022-03-29 18:46:13 - [TEST_STEP][PASSED] - i = G_Login: null

2022-03-29 18:46:13 - [TEST_STEP][PASSED] - url = new java.net.URL(i): null

2022-03-29 18:46:13 - [TEST_STEP][PASSED] - println("URL: " + url.toString()): null

2022-03-29 18:46:13 - [TEST_STEP][PASSED] - connection = url.openConnection(): null

2022-03-29 18:46:13 - [TEST_STEP][PASSED] - connection.setRequestMethod("GET"): null

2022-03-29 18:46:13 - [TEST_STEP][PASSED] - connection.setReadTimeout(2 * 1000): null

2022-03-29 18:46:13 - [TEST_STEP][PASSED] - try: null

2022-03-29 18:46:13 - [TEST_STEP][PASSED] - connection.connect(): null

2022-03-29 18:46:13 - [TEST_STEP][PASSED] - flag = connected: null

2022-03-29 18:46:13 - [TEST_STEP][PASSED] - println("Valor_ori: " + flag): null

2022-03-29 18:46:13 - [TEST_STEP][PASSED] - if (flag): null

2022-03-29 18:46:13 - [TEST_STEP][PASSED] - navigateToUrl(i): Navigate to 'http://192.168.2.19:8380/saraweb' successfully

2022-03-29 18:46:13 - [MESSAGE][PASSED] - Navigate to 'http://192.168.2.19:8380/saraweb' successfully

2022-03-29 18:46:13 - [TEST_STEP][PASSED] - a(): null

2022-03-29 18:46:13 - [TEST_STEP][PASSED] - setText(findTestObject("Login/input_USUARIO_loginusuario"), G_Usuario): Text 'saraadmin' is set on object 'Object Repository/Login/input_USUARIO_loginusuario'

2022-03-29 18:46:14 - [MESSAGE][PASSED] - Text 'saraadmin' is set on object 'Object Repository/Login/input_USUARIO_loginusuario'

2022-03-29 18:46:14 - [TEST_STEP][PASSED] - setEncryptedText(findTestObject("Login/input_CLAVE_loginpassword"), "MkG4/TYiCFC3cb2driP7+Q=="): Text ****** has been set on object 'Object Repository/Login/input_CLAVE_loginpassword'

2022-03-29 18:46:15 - [MESSAGE][PASSED] - Text ****** has been set on object 'Object Repository/Login/input_CLAVE_loginpassword'

2022-03-29 18:46:15 - [TEST_STEP][PASSED] - waitForElementClickable(findTestObject("Login/a_Ingresar"), G_TimeOut): Object 'Object Repository/Login/a_Ingresar' is clickable

2022-03-29 18:46:15 - [MESSAGE][PASSED] - Object 'Object Repository/Login/a_Ingresar' is clickable

2022-03-29 18:46:15 - [TEST_STEP][PASSED] - click(findTestObject("Login/a_Ingresar")): Object: 'Object Repository/Login/a_Ingresar' is clicked on

2022-03-29 18:46:17 - [MESSAGE][PASSED] - Object: 'Object Repository/Login/a_Ingresar' is clicked on

2022-03-29 18:46:17 - [TEST_STEP][PASSED] - element = findWebElement(findTestObject("Login/a_Ir"), 30): null

2022-03-29 18:46:17 - [TEST_STEP][PASSED] - executeJavaScript("arguments[0].click()", Arrays.asList(element)): Execute JavaScript 'arguments[0].click()' successfully

2022-03-29 18:46:17 - [MESSAGE][PASSED] - Execute JavaScript 'arguments[0].click()' successfully

2022-03-29 18:46:17 - [MESSAGE][PASSED] - Call Test Case 'Test Cases/0.1-Login' successfully

2022-03-29 18:46:17 - [TEST_STEP][PASSED] - waitForElementClickable(findTestObject("Modulo bienestar-eventos/input_ADMINISTRADOR DEL SISTEMA"), 0): Object 'Object Repository/Modulo bienestar-eventos/input_ADMINISTRADOR DEL SISTEMA' is clickable

2022-03-29 18:46:17 - [MESSAGE][WARNING] - Timeout '0' is invalid. Using default page load timeout: '45'

2022-03-29 18:46:18 - [MESSAGE][PASSED] - Object 'Object Repository/Modulo bienestar-eventos/input_ADMINISTRADOR DEL SISTEMA' is clickable

2022-03-29 18:46:18 - [TEST_STEP][PASSED] - setText(findTestObject("Modulo bienestar-eventos/input_ADMINISTRADOR DEL SISTEMA"), "eventos (bie)"): Text 'eventos (bie)' is set on object 'Object Repository/Modulo bienestar-eventos/input_ADMINISTRADOR DEL SISTEMA'

2022-03-29 18:46:19 - [MESSAGE][PASSED] - Text 'eventos (bie)' is set on object 'Object Repository/Modulo bienestar-eventos/input_ADMINISTRADOR DEL SISTEMA'

2022-03-29 18:46:19 - [TEST_STEP][PASSED] - click(findTestObject("Modulo bienestar-eventos/span_Eventos (bie)")): Object: 'Object Repository/Modulo bienestar-eventos/span_Eventos (bie)' is clicked on

2022-03-29 18:46:20 - [MESSAGE][PASSED] - Object: 'Object Repository/Modulo bienestar-eventos/span_Eventos (bie)' is clicked on

2022-03-29 18:46:20 - [MESSAGE][PASSED] - Call Test Case 'Test Cases/Utilidades-(atajos_para _tareas)/Modulos/Modulo bienestar-eventos' successfully

2022-03-29 18:46:20 - [TEST_STEP][PASSED] - if (waitForElementClickable(findTestObject("M-OBJECTS TAREAS SECUNDARIAS/Pruebas Bienestar/Crear_un_Evento/td_Prueba-S"), 1)): null

2022-03-29 18:46:21 - [MESSAGE][PASSED] - Object 'Object Repository/M-OBJECTS TAREAS SECUNDARIAS/Pruebas Bienestar/Crear_un_Evento/td_Prueba-S' is clickable

2022-03-29 18:46:21 - [TEST_STEP][PASSED] - click(findTestObject("M-OBJECTS TAREAS SECUNDARIAS/Pruebas Bienestar/Crear_un_Evento/td_Prueba-S")): Object: 'Object Repository/M-OBJECTS TAREAS SECUNDARIAS/Pruebas Bienestar/Crear_un_Evento/td_Prueba-S' is clicked on

2022-03-29 18:46:22 - [MESSAGE][PASSED] - Object: 'Object Repository/M-OBJECTS TAREAS SECUNDARIAS/Pruebas Bienestar/Crear_un_Evento/td_Prueba-S' is clicked on

2022-03-29 18:46:22 - [TEST_STEP][FAILED] - click(findTestObject("M-OBJECTS TAREAS SECUNDARIAS/Pruebas Bienestar/Crear_un_Evento/a_CostoEvento")): Unable to click on object (Root cause: com.kms.katalon.core.exception.StepFailedException: Unable to click on object
	at com.kms.katalon.core.webui.keyword.internal.WebUIKeywordMain.stepFailed(WebUIKeywordMain.groovy:64)
	at com.kms.katalon.core.webui.keyword.internal.WebUIKeywordMain.runKeyword(WebUIKeywordMain.groovy:26)
	at com.kms.katalon.core.webui.keyword.builtin.ClickKeyword.click(ClickKeyword.groovy:74)
	at com.kms.katalon.core.webui.keyword.builtin.ClickKeyword.execute(ClickKeyword.groovy:40)
	at com.kms.katalon.core.keyword.internal.KeywordExecutor.executeKeywordForPlatform(KeywordExecutor.groovy:74)
	at com.kms.katalon.core.webui.keyword.WebUiBuiltInKeywords.click(WebUiBuiltInKeywords.groovy:620)
	at com.kms.katalon.core.webui.keyword.WebUiBuiltInKeywords$click$5.call(Unknown Source)
	at 3.1.1-Crear_un_Evento.run(3.1.1-Crear_un_Evento:72)
	at com.kms.katalon.core.main.ScriptEngine.run(ScriptEngine.java:194)
	at com.kms.katalon.core.main.ScriptEngine.runScriptAsRawText(ScriptEngine.java:119)
	at com.kms.katalon.core.main.TestCaseExecutor.runScript(TestCaseExecutor.java:442)
	at com.kms.katalon.core.main.TestCaseExecutor.doExecute(TestCaseExecutor.java:433)
	at com.kms.katalon.core.main.TestCaseExecutor.processExecutionPhase(TestCaseExecutor.java:412)
	at com.kms.katalon.core.main.TestCaseExecutor.accessMainPhase(TestCaseExecutor.java:404)
	at com.kms.katalon.core.main.TestCaseExecutor.execute(TestCaseExecutor.java:281)
	at com.kms.katalon.core.main.TestSuiteExecutor.accessTestCaseMainPhase(TestSuiteExecutor.java:202)
	at com.kms.katalon.core.main.TestSuiteExecutor.accessTestSuiteMainPhase(TestSuiteExecutor.java:164)
	at com.kms.katalon.core.main.TestSuiteExecutor.execute(TestSuiteExecutor.java:105)
	at com.kms.katalon.core.main.TestCaseMain.startTestSuite(TestCaseMain.java:185)
	at com.kms.katalon.core.main.TestCaseMain$startTestSuite$0.call(Unknown Source)
	at TempTestSuite1648594435047.run(TempTestSuite1648594435047.groovy:36)
Caused by: java.lang.IllegalArgumentException: Object is null
	at com.kms.katalon.core.helper.KeywordHelper.checkTestObjectParameter(KeywordHelper.java:33)
	at com.kms.katalon.core.webui.keyword.builtin.ClickKeyword$_click_closure1.doCall(ClickKeyword.groovy:62)
	at com.kms.katalon.core.webui.keyword.builtin.ClickKeyword$_click_closure1.call(ClickKeyword.groovy)
	at com.kms.katalon.core.webui.keyword.internal.WebUIKeywordMain.runKeyword(WebUIKeywordMain.groovy:20)
	at com.kms.katalon.core.webui.keyword.builtin.ClickKeyword.click(ClickKeyword.groovy:74)
	at com.kms.katalon.core.webui.keyword.builtin.ClickKeyword.execute(ClickKeyword.groovy:40)
	at com.kms.katalon.core.keyword.internal.KeywordExecutor.executeKeywordForPlatform(KeywordExecutor.groovy:74)
	at com.kms.katalon.core.webui.keyword.WebUiBuiltInKeywords.click(WebUiBuiltInKeywords.groovy:620)
	at com.kms.katalon.core.webui.keyword.WebUiBuiltInKeywords$click$5.call(Unknown Source)
	at Script1634761175061.run(Script1634761175061.groovy:72)
	... 13 more
)

2022-03-29 18:46:22 - [MESSAGE][WARNING] - Test object with id 'Object Repository/M-OBJECTS TAREAS SECUNDARIAS/Pruebas Bienestar/Crear_un_Evento/a_CostoEvento' does not exist

2022-03-29 18:46:22 - [MESSAGE][WARNING] - Test object with id 'Object Repository/' does not exist

2022-03-29 18:46:22 - [MESSAGE][FAILED] - Unable to click on object (Root cause: com.kms.katalon.core.exception.StepFailedException: Unable to click on object
	at com.kms.katalon.core.webui.keyword.internal.WebUIKeywordMain.stepFailed(WebUIKeywordMain.groovy:64)
	at com.kms.katalon.core.webui.keyword.internal.WebUIKeywordMain.runKeyword(WebUIKeywordMain.groovy:26)
	at com.kms.katalon.core.webui.keyword.builtin.ClickKeyword.click(ClickKeyword.groovy:74)
	at com.kms.katalon.core.webui.keyword.builtin.ClickKeyword.execute(ClickKeyword.groovy:40)
	at com.kms.katalon.core.keyword.internal.KeywordExecutor.executeKeywordForPlatform(KeywordExecutor.groovy:74)
	at com.kms.katalon.core.webui.keyword.WebUiBuiltInKeywords.click(WebUiBuiltInKeywords.groovy:620)
	at com.kms.katalon.core.webui.keyword.WebUiBuiltInKeywords$click$5.call(Unknown Source)
	at 3.1.1-Crear_un_Evento.run(3.1.1-Crear_un_Evento:72)
	at com.kms.katalon.core.main.ScriptEngine.run(ScriptEngine.java:194)
	at com.kms.katalon.core.main.ScriptEngine.runScriptAsRawText(ScriptEngine.java:119)
	at com.kms.katalon.core.main.TestCaseExecutor.runScript(TestCaseExecutor.java:442)
	at com.kms.katalon.core.main.TestCaseExecutor.doExecute(TestCaseExecutor.java:433)
	at com.kms.katalon.core.main.TestCaseExecutor.processExecutionPhase(TestCaseExecutor.java:412)
	at com.kms.katalon.core.main.TestCaseExecutor.accessMainPhase(TestCaseExecutor.java:404)
	at com.kms.katalon.core.main.TestCaseExecutor.execute(TestCaseExecutor.java:281)
	at com.kms.katalon.core.main.TestSuiteExecutor.accessTestCaseMainPhase(TestSuiteExecutor.java:202)
	at com.kms.katalon.core.main.TestSuiteExecutor.accessTestSuiteMainPhase(TestSuiteExecutor.java:164)
	at com.kms.katalon.core.main.TestSuiteExecutor.execute(TestSuiteExecutor.java:105)
	at com.kms.katalon.core.main.TestCaseMain.startTestSuite(TestCaseMain.java:185)
	at com.kms.katalon.core.main.TestCaseMain$startTestSuite$0.call(Unknown Source)
	at TempTestSuite1648594435047.run(TempTestSuite1648594435047.groovy:36)
Caused by: java.lang.IllegalArgumentException: Object is null
	at com.kms.katalon.core.helper.KeywordHelper.checkTestObjectParameter(KeywordHelper.java:33)
	at com.kms.katalon.core.webui.keyword.builtin.ClickKeyword$_click_closure1.doCall(ClickKeyword.groovy:62)
	at com.kms.katalon.core.webui.keyword.builtin.ClickKeyword$_click_closure1.call(ClickKeyword.groovy)
	at com.kms.katalon.core.webui.keyword.internal.WebUIKeywordMain.runKeyword(WebUIKeywordMain.groovy:20)
	at com.kms.katalon.core.webui.keyword.builtin.ClickKeyword.click(ClickKeyword.groovy:74)
	at com.kms.katalon.core.webui.keyword.builtin.ClickKeyword.execute(ClickKeyword.groovy:40)
	at com.kms.katalon.core.keyword.internal.KeywordExecutor.executeKeywordForPlatform(KeywordExecutor.groovy:74)
	at com.kms.katalon.core.webui.keyword.WebUiBuiltInKeywords.click(WebUiBuiltInKeywords.groovy:620)
	at com.kms.katalon.core.webui.keyword.WebUiBuiltInKeywords$click$5.call(Unknown Source)
	at Script1634761175061.run(Script1634761175061.groovy:72)
	... 13 more
)
[[ATTACHMENT|C:\\Users\\diego.rojas\\git\\Pruebas-Minimas\\Reports\\20220329_175344\\Test_Suite_Secundaria\\1-Tareas_secundarias\\20220329_175355\\1648597582404.png]]]]></system-out>
         <system-err><![CDATA[2022-03-29 18:46:11 - [TEST_CASE][FAILED] - Test Cases/1.2-Tareas_Secundarias/3.1-Pruebas_Bienestar/3.1.1-Crear_un_Evento: Test Cases/1.2-Tareas_Secundarias/3.1-Pruebas_Bienestar/3.1.1-Crear_un_Evento FAILED.
Reason:
com.kms.katalon.core.exception.StepFailedException: Unable to click on object
	at com.kms.katalon.core.webui.keyword.internal.WebUIKeywordMain.stepFailed(WebUIKeywordMain.groovy:64)
	at com.kms.katalon.core.webui.keyword.internal.WebUIKeywordMain.runKeyword(WebUIKeywordMain.groovy:26)
	at com.kms.katalon.core.webui.keyword.builtin.ClickKeyword.click(ClickKeyword.groovy:74)
	at com.kms.katalon.core.webui.keyword.builtin.ClickKeyword.execute(ClickKeyword.groovy:40)
	at com.kms.katalon.core.keyword.internal.KeywordExecutor.executeKeywordForPlatform(KeywordExecutor.groovy:74)
	at com.kms.katalon.core.webui.keyword.WebUiBuiltInKeywords.click(WebUiBuiltInKeywords.groovy:620)
	at com.kms.katalon.core.webui.keyword.WebUiBuiltInKeywords$click$5.call(Unknown Source)
	at 3.1.1-Crear_un_Evento.run(3.1.1-Crear_un_Evento:72)
	at com.kms.katalon.core.main.ScriptEngine.run(ScriptEngine.java:194)
	at com.kms.katalon.core.main.ScriptEngine.runScriptAsRawText(ScriptEngine.java:119)
	at com.kms.katalon.core.main.TestCaseExecutor.runScript(TestCaseExecutor.java:442)
	at com.kms.katalon.core.main.TestCaseExecutor.doExecute(TestCaseExecutor.java:433)
	at com.kms.katalon.core.main.TestCaseExecutor.processExecutionPhase(TestCaseExecutor.java:412)
	at com.kms.katalon.core.main.TestCaseExecutor.accessMainPhase(TestCaseExecutor.java:404)
	at com.kms.katalon.core.main.TestCaseExecutor.execute(TestCaseExecutor.java:281)
	at com.kms.katalon.core.main.TestSuiteExecutor.accessTestCaseMainPhase(TestSuiteExecutor.java:202)
	at com.kms.katalon.core.main.TestSuiteExecutor.accessTestSuiteMainPhase(TestSuiteExecutor.java:164)
	at com.kms.katalon.core.main.TestSuiteExecutor.execute(TestSuiteExecutor.java:105)
	at com.kms.katalon.core.main.TestCaseMain.startTestSuite(TestCaseMain.java:185)
	at com.kms.katalon.core.main.TestCaseMain$startTestSuite$0.call(Unknown Source)
	at TempTestSuite1648594435047.run(TempTestSuite1648594435047.groovy:36)
Caused by: java.lang.IllegalArgumentException: Object is null
	at com.kms.katalon.core.helper.KeywordHelper.checkTestObjectParameter(KeywordHelper.java:33)
	at com.kms.katalon.core.webui.keyword.builtin.ClickKeyword$_click_closure1.doCall(ClickKeyword.groovy:62)
	at com.kms.katalon.core.webui.keyword.builtin.ClickKeyword$_click_closure1.call(ClickKeyword.groovy)
	at com.kms.katalon.core.webui.keyword.internal.WebUIKeywordMain.runKeyword(WebUIKeywordMain.groovy:20)
	... 19 more]]></system-err>
      </testcase>
      <testcase name="Test Cases/1.2-Tareas_Secundarias/3.1-Pruebas_Bienestar/3.1.2-Ingresar_instructores" time="15.626" classname="Test Cases/1.2-Tareas_Secundarias/3.1-Pruebas_Bienestar/3.1.2-Ingresar_instructores" status="FAILED">
         <failure type="FAILED" message="Test Cases/1.2-Tareas_Secundarias/3.1-Pruebas_Bienestar/3.1.2-Ingresar_instructores FAILED.
Reason:
com.kms.katalon.core.exception.StepFailedException: Unable to select option by index
	at com.kms.katalon.core.webui.keyword.internal.WebUIKeywordMain.stepFailed(WebUIKeywordMain.groovy:64)
	at com.kms.katalon.core.webui.keyword.internal.WebUIKeywordMain.runKeyword(WebUIKeywordMain.groovy:26)
	at com.kms.katalon.core.webui.keyword.builtin.SelectOptionByIndexKeyword.selectOptionByIndex(SelectOptionByIndexKeyword.groovy:93)
	at com.kms.katalon.core.webui.keyword.builtin.SelectOptionByIndexKeyword.execute(SelectOptionByIndexKeyword.groovy:68)
	at com.kms.katalon.core.keyword.internal.KeywordExecutor.executeKeywordForPlatform(KeywordExecutor.groovy:74)
	at com.kms.katalon.core.webui.keyword.WebUiBuiltInKeywords.selectOptionByIndex(WebUiBuiltInKeywords.groovy:1133)
	at com.kms.katalon.core.webui.keyword.WebUiBuiltInKeywords$selectOptionByIndex$10.call(Unknown Source)
	at 3.1.2-Ingresar_instructores.run(3.1.2-Ingresar_instructores:34)
	at com.kms.katalon.core.main.ScriptEngine.run(ScriptEngine.java:194)
	at com.kms.katalon.core.main.ScriptEngine.runScriptAsRawText(ScriptEngine.java:119)
	at com.kms.katalon.core.main.TestCaseExecutor.runScript(TestCaseExecutor.java:442)
	at com.kms.katalon.core.main.TestCaseExecutor.doExecute(TestCaseExecutor.java:433)
	at com.kms.katalon.core.main.TestCaseExecutor.processExecutionPhase(TestCaseExecutor.java:412)
	at com.kms.katalon.core.main.TestCaseExecutor.accessMainPhase(TestCaseExecutor.java:404)
	at com.kms.katalon.core.main.TestCaseExecutor.execute(TestCaseExecutor.java:281)
	at com.kms.katalon.core.main.TestSuiteExecutor.accessTestCaseMainPhase(TestSuiteExecutor.java:202)
	at com.kms.katalon.core.main.TestSuiteExecutor.accessTestSuiteMainPhase(TestSuiteExecutor.java:164)
	at com.kms.katalon.core.main.TestSuiteExecutor.execute(TestSuiteExecutor.java:105)
	at com.kms.katalon.core.main.TestCaseMain.startTestSuite(TestCaseMain.java:185)
	at com.kms.katalon.core.main.TestCaseMain$startTestSuite$0.call(Unknown Source)
	at TempTestSuite1648594435047.run(TempTestSuite1648594435047.groovy:36)
Caused by: java.lang.IllegalArgumentException: Object is null
	at com.kms.katalon.core.helper.KeywordHelper.checkTestObjectParameter(KeywordHelper.java:33)
	at com.kms.katalon.core.webui.keyword.builtin.SelectOptionByIndexKeyword$_selectOptionByIndex_closure1.doCall(SelectOptionByIndexKeyword.groovy:76)
	at com.kms.katalon.core.webui.keyword.builtin.SelectOptionByIndexKeyword$_selectOptionByIndex_closure1.call(SelectOptionByIndexKeyword.groovy)
	at com.kms.katalon.core.webui.keyword.internal.WebUIKeywordMain.runKeyword(WebUIKeywordMain.groovy:20)
	... 19 more
"/>
         <system-out><![CDATA[2022-03-29 18:46:22 - [TEST_CASE][FAILED] - Test Cases/1.2-Tareas_Secundarias/3.1-Pruebas_Bienestar/3.1.2-Ingresar_instructores: Test Cases/1.2-Tareas_Secundarias/3.1-Pruebas_Bienestar/3.1.2-Ingresar_instructores FAILED.
Reason:
com.kms.katalon.core.exception.StepFailedException: Unable to select option by index
	at com.kms.katalon.core.webui.keyword.internal.WebUIKeywordMain.stepFailed(WebUIKeywordMain.groovy:64)
	at com.kms.katalon.core.webui.keyword.internal.WebUIKeywordMain.runKeyword(WebUIKeywordMain.groovy:26)
	at com.kms.katalon.core.webui.keyword.builtin.SelectOptionByIndexKeyword.selectOptionByIndex(SelectOptionByIndexKeyword.groovy:93)
	at com.kms.katalon.core.webui.keyword.builtin.SelectOptionByIndexKeyword.execute(SelectOptionByIndexKeyword.groovy:68)
	at com.kms.katalon.core.keyword.internal.KeywordExecutor.executeKeywordForPlatform(KeywordExecutor.groovy:74)
	at com.kms.katalon.core.webui.keyword.WebUiBuiltInKeywords.selectOptionByIndex(WebUiBuiltInKeywords.groovy:1133)
	at com.kms.katalon.core.webui.keyword.WebUiBuiltInKeywords$selectOptionByIndex$10.call(Unknown Source)
	at 3.1.2-Ingresar_instructores.run(3.1.2-Ingresar_instructores:34)
	at com.kms.katalon.core.main.ScriptEngine.run(ScriptEngine.java:194)
	at com.kms.katalon.core.main.ScriptEngine.runScriptAsRawText(ScriptEngine.java:119)
	at com.kms.katalon.core.main.TestCaseExecutor.runScript(TestCaseExecutor.java:442)
	at com.kms.katalon.core.main.TestCaseExecutor.doExecute(TestCaseExecutor.java:433)
	at com.kms.katalon.core.main.TestCaseExecutor.processExecutionPhase(TestCaseExecutor.java:412)
	at com.kms.katalon.core.main.TestCaseExecutor.accessMainPhase(TestCaseExecutor.java:404)
	at com.kms.katalon.core.main.TestCaseExecutor.execute(TestCaseExecutor.java:281)
	at com.kms.katalon.core.main.TestSuiteExecutor.accessTestCaseMainPhase(TestSuiteExecutor.java:202)
	at com.kms.katalon.core.main.TestSuiteExecutor.accessTestSuiteMainPhase(TestSuiteExecutor.java:164)
	at com.kms.katalon.core.main.TestSuiteExecutor.execute(TestSuiteExecutor.java:105)
	at com.kms.katalon.core.main.TestCaseMain.startTestSuite(TestCaseMain.java:185)
	at com.kms.katalon.core.main.TestCaseMain$startTestSuite$0.call(Unknown Source)
	at TempTestSuite1648594435047.run(TempTestSuite1648594435047.groovy:36)
Caused by: java.lang.IllegalArgumentException: Object is null
	at com.kms.katalon.core.helper.KeywordHelper.checkTestObjectParameter(KeywordHelper.java:33)
	at com.kms.katalon.core.webui.keyword.builtin.SelectOptionByIndexKeyword$_selectOptionByIndex_closure1.doCall(SelectOptionByIndexKeyword.groovy:76)
	at com.kms.katalon.core.webui.keyword.builtin.SelectOptionByIndexKeyword$_selectOptionByIndex_closure1.call(SelectOptionByIndexKeyword.groovy)
	at com.kms.katalon.core.webui.keyword.internal.WebUIKeywordMain.runKeyword(WebUIKeywordMain.groovy:20)
	... 19 more


2022-03-29 18:46:22 - [TEST_STEP][PASSED] - callTestCase(findTestCase("Utilidades-(atajos_para _tareas)/Modulos/Modulo bienestar-eventos"), [:], STOP_ON_FAILURE): Call Test Case 'Test Cases/Utilidades-(atajos_para _tareas)/Modulos/Modulo bienestar-eventos' successfully

2022-03-29 18:46:23 - [TEST_CASE][PASSED] - Test Cases/Utilidades-(atajos_para _tareas)/Modulos/Modulo bienestar-eventos: Test Cases/Utilidades-(atajos_para _tareas)/Modulos/Modulo bienestar-eventos

2022-03-29 18:46:23 - [TEST_STEP][PASSED] - callTestCase(findTestCase("0.1-Login"), [:], STOP_ON_FAILURE): Call Test Case 'Test Cases/0.1-Login' successfully

2022-03-29 18:46:23 - [TEST_CASE][PASSED] - Test Cases/0.1-Login: Test Cases/0.1-Login

2022-03-29 18:46:23 - [TEST_STEP][PASSED] - openBrowser(""): Browser is opened with url: ''

2022-03-29 18:46:23 - [MESSAGE][WARNING] - A browser is already opened. Closing browser and opening a new one

2022-03-29 18:46:23 - [MESSAGE][INFO] - Starting 'Chrome' driver

2022-03-29 18:46:23 - [MESSAGE][INFO] - Action delay is set to 50 milliseconds

2022-03-29 18:46:25 - [MESSAGE][PASSED] - Browser is opened with url: ''

2022-03-29 18:46:25 - [TEST_STEP][PASSED] - maximizeWindow(): Current window maximized

2022-03-29 18:46:25 - [MESSAGE][PASSED] - Current window maximized

2022-03-29 18:46:25 - [TEST_STEP][PASSED] - i = G_Login: null

2022-03-29 18:46:25 - [TEST_STEP][PASSED] - url = new java.net.URL(i): null

2022-03-29 18:46:25 - [TEST_STEP][PASSED] - println("URL: " + url.toString()): null

2022-03-29 18:46:25 - [TEST_STEP][PASSED] - connection = url.openConnection(): null

2022-03-29 18:46:25 - [TEST_STEP][PASSED] - connection.setRequestMethod("GET"): null

2022-03-29 18:46:25 - [TEST_STEP][PASSED] - connection.setReadTimeout(2 * 1000): null

2022-03-29 18:46:25 - [TEST_STEP][PASSED] - try: null

2022-03-29 18:46:25 - [TEST_STEP][PASSED] - connection.connect(): null

2022-03-29 18:46:25 - [TEST_STEP][PASSED] - flag = connected: null

2022-03-29 18:46:25 - [TEST_STEP][PASSED] - println("Valor_ori: " + flag): null

2022-03-29 18:46:25 - [TEST_STEP][PASSED] - if (flag): null

2022-03-29 18:46:25 - [TEST_STEP][PASSED] - navigateToUrl(i): Navigate to 'http://192.168.2.19:8380/saraweb' successfully

2022-03-29 18:46:25 - [MESSAGE][PASSED] - Navigate to 'http://192.168.2.19:8380/saraweb' successfully

2022-03-29 18:46:25 - [TEST_STEP][PASSED] - a(): null

2022-03-29 18:46:25 - [TEST_STEP][PASSED] - setText(findTestObject("Login/input_USUARIO_loginusuario"), G_Usuario): Text 'saraadmin' is set on object 'Object Repository/Login/input_USUARIO_loginusuario'

2022-03-29 18:46:26 - [MESSAGE][PASSED] - Text 'saraadmin' is set on object 'Object Repository/Login/input_USUARIO_loginusuario'

2022-03-29 18:46:26 - [TEST_STEP][PASSED] - setEncryptedText(findTestObject("Login/input_CLAVE_loginpassword"), "MkG4/TYiCFC3cb2driP7+Q=="): Text ****** has been set on object 'Object Repository/Login/input_CLAVE_loginpassword'

2022-03-29 18:46:27 - [MESSAGE][PASSED] - Text ****** has been set on object 'Object Repository/Login/input_CLAVE_loginpassword'

2022-03-29 18:46:27 - [TEST_STEP][PASSED] - waitForElementClickable(findTestObject("Login/a_Ingresar"), G_TimeOut): Object 'Object Repository/Login/a_Ingresar' is clickable

2022-03-29 18:46:27 - [MESSAGE][PASSED] - Object 'Object Repository/Login/a_Ingresar' is clickable

2022-03-29 18:46:27 - [TEST_STEP][PASSED] - click(findTestObject("Login/a_Ingresar")): Object: 'Object Repository/Login/a_Ingresar' is clicked on

2022-03-29 18:46:29 - [MESSAGE][PASSED] - Object: 'Object Repository/Login/a_Ingresar' is clicked on

2022-03-29 18:46:29 - [TEST_STEP][PASSED] - element = findWebElement(findTestObject("Login/a_Ir"), 30): null

2022-03-29 18:46:29 - [TEST_STEP][PASSED] - executeJavaScript("arguments[0].click()", Arrays.asList(element)): Execute JavaScript 'arguments[0].click()' successfully

2022-03-29 18:46:29 - [MESSAGE][PASSED] - Execute JavaScript 'arguments[0].click()' successfully

2022-03-29 18:46:29 - [MESSAGE][PASSED] - Call Test Case 'Test Cases/0.1-Login' successfully

2022-03-29 18:46:29 - [TEST_STEP][PASSED] - waitForElementClickable(findTestObject("Modulo bienestar-eventos/input_ADMINISTRADOR DEL SISTEMA"), 0): Object 'Object Repository/Modulo bienestar-eventos/input_ADMINISTRADOR DEL SISTEMA' is clickable

2022-03-29 18:46:29 - [MESSAGE][WARNING] - Timeout '0' is invalid. Using default page load timeout: '45'

2022-03-29 18:46:30 - [MESSAGE][PASSED] - Object 'Object Repository/Modulo bienestar-eventos/input_ADMINISTRADOR DEL SISTEMA' is clickable

2022-03-29 18:46:30 - [TEST_STEP][PASSED] - setText(findTestObject("Modulo bienestar-eventos/input_ADMINISTRADOR DEL SISTEMA"), "eventos (bie)"): Text 'eventos (bie)' is set on object 'Object Repository/Modulo bienestar-eventos/input_ADMINISTRADOR DEL SISTEMA'

2022-03-29 18:46:31 - [MESSAGE][PASSED] - Text 'eventos (bie)' is set on object 'Object Repository/Modulo bienestar-eventos/input_ADMINISTRADOR DEL SISTEMA'

2022-03-29 18:46:31 - [TEST_STEP][PASSED] - click(findTestObject("Modulo bienestar-eventos/span_Eventos (bie)")): Object: 'Object Repository/Modulo bienestar-eventos/span_Eventos (bie)' is clicked on

2022-03-29 18:46:32 - [MESSAGE][PASSED] - Object: 'Object Repository/Modulo bienestar-eventos/span_Eventos (bie)' is clicked on

2022-03-29 18:46:32 - [MESSAGE][PASSED] - Call Test Case 'Test Cases/Utilidades-(atajos_para _tareas)/Modulos/Modulo bienestar-eventos' successfully

2022-03-29 18:46:32 - [TEST_STEP][PASSED] - if (waitForElementPresent(findTestObject("M-OBJECTS TAREAS SECUNDARIAS/Pruebas Bienestar/Ingresar instructores/td_Prueba"), 1)): null

2022-03-29 18:46:34 - [MESSAGE][PASSED] - Object 'Object Repository/M-OBJECTS TAREAS SECUNDARIAS/Pruebas Bienestar/Ingresar instructores/td_Prueba' is present

2022-03-29 18:46:34 - [TEST_STEP][PASSED] - click(findTestObject("M-OBJECTS TAREAS SECUNDARIAS/Pruebas Bienestar/Ingresar instructores/td_Prueba")): Object: 'Object Repository/M-OBJECTS TAREAS SECUNDARIAS/Pruebas Bienestar/Ingresar instructores/td_Prueba' is clicked on

2022-03-29 18:46:34 - [MESSAGE][PASSED] - Object: 'Object Repository/M-OBJECTS TAREAS SECUNDARIAS/Pruebas Bienestar/Ingresar instructores/td_Prueba' is clicked on

2022-03-29 18:46:34 - [TEST_STEP][PASSED] - click(findTestObject("M-OBJECTS TAREAS SECUNDARIAS/Pruebas Bienestar/Ingresar instructores/a_Instructores")): Object: 'Object Repository/M-OBJECTS TAREAS SECUNDARIAS/Pruebas Bienestar/Ingresar instructores/a_Instructores' is clicked on

2022-03-29 18:46:35 - [MESSAGE][PASSED] - Object: 'Object Repository/M-OBJECTS TAREAS SECUNDARIAS/Pruebas Bienestar/Ingresar instructores/a_Instructores' is clicked on

2022-03-29 18:46:35 - [TEST_STEP][PASSED] - if (waitForElementClickable(findTestObject("M-OBJECTS TAREAS SECUNDARIAS/Pruebas Bienestar/Ingresar instructores/a_Instructores_form_entrenadorlistaEntrenadores0j_idt616"), 1)): null

2022-03-29 18:46:36 - [MESSAGE][PASSED] - Object 'Object Repository/M-OBJECTS TAREAS SECUNDARIAS/Pruebas Bienestar/Ingresar instructores/a_Instructores_form_entrenadorlistaEntrenadores0j_idt616' is clickable

2022-03-29 18:46:36 - [TEST_STEP][PASSED] - click(findTestObject("M-OBJECTS TAREAS SECUNDARIAS/Pruebas Bienestar/Ingresar instructores/a_Instructores_form_entrenadorlistaEntrenadores0j_idt616")): Object: 'Object Repository/M-OBJECTS TAREAS SECUNDARIAS/Pruebas Bienestar/Ingresar instructores/a_Instructores_form_entrenadorlistaEntrenadores0j_idt616' is clicked on

2022-03-29 18:46:37 - [MESSAGE][PASSED] - Object: 'Object Repository/M-OBJECTS TAREAS SECUNDARIAS/Pruebas Bienestar/Ingresar instructores/a_Instructores_form_entrenadorlistaEntrenadores0j_idt616' is clicked on

2022-03-29 18:46:37 - [TEST_STEP][PASSED] - click(findTestObject("M-OBJECTS TAREAS SECUNDARIAS/Pruebas Bienestar/Ingresar instructores/a_Aceptar")): Object: 'Object Repository/M-OBJECTS TAREAS SECUNDARIAS/Pruebas Bienestar/Ingresar instructores/a_Aceptar' is clicked on

2022-03-29 18:46:37 - [MESSAGE][PASSED] - Object: 'Object Repository/M-OBJECTS TAREAS SECUNDARIAS/Pruebas Bienestar/Ingresar instructores/a_Aceptar' is clicked on

2022-03-29 18:46:37 - [TEST_STEP][FAILED] - selectOptionByIndex(findTestObject("Modulo Pruebas Bienestar/Ingresar instructores/select_-- Seleccione --Beltran Daza Jose AndresCanizalez Acero Marta BrigitteBuitrago Buitrago Andrea12501250Mendoza 1010 Empleado"), 4): Unable to select option by index (Root cause: com.kms.katalon.core.exception.StepFailedException: Unable to select option by index
	at com.kms.katalon.core.webui.keyword.internal.WebUIKeywordMain.stepFailed(WebUIKeywordMain.groovy:64)
	at com.kms.katalon.core.webui.keyword.internal.WebUIKeywordMain.runKeyword(WebUIKeywordMain.groovy:26)
	at com.kms.katalon.core.webui.keyword.builtin.SelectOptionByIndexKeyword.selectOptionByIndex(SelectOptionByIndexKeyword.groovy:93)
	at com.kms.katalon.core.webui.keyword.builtin.SelectOptionByIndexKeyword.execute(SelectOptionByIndexKeyword.groovy:68)
	at com.kms.katalon.core.keyword.internal.KeywordExecutor.executeKeywordForPlatform(KeywordExecutor.groovy:74)
	at com.kms.katalon.core.webui.keyword.WebUiBuiltInKeywords.selectOptionByIndex(WebUiBuiltInKeywords.groovy:1133)
	at com.kms.katalon.core.webui.keyword.WebUiBuiltInKeywords$selectOptionByIndex$10.call(Unknown Source)
	at 3.1.2-Ingresar_instructores.run(3.1.2-Ingresar_instructores:34)
	at com.kms.katalon.core.main.ScriptEngine.run(ScriptEngine.java:194)
	at com.kms.katalon.core.main.ScriptEngine.runScriptAsRawText(ScriptEngine.java:119)
	at com.kms.katalon.core.main.TestCaseExecutor.runScript(TestCaseExecutor.java:442)
	at com.kms.katalon.core.main.TestCaseExecutor.doExecute(TestCaseExecutor.java:433)
	at com.kms.katalon.core.main.TestCaseExecutor.processExecutionPhase(TestCaseExecutor.java:412)
	at com.kms.katalon.core.main.TestCaseExecutor.accessMainPhase(TestCaseExecutor.java:404)
	at com.kms.katalon.core.main.TestCaseExecutor.execute(TestCaseExecutor.java:281)
	at com.kms.katalon.core.main.TestSuiteExecutor.accessTestCaseMainPhase(TestSuiteExecutor.java:202)
	at com.kms.katalon.core.main.TestSuiteExecutor.accessTestSuiteMainPhase(TestSuiteExecutor.java:164)
	at com.kms.katalon.core.main.TestSuiteExecutor.execute(TestSuiteExecutor.java:105)
	at com.kms.katalon.core.main.TestCaseMain.startTestSuite(TestCaseMain.java:185)
	at com.kms.katalon.core.main.TestCaseMain$startTestSuite$0.call(Unknown Source)
	at TempTestSuite1648594435047.run(TempTestSuite1648594435047.groovy:36)
Caused by: java.lang.IllegalArgumentException: Object is null
	at com.kms.katalon.core.helper.KeywordHelper.checkTestObjectParameter(KeywordHelper.java:33)
	at com.kms.katalon.core.webui.keyword.builtin.SelectOptionByIndexKeyword$_selectOptionByIndex_closure1.doCall(SelectOptionByIndexKeyword.groovy:76)
	at com.kms.katalon.core.webui.keyword.builtin.SelectOptionByIndexKeyword$_selectOptionByIndex_closure1.call(SelectOptionByIndexKeyword.groovy)
	at com.kms.katalon.core.webui.keyword.internal.WebUIKeywordMain.runKeyword(WebUIKeywordMain.groovy:20)
	at com.kms.katalon.core.webui.keyword.builtin.SelectOptionByIndexKeyword.selectOptionByIndex(SelectOptionByIndexKeyword.groovy:93)
	at com.kms.katalon.core.webui.keyword.builtin.SelectOptionByIndexKeyword.execute(SelectOptionByIndexKeyword.groovy:68)
	at com.kms.katalon.core.keyword.internal.KeywordExecutor.executeKeywordForPlatform(KeywordExecutor.groovy:74)
	at com.kms.katalon.core.webui.keyword.WebUiBuiltInKeywords.selectOptionByIndex(WebUiBuiltInKeywords.groovy:1133)
	at com.kms.katalon.core.webui.keyword.WebUiBuiltInKeywords$selectOptionByIndex$10.call(Unknown Source)
	at Script1634766663543.run(Script1634766663543.groovy:34)
	... 13 more
)

2022-03-29 18:46:37 - [MESSAGE][WARNING] - Test object with id 'Object Repository/Modulo Pruebas Bienestar/Ingresar instructores/select_-- Seleccione --Beltran Daza Jose AndresCanizalez Acero Marta BrigitteBuitrago Buitrago Andrea12501250Mendoza 1010 Empleado' does not exist

2022-03-29 18:46:37 - [MESSAGE][WARNING] - Test object with id 'Object Repository/' does not exist

2022-03-29 18:46:38 - [MESSAGE][FAILED] - Unable to select option by index (Root cause: com.kms.katalon.core.exception.StepFailedException: Unable to select option by index
	at com.kms.katalon.core.webui.keyword.internal.WebUIKeywordMain.stepFailed(WebUIKeywordMain.groovy:64)
	at com.kms.katalon.core.webui.keyword.internal.WebUIKeywordMain.runKeyword(WebUIKeywordMain.groovy:26)
	at com.kms.katalon.core.webui.keyword.builtin.SelectOptionByIndexKeyword.selectOptionByIndex(SelectOptionByIndexKeyword.groovy:93)
	at com.kms.katalon.core.webui.keyword.builtin.SelectOptionByIndexKeyword.execute(SelectOptionByIndexKeyword.groovy:68)
	at com.kms.katalon.core.keyword.internal.KeywordExecutor.executeKeywordForPlatform(KeywordExecutor.groovy:74)
	at com.kms.katalon.core.webui.keyword.WebUiBuiltInKeywords.selectOptionByIndex(WebUiBuiltInKeywords.groovy:1133)
	at com.kms.katalon.core.webui.keyword.WebUiBuiltInKeywords$selectOptionByIndex$10.call(Unknown Source)
	at 3.1.2-Ingresar_instructores.run(3.1.2-Ingresar_instructores:34)
	at com.kms.katalon.core.main.ScriptEngine.run(ScriptEngine.java:194)
	at com.kms.katalon.core.main.ScriptEngine.runScriptAsRawText(ScriptEngine.java:119)
	at com.kms.katalon.core.main.TestCaseExecutor.runScript(TestCaseExecutor.java:442)
	at com.kms.katalon.core.main.TestCaseExecutor.doExecute(TestCaseExecutor.java:433)
	at com.kms.katalon.core.main.TestCaseExecutor.processExecutionPhase(TestCaseExecutor.java:412)
	at com.kms.katalon.core.main.TestCaseExecutor.accessMainPhase(TestCaseExecutor.java:404)
	at com.kms.katalon.core.main.TestCaseExecutor.execute(TestCaseExecutor.java:281)
	at com.kms.katalon.core.main.TestSuiteExecutor.accessTestCaseMainPhase(TestSuiteExecutor.java:202)
	at com.kms.katalon.core.main.TestSuiteExecutor.accessTestSuiteMainPhase(TestSuiteExecutor.java:164)
	at com.kms.katalon.core.main.TestSuiteExecutor.execute(TestSuiteExecutor.java:105)
	at com.kms.katalon.core.main.TestCaseMain.startTestSuite(TestCaseMain.java:185)
	at com.kms.katalon.core.main.TestCaseMain$startTestSuite$0.call(Unknown Source)
	at TempTestSuite1648594435047.run(TempTestSuite1648594435047.groovy:36)
Caused by: java.lang.IllegalArgumentException: Object is null
	at com.kms.katalon.core.helper.KeywordHelper.checkTestObjectParameter(KeywordHelper.java:33)
	at com.kms.katalon.core.webui.keyword.builtin.SelectOptionByIndexKeyword$_selectOptionByIndex_closure1.doCall(SelectOptionByIndexKeyword.groovy:76)
	at com.kms.katalon.core.webui.keyword.builtin.SelectOptionByIndexKeyword$_selectOptionByIndex_closure1.call(SelectOptionByIndexKeyword.groovy)
	at com.kms.katalon.core.webui.keyword.internal.WebUIKeywordMain.runKeyword(WebUIKeywordMain.groovy:20)
	at com.kms.katalon.core.webui.keyword.builtin.SelectOptionByIndexKeyword.selectOptionByIndex(SelectOptionByIndexKeyword.groovy:93)
	at com.kms.katalon.core.webui.keyword.builtin.SelectOptionByIndexKeyword.execute(SelectOptionByIndexKeyword.groovy:68)
	at com.kms.katalon.core.keyword.internal.KeywordExecutor.executeKeywordForPlatform(KeywordExecutor.groovy:74)
	at com.kms.katalon.core.webui.keyword.WebUiBuiltInKeywords.selectOptionByIndex(WebUiBuiltInKeywords.groovy:1133)
	at com.kms.katalon.core.webui.keyword.WebUiBuiltInKeywords$selectOptionByIndex$10.call(Unknown Source)
	at Script1634766663543.run(Script1634766663543.groovy:34)
	... 13 more
)
[[ATTACHMENT|C:\\Users\\diego.rojas\\git\\Pruebas-Minimas\\Reports\\20220329_175344\\Test_Suite_Secundaria\\1-Tareas_secundarias\\20220329_175355\\1648597597980.png]]]]></system-out>
         <system-err><![CDATA[2022-03-29 18:46:22 - [TEST_CASE][FAILED] - Test Cases/1.2-Tareas_Secundarias/3.1-Pruebas_Bienestar/3.1.2-Ingresar_instructores: Test Cases/1.2-Tareas_Secundarias/3.1-Pruebas_Bienestar/3.1.2-Ingresar_instructores FAILED.
Reason:
com.kms.katalon.core.exception.StepFailedException: Unable to select option by index
	at com.kms.katalon.core.webui.keyword.internal.WebUIKeywordMain.stepFailed(WebUIKeywordMain.groovy:64)
	at com.kms.katalon.core.webui.keyword.internal.WebUIKeywordMain.runKeyword(WebUIKeywordMain.groovy:26)
	at com.kms.katalon.core.webui.keyword.builtin.SelectOptionByIndexKeyword.selectOptionByIndex(SelectOptionByIndexKeyword.groovy:93)
	at com.kms.katalon.core.webui.keyword.builtin.SelectOptionByIndexKeyword.execute(SelectOptionByIndexKeyword.groovy:68)
	at com.kms.katalon.core.keyword.internal.KeywordExecutor.executeKeywordForPlatform(KeywordExecutor.groovy:74)
	at com.kms.katalon.core.webui.keyword.WebUiBuiltInKeywords.selectOptionByIndex(WebUiBuiltInKeywords.groovy:1133)
	at com.kms.katalon.core.webui.keyword.WebUiBuiltInKeywords$selectOptionByIndex$10.call(Unknown Source)
	at 3.1.2-Ingresar_instructores.run(3.1.2-Ingresar_instructores:34)
	at com.kms.katalon.core.main.ScriptEngine.run(ScriptEngine.java:194)
	at com.kms.katalon.core.main.ScriptEngine.runScriptAsRawText(ScriptEngine.java:119)
	at com.kms.katalon.core.main.TestCaseExecutor.runScript(TestCaseExecutor.java:442)
	at com.kms.katalon.core.main.TestCaseExecutor.doExecute(TestCaseExecutor.java:433)
	at com.kms.katalon.core.main.TestCaseExecutor.processExecutionPhase(TestCaseExecutor.java:412)
	at com.kms.katalon.core.main.TestCaseExecutor.accessMainPhase(TestCaseExecutor.java:404)
	at com.kms.katalon.core.main.TestCaseExecutor.execute(TestCaseExecutor.java:281)
	at com.kms.katalon.core.main.TestSuiteExecutor.accessTestCaseMainPhase(TestSuiteExecutor.java:202)
	at com.kms.katalon.core.main.TestSuiteExecutor.accessTestSuiteMainPhase(TestSuiteExecutor.java:164)
	at com.kms.katalon.core.main.TestSuiteExecutor.execute(TestSuiteExecutor.java:105)
	at com.kms.katalon.core.main.TestCaseMain.startTestSuite(TestCaseMain.java:185)
	at com.kms.katalon.core.main.TestCaseMain$startTestSuite$0.call(Unknown Source)
	at TempTestSuite1648594435047.run(TempTestSuite1648594435047.groovy:36)
Caused by: java.lang.IllegalArgumentException: Object is null
	at com.kms.katalon.core.helper.KeywordHelper.checkTestObjectParameter(KeywordHelper.java:33)
	at com.kms.katalon.core.webui.keyword.builtin.SelectOptionByIndexKeyword$_selectOptionByIndex_closure1.doCall(SelectOptionByIndexKeyword.groovy:76)
	at com.kms.katalon.core.webui.keyword.builtin.SelectOptionByIndexKeyword$_selectOptionByIndex_closure1.call(SelectOptionByIndexKeyword.groovy)
	at com.kms.katalon.core.webui.keyword.internal.WebUIKeywordMain.runKeyword(WebUIKeywordMain.groovy:20)
	... 19 more]]></system-err>
      </testcase>
      <testcase name="Test Cases/1.2-Tareas_Secundarias/3.1-Pruebas_Bienestar/3.1.3-Ingresar entidades" time="17.617" classname="Test Cases/1.2-Tareas_Secundarias/3.1-Pruebas_Bienestar/3.1.3-Ingresar entidades" status="PASSED">
         <system-out><![CDATA[2022-03-29 18:46:38 - [TEST_CASE][PASSED] - Test Cases/1.2-Tareas_Secundarias/3.1-Pruebas_Bienestar/3.1.3-Ingresar entidades: Test Cases/1.2-Tareas_Secundarias/3.1-Pruebas_Bienestar/3.1.3-Ingresar entidades

2022-03-29 18:46:38 - [TEST_STEP][PASSED] - callTestCase(findTestCase("Utilidades-(atajos_para _tareas)/Modulos/Modulo bienestar-eventos"), [:], STOP_ON_FAILURE): Call Test Case 'Test Cases/Utilidades-(atajos_para _tareas)/Modulos/Modulo bienestar-eventos' successfully

2022-03-29 18:46:38 - [TEST_CASE][PASSED] - Test Cases/Utilidades-(atajos_para _tareas)/Modulos/Modulo bienestar-eventos: Test Cases/Utilidades-(atajos_para _tareas)/Modulos/Modulo bienestar-eventos

2022-03-29 18:46:38 - [TEST_STEP][PASSED] - callTestCase(findTestCase("0.1-Login"), [:], STOP_ON_FAILURE): Call Test Case 'Test Cases/0.1-Login' successfully

2022-03-29 18:46:38 - [TEST_CASE][PASSED] - Test Cases/0.1-Login: Test Cases/0.1-Login

2022-03-29 18:46:38 - [TEST_STEP][PASSED] - openBrowser(""): Browser is opened with url: ''

2022-03-29 18:46:38 - [MESSAGE][WARNING] - A browser is already opened. Closing browser and opening a new one

2022-03-29 18:46:39 - [MESSAGE][INFO] - Starting 'Chrome' driver

2022-03-29 18:46:39 - [MESSAGE][INFO] - Action delay is set to 50 milliseconds

2022-03-29 18:46:40 - [MESSAGE][PASSED] - Browser is opened with url: ''

2022-03-29 18:46:40 - [TEST_STEP][PASSED] - maximizeWindow(): Current window maximized

2022-03-29 18:46:41 - [MESSAGE][PASSED] - Current window maximized

2022-03-29 18:46:41 - [TEST_STEP][PASSED] - i = G_Login: null

2022-03-29 18:46:41 - [TEST_STEP][PASSED] - url = new java.net.URL(i): null

2022-03-29 18:46:41 - [TEST_STEP][PASSED] - println("URL: " + url.toString()): null

2022-03-29 18:46:41 - [TEST_STEP][PASSED] - connection = url.openConnection(): null

2022-03-29 18:46:41 - [TEST_STEP][PASSED] - connection.setRequestMethod("GET"): null

2022-03-29 18:46:41 - [TEST_STEP][PASSED] - connection.setReadTimeout(2 * 1000): null

2022-03-29 18:46:41 - [TEST_STEP][PASSED] - try: null

2022-03-29 18:46:41 - [TEST_STEP][PASSED] - connection.connect(): null

2022-03-29 18:46:41 - [TEST_STEP][PASSED] - flag = connected: null

2022-03-29 18:46:41 - [TEST_STEP][PASSED] - println("Valor_ori: " + flag): null

2022-03-29 18:46:41 - [TEST_STEP][PASSED] - if (flag): null

2022-03-29 18:46:41 - [TEST_STEP][PASSED] - navigateToUrl(i): Navigate to 'http://192.168.2.19:8380/saraweb' successfully

2022-03-29 18:46:41 - [MESSAGE][PASSED] - Navigate to 'http://192.168.2.19:8380/saraweb' successfully

2022-03-29 18:46:41 - [TEST_STEP][PASSED] - a(): null

2022-03-29 18:46:41 - [TEST_STEP][PASSED] - setText(findTestObject("Login/input_USUARIO_loginusuario"), G_Usuario): Text 'saraadmin' is set on object 'Object Repository/Login/input_USUARIO_loginusuario'

2022-03-29 18:46:42 - [MESSAGE][PASSED] - Text 'saraadmin' is set on object 'Object Repository/Login/input_USUARIO_loginusuario'

2022-03-29 18:46:42 - [TEST_STEP][PASSED] - setEncryptedText(findTestObject("Login/input_CLAVE_loginpassword"), "MkG4/TYiCFC3cb2driP7+Q=="): Text ****** has been set on object 'Object Repository/Login/input_CLAVE_loginpassword'

2022-03-29 18:46:43 - [MESSAGE][PASSED] - Text ****** has been set on object 'Object Repository/Login/input_CLAVE_loginpassword'

2022-03-29 18:46:43 - [TEST_STEP][PASSED] - waitForElementClickable(findTestObject("Login/a_Ingresar"), G_TimeOut): Object 'Object Repository/Login/a_Ingresar' is clickable

2022-03-29 18:46:43 - [MESSAGE][PASSED] - Object 'Object Repository/Login/a_Ingresar' is clickable

2022-03-29 18:46:43 - [TEST_STEP][PASSED] - click(findTestObject("Login/a_Ingresar")): Object: 'Object Repository/Login/a_Ingresar' is clicked on

2022-03-29 18:46:45 - [MESSAGE][PASSED] - Object: 'Object Repository/Login/a_Ingresar' is clicked on

2022-03-29 18:46:45 - [TEST_STEP][PASSED] - element = findWebElement(findTestObject("Login/a_Ir"), 30): null

2022-03-29 18:46:45 - [TEST_STEP][PASSED] - executeJavaScript("arguments[0].click()", Arrays.asList(element)): Execute JavaScript 'arguments[0].click()' successfully

2022-03-29 18:46:45 - [MESSAGE][PASSED] - Execute JavaScript 'arguments[0].click()' successfully

2022-03-29 18:46:45 - [MESSAGE][PASSED] - Call Test Case 'Test Cases/0.1-Login' successfully

2022-03-29 18:46:45 - [TEST_STEP][PASSED] - waitForElementClickable(findTestObject("Modulo bienestar-eventos/input_ADMINISTRADOR DEL SISTEMA"), 0): Object 'Object Repository/Modulo bienestar-eventos/input_ADMINISTRADOR DEL SISTEMA' is clickable

2022-03-29 18:46:45 - [MESSAGE][WARNING] - Timeout '0' is invalid. Using default page load timeout: '45'

2022-03-29 18:46:46 - [MESSAGE][PASSED] - Object 'Object Repository/Modulo bienestar-eventos/input_ADMINISTRADOR DEL SISTEMA' is clickable

2022-03-29 18:46:46 - [TEST_STEP][PASSED] - setText(findTestObject("Modulo bienestar-eventos/input_ADMINISTRADOR DEL SISTEMA"), "eventos (bie)"): Text 'eventos (bie)' is set on object 'Object Repository/Modulo bienestar-eventos/input_ADMINISTRADOR DEL SISTEMA'

2022-03-29 18:46:47 - [MESSAGE][PASSED] - Text 'eventos (bie)' is set on object 'Object Repository/Modulo bienestar-eventos/input_ADMINISTRADOR DEL SISTEMA'

2022-03-29 18:46:47 - [TEST_STEP][PASSED] - click(findTestObject("Modulo bienestar-eventos/span_Eventos (bie)")): Object: 'Object Repository/Modulo bienestar-eventos/span_Eventos (bie)' is clicked on

2022-03-29 18:46:48 - [MESSAGE][PASSED] - Object: 'Object Repository/Modulo bienestar-eventos/span_Eventos (bie)' is clicked on

2022-03-29 18:46:48 - [MESSAGE][PASSED] - Call Test Case 'Test Cases/Utilidades-(atajos_para _tareas)/Modulos/Modulo bienestar-eventos' successfully

2022-03-29 18:46:48 - [TEST_STEP][PASSED] - click(findTestObject("M-OBJECTS TAREAS SECUNDARIAS/Pruebas Bienestar/Ingresar_Entidades/td_Prueba-S")): Object: 'Object Repository/M-OBJECTS TAREAS SECUNDARIAS/Pruebas Bienestar/Ingresar_Entidades/td_Prueba-S' is clicked on

2022-03-29 18:46:50 - [MESSAGE][PASSED] - Object: 'Object Repository/M-OBJECTS TAREAS SECUNDARIAS/Pruebas Bienestar/Ingresar_Entidades/td_Prueba-S' is clicked on

2022-03-29 18:46:50 - [TEST_STEP][PASSED] - click(findTestObject("M-OBJECTS TAREAS SECUNDARIAS/Pruebas Bienestar/Ingresar_Entidades/a_Entidades")): Object: 'Object Repository/M-OBJECTS TAREAS SECUNDARIAS/Pruebas Bienestar/Ingresar_Entidades/a_Entidades' is clicked on

2022-03-29 18:46:51 - [MESSAGE][PASSED] - Object: 'Object Repository/M-OBJECTS TAREAS SECUNDARIAS/Pruebas Bienestar/Ingresar_Entidades/a_Entidades' is clicked on

2022-03-29 18:46:51 - [TEST_STEP][PASSED] - if (waitForElementClickable(findTestObject("M-OBJECTS TAREAS SECUNDARIAS/Pruebas Bienestar/Ingresar_Entidades/a_US_form_entidadlistaEntidades0j_idt626"), 1)): null

2022-03-29 18:46:51 - [MESSAGE][PASSED] - Object 'Object Repository/M-OBJECTS TAREAS SECUNDARIAS/Pruebas Bienestar/Ingresar_Entidades/a_US_form_entidadlistaEntidades0j_idt626' is clickable

2022-03-29 18:46:51 - [TEST_STEP][PASSED] - click(findTestObject("M-OBJECTS TAREAS SECUNDARIAS/Pruebas Bienestar/Ingresar_Entidades/a_US_form_entidadlistaEntidades0j_idt626")): Object: 'Object Repository/M-OBJECTS TAREAS SECUNDARIAS/Pruebas Bienestar/Ingresar_Entidades/a_US_form_entidadlistaEntidades0j_idt626' is clicked on

2022-03-29 18:46:52 - [MESSAGE][PASSED] - Object: 'Object Repository/M-OBJECTS TAREAS SECUNDARIAS/Pruebas Bienestar/Ingresar_Entidades/a_US_form_entidadlistaEntidades0j_idt626' is clicked on

2022-03-29 18:46:52 - [TEST_STEP][PASSED] - click(findTestObject("M-OBJECTS TAREAS SECUNDARIAS/Pruebas Bienestar/Ingresar_Entidades/a_Aceptar")): Object: 'Object Repository/M-OBJECTS TAREAS SECUNDARIAS/Pruebas Bienestar/Ingresar_Entidades/a_Aceptar' is clicked on

2022-03-29 18:46:53 - [MESSAGE][PASSED] - Object: 'Object Repository/M-OBJECTS TAREAS SECUNDARIAS/Pruebas Bienestar/Ingresar_Entidades/a_Aceptar' is clicked on

2022-03-29 18:46:53 - [TEST_STEP][PASSED] - selectOptionByIndex(findTestObject("M-OBJECTS TAREAS SECUNDARIAS/Pruebas Bienestar/Ingresar_Entidades/select_-- Seleccione --US"), 1): All options with index in [1] are selected on object 'Object Repository/M-OBJECTS TAREAS SECUNDARIAS/Pruebas Bienestar/Ingresar_Entidades/select_-- Seleccione --US'

2022-03-29 18:46:54 - [MESSAGE][PASSED] - All options with index in [1] are selected on object 'Object Repository/M-OBJECTS TAREAS SECUNDARIAS/Pruebas Bienestar/Ingresar_Entidades/select_-- Seleccione --US'

2022-03-29 18:46:54 - [TEST_STEP][PASSED] - click(findTestObject("M-OBJECTS TAREAS SECUNDARIAS/Pruebas Bienestar/Ingresar_Entidades/a_Entidades_form_entidadlistaEntidadesj_idt628")): Object: 'Object Repository/M-OBJECTS TAREAS SECUNDARIAS/Pruebas Bienestar/Ingresar_Entidades/a_Entidades_form_entidadlistaEntidadesj_idt628' is clicked on

2022-03-29 18:46:55 - [MESSAGE][PASSED] - Object: 'Object Repository/M-OBJECTS TAREAS SECUNDARIAS/Pruebas Bienestar/Ingresar_Entidades/a_Entidades_form_entidadlistaEntidadesj_idt628' is clicked on

2022-03-29 18:46:55 - [TEST_STEP][PASSED] - closeBrowser(): Browser is closed

2022-03-29 18:46:55 - [MESSAGE][PASSED] - Browser is closed]]></system-out>
         <system-err><![CDATA[]]></system-err>
      </testcase>
      <testcase name="Test Cases/1.2-Tareas_Secundarias/3.1-Pruebas_Bienestar/3.1.4-Filtro_de_asistentes" time="80.244" classname="Test Cases/1.2-Tareas_Secundarias/3.1-Pruebas_Bienestar/3.1.4-Filtro_de_asistentes" status="PASSED">
         <system-out><![CDATA[2022-03-29 18:46:55 - [TEST_CASE][PASSED] - Test Cases/1.2-Tareas_Secundarias/3.1-Pruebas_Bienestar/3.1.4-Filtro_de_asistentes: Test Cases/1.2-Tareas_Secundarias/3.1-Pruebas_Bienestar/3.1.4-Filtro_de_asistentes

2022-03-29 18:46:56 - [TEST_STEP][PASSED] - callTestCase(findTestCase("Utilidades-(atajos_para _tareas)/Modulos/Modulo bienestar-eventos"), [:], STOP_ON_FAILURE): Call Test Case 'Test Cases/Utilidades-(atajos_para _tareas)/Modulos/Modulo bienestar-eventos' successfully

2022-03-29 18:46:56 - [TEST_CASE][PASSED] - Test Cases/Utilidades-(atajos_para _tareas)/Modulos/Modulo bienestar-eventos: Test Cases/Utilidades-(atajos_para _tareas)/Modulos/Modulo bienestar-eventos

2022-03-29 18:46:56 - [TEST_STEP][PASSED] - callTestCase(findTestCase("0.1-Login"), [:], STOP_ON_FAILURE): Call Test Case 'Test Cases/0.1-Login' successfully

2022-03-29 18:46:56 - [TEST_CASE][PASSED] - Test Cases/0.1-Login: Test Cases/0.1-Login

2022-03-29 18:46:56 - [TEST_STEP][PASSED] - openBrowser(""): Browser is opened with url: ''

2022-03-29 18:46:56 - [MESSAGE][INFO] - Starting 'Chrome' driver

2022-03-29 18:46:56 - [MESSAGE][INFO] - Action delay is set to 50 milliseconds

2022-03-29 18:46:57 - [MESSAGE][PASSED] - Browser is opened with url: ''

2022-03-29 18:46:57 - [TEST_STEP][PASSED] - maximizeWindow(): Current window maximized

2022-03-29 18:46:57 - [MESSAGE][PASSED] - Current window maximized

2022-03-29 18:46:57 - [TEST_STEP][PASSED] - i = G_Login: null

2022-03-29 18:46:57 - [TEST_STEP][PASSED] - url = new java.net.URL(i): null

2022-03-29 18:46:57 - [TEST_STEP][PASSED] - println("URL: " + url.toString()): null

2022-03-29 18:46:57 - [TEST_STEP][PASSED] - connection = url.openConnection(): null

2022-03-29 18:46:57 - [TEST_STEP][PASSED] - connection.setRequestMethod("GET"): null

2022-03-29 18:46:57 - [TEST_STEP][PASSED] - connection.setReadTimeout(2 * 1000): null

2022-03-29 18:46:57 - [TEST_STEP][PASSED] - try: null

2022-03-29 18:46:57 - [TEST_STEP][PASSED] - connection.connect(): null

2022-03-29 18:46:57 - [TEST_STEP][PASSED] - flag = connected: null

2022-03-29 18:46:57 - [TEST_STEP][PASSED] - println("Valor_ori: " + flag): null

2022-03-29 18:46:57 - [TEST_STEP][PASSED] - if (flag): null

2022-03-29 18:46:57 - [TEST_STEP][PASSED] - navigateToUrl(i): Navigate to 'http://192.168.2.19:8380/saraweb' successfully

2022-03-29 18:46:58 - [MESSAGE][PASSED] - Navigate to 'http://192.168.2.19:8380/saraweb' successfully

2022-03-29 18:46:58 - [TEST_STEP][PASSED] - a(): null

2022-03-29 18:46:58 - [TEST_STEP][PASSED] - setText(findTestObject("Login/input_USUARIO_loginusuario"), G_Usuario): Text 'saraadmin' is set on object 'Object Repository/Login/input_USUARIO_loginusuario'

2022-03-29 18:46:59 - [MESSAGE][PASSED] - Text 'saraadmin' is set on object 'Object Repository/Login/input_USUARIO_loginusuario'

2022-03-29 18:46:59 - [TEST_STEP][PASSED] - setEncryptedText(findTestObject("Login/input_CLAVE_loginpassword"), "MkG4/TYiCFC3cb2driP7+Q=="): Text ****** has been set on object 'Object Repository/Login/input_CLAVE_loginpassword'

2022-03-29 18:46:59 - [MESSAGE][PASSED] - Text ****** has been set on object 'Object Repository/Login/input_CLAVE_loginpassword'

2022-03-29 18:46:59 - [TEST_STEP][PASSED] - waitForElementClickable(findTestObject("Login/a_Ingresar"), G_TimeOut): Object 'Object Repository/Login/a_Ingresar' is clickable

2022-03-29 18:47:00 - [MESSAGE][PASSED] - Object 'Object Repository/Login/a_Ingresar' is clickable

2022-03-29 18:47:00 - [TEST_STEP][PASSED] - click(findTestObject("Login/a_Ingresar")): Object: 'Object Repository/Login/a_Ingresar' is clicked on

2022-03-29 18:47:01 - [MESSAGE][PASSED] - Object: 'Object Repository/Login/a_Ingresar' is clicked on

2022-03-29 18:47:01 - [TEST_STEP][PASSED] - element = findWebElement(findTestObject("Login/a_Ir"), 30): null

2022-03-29 18:47:01 - [TEST_STEP][PASSED] - executeJavaScript("arguments[0].click()", Arrays.asList(element)): Execute JavaScript 'arguments[0].click()' successfully

2022-03-29 18:47:01 - [MESSAGE][PASSED] - Execute JavaScript 'arguments[0].click()' successfully

2022-03-29 18:47:01 - [MESSAGE][PASSED] - Call Test Case 'Test Cases/0.1-Login' successfully

2022-03-29 18:47:01 - [TEST_STEP][PASSED] - waitForElementClickable(findTestObject("Modulo bienestar-eventos/input_ADMINISTRADOR DEL SISTEMA"), 0): Object 'Object Repository/Modulo bienestar-eventos/input_ADMINISTRADOR DEL SISTEMA' is clickable

2022-03-29 18:47:01 - [MESSAGE][WARNING] - Timeout '0' is invalid. Using default page load timeout: '45'

2022-03-29 18:47:02 - [MESSAGE][PASSED] - Object 'Object Repository/Modulo bienestar-eventos/input_ADMINISTRADOR DEL SISTEMA' is clickable

2022-03-29 18:47:02 - [TEST_STEP][PASSED] - setText(findTestObject("Modulo bienestar-eventos/input_ADMINISTRADOR DEL SISTEMA"), "eventos (bie)"): Text 'eventos (bie)' is set on object 'Object Repository/Modulo bienestar-eventos/input_ADMINISTRADOR DEL SISTEMA'

2022-03-29 18:47:03 - [MESSAGE][PASSED] - Text 'eventos (bie)' is set on object 'Object Repository/Modulo bienestar-eventos/input_ADMINISTRADOR DEL SISTEMA'

2022-03-29 18:47:03 - [TEST_STEP][PASSED] - click(findTestObject("Modulo bienestar-eventos/span_Eventos (bie)")): Object: 'Object Repository/Modulo bienestar-eventos/span_Eventos (bie)' is clicked on

2022-03-29 18:47:04 - [MESSAGE][PASSED] - Object: 'Object Repository/Modulo bienestar-eventos/span_Eventos (bie)' is clicked on

2022-03-29 18:47:04 - [MESSAGE][PASSED] - Call Test Case 'Test Cases/Utilidades-(atajos_para _tareas)/Modulos/Modulo bienestar-eventos' successfully

2022-03-29 18:47:04 - [TEST_STEP][PASSED] - click(findTestObject("M-OBJECTS TAREAS SECUNDARIAS/Pruebas Bienestar/Filtro_de_Asistentes_S-(solicitante)/td_Prueba-S")): Object: 'Object Repository/M-OBJECTS TAREAS SECUNDARIAS/Pruebas Bienestar/Filtro_de_Asistentes_S-(solicitante)/td_Prueba-S' is clicked on

2022-03-29 18:47:06 - [MESSAGE][PASSED] - Object: 'Object Repository/M-OBJECTS TAREAS SECUNDARIAS/Pruebas Bienestar/Filtro_de_Asistentes_S-(solicitante)/td_Prueba-S' is clicked on

2022-03-29 18:47:06 - [TEST_STEP][PASSED] - click(findTestObject("M-OBJECTS TAREAS SECUNDARIAS/Pruebas Bienestar/Filtro_de_Asistentes_S-(solicitante)/a_DirigidoA")): Object: 'Object Repository/M-OBJECTS TAREAS SECUNDARIAS/Pruebas Bienestar/Filtro_de_Asistentes_S-(solicitante)/a_DirigidoA' is clicked on

2022-03-29 18:47:07 - [MESSAGE][PASSED] - Object: 'Object Repository/M-OBJECTS TAREAS SECUNDARIAS/Pruebas Bienestar/Filtro_de_Asistentes_S-(solicitante)/a_DirigidoA' is clicked on

2022-03-29 18:47:07 - [TEST_STEP][PASSED] - if (waitForElementClickable(findTestObject("M-OBJECTS TAREAS SECUNDARIAS/Pruebas Bienestar/Filtro_de_Asistentes_S-(solicitante)/a_Edad_form_condicionDerechoTipoBeneftabla_ventanaCDTB0j_idt793"), 1)): null

2022-03-29 18:47:08 - [MESSAGE][PASSED] - Object 'Object Repository/M-OBJECTS TAREAS SECUNDARIAS/Pruebas Bienestar/Filtro_de_Asistentes_S-(solicitante)/a_Edad_form_condicionDerechoTipoBeneftabla_ventanaCDTB0j_idt793' is clickable

2022-03-29 18:47:08 - [TEST_STEP][PASSED] - click(findTestObject("M-OBJECTS TAREAS SECUNDARIAS/Pruebas Bienestar/Filtro_de_Asistentes_S-(solicitante)/a_Edad_form_condicionDerechoTipoBeneftabla_ventanaCDTB0j_idt793")): Object: 'Object Repository/M-OBJECTS TAREAS SECUNDARIAS/Pruebas Bienestar/Filtro_de_Asistentes_S-(solicitante)/a_Edad_form_condicionDerechoTipoBeneftabla_ventanaCDTB0j_idt793' is clicked on

2022-03-29 18:47:09 - [MESSAGE][PASSED] - Object: 'Object Repository/M-OBJECTS TAREAS SECUNDARIAS/Pruebas Bienestar/Filtro_de_Asistentes_S-(solicitante)/a_Edad_form_condicionDerechoTipoBeneftabla_ventanaCDTB0j_idt793' is clicked on

2022-03-29 18:47:09 - [TEST_STEP][PASSED] - click(findTestObject("M-OBJECTS TAREAS SECUNDARIAS/Pruebas Bienestar/Filtro_de_Asistentes_S-(solicitante)/a_Aceptar_Eliminar")): Object: 'Object Repository/M-OBJECTS TAREAS SECUNDARIAS/Pruebas Bienestar/Filtro_de_Asistentes_S-(solicitante)/a_Aceptar_Eliminar' is clicked on

2022-03-29 18:47:10 - [MESSAGE][PASSED] - Object: 'Object Repository/M-OBJECTS TAREAS SECUNDARIAS/Pruebas Bienestar/Filtro_de_Asistentes_S-(solicitante)/a_Aceptar_Eliminar' is clicked on

2022-03-29 18:47:10 - [TEST_STEP][PASSED] - selectOptionByIndex(findTestObject("M-OBJECTS TAREAS SECUNDARIAS/Pruebas Bienestar/Filtro_de_Asistentes_S-(solicitante)/select_-- Seleccione --CargoCargos"), 6): All options with index in [6] are selected on object 'Object Repository/M-OBJECTS TAREAS SECUNDARIAS/Pruebas Bienestar/Filtro_de_Asistentes_S-(solicitante)/select_-- Seleccione --CargoCargos'

2022-03-29 18:47:12 - [MESSAGE][PASSED] - All options with index in [6] are selected on object 'Object Repository/M-OBJECTS TAREAS SECUNDARIAS/Pruebas Bienestar/Filtro_de_Asistentes_S-(solicitante)/select_-- Seleccione --CargoCargos'

2022-03-29 18:47:12 - [TEST_STEP][PASSED] - setText(findTestObject("M-OBJECTS TAREAS SECUNDARIAS/Pruebas Bienestar/Filtro_de_Asistentes_S-(solicitante)/input_Tipo Campo_form_condicionDerechoTipoBeneftabla_ventanaCDTBedadMinima"), "1"): Text '1' is set on object 'Object Repository/M-OBJECTS TAREAS SECUNDARIAS/Pruebas Bienestar/Filtro_de_Asistentes_S-(solicitante)/input_Tipo Campo_form_condicionDerechoTipoBeneftabla_ventanaCDTBedadMinima'

2022-03-29 18:47:13 - [MESSAGE][PASSED] - Text '1' is set on object 'Object Repository/M-OBJECTS TAREAS SECUNDARIAS/Pruebas Bienestar/Filtro_de_Asistentes_S-(solicitante)/input_Tipo Campo_form_condicionDerechoTipoBeneftabla_ventanaCDTBedadMinima'

2022-03-29 18:47:13 - [TEST_STEP][PASSED] - setText(findTestObject("M-OBJECTS TAREAS SECUNDARIAS/Pruebas Bienestar/Filtro_de_Asistentes_S-(solicitante)/input_Tipo Campo_form_condicionDerechoTipoBeneftabla_ventanaCDTBedadMaxima"), "80"): Text '80' is set on object 'Object Repository/M-OBJECTS TAREAS SECUNDARIAS/Pruebas Bienestar/Filtro_de_Asistentes_S-(solicitante)/input_Tipo Campo_form_condicionDerechoTipoBeneftabla_ventanaCDTBedadMaxima'

2022-03-29 18:47:14 - [MESSAGE][PASSED] - Text '80' is set on object 'Object Repository/M-OBJECTS TAREAS SECUNDARIAS/Pruebas Bienestar/Filtro_de_Asistentes_S-(solicitante)/input_Tipo Campo_form_condicionDerechoTipoBeneftabla_ventanaCDTBedadMaxima'

2022-03-29 18:47:14 - [TEST_STEP][PASSED] - click(findTestObject("M-OBJECTS TAREAS SECUNDARIAS/Pruebas Bienestar/Filtro_de_Asistentes_S-(solicitante)/a_Tipo Campo_form_condicionDerechoTipoBeneftabla_ventanaCDTBj_idt794")): Object: 'Object Repository/M-OBJECTS TAREAS SECUNDARIAS/Pruebas Bienestar/Filtro_de_Asistentes_S-(solicitante)/a_Tipo Campo_form_condicionDerechoTipoBeneftabla_ventanaCDTBj_idt794' is clicked on

2022-03-29 18:47:14 - [MESSAGE][PASSED] - Object: 'Object Repository/M-OBJECTS TAREAS SECUNDARIAS/Pruebas Bienestar/Filtro_de_Asistentes_S-(solicitante)/a_Tipo Campo_form_condicionDerechoTipoBeneftabla_ventanaCDTBj_idt794' is clicked on

2022-03-29 18:47:14 - [TEST_STEP][PASSED] - click(findTestObject("M-OBJECTS TAREAS SECUNDARIAS/Pruebas Bienestar/Filtro_de_Asistentes_S-(solicitante)/a_Regresar")): Object: 'Object Repository/M-OBJECTS TAREAS SECUNDARIAS/Pruebas Bienestar/Filtro_de_Asistentes_S-(solicitante)/a_Regresar' is clicked on

2022-03-29 18:47:15 - [MESSAGE][PASSED] - Object: 'Object Repository/M-OBJECTS TAREAS SECUNDARIAS/Pruebas Bienestar/Filtro_de_Asistentes_S-(solicitante)/a_Regresar' is clicked on

2022-03-29 18:47:15 - [TEST_STEP][PASSED] - click(findTestObject("M-OBJECTS TAREAS SECUNDARIAS/Pruebas Bienestar/Filtro_de_Asistentes_S-(solicitante)/td_Prueba-S-SH")): Object: 'Object Repository/M-OBJECTS TAREAS SECUNDARIAS/Pruebas Bienestar/Filtro_de_Asistentes_S-(solicitante)/td_Prueba-S-SH' is clicked on

2022-03-29 18:47:16 - [MESSAGE][PASSED] - Object: 'Object Repository/M-OBJECTS TAREAS SECUNDARIAS/Pruebas Bienestar/Filtro_de_Asistentes_S-(solicitante)/td_Prueba-S-SH' is clicked on

2022-03-29 18:47:16 - [TEST_STEP][PASSED] - click(findTestObject("M-OBJECTS TAREAS SECUNDARIAS/Pruebas Bienestar/Filtro_de_Asistentes_S-(solicitante)/a_DirigidoA")): Object: 'Object Repository/M-OBJECTS TAREAS SECUNDARIAS/Pruebas Bienestar/Filtro_de_Asistentes_S-(solicitante)/a_DirigidoA' is clicked on

2022-03-29 18:47:17 - [MESSAGE][PASSED] - Object: 'Object Repository/M-OBJECTS TAREAS SECUNDARIAS/Pruebas Bienestar/Filtro_de_Asistentes_S-(solicitante)/a_DirigidoA' is clicked on

2022-03-29 18:47:17 - [TEST_STEP][PASSED] - if (waitForElementClickable(findTestObject("M-OBJECTS TAREAS SECUNDARIAS/Pruebas Bienestar/Filtro_de_Asistentes_S-(solicitante)/a_Edad_form_condicionDerechoTipoBeneftabla_ventanaCDTB0j_idt793"), 1)): null

2022-03-29 18:47:18 - [MESSAGE][PASSED] - Object 'Object Repository/M-OBJECTS TAREAS SECUNDARIAS/Pruebas Bienestar/Filtro_de_Asistentes_S-(solicitante)/a_Edad_form_condicionDerechoTipoBeneftabla_ventanaCDTB0j_idt793' is clickable

2022-03-29 18:47:18 - [TEST_STEP][PASSED] - click(findTestObject("M-OBJECTS TAREAS SECUNDARIAS/Pruebas Bienestar/Filtro_de_Asistentes_S-(solicitante)/a_Edad_form_condicionDerechoTipoBeneftabla_ventanaCDTB0j_idt793")): Object: 'Object Repository/M-OBJECTS TAREAS SECUNDARIAS/Pruebas Bienestar/Filtro_de_Asistentes_S-(solicitante)/a_Edad_form_condicionDerechoTipoBeneftabla_ventanaCDTB0j_idt793' is clicked on

2022-03-29 18:47:18 - [MESSAGE][PASSED] - Object: 'Object Repository/M-OBJECTS TAREAS SECUNDARIAS/Pruebas Bienestar/Filtro_de_Asistentes_S-(solicitante)/a_Edad_form_condicionDerechoTipoBeneftabla_ventanaCDTB0j_idt793' is clicked on

2022-03-29 18:47:18 - [TEST_STEP][PASSED] - click(findTestObject("M-OBJECTS TAREAS SECUNDARIAS/Pruebas Bienestar/Filtro_de_Asistentes_S-(solicitante)/a_Aceptar_Eliminar")): Object: 'Object Repository/M-OBJECTS TAREAS SECUNDARIAS/Pruebas Bienestar/Filtro_de_Asistentes_S-(solicitante)/a_Aceptar_Eliminar' is clicked on

2022-03-29 18:47:19 - [MESSAGE][PASSED] - Object: 'Object Repository/M-OBJECTS TAREAS SECUNDARIAS/Pruebas Bienestar/Filtro_de_Asistentes_S-(solicitante)/a_Aceptar_Eliminar' is clicked on

2022-03-29 18:47:19 - [TEST_STEP][PASSED] - selectOptionByIndex(findTestObject("M-OBJECTS TAREAS SECUNDARIAS/Pruebas Bienestar/Filtro_de_Asistentes_S-(solicitante)/select_-- Seleccione --CargoCargos"), 6): All options with index in [6] are selected on object 'Object Repository/M-OBJECTS TAREAS SECUNDARIAS/Pruebas Bienestar/Filtro_de_Asistentes_S-(solicitante)/select_-- Seleccione --CargoCargos'

2022-03-29 18:47:21 - [MESSAGE][PASSED] - All options with index in [6] are selected on object 'Object Repository/M-OBJECTS TAREAS SECUNDARIAS/Pruebas Bienestar/Filtro_de_Asistentes_S-(solicitante)/select_-- Seleccione --CargoCargos'

2022-03-29 18:47:21 - [TEST_STEP][PASSED] - setText(findTestObject("M-OBJECTS TAREAS SECUNDARIAS/Pruebas Bienestar/Filtro_de_Asistentes_S-(solicitante)/input_Tipo Campo_form_condicionDerechoTipoBeneftabla_ventanaCDTBedadMinima"), "1"): Text '1' is set on object 'Object Repository/M-OBJECTS TAREAS SECUNDARIAS/Pruebas Bienestar/Filtro_de_Asistentes_S-(solicitante)/input_Tipo Campo_form_condicionDerechoTipoBeneftabla_ventanaCDTBedadMinima'

2022-03-29 18:47:22 - [MESSAGE][PASSED] - Text '1' is set on object 'Object Repository/M-OBJECTS TAREAS SECUNDARIAS/Pruebas Bienestar/Filtro_de_Asistentes_S-(solicitante)/input_Tipo Campo_form_condicionDerechoTipoBeneftabla_ventanaCDTBedadMinima'

2022-03-29 18:47:22 - [TEST_STEP][PASSED] - setText(findTestObject("M-OBJECTS TAREAS SECUNDARIAS/Pruebas Bienestar/Filtro_de_Asistentes_S-(solicitante)/input_Tipo Campo_form_condicionDerechoTipoBeneftabla_ventanaCDTBedadMaxima"), "80"): Text '80' is set on object 'Object Repository/M-OBJECTS TAREAS SECUNDARIAS/Pruebas Bienestar/Filtro_de_Asistentes_S-(solicitante)/input_Tipo Campo_form_condicionDerechoTipoBeneftabla_ventanaCDTBedadMaxima'

2022-03-29 18:47:23 - [MESSAGE][PASSED] - Text '80' is set on object 'Object Repository/M-OBJECTS TAREAS SECUNDARIAS/Pruebas Bienestar/Filtro_de_Asistentes_S-(solicitante)/input_Tipo Campo_form_condicionDerechoTipoBeneftabla_ventanaCDTBedadMaxima'

2022-03-29 18:47:23 - [TEST_STEP][PASSED] - click(findTestObject("M-OBJECTS TAREAS SECUNDARIAS/Pruebas Bienestar/Filtro_de_Asistentes_S-(solicitante)/a_Tipo Campo_form_condicionDerechoTipoBeneftabla_ventanaCDTBj_idt794")): Object: 'Object Repository/M-OBJECTS TAREAS SECUNDARIAS/Pruebas Bienestar/Filtro_de_Asistentes_S-(solicitante)/a_Tipo Campo_form_condicionDerechoTipoBeneftabla_ventanaCDTBj_idt794' is clicked on

2022-03-29 18:47:24 - [MESSAGE][PASSED] - Object: 'Object Repository/M-OBJECTS TAREAS SECUNDARIAS/Pruebas Bienestar/Filtro_de_Asistentes_S-(solicitante)/a_Tipo Campo_form_condicionDerechoTipoBeneftabla_ventanaCDTBj_idt794' is clicked on

2022-03-29 18:47:24 - [TEST_STEP][PASSED] - click(findTestObject("M-OBJECTS TAREAS SECUNDARIAS/Pruebas Bienestar/Filtro_de_Asistentes_S-(solicitante)/div_Participante")): Object: 'Object Repository/M-OBJECTS TAREAS SECUNDARIAS/Pruebas Bienestar/Filtro_de_Asistentes_S-(solicitante)/div_Participante' is clicked on

2022-03-29 18:47:25 - [MESSAGE][PASSED] - Object: 'Object Repository/M-OBJECTS TAREAS SECUNDARIAS/Pruebas Bienestar/Filtro_de_Asistentes_S-(solicitante)/div_Participante' is clicked on

2022-03-29 18:47:25 - [TEST_STEP][PASSED] - click(findTestObject("M-OBJECTS TAREAS SECUNDARIAS/Pruebas Bienestar/Filtro_de_Asistentes_S-(solicitante)/a_Invitacin")): Object: 'Object Repository/M-OBJECTS TAREAS SECUNDARIAS/Pruebas Bienestar/Filtro_de_Asistentes_S-(solicitante)/a_Invitacin' is clicked on

2022-03-29 18:47:26 - [MESSAGE][PASSED] - Object: 'Object Repository/M-OBJECTS TAREAS SECUNDARIAS/Pruebas Bienestar/Filtro_de_Asistentes_S-(solicitante)/a_Invitacin' is clicked on

2022-03-29 18:47:26 - [TEST_STEP][PASSED] - selectOptionByIndex(findTestObject("M-OBJECTS TAREAS SECUNDARIAS/Pruebas Bienestar/Filtro_de_Asistentes_S-(solicitante)/select_SeleccioneCALIDADMENSUAL ABCMODELO EMPRESA QUINCENALPANSIONADOSPENSIONADOS BASEPRUEBAS"), 1): All options with index in [1] are selected on object 'Object Repository/M-OBJECTS TAREAS SECUNDARIAS/Pruebas Bienestar/Filtro_de_Asistentes_S-(solicitante)/select_SeleccioneCALIDADMENSUAL ABCMODELO EMPRESA QUINCENALPANSIONADOSPENSIONADOS BASEPRUEBAS'

2022-03-29 18:47:28 - [MESSAGE][PASSED] - All options with index in [1] are selected on object 'Object Repository/M-OBJECTS TAREAS SECUNDARIAS/Pruebas Bienestar/Filtro_de_Asistentes_S-(solicitante)/select_SeleccioneCALIDADMENSUAL ABCMODELO EMPRESA QUINCENALPANSIONADOSPENSIONADOS BASEPRUEBAS'

2022-03-29 18:47:28 - [TEST_STEP][PASSED] - click(findTestObject("M-OBJECTS TAREAS SECUNDARIAS/Pruebas Bienestar/Filtro_de_Asistentes_S-(solicitante)/a_Filtrar")): Object: 'Object Repository/M-OBJECTS TAREAS SECUNDARIAS/Pruebas Bienestar/Filtro_de_Asistentes_S-(solicitante)/a_Filtrar' is clicked on

2022-03-29 18:47:29 - [MESSAGE][PASSED] - Object: 'Object Repository/M-OBJECTS TAREAS SECUNDARIAS/Pruebas Bienestar/Filtro_de_Asistentes_S-(solicitante)/a_Filtrar' is clicked on

2022-03-29 18:47:29 - [TEST_STEP][PASSED] - waitForElementVisible(findTestObject("M-OBJECTS TAREAS SECUNDARIAS/Pruebas Bienestar/Filtro_de_Asistentes_S-(solicitante)/span_Listado Hojas de Vida (hoj)"), 0): Web element with id: 'Object Repository/M-OBJECTS TAREAS SECUNDARIAS/Pruebas Bienestar/Filtro_de_Asistentes_S-(solicitante)/span_Listado Hojas de Vida (hoj)' located by '//span/ul/li/span' not found

2022-03-29 18:47:29 - [MESSAGE][WARNING] - Timeout '0' is invalid. Using default page load timeout: '45'

2022-03-29 18:48:15 - [MESSAGE][INFO] - Unable to find the element located by 'By.xpath: //span/ul/li/span'. Please recheck the objects properties to make sure the desired element is located. 

2022-03-29 18:48:15 - [MESSAGE][WARNING] - Web element with id: 'Object Repository/M-OBJECTS TAREAS SECUNDARIAS/Pruebas Bienestar/Filtro_de_Asistentes_S-(solicitante)/span_Listado Hojas de Vida (hoj)' located by '//span/ul/li/span' not found

2022-03-29 18:48:15 - [TEST_STEP][PASSED] - closeBrowser(): Browser is closed

2022-03-29 18:48:16 - [MESSAGE][PASSED] - Browser is closed]]></system-out>
         <system-err><![CDATA[]]></system-err>
      </testcase>
      <testcase name="Test Cases/1.2-Tareas_Secundarias/3.1-Pruebas_Bienestar/3.1.5-Publicación_del_evento" time="91.082" classname="Test Cases/1.2-Tareas_Secundarias/3.1-Pruebas_Bienestar/3.1.5-Publicación_del_evento" status="FAILED">
         <failure type="FAILED" message="Test Cases/1.2-Tareas_Secundarias/3.1-Pruebas_Bienestar/3.1.5-Publicación_del_evento FAILED.
Reason:
com.kms.katalon.core.exception.StepFailedException: Unable to click on object
	at com.kms.katalon.core.webui.keyword.internal.WebUIKeywordMain.stepFailed(WebUIKeywordMain.groovy:64)
	at com.kms.katalon.core.webui.keyword.internal.WebUIKeywordMain.runKeyword(WebUIKeywordMain.groovy:26)
	at com.kms.katalon.core.webui.keyword.builtin.ClickKeyword.click(ClickKeyword.groovy:74)
	at com.kms.katalon.core.webui.keyword.builtin.ClickKeyword.execute(ClickKeyword.groovy:40)
	at com.kms.katalon.core.keyword.internal.KeywordExecutor.executeKeywordForPlatform(KeywordExecutor.groovy:74)
	at com.kms.katalon.core.webui.keyword.WebUiBuiltInKeywords.click(WebUiBuiltInKeywords.groovy:620)
	at com.kms.katalon.core.webui.keyword.WebUiBuiltInKeywords$click$5.call(Unknown Source)
	at 3.1.5-Publicación_del_evento.run(3.1.5-Publicación_del_evento:130)
	at com.kms.katalon.core.main.ScriptEngine.run(ScriptEngine.java:194)
	at com.kms.katalon.core.main.ScriptEngine.runScriptAsRawText(ScriptEngine.java:119)
	at com.kms.katalon.core.main.TestCaseExecutor.runScript(TestCaseExecutor.java:442)
	at com.kms.katalon.core.main.TestCaseExecutor.doExecute(TestCaseExecutor.java:433)
	at com.kms.katalon.core.main.TestCaseExecutor.processExecutionPhase(TestCaseExecutor.java:412)
	at com.kms.katalon.core.main.TestCaseExecutor.accessMainPhase(TestCaseExecutor.java:404)
	at com.kms.katalon.core.main.TestCaseExecutor.execute(TestCaseExecutor.java:281)
	at com.kms.katalon.core.main.TestSuiteExecutor.accessTestCaseMainPhase(TestSuiteExecutor.java:202)
	at com.kms.katalon.core.main.TestSuiteExecutor.accessTestSuiteMainPhase(TestSuiteExecutor.java:164)
	at com.kms.katalon.core.main.TestSuiteExecutor.execute(TestSuiteExecutor.java:105)
	at com.kms.katalon.core.main.TestCaseMain.startTestSuite(TestCaseMain.java:185)
	at com.kms.katalon.core.main.TestCaseMain$startTestSuite$0.call(Unknown Source)
	at TempTestSuite1648594435047.run(TempTestSuite1648594435047.groovy:36)
Caused by: java.lang.IllegalArgumentException: Object is null
	at com.kms.katalon.core.helper.KeywordHelper.checkTestObjectParameter(KeywordHelper.java:33)
	at com.kms.katalon.core.webui.keyword.builtin.ClickKeyword$_click_closure1.doCall(ClickKeyword.groovy:62)
	at com.kms.katalon.core.webui.keyword.builtin.ClickKeyword$_click_closure1.call(ClickKeyword.groovy)
	at com.kms.katalon.core.webui.keyword.internal.WebUIKeywordMain.runKeyword(WebUIKeywordMain.groovy:20)
	... 19 more
"/>
         <system-out><![CDATA[2022-03-29 18:48:16 - [TEST_CASE][FAILED] - Test Cases/1.2-Tareas_Secundarias/3.1-Pruebas_Bienestar/3.1.5-Publicación_del_evento: Test Cases/1.2-Tareas_Secundarias/3.1-Pruebas_Bienestar/3.1.5-Publicación_del_evento FAILED.
Reason:
com.kms.katalon.core.exception.StepFailedException: Unable to click on object
	at com.kms.katalon.core.webui.keyword.internal.WebUIKeywordMain.stepFailed(WebUIKeywordMain.groovy:64)
	at com.kms.katalon.core.webui.keyword.internal.WebUIKeywordMain.runKeyword(WebUIKeywordMain.groovy:26)
	at com.kms.katalon.core.webui.keyword.builtin.ClickKeyword.click(ClickKeyword.groovy:74)
	at com.kms.katalon.core.webui.keyword.builtin.ClickKeyword.execute(ClickKeyword.groovy:40)
	at com.kms.katalon.core.keyword.internal.KeywordExecutor.executeKeywordForPlatform(KeywordExecutor.groovy:74)
	at com.kms.katalon.core.webui.keyword.WebUiBuiltInKeywords.click(WebUiBuiltInKeywords.groovy:620)
	at com.kms.katalon.core.webui.keyword.WebUiBuiltInKeywords$click$5.call(Unknown Source)
	at 3.1.5-Publicación_del_evento.run(3.1.5-Publicación_del_evento:130)
	at com.kms.katalon.core.main.ScriptEngine.run(ScriptEngine.java:194)
	at com.kms.katalon.core.main.ScriptEngine.runScriptAsRawText(ScriptEngine.java:119)
	at com.kms.katalon.core.main.TestCaseExecutor.runScript(TestCaseExecutor.java:442)
	at com.kms.katalon.core.main.TestCaseExecutor.doExecute(TestCaseExecutor.java:433)
	at com.kms.katalon.core.main.TestCaseExecutor.processExecutionPhase(TestCaseExecutor.java:412)
	at com.kms.katalon.core.main.TestCaseExecutor.accessMainPhase(TestCaseExecutor.java:404)
	at com.kms.katalon.core.main.TestCaseExecutor.execute(TestCaseExecutor.java:281)
	at com.kms.katalon.core.main.TestSuiteExecutor.accessTestCaseMainPhase(TestSuiteExecutor.java:202)
	at com.kms.katalon.core.main.TestSuiteExecutor.accessTestSuiteMainPhase(TestSuiteExecutor.java:164)
	at com.kms.katalon.core.main.TestSuiteExecutor.execute(TestSuiteExecutor.java:105)
	at com.kms.katalon.core.main.TestCaseMain.startTestSuite(TestCaseMain.java:185)
	at com.kms.katalon.core.main.TestCaseMain$startTestSuite$0.call(Unknown Source)
	at TempTestSuite1648594435047.run(TempTestSuite1648594435047.groovy:36)
Caused by: java.lang.IllegalArgumentException: Object is null
	at com.kms.katalon.core.helper.KeywordHelper.checkTestObjectParameter(KeywordHelper.java:33)
	at com.kms.katalon.core.webui.keyword.builtin.ClickKeyword$_click_closure1.doCall(ClickKeyword.groovy:62)
	at com.kms.katalon.core.webui.keyword.builtin.ClickKeyword$_click_closure1.call(ClickKeyword.groovy)
	at com.kms.katalon.core.webui.keyword.internal.WebUIKeywordMain.runKeyword(WebUIKeywordMain.groovy:20)
	... 19 more


2022-03-29 18:48:16 - [TEST_STEP][PASSED] - comment("No Ejecutar. Falla con imagen subida"): No Ejecutar. Falla con imagen subida

2022-03-29 18:48:16 - [MESSAGE][INFO] - No Ejecutar. Falla con imagen subida

2022-03-29 18:48:16 - [TEST_STEP][PASSED] - fecha = new java.util.Date(): null

2022-03-29 18:48:16 - [TEST_STEP][PASSED] - Dia = fecha.getDate(): null

2022-03-29 18:48:16 - [TEST_STEP][PASSED] - Mes = fecha.getMonth() + 1: null

2022-03-29 18:48:16 - [TEST_STEP][PASSED] - MesN = fecha.getMonth() + 1: null

2022-03-29 18:48:16 - [TEST_STEP][PASSED] - Año = fecha.getYear() + 1900: null

2022-03-29 18:48:16 - [TEST_STEP][PASSED] - AñoN = fecha.getYear() + 1900: null

2022-03-29 18:48:16 - [TEST_STEP][PASSED] - DiaF = Dia + 10: null

2022-03-29 18:48:16 - [TEST_STEP][PASSED] - MesF = Mes + 1: null

2022-03-29 18:48:16 - [TEST_STEP][PASSED] - AñoF = Año + 1: null

2022-03-29 18:48:16 - [TEST_STEP][PASSED] - if (DiaF > 30): null

2022-03-29 18:48:16 - [TEST_STEP][PASSED] - DiaF = DiaF - Dia: null

2022-03-29 18:48:16 - [TEST_STEP][PASSED] - Mes = MesF: null

2022-03-29 18:48:16 - [TEST_STEP][PASSED] - if (MesF > 12): null

2022-03-29 18:48:16 - [TEST_STEP][PASSED] - FechaI = Dia + "/" + MesN + "/" + AñoN: null

2022-03-29 18:48:16 - [TEST_STEP][PASSED] - FechaF = DiaF + "/" + Mes + "/" + Año: null

2022-03-29 18:48:16 - [TEST_STEP][PASSED] - callTestCase(findTestCase("Utilidades-(atajos_para _tareas)/Modulos/Modulo bienestar-eventos"), [:], STOP_ON_FAILURE): Call Test Case 'Test Cases/Utilidades-(atajos_para _tareas)/Modulos/Modulo bienestar-eventos' successfully

2022-03-29 18:48:16 - [TEST_CASE][PASSED] - Test Cases/Utilidades-(atajos_para _tareas)/Modulos/Modulo bienestar-eventos: Test Cases/Utilidades-(atajos_para _tareas)/Modulos/Modulo bienestar-eventos

2022-03-29 18:48:16 - [TEST_STEP][PASSED] - callTestCase(findTestCase("0.1-Login"), [:], STOP_ON_FAILURE): Call Test Case 'Test Cases/0.1-Login' successfully

2022-03-29 18:48:16 - [TEST_CASE][PASSED] - Test Cases/0.1-Login: Test Cases/0.1-Login

2022-03-29 18:48:16 - [TEST_STEP][PASSED] - openBrowser(""): Browser is opened with url: ''

2022-03-29 18:48:16 - [MESSAGE][INFO] - Starting 'Chrome' driver

2022-03-29 18:48:16 - [MESSAGE][INFO] - Action delay is set to 50 milliseconds

2022-03-29 18:48:18 - [MESSAGE][PASSED] - Browser is opened with url: ''

2022-03-29 18:48:18 - [TEST_STEP][PASSED] - maximizeWindow(): Current window maximized

2022-03-29 18:48:18 - [MESSAGE][PASSED] - Current window maximized

2022-03-29 18:48:18 - [TEST_STEP][PASSED] - i = G_Login: null

2022-03-29 18:48:18 - [TEST_STEP][PASSED] - url = new java.net.URL(i): null

2022-03-29 18:48:18 - [TEST_STEP][PASSED] - println("URL: " + url.toString()): null

2022-03-29 18:48:18 - [TEST_STEP][PASSED] - connection = url.openConnection(): null

2022-03-29 18:48:18 - [TEST_STEP][PASSED] - connection.setRequestMethod("GET"): null

2022-03-29 18:48:18 - [TEST_STEP][PASSED] - connection.setReadTimeout(2 * 1000): null

2022-03-29 18:48:18 - [TEST_STEP][PASSED] - try: null

2022-03-29 18:48:18 - [TEST_STEP][PASSED] - connection.connect(): null

2022-03-29 18:48:18 - [TEST_STEP][PASSED] - flag = connected: null

2022-03-29 18:48:18 - [TEST_STEP][PASSED] - println("Valor_ori: " + flag): null

2022-03-29 18:48:18 - [TEST_STEP][PASSED] - if (flag): null

2022-03-29 18:48:18 - [TEST_STEP][PASSED] - navigateToUrl(i): Navigate to 'http://192.168.2.19:8380/saraweb' successfully

2022-03-29 18:48:18 - [MESSAGE][PASSED] - Navigate to 'http://192.168.2.19:8380/saraweb' successfully

2022-03-29 18:48:18 - [TEST_STEP][PASSED] - a(): null

2022-03-29 18:48:18 - [TEST_STEP][PASSED] - setText(findTestObject("Login/input_USUARIO_loginusuario"), G_Usuario): Text 'saraadmin' is set on object 'Object Repository/Login/input_USUARIO_loginusuario'

2022-03-29 18:48:19 - [MESSAGE][PASSED] - Text 'saraadmin' is set on object 'Object Repository/Login/input_USUARIO_loginusuario'

2022-03-29 18:48:19 - [TEST_STEP][PASSED] - setEncryptedText(findTestObject("Login/input_CLAVE_loginpassword"), "MkG4/TYiCFC3cb2driP7+Q=="): Text ****** has been set on object 'Object Repository/Login/input_CLAVE_loginpassword'

2022-03-29 18:48:20 - [MESSAGE][PASSED] - Text ****** has been set on object 'Object Repository/Login/input_CLAVE_loginpassword'

2022-03-29 18:48:20 - [TEST_STEP][PASSED] - waitForElementClickable(findTestObject("Login/a_Ingresar"), G_TimeOut): Object 'Object Repository/Login/a_Ingresar' is clickable

2022-03-29 18:48:20 - [MESSAGE][PASSED] - Object 'Object Repository/Login/a_Ingresar' is clickable

2022-03-29 18:48:20 - [TEST_STEP][PASSED] - click(findTestObject("Login/a_Ingresar")): Object: 'Object Repository/Login/a_Ingresar' is clicked on

2022-03-29 18:48:22 - [MESSAGE][PASSED] - Object: 'Object Repository/Login/a_Ingresar' is clicked on

2022-03-29 18:48:22 - [TEST_STEP][PASSED] - element = findWebElement(findTestObject("Login/a_Ir"), 30): null

2022-03-29 18:48:22 - [TEST_STEP][PASSED] - executeJavaScript("arguments[0].click()", Arrays.asList(element)): Execute JavaScript 'arguments[0].click()' successfully

2022-03-29 18:48:22 - [MESSAGE][PASSED] - Execute JavaScript 'arguments[0].click()' successfully

2022-03-29 18:48:22 - [MESSAGE][PASSED] - Call Test Case 'Test Cases/0.1-Login' successfully

2022-03-29 18:48:22 - [TEST_STEP][PASSED] - waitForElementClickable(findTestObject("Modulo bienestar-eventos/input_ADMINISTRADOR DEL SISTEMA"), 0): Object 'Object Repository/Modulo bienestar-eventos/input_ADMINISTRADOR DEL SISTEMA' is clickable

2022-03-29 18:48:22 - [MESSAGE][WARNING] - Timeout '0' is invalid. Using default page load timeout: '45'

2022-03-29 18:48:23 - [MESSAGE][PASSED] - Object 'Object Repository/Modulo bienestar-eventos/input_ADMINISTRADOR DEL SISTEMA' is clickable

2022-03-29 18:48:23 - [TEST_STEP][PASSED] - setText(findTestObject("Modulo bienestar-eventos/input_ADMINISTRADOR DEL SISTEMA"), "eventos (bie)"): Text 'eventos (bie)' is set on object 'Object Repository/Modulo bienestar-eventos/input_ADMINISTRADOR DEL SISTEMA'

2022-03-29 18:48:24 - [MESSAGE][PASSED] - Text 'eventos (bie)' is set on object 'Object Repository/Modulo bienestar-eventos/input_ADMINISTRADOR DEL SISTEMA'

2022-03-29 18:48:24 - [TEST_STEP][PASSED] - click(findTestObject("Modulo bienestar-eventos/span_Eventos (bie)")): Object: 'Object Repository/Modulo bienestar-eventos/span_Eventos (bie)' is clicked on

2022-03-29 18:48:26 - [MESSAGE][PASSED] - Object: 'Object Repository/Modulo bienestar-eventos/span_Eventos (bie)' is clicked on

2022-03-29 18:48:26 - [MESSAGE][PASSED] - Call Test Case 'Test Cases/Utilidades-(atajos_para _tareas)/Modulos/Modulo bienestar-eventos' successfully

2022-03-29 18:48:26 - [TEST_STEP][PASSED] - click(findTestObject("M-OBJECTS TAREAS SECUNDARIAS/Pruebas Bienestar/Publicación del evento/td_Prueba-S")): Object: 'Object Repository/M-OBJECTS TAREAS SECUNDARIAS/Pruebas Bienestar/Publicación del evento/td_Prueba-S' is clicked on

2022-03-29 18:48:28 - [MESSAGE][PASSED] - Object: 'Object Repository/M-OBJECTS TAREAS SECUNDARIAS/Pruebas Bienestar/Publicación del evento/td_Prueba-S' is clicked on

2022-03-29 18:48:28 - [TEST_STEP][PASSED] - click(findTestObject("M-OBJECTS TAREAS SECUNDARIAS/Pruebas Bienestar/Publicación del evento/a_Publicacin")): Object: 'Object Repository/M-OBJECTS TAREAS SECUNDARIAS/Pruebas Bienestar/Publicación del evento/a_Publicacin' is clicked on

2022-03-29 18:48:29 - [MESSAGE][PASSED] - Object: 'Object Repository/M-OBJECTS TAREAS SECUNDARIAS/Pruebas Bienestar/Publicación del evento/a_Publicacin' is clicked on

2022-03-29 18:48:29 - [TEST_STEP][PASSED] - if (waitForElementClickable(findTestObject("M-OBJECTS TAREAS SECUNDARIAS/Pruebas Bienestar/Publicación del evento/a_httplocalhost8380sarawebrepodocrecursosuid9dc2ce980076ceb250408bf7ce50f4ab_form_publicacionEventotabla10j_idt241"), 1)): null

2022-03-29 18:48:30 - [MESSAGE][PASSED] - Object 'Object Repository/M-OBJECTS TAREAS SECUNDARIAS/Pruebas Bienestar/Publicación del evento/a_httplocalhost8380sarawebrepodocrecursosuid9dc2ce980076ceb250408bf7ce50f4ab_form_publicacionEventotabla10j_idt241' is clickable

2022-03-29 18:48:30 - [TEST_STEP][PASSED] - click(findTestObject("M-OBJECTS TAREAS SECUNDARIAS/Pruebas Bienestar/Publicación del evento/a_httplocalhost8380sarawebrepodocrecursosuid9dc2ce980076ceb250408bf7ce50f4ab_form_publicacionEventotabla10j_idt241")): Object: 'Object Repository/M-OBJECTS TAREAS SECUNDARIAS/Pruebas Bienestar/Publicación del evento/a_httplocalhost8380sarawebrepodocrecursosuid9dc2ce980076ceb250408bf7ce50f4ab_form_publicacionEventotabla10j_idt241' is clicked on

2022-03-29 18:48:30 - [MESSAGE][PASSED] - Object: 'Object Repository/M-OBJECTS TAREAS SECUNDARIAS/Pruebas Bienestar/Publicación del evento/a_httplocalhost8380sarawebrepodocrecursosuid9dc2ce980076ceb250408bf7ce50f4ab_form_publicacionEventotabla10j_idt241' is clicked on

2022-03-29 18:48:30 - [TEST_STEP][PASSED] - click(findTestObject("M-OBJECTS TAREAS SECUNDARIAS/Pruebas Bienestar/Publicación del evento/span_Si")): Object: 'Object Repository/M-OBJECTS TAREAS SECUNDARIAS/Pruebas Bienestar/Publicación del evento/span_Si' is clicked on

2022-03-29 18:48:31 - [MESSAGE][PASSED] - Object: 'Object Repository/M-OBJECTS TAREAS SECUNDARIAS/Pruebas Bienestar/Publicación del evento/span_Si' is clicked on

2022-03-29 18:48:31 - [TEST_STEP][PASSED] - ruta = G_rutaarchivos + "logo_union_soluciones.jpg": null

2022-03-29 18:48:31 - [TEST_STEP][PASSED] - uploadFile(findTestObject("M-OBJECTS TAREAS SECUNDARIAS/Pruebas Bienestar/Publicación del evento/input_Choose_form_publicacionEventotabla1archivo_input"), ruta): File 'E:\unionweb14\logo_union_soluciones.jpg' sent to object: 'Object Repository/M-OBJECTS TAREAS SECUNDARIAS/Pruebas Bienestar/Publicación del evento/input_Choose_form_publicacionEventotabla1archivo_input'

2022-03-29 18:48:32 - [MESSAGE][PASSED] - File 'E:\unionweb14\logo_union_soluciones.jpg' sent to object: 'Object Repository/M-OBJECTS TAREAS SECUNDARIAS/Pruebas Bienestar/Publicación del evento/input_Choose_form_publicacionEventotabla1archivo_input'

2022-03-29 18:48:32 - [TEST_STEP][PASSED] - waitForElementClickable(findTestObject("M-OBJECTS TAREAS SECUNDARIAS/Pruebas Bienestar/Publicación del evento/input_Choose_form_publicacionEventotabla1subir"), 0): Object 'Object Repository/M-OBJECTS TAREAS SECUNDARIAS/Pruebas Bienestar/Publicación del evento/input_Choose_form_publicacionEventotabla1subir' is clickable

2022-03-29 18:48:32 - [MESSAGE][WARNING] - Timeout '0' is invalid. Using default page load timeout: '45'

2022-03-29 18:48:33 - [MESSAGE][PASSED] - Object 'Object Repository/M-OBJECTS TAREAS SECUNDARIAS/Pruebas Bienestar/Publicación del evento/input_Choose_form_publicacionEventotabla1subir' is clickable

2022-03-29 18:48:33 - [TEST_STEP][PASSED] - click(findTestObject("M-OBJECTS TAREAS SECUNDARIAS/Pruebas Bienestar/Publicación del evento/input_Choose_form_publicacionEventotabla1subir")): Object: 'Object Repository/M-OBJECTS TAREAS SECUNDARIAS/Pruebas Bienestar/Publicación del evento/input_Choose_form_publicacionEventotabla1subir' is clicked on

2022-03-29 18:48:34 - [MESSAGE][PASSED] - Object: 'Object Repository/M-OBJECTS TAREAS SECUNDARIAS/Pruebas Bienestar/Publicación del evento/input_Choose_form_publicacionEventotabla1subir' is clicked on

2022-03-29 18:48:34 - [TEST_STEP][PASSED] - click(findTestObject("M-OBJECTS TAREAS SECUNDARIAS/Pruebas Bienestar/Publicación del evento/input_Choose_form_publicacionEventotabla1subir")): Object: 'Object Repository/M-OBJECTS TAREAS SECUNDARIAS/Pruebas Bienestar/Publicación del evento/input_Choose_form_publicacionEventotabla1subir' is clicked on

2022-03-29 18:48:35 - [MESSAGE][PASSED] - Object: 'Object Repository/M-OBJECTS TAREAS SECUNDARIAS/Pruebas Bienestar/Publicación del evento/input_Choose_form_publicacionEventotabla1subir' is clicked on

2022-03-29 18:48:35 - [TEST_STEP][PASSED] - waitForElementVisible(findTestObject("M-OBJECTS TAREAS SECUNDARIAS/Pruebas Bienestar/Publicación del evento/span_httplocalhost8380sarawebrepodocrecursosuid9dc2ce980076ceb250408bf7ce50f4ab"), 0): Object 'Object Repository/M-OBJECTS TAREAS SECUNDARIAS/Pruebas Bienestar/Publicación del evento/span_httplocalhost8380sarawebrepodocrecursosuid9dc2ce980076ceb250408bf7ce50f4ab' is visible

2022-03-29 18:48:35 - [MESSAGE][WARNING] - Timeout '0' is invalid. Using default page load timeout: '45'

2022-03-29 18:48:35 - [MESSAGE][PASSED] - Object 'Object Repository/M-OBJECTS TAREAS SECUNDARIAS/Pruebas Bienestar/Publicación del evento/span_httplocalhost8380sarawebrepodocrecursosuid9dc2ce980076ceb250408bf7ce50f4ab' is visible

2022-03-29 18:48:35 - [TEST_STEP][PASSED] - Imagen = getText(findTestObject("M-OBJECTS TAREAS SECUNDARIAS/Pruebas Bienestar/Publicación del evento/span_httplocalhost8380sarawebrepodocrecursosuid9dc2ce980076ceb250408bf7ce50f4ab")): Text of object 'Object Repository/M-OBJECTS TAREAS SECUNDARIAS/Pruebas Bienestar/Publicación del evento/span_httplocalhost8380sarawebrepodocrecursosuid9dc2ce980076ceb250408bf7ce50f4ab' is: 'http://192.168.2.19:8380/saraweb/repodoc/recursos?uid=64f42364a287fe9901d062afb6decac0'

2022-03-29 18:48:36 - [MESSAGE][PASSED] - Text of object 'Object Repository/M-OBJECTS TAREAS SECUNDARIAS/Pruebas Bienestar/Publicación del evento/span_httplocalhost8380sarawebrepodocrecursosuid9dc2ce980076ceb250408bf7ce50f4ab' is: 'http://192.168.2.19:8380/saraweb/repodoc/recursos?uid=64f42364a287fe9901d062afb6decac0'

2022-03-29 18:48:36 - [TEST_STEP][PASSED] - setText(findTestObject("M-OBJECTS TAREAS SECUNDARIAS/Pruebas Bienestar/Publicación del evento/div_Contenido_ql-editor ql-blank"), Imagen): Text 'http://192.168.2.19:8380/saraweb/repodoc/recursos?uid=64f42364a287fe9901d062afb6decac0' is set on object 'Object Repository/M-OBJECTS TAREAS SECUNDARIAS/Pruebas Bienestar/Publicación del evento/div_Contenido_ql-editor ql-blank'

2022-03-29 18:48:37 - [MESSAGE][PASSED] - Text 'http://192.168.2.19:8380/saraweb/repodoc/recursos?uid=64f42364a287fe9901d062afb6decac0' is set on object 'Object Repository/M-OBJECTS TAREAS SECUNDARIAS/Pruebas Bienestar/Publicación del evento/div_Contenido_ql-editor ql-blank'

2022-03-29 18:48:37 - [TEST_STEP][PASSED] - click(findTestObject("M-OBJECTS TAREAS SECUNDARIAS/Pruebas Bienestar/Publicación del evento/div_Contenido_ui-editor-button")): Object: 'Object Repository/M-OBJECTS TAREAS SECUNDARIAS/Pruebas Bienestar/Publicación del evento/div_Contenido_ui-editor-button' is clicked on

2022-03-29 18:48:38 - [MESSAGE][PASSED] - Object: 'Object Repository/M-OBJECTS TAREAS SECUNDARIAS/Pruebas Bienestar/Publicación del evento/div_Contenido_ui-editor-button' is clicked on

2022-03-29 18:48:38 - [TEST_STEP][PASSED] - setText(findTestObject("M-OBJECTS TAREAS SECUNDARIAS/Pruebas Bienestar/Publicación del evento/input"), Imagen): Text 'http://192.168.2.19:8380/saraweb/repodoc/recursos?uid=64f42364a287fe9901d062afb6decac0' is set on object 'Object Repository/M-OBJECTS TAREAS SECUNDARIAS/Pruebas Bienestar/Publicación del evento/input'

2022-03-29 18:48:39 - [MESSAGE][PASSED] - Text 'http://192.168.2.19:8380/saraweb/repodoc/recursos?uid=64f42364a287fe9901d062afb6decac0' is set on object 'Object Repository/M-OBJECTS TAREAS SECUNDARIAS/Pruebas Bienestar/Publicación del evento/input'

2022-03-29 18:48:39 - [TEST_STEP][PASSED] - click(findTestObject("M-OBJECTS TAREAS SECUNDARIAS/Pruebas Bienestar/Publicación del evento/submit")): Object: 'Object Repository/M-OBJECTS TAREAS SECUNDARIAS/Pruebas Bienestar/Publicación del evento/submit' is clicked on

2022-03-29 18:48:40 - [MESSAGE][PASSED] - Object: 'Object Repository/M-OBJECTS TAREAS SECUNDARIAS/Pruebas Bienestar/Publicación del evento/submit' is clicked on

2022-03-29 18:48:40 - [TEST_STEP][PASSED] - setText(findTestObject("M-OBJECTS TAREAS SECUNDARIAS/Pruebas Bienestar/Publicación del evento/input_Fecha Publicacin_form_publicacionEventofechaInicialPub_input"), FechaI): Text '29/3/2022' is set on object 'Object Repository/M-OBJECTS TAREAS SECUNDARIAS/Pruebas Bienestar/Publicación del evento/input_Fecha Publicacin_form_publicacionEventofechaInicialPub_input'

2022-03-29 18:48:41 - [MESSAGE][PASSED] - Text '29/3/2022' is set on object 'Object Repository/M-OBJECTS TAREAS SECUNDARIAS/Pruebas Bienestar/Publicación del evento/input_Fecha Publicacin_form_publicacionEventofechaInicialPub_input'

2022-03-29 18:48:41 - [TEST_STEP][PASSED] - setText(findTestObject("M-OBJECTS TAREAS SECUNDARIAS/Pruebas Bienestar/Publicación del evento/input_Fecha Final_form_publicacionEventofechaFinalPub_input"), FechaF): Text '10/4/2022' is set on object 'Object Repository/M-OBJECTS TAREAS SECUNDARIAS/Pruebas Bienestar/Publicación del evento/input_Fecha Final_form_publicacionEventofechaFinalPub_input'

2022-03-29 18:48:42 - [MESSAGE][PASSED] - Text '10/4/2022' is set on object 'Object Repository/M-OBJECTS TAREAS SECUNDARIAS/Pruebas Bienestar/Publicación del evento/input_Fecha Final_form_publicacionEventofechaFinalPub_input'

2022-03-29 18:48:42 - [TEST_STEP][PASSED] - click(findTestObject("M-OBJECTS TAREAS SECUNDARIAS/Pruebas Bienestar/Publicación del evento/a_Actualizar")): Object: 'Object Repository/M-OBJECTS TAREAS SECUNDARIAS/Pruebas Bienestar/Publicación del evento/a_Actualizar' is clicked on

2022-03-29 18:48:43 - [MESSAGE][PASSED] - Object: 'Object Repository/M-OBJECTS TAREAS SECUNDARIAS/Pruebas Bienestar/Publicación del evento/a_Actualizar' is clicked on

2022-03-29 18:48:43 - [TEST_STEP][PASSED] - setText(findTestObject("M-OBJECTS TAREAS SECUNDARIAS/Pruebas Bienestar/Publicación del evento/input_Evento Bienestar_form_templatej_idt24_input"), "inscripcion evento"): Text 'inscripcion evento' is set on object 'Object Repository/M-OBJECTS TAREAS SECUNDARIAS/Pruebas Bienestar/Publicación del evento/input_Evento Bienestar_form_templatej_idt24_input'

2022-03-29 18:48:45 - [MESSAGE][PASSED] - Text 'inscripcion evento' is set on object 'Object Repository/M-OBJECTS TAREAS SECUNDARIAS/Pruebas Bienestar/Publicación del evento/input_Evento Bienestar_form_templatej_idt24_input'

2022-03-29 18:48:45 - [TEST_STEP][PASSED] - click(findTestObject("M-OBJECTS TAREAS SECUNDARIAS/Pruebas Bienestar/Publicación del evento/li_Inscripcion Evento (bie)")): Object: 'Object Repository/M-OBJECTS TAREAS SECUNDARIAS/Pruebas Bienestar/Publicación del evento/li_Inscripcion Evento (bie)' is clicked on

2022-03-29 18:48:46 - [MESSAGE][PASSED] - Object: 'Object Repository/M-OBJECTS TAREAS SECUNDARIAS/Pruebas Bienestar/Publicación del evento/li_Inscripcion Evento (bie)' is clicked on

2022-03-29 18:48:46 - [TEST_STEP][PASSED] - waitForElementVisible(findTestObject("M-OBJECTS TAREAS SECUNDARIAS/Pruebas Bienestar/Publicación del evento/div_IndividualArea TalentoPrograma"), 0): Web element with id: 'Object Repository/M-OBJECTS TAREAS SECUNDARIAS/Pruebas Bienestar/Publicación del evento/div_IndividualArea TalentoPrograma' located by '//div/form/div/div[2]' not found

2022-03-29 18:48:46 - [MESSAGE][WARNING] - Timeout '0' is invalid. Using default page load timeout: '45'

2022-03-29 18:49:32 - [MESSAGE][INFO] - Unable to find the element located by 'By.xpath: //div/form/div/div[2]'. Please recheck the objects properties to make sure the desired element is located. 

2022-03-29 18:49:32 - [MESSAGE][WARNING] - Web element with id: 'Object Repository/M-OBJECTS TAREAS SECUNDARIAS/Pruebas Bienestar/Publicación del evento/div_IndividualArea TalentoPrograma' located by '//div/form/div/div[2]' not found

2022-03-29 18:49:32 - [TEST_STEP][PASSED] - callTestCase(findTestCase("Utilidades-(atajos_para _tareas)/Modulos/Modulo bienestar-eventos"), [:], STOP_ON_FAILURE): Call Test Case 'Test Cases/Utilidades-(atajos_para _tareas)/Modulos/Modulo bienestar-eventos' successfully

2022-03-29 18:49:32 - [TEST_CASE][PASSED] - Test Cases/Utilidades-(atajos_para _tareas)/Modulos/Modulo bienestar-eventos: Test Cases/Utilidades-(atajos_para _tareas)/Modulos/Modulo bienestar-eventos

2022-03-29 18:49:33 - [TEST_STEP][PASSED] - callTestCase(findTestCase("0.1-Login"), [:], STOP_ON_FAILURE): Call Test Case 'Test Cases/0.1-Login' successfully

2022-03-29 18:49:33 - [TEST_CASE][PASSED] - Test Cases/0.1-Login: Test Cases/0.1-Login

2022-03-29 18:49:33 - [TEST_STEP][PASSED] - openBrowser(""): Browser is opened with url: ''

2022-03-29 18:49:33 - [MESSAGE][WARNING] - A browser is already opened. Closing browser and opening a new one

2022-03-29 18:49:33 - [MESSAGE][INFO] - Starting 'Chrome' driver

2022-03-29 18:49:33 - [MESSAGE][INFO] - Action delay is set to 50 milliseconds

2022-03-29 18:49:35 - [MESSAGE][PASSED] - Browser is opened with url: ''

2022-03-29 18:49:35 - [TEST_STEP][PASSED] - maximizeWindow(): Current window maximized

2022-03-29 18:49:35 - [MESSAGE][PASSED] - Current window maximized

2022-03-29 18:49:35 - [TEST_STEP][PASSED] - i = G_Login: null

2022-03-29 18:49:35 - [TEST_STEP][PASSED] - url = new java.net.URL(i): null

2022-03-29 18:49:35 - [TEST_STEP][PASSED] - println("URL: " + url.toString()): null

2022-03-29 18:49:35 - [TEST_STEP][PASSED] - connection = url.openConnection(): null

2022-03-29 18:49:35 - [TEST_STEP][PASSED] - connection.setRequestMethod("GET"): null

2022-03-29 18:49:35 - [TEST_STEP][PASSED] - connection.setReadTimeout(2 * 1000): null

2022-03-29 18:49:35 - [TEST_STEP][PASSED] - try: null

2022-03-29 18:49:35 - [TEST_STEP][PASSED] - connection.connect(): null

2022-03-29 18:49:35 - [TEST_STEP][PASSED] - flag = connected: null

2022-03-29 18:49:35 - [TEST_STEP][PASSED] - println("Valor_ori: " + flag): null

2022-03-29 18:49:35 - [TEST_STEP][PASSED] - if (flag): null

2022-03-29 18:49:35 - [TEST_STEP][PASSED] - navigateToUrl(i): Navigate to 'http://192.168.2.19:8380/saraweb' successfully

2022-03-29 18:49:35 - [MESSAGE][PASSED] - Navigate to 'http://192.168.2.19:8380/saraweb' successfully

2022-03-29 18:49:35 - [TEST_STEP][PASSED] - a(): null

2022-03-29 18:49:35 - [TEST_STEP][PASSED] - setText(findTestObject("Login/input_USUARIO_loginusuario"), G_Usuario): Text 'saraadmin' is set on object 'Object Repository/Login/input_USUARIO_loginusuario'

2022-03-29 18:49:36 - [MESSAGE][PASSED] - Text 'saraadmin' is set on object 'Object Repository/Login/input_USUARIO_loginusuario'

2022-03-29 18:49:36 - [TEST_STEP][PASSED] - setEncryptedText(findTestObject("Login/input_CLAVE_loginpassword"), "MkG4/TYiCFC3cb2driP7+Q=="): Text ****** has been set on object 'Object Repository/Login/input_CLAVE_loginpassword'

2022-03-29 18:49:37 - [MESSAGE][PASSED] - Text ****** has been set on object 'Object Repository/Login/input_CLAVE_loginpassword'

2022-03-29 18:49:37 - [TEST_STEP][PASSED] - waitForElementClickable(findTestObject("Login/a_Ingresar"), G_TimeOut): Object 'Object Repository/Login/a_Ingresar' is clickable

2022-03-29 18:49:37 - [MESSAGE][PASSED] - Object 'Object Repository/Login/a_Ingresar' is clickable

2022-03-29 18:49:37 - [TEST_STEP][PASSED] - click(findTestObject("Login/a_Ingresar")): Object: 'Object Repository/Login/a_Ingresar' is clicked on

2022-03-29 18:49:39 - [MESSAGE][PASSED] - Object: 'Object Repository/Login/a_Ingresar' is clicked on

2022-03-29 18:49:39 - [TEST_STEP][PASSED] - element = findWebElement(findTestObject("Login/a_Ir"), 30): null

2022-03-29 18:49:40 - [TEST_STEP][PASSED] - executeJavaScript("arguments[0].click()", Arrays.asList(element)): Execute JavaScript 'arguments[0].click()' successfully

2022-03-29 18:49:40 - [MESSAGE][PASSED] - Execute JavaScript 'arguments[0].click()' successfully

2022-03-29 18:49:40 - [MESSAGE][PASSED] - Call Test Case 'Test Cases/0.1-Login' successfully

2022-03-29 18:49:40 - [TEST_STEP][PASSED] - waitForElementClickable(findTestObject("Modulo bienestar-eventos/input_ADMINISTRADOR DEL SISTEMA"), 0): Object 'Object Repository/Modulo bienestar-eventos/input_ADMINISTRADOR DEL SISTEMA' is clickable

2022-03-29 18:49:40 - [MESSAGE][WARNING] - Timeout '0' is invalid. Using default page load timeout: '45'

2022-03-29 18:49:40 - [MESSAGE][PASSED] - Object 'Object Repository/Modulo bienestar-eventos/input_ADMINISTRADOR DEL SISTEMA' is clickable

2022-03-29 18:49:40 - [TEST_STEP][PASSED] - setText(findTestObject("Modulo bienestar-eventos/input_ADMINISTRADOR DEL SISTEMA"), "eventos (bie)"): Text 'eventos (bie)' is set on object 'Object Repository/Modulo bienestar-eventos/input_ADMINISTRADOR DEL SISTEMA'

2022-03-29 18:49:41 - [MESSAGE][PASSED] - Text 'eventos (bie)' is set on object 'Object Repository/Modulo bienestar-eventos/input_ADMINISTRADOR DEL SISTEMA'

2022-03-29 18:49:41 - [TEST_STEP][PASSED] - click(findTestObject("Modulo bienestar-eventos/span_Eventos (bie)")): Object: 'Object Repository/Modulo bienestar-eventos/span_Eventos (bie)' is clicked on

2022-03-29 18:49:43 - [MESSAGE][PASSED] - Object: 'Object Repository/Modulo bienestar-eventos/span_Eventos (bie)' is clicked on

2022-03-29 18:49:43 - [MESSAGE][PASSED] - Call Test Case 'Test Cases/Utilidades-(atajos_para _tareas)/Modulos/Modulo bienestar-eventos' successfully

2022-03-29 18:49:43 - [TEST_STEP][PASSED] - click(findTestObject("M-OBJECTS TAREAS SECUNDARIAS/Pruebas Bienestar/Publicación del evento/td_Prueba-S-SH")): Object: 'Object Repository/M-OBJECTS TAREAS SECUNDARIAS/Pruebas Bienestar/Publicación del evento/td_Prueba-S-SH' is clicked on

2022-03-29 18:49:45 - [MESSAGE][PASSED] - Object: 'Object Repository/M-OBJECTS TAREAS SECUNDARIAS/Pruebas Bienestar/Publicación del evento/td_Prueba-S-SH' is clicked on

2022-03-29 18:49:45 - [TEST_STEP][PASSED] - click(findTestObject("M-OBJECTS TAREAS SECUNDARIAS/Pruebas Bienestar/Publicación del evento/a_Publicacin")): Object: 'Object Repository/M-OBJECTS TAREAS SECUNDARIAS/Pruebas Bienestar/Publicación del evento/a_Publicacin' is clicked on

2022-03-29 18:49:46 - [MESSAGE][PASSED] - Object: 'Object Repository/M-OBJECTS TAREAS SECUNDARIAS/Pruebas Bienestar/Publicación del evento/a_Publicacin' is clicked on

2022-03-29 18:49:46 - [TEST_STEP][PASSED] - if (waitForElementClickable(findTestObject("M-OBJECTS TAREAS SECUNDARIAS/Pruebas Bienestar/Publicación del evento/a_httplocalhost8380sarawebrepodocrecursosuid9dc2ce980076ceb250408bf7ce50f4ab_form_publicacionEventotabla10j_idt241"), 1)): null

2022-03-29 18:49:47 - [MESSAGE][PASSED] - Object 'Object Repository/M-OBJECTS TAREAS SECUNDARIAS/Pruebas Bienestar/Publicación del evento/a_httplocalhost8380sarawebrepodocrecursosuid9dc2ce980076ceb250408bf7ce50f4ab_form_publicacionEventotabla10j_idt241' is clickable

2022-03-29 18:49:47 - [TEST_STEP][FAILED] - click(findTestObject("M-OBJECTS TAREAS SECUNDARIAS/Pruebas Bienestar/Crear_un_Evento/a_http192.168.2.808380sarawebrepodocrecursosuid1b4c2139c049d55efdb2cd1490277527_form_publicacionEventotabla10j_idt245")): Unable to click on object (Root cause: com.kms.katalon.core.exception.StepFailedException: Unable to click on object
	at com.kms.katalon.core.webui.keyword.internal.WebUIKeywordMain.stepFailed(WebUIKeywordMain.groovy:64)
	at com.kms.katalon.core.webui.keyword.internal.WebUIKeywordMain.runKeyword(WebUIKeywordMain.groovy:26)
	at com.kms.katalon.core.webui.keyword.builtin.ClickKeyword.click(ClickKeyword.groovy:74)
	at com.kms.katalon.core.webui.keyword.builtin.ClickKeyword.execute(ClickKeyword.groovy:40)
	at com.kms.katalon.core.keyword.internal.KeywordExecutor.executeKeywordForPlatform(KeywordExecutor.groovy:74)
	at com.kms.katalon.core.webui.keyword.WebUiBuiltInKeywords.click(WebUiBuiltInKeywords.groovy:620)
	at com.kms.katalon.core.webui.keyword.WebUiBuiltInKeywords$click$5.call(Unknown Source)
	at 3.1.5-Publicación_del_evento.run(3.1.5-Publicación_del_evento:130)
	at com.kms.katalon.core.main.ScriptEngine.run(ScriptEngine.java:194)
	at com.kms.katalon.core.main.ScriptEngine.runScriptAsRawText(ScriptEngine.java:119)
	at com.kms.katalon.core.main.TestCaseExecutor.runScript(TestCaseExecutor.java:442)
	at com.kms.katalon.core.main.TestCaseExecutor.doExecute(TestCaseExecutor.java:433)
	at com.kms.katalon.core.main.TestCaseExecutor.processExecutionPhase(TestCaseExecutor.java:412)
	at com.kms.katalon.core.main.TestCaseExecutor.accessMainPhase(TestCaseExecutor.java:404)
	at com.kms.katalon.core.main.TestCaseExecutor.execute(TestCaseExecutor.java:281)
	at com.kms.katalon.core.main.TestSuiteExecutor.accessTestCaseMainPhase(TestSuiteExecutor.java:202)
	at com.kms.katalon.core.main.TestSuiteExecutor.accessTestSuiteMainPhase(TestSuiteExecutor.java:164)
	at com.kms.katalon.core.main.TestSuiteExecutor.execute(TestSuiteExecutor.java:105)
	at com.kms.katalon.core.main.TestCaseMain.startTestSuite(TestCaseMain.java:185)
	at com.kms.katalon.core.main.TestCaseMain$startTestSuite$0.call(Unknown Source)
	at TempTestSuite1648594435047.run(TempTestSuite1648594435047.groovy:36)
Caused by: java.lang.IllegalArgumentException: Object is null
	at com.kms.katalon.core.helper.KeywordHelper.checkTestObjectParameter(KeywordHelper.java:33)
	at com.kms.katalon.core.webui.keyword.builtin.ClickKeyword$_click_closure1.doCall(ClickKeyword.groovy:62)
	at com.kms.katalon.core.webui.keyword.builtin.ClickKeyword$_click_closure1.call(ClickKeyword.groovy)
	at com.kms.katalon.core.webui.keyword.internal.WebUIKeywordMain.runKeyword(WebUIKeywordMain.groovy:20)
	at com.kms.katalon.core.webui.keyword.builtin.ClickKeyword.click(ClickKeyword.groovy:74)
	at com.kms.katalon.core.webui.keyword.builtin.ClickKeyword.execute(ClickKeyword.groovy:40)
	at com.kms.katalon.core.keyword.internal.KeywordExecutor.executeKeywordForPlatform(KeywordExecutor.groovy:74)
	at com.kms.katalon.core.webui.keyword.WebUiBuiltInKeywords.click(WebUiBuiltInKeywords.groovy:620)
	at com.kms.katalon.core.webui.keyword.WebUiBuiltInKeywords$click$5.call(Unknown Source)
	at Script1635267460904.run(Script1635267460904.groovy:130)
	... 13 more
)

2022-03-29 18:49:47 - [MESSAGE][WARNING] - Test object with id 'Object Repository/M-OBJECTS TAREAS SECUNDARIAS/Pruebas Bienestar/Crear_un_Evento/a_http192.168.2.808380sarawebrepodocrecursosuid1b4c2139c049d55efdb2cd1490277527_form_publicacionEventotabla10j_idt245' does not exist

2022-03-29 18:49:47 - [MESSAGE][WARNING] - Test object with id 'Object Repository/' does not exist

2022-03-29 18:49:47 - [MESSAGE][FAILED] - Unable to click on object (Root cause: com.kms.katalon.core.exception.StepFailedException: Unable to click on object
	at com.kms.katalon.core.webui.keyword.internal.WebUIKeywordMain.stepFailed(WebUIKeywordMain.groovy:64)
	at com.kms.katalon.core.webui.keyword.internal.WebUIKeywordMain.runKeyword(WebUIKeywordMain.groovy:26)
	at com.kms.katalon.core.webui.keyword.builtin.ClickKeyword.click(ClickKeyword.groovy:74)
	at com.kms.katalon.core.webui.keyword.builtin.ClickKeyword.execute(ClickKeyword.groovy:40)
	at com.kms.katalon.core.keyword.internal.KeywordExecutor.executeKeywordForPlatform(KeywordExecutor.groovy:74)
	at com.kms.katalon.core.webui.keyword.WebUiBuiltInKeywords.click(WebUiBuiltInKeywords.groovy:620)
	at com.kms.katalon.core.webui.keyword.WebUiBuiltInKeywords$click$5.call(Unknown Source)
	at 3.1.5-Publicación_del_evento.run(3.1.5-Publicación_del_evento:130)
	at com.kms.katalon.core.main.ScriptEngine.run(ScriptEngine.java:194)
	at com.kms.katalon.core.main.ScriptEngine.runScriptAsRawText(ScriptEngine.java:119)
	at com.kms.katalon.core.main.TestCaseExecutor.runScript(TestCaseExecutor.java:442)
	at com.kms.katalon.core.main.TestCaseExecutor.doExecute(TestCaseExecutor.java:433)
	at com.kms.katalon.core.main.TestCaseExecutor.processExecutionPhase(TestCaseExecutor.java:412)
	at com.kms.katalon.core.main.TestCaseExecutor.accessMainPhase(TestCaseExecutor.java:404)
	at com.kms.katalon.core.main.TestCaseExecutor.execute(TestCaseExecutor.java:281)
	at com.kms.katalon.core.main.TestSuiteExecutor.accessTestCaseMainPhase(TestSuiteExecutor.java:202)
	at com.kms.katalon.core.main.TestSuiteExecutor.accessTestSuiteMainPhase(TestSuiteExecutor.java:164)
	at com.kms.katalon.core.main.TestSuiteExecutor.execute(TestSuiteExecutor.java:105)
	at com.kms.katalon.core.main.TestCaseMain.startTestSuite(TestCaseMain.java:185)
	at com.kms.katalon.core.main.TestCaseMain$startTestSuite$0.call(Unknown Source)
	at TempTestSuite1648594435047.run(TempTestSuite1648594435047.groovy:36)
Caused by: java.lang.IllegalArgumentException: Object is null
	at com.kms.katalon.core.helper.KeywordHelper.checkTestObjectParameter(KeywordHelper.java:33)
	at com.kms.katalon.core.webui.keyword.builtin.ClickKeyword$_click_closure1.doCall(ClickKeyword.groovy:62)
	at com.kms.katalon.core.webui.keyword.builtin.ClickKeyword$_click_closure1.call(ClickKeyword.groovy)
	at com.kms.katalon.core.webui.keyword.internal.WebUIKeywordMain.runKeyword(WebUIKeywordMain.groovy:20)
	at com.kms.katalon.core.webui.keyword.builtin.ClickKeyword.click(ClickKeyword.groovy:74)
	at com.kms.katalon.core.webui.keyword.builtin.ClickKeyword.execute(ClickKeyword.groovy:40)
	at com.kms.katalon.core.keyword.internal.KeywordExecutor.executeKeywordForPlatform(KeywordExecutor.groovy:74)
	at com.kms.katalon.core.webui.keyword.WebUiBuiltInKeywords.click(WebUiBuiltInKeywords.groovy:620)
	at com.kms.katalon.core.webui.keyword.WebUiBuiltInKeywords$click$5.call(Unknown Source)
	at Script1635267460904.run(Script1635267460904.groovy:130)
	... 13 more
)
[[ATTACHMENT|C:\\Users\\diego.rojas\\git\\Pruebas-Minimas\\Reports\\20220329_175344\\Test_Suite_Secundaria\\1-Tareas_secundarias\\20220329_175355\\1648597787043.png]]]]></system-out>
         <system-err><![CDATA[2022-03-29 18:48:16 - [TEST_CASE][FAILED] - Test Cases/1.2-Tareas_Secundarias/3.1-Pruebas_Bienestar/3.1.5-Publicación_del_evento: Test Cases/1.2-Tareas_Secundarias/3.1-Pruebas_Bienestar/3.1.5-Publicación_del_evento FAILED.
Reason:
com.kms.katalon.core.exception.StepFailedException: Unable to click on object
	at com.kms.katalon.core.webui.keyword.internal.WebUIKeywordMain.stepFailed(WebUIKeywordMain.groovy:64)
	at com.kms.katalon.core.webui.keyword.internal.WebUIKeywordMain.runKeyword(WebUIKeywordMain.groovy:26)
	at com.kms.katalon.core.webui.keyword.builtin.ClickKeyword.click(ClickKeyword.groovy:74)
	at com.kms.katalon.core.webui.keyword.builtin.ClickKeyword.execute(ClickKeyword.groovy:40)
	at com.kms.katalon.core.keyword.internal.KeywordExecutor.executeKeywordForPlatform(KeywordExecutor.groovy:74)
	at com.kms.katalon.core.webui.keyword.WebUiBuiltInKeywords.click(WebUiBuiltInKeywords.groovy:620)
	at com.kms.katalon.core.webui.keyword.WebUiBuiltInKeywords$click$5.call(Unknown Source)
	at 3.1.5-Publicación_del_evento.run(3.1.5-Publicación_del_evento:130)
	at com.kms.katalon.core.main.ScriptEngine.run(ScriptEngine.java:194)
	at com.kms.katalon.core.main.ScriptEngine.runScriptAsRawText(ScriptEngine.java:119)
	at com.kms.katalon.core.main.TestCaseExecutor.runScript(TestCaseExecutor.java:442)
	at com.kms.katalon.core.main.TestCaseExecutor.doExecute(TestCaseExecutor.java:433)
	at com.kms.katalon.core.main.TestCaseExecutor.processExecutionPhase(TestCaseExecutor.java:412)
	at com.kms.katalon.core.main.TestCaseExecutor.accessMainPhase(TestCaseExecutor.java:404)
	at com.kms.katalon.core.main.TestCaseExecutor.execute(TestCaseExecutor.java:281)
	at com.kms.katalon.core.main.TestSuiteExecutor.accessTestCaseMainPhase(TestSuiteExecutor.java:202)
	at com.kms.katalon.core.main.TestSuiteExecutor.accessTestSuiteMainPhase(TestSuiteExecutor.java:164)
	at com.kms.katalon.core.main.TestSuiteExecutor.execute(TestSuiteExecutor.java:105)
	at com.kms.katalon.core.main.TestCaseMain.startTestSuite(TestCaseMain.java:185)
	at com.kms.katalon.core.main.TestCaseMain$startTestSuite$0.call(Unknown Source)
	at TempTestSuite1648594435047.run(TempTestSuite1648594435047.groovy:36)
Caused by: java.lang.IllegalArgumentException: Object is null
	at com.kms.katalon.core.helper.KeywordHelper.checkTestObjectParameter(KeywordHelper.java:33)
	at com.kms.katalon.core.webui.keyword.builtin.ClickKeyword$_click_closure1.doCall(ClickKeyword.groovy:62)
	at com.kms.katalon.core.webui.keyword.builtin.ClickKeyword$_click_closure1.call(ClickKeyword.groovy)
	at com.kms.katalon.core.webui.keyword.internal.WebUIKeywordMain.runKeyword(WebUIKeywordMain.groovy:20)
	... 19 more]]></system-err>
      </testcase>
      <testcase name="Test Cases/1.2-Tareas_Secundarias/3.1-Pruebas_Bienestar/3.1.6-Programación" time="24.158" classname="Test Cases/1.2-Tareas_Secundarias/3.1-Pruebas_Bienestar/3.1.6-Programación" status="PASSED">
         <system-out><![CDATA[2022-03-29 18:49:47 - [TEST_CASE][PASSED] - Test Cases/1.2-Tareas_Secundarias/3.1-Pruebas_Bienestar/3.1.6-Programación: Test Cases/1.2-Tareas_Secundarias/3.1-Pruebas_Bienestar/3.1.6-Programación

2022-03-29 18:49:47 - [TEST_STEP][PASSED] - callTestCase(findTestCase("Utilidades-(atajos_para _tareas)/Modulos/Modulo bienestar-eventos"), [:], STOP_ON_FAILURE): Call Test Case 'Test Cases/Utilidades-(atajos_para _tareas)/Modulos/Modulo bienestar-eventos' successfully

2022-03-29 18:49:47 - [TEST_CASE][PASSED] - Test Cases/Utilidades-(atajos_para _tareas)/Modulos/Modulo bienestar-eventos: Test Cases/Utilidades-(atajos_para _tareas)/Modulos/Modulo bienestar-eventos

2022-03-29 18:49:47 - [TEST_STEP][PASSED] - callTestCase(findTestCase("0.1-Login"), [:], STOP_ON_FAILURE): Call Test Case 'Test Cases/0.1-Login' successfully

2022-03-29 18:49:47 - [TEST_CASE][PASSED] - Test Cases/0.1-Login: Test Cases/0.1-Login

2022-03-29 18:49:47 - [TEST_STEP][PASSED] - openBrowser(""): Browser is opened with url: ''

2022-03-29 18:49:47 - [MESSAGE][WARNING] - A browser is already opened. Closing browser and opening a new one

2022-03-29 18:49:48 - [MESSAGE][INFO] - Starting 'Chrome' driver

2022-03-29 18:49:48 - [MESSAGE][INFO] - Action delay is set to 50 milliseconds

2022-03-29 18:49:49 - [MESSAGE][PASSED] - Browser is opened with url: ''

2022-03-29 18:49:49 - [TEST_STEP][PASSED] - maximizeWindow(): Current window maximized

2022-03-29 18:49:49 - [MESSAGE][PASSED] - Current window maximized

2022-03-29 18:49:49 - [TEST_STEP][PASSED] - i = G_Login: null

2022-03-29 18:49:49 - [TEST_STEP][PASSED] - url = new java.net.URL(i): null

2022-03-29 18:49:49 - [TEST_STEP][PASSED] - println("URL: " + url.toString()): null

2022-03-29 18:49:49 - [TEST_STEP][PASSED] - connection = url.openConnection(): null

2022-03-29 18:49:49 - [TEST_STEP][PASSED] - connection.setRequestMethod("GET"): null

2022-03-29 18:49:49 - [TEST_STEP][PASSED] - connection.setReadTimeout(2 * 1000): null

2022-03-29 18:49:49 - [TEST_STEP][PASSED] - try: null

2022-03-29 18:49:49 - [TEST_STEP][PASSED] - connection.connect(): null

2022-03-29 18:49:49 - [TEST_STEP][PASSED] - flag = connected: null

2022-03-29 18:49:49 - [TEST_STEP][PASSED] - println("Valor_ori: " + flag): null

2022-03-29 18:49:49 - [TEST_STEP][PASSED] - if (flag): null

2022-03-29 18:49:49 - [TEST_STEP][PASSED] - navigateToUrl(i): Navigate to 'http://192.168.2.19:8380/saraweb' successfully

2022-03-29 18:49:50 - [MESSAGE][PASSED] - Navigate to 'http://192.168.2.19:8380/saraweb' successfully

2022-03-29 18:49:50 - [TEST_STEP][PASSED] - a(): null

2022-03-29 18:49:50 - [TEST_STEP][PASSED] - setText(findTestObject("Login/input_USUARIO_loginusuario"), G_Usuario): Text 'saraadmin' is set on object 'Object Repository/Login/input_USUARIO_loginusuario'

2022-03-29 18:49:51 - [MESSAGE][PASSED] - Text 'saraadmin' is set on object 'Object Repository/Login/input_USUARIO_loginusuario'

2022-03-29 18:49:51 - [TEST_STEP][PASSED] - setEncryptedText(findTestObject("Login/input_CLAVE_loginpassword"), "MkG4/TYiCFC3cb2driP7+Q=="): Text ****** has been set on object 'Object Repository/Login/input_CLAVE_loginpassword'

2022-03-29 18:49:52 - [MESSAGE][PASSED] - Text ****** has been set on object 'Object Repository/Login/input_CLAVE_loginpassword'

2022-03-29 18:49:52 - [TEST_STEP][PASSED] - waitForElementClickable(findTestObject("Login/a_Ingresar"), G_TimeOut): Object 'Object Repository/Login/a_Ingresar' is clickable

2022-03-29 18:49:52 - [MESSAGE][PASSED] - Object 'Object Repository/Login/a_Ingresar' is clickable

2022-03-29 18:49:52 - [TEST_STEP][PASSED] - click(findTestObject("Login/a_Ingresar")): Object: 'Object Repository/Login/a_Ingresar' is clicked on

2022-03-29 18:49:53 - [MESSAGE][PASSED] - Object: 'Object Repository/Login/a_Ingresar' is clicked on

2022-03-29 18:49:53 - [TEST_STEP][PASSED] - element = findWebElement(findTestObject("Login/a_Ir"), 30): null

2022-03-29 18:49:53 - [TEST_STEP][PASSED] - executeJavaScript("arguments[0].click()", Arrays.asList(element)): Execute JavaScript 'arguments[0].click()' successfully

2022-03-29 18:49:53 - [MESSAGE][PASSED] - Execute JavaScript 'arguments[0].click()' successfully

2022-03-29 18:49:53 - [MESSAGE][PASSED] - Call Test Case 'Test Cases/0.1-Login' successfully

2022-03-29 18:49:53 - [TEST_STEP][PASSED] - waitForElementClickable(findTestObject("Modulo bienestar-eventos/input_ADMINISTRADOR DEL SISTEMA"), 0): Object 'Object Repository/Modulo bienestar-eventos/input_ADMINISTRADOR DEL SISTEMA' is clickable

2022-03-29 18:49:53 - [MESSAGE][WARNING] - Timeout '0' is invalid. Using default page load timeout: '45'

2022-03-29 18:49:54 - [MESSAGE][PASSED] - Object 'Object Repository/Modulo bienestar-eventos/input_ADMINISTRADOR DEL SISTEMA' is clickable

2022-03-29 18:49:54 - [TEST_STEP][PASSED] - setText(findTestObject("Modulo bienestar-eventos/input_ADMINISTRADOR DEL SISTEMA"), "eventos (bie)"): Text 'eventos (bie)' is set on object 'Object Repository/Modulo bienestar-eventos/input_ADMINISTRADOR DEL SISTEMA'

2022-03-29 18:49:55 - [MESSAGE][PASSED] - Text 'eventos (bie)' is set on object 'Object Repository/Modulo bienestar-eventos/input_ADMINISTRADOR DEL SISTEMA'

2022-03-29 18:49:55 - [TEST_STEP][PASSED] - click(findTestObject("Modulo bienestar-eventos/span_Eventos (bie)")): Object: 'Object Repository/Modulo bienestar-eventos/span_Eventos (bie)' is clicked on

2022-03-29 18:49:56 - [MESSAGE][PASSED] - Object: 'Object Repository/Modulo bienestar-eventos/span_Eventos (bie)' is clicked on

2022-03-29 18:49:56 - [MESSAGE][PASSED] - Call Test Case 'Test Cases/Utilidades-(atajos_para _tareas)/Modulos/Modulo bienestar-eventos' successfully

2022-03-29 18:49:56 - [TEST_STEP][PASSED] - click(findTestObject("M-OBJECTS TAREAS SECUNDARIAS/Pruebas Bienestar/Programación/td_Evento Salud Unico")): Object: 'Object Repository/M-OBJECTS TAREAS SECUNDARIAS/Pruebas Bienestar/Programación/td_Evento Salud Unico' is clicked on

2022-03-29 18:49:57 - [MESSAGE][PASSED] - Object: 'Object Repository/M-OBJECTS TAREAS SECUNDARIAS/Pruebas Bienestar/Programación/td_Evento Salud Unico' is clicked on

2022-03-29 18:49:57 - [TEST_STEP][PASSED] - click(findTestObject("M-OBJECTS TAREAS SECUNDARIAS/Pruebas Bienestar/Programación/a_Programacin")): Object: 'Object Repository/M-OBJECTS TAREAS SECUNDARIAS/Pruebas Bienestar/Programación/a_Programacin' is clicked on

2022-03-29 18:49:59 - [MESSAGE][PASSED] - Object: 'Object Repository/M-OBJECTS TAREAS SECUNDARIAS/Pruebas Bienestar/Programación/a_Programacin' is clicked on

2022-03-29 18:49:59 - [TEST_STEP][PASSED] - if (waitForElementClickable(findTestObject("M-OBJECTS TAREAS SECUNDARIAS/Pruebas Bienestar/Programación/a_MAR-MIE 0500-0600_form_programacionMomentoEventotablaMomentoEventoHorario0j_idt836"), 1)): Web element with id: 'Object Repository/M-OBJECTS TAREAS SECUNDARIAS/Pruebas Bienestar/Programación/a_MAR-MIE 0500-0600_form_programacionMomentoEventotablaMomentoEventoHorario0j_idt836' located by '//a[@id='form_programacionMomentoEvento:tablaMomentoEventoHorario:0:j_idt836']' not found

2022-03-29 18:50:01 - [MESSAGE][INFO] - Unable to find the element located by 'By.xpath: //a[@id='form_programacionMomentoEvento:tablaMomentoEventoHorario:0:j_idt836']'. Please recheck the objects properties to make sure the desired element is located. 

2022-03-29 18:50:01 - [MESSAGE][WARNING] - Web element with id: 'Object Repository/M-OBJECTS TAREAS SECUNDARIAS/Pruebas Bienestar/Programación/a_MAR-MIE 0500-0600_form_programacionMomentoEventotablaMomentoEventoHorario0j_idt836' located by '//a[@id='form_programacionMomentoEvento:tablaMomentoEventoHorario:0:j_idt836']' not found

2022-03-29 18:50:01 - [TEST_STEP][PASSED] - setText(findTestObject("M-OBJECTS TAREAS SECUNDARIAS/Pruebas Bienestar/Programación/input_Horario_form_programacionMomentoEventotablaMomentoEventoHorariofechaIniciaPME_input"), "27/11/2018"): Text '27/11/2018' is set on object 'Object Repository/M-OBJECTS TAREAS SECUNDARIAS/Pruebas Bienestar/Programación/input_Horario_form_programacionMomentoEventotablaMomentoEventoHorariofechaIniciaPME_input'

2022-03-29 18:50:02 - [MESSAGE][PASSED] - Text '27/11/2018' is set on object 'Object Repository/M-OBJECTS TAREAS SECUNDARIAS/Pruebas Bienestar/Programación/input_Horario_form_programacionMomentoEventotablaMomentoEventoHorariofechaIniciaPME_input'

2022-03-29 18:50:02 - [TEST_STEP][PASSED] - setText(findTestObject("M-OBJECTS TAREAS SECUNDARIAS/Pruebas Bienestar/Programación/input_Horario_form_programacionMomentoEventotablaMomentoEventoHorariofechaTerminaPME_input"), "28/11/2018"): Text '28/11/2018' is set on object 'Object Repository/M-OBJECTS TAREAS SECUNDARIAS/Pruebas Bienestar/Programación/input_Horario_form_programacionMomentoEventotablaMomentoEventoHorariofechaTerminaPME_input'

2022-03-29 18:50:03 - [MESSAGE][PASSED] - Text '28/11/2018' is set on object 'Object Repository/M-OBJECTS TAREAS SECUNDARIAS/Pruebas Bienestar/Programación/input_Horario_form_programacionMomentoEventotablaMomentoEventoHorariofechaTerminaPME_input'

2022-03-29 18:50:03 - [TEST_STEP][PASSED] - click(findTestObject("M-OBJECTS TAREAS SECUNDARIAS/Pruebas Bienestar/Programación/a_Horario_form_programacionMomentoEventotablaMomentoEventoHorarioj_idt833")): Object: 'Object Repository/M-OBJECTS TAREAS SECUNDARIAS/Pruebas Bienestar/Programación/a_Horario_form_programacionMomentoEventotablaMomentoEventoHorarioj_idt833' is clicked on

2022-03-29 18:50:03 - [MESSAGE][PASSED] - Object: 'Object Repository/M-OBJECTS TAREAS SECUNDARIAS/Pruebas Bienestar/Programación/a_Horario_form_programacionMomentoEventotablaMomentoEventoHorarioj_idt833' is clicked on

2022-03-29 18:50:03 - [TEST_STEP][PASSED] - check(findTestObject("M-OBJECTS TAREAS SECUNDARIAS/Pruebas Bienestar/Programación/label_MAR")): Object 'Object Repository/M-OBJECTS TAREAS SECUNDARIAS/Pruebas Bienestar/Programación/label_MAR' is checked

2022-03-29 18:50:05 - [MESSAGE][PASSED] - Object 'Object Repository/M-OBJECTS TAREAS SECUNDARIAS/Pruebas Bienestar/Programación/label_MAR' is checked

2022-03-29 18:50:05 - [TEST_STEP][PASSED] - check(findTestObject("M-OBJECTS TAREAS SECUNDARIAS/Pruebas Bienestar/Programación/label_MIE")): Object 'Object Repository/M-OBJECTS TAREAS SECUNDARIAS/Pruebas Bienestar/Programación/label_MIE' is checked

2022-03-29 18:50:05 - [MESSAGE][PASSED] - Object 'Object Repository/M-OBJECTS TAREAS SECUNDARIAS/Pruebas Bienestar/Programación/label_MIE' is checked

2022-03-29 18:50:05 - [TEST_STEP][PASSED] - selectOptionByIndex(findTestObject("M-OBJECTS TAREAS SECUNDARIAS/Pruebas Bienestar/Programación/select_hora1"), 5): All options with index in [5] are selected on object 'Object Repository/M-OBJECTS TAREAS SECUNDARIAS/Pruebas Bienestar/Programación/select_hora1'

2022-03-29 18:50:07 - [MESSAGE][PASSED] - All options with index in [5] are selected on object 'Object Repository/M-OBJECTS TAREAS SECUNDARIAS/Pruebas Bienestar/Programación/select_hora1'

2022-03-29 18:50:07 - [TEST_STEP][PASSED] - selectOptionByIndex(findTestObject("M-OBJECTS TAREAS SECUNDARIAS/Pruebas Bienestar/Programación/select_hora 2"), 6): All options with index in [6] are selected on object 'Object Repository/M-OBJECTS TAREAS SECUNDARIAS/Pruebas Bienestar/Programación/select_hora 2'

2022-03-29 18:50:08 - [MESSAGE][PASSED] - All options with index in [6] are selected on object 'Object Repository/M-OBJECTS TAREAS SECUNDARIAS/Pruebas Bienestar/Programación/select_hora 2'

2022-03-29 18:50:08 - [TEST_STEP][PASSED] - click(findTestObject("M-OBJECTS TAREAS SECUNDARIAS/Pruebas Bienestar/Programación/a_mas_horario")): Object: 'Object Repository/M-OBJECTS TAREAS SECUNDARIAS/Pruebas Bienestar/Programación/a_mas_horario' is clicked on

2022-03-29 18:50:08 - [MESSAGE][PASSED] - Object: 'Object Repository/M-OBJECTS TAREAS SECUNDARIAS/Pruebas Bienestar/Programación/a_mas_horario' is clicked on

2022-03-29 18:50:08 - [TEST_STEP][PASSED] - click(findTestObject("M-OBJECTS TAREAS SECUNDARIAS/Pruebas Bienestar/Programación/a_Aplicar")): Object: 'Object Repository/M-OBJECTS TAREAS SECUNDARIAS/Pruebas Bienestar/Programación/a_Aplicar' is clicked on

2022-03-29 18:50:09 - [MESSAGE][PASSED] - Object: 'Object Repository/M-OBJECTS TAREAS SECUNDARIAS/Pruebas Bienestar/Programación/a_Aplicar' is clicked on

2022-03-29 18:50:09 - [TEST_STEP][PASSED] - click(findTestObject("M-OBJECTS TAREAS SECUNDARIAS/Pruebas Bienestar/Programación/a_mas")): Object: 'Object Repository/M-OBJECTS TAREAS SECUNDARIAS/Pruebas Bienestar/Programación/a_mas' is clicked on

2022-03-29 18:50:10 - [MESSAGE][PASSED] - Object: 'Object Repository/M-OBJECTS TAREAS SECUNDARIAS/Pruebas Bienestar/Programación/a_mas' is clicked on

2022-03-29 18:50:10 - [TEST_STEP][PASSED] - closeBrowser(): Browser is closed

2022-03-29 18:50:11 - [MESSAGE][PASSED] - Browser is closed]]></system-out>
         <system-err><![CDATA[]]></system-err>
      </testcase>
      <testcase name="Test Cases/1.2-Tareas_Secundarias/3.1-Pruebas_Bienestar/3.1.7-Programacion_Múltiple" time="80.974" classname="Test Cases/1.2-Tareas_Secundarias/3.1-Pruebas_Bienestar/3.1.7-Programacion_Múltiple" status="FAILED">
         <failure type="FAILED" message="Test Cases/1.2-Tareas_Secundarias/3.1-Pruebas_Bienestar/3.1.7-Programacion_Múltiple FAILED.
Reason:
com.kms.katalon.core.exception.StepFailedException: Unable to click on object 'Object Repository/M-OBJECTS TAREAS SECUNDARIAS/Pruebas Bienestar/Programacion_Múltiple/a_Guardar'
	at com.kms.katalon.core.webui.keyword.internal.WebUIKeywordMain.stepFailed(WebUIKeywordMain.groovy:64)
	at com.kms.katalon.core.webui.keyword.internal.WebUIKeywordMain.runKeyword(WebUIKeywordMain.groovy:26)
	at com.kms.katalon.core.webui.keyword.builtin.ClickKeyword.click(ClickKeyword.groovy:74)
	at com.kms.katalon.core.webui.keyword.builtin.ClickKeyword.execute(ClickKeyword.groovy:40)
	at com.kms.katalon.core.keyword.internal.KeywordExecutor.executeKeywordForPlatform(KeywordExecutor.groovy:74)
	at com.kms.katalon.core.webui.keyword.WebUiBuiltInKeywords.click(WebUiBuiltInKeywords.groovy:620)
	at com.kms.katalon.core.webui.keyword.WebUiBuiltInKeywords$click$5.call(Unknown Source)
	at 3.1.7-Programacion_Múltiple.run(3.1.7-Programacion_Múltiple:147)
	at com.kms.katalon.core.main.ScriptEngine.run(ScriptEngine.java:194)
	at com.kms.katalon.core.main.ScriptEngine.runScriptAsRawText(ScriptEngine.java:119)
	at com.kms.katalon.core.main.TestCaseExecutor.runScript(TestCaseExecutor.java:442)
	at com.kms.katalon.core.main.TestCaseExecutor.doExecute(TestCaseExecutor.java:433)
	at com.kms.katalon.core.main.TestCaseExecutor.processExecutionPhase(TestCaseExecutor.java:412)
	at com.kms.katalon.core.main.TestCaseExecutor.accessMainPhase(TestCaseExecutor.java:404)
	at com.kms.katalon.core.main.TestCaseExecutor.execute(TestCaseExecutor.java:281)
	at com.kms.katalon.core.main.TestSuiteExecutor.accessTestCaseMainPhase(TestSuiteExecutor.java:202)
	at com.kms.katalon.core.main.TestSuiteExecutor.accessTestSuiteMainPhase(TestSuiteExecutor.java:164)
	at com.kms.katalon.core.main.TestSuiteExecutor.execute(TestSuiteExecutor.java:105)
	at com.kms.katalon.core.main.TestCaseMain.startTestSuite(TestCaseMain.java:185)
	at com.kms.katalon.core.main.TestCaseMain$startTestSuite$0.call(Unknown Source)
	at TempTestSuite1648594435047.run(TempTestSuite1648594435047.groovy:36)
Caused by: org.openqa.selenium.ElementClickInterceptedException: element click intercepted: Element &lt;a id=&quot;popupMomentoEvento_form:j_idt1564&quot; href=&quot;#&quot; class=&quot;ui-commandlink ui-widget us-boton btn-guardar&quot; onclick=&quot;PrimeFaces.ab({s:&amp;quot;popupMomentoEvento_form:j_idt1564&amp;quot;,f:&amp;quot;popupMomentoEvento_form&amp;quot;,u:&amp;quot;areaAplicacion&amp;quot;});return false;&quot;>...&lt;/a> is not clickable at point (459, 598). Other element would receive the click: &lt;div id=&quot;popupConfirmacionDialog:j_idt2166_modal&quot; class=&quot;ui-widget-overlay ui-dialog-mask&quot; style=&quot;z-index: 1032;&quot;>&lt;/div>
  (Session info: chrome=99.0.4844.84)
Build info: version: '3.141.59', revision: 'e82be7d358', time: '2018-11-14T08:25:53'
System info: host: 'US-AF-000371', ip: '192.168.56.1', os.name: 'Windows 10', os.arch: 'amd64', os.version: '10.0', java.version: '1.8.0_282'
Driver info: com.kms.katalon.selenium.driver.CChromeDriver
Capabilities {acceptInsecureCerts: false, browserName: chrome, browserVersion: 99.0.4844.84, chrome: {chromedriverVersion: 99.0.4844.51 (d537ec02474b5..., userDataDir: C:\Users\DIEGO~1.ROJ\AppDat...}, goog:chromeOptions: {debuggerAddress: localhost:54567}, javascriptEnabled: true, networkConnectionEnabled: false, pageLoadStrategy: normal, platform: WINDOWS, platformName: WINDOWS, proxy: Proxy(), setWindowRect: true, strictFileInteractability: false, timeouts: {implicit: 0, pageLoad: 300000, script: 30000}, unhandledPromptBehavior: dismiss and notify, webauthn:extension:credBlob: true, webauthn:extension:largeBlob: true, webauthn:virtualAuthenticators: true}
Session ID: 6fa969972e7de23831176ba984bb9ec7
	at org.openqa.selenium.remote.http.W3CHttpResponseCodec.createException(W3CHttpResponseCodec.java:187)
	at org.openqa.selenium.remote.http.W3CHttpResponseCodec.decode(W3CHttpResponseCodec.java:122)
	at org.openqa.selenium.remote.http.W3CHttpResponseCodec.decode(W3CHttpResponseCodec.java:49)
	at org.openqa.selenium.remote.HttpCommandExecutor.execute(HttpCommandExecutor.java:158)
	at org.openqa.selenium.remote.service.DriverCommandExecutor.execute(DriverCommandExecutor.java:83)
	at org.openqa.selenium.remote.RemoteWebDriver.execute(RemoteWebDriver.java:552)
	at com.kms.katalon.selenium.driver.CChromeDriver.execute(CChromeDriver.java:19)
	at org.openqa.selenium.remote.RemoteWebElement.execute(RemoteWebElement.java:285)
	at org.openqa.selenium.remote.RemoteWebElement.click(RemoteWebElement.java:84)
	at org.openqa.selenium.support.events.EventFiringWebDriver$EventFiringWebElement.lambda$new$0(EventFiringWebDriver.java:404)
	at com.sun.proxy.$Proxy11.click(Unknown Source)
	at org.openqa.selenium.support.events.EventFiringWebDriver$EventFiringWebElement.click(EventFiringWebDriver.java:417)
	at org.openqa.selenium.WebElement$click$0.call(Unknown Source)
	at com.kms.katalon.core.webui.keyword.builtin.ClickKeyword.clickUntilSuccessWithTimeout(ClickKeyword.groovy:81)
	at com.kms.katalon.core.webui.keyword.builtin.ClickKeyword.clickUntilSuccessWithTimeout(ClickKeyword.groovy)
	at com.kms.katalon.core.webui.keyword.builtin.ClickKeyword$_click_closure1.doCall(ClickKeyword.groovy:67)
	at com.kms.katalon.core.webui.keyword.builtin.ClickKeyword$_click_closure1.call(ClickKeyword.groovy)
	at com.kms.katalon.core.webui.keyword.internal.WebUIKeywordMain.runKeyword(WebUIKeywordMain.groovy:20)
	... 19 more
"/>
         <system-out><![CDATA[2022-03-29 18:50:11 - [TEST_CASE][FAILED] - Test Cases/1.2-Tareas_Secundarias/3.1-Pruebas_Bienestar/3.1.7-Programacion_Múltiple: Test Cases/1.2-Tareas_Secundarias/3.1-Pruebas_Bienestar/3.1.7-Programacion_Múltiple FAILED.
Reason:
com.kms.katalon.core.exception.StepFailedException: Unable to click on object 'Object Repository/M-OBJECTS TAREAS SECUNDARIAS/Pruebas Bienestar/Programacion_Múltiple/a_Guardar'
	at com.kms.katalon.core.webui.keyword.internal.WebUIKeywordMain.stepFailed(WebUIKeywordMain.groovy:64)
	at com.kms.katalon.core.webui.keyword.internal.WebUIKeywordMain.runKeyword(WebUIKeywordMain.groovy:26)
	at com.kms.katalon.core.webui.keyword.builtin.ClickKeyword.click(ClickKeyword.groovy:74)
	at com.kms.katalon.core.webui.keyword.builtin.ClickKeyword.execute(ClickKeyword.groovy:40)
	at com.kms.katalon.core.keyword.internal.KeywordExecutor.executeKeywordForPlatform(KeywordExecutor.groovy:74)
	at com.kms.katalon.core.webui.keyword.WebUiBuiltInKeywords.click(WebUiBuiltInKeywords.groovy:620)
	at com.kms.katalon.core.webui.keyword.WebUiBuiltInKeywords$click$5.call(Unknown Source)
	at 3.1.7-Programacion_Múltiple.run(3.1.7-Programacion_Múltiple:147)
	at com.kms.katalon.core.main.ScriptEngine.run(ScriptEngine.java:194)
	at com.kms.katalon.core.main.ScriptEngine.runScriptAsRawText(ScriptEngine.java:119)
	at com.kms.katalon.core.main.TestCaseExecutor.runScript(TestCaseExecutor.java:442)
	at com.kms.katalon.core.main.TestCaseExecutor.doExecute(TestCaseExecutor.java:433)
	at com.kms.katalon.core.main.TestCaseExecutor.processExecutionPhase(TestCaseExecutor.java:412)
	at com.kms.katalon.core.main.TestCaseExecutor.accessMainPhase(TestCaseExecutor.java:404)
	at com.kms.katalon.core.main.TestCaseExecutor.execute(TestCaseExecutor.java:281)
	at com.kms.katalon.core.main.TestSuiteExecutor.accessTestCaseMainPhase(TestSuiteExecutor.java:202)
	at com.kms.katalon.core.main.TestSuiteExecutor.accessTestSuiteMainPhase(TestSuiteExecutor.java:164)
	at com.kms.katalon.core.main.TestSuiteExecutor.execute(TestSuiteExecutor.java:105)
	at com.kms.katalon.core.main.TestCaseMain.startTestSuite(TestCaseMain.java:185)
	at com.kms.katalon.core.main.TestCaseMain$startTestSuite$0.call(Unknown Source)
	at TempTestSuite1648594435047.run(TempTestSuite1648594435047.groovy:36)
Caused by: org.openqa.selenium.ElementClickInterceptedException: element click intercepted: Element <a id="popupMomentoEvento_form:j_idt1564" href="#" class="ui-commandlink ui-widget us-boton btn-guardar" onclick="PrimeFaces.ab({s:&quot;popupMomentoEvento_form:j_idt1564&quot;,f:&quot;popupMomentoEvento_form&quot;,u:&quot;areaAplicacion&quot;});return false;">...</a> is not clickable at point (459, 598). Other element would receive the click: <div id="popupConfirmacionDialog:j_idt2166_modal" class="ui-widget-overlay ui-dialog-mask" style="z-index: 1032;"></div>
  (Session info: chrome=99.0.4844.84)
Build info: version: '3.141.59', revision: 'e82be7d358', time: '2018-11-14T08:25:53'
System info: host: 'US-AF-000371', ip: '192.168.56.1', os.name: 'Windows 10', os.arch: 'amd64', os.version: '10.0', java.version: '1.8.0_282'
Driver info: com.kms.katalon.selenium.driver.CChromeDriver
Capabilities {acceptInsecureCerts: false, browserName: chrome, browserVersion: 99.0.4844.84, chrome: {chromedriverVersion: 99.0.4844.51 (d537ec02474b5..., userDataDir: C:\Users\DIEGO~1.ROJ\AppDat...}, goog:chromeOptions: {debuggerAddress: localhost:54567}, javascriptEnabled: true, networkConnectionEnabled: false, pageLoadStrategy: normal, platform: WINDOWS, platformName: WINDOWS, proxy: Proxy(), setWindowRect: true, strictFileInteractability: false, timeouts: {implicit: 0, pageLoad: 300000, script: 30000}, unhandledPromptBehavior: dismiss and notify, webauthn:extension:credBlob: true, webauthn:extension:largeBlob: true, webauthn:virtualAuthenticators: true}
Session ID: 6fa969972e7de23831176ba984bb9ec7
	at org.openqa.selenium.remote.http.W3CHttpResponseCodec.createException(W3CHttpResponseCodec.java:187)
	at org.openqa.selenium.remote.http.W3CHttpResponseCodec.decode(W3CHttpResponseCodec.java:122)
	at org.openqa.selenium.remote.http.W3CHttpResponseCodec.decode(W3CHttpResponseCodec.java:49)
	at org.openqa.selenium.remote.HttpCommandExecutor.execute(HttpCommandExecutor.java:158)
	at org.openqa.selenium.remote.service.DriverCommandExecutor.execute(DriverCommandExecutor.java:83)
	at org.openqa.selenium.remote.RemoteWebDriver.execute(RemoteWebDriver.java:552)
	at com.kms.katalon.selenium.driver.CChromeDriver.execute(CChromeDriver.java:19)
	at org.openqa.selenium.remote.RemoteWebElement.execute(RemoteWebElement.java:285)
	at org.openqa.selenium.remote.RemoteWebElement.click(RemoteWebElement.java:84)
	at org.openqa.selenium.support.events.EventFiringWebDriver$EventFiringWebElement.lambda$new$0(EventFiringWebDriver.java:404)
	at com.sun.proxy.$Proxy11.click(Unknown Source)
	at org.openqa.selenium.support.events.EventFiringWebDriver$EventFiringWebElement.click(EventFiringWebDriver.java:417)
	at org.openqa.selenium.WebElement$click$0.call(Unknown Source)
	at com.kms.katalon.core.webui.keyword.builtin.ClickKeyword.clickUntilSuccessWithTimeout(ClickKeyword.groovy:81)
	at com.kms.katalon.core.webui.keyword.builtin.ClickKeyword.clickUntilSuccessWithTimeout(ClickKeyword.groovy)
	at com.kms.katalon.core.webui.keyword.builtin.ClickKeyword$_click_closure1.doCall(ClickKeyword.groovy:67)
	at com.kms.katalon.core.webui.keyword.builtin.ClickKeyword$_click_closure1.call(ClickKeyword.groovy)
	at com.kms.katalon.core.webui.keyword.internal.WebUIKeywordMain.runKeyword(WebUIKeywordMain.groovy:20)
	... 19 more


2022-03-29 18:50:11 - [TEST_STEP][PASSED] - today = new java.util.Date(): null

2022-03-29 18:50:11 - [TEST_STEP][PASSED] - Dia = today.format("dd"): null

2022-03-29 18:50:11 - [TEST_STEP][PASSED] - Mes = today.format("MM"): null

2022-03-29 18:50:11 - [TEST_STEP][PASSED] - MesN = today.format("MM"): null

2022-03-29 18:50:11 - [TEST_STEP][PASSED] - Año = today.format("yyyy"): null

2022-03-29 18:50:11 - [TEST_STEP][PASSED] - AñoN = today.format("yyyy"): null

2022-03-29 18:50:11 - [TEST_STEP][PASSED] - sumaD = Dia + 10: null

2022-03-29 18:50:11 - [TEST_STEP][PASSED] - sumaM = Mes + 1: null

2022-03-29 18:50:11 - [TEST_STEP][PASSED] - sumaA = Año + 1: null

2022-03-29 18:50:11 - [TEST_STEP][PASSED] - if (sumaD > 30): null

2022-03-29 18:50:11 - [TEST_STEP][PASSED] - sumaD = sumaD - Dia: null

2022-03-29 18:50:11 - [TEST_STEP][PASSED] - Mes = sumaM: null

2022-03-29 18:50:11 - [TEST_STEP][PASSED] - if (sumaM > 12): null

2022-03-29 18:50:11 - [TEST_STEP][PASSED] - Dia0 = Dia + 1: null

2022-03-29 18:50:11 - [TEST_STEP][PASSED] - restaD0 = sumaD - 1: null

2022-03-29 18:50:11 - [TEST_STEP][PASSED] - if (Dia0 > 30): null

2022-03-29 18:50:11 - [TEST_STEP][PASSED] - else: null

2022-03-29 18:50:11 - [TEST_STEP][PASSED] - Dia0: null

2022-03-29 18:50:11 - [TEST_STEP][PASSED] - MesN: null

2022-03-29 18:50:11 - [TEST_STEP][PASSED] - if (restaD0 < 1): null

2022-03-29 18:50:11 - [TEST_STEP][PASSED] - else: null

2022-03-29 18:50:11 - [TEST_STEP][PASSED] - restaD0: null

2022-03-29 18:50:11 - [TEST_STEP][PASSED] - Mes: null

2022-03-29 18:50:11 - [TEST_STEP][PASSED] - FechaI = Dia + "/" + MesN + "/" + AñoN: null

2022-03-29 18:50:11 - [TEST_STEP][PASSED] - FechaF = sumaD + "/" + Mes + "/" + Año: null

2022-03-29 18:50:11 - [TEST_STEP][PASSED] - FechaI0 = Dia0 + "/" + MesN + "/" + AñoN: null

2022-03-29 18:50:11 - [TEST_STEP][PASSED] - FechaF0 = restaD0 + "/" + Mes + "/" + Año: null

2022-03-29 18:50:11 - [TEST_STEP][PASSED] - callTestCase(findTestCase("Utilidades-(atajos_para _tareas)/Modulos/Modulo bienestar-eventos"), [:], STOP_ON_FAILURE): Call Test Case 'Test Cases/Utilidades-(atajos_para _tareas)/Modulos/Modulo bienestar-eventos' successfully

2022-03-29 18:50:11 - [TEST_CASE][PASSED] - Test Cases/Utilidades-(atajos_para _tareas)/Modulos/Modulo bienestar-eventos: Test Cases/Utilidades-(atajos_para _tareas)/Modulos/Modulo bienestar-eventos

2022-03-29 18:50:11 - [TEST_STEP][PASSED] - callTestCase(findTestCase("0.1-Login"), [:], STOP_ON_FAILURE): Call Test Case 'Test Cases/0.1-Login' successfully

2022-03-29 18:50:12 - [TEST_CASE][PASSED] - Test Cases/0.1-Login: Test Cases/0.1-Login

2022-03-29 18:50:12 - [TEST_STEP][PASSED] - openBrowser(""): Browser is opened with url: ''

2022-03-29 18:50:12 - [MESSAGE][INFO] - Starting 'Chrome' driver

2022-03-29 18:50:12 - [MESSAGE][INFO] - Action delay is set to 50 milliseconds

2022-03-29 18:50:13 - [MESSAGE][PASSED] - Browser is opened with url: ''

2022-03-29 18:50:13 - [TEST_STEP][PASSED] - maximizeWindow(): Current window maximized

2022-03-29 18:50:13 - [MESSAGE][PASSED] - Current window maximized

2022-03-29 18:50:13 - [TEST_STEP][PASSED] - i = G_Login: null

2022-03-29 18:50:13 - [TEST_STEP][PASSED] - url = new java.net.URL(i): null

2022-03-29 18:50:13 - [TEST_STEP][PASSED] - println("URL: " + url.toString()): null

2022-03-29 18:50:13 - [TEST_STEP][PASSED] - connection = url.openConnection(): null

2022-03-29 18:50:13 - [TEST_STEP][PASSED] - connection.setRequestMethod("GET"): null

2022-03-29 18:50:13 - [TEST_STEP][PASSED] - connection.setReadTimeout(2 * 1000): null

2022-03-29 18:50:13 - [TEST_STEP][PASSED] - try: null

2022-03-29 18:50:13 - [TEST_STEP][PASSED] - connection.connect(): null

2022-03-29 18:50:13 - [TEST_STEP][PASSED] - flag = connected: null

2022-03-29 18:50:13 - [TEST_STEP][PASSED] - println("Valor_ori: " + flag): null

2022-03-29 18:50:13 - [TEST_STEP][PASSED] - if (flag): null

2022-03-29 18:50:13 - [TEST_STEP][PASSED] - navigateToUrl(i): Navigate to 'http://192.168.2.19:8380/saraweb' successfully

2022-03-29 18:50:13 - [MESSAGE][PASSED] - Navigate to 'http://192.168.2.19:8380/saraweb' successfully

2022-03-29 18:50:13 - [TEST_STEP][PASSED] - a(): null

2022-03-29 18:50:13 - [TEST_STEP][PASSED] - setText(findTestObject("Login/input_USUARIO_loginusuario"), G_Usuario): Text 'saraadmin' is set on object 'Object Repository/Login/input_USUARIO_loginusuario'

2022-03-29 18:50:14 - [MESSAGE][PASSED] - Text 'saraadmin' is set on object 'Object Repository/Login/input_USUARIO_loginusuario'

2022-03-29 18:50:14 - [TEST_STEP][PASSED] - setEncryptedText(findTestObject("Login/input_CLAVE_loginpassword"), "MkG4/TYiCFC3cb2driP7+Q=="): Text ****** has been set on object 'Object Repository/Login/input_CLAVE_loginpassword'

2022-03-29 18:50:15 - [MESSAGE][PASSED] - Text ****** has been set on object 'Object Repository/Login/input_CLAVE_loginpassword'

2022-03-29 18:50:15 - [TEST_STEP][PASSED] - waitForElementClickable(findTestObject("Login/a_Ingresar"), G_TimeOut): Object 'Object Repository/Login/a_Ingresar' is clickable

2022-03-29 18:50:15 - [MESSAGE][PASSED] - Object 'Object Repository/Login/a_Ingresar' is clickable

2022-03-29 18:50:15 - [TEST_STEP][PASSED] - click(findTestObject("Login/a_Ingresar")): Object: 'Object Repository/Login/a_Ingresar' is clicked on

2022-03-29 18:50:17 - [MESSAGE][PASSED] - Object: 'Object Repository/Login/a_Ingresar' is clicked on

2022-03-29 18:50:17 - [TEST_STEP][PASSED] - element = findWebElement(findTestObject("Login/a_Ir"), 30): null

2022-03-29 18:50:17 - [TEST_STEP][PASSED] - executeJavaScript("arguments[0].click()", Arrays.asList(element)): Execute JavaScript 'arguments[0].click()' successfully

2022-03-29 18:50:17 - [MESSAGE][PASSED] - Execute JavaScript 'arguments[0].click()' successfully

2022-03-29 18:50:17 - [MESSAGE][PASSED] - Call Test Case 'Test Cases/0.1-Login' successfully

2022-03-29 18:50:17 - [TEST_STEP][PASSED] - waitForElementClickable(findTestObject("Modulo bienestar-eventos/input_ADMINISTRADOR DEL SISTEMA"), 0): Object 'Object Repository/Modulo bienestar-eventos/input_ADMINISTRADOR DEL SISTEMA' is clickable

2022-03-29 18:50:17 - [MESSAGE][WARNING] - Timeout '0' is invalid. Using default page load timeout: '45'

2022-03-29 18:50:18 - [MESSAGE][PASSED] - Object 'Object Repository/Modulo bienestar-eventos/input_ADMINISTRADOR DEL SISTEMA' is clickable

2022-03-29 18:50:18 - [TEST_STEP][PASSED] - setText(findTestObject("Modulo bienestar-eventos/input_ADMINISTRADOR DEL SISTEMA"), "eventos (bie)"): Text 'eventos (bie)' is set on object 'Object Repository/Modulo bienestar-eventos/input_ADMINISTRADOR DEL SISTEMA'

2022-03-29 18:50:19 - [MESSAGE][PASSED] - Text 'eventos (bie)' is set on object 'Object Repository/Modulo bienestar-eventos/input_ADMINISTRADOR DEL SISTEMA'

2022-03-29 18:50:19 - [TEST_STEP][PASSED] - click(findTestObject("Modulo bienestar-eventos/span_Eventos (bie)")): Object: 'Object Repository/Modulo bienestar-eventos/span_Eventos (bie)' is clicked on

2022-03-29 18:50:20 - [MESSAGE][PASSED] - Object: 'Object Repository/Modulo bienestar-eventos/span_Eventos (bie)' is clicked on

2022-03-29 18:50:20 - [MESSAGE][PASSED] - Call Test Case 'Test Cases/Utilidades-(atajos_para _tareas)/Modulos/Modulo bienestar-eventos' successfully

2022-03-29 18:50:20 - [TEST_STEP][PASSED] - click(findTestObject("M-OBJECTS TAREAS SECUNDARIAS/Pruebas Bienestar/Programacion_Múltiple/td_Prueba-S")): Object: 'Object Repository/M-OBJECTS TAREAS SECUNDARIAS/Pruebas Bienestar/Programacion_Múltiple/td_Prueba-S' is clicked on

2022-03-29 18:50:21 - [MESSAGE][PASSED] - Object: 'Object Repository/M-OBJECTS TAREAS SECUNDARIAS/Pruebas Bienestar/Programacion_Múltiple/td_Prueba-S' is clicked on

2022-03-29 18:50:21 - [TEST_STEP][PASSED] - click(findTestObject("M-OBJECTS TAREAS SECUNDARIAS/Pruebas Bienestar/Programacion_Múltiple/a_Momento Eventos")): Object: 'Object Repository/M-OBJECTS TAREAS SECUNDARIAS/Pruebas Bienestar/Programacion_Múltiple/a_Momento Eventos' is clicked on

2022-03-29 18:50:23 - [MESSAGE][PASSED] - Object: 'Object Repository/M-OBJECTS TAREAS SECUNDARIAS/Pruebas Bienestar/Programacion_Múltiple/a_Momento Eventos' is clicked on

2022-03-29 18:50:23 - [TEST_STEP][PASSED] - click(findTestObject("M-OBJECTS TAREAS SECUNDARIAS/Pruebas Bienestar/Programacion_Múltiple/td_prueba")): Object: 'Object Repository/M-OBJECTS TAREAS SECUNDARIAS/Pruebas Bienestar/Programacion_Múltiple/td_prueba' is clicked on

2022-03-29 18:50:24 - [MESSAGE][PASSED] - Object: 'Object Repository/M-OBJECTS TAREAS SECUNDARIAS/Pruebas Bienestar/Programacion_Múltiple/td_prueba' is clicked on

2022-03-29 18:50:24 - [TEST_STEP][PASSED] - if (waitForElementClickable(findTestObject("M-OBJECTS TAREAS SECUNDARIAS/Pruebas Bienestar/Programacion_Múltiple/a_MAR-MIE 0500-0600_popupMomentoEvento_formtablaMomentoEventoHorarioPopup0j_idt1582"), 1)): Web element with id: 'Object Repository/M-OBJECTS TAREAS SECUNDARIAS/Pruebas Bienestar/Programacion_Múltiple/a_MAR-MIE 0500-0600_popupMomentoEvento_formtablaMomentoEventoHorarioPopup0j_idt1582' located by '//a[@id='popupMomentoEvento_form:tablaMomentoEventoHorarioPopup:0:j_idt1582']' not found

2022-03-29 18:50:26 - [MESSAGE][INFO] - Unable to find the element located by 'By.xpath: //a[@id='popupMomentoEvento_form:tablaMomentoEventoHorarioPopup:0:j_idt1582']'. Please recheck the objects properties to make sure the desired element is located. 

2022-03-29 18:50:26 - [MESSAGE][WARNING] - Web element with id: 'Object Repository/M-OBJECTS TAREAS SECUNDARIAS/Pruebas Bienestar/Programacion_Múltiple/a_MAR-MIE 0500-0600_popupMomentoEvento_formtablaMomentoEventoHorarioPopup0j_idt1582' located by '//a[@id='popupMomentoEvento_form:tablaMomentoEventoHorarioPopup:0:j_idt1582']' not found

2022-03-29 18:50:26 - [TEST_STEP][PASSED] - setText(findTestObject("M-OBJECTS TAREAS SECUNDARIAS/Pruebas Bienestar/Programacion_Múltiple/input_Inscripcin Inicial_popupMomentoEvento_formpMEInscripcionInicia_input"), FechaI): Text '29/3/2022' is set on object 'Object Repository/M-OBJECTS TAREAS SECUNDARIAS/Pruebas Bienestar/Programacion_Múltiple/input_Inscripcin Inicial_popupMomentoEvento_formpMEInscripcionInicia_input'

2022-03-29 18:50:27 - [MESSAGE][PASSED] - Text '29/3/2022' is set on object 'Object Repository/M-OBJECTS TAREAS SECUNDARIAS/Pruebas Bienestar/Programacion_Múltiple/input_Inscripcin Inicial_popupMomentoEvento_formpMEInscripcionInicia_input'

2022-03-29 18:50:27 - [TEST_STEP][PASSED] - setText(findTestObject("M-OBJECTS TAREAS SECUNDARIAS/Pruebas Bienestar/Programacion_Múltiple/input_Inscripcin Termina_popupMomentoEvento_formpMEInscripcionFinaliza_input"), FechaF): Text '10/4/2022' is set on object 'Object Repository/M-OBJECTS TAREAS SECUNDARIAS/Pruebas Bienestar/Programacion_Múltiple/input_Inscripcin Termina_popupMomentoEvento_formpMEInscripcionFinaliza_input'

2022-03-29 18:50:28 - [MESSAGE][PASSED] - Text '10/4/2022' is set on object 'Object Repository/M-OBJECTS TAREAS SECUNDARIAS/Pruebas Bienestar/Programacion_Múltiple/input_Inscripcin Termina_popupMomentoEvento_formpMEInscripcionFinaliza_input'

2022-03-29 18:50:28 - [TEST_STEP][PASSED] - waitForElementPresent(findTestObject("M-OBJECTS TAREAS SECUNDARIAS/Pruebas Bienestar/Programacion_Múltiple/input_Horario_popupMomentoEvento_formtablaMomentoEventoHorarioPopupfechaInicialPop_input"), 0): Object 'Object Repository/M-OBJECTS TAREAS SECUNDARIAS/Pruebas Bienestar/Programacion_Múltiple/input_Horario_popupMomentoEvento_formtablaMomentoEventoHorarioPopupfechaInicialPop_input' is present

2022-03-29 18:50:28 - [MESSAGE][WARNING] - Timeout '0' is invalid. Using default page load timeout: '45'

2022-03-29 18:50:29 - [MESSAGE][PASSED] - Object 'Object Repository/M-OBJECTS TAREAS SECUNDARIAS/Pruebas Bienestar/Programacion_Múltiple/input_Horario_popupMomentoEvento_formtablaMomentoEventoHorarioPopupfechaInicialPop_input' is present

2022-03-29 18:50:29 - [TEST_STEP][PASSED] - setText(findTestObject("M-OBJECTS TAREAS SECUNDARIAS/Pruebas Bienestar/Programacion_Múltiple/input_Horario_popupMomentoEvento_formtablaMomentoEventoHorarioPopupfechaInicialPop_input"), FechaI): Text '29/3/2022' is set on object 'Object Repository/M-OBJECTS TAREAS SECUNDARIAS/Pruebas Bienestar/Programacion_Múltiple/input_Horario_popupMomentoEvento_formtablaMomentoEventoHorarioPopupfechaInicialPop_input'

2022-03-29 18:50:30 - [MESSAGE][PASSED] - Text '29/3/2022' is set on object 'Object Repository/M-OBJECTS TAREAS SECUNDARIAS/Pruebas Bienestar/Programacion_Múltiple/input_Horario_popupMomentoEvento_formtablaMomentoEventoHorarioPopupfechaInicialPop_input'

2022-03-29 18:50:30 - [TEST_STEP][PASSED] - sendKeys(findTestObject("M-OBJECTS TAREAS SECUNDARIAS/Pruebas Bienestar/Programacion_Múltiple/input_Horario_popupMomentoEvento_formtablaMomentoEventoHorarioPopupfechaInicialPop_input"), Keys.chord(ENTER)): Keys 'ENTER + ' sent to object: 'Object Repository/M-OBJECTS TAREAS SECUNDARIAS/Pruebas Bienestar/Programacion_Múltiple/input_Horario_popupMomentoEvento_formtablaMomentoEventoHorarioPopupfechaInicialPop_input'

2022-03-29 18:50:31 - [MESSAGE][PASSED] - Keys 'ENTER + ' sent to object: 'Object Repository/M-OBJECTS TAREAS SECUNDARIAS/Pruebas Bienestar/Programacion_Múltiple/input_Horario_popupMomentoEvento_formtablaMomentoEventoHorarioPopupfechaInicialPop_input'

2022-03-29 18:50:31 - [TEST_STEP][PASSED] - waitForElementPresent(findTestObject("M-OBJECTS TAREAS SECUNDARIAS/Pruebas Bienestar/Programacion_Múltiple/input_Horario_popupMomentoEvento_formtablaMomentoEventoHorarioPopuppMEFechaTerminaPopup_input"), 0): Object 'Object Repository/M-OBJECTS TAREAS SECUNDARIAS/Pruebas Bienestar/Programacion_Múltiple/input_Horario_popupMomentoEvento_formtablaMomentoEventoHorarioPopuppMEFechaTerminaPopup_input' is present

2022-03-29 18:50:31 - [MESSAGE][WARNING] - Timeout '0' is invalid. Using default page load timeout: '45'

2022-03-29 18:50:31 - [MESSAGE][PASSED] - Object 'Object Repository/M-OBJECTS TAREAS SECUNDARIAS/Pruebas Bienestar/Programacion_Múltiple/input_Horario_popupMomentoEvento_formtablaMomentoEventoHorarioPopuppMEFechaTerminaPopup_input' is present

2022-03-29 18:50:31 - [TEST_STEP][PASSED] - setText(findTestObject("M-OBJECTS TAREAS SECUNDARIAS/Pruebas Bienestar/Programacion_Múltiple/input_Horario_popupMomentoEvento_formtablaMomentoEventoHorarioPopuppMEFechaTerminaPopup_input"), FechaF): Text '10/4/2022' is set on object 'Object Repository/M-OBJECTS TAREAS SECUNDARIAS/Pruebas Bienestar/Programacion_Múltiple/input_Horario_popupMomentoEvento_formtablaMomentoEventoHorarioPopuppMEFechaTerminaPopup_input'

2022-03-29 18:50:32 - [MESSAGE][PASSED] - Text '10/4/2022' is set on object 'Object Repository/M-OBJECTS TAREAS SECUNDARIAS/Pruebas Bienestar/Programacion_Múltiple/input_Horario_popupMomentoEvento_formtablaMomentoEventoHorarioPopuppMEFechaTerminaPopup_input'

2022-03-29 18:50:32 - [TEST_STEP][PASSED] - sendKeys(findTestObject("M-OBJECTS TAREAS SECUNDARIAS/Pruebas Bienestar/Programacion_Múltiple/input_Horario_popupMomentoEvento_formtablaMomentoEventoHorarioPopuppMEFechaTerminaPopup_input"), Keys.chord(ESCAPE)): Keys 'ESCAPE + ' sent to object: 'Object Repository/M-OBJECTS TAREAS SECUNDARIAS/Pruebas Bienestar/Programacion_Múltiple/input_Horario_popupMomentoEvento_formtablaMomentoEventoHorarioPopuppMEFechaTerminaPopup_input'

2022-03-29 18:50:33 - [MESSAGE][PASSED] - Keys 'ESCAPE + ' sent to object: 'Object Repository/M-OBJECTS TAREAS SECUNDARIAS/Pruebas Bienestar/Programacion_Múltiple/input_Horario_popupMomentoEvento_formtablaMomentoEventoHorarioPopuppMEFechaTerminaPopup_input'

2022-03-29 18:50:33 - [TEST_STEP][PASSED] - click(findTestObject("M-OBJECTS TAREAS SECUNDARIAS/Pruebas Bienestar/Programacion_Múltiple/a_Horario_popupMomentoEvento_formtablaMomentoEventoHorarioPopupj_idt1579"), STOP_ON_FAILURE): Object: 'Object Repository/M-OBJECTS TAREAS SECUNDARIAS/Pruebas Bienestar/Programacion_Múltiple/a_Horario_popupMomentoEvento_formtablaMomentoEventoHorarioPopupj_idt1579' is clicked on

2022-03-29 18:50:33 - [MESSAGE][PASSED] - Object: 'Object Repository/M-OBJECTS TAREAS SECUNDARIAS/Pruebas Bienestar/Programacion_Múltiple/a_Horario_popupMomentoEvento_formtablaMomentoEventoHorarioPopupj_idt1579' is clicked on

2022-03-29 18:50:33 - [TEST_STEP][PASSED] - sendKeys(findTestObject("M-OBJECTS TAREAS SECUNDARIAS/Pruebas Bienestar/Programacion_Múltiple/input_Horario_popupMomentoEvento_formtablaMomentoEventoHorarioPopuppMEFechaTerminaPopup_input"), Keys.chord(ENTER)): Keys 'ENTER + ' sent to object: 'Object Repository/M-OBJECTS TAREAS SECUNDARIAS/Pruebas Bienestar/Programacion_Múltiple/input_Horario_popupMomentoEvento_formtablaMomentoEventoHorarioPopuppMEFechaTerminaPopup_input'

2022-03-29 18:50:34 - [MESSAGE][PASSED] - Keys 'ENTER + ' sent to object: 'Object Repository/M-OBJECTS TAREAS SECUNDARIAS/Pruebas Bienestar/Programacion_Múltiple/input_Horario_popupMomentoEvento_formtablaMomentoEventoHorarioPopuppMEFechaTerminaPopup_input'

2022-03-29 18:50:34 - [TEST_STEP][PASSED] - waitForElementClickable(findTestObject("M-OBJECTS TAREAS SECUNDARIAS/Pruebas Bienestar/Programacion_Múltiple/label_MAR"), 0): Object 'Object Repository/M-OBJECTS TAREAS SECUNDARIAS/Pruebas Bienestar/Programacion_Múltiple/label_MAR' is clickable

2022-03-29 18:50:34 - [MESSAGE][WARNING] - Timeout '0' is invalid. Using default page load timeout: '45'

2022-03-29 18:50:35 - [MESSAGE][PASSED] - Object 'Object Repository/M-OBJECTS TAREAS SECUNDARIAS/Pruebas Bienestar/Programacion_Múltiple/label_MAR' is clickable

2022-03-29 18:50:35 - [TEST_STEP][PASSED] - check(findTestObject("M-OBJECTS TAREAS SECUNDARIAS/Pruebas Bienestar/Programacion_Múltiple/label_MAR")): Object 'Object Repository/M-OBJECTS TAREAS SECUNDARIAS/Pruebas Bienestar/Programacion_Múltiple/label_MAR' is checked

2022-03-29 18:50:35 - [MESSAGE][PASSED] - Object 'Object Repository/M-OBJECTS TAREAS SECUNDARIAS/Pruebas Bienestar/Programacion_Múltiple/label_MAR' is checked

2022-03-29 18:50:35 - [TEST_STEP][PASSED] - check(findTestObject("M-OBJECTS TAREAS SECUNDARIAS/Pruebas Bienestar/Programacion_Múltiple/label_MIE")): Object 'Object Repository/M-OBJECTS TAREAS SECUNDARIAS/Pruebas Bienestar/Programacion_Múltiple/label_MIE' is checked

2022-03-29 18:50:36 - [MESSAGE][PASSED] - Object 'Object Repository/M-OBJECTS TAREAS SECUNDARIAS/Pruebas Bienestar/Programacion_Múltiple/label_MIE' is checked

2022-03-29 18:50:36 - [TEST_STEP][PASSED] - selectOptionByIndex(findTestObject("M-OBJECTS TAREAS SECUNDARIAS/Pruebas Bienestar/Programacion_Múltiple/select_01"), 5): All options with index in [5] are selected on object 'Object Repository/M-OBJECTS TAREAS SECUNDARIAS/Pruebas Bienestar/Programacion_Múltiple/select_01'

2022-03-29 18:50:37 - [MESSAGE][PASSED] - All options with index in [5] are selected on object 'Object Repository/M-OBJECTS TAREAS SECUNDARIAS/Pruebas Bienestar/Programacion_Múltiple/select_01'

2022-03-29 18:50:37 - [TEST_STEP][PASSED] - selectOptionByIndex(findTestObject("M-OBJECTS TAREAS SECUNDARIAS/Pruebas Bienestar/Programacion_Múltiple/select_02"), 6): All options with index in [6] are selected on object 'Object Repository/M-OBJECTS TAREAS SECUNDARIAS/Pruebas Bienestar/Programacion_Múltiple/select_02'

2022-03-29 18:50:39 - [MESSAGE][PASSED] - All options with index in [6] are selected on object 'Object Repository/M-OBJECTS TAREAS SECUNDARIAS/Pruebas Bienestar/Programacion_Múltiple/select_02'

2022-03-29 18:50:39 - [TEST_STEP][PASSED] - click(findTestObject("M-OBJECTS TAREAS SECUNDARIAS/Pruebas Bienestar/Programacion_Múltiple/a_mas_Horario")): Object: 'Object Repository/M-OBJECTS TAREAS SECUNDARIAS/Pruebas Bienestar/Programacion_Múltiple/a_mas_Horario' is clicked on

2022-03-29 18:50:39 - [MESSAGE][PASSED] - Object: 'Object Repository/M-OBJECTS TAREAS SECUNDARIAS/Pruebas Bienestar/Programacion_Múltiple/a_mas_Horario' is clicked on

2022-03-29 18:50:39 - [TEST_STEP][PASSED] - waitForElementClickable(findTestObject("M-OBJECTS TAREAS SECUNDARIAS/Pruebas Bienestar/Programacion_Múltiple/td_LUN-MAR 0500-0600"), 2): Web element with id: 'Object Repository/M-OBJECTS TAREAS SECUNDARIAS/Pruebas Bienestar/Programacion_Múltiple/td_LUN-MAR 0500-0600' located by '//*/text()[normalize-space(.)='LUN-MAR 05:00-06:00']/parent::*' not found

2022-03-29 18:50:42 - [MESSAGE][INFO] - Unable to find the element located by 'By.xpath: //*/text()[normalize-space(.)='LUN-MAR 05:00-06:00']/parent::*'. Please recheck the objects properties to make sure the desired element is located. 

2022-03-29 18:50:42 - [MESSAGE][WARNING] - Web element with id: 'Object Repository/M-OBJECTS TAREAS SECUNDARIAS/Pruebas Bienestar/Programacion_Múltiple/td_LUN-MAR 0500-0600' located by '//*/text()[normalize-space(.)='LUN-MAR 05:00-06:00']/parent::*' not found

2022-03-29 18:50:42 - [TEST_STEP][PASSED] - click(findTestObject("M-OBJECTS TAREAS SECUNDARIAS/Pruebas Bienestar/Programacion_Múltiple/a_Aplicar")): Object: 'Object Repository/M-OBJECTS TAREAS SECUNDARIAS/Pruebas Bienestar/Programacion_Múltiple/a_Aplicar' is clicked on

2022-03-29 18:50:43 - [MESSAGE][PASSED] - Object: 'Object Repository/M-OBJECTS TAREAS SECUNDARIAS/Pruebas Bienestar/Programacion_Múltiple/a_Aplicar' is clicked on

2022-03-29 18:50:43 - [TEST_STEP][PASSED] - click(findTestObject("M-OBJECTS TAREAS SECUNDARIAS/Pruebas Bienestar/Programacion_Múltiple/a_Icon_mas_principal")): Object: 'Object Repository/M-OBJECTS TAREAS SECUNDARIAS/Pruebas Bienestar/Programacion_Múltiple/a_Icon_mas_principal' is clicked on

2022-03-29 18:50:44 - [MESSAGE][PASSED] - Object: 'Object Repository/M-OBJECTS TAREAS SECUNDARIAS/Pruebas Bienestar/Programacion_Múltiple/a_Icon_mas_principal' is clicked on

2022-03-29 18:50:44 - [TEST_STEP][FAILED] - click(findTestObject("M-OBJECTS TAREAS SECUNDARIAS/Pruebas Bienestar/Programacion_Múltiple/a_Guardar")): Unable to click on object 'Object Repository/M-OBJECTS TAREAS SECUNDARIAS/Pruebas Bienestar/Programacion_Múltiple/a_Guardar' (Root cause: com.kms.katalon.core.exception.StepFailedException: Unable to click on object 'Object Repository/M-OBJECTS TAREAS SECUNDARIAS/Pruebas Bienestar/Programacion_Múltiple/a_Guardar'
	at com.kms.katalon.core.webui.keyword.internal.WebUIKeywordMain.stepFailed(WebUIKeywordMain.groovy:64)
	at com.kms.katalon.core.webui.keyword.internal.WebUIKeywordMain.runKeyword(WebUIKeywordMain.groovy:26)
	at com.kms.katalon.core.webui.keyword.builtin.ClickKeyword.click(ClickKeyword.groovy:74)
	at com.kms.katalon.core.webui.keyword.builtin.ClickKeyword.execute(ClickKeyword.groovy:40)
	at com.kms.katalon.core.keyword.internal.KeywordExecutor.executeKeywordForPlatform(KeywordExecutor.groovy:74)
	at com.kms.katalon.core.webui.keyword.WebUiBuiltInKeywords.click(WebUiBuiltInKeywords.groovy:620)
	at com.kms.katalon.core.webui.keyword.WebUiBuiltInKeywords$click$5.call(Unknown Source)
	at 3.1.7-Programacion_Múltiple.run(3.1.7-Programacion_Múltiple:147)
	at com.kms.katalon.core.main.ScriptEngine.run(ScriptEngine.java:194)
	at com.kms.katalon.core.main.ScriptEngine.runScriptAsRawText(ScriptEngine.java:119)
	at com.kms.katalon.core.main.TestCaseExecutor.runScript(TestCaseExecutor.java:442)
	at com.kms.katalon.core.main.TestCaseExecutor.doExecute(TestCaseExecutor.java:433)
	at com.kms.katalon.core.main.TestCaseExecutor.processExecutionPhase(TestCaseExecutor.java:412)
	at com.kms.katalon.core.main.TestCaseExecutor.accessMainPhase(TestCaseExecutor.java:404)
	at com.kms.katalon.core.main.TestCaseExecutor.execute(TestCaseExecutor.java:281)
	at com.kms.katalon.core.main.TestSuiteExecutor.accessTestCaseMainPhase(TestSuiteExecutor.java:202)
	at com.kms.katalon.core.main.TestSuiteExecutor.accessTestSuiteMainPhase(TestSuiteExecutor.java:164)
	at com.kms.katalon.core.main.TestSuiteExecutor.execute(TestSuiteExecutor.java:105)
	at com.kms.katalon.core.main.TestCaseMain.startTestSuite(TestCaseMain.java:185)
	at com.kms.katalon.core.main.TestCaseMain$startTestSuite$0.call(Unknown Source)
	at TempTestSuite1648594435047.run(TempTestSuite1648594435047.groovy:36)
Caused by: org.openqa.selenium.ElementClickInterceptedException: element click intercepted: Element <a id="popupMomentoEvento_form:j_idt1564" href="#" class="ui-commandlink ui-widget us-boton btn-guardar" onclick="PrimeFaces.ab({s:&quot;popupMomentoEvento_form:j_idt1564&quot;,f:&quot;popupMomentoEvento_form&quot;,u:&quot;areaAplicacion&quot;});return false;">...</a> is not clickable at point (459, 598). Other element would receive the click: <div id="popupConfirmacionDialog:j_idt2166_modal" class="ui-widget-overlay ui-dialog-mask" style="z-index: 1032;"></div>
  (Session info: chrome=99.0.4844.84)
Build info: version: '3.141.59', revision: 'e82be7d358', time: '2018-11-14T08:25:53'
System info: host: 'US-AF-000371', ip: '192.168.56.1', os.name: 'Windows 10', os.arch: 'amd64', os.version: '10.0', java.version: '1.8.0_282'
Driver info: com.kms.katalon.selenium.driver.CChromeDriver
Capabilities {acceptInsecureCerts: false, browserName: chrome, browserVersion: 99.0.4844.84, chrome: {chromedriverVersion: 99.0.4844.51 (d537ec02474b5..., userDataDir: C:\Users\DIEGO~1.ROJ\AppDat...}, goog:chromeOptions: {debuggerAddress: localhost:54567}, javascriptEnabled: true, networkConnectionEnabled: false, pageLoadStrategy: normal, platform: WINDOWS, platformName: WINDOWS, proxy: Proxy(), setWindowRect: true, strictFileInteractability: false, timeouts: {implicit: 0, pageLoad: 300000, script: 30000}, unhandledPromptBehavior: dismiss and notify, webauthn:extension:credBlob: true, webauthn:extension:largeBlob: true, webauthn:virtualAuthenticators: true}
Session ID: 6fa969972e7de23831176ba984bb9ec7
	at org.openqa.selenium.remote.http.W3CHttpResponseCodec.createException(W3CHttpResponseCodec.java:187)
	at org.openqa.selenium.remote.http.W3CHttpResponseCodec.decode(W3CHttpResponseCodec.java:122)
	at org.openqa.selenium.remote.http.W3CHttpResponseCodec.decode(W3CHttpResponseCodec.java:49)
	at org.openqa.selenium.remote.HttpCommandExecutor.execute(HttpCommandExecutor.java:158)
	at org.openqa.selenium.remote.service.DriverCommandExecutor.execute(DriverCommandExecutor.java:83)
	at org.openqa.selenium.remote.RemoteWebDriver.execute(RemoteWebDriver.java:552)
	at com.kms.katalon.selenium.driver.CChromeDriver.execute(CChromeDriver.java:19)
	at org.openqa.selenium.remote.RemoteWebElement.execute(RemoteWebElement.java:285)
	at org.openqa.selenium.remote.RemoteWebElement.click(RemoteWebElement.java:84)
	at org.openqa.selenium.support.events.EventFiringWebDriver$EventFiringWebElement.lambda$new$0(EventFiringWebDriver.java:404)
	at com.sun.proxy.$Proxy11.click(Unknown Source)
	at org.openqa.selenium.support.events.EventFiringWebDriver$EventFiringWebElement.click(EventFiringWebDriver.java:417)
	at org.openqa.selenium.WebElement$click$0.call(Unknown Source)
	at com.kms.katalon.core.webui.keyword.builtin.ClickKeyword.clickUntilSuccessWithTimeout(ClickKeyword.groovy:81)
	at com.kms.katalon.core.webui.keyword.builtin.ClickKeyword.clickUntilSuccessWithTimeout(ClickKeyword.groovy)
	at com.kms.katalon.core.webui.keyword.builtin.ClickKeyword$_click_closure1.doCall(ClickKeyword.groovy:67)
	at com.kms.katalon.core.webui.keyword.builtin.ClickKeyword$_click_closure1.call(ClickKeyword.groovy)
	at com.kms.katalon.core.webui.keyword.internal.WebUIKeywordMain.runKeyword(WebUIKeywordMain.groovy:20)
	at com.kms.katalon.core.webui.keyword.builtin.ClickKeyword.click(ClickKeyword.groovy:74)
	at com.kms.katalon.core.webui.keyword.builtin.ClickKeyword.execute(ClickKeyword.groovy:40)
	at com.kms.katalon.core.keyword.internal.KeywordExecutor.executeKeywordForPlatform(KeywordExecutor.groovy:74)
	at com.kms.katalon.core.webui.keyword.WebUiBuiltInKeywords.click(WebUiBuiltInKeywords.groovy:620)
	at com.kms.katalon.core.webui.keyword.WebUiBuiltInKeywords$click$5.call(Unknown Source)
	at Script1635424461915.run(Script1635424461915.groovy:147)
	... 13 more
)

2022-03-29 18:51:32 - [MESSAGE][FAILED] - Unable to click on object 'Object Repository/M-OBJECTS TAREAS SECUNDARIAS/Pruebas Bienestar/Programacion_Múltiple/a_Guardar' (Root cause: com.kms.katalon.core.exception.StepFailedException: Unable to click on object 'Object Repository/M-OBJECTS TAREAS SECUNDARIAS/Pruebas Bienestar/Programacion_Múltiple/a_Guardar'
	at com.kms.katalon.core.webui.keyword.internal.WebUIKeywordMain.stepFailed(WebUIKeywordMain.groovy:64)
	at com.kms.katalon.core.webui.keyword.internal.WebUIKeywordMain.runKeyword(WebUIKeywordMain.groovy:26)
	at com.kms.katalon.core.webui.keyword.builtin.ClickKeyword.click(ClickKeyword.groovy:74)
	at com.kms.katalon.core.webui.keyword.builtin.ClickKeyword.execute(ClickKeyword.groovy:40)
	at com.kms.katalon.core.keyword.internal.KeywordExecutor.executeKeywordForPlatform(KeywordExecutor.groovy:74)
	at com.kms.katalon.core.webui.keyword.WebUiBuiltInKeywords.click(WebUiBuiltInKeywords.groovy:620)
	at com.kms.katalon.core.webui.keyword.WebUiBuiltInKeywords$click$5.call(Unknown Source)
	at 3.1.7-Programacion_Múltiple.run(3.1.7-Programacion_Múltiple:147)
	at com.kms.katalon.core.main.ScriptEngine.run(ScriptEngine.java:194)
	at com.kms.katalon.core.main.ScriptEngine.runScriptAsRawText(ScriptEngine.java:119)
	at com.kms.katalon.core.main.TestCaseExecutor.runScript(TestCaseExecutor.java:442)
	at com.kms.katalon.core.main.TestCaseExecutor.doExecute(TestCaseExecutor.java:433)
	at com.kms.katalon.core.main.TestCaseExecutor.processExecutionPhase(TestCaseExecutor.java:412)
	at com.kms.katalon.core.main.TestCaseExecutor.accessMainPhase(TestCaseExecutor.java:404)
	at com.kms.katalon.core.main.TestCaseExecutor.execute(TestCaseExecutor.java:281)
	at com.kms.katalon.core.main.TestSuiteExecutor.accessTestCaseMainPhase(TestSuiteExecutor.java:202)
	at com.kms.katalon.core.main.TestSuiteExecutor.accessTestSuiteMainPhase(TestSuiteExecutor.java:164)
	at com.kms.katalon.core.main.TestSuiteExecutor.execute(TestSuiteExecutor.java:105)
	at com.kms.katalon.core.main.TestCaseMain.startTestSuite(TestCaseMain.java:185)
	at com.kms.katalon.core.main.TestCaseMain$startTestSuite$0.call(Unknown Source)
	at TempTestSuite1648594435047.run(TempTestSuite1648594435047.groovy:36)
Caused by: org.openqa.selenium.ElementClickInterceptedException: element click intercepted: Element <a id="popupMomentoEvento_form:j_idt1564" href="#" class="ui-commandlink ui-widget us-boton btn-guardar" onclick="PrimeFaces.ab({s:&quot;popupMomentoEvento_form:j_idt1564&quot;,f:&quot;popupMomentoEvento_form&quot;,u:&quot;areaAplicacion&quot;});return false;">...</a> is not clickable at point (459, 598). Other element would receive the click: <div id="popupConfirmacionDialog:j_idt2166_modal" class="ui-widget-overlay ui-dialog-mask" style="z-index: 1032;"></div>
  (Session info: chrome=99.0.4844.84)
Build info: version: '3.141.59', revision: 'e82be7d358', time: '2018-11-14T08:25:53'
System info: host: 'US-AF-000371', ip: '192.168.56.1', os.name: 'Windows 10', os.arch: 'amd64', os.version: '10.0', java.version: '1.8.0_282'
Driver info: com.kms.katalon.selenium.driver.CChromeDriver
Capabilities {acceptInsecureCerts: false, browserName: chrome, browserVersion: 99.0.4844.84, chrome: {chromedriverVersion: 99.0.4844.51 (d537ec02474b5..., userDataDir: C:\Users\DIEGO~1.ROJ\AppDat...}, goog:chromeOptions: {debuggerAddress: localhost:54567}, javascriptEnabled: true, networkConnectionEnabled: false, pageLoadStrategy: normal, platform: WINDOWS, platformName: WINDOWS, proxy: Proxy(), setWindowRect: true, strictFileInteractability: false, timeouts: {implicit: 0, pageLoad: 300000, script: 30000}, unhandledPromptBehavior: dismiss and notify, webauthn:extension:credBlob: true, webauthn:extension:largeBlob: true, webauthn:virtualAuthenticators: true}
Session ID: 6fa969972e7de23831176ba984bb9ec7
	at org.openqa.selenium.remote.http.W3CHttpResponseCodec.createException(W3CHttpResponseCodec.java:187)
	at org.openqa.selenium.remote.http.W3CHttpResponseCodec.decode(W3CHttpResponseCodec.java:122)
	at org.openqa.selenium.remote.http.W3CHttpResponseCodec.decode(W3CHttpResponseCodec.java:49)
	at org.openqa.selenium.remote.HttpCommandExecutor.execute(HttpCommandExecutor.java:158)
	at org.openqa.selenium.remote.service.DriverCommandExecutor.execute(DriverCommandExecutor.java:83)
	at org.openqa.selenium.remote.RemoteWebDriver.execute(RemoteWebDriver.java:552)
	at com.kms.katalon.selenium.driver.CChromeDriver.execute(CChromeDriver.java:19)
	at org.openqa.selenium.remote.RemoteWebElement.execute(RemoteWebElement.java:285)
	at org.openqa.selenium.remote.RemoteWebElement.click(RemoteWebElement.java:84)
	at org.openqa.selenium.support.events.EventFiringWebDriver$EventFiringWebElement.lambda$new$0(EventFiringWebDriver.java:404)
	at com.sun.proxy.$Proxy11.click(Unknown Source)
	at org.openqa.selenium.support.events.EventFiringWebDriver$EventFiringWebElement.click(EventFiringWebDriver.java:417)
	at org.openqa.selenium.WebElement$click$0.call(Unknown Source)
	at com.kms.katalon.core.webui.keyword.builtin.ClickKeyword.clickUntilSuccessWithTimeout(ClickKeyword.groovy:81)
	at com.kms.katalon.core.webui.keyword.builtin.ClickKeyword.clickUntilSuccessWithTimeout(ClickKeyword.groovy)
	at com.kms.katalon.core.webui.keyword.builtin.ClickKeyword$_click_closure1.doCall(ClickKeyword.groovy:67)
	at com.kms.katalon.core.webui.keyword.builtin.ClickKeyword$_click_closure1.call(ClickKeyword.groovy)
	at com.kms.katalon.core.webui.keyword.internal.WebUIKeywordMain.runKeyword(WebUIKeywordMain.groovy:20)
	at com.kms.katalon.core.webui.keyword.builtin.ClickKeyword.click(ClickKeyword.groovy:74)
	at com.kms.katalon.core.webui.keyword.builtin.ClickKeyword.execute(ClickKeyword.groovy:40)
	at com.kms.katalon.core.keyword.internal.KeywordExecutor.executeKeywordForPlatform(KeywordExecutor.groovy:74)
	at com.kms.katalon.core.webui.keyword.WebUiBuiltInKeywords.click(WebUiBuiltInKeywords.groovy:620)
	at com.kms.katalon.core.webui.keyword.WebUiBuiltInKeywords$click$5.call(Unknown Source)
	at Script1635424461915.run(Script1635424461915.groovy:147)
	... 13 more
)
[[ATTACHMENT|C:\\Users\\diego.rojas\\git\\Pruebas-Minimas\\Reports\\20220329_175344\\Test_Suite_Secundaria\\1-Tareas_secundarias\\20220329_175355\\1648597892151.png]]]]></system-out>
         <system-err><![CDATA[2022-03-29 18:50:11 - [TEST_CASE][FAILED] - Test Cases/1.2-Tareas_Secundarias/3.1-Pruebas_Bienestar/3.1.7-Programacion_Múltiple: Test Cases/1.2-Tareas_Secundarias/3.1-Pruebas_Bienestar/3.1.7-Programacion_Múltiple FAILED.
Reason:
com.kms.katalon.core.exception.StepFailedException: Unable to click on object 'Object Repository/M-OBJECTS TAREAS SECUNDARIAS/Pruebas Bienestar/Programacion_Múltiple/a_Guardar'
	at com.kms.katalon.core.webui.keyword.internal.WebUIKeywordMain.stepFailed(WebUIKeywordMain.groovy:64)
	at com.kms.katalon.core.webui.keyword.internal.WebUIKeywordMain.runKeyword(WebUIKeywordMain.groovy:26)
	at com.kms.katalon.core.webui.keyword.builtin.ClickKeyword.click(ClickKeyword.groovy:74)
	at com.kms.katalon.core.webui.keyword.builtin.ClickKeyword.execute(ClickKeyword.groovy:40)
	at com.kms.katalon.core.keyword.internal.KeywordExecutor.executeKeywordForPlatform(KeywordExecutor.groovy:74)
	at com.kms.katalon.core.webui.keyword.WebUiBuiltInKeywords.click(WebUiBuiltInKeywords.groovy:620)
	at com.kms.katalon.core.webui.keyword.WebUiBuiltInKeywords$click$5.call(Unknown Source)
	at 3.1.7-Programacion_Múltiple.run(3.1.7-Programacion_Múltiple:147)
	at com.kms.katalon.core.main.ScriptEngine.run(ScriptEngine.java:194)
	at com.kms.katalon.core.main.ScriptEngine.runScriptAsRawText(ScriptEngine.java:119)
	at com.kms.katalon.core.main.TestCaseExecutor.runScript(TestCaseExecutor.java:442)
	at com.kms.katalon.core.main.TestCaseExecutor.doExecute(TestCaseExecutor.java:433)
	at com.kms.katalon.core.main.TestCaseExecutor.processExecutionPhase(TestCaseExecutor.java:412)
	at com.kms.katalon.core.main.TestCaseExecutor.accessMainPhase(TestCaseExecutor.java:404)
	at com.kms.katalon.core.main.TestCaseExecutor.execute(TestCaseExecutor.java:281)
	at com.kms.katalon.core.main.TestSuiteExecutor.accessTestCaseMainPhase(TestSuiteExecutor.java:202)
	at com.kms.katalon.core.main.TestSuiteExecutor.accessTestSuiteMainPhase(TestSuiteExecutor.java:164)
	at com.kms.katalon.core.main.TestSuiteExecutor.execute(TestSuiteExecutor.java:105)
	at com.kms.katalon.core.main.TestCaseMain.startTestSuite(TestCaseMain.java:185)
	at com.kms.katalon.core.main.TestCaseMain$startTestSuite$0.call(Unknown Source)
	at TempTestSuite1648594435047.run(TempTestSuite1648594435047.groovy:36)
Caused by: org.openqa.selenium.ElementClickInterceptedException: element click intercepted: Element <a id="popupMomentoEvento_form:j_idt1564" href="#" class="ui-commandlink ui-widget us-boton btn-guardar" onclick="PrimeFaces.ab({s:&quot;popupMomentoEvento_form:j_idt1564&quot;,f:&quot;popupMomentoEvento_form&quot;,u:&quot;areaAplicacion&quot;});return false;">...</a> is not clickable at point (459, 598). Other element would receive the click: <div id="popupConfirmacionDialog:j_idt2166_modal" class="ui-widget-overlay ui-dialog-mask" style="z-index: 1032;"></div>
  (Session info: chrome=99.0.4844.84)
Build info: version: '3.141.59', revision: 'e82be7d358', time: '2018-11-14T08:25:53'
System info: host: 'US-AF-000371', ip: '192.168.56.1', os.name: 'Windows 10', os.arch: 'amd64', os.version: '10.0', java.version: '1.8.0_282'
Driver info: com.kms.katalon.selenium.driver.CChromeDriver
Capabilities {acceptInsecureCerts: false, browserName: chrome, browserVersion: 99.0.4844.84, chrome: {chromedriverVersion: 99.0.4844.51 (d537ec02474b5..., userDataDir: C:\Users\DIEGO~1.ROJ\AppDat...}, goog:chromeOptions: {debuggerAddress: localhost:54567}, javascriptEnabled: true, networkConnectionEnabled: false, pageLoadStrategy: normal, platform: WINDOWS, platformName: WINDOWS, proxy: Proxy(), setWindowRect: true, strictFileInteractability: false, timeouts: {implicit: 0, pageLoad: 300000, script: 30000}, unhandledPromptBehavior: dismiss and notify, webauthn:extension:credBlob: true, webauthn:extension:largeBlob: true, webauthn:virtualAuthenticators: true}
Session ID: 6fa969972e7de23831176ba984bb9ec7
	at org.openqa.selenium.remote.http.W3CHttpResponseCodec.createException(W3CHttpResponseCodec.java:187)
	at org.openqa.selenium.remote.http.W3CHttpResponseCodec.decode(W3CHttpResponseCodec.java:122)
	at org.openqa.selenium.remote.http.W3CHttpResponseCodec.decode(W3CHttpResponseCodec.java:49)
	at org.openqa.selenium.remote.HttpCommandExecutor.execute(HttpCommandExecutor.java:158)
	at org.openqa.selenium.remote.service.DriverCommandExecutor.execute(DriverCommandExecutor.java:83)
	at org.openqa.selenium.remote.RemoteWebDriver.execute(RemoteWebDriver.java:552)
	at com.kms.katalon.selenium.driver.CChromeDriver.execute(CChromeDriver.java:19)
	at org.openqa.selenium.remote.RemoteWebElement.execute(RemoteWebElement.java:285)
	at org.openqa.selenium.remote.RemoteWebElement.click(RemoteWebElement.java:84)
	at org.openqa.selenium.support.events.EventFiringWebDriver$EventFiringWebElement.lambda$new$0(EventFiringWebDriver.java:404)
	at com.sun.proxy.$Proxy11.click(Unknown Source)
	at org.openqa.selenium.support.events.EventFiringWebDriver$EventFiringWebElement.click(EventFiringWebDriver.java:417)
	at org.openqa.selenium.WebElement$click$0.call(Unknown Source)
	at com.kms.katalon.core.webui.keyword.builtin.ClickKeyword.clickUntilSuccessWithTimeout(ClickKeyword.groovy:81)
	at com.kms.katalon.core.webui.keyword.builtin.ClickKeyword.clickUntilSuccessWithTimeout(ClickKeyword.groovy)
	at com.kms.katalon.core.webui.keyword.builtin.ClickKeyword$_click_closure1.doCall(ClickKeyword.groovy:67)
	at com.kms.katalon.core.webui.keyword.builtin.ClickKeyword$_click_closure1.call(ClickKeyword.groovy)
	at com.kms.katalon.core.webui.keyword.internal.WebUIKeywordMain.runKeyword(WebUIKeywordMain.groovy:20)
	... 19 more]]></system-err>
      </testcase>
      <testcase name="Test Cases/1.2-Tareas_Secundarias/3.1-Pruebas_Bienestar/3.1.8-Calendario" time="17.432" classname="Test Cases/1.2-Tareas_Secundarias/3.1-Pruebas_Bienestar/3.1.8-Calendario" status="PASSED">
         <system-out><![CDATA[2022-03-29 18:51:32 - [TEST_CASE][PASSED] - Test Cases/1.2-Tareas_Secundarias/3.1-Pruebas_Bienestar/3.1.8-Calendario: Test Cases/1.2-Tareas_Secundarias/3.1-Pruebas_Bienestar/3.1.8-Calendario

2022-03-29 18:51:32 - [TEST_STEP][PASSED] - callTestCase(findTestCase("Utilidades-(atajos_para _tareas)/Modulos/Modulo bienestar-eventos"), [:], STOP_ON_FAILURE): Call Test Case 'Test Cases/Utilidades-(atajos_para _tareas)/Modulos/Modulo bienestar-eventos' successfully

2022-03-29 18:51:32 - [TEST_CASE][PASSED] - Test Cases/Utilidades-(atajos_para _tareas)/Modulos/Modulo bienestar-eventos: Test Cases/Utilidades-(atajos_para _tareas)/Modulos/Modulo bienestar-eventos

2022-03-29 18:51:32 - [TEST_STEP][PASSED] - callTestCase(findTestCase("0.1-Login"), [:], STOP_ON_FAILURE): Call Test Case 'Test Cases/0.1-Login' successfully

2022-03-29 18:51:32 - [TEST_CASE][PASSED] - Test Cases/0.1-Login: Test Cases/0.1-Login

2022-03-29 18:51:32 - [TEST_STEP][PASSED] - openBrowser(""): Browser is opened with url: ''

2022-03-29 18:51:32 - [MESSAGE][WARNING] - A browser is already opened. Closing browser and opening a new one

2022-03-29 18:51:33 - [MESSAGE][INFO] - Starting 'Chrome' driver

2022-03-29 18:51:33 - [MESSAGE][INFO] - Action delay is set to 50 milliseconds

2022-03-29 18:51:34 - [MESSAGE][PASSED] - Browser is opened with url: ''

2022-03-29 18:51:34 - [TEST_STEP][PASSED] - maximizeWindow(): Current window maximized

2022-03-29 18:51:35 - [MESSAGE][PASSED] - Current window maximized

2022-03-29 18:51:35 - [TEST_STEP][PASSED] - i = G_Login: null

2022-03-29 18:51:35 - [TEST_STEP][PASSED] - url = new java.net.URL(i): null

2022-03-29 18:51:35 - [TEST_STEP][PASSED] - println("URL: " + url.toString()): null

2022-03-29 18:51:35 - [TEST_STEP][PASSED] - connection = url.openConnection(): null

2022-03-29 18:51:35 - [TEST_STEP][PASSED] - connection.setRequestMethod("GET"): null

2022-03-29 18:51:35 - [TEST_STEP][PASSED] - connection.setReadTimeout(2 * 1000): null

2022-03-29 18:51:35 - [TEST_STEP][PASSED] - try: null

2022-03-29 18:51:35 - [TEST_STEP][PASSED] - connection.connect(): null

2022-03-29 18:51:35 - [TEST_STEP][PASSED] - flag = connected: null

2022-03-29 18:51:35 - [TEST_STEP][PASSED] - println("Valor_ori: " + flag): null

2022-03-29 18:51:35 - [TEST_STEP][PASSED] - if (flag): null

2022-03-29 18:51:35 - [TEST_STEP][PASSED] - navigateToUrl(i): Navigate to 'http://192.168.2.19:8380/saraweb' successfully

2022-03-29 18:51:35 - [MESSAGE][PASSED] - Navigate to 'http://192.168.2.19:8380/saraweb' successfully

2022-03-29 18:51:35 - [TEST_STEP][PASSED] - a(): null

2022-03-29 18:51:35 - [TEST_STEP][PASSED] - setText(findTestObject("Login/input_USUARIO_loginusuario"), G_Usuario): Text 'saraadmin' is set on object 'Object Repository/Login/input_USUARIO_loginusuario'

2022-03-29 18:51:36 - [MESSAGE][PASSED] - Text 'saraadmin' is set on object 'Object Repository/Login/input_USUARIO_loginusuario'

2022-03-29 18:51:36 - [TEST_STEP][PASSED] - setEncryptedText(findTestObject("Login/input_CLAVE_loginpassword"), "MkG4/TYiCFC3cb2driP7+Q=="): Text ****** has been set on object 'Object Repository/Login/input_CLAVE_loginpassword'

2022-03-29 18:51:37 - [MESSAGE][PASSED] - Text ****** has been set on object 'Object Repository/Login/input_CLAVE_loginpassword'

2022-03-29 18:51:37 - [TEST_STEP][PASSED] - waitForElementClickable(findTestObject("Login/a_Ingresar"), G_TimeOut): Object 'Object Repository/Login/a_Ingresar' is clickable

2022-03-29 18:51:37 - [MESSAGE][PASSED] - Object 'Object Repository/Login/a_Ingresar' is clickable

2022-03-29 18:51:37 - [TEST_STEP][PASSED] - click(findTestObject("Login/a_Ingresar")): Object: 'Object Repository/Login/a_Ingresar' is clicked on

2022-03-29 18:51:39 - [MESSAGE][PASSED] - Object: 'Object Repository/Login/a_Ingresar' is clicked on

2022-03-29 18:51:39 - [TEST_STEP][PASSED] - element = findWebElement(findTestObject("Login/a_Ir"), 30): null

2022-03-29 18:51:39 - [TEST_STEP][PASSED] - executeJavaScript("arguments[0].click()", Arrays.asList(element)): Execute JavaScript 'arguments[0].click()' successfully

2022-03-29 18:51:39 - [MESSAGE][PASSED] - Execute JavaScript 'arguments[0].click()' successfully

2022-03-29 18:51:39 - [MESSAGE][PASSED] - Call Test Case 'Test Cases/0.1-Login' successfully

2022-03-29 18:51:39 - [TEST_STEP][PASSED] - waitForElementClickable(findTestObject("Modulo bienestar-eventos/input_ADMINISTRADOR DEL SISTEMA"), 0): Object 'Object Repository/Modulo bienestar-eventos/input_ADMINISTRADOR DEL SISTEMA' is clickable

2022-03-29 18:51:39 - [MESSAGE][WARNING] - Timeout '0' is invalid. Using default page load timeout: '45'

2022-03-29 18:51:40 - [MESSAGE][PASSED] - Object 'Object Repository/Modulo bienestar-eventos/input_ADMINISTRADOR DEL SISTEMA' is clickable

2022-03-29 18:51:40 - [TEST_STEP][PASSED] - setText(findTestObject("Modulo bienestar-eventos/input_ADMINISTRADOR DEL SISTEMA"), "eventos (bie)"): Text 'eventos (bie)' is set on object 'Object Repository/Modulo bienestar-eventos/input_ADMINISTRADOR DEL SISTEMA'

2022-03-29 18:51:41 - [MESSAGE][PASSED] - Text 'eventos (bie)' is set on object 'Object Repository/Modulo bienestar-eventos/input_ADMINISTRADOR DEL SISTEMA'

2022-03-29 18:51:41 - [TEST_STEP][PASSED] - click(findTestObject("Modulo bienestar-eventos/span_Eventos (bie)")): Object: 'Object Repository/Modulo bienestar-eventos/span_Eventos (bie)' is clicked on

2022-03-29 18:51:42 - [MESSAGE][PASSED] - Object: 'Object Repository/Modulo bienestar-eventos/span_Eventos (bie)' is clicked on

2022-03-29 18:51:42 - [MESSAGE][PASSED] - Call Test Case 'Test Cases/Utilidades-(atajos_para _tareas)/Modulos/Modulo bienestar-eventos' successfully

2022-03-29 18:51:42 - [TEST_STEP][PASSED] - click(findTestObject("M-OBJECTS TAREAS SECUNDARIAS/Pruebas Bienestar/Calendario/td_Prueba-S")): Object: 'Object Repository/M-OBJECTS TAREAS SECUNDARIAS/Pruebas Bienestar/Calendario/td_Prueba-S' is clicked on

2022-03-29 18:51:44 - [MESSAGE][PASSED] - Object: 'Object Repository/M-OBJECTS TAREAS SECUNDARIAS/Pruebas Bienestar/Calendario/td_Prueba-S' is clicked on

2022-03-29 18:51:44 - [TEST_STEP][PASSED] - click(findTestObject("M-OBJECTS TAREAS SECUNDARIAS/Pruebas Bienestar/Calendario/a_Momento Eventos")): Object: 'Object Repository/M-OBJECTS TAREAS SECUNDARIAS/Pruebas Bienestar/Calendario/a_Momento Eventos' is clicked on

2022-03-29 18:51:45 - [MESSAGE][PASSED] - Object: 'Object Repository/M-OBJECTS TAREAS SECUNDARIAS/Pruebas Bienestar/Calendario/a_Momento Eventos' is clicked on

2022-03-29 18:51:45 - [TEST_STEP][PASSED] - click(findTestObject("M-OBJECTS TAREAS SECUNDARIAS/Pruebas Bienestar/Calendario/td_prueba")): Object: 'Object Repository/M-OBJECTS TAREAS SECUNDARIAS/Pruebas Bienestar/Calendario/td_prueba' is clicked on

2022-03-29 18:51:46 - [MESSAGE][PASSED] - Object: 'Object Repository/M-OBJECTS TAREAS SECUNDARIAS/Pruebas Bienestar/Calendario/td_prueba' is clicked on

2022-03-29 18:51:46 - [TEST_STEP][PASSED] - if (waitForElementPresent(findTestObject("M-OBJECTS TAREAS SECUNDARIAS/Pruebas Bienestar/Calendario/td_MAR-MIE 0500-0600"), 1)): null

2022-03-29 18:51:47 - [MESSAGE][PASSED] - Object 'Object Repository/M-OBJECTS TAREAS SECUNDARIAS/Pruebas Bienestar/Calendario/td_MAR-MIE 0500-0600' is present

2022-03-29 18:51:47 - [TEST_STEP][PASSED] - click(findTestObject("M-OBJECTS TAREAS SECUNDARIAS/Pruebas Bienestar/Calendario/span_Fecha Inscripcin_ui-icon ui-icon-closethick")): Object: 'Object Repository/M-OBJECTS TAREAS SECUNDARIAS/Pruebas Bienestar/Calendario/span_Fecha Inscripcin_ui-icon ui-icon-closethick' is clicked on

2022-03-29 18:51:48 - [MESSAGE][PASSED] - Object: 'Object Repository/M-OBJECTS TAREAS SECUNDARIAS/Pruebas Bienestar/Calendario/span_Fecha Inscripcin_ui-icon ui-icon-closethick' is clicked on

2022-03-29 18:51:48 - [TEST_STEP][PASSED] - click(findTestObject("M-OBJECTS TAREAS SECUNDARIAS/Pruebas Bienestar/Calendario/a_Calendario")): Object: 'Object Repository/M-OBJECTS TAREAS SECUNDARIAS/Pruebas Bienestar/Calendario/a_Calendario' is clicked on

2022-03-29 18:51:48 - [MESSAGE][PASSED] - Object: 'Object Repository/M-OBJECTS TAREAS SECUNDARIAS/Pruebas Bienestar/Calendario/a_Calendario' is clicked on

2022-03-29 18:51:48 - [TEST_STEP][PASSED] - click(findTestObject("M-OBJECTS TAREAS SECUNDARIAS/Pruebas Bienestar/Calendario/button_Mes")): Object: 'Object Repository/M-OBJECTS TAREAS SECUNDARIAS/Pruebas Bienestar/Calendario/button_Mes' is clicked on

2022-03-29 18:51:49 - [MESSAGE][PASSED] - Object: 'Object Repository/M-OBJECTS TAREAS SECUNDARIAS/Pruebas Bienestar/Calendario/button_Mes' is clicked on

2022-03-29 18:51:49 - [TEST_STEP][PASSED] - scrollToPosition(0, 600): Browser is scrolled to position x = 0, y = 600

2022-03-29 18:51:49 - [MESSAGE][PASSED] - Browser is scrolled to position x = 0, y = 600]]></system-out>
         <system-err><![CDATA[]]></system-err>
      </testcase>
      <testcase name="Test Cases/1.2-Tareas_Secundarias/3.1-Pruebas_Bienestar/3.1.9-Deducción_de_costos_al_plan_inversión" time="28.895" classname="Test Cases/1.2-Tareas_Secundarias/3.1-Pruebas_Bienestar/3.1.9-Deducción_de_costos_al_plan_inversión" status="PASSED">
         <system-out><![CDATA[2022-03-29 18:51:49 - [TEST_CASE][PASSED] - Test Cases/1.2-Tareas_Secundarias/3.1-Pruebas_Bienestar/3.1.9-Deducción_de_costos_al_plan_inversión: Test Cases/1.2-Tareas_Secundarias/3.1-Pruebas_Bienestar/3.1.9-Deducción_de_costos_al_plan_inversión

2022-03-29 18:51:50 - [TEST_STEP][PASSED] - today = new java.util.Date(): null

2022-03-29 18:51:50 - [TEST_STEP][PASSED] - Dia = today.format("dd"): null

2022-03-29 18:51:50 - [TEST_STEP][PASSED] - Mes = today.format("MM"): null

2022-03-29 18:51:50 - [TEST_STEP][PASSED] - MesN = today.format("MM"): null

2022-03-29 18:51:50 - [TEST_STEP][PASSED] - Año = today.format("yyyy"): null

2022-03-29 18:51:50 - [TEST_STEP][PASSED] - AñoN = today.format("yyyy"): null

2022-03-29 18:51:50 - [TEST_STEP][PASSED] - sumaD = Dia + 10: null

2022-03-29 18:51:50 - [TEST_STEP][PASSED] - sumaM = Mes + 1: null

2022-03-29 18:51:50 - [TEST_STEP][PASSED] - sumaA = Año + 1: null

2022-03-29 18:51:50 - [TEST_STEP][PASSED] - if (sumaD > 30): null

2022-03-29 18:51:50 - [TEST_STEP][PASSED] - sumaD = sumaD - Dia: null

2022-03-29 18:51:50 - [TEST_STEP][PASSED] - Mes = sumaM: null

2022-03-29 18:51:50 - [TEST_STEP][PASSED] - if (sumaM > 12): null

2022-03-29 18:51:50 - [TEST_STEP][PASSED] - Fechaini = Dia + "/" + MesN + "/" + AñoN: null

2022-03-29 18:51:50 - [TEST_STEP][PASSED] - Fechafin = sumaD + "/" + Mes + "/" + Año: null

2022-03-29 18:51:50 - [TEST_STEP][PASSED] - callTestCase(findTestCase("Utilidades-(atajos_para _tareas)/Modulos/Modulo bienestar-eventos"), [:], STOP_ON_FAILURE): Call Test Case 'Test Cases/Utilidades-(atajos_para _tareas)/Modulos/Modulo bienestar-eventos' successfully

2022-03-29 18:51:50 - [TEST_CASE][PASSED] - Test Cases/Utilidades-(atajos_para _tareas)/Modulos/Modulo bienestar-eventos: Test Cases/Utilidades-(atajos_para _tareas)/Modulos/Modulo bienestar-eventos

2022-03-29 18:51:50 - [TEST_STEP][PASSED] - callTestCase(findTestCase("0.1-Login"), [:], STOP_ON_FAILURE): Call Test Case 'Test Cases/0.1-Login' successfully

2022-03-29 18:51:50 - [TEST_CASE][PASSED] - Test Cases/0.1-Login: Test Cases/0.1-Login

2022-03-29 18:51:50 - [TEST_STEP][PASSED] - openBrowser(""): Browser is opened with url: ''

2022-03-29 18:51:50 - [MESSAGE][WARNING] - A browser is already opened. Closing browser and opening a new one

2022-03-29 18:51:51 - [MESSAGE][INFO] - Starting 'Chrome' driver

2022-03-29 18:51:51 - [MESSAGE][INFO] - Action delay is set to 50 milliseconds

2022-03-29 18:51:52 - [MESSAGE][PASSED] - Browser is opened with url: ''

2022-03-29 18:51:52 - [TEST_STEP][PASSED] - maximizeWindow(): Current window maximized

2022-03-29 18:51:52 - [MESSAGE][PASSED] - Current window maximized

2022-03-29 18:51:52 - [TEST_STEP][PASSED] - i = G_Login: null

2022-03-29 18:51:52 - [TEST_STEP][PASSED] - url = new java.net.URL(i): null

2022-03-29 18:51:52 - [TEST_STEP][PASSED] - println("URL: " + url.toString()): null

2022-03-29 18:51:52 - [TEST_STEP][PASSED] - connection = url.openConnection(): null

2022-03-29 18:51:52 - [TEST_STEP][PASSED] - connection.setRequestMethod("GET"): null

2022-03-29 18:51:52 - [TEST_STEP][PASSED] - connection.setReadTimeout(2 * 1000): null

2022-03-29 18:51:52 - [TEST_STEP][PASSED] - try: null

2022-03-29 18:51:52 - [TEST_STEP][PASSED] - connection.connect(): null

2022-03-29 18:51:52 - [TEST_STEP][PASSED] - flag = connected: null

2022-03-29 18:51:52 - [TEST_STEP][PASSED] - println("Valor_ori: " + flag): null

2022-03-29 18:51:52 - [TEST_STEP][PASSED] - if (flag): null

2022-03-29 18:51:52 - [TEST_STEP][PASSED] - navigateToUrl(i): Navigate to 'http://192.168.2.19:8380/saraweb' successfully

2022-03-29 18:51:52 - [MESSAGE][PASSED] - Navigate to 'http://192.168.2.19:8380/saraweb' successfully

2022-03-29 18:51:52 - [TEST_STEP][PASSED] - a(): null

2022-03-29 18:51:52 - [TEST_STEP][PASSED] - setText(findTestObject("Login/input_USUARIO_loginusuario"), G_Usuario): Text 'saraadmin' is set on object 'Object Repository/Login/input_USUARIO_loginusuario'

2022-03-29 18:51:54 - [MESSAGE][PASSED] - Text 'saraadmin' is set on object 'Object Repository/Login/input_USUARIO_loginusuario'

2022-03-29 18:51:54 - [TEST_STEP][PASSED] - setEncryptedText(findTestObject("Login/input_CLAVE_loginpassword"), "MkG4/TYiCFC3cb2driP7+Q=="): Text ****** has been set on object 'Object Repository/Login/input_CLAVE_loginpassword'

2022-03-29 18:51:54 - [MESSAGE][PASSED] - Text ****** has been set on object 'Object Repository/Login/input_CLAVE_loginpassword'

2022-03-29 18:51:54 - [TEST_STEP][PASSED] - waitForElementClickable(findTestObject("Login/a_Ingresar"), G_TimeOut): Object 'Object Repository/Login/a_Ingresar' is clickable

2022-03-29 18:51:55 - [MESSAGE][PASSED] - Object 'Object Repository/Login/a_Ingresar' is clickable

2022-03-29 18:51:55 - [TEST_STEP][PASSED] - click(findTestObject("Login/a_Ingresar")): Object: 'Object Repository/Login/a_Ingresar' is clicked on

2022-03-29 18:51:56 - [MESSAGE][PASSED] - Object: 'Object Repository/Login/a_Ingresar' is clicked on

2022-03-29 18:51:56 - [TEST_STEP][PASSED] - element = findWebElement(findTestObject("Login/a_Ir"), 30): null

2022-03-29 18:51:56 - [TEST_STEP][PASSED] - executeJavaScript("arguments[0].click()", Arrays.asList(element)): Execute JavaScript 'arguments[0].click()' successfully

2022-03-29 18:51:56 - [MESSAGE][PASSED] - Execute JavaScript 'arguments[0].click()' successfully

2022-03-29 18:51:56 - [MESSAGE][PASSED] - Call Test Case 'Test Cases/0.1-Login' successfully

2022-03-29 18:51:56 - [TEST_STEP][PASSED] - waitForElementClickable(findTestObject("Modulo bienestar-eventos/input_ADMINISTRADOR DEL SISTEMA"), 0): Object 'Object Repository/Modulo bienestar-eventos/input_ADMINISTRADOR DEL SISTEMA' is clickable

2022-03-29 18:51:56 - [MESSAGE][WARNING] - Timeout '0' is invalid. Using default page load timeout: '45'

2022-03-29 18:51:57 - [MESSAGE][PASSED] - Object 'Object Repository/Modulo bienestar-eventos/input_ADMINISTRADOR DEL SISTEMA' is clickable

2022-03-29 18:51:57 - [TEST_STEP][PASSED] - setText(findTestObject("Modulo bienestar-eventos/input_ADMINISTRADOR DEL SISTEMA"), "eventos (bie)"): Text 'eventos (bie)' is set on object 'Object Repository/Modulo bienestar-eventos/input_ADMINISTRADOR DEL SISTEMA'

2022-03-29 18:51:58 - [MESSAGE][PASSED] - Text 'eventos (bie)' is set on object 'Object Repository/Modulo bienestar-eventos/input_ADMINISTRADOR DEL SISTEMA'

2022-03-29 18:51:58 - [TEST_STEP][PASSED] - click(findTestObject("Modulo bienestar-eventos/span_Eventos (bie)")): Object: 'Object Repository/Modulo bienestar-eventos/span_Eventos (bie)' is clicked on

2022-03-29 18:51:59 - [MESSAGE][PASSED] - Object: 'Object Repository/Modulo bienestar-eventos/span_Eventos (bie)' is clicked on

2022-03-29 18:51:59 - [MESSAGE][PASSED] - Call Test Case 'Test Cases/Utilidades-(atajos_para _tareas)/Modulos/Modulo bienestar-eventos' successfully

2022-03-29 18:51:59 - [TEST_STEP][PASSED] - scrollToPosition(0, 100): Browser is scrolled to position x = 0, y = 100

2022-03-29 18:52:00 - [MESSAGE][PASSED] - Browser is scrolled to position x = 0, y = 100

2022-03-29 18:52:00 - [TEST_STEP][PASSED] - waitForElementPresent(findTestObject("M-OBJECTS TAREAS SECUNDARIAS/Pruebas Bienestar/Deducción de costos al plan inversión/td_Prueba-S"), 0): Object 'Object Repository/M-OBJECTS TAREAS SECUNDARIAS/Pruebas Bienestar/Deducción de costos al plan inversión/td_Prueba-S' is present

2022-03-29 18:52:00 - [MESSAGE][WARNING] - Timeout '0' is invalid. Using default page load timeout: '45'

2022-03-29 18:52:00 - [MESSAGE][PASSED] - Object 'Object Repository/M-OBJECTS TAREAS SECUNDARIAS/Pruebas Bienestar/Deducción de costos al plan inversión/td_Prueba-S' is present

2022-03-29 18:52:00 - [TEST_STEP][PASSED] - click(findTestObject("M-OBJECTS TAREAS SECUNDARIAS/Pruebas Bienestar/Deducción de costos al plan inversión/td_Prueba-S")): Object: 'Object Repository/M-OBJECTS TAREAS SECUNDARIAS/Pruebas Bienestar/Deducción de costos al plan inversión/td_Prueba-S' is clicked on

2022-03-29 18:52:00 - [MESSAGE][PASSED] - Object: 'Object Repository/M-OBJECTS TAREAS SECUNDARIAS/Pruebas Bienestar/Deducción de costos al plan inversión/td_Prueba-S' is clicked on

2022-03-29 18:52:00 - [TEST_STEP][PASSED] - click(findTestObject("M-OBJECTS TAREAS SECUNDARIAS/Pruebas Bienestar/Deducción de costos al plan inversión/a_CostoEvento")): Object: 'Object Repository/M-OBJECTS TAREAS SECUNDARIAS/Pruebas Bienestar/Deducción de costos al plan inversión/a_CostoEvento' is clicked on

2022-03-29 18:52:01 - [MESSAGE][PASSED] - Object: 'Object Repository/M-OBJECTS TAREAS SECUNDARIAS/Pruebas Bienestar/Deducción de costos al plan inversión/a_CostoEvento' is clicked on

2022-03-29 18:52:01 - [TEST_STEP][PASSED] - if (waitForElementPresent(findTestObject("M-OBJECTS TAREAS SECUNDARIAS/Pruebas Bienestar/Deducción de costos al plan inversión/td_TEST FB"), 1)): null

2022-03-29 18:52:02 - [MESSAGE][PASSED] - Object 'Object Repository/M-OBJECTS TAREAS SECUNDARIAS/Pruebas Bienestar/Deducción de costos al plan inversión/td_TEST FB' is present

2022-03-29 18:52:02 - [TEST_STEP][PASSED] - click(findTestObject("M-OBJECTS TAREAS SECUNDARIAS/Pruebas Bienestar/Deducción de costos al plan inversión/a_TEST FB_form_costoEventolistaCostoEvento0j_idt663")): Object: 'Object Repository/M-OBJECTS TAREAS SECUNDARIAS/Pruebas Bienestar/Deducción de costos al plan inversión/a_TEST FB_form_costoEventolistaCostoEvento0j_idt663' is clicked on

2022-03-29 18:52:03 - [MESSAGE][PASSED] - Object: 'Object Repository/M-OBJECTS TAREAS SECUNDARIAS/Pruebas Bienestar/Deducción de costos al plan inversión/a_TEST FB_form_costoEventolistaCostoEvento0j_idt663' is clicked on

2022-03-29 18:52:03 - [TEST_STEP][PASSED] - click(findTestObject("M-OBJECTS TAREAS SECUNDARIAS/Pruebas Bienestar/Deducción de costos al plan inversión/a_Aceptar_eliminar")): Object: 'Object Repository/M-OBJECTS TAREAS SECUNDARIAS/Pruebas Bienestar/Deducción de costos al plan inversión/a_Aceptar_eliminar' is clicked on

2022-03-29 18:52:04 - [MESSAGE][PASSED] - Object: 'Object Repository/M-OBJECTS TAREAS SECUNDARIAS/Pruebas Bienestar/Deducción de costos al plan inversión/a_Aceptar_eliminar' is clicked on

2022-03-29 18:52:04 - [TEST_STEP][PASSED] - selectOptionByIndex(findTestObject("M-OBJECTS TAREAS SECUNDARIAS/Pruebas Bienestar/Deducción de costos al plan inversión/select_-- Seleccione --SALON 1SALON 2SALON 3"), 1): All options with index in [1] are selected on object 'Object Repository/M-OBJECTS TAREAS SECUNDARIAS/Pruebas Bienestar/Deducción de costos al plan inversión/select_-- Seleccione --SALON 1SALON 2SALON 3'

2022-03-29 18:52:06 - [MESSAGE][PASSED] - All options with index in [1] are selected on object 'Object Repository/M-OBJECTS TAREAS SECUNDARIAS/Pruebas Bienestar/Deducción de costos al plan inversión/select_-- Seleccione --SALON 1SALON 2SALON 3'

2022-03-29 18:52:06 - [TEST_STEP][PASSED] - setText(findTestObject("M-OBJECTS TAREAS SECUNDARIAS/Pruebas Bienestar/Deducción de costos al plan inversión/input_Plan de Inversin_form_costoEventolistaCostoEventocENumero"), "5"): Text '5' is set on object 'Object Repository/M-OBJECTS TAREAS SECUNDARIAS/Pruebas Bienestar/Deducción de costos al plan inversión/input_Plan de Inversin_form_costoEventolistaCostoEventocENumero'

2022-03-29 18:52:07 - [MESSAGE][PASSED] - Text '5' is set on object 'Object Repository/M-OBJECTS TAREAS SECUNDARIAS/Pruebas Bienestar/Deducción de costos al plan inversión/input_Plan de Inversin_form_costoEventolistaCostoEventocENumero'

2022-03-29 18:52:07 - [TEST_STEP][PASSED] - setText(findTestObject("M-OBJECTS TAREAS SECUNDARIAS/Pruebas Bienestar/Deducción de costos al plan inversión/input_Plan de Inversin_form_costoEventolistaCostoEventocEFechaPago_input"), Fechaini): Text '29/3/2022' is set on object 'Object Repository/M-OBJECTS TAREAS SECUNDARIAS/Pruebas Bienestar/Deducción de costos al plan inversión/input_Plan de Inversin_form_costoEventolistaCostoEventocEFechaPago_input'

2022-03-29 18:52:08 - [MESSAGE][PASSED] - Text '29/3/2022' is set on object 'Object Repository/M-OBJECTS TAREAS SECUNDARIAS/Pruebas Bienestar/Deducción de costos al plan inversión/input_Plan de Inversin_form_costoEventolistaCostoEventocEFechaPago_input'

2022-03-29 18:52:08 - [TEST_STEP][PASSED] - setText(findTestObject("M-OBJECTS TAREAS SECUNDARIAS/Pruebas Bienestar/Deducción de costos al plan inversión/input_Plan de Inversin_form_costoEventolistaCostoEventocEValor"), "99966"): Text '99966' is set on object 'Object Repository/M-OBJECTS TAREAS SECUNDARIAS/Pruebas Bienestar/Deducción de costos al plan inversión/input_Plan de Inversin_form_costoEventolistaCostoEventocEValor'

2022-03-29 18:52:09 - [MESSAGE][PASSED] - Text '99966' is set on object 'Object Repository/M-OBJECTS TAREAS SECUNDARIAS/Pruebas Bienestar/Deducción de costos al plan inversión/input_Plan de Inversin_form_costoEventolistaCostoEventocEValor'

2022-03-29 18:52:09 - [TEST_STEP][PASSED] - selectOptionByIndex(findTestObject("M-OBJECTS TAREAS SECUNDARIAS/Pruebas Bienestar/Deducción de costos al plan inversión/select_-- Seleccione --Plan CapacitacinSUB PLAN EVENTO BIENESTARTEST FBSub Plan Inversin Alimen 7"), "3"): All options with index in [3] are selected on object 'Object Repository/M-OBJECTS TAREAS SECUNDARIAS/Pruebas Bienestar/Deducción de costos al plan inversión/select_-- Seleccione --Plan CapacitacinSUB PLAN EVENTO BIENESTARTEST FBSub Plan Inversin Alimen 7'

2022-03-29 18:52:10 - [MESSAGE][PASSED] - All options with index in [3] are selected on object 'Object Repository/M-OBJECTS TAREAS SECUNDARIAS/Pruebas Bienestar/Deducción de costos al plan inversión/select_-- Seleccione --Plan CapacitacinSUB PLAN EVENTO BIENESTARTEST FBSub Plan Inversin Alimen 7'

2022-03-29 18:52:10 - [TEST_STEP][PASSED] - click(findTestObject("M-OBJECTS TAREAS SECUNDARIAS/Pruebas Bienestar/Deducción de costos al plan inversión/a_Plan de Inversin_form_costoEventolistaCostoEventoj_idt665")): Object: 'Object Repository/M-OBJECTS TAREAS SECUNDARIAS/Pruebas Bienestar/Deducción de costos al plan inversión/a_Plan de Inversin_form_costoEventolistaCostoEventoj_idt665' is clicked on

2022-03-29 18:52:11 - [MESSAGE][PASSED] - Object: 'Object Repository/M-OBJECTS TAREAS SECUNDARIAS/Pruebas Bienestar/Deducción de costos al plan inversión/a_Plan de Inversin_form_costoEventolistaCostoEventoj_idt665' is clicked on

2022-03-29 18:52:11 - [TEST_STEP][PASSED] - setText(findTestObject("M-OBJECTS TAREAS SECUNDARIAS/Pruebas Bienestar/Deducción de costos al plan inversión/input_Evento Bienestar_form_templatej_idt24_input"), "Plan Inversion Bienestar (bie)"): Text 'Plan Inversion Bienestar (bie)' is set on object 'Object Repository/M-OBJECTS TAREAS SECUNDARIAS/Pruebas Bienestar/Deducción de costos al plan inversión/input_Evento Bienestar_form_templatej_idt24_input'

2022-03-29 18:52:12 - [MESSAGE][PASSED] - Text 'Plan Inversion Bienestar (bie)' is set on object 'Object Repository/M-OBJECTS TAREAS SECUNDARIAS/Pruebas Bienestar/Deducción de costos al plan inversión/input_Evento Bienestar_form_templatej_idt24_input'

2022-03-29 18:52:12 - [TEST_STEP][PASSED] - waitForElementVisible(findTestObject("M-OBJECTS TAREAS SECUNDARIAS/Pruebas Bienestar/Deducción de costos al plan inversión/span_Plan Inversion Bienestar (bie)"), 0): Object 'Object Repository/M-OBJECTS TAREAS SECUNDARIAS/Pruebas Bienestar/Deducción de costos al plan inversión/span_Plan Inversion Bienestar (bie)' is visible

2022-03-29 18:52:12 - [MESSAGE][WARNING] - Timeout '0' is invalid. Using default page load timeout: '45'

2022-03-29 18:52:14 - [MESSAGE][PASSED] - Object 'Object Repository/M-OBJECTS TAREAS SECUNDARIAS/Pruebas Bienestar/Deducción de costos al plan inversión/span_Plan Inversion Bienestar (bie)' is visible

2022-03-29 18:52:14 - [TEST_STEP][PASSED] - click(findTestObject("M-OBJECTS TAREAS SECUNDARIAS/Pruebas Bienestar/Deducción de costos al plan inversión/span_Plan Inversion Bienestar (bie)")): Object: 'Object Repository/M-OBJECTS TAREAS SECUNDARIAS/Pruebas Bienestar/Deducción de costos al plan inversión/span_Plan Inversion Bienestar (bie)' is clicked on

2022-03-29 18:52:14 - [MESSAGE][PASSED] - Object: 'Object Repository/M-OBJECTS TAREAS SECUNDARIAS/Pruebas Bienestar/Deducción de costos al plan inversión/span_Plan Inversion Bienestar (bie)' is clicked on

2022-03-29 18:52:14 - [TEST_STEP][PASSED] - click(findTestObject("M-OBJECTS TAREAS SECUNDARIAS/Pruebas Bienestar/Deducción de costos al plan inversión/a_Sub Plan Inversion")): Object: 'Object Repository/M-OBJECTS TAREAS SECUNDARIAS/Pruebas Bienestar/Deducción de costos al plan inversión/a_Sub Plan Inversion' is clicked on

2022-03-29 18:52:15 - [MESSAGE][PASSED] - Object: 'Object Repository/M-OBJECTS TAREAS SECUNDARIAS/Pruebas Bienestar/Deducción de costos al plan inversión/a_Sub Plan Inversion' is clicked on

2022-03-29 18:52:15 - [TEST_STEP][PASSED] - click(findTestObject("M-OBJECTS TAREAS SECUNDARIAS/Pruebas Bienestar/Deducción de costos al plan inversión/a_Abiertos_form_planDeInversionbienestarj_idt119")): Object: 'Object Repository/M-OBJECTS TAREAS SECUNDARIAS/Pruebas Bienestar/Deducción de costos al plan inversión/a_Abiertos_form_planDeInversionbienestarj_idt119' is clicked on

2022-03-29 18:52:16 - [MESSAGE][PASSED] - Object: 'Object Repository/M-OBJECTS TAREAS SECUNDARIAS/Pruebas Bienestar/Deducción de costos al plan inversión/a_Abiertos_form_planDeInversionbienestarj_idt119' is clicked on

2022-03-29 18:52:16 - [TEST_STEP][PASSED] - click(findTestObject("M-OBJECTS TAREAS SECUNDARIAS/Pruebas Bienestar/Deducción de costos al plan inversión/td_99.966,00")): Object: 'Object Repository/M-OBJECTS TAREAS SECUNDARIAS/Pruebas Bienestar/Deducción de costos al plan inversión/td_99.966,00' is clicked on

2022-03-29 18:52:17 - [MESSAGE][PASSED] - Object: 'Object Repository/M-OBJECTS TAREAS SECUNDARIAS/Pruebas Bienestar/Deducción de costos al plan inversión/td_99.966,00' is clicked on

2022-03-29 18:52:17 - [TEST_STEP][PASSED] - waitForElementVisible(findTestObject("M-OBJECTS TAREAS SECUNDARIAS/Pruebas Bienestar/Deducción de costos al plan inversión/a_Eliminar"), 0): Object 'Object Repository/M-OBJECTS TAREAS SECUNDARIAS/Pruebas Bienestar/Deducción de costos al plan inversión/a_Eliminar' is visible

2022-03-29 18:52:17 - [MESSAGE][WARNING] - Timeout '0' is invalid. Using default page load timeout: '45'

2022-03-29 18:52:17 - [MESSAGE][PASSED] - Object 'Object Repository/M-OBJECTS TAREAS SECUNDARIAS/Pruebas Bienestar/Deducción de costos al plan inversión/a_Eliminar' is visible

2022-03-29 18:52:17 - [TEST_STEP][PASSED] - closeBrowser(): Browser is closed

2022-03-29 18:52:18 - [MESSAGE][PASSED] - Browser is closed]]></system-out>
         <system-err><![CDATA[]]></system-err>
      </testcase>
      <testcase name="Test Cases/1.2-Tareas_Secundarias/3.1-Pruebas_Bienestar/3.2.1 -inscripción_a_un_evento" time="21.398" classname="Test Cases/1.2-Tareas_Secundarias/3.1-Pruebas_Bienestar/3.2.1 -inscripción_a_un_evento" status="PASSED">
         <system-out><![CDATA[2022-03-29 18:52:18 - [TEST_CASE][PASSED] - Test Cases/1.2-Tareas_Secundarias/3.1-Pruebas_Bienestar/3.2.1 -inscripción_a_un_evento: Test Cases/1.2-Tareas_Secundarias/3.1-Pruebas_Bienestar/3.2.1 -inscripción_a_un_evento

2022-03-29 18:52:19 - [TEST_STEP][PASSED] - callTestCase(findTestCase("Utilidades-(atajos_para _tareas)/Modulos/Modulo bienestar-eventos"), [:], STOP_ON_FAILURE): Call Test Case 'Test Cases/Utilidades-(atajos_para _tareas)/Modulos/Modulo bienestar-eventos' successfully

2022-03-29 18:52:19 - [TEST_CASE][PASSED] - Test Cases/Utilidades-(atajos_para _tareas)/Modulos/Modulo bienestar-eventos: Test Cases/Utilidades-(atajos_para _tareas)/Modulos/Modulo bienestar-eventos

2022-03-29 18:52:19 - [TEST_STEP][PASSED] - callTestCase(findTestCase("0.1-Login"), [:], STOP_ON_FAILURE): Call Test Case 'Test Cases/0.1-Login' successfully

2022-03-29 18:52:19 - [TEST_CASE][PASSED] - Test Cases/0.1-Login: Test Cases/0.1-Login

2022-03-29 18:52:19 - [TEST_STEP][PASSED] - openBrowser(""): Browser is opened with url: ''

2022-03-29 18:52:19 - [MESSAGE][INFO] - Starting 'Chrome' driver

2022-03-29 18:52:19 - [MESSAGE][INFO] - Action delay is set to 50 milliseconds

2022-03-29 18:52:20 - [MESSAGE][PASSED] - Browser is opened with url: ''

2022-03-29 18:52:20 - [TEST_STEP][PASSED] - maximizeWindow(): Current window maximized

2022-03-29 18:52:20 - [MESSAGE][PASSED] - Current window maximized

2022-03-29 18:52:20 - [TEST_STEP][PASSED] - i = G_Login: null

2022-03-29 18:52:20 - [TEST_STEP][PASSED] - url = new java.net.URL(i): null

2022-03-29 18:52:20 - [TEST_STEP][PASSED] - println("URL: " + url.toString()): null

2022-03-29 18:52:20 - [TEST_STEP][PASSED] - connection = url.openConnection(): null

2022-03-29 18:52:20 - [TEST_STEP][PASSED] - connection.setRequestMethod("GET"): null

2022-03-29 18:52:20 - [TEST_STEP][PASSED] - connection.setReadTimeout(2 * 1000): null

2022-03-29 18:52:20 - [TEST_STEP][PASSED] - try: null

2022-03-29 18:52:20 - [TEST_STEP][PASSED] - connection.connect(): null

2022-03-29 18:52:20 - [TEST_STEP][PASSED] - flag = connected: null

2022-03-29 18:52:20 - [TEST_STEP][PASSED] - println("Valor_ori: " + flag): null

2022-03-29 18:52:20 - [TEST_STEP][PASSED] - if (flag): null

2022-03-29 18:52:20 - [TEST_STEP][PASSED] - navigateToUrl(i): Navigate to 'http://192.168.2.19:8380/saraweb' successfully

2022-03-29 18:52:21 - [MESSAGE][PASSED] - Navigate to 'http://192.168.2.19:8380/saraweb' successfully

2022-03-29 18:52:21 - [TEST_STEP][PASSED] - a(): null

2022-03-29 18:52:21 - [TEST_STEP][PASSED] - setText(findTestObject("Login/input_USUARIO_loginusuario"), G_Usuario): Text 'saraadmin' is set on object 'Object Repository/Login/input_USUARIO_loginusuario'

2022-03-29 18:52:22 - [MESSAGE][PASSED] - Text 'saraadmin' is set on object 'Object Repository/Login/input_USUARIO_loginusuario'

2022-03-29 18:52:22 - [TEST_STEP][PASSED] - setEncryptedText(findTestObject("Login/input_CLAVE_loginpassword"), "MkG4/TYiCFC3cb2driP7+Q=="): Text ****** has been set on object 'Object Repository/Login/input_CLAVE_loginpassword'

2022-03-29 18:52:22 - [MESSAGE][PASSED] - Text ****** has been set on object 'Object Repository/Login/input_CLAVE_loginpassword'

2022-03-29 18:52:22 - [TEST_STEP][PASSED] - waitForElementClickable(findTestObject("Login/a_Ingresar"), G_TimeOut): Object 'Object Repository/Login/a_Ingresar' is clickable

2022-03-29 18:52:23 - [MESSAGE][PASSED] - Object 'Object Repository/Login/a_Ingresar' is clickable

2022-03-29 18:52:23 - [TEST_STEP][PASSED] - click(findTestObject("Login/a_Ingresar")): Object: 'Object Repository/Login/a_Ingresar' is clicked on

2022-03-29 18:52:24 - [MESSAGE][PASSED] - Object: 'Object Repository/Login/a_Ingresar' is clicked on

2022-03-29 18:52:24 - [TEST_STEP][PASSED] - element = findWebElement(findTestObject("Login/a_Ir"), 30): null

2022-03-29 18:52:25 - [TEST_STEP][PASSED] - executeJavaScript("arguments[0].click()", Arrays.asList(element)): Execute JavaScript 'arguments[0].click()' successfully

2022-03-29 18:52:25 - [MESSAGE][PASSED] - Execute JavaScript 'arguments[0].click()' successfully

2022-03-29 18:52:25 - [MESSAGE][PASSED] - Call Test Case 'Test Cases/0.1-Login' successfully

2022-03-29 18:52:25 - [TEST_STEP][PASSED] - waitForElementClickable(findTestObject("Modulo bienestar-eventos/input_ADMINISTRADOR DEL SISTEMA"), 0): Object 'Object Repository/Modulo bienestar-eventos/input_ADMINISTRADOR DEL SISTEMA' is clickable

2022-03-29 18:52:25 - [MESSAGE][WARNING] - Timeout '0' is invalid. Using default page load timeout: '45'

2022-03-29 18:52:25 - [MESSAGE][PASSED] - Object 'Object Repository/Modulo bienestar-eventos/input_ADMINISTRADOR DEL SISTEMA' is clickable

2022-03-29 18:52:25 - [TEST_STEP][PASSED] - setText(findTestObject("Modulo bienestar-eventos/input_ADMINISTRADOR DEL SISTEMA"), "eventos (bie)"): Text 'eventos (bie)' is set on object 'Object Repository/Modulo bienestar-eventos/input_ADMINISTRADOR DEL SISTEMA'

2022-03-29 18:52:26 - [MESSAGE][PASSED] - Text 'eventos (bie)' is set on object 'Object Repository/Modulo bienestar-eventos/input_ADMINISTRADOR DEL SISTEMA'

2022-03-29 18:52:26 - [TEST_STEP][PASSED] - click(findTestObject("Modulo bienestar-eventos/span_Eventos (bie)")): Object: 'Object Repository/Modulo bienestar-eventos/span_Eventos (bie)' is clicked on

2022-03-29 18:52:28 - [MESSAGE][PASSED] - Object: 'Object Repository/Modulo bienestar-eventos/span_Eventos (bie)' is clicked on

2022-03-29 18:52:28 - [MESSAGE][PASSED] - Call Test Case 'Test Cases/Utilidades-(atajos_para _tareas)/Modulos/Modulo bienestar-eventos' successfully

2022-03-29 18:52:28 - [TEST_STEP][PASSED] - setText(findTestObject("M-OBJECTS TAREAS SECUNDARIAS/Pruebas Bienestar/Inscripción_a_un_evento/input_No search results are available_form_templatej_idt24_input"), "Inscripcion evento (bie)"): Text 'Inscripcion evento (bie)' is set on object 'Object Repository/M-OBJECTS TAREAS SECUNDARIAS/Pruebas Bienestar/Inscripción_a_un_evento/input_No search results are available_form_templatej_idt24_input'

2022-03-29 18:52:30 - [MESSAGE][PASSED] - Text 'Inscripcion evento (bie)' is set on object 'Object Repository/M-OBJECTS TAREAS SECUNDARIAS/Pruebas Bienestar/Inscripción_a_un_evento/input_No search results are available_form_templatej_idt24_input'

2022-03-29 18:52:30 - [TEST_STEP][PASSED] - click(findTestObject("M-OBJECTS TAREAS SECUNDARIAS/Pruebas Bienestar/Inscripción_a_un_evento/li_Inscripcion Evento (bie)")): Object: 'Object Repository/M-OBJECTS TAREAS SECUNDARIAS/Pruebas Bienestar/Inscripción_a_un_evento/li_Inscripcion Evento (bie)' is clicked on

2022-03-29 18:52:31 - [MESSAGE][PASSED] - Object: 'Object Repository/M-OBJECTS TAREAS SECUNDARIAS/Pruebas Bienestar/Inscripción_a_un_evento/li_Inscripcion Evento (bie)' is clicked on

2022-03-29 18:52:31 - [TEST_STEP][PASSED] - click(findTestObject("M-OBJECTS TAREAS SECUNDARIAS/Pruebas Bienestar/Inscripción_a_un_evento/a_Inscripcin")): Object: 'Object Repository/M-OBJECTS TAREAS SECUNDARIAS/Pruebas Bienestar/Inscripción_a_un_evento/a_Inscripcin' is clicked on

2022-03-29 18:52:32 - [MESSAGE][PASSED] - Object: 'Object Repository/M-OBJECTS TAREAS SECUNDARIAS/Pruebas Bienestar/Inscripción_a_un_evento/a_Inscripcin' is clicked on

2022-03-29 18:52:32 - [TEST_STEP][PASSED] - click(findTestObject("M-OBJECTS TAREAS SECUNDARIAS/Pruebas Bienestar/Inscripción_a_un_evento/a_Nombre_formListadoEventosj_idt185")): Object: 'Object Repository/M-OBJECTS TAREAS SECUNDARIAS/Pruebas Bienestar/Inscripción_a_un_evento/a_Nombre_formListadoEventosj_idt185' is clicked on

2022-03-29 18:52:33 - [MESSAGE][PASSED] - Object: 'Object Repository/M-OBJECTS TAREAS SECUNDARIAS/Pruebas Bienestar/Inscripción_a_un_evento/a_Nombre_formListadoEventosj_idt185' is clicked on

2022-03-29 18:52:33 - [TEST_STEP][PASSED] - click(findTestObject("M-OBJECTS TAREAS SECUNDARIAS/Pruebas Bienestar/Inscripción_a_un_evento/td_")): Object: 'Object Repository/M-OBJECTS TAREAS SECUNDARIAS/Pruebas Bienestar/Inscripción_a_un_evento/td_' is clicked on

2022-03-29 18:52:34 - [MESSAGE][PASSED] - Object: 'Object Repository/M-OBJECTS TAREAS SECUNDARIAS/Pruebas Bienestar/Inscripción_a_un_evento/td_' is clicked on

2022-03-29 18:52:34 - [TEST_STEP][PASSED] - selectOptionByIndex(findTestObject("M-OBJECTS TAREAS SECUNDARIAS/Pruebas Bienestar/Inscripción_a_un_evento/select_-- Seleccione --prueba-S-SH"), 1): All options with index in [1] are selected on object 'Object Repository/M-OBJECTS TAREAS SECUNDARIAS/Pruebas Bienestar/Inscripción_a_un_evento/select_-- Seleccione --prueba-S-SH'

2022-03-29 18:52:36 - [MESSAGE][PASSED] - All options with index in [1] are selected on object 'Object Repository/M-OBJECTS TAREAS SECUNDARIAS/Pruebas Bienestar/Inscripción_a_un_evento/select_-- Seleccione --prueba-S-SH'

2022-03-29 18:52:36 - [TEST_STEP][PASSED] - setText(findTestObject("M-OBJECTS TAREAS SECUNDARIAS/Pruebas Bienestar/Inscripción_a_un_evento/input_Referencia Pago_formListadoEventospIReferencia"), "5"): Text '5' is set on object 'Object Repository/M-OBJECTS TAREAS SECUNDARIAS/Pruebas Bienestar/Inscripción_a_un_evento/input_Referencia Pago_formListadoEventospIReferencia'

2022-03-29 18:52:37 - [MESSAGE][PASSED] - Text '5' is set on object 'Object Repository/M-OBJECTS TAREAS SECUNDARIAS/Pruebas Bienestar/Inscripción_a_un_evento/input_Referencia Pago_formListadoEventospIReferencia'

2022-03-29 18:52:37 - [TEST_STEP][PASSED] - setText(findTestObject("M-OBJECTS TAREAS SECUNDARIAS/Pruebas Bienestar/Inscripción_a_un_evento/input_Valor Persona A Pagar_formListadoEventospIValor"), "100"): Text '100' is set on object 'Object Repository/M-OBJECTS TAREAS SECUNDARIAS/Pruebas Bienestar/Inscripción_a_un_evento/input_Valor Persona A Pagar_formListadoEventospIValor'

2022-03-29 18:52:38 - [MESSAGE][PASSED] - Text '100' is set on object 'Object Repository/M-OBJECTS TAREAS SECUNDARIAS/Pruebas Bienestar/Inscripción_a_un_evento/input_Valor Persona A Pagar_formListadoEventospIValor'

2022-03-29 18:52:38 - [TEST_STEP][PASSED] - setText(findTestObject("M-OBJECTS TAREAS SECUNDARIAS/Pruebas Bienestar/Inscripción_a_un_evento/input_Posicin_formListadoEventospIPosicion"), "5"): Text '5' is set on object 'Object Repository/M-OBJECTS TAREAS SECUNDARIAS/Pruebas Bienestar/Inscripción_a_un_evento/input_Posicin_formListadoEventospIPosicion'

2022-03-29 18:52:39 - [MESSAGE][PASSED] - Text '5' is set on object 'Object Repository/M-OBJECTS TAREAS SECUNDARIAS/Pruebas Bienestar/Inscripción_a_un_evento/input_Posicin_formListadoEventospIPosicion'

2022-03-29 18:52:39 - [TEST_STEP][PASSED] - element = findWebElement(findTestObject("M-OBJECTS TAREAS SECUNDARIAS/Pruebas Bienestar/Inscripción_a_un_evento/a_Guardar"), 30): null

2022-03-29 18:52:39 - [TEST_STEP][PASSED] - executeJavaScript("arguments[0].click()", Arrays.asList(element)): Execute JavaScript 'arguments[0].click()' successfully

2022-03-29 18:52:39 - [MESSAGE][PASSED] - Execute JavaScript 'arguments[0].click()' successfully

2022-03-29 18:52:39 - [TEST_STEP][PASSED] - closeBrowser(): Browser is closed

2022-03-29 18:52:40 - [MESSAGE][PASSED] - Browser is closed]]></system-out>
         <system-err><![CDATA[]]></system-err>
      </testcase>
      <testcase name="Test Cases/1.2-Tareas_Secundarias/3.1-Pruebas_Bienestar/3.2.2-Invitación" time="23.146" classname="Test Cases/1.2-Tareas_Secundarias/3.1-Pruebas_Bienestar/3.2.2-Invitación" status="PASSED">
         <system-out><![CDATA[2022-03-29 18:52:40 - [TEST_CASE][PASSED] - Test Cases/1.2-Tareas_Secundarias/3.1-Pruebas_Bienestar/3.2.2-Invitación: Test Cases/1.2-Tareas_Secundarias/3.1-Pruebas_Bienestar/3.2.2-Invitación

2022-03-29 18:52:40 - [TEST_STEP][PASSED] - callTestCase(findTestCase("Utilidades-(atajos_para _tareas)/Modulos/Modulo bienestar-eventos"), [:], STOP_ON_FAILURE): Call Test Case 'Test Cases/Utilidades-(atajos_para _tareas)/Modulos/Modulo bienestar-eventos' successfully

2022-03-29 18:52:40 - [TEST_CASE][PASSED] - Test Cases/Utilidades-(atajos_para _tareas)/Modulos/Modulo bienestar-eventos: Test Cases/Utilidades-(atajos_para _tareas)/Modulos/Modulo bienestar-eventos

2022-03-29 18:52:40 - [TEST_STEP][PASSED] - callTestCase(findTestCase("0.1-Login"), [:], STOP_ON_FAILURE): Call Test Case 'Test Cases/0.1-Login' successfully

2022-03-29 18:52:40 - [TEST_CASE][PASSED] - Test Cases/0.1-Login: Test Cases/0.1-Login

2022-03-29 18:52:40 - [TEST_STEP][PASSED] - openBrowser(""): Browser is opened with url: ''

2022-03-29 18:52:40 - [MESSAGE][INFO] - Starting 'Chrome' driver

2022-03-29 18:52:40 - [MESSAGE][INFO] - Action delay is set to 50 milliseconds

2022-03-29 18:52:42 - [MESSAGE][PASSED] - Browser is opened with url: ''

2022-03-29 18:52:42 - [TEST_STEP][PASSED] - maximizeWindow(): Current window maximized

2022-03-29 18:52:42 - [MESSAGE][PASSED] - Current window maximized

2022-03-29 18:52:42 - [TEST_STEP][PASSED] - i = G_Login: null

2022-03-29 18:52:42 - [TEST_STEP][PASSED] - url = new java.net.URL(i): null

2022-03-29 18:52:42 - [TEST_STEP][PASSED] - println("URL: " + url.toString()): null

2022-03-29 18:52:42 - [TEST_STEP][PASSED] - connection = url.openConnection(): null

2022-03-29 18:52:42 - [TEST_STEP][PASSED] - connection.setRequestMethod("GET"): null

2022-03-29 18:52:42 - [TEST_STEP][PASSED] - connection.setReadTimeout(2 * 1000): null

2022-03-29 18:52:42 - [TEST_STEP][PASSED] - try: null

2022-03-29 18:52:42 - [TEST_STEP][PASSED] - connection.connect(): null

2022-03-29 18:52:42 - [TEST_STEP][PASSED] - flag = connected: null

2022-03-29 18:52:42 - [TEST_STEP][PASSED] - println("Valor_ori: " + flag): null

2022-03-29 18:52:42 - [TEST_STEP][PASSED] - if (flag): null

2022-03-29 18:52:42 - [TEST_STEP][PASSED] - navigateToUrl(i): Navigate to 'http://192.168.2.19:8380/saraweb' successfully

2022-03-29 18:52:42 - [MESSAGE][PASSED] - Navigate to 'http://192.168.2.19:8380/saraweb' successfully

2022-03-29 18:52:42 - [TEST_STEP][PASSED] - a(): null

2022-03-29 18:52:42 - [TEST_STEP][PASSED] - setText(findTestObject("Login/input_USUARIO_loginusuario"), G_Usuario): Text 'saraadmin' is set on object 'Object Repository/Login/input_USUARIO_loginusuario'

2022-03-29 18:52:43 - [MESSAGE][PASSED] - Text 'saraadmin' is set on object 'Object Repository/Login/input_USUARIO_loginusuario'

2022-03-29 18:52:43 - [TEST_STEP][PASSED] - setEncryptedText(findTestObject("Login/input_CLAVE_loginpassword"), "MkG4/TYiCFC3cb2driP7+Q=="): Text ****** has been set on object 'Object Repository/Login/input_CLAVE_loginpassword'

2022-03-29 18:52:44 - [MESSAGE][PASSED] - Text ****** has been set on object 'Object Repository/Login/input_CLAVE_loginpassword'

2022-03-29 18:52:44 - [TEST_STEP][PASSED] - waitForElementClickable(findTestObject("Login/a_Ingresar"), G_TimeOut): Object 'Object Repository/Login/a_Ingresar' is clickable

2022-03-29 18:52:44 - [MESSAGE][PASSED] - Object 'Object Repository/Login/a_Ingresar' is clickable

2022-03-29 18:52:44 - [TEST_STEP][PASSED] - click(findTestObject("Login/a_Ingresar")): Object: 'Object Repository/Login/a_Ingresar' is clicked on

2022-03-29 18:52:46 - [MESSAGE][PASSED] - Object: 'Object Repository/Login/a_Ingresar' is clicked on

2022-03-29 18:52:46 - [TEST_STEP][PASSED] - element = findWebElement(findTestObject("Login/a_Ir"), 30): null

2022-03-29 18:52:46 - [TEST_STEP][PASSED] - executeJavaScript("arguments[0].click()", Arrays.asList(element)): Execute JavaScript 'arguments[0].click()' successfully

2022-03-29 18:52:46 - [MESSAGE][PASSED] - Execute JavaScript 'arguments[0].click()' successfully

2022-03-29 18:52:46 - [MESSAGE][PASSED] - Call Test Case 'Test Cases/0.1-Login' successfully

2022-03-29 18:52:46 - [TEST_STEP][PASSED] - waitForElementClickable(findTestObject("Modulo bienestar-eventos/input_ADMINISTRADOR DEL SISTEMA"), 0): Object 'Object Repository/Modulo bienestar-eventos/input_ADMINISTRADOR DEL SISTEMA' is clickable

2022-03-29 18:52:46 - [MESSAGE][WARNING] - Timeout '0' is invalid. Using default page load timeout: '45'

2022-03-29 18:52:47 - [MESSAGE][PASSED] - Object 'Object Repository/Modulo bienestar-eventos/input_ADMINISTRADOR DEL SISTEMA' is clickable

2022-03-29 18:52:47 - [TEST_STEP][PASSED] - setText(findTestObject("Modulo bienestar-eventos/input_ADMINISTRADOR DEL SISTEMA"), "eventos (bie)"): Text 'eventos (bie)' is set on object 'Object Repository/Modulo bienestar-eventos/input_ADMINISTRADOR DEL SISTEMA'

2022-03-29 18:52:48 - [MESSAGE][PASSED] - Text 'eventos (bie)' is set on object 'Object Repository/Modulo bienestar-eventos/input_ADMINISTRADOR DEL SISTEMA'

2022-03-29 18:52:48 - [TEST_STEP][PASSED] - click(findTestObject("Modulo bienestar-eventos/span_Eventos (bie)")): Object: 'Object Repository/Modulo bienestar-eventos/span_Eventos (bie)' is clicked on

2022-03-29 18:52:49 - [MESSAGE][PASSED] - Object: 'Object Repository/Modulo bienestar-eventos/span_Eventos (bie)' is clicked on

2022-03-29 18:52:49 - [MESSAGE][PASSED] - Call Test Case 'Test Cases/Utilidades-(atajos_para _tareas)/Modulos/Modulo bienestar-eventos' successfully

2022-03-29 18:52:49 - [TEST_STEP][PASSED] - waitForElementClickable(findTestObject("M-OBJECTS TAREAS SECUNDARIAS/Pruebas Bienestar/Invitación/td_Prueba-S-SH"), 0): Object 'Object Repository/M-OBJECTS TAREAS SECUNDARIAS/Pruebas Bienestar/Invitación/td_Prueba-S-SH' is clickable

2022-03-29 18:52:49 - [MESSAGE][WARNING] - Timeout '0' is invalid. Using default page load timeout: '45'

2022-03-29 18:52:50 - [MESSAGE][PASSED] - Object 'Object Repository/M-OBJECTS TAREAS SECUNDARIAS/Pruebas Bienestar/Invitación/td_Prueba-S-SH' is clickable

2022-03-29 18:52:50 - [TEST_STEP][PASSED] - click(findTestObject("M-OBJECTS TAREAS SECUNDARIAS/Pruebas Bienestar/Invitación/td_Prueba-S-SH")): Object: 'Object Repository/M-OBJECTS TAREAS SECUNDARIAS/Pruebas Bienestar/Invitación/td_Prueba-S-SH' is clicked on

2022-03-29 18:52:51 - [MESSAGE][PASSED] - Object: 'Object Repository/M-OBJECTS TAREAS SECUNDARIAS/Pruebas Bienestar/Invitación/td_Prueba-S-SH' is clicked on

2022-03-29 18:52:51 - [TEST_STEP][PASSED] - click(findTestObject("M-OBJECTS TAREAS SECUNDARIAS/Pruebas Bienestar/Invitación/div_Participante")): Object: 'Object Repository/M-OBJECTS TAREAS SECUNDARIAS/Pruebas Bienestar/Invitación/div_Participante' is clicked on

2022-03-29 18:52:52 - [MESSAGE][PASSED] - Object: 'Object Repository/M-OBJECTS TAREAS SECUNDARIAS/Pruebas Bienestar/Invitación/div_Participante' is clicked on

2022-03-29 18:52:52 - [TEST_STEP][PASSED] - click(findTestObject("M-OBJECTS TAREAS SECUNDARIAS/Pruebas Bienestar/Invitación/a_Invitacin")): Object: 'Object Repository/M-OBJECTS TAREAS SECUNDARIAS/Pruebas Bienestar/Invitación/a_Invitacin' is clicked on

2022-03-29 18:52:53 - [MESSAGE][PASSED] - Object: 'Object Repository/M-OBJECTS TAREAS SECUNDARIAS/Pruebas Bienestar/Invitación/a_Invitacin' is clicked on

2022-03-29 18:52:53 - [TEST_STEP][PASSED] - selectOptionByIndex(findTestObject("M-OBJECTS TAREAS SECUNDARIAS/Pruebas Bienestar/Invitación/select_SeleccioneCALIDADMENSUAL ABCMODELO EMPRESA QUINCENALPANSIONADOSPENSIONADOS BASEPRUEBAS"), "1"): All options with index in [1] are selected on object 'Object Repository/M-OBJECTS TAREAS SECUNDARIAS/Pruebas Bienestar/Invitación/select_SeleccioneCALIDADMENSUAL ABCMODELO EMPRESA QUINCENALPANSIONADOSPENSIONADOS BASEPRUEBAS'

2022-03-29 18:52:54 - [MESSAGE][PASSED] - All options with index in [1] are selected on object 'Object Repository/M-OBJECTS TAREAS SECUNDARIAS/Pruebas Bienestar/Invitación/select_SeleccioneCALIDADMENSUAL ABCMODELO EMPRESA QUINCENALPANSIONADOSPENSIONADOS BASEPRUEBAS'

2022-03-29 18:52:54 - [TEST_STEP][PASSED] - click(findTestObject("M-OBJECTS TAREAS SECUNDARIAS/Pruebas Bienestar/Invitación/a_Unidad_invitacionEventosPopupFormj_idt1309")): Object: 'Object Repository/M-OBJECTS TAREAS SECUNDARIAS/Pruebas Bienestar/Invitación/a_Unidad_invitacionEventosPopupFormj_idt1309' is clicked on

2022-03-29 18:52:55 - [MESSAGE][PASSED] - Object: 'Object Repository/M-OBJECTS TAREAS SECUNDARIAS/Pruebas Bienestar/Invitación/a_Unidad_invitacionEventosPopupFormj_idt1309' is clicked on

2022-03-29 18:52:55 - [TEST_STEP][PASSED] - click(findTestObject("M-OBJECTS TAREAS SECUNDARIAS/Pruebas Bienestar/Invitación/a_Filtrar")): Object: 'Object Repository/M-OBJECTS TAREAS SECUNDARIAS/Pruebas Bienestar/Invitación/a_Filtrar' is clicked on

2022-03-29 18:52:55 - [MESSAGE][PASSED] - Object: 'Object Repository/M-OBJECTS TAREAS SECUNDARIAS/Pruebas Bienestar/Invitación/a_Filtrar' is clicked on

2022-03-29 18:52:55 - [TEST_STEP][PASSED] - check(findTestObject("M-OBJECTS TAREAS SECUNDARIAS/Pruebas Bienestar/Invitación/div_Cargo_ui-chkbox-box ui-widget ui-corner-all ui-state-default ui-state-hover")): Object 'Object Repository/M-OBJECTS TAREAS SECUNDARIAS/Pruebas Bienestar/Invitación/div_Cargo_ui-chkbox-box ui-widget ui-corner-all ui-state-default ui-state-hover' is checked

2022-03-29 18:52:56 - [MESSAGE][PASSED] - Object 'Object Repository/M-OBJECTS TAREAS SECUNDARIAS/Pruebas Bienestar/Invitación/div_Cargo_ui-chkbox-box ui-widget ui-corner-all ui-state-default ui-state-hover' is checked

2022-03-29 18:52:56 - [TEST_STEP][PASSED] - element = findWebElement(findTestObject("M-OBJECTS TAREAS SECUNDARIAS/Pruebas Bienestar/Invitación/a_Invitacin_boton"), 30): null

2022-03-29 18:52:57 - [TEST_STEP][PASSED] - executeJavaScript("arguments[0].click()", Arrays.asList(element)): Execute JavaScript 'arguments[0].click()' successfully

2022-03-29 18:52:57 - [MESSAGE][PASSED] - Execute JavaScript 'arguments[0].click()' successfully

2022-03-29 18:52:57 - [TEST_STEP][PASSED] - click(findTestObject("M-OBJECTS TAREAS SECUNDARIAS/Pruebas Bienestar/Invitación/a_Invitacin")): Object: 'Object Repository/M-OBJECTS TAREAS SECUNDARIAS/Pruebas Bienestar/Invitación/a_Invitacin' is clicked on

2022-03-29 18:52:58 - [MESSAGE][PASSED] - Object: 'Object Repository/M-OBJECTS TAREAS SECUNDARIAS/Pruebas Bienestar/Invitación/a_Invitacin' is clicked on

2022-03-29 18:52:58 - [TEST_STEP][PASSED] - selectOptionByIndex(findTestObject("M-OBJECTS TAREAS SECUNDARIAS/Pruebas Bienestar/Invitación/select_SeleccioneCALIDADMENSUAL ABCMODELO EMPRESA QUINCENALPANSIONADOSPENSIONADOS BASEPRUEBAS"), "1"): All options with index in [1] are selected on object 'Object Repository/M-OBJECTS TAREAS SECUNDARIAS/Pruebas Bienestar/Invitación/select_SeleccioneCALIDADMENSUAL ABCMODELO EMPRESA QUINCENALPANSIONADOSPENSIONADOS BASEPRUEBAS'

2022-03-29 18:52:59 - [MESSAGE][PASSED] - All options with index in [1] are selected on object 'Object Repository/M-OBJECTS TAREAS SECUNDARIAS/Pruebas Bienestar/Invitación/select_SeleccioneCALIDADMENSUAL ABCMODELO EMPRESA QUINCENALPANSIONADOSPENSIONADOS BASEPRUEBAS'

2022-03-29 18:52:59 - [TEST_STEP][PASSED] - click(findTestObject("M-OBJECTS TAREAS SECUNDARIAS/Pruebas Bienestar/Invitación/a_Filtrar")): Object: 'Object Repository/M-OBJECTS TAREAS SECUNDARIAS/Pruebas Bienestar/Invitación/a_Filtrar' is clicked on

2022-03-29 18:53:00 - [MESSAGE][PASSED] - Object: 'Object Repository/M-OBJECTS TAREAS SECUNDARIAS/Pruebas Bienestar/Invitación/a_Filtrar' is clicked on

2022-03-29 18:53:00 - [TEST_STEP][PASSED] - click(findTestObject("M-OBJECTS TAREAS SECUNDARIAS/Pruebas Bienestar/Invitación/span_ui-button")): Object: 'Object Repository/M-OBJECTS TAREAS SECUNDARIAS/Pruebas Bienestar/Invitación/span_ui-button' is clicked on

2022-03-29 18:53:01 - [MESSAGE][PASSED] - Object: 'Object Repository/M-OBJECTS TAREAS SECUNDARIAS/Pruebas Bienestar/Invitación/span_ui-button' is clicked on

2022-03-29 18:53:01 - [TEST_STEP][PASSED] - click(findTestObject("M-OBJECTS TAREAS SECUNDARIAS/Pruebas Bienestar/Invitación/span_Todo")): Object: 'Object Repository/M-OBJECTS TAREAS SECUNDARIAS/Pruebas Bienestar/Invitación/span_Todo' is clicked on

2022-03-29 18:53:01 - [MESSAGE][PASSED] - Object: 'Object Repository/M-OBJECTS TAREAS SECUNDARIAS/Pruebas Bienestar/Invitación/span_Todo' is clicked on

2022-03-29 18:53:01 - [TEST_STEP][PASSED] - element1 = findWebElement(findTestObject("M-OBJECTS TAREAS SECUNDARIAS/Pruebas Bienestar/Invitación/a_Invitacin_boton"), 30): null

2022-03-29 18:53:02 - [TEST_STEP][PASSED] - executeJavaScript("arguments[0].click()", Arrays.asList(element1)): Execute JavaScript 'arguments[0].click()' successfully

2022-03-29 18:53:02 - [MESSAGE][PASSED] - Execute JavaScript 'arguments[0].click()' successfully

2022-03-29 18:53:02 - [TEST_STEP][PASSED] - closeBrowser(): Browser is closed

2022-03-29 18:53:03 - [MESSAGE][PASSED] - Browser is closed]]></system-out>
         <system-err><![CDATA[]]></system-err>
      </testcase>
      <testcase name="Test Cases/1.2-Tareas_Secundarias/4.1-Pruebas_Capacitación/4.1.1-Nuevo_Curso" time="41.971" classname="Test Cases/1.2-Tareas_Secundarias/4.1-Pruebas_Capacitación/4.1.1-Nuevo_Curso" status="PASSED">
         <system-out><![CDATA[2022-03-29 18:53:03 - [TEST_CASE][PASSED] - Test Cases/1.2-Tareas_Secundarias/4.1-Pruebas_Capacitación/4.1.1-Nuevo_Curso: Test Cases/1.2-Tareas_Secundarias/4.1-Pruebas_Capacitación/4.1.1-Nuevo_Curso

2022-03-29 18:53:03 - [TEST_STEP][PASSED] - callTestCase(findTestCase("0.1-Login"), [:], STOP_ON_FAILURE): Call Test Case 'Test Cases/0.1-Login' successfully

2022-03-29 18:53:03 - [TEST_CASE][PASSED] - Test Cases/0.1-Login: Test Cases/0.1-Login

2022-03-29 18:53:03 - [TEST_STEP][PASSED] - openBrowser(""): Browser is opened with url: ''

2022-03-29 18:53:03 - [MESSAGE][INFO] - Starting 'Chrome' driver

2022-03-29 18:53:03 - [MESSAGE][INFO] - Action delay is set to 50 milliseconds

2022-03-29 18:53:04 - [MESSAGE][PASSED] - Browser is opened with url: ''

2022-03-29 18:53:04 - [TEST_STEP][PASSED] - maximizeWindow(): Current window maximized

2022-03-29 18:53:05 - [MESSAGE][PASSED] - Current window maximized

2022-03-29 18:53:05 - [TEST_STEP][PASSED] - i = G_Login: null

2022-03-29 18:53:05 - [TEST_STEP][PASSED] - url = new java.net.URL(i): null

2022-03-29 18:53:05 - [TEST_STEP][PASSED] - println("URL: " + url.toString()): null

2022-03-29 18:53:05 - [TEST_STEP][PASSED] - connection = url.openConnection(): null

2022-03-29 18:53:05 - [TEST_STEP][PASSED] - connection.setRequestMethod("GET"): null

2022-03-29 18:53:05 - [TEST_STEP][PASSED] - connection.setReadTimeout(2 * 1000): null

2022-03-29 18:53:05 - [TEST_STEP][PASSED] - try: null

2022-03-29 18:53:05 - [TEST_STEP][PASSED] - connection.connect(): null

2022-03-29 18:53:05 - [TEST_STEP][PASSED] - flag = connected: null

2022-03-29 18:53:05 - [TEST_STEP][PASSED] - println("Valor_ori: " + flag): null

2022-03-29 18:53:05 - [TEST_STEP][PASSED] - if (flag): null

2022-03-29 18:53:05 - [TEST_STEP][PASSED] - navigateToUrl(i): Navigate to 'http://192.168.2.19:8380/saraweb' successfully

2022-03-29 18:53:06 - [MESSAGE][PASSED] - Navigate to 'http://192.168.2.19:8380/saraweb' successfully

2022-03-29 18:53:06 - [TEST_STEP][PASSED] - a(): null

2022-03-29 18:53:06 - [TEST_STEP][PASSED] - setText(findTestObject("Login/input_USUARIO_loginusuario"), G_Usuario): Text 'saraadmin' is set on object 'Object Repository/Login/input_USUARIO_loginusuario'

2022-03-29 18:53:07 - [MESSAGE][PASSED] - Text 'saraadmin' is set on object 'Object Repository/Login/input_USUARIO_loginusuario'

2022-03-29 18:53:07 - [TEST_STEP][PASSED] - setEncryptedText(findTestObject("Login/input_CLAVE_loginpassword"), "MkG4/TYiCFC3cb2driP7+Q=="): Text ****** has been set on object 'Object Repository/Login/input_CLAVE_loginpassword'

2022-03-29 18:53:07 - [MESSAGE][PASSED] - Text ****** has been set on object 'Object Repository/Login/input_CLAVE_loginpassword'

2022-03-29 18:53:07 - [TEST_STEP][PASSED] - waitForElementClickable(findTestObject("Login/a_Ingresar"), G_TimeOut): Object 'Object Repository/Login/a_Ingresar' is clickable

2022-03-29 18:53:08 - [MESSAGE][PASSED] - Object 'Object Repository/Login/a_Ingresar' is clickable

2022-03-29 18:53:08 - [TEST_STEP][PASSED] - click(findTestObject("Login/a_Ingresar")): Object: 'Object Repository/Login/a_Ingresar' is clicked on

2022-03-29 18:53:11 - [MESSAGE][PASSED] - Object: 'Object Repository/Login/a_Ingresar' is clicked on

2022-03-29 18:53:11 - [TEST_STEP][PASSED] - element = findWebElement(findTestObject("Login/a_Ir"), 30): null

2022-03-29 18:53:12 - [TEST_STEP][PASSED] - executeJavaScript("arguments[0].click()", Arrays.asList(element)): Execute JavaScript 'arguments[0].click()' successfully

2022-03-29 18:53:12 - [MESSAGE][PASSED] - Execute JavaScript 'arguments[0].click()' successfully

2022-03-29 18:53:12 - [MESSAGE][PASSED] - Call Test Case 'Test Cases/0.1-Login' successfully

2022-03-29 18:53:12 - [TEST_STEP][PASSED] - setText(findTestObject("M-OBJECTS TAREAS SECUNDARIAS/Pruebas capacitacion/Nuevo_Curso/input_ADMINISTRADOR DEL SISTEMA - SARA_form_templatej_idt24_input"), "Cursos (cap)"): Text 'Cursos (cap)' is set on object 'Object Repository/M-OBJECTS TAREAS SECUNDARIAS/Pruebas capacitacion/Nuevo_Curso/input_ADMINISTRADOR DEL SISTEMA - SARA_form_templatej_idt24_input'

2022-03-29 18:53:13 - [MESSAGE][PASSED] - Text 'Cursos (cap)' is set on object 'Object Repository/M-OBJECTS TAREAS SECUNDARIAS/Pruebas capacitacion/Nuevo_Curso/input_ADMINISTRADOR DEL SISTEMA - SARA_form_templatej_idt24_input'

2022-03-29 18:53:13 - [TEST_STEP][PASSED] - waitForElementClickable(findTestObject("M-OBJECTS TAREAS SECUNDARIAS/Pruebas capacitacion/Nuevo_Curso/li_Cursos (cap)"), 0): Object 'Object Repository/M-OBJECTS TAREAS SECUNDARIAS/Pruebas capacitacion/Nuevo_Curso/li_Cursos (cap)' is clickable

2022-03-29 18:53:13 - [MESSAGE][WARNING] - Timeout '0' is invalid. Using default page load timeout: '45'

2022-03-29 18:53:14 - [MESSAGE][PASSED] - Object 'Object Repository/M-OBJECTS TAREAS SECUNDARIAS/Pruebas capacitacion/Nuevo_Curso/li_Cursos (cap)' is clickable

2022-03-29 18:53:14 - [TEST_STEP][PASSED] - click(findTestObject("M-OBJECTS TAREAS SECUNDARIAS/Pruebas capacitacion/Nuevo_Curso/li_Cursos (cap)"), STOP_ON_FAILURE): Object: 'Object Repository/M-OBJECTS TAREAS SECUNDARIAS/Pruebas capacitacion/Nuevo_Curso/li_Cursos (cap)' is clicked on

2022-03-29 18:53:15 - [MESSAGE][PASSED] - Object: 'Object Repository/M-OBJECTS TAREAS SECUNDARIAS/Pruebas capacitacion/Nuevo_Curso/li_Cursos (cap)' is clicked on

2022-03-29 18:53:15 - [TEST_STEP][PASSED] - if (waitForElementPresent(findTestObject("M-OBJECTS TAREAS SECUNDARIAS/Pruebas capacitacion/Nuevo_Curso/td_Prueba"), 1)): null

2022-03-29 18:53:16 - [MESSAGE][PASSED] - Object 'Object Repository/M-OBJECTS TAREAS SECUNDARIAS/Pruebas capacitacion/Nuevo_Curso/td_Prueba' is present

2022-03-29 18:53:16 - [TEST_STEP][PASSED] - click(findTestObject("M-OBJECTS TAREAS SECUNDARIAS/Pruebas capacitacion/Nuevo_Curso/td_Prueba")): Object: 'Object Repository/M-OBJECTS TAREAS SECUNDARIAS/Pruebas capacitacion/Nuevo_Curso/td_Prueba' is clicked on

2022-03-29 18:53:16 - [MESSAGE][PASSED] - Object: 'Object Repository/M-OBJECTS TAREAS SECUNDARIAS/Pruebas capacitacion/Nuevo_Curso/td_Prueba' is clicked on

2022-03-29 18:53:16 - [TEST_STEP][PASSED] - click(findTestObject("M-OBJECTS TAREAS SECUNDARIAS/Pruebas capacitacion/Nuevo_Curso/a_Tema")): Object: 'Object Repository/M-OBJECTS TAREAS SECUNDARIAS/Pruebas capacitacion/Nuevo_Curso/a_Tema' is clicked on

2022-03-29 18:53:18 - [MESSAGE][PASSED] - Object: 'Object Repository/M-OBJECTS TAREAS SECUNDARIAS/Pruebas capacitacion/Nuevo_Curso/a_Tema' is clicked on

2022-03-29 18:53:18 - [TEST_STEP][PASSED] - if (waitForElementPresent(findTestObject("M-OBJECTS TAREAS SECUNDARIAS/Pruebas capacitacion/Nuevo_Curso/span_Tema"), 1)): null

2022-03-29 18:53:18 - [MESSAGE][PASSED] - Object 'Object Repository/M-OBJECTS TAREAS SECUNDARIAS/Pruebas capacitacion/Nuevo_Curso/span_Tema' is present

2022-03-29 18:53:18 - [TEST_STEP][PASSED] - click(findTestObject("M-OBJECTS TAREAS SECUNDARIAS/Pruebas capacitacion/Nuevo_Curso/a_Tema_form_cursopestaniaslistaTemas0j_idt608")): Object: 'Object Repository/M-OBJECTS TAREAS SECUNDARIAS/Pruebas capacitacion/Nuevo_Curso/a_Tema_form_cursopestaniaslistaTemas0j_idt608' is clicked on

2022-03-29 18:53:19 - [MESSAGE][PASSED] - Object: 'Object Repository/M-OBJECTS TAREAS SECUNDARIAS/Pruebas capacitacion/Nuevo_Curso/a_Tema_form_cursopestaniaslistaTemas0j_idt608' is clicked on

2022-03-29 18:53:19 - [TEST_STEP][PASSED] - click(findTestObject("M-OBJECTS TAREAS SECUNDARIAS/Pruebas capacitacion/Nuevo_Curso/a_Datos Bsicos")): Object: 'Object Repository/M-OBJECTS TAREAS SECUNDARIAS/Pruebas capacitacion/Nuevo_Curso/a_Datos Bsicos' is clicked on

2022-03-29 18:53:20 - [MESSAGE][PASSED] - Object: 'Object Repository/M-OBJECTS TAREAS SECUNDARIAS/Pruebas capacitacion/Nuevo_Curso/a_Datos Bsicos' is clicked on

2022-03-29 18:53:20 - [TEST_STEP][PASSED] - click(findTestObject("M-OBJECTS TAREAS SECUNDARIAS/Pruebas capacitacion/Nuevo_Curso/a_Eliminar")): Object: 'Object Repository/M-OBJECTS TAREAS SECUNDARIAS/Pruebas capacitacion/Nuevo_Curso/a_Eliminar' is clicked on

2022-03-29 18:53:21 - [MESSAGE][PASSED] - Object: 'Object Repository/M-OBJECTS TAREAS SECUNDARIAS/Pruebas capacitacion/Nuevo_Curso/a_Eliminar' is clicked on

2022-03-29 18:53:21 - [TEST_STEP][PASSED] - click(findTestObject("M-OBJECTS TAREAS SECUNDARIAS/Pruebas capacitacion/Nuevo_Curso/a_Aceptar")): Object: 'Object Repository/M-OBJECTS TAREAS SECUNDARIAS/Pruebas capacitacion/Nuevo_Curso/a_Aceptar' is clicked on

2022-03-29 18:53:21 - [MESSAGE][PASSED] - Object: 'Object Repository/M-OBJECTS TAREAS SECUNDARIAS/Pruebas capacitacion/Nuevo_Curso/a_Aceptar' is clicked on

2022-03-29 18:53:21 - [TEST_STEP][PASSED] - click(findTestObject("M-OBJECTS TAREAS SECUNDARIAS/Pruebas capacitacion/Nuevo_Curso/a_Nuevo"), STOP_ON_FAILURE): Object: 'Object Repository/M-OBJECTS TAREAS SECUNDARIAS/Pruebas capacitacion/Nuevo_Curso/a_Nuevo' is clicked on

2022-03-29 18:53:22 - [MESSAGE][PASSED] - Object: 'Object Repository/M-OBJECTS TAREAS SECUNDARIAS/Pruebas capacitacion/Nuevo_Curso/a_Nuevo' is clicked on

2022-03-29 18:53:22 - [TEST_STEP][PASSED] - setText(findTestObject("M-OBJECTS TAREAS SECUNDARIAS/Pruebas capacitacion/Nuevo_Curso/textarea_Curso_form_cursopestaniasdescripcion"), "Prueba"): Text 'Prueba' is set on object 'Object Repository/M-OBJECTS TAREAS SECUNDARIAS/Pruebas capacitacion/Nuevo_Curso/textarea_Curso_form_cursopestaniasdescripcion'

2022-03-29 18:53:23 - [MESSAGE][PASSED] - Text 'Prueba' is set on object 'Object Repository/M-OBJECTS TAREAS SECUNDARIAS/Pruebas capacitacion/Nuevo_Curso/textarea_Curso_form_cursopestaniasdescripcion'

2022-03-29 18:53:23 - [TEST_STEP][PASSED] - setText(findTestObject("M-OBJECTS TAREAS SECUNDARIAS/Pruebas capacitacion/Nuevo_Curso/input_Intensidad Horaria_form_cursopestaniasintensidad"), "12"): Text '12' is set on object 'Object Repository/M-OBJECTS TAREAS SECUNDARIAS/Pruebas capacitacion/Nuevo_Curso/input_Intensidad Horaria_form_cursopestaniasintensidad'

2022-03-29 18:53:24 - [MESSAGE][PASSED] - Text '12' is set on object 'Object Repository/M-OBJECTS TAREAS SECUNDARIAS/Pruebas capacitacion/Nuevo_Curso/input_Intensidad Horaria_form_cursopestaniasintensidad'

2022-03-29 18:53:24 - [TEST_STEP][PASSED] - check(findTestObject("M-OBJECTS TAREAS SECUNDARIAS/Pruebas capacitacion/Nuevo_Curso/label_Ambas"), STOP_ON_FAILURE): Object 'Object Repository/M-OBJECTS TAREAS SECUNDARIAS/Pruebas capacitacion/Nuevo_Curso/label_Ambas' is checked

2022-03-29 18:53:25 - [MESSAGE][PASSED] - Object 'Object Repository/M-OBJECTS TAREAS SECUNDARIAS/Pruebas capacitacion/Nuevo_Curso/label_Ambas' is checked

2022-03-29 18:53:25 - [TEST_STEP][PASSED] - setText(findTestObject("M-OBJECTS TAREAS SECUNDARIAS/Pruebas capacitacion/Nuevo_Curso/input_Puntaje Minimo_form_cursopestaniaspuntajeminimo"), "10"): Text '10' is set on object 'Object Repository/M-OBJECTS TAREAS SECUNDARIAS/Pruebas capacitacion/Nuevo_Curso/input_Puntaje Minimo_form_cursopestaniaspuntajeminimo'

2022-03-29 18:53:26 - [MESSAGE][PASSED] - Text '10' is set on object 'Object Repository/M-OBJECTS TAREAS SECUNDARIAS/Pruebas capacitacion/Nuevo_Curso/input_Puntaje Minimo_form_cursopestaniaspuntajeminimo'

2022-03-29 18:53:26 - [TEST_STEP][PASSED] - setText(findTestObject("M-OBJECTS TAREAS SECUNDARIAS/Pruebas capacitacion/Nuevo_Curso/input_Puntaje Aprobacin_form_cursopestaniaspuntajeaproba"), "31"): Text '31' is set on object 'Object Repository/M-OBJECTS TAREAS SECUNDARIAS/Pruebas capacitacion/Nuevo_Curso/input_Puntaje Aprobacin_form_cursopestaniaspuntajeaproba'

2022-03-29 18:53:27 - [MESSAGE][PASSED] - Text '31' is set on object 'Object Repository/M-OBJECTS TAREAS SECUNDARIAS/Pruebas capacitacion/Nuevo_Curso/input_Puntaje Aprobacin_form_cursopestaniaspuntajeaproba'

2022-03-29 18:53:27 - [TEST_STEP][PASSED] - setText(findTestObject("M-OBJECTS TAREAS SECUNDARIAS/Pruebas capacitacion/Nuevo_Curso/textarea_Prerrequisito_form_cursopestaniasprerequisito"), "null"): Text 'null' is set on object 'Object Repository/M-OBJECTS TAREAS SECUNDARIAS/Pruebas capacitacion/Nuevo_Curso/textarea_Prerrequisito_form_cursopestaniasprerequisito'

2022-03-29 18:53:28 - [MESSAGE][PASSED] - Text 'null' is set on object 'Object Repository/M-OBJECTS TAREAS SECUNDARIAS/Pruebas capacitacion/Nuevo_Curso/textarea_Prerrequisito_form_cursopestaniasprerequisito'

2022-03-29 18:53:28 - [TEST_STEP][PASSED] - setText(findTestObject("M-OBJECTS TAREAS SECUNDARIAS/Pruebas capacitacion/Nuevo_Curso/textarea_Metodologa_form_cursopestaniasmetodologia"), "virtual"): Text 'virtual' is set on object 'Object Repository/M-OBJECTS TAREAS SECUNDARIAS/Pruebas capacitacion/Nuevo_Curso/textarea_Metodologa_form_cursopestaniasmetodologia'

2022-03-29 18:53:29 - [MESSAGE][PASSED] - Text 'virtual' is set on object 'Object Repository/M-OBJECTS TAREAS SECUNDARIAS/Pruebas capacitacion/Nuevo_Curso/textarea_Metodologa_form_cursopestaniasmetodologia'

2022-03-29 18:53:29 - [TEST_STEP][PASSED] - selectOptionByIndex(findTestObject("M-OBJECTS TAREAS SECUNDARIAS/Pruebas capacitacion/Nuevo_Curso/select_-- Seleccione --CARTAS DE RETIROCERT"), "1"): All options with index in [1] are selected on object 'Object Repository/M-OBJECTS TAREAS SECUNDARIAS/Pruebas capacitacion/Nuevo_Curso/select_-- Seleccione --CARTAS DE RETIROCERT'

2022-03-29 18:53:31 - [MESSAGE][PASSED] - All options with index in [1] are selected on object 'Object Repository/M-OBJECTS TAREAS SECUNDARIAS/Pruebas capacitacion/Nuevo_Curso/select_-- Seleccione --CARTAS DE RETIROCERT'

2022-03-29 18:53:31 - [TEST_STEP][PASSED] - selectOptionByIndex(findTestObject("M-OBJECTS TAREAS SECUNDARIAS/Pruebas capacitacion/Nuevo_Curso/select_SeleccioneNINGUNOIcetexInstituto Caro y Cuervo.PositivaSena"), 5): All options with index in [5] are selected on object 'Object Repository/M-OBJECTS TAREAS SECUNDARIAS/Pruebas capacitacion/Nuevo_Curso/select_SeleccioneNINGUNOIcetexInstituto Caro y Cuervo.PositivaSena'

2022-03-29 18:53:32 - [MESSAGE][PASSED] - All options with index in [5] are selected on object 'Object Repository/M-OBJECTS TAREAS SECUNDARIAS/Pruebas capacitacion/Nuevo_Curso/select_SeleccioneNINGUNOIcetexInstituto Caro y Cuervo.PositivaSena'

2022-03-29 18:53:32 - [TEST_STEP][PASSED] - selectOptionByIndex(findTestObject("M-OBJECTS TAREAS SECUNDARIAS/Pruebas capacitacion/Nuevo_Curso/select_ActivoCancelado"), 1): All options with index in [1] are selected on object 'Object Repository/M-OBJECTS TAREAS SECUNDARIAS/Pruebas capacitacion/Nuevo_Curso/select_ActivoCancelado'

2022-03-29 18:53:33 - [MESSAGE][PASSED] - All options with index in [1] are selected on object 'Object Repository/M-OBJECTS TAREAS SECUNDARIAS/Pruebas capacitacion/Nuevo_Curso/select_ActivoCancelado'

2022-03-29 18:53:33 - [TEST_STEP][PASSED] - setText(findTestObject("M-OBJECTS TAREAS SECUNDARIAS/Pruebas capacitacion/Nuevo_Curso/input_Asistencia Mnima Horas_form_cursopestaniasasistenciamin"), "8"): Text '8' is set on object 'Object Repository/M-OBJECTS TAREAS SECUNDARIAS/Pruebas capacitacion/Nuevo_Curso/input_Asistencia Mnima Horas_form_cursopestaniasasistenciamin'

2022-03-29 18:53:34 - [MESSAGE][PASSED] - Text '8' is set on object 'Object Repository/M-OBJECTS TAREAS SECUNDARIAS/Pruebas capacitacion/Nuevo_Curso/input_Asistencia Mnima Horas_form_cursopestaniasasistenciamin'

2022-03-29 18:53:34 - [TEST_STEP][PASSED] - setText(findTestObject("M-OBJECTS TAREAS SECUNDARIAS/Pruebas capacitacion/Nuevo_Curso/input_Puntaje Mximo_form_cursopestaniaspuntajemaximo"), "50"): Text '50' is set on object 'Object Repository/M-OBJECTS TAREAS SECUNDARIAS/Pruebas capacitacion/Nuevo_Curso/input_Puntaje Mximo_form_cursopestaniaspuntajemaximo'

2022-03-29 18:53:35 - [MESSAGE][PASSED] - Text '50' is set on object 'Object Repository/M-OBJECTS TAREAS SECUNDARIAS/Pruebas capacitacion/Nuevo_Curso/input_Puntaje Mximo_form_cursopestaniaspuntajemaximo'

2022-03-29 18:53:35 - [TEST_STEP][PASSED] - setText(findTestObject("M-OBJECTS TAREAS SECUNDARIAS/Pruebas capacitacion/Nuevo_Curso/textarea_Poblacin Objeto_form_cursopestaniascobertura"), "null"): Text 'null' is set on object 'Object Repository/M-OBJECTS TAREAS SECUNDARIAS/Pruebas capacitacion/Nuevo_Curso/textarea_Poblacin Objeto_form_cursopestaniascobertura'

2022-03-29 18:53:36 - [MESSAGE][PASSED] - Text 'null' is set on object 'Object Repository/M-OBJECTS TAREAS SECUNDARIAS/Pruebas capacitacion/Nuevo_Curso/textarea_Poblacin Objeto_form_cursopestaniascobertura'

2022-03-29 18:53:36 - [TEST_STEP][PASSED] - setText(findTestObject("M-OBJECTS TAREAS SECUNDARIAS/Pruebas capacitacion/Nuevo_Curso/textarea_Objetivo_form_cursopestaniasimpacto"), "null"): Text 'null' is set on object 'Object Repository/M-OBJECTS TAREAS SECUNDARIAS/Pruebas capacitacion/Nuevo_Curso/textarea_Objetivo_form_cursopestaniasimpacto'

2022-03-29 18:53:37 - [MESSAGE][PASSED] - Text 'null' is set on object 'Object Repository/M-OBJECTS TAREAS SECUNDARIAS/Pruebas capacitacion/Nuevo_Curso/textarea_Objetivo_form_cursopestaniasimpacto'

2022-03-29 18:53:37 - [TEST_STEP][PASSED] - setText(findTestObject("M-OBJECTS TAREAS SECUNDARIAS/Pruebas capacitacion/Nuevo_Curso/textarea_Contenido_form_cursopestaniascontenido"), "null"): Text 'null' is set on object 'Object Repository/M-OBJECTS TAREAS SECUNDARIAS/Pruebas capacitacion/Nuevo_Curso/textarea_Contenido_form_cursopestaniascontenido'

2022-03-29 18:53:38 - [MESSAGE][PASSED] - Text 'null' is set on object 'Object Repository/M-OBJECTS TAREAS SECUNDARIAS/Pruebas capacitacion/Nuevo_Curso/textarea_Contenido_form_cursopestaniascontenido'

2022-03-29 18:53:38 - [TEST_STEP][PASSED] - click(findTestObject("M-OBJECTS TAREAS SECUNDARIAS/Pruebas capacitacion/Nuevo_Curso/a_Guardar")): Object: 'Object Repository/M-OBJECTS TAREAS SECUNDARIAS/Pruebas capacitacion/Nuevo_Curso/a_Guardar' is clicked on

2022-03-29 18:53:39 - [MESSAGE][PASSED] - Object: 'Object Repository/M-OBJECTS TAREAS SECUNDARIAS/Pruebas capacitacion/Nuevo_Curso/a_Guardar' is clicked on

2022-03-29 18:53:39 - [TEST_STEP][PASSED] - click(findTestObject("M-OBJECTS TAREAS SECUNDARIAS/Pruebas capacitacion/Nuevo_Curso/a_Tema")): Object: 'Object Repository/M-OBJECTS TAREAS SECUNDARIAS/Pruebas capacitacion/Nuevo_Curso/a_Tema' is clicked on

2022-03-29 18:53:40 - [MESSAGE][PASSED] - Object: 'Object Repository/M-OBJECTS TAREAS SECUNDARIAS/Pruebas capacitacion/Nuevo_Curso/a_Tema' is clicked on

2022-03-29 18:53:40 - [TEST_STEP][PASSED] - selectOptionByIndex(findTestObject("M-OBJECTS TAREAS SECUNDARIAS/Pruebas capacitacion/Nuevo_Curso/select_-- SELECCIONAR --GERENCIA DE PROYECTOSPLANMEACINPRUEBA DE MODULOSEGURIDAD EN EL SISTEMA DE INFORMACINTema"), 5): All options with index in [5] are selected on object 'Object Repository/M-OBJECTS TAREAS SECUNDARIAS/Pruebas capacitacion/Nuevo_Curso/select_-- SELECCIONAR --GERENCIA DE PROYECTOSPLANMEACINPRUEBA DE MODULOSEGURIDAD EN EL SISTEMA DE INFORMACINTema'

2022-03-29 18:53:41 - [MESSAGE][PASSED] - All options with index in [5] are selected on object 'Object Repository/M-OBJECTS TAREAS SECUNDARIAS/Pruebas capacitacion/Nuevo_Curso/select_-- SELECCIONAR --GERENCIA DE PROYECTOSPLANMEACINPRUEBA DE MODULOSEGURIDAD EN EL SISTEMA DE INFORMACINTema'

2022-03-29 18:53:41 - [TEST_STEP][PASSED] - setText(findTestObject("M-OBJECTS TAREAS SECUNDARIAS/Pruebas capacitacion/Nuevo_Curso/input_Orden_form_cursopestaniaslistaTemasorden"), "1"): Text '1' is set on object 'Object Repository/M-OBJECTS TAREAS SECUNDARIAS/Pruebas capacitacion/Nuevo_Curso/input_Orden_form_cursopestaniaslistaTemasorden'

2022-03-29 18:53:42 - [MESSAGE][PASSED] - Text '1' is set on object 'Object Repository/M-OBJECTS TAREAS SECUNDARIAS/Pruebas capacitacion/Nuevo_Curso/input_Orden_form_cursopestaniaslistaTemasorden'

2022-03-29 18:53:42 - [TEST_STEP][PASSED] - click(findTestObject("M-OBJECTS TAREAS SECUNDARIAS/Pruebas capacitacion/Nuevo_Curso/a_Orden_form_cursopestaniaslistaTemasj_idt609")): Object: 'Object Repository/M-OBJECTS TAREAS SECUNDARIAS/Pruebas capacitacion/Nuevo_Curso/a_Orden_form_cursopestaniaslistaTemasj_idt609' is clicked on

2022-03-29 18:53:43 - [MESSAGE][PASSED] - Object: 'Object Repository/M-OBJECTS TAREAS SECUNDARIAS/Pruebas capacitacion/Nuevo_Curso/a_Orden_form_cursopestaniaslistaTemasj_idt609' is clicked on

2022-03-29 18:53:43 - [TEST_STEP][PASSED] - click(findTestObject("M-OBJECTS TAREAS SECUNDARIAS/Pruebas capacitacion/Nuevo_Curso/a_Regresar")): Object: 'Object Repository/M-OBJECTS TAREAS SECUNDARIAS/Pruebas capacitacion/Nuevo_Curso/a_Regresar' is clicked on

2022-03-29 18:53:44 - [MESSAGE][PASSED] - Object: 'Object Repository/M-OBJECTS TAREAS SECUNDARIAS/Pruebas capacitacion/Nuevo_Curso/a_Regresar' is clicked on

2022-03-29 18:53:44 - [TEST_STEP][PASSED] - closeBrowser(): Browser is closed

2022-03-29 18:53:45 - [MESSAGE][PASSED] - Browser is closed]]></system-out>
         <system-err><![CDATA[]]></system-err>
      </testcase>
      <testcase name="Test Cases/1.2-Tareas_Secundarias/4.1-Pruebas_Capacitación/4.1.2-Nuevo _Instructor-Entidad" time="27.314" classname="Test Cases/1.2-Tareas_Secundarias/4.1-Pruebas_Capacitación/4.1.2-Nuevo _Instructor-Entidad" status="PASSED">
         <system-out><![CDATA[2022-03-29 18:53:45 - [TEST_CASE][PASSED] - Test Cases/1.2-Tareas_Secundarias/4.1-Pruebas_Capacitación/4.1.2-Nuevo _Instructor-Entidad: Test Cases/1.2-Tareas_Secundarias/4.1-Pruebas_Capacitación/4.1.2-Nuevo _Instructor-Entidad

2022-03-29 18:53:45 - [TEST_STEP][PASSED] - today = new java.util.Date(): null

2022-03-29 18:53:45 - [TEST_STEP][PASSED] - Dia = today.format("dd"): null

2022-03-29 18:53:45 - [TEST_STEP][PASSED] - Mes = today.format("MM"): null

2022-03-29 18:53:45 - [TEST_STEP][PASSED] - MesN = today.format("MM"): null

2022-03-29 18:53:45 - [TEST_STEP][PASSED] - Año = today.format("yyyy"): null

2022-03-29 18:53:45 - [TEST_STEP][PASSED] - sumaD = Dia + 10: null

2022-03-29 18:53:45 - [TEST_STEP][PASSED] - sumaM = Mes + 1: null

2022-03-29 18:53:45 - [TEST_STEP][PASSED] - sumaA = Año + 1: null

2022-03-29 18:53:45 - [TEST_STEP][PASSED] - if (sumaD > 30): null

2022-03-29 18:53:45 - [TEST_STEP][PASSED] - sumaD = sumaD - Dia: null

2022-03-29 18:53:45 - [TEST_STEP][PASSED] - Mes = sumaM: null

2022-03-29 18:53:45 - [TEST_STEP][PASSED] - if (sumaM > 12): null

2022-03-29 18:53:45 - [TEST_STEP][PASSED] - FechaI = Dia + "/" + MesN + "/" + Año: null

2022-03-29 18:53:45 - [TEST_STEP][PASSED] - FechaF = sumaD + "/" + Mes + "/" + Año: null

2022-03-29 18:53:45 - [TEST_STEP][PASSED] - callTestCase(findTestCase("0.1-Login"), [:], STOP_ON_FAILURE): Call Test Case 'Test Cases/0.1-Login' successfully

2022-03-29 18:53:45 - [TEST_CASE][PASSED] - Test Cases/0.1-Login: Test Cases/0.1-Login

2022-03-29 18:53:45 - [TEST_STEP][PASSED] - openBrowser(""): Browser is opened with url: ''

2022-03-29 18:53:45 - [MESSAGE][INFO] - Starting 'Chrome' driver

2022-03-29 18:53:45 - [MESSAGE][INFO] - Action delay is set to 50 milliseconds

2022-03-29 18:53:47 - [MESSAGE][PASSED] - Browser is opened with url: ''

2022-03-29 18:53:47 - [TEST_STEP][PASSED] - maximizeWindow(): Current window maximized

2022-03-29 18:53:47 - [MESSAGE][PASSED] - Current window maximized

2022-03-29 18:53:47 - [TEST_STEP][PASSED] - i = G_Login: null

2022-03-29 18:53:47 - [TEST_STEP][PASSED] - url = new java.net.URL(i): null

2022-03-29 18:53:47 - [TEST_STEP][PASSED] - println("URL: " + url.toString()): null

2022-03-29 18:53:47 - [TEST_STEP][PASSED] - connection = url.openConnection(): null

2022-03-29 18:53:47 - [TEST_STEP][PASSED] - connection.setRequestMethod("GET"): null

2022-03-29 18:53:47 - [TEST_STEP][PASSED] - connection.setReadTimeout(2 * 1000): null

2022-03-29 18:53:47 - [TEST_STEP][PASSED] - try: null

2022-03-29 18:53:47 - [TEST_STEP][PASSED] - connection.connect(): null

2022-03-29 18:53:47 - [TEST_STEP][PASSED] - flag = connected: null

2022-03-29 18:53:47 - [TEST_STEP][PASSED] - println("Valor_ori: " + flag): null

2022-03-29 18:53:47 - [TEST_STEP][PASSED] - if (flag): null

2022-03-29 18:53:47 - [TEST_STEP][PASSED] - navigateToUrl(i): Navigate to 'http://192.168.2.19:8380/saraweb' successfully

2022-03-29 18:53:47 - [MESSAGE][PASSED] - Navigate to 'http://192.168.2.19:8380/saraweb' successfully

2022-03-29 18:53:47 - [TEST_STEP][PASSED] - a(): null

2022-03-29 18:53:47 - [TEST_STEP][PASSED] - setText(findTestObject("Login/input_USUARIO_loginusuario"), G_Usuario): Text 'saraadmin' is set on object 'Object Repository/Login/input_USUARIO_loginusuario'

2022-03-29 18:53:48 - [MESSAGE][PASSED] - Text 'saraadmin' is set on object 'Object Repository/Login/input_USUARIO_loginusuario'

2022-03-29 18:53:48 - [TEST_STEP][PASSED] - setEncryptedText(findTestObject("Login/input_CLAVE_loginpassword"), "MkG4/TYiCFC3cb2driP7+Q=="): Text ****** has been set on object 'Object Repository/Login/input_CLAVE_loginpassword'

2022-03-29 18:53:49 - [MESSAGE][PASSED] - Text ****** has been set on object 'Object Repository/Login/input_CLAVE_loginpassword'

2022-03-29 18:53:49 - [TEST_STEP][PASSED] - waitForElementClickable(findTestObject("Login/a_Ingresar"), G_TimeOut): Object 'Object Repository/Login/a_Ingresar' is clickable

2022-03-29 18:53:49 - [MESSAGE][PASSED] - Object 'Object Repository/Login/a_Ingresar' is clickable

2022-03-29 18:53:49 - [TEST_STEP][PASSED] - click(findTestObject("Login/a_Ingresar")): Object: 'Object Repository/Login/a_Ingresar' is clicked on

2022-03-29 18:53:51 - [MESSAGE][PASSED] - Object: 'Object Repository/Login/a_Ingresar' is clicked on

2022-03-29 18:53:51 - [TEST_STEP][PASSED] - element = findWebElement(findTestObject("Login/a_Ir"), 30): null

2022-03-29 18:53:51 - [TEST_STEP][PASSED] - executeJavaScript("arguments[0].click()", Arrays.asList(element)): Execute JavaScript 'arguments[0].click()' successfully

2022-03-29 18:53:51 - [MESSAGE][PASSED] - Execute JavaScript 'arguments[0].click()' successfully

2022-03-29 18:53:51 - [MESSAGE][PASSED] - Call Test Case 'Test Cases/0.1-Login' successfully

2022-03-29 18:53:51 - [TEST_STEP][PASSED] - setText(findTestObject("M-OBJECTS TAREAS SECUNDARIAS/Pruebas capacitacion/Nuevo _Instructor-Entidad/input_Parmetros EntidadInstructor_form_templatej_idt24_input"), "Parametros Entidad/Instructor"): Text 'Parametros Entidad/Instructor' is set on object 'Object Repository/M-OBJECTS TAREAS SECUNDARIAS/Pruebas capacitacion/Nuevo _Instructor-Entidad/input_Parmetros EntidadInstructor_form_templatej_idt24_input'

2022-03-29 18:53:52 - [MESSAGE][PASSED] - Text 'Parametros Entidad/Instructor' is set on object 'Object Repository/M-OBJECTS TAREAS SECUNDARIAS/Pruebas capacitacion/Nuevo _Instructor-Entidad/input_Parmetros EntidadInstructor_form_templatej_idt24_input'

2022-03-29 18:53:52 - [TEST_STEP][PASSED] - click(findTestObject("M-OBJECTS TAREAS SECUNDARIAS/Pruebas capacitacion/Nuevo _Instructor-Entidad/li_Parametros EntidadInstructor (bie)")): Object: 'Object Repository/M-OBJECTS TAREAS SECUNDARIAS/Pruebas capacitacion/Nuevo _Instructor-Entidad/li_Parametros EntidadInstructor (bie)' is clicked on

2022-03-29 18:53:54 - [MESSAGE][PASSED] - Object: 'Object Repository/M-OBJECTS TAREAS SECUNDARIAS/Pruebas capacitacion/Nuevo _Instructor-Entidad/li_Parametros EntidadInstructor (bie)' is clicked on

2022-03-29 18:53:54 - [TEST_STEP][PASSED] - click(findTestObject("M-OBJECTS TAREAS SECUNDARIAS/Pruebas capacitacion/Nuevo _Instructor-Entidad/a_Entidad")): Object: 'Object Repository/M-OBJECTS TAREAS SECUNDARIAS/Pruebas capacitacion/Nuevo _Instructor-Entidad/a_Entidad' is clicked on

2022-03-29 18:53:55 - [MESSAGE][PASSED] - Object: 'Object Repository/M-OBJECTS TAREAS SECUNDARIAS/Pruebas capacitacion/Nuevo _Instructor-Entidad/a_Entidad' is clicked on

2022-03-29 18:53:55 - [TEST_STEP][PASSED] - if (waitForElementClickable(findTestObject("M-OBJECTS TAREAS SECUNDARIAS/Pruebas capacitacion/Nuevo _Instructor-Entidad/td_123456789"), 1)): null

2022-03-29 18:53:55 - [MESSAGE][PASSED] - Object 'Object Repository/M-OBJECTS TAREAS SECUNDARIAS/Pruebas capacitacion/Nuevo _Instructor-Entidad/td_123456789' is clickable

2022-03-29 18:53:55 - [TEST_STEP][PASSED] - click(findTestObject("M-OBJECTS TAREAS SECUNDARIAS/Pruebas capacitacion/Nuevo _Instructor-Entidad/td_123456789")): Object: 'Object Repository/M-OBJECTS TAREAS SECUNDARIAS/Pruebas capacitacion/Nuevo _Instructor-Entidad/td_123456789' is clicked on

2022-03-29 18:53:56 - [MESSAGE][PASSED] - Object: 'Object Repository/M-OBJECTS TAREAS SECUNDARIAS/Pruebas capacitacion/Nuevo _Instructor-Entidad/td_123456789' is clicked on

2022-03-29 18:53:56 - [TEST_STEP][PASSED] - click(findTestObject("M-OBJECTS TAREAS SECUNDARIAS/Pruebas capacitacion/Nuevo _Instructor-Entidad/a_Eliminar")): Object: 'Object Repository/M-OBJECTS TAREAS SECUNDARIAS/Pruebas capacitacion/Nuevo _Instructor-Entidad/a_Eliminar' is clicked on

2022-03-29 18:53:56 - [MESSAGE][PASSED] - Object: 'Object Repository/M-OBJECTS TAREAS SECUNDARIAS/Pruebas capacitacion/Nuevo _Instructor-Entidad/a_Eliminar' is clicked on

2022-03-29 18:53:56 - [TEST_STEP][PASSED] - click(findTestObject("M-OBJECTS TAREAS SECUNDARIAS/Pruebas capacitacion/Nuevo _Instructor-Entidad/a_Aceptar")): Object: 'Object Repository/M-OBJECTS TAREAS SECUNDARIAS/Pruebas capacitacion/Nuevo _Instructor-Entidad/a_Aceptar' is clicked on

2022-03-29 18:53:57 - [MESSAGE][PASSED] - Object: 'Object Repository/M-OBJECTS TAREAS SECUNDARIAS/Pruebas capacitacion/Nuevo _Instructor-Entidad/a_Aceptar' is clicked on

2022-03-29 18:53:57 - [TEST_STEP][PASSED] - click(findTestObject("M-OBJECTS TAREAS SECUNDARIAS/Pruebas capacitacion/Nuevo _Instructor-Entidad/a_Nuevo")): Object: 'Object Repository/M-OBJECTS TAREAS SECUNDARIAS/Pruebas capacitacion/Nuevo _Instructor-Entidad/a_Nuevo' is clicked on

2022-03-29 18:53:58 - [MESSAGE][PASSED] - Object: 'Object Repository/M-OBJECTS TAREAS SECUNDARIAS/Pruebas capacitacion/Nuevo _Instructor-Entidad/a_Nuevo' is clicked on

2022-03-29 18:53:58 - [TEST_STEP][PASSED] - setText(findTestObject("M-OBJECTS TAREAS SECUNDARIAS/Pruebas capacitacion/Nuevo _Instructor-Entidad/input_Identificacin_form_entidadtabidentificacionEntidad"), "123456789"): Text '123456789' is set on object 'Object Repository/M-OBJECTS TAREAS SECUNDARIAS/Pruebas capacitacion/Nuevo _Instructor-Entidad/input_Identificacin_form_entidadtabidentificacionEntidad'

2022-03-29 18:54:00 - [MESSAGE][PASSED] - Text '123456789' is set on object 'Object Repository/M-OBJECTS TAREAS SECUNDARIAS/Pruebas capacitacion/Nuevo _Instructor-Entidad/input_Identificacin_form_entidadtabidentificacionEntidad'

2022-03-29 18:54:00 - [TEST_STEP][PASSED] - selectOptionByIndex(findTestObject("M-OBJECTS TAREAS SECUNDARIAS/Pruebas capacitacion/Nuevo _Instructor-Entidad/select_--Seleccione--ActivoNo Disponible"), 1): All options with index in [1] are selected on object 'Object Repository/M-OBJECTS TAREAS SECUNDARIAS/Pruebas capacitacion/Nuevo _Instructor-Entidad/select_--Seleccione--ActivoNo Disponible'

2022-03-29 18:54:01 - [MESSAGE][PASSED] - All options with index in [1] are selected on object 'Object Repository/M-OBJECTS TAREAS SECUNDARIAS/Pruebas capacitacion/Nuevo _Instructor-Entidad/select_--Seleccione--ActivoNo Disponible'

2022-03-29 18:54:01 - [TEST_STEP][PASSED] - setText(findTestObject("M-OBJECTS TAREAS SECUNDARIAS/Pruebas capacitacion/Nuevo _Instructor-Entidad/textarea_Razn Social_form_entidadtabrazonsocial"), "Prueba"): Text 'Prueba' is set on object 'Object Repository/M-OBJECTS TAREAS SECUNDARIAS/Pruebas capacitacion/Nuevo _Instructor-Entidad/textarea_Razn Social_form_entidadtabrazonsocial'

2022-03-29 18:54:02 - [MESSAGE][PASSED] - Text 'Prueba' is set on object 'Object Repository/M-OBJECTS TAREAS SECUNDARIAS/Pruebas capacitacion/Nuevo _Instructor-Entidad/textarea_Razn Social_form_entidadtabrazonsocial'

2022-03-29 18:54:02 - [TEST_STEP][PASSED] - setText(findTestObject("M-OBJECTS TAREAS SECUNDARIAS/Pruebas capacitacion/Nuevo _Instructor-Entidad/input_Contacto_form_entidadtabcontacto"), "ninguno"): Text 'ninguno' is set on object 'Object Repository/M-OBJECTS TAREAS SECUNDARIAS/Pruebas capacitacion/Nuevo _Instructor-Entidad/input_Contacto_form_entidadtabcontacto'

2022-03-29 18:54:03 - [MESSAGE][PASSED] - Text 'ninguno' is set on object 'Object Repository/M-OBJECTS TAREAS SECUNDARIAS/Pruebas capacitacion/Nuevo _Instructor-Entidad/input_Contacto_form_entidadtabcontacto'

2022-03-29 18:54:03 - [TEST_STEP][PASSED] - setText(findTestObject("M-OBJECTS TAREAS SECUNDARIAS/Pruebas capacitacion/Nuevo _Instructor-Entidad/input_Direccin_form_entidadtabdireccion"), "carrera 132 # 152 c-10"): Text 'carrera 132 # 152 c-10' is set on object 'Object Repository/M-OBJECTS TAREAS SECUNDARIAS/Pruebas capacitacion/Nuevo _Instructor-Entidad/input_Direccin_form_entidadtabdireccion'

2022-03-29 18:54:04 - [MESSAGE][PASSED] - Text 'carrera 132 # 152 c-10' is set on object 'Object Repository/M-OBJECTS TAREAS SECUNDARIAS/Pruebas capacitacion/Nuevo _Instructor-Entidad/input_Direccin_form_entidadtabdireccion'

2022-03-29 18:54:04 - [TEST_STEP][PASSED] - setText(findTestObject("M-OBJECTS TAREAS SECUNDARIAS/Pruebas capacitacion/Nuevo _Instructor-Entidad/input_Barrio_form_entidadtabbarrio"), "ninguno"): Text 'ninguno' is set on object 'Object Repository/M-OBJECTS TAREAS SECUNDARIAS/Pruebas capacitacion/Nuevo _Instructor-Entidad/input_Barrio_form_entidadtabbarrio'

2022-03-29 18:54:05 - [MESSAGE][PASSED] - Text 'ninguno' is set on object 'Object Repository/M-OBJECTS TAREAS SECUNDARIAS/Pruebas capacitacion/Nuevo _Instructor-Entidad/input_Barrio_form_entidadtabbarrio'

2022-03-29 18:54:05 - [TEST_STEP][PASSED] - setText(findTestObject("M-OBJECTS TAREAS SECUNDARIAS/Pruebas capacitacion/Nuevo _Instructor-Entidad/input_Telfono_form_entidadtabtelefono"), "319388299"): Text '319388299' is set on object 'Object Repository/M-OBJECTS TAREAS SECUNDARIAS/Pruebas capacitacion/Nuevo _Instructor-Entidad/input_Telfono_form_entidadtabtelefono'

2022-03-29 18:54:06 - [MESSAGE][PASSED] - Text '319388299' is set on object 'Object Repository/M-OBJECTS TAREAS SECUNDARIAS/Pruebas capacitacion/Nuevo _Instructor-Entidad/input_Telfono_form_entidadtabtelefono'

2022-03-29 18:54:06 - [TEST_STEP][PASSED] - setText(findTestObject("M-OBJECTS TAREAS SECUNDARIAS/Pruebas capacitacion/Nuevo _Instructor-Entidad/input_Fecha de Ingreso_form_entidadtabfechaingreso_input"), FechaI): Text '29/3/2022' is set on object 'Object Repository/M-OBJECTS TAREAS SECUNDARIAS/Pruebas capacitacion/Nuevo _Instructor-Entidad/input_Fecha de Ingreso_form_entidadtabfechaingreso_input'

2022-03-29 18:54:07 - [MESSAGE][PASSED] - Text '29/3/2022' is set on object 'Object Repository/M-OBJECTS TAREAS SECUNDARIAS/Pruebas capacitacion/Nuevo _Instructor-Entidad/input_Fecha de Ingreso_form_entidadtabfechaingreso_input'

2022-03-29 18:54:07 - [TEST_STEP][PASSED] - sendKeys(findTestObject("M-OBJECTS TAREAS SECUNDARIAS/Pruebas capacitacion/Nuevo _Instructor-Entidad/input_Fecha de Ingreso_form_entidadtabfechaingreso_input"), Keys.chord(ESCAPE)): Keys 'ESCAPE + ' sent to object: 'Object Repository/M-OBJECTS TAREAS SECUNDARIAS/Pruebas capacitacion/Nuevo _Instructor-Entidad/input_Fecha de Ingreso_form_entidadtabfechaingreso_input'

2022-03-29 18:54:07 - [MESSAGE][PASSED] - Keys 'ESCAPE + ' sent to object: 'Object Repository/M-OBJECTS TAREAS SECUNDARIAS/Pruebas capacitacion/Nuevo _Instructor-Entidad/input_Fecha de Ingreso_form_entidadtabfechaingreso_input'

2022-03-29 18:54:07 - [TEST_STEP][PASSED] - waitForElementClickable(findTestObject("M-OBJECTS TAREAS SECUNDARIAS/Pruebas capacitacion/Nuevo _Instructor-Entidad/input_Fecha de Retiro_form_entidadtabfecharetiro_input"), 0): Object 'Object Repository/M-OBJECTS TAREAS SECUNDARIAS/Pruebas capacitacion/Nuevo _Instructor-Entidad/input_Fecha de Retiro_form_entidadtabfecharetiro_input' is clickable

2022-03-29 18:54:08 - [MESSAGE][WARNING] - Timeout '0' is invalid. Using default page load timeout: '45'

2022-03-29 18:54:08 - [MESSAGE][PASSED] - Object 'Object Repository/M-OBJECTS TAREAS SECUNDARIAS/Pruebas capacitacion/Nuevo _Instructor-Entidad/input_Fecha de Retiro_form_entidadtabfecharetiro_input' is clickable

2022-03-29 18:54:08 - [TEST_STEP][PASSED] - setText(findTestObject("M-OBJECTS TAREAS SECUNDARIAS/Pruebas capacitacion/Nuevo _Instructor-Entidad/input_Fecha de Retiro_form_entidadtabfecharetiro_input"), FechaF): Text '10/4/2022' is set on object 'Object Repository/M-OBJECTS TAREAS SECUNDARIAS/Pruebas capacitacion/Nuevo _Instructor-Entidad/input_Fecha de Retiro_form_entidadtabfecharetiro_input'

2022-03-29 18:54:09 - [MESSAGE][PASSED] - Text '10/4/2022' is set on object 'Object Repository/M-OBJECTS TAREAS SECUNDARIAS/Pruebas capacitacion/Nuevo _Instructor-Entidad/input_Fecha de Retiro_form_entidadtabfecharetiro_input'

2022-03-29 18:54:09 - [TEST_STEP][PASSED] - sendKeys(findTestObject("M-OBJECTS TAREAS SECUNDARIAS/Pruebas capacitacion/Nuevo _Instructor-Entidad/input_Fecha de Retiro_form_entidadtabfecharetiro_input"), Keys.chord(ESCAPE)): Keys 'ESCAPE + ' sent to object: 'Object Repository/M-OBJECTS TAREAS SECUNDARIAS/Pruebas capacitacion/Nuevo _Instructor-Entidad/input_Fecha de Retiro_form_entidadtabfecharetiro_input'

2022-03-29 18:54:09 - [MESSAGE][PASSED] - Keys 'ESCAPE + ' sent to object: 'Object Repository/M-OBJECTS TAREAS SECUNDARIAS/Pruebas capacitacion/Nuevo _Instructor-Entidad/input_Fecha de Retiro_form_entidadtabfecharetiro_input'

2022-03-29 18:54:09 - [TEST_STEP][PASSED] - setText(findTestObject("M-OBJECTS TAREAS SECUNDARIAS/Pruebas capacitacion/Nuevo _Instructor-Entidad/textarea_Observacin_form_entidadtabobservacion"), "ninguna"): Text 'ninguna' is set on object 'Object Repository/M-OBJECTS TAREAS SECUNDARIAS/Pruebas capacitacion/Nuevo _Instructor-Entidad/textarea_Observacin_form_entidadtabobservacion'

2022-03-29 18:54:10 - [MESSAGE][PASSED] - Text 'ninguna' is set on object 'Object Repository/M-OBJECTS TAREAS SECUNDARIAS/Pruebas capacitacion/Nuevo _Instructor-Entidad/textarea_Observacin_form_entidadtabobservacion'

2022-03-29 18:54:10 - [TEST_STEP][PASSED] - setText(findTestObject("M-OBJECTS TAREAS SECUNDARIAS/Pruebas capacitacion/Nuevo _Instructor-Entidad/input_Motivo de Retiro_form_entidadtabmotivo"), "ninguna"): Text 'ninguna' is set on object 'Object Repository/M-OBJECTS TAREAS SECUNDARIAS/Pruebas capacitacion/Nuevo _Instructor-Entidad/input_Motivo de Retiro_form_entidadtabmotivo'

2022-03-29 18:54:11 - [MESSAGE][PASSED] - Text 'ninguna' is set on object 'Object Repository/M-OBJECTS TAREAS SECUNDARIAS/Pruebas capacitacion/Nuevo _Instructor-Entidad/input_Motivo de Retiro_form_entidadtabmotivo'

2022-03-29 18:54:11 - [TEST_STEP][PASSED] - click(findTestObject("M-OBJECTS TAREAS SECUNDARIAS/Pruebas capacitacion/Nuevo _Instructor-Entidad/a_Guardar")): Object: 'Object Repository/M-OBJECTS TAREAS SECUNDARIAS/Pruebas capacitacion/Nuevo _Instructor-Entidad/a_Guardar' is clicked on

2022-03-29 18:54:12 - [MESSAGE][PASSED] - Object: 'Object Repository/M-OBJECTS TAREAS SECUNDARIAS/Pruebas capacitacion/Nuevo _Instructor-Entidad/a_Guardar' is clicked on]]></system-out>
         <system-err><![CDATA[]]></system-err>
      </testcase>
      <testcase name="Test Cases/1.2-Tareas_Secundarias/4.1-Pruebas_Capacitación/4.1.3-Evento_de_Capacitación" time="36.672" classname="Test Cases/1.2-Tareas_Secundarias/4.1-Pruebas_Capacitación/4.1.3-Evento_de_Capacitación" status="FAILED">
         <failure type="FAILED" message="Test Cases/1.2-Tareas_Secundarias/4.1-Pruebas_Capacitación/4.1.3-Evento_de_Capacitación FAILED.
Reason:
com.kms.katalon.core.exception.StepFailedException: Unable to wait for object to be clickable
	at com.kms.katalon.core.webui.keyword.internal.WebUIKeywordMain.stepFailed(WebUIKeywordMain.groovy:64)
	at com.kms.katalon.core.webui.keyword.internal.WebUIKeywordMain.runKeyword(WebUIKeywordMain.groovy:26)
	at com.kms.katalon.core.webui.keyword.internal.WebUIKeywordMain$runKeyword.call(Unknown Source)
	at com.kms.katalon.core.webui.keyword.builtin.WaitForElementClickableKeyword.waitForElementClickable(WaitForElementClickableKeyword.groovy:107)
	at com.kms.katalon.core.webui.keyword.builtin.WaitForElementClickableKeyword.execute(WaitForElementClickableKeyword.groovy:68)
	at com.kms.katalon.core.keyword.internal.KeywordExecutor.executeKeywordForPlatform(KeywordExecutor.groovy:74)
	at com.kms.katalon.core.webui.keyword.WebUiBuiltInKeywords.waitForElementClickable(WebUiBuiltInKeywords.groovy:504)
	at com.kms.katalon.core.webui.keyword.WebUiBuiltInKeywords$waitForElementClickable$4.call(Unknown Source)
	at 4.1.3-Evento_de_Capacitación.run(4.1.3-Evento_de_Capacitación:88)
	at com.kms.katalon.core.main.ScriptEngine.run(ScriptEngine.java:194)
	at com.kms.katalon.core.main.ScriptEngine.runScriptAsRawText(ScriptEngine.java:119)
	at com.kms.katalon.core.main.TestCaseExecutor.runScript(TestCaseExecutor.java:442)
	at com.kms.katalon.core.main.TestCaseExecutor.doExecute(TestCaseExecutor.java:433)
	at com.kms.katalon.core.main.TestCaseExecutor.processExecutionPhase(TestCaseExecutor.java:412)
	at com.kms.katalon.core.main.TestCaseExecutor.accessMainPhase(TestCaseExecutor.java:404)
	at com.kms.katalon.core.main.TestCaseExecutor.execute(TestCaseExecutor.java:281)
	at com.kms.katalon.core.main.TestSuiteExecutor.accessTestCaseMainPhase(TestSuiteExecutor.java:202)
	at com.kms.katalon.core.main.TestSuiteExecutor.accessTestSuiteMainPhase(TestSuiteExecutor.java:164)
	at com.kms.katalon.core.main.TestSuiteExecutor.execute(TestSuiteExecutor.java:105)
	at com.kms.katalon.core.main.TestCaseMain.startTestSuite(TestCaseMain.java:185)
	at com.kms.katalon.core.main.TestCaseMain$startTestSuite$0.call(Unknown Source)
	at TempTestSuite1648594435047.run(TempTestSuite1648594435047.groovy:36)
Caused by: java.lang.IllegalArgumentException: Object is null
	at com.kms.katalon.core.helper.KeywordHelper.checkTestObjectParameter(KeywordHelper.java:33)
	at com.kms.katalon.core.helper.KeywordHelper$checkTestObjectParameter.call(Unknown Source)
	at com.kms.katalon.core.helper.KeywordHelper$checkTestObjectParameter.call(Unknown Source)
	at com.kms.katalon.core.webui.keyword.builtin.WaitForElementClickableKeyword$_waitForElementClickable_closure1.doCall(WaitForElementClickableKeyword.groovy:75)
	at com.kms.katalon.core.webui.keyword.builtin.WaitForElementClickableKeyword$_waitForElementClickable_closure1.doCall(WaitForElementClickableKeyword.groovy)
	at com.kms.katalon.core.webui.keyword.internal.WebUIKeywordMain.runKeyword(WebUIKeywordMain.groovy:20)
	... 20 more
"/>
         <system-out><![CDATA[2022-03-29 18:54:12 - [TEST_CASE][FAILED] - Test Cases/1.2-Tareas_Secundarias/4.1-Pruebas_Capacitación/4.1.3-Evento_de_Capacitación: Test Cases/1.2-Tareas_Secundarias/4.1-Pruebas_Capacitación/4.1.3-Evento_de_Capacitación FAILED.
Reason:
com.kms.katalon.core.exception.StepFailedException: Unable to wait for object to be clickable
	at com.kms.katalon.core.webui.keyword.internal.WebUIKeywordMain.stepFailed(WebUIKeywordMain.groovy:64)
	at com.kms.katalon.core.webui.keyword.internal.WebUIKeywordMain.runKeyword(WebUIKeywordMain.groovy:26)
	at com.kms.katalon.core.webui.keyword.internal.WebUIKeywordMain$runKeyword.call(Unknown Source)
	at com.kms.katalon.core.webui.keyword.builtin.WaitForElementClickableKeyword.waitForElementClickable(WaitForElementClickableKeyword.groovy:107)
	at com.kms.katalon.core.webui.keyword.builtin.WaitForElementClickableKeyword.execute(WaitForElementClickableKeyword.groovy:68)
	at com.kms.katalon.core.keyword.internal.KeywordExecutor.executeKeywordForPlatform(KeywordExecutor.groovy:74)
	at com.kms.katalon.core.webui.keyword.WebUiBuiltInKeywords.waitForElementClickable(WebUiBuiltInKeywords.groovy:504)
	at com.kms.katalon.core.webui.keyword.WebUiBuiltInKeywords$waitForElementClickable$4.call(Unknown Source)
	at 4.1.3-Evento_de_Capacitación.run(4.1.3-Evento_de_Capacitación:88)
	at com.kms.katalon.core.main.ScriptEngine.run(ScriptEngine.java:194)
	at com.kms.katalon.core.main.ScriptEngine.runScriptAsRawText(ScriptEngine.java:119)
	at com.kms.katalon.core.main.TestCaseExecutor.runScript(TestCaseExecutor.java:442)
	at com.kms.katalon.core.main.TestCaseExecutor.doExecute(TestCaseExecutor.java:433)
	at com.kms.katalon.core.main.TestCaseExecutor.processExecutionPhase(TestCaseExecutor.java:412)
	at com.kms.katalon.core.main.TestCaseExecutor.accessMainPhase(TestCaseExecutor.java:404)
	at com.kms.katalon.core.main.TestCaseExecutor.execute(TestCaseExecutor.java:281)
	at com.kms.katalon.core.main.TestSuiteExecutor.accessTestCaseMainPhase(TestSuiteExecutor.java:202)
	at com.kms.katalon.core.main.TestSuiteExecutor.accessTestSuiteMainPhase(TestSuiteExecutor.java:164)
	at com.kms.katalon.core.main.TestSuiteExecutor.execute(TestSuiteExecutor.java:105)
	at com.kms.katalon.core.main.TestCaseMain.startTestSuite(TestCaseMain.java:185)
	at com.kms.katalon.core.main.TestCaseMain$startTestSuite$0.call(Unknown Source)
	at TempTestSuite1648594435047.run(TempTestSuite1648594435047.groovy:36)
Caused by: java.lang.IllegalArgumentException: Object is null
	at com.kms.katalon.core.helper.KeywordHelper.checkTestObjectParameter(KeywordHelper.java:33)
	at com.kms.katalon.core.helper.KeywordHelper$checkTestObjectParameter.call(Unknown Source)
	at com.kms.katalon.core.helper.KeywordHelper$checkTestObjectParameter.call(Unknown Source)
	at com.kms.katalon.core.webui.keyword.builtin.WaitForElementClickableKeyword$_waitForElementClickable_closure1.doCall(WaitForElementClickableKeyword.groovy:75)
	at com.kms.katalon.core.webui.keyword.builtin.WaitForElementClickableKeyword$_waitForElementClickable_closure1.doCall(WaitForElementClickableKeyword.groovy)
	at com.kms.katalon.core.webui.keyword.internal.WebUIKeywordMain.runKeyword(WebUIKeywordMain.groovy:20)
	... 20 more


2022-03-29 18:54:12 - [TEST_STEP][PASSED] - callTestCase(findTestCase("Utilidades-(atajos_para _tareas)/Modulos/Modulo Control Evento Capacitacion"), [:], STOP_ON_FAILURE): Call Test Case 'Test Cases/Utilidades-(atajos_para _tareas)/Modulos/Modulo Control Evento Capacitacion' successfully

2022-03-29 18:54:13 - [TEST_CASE][PASSED] - Test Cases/Utilidades-(atajos_para _tareas)/Modulos/Modulo Control Evento Capacitacion: Test Cases/Utilidades-(atajos_para _tareas)/Modulos/Modulo Control Evento Capacitacion

2022-03-29 18:54:13 - [TEST_STEP][PASSED] - callTestCase(findTestCase("0.1-Login"), [:], STOP_ON_FAILURE): Call Test Case 'Test Cases/0.1-Login' successfully

2022-03-29 18:54:13 - [TEST_CASE][PASSED] - Test Cases/0.1-Login: Test Cases/0.1-Login

2022-03-29 18:54:13 - [TEST_STEP][PASSED] - openBrowser(""): Browser is opened with url: ''

2022-03-29 18:54:13 - [MESSAGE][WARNING] - A browser is already opened. Closing browser and opening a new one

2022-03-29 18:54:14 - [MESSAGE][INFO] - Starting 'Chrome' driver

2022-03-29 18:54:14 - [MESSAGE][INFO] - Action delay is set to 50 milliseconds

2022-03-29 18:54:15 - [MESSAGE][PASSED] - Browser is opened with url: ''

2022-03-29 18:54:15 - [TEST_STEP][PASSED] - maximizeWindow(): Current window maximized

2022-03-29 18:54:15 - [MESSAGE][PASSED] - Current window maximized

2022-03-29 18:54:15 - [TEST_STEP][PASSED] - i = G_Login: null

2022-03-29 18:54:15 - [TEST_STEP][PASSED] - url = new java.net.URL(i): null

2022-03-29 18:54:15 - [TEST_STEP][PASSED] - println("URL: " + url.toString()): null

2022-03-29 18:54:15 - [TEST_STEP][PASSED] - connection = url.openConnection(): null

2022-03-29 18:54:15 - [TEST_STEP][PASSED] - connection.setRequestMethod("GET"): null

2022-03-29 18:54:15 - [TEST_STEP][PASSED] - connection.setReadTimeout(2 * 1000): null

2022-03-29 18:54:15 - [TEST_STEP][PASSED] - try: null

2022-03-29 18:54:15 - [TEST_STEP][PASSED] - connection.connect(): null

2022-03-29 18:54:15 - [TEST_STEP][PASSED] - flag = connected: null

2022-03-29 18:54:15 - [TEST_STEP][PASSED] - println("Valor_ori: " + flag): null

2022-03-29 18:54:15 - [TEST_STEP][PASSED] - if (flag): null

2022-03-29 18:54:15 - [TEST_STEP][PASSED] - navigateToUrl(i): Navigate to 'http://192.168.2.19:8380/saraweb' successfully

2022-03-29 18:54:16 - [MESSAGE][PASSED] - Navigate to 'http://192.168.2.19:8380/saraweb' successfully

2022-03-29 18:54:16 - [TEST_STEP][PASSED] - a(): null

2022-03-29 18:54:16 - [TEST_STEP][PASSED] - setText(findTestObject("Login/input_USUARIO_loginusuario"), G_Usuario): Text 'saraadmin' is set on object 'Object Repository/Login/input_USUARIO_loginusuario'

2022-03-29 18:54:17 - [MESSAGE][PASSED] - Text 'saraadmin' is set on object 'Object Repository/Login/input_USUARIO_loginusuario'

2022-03-29 18:54:17 - [TEST_STEP][PASSED] - setEncryptedText(findTestObject("Login/input_CLAVE_loginpassword"), "MkG4/TYiCFC3cb2driP7+Q=="): Text ****** has been set on object 'Object Repository/Login/input_CLAVE_loginpassword'

2022-03-29 18:54:17 - [MESSAGE][PASSED] - Text ****** has been set on object 'Object Repository/Login/input_CLAVE_loginpassword'

2022-03-29 18:54:17 - [TEST_STEP][PASSED] - waitForElementClickable(findTestObject("Login/a_Ingresar"), G_TimeOut): Object 'Object Repository/Login/a_Ingresar' is clickable

2022-03-29 18:54:18 - [MESSAGE][PASSED] - Object 'Object Repository/Login/a_Ingresar' is clickable

2022-03-29 18:54:18 - [TEST_STEP][PASSED] - click(findTestObject("Login/a_Ingresar")): Object: 'Object Repository/Login/a_Ingresar' is clicked on

2022-03-29 18:54:19 - [MESSAGE][PASSED] - Object: 'Object Repository/Login/a_Ingresar' is clicked on

2022-03-29 18:54:19 - [TEST_STEP][PASSED] - element = findWebElement(findTestObject("Login/a_Ir"), 30): null

2022-03-29 18:54:20 - [TEST_STEP][PASSED] - executeJavaScript("arguments[0].click()", Arrays.asList(element)): Execute JavaScript 'arguments[0].click()' successfully

2022-03-29 18:54:20 - [MESSAGE][PASSED] - Execute JavaScript 'arguments[0].click()' successfully

2022-03-29 18:54:20 - [MESSAGE][PASSED] - Call Test Case 'Test Cases/0.1-Login' successfully

2022-03-29 18:54:20 - [TEST_STEP][PASSED] - setText(findTestObject("Modulo Control Evento Capacitacion/input_ADMINISTRADOR DEL SISTEMA - SARA_form_templatej_idt24_input"), "Control Evento"): Text 'Control Evento' is set on object 'Object Repository/Modulo Control Evento Capacitacion/input_ADMINISTRADOR DEL SISTEMA - SARA_form_templatej_idt24_input'

2022-03-29 18:54:21 - [MESSAGE][PASSED] - Text 'Control Evento' is set on object 'Object Repository/Modulo Control Evento Capacitacion/input_ADMINISTRADOR DEL SISTEMA - SARA_form_templatej_idt24_input'

2022-03-29 18:54:21 - [TEST_STEP][PASSED] - click(findTestObject("Modulo Control Evento Capacitacion/li_Control Evento Capacitacion (cap)")): Object: 'Object Repository/Modulo Control Evento Capacitacion/li_Control Evento Capacitacion (cap)' is clicked on

2022-03-29 18:54:22 - [MESSAGE][PASSED] - Object: 'Object Repository/Modulo Control Evento Capacitacion/li_Control Evento Capacitacion (cap)' is clicked on

2022-03-29 18:54:22 - [MESSAGE][PASSED] - Call Test Case 'Test Cases/Utilidades-(atajos_para _tareas)/Modulos/Modulo Control Evento Capacitacion' successfully

2022-03-29 18:54:22 - [TEST_STEP][PASSED] - if (waitForElementClickable(findTestObject("M-OBJECTS TAREAS SECUNDARIAS/Pruebas capacitacion/Evento_de_Capacitacion/td_prueba"), 1)): null

2022-03-29 18:54:24 - [MESSAGE][PASSED] - Object 'Object Repository/M-OBJECTS TAREAS SECUNDARIAS/Pruebas capacitacion/Evento_de_Capacitacion/td_prueba' is clickable

2022-03-29 18:54:24 - [TEST_STEP][PASSED] - click(findTestObject("M-OBJECTS TAREAS SECUNDARIAS/Pruebas capacitacion/Evento_de_Capacitacion/td_prueba")): Object: 'Object Repository/M-OBJECTS TAREAS SECUNDARIAS/Pruebas capacitacion/Evento_de_Capacitacion/td_prueba' is clicked on

2022-03-29 18:54:25 - [MESSAGE][PASSED] - Object: 'Object Repository/M-OBJECTS TAREAS SECUNDARIAS/Pruebas capacitacion/Evento_de_Capacitacion/td_prueba' is clicked on

2022-03-29 18:54:25 - [TEST_STEP][PASSED] - click(findTestObject("M-OBJECTS TAREAS SECUNDARIAS/Pruebas capacitacion/Evento_de_Capacitacion/div_Evaluacin")): Object: 'Object Repository/M-OBJECTS TAREAS SECUNDARIAS/Pruebas capacitacion/Evento_de_Capacitacion/div_Evaluacin' is clicked on

2022-03-29 18:54:26 - [MESSAGE][PASSED] - Object: 'Object Repository/M-OBJECTS TAREAS SECUNDARIAS/Pruebas capacitacion/Evento_de_Capacitacion/div_Evaluacin' is clicked on

2022-03-29 18:54:26 - [TEST_STEP][PASSED] - click(findTestObject("M-OBJECTS TAREAS SECUNDARIAS/Pruebas capacitacion/Evento_de_Capacitacion/a_Evento")): Object: 'Object Repository/M-OBJECTS TAREAS SECUNDARIAS/Pruebas capacitacion/Evento_de_Capacitacion/a_Evento' is clicked on

2022-03-29 18:54:26 - [MESSAGE][PASSED] - Object: 'Object Repository/M-OBJECTS TAREAS SECUNDARIAS/Pruebas capacitacion/Evento_de_Capacitacion/a_Evento' is clicked on

2022-03-29 18:54:26 - [TEST_STEP][PASSED] - if (waitForElementPresent(findTestObject("M-OBJECTS TAREAS SECUNDARIAS/Pruebas capacitacion/Evento_de_Capacitacion/a_No Diligenciada_formEventoEvaluacionpanel_eventotablaEvaluacion0j_idt766"), 1)): Object 'Object Repository/M-OBJECTS TAREAS SECUNDARIAS/Pruebas capacitacion/Evento_de_Capacitacion/a_No Diligenciada_formEventoEvaluacionpanel_eventotablaEvaluacion0j_idt766' is not present after 1 second(s)

2022-03-29 18:54:29 - [MESSAGE][INFO] - Unable to find the element located by 'By.xpath: //td[10]/a'. Please recheck the objects properties to make sure the desired element is located. 

2022-03-29 18:54:29 - [MESSAGE][WARNING] - Object 'Object Repository/M-OBJECTS TAREAS SECUNDARIAS/Pruebas capacitacion/Evento_de_Capacitacion/a_No Diligenciada_formEventoEvaluacionpanel_eventotablaEvaluacion0j_idt766' is not present after 1 second(s)

2022-03-29 18:54:29 - [TEST_STEP][PASSED] - click(findTestObject("M-OBJECTS TAREAS SECUNDARIAS/Pruebas capacitacion/Evento_de_Capacitacion/div_Programacin")): Object: 'Object Repository/M-OBJECTS TAREAS SECUNDARIAS/Pruebas capacitacion/Evento_de_Capacitacion/div_Programacin' is clicked on

2022-03-29 18:54:29 - [MESSAGE][PASSED] - Object: 'Object Repository/M-OBJECTS TAREAS SECUNDARIAS/Pruebas capacitacion/Evento_de_Capacitacion/div_Programacin' is clicked on

2022-03-29 18:54:29 - [TEST_STEP][PASSED] - click(findTestObject("M-OBJECTS TAREAS SECUNDARIAS/Pruebas capacitacion/Evento_de_Capacitacion/a_Programacin0")): Object: 'Object Repository/M-OBJECTS TAREAS SECUNDARIAS/Pruebas capacitacion/Evento_de_Capacitacion/a_Programacin0' is clicked on

2022-03-29 18:54:30 - [MESSAGE][PASSED] - Object: 'Object Repository/M-OBJECTS TAREAS SECUNDARIAS/Pruebas capacitacion/Evento_de_Capacitacion/a_Programacin0' is clicked on

2022-03-29 18:54:30 - [TEST_STEP][PASSED] - if (waitForElementVisible(findTestObject("M-OBJECTS TAREAS SECUNDARIAS/Pruebas capacitacion/Evento_de_Capacitacion/td_24122021"), 1)): null

2022-03-29 18:54:31 - [MESSAGE][PASSED] - Object 'Object Repository/M-OBJECTS TAREAS SECUNDARIAS/Pruebas capacitacion/Evento_de_Capacitacion/td_24122021' is visible

2022-03-29 18:54:31 - [TEST_STEP][PASSED] - click(findTestObject("M-OBJECTS TAREAS SECUNDARIAS/Pruebas capacitacion/Evento_de_Capacitacion/div_Ubicacin_ui-chkbox-box ui-widget ui-corner-all ui-state-default ui-state-hover")): Object: 'Object Repository/M-OBJECTS TAREAS SECUNDARIAS/Pruebas capacitacion/Evento_de_Capacitacion/div_Ubicacin_ui-chkbox-box ui-widget ui-corner-all ui-state-default ui-state-hover' is clicked on

2022-03-29 18:54:32 - [MESSAGE][PASSED] - Object: 'Object Repository/M-OBJECTS TAREAS SECUNDARIAS/Pruebas capacitacion/Evento_de_Capacitacion/div_Ubicacin_ui-chkbox-box ui-widget ui-corner-all ui-state-default ui-state-hover' is clicked on

2022-03-29 18:54:32 - [TEST_STEP][PASSED] - click(findTestObject("M-OBJECTS TAREAS SECUNDARIAS/Pruebas capacitacion/Evento_de_Capacitacion/a_Eliminar2")): Object: 'Object Repository/M-OBJECTS TAREAS SECUNDARIAS/Pruebas capacitacion/Evento_de_Capacitacion/a_Eliminar2' is clicked on

2022-03-29 18:54:33 - [MESSAGE][PASSED] - Object: 'Object Repository/M-OBJECTS TAREAS SECUNDARIAS/Pruebas capacitacion/Evento_de_Capacitacion/a_Eliminar2' is clicked on

2022-03-29 18:54:33 - [TEST_STEP][PASSED] - click(findTestObject("M-OBJECTS TAREAS SECUNDARIAS/Pruebas capacitacion/Evento_de_Capacitacion/a_Aceptar2")): Object: 'Object Repository/M-OBJECTS TAREAS SECUNDARIAS/Pruebas capacitacion/Evento_de_Capacitacion/a_Aceptar2' is clicked on

2022-03-29 18:54:34 - [MESSAGE][PASSED] - Object: 'Object Repository/M-OBJECTS TAREAS SECUNDARIAS/Pruebas capacitacion/Evento_de_Capacitacion/a_Aceptar2' is clicked on

2022-03-29 18:54:34 - [TEST_STEP][PASSED] - click(findTestObject("M-OBJECTS TAREAS SECUNDARIAS/Pruebas capacitacion/Evento_de_Capacitacion/div_Costo")): Object: 'Object Repository/M-OBJECTS TAREAS SECUNDARIAS/Pruebas capacitacion/Evento_de_Capacitacion/div_Costo' is clicked on

2022-03-29 18:54:35 - [MESSAGE][PASSED] - Object: 'Object Repository/M-OBJECTS TAREAS SECUNDARIAS/Pruebas capacitacion/Evento_de_Capacitacion/div_Costo' is clicked on

2022-03-29 18:54:35 - [TEST_STEP][PASSED] - click(findTestObject("M-OBJECTS TAREAS SECUNDARIAS/Pruebas capacitacion/Evento_de_Capacitacion/a_Registro2")): Object: 'Object Repository/M-OBJECTS TAREAS SECUNDARIAS/Pruebas capacitacion/Evento_de_Capacitacion/a_Registro2' is clicked on

2022-03-29 18:54:35 - [MESSAGE][PASSED] - Object: 'Object Repository/M-OBJECTS TAREAS SECUNDARIAS/Pruebas capacitacion/Evento_de_Capacitacion/a_Registro2' is clicked on

2022-03-29 18:54:35 - [TEST_STEP][PASSED] - if (waitForElementPresent(findTestObject("M-OBJECTS TAREAS SECUNDARIAS/Pruebas capacitacion/Evento_de_Capacitacion/a_REFRIGERIO_formCostoEventopanel_costostabla_costos0j_idt634"), 1)): null

2022-03-29 18:54:36 - [MESSAGE][PASSED] - Object 'Object Repository/M-OBJECTS TAREAS SECUNDARIAS/Pruebas capacitacion/Evento_de_Capacitacion/a_REFRIGERIO_formCostoEventopanel_costostabla_costos0j_idt634' is present

2022-03-29 18:54:36 - [TEST_STEP][PASSED] - click(findTestObject("M-OBJECTS TAREAS SECUNDARIAS/Pruebas capacitacion/Evento_de_Capacitacion/a_REFRIGERIO_formCostoEventopanel_costostabla_costos0j_idt634")): Object: 'Object Repository/M-OBJECTS TAREAS SECUNDARIAS/Pruebas capacitacion/Evento_de_Capacitacion/a_REFRIGERIO_formCostoEventopanel_costostabla_costos0j_idt634' is clicked on

2022-03-29 18:54:37 - [MESSAGE][PASSED] - Object: 'Object Repository/M-OBJECTS TAREAS SECUNDARIAS/Pruebas capacitacion/Evento_de_Capacitacion/a_REFRIGERIO_formCostoEventopanel_costostabla_costos0j_idt634' is clicked on

2022-03-29 18:54:37 - [TEST_STEP][PASSED] - click(findTestObject("M-OBJECTS TAREAS SECUNDARIAS/Pruebas capacitacion/Evento_de_Capacitacion/a_Aceptar3")): Object: 'Object Repository/M-OBJECTS TAREAS SECUNDARIAS/Pruebas capacitacion/Evento_de_Capacitacion/a_Aceptar3' is clicked on

2022-03-29 18:54:37 - [MESSAGE][PASSED] - Object: 'Object Repository/M-OBJECTS TAREAS SECUNDARIAS/Pruebas capacitacion/Evento_de_Capacitacion/a_Aceptar3' is clicked on

2022-03-29 18:54:37 - [TEST_STEP][PASSED] - click(findTestObject("M-OBJECTS TAREAS SECUNDARIAS/Pruebas capacitacion/Evento_de_Capacitacion/div_Recursos")): Object: 'Object Repository/M-OBJECTS TAREAS SECUNDARIAS/Pruebas capacitacion/Evento_de_Capacitacion/div_Recursos' is clicked on

2022-03-29 18:54:38 - [MESSAGE][PASSED] - Object: 'Object Repository/M-OBJECTS TAREAS SECUNDARIAS/Pruebas capacitacion/Evento_de_Capacitacion/div_Recursos' is clicked on

2022-03-29 18:54:38 - [TEST_STEP][PASSED] - click(findTestObject("M-OBJECTS TAREAS SECUNDARIAS/Pruebas capacitacion/Evento_de_Capacitacion/a_Logsticos")): Object: 'Object Repository/M-OBJECTS TAREAS SECUNDARIAS/Pruebas capacitacion/Evento_de_Capacitacion/a_Logsticos' is clicked on

2022-03-29 18:54:39 - [MESSAGE][PASSED] - Object: 'Object Repository/M-OBJECTS TAREAS SECUNDARIAS/Pruebas capacitacion/Evento_de_Capacitacion/a_Logsticos' is clicked on

2022-03-29 18:54:39 - [TEST_STEP][PASSED] - if (waitForElementPresent(findTestObject("M-OBJECTS TAREAS SECUNDARIAS/Pruebas capacitacion/Evento_de_Capacitacion/a_INDISPENSABLE_formRecursoLogisticopanel_recursostabla_recursos0j_idt606"), 1)): null

2022-03-29 18:54:39 - [MESSAGE][PASSED] - Object 'Object Repository/M-OBJECTS TAREAS SECUNDARIAS/Pruebas capacitacion/Evento_de_Capacitacion/a_INDISPENSABLE_formRecursoLogisticopanel_recursostabla_recursos0j_idt606' is present

2022-03-29 18:54:39 - [TEST_STEP][PASSED] - click(findTestObject("M-OBJECTS TAREAS SECUNDARIAS/Pruebas capacitacion/Evento_de_Capacitacion/a_INDISPENSABLE_formRecursoLogisticopanel_recursostabla_recursos0j_idt606")): Object: 'Object Repository/M-OBJECTS TAREAS SECUNDARIAS/Pruebas capacitacion/Evento_de_Capacitacion/a_INDISPENSABLE_formRecursoLogisticopanel_recursostabla_recursos0j_idt606' is clicked on

2022-03-29 18:54:40 - [MESSAGE][PASSED] - Object: 'Object Repository/M-OBJECTS TAREAS SECUNDARIAS/Pruebas capacitacion/Evento_de_Capacitacion/a_INDISPENSABLE_formRecursoLogisticopanel_recursostabla_recursos0j_idt606' is clicked on

2022-03-29 18:54:40 - [TEST_STEP][PASSED] - click(findTestObject("M-OBJECTS TAREAS SECUNDARIAS/Pruebas capacitacion/Evento_de_Capacitacion/a_Aceptar2")): Object: 'Object Repository/M-OBJECTS TAREAS SECUNDARIAS/Pruebas capacitacion/Evento_de_Capacitacion/a_Aceptar2' is clicked on

2022-03-29 18:54:41 - [MESSAGE][PASSED] - Object: 'Object Repository/M-OBJECTS TAREAS SECUNDARIAS/Pruebas capacitacion/Evento_de_Capacitacion/a_Aceptar2' is clicked on

2022-03-29 18:54:41 - [TEST_STEP][PASSED] - click(findTestObject("M-OBJECTS TAREAS SECUNDARIAS/Pruebas capacitacion/Evento_de_Capacitacion/div_Asistentes")): Object: 'Object Repository/M-OBJECTS TAREAS SECUNDARIAS/Pruebas capacitacion/Evento_de_Capacitacion/div_Asistentes' is clicked on

2022-03-29 18:54:42 - [MESSAGE][PASSED] - Object: 'Object Repository/M-OBJECTS TAREAS SECUNDARIAS/Pruebas capacitacion/Evento_de_Capacitacion/div_Asistentes' is clicked on

2022-03-29 18:54:42 - [TEST_STEP][PASSED] - click(findTestObject("M-OBJECTS TAREAS SECUNDARIAS/Pruebas capacitacion/Evento_de_Capacitacion/a_Registro1")): Object: 'Object Repository/M-OBJECTS TAREAS SECUNDARIAS/Pruebas capacitacion/Evento_de_Capacitacion/a_Registro1' is clicked on

2022-03-29 18:54:42 - [MESSAGE][PASSED] - Object: 'Object Repository/M-OBJECTS TAREAS SECUNDARIAS/Pruebas capacitacion/Evento_de_Capacitacion/a_Registro1' is clicked on

2022-03-29 18:54:42 - [TEST_STEP][PASSED] - if (waitForElementPresent(findTestObject("M-OBJECTS TAREAS SECUNDARIAS/Pruebas capacitacion/Evento_de_Capacitacion/td_prueba ka Pruebas"), 1)): null

2022-03-29 18:54:44 - [MESSAGE][PASSED] - Object 'Object Repository/M-OBJECTS TAREAS SECUNDARIAS/Pruebas capacitacion/Evento_de_Capacitacion/td_prueba ka Pruebas' is present

2022-03-29 18:54:44 - [TEST_STEP][PASSED] - click(findTestObject("M-OBJECTS TAREAS SECUNDARIAS/Pruebas capacitacion/Evento_de_Capacitacion/td_prueba ka Pruebas")): Object: 'Object Repository/M-OBJECTS TAREAS SECUNDARIAS/Pruebas capacitacion/Evento_de_Capacitacion/td_prueba ka Pruebas' is clicked on

2022-03-29 18:54:44 - [MESSAGE][PASSED] - Object: 'Object Repository/M-OBJECTS TAREAS SECUNDARIAS/Pruebas capacitacion/Evento_de_Capacitacion/td_prueba ka Pruebas' is clicked on

2022-03-29 18:54:44 - [TEST_STEP][PASSED] - click(findTestObject("M-OBJECTS TAREAS SECUNDARIAS/Pruebas capacitacion/Evento_de_Capacitacion/a_Eliminar1")): Object: 'Object Repository/M-OBJECTS TAREAS SECUNDARIAS/Pruebas capacitacion/Evento_de_Capacitacion/a_Eliminar1' is clicked on

2022-03-29 18:54:46 - [MESSAGE][PASSED] - Object: 'Object Repository/M-OBJECTS TAREAS SECUNDARIAS/Pruebas capacitacion/Evento_de_Capacitacion/a_Eliminar1' is clicked on

2022-03-29 18:54:46 - [TEST_STEP][PASSED] - click(findTestObject("M-OBJECTS TAREAS SECUNDARIAS/Pruebas capacitacion/Evento_de_Capacitacion/a_Aceptar1")): Object: 'Object Repository/M-OBJECTS TAREAS SECUNDARIAS/Pruebas capacitacion/Evento_de_Capacitacion/a_Aceptar1' is clicked on

2022-03-29 18:54:47 - [MESSAGE][PASSED] - Object: 'Object Repository/M-OBJECTS TAREAS SECUNDARIAS/Pruebas capacitacion/Evento_de_Capacitacion/a_Aceptar1' is clicked on

2022-03-29 18:54:47 - [TEST_STEP][PASSED] - click(findTestObject("M-OBJECTS TAREAS SECUNDARIAS/Pruebas capacitacion/Evento_de_Capacitacion/div_Grupos")): Object: 'Object Repository/M-OBJECTS TAREAS SECUNDARIAS/Pruebas capacitacion/Evento_de_Capacitacion/div_Grupos' is clicked on

2022-03-29 18:54:48 - [MESSAGE][PASSED] - Object: 'Object Repository/M-OBJECTS TAREAS SECUNDARIAS/Pruebas capacitacion/Evento_de_Capacitacion/div_Grupos' is clicked on

2022-03-29 18:54:48 - [TEST_STEP][PASSED] - click(findTestObject("M-OBJECTS TAREAS SECUNDARIAS/Pruebas capacitacion/Evento_de_Capacitacion/a_Registro0")): Object: 'Object Repository/M-OBJECTS TAREAS SECUNDARIAS/Pruebas capacitacion/Evento_de_Capacitacion/a_Registro0' is clicked on

2022-03-29 18:54:49 - [MESSAGE][PASSED] - Object: 'Object Repository/M-OBJECTS TAREAS SECUNDARIAS/Pruebas capacitacion/Evento_de_Capacitacion/a_Registro0' is clicked on

2022-03-29 18:54:49 - [TEST_STEP][FAILED] - if (waitForElementClickable(findTestObject("Modulo Pruebas Capacitación/Evento_de_Capacitacion/td_Pruebas k"), 1)): Unable to wait for object to be clickable (Root cause: com.kms.katalon.core.exception.StepFailedException: Unable to wait for object to be clickable
	at com.kms.katalon.core.webui.keyword.internal.WebUIKeywordMain.stepFailed(WebUIKeywordMain.groovy:64)
	at com.kms.katalon.core.webui.keyword.internal.WebUIKeywordMain.runKeyword(WebUIKeywordMain.groovy:26)
	at com.kms.katalon.core.webui.keyword.internal.WebUIKeywordMain$runKeyword.call(Unknown Source)
	at com.kms.katalon.core.webui.keyword.builtin.WaitForElementClickableKeyword.waitForElementClickable(WaitForElementClickableKeyword.groovy:107)
	at com.kms.katalon.core.webui.keyword.builtin.WaitForElementClickableKeyword.execute(WaitForElementClickableKeyword.groovy:68)
	at com.kms.katalon.core.keyword.internal.KeywordExecutor.executeKeywordForPlatform(KeywordExecutor.groovy:74)
	at com.kms.katalon.core.webui.keyword.WebUiBuiltInKeywords.waitForElementClickable(WebUiBuiltInKeywords.groovy:504)
	at com.kms.katalon.core.webui.keyword.WebUiBuiltInKeywords$waitForElementClickable$4.call(Unknown Source)
	at 4.1.3-Evento_de_Capacitación.run(4.1.3-Evento_de_Capacitación:88)
	at com.kms.katalon.core.main.ScriptEngine.run(ScriptEngine.java:194)
	at com.kms.katalon.core.main.ScriptEngine.runScriptAsRawText(ScriptEngine.java:119)
	at com.kms.katalon.core.main.TestCaseExecutor.runScript(TestCaseExecutor.java:442)
	at com.kms.katalon.core.main.TestCaseExecutor.doExecute(TestCaseExecutor.java:433)
	at com.kms.katalon.core.main.TestCaseExecutor.processExecutionPhase(TestCaseExecutor.java:412)
	at com.kms.katalon.core.main.TestCaseExecutor.accessMainPhase(TestCaseExecutor.java:404)
	at com.kms.katalon.core.main.TestCaseExecutor.execute(TestCaseExecutor.java:281)
	at com.kms.katalon.core.main.TestSuiteExecutor.accessTestCaseMainPhase(TestSuiteExecutor.java:202)
	at com.kms.katalon.core.main.TestSuiteExecutor.accessTestSuiteMainPhase(TestSuiteExecutor.java:164)
	at com.kms.katalon.core.main.TestSuiteExecutor.execute(TestSuiteExecutor.java:105)
	at com.kms.katalon.core.main.TestCaseMain.startTestSuite(TestCaseMain.java:185)
	at com.kms.katalon.core.main.TestCaseMain$startTestSuite$0.call(Unknown Source)
	at TempTestSuite1648594435047.run(TempTestSuite1648594435047.groovy:36)
Caused by: java.lang.IllegalArgumentException: Object is null
	at com.kms.katalon.core.helper.KeywordHelper.checkTestObjectParameter(KeywordHelper.java:33)
	at com.kms.katalon.core.helper.KeywordHelper$checkTestObjectParameter.call(Unknown Source)
	at com.kms.katalon.core.helper.KeywordHelper$checkTestObjectParameter.call(Unknown Source)
	at com.kms.katalon.core.webui.keyword.builtin.WaitForElementClickableKeyword$_waitForElementClickable_closure1.doCall(WaitForElementClickableKeyword.groovy:75)
	at com.kms.katalon.core.webui.keyword.builtin.WaitForElementClickableKeyword$_waitForElementClickable_closure1.doCall(WaitForElementClickableKeyword.groovy)
	at com.kms.katalon.core.webui.keyword.internal.WebUIKeywordMain.runKeyword(WebUIKeywordMain.groovy:20)
	at com.kms.katalon.core.webui.keyword.internal.WebUIKeywordMain$runKeyword.call(Unknown Source)
	at com.kms.katalon.core.webui.keyword.builtin.WaitForElementClickableKeyword.waitForElementClickable(WaitForElementClickableKeyword.groovy:107)
	at com.kms.katalon.core.webui.keyword.builtin.WaitForElementClickableKeyword.execute(WaitForElementClickableKeyword.groovy:68)
	at com.kms.katalon.core.keyword.internal.KeywordExecutor.executeKeywordForPlatform(KeywordExecutor.groovy:74)
	at com.kms.katalon.core.webui.keyword.WebUiBuiltInKeywords.waitForElementClickable(WebUiBuiltInKeywords.groovy:504)
	at com.kms.katalon.core.webui.keyword.WebUiBuiltInKeywords$waitForElementClickable$4.call(Unknown Source)
	at Script1637248717181.run(Script1637248717181.groovy:88)
	... 13 more
)

2022-03-29 18:54:49 - [MESSAGE][WARNING] - Test object with id 'Object Repository/Modulo Pruebas Capacitación/Evento_de_Capacitacion/td_Pruebas k' does not exist

2022-03-29 18:54:49 - [MESSAGE][WARNING] - Test object with id 'Object Repository/' does not exist

2022-03-29 18:54:49 - [MESSAGE][FAILED] - Unable to wait for object to be clickable (Root cause: com.kms.katalon.core.exception.StepFailedException: Unable to wait for object to be clickable
	at com.kms.katalon.core.webui.keyword.internal.WebUIKeywordMain.stepFailed(WebUIKeywordMain.groovy:64)
	at com.kms.katalon.core.webui.keyword.internal.WebUIKeywordMain.runKeyword(WebUIKeywordMain.groovy:26)
	at com.kms.katalon.core.webui.keyword.internal.WebUIKeywordMain$runKeyword.call(Unknown Source)
	at com.kms.katalon.core.webui.keyword.builtin.WaitForElementClickableKeyword.waitForElementClickable(WaitForElementClickableKeyword.groovy:107)
	at com.kms.katalon.core.webui.keyword.builtin.WaitForElementClickableKeyword.execute(WaitForElementClickableKeyword.groovy:68)
	at com.kms.katalon.core.keyword.internal.KeywordExecutor.executeKeywordForPlatform(KeywordExecutor.groovy:74)
	at com.kms.katalon.core.webui.keyword.WebUiBuiltInKeywords.waitForElementClickable(WebUiBuiltInKeywords.groovy:504)
	at com.kms.katalon.core.webui.keyword.WebUiBuiltInKeywords$waitForElementClickable$4.call(Unknown Source)
	at 4.1.3-Evento_de_Capacitación.run(4.1.3-Evento_de_Capacitación:88)
	at com.kms.katalon.core.main.ScriptEngine.run(ScriptEngine.java:194)
	at com.kms.katalon.core.main.ScriptEngine.runScriptAsRawText(ScriptEngine.java:119)
	at com.kms.katalon.core.main.TestCaseExecutor.runScript(TestCaseExecutor.java:442)
	at com.kms.katalon.core.main.TestCaseExecutor.doExecute(TestCaseExecutor.java:433)
	at com.kms.katalon.core.main.TestCaseExecutor.processExecutionPhase(TestCaseExecutor.java:412)
	at com.kms.katalon.core.main.TestCaseExecutor.accessMainPhase(TestCaseExecutor.java:404)
	at com.kms.katalon.core.main.TestCaseExecutor.execute(TestCaseExecutor.java:281)
	at com.kms.katalon.core.main.TestSuiteExecutor.accessTestCaseMainPhase(TestSuiteExecutor.java:202)
	at com.kms.katalon.core.main.TestSuiteExecutor.accessTestSuiteMainPhase(TestSuiteExecutor.java:164)
	at com.kms.katalon.core.main.TestSuiteExecutor.execute(TestSuiteExecutor.java:105)
	at com.kms.katalon.core.main.TestCaseMain.startTestSuite(TestCaseMain.java:185)
	at com.kms.katalon.core.main.TestCaseMain$startTestSuite$0.call(Unknown Source)
	at TempTestSuite1648594435047.run(TempTestSuite1648594435047.groovy:36)
Caused by: java.lang.IllegalArgumentException: Object is null
	at com.kms.katalon.core.helper.KeywordHelper.checkTestObjectParameter(KeywordHelper.java:33)
	at com.kms.katalon.core.helper.KeywordHelper$checkTestObjectParameter.call(Unknown Source)
	at com.kms.katalon.core.helper.KeywordHelper$checkTestObjectParameter.call(Unknown Source)
	at com.kms.katalon.core.webui.keyword.builtin.WaitForElementClickableKeyword$_waitForElementClickable_closure1.doCall(WaitForElementClickableKeyword.groovy:75)
	at com.kms.katalon.core.webui.keyword.builtin.WaitForElementClickableKeyword$_waitForElementClickable_closure1.doCall(WaitForElementClickableKeyword.groovy)
	at com.kms.katalon.core.webui.keyword.internal.WebUIKeywordMain.runKeyword(WebUIKeywordMain.groovy:20)
	at com.kms.katalon.core.webui.keyword.internal.WebUIKeywordMain$runKeyword.call(Unknown Source)
	at com.kms.katalon.core.webui.keyword.builtin.WaitForElementClickableKeyword.waitForElementClickable(WaitForElementClickableKeyword.groovy:107)
	at com.kms.katalon.core.webui.keyword.builtin.WaitForElementClickableKeyword.execute(WaitForElementClickableKeyword.groovy:68)
	at com.kms.katalon.core.keyword.internal.KeywordExecutor.executeKeywordForPlatform(KeywordExecutor.groovy:74)
	at com.kms.katalon.core.webui.keyword.WebUiBuiltInKeywords.waitForElementClickable(WebUiBuiltInKeywords.groovy:504)
	at com.kms.katalon.core.webui.keyword.WebUiBuiltInKeywords$waitForElementClickable$4.call(Unknown Source)
	at Script1637248717181.run(Script1637248717181.groovy:88)
	... 13 more
)
[[ATTACHMENT|C:\\Users\\diego.rojas\\git\\Pruebas-Minimas\\Reports\\20220329_175344\\Test_Suite_Secundaria\\1-Tareas_secundarias\\20220329_175355\\1648598089012.png]]]]></system-out>
         <system-err><![CDATA[2022-03-29 18:54:12 - [TEST_CASE][FAILED] - Test Cases/1.2-Tareas_Secundarias/4.1-Pruebas_Capacitación/4.1.3-Evento_de_Capacitación: Test Cases/1.2-Tareas_Secundarias/4.1-Pruebas_Capacitación/4.1.3-Evento_de_Capacitación FAILED.
Reason:
com.kms.katalon.core.exception.StepFailedException: Unable to wait for object to be clickable
	at com.kms.katalon.core.webui.keyword.internal.WebUIKeywordMain.stepFailed(WebUIKeywordMain.groovy:64)
	at com.kms.katalon.core.webui.keyword.internal.WebUIKeywordMain.runKeyword(WebUIKeywordMain.groovy:26)
	at com.kms.katalon.core.webui.keyword.internal.WebUIKeywordMain$runKeyword.call(Unknown Source)
	at com.kms.katalon.core.webui.keyword.builtin.WaitForElementClickableKeyword.waitForElementClickable(WaitForElementClickableKeyword.groovy:107)
	at com.kms.katalon.core.webui.keyword.builtin.WaitForElementClickableKeyword.execute(WaitForElementClickableKeyword.groovy:68)
	at com.kms.katalon.core.keyword.internal.KeywordExecutor.executeKeywordForPlatform(KeywordExecutor.groovy:74)
	at com.kms.katalon.core.webui.keyword.WebUiBuiltInKeywords.waitForElementClickable(WebUiBuiltInKeywords.groovy:504)
	at com.kms.katalon.core.webui.keyword.WebUiBuiltInKeywords$waitForElementClickable$4.call(Unknown Source)
	at 4.1.3-Evento_de_Capacitación.run(4.1.3-Evento_de_Capacitación:88)
	at com.kms.katalon.core.main.ScriptEngine.run(ScriptEngine.java:194)
	at com.kms.katalon.core.main.ScriptEngine.runScriptAsRawText(ScriptEngine.java:119)
	at com.kms.katalon.core.main.TestCaseExecutor.runScript(TestCaseExecutor.java:442)
	at com.kms.katalon.core.main.TestCaseExecutor.doExecute(TestCaseExecutor.java:433)
	at com.kms.katalon.core.main.TestCaseExecutor.processExecutionPhase(TestCaseExecutor.java:412)
	at com.kms.katalon.core.main.TestCaseExecutor.accessMainPhase(TestCaseExecutor.java:404)
	at com.kms.katalon.core.main.TestCaseExecutor.execute(TestCaseExecutor.java:281)
	at com.kms.katalon.core.main.TestSuiteExecutor.accessTestCaseMainPhase(TestSuiteExecutor.java:202)
	at com.kms.katalon.core.main.TestSuiteExecutor.accessTestSuiteMainPhase(TestSuiteExecutor.java:164)
	at com.kms.katalon.core.main.TestSuiteExecutor.execute(TestSuiteExecutor.java:105)
	at com.kms.katalon.core.main.TestCaseMain.startTestSuite(TestCaseMain.java:185)
	at com.kms.katalon.core.main.TestCaseMain$startTestSuite$0.call(Unknown Source)
	at TempTestSuite1648594435047.run(TempTestSuite1648594435047.groovy:36)
Caused by: java.lang.IllegalArgumentException: Object is null
	at com.kms.katalon.core.helper.KeywordHelper.checkTestObjectParameter(KeywordHelper.java:33)
	at com.kms.katalon.core.helper.KeywordHelper$checkTestObjectParameter.call(Unknown Source)
	at com.kms.katalon.core.helper.KeywordHelper$checkTestObjectParameter.call(Unknown Source)
	at com.kms.katalon.core.webui.keyword.builtin.WaitForElementClickableKeyword$_waitForElementClickable_closure1.doCall(WaitForElementClickableKeyword.groovy:75)
	at com.kms.katalon.core.webui.keyword.builtin.WaitForElementClickableKeyword$_waitForElementClickable_closure1.doCall(WaitForElementClickableKeyword.groovy)
	at com.kms.katalon.core.webui.keyword.internal.WebUIKeywordMain.runKeyword(WebUIKeywordMain.groovy:20)
	... 20 more]]></system-err>
      </testcase>
      <testcase name="Test Cases/1.2-Tareas_Secundarias/4.1-Pruebas_Capacitación/4.1.4-Crear_un_Grupo-Curso_Tipo_Evento_Grupal" time="20.052" classname="Test Cases/1.2-Tareas_Secundarias/4.1-Pruebas_Capacitación/4.1.4-Crear_un_Grupo-Curso_Tipo_Evento_Grupal" status="PASSED">
         <system-out><![CDATA[2022-03-29 18:54:49 - [TEST_CASE][PASSED] - Test Cases/1.2-Tareas_Secundarias/4.1-Pruebas_Capacitación/4.1.4-Crear_un_Grupo-Curso_Tipo_Evento_Grupal: Test Cases/1.2-Tareas_Secundarias/4.1-Pruebas_Capacitación/4.1.4-Crear_un_Grupo-Curso_Tipo_Evento_Grupal

2022-03-29 18:54:49 - [TEST_STEP][PASSED] - callTestCase(findTestCase("Utilidades-(atajos_para _tareas)/Modulos/Modulo Control Evento Capacitacion"), [:], STOP_ON_FAILURE): Call Test Case 'Test Cases/Utilidades-(atajos_para _tareas)/Modulos/Modulo Control Evento Capacitacion' successfully

2022-03-29 18:54:49 - [TEST_CASE][PASSED] - Test Cases/Utilidades-(atajos_para _tareas)/Modulos/Modulo Control Evento Capacitacion: Test Cases/Utilidades-(atajos_para _tareas)/Modulos/Modulo Control Evento Capacitacion

2022-03-29 18:54:49 - [TEST_STEP][PASSED] - callTestCase(findTestCase("0.1-Login"), [:], STOP_ON_FAILURE): Call Test Case 'Test Cases/0.1-Login' successfully

2022-03-29 18:54:49 - [TEST_CASE][PASSED] - Test Cases/0.1-Login: Test Cases/0.1-Login

2022-03-29 18:54:49 - [TEST_STEP][PASSED] - openBrowser(""): Browser is opened with url: ''

2022-03-29 18:54:49 - [MESSAGE][WARNING] - A browser is already opened. Closing browser and opening a new one

2022-03-29 18:54:50 - [MESSAGE][INFO] - Starting 'Chrome' driver

2022-03-29 18:54:50 - [MESSAGE][INFO] - Action delay is set to 50 milliseconds

2022-03-29 18:54:51 - [MESSAGE][PASSED] - Browser is opened with url: ''

2022-03-29 18:54:51 - [TEST_STEP][PASSED] - maximizeWindow(): Current window maximized

2022-03-29 18:54:51 - [MESSAGE][PASSED] - Current window maximized

2022-03-29 18:54:51 - [TEST_STEP][PASSED] - i = G_Login: null

2022-03-29 18:54:51 - [TEST_STEP][PASSED] - url = new java.net.URL(i): null

2022-03-29 18:54:51 - [TEST_STEP][PASSED] - println("URL: " + url.toString()): null

2022-03-29 18:54:51 - [TEST_STEP][PASSED] - connection = url.openConnection(): null

2022-03-29 18:54:51 - [TEST_STEP][PASSED] - connection.setRequestMethod("GET"): null

2022-03-29 18:54:51 - [TEST_STEP][PASSED] - connection.setReadTimeout(2 * 1000): null

2022-03-29 18:54:51 - [TEST_STEP][PASSED] - try: null

2022-03-29 18:54:51 - [TEST_STEP][PASSED] - connection.connect(): null

2022-03-29 18:54:51 - [TEST_STEP][PASSED] - flag = connected: null

2022-03-29 18:54:51 - [TEST_STEP][PASSED] - println("Valor_ori: " + flag): null

2022-03-29 18:54:51 - [TEST_STEP][PASSED] - if (flag): null

2022-03-29 18:54:51 - [TEST_STEP][PASSED] - navigateToUrl(i): Navigate to 'http://192.168.2.19:8380/saraweb' successfully

2022-03-29 18:54:52 - [MESSAGE][PASSED] - Navigate to 'http://192.168.2.19:8380/saraweb' successfully

2022-03-29 18:54:52 - [TEST_STEP][PASSED] - a(): null

2022-03-29 18:54:52 - [TEST_STEP][PASSED] - setText(findTestObject("Login/input_USUARIO_loginusuario"), G_Usuario): Text 'saraadmin' is set on object 'Object Repository/Login/input_USUARIO_loginusuario'

2022-03-29 18:54:53 - [MESSAGE][PASSED] - Text 'saraadmin' is set on object 'Object Repository/Login/input_USUARIO_loginusuario'

2022-03-29 18:54:53 - [TEST_STEP][PASSED] - setEncryptedText(findTestObject("Login/input_CLAVE_loginpassword"), "MkG4/TYiCFC3cb2driP7+Q=="): Text ****** has been set on object 'Object Repository/Login/input_CLAVE_loginpassword'

2022-03-29 18:54:53 - [MESSAGE][PASSED] - Text ****** has been set on object 'Object Repository/Login/input_CLAVE_loginpassword'

2022-03-29 18:54:53 - [TEST_STEP][PASSED] - waitForElementClickable(findTestObject("Login/a_Ingresar"), G_TimeOut): Object 'Object Repository/Login/a_Ingresar' is clickable

2022-03-29 18:54:54 - [MESSAGE][PASSED] - Object 'Object Repository/Login/a_Ingresar' is clickable

2022-03-29 18:54:54 - [TEST_STEP][PASSED] - click(findTestObject("Login/a_Ingresar")): Object: 'Object Repository/Login/a_Ingresar' is clicked on

2022-03-29 18:54:55 - [MESSAGE][PASSED] - Object: 'Object Repository/Login/a_Ingresar' is clicked on

2022-03-29 18:54:55 - [TEST_STEP][PASSED] - element = findWebElement(findTestObject("Login/a_Ir"), 30): null

2022-03-29 18:54:55 - [TEST_STEP][PASSED] - executeJavaScript("arguments[0].click()", Arrays.asList(element)): Execute JavaScript 'arguments[0].click()' successfully

2022-03-29 18:54:55 - [MESSAGE][PASSED] - Execute JavaScript 'arguments[0].click()' successfully

2022-03-29 18:54:55 - [MESSAGE][PASSED] - Call Test Case 'Test Cases/0.1-Login' successfully

2022-03-29 18:54:55 - [TEST_STEP][PASSED] - setText(findTestObject("Modulo Control Evento Capacitacion/input_ADMINISTRADOR DEL SISTEMA - SARA_form_templatej_idt24_input"), "Control Evento"): Text 'Control Evento' is set on object 'Object Repository/Modulo Control Evento Capacitacion/input_ADMINISTRADOR DEL SISTEMA - SARA_form_templatej_idt24_input'

2022-03-29 18:54:56 - [MESSAGE][PASSED] - Text 'Control Evento' is set on object 'Object Repository/Modulo Control Evento Capacitacion/input_ADMINISTRADOR DEL SISTEMA - SARA_form_templatej_idt24_input'

2022-03-29 18:54:56 - [TEST_STEP][PASSED] - click(findTestObject("Modulo Control Evento Capacitacion/li_Control Evento Capacitacion (cap)")): Object: 'Object Repository/Modulo Control Evento Capacitacion/li_Control Evento Capacitacion (cap)' is clicked on

2022-03-29 18:54:58 - [MESSAGE][PASSED] - Object: 'Object Repository/Modulo Control Evento Capacitacion/li_Control Evento Capacitacion (cap)' is clicked on

2022-03-29 18:54:58 - [MESSAGE][PASSED] - Call Test Case 'Test Cases/Utilidades-(atajos_para _tareas)/Modulos/Modulo Control Evento Capacitacion' successfully

2022-03-29 18:54:58 - [TEST_STEP][PASSED] - if (waitForElementClickable(findTestObject("M-OBJECTS TAREAS SECUNDARIAS/Pruebas capacitacion/Crear_un_Grupo-Curso_Tipo_Evento_Grupal/td_Prueba"), 1)): null

2022-03-29 18:54:59 - [MESSAGE][PASSED] - Object 'Object Repository/M-OBJECTS TAREAS SECUNDARIAS/Pruebas capacitacion/Crear_un_Grupo-Curso_Tipo_Evento_Grupal/td_Prueba' is clickable

2022-03-29 18:54:59 - [TEST_STEP][PASSED] - click(findTestObject("M-OBJECTS TAREAS SECUNDARIAS/Pruebas capacitacion/Crear_un_Grupo-Curso_Tipo_Evento_Grupal/td_Prueba")): Object: 'Object Repository/M-OBJECTS TAREAS SECUNDARIAS/Pruebas capacitacion/Crear_un_Grupo-Curso_Tipo_Evento_Grupal/td_Prueba' is clicked on

2022-03-29 18:54:59 - [MESSAGE][PASSED] - Object: 'Object Repository/M-OBJECTS TAREAS SECUNDARIAS/Pruebas capacitacion/Crear_un_Grupo-Curso_Tipo_Evento_Grupal/td_Prueba' is clicked on

2022-03-29 18:54:59 - [TEST_STEP][PASSED] - click(findTestObject("M-OBJECTS TAREAS SECUNDARIAS/Pruebas capacitacion/Crear_un_Grupo-Curso_Tipo_Evento_Grupal/div_Grupos")): Object: 'Object Repository/M-OBJECTS TAREAS SECUNDARIAS/Pruebas capacitacion/Crear_un_Grupo-Curso_Tipo_Evento_Grupal/div_Grupos' is clicked on

2022-03-29 18:55:00 - [MESSAGE][PASSED] - Object: 'Object Repository/M-OBJECTS TAREAS SECUNDARIAS/Pruebas capacitacion/Crear_un_Grupo-Curso_Tipo_Evento_Grupal/div_Grupos' is clicked on

2022-03-29 18:55:00 - [TEST_STEP][PASSED] - click(findTestObject("M-OBJECTS TAREAS SECUNDARIAS/Pruebas capacitacion/Crear_un_Grupo-Curso_Tipo_Evento_Grupal/a_Registro")): Object: 'Object Repository/M-OBJECTS TAREAS SECUNDARIAS/Pruebas capacitacion/Crear_un_Grupo-Curso_Tipo_Evento_Grupal/a_Registro' is clicked on

2022-03-29 18:55:01 - [MESSAGE][PASSED] - Object: 'Object Repository/M-OBJECTS TAREAS SECUNDARIAS/Pruebas capacitacion/Crear_un_Grupo-Curso_Tipo_Evento_Grupal/a_Registro' is clicked on

2022-03-29 18:55:01 - [TEST_STEP][PASSED] - if (waitForElementVisible(findTestObject("M-OBJECTS TAREAS SECUNDARIAS/Pruebas capacitacion/Crear_un_Grupo-Curso_Tipo_Evento_Grupal/td_Prueba1"), 1)): Object 'Object Repository/M-OBJECTS TAREAS SECUNDARIAS/Pruebas capacitacion/Crear_un_Grupo-Curso_Tipo_Evento_Grupal/td_Prueba1' is not visible after 1 second(s)

2022-03-29 18:55:02 - [MESSAGE][WARNING] - Object 'Object Repository/M-OBJECTS TAREAS SECUNDARIAS/Pruebas capacitacion/Crear_un_Grupo-Curso_Tipo_Evento_Grupal/td_Prueba1' is not visible after 1 second(s)

2022-03-29 18:55:02 - [TEST_STEP][PASSED] - click(findTestObject("M-OBJECTS TAREAS SECUNDARIAS/Pruebas capacitacion/Crear_un_Grupo-Curso_Tipo_Evento_Grupal/a_Nuevo")): Object: 'Object Repository/M-OBJECTS TAREAS SECUNDARIAS/Pruebas capacitacion/Crear_un_Grupo-Curso_Tipo_Evento_Grupal/a_Nuevo' is clicked on

2022-03-29 18:55:03 - [MESSAGE][PASSED] - Object: 'Object Repository/M-OBJECTS TAREAS SECUNDARIAS/Pruebas capacitacion/Crear_un_Grupo-Curso_Tipo_Evento_Grupal/a_Nuevo' is clicked on

2022-03-29 18:55:03 - [TEST_STEP][PASSED] - setText(findTestObject("M-OBJECTS TAREAS SECUNDARIAS/Pruebas capacitacion/Crear_un_Grupo-Curso_Tipo_Evento_Grupal/input_Cdigo_popupGruposEvento_formcodigo"), "5"): Text '5' is set on object 'Object Repository/M-OBJECTS TAREAS SECUNDARIAS/Pruebas capacitacion/Crear_un_Grupo-Curso_Tipo_Evento_Grupal/input_Cdigo_popupGruposEvento_formcodigo'

2022-03-29 18:55:05 - [MESSAGE][PASSED] - Text '5' is set on object 'Object Repository/M-OBJECTS TAREAS SECUNDARIAS/Pruebas capacitacion/Crear_un_Grupo-Curso_Tipo_Evento_Grupal/input_Cdigo_popupGruposEvento_formcodigo'

2022-03-29 18:55:05 - [TEST_STEP][PASSED] - setText(findTestObject("M-OBJECTS TAREAS SECUNDARIAS/Pruebas capacitacion/Crear_un_Grupo-Curso_Tipo_Evento_Grupal/input_Descripcin_popupGruposEvento_formdescripcion"), "Pruebas k"): Text 'Pruebas k' is set on object 'Object Repository/M-OBJECTS TAREAS SECUNDARIAS/Pruebas capacitacion/Crear_un_Grupo-Curso_Tipo_Evento_Grupal/input_Descripcin_popupGruposEvento_formdescripcion'

2022-03-29 18:55:06 - [MESSAGE][PASSED] - Text 'Pruebas k' is set on object 'Object Repository/M-OBJECTS TAREAS SECUNDARIAS/Pruebas capacitacion/Crear_un_Grupo-Curso_Tipo_Evento_Grupal/input_Descripcin_popupGruposEvento_formdescripcion'

2022-03-29 18:55:06 - [TEST_STEP][PASSED] - setText(findTestObject("M-OBJECTS TAREAS SECUNDARIAS/Pruebas capacitacion/Crear_un_Grupo-Curso_Tipo_Evento_Grupal/input_Horario_popupGruposEvento_formhorario"), "16:00"): Text '16:00' is set on object 'Object Repository/M-OBJECTS TAREAS SECUNDARIAS/Pruebas capacitacion/Crear_un_Grupo-Curso_Tipo_Evento_Grupal/input_Horario_popupGruposEvento_formhorario'

2022-03-29 18:55:07 - [MESSAGE][PASSED] - Text '16:00' is set on object 'Object Repository/M-OBJECTS TAREAS SECUNDARIAS/Pruebas capacitacion/Crear_un_Grupo-Curso_Tipo_Evento_Grupal/input_Horario_popupGruposEvento_formhorario'

2022-03-29 18:55:07 - [TEST_STEP][PASSED] - setText(findTestObject("M-OBJECTS TAREAS SECUNDARIAS/Pruebas capacitacion/Crear_un_Grupo-Curso_Tipo_Evento_Grupal/input_Cupo_popupGruposEvento_formcupo"), "100"): Text '100' is set on object 'Object Repository/M-OBJECTS TAREAS SECUNDARIAS/Pruebas capacitacion/Crear_un_Grupo-Curso_Tipo_Evento_Grupal/input_Cupo_popupGruposEvento_formcupo'

2022-03-29 18:55:08 - [MESSAGE][PASSED] - Text '100' is set on object 'Object Repository/M-OBJECTS TAREAS SECUNDARIAS/Pruebas capacitacion/Crear_un_Grupo-Curso_Tipo_Evento_Grupal/input_Cupo_popupGruposEvento_formcupo'

2022-03-29 18:55:08 - [TEST_STEP][PASSED] - click(findTestObject("M-OBJECTS TAREAS SECUNDARIAS/Pruebas capacitacion/Crear_un_Grupo-Curso_Tipo_Evento_Grupal/a_Guardar")): Object: 'Object Repository/M-OBJECTS TAREAS SECUNDARIAS/Pruebas capacitacion/Crear_un_Grupo-Curso_Tipo_Evento_Grupal/a_Guardar' is clicked on

2022-03-29 18:55:08 - [MESSAGE][PASSED] - Object: 'Object Repository/M-OBJECTS TAREAS SECUNDARIAS/Pruebas capacitacion/Crear_un_Grupo-Curso_Tipo_Evento_Grupal/a_Guardar' is clicked on

2022-03-29 18:55:08 - [TEST_STEP][PASSED] - closeBrowser(): Browser is closed

2022-03-29 18:55:09 - [MESSAGE][PASSED] - Browser is closed]]></system-out>
         <system-err><![CDATA[]]></system-err>
      </testcase>
      <testcase name="Test Cases/1.2-Tareas_Secundarias/4.1-Pruebas_Capacitación/4.1.5-Insribir_un_asistente" time="28.693" classname="Test Cases/1.2-Tareas_Secundarias/4.1-Pruebas_Capacitación/4.1.5-Insribir_un_asistente" status="PASSED">
         <system-out><![CDATA[2022-03-29 18:55:09 - [TEST_CASE][PASSED] - Test Cases/1.2-Tareas_Secundarias/4.1-Pruebas_Capacitación/4.1.5-Insribir_un_asistente: Test Cases/1.2-Tareas_Secundarias/4.1-Pruebas_Capacitación/4.1.5-Insribir_un_asistente

2022-03-29 18:55:09 - [TEST_STEP][PASSED] - comment("PENDIENTE POR REPARAR FALLA SE PUEDE EJECUTAR PERO FALLA"): PENDIENTE POR REPARAR FALLA SE PUEDE EJECUTAR PERO FALLA

2022-03-29 18:55:09 - [MESSAGE][INFO] - PENDIENTE POR REPARAR FALLA SE PUEDE EJECUTAR PERO FALLA

2022-03-29 18:55:09 - [TEST_STEP][PASSED] - callTestCase(findTestCase("Utilidades-(atajos_para _tareas)/Modulos/Modulo Control Evento Capacitacion"), [:], STOP_ON_FAILURE): Call Test Case 'Test Cases/Utilidades-(atajos_para _tareas)/Modulos/Modulo Control Evento Capacitacion' successfully

2022-03-29 18:55:09 - [TEST_CASE][PASSED] - Test Cases/Utilidades-(atajos_para _tareas)/Modulos/Modulo Control Evento Capacitacion: Test Cases/Utilidades-(atajos_para _tareas)/Modulos/Modulo Control Evento Capacitacion

2022-03-29 18:55:09 - [TEST_STEP][PASSED] - callTestCase(findTestCase("0.1-Login"), [:], STOP_ON_FAILURE): Call Test Case 'Test Cases/0.1-Login' successfully

2022-03-29 18:55:09 - [TEST_CASE][PASSED] - Test Cases/0.1-Login: Test Cases/0.1-Login

2022-03-29 18:55:09 - [TEST_STEP][PASSED] - openBrowser(""): Browser is opened with url: ''

2022-03-29 18:55:09 - [MESSAGE][INFO] - Starting 'Chrome' driver

2022-03-29 18:55:09 - [MESSAGE][INFO] - Action delay is set to 50 milliseconds

2022-03-29 18:55:11 - [MESSAGE][PASSED] - Browser is opened with url: ''

2022-03-29 18:55:11 - [TEST_STEP][PASSED] - maximizeWindow(): Current window maximized

2022-03-29 18:55:11 - [MESSAGE][PASSED] - Current window maximized

2022-03-29 18:55:11 - [TEST_STEP][PASSED] - i = G_Login: null

2022-03-29 18:55:11 - [TEST_STEP][PASSED] - url = new java.net.URL(i): null

2022-03-29 18:55:11 - [TEST_STEP][PASSED] - println("URL: " + url.toString()): null

2022-03-29 18:55:11 - [TEST_STEP][PASSED] - connection = url.openConnection(): null

2022-03-29 18:55:11 - [TEST_STEP][PASSED] - connection.setRequestMethod("GET"): null

2022-03-29 18:55:11 - [TEST_STEP][PASSED] - connection.setReadTimeout(2 * 1000): null

2022-03-29 18:55:11 - [TEST_STEP][PASSED] - try: null

2022-03-29 18:55:11 - [TEST_STEP][PASSED] - connection.connect(): null

2022-03-29 18:55:11 - [TEST_STEP][PASSED] - flag = connected: null

2022-03-29 18:55:11 - [TEST_STEP][PASSED] - println("Valor_ori: " + flag): null

2022-03-29 18:55:11 - [TEST_STEP][PASSED] - if (flag): null

2022-03-29 18:55:11 - [TEST_STEP][PASSED] - navigateToUrl(i): Navigate to 'http://192.168.2.19:8380/saraweb' successfully

2022-03-29 18:55:11 - [MESSAGE][PASSED] - Navigate to 'http://192.168.2.19:8380/saraweb' successfully

2022-03-29 18:55:11 - [TEST_STEP][PASSED] - a(): null

2022-03-29 18:55:11 - [TEST_STEP][PASSED] - setText(findTestObject("Login/input_USUARIO_loginusuario"), G_Usuario): Text 'saraadmin' is set on object 'Object Repository/Login/input_USUARIO_loginusuario'

2022-03-29 18:55:12 - [MESSAGE][PASSED] - Text 'saraadmin' is set on object 'Object Repository/Login/input_USUARIO_loginusuario'

2022-03-29 18:55:12 - [TEST_STEP][PASSED] - setEncryptedText(findTestObject("Login/input_CLAVE_loginpassword"), "MkG4/TYiCFC3cb2driP7+Q=="): Text ****** has been set on object 'Object Repository/Login/input_CLAVE_loginpassword'

2022-03-29 18:55:13 - [MESSAGE][PASSED] - Text ****** has been set on object 'Object Repository/Login/input_CLAVE_loginpassword'

2022-03-29 18:55:13 - [TEST_STEP][PASSED] - waitForElementClickable(findTestObject("Login/a_Ingresar"), G_TimeOut): Object 'Object Repository/Login/a_Ingresar' is clickable

2022-03-29 18:55:13 - [MESSAGE][PASSED] - Object 'Object Repository/Login/a_Ingresar' is clickable

2022-03-29 18:55:13 - [TEST_STEP][PASSED] - click(findTestObject("Login/a_Ingresar")): Object: 'Object Repository/Login/a_Ingresar' is clicked on

2022-03-29 18:55:15 - [MESSAGE][PASSED] - Object: 'Object Repository/Login/a_Ingresar' is clicked on

2022-03-29 18:55:15 - [TEST_STEP][PASSED] - element = findWebElement(findTestObject("Login/a_Ir"), 30): null

2022-03-29 18:55:15 - [TEST_STEP][PASSED] - executeJavaScript("arguments[0].click()", Arrays.asList(element)): Execute JavaScript 'arguments[0].click()' successfully

2022-03-29 18:55:15 - [MESSAGE][PASSED] - Execute JavaScript 'arguments[0].click()' successfully

2022-03-29 18:55:15 - [MESSAGE][PASSED] - Call Test Case 'Test Cases/0.1-Login' successfully

2022-03-29 18:55:15 - [TEST_STEP][PASSED] - setText(findTestObject("Modulo Control Evento Capacitacion/input_ADMINISTRADOR DEL SISTEMA - SARA_form_templatej_idt24_input"), "Control Evento"): Text 'Control Evento' is set on object 'Object Repository/Modulo Control Evento Capacitacion/input_ADMINISTRADOR DEL SISTEMA - SARA_form_templatej_idt24_input'

2022-03-29 18:55:16 - [MESSAGE][PASSED] - Text 'Control Evento' is set on object 'Object Repository/Modulo Control Evento Capacitacion/input_ADMINISTRADOR DEL SISTEMA - SARA_form_templatej_idt24_input'

2022-03-29 18:55:16 - [TEST_STEP][PASSED] - click(findTestObject("Modulo Control Evento Capacitacion/li_Control Evento Capacitacion (cap)")): Object: 'Object Repository/Modulo Control Evento Capacitacion/li_Control Evento Capacitacion (cap)' is clicked on

2022-03-29 18:55:18 - [MESSAGE][PASSED] - Object: 'Object Repository/Modulo Control Evento Capacitacion/li_Control Evento Capacitacion (cap)' is clicked on

2022-03-29 18:55:18 - [MESSAGE][PASSED] - Call Test Case 'Test Cases/Utilidades-(atajos_para _tareas)/Modulos/Modulo Control Evento Capacitacion' successfully

2022-03-29 18:55:18 - [TEST_STEP][PASSED] - click(findTestObject("M-OBJECTS TAREAS SECUNDARIAS/Pruebas capacitacion/Inscribir_un_asistente/td_Prueba")): Object: 'Object Repository/M-OBJECTS TAREAS SECUNDARIAS/Pruebas capacitacion/Inscribir_un_asistente/td_Prueba' is clicked on

2022-03-29 18:55:19 - [MESSAGE][PASSED] - Object: 'Object Repository/M-OBJECTS TAREAS SECUNDARIAS/Pruebas capacitacion/Inscribir_un_asistente/td_Prueba' is clicked on

2022-03-29 18:55:19 - [TEST_STEP][PASSED] - click(findTestObject("M-OBJECTS TAREAS SECUNDARIAS/Pruebas capacitacion/Inscribir_un_asistente/div_Asistentes")): Object: 'Object Repository/M-OBJECTS TAREAS SECUNDARIAS/Pruebas capacitacion/Inscribir_un_asistente/div_Asistentes' is clicked on

2022-03-29 18:55:20 - [MESSAGE][PASSED] - Object: 'Object Repository/M-OBJECTS TAREAS SECUNDARIAS/Pruebas capacitacion/Inscribir_un_asistente/div_Asistentes' is clicked on

2022-03-29 18:55:20 - [TEST_STEP][PASSED] - click(findTestObject("M-OBJECTS TAREAS SECUNDARIAS/Pruebas capacitacion/Inscribir_un_asistente/a_Registro")): Object: 'Object Repository/M-OBJECTS TAREAS SECUNDARIAS/Pruebas capacitacion/Inscribir_un_asistente/a_Registro' is clicked on

2022-03-29 18:55:21 - [MESSAGE][PASSED] - Object: 'Object Repository/M-OBJECTS TAREAS SECUNDARIAS/Pruebas capacitacion/Inscribir_un_asistente/a_Registro' is clicked on

2022-03-29 18:55:21 - [TEST_STEP][PASSED] - if (waitForElementPresent(findTestObject("M-OBJECTS TAREAS SECUNDARIAS/Pruebas capacitacion/Inscribir_un_asistente/td_prueba ka Pruebas"), 1)): Object 'Object Repository/M-OBJECTS TAREAS SECUNDARIAS/Pruebas capacitacion/Inscribir_un_asistente/td_prueba ka Pruebas' is not present after 1 second(s)

2022-03-29 18:55:23 - [MESSAGE][INFO] - Unable to find the element located by 'By.xpath: //*/text()[normalize-space(.)='prueba ka Pruebas']/parent::*'. Please recheck the objects properties to make sure the desired element is located. 

2022-03-29 18:55:23 - [MESSAGE][WARNING] - Object 'Object Repository/M-OBJECTS TAREAS SECUNDARIAS/Pruebas capacitacion/Inscribir_un_asistente/td_prueba ka Pruebas' is not present after 1 second(s)

2022-03-29 18:55:23 - [TEST_STEP][PASSED] - click(findTestObject("M-OBJECTS TAREAS SECUNDARIAS/Pruebas capacitacion/Inscribir_un_asistente/a_Nuevo")): Object: 'Object Repository/M-OBJECTS TAREAS SECUNDARIAS/Pruebas capacitacion/Inscribir_un_asistente/a_Nuevo' is clicked on

2022-03-29 18:55:23 - [MESSAGE][PASSED] - Object: 'Object Repository/M-OBJECTS TAREAS SECUNDARIAS/Pruebas capacitacion/Inscribir_un_asistente/a_Nuevo' is clicked on

2022-03-29 18:55:23 - [TEST_STEP][PASSED] - selectOptionByIndex(findTestObject("M-OBJECTS TAREAS SECUNDARIAS/Pruebas capacitacion/Inscribir_un_asistente/select_SeleccioneExternoInterno"), 1): All options with index in [1] are selected on object 'Object Repository/M-OBJECTS TAREAS SECUNDARIAS/Pruebas capacitacion/Inscribir_un_asistente/select_SeleccioneExternoInterno'

2022-03-29 18:55:26 - [MESSAGE][PASSED] - All options with index in [1] are selected on object 'Object Repository/M-OBJECTS TAREAS SECUNDARIAS/Pruebas capacitacion/Inscribir_un_asistente/select_SeleccioneExternoInterno'

2022-03-29 18:55:26 - [TEST_STEP][PASSED] - setText(findTestObject("M-OBJECTS TAREAS SECUNDARIAS/Pruebas capacitacion/Inscribir_un_asistente/input_Documento_formAsistenteEventopanelTabAsistenteEvendocumentoAsistenteAlfaNumerico"), "123456789"): Text '123456789' is set on object 'Object Repository/M-OBJECTS TAREAS SECUNDARIAS/Pruebas capacitacion/Inscribir_un_asistente/input_Documento_formAsistenteEventopanelTabAsistenteEvendocumentoAsistenteAlfaNumerico'

2022-03-29 18:55:27 - [MESSAGE][PASSED] - Text '123456789' is set on object 'Object Repository/M-OBJECTS TAREAS SECUNDARIAS/Pruebas capacitacion/Inscribir_un_asistente/input_Documento_formAsistenteEventopanelTabAsistenteEvendocumentoAsistenteAlfaNumerico'

2022-03-29 18:55:27 - [TEST_STEP][PASSED] - setText(findTestObject("M-OBJECTS TAREAS SECUNDARIAS/Pruebas capacitacion/Inscribir_un_asistente/input_Nombres_formAsistenteEventopanelTabAsistenteEvennombresAsistente"), "Pruebas"): Text 'Pruebas' is set on object 'Object Repository/M-OBJECTS TAREAS SECUNDARIAS/Pruebas capacitacion/Inscribir_un_asistente/input_Nombres_formAsistenteEventopanelTabAsistenteEvennombresAsistente'

2022-03-29 18:55:28 - [MESSAGE][PASSED] - Text 'Pruebas' is set on object 'Object Repository/M-OBJECTS TAREAS SECUNDARIAS/Pruebas capacitacion/Inscribir_un_asistente/input_Nombres_formAsistenteEventopanelTabAsistenteEvennombresAsistente'

2022-03-29 18:55:28 - [TEST_STEP][PASSED] - setText(findTestObject("M-OBJECTS TAREAS SECUNDARIAS/Pruebas capacitacion/Inscribir_un_asistente/input_Primer Apellido_formAsistenteEventopanelTabAsistenteEvenprimerApellidoAsistente"), "prueba"): Text 'prueba' is set on object 'Object Repository/M-OBJECTS TAREAS SECUNDARIAS/Pruebas capacitacion/Inscribir_un_asistente/input_Primer Apellido_formAsistenteEventopanelTabAsistenteEvenprimerApellidoAsistente'

2022-03-29 18:55:29 - [MESSAGE][PASSED] - Text 'prueba' is set on object 'Object Repository/M-OBJECTS TAREAS SECUNDARIAS/Pruebas capacitacion/Inscribir_un_asistente/input_Primer Apellido_formAsistenteEventopanelTabAsistenteEvenprimerApellidoAsistente'

2022-03-29 18:55:29 - [TEST_STEP][PASSED] - setText(findTestObject("M-OBJECTS TAREAS SECUNDARIAS/Pruebas capacitacion/Inscribir_un_asistente/input_Segundo Apellido_formAsistenteEventopanelTabAsistenteEvensegundoApellidoAsistente"), "ka"): Text 'ka' is set on object 'Object Repository/M-OBJECTS TAREAS SECUNDARIAS/Pruebas capacitacion/Inscribir_un_asistente/input_Segundo Apellido_formAsistenteEventopanelTabAsistenteEvensegundoApellidoAsistente'

2022-03-29 18:55:30 - [MESSAGE][PASSED] - Text 'ka' is set on object 'Object Repository/M-OBJECTS TAREAS SECUNDARIAS/Pruebas capacitacion/Inscribir_un_asistente/input_Segundo Apellido_formAsistenteEventopanelTabAsistenteEvensegundoApellidoAsistente'

2022-03-29 18:55:30 - [TEST_STEP][PASSED] - setText(findTestObject("M-OBJECTS TAREAS SECUNDARIAS/Pruebas capacitacion/Inscribir_un_asistente/input_Email_formAsistenteEventopanelTabAsistenteEvenemail"), "autotestus1994@gmail.com"): Text 'autotestus1994@gmail.com' is set on object 'Object Repository/M-OBJECTS TAREAS SECUNDARIAS/Pruebas capacitacion/Inscribir_un_asistente/input_Email_formAsistenteEventopanelTabAsistenteEvenemail'

2022-03-29 18:55:31 - [MESSAGE][PASSED] - Text 'autotestus1994@gmail.com' is set on object 'Object Repository/M-OBJECTS TAREAS SECUNDARIAS/Pruebas capacitacion/Inscribir_un_asistente/input_Email_formAsistenteEventopanelTabAsistenteEvenemail'

2022-03-29 18:55:31 - [TEST_STEP][PASSED] - setText(findTestObject("M-OBJECTS TAREAS SECUNDARIAS/Pruebas capacitacion/Inscribir_un_asistente/input_Tipo de Vinculacin_formAsistenteEventopanelTabAsistenteEventipovinculacion"), "null"): Text 'null' is set on object 'Object Repository/M-OBJECTS TAREAS SECUNDARIAS/Pruebas capacitacion/Inscribir_un_asistente/input_Tipo de Vinculacin_formAsistenteEventopanelTabAsistenteEventipovinculacion'

2022-03-29 18:55:32 - [MESSAGE][PASSED] - Text 'null' is set on object 'Object Repository/M-OBJECTS TAREAS SECUNDARIAS/Pruebas capacitacion/Inscribir_un_asistente/input_Tipo de Vinculacin_formAsistenteEventopanelTabAsistenteEventipovinculacion'

2022-03-29 18:55:32 - [TEST_STEP][PASSED] - selectOptionByIndex(findTestObject("M-OBJECTS TAREAS SECUNDARIAS/Pruebas capacitacion/Inscribir_un_asistente/select_SeleccioneACEPTADOFINALIZADOINSCRITONO ACEPTADONO APROBADONO ASISTIO"), "3"): All options with index in [3] are selected on object 'Object Repository/M-OBJECTS TAREAS SECUNDARIAS/Pruebas capacitacion/Inscribir_un_asistente/select_SeleccioneACEPTADOFINALIZADOINSCRITONO ACEPTADONO APROBADONO ASISTIO'

2022-03-29 18:55:33 - [MESSAGE][PASSED] - All options with index in [3] are selected on object 'Object Repository/M-OBJECTS TAREAS SECUNDARIAS/Pruebas capacitacion/Inscribir_un_asistente/select_SeleccioneACEPTADOFINALIZADOINSCRITONO ACEPTADONO APROBADONO ASISTIO'

2022-03-29 18:55:33 - [TEST_STEP][PASSED] - selectOptionByIndex(findTestObject("M-OBJECTS TAREAS SECUNDARIAS/Pruebas capacitacion/Inscribir_un_asistente/select_SeleccionePrueba"), "1"): All options with index in [1] are selected on object 'Object Repository/M-OBJECTS TAREAS SECUNDARIAS/Pruebas capacitacion/Inscribir_un_asistente/select_SeleccionePrueba'

2022-03-29 18:55:35 - [MESSAGE][PASSED] - All options with index in [1] are selected on object 'Object Repository/M-OBJECTS TAREAS SECUNDARIAS/Pruebas capacitacion/Inscribir_un_asistente/select_SeleccionePrueba'

2022-03-29 18:55:35 - [TEST_STEP][PASSED] - selectOptionByIndex(findTestObject("M-OBJECTS TAREAS SECUNDARIAS/Pruebas capacitacion/Inscribir_un_asistente/select_SeleccionePrueba1pruebaPRUEBA PLAN CAPACITACIONPRUEBA SILVIA"), "1"): All options with index in [1] are selected on object 'Object Repository/M-OBJECTS TAREAS SECUNDARIAS/Pruebas capacitacion/Inscribir_un_asistente/select_SeleccionePrueba1pruebaPRUEBA PLAN CAPACITACIONPRUEBA SILVIA'

2022-03-29 18:55:36 - [MESSAGE][PASSED] - All options with index in [1] are selected on object 'Object Repository/M-OBJECTS TAREAS SECUNDARIAS/Pruebas capacitacion/Inscribir_un_asistente/select_SeleccionePrueba1pruebaPRUEBA PLAN CAPACITACIONPRUEBA SILVIA'

2022-03-29 18:55:36 - [TEST_STEP][PASSED] - setText(findTestObject("M-OBJECTS TAREAS SECUNDARIAS/Pruebas capacitacion/Inscribir_un_asistente/textarea_Observacin_formAsistenteEventopanelTabAsistenteEvenobservacion"), "Pruebas"): Text 'Pruebas' is set on object 'Object Repository/M-OBJECTS TAREAS SECUNDARIAS/Pruebas capacitacion/Inscribir_un_asistente/textarea_Observacin_formAsistenteEventopanelTabAsistenteEvenobservacion'

2022-03-29 18:55:37 - [MESSAGE][PASSED] - Text 'Pruebas' is set on object 'Object Repository/M-OBJECTS TAREAS SECUNDARIAS/Pruebas capacitacion/Inscribir_un_asistente/textarea_Observacin_formAsistenteEventopanelTabAsistenteEvenobservacion'

2022-03-29 18:55:37 - [TEST_STEP][PASSED] - click(findTestObject("M-OBJECTS TAREAS SECUNDARIAS/Pruebas capacitacion/Inscribir_un_asistente/a_Guardar")): Object: 'Object Repository/M-OBJECTS TAREAS SECUNDARIAS/Pruebas capacitacion/Inscribir_un_asistente/a_Guardar' is clicked on

2022-03-29 18:55:37 - [MESSAGE][PASSED] - Object: 'Object Repository/M-OBJECTS TAREAS SECUNDARIAS/Pruebas capacitacion/Inscribir_un_asistente/a_Guardar' is clicked on]]></system-out>
         <system-err><![CDATA[]]></system-err>
      </testcase>
      <testcase name="Test Cases/1.2-Tareas_Secundarias/4.1-Pruebas_Capacitación/4.1.6-Enviar_una_invitación" time="29.995" classname="Test Cases/1.2-Tareas_Secundarias/4.1-Pruebas_Capacitación/4.1.6-Enviar_una_invitación" status="PASSED">
         <system-out><![CDATA[2022-03-29 18:55:38 - [TEST_CASE][PASSED] - Test Cases/1.2-Tareas_Secundarias/4.1-Pruebas_Capacitación/4.1.6-Enviar_una_invitación: Test Cases/1.2-Tareas_Secundarias/4.1-Pruebas_Capacitación/4.1.6-Enviar_una_invitación

2022-03-29 18:55:38 - [TEST_STEP][PASSED] - callTestCase(findTestCase("Utilidades-(atajos_para _tareas)/Modulos/Modulo Control Evento Capacitacion"), [:], STOP_ON_FAILURE): Call Test Case 'Test Cases/Utilidades-(atajos_para _tareas)/Modulos/Modulo Control Evento Capacitacion' successfully

2022-03-29 18:55:38 - [TEST_CASE][PASSED] - Test Cases/Utilidades-(atajos_para _tareas)/Modulos/Modulo Control Evento Capacitacion: Test Cases/Utilidades-(atajos_para _tareas)/Modulos/Modulo Control Evento Capacitacion

2022-03-29 18:55:38 - [TEST_STEP][PASSED] - callTestCase(findTestCase("0.1-Login"), [:], STOP_ON_FAILURE): Call Test Case 'Test Cases/0.1-Login' successfully

2022-03-29 18:55:38 - [TEST_CASE][PASSED] - Test Cases/0.1-Login: Test Cases/0.1-Login

2022-03-29 18:55:38 - [TEST_STEP][PASSED] - openBrowser(""): Browser is opened with url: ''

2022-03-29 18:55:38 - [MESSAGE][WARNING] - A browser is already opened. Closing browser and opening a new one

2022-03-29 18:55:39 - [MESSAGE][INFO] - Starting 'Chrome' driver

2022-03-29 18:55:39 - [MESSAGE][INFO] - Action delay is set to 50 milliseconds

2022-03-29 18:55:40 - [MESSAGE][PASSED] - Browser is opened with url: ''

2022-03-29 18:55:40 - [TEST_STEP][PASSED] - maximizeWindow(): Current window maximized

2022-03-29 18:55:40 - [MESSAGE][PASSED] - Current window maximized

2022-03-29 18:55:40 - [TEST_STEP][PASSED] - i = G_Login: null

2022-03-29 18:55:40 - [TEST_STEP][PASSED] - url = new java.net.URL(i): null

2022-03-29 18:55:40 - [TEST_STEP][PASSED] - println("URL: " + url.toString()): null

2022-03-29 18:55:40 - [TEST_STEP][PASSED] - connection = url.openConnection(): null

2022-03-29 18:55:40 - [TEST_STEP][PASSED] - connection.setRequestMethod("GET"): null

2022-03-29 18:55:40 - [TEST_STEP][PASSED] - connection.setReadTimeout(2 * 1000): null

2022-03-29 18:55:40 - [TEST_STEP][PASSED] - try: null

2022-03-29 18:55:40 - [TEST_STEP][PASSED] - connection.connect(): null

2022-03-29 18:55:40 - [TEST_STEP][PASSED] - flag = connected: null

2022-03-29 18:55:40 - [TEST_STEP][PASSED] - println("Valor_ori: " + flag): null

2022-03-29 18:55:40 - [TEST_STEP][PASSED] - if (flag): null

2022-03-29 18:55:40 - [TEST_STEP][PASSED] - navigateToUrl(i): Navigate to 'http://192.168.2.19:8380/saraweb' successfully

2022-03-29 18:55:40 - [MESSAGE][PASSED] - Navigate to 'http://192.168.2.19:8380/saraweb' successfully

2022-03-29 18:55:40 - [TEST_STEP][PASSED] - a(): null

2022-03-29 18:55:40 - [TEST_STEP][PASSED] - setText(findTestObject("Login/input_USUARIO_loginusuario"), G_Usuario): Text 'saraadmin' is set on object 'Object Repository/Login/input_USUARIO_loginusuario'

2022-03-29 18:55:42 - [MESSAGE][PASSED] - Text 'saraadmin' is set on object 'Object Repository/Login/input_USUARIO_loginusuario'

2022-03-29 18:55:42 - [TEST_STEP][PASSED] - setEncryptedText(findTestObject("Login/input_CLAVE_loginpassword"), "MkG4/TYiCFC3cb2driP7+Q=="): Text ****** has been set on object 'Object Repository/Login/input_CLAVE_loginpassword'

2022-03-29 18:55:42 - [MESSAGE][PASSED] - Text ****** has been set on object 'Object Repository/Login/input_CLAVE_loginpassword'

2022-03-29 18:55:42 - [TEST_STEP][PASSED] - waitForElementClickable(findTestObject("Login/a_Ingresar"), G_TimeOut): Object 'Object Repository/Login/a_Ingresar' is clickable

2022-03-29 18:55:42 - [MESSAGE][PASSED] - Object 'Object Repository/Login/a_Ingresar' is clickable

2022-03-29 18:55:42 - [TEST_STEP][PASSED] - click(findTestObject("Login/a_Ingresar")): Object: 'Object Repository/Login/a_Ingresar' is clicked on

2022-03-29 18:55:44 - [MESSAGE][PASSED] - Object: 'Object Repository/Login/a_Ingresar' is clicked on

2022-03-29 18:55:44 - [TEST_STEP][PASSED] - element = findWebElement(findTestObject("Login/a_Ir"), 30): null

2022-03-29 18:55:45 - [TEST_STEP][PASSED] - executeJavaScript("arguments[0].click()", Arrays.asList(element)): Execute JavaScript 'arguments[0].click()' successfully

2022-03-29 18:55:45 - [MESSAGE][PASSED] - Execute JavaScript 'arguments[0].click()' successfully

2022-03-29 18:55:45 - [MESSAGE][PASSED] - Call Test Case 'Test Cases/0.1-Login' successfully

2022-03-29 18:55:45 - [TEST_STEP][PASSED] - setText(findTestObject("Modulo Control Evento Capacitacion/input_ADMINISTRADOR DEL SISTEMA - SARA_form_templatej_idt24_input"), "Control Evento"): Text 'Control Evento' is set on object 'Object Repository/Modulo Control Evento Capacitacion/input_ADMINISTRADOR DEL SISTEMA - SARA_form_templatej_idt24_input'

2022-03-29 18:55:46 - [MESSAGE][PASSED] - Text 'Control Evento' is set on object 'Object Repository/Modulo Control Evento Capacitacion/input_ADMINISTRADOR DEL SISTEMA - SARA_form_templatej_idt24_input'

2022-03-29 18:55:46 - [TEST_STEP][PASSED] - click(findTestObject("Modulo Control Evento Capacitacion/li_Control Evento Capacitacion (cap)")): Object: 'Object Repository/Modulo Control Evento Capacitacion/li_Control Evento Capacitacion (cap)' is clicked on

2022-03-29 18:55:47 - [MESSAGE][PASSED] - Object: 'Object Repository/Modulo Control Evento Capacitacion/li_Control Evento Capacitacion (cap)' is clicked on

2022-03-29 18:55:47 - [MESSAGE][PASSED] - Call Test Case 'Test Cases/Utilidades-(atajos_para _tareas)/Modulos/Modulo Control Evento Capacitacion' successfully

2022-03-29 18:55:47 - [TEST_STEP][PASSED] - click(findTestObject("M-OBJECTS TAREAS SECUNDARIAS/Pruebas capacitacion/Enviar_una_invitación/td_Prueba")): Object: 'Object Repository/M-OBJECTS TAREAS SECUNDARIAS/Pruebas capacitacion/Enviar_una_invitación/td_Prueba' is clicked on

2022-03-29 18:55:49 - [MESSAGE][PASSED] - Object: 'Object Repository/M-OBJECTS TAREAS SECUNDARIAS/Pruebas capacitacion/Enviar_una_invitación/td_Prueba' is clicked on

2022-03-29 18:55:49 - [TEST_STEP][PASSED] - click(findTestObject("M-OBJECTS TAREAS SECUNDARIAS/Pruebas capacitacion/Enviar_una_invitación/div_Asistentes")): Object: 'Object Repository/M-OBJECTS TAREAS SECUNDARIAS/Pruebas capacitacion/Enviar_una_invitación/div_Asistentes' is clicked on

2022-03-29 18:55:50 - [MESSAGE][PASSED] - Object: 'Object Repository/M-OBJECTS TAREAS SECUNDARIAS/Pruebas capacitacion/Enviar_una_invitación/div_Asistentes' is clicked on

2022-03-29 18:55:50 - [TEST_STEP][PASSED] - click(findTestObject("M-OBJECTS TAREAS SECUNDARIAS/Pruebas capacitacion/Enviar_una_invitación/a_Invitacin")): Object: 'Object Repository/M-OBJECTS TAREAS SECUNDARIAS/Pruebas capacitacion/Enviar_una_invitación/a_Invitacin' is clicked on

2022-03-29 18:55:50 - [MESSAGE][PASSED] - Object: 'Object Repository/M-OBJECTS TAREAS SECUNDARIAS/Pruebas capacitacion/Enviar_una_invitación/a_Invitacin' is clicked on

2022-03-29 18:55:50 - [TEST_STEP][PASSED] - click(findTestObject("M-OBJECTS TAREAS SECUNDARIAS/Pruebas capacitacion/Enviar_una_invitación/span_PLANTA")): Object: 'Object Repository/M-OBJECTS TAREAS SECUNDARIAS/Pruebas capacitacion/Enviar_una_invitación/span_PLANTA' is clicked on

2022-03-29 18:55:51 - [MESSAGE][PASSED] - Object: 'Object Repository/M-OBJECTS TAREAS SECUNDARIAS/Pruebas capacitacion/Enviar_una_invitación/span_PLANTA' is clicked on

2022-03-29 18:55:51 - [TEST_STEP][PASSED] - selectOptionByIndex(findTestObject("M-OBJECTS TAREAS SECUNDARIAS/Pruebas capacitacion/Enviar_una_invitación/select_SeleccioneCALIDADMENSUAL ABCMODELO EMPRESA QUINCENALPANSIONADOSPENSIONADOS BASEPRUEBAS"), 1): All options with index in [1] are selected on object 'Object Repository/M-OBJECTS TAREAS SECUNDARIAS/Pruebas capacitacion/Enviar_una_invitación/select_SeleccioneCALIDADMENSUAL ABCMODELO EMPRESA QUINCENALPANSIONADOSPENSIONADOS BASEPRUEBAS'

2022-03-29 18:55:53 - [MESSAGE][PASSED] - All options with index in [1] are selected on object 'Object Repository/M-OBJECTS TAREAS SECUNDARIAS/Pruebas capacitacion/Enviar_una_invitación/select_SeleccioneCALIDADMENSUAL ABCMODELO EMPRESA QUINCENALPANSIONADOSPENSIONADOS BASEPRUEBAS'

2022-03-29 18:55:53 - [TEST_STEP][PASSED] - click(findTestObject("M-OBJECTS TAREAS SECUNDARIAS/Pruebas capacitacion/Enviar_una_invitación/a_Unidad_invitacioneventoPopup_formlinkPopupUnidad")): Object: 'Object Repository/M-OBJECTS TAREAS SECUNDARIAS/Pruebas capacitacion/Enviar_una_invitación/a_Unidad_invitacioneventoPopup_formlinkPopupUnidad' is clicked on

2022-03-29 18:55:54 - [MESSAGE][PASSED] - Object: 'Object Repository/M-OBJECTS TAREAS SECUNDARIAS/Pruebas capacitacion/Enviar_una_invitación/a_Unidad_invitacioneventoPopup_formlinkPopupUnidad' is clicked on

2022-03-29 18:55:54 - [TEST_STEP][PASSED] - setText(findTestObject("M-OBJECTS TAREAS SECUNDARIAS/Pruebas capacitacion/Enviar_una_invitación/input_Unidad Organizacional_invitacioneventoPopup_formdescripciones"), "a"): Text 'a' is set on object 'Object Repository/M-OBJECTS TAREAS SECUNDARIAS/Pruebas capacitacion/Enviar_una_invitación/input_Unidad Organizacional_invitacioneventoPopup_formdescripciones'

2022-03-29 18:55:55 - [MESSAGE][PASSED] - Text 'a' is set on object 'Object Repository/M-OBJECTS TAREAS SECUNDARIAS/Pruebas capacitacion/Enviar_una_invitación/input_Unidad Organizacional_invitacioneventoPopup_formdescripciones'

2022-03-29 18:55:55 - [TEST_STEP][PASSED] - sendKeys(findTestObject("M-OBJECTS TAREAS SECUNDARIAS/Pruebas capacitacion/Enviar_una_invitación/input_Unidad Organizacional_invitacioneventoPopup_formdescripciones"), Keys.chord(ENTER)): Keys 'ENTER + ' sent to object: 'Object Repository/M-OBJECTS TAREAS SECUNDARIAS/Pruebas capacitacion/Enviar_una_invitación/input_Unidad Organizacional_invitacioneventoPopup_formdescripciones'

2022-03-29 18:55:56 - [MESSAGE][PASSED] - Keys 'ENTER + ' sent to object: 'Object Repository/M-OBJECTS TAREAS SECUNDARIAS/Pruebas capacitacion/Enviar_una_invitación/input_Unidad Organizacional_invitacioneventoPopup_formdescripciones'

2022-03-29 18:55:56 - [TEST_STEP][PASSED] - click(findTestObject("M-OBJECTS TAREAS SECUNDARIAS/Pruebas capacitacion/Enviar_una_invitación/span_A1")): Object: 'Object Repository/M-OBJECTS TAREAS SECUNDARIAS/Pruebas capacitacion/Enviar_una_invitación/span_A1' is clicked on

2022-03-29 18:55:57 - [MESSAGE][PASSED] - Object: 'Object Repository/M-OBJECTS TAREAS SECUNDARIAS/Pruebas capacitacion/Enviar_una_invitación/span_A1' is clicked on

2022-03-29 18:55:57 - [TEST_STEP][PASSED] - click(findTestObject("M-OBJECTS TAREAS SECUNDARIAS/Pruebas capacitacion/Enviar_una_invitación/a_Cargo_invitacioneventoPopup_formfiltroPopupCargo")): Object: 'Object Repository/M-OBJECTS TAREAS SECUNDARIAS/Pruebas capacitacion/Enviar_una_invitación/a_Cargo_invitacioneventoPopup_formfiltroPopupCargo' is clicked on

2022-03-29 18:55:58 - [MESSAGE][PASSED] - Object: 'Object Repository/M-OBJECTS TAREAS SECUNDARIAS/Pruebas capacitacion/Enviar_una_invitación/a_Cargo_invitacioneventoPopup_formfiltroPopupCargo' is clicked on

2022-03-29 18:55:58 - [TEST_STEP][PASSED] - click(findTestObject("M-OBJECTS TAREAS SECUNDARIAS/Pruebas capacitacion/Enviar_una_invitación/span_ANALISTA DE SISTEMAS")): Object: 'Object Repository/M-OBJECTS TAREAS SECUNDARIAS/Pruebas capacitacion/Enviar_una_invitación/span_ANALISTA DE SISTEMAS' is clicked on

2022-03-29 18:56:00 - [MESSAGE][PASSED] - Object: 'Object Repository/M-OBJECTS TAREAS SECUNDARIAS/Pruebas capacitacion/Enviar_una_invitación/span_ANALISTA DE SISTEMAS' is clicked on

2022-03-29 18:56:00 - [TEST_STEP][PASSED] - click(findTestObject("M-OBJECTS TAREAS SECUNDARIAS/Pruebas capacitacion/Enviar_una_invitación/a_Empleado_invitacioneventoPopup_formlinkPopupCoordinador")): Object: 'Object Repository/M-OBJECTS TAREAS SECUNDARIAS/Pruebas capacitacion/Enviar_una_invitación/a_Empleado_invitacioneventoPopup_formlinkPopupCoordinador' is clicked on

2022-03-29 18:56:01 - [MESSAGE][PASSED] - Object: 'Object Repository/M-OBJECTS TAREAS SECUNDARIAS/Pruebas capacitacion/Enviar_una_invitación/a_Empleado_invitacioneventoPopup_formlinkPopupCoordinador' is clicked on

2022-03-29 18:56:01 - [TEST_STEP][PASSED] - setText(findTestObject("M-OBJECTS TAREAS SECUNDARIAS/Pruebas capacitacion/Enviar_una_invitación/input_Filtro Hoja de Vida_formPopupHojaVidaj_idt1714"), "a"): Text 'a' is set on object 'Object Repository/M-OBJECTS TAREAS SECUNDARIAS/Pruebas capacitacion/Enviar_una_invitación/input_Filtro Hoja de Vida_formPopupHojaVidaj_idt1714'

2022-03-29 18:56:02 - [MESSAGE][PASSED] - Text 'a' is set on object 'Object Repository/M-OBJECTS TAREAS SECUNDARIAS/Pruebas capacitacion/Enviar_una_invitación/input_Filtro Hoja de Vida_formPopupHojaVidaj_idt1714'

2022-03-29 18:56:02 - [TEST_STEP][PASSED] - sendKeys(findTestObject("M-OBJECTS TAREAS SECUNDARIAS/Pruebas capacitacion/Enviar_una_invitación/input_Filtro Hoja de Vida_formPopupHojaVidaj_idt1714"), Keys.chord(ENTER)): Keys 'ENTER + ' sent to object: 'Object Repository/M-OBJECTS TAREAS SECUNDARIAS/Pruebas capacitacion/Enviar_una_invitación/input_Filtro Hoja de Vida_formPopupHojaVidaj_idt1714'

2022-03-29 18:56:02 - [MESSAGE][PASSED] - Keys 'ENTER + ' sent to object: 'Object Repository/M-OBJECTS TAREAS SECUNDARIAS/Pruebas capacitacion/Enviar_una_invitación/input_Filtro Hoja de Vida_formPopupHojaVidaj_idt1714'

2022-03-29 18:56:02 - [TEST_STEP][PASSED] - click(findTestObject("M-OBJECTS TAREAS SECUNDARIAS/Pruebas capacitacion/Enviar_una_invitación/span_A A A")): Object: 'Object Repository/M-OBJECTS TAREAS SECUNDARIAS/Pruebas capacitacion/Enviar_una_invitación/span_A A A' is clicked on

2022-03-29 18:56:03 - [MESSAGE][PASSED] - Object: 'Object Repository/M-OBJECTS TAREAS SECUNDARIAS/Pruebas capacitacion/Enviar_una_invitación/span_A A A' is clicked on

2022-03-29 18:56:03 - [TEST_STEP][PASSED] - selectOptionByIndex(findTestObject("M-OBJECTS TAREAS SECUNDARIAS/Pruebas capacitacion/Enviar_una_invitación/select_SeleccionePrueba"), 1): All options with index in [1] are selected on object 'Object Repository/M-OBJECTS TAREAS SECUNDARIAS/Pruebas capacitacion/Enviar_una_invitación/select_SeleccionePrueba'

2022-03-29 18:56:05 - [MESSAGE][PASSED] - All options with index in [1] are selected on object 'Object Repository/M-OBJECTS TAREAS SECUNDARIAS/Pruebas capacitacion/Enviar_una_invitación/select_SeleccionePrueba'

2022-03-29 18:56:05 - [TEST_STEP][PASSED] - setText(findTestObject("M-OBJECTS TAREAS SECUNDARIAS/Pruebas capacitacion/Enviar_una_invitación/input_Asunto_invitacioneventoPopup_formasunto"), "null"): Text 'null' is set on object 'Object Repository/M-OBJECTS TAREAS SECUNDARIAS/Pruebas capacitacion/Enviar_una_invitación/input_Asunto_invitacioneventoPopup_formasunto'

2022-03-29 18:56:06 - [MESSAGE][PASSED] - Text 'null' is set on object 'Object Repository/M-OBJECTS TAREAS SECUNDARIAS/Pruebas capacitacion/Enviar_una_invitación/input_Asunto_invitacioneventoPopup_formasunto'

2022-03-29 18:56:06 - [TEST_STEP][PASSED] - click(findTestObject("M-OBJECTS TAREAS SECUNDARIAS/Pruebas capacitacion/Enviar_una_invitación/a_Invitacin1")): Object: 'Object Repository/M-OBJECTS TAREAS SECUNDARIAS/Pruebas capacitacion/Enviar_una_invitación/a_Invitacin1' is clicked on

2022-03-29 18:56:07 - [MESSAGE][PASSED] - Object: 'Object Repository/M-OBJECTS TAREAS SECUNDARIAS/Pruebas capacitacion/Enviar_una_invitación/a_Invitacin1' is clicked on

2022-03-29 18:56:07 - [TEST_STEP][PASSED] - closeBrowser(): Browser is closed

2022-03-29 18:56:07 - [MESSAGE][PASSED] - Browser is closed]]></system-out>
         <system-err><![CDATA[]]></system-err>
      </testcase>
      <testcase name="Test Cases/1.2-Tareas_Secundarias/4.1-Pruebas_Capacitación/4.1.7-Cambiar_estado_de_un_asistente" time="15.895" classname="Test Cases/1.2-Tareas_Secundarias/4.1-Pruebas_Capacitación/4.1.7-Cambiar_estado_de_un_asistente" status="PASSED">
         <system-out><![CDATA[2022-03-29 18:56:08 - [TEST_CASE][PASSED] - Test Cases/1.2-Tareas_Secundarias/4.1-Pruebas_Capacitación/4.1.7-Cambiar_estado_de_un_asistente: Test Cases/1.2-Tareas_Secundarias/4.1-Pruebas_Capacitación/4.1.7-Cambiar_estado_de_un_asistente

2022-03-29 18:56:08 - [TEST_STEP][PASSED] - callTestCase(findTestCase("Utilidades-(atajos_para _tareas)/Modulos/Modulo Control Evento Capacitacion"), [:], STOP_ON_FAILURE): Call Test Case 'Test Cases/Utilidades-(atajos_para _tareas)/Modulos/Modulo Control Evento Capacitacion' successfully

2022-03-29 18:56:08 - [TEST_CASE][PASSED] - Test Cases/Utilidades-(atajos_para _tareas)/Modulos/Modulo Control Evento Capacitacion: Test Cases/Utilidades-(atajos_para _tareas)/Modulos/Modulo Control Evento Capacitacion

2022-03-29 18:56:08 - [TEST_STEP][PASSED] - callTestCase(findTestCase("0.1-Login"), [:], STOP_ON_FAILURE): Call Test Case 'Test Cases/0.1-Login' successfully

2022-03-29 18:56:08 - [TEST_CASE][PASSED] - Test Cases/0.1-Login: Test Cases/0.1-Login

2022-03-29 18:56:08 - [TEST_STEP][PASSED] - openBrowser(""): Browser is opened with url: ''

2022-03-29 18:56:08 - [MESSAGE][INFO] - Starting 'Chrome' driver

2022-03-29 18:56:08 - [MESSAGE][INFO] - Action delay is set to 50 milliseconds

2022-03-29 18:56:09 - [MESSAGE][PASSED] - Browser is opened with url: ''

2022-03-29 18:56:09 - [TEST_STEP][PASSED] - maximizeWindow(): Current window maximized

2022-03-29 18:56:09 - [MESSAGE][PASSED] - Current window maximized

2022-03-29 18:56:09 - [TEST_STEP][PASSED] - i = G_Login: null

2022-03-29 18:56:09 - [TEST_STEP][PASSED] - url = new java.net.URL(i): null

2022-03-29 18:56:09 - [TEST_STEP][PASSED] - println("URL: " + url.toString()): null

2022-03-29 18:56:09 - [TEST_STEP][PASSED] - connection = url.openConnection(): null

2022-03-29 18:56:09 - [TEST_STEP][PASSED] - connection.setRequestMethod("GET"): null

2022-03-29 18:56:09 - [TEST_STEP][PASSED] - connection.setReadTimeout(2 * 1000): null

2022-03-29 18:56:09 - [TEST_STEP][PASSED] - try: null

2022-03-29 18:56:09 - [TEST_STEP][PASSED] - connection.connect(): null

2022-03-29 18:56:09 - [TEST_STEP][PASSED] - flag = connected: null

2022-03-29 18:56:09 - [TEST_STEP][PASSED] - println("Valor_ori: " + flag): null

2022-03-29 18:56:09 - [TEST_STEP][PASSED] - if (flag): null

2022-03-29 18:56:09 - [TEST_STEP][PASSED] - navigateToUrl(i): Navigate to 'http://192.168.2.19:8380/saraweb' successfully

2022-03-29 18:56:10 - [MESSAGE][PASSED] - Navigate to 'http://192.168.2.19:8380/saraweb' successfully

2022-03-29 18:56:10 - [TEST_STEP][PASSED] - a(): null

2022-03-29 18:56:10 - [TEST_STEP][PASSED] - setText(findTestObject("Login/input_USUARIO_loginusuario"), G_Usuario): Text 'saraadmin' is set on object 'Object Repository/Login/input_USUARIO_loginusuario'

2022-03-29 18:56:11 - [MESSAGE][PASSED] - Text 'saraadmin' is set on object 'Object Repository/Login/input_USUARIO_loginusuario'

2022-03-29 18:56:11 - [TEST_STEP][PASSED] - setEncryptedText(findTestObject("Login/input_CLAVE_loginpassword"), "MkG4/TYiCFC3cb2driP7+Q=="): Text ****** has been set on object 'Object Repository/Login/input_CLAVE_loginpassword'

2022-03-29 18:56:12 - [MESSAGE][PASSED] - Text ****** has been set on object 'Object Repository/Login/input_CLAVE_loginpassword'

2022-03-29 18:56:12 - [TEST_STEP][PASSED] - waitForElementClickable(findTestObject("Login/a_Ingresar"), G_TimeOut): Object 'Object Repository/Login/a_Ingresar' is clickable

2022-03-29 18:56:12 - [MESSAGE][PASSED] - Object 'Object Repository/Login/a_Ingresar' is clickable

2022-03-29 18:56:12 - [TEST_STEP][PASSED] - click(findTestObject("Login/a_Ingresar")): Object: 'Object Repository/Login/a_Ingresar' is clicked on

2022-03-29 18:56:13 - [MESSAGE][PASSED] - Object: 'Object Repository/Login/a_Ingresar' is clicked on

2022-03-29 18:56:13 - [TEST_STEP][PASSED] - element = findWebElement(findTestObject("Login/a_Ir"), 30): null

2022-03-29 18:56:14 - [TEST_STEP][PASSED] - executeJavaScript("arguments[0].click()", Arrays.asList(element)): Execute JavaScript 'arguments[0].click()' successfully

2022-03-29 18:56:14 - [MESSAGE][PASSED] - Execute JavaScript 'arguments[0].click()' successfully

2022-03-29 18:56:14 - [MESSAGE][PASSED] - Call Test Case 'Test Cases/0.1-Login' successfully

2022-03-29 18:56:14 - [TEST_STEP][PASSED] - setText(findTestObject("Modulo Control Evento Capacitacion/input_ADMINISTRADOR DEL SISTEMA - SARA_form_templatej_idt24_input"), "Control Evento"): Text 'Control Evento' is set on object 'Object Repository/Modulo Control Evento Capacitacion/input_ADMINISTRADOR DEL SISTEMA - SARA_form_templatej_idt24_input'

2022-03-29 18:56:15 - [MESSAGE][PASSED] - Text 'Control Evento' is set on object 'Object Repository/Modulo Control Evento Capacitacion/input_ADMINISTRADOR DEL SISTEMA - SARA_form_templatej_idt24_input'

2022-03-29 18:56:15 - [TEST_STEP][PASSED] - click(findTestObject("Modulo Control Evento Capacitacion/li_Control Evento Capacitacion (cap)")): Object: 'Object Repository/Modulo Control Evento Capacitacion/li_Control Evento Capacitacion (cap)' is clicked on

2022-03-29 18:56:16 - [MESSAGE][PASSED] - Object: 'Object Repository/Modulo Control Evento Capacitacion/li_Control Evento Capacitacion (cap)' is clicked on

2022-03-29 18:56:16 - [MESSAGE][PASSED] - Call Test Case 'Test Cases/Utilidades-(atajos_para _tareas)/Modulos/Modulo Control Evento Capacitacion' successfully

2022-03-29 18:56:16 - [TEST_STEP][PASSED] - click(findTestObject("M-OBJECTS TAREAS SECUNDARIAS/Pruebas capacitacion/Cambiar_estado_de_un_asistente/td_Prueba")): Object: 'Object Repository/M-OBJECTS TAREAS SECUNDARIAS/Pruebas capacitacion/Cambiar_estado_de_un_asistente/td_Prueba' is clicked on

2022-03-29 18:56:18 - [MESSAGE][PASSED] - Object: 'Object Repository/M-OBJECTS TAREAS SECUNDARIAS/Pruebas capacitacion/Cambiar_estado_de_un_asistente/td_Prueba' is clicked on

2022-03-29 18:56:18 - [TEST_STEP][PASSED] - click(findTestObject("M-OBJECTS TAREAS SECUNDARIAS/Pruebas capacitacion/Cambiar_estado_de_un_asistente/div_Asistentes")): Object: 'Object Repository/M-OBJECTS TAREAS SECUNDARIAS/Pruebas capacitacion/Cambiar_estado_de_un_asistente/div_Asistentes' is clicked on

2022-03-29 18:56:19 - [MESSAGE][PASSED] - Object: 'Object Repository/M-OBJECTS TAREAS SECUNDARIAS/Pruebas capacitacion/Cambiar_estado_de_un_asistente/div_Asistentes' is clicked on

2022-03-29 18:56:19 - [TEST_STEP][PASSED] - click(findTestObject("M-OBJECTS TAREAS SECUNDARIAS/Pruebas capacitacion/Cambiar_estado_de_un_asistente/a_Registro")): Object: 'Object Repository/M-OBJECTS TAREAS SECUNDARIAS/Pruebas capacitacion/Cambiar_estado_de_un_asistente/a_Registro' is clicked on

2022-03-29 18:56:19 - [MESSAGE][PASSED] - Object: 'Object Repository/M-OBJECTS TAREAS SECUNDARIAS/Pruebas capacitacion/Cambiar_estado_de_un_asistente/a_Registro' is clicked on

2022-03-29 18:56:19 - [TEST_STEP][PASSED] - if (waitForElementPresent(findTestObject("M-OBJECTS TAREAS SECUNDARIAS/Pruebas capacitacion/Cambiar_estado_de_un_asistente/td_prueba ka Pruebas"), 1)): null

2022-03-29 18:56:20 - [MESSAGE][PASSED] - Object 'Object Repository/M-OBJECTS TAREAS SECUNDARIAS/Pruebas capacitacion/Cambiar_estado_de_un_asistente/td_prueba ka Pruebas' is present

2022-03-29 18:56:20 - [TEST_STEP][PASSED] - click(findTestObject("M-OBJECTS TAREAS SECUNDARIAS/Pruebas capacitacion/Cambiar_estado_de_un_asistente/td_prueba ka Pruebas")): Object: 'Object Repository/M-OBJECTS TAREAS SECUNDARIAS/Pruebas capacitacion/Cambiar_estado_de_un_asistente/td_prueba ka Pruebas' is clicked on

2022-03-29 18:56:20 - [MESSAGE][PASSED] - Object: 'Object Repository/M-OBJECTS TAREAS SECUNDARIAS/Pruebas capacitacion/Cambiar_estado_de_un_asistente/td_prueba ka Pruebas' is clicked on

2022-03-29 18:56:20 - [TEST_STEP][PASSED] - selectOptionByIndex(findTestObject("M-OBJECTS TAREAS SECUNDARIAS/Pruebas capacitacion/Cambiar_estado_de_un_asistente/select_SeleccioneACEPTADOFINALIZADOINSCRITONO ACEPTADONO APROBADONO ASISTIO"), 1): All options with index in [1] are selected on object 'Object Repository/M-OBJECTS TAREAS SECUNDARIAS/Pruebas capacitacion/Cambiar_estado_de_un_asistente/select_SeleccioneACEPTADOFINALIZADOINSCRITONO ACEPTADONO APROBADONO ASISTIO'

2022-03-29 18:56:22 - [MESSAGE][PASSED] - All options with index in [1] are selected on object 'Object Repository/M-OBJECTS TAREAS SECUNDARIAS/Pruebas capacitacion/Cambiar_estado_de_un_asistente/select_SeleccioneACEPTADOFINALIZADOINSCRITONO ACEPTADONO APROBADONO ASISTIO'

2022-03-29 18:56:22 - [TEST_STEP][PASSED] - click(findTestObject("M-OBJECTS TAREAS SECUNDARIAS/Pruebas capacitacion/Cambiar_estado_de_un_asistente/a_Actualizar")): Object: 'Object Repository/M-OBJECTS TAREAS SECUNDARIAS/Pruebas capacitacion/Cambiar_estado_de_un_asistente/a_Actualizar' is clicked on

2022-03-29 18:56:23 - [MESSAGE][PASSED] - Object: 'Object Repository/M-OBJECTS TAREAS SECUNDARIAS/Pruebas capacitacion/Cambiar_estado_de_un_asistente/a_Actualizar' is clicked on

2022-03-29 18:56:23 - [TEST_STEP][PASSED] - closeBrowser(): Browser is closed

2022-03-29 18:56:23 - [MESSAGE][PASSED] - Browser is closed]]></system-out>
         <system-err><![CDATA[]]></system-err>
      </testcase>
      <testcase name="Test Cases/1.2-Tareas_Secundarias/4.1-Pruebas_Capacitación/4.1.8-Asociar_Recursos" time="17.024" classname="Test Cases/1.2-Tareas_Secundarias/4.1-Pruebas_Capacitación/4.1.8-Asociar_Recursos" status="PASSED">
         <system-out><![CDATA[2022-03-29 18:56:23 - [TEST_CASE][PASSED] - Test Cases/1.2-Tareas_Secundarias/4.1-Pruebas_Capacitación/4.1.8-Asociar_Recursos: Test Cases/1.2-Tareas_Secundarias/4.1-Pruebas_Capacitación/4.1.8-Asociar_Recursos

2022-03-29 18:56:24 - [TEST_STEP][PASSED] - callTestCase(findTestCase("Utilidades-(atajos_para _tareas)/Modulos/Modulo Control Evento Capacitacion"), [:], STOP_ON_FAILURE): Call Test Case 'Test Cases/Utilidades-(atajos_para _tareas)/Modulos/Modulo Control Evento Capacitacion' successfully

2022-03-29 18:56:24 - [TEST_CASE][PASSED] - Test Cases/Utilidades-(atajos_para _tareas)/Modulos/Modulo Control Evento Capacitacion: Test Cases/Utilidades-(atajos_para _tareas)/Modulos/Modulo Control Evento Capacitacion

2022-03-29 18:56:24 - [TEST_STEP][PASSED] - callTestCase(findTestCase("0.1-Login"), [:], STOP_ON_FAILURE): Call Test Case 'Test Cases/0.1-Login' successfully

2022-03-29 18:56:24 - [TEST_CASE][PASSED] - Test Cases/0.1-Login: Test Cases/0.1-Login

2022-03-29 18:56:24 - [TEST_STEP][PASSED] - openBrowser(""): Browser is opened with url: ''

2022-03-29 18:56:24 - [MESSAGE][INFO] - Starting 'Chrome' driver

2022-03-29 18:56:24 - [MESSAGE][INFO] - Action delay is set to 50 milliseconds

2022-03-29 18:56:25 - [MESSAGE][PASSED] - Browser is opened with url: ''

2022-03-29 18:56:25 - [TEST_STEP][PASSED] - maximizeWindow(): Current window maximized

2022-03-29 18:56:25 - [MESSAGE][PASSED] - Current window maximized

2022-03-29 18:56:25 - [TEST_STEP][PASSED] - i = G_Login: null

2022-03-29 18:56:25 - [TEST_STEP][PASSED] - url = new java.net.URL(i): null

2022-03-29 18:56:25 - [TEST_STEP][PASSED] - println("URL: " + url.toString()): null

2022-03-29 18:56:25 - [TEST_STEP][PASSED] - connection = url.openConnection(): null

2022-03-29 18:56:25 - [TEST_STEP][PASSED] - connection.setRequestMethod("GET"): null

2022-03-29 18:56:25 - [TEST_STEP][PASSED] - connection.setReadTimeout(2 * 1000): null

2022-03-29 18:56:25 - [TEST_STEP][PASSED] - try: null

2022-03-29 18:56:25 - [TEST_STEP][PASSED] - connection.connect(): null

2022-03-29 18:56:25 - [TEST_STEP][PASSED] - flag = connected: null

2022-03-29 18:56:25 - [TEST_STEP][PASSED] - println("Valor_ori: " + flag): null

2022-03-29 18:56:25 - [TEST_STEP][PASSED] - if (flag): null

2022-03-29 18:56:25 - [TEST_STEP][PASSED] - navigateToUrl(i): Navigate to 'http://192.168.2.19:8380/saraweb' successfully

2022-03-29 18:56:26 - [MESSAGE][PASSED] - Navigate to 'http://192.168.2.19:8380/saraweb' successfully

2022-03-29 18:56:26 - [TEST_STEP][PASSED] - a(): null

2022-03-29 18:56:26 - [TEST_STEP][PASSED] - setText(findTestObject("Login/input_USUARIO_loginusuario"), G_Usuario): Text 'saraadmin' is set on object 'Object Repository/Login/input_USUARIO_loginusuario'

2022-03-29 18:56:27 - [MESSAGE][PASSED] - Text 'saraadmin' is set on object 'Object Repository/Login/input_USUARIO_loginusuario'

2022-03-29 18:56:27 - [TEST_STEP][PASSED] - setEncryptedText(findTestObject("Login/input_CLAVE_loginpassword"), "MkG4/TYiCFC3cb2driP7+Q=="): Text ****** has been set on object 'Object Repository/Login/input_CLAVE_loginpassword'

2022-03-29 18:56:28 - [MESSAGE][PASSED] - Text ****** has been set on object 'Object Repository/Login/input_CLAVE_loginpassword'

2022-03-29 18:56:28 - [TEST_STEP][PASSED] - waitForElementClickable(findTestObject("Login/a_Ingresar"), G_TimeOut): Object 'Object Repository/Login/a_Ingresar' is clickable

2022-03-29 18:56:28 - [MESSAGE][PASSED] - Object 'Object Repository/Login/a_Ingresar' is clickable

2022-03-29 18:56:28 - [TEST_STEP][PASSED] - click(findTestObject("Login/a_Ingresar")): Object: 'Object Repository/Login/a_Ingresar' is clicked on

2022-03-29 18:56:29 - [MESSAGE][PASSED] - Object: 'Object Repository/Login/a_Ingresar' is clicked on

2022-03-29 18:56:29 - [TEST_STEP][PASSED] - element = findWebElement(findTestObject("Login/a_Ir"), 30): null

2022-03-29 18:56:30 - [TEST_STEP][PASSED] - executeJavaScript("arguments[0].click()", Arrays.asList(element)): Execute JavaScript 'arguments[0].click()' successfully

2022-03-29 18:56:30 - [MESSAGE][PASSED] - Execute JavaScript 'arguments[0].click()' successfully

2022-03-29 18:56:30 - [MESSAGE][PASSED] - Call Test Case 'Test Cases/0.1-Login' successfully

2022-03-29 18:56:30 - [TEST_STEP][PASSED] - setText(findTestObject("Modulo Control Evento Capacitacion/input_ADMINISTRADOR DEL SISTEMA - SARA_form_templatej_idt24_input"), "Control Evento"): Text 'Control Evento' is set on object 'Object Repository/Modulo Control Evento Capacitacion/input_ADMINISTRADOR DEL SISTEMA - SARA_form_templatej_idt24_input'

2022-03-29 18:56:31 - [MESSAGE][PASSED] - Text 'Control Evento' is set on object 'Object Repository/Modulo Control Evento Capacitacion/input_ADMINISTRADOR DEL SISTEMA - SARA_form_templatej_idt24_input'

2022-03-29 18:56:31 - [TEST_STEP][PASSED] - click(findTestObject("Modulo Control Evento Capacitacion/li_Control Evento Capacitacion (cap)")): Object: 'Object Repository/Modulo Control Evento Capacitacion/li_Control Evento Capacitacion (cap)' is clicked on

2022-03-29 18:56:32 - [MESSAGE][PASSED] - Object: 'Object Repository/Modulo Control Evento Capacitacion/li_Control Evento Capacitacion (cap)' is clicked on

2022-03-29 18:56:32 - [MESSAGE][PASSED] - Call Test Case 'Test Cases/Utilidades-(atajos_para _tareas)/Modulos/Modulo Control Evento Capacitacion' successfully

2022-03-29 18:56:32 - [TEST_STEP][PASSED] - click(findTestObject("M-OBJECTS TAREAS SECUNDARIAS/Pruebas capacitacion/Asociar_Recursos/td_Prueba")): Object: 'Object Repository/M-OBJECTS TAREAS SECUNDARIAS/Pruebas capacitacion/Asociar_Recursos/td_Prueba' is clicked on

2022-03-29 18:56:34 - [MESSAGE][PASSED] - Object: 'Object Repository/M-OBJECTS TAREAS SECUNDARIAS/Pruebas capacitacion/Asociar_Recursos/td_Prueba' is clicked on

2022-03-29 18:56:34 - [TEST_STEP][PASSED] - click(findTestObject("M-OBJECTS TAREAS SECUNDARIAS/Pruebas capacitacion/Asociar_Recursos/div_Recursos")): Object: 'Object Repository/M-OBJECTS TAREAS SECUNDARIAS/Pruebas capacitacion/Asociar_Recursos/div_Recursos' is clicked on

2022-03-29 18:56:35 - [MESSAGE][PASSED] - Object: 'Object Repository/M-OBJECTS TAREAS SECUNDARIAS/Pruebas capacitacion/Asociar_Recursos/div_Recursos' is clicked on

2022-03-29 18:56:35 - [TEST_STEP][PASSED] - click(findTestObject("M-OBJECTS TAREAS SECUNDARIAS/Pruebas capacitacion/Asociar_Recursos/a_Logsticos")): Object: 'Object Repository/M-OBJECTS TAREAS SECUNDARIAS/Pruebas capacitacion/Asociar_Recursos/a_Logsticos' is clicked on

2022-03-29 18:56:35 - [MESSAGE][PASSED] - Object: 'Object Repository/M-OBJECTS TAREAS SECUNDARIAS/Pruebas capacitacion/Asociar_Recursos/a_Logsticos' is clicked on

2022-03-29 18:56:35 - [TEST_STEP][PASSED] - if (waitForElementPresent(findTestObject("M-OBJECTS TAREAS SECUNDARIAS/Pruebas capacitacion/Asociar_Recursos/td_DVD"), 1)): Object 'Object Repository/M-OBJECTS TAREAS SECUNDARIAS/Pruebas capacitacion/Asociar_Recursos/td_DVD' is not present after 1 second(s)

2022-03-29 18:56:37 - [MESSAGE][INFO] - Unable to find the element located by 'By.xpath: (.//*[normalize-space(text()) and normalize-space(.)='INDISPENSABLE'])[2]/preceding::td[1]'. Please recheck the objects properties to make sure the desired element is located. 

2022-03-29 18:56:37 - [MESSAGE][WARNING] - Object 'Object Repository/M-OBJECTS TAREAS SECUNDARIAS/Pruebas capacitacion/Asociar_Recursos/td_DVD' is not present after 1 second(s)

2022-03-29 18:56:37 - [TEST_STEP][PASSED] - selectOptionByIndex(findTestObject("M-OBJECTS TAREAS SECUNDARIAS/Pruebas capacitacion/Asociar_Recursos/select_SeleccioneDVDTV"), 1): All options with index in [1] are selected on object 'Object Repository/M-OBJECTS TAREAS SECUNDARIAS/Pruebas capacitacion/Asociar_Recursos/select_SeleccioneDVDTV'

2022-03-29 18:56:39 - [MESSAGE][PASSED] - All options with index in [1] are selected on object 'Object Repository/M-OBJECTS TAREAS SECUNDARIAS/Pruebas capacitacion/Asociar_Recursos/select_SeleccioneDVDTV'

2022-03-29 18:56:39 - [TEST_STEP][PASSED] - selectOptionByIndex(findTestObject("M-OBJECTS TAREAS SECUNDARIAS/Pruebas capacitacion/Asociar_Recursos/select_SeleccioneINDISPENSABLEOPCIONAL"), 1): All options with index in [1] are selected on object 'Object Repository/M-OBJECTS TAREAS SECUNDARIAS/Pruebas capacitacion/Asociar_Recursos/select_SeleccioneINDISPENSABLEOPCIONAL'

2022-03-29 18:56:40 - [MESSAGE][PASSED] - All options with index in [1] are selected on object 'Object Repository/M-OBJECTS TAREAS SECUNDARIAS/Pruebas capacitacion/Asociar_Recursos/select_SeleccioneINDISPENSABLEOPCIONAL'

2022-03-29 18:56:40 - [TEST_STEP][PASSED] - click(findTestObject("M-OBJECTS TAREAS SECUNDARIAS/Pruebas capacitacion/Asociar_Recursos/a_Necesidad_formRecursoLogisticopanel_recursostabla_recursosj_idt608")): Object: 'Object Repository/M-OBJECTS TAREAS SECUNDARIAS/Pruebas capacitacion/Asociar_Recursos/a_Necesidad_formRecursoLogisticopanel_recursostabla_recursosj_idt608' is clicked on

2022-03-29 18:56:40 - [MESSAGE][PASSED] - Object: 'Object Repository/M-OBJECTS TAREAS SECUNDARIAS/Pruebas capacitacion/Asociar_Recursos/a_Necesidad_formRecursoLogisticopanel_recursostabla_recursosj_idt608' is clicked on]]></system-out>
         <system-err><![CDATA[]]></system-err>
      </testcase>
      <testcase name="Test Cases/1.2-Tareas_Secundarias/4.1-Pruebas_Capacitación/4.1.9-Registrar_los_costos" time="19.975" classname="Test Cases/1.2-Tareas_Secundarias/4.1-Pruebas_Capacitación/4.1.9-Registrar_los_costos" status="PASSED">
         <system-out><![CDATA[2022-03-29 18:56:40 - [TEST_CASE][PASSED] - Test Cases/1.2-Tareas_Secundarias/4.1-Pruebas_Capacitación/4.1.9-Registrar_los_costos: Test Cases/1.2-Tareas_Secundarias/4.1-Pruebas_Capacitación/4.1.9-Registrar_los_costos

2022-03-29 18:56:41 - [TEST_STEP][PASSED] - callTestCase(findTestCase("Utilidades-(atajos_para _tareas)/Modulos/Modulo Control Evento Capacitacion"), [:], STOP_ON_FAILURE): Call Test Case 'Test Cases/Utilidades-(atajos_para _tareas)/Modulos/Modulo Control Evento Capacitacion' successfully

2022-03-29 18:56:41 - [TEST_CASE][PASSED] - Test Cases/Utilidades-(atajos_para _tareas)/Modulos/Modulo Control Evento Capacitacion: Test Cases/Utilidades-(atajos_para _tareas)/Modulos/Modulo Control Evento Capacitacion

2022-03-29 18:56:41 - [TEST_STEP][PASSED] - callTestCase(findTestCase("0.1-Login"), [:], STOP_ON_FAILURE): Call Test Case 'Test Cases/0.1-Login' successfully

2022-03-29 18:56:41 - [TEST_CASE][PASSED] - Test Cases/0.1-Login: Test Cases/0.1-Login

2022-03-29 18:56:41 - [TEST_STEP][PASSED] - openBrowser(""): Browser is opened with url: ''

2022-03-29 18:56:41 - [MESSAGE][WARNING] - A browser is already opened. Closing browser and opening a new one

2022-03-29 18:56:42 - [MESSAGE][INFO] - Starting 'Chrome' driver

2022-03-29 18:56:42 - [MESSAGE][INFO] - Action delay is set to 50 milliseconds

2022-03-29 18:56:43 - [MESSAGE][PASSED] - Browser is opened with url: ''

2022-03-29 18:56:43 - [TEST_STEP][PASSED] - maximizeWindow(): Current window maximized

2022-03-29 18:56:43 - [MESSAGE][PASSED] - Current window maximized

2022-03-29 18:56:43 - [TEST_STEP][PASSED] - i = G_Login: null

2022-03-29 18:56:43 - [TEST_STEP][PASSED] - url = new java.net.URL(i): null

2022-03-29 18:56:43 - [TEST_STEP][PASSED] - println("URL: " + url.toString()): null

2022-03-29 18:56:43 - [TEST_STEP][PASSED] - connection = url.openConnection(): null

2022-03-29 18:56:43 - [TEST_STEP][PASSED] - connection.setRequestMethod("GET"): null

2022-03-29 18:56:43 - [TEST_STEP][PASSED] - connection.setReadTimeout(2 * 1000): null

2022-03-29 18:56:43 - [TEST_STEP][PASSED] - try: null

2022-03-29 18:56:43 - [TEST_STEP][PASSED] - connection.connect(): null

2022-03-29 18:56:43 - [TEST_STEP][PASSED] - flag = connected: null

2022-03-29 18:56:43 - [TEST_STEP][PASSED] - println("Valor_ori: " + flag): null

2022-03-29 18:56:43 - [TEST_STEP][PASSED] - if (flag): null

2022-03-29 18:56:43 - [TEST_STEP][PASSED] - navigateToUrl(i): Navigate to 'http://192.168.2.19:8380/saraweb' successfully

2022-03-29 18:56:44 - [MESSAGE][PASSED] - Navigate to 'http://192.168.2.19:8380/saraweb' successfully

2022-03-29 18:56:44 - [TEST_STEP][PASSED] - a(): null

2022-03-29 18:56:44 - [TEST_STEP][PASSED] - setText(findTestObject("Login/input_USUARIO_loginusuario"), G_Usuario): Text 'saraadmin' is set on object 'Object Repository/Login/input_USUARIO_loginusuario'

2022-03-29 18:56:45 - [MESSAGE][PASSED] - Text 'saraadmin' is set on object 'Object Repository/Login/input_USUARIO_loginusuario'

2022-03-29 18:56:45 - [TEST_STEP][PASSED] - setEncryptedText(findTestObject("Login/input_CLAVE_loginpassword"), "MkG4/TYiCFC3cb2driP7+Q=="): Text ****** has been set on object 'Object Repository/Login/input_CLAVE_loginpassword'

2022-03-29 18:56:45 - [MESSAGE][PASSED] - Text ****** has been set on object 'Object Repository/Login/input_CLAVE_loginpassword'

2022-03-29 18:56:45 - [TEST_STEP][PASSED] - waitForElementClickable(findTestObject("Login/a_Ingresar"), G_TimeOut): Object 'Object Repository/Login/a_Ingresar' is clickable

2022-03-29 18:56:46 - [MESSAGE][PASSED] - Object 'Object Repository/Login/a_Ingresar' is clickable

2022-03-29 18:56:46 - [TEST_STEP][PASSED] - click(findTestObject("Login/a_Ingresar")): Object: 'Object Repository/Login/a_Ingresar' is clicked on

2022-03-29 18:56:47 - [MESSAGE][PASSED] - Object: 'Object Repository/Login/a_Ingresar' is clicked on

2022-03-29 18:56:47 - [TEST_STEP][PASSED] - element = findWebElement(findTestObject("Login/a_Ir"), 30): null

2022-03-29 18:56:48 - [TEST_STEP][PASSED] - executeJavaScript("arguments[0].click()", Arrays.asList(element)): Execute JavaScript 'arguments[0].click()' successfully

2022-03-29 18:56:48 - [MESSAGE][PASSED] - Execute JavaScript 'arguments[0].click()' successfully

2022-03-29 18:56:48 - [MESSAGE][PASSED] - Call Test Case 'Test Cases/0.1-Login' successfully

2022-03-29 18:56:48 - [TEST_STEP][PASSED] - setText(findTestObject("Modulo Control Evento Capacitacion/input_ADMINISTRADOR DEL SISTEMA - SARA_form_templatej_idt24_input"), "Control Evento"): Text 'Control Evento' is set on object 'Object Repository/Modulo Control Evento Capacitacion/input_ADMINISTRADOR DEL SISTEMA - SARA_form_templatej_idt24_input'

2022-03-29 18:56:49 - [MESSAGE][PASSED] - Text 'Control Evento' is set on object 'Object Repository/Modulo Control Evento Capacitacion/input_ADMINISTRADOR DEL SISTEMA - SARA_form_templatej_idt24_input'

2022-03-29 18:56:49 - [TEST_STEP][PASSED] - click(findTestObject("Modulo Control Evento Capacitacion/li_Control Evento Capacitacion (cap)")): Object: 'Object Repository/Modulo Control Evento Capacitacion/li_Control Evento Capacitacion (cap)' is clicked on

2022-03-29 18:56:50 - [MESSAGE][PASSED] - Object: 'Object Repository/Modulo Control Evento Capacitacion/li_Control Evento Capacitacion (cap)' is clicked on

2022-03-29 18:56:50 - [MESSAGE][PASSED] - Call Test Case 'Test Cases/Utilidades-(atajos_para _tareas)/Modulos/Modulo Control Evento Capacitacion' successfully

2022-03-29 18:56:50 - [TEST_STEP][PASSED] - click(findTestObject("M-OBJECTS TAREAS SECUNDARIAS/Pruebas capacitacion/Registrar_los_costos/td_Prueba")): Object: 'Object Repository/M-OBJECTS TAREAS SECUNDARIAS/Pruebas capacitacion/Registrar_los_costos/td_Prueba' is clicked on

2022-03-29 18:56:52 - [MESSAGE][PASSED] - Object: 'Object Repository/M-OBJECTS TAREAS SECUNDARIAS/Pruebas capacitacion/Registrar_los_costos/td_Prueba' is clicked on

2022-03-29 18:56:52 - [TEST_STEP][PASSED] - click(findTestObject("M-OBJECTS TAREAS SECUNDARIAS/Pruebas capacitacion/Registrar_los_costos/div_Costo")): Object: 'Object Repository/M-OBJECTS TAREAS SECUNDARIAS/Pruebas capacitacion/Registrar_los_costos/div_Costo' is clicked on

2022-03-29 18:56:53 - [MESSAGE][PASSED] - Object: 'Object Repository/M-OBJECTS TAREAS SECUNDARIAS/Pruebas capacitacion/Registrar_los_costos/div_Costo' is clicked on

2022-03-29 18:56:53 - [TEST_STEP][PASSED] - click(findTestObject("M-OBJECTS TAREAS SECUNDARIAS/Pruebas capacitacion/Registrar_los_costos/a_Registro")): Object: 'Object Repository/M-OBJECTS TAREAS SECUNDARIAS/Pruebas capacitacion/Registrar_los_costos/a_Registro' is clicked on

2022-03-29 18:56:53 - [MESSAGE][PASSED] - Object: 'Object Repository/M-OBJECTS TAREAS SECUNDARIAS/Pruebas capacitacion/Registrar_los_costos/a_Registro' is clicked on

2022-03-29 18:56:53 - [TEST_STEP][PASSED] - if (waitForElementVisible(findTestObject("M-OBJECTS TAREAS SECUNDARIAS/Pruebas capacitacion/Registrar_los_costos/a_REFRIGERIO_formCostoEventopanel_costostabla_costos0j_idt634"), 1)): Web element with id: 'Object Repository/M-OBJECTS TAREAS SECUNDARIAS/Pruebas capacitacion/Registrar_los_costos/a_REFRIGERIO_formCostoEventopanel_costostabla_costos0j_idt634' located by '//tbody/tr/td[5]/a' not found

2022-03-29 18:56:55 - [MESSAGE][INFO] - Unable to find the element located by 'By.xpath: //tbody/tr/td[5]/a'. Please recheck the objects properties to make sure the desired element is located. 

2022-03-29 18:56:55 - [MESSAGE][WARNING] - Web element with id: 'Object Repository/M-OBJECTS TAREAS SECUNDARIAS/Pruebas capacitacion/Registrar_los_costos/a_REFRIGERIO_formCostoEventopanel_costostabla_costos0j_idt634' located by '//tbody/tr/td[5]/a' not found

2022-03-29 18:56:55 - [TEST_STEP][PASSED] - selectOptionByIndex(findTestObject("M-OBJECTS TAREAS SECUNDARIAS/Pruebas capacitacion/Registrar_los_costos/select_SeleccioneALOJAMIENTOMATERIALESREFRIGERIOSALONTRANSPORTE"), 3): All options with index in [3] are selected on object 'Object Repository/M-OBJECTS TAREAS SECUNDARIAS/Pruebas capacitacion/Registrar_los_costos/select_SeleccioneALOJAMIENTOMATERIALESREFRIGERIOSALONTRANSPORTE'

2022-03-29 18:56:57 - [MESSAGE][PASSED] - All options with index in [3] are selected on object 'Object Repository/M-OBJECTS TAREAS SECUNDARIAS/Pruebas capacitacion/Registrar_los_costos/select_SeleccioneALOJAMIENTOMATERIALESREFRIGERIOSALONTRANSPORTE'

2022-03-29 18:56:57 - [TEST_STEP][PASSED] - setText(findTestObject("M-OBJECTS TAREAS SECUNDARIAS/Pruebas capacitacion/Registrar_los_costos/input_Valor_formCostoEventopanel_costostabla_costosnumero"), "100"): Text '100' is set on object 'Object Repository/M-OBJECTS TAREAS SECUNDARIAS/Pruebas capacitacion/Registrar_los_costos/input_Valor_formCostoEventopanel_costostabla_costosnumero'

2022-03-29 18:56:58 - [MESSAGE][PASSED] - Text '100' is set on object 'Object Repository/M-OBJECTS TAREAS SECUNDARIAS/Pruebas capacitacion/Registrar_los_costos/input_Valor_formCostoEventopanel_costostabla_costosnumero'

2022-03-29 18:56:58 - [TEST_STEP][PASSED] - setText(findTestObject("M-OBJECTS TAREAS SECUNDARIAS/Pruebas capacitacion/Registrar_los_costos/input_Valor_formCostoEventopanel_costostabla_costosfechaPago_input"), "07/05/2021"): Text '07/05/2021' is set on object 'Object Repository/M-OBJECTS TAREAS SECUNDARIAS/Pruebas capacitacion/Registrar_los_costos/input_Valor_formCostoEventopanel_costostabla_costosfechaPago_input'

2022-03-29 18:56:59 - [MESSAGE][PASSED] - Text '07/05/2021' is set on object 'Object Repository/M-OBJECTS TAREAS SECUNDARIAS/Pruebas capacitacion/Registrar_los_costos/input_Valor_formCostoEventopanel_costostabla_costosfechaPago_input'

2022-03-29 18:56:59 - [TEST_STEP][PASSED] - setText(findTestObject("M-OBJECTS TAREAS SECUNDARIAS/Pruebas capacitacion/Registrar_los_costos/input_Valor_formCostoEventopanel_costostabla_costosvalor"), "1000000"): Text '1000000' is set on object 'Object Repository/M-OBJECTS TAREAS SECUNDARIAS/Pruebas capacitacion/Registrar_los_costos/input_Valor_formCostoEventopanel_costostabla_costosvalor'

2022-03-29 18:57:00 - [MESSAGE][PASSED] - Text '1000000' is set on object 'Object Repository/M-OBJECTS TAREAS SECUNDARIAS/Pruebas capacitacion/Registrar_los_costos/input_Valor_formCostoEventopanel_costostabla_costosvalor'

2022-03-29 18:57:00 - [TEST_STEP][PASSED] - click(findTestObject("M-OBJECTS TAREAS SECUNDARIAS/Pruebas capacitacion/Registrar_los_costos/a_Valor_formCostoEventopanel_costostabla_costosj_idt637")): Object: 'Object Repository/M-OBJECTS TAREAS SECUNDARIAS/Pruebas capacitacion/Registrar_los_costos/a_Valor_formCostoEventopanel_costostabla_costosj_idt637' is clicked on

2022-03-29 18:57:00 - [MESSAGE][PASSED] - Object: 'Object Repository/M-OBJECTS TAREAS SECUNDARIAS/Pruebas capacitacion/Registrar_los_costos/a_Valor_formCostoEventopanel_costostabla_costosj_idt637' is clicked on]]></system-out>
         <system-err><![CDATA[]]></system-err>
      </testcase>
      <testcase name="Test Cases/1.2-Tareas_Secundarias/4.1-Pruebas_Capacitación/4.2.1-Programar_un_evento" time="30.116" classname="Test Cases/1.2-Tareas_Secundarias/4.1-Pruebas_Capacitación/4.2.1-Programar_un_evento" status="PASSED">
         <system-out><![CDATA[2022-03-29 18:57:00 - [TEST_CASE][PASSED] - Test Cases/1.2-Tareas_Secundarias/4.1-Pruebas_Capacitación/4.2.1-Programar_un_evento: Test Cases/1.2-Tareas_Secundarias/4.1-Pruebas_Capacitación/4.2.1-Programar_un_evento

2022-03-29 18:57:01 - [TEST_STEP][PASSED] - callTestCase(findTestCase("Utilidades-(atajos_para _tareas)/Modulos/Modulo Control Evento Capacitacion"), [:], STOP_ON_FAILURE): Call Test Case 'Test Cases/Utilidades-(atajos_para _tareas)/Modulos/Modulo Control Evento Capacitacion' successfully

2022-03-29 18:57:01 - [TEST_CASE][PASSED] - Test Cases/Utilidades-(atajos_para _tareas)/Modulos/Modulo Control Evento Capacitacion: Test Cases/Utilidades-(atajos_para _tareas)/Modulos/Modulo Control Evento Capacitacion

2022-03-29 18:57:01 - [TEST_STEP][PASSED] - callTestCase(findTestCase("0.1-Login"), [:], STOP_ON_FAILURE): Call Test Case 'Test Cases/0.1-Login' successfully

2022-03-29 18:57:01 - [TEST_CASE][PASSED] - Test Cases/0.1-Login: Test Cases/0.1-Login

2022-03-29 18:57:01 - [TEST_STEP][PASSED] - openBrowser(""): Browser is opened with url: ''

2022-03-29 18:57:01 - [MESSAGE][WARNING] - A browser is already opened. Closing browser and opening a new one

2022-03-29 18:57:02 - [MESSAGE][INFO] - Starting 'Chrome' driver

2022-03-29 18:57:02 - [MESSAGE][INFO] - Action delay is set to 50 milliseconds

2022-03-29 18:57:03 - [MESSAGE][PASSED] - Browser is opened with url: ''

2022-03-29 18:57:03 - [TEST_STEP][PASSED] - maximizeWindow(): Current window maximized

2022-03-29 18:57:03 - [MESSAGE][PASSED] - Current window maximized

2022-03-29 18:57:03 - [TEST_STEP][PASSED] - i = G_Login: null

2022-03-29 18:57:03 - [TEST_STEP][PASSED] - url = new java.net.URL(i): null

2022-03-29 18:57:03 - [TEST_STEP][PASSED] - println("URL: " + url.toString()): null

2022-03-29 18:57:03 - [TEST_STEP][PASSED] - connection = url.openConnection(): null

2022-03-29 18:57:03 - [TEST_STEP][PASSED] - connection.setRequestMethod("GET"): null

2022-03-29 18:57:03 - [TEST_STEP][PASSED] - connection.setReadTimeout(2 * 1000): null

2022-03-29 18:57:03 - [TEST_STEP][PASSED] - try: null

2022-03-29 18:57:03 - [TEST_STEP][PASSED] - connection.connect(): null

2022-03-29 18:57:03 - [TEST_STEP][PASSED] - flag = connected: null

2022-03-29 18:57:03 - [TEST_STEP][PASSED] - println("Valor_ori: " + flag): null

2022-03-29 18:57:03 - [TEST_STEP][PASSED] - if (flag): null

2022-03-29 18:57:03 - [TEST_STEP][PASSED] - navigateToUrl(i): Navigate to 'http://192.168.2.19:8380/saraweb' successfully

2022-03-29 18:57:04 - [MESSAGE][PASSED] - Navigate to 'http://192.168.2.19:8380/saraweb' successfully

2022-03-29 18:57:04 - [TEST_STEP][PASSED] - a(): null

2022-03-29 18:57:04 - [TEST_STEP][PASSED] - setText(findTestObject("Login/input_USUARIO_loginusuario"), G_Usuario): Text 'saraadmin' is set on object 'Object Repository/Login/input_USUARIO_loginusuario'

2022-03-29 18:57:05 - [MESSAGE][PASSED] - Text 'saraadmin' is set on object 'Object Repository/Login/input_USUARIO_loginusuario'

2022-03-29 18:57:05 - [TEST_STEP][PASSED] - setEncryptedText(findTestObject("Login/input_CLAVE_loginpassword"), "MkG4/TYiCFC3cb2driP7+Q=="): Text ****** has been set on object 'Object Repository/Login/input_CLAVE_loginpassword'

2022-03-29 18:57:05 - [MESSAGE][PASSED] - Text ****** has been set on object 'Object Repository/Login/input_CLAVE_loginpassword'

2022-03-29 18:57:05 - [TEST_STEP][PASSED] - waitForElementClickable(findTestObject("Login/a_Ingresar"), G_TimeOut): Object 'Object Repository/Login/a_Ingresar' is clickable

2022-03-29 18:57:06 - [MESSAGE][PASSED] - Object 'Object Repository/Login/a_Ingresar' is clickable

2022-03-29 18:57:06 - [TEST_STEP][PASSED] - click(findTestObject("Login/a_Ingresar")): Object: 'Object Repository/Login/a_Ingresar' is clicked on

2022-03-29 18:57:07 - [MESSAGE][PASSED] - Object: 'Object Repository/Login/a_Ingresar' is clicked on

2022-03-29 18:57:07 - [TEST_STEP][PASSED] - element = findWebElement(findTestObject("Login/a_Ir"), 30): null

2022-03-29 18:57:08 - [TEST_STEP][PASSED] - executeJavaScript("arguments[0].click()", Arrays.asList(element)): Execute JavaScript 'arguments[0].click()' successfully

2022-03-29 18:57:08 - [MESSAGE][PASSED] - Execute JavaScript 'arguments[0].click()' successfully

2022-03-29 18:57:08 - [MESSAGE][PASSED] - Call Test Case 'Test Cases/0.1-Login' successfully

2022-03-29 18:57:08 - [TEST_STEP][PASSED] - setText(findTestObject("Modulo Control Evento Capacitacion/input_ADMINISTRADOR DEL SISTEMA - SARA_form_templatej_idt24_input"), "Control Evento"): Text 'Control Evento' is set on object 'Object Repository/Modulo Control Evento Capacitacion/input_ADMINISTRADOR DEL SISTEMA - SARA_form_templatej_idt24_input'

2022-03-29 18:57:09 - [MESSAGE][PASSED] - Text 'Control Evento' is set on object 'Object Repository/Modulo Control Evento Capacitacion/input_ADMINISTRADOR DEL SISTEMA - SARA_form_templatej_idt24_input'

2022-03-29 18:57:09 - [TEST_STEP][PASSED] - click(findTestObject("Modulo Control Evento Capacitacion/li_Control Evento Capacitacion (cap)")): Object: 'Object Repository/Modulo Control Evento Capacitacion/li_Control Evento Capacitacion (cap)' is clicked on

2022-03-29 18:57:10 - [MESSAGE][PASSED] - Object: 'Object Repository/Modulo Control Evento Capacitacion/li_Control Evento Capacitacion (cap)' is clicked on

2022-03-29 18:57:10 - [MESSAGE][PASSED] - Call Test Case 'Test Cases/Utilidades-(atajos_para _tareas)/Modulos/Modulo Control Evento Capacitacion' successfully

2022-03-29 18:57:10 - [TEST_STEP][PASSED] - click(findTestObject("M-OBJECTS TAREAS SECUNDARIAS/Pruebas capacitacion/Programar_un_evento/td_Prueba")): Object: 'Object Repository/M-OBJECTS TAREAS SECUNDARIAS/Pruebas capacitacion/Programar_un_evento/td_Prueba' is clicked on

2022-03-29 18:57:12 - [MESSAGE][PASSED] - Object: 'Object Repository/M-OBJECTS TAREAS SECUNDARIAS/Pruebas capacitacion/Programar_un_evento/td_Prueba' is clicked on

2022-03-29 18:57:12 - [TEST_STEP][PASSED] - click(findTestObject("M-OBJECTS TAREAS SECUNDARIAS/Pruebas capacitacion/Programar_un_evento/div_Programacin")): Object: 'Object Repository/M-OBJECTS TAREAS SECUNDARIAS/Pruebas capacitacion/Programar_un_evento/div_Programacin' is clicked on

2022-03-29 18:57:13 - [MESSAGE][PASSED] - Object: 'Object Repository/M-OBJECTS TAREAS SECUNDARIAS/Pruebas capacitacion/Programar_un_evento/div_Programacin' is clicked on

2022-03-29 18:57:13 - [TEST_STEP][PASSED] - click(findTestObject("M-OBJECTS TAREAS SECUNDARIAS/Pruebas capacitacion/Programar_un_evento/a_Programacin")): Object: 'Object Repository/M-OBJECTS TAREAS SECUNDARIAS/Pruebas capacitacion/Programar_un_evento/a_Programacin' is clicked on

2022-03-29 18:57:13 - [MESSAGE][PASSED] - Object: 'Object Repository/M-OBJECTS TAREAS SECUNDARIAS/Pruebas capacitacion/Programar_un_evento/a_Programacin' is clicked on

2022-03-29 18:57:13 - [TEST_STEP][PASSED] - if (waitForElementVisible(findTestObject("M-OBJECTS TAREAS SECUNDARIAS/Pruebas capacitacion/Programar_un_evento/td_24122021"), 1)): Object 'Object Repository/M-OBJECTS TAREAS SECUNDARIAS/Pruebas capacitacion/Programar_un_evento/td_24122021' is not visible after 1 second(s)

2022-03-29 18:57:15 - [MESSAGE][WARNING] - Object 'Object Repository/M-OBJECTS TAREAS SECUNDARIAS/Pruebas capacitacion/Programar_un_evento/td_24122021' is not visible after 1 second(s)

2022-03-29 18:57:15 - [TEST_STEP][PASSED] - click(findTestObject("M-OBJECTS TAREAS SECUNDARIAS/Pruebas capacitacion/Programar_un_evento/a_Nuevo")): Object: 'Object Repository/M-OBJECTS TAREAS SECUNDARIAS/Pruebas capacitacion/Programar_un_evento/a_Nuevo' is clicked on

2022-03-29 18:57:16 - [MESSAGE][PASSED] - Object: 'Object Repository/M-OBJECTS TAREAS SECUNDARIAS/Pruebas capacitacion/Programar_un_evento/a_Nuevo' is clicked on

2022-03-29 18:57:16 - [TEST_STEP][PASSED] - setText(findTestObject("M-OBJECTS TAREAS SECUNDARIAS/Pruebas capacitacion/Programar_un_evento/input_Das_diaeventoPopup_formdia_input"), "24/12/2021"): Text '24/12/2021' is set on object 'Object Repository/M-OBJECTS TAREAS SECUNDARIAS/Pruebas capacitacion/Programar_un_evento/input_Das_diaeventoPopup_formdia_input'

2022-03-29 18:57:17 - [MESSAGE][PASSED] - Text '24/12/2021' is set on object 'Object Repository/M-OBJECTS TAREAS SECUNDARIAS/Pruebas capacitacion/Programar_un_evento/input_Das_diaeventoPopup_formdia_input'

2022-03-29 18:57:17 - [TEST_STEP][PASSED] - sendKeys(findTestObject("M-OBJECTS TAREAS SECUNDARIAS/Pruebas capacitacion/Programar_un_evento/input_Das_diaeventoPopup_formdia_input"), Keys.chord(ESCAPE)): Keys 'ESCAPE + ' sent to object: 'Object Repository/M-OBJECTS TAREAS SECUNDARIAS/Pruebas capacitacion/Programar_un_evento/input_Das_diaeventoPopup_formdia_input'

2022-03-29 18:57:18 - [MESSAGE][PASSED] - Keys 'ESCAPE + ' sent to object: 'Object Repository/M-OBJECTS TAREAS SECUNDARIAS/Pruebas capacitacion/Programar_un_evento/input_Das_diaeventoPopup_formdia_input'

2022-03-29 18:57:18 - [TEST_STEP][PASSED] - selectOptionByIndex(findTestObject("M-OBJECTS TAREAS SECUNDARIAS/Pruebas capacitacion/Programar_un_evento/select_010203040506070809101112_1"), 0): All options with index in [0] are selected on object 'Object Repository/M-OBJECTS TAREAS SECUNDARIAS/Pruebas capacitacion/Programar_un_evento/select_010203040506070809101112_1'

2022-03-29 18:57:19 - [MESSAGE][PASSED] - All options with index in [0] are selected on object 'Object Repository/M-OBJECTS TAREAS SECUNDARIAS/Pruebas capacitacion/Programar_un_evento/select_010203040506070809101112_1'

2022-03-29 18:57:19 - [TEST_STEP][PASSED] - selectOptionByIndex(findTestObject("M-OBJECTS TAREAS SECUNDARIAS/Pruebas capacitacion/Programar_un_evento/select_00153045_1"), 2): All options with index in [2] are selected on object 'Object Repository/M-OBJECTS TAREAS SECUNDARIAS/Pruebas capacitacion/Programar_un_evento/select_00153045_1'

2022-03-29 18:57:20 - [MESSAGE][PASSED] - All options with index in [2] are selected on object 'Object Repository/M-OBJECTS TAREAS SECUNDARIAS/Pruebas capacitacion/Programar_un_evento/select_00153045_1'

2022-03-29 18:57:20 - [TEST_STEP][PASSED] - selectOptionByIndex(findTestObject("M-OBJECTS TAREAS SECUNDARIAS/Pruebas capacitacion/Programar_un_evento/select_AMPM_1"), 1): All options with index in [1] are selected on object 'Object Repository/M-OBJECTS TAREAS SECUNDARIAS/Pruebas capacitacion/Programar_un_evento/select_AMPM_1'

2022-03-29 18:57:21 - [MESSAGE][PASSED] - All options with index in [1] are selected on object 'Object Repository/M-OBJECTS TAREAS SECUNDARIAS/Pruebas capacitacion/Programar_un_evento/select_AMPM_1'

2022-03-29 18:57:21 - [TEST_STEP][PASSED] - selectOptionByIndex(findTestObject("M-OBJECTS TAREAS SECUNDARIAS/Pruebas capacitacion/Programar_un_evento/select_010203040506070809101112_2"), 2): All options with index in [2] are selected on object 'Object Repository/M-OBJECTS TAREAS SECUNDARIAS/Pruebas capacitacion/Programar_un_evento/select_010203040506070809101112_2'

2022-03-29 18:57:22 - [MESSAGE][PASSED] - All options with index in [2] are selected on object 'Object Repository/M-OBJECTS TAREAS SECUNDARIAS/Pruebas capacitacion/Programar_un_evento/select_010203040506070809101112_2'

2022-03-29 18:57:22 - [TEST_STEP][PASSED] - selectOptionByIndex(findTestObject("M-OBJECTS TAREAS SECUNDARIAS/Pruebas capacitacion/Programar_un_evento/select_00153045_2"), 3): All options with index in [3] are selected on object 'Object Repository/M-OBJECTS TAREAS SECUNDARIAS/Pruebas capacitacion/Programar_un_evento/select_00153045_2'

2022-03-29 18:57:24 - [MESSAGE][PASSED] - All options with index in [3] are selected on object 'Object Repository/M-OBJECTS TAREAS SECUNDARIAS/Pruebas capacitacion/Programar_un_evento/select_00153045_2'

2022-03-29 18:57:24 - [TEST_STEP][PASSED] - selectOptionByIndex(findTestObject("M-OBJECTS TAREAS SECUNDARIAS/Pruebas capacitacion/Programar_un_evento/select_AMPM_2"), 1): All options with index in [1] are selected on object 'Object Repository/M-OBJECTS TAREAS SECUNDARIAS/Pruebas capacitacion/Programar_un_evento/select_AMPM_2'

2022-03-29 18:57:25 - [MESSAGE][PASSED] - All options with index in [1] are selected on object 'Object Repository/M-OBJECTS TAREAS SECUNDARIAS/Pruebas capacitacion/Programar_un_evento/select_AMPM_2'

2022-03-29 18:57:25 - [TEST_STEP][PASSED] - selectOptionByIndex(findTestObject("M-OBJECTS TAREAS SECUNDARIAS/Pruebas capacitacion/Programar_un_evento/select_SeleccionePrueba"), 1): All options with index in [1] are selected on object 'Object Repository/M-OBJECTS TAREAS SECUNDARIAS/Pruebas capacitacion/Programar_un_evento/select_SeleccionePrueba'

2022-03-29 18:57:26 - [MESSAGE][PASSED] - All options with index in [1] are selected on object 'Object Repository/M-OBJECTS TAREAS SECUNDARIAS/Pruebas capacitacion/Programar_un_evento/select_SeleccionePrueba'

2022-03-29 18:57:26 - [TEST_STEP][PASSED] - selectOptionByIndex(findTestObject("M-OBJECTS TAREAS SECUNDARIAS/Pruebas capacitacion/Programar_un_evento/select_SeleccioneAula InteligenteSala de JuntasSalon ExternoSalon Principal"), 4): All options with index in [4] are selected on object 'Object Repository/M-OBJECTS TAREAS SECUNDARIAS/Pruebas capacitacion/Programar_un_evento/select_SeleccioneAula InteligenteSala de JuntasSalon ExternoSalon Principal'

2022-03-29 18:57:28 - [MESSAGE][PASSED] - All options with index in [4] are selected on object 'Object Repository/M-OBJECTS TAREAS SECUNDARIAS/Pruebas capacitacion/Programar_un_evento/select_SeleccioneAula InteligenteSala de JuntasSalon ExternoSalon Principal'

2022-03-29 18:57:28 - [TEST_STEP][PASSED] - selectOptionByIndex(findTestObject("M-OBJECTS TAREAS SECUNDARIAS/Pruebas capacitacion/Programar_un_evento/select_SeleccionePRUEBA DE MODULO"), 1): All options with index in [1] are selected on object 'Object Repository/M-OBJECTS TAREAS SECUNDARIAS/Pruebas capacitacion/Programar_un_evento/select_SeleccionePRUEBA DE MODULO'

2022-03-29 18:57:29 - [MESSAGE][PASSED] - All options with index in [1] are selected on object 'Object Repository/M-OBJECTS TAREAS SECUNDARIAS/Pruebas capacitacion/Programar_un_evento/select_SeleccionePRUEBA DE MODULO'

2022-03-29 18:57:29 - [TEST_STEP][PASSED] - selectOptionByIndex(findTestObject("M-OBJECTS TAREAS SECUNDARIAS/Pruebas capacitacion/Programar_un_evento/select_Seleccione23913781ALMANZA ROSAS SILVISGUISELLGUTIERREZ ALVAREZ FERNANDA LUCIA"), 1): All options with index in [1] are selected on object 'Object Repository/M-OBJECTS TAREAS SECUNDARIAS/Pruebas capacitacion/Programar_un_evento/select_Seleccione23913781ALMANZA ROSAS SILVISGUISELLGUTIERREZ ALVAREZ FERNANDA LUCIA'

2022-03-29 18:57:30 - [MESSAGE][PASSED] - All options with index in [1] are selected on object 'Object Repository/M-OBJECTS TAREAS SECUNDARIAS/Pruebas capacitacion/Programar_un_evento/select_Seleccione23913781ALMANZA ROSAS SILVISGUISELLGUTIERREZ ALVAREZ FERNANDA LUCIA'

2022-03-29 18:57:30 - [TEST_STEP][PASSED] - click(findTestObject("M-OBJECTS TAREAS SECUNDARIAS/Pruebas capacitacion/Programar_un_evento/a_Guardar")): Object: 'Object Repository/M-OBJECTS TAREAS SECUNDARIAS/Pruebas capacitacion/Programar_un_evento/a_Guardar' is clicked on

2022-03-29 18:57:31 - [MESSAGE][PASSED] - Object: 'Object Repository/M-OBJECTS TAREAS SECUNDARIAS/Pruebas capacitacion/Programar_un_evento/a_Guardar' is clicked on]]></system-out>
         <system-err><![CDATA[]]></system-err>
      </testcase>
      <testcase name="Test Cases/1.2-Tareas_Secundarias/4.1-Pruebas_Capacitación/4.2.2-Programar_una_Evaluación_de_un_evento" time="65.133" classname="Test Cases/1.2-Tareas_Secundarias/4.1-Pruebas_Capacitación/4.2.2-Programar_una_Evaluación_de_un_evento" status="FAILED">
         <failure type="FAILED" message="Test Cases/1.2-Tareas_Secundarias/4.1-Pruebas_Capacitación/4.2.2-Programar_una_Evaluación_de_un_evento FAILED.
Reason:
com.kms.katalon.core.exception.StepFailedException: Unable to check object 'Object Repository/M-OBJECTS TAREAS SECUNDARIAS/Pruebas capacitacion/Programar_una_Evaluación_de_un_evento/div_Grupo_ui-chkbox-box ui-widget ui-corner-all ui-state-default ui-state-hover'
	at com.kms.katalon.core.webui.keyword.internal.WebUIKeywordMain.stepFailed(WebUIKeywordMain.groovy:64)
	at com.kms.katalon.core.webui.keyword.internal.WebUIKeywordMain.runKeyword(WebUIKeywordMain.groovy:26)
	at com.kms.katalon.core.webui.keyword.builtin.CheckKeyword.check(CheckKeyword.groovy:88)
	at com.kms.katalon.core.webui.keyword.builtin.CheckKeyword.execute(CheckKeyword.groovy:67)
	at com.kms.katalon.core.keyword.internal.KeywordExecutor.executeKeywordForPlatform(KeywordExecutor.groovy:74)
	at com.kms.katalon.core.webui.keyword.WebUiBuiltInKeywords.check(WebUiBuiltInKeywords.groovy:1069)
	at com.kms.katalon.core.webui.keyword.WebUiBuiltInKeywords$check$19.call(Unknown Source)
	at 4.2.2-Programar_una_Evaluación_de_un_evento.run(4.2.2-Programar_una_Evaluación_de_un_evento:46)
	at com.kms.katalon.core.main.ScriptEngine.run(ScriptEngine.java:194)
	at com.kms.katalon.core.main.ScriptEngine.runScriptAsRawText(ScriptEngine.java:119)
	at com.kms.katalon.core.main.TestCaseExecutor.runScript(TestCaseExecutor.java:442)
	at com.kms.katalon.core.main.TestCaseExecutor.doExecute(TestCaseExecutor.java:433)
	at com.kms.katalon.core.main.TestCaseExecutor.processExecutionPhase(TestCaseExecutor.java:412)
	at com.kms.katalon.core.main.TestCaseExecutor.accessMainPhase(TestCaseExecutor.java:404)
	at com.kms.katalon.core.main.TestCaseExecutor.execute(TestCaseExecutor.java:281)
	at com.kms.katalon.core.main.TestSuiteExecutor.accessTestCaseMainPhase(TestSuiteExecutor.java:202)
	at com.kms.katalon.core.main.TestSuiteExecutor.accessTestSuiteMainPhase(TestSuiteExecutor.java:164)
	at com.kms.katalon.core.main.TestSuiteExecutor.execute(TestSuiteExecutor.java:105)
	at com.kms.katalon.core.main.TestCaseMain.startTestSuite(TestCaseMain.java:185)
	at com.kms.katalon.core.main.TestCaseMain$startTestSuite$0.call(Unknown Source)
	at TempTestSuite1648594435047.run(TempTestSuite1648594435047.groovy:36)
Caused by: com.kms.katalon.core.webui.exception.WebElementNotFoundException: Web element with id: 'Object Repository/M-OBJECTS TAREAS SECUNDARIAS/Pruebas capacitacion/Programar_una_Evaluación_de_un_evento/div_Grupo_ui-chkbox-box ui-widget ui-corner-all ui-state-default ui-state-hover' located by '//td/div/div/table/tbody/tr/td/div/div[2]' not found
	at com.kms.katalon.core.webui.common.WebUiCommonHelper.findWebElement(WebUiCommonHelper.java:1370)
	at com.kms.katalon.core.webui.keyword.internal.WebUIAbstractKeyword.findWebElement(WebUIAbstractKeyword.groovy:27)
	at com.kms.katalon.core.webui.keyword.internal.WebUIAbstractKeyword.findWebElement(WebUIAbstractKeyword.groovy:26)
	at com.kms.katalon.core.webui.keyword.builtin.CheckKeyword$_check_closure1.doCall(CheckKeyword.groovy:77)
	at com.kms.katalon.core.webui.keyword.builtin.CheckKeyword$_check_closure1.call(CheckKeyword.groovy)
	at com.kms.katalon.core.webui.keyword.internal.WebUIKeywordMain.runKeyword(WebUIKeywordMain.groovy:20)
	... 19 more
"/>
         <system-out><![CDATA[2022-03-29 18:57:31 - [TEST_CASE][FAILED] - Test Cases/1.2-Tareas_Secundarias/4.1-Pruebas_Capacitación/4.2.2-Programar_una_Evaluación_de_un_evento: Test Cases/1.2-Tareas_Secundarias/4.1-Pruebas_Capacitación/4.2.2-Programar_una_Evaluación_de_un_evento FAILED.
Reason:
com.kms.katalon.core.exception.StepFailedException: Unable to check object 'Object Repository/M-OBJECTS TAREAS SECUNDARIAS/Pruebas capacitacion/Programar_una_Evaluación_de_un_evento/div_Grupo_ui-chkbox-box ui-widget ui-corner-all ui-state-default ui-state-hover'
	at com.kms.katalon.core.webui.keyword.internal.WebUIKeywordMain.stepFailed(WebUIKeywordMain.groovy:64)
	at com.kms.katalon.core.webui.keyword.internal.WebUIKeywordMain.runKeyword(WebUIKeywordMain.groovy:26)
	at com.kms.katalon.core.webui.keyword.builtin.CheckKeyword.check(CheckKeyword.groovy:88)
	at com.kms.katalon.core.webui.keyword.builtin.CheckKeyword.execute(CheckKeyword.groovy:67)
	at com.kms.katalon.core.keyword.internal.KeywordExecutor.executeKeywordForPlatform(KeywordExecutor.groovy:74)
	at com.kms.katalon.core.webui.keyword.WebUiBuiltInKeywords.check(WebUiBuiltInKeywords.groovy:1069)
	at com.kms.katalon.core.webui.keyword.WebUiBuiltInKeywords$check$19.call(Unknown Source)
	at 4.2.2-Programar_una_Evaluación_de_un_evento.run(4.2.2-Programar_una_Evaluación_de_un_evento:46)
	at com.kms.katalon.core.main.ScriptEngine.run(ScriptEngine.java:194)
	at com.kms.katalon.core.main.ScriptEngine.runScriptAsRawText(ScriptEngine.java:119)
	at com.kms.katalon.core.main.TestCaseExecutor.runScript(TestCaseExecutor.java:442)
	at com.kms.katalon.core.main.TestCaseExecutor.doExecute(TestCaseExecutor.java:433)
	at com.kms.katalon.core.main.TestCaseExecutor.processExecutionPhase(TestCaseExecutor.java:412)
	at com.kms.katalon.core.main.TestCaseExecutor.accessMainPhase(TestCaseExecutor.java:404)
	at com.kms.katalon.core.main.TestCaseExecutor.execute(TestCaseExecutor.java:281)
	at com.kms.katalon.core.main.TestSuiteExecutor.accessTestCaseMainPhase(TestSuiteExecutor.java:202)
	at com.kms.katalon.core.main.TestSuiteExecutor.accessTestSuiteMainPhase(TestSuiteExecutor.java:164)
	at com.kms.katalon.core.main.TestSuiteExecutor.execute(TestSuiteExecutor.java:105)
	at com.kms.katalon.core.main.TestCaseMain.startTestSuite(TestCaseMain.java:185)
	at com.kms.katalon.core.main.TestCaseMain$startTestSuite$0.call(Unknown Source)
	at TempTestSuite1648594435047.run(TempTestSuite1648594435047.groovy:36)
Caused by: com.kms.katalon.core.webui.exception.WebElementNotFoundException: Web element with id: 'Object Repository/M-OBJECTS TAREAS SECUNDARIAS/Pruebas capacitacion/Programar_una_Evaluación_de_un_evento/div_Grupo_ui-chkbox-box ui-widget ui-corner-all ui-state-default ui-state-hover' located by '//td/div/div/table/tbody/tr/td/div/div[2]' not found
	at com.kms.katalon.core.webui.common.WebUiCommonHelper.findWebElement(WebUiCommonHelper.java:1370)
	at com.kms.katalon.core.webui.keyword.internal.WebUIAbstractKeyword.findWebElement(WebUIAbstractKeyword.groovy:27)
	at com.kms.katalon.core.webui.keyword.internal.WebUIAbstractKeyword.findWebElement(WebUIAbstractKeyword.groovy:26)
	at com.kms.katalon.core.webui.keyword.builtin.CheckKeyword$_check_closure1.doCall(CheckKeyword.groovy:77)
	at com.kms.katalon.core.webui.keyword.builtin.CheckKeyword$_check_closure1.call(CheckKeyword.groovy)
	at com.kms.katalon.core.webui.keyword.internal.WebUIKeywordMain.runKeyword(WebUIKeywordMain.groovy:20)
	... 19 more


2022-03-29 18:57:31 - [TEST_STEP][PASSED] - callTestCase(findTestCase("Utilidades-(atajos_para _tareas)/Modulos/Modulo Control Evento Capacitacion"), [:], STOP_ON_FAILURE): Call Test Case 'Test Cases/Utilidades-(atajos_para _tareas)/Modulos/Modulo Control Evento Capacitacion' successfully

2022-03-29 18:57:31 - [TEST_CASE][PASSED] - Test Cases/Utilidades-(atajos_para _tareas)/Modulos/Modulo Control Evento Capacitacion: Test Cases/Utilidades-(atajos_para _tareas)/Modulos/Modulo Control Evento Capacitacion

2022-03-29 18:57:31 - [TEST_STEP][PASSED] - callTestCase(findTestCase("0.1-Login"), [:], STOP_ON_FAILURE): Call Test Case 'Test Cases/0.1-Login' successfully

2022-03-29 18:57:31 - [TEST_CASE][PASSED] - Test Cases/0.1-Login: Test Cases/0.1-Login

2022-03-29 18:57:31 - [TEST_STEP][PASSED] - openBrowser(""): Browser is opened with url: ''

2022-03-29 18:57:31 - [MESSAGE][WARNING] - A browser is already opened. Closing browser and opening a new one

2022-03-29 18:57:32 - [MESSAGE][INFO] - Starting 'Chrome' driver

2022-03-29 18:57:32 - [MESSAGE][INFO] - Action delay is set to 50 milliseconds

2022-03-29 18:57:33 - [MESSAGE][PASSED] - Browser is opened with url: ''

2022-03-29 18:57:33 - [TEST_STEP][PASSED] - maximizeWindow(): Current window maximized

2022-03-29 18:57:33 - [MESSAGE][PASSED] - Current window maximized

2022-03-29 18:57:33 - [TEST_STEP][PASSED] - i = G_Login: null

2022-03-29 18:57:33 - [TEST_STEP][PASSED] - url = new java.net.URL(i): null

2022-03-29 18:57:33 - [TEST_STEP][PASSED] - println("URL: " + url.toString()): null

2022-03-29 18:57:33 - [TEST_STEP][PASSED] - connection = url.openConnection(): null

2022-03-29 18:57:33 - [TEST_STEP][PASSED] - connection.setRequestMethod("GET"): null

2022-03-29 18:57:33 - [TEST_STEP][PASSED] - connection.setReadTimeout(2 * 1000): null

2022-03-29 18:57:33 - [TEST_STEP][PASSED] - try: null

2022-03-29 18:57:33 - [TEST_STEP][PASSED] - connection.connect(): null

2022-03-29 18:57:33 - [TEST_STEP][PASSED] - flag = connected: null

2022-03-29 18:57:33 - [TEST_STEP][PASSED] - println("Valor_ori: " + flag): null

2022-03-29 18:57:33 - [TEST_STEP][PASSED] - if (flag): null

2022-03-29 18:57:33 - [TEST_STEP][PASSED] - navigateToUrl(i): Navigate to 'http://192.168.2.19:8380/saraweb' successfully

2022-03-29 18:57:34 - [MESSAGE][PASSED] - Navigate to 'http://192.168.2.19:8380/saraweb' successfully

2022-03-29 18:57:34 - [TEST_STEP][PASSED] - a(): null

2022-03-29 18:57:34 - [TEST_STEP][PASSED] - setText(findTestObject("Login/input_USUARIO_loginusuario"), G_Usuario): Text 'saraadmin' is set on object 'Object Repository/Login/input_USUARIO_loginusuario'

2022-03-29 18:57:35 - [MESSAGE][PASSED] - Text 'saraadmin' is set on object 'Object Repository/Login/input_USUARIO_loginusuario'

2022-03-29 18:57:35 - [TEST_STEP][PASSED] - setEncryptedText(findTestObject("Login/input_CLAVE_loginpassword"), "MkG4/TYiCFC3cb2driP7+Q=="): Text ****** has been set on object 'Object Repository/Login/input_CLAVE_loginpassword'

2022-03-29 18:57:35 - [MESSAGE][PASSED] - Text ****** has been set on object 'Object Repository/Login/input_CLAVE_loginpassword'

2022-03-29 18:57:35 - [TEST_STEP][PASSED] - waitForElementClickable(findTestObject("Login/a_Ingresar"), G_TimeOut): Object 'Object Repository/Login/a_Ingresar' is clickable

2022-03-29 18:57:36 - [MESSAGE][PASSED] - Object 'Object Repository/Login/a_Ingresar' is clickable

2022-03-29 18:57:36 - [TEST_STEP][PASSED] - click(findTestObject("Login/a_Ingresar")): Object: 'Object Repository/Login/a_Ingresar' is clicked on

2022-03-29 18:57:37 - [MESSAGE][PASSED] - Object: 'Object Repository/Login/a_Ingresar' is clicked on

2022-03-29 18:57:37 - [TEST_STEP][PASSED] - element = findWebElement(findTestObject("Login/a_Ir"), 30): null

2022-03-29 18:57:38 - [TEST_STEP][PASSED] - executeJavaScript("arguments[0].click()", Arrays.asList(element)): Execute JavaScript 'arguments[0].click()' successfully

2022-03-29 18:57:38 - [MESSAGE][PASSED] - Execute JavaScript 'arguments[0].click()' successfully

2022-03-29 18:57:38 - [MESSAGE][PASSED] - Call Test Case 'Test Cases/0.1-Login' successfully

2022-03-29 18:57:38 - [TEST_STEP][PASSED] - setText(findTestObject("Modulo Control Evento Capacitacion/input_ADMINISTRADOR DEL SISTEMA - SARA_form_templatej_idt24_input"), "Control Evento"): Text 'Control Evento' is set on object 'Object Repository/Modulo Control Evento Capacitacion/input_ADMINISTRADOR DEL SISTEMA - SARA_form_templatej_idt24_input'

2022-03-29 18:57:39 - [MESSAGE][PASSED] - Text 'Control Evento' is set on object 'Object Repository/Modulo Control Evento Capacitacion/input_ADMINISTRADOR DEL SISTEMA - SARA_form_templatej_idt24_input'

2022-03-29 18:57:39 - [TEST_STEP][PASSED] - click(findTestObject("Modulo Control Evento Capacitacion/li_Control Evento Capacitacion (cap)")): Object: 'Object Repository/Modulo Control Evento Capacitacion/li_Control Evento Capacitacion (cap)' is clicked on

2022-03-29 18:57:40 - [MESSAGE][PASSED] - Object: 'Object Repository/Modulo Control Evento Capacitacion/li_Control Evento Capacitacion (cap)' is clicked on

2022-03-29 18:57:40 - [MESSAGE][PASSED] - Call Test Case 'Test Cases/Utilidades-(atajos_para _tareas)/Modulos/Modulo Control Evento Capacitacion' successfully

2022-03-29 18:57:40 - [TEST_STEP][PASSED] - click(findTestObject("M-OBJECTS TAREAS SECUNDARIAS/Pruebas capacitacion/Programar_una_Evaluación_de_un_evento/td_Prueba")): Object: 'Object Repository/M-OBJECTS TAREAS SECUNDARIAS/Pruebas capacitacion/Programar_una_Evaluación_de_un_evento/td_Prueba' is clicked on

2022-03-29 18:57:42 - [MESSAGE][PASSED] - Object: 'Object Repository/M-OBJECTS TAREAS SECUNDARIAS/Pruebas capacitacion/Programar_una_Evaluación_de_un_evento/td_Prueba' is clicked on

2022-03-29 18:57:42 - [TEST_STEP][PASSED] - click(findTestObject("M-OBJECTS TAREAS SECUNDARIAS/Pruebas capacitacion/Programar_una_Evaluación_de_un_evento/div_Evaluacin")): Object: 'Object Repository/M-OBJECTS TAREAS SECUNDARIAS/Pruebas capacitacion/Programar_una_Evaluación_de_un_evento/div_Evaluacin' is clicked on

2022-03-29 18:57:43 - [MESSAGE][PASSED] - Object: 'Object Repository/M-OBJECTS TAREAS SECUNDARIAS/Pruebas capacitacion/Programar_una_Evaluación_de_un_evento/div_Evaluacin' is clicked on

2022-03-29 18:57:43 - [TEST_STEP][PASSED] - click(findTestObject("M-OBJECTS TAREAS SECUNDARIAS/Pruebas capacitacion/Programar_una_Evaluación_de_un_evento/a_Evento")): Object: 'Object Repository/M-OBJECTS TAREAS SECUNDARIAS/Pruebas capacitacion/Programar_una_Evaluación_de_un_evento/a_Evento' is clicked on

2022-03-29 18:57:43 - [MESSAGE][PASSED] - Object: 'Object Repository/M-OBJECTS TAREAS SECUNDARIAS/Pruebas capacitacion/Programar_una_Evaluación_de_un_evento/a_Evento' is clicked on

2022-03-29 18:57:43 - [TEST_STEP][PASSED] - if (waitForElementPresent(findTestObject("M-OBJECTS TAREAS SECUNDARIAS/Pruebas capacitacion/Programar_una_Evaluación_de_un_evento/td_Encuesta De Satisfaccion Capacitacion"), 1)): Object 'Object Repository/M-OBJECTS TAREAS SECUNDARIAS/Pruebas capacitacion/Programar_una_Evaluación_de_un_evento/td_Encuesta De Satisfaccion Capacitacion' is not present after 1 second(s)

2022-03-29 18:57:45 - [MESSAGE][INFO] - Unable to find the element located by 'By.xpath: //*/text()[normalize-space(.)='Encuesta De Satisfaccion Capacitacion']/parent::*'. Please recheck the objects properties to make sure the desired element is located. 

2022-03-29 18:57:45 - [MESSAGE][WARNING] - Object 'Object Repository/M-OBJECTS TAREAS SECUNDARIAS/Pruebas capacitacion/Programar_una_Evaluación_de_un_evento/td_Encuesta De Satisfaccion Capacitacion' is not present after 1 second(s)

2022-03-29 18:57:45 - [TEST_STEP][PASSED] - click(findTestObject("M-OBJECTS TAREAS SECUNDARIAS/Pruebas capacitacion/Programar_una_Evaluación_de_un_evento/a_Programar")): Object: 'Object Repository/M-OBJECTS TAREAS SECUNDARIAS/Pruebas capacitacion/Programar_una_Evaluación_de_un_evento/a_Programar' is clicked on

2022-03-29 18:57:46 - [MESSAGE][PASSED] - Object: 'Object Repository/M-OBJECTS TAREAS SECUNDARIAS/Pruebas capacitacion/Programar_una_Evaluación_de_un_evento/a_Programar' is clicked on

2022-03-29 18:57:46 - [TEST_STEP][PASSED] - selectOptionByIndex(findTestObject("M-OBJECTS TAREAS SECUNDARIAS/Pruebas capacitacion/Programar_una_Evaluación_de_un_evento/select_SeleccioneENCUESTA DE SATISFACCION CAPACITACION"), 0): All options with index in [0] are selected on object 'Object Repository/M-OBJECTS TAREAS SECUNDARIAS/Pruebas capacitacion/Programar_una_Evaluación_de_un_evento/select_SeleccioneENCUESTA DE SATISFACCION CAPACITACION'

2022-03-29 18:57:48 - [MESSAGE][PASSED] - All options with index in [0] are selected on object 'Object Repository/M-OBJECTS TAREAS SECUNDARIAS/Pruebas capacitacion/Programar_una_Evaluación_de_un_evento/select_SeleccioneENCUESTA DE SATISFACCION CAPACITACION'

2022-03-29 18:57:48 - [TEST_STEP][PASSED] - selectOptionByIndex(findTestObject("M-OBJECTS TAREAS SECUNDARIAS/Pruebas capacitacion/Programar_una_Evaluación_de_un_evento/select_SeleccioneACEPTADOFINALIZADOINSCRITONO ACEPTADONO APROBADONO ASISTIO"), 3): All options with index in [3] are selected on object 'Object Repository/M-OBJECTS TAREAS SECUNDARIAS/Pruebas capacitacion/Programar_una_Evaluación_de_un_evento/select_SeleccioneACEPTADOFINALIZADOINSCRITONO ACEPTADONO APROBADONO ASISTIO'

2022-03-29 18:57:49 - [MESSAGE][PASSED] - All options with index in [3] are selected on object 'Object Repository/M-OBJECTS TAREAS SECUNDARIAS/Pruebas capacitacion/Programar_una_Evaluación_de_un_evento/select_SeleccioneACEPTADOFINALIZADOINSCRITONO ACEPTADONO APROBADONO ASISTIO'

2022-03-29 18:57:49 - [TEST_STEP][FAILED] - check(findTestObject("M-OBJECTS TAREAS SECUNDARIAS/Pruebas capacitacion/Programar_una_Evaluación_de_un_evento/div_Grupo_ui-chkbox-box ui-widget ui-corner-all ui-state-default ui-state-hover")): Unable to check object 'Object Repository/M-OBJECTS TAREAS SECUNDARIAS/Pruebas capacitacion/Programar_una_Evaluación_de_un_evento/div_Grupo_ui-chkbox-box ui-widget ui-corner-all ui-state-default ui-state-hover' (Root cause: com.kms.katalon.core.exception.StepFailedException: Unable to check object 'Object Repository/M-OBJECTS TAREAS SECUNDARIAS/Pruebas capacitacion/Programar_una_Evaluación_de_un_evento/div_Grupo_ui-chkbox-box ui-widget ui-corner-all ui-state-default ui-state-hover'
	at com.kms.katalon.core.webui.keyword.internal.WebUIKeywordMain.stepFailed(WebUIKeywordMain.groovy:64)
	at com.kms.katalon.core.webui.keyword.internal.WebUIKeywordMain.runKeyword(WebUIKeywordMain.groovy:26)
	at com.kms.katalon.core.webui.keyword.builtin.CheckKeyword.check(CheckKeyword.groovy:88)
	at com.kms.katalon.core.webui.keyword.builtin.CheckKeyword.execute(CheckKeyword.groovy:67)
	at com.kms.katalon.core.keyword.internal.KeywordExecutor.executeKeywordForPlatform(KeywordExecutor.groovy:74)
	at com.kms.katalon.core.webui.keyword.WebUiBuiltInKeywords.check(WebUiBuiltInKeywords.groovy:1069)
	at com.kms.katalon.core.webui.keyword.WebUiBuiltInKeywords$check$19.call(Unknown Source)
	at 4.2.2-Programar_una_Evaluación_de_un_evento.run(4.2.2-Programar_una_Evaluación_de_un_evento:46)
	at com.kms.katalon.core.main.ScriptEngine.run(ScriptEngine.java:194)
	at com.kms.katalon.core.main.ScriptEngine.runScriptAsRawText(ScriptEngine.java:119)
	at com.kms.katalon.core.main.TestCaseExecutor.runScript(TestCaseExecutor.java:442)
	at com.kms.katalon.core.main.TestCaseExecutor.doExecute(TestCaseExecutor.java:433)
	at com.kms.katalon.core.main.TestCaseExecutor.processExecutionPhase(TestCaseExecutor.java:412)
	at com.kms.katalon.core.main.TestCaseExecutor.accessMainPhase(TestCaseExecutor.java:404)
	at com.kms.katalon.core.main.TestCaseExecutor.execute(TestCaseExecutor.java:281)
	at com.kms.katalon.core.main.TestSuiteExecutor.accessTestCaseMainPhase(TestSuiteExecutor.java:202)
	at com.kms.katalon.core.main.TestSuiteExecutor.accessTestSuiteMainPhase(TestSuiteExecutor.java:164)
	at com.kms.katalon.core.main.TestSuiteExecutor.execute(TestSuiteExecutor.java:105)
	at com.kms.katalon.core.main.TestCaseMain.startTestSuite(TestCaseMain.java:185)
	at com.kms.katalon.core.main.TestCaseMain$startTestSuite$0.call(Unknown Source)
	at TempTestSuite1648594435047.run(TempTestSuite1648594435047.groovy:36)
Caused by: com.kms.katalon.core.webui.exception.WebElementNotFoundException: Web element with id: 'Object Repository/M-OBJECTS TAREAS SECUNDARIAS/Pruebas capacitacion/Programar_una_Evaluación_de_un_evento/div_Grupo_ui-chkbox-box ui-widget ui-corner-all ui-state-default ui-state-hover' located by '//td/div/div/table/tbody/tr/td/div/div[2]' not found
	at com.kms.katalon.core.webui.common.WebUiCommonHelper.findWebElement(WebUiCommonHelper.java:1370)
	at com.kms.katalon.core.webui.keyword.internal.WebUIAbstractKeyword.findWebElement(WebUIAbstractKeyword.groovy:27)
	at com.kms.katalon.core.webui.keyword.internal.WebUIAbstractKeyword.findWebElement(WebUIAbstractKeyword.groovy:26)
	at com.kms.katalon.core.webui.keyword.builtin.CheckKeyword$_check_closure1.doCall(CheckKeyword.groovy:77)
	at com.kms.katalon.core.webui.keyword.builtin.CheckKeyword$_check_closure1.call(CheckKeyword.groovy)
	at com.kms.katalon.core.webui.keyword.internal.WebUIKeywordMain.runKeyword(WebUIKeywordMain.groovy:20)
	at com.kms.katalon.core.webui.keyword.builtin.CheckKeyword.check(CheckKeyword.groovy:88)
	at com.kms.katalon.core.webui.keyword.builtin.CheckKeyword.execute(CheckKeyword.groovy:67)
	at com.kms.katalon.core.keyword.internal.KeywordExecutor.executeKeywordForPlatform(KeywordExecutor.groovy:74)
	at com.kms.katalon.core.webui.keyword.WebUiBuiltInKeywords.check(WebUiBuiltInKeywords.groovy:1069)
	at com.kms.katalon.core.webui.keyword.WebUiBuiltInKeywords$check$19.call(Unknown Source)
	at Script1637338874807.run(Script1637338874807.groovy:46)
	... 13 more
)

2022-03-29 18:58:36 - [MESSAGE][INFO] - Unable to find the element located by 'By.xpath: //td/div/div/table/tbody/tr/td/div/div[2]'. Please recheck the objects properties to make sure the desired element is located. 

2022-03-29 18:58:36 - [MESSAGE][FAILED] - Unable to check object 'Object Repository/M-OBJECTS TAREAS SECUNDARIAS/Pruebas capacitacion/Programar_una_Evaluación_de_un_evento/div_Grupo_ui-chkbox-box ui-widget ui-corner-all ui-state-default ui-state-hover' (Root cause: com.kms.katalon.core.exception.StepFailedException: Unable to check object 'Object Repository/M-OBJECTS TAREAS SECUNDARIAS/Pruebas capacitacion/Programar_una_Evaluación_de_un_evento/div_Grupo_ui-chkbox-box ui-widget ui-corner-all ui-state-default ui-state-hover'
	at com.kms.katalon.core.webui.keyword.internal.WebUIKeywordMain.stepFailed(WebUIKeywordMain.groovy:64)
	at com.kms.katalon.core.webui.keyword.internal.WebUIKeywordMain.runKeyword(WebUIKeywordMain.groovy:26)
	at com.kms.katalon.core.webui.keyword.builtin.CheckKeyword.check(CheckKeyword.groovy:88)
	at com.kms.katalon.core.webui.keyword.builtin.CheckKeyword.execute(CheckKeyword.groovy:67)
	at com.kms.katalon.core.keyword.internal.KeywordExecutor.executeKeywordForPlatform(KeywordExecutor.groovy:74)
	at com.kms.katalon.core.webui.keyword.WebUiBuiltInKeywords.check(WebUiBuiltInKeywords.groovy:1069)
	at com.kms.katalon.core.webui.keyword.WebUiBuiltInKeywords$check$19.call(Unknown Source)
	at 4.2.2-Programar_una_Evaluación_de_un_evento.run(4.2.2-Programar_una_Evaluación_de_un_evento:46)
	at com.kms.katalon.core.main.ScriptEngine.run(ScriptEngine.java:194)
	at com.kms.katalon.core.main.ScriptEngine.runScriptAsRawText(ScriptEngine.java:119)
	at com.kms.katalon.core.main.TestCaseExecutor.runScript(TestCaseExecutor.java:442)
	at com.kms.katalon.core.main.TestCaseExecutor.doExecute(TestCaseExecutor.java:433)
	at com.kms.katalon.core.main.TestCaseExecutor.processExecutionPhase(TestCaseExecutor.java:412)
	at com.kms.katalon.core.main.TestCaseExecutor.accessMainPhase(TestCaseExecutor.java:404)
	at com.kms.katalon.core.main.TestCaseExecutor.execute(TestCaseExecutor.java:281)
	at com.kms.katalon.core.main.TestSuiteExecutor.accessTestCaseMainPhase(TestSuiteExecutor.java:202)
	at com.kms.katalon.core.main.TestSuiteExecutor.accessTestSuiteMainPhase(TestSuiteExecutor.java:164)
	at com.kms.katalon.core.main.TestSuiteExecutor.execute(TestSuiteExecutor.java:105)
	at com.kms.katalon.core.main.TestCaseMain.startTestSuite(TestCaseMain.java:185)
	at com.kms.katalon.core.main.TestCaseMain$startTestSuite$0.call(Unknown Source)
	at TempTestSuite1648594435047.run(TempTestSuite1648594435047.groovy:36)
Caused by: com.kms.katalon.core.webui.exception.WebElementNotFoundException: Web element with id: 'Object Repository/M-OBJECTS TAREAS SECUNDARIAS/Pruebas capacitacion/Programar_una_Evaluación_de_un_evento/div_Grupo_ui-chkbox-box ui-widget ui-corner-all ui-state-default ui-state-hover' located by '//td/div/div/table/tbody/tr/td/div/div[2]' not found
	at com.kms.katalon.core.webui.common.WebUiCommonHelper.findWebElement(WebUiCommonHelper.java:1370)
	at com.kms.katalon.core.webui.keyword.internal.WebUIAbstractKeyword.findWebElement(WebUIAbstractKeyword.groovy:27)
	at com.kms.katalon.core.webui.keyword.internal.WebUIAbstractKeyword.findWebElement(WebUIAbstractKeyword.groovy:26)
	at com.kms.katalon.core.webui.keyword.builtin.CheckKeyword$_check_closure1.doCall(CheckKeyword.groovy:77)
	at com.kms.katalon.core.webui.keyword.builtin.CheckKeyword$_check_closure1.call(CheckKeyword.groovy)
	at com.kms.katalon.core.webui.keyword.internal.WebUIKeywordMain.runKeyword(WebUIKeywordMain.groovy:20)
	at com.kms.katalon.core.webui.keyword.builtin.CheckKeyword.check(CheckKeyword.groovy:88)
	at com.kms.katalon.core.webui.keyword.builtin.CheckKeyword.execute(CheckKeyword.groovy:67)
	at com.kms.katalon.core.keyword.internal.KeywordExecutor.executeKeywordForPlatform(KeywordExecutor.groovy:74)
	at com.kms.katalon.core.webui.keyword.WebUiBuiltInKeywords.check(WebUiBuiltInKeywords.groovy:1069)
	at com.kms.katalon.core.webui.keyword.WebUiBuiltInKeywords$check$19.call(Unknown Source)
	at Script1637338874807.run(Script1637338874807.groovy:46)
	... 13 more
)
[[ATTACHMENT|C:\\Users\\diego.rojas\\git\\Pruebas-Minimas\\Reports\\20220329_175344\\Test_Suite_Secundaria\\1-Tareas_secundarias\\20220329_175355\\1648598316026.png]]]]></system-out>
         <system-err><![CDATA[2022-03-29 18:57:31 - [TEST_CASE][FAILED] - Test Cases/1.2-Tareas_Secundarias/4.1-Pruebas_Capacitación/4.2.2-Programar_una_Evaluación_de_un_evento: Test Cases/1.2-Tareas_Secundarias/4.1-Pruebas_Capacitación/4.2.2-Programar_una_Evaluación_de_un_evento FAILED.
Reason:
com.kms.katalon.core.exception.StepFailedException: Unable to check object 'Object Repository/M-OBJECTS TAREAS SECUNDARIAS/Pruebas capacitacion/Programar_una_Evaluación_de_un_evento/div_Grupo_ui-chkbox-box ui-widget ui-corner-all ui-state-default ui-state-hover'
	at com.kms.katalon.core.webui.keyword.internal.WebUIKeywordMain.stepFailed(WebUIKeywordMain.groovy:64)
	at com.kms.katalon.core.webui.keyword.internal.WebUIKeywordMain.runKeyword(WebUIKeywordMain.groovy:26)
	at com.kms.katalon.core.webui.keyword.builtin.CheckKeyword.check(CheckKeyword.groovy:88)
	at com.kms.katalon.core.webui.keyword.builtin.CheckKeyword.execute(CheckKeyword.groovy:67)
	at com.kms.katalon.core.keyword.internal.KeywordExecutor.executeKeywordForPlatform(KeywordExecutor.groovy:74)
	at com.kms.katalon.core.webui.keyword.WebUiBuiltInKeywords.check(WebUiBuiltInKeywords.groovy:1069)
	at com.kms.katalon.core.webui.keyword.WebUiBuiltInKeywords$check$19.call(Unknown Source)
	at 4.2.2-Programar_una_Evaluación_de_un_evento.run(4.2.2-Programar_una_Evaluación_de_un_evento:46)
	at com.kms.katalon.core.main.ScriptEngine.run(ScriptEngine.java:194)
	at com.kms.katalon.core.main.ScriptEngine.runScriptAsRawText(ScriptEngine.java:119)
	at com.kms.katalon.core.main.TestCaseExecutor.runScript(TestCaseExecutor.java:442)
	at com.kms.katalon.core.main.TestCaseExecutor.doExecute(TestCaseExecutor.java:433)
	at com.kms.katalon.core.main.TestCaseExecutor.processExecutionPhase(TestCaseExecutor.java:412)
	at com.kms.katalon.core.main.TestCaseExecutor.accessMainPhase(TestCaseExecutor.java:404)
	at com.kms.katalon.core.main.TestCaseExecutor.execute(TestCaseExecutor.java:281)
	at com.kms.katalon.core.main.TestSuiteExecutor.accessTestCaseMainPhase(TestSuiteExecutor.java:202)
	at com.kms.katalon.core.main.TestSuiteExecutor.accessTestSuiteMainPhase(TestSuiteExecutor.java:164)
	at com.kms.katalon.core.main.TestSuiteExecutor.execute(TestSuiteExecutor.java:105)
	at com.kms.katalon.core.main.TestCaseMain.startTestSuite(TestCaseMain.java:185)
	at com.kms.katalon.core.main.TestCaseMain$startTestSuite$0.call(Unknown Source)
	at TempTestSuite1648594435047.run(TempTestSuite1648594435047.groovy:36)
Caused by: com.kms.katalon.core.webui.exception.WebElementNotFoundException: Web element with id: 'Object Repository/M-OBJECTS TAREAS SECUNDARIAS/Pruebas capacitacion/Programar_una_Evaluación_de_un_evento/div_Grupo_ui-chkbox-box ui-widget ui-corner-all ui-state-default ui-state-hover' located by '//td/div/div/table/tbody/tr/td/div/div[2]' not found
	at com.kms.katalon.core.webui.common.WebUiCommonHelper.findWebElement(WebUiCommonHelper.java:1370)
	at com.kms.katalon.core.webui.keyword.internal.WebUIAbstractKeyword.findWebElement(WebUIAbstractKeyword.groovy:27)
	at com.kms.katalon.core.webui.keyword.internal.WebUIAbstractKeyword.findWebElement(WebUIAbstractKeyword.groovy:26)
	at com.kms.katalon.core.webui.keyword.builtin.CheckKeyword$_check_closure1.doCall(CheckKeyword.groovy:77)
	at com.kms.katalon.core.webui.keyword.builtin.CheckKeyword$_check_closure1.call(CheckKeyword.groovy)
	at com.kms.katalon.core.webui.keyword.internal.WebUIKeywordMain.runKeyword(WebUIKeywordMain.groovy:20)
	... 19 more]]></system-err>
      </testcase>
      <testcase name="Test Cases/1.2-Tareas_Secundarias/4.1-Pruebas_Capacitación/4.2.3-Crear_una_Necesidad_de_Capacitación" time="26.891" classname="Test Cases/1.2-Tareas_Secundarias/4.1-Pruebas_Capacitación/4.2.3-Crear_una_Necesidad_de_Capacitación" status="PASSED">
         <system-out><![CDATA[2022-03-29 18:58:36 - [TEST_CASE][PASSED] - Test Cases/1.2-Tareas_Secundarias/4.1-Pruebas_Capacitación/4.2.3-Crear_una_Necesidad_de_Capacitación: Test Cases/1.2-Tareas_Secundarias/4.1-Pruebas_Capacitación/4.2.3-Crear_una_Necesidad_de_Capacitación

2022-03-29 18:58:36 - [TEST_STEP][PASSED] - callTestCase(findTestCase("0.1-Login"), [:], STOP_ON_FAILURE): Call Test Case 'Test Cases/0.1-Login' successfully

2022-03-29 18:58:36 - [TEST_CASE][PASSED] - Test Cases/0.1-Login: Test Cases/0.1-Login

2022-03-29 18:58:36 - [TEST_STEP][PASSED] - openBrowser(""): Browser is opened with url: ''

2022-03-29 18:58:36 - [MESSAGE][WARNING] - A browser is already opened. Closing browser and opening a new one

2022-03-29 18:58:37 - [MESSAGE][INFO] - Starting 'Chrome' driver

2022-03-29 18:58:37 - [MESSAGE][INFO] - Action delay is set to 50 milliseconds

2022-03-29 18:58:38 - [MESSAGE][PASSED] - Browser is opened with url: ''

2022-03-29 18:58:38 - [TEST_STEP][PASSED] - maximizeWindow(): Current window maximized

2022-03-29 18:58:38 - [MESSAGE][PASSED] - Current window maximized

2022-03-29 18:58:38 - [TEST_STEP][PASSED] - i = G_Login: null

2022-03-29 18:58:38 - [TEST_STEP][PASSED] - url = new java.net.URL(i): null

2022-03-29 18:58:38 - [TEST_STEP][PASSED] - println("URL: " + url.toString()): null

2022-03-29 18:58:38 - [TEST_STEP][PASSED] - connection = url.openConnection(): null

2022-03-29 18:58:38 - [TEST_STEP][PASSED] - connection.setRequestMethod("GET"): null

2022-03-29 18:58:38 - [TEST_STEP][PASSED] - connection.setReadTimeout(2 * 1000): null

2022-03-29 18:58:38 - [TEST_STEP][PASSED] - try: null

2022-03-29 18:58:38 - [TEST_STEP][PASSED] - connection.connect(): null

2022-03-29 18:58:38 - [TEST_STEP][PASSED] - flag = connected: null

2022-03-29 18:58:38 - [TEST_STEP][PASSED] - println("Valor_ori: " + flag): null

2022-03-29 18:58:38 - [TEST_STEP][PASSED] - if (flag): null

2022-03-29 18:58:38 - [TEST_STEP][PASSED] - navigateToUrl(i): Navigate to 'http://192.168.2.19:8380/saraweb' successfully

2022-03-29 18:58:39 - [MESSAGE][PASSED] - Navigate to 'http://192.168.2.19:8380/saraweb' successfully

2022-03-29 18:58:39 - [TEST_STEP][PASSED] - a(): null

2022-03-29 18:58:39 - [TEST_STEP][PASSED] - setText(findTestObject("Login/input_USUARIO_loginusuario"), G_Usuario): Text 'saraadmin' is set on object 'Object Repository/Login/input_USUARIO_loginusuario'

2022-03-29 18:58:40 - [MESSAGE][PASSED] - Text 'saraadmin' is set on object 'Object Repository/Login/input_USUARIO_loginusuario'

2022-03-29 18:58:40 - [TEST_STEP][PASSED] - setEncryptedText(findTestObject("Login/input_CLAVE_loginpassword"), "MkG4/TYiCFC3cb2driP7+Q=="): Text ****** has been set on object 'Object Repository/Login/input_CLAVE_loginpassword'

2022-03-29 18:58:41 - [MESSAGE][PASSED] - Text ****** has been set on object 'Object Repository/Login/input_CLAVE_loginpassword'

2022-03-29 18:58:41 - [TEST_STEP][PASSED] - waitForElementClickable(findTestObject("Login/a_Ingresar"), G_TimeOut): Object 'Object Repository/Login/a_Ingresar' is clickable

2022-03-29 18:58:41 - [MESSAGE][PASSED] - Object 'Object Repository/Login/a_Ingresar' is clickable

2022-03-29 18:58:41 - [TEST_STEP][PASSED] - click(findTestObject("Login/a_Ingresar")): Object: 'Object Repository/Login/a_Ingresar' is clicked on

2022-03-29 18:58:42 - [MESSAGE][PASSED] - Object: 'Object Repository/Login/a_Ingresar' is clicked on

2022-03-29 18:58:42 - [TEST_STEP][PASSED] - element = findWebElement(findTestObject("Login/a_Ir"), 30): null

2022-03-29 18:58:43 - [TEST_STEP][PASSED] - executeJavaScript("arguments[0].click()", Arrays.asList(element)): Execute JavaScript 'arguments[0].click()' successfully

2022-03-29 18:58:43 - [MESSAGE][PASSED] - Execute JavaScript 'arguments[0].click()' successfully

2022-03-29 18:58:43 - [MESSAGE][PASSED] - Call Test Case 'Test Cases/0.1-Login' successfully

2022-03-29 18:58:43 - [TEST_STEP][PASSED] - setText(findTestObject("M-OBJECTS TAREAS SECUNDARIAS/Pruebas capacitacion/Crear_una_Necesidad_de_Capacitación/input_Evento Capacitacin_form_templatej_idt24_input"), "Listado necesidad de capacitacion"): Text 'Listado necesidad de capacitacion' is set on object 'Object Repository/M-OBJECTS TAREAS SECUNDARIAS/Pruebas capacitacion/Crear_una_Necesidad_de_Capacitación/input_Evento Capacitacin_form_templatej_idt24_input'

2022-03-29 18:58:44 - [MESSAGE][PASSED] - Text 'Listado necesidad de capacitacion' is set on object 'Object Repository/M-OBJECTS TAREAS SECUNDARIAS/Pruebas capacitacion/Crear_una_Necesidad_de_Capacitación/input_Evento Capacitacin_form_templatej_idt24_input'

2022-03-29 18:58:44 - [TEST_STEP][PASSED] - click(findTestObject("M-OBJECTS TAREAS SECUNDARIAS/Pruebas capacitacion/Crear_una_Necesidad_de_Capacitación/li_Listado necesidad de capacitacion (cap)")): Object: 'Object Repository/M-OBJECTS TAREAS SECUNDARIAS/Pruebas capacitacion/Crear_una_Necesidad_de_Capacitación/li_Listado necesidad de capacitacion (cap)' is clicked on

2022-03-29 18:58:46 - [MESSAGE][PASSED] - Object: 'Object Repository/M-OBJECTS TAREAS SECUNDARIAS/Pruebas capacitacion/Crear_una_Necesidad_de_Capacitación/li_Listado necesidad de capacitacion (cap)' is clicked on

2022-03-29 18:58:46 - [TEST_STEP][PASSED] - if (waitForElementPresent(findTestObject("M-OBJECTS TAREAS SECUNDARIAS/Pruebas capacitacion/Crear_una_Necesidad_de_Capacitación/td_A A A"), 1)): null

2022-03-29 18:58:47 - [MESSAGE][PASSED] - Object 'Object Repository/M-OBJECTS TAREAS SECUNDARIAS/Pruebas capacitacion/Crear_una_Necesidad_de_Capacitación/td_A A A' is present

2022-03-29 18:58:47 - [TEST_STEP][PASSED] - click(findTestObject("M-OBJECTS TAREAS SECUNDARIAS/Pruebas capacitacion/Crear_una_Necesidad_de_Capacitación/td_A A A")): Object: 'Object Repository/M-OBJECTS TAREAS SECUNDARIAS/Pruebas capacitacion/Crear_una_Necesidad_de_Capacitación/td_A A A' is clicked on

2022-03-29 18:58:48 - [MESSAGE][PASSED] - Object: 'Object Repository/M-OBJECTS TAREAS SECUNDARIAS/Pruebas capacitacion/Crear_una_Necesidad_de_Capacitación/td_A A A' is clicked on

2022-03-29 18:58:48 - [TEST_STEP][PASSED] - if (waitForElementPresent(findTestObject("M-OBJECTS TAREAS SECUNDARIAS/Pruebas capacitacion/Crear_una_Necesidad_de_Capacitación/a_Cambiar Datos"), 1)): null

2022-03-29 18:58:49 - [MESSAGE][PASSED] - Object 'Object Repository/M-OBJECTS TAREAS SECUNDARIAS/Pruebas capacitacion/Crear_una_Necesidad_de_Capacitación/a_Cambiar Datos' is present

2022-03-29 18:58:49 - [TEST_STEP][PASSED] - click(findTestObject("M-OBJECTS TAREAS SECUNDARIAS/Pruebas capacitacion/Crear_una_Necesidad_de_Capacitación/a_Cambiar Datos")): Object: 'Object Repository/M-OBJECTS TAREAS SECUNDARIAS/Pruebas capacitacion/Crear_una_Necesidad_de_Capacitación/a_Cambiar Datos' is clicked on

2022-03-29 18:58:50 - [MESSAGE][PASSED] - Object: 'Object Repository/M-OBJECTS TAREAS SECUNDARIAS/Pruebas capacitacion/Crear_una_Necesidad_de_Capacitación/a_Cambiar Datos' is clicked on

2022-03-29 18:58:50 - [TEST_STEP][PASSED] - click(findTestObject("M-OBJECTS TAREAS SECUNDARIAS/Pruebas capacitacion/Crear_una_Necesidad_de_Capacitación/a_Eliminar")): Object: 'Object Repository/M-OBJECTS TAREAS SECUNDARIAS/Pruebas capacitacion/Crear_una_Necesidad_de_Capacitación/a_Eliminar' is clicked on

2022-03-29 18:58:51 - [MESSAGE][PASSED] - Object: 'Object Repository/M-OBJECTS TAREAS SECUNDARIAS/Pruebas capacitacion/Crear_una_Necesidad_de_Capacitación/a_Eliminar' is clicked on

2022-03-29 18:58:51 - [TEST_STEP][PASSED] - click(findTestObject("M-OBJECTS TAREAS SECUNDARIAS/Pruebas capacitacion/Crear_una_Necesidad_de_Capacitación/span_Si")): Object: 'Object Repository/M-OBJECTS TAREAS SECUNDARIAS/Pruebas capacitacion/Crear_una_Necesidad_de_Capacitación/span_Si' is clicked on

2022-03-29 18:58:51 - [MESSAGE][PASSED] - Object: 'Object Repository/M-OBJECTS TAREAS SECUNDARIAS/Pruebas capacitacion/Crear_una_Necesidad_de_Capacitación/span_Si' is clicked on

2022-03-29 18:58:51 - [TEST_STEP][PASSED] - click(findTestObject("M-OBJECTS TAREAS SECUNDARIAS/Pruebas capacitacion/Crear_una_Necesidad_de_Capacitación/a_Aceptar_Eliminar")): Object: 'Object Repository/M-OBJECTS TAREAS SECUNDARIAS/Pruebas capacitacion/Crear_una_Necesidad_de_Capacitación/a_Aceptar_Eliminar' is clicked on

2022-03-29 18:58:52 - [MESSAGE][PASSED] - Object: 'Object Repository/M-OBJECTS TAREAS SECUNDARIAS/Pruebas capacitacion/Crear_una_Necesidad_de_Capacitación/a_Aceptar_Eliminar' is clicked on

2022-03-29 18:58:52 - [TEST_STEP][PASSED] - click(findTestObject("M-OBJECTS TAREAS SECUNDARIAS/Pruebas capacitacion/Crear_una_Necesidad_de_Capacitación/a_Nuevo")): Object: 'Object Repository/M-OBJECTS TAREAS SECUNDARIAS/Pruebas capacitacion/Crear_una_Necesidad_de_Capacitación/a_Nuevo' is clicked on

2022-03-29 18:58:53 - [MESSAGE][PASSED] - Object: 'Object Repository/M-OBJECTS TAREAS SECUNDARIAS/Pruebas capacitacion/Crear_una_Necesidad_de_Capacitación/a_Nuevo' is clicked on

2022-03-29 18:58:53 - [TEST_STEP][PASSED] - click(findTestObject("M-OBJECTS TAREAS SECUNDARIAS/Pruebas capacitacion/Crear_una_Necesidad_de_Capacitación/span_prueba np")): Object: 'Object Repository/M-OBJECTS TAREAS SECUNDARIAS/Pruebas capacitacion/Crear_una_Necesidad_de_Capacitación/span_prueba np' is clicked on

2022-03-29 18:58:54 - [MESSAGE][PASSED] - Object: 'Object Repository/M-OBJECTS TAREAS SECUNDARIAS/Pruebas capacitacion/Crear_una_Necesidad_de_Capacitación/span_prueba np' is clicked on

2022-03-29 18:58:54 - [TEST_STEP][PASSED] - click(findTestObject("M-OBJECTS TAREAS SECUNDARIAS/Pruebas capacitacion/Crear_una_Necesidad_de_Capacitación/a_Nombre_formj_idt628")): Object: 'Object Repository/M-OBJECTS TAREAS SECUNDARIAS/Pruebas capacitacion/Crear_una_Necesidad_de_Capacitación/a_Nombre_formj_idt628' is clicked on

2022-03-29 18:58:55 - [MESSAGE][PASSED] - Object: 'Object Repository/M-OBJECTS TAREAS SECUNDARIAS/Pruebas capacitacion/Crear_una_Necesidad_de_Capacitación/a_Nombre_formj_idt628' is clicked on

2022-03-29 18:58:55 - [TEST_STEP][PASSED] - setText(findTestObject("M-OBJECTS TAREAS SECUNDARIAS/Pruebas capacitacion/Crear_una_Necesidad_de_Capacitación/input_Filtro Hoja de Vida_formPopupHojaVidaj_idt1726"), "a"): Text 'a' is set on object 'Object Repository/M-OBJECTS TAREAS SECUNDARIAS/Pruebas capacitacion/Crear_una_Necesidad_de_Capacitación/input_Filtro Hoja de Vida_formPopupHojaVidaj_idt1726'

2022-03-29 18:58:56 - [MESSAGE][PASSED] - Text 'a' is set on object 'Object Repository/M-OBJECTS TAREAS SECUNDARIAS/Pruebas capacitacion/Crear_una_Necesidad_de_Capacitación/input_Filtro Hoja de Vida_formPopupHojaVidaj_idt1726'

2022-03-29 18:58:56 - [TEST_STEP][PASSED] - sendKeys(findTestObject("M-OBJECTS TAREAS SECUNDARIAS/Pruebas capacitacion/Crear_una_Necesidad_de_Capacitación/input_Filtro Hoja de Vida_formPopupHojaVidaj_idt1726"), Keys.chord(ENTER)): Keys 'ENTER + ' sent to object: 'Object Repository/M-OBJECTS TAREAS SECUNDARIAS/Pruebas capacitacion/Crear_una_Necesidad_de_Capacitación/input_Filtro Hoja de Vida_formPopupHojaVidaj_idt1726'

2022-03-29 18:58:57 - [MESSAGE][PASSED] - Keys 'ENTER + ' sent to object: 'Object Repository/M-OBJECTS TAREAS SECUNDARIAS/Pruebas capacitacion/Crear_una_Necesidad_de_Capacitación/input_Filtro Hoja de Vida_formPopupHojaVidaj_idt1726'

2022-03-29 18:58:57 - [TEST_STEP][PASSED] - click(findTestObject("M-OBJECTS TAREAS SECUNDARIAS/Pruebas capacitacion/Crear_una_Necesidad_de_Capacitación/span_A A A"), STOP_ON_FAILURE): Object: 'Object Repository/M-OBJECTS TAREAS SECUNDARIAS/Pruebas capacitacion/Crear_una_Necesidad_de_Capacitación/span_A A A' is clicked on

2022-03-29 18:58:58 - [MESSAGE][PASSED] - Object: 'Object Repository/M-OBJECTS TAREAS SECUNDARIAS/Pruebas capacitacion/Crear_una_Necesidad_de_Capacitación/span_A A A' is clicked on

2022-03-29 18:58:58 - [TEST_STEP][PASSED] - click(findTestObject("M-OBJECTS TAREAS SECUNDARIAS/Pruebas capacitacion/Crear_una_Necesidad_de_Capacitación/a_Solicitado Por_formj_idt661")): Object: 'Object Repository/M-OBJECTS TAREAS SECUNDARIAS/Pruebas capacitacion/Crear_una_Necesidad_de_Capacitación/a_Solicitado Por_formj_idt661' is clicked on

2022-03-29 18:58:58 - [MESSAGE][PASSED] - Object: 'Object Repository/M-OBJECTS TAREAS SECUNDARIAS/Pruebas capacitacion/Crear_una_Necesidad_de_Capacitación/a_Solicitado Por_formj_idt661' is clicked on

2022-03-29 18:58:58 - [TEST_STEP][PASSED] - setText(findTestObject("M-OBJECTS TAREAS SECUNDARIAS/Pruebas capacitacion/Crear_una_Necesidad_de_Capacitación/input_Filtro Hoja de Vida_formj_idt723"), "a"): Text 'a' is set on object 'Object Repository/M-OBJECTS TAREAS SECUNDARIAS/Pruebas capacitacion/Crear_una_Necesidad_de_Capacitación/input_Filtro Hoja de Vida_formj_idt723'

2022-03-29 18:59:00 - [MESSAGE][PASSED] - Text 'a' is set on object 'Object Repository/M-OBJECTS TAREAS SECUNDARIAS/Pruebas capacitacion/Crear_una_Necesidad_de_Capacitación/input_Filtro Hoja de Vida_formj_idt723'

2022-03-29 18:59:00 - [TEST_STEP][PASSED] - sendKeys(findTestObject("M-OBJECTS TAREAS SECUNDARIAS/Pruebas capacitacion/Crear_una_Necesidad_de_Capacitación/input_Filtro Hoja de Vida_formj_idt723"), Keys.chord(ENTER)): Keys 'ENTER + ' sent to object: 'Object Repository/M-OBJECTS TAREAS SECUNDARIAS/Pruebas capacitacion/Crear_una_Necesidad_de_Capacitación/input_Filtro Hoja de Vida_formj_idt723'

2022-03-29 18:59:00 - [MESSAGE][PASSED] - Keys 'ENTER + ' sent to object: 'Object Repository/M-OBJECTS TAREAS SECUNDARIAS/Pruebas capacitacion/Crear_una_Necesidad_de_Capacitación/input_Filtro Hoja de Vida_formj_idt723'

2022-03-29 18:59:00 - [TEST_STEP][PASSED] - click(findTestObject("M-OBJECTS TAREAS SECUNDARIAS/Pruebas capacitacion/Crear_una_Necesidad_de_Capacitación/span_Aalfalfa Aalfalfa Aalfalfa")): Object: 'Object Repository/M-OBJECTS TAREAS SECUNDARIAS/Pruebas capacitacion/Crear_una_Necesidad_de_Capacitación/span_Aalfalfa Aalfalfa Aalfalfa' is clicked on

2022-03-29 18:59:01 - [MESSAGE][PASSED] - Object: 'Object Repository/M-OBJECTS TAREAS SECUNDARIAS/Pruebas capacitacion/Crear_una_Necesidad_de_Capacitación/span_Aalfalfa Aalfalfa Aalfalfa' is clicked on

2022-03-29 18:59:01 - [TEST_STEP][PASSED] - click(findTestObject("M-OBJECTS TAREAS SECUNDARIAS/Pruebas capacitacion/Crear_una_Necesidad_de_Capacitación/a_Guardar")): Object: 'Object Repository/M-OBJECTS TAREAS SECUNDARIAS/Pruebas capacitacion/Crear_una_Necesidad_de_Capacitación/a_Guardar' is clicked on

2022-03-29 18:59:02 - [MESSAGE][PASSED] - Object: 'Object Repository/M-OBJECTS TAREAS SECUNDARIAS/Pruebas capacitacion/Crear_una_Necesidad_de_Capacitación/a_Guardar' is clicked on

2022-03-29 18:59:02 - [TEST_STEP][PASSED] - closeBrowser(): Browser is closed

2022-03-29 18:59:03 - [MESSAGE][PASSED] - Browser is closed]]></system-out>
         <system-err><![CDATA[]]></system-err>
      </testcase>
      <testcase name="Test Cases/1.2-Tareas_Secundarias/4.1-Pruebas_Capacitación/4.2.4-Reserva_de_Salones" time="28.854" classname="Test Cases/1.2-Tareas_Secundarias/4.1-Pruebas_Capacitación/4.2.4-Reserva_de_Salones" status="PASSED">
         <system-out><![CDATA[2022-03-29 18:59:03 - [TEST_CASE][PASSED] - Test Cases/1.2-Tareas_Secundarias/4.1-Pruebas_Capacitación/4.2.4-Reserva_de_Salones: Test Cases/1.2-Tareas_Secundarias/4.1-Pruebas_Capacitación/4.2.4-Reserva_de_Salones

2022-03-29 18:59:03 - [TEST_STEP][PASSED] - callTestCase(findTestCase("0.1-Login"), [:], STOP_ON_FAILURE): Call Test Case 'Test Cases/0.1-Login' successfully

2022-03-29 18:59:03 - [TEST_CASE][PASSED] - Test Cases/0.1-Login: Test Cases/0.1-Login

2022-03-29 18:59:03 - [TEST_STEP][PASSED] - openBrowser(""): Browser is opened with url: ''

2022-03-29 18:59:03 - [MESSAGE][INFO] - Starting 'Chrome' driver

2022-03-29 18:59:03 - [MESSAGE][INFO] - Action delay is set to 50 milliseconds

2022-03-29 18:59:04 - [MESSAGE][PASSED] - Browser is opened with url: ''

2022-03-29 18:59:04 - [TEST_STEP][PASSED] - maximizeWindow(): Current window maximized

2022-03-29 18:59:04 - [MESSAGE][PASSED] - Current window maximized

2022-03-29 18:59:04 - [TEST_STEP][PASSED] - i = G_Login: null

2022-03-29 18:59:04 - [TEST_STEP][PASSED] - url = new java.net.URL(i): null

2022-03-29 18:59:04 - [TEST_STEP][PASSED] - println("URL: " + url.toString()): null

2022-03-29 18:59:04 - [TEST_STEP][PASSED] - connection = url.openConnection(): null

2022-03-29 18:59:04 - [TEST_STEP][PASSED] - connection.setRequestMethod("GET"): null

2022-03-29 18:59:04 - [TEST_STEP][PASSED] - connection.setReadTimeout(2 * 1000): null

2022-03-29 18:59:04 - [TEST_STEP][PASSED] - try: null

2022-03-29 18:59:04 - [TEST_STEP][PASSED] - connection.connect(): null

2022-03-29 18:59:04 - [TEST_STEP][PASSED] - flag = connected: null

2022-03-29 18:59:04 - [TEST_STEP][PASSED] - println("Valor_ori: " + flag): null

2022-03-29 18:59:04 - [TEST_STEP][PASSED] - if (flag): null

2022-03-29 18:59:04 - [TEST_STEP][PASSED] - navigateToUrl(i): Navigate to 'http://192.168.2.19:8380/saraweb' successfully

2022-03-29 18:59:05 - [MESSAGE][PASSED] - Navigate to 'http://192.168.2.19:8380/saraweb' successfully

2022-03-29 18:59:05 - [TEST_STEP][PASSED] - a(): null

2022-03-29 18:59:05 - [TEST_STEP][PASSED] - setText(findTestObject("Login/input_USUARIO_loginusuario"), G_Usuario): Text 'saraadmin' is set on object 'Object Repository/Login/input_USUARIO_loginusuario'

2022-03-29 18:59:06 - [MESSAGE][PASSED] - Text 'saraadmin' is set on object 'Object Repository/Login/input_USUARIO_loginusuario'

2022-03-29 18:59:06 - [TEST_STEP][PASSED] - setEncryptedText(findTestObject("Login/input_CLAVE_loginpassword"), "MkG4/TYiCFC3cb2driP7+Q=="): Text ****** has been set on object 'Object Repository/Login/input_CLAVE_loginpassword'

2022-03-29 18:59:07 - [MESSAGE][PASSED] - Text ****** has been set on object 'Object Repository/Login/input_CLAVE_loginpassword'

2022-03-29 18:59:07 - [TEST_STEP][PASSED] - waitForElementClickable(findTestObject("Login/a_Ingresar"), G_TimeOut): Object 'Object Repository/Login/a_Ingresar' is clickable

2022-03-29 18:59:07 - [MESSAGE][PASSED] - Object 'Object Repository/Login/a_Ingresar' is clickable

2022-03-29 18:59:07 - [TEST_STEP][PASSED] - click(findTestObject("Login/a_Ingresar")): Object: 'Object Repository/Login/a_Ingresar' is clicked on

2022-03-29 18:59:09 - [MESSAGE][PASSED] - Object: 'Object Repository/Login/a_Ingresar' is clicked on

2022-03-29 18:59:09 - [TEST_STEP][PASSED] - element = findWebElement(findTestObject("Login/a_Ir"), 30): null

2022-03-29 18:59:09 - [TEST_STEP][PASSED] - executeJavaScript("arguments[0].click()", Arrays.asList(element)): Execute JavaScript 'arguments[0].click()' successfully

2022-03-29 18:59:09 - [MESSAGE][PASSED] - Execute JavaScript 'arguments[0].click()' successfully

2022-03-29 18:59:09 - [MESSAGE][PASSED] - Call Test Case 'Test Cases/0.1-Login' successfully

2022-03-29 18:59:09 - [TEST_STEP][PASSED] - setText(findTestObject("M-OBJECTS TAREAS SECUNDARIAS/Pruebas capacitacion/Reserva_de_Salones/input_Listado Necesidad Capacitacin_form_templatej_idt24_input"), "Reserva de Salones"): Text 'Reserva de Salones' is set on object 'Object Repository/M-OBJECTS TAREAS SECUNDARIAS/Pruebas capacitacion/Reserva_de_Salones/input_Listado Necesidad Capacitacin_form_templatej_idt24_input'

2022-03-29 18:59:10 - [MESSAGE][PASSED] - Text 'Reserva de Salones' is set on object 'Object Repository/M-OBJECTS TAREAS SECUNDARIAS/Pruebas capacitacion/Reserva_de_Salones/input_Listado Necesidad Capacitacin_form_templatej_idt24_input'

2022-03-29 18:59:10 - [TEST_STEP][PASSED] - click(findTestObject("M-OBJECTS TAREAS SECUNDARIAS/Pruebas capacitacion/Reserva_de_Salones/span_Reserva de Salones")): Object: 'Object Repository/M-OBJECTS TAREAS SECUNDARIAS/Pruebas capacitacion/Reserva_de_Salones/span_Reserva de Salones' is clicked on

2022-03-29 18:59:12 - [MESSAGE][PASSED] - Object: 'Object Repository/M-OBJECTS TAREAS SECUNDARIAS/Pruebas capacitacion/Reserva_de_Salones/span_Reserva de Salones' is clicked on

2022-03-29 18:59:12 - [TEST_STEP][PASSED] - click(findTestObject("M-OBJECTS TAREAS SECUNDARIAS/Pruebas capacitacion/Reserva_de_Salones/td_Sala de Juntas")): Object: 'Object Repository/M-OBJECTS TAREAS SECUNDARIAS/Pruebas capacitacion/Reserva_de_Salones/td_Sala de Juntas' is clicked on

2022-03-29 18:59:13 - [MESSAGE][PASSED] - Object: 'Object Repository/M-OBJECTS TAREAS SECUNDARIAS/Pruebas capacitacion/Reserva_de_Salones/td_Sala de Juntas' is clicked on

2022-03-29 18:59:13 - [TEST_STEP][PASSED] - if (waitForElementPresent(findTestObject("M-OBJECTS TAREAS SECUNDARIAS/Pruebas capacitacion/Reserva_de_Salones/span_Pruebas ka"), 1)): null

2022-03-29 18:59:13 - [MESSAGE][PASSED] - Object 'Object Repository/M-OBJECTS TAREAS SECUNDARIAS/Pruebas capacitacion/Reserva_de_Salones/span_Pruebas ka' is present

2022-03-29 18:59:13 - [TEST_STEP][PASSED] - click(findTestObject("M-OBJECTS TAREAS SECUNDARIAS/Pruebas capacitacion/Reserva_de_Salones/span_Pruebas ka")): Object: 'Object Repository/M-OBJECTS TAREAS SECUNDARIAS/Pruebas capacitacion/Reserva_de_Salones/span_Pruebas ka' is clicked on

2022-03-29 18:59:14 - [MESSAGE][PASSED] - Object: 'Object Repository/M-OBJECTS TAREAS SECUNDARIAS/Pruebas capacitacion/Reserva_de_Salones/span_Pruebas ka' is clicked on

2022-03-29 18:59:14 - [TEST_STEP][PASSED] - element = findWebElement(findTestObject("M-OBJECTS TAREAS SECUNDARIAS/Pruebas capacitacion/Reserva_de_Salones/a_Eliminar"), 30): null

2022-03-29 18:59:15 - [TEST_STEP][PASSED] - executeJavaScript("arguments[0].click()", Arrays.asList(element)): Execute JavaScript 'arguments[0].click()' successfully

2022-03-29 18:59:15 - [MESSAGE][PASSED] - Execute JavaScript 'arguments[0].click()' successfully

2022-03-29 18:59:15 - [TEST_STEP][PASSED] - click(findTestObject("M-OBJECTS TAREAS SECUNDARIAS/Pruebas capacitacion/Reserva_de_Salones/a_Aceptar")): Object: 'Object Repository/M-OBJECTS TAREAS SECUNDARIAS/Pruebas capacitacion/Reserva_de_Salones/a_Aceptar' is clicked on

2022-03-29 18:59:16 - [MESSAGE][PASSED] - Object: 'Object Repository/M-OBJECTS TAREAS SECUNDARIAS/Pruebas capacitacion/Reserva_de_Salones/a_Aceptar' is clicked on

2022-03-29 18:59:16 - [TEST_STEP][PASSED] - click(findTestObject("M-OBJECTS TAREAS SECUNDARIAS/Pruebas capacitacion/Reserva_de_Salones/span_----")): Object: 'Object Repository/M-OBJECTS TAREAS SECUNDARIAS/Pruebas capacitacion/Reserva_de_Salones/span_----' is clicked on

2022-03-29 18:59:17 - [MESSAGE][PASSED] - Object: 'Object Repository/M-OBJECTS TAREAS SECUNDARIAS/Pruebas capacitacion/Reserva_de_Salones/span_----' is clicked on

2022-03-29 18:59:17 - [TEST_STEP][PASSED] - setText(findTestObject("M-OBJECTS TAREAS SECUNDARIAS/Pruebas capacitacion/Reserva_de_Salones/textarea_Tema_popup_form_reservaSalonestema"), "Pruebas ka"): Text 'Pruebas ka' is set on object 'Object Repository/M-OBJECTS TAREAS SECUNDARIAS/Pruebas capacitacion/Reserva_de_Salones/textarea_Tema_popup_form_reservaSalonestema'

2022-03-29 18:59:18 - [MESSAGE][PASSED] - Text 'Pruebas ka' is set on object 'Object Repository/M-OBJECTS TAREAS SECUNDARIAS/Pruebas capacitacion/Reserva_de_Salones/textarea_Tema_popup_form_reservaSalonestema'

2022-03-29 18:59:18 - [TEST_STEP][PASSED] - selectOptionByIndex(findTestObject("M-OBJECTS TAREAS SECUNDARIAS/Pruebas capacitacion/Reserva_de_Salones/select_0830 AM0900 AM0930"), 1): All options with index in [1] are selected on object 'Object Repository/M-OBJECTS TAREAS SECUNDARIAS/Pruebas capacitacion/Reserva_de_Salones/select_0830 AM0900 AM0930'

2022-03-29 18:59:20 - [MESSAGE][PASSED] - All options with index in [1] are selected on object 'Object Repository/M-OBJECTS TAREAS SECUNDARIAS/Pruebas capacitacion/Reserva_de_Salones/select_0830 AM0900 AM0930'

2022-03-29 18:59:20 - [TEST_STEP][PASSED] - setText(findTestObject("M-OBJECTS TAREAS SECUNDARIAS/Pruebas capacitacion/Reserva_de_Salones/input_Nmero Asistentes_popup_form_reservaSalonescantidad"), "20"): Text '20' is set on object 'Object Repository/M-OBJECTS TAREAS SECUNDARIAS/Pruebas capacitacion/Reserva_de_Salones/input_Nmero Asistentes_popup_form_reservaSalonescantidad'

2022-03-29 18:59:21 - [MESSAGE][PASSED] - Text '20' is set on object 'Object Repository/M-OBJECTS TAREAS SECUNDARIAS/Pruebas capacitacion/Reserva_de_Salones/input_Nmero Asistentes_popup_form_reservaSalonescantidad'

2022-03-29 18:59:21 - [TEST_STEP][PASSED] - setText(findTestObject("M-OBJECTS TAREAS SECUNDARIAS/Pruebas capacitacion/Reserva_de_Salones/textarea_Requerimiento_popup_form_reservaSalonesrequerimiento"), "Ninguno"): Text 'Ninguno' is set on object 'Object Repository/M-OBJECTS TAREAS SECUNDARIAS/Pruebas capacitacion/Reserva_de_Salones/textarea_Requerimiento_popup_form_reservaSalonesrequerimiento'

2022-03-29 18:59:22 - [MESSAGE][PASSED] - Text 'Ninguno' is set on object 'Object Repository/M-OBJECTS TAREAS SECUNDARIAS/Pruebas capacitacion/Reserva_de_Salones/textarea_Requerimiento_popup_form_reservaSalonesrequerimiento'

2022-03-29 18:59:22 - [TEST_STEP][PASSED] - setText(findTestObject("M-OBJECTS TAREAS SECUNDARIAS/Pruebas capacitacion/Reserva_de_Salones/textarea_Observacin_popup_form_reservaSalonesobservacion"), "Ninguna"): Text 'Ninguna' is set on object 'Object Repository/M-OBJECTS TAREAS SECUNDARIAS/Pruebas capacitacion/Reserva_de_Salones/textarea_Observacin_popup_form_reservaSalonesobservacion'

2022-03-29 18:59:23 - [MESSAGE][PASSED] - Text 'Ninguna' is set on object 'Object Repository/M-OBJECTS TAREAS SECUNDARIAS/Pruebas capacitacion/Reserva_de_Salones/textarea_Observacin_popup_form_reservaSalonesobservacion'

2022-03-29 18:59:23 - [TEST_STEP][PASSED] - click(findTestObject("M-OBJECTS TAREAS SECUNDARIAS/Pruebas capacitacion/Reserva_de_Salones/a_Solicitante_popup_form_reservaSalonesj_idt173")): Object: 'Object Repository/M-OBJECTS TAREAS SECUNDARIAS/Pruebas capacitacion/Reserva_de_Salones/a_Solicitante_popup_form_reservaSalonesj_idt173' is clicked on

2022-03-29 18:59:23 - [MESSAGE][PASSED] - Object: 'Object Repository/M-OBJECTS TAREAS SECUNDARIAS/Pruebas capacitacion/Reserva_de_Salones/a_Solicitante_popup_form_reservaSalonesj_idt173' is clicked on

2022-03-29 18:59:23 - [TEST_STEP][PASSED] - setText(findTestObject("M-OBJECTS TAREAS SECUNDARIAS/Pruebas capacitacion/Reserva_de_Salones/input_Filtro Hoja de Vida_formPopupHojaVidaj_idt205"), "a"): Text 'a' is set on object 'Object Repository/M-OBJECTS TAREAS SECUNDARIAS/Pruebas capacitacion/Reserva_de_Salones/input_Filtro Hoja de Vida_formPopupHojaVidaj_idt205'

2022-03-29 18:59:25 - [MESSAGE][PASSED] - Text 'a' is set on object 'Object Repository/M-OBJECTS TAREAS SECUNDARIAS/Pruebas capacitacion/Reserva_de_Salones/input_Filtro Hoja de Vida_formPopupHojaVidaj_idt205'

2022-03-29 18:59:25 - [TEST_STEP][PASSED] - sendKeys(findTestObject("M-OBJECTS TAREAS SECUNDARIAS/Pruebas capacitacion/Reserva_de_Salones/input_Filtro Hoja de Vida_formPopupHojaVidaj_idt205"), Keys.chord(ENTER)): Keys 'ENTER + ' sent to object: 'Object Repository/M-OBJECTS TAREAS SECUNDARIAS/Pruebas capacitacion/Reserva_de_Salones/input_Filtro Hoja de Vida_formPopupHojaVidaj_idt205'

2022-03-29 18:59:26 - [MESSAGE][PASSED] - Keys 'ENTER + ' sent to object: 'Object Repository/M-OBJECTS TAREAS SECUNDARIAS/Pruebas capacitacion/Reserva_de_Salones/input_Filtro Hoja de Vida_formPopupHojaVidaj_idt205'

2022-03-29 18:59:26 - [TEST_STEP][PASSED] - click(findTestObject("M-OBJECTS TAREAS SECUNDARIAS/Pruebas capacitacion/Reserva_de_Salones/td_A A A")): Object: 'Object Repository/M-OBJECTS TAREAS SECUNDARIAS/Pruebas capacitacion/Reserva_de_Salones/td_A A A' is clicked on

2022-03-29 18:59:27 - [MESSAGE][PASSED] - Object: 'Object Repository/M-OBJECTS TAREAS SECUNDARIAS/Pruebas capacitacion/Reserva_de_Salones/td_A A A' is clicked on

2022-03-29 18:59:27 - [TEST_STEP][PASSED] - click(findTestObject("M-OBJECTS TAREAS SECUNDARIAS/Pruebas capacitacion/Reserva_de_Salones/a_Responsable de reservacin_popup_form_reservaSalonesj_idt177")): Object: 'Object Repository/M-OBJECTS TAREAS SECUNDARIAS/Pruebas capacitacion/Reserva_de_Salones/a_Responsable de reservacin_popup_form_reservaSalonesj_idt177' is clicked on

2022-03-29 18:59:28 - [MESSAGE][PASSED] - Object: 'Object Repository/M-OBJECTS TAREAS SECUNDARIAS/Pruebas capacitacion/Reserva_de_Salones/a_Responsable de reservacin_popup_form_reservaSalonesj_idt177' is clicked on

2022-03-29 18:59:28 - [TEST_STEP][PASSED] - setText(findTestObject("M-OBJECTS TAREAS SECUNDARIAS/Pruebas capacitacion/Reserva_de_Salones/input_Filtro Hoja de Vida_formPopupHojaVidaj_idt205"), "a"): Text 'a' is set on object 'Object Repository/M-OBJECTS TAREAS SECUNDARIAS/Pruebas capacitacion/Reserva_de_Salones/input_Filtro Hoja de Vida_formPopupHojaVidaj_idt205'

2022-03-29 18:59:29 - [MESSAGE][PASSED] - Text 'a' is set on object 'Object Repository/M-OBJECTS TAREAS SECUNDARIAS/Pruebas capacitacion/Reserva_de_Salones/input_Filtro Hoja de Vida_formPopupHojaVidaj_idt205'

2022-03-29 18:59:29 - [TEST_STEP][PASSED] - sendKeys(findTestObject("M-OBJECTS TAREAS SECUNDARIAS/Pruebas capacitacion/Reserva_de_Salones/input_Filtro Hoja de Vida_formPopupHojaVidaj_idt205"), Keys.chord(ENTER)): Keys 'ENTER + ' sent to object: 'Object Repository/M-OBJECTS TAREAS SECUNDARIAS/Pruebas capacitacion/Reserva_de_Salones/input_Filtro Hoja de Vida_formPopupHojaVidaj_idt205'

2022-03-29 18:59:30 - [MESSAGE][PASSED] - Keys 'ENTER + ' sent to object: 'Object Repository/M-OBJECTS TAREAS SECUNDARIAS/Pruebas capacitacion/Reserva_de_Salones/input_Filtro Hoja de Vida_formPopupHojaVidaj_idt205'

2022-03-29 18:59:30 - [TEST_STEP][PASSED] - click(findTestObject("M-OBJECTS TAREAS SECUNDARIAS/Pruebas capacitacion/Reserva_de_Salones/span_A A A"), STOP_ON_FAILURE): Object: 'Object Repository/M-OBJECTS TAREAS SECUNDARIAS/Pruebas capacitacion/Reserva_de_Salones/span_A A A' is clicked on

2022-03-29 18:59:31 - [MESSAGE][PASSED] - Object: 'Object Repository/M-OBJECTS TAREAS SECUNDARIAS/Pruebas capacitacion/Reserva_de_Salones/span_A A A' is clicked on

2022-03-29 18:59:31 - [TEST_STEP][PASSED] - executeJavaScript("document.body.style.zoom='100%'", null): Execute JavaScript 'document.body.style.zoom='100%'' successfully

2022-03-29 18:59:31 - [MESSAGE][PASSED] - Execute JavaScript 'document.body.style.zoom='100%'' successfully

2022-03-29 18:59:31 - [TEST_STEP][PASSED] - scrollToPosition(400, 4000): Browser is scrolled to position x = 400, y = 4000

2022-03-29 18:59:31 - [MESSAGE][PASSED] - Browser is scrolled to position x = 400, y = 4000

2022-03-29 18:59:31 - [TEST_STEP][PASSED] - element = findWebElement(findTestObject("M-OBJECTS TAREAS SECUNDARIAS/Pruebas capacitacion/Reserva_de_Salones/a_Guardar"), 30): null

2022-03-29 18:59:31 - [TEST_STEP][PASSED] - executeJavaScript("arguments[0].click()", Arrays.asList(element)): Execute JavaScript 'arguments[0].click()' successfully

2022-03-29 18:59:31 - [MESSAGE][PASSED] - Execute JavaScript 'arguments[0].click()' successfully]]></system-out>
         <system-err><![CDATA[]]></system-err>
      </testcase>
      <testcase name="Test Cases/1.2-Tareas_Secundarias/4.1-Pruebas_Capacitación/4.2.5-Enviar_y_imprimir_Diploma" time="32.555" classname="Test Cases/1.2-Tareas_Secundarias/4.1-Pruebas_Capacitación/4.2.5-Enviar_y_imprimir_Diploma" status="PASSED">
         <system-out><![CDATA[2022-03-29 18:59:31 - [TEST_CASE][PASSED] - Test Cases/1.2-Tareas_Secundarias/4.1-Pruebas_Capacitación/4.2.5-Enviar_y_imprimir_Diploma: Test Cases/1.2-Tareas_Secundarias/4.1-Pruebas_Capacitación/4.2.5-Enviar_y_imprimir_Diploma

2022-03-29 18:59:32 - [TEST_STEP][PASSED] - callTestCase(findTestCase("0.1-Login"), [:], STOP_ON_FAILURE): Call Test Case 'Test Cases/0.1-Login' successfully

2022-03-29 18:59:32 - [TEST_CASE][PASSED] - Test Cases/0.1-Login: Test Cases/0.1-Login

2022-03-29 18:59:32 - [TEST_STEP][PASSED] - openBrowser(""): Browser is opened with url: ''

2022-03-29 18:59:32 - [MESSAGE][WARNING] - A browser is already opened. Closing browser and opening a new one

2022-03-29 18:59:33 - [MESSAGE][INFO] - Starting 'Chrome' driver

2022-03-29 18:59:33 - [MESSAGE][INFO] - Action delay is set to 50 milliseconds

2022-03-29 18:59:34 - [MESSAGE][PASSED] - Browser is opened with url: ''

2022-03-29 18:59:34 - [TEST_STEP][PASSED] - maximizeWindow(): Current window maximized

2022-03-29 18:59:34 - [MESSAGE][PASSED] - Current window maximized

2022-03-29 18:59:34 - [TEST_STEP][PASSED] - i = G_Login: null

2022-03-29 18:59:34 - [TEST_STEP][PASSED] - url = new java.net.URL(i): null

2022-03-29 18:59:34 - [TEST_STEP][PASSED] - println("URL: " + url.toString()): null

2022-03-29 18:59:34 - [TEST_STEP][PASSED] - connection = url.openConnection(): null

2022-03-29 18:59:34 - [TEST_STEP][PASSED] - connection.setRequestMethod("GET"): null

2022-03-29 18:59:34 - [TEST_STEP][PASSED] - connection.setReadTimeout(2 * 1000): null

2022-03-29 18:59:34 - [TEST_STEP][PASSED] - try: null

2022-03-29 18:59:34 - [TEST_STEP][PASSED] - connection.connect(): null

2022-03-29 18:59:34 - [TEST_STEP][PASSED] - flag = connected: null

2022-03-29 18:59:34 - [TEST_STEP][PASSED] - println("Valor_ori: " + flag): null

2022-03-29 18:59:34 - [TEST_STEP][PASSED] - if (flag): null

2022-03-29 18:59:34 - [TEST_STEP][PASSED] - navigateToUrl(i): Navigate to 'http://192.168.2.19:8380/saraweb' successfully

2022-03-29 18:59:34 - [MESSAGE][PASSED] - Navigate to 'http://192.168.2.19:8380/saraweb' successfully

2022-03-29 18:59:34 - [TEST_STEP][PASSED] - a(): null

2022-03-29 18:59:34 - [TEST_STEP][PASSED] - setText(findTestObject("Login/input_USUARIO_loginusuario"), G_Usuario): Text 'saraadmin' is set on object 'Object Repository/Login/input_USUARIO_loginusuario'

2022-03-29 18:59:35 - [MESSAGE][PASSED] - Text 'saraadmin' is set on object 'Object Repository/Login/input_USUARIO_loginusuario'

2022-03-29 18:59:35 - [TEST_STEP][PASSED] - setEncryptedText(findTestObject("Login/input_CLAVE_loginpassword"), "MkG4/TYiCFC3cb2driP7+Q=="): Text ****** has been set on object 'Object Repository/Login/input_CLAVE_loginpassword'

2022-03-29 18:59:36 - [MESSAGE][PASSED] - Text ****** has been set on object 'Object Repository/Login/input_CLAVE_loginpassword'

2022-03-29 18:59:36 - [TEST_STEP][PASSED] - waitForElementClickable(findTestObject("Login/a_Ingresar"), G_TimeOut): Object 'Object Repository/Login/a_Ingresar' is clickable

2022-03-29 18:59:36 - [MESSAGE][PASSED] - Object 'Object Repository/Login/a_Ingresar' is clickable

2022-03-29 18:59:36 - [TEST_STEP][PASSED] - click(findTestObject("Login/a_Ingresar")): Object: 'Object Repository/Login/a_Ingresar' is clicked on

2022-03-29 18:59:38 - [MESSAGE][PASSED] - Object: 'Object Repository/Login/a_Ingresar' is clicked on

2022-03-29 18:59:38 - [TEST_STEP][PASSED] - element = findWebElement(findTestObject("Login/a_Ir"), 30): null

2022-03-29 18:59:38 - [TEST_STEP][PASSED] - executeJavaScript("arguments[0].click()", Arrays.asList(element)): Execute JavaScript 'arguments[0].click()' successfully

2022-03-29 18:59:38 - [MESSAGE][PASSED] - Execute JavaScript 'arguments[0].click()' successfully

2022-03-29 18:59:38 - [MESSAGE][PASSED] - Call Test Case 'Test Cases/0.1-Login' successfully

2022-03-29 18:59:38 - [TEST_STEP][PASSED] - setText(findTestObject("M-OBJECTS TAREAS SECUNDARIAS/Pruebas capacitacion/Enviar_Diploma/input_Empresa 1_form_templatej_idt24_input"), "Control Evento Capacitacion"): Text 'Control Evento Capacitacion' is set on object 'Object Repository/M-OBJECTS TAREAS SECUNDARIAS/Pruebas capacitacion/Enviar_Diploma/input_Empresa 1_form_templatej_idt24_input'

2022-03-29 18:59:39 - [MESSAGE][PASSED] - Text 'Control Evento Capacitacion' is set on object 'Object Repository/M-OBJECTS TAREAS SECUNDARIAS/Pruebas capacitacion/Enviar_Diploma/input_Empresa 1_form_templatej_idt24_input'

2022-03-29 18:59:39 - [TEST_STEP][PASSED] - click(findTestObject("M-OBJECTS TAREAS SECUNDARIAS/Pruebas capacitacion/Enviar_Diploma/li_Control Evento Capacitacion (cap)")): Object: 'Object Repository/M-OBJECTS TAREAS SECUNDARIAS/Pruebas capacitacion/Enviar_Diploma/li_Control Evento Capacitacion (cap)' is clicked on

2022-03-29 18:59:41 - [MESSAGE][PASSED] - Object: 'Object Repository/M-OBJECTS TAREAS SECUNDARIAS/Pruebas capacitacion/Enviar_Diploma/li_Control Evento Capacitacion (cap)' is clicked on

2022-03-29 18:59:41 - [TEST_STEP][PASSED] - click(findTestObject("M-OBJECTS TAREAS SECUNDARIAS/Pruebas capacitacion/Enviar_Diploma/td_Prueba")): Object: 'Object Repository/M-OBJECTS TAREAS SECUNDARIAS/Pruebas capacitacion/Enviar_Diploma/td_Prueba' is clicked on

2022-03-29 18:59:42 - [MESSAGE][PASSED] - Object: 'Object Repository/M-OBJECTS TAREAS SECUNDARIAS/Pruebas capacitacion/Enviar_Diploma/td_Prueba' is clicked on

2022-03-29 18:59:42 - [TEST_STEP][PASSED] - click(findTestObject("M-OBJECTS TAREAS SECUNDARIAS/Pruebas capacitacion/Enviar_Diploma/div_Asistentes")): Object: 'Object Repository/M-OBJECTS TAREAS SECUNDARIAS/Pruebas capacitacion/Enviar_Diploma/div_Asistentes' is clicked on

2022-03-29 18:59:43 - [MESSAGE][PASSED] - Object: 'Object Repository/M-OBJECTS TAREAS SECUNDARIAS/Pruebas capacitacion/Enviar_Diploma/div_Asistentes' is clicked on

2022-03-29 18:59:43 - [TEST_STEP][PASSED] - click(findTestObject("M-OBJECTS TAREAS SECUNDARIAS/Pruebas capacitacion/Enviar_Diploma/a_Registro")): Object: 'Object Repository/M-OBJECTS TAREAS SECUNDARIAS/Pruebas capacitacion/Enviar_Diploma/a_Registro' is clicked on

2022-03-29 18:59:43 - [MESSAGE][PASSED] - Object: 'Object Repository/M-OBJECTS TAREAS SECUNDARIAS/Pruebas capacitacion/Enviar_Diploma/a_Registro' is clicked on

2022-03-29 18:59:43 - [TEST_STEP][PASSED] - click(findTestObject("M-OBJECTS TAREAS SECUNDARIAS/Pruebas capacitacion/Enviar_Diploma/a_Agregar Asistentes")): Object: 'Object Repository/M-OBJECTS TAREAS SECUNDARIAS/Pruebas capacitacion/Enviar_Diploma/a_Agregar Asistentes' is clicked on

2022-03-29 18:59:45 - [MESSAGE][PASSED] - Object: 'Object Repository/M-OBJECTS TAREAS SECUNDARIAS/Pruebas capacitacion/Enviar_Diploma/a_Agregar Asistentes' is clicked on

2022-03-29 18:59:45 - [TEST_STEP][PASSED] - click(findTestObject("M-OBJECTS TAREAS SECUNDARIAS/Pruebas capacitacion/Enviar_Diploma/a_Identificacin_form_filtro_EmpleadosfiltroPopupEmpleado")): Object: 'Object Repository/M-OBJECTS TAREAS SECUNDARIAS/Pruebas capacitacion/Enviar_Diploma/a_Identificacin_form_filtro_EmpleadosfiltroPopupEmpleado' is clicked on

2022-03-29 18:59:46 - [MESSAGE][PASSED] - Object: 'Object Repository/M-OBJECTS TAREAS SECUNDARIAS/Pruebas capacitacion/Enviar_Diploma/a_Identificacin_form_filtro_EmpleadosfiltroPopupEmpleado' is clicked on

2022-03-29 18:59:46 - [TEST_STEP][PASSED] - setText(findTestObject("M-OBJECTS TAREAS SECUNDARIAS/Pruebas capacitacion/Enviar_Diploma/input_Filtro Empleado_form_popupEmpleadoj_idt2269"), "80097770"): Text '80097770' is set on object 'Object Repository/M-OBJECTS TAREAS SECUNDARIAS/Pruebas capacitacion/Enviar_Diploma/input_Filtro Empleado_form_popupEmpleadoj_idt2269'

2022-03-29 18:59:47 - [MESSAGE][PASSED] - Text '80097770' is set on object 'Object Repository/M-OBJECTS TAREAS SECUNDARIAS/Pruebas capacitacion/Enviar_Diploma/input_Filtro Empleado_form_popupEmpleadoj_idt2269'

2022-03-29 18:59:47 - [TEST_STEP][PASSED] - sendKeys(findTestObject("M-OBJECTS TAREAS SECUNDARIAS/Pruebas capacitacion/Enviar_Diploma/input_Filtro Empleado_form_popupEmpleadoj_idt2269"), Keys.chord(ENTER)): Keys 'ENTER + ' sent to object: 'Object Repository/M-OBJECTS TAREAS SECUNDARIAS/Pruebas capacitacion/Enviar_Diploma/input_Filtro Empleado_form_popupEmpleadoj_idt2269'

2022-03-29 18:59:48 - [MESSAGE][PASSED] - Keys 'ENTER + ' sent to object: 'Object Repository/M-OBJECTS TAREAS SECUNDARIAS/Pruebas capacitacion/Enviar_Diploma/input_Filtro Empleado_form_popupEmpleadoj_idt2269'

2022-03-29 18:59:48 - [TEST_STEP][PASSED] - click(findTestObject("M-OBJECTS TAREAS SECUNDARIAS/Pruebas capacitacion/Enviar_Diploma/span_80097770")): Object: 'Object Repository/M-OBJECTS TAREAS SECUNDARIAS/Pruebas capacitacion/Enviar_Diploma/span_80097770' is clicked on

2022-03-29 18:59:49 - [MESSAGE][PASSED] - Object: 'Object Repository/M-OBJECTS TAREAS SECUNDARIAS/Pruebas capacitacion/Enviar_Diploma/span_80097770' is clicked on

2022-03-29 18:59:49 - [TEST_STEP][PASSED] - click(findTestObject("M-OBJECTS TAREAS SECUNDARIAS/Pruebas capacitacion/Enviar_Diploma/div_Almanza Novoa John Alexandre_ui-chkbox-box ui-widget ui-corner-all ui-state-default ui-state-hover")): Object: 'Object Repository/M-OBJECTS TAREAS SECUNDARIAS/Pruebas capacitacion/Enviar_Diploma/div_Almanza Novoa John Alexandre_ui-chkbox-box ui-widget ui-corner-all ui-state-default ui-state-hover' is clicked on

2022-03-29 18:59:50 - [MESSAGE][PASSED] - Object: 'Object Repository/M-OBJECTS TAREAS SECUNDARIAS/Pruebas capacitacion/Enviar_Diploma/div_Almanza Novoa John Alexandre_ui-chkbox-box ui-widget ui-corner-all ui-state-default ui-state-hover' is clicked on

2022-03-29 18:59:50 - [TEST_STEP][PASSED] - selectOptionByIndex(findTestObject("M-OBJECTS TAREAS SECUNDARIAS/Pruebas capacitacion/Enviar_Diploma/select_--SeleccionePruebas k"), 1): All options with index in [1] are selected on object 'Object Repository/M-OBJECTS TAREAS SECUNDARIAS/Pruebas capacitacion/Enviar_Diploma/select_--SeleccionePruebas k'

2022-03-29 18:59:51 - [MESSAGE][PASSED] - All options with index in [1] are selected on object 'Object Repository/M-OBJECTS TAREAS SECUNDARIAS/Pruebas capacitacion/Enviar_Diploma/select_--SeleccionePruebas k'

2022-03-29 18:59:51 - [TEST_STEP][PASSED] - selectOptionByIndex(findTestObject("M-OBJECTS TAREAS SECUNDARIAS/Pruebas capacitacion/Enviar_Diploma/select_--SeleccionePrueba1pruebaPRUEBA PLAN CAPACITACIONPRUEBA SILVIA"), 1): All options with index in [1] are selected on object 'Object Repository/M-OBJECTS TAREAS SECUNDARIAS/Pruebas capacitacion/Enviar_Diploma/select_--SeleccionePrueba1pruebaPRUEBA PLAN CAPACITACIONPRUEBA SILVIA'

2022-03-29 18:59:52 - [MESSAGE][PASSED] - All options with index in [1] are selected on object 'Object Repository/M-OBJECTS TAREAS SECUNDARIAS/Pruebas capacitacion/Enviar_Diploma/select_--SeleccionePrueba1pruebaPRUEBA PLAN CAPACITACIONPRUEBA SILVIA'

2022-03-29 18:59:52 - [TEST_STEP][PASSED] - click(findTestObject("M-OBJECTS TAREAS SECUNDARIAS/Pruebas capacitacion/Enviar_Diploma/a_Aceptar")): Object: 'Object Repository/M-OBJECTS TAREAS SECUNDARIAS/Pruebas capacitacion/Enviar_Diploma/a_Aceptar' is clicked on

2022-03-29 18:59:53 - [MESSAGE][PASSED] - Object: 'Object Repository/M-OBJECTS TAREAS SECUNDARIAS/Pruebas capacitacion/Enviar_Diploma/a_Aceptar' is clicked on

2022-03-29 18:59:53 - [TEST_STEP][PASSED] - click(findTestObject("M-OBJECTS TAREAS SECUNDARIAS/Pruebas capacitacion/Enviar_Diploma/td_FINALIZADO")): Object: 'Object Repository/M-OBJECTS TAREAS SECUNDARIAS/Pruebas capacitacion/Enviar_Diploma/td_FINALIZADO' is clicked on

2022-03-29 18:59:54 - [MESSAGE][PASSED] - Object: 'Object Repository/M-OBJECTS TAREAS SECUNDARIAS/Pruebas capacitacion/Enviar_Diploma/td_FINALIZADO' is clicked on

2022-03-29 18:59:54 - [TEST_STEP][PASSED] - selectOptionByIndex(findTestObject("M-OBJECTS TAREAS SECUNDARIAS/Pruebas capacitacion/Enviar_Diploma/select_SeleccioneACEPTADOFINALIZADOINSCRITONO ACEPTADONO APROBADONO ASISTIO"), 2): All options with index in [2] are selected on object 'Object Repository/M-OBJECTS TAREAS SECUNDARIAS/Pruebas capacitacion/Enviar_Diploma/select_SeleccioneACEPTADOFINALIZADOINSCRITONO ACEPTADONO APROBADONO ASISTIO'

2022-03-29 18:59:56 - [MESSAGE][PASSED] - All options with index in [2] are selected on object 'Object Repository/M-OBJECTS TAREAS SECUNDARIAS/Pruebas capacitacion/Enviar_Diploma/select_SeleccioneACEPTADOFINALIZADOINSCRITONO ACEPTADONO APROBADONO ASISTIO'

2022-03-29 18:59:56 - [TEST_STEP][PASSED] - setText(findTestObject("M-OBJECTS TAREAS SECUNDARIAS/Pruebas capacitacion/Enviar_Diploma/input_Puntaje_formAsistenteEventopanelTabAsistenteEvenpuntaje"), "5"): Text '5' is set on object 'Object Repository/M-OBJECTS TAREAS SECUNDARIAS/Pruebas capacitacion/Enviar_Diploma/input_Puntaje_formAsistenteEventopanelTabAsistenteEvenpuntaje'

2022-03-29 18:59:57 - [MESSAGE][PASSED] - Text '5' is set on object 'Object Repository/M-OBJECTS TAREAS SECUNDARIAS/Pruebas capacitacion/Enviar_Diploma/input_Puntaje_formAsistenteEventopanelTabAsistenteEvenpuntaje'

2022-03-29 18:59:57 - [TEST_STEP][PASSED] - click(findTestObject("M-OBJECTS TAREAS SECUNDARIAS/Pruebas capacitacion/Enviar_Diploma/a_Actualizar")): Object: 'Object Repository/M-OBJECTS TAREAS SECUNDARIAS/Pruebas capacitacion/Enviar_Diploma/a_Actualizar' is clicked on

2022-03-29 18:59:57 - [MESSAGE][PASSED] - Object: 'Object Repository/M-OBJECTS TAREAS SECUNDARIAS/Pruebas capacitacion/Enviar_Diploma/a_Actualizar' is clicked on

2022-03-29 18:59:57 - [TEST_STEP][PASSED] - click(findTestObject("M-OBJECTS TAREAS SECUNDARIAS/Pruebas capacitacion/Enviar_Diploma/span_Externo_ui-icon ui-icon-closethick")): Object: 'Object Repository/M-OBJECTS TAREAS SECUNDARIAS/Pruebas capacitacion/Enviar_Diploma/span_Externo_ui-icon ui-icon-closethick' is clicked on

2022-03-29 18:59:58 - [MESSAGE][PASSED] - Object: 'Object Repository/M-OBJECTS TAREAS SECUNDARIAS/Pruebas capacitacion/Enviar_Diploma/span_Externo_ui-icon ui-icon-closethick' is clicked on

2022-03-29 18:59:58 - [TEST_STEP][PASSED] - check(findTestObject("M-OBJECTS TAREAS SECUNDARIAS/Pruebas capacitacion/Enviar_Diploma/span_Origen_ui-chkbox-icon ui-icon ui-icon-check ui-c")): Object 'Object Repository/M-OBJECTS TAREAS SECUNDARIAS/Pruebas capacitacion/Enviar_Diploma/span_Origen_ui-chkbox-icon ui-icon ui-icon-check ui-c' is checked

2022-03-29 18:59:59 - [MESSAGE][PASSED] - Object 'Object Repository/M-OBJECTS TAREAS SECUNDARIAS/Pruebas capacitacion/Enviar_Diploma/span_Origen_ui-chkbox-icon ui-icon ui-icon-check ui-c' is checked

2022-03-29 18:59:59 - [TEST_STEP][PASSED] - click(findTestObject("M-OBJECTS TAREAS SECUNDARIAS/Pruebas capacitacion/Enviar_Diploma/a_Enviar Diploma")): Object: 'Object Repository/M-OBJECTS TAREAS SECUNDARIAS/Pruebas capacitacion/Enviar_Diploma/a_Enviar Diploma' is clicked on

2022-03-29 19:00:00 - [MESSAGE][PASSED] - Object: 'Object Repository/M-OBJECTS TAREAS SECUNDARIAS/Pruebas capacitacion/Enviar_Diploma/a_Enviar Diploma' is clicked on

2022-03-29 19:00:00 - [TEST_STEP][PASSED] - click(findTestObject("M-OBJECTS TAREAS SECUNDARIAS/Pruebas capacitacion/Enviar_Diploma/a_Imprimir Diploma")): Object: 'Object Repository/M-OBJECTS TAREAS SECUNDARIAS/Pruebas capacitacion/Enviar_Diploma/a_Imprimir Diploma' is clicked on

2022-03-29 19:00:01 - [MESSAGE][PASSED] - Object: 'Object Repository/M-OBJECTS TAREAS SECUNDARIAS/Pruebas capacitacion/Enviar_Diploma/a_Imprimir Diploma' is clicked on

2022-03-29 19:00:01 - [TEST_STEP][PASSED] - click(findTestObject("M-OBJECTS TAREAS SECUNDARIAS/Pruebas capacitacion/Enviar_Diploma/div_Grupo_ui-chkbox-box ui-widget ui-corner-all ui-state-default ui-state-hover")): Object: 'Object Repository/M-OBJECTS TAREAS SECUNDARIAS/Pruebas capacitacion/Enviar_Diploma/div_Grupo_ui-chkbox-box ui-widget ui-corner-all ui-state-default ui-state-hover' is clicked on

2022-03-29 19:00:02 - [MESSAGE][PASSED] - Object: 'Object Repository/M-OBJECTS TAREAS SECUNDARIAS/Pruebas capacitacion/Enviar_Diploma/div_Grupo_ui-chkbox-box ui-widget ui-corner-all ui-state-default ui-state-hover' is clicked on

2022-03-29 19:00:02 - [TEST_STEP][PASSED] - click(findTestObject("M-OBJECTS TAREAS SECUNDARIAS/Pruebas capacitacion/Enviar_Diploma/a_Generar")): Object: 'Object Repository/M-OBJECTS TAREAS SECUNDARIAS/Pruebas capacitacion/Enviar_Diploma/a_Generar' is clicked on

2022-03-29 19:00:02 - [MESSAGE][PASSED] - Object: 'Object Repository/M-OBJECTS TAREAS SECUNDARIAS/Pruebas capacitacion/Enviar_Diploma/a_Generar' is clicked on

2022-03-29 19:00:02 - [TEST_STEP][PASSED] - click(findTestObject("M-OBJECTS TAREAS SECUNDARIAS/Pruebas capacitacion/Enviar_Diploma/span_Cupo_ui-icon ui-icon-closethick")): Object: 'Object Repository/M-OBJECTS TAREAS SECUNDARIAS/Pruebas capacitacion/Enviar_Diploma/span_Cupo_ui-icon ui-icon-closethick' is clicked on

2022-03-29 19:00:03 - [MESSAGE][PASSED] - Object: 'Object Repository/M-OBJECTS TAREAS SECUNDARIAS/Pruebas capacitacion/Enviar_Diploma/span_Cupo_ui-icon ui-icon-closethick' is clicked on

2022-03-29 19:00:03 - [TEST_STEP][PASSED] - closeBrowser(): Browser is closed

2022-03-29 19:00:04 - [MESSAGE][PASSED] - Browser is closed]]></system-out>
         <system-err><![CDATA[]]></system-err>
      </testcase>
      <testcase name="Test Cases/1.2-Tareas_Secundarias/5.1-Pruebas_SST/5.1.1-Reporte_de_accidente_de_trabajo" time="116.223" classname="Test Cases/1.2-Tareas_Secundarias/5.1-Pruebas_SST/5.1.1-Reporte_de_accidente_de_trabajo" status="PASSED">
         <system-out><![CDATA[2022-03-29 19:00:04 - [TEST_CASE][PASSED] - Test Cases/1.2-Tareas_Secundarias/5.1-Pruebas_SST/5.1.1-Reporte_de_accidente_de_trabajo: Test Cases/1.2-Tareas_Secundarias/5.1-Pruebas_SST/5.1.1-Reporte_de_accidente_de_trabajo

2022-03-29 19:00:04 - [TEST_STEP][PASSED] - callTestCase(findTestCase("0.1-Login"), [:], STOP_ON_FAILURE): Call Test Case 'Test Cases/0.1-Login' successfully

2022-03-29 19:00:04 - [TEST_CASE][PASSED] - Test Cases/0.1-Login: Test Cases/0.1-Login

2022-03-29 19:00:05 - [TEST_STEP][PASSED] - openBrowser(""): Browser is opened with url: ''

2022-03-29 19:00:05 - [MESSAGE][INFO] - Starting 'Chrome' driver

2022-03-29 19:00:05 - [MESSAGE][INFO] - Action delay is set to 50 milliseconds

2022-03-29 19:00:06 - [MESSAGE][PASSED] - Browser is opened with url: ''

2022-03-29 19:00:06 - [TEST_STEP][PASSED] - maximizeWindow(): Current window maximized

2022-03-29 19:00:06 - [MESSAGE][PASSED] - Current window maximized

2022-03-29 19:00:06 - [TEST_STEP][PASSED] - i = G_Login: null

2022-03-29 19:00:06 - [TEST_STEP][PASSED] - url = new java.net.URL(i): null

2022-03-29 19:00:06 - [TEST_STEP][PASSED] - println("URL: " + url.toString()): null

2022-03-29 19:00:06 - [TEST_STEP][PASSED] - connection = url.openConnection(): null

2022-03-29 19:00:06 - [TEST_STEP][PASSED] - connection.setRequestMethod("GET"): null

2022-03-29 19:00:06 - [TEST_STEP][PASSED] - connection.setReadTimeout(2 * 1000): null

2022-03-29 19:00:06 - [TEST_STEP][PASSED] - try: null

2022-03-29 19:00:06 - [TEST_STEP][PASSED] - connection.connect(): null

2022-03-29 19:00:06 - [TEST_STEP][PASSED] - flag = connected: null

2022-03-29 19:00:06 - [TEST_STEP][PASSED] - println("Valor_ori: " + flag): null

2022-03-29 19:00:06 - [TEST_STEP][PASSED] - if (flag): null

2022-03-29 19:00:06 - [TEST_STEP][PASSED] - navigateToUrl(i): Navigate to 'http://192.168.2.19:8380/saraweb' successfully

2022-03-29 19:00:06 - [MESSAGE][PASSED] - Navigate to 'http://192.168.2.19:8380/saraweb' successfully

2022-03-29 19:00:06 - [TEST_STEP][PASSED] - a(): null

2022-03-29 19:00:06 - [TEST_STEP][PASSED] - setText(findTestObject("Login/input_USUARIO_loginusuario"), G_Usuario): Text 'saraadmin' is set on object 'Object Repository/Login/input_USUARIO_loginusuario'

2022-03-29 19:00:07 - [MESSAGE][PASSED] - Text 'saraadmin' is set on object 'Object Repository/Login/input_USUARIO_loginusuario'

2022-03-29 19:00:07 - [TEST_STEP][PASSED] - setEncryptedText(findTestObject("Login/input_CLAVE_loginpassword"), "MkG4/TYiCFC3cb2driP7+Q=="): Text ****** has been set on object 'Object Repository/Login/input_CLAVE_loginpassword'

2022-03-29 19:00:08 - [MESSAGE][PASSED] - Text ****** has been set on object 'Object Repository/Login/input_CLAVE_loginpassword'

2022-03-29 19:00:08 - [TEST_STEP][PASSED] - waitForElementClickable(findTestObject("Login/a_Ingresar"), G_TimeOut): Object 'Object Repository/Login/a_Ingresar' is clickable

2022-03-29 19:00:08 - [MESSAGE][PASSED] - Object 'Object Repository/Login/a_Ingresar' is clickable

2022-03-29 19:00:08 - [TEST_STEP][PASSED] - click(findTestObject("Login/a_Ingresar")): Object: 'Object Repository/Login/a_Ingresar' is clicked on

2022-03-29 19:00:10 - [MESSAGE][PASSED] - Object: 'Object Repository/Login/a_Ingresar' is clicked on

2022-03-29 19:00:10 - [TEST_STEP][PASSED] - element = findWebElement(findTestObject("Login/a_Ir"), 30): null

2022-03-29 19:00:10 - [TEST_STEP][PASSED] - executeJavaScript("arguments[0].click()", Arrays.asList(element)): Execute JavaScript 'arguments[0].click()' successfully

2022-03-29 19:00:10 - [MESSAGE][PASSED] - Execute JavaScript 'arguments[0].click()' successfully

2022-03-29 19:00:10 - [MESSAGE][PASSED] - Call Test Case 'Test Cases/0.1-Login' successfully

2022-03-29 19:00:10 - [TEST_STEP][PASSED] - setText(findTestObject("M-OBJECTS TAREAS SECUNDARIAS/Pruebas SST/Reporte_de_accidente_de_trabajo/input_ADMINISTRADOR DEL SISTEMA - SARA_form_templatej_idt24_input"), "Informe accidente de trabajo"): Text 'Informe accidente de trabajo' is set on object 'Object Repository/M-OBJECTS TAREAS SECUNDARIAS/Pruebas SST/Reporte_de_accidente_de_trabajo/input_ADMINISTRADOR DEL SISTEMA - SARA_form_templatej_idt24_input'

2022-03-29 19:00:12 - [MESSAGE][PASSED] - Text 'Informe accidente de trabajo' is set on object 'Object Repository/M-OBJECTS TAREAS SECUNDARIAS/Pruebas SST/Reporte_de_accidente_de_trabajo/input_ADMINISTRADOR DEL SISTEMA - SARA_form_templatej_idt24_input'

2022-03-29 19:00:12 - [TEST_STEP][PASSED] - click(findTestObject("M-OBJECTS TAREAS SECUNDARIAS/Pruebas SST/Reporte_de_accidente_de_trabajo/li_Informe Accidente de Trabajo (sst)")): Object: 'Object Repository/M-OBJECTS TAREAS SECUNDARIAS/Pruebas SST/Reporte_de_accidente_de_trabajo/li_Informe Accidente de Trabajo (sst)' is clicked on

2022-03-29 19:00:13 - [MESSAGE][PASSED] - Object: 'Object Repository/M-OBJECTS TAREAS SECUNDARIAS/Pruebas SST/Reporte_de_accidente_de_trabajo/li_Informe Accidente de Trabajo (sst)' is clicked on

2022-03-29 19:00:13 - [TEST_STEP][PASSED] - if (waitForElementPresent(findTestObject("M-OBJECTS TAREAS SECUNDARIAS/Pruebas SST/Reporte_de_accidente_de_trabajo/span_Prueba"), 1)): null

2022-03-29 19:00:15 - [MESSAGE][PASSED] - Object 'Object Repository/M-OBJECTS TAREAS SECUNDARIAS/Pruebas SST/Reporte_de_accidente_de_trabajo/span_Prueba' is present

2022-03-29 19:00:15 - [TEST_STEP][PASSED] - click(findTestObject("M-OBJECTS TAREAS SECUNDARIAS/Pruebas SST/Reporte_de_accidente_de_trabajo/span_Prueba")): Object: 'Object Repository/M-OBJECTS TAREAS SECUNDARIAS/Pruebas SST/Reporte_de_accidente_de_trabajo/span_Prueba' is clicked on

2022-03-29 19:00:15 - [MESSAGE][PASSED] - Object: 'Object Repository/M-OBJECTS TAREAS SECUNDARIAS/Pruebas SST/Reporte_de_accidente_de_trabajo/span_Prueba' is clicked on

2022-03-29 19:00:15 - [TEST_STEP][PASSED] - click(findTestObject("M-OBJECTS TAREAS SECUNDARIAS/Pruebas SST/Reporte_de_accidente_de_trabajo/a_Recomendaciones_Eliminar")): Object: 'Object Repository/M-OBJECTS TAREAS SECUNDARIAS/Pruebas SST/Reporte_de_accidente_de_trabajo/a_Recomendaciones_Eliminar' is clicked on

2022-03-29 19:00:16 - [MESSAGE][PASSED] - Object: 'Object Repository/M-OBJECTS TAREAS SECUNDARIAS/Pruebas SST/Reporte_de_accidente_de_trabajo/a_Recomendaciones_Eliminar' is clicked on

2022-03-29 19:00:16 - [TEST_STEP][PASSED] - if (waitForElementPresent(findTestObject("M-OBJECTS TAREAS SECUNDARIAS/Pruebas SST/Reporte_de_accidente_de_trabajo/span_Camine con Precaucin_eliminar"), 1)): null

2022-03-29 19:00:17 - [MESSAGE][PASSED] - Object 'Object Repository/M-OBJECTS TAREAS SECUNDARIAS/Pruebas SST/Reporte_de_accidente_de_trabajo/span_Camine con Precaucin_eliminar' is present

2022-03-29 19:00:17 - [TEST_STEP][PASSED] - click(findTestObject("M-OBJECTS TAREAS SECUNDARIAS/Pruebas SST/Reporte_de_accidente_de_trabajo/span_Camine con Precaucin_eliminar")): Object: 'Object Repository/M-OBJECTS TAREAS SECUNDARIAS/Pruebas SST/Reporte_de_accidente_de_trabajo/span_Camine con Precaucin_eliminar' is clicked on

2022-03-29 19:00:18 - [MESSAGE][PASSED] - Object: 'Object Repository/M-OBJECTS TAREAS SECUNDARIAS/Pruebas SST/Reporte_de_accidente_de_trabajo/span_Camine con Precaucin_eliminar' is clicked on

2022-03-29 19:00:18 - [TEST_STEP][PASSED] - click(findTestObject("M-OBJECTS TAREAS SECUNDARIAS/Pruebas SST/Reporte_de_accidente_de_trabajo/a_Eliminar0")): Object: 'Object Repository/M-OBJECTS TAREAS SECUNDARIAS/Pruebas SST/Reporte_de_accidente_de_trabajo/a_Eliminar0' is clicked on

2022-03-29 19:00:19 - [MESSAGE][PASSED] - Object: 'Object Repository/M-OBJECTS TAREAS SECUNDARIAS/Pruebas SST/Reporte_de_accidente_de_trabajo/a_Eliminar0' is clicked on

2022-03-29 19:00:19 - [TEST_STEP][PASSED] - click(findTestObject("M-OBJECTS TAREAS SECUNDARIAS/Pruebas SST/Reporte_de_accidente_de_trabajo/a_Aceptar_Eliminar0")): Object: 'Object Repository/M-OBJECTS TAREAS SECUNDARIAS/Pruebas SST/Reporte_de_accidente_de_trabajo/a_Aceptar_Eliminar0' is clicked on

2022-03-29 19:00:19 - [MESSAGE][PASSED] - Object: 'Object Repository/M-OBJECTS TAREAS SECUNDARIAS/Pruebas SST/Reporte_de_accidente_de_trabajo/a_Aceptar_Eliminar0' is clicked on

2022-03-29 19:00:19 - [TEST_STEP][PASSED] - click(findTestObject("M-OBJECTS TAREAS SECUNDARIAS/Pruebas SST/Reporte_de_accidente_de_trabajo/a_Testigo_Eliminar")): Object: 'Object Repository/M-OBJECTS TAREAS SECUNDARIAS/Pruebas SST/Reporte_de_accidente_de_trabajo/a_Testigo_Eliminar' is clicked on

2022-03-29 19:00:20 - [MESSAGE][PASSED] - Object: 'Object Repository/M-OBJECTS TAREAS SECUNDARIAS/Pruebas SST/Reporte_de_accidente_de_trabajo/a_Testigo_Eliminar' is clicked on

2022-03-29 19:00:20 - [TEST_STEP][PASSED] - if (waitForElementPresent(findTestObject("M-OBJECTS TAREAS SECUNDARIAS/Pruebas SST/Reporte_de_accidente_de_trabajo/td_DIAZ BLANCO GUISELL"), 1)): null

2022-03-29 19:00:21 - [MESSAGE][PASSED] - Object 'Object Repository/M-OBJECTS TAREAS SECUNDARIAS/Pruebas SST/Reporte_de_accidente_de_trabajo/td_DIAZ BLANCO GUISELL' is present

2022-03-29 19:00:21 - [TEST_STEP][PASSED] - click(findTestObject("M-OBJECTS TAREAS SECUNDARIAS/Pruebas SST/Reporte_de_accidente_de_trabajo/td_DIAZ BLANCO GUISELL")): Object: 'Object Repository/M-OBJECTS TAREAS SECUNDARIAS/Pruebas SST/Reporte_de_accidente_de_trabajo/td_DIAZ BLANCO GUISELL' is clicked on

2022-03-29 19:00:21 - [MESSAGE][PASSED] - Object: 'Object Repository/M-OBJECTS TAREAS SECUNDARIAS/Pruebas SST/Reporte_de_accidente_de_trabajo/td_DIAZ BLANCO GUISELL' is clicked on

2022-03-29 19:00:21 - [TEST_STEP][PASSED] - click(findTestObject("M-OBJECTS TAREAS SECUNDARIAS/Pruebas SST/Reporte_de_accidente_de_trabajo/a_Eliminar1")): Object: 'Object Repository/M-OBJECTS TAREAS SECUNDARIAS/Pruebas SST/Reporte_de_accidente_de_trabajo/a_Eliminar1' is clicked on

2022-03-29 19:00:22 - [MESSAGE][PASSED] - Object: 'Object Repository/M-OBJECTS TAREAS SECUNDARIAS/Pruebas SST/Reporte_de_accidente_de_trabajo/a_Eliminar1' is clicked on

2022-03-29 19:00:22 - [TEST_STEP][PASSED] - click(findTestObject("M-OBJECTS TAREAS SECUNDARIAS/Pruebas SST/Reporte_de_accidente_de_trabajo/a_Aceptar_Eliminar1")): Object: 'Object Repository/M-OBJECTS TAREAS SECUNDARIAS/Pruebas SST/Reporte_de_accidente_de_trabajo/a_Aceptar_Eliminar1' is clicked on

2022-03-29 19:00:23 - [MESSAGE][PASSED] - Object: 'Object Repository/M-OBJECTS TAREAS SECUNDARIAS/Pruebas SST/Reporte_de_accidente_de_trabajo/a_Aceptar_Eliminar1' is clicked on

2022-03-29 19:00:23 - [TEST_STEP][PASSED] - click(findTestObject("M-OBJECTS TAREAS SECUNDARIAS/Pruebas SST/Reporte_de_accidente_de_trabajo/a_Accidentado_Eliminar")): Object: 'Object Repository/M-OBJECTS TAREAS SECUNDARIAS/Pruebas SST/Reporte_de_accidente_de_trabajo/a_Accidentado_Eliminar' is clicked on

2022-03-29 19:00:24 - [MESSAGE][PASSED] - Object: 'Object Repository/M-OBJECTS TAREAS SECUNDARIAS/Pruebas SST/Reporte_de_accidente_de_trabajo/a_Accidentado_Eliminar' is clicked on

2022-03-29 19:00:24 - [TEST_STEP][PASSED] - if (waitForElementPresent(findTestObject("M-OBJECTS TAREAS SECUNDARIAS/Pruebas SST/Reporte_de_accidente_de_trabajo/span_DIAZ BLANCO GUISELL_Eliminar"), 1)): null

2022-03-29 19:00:25 - [MESSAGE][PASSED] - Object 'Object Repository/M-OBJECTS TAREAS SECUNDARIAS/Pruebas SST/Reporte_de_accidente_de_trabajo/span_DIAZ BLANCO GUISELL_Eliminar' is present

2022-03-29 19:00:25 - [TEST_STEP][PASSED] - click(findTestObject("M-OBJECTS TAREAS SECUNDARIAS/Pruebas SST/Reporte_de_accidente_de_trabajo/span_DIAZ BLANCO GUISELL_Eliminar")): Object: 'Object Repository/M-OBJECTS TAREAS SECUNDARIAS/Pruebas SST/Reporte_de_accidente_de_trabajo/span_DIAZ BLANCO GUISELL_Eliminar' is clicked on

2022-03-29 19:00:25 - [MESSAGE][PASSED] - Object: 'Object Repository/M-OBJECTS TAREAS SECUNDARIAS/Pruebas SST/Reporte_de_accidente_de_trabajo/span_DIAZ BLANCO GUISELL_Eliminar' is clicked on

2022-03-29 19:00:25 - [TEST_STEP][PASSED] - click(findTestObject("M-OBJECTS TAREAS SECUNDARIAS/Pruebas SST/Reporte_de_accidente_de_trabajo/a_Investigaciones")): Object: 'Object Repository/M-OBJECTS TAREAS SECUNDARIAS/Pruebas SST/Reporte_de_accidente_de_trabajo/a_Investigaciones' is clicked on

2022-03-29 19:00:27 - [MESSAGE][PASSED] - Object: 'Object Repository/M-OBJECTS TAREAS SECUNDARIAS/Pruebas SST/Reporte_de_accidente_de_trabajo/a_Investigaciones' is clicked on

2022-03-29 19:00:27 - [TEST_STEP][PASSED] - if (waitForElementVisible(findTestObject("M-OBJECTS TAREAS SECUNDARIAS/Pruebas SST/Reporte_de_accidente_de_trabajo/span_Prueba0"), 1)): null

2022-03-29 19:00:28 - [MESSAGE][PASSED] - Object 'Object Repository/M-OBJECTS TAREAS SECUNDARIAS/Pruebas SST/Reporte_de_accidente_de_trabajo/span_Prueba0' is visible

2022-03-29 19:00:28 - [TEST_STEP][PASSED] - click(findTestObject("M-OBJECTS TAREAS SECUNDARIAS/Pruebas SST/Reporte_de_accidente_de_trabajo/span_Prueba0")): Object: 'Object Repository/M-OBJECTS TAREAS SECUNDARIAS/Pruebas SST/Reporte_de_accidente_de_trabajo/span_Prueba0' is clicked on

2022-03-29 19:00:28 - [MESSAGE][PASSED] - Object: 'Object Repository/M-OBJECTS TAREAS SECUNDARIAS/Pruebas SST/Reporte_de_accidente_de_trabajo/span_Prueba0' is clicked on

2022-03-29 19:00:28 - [TEST_STEP][PASSED] - click(findTestObject("M-OBJECTS TAREAS SECUNDARIAS/Pruebas SST/Reporte_de_accidente_de_trabajo/a_Accin2")): Object: 'Object Repository/M-OBJECTS TAREAS SECUNDARIAS/Pruebas SST/Reporte_de_accidente_de_trabajo/a_Accin2' is clicked on

2022-03-29 19:00:29 - [MESSAGE][PASSED] - Object: 'Object Repository/M-OBJECTS TAREAS SECUNDARIAS/Pruebas SST/Reporte_de_accidente_de_trabajo/a_Accin2' is clicked on

2022-03-29 19:00:29 - [TEST_STEP][PASSED] - if (waitForElementVisible(findTestObject("M-OBJECTS TAREAS SECUNDARIAS/Pruebas SST/Reporte_de_accidente_de_trabajo/span_Tipo Accion"), 1)): null

2022-03-29 19:00:30 - [MESSAGE][PASSED] - Object 'Object Repository/M-OBJECTS TAREAS SECUNDARIAS/Pruebas SST/Reporte_de_accidente_de_trabajo/span_Tipo Accion' is visible

2022-03-29 19:00:30 - [TEST_STEP][PASSED] - click(findTestObject("M-OBJECTS TAREAS SECUNDARIAS/Pruebas SST/Reporte_de_accidente_de_trabajo/span_Tipo Accion")): Object: 'Object Repository/M-OBJECTS TAREAS SECUNDARIAS/Pruebas SST/Reporte_de_accidente_de_trabajo/span_Tipo Accion' is clicked on

2022-03-29 19:00:30 - [MESSAGE][PASSED] - Object: 'Object Repository/M-OBJECTS TAREAS SECUNDARIAS/Pruebas SST/Reporte_de_accidente_de_trabajo/span_Tipo Accion' is clicked on

2022-03-29 19:00:30 - [TEST_STEP][PASSED] - click(findTestObject("M-OBJECTS TAREAS SECUNDARIAS/Pruebas SST/Reporte_de_accidente_de_trabajo/a_Control")): Object: 'Object Repository/M-OBJECTS TAREAS SECUNDARIAS/Pruebas SST/Reporte_de_accidente_de_trabajo/a_Control' is clicked on

2022-03-29 19:00:31 - [MESSAGE][PASSED] - Object: 'Object Repository/M-OBJECTS TAREAS SECUNDARIAS/Pruebas SST/Reporte_de_accidente_de_trabajo/a_Control' is clicked on

2022-03-29 19:00:31 - [TEST_STEP][PASSED] - if (waitForElementVisible(findTestObject("M-OBJECTS TAREAS SECUNDARIAS/Pruebas SST/Reporte_de_accidente_de_trabajo/a_Efectuado_form_popupRecomendacionInvvpanel_principal_23tablaControl0j_idt460"), 1)): null

2022-03-29 19:00:32 - [MESSAGE][PASSED] - Object 'Object Repository/M-OBJECTS TAREAS SECUNDARIAS/Pruebas SST/Reporte_de_accidente_de_trabajo/a_Efectuado_form_popupRecomendacionInvvpanel_principal_23tablaControl0j_idt460' is visible

2022-03-29 19:00:32 - [TEST_STEP][PASSED] - click(findTestObject("M-OBJECTS TAREAS SECUNDARIAS/Pruebas SST/Reporte_de_accidente_de_trabajo/a_Efectuado_form_popupRecomendacionInvvpanel_principal_23tablaControl0j_idt460")): Object: 'Object Repository/M-OBJECTS TAREAS SECUNDARIAS/Pruebas SST/Reporte_de_accidente_de_trabajo/a_Efectuado_form_popupRecomendacionInvvpanel_principal_23tablaControl0j_idt460' is clicked on

2022-03-29 19:00:32 - [MESSAGE][PASSED] - Object: 'Object Repository/M-OBJECTS TAREAS SECUNDARIAS/Pruebas SST/Reporte_de_accidente_de_trabajo/a_Efectuado_form_popupRecomendacionInvvpanel_principal_23tablaControl0j_idt460' is clicked on

2022-03-29 19:00:32 - [TEST_STEP][PASSED] - click(findTestObject("M-OBJECTS TAREAS SECUNDARIAS/Pruebas SST/Reporte_de_accidente_de_trabajo/label_Confirmacin"), STOP_ON_FAILURE): Object: 'Object Repository/M-OBJECTS TAREAS SECUNDARIAS/Pruebas SST/Reporte_de_accidente_de_trabajo/label_Confirmacin' is clicked on

2022-03-29 19:00:33 - [MESSAGE][PASSED] - Object: 'Object Repository/M-OBJECTS TAREAS SECUNDARIAS/Pruebas SST/Reporte_de_accidente_de_trabajo/label_Confirmacin' is clicked on

2022-03-29 19:00:33 - [TEST_STEP][PASSED] - click(findTestObject("M-OBJECTS TAREAS SECUNDARIAS/Pruebas SST/Reporte_de_accidente_de_trabajo/a_Aceptar_eliminar accion")): Object: 'Object Repository/M-OBJECTS TAREAS SECUNDARIAS/Pruebas SST/Reporte_de_accidente_de_trabajo/a_Aceptar_eliminar accion' is clicked on

2022-03-29 19:00:34 - [MESSAGE][PASSED] - Object: 'Object Repository/M-OBJECTS TAREAS SECUNDARIAS/Pruebas SST/Reporte_de_accidente_de_trabajo/a_Aceptar_eliminar accion' is clicked on

2022-03-29 19:00:34 - [TEST_STEP][PASSED] - click(findTestObject("M-OBJECTS TAREAS SECUNDARIAS/Pruebas SST/Reporte_de_accidente_de_trabajo/a_Accin")): Object: 'Object Repository/M-OBJECTS TAREAS SECUNDARIAS/Pruebas SST/Reporte_de_accidente_de_trabajo/a_Accin' is clicked on

2022-03-29 19:00:34 - [MESSAGE][PASSED] - Object: 'Object Repository/M-OBJECTS TAREAS SECUNDARIAS/Pruebas SST/Reporte_de_accidente_de_trabajo/a_Accin' is clicked on

2022-03-29 19:00:34 - [TEST_STEP][PASSED] - click(findTestObject("M-OBJECTS TAREAS SECUNDARIAS/Pruebas SST/Reporte_de_accidente_de_trabajo/a_Eliminar")): Object: 'Object Repository/M-OBJECTS TAREAS SECUNDARIAS/Pruebas SST/Reporte_de_accidente_de_trabajo/a_Eliminar' is clicked on

2022-03-29 19:00:35 - [MESSAGE][PASSED] - Object: 'Object Repository/M-OBJECTS TAREAS SECUNDARIAS/Pruebas SST/Reporte_de_accidente_de_trabajo/a_Eliminar' is clicked on

2022-03-29 19:00:35 - [TEST_STEP][PASSED] - click(findTestObject("M-OBJECTS TAREAS SECUNDARIAS/Pruebas SST/Reporte_de_accidente_de_trabajo/a_Aceptar_eliminar accion")): Object: 'Object Repository/M-OBJECTS TAREAS SECUNDARIAS/Pruebas SST/Reporte_de_accidente_de_trabajo/a_Aceptar_eliminar accion' is clicked on

2022-03-29 19:00:36 - [MESSAGE][PASSED] - Object: 'Object Repository/M-OBJECTS TAREAS SECUNDARIAS/Pruebas SST/Reporte_de_accidente_de_trabajo/a_Aceptar_eliminar accion' is clicked on

2022-03-29 19:00:36 - [TEST_STEP][PASSED] - click(findTestObject("M-OBJECTS TAREAS SECUNDARIAS/Pruebas SST/Reporte_de_accidente_de_trabajo/a_Determinacin de Causas")): Object: 'Object Repository/M-OBJECTS TAREAS SECUNDARIAS/Pruebas SST/Reporte_de_accidente_de_trabajo/a_Determinacin de Causas' is clicked on

2022-03-29 19:00:37 - [MESSAGE][PASSED] - Object: 'Object Repository/M-OBJECTS TAREAS SECUNDARIAS/Pruebas SST/Reporte_de_accidente_de_trabajo/a_Determinacin de Causas' is clicked on

2022-03-29 19:00:37 - [TEST_STEP][PASSED] - if (waitForElementVisible(findTestObject("M-OBJECTS TAREAS SECUNDARIAS/Pruebas SST/Reporte_de_accidente_de_trabajo/span_Causas Bsicas"), 1)): null

2022-03-29 19:00:37 - [MESSAGE][PASSED] - Object 'Object Repository/M-OBJECTS TAREAS SECUNDARIAS/Pruebas SST/Reporte_de_accidente_de_trabajo/span_Causas Bsicas' is visible

2022-03-29 19:00:37 - [TEST_STEP][PASSED] - click(findTestObject("M-OBJECTS TAREAS SECUNDARIAS/Pruebas SST/Reporte_de_accidente_de_trabajo/a_Anexos")): Object: 'Object Repository/M-OBJECTS TAREAS SECUNDARIAS/Pruebas SST/Reporte_de_accidente_de_trabajo/a_Anexos' is clicked on

2022-03-29 19:00:38 - [MESSAGE][PASSED] - Object: 'Object Repository/M-OBJECTS TAREAS SECUNDARIAS/Pruebas SST/Reporte_de_accidente_de_trabajo/a_Anexos' is clicked on

2022-03-29 19:00:38 - [TEST_STEP][PASSED] - if (waitForElementVisible(findTestObject("M-OBJECTS TAREAS SECUNDARIAS/Pruebas SST/Reporte_de_accidente_de_trabajo/a_prueba.pdf_j_idt1841tabInvestigacionAccidentadotablaAnexos0j_idt2142"), 1)): null

2022-03-29 19:00:39 - [MESSAGE][PASSED] - Object 'Object Repository/M-OBJECTS TAREAS SECUNDARIAS/Pruebas SST/Reporte_de_accidente_de_trabajo/a_prueba.pdf_j_idt1841tabInvestigacionAccidentadotablaAnexos0j_idt2142' is visible

2022-03-29 19:00:39 - [TEST_STEP][PASSED] - click(findTestObject("M-OBJECTS TAREAS SECUNDARIAS/Pruebas SST/Reporte_de_accidente_de_trabajo/a_prueba.pdf_j_idt1841tabInvestigacionAccidentadotablaAnexos0j_idt2142")): Object: 'Object Repository/M-OBJECTS TAREAS SECUNDARIAS/Pruebas SST/Reporte_de_accidente_de_trabajo/a_prueba.pdf_j_idt1841tabInvestigacionAccidentadotablaAnexos0j_idt2142' is clicked on

2022-03-29 19:00:39 - [MESSAGE][PASSED] - Object: 'Object Repository/M-OBJECTS TAREAS SECUNDARIAS/Pruebas SST/Reporte_de_accidente_de_trabajo/a_prueba.pdf_j_idt1841tabInvestigacionAccidentadotablaAnexos0j_idt2142' is clicked on

2022-03-29 19:00:39 - [TEST_STEP][PASSED] - click(findTestObject("M-OBJECTS TAREAS SECUNDARIAS/Pruebas SST/Reporte_de_accidente_de_trabajo/span_Si")): Object: 'Object Repository/M-OBJECTS TAREAS SECUNDARIAS/Pruebas SST/Reporte_de_accidente_de_trabajo/span_Si' is clicked on

2022-03-29 19:00:40 - [MESSAGE][PASSED] - Object: 'Object Repository/M-OBJECTS TAREAS SECUNDARIAS/Pruebas SST/Reporte_de_accidente_de_trabajo/span_Si' is clicked on

2022-03-29 19:00:40 - [TEST_STEP][PASSED] - click(findTestObject("M-OBJECTS TAREAS SECUNDARIAS/Pruebas SST/Reporte_de_accidente_de_trabajo/a_Determinacin de Causas")): Object: 'Object Repository/M-OBJECTS TAREAS SECUNDARIAS/Pruebas SST/Reporte_de_accidente_de_trabajo/a_Determinacin de Causas' is clicked on

2022-03-29 19:00:41 - [MESSAGE][PASSED] - Object: 'Object Repository/M-OBJECTS TAREAS SECUNDARIAS/Pruebas SST/Reporte_de_accidente_de_trabajo/a_Determinacin de Causas' is clicked on

2022-03-29 19:00:41 - [TEST_STEP][PASSED] - click(findTestObject("M-OBJECTS TAREAS SECUNDARIAS/Pruebas SST/Reporte_de_accidente_de_trabajo/span_Causas Bsicas")): Object: 'Object Repository/M-OBJECTS TAREAS SECUNDARIAS/Pruebas SST/Reporte_de_accidente_de_trabajo/span_Causas Bsicas' is clicked on

2022-03-29 19:00:42 - [MESSAGE][PASSED] - Object: 'Object Repository/M-OBJECTS TAREAS SECUNDARIAS/Pruebas SST/Reporte_de_accidente_de_trabajo/span_Causas Bsicas' is clicked on

2022-03-29 19:00:42 - [TEST_STEP][PASSED] - click(findTestObject("M-OBJECTS TAREAS SECUNDARIAS/Pruebas SST/Reporte_de_accidente_de_trabajo/span_Eliminar")): Object: 'Object Repository/M-OBJECTS TAREAS SECUNDARIAS/Pruebas SST/Reporte_de_accidente_de_trabajo/span_Eliminar' is clicked on

2022-03-29 19:00:42 - [MESSAGE][PASSED] - Object: 'Object Repository/M-OBJECTS TAREAS SECUNDARIAS/Pruebas SST/Reporte_de_accidente_de_trabajo/span_Eliminar' is clicked on

2022-03-29 19:00:42 - [TEST_STEP][PASSED] - click(findTestObject("M-OBJECTS TAREAS SECUNDARIAS/Pruebas SST/Reporte_de_accidente_de_trabajo/a_Aceptar_Eliminar_causaInve")): Object: 'Object Repository/M-OBJECTS TAREAS SECUNDARIAS/Pruebas SST/Reporte_de_accidente_de_trabajo/a_Aceptar_Eliminar_causaInve' is clicked on

2022-03-29 19:00:43 - [MESSAGE][PASSED] - Object: 'Object Repository/M-OBJECTS TAREAS SECUNDARIAS/Pruebas SST/Reporte_de_accidente_de_trabajo/a_Aceptar_Eliminar_causaInve' is clicked on

2022-03-29 19:00:43 - [TEST_STEP][PASSED] - click(findTestObject("M-OBJECTS TAREAS SECUNDARIAS/Pruebas SST/Reporte_de_accidente_de_trabajo/a_Anlisis Causal")): Object: 'Object Repository/M-OBJECTS TAREAS SECUNDARIAS/Pruebas SST/Reporte_de_accidente_de_trabajo/a_Anlisis Causal' is clicked on

2022-03-29 19:00:44 - [MESSAGE][PASSED] - Object: 'Object Repository/M-OBJECTS TAREAS SECUNDARIAS/Pruebas SST/Reporte_de_accidente_de_trabajo/a_Anlisis Causal' is clicked on

2022-03-29 19:00:44 - [TEST_STEP][PASSED] - if (waitForElementVisible(findTestObject("M-OBJECTS TAREAS SECUNDARIAS/Pruebas SST/Reporte_de_accidente_de_trabajo/a_Anexos"), 1)): null

2022-03-29 19:00:45 - [MESSAGE][PASSED] - Object 'Object Repository/M-OBJECTS TAREAS SECUNDARIAS/Pruebas SST/Reporte_de_accidente_de_trabajo/a_Anexos' is visible

2022-03-29 19:00:45 - [TEST_STEP][PASSED] - click(findTestObject("M-OBJECTS TAREAS SECUNDARIAS/Pruebas SST/Reporte_de_accidente_de_trabajo/a_Anexos")): Object: 'Object Repository/M-OBJECTS TAREAS SECUNDARIAS/Pruebas SST/Reporte_de_accidente_de_trabajo/a_Anexos' is clicked on

2022-03-29 19:00:46 - [MESSAGE][PASSED] - Object: 'Object Repository/M-OBJECTS TAREAS SECUNDARIAS/Pruebas SST/Reporte_de_accidente_de_trabajo/a_Anexos' is clicked on

2022-03-29 19:00:46 - [TEST_STEP][PASSED] - if (waitForElementVisible(findTestObject("M-OBJECTS TAREAS SECUNDARIAS/Pruebas SST/Reporte_de_accidente_de_trabajo/a_prueba.pdf_j_idt1841tabInvestigacionAccidentadotablaAnexos0j_idt2142"), 1)): Object 'Object Repository/M-OBJECTS TAREAS SECUNDARIAS/Pruebas SST/Reporte_de_accidente_de_trabajo/a_prueba.pdf_j_idt1841tabInvestigacionAccidentadotablaAnexos0j_idt2142' is not visible after 1 second(s)

2022-03-29 19:00:47 - [MESSAGE][WARNING] - Object 'Object Repository/M-OBJECTS TAREAS SECUNDARIAS/Pruebas SST/Reporte_de_accidente_de_trabajo/a_prueba.pdf_j_idt1841tabInvestigacionAccidentadotablaAnexos0j_idt2142' is not visible after 1 second(s)

2022-03-29 19:00:47 - [TEST_STEP][PASSED] - click(findTestObject("M-OBJECTS TAREAS SECUNDARIAS/Pruebas SST/Reporte_de_accidente_de_trabajo/a_Anlisis Causal")): Object: 'Object Repository/M-OBJECTS TAREAS SECUNDARIAS/Pruebas SST/Reporte_de_accidente_de_trabajo/a_Anlisis Causal' is clicked on

2022-03-29 19:00:48 - [MESSAGE][PASSED] - Object: 'Object Repository/M-OBJECTS TAREAS SECUNDARIAS/Pruebas SST/Reporte_de_accidente_de_trabajo/a_Anlisis Causal' is clicked on

2022-03-29 19:00:48 - [TEST_STEP][PASSED] - if (waitForElementVisible(findTestObject("M-OBJECTS TAREAS SECUNDARIAS/Pruebas SST/Reporte_de_accidente_de_trabajo/td_Metodologa 1"), 1)): null

2022-03-29 19:00:48 - [MESSAGE][PASSED] - Object 'Object Repository/M-OBJECTS TAREAS SECUNDARIAS/Pruebas SST/Reporte_de_accidente_de_trabajo/td_Metodologa 1' is visible

2022-03-29 19:00:48 - [TEST_STEP][PASSED] - click(findTestObject("M-OBJECTS TAREAS SECUNDARIAS/Pruebas SST/Reporte_de_accidente_de_trabajo/td_Metodologa 1")): Object: 'Object Repository/M-OBJECTS TAREAS SECUNDARIAS/Pruebas SST/Reporte_de_accidente_de_trabajo/td_Metodologa 1' is clicked on

2022-03-29 19:00:49 - [MESSAGE][PASSED] - Object: 'Object Repository/M-OBJECTS TAREAS SECUNDARIAS/Pruebas SST/Reporte_de_accidente_de_trabajo/td_Metodologa 1' is clicked on

2022-03-29 19:00:49 - [TEST_STEP][PASSED] - element = findWebElement(findTestObject("M-OBJECTS TAREAS SECUNDARIAS/Pruebas SST/Reporte_de_accidente_de_trabajo/a_EliminarNv2"), 30): null

2022-03-29 19:00:50 - [TEST_STEP][PASSED] - executeJavaScript("arguments[0].click()", Arrays.asList(element)): Execute JavaScript 'arguments[0].click()' successfully

2022-03-29 19:00:50 - [MESSAGE][PASSED] - Execute JavaScript 'arguments[0].click()' successfully

2022-03-29 19:00:50 - [TEST_STEP][PASSED] - click(findTestObject("M-OBJECTS TAREAS SECUNDARIAS/Pruebas SST/Reporte_de_accidente_de_trabajo/a_Aceptar_Eliminar_causal")): Object: 'Object Repository/M-OBJECTS TAREAS SECUNDARIAS/Pruebas SST/Reporte_de_accidente_de_trabajo/a_Aceptar_Eliminar_causal' is clicked on

2022-03-29 19:00:51 - [MESSAGE][PASSED] - Object: 'Object Repository/M-OBJECTS TAREAS SECUNDARIAS/Pruebas SST/Reporte_de_accidente_de_trabajo/a_Aceptar_Eliminar_causal' is clicked on

2022-03-29 19:00:51 - [TEST_STEP][PASSED] - click(findTestObject("M-OBJECTS TAREAS SECUNDARIAS/Pruebas SST/Reporte_de_accidente_de_trabajo/a_Datos de Investigacin Accidentado")): Object: 'Object Repository/M-OBJECTS TAREAS SECUNDARIAS/Pruebas SST/Reporte_de_accidente_de_trabajo/a_Datos de Investigacin Accidentado' is clicked on

2022-03-29 19:00:52 - [MESSAGE][PASSED] - Object: 'Object Repository/M-OBJECTS TAREAS SECUNDARIAS/Pruebas SST/Reporte_de_accidente_de_trabajo/a_Datos de Investigacin Accidentado' is clicked on

2022-03-29 19:00:52 - [TEST_STEP][PASSED] - click(findTestObject("M-OBJECTS TAREAS SECUNDARIAS/Pruebas SST/Reporte_de_accidente_de_trabajo/a_Eliminar")): Object: 'Object Repository/M-OBJECTS TAREAS SECUNDARIAS/Pruebas SST/Reporte_de_accidente_de_trabajo/a_Eliminar' is clicked on

2022-03-29 19:00:52 - [MESSAGE][PASSED] - Object: 'Object Repository/M-OBJECTS TAREAS SECUNDARIAS/Pruebas SST/Reporte_de_accidente_de_trabajo/a_Eliminar' is clicked on

2022-03-29 19:00:52 - [TEST_STEP][PASSED] - click(findTestObject("M-OBJECTS TAREAS SECUNDARIAS/Pruebas SST/Reporte_de_accidente_de_trabajo/a_Aceptar_eliminar datos investigacion")): Object: 'Object Repository/M-OBJECTS TAREAS SECUNDARIAS/Pruebas SST/Reporte_de_accidente_de_trabajo/a_Aceptar_eliminar datos investigacion' is clicked on

2022-03-29 19:00:53 - [MESSAGE][PASSED] - Object: 'Object Repository/M-OBJECTS TAREAS SECUNDARIAS/Pruebas SST/Reporte_de_accidente_de_trabajo/a_Aceptar_eliminar datos investigacion' is clicked on

2022-03-29 19:00:53 - [TEST_STEP][PASSED] - click(findTestObject("M-OBJECTS TAREAS SECUNDARIAS/Pruebas SST/Reporte_de_accidente_de_trabajo/a_Datos Bsicos")): Object: 'Object Repository/M-OBJECTS TAREAS SECUNDARIAS/Pruebas SST/Reporte_de_accidente_de_trabajo/a_Datos Bsicos' is clicked on

2022-03-29 19:00:54 - [MESSAGE][PASSED] - Object: 'Object Repository/M-OBJECTS TAREAS SECUNDARIAS/Pruebas SST/Reporte_de_accidente_de_trabajo/a_Datos Bsicos' is clicked on

2022-03-29 19:00:54 - [TEST_STEP][PASSED] - click(findTestObject("M-OBJECTS TAREAS SECUNDARIAS/Pruebas SST/Reporte_de_accidente_de_trabajo/a_Eliminar2")): Object: 'Object Repository/M-OBJECTS TAREAS SECUNDARIAS/Pruebas SST/Reporte_de_accidente_de_trabajo/a_Eliminar2' is clicked on

2022-03-29 19:00:55 - [MESSAGE][PASSED] - Object: 'Object Repository/M-OBJECTS TAREAS SECUNDARIAS/Pruebas SST/Reporte_de_accidente_de_trabajo/a_Eliminar2' is clicked on

2022-03-29 19:00:55 - [TEST_STEP][PASSED] - click(findTestObject("M-OBJECTS TAREAS SECUNDARIAS/Pruebas SST/Reporte_de_accidente_de_trabajo/a_Aceptar_Eliminar2")): Object: 'Object Repository/M-OBJECTS TAREAS SECUNDARIAS/Pruebas SST/Reporte_de_accidente_de_trabajo/a_Aceptar_Eliminar2' is clicked on

2022-03-29 19:00:56 - [MESSAGE][PASSED] - Object: 'Object Repository/M-OBJECTS TAREAS SECUNDARIAS/Pruebas SST/Reporte_de_accidente_de_trabajo/a_Aceptar_Eliminar2' is clicked on

2022-03-29 19:00:56 - [TEST_STEP][PASSED] - click(findTestObject("M-OBJECTS TAREAS SECUNDARIAS/Pruebas SST/Reporte_de_accidente_de_trabajo/a_Accidente")): Object: 'Object Repository/M-OBJECTS TAREAS SECUNDARIAS/Pruebas SST/Reporte_de_accidente_de_trabajo/a_Accidente' is clicked on

2022-03-29 19:00:57 - [MESSAGE][PASSED] - Object: 'Object Repository/M-OBJECTS TAREAS SECUNDARIAS/Pruebas SST/Reporte_de_accidente_de_trabajo/a_Accidente' is clicked on

2022-03-29 19:00:57 - [TEST_STEP][PASSED] - click(findTestObject("M-OBJECTS TAREAS SECUNDARIAS/Pruebas SST/Reporte_de_accidente_de_trabajo/a_Eliminar_3")): Object: 'Object Repository/M-OBJECTS TAREAS SECUNDARIAS/Pruebas SST/Reporte_de_accidente_de_trabajo/a_Eliminar_3' is clicked on

2022-03-29 19:00:58 - [MESSAGE][PASSED] - Object: 'Object Repository/M-OBJECTS TAREAS SECUNDARIAS/Pruebas SST/Reporte_de_accidente_de_trabajo/a_Eliminar_3' is clicked on

2022-03-29 19:00:58 - [TEST_STEP][PASSED] - click(findTestObject("M-OBJECTS TAREAS SECUNDARIAS/Pruebas SST/Reporte_de_accidente_de_trabajo/a_Aceptar_Eliminar3")): Object: 'Object Repository/M-OBJECTS TAREAS SECUNDARIAS/Pruebas SST/Reporte_de_accidente_de_trabajo/a_Aceptar_Eliminar3' is clicked on

2022-03-29 19:00:58 - [MESSAGE][PASSED] - Object: 'Object Repository/M-OBJECTS TAREAS SECUNDARIAS/Pruebas SST/Reporte_de_accidente_de_trabajo/a_Aceptar_Eliminar3' is clicked on

2022-03-29 19:00:58 - [TEST_STEP][PASSED] - click(findTestObject("M-OBJECTS TAREAS SECUNDARIAS/Pruebas SST/Reporte_de_accidente_de_trabajo/a_Nuevo")): Object: 'Object Repository/M-OBJECTS TAREAS SECUNDARIAS/Pruebas SST/Reporte_de_accidente_de_trabajo/a_Nuevo' is clicked on

2022-03-29 19:00:59 - [MESSAGE][PASSED] - Object: 'Object Repository/M-OBJECTS TAREAS SECUNDARIAS/Pruebas SST/Reporte_de_accidente_de_trabajo/a_Nuevo' is clicked on

2022-03-29 19:00:59 - [TEST_STEP][PASSED] - selectOptionByIndex(findTestObject("M-OBJECTS TAREAS SECUNDARIAS/Pruebas SST/Reporte_de_accidente_de_trabajo/select_-- Seleccin --GrupalIndividual"), 1): All options with index in [1] are selected on object 'Object Repository/M-OBJECTS TAREAS SECUNDARIAS/Pruebas SST/Reporte_de_accidente_de_trabajo/select_-- Seleccin --GrupalIndividual'

2022-03-29 19:01:01 - [MESSAGE][PASSED] - All options with index in [1] are selected on object 'Object Repository/M-OBJECTS TAREAS SECUNDARIAS/Pruebas SST/Reporte_de_accidente_de_trabajo/select_-- Seleccin --GrupalIndividual'

2022-03-29 19:01:01 - [TEST_STEP][PASSED] - click(findTestObject("M-OBJECTS TAREAS SECUNDARIAS/Pruebas SST/Reporte_de_accidente_de_trabajo/a_Continuar")): Object: 'Object Repository/M-OBJECTS TAREAS SECUNDARIAS/Pruebas SST/Reporte_de_accidente_de_trabajo/a_Continuar' is clicked on

2022-03-29 19:01:02 - [MESSAGE][PASSED] - Object: 'Object Repository/M-OBJECTS TAREAS SECUNDARIAS/Pruebas SST/Reporte_de_accidente_de_trabajo/a_Continuar' is clicked on

2022-03-29 19:01:02 - [TEST_STEP][PASSED] - click(findTestObject("M-OBJECTS TAREAS SECUNDARIAS/Pruebas SST/Reporte_de_accidente_de_trabajo/a_Accidente")): Object: 'Object Repository/M-OBJECTS TAREAS SECUNDARIAS/Pruebas SST/Reporte_de_accidente_de_trabajo/a_Accidente' is clicked on

2022-03-29 19:01:02 - [MESSAGE][PASSED] - Object: 'Object Repository/M-OBJECTS TAREAS SECUNDARIAS/Pruebas SST/Reporte_de_accidente_de_trabajo/a_Accidente' is clicked on

2022-03-29 19:01:02 - [TEST_STEP][PASSED] - selectOptionByIndex(findTestObject("M-OBJECTS TAREAS SECUNDARIAS/Pruebas SST/Reporte_de_accidente_de_trabajo/select_-- SELECCIONAR --"), 1): All options with index in [1] are selected on object 'Object Repository/M-OBJECTS TAREAS SECUNDARIAS/Pruebas SST/Reporte_de_accidente_de_trabajo/select_-- SELECCIONAR --'

2022-03-29 19:01:04 - [MESSAGE][PASSED] - All options with index in [1] are selected on object 'Object Repository/M-OBJECTS TAREAS SECUNDARIAS/Pruebas SST/Reporte_de_accidente_de_trabajo/select_-- SELECCIONAR --'

2022-03-29 19:01:04 - [TEST_STEP][PASSED] - selectOptionByIndex(findTestObject("M-OBJECTS TAREAS SECUNDARIAS/Pruebas SST/Reporte_de_accidente_de_trabajo/select_-- SELECCIONAR --desFAMILIAR Tipo AccidenteLABORALPERSONAL"), 3): All options with index in [3] are selected on object 'Object Repository/M-OBJECTS TAREAS SECUNDARIAS/Pruebas SST/Reporte_de_accidente_de_trabajo/select_-- SELECCIONAR --desFAMILIAR Tipo AccidenteLABORALPERSONAL'

2022-03-29 19:01:05 - [MESSAGE][PASSED] - All options with index in [3] are selected on object 'Object Repository/M-OBJECTS TAREAS SECUNDARIAS/Pruebas SST/Reporte_de_accidente_de_trabajo/select_-- SELECCIONAR --desFAMILIAR Tipo AccidenteLABORALPERSONAL'

2022-03-29 19:01:05 - [TEST_STEP][PASSED] - click(findTestObject("M-OBJECTS TAREAS SECUNDARIAS/Pruebas SST/Reporte_de_accidente_de_trabajo/label_Si")): Object: 'Object Repository/M-OBJECTS TAREAS SECUNDARIAS/Pruebas SST/Reporte_de_accidente_de_trabajo/label_Si' is clicked on

2022-03-29 19:01:06 - [MESSAGE][PASSED] - Object: 'Object Repository/M-OBJECTS TAREAS SECUNDARIAS/Pruebas SST/Reporte_de_accidente_de_trabajo/label_Si' is clicked on

2022-03-29 19:01:06 - [TEST_STEP][PASSED] - click(findTestObject("M-OBJECTS TAREAS SECUNDARIAS/Pruebas SST/Reporte_de_accidente_de_trabajo/label_Urbana")): Object: 'Object Repository/M-OBJECTS TAREAS SECUNDARIAS/Pruebas SST/Reporte_de_accidente_de_trabajo/label_Urbana' is clicked on

2022-03-29 19:01:06 - [MESSAGE][PASSED] - Object: 'Object Repository/M-OBJECTS TAREAS SECUNDARIAS/Pruebas SST/Reporte_de_accidente_de_trabajo/label_Urbana' is clicked on

2022-03-29 19:01:06 - [TEST_STEP][PASSED] - click(findTestObject("M-OBJECTS TAREAS SECUNDARIAS/Pruebas SST/Reporte_de_accidente_de_trabajo/a_Ubicacin Fsica_form_detalleAccidentej_idt1171")): Object: 'Object Repository/M-OBJECTS TAREAS SECUNDARIAS/Pruebas SST/Reporte_de_accidente_de_trabajo/a_Ubicacin Fsica_form_detalleAccidentej_idt1171' is clicked on

2022-03-29 19:01:07 - [MESSAGE][PASSED] - Object: 'Object Repository/M-OBJECTS TAREAS SECUNDARIAS/Pruebas SST/Reporte_de_accidente_de_trabajo/a_Ubicacin Fsica_form_detalleAccidentej_idt1171' is clicked on

2022-03-29 19:01:07 - [TEST_STEP][PASSED] - click(findTestObject("M-OBJECTS TAREAS SECUNDARIAS/Pruebas SST/Reporte_de_accidente_de_trabajo/span_Sede Suba")): Object: 'Object Repository/M-OBJECTS TAREAS SECUNDARIAS/Pruebas SST/Reporte_de_accidente_de_trabajo/span_Sede Suba' is clicked on

2022-03-29 19:01:08 - [MESSAGE][PASSED] - Object: 'Object Repository/M-OBJECTS TAREAS SECUNDARIAS/Pruebas SST/Reporte_de_accidente_de_trabajo/span_Sede Suba' is clicked on

2022-03-29 19:01:08 - [TEST_STEP][PASSED] - selectOptionByIndex(findTestObject("M-OBJECTS TAREAS SECUNDARIAS/Pruebas SST/Reporte_de_accidente_de_trabajo/select_-- SELECCIONAR --RECREATIVO O CULTURALPROPIOS DEL TRABAJODEPORTIVOTRANSITOVIOLENCIAPROVOCADOIMPRUDENCIA"), 4): All options with index in [4] are selected on object 'Object Repository/M-OBJECTS TAREAS SECUNDARIAS/Pruebas SST/Reporte_de_accidente_de_trabajo/select_-- SELECCIONAR --RECREATIVO O CULTURALPROPIOS DEL TRABAJODEPORTIVOTRANSITOVIOLENCIAPROVOCADOIMPRUDENCIA'

2022-03-29 19:01:10 - [MESSAGE][PASSED] - All options with index in [4] are selected on object 'Object Repository/M-OBJECTS TAREAS SECUNDARIAS/Pruebas SST/Reporte_de_accidente_de_trabajo/select_-- SELECCIONAR --RECREATIVO O CULTURALPROPIOS DEL TRABAJODEPORTIVOTRANSITOVIOLENCIAPROVOCADOIMPRUDENCIA'

2022-03-29 19:01:10 - [TEST_STEP][PASSED] - selectOptionByIndex(findTestObject("M-OBJECTS TAREAS SECUNDARIAS/Pruebas SST/Reporte_de_accidente_de_trabajo/select_-- SELECCIONAR --AREAS DE PRODUCCIONAREAS RECREATIVAS O DEPORTIVAS"), 9): All options with index in [9] are selected on object 'Object Repository/M-OBJECTS TAREAS SECUNDARIAS/Pruebas SST/Reporte_de_accidente_de_trabajo/select_-- SELECCIONAR --AREAS DE PRODUCCIONAREAS RECREATIVAS O DEPORTIVAS'

2022-03-29 19:01:11 - [MESSAGE][PASSED] - All options with index in [9] are selected on object 'Object Repository/M-OBJECTS TAREAS SECUNDARIAS/Pruebas SST/Reporte_de_accidente_de_trabajo/select_-- SELECCIONAR --AREAS DE PRODUCCIONAREAS RECREATIVAS O DEPORTIVAS'

2022-03-29 19:01:11 - [TEST_STEP][PASSED] - click(findTestObject("M-OBJECTS TAREAS SECUNDARIAS/Pruebas SST/Reporte_de_accidente_de_trabajo/a_Ubicacin Geogrfica Accidente_form_detalleAccidentej_idt1189")): Object: 'Object Repository/M-OBJECTS TAREAS SECUNDARIAS/Pruebas SST/Reporte_de_accidente_de_trabajo/a_Ubicacin Geogrfica Accidente_form_detalleAccidentej_idt1189' is clicked on

2022-03-29 19:01:12 - [MESSAGE][PASSED] - Object: 'Object Repository/M-OBJECTS TAREAS SECUNDARIAS/Pruebas SST/Reporte_de_accidente_de_trabajo/a_Ubicacin Geogrfica Accidente_form_detalleAccidentej_idt1189' is clicked on

2022-03-29 19:01:12 - [TEST_STEP][PASSED] - setText(findTestObject("M-OBJECTS TAREAS SECUNDARIAS/Pruebas SST/Reporte_de_accidente_de_trabajo/input_Ubicacin Geogrfica_formPopUpUbicacionj_idt1544"), "Bogotá"): Text 'Bogotá' is set on object 'Object Repository/M-OBJECTS TAREAS SECUNDARIAS/Pruebas SST/Reporte_de_accidente_de_trabajo/input_Ubicacin Geogrfica_formPopUpUbicacionj_idt1544'

2022-03-29 19:01:13 - [MESSAGE][PASSED] - Text 'Bogotá' is set on object 'Object Repository/M-OBJECTS TAREAS SECUNDARIAS/Pruebas SST/Reporte_de_accidente_de_trabajo/input_Ubicacin Geogrfica_formPopUpUbicacionj_idt1544'

2022-03-29 19:01:13 - [TEST_STEP][PASSED] - setText(findTestObject("M-OBJECTS TAREAS SECUNDARIAS/Pruebas SST/Reporte_de_accidente_de_trabajo/input_Ubicacin Geogrfica_formPopUpUbicacionj_idt1545"), "colombia"): Text 'colombia' is set on object 'Object Repository/M-OBJECTS TAREAS SECUNDARIAS/Pruebas SST/Reporte_de_accidente_de_trabajo/input_Ubicacin Geogrfica_formPopUpUbicacionj_idt1545'

2022-03-29 19:01:14 - [MESSAGE][PASSED] - Text 'colombia' is set on object 'Object Repository/M-OBJECTS TAREAS SECUNDARIAS/Pruebas SST/Reporte_de_accidente_de_trabajo/input_Ubicacin Geogrfica_formPopUpUbicacionj_idt1545'

2022-03-29 19:01:14 - [TEST_STEP][PASSED] - click(findTestObject("M-OBJECTS TAREAS SECUNDARIAS/Pruebas SST/Reporte_de_accidente_de_trabajo/td_COLO      COLOMBIA")): Object: 'Object Repository/M-OBJECTS TAREAS SECUNDARIAS/Pruebas SST/Reporte_de_accidente_de_trabajo/td_COLO      COLOMBIA' is clicked on

2022-03-29 19:01:15 - [MESSAGE][PASSED] - Object: 'Object Repository/M-OBJECTS TAREAS SECUNDARIAS/Pruebas SST/Reporte_de_accidente_de_trabajo/td_COLO      COLOMBIA' is clicked on

2022-03-29 19:01:15 - [TEST_STEP][PASSED] - click(findTestObject("M-OBJECTS TAREAS SECUNDARIAS/Pruebas SST/Reporte_de_accidente_de_trabajo/a_Persona Informa_form_detalleAccidentej_idt1196")): Object: 'Object Repository/M-OBJECTS TAREAS SECUNDARIAS/Pruebas SST/Reporte_de_accidente_de_trabajo/a_Persona Informa_form_detalleAccidentej_idt1196' is clicked on

2022-03-29 19:01:15 - [MESSAGE][PASSED] - Object: 'Object Repository/M-OBJECTS TAREAS SECUNDARIAS/Pruebas SST/Reporte_de_accidente_de_trabajo/a_Persona Informa_form_detalleAccidentej_idt1196' is clicked on

2022-03-29 19:01:15 - [TEST_STEP][PASSED] - setText(findTestObject("M-OBJECTS TAREAS SECUNDARIAS/Pruebas SST/Reporte_de_accidente_de_trabajo/input_Filtro Hoja de Vida_formPopupHojaVidaj_idt1557"), "guisell"): Text 'guisell' is set on object 'Object Repository/M-OBJECTS TAREAS SECUNDARIAS/Pruebas SST/Reporte_de_accidente_de_trabajo/input_Filtro Hoja de Vida_formPopupHojaVidaj_idt1557'

2022-03-29 19:01:17 - [MESSAGE][PASSED] - Text 'guisell' is set on object 'Object Repository/M-OBJECTS TAREAS SECUNDARIAS/Pruebas SST/Reporte_de_accidente_de_trabajo/input_Filtro Hoja de Vida_formPopupHojaVidaj_idt1557'

2022-03-29 19:01:17 - [TEST_STEP][PASSED] - sendKeys(findTestObject("M-OBJECTS TAREAS SECUNDARIAS/Pruebas SST/Reporte_de_accidente_de_trabajo/input_Filtro Hoja de Vida_formPopupHojaVidaj_idt1557"), Keys.chord(ENTER)): Keys 'ENTER + ' sent to object: 'Object Repository/M-OBJECTS TAREAS SECUNDARIAS/Pruebas SST/Reporte_de_accidente_de_trabajo/input_Filtro Hoja de Vida_formPopupHojaVidaj_idt1557'

2022-03-29 19:01:17 - [MESSAGE][PASSED] - Keys 'ENTER + ' sent to object: 'Object Repository/M-OBJECTS TAREAS SECUNDARIAS/Pruebas SST/Reporte_de_accidente_de_trabajo/input_Filtro Hoja de Vida_formPopupHojaVidaj_idt1557'

2022-03-29 19:01:17 - [TEST_STEP][PASSED] - click(findTestObject("M-OBJECTS TAREAS SECUNDARIAS/Pruebas SST/Reporte_de_accidente_de_trabajo/span_Diaz Blanco Guisell")): Object: 'Object Repository/M-OBJECTS TAREAS SECUNDARIAS/Pruebas SST/Reporte_de_accidente_de_trabajo/span_Diaz Blanco Guisell' is clicked on

2022-03-29 19:01:18 - [MESSAGE][PASSED] - Object: 'Object Repository/M-OBJECTS TAREAS SECUNDARIAS/Pruebas SST/Reporte_de_accidente_de_trabajo/span_Diaz Blanco Guisell' is clicked on

2022-03-29 19:01:18 - [TEST_STEP][PASSED] - setText(findTestObject("M-OBJECTS TAREAS SECUNDARIAS/Pruebas SST/Reporte_de_accidente_de_trabajo/textarea_Descripcin_form_detalleAccidentedescripcionAcci"), "Prueba"): Text 'Prueba' is set on object 'Object Repository/M-OBJECTS TAREAS SECUNDARIAS/Pruebas SST/Reporte_de_accidente_de_trabajo/textarea_Descripcin_form_detalleAccidentedescripcionAcci'

2022-03-29 19:01:20 - [MESSAGE][PASSED] - Text 'Prueba' is set on object 'Object Repository/M-OBJECTS TAREAS SECUNDARIAS/Pruebas SST/Reporte_de_accidente_de_trabajo/textarea_Descripcin_form_detalleAccidentedescripcionAcci'

2022-03-29 19:01:20 - [TEST_STEP][PASSED] - click(findTestObject("M-OBJECTS TAREAS SECUNDARIAS/Pruebas SST/Reporte_de_accidente_de_trabajo/a_Guardar")): Object: 'Object Repository/M-OBJECTS TAREAS SECUNDARIAS/Pruebas SST/Reporte_de_accidente_de_trabajo/a_Guardar' is clicked on

2022-03-29 19:01:20 - [MESSAGE][PASSED] - Object: 'Object Repository/M-OBJECTS TAREAS SECUNDARIAS/Pruebas SST/Reporte_de_accidente_de_trabajo/a_Guardar' is clicked on

2022-03-29 19:01:20 - [TEST_STEP][PASSED] - click(findTestObject("M-OBJECTS TAREAS SECUNDARIAS/Pruebas SST/Reporte_de_accidente_de_trabajo/a_Testigo")): Object: 'Object Repository/M-OBJECTS TAREAS SECUNDARIAS/Pruebas SST/Reporte_de_accidente_de_trabajo/a_Testigo' is clicked on

2022-03-29 19:01:21 - [MESSAGE][PASSED] - Object: 'Object Repository/M-OBJECTS TAREAS SECUNDARIAS/Pruebas SST/Reporte_de_accidente_de_trabajo/a_Testigo' is clicked on

2022-03-29 19:01:21 - [TEST_STEP][PASSED] - click(findTestObject("M-OBJECTS TAREAS SECUNDARIAS/Pruebas SST/Reporte_de_accidente_de_trabajo/a_Nuevo3")): Object: 'Object Repository/M-OBJECTS TAREAS SECUNDARIAS/Pruebas SST/Reporte_de_accidente_de_trabajo/a_Nuevo3' is clicked on

2022-03-29 19:01:22 - [MESSAGE][PASSED] - Object: 'Object Repository/M-OBJECTS TAREAS SECUNDARIAS/Pruebas SST/Reporte_de_accidente_de_trabajo/a_Nuevo3' is clicked on

2022-03-29 19:01:22 - [TEST_STEP][PASSED] - click(findTestObject("M-OBJECTS TAREAS SECUNDARIAS/Pruebas SST/Reporte_de_accidente_de_trabajo/a_Nombre Testigo_form_popupTestigoAccidentej_idt157")): Object: 'Object Repository/M-OBJECTS TAREAS SECUNDARIAS/Pruebas SST/Reporte_de_accidente_de_trabajo/a_Nombre Testigo_form_popupTestigoAccidentej_idt157' is clicked on

2022-03-29 19:01:23 - [MESSAGE][PASSED] - Object: 'Object Repository/M-OBJECTS TAREAS SECUNDARIAS/Pruebas SST/Reporte_de_accidente_de_trabajo/a_Nombre Testigo_form_popupTestigoAccidentej_idt157' is clicked on

2022-03-29 19:01:23 - [TEST_STEP][PASSED] - setText(findTestObject("M-OBJECTS TAREAS SECUNDARIAS/Pruebas SST/Reporte_de_accidente_de_trabajo/input_Filtro Hoja de Vida_formPopupHojaVidaj_idt15573"), "guisell"): Text 'guisell' is set on object 'Object Repository/M-OBJECTS TAREAS SECUNDARIAS/Pruebas SST/Reporte_de_accidente_de_trabajo/input_Filtro Hoja de Vida_formPopupHojaVidaj_idt15573'

2022-03-29 19:01:24 - [MESSAGE][PASSED] - Text 'guisell' is set on object 'Object Repository/M-OBJECTS TAREAS SECUNDARIAS/Pruebas SST/Reporte_de_accidente_de_trabajo/input_Filtro Hoja de Vida_formPopupHojaVidaj_idt15573'

2022-03-29 19:01:24 - [TEST_STEP][PASSED] - sendKeys(findTestObject("M-OBJECTS TAREAS SECUNDARIAS/Pruebas SST/Reporte_de_accidente_de_trabajo/input_Filtro Hoja de Vida_formPopupHojaVidaj_idt15573"), Keys.chord(ENTER)): Keys 'ENTER + ' sent to object: 'Object Repository/M-OBJECTS TAREAS SECUNDARIAS/Pruebas SST/Reporte_de_accidente_de_trabajo/input_Filtro Hoja de Vida_formPopupHojaVidaj_idt15573'

2022-03-29 19:01:25 - [MESSAGE][PASSED] - Keys 'ENTER + ' sent to object: 'Object Repository/M-OBJECTS TAREAS SECUNDARIAS/Pruebas SST/Reporte_de_accidente_de_trabajo/input_Filtro Hoja de Vida_formPopupHojaVidaj_idt15573'

2022-03-29 19:01:25 - [TEST_STEP][PASSED] - click(findTestObject("M-OBJECTS TAREAS SECUNDARIAS/Pruebas SST/Reporte_de_accidente_de_trabajo/span_Diaz Blanco Guisell3")): Object: 'Object Repository/M-OBJECTS TAREAS SECUNDARIAS/Pruebas SST/Reporte_de_accidente_de_trabajo/span_Diaz Blanco Guisell3' is clicked on

2022-03-29 19:01:26 - [MESSAGE][PASSED] - Object: 'Object Repository/M-OBJECTS TAREAS SECUNDARIAS/Pruebas SST/Reporte_de_accidente_de_trabajo/span_Diaz Blanco Guisell3' is clicked on

2022-03-29 19:01:26 - [TEST_STEP][PASSED] - setText(findTestObject("M-OBJECTS TAREAS SECUNDARIAS/Pruebas SST/Reporte_de_accidente_de_trabajo/input_Telfono_form_popupTestigoAccidentetelefono"), "1234567890"): Text '1234567890' is set on object 'Object Repository/M-OBJECTS TAREAS SECUNDARIAS/Pruebas SST/Reporte_de_accidente_de_trabajo/input_Telfono_form_popupTestigoAccidentetelefono'

2022-03-29 19:01:28 - [MESSAGE][PASSED] - Text '1234567890' is set on object 'Object Repository/M-OBJECTS TAREAS SECUNDARIAS/Pruebas SST/Reporte_de_accidente_de_trabajo/input_Telfono_form_popupTestigoAccidentetelefono'

2022-03-29 19:01:28 - [TEST_STEP][PASSED] - setText(findTestObject("M-OBJECTS TAREAS SECUNDARIAS/Pruebas SST/Reporte_de_accidente_de_trabajo/textarea_Versin Testigo_form_popupTestigoAccidenteversion"), "Prueba"): Text 'Prueba' is set on object 'Object Repository/M-OBJECTS TAREAS SECUNDARIAS/Pruebas SST/Reporte_de_accidente_de_trabajo/textarea_Versin Testigo_form_popupTestigoAccidenteversion'

2022-03-29 19:01:29 - [MESSAGE][PASSED] - Text 'Prueba' is set on object 'Object Repository/M-OBJECTS TAREAS SECUNDARIAS/Pruebas SST/Reporte_de_accidente_de_trabajo/textarea_Versin Testigo_form_popupTestigoAccidenteversion'

2022-03-29 19:01:29 - [TEST_STEP][PASSED] - click(findTestObject("M-OBJECTS TAREAS SECUNDARIAS/Pruebas SST/Reporte_de_accidente_de_trabajo/a_Guardar3")): Object: 'Object Repository/M-OBJECTS TAREAS SECUNDARIAS/Pruebas SST/Reporte_de_accidente_de_trabajo/a_Guardar3' is clicked on

2022-03-29 19:01:29 - [MESSAGE][PASSED] - Object: 'Object Repository/M-OBJECTS TAREAS SECUNDARIAS/Pruebas SST/Reporte_de_accidente_de_trabajo/a_Guardar3' is clicked on

2022-03-29 19:01:29 - [TEST_STEP][PASSED] - click(findTestObject("M-OBJECTS TAREAS SECUNDARIAS/Pruebas SST/Reporte_de_accidente_de_trabajo/a_Accidentado")): Object: 'Object Repository/M-OBJECTS TAREAS SECUNDARIAS/Pruebas SST/Reporte_de_accidente_de_trabajo/a_Accidentado' is clicked on

2022-03-29 19:01:30 - [MESSAGE][PASSED] - Object: 'Object Repository/M-OBJECTS TAREAS SECUNDARIAS/Pruebas SST/Reporte_de_accidente_de_trabajo/a_Accidentado' is clicked on

2022-03-29 19:01:30 - [TEST_STEP][PASSED] - click(findTestObject("M-OBJECTS TAREAS SECUNDARIAS/Pruebas SST/Reporte_de_accidente_de_trabajo/a_Nuevo2")): Object: 'Object Repository/M-OBJECTS TAREAS SECUNDARIAS/Pruebas SST/Reporte_de_accidente_de_trabajo/a_Nuevo2' is clicked on

2022-03-29 19:01:31 - [MESSAGE][PASSED] - Object: 'Object Repository/M-OBJECTS TAREAS SECUNDARIAS/Pruebas SST/Reporte_de_accidente_de_trabajo/a_Nuevo2' is clicked on

2022-03-29 19:01:31 - [TEST_STEP][PASSED] - click(findTestObject("M-OBJECTS TAREAS SECUNDARIAS/Pruebas SST/Reporte_de_accidente_de_trabajo/a_Identificacin_form_datosAccidentadoj_idt1642")): Object: 'Object Repository/M-OBJECTS TAREAS SECUNDARIAS/Pruebas SST/Reporte_de_accidente_de_trabajo/a_Identificacin_form_datosAccidentadoj_idt1642' is clicked on

2022-03-29 19:01:32 - [MESSAGE][PASSED] - Object: 'Object Repository/M-OBJECTS TAREAS SECUNDARIAS/Pruebas SST/Reporte_de_accidente_de_trabajo/a_Identificacin_form_datosAccidentadoj_idt1642' is clicked on

2022-03-29 19:01:32 - [TEST_STEP][PASSED] - setText(findTestObject("M-OBJECTS TAREAS SECUNDARIAS/Pruebas SST/Reporte_de_accidente_de_trabajo/input_Bsqueda_form_datosAccidentadoj_idt1816"), "Guisell"): Text 'Guisell' is set on object 'Object Repository/M-OBJECTS TAREAS SECUNDARIAS/Pruebas SST/Reporte_de_accidente_de_trabajo/input_Bsqueda_form_datosAccidentadoj_idt1816'

2022-03-29 19:01:33 - [MESSAGE][PASSED] - Text 'Guisell' is set on object 'Object Repository/M-OBJECTS TAREAS SECUNDARIAS/Pruebas SST/Reporte_de_accidente_de_trabajo/input_Bsqueda_form_datosAccidentadoj_idt1816'

2022-03-29 19:01:33 - [TEST_STEP][PASSED] - sendKeys(findTestObject("M-OBJECTS TAREAS SECUNDARIAS/Pruebas SST/Reporte_de_accidente_de_trabajo/input_Bsqueda_form_datosAccidentadoj_idt1816"), Keys.chord(ENTER)): Keys 'ENTER + ' sent to object: 'Object Repository/M-OBJECTS TAREAS SECUNDARIAS/Pruebas SST/Reporte_de_accidente_de_trabajo/input_Bsqueda_form_datosAccidentadoj_idt1816'

2022-03-29 19:01:34 - [MESSAGE][PASSED] - Keys 'ENTER + ' sent to object: 'Object Repository/M-OBJECTS TAREAS SECUNDARIAS/Pruebas SST/Reporte_de_accidente_de_trabajo/input_Bsqueda_form_datosAccidentadoj_idt1816'

2022-03-29 19:01:34 - [TEST_STEP][PASSED] - click(findTestObject("M-OBJECTS TAREAS SECUNDARIAS/Pruebas SST/Reporte_de_accidente_de_trabajo/span_Diaz Blanco Guisell2")): Object: 'Object Repository/M-OBJECTS TAREAS SECUNDARIAS/Pruebas SST/Reporte_de_accidente_de_trabajo/span_Diaz Blanco Guisell2' is clicked on

2022-03-29 19:01:35 - [MESSAGE][PASSED] - Object: 'Object Repository/M-OBJECTS TAREAS SECUNDARIAS/Pruebas SST/Reporte_de_accidente_de_trabajo/span_Diaz Blanco Guisell2' is clicked on

2022-03-29 19:01:35 - [TEST_STEP][PASSED] - setText(findTestObject("M-OBJECTS TAREAS SECUNDARIAS/Pruebas SST/Reporte_de_accidente_de_trabajo/input_Fecha Reporte_form_datosAccidentadoreporte_input"), "01/07/2021"): Text '01/07/2021' is set on object 'Object Repository/M-OBJECTS TAREAS SECUNDARIAS/Pruebas SST/Reporte_de_accidente_de_trabajo/input_Fecha Reporte_form_datosAccidentadoreporte_input'

2022-03-29 19:01:36 - [MESSAGE][PASSED] - Text '01/07/2021' is set on object 'Object Repository/M-OBJECTS TAREAS SECUNDARIAS/Pruebas SST/Reporte_de_accidente_de_trabajo/input_Fecha Reporte_form_datosAccidentadoreporte_input'

2022-03-29 19:01:36 - [TEST_STEP][PASSED] - setText(findTestObject("M-OBJECTS TAREAS SECUNDARIAS/Pruebas SST/Reporte_de_accidente_de_trabajo/input_Fecha Radicado_form_datosAccidentadofecharadicado_input"), "10/07/2021"): Text '10/07/2021' is set on object 'Object Repository/M-OBJECTS TAREAS SECUNDARIAS/Pruebas SST/Reporte_de_accidente_de_trabajo/input_Fecha Radicado_form_datosAccidentadofecharadicado_input'

2022-03-29 19:01:37 - [MESSAGE][PASSED] - Text '10/07/2021' is set on object 'Object Repository/M-OBJECTS TAREAS SECUNDARIAS/Pruebas SST/Reporte_de_accidente_de_trabajo/input_Fecha Radicado_form_datosAccidentadofecharadicado_input'

2022-03-29 19:01:37 - [TEST_STEP][PASSED] - selectOptionByIndex(findTestObject("M-OBJECTS TAREAS SECUNDARIAS/Pruebas SST/Reporte_de_accidente_de_trabajo/select_-- SELECCIONAR --COOPERADOESTUDIANTE O APRENDIZINDEPENDIENTEMISIONPLANTA"), 5): All options with index in [5] are selected on object 'Object Repository/M-OBJECTS TAREAS SECUNDARIAS/Pruebas SST/Reporte_de_accidente_de_trabajo/select_-- SELECCIONAR --COOPERADOESTUDIANTE O APRENDIZINDEPENDIENTEMISIONPLANTA'

2022-03-29 19:01:39 - [MESSAGE][PASSED] - All options with index in [5] are selected on object 'Object Repository/M-OBJECTS TAREAS SECUNDARIAS/Pruebas SST/Reporte_de_accidente_de_trabajo/select_-- SELECCIONAR --COOPERADOESTUDIANTE O APRENDIZINDEPENDIENTEMISIONPLANTA'

2022-03-29 19:01:39 - [TEST_STEP][PASSED] - selectOptionByIndex(findTestObject("M-OBJECTS TAREAS SECUNDARIAS/Pruebas SST/Reporte_de_accidente_de_trabajo/select_-- SELECCIONAR --AREAS DE RIESGOAREAS SIN RIESGOPRUEBA SILVIA"), 4): All options with index in [4] are selected on object 'Object Repository/M-OBJECTS TAREAS SECUNDARIAS/Pruebas SST/Reporte_de_accidente_de_trabajo/select_-- SELECCIONAR --AREAS DE RIESGOAREAS SIN RIESGOPRUEBA SILVIA'

2022-03-29 19:01:40 - [MESSAGE][PASSED] - All options with index in [4] are selected on object 'Object Repository/M-OBJECTS TAREAS SECUNDARIAS/Pruebas SST/Reporte_de_accidente_de_trabajo/select_-- SELECCIONAR --AREAS DE RIESGOAREAS SIN RIESGOPRUEBA SILVIA'

2022-03-29 19:01:40 - [TEST_STEP][PASSED] - selectOptionByIndex(findTestObject("M-OBJECTS TAREAS SECUNDARIAS/Pruebas SST/Reporte_de_accidente_de_trabajo/select_-- SELECCIONAR ---"), 1): All options with index in [1] are selected on object 'Object Repository/M-OBJECTS TAREAS SECUNDARIAS/Pruebas SST/Reporte_de_accidente_de_trabajo/select_-- SELECCIONAR ---'

2022-03-29 19:01:42 - [MESSAGE][PASSED] - All options with index in [1] are selected on object 'Object Repository/M-OBJECTS TAREAS SECUNDARIAS/Pruebas SST/Reporte_de_accidente_de_trabajo/select_-- SELECCIONAR ---'

2022-03-29 19:01:42 - [TEST_STEP][PASSED] - selectOptionByIndex(findTestObject("M-OBJECTS TAREAS SECUNDARIAS/Pruebas SST/Reporte_de_accidente_de_trabajo/select_-- SELECCIONAR --AGENTES  NO CLASIFICADOSAMBIENTES DE TRABAJO(SUPERFICIES DE TRANSITO Y TRABAJO"), 2): All options with index in [2] are selected on object 'Object Repository/M-OBJECTS TAREAS SECUNDARIAS/Pruebas SST/Reporte_de_accidente_de_trabajo/select_-- SELECCIONAR --AGENTES  NO CLASIFICADOSAMBIENTES DE TRABAJO(SUPERFICIES DE TRANSITO Y TRABAJO'

2022-03-29 19:01:43 - [MESSAGE][PASSED] - All options with index in [2] are selected on object 'Object Repository/M-OBJECTS TAREAS SECUNDARIAS/Pruebas SST/Reporte_de_accidente_de_trabajo/select_-- SELECCIONAR --AGENTES  NO CLASIFICADOSAMBIENTES DE TRABAJO(SUPERFICIES DE TRANSITO Y TRABAJO'

2022-03-29 19:01:43 - [TEST_STEP][PASSED] - click(findTestObject("M-OBJECTS TAREAS SECUNDARIAS/Pruebas SST/Reporte_de_accidente_de_trabajo/label_Si2")): Object: 'Object Repository/M-OBJECTS TAREAS SECUNDARIAS/Pruebas SST/Reporte_de_accidente_de_trabajo/label_Si2' is clicked on

2022-03-29 19:01:44 - [MESSAGE][PASSED] - Object: 'Object Repository/M-OBJECTS TAREAS SECUNDARIAS/Pruebas SST/Reporte_de_accidente_de_trabajo/label_Si2' is clicked on

2022-03-29 19:01:44 - [TEST_STEP][PASSED] - selectOptionByIndex(findTestObject("M-OBJECTS TAREAS SECUNDARIAS/Pruebas SST/Reporte_de_accidente_de_trabajo/select_-- SELECCIONAR --Lesin GraveLesin MedianaLesin Mnima"), 3): All options with index in [3] are selected on object 'Object Repository/M-OBJECTS TAREAS SECUNDARIAS/Pruebas SST/Reporte_de_accidente_de_trabajo/select_-- SELECCIONAR --Lesin GraveLesin MedianaLesin Mnima'

2022-03-29 19:01:45 - [MESSAGE][PASSED] - All options with index in [3] are selected on object 'Object Repository/M-OBJECTS TAREAS SECUNDARIAS/Pruebas SST/Reporte_de_accidente_de_trabajo/select_-- SELECCIONAR --Lesin GraveLesin MedianaLesin Mnima'

2022-03-29 19:01:45 - [TEST_STEP][PASSED] - selectOptionByIndex(findTestObject("M-OBJECTS TAREAS SECUNDARIAS/Pruebas SST/Reporte_de_accidente_de_trabajo/select_-- SELECCIONAR --DIURNAMIXTANOCTURNAPOR TURNOS"), 1): All options with index in [1] are selected on object 'Object Repository/M-OBJECTS TAREAS SECUNDARIAS/Pruebas SST/Reporte_de_accidente_de_trabajo/select_-- SELECCIONAR --DIURNAMIXTANOCTURNAPOR TURNOS'

2022-03-29 19:01:46 - [MESSAGE][PASSED] - All options with index in [1] are selected on object 'Object Repository/M-OBJECTS TAREAS SECUNDARIAS/Pruebas SST/Reporte_de_accidente_de_trabajo/select_-- SELECCIONAR --DIURNAMIXTANOCTURNAPOR TURNOS'

2022-03-29 19:01:46 - [TEST_STEP][PASSED] - selectOptionByIndex(findTestObject("M-OBJECTS TAREAS SECUNDARIAS/Pruebas SST/Reporte_de_accidente_de_trabajo/select_--SELECCIONAR --idad y Salud en el Trabajo"), 1): All options with index in [1] are selected on object 'Object Repository/M-OBJECTS TAREAS SECUNDARIAS/Pruebas SST/Reporte_de_accidente_de_trabajo/select_--SELECCIONAR --idad y Salud en el Trabajo'

2022-03-29 19:01:47 - [MESSAGE][PASSED] - All options with index in [1] are selected on object 'Object Repository/M-OBJECTS TAREAS SECUNDARIAS/Pruebas SST/Reporte_de_accidente_de_trabajo/select_--SELECCIONAR --idad y Salud en el Trabajo'

2022-03-29 19:01:47 - [TEST_STEP][PASSED] - check(findTestObject("M-OBJECTS TAREAS SECUNDARIAS/Pruebas SST/Reporte_de_accidente_de_trabajo/label_No")): Object 'Object Repository/M-OBJECTS TAREAS SECUNDARIAS/Pruebas SST/Reporte_de_accidente_de_trabajo/label_No' is checked

2022-03-29 19:01:48 - [MESSAGE][PASSED] - Object 'Object Repository/M-OBJECTS TAREAS SECUNDARIAS/Pruebas SST/Reporte_de_accidente_de_trabajo/label_No' is checked

2022-03-29 19:01:48 - [TEST_STEP][PASSED] - click(findTestObject("M-OBJECTS TAREAS SECUNDARIAS/Pruebas SST/Reporte_de_accidente_de_trabajo/a_Guardar2")): Object: 'Object Repository/M-OBJECTS TAREAS SECUNDARIAS/Pruebas SST/Reporte_de_accidente_de_trabajo/a_Guardar2' is clicked on

2022-03-29 19:01:49 - [MESSAGE][PASSED] - Object: 'Object Repository/M-OBJECTS TAREAS SECUNDARIAS/Pruebas SST/Reporte_de_accidente_de_trabajo/a_Guardar2' is clicked on

2022-03-29 19:01:49 - [TEST_STEP][PASSED] - click(findTestObject("M-OBJECTS TAREAS SECUNDARIAS/Pruebas SST/Reporte_de_accidente_de_trabajo/a_Recomendaciones")): Object: 'Object Repository/M-OBJECTS TAREAS SECUNDARIAS/Pruebas SST/Reporte_de_accidente_de_trabajo/a_Recomendaciones' is clicked on

2022-03-29 19:01:50 - [MESSAGE][PASSED] - Object: 'Object Repository/M-OBJECTS TAREAS SECUNDARIAS/Pruebas SST/Reporte_de_accidente_de_trabajo/a_Recomendaciones' is clicked on

2022-03-29 19:01:50 - [TEST_STEP][PASSED] - click(findTestObject("M-OBJECTS TAREAS SECUNDARIAS/Pruebas SST/Reporte_de_accidente_de_trabajo/a_Nuevo4")): Object: 'Object Repository/M-OBJECTS TAREAS SECUNDARIAS/Pruebas SST/Reporte_de_accidente_de_trabajo/a_Nuevo4' is clicked on

2022-03-29 19:01:51 - [MESSAGE][PASSED] - Object: 'Object Repository/M-OBJECTS TAREAS SECUNDARIAS/Pruebas SST/Reporte_de_accidente_de_trabajo/a_Nuevo4' is clicked on

2022-03-29 19:01:51 - [TEST_STEP][PASSED] - selectOptionByIndex(findTestObject("M-OBJECTS TAREAS SECUNDARIAS/Pruebas SST/Reporte_de_accidente_de_trabajo/select_ActivoCanceladoCumplidoNo Cumplido"), 0): All options with index in [0] are selected on object 'Object Repository/M-OBJECTS TAREAS SECUNDARIAS/Pruebas SST/Reporte_de_accidente_de_trabajo/select_ActivoCanceladoCumplidoNo Cumplido'

2022-03-29 19:01:52 - [MESSAGE][PASSED] - All options with index in [0] are selected on object 'Object Repository/M-OBJECTS TAREAS SECUNDARIAS/Pruebas SST/Reporte_de_accidente_de_trabajo/select_ActivoCanceladoCumplidoNo Cumplido'

2022-03-29 19:01:52 - [TEST_STEP][PASSED] - selectOptionByIndex(findTestObject("M-OBJECTS TAREAS SECUNDARIAS/Pruebas SST/Reporte_de_accidente_de_trabajo/select_-- SELECCIONAR --Camine con PrecaucinCapacitacinTrate de no correr"), 1): All options with index in [1] are selected on object 'Object Repository/M-OBJECTS TAREAS SECUNDARIAS/Pruebas SST/Reporte_de_accidente_de_trabajo/select_-- SELECCIONAR --Camine con PrecaucinCapacitacinTrate de no correr'

2022-03-29 19:01:54 - [MESSAGE][PASSED] - All options with index in [1] are selected on object 'Object Repository/M-OBJECTS TAREAS SECUNDARIAS/Pruebas SST/Reporte_de_accidente_de_trabajo/select_-- SELECCIONAR --Camine con PrecaucinCapacitacinTrate de no correr'

2022-03-29 19:01:54 - [TEST_STEP][PASSED] - selectOptionByIndex(findTestObject("M-OBJECTS TAREAS SECUNDARIAS/Pruebas SST/Reporte_de_accidente_de_trabajo/select_-- SELECCIONAR --Recomendacin Atep 2Recomendacin Atep 1"), 1): All options with index in [1] are selected on object 'Object Repository/M-OBJECTS TAREAS SECUNDARIAS/Pruebas SST/Reporte_de_accidente_de_trabajo/select_-- SELECCIONAR --Recomendacin Atep 2Recomendacin Atep 1'

2022-03-29 19:01:55 - [MESSAGE][PASSED] - All options with index in [1] are selected on object 'Object Repository/M-OBJECTS TAREAS SECUNDARIAS/Pruebas SST/Reporte_de_accidente_de_trabajo/select_-- SELECCIONAR --Recomendacin Atep 2Recomendacin Atep 1'

2022-03-29 19:01:55 - [TEST_STEP][PASSED] - click(findTestObject("M-OBJECTS TAREAS SECUNDARIAS/Pruebas SST/Reporte_de_accidente_de_trabajo/a_Responsable Recomendaciones_form_popupSeguimientotabRecomendacionj_idt200")): Object: 'Object Repository/M-OBJECTS TAREAS SECUNDARIAS/Pruebas SST/Reporte_de_accidente_de_trabajo/a_Responsable Recomendaciones_form_popupSeguimientotabRecomendacionj_idt200' is clicked on

2022-03-29 19:01:55 - [MESSAGE][PASSED] - Object: 'Object Repository/M-OBJECTS TAREAS SECUNDARIAS/Pruebas SST/Reporte_de_accidente_de_trabajo/a_Responsable Recomendaciones_form_popupSeguimientotabRecomendacionj_idt200' is clicked on

2022-03-29 19:01:55 - [TEST_STEP][PASSED] - setText(findTestObject("M-OBJECTS TAREAS SECUNDARIAS/Pruebas SST/Reporte_de_accidente_de_trabajo/input_Filtro Hoja de Vida_formPopupHojaVidaj_idt15574"), "Guisell"): Text 'Guisell' is set on object 'Object Repository/M-OBJECTS TAREAS SECUNDARIAS/Pruebas SST/Reporte_de_accidente_de_trabajo/input_Filtro Hoja de Vida_formPopupHojaVidaj_idt15574'

2022-03-29 19:01:57 - [MESSAGE][PASSED] - Text 'Guisell' is set on object 'Object Repository/M-OBJECTS TAREAS SECUNDARIAS/Pruebas SST/Reporte_de_accidente_de_trabajo/input_Filtro Hoja de Vida_formPopupHojaVidaj_idt15574'

2022-03-29 19:01:57 - [TEST_STEP][PASSED] - sendKeys(findTestObject("M-OBJECTS TAREAS SECUNDARIAS/Pruebas SST/Reporte_de_accidente_de_trabajo/input_Filtro Hoja de Vida_formPopupHojaVidaj_idt15574"), Keys.chord(ENTER)): Keys 'ENTER + ' sent to object: 'Object Repository/M-OBJECTS TAREAS SECUNDARIAS/Pruebas SST/Reporte_de_accidente_de_trabajo/input_Filtro Hoja de Vida_formPopupHojaVidaj_idt15574'

2022-03-29 19:01:57 - [MESSAGE][PASSED] - Keys 'ENTER + ' sent to object: 'Object Repository/M-OBJECTS TAREAS SECUNDARIAS/Pruebas SST/Reporte_de_accidente_de_trabajo/input_Filtro Hoja de Vida_formPopupHojaVidaj_idt15574'

2022-03-29 19:01:57 - [TEST_STEP][PASSED] - click(findTestObject("M-OBJECTS TAREAS SECUNDARIAS/Pruebas SST/Reporte_de_accidente_de_trabajo/span_Diaz Blanco Guisell4")): Object: 'Object Repository/M-OBJECTS TAREAS SECUNDARIAS/Pruebas SST/Reporte_de_accidente_de_trabajo/span_Diaz Blanco Guisell4' is clicked on

2022-03-29 19:01:58 - [MESSAGE][PASSED] - Object: 'Object Repository/M-OBJECTS TAREAS SECUNDARIAS/Pruebas SST/Reporte_de_accidente_de_trabajo/span_Diaz Blanco Guisell4' is clicked on

2022-03-29 19:01:58 - [TEST_STEP][PASSED] - setText(findTestObject("M-OBJECTS TAREAS SECUNDARIAS/Pruebas SST/Reporte_de_accidente_de_trabajo/textarea_Observacin_form_popupSeguimientotabRecomendacionobservacion"), "PRUEBA"): Text 'PRUEBA' is set on object 'Object Repository/M-OBJECTS TAREAS SECUNDARIAS/Pruebas SST/Reporte_de_accidente_de_trabajo/textarea_Observacin_form_popupSeguimientotabRecomendacionobservacion'

2022-03-29 19:02:00 - [MESSAGE][PASSED] - Text 'PRUEBA' is set on object 'Object Repository/M-OBJECTS TAREAS SECUNDARIAS/Pruebas SST/Reporte_de_accidente_de_trabajo/textarea_Observacin_form_popupSeguimientotabRecomendacionobservacion'

2022-03-29 19:02:00 - [TEST_STEP][PASSED] - click(findTestObject("M-OBJECTS TAREAS SECUNDARIAS/Pruebas SST/Reporte_de_accidente_de_trabajo/a_Guardar4")): Object: 'Object Repository/M-OBJECTS TAREAS SECUNDARIAS/Pruebas SST/Reporte_de_accidente_de_trabajo/a_Guardar4' is clicked on

2022-03-29 19:02:00 - [MESSAGE][PASSED] - Object: 'Object Repository/M-OBJECTS TAREAS SECUNDARIAS/Pruebas SST/Reporte_de_accidente_de_trabajo/a_Guardar4' is clicked on]]></system-out>
         <system-err><![CDATA[]]></system-err>
      </testcase>
      <testcase name="Test Cases/1.2-Tareas_Secundarias/5.1-Pruebas_SST/5.1.2-Investigación_Accidente_de_Trabajo" time="22.757" classname="Test Cases/1.2-Tareas_Secundarias/5.1-Pruebas_SST/5.1.2-Investigación_Accidente_de_Trabajo" status="FAILED">
         <failure type="FAILED" message="Test Cases/1.2-Tareas_Secundarias/5.1-Pruebas_SST/5.1.2-Investigación_Accidente_de_Trabajo FAILED.
Reason:
com.kms.katalon.core.exception.StepFailedException: Unable to set text
	at com.kms.katalon.core.webui.keyword.internal.WebUIKeywordMain.stepFailed(WebUIKeywordMain.groovy:64)
	at com.kms.katalon.core.webui.keyword.internal.WebUIKeywordMain.runKeyword(WebUIKeywordMain.groovy:26)
	at com.kms.katalon.core.webui.keyword.builtin.SetTextKeyword.setText(SetTextKeyword.groovy:66)
	at com.kms.katalon.core.webui.keyword.builtin.SetTextKeyword.execute(SetTextKeyword.groovy:37)
	at com.kms.katalon.core.keyword.internal.KeywordExecutor.executeKeywordForPlatform(KeywordExecutor.groovy:74)
	at com.kms.katalon.core.webui.keyword.WebUiBuiltInKeywords.setText(WebUiBuiltInKeywords.groovy:980)
	at com.kms.katalon.core.webui.keyword.WebUiBuiltInKeywords$setText$2.call(Unknown Source)
	at 5.1.2-Investigación_Accidente_de_Trabajo.run(5.1.2-Investigación_Accidente_de_Trabajo:71)
	at com.kms.katalon.core.main.ScriptEngine.run(ScriptEngine.java:194)
	at com.kms.katalon.core.main.ScriptEngine.runScriptAsRawText(ScriptEngine.java:119)
	at com.kms.katalon.core.main.TestCaseExecutor.runScript(TestCaseExecutor.java:442)
	at com.kms.katalon.core.main.TestCaseExecutor.doExecute(TestCaseExecutor.java:433)
	at com.kms.katalon.core.main.TestCaseExecutor.processExecutionPhase(TestCaseExecutor.java:412)
	at com.kms.katalon.core.main.TestCaseExecutor.accessMainPhase(TestCaseExecutor.java:404)
	at com.kms.katalon.core.main.TestCaseExecutor.execute(TestCaseExecutor.java:281)
	at com.kms.katalon.core.main.TestSuiteExecutor.accessTestCaseMainPhase(TestSuiteExecutor.java:202)
	at com.kms.katalon.core.main.TestSuiteExecutor.accessTestSuiteMainPhase(TestSuiteExecutor.java:164)
	at com.kms.katalon.core.main.TestSuiteExecutor.execute(TestSuiteExecutor.java:105)
	at com.kms.katalon.core.main.TestCaseMain.startTestSuite(TestCaseMain.java:185)
	at com.kms.katalon.core.main.TestCaseMain$startTestSuite$0.call(Unknown Source)
	at TempTestSuite1648594435047.run(TempTestSuite1648594435047.groovy:36)
Caused by: java.lang.IllegalArgumentException: Object is null
	at com.kms.katalon.core.helper.KeywordHelper.checkTestObjectParameter(KeywordHelper.java:33)
	at com.kms.katalon.core.webui.keyword.builtin.SetTextKeyword$_setText_closure1.doCall(SetTextKeyword.groovy:45)
	at com.kms.katalon.core.webui.keyword.builtin.SetTextKeyword$_setText_closure1.call(SetTextKeyword.groovy)
	at com.kms.katalon.core.webui.keyword.internal.WebUIKeywordMain.runKeyword(WebUIKeywordMain.groovy:20)
	... 19 more
"/>
         <system-out><![CDATA[2022-03-29 19:02:00 - [TEST_CASE][FAILED] - Test Cases/1.2-Tareas_Secundarias/5.1-Pruebas_SST/5.1.2-Investigación_Accidente_de_Trabajo: Test Cases/1.2-Tareas_Secundarias/5.1-Pruebas_SST/5.1.2-Investigación_Accidente_de_Trabajo FAILED.
Reason:
com.kms.katalon.core.exception.StepFailedException: Unable to set text
	at com.kms.katalon.core.webui.keyword.internal.WebUIKeywordMain.stepFailed(WebUIKeywordMain.groovy:64)
	at com.kms.katalon.core.webui.keyword.internal.WebUIKeywordMain.runKeyword(WebUIKeywordMain.groovy:26)
	at com.kms.katalon.core.webui.keyword.builtin.SetTextKeyword.setText(SetTextKeyword.groovy:66)
	at com.kms.katalon.core.webui.keyword.builtin.SetTextKeyword.execute(SetTextKeyword.groovy:37)
	at com.kms.katalon.core.keyword.internal.KeywordExecutor.executeKeywordForPlatform(KeywordExecutor.groovy:74)
	at com.kms.katalon.core.webui.keyword.WebUiBuiltInKeywords.setText(WebUiBuiltInKeywords.groovy:980)
	at com.kms.katalon.core.webui.keyword.WebUiBuiltInKeywords$setText$2.call(Unknown Source)
	at 5.1.2-Investigación_Accidente_de_Trabajo.run(5.1.2-Investigación_Accidente_de_Trabajo:71)
	at com.kms.katalon.core.main.ScriptEngine.run(ScriptEngine.java:194)
	at com.kms.katalon.core.main.ScriptEngine.runScriptAsRawText(ScriptEngine.java:119)
	at com.kms.katalon.core.main.TestCaseExecutor.runScript(TestCaseExecutor.java:442)
	at com.kms.katalon.core.main.TestCaseExecutor.doExecute(TestCaseExecutor.java:433)
	at com.kms.katalon.core.main.TestCaseExecutor.processExecutionPhase(TestCaseExecutor.java:412)
	at com.kms.katalon.core.main.TestCaseExecutor.accessMainPhase(TestCaseExecutor.java:404)
	at com.kms.katalon.core.main.TestCaseExecutor.execute(TestCaseExecutor.java:281)
	at com.kms.katalon.core.main.TestSuiteExecutor.accessTestCaseMainPhase(TestSuiteExecutor.java:202)
	at com.kms.katalon.core.main.TestSuiteExecutor.accessTestSuiteMainPhase(TestSuiteExecutor.java:164)
	at com.kms.katalon.core.main.TestSuiteExecutor.execute(TestSuiteExecutor.java:105)
	at com.kms.katalon.core.main.TestCaseMain.startTestSuite(TestCaseMain.java:185)
	at com.kms.katalon.core.main.TestCaseMain$startTestSuite$0.call(Unknown Source)
	at TempTestSuite1648594435047.run(TempTestSuite1648594435047.groovy:36)
Caused by: java.lang.IllegalArgumentException: Object is null
	at com.kms.katalon.core.helper.KeywordHelper.checkTestObjectParameter(KeywordHelper.java:33)
	at com.kms.katalon.core.webui.keyword.builtin.SetTextKeyword$_setText_closure1.doCall(SetTextKeyword.groovy:45)
	at com.kms.katalon.core.webui.keyword.builtin.SetTextKeyword$_setText_closure1.call(SetTextKeyword.groovy)
	at com.kms.katalon.core.webui.keyword.internal.WebUIKeywordMain.runKeyword(WebUIKeywordMain.groovy:20)
	... 19 more


2022-03-29 19:02:01 - [TEST_STEP][PASSED] - callTestCase(findTestCase("0.1-Login"), [:], STOP_ON_FAILURE): Call Test Case 'Test Cases/0.1-Login' successfully

2022-03-29 19:02:01 - [TEST_CASE][PASSED] - Test Cases/0.1-Login: Test Cases/0.1-Login

2022-03-29 19:02:01 - [TEST_STEP][PASSED] - openBrowser(""): Browser is opened with url: ''

2022-03-29 19:02:01 - [MESSAGE][WARNING] - A browser is already opened. Closing browser and opening a new one

2022-03-29 19:02:01 - [MESSAGE][INFO] - Starting 'Chrome' driver

2022-03-29 19:02:01 - [MESSAGE][INFO] - Action delay is set to 50 milliseconds

2022-03-29 19:02:03 - [MESSAGE][PASSED] - Browser is opened with url: ''

2022-03-29 19:02:03 - [TEST_STEP][PASSED] - maximizeWindow(): Current window maximized

2022-03-29 19:02:03 - [MESSAGE][PASSED] - Current window maximized

2022-03-29 19:02:03 - [TEST_STEP][PASSED] - i = G_Login: null

2022-03-29 19:02:03 - [TEST_STEP][PASSED] - url = new java.net.URL(i): null

2022-03-29 19:02:03 - [TEST_STEP][PASSED] - println("URL: " + url.toString()): null

2022-03-29 19:02:03 - [TEST_STEP][PASSED] - connection = url.openConnection(): null

2022-03-29 19:02:03 - [TEST_STEP][PASSED] - connection.setRequestMethod("GET"): null

2022-03-29 19:02:03 - [TEST_STEP][PASSED] - connection.setReadTimeout(2 * 1000): null

2022-03-29 19:02:03 - [TEST_STEP][PASSED] - try: null

2022-03-29 19:02:03 - [TEST_STEP][PASSED] - connection.connect(): null

2022-03-29 19:02:03 - [TEST_STEP][PASSED] - flag = connected: null

2022-03-29 19:02:03 - [TEST_STEP][PASSED] - println("Valor_ori: " + flag): null

2022-03-29 19:02:03 - [TEST_STEP][PASSED] - if (flag): null

2022-03-29 19:02:03 - [TEST_STEP][PASSED] - navigateToUrl(i): Navigate to 'http://192.168.2.19:8380/saraweb' successfully

2022-03-29 19:02:04 - [MESSAGE][PASSED] - Navigate to 'http://192.168.2.19:8380/saraweb' successfully

2022-03-29 19:02:04 - [TEST_STEP][PASSED] - a(): null

2022-03-29 19:02:04 - [TEST_STEP][PASSED] - setText(findTestObject("Login/input_USUARIO_loginusuario"), G_Usuario): Text 'saraadmin' is set on object 'Object Repository/Login/input_USUARIO_loginusuario'

2022-03-29 19:02:05 - [MESSAGE][PASSED] - Text 'saraadmin' is set on object 'Object Repository/Login/input_USUARIO_loginusuario'

2022-03-29 19:02:05 - [TEST_STEP][PASSED] - setEncryptedText(findTestObject("Login/input_CLAVE_loginpassword"), "MkG4/TYiCFC3cb2driP7+Q=="): Text ****** has been set on object 'Object Repository/Login/input_CLAVE_loginpassword'

2022-03-29 19:02:05 - [MESSAGE][PASSED] - Text ****** has been set on object 'Object Repository/Login/input_CLAVE_loginpassword'

2022-03-29 19:02:05 - [TEST_STEP][PASSED] - waitForElementClickable(findTestObject("Login/a_Ingresar"), G_TimeOut): Object 'Object Repository/Login/a_Ingresar' is clickable

2022-03-29 19:02:06 - [MESSAGE][PASSED] - Object 'Object Repository/Login/a_Ingresar' is clickable

2022-03-29 19:02:06 - [TEST_STEP][PASSED] - click(findTestObject("Login/a_Ingresar")): Object: 'Object Repository/Login/a_Ingresar' is clicked on

2022-03-29 19:02:07 - [MESSAGE][PASSED] - Object: 'Object Repository/Login/a_Ingresar' is clicked on

2022-03-29 19:02:07 - [TEST_STEP][PASSED] - element = findWebElement(findTestObject("Login/a_Ir"), 30): null

2022-03-29 19:02:07 - [TEST_STEP][PASSED] - executeJavaScript("arguments[0].click()", Arrays.asList(element)): Execute JavaScript 'arguments[0].click()' successfully

2022-03-29 19:02:07 - [MESSAGE][PASSED] - Execute JavaScript 'arguments[0].click()' successfully

2022-03-29 19:02:07 - [MESSAGE][PASSED] - Call Test Case 'Test Cases/0.1-Login' successfully

2022-03-29 19:02:07 - [TEST_STEP][PASSED] - executeJavaScript("document.body.style.zoom='98%'", null): Execute JavaScript 'document.body.style.zoom='98%'' successfully

2022-03-29 19:02:07 - [MESSAGE][PASSED] - Execute JavaScript 'document.body.style.zoom='98%'' successfully

2022-03-29 19:02:07 - [TEST_STEP][PASSED] - waitForElementVisible(findTestObject("M-OBJECTS TAREAS SECUNDARIAS/Pruebas SST/Investigación_Accidente_de_Trabajo/input_Informes de Accidentes e Incidentes de Trabajo_form_templatej_idt24_input"), 0): Object 'Object Repository/M-OBJECTS TAREAS SECUNDARIAS/Pruebas SST/Investigación_Accidente_de_Trabajo/input_Informes de Accidentes e Incidentes de Trabajo_form_templatej_idt24_input' is visible

2022-03-29 19:02:08 - [MESSAGE][WARNING] - Timeout '0' is invalid. Using default page load timeout: '45'

2022-03-29 19:02:08 - [MESSAGE][PASSED] - Object 'Object Repository/M-OBJECTS TAREAS SECUNDARIAS/Pruebas SST/Investigación_Accidente_de_Trabajo/input_Informes de Accidentes e Incidentes de Trabajo_form_templatej_idt24_input' is visible

2022-03-29 19:02:08 - [TEST_STEP][PASSED] - setText(findTestObject("M-OBJECTS TAREAS SECUNDARIAS/Pruebas SST/Investigación_Accidente_de_Trabajo/input_Informes de Accidentes e Incidentes de Trabajo_form_templatej_idt24_input"), "Informe Accidente de Trabajo"): Text 'Informe Accidente de Trabajo' is set on object 'Object Repository/M-OBJECTS TAREAS SECUNDARIAS/Pruebas SST/Investigación_Accidente_de_Trabajo/input_Informes de Accidentes e Incidentes de Trabajo_form_templatej_idt24_input'

2022-03-29 19:02:09 - [MESSAGE][PASSED] - Text 'Informe Accidente de Trabajo' is set on object 'Object Repository/M-OBJECTS TAREAS SECUNDARIAS/Pruebas SST/Investigación_Accidente_de_Trabajo/input_Informes de Accidentes e Incidentes de Trabajo_form_templatej_idt24_input'

2022-03-29 19:02:09 - [TEST_STEP][PASSED] - waitForElementPresent(findTestObject("M-OBJECTS TAREAS SECUNDARIAS/Pruebas SST/Investigación_Accidente_de_Trabajo/span_Informe Accidente de Trabajo (sst)"), 0): Object 'Object Repository/M-OBJECTS TAREAS SECUNDARIAS/Pruebas SST/Investigación_Accidente_de_Trabajo/span_Informe Accidente de Trabajo (sst)' is present

2022-03-29 19:02:09 - [MESSAGE][WARNING] - Timeout '0' is invalid. Using default page load timeout: '45'

2022-03-29 19:02:10 - [MESSAGE][PASSED] - Object 'Object Repository/M-OBJECTS TAREAS SECUNDARIAS/Pruebas SST/Investigación_Accidente_de_Trabajo/span_Informe Accidente de Trabajo (sst)' is present

2022-03-29 19:02:10 - [TEST_STEP][PASSED] - click(findTestObject("M-OBJECTS TAREAS SECUNDARIAS/Pruebas SST/Investigación_Accidente_de_Trabajo/span_Informe Accidente de Trabajo (sst)")): Object: 'Object Repository/M-OBJECTS TAREAS SECUNDARIAS/Pruebas SST/Investigación_Accidente_de_Trabajo/span_Informe Accidente de Trabajo (sst)' is clicked on

2022-03-29 19:02:11 - [MESSAGE][PASSED] - Object: 'Object Repository/M-OBJECTS TAREAS SECUNDARIAS/Pruebas SST/Investigación_Accidente_de_Trabajo/span_Informe Accidente de Trabajo (sst)' is clicked on

2022-03-29 19:02:11 - [TEST_STEP][PASSED] - click(findTestObject("M-OBJECTS TAREAS SECUNDARIAS/Pruebas SST/Investigación_Accidente_de_Trabajo/span_Prueba")): Object: 'Object Repository/M-OBJECTS TAREAS SECUNDARIAS/Pruebas SST/Investigación_Accidente_de_Trabajo/span_Prueba' is clicked on

2022-03-29 19:02:12 - [MESSAGE][PASSED] - Object: 'Object Repository/M-OBJECTS TAREAS SECUNDARIAS/Pruebas SST/Investigación_Accidente_de_Trabajo/span_Prueba' is clicked on

2022-03-29 19:02:12 - [TEST_STEP][PASSED] - click(findTestObject("M-OBJECTS TAREAS SECUNDARIAS/Pruebas SST/Investigación_Accidente_de_Trabajo/a_Accidentado")): Object: 'Object Repository/M-OBJECTS TAREAS SECUNDARIAS/Pruebas SST/Investigación_Accidente_de_Trabajo/a_Accidentado' is clicked on

2022-03-29 19:02:13 - [MESSAGE][PASSED] - Object: 'Object Repository/M-OBJECTS TAREAS SECUNDARIAS/Pruebas SST/Investigación_Accidente_de_Trabajo/a_Accidentado' is clicked on

2022-03-29 19:02:13 - [TEST_STEP][PASSED] - click(findTestObject("M-OBJECTS TAREAS SECUNDARIAS/Pruebas SST/Investigación_Accidente_de_Trabajo/span_DIAZ BLANCO GUISELL")): Object: 'Object Repository/M-OBJECTS TAREAS SECUNDARIAS/Pruebas SST/Investigación_Accidente_de_Trabajo/span_DIAZ BLANCO GUISELL' is clicked on

2022-03-29 19:02:14 - [MESSAGE][PASSED] - Object: 'Object Repository/M-OBJECTS TAREAS SECUNDARIAS/Pruebas SST/Investigación_Accidente_de_Trabajo/span_DIAZ BLANCO GUISELL' is clicked on

2022-03-29 19:02:14 - [TEST_STEP][PASSED] - click(findTestObject("M-OBJECTS TAREAS SECUNDARIAS/Pruebas SST/Investigación_Accidente_de_Trabajo/a_Investigaciones")): Object: 'Object Repository/M-OBJECTS TAREAS SECUNDARIAS/Pruebas SST/Investigación_Accidente_de_Trabajo/a_Investigaciones' is clicked on

2022-03-29 19:02:15 - [MESSAGE][PASSED] - Object: 'Object Repository/M-OBJECTS TAREAS SECUNDARIAS/Pruebas SST/Investigación_Accidente_de_Trabajo/a_Investigaciones' is clicked on

2022-03-29 19:02:15 - [TEST_STEP][PASSED] - if (waitForElementPresent(findTestObject("M-OBJECTS TAREAS SECUNDARIAS/Pruebas SST/Investigación_Accidente_de_Trabajo/span_Prueba2"), 1)): Object 'Object Repository/M-OBJECTS TAREAS SECUNDARIAS/Pruebas SST/Investigación_Accidente_de_Trabajo/span_Prueba2' is not present after 1 second(s)

2022-03-29 19:02:17 - [MESSAGE][INFO] - Unable to find the element located by 'By.xpath: //div[2]/div[2]/table/tbody/tr/td/span'. Please recheck the objects properties to make sure the desired element is located. 

2022-03-29 19:02:17 - [MESSAGE][WARNING] - Object 'Object Repository/M-OBJECTS TAREAS SECUNDARIAS/Pruebas SST/Investigación_Accidente_de_Trabajo/span_Prueba2' is not present after 1 second(s)

2022-03-29 19:02:17 - [TEST_STEP][PASSED] - click(findTestObject("M-OBJECTS TAREAS SECUNDARIAS/Pruebas SST/Investigación_Accidente_de_Trabajo/a_Nuevo")): Object: 'Object Repository/M-OBJECTS TAREAS SECUNDARIAS/Pruebas SST/Investigación_Accidente_de_Trabajo/a_Nuevo' is clicked on

2022-03-29 19:02:17 - [MESSAGE][PASSED] - Object: 'Object Repository/M-OBJECTS TAREAS SECUNDARIAS/Pruebas SST/Investigación_Accidente_de_Trabajo/a_Nuevo' is clicked on

2022-03-29 19:02:17 - [TEST_STEP][PASSED] - setText(findTestObject("M-OBJECTS TAREAS SECUNDARIAS/Pruebas SST/Investigación_Accidente_de_Trabajo/input_Costo Estimado del Dao_j_idt1827tabInvestigacionAccidentadocosto"), "100"): Text '100' is set on object 'Object Repository/M-OBJECTS TAREAS SECUNDARIAS/Pruebas SST/Investigación_Accidente_de_Trabajo/input_Costo Estimado del Dao_j_idt1827tabInvestigacionAccidentadocosto'

2022-03-29 19:02:19 - [MESSAGE][PASSED] - Text '100' is set on object 'Object Repository/M-OBJECTS TAREAS SECUNDARIAS/Pruebas SST/Investigación_Accidente_de_Trabajo/input_Costo Estimado del Dao_j_idt1827tabInvestigacionAccidentadocosto'

2022-03-29 19:02:19 - [TEST_STEP][PASSED] - setText(findTestObject("M-OBJECTS TAREAS SECUNDARIAS/Pruebas SST/Investigación_Accidente_de_Trabajo (1)/textarea_Propiedad o Equipo Daado_j_idt1827tabInvestigacionAccidentadoequipoDanado"), "null"): Text 'null' is set on object 'Object Repository/M-OBJECTS TAREAS SECUNDARIAS/Pruebas SST/Investigación_Accidente_de_Trabajo (1)/textarea_Propiedad o Equipo Daado_j_idt1827tabInvestigacionAccidentadoequipoDanado'

2022-03-29 19:02:20 - [MESSAGE][PASSED] - Text 'null' is set on object 'Object Repository/M-OBJECTS TAREAS SECUNDARIAS/Pruebas SST/Investigación_Accidente_de_Trabajo (1)/textarea_Propiedad o Equipo Daado_j_idt1827tabInvestigacionAccidentadoequipoDanado'

2022-03-29 19:02:20 - [TEST_STEP][PASSED] - setText(findTestObject("M-OBJECTS TAREAS SECUNDARIAS/Pruebas SST/Investigación_Accidente_de_Trabajo (1)/textarea_Naturaleza del Dao_j_idt1827tabInvestigacionAccidentadonaturaleza"), "null"): Text 'null' is set on object 'Object Repository/M-OBJECTS TAREAS SECUNDARIAS/Pruebas SST/Investigación_Accidente_de_Trabajo (1)/textarea_Naturaleza del Dao_j_idt1827tabInvestigacionAccidentadonaturaleza'

2022-03-29 19:02:21 - [MESSAGE][PASSED] - Text 'null' is set on object 'Object Repository/M-OBJECTS TAREAS SECUNDARIAS/Pruebas SST/Investigación_Accidente_de_Trabajo (1)/textarea_Naturaleza del Dao_j_idt1827tabInvestigacionAccidentadonaturaleza'

2022-03-29 19:02:21 - [TEST_STEP][PASSED] - setText(findTestObject("M-OBJECTS TAREAS SECUNDARIAS/Pruebas SST/Investigación_Accidente_de_Trabajo/textarea_Agente Dao_j_idt1827tabInvestigacionAccidentadoorigenDano"), "null"): Text 'null' is set on object 'Object Repository/M-OBJECTS TAREAS SECUNDARIAS/Pruebas SST/Investigación_Accidente_de_Trabajo/textarea_Agente Dao_j_idt1827tabInvestigacionAccidentadoorigenDano'

2022-03-29 19:02:22 - [MESSAGE][PASSED] - Text 'null' is set on object 'Object Repository/M-OBJECTS TAREAS SECUNDARIAS/Pruebas SST/Investigación_Accidente_de_Trabajo/textarea_Agente Dao_j_idt1827tabInvestigacionAccidentadoorigenDano'

2022-03-29 19:02:22 - [TEST_STEP][PASSED] - selectOptionByIndex(findTestObject("M-OBJECTS TAREAS SECUNDARIAS/Pruebas SST/Investigación_Accidente_de_Trabajo/select_-- SELECCIONAR --GraveLeveUrgente"), "2"): All options with index in [2] are selected on object 'Object Repository/M-OBJECTS TAREAS SECUNDARIAS/Pruebas SST/Investigación_Accidente_de_Trabajo/select_-- SELECCIONAR --GraveLeveUrgente'

2022-03-29 19:02:23 - [MESSAGE][PASSED] - All options with index in [2] are selected on object 'Object Repository/M-OBJECTS TAREAS SECUNDARIAS/Pruebas SST/Investigación_Accidente_de_Trabajo/select_-- SELECCIONAR --GraveLeveUrgente'

2022-03-29 19:02:23 - [TEST_STEP][FAILED] - setText(findTestObject("Modulo Pruebas SST/Investigación_Accidente_de_Trabajo/textarea_Descripcin del rea de Trabajo en Dnde Ocurri el Accidente_j_idt1827tabInvestigacionAccidentadoareaTrabajo"), "null"): Unable to set text (Root cause: com.kms.katalon.core.exception.StepFailedException: Unable to set text
	at com.kms.katalon.core.webui.keyword.internal.WebUIKeywordMain.stepFailed(WebUIKeywordMain.groovy:64)
	at com.kms.katalon.core.webui.keyword.internal.WebUIKeywordMain.runKeyword(WebUIKeywordMain.groovy:26)
	at com.kms.katalon.core.webui.keyword.builtin.SetTextKeyword.setText(SetTextKeyword.groovy:66)
	at com.kms.katalon.core.webui.keyword.builtin.SetTextKeyword.execute(SetTextKeyword.groovy:37)
	at com.kms.katalon.core.keyword.internal.KeywordExecutor.executeKeywordForPlatform(KeywordExecutor.groovy:74)
	at com.kms.katalon.core.webui.keyword.WebUiBuiltInKeywords.setText(WebUiBuiltInKeywords.groovy:980)
	at com.kms.katalon.core.webui.keyword.WebUiBuiltInKeywords$setText$2.call(Unknown Source)
	at 5.1.2-Investigación_Accidente_de_Trabajo.run(5.1.2-Investigación_Accidente_de_Trabajo:71)
	at com.kms.katalon.core.main.ScriptEngine.run(ScriptEngine.java:194)
	at com.kms.katalon.core.main.ScriptEngine.runScriptAsRawText(ScriptEngine.java:119)
	at com.kms.katalon.core.main.TestCaseExecutor.runScript(TestCaseExecutor.java:442)
	at com.kms.katalon.core.main.TestCaseExecutor.doExecute(TestCaseExecutor.java:433)
	at com.kms.katalon.core.main.TestCaseExecutor.processExecutionPhase(TestCaseExecutor.java:412)
	at com.kms.katalon.core.main.TestCaseExecutor.accessMainPhase(TestCaseExecutor.java:404)
	at com.kms.katalon.core.main.TestCaseExecutor.execute(TestCaseExecutor.java:281)
	at com.kms.katalon.core.main.TestSuiteExecutor.accessTestCaseMainPhase(TestSuiteExecutor.java:202)
	at com.kms.katalon.core.main.TestSuiteExecutor.accessTestSuiteMainPhase(TestSuiteExecutor.java:164)
	at com.kms.katalon.core.main.TestSuiteExecutor.execute(TestSuiteExecutor.java:105)
	at com.kms.katalon.core.main.TestCaseMain.startTestSuite(TestCaseMain.java:185)
	at com.kms.katalon.core.main.TestCaseMain$startTestSuite$0.call(Unknown Source)
	at TempTestSuite1648594435047.run(TempTestSuite1648594435047.groovy:36)
Caused by: java.lang.IllegalArgumentException: Object is null
	at com.kms.katalon.core.helper.KeywordHelper.checkTestObjectParameter(KeywordHelper.java:33)
	at com.kms.katalon.core.webui.keyword.builtin.SetTextKeyword$_setText_closure1.doCall(SetTextKeyword.groovy:45)
	at com.kms.katalon.core.webui.keyword.builtin.SetTextKeyword$_setText_closure1.call(SetTextKeyword.groovy)
	at com.kms.katalon.core.webui.keyword.internal.WebUIKeywordMain.runKeyword(WebUIKeywordMain.groovy:20)
	at com.kms.katalon.core.webui.keyword.builtin.SetTextKeyword.setText(SetTextKeyword.groovy:66)
	at com.kms.katalon.core.webui.keyword.builtin.SetTextKeyword.execute(SetTextKeyword.groovy:37)
	at com.kms.katalon.core.keyword.internal.KeywordExecutor.executeKeywordForPlatform(KeywordExecutor.groovy:74)
	at com.kms.katalon.core.webui.keyword.WebUiBuiltInKeywords.setText(WebUiBuiltInKeywords.groovy:980)
	at com.kms.katalon.core.webui.keyword.WebUiBuiltInKeywords$setText$2.call(Unknown Source)
	at Script1637672124826.run(Script1637672124826.groovy:71)
	... 13 more
)

2022-03-29 19:02:23 - [MESSAGE][WARNING] - Test object with id 'Object Repository/Modulo Pruebas SST/Investigación_Accidente_de_Trabajo/textarea_Descripcin del rea de Trabajo en Dnde Ocurri el Accidente_j_idt1827tabInvestigacionAccidentadoareaTrabajo' does not exist

2022-03-29 19:02:23 - [MESSAGE][WARNING] - Test object with id 'Object Repository/' does not exist

2022-03-29 19:02:23 - [MESSAGE][FAILED] - Unable to set text (Root cause: com.kms.katalon.core.exception.StepFailedException: Unable to set text
	at com.kms.katalon.core.webui.keyword.internal.WebUIKeywordMain.stepFailed(WebUIKeywordMain.groovy:64)
	at com.kms.katalon.core.webui.keyword.internal.WebUIKeywordMain.runKeyword(WebUIKeywordMain.groovy:26)
	at com.kms.katalon.core.webui.keyword.builtin.SetTextKeyword.setText(SetTextKeyword.groovy:66)
	at com.kms.katalon.core.webui.keyword.builtin.SetTextKeyword.execute(SetTextKeyword.groovy:37)
	at com.kms.katalon.core.keyword.internal.KeywordExecutor.executeKeywordForPlatform(KeywordExecutor.groovy:74)
	at com.kms.katalon.core.webui.keyword.WebUiBuiltInKeywords.setText(WebUiBuiltInKeywords.groovy:980)
	at com.kms.katalon.core.webui.keyword.WebUiBuiltInKeywords$setText$2.call(Unknown Source)
	at 5.1.2-Investigación_Accidente_de_Trabajo.run(5.1.2-Investigación_Accidente_de_Trabajo:71)
	at com.kms.katalon.core.main.ScriptEngine.run(ScriptEngine.java:194)
	at com.kms.katalon.core.main.ScriptEngine.runScriptAsRawText(ScriptEngine.java:119)
	at com.kms.katalon.core.main.TestCaseExecutor.runScript(TestCaseExecutor.java:442)
	at com.kms.katalon.core.main.TestCaseExecutor.doExecute(TestCaseExecutor.java:433)
	at com.kms.katalon.core.main.TestCaseExecutor.processExecutionPhase(TestCaseExecutor.java:412)
	at com.kms.katalon.core.main.TestCaseExecutor.accessMainPhase(TestCaseExecutor.java:404)
	at com.kms.katalon.core.main.TestCaseExecutor.execute(TestCaseExecutor.java:281)
	at com.kms.katalon.core.main.TestSuiteExecutor.accessTestCaseMainPhase(TestSuiteExecutor.java:202)
	at com.kms.katalon.core.main.TestSuiteExecutor.accessTestSuiteMainPhase(TestSuiteExecutor.java:164)
	at com.kms.katalon.core.main.TestSuiteExecutor.execute(TestSuiteExecutor.java:105)
	at com.kms.katalon.core.main.TestCaseMain.startTestSuite(TestCaseMain.java:185)
	at com.kms.katalon.core.main.TestCaseMain$startTestSuite$0.call(Unknown Source)
	at TempTestSuite1648594435047.run(TempTestSuite1648594435047.groovy:36)
Caused by: java.lang.IllegalArgumentException: Object is null
	at com.kms.katalon.core.helper.KeywordHelper.checkTestObjectParameter(KeywordHelper.java:33)
	at com.kms.katalon.core.webui.keyword.builtin.SetTextKeyword$_setText_closure1.doCall(SetTextKeyword.groovy:45)
	at com.kms.katalon.core.webui.keyword.builtin.SetTextKeyword$_setText_closure1.call(SetTextKeyword.groovy)
	at com.kms.katalon.core.webui.keyword.internal.WebUIKeywordMain.runKeyword(WebUIKeywordMain.groovy:20)
	at com.kms.katalon.core.webui.keyword.builtin.SetTextKeyword.setText(SetTextKeyword.groovy:66)
	at com.kms.katalon.core.webui.keyword.builtin.SetTextKeyword.execute(SetTextKeyword.groovy:37)
	at com.kms.katalon.core.keyword.internal.KeywordExecutor.executeKeywordForPlatform(KeywordExecutor.groovy:74)
	at com.kms.katalon.core.webui.keyword.WebUiBuiltInKeywords.setText(WebUiBuiltInKeywords.groovy:980)
	at com.kms.katalon.core.webui.keyword.WebUiBuiltInKeywords$setText$2.call(Unknown Source)
	at Script1637672124826.run(Script1637672124826.groovy:71)
	... 13 more
)
[[ATTACHMENT|C:\\Users\\diego.rojas\\git\\Pruebas-Minimas\\Reports\\20220329_175344\\Test_Suite_Secundaria\\1-Tareas_secundarias\\20220329_175355\\1648598543329.png]]]]></system-out>
         <system-err><![CDATA[2022-03-29 19:02:00 - [TEST_CASE][FAILED] - Test Cases/1.2-Tareas_Secundarias/5.1-Pruebas_SST/5.1.2-Investigación_Accidente_de_Trabajo: Test Cases/1.2-Tareas_Secundarias/5.1-Pruebas_SST/5.1.2-Investigación_Accidente_de_Trabajo FAILED.
Reason:
com.kms.katalon.core.exception.StepFailedException: Unable to set text
	at com.kms.katalon.core.webui.keyword.internal.WebUIKeywordMain.stepFailed(WebUIKeywordMain.groovy:64)
	at com.kms.katalon.core.webui.keyword.internal.WebUIKeywordMain.runKeyword(WebUIKeywordMain.groovy:26)
	at com.kms.katalon.core.webui.keyword.builtin.SetTextKeyword.setText(SetTextKeyword.groovy:66)
	at com.kms.katalon.core.webui.keyword.builtin.SetTextKeyword.execute(SetTextKeyword.groovy:37)
	at com.kms.katalon.core.keyword.internal.KeywordExecutor.executeKeywordForPlatform(KeywordExecutor.groovy:74)
	at com.kms.katalon.core.webui.keyword.WebUiBuiltInKeywords.setText(WebUiBuiltInKeywords.groovy:980)
	at com.kms.katalon.core.webui.keyword.WebUiBuiltInKeywords$setText$2.call(Unknown Source)
	at 5.1.2-Investigación_Accidente_de_Trabajo.run(5.1.2-Investigación_Accidente_de_Trabajo:71)
	at com.kms.katalon.core.main.ScriptEngine.run(ScriptEngine.java:194)
	at com.kms.katalon.core.main.ScriptEngine.runScriptAsRawText(ScriptEngine.java:119)
	at com.kms.katalon.core.main.TestCaseExecutor.runScript(TestCaseExecutor.java:442)
	at com.kms.katalon.core.main.TestCaseExecutor.doExecute(TestCaseExecutor.java:433)
	at com.kms.katalon.core.main.TestCaseExecutor.processExecutionPhase(TestCaseExecutor.java:412)
	at com.kms.katalon.core.main.TestCaseExecutor.accessMainPhase(TestCaseExecutor.java:404)
	at com.kms.katalon.core.main.TestCaseExecutor.execute(TestCaseExecutor.java:281)
	at com.kms.katalon.core.main.TestSuiteExecutor.accessTestCaseMainPhase(TestSuiteExecutor.java:202)
	at com.kms.katalon.core.main.TestSuiteExecutor.accessTestSuiteMainPhase(TestSuiteExecutor.java:164)
	at com.kms.katalon.core.main.TestSuiteExecutor.execute(TestSuiteExecutor.java:105)
	at com.kms.katalon.core.main.TestCaseMain.startTestSuite(TestCaseMain.java:185)
	at com.kms.katalon.core.main.TestCaseMain$startTestSuite$0.call(Unknown Source)
	at TempTestSuite1648594435047.run(TempTestSuite1648594435047.groovy:36)
Caused by: java.lang.IllegalArgumentException: Object is null
	at com.kms.katalon.core.helper.KeywordHelper.checkTestObjectParameter(KeywordHelper.java:33)
	at com.kms.katalon.core.webui.keyword.builtin.SetTextKeyword$_setText_closure1.doCall(SetTextKeyword.groovy:45)
	at com.kms.katalon.core.webui.keyword.builtin.SetTextKeyword$_setText_closure1.call(SetTextKeyword.groovy)
	at com.kms.katalon.core.webui.keyword.internal.WebUIKeywordMain.runKeyword(WebUIKeywordMain.groovy:20)
	... 19 more]]></system-err>
      </testcase>
      <testcase name="Test Cases/1.2-Tareas_Secundarias/5.1-Pruebas_SST/5.1.3-Seguimiento_a_accidente laborales_enfermedades_laborales_y_comunes" time="43.774" classname="Test Cases/1.2-Tareas_Secundarias/5.1-Pruebas_SST/5.1.3-Seguimiento_a_accidente laborales_enfermedades_laborales_y_comunes" status="FAILED">
         <failure type="FAILED" message="Test Cases/1.2-Tareas_Secundarias/5.1-Pruebas_SST/5.1.3-Seguimiento_a_accidente laborales_enfermedades_laborales_y_comunes FAILED.
Reason:
com.kms.katalon.core.exception.StepFailedException: Unable to select option by index
	at com.kms.katalon.core.webui.keyword.internal.WebUIKeywordMain.stepFailed(WebUIKeywordMain.groovy:64)
	at com.kms.katalon.core.webui.keyword.internal.WebUIKeywordMain.runKeyword(WebUIKeywordMain.groovy:26)
	at com.kms.katalon.core.webui.keyword.builtin.SelectOptionByIndexKeyword.selectOptionByIndex(SelectOptionByIndexKeyword.groovy:93)
	at com.kms.katalon.core.webui.keyword.builtin.SelectOptionByIndexKeyword.execute(SelectOptionByIndexKeyword.groovy:68)
	at com.kms.katalon.core.keyword.internal.KeywordExecutor.executeKeywordForPlatform(KeywordExecutor.groovy:74)
	at com.kms.katalon.core.webui.keyword.WebUiBuiltInKeywords.selectOptionByIndex(WebUiBuiltInKeywords.groovy:1133)
	at com.kms.katalon.core.webui.keyword.WebUiBuiltInKeywords$selectOptionByIndex$10.call(Unknown Source)
	at 5.1.3-Seguimiento_a_accidente laborales_enfermedades_laborales_y_comunes.run(5.1.3-Seguimiento_a_accidente laborales_enfermedades_laborales_y_comunes:124)
	at com.kms.katalon.core.main.ScriptEngine.run(ScriptEngine.java:194)
	at com.kms.katalon.core.main.ScriptEngine.runScriptAsRawText(ScriptEngine.java:119)
	at com.kms.katalon.core.main.TestCaseExecutor.runScript(TestCaseExecutor.java:442)
	at com.kms.katalon.core.main.TestCaseExecutor.doExecute(TestCaseExecutor.java:433)
	at com.kms.katalon.core.main.TestCaseExecutor.processExecutionPhase(TestCaseExecutor.java:412)
	at com.kms.katalon.core.main.TestCaseExecutor.accessMainPhase(TestCaseExecutor.java:404)
	at com.kms.katalon.core.main.TestCaseExecutor.execute(TestCaseExecutor.java:281)
	at com.kms.katalon.core.main.TestSuiteExecutor.accessTestCaseMainPhase(TestSuiteExecutor.java:202)
	at com.kms.katalon.core.main.TestSuiteExecutor.accessTestSuiteMainPhase(TestSuiteExecutor.java:164)
	at com.kms.katalon.core.main.TestSuiteExecutor.execute(TestSuiteExecutor.java:105)
	at com.kms.katalon.core.main.TestCaseMain.startTestSuite(TestCaseMain.java:185)
	at com.kms.katalon.core.main.TestCaseMain$startTestSuite$0.call(Unknown Source)
	at TempTestSuite1648594435047.run(TempTestSuite1648594435047.groovy:36)
Caused by: java.lang.IllegalArgumentException: Object is null
	at com.kms.katalon.core.helper.KeywordHelper.checkTestObjectParameter(KeywordHelper.java:33)
	at com.kms.katalon.core.webui.keyword.builtin.SelectOptionByIndexKeyword$_selectOptionByIndex_closure1.doCall(SelectOptionByIndexKeyword.groovy:76)
	at com.kms.katalon.core.webui.keyword.builtin.SelectOptionByIndexKeyword$_selectOptionByIndex_closure1.call(SelectOptionByIndexKeyword.groovy)
	at com.kms.katalon.core.webui.keyword.internal.WebUIKeywordMain.runKeyword(WebUIKeywordMain.groovy:20)
	... 19 more
"/>
         <system-out><![CDATA[2022-03-29 19:02:23 - [TEST_CASE][FAILED] - Test Cases/1.2-Tareas_Secundarias/5.1-Pruebas_SST/5.1.3-Seguimiento_a_accidente laborales_enfermedades_laborales_y_comunes: Test Cases/1.2-Tareas_Secundarias/5.1-Pruebas_SST/5.1.3-Seguimiento_a_accidente laborales_enfermedades_laborales_y_comunes FAILED.
Reason:
com.kms.katalon.core.exception.StepFailedException: Unable to select option by index
	at com.kms.katalon.core.webui.keyword.internal.WebUIKeywordMain.stepFailed(WebUIKeywordMain.groovy:64)
	at com.kms.katalon.core.webui.keyword.internal.WebUIKeywordMain.runKeyword(WebUIKeywordMain.groovy:26)
	at com.kms.katalon.core.webui.keyword.builtin.SelectOptionByIndexKeyword.selectOptionByIndex(SelectOptionByIndexKeyword.groovy:93)
	at com.kms.katalon.core.webui.keyword.builtin.SelectOptionByIndexKeyword.execute(SelectOptionByIndexKeyword.groovy:68)
	at com.kms.katalon.core.keyword.internal.KeywordExecutor.executeKeywordForPlatform(KeywordExecutor.groovy:74)
	at com.kms.katalon.core.webui.keyword.WebUiBuiltInKeywords.selectOptionByIndex(WebUiBuiltInKeywords.groovy:1133)
	at com.kms.katalon.core.webui.keyword.WebUiBuiltInKeywords$selectOptionByIndex$10.call(Unknown Source)
	at 5.1.3-Seguimiento_a_accidente laborales_enfermedades_laborales_y_comunes.run(5.1.3-Seguimiento_a_accidente laborales_enfermedades_laborales_y_comunes:124)
	at com.kms.katalon.core.main.ScriptEngine.run(ScriptEngine.java:194)
	at com.kms.katalon.core.main.ScriptEngine.runScriptAsRawText(ScriptEngine.java:119)
	at com.kms.katalon.core.main.TestCaseExecutor.runScript(TestCaseExecutor.java:442)
	at com.kms.katalon.core.main.TestCaseExecutor.doExecute(TestCaseExecutor.java:433)
	at com.kms.katalon.core.main.TestCaseExecutor.processExecutionPhase(TestCaseExecutor.java:412)
	at com.kms.katalon.core.main.TestCaseExecutor.accessMainPhase(TestCaseExecutor.java:404)
	at com.kms.katalon.core.main.TestCaseExecutor.execute(TestCaseExecutor.java:281)
	at com.kms.katalon.core.main.TestSuiteExecutor.accessTestCaseMainPhase(TestSuiteExecutor.java:202)
	at com.kms.katalon.core.main.TestSuiteExecutor.accessTestSuiteMainPhase(TestSuiteExecutor.java:164)
	at com.kms.katalon.core.main.TestSuiteExecutor.execute(TestSuiteExecutor.java:105)
	at com.kms.katalon.core.main.TestCaseMain.startTestSuite(TestCaseMain.java:185)
	at com.kms.katalon.core.main.TestCaseMain$startTestSuite$0.call(Unknown Source)
	at TempTestSuite1648594435047.run(TempTestSuite1648594435047.groovy:36)
Caused by: java.lang.IllegalArgumentException: Object is null
	at com.kms.katalon.core.helper.KeywordHelper.checkTestObjectParameter(KeywordHelper.java:33)
	at com.kms.katalon.core.webui.keyword.builtin.SelectOptionByIndexKeyword$_selectOptionByIndex_closure1.doCall(SelectOptionByIndexKeyword.groovy:76)
	at com.kms.katalon.core.webui.keyword.builtin.SelectOptionByIndexKeyword$_selectOptionByIndex_closure1.call(SelectOptionByIndexKeyword.groovy)
	at com.kms.katalon.core.webui.keyword.internal.WebUIKeywordMain.runKeyword(WebUIKeywordMain.groovy:20)
	... 19 more


2022-03-29 19:02:23 - [TEST_STEP][PASSED] - callTestCase(findTestCase("0.1-Login"), [:], STOP_ON_FAILURE): Call Test Case 'Test Cases/0.1-Login' successfully

2022-03-29 19:02:23 - [TEST_CASE][PASSED] - Test Cases/0.1-Login: Test Cases/0.1-Login

2022-03-29 19:02:23 - [TEST_STEP][PASSED] - openBrowser(""): Browser is opened with url: ''

2022-03-29 19:02:23 - [MESSAGE][WARNING] - A browser is already opened. Closing browser and opening a new one

2022-03-29 19:02:24 - [MESSAGE][INFO] - Starting 'Chrome' driver

2022-03-29 19:02:24 - [MESSAGE][INFO] - Action delay is set to 50 milliseconds

2022-03-29 19:02:26 - [MESSAGE][PASSED] - Browser is opened with url: ''

2022-03-29 19:02:26 - [TEST_STEP][PASSED] - maximizeWindow(): Current window maximized

2022-03-29 19:02:26 - [MESSAGE][PASSED] - Current window maximized

2022-03-29 19:02:26 - [TEST_STEP][PASSED] - i = G_Login: null

2022-03-29 19:02:26 - [TEST_STEP][PASSED] - url = new java.net.URL(i): null

2022-03-29 19:02:26 - [TEST_STEP][PASSED] - println("URL: " + url.toString()): null

2022-03-29 19:02:26 - [TEST_STEP][PASSED] - connection = url.openConnection(): null

2022-03-29 19:02:26 - [TEST_STEP][PASSED] - connection.setRequestMethod("GET"): null

2022-03-29 19:02:26 - [TEST_STEP][PASSED] - connection.setReadTimeout(2 * 1000): null

2022-03-29 19:02:26 - [TEST_STEP][PASSED] - try: null

2022-03-29 19:02:26 - [TEST_STEP][PASSED] - connection.connect(): null

2022-03-29 19:02:26 - [TEST_STEP][PASSED] - flag = connected: null

2022-03-29 19:02:26 - [TEST_STEP][PASSED] - println("Valor_ori: " + flag): null

2022-03-29 19:02:26 - [TEST_STEP][PASSED] - if (flag): null

2022-03-29 19:02:26 - [TEST_STEP][PASSED] - navigateToUrl(i): Navigate to 'http://192.168.2.19:8380/saraweb' successfully

2022-03-29 19:02:26 - [MESSAGE][PASSED] - Navigate to 'http://192.168.2.19:8380/saraweb' successfully

2022-03-29 19:02:26 - [TEST_STEP][PASSED] - a(): null

2022-03-29 19:02:26 - [TEST_STEP][PASSED] - setText(findTestObject("Login/input_USUARIO_loginusuario"), G_Usuario): Text 'saraadmin' is set on object 'Object Repository/Login/input_USUARIO_loginusuario'

2022-03-29 19:02:27 - [MESSAGE][PASSED] - Text 'saraadmin' is set on object 'Object Repository/Login/input_USUARIO_loginusuario'

2022-03-29 19:02:27 - [TEST_STEP][PASSED] - setEncryptedText(findTestObject("Login/input_CLAVE_loginpassword"), "MkG4/TYiCFC3cb2driP7+Q=="): Text ****** has been set on object 'Object Repository/Login/input_CLAVE_loginpassword'

2022-03-29 19:02:28 - [MESSAGE][PASSED] - Text ****** has been set on object 'Object Repository/Login/input_CLAVE_loginpassword'

2022-03-29 19:02:28 - [TEST_STEP][PASSED] - waitForElementClickable(findTestObject("Login/a_Ingresar"), G_TimeOut): Object 'Object Repository/Login/a_Ingresar' is clickable

2022-03-29 19:02:28 - [MESSAGE][PASSED] - Object 'Object Repository/Login/a_Ingresar' is clickable

2022-03-29 19:02:28 - [TEST_STEP][PASSED] - click(findTestObject("Login/a_Ingresar")): Object: 'Object Repository/Login/a_Ingresar' is clicked on

2022-03-29 19:02:30 - [MESSAGE][PASSED] - Object: 'Object Repository/Login/a_Ingresar' is clicked on

2022-03-29 19:02:30 - [TEST_STEP][PASSED] - element = findWebElement(findTestObject("Login/a_Ir"), 30): null

2022-03-29 19:02:30 - [TEST_STEP][PASSED] - executeJavaScript("arguments[0].click()", Arrays.asList(element)): Execute JavaScript 'arguments[0].click()' successfully

2022-03-29 19:02:30 - [MESSAGE][PASSED] - Execute JavaScript 'arguments[0].click()' successfully

2022-03-29 19:02:30 - [MESSAGE][PASSED] - Call Test Case 'Test Cases/0.1-Login' successfully

2022-03-29 19:02:30 - [TEST_STEP][PASSED] - setText(findTestObject("M-OBJECTS TAREAS SECUNDARIAS/Pruebas SST/Seguimiento_a_accidente laborales_enfermedades_laborales_y_comunes/input_ADMINISTRADOR DEL SISTEMA - SARA_form_templatej_idt24_input"), "Registrar / Nov"): Text 'Registrar / Nov' is set on object 'Object Repository/M-OBJECTS TAREAS SECUNDARIAS/Pruebas SST/Seguimiento_a_accidente laborales_enfermedades_laborales_y_comunes/input_ADMINISTRADOR DEL SISTEMA - SARA_form_templatej_idt24_input'

2022-03-29 19:02:31 - [MESSAGE][PASSED] - Text 'Registrar / Nov' is set on object 'Object Repository/M-OBJECTS TAREAS SECUNDARIAS/Pruebas SST/Seguimiento_a_accidente laborales_enfermedades_laborales_y_comunes/input_ADMINISTRADOR DEL SISTEMA - SARA_form_templatej_idt24_input'

2022-03-29 19:02:31 - [TEST_STEP][PASSED] - click(findTestObject("M-OBJECTS TAREAS SECUNDARIAS/Pruebas SST/Seguimiento_a_accidente laborales_enfermedades_laborales_y_comunes/li_Registrar  Nov. Caso Atep (sst)")): Object: 'Object Repository/M-OBJECTS TAREAS SECUNDARIAS/Pruebas SST/Seguimiento_a_accidente laborales_enfermedades_laborales_y_comunes/li_Registrar  Nov. Caso Atep (sst)' is clicked on

2022-03-29 19:02:33 - [MESSAGE][PASSED] - Object: 'Object Repository/M-OBJECTS TAREAS SECUNDARIAS/Pruebas SST/Seguimiento_a_accidente laborales_enfermedades_laborales_y_comunes/li_Registrar  Nov. Caso Atep (sst)' is clicked on

2022-03-29 19:02:33 - [TEST_STEP][PASSED] - selectOptionByIndex(findTestObject("M-OBJECTS TAREAS SECUNDARIAS/Pruebas SST/Seguimiento_a_accidente laborales_enfermedades_laborales_y_comunes (1)/select_-- SELECCIONAR --SEDE NORTESEDE OCCIDENTESEDE SUR1"), 1): All options with index in [1] are selected on object 'Object Repository/M-OBJECTS TAREAS SECUNDARIAS/Pruebas SST/Seguimiento_a_accidente laborales_enfermedades_laborales_y_comunes (1)/select_-- SELECCIONAR --SEDE NORTESEDE OCCIDENTESEDE SUR1'

2022-03-29 19:02:35 - [MESSAGE][PASSED] - All options with index in [1] are selected on object 'Object Repository/M-OBJECTS TAREAS SECUNDARIAS/Pruebas SST/Seguimiento_a_accidente laborales_enfermedades_laborales_y_comunes (1)/select_-- SELECCIONAR --SEDE NORTESEDE OCCIDENTESEDE SUR1'

2022-03-29 19:02:35 - [TEST_STEP][PASSED] - click(findTestObject("M-OBJECTS TAREAS SECUNDARIAS/Pruebas SST/Seguimiento_a_accidente laborales_enfermedades_laborales_y_comunes/a_Nombre_form_listadoSolicitudElementoj_idt65")): Object: 'Object Repository/M-OBJECTS TAREAS SECUNDARIAS/Pruebas SST/Seguimiento_a_accidente laborales_enfermedades_laborales_y_comunes/a_Nombre_form_listadoSolicitudElementoj_idt65' is clicked on

2022-03-29 19:02:36 - [MESSAGE][PASSED] - Object: 'Object Repository/M-OBJECTS TAREAS SECUNDARIAS/Pruebas SST/Seguimiento_a_accidente laborales_enfermedades_laborales_y_comunes/a_Nombre_form_listadoSolicitudElementoj_idt65' is clicked on

2022-03-29 19:02:36 - [TEST_STEP][PASSED] - setText(findTestObject("M-OBJECTS TAREAS SECUNDARIAS/Pruebas SST/Seguimiento_a_accidente laborales_enfermedades_laborales_y_comunes/input_Filtro Hoja de Vida_formPopupHojaVidaj_idt7951"), "A A A"): Text 'A A A' is set on object 'Object Repository/M-OBJECTS TAREAS SECUNDARIAS/Pruebas SST/Seguimiento_a_accidente laborales_enfermedades_laborales_y_comunes/input_Filtro Hoja de Vida_formPopupHojaVidaj_idt7951'

2022-03-29 19:02:37 - [MESSAGE][PASSED] - Text 'A A A' is set on object 'Object Repository/M-OBJECTS TAREAS SECUNDARIAS/Pruebas SST/Seguimiento_a_accidente laborales_enfermedades_laborales_y_comunes/input_Filtro Hoja de Vida_formPopupHojaVidaj_idt7951'

2022-03-29 19:02:37 - [TEST_STEP][PASSED] - sendKeys(findTestObject("M-OBJECTS TAREAS SECUNDARIAS/Pruebas SST/Seguimiento_a_accidente laborales_enfermedades_laborales_y_comunes/input_Filtro Hoja de Vida_formPopupHojaVidaj_idt7951"), Keys.chord(ENTER)): Keys 'ENTER + ' sent to object: 'Object Repository/M-OBJECTS TAREAS SECUNDARIAS/Pruebas SST/Seguimiento_a_accidente laborales_enfermedades_laborales_y_comunes/input_Filtro Hoja de Vida_formPopupHojaVidaj_idt7951'

2022-03-29 19:02:38 - [MESSAGE][PASSED] - Keys 'ENTER + ' sent to object: 'Object Repository/M-OBJECTS TAREAS SECUNDARIAS/Pruebas SST/Seguimiento_a_accidente laborales_enfermedades_laborales_y_comunes/input_Filtro Hoja de Vida_formPopupHojaVidaj_idt7951'

2022-03-29 19:02:38 - [TEST_STEP][PASSED] - if (waitForElementClickable(findTestObject("M-OBJECTS TAREAS SECUNDARIAS/Pruebas SST/Seguimiento_a_accidente laborales_enfermedades_laborales_y_comunes (1)/span_A A A"), 1)): null

2022-03-29 19:02:38 - [MESSAGE][PASSED] - Object 'Object Repository/M-OBJECTS TAREAS SECUNDARIAS/Pruebas SST/Seguimiento_a_accidente laborales_enfermedades_laborales_y_comunes (1)/span_A A A' is clickable

2022-03-29 19:02:38 - [TEST_STEP][PASSED] - click(findTestObject("M-OBJECTS TAREAS SECUNDARIAS/Pruebas SST/Seguimiento_a_accidente laborales_enfermedades_laborales_y_comunes (1)/span_A A A")): Object: 'Object Repository/M-OBJECTS TAREAS SECUNDARIAS/Pruebas SST/Seguimiento_a_accidente laborales_enfermedades_laborales_y_comunes (1)/span_A A A' is clicked on

2022-03-29 19:02:39 - [MESSAGE][PASSED] - Object: 'Object Repository/M-OBJECTS TAREAS SECUNDARIAS/Pruebas SST/Seguimiento_a_accidente laborales_enfermedades_laborales_y_comunes (1)/span_A A A' is clicked on

2022-03-29 19:02:39 - [TEST_STEP][PASSED] - if (waitForElementPresent(findTestObject("M-OBJECTS TAREAS SECUNDARIAS/Pruebas SST/Seguimiento_a_accidente laborales_enfermedades_laborales_y_comunes (1)/td_1010220596 - A A A"), 1)): null

2022-03-29 19:02:40 - [MESSAGE][PASSED] - Object 'Object Repository/M-OBJECTS TAREAS SECUNDARIAS/Pruebas SST/Seguimiento_a_accidente laborales_enfermedades_laborales_y_comunes (1)/td_1010220596 - A A A' is present

2022-03-29 19:02:40 - [TEST_STEP][PASSED] - click(findTestObject("M-OBJECTS TAREAS SECUNDARIAS/Pruebas SST/Seguimiento_a_accidente laborales_enfermedades_laborales_y_comunes (1)/td_1010220596 - A A A"), STOP_ON_FAILURE): Object: 'Object Repository/M-OBJECTS TAREAS SECUNDARIAS/Pruebas SST/Seguimiento_a_accidente laborales_enfermedades_laborales_y_comunes (1)/td_1010220596 - A A A' is clicked on

2022-03-29 19:02:40 - [MESSAGE][PASSED] - Object: 'Object Repository/M-OBJECTS TAREAS SECUNDARIAS/Pruebas SST/Seguimiento_a_accidente laborales_enfermedades_laborales_y_comunes (1)/td_1010220596 - A A A' is clicked on

2022-03-29 19:02:40 - [TEST_STEP][PASSED] - click(findTestObject("M-OBJECTS TAREAS SECUNDARIAS/Pruebas SST/Seguimiento_a_accidente laborales_enfermedades_laborales_y_comunes/a_Dictamen")): Object: 'Object Repository/M-OBJECTS TAREAS SECUNDARIAS/Pruebas SST/Seguimiento_a_accidente laborales_enfermedades_laborales_y_comunes/a_Dictamen' is clicked on

2022-03-29 19:02:41 - [MESSAGE][PASSED] - Object: 'Object Repository/M-OBJECTS TAREAS SECUNDARIAS/Pruebas SST/Seguimiento_a_accidente laborales_enfermedades_laborales_y_comunes/a_Dictamen' is clicked on

2022-03-29 19:02:41 - [TEST_STEP][PASSED] - if (waitForElementPresent(findTestObject("M-OBJECTS TAREAS SECUNDARIAS/Pruebas SST/Seguimiento_a_accidente laborales_enfermedades_laborales_y_comunes (1)/td_ALMANZA NOVOA JOHN ALEXANDRE"), 1)): null

2022-03-29 19:02:41 - [MESSAGE][PASSED] - Object 'Object Repository/M-OBJECTS TAREAS SECUNDARIAS/Pruebas SST/Seguimiento_a_accidente laborales_enfermedades_laborales_y_comunes (1)/td_ALMANZA NOVOA JOHN ALEXANDRE' is present

2022-03-29 19:02:41 - [TEST_STEP][PASSED] - click(findTestObject("M-OBJECTS TAREAS SECUNDARIAS/Pruebas SST/Seguimiento_a_accidente laborales_enfermedades_laborales_y_comunes (1)/td_ALMANZA NOVOA JOHN ALEXANDRE")): Object: 'Object Repository/M-OBJECTS TAREAS SECUNDARIAS/Pruebas SST/Seguimiento_a_accidente laborales_enfermedades_laborales_y_comunes (1)/td_ALMANZA NOVOA JOHN ALEXANDRE' is clicked on

2022-03-29 19:02:42 - [MESSAGE][PASSED] - Object: 'Object Repository/M-OBJECTS TAREAS SECUNDARIAS/Pruebas SST/Seguimiento_a_accidente laborales_enfermedades_laborales_y_comunes (1)/td_ALMANZA NOVOA JOHN ALEXANDRE' is clicked on

2022-03-29 19:02:42 - [TEST_STEP][PASSED] - click(findTestObject("M-OBJECTS TAREAS SECUNDARIAS/Pruebas SST/Seguimiento_a_accidente laborales_enfermedades_laborales_y_comunes/a_Eliminar2")): Object: 'Object Repository/M-OBJECTS TAREAS SECUNDARIAS/Pruebas SST/Seguimiento_a_accidente laborales_enfermedades_laborales_y_comunes/a_Eliminar2' is clicked on

2022-03-29 19:02:43 - [MESSAGE][PASSED] - Object: 'Object Repository/M-OBJECTS TAREAS SECUNDARIAS/Pruebas SST/Seguimiento_a_accidente laborales_enfermedades_laborales_y_comunes/a_Eliminar2' is clicked on

2022-03-29 19:02:43 - [TEST_STEP][PASSED] - click(findTestObject("M-OBJECTS TAREAS SECUNDARIAS/Pruebas SST/Seguimiento_a_accidente laborales_enfermedades_laborales_y_comunes (1)/span_Si2")): Object: 'Object Repository/M-OBJECTS TAREAS SECUNDARIAS/Pruebas SST/Seguimiento_a_accidente laborales_enfermedades_laborales_y_comunes (1)/span_Si2' is clicked on

2022-03-29 19:02:43 - [MESSAGE][PASSED] - Object: 'Object Repository/M-OBJECTS TAREAS SECUNDARIAS/Pruebas SST/Seguimiento_a_accidente laborales_enfermedades_laborales_y_comunes (1)/span_Si2' is clicked on

2022-03-29 19:02:43 - [TEST_STEP][PASSED] - click(findTestObject("M-OBJECTS TAREAS SECUNDARIAS/Pruebas SST/Seguimiento_a_accidente laborales_enfermedades_laborales_y_comunes/a_Regresar")): Object: 'Object Repository/M-OBJECTS TAREAS SECUNDARIAS/Pruebas SST/Seguimiento_a_accidente laborales_enfermedades_laborales_y_comunes/a_Regresar' is clicked on

2022-03-29 19:02:45 - [MESSAGE][PASSED] - Object: 'Object Repository/M-OBJECTS TAREAS SECUNDARIAS/Pruebas SST/Seguimiento_a_accidente laborales_enfermedades_laborales_y_comunes/a_Regresar' is clicked on

2022-03-29 19:02:45 - [TEST_STEP][PASSED] - click(findTestObject("M-OBJECTS TAREAS SECUNDARIAS/Pruebas SST/Seguimiento_a_accidente laborales_enfermedades_laborales_y_comunes/a_Nombre_form_listadoSolicitudElementoj_idt65")): Object: 'Object Repository/M-OBJECTS TAREAS SECUNDARIAS/Pruebas SST/Seguimiento_a_accidente laborales_enfermedades_laborales_y_comunes/a_Nombre_form_listadoSolicitudElementoj_idt65' is clicked on

2022-03-29 19:02:46 - [MESSAGE][PASSED] - Object: 'Object Repository/M-OBJECTS TAREAS SECUNDARIAS/Pruebas SST/Seguimiento_a_accidente laborales_enfermedades_laborales_y_comunes/a_Nombre_form_listadoSolicitudElementoj_idt65' is clicked on

2022-03-29 19:02:46 - [TEST_STEP][PASSED] - setText(findTestObject("M-OBJECTS TAREAS SECUNDARIAS/Pruebas SST/Seguimiento_a_accidente laborales_enfermedades_laborales_y_comunes/input_Filtro Hoja de Vida_formPopupHojaVidaj_idt7951"), "A A A"): Text 'A A A' is set on object 'Object Repository/M-OBJECTS TAREAS SECUNDARIAS/Pruebas SST/Seguimiento_a_accidente laborales_enfermedades_laborales_y_comunes/input_Filtro Hoja de Vida_formPopupHojaVidaj_idt7951'

2022-03-29 19:02:47 - [MESSAGE][PASSED] - Text 'A A A' is set on object 'Object Repository/M-OBJECTS TAREAS SECUNDARIAS/Pruebas SST/Seguimiento_a_accidente laborales_enfermedades_laborales_y_comunes/input_Filtro Hoja de Vida_formPopupHojaVidaj_idt7951'

2022-03-29 19:02:47 - [TEST_STEP][PASSED] - sendKeys(findTestObject("M-OBJECTS TAREAS SECUNDARIAS/Pruebas SST/Seguimiento_a_accidente laborales_enfermedades_laborales_y_comunes/input_Filtro Hoja de Vida_formPopupHojaVidaj_idt7951"), Keys.chord(ENTER)): Keys 'ENTER + ' sent to object: 'Object Repository/M-OBJECTS TAREAS SECUNDARIAS/Pruebas SST/Seguimiento_a_accidente laborales_enfermedades_laborales_y_comunes/input_Filtro Hoja de Vida_formPopupHojaVidaj_idt7951'

2022-03-29 19:02:48 - [MESSAGE][PASSED] - Keys 'ENTER + ' sent to object: 'Object Repository/M-OBJECTS TAREAS SECUNDARIAS/Pruebas SST/Seguimiento_a_accidente laborales_enfermedades_laborales_y_comunes/input_Filtro Hoja de Vida_formPopupHojaVidaj_idt7951'

2022-03-29 19:02:48 - [TEST_STEP][PASSED] - click(findTestObject("M-OBJECTS TAREAS SECUNDARIAS/Pruebas SST/Seguimiento_a_accidente laborales_enfermedades_laborales_y_comunes (1)/span_A A A")): Object: 'Object Repository/M-OBJECTS TAREAS SECUNDARIAS/Pruebas SST/Seguimiento_a_accidente laborales_enfermedades_laborales_y_comunes (1)/span_A A A' is clicked on

2022-03-29 19:02:48 - [MESSAGE][PASSED] - Object: 'Object Repository/M-OBJECTS TAREAS SECUNDARIAS/Pruebas SST/Seguimiento_a_accidente laborales_enfermedades_laborales_y_comunes (1)/span_A A A' is clicked on

2022-03-29 19:02:48 - [TEST_STEP][PASSED] - click(findTestObject("M-OBJECTS TAREAS SECUNDARIAS/Pruebas SST/Seguimiento_a_accidente laborales_enfermedades_laborales_y_comunes/a_Novedades")): Object: 'Object Repository/M-OBJECTS TAREAS SECUNDARIAS/Pruebas SST/Seguimiento_a_accidente laborales_enfermedades_laborales_y_comunes/a_Novedades' is clicked on

2022-03-29 19:02:49 - [MESSAGE][PASSED] - Object: 'Object Repository/M-OBJECTS TAREAS SECUNDARIAS/Pruebas SST/Seguimiento_a_accidente laborales_enfermedades_laborales_y_comunes/a_Novedades' is clicked on

2022-03-29 19:02:49 - [TEST_STEP][PASSED] - if (waitForElementPresent(findTestObject("M-OBJECTS TAREAS SECUNDARIAS/Pruebas SST/Seguimiento_a_accidente laborales_enfermedades_laborales_y_comunes (1)/td_Seguridad y Salud en el Trabajo - Parmetro Bsico"), 1)): null

2022-03-29 19:02:50 - [MESSAGE][PASSED] - Object 'Object Repository/M-OBJECTS TAREAS SECUNDARIAS/Pruebas SST/Seguimiento_a_accidente laborales_enfermedades_laborales_y_comunes (1)/td_Seguridad y Salud en el Trabajo - Parmetro Bsico' is present

2022-03-29 19:02:50 - [TEST_STEP][PASSED] - click(findTestObject("M-OBJECTS TAREAS SECUNDARIAS/Pruebas SST/Seguimiento_a_accidente laborales_enfermedades_laborales_y_comunes (1)/td_Seguridad y Salud en el Trabajo - Parmetro Bsico")): Object: 'Object Repository/M-OBJECTS TAREAS SECUNDARIAS/Pruebas SST/Seguimiento_a_accidente laborales_enfermedades_laborales_y_comunes (1)/td_Seguridad y Salud en el Trabajo - Parmetro Bsico' is clicked on

2022-03-29 19:02:50 - [MESSAGE][PASSED] - Object: 'Object Repository/M-OBJECTS TAREAS SECUNDARIAS/Pruebas SST/Seguimiento_a_accidente laborales_enfermedades_laborales_y_comunes (1)/td_Seguridad y Salud en el Trabajo - Parmetro Bsico' is clicked on

2022-03-29 19:02:50 - [TEST_STEP][PASSED] - click(findTestObject("M-OBJECTS TAREAS SECUNDARIAS/Pruebas SST/Seguimiento_a_accidente laborales_enfermedades_laborales_y_comunes/label_Novedad Caso Atep")): Object: 'Object Repository/M-OBJECTS TAREAS SECUNDARIAS/Pruebas SST/Seguimiento_a_accidente laborales_enfermedades_laborales_y_comunes/label_Novedad Caso Atep' is clicked on

2022-03-29 19:02:51 - [MESSAGE][PASSED] - Object: 'Object Repository/M-OBJECTS TAREAS SECUNDARIAS/Pruebas SST/Seguimiento_a_accidente laborales_enfermedades_laborales_y_comunes/label_Novedad Caso Atep' is clicked on

2022-03-29 19:02:51 - [TEST_STEP][PASSED] - click(findTestObject("M-OBJECTS TAREAS SECUNDARIAS/Pruebas SST/Seguimiento_a_accidente laborales_enfermedades_laborales_y_comunes/a_Eliminar3")): Object: 'Object Repository/M-OBJECTS TAREAS SECUNDARIAS/Pruebas SST/Seguimiento_a_accidente laborales_enfermedades_laborales_y_comunes/a_Eliminar3' is clicked on

2022-03-29 19:02:52 - [MESSAGE][PASSED] - Object: 'Object Repository/M-OBJECTS TAREAS SECUNDARIAS/Pruebas SST/Seguimiento_a_accidente laborales_enfermedades_laborales_y_comunes/a_Eliminar3' is clicked on

2022-03-29 19:02:52 - [TEST_STEP][PASSED] - click(findTestObject("M-OBJECTS TAREAS SECUNDARIAS/Pruebas SST/Seguimiento_a_accidente laborales_enfermedades_laborales_y_comunes (1)/span_Si3")): Object: 'Object Repository/M-OBJECTS TAREAS SECUNDARIAS/Pruebas SST/Seguimiento_a_accidente laborales_enfermedades_laborales_y_comunes (1)/span_Si3' is clicked on

2022-03-29 19:02:52 - [MESSAGE][PASSED] - Object: 'Object Repository/M-OBJECTS TAREAS SECUNDARIAS/Pruebas SST/Seguimiento_a_accidente laborales_enfermedades_laborales_y_comunes (1)/span_Si3' is clicked on

2022-03-29 19:02:52 - [TEST_STEP][PASSED] - click(findTestObject("M-OBJECTS TAREAS SECUNDARIAS/Pruebas SST/Seguimiento_a_accidente laborales_enfermedades_laborales_y_comunes/a_Regresar")): Object: 'Object Repository/M-OBJECTS TAREAS SECUNDARIAS/Pruebas SST/Seguimiento_a_accidente laborales_enfermedades_laborales_y_comunes/a_Regresar' is clicked on

2022-03-29 19:02:54 - [MESSAGE][PASSED] - Object: 'Object Repository/M-OBJECTS TAREAS SECUNDARIAS/Pruebas SST/Seguimiento_a_accidente laborales_enfermedades_laborales_y_comunes/a_Regresar' is clicked on

2022-03-29 19:02:54 - [TEST_STEP][PASSED] - click(findTestObject("M-OBJECTS TAREAS SECUNDARIAS/Pruebas SST/Seguimiento_a_accidente laborales_enfermedades_laborales_y_comunes/a_Nombre_form_listadoSolicitudElementoj_idt65")): Object: 'Object Repository/M-OBJECTS TAREAS SECUNDARIAS/Pruebas SST/Seguimiento_a_accidente laborales_enfermedades_laborales_y_comunes/a_Nombre_form_listadoSolicitudElementoj_idt65' is clicked on

2022-03-29 19:02:54 - [MESSAGE][PASSED] - Object: 'Object Repository/M-OBJECTS TAREAS SECUNDARIAS/Pruebas SST/Seguimiento_a_accidente laborales_enfermedades_laborales_y_comunes/a_Nombre_form_listadoSolicitudElementoj_idt65' is clicked on

2022-03-29 19:02:54 - [TEST_STEP][PASSED] - setText(findTestObject("M-OBJECTS TAREAS SECUNDARIAS/Pruebas SST/Seguimiento_a_accidente laborales_enfermedades_laborales_y_comunes/input_Filtro Hoja de Vida_formPopupHojaVidaj_idt7951"), "A A A"): Text 'A A A' is set on object 'Object Repository/M-OBJECTS TAREAS SECUNDARIAS/Pruebas SST/Seguimiento_a_accidente laborales_enfermedades_laborales_y_comunes/input_Filtro Hoja de Vida_formPopupHojaVidaj_idt7951'

2022-03-29 19:02:55 - [MESSAGE][PASSED] - Text 'A A A' is set on object 'Object Repository/M-OBJECTS TAREAS SECUNDARIAS/Pruebas SST/Seguimiento_a_accidente laborales_enfermedades_laborales_y_comunes/input_Filtro Hoja de Vida_formPopupHojaVidaj_idt7951'

2022-03-29 19:02:55 - [TEST_STEP][PASSED] - sendKeys(findTestObject("M-OBJECTS TAREAS SECUNDARIAS/Pruebas SST/Seguimiento_a_accidente laborales_enfermedades_laborales_y_comunes/input_Filtro Hoja de Vida_formPopupHojaVidaj_idt7951"), Keys.chord(ENTER)): Keys 'ENTER + ' sent to object: 'Object Repository/M-OBJECTS TAREAS SECUNDARIAS/Pruebas SST/Seguimiento_a_accidente laborales_enfermedades_laborales_y_comunes/input_Filtro Hoja de Vida_formPopupHojaVidaj_idt7951'

2022-03-29 19:02:56 - [MESSAGE][PASSED] - Keys 'ENTER + ' sent to object: 'Object Repository/M-OBJECTS TAREAS SECUNDARIAS/Pruebas SST/Seguimiento_a_accidente laborales_enfermedades_laborales_y_comunes/input_Filtro Hoja de Vida_formPopupHojaVidaj_idt7951'

2022-03-29 19:02:56 - [TEST_STEP][PASSED] - click(findTestObject("M-OBJECTS TAREAS SECUNDARIAS/Pruebas SST/Seguimiento_a_accidente laborales_enfermedades_laborales_y_comunes (1)/span_A A A")): Object: 'Object Repository/M-OBJECTS TAREAS SECUNDARIAS/Pruebas SST/Seguimiento_a_accidente laborales_enfermedades_laborales_y_comunes (1)/span_A A A' is clicked on

2022-03-29 19:02:57 - [MESSAGE][PASSED] - Object: 'Object Repository/M-OBJECTS TAREAS SECUNDARIAS/Pruebas SST/Seguimiento_a_accidente laborales_enfermedades_laborales_y_comunes (1)/span_A A A' is clicked on

2022-03-29 19:02:57 - [TEST_STEP][PASSED] - click(findTestObject("M-OBJECTS TAREAS SECUNDARIAS/Pruebas SST/Seguimiento_a_accidente laborales_enfermedades_laborales_y_comunes/a_Ver")): Object: 'Object Repository/M-OBJECTS TAREAS SECUNDARIAS/Pruebas SST/Seguimiento_a_accidente laborales_enfermedades_laborales_y_comunes/a_Ver' is clicked on

2022-03-29 19:02:57 - [MESSAGE][PASSED] - Object: 'Object Repository/M-OBJECTS TAREAS SECUNDARIAS/Pruebas SST/Seguimiento_a_accidente laborales_enfermedades_laborales_y_comunes/a_Ver' is clicked on

2022-03-29 19:02:57 - [TEST_STEP][PASSED] - click(findTestObject("M-OBJECTS TAREAS SECUNDARIAS/Pruebas SST/Seguimiento_a_accidente laborales_enfermedades_laborales_y_comunes/a_Eliminar")): Object: 'Object Repository/M-OBJECTS TAREAS SECUNDARIAS/Pruebas SST/Seguimiento_a_accidente laborales_enfermedades_laborales_y_comunes/a_Eliminar' is clicked on

2022-03-29 19:02:58 - [MESSAGE][PASSED] - Object: 'Object Repository/M-OBJECTS TAREAS SECUNDARIAS/Pruebas SST/Seguimiento_a_accidente laborales_enfermedades_laborales_y_comunes/a_Eliminar' is clicked on

2022-03-29 19:02:58 - [TEST_STEP][PASSED] - click(findTestObject("M-OBJECTS TAREAS SECUNDARIAS/Pruebas SST/Seguimiento_a_accidente laborales_enfermedades_laborales_y_comunes/a_Aceptar_Eliminar")): Object: 'Object Repository/M-OBJECTS TAREAS SECUNDARIAS/Pruebas SST/Seguimiento_a_accidente laborales_enfermedades_laborales_y_comunes/a_Aceptar_Eliminar' is clicked on

2022-03-29 19:02:59 - [MESSAGE][PASSED] - Object: 'Object Repository/M-OBJECTS TAREAS SECUNDARIAS/Pruebas SST/Seguimiento_a_accidente laborales_enfermedades_laborales_y_comunes/a_Aceptar_Eliminar' is clicked on

2022-03-29 19:02:59 - [TEST_STEP][PASSED] - click(findTestObject("M-OBJECTS TAREAS SECUNDARIAS/Pruebas SST/Seguimiento_a_accidente laborales_enfermedades_laborales_y_comunes/a_Nuevo")): Object: 'Object Repository/M-OBJECTS TAREAS SECUNDARIAS/Pruebas SST/Seguimiento_a_accidente laborales_enfermedades_laborales_y_comunes/a_Nuevo' is clicked on

2022-03-29 19:03:00 - [MESSAGE][PASSED] - Object: 'Object Repository/M-OBJECTS TAREAS SECUNDARIAS/Pruebas SST/Seguimiento_a_accidente laborales_enfermedades_laborales_y_comunes/a_Nuevo' is clicked on

2022-03-29 19:03:00 - [TEST_STEP][PASSED] - click(findTestObject("M-OBJECTS TAREAS SECUNDARIAS/Pruebas SST/Seguimiento_a_accidente laborales_enfermedades_laborales_y_comunes/a_Identificacin_form_popupCasoAteptabj_idt102")): Object: 'Object Repository/M-OBJECTS TAREAS SECUNDARIAS/Pruebas SST/Seguimiento_a_accidente laborales_enfermedades_laborales_y_comunes/a_Identificacin_form_popupCasoAteptabj_idt102' is clicked on

2022-03-29 19:03:01 - [MESSAGE][PASSED] - Object: 'Object Repository/M-OBJECTS TAREAS SECUNDARIAS/Pruebas SST/Seguimiento_a_accidente laborales_enfermedades_laborales_y_comunes/a_Identificacin_form_popupCasoAteptabj_idt102' is clicked on

2022-03-29 19:03:01 - [TEST_STEP][PASSED] - setText(findTestObject("M-OBJECTS TAREAS SECUNDARIAS/Pruebas SST/Seguimiento_a_accidente laborales_enfermedades_laborales_y_comunes/input_Filtro Hoja de Vida_formPopupHojaVidaj_idt795"), "A A A"): Text 'A A A' is set on object 'Object Repository/M-OBJECTS TAREAS SECUNDARIAS/Pruebas SST/Seguimiento_a_accidente laborales_enfermedades_laborales_y_comunes/input_Filtro Hoja de Vida_formPopupHojaVidaj_idt795'

2022-03-29 19:03:02 - [MESSAGE][PASSED] - Text 'A A A' is set on object 'Object Repository/M-OBJECTS TAREAS SECUNDARIAS/Pruebas SST/Seguimiento_a_accidente laborales_enfermedades_laborales_y_comunes/input_Filtro Hoja de Vida_formPopupHojaVidaj_idt795'

2022-03-29 19:03:02 - [TEST_STEP][PASSED] - sendKeys(findTestObject("M-OBJECTS TAREAS SECUNDARIAS/Pruebas SST/Seguimiento_a_accidente laborales_enfermedades_laborales_y_comunes/input_Filtro Hoja de Vida_formPopupHojaVidaj_idt795"), Keys.chord(ENTER)): Keys 'ENTER + ' sent to object: 'Object Repository/M-OBJECTS TAREAS SECUNDARIAS/Pruebas SST/Seguimiento_a_accidente laborales_enfermedades_laborales_y_comunes/input_Filtro Hoja de Vida_formPopupHojaVidaj_idt795'

2022-03-29 19:03:02 - [MESSAGE][PASSED] - Keys 'ENTER + ' sent to object: 'Object Repository/M-OBJECTS TAREAS SECUNDARIAS/Pruebas SST/Seguimiento_a_accidente laborales_enfermedades_laborales_y_comunes/input_Filtro Hoja de Vida_formPopupHojaVidaj_idt795'

2022-03-29 19:03:02 - [TEST_STEP][PASSED] - click(findTestObject("M-OBJECTS TAREAS SECUNDARIAS/Pruebas SST/Seguimiento_a_accidente laborales_enfermedades_laborales_y_comunes (1)/span_A A A"), STOP_ON_FAILURE): Object: 'Object Repository/M-OBJECTS TAREAS SECUNDARIAS/Pruebas SST/Seguimiento_a_accidente laborales_enfermedades_laborales_y_comunes (1)/span_A A A' is clicked on

2022-03-29 19:03:03 - [MESSAGE][PASSED] - Object: 'Object Repository/M-OBJECTS TAREAS SECUNDARIAS/Pruebas SST/Seguimiento_a_accidente laborales_enfermedades_laborales_y_comunes (1)/span_A A A' is clicked on

2022-03-29 19:03:03 - [TEST_STEP][PASSED] - selectOptionByIndex(findTestObject("M-OBJECTS TAREAS SECUNDARIAS/Pruebas SST/Seguimiento_a_accidente laborales_enfermedades_laborales_y_comunes (1)/select_-- SELECCIONAR --SEDE NORTESEDE OCCIDENTESEDE SUR"), 1): All options with index in [1] are selected on object 'Object Repository/M-OBJECTS TAREAS SECUNDARIAS/Pruebas SST/Seguimiento_a_accidente laborales_enfermedades_laborales_y_comunes (1)/select_-- SELECCIONAR --SEDE NORTESEDE OCCIDENTESEDE SUR'

2022-03-29 19:03:05 - [MESSAGE][PASSED] - All options with index in [1] are selected on object 'Object Repository/M-OBJECTS TAREAS SECUNDARIAS/Pruebas SST/Seguimiento_a_accidente laborales_enfermedades_laborales_y_comunes (1)/select_-- SELECCIONAR --SEDE NORTESEDE OCCIDENTESEDE SUR'

2022-03-29 19:03:05 - [TEST_STEP][PASSED] - selectOptionByIndex(findTestObject("M-OBJECTS TAREAS SECUNDARIAS/Pruebas SST/Seguimiento_a_accidente laborales_enfermedades_laborales_y_comunes (1)/select_--Seleccione--AccidenteEnfermedad ComnEnfermedad Laboral"), 2): All options with index in [2] are selected on object 'Object Repository/M-OBJECTS TAREAS SECUNDARIAS/Pruebas SST/Seguimiento_a_accidente laborales_enfermedades_laborales_y_comunes (1)/select_--Seleccione--AccidenteEnfermedad ComnEnfermedad Laboral'

2022-03-29 19:03:07 - [MESSAGE][PASSED] - All options with index in [2] are selected on object 'Object Repository/M-OBJECTS TAREAS SECUNDARIAS/Pruebas SST/Seguimiento_a_accidente laborales_enfermedades_laborales_y_comunes (1)/select_--Seleccione--AccidenteEnfermedad ComnEnfermedad Laboral'

2022-03-29 19:03:07 - [TEST_STEP][FAILED] - selectOptionByIndex(findTestObject("Modulo Pruebas SST/Seguimiento_a_accidente laborales_enfermedades_laborales_y_comunes/select_-- SELECCIONAR --Aula InteligenteSala de JuntasSalon ExternoSalon Principal"), 4): Unable to select option by index (Root cause: com.kms.katalon.core.exception.StepFailedException: Unable to select option by index
	at com.kms.katalon.core.webui.keyword.internal.WebUIKeywordMain.stepFailed(WebUIKeywordMain.groovy:64)
	at com.kms.katalon.core.webui.keyword.internal.WebUIKeywordMain.runKeyword(WebUIKeywordMain.groovy:26)
	at com.kms.katalon.core.webui.keyword.builtin.SelectOptionByIndexKeyword.selectOptionByIndex(SelectOptionByIndexKeyword.groovy:93)
	at com.kms.katalon.core.webui.keyword.builtin.SelectOptionByIndexKeyword.execute(SelectOptionByIndexKeyword.groovy:68)
	at com.kms.katalon.core.keyword.internal.KeywordExecutor.executeKeywordForPlatform(KeywordExecutor.groovy:74)
	at com.kms.katalon.core.webui.keyword.WebUiBuiltInKeywords.selectOptionByIndex(WebUiBuiltInKeywords.groovy:1133)
	at com.kms.katalon.core.webui.keyword.WebUiBuiltInKeywords$selectOptionByIndex$10.call(Unknown Source)
	at 5.1.3-Seguimiento_a_accidente laborales_enfermedades_laborales_y_comunes.run(5.1.3-Seguimiento_a_accidente laborales_enfermedades_laborales_y_comunes:124)
	at com.kms.katalon.core.main.ScriptEngine.run(ScriptEngine.java:194)
	at com.kms.katalon.core.main.ScriptEngine.runScriptAsRawText(ScriptEngine.java:119)
	at com.kms.katalon.core.main.TestCaseExecutor.runScript(TestCaseExecutor.java:442)
	at com.kms.katalon.core.main.TestCaseExecutor.doExecute(TestCaseExecutor.java:433)
	at com.kms.katalon.core.main.TestCaseExecutor.processExecutionPhase(TestCaseExecutor.java:412)
	at com.kms.katalon.core.main.TestCaseExecutor.accessMainPhase(TestCaseExecutor.java:404)
	at com.kms.katalon.core.main.TestCaseExecutor.execute(TestCaseExecutor.java:281)
	at com.kms.katalon.core.main.TestSuiteExecutor.accessTestCaseMainPhase(TestSuiteExecutor.java:202)
	at com.kms.katalon.core.main.TestSuiteExecutor.accessTestSuiteMainPhase(TestSuiteExecutor.java:164)
	at com.kms.katalon.core.main.TestSuiteExecutor.execute(TestSuiteExecutor.java:105)
	at com.kms.katalon.core.main.TestCaseMain.startTestSuite(TestCaseMain.java:185)
	at com.kms.katalon.core.main.TestCaseMain$startTestSuite$0.call(Unknown Source)
	at TempTestSuite1648594435047.run(TempTestSuite1648594435047.groovy:36)
Caused by: java.lang.IllegalArgumentException: Object is null
	at com.kms.katalon.core.helper.KeywordHelper.checkTestObjectParameter(KeywordHelper.java:33)
	at com.kms.katalon.core.webui.keyword.builtin.SelectOptionByIndexKeyword$_selectOptionByIndex_closure1.doCall(SelectOptionByIndexKeyword.groovy:76)
	at com.kms.katalon.core.webui.keyword.builtin.SelectOptionByIndexKeyword$_selectOptionByIndex_closure1.call(SelectOptionByIndexKeyword.groovy)
	at com.kms.katalon.core.webui.keyword.internal.WebUIKeywordMain.runKeyword(WebUIKeywordMain.groovy:20)
	at com.kms.katalon.core.webui.keyword.builtin.SelectOptionByIndexKeyword.selectOptionByIndex(SelectOptionByIndexKeyword.groovy:93)
	at com.kms.katalon.core.webui.keyword.builtin.SelectOptionByIndexKeyword.execute(SelectOptionByIndexKeyword.groovy:68)
	at com.kms.katalon.core.keyword.internal.KeywordExecutor.executeKeywordForPlatform(KeywordExecutor.groovy:74)
	at com.kms.katalon.core.webui.keyword.WebUiBuiltInKeywords.selectOptionByIndex(WebUiBuiltInKeywords.groovy:1133)
	at com.kms.katalon.core.webui.keyword.WebUiBuiltInKeywords$selectOptionByIndex$10.call(Unknown Source)
	at Script1637858574132.run(Script1637858574132.groovy:124)
	... 13 more
)

2022-03-29 19:03:07 - [MESSAGE][WARNING] - Test object with id 'Object Repository/Modulo Pruebas SST/Seguimiento_a_accidente laborales_enfermedades_laborales_y_comunes/select_-- SELECCIONAR --Aula InteligenteSala de JuntasSalon ExternoSalon Principal' does not exist

2022-03-29 19:03:07 - [MESSAGE][WARNING] - Test object with id 'Object Repository/' does not exist

2022-03-29 19:03:07 - [MESSAGE][FAILED] - Unable to select option by index (Root cause: com.kms.katalon.core.exception.StepFailedException: Unable to select option by index
	at com.kms.katalon.core.webui.keyword.internal.WebUIKeywordMain.stepFailed(WebUIKeywordMain.groovy:64)
	at com.kms.katalon.core.webui.keyword.internal.WebUIKeywordMain.runKeyword(WebUIKeywordMain.groovy:26)
	at com.kms.katalon.core.webui.keyword.builtin.SelectOptionByIndexKeyword.selectOptionByIndex(SelectOptionByIndexKeyword.groovy:93)
	at com.kms.katalon.core.webui.keyword.builtin.SelectOptionByIndexKeyword.execute(SelectOptionByIndexKeyword.groovy:68)
	at com.kms.katalon.core.keyword.internal.KeywordExecutor.executeKeywordForPlatform(KeywordExecutor.groovy:74)
	at com.kms.katalon.core.webui.keyword.WebUiBuiltInKeywords.selectOptionByIndex(WebUiBuiltInKeywords.groovy:1133)
	at com.kms.katalon.core.webui.keyword.WebUiBuiltInKeywords$selectOptionByIndex$10.call(Unknown Source)
	at 5.1.3-Seguimiento_a_accidente laborales_enfermedades_laborales_y_comunes.run(5.1.3-Seguimiento_a_accidente laborales_enfermedades_laborales_y_comunes:124)
	at com.kms.katalon.core.main.ScriptEngine.run(ScriptEngine.java:194)
	at com.kms.katalon.core.main.ScriptEngine.runScriptAsRawText(ScriptEngine.java:119)
	at com.kms.katalon.core.main.TestCaseExecutor.runScript(TestCaseExecutor.java:442)
	at com.kms.katalon.core.main.TestCaseExecutor.doExecute(TestCaseExecutor.java:433)
	at com.kms.katalon.core.main.TestCaseExecutor.processExecutionPhase(TestCaseExecutor.java:412)
	at com.kms.katalon.core.main.TestCaseExecutor.accessMainPhase(TestCaseExecutor.java:404)
	at com.kms.katalon.core.main.TestCaseExecutor.execute(TestCaseExecutor.java:281)
	at com.kms.katalon.core.main.TestSuiteExecutor.accessTestCaseMainPhase(TestSuiteExecutor.java:202)
	at com.kms.katalon.core.main.TestSuiteExecutor.accessTestSuiteMainPhase(TestSuiteExecutor.java:164)
	at com.kms.katalon.core.main.TestSuiteExecutor.execute(TestSuiteExecutor.java:105)
	at com.kms.katalon.core.main.TestCaseMain.startTestSuite(TestCaseMain.java:185)
	at com.kms.katalon.core.main.TestCaseMain$startTestSuite$0.call(Unknown Source)
	at TempTestSuite1648594435047.run(TempTestSuite1648594435047.groovy:36)
Caused by: java.lang.IllegalArgumentException: Object is null
	at com.kms.katalon.core.helper.KeywordHelper.checkTestObjectParameter(KeywordHelper.java:33)
	at com.kms.katalon.core.webui.keyword.builtin.SelectOptionByIndexKeyword$_selectOptionByIndex_closure1.doCall(SelectOptionByIndexKeyword.groovy:76)
	at com.kms.katalon.core.webui.keyword.builtin.SelectOptionByIndexKeyword$_selectOptionByIndex_closure1.call(SelectOptionByIndexKeyword.groovy)
	at com.kms.katalon.core.webui.keyword.internal.WebUIKeywordMain.runKeyword(WebUIKeywordMain.groovy:20)
	at com.kms.katalon.core.webui.keyword.builtin.SelectOptionByIndexKeyword.selectOptionByIndex(SelectOptionByIndexKeyword.groovy:93)
	at com.kms.katalon.core.webui.keyword.builtin.SelectOptionByIndexKeyword.execute(SelectOptionByIndexKeyword.groovy:68)
	at com.kms.katalon.core.keyword.internal.KeywordExecutor.executeKeywordForPlatform(KeywordExecutor.groovy:74)
	at com.kms.katalon.core.webui.keyword.WebUiBuiltInKeywords.selectOptionByIndex(WebUiBuiltInKeywords.groovy:1133)
	at com.kms.katalon.core.webui.keyword.WebUiBuiltInKeywords$selectOptionByIndex$10.call(Unknown Source)
	at Script1637858574132.run(Script1637858574132.groovy:124)
	... 13 more
)
[[ATTACHMENT|C:\\Users\\diego.rojas\\git\\Pruebas-Minimas\\Reports\\20220329_175344\\Test_Suite_Secundaria\\1-Tareas_secundarias\\20220329_175355\\1648598587134.png]]]]></system-out>
         <system-err><![CDATA[2022-03-29 19:02:23 - [TEST_CASE][FAILED] - Test Cases/1.2-Tareas_Secundarias/5.1-Pruebas_SST/5.1.3-Seguimiento_a_accidente laborales_enfermedades_laborales_y_comunes: Test Cases/1.2-Tareas_Secundarias/5.1-Pruebas_SST/5.1.3-Seguimiento_a_accidente laborales_enfermedades_laborales_y_comunes FAILED.
Reason:
com.kms.katalon.core.exception.StepFailedException: Unable to select option by index
	at com.kms.katalon.core.webui.keyword.internal.WebUIKeywordMain.stepFailed(WebUIKeywordMain.groovy:64)
	at com.kms.katalon.core.webui.keyword.internal.WebUIKeywordMain.runKeyword(WebUIKeywordMain.groovy:26)
	at com.kms.katalon.core.webui.keyword.builtin.SelectOptionByIndexKeyword.selectOptionByIndex(SelectOptionByIndexKeyword.groovy:93)
	at com.kms.katalon.core.webui.keyword.builtin.SelectOptionByIndexKeyword.execute(SelectOptionByIndexKeyword.groovy:68)
	at com.kms.katalon.core.keyword.internal.KeywordExecutor.executeKeywordForPlatform(KeywordExecutor.groovy:74)
	at com.kms.katalon.core.webui.keyword.WebUiBuiltInKeywords.selectOptionByIndex(WebUiBuiltInKeywords.groovy:1133)
	at com.kms.katalon.core.webui.keyword.WebUiBuiltInKeywords$selectOptionByIndex$10.call(Unknown Source)
	at 5.1.3-Seguimiento_a_accidente laborales_enfermedades_laborales_y_comunes.run(5.1.3-Seguimiento_a_accidente laborales_enfermedades_laborales_y_comunes:124)
	at com.kms.katalon.core.main.ScriptEngine.run(ScriptEngine.java:194)
	at com.kms.katalon.core.main.ScriptEngine.runScriptAsRawText(ScriptEngine.java:119)
	at com.kms.katalon.core.main.TestCaseExecutor.runScript(TestCaseExecutor.java:442)
	at com.kms.katalon.core.main.TestCaseExecutor.doExecute(TestCaseExecutor.java:433)
	at com.kms.katalon.core.main.TestCaseExecutor.processExecutionPhase(TestCaseExecutor.java:412)
	at com.kms.katalon.core.main.TestCaseExecutor.accessMainPhase(TestCaseExecutor.java:404)
	at com.kms.katalon.core.main.TestCaseExecutor.execute(TestCaseExecutor.java:281)
	at com.kms.katalon.core.main.TestSuiteExecutor.accessTestCaseMainPhase(TestSuiteExecutor.java:202)
	at com.kms.katalon.core.main.TestSuiteExecutor.accessTestSuiteMainPhase(TestSuiteExecutor.java:164)
	at com.kms.katalon.core.main.TestSuiteExecutor.execute(TestSuiteExecutor.java:105)
	at com.kms.katalon.core.main.TestCaseMain.startTestSuite(TestCaseMain.java:185)
	at com.kms.katalon.core.main.TestCaseMain$startTestSuite$0.call(Unknown Source)
	at TempTestSuite1648594435047.run(TempTestSuite1648594435047.groovy:36)
Caused by: java.lang.IllegalArgumentException: Object is null
	at com.kms.katalon.core.helper.KeywordHelper.checkTestObjectParameter(KeywordHelper.java:33)
	at com.kms.katalon.core.webui.keyword.builtin.SelectOptionByIndexKeyword$_selectOptionByIndex_closure1.doCall(SelectOptionByIndexKeyword.groovy:76)
	at com.kms.katalon.core.webui.keyword.builtin.SelectOptionByIndexKeyword$_selectOptionByIndex_closure1.call(SelectOptionByIndexKeyword.groovy)
	at com.kms.katalon.core.webui.keyword.internal.WebUIKeywordMain.runKeyword(WebUIKeywordMain.groovy:20)
	... 19 more]]></system-err>
      </testcase>
      <testcase name="Test Cases/1.2-Tareas_Secundarias/5.1-Pruebas_SST/5.1.4-Creación_de_Matriz_de_Peligros" time="54.962" classname="Test Cases/1.2-Tareas_Secundarias/5.1-Pruebas_SST/5.1.4-Creación_de_Matriz_de_Peligros" status="FAILED">
         <failure type="FAILED" message="Test Cases/1.2-Tareas_Secundarias/5.1-Pruebas_SST/5.1.4-Creación_de_Matriz_de_Peligros FAILED.
Reason:
com.kms.katalon.core.exception.StepFailedException: Unable to select option by index
	at com.kms.katalon.core.webui.keyword.internal.WebUIKeywordMain.stepFailed(WebUIKeywordMain.groovy:64)
	at com.kms.katalon.core.webui.keyword.internal.WebUIKeywordMain.runKeyword(WebUIKeywordMain.groovy:26)
	at com.kms.katalon.core.webui.keyword.builtin.SelectOptionByIndexKeyword.selectOptionByIndex(SelectOptionByIndexKeyword.groovy:93)
	at com.kms.katalon.core.webui.keyword.builtin.SelectOptionByIndexKeyword.execute(SelectOptionByIndexKeyword.groovy:68)
	at com.kms.katalon.core.keyword.internal.KeywordExecutor.executeKeywordForPlatform(KeywordExecutor.groovy:74)
	at com.kms.katalon.core.webui.keyword.WebUiBuiltInKeywords.selectOptionByIndex(WebUiBuiltInKeywords.groovy:1133)
	at com.kms.katalon.core.webui.keyword.WebUiBuiltInKeywords$selectOptionByIndex$10.call(Unknown Source)
	at 5.1.4-Creación_de_Matriz_de_Peligros.run(5.1.4-Creación_de_Matriz_de_Peligros:149)
	at com.kms.katalon.core.main.ScriptEngine.run(ScriptEngine.java:194)
	at com.kms.katalon.core.main.ScriptEngine.runScriptAsRawText(ScriptEngine.java:119)
	at com.kms.katalon.core.main.TestCaseExecutor.runScript(TestCaseExecutor.java:442)
	at com.kms.katalon.core.main.TestCaseExecutor.doExecute(TestCaseExecutor.java:433)
	at com.kms.katalon.core.main.TestCaseExecutor.processExecutionPhase(TestCaseExecutor.java:412)
	at com.kms.katalon.core.main.TestCaseExecutor.accessMainPhase(TestCaseExecutor.java:404)
	at com.kms.katalon.core.main.TestCaseExecutor.execute(TestCaseExecutor.java:281)
	at com.kms.katalon.core.main.TestSuiteExecutor.accessTestCaseMainPhase(TestSuiteExecutor.java:202)
	at com.kms.katalon.core.main.TestSuiteExecutor.accessTestSuiteMainPhase(TestSuiteExecutor.java:164)
	at com.kms.katalon.core.main.TestSuiteExecutor.execute(TestSuiteExecutor.java:105)
	at com.kms.katalon.core.main.TestCaseMain.startTestSuite(TestCaseMain.java:185)
	at com.kms.katalon.core.main.TestCaseMain$startTestSuite$0.call(Unknown Source)
	at TempTestSuite1648594435047.run(TempTestSuite1648594435047.groovy:36)
Caused by: java.lang.IllegalArgumentException: Object is null
	at com.kms.katalon.core.helper.KeywordHelper.checkTestObjectParameter(KeywordHelper.java:33)
	at com.kms.katalon.core.webui.keyword.builtin.SelectOptionByIndexKeyword$_selectOptionByIndex_closure1.doCall(SelectOptionByIndexKeyword.groovy:76)
	at com.kms.katalon.core.webui.keyword.builtin.SelectOptionByIndexKeyword$_selectOptionByIndex_closure1.call(SelectOptionByIndexKeyword.groovy)
	at com.kms.katalon.core.webui.keyword.internal.WebUIKeywordMain.runKeyword(WebUIKeywordMain.groovy:20)
	... 19 more
"/>
         <system-out><![CDATA[2022-03-29 19:03:07 - [TEST_CASE][FAILED] - Test Cases/1.2-Tareas_Secundarias/5.1-Pruebas_SST/5.1.4-Creación_de_Matriz_de_Peligros: Test Cases/1.2-Tareas_Secundarias/5.1-Pruebas_SST/5.1.4-Creación_de_Matriz_de_Peligros FAILED.
Reason:
com.kms.katalon.core.exception.StepFailedException: Unable to select option by index
	at com.kms.katalon.core.webui.keyword.internal.WebUIKeywordMain.stepFailed(WebUIKeywordMain.groovy:64)
	at com.kms.katalon.core.webui.keyword.internal.WebUIKeywordMain.runKeyword(WebUIKeywordMain.groovy:26)
	at com.kms.katalon.core.webui.keyword.builtin.SelectOptionByIndexKeyword.selectOptionByIndex(SelectOptionByIndexKeyword.groovy:93)
	at com.kms.katalon.core.webui.keyword.builtin.SelectOptionByIndexKeyword.execute(SelectOptionByIndexKeyword.groovy:68)
	at com.kms.katalon.core.keyword.internal.KeywordExecutor.executeKeywordForPlatform(KeywordExecutor.groovy:74)
	at com.kms.katalon.core.webui.keyword.WebUiBuiltInKeywords.selectOptionByIndex(WebUiBuiltInKeywords.groovy:1133)
	at com.kms.katalon.core.webui.keyword.WebUiBuiltInKeywords$selectOptionByIndex$10.call(Unknown Source)
	at 5.1.4-Creación_de_Matriz_de_Peligros.run(5.1.4-Creación_de_Matriz_de_Peligros:149)
	at com.kms.katalon.core.main.ScriptEngine.run(ScriptEngine.java:194)
	at com.kms.katalon.core.main.ScriptEngine.runScriptAsRawText(ScriptEngine.java:119)
	at com.kms.katalon.core.main.TestCaseExecutor.runScript(TestCaseExecutor.java:442)
	at com.kms.katalon.core.main.TestCaseExecutor.doExecute(TestCaseExecutor.java:433)
	at com.kms.katalon.core.main.TestCaseExecutor.processExecutionPhase(TestCaseExecutor.java:412)
	at com.kms.katalon.core.main.TestCaseExecutor.accessMainPhase(TestCaseExecutor.java:404)
	at com.kms.katalon.core.main.TestCaseExecutor.execute(TestCaseExecutor.java:281)
	at com.kms.katalon.core.main.TestSuiteExecutor.accessTestCaseMainPhase(TestSuiteExecutor.java:202)
	at com.kms.katalon.core.main.TestSuiteExecutor.accessTestSuiteMainPhase(TestSuiteExecutor.java:164)
	at com.kms.katalon.core.main.TestSuiteExecutor.execute(TestSuiteExecutor.java:105)
	at com.kms.katalon.core.main.TestCaseMain.startTestSuite(TestCaseMain.java:185)
	at com.kms.katalon.core.main.TestCaseMain$startTestSuite$0.call(Unknown Source)
	at TempTestSuite1648594435047.run(TempTestSuite1648594435047.groovy:36)
Caused by: java.lang.IllegalArgumentException: Object is null
	at com.kms.katalon.core.helper.KeywordHelper.checkTestObjectParameter(KeywordHelper.java:33)
	at com.kms.katalon.core.webui.keyword.builtin.SelectOptionByIndexKeyword$_selectOptionByIndex_closure1.doCall(SelectOptionByIndexKeyword.groovy:76)
	at com.kms.katalon.core.webui.keyword.builtin.SelectOptionByIndexKeyword$_selectOptionByIndex_closure1.call(SelectOptionByIndexKeyword.groovy)
	at com.kms.katalon.core.webui.keyword.internal.WebUIKeywordMain.runKeyword(WebUIKeywordMain.groovy:20)
	... 19 more


2022-03-29 19:03:07 - [TEST_STEP][PASSED] - callTestCase(findTestCase("0.1-Login"), [:], STOP_ON_FAILURE): Call Test Case 'Test Cases/0.1-Login' successfully

2022-03-29 19:03:07 - [TEST_CASE][PASSED] - Test Cases/0.1-Login: Test Cases/0.1-Login

2022-03-29 19:03:07 - [TEST_STEP][PASSED] - openBrowser(""): Browser is opened with url: ''

2022-03-29 19:03:07 - [MESSAGE][WARNING] - A browser is already opened. Closing browser and opening a new one

2022-03-29 19:03:08 - [MESSAGE][INFO] - Starting 'Chrome' driver

2022-03-29 19:03:08 - [MESSAGE][INFO] - Action delay is set to 50 milliseconds

2022-03-29 19:03:09 - [MESSAGE][PASSED] - Browser is opened with url: ''

2022-03-29 19:03:09 - [TEST_STEP][PASSED] - maximizeWindow(): Current window maximized

2022-03-29 19:03:09 - [MESSAGE][PASSED] - Current window maximized

2022-03-29 19:03:09 - [TEST_STEP][PASSED] - i = G_Login: null

2022-03-29 19:03:09 - [TEST_STEP][PASSED] - url = new java.net.URL(i): null

2022-03-29 19:03:09 - [TEST_STEP][PASSED] - println("URL: " + url.toString()): null

2022-03-29 19:03:09 - [TEST_STEP][PASSED] - connection = url.openConnection(): null

2022-03-29 19:03:09 - [TEST_STEP][PASSED] - connection.setRequestMethod("GET"): null

2022-03-29 19:03:09 - [TEST_STEP][PASSED] - connection.setReadTimeout(2 * 1000): null

2022-03-29 19:03:09 - [TEST_STEP][PASSED] - try: null

2022-03-29 19:03:09 - [TEST_STEP][PASSED] - connection.connect(): null

2022-03-29 19:03:09 - [TEST_STEP][PASSED] - flag = connected: null

2022-03-29 19:03:09 - [TEST_STEP][PASSED] - println("Valor_ori: " + flag): null

2022-03-29 19:03:09 - [TEST_STEP][PASSED] - if (flag): null

2022-03-29 19:03:09 - [TEST_STEP][PASSED] - navigateToUrl(i): Navigate to 'http://192.168.2.19:8380/saraweb' successfully

2022-03-29 19:03:10 - [MESSAGE][PASSED] - Navigate to 'http://192.168.2.19:8380/saraweb' successfully

2022-03-29 19:03:10 - [TEST_STEP][PASSED] - a(): null

2022-03-29 19:03:10 - [TEST_STEP][PASSED] - setText(findTestObject("Login/input_USUARIO_loginusuario"), G_Usuario): Text 'saraadmin' is set on object 'Object Repository/Login/input_USUARIO_loginusuario'

2022-03-29 19:03:11 - [MESSAGE][PASSED] - Text 'saraadmin' is set on object 'Object Repository/Login/input_USUARIO_loginusuario'

2022-03-29 19:03:11 - [TEST_STEP][PASSED] - setEncryptedText(findTestObject("Login/input_CLAVE_loginpassword"), "MkG4/TYiCFC3cb2driP7+Q=="): Text ****** has been set on object 'Object Repository/Login/input_CLAVE_loginpassword'

2022-03-29 19:03:12 - [MESSAGE][PASSED] - Text ****** has been set on object 'Object Repository/Login/input_CLAVE_loginpassword'

2022-03-29 19:03:12 - [TEST_STEP][PASSED] - waitForElementClickable(findTestObject("Login/a_Ingresar"), G_TimeOut): Object 'Object Repository/Login/a_Ingresar' is clickable

2022-03-29 19:03:12 - [MESSAGE][PASSED] - Object 'Object Repository/Login/a_Ingresar' is clickable

2022-03-29 19:03:12 - [TEST_STEP][PASSED] - click(findTestObject("Login/a_Ingresar")): Object: 'Object Repository/Login/a_Ingresar' is clicked on

2022-03-29 19:03:13 - [MESSAGE][PASSED] - Object: 'Object Repository/Login/a_Ingresar' is clicked on

2022-03-29 19:03:13 - [TEST_STEP][PASSED] - element = findWebElement(findTestObject("Login/a_Ir"), 30): null

2022-03-29 19:03:14 - [TEST_STEP][PASSED] - executeJavaScript("arguments[0].click()", Arrays.asList(element)): Execute JavaScript 'arguments[0].click()' successfully

2022-03-29 19:03:14 - [MESSAGE][PASSED] - Execute JavaScript 'arguments[0].click()' successfully

2022-03-29 19:03:14 - [MESSAGE][PASSED] - Call Test Case 'Test Cases/0.1-Login' successfully

2022-03-29 19:03:14 - [TEST_STEP][PASSED] - setText(findTestObject("M-OBJECTS TAREAS SECUNDARIAS/Pruebas SST/Creación_de_Matriz_de_Peligros/1/input_Listado Caso Atep_form_templatej_idt24_input"), "Matriz de peligros"): Text 'Matriz de peligros' is set on object 'Object Repository/M-OBJECTS TAREAS SECUNDARIAS/Pruebas SST/Creación_de_Matriz_de_Peligros/1/input_Listado Caso Atep_form_templatej_idt24_input'

2022-03-29 19:03:15 - [MESSAGE][PASSED] - Text 'Matriz de peligros' is set on object 'Object Repository/M-OBJECTS TAREAS SECUNDARIAS/Pruebas SST/Creación_de_Matriz_de_Peligros/1/input_Listado Caso Atep_form_templatej_idt24_input'

2022-03-29 19:03:15 - [TEST_STEP][PASSED] - click(findTestObject("M-OBJECTS TAREAS SECUNDARIAS/Pruebas SST/Creación_de_Matriz_de_Peligros/1/li_Matriz de peligros (sst)")): Object: 'Object Repository/M-OBJECTS TAREAS SECUNDARIAS/Pruebas SST/Creación_de_Matriz_de_Peligros/1/li_Matriz de peligros (sst)' is clicked on

2022-03-29 19:03:16 - [MESSAGE][PASSED] - Object: 'Object Repository/M-OBJECTS TAREAS SECUNDARIAS/Pruebas SST/Creación_de_Matriz_de_Peligros/1/li_Matriz de peligros (sst)' is clicked on

2022-03-29 19:03:16 - [TEST_STEP][PASSED] - selectOptionByIndex(findTestObject("M-OBJECTS TAREAS SECUNDARIAS/Pruebas SST/Creación_de_Matriz_de_Peligros/1/select_Periodo_principal"), 2): All options with index in [2] are selected on object 'Object Repository/M-OBJECTS TAREAS SECUNDARIAS/Pruebas SST/Creación_de_Matriz_de_Peligros/1/select_Periodo_principal'

2022-03-29 19:03:18 - [MESSAGE][PASSED] - All options with index in [2] are selected on object 'Object Repository/M-OBJECTS TAREAS SECUNDARIAS/Pruebas SST/Creación_de_Matriz_de_Peligros/1/select_Periodo_principal'

2022-03-29 19:03:18 - [TEST_STEP][PASSED] - selectOptionByIndex(findTestObject("M-OBJECTS TAREAS SECUNDARIAS/Pruebas SST/Creación_de_Matriz_de_Peligros/1/select_Empresa_principal"), 1): All options with index in [1] are selected on object 'Object Repository/M-OBJECTS TAREAS SECUNDARIAS/Pruebas SST/Creación_de_Matriz_de_Peligros/1/select_Empresa_principal'

2022-03-29 19:03:20 - [MESSAGE][PASSED] - All options with index in [1] are selected on object 'Object Repository/M-OBJECTS TAREAS SECUNDARIAS/Pruebas SST/Creación_de_Matriz_de_Peligros/1/select_Empresa_principal'

2022-03-29 19:03:20 - [TEST_STEP][PASSED] - if (waitForElementPresent(findTestObject("M-OBJECTS TAREAS SECUNDARIAS/Pruebas SST/Creación_de_Matriz_de_Peligros/2/td_PRUEBA KATALON"), 1)): null

2022-03-29 19:03:21 - [MESSAGE][PASSED] - Object 'Object Repository/M-OBJECTS TAREAS SECUNDARIAS/Pruebas SST/Creación_de_Matriz_de_Peligros/2/td_PRUEBA KATALON' is present

2022-03-29 19:03:21 - [TEST_STEP][PASSED] - click(findTestObject("M-OBJECTS TAREAS SECUNDARIAS/Pruebas SST/Creación_de_Matriz_de_Peligros/1/a_Fsico. - Riesgo Fsico_form_listadoMatrizPeligrotablaMatrizPeligroDetalle1j_idt138")): Object: 'Object Repository/M-OBJECTS TAREAS SECUNDARIAS/Pruebas SST/Creación_de_Matriz_de_Peligros/1/a_Fsico. - Riesgo Fsico_form_listadoMatrizPeligrotablaMatrizPeligroDetalle1j_idt138' is clicked on

2022-03-29 19:03:21 - [MESSAGE][PASSED] - Object: 'Object Repository/M-OBJECTS TAREAS SECUNDARIAS/Pruebas SST/Creación_de_Matriz_de_Peligros/1/a_Fsico. - Riesgo Fsico_form_listadoMatrizPeligrotablaMatrizPeligroDetalle1j_idt138' is clicked on

2022-03-29 19:03:21 - [TEST_STEP][PASSED] - click(findTestObject("M-OBJECTS TAREAS SECUNDARIAS/Pruebas SST/Creación_de_Matriz_de_Peligros/1/a_Anexos_Eliminar")): Object: 'Object Repository/M-OBJECTS TAREAS SECUNDARIAS/Pruebas SST/Creación_de_Matriz_de_Peligros/1/a_Anexos_Eliminar' is clicked on

2022-03-29 19:03:23 - [MESSAGE][PASSED] - Object: 'Object Repository/M-OBJECTS TAREAS SECUNDARIAS/Pruebas SST/Creación_de_Matriz_de_Peligros/1/a_Anexos_Eliminar' is clicked on

2022-03-29 19:03:23 - [TEST_STEP][PASSED] - if (waitForElementPresent(findTestObject("M-OBJECTS TAREAS SECUNDARIAS/Pruebas SST/Creación_de_Matriz_de_Peligros/2/td_Pruebas k"), 1)): null

2022-03-29 19:03:23 - [MESSAGE][PASSED] - Object 'Object Repository/M-OBJECTS TAREAS SECUNDARIAS/Pruebas SST/Creación_de_Matriz_de_Peligros/2/td_Pruebas k' is present

2022-03-29 19:03:23 - [TEST_STEP][PASSED] - click(findTestObject("M-OBJECTS TAREAS SECUNDARIAS/Pruebas SST/Creación_de_Matriz_de_Peligros/2/td_Pruebas k")): Object: 'Object Repository/M-OBJECTS TAREAS SECUNDARIAS/Pruebas SST/Creación_de_Matriz_de_Peligros/2/td_Pruebas k' is clicked on

2022-03-29 19:03:24 - [MESSAGE][PASSED] - Object: 'Object Repository/M-OBJECTS TAREAS SECUNDARIAS/Pruebas SST/Creación_de_Matriz_de_Peligros/2/td_Pruebas k' is clicked on

2022-03-29 19:03:24 - [TEST_STEP][PASSED] - click(findTestObject("M-OBJECTS TAREAS SECUNDARIAS/Pruebas SST/Creación_de_Matriz_de_Peligros/1/a_prueba.pdf_Eliminar")): Object: 'Object Repository/M-OBJECTS TAREAS SECUNDARIAS/Pruebas SST/Creación_de_Matriz_de_Peligros/1/a_prueba.pdf_Eliminar' is clicked on

2022-03-29 19:03:24 - [MESSAGE][PASSED] - Object: 'Object Repository/M-OBJECTS TAREAS SECUNDARIAS/Pruebas SST/Creación_de_Matriz_de_Peligros/1/a_prueba.pdf_Eliminar' is clicked on

2022-03-29 19:03:24 - [TEST_STEP][PASSED] - click(findTestObject("M-OBJECTS TAREAS SECUNDARIAS/Pruebas SST/Creación_de_Matriz_de_Peligros/2/span_Si")): Object: 'Object Repository/M-OBJECTS TAREAS SECUNDARIAS/Pruebas SST/Creación_de_Matriz_de_Peligros/2/span_Si' is clicked on

2022-03-29 19:03:25 - [MESSAGE][PASSED] - Object: 'Object Repository/M-OBJECTS TAREAS SECUNDARIAS/Pruebas SST/Creación_de_Matriz_de_Peligros/2/span_Si' is clicked on

2022-03-29 19:03:25 - [TEST_STEP][PASSED] - click(findTestObject("M-OBJECTS TAREAS SECUNDARIAS/Pruebas SST/Creación_de_Matriz_de_Peligros/1/a_Medida de intervencin_Eliminar"), STOP_ON_FAILURE): Object: 'Object Repository/M-OBJECTS TAREAS SECUNDARIAS/Pruebas SST/Creación_de_Matriz_de_Peligros/1/a_Medida de intervencin_Eliminar' is clicked on

2022-03-29 19:03:26 - [MESSAGE][PASSED] - Object: 'Object Repository/M-OBJECTS TAREAS SECUNDARIAS/Pruebas SST/Creación_de_Matriz_de_Peligros/1/a_Medida de intervencin_Eliminar' is clicked on

2022-03-29 19:03:26 - [TEST_STEP][PASSED] - if (waitForElementPresent(findTestObject("M-OBJECTS TAREAS SECUNDARIAS/Pruebas SST/Creación_de_Matriz_de_Peligros/2/td_PRUEBAS K (1)"), 1)): null

2022-03-29 19:03:27 - [MESSAGE][PASSED] - Object 'Object Repository/M-OBJECTS TAREAS SECUNDARIAS/Pruebas SST/Creación_de_Matriz_de_Peligros/2/td_PRUEBAS K (1)' is present

2022-03-29 19:03:27 - [TEST_STEP][PASSED] - click(findTestObject("M-OBJECTS TAREAS SECUNDARIAS/Pruebas SST/Creación_de_Matriz_de_Peligros/2/td_PRUEBAS K (1)")): Object: 'Object Repository/M-OBJECTS TAREAS SECUNDARIAS/Pruebas SST/Creación_de_Matriz_de_Peligros/2/td_PRUEBAS K (1)' is clicked on

2022-03-29 19:03:28 - [MESSAGE][PASSED] - Object: 'Object Repository/M-OBJECTS TAREAS SECUNDARIAS/Pruebas SST/Creación_de_Matriz_de_Peligros/2/td_PRUEBAS K (1)' is clicked on

2022-03-29 19:03:28 - [TEST_STEP][PASSED] - click(findTestObject("M-OBJECTS TAREAS SECUNDARIAS/Pruebas SST/Creación_de_Matriz_de_Peligros/1/a_Eliminar0")): Object: 'Object Repository/M-OBJECTS TAREAS SECUNDARIAS/Pruebas SST/Creación_de_Matriz_de_Peligros/1/a_Eliminar0' is clicked on

2022-03-29 19:03:28 - [MESSAGE][PASSED] - Object: 'Object Repository/M-OBJECTS TAREAS SECUNDARIAS/Pruebas SST/Creación_de_Matriz_de_Peligros/1/a_Eliminar0' is clicked on

2022-03-29 19:03:28 - [TEST_STEP][PASSED] - click(findTestObject("M-OBJECTS TAREAS SECUNDARIAS/Pruebas SST/Creación_de_Matriz_de_Peligros/1/a_Aceptar_Eliminar0")): Object: 'Object Repository/M-OBJECTS TAREAS SECUNDARIAS/Pruebas SST/Creación_de_Matriz_de_Peligros/1/a_Aceptar_Eliminar0' is clicked on

2022-03-29 19:03:29 - [MESSAGE][PASSED] - Object: 'Object Repository/M-OBJECTS TAREAS SECUNDARIAS/Pruebas SST/Creación_de_Matriz_de_Peligros/1/a_Aceptar_Eliminar0' is clicked on

2022-03-29 19:03:29 - [TEST_STEP][PASSED] - click(findTestObject("M-OBJECTS TAREAS SECUNDARIAS/Pruebas SST/Creación_de_Matriz_de_Peligros/1/a_Niveles de Riesgo_Eliminar")): Object: 'Object Repository/M-OBJECTS TAREAS SECUNDARIAS/Pruebas SST/Creación_de_Matriz_de_Peligros/1/a_Niveles de Riesgo_Eliminar' is clicked on

2022-03-29 19:03:30 - [MESSAGE][PASSED] - Object: 'Object Repository/M-OBJECTS TAREAS SECUNDARIAS/Pruebas SST/Creación_de_Matriz_de_Peligros/1/a_Niveles de Riesgo_Eliminar' is clicked on

2022-03-29 19:03:30 - [TEST_STEP][PASSED] - if (waitForElementVisible(findTestObject("M-OBJECTS TAREAS SECUNDARIAS/Pruebas SST/Creación_de_Matriz_de_Peligros/2/td_1"), 1)): null

2022-03-29 19:03:30 - [MESSAGE][PASSED] - Object 'Object Repository/M-OBJECTS TAREAS SECUNDARIAS/Pruebas SST/Creación_de_Matriz_de_Peligros/2/td_1' is visible

2022-03-29 19:03:30 - [TEST_STEP][PASSED] - click(findTestObject("M-OBJECTS TAREAS SECUNDARIAS/Pruebas SST/Creación_de_Matriz_de_Peligros/2/td_1")): Object: 'Object Repository/M-OBJECTS TAREAS SECUNDARIAS/Pruebas SST/Creación_de_Matriz_de_Peligros/2/td_1' is clicked on

2022-03-29 19:03:31 - [MESSAGE][PASSED] - Object: 'Object Repository/M-OBJECTS TAREAS SECUNDARIAS/Pruebas SST/Creación_de_Matriz_de_Peligros/2/td_1' is clicked on

2022-03-29 19:03:31 - [TEST_STEP][PASSED] - click(findTestObject("M-OBJECTS TAREAS SECUNDARIAS/Pruebas SST/Creación_de_Matriz_de_Peligros/1/a_Eliminar1")): Object: 'Object Repository/M-OBJECTS TAREAS SECUNDARIAS/Pruebas SST/Creación_de_Matriz_de_Peligros/1/a_Eliminar1' is clicked on

2022-03-29 19:03:32 - [MESSAGE][PASSED] - Object: 'Object Repository/M-OBJECTS TAREAS SECUNDARIAS/Pruebas SST/Creación_de_Matriz_de_Peligros/1/a_Eliminar1' is clicked on

2022-03-29 19:03:32 - [TEST_STEP][PASSED] - click(findTestObject("M-OBJECTS TAREAS SECUNDARIAS/Pruebas SST/Creación_de_Matriz_de_Peligros/1/a_Aceptar_Eliminar1")): Object: 'Object Repository/M-OBJECTS TAREAS SECUNDARIAS/Pruebas SST/Creación_de_Matriz_de_Peligros/1/a_Aceptar_Eliminar1' is clicked on

2022-03-29 19:03:33 - [MESSAGE][PASSED] - Object: 'Object Repository/M-OBJECTS TAREAS SECUNDARIAS/Pruebas SST/Creación_de_Matriz_de_Peligros/1/a_Aceptar_Eliminar1' is clicked on

2022-03-29 19:03:33 - [TEST_STEP][PASSED] - click(findTestObject("M-OBJECTS TAREAS SECUNDARIAS/Pruebas SST/Creación_de_Matriz_de_Peligros/1/a_Controles Existentes_Eliminar")): Object: 'Object Repository/M-OBJECTS TAREAS SECUNDARIAS/Pruebas SST/Creación_de_Matriz_de_Peligros/1/a_Controles Existentes_Eliminar' is clicked on

2022-03-29 19:03:33 - [MESSAGE][PASSED] - Object: 'Object Repository/M-OBJECTS TAREAS SECUNDARIAS/Pruebas SST/Creación_de_Matriz_de_Peligros/1/a_Controles Existentes_Eliminar' is clicked on

2022-03-29 19:03:33 - [TEST_STEP][PASSED] - if (waitForElementPresent(findTestObject("M-OBJECTS TAREAS SECUNDARIAS/Pruebas SST/Creación_de_Matriz_de_Peligros/2/td_Individuo"), 1)): null

2022-03-29 19:03:34 - [MESSAGE][PASSED] - Object 'Object Repository/M-OBJECTS TAREAS SECUNDARIAS/Pruebas SST/Creación_de_Matriz_de_Peligros/2/td_Individuo' is present

2022-03-29 19:03:34 - [TEST_STEP][PASSED] - element = findWebElement(findTestObject("M-OBJECTS TAREAS SECUNDARIAS/Pruebas SST/Creación_de_Matriz_de_Peligros/2/td_Individuo"), 30): null

2022-03-29 19:03:34 - [TEST_STEP][PASSED] - executeJavaScript("arguments[0].click()", Arrays.asList(element)): Execute JavaScript 'arguments[0].click()' successfully

2022-03-29 19:03:34 - [MESSAGE][PASSED] - Execute JavaScript 'arguments[0].click()' successfully

2022-03-29 19:03:34 - [TEST_STEP][PASSED] - click(findTestObject("M-OBJECTS TAREAS SECUNDARIAS/Pruebas SST/Creación_de_Matriz_de_Peligros/2/td_Individuo")): Object: 'Object Repository/M-OBJECTS TAREAS SECUNDARIAS/Pruebas SST/Creación_de_Matriz_de_Peligros/2/td_Individuo' is clicked on

2022-03-29 19:03:35 - [MESSAGE][PASSED] - Object: 'Object Repository/M-OBJECTS TAREAS SECUNDARIAS/Pruebas SST/Creación_de_Matriz_de_Peligros/2/td_Individuo' is clicked on

2022-03-29 19:03:35 - [TEST_STEP][PASSED] - click(findTestObject("M-OBJECTS TAREAS SECUNDARIAS/Pruebas SST/Creación_de_Matriz_de_Peligros/1/a_Eliminar2")): Object: 'Object Repository/M-OBJECTS TAREAS SECUNDARIAS/Pruebas SST/Creación_de_Matriz_de_Peligros/1/a_Eliminar2' is clicked on

2022-03-29 19:03:36 - [MESSAGE][PASSED] - Object: 'Object Repository/M-OBJECTS TAREAS SECUNDARIAS/Pruebas SST/Creación_de_Matriz_de_Peligros/1/a_Eliminar2' is clicked on

2022-03-29 19:03:36 - [TEST_STEP][PASSED] - click(findTestObject("M-OBJECTS TAREAS SECUNDARIAS/Pruebas SST/Creación_de_Matriz_de_Peligros/1/a_Aceptar_Eliminar2")): Object: 'Object Repository/M-OBJECTS TAREAS SECUNDARIAS/Pruebas SST/Creación_de_Matriz_de_Peligros/1/a_Aceptar_Eliminar2' is clicked on

2022-03-29 19:03:36 - [MESSAGE][PASSED] - Object: 'Object Repository/M-OBJECTS TAREAS SECUNDARIAS/Pruebas SST/Creación_de_Matriz_de_Peligros/1/a_Aceptar_Eliminar2' is clicked on

2022-03-29 19:03:36 - [TEST_STEP][PASSED] - click(findTestObject("M-OBJECTS TAREAS SECUNDARIAS/Pruebas SST/Creación_de_Matriz_de_Peligros/1/a_Detalle")): Object: 'Object Repository/M-OBJECTS TAREAS SECUNDARIAS/Pruebas SST/Creación_de_Matriz_de_Peligros/1/a_Detalle' is clicked on

2022-03-29 19:03:37 - [MESSAGE][PASSED] - Object: 'Object Repository/M-OBJECTS TAREAS SECUNDARIAS/Pruebas SST/Creación_de_Matriz_de_Peligros/1/a_Detalle' is clicked on

2022-03-29 19:03:37 - [TEST_STEP][PASSED] - click(findTestObject("M-OBJECTS TAREAS SECUNDARIAS/Pruebas SST/Creación_de_Matriz_de_Peligros/1/a_Eliminar3")): Object: 'Object Repository/M-OBJECTS TAREAS SECUNDARIAS/Pruebas SST/Creación_de_Matriz_de_Peligros/1/a_Eliminar3' is clicked on

2022-03-29 19:03:38 - [MESSAGE][PASSED] - Object: 'Object Repository/M-OBJECTS TAREAS SECUNDARIAS/Pruebas SST/Creación_de_Matriz_de_Peligros/1/a_Eliminar3' is clicked on

2022-03-29 19:03:38 - [TEST_STEP][PASSED] - click(findTestObject("M-OBJECTS TAREAS SECUNDARIAS/Pruebas SST/Creación_de_Matriz_de_Peligros/1/a_Aceptar_Eliminar3")): Object: 'Object Repository/M-OBJECTS TAREAS SECUNDARIAS/Pruebas SST/Creación_de_Matriz_de_Peligros/1/a_Aceptar_Eliminar3' is clicked on

2022-03-29 19:03:39 - [MESSAGE][PASSED] - Object: 'Object Repository/M-OBJECTS TAREAS SECUNDARIAS/Pruebas SST/Creación_de_Matriz_de_Peligros/1/a_Aceptar_Eliminar3' is clicked on

2022-03-29 19:03:39 - [TEST_STEP][PASSED] - click(findTestObject("M-OBJECTS TAREAS SECUNDARIAS/Pruebas SST/Creación_de_Matriz_de_Peligros/1/a_Eliminar4")): Object: 'Object Repository/M-OBJECTS TAREAS SECUNDARIAS/Pruebas SST/Creación_de_Matriz_de_Peligros/1/a_Eliminar4' is clicked on

2022-03-29 19:03:39 - [MESSAGE][PASSED] - Object: 'Object Repository/M-OBJECTS TAREAS SECUNDARIAS/Pruebas SST/Creación_de_Matriz_de_Peligros/1/a_Eliminar4' is clicked on

2022-03-29 19:03:39 - [TEST_STEP][PASSED] - click(findTestObject("M-OBJECTS TAREAS SECUNDARIAS/Pruebas SST/Creación_de_Matriz_de_Peligros/1/a_Aceptar_Eliminar4")): Object: 'Object Repository/M-OBJECTS TAREAS SECUNDARIAS/Pruebas SST/Creación_de_Matriz_de_Peligros/1/a_Aceptar_Eliminar4' is clicked on

2022-03-29 19:03:40 - [MESSAGE][PASSED] - Object: 'Object Repository/M-OBJECTS TAREAS SECUNDARIAS/Pruebas SST/Creación_de_Matriz_de_Peligros/1/a_Aceptar_Eliminar4' is clicked on

2022-03-29 19:03:40 - [TEST_STEP][PASSED] - click(findTestObject("M-OBJECTS TAREAS SECUNDARIAS/Pruebas SST/Creación_de_Matriz_de_Peligros/1/a_Eliminar5")): Object: 'Object Repository/M-OBJECTS TAREAS SECUNDARIAS/Pruebas SST/Creación_de_Matriz_de_Peligros/1/a_Eliminar5' is clicked on

2022-03-29 19:03:41 - [MESSAGE][PASSED] - Object: 'Object Repository/M-OBJECTS TAREAS SECUNDARIAS/Pruebas SST/Creación_de_Matriz_de_Peligros/1/a_Eliminar5' is clicked on

2022-03-29 19:03:41 - [TEST_STEP][PASSED] - click(findTestObject("M-OBJECTS TAREAS SECUNDARIAS/Pruebas SST/Creación_de_Matriz_de_Peligros/1/a_Aceptar_Eliminar5")): Object: 'Object Repository/M-OBJECTS TAREAS SECUNDARIAS/Pruebas SST/Creación_de_Matriz_de_Peligros/1/a_Aceptar_Eliminar5' is clicked on

2022-03-29 19:03:42 - [MESSAGE][PASSED] - Object: 'Object Repository/M-OBJECTS TAREAS SECUNDARIAS/Pruebas SST/Creación_de_Matriz_de_Peligros/1/a_Aceptar_Eliminar5' is clicked on

2022-03-29 19:03:42 - [TEST_STEP][PASSED] - click(findTestObject("M-OBJECTS TAREAS SECUNDARIAS/Pruebas SST/Creación_de_Matriz_de_Peligros/1/a_Eliminar6")): Object: 'Object Repository/M-OBJECTS TAREAS SECUNDARIAS/Pruebas SST/Creación_de_Matriz_de_Peligros/1/a_Eliminar6' is clicked on

2022-03-29 19:03:42 - [MESSAGE][PASSED] - Object: 'Object Repository/M-OBJECTS TAREAS SECUNDARIAS/Pruebas SST/Creación_de_Matriz_de_Peligros/1/a_Eliminar6' is clicked on

2022-03-29 19:03:42 - [TEST_STEP][PASSED] - click(findTestObject("M-OBJECTS TAREAS SECUNDARIAS/Pruebas SST/Creación_de_Matriz_de_Peligros/1/a_Aceptar_Eliminar6")): Object: 'Object Repository/M-OBJECTS TAREAS SECUNDARIAS/Pruebas SST/Creación_de_Matriz_de_Peligros/1/a_Aceptar_Eliminar6' is clicked on

2022-03-29 19:03:43 - [MESSAGE][PASSED] - Object: 'Object Repository/M-OBJECTS TAREAS SECUNDARIAS/Pruebas SST/Creación_de_Matriz_de_Peligros/1/a_Aceptar_Eliminar6' is clicked on

2022-03-29 19:03:43 - [TEST_STEP][PASSED] - click(findTestObject("M-OBJECTS TAREAS SECUNDARIAS/Pruebas SST/Creación_de_Matriz_de_Peligros/1/a_Nuevo")): Object: 'Object Repository/M-OBJECTS TAREAS SECUNDARIAS/Pruebas SST/Creación_de_Matriz_de_Peligros/1/a_Nuevo' is clicked on

2022-03-29 19:03:44 - [MESSAGE][PASSED] - Object: 'Object Repository/M-OBJECTS TAREAS SECUNDARIAS/Pruebas SST/Creación_de_Matriz_de_Peligros/1/a_Nuevo' is clicked on

2022-03-29 19:03:44 - [TEST_STEP][PASSED] - selectOptionByIndex(findTestObject("M-OBJECTS TAREAS SECUNDARIAS/Pruebas SST/Creación_de_Matriz_de_Peligros/2/select_SeleccionarPeriodo 2018Periodo No. 1"), 2): All options with index in [2] are selected on object 'Object Repository/M-OBJECTS TAREAS SECUNDARIAS/Pruebas SST/Creación_de_Matriz_de_Peligros/2/select_SeleccionarPeriodo 2018Periodo No. 1'

2022-03-29 19:03:46 - [MESSAGE][PASSED] - All options with index in [2] are selected on object 'Object Repository/M-OBJECTS TAREAS SECUNDARIAS/Pruebas SST/Creación_de_Matriz_de_Peligros/2/select_SeleccionarPeriodo 2018Periodo No. 1'

2022-03-29 19:03:46 - [TEST_STEP][PASSED] - selectOptionByIndex(findTestObject("M-OBJECTS TAREAS SECUNDARIAS/Pruebas SST/Creación_de_Matriz_de_Peligros/1/select_SeleccionarCALIDADMENSUAL ABCMODELO EMPRESA QUINCENALPANSIONADOSPENSIONADOS BASEPRUEBAS"), 1): All options with index in [1] are selected on object 'Object Repository/M-OBJECTS TAREAS SECUNDARIAS/Pruebas SST/Creación_de_Matriz_de_Peligros/1/select_SeleccionarCALIDADMENSUAL ABCMODELO EMPRESA QUINCENALPANSIONADOSPENSIONADOS BASEPRUEBAS'

2022-03-29 19:03:48 - [MESSAGE][PASSED] - All options with index in [1] are selected on object 'Object Repository/M-OBJECTS TAREAS SECUNDARIAS/Pruebas SST/Creación_de_Matriz_de_Peligros/1/select_SeleccionarCALIDADMENSUAL ABCMODELO EMPRESA QUINCENALPANSIONADOSPENSIONADOS BASEPRUEBAS'

2022-03-29 19:03:48 - [TEST_STEP][PASSED] - setText(findTestObject("M-OBJECTS TAREAS SECUNDARIAS/Pruebas SST/Creación_de_Matriz_de_Peligros/1/input_Descripcin_form_datosMatrizPeligrodescripcion"), "PRUEBA KATALON"): Text 'PRUEBA KATALON' is set on object 'Object Repository/M-OBJECTS TAREAS SECUNDARIAS/Pruebas SST/Creación_de_Matriz_de_Peligros/1/input_Descripcin_form_datosMatrizPeligrodescripcion'

2022-03-29 19:03:49 - [MESSAGE][PASSED] - Text 'PRUEBA KATALON' is set on object 'Object Repository/M-OBJECTS TAREAS SECUNDARIAS/Pruebas SST/Creación_de_Matriz_de_Peligros/1/input_Descripcin_form_datosMatrizPeligrodescripcion'

2022-03-29 19:03:49 - [TEST_STEP][PASSED] - selectOptionByIndex(findTestObject("M-OBJECTS TAREAS SECUNDARIAS/Pruebas SST/Creación_de_Matriz_de_Peligros/2/select_SeleccionarNo VigenteVigente"), 2): All options with index in [2] are selected on object 'Object Repository/M-OBJECTS TAREAS SECUNDARIAS/Pruebas SST/Creación_de_Matriz_de_Peligros/2/select_SeleccionarNo VigenteVigente'

2022-03-29 19:03:50 - [MESSAGE][PASSED] - All options with index in [2] are selected on object 'Object Repository/M-OBJECTS TAREAS SECUNDARIAS/Pruebas SST/Creación_de_Matriz_de_Peligros/2/select_SeleccionarNo VigenteVigente'

2022-03-29 19:03:50 - [TEST_STEP][PASSED] - setText(findTestObject("M-OBJECTS TAREAS SECUNDARIAS/Pruebas SST/Creación_de_Matriz_de_Peligros/1/input_Fecha Vigencia_form_datosMatrizPeligrofechaVigencia_input"), "01/07/2021"): Text '01/07/2021' is set on object 'Object Repository/M-OBJECTS TAREAS SECUNDARIAS/Pruebas SST/Creación_de_Matriz_de_Peligros/1/input_Fecha Vigencia_form_datosMatrizPeligrofechaVigencia_input'

2022-03-29 19:03:51 - [MESSAGE][PASSED] - Text '01/07/2021' is set on object 'Object Repository/M-OBJECTS TAREAS SECUNDARIAS/Pruebas SST/Creación_de_Matriz_de_Peligros/1/input_Fecha Vigencia_form_datosMatrizPeligrofechaVigencia_input'

2022-03-29 19:03:51 - [TEST_STEP][PASSED] - click(findTestObject("M-OBJECTS TAREAS SECUNDARIAS/Pruebas SST/Creación_de_Matriz_de_Peligros/1/a_Guardar")): Object: 'Object Repository/M-OBJECTS TAREAS SECUNDARIAS/Pruebas SST/Creación_de_Matriz_de_Peligros/1/a_Guardar' is clicked on

2022-03-29 19:03:52 - [MESSAGE][PASSED] - Object: 'Object Repository/M-OBJECTS TAREAS SECUNDARIAS/Pruebas SST/Creación_de_Matriz_de_Peligros/1/a_Guardar' is clicked on

2022-03-29 19:03:52 - [TEST_STEP][PASSED] - click(findTestObject("M-OBJECTS TAREAS SECUNDARIAS/Pruebas SST/Creación_de_Matriz_de_Peligros/1/a_Actividades")): Object: 'Object Repository/M-OBJECTS TAREAS SECUNDARIAS/Pruebas SST/Creación_de_Matriz_de_Peligros/1/a_Actividades' is clicked on

2022-03-29 19:03:53 - [MESSAGE][PASSED] - Object: 'Object Repository/M-OBJECTS TAREAS SECUNDARIAS/Pruebas SST/Creación_de_Matriz_de_Peligros/1/a_Actividades' is clicked on

2022-03-29 19:03:53 - [TEST_STEP][PASSED] - click(findTestObject("M-OBJECTS TAREAS SECUNDARIAS/Pruebas SST/Creación_de_Matriz_de_Peligros/1/a_Nuevo1")): Object: 'Object Repository/M-OBJECTS TAREAS SECUNDARIAS/Pruebas SST/Creación_de_Matriz_de_Peligros/1/a_Nuevo1' is clicked on

2022-03-29 19:03:53 - [MESSAGE][PASSED] - Object: 'Object Repository/M-OBJECTS TAREAS SECUNDARIAS/Pruebas SST/Creación_de_Matriz_de_Peligros/1/a_Nuevo1' is clicked on

2022-03-29 19:03:53 - [TEST_STEP][PASSED] - setText(findTestObject("M-OBJECTS TAREAS SECUNDARIAS/Pruebas SST/Creación_de_Matriz_de_Peligros/1/input_Cdigo_form_datosActividadMatrizcodigo"), "1122334455"): Text '1122334455' is set on object 'Object Repository/M-OBJECTS TAREAS SECUNDARIAS/Pruebas SST/Creación_de_Matriz_de_Peligros/1/input_Cdigo_form_datosActividadMatrizcodigo'

2022-03-29 19:03:55 - [MESSAGE][PASSED] - Text '1122334455' is set on object 'Object Repository/M-OBJECTS TAREAS SECUNDARIAS/Pruebas SST/Creación_de_Matriz_de_Peligros/1/input_Cdigo_form_datosActividadMatrizcodigo'

2022-03-29 19:03:55 - [TEST_STEP][PASSED] - setText(findTestObject("M-OBJECTS TAREAS SECUNDARIAS/Pruebas SST/Creación_de_Matriz_de_Peligros/2/textarea_Descripcin_form_datosActividadMatrizdescripcion"), "PRUEBAS K"): Text 'PRUEBAS K' is set on object 'Object Repository/M-OBJECTS TAREAS SECUNDARIAS/Pruebas SST/Creación_de_Matriz_de_Peligros/2/textarea_Descripcin_form_datosActividadMatrizdescripcion'

2022-03-29 19:03:56 - [MESSAGE][PASSED] - Text 'PRUEBAS K' is set on object 'Object Repository/M-OBJECTS TAREAS SECUNDARIAS/Pruebas SST/Creación_de_Matriz_de_Peligros/2/textarea_Descripcin_form_datosActividadMatrizdescripcion'

2022-03-29 19:03:56 - [TEST_STEP][PASSED] - selectOptionByIndex(findTestObject("M-OBJECTS TAREAS SECUNDARIAS/Pruebas SST/Creación_de_Matriz_de_Peligros/2/select_SeleccionarNoSi"), 2): All options with index in [2] are selected on object 'Object Repository/M-OBJECTS TAREAS SECUNDARIAS/Pruebas SST/Creación_de_Matriz_de_Peligros/2/select_SeleccionarNoSi'

2022-03-29 19:03:57 - [MESSAGE][PASSED] - All options with index in [2] are selected on object 'Object Repository/M-OBJECTS TAREAS SECUNDARIAS/Pruebas SST/Creación_de_Matriz_de_Peligros/2/select_SeleccionarNoSi'

2022-03-29 19:03:57 - [TEST_STEP][PASSED] - click(findTestObject("M-OBJECTS TAREAS SECUNDARIAS/Pruebas SST/Creación_de_Matriz_de_Peligros/1/a_Guardar")): Object: 'Object Repository/M-OBJECTS TAREAS SECUNDARIAS/Pruebas SST/Creación_de_Matriz_de_Peligros/1/a_Guardar' is clicked on

2022-03-29 19:03:57 - [MESSAGE][PASSED] - Object: 'Object Repository/M-OBJECTS TAREAS SECUNDARIAS/Pruebas SST/Creación_de_Matriz_de_Peligros/1/a_Guardar' is clicked on

2022-03-29 19:03:57 - [TEST_STEP][PASSED] - click(findTestObject("M-OBJECTS TAREAS SECUNDARIAS/Pruebas SST/Creación_de_Matriz_de_Peligros/1/a_Nuevo2")): Object: 'Object Repository/M-OBJECTS TAREAS SECUNDARIAS/Pruebas SST/Creación_de_Matriz_de_Peligros/1/a_Nuevo2' is clicked on

2022-03-29 19:03:58 - [MESSAGE][PASSED] - Object: 'Object Repository/M-OBJECTS TAREAS SECUNDARIAS/Pruebas SST/Creación_de_Matriz_de_Peligros/1/a_Nuevo2' is clicked on

2022-03-29 19:03:58 - [TEST_STEP][PASSED] - setText(findTestObject("M-OBJECTS TAREAS SECUNDARIAS/Pruebas SST/Creación_de_Matriz_de_Peligros/1/input_Cdigo_form_detalleTareaMatrizcodigoTar"), "66778899"): Text '66778899' is set on object 'Object Repository/M-OBJECTS TAREAS SECUNDARIAS/Pruebas SST/Creación_de_Matriz_de_Peligros/1/input_Cdigo_form_detalleTareaMatrizcodigoTar'

2022-03-29 19:03:59 - [MESSAGE][PASSED] - Text '66778899' is set on object 'Object Repository/M-OBJECTS TAREAS SECUNDARIAS/Pruebas SST/Creación_de_Matriz_de_Peligros/1/input_Cdigo_form_detalleTareaMatrizcodigoTar'

2022-03-29 19:03:59 - [TEST_STEP][PASSED] - setText(findTestObject("M-OBJECTS TAREAS SECUNDARIAS/Pruebas SST/Creación_de_Matriz_de_Peligros/2/textarea_Descripcin_form_detalleTareaMatrizdescripcionTar"), "Pruebas k"): Text 'Pruebas k' is set on object 'Object Repository/M-OBJECTS TAREAS SECUNDARIAS/Pruebas SST/Creación_de_Matriz_de_Peligros/2/textarea_Descripcin_form_detalleTareaMatrizdescripcionTar'

2022-03-29 19:04:00 - [MESSAGE][PASSED] - Text 'Pruebas k' is set on object 'Object Repository/M-OBJECTS TAREAS SECUNDARIAS/Pruebas SST/Creación_de_Matriz_de_Peligros/2/textarea_Descripcin_form_detalleTareaMatrizdescripcionTar'

2022-03-29 19:04:00 - [TEST_STEP][PASSED] - click(findTestObject("M-OBJECTS TAREAS SECUNDARIAS/Pruebas SST/Creación_de_Matriz_de_Peligros/1/a_Guardar")): Object: 'Object Repository/M-OBJECTS TAREAS SECUNDARIAS/Pruebas SST/Creación_de_Matriz_de_Peligros/1/a_Guardar' is clicked on

2022-03-29 19:04:01 - [MESSAGE][PASSED] - Object: 'Object Repository/M-OBJECTS TAREAS SECUNDARIAS/Pruebas SST/Creación_de_Matriz_de_Peligros/1/a_Guardar' is clicked on

2022-03-29 19:04:01 - [TEST_STEP][PASSED] - click(findTestObject("M-OBJECTS TAREAS SECUNDARIAS/Pruebas SST/Creación_de_Matriz_de_Peligros/1/a_Nuevo3")): Object: 'Object Repository/M-OBJECTS TAREAS SECUNDARIAS/Pruebas SST/Creación_de_Matriz_de_Peligros/1/a_Nuevo3' is clicked on

2022-03-29 19:04:02 - [MESSAGE][PASSED] - Object: 'Object Repository/M-OBJECTS TAREAS SECUNDARIAS/Pruebas SST/Creación_de_Matriz_de_Peligros/1/a_Nuevo3' is clicked on

2022-03-29 19:04:02 - [TEST_STEP][FAILED] - selectOptionByIndex(findTestObject("Modulo Pruebas SST/Creación_de_Matriz_de_Peligros/select_SeleccionarFsicoPrueba cdigo repetidoCondiciones de SeguridadPsicosocialBiomecnicoAuditivoFenmenos NaturalesVisualMotriz"), "1"): Unable to select option by index (Root cause: com.kms.katalon.core.exception.StepFailedException: Unable to select option by index
	at com.kms.katalon.core.webui.keyword.internal.WebUIKeywordMain.stepFailed(WebUIKeywordMain.groovy:64)
	at com.kms.katalon.core.webui.keyword.internal.WebUIKeywordMain.runKeyword(WebUIKeywordMain.groovy:26)
	at com.kms.katalon.core.webui.keyword.builtin.SelectOptionByIndexKeyword.selectOptionByIndex(SelectOptionByIndexKeyword.groovy:93)
	at com.kms.katalon.core.webui.keyword.builtin.SelectOptionByIndexKeyword.execute(SelectOptionByIndexKeyword.groovy:68)
	at com.kms.katalon.core.keyword.internal.KeywordExecutor.executeKeywordForPlatform(KeywordExecutor.groovy:74)
	at com.kms.katalon.core.webui.keyword.WebUiBuiltInKeywords.selectOptionByIndex(WebUiBuiltInKeywords.groovy:1133)
	at com.kms.katalon.core.webui.keyword.WebUiBuiltInKeywords$selectOptionByIndex$10.call(Unknown Source)
	at 5.1.4-Creación_de_Matriz_de_Peligros.run(5.1.4-Creación_de_Matriz_de_Peligros:149)
	at com.kms.katalon.core.main.ScriptEngine.run(ScriptEngine.java:194)
	at com.kms.katalon.core.main.ScriptEngine.runScriptAsRawText(ScriptEngine.java:119)
	at com.kms.katalon.core.main.TestCaseExecutor.runScript(TestCaseExecutor.java:442)
	at com.kms.katalon.core.main.TestCaseExecutor.doExecute(TestCaseExecutor.java:433)
	at com.kms.katalon.core.main.TestCaseExecutor.processExecutionPhase(TestCaseExecutor.java:412)
	at com.kms.katalon.core.main.TestCaseExecutor.accessMainPhase(TestCaseExecutor.java:404)
	at com.kms.katalon.core.main.TestCaseExecutor.execute(TestCaseExecutor.java:281)
	at com.kms.katalon.core.main.TestSuiteExecutor.accessTestCaseMainPhase(TestSuiteExecutor.java:202)
	at com.kms.katalon.core.main.TestSuiteExecutor.accessTestSuiteMainPhase(TestSuiteExecutor.java:164)
	at com.kms.katalon.core.main.TestSuiteExecutor.execute(TestSuiteExecutor.java:105)
	at com.kms.katalon.core.main.TestCaseMain.startTestSuite(TestCaseMain.java:185)
	at com.kms.katalon.core.main.TestCaseMain$startTestSuite$0.call(Unknown Source)
	at TempTestSuite1648594435047.run(TempTestSuite1648594435047.groovy:36)
Caused by: java.lang.IllegalArgumentException: Object is null
	at com.kms.katalon.core.helper.KeywordHelper.checkTestObjectParameter(KeywordHelper.java:33)
	at com.kms.katalon.core.webui.keyword.builtin.SelectOptionByIndexKeyword$_selectOptionByIndex_closure1.doCall(SelectOptionByIndexKeyword.groovy:76)
	at com.kms.katalon.core.webui.keyword.builtin.SelectOptionByIndexKeyword$_selectOptionByIndex_closure1.call(SelectOptionByIndexKeyword.groovy)
	at com.kms.katalon.core.webui.keyword.internal.WebUIKeywordMain.runKeyword(WebUIKeywordMain.groovy:20)
	at com.kms.katalon.core.webui.keyword.builtin.SelectOptionByIndexKeyword.selectOptionByIndex(SelectOptionByIndexKeyword.groovy:93)
	at com.kms.katalon.core.webui.keyword.builtin.SelectOptionByIndexKeyword.execute(SelectOptionByIndexKeyword.groovy:68)
	at com.kms.katalon.core.keyword.internal.KeywordExecutor.executeKeywordForPlatform(KeywordExecutor.groovy:74)
	at com.kms.katalon.core.webui.keyword.WebUiBuiltInKeywords.selectOptionByIndex(WebUiBuiltInKeywords.groovy:1133)
	at com.kms.katalon.core.webui.keyword.WebUiBuiltInKeywords$selectOptionByIndex$10.call(Unknown Source)
	at Script1637871030329.run(Script1637871030329.groovy:149)
	... 13 more
)

2022-03-29 19:04:02 - [MESSAGE][WARNING] - Test object with id 'Object Repository/Modulo Pruebas SST/Creación_de_Matriz_de_Peligros/select_SeleccionarFsicoPrueba cdigo repetidoCondiciones de SeguridadPsicosocialBiomecnicoAuditivoFenmenos NaturalesVisualMotriz' does not exist

2022-03-29 19:04:02 - [MESSAGE][WARNING] - Test object with id 'Object Repository/' does not exist

2022-03-29 19:04:02 - [MESSAGE][FAILED] - Unable to select option by index (Root cause: com.kms.katalon.core.exception.StepFailedException: Unable to select option by index
	at com.kms.katalon.core.webui.keyword.internal.WebUIKeywordMain.stepFailed(WebUIKeywordMain.groovy:64)
	at com.kms.katalon.core.webui.keyword.internal.WebUIKeywordMain.runKeyword(WebUIKeywordMain.groovy:26)
	at com.kms.katalon.core.webui.keyword.builtin.SelectOptionByIndexKeyword.selectOptionByIndex(SelectOptionByIndexKeyword.groovy:93)
	at com.kms.katalon.core.webui.keyword.builtin.SelectOptionByIndexKeyword.execute(SelectOptionByIndexKeyword.groovy:68)
	at com.kms.katalon.core.keyword.internal.KeywordExecutor.executeKeywordForPlatform(KeywordExecutor.groovy:74)
	at com.kms.katalon.core.webui.keyword.WebUiBuiltInKeywords.selectOptionByIndex(WebUiBuiltInKeywords.groovy:1133)
	at com.kms.katalon.core.webui.keyword.WebUiBuiltInKeywords$selectOptionByIndex$10.call(Unknown Source)
	at 5.1.4-Creación_de_Matriz_de_Peligros.run(5.1.4-Creación_de_Matriz_de_Peligros:149)
	at com.kms.katalon.core.main.ScriptEngine.run(ScriptEngine.java:194)
	at com.kms.katalon.core.main.ScriptEngine.runScriptAsRawText(ScriptEngine.java:119)
	at com.kms.katalon.core.main.TestCaseExecutor.runScript(TestCaseExecutor.java:442)
	at com.kms.katalon.core.main.TestCaseExecutor.doExecute(TestCaseExecutor.java:433)
	at com.kms.katalon.core.main.TestCaseExecutor.processExecutionPhase(TestCaseExecutor.java:412)
	at com.kms.katalon.core.main.TestCaseExecutor.accessMainPhase(TestCaseExecutor.java:404)
	at com.kms.katalon.core.main.TestCaseExecutor.execute(TestCaseExecutor.java:281)
	at com.kms.katalon.core.main.TestSuiteExecutor.accessTestCaseMainPhase(TestSuiteExecutor.java:202)
	at com.kms.katalon.core.main.TestSuiteExecutor.accessTestSuiteMainPhase(TestSuiteExecutor.java:164)
	at com.kms.katalon.core.main.TestSuiteExecutor.execute(TestSuiteExecutor.java:105)
	at com.kms.katalon.core.main.TestCaseMain.startTestSuite(TestCaseMain.java:185)
	at com.kms.katalon.core.main.TestCaseMain$startTestSuite$0.call(Unknown Source)
	at TempTestSuite1648594435047.run(TempTestSuite1648594435047.groovy:36)
Caused by: java.lang.IllegalArgumentException: Object is null
	at com.kms.katalon.core.helper.KeywordHelper.checkTestObjectParameter(KeywordHelper.java:33)
	at com.kms.katalon.core.webui.keyword.builtin.SelectOptionByIndexKeyword$_selectOptionByIndex_closure1.doCall(SelectOptionByIndexKeyword.groovy:76)
	at com.kms.katalon.core.webui.keyword.builtin.SelectOptionByIndexKeyword$_selectOptionByIndex_closure1.call(SelectOptionByIndexKeyword.groovy)
	at com.kms.katalon.core.webui.keyword.internal.WebUIKeywordMain.runKeyword(WebUIKeywordMain.groovy:20)
	at com.kms.katalon.core.webui.keyword.builtin.SelectOptionByIndexKeyword.selectOptionByIndex(SelectOptionByIndexKeyword.groovy:93)
	at com.kms.katalon.core.webui.keyword.builtin.SelectOptionByIndexKeyword.execute(SelectOptionByIndexKeyword.groovy:68)
	at com.kms.katalon.core.keyword.internal.KeywordExecutor.executeKeywordForPlatform(KeywordExecutor.groovy:74)
	at com.kms.katalon.core.webui.keyword.WebUiBuiltInKeywords.selectOptionByIndex(WebUiBuiltInKeywords.groovy:1133)
	at com.kms.katalon.core.webui.keyword.WebUiBuiltInKeywords$selectOptionByIndex$10.call(Unknown Source)
	at Script1637871030329.run(Script1637871030329.groovy:149)
	... 13 more
)
[[ATTACHMENT|C:\\Users\\diego.rojas\\git\\Pruebas-Minimas\\Reports\\20220329_175344\\Test_Suite_Secundaria\\1-Tareas_secundarias\\20220329_175355\\1648598642093.png]]]]></system-out>
         <system-err><![CDATA[2022-03-29 19:03:07 - [TEST_CASE][FAILED] - Test Cases/1.2-Tareas_Secundarias/5.1-Pruebas_SST/5.1.4-Creación_de_Matriz_de_Peligros: Test Cases/1.2-Tareas_Secundarias/5.1-Pruebas_SST/5.1.4-Creación_de_Matriz_de_Peligros FAILED.
Reason:
com.kms.katalon.core.exception.StepFailedException: Unable to select option by index
	at com.kms.katalon.core.webui.keyword.internal.WebUIKeywordMain.stepFailed(WebUIKeywordMain.groovy:64)
	at com.kms.katalon.core.webui.keyword.internal.WebUIKeywordMain.runKeyword(WebUIKeywordMain.groovy:26)
	at com.kms.katalon.core.webui.keyword.builtin.SelectOptionByIndexKeyword.selectOptionByIndex(SelectOptionByIndexKeyword.groovy:93)
	at com.kms.katalon.core.webui.keyword.builtin.SelectOptionByIndexKeyword.execute(SelectOptionByIndexKeyword.groovy:68)
	at com.kms.katalon.core.keyword.internal.KeywordExecutor.executeKeywordForPlatform(KeywordExecutor.groovy:74)
	at com.kms.katalon.core.webui.keyword.WebUiBuiltInKeywords.selectOptionByIndex(WebUiBuiltInKeywords.groovy:1133)
	at com.kms.katalon.core.webui.keyword.WebUiBuiltInKeywords$selectOptionByIndex$10.call(Unknown Source)
	at 5.1.4-Creación_de_Matriz_de_Peligros.run(5.1.4-Creación_de_Matriz_de_Peligros:149)
	at com.kms.katalon.core.main.ScriptEngine.run(ScriptEngine.java:194)
	at com.kms.katalon.core.main.ScriptEngine.runScriptAsRawText(ScriptEngine.java:119)
	at com.kms.katalon.core.main.TestCaseExecutor.runScript(TestCaseExecutor.java:442)
	at com.kms.katalon.core.main.TestCaseExecutor.doExecute(TestCaseExecutor.java:433)
	at com.kms.katalon.core.main.TestCaseExecutor.processExecutionPhase(TestCaseExecutor.java:412)
	at com.kms.katalon.core.main.TestCaseExecutor.accessMainPhase(TestCaseExecutor.java:404)
	at com.kms.katalon.core.main.TestCaseExecutor.execute(TestCaseExecutor.java:281)
	at com.kms.katalon.core.main.TestSuiteExecutor.accessTestCaseMainPhase(TestSuiteExecutor.java:202)
	at com.kms.katalon.core.main.TestSuiteExecutor.accessTestSuiteMainPhase(TestSuiteExecutor.java:164)
	at com.kms.katalon.core.main.TestSuiteExecutor.execute(TestSuiteExecutor.java:105)
	at com.kms.katalon.core.main.TestCaseMain.startTestSuite(TestCaseMain.java:185)
	at com.kms.katalon.core.main.TestCaseMain$startTestSuite$0.call(Unknown Source)
	at TempTestSuite1648594435047.run(TempTestSuite1648594435047.groovy:36)
Caused by: java.lang.IllegalArgumentException: Object is null
	at com.kms.katalon.core.helper.KeywordHelper.checkTestObjectParameter(KeywordHelper.java:33)
	at com.kms.katalon.core.webui.keyword.builtin.SelectOptionByIndexKeyword$_selectOptionByIndex_closure1.doCall(SelectOptionByIndexKeyword.groovy:76)
	at com.kms.katalon.core.webui.keyword.builtin.SelectOptionByIndexKeyword$_selectOptionByIndex_closure1.call(SelectOptionByIndexKeyword.groovy)
	at com.kms.katalon.core.webui.keyword.internal.WebUIKeywordMain.runKeyword(WebUIKeywordMain.groovy:20)
	... 19 more]]></system-err>
      </testcase>
      <testcase name="Test Cases/1.2-Tareas_Secundarias/5.1-Pruebas_SST/5.1.5-Diligenciar_una_inspección" time="50.657" classname="Test Cases/1.2-Tareas_Secundarias/5.1-Pruebas_SST/5.1.5-Diligenciar_una_inspección" status="PASSED">
         <system-out><![CDATA[2022-03-29 19:04:02 - [TEST_CASE][PASSED] - Test Cases/1.2-Tareas_Secundarias/5.1-Pruebas_SST/5.1.5-Diligenciar_una_inspección: Test Cases/1.2-Tareas_Secundarias/5.1-Pruebas_SST/5.1.5-Diligenciar_una_inspección

2022-03-29 19:04:02 - [TEST_STEP][PASSED] - callTestCase(findTestCase("0.1-Login"), [:], STOP_ON_FAILURE): Call Test Case 'Test Cases/0.1-Login' successfully

2022-03-29 19:04:02 - [TEST_CASE][PASSED] - Test Cases/0.1-Login: Test Cases/0.1-Login

2022-03-29 19:04:02 - [TEST_STEP][PASSED] - openBrowser(""): Browser is opened with url: ''

2022-03-29 19:04:02 - [MESSAGE][WARNING] - A browser is already opened. Closing browser and opening a new one

2022-03-29 19:04:03 - [MESSAGE][INFO] - Starting 'Chrome' driver

2022-03-29 19:04:03 - [MESSAGE][INFO] - Action delay is set to 50 milliseconds

2022-03-29 19:04:04 - [MESSAGE][PASSED] - Browser is opened with url: ''

2022-03-29 19:04:04 - [TEST_STEP][PASSED] - maximizeWindow(): Current window maximized

2022-03-29 19:04:04 - [MESSAGE][PASSED] - Current window maximized

2022-03-29 19:04:04 - [TEST_STEP][PASSED] - i = G_Login: null

2022-03-29 19:04:04 - [TEST_STEP][PASSED] - url = new java.net.URL(i): null

2022-03-29 19:04:04 - [TEST_STEP][PASSED] - println("URL: " + url.toString()): null

2022-03-29 19:04:04 - [TEST_STEP][PASSED] - connection = url.openConnection(): null

2022-03-29 19:04:04 - [TEST_STEP][PASSED] - connection.setRequestMethod("GET"): null

2022-03-29 19:04:04 - [TEST_STEP][PASSED] - connection.setReadTimeout(2 * 1000): null

2022-03-29 19:04:04 - [TEST_STEP][PASSED] - try: null

2022-03-29 19:04:04 - [TEST_STEP][PASSED] - connection.connect(): null

2022-03-29 19:04:04 - [TEST_STEP][PASSED] - flag = connected: null

2022-03-29 19:04:04 - [TEST_STEP][PASSED] - println("Valor_ori: " + flag): null

2022-03-29 19:04:04 - [TEST_STEP][PASSED] - if (flag): null

2022-03-29 19:04:04 - [TEST_STEP][PASSED] - navigateToUrl(i): Navigate to 'http://192.168.2.19:8380/saraweb' successfully

2022-03-29 19:04:05 - [MESSAGE][PASSED] - Navigate to 'http://192.168.2.19:8380/saraweb' successfully

2022-03-29 19:04:05 - [TEST_STEP][PASSED] - a(): null

2022-03-29 19:04:05 - [TEST_STEP][PASSED] - setText(findTestObject("Login/input_USUARIO_loginusuario"), G_Usuario): Text 'saraadmin' is set on object 'Object Repository/Login/input_USUARIO_loginusuario'

2022-03-29 19:04:06 - [MESSAGE][PASSED] - Text 'saraadmin' is set on object 'Object Repository/Login/input_USUARIO_loginusuario'

2022-03-29 19:04:06 - [TEST_STEP][PASSED] - setEncryptedText(findTestObject("Login/input_CLAVE_loginpassword"), "MkG4/TYiCFC3cb2driP7+Q=="): Text ****** has been set on object 'Object Repository/Login/input_CLAVE_loginpassword'

2022-03-29 19:04:07 - [MESSAGE][PASSED] - Text ****** has been set on object 'Object Repository/Login/input_CLAVE_loginpassword'

2022-03-29 19:04:07 - [TEST_STEP][PASSED] - waitForElementClickable(findTestObject("Login/a_Ingresar"), G_TimeOut): Object 'Object Repository/Login/a_Ingresar' is clickable

2022-03-29 19:04:07 - [MESSAGE][PASSED] - Object 'Object Repository/Login/a_Ingresar' is clickable

2022-03-29 19:04:07 - [TEST_STEP][PASSED] - click(findTestObject("Login/a_Ingresar")): Object: 'Object Repository/Login/a_Ingresar' is clicked on

2022-03-29 19:04:08 - [MESSAGE][PASSED] - Object: 'Object Repository/Login/a_Ingresar' is clicked on

2022-03-29 19:04:08 - [TEST_STEP][PASSED] - element = findWebElement(findTestObject("Login/a_Ir"), 30): null

2022-03-29 19:04:09 - [TEST_STEP][PASSED] - executeJavaScript("arguments[0].click()", Arrays.asList(element)): Execute JavaScript 'arguments[0].click()' successfully

2022-03-29 19:04:09 - [MESSAGE][PASSED] - Execute JavaScript 'arguments[0].click()' successfully

2022-03-29 19:04:09 - [MESSAGE][PASSED] - Call Test Case 'Test Cases/0.1-Login' successfully

2022-03-29 19:04:09 - [TEST_STEP][PASSED] - setText(findTestObject("M-OBJECTS TAREAS SECUNDARIAS/Pruebas SST/Diligenciar_una_inspección/input_ADMINISTRADOR DEL SISTEMA - SARA_form_templatej_idt24_input"), "Inspecciones"): Text 'Inspecciones' is set on object 'Object Repository/M-OBJECTS TAREAS SECUNDARIAS/Pruebas SST/Diligenciar_una_inspección/input_ADMINISTRADOR DEL SISTEMA - SARA_form_templatej_idt24_input'

2022-03-29 19:04:10 - [MESSAGE][PASSED] - Text 'Inspecciones' is set on object 'Object Repository/M-OBJECTS TAREAS SECUNDARIAS/Pruebas SST/Diligenciar_una_inspección/input_ADMINISTRADOR DEL SISTEMA - SARA_form_templatej_idt24_input'

2022-03-29 19:04:10 - [TEST_STEP][PASSED] - click(findTestObject("M-OBJECTS TAREAS SECUNDARIAS/Pruebas SST/Diligenciar_una_inspección/li_Inspecciones (sst)")): Object: 'Object Repository/M-OBJECTS TAREAS SECUNDARIAS/Pruebas SST/Diligenciar_una_inspección/li_Inspecciones (sst)' is clicked on

2022-03-29 19:04:12 - [MESSAGE][PASSED] - Object: 'Object Repository/M-OBJECTS TAREAS SECUNDARIAS/Pruebas SST/Diligenciar_una_inspección/li_Inspecciones (sst)' is clicked on

2022-03-29 19:04:12 - [TEST_STEP][PASSED] - if (waitForElementPresent(findTestObject("M-OBJECTS TAREAS SECUNDARIAS/Pruebas SST/Diligenciar_una_inspección/td_PRUEBAS KATALON"), 1)): null

2022-03-29 19:04:13 - [MESSAGE][PASSED] - Object 'Object Repository/M-OBJECTS TAREAS SECUNDARIAS/Pruebas SST/Diligenciar_una_inspección/td_PRUEBAS KATALON' is present

2022-03-29 19:04:13 - [TEST_STEP][PASSED] - click(findTestObject("M-OBJECTS TAREAS SECUNDARIAS/Pruebas SST/Diligenciar_una_inspección/td_PRUEBAS KATALON")): Object: 'Object Repository/M-OBJECTS TAREAS SECUNDARIAS/Pruebas SST/Diligenciar_una_inspección/td_PRUEBAS KATALON' is clicked on

2022-03-29 19:04:13 - [MESSAGE][PASSED] - Object: 'Object Repository/M-OBJECTS TAREAS SECUNDARIAS/Pruebas SST/Diligenciar_una_inspección/td_PRUEBAS KATALON' is clicked on

2022-03-29 19:04:13 - [TEST_STEP][PASSED] - click(findTestObject("M-OBJECTS TAREAS SECUNDARIAS/Pruebas SST/Diligenciar_una_inspección/a_Programacin1")): Object: 'Object Repository/M-OBJECTS TAREAS SECUNDARIAS/Pruebas SST/Diligenciar_una_inspección/a_Programacin1' is clicked on

2022-03-29 19:04:15 - [MESSAGE][PASSED] - Object: 'Object Repository/M-OBJECTS TAREAS SECUNDARIAS/Pruebas SST/Diligenciar_una_inspección/a_Programacin1' is clicked on

2022-03-29 19:04:15 - [TEST_STEP][PASSED] - if (waitForElementPresent(findTestObject("M-OBJECTS TAREAS SECUNDARIAS/Pruebas SST/Diligenciar_una_inspección/td_1010220596"), 1)): null

2022-03-29 19:04:16 - [MESSAGE][PASSED] - Object 'Object Repository/M-OBJECTS TAREAS SECUNDARIAS/Pruebas SST/Diligenciar_una_inspección/td_1010220596' is present

2022-03-29 19:04:16 - [TEST_STEP][PASSED] - click(findTestObject("M-OBJECTS TAREAS SECUNDARIAS/Pruebas SST/Diligenciar_una_inspección/td_1010220596")): Object: 'Object Repository/M-OBJECTS TAREAS SECUNDARIAS/Pruebas SST/Diligenciar_una_inspección/td_1010220596' is clicked on

2022-03-29 19:04:16 - [MESSAGE][PASSED] - Object: 'Object Repository/M-OBJECTS TAREAS SECUNDARIAS/Pruebas SST/Diligenciar_una_inspección/td_1010220596' is clicked on

2022-03-29 19:04:16 - [TEST_STEP][PASSED] - click(findTestObject("M-OBJECTS TAREAS SECUNDARIAS/Pruebas SST/Diligenciar_una_inspección/a_Eliminar")): Object: 'Object Repository/M-OBJECTS TAREAS SECUNDARIAS/Pruebas SST/Diligenciar_una_inspección/a_Eliminar' is clicked on

2022-03-29 19:04:17 - [MESSAGE][PASSED] - Object: 'Object Repository/M-OBJECTS TAREAS SECUNDARIAS/Pruebas SST/Diligenciar_una_inspección/a_Eliminar' is clicked on

2022-03-29 19:04:17 - [TEST_STEP][PASSED] - click(findTestObject("M-OBJECTS TAREAS SECUNDARIAS/Pruebas SST/Diligenciar_una_inspección/button_Si")): Object: 'Object Repository/M-OBJECTS TAREAS SECUNDARIAS/Pruebas SST/Diligenciar_una_inspección/button_Si' is clicked on

2022-03-29 19:04:18 - [MESSAGE][PASSED] - Object: 'Object Repository/M-OBJECTS TAREAS SECUNDARIAS/Pruebas SST/Diligenciar_una_inspección/button_Si' is clicked on

2022-03-29 19:04:18 - [TEST_STEP][PASSED] - click(findTestObject("M-OBJECTS TAREAS SECUNDARIAS/Pruebas SST/Diligenciar_una_inspección/a_Detalle_principal")): Object: 'Object Repository/M-OBJECTS TAREAS SECUNDARIAS/Pruebas SST/Diligenciar_una_inspección/a_Detalle_principal' is clicked on

2022-03-29 19:04:19 - [MESSAGE][PASSED] - Object: 'Object Repository/M-OBJECTS TAREAS SECUNDARIAS/Pruebas SST/Diligenciar_una_inspección/a_Detalle_principal' is clicked on

2022-03-29 19:04:19 - [TEST_STEP][PASSED] - click(findTestObject("M-OBJECTS TAREAS SECUNDARIAS/Pruebas SST/Diligenciar_una_inspección/a_Eliminar2")): Object: 'Object Repository/M-OBJECTS TAREAS SECUNDARIAS/Pruebas SST/Diligenciar_una_inspección/a_Eliminar2' is clicked on

2022-03-29 19:04:20 - [MESSAGE][PASSED] - Object: 'Object Repository/M-OBJECTS TAREAS SECUNDARIAS/Pruebas SST/Diligenciar_una_inspección/a_Eliminar2' is clicked on

2022-03-29 19:04:20 - [TEST_STEP][PASSED] - click(findTestObject("M-OBJECTS TAREAS SECUNDARIAS/Pruebas SST/Diligenciar_una_inspección/a_Aceptar2")): Object: 'Object Repository/M-OBJECTS TAREAS SECUNDARIAS/Pruebas SST/Diligenciar_una_inspección/a_Aceptar2' is clicked on

2022-03-29 19:04:20 - [MESSAGE][PASSED] - Object: 'Object Repository/M-OBJECTS TAREAS SECUNDARIAS/Pruebas SST/Diligenciar_una_inspección/a_Aceptar2' is clicked on

2022-03-29 19:04:20 - [TEST_STEP][PASSED] - click(findTestObject("M-OBJECTS TAREAS SECUNDARIAS/Pruebas SST/Diligenciar_una_inspección/a_Nuevo")): Object: 'Object Repository/M-OBJECTS TAREAS SECUNDARIAS/Pruebas SST/Diligenciar_una_inspección/a_Nuevo' is clicked on

2022-03-29 19:04:21 - [MESSAGE][PASSED] - Object: 'Object Repository/M-OBJECTS TAREAS SECUNDARIAS/Pruebas SST/Diligenciar_una_inspección/a_Nuevo' is clicked on

2022-03-29 19:04:21 - [TEST_STEP][PASSED] - setText(findTestObject("M-OBJECTS TAREAS SECUNDARIAS/Pruebas SST/Diligenciar_una_inspección/textarea_Descripcin_form_datobasicoinspecciondescripcion"), "PRUEBAS KATALON"): Text 'PRUEBAS KATALON' is set on object 'Object Repository/M-OBJECTS TAREAS SECUNDARIAS/Pruebas SST/Diligenciar_una_inspección/textarea_Descripcin_form_datobasicoinspecciondescripcion'

2022-03-29 19:04:23 - [MESSAGE][PASSED] - Text 'PRUEBAS KATALON' is set on object 'Object Repository/M-OBJECTS TAREAS SECUNDARIAS/Pruebas SST/Diligenciar_una_inspección/textarea_Descripcin_form_datobasicoinspecciondescripcion'

2022-03-29 19:04:23 - [TEST_STEP][PASSED] - selectOptionByIndex(findTestObject("M-OBJECTS TAREAS SECUNDARIAS/Pruebas SST/Diligenciar_una_inspección/select_SeleccionarDe rea o punto crticoNo planeadaPlaneada"), 1): All options with index in [1] are selected on object 'Object Repository/M-OBJECTS TAREAS SECUNDARIAS/Pruebas SST/Diligenciar_una_inspección/select_SeleccionarDe rea o punto crticoNo planeadaPlaneada'

2022-03-29 19:04:24 - [MESSAGE][PASSED] - All options with index in [1] are selected on object 'Object Repository/M-OBJECTS TAREAS SECUNDARIAS/Pruebas SST/Diligenciar_una_inspección/select_SeleccionarDe rea o punto crticoNo planeadaPlaneada'

2022-03-29 19:04:24 - [TEST_STEP][PASSED] - selectOptionByIndex(findTestObject("M-OBJECTS TAREAS SECUNDARIAS/Pruebas SST/Diligenciar_una_inspección/select_SeleccionarSEDE NORTESEDE OCCIDENTESEDE SUR"), 1): All options with index in [1] are selected on object 'Object Repository/M-OBJECTS TAREAS SECUNDARIAS/Pruebas SST/Diligenciar_una_inspección/select_SeleccionarSEDE NORTESEDE OCCIDENTESEDE SUR'

2022-03-29 19:04:25 - [MESSAGE][PASSED] - All options with index in [1] are selected on object 'Object Repository/M-OBJECTS TAREAS SECUNDARIAS/Pruebas SST/Diligenciar_una_inspección/select_SeleccionarSEDE NORTESEDE OCCIDENTESEDE SUR'

2022-03-29 19:04:25 - [TEST_STEP][PASSED] - selectOptionByIndex(findTestObject("M-OBJECTS TAREAS SECUNDARIAS/Pruebas SST/Diligenciar_una_inspección/select_SeleccionarMENSUALBIMESTRALANUALSEMANALTRIMESTRALSEMESTRALDIARIA"), 1): All options with index in [1] are selected on object 'Object Repository/M-OBJECTS TAREAS SECUNDARIAS/Pruebas SST/Diligenciar_una_inspección/select_SeleccionarMENSUALBIMESTRALANUALSEMANALTRIMESTRALSEMESTRALDIARIA'

2022-03-29 19:04:26 - [MESSAGE][PASSED] - All options with index in [1] are selected on object 'Object Repository/M-OBJECTS TAREAS SECUNDARIAS/Pruebas SST/Diligenciar_una_inspección/select_SeleccionarMENSUALBIMESTRALANUALSEMANALTRIMESTRALSEMESTRALDIARIA'

2022-03-29 19:04:26 - [TEST_STEP][PASSED] - setText(findTestObject("M-OBJECTS TAREAS SECUNDARIAS/Pruebas SST/Diligenciar_una_inspección/input_Fecha Inicial_form_datobasicoinspeccionfechaInPeriodicidad_input"), "01/07/2021"): Text '01/07/2021' is set on object 'Object Repository/M-OBJECTS TAREAS SECUNDARIAS/Pruebas SST/Diligenciar_una_inspección/input_Fecha Inicial_form_datobasicoinspeccionfechaInPeriodicidad_input'

2022-03-29 19:04:28 - [MESSAGE][PASSED] - Text '01/07/2021' is set on object 'Object Repository/M-OBJECTS TAREAS SECUNDARIAS/Pruebas SST/Diligenciar_una_inspección/input_Fecha Inicial_form_datobasicoinspeccionfechaInPeriodicidad_input'

2022-03-29 19:04:28 - [TEST_STEP][PASSED] - setText(findTestObject("M-OBJECTS TAREAS SECUNDARIAS/Pruebas SST/Diligenciar_una_inspección/input_Fecha Final_form_datobasicoinspeccionfechaFnPeriodicidad_input"), "10/07/2021"): Text '10/07/2021' is set on object 'Object Repository/M-OBJECTS TAREAS SECUNDARIAS/Pruebas SST/Diligenciar_una_inspección/input_Fecha Final_form_datobasicoinspeccionfechaFnPeriodicidad_input'

2022-03-29 19:04:29 - [MESSAGE][PASSED] - Text '10/07/2021' is set on object 'Object Repository/M-OBJECTS TAREAS SECUNDARIAS/Pruebas SST/Diligenciar_una_inspección/input_Fecha Final_form_datobasicoinspeccionfechaFnPeriodicidad_input'

2022-03-29 19:04:29 - [TEST_STEP][PASSED] - click(findTestObject("M-OBJECTS TAREAS SECUNDARIAS/Pruebas SST/Diligenciar_una_inspección/a_Responsable_form_datobasicoinspeccionj_idt599")): Object: 'Object Repository/M-OBJECTS TAREAS SECUNDARIAS/Pruebas SST/Diligenciar_una_inspección/a_Responsable_form_datobasicoinspeccionj_idt599' is clicked on

2022-03-29 19:04:29 - [MESSAGE][PASSED] - Object: 'Object Repository/M-OBJECTS TAREAS SECUNDARIAS/Pruebas SST/Diligenciar_una_inspección/a_Responsable_form_datobasicoinspeccionj_idt599' is clicked on

2022-03-29 19:04:29 - [TEST_STEP][PASSED] - setText(findTestObject("M-OBJECTS TAREAS SECUNDARIAS/Pruebas SST/Diligenciar_una_inspección/input_Filtro Hoja de Vida_formPopupHojaVidaj_idt895"), "A A A"): Text 'A A A' is set on object 'Object Repository/M-OBJECTS TAREAS SECUNDARIAS/Pruebas SST/Diligenciar_una_inspección/input_Filtro Hoja de Vida_formPopupHojaVidaj_idt895'

2022-03-29 19:04:31 - [MESSAGE][PASSED] - Text 'A A A' is set on object 'Object Repository/M-OBJECTS TAREAS SECUNDARIAS/Pruebas SST/Diligenciar_una_inspección/input_Filtro Hoja de Vida_formPopupHojaVidaj_idt895'

2022-03-29 19:04:31 - [TEST_STEP][PASSED] - sendKeys(findTestObject("M-OBJECTS TAREAS SECUNDARIAS/Pruebas SST/Diligenciar_una_inspección/input_Filtro Hoja de Vida_formPopupHojaVidaj_idt895"), Keys.chord(ENTER)): Keys 'ENTER + ' sent to object: 'Object Repository/M-OBJECTS TAREAS SECUNDARIAS/Pruebas SST/Diligenciar_una_inspección/input_Filtro Hoja de Vida_formPopupHojaVidaj_idt895'

2022-03-29 19:04:31 - [MESSAGE][PASSED] - Keys 'ENTER + ' sent to object: 'Object Repository/M-OBJECTS TAREAS SECUNDARIAS/Pruebas SST/Diligenciar_una_inspección/input_Filtro Hoja de Vida_formPopupHojaVidaj_idt895'

2022-03-29 19:04:31 - [TEST_STEP][PASSED] - click(findTestObject("M-OBJECTS TAREAS SECUNDARIAS/Pruebas SST/Diligenciar_una_inspección/span_A A A")): Object: 'Object Repository/M-OBJECTS TAREAS SECUNDARIAS/Pruebas SST/Diligenciar_una_inspección/span_A A A' is clicked on

2022-03-29 19:04:32 - [MESSAGE][PASSED] - Object: 'Object Repository/M-OBJECTS TAREAS SECUNDARIAS/Pruebas SST/Diligenciar_una_inspección/span_A A A' is clicked on

2022-03-29 19:04:32 - [TEST_STEP][PASSED] - selectOptionByIndex(findTestObject("M-OBJECTS TAREAS SECUNDARIAS/Pruebas SST/Diligenciar_una_inspección/select_Seleccionar001002003GESTIN HSE1"), 1): All options with index in [1] are selected on object 'Object Repository/M-OBJECTS TAREAS SECUNDARIAS/Pruebas SST/Diligenciar_una_inspección/select_Seleccionar001002003GESTIN HSE1'

2022-03-29 19:04:34 - [MESSAGE][PASSED] - All options with index in [1] are selected on object 'Object Repository/M-OBJECTS TAREAS SECUNDARIAS/Pruebas SST/Diligenciar_una_inspección/select_Seleccionar001002003GESTIN HSE1'

2022-03-29 19:04:34 - [TEST_STEP][PASSED] - click(findTestObject("M-OBJECTS TAREAS SECUNDARIAS/Pruebas SST/Diligenciar_una_inspección/a_Formulario_form_datobasicoinspeccionj_idt6181")): Object: 'Object Repository/M-OBJECTS TAREAS SECUNDARIAS/Pruebas SST/Diligenciar_una_inspección/a_Formulario_form_datobasicoinspeccionj_idt6181' is clicked on

2022-03-29 19:04:35 - [MESSAGE][PASSED] - Object: 'Object Repository/M-OBJECTS TAREAS SECUNDARIAS/Pruebas SST/Diligenciar_una_inspección/a_Formulario_form_datobasicoinspeccionj_idt6181' is clicked on

2022-03-29 19:04:35 - [TEST_STEP][PASSED] - setText(findTestObject("M-OBJECTS TAREAS SECUNDARIAS/Pruebas SST/Diligenciar_una_inspección/input_Filtro Hoja de Vida_formPopupHojaVidaj_idt8951"), " A A A"): Text ' A A A' is set on object 'Object Repository/M-OBJECTS TAREAS SECUNDARIAS/Pruebas SST/Diligenciar_una_inspección/input_Filtro Hoja de Vida_formPopupHojaVidaj_idt8951'

2022-03-29 19:04:36 - [MESSAGE][PASSED] - Text ' A A A' is set on object 'Object Repository/M-OBJECTS TAREAS SECUNDARIAS/Pruebas SST/Diligenciar_una_inspección/input_Filtro Hoja de Vida_formPopupHojaVidaj_idt8951'

2022-03-29 19:04:36 - [TEST_STEP][PASSED] - sendKeys(findTestObject("M-OBJECTS TAREAS SECUNDARIAS/Pruebas SST/Diligenciar_una_inspección/input_Filtro Hoja de Vida_formPopupHojaVidaj_idt8951"), Keys.chord(ENTER)): Keys 'ENTER + ' sent to object: 'Object Repository/M-OBJECTS TAREAS SECUNDARIAS/Pruebas SST/Diligenciar_una_inspección/input_Filtro Hoja de Vida_formPopupHojaVidaj_idt8951'

2022-03-29 19:04:36 - [MESSAGE][PASSED] - Keys 'ENTER + ' sent to object: 'Object Repository/M-OBJECTS TAREAS SECUNDARIAS/Pruebas SST/Diligenciar_una_inspección/input_Filtro Hoja de Vida_formPopupHojaVidaj_idt8951'

2022-03-29 19:04:36 - [TEST_STEP][PASSED] - click(findTestObject("M-OBJECTS TAREAS SECUNDARIAS/Pruebas SST/Diligenciar_una_inspección/span_A A A")): Object: 'Object Repository/M-OBJECTS TAREAS SECUNDARIAS/Pruebas SST/Diligenciar_una_inspección/span_A A A' is clicked on

2022-03-29 19:04:37 - [MESSAGE][PASSED] - Object: 'Object Repository/M-OBJECTS TAREAS SECUNDARIAS/Pruebas SST/Diligenciar_una_inspección/span_A A A' is clicked on

2022-03-29 19:04:37 - [TEST_STEP][PASSED] - setText(findTestObject("M-OBJECTS TAREAS SECUNDARIAS/Pruebas SST/Diligenciar_una_inspección/input_Fecha_form_datobasicoinspeccionfecha_input"), "01/07/2021"): Text '01/07/2021' is set on object 'Object Repository/M-OBJECTS TAREAS SECUNDARIAS/Pruebas SST/Diligenciar_una_inspección/input_Fecha_form_datobasicoinspeccionfecha_input'

2022-03-29 19:04:38 - [MESSAGE][PASSED] - Text '01/07/2021' is set on object 'Object Repository/M-OBJECTS TAREAS SECUNDARIAS/Pruebas SST/Diligenciar_una_inspección/input_Fecha_form_datobasicoinspeccionfecha_input'

2022-03-29 19:04:38 - [TEST_STEP][PASSED] - click(findTestObject("M-OBJECTS TAREAS SECUNDARIAS/Pruebas SST/Diligenciar_una_inspección/a_Guardar")): Object: 'Object Repository/M-OBJECTS TAREAS SECUNDARIAS/Pruebas SST/Diligenciar_una_inspección/a_Guardar' is clicked on

2022-03-29 19:04:39 - [MESSAGE][PASSED] - Object: 'Object Repository/M-OBJECTS TAREAS SECUNDARIAS/Pruebas SST/Diligenciar_una_inspección/a_Guardar' is clicked on

2022-03-29 19:04:39 - [TEST_STEP][PASSED] - click(findTestObject("M-OBJECTS TAREAS SECUNDARIAS/Pruebas SST/Diligenciar_una_inspección/a_Programacin")): Object: 'Object Repository/M-OBJECTS TAREAS SECUNDARIAS/Pruebas SST/Diligenciar_una_inspección/a_Programacin' is clicked on

2022-03-29 19:04:40 - [MESSAGE][PASSED] - Object: 'Object Repository/M-OBJECTS TAREAS SECUNDARIAS/Pruebas SST/Diligenciar_una_inspección/a_Programacin' is clicked on

2022-03-29 19:04:40 - [TEST_STEP][PASSED] - click(findTestObject("M-OBJECTS TAREAS SECUNDARIAS/Pruebas SST/Diligenciar_una_inspección/a_Nuevo1")): Object: 'Object Repository/M-OBJECTS TAREAS SECUNDARIAS/Pruebas SST/Diligenciar_una_inspección/a_Nuevo1' is clicked on

2022-03-29 19:04:41 - [MESSAGE][PASSED] - Object: 'Object Repository/M-OBJECTS TAREAS SECUNDARIAS/Pruebas SST/Diligenciar_una_inspección/a_Nuevo1' is clicked on

2022-03-29 19:04:41 - [TEST_STEP][PASSED] - click(findTestObject("M-OBJECTS TAREAS SECUNDARIAS/Pruebas SST/Diligenciar_una_inspección/a_Responsable_form_detalleProgramacionXj_idt714")): Object: 'Object Repository/M-OBJECTS TAREAS SECUNDARIAS/Pruebas SST/Diligenciar_una_inspección/a_Responsable_form_detalleProgramacionXj_idt714' is clicked on

2022-03-29 19:04:42 - [MESSAGE][PASSED] - Object: 'Object Repository/M-OBJECTS TAREAS SECUNDARIAS/Pruebas SST/Diligenciar_una_inspección/a_Responsable_form_detalleProgramacionXj_idt714' is clicked on

2022-03-29 19:04:42 - [TEST_STEP][PASSED] - setText(findTestObject("M-OBJECTS TAREAS SECUNDARIAS/Pruebas SST/Diligenciar_una_inspección/input_Filtro Hoja de Vida_formPopupHojaVidaj_idt8953"), "A A A"): Text 'A A A' is set on object 'Object Repository/M-OBJECTS TAREAS SECUNDARIAS/Pruebas SST/Diligenciar_una_inspección/input_Filtro Hoja de Vida_formPopupHojaVidaj_idt8953'

2022-03-29 19:04:43 - [MESSAGE][PASSED] - Text 'A A A' is set on object 'Object Repository/M-OBJECTS TAREAS SECUNDARIAS/Pruebas SST/Diligenciar_una_inspección/input_Filtro Hoja de Vida_formPopupHojaVidaj_idt8953'

2022-03-29 19:04:43 - [TEST_STEP][PASSED] - sendKeys(findTestObject("M-OBJECTS TAREAS SECUNDARIAS/Pruebas SST/Diligenciar_una_inspección/input_Filtro Hoja de Vida_formPopupHojaVidaj_idt8953"), Keys.chord(ENTER)): Keys 'ENTER + ' sent to object: 'Object Repository/M-OBJECTS TAREAS SECUNDARIAS/Pruebas SST/Diligenciar_una_inspección/input_Filtro Hoja de Vida_formPopupHojaVidaj_idt8953'

2022-03-29 19:04:43 - [MESSAGE][PASSED] - Keys 'ENTER + ' sent to object: 'Object Repository/M-OBJECTS TAREAS SECUNDARIAS/Pruebas SST/Diligenciar_una_inspección/input_Filtro Hoja de Vida_formPopupHojaVidaj_idt8953'

2022-03-29 19:04:43 - [TEST_STEP][PASSED] - click(findTestObject("M-OBJECTS TAREAS SECUNDARIAS/Pruebas SST/Diligenciar_una_inspección/span_A A A3")): Object: 'Object Repository/M-OBJECTS TAREAS SECUNDARIAS/Pruebas SST/Diligenciar_una_inspección/span_A A A3' is clicked on

2022-03-29 19:04:44 - [MESSAGE][PASSED] - Object: 'Object Repository/M-OBJECTS TAREAS SECUNDARIAS/Pruebas SST/Diligenciar_una_inspección/span_A A A3' is clicked on

2022-03-29 19:04:44 - [TEST_STEP][PASSED] - setText(findTestObject("M-OBJECTS TAREAS SECUNDARIAS/Pruebas SST/Diligenciar_una_inspección/input_Fecha Programacin_form_detalleProgramacionXprogramacionf_input"), "01/07/2021"): Text '01/07/2021' is set on object 'Object Repository/M-OBJECTS TAREAS SECUNDARIAS/Pruebas SST/Diligenciar_una_inspección/input_Fecha Programacin_form_detalleProgramacionXprogramacionf_input'

2022-03-29 19:04:46 - [MESSAGE][PASSED] - Text '01/07/2021' is set on object 'Object Repository/M-OBJECTS TAREAS SECUNDARIAS/Pruebas SST/Diligenciar_una_inspección/input_Fecha Programacin_form_detalleProgramacionXprogramacionf_input'

2022-03-29 19:04:46 - [TEST_STEP][PASSED] - setText(findTestObject("M-OBJECTS TAREAS SECUNDARIAS/Pruebas SST/Diligenciar_una_inspección/input_Nmero_form_detalleProgramacionXnumero"), "5"): Text '5' is set on object 'Object Repository/M-OBJECTS TAREAS SECUNDARIAS/Pruebas SST/Diligenciar_una_inspección/input_Nmero_form_detalleProgramacionXnumero'

2022-03-29 19:04:47 - [MESSAGE][PASSED] - Text '5' is set on object 'Object Repository/M-OBJECTS TAREAS SECUNDARIAS/Pruebas SST/Diligenciar_una_inspección/input_Nmero_form_detalleProgramacionXnumero'

2022-03-29 19:04:47 - [TEST_STEP][PASSED] - click(findTestObject("M-OBJECTS TAREAS SECUNDARIAS/Pruebas SST/Diligenciar_una_inspección/a_Guardar1")): Object: 'Object Repository/M-OBJECTS TAREAS SECUNDARIAS/Pruebas SST/Diligenciar_una_inspección/a_Guardar1' is clicked on

2022-03-29 19:04:47 - [MESSAGE][PASSED] - Object: 'Object Repository/M-OBJECTS TAREAS SECUNDARIAS/Pruebas SST/Diligenciar_una_inspección/a_Guardar1' is clicked on

2022-03-29 19:04:47 - [TEST_STEP][PASSED] - click(findTestObject("M-OBJECTS TAREAS SECUNDARIAS/Pruebas SST/Diligenciar_una_inspección/a_Evidencias")): Object: 'Object Repository/M-OBJECTS TAREAS SECUNDARIAS/Pruebas SST/Diligenciar_una_inspección/a_Evidencias' is clicked on

2022-03-29 19:04:48 - [MESSAGE][PASSED] - Object: 'Object Repository/M-OBJECTS TAREAS SECUNDARIAS/Pruebas SST/Diligenciar_una_inspección/a_Evidencias' is clicked on

2022-03-29 19:04:48 - [TEST_STEP][PASSED] - click(findTestObject("M-OBJECTS TAREAS SECUNDARIAS/Pruebas SST/Diligenciar_una_inspección/a_subir")): Object: 'Object Repository/M-OBJECTS TAREAS SECUNDARIAS/Pruebas SST/Diligenciar_una_inspección/a_subir' is clicked on

2022-03-29 19:04:49 - [MESSAGE][PASSED] - Object: 'Object Repository/M-OBJECTS TAREAS SECUNDARIAS/Pruebas SST/Diligenciar_una_inspección/a_subir' is clicked on

2022-03-29 19:04:49 - [TEST_STEP][PASSED] - ruta = G_rutaarchivos + "prueba.pdf": null

2022-03-29 19:04:49 - [TEST_STEP][PASSED] - uploadFile(findTestObject("M-OBJECTS TAREAS SECUNDARIAS/Pruebas SST/Diligenciar_una_inspección/input_Cargar Archivo_popupCargarArchivoForminputFileName_input"), ruta): File 'E:\unionweb14\prueba.pdf' sent to object: 'Object Repository/M-OBJECTS TAREAS SECUNDARIAS/Pruebas SST/Diligenciar_una_inspección/input_Cargar Archivo_popupCargarArchivoForminputFileName_input'

2022-03-29 19:04:50 - [MESSAGE][PASSED] - File 'E:\unionweb14\prueba.pdf' sent to object: 'Object Repository/M-OBJECTS TAREAS SECUNDARIAS/Pruebas SST/Diligenciar_una_inspección/input_Cargar Archivo_popupCargarArchivoForminputFileName_input'

2022-03-29 19:04:50 - [TEST_STEP][PASSED] - setText(findTestObject("M-OBJECTS TAREAS SECUNDARIAS/Pruebas SST/Diligenciar_una_inspección/input_Descargar_form_evidenciastabladescripcion"), "pruebas k"): Text 'pruebas k' is set on object 'Object Repository/M-OBJECTS TAREAS SECUNDARIAS/Pruebas SST/Diligenciar_una_inspección/input_Descargar_form_evidenciastabladescripcion'

2022-03-29 19:04:51 - [MESSAGE][PASSED] - Text 'pruebas k' is set on object 'Object Repository/M-OBJECTS TAREAS SECUNDARIAS/Pruebas SST/Diligenciar_una_inspección/input_Descargar_form_evidenciastabladescripcion'

2022-03-29 19:04:51 - [TEST_STEP][PASSED] - click(findTestObject("M-OBJECTS TAREAS SECUNDARIAS/Pruebas SST/Diligenciar_una_inspección/a_Descargar_form_evidenciastablaj_idt776")): Object: 'Object Repository/M-OBJECTS TAREAS SECUNDARIAS/Pruebas SST/Diligenciar_una_inspección/a_Descargar_form_evidenciastablaj_idt776' is clicked on

2022-03-29 19:04:52 - [MESSAGE][PASSED] - Object: 'Object Repository/M-OBJECTS TAREAS SECUNDARIAS/Pruebas SST/Diligenciar_una_inspección/a_Descargar_form_evidenciastablaj_idt776' is clicked on

2022-03-29 19:04:52 - [TEST_STEP][PASSED] - closeBrowser(): Browser is closed

2022-03-29 19:04:52 - [MESSAGE][PASSED] - Browser is closed]]></system-out>
         <system-err><![CDATA[]]></system-err>
      </testcase>
      <testcase name="Test Cases/1.2-Tareas_Secundarias/5.1-Pruebas_SST/5.1.6-Crear_una_entidad_de_riesgo_sst" time="70.013" classname="Test Cases/1.2-Tareas_Secundarias/5.1-Pruebas_SST/5.1.6-Crear_una_entidad_de_riesgo_sst" status="PASSED">
         <system-out><![CDATA[2022-03-29 19:04:52 - [TEST_CASE][PASSED] - Test Cases/1.2-Tareas_Secundarias/5.1-Pruebas_SST/5.1.6-Crear_una_entidad_de_riesgo_sst: Test Cases/1.2-Tareas_Secundarias/5.1-Pruebas_SST/5.1.6-Crear_una_entidad_de_riesgo_sst

2022-03-29 19:04:53 - [TEST_STEP][PASSED] - callTestCase(findTestCase("0.1-Login"), [:], STOP_ON_FAILURE): Call Test Case 'Test Cases/0.1-Login' successfully

2022-03-29 19:04:53 - [TEST_CASE][PASSED] - Test Cases/0.1-Login: Test Cases/0.1-Login

2022-03-29 19:04:53 - [TEST_STEP][PASSED] - openBrowser(""): Browser is opened with url: ''

2022-03-29 19:04:53 - [MESSAGE][INFO] - Starting 'Chrome' driver

2022-03-29 19:04:53 - [MESSAGE][INFO] - Action delay is set to 50 milliseconds

2022-03-29 19:04:54 - [MESSAGE][PASSED] - Browser is opened with url: ''

2022-03-29 19:04:54 - [TEST_STEP][PASSED] - maximizeWindow(): Current window maximized

2022-03-29 19:04:54 - [MESSAGE][PASSED] - Current window maximized

2022-03-29 19:04:54 - [TEST_STEP][PASSED] - i = G_Login: null

2022-03-29 19:04:54 - [TEST_STEP][PASSED] - url = new java.net.URL(i): null

2022-03-29 19:04:54 - [TEST_STEP][PASSED] - println("URL: " + url.toString()): null

2022-03-29 19:04:54 - [TEST_STEP][PASSED] - connection = url.openConnection(): null

2022-03-29 19:04:54 - [TEST_STEP][PASSED] - connection.setRequestMethod("GET"): null

2022-03-29 19:04:54 - [TEST_STEP][PASSED] - connection.setReadTimeout(2 * 1000): null

2022-03-29 19:04:54 - [TEST_STEP][PASSED] - try: null

2022-03-29 19:04:54 - [TEST_STEP][PASSED] - connection.connect(): null

2022-03-29 19:04:54 - [TEST_STEP][PASSED] - flag = connected: null

2022-03-29 19:04:54 - [TEST_STEP][PASSED] - println("Valor_ori: " + flag): null

2022-03-29 19:04:54 - [TEST_STEP][PASSED] - if (flag): null

2022-03-29 19:04:54 - [TEST_STEP][PASSED] - navigateToUrl(i): Navigate to 'http://192.168.2.19:8380/saraweb' successfully

2022-03-29 19:04:55 - [MESSAGE][PASSED] - Navigate to 'http://192.168.2.19:8380/saraweb' successfully

2022-03-29 19:04:55 - [TEST_STEP][PASSED] - a(): null

2022-03-29 19:04:55 - [TEST_STEP][PASSED] - setText(findTestObject("Login/input_USUARIO_loginusuario"), G_Usuario): Text 'saraadmin' is set on object 'Object Repository/Login/input_USUARIO_loginusuario'

2022-03-29 19:04:56 - [MESSAGE][PASSED] - Text 'saraadmin' is set on object 'Object Repository/Login/input_USUARIO_loginusuario'

2022-03-29 19:04:56 - [TEST_STEP][PASSED] - setEncryptedText(findTestObject("Login/input_CLAVE_loginpassword"), "MkG4/TYiCFC3cb2driP7+Q=="): Text ****** has been set on object 'Object Repository/Login/input_CLAVE_loginpassword'

2022-03-29 19:04:56 - [MESSAGE][PASSED] - Text ****** has been set on object 'Object Repository/Login/input_CLAVE_loginpassword'

2022-03-29 19:04:56 - [TEST_STEP][PASSED] - waitForElementClickable(findTestObject("Login/a_Ingresar"), G_TimeOut): Object 'Object Repository/Login/a_Ingresar' is clickable

2022-03-29 19:04:57 - [MESSAGE][PASSED] - Object 'Object Repository/Login/a_Ingresar' is clickable

2022-03-29 19:04:57 - [TEST_STEP][PASSED] - click(findTestObject("Login/a_Ingresar")): Object: 'Object Repository/Login/a_Ingresar' is clicked on

2022-03-29 19:04:58 - [MESSAGE][PASSED] - Object: 'Object Repository/Login/a_Ingresar' is clicked on

2022-03-29 19:04:58 - [TEST_STEP][PASSED] - element = findWebElement(findTestObject("Login/a_Ir"), 30): null

2022-03-29 19:04:58 - [TEST_STEP][PASSED] - executeJavaScript("arguments[0].click()", Arrays.asList(element)): Execute JavaScript 'arguments[0].click()' successfully

2022-03-29 19:04:59 - [MESSAGE][PASSED] - Execute JavaScript 'arguments[0].click()' successfully

2022-03-29 19:04:59 - [MESSAGE][PASSED] - Call Test Case 'Test Cases/0.1-Login' successfully

2022-03-29 19:04:59 - [TEST_STEP][PASSED] - setText(findTestObject("M-OBJECTS TAREAS SECUNDARIAS/Pruebas SST/Reporte_de_accidente_de_trabajo/input_ADMINISTRADOR DEL SISTEMA - SARA_form_templatej_idt24_input"), "entidades riesgo"): Text 'entidades riesgo' is set on object 'Object Repository/M-OBJECTS TAREAS SECUNDARIAS/Pruebas SST/Reporte_de_accidente_de_trabajo/input_ADMINISTRADOR DEL SISTEMA - SARA_form_templatej_idt24_input'

2022-03-29 19:05:00 - [MESSAGE][PASSED] - Text 'entidades riesgo' is set on object 'Object Repository/M-OBJECTS TAREAS SECUNDARIAS/Pruebas SST/Reporte_de_accidente_de_trabajo/input_ADMINISTRADOR DEL SISTEMA - SARA_form_templatej_idt24_input'

2022-03-29 19:05:00 - [TEST_STEP][PASSED] - waitForElementVisible(findTestObject("M-OBJECTS TAREAS SECUNDARIAS/Pruebas SST/Crear_una_entidad_de_riesgo_sst/span_entidad riesgo"), 0): Object 'Object Repository/M-OBJECTS TAREAS SECUNDARIAS/Pruebas SST/Crear_una_entidad_de_riesgo_sst/span_entidad riesgo' is visible

2022-03-29 19:05:00 - [MESSAGE][WARNING] - Timeout '0' is invalid. Using default page load timeout: '45'

2022-03-29 19:05:01 - [MESSAGE][PASSED] - Object 'Object Repository/M-OBJECTS TAREAS SECUNDARIAS/Pruebas SST/Crear_una_entidad_de_riesgo_sst/span_entidad riesgo' is visible

2022-03-29 19:05:01 - [TEST_STEP][PASSED] - click(findTestObject("M-OBJECTS TAREAS SECUNDARIAS/Pruebas SST/Crear_una_entidad_de_riesgo_sst/span_entidad riesgo")): Object: 'Object Repository/M-OBJECTS TAREAS SECUNDARIAS/Pruebas SST/Crear_una_entidad_de_riesgo_sst/span_entidad riesgo' is clicked on

2022-03-29 19:05:02 - [MESSAGE][PASSED] - Object: 'Object Repository/M-OBJECTS TAREAS SECUNDARIAS/Pruebas SST/Crear_una_entidad_de_riesgo_sst/span_entidad riesgo' is clicked on

2022-03-29 19:05:02 - [TEST_STEP][PASSED] - setText(findTestObject("M-OBJECTS TAREAS SECUNDARIAS/Pruebas SST/Crear_una_entidad_de_riesgo_sst/input_Nombre_form_entidadRiesgoj_idt59"), "pruebas k"): Text 'pruebas k' is set on object 'Object Repository/M-OBJECTS TAREAS SECUNDARIAS/Pruebas SST/Crear_una_entidad_de_riesgo_sst/input_Nombre_form_entidadRiesgoj_idt59'

2022-03-29 19:05:03 - [MESSAGE][PASSED] - Text 'pruebas k' is set on object 'Object Repository/M-OBJECTS TAREAS SECUNDARIAS/Pruebas SST/Crear_una_entidad_de_riesgo_sst/input_Nombre_form_entidadRiesgoj_idt59'

2022-03-29 19:05:03 - [TEST_STEP][PASSED] - sendKeys(findTestObject("M-OBJECTS TAREAS SECUNDARIAS/Pruebas SST/Crear_una_entidad_de_riesgo_sst/input_Nombre_form_entidadRiesgoj_idt59"), Keys.chord(ENTER)): Keys 'ENTER + ' sent to object: 'Object Repository/M-OBJECTS TAREAS SECUNDARIAS/Pruebas SST/Crear_una_entidad_de_riesgo_sst/input_Nombre_form_entidadRiesgoj_idt59'

2022-03-29 19:05:04 - [MESSAGE][PASSED] - Keys 'ENTER + ' sent to object: 'Object Repository/M-OBJECTS TAREAS SECUNDARIAS/Pruebas SST/Crear_una_entidad_de_riesgo_sst/input_Nombre_form_entidadRiesgoj_idt59'

2022-03-29 19:05:04 - [TEST_STEP][PASSED] - if (waitForElementPresent(findTestObject("M-OBJECTS TAREAS SECUNDARIAS/Pruebas SST/Crear_una_entidad_de_riesgo_sst/td_PRUEBAS K"), 1)): null

2022-03-29 19:05:05 - [MESSAGE][PASSED] - Object 'Object Repository/M-OBJECTS TAREAS SECUNDARIAS/Pruebas SST/Crear_una_entidad_de_riesgo_sst/td_PRUEBAS K' is present

2022-03-29 19:05:05 - [TEST_STEP][PASSED] - click(findTestObject("M-OBJECTS TAREAS SECUNDARIAS/Pruebas SST/Crear_una_entidad_de_riesgo_sst/td_PRUEBAS K")): Object: 'Object Repository/M-OBJECTS TAREAS SECUNDARIAS/Pruebas SST/Crear_una_entidad_de_riesgo_sst/td_PRUEBAS K' is clicked on

2022-03-29 19:05:05 - [MESSAGE][PASSED] - Object: 'Object Repository/M-OBJECTS TAREAS SECUNDARIAS/Pruebas SST/Crear_una_entidad_de_riesgo_sst/td_PRUEBAS K' is clicked on

2022-03-29 19:05:05 - [TEST_STEP][PASSED] - click(findTestObject("M-OBJECTS TAREAS SECUNDARIAS/Pruebas SST/Crear_una_entidad_de_riesgo_sst/a_Seguimiento")): Object: 'Object Repository/M-OBJECTS TAREAS SECUNDARIAS/Pruebas SST/Crear_una_entidad_de_riesgo_sst/a_Seguimiento' is clicked on

2022-03-29 19:05:07 - [MESSAGE][PASSED] - Object: 'Object Repository/M-OBJECTS TAREAS SECUNDARIAS/Pruebas SST/Crear_una_entidad_de_riesgo_sst/a_Seguimiento' is clicked on

2022-03-29 19:05:07 - [TEST_STEP][PASSED] - if (waitForElementPresent(findTestObject("M-OBJECTS TAREAS SECUNDARIAS/Pruebas SST/Crear_una_entidad_de_riesgo_sst/td_DIAZ BLANCO GUISELL"), 1)): null

2022-03-29 19:05:07 - [MESSAGE][PASSED] - Object 'Object Repository/M-OBJECTS TAREAS SECUNDARIAS/Pruebas SST/Crear_una_entidad_de_riesgo_sst/td_DIAZ BLANCO GUISELL' is present

2022-03-29 19:05:07 - [TEST_STEP][PASSED] - click(findTestObject("M-OBJECTS TAREAS SECUNDARIAS/Pruebas SST/Crear_una_entidad_de_riesgo_sst/td_DIAZ BLANCO GUISELL")): Object: 'Object Repository/M-OBJECTS TAREAS SECUNDARIAS/Pruebas SST/Crear_una_entidad_de_riesgo_sst/td_DIAZ BLANCO GUISELL' is clicked on

2022-03-29 19:05:08 - [MESSAGE][PASSED] - Object: 'Object Repository/M-OBJECTS TAREAS SECUNDARIAS/Pruebas SST/Crear_una_entidad_de_riesgo_sst/td_DIAZ BLANCO GUISELL' is clicked on

2022-03-29 19:05:08 - [TEST_STEP][PASSED] - click(findTestObject("M-OBJECTS TAREAS SECUNDARIAS/Pruebas SST/Crear_una_entidad_de_riesgo_sst/a_Eliminar1")): Object: 'Object Repository/M-OBJECTS TAREAS SECUNDARIAS/Pruebas SST/Crear_una_entidad_de_riesgo_sst/a_Eliminar1' is clicked on

2022-03-29 19:05:09 - [MESSAGE][PASSED] - Object: 'Object Repository/M-OBJECTS TAREAS SECUNDARIAS/Pruebas SST/Crear_una_entidad_de_riesgo_sst/a_Eliminar1' is clicked on

2022-03-29 19:05:09 - [TEST_STEP][PASSED] - click(findTestObject("M-OBJECTS TAREAS SECUNDARIAS/Pruebas SST/Crear_una_entidad_de_riesgo_sst/a_Aceptar1")): Object: 'Object Repository/M-OBJECTS TAREAS SECUNDARIAS/Pruebas SST/Crear_una_entidad_de_riesgo_sst/a_Aceptar1' is clicked on

2022-03-29 19:05:09 - [MESSAGE][PASSED] - Object: 'Object Repository/M-OBJECTS TAREAS SECUNDARIAS/Pruebas SST/Crear_una_entidad_de_riesgo_sst/a_Aceptar1' is clicked on

2022-03-29 19:05:09 - [TEST_STEP][PASSED] - click(findTestObject("M-OBJECTS TAREAS SECUNDARIAS/Pruebas SST/Crear_una_entidad_de_riesgo_sst/a_Entidad de Riesgo")): Object: 'Object Repository/M-OBJECTS TAREAS SECUNDARIAS/Pruebas SST/Crear_una_entidad_de_riesgo_sst/a_Entidad de Riesgo' is clicked on

2022-03-29 19:05:10 - [MESSAGE][PASSED] - Object: 'Object Repository/M-OBJECTS TAREAS SECUNDARIAS/Pruebas SST/Crear_una_entidad_de_riesgo_sst/a_Entidad de Riesgo' is clicked on

2022-03-29 19:05:10 - [TEST_STEP][PASSED] - if (waitForElementVisible(findTestObject("M-OBJECTS TAREAS SECUNDARIAS/Pruebas SST/Crear_una_entidad_de_riesgo_sst/a_Eliminar1"), 1)): null

2022-03-29 19:05:11 - [MESSAGE][PASSED] - Object 'Object Repository/M-OBJECTS TAREAS SECUNDARIAS/Pruebas SST/Crear_una_entidad_de_riesgo_sst/a_Eliminar1' is visible

2022-03-29 19:05:11 - [TEST_STEP][PASSED] - click(findTestObject("M-OBJECTS TAREAS SECUNDARIAS/Pruebas SST/Crear_una_entidad_de_riesgo_sst/a_Eliminar1")): Object: 'Object Repository/M-OBJECTS TAREAS SECUNDARIAS/Pruebas SST/Crear_una_entidad_de_riesgo_sst/a_Eliminar1' is clicked on

2022-03-29 19:05:11 - [MESSAGE][PASSED] - Object: 'Object Repository/M-OBJECTS TAREAS SECUNDARIAS/Pruebas SST/Crear_una_entidad_de_riesgo_sst/a_Eliminar1' is clicked on

2022-03-29 19:05:11 - [TEST_STEP][PASSED] - click(findTestObject("M-OBJECTS TAREAS SECUNDARIAS/Pruebas SST/Crear_una_entidad_de_riesgo_sst/a_Aceptar1")): Object: 'Object Repository/M-OBJECTS TAREAS SECUNDARIAS/Pruebas SST/Crear_una_entidad_de_riesgo_sst/a_Aceptar1' is clicked on

2022-03-29 19:05:12 - [MESSAGE][PASSED] - Object: 'Object Repository/M-OBJECTS TAREAS SECUNDARIAS/Pruebas SST/Crear_una_entidad_de_riesgo_sst/a_Aceptar1' is clicked on

2022-03-29 19:05:12 - [TEST_STEP][PASSED] - click(findTestObject("M-OBJECTS TAREAS SECUNDARIAS/Pruebas SST/Crear_una_entidad_de_riesgo_sst/a_Regresar")): Object: 'Object Repository/M-OBJECTS TAREAS SECUNDARIAS/Pruebas SST/Crear_una_entidad_de_riesgo_sst/a_Regresar' is clicked on

2022-03-29 19:05:13 - [MESSAGE][PASSED] - Object: 'Object Repository/M-OBJECTS TAREAS SECUNDARIAS/Pruebas SST/Crear_una_entidad_de_riesgo_sst/a_Regresar' is clicked on

2022-03-29 19:05:13 - [TEST_STEP][PASSED] - click(findTestObject("M-OBJECTS TAREAS SECUNDARIAS/Pruebas SST/Crear_una_entidad_de_riesgo_sst/a_Nuevo")): Object: 'Object Repository/M-OBJECTS TAREAS SECUNDARIAS/Pruebas SST/Crear_una_entidad_de_riesgo_sst/a_Nuevo' is clicked on

2022-03-29 19:05:14 - [MESSAGE][PASSED] - Object: 'Object Repository/M-OBJECTS TAREAS SECUNDARIAS/Pruebas SST/Crear_una_entidad_de_riesgo_sst/a_Nuevo' is clicked on

2022-03-29 19:05:14 - [TEST_STEP][PASSED] - setText(findTestObject("M-OBJECTS TAREAS SECUNDARIAS/Pruebas SST/Crear_una_entidad_de_riesgo_sst/input_Cdigo_form_detalleEntidadRiesgocodigoInterno"), "5"): Text '5' is set on object 'Object Repository/M-OBJECTS TAREAS SECUNDARIAS/Pruebas SST/Crear_una_entidad_de_riesgo_sst/input_Cdigo_form_detalleEntidadRiesgocodigoInterno'

2022-03-29 19:05:15 - [MESSAGE][PASSED] - Text '5' is set on object 'Object Repository/M-OBJECTS TAREAS SECUNDARIAS/Pruebas SST/Crear_una_entidad_de_riesgo_sst/input_Cdigo_form_detalleEntidadRiesgocodigoInterno'

2022-03-29 19:05:15 - [TEST_STEP][PASSED] - setText(findTestObject("M-OBJECTS TAREAS SECUNDARIAS/Pruebas SST/Crear_una_entidad_de_riesgo_sst/input_Nombre_form_detalleEntidadRiesgodescripcion"), "PRUEBAS K"): Text 'PRUEBAS K' is set on object 'Object Repository/M-OBJECTS TAREAS SECUNDARIAS/Pruebas SST/Crear_una_entidad_de_riesgo_sst/input_Nombre_form_detalleEntidadRiesgodescripcion'

2022-03-29 19:05:16 - [MESSAGE][PASSED] - Text 'PRUEBAS K' is set on object 'Object Repository/M-OBJECTS TAREAS SECUNDARIAS/Pruebas SST/Crear_una_entidad_de_riesgo_sst/input_Nombre_form_detalleEntidadRiesgodescripcion'

2022-03-29 19:05:16 - [TEST_STEP][PASSED] - click(findTestObject("M-OBJECTS TAREAS SECUNDARIAS/Pruebas SST/Crear_una_entidad_de_riesgo_sst/a_Unidad Organizacional_form_detalleEntidadRiesgoj_idt6210")): Object: 'Object Repository/M-OBJECTS TAREAS SECUNDARIAS/Pruebas SST/Crear_una_entidad_de_riesgo_sst/a_Unidad Organizacional_form_detalleEntidadRiesgoj_idt6210' is clicked on

2022-03-29 19:05:17 - [MESSAGE][PASSED] - Object: 'Object Repository/M-OBJECTS TAREAS SECUNDARIAS/Pruebas SST/Crear_una_entidad_de_riesgo_sst/a_Unidad Organizacional_form_detalleEntidadRiesgoj_idt6210' is clicked on

2022-03-29 19:05:17 - [TEST_STEP][PASSED] - setText(findTestObject("M-OBJECTS TAREAS SECUNDARIAS/Pruebas SST/Crear_una_entidad_de_riesgo_sst/input_Unidad Organizacional_formPopUpUnidaddescripciones0"), "ADMINISTRACION"): Text 'ADMINISTRACION' is set on object 'Object Repository/M-OBJECTS TAREAS SECUNDARIAS/Pruebas SST/Crear_una_entidad_de_riesgo_sst/input_Unidad Organizacional_formPopUpUnidaddescripciones0'

2022-03-29 19:05:18 - [MESSAGE][PASSED] - Text 'ADMINISTRACION' is set on object 'Object Repository/M-OBJECTS TAREAS SECUNDARIAS/Pruebas SST/Crear_una_entidad_de_riesgo_sst/input_Unidad Organizacional_formPopUpUnidaddescripciones0'

2022-03-29 19:05:18 - [TEST_STEP][PASSED] - sendKeys(findTestObject("M-OBJECTS TAREAS SECUNDARIAS/Pruebas SST/Crear_una_entidad_de_riesgo_sst/input_Unidad Organizacional_formPopUpUnidaddescripciones0"), Keys.chord(ENTER)): Keys 'ENTER + ' sent to object: 'Object Repository/M-OBJECTS TAREAS SECUNDARIAS/Pruebas SST/Crear_una_entidad_de_riesgo_sst/input_Unidad Organizacional_formPopUpUnidaddescripciones0'

2022-03-29 19:05:18 - [MESSAGE][PASSED] - Keys 'ENTER + ' sent to object: 'Object Repository/M-OBJECTS TAREAS SECUNDARIAS/Pruebas SST/Crear_una_entidad_de_riesgo_sst/input_Unidad Organizacional_formPopUpUnidaddescripciones0'

2022-03-29 19:05:18 - [TEST_STEP][PASSED] - click(findTestObject("M-OBJECTS TAREAS SECUNDARIAS/Pruebas SST/Crear_una_entidad_de_riesgo_sst/span_ADMINISTRACION")): Object: 'Object Repository/M-OBJECTS TAREAS SECUNDARIAS/Pruebas SST/Crear_una_entidad_de_riesgo_sst/span_ADMINISTRACION' is clicked on

2022-03-29 19:05:19 - [MESSAGE][PASSED] - Object: 'Object Repository/M-OBJECTS TAREAS SECUNDARIAS/Pruebas SST/Crear_una_entidad_de_riesgo_sst/span_ADMINISTRACION' is clicked on

2022-03-29 19:05:19 - [TEST_STEP][PASSED] - selectOptionByIndex(findTestObject("M-OBJECTS TAREAS SECUNDARIAS/Pruebas SST/Crear_una_entidad_de_riesgo_sst/select_SeleccionarAREAS DE RIESGOAREAS SIN RIESGOPRUEBA SILVIA 1PRUEBA SILVIA 2"), 5): All options with index in [5] are selected on object 'Object Repository/M-OBJECTS TAREAS SECUNDARIAS/Pruebas SST/Crear_una_entidad_de_riesgo_sst/select_SeleccionarAREAS DE RIESGOAREAS SIN RIESGOPRUEBA SILVIA 1PRUEBA SILVIA 2'

2022-03-29 19:05:21 - [MESSAGE][PASSED] - All options with index in [5] are selected on object 'Object Repository/M-OBJECTS TAREAS SECUNDARIAS/Pruebas SST/Crear_una_entidad_de_riesgo_sst/select_SeleccionarAREAS DE RIESGOAREAS SIN RIESGOPRUEBA SILVIA 1PRUEBA SILVIA 2'

2022-03-29 19:05:21 - [TEST_STEP][PASSED] - selectOptionByIndex(findTestObject("M-OBJECTS TAREAS SECUNDARIAS/Pruebas SST/Crear_una_entidad_de_riesgo_sst/select_-- SELECCIONAR --SEDE NORTESEDE OCCIDENTESEDE SUR"), 1): All options with index in [1] are selected on object 'Object Repository/M-OBJECTS TAREAS SECUNDARIAS/Pruebas SST/Crear_una_entidad_de_riesgo_sst/select_-- SELECCIONAR --SEDE NORTESEDE OCCIDENTESEDE SUR'

2022-03-29 19:05:22 - [MESSAGE][PASSED] - All options with index in [1] are selected on object 'Object Repository/M-OBJECTS TAREAS SECUNDARIAS/Pruebas SST/Crear_una_entidad_de_riesgo_sst/select_-- SELECCIONAR --SEDE NORTESEDE OCCIDENTESEDE SUR'

2022-03-29 19:05:22 - [TEST_STEP][PASSED] - selectOptionByIndex(findTestObject("M-OBJECTS TAREAS SECUNDARIAS/Pruebas SST/Crear_una_entidad_de_riesgo_sst/select_-- SELECCIONAR --Aula InteligenteSala de JuntasSalon ExternoSalon Principal"), 1): All options with index in [1] are selected on object 'Object Repository/M-OBJECTS TAREAS SECUNDARIAS/Pruebas SST/Crear_una_entidad_de_riesgo_sst/select_-- SELECCIONAR --Aula InteligenteSala de JuntasSalon ExternoSalon Principal'

2022-03-29 19:05:23 - [MESSAGE][PASSED] - All options with index in [1] are selected on object 'Object Repository/M-OBJECTS TAREAS SECUNDARIAS/Pruebas SST/Crear_una_entidad_de_riesgo_sst/select_-- SELECCIONAR --Aula InteligenteSala de JuntasSalon ExternoSalon Principal'

2022-03-29 19:05:23 - [TEST_STEP][PASSED] - click(findTestObject("M-OBJECTS TAREAS SECUNDARIAS/Pruebas SST/Crear_una_entidad_de_riesgo_sst/a_Responsable_form_detalleEntidadRiesgoj_idt6320")): Object: 'Object Repository/M-OBJECTS TAREAS SECUNDARIAS/Pruebas SST/Crear_una_entidad_de_riesgo_sst/a_Responsable_form_detalleEntidadRiesgoj_idt6320' is clicked on

2022-03-29 19:05:24 - [MESSAGE][PASSED] - Object: 'Object Repository/M-OBJECTS TAREAS SECUNDARIAS/Pruebas SST/Crear_una_entidad_de_riesgo_sst/a_Responsable_form_detalleEntidadRiesgoj_idt6320' is clicked on

2022-03-29 19:05:24 - [TEST_STEP][PASSED] - setText(findTestObject("M-OBJECTS TAREAS SECUNDARIAS/Pruebas SST/Crear_una_entidad_de_riesgo_sst/input_Filtro Hoja de Vida_formPopupHojaVidaj_idt9270"), "A A A"): Text 'A A A' is set on object 'Object Repository/M-OBJECTS TAREAS SECUNDARIAS/Pruebas SST/Crear_una_entidad_de_riesgo_sst/input_Filtro Hoja de Vida_formPopupHojaVidaj_idt9270'

2022-03-29 19:05:25 - [MESSAGE][PASSED] - Text 'A A A' is set on object 'Object Repository/M-OBJECTS TAREAS SECUNDARIAS/Pruebas SST/Crear_una_entidad_de_riesgo_sst/input_Filtro Hoja de Vida_formPopupHojaVidaj_idt9270'

2022-03-29 19:05:25 - [TEST_STEP][PASSED] - sendKeys(findTestObject("M-OBJECTS TAREAS SECUNDARIAS/Pruebas SST/Crear_una_entidad_de_riesgo_sst/input_Filtro Hoja de Vida_formPopupHojaVidaj_idt9270"), Keys.chord(ENTER)): Keys 'ENTER + ' sent to object: 'Object Repository/M-OBJECTS TAREAS SECUNDARIAS/Pruebas SST/Crear_una_entidad_de_riesgo_sst/input_Filtro Hoja de Vida_formPopupHojaVidaj_idt9270'

2022-03-29 19:05:26 - [MESSAGE][PASSED] - Keys 'ENTER + ' sent to object: 'Object Repository/M-OBJECTS TAREAS SECUNDARIAS/Pruebas SST/Crear_una_entidad_de_riesgo_sst/input_Filtro Hoja de Vida_formPopupHojaVidaj_idt9270'

2022-03-29 19:05:26 - [TEST_STEP][PASSED] - click(findTestObject("M-OBJECTS TAREAS SECUNDARIAS/Pruebas SST/Crear_una_entidad_de_riesgo_sst/span_1010220596")): Object: 'Object Repository/M-OBJECTS TAREAS SECUNDARIAS/Pruebas SST/Crear_una_entidad_de_riesgo_sst/span_1010220596' is clicked on

2022-03-29 19:05:27 - [MESSAGE][PASSED] - Object: 'Object Repository/M-OBJECTS TAREAS SECUNDARIAS/Pruebas SST/Crear_una_entidad_de_riesgo_sst/span_1010220596' is clicked on

2022-03-29 19:05:27 - [TEST_STEP][PASSED] - click(findTestObject("M-OBJECTS TAREAS SECUNDARIAS/Pruebas SST/Crear_una_entidad_de_riesgo_sst/a_Guardar")): Object: 'Object Repository/M-OBJECTS TAREAS SECUNDARIAS/Pruebas SST/Crear_una_entidad_de_riesgo_sst/a_Guardar' is clicked on

2022-03-29 19:05:28 - [MESSAGE][PASSED] - Object: 'Object Repository/M-OBJECTS TAREAS SECUNDARIAS/Pruebas SST/Crear_una_entidad_de_riesgo_sst/a_Guardar' is clicked on

2022-03-29 19:05:28 - [TEST_STEP][PASSED] - click(findTestObject("M-OBJECTS TAREAS SECUNDARIAS/Pruebas SST/Crear_una_entidad_de_riesgo_sst/a_Personas")): Object: 'Object Repository/M-OBJECTS TAREAS SECUNDARIAS/Pruebas SST/Crear_una_entidad_de_riesgo_sst/a_Personas' is clicked on

2022-03-29 19:05:29 - [MESSAGE][PASSED] - Object: 'Object Repository/M-OBJECTS TAREAS SECUNDARIAS/Pruebas SST/Crear_una_entidad_de_riesgo_sst/a_Personas' is clicked on

2022-03-29 19:05:29 - [TEST_STEP][PASSED] - click(findTestObject("M-OBJECTS TAREAS SECUNDARIAS/Pruebas SST/Crear_una_entidad_de_riesgo_sst/a_Persona_form_detalleEntidadRiesgoj_idt692")): Object: 'Object Repository/M-OBJECTS TAREAS SECUNDARIAS/Pruebas SST/Crear_una_entidad_de_riesgo_sst/a_Persona_form_detalleEntidadRiesgoj_idt692' is clicked on

2022-03-29 19:05:30 - [MESSAGE][PASSED] - Object: 'Object Repository/M-OBJECTS TAREAS SECUNDARIAS/Pruebas SST/Crear_una_entidad_de_riesgo_sst/a_Persona_form_detalleEntidadRiesgoj_idt692' is clicked on

2022-03-29 19:05:30 - [TEST_STEP][PASSED] - setText(findTestObject("M-OBJECTS TAREAS SECUNDARIAS/Pruebas SST/Crear_una_entidad_de_riesgo_sst/input_Filtro Hoja de Vida_formPopupHojaVidaj_idt92700"), "A A A"): Text 'A A A' is set on object 'Object Repository/M-OBJECTS TAREAS SECUNDARIAS/Pruebas SST/Crear_una_entidad_de_riesgo_sst/input_Filtro Hoja de Vida_formPopupHojaVidaj_idt92700'

2022-03-29 19:05:31 - [MESSAGE][PASSED] - Text 'A A A' is set on object 'Object Repository/M-OBJECTS TAREAS SECUNDARIAS/Pruebas SST/Crear_una_entidad_de_riesgo_sst/input_Filtro Hoja de Vida_formPopupHojaVidaj_idt92700'

2022-03-29 19:05:31 - [TEST_STEP][PASSED] - sendKeys(findTestObject("M-OBJECTS TAREAS SECUNDARIAS/Pruebas SST/Crear_una_entidad_de_riesgo_sst/input_Filtro Hoja de Vida_formPopupHojaVidaj_idt92700"), Keys.chord(ENTER)): Keys 'ENTER + ' sent to object: 'Object Repository/M-OBJECTS TAREAS SECUNDARIAS/Pruebas SST/Crear_una_entidad_de_riesgo_sst/input_Filtro Hoja de Vida_formPopupHojaVidaj_idt92700'

2022-03-29 19:05:31 - [MESSAGE][PASSED] - Keys 'ENTER + ' sent to object: 'Object Repository/M-OBJECTS TAREAS SECUNDARIAS/Pruebas SST/Crear_una_entidad_de_riesgo_sst/input_Filtro Hoja de Vida_formPopupHojaVidaj_idt92700'

2022-03-29 19:05:31 - [TEST_STEP][PASSED] - click(findTestObject("M-OBJECTS TAREAS SECUNDARIAS/Pruebas SST/Crear_una_entidad_de_riesgo_sst/span_1010220596")): Object: 'Object Repository/M-OBJECTS TAREAS SECUNDARIAS/Pruebas SST/Crear_una_entidad_de_riesgo_sst/span_1010220596' is clicked on

2022-03-29 19:05:32 - [MESSAGE][PASSED] - Object: 'Object Repository/M-OBJECTS TAREAS SECUNDARIAS/Pruebas SST/Crear_una_entidad_de_riesgo_sst/span_1010220596' is clicked on

2022-03-29 19:05:32 - [TEST_STEP][PASSED] - click(findTestObject("M-OBJECTS TAREAS SECUNDARIAS/Pruebas SST/Crear_una_entidad_de_riesgo_sst/a_Nuevo")): Object: 'Object Repository/M-OBJECTS TAREAS SECUNDARIAS/Pruebas SST/Crear_una_entidad_de_riesgo_sst/a_Nuevo' is clicked on

2022-03-29 19:05:33 - [MESSAGE][PASSED] - Object: 'Object Repository/M-OBJECTS TAREAS SECUNDARIAS/Pruebas SST/Crear_una_entidad_de_riesgo_sst/a_Nuevo' is clicked on

2022-03-29 19:05:33 - [TEST_STEP][PASSED] - click(findTestObject("M-OBJECTS TAREAS SECUNDARIAS/Pruebas SST/Crear_una_entidad_de_riesgo_sst/a_Identificacin_form_popupHojaVidaEntidadj_idt838")): Object: 'Object Repository/M-OBJECTS TAREAS SECUNDARIAS/Pruebas SST/Crear_una_entidad_de_riesgo_sst/a_Identificacin_form_popupHojaVidaEntidadj_idt838' is clicked on

2022-03-29 19:05:34 - [MESSAGE][PASSED] - Object: 'Object Repository/M-OBJECTS TAREAS SECUNDARIAS/Pruebas SST/Crear_una_entidad_de_riesgo_sst/a_Identificacin_form_popupHojaVidaEntidadj_idt838' is clicked on

2022-03-29 19:05:34 - [TEST_STEP][PASSED] - setText(findTestObject("M-OBJECTS TAREAS SECUNDARIAS/Pruebas SST/Crear_una_entidad_de_riesgo_sst/input_Filtro Hoja de Vida_formPopupHojaVidaj_idt92700"), "GUISELL"): Text 'GUISELL' is set on object 'Object Repository/M-OBJECTS TAREAS SECUNDARIAS/Pruebas SST/Crear_una_entidad_de_riesgo_sst/input_Filtro Hoja de Vida_formPopupHojaVidaj_idt92700'

2022-03-29 19:05:35 - [MESSAGE][PASSED] - Text 'GUISELL' is set on object 'Object Repository/M-OBJECTS TAREAS SECUNDARIAS/Pruebas SST/Crear_una_entidad_de_riesgo_sst/input_Filtro Hoja de Vida_formPopupHojaVidaj_idt92700'

2022-03-29 19:05:35 - [TEST_STEP][PASSED] - sendKeys(findTestObject("M-OBJECTS TAREAS SECUNDARIAS/Pruebas SST/Crear_una_entidad_de_riesgo_sst/input_Filtro Hoja de Vida_formPopupHojaVidaj_idt92700"), Keys.chord(ENTER)): Keys 'ENTER + ' sent to object: 'Object Repository/M-OBJECTS TAREAS SECUNDARIAS/Pruebas SST/Crear_una_entidad_de_riesgo_sst/input_Filtro Hoja de Vida_formPopupHojaVidaj_idt92700'

2022-03-29 19:05:35 - [MESSAGE][PASSED] - Keys 'ENTER + ' sent to object: 'Object Repository/M-OBJECTS TAREAS SECUNDARIAS/Pruebas SST/Crear_una_entidad_de_riesgo_sst/input_Filtro Hoja de Vida_formPopupHojaVidaj_idt92700'

2022-03-29 19:05:35 - [TEST_STEP][PASSED] - click(findTestObject("M-OBJECTS TAREAS SECUNDARIAS/Pruebas SST/Crear_una_entidad_de_riesgo_sst/span_Diaz Blanco Guisell")): Object: 'Object Repository/M-OBJECTS TAREAS SECUNDARIAS/Pruebas SST/Crear_una_entidad_de_riesgo_sst/span_Diaz Blanco Guisell' is clicked on

2022-03-29 19:05:36 - [MESSAGE][PASSED] - Object: 'Object Repository/M-OBJECTS TAREAS SECUNDARIAS/Pruebas SST/Crear_una_entidad_de_riesgo_sst/span_Diaz Blanco Guisell' is clicked on

2022-03-29 19:05:36 - [TEST_STEP][PASSED] - click(findTestObject("M-OBJECTS TAREAS SECUNDARIAS/Pruebas SST/Crear_una_entidad_de_riesgo_sst/td_Indefinido")): Object: 'Object Repository/M-OBJECTS TAREAS SECUNDARIAS/Pruebas SST/Crear_una_entidad_de_riesgo_sst/td_Indefinido' is clicked on

2022-03-29 19:05:37 - [MESSAGE][PASSED] - Object: 'Object Repository/M-OBJECTS TAREAS SECUNDARIAS/Pruebas SST/Crear_una_entidad_de_riesgo_sst/td_Indefinido' is clicked on

2022-03-29 19:05:37 - [TEST_STEP][PASSED] - click(findTestObject("M-OBJECTS TAREAS SECUNDARIAS/Pruebas SST/Crear_una_entidad_de_riesgo_sst/a_Guardar")): Object: 'Object Repository/M-OBJECTS TAREAS SECUNDARIAS/Pruebas SST/Crear_una_entidad_de_riesgo_sst/a_Guardar' is clicked on

2022-03-29 19:05:38 - [MESSAGE][PASSED] - Object: 'Object Repository/M-OBJECTS TAREAS SECUNDARIAS/Pruebas SST/Crear_una_entidad_de_riesgo_sst/a_Guardar' is clicked on

2022-03-29 19:05:38 - [TEST_STEP][PASSED] - click(findTestObject("M-OBJECTS TAREAS SECUNDARIAS/Pruebas SST/Crear_una_entidad_de_riesgo_sst/a_Generar")): Object: 'Object Repository/M-OBJECTS TAREAS SECUNDARIAS/Pruebas SST/Crear_una_entidad_de_riesgo_sst/a_Generar' is clicked on

2022-03-29 19:05:39 - [MESSAGE][PASSED] - Object: 'Object Repository/M-OBJECTS TAREAS SECUNDARIAS/Pruebas SST/Crear_una_entidad_de_riesgo_sst/a_Generar' is clicked on

2022-03-29 19:05:39 - [TEST_STEP][PASSED] - click(findTestObject("M-OBJECTS TAREAS SECUNDARIAS/Pruebas SST/Crear_una_entidad_de_riesgo_sst/a_Unidad_form_popupHojaVidaEntidadMasivaj_idt891")): Object: 'Object Repository/M-OBJECTS TAREAS SECUNDARIAS/Pruebas SST/Crear_una_entidad_de_riesgo_sst/a_Unidad_form_popupHojaVidaEntidadMasivaj_idt891' is clicked on

2022-03-29 19:05:40 - [MESSAGE][PASSED] - Object: 'Object Repository/M-OBJECTS TAREAS SECUNDARIAS/Pruebas SST/Crear_una_entidad_de_riesgo_sst/a_Unidad_form_popupHojaVidaEntidadMasivaj_idt891' is clicked on

2022-03-29 19:05:40 - [TEST_STEP][PASSED] - setText(findTestObject("M-OBJECTS TAREAS SECUNDARIAS/Pruebas SST/Crear_una_entidad_de_riesgo_sst/input_Unidad Organizacional_formPopUpUnidaddescripciones"), "a"): Text 'a' is set on object 'Object Repository/M-OBJECTS TAREAS SECUNDARIAS/Pruebas SST/Crear_una_entidad_de_riesgo_sst/input_Unidad Organizacional_formPopUpUnidaddescripciones'

2022-03-29 19:05:41 - [MESSAGE][PASSED] - Text 'a' is set on object 'Object Repository/M-OBJECTS TAREAS SECUNDARIAS/Pruebas SST/Crear_una_entidad_de_riesgo_sst/input_Unidad Organizacional_formPopUpUnidaddescripciones'

2022-03-29 19:05:41 - [TEST_STEP][PASSED] - sendKeys(findTestObject("M-OBJECTS TAREAS SECUNDARIAS/Pruebas SST/Crear_una_entidad_de_riesgo_sst/input_Unidad Organizacional_formPopUpUnidaddescripciones"), Keys.chord(ENTER)): Keys 'ENTER + ' sent to object: 'Object Repository/M-OBJECTS TAREAS SECUNDARIAS/Pruebas SST/Crear_una_entidad_de_riesgo_sst/input_Unidad Organizacional_formPopUpUnidaddescripciones'

2022-03-29 19:05:42 - [MESSAGE][PASSED] - Keys 'ENTER + ' sent to object: 'Object Repository/M-OBJECTS TAREAS SECUNDARIAS/Pruebas SST/Crear_una_entidad_de_riesgo_sst/input_Unidad Organizacional_formPopUpUnidaddescripciones'

2022-03-29 19:05:42 - [TEST_STEP][PASSED] - click(findTestObject("M-OBJECTS TAREAS SECUNDARIAS/Pruebas SST/Crear_una_entidad_de_riesgo_sst/span_ADMINISTRACION")): Object: 'Object Repository/M-OBJECTS TAREAS SECUNDARIAS/Pruebas SST/Crear_una_entidad_de_riesgo_sst/span_ADMINISTRACION' is clicked on

2022-03-29 19:05:43 - [MESSAGE][PASSED] - Object: 'Object Repository/M-OBJECTS TAREAS SECUNDARIAS/Pruebas SST/Crear_una_entidad_de_riesgo_sst/span_ADMINISTRACION' is clicked on

2022-03-29 19:05:43 - [TEST_STEP][PASSED] - selectOptionByIndex(findTestObject("M-OBJECTS TAREAS SECUNDARIAS/Pruebas SST/Crear_una_entidad_de_riesgo_sst/select_Seleccione40 MIL STAFF .  ABOGADO"), 2): All options with index in [2] are selected on object 'Object Repository/M-OBJECTS TAREAS SECUNDARIAS/Pruebas SST/Crear_una_entidad_de_riesgo_sst/select_Seleccione40 MIL STAFF .  ABOGADO'

2022-03-29 19:05:45 - [MESSAGE][PASSED] - All options with index in [2] are selected on object 'Object Repository/M-OBJECTS TAREAS SECUNDARIAS/Pruebas SST/Crear_una_entidad_de_riesgo_sst/select_Seleccione40 MIL STAFF .  ABOGADO'

2022-03-29 19:05:45 - [TEST_STEP][PASSED] - click(findTestObject("M-OBJECTS TAREAS SECUNDARIAS/Pruebas SST/Crear_una_entidad_de_riesgo_sst/a_Buscar")): Object: 'Object Repository/M-OBJECTS TAREAS SECUNDARIAS/Pruebas SST/Crear_una_entidad_de_riesgo_sst/a_Buscar' is clicked on

2022-03-29 19:05:45 - [MESSAGE][PASSED] - Object: 'Object Repository/M-OBJECTS TAREAS SECUNDARIAS/Pruebas SST/Crear_una_entidad_de_riesgo_sst/a_Buscar' is clicked on

2022-03-29 19:05:45 - [TEST_STEP][PASSED] - click(findTestObject("M-OBJECTS TAREAS SECUNDARIAS/Pruebas SST/Crear_una_entidad_de_riesgo_sst/div_Cargo_ui-chkbox-box ui-widget ui-corner-all ui-state-default ui-state-hover")): Object: 'Object Repository/M-OBJECTS TAREAS SECUNDARIAS/Pruebas SST/Crear_una_entidad_de_riesgo_sst/div_Cargo_ui-chkbox-box ui-widget ui-corner-all ui-state-default ui-state-hover' is clicked on

2022-03-29 19:05:46 - [MESSAGE][PASSED] - Object: 'Object Repository/M-OBJECTS TAREAS SECUNDARIAS/Pruebas SST/Crear_una_entidad_de_riesgo_sst/div_Cargo_ui-chkbox-box ui-widget ui-corner-all ui-state-default ui-state-hover' is clicked on

2022-03-29 19:05:46 - [TEST_STEP][PASSED] - click(findTestObject("M-OBJECTS TAREAS SECUNDARIAS/Pruebas SST/Crear_una_entidad_de_riesgo_sst/a_Guardar")): Object: 'Object Repository/M-OBJECTS TAREAS SECUNDARIAS/Pruebas SST/Crear_una_entidad_de_riesgo_sst/a_Guardar' is clicked on

2022-03-29 19:05:47 - [MESSAGE][PASSED] - Object: 'Object Repository/M-OBJECTS TAREAS SECUNDARIAS/Pruebas SST/Crear_una_entidad_de_riesgo_sst/a_Guardar' is clicked on

2022-03-29 19:05:47 - [TEST_STEP][PASSED] - click(findTestObject("M-OBJECTS TAREAS SECUNDARIAS/Pruebas SST/Crear_una_entidad_de_riesgo_sst/a_Elementos")): Object: 'Object Repository/M-OBJECTS TAREAS SECUNDARIAS/Pruebas SST/Crear_una_entidad_de_riesgo_sst/a_Elementos' is clicked on

2022-03-29 19:05:48 - [MESSAGE][PASSED] - Object: 'Object Repository/M-OBJECTS TAREAS SECUNDARIAS/Pruebas SST/Crear_una_entidad_de_riesgo_sst/a_Elementos' is clicked on

2022-03-29 19:05:48 - [TEST_STEP][PASSED] - waitForElementVisible(findTestObject("M-OBJECTS TAREAS SECUNDARIAS/Pruebas SST/Crear_una_entidad_de_riesgo_sst/a_Recomendacin"), 0): Object 'Object Repository/M-OBJECTS TAREAS SECUNDARIAS/Pruebas SST/Crear_una_entidad_de_riesgo_sst/a_Recomendacin' is visible

2022-03-29 19:05:48 - [MESSAGE][WARNING] - Timeout '0' is invalid. Using default page load timeout: '45'

2022-03-29 19:05:49 - [MESSAGE][PASSED] - Object 'Object Repository/M-OBJECTS TAREAS SECUNDARIAS/Pruebas SST/Crear_una_entidad_de_riesgo_sst/a_Recomendacin' is visible

2022-03-29 19:05:49 - [TEST_STEP][PASSED] - click(findTestObject("M-OBJECTS TAREAS SECUNDARIAS/Pruebas SST/Crear_una_entidad_de_riesgo_sst/a_Recomendacin")): Object: 'Object Repository/M-OBJECTS TAREAS SECUNDARIAS/Pruebas SST/Crear_una_entidad_de_riesgo_sst/a_Recomendacin' is clicked on

2022-03-29 19:05:50 - [MESSAGE][PASSED] - Object: 'Object Repository/M-OBJECTS TAREAS SECUNDARIAS/Pruebas SST/Crear_una_entidad_de_riesgo_sst/a_Recomendacin' is clicked on

2022-03-29 19:05:50 - [TEST_STEP][PASSED] - click(findTestObject("M-OBJECTS TAREAS SECUNDARIAS/Pruebas SST/Crear_una_entidad_de_riesgo_sst/a_Nuevo")): Object: 'Object Repository/M-OBJECTS TAREAS SECUNDARIAS/Pruebas SST/Crear_una_entidad_de_riesgo_sst/a_Nuevo' is clicked on

2022-03-29 19:05:50 - [MESSAGE][PASSED] - Object: 'Object Repository/M-OBJECTS TAREAS SECUNDARIAS/Pruebas SST/Crear_una_entidad_de_riesgo_sst/a_Nuevo' is clicked on

2022-03-29 19:05:50 - [TEST_STEP][PASSED] - click(findTestObject("M-OBJECTS TAREAS SECUNDARIAS/Pruebas SST/Crear_una_entidad_de_riesgo_sst/a_Responsable_form_detalleEntidadRiesgoj_idt774")): Object: 'Object Repository/M-OBJECTS TAREAS SECUNDARIAS/Pruebas SST/Crear_una_entidad_de_riesgo_sst/a_Responsable_form_detalleEntidadRiesgoj_idt774' is clicked on

2022-03-29 19:05:51 - [MESSAGE][PASSED] - Object: 'Object Repository/M-OBJECTS TAREAS SECUNDARIAS/Pruebas SST/Crear_una_entidad_de_riesgo_sst/a_Responsable_form_detalleEntidadRiesgoj_idt774' is clicked on

2022-03-29 19:05:51 - [TEST_STEP][PASSED] - setText(findTestObject("M-OBJECTS TAREAS SECUNDARIAS/Pruebas SST/Crear_una_entidad_de_riesgo_sst/input_Filtro Hoja de Vida_formPopupHojaVidaj_idt9270"), "guisell"): Text 'guisell' is set on object 'Object Repository/M-OBJECTS TAREAS SECUNDARIAS/Pruebas SST/Crear_una_entidad_de_riesgo_sst/input_Filtro Hoja de Vida_formPopupHojaVidaj_idt9270'

2022-03-29 19:05:52 - [MESSAGE][PASSED] - Text 'guisell' is set on object 'Object Repository/M-OBJECTS TAREAS SECUNDARIAS/Pruebas SST/Crear_una_entidad_de_riesgo_sst/input_Filtro Hoja de Vida_formPopupHojaVidaj_idt9270'

2022-03-29 19:05:52 - [TEST_STEP][PASSED] - sendKeys(findTestObject("M-OBJECTS TAREAS SECUNDARIAS/Pruebas SST/Crear_una_entidad_de_riesgo_sst/input_Filtro Hoja de Vida_formPopupHojaVidaj_idt9270"), Keys.chord(ENTER)): Keys 'ENTER + ' sent to object: 'Object Repository/M-OBJECTS TAREAS SECUNDARIAS/Pruebas SST/Crear_una_entidad_de_riesgo_sst/input_Filtro Hoja de Vida_formPopupHojaVidaj_idt9270'

2022-03-29 19:05:53 - [MESSAGE][PASSED] - Keys 'ENTER + ' sent to object: 'Object Repository/M-OBJECTS TAREAS SECUNDARIAS/Pruebas SST/Crear_una_entidad_de_riesgo_sst/input_Filtro Hoja de Vida_formPopupHojaVidaj_idt9270'

2022-03-29 19:05:53 - [TEST_STEP][PASSED] - click(findTestObject("M-OBJECTS TAREAS SECUNDARIAS/Pruebas SST/Crear_una_entidad_de_riesgo_sst/span_1057596487")): Object: 'Object Repository/M-OBJECTS TAREAS SECUNDARIAS/Pruebas SST/Crear_una_entidad_de_riesgo_sst/span_1057596487' is clicked on

2022-03-29 19:05:54 - [MESSAGE][PASSED] - Object: 'Object Repository/M-OBJECTS TAREAS SECUNDARIAS/Pruebas SST/Crear_una_entidad_de_riesgo_sst/span_1057596487' is clicked on

2022-03-29 19:05:54 - [TEST_STEP][PASSED] - setText(findTestObject("M-OBJECTS TAREAS SECUNDARIAS/Pruebas SST/Crear_una_entidad_de_riesgo_sst/input_Fecha de Implementacin_form_detalleEntidadRiesgofecharecomendacionr_input"), "01/07/2021"): Text '01/07/2021' is set on object 'Object Repository/M-OBJECTS TAREAS SECUNDARIAS/Pruebas SST/Crear_una_entidad_de_riesgo_sst/input_Fecha de Implementacin_form_detalleEntidadRiesgofecharecomendacionr_input'

2022-03-29 19:05:55 - [MESSAGE][PASSED] - Text '01/07/2021' is set on object 'Object Repository/M-OBJECTS TAREAS SECUNDARIAS/Pruebas SST/Crear_una_entidad_de_riesgo_sst/input_Fecha de Implementacin_form_detalleEntidadRiesgofecharecomendacionr_input'

2022-03-29 19:05:55 - [TEST_STEP][PASSED] - setText(findTestObject("M-OBJECTS TAREAS SECUNDARIAS/Pruebas SST/Crear_una_entidad_de_riesgo_sst/textarea_Observacin_form_detalleEntidadRiesgoobservacionr"), "pruebas katalon"): Text 'pruebas katalon' is set on object 'Object Repository/M-OBJECTS TAREAS SECUNDARIAS/Pruebas SST/Crear_una_entidad_de_riesgo_sst/textarea_Observacin_form_detalleEntidadRiesgoobservacionr'

2022-03-29 19:05:56 - [MESSAGE][PASSED] - Text 'pruebas katalon' is set on object 'Object Repository/M-OBJECTS TAREAS SECUNDARIAS/Pruebas SST/Crear_una_entidad_de_riesgo_sst/textarea_Observacin_form_detalleEntidadRiesgoobservacionr'

2022-03-29 19:05:56 - [TEST_STEP][PASSED] - setText(findTestObject("M-OBJECTS TAREAS SECUNDARIAS/Pruebas SST/Crear_una_entidad_de_riesgo_sst/input_Nombre_form_detalleEntidadRiesgonombrerecomendacionr"), "pruebas katalon"): Text 'pruebas katalon' is set on object 'Object Repository/M-OBJECTS TAREAS SECUNDARIAS/Pruebas SST/Crear_una_entidad_de_riesgo_sst/input_Nombre_form_detalleEntidadRiesgonombrerecomendacionr'

2022-03-29 19:05:57 - [MESSAGE][PASSED] - Text 'pruebas katalon' is set on object 'Object Repository/M-OBJECTS TAREAS SECUNDARIAS/Pruebas SST/Crear_una_entidad_de_riesgo_sst/input_Nombre_form_detalleEntidadRiesgonombrerecomendacionr'

2022-03-29 19:05:57 - [TEST_STEP][PASSED] - click(findTestObject("M-OBJECTS TAREAS SECUNDARIAS/Pruebas SST/Crear_una_entidad_de_riesgo_sst/a_Guardar")): Object: 'Object Repository/M-OBJECTS TAREAS SECUNDARIAS/Pruebas SST/Crear_una_entidad_de_riesgo_sst/a_Guardar' is clicked on

2022-03-29 19:05:58 - [MESSAGE][PASSED] - Object: 'Object Repository/M-OBJECTS TAREAS SECUNDARIAS/Pruebas SST/Crear_una_entidad_de_riesgo_sst/a_Guardar' is clicked on

2022-03-29 19:05:58 - [TEST_STEP][PASSED] - click(findTestObject("M-OBJECTS TAREAS SECUNDARIAS/Pruebas SST/Crear_una_entidad_de_riesgo_sst/a_Seguimiento")): Object: 'Object Repository/M-OBJECTS TAREAS SECUNDARIAS/Pruebas SST/Crear_una_entidad_de_riesgo_sst/a_Seguimiento' is clicked on

2022-03-29 19:05:58 - [MESSAGE][PASSED] - Object: 'Object Repository/M-OBJECTS TAREAS SECUNDARIAS/Pruebas SST/Crear_una_entidad_de_riesgo_sst/a_Seguimiento' is clicked on

2022-03-29 19:05:58 - [TEST_STEP][PASSED] - click(findTestObject("M-OBJECTS TAREAS SECUNDARIAS/Pruebas SST/Crear_una_entidad_de_riesgo_sst/td_DIAZ BLANCO GUISELL")): Object: 'Object Repository/M-OBJECTS TAREAS SECUNDARIAS/Pruebas SST/Crear_una_entidad_de_riesgo_sst/td_DIAZ BLANCO GUISELL' is clicked on

2022-03-29 19:05:59 - [MESSAGE][PASSED] - Object: 'Object Repository/M-OBJECTS TAREAS SECUNDARIAS/Pruebas SST/Crear_una_entidad_de_riesgo_sst/td_DIAZ BLANCO GUISELL' is clicked on

2022-03-29 19:05:59 - [TEST_STEP][PASSED] - setText(findTestObject("M-OBJECTS TAREAS SECUNDARIAS/Pruebas SST/Crear_una_entidad_de_riesgo_sst/input_Fecha de Seguimiento_form_detalleEntidadRiesgofechaseguimientoreal_input"), "01/08/2021"): Text '01/08/2021' is set on object 'Object Repository/M-OBJECTS TAREAS SECUNDARIAS/Pruebas SST/Crear_una_entidad_de_riesgo_sst/input_Fecha de Seguimiento_form_detalleEntidadRiesgofechaseguimientoreal_input'

2022-03-29 19:06:00 - [MESSAGE][PASSED] - Text '01/08/2021' is set on object 'Object Repository/M-OBJECTS TAREAS SECUNDARIAS/Pruebas SST/Crear_una_entidad_de_riesgo_sst/input_Fecha de Seguimiento_form_detalleEntidadRiesgofechaseguimientoreal_input'

2022-03-29 19:06:00 - [TEST_STEP][PASSED] - setText(findTestObject("M-OBJECTS TAREAS SECUNDARIAS/Pruebas SST/Crear_una_entidad_de_riesgo_sst/textarea_Observacin_form_detalleEntidadRiesgoobservacions"), "pruebas katalon"): Text 'pruebas katalon' is set on object 'Object Repository/M-OBJECTS TAREAS SECUNDARIAS/Pruebas SST/Crear_una_entidad_de_riesgo_sst/textarea_Observacin_form_detalleEntidadRiesgoobservacions'

2022-03-29 19:06:01 - [MESSAGE][PASSED] - Text 'pruebas katalon' is set on object 'Object Repository/M-OBJECTS TAREAS SECUNDARIAS/Pruebas SST/Crear_una_entidad_de_riesgo_sst/textarea_Observacin_form_detalleEntidadRiesgoobservacions'

2022-03-29 19:06:01 - [TEST_STEP][PASSED] - click(findTestObject("M-OBJECTS TAREAS SECUNDARIAS/Pruebas SST/Crear_una_entidad_de_riesgo_sst/a_Guardar")): Object: 'Object Repository/M-OBJECTS TAREAS SECUNDARIAS/Pruebas SST/Crear_una_entidad_de_riesgo_sst/a_Guardar' is clicked on

2022-03-29 19:06:02 - [MESSAGE][PASSED] - Object: 'Object Repository/M-OBJECTS TAREAS SECUNDARIAS/Pruebas SST/Crear_una_entidad_de_riesgo_sst/a_Guardar' is clicked on

2022-03-29 19:06:02 - [TEST_STEP][PASSED] - closeBrowser(): Browser is closed

2022-03-29 19:06:02 - [MESSAGE][PASSED] - Browser is closed]]></system-out>
         <system-err><![CDATA[]]></system-err>
      </testcase>
      <testcase name="Test Cases/1.2-Tareas_Secundarias/5.1-Pruebas_SST/5.1.7-Crear_un_Sistema_de_Vigilancia_Epidemiologica" time="73.451" classname="Test Cases/1.2-Tareas_Secundarias/5.1-Pruebas_SST/5.1.7-Crear_un_Sistema_de_Vigilancia_Epidemiologica" status="PASSED">
         <system-out><![CDATA[2022-03-29 19:06:02 - [TEST_CASE][PASSED] - Test Cases/1.2-Tareas_Secundarias/5.1-Pruebas_SST/5.1.7-Crear_un_Sistema_de_Vigilancia_Epidemiologica: Test Cases/1.2-Tareas_Secundarias/5.1-Pruebas_SST/5.1.7-Crear_un_Sistema_de_Vigilancia_Epidemiologica

2022-03-29 19:06:03 - [TEST_STEP][PASSED] - today = new java.util.Date(): null

2022-03-29 19:06:03 - [TEST_STEP][PASSED] - todaysDate = today.format("dd/MM/yyyy HH:mm"): null

2022-03-29 19:06:03 - [TEST_STEP][PASSED] - comment("FALTA CONDICION PARA ELIMINAR REGISTRO."): FALTA CONDICION PARA ELIMINAR REGISTRO.

2022-03-29 19:06:03 - [MESSAGE][INFO] - FALTA CONDICION PARA ELIMINAR REGISTRO.

2022-03-29 19:06:03 - [TEST_STEP][PASSED] - comment("conflicto con base de datos no permite eliminar registro"): conflicto con base de datos no permite eliminar registro

2022-03-29 19:06:03 - [MESSAGE][INFO] - conflicto con base de datos no permite eliminar registro

2022-03-29 19:06:03 - [TEST_STEP][PASSED] - callTestCase(findTestCase("0.1-Login"), [:], STOP_ON_FAILURE): Call Test Case 'Test Cases/0.1-Login' successfully

2022-03-29 19:06:03 - [TEST_CASE][PASSED] - Test Cases/0.1-Login: Test Cases/0.1-Login

2022-03-29 19:06:03 - [TEST_STEP][PASSED] - openBrowser(""): Browser is opened with url: ''

2022-03-29 19:06:03 - [MESSAGE][INFO] - Starting 'Chrome' driver

2022-03-29 19:06:03 - [MESSAGE][INFO] - Action delay is set to 50 milliseconds

2022-03-29 19:06:04 - [MESSAGE][PASSED] - Browser is opened with url: ''

2022-03-29 19:06:04 - [TEST_STEP][PASSED] - maximizeWindow(): Current window maximized

2022-03-29 19:06:04 - [MESSAGE][PASSED] - Current window maximized

2022-03-29 19:06:04 - [TEST_STEP][PASSED] - i = G_Login: null

2022-03-29 19:06:04 - [TEST_STEP][PASSED] - url = new java.net.URL(i): null

2022-03-29 19:06:04 - [TEST_STEP][PASSED] - println("URL: " + url.toString()): null

2022-03-29 19:06:04 - [TEST_STEP][PASSED] - connection = url.openConnection(): null

2022-03-29 19:06:04 - [TEST_STEP][PASSED] - connection.setRequestMethod("GET"): null

2022-03-29 19:06:04 - [TEST_STEP][PASSED] - connection.setReadTimeout(2 * 1000): null

2022-03-29 19:06:04 - [TEST_STEP][PASSED] - try: null

2022-03-29 19:06:04 - [TEST_STEP][PASSED] - connection.connect(): null

2022-03-29 19:06:04 - [TEST_STEP][PASSED] - flag = connected: null

2022-03-29 19:06:04 - [TEST_STEP][PASSED] - println("Valor_ori: " + flag): null

2022-03-29 19:06:04 - [TEST_STEP][PASSED] - if (flag): null

2022-03-29 19:06:04 - [TEST_STEP][PASSED] - navigateToUrl(i): Navigate to 'http://192.168.2.19:8380/saraweb' successfully

2022-03-29 19:06:05 - [MESSAGE][PASSED] - Navigate to 'http://192.168.2.19:8380/saraweb' successfully

2022-03-29 19:06:05 - [TEST_STEP][PASSED] - a(): null

2022-03-29 19:06:05 - [TEST_STEP][PASSED] - setText(findTestObject("Login/input_USUARIO_loginusuario"), G_Usuario): Text 'saraadmin' is set on object 'Object Repository/Login/input_USUARIO_loginusuario'

2022-03-29 19:06:06 - [MESSAGE][PASSED] - Text 'saraadmin' is set on object 'Object Repository/Login/input_USUARIO_loginusuario'

2022-03-29 19:06:06 - [TEST_STEP][PASSED] - setEncryptedText(findTestObject("Login/input_CLAVE_loginpassword"), "MkG4/TYiCFC3cb2driP7+Q=="): Text ****** has been set on object 'Object Repository/Login/input_CLAVE_loginpassword'

2022-03-29 19:06:07 - [MESSAGE][PASSED] - Text ****** has been set on object 'Object Repository/Login/input_CLAVE_loginpassword'

2022-03-29 19:06:07 - [TEST_STEP][PASSED] - waitForElementClickable(findTestObject("Login/a_Ingresar"), G_TimeOut): Object 'Object Repository/Login/a_Ingresar' is clickable

2022-03-29 19:06:07 - [MESSAGE][PASSED] - Object 'Object Repository/Login/a_Ingresar' is clickable

2022-03-29 19:06:07 - [TEST_STEP][PASSED] - click(findTestObject("Login/a_Ingresar")): Object: 'Object Repository/Login/a_Ingresar' is clicked on

2022-03-29 19:06:09 - [MESSAGE][PASSED] - Object: 'Object Repository/Login/a_Ingresar' is clicked on

2022-03-29 19:06:09 - [TEST_STEP][PASSED] - element = findWebElement(findTestObject("Login/a_Ir"), 30): null

2022-03-29 19:06:09 - [TEST_STEP][PASSED] - executeJavaScript("arguments[0].click()", Arrays.asList(element)): Execute JavaScript 'arguments[0].click()' successfully

2022-03-29 19:06:09 - [MESSAGE][PASSED] - Execute JavaScript 'arguments[0].click()' successfully

2022-03-29 19:06:09 - [MESSAGE][PASSED] - Call Test Case 'Test Cases/0.1-Login' successfully

2022-03-29 19:06:09 - [TEST_STEP][PASSED] - setText(findTestObject("M-OBJECTS TAREAS SECUNDARIAS/Pruebas SST/Crear_un_Sistema_de_Vigilancia_Epidemiologica/input_Entidad de Riesgo_form_templatej_idt24_input"), "vigilancia epidemiologica"): Text 'vigilancia epidemiologica' is set on object 'Object Repository/M-OBJECTS TAREAS SECUNDARIAS/Pruebas SST/Crear_un_Sistema_de_Vigilancia_Epidemiologica/input_Entidad de Riesgo_form_templatej_idt24_input'

2022-03-29 19:06:10 - [MESSAGE][PASSED] - Text 'vigilancia epidemiologica' is set on object 'Object Repository/M-OBJECTS TAREAS SECUNDARIAS/Pruebas SST/Crear_un_Sistema_de_Vigilancia_Epidemiologica/input_Entidad de Riesgo_form_templatej_idt24_input'

2022-03-29 19:06:10 - [TEST_STEP][PASSED] - click(findTestObject("M-OBJECTS TAREAS SECUNDARIAS/Pruebas SST/Crear_un_Sistema_de_Vigilancia_Epidemiologica/li_Programas de Vigilancia Epidemiologica (sst)")): Object: 'Object Repository/M-OBJECTS TAREAS SECUNDARIAS/Pruebas SST/Crear_un_Sistema_de_Vigilancia_Epidemiologica/li_Programas de Vigilancia Epidemiologica (sst)' is clicked on

2022-03-29 19:06:12 - [MESSAGE][PASSED] - Object: 'Object Repository/M-OBJECTS TAREAS SECUNDARIAS/Pruebas SST/Crear_un_Sistema_de_Vigilancia_Epidemiologica/li_Programas de Vigilancia Epidemiologica (sst)' is clicked on

2022-03-29 19:06:12 - [TEST_STEP][PASSED] - click(findTestObject("M-OBJECTS TAREAS SECUNDARIAS/Pruebas SST/Crear_un_Sistema_de_Vigilancia_Epidemiologica/td_PRUEBAS K")): Object: 'Object Repository/M-OBJECTS TAREAS SECUNDARIAS/Pruebas SST/Crear_un_Sistema_de_Vigilancia_Epidemiologica/td_PRUEBAS K' is clicked on

2022-03-29 19:06:13 - [MESSAGE][PASSED] - Object: 'Object Repository/M-OBJECTS TAREAS SECUNDARIAS/Pruebas SST/Crear_un_Sistema_de_Vigilancia_Epidemiologica/td_PRUEBAS K' is clicked on

2022-03-29 19:06:13 - [TEST_STEP][PASSED] - click(findTestObject("M-OBJECTS TAREAS SECUNDARIAS/Pruebas SST/Crear_un_Sistema_de_Vigilancia_Epidemiologica/a_Nuevo0")): Object: 'Object Repository/M-OBJECTS TAREAS SECUNDARIAS/Pruebas SST/Crear_un_Sistema_de_Vigilancia_Epidemiologica/a_Nuevo0' is clicked on

2022-03-29 19:06:14 - [MESSAGE][PASSED] - Object: 'Object Repository/M-OBJECTS TAREAS SECUNDARIAS/Pruebas SST/Crear_un_Sistema_de_Vigilancia_Epidemiologica/a_Nuevo0' is clicked on

2022-03-29 19:06:14 - [TEST_STEP][PASSED] - selectOptionByIndex(findTestObject("M-OBJECTS TAREAS SECUNDARIAS/Pruebas SST/Crear_un_Sistema_de_Vigilancia_Epidemiologica/select_--Seleccione--PRUEBAS KATALON"), "1"): All options with index in [1] are selected on object 'Object Repository/M-OBJECTS TAREAS SECUNDARIAS/Pruebas SST/Crear_un_Sistema_de_Vigilancia_Epidemiologica/select_--Seleccione--PRUEBAS KATALON'

2022-03-29 19:06:16 - [MESSAGE][PASSED] - All options with index in [1] are selected on object 'Object Repository/M-OBJECTS TAREAS SECUNDARIAS/Pruebas SST/Crear_un_Sistema_de_Vigilancia_Epidemiologica/select_--Seleccione--PRUEBAS KATALON'

2022-03-29 19:06:16 - [TEST_STEP][PASSED] - setText(findTestObject("M-OBJECTS TAREAS SECUNDARIAS/Pruebas SST/Crear_un_Sistema_de_Vigilancia_Epidemiologica/input_Descripcin_form_programaVigilanciatabdescripcion"), "pruebas k " + todaysDate): Text 'pruebas k 29/03/2022 19:06' is set on object 'Object Repository/M-OBJECTS TAREAS SECUNDARIAS/Pruebas SST/Crear_un_Sistema_de_Vigilancia_Epidemiologica/input_Descripcin_form_programaVigilanciatabdescripcion'

2022-03-29 19:06:17 - [MESSAGE][PASSED] - Text 'pruebas k 29/03/2022 19:06' is set on object 'Object Repository/M-OBJECTS TAREAS SECUNDARIAS/Pruebas SST/Crear_un_Sistema_de_Vigilancia_Epidemiologica/input_Descripcin_form_programaVigilanciatabdescripcion'

2022-03-29 19:06:17 - [TEST_STEP][PASSED] - click(findTestObject("M-OBJECTS TAREAS SECUNDARIAS/Pruebas SST/Crear_un_Sistema_de_Vigilancia_Epidemiologica/label_SI")): Object: 'Object Repository/M-OBJECTS TAREAS SECUNDARIAS/Pruebas SST/Crear_un_Sistema_de_Vigilancia_Epidemiologica/label_SI' is clicked on

2022-03-29 19:06:17 - [MESSAGE][PASSED] - Object: 'Object Repository/M-OBJECTS TAREAS SECUNDARIAS/Pruebas SST/Crear_un_Sistema_de_Vigilancia_Epidemiologica/label_SI' is clicked on

2022-03-29 19:06:17 - [TEST_STEP][PASSED] - click(findTestObject("M-OBJECTS TAREAS SECUNDARIAS/Pruebas SST/Crear_un_Sistema_de_Vigilancia_Epidemiologica/a_Guardar")): Object: 'Object Repository/M-OBJECTS TAREAS SECUNDARIAS/Pruebas SST/Crear_un_Sistema_de_Vigilancia_Epidemiologica/a_Guardar' is clicked on

2022-03-29 19:06:18 - [MESSAGE][PASSED] - Object: 'Object Repository/M-OBJECTS TAREAS SECUNDARIAS/Pruebas SST/Crear_un_Sistema_de_Vigilancia_Epidemiologica/a_Guardar' is clicked on

2022-03-29 19:06:18 - [TEST_STEP][PASSED] - click(findTestObject("M-OBJECTS TAREAS SECUNDARIAS/Pruebas SST/Crear_un_Sistema_de_Vigilancia_Epidemiologica/a_Personas")): Object: 'Object Repository/M-OBJECTS TAREAS SECUNDARIAS/Pruebas SST/Crear_un_Sistema_de_Vigilancia_Epidemiologica/a_Personas' is clicked on

2022-03-29 19:06:19 - [MESSAGE][PASSED] - Object: 'Object Repository/M-OBJECTS TAREAS SECUNDARIAS/Pruebas SST/Crear_un_Sistema_de_Vigilancia_Epidemiologica/a_Personas' is clicked on

2022-03-29 19:06:19 - [TEST_STEP][PASSED] - click(findTestObject("M-OBJECTS TAREAS SECUNDARIAS/Pruebas SST/Crear_un_Sistema_de_Vigilancia_Epidemiologica/a_Nuevo_personas")): Object: 'Object Repository/M-OBJECTS TAREAS SECUNDARIAS/Pruebas SST/Crear_un_Sistema_de_Vigilancia_Epidemiologica/a_Nuevo_personas' is clicked on

2022-03-29 19:06:20 - [MESSAGE][PASSED] - Object: 'Object Repository/M-OBJECTS TAREAS SECUNDARIAS/Pruebas SST/Crear_un_Sistema_de_Vigilancia_Epidemiologica/a_Nuevo_personas' is clicked on

2022-03-29 19:06:20 - [TEST_STEP][PASSED] - selectOptionByIndex(findTestObject("M-OBJECTS TAREAS SECUNDARIAS/Pruebas SST/Crear_un_Sistema_de_Vigilancia_Epidemiologica/select_SeleccioneSEDE NORTESEDE OCCIDENTESEDE SUR"), 1): All options with index in [1] are selected on object 'Object Repository/M-OBJECTS TAREAS SECUNDARIAS/Pruebas SST/Crear_un_Sistema_de_Vigilancia_Epidemiologica/select_SeleccioneSEDE NORTESEDE OCCIDENTESEDE SUR'

2022-03-29 19:06:21 - [MESSAGE][PASSED] - All options with index in [1] are selected on object 'Object Repository/M-OBJECTS TAREAS SECUNDARIAS/Pruebas SST/Crear_un_Sistema_de_Vigilancia_Epidemiologica/select_SeleccioneSEDE NORTESEDE OCCIDENTESEDE SUR'

2022-03-29 19:06:21 - [TEST_STEP][PASSED] - click(findTestObject("M-OBJECTS TAREAS SECUNDARIAS/Pruebas SST/Crear_un_Sistema_de_Vigilancia_Epidemiologica/a_Identificacin_form_popupInscritostabj_idt117")): Object: 'Object Repository/M-OBJECTS TAREAS SECUNDARIAS/Pruebas SST/Crear_un_Sistema_de_Vigilancia_Epidemiologica/a_Identificacin_form_popupInscritostabj_idt117' is clicked on

2022-03-29 19:06:22 - [MESSAGE][PASSED] - Object: 'Object Repository/M-OBJECTS TAREAS SECUNDARIAS/Pruebas SST/Crear_un_Sistema_de_Vigilancia_Epidemiologica/a_Identificacin_form_popupInscritostabj_idt117' is clicked on

2022-03-29 19:06:22 - [TEST_STEP][PASSED] - setText(findTestObject("M-OBJECTS TAREAS SECUNDARIAS/Pruebas SST/Crear_un_Sistema_de_Vigilancia_Epidemiologica/input_Filtro Hoja de Vida_formPopupHojaVidaj_idt1722"), "A A A"): Text 'A A A' is set on object 'Object Repository/M-OBJECTS TAREAS SECUNDARIAS/Pruebas SST/Crear_un_Sistema_de_Vigilancia_Epidemiologica/input_Filtro Hoja de Vida_formPopupHojaVidaj_idt1722'

2022-03-29 19:06:23 - [MESSAGE][PASSED] - Text 'A A A' is set on object 'Object Repository/M-OBJECTS TAREAS SECUNDARIAS/Pruebas SST/Crear_un_Sistema_de_Vigilancia_Epidemiologica/input_Filtro Hoja de Vida_formPopupHojaVidaj_idt1722'

2022-03-29 19:06:23 - [TEST_STEP][PASSED] - sendKeys(findTestObject("M-OBJECTS TAREAS SECUNDARIAS/Pruebas SST/Crear_un_Sistema_de_Vigilancia_Epidemiologica/input_Filtro Hoja de Vida_formPopupHojaVidaj_idt1722"), Keys.chord(ENTER)): Keys 'ENTER + ' sent to object: 'Object Repository/M-OBJECTS TAREAS SECUNDARIAS/Pruebas SST/Crear_un_Sistema_de_Vigilancia_Epidemiologica/input_Filtro Hoja de Vida_formPopupHojaVidaj_idt1722'

2022-03-29 19:06:23 - [MESSAGE][PASSED] - Keys 'ENTER + ' sent to object: 'Object Repository/M-OBJECTS TAREAS SECUNDARIAS/Pruebas SST/Crear_un_Sistema_de_Vigilancia_Epidemiologica/input_Filtro Hoja de Vida_formPopupHojaVidaj_idt1722'

2022-03-29 19:06:23 - [TEST_STEP][PASSED] - click(findTestObject("M-OBJECTS TAREAS SECUNDARIAS/Pruebas SST/Crear_un_Sistema_de_Vigilancia_Epidemiologica/td_A A A")): Object: 'Object Repository/M-OBJECTS TAREAS SECUNDARIAS/Pruebas SST/Crear_un_Sistema_de_Vigilancia_Epidemiologica/td_A A A' is clicked on

2022-03-29 19:06:25 - [MESSAGE][PASSED] - Object: 'Object Repository/M-OBJECTS TAREAS SECUNDARIAS/Pruebas SST/Crear_un_Sistema_de_Vigilancia_Epidemiologica/td_A A A' is clicked on

2022-03-29 19:06:25 - [TEST_STEP][PASSED] - selectOptionByIndex(findTestObject("M-OBJECTS TAREAS SECUNDARIAS/Pruebas SST/Crear_un_Sistema_de_Vigilancia_Epidemiologica/select_SeleccioneAula InteligenteSala de JuntasSalon ExternoSalon Principal"), 1): All options with index in [1] are selected on object 'Object Repository/M-OBJECTS TAREAS SECUNDARIAS/Pruebas SST/Crear_un_Sistema_de_Vigilancia_Epidemiologica/select_SeleccioneAula InteligenteSala de JuntasSalon ExternoSalon Principal'

2022-03-29 19:06:27 - [MESSAGE][PASSED] - All options with index in [1] are selected on object 'Object Repository/M-OBJECTS TAREAS SECUNDARIAS/Pruebas SST/Crear_un_Sistema_de_Vigilancia_Epidemiologica/select_SeleccioneAula InteligenteSala de JuntasSalon ExternoSalon Principal'

2022-03-29 19:06:27 - [TEST_STEP][PASSED] - click(findTestObject("M-OBJECTS TAREAS SECUNDARIAS/Pruebas SST/Crear_un_Sistema_de_Vigilancia_Epidemiologica/span_Remitido EPS_ui-chkbox-icon ui-icon ui-icon-blank ui-c")): Object: 'Object Repository/M-OBJECTS TAREAS SECUNDARIAS/Pruebas SST/Crear_un_Sistema_de_Vigilancia_Epidemiologica/span_Remitido EPS_ui-chkbox-icon ui-icon ui-icon-blank ui-c' is clicked on

2022-03-29 19:06:28 - [MESSAGE][PASSED] - Object: 'Object Repository/M-OBJECTS TAREAS SECUNDARIAS/Pruebas SST/Crear_un_Sistema_de_Vigilancia_Epidemiologica/span_Remitido EPS_ui-chkbox-icon ui-icon ui-icon-blank ui-c' is clicked on

2022-03-29 19:06:28 - [TEST_STEP][PASSED] - setText(findTestObject("M-OBJECTS TAREAS SECUNDARIAS/Pruebas SST/Crear_un_Sistema_de_Vigilancia_Epidemiologica/textarea_Observacin_form_popupInscritostabobservacion"), "pruebas k"): Text 'pruebas k' is set on object 'Object Repository/M-OBJECTS TAREAS SECUNDARIAS/Pruebas SST/Crear_un_Sistema_de_Vigilancia_Epidemiologica/textarea_Observacin_form_popupInscritostabobservacion'

2022-03-29 19:06:29 - [MESSAGE][PASSED] - Text 'pruebas k' is set on object 'Object Repository/M-OBJECTS TAREAS SECUNDARIAS/Pruebas SST/Crear_un_Sistema_de_Vigilancia_Epidemiologica/textarea_Observacin_form_popupInscritostabobservacion'

2022-03-29 19:06:29 - [TEST_STEP][PASSED] - click(findTestObject("M-OBJECTS TAREAS SECUNDARIAS/Pruebas SST/Crear_un_Sistema_de_Vigilancia_Epidemiologica/a_Guardar")): Object: 'Object Repository/M-OBJECTS TAREAS SECUNDARIAS/Pruebas SST/Crear_un_Sistema_de_Vigilancia_Epidemiologica/a_Guardar' is clicked on

2022-03-29 19:06:29 - [MESSAGE][PASSED] - Object: 'Object Repository/M-OBJECTS TAREAS SECUNDARIAS/Pruebas SST/Crear_un_Sistema_de_Vigilancia_Epidemiologica/a_Guardar' is clicked on

2022-03-29 19:06:29 - [TEST_STEP][PASSED] - click(findTestObject("M-OBJECTS TAREAS SECUNDARIAS/Pruebas SST/Crear_un_Sistema_de_Vigilancia_Epidemiologica/a_Grupos")): Object: 'Object Repository/M-OBJECTS TAREAS SECUNDARIAS/Pruebas SST/Crear_un_Sistema_de_Vigilancia_Epidemiologica/a_Grupos' is clicked on

2022-03-29 19:06:30 - [MESSAGE][PASSED] - Object: 'Object Repository/M-OBJECTS TAREAS SECUNDARIAS/Pruebas SST/Crear_un_Sistema_de_Vigilancia_Epidemiologica/a_Grupos' is clicked on

2022-03-29 19:06:30 - [TEST_STEP][PASSED] - click(findTestObject("M-OBJECTS TAREAS SECUNDARIAS/Pruebas SST/Crear_un_Sistema_de_Vigilancia_Epidemiologica/a_Personas Entidad de Riesgo")): Object: 'Object Repository/M-OBJECTS TAREAS SECUNDARIAS/Pruebas SST/Crear_un_Sistema_de_Vigilancia_Epidemiologica/a_Personas Entidad de Riesgo' is clicked on

2022-03-29 19:06:31 - [MESSAGE][PASSED] - Object: 'Object Repository/M-OBJECTS TAREAS SECUNDARIAS/Pruebas SST/Crear_un_Sistema_de_Vigilancia_Epidemiologica/a_Personas Entidad de Riesgo' is clicked on

2022-03-29 19:06:31 - [TEST_STEP][PASSED] - selectOptionByIndex(findTestObject("M-OBJECTS TAREAS SECUNDARIAS/Pruebas SST/Crear_un_Sistema_de_Vigilancia_Epidemiologica/select_Seleccione234ENTIDAD DE RIESGO 01idad y Salud en el Trabajo"), 26): All options with index in [26] are selected on object 'Object Repository/M-OBJECTS TAREAS SECUNDARIAS/Pruebas SST/Crear_un_Sistema_de_Vigilancia_Epidemiologica/select_Seleccione234ENTIDAD DE RIESGO 01idad y Salud en el Trabajo'

2022-03-29 19:06:33 - [MESSAGE][PASSED] - All options with index in [26] are selected on object 'Object Repository/M-OBJECTS TAREAS SECUNDARIAS/Pruebas SST/Crear_un_Sistema_de_Vigilancia_Epidemiologica/select_Seleccione234ENTIDAD DE RIESGO 01idad y Salud en el Trabajo'

2022-03-29 19:06:33 - [TEST_STEP][PASSED] - click(findTestObject("M-OBJECTS TAREAS SECUNDARIAS/Pruebas SST/Crear_un_Sistema_de_Vigilancia_Epidemiologica/div_DIAZ BLANCO GUISELL_ui-chkbox-box ui-widget ui-corner-all ui-state-default ui-state-hover")): Object: 'Object Repository/M-OBJECTS TAREAS SECUNDARIAS/Pruebas SST/Crear_un_Sistema_de_Vigilancia_Epidemiologica/div_DIAZ BLANCO GUISELL_ui-chkbox-box ui-widget ui-corner-all ui-state-default ui-state-hover' is clicked on

2022-03-29 19:06:34 - [MESSAGE][PASSED] - Object: 'Object Repository/M-OBJECTS TAREAS SECUNDARIAS/Pruebas SST/Crear_un_Sistema_de_Vigilancia_Epidemiologica/div_DIAZ BLANCO GUISELL_ui-chkbox-box ui-widget ui-corner-all ui-state-default ui-state-hover' is clicked on

2022-03-29 19:06:34 - [TEST_STEP][PASSED] - click(findTestObject("M-OBJECTS TAREAS SECUNDARIAS/Pruebas SST/Crear_un_Sistema_de_Vigilancia_Epidemiologica/div_CONSTA BELFEGORD  JHON1393138_ui-chkbox-box ui-widget ui-corner-all ui-state-default ui-state-hover")): Object: 'Object Repository/M-OBJECTS TAREAS SECUNDARIAS/Pruebas SST/Crear_un_Sistema_de_Vigilancia_Epidemiologica/div_CONSTA BELFEGORD  JHON1393138_ui-chkbox-box ui-widget ui-corner-all ui-state-default ui-state-hover' is clicked on

2022-03-29 19:06:35 - [MESSAGE][PASSED] - Object: 'Object Repository/M-OBJECTS TAREAS SECUNDARIAS/Pruebas SST/Crear_un_Sistema_de_Vigilancia_Epidemiologica/div_CONSTA BELFEGORD  JHON1393138_ui-chkbox-box ui-widget ui-corner-all ui-state-default ui-state-hover' is clicked on

2022-03-29 19:06:35 - [TEST_STEP][PASSED] - click(findTestObject("M-OBJECTS TAREAS SECUNDARIAS/Pruebas SST/Crear_un_Sistema_de_Vigilancia_Epidemiologica/a_Enviar")): Object: 'Object Repository/M-OBJECTS TAREAS SECUNDARIAS/Pruebas SST/Crear_un_Sistema_de_Vigilancia_Epidemiologica/a_Enviar' is clicked on

2022-03-29 19:06:35 - [MESSAGE][PASSED] - Object: 'Object Repository/M-OBJECTS TAREAS SECUNDARIAS/Pruebas SST/Crear_un_Sistema_de_Vigilancia_Epidemiologica/a_Enviar' is clicked on

2022-03-29 19:06:35 - [TEST_STEP][PASSED] - sendKeys(findTestObject("M-OBJECTS TAREAS SECUNDARIAS/Pruebas SST/Crear_un_Sistema_de_Vigilancia_Epidemiologica/input_Fecha Inscripcin_form_popupInscritostabinicio_input"), Keys.chord(ESCAPE)): Keys 'ESCAPE + ' sent to object: 'Object Repository/M-OBJECTS TAREAS SECUNDARIAS/Pruebas SST/Crear_un_Sistema_de_Vigilancia_Epidemiologica/input_Fecha Inscripcin_form_popupInscritostabinicio_input'

2022-03-29 19:06:36 - [MESSAGE][PASSED] - Keys 'ESCAPE + ' sent to object: 'Object Repository/M-OBJECTS TAREAS SECUNDARIAS/Pruebas SST/Crear_un_Sistema_de_Vigilancia_Epidemiologica/input_Fecha Inscripcin_form_popupInscritostabinicio_input'

2022-03-29 19:06:36 - [TEST_STEP][PASSED] - setText(findTestObject("M-OBJECTS TAREAS SECUNDARIAS/Pruebas SST/Crear_un_Sistema_de_Vigilancia_Epidemiologica/textarea_Observacin_form_popupInscritostabobservacion"), "pruebas k"): Text 'pruebas k' is set on object 'Object Repository/M-OBJECTS TAREAS SECUNDARIAS/Pruebas SST/Crear_un_Sistema_de_Vigilancia_Epidemiologica/textarea_Observacin_form_popupInscritostabobservacion'

2022-03-29 19:06:37 - [MESSAGE][PASSED] - Text 'pruebas k' is set on object 'Object Repository/M-OBJECTS TAREAS SECUNDARIAS/Pruebas SST/Crear_un_Sistema_de_Vigilancia_Epidemiologica/textarea_Observacin_form_popupInscritostabobservacion'

2022-03-29 19:06:37 - [TEST_STEP][PASSED] - click(findTestObject("M-OBJECTS TAREAS SECUNDARIAS/Pruebas SST/Crear_un_Sistema_de_Vigilancia_Epidemiologica/a_Guardar")): Object: 'Object Repository/M-OBJECTS TAREAS SECUNDARIAS/Pruebas SST/Crear_un_Sistema_de_Vigilancia_Epidemiologica/a_Guardar' is clicked on

2022-03-29 19:06:38 - [MESSAGE][PASSED] - Object: 'Object Repository/M-OBJECTS TAREAS SECUNDARIAS/Pruebas SST/Crear_un_Sistema_de_Vigilancia_Epidemiologica/a_Guardar' is clicked on

2022-03-29 19:06:38 - [TEST_STEP][PASSED] - click(findTestObject("M-OBJECTS TAREAS SECUNDARIAS/Pruebas SST/Crear_un_Sistema_de_Vigilancia_Epidemiologica/td_PRUEBAS K")): Object: 'Object Repository/M-OBJECTS TAREAS SECUNDARIAS/Pruebas SST/Crear_un_Sistema_de_Vigilancia_Epidemiologica/td_PRUEBAS K' is clicked on

2022-03-29 19:06:39 - [MESSAGE][PASSED] - Object: 'Object Repository/M-OBJECTS TAREAS SECUNDARIAS/Pruebas SST/Crear_un_Sistema_de_Vigilancia_Epidemiologica/td_PRUEBAS K' is clicked on

2022-03-29 19:06:39 - [TEST_STEP][PASSED] - click(findTestObject("M-OBJECTS TAREAS SECUNDARIAS/Pruebas SST/Crear_un_Sistema_de_Vigilancia_Epidemiologica/a_Recomendaciones")): Object: 'Object Repository/M-OBJECTS TAREAS SECUNDARIAS/Pruebas SST/Crear_un_Sistema_de_Vigilancia_Epidemiologica/a_Recomendaciones' is clicked on

2022-03-29 19:06:39 - [MESSAGE][PASSED] - Object: 'Object Repository/M-OBJECTS TAREAS SECUNDARIAS/Pruebas SST/Crear_un_Sistema_de_Vigilancia_Epidemiologica/a_Recomendaciones' is clicked on

2022-03-29 19:06:39 - [TEST_STEP][PASSED] - click(findTestObject("M-OBJECTS TAREAS SECUNDARIAS/Pruebas SST/Crear_un_Sistema_de_Vigilancia_Epidemiologica/a_Nuevo")): Object: 'Object Repository/M-OBJECTS TAREAS SECUNDARIAS/Pruebas SST/Crear_un_Sistema_de_Vigilancia_Epidemiologica/a_Nuevo' is clicked on

2022-03-29 19:06:40 - [MESSAGE][PASSED] - Object: 'Object Repository/M-OBJECTS TAREAS SECUNDARIAS/Pruebas SST/Crear_un_Sistema_de_Vigilancia_Epidemiologica/a_Nuevo' is clicked on

2022-03-29 19:06:40 - [TEST_STEP][PASSED] - selectOptionByIndex(findTestObject("M-OBJECTS TAREAS SECUNDARIAS/Pruebas SST/Crear_un_Sistema_de_Vigilancia_Epidemiologica/select_ActivoCanceladoCumplidoNo Cumplido"), 0): All options with index in [0] are selected on object 'Object Repository/M-OBJECTS TAREAS SECUNDARIAS/Pruebas SST/Crear_un_Sistema_de_Vigilancia_Epidemiologica/select_ActivoCanceladoCumplidoNo Cumplido'

2022-03-29 19:06:42 - [MESSAGE][PASSED] - All options with index in [0] are selected on object 'Object Repository/M-OBJECTS TAREAS SECUNDARIAS/Pruebas SST/Crear_un_Sistema_de_Vigilancia_Epidemiologica/select_ActivoCanceladoCumplidoNo Cumplido'

2022-03-29 19:06:42 - [TEST_STEP][PASSED] - selectOptionByIndex(findTestObject("M-OBJECTS TAREAS SECUNDARIAS/Pruebas SST/Crear_un_Sistema_de_Vigilancia_Epidemiologica/select_-- SELECCIONAR --Trate de no correr"), 1): All options with index in [1] are selected on object 'Object Repository/M-OBJECTS TAREAS SECUNDARIAS/Pruebas SST/Crear_un_Sistema_de_Vigilancia_Epidemiologica/select_-- SELECCIONAR --Trate de no correr'

2022-03-29 19:06:43 - [MESSAGE][PASSED] - All options with index in [1] are selected on object 'Object Repository/M-OBJECTS TAREAS SECUNDARIAS/Pruebas SST/Crear_un_Sistema_de_Vigilancia_Epidemiologica/select_-- SELECCIONAR --Trate de no correr'

2022-03-29 19:06:43 - [TEST_STEP][PASSED] - selectOptionByIndex(findTestObject("M-OBJECTS TAREAS SECUNDARIAS/Pruebas SST/Crear_un_Sistema_de_Vigilancia_Epidemiologica/select_-- SELECCIONAR --Recomendacin Atep 2Recomendacin Atep 1"), 1): All options with index in [1] are selected on object 'Object Repository/M-OBJECTS TAREAS SECUNDARIAS/Pruebas SST/Crear_un_Sistema_de_Vigilancia_Epidemiologica/select_-- SELECCIONAR --Recomendacin Atep 2Recomendacin Atep 1'

2022-03-29 19:06:44 - [MESSAGE][PASSED] - All options with index in [1] are selected on object 'Object Repository/M-OBJECTS TAREAS SECUNDARIAS/Pruebas SST/Crear_un_Sistema_de_Vigilancia_Epidemiologica/select_-- SELECCIONAR --Recomendacin Atep 2Recomendacin Atep 1'

2022-03-29 19:06:44 - [TEST_STEP][PASSED] - click(findTestObject("M-OBJECTS TAREAS SECUNDARIAS/Pruebas SST/Crear_un_Sistema_de_Vigilancia_Epidemiologica/a_Responsable Recomendaciones_form_popupSeguimientotabRecomendacionj_idt607")): Object: 'Object Repository/M-OBJECTS TAREAS SECUNDARIAS/Pruebas SST/Crear_un_Sistema_de_Vigilancia_Epidemiologica/a_Responsable Recomendaciones_form_popupSeguimientotabRecomendacionj_idt607' is clicked on

2022-03-29 19:06:45 - [MESSAGE][PASSED] - Object: 'Object Repository/M-OBJECTS TAREAS SECUNDARIAS/Pruebas SST/Crear_un_Sistema_de_Vigilancia_Epidemiologica/a_Responsable Recomendaciones_form_popupSeguimientotabRecomendacionj_idt607' is clicked on

2022-03-29 19:06:45 - [TEST_STEP][PASSED] - setText(findTestObject("M-OBJECTS TAREAS SECUNDARIAS/Pruebas SST/Crear_un_Sistema_de_Vigilancia_Epidemiologica/input_Filtro Hoja de Vida_formPopupHojaVidaj_idt1722"), "A A A"): Text 'A A A' is set on object 'Object Repository/M-OBJECTS TAREAS SECUNDARIAS/Pruebas SST/Crear_un_Sistema_de_Vigilancia_Epidemiologica/input_Filtro Hoja de Vida_formPopupHojaVidaj_idt1722'

2022-03-29 19:06:46 - [MESSAGE][PASSED] - Text 'A A A' is set on object 'Object Repository/M-OBJECTS TAREAS SECUNDARIAS/Pruebas SST/Crear_un_Sistema_de_Vigilancia_Epidemiologica/input_Filtro Hoja de Vida_formPopupHojaVidaj_idt1722'

2022-03-29 19:06:46 - [TEST_STEP][PASSED] - sendKeys(findTestObject("M-OBJECTS TAREAS SECUNDARIAS/Pruebas SST/Crear_un_Sistema_de_Vigilancia_Epidemiologica/input_Filtro Hoja de Vida_formPopupHojaVidaj_idt1722"), Keys.chord(ENTER)): Keys 'ENTER + ' sent to object: 'Object Repository/M-OBJECTS TAREAS SECUNDARIAS/Pruebas SST/Crear_un_Sistema_de_Vigilancia_Epidemiologica/input_Filtro Hoja de Vida_formPopupHojaVidaj_idt1722'

2022-03-29 19:06:47 - [MESSAGE][PASSED] - Keys 'ENTER + ' sent to object: 'Object Repository/M-OBJECTS TAREAS SECUNDARIAS/Pruebas SST/Crear_un_Sistema_de_Vigilancia_Epidemiologica/input_Filtro Hoja de Vida_formPopupHojaVidaj_idt1722'

2022-03-29 19:06:47 - [TEST_STEP][PASSED] - click(findTestObject("M-OBJECTS TAREAS SECUNDARIAS/Pruebas SST/Crear_un_Sistema_de_Vigilancia_Epidemiologica/td_A A A")): Object: 'Object Repository/M-OBJECTS TAREAS SECUNDARIAS/Pruebas SST/Crear_un_Sistema_de_Vigilancia_Epidemiologica/td_A A A' is clicked on

2022-03-29 19:06:48 - [MESSAGE][PASSED] - Object: 'Object Repository/M-OBJECTS TAREAS SECUNDARIAS/Pruebas SST/Crear_un_Sistema_de_Vigilancia_Epidemiologica/td_A A A' is clicked on

2022-03-29 19:06:48 - [TEST_STEP][PASSED] - click(findTestObject("M-OBJECTS TAREAS SECUNDARIAS/Pruebas SST/Crear_un_Sistema_de_Vigilancia_Epidemiologica/a_Guardar")): Object: 'Object Repository/M-OBJECTS TAREAS SECUNDARIAS/Pruebas SST/Crear_un_Sistema_de_Vigilancia_Epidemiologica/a_Guardar' is clicked on

2022-03-29 19:06:49 - [MESSAGE][PASSED] - Object: 'Object Repository/M-OBJECTS TAREAS SECUNDARIAS/Pruebas SST/Crear_un_Sistema_de_Vigilancia_Epidemiologica/a_Guardar' is clicked on

2022-03-29 19:06:49 - [TEST_STEP][PASSED] - click(findTestObject("M-OBJECTS TAREAS SECUNDARIAS/Pruebas SST/Crear_un_Sistema_de_Vigilancia_Epidemiologica/a_Seguimiento")): Object: 'Object Repository/M-OBJECTS TAREAS SECUNDARIAS/Pruebas SST/Crear_un_Sistema_de_Vigilancia_Epidemiologica/a_Seguimiento' is clicked on

2022-03-29 19:06:50 - [MESSAGE][PASSED] - Object: 'Object Repository/M-OBJECTS TAREAS SECUNDARIAS/Pruebas SST/Crear_un_Sistema_de_Vigilancia_Epidemiologica/a_Seguimiento' is clicked on

2022-03-29 19:06:50 - [TEST_STEP][PASSED] - click(findTestObject("M-OBJECTS TAREAS SECUNDARIAS/Pruebas SST/Crear_un_Sistema_de_Vigilancia_Epidemiologica/a_Fecha Seguimiento_form_popupInscritostabtablaSeguimientoj_idt192")): Object: 'Object Repository/M-OBJECTS TAREAS SECUNDARIAS/Pruebas SST/Crear_un_Sistema_de_Vigilancia_Epidemiologica/a_Fecha Seguimiento_form_popupInscritostabtablaSeguimientoj_idt192' is clicked on

2022-03-29 19:06:51 - [MESSAGE][PASSED] - Object: 'Object Repository/M-OBJECTS TAREAS SECUNDARIAS/Pruebas SST/Crear_un_Sistema_de_Vigilancia_Epidemiologica/a_Fecha Seguimiento_form_popupInscritostabtablaSeguimientoj_idt192' is clicked on

2022-03-29 19:06:51 - [TEST_STEP][PASSED] - selectOptionByIndex(findTestObject("M-OBJECTS TAREAS SECUNDARIAS/Pruebas SST/Crear_un_Sistema_de_Vigilancia_Epidemiologica/select_-- SELECCIONAR --Trate de no correr0"), 1): All options with index in [1] are selected on object 'Object Repository/M-OBJECTS TAREAS SECUNDARIAS/Pruebas SST/Crear_un_Sistema_de_Vigilancia_Epidemiologica/select_-- SELECCIONAR --Trate de no correr0'

2022-03-29 19:06:52 - [MESSAGE][PASSED] - All options with index in [1] are selected on object 'Object Repository/M-OBJECTS TAREAS SECUNDARIAS/Pruebas SST/Crear_un_Sistema_de_Vigilancia_Epidemiologica/select_-- SELECCIONAR --Trate de no correr0'

2022-03-29 19:06:52 - [TEST_STEP][PASSED] - click(findTestObject("M-OBJECTS TAREAS SECUNDARIAS/Pruebas SST/Crear_un_Sistema_de_Vigilancia_Epidemiologica/span_Trate de no correr")): Object: 'Object Repository/M-OBJECTS TAREAS SECUNDARIAS/Pruebas SST/Crear_un_Sistema_de_Vigilancia_Epidemiologica/span_Trate de no correr' is clicked on

2022-03-29 19:06:53 - [MESSAGE][PASSED] - Object: 'Object Repository/M-OBJECTS TAREAS SECUNDARIAS/Pruebas SST/Crear_un_Sistema_de_Vigilancia_Epidemiologica/span_Trate de no correr' is clicked on

2022-03-29 19:06:53 - [TEST_STEP][PASSED] - setText(findTestObject("M-OBJECTS TAREAS SECUNDARIAS/Pruebas SST/Crear_un_Sistema_de_Vigilancia_Epidemiologica/textarea_Fecha Seguimiento_form_popupInscritostabtablaSeguimientoj_idt197"), "pruebas k"): Text 'pruebas k' is set on object 'Object Repository/M-OBJECTS TAREAS SECUNDARIAS/Pruebas SST/Crear_un_Sistema_de_Vigilancia_Epidemiologica/textarea_Fecha Seguimiento_form_popupInscritostabtablaSeguimientoj_idt197'

2022-03-29 19:06:54 - [MESSAGE][PASSED] - Text 'pruebas k' is set on object 'Object Repository/M-OBJECTS TAREAS SECUNDARIAS/Pruebas SST/Crear_un_Sistema_de_Vigilancia_Epidemiologica/textarea_Fecha Seguimiento_form_popupInscritostabtablaSeguimientoj_idt197'

2022-03-29 19:06:54 - [TEST_STEP][PASSED] - setText(findTestObject("M-OBJECTS TAREAS SECUNDARIAS/Pruebas SST/Crear_un_Sistema_de_Vigilancia_Epidemiologica/input_Fecha Seguimiento_form_popupInscritostabtablaSeguimientoj_idt202_input"), "15/12/2021"): Text '15/12/2021' is set on object 'Object Repository/M-OBJECTS TAREAS SECUNDARIAS/Pruebas SST/Crear_un_Sistema_de_Vigilancia_Epidemiologica/input_Fecha Seguimiento_form_popupInscritostabtablaSeguimientoj_idt202_input'

2022-03-29 19:06:55 - [MESSAGE][PASSED] - Text '15/12/2021' is set on object 'Object Repository/M-OBJECTS TAREAS SECUNDARIAS/Pruebas SST/Crear_un_Sistema_de_Vigilancia_Epidemiologica/input_Fecha Seguimiento_form_popupInscritostabtablaSeguimientoj_idt202_input'

2022-03-29 19:06:55 - [TEST_STEP][PASSED] - click(findTestObject("M-OBJECTS TAREAS SECUNDARIAS/Pruebas SST/Crear_un_Sistema_de_Vigilancia_Epidemiologica/a_Fecha Seguimiento_form_popupInscritostabtablaSeguimientoj_idt206")): Object: 'Object Repository/M-OBJECTS TAREAS SECUNDARIAS/Pruebas SST/Crear_un_Sistema_de_Vigilancia_Epidemiologica/a_Fecha Seguimiento_form_popupInscritostabtablaSeguimientoj_idt206' is clicked on

2022-03-29 19:06:56 - [MESSAGE][PASSED] - Object: 'Object Repository/M-OBJECTS TAREAS SECUNDARIAS/Pruebas SST/Crear_un_Sistema_de_Vigilancia_Epidemiologica/a_Fecha Seguimiento_form_popupInscritostabtablaSeguimientoj_idt206' is clicked on

2022-03-29 19:06:56 - [TEST_STEP][PASSED] - click(findTestObject("M-OBJECTS TAREAS SECUNDARIAS/Pruebas SST/Crear_un_Sistema_de_Vigilancia_Epidemiologica/span_SEDE NORTE_ui-icon ui-icon-closethick")): Object: 'Object Repository/M-OBJECTS TAREAS SECUNDARIAS/Pruebas SST/Crear_un_Sistema_de_Vigilancia_Epidemiologica/span_SEDE NORTE_ui-icon ui-icon-closethick' is clicked on

2022-03-29 19:07:00 - [MESSAGE][PASSED] - Object: 'Object Repository/M-OBJECTS TAREAS SECUNDARIAS/Pruebas SST/Crear_un_Sistema_de_Vigilancia_Epidemiologica/span_SEDE NORTE_ui-icon ui-icon-closethick' is clicked on

2022-03-29 19:07:00 - [TEST_STEP][PASSED] - click(findTestObject("M-OBJECTS TAREAS SECUNDARIAS/Pruebas SST/Crear_un_Sistema_de_Vigilancia_Epidemiologica/a_Examen")): Object: 'Object Repository/M-OBJECTS TAREAS SECUNDARIAS/Pruebas SST/Crear_un_Sistema_de_Vigilancia_Epidemiologica/a_Examen' is clicked on

2022-03-29 19:07:01 - [MESSAGE][PASSED] - Object: 'Object Repository/M-OBJECTS TAREAS SECUNDARIAS/Pruebas SST/Crear_un_Sistema_de_Vigilancia_Epidemiologica/a_Examen' is clicked on

2022-03-29 19:07:01 - [TEST_STEP][PASSED] - click(findTestObject("M-OBJECTS TAREAS SECUNDARIAS/Pruebas SST/Crear_un_Sistema_de_Vigilancia_Epidemiologica/a_Nuevo")): Object: 'Object Repository/M-OBJECTS TAREAS SECUNDARIAS/Pruebas SST/Crear_un_Sistema_de_Vigilancia_Epidemiologica/a_Nuevo' is clicked on

2022-03-29 19:07:02 - [MESSAGE][PASSED] - Object: 'Object Repository/M-OBJECTS TAREAS SECUNDARIAS/Pruebas SST/Crear_un_Sistema_de_Vigilancia_Epidemiologica/a_Nuevo' is clicked on

2022-03-29 19:07:02 - [TEST_STEP][PASSED] - selectOptionByIndex(findTestObject("M-OBJECTS TAREAS SECUNDARIAS/Pruebas SST/Crear_un_Sistema_de_Vigilancia_Epidemiologica/select_SeleccioneSEDE NORTESEDE OCCIDENTESEDE SUR1"), 1): All options with index in [1] are selected on object 'Object Repository/M-OBJECTS TAREAS SECUNDARIAS/Pruebas SST/Crear_un_Sistema_de_Vigilancia_Epidemiologica/select_SeleccioneSEDE NORTESEDE OCCIDENTESEDE SUR1'

2022-03-29 19:07:03 - [MESSAGE][PASSED] - All options with index in [1] are selected on object 'Object Repository/M-OBJECTS TAREAS SECUNDARIAS/Pruebas SST/Crear_un_Sistema_de_Vigilancia_Epidemiologica/select_SeleccioneSEDE NORTESEDE OCCIDENTESEDE SUR1'

2022-03-29 19:07:03 - [TEST_STEP][PASSED] - selectOptionByIndex(findTestObject("M-OBJECTS TAREAS SECUNDARIAS/Pruebas SST/Crear_un_Sistema_de_Vigilancia_Epidemiologica/select_SeleccioneALMANZA NOVOA JOHN"), 1): All options with index in [1] are selected on object 'Object Repository/M-OBJECTS TAREAS SECUNDARIAS/Pruebas SST/Crear_un_Sistema_de_Vigilancia_Epidemiologica/select_SeleccioneALMANZA NOVOA JOHN'

2022-03-29 19:07:04 - [MESSAGE][PASSED] - All options with index in [1] are selected on object 'Object Repository/M-OBJECTS TAREAS SECUNDARIAS/Pruebas SST/Crear_un_Sistema_de_Vigilancia_Epidemiologica/select_SeleccioneALMANZA NOVOA JOHN'

2022-03-29 19:07:04 - [TEST_STEP][PASSED] - click(findTestObject("M-OBJECTS TAREAS SECUNDARIAS/Pruebas SST/Crear_un_Sistema_de_Vigilancia_Epidemiologica/a_Examinado_form_popupExamenesj_idt286")): Object: 'Object Repository/M-OBJECTS TAREAS SECUNDARIAS/Pruebas SST/Crear_un_Sistema_de_Vigilancia_Epidemiologica/a_Examinado_form_popupExamenesj_idt286' is clicked on

2022-03-29 19:07:05 - [MESSAGE][PASSED] - Object: 'Object Repository/M-OBJECTS TAREAS SECUNDARIAS/Pruebas SST/Crear_un_Sistema_de_Vigilancia_Epidemiologica/a_Examinado_form_popupExamenesj_idt286' is clicked on

2022-03-29 19:07:05 - [TEST_STEP][PASSED] - click(findTestObject("M-OBJECTS TAREAS SECUNDARIAS/Pruebas SST/Crear_un_Sistema_de_Vigilancia_Epidemiologica/span_A A A")): Object: 'Object Repository/M-OBJECTS TAREAS SECUNDARIAS/Pruebas SST/Crear_un_Sistema_de_Vigilancia_Epidemiologica/span_A A A' is clicked on

2022-03-29 19:07:06 - [MESSAGE][PASSED] - Object: 'Object Repository/M-OBJECTS TAREAS SECUNDARIAS/Pruebas SST/Crear_un_Sistema_de_Vigilancia_Epidemiologica/span_A A A' is clicked on

2022-03-29 19:07:06 - [TEST_STEP][PASSED] - selectOptionByIndex(findTestObject("M-OBJECTS TAREAS SECUNDARIAS/Pruebas SST/Crear_un_Sistema_de_Vigilancia_Epidemiologica/select_SeleccioneCuadro HematicoExamen de OrinaExamen Medico de RutinaExamen Medico de Rutina"), 3): All options with index in [3] are selected on object 'Object Repository/M-OBJECTS TAREAS SECUNDARIAS/Pruebas SST/Crear_un_Sistema_de_Vigilancia_Epidemiologica/select_SeleccioneCuadro HematicoExamen de OrinaExamen Medico de RutinaExamen Medico de Rutina'

2022-03-29 19:07:08 - [MESSAGE][PASSED] - All options with index in [3] are selected on object 'Object Repository/M-OBJECTS TAREAS SECUNDARIAS/Pruebas SST/Crear_un_Sistema_de_Vigilancia_Epidemiologica/select_SeleccioneCuadro HematicoExamen de OrinaExamen Medico de RutinaExamen Medico de Rutina'

2022-03-29 19:07:08 - [TEST_STEP][PASSED] - click(findTestObject("M-OBJECTS TAREAS SECUNDARIAS/Pruebas SST/Crear_un_Sistema_de_Vigilancia_Epidemiologica/a_Guardar")): Object: 'Object Repository/M-OBJECTS TAREAS SECUNDARIAS/Pruebas SST/Crear_un_Sistema_de_Vigilancia_Epidemiologica/a_Guardar' is clicked on

2022-03-29 19:07:08 - [MESSAGE][PASSED] - Object: 'Object Repository/M-OBJECTS TAREAS SECUNDARIAS/Pruebas SST/Crear_un_Sistema_de_Vigilancia_Epidemiologica/a_Guardar' is clicked on

2022-03-29 19:07:08 - [TEST_STEP][PASSED] - click(findTestObject("M-OBJECTS TAREAS SECUNDARIAS/Pruebas SST/Crear_un_Sistema_de_Vigilancia_Epidemiologica/a_Programar Encuestas")): Object: 'Object Repository/M-OBJECTS TAREAS SECUNDARIAS/Pruebas SST/Crear_un_Sistema_de_Vigilancia_Epidemiologica/a_Programar Encuestas' is clicked on

2022-03-29 19:07:09 - [MESSAGE][PASSED] - Object: 'Object Repository/M-OBJECTS TAREAS SECUNDARIAS/Pruebas SST/Crear_un_Sistema_de_Vigilancia_Epidemiologica/a_Programar Encuestas' is clicked on

2022-03-29 19:07:09 - [TEST_STEP][PASSED] - selectOptionByIndex(findTestObject("M-OBJECTS TAREAS SECUNDARIAS/Pruebas SST/Crear_un_Sistema_de_Vigilancia_Epidemiologica/select_-- SELECCIONAR --EntidadListado Chequeo encuesta"), 2): All options with index in [2] are selected on object 'Object Repository/M-OBJECTS TAREAS SECUNDARIAS/Pruebas SST/Crear_un_Sistema_de_Vigilancia_Epidemiologica/select_-- SELECCIONAR --EntidadListado Chequeo encuesta'

2022-03-29 19:07:11 - [MESSAGE][PASSED] - All options with index in [2] are selected on object 'Object Repository/M-OBJECTS TAREAS SECUNDARIAS/Pruebas SST/Crear_un_Sistema_de_Vigilancia_Epidemiologica/select_-- SELECCIONAR --EntidadListado Chequeo encuesta'

2022-03-29 19:07:11 - [TEST_STEP][PASSED] - click(findTestObject("M-OBJECTS TAREAS SECUNDARIAS/Pruebas SST/Crear_un_Sistema_de_Vigilancia_Epidemiologica/a_Adicionar Personas")): Object: 'Object Repository/M-OBJECTS TAREAS SECUNDARIAS/Pruebas SST/Crear_un_Sistema_de_Vigilancia_Epidemiologica/a_Adicionar Personas' is clicked on

2022-03-29 19:07:11 - [MESSAGE][PASSED] - Object: 'Object Repository/M-OBJECTS TAREAS SECUNDARIAS/Pruebas SST/Crear_un_Sistema_de_Vigilancia_Epidemiologica/a_Adicionar Personas' is clicked on

2022-03-29 19:07:11 - [TEST_STEP][PASSED] - click(findTestObject("M-OBJECTS TAREAS SECUNDARIAS/Pruebas SST/Crear_un_Sistema_de_Vigilancia_Epidemiologica/span_CONSTA BELFEGORD  JHON1393138")): Object: 'Object Repository/M-OBJECTS TAREAS SECUNDARIAS/Pruebas SST/Crear_un_Sistema_de_Vigilancia_Epidemiologica/span_CONSTA BELFEGORD  JHON1393138' is clicked on

2022-03-29 19:07:12 - [MESSAGE][PASSED] - Object: 'Object Repository/M-OBJECTS TAREAS SECUNDARIAS/Pruebas SST/Crear_un_Sistema_de_Vigilancia_Epidemiologica/span_CONSTA BELFEGORD  JHON1393138' is clicked on

2022-03-29 19:07:12 - [TEST_STEP][PASSED] - click(findTestObject("M-OBJECTS TAREAS SECUNDARIAS/Pruebas SST/Crear_un_Sistema_de_Vigilancia_Epidemiologica/a_Guardar")): Object: 'Object Repository/M-OBJECTS TAREAS SECUNDARIAS/Pruebas SST/Crear_un_Sistema_de_Vigilancia_Epidemiologica/a_Guardar' is clicked on

2022-03-29 19:07:13 - [MESSAGE][PASSED] - Object: 'Object Repository/M-OBJECTS TAREAS SECUNDARIAS/Pruebas SST/Crear_un_Sistema_de_Vigilancia_Epidemiologica/a_Guardar' is clicked on

2022-03-29 19:07:13 - [TEST_STEP][PASSED] - click(findTestObject("M-OBJECTS TAREAS SECUNDARIAS/Pruebas SST/Crear_un_Sistema_de_Vigilancia_Epidemiologica/a_Resultado Encuestas")): Object: 'Object Repository/M-OBJECTS TAREAS SECUNDARIAS/Pruebas SST/Crear_un_Sistema_de_Vigilancia_Epidemiologica/a_Resultado Encuestas' is clicked on

2022-03-29 19:07:14 - [MESSAGE][PASSED] - Object: 'Object Repository/M-OBJECTS TAREAS SECUNDARIAS/Pruebas SST/Crear_un_Sistema_de_Vigilancia_Epidemiologica/a_Resultado Encuestas' is clicked on

2022-03-29 19:07:14 - [TEST_STEP][PASSED] - click(findTestObject("M-OBJECTS TAREAS SECUNDARIAS/Pruebas SST/Crear_un_Sistema_de_Vigilancia_Epidemiologica/td_1393138 - CONSTA BELFEGORD  JHON1393138")): Object: 'Object Repository/M-OBJECTS TAREAS SECUNDARIAS/Pruebas SST/Crear_un_Sistema_de_Vigilancia_Epidemiologica/td_1393138 - CONSTA BELFEGORD  JHON1393138' is clicked on

2022-03-29 19:07:15 - [MESSAGE][PASSED] - Object: 'Object Repository/M-OBJECTS TAREAS SECUNDARIAS/Pruebas SST/Crear_un_Sistema_de_Vigilancia_Epidemiologica/td_1393138 - CONSTA BELFEGORD  JHON1393138' is clicked on

2022-03-29 19:07:15 - [TEST_STEP][PASSED] - comment("FALTA CONDICION PARA ELIMINAR REGISTRO."): FALTA CONDICION PARA ELIMINAR REGISTRO.

2022-03-29 19:07:15 - [MESSAGE][INFO] - FALTA CONDICION PARA ELIMINAR REGISTRO.

2022-03-29 19:07:15 - [TEST_STEP][PASSED] - comment("conflicto con base de datos no permite eliminar registro"): conflicto con base de datos no permite eliminar registro

2022-03-29 19:07:15 - [MESSAGE][INFO] - conflicto con base de datos no permite eliminar registro

2022-03-29 19:07:15 - [TEST_STEP][PASSED] - closeBrowser(): Browser is closed

2022-03-29 19:07:16 - [MESSAGE][PASSED] - Browser is closed]]></system-out>
         <system-err><![CDATA[]]></system-err>
      </testcase>
      <testcase name="Test Cases/1.2-Tareas_Secundarias/5.1-Pruebas_SST/5.1.8-Crear_plan_de_trabajo_anual" time="73.442" classname="Test Cases/1.2-Tareas_Secundarias/5.1-Pruebas_SST/5.1.8-Crear_plan_de_trabajo_anual" status="PASSED">
         <system-out><![CDATA[2022-03-29 19:07:16 - [TEST_CASE][PASSED] - Test Cases/1.2-Tareas_Secundarias/5.1-Pruebas_SST/5.1.8-Crear_plan_de_trabajo_anual: Test Cases/1.2-Tareas_Secundarias/5.1-Pruebas_SST/5.1.8-Crear_plan_de_trabajo_anual

2022-03-29 19:07:16 - [TEST_STEP][PASSED] - callTestCase(findTestCase("0.1-Login"), [:], STOP_ON_FAILURE): Call Test Case 'Test Cases/0.1-Login' successfully

2022-03-29 19:07:16 - [TEST_CASE][PASSED] - Test Cases/0.1-Login: Test Cases/0.1-Login

2022-03-29 19:07:16 - [TEST_STEP][PASSED] - openBrowser(""): Browser is opened with url: ''

2022-03-29 19:07:16 - [MESSAGE][INFO] - Starting 'Chrome' driver

2022-03-29 19:07:16 - [MESSAGE][INFO] - Action delay is set to 50 milliseconds

2022-03-29 19:07:18 - [MESSAGE][PASSED] - Browser is opened with url: ''

2022-03-29 19:07:18 - [TEST_STEP][PASSED] - maximizeWindow(): Current window maximized

2022-03-29 19:07:18 - [MESSAGE][PASSED] - Current window maximized

2022-03-29 19:07:18 - [TEST_STEP][PASSED] - i = G_Login: null

2022-03-29 19:07:18 - [TEST_STEP][PASSED] - url = new java.net.URL(i): null

2022-03-29 19:07:18 - [TEST_STEP][PASSED] - println("URL: " + url.toString()): null

2022-03-29 19:07:18 - [TEST_STEP][PASSED] - connection = url.openConnection(): null

2022-03-29 19:07:18 - [TEST_STEP][PASSED] - connection.setRequestMethod("GET"): null

2022-03-29 19:07:18 - [TEST_STEP][PASSED] - connection.setReadTimeout(2 * 1000): null

2022-03-29 19:07:18 - [TEST_STEP][PASSED] - try: null

2022-03-29 19:07:18 - [TEST_STEP][PASSED] - connection.connect(): null

2022-03-29 19:07:18 - [TEST_STEP][PASSED] - flag = connected: null

2022-03-29 19:07:18 - [TEST_STEP][PASSED] - println("Valor_ori: " + flag): null

2022-03-29 19:07:18 - [TEST_STEP][PASSED] - if (flag): null

2022-03-29 19:07:18 - [TEST_STEP][PASSED] - navigateToUrl(i): Navigate to 'http://192.168.2.19:8380/saraweb' successfully

2022-03-29 19:07:18 - [MESSAGE][PASSED] - Navigate to 'http://192.168.2.19:8380/saraweb' successfully

2022-03-29 19:07:18 - [TEST_STEP][PASSED] - a(): null

2022-03-29 19:07:18 - [TEST_STEP][PASSED] - setText(findTestObject("Login/input_USUARIO_loginusuario"), G_Usuario): Text 'saraadmin' is set on object 'Object Repository/Login/input_USUARIO_loginusuario'

2022-03-29 19:07:19 - [MESSAGE][PASSED] - Text 'saraadmin' is set on object 'Object Repository/Login/input_USUARIO_loginusuario'

2022-03-29 19:07:19 - [TEST_STEP][PASSED] - setEncryptedText(findTestObject("Login/input_CLAVE_loginpassword"), "MkG4/TYiCFC3cb2driP7+Q=="): Text ****** has been set on object 'Object Repository/Login/input_CLAVE_loginpassword'

2022-03-29 19:07:20 - [MESSAGE][PASSED] - Text ****** has been set on object 'Object Repository/Login/input_CLAVE_loginpassword'

2022-03-29 19:07:20 - [TEST_STEP][PASSED] - waitForElementClickable(findTestObject("Login/a_Ingresar"), G_TimeOut): Object 'Object Repository/Login/a_Ingresar' is clickable

2022-03-29 19:07:20 - [MESSAGE][PASSED] - Object 'Object Repository/Login/a_Ingresar' is clickable

2022-03-29 19:07:20 - [TEST_STEP][PASSED] - click(findTestObject("Login/a_Ingresar")): Object: 'Object Repository/Login/a_Ingresar' is clicked on

2022-03-29 19:07:22 - [MESSAGE][PASSED] - Object: 'Object Repository/Login/a_Ingresar' is clicked on

2022-03-29 19:07:22 - [TEST_STEP][PASSED] - element = findWebElement(findTestObject("Login/a_Ir"), 30): null

2022-03-29 19:07:22 - [TEST_STEP][PASSED] - executeJavaScript("arguments[0].click()", Arrays.asList(element)): Execute JavaScript 'arguments[0].click()' successfully

2022-03-29 19:07:22 - [MESSAGE][PASSED] - Execute JavaScript 'arguments[0].click()' successfully

2022-03-29 19:07:22 - [MESSAGE][PASSED] - Call Test Case 'Test Cases/0.1-Login' successfully

2022-03-29 19:07:22 - [TEST_STEP][PASSED] - setText(findTestObject("M-OBJECTS TAREAS SECUNDARIAS/Pruebas SST/Crear_plan_de_trabajo_anual/input_ADMINISTRADOR DEL SISTEMA - SARA_form_templatej_idt24_input"), "Plan de trabajo anual"): Text 'Plan de trabajo anual' is set on object 'Object Repository/M-OBJECTS TAREAS SECUNDARIAS/Pruebas SST/Crear_plan_de_trabajo_anual/input_ADMINISTRADOR DEL SISTEMA - SARA_form_templatej_idt24_input'

2022-03-29 19:07:23 - [MESSAGE][PASSED] - Text 'Plan de trabajo anual' is set on object 'Object Repository/M-OBJECTS TAREAS SECUNDARIAS/Pruebas SST/Crear_plan_de_trabajo_anual/input_ADMINISTRADOR DEL SISTEMA - SARA_form_templatej_idt24_input'

2022-03-29 19:07:23 - [TEST_STEP][PASSED] - click(findTestObject("M-OBJECTS TAREAS SECUNDARIAS/Pruebas SST/Crear_plan_de_trabajo_anual/li_Plan de Trabajo Anual (sst)")): Object: 'Object Repository/M-OBJECTS TAREAS SECUNDARIAS/Pruebas SST/Crear_plan_de_trabajo_anual/li_Plan de Trabajo Anual (sst)' is clicked on

2022-03-29 19:07:25 - [MESSAGE][PASSED] - Object: 'Object Repository/M-OBJECTS TAREAS SECUNDARIAS/Pruebas SST/Crear_plan_de_trabajo_anual/li_Plan de Trabajo Anual (sst)' is clicked on

2022-03-29 19:07:25 - [TEST_STEP][PASSED] - if (waitForElementPresent(findTestObject("M-OBJECTS TAREAS SECUNDARIAS/Pruebas SST/Crear_plan_de_trabajo_anual/td_pruebas katalon"), 1)): null

2022-03-29 19:07:26 - [MESSAGE][PASSED] - Object 'Object Repository/M-OBJECTS TAREAS SECUNDARIAS/Pruebas SST/Crear_plan_de_trabajo_anual/td_pruebas katalon' is present

2022-03-29 19:07:26 - [TEST_STEP][PASSED] - click(findTestObject("M-OBJECTS TAREAS SECUNDARIAS/Pruebas SST/Crear_plan_de_trabajo_anual/td_pruebas katalon")): Object: 'Object Repository/M-OBJECTS TAREAS SECUNDARIAS/Pruebas SST/Crear_plan_de_trabajo_anual/td_pruebas katalon' is clicked on

2022-03-29 19:07:26 - [MESSAGE][PASSED] - Object: 'Object Repository/M-OBJECTS TAREAS SECUNDARIAS/Pruebas SST/Crear_plan_de_trabajo_anual/td_pruebas katalon' is clicked on

2022-03-29 19:07:26 - [TEST_STEP][PASSED] - click(findTestObject("M-OBJECTS TAREAS SECUNDARIAS/Pruebas SST/Crear_plan_de_trabajo_anual/a_Objetivos")): Object: 'Object Repository/M-OBJECTS TAREAS SECUNDARIAS/Pruebas SST/Crear_plan_de_trabajo_anual/a_Objetivos' is clicked on

2022-03-29 19:07:27 - [MESSAGE][PASSED] - Object: 'Object Repository/M-OBJECTS TAREAS SECUNDARIAS/Pruebas SST/Crear_plan_de_trabajo_anual/a_Objetivos' is clicked on

2022-03-29 19:07:27 - [TEST_STEP][PASSED] - if (waitForElementPresent(findTestObject("M-OBJECTS TAREAS SECUNDARIAS/Pruebas SST/Crear_plan_de_trabajo_anual/td_BASE LEGAL"), 1)): null

2022-03-29 19:07:28 - [MESSAGE][PASSED] - Object 'Object Repository/M-OBJECTS TAREAS SECUNDARIAS/Pruebas SST/Crear_plan_de_trabajo_anual/td_BASE LEGAL' is present

2022-03-29 19:07:28 - [TEST_STEP][PASSED] - click(findTestObject("M-OBJECTS TAREAS SECUNDARIAS/Pruebas SST/Crear_plan_de_trabajo_anual/td_BASE LEGAL")): Object: 'Object Repository/M-OBJECTS TAREAS SECUNDARIAS/Pruebas SST/Crear_plan_de_trabajo_anual/td_BASE LEGAL' is clicked on

2022-03-29 19:07:28 - [MESSAGE][PASSED] - Object: 'Object Repository/M-OBJECTS TAREAS SECUNDARIAS/Pruebas SST/Crear_plan_de_trabajo_anual/td_BASE LEGAL' is clicked on

2022-03-29 19:07:28 - [TEST_STEP][PASSED] - click(findTestObject("M-OBJECTS TAREAS SECUNDARIAS/Pruebas SST/Crear_plan_de_trabajo_anual/a_Actividades")): Object: 'Object Repository/M-OBJECTS TAREAS SECUNDARIAS/Pruebas SST/Crear_plan_de_trabajo_anual/a_Actividades' is clicked on

2022-03-29 19:07:29 - [MESSAGE][PASSED] - Object: 'Object Repository/M-OBJECTS TAREAS SECUNDARIAS/Pruebas SST/Crear_plan_de_trabajo_anual/a_Actividades' is clicked on

2022-03-29 19:07:29 - [TEST_STEP][PASSED] - if (waitForElementPresent(findTestObject("M-OBJECTS TAREAS SECUNDARIAS/Pruebas SST/Crear_plan_de_trabajo_anual/td_pruebas k"), 1)): null

2022-03-29 19:07:30 - [MESSAGE][PASSED] - Object 'Object Repository/M-OBJECTS TAREAS SECUNDARIAS/Pruebas SST/Crear_plan_de_trabajo_anual/td_pruebas k' is present

2022-03-29 19:07:30 - [TEST_STEP][PASSED] - click(findTestObject("M-OBJECTS TAREAS SECUNDARIAS/Pruebas SST/Crear_plan_de_trabajo_anual/td_pruebas k")): Object: 'Object Repository/M-OBJECTS TAREAS SECUNDARIAS/Pruebas SST/Crear_plan_de_trabajo_anual/td_pruebas k' is clicked on

2022-03-29 19:07:30 - [MESSAGE][PASSED] - Object: 'Object Repository/M-OBJECTS TAREAS SECUNDARIAS/Pruebas SST/Crear_plan_de_trabajo_anual/td_pruebas k' is clicked on

2022-03-29 19:07:30 - [TEST_STEP][PASSED] - if (waitForElementPresent(findTestObject("M-OBJECTS TAREAS SECUNDARIAS/Pruebas SST/Crear_plan_de_trabajo_anual/a_Anexos"), 1)): null

2022-03-29 19:07:31 - [MESSAGE][PASSED] - Object 'Object Repository/M-OBJECTS TAREAS SECUNDARIAS/Pruebas SST/Crear_plan_de_trabajo_anual/a_Anexos' is present

2022-03-29 19:07:31 - [TEST_STEP][PASSED] - click(findTestObject("M-OBJECTS TAREAS SECUNDARIAS/Pruebas SST/Crear_plan_de_trabajo_anual/a_Anexos")): Object: 'Object Repository/M-OBJECTS TAREAS SECUNDARIAS/Pruebas SST/Crear_plan_de_trabajo_anual/a_Anexos' is clicked on

2022-03-29 19:07:31 - [MESSAGE][PASSED] - Object: 'Object Repository/M-OBJECTS TAREAS SECUNDARIAS/Pruebas SST/Crear_plan_de_trabajo_anual/a_Anexos' is clicked on

2022-03-29 19:07:31 - [TEST_STEP][PASSED] - if (waitForElementPresent(findTestObject("M-OBJECTS TAREAS SECUNDARIAS/Pruebas SST/Crear_plan_de_trabajo_anual/a_prueba.pdf_form_actividadesObjetivosPlanTrabajotabsActividadestablaAnexos0j_idt769"), 1)): Object 'Object Repository/M-OBJECTS TAREAS SECUNDARIAS/Pruebas SST/Crear_plan_de_trabajo_anual/a_prueba.pdf_form_actividadesObjetivosPlanTrabajotabsActividadestablaAnexos0j_idt769' is not present after 1 second(s)

2022-03-29 19:07:33 - [MESSAGE][INFO] - Unable to find the element located by 'By.xpath: //a[@id='form_actividadesObjetivosPlanTrabajo:tabsActividades:tablaAnexos:0:j_idt769']'. Please recheck the objects properties to make sure the desired element is located. 

2022-03-29 19:07:33 - [MESSAGE][WARNING] - Object 'Object Repository/M-OBJECTS TAREAS SECUNDARIAS/Pruebas SST/Crear_plan_de_trabajo_anual/a_prueba.pdf_form_actividadesObjetivosPlanTrabajotabsActividadestablaAnexos0j_idt769' is not present after 1 second(s)

2022-03-29 19:07:33 - [TEST_STEP][PASSED] - if (waitForElementPresent(findTestObject("M-OBJECTS TAREAS SECUNDARIAS/Pruebas SST/Crear_plan_de_trabajo_anual/a_Cronograma"), 1)): null

2022-03-29 19:07:34 - [MESSAGE][PASSED] - Object 'Object Repository/M-OBJECTS TAREAS SECUNDARIAS/Pruebas SST/Crear_plan_de_trabajo_anual/a_Cronograma' is present

2022-03-29 19:07:34 - [TEST_STEP][PASSED] - click(findTestObject("M-OBJECTS TAREAS SECUNDARIAS/Pruebas SST/Crear_plan_de_trabajo_anual/a_Cronograma")): Object: 'Object Repository/M-OBJECTS TAREAS SECUNDARIAS/Pruebas SST/Crear_plan_de_trabajo_anual/a_Cronograma' is clicked on

2022-03-29 19:07:34 - [MESSAGE][PASSED] - Object: 'Object Repository/M-OBJECTS TAREAS SECUNDARIAS/Pruebas SST/Crear_plan_de_trabajo_anual/a_Cronograma' is clicked on

2022-03-29 19:07:34 - [TEST_STEP][PASSED] - if (waitForElementVisible(findTestObject("M-OBJECTS TAREAS SECUNDARIAS/Pruebas SST/Crear_plan_de_trabajo_anual/td_Programado0"), 1)): null

2022-03-29 19:07:35 - [MESSAGE][PASSED] - Object 'Object Repository/M-OBJECTS TAREAS SECUNDARIAS/Pruebas SST/Crear_plan_de_trabajo_anual/td_Programado0' is visible

2022-03-29 19:07:35 - [TEST_STEP][PASSED] - click(findTestObject("M-OBJECTS TAREAS SECUNDARIAS/Pruebas SST/Crear_plan_de_trabajo_anual/td_Programado0")): Object: 'Object Repository/M-OBJECTS TAREAS SECUNDARIAS/Pruebas SST/Crear_plan_de_trabajo_anual/td_Programado0' is clicked on

2022-03-29 19:07:35 - [MESSAGE][PASSED] - Object: 'Object Repository/M-OBJECTS TAREAS SECUNDARIAS/Pruebas SST/Crear_plan_de_trabajo_anual/td_Programado0' is clicked on

2022-03-29 19:07:35 - [TEST_STEP][PASSED] - click(findTestObject("M-OBJECTS TAREAS SECUNDARIAS/Pruebas SST/Crear_plan_de_trabajo_anual/a_Eliminar")): Object: 'Object Repository/M-OBJECTS TAREAS SECUNDARIAS/Pruebas SST/Crear_plan_de_trabajo_anual/a_Eliminar' is clicked on

2022-03-29 19:07:36 - [MESSAGE][PASSED] - Object: 'Object Repository/M-OBJECTS TAREAS SECUNDARIAS/Pruebas SST/Crear_plan_de_trabajo_anual/a_Eliminar' is clicked on

2022-03-29 19:07:36 - [TEST_STEP][PASSED] - click(findTestObject("M-OBJECTS TAREAS SECUNDARIAS/Pruebas SST/Crear_plan_de_trabajo_anual/a_Aceptar")): Object: 'Object Repository/M-OBJECTS TAREAS SECUNDARIAS/Pruebas SST/Crear_plan_de_trabajo_anual/a_Aceptar' is clicked on

2022-03-29 19:07:37 - [MESSAGE][PASSED] - Object: 'Object Repository/M-OBJECTS TAREAS SECUNDARIAS/Pruebas SST/Crear_plan_de_trabajo_anual/a_Aceptar' is clicked on

2022-03-29 19:07:37 - [TEST_STEP][PASSED] - if (waitForElementPresent(findTestObject("M-OBJECTS TAREAS SECUNDARIAS/Pruebas SST/Crear_plan_de_trabajo_anual/a_Responsable"), 1)): null

2022-03-29 19:07:38 - [MESSAGE][PASSED] - Object 'Object Repository/M-OBJECTS TAREAS SECUNDARIAS/Pruebas SST/Crear_plan_de_trabajo_anual/a_Responsable' is present

2022-03-29 19:07:38 - [TEST_STEP][PASSED] - click(findTestObject("M-OBJECTS TAREAS SECUNDARIAS/Pruebas SST/Crear_plan_de_trabajo_anual/a_Responsable")): Object: 'Object Repository/M-OBJECTS TAREAS SECUNDARIAS/Pruebas SST/Crear_plan_de_trabajo_anual/a_Responsable' is clicked on

2022-03-29 19:07:38 - [MESSAGE][PASSED] - Object: 'Object Repository/M-OBJECTS TAREAS SECUNDARIAS/Pruebas SST/Crear_plan_de_trabajo_anual/a_Responsable' is clicked on

2022-03-29 19:07:38 - [TEST_STEP][PASSED] - if (waitForElementPresent(findTestObject("M-OBJECTS TAREAS SECUNDARIAS/Pruebas SST/Crear_plan_de_trabajo_anual/a_A A A_form_actividadesObjetivosPlanTrabajotabsActividadestabla_responsables0j_idt714"), 1)): null

2022-03-29 19:07:39 - [MESSAGE][PASSED] - Object 'Object Repository/M-OBJECTS TAREAS SECUNDARIAS/Pruebas SST/Crear_plan_de_trabajo_anual/a_A A A_form_actividadesObjetivosPlanTrabajotabsActividadestabla_responsables0j_idt714' is present

2022-03-29 19:07:39 - [TEST_STEP][PASSED] - click(findTestObject("M-OBJECTS TAREAS SECUNDARIAS/Pruebas SST/Crear_plan_de_trabajo_anual/a_A A A_form_actividadesObjetivosPlanTrabajotabsActividadestabla_responsables0j_idt714")): Object: 'Object Repository/M-OBJECTS TAREAS SECUNDARIAS/Pruebas SST/Crear_plan_de_trabajo_anual/a_A A A_form_actividadesObjetivosPlanTrabajotabsActividadestabla_responsables0j_idt714' is clicked on

2022-03-29 19:07:39 - [MESSAGE][PASSED] - Object: 'Object Repository/M-OBJECTS TAREAS SECUNDARIAS/Pruebas SST/Crear_plan_de_trabajo_anual/a_A A A_form_actividadesObjetivosPlanTrabajotabsActividadestabla_responsables0j_idt714' is clicked on

2022-03-29 19:07:39 - [TEST_STEP][PASSED] - click(findTestObject("M-OBJECTS TAREAS SECUNDARIAS/Pruebas SST/Crear_plan_de_trabajo_anual/a_Aceptar")): Object: 'Object Repository/M-OBJECTS TAREAS SECUNDARIAS/Pruebas SST/Crear_plan_de_trabajo_anual/a_Aceptar' is clicked on

2022-03-29 19:07:40 - [MESSAGE][PASSED] - Object: 'Object Repository/M-OBJECTS TAREAS SECUNDARIAS/Pruebas SST/Crear_plan_de_trabajo_anual/a_Aceptar' is clicked on

2022-03-29 19:07:40 - [TEST_STEP][PASSED] - if (waitForElementPresent(findTestObject("M-OBJECTS TAREAS SECUNDARIAS/Pruebas SST/Crear_plan_de_trabajo_anual/a_Actividades_Pestaa"), 1)): null

2022-03-29 19:07:40 - [MESSAGE][PASSED] - Object 'Object Repository/M-OBJECTS TAREAS SECUNDARIAS/Pruebas SST/Crear_plan_de_trabajo_anual/a_Actividades_Pestaa' is present

2022-03-29 19:07:40 - [TEST_STEP][PASSED] - click(findTestObject("M-OBJECTS TAREAS SECUNDARIAS/Pruebas SST/Crear_plan_de_trabajo_anual/a_Actividades_Pestaa")): Object: 'Object Repository/M-OBJECTS TAREAS SECUNDARIAS/Pruebas SST/Crear_plan_de_trabajo_anual/a_Actividades_Pestaa' is clicked on

2022-03-29 19:07:41 - [MESSAGE][PASSED] - Object: 'Object Repository/M-OBJECTS TAREAS SECUNDARIAS/Pruebas SST/Crear_plan_de_trabajo_anual/a_Actividades_Pestaa' is clicked on

2022-03-29 19:07:41 - [TEST_STEP][PASSED] - click(findTestObject("M-OBJECTS TAREAS SECUNDARIAS/Pruebas SST/Crear_plan_de_trabajo_anual/a_Eliminar")): Object: 'Object Repository/M-OBJECTS TAREAS SECUNDARIAS/Pruebas SST/Crear_plan_de_trabajo_anual/a_Eliminar' is clicked on

2022-03-29 19:07:42 - [MESSAGE][PASSED] - Object: 'Object Repository/M-OBJECTS TAREAS SECUNDARIAS/Pruebas SST/Crear_plan_de_trabajo_anual/a_Eliminar' is clicked on

2022-03-29 19:07:42 - [TEST_STEP][PASSED] - click(findTestObject("M-OBJECTS TAREAS SECUNDARIAS/Pruebas SST/Crear_plan_de_trabajo_anual/a_Aceptar")): Object: 'Object Repository/M-OBJECTS TAREAS SECUNDARIAS/Pruebas SST/Crear_plan_de_trabajo_anual/a_Aceptar' is clicked on

2022-03-29 19:07:43 - [MESSAGE][PASSED] - Object: 'Object Repository/M-OBJECTS TAREAS SECUNDARIAS/Pruebas SST/Crear_plan_de_trabajo_anual/a_Aceptar' is clicked on

2022-03-29 19:07:43 - [TEST_STEP][PASSED] - click(findTestObject("M-OBJECTS TAREAS SECUNDARIAS/Pruebas SST/Crear_plan_de_trabajo_anual/a_Detalle")): Object: 'Object Repository/M-OBJECTS TAREAS SECUNDARIAS/Pruebas SST/Crear_plan_de_trabajo_anual/a_Detalle' is clicked on

2022-03-29 19:07:44 - [MESSAGE][PASSED] - Object: 'Object Repository/M-OBJECTS TAREAS SECUNDARIAS/Pruebas SST/Crear_plan_de_trabajo_anual/a_Detalle' is clicked on

2022-03-29 19:07:44 - [TEST_STEP][PASSED] - click(findTestObject("M-OBJECTS TAREAS SECUNDARIAS/Pruebas SST/Crear_plan_de_trabajo_anual/a_Eliminar")): Object: 'Object Repository/M-OBJECTS TAREAS SECUNDARIAS/Pruebas SST/Crear_plan_de_trabajo_anual/a_Eliminar' is clicked on

2022-03-29 19:07:45 - [MESSAGE][PASSED] - Object: 'Object Repository/M-OBJECTS TAREAS SECUNDARIAS/Pruebas SST/Crear_plan_de_trabajo_anual/a_Eliminar' is clicked on

2022-03-29 19:07:45 - [TEST_STEP][PASSED] - click(findTestObject("M-OBJECTS TAREAS SECUNDARIAS/Pruebas SST/Crear_plan_de_trabajo_anual/a_Aceptar")): Object: 'Object Repository/M-OBJECTS TAREAS SECUNDARIAS/Pruebas SST/Crear_plan_de_trabajo_anual/a_Aceptar' is clicked on

2022-03-29 19:07:45 - [MESSAGE][PASSED] - Object: 'Object Repository/M-OBJECTS TAREAS SECUNDARIAS/Pruebas SST/Crear_plan_de_trabajo_anual/a_Aceptar' is clicked on

2022-03-29 19:07:45 - [TEST_STEP][PASSED] - click(findTestObject("M-OBJECTS TAREAS SECUNDARIAS/Pruebas SST/Crear_plan_de_trabajo_anual/a_Regresar")): Object: 'Object Repository/M-OBJECTS TAREAS SECUNDARIAS/Pruebas SST/Crear_plan_de_trabajo_anual/a_Regresar' is clicked on

2022-03-29 19:07:46 - [MESSAGE][PASSED] - Object: 'Object Repository/M-OBJECTS TAREAS SECUNDARIAS/Pruebas SST/Crear_plan_de_trabajo_anual/a_Regresar' is clicked on

2022-03-29 19:07:46 - [TEST_STEP][PASSED] - click(findTestObject("M-OBJECTS TAREAS SECUNDARIAS/Pruebas SST/Crear_plan_de_trabajo_anual/a_Detalle")): Object: 'Object Repository/M-OBJECTS TAREAS SECUNDARIAS/Pruebas SST/Crear_plan_de_trabajo_anual/a_Detalle' is clicked on

2022-03-29 19:07:47 - [MESSAGE][PASSED] - Object: 'Object Repository/M-OBJECTS TAREAS SECUNDARIAS/Pruebas SST/Crear_plan_de_trabajo_anual/a_Detalle' is clicked on

2022-03-29 19:07:47 - [TEST_STEP][PASSED] - if (waitForElementPresent(findTestObject("M-OBJECTS TAREAS SECUNDARIAS/Pruebas SST/Crear_plan_de_trabajo_anual/a_Eliminar"), 1)): null

2022-03-29 19:07:47 - [MESSAGE][PASSED] - Object 'Object Repository/M-OBJECTS TAREAS SECUNDARIAS/Pruebas SST/Crear_plan_de_trabajo_anual/a_Eliminar' is present

2022-03-29 19:07:47 - [TEST_STEP][PASSED] - click(findTestObject("M-OBJECTS TAREAS SECUNDARIAS/Pruebas SST/Crear_plan_de_trabajo_anual/a_Eliminar")): Object: 'Object Repository/M-OBJECTS TAREAS SECUNDARIAS/Pruebas SST/Crear_plan_de_trabajo_anual/a_Eliminar' is clicked on

2022-03-29 19:07:48 - [MESSAGE][PASSED] - Object: 'Object Repository/M-OBJECTS TAREAS SECUNDARIAS/Pruebas SST/Crear_plan_de_trabajo_anual/a_Eliminar' is clicked on

2022-03-29 19:07:48 - [TEST_STEP][PASSED] - click(findTestObject("M-OBJECTS TAREAS SECUNDARIAS/Pruebas SST/Crear_plan_de_trabajo_anual/a_Aceptar")): Object: 'Object Repository/M-OBJECTS TAREAS SECUNDARIAS/Pruebas SST/Crear_plan_de_trabajo_anual/a_Aceptar' is clicked on

2022-03-29 19:07:49 - [MESSAGE][PASSED] - Object: 'Object Repository/M-OBJECTS TAREAS SECUNDARIAS/Pruebas SST/Crear_plan_de_trabajo_anual/a_Aceptar' is clicked on

2022-03-29 19:07:49 - [TEST_STEP][PASSED] - click(findTestObject("M-OBJECTS TAREAS SECUNDARIAS/Pruebas SST/Crear_plan_de_trabajo_anual/a_Regresar")): Object: 'Object Repository/M-OBJECTS TAREAS SECUNDARIAS/Pruebas SST/Crear_plan_de_trabajo_anual/a_Regresar' is clicked on

2022-03-29 19:07:49 - [MESSAGE][PASSED] - Object: 'Object Repository/M-OBJECTS TAREAS SECUNDARIAS/Pruebas SST/Crear_plan_de_trabajo_anual/a_Regresar' is clicked on

2022-03-29 19:07:49 - [TEST_STEP][PASSED] - click(findTestObject("M-OBJECTS TAREAS SECUNDARIAS/Pruebas SST/Crear_plan_de_trabajo_anual/a_Nuevo")): Object: 'Object Repository/M-OBJECTS TAREAS SECUNDARIAS/Pruebas SST/Crear_plan_de_trabajo_anual/a_Nuevo' is clicked on

2022-03-29 19:07:50 - [MESSAGE][PASSED] - Object: 'Object Repository/M-OBJECTS TAREAS SECUNDARIAS/Pruebas SST/Crear_plan_de_trabajo_anual/a_Nuevo' is clicked on

2022-03-29 19:07:50 - [TEST_STEP][PASSED] - setText(findTestObject("M-OBJECTS TAREAS SECUNDARIAS/Pruebas SST/Crear_plan_de_trabajo_anual/input_Nombre_form_datosBasicosPlanTrabajonombre"), "Pruebas  k"): Text 'Pruebas  k' is set on object 'Object Repository/M-OBJECTS TAREAS SECUNDARIAS/Pruebas SST/Crear_plan_de_trabajo_anual/input_Nombre_form_datosBasicosPlanTrabajonombre'

2022-03-29 19:07:51 - [MESSAGE][PASSED] - Text 'Pruebas  k' is set on object 'Object Repository/M-OBJECTS TAREAS SECUNDARIAS/Pruebas SST/Crear_plan_de_trabajo_anual/input_Nombre_form_datosBasicosPlanTrabajonombre'

2022-03-29 19:07:51 - [TEST_STEP][PASSED] - setText(findTestObject("M-OBJECTS TAREAS SECUNDARIAS/Pruebas SST/Crear_plan_de_trabajo_anual/textarea_Descripcin_form_datosBasicosPlanTrabajodescripcion"), "pruebas katalon"): Text 'pruebas katalon' is set on object 'Object Repository/M-OBJECTS TAREAS SECUNDARIAS/Pruebas SST/Crear_plan_de_trabajo_anual/textarea_Descripcin_form_datosBasicosPlanTrabajodescripcion'

2022-03-29 19:07:52 - [MESSAGE][PASSED] - Text 'pruebas katalon' is set on object 'Object Repository/M-OBJECTS TAREAS SECUNDARIAS/Pruebas SST/Crear_plan_de_trabajo_anual/textarea_Descripcin_form_datosBasicosPlanTrabajodescripcion'

2022-03-29 19:07:52 - [TEST_STEP][PASSED] - setText(findTestObject("M-OBJECTS TAREAS SECUNDARIAS/Pruebas SST/Crear_plan_de_trabajo_anual/input_Fecha_form_datosBasicosPlanTrabajofecha_input"), "01/07/2021"): Text '01/07/2021' is set on object 'Object Repository/M-OBJECTS TAREAS SECUNDARIAS/Pruebas SST/Crear_plan_de_trabajo_anual/input_Fecha_form_datosBasicosPlanTrabajofecha_input'

2022-03-29 19:07:53 - [MESSAGE][PASSED] - Text '01/07/2021' is set on object 'Object Repository/M-OBJECTS TAREAS SECUNDARIAS/Pruebas SST/Crear_plan_de_trabajo_anual/input_Fecha_form_datosBasicosPlanTrabajofecha_input'

2022-03-29 19:07:53 - [TEST_STEP][PASSED] - sendKeys(findTestObject("M-OBJECTS TAREAS SECUNDARIAS/Pruebas SST/Crear_plan_de_trabajo_anual/input_Fecha_form_datosBasicosPlanTrabajofecha_input"), Keys.chord(ESCAPE)): Keys 'ESCAPE + ' sent to object: 'Object Repository/M-OBJECTS TAREAS SECUNDARIAS/Pruebas SST/Crear_plan_de_trabajo_anual/input_Fecha_form_datosBasicosPlanTrabajofecha_input'

2022-03-29 19:07:54 - [MESSAGE][PASSED] - Keys 'ESCAPE + ' sent to object: 'Object Repository/M-OBJECTS TAREAS SECUNDARIAS/Pruebas SST/Crear_plan_de_trabajo_anual/input_Fecha_form_datosBasicosPlanTrabajofecha_input'

2022-03-29 19:07:54 - [TEST_STEP][PASSED] - selectOptionByIndex(findTestObject("M-OBJECTS TAREAS SECUNDARIAS/Pruebas SST/Crear_plan_de_trabajo_anual/select_SEDE NORTESEDE OCCIDENTESEDE SUR"), 0): All options with index in [0] are selected on object 'Object Repository/M-OBJECTS TAREAS SECUNDARIAS/Pruebas SST/Crear_plan_de_trabajo_anual/select_SEDE NORTESEDE OCCIDENTESEDE SUR'

2022-03-29 19:07:55 - [MESSAGE][PASSED] - All options with index in [0] are selected on object 'Object Repository/M-OBJECTS TAREAS SECUNDARIAS/Pruebas SST/Crear_plan_de_trabajo_anual/select_SEDE NORTESEDE OCCIDENTESEDE SUR'

2022-03-29 19:07:55 - [TEST_STEP][PASSED] - click(findTestObject("M-OBJECTS TAREAS SECUNDARIAS/Pruebas SST/Crear_plan_de_trabajo_anual/a_Guardar")): Object: 'Object Repository/M-OBJECTS TAREAS SECUNDARIAS/Pruebas SST/Crear_plan_de_trabajo_anual/a_Guardar' is clicked on

2022-03-29 19:07:56 - [MESSAGE][PASSED] - Object: 'Object Repository/M-OBJECTS TAREAS SECUNDARIAS/Pruebas SST/Crear_plan_de_trabajo_anual/a_Guardar' is clicked on

2022-03-29 19:07:56 - [TEST_STEP][PASSED] - click(findTestObject("M-OBJECTS TAREAS SECUNDARIAS/Pruebas SST/Crear_plan_de_trabajo_anual/a_Objetivos")): Object: 'Object Repository/M-OBJECTS TAREAS SECUNDARIAS/Pruebas SST/Crear_plan_de_trabajo_anual/a_Objetivos' is clicked on

2022-03-29 19:07:56 - [MESSAGE][PASSED] - Object: 'Object Repository/M-OBJECTS TAREAS SECUNDARIAS/Pruebas SST/Crear_plan_de_trabajo_anual/a_Objetivos' is clicked on

2022-03-29 19:07:56 - [TEST_STEP][PASSED] - click(findTestObject("M-OBJECTS TAREAS SECUNDARIAS/Pruebas SST/Crear_plan_de_trabajo_anual/a_Nuevo")): Object: 'Object Repository/M-OBJECTS TAREAS SECUNDARIAS/Pruebas SST/Crear_plan_de_trabajo_anual/a_Nuevo' is clicked on

2022-03-29 19:07:57 - [MESSAGE][PASSED] - Object: 'Object Repository/M-OBJECTS TAREAS SECUNDARIAS/Pruebas SST/Crear_plan_de_trabajo_anual/a_Nuevo' is clicked on

2022-03-29 19:07:57 - [TEST_STEP][PASSED] - setText(findTestObject("M-OBJECTS TAREAS SECUNDARIAS/Pruebas SST/Crear_plan_de_trabajo_anual/textarea_Objetivo_form_datosObjetivosPlanTrabajoobjetivo"), "pruebas katalon"): Text 'pruebas katalon' is set on object 'Object Repository/M-OBJECTS TAREAS SECUNDARIAS/Pruebas SST/Crear_plan_de_trabajo_anual/textarea_Objetivo_form_datosObjetivosPlanTrabajoobjetivo'

2022-03-29 19:07:58 - [MESSAGE][PASSED] - Text 'pruebas katalon' is set on object 'Object Repository/M-OBJECTS TAREAS SECUNDARIAS/Pruebas SST/Crear_plan_de_trabajo_anual/textarea_Objetivo_form_datosObjetivosPlanTrabajoobjetivo'

2022-03-29 19:07:58 - [TEST_STEP][PASSED] - selectOptionByIndex(findTestObject("M-OBJECTS TAREAS SECUNDARIAS/Pruebas SST/Crear_plan_de_trabajo_anual/select_SeleccionarBASE LEGAL"), 1): All options with index in [1] are selected on object 'Object Repository/M-OBJECTS TAREAS SECUNDARIAS/Pruebas SST/Crear_plan_de_trabajo_anual/select_SeleccionarBASE LEGAL'

2022-03-29 19:08:00 - [MESSAGE][PASSED] - All options with index in [1] are selected on object 'Object Repository/M-OBJECTS TAREAS SECUNDARIAS/Pruebas SST/Crear_plan_de_trabajo_anual/select_SeleccionarBASE LEGAL'

2022-03-29 19:08:00 - [TEST_STEP][PASSED] - selectOptionByIndex(findTestObject("M-OBJECTS TAREAS SECUNDARIAS/Pruebas SST/Crear_plan_de_trabajo_anual/select_SeleccionarPSO"), 1): All options with index in [1] are selected on object 'Object Repository/M-OBJECTS TAREAS SECUNDARIAS/Pruebas SST/Crear_plan_de_trabajo_anual/select_SeleccionarPSO'

2022-03-29 19:08:01 - [MESSAGE][PASSED] - All options with index in [1] are selected on object 'Object Repository/M-OBJECTS TAREAS SECUNDARIAS/Pruebas SST/Crear_plan_de_trabajo_anual/select_SeleccionarPSO'

2022-03-29 19:08:01 - [TEST_STEP][PASSED] - click(findTestObject("M-OBJECTS TAREAS SECUNDARIAS/Pruebas SST/Crear_plan_de_trabajo_anual/a_Guardar")): Object: 'Object Repository/M-OBJECTS TAREAS SECUNDARIAS/Pruebas SST/Crear_plan_de_trabajo_anual/a_Guardar' is clicked on

2022-03-29 19:08:01 - [MESSAGE][PASSED] - Object: 'Object Repository/M-OBJECTS TAREAS SECUNDARIAS/Pruebas SST/Crear_plan_de_trabajo_anual/a_Guardar' is clicked on

2022-03-29 19:08:01 - [TEST_STEP][PASSED] - click(findTestObject("M-OBJECTS TAREAS SECUNDARIAS/Pruebas SST/Crear_plan_de_trabajo_anual/a_Actividades")): Object: 'Object Repository/M-OBJECTS TAREAS SECUNDARIAS/Pruebas SST/Crear_plan_de_trabajo_anual/a_Actividades' is clicked on

2022-03-29 19:08:02 - [MESSAGE][PASSED] - Object: 'Object Repository/M-OBJECTS TAREAS SECUNDARIAS/Pruebas SST/Crear_plan_de_trabajo_anual/a_Actividades' is clicked on

2022-03-29 19:08:02 - [TEST_STEP][PASSED] - click(findTestObject("M-OBJECTS TAREAS SECUNDARIAS/Pruebas SST/Crear_plan_de_trabajo_anual/a_Nuevo")): Object: 'Object Repository/M-OBJECTS TAREAS SECUNDARIAS/Pruebas SST/Crear_plan_de_trabajo_anual/a_Nuevo' is clicked on

2022-03-29 19:08:03 - [MESSAGE][PASSED] - Object: 'Object Repository/M-OBJECTS TAREAS SECUNDARIAS/Pruebas SST/Crear_plan_de_trabajo_anual/a_Nuevo' is clicked on

2022-03-29 19:08:03 - [TEST_STEP][PASSED] - setText(findTestObject("M-OBJECTS TAREAS SECUNDARIAS/Pruebas SST/Crear_plan_de_trabajo_anual/input_Cdigo_form_actividadesObjetivosPlanTrabajotabsActividadesactividad"), "5"): Text '5' is set on object 'Object Repository/M-OBJECTS TAREAS SECUNDARIAS/Pruebas SST/Crear_plan_de_trabajo_anual/input_Cdigo_form_actividadesObjetivosPlanTrabajotabsActividadesactividad'

2022-03-29 19:08:04 - [MESSAGE][PASSED] - Text '5' is set on object 'Object Repository/M-OBJECTS TAREAS SECUNDARIAS/Pruebas SST/Crear_plan_de_trabajo_anual/input_Cdigo_form_actividadesObjetivosPlanTrabajotabsActividadesactividad'

2022-03-29 19:08:04 - [TEST_STEP][PASSED] - setText(findTestObject("M-OBJECTS TAREAS SECUNDARIAS/Pruebas SST/Crear_plan_de_trabajo_anual/textarea_Descripcin_form_actividadesObjetivosPlanTrabajotabsActividadesdescripcion"), "pruebas k"): Text 'pruebas k' is set on object 'Object Repository/M-OBJECTS TAREAS SECUNDARIAS/Pruebas SST/Crear_plan_de_trabajo_anual/textarea_Descripcin_form_actividadesObjetivosPlanTrabajotabsActividadesdescripcion'

2022-03-29 19:08:05 - [MESSAGE][PASSED] - Text 'pruebas k' is set on object 'Object Repository/M-OBJECTS TAREAS SECUNDARIAS/Pruebas SST/Crear_plan_de_trabajo_anual/textarea_Descripcin_form_actividadesObjetivosPlanTrabajotabsActividadesdescripcion'

2022-03-29 19:08:05 - [TEST_STEP][PASSED] - click(findTestObject("M-OBJECTS TAREAS SECUNDARIAS/Pruebas SST/Crear_plan_de_trabajo_anual/a_Responsable Principal_form_actividadesObjetivosPlanTrabajotabsActividadesj_idt673")): Object: 'Object Repository/M-OBJECTS TAREAS SECUNDARIAS/Pruebas SST/Crear_plan_de_trabajo_anual/a_Responsable Principal_form_actividadesObjetivosPlanTrabajotabsActividadesj_idt673' is clicked on

2022-03-29 19:08:06 - [MESSAGE][PASSED] - Object: 'Object Repository/M-OBJECTS TAREAS SECUNDARIAS/Pruebas SST/Crear_plan_de_trabajo_anual/a_Responsable Principal_form_actividadesObjetivosPlanTrabajotabsActividadesj_idt673' is clicked on

2022-03-29 19:08:06 - [TEST_STEP][PASSED] - setText(findTestObject("M-OBJECTS TAREAS SECUNDARIAS/Pruebas SST/Crear_plan_de_trabajo_anual/input_Filtro Hoja de Vida_formPopupHojaVidaj_idt782"), "A A A"): Text 'A A A' is set on object 'Object Repository/M-OBJECTS TAREAS SECUNDARIAS/Pruebas SST/Crear_plan_de_trabajo_anual/input_Filtro Hoja de Vida_formPopupHojaVidaj_idt782'

2022-03-29 19:08:07 - [MESSAGE][PASSED] - Text 'A A A' is set on object 'Object Repository/M-OBJECTS TAREAS SECUNDARIAS/Pruebas SST/Crear_plan_de_trabajo_anual/input_Filtro Hoja de Vida_formPopupHojaVidaj_idt782'

2022-03-29 19:08:07 - [TEST_STEP][PASSED] - sendKeys(findTestObject("M-OBJECTS TAREAS SECUNDARIAS/Pruebas SST/Crear_plan_de_trabajo_anual/input_Filtro Hoja de Vida_formPopupHojaVidaj_idt782"), Keys.chord(ENTER)): Keys 'ENTER + ' sent to object: 'Object Repository/M-OBJECTS TAREAS SECUNDARIAS/Pruebas SST/Crear_plan_de_trabajo_anual/input_Filtro Hoja de Vida_formPopupHojaVidaj_idt782'

2022-03-29 19:08:08 - [MESSAGE][PASSED] - Keys 'ENTER + ' sent to object: 'Object Repository/M-OBJECTS TAREAS SECUNDARIAS/Pruebas SST/Crear_plan_de_trabajo_anual/input_Filtro Hoja de Vida_formPopupHojaVidaj_idt782'

2022-03-29 19:08:08 - [TEST_STEP][PASSED] - click(findTestObject("M-OBJECTS TAREAS SECUNDARIAS/Pruebas SST/Crear_plan_de_trabajo_anual/span_A A A")): Object: 'Object Repository/M-OBJECTS TAREAS SECUNDARIAS/Pruebas SST/Crear_plan_de_trabajo_anual/span_A A A' is clicked on

2022-03-29 19:08:09 - [MESSAGE][PASSED] - Object: 'Object Repository/M-OBJECTS TAREAS SECUNDARIAS/Pruebas SST/Crear_plan_de_trabajo_anual/span_A A A' is clicked on

2022-03-29 19:08:09 - [TEST_STEP][PASSED] - click(findTestObject("M-OBJECTS TAREAS SECUNDARIAS/Pruebas SST/Crear_plan_de_trabajo_anual/a_Tipo de Riesgo_form_actividadesObjetivosPlanTrabajotabsActividadesj_idt677")): Object: 'Object Repository/M-OBJECTS TAREAS SECUNDARIAS/Pruebas SST/Crear_plan_de_trabajo_anual/a_Tipo de Riesgo_form_actividadesObjetivosPlanTrabajotabsActividadesj_idt677' is clicked on

2022-03-29 19:08:10 - [MESSAGE][PASSED] - Object: 'Object Repository/M-OBJECTS TAREAS SECUNDARIAS/Pruebas SST/Crear_plan_de_trabajo_anual/a_Tipo de Riesgo_form_actividadesObjetivosPlanTrabajotabsActividadesj_idt677' is clicked on

2022-03-29 19:08:10 - [TEST_STEP][PASSED] - click(findTestObject("M-OBJECTS TAREAS SECUNDARIAS/Pruebas SST/Crear_plan_de_trabajo_anual/td_prueba")): Object: 'Object Repository/M-OBJECTS TAREAS SECUNDARIAS/Pruebas SST/Crear_plan_de_trabajo_anual/td_prueba' is clicked on

2022-03-29 19:08:10 - [MESSAGE][PASSED] - Object: 'Object Repository/M-OBJECTS TAREAS SECUNDARIAS/Pruebas SST/Crear_plan_de_trabajo_anual/td_prueba' is clicked on

2022-03-29 19:08:10 - [TEST_STEP][PASSED] - click(findTestObject("M-OBJECTS TAREAS SECUNDARIAS/Pruebas SST/Crear_plan_de_trabajo_anual/a_Guardar")): Object: 'Object Repository/M-OBJECTS TAREAS SECUNDARIAS/Pruebas SST/Crear_plan_de_trabajo_anual/a_Guardar' is clicked on

2022-03-29 19:08:11 - [MESSAGE][PASSED] - Object: 'Object Repository/M-OBJECTS TAREAS SECUNDARIAS/Pruebas SST/Crear_plan_de_trabajo_anual/a_Guardar' is clicked on

2022-03-29 19:08:11 - [TEST_STEP][PASSED] - click(findTestObject("M-OBJECTS TAREAS SECUNDARIAS/Pruebas SST/Crear_plan_de_trabajo_anual/a_Responsable")): Object: 'Object Repository/M-OBJECTS TAREAS SECUNDARIAS/Pruebas SST/Crear_plan_de_trabajo_anual/a_Responsable' is clicked on

2022-03-29 19:08:12 - [MESSAGE][PASSED] - Object: 'Object Repository/M-OBJECTS TAREAS SECUNDARIAS/Pruebas SST/Crear_plan_de_trabajo_anual/a_Responsable' is clicked on

2022-03-29 19:08:12 - [TEST_STEP][PASSED] - click(findTestObject("M-OBJECTS TAREAS SECUNDARIAS/Pruebas SST/Crear_plan_de_trabajo_anual/a_Nombre_form_actividadesObjetivosPlanTrabajotabsActividadestabla_responsablesj_idt710")): Object: 'Object Repository/M-OBJECTS TAREAS SECUNDARIAS/Pruebas SST/Crear_plan_de_trabajo_anual/a_Nombre_form_actividadesObjetivosPlanTrabajotabsActividadestabla_responsablesj_idt710' is clicked on

2022-03-29 19:08:12 - [MESSAGE][PASSED] - Object: 'Object Repository/M-OBJECTS TAREAS SECUNDARIAS/Pruebas SST/Crear_plan_de_trabajo_anual/a_Nombre_form_actividadesObjetivosPlanTrabajotabsActividadestabla_responsablesj_idt710' is clicked on

2022-03-29 19:08:12 - [TEST_STEP][PASSED] - setText(findTestObject("M-OBJECTS TAREAS SECUNDARIAS/Pruebas SST/Crear_plan_de_trabajo_anual/input_Filtro Hoja de Vida_formPopupHojaVidaj_idt7820"), "A A A"): Text 'A A A' is set on object 'Object Repository/M-OBJECTS TAREAS SECUNDARIAS/Pruebas SST/Crear_plan_de_trabajo_anual/input_Filtro Hoja de Vida_formPopupHojaVidaj_idt7820'

2022-03-29 19:08:14 - [MESSAGE][PASSED] - Text 'A A A' is set on object 'Object Repository/M-OBJECTS TAREAS SECUNDARIAS/Pruebas SST/Crear_plan_de_trabajo_anual/input_Filtro Hoja de Vida_formPopupHojaVidaj_idt7820'

2022-03-29 19:08:14 - [TEST_STEP][PASSED] - sendKeys(findTestObject("M-OBJECTS TAREAS SECUNDARIAS/Pruebas SST/Crear_plan_de_trabajo_anual/input_Filtro Hoja de Vida_formPopupHojaVidaj_idt7820"), Keys.chord(ENTER)): Keys 'ENTER + ' sent to object: 'Object Repository/M-OBJECTS TAREAS SECUNDARIAS/Pruebas SST/Crear_plan_de_trabajo_anual/input_Filtro Hoja de Vida_formPopupHojaVidaj_idt7820'

2022-03-29 19:08:14 - [MESSAGE][PASSED] - Keys 'ENTER + ' sent to object: 'Object Repository/M-OBJECTS TAREAS SECUNDARIAS/Pruebas SST/Crear_plan_de_trabajo_anual/input_Filtro Hoja de Vida_formPopupHojaVidaj_idt7820'

2022-03-29 19:08:14 - [TEST_STEP][PASSED] - click(findTestObject("M-OBJECTS TAREAS SECUNDARIAS/Pruebas SST/Crear_plan_de_trabajo_anual/td_A A A")): Object: 'Object Repository/M-OBJECTS TAREAS SECUNDARIAS/Pruebas SST/Crear_plan_de_trabajo_anual/td_A A A' is clicked on

2022-03-29 19:08:15 - [MESSAGE][PASSED] - Object: 'Object Repository/M-OBJECTS TAREAS SECUNDARIAS/Pruebas SST/Crear_plan_de_trabajo_anual/td_A A A' is clicked on

2022-03-29 19:08:15 - [TEST_STEP][PASSED] - click(findTestObject("M-OBJECTS TAREAS SECUNDARIAS/Pruebas SST/Crear_plan_de_trabajo_anual/a_Nombre_form_actividadesObjetivosPlanTrabajotabsActividadestabla_responsablesj_idt715")): Object: 'Object Repository/M-OBJECTS TAREAS SECUNDARIAS/Pruebas SST/Crear_plan_de_trabajo_anual/a_Nombre_form_actividadesObjetivosPlanTrabajotabsActividadestabla_responsablesj_idt715' is clicked on

2022-03-29 19:08:16 - [MESSAGE][PASSED] - Object: 'Object Repository/M-OBJECTS TAREAS SECUNDARIAS/Pruebas SST/Crear_plan_de_trabajo_anual/a_Nombre_form_actividadesObjetivosPlanTrabajotabsActividadestabla_responsablesj_idt715' is clicked on

2022-03-29 19:08:16 - [TEST_STEP][PASSED] - click(findTestObject("M-OBJECTS TAREAS SECUNDARIAS/Pruebas SST/Crear_plan_de_trabajo_anual/a_Cronograma")): Object: 'Object Repository/M-OBJECTS TAREAS SECUNDARIAS/Pruebas SST/Crear_plan_de_trabajo_anual/a_Cronograma' is clicked on

2022-03-29 19:08:16 - [MESSAGE][PASSED] - Object: 'Object Repository/M-OBJECTS TAREAS SECUNDARIAS/Pruebas SST/Crear_plan_de_trabajo_anual/a_Cronograma' is clicked on

2022-03-29 19:08:16 - [TEST_STEP][PASSED] - click(findTestObject("M-OBJECTS TAREAS SECUNDARIAS/Pruebas SST/Crear_plan_de_trabajo_anual/a_Nuevo")): Object: 'Object Repository/M-OBJECTS TAREAS SECUNDARIAS/Pruebas SST/Crear_plan_de_trabajo_anual/a_Nuevo' is clicked on

2022-03-29 19:08:17 - [MESSAGE][PASSED] - Object: 'Object Repository/M-OBJECTS TAREAS SECUNDARIAS/Pruebas SST/Crear_plan_de_trabajo_anual/a_Nuevo' is clicked on

2022-03-29 19:08:17 - [TEST_STEP][PASSED] - setText(findTestObject("M-OBJECTS TAREAS SECUNDARIAS/Pruebas SST/Crear_plan_de_trabajo_anual/input_Fecha Inicio_form_actividadesObjetivosPlanTrabajotabsActividadesfechaInicial_input"), "01/07/2021"): Text '01/07/2021' is set on object 'Object Repository/M-OBJECTS TAREAS SECUNDARIAS/Pruebas SST/Crear_plan_de_trabajo_anual/input_Fecha Inicio_form_actividadesObjetivosPlanTrabajotabsActividadesfechaInicial_input'

2022-03-29 19:08:18 - [MESSAGE][PASSED] - Text '01/07/2021' is set on object 'Object Repository/M-OBJECTS TAREAS SECUNDARIAS/Pruebas SST/Crear_plan_de_trabajo_anual/input_Fecha Inicio_form_actividadesObjetivosPlanTrabajotabsActividadesfechaInicial_input'

2022-03-29 19:08:18 - [TEST_STEP][PASSED] - setText(findTestObject("M-OBJECTS TAREAS SECUNDARIAS/Pruebas SST/Crear_plan_de_trabajo_anual/input_Fecha Final_form_actividadesObjetivosPlanTrabajotabsActividadesfechaFinal_input"), "02/07/2021"): Text '02/07/2021' is set on object 'Object Repository/M-OBJECTS TAREAS SECUNDARIAS/Pruebas SST/Crear_plan_de_trabajo_anual/input_Fecha Final_form_actividadesObjetivosPlanTrabajotabsActividadesfechaFinal_input'

2022-03-29 19:08:20 - [MESSAGE][PASSED] - Text '02/07/2021' is set on object 'Object Repository/M-OBJECTS TAREAS SECUNDARIAS/Pruebas SST/Crear_plan_de_trabajo_anual/input_Fecha Final_form_actividadesObjetivosPlanTrabajotabsActividadesfechaFinal_input'

2022-03-29 19:08:20 - [TEST_STEP][PASSED] - setText(findTestObject("M-OBJECTS TAREAS SECUNDARIAS/Pruebas SST/Crear_plan_de_trabajo_anual/input_Horas Programadas_form_actividadesObjetivosPlanTrabajotabsActividadeshorasProgramadas"), "5"): Text '5' is set on object 'Object Repository/M-OBJECTS TAREAS SECUNDARIAS/Pruebas SST/Crear_plan_de_trabajo_anual/input_Horas Programadas_form_actividadesObjetivosPlanTrabajotabsActividadeshorasProgramadas'

2022-03-29 19:08:21 - [MESSAGE][PASSED] - Text '5' is set on object 'Object Repository/M-OBJECTS TAREAS SECUNDARIAS/Pruebas SST/Crear_plan_de_trabajo_anual/input_Horas Programadas_form_actividadesObjetivosPlanTrabajotabsActividadeshorasProgramadas'

2022-03-29 19:08:21 - [TEST_STEP][PASSED] - selectOptionByIndex(findTestObject("M-OBJECTS TAREAS SECUNDARIAS/Pruebas SST/Crear_plan_de_trabajo_anual/select_SeleccionarEjecutadoProgramado"), 2): All options with index in [2] are selected on object 'Object Repository/M-OBJECTS TAREAS SECUNDARIAS/Pruebas SST/Crear_plan_de_trabajo_anual/select_SeleccionarEjecutadoProgramado'

2022-03-29 19:08:22 - [MESSAGE][PASSED] - All options with index in [2] are selected on object 'Object Repository/M-OBJECTS TAREAS SECUNDARIAS/Pruebas SST/Crear_plan_de_trabajo_anual/select_SeleccionarEjecutadoProgramado'

2022-03-29 19:08:22 - [TEST_STEP][PASSED] - click(findTestObject("M-OBJECTS TAREAS SECUNDARIAS/Pruebas SST/Crear_plan_de_trabajo_anual/a_Guardar")): Object: 'Object Repository/M-OBJECTS TAREAS SECUNDARIAS/Pruebas SST/Crear_plan_de_trabajo_anual/a_Guardar' is clicked on

2022-03-29 19:08:23 - [MESSAGE][PASSED] - Object: 'Object Repository/M-OBJECTS TAREAS SECUNDARIAS/Pruebas SST/Crear_plan_de_trabajo_anual/a_Guardar' is clicked on

2022-03-29 19:08:23 - [TEST_STEP][PASSED] - click(findTestObject("M-OBJECTS TAREAS SECUNDARIAS/Pruebas SST/Crear_plan_de_trabajo_anual/a_Anexos")): Object: 'Object Repository/M-OBJECTS TAREAS SECUNDARIAS/Pruebas SST/Crear_plan_de_trabajo_anual/a_Anexos' is clicked on

2022-03-29 19:08:23 - [MESSAGE][PASSED] - Object: 'Object Repository/M-OBJECTS TAREAS SECUNDARIAS/Pruebas SST/Crear_plan_de_trabajo_anual/a_Anexos' is clicked on

2022-03-29 19:08:23 - [TEST_STEP][PASSED] - click(findTestObject("M-OBJECTS TAREAS SECUNDARIAS/Pruebas SST/Crear_plan_de_trabajo_anual/a_Descargar_form_actividadesObjetivosPlanTrabajotabsActividadestablaAnexosj_idt763")): Object: 'Object Repository/M-OBJECTS TAREAS SECUNDARIAS/Pruebas SST/Crear_plan_de_trabajo_anual/a_Descargar_form_actividadesObjetivosPlanTrabajotabsActividadestablaAnexosj_idt763' is clicked on

2022-03-29 19:08:24 - [MESSAGE][PASSED] - Object: 'Object Repository/M-OBJECTS TAREAS SECUNDARIAS/Pruebas SST/Crear_plan_de_trabajo_anual/a_Descargar_form_actividadesObjetivosPlanTrabajotabsActividadestablaAnexosj_idt763' is clicked on

2022-03-29 19:08:24 - [TEST_STEP][PASSED] - waitForElementPresent(findTestObject("M-OBJECTS TAREAS SECUNDARIAS/Pruebas SST/Crear_plan_de_trabajo_anual/input_Cargar Archivo_popupCargarArchivoForminputFileName_input"), 0): Object 'Object Repository/M-OBJECTS TAREAS SECUNDARIAS/Pruebas SST/Crear_plan_de_trabajo_anual/input_Cargar Archivo_popupCargarArchivoForminputFileName_input' is present

2022-03-29 19:08:24 - [MESSAGE][WARNING] - Timeout '0' is invalid. Using default page load timeout: '45'

2022-03-29 19:08:25 - [MESSAGE][PASSED] - Object 'Object Repository/M-OBJECTS TAREAS SECUNDARIAS/Pruebas SST/Crear_plan_de_trabajo_anual/input_Cargar Archivo_popupCargarArchivoForminputFileName_input' is present

2022-03-29 19:08:25 - [TEST_STEP][PASSED] - ruta = G_rutaarchivos + "prueba.pdf": null

2022-03-29 19:08:25 - [TEST_STEP][PASSED] - uploadFile(findTestObject("M-OBJECTS TAREAS SECUNDARIAS/Pruebas SST/Crear_plan_de_trabajo_anual/input_Cargar Archivo_popupCargarArchivoForminputFileName_input"), ruta): File 'E:\unionweb14\prueba.pdf' sent to object: 'Object Repository/M-OBJECTS TAREAS SECUNDARIAS/Pruebas SST/Crear_plan_de_trabajo_anual/input_Cargar Archivo_popupCargarArchivoForminputFileName_input'

2022-03-29 19:08:25 - [MESSAGE][PASSED] - File 'E:\unionweb14\prueba.pdf' sent to object: 'Object Repository/M-OBJECTS TAREAS SECUNDARIAS/Pruebas SST/Crear_plan_de_trabajo_anual/input_Cargar Archivo_popupCargarArchivoForminputFileName_input'

2022-03-29 19:08:25 - [TEST_STEP][PASSED] - setText(findTestObject("M-OBJECTS TAREAS SECUNDARIAS/Pruebas SST/Crear_plan_de_trabajo_anual/input_Descargar_form_actividadesObjetivosPlanTrabajotabsActividadestablaAnexosdescripcionAnexo"), "prueba"): Text 'prueba' is set on object 'Object Repository/M-OBJECTS TAREAS SECUNDARIAS/Pruebas SST/Crear_plan_de_trabajo_anual/input_Descargar_form_actividadesObjetivosPlanTrabajotabsActividadestablaAnexosdescripcionAnexo'

2022-03-29 19:08:27 - [MESSAGE][PASSED] - Text 'prueba' is set on object 'Object Repository/M-OBJECTS TAREAS SECUNDARIAS/Pruebas SST/Crear_plan_de_trabajo_anual/input_Descargar_form_actividadesObjetivosPlanTrabajotabsActividadestablaAnexosdescripcionAnexo'

2022-03-29 19:08:27 - [TEST_STEP][PASSED] - setText(findTestObject("M-OBJECTS TAREAS SECUNDARIAS/Pruebas SST/Crear_plan_de_trabajo_anual/input_Descargar_form_actividadesObjetivosPlanTrabajotabsActividadestablaAnexosfecha_input"), "01/07/2021"): Text '01/07/2021' is set on object 'Object Repository/M-OBJECTS TAREAS SECUNDARIAS/Pruebas SST/Crear_plan_de_trabajo_anual/input_Descargar_form_actividadesObjetivosPlanTrabajotabsActividadestablaAnexosfecha_input'

2022-03-29 19:08:28 - [MESSAGE][PASSED] - Text '01/07/2021' is set on object 'Object Repository/M-OBJECTS TAREAS SECUNDARIAS/Pruebas SST/Crear_plan_de_trabajo_anual/input_Descargar_form_actividadesObjetivosPlanTrabajotabsActividadestablaAnexosfecha_input'

2022-03-29 19:08:28 - [TEST_STEP][PASSED] - waitForElementPresent(findTestObject("M-OBJECTS TAREAS SECUNDARIAS/Pruebas SST/Crear_plan_de_trabajo_anual/a_Descargar_form_actividadesObjetivosPlanTrabajotabsActividadestablaAnexosj_idt770"), 0): Object 'Object Repository/M-OBJECTS TAREAS SECUNDARIAS/Pruebas SST/Crear_plan_de_trabajo_anual/a_Descargar_form_actividadesObjetivosPlanTrabajotabsActividadestablaAnexosj_idt770' is present

2022-03-29 19:08:28 - [MESSAGE][WARNING] - Timeout '0' is invalid. Using default page load timeout: '45'

2022-03-29 19:08:28 - [MESSAGE][PASSED] - Object 'Object Repository/M-OBJECTS TAREAS SECUNDARIAS/Pruebas SST/Crear_plan_de_trabajo_anual/a_Descargar_form_actividadesObjetivosPlanTrabajotabsActividadestablaAnexosj_idt770' is present

2022-03-29 19:08:28 - [TEST_STEP][PASSED] - click(findTestObject("M-OBJECTS TAREAS SECUNDARIAS/Pruebas SST/Crear_plan_de_trabajo_anual/a_Descargar_form_actividadesObjetivosPlanTrabajotabsActividadestablaAnexosj_idt770")): Object: 'Object Repository/M-OBJECTS TAREAS SECUNDARIAS/Pruebas SST/Crear_plan_de_trabajo_anual/a_Descargar_form_actividadesObjetivosPlanTrabajotabsActividadestablaAnexosj_idt770' is clicked on

2022-03-29 19:08:29 - [MESSAGE][PASSED] - Object: 'Object Repository/M-OBJECTS TAREAS SECUNDARIAS/Pruebas SST/Crear_plan_de_trabajo_anual/a_Descargar_form_actividadesObjetivosPlanTrabajotabsActividadestablaAnexosj_idt770' is clicked on

2022-03-29 19:08:29 - [TEST_STEP][PASSED] - scrollToPosition(400, 400): Browser is scrolled to position x = 400, y = 400

2022-03-29 19:08:29 - [MESSAGE][PASSED] - Browser is scrolled to position x = 400, y = 400

2022-03-29 19:08:29 - [TEST_STEP][PASSED] - closeBrowser(): Browser is closed

2022-03-29 19:08:29 - [MESSAGE][PASSED] - Browser is closed]]></system-out>
         <system-err><![CDATA[]]></system-err>
      </testcase>
      <testcase name="Test Cases/1.2-Tareas_Secundarias/5.1-Pruebas_SST/5.1.9-Creación_de_Grupos_de_Apoyo" time="82.632" classname="Test Cases/1.2-Tareas_Secundarias/5.1-Pruebas_SST/5.1.9-Creación_de_Grupos_de_Apoyo" status="PASSED">
         <system-out><![CDATA[2022-03-29 19:08:29 - [TEST_CASE][PASSED] - Test Cases/1.2-Tareas_Secundarias/5.1-Pruebas_SST/5.1.9-Creación_de_Grupos_de_Apoyo: Test Cases/1.2-Tareas_Secundarias/5.1-Pruebas_SST/5.1.9-Creación_de_Grupos_de_Apoyo

2022-03-29 19:08:30 - [TEST_STEP][PASSED] - callTestCase(findTestCase("0.1-Login"), [:], STOP_ON_FAILURE): Call Test Case 'Test Cases/0.1-Login' successfully

2022-03-29 19:08:30 - [TEST_CASE][PASSED] - Test Cases/0.1-Login: Test Cases/0.1-Login

2022-03-29 19:08:30 - [TEST_STEP][PASSED] - openBrowser(""): Browser is opened with url: ''

2022-03-29 19:08:30 - [MESSAGE][INFO] - Starting 'Chrome' driver

2022-03-29 19:08:30 - [MESSAGE][INFO] - Action delay is set to 50 milliseconds

2022-03-29 19:08:31 - [MESSAGE][PASSED] - Browser is opened with url: ''

2022-03-29 19:08:31 - [TEST_STEP][PASSED] - maximizeWindow(): Current window maximized

2022-03-29 19:08:31 - [MESSAGE][PASSED] - Current window maximized

2022-03-29 19:08:31 - [TEST_STEP][PASSED] - i = G_Login: null

2022-03-29 19:08:31 - [TEST_STEP][PASSED] - url = new java.net.URL(i): null

2022-03-29 19:08:31 - [TEST_STEP][PASSED] - println("URL: " + url.toString()): null

2022-03-29 19:08:31 - [TEST_STEP][PASSED] - connection = url.openConnection(): null

2022-03-29 19:08:31 - [TEST_STEP][PASSED] - connection.setRequestMethod("GET"): null

2022-03-29 19:08:31 - [TEST_STEP][PASSED] - connection.setReadTimeout(2 * 1000): null

2022-03-29 19:08:31 - [TEST_STEP][PASSED] - try: null

2022-03-29 19:08:31 - [TEST_STEP][PASSED] - connection.connect(): null

2022-03-29 19:08:31 - [TEST_STEP][PASSED] - flag = connected: null

2022-03-29 19:08:31 - [TEST_STEP][PASSED] - println("Valor_ori: " + flag): null

2022-03-29 19:08:31 - [TEST_STEP][PASSED] - if (flag): null

2022-03-29 19:08:31 - [TEST_STEP][PASSED] - navigateToUrl(i): Navigate to 'http://192.168.2.19:8380/saraweb' successfully

2022-03-29 19:08:32 - [MESSAGE][PASSED] - Navigate to 'http://192.168.2.19:8380/saraweb' successfully

2022-03-29 19:08:32 - [TEST_STEP][PASSED] - a(): null

2022-03-29 19:08:32 - [TEST_STEP][PASSED] - setText(findTestObject("Login/input_USUARIO_loginusuario"), G_Usuario): Text 'saraadmin' is set on object 'Object Repository/Login/input_USUARIO_loginusuario'

2022-03-29 19:08:33 - [MESSAGE][PASSED] - Text 'saraadmin' is set on object 'Object Repository/Login/input_USUARIO_loginusuario'

2022-03-29 19:08:33 - [TEST_STEP][PASSED] - setEncryptedText(findTestObject("Login/input_CLAVE_loginpassword"), "MkG4/TYiCFC3cb2driP7+Q=="): Text ****** has been set on object 'Object Repository/Login/input_CLAVE_loginpassword'

2022-03-29 19:08:33 - [MESSAGE][PASSED] - Text ****** has been set on object 'Object Repository/Login/input_CLAVE_loginpassword'

2022-03-29 19:08:33 - [TEST_STEP][PASSED] - waitForElementClickable(findTestObject("Login/a_Ingresar"), G_TimeOut): Object 'Object Repository/Login/a_Ingresar' is clickable

2022-03-29 19:08:34 - [MESSAGE][PASSED] - Object 'Object Repository/Login/a_Ingresar' is clickable

2022-03-29 19:08:34 - [TEST_STEP][PASSED] - click(findTestObject("Login/a_Ingresar")): Object: 'Object Repository/Login/a_Ingresar' is clicked on

2022-03-29 19:08:35 - [MESSAGE][PASSED] - Object: 'Object Repository/Login/a_Ingresar' is clicked on

2022-03-29 19:08:35 - [TEST_STEP][PASSED] - element = findWebElement(findTestObject("Login/a_Ir"), 30): null

2022-03-29 19:08:35 - [TEST_STEP][PASSED] - executeJavaScript("arguments[0].click()", Arrays.asList(element)): Execute JavaScript 'arguments[0].click()' successfully

2022-03-29 19:08:35 - [MESSAGE][PASSED] - Execute JavaScript 'arguments[0].click()' successfully

2022-03-29 19:08:35 - [MESSAGE][PASSED] - Call Test Case 'Test Cases/0.1-Login' successfully

2022-03-29 19:08:35 - [TEST_STEP][PASSED] - setText(findTestObject("M-OBJECTS TAREAS SECUNDARIAS/Pruebas SST/Creación de Grupos de Apoyo/input_ADMINISTRADOR DEL SISTEMA - SARA_form_templatej_idt24_input"), "grupos de apoyo"): Text 'grupos de apoyo' is set on object 'Object Repository/M-OBJECTS TAREAS SECUNDARIAS/Pruebas SST/Creación de Grupos de Apoyo/input_ADMINISTRADOR DEL SISTEMA - SARA_form_templatej_idt24_input'

2022-03-29 19:08:37 - [MESSAGE][PASSED] - Text 'grupos de apoyo' is set on object 'Object Repository/M-OBJECTS TAREAS SECUNDARIAS/Pruebas SST/Creación de Grupos de Apoyo/input_ADMINISTRADOR DEL SISTEMA - SARA_form_templatej_idt24_input'

2022-03-29 19:08:37 - [TEST_STEP][PASSED] - click(findTestObject("M-OBJECTS TAREAS SECUNDARIAS/Pruebas SST/Creación de Grupos de Apoyo/li_Grupos de Apoyo (sst)")): Object: 'Object Repository/M-OBJECTS TAREAS SECUNDARIAS/Pruebas SST/Creación de Grupos de Apoyo/li_Grupos de Apoyo (sst)' is clicked on

2022-03-29 19:08:38 - [MESSAGE][PASSED] - Object: 'Object Repository/M-OBJECTS TAREAS SECUNDARIAS/Pruebas SST/Creación de Grupos de Apoyo/li_Grupos de Apoyo (sst)' is clicked on

2022-03-29 19:08:38 - [TEST_STEP][PASSED] - setText(findTestObject("M-OBJECTS TAREAS SECUNDARIAS/Pruebas SST/Creación de Grupos de Apoyo/input_Descripcin_form_equipoTrabajoSalfiltroGrupoApoyo0"), "Katalon"): Text 'Katalon' is set on object 'Object Repository/M-OBJECTS TAREAS SECUNDARIAS/Pruebas SST/Creación de Grupos de Apoyo/input_Descripcin_form_equipoTrabajoSalfiltroGrupoApoyo0'

2022-03-29 19:08:40 - [MESSAGE][PASSED] - Text 'Katalon' is set on object 'Object Repository/M-OBJECTS TAREAS SECUNDARIAS/Pruebas SST/Creación de Grupos de Apoyo/input_Descripcin_form_equipoTrabajoSalfiltroGrupoApoyo0'

2022-03-29 19:08:40 - [TEST_STEP][PASSED] - if (waitForElementPresent(findTestObject("M-OBJECTS TAREAS SECUNDARIAS/Pruebas SST/Creación de Grupos de Apoyo/td_PRUEBAS KATALON0"), 1)): null

2022-03-29 19:08:40 - [MESSAGE][PASSED] - Object 'Object Repository/M-OBJECTS TAREAS SECUNDARIAS/Pruebas SST/Creación de Grupos de Apoyo/td_PRUEBAS KATALON0' is present

2022-03-29 19:08:40 - [TEST_STEP][PASSED] - click(findTestObject("M-OBJECTS TAREAS SECUNDARIAS/Pruebas SST/Creación de Grupos de Apoyo/td_PRUEBAS KATALON0")): Object: 'Object Repository/M-OBJECTS TAREAS SECUNDARIAS/Pruebas SST/Creación de Grupos de Apoyo/td_PRUEBAS KATALON0' is clicked on

2022-03-29 19:08:41 - [MESSAGE][PASSED] - Object: 'Object Repository/M-OBJECTS TAREAS SECUNDARIAS/Pruebas SST/Creación de Grupos de Apoyo/td_PRUEBAS KATALON0' is clicked on

2022-03-29 19:08:41 - [TEST_STEP][PASSED] - click(findTestObject("M-OBJECTS TAREAS SECUNDARIAS/Pruebas SST/Creación de Grupos de Apoyo/a_Anexos")): Object: 'Object Repository/M-OBJECTS TAREAS SECUNDARIAS/Pruebas SST/Creación de Grupos de Apoyo/a_Anexos' is clicked on

2022-03-29 19:08:42 - [MESSAGE][PASSED] - Object: 'Object Repository/M-OBJECTS TAREAS SECUNDARIAS/Pruebas SST/Creación de Grupos de Apoyo/a_Anexos' is clicked on

2022-03-29 19:08:42 - [TEST_STEP][PASSED] - if (waitForElementPresent(findTestObject("M-OBJECTS TAREAS SECUNDARIAS/Pruebas SST/Creación de Grupos de Apoyo/a_prueba.pdf_form_equipoTrabajoSaltabtablaAnexos0j_idt208"), 1)): null

2022-03-29 19:08:42 - [MESSAGE][PASSED] - Object 'Object Repository/M-OBJECTS TAREAS SECUNDARIAS/Pruebas SST/Creación de Grupos de Apoyo/a_prueba.pdf_form_equipoTrabajoSaltabtablaAnexos0j_idt208' is present

2022-03-29 19:08:42 - [TEST_STEP][PASSED] - click(findTestObject("M-OBJECTS TAREAS SECUNDARIAS/Pruebas SST/Creación de Grupos de Apoyo/a_prueba.pdf_form_equipoTrabajoSaltabtablaAnexos0j_idt208")): Object: 'Object Repository/M-OBJECTS TAREAS SECUNDARIAS/Pruebas SST/Creación de Grupos de Apoyo/a_prueba.pdf_form_equipoTrabajoSaltabtablaAnexos0j_idt208' is clicked on

2022-03-29 19:08:43 - [MESSAGE][PASSED] - Object: 'Object Repository/M-OBJECTS TAREAS SECUNDARIAS/Pruebas SST/Creación de Grupos de Apoyo/a_prueba.pdf_form_equipoTrabajoSaltabtablaAnexos0j_idt208' is clicked on

2022-03-29 19:08:43 - [TEST_STEP][PASSED] - click(findTestObject("M-OBJECTS TAREAS SECUNDARIAS/Pruebas SST/Creación de Grupos de Apoyo/span_Si0")): Object: 'Object Repository/M-OBJECTS TAREAS SECUNDARIAS/Pruebas SST/Creación de Grupos de Apoyo/span_Si0' is clicked on

2022-03-29 19:08:43 - [MESSAGE][PASSED] - Object: 'Object Repository/M-OBJECTS TAREAS SECUNDARIAS/Pruebas SST/Creación de Grupos de Apoyo/span_Si0' is clicked on

2022-03-29 19:08:43 - [TEST_STEP][PASSED] - click(findTestObject("M-OBJECTS TAREAS SECUNDARIAS/Pruebas SST/Creación de Grupos de Apoyo/a_Compromisos")): Object: 'Object Repository/M-OBJECTS TAREAS SECUNDARIAS/Pruebas SST/Creación de Grupos de Apoyo/a_Compromisos' is clicked on

2022-03-29 19:08:45 - [MESSAGE][PASSED] - Object: 'Object Repository/M-OBJECTS TAREAS SECUNDARIAS/Pruebas SST/Creación de Grupos de Apoyo/a_Compromisos' is clicked on

2022-03-29 19:08:45 - [TEST_STEP][PASSED] - if (waitForElementPresent(findTestObject("M-OBJECTS TAREAS SECUNDARIAS/Pruebas SST/Creación de Grupos de Apoyo/span_Trate de no correr"), 1)): null

2022-03-29 19:08:45 - [MESSAGE][PASSED] - Object 'Object Repository/M-OBJECTS TAREAS SECUNDARIAS/Pruebas SST/Creación de Grupos de Apoyo/span_Trate de no correr' is present

2022-03-29 19:08:45 - [TEST_STEP][PASSED] - click(findTestObject("M-OBJECTS TAREAS SECUNDARIAS/Pruebas SST/Creación de Grupos de Apoyo/span_Trate de no correr")): Object: 'Object Repository/M-OBJECTS TAREAS SECUNDARIAS/Pruebas SST/Creación de Grupos de Apoyo/span_Trate de no correr' is clicked on

2022-03-29 19:08:46 - [MESSAGE][PASSED] - Object: 'Object Repository/M-OBJECTS TAREAS SECUNDARIAS/Pruebas SST/Creación de Grupos de Apoyo/span_Trate de no correr' is clicked on

2022-03-29 19:08:46 - [TEST_STEP][PASSED] - click(findTestObject("M-OBJECTS TAREAS SECUNDARIAS/Pruebas SST/Creación de Grupos de Apoyo/a_Eliminar0")): Object: 'Object Repository/M-OBJECTS TAREAS SECUNDARIAS/Pruebas SST/Creación de Grupos de Apoyo/a_Eliminar0' is clicked on

2022-03-29 19:08:47 - [MESSAGE][PASSED] - Object: 'Object Repository/M-OBJECTS TAREAS SECUNDARIAS/Pruebas SST/Creación de Grupos de Apoyo/a_Eliminar0' is clicked on

2022-03-29 19:08:47 - [TEST_STEP][PASSED] - click(findTestObject("M-OBJECTS TAREAS SECUNDARIAS/Pruebas SST/Creación de Grupos de Apoyo/a_Aceptar0")): Object: 'Object Repository/M-OBJECTS TAREAS SECUNDARIAS/Pruebas SST/Creación de Grupos de Apoyo/a_Aceptar0' is clicked on

2022-03-29 19:08:47 - [MESSAGE][PASSED] - Object: 'Object Repository/M-OBJECTS TAREAS SECUNDARIAS/Pruebas SST/Creación de Grupos de Apoyo/a_Aceptar0' is clicked on

2022-03-29 19:08:47 - [TEST_STEP][PASSED] - click(findTestObject("M-OBJECTS TAREAS SECUNDARIAS/Pruebas SST/Creación de Grupos de Apoyo/a_Actividades")): Object: 'Object Repository/M-OBJECTS TAREAS SECUNDARIAS/Pruebas SST/Creación de Grupos de Apoyo/a_Actividades' is clicked on

2022-03-29 19:08:48 - [MESSAGE][PASSED] - Object: 'Object Repository/M-OBJECTS TAREAS SECUNDARIAS/Pruebas SST/Creación de Grupos de Apoyo/a_Actividades' is clicked on

2022-03-29 19:08:48 - [TEST_STEP][PASSED] - if (waitForElementPresent(findTestObject("M-OBJECTS TAREAS SECUNDARIAS/Pruebas SST/Creación de Grupos de Apoyo/span_A A A"), 1)): null

2022-03-29 19:08:49 - [MESSAGE][PASSED] - Object 'Object Repository/M-OBJECTS TAREAS SECUNDARIAS/Pruebas SST/Creación de Grupos de Apoyo/span_A A A' is present

2022-03-29 19:08:49 - [TEST_STEP][PASSED] - click(findTestObject("M-OBJECTS TAREAS SECUNDARIAS/Pruebas SST/Creación de Grupos de Apoyo/span_A A A")): Object: 'Object Repository/M-OBJECTS TAREAS SECUNDARIAS/Pruebas SST/Creación de Grupos de Apoyo/span_A A A' is clicked on

2022-03-29 19:08:49 - [MESSAGE][PASSED] - Object: 'Object Repository/M-OBJECTS TAREAS SECUNDARIAS/Pruebas SST/Creación de Grupos de Apoyo/span_A A A' is clicked on

2022-03-29 19:08:49 - [TEST_STEP][PASSED] - click(findTestObject("M-OBJECTS TAREAS SECUNDARIAS/Pruebas SST/Creación de Grupos de Apoyo/a_Asistentes")): Object: 'Object Repository/M-OBJECTS TAREAS SECUNDARIAS/Pruebas SST/Creación de Grupos de Apoyo/a_Asistentes' is clicked on

2022-03-29 19:08:51 - [MESSAGE][PASSED] - Object: 'Object Repository/M-OBJECTS TAREAS SECUNDARIAS/Pruebas SST/Creación de Grupos de Apoyo/a_Asistentes' is clicked on

2022-03-29 19:08:51 - [TEST_STEP][PASSED] - if (waitForElementPresent(findTestObject("M-OBJECTS TAREAS SECUNDARIAS/Pruebas SST/Creación de Grupos de Apoyo/a_JEFE DE BRIGADA_form_popupSeguimientotabPopupSeguimientolistaAsistentesIntegrantes0j_idt309"), 1)): null

2022-03-29 19:08:52 - [MESSAGE][PASSED] - Object 'Object Repository/M-OBJECTS TAREAS SECUNDARIAS/Pruebas SST/Creación de Grupos de Apoyo/a_JEFE DE BRIGADA_form_popupSeguimientotabPopupSeguimientolistaAsistentesIntegrantes0j_idt309' is present

2022-03-29 19:08:52 - [TEST_STEP][PASSED] - click(findTestObject("M-OBJECTS TAREAS SECUNDARIAS/Pruebas SST/Creación de Grupos de Apoyo/a_JEFE DE BRIGADA_form_popupSeguimientotabPopupSeguimientolistaAsistentesIntegrantes0j_idt309")): Object: 'Object Repository/M-OBJECTS TAREAS SECUNDARIAS/Pruebas SST/Creación de Grupos de Apoyo/a_JEFE DE BRIGADA_form_popupSeguimientotabPopupSeguimientolistaAsistentesIntegrantes0j_idt309' is clicked on

2022-03-29 19:08:52 - [MESSAGE][PASSED] - Object: 'Object Repository/M-OBJECTS TAREAS SECUNDARIAS/Pruebas SST/Creación de Grupos de Apoyo/a_JEFE DE BRIGADA_form_popupSeguimientotabPopupSeguimientolistaAsistentesIntegrantes0j_idt309' is clicked on

2022-03-29 19:08:52 - [TEST_STEP][PASSED] - click(findTestObject("M-OBJECTS TAREAS SECUNDARIAS/Pruebas SST/Creación de Grupos de Apoyo/span_Si1")): Object: 'Object Repository/M-OBJECTS TAREAS SECUNDARIAS/Pruebas SST/Creación de Grupos de Apoyo/span_Si1' is clicked on

2022-03-29 19:08:53 - [MESSAGE][PASSED] - Object: 'Object Repository/M-OBJECTS TAREAS SECUNDARIAS/Pruebas SST/Creación de Grupos de Apoyo/span_Si1' is clicked on

2022-03-29 19:08:53 - [TEST_STEP][PASSED] - click(findTestObject("M-OBJECTS TAREAS SECUNDARIAS/Pruebas SST/Creación de Grupos de Apoyo/a_Grupo Actividad")): Object: 'Object Repository/M-OBJECTS TAREAS SECUNDARIAS/Pruebas SST/Creación de Grupos de Apoyo/a_Grupo Actividad' is clicked on

2022-03-29 19:08:54 - [MESSAGE][PASSED] - Object: 'Object Repository/M-OBJECTS TAREAS SECUNDARIAS/Pruebas SST/Creación de Grupos de Apoyo/a_Grupo Actividad' is clicked on

2022-03-29 19:08:54 - [TEST_STEP][PASSED] - element = findWebElement(findTestObject("M-OBJECTS TAREAS SECUNDARIAS/Pruebas SST/Creación de Grupos de Apoyo/a_Eliminar1"), 30): null

2022-03-29 19:08:54 - [TEST_STEP][PASSED] - executeJavaScript("arguments[0].click()", Arrays.asList(element)): Execute JavaScript 'arguments[0].click()' successfully

2022-03-29 19:08:54 - [MESSAGE][PASSED] - Execute JavaScript 'arguments[0].click()' successfully

2022-03-29 19:08:54 - [TEST_STEP][PASSED] - click(findTestObject("M-OBJECTS TAREAS SECUNDARIAS/Pruebas SST/Creación de Grupos de Apoyo/a_Aceptar1")): Object: 'Object Repository/M-OBJECTS TAREAS SECUNDARIAS/Pruebas SST/Creación de Grupos de Apoyo/a_Aceptar1' is clicked on

2022-03-29 19:08:55 - [MESSAGE][PASSED] - Object: 'Object Repository/M-OBJECTS TAREAS SECUNDARIAS/Pruebas SST/Creación de Grupos de Apoyo/a_Aceptar1' is clicked on

2022-03-29 19:08:55 - [TEST_STEP][PASSED] - click(findTestObject("M-OBJECTS TAREAS SECUNDARIAS/Pruebas SST/Creación de Grupos de Apoyo/a_Integrantes")): Object: 'Object Repository/M-OBJECTS TAREAS SECUNDARIAS/Pruebas SST/Creación de Grupos de Apoyo/a_Integrantes' is clicked on

2022-03-29 19:08:56 - [MESSAGE][PASSED] - Object: 'Object Repository/M-OBJECTS TAREAS SECUNDARIAS/Pruebas SST/Creación de Grupos de Apoyo/a_Integrantes' is clicked on

2022-03-29 19:08:56 - [TEST_STEP][PASSED] - if (waitForElementVisible(findTestObject("M-OBJECTS TAREAS SECUNDARIAS/Pruebas SST/Creación de Grupos de Apoyo/span_SEDE NORTE"), 1)): null

2022-03-29 19:08:57 - [MESSAGE][PASSED] - Object 'Object Repository/M-OBJECTS TAREAS SECUNDARIAS/Pruebas SST/Creación de Grupos de Apoyo/span_SEDE NORTE' is visible

2022-03-29 19:08:57 - [TEST_STEP][PASSED] - click(findTestObject("M-OBJECTS TAREAS SECUNDARIAS/Pruebas SST/Creación de Grupos de Apoyo/span_SEDE NORTE"), STOP_ON_FAILURE): Object: 'Object Repository/M-OBJECTS TAREAS SECUNDARIAS/Pruebas SST/Creación de Grupos de Apoyo/span_SEDE NORTE' is clicked on

2022-03-29 19:08:57 - [MESSAGE][PASSED] - Object: 'Object Repository/M-OBJECTS TAREAS SECUNDARIAS/Pruebas SST/Creación de Grupos de Apoyo/span_SEDE NORTE' is clicked on

2022-03-29 19:08:57 - [TEST_STEP][PASSED] - click(findTestObject("M-OBJECTS TAREAS SECUNDARIAS/Pruebas SST/Creación de Grupos de Apoyo/a_Eliminar2")): Object: 'Object Repository/M-OBJECTS TAREAS SECUNDARIAS/Pruebas SST/Creación de Grupos de Apoyo/a_Eliminar2' is clicked on

2022-03-29 19:08:58 - [MESSAGE][PASSED] - Object: 'Object Repository/M-OBJECTS TAREAS SECUNDARIAS/Pruebas SST/Creación de Grupos de Apoyo/a_Eliminar2' is clicked on

2022-03-29 19:08:58 - [TEST_STEP][PASSED] - click(findTestObject("M-OBJECTS TAREAS SECUNDARIAS/Pruebas SST/Creación de Grupos de Apoyo/a_Aceptar2")): Object: 'Object Repository/M-OBJECTS TAREAS SECUNDARIAS/Pruebas SST/Creación de Grupos de Apoyo/a_Aceptar2' is clicked on

2022-03-29 19:08:59 - [MESSAGE][PASSED] - Object: 'Object Repository/M-OBJECTS TAREAS SECUNDARIAS/Pruebas SST/Creación de Grupos de Apoyo/a_Aceptar2' is clicked on

2022-03-29 19:08:59 - [TEST_STEP][PASSED] - click(findTestObject("M-OBJECTS TAREAS SECUNDARIAS/Pruebas SST/Creación de Grupos de Apoyo/a_Grupo Apoyo")): Object: 'Object Repository/M-OBJECTS TAREAS SECUNDARIAS/Pruebas SST/Creación de Grupos de Apoyo/a_Grupo Apoyo' is clicked on

2022-03-29 19:09:00 - [MESSAGE][PASSED] - Object: 'Object Repository/M-OBJECTS TAREAS SECUNDARIAS/Pruebas SST/Creación de Grupos de Apoyo/a_Grupo Apoyo' is clicked on

2022-03-29 19:09:00 - [TEST_STEP][PASSED] - click(findTestObject("M-OBJECTS TAREAS SECUNDARIAS/Pruebas SST/Creación de Grupos de Apoyo/a_Eliminar3")): Object: 'Object Repository/M-OBJECTS TAREAS SECUNDARIAS/Pruebas SST/Creación de Grupos de Apoyo/a_Eliminar3' is clicked on

2022-03-29 19:09:00 - [MESSAGE][PASSED] - Object: 'Object Repository/M-OBJECTS TAREAS SECUNDARIAS/Pruebas SST/Creación de Grupos de Apoyo/a_Eliminar3' is clicked on

2022-03-29 19:09:00 - [TEST_STEP][PASSED] - click(findTestObject("M-OBJECTS TAREAS SECUNDARIAS/Pruebas SST/Creación de Grupos de Apoyo/a_Aceptar4")): Object: 'Object Repository/M-OBJECTS TAREAS SECUNDARIAS/Pruebas SST/Creación de Grupos de Apoyo/a_Aceptar4' is clicked on

2022-03-29 19:09:01 - [MESSAGE][PASSED] - Object: 'Object Repository/M-OBJECTS TAREAS SECUNDARIAS/Pruebas SST/Creación de Grupos de Apoyo/a_Aceptar4' is clicked on

2022-03-29 19:09:01 - [TEST_STEP][PASSED] - click(findTestObject("M-OBJECTS TAREAS SECUNDARIAS/Pruebas SST/Creación de Grupos de Apoyo/a_Nuevo")): Object: 'Object Repository/M-OBJECTS TAREAS SECUNDARIAS/Pruebas SST/Creación de Grupos de Apoyo/a_Nuevo' is clicked on

2022-03-29 19:09:02 - [MESSAGE][PASSED] - Object: 'Object Repository/M-OBJECTS TAREAS SECUNDARIAS/Pruebas SST/Creación de Grupos de Apoyo/a_Nuevo' is clicked on

2022-03-29 19:09:02 - [TEST_STEP][PASSED] - setText(findTestObject("M-OBJECTS TAREAS SECUNDARIAS/Pruebas SST/Creación de Grupos de Apoyo/input_Nombre Grupo Apoyo_form_equipoTrabajoSaltabdescripcion"), "PRUEBAS KATALON"): Text 'PRUEBAS KATALON' is set on object 'Object Repository/M-OBJECTS TAREAS SECUNDARIAS/Pruebas SST/Creación de Grupos de Apoyo/input_Nombre Grupo Apoyo_form_equipoTrabajoSaltabdescripcion'

2022-03-29 19:09:03 - [MESSAGE][PASSED] - Text 'PRUEBAS KATALON' is set on object 'Object Repository/M-OBJECTS TAREAS SECUNDARIAS/Pruebas SST/Creación de Grupos de Apoyo/input_Nombre Grupo Apoyo_form_equipoTrabajoSaltabdescripcion'

2022-03-29 19:09:03 - [TEST_STEP][PASSED] - selectOptionByIndex(findTestObject("M-OBJECTS TAREAS SECUNDARIAS/Pruebas SST/Creación de Grupos de Apoyo/select_-- SELECCIONAR --BRIGADA DE PRIMEROS AUXILIOS"), 4): All options with index in [4] are selected on object 'Object Repository/M-OBJECTS TAREAS SECUNDARIAS/Pruebas SST/Creación de Grupos de Apoyo/select_-- SELECCIONAR --BRIGADA DE PRIMEROS AUXILIOS'

2022-03-29 19:09:05 - [MESSAGE][PASSED] - All options with index in [4] are selected on object 'Object Repository/M-OBJECTS TAREAS SECUNDARIAS/Pruebas SST/Creación de Grupos de Apoyo/select_-- SELECCIONAR --BRIGADA DE PRIMEROS AUXILIOS'

2022-03-29 19:09:05 - [TEST_STEP][PASSED] - selectOptionByIndex(findTestObject("M-OBJECTS TAREAS SECUNDARIAS/Pruebas SST/Creación de Grupos de Apoyo/select_SeleccioneSEDE NORTESEDE OCCIDENTESEDE SUR"), 1): All options with index in [1] are selected on object 'Object Repository/M-OBJECTS TAREAS SECUNDARIAS/Pruebas SST/Creación de Grupos de Apoyo/select_SeleccioneSEDE NORTESEDE OCCIDENTESEDE SUR'

2022-03-29 19:09:06 - [MESSAGE][PASSED] - All options with index in [1] are selected on object 'Object Repository/M-OBJECTS TAREAS SECUNDARIAS/Pruebas SST/Creación de Grupos de Apoyo/select_SeleccioneSEDE NORTESEDE OCCIDENTESEDE SUR'

2022-03-29 19:09:06 - [TEST_STEP][PASSED] - setText(findTestObject("M-OBJECTS TAREAS SECUNDARIAS/Pruebas SST/Creación de Grupos de Apoyo/textarea_Objetivo_form_equipoTrabajoSaltabobjetivo"), "null"): Text 'null' is set on object 'Object Repository/M-OBJECTS TAREAS SECUNDARIAS/Pruebas SST/Creación de Grupos de Apoyo/textarea_Objetivo_form_equipoTrabajoSaltabobjetivo'

2022-03-29 19:09:07 - [MESSAGE][PASSED] - Text 'null' is set on object 'Object Repository/M-OBJECTS TAREAS SECUNDARIAS/Pruebas SST/Creación de Grupos de Apoyo/textarea_Objetivo_form_equipoTrabajoSaltabobjetivo'

2022-03-29 19:09:07 - [TEST_STEP][PASSED] - click(findTestObject("M-OBJECTS TAREAS SECUNDARIAS/Pruebas SST/Creación de Grupos de Apoyo/a_Guardar")): Object: 'Object Repository/M-OBJECTS TAREAS SECUNDARIAS/Pruebas SST/Creación de Grupos de Apoyo/a_Guardar' is clicked on

2022-03-29 19:09:07 - [MESSAGE][PASSED] - Object: 'Object Repository/M-OBJECTS TAREAS SECUNDARIAS/Pruebas SST/Creación de Grupos de Apoyo/a_Guardar' is clicked on

2022-03-29 19:09:07 - [TEST_STEP][PASSED] - click(findTestObject("M-OBJECTS TAREAS SECUNDARIAS/Pruebas SST/Creación de Grupos de Apoyo/a_Integrantes")): Object: 'Object Repository/M-OBJECTS TAREAS SECUNDARIAS/Pruebas SST/Creación de Grupos de Apoyo/a_Integrantes' is clicked on

2022-03-29 19:09:09 - [MESSAGE][PASSED] - Object: 'Object Repository/M-OBJECTS TAREAS SECUNDARIAS/Pruebas SST/Creación de Grupos de Apoyo/a_Integrantes' is clicked on

2022-03-29 19:09:09 - [TEST_STEP][PASSED] - click(findTestObject("M-OBJECTS TAREAS SECUNDARIAS/Pruebas SST/Creación de Grupos de Apoyo/a_Nuevo0")): Object: 'Object Repository/M-OBJECTS TAREAS SECUNDARIAS/Pruebas SST/Creación de Grupos de Apoyo/a_Nuevo0' is clicked on

2022-03-29 19:09:09 - [MESSAGE][PASSED] - Object: 'Object Repository/M-OBJECTS TAREAS SECUNDARIAS/Pruebas SST/Creación de Grupos de Apoyo/a_Nuevo0' is clicked on

2022-03-29 19:09:09 - [TEST_STEP][PASSED] - click(findTestObject("M-OBJECTS TAREAS SECUNDARIAS/Pruebas SST/Creación de Grupos de Apoyo/a_Identificacin_form_popupGrupoApoyoIntegrantej_idt217")): Object: 'Object Repository/M-OBJECTS TAREAS SECUNDARIAS/Pruebas SST/Creación de Grupos de Apoyo/a_Identificacin_form_popupGrupoApoyoIntegrantej_idt217' is clicked on

2022-03-29 19:09:10 - [MESSAGE][PASSED] - Object: 'Object Repository/M-OBJECTS TAREAS SECUNDARIAS/Pruebas SST/Creación de Grupos de Apoyo/a_Identificacin_form_popupGrupoApoyoIntegrantej_idt217' is clicked on

2022-03-29 19:09:10 - [TEST_STEP][PASSED] - setText(findTestObject("M-OBJECTS TAREAS SECUNDARIAS/Pruebas SST/Creación de Grupos de Apoyo/input_Filtro Hoja de Vida_formPopupHojaVidaj_idt840"), "Diaz Blanco Guisell"): Text 'Diaz Blanco Guisell' is set on object 'Object Repository/M-OBJECTS TAREAS SECUNDARIAS/Pruebas SST/Creación de Grupos de Apoyo/input_Filtro Hoja de Vida_formPopupHojaVidaj_idt840'

2022-03-29 19:09:11 - [MESSAGE][PASSED] - Text 'Diaz Blanco Guisell' is set on object 'Object Repository/M-OBJECTS TAREAS SECUNDARIAS/Pruebas SST/Creación de Grupos de Apoyo/input_Filtro Hoja de Vida_formPopupHojaVidaj_idt840'

2022-03-29 19:09:11 - [TEST_STEP][PASSED] - sendKeys(findTestObject("M-OBJECTS TAREAS SECUNDARIAS/Pruebas SST/Creación de Grupos de Apoyo/input_Filtro Hoja de Vida_formPopupHojaVidaj_idt840"), Keys.chord(ENTER)): Keys 'ENTER + ' sent to object: 'Object Repository/M-OBJECTS TAREAS SECUNDARIAS/Pruebas SST/Creación de Grupos de Apoyo/input_Filtro Hoja de Vida_formPopupHojaVidaj_idt840'

2022-03-29 19:09:12 - [MESSAGE][PASSED] - Keys 'ENTER + ' sent to object: 'Object Repository/M-OBJECTS TAREAS SECUNDARIAS/Pruebas SST/Creación de Grupos de Apoyo/input_Filtro Hoja de Vida_formPopupHojaVidaj_idt840'

2022-03-29 19:09:12 - [TEST_STEP][PASSED] - click(findTestObject("M-OBJECTS TAREAS SECUNDARIAS/Pruebas SST/Creación de Grupos de Apoyo/span_Diaz Blanco Guisell")): Object: 'Object Repository/M-OBJECTS TAREAS SECUNDARIAS/Pruebas SST/Creación de Grupos de Apoyo/span_Diaz Blanco Guisell' is clicked on

2022-03-29 19:09:13 - [MESSAGE][PASSED] - Object: 'Object Repository/M-OBJECTS TAREAS SECUNDARIAS/Pruebas SST/Creación de Grupos de Apoyo/span_Diaz Blanco Guisell' is clicked on

2022-03-29 19:09:13 - [TEST_STEP][PASSED] - selectOptionByIndex(findTestObject("M-OBJECTS TAREAS SECUNDARIAS/Pruebas SST/Creación de Grupos de Apoyo/select_-- SELECCIONAR --SEDE NORTESEDE OCCIDENTESEDE SUR"), 1): All options with index in [1] are selected on object 'Object Repository/M-OBJECTS TAREAS SECUNDARIAS/Pruebas SST/Creación de Grupos de Apoyo/select_-- SELECCIONAR --SEDE NORTESEDE OCCIDENTESEDE SUR'

2022-03-29 19:09:15 - [MESSAGE][PASSED] - All options with index in [1] are selected on object 'Object Repository/M-OBJECTS TAREAS SECUNDARIAS/Pruebas SST/Creación de Grupos de Apoyo/select_-- SELECCIONAR --SEDE NORTESEDE OCCIDENTESEDE SUR'

2022-03-29 19:09:15 - [TEST_STEP][PASSED] - selectOptionByIndex(findTestObject("M-OBJECTS TAREAS SECUNDARIAS/Pruebas SST/Creación de Grupos de Apoyo/select_-- SELECCIONAR --ADMINISTRADOR SSTBRIGADISTAJEFE DE BRIGADAPRESIDENTEREPRESENTATE DE LOS TRABAJADORESSECRETARIA"), 3): All options with index in [3] are selected on object 'Object Repository/M-OBJECTS TAREAS SECUNDARIAS/Pruebas SST/Creación de Grupos de Apoyo/select_-- SELECCIONAR --ADMINISTRADOR SSTBRIGADISTAJEFE DE BRIGADAPRESIDENTEREPRESENTATE DE LOS TRABAJADORESSECRETARIA'

2022-03-29 19:09:16 - [MESSAGE][PASSED] - All options with index in [3] are selected on object 'Object Repository/M-OBJECTS TAREAS SECUNDARIAS/Pruebas SST/Creación de Grupos de Apoyo/select_-- SELECCIONAR --ADMINISTRADOR SSTBRIGADISTAJEFE DE BRIGADAPRESIDENTEREPRESENTATE DE LOS TRABAJADORESSECRETARIA'

2022-03-29 19:09:16 - [TEST_STEP][PASSED] - setText(findTestObject("M-OBJECTS TAREAS SECUNDARIAS/Pruebas SST/Creación de Grupos de Apoyo/textarea_Detalle Ingreso_form_popupGrupoApoyoIntegranteobjetivo"), "pruebas katalon"): Text 'pruebas katalon' is set on object 'Object Repository/M-OBJECTS TAREAS SECUNDARIAS/Pruebas SST/Creación de Grupos de Apoyo/textarea_Detalle Ingreso_form_popupGrupoApoyoIntegranteobjetivo'

2022-03-29 19:09:17 - [MESSAGE][PASSED] - Text 'pruebas katalon' is set on object 'Object Repository/M-OBJECTS TAREAS SECUNDARIAS/Pruebas SST/Creación de Grupos de Apoyo/textarea_Detalle Ingreso_form_popupGrupoApoyoIntegranteobjetivo'

2022-03-29 19:09:17 - [TEST_STEP][PASSED] - click(findTestObject("M-OBJECTS TAREAS SECUNDARIAS/Pruebas SST/Creación de Grupos de Apoyo/a_Guardar")): Object: 'Object Repository/M-OBJECTS TAREAS SECUNDARIAS/Pruebas SST/Creación de Grupos de Apoyo/a_Guardar' is clicked on

2022-03-29 19:09:18 - [MESSAGE][PASSED] - Object: 'Object Repository/M-OBJECTS TAREAS SECUNDARIAS/Pruebas SST/Creación de Grupos de Apoyo/a_Guardar' is clicked on

2022-03-29 19:09:18 - [TEST_STEP][PASSED] - click(findTestObject("M-OBJECTS TAREAS SECUNDARIAS/Pruebas SST/Creación de Grupos de Apoyo/a_Actividades")): Object: 'Object Repository/M-OBJECTS TAREAS SECUNDARIAS/Pruebas SST/Creación de Grupos de Apoyo/a_Actividades' is clicked on

2022-03-29 19:09:18 - [MESSAGE][PASSED] - Object: 'Object Repository/M-OBJECTS TAREAS SECUNDARIAS/Pruebas SST/Creación de Grupos de Apoyo/a_Actividades' is clicked on

2022-03-29 19:09:18 - [TEST_STEP][PASSED] - click(findTestObject("M-OBJECTS TAREAS SECUNDARIAS/Pruebas SST/Creación de Grupos de Apoyo/a_Nuevo1"), STOP_ON_FAILURE): Object: 'Object Repository/M-OBJECTS TAREAS SECUNDARIAS/Pruebas SST/Creación de Grupos de Apoyo/a_Nuevo1' is clicked on

2022-03-29 19:09:19 - [MESSAGE][PASSED] - Object: 'Object Repository/M-OBJECTS TAREAS SECUNDARIAS/Pruebas SST/Creación de Grupos de Apoyo/a_Nuevo1' is clicked on

2022-03-29 19:09:19 - [TEST_STEP][PASSED] - click(findTestObject("M-OBJECTS TAREAS SECUNDARIAS/Pruebas SST/Creación de Grupos de Apoyo/a_Responsable_form_popupSeguimientotabPopupSeguimientoj_idt276")): Object: 'Object Repository/M-OBJECTS TAREAS SECUNDARIAS/Pruebas SST/Creación de Grupos de Apoyo/a_Responsable_form_popupSeguimientotabPopupSeguimientoj_idt276' is clicked on

2022-03-29 19:09:20 - [MESSAGE][PASSED] - Object: 'Object Repository/M-OBJECTS TAREAS SECUNDARIAS/Pruebas SST/Creación de Grupos de Apoyo/a_Responsable_form_popupSeguimientotabPopupSeguimientoj_idt276' is clicked on

2022-03-29 19:09:20 - [TEST_STEP][PASSED] - setText(findTestObject("M-OBJECTS TAREAS SECUNDARIAS/Pruebas SST/Creación de Grupos de Apoyo/input_Filtro Hoja de Vida_formPopupHojaVidaj_idt8401"), "A A A"): Text 'A A A' is set on object 'Object Repository/M-OBJECTS TAREAS SECUNDARIAS/Pruebas SST/Creación de Grupos de Apoyo/input_Filtro Hoja de Vida_formPopupHojaVidaj_idt8401'

2022-03-29 19:09:21 - [MESSAGE][PASSED] - Text 'A A A' is set on object 'Object Repository/M-OBJECTS TAREAS SECUNDARIAS/Pruebas SST/Creación de Grupos de Apoyo/input_Filtro Hoja de Vida_formPopupHojaVidaj_idt8401'

2022-03-29 19:09:21 - [TEST_STEP][PASSED] - sendKeys(findTestObject("M-OBJECTS TAREAS SECUNDARIAS/Pruebas SST/Creación de Grupos de Apoyo/input_Filtro Hoja de Vida_formPopupHojaVidaj_idt8401"), Keys.chord(ENTER)): Keys 'ENTER + ' sent to object: 'Object Repository/M-OBJECTS TAREAS SECUNDARIAS/Pruebas SST/Creación de Grupos de Apoyo/input_Filtro Hoja de Vida_formPopupHojaVidaj_idt8401'

2022-03-29 19:09:22 - [MESSAGE][PASSED] - Keys 'ENTER + ' sent to object: 'Object Repository/M-OBJECTS TAREAS SECUNDARIAS/Pruebas SST/Creación de Grupos de Apoyo/input_Filtro Hoja de Vida_formPopupHojaVidaj_idt8401'

2022-03-29 19:09:22 - [TEST_STEP][PASSED] - click(findTestObject("M-OBJECTS TAREAS SECUNDARIAS/Pruebas SST/Creación de Grupos de Apoyo/span_A A A")): Object: 'Object Repository/M-OBJECTS TAREAS SECUNDARIAS/Pruebas SST/Creación de Grupos de Apoyo/span_A A A' is clicked on

2022-03-29 19:09:22 - [MESSAGE][PASSED] - Object: 'Object Repository/M-OBJECTS TAREAS SECUNDARIAS/Pruebas SST/Creación de Grupos de Apoyo/span_A A A' is clicked on

2022-03-29 19:09:22 - [TEST_STEP][PASSED] - selectOptionByIndex(findTestObject("M-OBJECTS TAREAS SECUNDARIAS/Pruebas SST/Creación de Grupos de Apoyo/select_ProgramadoCumplidoCancelado"), 0): All options with index in [0] are selected on object 'Object Repository/M-OBJECTS TAREAS SECUNDARIAS/Pruebas SST/Creación de Grupos de Apoyo/select_ProgramadoCumplidoCancelado'

2022-03-29 19:09:24 - [MESSAGE][PASSED] - All options with index in [0] are selected on object 'Object Repository/M-OBJECTS TAREAS SECUNDARIAS/Pruebas SST/Creación de Grupos de Apoyo/select_ProgramadoCumplidoCancelado'

2022-03-29 19:09:24 - [TEST_STEP][PASSED] - setText(findTestObject("M-OBJECTS TAREAS SECUNDARIAS/Pruebas SST/Creación de Grupos de Apoyo/textarea_Objetivo_form_popupSeguimientotabPopupSeguimientoobjetivo"), "pruebas k"): Text 'pruebas k' is set on object 'Object Repository/M-OBJECTS TAREAS SECUNDARIAS/Pruebas SST/Creación de Grupos de Apoyo/textarea_Objetivo_form_popupSeguimientotabPopupSeguimientoobjetivo'

2022-03-29 19:09:25 - [MESSAGE][PASSED] - Text 'pruebas k' is set on object 'Object Repository/M-OBJECTS TAREAS SECUNDARIAS/Pruebas SST/Creación de Grupos de Apoyo/textarea_Objetivo_form_popupSeguimientotabPopupSeguimientoobjetivo'

2022-03-29 19:09:25 - [TEST_STEP][PASSED] - setText(findTestObject("M-OBJECTS TAREAS SECUNDARIAS/Pruebas SST/Creación de Grupos de Apoyo/textarea_Detalle Actividad_form_popupSeguimientotabPopupSeguimientoobservacion"), "pruebas k"): Text 'pruebas k' is set on object 'Object Repository/M-OBJECTS TAREAS SECUNDARIAS/Pruebas SST/Creación de Grupos de Apoyo/textarea_Detalle Actividad_form_popupSeguimientotabPopupSeguimientoobservacion'

2022-03-29 19:09:26 - [MESSAGE][PASSED] - Text 'pruebas k' is set on object 'Object Repository/M-OBJECTS TAREAS SECUNDARIAS/Pruebas SST/Creación de Grupos de Apoyo/textarea_Detalle Actividad_form_popupSeguimientotabPopupSeguimientoobservacion'

2022-03-29 19:09:26 - [TEST_STEP][PASSED] - setText(findTestObject("M-OBJECTS TAREAS SECUNDARIAS/Pruebas SST/Creación de Grupos de Apoyo/textarea_Detalle Cumplimiento_form_popupSeguimientotabPopupSeguimientodetallecump"), "pruebas k"): Text 'pruebas k' is set on object 'Object Repository/M-OBJECTS TAREAS SECUNDARIAS/Pruebas SST/Creación de Grupos de Apoyo/textarea_Detalle Cumplimiento_form_popupSeguimientotabPopupSeguimientodetallecump'

2022-03-29 19:09:27 - [MESSAGE][PASSED] - Text 'pruebas k' is set on object 'Object Repository/M-OBJECTS TAREAS SECUNDARIAS/Pruebas SST/Creación de Grupos de Apoyo/textarea_Detalle Cumplimiento_form_popupSeguimientotabPopupSeguimientodetallecump'

2022-03-29 19:09:27 - [TEST_STEP][PASSED] - selectOptionByIndex(findTestObject("M-OBJECTS TAREAS SECUNDARIAS/Pruebas SST/Creación de Grupos de Apoyo/select_-- SELECCIONAR --Trate de no correr"), 1): All options with index in [1] are selected on object 'Object Repository/M-OBJECTS TAREAS SECUNDARIAS/Pruebas SST/Creación de Grupos de Apoyo/select_-- SELECCIONAR --Trate de no correr'

2022-03-29 19:09:28 - [MESSAGE][PASSED] - All options with index in [1] are selected on object 'Object Repository/M-OBJECTS TAREAS SECUNDARIAS/Pruebas SST/Creación de Grupos de Apoyo/select_-- SELECCIONAR --Trate de no correr'

2022-03-29 19:09:28 - [TEST_STEP][PASSED] - element = findWebElement(findTestObject("M-OBJECTS TAREAS SECUNDARIAS/Pruebas SST/Creación de Grupos de Apoyo/a_Guardar"), 30): null

2022-03-29 19:09:28 - [TEST_STEP][PASSED] - executeJavaScript("arguments[0].click()", Arrays.asList(element)): Execute JavaScript 'arguments[0].click()' successfully

2022-03-29 19:09:29 - [MESSAGE][PASSED] - Execute JavaScript 'arguments[0].click()' successfully

2022-03-29 19:09:29 - [TEST_STEP][PASSED] - click(findTestObject("M-OBJECTS TAREAS SECUNDARIAS/Pruebas SST/Creación de Grupos de Apoyo/td_Trate de no correr")): Object: 'Object Repository/M-OBJECTS TAREAS SECUNDARIAS/Pruebas SST/Creación de Grupos de Apoyo/td_Trate de no correr' is clicked on

2022-03-29 19:09:30 - [MESSAGE][PASSED] - Object: 'Object Repository/M-OBJECTS TAREAS SECUNDARIAS/Pruebas SST/Creación de Grupos de Apoyo/td_Trate de no correr' is clicked on

2022-03-29 19:09:30 - [TEST_STEP][PASSED] - click(findTestObject("M-OBJECTS TAREAS SECUNDARIAS/Pruebas SST/Creación de Grupos de Apoyo/a_Asistentes")): Object: 'Object Repository/M-OBJECTS TAREAS SECUNDARIAS/Pruebas SST/Creación de Grupos de Apoyo/a_Asistentes' is clicked on

2022-03-29 19:09:30 - [MESSAGE][PASSED] - Object: 'Object Repository/M-OBJECTS TAREAS SECUNDARIAS/Pruebas SST/Creación de Grupos de Apoyo/a_Asistentes' is clicked on

2022-03-29 19:09:30 - [TEST_STEP][PASSED] - click(findTestObject("M-OBJECTS TAREAS SECUNDARIAS/Pruebas SST/Creación de Grupos de Apoyo/a_Rol_form_popupSeguimientotabPopupSeguimientolistaAsistentesIntegrantesj_idt304")): Object: 'Object Repository/M-OBJECTS TAREAS SECUNDARIAS/Pruebas SST/Creación de Grupos de Apoyo/a_Rol_form_popupSeguimientotabPopupSeguimientolistaAsistentesIntegrantesj_idt304' is clicked on

2022-03-29 19:09:31 - [MESSAGE][PASSED] - Object: 'Object Repository/M-OBJECTS TAREAS SECUNDARIAS/Pruebas SST/Creación de Grupos de Apoyo/a_Rol_form_popupSeguimientotabPopupSeguimientolistaAsistentesIntegrantesj_idt304' is clicked on

2022-03-29 19:09:31 - [TEST_STEP][PASSED] - setText(findTestObject("M-OBJECTS TAREAS SECUNDARIAS/Pruebas SST/Creación de Grupos de Apoyo/input_Filtro Inscritos_form_AsistenteGrupoApoyoPopUpj_idt350"), "guisell"): Text 'guisell' is set on object 'Object Repository/M-OBJECTS TAREAS SECUNDARIAS/Pruebas SST/Creación de Grupos de Apoyo/input_Filtro Inscritos_form_AsistenteGrupoApoyoPopUpj_idt350'

2022-03-29 19:09:33 - [MESSAGE][PASSED] - Text 'guisell' is set on object 'Object Repository/M-OBJECTS TAREAS SECUNDARIAS/Pruebas SST/Creación de Grupos de Apoyo/input_Filtro Inscritos_form_AsistenteGrupoApoyoPopUpj_idt350'

2022-03-29 19:09:33 - [TEST_STEP][PASSED] - sendKeys(findTestObject("M-OBJECTS TAREAS SECUNDARIAS/Pruebas SST/Creación de Grupos de Apoyo/input_Filtro Inscritos_form_AsistenteGrupoApoyoPopUpj_idt350"), Keys.chord(ENTER)): Keys 'ENTER + ' sent to object: 'Object Repository/M-OBJECTS TAREAS SECUNDARIAS/Pruebas SST/Creación de Grupos de Apoyo/input_Filtro Inscritos_form_AsistenteGrupoApoyoPopUpj_idt350'

2022-03-29 19:09:33 - [MESSAGE][PASSED] - Keys 'ENTER + ' sent to object: 'Object Repository/M-OBJECTS TAREAS SECUNDARIAS/Pruebas SST/Creación de Grupos de Apoyo/input_Filtro Inscritos_form_AsistenteGrupoApoyoPopUpj_idt350'

2022-03-29 19:09:33 - [TEST_STEP][PASSED] - click(findTestObject("M-OBJECTS TAREAS SECUNDARIAS/Pruebas SST/Creación de Grupos de Apoyo/span_1057596487")): Object: 'Object Repository/M-OBJECTS TAREAS SECUNDARIAS/Pruebas SST/Creación de Grupos de Apoyo/span_1057596487' is clicked on

2022-03-29 19:09:34 - [MESSAGE][PASSED] - Object: 'Object Repository/M-OBJECTS TAREAS SECUNDARIAS/Pruebas SST/Creación de Grupos de Apoyo/span_1057596487' is clicked on

2022-03-29 19:09:34 - [TEST_STEP][PASSED] - click(findTestObject("M-OBJECTS TAREAS SECUNDARIAS/Pruebas SST/Creación de Grupos de Apoyo/a_Rol_form_popupSeguimientotabPopupSeguimientolistaAsistentesIntegrantesj_idt310")): Object: 'Object Repository/M-OBJECTS TAREAS SECUNDARIAS/Pruebas SST/Creación de Grupos de Apoyo/a_Rol_form_popupSeguimientotabPopupSeguimientolistaAsistentesIntegrantesj_idt310' is clicked on

2022-03-29 19:09:35 - [MESSAGE][PASSED] - Object: 'Object Repository/M-OBJECTS TAREAS SECUNDARIAS/Pruebas SST/Creación de Grupos de Apoyo/a_Rol_form_popupSeguimientotabPopupSeguimientolistaAsistentesIntegrantesj_idt310' is clicked on

2022-03-29 19:09:35 - [TEST_STEP][PASSED] - click(findTestObject("M-OBJECTS TAREAS SECUNDARIAS/Pruebas SST/Creación de Grupos de Apoyo/a_Grupo Actividad")): Object: 'Object Repository/M-OBJECTS TAREAS SECUNDARIAS/Pruebas SST/Creación de Grupos de Apoyo/a_Grupo Actividad' is clicked on

2022-03-29 19:09:36 - [MESSAGE][PASSED] - Object: 'Object Repository/M-OBJECTS TAREAS SECUNDARIAS/Pruebas SST/Creación de Grupos de Apoyo/a_Grupo Actividad' is clicked on

2022-03-29 19:09:36 - [TEST_STEP][PASSED] - click(findTestObject("M-OBJECTS TAREAS SECUNDARIAS/Pruebas SST/Creación de Grupos de Apoyo/span_No se encontr registros_ui-icon ui-icon-closethick")): Object: 'Object Repository/M-OBJECTS TAREAS SECUNDARIAS/Pruebas SST/Creación de Grupos de Apoyo/span_No se encontr registros_ui-icon ui-icon-closethick' is clicked on

2022-03-29 19:09:36 - [MESSAGE][PASSED] - Object: 'Object Repository/M-OBJECTS TAREAS SECUNDARIAS/Pruebas SST/Creación de Grupos de Apoyo/span_No se encontr registros_ui-icon ui-icon-closethick' is clicked on

2022-03-29 19:09:36 - [TEST_STEP][PASSED] - click(findTestObject("M-OBJECTS TAREAS SECUNDARIAS/Pruebas SST/Creación de Grupos de Apoyo/a_Compromisos")): Object: 'Object Repository/M-OBJECTS TAREAS SECUNDARIAS/Pruebas SST/Creación de Grupos de Apoyo/a_Compromisos' is clicked on

2022-03-29 19:09:37 - [MESSAGE][PASSED] - Object: 'Object Repository/M-OBJECTS TAREAS SECUNDARIAS/Pruebas SST/Creación de Grupos de Apoyo/a_Compromisos' is clicked on

2022-03-29 19:09:37 - [TEST_STEP][PASSED] - click(findTestObject("M-OBJECTS TAREAS SECUNDARIAS/Pruebas SST/Creación de Grupos de Apoyo/a_Nuevo3")): Object: 'Object Repository/M-OBJECTS TAREAS SECUNDARIAS/Pruebas SST/Creación de Grupos de Apoyo/a_Nuevo3' is clicked on

2022-03-29 19:09:38 - [MESSAGE][PASSED] - Object: 'Object Repository/M-OBJECTS TAREAS SECUNDARIAS/Pruebas SST/Creación de Grupos de Apoyo/a_Nuevo3' is clicked on

2022-03-29 19:09:38 - [TEST_STEP][PASSED] - click(findTestObject("M-OBJECTS TAREAS SECUNDARIAS/Pruebas SST/Creación de Grupos de Apoyo/a_Responsable_form_popupSeguimientoComj_idt323")): Object: 'Object Repository/M-OBJECTS TAREAS SECUNDARIAS/Pruebas SST/Creación de Grupos de Apoyo/a_Responsable_form_popupSeguimientoComj_idt323' is clicked on

2022-03-29 19:09:39 - [MESSAGE][PASSED] - Object: 'Object Repository/M-OBJECTS TAREAS SECUNDARIAS/Pruebas SST/Creación de Grupos de Apoyo/a_Responsable_form_popupSeguimientoComj_idt323' is clicked on

2022-03-29 19:09:39 - [TEST_STEP][PASSED] - setText(findTestObject("M-OBJECTS TAREAS SECUNDARIAS/Pruebas SST/Creación de Grupos de Apoyo/input_Filtro Hoja de Vida_formPopupHojaVidaj_idt8402"), "guisell"): Text 'guisell' is set on object 'Object Repository/M-OBJECTS TAREAS SECUNDARIAS/Pruebas SST/Creación de Grupos de Apoyo/input_Filtro Hoja de Vida_formPopupHojaVidaj_idt8402'

2022-03-29 19:09:40 - [MESSAGE][PASSED] - Text 'guisell' is set on object 'Object Repository/M-OBJECTS TAREAS SECUNDARIAS/Pruebas SST/Creación de Grupos de Apoyo/input_Filtro Hoja de Vida_formPopupHojaVidaj_idt8402'

2022-03-29 19:09:40 - [TEST_STEP][PASSED] - sendKeys(findTestObject("M-OBJECTS TAREAS SECUNDARIAS/Pruebas SST/Creación de Grupos de Apoyo/input_Filtro Hoja de Vida_formPopupHojaVidaj_idt8402"), Keys.chord(ENTER)): Keys 'ENTER + ' sent to object: 'Object Repository/M-OBJECTS TAREAS SECUNDARIAS/Pruebas SST/Creación de Grupos de Apoyo/input_Filtro Hoja de Vida_formPopupHojaVidaj_idt8402'

2022-03-29 19:09:40 - [MESSAGE][PASSED] - Keys 'ENTER + ' sent to object: 'Object Repository/M-OBJECTS TAREAS SECUNDARIAS/Pruebas SST/Creación de Grupos de Apoyo/input_Filtro Hoja de Vida_formPopupHojaVidaj_idt8402'

2022-03-29 19:09:40 - [TEST_STEP][PASSED] - click(findTestObject("M-OBJECTS TAREAS SECUNDARIAS/Pruebas SST/Creación de Grupos de Apoyo/span_Diaz Blanco Guisell2")): Object: 'Object Repository/M-OBJECTS TAREAS SECUNDARIAS/Pruebas SST/Creación de Grupos de Apoyo/span_Diaz Blanco Guisell2' is clicked on

2022-03-29 19:09:41 - [MESSAGE][PASSED] - Object: 'Object Repository/M-OBJECTS TAREAS SECUNDARIAS/Pruebas SST/Creación de Grupos de Apoyo/span_Diaz Blanco Guisell2' is clicked on

2022-03-29 19:09:41 - [TEST_STEP][PASSED] - selectOptionByIndex(findTestObject("M-OBJECTS TAREAS SECUNDARIAS/Pruebas SST/Creación de Grupos de Apoyo/select_-- SELECCIONAR --Trate de no correr2"), 1): All options with index in [1] are selected on object 'Object Repository/M-OBJECTS TAREAS SECUNDARIAS/Pruebas SST/Creación de Grupos de Apoyo/select_-- SELECCIONAR --Trate de no correr2'

2022-03-29 19:09:43 - [MESSAGE][PASSED] - All options with index in [1] are selected on object 'Object Repository/M-OBJECTS TAREAS SECUNDARIAS/Pruebas SST/Creación de Grupos de Apoyo/select_-- SELECCIONAR --Trate de no correr2'

2022-03-29 19:09:43 - [TEST_STEP][PASSED] - selectOptionByIndex(findTestObject("M-OBJECTS TAREAS SECUNDARIAS/Pruebas SST/Creación de Grupos de Apoyo/select_-- SELECCIONAR --ProgramadoCumplidoCancelado"), 1): All options with index in [1] are selected on object 'Object Repository/M-OBJECTS TAREAS SECUNDARIAS/Pruebas SST/Creación de Grupos de Apoyo/select_-- SELECCIONAR --ProgramadoCumplidoCancelado'

2022-03-29 19:09:44 - [MESSAGE][PASSED] - All options with index in [1] are selected on object 'Object Repository/M-OBJECTS TAREAS SECUNDARIAS/Pruebas SST/Creación de Grupos de Apoyo/select_-- SELECCIONAR --ProgramadoCumplidoCancelado'

2022-03-29 19:09:44 - [TEST_STEP][PASSED] - setText(findTestObject("M-OBJECTS TAREAS SECUNDARIAS/Pruebas SST/Creación de Grupos de Apoyo/textarea_Observacin_form_popupSeguimientoComobservacion"), "pruebas katalon"): Text 'pruebas katalon' is set on object 'Object Repository/M-OBJECTS TAREAS SECUNDARIAS/Pruebas SST/Creación de Grupos de Apoyo/textarea_Observacin_form_popupSeguimientoComobservacion'

2022-03-29 19:09:45 - [MESSAGE][PASSED] - Text 'pruebas katalon' is set on object 'Object Repository/M-OBJECTS TAREAS SECUNDARIAS/Pruebas SST/Creación de Grupos de Apoyo/textarea_Observacin_form_popupSeguimientoComobservacion'

2022-03-29 19:09:45 - [TEST_STEP][PASSED] - click(findTestObject("M-OBJECTS TAREAS SECUNDARIAS/Pruebas SST/Creación de Grupos de Apoyo/a_Guardar")): Object: 'Object Repository/M-OBJECTS TAREAS SECUNDARIAS/Pruebas SST/Creación de Grupos de Apoyo/a_Guardar' is clicked on

2022-03-29 19:09:46 - [MESSAGE][PASSED] - Object: 'Object Repository/M-OBJECTS TAREAS SECUNDARIAS/Pruebas SST/Creación de Grupos de Apoyo/a_Guardar' is clicked on

2022-03-29 19:09:46 - [TEST_STEP][PASSED] - click(findTestObject("M-OBJECTS TAREAS SECUNDARIAS/Pruebas SST/Creación de Grupos de Apoyo/a_Anexos")): Object: 'Object Repository/M-OBJECTS TAREAS SECUNDARIAS/Pruebas SST/Creación de Grupos de Apoyo/a_Anexos' is clicked on

2022-03-29 19:09:47 - [MESSAGE][PASSED] - Object: 'Object Repository/M-OBJECTS TAREAS SECUNDARIAS/Pruebas SST/Creación de Grupos de Apoyo/a_Anexos' is clicked on

2022-03-29 19:09:47 - [TEST_STEP][PASSED] - click(findTestObject("M-OBJECTS TAREAS SECUNDARIAS/Pruebas SST/Creación de Grupos de Apoyo/a_Descargar_form_equipoTrabajoSaltabtablaAnexosj_idt202")): Object: 'Object Repository/M-OBJECTS TAREAS SECUNDARIAS/Pruebas SST/Creación de Grupos de Apoyo/a_Descargar_form_equipoTrabajoSaltabtablaAnexosj_idt202' is clicked on

2022-03-29 19:09:48 - [MESSAGE][PASSED] - Object: 'Object Repository/M-OBJECTS TAREAS SECUNDARIAS/Pruebas SST/Creación de Grupos de Apoyo/a_Descargar_form_equipoTrabajoSaltabtablaAnexosj_idt202' is clicked on

2022-03-29 19:09:48 - [TEST_STEP][PASSED] - ruta = G_rutaarchivos + "prueba.pdf": null

2022-03-29 19:09:48 - [TEST_STEP][PASSED] - uploadFile(findTestObject("M-OBJECTS TAREAS SECUNDARIAS/Pruebas SST/Creación de Grupos de Apoyo/input_Cargar Archivo_popupCargarArchivoForminputFileName_input"), ruta): File 'E:\unionweb14\prueba.pdf' sent to object: 'Object Repository/M-OBJECTS TAREAS SECUNDARIAS/Pruebas SST/Creación de Grupos de Apoyo/input_Cargar Archivo_popupCargarArchivoForminputFileName_input'

2022-03-29 19:09:48 - [MESSAGE][PASSED] - File 'E:\unionweb14\prueba.pdf' sent to object: 'Object Repository/M-OBJECTS TAREAS SECUNDARIAS/Pruebas SST/Creación de Grupos de Apoyo/input_Cargar Archivo_popupCargarArchivoForminputFileName_input'

2022-03-29 19:09:48 - [TEST_STEP][PASSED] - setText(findTestObject("M-OBJECTS TAREAS SECUNDARIAS/Pruebas SST/Creación de Grupos de Apoyo/input_Descargar_form_equipoTrabajoSaltabtablaAnexosfecha_input"), "01/07/2021"): Text '01/07/2021' is set on object 'Object Repository/M-OBJECTS TAREAS SECUNDARIAS/Pruebas SST/Creación de Grupos de Apoyo/input_Descargar_form_equipoTrabajoSaltabtablaAnexosfecha_input'

2022-03-29 19:09:50 - [MESSAGE][PASSED] - Text '01/07/2021' is set on object 'Object Repository/M-OBJECTS TAREAS SECUNDARIAS/Pruebas SST/Creación de Grupos de Apoyo/input_Descargar_form_equipoTrabajoSaltabtablaAnexosfecha_input'

2022-03-29 19:09:50 - [TEST_STEP][PASSED] - setText(findTestObject("M-OBJECTS TAREAS SECUNDARIAS/Pruebas SST/Creación de Grupos de Apoyo/input_Descargar_form_equipoTrabajoSaltabtablaAnexosdescripcionAnexo"), "pruebas k"): Text 'pruebas k' is set on object 'Object Repository/M-OBJECTS TAREAS SECUNDARIAS/Pruebas SST/Creación de Grupos de Apoyo/input_Descargar_form_equipoTrabajoSaltabtablaAnexosdescripcionAnexo'

2022-03-29 19:09:51 - [MESSAGE][PASSED] - Text 'pruebas k' is set on object 'Object Repository/M-OBJECTS TAREAS SECUNDARIAS/Pruebas SST/Creación de Grupos de Apoyo/input_Descargar_form_equipoTrabajoSaltabtablaAnexosdescripcionAnexo'

2022-03-29 19:09:51 - [TEST_STEP][PASSED] - click(findTestObject("M-OBJECTS TAREAS SECUNDARIAS/Pruebas SST/Creación de Grupos de Apoyo/a_Descargar_form_equipoTrabajoSaltabtablaAnexosj_idt209")): Object: 'Object Repository/M-OBJECTS TAREAS SECUNDARIAS/Pruebas SST/Creación de Grupos de Apoyo/a_Descargar_form_equipoTrabajoSaltabtablaAnexosj_idt209' is clicked on

2022-03-29 19:09:51 - [MESSAGE][PASSED] - Object: 'Object Repository/M-OBJECTS TAREAS SECUNDARIAS/Pruebas SST/Creación de Grupos de Apoyo/a_Descargar_form_equipoTrabajoSaltabtablaAnexosj_idt209' is clicked on

2022-03-29 19:09:51 - [TEST_STEP][PASSED] - closeBrowser(): Browser is closed

2022-03-29 19:09:52 - [MESSAGE][PASSED] - Browser is closed]]></system-out>
         <system-err><![CDATA[]]></system-err>
      </testcase>
      <testcase name="Test Cases/1.2-Tareas_Secundarias/7.1-Pruebas_Vinculación/7.1.1-Crear_un_tipo_Documento" time="20.907" classname="Test Cases/1.2-Tareas_Secundarias/7.1-Pruebas_Vinculación/7.1.1-Crear_un_tipo_Documento" status="PASSED">
         <system-out><![CDATA[2022-03-29 19:09:52 - [TEST_CASE][PASSED] - Test Cases/1.2-Tareas_Secundarias/7.1-Pruebas_Vinculación/7.1.1-Crear_un_tipo_Documento: Test Cases/1.2-Tareas_Secundarias/7.1-Pruebas_Vinculación/7.1.1-Crear_un_tipo_Documento

2022-03-29 19:09:52 - [TEST_STEP][PASSED] - callTestCase(findTestCase("0.1-Login"), [:], STOP_ON_FAILURE): Call Test Case 'Test Cases/0.1-Login' successfully

2022-03-29 19:09:52 - [TEST_CASE][PASSED] - Test Cases/0.1-Login: Test Cases/0.1-Login

2022-03-29 19:09:52 - [TEST_STEP][PASSED] - openBrowser(""): Browser is opened with url: ''

2022-03-29 19:09:52 - [MESSAGE][INFO] - Starting 'Chrome' driver

2022-03-29 19:09:52 - [MESSAGE][INFO] - Action delay is set to 50 milliseconds

2022-03-29 19:09:54 - [MESSAGE][PASSED] - Browser is opened with url: ''

2022-03-29 19:09:54 - [TEST_STEP][PASSED] - maximizeWindow(): Current window maximized

2022-03-29 19:09:54 - [MESSAGE][PASSED] - Current window maximized

2022-03-29 19:09:54 - [TEST_STEP][PASSED] - i = G_Login: null

2022-03-29 19:09:54 - [TEST_STEP][PASSED] - url = new java.net.URL(i): null

2022-03-29 19:09:54 - [TEST_STEP][PASSED] - println("URL: " + url.toString()): null

2022-03-29 19:09:54 - [TEST_STEP][PASSED] - connection = url.openConnection(): null

2022-03-29 19:09:54 - [TEST_STEP][PASSED] - connection.setRequestMethod("GET"): null

2022-03-29 19:09:54 - [TEST_STEP][PASSED] - connection.setReadTimeout(2 * 1000): null

2022-03-29 19:09:54 - [TEST_STEP][PASSED] - try: null

2022-03-29 19:09:54 - [TEST_STEP][PASSED] - connection.connect(): null

2022-03-29 19:09:54 - [TEST_STEP][PASSED] - flag = connected: null

2022-03-29 19:09:54 - [TEST_STEP][PASSED] - println("Valor_ori: " + flag): null

2022-03-29 19:09:54 - [TEST_STEP][PASSED] - if (flag): null

2022-03-29 19:09:54 - [TEST_STEP][PASSED] - navigateToUrl(i): Navigate to 'http://192.168.2.19:8380/saraweb' successfully

2022-03-29 19:09:54 - [MESSAGE][PASSED] - Navigate to 'http://192.168.2.19:8380/saraweb' successfully

2022-03-29 19:09:54 - [TEST_STEP][PASSED] - a(): null

2022-03-29 19:09:54 - [TEST_STEP][PASSED] - setText(findTestObject("Login/input_USUARIO_loginusuario"), G_Usuario): Text 'saraadmin' is set on object 'Object Repository/Login/input_USUARIO_loginusuario'

2022-03-29 19:09:55 - [MESSAGE][PASSED] - Text 'saraadmin' is set on object 'Object Repository/Login/input_USUARIO_loginusuario'

2022-03-29 19:09:55 - [TEST_STEP][PASSED] - setEncryptedText(findTestObject("Login/input_CLAVE_loginpassword"), "MkG4/TYiCFC3cb2driP7+Q=="): Text ****** has been set on object 'Object Repository/Login/input_CLAVE_loginpassword'

2022-03-29 19:09:56 - [MESSAGE][PASSED] - Text ****** has been set on object 'Object Repository/Login/input_CLAVE_loginpassword'

2022-03-29 19:09:56 - [TEST_STEP][PASSED] - waitForElementClickable(findTestObject("Login/a_Ingresar"), G_TimeOut): Object 'Object Repository/Login/a_Ingresar' is clickable

2022-03-29 19:09:56 - [MESSAGE][PASSED] - Object 'Object Repository/Login/a_Ingresar' is clickable

2022-03-29 19:09:56 - [TEST_STEP][PASSED] - click(findTestObject("Login/a_Ingresar")): Object: 'Object Repository/Login/a_Ingresar' is clicked on

2022-03-29 19:09:58 - [MESSAGE][PASSED] - Object: 'Object Repository/Login/a_Ingresar' is clicked on

2022-03-29 19:09:58 - [TEST_STEP][PASSED] - element = findWebElement(findTestObject("Login/a_Ir"), 30): null

2022-03-29 19:09:58 - [TEST_STEP][PASSED] - executeJavaScript("arguments[0].click()", Arrays.asList(element)): Execute JavaScript 'arguments[0].click()' successfully

2022-03-29 19:09:58 - [MESSAGE][PASSED] - Execute JavaScript 'arguments[0].click()' successfully

2022-03-29 19:09:58 - [MESSAGE][PASSED] - Call Test Case 'Test Cases/0.1-Login' successfully

2022-03-29 19:09:58 - [TEST_STEP][PASSED] - setText(findTestObject("Modulo Pruebas Vinculación/Crear_un_tipo_Documento/input_Empresa 1_form_templatej_idt24_input"), "parametros contratacion"): Text 'parametros contratacion' is set on object 'Object Repository/Modulo Pruebas Vinculación/Crear_un_tipo_Documento/input_Empresa 1_form_templatej_idt24_input'

2022-03-29 19:09:59 - [MESSAGE][PASSED] - Text 'parametros contratacion' is set on object 'Object Repository/Modulo Pruebas Vinculación/Crear_un_tipo_Documento/input_Empresa 1_form_templatej_idt24_input'

2022-03-29 19:09:59 - [TEST_STEP][PASSED] - click(findTestObject("Modulo Pruebas Vinculación/Crear_un_tipo_Documento/span_Parametros Contratacion")): Object: 'Object Repository/Modulo Pruebas Vinculación/Crear_un_tipo_Documento/span_Parametros Contratacion' is clicked on

2022-03-29 19:10:01 - [MESSAGE][PASSED] - Object: 'Object Repository/Modulo Pruebas Vinculación/Crear_un_tipo_Documento/span_Parametros Contratacion' is clicked on

2022-03-29 19:10:01 - [TEST_STEP][PASSED] - click(findTestObject("Modulo Pruebas Vinculación/Crear_un_tipo_Documento/a_Tipo  Documento")): Object: 'Object Repository/Modulo Pruebas Vinculación/Crear_un_tipo_Documento/a_Tipo  Documento' is clicked on

2022-03-29 19:10:02 - [MESSAGE][PASSED] - Object: 'Object Repository/Modulo Pruebas Vinculación/Crear_un_tipo_Documento/a_Tipo  Documento' is clicked on

2022-03-29 19:10:02 - [TEST_STEP][PASSED] - setText(findTestObject("Modulo Pruebas Vinculación/Crear_un_Momento/input_Parmetros_form_tipodocumentofiltroTipoHoja"), "pruebas katalon"): Text 'pruebas katalon' is set on object 'Object Repository/Modulo Pruebas Vinculación/Crear_un_Momento/input_Parmetros_form_tipodocumentofiltroTipoHoja'

2022-03-29 19:10:03 - [MESSAGE][PASSED] - Text 'pruebas katalon' is set on object 'Object Repository/Modulo Pruebas Vinculación/Crear_un_Momento/input_Parmetros_form_tipodocumentofiltroTipoHoja'

2022-03-29 19:10:03 - [TEST_STEP][PASSED] - sendKeys(findTestObject("Modulo Pruebas Vinculación/Crear_un_Momento/input_Parmetros_form_tipodocumentofiltroTipoHoja"), Keys.chord(ENTER)): Keys 'ENTER + ' sent to object: 'Object Repository/Modulo Pruebas Vinculación/Crear_un_Momento/input_Parmetros_form_tipodocumentofiltroTipoHoja'

2022-03-29 19:10:04 - [MESSAGE][PASSED] - Keys 'ENTER + ' sent to object: 'Object Repository/Modulo Pruebas Vinculación/Crear_un_Momento/input_Parmetros_form_tipodocumentofiltroTipoHoja'

2022-03-29 19:10:04 - [TEST_STEP][PASSED] - if (waitForElementVisible(findTestObject("Modulo Pruebas Vinculación/Crear_un_Momento/span_Pruebas katalon"), 1)): null

2022-03-29 19:10:04 - [MESSAGE][PASSED] - Object 'Object Repository/Modulo Pruebas Vinculación/Crear_un_Momento/span_Pruebas katalon' is visible

2022-03-29 19:10:04 - [TEST_STEP][PASSED] - click(findTestObject("Modulo Pruebas Vinculación/Crear_un_Momento/span_Pruebas katalon")): Object: 'Object Repository/Modulo Pruebas Vinculación/Crear_un_Momento/span_Pruebas katalon' is clicked on

2022-03-29 19:10:05 - [MESSAGE][PASSED] - Object: 'Object Repository/Modulo Pruebas Vinculación/Crear_un_Momento/span_Pruebas katalon' is clicked on

2022-03-29 19:10:05 - [TEST_STEP][PASSED] - click(findTestObject("Modulo Pruebas Vinculación/Crear_un_Momento/a_Eliminar")): Object: 'Object Repository/Modulo Pruebas Vinculación/Crear_un_Momento/a_Eliminar' is clicked on

2022-03-29 19:10:06 - [MESSAGE][PASSED] - Object: 'Object Repository/Modulo Pruebas Vinculación/Crear_un_Momento/a_Eliminar' is clicked on

2022-03-29 19:10:06 - [TEST_STEP][PASSED] - click(findTestObject("Modulo Pruebas Vinculación/Crear_un_Momento/a_Aceptar")): Object: 'Object Repository/Modulo Pruebas Vinculación/Crear_un_Momento/a_Aceptar' is clicked on

2022-03-29 19:10:06 - [MESSAGE][PASSED] - Object: 'Object Repository/Modulo Pruebas Vinculación/Crear_un_Momento/a_Aceptar' is clicked on

2022-03-29 19:10:06 - [TEST_STEP][PASSED] - click(findTestObject("Modulo Pruebas Vinculación/Crear_un_tipo_Documento/a_Nuevo")): Object: 'Object Repository/Modulo Pruebas Vinculación/Crear_un_tipo_Documento/a_Nuevo' is clicked on

2022-03-29 19:10:07 - [MESSAGE][PASSED] - Object: 'Object Repository/Modulo Pruebas Vinculación/Crear_un_tipo_Documento/a_Nuevo' is clicked on

2022-03-29 19:10:07 - [TEST_STEP][PASSED] - setText(findTestObject("Modulo Pruebas Vinculación/Crear_un_tipo_Documento/input_Cdigo_form_tipodocumentocodigo"), "5"): Text '5' is set on object 'Object Repository/Modulo Pruebas Vinculación/Crear_un_tipo_Documento/input_Cdigo_form_tipodocumentocodigo'

2022-03-29 19:10:08 - [MESSAGE][PASSED] - Text '5' is set on object 'Object Repository/Modulo Pruebas Vinculación/Crear_un_tipo_Documento/input_Cdigo_form_tipodocumentocodigo'

2022-03-29 19:10:08 - [TEST_STEP][PASSED] - setText(findTestObject("Modulo Pruebas Vinculación/Crear_un_tipo_Documento/textarea_Descripcin_form_tipodocumentodescripcion"), "Pruebas katalon"): Text 'Pruebas katalon' is set on object 'Object Repository/Modulo Pruebas Vinculación/Crear_un_tipo_Documento/textarea_Descripcin_form_tipodocumentodescripcion'

2022-03-29 19:10:09 - [MESSAGE][PASSED] - Text 'Pruebas katalon' is set on object 'Object Repository/Modulo Pruebas Vinculación/Crear_un_tipo_Documento/textarea_Descripcin_form_tipodocumentodescripcion'

2022-03-29 19:10:09 - [TEST_STEP][PASSED] - selectOptionByIndex(findTestObject("Modulo Pruebas Vinculación/Crear_un_tipo_Documento/select_Documento AnexoDocumento Control"), 1): All options with index in [1] are selected on object 'Object Repository/Modulo Pruebas Vinculación/Crear_un_tipo_Documento/select_Documento AnexoDocumento Control'

2022-03-29 19:10:11 - [MESSAGE][PASSED] - All options with index in [1] are selected on object 'Object Repository/Modulo Pruebas Vinculación/Crear_un_tipo_Documento/select_Documento AnexoDocumento Control'

2022-03-29 19:10:11 - [TEST_STEP][PASSED] - selectOptionByIndex(findTestObject("Modulo Pruebas Vinculación/Crear_un_tipo_Documento/select_--Seleccione--MODO COLOMBIA HV"), 1): All options with index in [1] are selected on object 'Object Repository/Modulo Pruebas Vinculación/Crear_un_tipo_Documento/select_--Seleccione--MODO COLOMBIA HV'

2022-03-29 19:10:12 - [MESSAGE][PASSED] - All options with index in [1] are selected on object 'Object Repository/Modulo Pruebas Vinculación/Crear_un_tipo_Documento/select_--Seleccione--MODO COLOMBIA HV'

2022-03-29 19:10:12 - [TEST_STEP][PASSED] - click(findTestObject("Modulo Pruebas Vinculación/Crear_un_tipo_Documento/a_Guardar")): Object: 'Object Repository/Modulo Pruebas Vinculación/Crear_un_tipo_Documento/a_Guardar' is clicked on

2022-03-29 19:10:12 - [MESSAGE][PASSED] - Object: 'Object Repository/Modulo Pruebas Vinculación/Crear_un_tipo_Documento/a_Guardar' is clicked on

2022-03-29 19:10:12 - [TEST_STEP][PASSED] - closeBrowser(): Browser is closed

2022-03-29 19:10:13 - [MESSAGE][PASSED] - Browser is closed]]></system-out>
         <system-err><![CDATA[]]></system-err>
      </testcase>
      <testcase name="Test Cases/1.2-Tareas_Secundarias/7.1-Pruebas_Vinculación/7.1.2-Crear_un_Momento" time="17.309" classname="Test Cases/1.2-Tareas_Secundarias/7.1-Pruebas_Vinculación/7.1.2-Crear_un_Momento" status="PASSED">
         <system-out><![CDATA[2022-03-29 19:10:13 - [TEST_CASE][PASSED] - Test Cases/1.2-Tareas_Secundarias/7.1-Pruebas_Vinculación/7.1.2-Crear_un_Momento: Test Cases/1.2-Tareas_Secundarias/7.1-Pruebas_Vinculación/7.1.2-Crear_un_Momento

2022-03-29 19:10:13 - [TEST_STEP][PASSED] - callTestCase(findTestCase("0.1-Login"), [:], STOP_ON_FAILURE): Call Test Case 'Test Cases/0.1-Login' successfully

2022-03-29 19:10:13 - [TEST_CASE][PASSED] - Test Cases/0.1-Login: Test Cases/0.1-Login

2022-03-29 19:10:13 - [TEST_STEP][PASSED] - openBrowser(""): Browser is opened with url: ''

2022-03-29 19:10:13 - [MESSAGE][INFO] - Starting 'Chrome' driver

2022-03-29 19:10:13 - [MESSAGE][INFO] - Action delay is set to 50 milliseconds

2022-03-29 19:10:15 - [MESSAGE][PASSED] - Browser is opened with url: ''

2022-03-29 19:10:15 - [TEST_STEP][PASSED] - maximizeWindow(): Current window maximized

2022-03-29 19:10:15 - [MESSAGE][PASSED] - Current window maximized

2022-03-29 19:10:15 - [TEST_STEP][PASSED] - i = G_Login: null

2022-03-29 19:10:15 - [TEST_STEP][PASSED] - url = new java.net.URL(i): null

2022-03-29 19:10:15 - [TEST_STEP][PASSED] - println("URL: " + url.toString()): null

2022-03-29 19:10:15 - [TEST_STEP][PASSED] - connection = url.openConnection(): null

2022-03-29 19:10:15 - [TEST_STEP][PASSED] - connection.setRequestMethod("GET"): null

2022-03-29 19:10:15 - [TEST_STEP][PASSED] - connection.setReadTimeout(2 * 1000): null

2022-03-29 19:10:15 - [TEST_STEP][PASSED] - try: null

2022-03-29 19:10:15 - [TEST_STEP][PASSED] - connection.connect(): null

2022-03-29 19:10:15 - [TEST_STEP][PASSED] - flag = connected: null

2022-03-29 19:10:15 - [TEST_STEP][PASSED] - println("Valor_ori: " + flag): null

2022-03-29 19:10:15 - [TEST_STEP][PASSED] - if (flag): null

2022-03-29 19:10:15 - [TEST_STEP][PASSED] - navigateToUrl(i): Navigate to 'http://192.168.2.19:8380/saraweb' successfully

2022-03-29 19:10:15 - [MESSAGE][PASSED] - Navigate to 'http://192.168.2.19:8380/saraweb' successfully

2022-03-29 19:10:15 - [TEST_STEP][PASSED] - a(): null

2022-03-29 19:10:15 - [TEST_STEP][PASSED] - setText(findTestObject("Login/input_USUARIO_loginusuario"), G_Usuario): Text 'saraadmin' is set on object 'Object Repository/Login/input_USUARIO_loginusuario'

2022-03-29 19:10:16 - [MESSAGE][PASSED] - Text 'saraadmin' is set on object 'Object Repository/Login/input_USUARIO_loginusuario'

2022-03-29 19:10:16 - [TEST_STEP][PASSED] - setEncryptedText(findTestObject("Login/input_CLAVE_loginpassword"), "MkG4/TYiCFC3cb2driP7+Q=="): Text ****** has been set on object 'Object Repository/Login/input_CLAVE_loginpassword'

2022-03-29 19:10:17 - [MESSAGE][PASSED] - Text ****** has been set on object 'Object Repository/Login/input_CLAVE_loginpassword'

2022-03-29 19:10:17 - [TEST_STEP][PASSED] - waitForElementClickable(findTestObject("Login/a_Ingresar"), G_TimeOut): Object 'Object Repository/Login/a_Ingresar' is clickable

2022-03-29 19:10:17 - [MESSAGE][PASSED] - Object 'Object Repository/Login/a_Ingresar' is clickable

2022-03-29 19:10:17 - [TEST_STEP][PASSED] - click(findTestObject("Login/a_Ingresar")): Object: 'Object Repository/Login/a_Ingresar' is clicked on

2022-03-29 19:10:19 - [MESSAGE][PASSED] - Object: 'Object Repository/Login/a_Ingresar' is clicked on

2022-03-29 19:10:19 - [TEST_STEP][PASSED] - element = findWebElement(findTestObject("Login/a_Ir"), 30): null

2022-03-29 19:10:19 - [TEST_STEP][PASSED] - executeJavaScript("arguments[0].click()", Arrays.asList(element)): Execute JavaScript 'arguments[0].click()' successfully

2022-03-29 19:10:19 - [MESSAGE][PASSED] - Execute JavaScript 'arguments[0].click()' successfully

2022-03-29 19:10:19 - [MESSAGE][PASSED] - Call Test Case 'Test Cases/0.1-Login' successfully

2022-03-29 19:10:19 - [TEST_STEP][PASSED] - setText(findTestObject("Modulo Pruebas Vinculación/Crear_un_Momento/input_Empresa 1_form_templatej_idt24_input"), "parametros contratacion"): Text 'parametros contratacion' is set on object 'Object Repository/Modulo Pruebas Vinculación/Crear_un_Momento/input_Empresa 1_form_templatej_idt24_input'

2022-03-29 19:10:20 - [MESSAGE][PASSED] - Text 'parametros contratacion' is set on object 'Object Repository/Modulo Pruebas Vinculación/Crear_un_Momento/input_Empresa 1_form_templatej_idt24_input'

2022-03-29 19:10:20 - [TEST_STEP][PASSED] - click(findTestObject("Modulo Pruebas Vinculación/Crear_un_Momento/li_Parametros Contratacion (tal)")): Object: 'Object Repository/Modulo Pruebas Vinculación/Crear_un_Momento/li_Parametros Contratacion (tal)' is clicked on

2022-03-29 19:10:22 - [MESSAGE][PASSED] - Object: 'Object Repository/Modulo Pruebas Vinculación/Crear_un_Momento/li_Parametros Contratacion (tal)' is clicked on

2022-03-29 19:10:22 - [TEST_STEP][PASSED] - click(findTestObject("Modulo Pruebas Vinculación/Crear_un_Momento/a_Momento")): Object: 'Object Repository/Modulo Pruebas Vinculación/Crear_un_Momento/a_Momento' is clicked on

2022-03-29 19:10:23 - [MESSAGE][PASSED] - Object: 'Object Repository/Modulo Pruebas Vinculación/Crear_un_Momento/a_Momento' is clicked on

2022-03-29 19:10:23 - [TEST_STEP][PASSED] - if (waitForElementVisible(findTestObject("Modulo Pruebas Vinculación/Crear_un_Momento/td_Pruebas katalon"), 1)): null

2022-03-29 19:10:24 - [MESSAGE][PASSED] - Object 'Object Repository/Modulo Pruebas Vinculación/Crear_un_Momento/td_Pruebas katalon' is visible

2022-03-29 19:10:24 - [TEST_STEP][PASSED] - click(findTestObject("Modulo Pruebas Vinculación/Crear_un_Momento/td_Pruebas katalon")): Object: 'Object Repository/Modulo Pruebas Vinculación/Crear_un_Momento/td_Pruebas katalon' is clicked on

2022-03-29 19:10:24 - [MESSAGE][PASSED] - Object: 'Object Repository/Modulo Pruebas Vinculación/Crear_un_Momento/td_Pruebas katalon' is clicked on

2022-03-29 19:10:24 - [TEST_STEP][PASSED] - click(findTestObject("Modulo Pruebas Vinculación/Crear_un_Momento/a_Eliminar")): Object: 'Object Repository/Modulo Pruebas Vinculación/Crear_un_Momento/a_Eliminar' is clicked on

2022-03-29 19:10:25 - [MESSAGE][PASSED] - Object: 'Object Repository/Modulo Pruebas Vinculación/Crear_un_Momento/a_Eliminar' is clicked on

2022-03-29 19:10:25 - [TEST_STEP][PASSED] - click(findTestObject("Modulo Pruebas Vinculación/Crear_un_Momento/a_Aceptar")): Object: 'Object Repository/Modulo Pruebas Vinculación/Crear_un_Momento/a_Aceptar' is clicked on

2022-03-29 19:10:26 - [MESSAGE][PASSED] - Object: 'Object Repository/Modulo Pruebas Vinculación/Crear_un_Momento/a_Aceptar' is clicked on

2022-03-29 19:10:26 - [TEST_STEP][PASSED] - click(findTestObject("Modulo Pruebas Vinculación/Crear_un_Momento/a_Nuevo")): Object: 'Object Repository/Modulo Pruebas Vinculación/Crear_un_Momento/a_Nuevo' is clicked on

2022-03-29 19:10:26 - [MESSAGE][PASSED] - Object: 'Object Repository/Modulo Pruebas Vinculación/Crear_un_Momento/a_Nuevo' is clicked on

2022-03-29 19:10:26 - [TEST_STEP][PASSED] - setText(findTestObject("Modulo Pruebas Vinculación/Crear_un_Momento/input_Cdigo_form_momentopanelTabcodigo"), "5"): Text '5' is set on object 'Object Repository/Modulo Pruebas Vinculación/Crear_un_Momento/input_Cdigo_form_momentopanelTabcodigo'

2022-03-29 19:10:28 - [MESSAGE][PASSED] - Text '5' is set on object 'Object Repository/Modulo Pruebas Vinculación/Crear_un_Momento/input_Cdigo_form_momentopanelTabcodigo'

2022-03-29 19:10:28 - [TEST_STEP][PASSED] - setText(findTestObject("Modulo Pruebas Vinculación/Crear_un_Momento/textarea_Descripcin_form_momentopanelTabdescripcion"), "Pruebas katalon"): Text 'Pruebas katalon' is set on object 'Object Repository/Modulo Pruebas Vinculación/Crear_un_Momento/textarea_Descripcin_form_momentopanelTabdescripcion'

2022-03-29 19:10:29 - [MESSAGE][PASSED] - Text 'Pruebas katalon' is set on object 'Object Repository/Modulo Pruebas Vinculación/Crear_un_Momento/textarea_Descripcin_form_momentopanelTabdescripcion'

2022-03-29 19:10:29 - [TEST_STEP][PASSED] - selectOptionByIndex(findTestObject("Modulo Pruebas Vinculación/Crear_un_Momento/select_--Seleccione--MODO COLOMBIA HV"), 1): All options with index in [1] are selected on object 'Object Repository/Modulo Pruebas Vinculación/Crear_un_Momento/select_--Seleccione--MODO COLOMBIA HV'

2022-03-29 19:10:30 - [MESSAGE][PASSED] - All options with index in [1] are selected on object 'Object Repository/Modulo Pruebas Vinculación/Crear_un_Momento/select_--Seleccione--MODO COLOMBIA HV'

2022-03-29 19:10:30 - [TEST_STEP][PASSED] - click(findTestObject("Modulo Pruebas Vinculación/Crear_un_Momento/a_Guardar")): Object: 'Object Repository/Modulo Pruebas Vinculación/Crear_un_Momento/a_Guardar' is clicked on

2022-03-29 19:10:30 - [MESSAGE][PASSED] - Object: 'Object Repository/Modulo Pruebas Vinculación/Crear_un_Momento/a_Guardar' is clicked on]]></system-out>
         <system-err><![CDATA[]]></system-err>
      </testcase>
      <testcase name="Test Cases/1.2-Tareas_Secundarias/7.1-Pruebas_Vinculación/7.1.3-Crear_un_Origen_de_Contratación" time="20.417" classname="Test Cases/1.2-Tareas_Secundarias/7.1-Pruebas_Vinculación/7.1.3-Crear_un_Origen_de_Contratación" status="PASSED">
         <system-out><![CDATA[2022-03-29 19:10:30 - [TEST_CASE][PASSED] - Test Cases/1.2-Tareas_Secundarias/7.1-Pruebas_Vinculación/7.1.3-Crear_un_Origen_de_Contratación: Test Cases/1.2-Tareas_Secundarias/7.1-Pruebas_Vinculación/7.1.3-Crear_un_Origen_de_Contratación

2022-03-29 19:10:31 - [TEST_STEP][PASSED] - callTestCase(findTestCase("0.1-Login"), [:], STOP_ON_FAILURE): Call Test Case 'Test Cases/0.1-Login' successfully

2022-03-29 19:10:31 - [TEST_CASE][PASSED] - Test Cases/0.1-Login: Test Cases/0.1-Login

2022-03-29 19:10:31 - [TEST_STEP][PASSED] - openBrowser(""): Browser is opened with url: ''

2022-03-29 19:10:31 - [MESSAGE][WARNING] - A browser is already opened. Closing browser and opening a new one

2022-03-29 19:10:31 - [MESSAGE][INFO] - Starting 'Chrome' driver

2022-03-29 19:10:31 - [MESSAGE][INFO] - Action delay is set to 50 milliseconds

2022-03-29 19:10:33 - [MESSAGE][PASSED] - Browser is opened with url: ''

2022-03-29 19:10:33 - [TEST_STEP][PASSED] - maximizeWindow(): Current window maximized

2022-03-29 19:10:33 - [MESSAGE][PASSED] - Current window maximized

2022-03-29 19:10:33 - [TEST_STEP][PASSED] - i = G_Login: null

2022-03-29 19:10:33 - [TEST_STEP][PASSED] - url = new java.net.URL(i): null

2022-03-29 19:10:33 - [TEST_STEP][PASSED] - println("URL: " + url.toString()): null

2022-03-29 19:10:33 - [TEST_STEP][PASSED] - connection = url.openConnection(): null

2022-03-29 19:10:33 - [TEST_STEP][PASSED] - connection.setRequestMethod("GET"): null

2022-03-29 19:10:33 - [TEST_STEP][PASSED] - connection.setReadTimeout(2 * 1000): null

2022-03-29 19:10:33 - [TEST_STEP][PASSED] - try: null

2022-03-29 19:10:33 - [TEST_STEP][PASSED] - connection.connect(): null

2022-03-29 19:10:33 - [TEST_STEP][PASSED] - flag = connected: null

2022-03-29 19:10:33 - [TEST_STEP][PASSED] - println("Valor_ori: " + flag): null

2022-03-29 19:10:33 - [TEST_STEP][PASSED] - if (flag): null

2022-03-29 19:10:33 - [TEST_STEP][PASSED] - navigateToUrl(i): Navigate to 'http://192.168.2.19:8380/saraweb' successfully

2022-03-29 19:10:33 - [MESSAGE][PASSED] - Navigate to 'http://192.168.2.19:8380/saraweb' successfully

2022-03-29 19:10:33 - [TEST_STEP][PASSED] - a(): null

2022-03-29 19:10:33 - [TEST_STEP][PASSED] - setText(findTestObject("Login/input_USUARIO_loginusuario"), G_Usuario): Text 'saraadmin' is set on object 'Object Repository/Login/input_USUARIO_loginusuario'

2022-03-29 19:10:34 - [MESSAGE][PASSED] - Text 'saraadmin' is set on object 'Object Repository/Login/input_USUARIO_loginusuario'

2022-03-29 19:10:34 - [TEST_STEP][PASSED] - setEncryptedText(findTestObject("Login/input_CLAVE_loginpassword"), "MkG4/TYiCFC3cb2driP7+Q=="): Text ****** has been set on object 'Object Repository/Login/input_CLAVE_loginpassword'

2022-03-29 19:10:35 - [MESSAGE][PASSED] - Text ****** has been set on object 'Object Repository/Login/input_CLAVE_loginpassword'

2022-03-29 19:10:35 - [TEST_STEP][PASSED] - waitForElementClickable(findTestObject("Login/a_Ingresar"), G_TimeOut): Object 'Object Repository/Login/a_Ingresar' is clickable

2022-03-29 19:10:35 - [MESSAGE][PASSED] - Object 'Object Repository/Login/a_Ingresar' is clickable

2022-03-29 19:10:35 - [TEST_STEP][PASSED] - click(findTestObject("Login/a_Ingresar")): Object: 'Object Repository/Login/a_Ingresar' is clicked on

2022-03-29 19:10:37 - [MESSAGE][PASSED] - Object: 'Object Repository/Login/a_Ingresar' is clicked on

2022-03-29 19:10:37 - [TEST_STEP][PASSED] - element = findWebElement(findTestObject("Login/a_Ir"), 30): null

2022-03-29 19:10:37 - [TEST_STEP][PASSED] - executeJavaScript("arguments[0].click()", Arrays.asList(element)): Execute JavaScript 'arguments[0].click()' successfully

2022-03-29 19:10:37 - [MESSAGE][PASSED] - Execute JavaScript 'arguments[0].click()' successfully

2022-03-29 19:10:37 - [MESSAGE][PASSED] - Call Test Case 'Test Cases/0.1-Login' successfully

2022-03-29 19:10:37 - [TEST_STEP][PASSED] - setText(findTestObject("Modulo Pruebas Vinculación/Crear_un_Origen_de_Contratación/input_Empresa 1_form_templatej_idt24_input"), "Parametros Contratacion"): Text 'Parametros Contratacion' is set on object 'Object Repository/Modulo Pruebas Vinculación/Crear_un_Origen_de_Contratación/input_Empresa 1_form_templatej_idt24_input'

2022-03-29 19:10:38 - [MESSAGE][PASSED] - Text 'Parametros Contratacion' is set on object 'Object Repository/Modulo Pruebas Vinculación/Crear_un_Origen_de_Contratación/input_Empresa 1_form_templatej_idt24_input'

2022-03-29 19:10:38 - [TEST_STEP][PASSED] - click(findTestObject("Modulo Pruebas Vinculación/Crear_un_Origen_de_Contratación/li_Parametros Contratacion (tal)")): Object: 'Object Repository/Modulo Pruebas Vinculación/Crear_un_Origen_de_Contratación/li_Parametros Contratacion (tal)' is clicked on

2022-03-29 19:10:40 - [MESSAGE][PASSED] - Object: 'Object Repository/Modulo Pruebas Vinculación/Crear_un_Origen_de_Contratación/li_Parametros Contratacion (tal)' is clicked on

2022-03-29 19:10:40 - [TEST_STEP][PASSED] - click(findTestObject("Modulo Pruebas Vinculación/Crear_un_Origen_de_Contratación/a_Origen Contratacin")): Object: 'Object Repository/Modulo Pruebas Vinculación/Crear_un_Origen_de_Contratación/a_Origen Contratacin' is clicked on

2022-03-29 19:10:41 - [MESSAGE][PASSED] - Object: 'Object Repository/Modulo Pruebas Vinculación/Crear_un_Origen_de_Contratación/a_Origen Contratacin' is clicked on

2022-03-29 19:10:41 - [TEST_STEP][PASSED] - if (waitForElementVisible(findTestObject("Modulo Pruebas Vinculación/Crear_un_Origen_de_Contratación/td_Pruebas katalon"), 1)): null

2022-03-29 19:10:41 - [MESSAGE][PASSED] - Object 'Object Repository/Modulo Pruebas Vinculación/Crear_un_Origen_de_Contratación/td_Pruebas katalon' is visible

2022-03-29 19:10:41 - [TEST_STEP][PASSED] - click(findTestObject("Modulo Pruebas Vinculación/Crear_un_Origen_de_Contratación/td_Pruebas katalon")): Object: 'Object Repository/Modulo Pruebas Vinculación/Crear_un_Origen_de_Contratación/td_Pruebas katalon' is clicked on

2022-03-29 19:10:42 - [MESSAGE][PASSED] - Object: 'Object Repository/Modulo Pruebas Vinculación/Crear_un_Origen_de_Contratación/td_Pruebas katalon' is clicked on

2022-03-29 19:10:42 - [TEST_STEP][PASSED] - click(findTestObject("Modulo Pruebas Vinculación/Crear_un_Origen_de_Contratación/a_Eliminar")): Object: 'Object Repository/Modulo Pruebas Vinculación/Crear_un_Origen_de_Contratación/a_Eliminar' is clicked on

2022-03-29 19:10:43 - [MESSAGE][PASSED] - Object: 'Object Repository/Modulo Pruebas Vinculación/Crear_un_Origen_de_Contratación/a_Eliminar' is clicked on

2022-03-29 19:10:43 - [TEST_STEP][PASSED] - click(findTestObject("Modulo Pruebas Vinculación/Crear_un_Origen_de_Contratación/a_Aceptar")): Object: 'Object Repository/Modulo Pruebas Vinculación/Crear_un_Origen_de_Contratación/a_Aceptar' is clicked on

2022-03-29 19:10:44 - [MESSAGE][PASSED] - Object: 'Object Repository/Modulo Pruebas Vinculación/Crear_un_Origen_de_Contratación/a_Aceptar' is clicked on

2022-03-29 19:10:44 - [TEST_STEP][PASSED] - click(findTestObject("Modulo Pruebas Vinculación/Crear_un_Origen_de_Contratación/a_Nuevo")): Object: 'Object Repository/Modulo Pruebas Vinculación/Crear_un_Origen_de_Contratación/a_Nuevo' is clicked on

2022-03-29 19:10:44 - [MESSAGE][PASSED] - Object: 'Object Repository/Modulo Pruebas Vinculación/Crear_un_Origen_de_Contratación/a_Nuevo' is clicked on

2022-03-29 19:10:44 - [TEST_STEP][PASSED] - setText(findTestObject("Modulo Pruebas Vinculación/Crear_un_Origen_de_Contratación/input_Cdigo_form_origencontratacioncodigo"), "5"): Text '5' is set on object 'Object Repository/Modulo Pruebas Vinculación/Crear_un_Origen_de_Contratación/input_Cdigo_form_origencontratacioncodigo'

2022-03-29 19:10:46 - [MESSAGE][PASSED] - Text '5' is set on object 'Object Repository/Modulo Pruebas Vinculación/Crear_un_Origen_de_Contratación/input_Cdigo_form_origencontratacioncodigo'

2022-03-29 19:10:46 - [TEST_STEP][PASSED] - setText(findTestObject("Modulo Pruebas Vinculación/Crear_un_Origen_de_Contratación/input_Descripcin_form_origencontrataciondescripcion"), "Pruebas katalon"): Text 'Pruebas katalon' is set on object 'Object Repository/Modulo Pruebas Vinculación/Crear_un_Origen_de_Contratación/input_Descripcin_form_origencontrataciondescripcion'

2022-03-29 19:10:46 - [MESSAGE][PASSED] - Text 'Pruebas katalon' is set on object 'Object Repository/Modulo Pruebas Vinculación/Crear_un_Origen_de_Contratación/input_Descripcin_form_origencontrataciondescripcion'

2022-03-29 19:10:46 - [TEST_STEP][PASSED] - selectOptionByIndex(findTestObject("Modulo Pruebas Vinculación/Crear_un_Origen_de_Contratación/select_Hoja Vida ExisteIngresa Hoja Manual"), "0"): All options with index in [0] are selected on object 'Object Repository/Modulo Pruebas Vinculación/Crear_un_Origen_de_Contratación/select_Hoja Vida ExisteIngresa Hoja Manual'

2022-03-29 19:10:48 - [MESSAGE][PASSED] - All options with index in [0] are selected on object 'Object Repository/Modulo Pruebas Vinculación/Crear_un_Origen_de_Contratación/select_Hoja Vida ExisteIngresa Hoja Manual'

2022-03-29 19:10:48 - [TEST_STEP][PASSED] - selectOptionByIndex(findTestObject("Modulo Pruebas Vinculación/Crear_un_Origen_de_Contratación/select_Datos de un RequerimientoDatos de una SeleccionNo aplica"), 2): All options with index in [2] are selected on object 'Object Repository/Modulo Pruebas Vinculación/Crear_un_Origen_de_Contratación/select_Datos de un RequerimientoDatos de una SeleccionNo aplica'

2022-03-29 19:10:49 - [MESSAGE][PASSED] - All options with index in [2] are selected on object 'Object Repository/Modulo Pruebas Vinculación/Crear_un_Origen_de_Contratación/select_Datos de un RequerimientoDatos de una SeleccionNo aplica'

2022-03-29 19:10:49 - [TEST_STEP][PASSED] - selectOptionByIndex(findTestObject("Modulo Pruebas Vinculación/Crear_un_Origen_de_Contratación/select_SiNo"), 1): All options with index in [1] are selected on object 'Object Repository/Modulo Pruebas Vinculación/Crear_un_Origen_de_Contratación/select_SiNo'

2022-03-29 19:10:50 - [MESSAGE][PASSED] - All options with index in [1] are selected on object 'Object Repository/Modulo Pruebas Vinculación/Crear_un_Origen_de_Contratación/select_SiNo'

2022-03-29 19:10:50 - [TEST_STEP][PASSED] - click(findTestObject("Modulo Pruebas Vinculación/Crear_un_Origen_de_Contratación/a_Guardar")): Object: 'Object Repository/Modulo Pruebas Vinculación/Crear_un_Origen_de_Contratación/a_Guardar' is clicked on

2022-03-29 19:10:51 - [MESSAGE][PASSED] - Object: 'Object Repository/Modulo Pruebas Vinculación/Crear_un_Origen_de_Contratación/a_Guardar' is clicked on]]></system-out>
         <system-err><![CDATA[]]></system-err>
      </testcase>
      <testcase name="Test Cases/1.2-Tareas_Secundarias/7.1-Pruebas_Vinculación/7.1.4-Crear_un_Registro_de_Contratación" time="59.156" classname="Test Cases/1.2-Tareas_Secundarias/7.1-Pruebas_Vinculación/7.1.4-Crear_un_Registro_de_Contratación" status="PASSED">
         <system-out><![CDATA[2022-03-29 19:10:51 - [TEST_CASE][PASSED] - Test Cases/1.2-Tareas_Secundarias/7.1-Pruebas_Vinculación/7.1.4-Crear_un_Registro_de_Contratación: Test Cases/1.2-Tareas_Secundarias/7.1-Pruebas_Vinculación/7.1.4-Crear_un_Registro_de_Contratación

2022-03-29 19:10:51 - [TEST_STEP][PASSED] - callTestCase(findTestCase("0.1-Login"), [:], STOP_ON_FAILURE): Call Test Case 'Test Cases/0.1-Login' successfully

2022-03-29 19:10:51 - [TEST_CASE][PASSED] - Test Cases/0.1-Login: Test Cases/0.1-Login

2022-03-29 19:10:51 - [TEST_STEP][PASSED] - openBrowser(""): Browser is opened with url: ''

2022-03-29 19:10:51 - [MESSAGE][WARNING] - A browser is already opened. Closing browser and opening a new one

2022-03-29 19:10:52 - [MESSAGE][INFO] - Starting 'Chrome' driver

2022-03-29 19:10:52 - [MESSAGE][INFO] - Action delay is set to 50 milliseconds

2022-03-29 19:10:53 - [MESSAGE][PASSED] - Browser is opened with url: ''

2022-03-29 19:10:53 - [TEST_STEP][PASSED] - maximizeWindow(): Current window maximized

2022-03-29 19:10:53 - [MESSAGE][PASSED] - Current window maximized

2022-03-29 19:10:53 - [TEST_STEP][PASSED] - i = G_Login: null

2022-03-29 19:10:53 - [TEST_STEP][PASSED] - url = new java.net.URL(i): null

2022-03-29 19:10:53 - [TEST_STEP][PASSED] - println("URL: " + url.toString()): null

2022-03-29 19:10:53 - [TEST_STEP][PASSED] - connection = url.openConnection(): null

2022-03-29 19:10:53 - [TEST_STEP][PASSED] - connection.setRequestMethod("GET"): null

2022-03-29 19:10:53 - [TEST_STEP][PASSED] - connection.setReadTimeout(2 * 1000): null

2022-03-29 19:10:53 - [TEST_STEP][PASSED] - try: null

2022-03-29 19:10:53 - [TEST_STEP][PASSED] - connection.connect(): null

2022-03-29 19:10:53 - [TEST_STEP][PASSED] - flag = connected: null

2022-03-29 19:10:53 - [TEST_STEP][PASSED] - println("Valor_ori: " + flag): null

2022-03-29 19:10:53 - [TEST_STEP][PASSED] - if (flag): null

2022-03-29 19:10:53 - [TEST_STEP][PASSED] - navigateToUrl(i): Navigate to 'http://192.168.2.19:8380/saraweb' successfully

2022-03-29 19:10:54 - [MESSAGE][PASSED] - Navigate to 'http://192.168.2.19:8380/saraweb' successfully

2022-03-29 19:10:54 - [TEST_STEP][PASSED] - a(): null

2022-03-29 19:10:54 - [TEST_STEP][PASSED] - setText(findTestObject("Login/input_USUARIO_loginusuario"), G_Usuario): Text 'saraadmin' is set on object 'Object Repository/Login/input_USUARIO_loginusuario'

2022-03-29 19:10:55 - [MESSAGE][PASSED] - Text 'saraadmin' is set on object 'Object Repository/Login/input_USUARIO_loginusuario'

2022-03-29 19:10:55 - [TEST_STEP][PASSED] - setEncryptedText(findTestObject("Login/input_CLAVE_loginpassword"), "MkG4/TYiCFC3cb2driP7+Q=="): Text ****** has been set on object 'Object Repository/Login/input_CLAVE_loginpassword'

2022-03-29 19:10:55 - [MESSAGE][PASSED] - Text ****** has been set on object 'Object Repository/Login/input_CLAVE_loginpassword'

2022-03-29 19:10:55 - [TEST_STEP][PASSED] - waitForElementClickable(findTestObject("Login/a_Ingresar"), G_TimeOut): Object 'Object Repository/Login/a_Ingresar' is clickable

2022-03-29 19:10:56 - [MESSAGE][PASSED] - Object 'Object Repository/Login/a_Ingresar' is clickable

2022-03-29 19:10:56 - [TEST_STEP][PASSED] - click(findTestObject("Login/a_Ingresar")): Object: 'Object Repository/Login/a_Ingresar' is clicked on

2022-03-29 19:10:57 - [MESSAGE][PASSED] - Object: 'Object Repository/Login/a_Ingresar' is clicked on

2022-03-29 19:10:57 - [TEST_STEP][PASSED] - element = findWebElement(findTestObject("Login/a_Ir"), 30): null

2022-03-29 19:10:58 - [TEST_STEP][PASSED] - executeJavaScript("arguments[0].click()", Arrays.asList(element)): Execute JavaScript 'arguments[0].click()' successfully

2022-03-29 19:10:58 - [MESSAGE][PASSED] - Execute JavaScript 'arguments[0].click()' successfully

2022-03-29 19:10:58 - [MESSAGE][PASSED] - Call Test Case 'Test Cases/0.1-Login' successfully

2022-03-29 19:10:58 - [TEST_STEP][PASSED] - setText(findTestObject("Modulo Pruebas Vinculación/Crear un Registro de Contratación/input_Empresa 1_form_templatej_idt24_input"), "listado contratacion"): Text 'listado contratacion' is set on object 'Object Repository/Modulo Pruebas Vinculación/Crear un Registro de Contratación/input_Empresa 1_form_templatej_idt24_input'

2022-03-29 19:10:59 - [MESSAGE][PASSED] - Text 'listado contratacion' is set on object 'Object Repository/Modulo Pruebas Vinculación/Crear un Registro de Contratación/input_Empresa 1_form_templatej_idt24_input'

2022-03-29 19:10:59 - [TEST_STEP][PASSED] - click(findTestObject("Modulo Pruebas Vinculación/Crear un Registro de Contratación/li_Listado Contratacion (tal)")): Object: 'Object Repository/Modulo Pruebas Vinculación/Crear un Registro de Contratación/li_Listado Contratacion (tal)' is clicked on

2022-03-29 19:11:00 - [MESSAGE][PASSED] - Object: 'Object Repository/Modulo Pruebas Vinculación/Crear un Registro de Contratación/li_Listado Contratacion (tal)' is clicked on

2022-03-29 19:11:00 - [TEST_STEP][PASSED] - selectOptionByIndex(findTestObject("Modulo Pruebas Vinculación/Crear un Registro de Contratación/select_-- Seleccione --ANULADOCERRADOELIMINADOSOLICITADO"), 4): All options with index in [4] are selected on object 'Object Repository/Modulo Pruebas Vinculación/Crear un Registro de Contratación/select_-- Seleccione --ANULADOCERRADOELIMINADOSOLICITADO'

2022-03-29 19:11:02 - [MESSAGE][PASSED] - All options with index in [4] are selected on object 'Object Repository/Modulo Pruebas Vinculación/Crear un Registro de Contratación/select_-- Seleccione --ANULADOCERRADOELIMINADOSOLICITADO'

2022-03-29 19:11:02 - [TEST_STEP][PASSED] - click(findTestObject("Modulo Pruebas Vinculación/Crear un Registro de Contratación/a_Nombre Persona_listado_contratacionj_idt68")): Object: 'Object Repository/Modulo Pruebas Vinculación/Crear un Registro de Contratación/a_Nombre Persona_listado_contratacionj_idt68' is clicked on

2022-03-29 19:11:03 - [MESSAGE][PASSED] - Object: 'Object Repository/Modulo Pruebas Vinculación/Crear un Registro de Contratación/a_Nombre Persona_listado_contratacionj_idt68' is clicked on

2022-03-29 19:11:03 - [TEST_STEP][PASSED] - setText(findTestObject("Modulo Pruebas Vinculación/Crear un Registro de Contratación/input_Filtro Hoja de Vida_formPopupHojaVidaj_idt13270"), "A A A"): Text 'A A A' is set on object 'Object Repository/Modulo Pruebas Vinculación/Crear un Registro de Contratación/input_Filtro Hoja de Vida_formPopupHojaVidaj_idt13270'

2022-03-29 19:11:04 - [MESSAGE][PASSED] - Text 'A A A' is set on object 'Object Repository/Modulo Pruebas Vinculación/Crear un Registro de Contratación/input_Filtro Hoja de Vida_formPopupHojaVidaj_idt13270'

2022-03-29 19:11:04 - [TEST_STEP][PASSED] - sendKeys(findTestObject("Modulo Pruebas Vinculación/Crear un Registro de Contratación/input_Filtro Hoja de Vida_formPopupHojaVidaj_idt13270"), Keys.chord(ENTER)): Keys 'ENTER + ' sent to object: 'Object Repository/Modulo Pruebas Vinculación/Crear un Registro de Contratación/input_Filtro Hoja de Vida_formPopupHojaVidaj_idt13270'

2022-03-29 19:11:04 - [MESSAGE][PASSED] - Keys 'ENTER + ' sent to object: 'Object Repository/Modulo Pruebas Vinculación/Crear un Registro de Contratación/input_Filtro Hoja de Vida_formPopupHojaVidaj_idt13270'

2022-03-29 19:11:04 - [TEST_STEP][PASSED] - click(findTestObject("Modulo Pruebas Vinculación/Crear un Registro de Contratación/span_A A A1")): Object: 'Object Repository/Modulo Pruebas Vinculación/Crear un Registro de Contratación/span_A A A1' is clicked on

2022-03-29 19:11:05 - [MESSAGE][PASSED] - Object: 'Object Repository/Modulo Pruebas Vinculación/Crear un Registro de Contratación/span_A A A1' is clicked on

2022-03-29 19:11:05 - [TEST_STEP][PASSED] - if (waitForElementVisible(findTestObject("Modulo Pruebas Vinculación/Crear un Registro de Contratación/td_A A A"), 1)): null

2022-03-29 19:11:06 - [MESSAGE][PASSED] - Object 'Object Repository/Modulo Pruebas Vinculación/Crear un Registro de Contratación/td_A A A' is visible

2022-03-29 19:11:06 - [TEST_STEP][PASSED] - click(findTestObject("Modulo Pruebas Vinculación/Crear un Registro de Contratación/td_A A A")): Object: 'Object Repository/Modulo Pruebas Vinculación/Crear un Registro de Contratación/td_A A A' is clicked on

2022-03-29 19:11:06 - [MESSAGE][PASSED] - Object: 'Object Repository/Modulo Pruebas Vinculación/Crear un Registro de Contratación/td_A A A' is clicked on

2022-03-29 19:11:06 - [TEST_STEP][PASSED] - if (waitForElementVisible(findTestObject("Modulo Pruebas Vinculación/Crear un Registro de Contratación/span_Referencia en el sistema nula, informe al administrador del sistema"), 1)): Web element with id: 'Object Repository/Modulo Pruebas Vinculación/Crear un Registro de Contratación/span_Referencia en el sistema nula, informe al administrador del sistema' located by '//*/text()[normalize-space(.)='Referencia en el sistema nula, informe al administrador del sistema']/parent::*' not found

2022-03-29 19:11:09 - [MESSAGE][INFO] - Unable to find the element located by 'By.xpath: //*/text()[normalize-space(.)='Referencia en el sistema nula, informe al administrador del sistema']/parent::*'. Please recheck the objects properties to make sure the desired element is located. 

2022-03-29 19:11:09 - [MESSAGE][WARNING] - Web element with id: 'Object Repository/Modulo Pruebas Vinculación/Crear un Registro de Contratación/span_Referencia en el sistema nula, informe al administrador del sistema' located by '//*/text()[normalize-space(.)='Referencia en el sistema nula, informe al administrador del sistema']/parent::*' not found

2022-03-29 19:11:09 - [TEST_STEP][PASSED] - setText(findTestObject("Modulo Pruebas Vinculación/Crear un Registro de Contratación/textarea_Motivo_form_contratacionpanelTabmotivo"), "PRUEBAS KATALON"): Text 'PRUEBAS KATALON' is set on object 'Object Repository/Modulo Pruebas Vinculación/Crear un Registro de Contratación/textarea_Motivo_form_contratacionpanelTabmotivo'

2022-03-29 19:11:10 - [MESSAGE][PASSED] - Text 'PRUEBAS KATALON' is set on object 'Object Repository/Modulo Pruebas Vinculación/Crear un Registro de Contratación/textarea_Motivo_form_contratacionpanelTabmotivo'

2022-03-29 19:11:10 - [TEST_STEP][PASSED] - selectOptionByIndex(findTestObject("Modulo Pruebas Vinculación/Crear un Registro de Contratación/select_--Seleccione--NOSI"), 1): All options with index in [1] are selected on object 'Object Repository/Modulo Pruebas Vinculación/Crear un Registro de Contratación/select_--Seleccione--NOSI'

2022-03-29 19:11:11 - [MESSAGE][PASSED] - All options with index in [1] are selected on object 'Object Repository/Modulo Pruebas Vinculación/Crear un Registro de Contratación/select_--Seleccione--NOSI'

2022-03-29 19:11:11 - [TEST_STEP][PASSED] - click(findTestObject("Modulo Pruebas Vinculación/Crear un Registro de Contratación/a_Anular Proceso")): Object: 'Object Repository/Modulo Pruebas Vinculación/Crear un Registro de Contratación/a_Anular Proceso' is clicked on

2022-03-29 19:11:12 - [MESSAGE][PASSED] - Object: 'Object Repository/Modulo Pruebas Vinculación/Crear un Registro de Contratación/a_Anular Proceso' is clicked on

2022-03-29 19:11:12 - [TEST_STEP][PASSED] - click(findTestObject("Modulo Pruebas Vinculación/Crear un Registro de Contratación/a_Aceptar")): Object: 'Object Repository/Modulo Pruebas Vinculación/Crear un Registro de Contratación/a_Aceptar' is clicked on

2022-03-29 19:11:12 - [MESSAGE][PASSED] - Object: 'Object Repository/Modulo Pruebas Vinculación/Crear un Registro de Contratación/a_Aceptar' is clicked on

2022-03-29 19:11:12 - [TEST_STEP][PASSED] - click(findTestObject("Modulo Pruebas Vinculación/Crear un Registro de Contratación/a_Regresar")): Object: 'Object Repository/Modulo Pruebas Vinculación/Crear un Registro de Contratación/a_Regresar' is clicked on

2022-03-29 19:11:15 - [MESSAGE][PASSED] - Object: 'Object Repository/Modulo Pruebas Vinculación/Crear un Registro de Contratación/a_Regresar' is clicked on

2022-03-29 19:11:15 - [TEST_STEP][PASSED] - click(findTestObject("Modulo Pruebas Vinculación/Crear un Registro de Contratación/a_Nuevo")): Object: 'Object Repository/Modulo Pruebas Vinculación/Crear un Registro de Contratación/a_Nuevo' is clicked on

2022-03-29 19:11:16 - [MESSAGE][PASSED] - Object: 'Object Repository/Modulo Pruebas Vinculación/Crear un Registro de Contratación/a_Nuevo' is clicked on

2022-03-29 19:11:16 - [TEST_STEP][PASSED] - click(findTestObject("Modulo Pruebas Vinculación/Crear un Registro de Contratación/td_Pruebas katalon")): Object: 'Object Repository/Modulo Pruebas Vinculación/Crear un Registro de Contratación/td_Pruebas katalon' is clicked on

2022-03-29 19:11:16 - [MESSAGE][PASSED] - Object: 'Object Repository/Modulo Pruebas Vinculación/Crear un Registro de Contratación/td_Pruebas katalon' is clicked on

2022-03-29 19:11:16 - [TEST_STEP][PASSED] - click(findTestObject("Modulo Pruebas Vinculación/Crear un Registro de Contratación/a_Identificacin_form_contratacionpanelTabj_idt164")): Object: 'Object Repository/Modulo Pruebas Vinculación/Crear un Registro de Contratación/a_Identificacin_form_contratacionpanelTabj_idt164' is clicked on

2022-03-29 19:11:17 - [MESSAGE][PASSED] - Object: 'Object Repository/Modulo Pruebas Vinculación/Crear un Registro de Contratación/a_Identificacin_form_contratacionpanelTabj_idt164' is clicked on

2022-03-29 19:11:17 - [TEST_STEP][PASSED] - setText(findTestObject("Modulo Pruebas Vinculación/Crear un Registro de Contratación/input_Filtro Hoja de Vida_formPopupHojaVidaj_idt1327"), "A A A"): Text 'A A A' is set on object 'Object Repository/Modulo Pruebas Vinculación/Crear un Registro de Contratación/input_Filtro Hoja de Vida_formPopupHojaVidaj_idt1327'

2022-03-29 19:11:18 - [MESSAGE][PASSED] - Text 'A A A' is set on object 'Object Repository/Modulo Pruebas Vinculación/Crear un Registro de Contratación/input_Filtro Hoja de Vida_formPopupHojaVidaj_idt1327'

2022-03-29 19:11:18 - [TEST_STEP][PASSED] - sendKeys(findTestObject("Modulo Pruebas Vinculación/Crear un Registro de Contratación/input_Filtro Hoja de Vida_formPopupHojaVidaj_idt1327"), Keys.chord(ENTER)): Keys 'ENTER + ' sent to object: 'Object Repository/Modulo Pruebas Vinculación/Crear un Registro de Contratación/input_Filtro Hoja de Vida_formPopupHojaVidaj_idt1327'

2022-03-29 19:11:19 - [MESSAGE][PASSED] - Keys 'ENTER + ' sent to object: 'Object Repository/Modulo Pruebas Vinculación/Crear un Registro de Contratación/input_Filtro Hoja de Vida_formPopupHojaVidaj_idt1327'

2022-03-29 19:11:19 - [TEST_STEP][PASSED] - click(findTestObject("Modulo Pruebas Vinculación/Crear un Registro de Contratación/span_A A A")): Object: 'Object Repository/Modulo Pruebas Vinculación/Crear un Registro de Contratación/span_A A A' is clicked on

2022-03-29 19:11:20 - [MESSAGE][PASSED] - Object: 'Object Repository/Modulo Pruebas Vinculación/Crear un Registro de Contratación/span_A A A' is clicked on

2022-03-29 19:11:20 - [TEST_STEP][PASSED] - selectOptionByIndex(findTestObject("Modulo Pruebas Vinculación/Crear un Registro de Contratación/select_--Seleccione--CALIDADMENSUAL ABCMODELO EMPRESA QUINCENALPANSIONADOSPENSIONADOS BASEPRUEBAS"), 1): All options with index in [1] are selected on object 'Object Repository/Modulo Pruebas Vinculación/Crear un Registro de Contratación/select_--Seleccione--CALIDADMENSUAL ABCMODELO EMPRESA QUINCENALPANSIONADOSPENSIONADOS BASEPRUEBAS'

2022-03-29 19:11:21 - [MESSAGE][PASSED] - All options with index in [1] are selected on object 'Object Repository/Modulo Pruebas Vinculación/Crear un Registro de Contratación/select_--Seleccione--CALIDADMENSUAL ABCMODELO EMPRESA QUINCENALPANSIONADOSPENSIONADOS BASEPRUEBAS'

2022-03-29 19:11:21 - [TEST_STEP][PASSED] - selectOptionByIndex(findTestObject("Modulo Pruebas Vinculación/Crear un Registro de Contratación/select_0.5APRENDIZ ETAPA LECTIVA6APRENDIZ ETAPA PRODUCTIVA96ASISTENTE"), 8): All options with index in [8] are selected on object 'Object Repository/Modulo Pruebas Vinculación/Crear un Registro de Contratación/select_0.5APRENDIZ ETAPA LECTIVA6APRENDIZ ETAPA PRODUCTIVA96ASISTENTE'

2022-03-29 19:11:23 - [MESSAGE][PASSED] - All options with index in [8] are selected on object 'Object Repository/Modulo Pruebas Vinculación/Crear un Registro de Contratación/select_0.5APRENDIZ ETAPA LECTIVA6APRENDIZ ETAPA PRODUCTIVA96ASISTENTE'

2022-03-29 19:11:23 - [TEST_STEP][PASSED] - selectOptionByIndex(findTestObject("Modulo Pruebas Vinculación/Crear un Registro de Contratación/select_2120 HORAS1240 HORAS0NO DEFINIDO61Pensin"), 3): All options with index in [3] are selected on object 'Object Repository/Modulo Pruebas Vinculación/Crear un Registro de Contratación/select_2120 HORAS1240 HORAS0NO DEFINIDO61Pensin'

2022-03-29 19:11:25 - [MESSAGE][PASSED] - All options with index in [3] are selected on object 'Object Repository/Modulo Pruebas Vinculación/Crear un Registro de Contratación/select_2120 HORAS1240 HORAS0NO DEFINIDO61Pensin'

2022-03-29 19:11:25 - [TEST_STEP][PASSED] - setText(findTestObject("Modulo Pruebas Vinculación/Crear un Registro de Contratación/input_Sueldo Total_form_contratacionpanelTabasignacionTotal"), "2000000"): Text '2000000' is set on object 'Object Repository/Modulo Pruebas Vinculación/Crear un Registro de Contratación/input_Sueldo Total_form_contratacionpanelTabasignacionTotal'

2022-03-29 19:11:26 - [MESSAGE][PASSED] - Text '2000000' is set on object 'Object Repository/Modulo Pruebas Vinculación/Crear un Registro de Contratación/input_Sueldo Total_form_contratacionpanelTabasignacionTotal'

2022-03-29 19:11:26 - [TEST_STEP][PASSED] - selectOptionByIndex(findTestObject("Modulo Pruebas Vinculación/Crear un Registro de Contratación/select_12kataloonkataloonNOMINA CATORCENALNOMINA CATORCENALNOMINA MENSUALNOMINA QUINCENALNOMINA SEMANAL"), "8"): All options with index in [8] are selected on object 'Object Repository/Modulo Pruebas Vinculación/Crear un Registro de Contratación/select_12kataloonkataloonNOMINA CATORCENALNOMINA CATORCENALNOMINA MENSUALNOMINA QUINCENALNOMINA SEMANAL'

2022-03-29 19:11:27 - [MESSAGE][PASSED] - All options with index in [8] are selected on object 'Object Repository/Modulo Pruebas Vinculación/Crear un Registro de Contratación/select_12kataloonkataloonNOMINA CATORCENALNOMINA CATORCENALNOMINA MENSUALNOMINA QUINCENALNOMINA SEMANAL'

2022-03-29 19:11:27 - [TEST_STEP][PASSED] - setText(findTestObject("Modulo Pruebas Vinculación/Crear un Registro de Contratación/input_Sueldo_form_contratacionpanelTabasignacion"), "1000000"): Text '1000000' is set on object 'Object Repository/Modulo Pruebas Vinculación/Crear un Registro de Contratación/input_Sueldo_form_contratacionpanelTabasignacion'

2022-03-29 19:11:28 - [MESSAGE][PASSED] - Text '1000000' is set on object 'Object Repository/Modulo Pruebas Vinculación/Crear un Registro de Contratación/input_Sueldo_form_contratacionpanelTabasignacion'

2022-03-29 19:11:28 - [TEST_STEP][PASSED] - setText(findTestObject("Modulo Pruebas Vinculación/Crear un Registro de Contratación/input_Fecha de Ingreso_form_contratacionpanelTabfechaIngreso_input"), "01/07/2021"): Text '01/07/2021' is set on object 'Object Repository/Modulo Pruebas Vinculación/Crear un Registro de Contratación/input_Fecha de Ingreso_form_contratacionpanelTabfechaIngreso_input'

2022-03-29 19:11:29 - [MESSAGE][PASSED] - Text '01/07/2021' is set on object 'Object Repository/Modulo Pruebas Vinculación/Crear un Registro de Contratación/input_Fecha de Ingreso_form_contratacionpanelTabfechaIngreso_input'

2022-03-29 19:11:29 - [TEST_STEP][PASSED] - selectOptionByIndex(findTestObject("Modulo Pruebas Vinculación/Crear un Registro de Contratación/select_--Seleccione--EmpalmeNormal"), 2): All options with index in [2] are selected on object 'Object Repository/Modulo Pruebas Vinculación/Crear un Registro de Contratación/select_--Seleccione--EmpalmeNormal'

2022-03-29 19:11:31 - [MESSAGE][PASSED] - All options with index in [2] are selected on object 'Object Repository/Modulo Pruebas Vinculación/Crear un Registro de Contratación/select_--Seleccione--EmpalmeNormal'

2022-03-29 19:11:31 - [TEST_STEP][PASSED] - click(findTestObject("Modulo Pruebas Vinculación/Crear un Registro de Contratación/span_Unidad_btn_popupInformacion")): Object: 'Object Repository/Modulo Pruebas Vinculación/Crear un Registro de Contratación/span_Unidad_btn_popupInformacion' is clicked on

2022-03-29 19:11:31 - [MESSAGE][PASSED] - Object: 'Object Repository/Modulo Pruebas Vinculación/Crear un Registro de Contratación/span_Unidad_btn_popupInformacion' is clicked on

2022-03-29 19:11:31 - [TEST_STEP][PASSED] - setText(findTestObject("Modulo Pruebas Vinculación/Crear un Registro de Contratación/input_Unidad Organizacional_formPopUpUnidaddescripciones"), "ADMINISTRACION"): Text 'ADMINISTRACION' is set on object 'Object Repository/Modulo Pruebas Vinculación/Crear un Registro de Contratación/input_Unidad Organizacional_formPopUpUnidaddescripciones'

2022-03-29 19:11:33 - [MESSAGE][PASSED] - Text 'ADMINISTRACION' is set on object 'Object Repository/Modulo Pruebas Vinculación/Crear un Registro de Contratación/input_Unidad Organizacional_formPopUpUnidaddescripciones'

2022-03-29 19:11:33 - [TEST_STEP][PASSED] - sendKeys(findTestObject("Modulo Pruebas Vinculación/Crear un Registro de Contratación/input_Unidad Organizacional_formPopUpUnidaddescripciones"), Keys.chord(ENTER)): Keys 'ENTER + ' sent to object: 'Object Repository/Modulo Pruebas Vinculación/Crear un Registro de Contratación/input_Unidad Organizacional_formPopUpUnidaddescripciones'

2022-03-29 19:11:33 - [MESSAGE][PASSED] - Keys 'ENTER + ' sent to object: 'Object Repository/Modulo Pruebas Vinculación/Crear un Registro de Contratación/input_Unidad Organizacional_formPopUpUnidaddescripciones'

2022-03-29 19:11:33 - [TEST_STEP][PASSED] - click(findTestObject("Modulo Pruebas Vinculación/Crear un Registro de Contratación/span_ADMINISTRACION")): Object: 'Object Repository/Modulo Pruebas Vinculación/Crear un Registro de Contratación/span_ADMINISTRACION' is clicked on

2022-03-29 19:11:34 - [MESSAGE][PASSED] - Object: 'Object Repository/Modulo Pruebas Vinculación/Crear un Registro de Contratación/span_ADMINISTRACION' is clicked on

2022-03-29 19:11:34 - [TEST_STEP][PASSED] - click(findTestObject("Modulo Pruebas Vinculación/Crear un Registro de Contratación/span_Cargo_btn_popupInformacion")): Object: 'Object Repository/Modulo Pruebas Vinculación/Crear un Registro de Contratación/span_Cargo_btn_popupInformacion' is clicked on

2022-03-29 19:11:35 - [MESSAGE][PASSED] - Object: 'Object Repository/Modulo Pruebas Vinculación/Crear un Registro de Contratación/span_Cargo_btn_popupInformacion' is clicked on

2022-03-29 19:11:35 - [TEST_STEP][PASSED] - setText(findTestObject("Modulo Pruebas Vinculación/Crear un Registro de Contratación/input_Cargo_popupCargo_Formj_idt1354"), "ABOGADO"): Text 'ABOGADO' is set on object 'Object Repository/Modulo Pruebas Vinculación/Crear un Registro de Contratación/input_Cargo_popupCargo_Formj_idt1354'

2022-03-29 19:11:36 - [MESSAGE][PASSED] - Text 'ABOGADO' is set on object 'Object Repository/Modulo Pruebas Vinculación/Crear un Registro de Contratación/input_Cargo_popupCargo_Formj_idt1354'

2022-03-29 19:11:36 - [TEST_STEP][PASSED] - sendKeys(findTestObject("Modulo Pruebas Vinculación/Crear un Registro de Contratación/input_Cargo_popupCargo_Formj_idt1354"), Keys.chord(ENTER)): Keys 'ENTER + ' sent to object: 'Object Repository/Modulo Pruebas Vinculación/Crear un Registro de Contratación/input_Cargo_popupCargo_Formj_idt1354'

2022-03-29 19:11:37 - [MESSAGE][PASSED] - Keys 'ENTER + ' sent to object: 'Object Repository/Modulo Pruebas Vinculación/Crear un Registro de Contratación/input_Cargo_popupCargo_Formj_idt1354'

2022-03-29 19:11:37 - [TEST_STEP][PASSED] - click(findTestObject("Modulo Pruebas Vinculación/Crear un Registro de Contratación/span_ABOGADO")): Object: 'Object Repository/Modulo Pruebas Vinculación/Crear un Registro de Contratación/span_ABOGADO' is clicked on

2022-03-29 19:11:38 - [MESSAGE][PASSED] - Object: 'Object Repository/Modulo Pruebas Vinculación/Crear un Registro de Contratación/span_ABOGADO' is clicked on

2022-03-29 19:11:38 - [TEST_STEP][PASSED] - click(findTestObject("Modulo Pruebas Vinculación/Crear un Registro de Contratación/span_Zona Econmica_btn_popupInformacion")): Object: 'Object Repository/Modulo Pruebas Vinculación/Crear un Registro de Contratación/span_Zona Econmica_btn_popupInformacion' is clicked on

2022-03-29 19:11:39 - [MESSAGE][PASSED] - Object: 'Object Repository/Modulo Pruebas Vinculación/Crear un Registro de Contratación/span_Zona Econmica_btn_popupInformacion' is clicked on

2022-03-29 19:11:39 - [TEST_STEP][PASSED] - click(findTestObject("Modulo Pruebas Vinculación/Crear un Registro de Contratación/span_ADMINISTRATIVA")): Object: 'Object Repository/Modulo Pruebas Vinculación/Crear un Registro de Contratación/span_ADMINISTRATIVA' is clicked on

2022-03-29 19:11:39 - [MESSAGE][PASSED] - Object: 'Object Repository/Modulo Pruebas Vinculación/Crear un Registro de Contratación/span_ADMINISTRATIVA' is clicked on

2022-03-29 19:11:39 - [TEST_STEP][PASSED] - selectOptionByIndex(findTestObject("Modulo Pruebas Vinculación/Crear un Registro de Contratación/select_0.5APRENDIZ ETAPA LECTIVA6APRENDIZ ETAPA PRODUCTIVA96ASISTENTE"), 8): All options with index in [8] are selected on object 'Object Repository/Modulo Pruebas Vinculación/Crear un Registro de Contratación/select_0.5APRENDIZ ETAPA LECTIVA6APRENDIZ ETAPA PRODUCTIVA96ASISTENTE'

2022-03-29 19:11:41 - [MESSAGE][PASSED] - All options with index in [8] are selected on object 'Object Repository/Modulo Pruebas Vinculación/Crear un Registro de Contratación/select_0.5APRENDIZ ETAPA LECTIVA6APRENDIZ ETAPA PRODUCTIVA96ASISTENTE'

2022-03-29 19:11:41 - [TEST_STEP][PASSED] - click(findTestObject("Modulo Pruebas Vinculación/Crear un Registro de Contratación/span_Ubicacin Fsica_btn_popupInformacion")): Object: 'Object Repository/Modulo Pruebas Vinculación/Crear un Registro de Contratación/span_Ubicacin Fsica_btn_popupInformacion' is clicked on

2022-03-29 19:11:41 - [MESSAGE][PASSED] - Object: 'Object Repository/Modulo Pruebas Vinculación/Crear un Registro de Contratación/span_Ubicacin Fsica_btn_popupInformacion' is clicked on

2022-03-29 19:11:41 - [TEST_STEP][PASSED] - setText(findTestObject("Modulo Pruebas Vinculación/Crear un Registro de Contratación/input_Ubicacin Fsica_j_idt1379parametroBusquedaUbicacion"), "BOGOTÁ"): Text 'BOGOTÁ' is set on object 'Object Repository/Modulo Pruebas Vinculación/Crear un Registro de Contratación/input_Ubicacin Fsica_j_idt1379parametroBusquedaUbicacion'

2022-03-29 19:11:43 - [MESSAGE][PASSED] - Text 'BOGOTÁ' is set on object 'Object Repository/Modulo Pruebas Vinculación/Crear un Registro de Contratación/input_Ubicacin Fsica_j_idt1379parametroBusquedaUbicacion'

2022-03-29 19:11:43 - [TEST_STEP][PASSED] - sendKeys(findTestObject("Modulo Pruebas Vinculación/Crear un Registro de Contratación/input_Ubicacin Fsica_j_idt1379parametroBusquedaUbicacion"), Keys.chord(ENTER)): Keys 'ENTER + ' sent to object: 'Object Repository/Modulo Pruebas Vinculación/Crear un Registro de Contratación/input_Ubicacin Fsica_j_idt1379parametroBusquedaUbicacion'

2022-03-29 19:11:44 - [MESSAGE][PASSED] - Keys 'ENTER + ' sent to object: 'Object Repository/Modulo Pruebas Vinculación/Crear un Registro de Contratación/input_Ubicacin Fsica_j_idt1379parametroBusquedaUbicacion'

2022-03-29 19:11:44 - [TEST_STEP][PASSED] - click(findTestObject("Modulo Pruebas Vinculación/Crear un Registro de Contratación/span_BOGOT")): Object: 'Object Repository/Modulo Pruebas Vinculación/Crear un Registro de Contratación/span_BOGOT' is clicked on

2022-03-29 19:11:45 - [MESSAGE][PASSED] - Object: 'Object Repository/Modulo Pruebas Vinculación/Crear un Registro de Contratación/span_BOGOT' is clicked on

2022-03-29 19:11:45 - [TEST_STEP][PASSED] - selectOptionByIndex(findTestObject("Modulo Pruebas Vinculación/Crear un Registro de Contratación/select_-- Seleccione Linea --ADMINISTRATIVONO RELACIONADASUBCENTROS"), 1): All options with index in [1] are selected on object 'Object Repository/Modulo Pruebas Vinculación/Crear un Registro de Contratación/select_-- Seleccione Linea --ADMINISTRATIVONO RELACIONADASUBCENTROS'

2022-03-29 19:11:46 - [MESSAGE][PASSED] - All options with index in [1] are selected on object 'Object Repository/Modulo Pruebas Vinculación/Crear un Registro de Contratación/select_-- Seleccione Linea --ADMINISTRATIVONO RELACIONADASUBCENTROS'

2022-03-29 19:11:46 - [TEST_STEP][PASSED] - selectOptionByIndex(findTestObject("Modulo Pruebas Vinculación/Crear un Registro de Contratación/select_--Seleccione--EmpalmeNormal"), 2): All options with index in [2] are selected on object 'Object Repository/Modulo Pruebas Vinculación/Crear un Registro de Contratación/select_--Seleccione--EmpalmeNormal'

2022-03-29 19:11:47 - [MESSAGE][PASSED] - All options with index in [2] are selected on object 'Object Repository/Modulo Pruebas Vinculación/Crear un Registro de Contratación/select_--Seleccione--EmpalmeNormal'

2022-03-29 19:11:47 - [TEST_STEP][PASSED] - selectOptionByIndex(findTestObject("Modulo Pruebas Vinculación/Crear un Registro de Contratación/select_12kataloonkataloonNOMINA CATORCENALNOMINA"), 8): All options with index in [8] are selected on object 'Object Repository/Modulo Pruebas Vinculación/Crear un Registro de Contratación/select_12kataloonkataloonNOMINA CATORCENALNOMINA'

2022-03-29 19:11:49 - [MESSAGE][PASSED] - All options with index in [8] are selected on object 'Object Repository/Modulo Pruebas Vinculación/Crear un Registro de Contratación/select_12kataloonkataloonNOMINA CATORCENALNOMINA'

2022-03-29 19:11:49 - [TEST_STEP][PASSED] - click(findTestObject("Modulo Pruebas Vinculación/Crear un Registro de Contratación/a_Guardar")): Object: 'Object Repository/Modulo Pruebas Vinculación/Crear un Registro de Contratación/a_Guardar' is clicked on

2022-03-29 19:11:49 - [MESSAGE][PASSED] - Object: 'Object Repository/Modulo Pruebas Vinculación/Crear un Registro de Contratación/a_Guardar' is clicked on

2022-03-29 19:11:49 - [TEST_STEP][PASSED] - closeBrowser(): Browser is closed

2022-03-29 19:11:50 - [MESSAGE][PASSED] - Browser is closed]]></system-out>
         <system-err><![CDATA[]]></system-err>
      </testcase>
      <testcase name="Test Cases/1.2-Tareas_Secundarias/7.1-Pruebas_Vinculación/7.1.5-Validar_la_creación_del_Registro_de_Contratación_por_BPM" time="21.542" classname="Test Cases/1.2-Tareas_Secundarias/7.1-Pruebas_Vinculación/7.1.5-Validar_la_creación_del_Registro_de_Contratación_por_BPM" status="PASSED">
         <system-out><![CDATA[2022-03-29 19:11:50 - [TEST_CASE][PASSED] - Test Cases/1.2-Tareas_Secundarias/7.1-Pruebas_Vinculación/7.1.5-Validar_la_creación_del_Registro_de_Contratación_por_BPM: Test Cases/1.2-Tareas_Secundarias/7.1-Pruebas_Vinculación/7.1.5-Validar_la_creación_del_Registro_de_Contratación_por_BPM

2022-03-29 19:11:50 - [TEST_STEP][PASSED] - callTestCase(findTestCase("0.1-Login"), [:], STOP_ON_FAILURE): Call Test Case 'Test Cases/0.1-Login' successfully

2022-03-29 19:11:50 - [TEST_CASE][PASSED] - Test Cases/0.1-Login: Test Cases/0.1-Login

2022-03-29 19:11:50 - [TEST_STEP][PASSED] - openBrowser(""): Browser is opened with url: ''

2022-03-29 19:11:50 - [MESSAGE][INFO] - Starting 'Chrome' driver

2022-03-29 19:11:50 - [MESSAGE][INFO] - Action delay is set to 50 milliseconds

2022-03-29 19:11:52 - [MESSAGE][PASSED] - Browser is opened with url: ''

2022-03-29 19:11:52 - [TEST_STEP][PASSED] - maximizeWindow(): Current window maximized

2022-03-29 19:11:52 - [MESSAGE][PASSED] - Current window maximized

2022-03-29 19:11:52 - [TEST_STEP][PASSED] - i = G_Login: null

2022-03-29 19:11:52 - [TEST_STEP][PASSED] - url = new java.net.URL(i): null

2022-03-29 19:11:52 - [TEST_STEP][PASSED] - println("URL: " + url.toString()): null

2022-03-29 19:11:52 - [TEST_STEP][PASSED] - connection = url.openConnection(): null

2022-03-29 19:11:52 - [TEST_STEP][PASSED] - connection.setRequestMethod("GET"): null

2022-03-29 19:11:52 - [TEST_STEP][PASSED] - connection.setReadTimeout(2 * 1000): null

2022-03-29 19:11:52 - [TEST_STEP][PASSED] - try: null

2022-03-29 19:11:52 - [TEST_STEP][PASSED] - connection.connect(): null

2022-03-29 19:11:52 - [TEST_STEP][PASSED] - flag = connected: null

2022-03-29 19:11:52 - [TEST_STEP][PASSED] - println("Valor_ori: " + flag): null

2022-03-29 19:11:52 - [TEST_STEP][PASSED] - if (flag): null

2022-03-29 19:11:52 - [TEST_STEP][PASSED] - navigateToUrl(i): Navigate to 'http://192.168.2.19:8380/saraweb' successfully

2022-03-29 19:11:52 - [MESSAGE][PASSED] - Navigate to 'http://192.168.2.19:8380/saraweb' successfully

2022-03-29 19:11:52 - [TEST_STEP][PASSED] - a(): null

2022-03-29 19:11:52 - [TEST_STEP][PASSED] - setText(findTestObject("Login/input_USUARIO_loginusuario"), G_Usuario): Text 'saraadmin' is set on object 'Object Repository/Login/input_USUARIO_loginusuario'

2022-03-29 19:11:53 - [MESSAGE][PASSED] - Text 'saraadmin' is set on object 'Object Repository/Login/input_USUARIO_loginusuario'

2022-03-29 19:11:53 - [TEST_STEP][PASSED] - setEncryptedText(findTestObject("Login/input_CLAVE_loginpassword"), "MkG4/TYiCFC3cb2driP7+Q=="): Text ****** has been set on object 'Object Repository/Login/input_CLAVE_loginpassword'

2022-03-29 19:11:54 - [MESSAGE][PASSED] - Text ****** has been set on object 'Object Repository/Login/input_CLAVE_loginpassword'

2022-03-29 19:11:54 - [TEST_STEP][PASSED] - waitForElementClickable(findTestObject("Login/a_Ingresar"), G_TimeOut): Object 'Object Repository/Login/a_Ingresar' is clickable

2022-03-29 19:11:54 - [MESSAGE][PASSED] - Object 'Object Repository/Login/a_Ingresar' is clickable

2022-03-29 19:11:54 - [TEST_STEP][PASSED] - click(findTestObject("Login/a_Ingresar")): Object: 'Object Repository/Login/a_Ingresar' is clicked on

2022-03-29 19:11:55 - [MESSAGE][PASSED] - Object: 'Object Repository/Login/a_Ingresar' is clicked on

2022-03-29 19:11:55 - [TEST_STEP][PASSED] - element = findWebElement(findTestObject("Login/a_Ir"), 30): null

2022-03-29 19:11:55 - [TEST_STEP][PASSED] - executeJavaScript("arguments[0].click()", Arrays.asList(element)): Execute JavaScript 'arguments[0].click()' successfully

2022-03-29 19:11:55 - [MESSAGE][PASSED] - Execute JavaScript 'arguments[0].click()' successfully

2022-03-29 19:11:55 - [MESSAGE][PASSED] - Call Test Case 'Test Cases/0.1-Login' successfully

2022-03-29 19:11:55 - [TEST_STEP][PASSED] - setText(findTestObject("Modulo Pruebas Vinculación/Validar_la_creación_del_Registro_de_Contratación_por_BPM/input_Empresa 1_form_templatej_idt24_input"), "proceso de seleccion"): Text 'proceso de seleccion' is set on object 'Object Repository/Modulo Pruebas Vinculación/Validar_la_creación_del_Registro_de_Contratación_por_BPM/input_Empresa 1_form_templatej_idt24_input'

2022-03-29 19:11:57 - [MESSAGE][PASSED] - Text 'proceso de seleccion' is set on object 'Object Repository/Modulo Pruebas Vinculación/Validar_la_creación_del_Registro_de_Contratación_por_BPM/input_Empresa 1_form_templatej_idt24_input'

2022-03-29 19:11:57 - [TEST_STEP][PASSED] - click(findTestObject("Modulo Pruebas Vinculación/Validar_la_creación_del_Registro_de_Contratación_por_BPM/span_Proceso de Seleccion")): Object: 'Object Repository/Modulo Pruebas Vinculación/Validar_la_creación_del_Registro_de_Contratación_por_BPM/span_Proceso de Seleccion' is clicked on

2022-03-29 19:11:58 - [MESSAGE][PASSED] - Object: 'Object Repository/Modulo Pruebas Vinculación/Validar_la_creación_del_Registro_de_Contratación_por_BPM/span_Proceso de Seleccion' is clicked on

2022-03-29 19:11:58 - [TEST_STEP][PASSED] - click(findTestObject("Modulo Pruebas Vinculación/Validar_la_creación_del_Registro_de_Contratación_por_BPM/a_Nuevo")): Object: 'Object Repository/Modulo Pruebas Vinculación/Validar_la_creación_del_Registro_de_Contratación_por_BPM/a_Nuevo' is clicked on

2022-03-29 19:11:59 - [MESSAGE][PASSED] - Object: 'Object Repository/Modulo Pruebas Vinculación/Validar_la_creación_del_Registro_de_Contratación_por_BPM/a_Nuevo' is clicked on

2022-03-29 19:11:59 - [TEST_STEP][PASSED] - selectOptionByIndex(findTestObject("Modulo Pruebas Vinculación/Validar_la_creación_del_Registro_de_Contratación_por_BPM/select_SeleccionarSiNo"), 2): All options with index in [2] are selected on object 'Object Repository/Modulo Pruebas Vinculación/Validar_la_creación_del_Registro_de_Contratación_por_BPM/select_SeleccionarSiNo'

2022-03-29 19:12:01 - [MESSAGE][PASSED] - All options with index in [2] are selected on object 'Object Repository/Modulo Pruebas Vinculación/Validar_la_creación_del_Registro_de_Contratación_por_BPM/select_SeleccionarSiNo'

2022-03-29 19:12:01 - [TEST_STEP][PASSED] - selectOptionByIndex(findTestObject("Modulo Pruebas Vinculación/Validar_la_creación_del_Registro_de_Contratación_por_BPM/select_--Seleccione--CALIDADMENSUAL ABCMODELO EMPRESA QUINCENALPANSIONADOSPENSIONADOS BASEPRUEBAS"), 1): All options with index in [1] are selected on object 'Object Repository/Modulo Pruebas Vinculación/Validar_la_creación_del_Registro_de_Contratación_por_BPM/select_--Seleccione--CALIDADMENSUAL ABCMODELO EMPRESA QUINCENALPANSIONADOSPENSIONADOS BASEPRUEBAS'

2022-03-29 19:12:02 - [MESSAGE][PASSED] - All options with index in [1] are selected on object 'Object Repository/Modulo Pruebas Vinculación/Validar_la_creación_del_Registro_de_Contratación_por_BPM/select_--Seleccione--CALIDADMENSUAL ABCMODELO EMPRESA QUINCENALPANSIONADOSPENSIONADOS BASEPRUEBAS'

2022-03-29 19:12:02 - [TEST_STEP][PASSED] - click(findTestObject("Modulo Pruebas Vinculación/Validar_la_creación_del_Registro_de_Contratación_por_BPM/a_Unidad Organizacional_popupConfirmacionRequerimientoj_idt132")): Object: 'Object Repository/Modulo Pruebas Vinculación/Validar_la_creación_del_Registro_de_Contratación_por_BPM/a_Unidad Organizacional_popupConfirmacionRequerimientoj_idt132' is clicked on

2022-03-29 19:12:03 - [MESSAGE][PASSED] - Object: 'Object Repository/Modulo Pruebas Vinculación/Validar_la_creación_del_Registro_de_Contratación_por_BPM/a_Unidad Organizacional_popupConfirmacionRequerimientoj_idt132' is clicked on

2022-03-29 19:12:03 - [TEST_STEP][PASSED] - setText(findTestObject("Modulo Pruebas Vinculación/Validar_la_creación_del_Registro_de_Contratación_por_BPM/input_Unidad Organizacional_formPopUpUnidaddescripciones"), "ADMINISTRACION"): Text 'ADMINISTRACION' is set on object 'Object Repository/Modulo Pruebas Vinculación/Validar_la_creación_del_Registro_de_Contratación_por_BPM/input_Unidad Organizacional_formPopUpUnidaddescripciones'

2022-03-29 19:12:04 - [MESSAGE][PASSED] - Text 'ADMINISTRACION' is set on object 'Object Repository/Modulo Pruebas Vinculación/Validar_la_creación_del_Registro_de_Contratación_por_BPM/input_Unidad Organizacional_formPopUpUnidaddescripciones'

2022-03-29 19:12:04 - [TEST_STEP][PASSED] - sendKeys(findTestObject("Modulo Pruebas Vinculación/Validar_la_creación_del_Registro_de_Contratación_por_BPM/input_Unidad Organizacional_formPopUpUnidaddescripciones"), Keys.chord(ENTER)): Keys 'ENTER + ' sent to object: 'Object Repository/Modulo Pruebas Vinculación/Validar_la_creación_del_Registro_de_Contratación_por_BPM/input_Unidad Organizacional_formPopUpUnidaddescripciones'

2022-03-29 19:12:05 - [MESSAGE][PASSED] - Keys 'ENTER + ' sent to object: 'Object Repository/Modulo Pruebas Vinculación/Validar_la_creación_del_Registro_de_Contratación_por_BPM/input_Unidad Organizacional_formPopUpUnidaddescripciones'

2022-03-29 19:12:05 - [TEST_STEP][PASSED] - click(findTestObject("Modulo Pruebas Vinculación/Validar_la_creación_del_Registro_de_Contratación_por_BPM/span_ADMINISTRACION")): Object: 'Object Repository/Modulo Pruebas Vinculación/Validar_la_creación_del_Registro_de_Contratación_por_BPM/span_ADMINISTRACION' is clicked on

2022-03-29 19:12:06 - [MESSAGE][PASSED] - Object: 'Object Repository/Modulo Pruebas Vinculación/Validar_la_creación_del_Registro_de_Contratación_por_BPM/span_ADMINISTRACION' is clicked on

2022-03-29 19:12:06 - [TEST_STEP][PASSED] - click(findTestObject("Modulo Pruebas Vinculación/Validar_la_creación_del_Registro_de_Contratación_por_BPM/a_Cargo_popupConfirmacionRequerimientoj_idt136")): Object: 'Object Repository/Modulo Pruebas Vinculación/Validar_la_creación_del_Registro_de_Contratación_por_BPM/a_Cargo_popupConfirmacionRequerimientoj_idt136' is clicked on

2022-03-29 19:12:07 - [MESSAGE][PASSED] - Object: 'Object Repository/Modulo Pruebas Vinculación/Validar_la_creación_del_Registro_de_Contratación_por_BPM/a_Cargo_popupConfirmacionRequerimientoj_idt136' is clicked on

2022-03-29 19:12:07 - [TEST_STEP][PASSED] - setText(findTestObject("Modulo Pruebas Vinculación/Validar_la_creación_del_Registro_de_Contratación_por_BPM/input_Cargo_popupCargo_Formj_idt668"), "ABOGADO"): Text 'ABOGADO' is set on object 'Object Repository/Modulo Pruebas Vinculación/Validar_la_creación_del_Registro_de_Contratación_por_BPM/input_Cargo_popupCargo_Formj_idt668'

2022-03-29 19:12:08 - [MESSAGE][PASSED] - Text 'ABOGADO' is set on object 'Object Repository/Modulo Pruebas Vinculación/Validar_la_creación_del_Registro_de_Contratación_por_BPM/input_Cargo_popupCargo_Formj_idt668'

2022-03-29 19:12:08 - [TEST_STEP][PASSED] - sendKeys(findTestObject("Modulo Pruebas Vinculación/Validar_la_creación_del_Registro_de_Contratación_por_BPM/input_Cargo_popupCargo_Formj_idt668"), Keys.chord(ENTER)): Keys 'ENTER + ' sent to object: 'Object Repository/Modulo Pruebas Vinculación/Validar_la_creación_del_Registro_de_Contratación_por_BPM/input_Cargo_popupCargo_Formj_idt668'

2022-03-29 19:12:09 - [MESSAGE][PASSED] - Keys 'ENTER + ' sent to object: 'Object Repository/Modulo Pruebas Vinculación/Validar_la_creación_del_Registro_de_Contratación_por_BPM/input_Cargo_popupCargo_Formj_idt668'

2022-03-29 19:12:09 - [TEST_STEP][PASSED] - click(findTestObject("Modulo Pruebas Vinculación/Validar_la_creación_del_Registro_de_Contratación_por_BPM/span_ABOGADO")): Object: 'Object Repository/Modulo Pruebas Vinculación/Validar_la_creación_del_Registro_de_Contratación_por_BPM/span_ABOGADO' is clicked on

2022-03-29 19:12:09 - [MESSAGE][PASSED] - Object: 'Object Repository/Modulo Pruebas Vinculación/Validar_la_creación_del_Registro_de_Contratación_por_BPM/span_ABOGADO' is clicked on

2022-03-29 19:12:09 - [TEST_STEP][PASSED] - selectOptionByIndex(findTestObject("Modulo Pruebas Vinculación/Validar_la_creación_del_Registro_de_Contratación_por_BPM/select_--Seleccione--Primer Modelo Seleccin R. Modelo Etapa"), 1): All options with index in [1] are selected on object 'Object Repository/Modulo Pruebas Vinculación/Validar_la_creación_del_Registro_de_Contratación_por_BPM/select_--Seleccione--Primer Modelo Seleccin R. Modelo Etapa'

2022-03-29 19:12:11 - [MESSAGE][PASSED] - All options with index in [1] are selected on object 'Object Repository/Modulo Pruebas Vinculación/Validar_la_creación_del_Registro_de_Contratación_por_BPM/select_--Seleccione--Primer Modelo Seleccin R. Modelo Etapa'

2022-03-29 19:12:11 - [TEST_STEP][PASSED] - click(findTestObject("Modulo Pruebas Vinculación/Validar_la_creación_del_Registro_de_Contratación_por_BPM/a_Continuar")): Object: 'Object Repository/Modulo Pruebas Vinculación/Validar_la_creación_del_Registro_de_Contratación_por_BPM/a_Continuar' is clicked on

2022-03-29 19:12:11 - [MESSAGE][PASSED] - Object: 'Object Repository/Modulo Pruebas Vinculación/Validar_la_creación_del_Registro_de_Contratación_por_BPM/a_Continuar' is clicked on]]></system-out>
         <system-err><![CDATA[]]></system-err>
      </testcase>
      <testcase name="Test Cases/1.2-Tareas_Secundarias/7.1-Pruebas_Vinculación/7.1.6-Validar_Documentos" time="24.304" classname="Test Cases/1.2-Tareas_Secundarias/7.1-Pruebas_Vinculación/7.1.6-Validar_Documentos" status="PASSED">
         <system-out><![CDATA[2022-03-29 19:12:11 - [TEST_CASE][PASSED] - Test Cases/1.2-Tareas_Secundarias/7.1-Pruebas_Vinculación/7.1.6-Validar_Documentos: Test Cases/1.2-Tareas_Secundarias/7.1-Pruebas_Vinculación/7.1.6-Validar_Documentos

2022-03-29 19:12:12 - [TEST_STEP][PASSED] - callTestCase(findTestCase("0.1-Login"), [:], STOP_ON_FAILURE): Call Test Case 'Test Cases/0.1-Login' successfully

2022-03-29 19:12:12 - [TEST_CASE][PASSED] - Test Cases/0.1-Login: Test Cases/0.1-Login

2022-03-29 19:12:12 - [TEST_STEP][PASSED] - openBrowser(""): Browser is opened with url: ''

2022-03-29 19:12:12 - [MESSAGE][WARNING] - A browser is already opened. Closing browser and opening a new one

2022-03-29 19:12:12 - [MESSAGE][INFO] - Starting 'Chrome' driver

2022-03-29 19:12:12 - [MESSAGE][INFO] - Action delay is set to 50 milliseconds

2022-03-29 19:12:14 - [MESSAGE][PASSED] - Browser is opened with url: ''

2022-03-29 19:12:14 - [TEST_STEP][PASSED] - maximizeWindow(): Current window maximized

2022-03-29 19:12:14 - [MESSAGE][PASSED] - Current window maximized

2022-03-29 19:12:14 - [TEST_STEP][PASSED] - i = G_Login: null

2022-03-29 19:12:14 - [TEST_STEP][PASSED] - url = new java.net.URL(i): null

2022-03-29 19:12:14 - [TEST_STEP][PASSED] - println("URL: " + url.toString()): null

2022-03-29 19:12:14 - [TEST_STEP][PASSED] - connection = url.openConnection(): null

2022-03-29 19:12:14 - [TEST_STEP][PASSED] - connection.setRequestMethod("GET"): null

2022-03-29 19:12:14 - [TEST_STEP][PASSED] - connection.setReadTimeout(2 * 1000): null

2022-03-29 19:12:14 - [TEST_STEP][PASSED] - try: null

2022-03-29 19:12:14 - [TEST_STEP][PASSED] - connection.connect(): null

2022-03-29 19:12:14 - [TEST_STEP][PASSED] - flag = connected: null

2022-03-29 19:12:14 - [TEST_STEP][PASSED] - println("Valor_ori: " + flag): null

2022-03-29 19:12:14 - [TEST_STEP][PASSED] - if (flag): null

2022-03-29 19:12:14 - [TEST_STEP][PASSED] - navigateToUrl(i): Navigate to 'http://192.168.2.19:8380/saraweb' successfully

2022-03-29 19:12:14 - [MESSAGE][PASSED] - Navigate to 'http://192.168.2.19:8380/saraweb' successfully

2022-03-29 19:12:14 - [TEST_STEP][PASSED] - a(): null

2022-03-29 19:12:14 - [TEST_STEP][PASSED] - setText(findTestObject("Login/input_USUARIO_loginusuario"), G_Usuario): Text 'saraadmin' is set on object 'Object Repository/Login/input_USUARIO_loginusuario'

2022-03-29 19:12:15 - [MESSAGE][PASSED] - Text 'saraadmin' is set on object 'Object Repository/Login/input_USUARIO_loginusuario'

2022-03-29 19:12:15 - [TEST_STEP][PASSED] - setEncryptedText(findTestObject("Login/input_CLAVE_loginpassword"), "MkG4/TYiCFC3cb2driP7+Q=="): Text ****** has been set on object 'Object Repository/Login/input_CLAVE_loginpassword'

2022-03-29 19:12:16 - [MESSAGE][PASSED] - Text ****** has been set on object 'Object Repository/Login/input_CLAVE_loginpassword'

2022-03-29 19:12:16 - [TEST_STEP][PASSED] - waitForElementClickable(findTestObject("Login/a_Ingresar"), G_TimeOut): Object 'Object Repository/Login/a_Ingresar' is clickable

2022-03-29 19:12:16 - [MESSAGE][PASSED] - Object 'Object Repository/Login/a_Ingresar' is clickable

2022-03-29 19:12:16 - [TEST_STEP][PASSED] - click(findTestObject("Login/a_Ingresar")): Object: 'Object Repository/Login/a_Ingresar' is clicked on

2022-03-29 19:12:18 - [MESSAGE][PASSED] - Object: 'Object Repository/Login/a_Ingresar' is clicked on

2022-03-29 19:12:18 - [TEST_STEP][PASSED] - element = findWebElement(findTestObject("Login/a_Ir"), 30): null

2022-03-29 19:12:18 - [TEST_STEP][PASSED] - executeJavaScript("arguments[0].click()", Arrays.asList(element)): Execute JavaScript 'arguments[0].click()' successfully

2022-03-29 19:12:18 - [MESSAGE][PASSED] - Execute JavaScript 'arguments[0].click()' successfully

2022-03-29 19:12:18 - [MESSAGE][PASSED] - Call Test Case 'Test Cases/0.1-Login' successfully

2022-03-29 19:12:18 - [TEST_STEP][PASSED] - setText(findTestObject("Modulo Pruebas Vinculación/Validar_Documentos/input_Empresa 1_form_templatej_idt24_input"), "listado contratacion"): Text 'listado contratacion' is set on object 'Object Repository/Modulo Pruebas Vinculación/Validar_Documentos/input_Empresa 1_form_templatej_idt24_input'

2022-03-29 19:12:19 - [MESSAGE][PASSED] - Text 'listado contratacion' is set on object 'Object Repository/Modulo Pruebas Vinculación/Validar_Documentos/input_Empresa 1_form_templatej_idt24_input'

2022-03-29 19:12:19 - [TEST_STEP][PASSED] - click(findTestObject("Modulo Pruebas Vinculación/Validar_Documentos/li_Listado Contratacion (tal)")): Object: 'Object Repository/Modulo Pruebas Vinculación/Validar_Documentos/li_Listado Contratacion (tal)' is clicked on

2022-03-29 19:12:21 - [MESSAGE][PASSED] - Object: 'Object Repository/Modulo Pruebas Vinculación/Validar_Documentos/li_Listado Contratacion (tal)' is clicked on

2022-03-29 19:12:21 - [TEST_STEP][PASSED] - if (waitForElementVisible(findTestObject("Modulo Pruebas Vinculación/Validar_Documentos/td_A A A - Copy"), 1)): Object 'Object Repository/Modulo Pruebas Vinculación/Validar_Documentos/a_Nombre Persona_listado_contratacionj_idt68' is visible

2022-03-29 19:12:23 - [MESSAGE][INFO] - Unable to find the element located by 'By.xpath: //*/text()[normalize-space(.)='A A A']/parent::*'. Please recheck the objects properties to make sure the desired element is located. 

2022-03-29 19:12:23 - [MESSAGE][WARNING] - Web element with id: 'Object Repository/Modulo Pruebas Vinculación/Validar_Documentos/td_A A A - Copy' located by '//*/text()[normalize-space(.)='A A A']/parent::*' not found

2022-03-29 19:12:23 - [MESSAGE][PASSED] - Object 'Object Repository/Modulo Pruebas Vinculación/Validar_Documentos/a_Nombre Persona_listado_contratacionj_idt68' is visible

2022-03-29 19:12:23 - [TEST_STEP][PASSED] - else if (waitForElementVisible(findTestObject("Modulo Pruebas Vinculación/Validar_Documentos/a_Nombre Persona_listado_contratacionj_idt68"), 1)): null

2022-03-29 19:12:23 - [TEST_STEP][PASSED] - click(findTestObject("Modulo Pruebas Vinculación/Validar_Documentos/a_Nombre Persona_listado_contratacionj_idt68")): Object: 'Object Repository/Modulo Pruebas Vinculación/Validar_Documentos/a_Nombre Persona_listado_contratacionj_idt68' is clicked on

2022-03-29 19:12:24 - [MESSAGE][PASSED] - Object: 'Object Repository/Modulo Pruebas Vinculación/Validar_Documentos/a_Nombre Persona_listado_contratacionj_idt68' is clicked on

2022-03-29 19:12:24 - [TEST_STEP][PASSED] - setText(findTestObject("Modulo Pruebas Vinculación/Validar_Documentos/input_Filtro Hoja de Vida_formPopupHojaVidaj_idt1320"), "1010220596"): Text '1010220596' is set on object 'Object Repository/Modulo Pruebas Vinculación/Validar_Documentos/input_Filtro Hoja de Vida_formPopupHojaVidaj_idt1320'

2022-03-29 19:12:25 - [MESSAGE][PASSED] - Text '1010220596' is set on object 'Object Repository/Modulo Pruebas Vinculación/Validar_Documentos/input_Filtro Hoja de Vida_formPopupHojaVidaj_idt1320'

2022-03-29 19:12:25 - [TEST_STEP][PASSED] - sendKeys(findTestObject("Modulo Pruebas Vinculación/Validar_Documentos/input_Filtro Hoja de Vida_formPopupHojaVidaj_idt1320"), Keys.chord(ENTER)): Keys 'ENTER + ' sent to object: 'Object Repository/Modulo Pruebas Vinculación/Validar_Documentos/input_Filtro Hoja de Vida_formPopupHojaVidaj_idt1320'

2022-03-29 19:12:26 - [MESSAGE][PASSED] - Keys 'ENTER + ' sent to object: 'Object Repository/Modulo Pruebas Vinculación/Validar_Documentos/input_Filtro Hoja de Vida_formPopupHojaVidaj_idt1320'

2022-03-29 19:12:26 - [TEST_STEP][PASSED] - click(findTestObject("Modulo Pruebas Vinculación/Validar_Documentos/td_A A A")): Object: 'Object Repository/Modulo Pruebas Vinculación/Validar_Documentos/td_A A A' is clicked on

2022-03-29 19:12:27 - [MESSAGE][PASSED] - Object: 'Object Repository/Modulo Pruebas Vinculación/Validar_Documentos/td_A A A' is clicked on

2022-03-29 19:12:27 - [TEST_STEP][PASSED] - click(findTestObject("Modulo Pruebas Vinculación/Validar_Documentos/td_A A A")): Object: 'Object Repository/Modulo Pruebas Vinculación/Validar_Documentos/td_A A A' is clicked on

2022-03-29 19:12:28 - [MESSAGE][PASSED] - Object: 'Object Repository/Modulo Pruebas Vinculación/Validar_Documentos/td_A A A' is clicked on

2022-03-29 19:12:28 - [TEST_STEP][PASSED] - click(findTestObject("Modulo Pruebas Vinculación/Validar_Documentos/a_Actividad")): Object: 'Object Repository/Modulo Pruebas Vinculación/Validar_Documentos/a_Actividad' is clicked on

2022-03-29 19:12:29 - [MESSAGE][PASSED] - Object: 'Object Repository/Modulo Pruebas Vinculación/Validar_Documentos/a_Actividad' is clicked on

2022-03-29 19:12:29 - [TEST_STEP][PASSED] - click(findTestObject("Modulo Pruebas Vinculación/Validar_Documentos/td_Responsable Tarea 1. Validar Documentos")): Object: 'Object Repository/Modulo Pruebas Vinculación/Validar_Documentos/td_Responsable Tarea 1. Validar Documentos' is clicked on

2022-03-29 19:12:30 - [MESSAGE][PASSED] - Object: 'Object Repository/Modulo Pruebas Vinculación/Validar_Documentos/td_Responsable Tarea 1. Validar Documentos' is clicked on

2022-03-29 19:12:30 - [TEST_STEP][PASSED] - if (waitForElementVisible(findTestObject("Modulo Pruebas Vinculación/Validar_Documentos/td_Cdula"), 1)): null

2022-03-29 19:12:31 - [MESSAGE][PASSED] - Object 'Object Repository/Modulo Pruebas Vinculación/Validar_Documentos/td_Cdula' is visible

2022-03-29 19:12:31 - [TEST_STEP][PASSED] - click(findTestObject("Modulo Pruebas Vinculación/Validar_Documentos/td_Cdula")): Object: 'Object Repository/Modulo Pruebas Vinculación/Validar_Documentos/td_Cdula' is clicked on

2022-03-29 19:12:31 - [MESSAGE][PASSED] - Object: 'Object Repository/Modulo Pruebas Vinculación/Validar_Documentos/td_Cdula' is clicked on

2022-03-29 19:12:31 - [TEST_STEP][PASSED] - selectOptionByIndex(findTestObject("Modulo Pruebas Vinculación/Validar_Documentos/select_-Seleccione-CumplidoNo AplicaNo Cumplido"), 3): All options with index in [3] are selected on object 'Object Repository/Modulo Pruebas Vinculación/Validar_Documentos/select_-Seleccione-CumplidoNo AplicaNo Cumplido'

2022-03-29 19:12:33 - [MESSAGE][PASSED] - All options with index in [3] are selected on object 'Object Repository/Modulo Pruebas Vinculación/Validar_Documentos/select_-Seleccione-CumplidoNo AplicaNo Cumplido'

2022-03-29 19:12:33 - [TEST_STEP][PASSED] - setText(findTestObject("Modulo Pruebas Vinculación/Validar_Documentos/textarea_Observacin_requisitoHoja_formobservacion"), "Pruebas katalon"): Text 'Pruebas katalon' is set on object 'Object Repository/Modulo Pruebas Vinculación/Validar_Documentos/textarea_Observacin_requisitoHoja_formobservacion'

2022-03-29 19:12:34 - [MESSAGE][PASSED] - Text 'Pruebas katalon' is set on object 'Object Repository/Modulo Pruebas Vinculación/Validar_Documentos/textarea_Observacin_requisitoHoja_formobservacion'

2022-03-29 19:12:34 - [TEST_STEP][PASSED] - click(findTestObject("Modulo Pruebas Vinculación/Validar_Documentos/a_Actualizar")): Object: 'Object Repository/Modulo Pruebas Vinculación/Validar_Documentos/a_Actualizar' is clicked on

2022-03-29 19:12:34 - [MESSAGE][PASSED] - Object: 'Object Repository/Modulo Pruebas Vinculación/Validar_Documentos/a_Actualizar' is clicked on

2022-03-29 19:12:34 - [TEST_STEP][PASSED] - click(findTestObject("Modulo Pruebas Vinculación/Validar_Documentos/a_Aplicar")): Object: 'Object Repository/Modulo Pruebas Vinculación/Validar_Documentos/a_Aplicar' is clicked on

2022-03-29 19:12:35 - [MESSAGE][PASSED] - Object: 'Object Repository/Modulo Pruebas Vinculación/Validar_Documentos/a_Aplicar' is clicked on

2022-03-29 19:12:35 - [TEST_STEP][PASSED] - closeBrowser(): Browser is closed

2022-03-29 19:12:36 - [MESSAGE][PASSED] - Browser is closed]]></system-out>
         <system-err><![CDATA[]]></system-err>
      </testcase>
      <testcase name="Test Cases/1.2-Tareas_Secundarias/7.1-Pruebas_Vinculación/7.1.7-Elaborar_Contrato" time="19.026" classname="Test Cases/1.2-Tareas_Secundarias/7.1-Pruebas_Vinculación/7.1.7-Elaborar_Contrato" status="PASSED">
         <system-out><![CDATA[2022-03-29 19:12:36 - [TEST_CASE][PASSED] - Test Cases/1.2-Tareas_Secundarias/7.1-Pruebas_Vinculación/7.1.7-Elaborar_Contrato: Test Cases/1.2-Tareas_Secundarias/7.1-Pruebas_Vinculación/7.1.7-Elaborar_Contrato

2022-03-29 19:12:36 - [TEST_STEP][PASSED] - callTestCase(findTestCase("0.1-Login"), [:], STOP_ON_FAILURE): Call Test Case 'Test Cases/0.1-Login' successfully

2022-03-29 19:12:36 - [TEST_CASE][PASSED] - Test Cases/0.1-Login: Test Cases/0.1-Login

2022-03-29 19:12:36 - [TEST_STEP][PASSED] - openBrowser(""): Browser is opened with url: ''

2022-03-29 19:12:36 - [MESSAGE][INFO] - Starting 'Chrome' driver

2022-03-29 19:12:36 - [MESSAGE][INFO] - Action delay is set to 50 milliseconds

2022-03-29 19:12:37 - [MESSAGE][PASSED] - Browser is opened with url: ''

2022-03-29 19:12:37 - [TEST_STEP][PASSED] - maximizeWindow(): Current window maximized

2022-03-29 19:12:38 - [MESSAGE][PASSED] - Current window maximized

2022-03-29 19:12:38 - [TEST_STEP][PASSED] - i = G_Login: null

2022-03-29 19:12:38 - [TEST_STEP][PASSED] - url = new java.net.URL(i): null

2022-03-29 19:12:38 - [TEST_STEP][PASSED] - println("URL: " + url.toString()): null

2022-03-29 19:12:38 - [TEST_STEP][PASSED] - connection = url.openConnection(): null

2022-03-29 19:12:38 - [TEST_STEP][PASSED] - connection.setRequestMethod("GET"): null

2022-03-29 19:12:38 - [TEST_STEP][PASSED] - connection.setReadTimeout(2 * 1000): null

2022-03-29 19:12:38 - [TEST_STEP][PASSED] - try: null

2022-03-29 19:12:38 - [TEST_STEP][PASSED] - connection.connect(): null

2022-03-29 19:12:38 - [TEST_STEP][PASSED] - flag = connected: null

2022-03-29 19:12:38 - [TEST_STEP][PASSED] - println("Valor_ori: " + flag): null

2022-03-29 19:12:38 - [TEST_STEP][PASSED] - if (flag): null

2022-03-29 19:12:38 - [TEST_STEP][PASSED] - navigateToUrl(i): Navigate to 'http://192.168.2.19:8380/saraweb' successfully

2022-03-29 19:12:38 - [MESSAGE][PASSED] - Navigate to 'http://192.168.2.19:8380/saraweb' successfully

2022-03-29 19:12:38 - [TEST_STEP][PASSED] - a(): null

2022-03-29 19:12:38 - [TEST_STEP][PASSED] - setText(findTestObject("Login/input_USUARIO_loginusuario"), G_Usuario): Text 'saraadmin' is set on object 'Object Repository/Login/input_USUARIO_loginusuario'

2022-03-29 19:12:39 - [MESSAGE][PASSED] - Text 'saraadmin' is set on object 'Object Repository/Login/input_USUARIO_loginusuario'

2022-03-29 19:12:39 - [TEST_STEP][PASSED] - setEncryptedText(findTestObject("Login/input_CLAVE_loginpassword"), "MkG4/TYiCFC3cb2driP7+Q=="): Text ****** has been set on object 'Object Repository/Login/input_CLAVE_loginpassword'

2022-03-29 19:12:40 - [MESSAGE][PASSED] - Text ****** has been set on object 'Object Repository/Login/input_CLAVE_loginpassword'

2022-03-29 19:12:40 - [TEST_STEP][PASSED] - waitForElementClickable(findTestObject("Login/a_Ingresar"), G_TimeOut): Object 'Object Repository/Login/a_Ingresar' is clickable

2022-03-29 19:12:40 - [MESSAGE][PASSED] - Object 'Object Repository/Login/a_Ingresar' is clickable

2022-03-29 19:12:40 - [TEST_STEP][PASSED] - click(findTestObject("Login/a_Ingresar")): Object: 'Object Repository/Login/a_Ingresar' is clicked on

2022-03-29 19:12:41 - [MESSAGE][PASSED] - Object: 'Object Repository/Login/a_Ingresar' is clicked on

2022-03-29 19:12:41 - [TEST_STEP][PASSED] - element = findWebElement(findTestObject("Login/a_Ir"), 30): null

2022-03-29 19:12:41 - [TEST_STEP][PASSED] - executeJavaScript("arguments[0].click()", Arrays.asList(element)): Execute JavaScript 'arguments[0].click()' successfully

2022-03-29 19:12:41 - [MESSAGE][PASSED] - Execute JavaScript 'arguments[0].click()' successfully

2022-03-29 19:12:41 - [MESSAGE][PASSED] - Call Test Case 'Test Cases/0.1-Login' successfully

2022-03-29 19:12:41 - [TEST_STEP][PASSED] - setText(findTestObject("Modulo Pruebas Vinculación/Elaborar_Contrato/input_Empresa 1_form_templatej_idt24_input"), "Listado Contratacion"): Text 'Listado Contratacion' is set on object 'Object Repository/Modulo Pruebas Vinculación/Elaborar_Contrato/input_Empresa 1_form_templatej_idt24_input'

2022-03-29 19:12:42 - [MESSAGE][PASSED] - Text 'Listado Contratacion' is set on object 'Object Repository/Modulo Pruebas Vinculación/Elaborar_Contrato/input_Empresa 1_form_templatej_idt24_input'

2022-03-29 19:12:42 - [TEST_STEP][PASSED] - click(findTestObject("Modulo Pruebas Vinculación/Elaborar_Contrato/span_Listado Contratacion")): Object: 'Object Repository/Modulo Pruebas Vinculación/Elaborar_Contrato/span_Listado Contratacion' is clicked on

2022-03-29 19:12:44 - [MESSAGE][PASSED] - Object: 'Object Repository/Modulo Pruebas Vinculación/Elaborar_Contrato/span_Listado Contratacion' is clicked on

2022-03-29 19:12:44 - [TEST_STEP][PASSED] - if (waitForElementVisible(findTestObject("Modulo Pruebas Vinculación/Elaborar_Contrato/td_A A A"), 1)): Web element with id: 'Object Repository/Modulo Pruebas Vinculación/Elaborar_Contrato/td_A A A' located by '//*/text()[normalize-space(.)='A A A']/parent::*' not found

2022-03-29 19:12:46 - [MESSAGE][INFO] - Unable to find the element located by 'By.xpath: //*/text()[normalize-space(.)='A A A']/parent::*'. Please recheck the objects properties to make sure the desired element is located. 

2022-03-29 19:12:46 - [MESSAGE][WARNING] - Web element with id: 'Object Repository/Modulo Pruebas Vinculación/Elaborar_Contrato/td_A A A' located by '//*/text()[normalize-space(.)='A A A']/parent::*' not found

2022-03-29 19:12:46 - [TEST_STEP][PASSED] - else: null

2022-03-29 19:12:46 - [TEST_STEP][PASSED] - click(findTestObject("Modulo Pruebas Vinculación/Elaborar_Contrato/a_Nombre Persona_listado_contratacionj_idt68")): Object: 'Object Repository/Modulo Pruebas Vinculación/Elaborar_Contrato/a_Nombre Persona_listado_contratacionj_idt68' is clicked on

2022-03-29 19:12:47 - [MESSAGE][PASSED] - Object: 'Object Repository/Modulo Pruebas Vinculación/Elaborar_Contrato/a_Nombre Persona_listado_contratacionj_idt68' is clicked on

2022-03-29 19:12:47 - [TEST_STEP][PASSED] - setText(findTestObject("Modulo Pruebas Vinculación/Elaborar_Contrato/input_Filtro Hoja de Vida_formPopupHojaVidaj_idt1320"), "A A A"): Text 'A A A' is set on object 'Object Repository/Modulo Pruebas Vinculación/Elaborar_Contrato/input_Filtro Hoja de Vida_formPopupHojaVidaj_idt1320'

2022-03-29 19:12:48 - [MESSAGE][PASSED] - Text 'A A A' is set on object 'Object Repository/Modulo Pruebas Vinculación/Elaborar_Contrato/input_Filtro Hoja de Vida_formPopupHojaVidaj_idt1320'

2022-03-29 19:12:48 - [TEST_STEP][PASSED] - sendKeys(findTestObject("Modulo Pruebas Vinculación/Elaborar_Contrato/input_Filtro Hoja de Vida_formPopupHojaVidaj_idt1320"), Keys.chord(ENTER)): Keys 'ENTER + ' sent to object: 'Object Repository/Modulo Pruebas Vinculación/Elaborar_Contrato/input_Filtro Hoja de Vida_formPopupHojaVidaj_idt1320'

2022-03-29 19:12:49 - [MESSAGE][PASSED] - Keys 'ENTER + ' sent to object: 'Object Repository/Modulo Pruebas Vinculación/Elaborar_Contrato/input_Filtro Hoja de Vida_formPopupHojaVidaj_idt1320'

2022-03-29 19:12:49 - [TEST_STEP][PASSED] - click(findTestObject("Modulo Pruebas Vinculación/Elaborar_Contrato/td_A A A - 2")): Object: 'Object Repository/Modulo Pruebas Vinculación/Elaborar_Contrato/td_A A A - 2' is clicked on

2022-03-29 19:12:50 - [MESSAGE][PASSED] - Object: 'Object Repository/Modulo Pruebas Vinculación/Elaborar_Contrato/td_A A A - 2' is clicked on

2022-03-29 19:12:50 - [TEST_STEP][PASSED] - if (waitForElementVisible(findTestObject("Modulo Pruebas Vinculación/Elaborar_Contrato/td_A A A"), 1)): null

2022-03-29 19:12:50 - [MESSAGE][PASSED] - Object 'Object Repository/Modulo Pruebas Vinculación/Elaborar_Contrato/td_A A A' is visible

2022-03-29 19:12:50 - [TEST_STEP][PASSED] - click(findTestObject("Modulo Pruebas Vinculación/Elaborar_Contrato/td_A A A")): Object: 'Object Repository/Modulo Pruebas Vinculación/Elaborar_Contrato/td_A A A' is clicked on

2022-03-29 19:12:51 - [MESSAGE][PASSED] - Object: 'Object Repository/Modulo Pruebas Vinculación/Elaborar_Contrato/td_A A A' is clicked on

2022-03-29 19:12:51 - [TEST_STEP][PASSED] - click(findTestObject("Modulo Pruebas Vinculación/Elaborar_Contrato/a_Actividad")): Object: 'Object Repository/Modulo Pruebas Vinculación/Elaborar_Contrato/a_Actividad' is clicked on

2022-03-29 19:12:52 - [MESSAGE][PASSED] - Object: 'Object Repository/Modulo Pruebas Vinculación/Elaborar_Contrato/a_Actividad' is clicked on

2022-03-29 19:12:52 - [TEST_STEP][PASSED] - click(findTestObject("Modulo Pruebas Vinculación/Elaborar_Contrato/td_2. Elaborar contrato")): Object: 'Object Repository/Modulo Pruebas Vinculación/Elaborar_Contrato/td_2. Elaborar contrato' is clicked on

2022-03-29 19:12:53 - [MESSAGE][PASSED] - Object: 'Object Repository/Modulo Pruebas Vinculación/Elaborar_Contrato/td_2. Elaborar contrato' is clicked on

2022-03-29 19:12:53 - [TEST_STEP][PASSED] - click(findTestObject("Modulo Pruebas Vinculación/Elaborar_Contrato/a_Aplicar")): Object: 'Object Repository/Modulo Pruebas Vinculación/Elaborar_Contrato/a_Aplicar' is clicked on

2022-03-29 19:12:54 - [MESSAGE][PASSED] - Object: 'Object Repository/Modulo Pruebas Vinculación/Elaborar_Contrato/a_Aplicar' is clicked on

2022-03-29 19:12:54 - [TEST_STEP][PASSED] - closeBrowser(): Browser is closed

2022-03-29 19:12:55 - [MESSAGE][PASSED] - Browser is closed]]></system-out>
         <system-err><![CDATA[]]></system-err>
      </testcase>
      <testcase name="Test Cases/1.2-Tareas_Secundarias/7.1-Pruebas_Vinculación/7.1.8-Cerrar_Proceso_de_Contratación" time="8.244" classname="Test Cases/1.2-Tareas_Secundarias/7.1-Pruebas_Vinculación/7.1.8-Cerrar_Proceso_de_Contratación" status="PASSED">
         <system-out><![CDATA[2022-03-29 19:12:55 - [TEST_CASE][PASSED] - Test Cases/1.2-Tareas_Secundarias/7.1-Pruebas_Vinculación/7.1.8-Cerrar_Proceso_de_Contratación: Test Cases/1.2-Tareas_Secundarias/7.1-Pruebas_Vinculación/7.1.8-Cerrar_Proceso_de_Contratación

2022-03-29 19:12:55 - [TEST_STEP][PASSED] - callTestCase(findTestCase("0.1-Login"), [:], STOP_ON_FAILURE): Call Test Case 'Test Cases/0.1-Login' successfully

2022-03-29 19:12:55 - [TEST_CASE][PASSED] - Test Cases/0.1-Login: Test Cases/0.1-Login

2022-03-29 19:12:55 - [TEST_STEP][PASSED] - openBrowser(""): Browser is opened with url: ''

2022-03-29 19:12:55 - [MESSAGE][INFO] - Starting 'Chrome' driver

2022-03-29 19:12:55 - [MESSAGE][INFO] - Action delay is set to 50 milliseconds

2022-03-29 19:12:56 - [MESSAGE][PASSED] - Browser is opened with url: ''

2022-03-29 19:12:56 - [TEST_STEP][PASSED] - maximizeWindow(): Current window maximized

2022-03-29 19:12:57 - [MESSAGE][PASSED] - Current window maximized

2022-03-29 19:12:57 - [TEST_STEP][PASSED] - i = G_Login: null

2022-03-29 19:12:57 - [TEST_STEP][PASSED] - url = new java.net.URL(i): null

2022-03-29 19:12:57 - [TEST_STEP][PASSED] - println("URL: " + url.toString()): null

2022-03-29 19:12:57 - [TEST_STEP][PASSED] - connection = url.openConnection(): null

2022-03-29 19:12:57 - [TEST_STEP][PASSED] - connection.setRequestMethod("GET"): null

2022-03-29 19:12:57 - [TEST_STEP][PASSED] - connection.setReadTimeout(2 * 1000): null

2022-03-29 19:12:57 - [TEST_STEP][PASSED] - try: null

2022-03-29 19:12:57 - [TEST_STEP][PASSED] - connection.connect(): null

2022-03-29 19:12:57 - [TEST_STEP][PASSED] - flag = connected: null

2022-03-29 19:12:57 - [TEST_STEP][PASSED] - println("Valor_ori: " + flag): null

2022-03-29 19:12:57 - [TEST_STEP][PASSED] - if (flag): null

2022-03-29 19:12:57 - [TEST_STEP][PASSED] - navigateToUrl(i): Navigate to 'http://192.168.2.19:8380/saraweb' successfully

2022-03-29 19:12:57 - [MESSAGE][PASSED] - Navigate to 'http://192.168.2.19:8380/saraweb' successfully

2022-03-29 19:12:57 - [TEST_STEP][PASSED] - a(): null

2022-03-29 19:12:57 - [TEST_STEP][PASSED] - setText(findTestObject("Login/input_USUARIO_loginusuario"), G_Usuario): Text 'saraadmin' is set on object 'Object Repository/Login/input_USUARIO_loginusuario'

2022-03-29 19:12:58 - [MESSAGE][PASSED] - Text 'saraadmin' is set on object 'Object Repository/Login/input_USUARIO_loginusuario'

2022-03-29 19:12:58 - [TEST_STEP][PASSED] - setEncryptedText(findTestObject("Login/input_CLAVE_loginpassword"), "MkG4/TYiCFC3cb2driP7+Q=="): Text ****** has been set on object 'Object Repository/Login/input_CLAVE_loginpassword'

2022-03-29 19:12:59 - [MESSAGE][PASSED] - Text ****** has been set on object 'Object Repository/Login/input_CLAVE_loginpassword'

2022-03-29 19:12:59 - [TEST_STEP][PASSED] - waitForElementClickable(findTestObject("Login/a_Ingresar"), G_TimeOut): Object 'Object Repository/Login/a_Ingresar' is clickable

2022-03-29 19:12:59 - [MESSAGE][PASSED] - Object 'Object Repository/Login/a_Ingresar' is clickable

2022-03-29 19:12:59 - [TEST_STEP][PASSED] - click(findTestObject("Login/a_Ingresar")): Object: 'Object Repository/Login/a_Ingresar' is clicked on

2022-03-29 19:13:00 - [MESSAGE][PASSED] - Object: 'Object Repository/Login/a_Ingresar' is clicked on

2022-03-29 19:13:00 - [TEST_STEP][PASSED] - element = findWebElement(findTestObject("Login/a_Ir"), 30): null

2022-03-29 19:13:00 - [TEST_STEP][PASSED] - executeJavaScript("arguments[0].click()", Arrays.asList(element)): Execute JavaScript 'arguments[0].click()' successfully

2022-03-29 19:13:00 - [MESSAGE][PASSED] - Execute JavaScript 'arguments[0].click()' successfully

2022-03-29 19:13:00 - [MESSAGE][PASSED] - Call Test Case 'Test Cases/0.1-Login' successfully

2022-03-29 19:13:00 - [TEST_STEP][PASSED] - setText(findTestObject("Modulo Pruebas Vinculación/Cerrar_Proceso_de_Contratación/input_Empresa 1_form_templatej_idt24_input"), "Listado contratacion"): Text 'Listado contratacion' is set on object 'Object Repository/Modulo Pruebas Vinculación/Cerrar_Proceso_de_Contratación/input_Empresa 1_form_templatej_idt24_input'

2022-03-29 19:13:02 - [MESSAGE][PASSED] - Text 'Listado contratacion' is set on object 'Object Repository/Modulo Pruebas Vinculación/Cerrar_Proceso_de_Contratación/input_Empresa 1_form_templatej_idt24_input'

2022-03-29 19:13:02 - [TEST_STEP][PASSED] - click(findTestObject("Modulo Pruebas Vinculación/Cerrar_Proceso_de_Contratación/li_Listado Contratacion (tal)")): Object: 'Object Repository/Modulo Pruebas Vinculación/Cerrar_Proceso_de_Contratación/li_Listado Contratacion (tal)' is clicked on

2022-03-29 19:13:03 - [MESSAGE][PASSED] - Object: 'Object Repository/Modulo Pruebas Vinculación/Cerrar_Proceso_de_Contratación/li_Listado Contratacion (tal)' is clicked on

2022-03-29 19:13:03 - [TEST_STEP][PASSED] - comment("NO SE ESPECIFICA LA TAREA"): NO SE ESPECIFICA LA TAREA

2022-03-29 19:13:03 - [MESSAGE][INFO] - NO SE ESPECIFICA LA TAREA]]></system-out>
         <system-err><![CDATA[]]></system-err>
      </testcase>
      <testcase name="Test Cases/1.2-Tareas_Secundarias/8.1-Pruebas_Auditoria/8.1.1-Seguimiento_a_objeto_Succeso_Adicion" time="18.344" classname="Test Cases/1.2-Tareas_Secundarias/8.1-Pruebas_Auditoria/8.1.1-Seguimiento_a_objeto_Succeso_Adicion" status="PASSED">
         <system-out><![CDATA[2022-03-29 19:13:03 - [TEST_CASE][PASSED] - Test Cases/1.2-Tareas_Secundarias/8.1-Pruebas_Auditoria/8.1.1-Seguimiento_a_objeto_Succeso_Adicion: Test Cases/1.2-Tareas_Secundarias/8.1-Pruebas_Auditoria/8.1.1-Seguimiento_a_objeto_Succeso_Adicion

2022-03-29 19:13:03 - [TEST_STEP][PASSED] - callTestCase(findTestCase("Utilidades-(atajos_para _tareas)/Modulos/Modulo Auditoria"), [:], STOP_ON_FAILURE): Call Test Case 'Test Cases/Utilidades-(atajos_para _tareas)/Modulos/Modulo Auditoria' successfully

2022-03-29 19:13:03 - [TEST_CASE][PASSED] - Test Cases/Utilidades-(atajos_para _tareas)/Modulos/Modulo Auditoria: Test Cases/Utilidades-(atajos_para _tareas)/Modulos/Modulo Auditoria

2022-03-29 19:13:04 - [TEST_STEP][PASSED] - callTestCase(findTestCase("0.1-Login"), [:], STOP_ON_FAILURE): Call Test Case 'Test Cases/0.1-Login' successfully

2022-03-29 19:13:04 - [TEST_CASE][PASSED] - Test Cases/0.1-Login: Test Cases/0.1-Login

2022-03-29 19:13:04 - [TEST_STEP][PASSED] - openBrowser(""): Browser is opened with url: ''

2022-03-29 19:13:04 - [MESSAGE][WARNING] - A browser is already opened. Closing browser and opening a new one

2022-03-29 19:13:05 - [MESSAGE][INFO] - Starting 'Chrome' driver

2022-03-29 19:13:05 - [MESSAGE][INFO] - Action delay is set to 50 milliseconds

2022-03-29 19:13:06 - [MESSAGE][PASSED] - Browser is opened with url: ''

2022-03-29 19:13:06 - [TEST_STEP][PASSED] - maximizeWindow(): Current window maximized

2022-03-29 19:13:06 - [MESSAGE][PASSED] - Current window maximized

2022-03-29 19:13:06 - [TEST_STEP][PASSED] - i = G_Login: null

2022-03-29 19:13:06 - [TEST_STEP][PASSED] - url = new java.net.URL(i): null

2022-03-29 19:13:06 - [TEST_STEP][PASSED] - println("URL: " + url.toString()): null

2022-03-29 19:13:06 - [TEST_STEP][PASSED] - connection = url.openConnection(): null

2022-03-29 19:13:06 - [TEST_STEP][PASSED] - connection.setRequestMethod("GET"): null

2022-03-29 19:13:06 - [TEST_STEP][PASSED] - connection.setReadTimeout(2 * 1000): null

2022-03-29 19:13:06 - [TEST_STEP][PASSED] - try: null

2022-03-29 19:13:06 - [TEST_STEP][PASSED] - connection.connect(): null

2022-03-29 19:13:06 - [TEST_STEP][PASSED] - flag = connected: null

2022-03-29 19:13:06 - [TEST_STEP][PASSED] - println("Valor_ori: " + flag): null

2022-03-29 19:13:06 - [TEST_STEP][PASSED] - if (flag): null

2022-03-29 19:13:06 - [TEST_STEP][PASSED] - navigateToUrl(i): Navigate to 'http://192.168.2.19:8380/saraweb' successfully

2022-03-29 19:13:06 - [MESSAGE][PASSED] - Navigate to 'http://192.168.2.19:8380/saraweb' successfully

2022-03-29 19:13:06 - [TEST_STEP][PASSED] - a(): null

2022-03-29 19:13:06 - [TEST_STEP][PASSED] - setText(findTestObject("Login/input_USUARIO_loginusuario"), G_Usuario): Text 'saraadmin' is set on object 'Object Repository/Login/input_USUARIO_loginusuario'

2022-03-29 19:13:08 - [MESSAGE][PASSED] - Text 'saraadmin' is set on object 'Object Repository/Login/input_USUARIO_loginusuario'

2022-03-29 19:13:08 - [TEST_STEP][PASSED] - setEncryptedText(findTestObject("Login/input_CLAVE_loginpassword"), "MkG4/TYiCFC3cb2driP7+Q=="): Text ****** has been set on object 'Object Repository/Login/input_CLAVE_loginpassword'

2022-03-29 19:13:08 - [MESSAGE][PASSED] - Text ****** has been set on object 'Object Repository/Login/input_CLAVE_loginpassword'

2022-03-29 19:13:08 - [TEST_STEP][PASSED] - waitForElementClickable(findTestObject("Login/a_Ingresar"), G_TimeOut): Object 'Object Repository/Login/a_Ingresar' is clickable

2022-03-29 19:13:09 - [MESSAGE][PASSED] - Object 'Object Repository/Login/a_Ingresar' is clickable

2022-03-29 19:13:09 - [TEST_STEP][PASSED] - click(findTestObject("Login/a_Ingresar")): Object: 'Object Repository/Login/a_Ingresar' is clicked on

2022-03-29 19:13:10 - [MESSAGE][PASSED] - Object: 'Object Repository/Login/a_Ingresar' is clicked on

2022-03-29 19:13:10 - [TEST_STEP][PASSED] - element = findWebElement(findTestObject("Login/a_Ir"), 30): null

2022-03-29 19:13:11 - [TEST_STEP][PASSED] - executeJavaScript("arguments[0].click()", Arrays.asList(element)): Execute JavaScript 'arguments[0].click()' successfully

2022-03-29 19:13:11 - [MESSAGE][PASSED] - Execute JavaScript 'arguments[0].click()' successfully

2022-03-29 19:13:11 - [MESSAGE][PASSED] - Call Test Case 'Test Cases/0.1-Login' successfully

2022-03-29 19:13:11 - [TEST_STEP][PASSED] - setText(findTestObject("Modulo Auditoria/input_Empresa 1_form_templatej_idt24_input"), "Auditoria"): Text 'Auditoria' is set on object 'Object Repository/Modulo Auditoria/input_Empresa 1_form_templatej_idt24_input'

2022-03-29 19:13:12 - [MESSAGE][PASSED] - Text 'Auditoria' is set on object 'Object Repository/Modulo Auditoria/input_Empresa 1_form_templatej_idt24_input'

2022-03-29 19:13:12 - [TEST_STEP][PASSED] - click(findTestObject("Modulo Auditoria/li_Auditoria (com)")): Object: 'Object Repository/Modulo Auditoria/li_Auditoria (com)' is clicked on

2022-03-29 19:13:13 - [MESSAGE][PASSED] - Object: 'Object Repository/Modulo Auditoria/li_Auditoria (com)' is clicked on

2022-03-29 19:13:13 - [MESSAGE][PASSED] - Call Test Case 'Test Cases/Utilidades-(atajos_para _tareas)/Modulos/Modulo Auditoria' successfully

2022-03-29 19:13:13 - [TEST_STEP][PASSED] - click(findTestObject("Modulo Pruebas Auditoria/Seguimiento_a_objeto_Succeso_Adicion/a_Suceso Adicion")): Object: 'Object Repository/Modulo Pruebas Auditoria/Seguimiento_a_objeto_Succeso_Adicion/a_Suceso Adicion' is clicked on

2022-03-29 19:13:16 - [MESSAGE][PASSED] - Object: 'Object Repository/Modulo Pruebas Auditoria/Seguimiento_a_objeto_Succeso_Adicion/a_Suceso Adicion' is clicked on

2022-03-29 19:13:16 - [TEST_STEP][PASSED] - click(findTestObject("Modulo Pruebas Auditoria/Seguimiento_a_objeto_Succeso_Adicion/td_concepto_con")): Object: 'Object Repository/Modulo Pruebas Auditoria/Seguimiento_a_objeto_Succeso_Adicion/td_concepto_con' is clicked on

2022-03-29 19:13:16 - [MESSAGE][PASSED] - Object: 'Object Repository/Modulo Pruebas Auditoria/Seguimiento_a_objeto_Succeso_Adicion/td_concepto_con' is clicked on

2022-03-29 19:13:16 - [TEST_STEP][PASSED] - click(findTestObject("Modulo Pruebas Auditoria/Seguimiento_a_objeto_Succeso_Adicion/a_Aplicar")): Object: 'Object Repository/Modulo Pruebas Auditoria/Seguimiento_a_objeto_Succeso_Adicion/a_Aplicar' is clicked on

2022-03-29 19:13:18 - [MESSAGE][PASSED] - Object: 'Object Repository/Modulo Pruebas Auditoria/Seguimiento_a_objeto_Succeso_Adicion/a_Aplicar' is clicked on

2022-03-29 19:13:18 - [TEST_STEP][PASSED] - codigo = getText(findTestObject("Modulo Pruebas Auditoria/Seguimiento_a_objeto_Succeso_Adicion/td_123456")): Text of object 'Object Repository/Modulo Pruebas Auditoria/Seguimiento_a_objeto_Succeso_Adicion/td_123456' is: '123456'

2022-03-29 19:13:18 - [MESSAGE][PASSED] - Text of object 'Object Repository/Modulo Pruebas Auditoria/Seguimiento_a_objeto_Succeso_Adicion/td_123456' is: '123456'

2022-03-29 19:13:18 - [TEST_STEP][PASSED] - setText(findTestObject("Modulo Pruebas Auditoria/Seguimiento_a_objeto_Succeso_Adicion/input_codigo_form_sucesoadiciontablaFiltros0j_idt234"), codigo): Text '123456' is set on object 'Object Repository/Modulo Pruebas Auditoria/Seguimiento_a_objeto_Succeso_Adicion/input_codigo_form_sucesoadiciontablaFiltros0j_idt234'

2022-03-29 19:13:19 - [MESSAGE][PASSED] - Text '123456' is set on object 'Object Repository/Modulo Pruebas Auditoria/Seguimiento_a_objeto_Succeso_Adicion/input_codigo_form_sucesoadiciontablaFiltros0j_idt234'

2022-03-29 19:13:19 - [TEST_STEP][PASSED] - click(findTestObject("Modulo Pruebas Auditoria/Seguimiento_a_objeto_Succeso_Adicion/a_Aplicar")): Object: 'Object Repository/Modulo Pruebas Auditoria/Seguimiento_a_objeto_Succeso_Adicion/a_Aplicar' is clicked on

2022-03-29 19:13:20 - [MESSAGE][PASSED] - Object: 'Object Repository/Modulo Pruebas Auditoria/Seguimiento_a_objeto_Succeso_Adicion/a_Aplicar' is clicked on

2022-03-29 19:13:20 - [TEST_STEP][PASSED] - codigoR = getText(findTestObject("Modulo Pruebas Auditoria/Seguimiento_a_objeto_Succeso_Adicion/td_123456")): Text of object 'Object Repository/Modulo Pruebas Auditoria/Seguimiento_a_objeto_Succeso_Adicion/td_123456' is: '123456'

2022-03-29 19:13:21 - [MESSAGE][PASSED] - Text of object 'Object Repository/Modulo Pruebas Auditoria/Seguimiento_a_objeto_Succeso_Adicion/td_123456' is: '123456'

2022-03-29 19:13:21 - [TEST_STEP][PASSED] - if (codigo == codigoR): Browser is closed

2022-03-29 19:13:21 - [TEST_STEP][PASSED] - closeBrowser(): Browser is closed

2022-03-29 19:13:21 - [MESSAGE][PASSED] - Browser is closed]]></system-out>
         <system-err><![CDATA[]]></system-err>
      </testcase>
      <testcase name="Test Cases/1.2-Tareas_Secundarias/8.1-Pruebas_Auditoria/8.1.2-Seguimiento_a_objeto_Succeso_Actualización" time="14.894" classname="Test Cases/1.2-Tareas_Secundarias/8.1-Pruebas_Auditoria/8.1.2-Seguimiento_a_objeto_Succeso_Actualización" status="PASSED">
         <system-out><![CDATA[2022-03-29 19:13:21 - [TEST_CASE][PASSED] - Test Cases/1.2-Tareas_Secundarias/8.1-Pruebas_Auditoria/8.1.2-Seguimiento_a_objeto_Succeso_Actualización: Test Cases/1.2-Tareas_Secundarias/8.1-Pruebas_Auditoria/8.1.2-Seguimiento_a_objeto_Succeso_Actualización

2022-03-29 19:13:22 - [TEST_STEP][PASSED] - callTestCase(findTestCase("Utilidades-(atajos_para _tareas)/Modulos/Modulo Auditoria"), [:], STOP_ON_FAILURE): Call Test Case 'Test Cases/Utilidades-(atajos_para _tareas)/Modulos/Modulo Auditoria' successfully

2022-03-29 19:13:22 - [TEST_CASE][PASSED] - Test Cases/Utilidades-(atajos_para _tareas)/Modulos/Modulo Auditoria: Test Cases/Utilidades-(atajos_para _tareas)/Modulos/Modulo Auditoria

2022-03-29 19:13:22 - [TEST_STEP][PASSED] - callTestCase(findTestCase("0.1-Login"), [:], STOP_ON_FAILURE): Call Test Case 'Test Cases/0.1-Login' successfully

2022-03-29 19:13:22 - [TEST_CASE][PASSED] - Test Cases/0.1-Login: Test Cases/0.1-Login

2022-03-29 19:13:22 - [TEST_STEP][PASSED] - openBrowser(""): Browser is opened with url: ''

2022-03-29 19:13:22 - [MESSAGE][INFO] - Starting 'Chrome' driver

2022-03-29 19:13:22 - [MESSAGE][INFO] - Action delay is set to 50 milliseconds

2022-03-29 19:13:23 - [MESSAGE][PASSED] - Browser is opened with url: ''

2022-03-29 19:13:23 - [TEST_STEP][PASSED] - maximizeWindow(): Current window maximized

2022-03-29 19:13:23 - [MESSAGE][PASSED] - Current window maximized

2022-03-29 19:13:23 - [TEST_STEP][PASSED] - i = G_Login: null

2022-03-29 19:13:23 - [TEST_STEP][PASSED] - url = new java.net.URL(i): null

2022-03-29 19:13:23 - [TEST_STEP][PASSED] - println("URL: " + url.toString()): null

2022-03-29 19:13:23 - [TEST_STEP][PASSED] - connection = url.openConnection(): null

2022-03-29 19:13:23 - [TEST_STEP][PASSED] - connection.setRequestMethod("GET"): null

2022-03-29 19:13:23 - [TEST_STEP][PASSED] - connection.setReadTimeout(2 * 1000): null

2022-03-29 19:13:23 - [TEST_STEP][PASSED] - try: null

2022-03-29 19:13:23 - [TEST_STEP][PASSED] - connection.connect(): null

2022-03-29 19:13:23 - [TEST_STEP][PASSED] - flag = connected: null

2022-03-29 19:13:23 - [TEST_STEP][PASSED] - println("Valor_ori: " + flag): null

2022-03-29 19:13:23 - [TEST_STEP][PASSED] - if (flag): null

2022-03-29 19:13:23 - [TEST_STEP][PASSED] - navigateToUrl(i): Navigate to 'http://192.168.2.19:8380/saraweb' successfully

2022-03-29 19:13:24 - [MESSAGE][PASSED] - Navigate to 'http://192.168.2.19:8380/saraweb' successfully

2022-03-29 19:13:24 - [TEST_STEP][PASSED] - a(): null

2022-03-29 19:13:24 - [TEST_STEP][PASSED] - setText(findTestObject("Login/input_USUARIO_loginusuario"), G_Usuario): Text 'saraadmin' is set on object 'Object Repository/Login/input_USUARIO_loginusuario'

2022-03-29 19:13:25 - [MESSAGE][PASSED] - Text 'saraadmin' is set on object 'Object Repository/Login/input_USUARIO_loginusuario'

2022-03-29 19:13:25 - [TEST_STEP][PASSED] - setEncryptedText(findTestObject("Login/input_CLAVE_loginpassword"), "MkG4/TYiCFC3cb2driP7+Q=="): Text ****** has been set on object 'Object Repository/Login/input_CLAVE_loginpassword'

2022-03-29 19:13:26 - [MESSAGE][PASSED] - Text ****** has been set on object 'Object Repository/Login/input_CLAVE_loginpassword'

2022-03-29 19:13:26 - [TEST_STEP][PASSED] - waitForElementClickable(findTestObject("Login/a_Ingresar"), G_TimeOut): Object 'Object Repository/Login/a_Ingresar' is clickable

2022-03-29 19:13:26 - [MESSAGE][PASSED] - Object 'Object Repository/Login/a_Ingresar' is clickable

2022-03-29 19:13:26 - [TEST_STEP][PASSED] - click(findTestObject("Login/a_Ingresar")): Object: 'Object Repository/Login/a_Ingresar' is clicked on

2022-03-29 19:13:28 - [MESSAGE][PASSED] - Object: 'Object Repository/Login/a_Ingresar' is clicked on

2022-03-29 19:13:28 - [TEST_STEP][PASSED] - element = findWebElement(findTestObject("Login/a_Ir"), 30): null

2022-03-29 19:13:28 - [TEST_STEP][PASSED] - executeJavaScript("arguments[0].click()", Arrays.asList(element)): Execute JavaScript 'arguments[0].click()' successfully

2022-03-29 19:13:28 - [MESSAGE][PASSED] - Execute JavaScript 'arguments[0].click()' successfully

2022-03-29 19:13:28 - [MESSAGE][PASSED] - Call Test Case 'Test Cases/0.1-Login' successfully

2022-03-29 19:13:28 - [TEST_STEP][PASSED] - setText(findTestObject("Modulo Auditoria/input_Empresa 1_form_templatej_idt24_input"), "Auditoria"): Text 'Auditoria' is set on object 'Object Repository/Modulo Auditoria/input_Empresa 1_form_templatej_idt24_input'

2022-03-29 19:13:29 - [MESSAGE][PASSED] - Text 'Auditoria' is set on object 'Object Repository/Modulo Auditoria/input_Empresa 1_form_templatej_idt24_input'

2022-03-29 19:13:29 - [TEST_STEP][PASSED] - click(findTestObject("Modulo Auditoria/li_Auditoria (com)")): Object: 'Object Repository/Modulo Auditoria/li_Auditoria (com)' is clicked on

2022-03-29 19:13:31 - [MESSAGE][PASSED] - Object: 'Object Repository/Modulo Auditoria/li_Auditoria (com)' is clicked on

2022-03-29 19:13:31 - [MESSAGE][PASSED] - Call Test Case 'Test Cases/Utilidades-(atajos_para _tareas)/Modulos/Modulo Auditoria' successfully

2022-03-29 19:13:31 - [TEST_STEP][PASSED] - click(findTestObject("Modulo Pruebas Auditoria/Seguimiento_a_objeto_Succeso_Actualización/a_Suceso Actualizacin")): Object: 'Object Repository/Modulo Pruebas Auditoria/Seguimiento_a_objeto_Succeso_Actualización/a_Suceso Actualizacin' is clicked on

2022-03-29 19:13:32 - [MESSAGE][PASSED] - Object: 'Object Repository/Modulo Pruebas Auditoria/Seguimiento_a_objeto_Succeso_Actualización/a_Suceso Actualizacin' is clicked on

2022-03-29 19:13:32 - [TEST_STEP][PASSED] - setText(findTestObject("Modulo Pruebas Auditoria/Seguimiento_a_objeto_Succeso_Actualización/input_Fecha Inicial_form_visorj_idt253fechaInicial_input"), "10/12/2018 10:34:00"): Text '10/12/2018 10:34:00' is set on object 'Object Repository/Modulo Pruebas Auditoria/Seguimiento_a_objeto_Succeso_Actualización/input_Fecha Inicial_form_visorj_idt253fechaInicial_input'

2022-03-29 19:13:34 - [MESSAGE][PASSED] - Text '10/12/2018 10:34:00' is set on object 'Object Repository/Modulo Pruebas Auditoria/Seguimiento_a_objeto_Succeso_Actualización/input_Fecha Inicial_form_visorj_idt253fechaInicial_input'

2022-03-29 19:13:34 - [TEST_STEP][PASSED] - setText(findTestObject("Modulo Pruebas Auditoria/Seguimiento_a_objeto_Succeso_Actualización/input_Fecha Final_form_visorj_idt253fechaFinal_input"), "10/12/2018 10:35:00"): Text '10/12/2018 10:35:00' is set on object 'Object Repository/Modulo Pruebas Auditoria/Seguimiento_a_objeto_Succeso_Actualización/input_Fecha Final_form_visorj_idt253fechaFinal_input'

2022-03-29 19:13:35 - [MESSAGE][PASSED] - Text '10/12/2018 10:35:00' is set on object 'Object Repository/Modulo Pruebas Auditoria/Seguimiento_a_objeto_Succeso_Actualización/input_Fecha Final_form_visorj_idt253fechaFinal_input'

2022-03-29 19:13:35 - [TEST_STEP][PASSED] - sendKeys(findTestObject("Modulo Pruebas Auditoria/Seguimiento_a_objeto_Succeso_Actualización/input_Fecha Final_form_visorj_idt253fechaFinal_input"), Keys.chord(ENTER)): Keys 'ENTER + ' sent to object: 'Object Repository/Modulo Pruebas Auditoria/Seguimiento_a_objeto_Succeso_Actualización/input_Fecha Final_form_visorj_idt253fechaFinal_input'

2022-03-29 19:13:36 - [MESSAGE][PASSED] - Keys 'ENTER + ' sent to object: 'Object Repository/Modulo Pruebas Auditoria/Seguimiento_a_objeto_Succeso_Actualización/input_Fecha Final_form_visorj_idt253fechaFinal_input'

2022-03-29 19:13:36 - [TEST_STEP][PASSED] - closeBrowser(): Browser is closed

2022-03-29 19:13:36 - [MESSAGE][PASSED] - Browser is closed]]></system-out>
         <system-err><![CDATA[]]></system-err>
      </testcase>
      <testcase name="Test Cases/1.2-Tareas_Secundarias/8.1-Pruebas_Auditoria/8.1.3-Seguimiento_a_objeto_Succeso_Borrado" time="14.623" classname="Test Cases/1.2-Tareas_Secundarias/8.1-Pruebas_Auditoria/8.1.3-Seguimiento_a_objeto_Succeso_Borrado" status="PASSED">
         <system-out><![CDATA[2022-03-29 19:13:36 - [TEST_CASE][PASSED] - Test Cases/1.2-Tareas_Secundarias/8.1-Pruebas_Auditoria/8.1.3-Seguimiento_a_objeto_Succeso_Borrado: Test Cases/1.2-Tareas_Secundarias/8.1-Pruebas_Auditoria/8.1.3-Seguimiento_a_objeto_Succeso_Borrado

2022-03-29 19:13:37 - [TEST_STEP][PASSED] - callTestCase(findTestCase("Utilidades-(atajos_para _tareas)/Modulos/Modulo Auditoria"), [:], STOP_ON_FAILURE): Call Test Case 'Test Cases/Utilidades-(atajos_para _tareas)/Modulos/Modulo Auditoria' successfully

2022-03-29 19:13:37 - [TEST_CASE][PASSED] - Test Cases/Utilidades-(atajos_para _tareas)/Modulos/Modulo Auditoria: Test Cases/Utilidades-(atajos_para _tareas)/Modulos/Modulo Auditoria

2022-03-29 19:13:37 - [TEST_STEP][PASSED] - callTestCase(findTestCase("0.1-Login"), [:], STOP_ON_FAILURE): Call Test Case 'Test Cases/0.1-Login' successfully

2022-03-29 19:13:37 - [TEST_CASE][PASSED] - Test Cases/0.1-Login: Test Cases/0.1-Login

2022-03-29 19:13:37 - [TEST_STEP][PASSED] - openBrowser(""): Browser is opened with url: ''

2022-03-29 19:13:37 - [MESSAGE][INFO] - Starting 'Chrome' driver

2022-03-29 19:13:37 - [MESSAGE][INFO] - Action delay is set to 50 milliseconds

2022-03-29 19:13:38 - [MESSAGE][PASSED] - Browser is opened with url: ''

2022-03-29 19:13:38 - [TEST_STEP][PASSED] - maximizeWindow(): Current window maximized

2022-03-29 19:13:38 - [MESSAGE][PASSED] - Current window maximized

2022-03-29 19:13:38 - [TEST_STEP][PASSED] - i = G_Login: null

2022-03-29 19:13:38 - [TEST_STEP][PASSED] - url = new java.net.URL(i): null

2022-03-29 19:13:38 - [TEST_STEP][PASSED] - println("URL: " + url.toString()): null

2022-03-29 19:13:38 - [TEST_STEP][PASSED] - connection = url.openConnection(): null

2022-03-29 19:13:38 - [TEST_STEP][PASSED] - connection.setRequestMethod("GET"): null

2022-03-29 19:13:38 - [TEST_STEP][PASSED] - connection.setReadTimeout(2 * 1000): null

2022-03-29 19:13:38 - [TEST_STEP][PASSED] - try: null

2022-03-29 19:13:38 - [TEST_STEP][PASSED] - connection.connect(): null

2022-03-29 19:13:38 - [TEST_STEP][PASSED] - flag = connected: null

2022-03-29 19:13:38 - [TEST_STEP][PASSED] - println("Valor_ori: " + flag): null

2022-03-29 19:13:38 - [TEST_STEP][PASSED] - if (flag): null

2022-03-29 19:13:38 - [TEST_STEP][PASSED] - navigateToUrl(i): Navigate to 'http://192.168.2.19:8380/saraweb' successfully

2022-03-29 19:13:39 - [MESSAGE][PASSED] - Navigate to 'http://192.168.2.19:8380/saraweb' successfully

2022-03-29 19:13:39 - [TEST_STEP][PASSED] - a(): null

2022-03-29 19:13:39 - [TEST_STEP][PASSED] - setText(findTestObject("Login/input_USUARIO_loginusuario"), G_Usuario): Text 'saraadmin' is set on object 'Object Repository/Login/input_USUARIO_loginusuario'

2022-03-29 19:13:40 - [MESSAGE][PASSED] - Text 'saraadmin' is set on object 'Object Repository/Login/input_USUARIO_loginusuario'

2022-03-29 19:13:40 - [TEST_STEP][PASSED] - setEncryptedText(findTestObject("Login/input_CLAVE_loginpassword"), "MkG4/TYiCFC3cb2driP7+Q=="): Text ****** has been set on object 'Object Repository/Login/input_CLAVE_loginpassword'

2022-03-29 19:13:40 - [MESSAGE][PASSED] - Text ****** has been set on object 'Object Repository/Login/input_CLAVE_loginpassword'

2022-03-29 19:13:40 - [TEST_STEP][PASSED] - waitForElementClickable(findTestObject("Login/a_Ingresar"), G_TimeOut): Object 'Object Repository/Login/a_Ingresar' is clickable

2022-03-29 19:13:41 - [MESSAGE][PASSED] - Object 'Object Repository/Login/a_Ingresar' is clickable

2022-03-29 19:13:41 - [TEST_STEP][PASSED] - click(findTestObject("Login/a_Ingresar")): Object: 'Object Repository/Login/a_Ingresar' is clicked on

2022-03-29 19:13:41 - [MESSAGE][PASSED] - Object: 'Object Repository/Login/a_Ingresar' is clicked on

2022-03-29 19:13:41 - [TEST_STEP][PASSED] - element = findWebElement(findTestObject("Login/a_Ir"), 30): null

2022-03-29 19:13:42 - [TEST_STEP][PASSED] - executeJavaScript("arguments[0].click()", Arrays.asList(element)): Execute JavaScript 'arguments[0].click()' successfully

2022-03-29 19:13:42 - [MESSAGE][PASSED] - Execute JavaScript 'arguments[0].click()' successfully

2022-03-29 19:13:42 - [MESSAGE][PASSED] - Call Test Case 'Test Cases/0.1-Login' successfully

2022-03-29 19:13:42 - [TEST_STEP][PASSED] - setText(findTestObject("Modulo Auditoria/input_Empresa 1_form_templatej_idt24_input"), "Auditoria"): Text 'Auditoria' is set on object 'Object Repository/Modulo Auditoria/input_Empresa 1_form_templatej_idt24_input'

2022-03-29 19:13:43 - [MESSAGE][PASSED] - Text 'Auditoria' is set on object 'Object Repository/Modulo Auditoria/input_Empresa 1_form_templatej_idt24_input'

2022-03-29 19:13:43 - [TEST_STEP][PASSED] - click(findTestObject("Modulo Auditoria/li_Auditoria (com)")): Object: 'Object Repository/Modulo Auditoria/li_Auditoria (com)' is clicked on

2022-03-29 19:13:45 - [MESSAGE][PASSED] - Object: 'Object Repository/Modulo Auditoria/li_Auditoria (com)' is clicked on

2022-03-29 19:13:45 - [MESSAGE][PASSED] - Call Test Case 'Test Cases/Utilidades-(atajos_para _tareas)/Modulos/Modulo Auditoria' successfully

2022-03-29 19:13:45 - [TEST_STEP][PASSED] - click(findTestObject("Modulo Pruebas Auditoria/Seguimiento_a_objeto_Succeso_Borrado/a_Suceso Borrado")): Object: 'Object Repository/Modulo Pruebas Auditoria/Seguimiento_a_objeto_Succeso_Borrado/a_Suceso Borrado' is clicked on

2022-03-29 19:13:46 - [MESSAGE][PASSED] - Object: 'Object Repository/Modulo Pruebas Auditoria/Seguimiento_a_objeto_Succeso_Borrado/a_Suceso Borrado' is clicked on

2022-03-29 19:13:46 - [TEST_STEP][PASSED] - setText(findTestObject("Modulo Pruebas Auditoria/Seguimiento_a_objeto_Succeso_Borrado/input_Filtro_form_visorj_idt253j_idt257"), "saraadmin"): Text 'saraadmin' is set on object 'Object Repository/Modulo Pruebas Auditoria/Seguimiento_a_objeto_Succeso_Borrado/input_Filtro_form_visorj_idt253j_idt257'

2022-03-29 19:13:47 - [MESSAGE][PASSED] - Text 'saraadmin' is set on object 'Object Repository/Modulo Pruebas Auditoria/Seguimiento_a_objeto_Succeso_Borrado/input_Filtro_form_visorj_idt253j_idt257'

2022-03-29 19:13:47 - [TEST_STEP][PASSED] - sendKeys(findTestObject("Modulo Pruebas Auditoria/Seguimiento_a_objeto_Succeso_Borrado/input_Filtro_form_visorj_idt253j_idt257"), Keys.chord(ENTER)): Keys 'ENTER + ' sent to object: 'Object Repository/Modulo Pruebas Auditoria/Seguimiento_a_objeto_Succeso_Borrado/input_Filtro_form_visorj_idt253j_idt257'

2022-03-29 19:13:48 - [MESSAGE][PASSED] - Keys 'ENTER + ' sent to object: 'Object Repository/Modulo Pruebas Auditoria/Seguimiento_a_objeto_Succeso_Borrado/input_Filtro_form_visorj_idt253j_idt257'

2022-03-29 19:13:48 - [TEST_STEP][PASSED] - scrollToElement(findTestObject("Modulo Pruebas Auditoria/Seguimiento_a_objeto_Succeso_Borrado/td_06122021 075237"), 0): Scroll to object 'Object Repository/Modulo Pruebas Auditoria/Seguimiento_a_objeto_Succeso_Borrado/td_06122021 075237' successfully

2022-03-29 19:13:48 - [MESSAGE][WARNING] - Timeout '0' is invalid. Using default page load timeout: '45'

2022-03-29 19:13:48 - [MESSAGE][PASSED] - Scroll to object 'Object Repository/Modulo Pruebas Auditoria/Seguimiento_a_objeto_Succeso_Borrado/td_06122021 075237' successfully

2022-03-29 19:13:48 - [TEST_STEP][PASSED] - setText(findTestObject("Modulo Pruebas Auditoria/Seguimiento_a_objeto_Succeso_Borrado/input_Filtro_form_visorj_idt253j_idt257"), "weblogic"): Text 'weblogic' is set on object 'Object Repository/Modulo Pruebas Auditoria/Seguimiento_a_objeto_Succeso_Borrado/input_Filtro_form_visorj_idt253j_idt257'

2022-03-29 19:13:50 - [MESSAGE][PASSED] - Text 'weblogic' is set on object 'Object Repository/Modulo Pruebas Auditoria/Seguimiento_a_objeto_Succeso_Borrado/input_Filtro_form_visorj_idt253j_idt257'

2022-03-29 19:13:50 - [TEST_STEP][PASSED] - sendKeys(findTestObject("Modulo Pruebas Auditoria/Seguimiento_a_objeto_Succeso_Borrado/input_Filtro_form_visorj_idt253j_idt257"), Keys.chord(ENTER)): Keys 'ENTER + ' sent to object: 'Object Repository/Modulo Pruebas Auditoria/Seguimiento_a_objeto_Succeso_Borrado/input_Filtro_form_visorj_idt253j_idt257'

2022-03-29 19:13:50 - [MESSAGE][PASSED] - Keys 'ENTER + ' sent to object: 'Object Repository/Modulo Pruebas Auditoria/Seguimiento_a_objeto_Succeso_Borrado/input_Filtro_form_visorj_idt253j_idt257'

2022-03-29 19:13:50 - [TEST_STEP][PASSED] - scrollToElement(findTestObject("Modulo Pruebas Auditoria/Seguimiento_a_objeto_Succeso_Borrado/td_14012022 093405"), 0): Scroll to object 'Object Repository/Modulo Pruebas Auditoria/Seguimiento_a_objeto_Succeso_Borrado/td_14012022 093405' successfully

2022-03-29 19:13:50 - [MESSAGE][WARNING] - Timeout '0' is invalid. Using default page load timeout: '45'

2022-03-29 19:13:51 - [MESSAGE][PASSED] - Scroll to object 'Object Repository/Modulo Pruebas Auditoria/Seguimiento_a_objeto_Succeso_Borrado/td_14012022 093405' successfully]]></system-out>
         <system-err><![CDATA[]]></system-err>
      </testcase>
      <testcase name="Test Cases/1.2-Tareas_Secundarias/8.1-Pruebas_Auditoria/8.1.4-Seguimiento_a_objeto_Succeso_Acceso" time="116.891" classname="Test Cases/1.2-Tareas_Secundarias/8.1-Pruebas_Auditoria/8.1.4-Seguimiento_a_objeto_Succeso_Acceso" status="PASSED">
         <system-out><![CDATA[2022-03-29 19:13:51 - [TEST_CASE][PASSED] - Test Cases/1.2-Tareas_Secundarias/8.1-Pruebas_Auditoria/8.1.4-Seguimiento_a_objeto_Succeso_Acceso: Test Cases/1.2-Tareas_Secundarias/8.1-Pruebas_Auditoria/8.1.4-Seguimiento_a_objeto_Succeso_Acceso

2022-03-29 19:13:51 - [TEST_STEP][PASSED] - callTestCase(findTestCase("Utilidades-(atajos_para _tareas)/Modulos/Modulo Auditoria"), [:], STOP_ON_FAILURE): Call Test Case 'Test Cases/Utilidades-(atajos_para _tareas)/Modulos/Modulo Auditoria' successfully

2022-03-29 19:13:51 - [TEST_CASE][PASSED] - Test Cases/Utilidades-(atajos_para _tareas)/Modulos/Modulo Auditoria: Test Cases/Utilidades-(atajos_para _tareas)/Modulos/Modulo Auditoria

2022-03-29 19:13:51 - [TEST_STEP][PASSED] - callTestCase(findTestCase("0.1-Login"), [:], STOP_ON_FAILURE): Call Test Case 'Test Cases/0.1-Login' successfully

2022-03-29 19:13:51 - [TEST_CASE][PASSED] - Test Cases/0.1-Login: Test Cases/0.1-Login

2022-03-29 19:13:51 - [TEST_STEP][PASSED] - openBrowser(""): Browser is opened with url: ''

2022-03-29 19:13:51 - [MESSAGE][WARNING] - A browser is already opened. Closing browser and opening a new one

2022-03-29 19:13:52 - [MESSAGE][INFO] - Starting 'Chrome' driver

2022-03-29 19:13:52 - [MESSAGE][INFO] - Action delay is set to 50 milliseconds

2022-03-29 19:13:53 - [MESSAGE][PASSED] - Browser is opened with url: ''

2022-03-29 19:13:53 - [TEST_STEP][PASSED] - maximizeWindow(): Current window maximized

2022-03-29 19:13:54 - [MESSAGE][PASSED] - Current window maximized

2022-03-29 19:13:54 - [TEST_STEP][PASSED] - i = G_Login: null

2022-03-29 19:13:54 - [TEST_STEP][PASSED] - url = new java.net.URL(i): null

2022-03-29 19:13:54 - [TEST_STEP][PASSED] - println("URL: " + url.toString()): null

2022-03-29 19:13:54 - [TEST_STEP][PASSED] - connection = url.openConnection(): null

2022-03-29 19:13:54 - [TEST_STEP][PASSED] - connection.setRequestMethod("GET"): null

2022-03-29 19:13:54 - [TEST_STEP][PASSED] - connection.setReadTimeout(2 * 1000): null

2022-03-29 19:13:54 - [TEST_STEP][PASSED] - try: null

2022-03-29 19:13:54 - [TEST_STEP][PASSED] - connection.connect(): null

2022-03-29 19:13:54 - [TEST_STEP][PASSED] - flag = connected: null

2022-03-29 19:13:54 - [TEST_STEP][PASSED] - println("Valor_ori: " + flag): null

2022-03-29 19:13:54 - [TEST_STEP][PASSED] - if (flag): null

2022-03-29 19:13:54 - [TEST_STEP][PASSED] - navigateToUrl(i): Navigate to 'http://192.168.2.19:8380/saraweb' successfully

2022-03-29 19:13:54 - [MESSAGE][PASSED] - Navigate to 'http://192.168.2.19:8380/saraweb' successfully

2022-03-29 19:13:54 - [TEST_STEP][PASSED] - a(): null

2022-03-29 19:13:54 - [TEST_STEP][PASSED] - setText(findTestObject("Login/input_USUARIO_loginusuario"), G_Usuario): Text 'saraadmin' is set on object 'Object Repository/Login/input_USUARIO_loginusuario'

2022-03-29 19:13:55 - [MESSAGE][PASSED] - Text 'saraadmin' is set on object 'Object Repository/Login/input_USUARIO_loginusuario'

2022-03-29 19:13:55 - [TEST_STEP][PASSED] - setEncryptedText(findTestObject("Login/input_CLAVE_loginpassword"), "MkG4/TYiCFC3cb2driP7+Q=="): Text ****** has been set on object 'Object Repository/Login/input_CLAVE_loginpassword'

2022-03-29 19:13:56 - [MESSAGE][PASSED] - Text ****** has been set on object 'Object Repository/Login/input_CLAVE_loginpassword'

2022-03-29 19:13:56 - [TEST_STEP][PASSED] - waitForElementClickable(findTestObject("Login/a_Ingresar"), G_TimeOut): Object 'Object Repository/Login/a_Ingresar' is clickable

2022-03-29 19:13:56 - [MESSAGE][PASSED] - Object 'Object Repository/Login/a_Ingresar' is clickable

2022-03-29 19:13:56 - [TEST_STEP][PASSED] - click(findTestObject("Login/a_Ingresar")): Object: 'Object Repository/Login/a_Ingresar' is clicked on

2022-03-29 19:13:57 - [MESSAGE][PASSED] - Object: 'Object Repository/Login/a_Ingresar' is clicked on

2022-03-29 19:13:57 - [TEST_STEP][PASSED] - element = findWebElement(findTestObject("Login/a_Ir"), 30): null

2022-03-29 19:13:58 - [TEST_STEP][PASSED] - executeJavaScript("arguments[0].click()", Arrays.asList(element)): Execute JavaScript 'arguments[0].click()' successfully

2022-03-29 19:13:58 - [MESSAGE][PASSED] - Execute JavaScript 'arguments[0].click()' successfully

2022-03-29 19:13:58 - [MESSAGE][PASSED] - Call Test Case 'Test Cases/0.1-Login' successfully

2022-03-29 19:13:58 - [TEST_STEP][PASSED] - setText(findTestObject("Modulo Auditoria/input_Empresa 1_form_templatej_idt24_input"), "Auditoria"): Text 'Auditoria' is set on object 'Object Repository/Modulo Auditoria/input_Empresa 1_form_templatej_idt24_input'

2022-03-29 19:13:59 - [MESSAGE][PASSED] - Text 'Auditoria' is set on object 'Object Repository/Modulo Auditoria/input_Empresa 1_form_templatej_idt24_input'

2022-03-29 19:13:59 - [TEST_STEP][PASSED] - click(findTestObject("Modulo Auditoria/li_Auditoria (com)")): Object: 'Object Repository/Modulo Auditoria/li_Auditoria (com)' is clicked on

2022-03-29 19:14:00 - [MESSAGE][PASSED] - Object: 'Object Repository/Modulo Auditoria/li_Auditoria (com)' is clicked on

2022-03-29 19:14:00 - [MESSAGE][PASSED] - Call Test Case 'Test Cases/Utilidades-(atajos_para _tareas)/Modulos/Modulo Auditoria' successfully

2022-03-29 19:14:00 - [TEST_STEP][PASSED] - click(findTestObject("Modulo Pruebas Auditoria/Seguimiento_a_objeto_Succeso_Acceso/a_Suceso Acceso")): Object: 'Object Repository/Modulo Pruebas Auditoria/Seguimiento_a_objeto_Succeso_Acceso/a_Suceso Acceso' is clicked on

2022-03-29 19:14:01 - [MESSAGE][PASSED] - Object: 'Object Repository/Modulo Pruebas Auditoria/Seguimiento_a_objeto_Succeso_Acceso/a_Suceso Acceso' is clicked on

2022-03-29 19:14:01 - [TEST_STEP][PASSED] - setText(findTestObject("Modulo Pruebas Auditoria/Seguimiento_a_objeto_Succeso_Acceso/input_Vista Suceso Acceso Sistema_form_visorj_idt253j_idt306"), "saraadmin"): Text 'saraadmin' is set on object 'Object Repository/Modulo Pruebas Auditoria/Seguimiento_a_objeto_Succeso_Acceso/input_Vista Suceso Acceso Sistema_form_visorj_idt253j_idt306'

2022-03-29 19:14:03 - [MESSAGE][PASSED] - Text 'saraadmin' is set on object 'Object Repository/Modulo Pruebas Auditoria/Seguimiento_a_objeto_Succeso_Acceso/input_Vista Suceso Acceso Sistema_form_visorj_idt253j_idt306'

2022-03-29 19:14:03 - [TEST_STEP][PASSED] - waitForElementVisible(findTestObject("Modulo Pruebas Auditoria/Seguimiento_a_objeto_Succeso_Acceso/td_18012022 092902"), 0): Web element with id: 'Object Repository/Modulo Pruebas Auditoria/Seguimiento_a_objeto_Succeso_Acceso/td_18012022 092902' located by '//*/text()[normalize-space(.)='18/01/2022 09:29:02']/parent::*' not found

2022-03-29 19:14:04 - [MESSAGE][WARNING] - Timeout '0' is invalid. Using default page load timeout: '45'

2022-03-29 19:14:50 - [MESSAGE][INFO] - Unable to find the element located by 'By.xpath: //*/text()[normalize-space(.)='18/01/2022 09:29:02']/parent::*'. Please recheck the objects properties to make sure the desired element is located. 

2022-03-29 19:14:50 - [MESSAGE][WARNING] - Web element with id: 'Object Repository/Modulo Pruebas Auditoria/Seguimiento_a_objeto_Succeso_Acceso/td_18012022 092902' located by '//*/text()[normalize-space(.)='18/01/2022 09:29:02']/parent::*' not found

2022-03-29 19:14:50 - [TEST_STEP][PASSED] - click(findTestObject("Modulo Pruebas Auditoria/Seguimiento_a_objeto_Succeso_Acceso/div_Fecha_ui-chkbox-box ui-widget ui-corner-all ui-state-default ui-state-hover")): Object: 'Object Repository/Modulo Pruebas Auditoria/Seguimiento_a_objeto_Succeso_Acceso/div_Fecha_ui-chkbox-box ui-widget ui-corner-all ui-state-default ui-state-hover' is clicked on

2022-03-29 19:14:50 - [MESSAGE][PASSED] - Object: 'Object Repository/Modulo Pruebas Auditoria/Seguimiento_a_objeto_Succeso_Acceso/div_Fecha_ui-chkbox-box ui-widget ui-corner-all ui-state-default ui-state-hover' is clicked on

2022-03-29 19:14:50 - [TEST_STEP][PASSED] - click(findTestObject("Modulo Pruebas Auditoria/Seguimiento_a_objeto_Succeso_Acceso/img_csv")): Object: 'Object Repository/Modulo Pruebas Auditoria/Seguimiento_a_objeto_Succeso_Acceso/img_csv' is clicked on

2022-03-29 19:14:52 - [MESSAGE][PASSED] - Object: 'Object Repository/Modulo Pruebas Auditoria/Seguimiento_a_objeto_Succeso_Acceso/img_csv' is clicked on

2022-03-29 19:14:52 - [TEST_STEP][PASSED] - click(findTestObject("Modulo Pruebas Auditoria/Seguimiento_a_objeto_Succeso_Acceso/img_PDF")): Object: 'Object Repository/Modulo Pruebas Auditoria/Seguimiento_a_objeto_Succeso_Acceso/img_PDF' is clicked on

2022-03-29 19:14:54 - [MESSAGE][PASSED] - Object: 'Object Repository/Modulo Pruebas Auditoria/Seguimiento_a_objeto_Succeso_Acceso/img_PDF' is clicked on

2022-03-29 19:14:54 - [TEST_STEP][PASSED] - click(findTestObject("Modulo Pruebas Auditoria/Seguimiento_a_objeto_Succeso_Acceso/img_xls")): Object: 'Object Repository/Modulo Pruebas Auditoria/Seguimiento_a_objeto_Succeso_Acceso/img_xls' is clicked on

2022-03-29 19:14:56 - [MESSAGE][PASSED] - Object: 'Object Repository/Modulo Pruebas Auditoria/Seguimiento_a_objeto_Succeso_Acceso/img_xls' is clicked on

2022-03-29 19:14:56 - [TEST_STEP][PASSED] - setText(findTestObject("Modulo Pruebas Auditoria/Seguimiento_a_objeto_Succeso_Acceso/input_Vista Suceso Acceso Sistema_form_visorj_idt253j_idt306"), "weblogic"): Text 'weblogic' is set on object 'Object Repository/Modulo Pruebas Auditoria/Seguimiento_a_objeto_Succeso_Acceso/input_Vista Suceso Acceso Sistema_form_visorj_idt253j_idt306'

2022-03-29 19:14:58 - [MESSAGE][PASSED] - Text 'weblogic' is set on object 'Object Repository/Modulo Pruebas Auditoria/Seguimiento_a_objeto_Succeso_Acceso/input_Vista Suceso Acceso Sistema_form_visorj_idt253j_idt306'

2022-03-29 19:14:58 - [TEST_STEP][PASSED] - sendKeys(findTestObject("Modulo Pruebas Auditoria/Seguimiento_a_objeto_Succeso_Acceso/input_Vista Suceso Acceso Sistema_form_visorj_idt253j_idt306"), Keys.chord(ENTER)): Keys 'ENTER + ' sent to object: 'Object Repository/Modulo Pruebas Auditoria/Seguimiento_a_objeto_Succeso_Acceso/input_Vista Suceso Acceso Sistema_form_visorj_idt253j_idt306'

2022-03-29 19:14:58 - [MESSAGE][PASSED] - Keys 'ENTER + ' sent to object: 'Object Repository/Modulo Pruebas Auditoria/Seguimiento_a_objeto_Succeso_Acceso/input_Vista Suceso Acceso Sistema_form_visorj_idt253j_idt306'

2022-03-29 19:14:58 - [TEST_STEP][PASSED] - waitForElementVisible(findTestObject("Modulo Pruebas Auditoria/Seguimiento_a_objeto_Succeso_Acceso/td_17012022 031118"), 0): Web element with id: 'Object Repository/Modulo Pruebas Auditoria/Seguimiento_a_objeto_Succeso_Acceso/td_17012022 031118' located by '//*/text()[normalize-space(.)='17/01/2022 03:11:18']/parent::*' not found

2022-03-29 19:14:58 - [MESSAGE][WARNING] - Timeout '0' is invalid. Using default page load timeout: '45'

2022-03-29 19:15:44 - [MESSAGE][INFO] - Unable to find the element located by 'By.xpath: //*/text()[normalize-space(.)='17/01/2022 03:11:18']/parent::*'. Please recheck the objects properties to make sure the desired element is located. 

2022-03-29 19:15:44 - [MESSAGE][WARNING] - Web element with id: 'Object Repository/Modulo Pruebas Auditoria/Seguimiento_a_objeto_Succeso_Acceso/td_17012022 031118' located by '//*/text()[normalize-space(.)='17/01/2022 03:11:18']/parent::*' not found

2022-03-29 19:15:44 - [TEST_STEP][PASSED] - click(findTestObject("Modulo Pruebas Auditoria/Seguimiento_a_objeto_Succeso_Acceso/input_Vista Suceso Acceso Sistema_form_visorj_idt253j_idt306")): Object: 'Object Repository/Modulo Pruebas Auditoria/Seguimiento_a_objeto_Succeso_Acceso/input_Vista Suceso Acceso Sistema_form_visorj_idt253j_idt306' is clicked on

2022-03-29 19:15:45 - [MESSAGE][PASSED] - Object: 'Object Repository/Modulo Pruebas Auditoria/Seguimiento_a_objeto_Succeso_Acceso/input_Vista Suceso Acceso Sistema_form_visorj_idt253j_idt306' is clicked on

2022-03-29 19:15:45 - [TEST_STEP][PASSED] - click(findTestObject("Modulo Pruebas Auditoria/Seguimiento_a_objeto_Succeso_Acceso/img_csv")): Object: 'Object Repository/Modulo Pruebas Auditoria/Seguimiento_a_objeto_Succeso_Acceso/img_csv' is clicked on

2022-03-29 19:15:46 - [MESSAGE][PASSED] - Object: 'Object Repository/Modulo Pruebas Auditoria/Seguimiento_a_objeto_Succeso_Acceso/img_csv' is clicked on

2022-03-29 19:15:46 - [TEST_STEP][PASSED] - click(findTestObject("Modulo Pruebas Auditoria/Seguimiento_a_objeto_Succeso_Acceso/img_PDF")): Object: 'Object Repository/Modulo Pruebas Auditoria/Seguimiento_a_objeto_Succeso_Acceso/img_PDF' is clicked on

2022-03-29 19:15:46 - [MESSAGE][PASSED] - Object: 'Object Repository/Modulo Pruebas Auditoria/Seguimiento_a_objeto_Succeso_Acceso/img_PDF' is clicked on

2022-03-29 19:15:46 - [TEST_STEP][PASSED] - click(findTestObject("Modulo Pruebas Auditoria/Seguimiento_a_objeto_Succeso_Acceso/img_xls")): Object: 'Object Repository/Modulo Pruebas Auditoria/Seguimiento_a_objeto_Succeso_Acceso/img_xls' is clicked on

2022-03-29 19:15:47 - [MESSAGE][PASSED] - Object: 'Object Repository/Modulo Pruebas Auditoria/Seguimiento_a_objeto_Succeso_Acceso/img_xls' is clicked on

2022-03-29 19:15:47 - [TEST_STEP][PASSED] - closeBrowser(): Browser is closed

2022-03-29 19:15:48 - [MESSAGE][PASSED] - Browser is closed]]></system-out>
         <system-err><![CDATA[]]></system-err>
      </testcase>
      <testcase name="Test Cases/1.2-Tareas_Secundarias/8.1-Pruebas_Auditoria/8.1.5-Seguimiento_a_objeto_Succeso_Petición" time="25.708" classname="Test Cases/1.2-Tareas_Secundarias/8.1-Pruebas_Auditoria/8.1.5-Seguimiento_a_objeto_Succeso_Petición" status="PASSED">
         <system-out><![CDATA[2022-03-29 19:15:48 - [TEST_CASE][PASSED] - Test Cases/1.2-Tareas_Secundarias/8.1-Pruebas_Auditoria/8.1.5-Seguimiento_a_objeto_Succeso_Petición: Test Cases/1.2-Tareas_Secundarias/8.1-Pruebas_Auditoria/8.1.5-Seguimiento_a_objeto_Succeso_Petición

2022-03-29 19:15:48 - [TEST_STEP][PASSED] - callTestCase(findTestCase("Utilidades-(atajos_para _tareas)/Modulos/Modulo Auditoria"), [:], STOP_ON_FAILURE): Call Test Case 'Test Cases/Utilidades-(atajos_para _tareas)/Modulos/Modulo Auditoria' successfully

2022-03-29 19:15:48 - [TEST_CASE][PASSED] - Test Cases/Utilidades-(atajos_para _tareas)/Modulos/Modulo Auditoria: Test Cases/Utilidades-(atajos_para _tareas)/Modulos/Modulo Auditoria

2022-03-29 19:15:48 - [TEST_STEP][PASSED] - callTestCase(findTestCase("0.1-Login"), [:], STOP_ON_FAILURE): Call Test Case 'Test Cases/0.1-Login' successfully

2022-03-29 19:15:48 - [TEST_CASE][PASSED] - Test Cases/0.1-Login: Test Cases/0.1-Login

2022-03-29 19:15:48 - [TEST_STEP][PASSED] - openBrowser(""): Browser is opened with url: ''

2022-03-29 19:15:48 - [MESSAGE][INFO] - Starting 'Chrome' driver

2022-03-29 19:15:48 - [MESSAGE][INFO] - Action delay is set to 50 milliseconds

2022-03-29 19:15:49 - [MESSAGE][PASSED] - Browser is opened with url: ''

2022-03-29 19:15:49 - [TEST_STEP][PASSED] - maximizeWindow(): Current window maximized

2022-03-29 19:15:50 - [MESSAGE][PASSED] - Current window maximized

2022-03-29 19:15:50 - [TEST_STEP][PASSED] - i = G_Login: null

2022-03-29 19:15:50 - [TEST_STEP][PASSED] - url = new java.net.URL(i): null

2022-03-29 19:15:50 - [TEST_STEP][PASSED] - println("URL: " + url.toString()): null

2022-03-29 19:15:50 - [TEST_STEP][PASSED] - connection = url.openConnection(): null

2022-03-29 19:15:50 - [TEST_STEP][PASSED] - connection.setRequestMethod("GET"): null

2022-03-29 19:15:50 - [TEST_STEP][PASSED] - connection.setReadTimeout(2 * 1000): null

2022-03-29 19:15:50 - [TEST_STEP][PASSED] - try: null

2022-03-29 19:15:50 - [TEST_STEP][PASSED] - connection.connect(): null

2022-03-29 19:15:50 - [TEST_STEP][PASSED] - flag = connected: null

2022-03-29 19:15:50 - [TEST_STEP][PASSED] - println("Valor_ori: " + flag): null

2022-03-29 19:15:50 - [TEST_STEP][PASSED] - if (flag): null

2022-03-29 19:15:50 - [TEST_STEP][PASSED] - navigateToUrl(i): Navigate to 'http://192.168.2.19:8380/saraweb' successfully

2022-03-29 19:15:50 - [MESSAGE][PASSED] - Navigate to 'http://192.168.2.19:8380/saraweb' successfully

2022-03-29 19:15:50 - [TEST_STEP][PASSED] - a(): null

2022-03-29 19:15:50 - [TEST_STEP][PASSED] - setText(findTestObject("Login/input_USUARIO_loginusuario"), G_Usuario): Text 'saraadmin' is set on object 'Object Repository/Login/input_USUARIO_loginusuario'

2022-03-29 19:15:51 - [MESSAGE][PASSED] - Text 'saraadmin' is set on object 'Object Repository/Login/input_USUARIO_loginusuario'

2022-03-29 19:15:51 - [TEST_STEP][PASSED] - setEncryptedText(findTestObject("Login/input_CLAVE_loginpassword"), "MkG4/TYiCFC3cb2driP7+Q=="): Text ****** has been set on object 'Object Repository/Login/input_CLAVE_loginpassword'

2022-03-29 19:15:52 - [MESSAGE][PASSED] - Text ****** has been set on object 'Object Repository/Login/input_CLAVE_loginpassword'

2022-03-29 19:15:52 - [TEST_STEP][PASSED] - waitForElementClickable(findTestObject("Login/a_Ingresar"), G_TimeOut): Object 'Object Repository/Login/a_Ingresar' is clickable

2022-03-29 19:15:52 - [MESSAGE][PASSED] - Object 'Object Repository/Login/a_Ingresar' is clickable

2022-03-29 19:15:52 - [TEST_STEP][PASSED] - click(findTestObject("Login/a_Ingresar")): Object: 'Object Repository/Login/a_Ingresar' is clicked on

2022-03-29 19:15:53 - [MESSAGE][PASSED] - Object: 'Object Repository/Login/a_Ingresar' is clicked on

2022-03-29 19:15:53 - [TEST_STEP][PASSED] - element = findWebElement(findTestObject("Login/a_Ir"), 30): null

2022-03-29 19:15:54 - [TEST_STEP][PASSED] - executeJavaScript("arguments[0].click()", Arrays.asList(element)): Execute JavaScript 'arguments[0].click()' successfully

2022-03-29 19:15:54 - [MESSAGE][PASSED] - Execute JavaScript 'arguments[0].click()' successfully

2022-03-29 19:15:54 - [MESSAGE][PASSED] - Call Test Case 'Test Cases/0.1-Login' successfully

2022-03-29 19:15:54 - [TEST_STEP][PASSED] - setText(findTestObject("Modulo Auditoria/input_Empresa 1_form_templatej_idt24_input"), "Auditoria"): Text 'Auditoria' is set on object 'Object Repository/Modulo Auditoria/input_Empresa 1_form_templatej_idt24_input'

2022-03-29 19:15:55 - [MESSAGE][PASSED] - Text 'Auditoria' is set on object 'Object Repository/Modulo Auditoria/input_Empresa 1_form_templatej_idt24_input'

2022-03-29 19:15:55 - [TEST_STEP][PASSED] - click(findTestObject("Modulo Auditoria/li_Auditoria (com)")): Object: 'Object Repository/Modulo Auditoria/li_Auditoria (com)' is clicked on

2022-03-29 19:15:57 - [MESSAGE][PASSED] - Object: 'Object Repository/Modulo Auditoria/li_Auditoria (com)' is clicked on

2022-03-29 19:15:57 - [MESSAGE][PASSED] - Call Test Case 'Test Cases/Utilidades-(atajos_para _tareas)/Modulos/Modulo Auditoria' successfully

2022-03-29 19:15:57 - [TEST_STEP][PASSED] - click(findTestObject("Modulo Pruebas Auditoria/Seguimiento_a_objeto_Succeso_Petición/a_Suceso Peticin"), STOP_ON_FAILURE): Object: 'Object Repository/Modulo Pruebas Auditoria/Seguimiento_a_objeto_Succeso_Petición/a_Suceso Peticin' is clicked on

2022-03-29 19:15:58 - [MESSAGE][PASSED] - Object: 'Object Repository/Modulo Pruebas Auditoria/Seguimiento_a_objeto_Succeso_Petición/a_Suceso Peticin' is clicked on

2022-03-29 19:15:58 - [TEST_STEP][PASSED] - Cedula = getText(findTestObject("Modulo Pruebas Auditoria/Seguimiento_a_objeto_Succeso_Petición/td_712854829")): Text of object 'Object Repository/Modulo Pruebas Auditoria/Seguimiento_a_objeto_Succeso_Petición/td_712854829' is: '1870211182'

2022-03-29 19:16:04 - [MESSAGE][PASSED] - Text of object 'Object Repository/Modulo Pruebas Auditoria/Seguimiento_a_objeto_Succeso_Petición/td_712854829' is: '1870211182'

2022-03-29 19:16:04 - [TEST_STEP][PASSED] - setText(findTestObject("Modulo Pruebas Auditoria/Seguimiento_a_objeto_Succeso_Petición/input_Vista Suceso Acceso Peticion_form_peticionj_idt337j_idt340"), Cedula): Text '1870211182' is set on object 'Object Repository/Modulo Pruebas Auditoria/Seguimiento_a_objeto_Succeso_Petición/input_Vista Suceso Acceso Peticion_form_peticionj_idt337j_idt340'

2022-03-29 19:16:05 - [MESSAGE][PASSED] - Text '1870211182' is set on object 'Object Repository/Modulo Pruebas Auditoria/Seguimiento_a_objeto_Succeso_Petición/input_Vista Suceso Acceso Peticion_form_peticionj_idt337j_idt340'

2022-03-29 19:16:05 - [TEST_STEP][PASSED] - sendKeys(findTestObject("Modulo Pruebas Auditoria/Seguimiento_a_objeto_Succeso_Petición/input_Vista Suceso Acceso Peticion_form_peticionj_idt337j_idt340"), Keys.chord(ENTER)): Keys 'ENTER + ' sent to object: 'Object Repository/Modulo Pruebas Auditoria/Seguimiento_a_objeto_Succeso_Petición/input_Vista Suceso Acceso Peticion_form_peticionj_idt337j_idt340'

2022-03-29 19:16:06 - [MESSAGE][PASSED] - Keys 'ENTER + ' sent to object: 'Object Repository/Modulo Pruebas Auditoria/Seguimiento_a_objeto_Succeso_Petición/input_Vista Suceso Acceso Peticion_form_peticionj_idt337j_idt340'

2022-03-29 19:16:06 - [TEST_STEP][PASSED] - waitForElementVisible(findTestObject("Modulo Pruebas Auditoria/Seguimiento_a_objeto_Succeso_Petición/a_Conexin_btn-limpiar-campo"), 0): Object 'Object Repository/Modulo Pruebas Auditoria/Seguimiento_a_objeto_Succeso_Petición/a_Conexin_btn-limpiar-campo' is visible

2022-03-29 19:16:06 - [MESSAGE][WARNING] - Timeout '0' is invalid. Using default page load timeout: '45'

2022-03-29 19:16:09 - [MESSAGE][PASSED] - Object 'Object Repository/Modulo Pruebas Auditoria/Seguimiento_a_objeto_Succeso_Petición/a_Conexin_btn-limpiar-campo' is visible

2022-03-29 19:16:09 - [TEST_STEP][PASSED] - click(findTestObject("Modulo Pruebas Auditoria/Seguimiento_a_objeto_Succeso_Petición/a_Conexin_btn-limpiar-campo")): Object: 'Object Repository/Modulo Pruebas Auditoria/Seguimiento_a_objeto_Succeso_Petición/a_Conexin_btn-limpiar-campo' is clicked on

2022-03-29 19:16:11 - [MESSAGE][PASSED] - Object: 'Object Repository/Modulo Pruebas Auditoria/Seguimiento_a_objeto_Succeso_Petición/a_Conexin_btn-limpiar-campo' is clicked on

2022-03-29 19:16:11 - [TEST_STEP][PASSED] - Cedula1 = getText(findTestObject("Modulo Pruebas Auditoria/Seguimiento_a_objeto_Succeso_Petición/td_1907626860")): Text of object 'Object Repository/Modulo Pruebas Auditoria/Seguimiento_a_objeto_Succeso_Petición/td_1907626860' is: '2068978623'

2022-03-29 19:16:11 - [MESSAGE][PASSED] - Text of object 'Object Repository/Modulo Pruebas Auditoria/Seguimiento_a_objeto_Succeso_Petición/td_1907626860' is: '2068978623'

2022-03-29 19:16:11 - [TEST_STEP][PASSED] - setText(findTestObject("Modulo Pruebas Auditoria/Seguimiento_a_objeto_Succeso_Petición/input_Vista Suceso Acceso Peticion_form_peticionj_idt337j_idt340"), Cedula1): Text '2068978623' is set on object 'Object Repository/Modulo Pruebas Auditoria/Seguimiento_a_objeto_Succeso_Petición/input_Vista Suceso Acceso Peticion_form_peticionj_idt337j_idt340'

2022-03-29 19:16:12 - [MESSAGE][PASSED] - Text '2068978623' is set on object 'Object Repository/Modulo Pruebas Auditoria/Seguimiento_a_objeto_Succeso_Petición/input_Vista Suceso Acceso Peticion_form_peticionj_idt337j_idt340'

2022-03-29 19:16:12 - [TEST_STEP][PASSED] - sendKeys(findTestObject("Modulo Pruebas Auditoria/Seguimiento_a_objeto_Succeso_Petición/input_Vista Suceso Acceso Peticion_form_peticionj_idt337j_idt340"), Keys.chord(ENTER)): Keys 'ENTER + ' sent to object: 'Object Repository/Modulo Pruebas Auditoria/Seguimiento_a_objeto_Succeso_Petición/input_Vista Suceso Acceso Peticion_form_peticionj_idt337j_idt340'

2022-03-29 19:16:13 - [MESSAGE][PASSED] - Keys 'ENTER + ' sent to object: 'Object Repository/Modulo Pruebas Auditoria/Seguimiento_a_objeto_Succeso_Petición/input_Vista Suceso Acceso Peticion_form_peticionj_idt337j_idt340'

2022-03-29 19:16:13 - [TEST_STEP][PASSED] - closeBrowser(): Browser is closed

2022-03-29 19:16:13 - [MESSAGE][PASSED] - Browser is closed]]></system-out>
         <system-err><![CDATA[]]></system-err>
      </testcase>
      <testcase name="Test Cases/1.2-Tareas_Secundarias/9.1-Pruebas_Evaluaciones/9.1.1-Crear_un_periodo_de_evaluación" time="16.807" classname="Test Cases/1.2-Tareas_Secundarias/9.1-Pruebas_Evaluaciones/9.1.1-Crear_un_periodo_de_evaluación" status="PASSED">
         <system-out><![CDATA[2022-03-29 19:16:13 - [TEST_CASE][PASSED] - Test Cases/1.2-Tareas_Secundarias/9.1-Pruebas_Evaluaciones/9.1.1-Crear_un_periodo_de_evaluación: Test Cases/1.2-Tareas_Secundarias/9.1-Pruebas_Evaluaciones/9.1.1-Crear_un_periodo_de_evaluación

2022-03-29 19:16:14 - [TEST_STEP][PASSED] - callTestCase(findTestCase("0.1-Login"), [:], STOP_ON_FAILURE): Call Test Case 'Test Cases/0.1-Login' successfully

2022-03-29 19:16:14 - [TEST_CASE][PASSED] - Test Cases/0.1-Login: Test Cases/0.1-Login

2022-03-29 19:16:14 - [TEST_STEP][PASSED] - openBrowser(""): Browser is opened with url: ''

2022-03-29 19:16:14 - [MESSAGE][INFO] - Starting 'Chrome' driver

2022-03-29 19:16:14 - [MESSAGE][INFO] - Action delay is set to 50 milliseconds

2022-03-29 19:16:15 - [MESSAGE][PASSED] - Browser is opened with url: ''

2022-03-29 19:16:15 - [TEST_STEP][PASSED] - maximizeWindow(): Current window maximized

2022-03-29 19:16:15 - [MESSAGE][PASSED] - Current window maximized

2022-03-29 19:16:15 - [TEST_STEP][PASSED] - i = G_Login: null

2022-03-29 19:16:15 - [TEST_STEP][PASSED] - url = new java.net.URL(i): null

2022-03-29 19:16:15 - [TEST_STEP][PASSED] - println("URL: " + url.toString()): null

2022-03-29 19:16:15 - [TEST_STEP][PASSED] - connection = url.openConnection(): null

2022-03-29 19:16:15 - [TEST_STEP][PASSED] - connection.setRequestMethod("GET"): null

2022-03-29 19:16:15 - [TEST_STEP][PASSED] - connection.setReadTimeout(2 * 1000): null

2022-03-29 19:16:15 - [TEST_STEP][PASSED] - try: null

2022-03-29 19:16:15 - [TEST_STEP][PASSED] - connection.connect(): null

2022-03-29 19:16:15 - [TEST_STEP][PASSED] - flag = connected: null

2022-03-29 19:16:15 - [TEST_STEP][PASSED] - println("Valor_ori: " + flag): null

2022-03-29 19:16:15 - [TEST_STEP][PASSED] - if (flag): null

2022-03-29 19:16:15 - [TEST_STEP][PASSED] - navigateToUrl(i): Navigate to 'http://192.168.2.19:8380/saraweb' successfully

2022-03-29 19:16:16 - [MESSAGE][PASSED] - Navigate to 'http://192.168.2.19:8380/saraweb' successfully

2022-03-29 19:16:16 - [TEST_STEP][PASSED] - a(): null

2022-03-29 19:16:16 - [TEST_STEP][PASSED] - setText(findTestObject("Login/input_USUARIO_loginusuario"), G_Usuario): Text 'saraadmin' is set on object 'Object Repository/Login/input_USUARIO_loginusuario'

2022-03-29 19:16:17 - [MESSAGE][PASSED] - Text 'saraadmin' is set on object 'Object Repository/Login/input_USUARIO_loginusuario'

2022-03-29 19:16:17 - [TEST_STEP][PASSED] - setEncryptedText(findTestObject("Login/input_CLAVE_loginpassword"), "MkG4/TYiCFC3cb2driP7+Q=="): Text ****** has been set on object 'Object Repository/Login/input_CLAVE_loginpassword'

2022-03-29 19:16:17 - [MESSAGE][PASSED] - Text ****** has been set on object 'Object Repository/Login/input_CLAVE_loginpassword'

2022-03-29 19:16:17 - [TEST_STEP][PASSED] - waitForElementClickable(findTestObject("Login/a_Ingresar"), G_TimeOut): Object 'Object Repository/Login/a_Ingresar' is clickable

2022-03-29 19:16:18 - [MESSAGE][PASSED] - Object 'Object Repository/Login/a_Ingresar' is clickable

2022-03-29 19:16:18 - [TEST_STEP][PASSED] - click(findTestObject("Login/a_Ingresar")): Object: 'Object Repository/Login/a_Ingresar' is clicked on

2022-03-29 19:16:19 - [MESSAGE][PASSED] - Object: 'Object Repository/Login/a_Ingresar' is clicked on

2022-03-29 19:16:19 - [TEST_STEP][PASSED] - element = findWebElement(findTestObject("Login/a_Ir"), 30): null

2022-03-29 19:16:20 - [TEST_STEP][PASSED] - executeJavaScript("arguments[0].click()", Arrays.asList(element)): Execute JavaScript 'arguments[0].click()' successfully

2022-03-29 19:16:20 - [MESSAGE][PASSED] - Execute JavaScript 'arguments[0].click()' successfully

2022-03-29 19:16:20 - [MESSAGE][PASSED] - Call Test Case 'Test Cases/0.1-Login' successfully

2022-03-29 19:16:20 - [TEST_STEP][PASSED] - setText(findTestObject("Modulo Pruebas Evaluaciones/Crear_un_periodo_de_evaluación/input_Empresa 1_form_templatej_idt24_input"), "Periodo evaluaciones"): Text 'Periodo evaluaciones' is set on object 'Object Repository/Modulo Pruebas Evaluaciones/Crear_un_periodo_de_evaluación/input_Empresa 1_form_templatej_idt24_input'

2022-03-29 19:16:21 - [MESSAGE][PASSED] - Text 'Periodo evaluaciones' is set on object 'Object Repository/Modulo Pruebas Evaluaciones/Crear_un_periodo_de_evaluación/input_Empresa 1_form_templatej_idt24_input'

2022-03-29 19:16:21 - [TEST_STEP][PASSED] - click(findTestObject("Modulo Pruebas Evaluaciones/Crear_un_periodo_de_evaluación/span_Periodo Evaluaciones")): Object: 'Object Repository/Modulo Pruebas Evaluaciones/Crear_un_periodo_de_evaluación/span_Periodo Evaluaciones' is clicked on

2022-03-29 19:16:22 - [MESSAGE][PASSED] - Object: 'Object Repository/Modulo Pruebas Evaluaciones/Crear_un_periodo_de_evaluación/span_Periodo Evaluaciones' is clicked on

2022-03-29 19:16:22 - [TEST_STEP][PASSED] - click(findTestObject("Modulo Pruebas Evaluaciones/Crear_un_periodo_de_evaluación/td_Pruebas katalon")): Object: 'Object Repository/Modulo Pruebas Evaluaciones/Crear_un_periodo_de_evaluación/td_Pruebas katalon' is clicked on

2022-03-29 19:16:23 - [MESSAGE][PASSED] - Object: 'Object Repository/Modulo Pruebas Evaluaciones/Crear_un_periodo_de_evaluación/td_Pruebas katalon' is clicked on

2022-03-29 19:16:23 - [TEST_STEP][PASSED] - if (waitForElementPresent(findTestObject("Modulo Pruebas Evaluaciones/Crear_un_periodo_de_evaluación/span_PRUEBAS K"), 1)): null

2022-03-29 19:16:24 - [MESSAGE][PASSED] - Object 'Object Repository/Modulo Pruebas Evaluaciones/Crear_un_periodo_de_evaluación/span_PRUEBAS K' is present

2022-03-29 19:16:24 - [TEST_STEP][PASSED] - click(findTestObject("Modulo Pruebas Evaluaciones/Crear_un_periodo_de_evaluación/span_PRUEBAS K")): Object: 'Object Repository/Modulo Pruebas Evaluaciones/Crear_un_periodo_de_evaluación/span_PRUEBAS K' is clicked on

2022-03-29 19:16:25 - [MESSAGE][PASSED] - Object: 'Object Repository/Modulo Pruebas Evaluaciones/Crear_un_periodo_de_evaluación/span_PRUEBAS K' is clicked on

2022-03-29 19:16:25 - [TEST_STEP][PASSED] - click(findTestObject("Modulo Pruebas Evaluaciones/Crear_un_periodo_de_evaluación/a_Eliminar")): Object: 'Object Repository/Modulo Pruebas Evaluaciones/Crear_un_periodo_de_evaluación/a_Eliminar' is clicked on

2022-03-29 19:16:26 - [MESSAGE][PASSED] - Object: 'Object Repository/Modulo Pruebas Evaluaciones/Crear_un_periodo_de_evaluación/a_Eliminar' is clicked on

2022-03-29 19:16:26 - [TEST_STEP][PASSED] - click(findTestObject("Modulo Pruebas Evaluaciones/Crear_un_periodo_de_evaluación/a_Aceptar")): Object: 'Object Repository/Modulo Pruebas Evaluaciones/Crear_un_periodo_de_evaluación/a_Aceptar' is clicked on

2022-03-29 19:16:26 - [MESSAGE][PASSED] - Object: 'Object Repository/Modulo Pruebas Evaluaciones/Crear_un_periodo_de_evaluación/a_Aceptar' is clicked on

2022-03-29 19:16:26 - [TEST_STEP][PASSED] - click(findTestObject("Modulo Pruebas Evaluaciones/Crear_un_periodo_de_evaluación/a_Nuevo")): Object: 'Object Repository/Modulo Pruebas Evaluaciones/Crear_un_periodo_de_evaluación/a_Nuevo' is clicked on

2022-03-29 19:16:27 - [MESSAGE][PASSED] - Object: 'Object Repository/Modulo Pruebas Evaluaciones/Crear_un_periodo_de_evaluación/a_Nuevo' is clicked on

2022-03-29 19:16:27 - [TEST_STEP][PASSED] - setText(findTestObject("Modulo Pruebas Evaluaciones/Crear_un_periodo_de_evaluación/input_Descripcin_form_popupperiodoevaluaciondescripcion"), "PRUEBAS K"): Text 'PRUEBAS K' is set on object 'Object Repository/Modulo Pruebas Evaluaciones/Crear_un_periodo_de_evaluación/input_Descripcin_form_popupperiodoevaluaciondescripcion'

2022-03-29 19:16:29 - [MESSAGE][PASSED] - Text 'PRUEBAS K' is set on object 'Object Repository/Modulo Pruebas Evaluaciones/Crear_un_periodo_de_evaluación/input_Descripcin_form_popupperiodoevaluaciondescripcion'

2022-03-29 19:16:29 - [TEST_STEP][PASSED] - selectOptionByIndex(findTestObject("Modulo Pruebas Evaluaciones/Crear_un_periodo_de_evaluación/select_Periodo fijo, control de fechaPeriodo fijo de tiempoNo hay un rango definido"), 2): All options with index in [2] are selected on object 'Object Repository/Modulo Pruebas Evaluaciones/Crear_un_periodo_de_evaluación/select_Periodo fijo, control de fechaPeriodo fijo de tiempoNo hay un rango definido'

2022-03-29 19:16:30 - [MESSAGE][PASSED] - All options with index in [2] are selected on object 'Object Repository/Modulo Pruebas Evaluaciones/Crear_un_periodo_de_evaluación/select_Periodo fijo, control de fechaPeriodo fijo de tiempoNo hay un rango definido'

2022-03-29 19:16:30 - [TEST_STEP][PASSED] - click(findTestObject("Modulo Pruebas Evaluaciones/Crear_un_periodo_de_evaluación/a_Guardar")): Object: 'Object Repository/Modulo Pruebas Evaluaciones/Crear_un_periodo_de_evaluación/a_Guardar' is clicked on

2022-03-29 19:16:30 - [MESSAGE][PASSED] - Object: 'Object Repository/Modulo Pruebas Evaluaciones/Crear_un_periodo_de_evaluación/a_Guardar' is clicked on]]></system-out>
         <system-err><![CDATA[]]></system-err>
      </testcase>
      <testcase name="Test Cases/1.2-Tareas_Secundarias/9.1-Pruebas_Evaluaciones/9.1.2-Crear_una_Fase" time="31.713" classname="Test Cases/1.2-Tareas_Secundarias/9.1-Pruebas_Evaluaciones/9.1.2-Crear_una_Fase" status="PASSED">
         <system-out><![CDATA[2022-03-29 19:16:30 - [TEST_CASE][PASSED] - Test Cases/1.2-Tareas_Secundarias/9.1-Pruebas_Evaluaciones/9.1.2-Crear_una_Fase: Test Cases/1.2-Tareas_Secundarias/9.1-Pruebas_Evaluaciones/9.1.2-Crear_una_Fase

2022-03-29 19:16:31 - [TEST_STEP][PASSED] - callTestCase(findTestCase("0.1-Login"), [:], STOP_ON_FAILURE): Call Test Case 'Test Cases/0.1-Login' successfully

2022-03-29 19:16:31 - [TEST_CASE][PASSED] - Test Cases/0.1-Login: Test Cases/0.1-Login

2022-03-29 19:16:31 - [TEST_STEP][PASSED] - openBrowser(""): Browser is opened with url: ''

2022-03-29 19:16:31 - [MESSAGE][WARNING] - A browser is already opened. Closing browser and opening a new one

2022-03-29 19:16:31 - [MESSAGE][INFO] - Starting 'Chrome' driver

2022-03-29 19:16:31 - [MESSAGE][INFO] - Action delay is set to 50 milliseconds

2022-03-29 19:16:33 - [MESSAGE][PASSED] - Browser is opened with url: ''

2022-03-29 19:16:33 - [TEST_STEP][PASSED] - maximizeWindow(): Current window maximized

2022-03-29 19:16:33 - [MESSAGE][PASSED] - Current window maximized

2022-03-29 19:16:33 - [TEST_STEP][PASSED] - i = G_Login: null

2022-03-29 19:16:33 - [TEST_STEP][PASSED] - url = new java.net.URL(i): null

2022-03-29 19:16:33 - [TEST_STEP][PASSED] - println("URL: " + url.toString()): null

2022-03-29 19:16:33 - [TEST_STEP][PASSED] - connection = url.openConnection(): null

2022-03-29 19:16:33 - [TEST_STEP][PASSED] - connection.setRequestMethod("GET"): null

2022-03-29 19:16:33 - [TEST_STEP][PASSED] - connection.setReadTimeout(2 * 1000): null

2022-03-29 19:16:33 - [TEST_STEP][PASSED] - try: null

2022-03-29 19:16:33 - [TEST_STEP][PASSED] - connection.connect(): null

2022-03-29 19:16:33 - [TEST_STEP][PASSED] - flag = connected: null

2022-03-29 19:16:33 - [TEST_STEP][PASSED] - println("Valor_ori: " + flag): null

2022-03-29 19:16:33 - [TEST_STEP][PASSED] - if (flag): null

2022-03-29 19:16:33 - [TEST_STEP][PASSED] - navigateToUrl(i): Navigate to 'http://192.168.2.19:8380/saraweb' successfully

2022-03-29 19:16:33 - [MESSAGE][PASSED] - Navigate to 'http://192.168.2.19:8380/saraweb' successfully

2022-03-29 19:16:33 - [TEST_STEP][PASSED] - a(): null

2022-03-29 19:16:33 - [TEST_STEP][PASSED] - setText(findTestObject("Login/input_USUARIO_loginusuario"), G_Usuario): Text 'saraadmin' is set on object 'Object Repository/Login/input_USUARIO_loginusuario'

2022-03-29 19:16:34 - [MESSAGE][PASSED] - Text 'saraadmin' is set on object 'Object Repository/Login/input_USUARIO_loginusuario'

2022-03-29 19:16:34 - [TEST_STEP][PASSED] - setEncryptedText(findTestObject("Login/input_CLAVE_loginpassword"), "MkG4/TYiCFC3cb2driP7+Q=="): Text ****** has been set on object 'Object Repository/Login/input_CLAVE_loginpassword'

2022-03-29 19:16:35 - [MESSAGE][PASSED] - Text ****** has been set on object 'Object Repository/Login/input_CLAVE_loginpassword'

2022-03-29 19:16:35 - [TEST_STEP][PASSED] - waitForElementClickable(findTestObject("Login/a_Ingresar"), G_TimeOut): Object 'Object Repository/Login/a_Ingresar' is clickable

2022-03-29 19:16:35 - [MESSAGE][PASSED] - Object 'Object Repository/Login/a_Ingresar' is clickable

2022-03-29 19:16:35 - [TEST_STEP][PASSED] - click(findTestObject("Login/a_Ingresar")): Object: 'Object Repository/Login/a_Ingresar' is clicked on

2022-03-29 19:16:37 - [MESSAGE][PASSED] - Object: 'Object Repository/Login/a_Ingresar' is clicked on

2022-03-29 19:16:37 - [TEST_STEP][PASSED] - element = findWebElement(findTestObject("Login/a_Ir"), 30): null

2022-03-29 19:16:37 - [TEST_STEP][PASSED] - executeJavaScript("arguments[0].click()", Arrays.asList(element)): Execute JavaScript 'arguments[0].click()' successfully

2022-03-29 19:16:37 - [MESSAGE][PASSED] - Execute JavaScript 'arguments[0].click()' successfully

2022-03-29 19:16:37 - [MESSAGE][PASSED] - Call Test Case 'Test Cases/0.1-Login' successfully

2022-03-29 19:16:37 - [TEST_STEP][PASSED] - setText(findTestObject("Modulo Pruebas Evaluaciones/Crear_una_Fase/input_Empresa 1_form_templatej_idt24_input"), "gestion herramientas"): Text 'gestion herramientas' is set on object 'Object Repository/Modulo Pruebas Evaluaciones/Crear_una_Fase/input_Empresa 1_form_templatej_idt24_input'

2022-03-29 19:16:38 - [MESSAGE][PASSED] - Text 'gestion herramientas' is set on object 'Object Repository/Modulo Pruebas Evaluaciones/Crear_una_Fase/input_Empresa 1_form_templatej_idt24_input'

2022-03-29 19:16:38 - [TEST_STEP][PASSED] - click(findTestObject("Modulo Pruebas Evaluaciones/Crear_una_Fase/li_Gestion Herramientas (tal)")): Object: 'Object Repository/Modulo Pruebas Evaluaciones/Crear_una_Fase/li_Gestion Herramientas (tal)' is clicked on

2022-03-29 19:16:40 - [MESSAGE][PASSED] - Object: 'Object Repository/Modulo Pruebas Evaluaciones/Crear_una_Fase/li_Gestion Herramientas (tal)' is clicked on

2022-03-29 19:16:40 - [TEST_STEP][PASSED] - if (waitForElementNotVisible(findTestObject("Modulo Pruebas Evaluaciones/Crear_una_Fase/td_Pruebas katalon"), 1)): Object 'Object Repository/Modulo Pruebas Evaluaciones/Crear_una_Fase/td_Pruebas katalon' is visible after 1 second(s)

2022-03-29 19:16:42 - [MESSAGE][WARNING] - Object 'Object Repository/Modulo Pruebas Evaluaciones/Crear_una_Fase/td_Pruebas katalon' is visible after 1 second(s)

2022-03-29 19:16:42 - [TEST_STEP][PASSED] - else: Browser is closed

2022-03-29 19:16:42 - [TEST_STEP][PASSED] - click(findTestObject("Modulo Pruebas Evaluaciones/Crear_una_Fase/td_Pruebas katalon")): Object: 'Object Repository/Modulo Pruebas Evaluaciones/Crear_una_Fase/td_Pruebas katalon' is clicked on

2022-03-29 19:16:42 - [MESSAGE][PASSED] - Object: 'Object Repository/Modulo Pruebas Evaluaciones/Crear_una_Fase/td_Pruebas katalon' is clicked on

2022-03-29 19:16:42 - [TEST_STEP][PASSED] - click(findTestObject("Modulo Pruebas Evaluaciones/Crear_una_Fase/a_Tipo Evaluador")): Object: 'Object Repository/Modulo Pruebas Evaluaciones/Crear_una_Fase/a_Tipo Evaluador' is clicked on

2022-03-29 19:16:44 - [MESSAGE][PASSED] - Object: 'Object Repository/Modulo Pruebas Evaluaciones/Crear_una_Fase/a_Tipo Evaluador' is clicked on

2022-03-29 19:16:44 - [TEST_STEP][PASSED] - if (waitForElementVisible(findTestObject("Modulo Pruebas Evaluaciones/Crear_una_Fase/td_pr.katalon"), 1)): null

2022-03-29 19:16:45 - [MESSAGE][PASSED] - Object 'Object Repository/Modulo Pruebas Evaluaciones/Crear_una_Fase/td_pr.katalon' is visible

2022-03-29 19:16:45 - [TEST_STEP][PASSED] - click(findTestObject("Modulo Pruebas Evaluaciones/Crear_una_Fase/td_pr.katalon")): Object: 'Object Repository/Modulo Pruebas Evaluaciones/Crear_una_Fase/td_pr.katalon' is clicked on

2022-03-29 19:16:45 - [MESSAGE][PASSED] - Object: 'Object Repository/Modulo Pruebas Evaluaciones/Crear_una_Fase/td_pr.katalon' is clicked on

2022-03-29 19:16:45 - [TEST_STEP][PASSED] - click(findTestObject("Modulo Pruebas Evaluaciones/Crear_una_Fase/a_Eliminar_Tipo evaluador")): Object: 'Object Repository/Modulo Pruebas Evaluaciones/Crear_una_Fase/a_Eliminar_Tipo evaluador' is clicked on

2022-03-29 19:16:46 - [MESSAGE][PASSED] - Object: 'Object Repository/Modulo Pruebas Evaluaciones/Crear_una_Fase/a_Eliminar_Tipo evaluador' is clicked on

2022-03-29 19:16:46 - [TEST_STEP][PASSED] - click(findTestObject("Modulo Pruebas Evaluaciones/Crear_una_Fase/a_Aceptar_Tipo evaluador")): Object: 'Object Repository/Modulo Pruebas Evaluaciones/Crear_una_Fase/a_Aceptar_Tipo evaluador' is clicked on

2022-03-29 19:16:47 - [MESSAGE][PASSED] - Object: 'Object Repository/Modulo Pruebas Evaluaciones/Crear_una_Fase/a_Aceptar_Tipo evaluador' is clicked on

2022-03-29 19:16:47 - [TEST_STEP][PASSED] - click(findTestObject("Modulo Pruebas Evaluaciones/Crear_una_Fase/a_Fase Evaluacin")): Object: 'Object Repository/Modulo Pruebas Evaluaciones/Crear_una_Fase/a_Fase Evaluacin' is clicked on

2022-03-29 19:16:48 - [MESSAGE][PASSED] - Object: 'Object Repository/Modulo Pruebas Evaluaciones/Crear_una_Fase/a_Fase Evaluacin' is clicked on

2022-03-29 19:16:48 - [TEST_STEP][PASSED] - if (waitForElementVisible(findTestObject("Modulo Pruebas Evaluaciones/Crear_una_Fase/td_PRUEBAS K"), 1)): null

2022-03-29 19:16:49 - [MESSAGE][PASSED] - Object 'Object Repository/Modulo Pruebas Evaluaciones/Crear_una_Fase/td_PRUEBAS K' is visible

2022-03-29 19:16:49 - [TEST_STEP][PASSED] - click(findTestObject("Modulo Pruebas Evaluaciones/Crear_una_Fase/td_PRUEBAS K")): Object: 'Object Repository/Modulo Pruebas Evaluaciones/Crear_una_Fase/td_PRUEBAS K' is clicked on

2022-03-29 19:16:49 - [MESSAGE][PASSED] - Object: 'Object Repository/Modulo Pruebas Evaluaciones/Crear_una_Fase/td_PRUEBAS K' is clicked on

2022-03-29 19:16:49 - [TEST_STEP][PASSED] - click(findTestObject("Modulo Pruebas Evaluaciones/Crear_una_Fase/a_Etapa")): Object: 'Object Repository/Modulo Pruebas Evaluaciones/Crear_una_Fase/a_Etapa' is clicked on

2022-03-29 19:16:50 - [MESSAGE][PASSED] - Object: 'Object Repository/Modulo Pruebas Evaluaciones/Crear_una_Fase/a_Etapa' is clicked on

2022-03-29 19:16:50 - [TEST_STEP][PASSED] - if (waitForElementVisible(findTestObject("Modulo Pruebas Evaluaciones/Crear_una_Fase/span_Pruebas Ka_Etapa"), 1)): null

2022-03-29 19:16:51 - [MESSAGE][PASSED] - Object 'Object Repository/Modulo Pruebas Evaluaciones/Crear_una_Fase/span_Pruebas Ka_Etapa' is visible

2022-03-29 19:16:51 - [TEST_STEP][PASSED] - click(findTestObject("Modulo Pruebas Evaluaciones/Crear_una_Fase/span_Pruebas Ka_Etapa")): Object: 'Object Repository/Modulo Pruebas Evaluaciones/Crear_una_Fase/span_Pruebas Ka_Etapa' is clicked on

2022-03-29 19:16:51 - [MESSAGE][PASSED] - Object: 'Object Repository/Modulo Pruebas Evaluaciones/Crear_una_Fase/span_Pruebas Ka_Etapa' is clicked on

2022-03-29 19:16:51 - [TEST_STEP][PASSED] - click(findTestObject("Modulo Pruebas Evaluaciones/Crear_una_Fase/a_Eliminar_Etapa")): Object: 'Object Repository/Modulo Pruebas Evaluaciones/Crear_una_Fase/a_Eliminar_Etapa' is clicked on

2022-03-29 19:16:52 - [MESSAGE][PASSED] - Object: 'Object Repository/Modulo Pruebas Evaluaciones/Crear_una_Fase/a_Eliminar_Etapa' is clicked on

2022-03-29 19:16:52 - [TEST_STEP][PASSED] - click(findTestObject("Modulo Pruebas Evaluaciones/Crear_una_Fase/span_Si_Etapa")): Object: 'Object Repository/Modulo Pruebas Evaluaciones/Crear_una_Fase/span_Si_Etapa' is clicked on

2022-03-29 19:16:53 - [MESSAGE][PASSED] - Object: 'Object Repository/Modulo Pruebas Evaluaciones/Crear_una_Fase/span_Si_Etapa' is clicked on

2022-03-29 19:16:53 - [TEST_STEP][PASSED] - click(findTestObject("Modulo Pruebas Evaluaciones/Crear_una_Fase/a_Detalle")): Object: 'Object Repository/Modulo Pruebas Evaluaciones/Crear_una_Fase/a_Detalle' is clicked on

2022-03-29 19:16:54 - [MESSAGE][PASSED] - Object: 'Object Repository/Modulo Pruebas Evaluaciones/Crear_una_Fase/a_Detalle' is clicked on

2022-03-29 19:16:54 - [TEST_STEP][PASSED] - click(findTestObject("Modulo Pruebas Evaluaciones/Crear_una_Fase/a_Eliminar")): Object: 'Object Repository/Modulo Pruebas Evaluaciones/Crear_una_Fase/a_Eliminar' is clicked on

2022-03-29 19:16:55 - [MESSAGE][PASSED] - Object: 'Object Repository/Modulo Pruebas Evaluaciones/Crear_una_Fase/a_Eliminar' is clicked on

2022-03-29 19:16:55 - [TEST_STEP][PASSED] - click(findTestObject("Modulo Pruebas Evaluaciones/Crear_una_Fase/a_Aceptar")): Object: 'Object Repository/Modulo Pruebas Evaluaciones/Crear_una_Fase/a_Aceptar' is clicked on

2022-03-29 19:16:56 - [MESSAGE][PASSED] - Object: 'Object Repository/Modulo Pruebas Evaluaciones/Crear_una_Fase/a_Aceptar' is clicked on

2022-03-29 19:16:56 - [TEST_STEP][PASSED] - click(findTestObject("Modulo Pruebas Evaluaciones/Crear_una_Fase/a_Nuevo1")): Object: 'Object Repository/Modulo Pruebas Evaluaciones/Crear_una_Fase/a_Nuevo1' is clicked on

2022-03-29 19:16:56 - [MESSAGE][PASSED] - Object: 'Object Repository/Modulo Pruebas Evaluaciones/Crear_una_Fase/a_Nuevo1' is clicked on

2022-03-29 19:16:56 - [TEST_STEP][PASSED] - setText(findTestObject("Modulo Pruebas Evaluaciones/Crear_una_Fase/input_Cdigo_formGestionHerramientaspanelTabFasecodigo"), "5"): Text '5' is set on object 'Object Repository/Modulo Pruebas Evaluaciones/Crear_una_Fase/input_Cdigo_formGestionHerramientaspanelTabFasecodigo'

2022-03-29 19:16:58 - [MESSAGE][PASSED] - Text '5' is set on object 'Object Repository/Modulo Pruebas Evaluaciones/Crear_una_Fase/input_Cdigo_formGestionHerramientaspanelTabFasecodigo'

2022-03-29 19:16:58 - [TEST_STEP][PASSED] - setText(findTestObject("Modulo Pruebas Evaluaciones/Crear_una_Fase/input_Descripcin_formGestionHerramientaspanelTabFasedescripcion"), "PRUEBAS K"): Text 'PRUEBAS K' is set on object 'Object Repository/Modulo Pruebas Evaluaciones/Crear_una_Fase/input_Descripcin_formGestionHerramientaspanelTabFasedescripcion'

2022-03-29 19:16:59 - [MESSAGE][PASSED] - Text 'PRUEBAS K' is set on object 'Object Repository/Modulo Pruebas Evaluaciones/Crear_una_Fase/input_Descripcin_formGestionHerramientaspanelTabFasedescripcion'

2022-03-29 19:16:59 - [TEST_STEP][PASSED] - setText(findTestObject("Modulo Pruebas Evaluaciones/Crear_una_Fase/input_Orden_formGestionHerramientaspanelTabFaseorden"), "5"): Text '5' is set on object 'Object Repository/Modulo Pruebas Evaluaciones/Crear_una_Fase/input_Orden_formGestionHerramientaspanelTabFaseorden'

2022-03-29 19:17:00 - [MESSAGE][PASSED] - Text '5' is set on object 'Object Repository/Modulo Pruebas Evaluaciones/Crear_una_Fase/input_Orden_formGestionHerramientaspanelTabFaseorden'

2022-03-29 19:17:00 - [TEST_STEP][PASSED] - setText(findTestObject("Modulo Pruebas Evaluaciones/Crear_una_Fase/input_Nmero Seguimiento_formGestionHerramientaspanelTabFaseseguimiento"), "5"): Text '5' is set on object 'Object Repository/Modulo Pruebas Evaluaciones/Crear_una_Fase/input_Nmero Seguimiento_formGestionHerramientaspanelTabFaseseguimiento'

2022-03-29 19:17:01 - [MESSAGE][PASSED] - Text '5' is set on object 'Object Repository/Modulo Pruebas Evaluaciones/Crear_una_Fase/input_Nmero Seguimiento_formGestionHerramientaspanelTabFaseseguimiento'

2022-03-29 19:17:01 - [TEST_STEP][PASSED] - click(findTestObject("Modulo Pruebas Evaluaciones/Crear_una_Fase/a_Guardar1")): Object: 'Object Repository/Modulo Pruebas Evaluaciones/Crear_una_Fase/a_Guardar1' is clicked on

2022-03-29 19:17:01 - [MESSAGE][PASSED] - Object: 'Object Repository/Modulo Pruebas Evaluaciones/Crear_una_Fase/a_Guardar1' is clicked on

2022-03-29 19:17:01 - [TEST_STEP][PASSED] - closeBrowser(): Browser is closed

2022-03-29 19:17:02 - [MESSAGE][PASSED] - Browser is closed]]></system-out>
         <system-err><![CDATA[]]></system-err>
      </testcase>
      <testcase name="Test Cases/1.2-Tareas_Secundarias/9.1-Pruebas_Evaluaciones/9.1.3-Crear_una_Etapa" time="22.332" classname="Test Cases/1.2-Tareas_Secundarias/9.1-Pruebas_Evaluaciones/9.1.3-Crear_una_Etapa" status="PASSED">
         <system-out><![CDATA[2022-03-29 19:17:02 - [TEST_CASE][PASSED] - Test Cases/1.2-Tareas_Secundarias/9.1-Pruebas_Evaluaciones/9.1.3-Crear_una_Etapa: Test Cases/1.2-Tareas_Secundarias/9.1-Pruebas_Evaluaciones/9.1.3-Crear_una_Etapa

2022-03-29 19:17:02 - [TEST_STEP][PASSED] - callTestCase(findTestCase("0.1-Login"), [:], STOP_ON_FAILURE): Call Test Case 'Test Cases/0.1-Login' successfully

2022-03-29 19:17:02 - [TEST_CASE][PASSED] - Test Cases/0.1-Login: Test Cases/0.1-Login

2022-03-29 19:17:02 - [TEST_STEP][PASSED] - openBrowser(""): Browser is opened with url: ''

2022-03-29 19:17:02 - [MESSAGE][INFO] - Starting 'Chrome' driver

2022-03-29 19:17:02 - [MESSAGE][INFO] - Action delay is set to 50 milliseconds

2022-03-29 19:17:04 - [MESSAGE][PASSED] - Browser is opened with url: ''

2022-03-29 19:17:04 - [TEST_STEP][PASSED] - maximizeWindow(): Current window maximized

2022-03-29 19:17:04 - [MESSAGE][PASSED] - Current window maximized

2022-03-29 19:17:04 - [TEST_STEP][PASSED] - i = G_Login: null

2022-03-29 19:17:04 - [TEST_STEP][PASSED] - url = new java.net.URL(i): null

2022-03-29 19:17:04 - [TEST_STEP][PASSED] - println("URL: " + url.toString()): null

2022-03-29 19:17:04 - [TEST_STEP][PASSED] - connection = url.openConnection(): null

2022-03-29 19:17:04 - [TEST_STEP][PASSED] - connection.setRequestMethod("GET"): null

2022-03-29 19:17:04 - [TEST_STEP][PASSED] - connection.setReadTimeout(2 * 1000): null

2022-03-29 19:17:04 - [TEST_STEP][PASSED] - try: null

2022-03-29 19:17:04 - [TEST_STEP][PASSED] - connection.connect(): null

2022-03-29 19:17:04 - [TEST_STEP][PASSED] - flag = connected: null

2022-03-29 19:17:04 - [TEST_STEP][PASSED] - println("Valor_ori: " + flag): null

2022-03-29 19:17:04 - [TEST_STEP][PASSED] - if (flag): null

2022-03-29 19:17:04 - [TEST_STEP][PASSED] - navigateToUrl(i): Navigate to 'http://192.168.2.19:8380/saraweb' successfully

2022-03-29 19:17:04 - [MESSAGE][PASSED] - Navigate to 'http://192.168.2.19:8380/saraweb' successfully

2022-03-29 19:17:04 - [TEST_STEP][PASSED] - a(): null

2022-03-29 19:17:04 - [TEST_STEP][PASSED] - setText(findTestObject("Login/input_USUARIO_loginusuario"), G_Usuario): Text 'saraadmin' is set on object 'Object Repository/Login/input_USUARIO_loginusuario'

2022-03-29 19:17:06 - [MESSAGE][PASSED] - Text 'saraadmin' is set on object 'Object Repository/Login/input_USUARIO_loginusuario'

2022-03-29 19:17:06 - [TEST_STEP][PASSED] - setEncryptedText(findTestObject("Login/input_CLAVE_loginpassword"), "MkG4/TYiCFC3cb2driP7+Q=="): Text ****** has been set on object 'Object Repository/Login/input_CLAVE_loginpassword'

2022-03-29 19:17:06 - [MESSAGE][PASSED] - Text ****** has been set on object 'Object Repository/Login/input_CLAVE_loginpassword'

2022-03-29 19:17:06 - [TEST_STEP][PASSED] - waitForElementClickable(findTestObject("Login/a_Ingresar"), G_TimeOut): Object 'Object Repository/Login/a_Ingresar' is clickable

2022-03-29 19:17:07 - [MESSAGE][PASSED] - Object 'Object Repository/Login/a_Ingresar' is clickable

2022-03-29 19:17:07 - [TEST_STEP][PASSED] - click(findTestObject("Login/a_Ingresar")): Object: 'Object Repository/Login/a_Ingresar' is clicked on

2022-03-29 19:17:08 - [MESSAGE][PASSED] - Object: 'Object Repository/Login/a_Ingresar' is clicked on

2022-03-29 19:17:08 - [TEST_STEP][PASSED] - element = findWebElement(findTestObject("Login/a_Ir"), 30): null

2022-03-29 19:17:08 - [TEST_STEP][PASSED] - executeJavaScript("arguments[0].click()", Arrays.asList(element)): Execute JavaScript 'arguments[0].click()' successfully

2022-03-29 19:17:08 - [MESSAGE][PASSED] - Execute JavaScript 'arguments[0].click()' successfully

2022-03-29 19:17:08 - [MESSAGE][PASSED] - Call Test Case 'Test Cases/0.1-Login' successfully

2022-03-29 19:17:08 - [TEST_STEP][PASSED] - setText(findTestObject("Modulo Pruebas Evaluaciones/Crear_una_Etapa/input_Empresa 1_form_templatej_idt24_input"), "gestion herramientas"): Text 'gestion herramientas' is set on object 'Object Repository/Modulo Pruebas Evaluaciones/Crear_una_Etapa/input_Empresa 1_form_templatej_idt24_input'

2022-03-29 19:17:10 - [MESSAGE][PASSED] - Text 'gestion herramientas' is set on object 'Object Repository/Modulo Pruebas Evaluaciones/Crear_una_Etapa/input_Empresa 1_form_templatej_idt24_input'

2022-03-29 19:17:10 - [TEST_STEP][PASSED] - click(findTestObject("Modulo Pruebas Evaluaciones/Crear_una_Etapa/span_Gestion Herramientas")): Object: 'Object Repository/Modulo Pruebas Evaluaciones/Crear_una_Etapa/span_Gestion Herramientas' is clicked on

2022-03-29 19:17:11 - [MESSAGE][PASSED] - Object: 'Object Repository/Modulo Pruebas Evaluaciones/Crear_una_Etapa/span_Gestion Herramientas' is clicked on

2022-03-29 19:17:11 - [TEST_STEP][PASSED] - if (waitForElementVisible(findTestObject("Modulo Pruebas Evaluaciones/Crear_una_Etapa/td_Pruebas katalon"), 1)): null

2022-03-29 19:17:12 - [MESSAGE][PASSED] - Object 'Object Repository/Modulo Pruebas Evaluaciones/Crear_una_Etapa/td_Pruebas katalon' is visible

2022-03-29 19:17:12 - [TEST_STEP][PASSED] - click(findTestObject("Modulo Pruebas Evaluaciones/Crear_una_Etapa/td_Pruebas katalon")): Object: 'Object Repository/Modulo Pruebas Evaluaciones/Crear_una_Etapa/td_Pruebas katalon' is clicked on

2022-03-29 19:17:13 - [MESSAGE][PASSED] - Object: 'Object Repository/Modulo Pruebas Evaluaciones/Crear_una_Etapa/td_Pruebas katalon' is clicked on

2022-03-29 19:17:13 - [TEST_STEP][PASSED] - click(findTestObject("Modulo Pruebas Evaluaciones/Crear_una_Etapa/a_Fase Evaluacin")): Object: 'Object Repository/Modulo Pruebas Evaluaciones/Crear_una_Etapa/a_Fase Evaluacin' is clicked on

2022-03-29 19:17:13 - [MESSAGE][PASSED] - Object: 'Object Repository/Modulo Pruebas Evaluaciones/Crear_una_Etapa/a_Fase Evaluacin' is clicked on

2022-03-29 19:17:13 - [TEST_STEP][PASSED] - if (waitForElementVisible(findTestObject("Modulo Pruebas Evaluaciones/Crear_una_Etapa/td_PRUEBAS K"), 1)): null

2022-03-29 19:17:14 - [MESSAGE][PASSED] - Object 'Object Repository/Modulo Pruebas Evaluaciones/Crear_una_Etapa/td_PRUEBAS K' is visible

2022-03-29 19:17:14 - [TEST_STEP][PASSED] - click(findTestObject("Modulo Pruebas Evaluaciones/Crear_una_Etapa/td_PRUEBAS K")): Object: 'Object Repository/Modulo Pruebas Evaluaciones/Crear_una_Etapa/td_PRUEBAS K' is clicked on

2022-03-29 19:17:15 - [MESSAGE][PASSED] - Object: 'Object Repository/Modulo Pruebas Evaluaciones/Crear_una_Etapa/td_PRUEBAS K' is clicked on

2022-03-29 19:17:15 - [TEST_STEP][PASSED] - click(findTestObject("Modulo Pruebas Evaluaciones/Crear_una_Etapa/a_Etapa")): Object: 'Object Repository/Modulo Pruebas Evaluaciones/Crear_una_Etapa/a_Etapa' is clicked on

2022-03-29 19:17:15 - [MESSAGE][PASSED] - Object: 'Object Repository/Modulo Pruebas Evaluaciones/Crear_una_Etapa/a_Etapa' is clicked on

2022-03-29 19:17:15 - [TEST_STEP][PASSED] - if (waitForElementVisible(findTestObject("Modulo Pruebas Evaluaciones/Crear_una_Etapa/span_Pruebas Ka"), 1)): Web element with id: 'Object Repository/Modulo Pruebas Evaluaciones/Crear_una_Etapa/span_Pruebas Ka' located by '//*/text()[normalize-space(.)='Pruebas Ka']/parent::*' not found

2022-03-29 19:17:17 - [MESSAGE][INFO] - Unable to find the element located by 'By.xpath: //*/text()[normalize-space(.)='Pruebas Ka']/parent::*'. Please recheck the objects properties to make sure the desired element is located. 

2022-03-29 19:17:17 - [MESSAGE][WARNING] - Web element with id: 'Object Repository/Modulo Pruebas Evaluaciones/Crear_una_Etapa/span_Pruebas Ka' located by '//*/text()[normalize-space(.)='Pruebas Ka']/parent::*' not found

2022-03-29 19:17:17 - [TEST_STEP][PASSED] - click(findTestObject("Modulo Pruebas Evaluaciones/Crear_una_Etapa/a_Nuevo")): Object: 'Object Repository/Modulo Pruebas Evaluaciones/Crear_una_Etapa/a_Nuevo' is clicked on

2022-03-29 19:17:18 - [MESSAGE][PASSED] - Object: 'Object Repository/Modulo Pruebas Evaluaciones/Crear_una_Etapa/a_Nuevo' is clicked on

2022-03-29 19:17:18 - [TEST_STEP][PASSED] - setText(findTestObject("Modulo Pruebas Evaluaciones/Crear_una_Etapa/input_Descripcin_formGestionHerramientaspanelTabFasepanelDetalleEtapadescripcion"), "Pruebas Ka"): Text 'Pruebas Ka' is set on object 'Object Repository/Modulo Pruebas Evaluaciones/Crear_una_Etapa/input_Descripcin_formGestionHerramientaspanelTabFasepanelDetalleEtapadescripcion'

2022-03-29 19:17:19 - [MESSAGE][PASSED] - Text 'Pruebas Ka' is set on object 'Object Repository/Modulo Pruebas Evaluaciones/Crear_una_Etapa/input_Descripcin_formGestionHerramientaspanelTabFasepanelDetalleEtapadescripcion'

2022-03-29 19:17:19 - [TEST_STEP][PASSED] - selectOptionByIndex(findTestObject("Modulo Pruebas Evaluaciones/Crear_una_Etapa/select_-- Seleccione --CapacitacionEncuestaMetaPlan AccionSeguimiento Competencias"), 2): All options with index in [2] are selected on object 'Object Repository/Modulo Pruebas Evaluaciones/Crear_una_Etapa/select_-- Seleccione --CapacitacionEncuestaMetaPlan AccionSeguimiento Competencias'

2022-03-29 19:17:21 - [MESSAGE][PASSED] - All options with index in [2] are selected on object 'Object Repository/Modulo Pruebas Evaluaciones/Crear_una_Etapa/select_-- Seleccione --CapacitacionEncuestaMetaPlan AccionSeguimiento Competencias'

2022-03-29 19:17:21 - [TEST_STEP][PASSED] - selectOptionByIndex(findTestObject("Modulo Pruebas Evaluaciones/Crear_una_Etapa/select_-- Seleccione --NoSi"), 1): All options with index in [1] are selected on object 'Object Repository/Modulo Pruebas Evaluaciones/Crear_una_Etapa/select_-- Seleccione --NoSi'

2022-03-29 19:17:22 - [MESSAGE][PASSED] - All options with index in [1] are selected on object 'Object Repository/Modulo Pruebas Evaluaciones/Crear_una_Etapa/select_-- Seleccione --NoSi'

2022-03-29 19:17:22 - [TEST_STEP][PASSED] - setText(findTestObject("Modulo Pruebas Evaluaciones/Crear_una_Etapa/input_Orden_formGestionHerramientaspanelTabFasepanelDetalleEtapaorden"), "5"): Text '5' is set on object 'Object Repository/Modulo Pruebas Evaluaciones/Crear_una_Etapa/input_Orden_formGestionHerramientaspanelTabFasepanelDetalleEtapaorden'

2022-03-29 19:17:23 - [MESSAGE][PASSED] - Text '5' is set on object 'Object Repository/Modulo Pruebas Evaluaciones/Crear_una_Etapa/input_Orden_formGestionHerramientaspanelTabFasepanelDetalleEtapaorden'

2022-03-29 19:17:23 - [TEST_STEP][PASSED] - click(findTestObject("Modulo Pruebas Evaluaciones/Crear_una_Etapa/a_Guardar")): Object: 'Object Repository/Modulo Pruebas Evaluaciones/Crear_una_Etapa/a_Guardar' is clicked on

2022-03-29 19:17:24 - [MESSAGE][PASSED] - Object: 'Object Repository/Modulo Pruebas Evaluaciones/Crear_una_Etapa/a_Guardar' is clicked on

2022-03-29 19:17:24 - [TEST_STEP][PASSED] - closeBrowser(): Browser is closed

2022-03-29 19:17:24 - [MESSAGE][PASSED] - Browser is closed]]></system-out>
         <system-err><![CDATA[]]></system-err>
      </testcase>
      <testcase name="Test Cases/1.2-Tareas_Secundarias/9.1-Pruebas_Evaluaciones/9.1.4-Crear_modelos_de_evaluaciones 360º 180º 90º" time="17.079" classname="Test Cases/1.2-Tareas_Secundarias/9.1-Pruebas_Evaluaciones/9.1.4-Crear_modelos_de_evaluaciones 360º 180º 90º" status="PASSED">
         <system-out><![CDATA[2022-03-29 19:17:24 - [TEST_CASE][PASSED] - Test Cases/1.2-Tareas_Secundarias/9.1-Pruebas_Evaluaciones/9.1.4-Crear_modelos_de_evaluaciones 360º 180º 90º: Test Cases/1.2-Tareas_Secundarias/9.1-Pruebas_Evaluaciones/9.1.4-Crear_modelos_de_evaluaciones 360º 180º 90º

2022-03-29 19:17:25 - [TEST_STEP][PASSED] - callTestCase(findTestCase("0.1-Login"), [:], STOP_ON_FAILURE): Call Test Case 'Test Cases/0.1-Login' successfully

2022-03-29 19:17:25 - [TEST_CASE][PASSED] - Test Cases/0.1-Login: Test Cases/0.1-Login

2022-03-29 19:17:25 - [TEST_STEP][PASSED] - openBrowser(""): Browser is opened with url: ''

2022-03-29 19:17:25 - [MESSAGE][INFO] - Starting 'Chrome' driver

2022-03-29 19:17:25 - [MESSAGE][INFO] - Action delay is set to 50 milliseconds

2022-03-29 19:17:26 - [MESSAGE][PASSED] - Browser is opened with url: ''

2022-03-29 19:17:26 - [TEST_STEP][PASSED] - maximizeWindow(): Current window maximized

2022-03-29 19:17:26 - [MESSAGE][PASSED] - Current window maximized

2022-03-29 19:17:26 - [TEST_STEP][PASSED] - i = G_Login: null

2022-03-29 19:17:26 - [TEST_STEP][PASSED] - url = new java.net.URL(i): null

2022-03-29 19:17:26 - [TEST_STEP][PASSED] - println("URL: " + url.toString()): null

2022-03-29 19:17:26 - [TEST_STEP][PASSED] - connection = url.openConnection(): null

2022-03-29 19:17:26 - [TEST_STEP][PASSED] - connection.setRequestMethod("GET"): null

2022-03-29 19:17:26 - [TEST_STEP][PASSED] - connection.setReadTimeout(2 * 1000): null

2022-03-29 19:17:26 - [TEST_STEP][PASSED] - try: null

2022-03-29 19:17:26 - [TEST_STEP][PASSED] - connection.connect(): null

2022-03-29 19:17:26 - [TEST_STEP][PASSED] - flag = connected: null

2022-03-29 19:17:26 - [TEST_STEP][PASSED] - println("Valor_ori: " + flag): null

2022-03-29 19:17:26 - [TEST_STEP][PASSED] - if (flag): null

2022-03-29 19:17:26 - [TEST_STEP][PASSED] - navigateToUrl(i): Navigate to 'http://192.168.2.19:8380/saraweb' successfully

2022-03-29 19:17:27 - [MESSAGE][PASSED] - Navigate to 'http://192.168.2.19:8380/saraweb' successfully

2022-03-29 19:17:27 - [TEST_STEP][PASSED] - a(): null

2022-03-29 19:17:27 - [TEST_STEP][PASSED] - setText(findTestObject("Login/input_USUARIO_loginusuario"), G_Usuario): Text 'saraadmin' is set on object 'Object Repository/Login/input_USUARIO_loginusuario'

2022-03-29 19:17:28 - [MESSAGE][PASSED] - Text 'saraadmin' is set on object 'Object Repository/Login/input_USUARIO_loginusuario'

2022-03-29 19:17:28 - [TEST_STEP][PASSED] - setEncryptedText(findTestObject("Login/input_CLAVE_loginpassword"), "MkG4/TYiCFC3cb2driP7+Q=="): Text ****** has been set on object 'Object Repository/Login/input_CLAVE_loginpassword'

2022-03-29 19:17:28 - [MESSAGE][PASSED] - Text ****** has been set on object 'Object Repository/Login/input_CLAVE_loginpassword'

2022-03-29 19:17:28 - [TEST_STEP][PASSED] - waitForElementClickable(findTestObject("Login/a_Ingresar"), G_TimeOut): Object 'Object Repository/Login/a_Ingresar' is clickable

2022-03-29 19:17:29 - [MESSAGE][PASSED] - Object 'Object Repository/Login/a_Ingresar' is clickable

2022-03-29 19:17:29 - [TEST_STEP][PASSED] - click(findTestObject("Login/a_Ingresar")): Object: 'Object Repository/Login/a_Ingresar' is clicked on

2022-03-29 19:17:30 - [MESSAGE][PASSED] - Object: 'Object Repository/Login/a_Ingresar' is clicked on

2022-03-29 19:17:30 - [TEST_STEP][PASSED] - element = findWebElement(findTestObject("Login/a_Ir"), 30): null

2022-03-29 19:17:31 - [TEST_STEP][PASSED] - executeJavaScript("arguments[0].click()", Arrays.asList(element)): Execute JavaScript 'arguments[0].click()' successfully

2022-03-29 19:17:31 - [MESSAGE][PASSED] - Execute JavaScript 'arguments[0].click()' successfully

2022-03-29 19:17:31 - [MESSAGE][PASSED] - Call Test Case 'Test Cases/0.1-Login' successfully

2022-03-29 19:17:31 - [TEST_STEP][PASSED] - setText(findTestObject("Modulo Pruebas Evaluaciones/Crear_modelos_de_evaluaciones 360º 180º 90º/input_Empresa 1_form_templatej_idt24_input"), "gestion herramientas"): Text 'gestion herramientas' is set on object 'Object Repository/Modulo Pruebas Evaluaciones/Crear_modelos_de_evaluaciones 360º 180º 90º/input_Empresa 1_form_templatej_idt24_input'

2022-03-29 19:17:32 - [MESSAGE][PASSED] - Text 'gestion herramientas' is set on object 'Object Repository/Modulo Pruebas Evaluaciones/Crear_modelos_de_evaluaciones 360º 180º 90º/input_Empresa 1_form_templatej_idt24_input'

2022-03-29 19:17:32 - [TEST_STEP][PASSED] - click(findTestObject("Modulo Pruebas Evaluaciones/Crear_modelos_de_evaluaciones 360º 180º 90º/span_Gestion Herramientas")): Object: 'Object Repository/Modulo Pruebas Evaluaciones/Crear_modelos_de_evaluaciones 360º 180º 90º/span_Gestion Herramientas' is clicked on

2022-03-29 19:17:33 - [MESSAGE][PASSED] - Object: 'Object Repository/Modulo Pruebas Evaluaciones/Crear_modelos_de_evaluaciones 360º 180º 90º/span_Gestion Herramientas' is clicked on

2022-03-29 19:17:33 - [TEST_STEP][PASSED] - if (waitForElementVisible(findTestObject("Modulo Pruebas Evaluaciones/Crear_modelos_de_evaluaciones 360º 180º 90º/td_Pruebas katalon"), 1)): null

2022-03-29 19:17:34 - [MESSAGE][PASSED] - Object 'Object Repository/Modulo Pruebas Evaluaciones/Crear_modelos_de_evaluaciones 360º 180º 90º/td_Pruebas katalon' is visible

2022-03-29 19:17:34 - [TEST_STEP][PASSED] - click(findTestObject("Modulo Pruebas Evaluaciones/Crear_modelos_de_evaluaciones 360º 180º 90º/td_Pruebas katalon")): Object: 'Object Repository/Modulo Pruebas Evaluaciones/Crear_modelos_de_evaluaciones 360º 180º 90º/td_Pruebas katalon' is clicked on

2022-03-29 19:17:35 - [MESSAGE][PASSED] - Object: 'Object Repository/Modulo Pruebas Evaluaciones/Crear_modelos_de_evaluaciones 360º 180º 90º/td_Pruebas katalon' is clicked on

2022-03-29 19:17:35 - [TEST_STEP][PASSED] - click(findTestObject("Modulo Pruebas Evaluaciones/Crear_modelos_de_evaluaciones 360º 180º 90º/a_Tipo Evaluador")): Object: 'Object Repository/Modulo Pruebas Evaluaciones/Crear_modelos_de_evaluaciones 360º 180º 90º/a_Tipo Evaluador' is clicked on

2022-03-29 19:17:35 - [MESSAGE][PASSED] - Object: 'Object Repository/Modulo Pruebas Evaluaciones/Crear_modelos_de_evaluaciones 360º 180º 90º/a_Tipo Evaluador' is clicked on

2022-03-29 19:17:35 - [TEST_STEP][PASSED] - if (waitForElementVisible(findTestObject("Modulo Pruebas Evaluaciones/Crear_modelos_de_evaluaciones 360º 180º 90º/td_pr.katalon"), 1)): Web element with id: 'Object Repository/Modulo Pruebas Evaluaciones/Crear_modelos_de_evaluaciones 360º 180º 90º/td_pr.katalon' located by '//*/text()[normalize-space(.)='pr.katalon']/parent::*' not found

2022-03-29 19:17:37 - [MESSAGE][INFO] - Unable to find the element located by 'By.xpath: //*/text()[normalize-space(.)='pr.katalon']/parent::*'. Please recheck the objects properties to make sure the desired element is located. 

2022-03-29 19:17:37 - [MESSAGE][WARNING] - Web element with id: 'Object Repository/Modulo Pruebas Evaluaciones/Crear_modelos_de_evaluaciones 360º 180º 90º/td_pr.katalon' located by '//*/text()[normalize-space(.)='pr.katalon']/parent::*' not found

2022-03-29 19:17:37 - [TEST_STEP][PASSED] - click(findTestObject("Modulo Pruebas Evaluaciones/Crear_modelos_de_evaluaciones 360º 180º 90º/a_Nuevo")): Object: 'Object Repository/Modulo Pruebas Evaluaciones/Crear_modelos_de_evaluaciones 360º 180º 90º/a_Nuevo' is clicked on

2022-03-29 19:17:38 - [MESSAGE][PASSED] - Object: 'Object Repository/Modulo Pruebas Evaluaciones/Crear_modelos_de_evaluaciones 360º 180º 90º/a_Nuevo' is clicked on

2022-03-29 19:17:38 - [TEST_STEP][PASSED] - setText(findTestObject("Modulo Pruebas Evaluaciones/Crear_modelos_de_evaluaciones 360º 180º 90º/input_Descripcin_form_planillaGestiondescripcion"), "pr.katalon"): Text 'pr.katalon' is set on object 'Object Repository/Modulo Pruebas Evaluaciones/Crear_modelos_de_evaluaciones 360º 180º 90º/input_Descripcin_form_planillaGestiondescripcion'

2022-03-29 19:17:39 - [MESSAGE][PASSED] - Text 'pr.katalon' is set on object 'Object Repository/Modulo Pruebas Evaluaciones/Crear_modelos_de_evaluaciones 360º 180º 90º/input_Descripcin_form_planillaGestiondescripcion'

2022-03-29 19:17:39 - [TEST_STEP][PASSED] - selectOptionByIndex(findTestObject("Modulo Pruebas Evaluaciones/Crear_modelos_de_evaluaciones 360º 180º 90º/select_--Seleccione--AutoevaluacinCompaeroJefeOtroSubalterno"), 1): All options with index in [1] are selected on object 'Object Repository/Modulo Pruebas Evaluaciones/Crear_modelos_de_evaluaciones 360º 180º 90º/select_--Seleccione--AutoevaluacinCompaeroJefeOtroSubalterno'

2022-03-29 19:17:40 - [MESSAGE][PASSED] - All options with index in [1] are selected on object 'Object Repository/Modulo Pruebas Evaluaciones/Crear_modelos_de_evaluaciones 360º 180º 90º/select_--Seleccione--AutoevaluacinCompaeroJefeOtroSubalterno'

2022-03-29 19:17:40 - [TEST_STEP][PASSED] - click(findTestObject("Modulo Pruebas Evaluaciones/Crear_modelos_de_evaluaciones 360º 180º 90º/a_Guardar")): Object: 'Object Repository/Modulo Pruebas Evaluaciones/Crear_modelos_de_evaluaciones 360º 180º 90º/a_Guardar' is clicked on

2022-03-29 19:17:41 - [MESSAGE][PASSED] - Object: 'Object Repository/Modulo Pruebas Evaluaciones/Crear_modelos_de_evaluaciones 360º 180º 90º/a_Guardar' is clicked on

2022-03-29 19:17:41 - [TEST_STEP][PASSED] - closeBrowser(): Browser is closed

2022-03-29 19:17:41 - [MESSAGE][PASSED] - Browser is closed]]></system-out>
         <system-err><![CDATA[]]></system-err>
      </testcase>
      <testcase name="Test Cases/1.2-Tareas_Secundarias/9.1-Pruebas_Evaluaciones/9.1.5-Programar_la_evaluación_Individual" time="30.665" classname="Test Cases/1.2-Tareas_Secundarias/9.1-Pruebas_Evaluaciones/9.1.5-Programar_la_evaluación_Individual" status="PASSED">
         <system-out><![CDATA[2022-03-29 19:17:41 - [TEST_CASE][PASSED] - Test Cases/1.2-Tareas_Secundarias/9.1-Pruebas_Evaluaciones/9.1.5-Programar_la_evaluación_Individual: Test Cases/1.2-Tareas_Secundarias/9.1-Pruebas_Evaluaciones/9.1.5-Programar_la_evaluación_Individual

2022-03-29 19:17:42 - [TEST_STEP][PASSED] - callTestCase(findTestCase("0.1-Login"), [:], STOP_ON_FAILURE): Call Test Case 'Test Cases/0.1-Login' successfully

2022-03-29 19:17:42 - [TEST_CASE][PASSED] - Test Cases/0.1-Login: Test Cases/0.1-Login

2022-03-29 19:17:42 - [TEST_STEP][PASSED] - openBrowser(""): Browser is opened with url: ''

2022-03-29 19:17:42 - [MESSAGE][INFO] - Starting 'Chrome' driver

2022-03-29 19:17:42 - [MESSAGE][INFO] - Action delay is set to 50 milliseconds

2022-03-29 19:17:43 - [MESSAGE][PASSED] - Browser is opened with url: ''

2022-03-29 19:17:43 - [TEST_STEP][PASSED] - maximizeWindow(): Current window maximized

2022-03-29 19:17:43 - [MESSAGE][PASSED] - Current window maximized

2022-03-29 19:17:43 - [TEST_STEP][PASSED] - i = G_Login: null

2022-03-29 19:17:43 - [TEST_STEP][PASSED] - url = new java.net.URL(i): null

2022-03-29 19:17:43 - [TEST_STEP][PASSED] - println("URL: " + url.toString()): null

2022-03-29 19:17:43 - [TEST_STEP][PASSED] - connection = url.openConnection(): null

2022-03-29 19:17:43 - [TEST_STEP][PASSED] - connection.setRequestMethod("GET"): null

2022-03-29 19:17:43 - [TEST_STEP][PASSED] - connection.setReadTimeout(2 * 1000): null

2022-03-29 19:17:43 - [TEST_STEP][PASSED] - try: null

2022-03-29 19:17:43 - [TEST_STEP][PASSED] - connection.connect(): null

2022-03-29 19:17:43 - [TEST_STEP][PASSED] - flag = connected: null

2022-03-29 19:17:43 - [TEST_STEP][PASSED] - println("Valor_ori: " + flag): null

2022-03-29 19:17:43 - [TEST_STEP][PASSED] - if (flag): null

2022-03-29 19:17:43 - [TEST_STEP][PASSED] - navigateToUrl(i): Navigate to 'http://192.168.2.19:8380/saraweb' successfully

2022-03-29 19:17:44 - [MESSAGE][PASSED] - Navigate to 'http://192.168.2.19:8380/saraweb' successfully

2022-03-29 19:17:44 - [TEST_STEP][PASSED] - a(): null

2022-03-29 19:17:44 - [TEST_STEP][PASSED] - setText(findTestObject("Login/input_USUARIO_loginusuario"), G_Usuario): Text 'saraadmin' is set on object 'Object Repository/Login/input_USUARIO_loginusuario'

2022-03-29 19:17:45 - [MESSAGE][PASSED] - Text 'saraadmin' is set on object 'Object Repository/Login/input_USUARIO_loginusuario'

2022-03-29 19:17:45 - [TEST_STEP][PASSED] - setEncryptedText(findTestObject("Login/input_CLAVE_loginpassword"), "MkG4/TYiCFC3cb2driP7+Q=="): Text ****** has been set on object 'Object Repository/Login/input_CLAVE_loginpassword'

2022-03-29 19:17:46 - [MESSAGE][PASSED] - Text ****** has been set on object 'Object Repository/Login/input_CLAVE_loginpassword'

2022-03-29 19:17:46 - [TEST_STEP][PASSED] - waitForElementClickable(findTestObject("Login/a_Ingresar"), G_TimeOut): Object 'Object Repository/Login/a_Ingresar' is clickable

2022-03-29 19:17:46 - [MESSAGE][PASSED] - Object 'Object Repository/Login/a_Ingresar' is clickable

2022-03-29 19:17:46 - [TEST_STEP][PASSED] - click(findTestObject("Login/a_Ingresar")): Object: 'Object Repository/Login/a_Ingresar' is clicked on

2022-03-29 19:17:47 - [MESSAGE][PASSED] - Object: 'Object Repository/Login/a_Ingresar' is clicked on

2022-03-29 19:17:47 - [TEST_STEP][PASSED] - element = findWebElement(findTestObject("Login/a_Ir"), 30): null

2022-03-29 19:17:48 - [TEST_STEP][PASSED] - executeJavaScript("arguments[0].click()", Arrays.asList(element)): Execute JavaScript 'arguments[0].click()' successfully

2022-03-29 19:17:48 - [MESSAGE][PASSED] - Execute JavaScript 'arguments[0].click()' successfully

2022-03-29 19:17:48 - [MESSAGE][PASSED] - Call Test Case 'Test Cases/0.1-Login' successfully

2022-03-29 19:17:48 - [TEST_STEP][PASSED] - setText(findTestObject("Modulo Pruebas Evaluaciones/Programar_la_evaluación_Individual/input_Empresa 1_form_templatej_idt24_input"), "listado herramientas"): Text 'listado herramientas' is set on object 'Object Repository/Modulo Pruebas Evaluaciones/Programar_la_evaluación_Individual/input_Empresa 1_form_templatej_idt24_input'

2022-03-29 19:17:49 - [MESSAGE][PASSED] - Text 'listado herramientas' is set on object 'Object Repository/Modulo Pruebas Evaluaciones/Programar_la_evaluación_Individual/input_Empresa 1_form_templatej_idt24_input'

2022-03-29 19:17:49 - [TEST_STEP][PASSED] - click(findTestObject("Modulo Pruebas Evaluaciones/Programar_la_evaluación_Individual/li_Listado Herramientas (tal)")): Object: 'Object Repository/Modulo Pruebas Evaluaciones/Programar_la_evaluación_Individual/li_Listado Herramientas (tal)' is clicked on

2022-03-29 19:17:51 - [MESSAGE][PASSED] - Object: 'Object Repository/Modulo Pruebas Evaluaciones/Programar_la_evaluación_Individual/li_Listado Herramientas (tal)' is clicked on

2022-03-29 19:17:51 - [TEST_STEP][PASSED] - click(findTestObject("Modulo Pruebas Evaluaciones/Programar_la_evaluación_Individual/div_Contratacion_ui-radiobutton-box ui-widget ui-corner-all ui-state-default ui-state-hover")): Object: 'Object Repository/Modulo Pruebas Evaluaciones/Programar_la_evaluación_Individual/div_Contratacion_ui-radiobutton-box ui-widget ui-corner-all ui-state-default ui-state-hover' is clicked on

2022-03-29 19:17:52 - [MESSAGE][PASSED] - Object: 'Object Repository/Modulo Pruebas Evaluaciones/Programar_la_evaluación_Individual/div_Contratacion_ui-radiobutton-box ui-widget ui-corner-all ui-state-default ui-state-hover' is clicked on

2022-03-29 19:17:52 - [TEST_STEP][PASSED] - selectOptionByIndex(findTestObject("Modulo Pruebas Evaluaciones/Programar_la_evaluación_Individual/select_--- Seleccione Herramienta ---ENCUESTA DE RETIROEVALUACION 2011"), 2): All options with index in [2] are selected on object 'Object Repository/Modulo Pruebas Evaluaciones/Programar_la_evaluación_Individual/select_--- Seleccione Herramienta ---ENCUESTA DE RETIROEVALUACION 2011'

2022-03-29 19:17:53 - [MESSAGE][PASSED] - All options with index in [2] are selected on object 'Object Repository/Modulo Pruebas Evaluaciones/Programar_la_evaluación_Individual/select_--- Seleccione Herramienta ---ENCUESTA DE RETIROEVALUACION 2011'

2022-03-29 19:17:53 - [TEST_STEP][PASSED] - if (waitForElementVisible(findTestObject("Modulo Pruebas Evaluaciones/Programar_la_evaluación_Individual/span_A A A"), 1)): null

2022-03-29 19:17:54 - [MESSAGE][PASSED] - Object 'Object Repository/Modulo Pruebas Evaluaciones/Programar_la_evaluación_Individual/span_A A A' is visible

2022-03-29 19:17:54 - [TEST_STEP][PASSED] - click(findTestObject("Modulo Pruebas Evaluaciones/Programar_la_evaluación_Individual/span_A A A")): Object: 'Object Repository/Modulo Pruebas Evaluaciones/Programar_la_evaluación_Individual/span_A A A' is clicked on

2022-03-29 19:17:55 - [MESSAGE][PASSED] - Object: 'Object Repository/Modulo Pruebas Evaluaciones/Programar_la_evaluación_Individual/span_A A A' is clicked on

2022-03-29 19:17:55 - [TEST_STEP][PASSED] - click(findTestObject("Modulo Pruebas Evaluaciones/Programar_la_evaluación_Individual/span_Eliminar")): Object: 'Object Repository/Modulo Pruebas Evaluaciones/Programar_la_evaluación_Individual/span_Eliminar' is clicked on

2022-03-29 19:17:56 - [MESSAGE][PASSED] - Object: 'Object Repository/Modulo Pruebas Evaluaciones/Programar_la_evaluación_Individual/span_Eliminar' is clicked on

2022-03-29 19:17:56 - [TEST_STEP][PASSED] - click(findTestObject("Modulo Pruebas Evaluaciones/Programar_la_evaluación_Individual/span_Si")): Object: 'Object Repository/Modulo Pruebas Evaluaciones/Programar_la_evaluación_Individual/span_Si' is clicked on

2022-03-29 19:17:57 - [MESSAGE][PASSED] - Object: 'Object Repository/Modulo Pruebas Evaluaciones/Programar_la_evaluación_Individual/span_Si' is clicked on

2022-03-29 19:17:57 - [TEST_STEP][PASSED] - click(findTestObject("Modulo Pruebas Evaluaciones/Programar_la_evaluación_Individual/span_Regresar")): Object: 'Object Repository/Modulo Pruebas Evaluaciones/Programar_la_evaluación_Individual/span_Regresar' is clicked on

2022-03-29 19:17:58 - [MESSAGE][PASSED] - Object: 'Object Repository/Modulo Pruebas Evaluaciones/Programar_la_evaluación_Individual/span_Regresar' is clicked on

2022-03-29 19:17:58 - [TEST_STEP][PASSED] - click(findTestObject("Modulo Pruebas Evaluaciones/Programar_la_evaluación_Individual/a_Nuevo")): Object: 'Object Repository/Modulo Pruebas Evaluaciones/Programar_la_evaluación_Individual/a_Nuevo' is clicked on

2022-03-29 19:17:58 - [MESSAGE][PASSED] - Object: 'Object Repository/Modulo Pruebas Evaluaciones/Programar_la_evaluación_Individual/a_Nuevo' is clicked on

2022-03-29 19:17:58 - [TEST_STEP][PASSED] - selectOptionByIndex(findTestObject("Modulo Pruebas Evaluaciones/Programar_la_evaluación_Individual/select_--- Seleccione Herramienta ---ENCUESTA DE RETIROEVALUACION 2011 - Copy"), 2): All options with index in [2] are selected on object 'Object Repository/Modulo Pruebas Evaluaciones/Programar_la_evaluación_Individual/select_--- Seleccione Herramienta ---ENCUESTA DE RETIROEVALUACION 2011 - Copy'

2022-03-29 19:18:00 - [MESSAGE][PASSED] - All options with index in [2] are selected on object 'Object Repository/Modulo Pruebas Evaluaciones/Programar_la_evaluación_Individual/select_--- Seleccione Herramienta ---ENCUESTA DE RETIROEVALUACION 2011 - Copy'

2022-03-29 19:18:00 - [TEST_STEP][PASSED] - click(findTestObject("Modulo Pruebas Evaluaciones/Programar_la_evaluación_Individual/a_Identificacion Evaluado_form_popupDetalleEvaluacionj_idt215")): Object: 'Object Repository/Modulo Pruebas Evaluaciones/Programar_la_evaluación_Individual/a_Identificacion Evaluado_form_popupDetalleEvaluacionj_idt215' is clicked on

2022-03-29 19:18:01 - [MESSAGE][PASSED] - Object: 'Object Repository/Modulo Pruebas Evaluaciones/Programar_la_evaluación_Individual/a_Identificacion Evaluado_form_popupDetalleEvaluacionj_idt215' is clicked on

2022-03-29 19:18:01 - [TEST_STEP][PASSED] - setText(findTestObject("Modulo Pruebas Evaluaciones/Programar_la_evaluación_Individual/input_Filtro Hoja de Vida_formPopupHojaVidaj_idt723"), "A"): Text 'A' is set on object 'Object Repository/Modulo Pruebas Evaluaciones/Programar_la_evaluación_Individual/input_Filtro Hoja de Vida_formPopupHojaVidaj_idt723'

2022-03-29 19:18:02 - [MESSAGE][PASSED] - Text 'A' is set on object 'Object Repository/Modulo Pruebas Evaluaciones/Programar_la_evaluación_Individual/input_Filtro Hoja de Vida_formPopupHojaVidaj_idt723'

2022-03-29 19:18:02 - [TEST_STEP][PASSED] - sendKeys(findTestObject("Modulo Pruebas Evaluaciones/Programar_la_evaluación_Individual/input_Filtro Hoja de Vida_formPopupHojaVidaj_idt723"), Keys.chord(ENTER)): Keys 'ENTER + ' sent to object: 'Object Repository/Modulo Pruebas Evaluaciones/Programar_la_evaluación_Individual/input_Filtro Hoja de Vida_formPopupHojaVidaj_idt723'

2022-03-29 19:18:02 - [MESSAGE][PASSED] - Keys 'ENTER + ' sent to object: 'Object Repository/Modulo Pruebas Evaluaciones/Programar_la_evaluación_Individual/input_Filtro Hoja de Vida_formPopupHojaVidaj_idt723'

2022-03-29 19:18:02 - [TEST_STEP][PASSED] - click(findTestObject("Modulo Pruebas Evaluaciones/Programar_la_evaluación_Individual/span_A A A")): Object: 'Object Repository/Modulo Pruebas Evaluaciones/Programar_la_evaluación_Individual/span_A A A' is clicked on

2022-03-29 19:18:03 - [MESSAGE][PASSED] - Object: 'Object Repository/Modulo Pruebas Evaluaciones/Programar_la_evaluación_Individual/span_A A A' is clicked on

2022-03-29 19:18:03 - [TEST_STEP][PASSED] - selectOptionByIndex(findTestObject("Modulo Pruebas Evaluaciones/Programar_la_evaluación_Individual/select_--Seleccione--CALIDADMENSUAL ABCMODELO EMPRESA QUINCENALPANSIONADOSPENSIONADOS BASEPRUEBAS"), "1"): All options with index in [1] are selected on object 'Object Repository/Modulo Pruebas Evaluaciones/Programar_la_evaluación_Individual/select_--Seleccione--CALIDADMENSUAL ABCMODELO EMPRESA QUINCENALPANSIONADOSPENSIONADOS BASEPRUEBAS'

2022-03-29 19:18:06 - [MESSAGE][PASSED] - All options with index in [1] are selected on object 'Object Repository/Modulo Pruebas Evaluaciones/Programar_la_evaluación_Individual/select_--Seleccione--CALIDADMENSUAL ABCMODELO EMPRESA QUINCENALPANSIONADOSPENSIONADOS BASEPRUEBAS'

2022-03-29 19:18:06 - [TEST_STEP][PASSED] - selectOptionByIndex(findTestObject("Modulo Pruebas Evaluaciones/Programar_la_evaluación_Individual/select_--- Seleccione Unidad Organizacional ---1111123456ADMINISTRACIONADMINISTRACIONAnalista"), 4): All options with index in [4] are selected on object 'Object Repository/Modulo Pruebas Evaluaciones/Programar_la_evaluación_Individual/select_--- Seleccione Unidad Organizacional ---1111123456ADMINISTRACIONADMINISTRACIONAnalista'

2022-03-29 19:18:07 - [MESSAGE][PASSED] - All options with index in [4] are selected on object 'Object Repository/Modulo Pruebas Evaluaciones/Programar_la_evaluación_Individual/select_--- Seleccione Unidad Organizacional ---1111123456ADMINISTRACIONADMINISTRACIONAnalista'

2022-03-29 19:18:07 - [TEST_STEP][PASSED] - selectOptionByIndex(findTestObject("Modulo Pruebas Evaluaciones/Programar_la_evaluación_Individual/select_--- Seleccione Cargo ---20145   -40 MIL STAFF20139   -ABOGADO20117   -ABOGADO JUNIOR10"), 2): All options with index in [2] are selected on object 'Object Repository/Modulo Pruebas Evaluaciones/Programar_la_evaluación_Individual/select_--- Seleccione Cargo ---20145   -40 MIL STAFF20139   -ABOGADO20117   -ABOGADO JUNIOR10'

2022-03-29 19:18:09 - [MESSAGE][PASSED] - All options with index in [2] are selected on object 'Object Repository/Modulo Pruebas Evaluaciones/Programar_la_evaluación_Individual/select_--- Seleccione Cargo ---20145   -40 MIL STAFF20139   -ABOGADO20117   -ABOGADO JUNIOR10'

2022-03-29 19:18:09 - [TEST_STEP][PASSED] - selectOptionByIndex(findTestObject("Modulo Pruebas Evaluaciones/Programar_la_evaluación_Individual/select_ADMINISTRATIVOSAPRENDICESEMPLEADOFBROLESTSMECANICOSNO APLICANOMINA 40 MIL"), 6): All options with index in [6] are selected on object 'Object Repository/Modulo Pruebas Evaluaciones/Programar_la_evaluación_Individual/select_ADMINISTRATIVOSAPRENDICESEMPLEADOFBROLESTSMECANICOSNO APLICANOMINA 40 MIL'

2022-03-29 19:18:10 - [MESSAGE][PASSED] - All options with index in [6] are selected on object 'Object Repository/Modulo Pruebas Evaluaciones/Programar_la_evaluación_Individual/select_ADMINISTRATIVOSAPRENDICESEMPLEADOFBROLESTSMECANICOSNO APLICANOMINA 40 MIL'

2022-03-29 19:18:10 - [TEST_STEP][PASSED] - click(findTestObject("Modulo Pruebas Evaluaciones/Programar_la_evaluación_Individual/a_Periodo_form_popupDetalleEvaluacionj_idt208")): Object: 'Object Repository/Modulo Pruebas Evaluaciones/Programar_la_evaluación_Individual/a_Periodo_form_popupDetalleEvaluacionj_idt208' is clicked on

2022-03-29 19:18:10 - [MESSAGE][PASSED] - Object: 'Object Repository/Modulo Pruebas Evaluaciones/Programar_la_evaluación_Individual/a_Periodo_form_popupDetalleEvaluacionj_idt208' is clicked on

2022-03-29 19:18:10 - [TEST_STEP][PASSED] - click(findTestObject("Modulo Pruebas Evaluaciones/Programar_la_evaluación_Individual/span_PERIODO DE PRUEBA")): Object: 'Object Repository/Modulo Pruebas Evaluaciones/Programar_la_evaluación_Individual/span_PERIODO DE PRUEBA' is clicked on

2022-03-29 19:18:11 - [MESSAGE][PASSED] - Object: 'Object Repository/Modulo Pruebas Evaluaciones/Programar_la_evaluación_Individual/span_PERIODO DE PRUEBA' is clicked on

2022-03-29 19:18:11 - [TEST_STEP][PASSED] - click(findTestObject("Modulo Pruebas Evaluaciones/Programar_la_evaluación_Individual/span_Guardar")): Object: 'Object Repository/Modulo Pruebas Evaluaciones/Programar_la_evaluación_Individual/span_Guardar' is clicked on

2022-03-29 19:18:12 - [MESSAGE][PASSED] - Object: 'Object Repository/Modulo Pruebas Evaluaciones/Programar_la_evaluación_Individual/span_Guardar' is clicked on]]></system-out>
         <system-err><![CDATA[]]></system-err>
      </testcase>
      <testcase name="Test Cases/1.2-Tareas_Secundarias/A.0-Pruebas_Selección/10.1.1-Crear_un_requerimiento_según_motivo_y_formato" time="25.13" classname="Test Cases/1.2-Tareas_Secundarias/A.0-Pruebas_Selección/10.1.1-Crear_un_requerimiento_según_motivo_y_formato" status="PASSED">
         <system-out><![CDATA[2022-03-29 19:18:12 - [TEST_CASE][PASSED] - Test Cases/1.2-Tareas_Secundarias/A.0-Pruebas_Selección/10.1.1-Crear_un_requerimiento_según_motivo_y_formato: Test Cases/1.2-Tareas_Secundarias/A.0-Pruebas_Selección/10.1.1-Crear_un_requerimiento_según_motivo_y_formato

2022-03-29 19:18:13 - [TEST_STEP][PASSED] - callTestCase(findTestCase("0.1-Login"), [:], STOP_ON_FAILURE): Call Test Case 'Test Cases/0.1-Login' successfully

2022-03-29 19:18:13 - [TEST_CASE][PASSED] - Test Cases/0.1-Login: Test Cases/0.1-Login

2022-03-29 19:18:13 - [TEST_STEP][PASSED] - openBrowser(""): Browser is opened with url: ''

2022-03-29 19:18:13 - [MESSAGE][WARNING] - A browser is already opened. Closing browser and opening a new one

2022-03-29 19:18:13 - [MESSAGE][INFO] - Starting 'Chrome' driver

2022-03-29 19:18:13 - [MESSAGE][INFO] - Action delay is set to 50 milliseconds

2022-03-29 19:18:15 - [MESSAGE][PASSED] - Browser is opened with url: ''

2022-03-29 19:18:15 - [TEST_STEP][PASSED] - maximizeWindow(): Current window maximized

2022-03-29 19:18:15 - [MESSAGE][PASSED] - Current window maximized

2022-03-29 19:18:15 - [TEST_STEP][PASSED] - i = G_Login: null

2022-03-29 19:18:15 - [TEST_STEP][PASSED] - url = new java.net.URL(i): null

2022-03-29 19:18:15 - [TEST_STEP][PASSED] - println("URL: " + url.toString()): null

2022-03-29 19:18:15 - [TEST_STEP][PASSED] - connection = url.openConnection(): null

2022-03-29 19:18:15 - [TEST_STEP][PASSED] - connection.setRequestMethod("GET"): null

2022-03-29 19:18:15 - [TEST_STEP][PASSED] - connection.setReadTimeout(2 * 1000): null

2022-03-29 19:18:15 - [TEST_STEP][PASSED] - try: null

2022-03-29 19:18:15 - [TEST_STEP][PASSED] - connection.connect(): null

2022-03-29 19:18:15 - [TEST_STEP][PASSED] - flag = connected: null

2022-03-29 19:18:15 - [TEST_STEP][PASSED] - println("Valor_ori: " + flag): null

2022-03-29 19:18:15 - [TEST_STEP][PASSED] - if (flag): null

2022-03-29 19:18:15 - [TEST_STEP][PASSED] - navigateToUrl(i): Navigate to 'http://192.168.2.19:8380/saraweb' successfully

2022-03-29 19:18:15 - [MESSAGE][PASSED] - Navigate to 'http://192.168.2.19:8380/saraweb' successfully

2022-03-29 19:18:15 - [TEST_STEP][PASSED] - a(): null

2022-03-29 19:18:15 - [TEST_STEP][PASSED] - setText(findTestObject("Login/input_USUARIO_loginusuario"), G_Usuario): Text 'saraadmin' is set on object 'Object Repository/Login/input_USUARIO_loginusuario'

2022-03-29 19:18:16 - [MESSAGE][PASSED] - Text 'saraadmin' is set on object 'Object Repository/Login/input_USUARIO_loginusuario'

2022-03-29 19:18:16 - [TEST_STEP][PASSED] - setEncryptedText(findTestObject("Login/input_CLAVE_loginpassword"), "MkG4/TYiCFC3cb2driP7+Q=="): Text ****** has been set on object 'Object Repository/Login/input_CLAVE_loginpassword'

2022-03-29 19:18:17 - [MESSAGE][PASSED] - Text ****** has been set on object 'Object Repository/Login/input_CLAVE_loginpassword'

2022-03-29 19:18:17 - [TEST_STEP][PASSED] - waitForElementClickable(findTestObject("Login/a_Ingresar"), G_TimeOut): Object 'Object Repository/Login/a_Ingresar' is clickable

2022-03-29 19:18:17 - [MESSAGE][PASSED] - Object 'Object Repository/Login/a_Ingresar' is clickable

2022-03-29 19:18:17 - [TEST_STEP][PASSED] - click(findTestObject("Login/a_Ingresar")): Object: 'Object Repository/Login/a_Ingresar' is clicked on

2022-03-29 19:18:18 - [MESSAGE][PASSED] - Object: 'Object Repository/Login/a_Ingresar' is clicked on

2022-03-29 19:18:18 - [TEST_STEP][PASSED] - element = findWebElement(findTestObject("Login/a_Ir"), 30): null

2022-03-29 19:18:19 - [TEST_STEP][PASSED] - executeJavaScript("arguments[0].click()", Arrays.asList(element)): Execute JavaScript 'arguments[0].click()' successfully

2022-03-29 19:18:19 - [MESSAGE][PASSED] - Execute JavaScript 'arguments[0].click()' successfully

2022-03-29 19:18:19 - [MESSAGE][PASSED] - Call Test Case 'Test Cases/0.1-Login' successfully

2022-03-29 19:18:19 - [TEST_STEP][PASSED] - setText(findTestObject("Modulo Selección/Crear_un_requerimiento_según_motivo_y_formato/input_Empresa 1_form_templatej_idt24_input"), "requerimiento personal"): Text 'requerimiento personal' is set on object 'Object Repository/Modulo Selección/Crear_un_requerimiento_según_motivo_y_formato/input_Empresa 1_form_templatej_idt24_input'

2022-03-29 19:18:20 - [MESSAGE][PASSED] - Text 'requerimiento personal' is set on object 'Object Repository/Modulo Selección/Crear_un_requerimiento_según_motivo_y_formato/input_Empresa 1_form_templatej_idt24_input'

2022-03-29 19:18:20 - [TEST_STEP][PASSED] - click(findTestObject("Modulo Selección/Crear_un_requerimiento_según_motivo_y_formato/span_Requerimiento Personal")): Object: 'Object Repository/Modulo Selección/Crear_un_requerimiento_según_motivo_y_formato/span_Requerimiento Personal' is clicked on

2022-03-29 19:18:21 - [MESSAGE][PASSED] - Object: 'Object Repository/Modulo Selección/Crear_un_requerimiento_según_motivo_y_formato/span_Requerimiento Personal' is clicked on

2022-03-29 19:18:21 - [TEST_STEP][PASSED] - if (waitForElementVisible(findTestObject("Modulo Selección/Crear_un_requerimiento_según_motivo_y_formato/span_PRUEBA"), 1)): Web element with id: 'Object Repository/Modulo Selección/Crear_un_requerimiento_según_motivo_y_formato/span_PRUEBA' located by '//*/text()[normalize-space(.)='PRUEBA']/parent::*' not found

2022-03-29 19:18:24 - [MESSAGE][INFO] - Unable to find the element located by 'By.xpath: //*/text()[normalize-space(.)='PRUEBA']/parent::*'. Please recheck the objects properties to make sure the desired element is located. 

2022-03-29 19:18:24 - [MESSAGE][WARNING] - Web element with id: 'Object Repository/Modulo Selección/Crear_un_requerimiento_según_motivo_y_formato/span_PRUEBA' located by '//*/text()[normalize-space(.)='PRUEBA']/parent::*' not found

2022-03-29 19:18:24 - [TEST_STEP][PASSED] - else: Object: 'Object Repository/Modulo Selección/Crear_un_requerimiento_según_motivo_y_formato/span_PRUEBA' is clicked on

2022-03-29 19:18:24 - [TEST_STEP][PASSED] - click(findTestObject("Modulo Selección/Crear_un_requerimiento_según_motivo_y_formato/a_2")): Object: 'Object Repository/Modulo Selección/Crear_un_requerimiento_según_motivo_y_formato/a_2' is clicked on

2022-03-29 19:18:24 - [MESSAGE][PASSED] - Object: 'Object Repository/Modulo Selección/Crear_un_requerimiento_según_motivo_y_formato/a_2' is clicked on

2022-03-29 19:18:24 - [TEST_STEP][PASSED] - click(findTestObject("Modulo Selección/Crear_un_requerimiento_según_motivo_y_formato/span_PRUEBA")): Object: 'Object Repository/Modulo Selección/Crear_un_requerimiento_según_motivo_y_formato/span_PRUEBA' is clicked on

2022-03-29 19:18:25 - [MESSAGE][PASSED] - Object: 'Object Repository/Modulo Selección/Crear_un_requerimiento_según_motivo_y_formato/span_PRUEBA' is clicked on

2022-03-29 19:18:25 - [TEST_STEP][PASSED] - if (waitForElementVisible(findTestObject("Modulo Selección/Crear_un_requerimiento_según_motivo_y_formato/a_Modificar Motivo"), 1)): null

2022-03-29 19:18:28 - [MESSAGE][PASSED] - Object 'Object Repository/Modulo Selección/Crear_un_requerimiento_según_motivo_y_formato/a_Modificar Motivo' is visible

2022-03-29 19:18:28 - [TEST_STEP][PASSED] - click(findTestObject("Modulo Selección/Crear_un_requerimiento_según_motivo_y_formato/a_Modificar Motivo")): Object: 'Object Repository/Modulo Selección/Crear_un_requerimiento_según_motivo_y_formato/a_Modificar Motivo' is clicked on

2022-03-29 19:18:29 - [MESSAGE][PASSED] - Object: 'Object Repository/Modulo Selección/Crear_un_requerimiento_según_motivo_y_formato/a_Modificar Motivo' is clicked on

2022-03-29 19:18:29 - [TEST_STEP][PASSED] - selectOptionByIndex(findTestObject("Modulo Selección/Crear_un_requerimiento_según_motivo_y_formato/select_2120 HORAS1240 HORAS0NO DEFINIDO61Pensin Convencional62"), 3): All options with index in [3] are selected on object 'Object Repository/Modulo Selección/Crear_un_requerimiento_según_motivo_y_formato/select_2120 HORAS1240 HORAS0NO DEFINIDO61Pensin Convencional62'

2022-03-29 19:18:30 - [MESSAGE][PASSED] - All options with index in [3] are selected on object 'Object Repository/Modulo Selección/Crear_un_requerimiento_según_motivo_y_formato/select_2120 HORAS1240 HORAS0NO DEFINIDO61Pensin Convencional62'

2022-03-29 19:18:30 - [TEST_STEP][PASSED] - selectOptionByIndex(findTestObject("Modulo Selección/Crear_un_requerimiento_según_motivo_y_formato/select_Tcnico AdministrativoOperativo"), 2): All options with index in [2] are selected on object 'Object Repository/Modulo Selección/Crear_un_requerimiento_según_motivo_y_formato/select_Tcnico AdministrativoOperativo'

2022-03-29 19:18:31 - [MESSAGE][PASSED] - All options with index in [2] are selected on object 'Object Repository/Modulo Selección/Crear_un_requerimiento_según_motivo_y_formato/select_Tcnico AdministrativoOperativo'

2022-03-29 19:18:31 - [TEST_STEP][PASSED] - selectOptionByIndex(findTestObject("Modulo Selección/Crear_un_requerimiento_según_motivo_y_formato/select_1 mes2 meses3 meses6 mesesNo aplicaOtro"), 4): All options with index in [4] are selected on object 'Object Repository/Modulo Selección/Crear_un_requerimiento_según_motivo_y_formato/select_1 mes2 meses3 meses6 mesesNo aplicaOtro'

2022-03-29 19:18:32 - [MESSAGE][PASSED] - All options with index in [4] are selected on object 'Object Repository/Modulo Selección/Crear_un_requerimiento_según_motivo_y_formato/select_1 mes2 meses3 meses6 mesesNo aplicaOtro'

2022-03-29 19:18:32 - [TEST_STEP][PASSED] - setText(findTestObject("Modulo Selección/Crear_un_requerimiento_según_motivo_y_formato/input_Horario_requerimientoPersonalPM_formj_idt11990tablaCamHijo8j_idt1209"), "454"): Text '454' is set on object 'Object Repository/Modulo Selección/Crear_un_requerimiento_según_motivo_y_formato/input_Horario_requerimientoPersonalPM_formj_idt11990tablaCamHijo8j_idt1209'

2022-03-29 19:18:34 - [MESSAGE][PASSED] - Text '454' is set on object 'Object Repository/Modulo Selección/Crear_un_requerimiento_según_motivo_y_formato/input_Horario_requerimientoPersonalPM_formj_idt11990tablaCamHijo8j_idt1209'

2022-03-29 19:18:34 - [TEST_STEP][PASSED] - selectOptionByIndex(findTestObject("Modulo Selección/Crear_un_requerimiento_según_motivo_y_formato/select_1. volumenes de venta2. Carga en volumenes de operacin3"), 3): All options with index in [3] are selected on object 'Object Repository/Modulo Selección/Crear_un_requerimiento_según_motivo_y_formato/select_1. volumenes de venta2. Carga en volumenes de operacin3'

2022-03-29 19:18:35 - [MESSAGE][PASSED] - All options with index in [3] are selected on object 'Object Repository/Modulo Selección/Crear_un_requerimiento_según_motivo_y_formato/select_1. volumenes de venta2. Carga en volumenes de operacin3'

2022-03-29 19:18:35 - [TEST_STEP][PASSED] - selectOptionByIndex(findTestObject("Modulo Selección/Crear_un_requerimiento_según_motivo_y_formato/select_Interna AbiertaInterna CerradaExternaInterna y Externa"), 1): All options with index in [1] are selected on object 'Object Repository/Modulo Selección/Crear_un_requerimiento_según_motivo_y_formato/select_Interna AbiertaInterna CerradaExternaInterna y Externa'

2022-03-29 19:18:36 - [MESSAGE][PASSED] - All options with index in [1] are selected on object 'Object Repository/Modulo Selección/Crear_un_requerimiento_según_motivo_y_formato/select_Interna AbiertaInterna CerradaExternaInterna y Externa'

2022-03-29 19:18:36 - [TEST_STEP][PASSED] - click(findTestObject("Modulo Selección/Crear_un_requerimiento_según_motivo_y_formato/a_Guardar Directo")): Object: 'Object Repository/Modulo Selección/Crear_un_requerimiento_según_motivo_y_formato/a_Guardar Directo' is clicked on

2022-03-29 19:18:37 - [MESSAGE][PASSED] - Object: 'Object Repository/Modulo Selección/Crear_un_requerimiento_según_motivo_y_formato/a_Guardar Directo' is clicked on

2022-03-29 19:18:37 - [TEST_STEP][PASSED] - closeBrowser(): Browser is closed

2022-03-29 19:18:37 - [MESSAGE][PASSED] - Browser is closed]]></system-out>
         <system-err><![CDATA[]]></system-err>
      </testcase>
      <testcase name="Test Cases/1.2-Tareas_Secundarias/A.0-Pruebas_Selección/10.1.2-Flujo_aprobación_requerimiento" time="10.911" classname="Test Cases/1.2-Tareas_Secundarias/A.0-Pruebas_Selección/10.1.2-Flujo_aprobación_requerimiento" status="PASSED">
         <system-out><![CDATA[2022-03-29 19:18:37 - [TEST_CASE][PASSED] - Test Cases/1.2-Tareas_Secundarias/A.0-Pruebas_Selección/10.1.2-Flujo_aprobación_requerimiento: Test Cases/1.2-Tareas_Secundarias/A.0-Pruebas_Selección/10.1.2-Flujo_aprobación_requerimiento

2022-03-29 19:18:38 - [TEST_STEP][PASSED] - callTestCase(findTestCase("0.1-Login"), [:], STOP_ON_FAILURE): Call Test Case 'Test Cases/0.1-Login' successfully

2022-03-29 19:18:38 - [TEST_CASE][PASSED] - Test Cases/0.1-Login: Test Cases/0.1-Login

2022-03-29 19:18:38 - [TEST_STEP][PASSED] - openBrowser(""): Browser is opened with url: ''

2022-03-29 19:18:38 - [MESSAGE][INFO] - Starting 'Chrome' driver

2022-03-29 19:18:38 - [MESSAGE][INFO] - Action delay is set to 50 milliseconds

2022-03-29 19:18:39 - [MESSAGE][PASSED] - Browser is opened with url: ''

2022-03-29 19:18:39 - [TEST_STEP][PASSED] - maximizeWindow(): Current window maximized

2022-03-29 19:18:39 - [MESSAGE][PASSED] - Current window maximized

2022-03-29 19:18:39 - [TEST_STEP][PASSED] - i = G_Login: null

2022-03-29 19:18:39 - [TEST_STEP][PASSED] - url = new java.net.URL(i): null

2022-03-29 19:18:39 - [TEST_STEP][PASSED] - println("URL: " + url.toString()): null

2022-03-29 19:18:39 - [TEST_STEP][PASSED] - connection = url.openConnection(): null

2022-03-29 19:18:39 - [TEST_STEP][PASSED] - connection.setRequestMethod("GET"): null

2022-03-29 19:18:39 - [TEST_STEP][PASSED] - connection.setReadTimeout(2 * 1000): null

2022-03-29 19:18:39 - [TEST_STEP][PASSED] - try: null

2022-03-29 19:18:39 - [TEST_STEP][PASSED] - connection.connect(): null

2022-03-29 19:18:39 - [TEST_STEP][PASSED] - flag = connected: null

2022-03-29 19:18:39 - [TEST_STEP][PASSED] - println("Valor_ori: " + flag): null

2022-03-29 19:18:39 - [TEST_STEP][PASSED] - if (flag): null

2022-03-29 19:18:39 - [TEST_STEP][PASSED] - navigateToUrl(i): Navigate to 'http://192.168.2.19:8380/saraweb' successfully

2022-03-29 19:18:40 - [MESSAGE][PASSED] - Navigate to 'http://192.168.2.19:8380/saraweb' successfully

2022-03-29 19:18:40 - [TEST_STEP][PASSED] - a(): null

2022-03-29 19:18:40 - [TEST_STEP][PASSED] - setText(findTestObject("Login/input_USUARIO_loginusuario"), G_Usuario): Text 'saraadmin' is set on object 'Object Repository/Login/input_USUARIO_loginusuario'

2022-03-29 19:18:41 - [MESSAGE][PASSED] - Text 'saraadmin' is set on object 'Object Repository/Login/input_USUARIO_loginusuario'

2022-03-29 19:18:41 - [TEST_STEP][PASSED] - setEncryptedText(findTestObject("Login/input_CLAVE_loginpassword"), "MkG4/TYiCFC3cb2driP7+Q=="): Text ****** has been set on object 'Object Repository/Login/input_CLAVE_loginpassword'

2022-03-29 19:18:41 - [MESSAGE][PASSED] - Text ****** has been set on object 'Object Repository/Login/input_CLAVE_loginpassword'

2022-03-29 19:18:41 - [TEST_STEP][PASSED] - waitForElementClickable(findTestObject("Login/a_Ingresar"), G_TimeOut): Object 'Object Repository/Login/a_Ingresar' is clickable

2022-03-29 19:18:42 - [MESSAGE][PASSED] - Object 'Object Repository/Login/a_Ingresar' is clickable

2022-03-29 19:18:42 - [TEST_STEP][PASSED] - click(findTestObject("Login/a_Ingresar")): Object: 'Object Repository/Login/a_Ingresar' is clicked on

2022-03-29 19:18:42 - [MESSAGE][PASSED] - Object: 'Object Repository/Login/a_Ingresar' is clicked on

2022-03-29 19:18:42 - [TEST_STEP][PASSED] - element = findWebElement(findTestObject("Login/a_Ir"), 30): null

2022-03-29 19:18:43 - [TEST_STEP][PASSED] - executeJavaScript("arguments[0].click()", Arrays.asList(element)): Execute JavaScript 'arguments[0].click()' successfully

2022-03-29 19:18:43 - [MESSAGE][PASSED] - Execute JavaScript 'arguments[0].click()' successfully

2022-03-29 19:18:43 - [MESSAGE][PASSED] - Call Test Case 'Test Cases/0.1-Login' successfully

2022-03-29 19:18:43 - [TEST_STEP][PASSED] - setText(findTestObject("Modulo Selección/Flujo_aprobación_requerimiento/input_Empresa 1_form_templatej_idt24_input"), "Manejo proceso"): Text 'Manejo proceso' is set on object 'Object Repository/Modulo Selección/Flujo_aprobación_requerimiento/input_Empresa 1_form_templatej_idt24_input'

2022-03-29 19:18:44 - [MESSAGE][PASSED] - Text 'Manejo proceso' is set on object 'Object Repository/Modulo Selección/Flujo_aprobación_requerimiento/input_Empresa 1_form_templatej_idt24_input'

2022-03-29 19:18:44 - [TEST_STEP][PASSED] - click(findTestObject("Modulo Selección/Flujo_aprobación_requerimiento/li_Manejo Proceso (gna)")): Object: 'Object Repository/Modulo Selección/Flujo_aprobación_requerimiento/li_Manejo Proceso (gna)' is clicked on

2022-03-29 19:18:46 - [MESSAGE][PASSED] - Object: 'Object Repository/Modulo Selección/Flujo_aprobación_requerimiento/li_Manejo Proceso (gna)' is clicked on

2022-03-29 19:18:46 - [TEST_STEP][PASSED] - click(findTestObject("Modulo Selección/Flujo_aprobación_requerimiento/a_Requerimiento")): Object: 'Object Repository/Modulo Selección/Flujo_aprobación_requerimiento/a_Requerimiento' is clicked on

2022-03-29 19:18:47 - [MESSAGE][PASSED] - Object: 'Object Repository/Modulo Selección/Flujo_aprobación_requerimiento/a_Requerimiento' is clicked on

2022-03-29 19:18:47 - [TEST_STEP][PASSED] - click(findTestObject("Modulo Selección/Flujo_aprobación_requerimiento/td_MOD1-Requerimiento de personal")): Object: 'Object Repository/Modulo Selección/Flujo_aprobación_requerimiento/td_MOD1-Requerimiento de personal' is clicked on

2022-03-29 19:18:48 - [MESSAGE][PASSED] - Object: 'Object Repository/Modulo Selección/Flujo_aprobación_requerimiento/td_MOD1-Requerimiento de personal' is clicked on

2022-03-29 19:18:48 - [TEST_STEP][PASSED] - closeBrowser(): Browser is closed

2022-03-29 19:18:48 - [MESSAGE][PASSED] - Browser is closed]]></system-out>
         <system-err><![CDATA[]]></system-err>
      </testcase>
      <testcase name="Test Cases/1.2-Tareas_Secundarias/A.0-Pruebas_Selección/10.1.3-Crear_proceso_de_selección_por_BPM" time="42.704" classname="Test Cases/1.2-Tareas_Secundarias/A.0-Pruebas_Selección/10.1.3-Crear_proceso_de_selección_por_BPM" status="PASSED">
         <system-out><![CDATA[2022-03-29 19:18:48 - [TEST_CASE][PASSED] - Test Cases/1.2-Tareas_Secundarias/A.0-Pruebas_Selección/10.1.3-Crear_proceso_de_selección_por_BPM: Test Cases/1.2-Tareas_Secundarias/A.0-Pruebas_Selección/10.1.3-Crear_proceso_de_selección_por_BPM

2022-03-29 19:18:49 - [TEST_STEP][PASSED] - comment("NO SE PUEDE ELIMINAR REGISTROS"): NO SE PUEDE ELIMINAR REGISTROS

2022-03-29 19:18:49 - [MESSAGE][INFO] - NO SE PUEDE ELIMINAR REGISTROS

2022-03-29 19:18:49 - [TEST_STEP][PASSED] - callTestCase(findTestCase("0.1-Login"), [:], STOP_ON_FAILURE): Call Test Case 'Test Cases/0.1-Login' successfully

2022-03-29 19:18:49 - [TEST_CASE][PASSED] - Test Cases/0.1-Login: Test Cases/0.1-Login

2022-03-29 19:18:49 - [TEST_STEP][PASSED] - openBrowser(""): Browser is opened with url: ''

2022-03-29 19:18:49 - [MESSAGE][INFO] - Starting 'Chrome' driver

2022-03-29 19:18:49 - [MESSAGE][INFO] - Action delay is set to 50 milliseconds

2022-03-29 19:18:50 - [MESSAGE][PASSED] - Browser is opened with url: ''

2022-03-29 19:18:50 - [TEST_STEP][PASSED] - maximizeWindow(): Current window maximized

2022-03-29 19:18:50 - [MESSAGE][PASSED] - Current window maximized

2022-03-29 19:18:50 - [TEST_STEP][PASSED] - i = G_Login: null

2022-03-29 19:18:50 - [TEST_STEP][PASSED] - url = new java.net.URL(i): null

2022-03-29 19:18:50 - [TEST_STEP][PASSED] - println("URL: " + url.toString()): null

2022-03-29 19:18:50 - [TEST_STEP][PASSED] - connection = url.openConnection(): null

2022-03-29 19:18:50 - [TEST_STEP][PASSED] - connection.setRequestMethod("GET"): null

2022-03-29 19:18:50 - [TEST_STEP][PASSED] - connection.setReadTimeout(2 * 1000): null

2022-03-29 19:18:50 - [TEST_STEP][PASSED] - try: null

2022-03-29 19:18:50 - [TEST_STEP][PASSED] - connection.connect(): null

2022-03-29 19:18:50 - [TEST_STEP][PASSED] - flag = connected: null

2022-03-29 19:18:50 - [TEST_STEP][PASSED] - println("Valor_ori: " + flag): null

2022-03-29 19:18:50 - [TEST_STEP][PASSED] - if (flag): null

2022-03-29 19:18:50 - [TEST_STEP][PASSED] - navigateToUrl(i): Navigate to 'http://192.168.2.19:8380/saraweb' successfully

2022-03-29 19:18:50 - [MESSAGE][PASSED] - Navigate to 'http://192.168.2.19:8380/saraweb' successfully

2022-03-29 19:18:50 - [TEST_STEP][PASSED] - a(): null

2022-03-29 19:18:50 - [TEST_STEP][PASSED] - setText(findTestObject("Login/input_USUARIO_loginusuario"), G_Usuario): Text 'saraadmin' is set on object 'Object Repository/Login/input_USUARIO_loginusuario'

2022-03-29 19:18:52 - [MESSAGE][PASSED] - Text 'saraadmin' is set on object 'Object Repository/Login/input_USUARIO_loginusuario'

2022-03-29 19:18:52 - [TEST_STEP][PASSED] - setEncryptedText(findTestObject("Login/input_CLAVE_loginpassword"), "MkG4/TYiCFC3cb2driP7+Q=="): Text ****** has been set on object 'Object Repository/Login/input_CLAVE_loginpassword'

2022-03-29 19:18:52 - [MESSAGE][PASSED] - Text ****** has been set on object 'Object Repository/Login/input_CLAVE_loginpassword'

2022-03-29 19:18:52 - [TEST_STEP][PASSED] - waitForElementClickable(findTestObject("Login/a_Ingresar"), G_TimeOut): Object 'Object Repository/Login/a_Ingresar' is clickable

2022-03-29 19:18:53 - [MESSAGE][PASSED] - Object 'Object Repository/Login/a_Ingresar' is clickable

2022-03-29 19:18:53 - [TEST_STEP][PASSED] - click(findTestObject("Login/a_Ingresar")): Object: 'Object Repository/Login/a_Ingresar' is clicked on

2022-03-29 19:18:54 - [MESSAGE][PASSED] - Object: 'Object Repository/Login/a_Ingresar' is clicked on

2022-03-29 19:18:54 - [TEST_STEP][PASSED] - element = findWebElement(findTestObject("Login/a_Ir"), 30): null

2022-03-29 19:18:54 - [TEST_STEP][PASSED] - executeJavaScript("arguments[0].click()", Arrays.asList(element)): Execute JavaScript 'arguments[0].click()' successfully

2022-03-29 19:18:54 - [MESSAGE][PASSED] - Execute JavaScript 'arguments[0].click()' successfully

2022-03-29 19:18:54 - [MESSAGE][PASSED] - Call Test Case 'Test Cases/0.1-Login' successfully

2022-03-29 19:18:54 - [TEST_STEP][PASSED] - setText(findTestObject("Modulo Selección/Crear_proceso_de_selección_por_BPM/input_Empresa 1_form_templatej_idt24_input"), "proceso de seleccion"): Text 'proceso de seleccion' is set on object 'Object Repository/Modulo Selección/Crear_proceso_de_selección_por_BPM/input_Empresa 1_form_templatej_idt24_input'

2022-03-29 19:18:55 - [MESSAGE][PASSED] - Text 'proceso de seleccion' is set on object 'Object Repository/Modulo Selección/Crear_proceso_de_selección_por_BPM/input_Empresa 1_form_templatej_idt24_input'

2022-03-29 19:18:55 - [TEST_STEP][PASSED] - click(findTestObject("Modulo Selección/Crear_proceso_de_selección_por_BPM/span_Proceso de Sele")): Object: 'Object Repository/Modulo Selección/Crear_proceso_de_selección_por_BPM/span_Proceso de Sele' is clicked on

2022-03-29 19:18:57 - [MESSAGE][PASSED] - Object: 'Object Repository/Modulo Selección/Crear_proceso_de_selección_por_BPM/span_Proceso de Sele' is clicked on

2022-03-29 19:18:57 - [TEST_STEP][PASSED] - setText(findTestObject("Modulo Selección/Crear_proceso_de_selección_por_BPM/input_Fecha Inicial_filtro_procesoseleccionfechaps_input"), "29/06/2017"): Text '29/06/2017' is set on object 'Object Repository/Modulo Selección/Crear_proceso_de_selección_por_BPM/input_Fecha Inicial_filtro_procesoseleccionfechaps_input'

2022-03-29 19:18:59 - [MESSAGE][PASSED] - Text '29/06/2017' is set on object 'Object Repository/Modulo Selección/Crear_proceso_de_selección_por_BPM/input_Fecha Inicial_filtro_procesoseleccionfechaps_input'

2022-03-29 19:18:59 - [TEST_STEP][PASSED] - setText(findTestObject("Modulo Selección/Crear_proceso_de_selección_por_BPM/input_Fecha Final_filtro_procesoseleccionfechaps1_input"), "10/07/2017"): Text '10/07/2017' is set on object 'Object Repository/Modulo Selección/Crear_proceso_de_selección_por_BPM/input_Fecha Final_filtro_procesoseleccionfechaps1_input'

2022-03-29 19:19:00 - [MESSAGE][PASSED] - Text '10/07/2017' is set on object 'Object Repository/Modulo Selección/Crear_proceso_de_selección_por_BPM/input_Fecha Final_filtro_procesoseleccionfechaps1_input'

2022-03-29 19:19:00 - [TEST_STEP][PASSED] - if (waitForElementVisible(findTestObject("Modulo Selección/Crear_proceso_de_selección_por_BPM/td_8028     - Analista De Sistemas"), 1)): null

2022-03-29 19:19:00 - [MESSAGE][PASSED] - Object 'Object Repository/Modulo Selección/Crear_proceso_de_selección_por_BPM/td_8028     - Analista De Sistemas' is visible

2022-03-29 19:19:00 - [TEST_STEP][PASSED] - waitForElementVisible(findTestObject("Modulo Selección/Crear_proceso_de_selección_por_BPM/td_8028     - Analista De Sistemas"), 0): Object 'Object Repository/Modulo Selección/Crear_proceso_de_selección_por_BPM/td_8028     - Analista De Sistemas' is visible

2022-03-29 19:19:00 - [MESSAGE][WARNING] - Timeout '0' is invalid. Using default page load timeout: '45'

2022-03-29 19:19:01 - [MESSAGE][PASSED] - Object 'Object Repository/Modulo Selección/Crear_proceso_de_selección_por_BPM/td_8028     - Analista De Sistemas' is visible

2022-03-29 19:19:01 - [TEST_STEP][PASSED] - click(findTestObject("Modulo Selección/Crear_proceso_de_selección_por_BPM/td_8028     - Analista De Sistemas")): Object: 'Object Repository/Modulo Selección/Crear_proceso_de_selección_por_BPM/td_8028     - Analista De Sistemas' is clicked on

2022-03-29 19:19:01 - [MESSAGE][PASSED] - Object: 'Object Repository/Modulo Selección/Crear_proceso_de_selección_por_BPM/td_8028     - Analista De Sistemas' is clicked on

2022-03-29 19:19:01 - [TEST_STEP][PASSED] - click(findTestObject("Modulo Selección/Crear_proceso_de_selección_por_BPM/a_Etapa")): Object: 'Object Repository/Modulo Selección/Crear_proceso_de_selección_por_BPM/a_Etapa' is clicked on

2022-03-29 19:19:02 - [MESSAGE][PASSED] - Object: 'Object Repository/Modulo Selección/Crear_proceso_de_selección_por_BPM/a_Etapa' is clicked on

2022-03-29 19:19:02 - [TEST_STEP][PASSED] - if (waitForElementVisible(findTestObject("Modulo Selección/Crear_proceso_de_selección_por_BPM/td_PRUEBA"), 1)): null

2022-03-29 19:19:04 - [MESSAGE][PASSED] - Object 'Object Repository/Modulo Selección/Crear_proceso_de_selección_por_BPM/td_PRUEBA' is visible

2022-03-29 19:19:04 - [TEST_STEP][PASSED] - click(findTestObject("Modulo Selección/Crear_proceso_de_selección_por_BPM/td_PRUEBA")): Object: 'Object Repository/Modulo Selección/Crear_proceso_de_selección_por_BPM/td_PRUEBA' is clicked on

2022-03-29 19:19:04 - [MESSAGE][PASSED] - Object: 'Object Repository/Modulo Selección/Crear_proceso_de_selección_por_BPM/td_PRUEBA' is clicked on

2022-03-29 19:19:04 - [TEST_STEP][PASSED] - click(findTestObject("Modulo Selección/Crear_proceso_de_selección_por_BPM/a_Eliminar")): Object: 'Object Repository/Modulo Selección/Crear_proceso_de_selección_por_BPM/a_Eliminar' is clicked on

2022-03-29 19:19:05 - [MESSAGE][PASSED] - Object: 'Object Repository/Modulo Selección/Crear_proceso_de_selección_por_BPM/a_Eliminar' is clicked on

2022-03-29 19:19:05 - [TEST_STEP][PASSED] - click(findTestObject("Modulo Selección/Crear_proceso_de_selección_por_BPM/span_Si")): Object: 'Object Repository/Modulo Selección/Crear_proceso_de_selección_por_BPM/span_Si' is clicked on

2022-03-29 19:19:06 - [MESSAGE][PASSED] - Object: 'Object Repository/Modulo Selección/Crear_proceso_de_selección_por_BPM/span_Si' is clicked on

2022-03-29 19:19:06 - [TEST_STEP][PASSED] - click(findTestObject("Modulo Selección/Crear_proceso_de_selección_por_BPM/a_Nuevo1")): Object: 'Object Repository/Modulo Selección/Crear_proceso_de_selección_por_BPM/a_Nuevo1' is clicked on

2022-03-29 19:19:07 - [MESSAGE][PASSED] - Object: 'Object Repository/Modulo Selección/Crear_proceso_de_selección_por_BPM/a_Nuevo1' is clicked on

2022-03-29 19:19:07 - [TEST_STEP][PASSED] - selectOptionByIndex(findTestObject("Modulo Selección/Crear_proceso_de_selección_por_BPM/select_--Seleccione--Ajuste al cargoContacto"), 9): All options with index in [9] are selected on object 'Object Repository/Modulo Selección/Crear_proceso_de_selección_por_BPM/select_--Seleccione--Ajuste al cargoContacto'

2022-03-29 19:19:09 - [MESSAGE][PASSED] - All options with index in [9] are selected on object 'Object Repository/Modulo Selección/Crear_proceso_de_selección_por_BPM/select_--Seleccione--Ajuste al cargoContacto'

2022-03-29 19:19:09 - [TEST_STEP][PASSED] - setText(findTestObject("Modulo Selección/Crear_proceso_de_selección_por_BPM/input_Nmero_popupEtapaSeleccion_formorden"), "11"): Text '11' is set on object 'Object Repository/Modulo Selección/Crear_proceso_de_selección_por_BPM/input_Nmero_popupEtapaSeleccion_formorden'

2022-03-29 19:19:11 - [MESSAGE][PASSED] - Text '11' is set on object 'Object Repository/Modulo Selección/Crear_proceso_de_selección_por_BPM/input_Nmero_popupEtapaSeleccion_formorden'

2022-03-29 19:19:11 - [TEST_STEP][PASSED] - click(findTestObject("Modulo Selección/Crear_proceso_de_selección_por_BPM/div_INFORME FINAL_ui-chkbox-box ui-widget ui-corner-all ui-state-default ui-state-hover1")): Object: 'Object Repository/Modulo Selección/Crear_proceso_de_selección_por_BPM/div_INFORME FINAL_ui-chkbox-box ui-widget ui-corner-all ui-state-default ui-state-hover1' is clicked on

2022-03-29 19:19:11 - [MESSAGE][PASSED] - Object: 'Object Repository/Modulo Selección/Crear_proceso_de_selección_por_BPM/div_INFORME FINAL_ui-chkbox-box ui-widget ui-corner-all ui-state-default ui-state-hover1' is clicked on

2022-03-29 19:19:11 - [TEST_STEP][PASSED] - selectOptionByIndex(findTestObject("Modulo Selección/Crear_proceso_de_selección_por_BPM/select_SeleccioneClasificatoriaEliminatoriaNo Aplica"), 3): All options with index in [3] are selected on object 'Object Repository/Modulo Selección/Crear_proceso_de_selección_por_BPM/select_SeleccioneClasificatoriaEliminatoriaNo Aplica'

2022-03-29 19:19:13 - [MESSAGE][PASSED] - All options with index in [3] are selected on object 'Object Repository/Modulo Selección/Crear_proceso_de_selección_por_BPM/select_SeleccioneClasificatoriaEliminatoriaNo Aplica'

2022-03-29 19:19:13 - [TEST_STEP][PASSED] - setText(findTestObject("Modulo Selección/Crear_proceso_de_selección_por_BPM/input_Evaluacin Artstica_popupEtapaSeleccion_formtabla1peso"), "15"): Text '15' is set on object 'Object Repository/Modulo Selección/Crear_proceso_de_selección_por_BPM/input_Evaluacin Artstica_popupEtapaSeleccion_formtabla1peso'

2022-03-29 19:19:14 - [MESSAGE][PASSED] - Text '15' is set on object 'Object Repository/Modulo Selección/Crear_proceso_de_selección_por_BPM/input_Evaluacin Artstica_popupEtapaSeleccion_formtabla1peso'

2022-03-29 19:19:14 - [TEST_STEP][PASSED] - setText(findTestObject("Modulo Selección/Crear_proceso_de_selección_por_BPM/input_Evaluacin Artstica_popupEtapaSeleccion_formtabla1minimo"), "3"): Text '3' is set on object 'Object Repository/Modulo Selección/Crear_proceso_de_selección_por_BPM/input_Evaluacin Artstica_popupEtapaSeleccion_formtabla1minimo'

2022-03-29 19:19:15 - [MESSAGE][PASSED] - Text '3' is set on object 'Object Repository/Modulo Selección/Crear_proceso_de_selección_por_BPM/input_Evaluacin Artstica_popupEtapaSeleccion_formtabla1minimo'

2022-03-29 19:19:15 - [TEST_STEP][PASSED] - setText(findTestObject("Modulo Selección/Crear_proceso_de_selección_por_BPM/input_Evaluacin Artstica_popupEtapaSeleccion_formtabla1maximo"), "10"): Text '10' is set on object 'Object Repository/Modulo Selección/Crear_proceso_de_selección_por_BPM/input_Evaluacin Artstica_popupEtapaSeleccion_formtabla1maximo'

2022-03-29 19:19:16 - [MESSAGE][PASSED] - Text '10' is set on object 'Object Repository/Modulo Selección/Crear_proceso_de_selección_por_BPM/input_Evaluacin Artstica_popupEtapaSeleccion_formtabla1maximo'

2022-03-29 19:19:16 - [TEST_STEP][PASSED] - click(findTestObject("Modulo Selección/Crear_proceso_de_selección_por_BPM/a_Guardar1")): Object: 'Object Repository/Modulo Selección/Crear_proceso_de_selección_por_BPM/a_Guardar1' is clicked on

2022-03-29 19:19:16 - [MESSAGE][PASSED] - Object: 'Object Repository/Modulo Selección/Crear_proceso_de_selección_por_BPM/a_Guardar1' is clicked on

2022-03-29 19:19:16 - [TEST_STEP][PASSED] - click(findTestObject("Modulo Selección/Crear_proceso_de_selección_por_BPM/a_Medio")): Object: 'Object Repository/Modulo Selección/Crear_proceso_de_selección_por_BPM/a_Medio' is clicked on

2022-03-29 19:19:18 - [MESSAGE][PASSED] - Object: 'Object Repository/Modulo Selección/Crear_proceso_de_selección_por_BPM/a_Medio' is clicked on

2022-03-29 19:19:18 - [TEST_STEP][PASSED] - if (waitForElementVisible(findTestObject("Modulo Selección/Crear_proceso_de_selección_por_BPM/td_Evaluacin Artstica"), 1)): null

2022-03-29 19:19:19 - [MESSAGE][PASSED] - Object 'Object Repository/Modulo Selección/Crear_proceso_de_selección_por_BPM/td_Evaluacin Artstica' is visible

2022-03-29 19:19:19 - [TEST_STEP][PASSED] - click(findTestObject("Modulo Selección/Crear_proceso_de_selección_por_BPM/td_Evaluacin Artstica")): Object: 'Object Repository/Modulo Selección/Crear_proceso_de_selección_por_BPM/td_Evaluacin Artstica' is clicked on

2022-03-29 19:19:20 - [MESSAGE][PASSED] - Object: 'Object Repository/Modulo Selección/Crear_proceso_de_selección_por_BPM/td_Evaluacin Artstica' is clicked on

2022-03-29 19:19:20 - [TEST_STEP][PASSED] - click(findTestObject("Modulo Selección/Crear_proceso_de_selección_por_BPM/a_Eliminar2")): Object: 'Object Repository/Modulo Selección/Crear_proceso_de_selección_por_BPM/a_Eliminar2' is clicked on

2022-03-29 19:19:21 - [MESSAGE][PASSED] - Object: 'Object Repository/Modulo Selección/Crear_proceso_de_selección_por_BPM/a_Eliminar2' is clicked on

2022-03-29 19:19:21 - [TEST_STEP][PASSED] - click(findTestObject("Modulo Selección/Crear_proceso_de_selección_por_BPM/span_Si")): Object: 'Object Repository/Modulo Selección/Crear_proceso_de_selección_por_BPM/span_Si' is clicked on

2022-03-29 19:19:21 - [MESSAGE][PASSED] - Object: 'Object Repository/Modulo Selección/Crear_proceso_de_selección_por_BPM/span_Si' is clicked on

2022-03-29 19:19:21 - [TEST_STEP][PASSED] - click(findTestObject("Modulo Selección/Crear_proceso_de_selección_por_BPM/a_Nuevo")): Object: 'Object Repository/Modulo Selección/Crear_proceso_de_selección_por_BPM/a_Nuevo' is clicked on

2022-03-29 19:19:22 - [MESSAGE][PASSED] - Object: 'Object Repository/Modulo Selección/Crear_proceso_de_selección_por_BPM/a_Nuevo' is clicked on

2022-03-29 19:19:22 - [TEST_STEP][PASSED] - selectOptionByIndex(findTestObject("Modulo Selección/Crear_proceso_de_selección_por_BPM/select_--Seleccione--Evaluacin ArtsticaINFORME FINAL"), 1): All options with index in [1] are selected on object 'Object Repository/Modulo Selección/Crear_proceso_de_selección_por_BPM/select_--Seleccione--Evaluacin ArtsticaINFORME FINAL'

2022-03-29 19:19:24 - [MESSAGE][PASSED] - All options with index in [1] are selected on object 'Object Repository/Modulo Selección/Crear_proceso_de_selección_por_BPM/select_--Seleccione--Evaluacin ArtsticaINFORME FINAL'

2022-03-29 19:19:24 - [TEST_STEP][PASSED] - selectOptionByIndex(findTestObject("Modulo Selección/Crear_proceso_de_selección_por_BPM/select_--Seleccione--ClasificatoriaEliminatoriaNo Aplica"), 3): All options with index in [3] are selected on object 'Object Repository/Modulo Selección/Crear_proceso_de_selección_por_BPM/select_--Seleccione--ClasificatoriaEliminatoriaNo Aplica'

2022-03-29 19:19:25 - [MESSAGE][PASSED] - All options with index in [3] are selected on object 'Object Repository/Modulo Selección/Crear_proceso_de_selección_por_BPM/select_--Seleccione--ClasificatoriaEliminatoriaNo Aplica'

2022-03-29 19:19:25 - [TEST_STEP][PASSED] - setText(findTestObject("Modulo Selección/Crear_proceso_de_selección_por_BPM/input_Peso_popupMedioSeleccion_formpeso"), "10"): Text '10' is set on object 'Object Repository/Modulo Selección/Crear_proceso_de_selección_por_BPM/input_Peso_popupMedioSeleccion_formpeso'

2022-03-29 19:19:26 - [MESSAGE][PASSED] - Text '10' is set on object 'Object Repository/Modulo Selección/Crear_proceso_de_selección_por_BPM/input_Peso_popupMedioSeleccion_formpeso'

2022-03-29 19:19:26 - [TEST_STEP][PASSED] - setText(findTestObject("Modulo Selección/Crear_proceso_de_selección_por_BPM/input_Mnimo_popupMedioSeleccion_formminimo"), "3"): Text '3' is set on object 'Object Repository/Modulo Selección/Crear_proceso_de_selección_por_BPM/input_Mnimo_popupMedioSeleccion_formminimo'

2022-03-29 19:19:27 - [MESSAGE][PASSED] - Text '3' is set on object 'Object Repository/Modulo Selección/Crear_proceso_de_selección_por_BPM/input_Mnimo_popupMedioSeleccion_formminimo'

2022-03-29 19:19:27 - [TEST_STEP][PASSED] - setText(findTestObject("Modulo Selección/Crear_proceso_de_selección_por_BPM/input_Mximo_popupMedioSeleccion_formmaximo"), "10"): Text '10' is set on object 'Object Repository/Modulo Selección/Crear_proceso_de_selección_por_BPM/input_Mximo_popupMedioSeleccion_formmaximo'

2022-03-29 19:19:28 - [MESSAGE][PASSED] - Text '10' is set on object 'Object Repository/Modulo Selección/Crear_proceso_de_selección_por_BPM/input_Mximo_popupMedioSeleccion_formmaximo'

2022-03-29 19:19:28 - [TEST_STEP][PASSED] - click(findTestObject("Modulo Selección/Crear_proceso_de_selección_por_BPM/a_Guardar2")): Object: 'Object Repository/Modulo Selección/Crear_proceso_de_selección_por_BPM/a_Guardar2' is clicked on

2022-03-29 19:19:29 - [MESSAGE][PASSED] - Object: 'Object Repository/Modulo Selección/Crear_proceso_de_selección_por_BPM/a_Guardar2' is clicked on

2022-03-29 19:19:29 - [TEST_STEP][PASSED] - waitForElementVisible(findTestObject("Modulo Selección/Crear_proceso_de_selección_por_BPM/p_La etapa ha sido actualizada correctamente"), 0): Object 'Object Repository/Modulo Selección/Crear_proceso_de_selección_por_BPM/p_La etapa ha sido actualizada correctamente' is visible

2022-03-29 19:19:29 - [MESSAGE][WARNING] - Timeout '0' is invalid. Using default page load timeout: '45'

2022-03-29 19:19:30 - [MESSAGE][PASSED] - Object 'Object Repository/Modulo Selección/Crear_proceso_de_selección_por_BPM/p_La etapa ha sido actualizada correctamente' is visible

2022-03-29 19:19:30 - [TEST_STEP][PASSED] - closeBrowser(): Browser is closed

2022-03-29 19:19:31 - [MESSAGE][PASSED] - Browser is closed]]></system-out>
         <system-err><![CDATA[]]></system-err>
      </testcase>
      <testcase name="Test Cases/1.2-Tareas_Secundarias/A.0-Pruebas_Selección/10.1.4-Condición_de_derecho" time="27.079" classname="Test Cases/1.2-Tareas_Secundarias/A.0-Pruebas_Selección/10.1.4-Condición_de_derecho" status="PASSED">
         <system-out><![CDATA[2022-03-29 19:19:31 - [TEST_CASE][PASSED] - Test Cases/1.2-Tareas_Secundarias/A.0-Pruebas_Selección/10.1.4-Condición_de_derecho: Test Cases/1.2-Tareas_Secundarias/A.0-Pruebas_Selección/10.1.4-Condición_de_derecho

2022-03-29 19:19:31 - [TEST_STEP][PASSED] - callTestCase(findTestCase("0.1-Login"), [:], STOP_ON_FAILURE): Call Test Case 'Test Cases/0.1-Login' successfully

2022-03-29 19:19:31 - [TEST_CASE][PASSED] - Test Cases/0.1-Login: Test Cases/0.1-Login

2022-03-29 19:19:31 - [TEST_STEP][PASSED] - openBrowser(""): Browser is opened with url: ''

2022-03-29 19:19:31 - [MESSAGE][INFO] - Starting 'Chrome' driver

2022-03-29 19:19:31 - [MESSAGE][INFO] - Action delay is set to 50 milliseconds

2022-03-29 19:19:33 - [MESSAGE][PASSED] - Browser is opened with url: ''

2022-03-29 19:19:33 - [TEST_STEP][PASSED] - maximizeWindow(): Current window maximized

2022-03-29 19:19:33 - [MESSAGE][PASSED] - Current window maximized

2022-03-29 19:19:33 - [TEST_STEP][PASSED] - i = G_Login: null

2022-03-29 19:19:33 - [TEST_STEP][PASSED] - url = new java.net.URL(i): null

2022-03-29 19:19:33 - [TEST_STEP][PASSED] - println("URL: " + url.toString()): null

2022-03-29 19:19:33 - [TEST_STEP][PASSED] - connection = url.openConnection(): null

2022-03-29 19:19:33 - [TEST_STEP][PASSED] - connection.setRequestMethod("GET"): null

2022-03-29 19:19:33 - [TEST_STEP][PASSED] - connection.setReadTimeout(2 * 1000): null

2022-03-29 19:19:33 - [TEST_STEP][PASSED] - try: null

2022-03-29 19:19:33 - [TEST_STEP][PASSED] - connection.connect(): null

2022-03-29 19:19:33 - [TEST_STEP][PASSED] - flag = connected: null

2022-03-29 19:19:33 - [TEST_STEP][PASSED] - println("Valor_ori: " + flag): null

2022-03-29 19:19:33 - [TEST_STEP][PASSED] - if (flag): null

2022-03-29 19:19:33 - [TEST_STEP][PASSED] - navigateToUrl(i): Navigate to 'http://192.168.2.19:8380/saraweb' successfully

2022-03-29 19:19:33 - [MESSAGE][PASSED] - Navigate to 'http://192.168.2.19:8380/saraweb' successfully

2022-03-29 19:19:33 - [TEST_STEP][PASSED] - a(): null

2022-03-29 19:19:33 - [TEST_STEP][PASSED] - setText(findTestObject("Login/input_USUARIO_loginusuario"), G_Usuario): Text 'saraadmin' is set on object 'Object Repository/Login/input_USUARIO_loginusuario'

2022-03-29 19:19:34 - [MESSAGE][PASSED] - Text 'saraadmin' is set on object 'Object Repository/Login/input_USUARIO_loginusuario'

2022-03-29 19:19:34 - [TEST_STEP][PASSED] - setEncryptedText(findTestObject("Login/input_CLAVE_loginpassword"), "MkG4/TYiCFC3cb2driP7+Q=="): Text ****** has been set on object 'Object Repository/Login/input_CLAVE_loginpassword'

2022-03-29 19:19:35 - [MESSAGE][PASSED] - Text ****** has been set on object 'Object Repository/Login/input_CLAVE_loginpassword'

2022-03-29 19:19:35 - [TEST_STEP][PASSED] - waitForElementClickable(findTestObject("Login/a_Ingresar"), G_TimeOut): Object 'Object Repository/Login/a_Ingresar' is clickable

2022-03-29 19:19:35 - [MESSAGE][PASSED] - Object 'Object Repository/Login/a_Ingresar' is clickable

2022-03-29 19:19:35 - [TEST_STEP][PASSED] - click(findTestObject("Login/a_Ingresar")): Object: 'Object Repository/Login/a_Ingresar' is clicked on

2022-03-29 19:19:37 - [MESSAGE][PASSED] - Object: 'Object Repository/Login/a_Ingresar' is clicked on

2022-03-29 19:19:37 - [TEST_STEP][PASSED] - element = findWebElement(findTestObject("Login/a_Ir"), 30): null

2022-03-29 19:19:37 - [TEST_STEP][PASSED] - executeJavaScript("arguments[0].click()", Arrays.asList(element)): Execute JavaScript 'arguments[0].click()' successfully

2022-03-29 19:19:37 - [MESSAGE][PASSED] - Execute JavaScript 'arguments[0].click()' successfully

2022-03-29 19:19:37 - [MESSAGE][PASSED] - Call Test Case 'Test Cases/0.1-Login' successfully

2022-03-29 19:19:37 - [TEST_STEP][PASSED] - setText(findTestObject("Modulo Selección/Condición_de_derecho/input_Empresa 1_form_templatej_idt24_input"), "proceso de seleccion"): Text 'proceso de seleccion' is set on object 'Object Repository/Modulo Selección/Condición_de_derecho/input_Empresa 1_form_templatej_idt24_input'

2022-03-29 19:19:38 - [MESSAGE][PASSED] - Text 'proceso de seleccion' is set on object 'Object Repository/Modulo Selección/Condición_de_derecho/input_Empresa 1_form_templatej_idt24_input'

2022-03-29 19:19:38 - [TEST_STEP][PASSED] - waitForElementVisible(findTestObject("Modulo Selección/Condición_de_derecho/span_Proceso de Se"), 0): Object 'Object Repository/Modulo Selección/Condición_de_derecho/span_Proceso de Se' is visible

2022-03-29 19:19:38 - [MESSAGE][WARNING] - Timeout '0' is invalid. Using default page load timeout: '45'

2022-03-29 19:19:40 - [MESSAGE][PASSED] - Object 'Object Repository/Modulo Selección/Condición_de_derecho/span_Proceso de Se' is visible

2022-03-29 19:19:40 - [TEST_STEP][PASSED] - click(findTestObject("Modulo Selección/Condición_de_derecho/span_Proceso de Se")): Object: 'Object Repository/Modulo Selección/Condición_de_derecho/span_Proceso de Se' is clicked on

2022-03-29 19:19:40 - [MESSAGE][PASSED] - Object: 'Object Repository/Modulo Selección/Condición_de_derecho/span_Proceso de Se' is clicked on

2022-03-29 19:19:40 - [TEST_STEP][PASSED] - click(findTestObject("Modulo Selección/Condición_de_derecho/td_8028     - Analista De Sistemas")): Object: 'Object Repository/Modulo Selección/Condición_de_derecho/td_8028     - Analista De Sistemas' is clicked on

2022-03-29 19:19:41 - [MESSAGE][PASSED] - Object: 'Object Repository/Modulo Selección/Condición_de_derecho/td_8028     - Analista De Sistemas' is clicked on

2022-03-29 19:19:41 - [TEST_STEP][PASSED] - click(findTestObject("Modulo Selección/Condición_de_derecho/a_Condicin de Derecho")): Object: 'Object Repository/Modulo Selección/Condición_de_derecho/a_Condicin de Derecho' is clicked on

2022-03-29 19:19:42 - [MESSAGE][PASSED] - Object: 'Object Repository/Modulo Selección/Condición_de_derecho/a_Condicin de Derecho' is clicked on

2022-03-29 19:19:42 - [TEST_STEP][PASSED] - if (waitForElementVisible(findTestObject("Modulo Selección/Condición_de_derecho/a_Edad_seleccion_procesotabla_ventanaCDTB1j_idt15812"), 1)): null

2022-03-29 19:19:43 - [MESSAGE][PASSED] - Object 'Object Repository/Modulo Selección/Condición_de_derecho/a_Edad_seleccion_procesotabla_ventanaCDTB1j_idt15812' is visible

2022-03-29 19:19:43 - [TEST_STEP][PASSED] - click(findTestObject("Modulo Selección/Condición_de_derecho/a_Edad_seleccion_procesotabla_ventanaCDTB1j_idt15812")): Object: 'Object Repository/Modulo Selección/Condición_de_derecho/a_Edad_seleccion_procesotabla_ventanaCDTB1j_idt15812' is clicked on

2022-03-29 19:19:44 - [MESSAGE][PASSED] - Object: 'Object Repository/Modulo Selección/Condición_de_derecho/a_Edad_seleccion_procesotabla_ventanaCDTB1j_idt15812' is clicked on

2022-03-29 19:19:44 - [TEST_STEP][PASSED] - click(findTestObject("Modulo Selección/Condición_de_derecho/a_Aceptar")): Object: 'Object Repository/Modulo Selección/Condición_de_derecho/a_Aceptar' is clicked on

2022-03-29 19:19:45 - [MESSAGE][PASSED] - Object: 'Object Repository/Modulo Selección/Condición_de_derecho/a_Aceptar' is clicked on

2022-03-29 19:19:45 - [TEST_STEP][PASSED] - if (waitForElementVisible(findTestObject("Modulo Selección/Condición_de_derecho/a_BOGOT_seleccion_procesotabla_ventanaCDTB0j_idt1581"), 1)): null

2022-03-29 19:19:46 - [MESSAGE][PASSED] - Object 'Object Repository/Modulo Selección/Condición_de_derecho/a_BOGOT_seleccion_procesotabla_ventanaCDTB0j_idt1581' is visible

2022-03-29 19:19:46 - [TEST_STEP][PASSED] - click(findTestObject("Modulo Selección/Condición_de_derecho/a_BOGOT_seleccion_procesotabla_ventanaCDTB0j_idt1581")): Object: 'Object Repository/Modulo Selección/Condición_de_derecho/a_BOGOT_seleccion_procesotabla_ventanaCDTB0j_idt1581' is clicked on

2022-03-29 19:19:46 - [MESSAGE][PASSED] - Object: 'Object Repository/Modulo Selección/Condición_de_derecho/a_BOGOT_seleccion_procesotabla_ventanaCDTB0j_idt1581' is clicked on

2022-03-29 19:19:46 - [TEST_STEP][PASSED] - click(findTestObject("Modulo Selección/Condición_de_derecho/a_Aceptar")): Object: 'Object Repository/Modulo Selección/Condición_de_derecho/a_Aceptar' is clicked on

2022-03-29 19:19:47 - [MESSAGE][PASSED] - Object: 'Object Repository/Modulo Selección/Condición_de_derecho/a_Aceptar' is clicked on

2022-03-29 19:19:47 - [TEST_STEP][PASSED] - selectOptionByIndex(findTestObject("Modulo Selección/Condición_de_derecho/select_-- Seleccione --CargoCargos MultiplesCategoriaCiudad"), 4): All options with index in [4] are selected on object 'Object Repository/Modulo Selección/Condición_de_derecho/select_-- Seleccione --CargoCargos MultiplesCategoriaCiudad'

2022-03-29 19:19:49 - [MESSAGE][PASSED] - All options with index in [4] are selected on object 'Object Repository/Modulo Selección/Condición_de_derecho/select_-- Seleccione --CargoCargos MultiplesCategoriaCiudad'

2022-03-29 19:19:49 - [TEST_STEP][PASSED] - click(findTestObject("Modulo Selección/Condición_de_derecho/a_No se encontr registros_seleccion_procesotabla_ventanaCDTBj_idt1504")): Object: 'Object Repository/Modulo Selección/Condición_de_derecho/a_No se encontr registros_seleccion_procesotabla_ventanaCDTBj_idt1504' is clicked on

2022-03-29 19:19:49 - [MESSAGE][PASSED] - Object: 'Object Repository/Modulo Selección/Condición_de_derecho/a_No se encontr registros_seleccion_procesotabla_ventanaCDTBj_idt1504' is clicked on

2022-03-29 19:19:50 - [TEST_STEP][PASSED] - setText(findTestObject("Modulo Selección/Condición_de_derecho/input_Ubicacin Geogrfica_formPopUpUbicacionj_idt2630"), "bogotá"): Text 'bogotá' is set on object 'Object Repository/Modulo Selección/Condición_de_derecho/input_Ubicacin Geogrfica_formPopUpUbicacionj_idt2630'

2022-03-29 19:19:51 - [MESSAGE][PASSED] - Text 'bogotá' is set on object 'Object Repository/Modulo Selección/Condición_de_derecho/input_Ubicacin Geogrfica_formPopUpUbicacionj_idt2630'

2022-03-29 19:19:51 - [TEST_STEP][PASSED] - sendKeys(findTestObject("Modulo Selección/Condición_de_derecho/input_Ubicacin Geogrfica_formPopUpUbicacionj_idt2630"), Keys.chord(ENTER)): Keys 'ENTER + ' sent to object: 'Object Repository/Modulo Selección/Condición_de_derecho/input_Ubicacin Geogrfica_formPopUpUbicacionj_idt2630'

2022-03-29 19:19:51 - [MESSAGE][PASSED] - Keys 'ENTER + ' sent to object: 'Object Repository/Modulo Selección/Condición_de_derecho/input_Ubicacin Geogrfica_formPopUpUbicacionj_idt2630'

2022-03-29 19:19:51 - [TEST_STEP][PASSED] - click(findTestObject("Modulo Selección/Condición_de_derecho/td_11001     BOGOT")): Object: 'Object Repository/Modulo Selección/Condición_de_derecho/td_11001     BOGOT' is clicked on

2022-03-29 19:19:52 - [MESSAGE][PASSED] - Object: 'Object Repository/Modulo Selección/Condición_de_derecho/td_11001     BOGOT' is clicked on

2022-03-29 19:19:52 - [TEST_STEP][PASSED] - click(findTestObject("Modulo Selección/Condición_de_derecho/a_No se encontr registros_seleccion_procesotabla_ventanaCDTBj_idt1582")): Object: 'Object Repository/Modulo Selección/Condición_de_derecho/a_No se encontr registros_seleccion_procesotabla_ventanaCDTBj_idt1582' is clicked on

2022-03-29 19:19:53 - [MESSAGE][PASSED] - Object: 'Object Repository/Modulo Selección/Condición_de_derecho/a_No se encontr registros_seleccion_procesotabla_ventanaCDTBj_idt1582' is clicked on

2022-03-29 19:19:53 - [TEST_STEP][PASSED] - selectOptionByIndex(findTestObject("Modulo Selección/Condición_de_derecho/select_-- Seleccione --CargoCargos MultiplesCategoriaCiudad"), 6): All options with index in [6] are selected on object 'Object Repository/Modulo Selección/Condición_de_derecho/select_-- Seleccione --CargoCargos MultiplesCategoriaCiudad'

2022-03-29 19:19:55 - [MESSAGE][PASSED] - All options with index in [6] are selected on object 'Object Repository/Modulo Selección/Condición_de_derecho/select_-- Seleccione --CargoCargos MultiplesCategoriaCiudad'

2022-03-29 19:19:55 - [TEST_STEP][PASSED] - setText(findTestObject("Modulo Selección/Condición_de_derecho/input_BOGOT_seleccion_procesotabla_ventanaCDTBedadMinima"), "20"): Text '20' is set on object 'Object Repository/Modulo Selección/Condición_de_derecho/input_BOGOT_seleccion_procesotabla_ventanaCDTBedadMinima'

2022-03-29 19:19:56 - [MESSAGE][PASSED] - Text '20' is set on object 'Object Repository/Modulo Selección/Condición_de_derecho/input_BOGOT_seleccion_procesotabla_ventanaCDTBedadMinima'

2022-03-29 19:19:56 - [TEST_STEP][PASSED] - setText(findTestObject("Modulo Selección/Condición_de_derecho/input_BOGOT_seleccion_procesotabla_ventanaCDTBedadMaxima"), "60"): Text '60' is set on object 'Object Repository/Modulo Selección/Condición_de_derecho/input_BOGOT_seleccion_procesotabla_ventanaCDTBedadMaxima'

2022-03-29 19:19:57 - [MESSAGE][PASSED] - Text '60' is set on object 'Object Repository/Modulo Selección/Condición_de_derecho/input_BOGOT_seleccion_procesotabla_ventanaCDTBedadMaxima'

2022-03-29 19:19:57 - [TEST_STEP][PASSED] - click(findTestObject("Modulo Selección/Condición_de_derecho/a_No se encontr registros_seleccion_procesotabla_ventanaCDTBj_idt1582")): Object: 'Object Repository/Modulo Selección/Condición_de_derecho/a_No se encontr registros_seleccion_procesotabla_ventanaCDTBj_idt1582' is clicked on

2022-03-29 19:19:58 - [MESSAGE][PASSED] - Object: 'Object Repository/Modulo Selección/Condición_de_derecho/a_No se encontr registros_seleccion_procesotabla_ventanaCDTBj_idt1582' is clicked on]]></system-out>
         <system-err><![CDATA[]]></system-err>
      </testcase>
      <testcase name="Test Cases/1.2-Tareas_Secundarias/A.0-Pruebas_Selección/10.1.5-Publicación_de_la_convocatoria" time="22.594" classname="Test Cases/1.2-Tareas_Secundarias/A.0-Pruebas_Selección/10.1.5-Publicación_de_la_convocatoria" status="PASSED">
         <system-out><![CDATA[2022-03-29 19:19:58 - [TEST_CASE][PASSED] - Test Cases/1.2-Tareas_Secundarias/A.0-Pruebas_Selección/10.1.5-Publicación_de_la_convocatoria: Test Cases/1.2-Tareas_Secundarias/A.0-Pruebas_Selección/10.1.5-Publicación_de_la_convocatoria

2022-03-29 19:19:58 - [TEST_STEP][PASSED] - today = new java.util.Date(): null

2022-03-29 19:19:58 - [TEST_STEP][PASSED] - Dia = today.format("dd"): null

2022-03-29 19:19:58 - [TEST_STEP][PASSED] - Mes = today.format("MM"): null

2022-03-29 19:19:58 - [TEST_STEP][PASSED] - Año = today.format("yyyy"): null

2022-03-29 19:19:58 - [TEST_STEP][PASSED] - AñoM = Año + 1: null

2022-03-29 19:19:58 - [TEST_STEP][PASSED] - fechaI = Dia + "/" + Mes + "/" + Año: null

2022-03-29 19:19:58 - [TEST_STEP][PASSED] - fechaF = Dia + "/" + Mes + "/" + AñoM: null

2022-03-29 19:19:58 - [TEST_STEP][PASSED] - callTestCase(findTestCase("0.1-Login"), [:], STOP_ON_FAILURE): Call Test Case 'Test Cases/0.1-Login' successfully

2022-03-29 19:19:59 - [TEST_CASE][PASSED] - Test Cases/0.1-Login: Test Cases/0.1-Login

2022-03-29 19:19:59 - [TEST_STEP][PASSED] - openBrowser(""): Browser is opened with url: ''

2022-03-29 19:19:59 - [MESSAGE][WARNING] - A browser is already opened. Closing browser and opening a new one

2022-03-29 19:19:59 - [MESSAGE][INFO] - Starting 'Chrome' driver

2022-03-29 19:19:59 - [MESSAGE][INFO] - Action delay is set to 50 milliseconds

2022-03-29 19:20:01 - [MESSAGE][PASSED] - Browser is opened with url: ''

2022-03-29 19:20:01 - [TEST_STEP][PASSED] - maximizeWindow(): Current window maximized

2022-03-29 19:20:01 - [MESSAGE][PASSED] - Current window maximized

2022-03-29 19:20:01 - [TEST_STEP][PASSED] - i = G_Login: null

2022-03-29 19:20:01 - [TEST_STEP][PASSED] - url = new java.net.URL(i): null

2022-03-29 19:20:01 - [TEST_STEP][PASSED] - println("URL: " + url.toString()): null

2022-03-29 19:20:01 - [TEST_STEP][PASSED] - connection = url.openConnection(): null

2022-03-29 19:20:01 - [TEST_STEP][PASSED] - connection.setRequestMethod("GET"): null

2022-03-29 19:20:01 - [TEST_STEP][PASSED] - connection.setReadTimeout(2 * 1000): null

2022-03-29 19:20:01 - [TEST_STEP][PASSED] - try: null

2022-03-29 19:20:01 - [TEST_STEP][PASSED] - connection.connect(): null

2022-03-29 19:20:01 - [TEST_STEP][PASSED] - flag = connected: null

2022-03-29 19:20:01 - [TEST_STEP][PASSED] - println("Valor_ori: " + flag): null

2022-03-29 19:20:01 - [TEST_STEP][PASSED] - if (flag): null

2022-03-29 19:20:01 - [TEST_STEP][PASSED] - navigateToUrl(i): Navigate to 'http://192.168.2.19:8380/saraweb' successfully

2022-03-29 19:20:01 - [MESSAGE][PASSED] - Navigate to 'http://192.168.2.19:8380/saraweb' successfully

2022-03-29 19:20:01 - [TEST_STEP][PASSED] - a(): null

2022-03-29 19:20:01 - [TEST_STEP][PASSED] - setText(findTestObject("Login/input_USUARIO_loginusuario"), G_Usuario): Text 'saraadmin' is set on object 'Object Repository/Login/input_USUARIO_loginusuario'

2022-03-29 19:20:02 - [MESSAGE][PASSED] - Text 'saraadmin' is set on object 'Object Repository/Login/input_USUARIO_loginusuario'

2022-03-29 19:20:02 - [TEST_STEP][PASSED] - setEncryptedText(findTestObject("Login/input_CLAVE_loginpassword"), "MkG4/TYiCFC3cb2driP7+Q=="): Text ****** has been set on object 'Object Repository/Login/input_CLAVE_loginpassword'

2022-03-29 19:20:03 - [MESSAGE][PASSED] - Text ****** has been set on object 'Object Repository/Login/input_CLAVE_loginpassword'

2022-03-29 19:20:03 - [TEST_STEP][PASSED] - waitForElementClickable(findTestObject("Login/a_Ingresar"), G_TimeOut): Object 'Object Repository/Login/a_Ingresar' is clickable

2022-03-29 19:20:03 - [MESSAGE][PASSED] - Object 'Object Repository/Login/a_Ingresar' is clickable

2022-03-29 19:20:03 - [TEST_STEP][PASSED] - click(findTestObject("Login/a_Ingresar")): Object: 'Object Repository/Login/a_Ingresar' is clicked on

2022-03-29 19:20:05 - [MESSAGE][PASSED] - Object: 'Object Repository/Login/a_Ingresar' is clicked on

2022-03-29 19:20:05 - [TEST_STEP][PASSED] - element = findWebElement(findTestObject("Login/a_Ir"), 30): null

2022-03-29 19:20:05 - [TEST_STEP][PASSED] - executeJavaScript("arguments[0].click()", Arrays.asList(element)): Execute JavaScript 'arguments[0].click()' successfully

2022-03-29 19:20:05 - [MESSAGE][PASSED] - Execute JavaScript 'arguments[0].click()' successfully

2022-03-29 19:20:05 - [MESSAGE][PASSED] - Call Test Case 'Test Cases/0.1-Login' successfully

2022-03-29 19:20:05 - [TEST_STEP][PASSED] - setText(findTestObject("Modulo Selección/Publicación_de_la_convocatoria/input_Empresa 1_form_templatej_idt24_input"), "proceso de seleccion"): Text 'proceso de seleccion' is set on object 'Object Repository/Modulo Selección/Publicación_de_la_convocatoria/input_Empresa 1_form_templatej_idt24_input'

2022-03-29 19:20:06 - [MESSAGE][PASSED] - Text 'proceso de seleccion' is set on object 'Object Repository/Modulo Selección/Publicación_de_la_convocatoria/input_Empresa 1_form_templatej_idt24_input'

2022-03-29 19:20:06 - [TEST_STEP][PASSED] - click(findTestObject("Modulo Selección/Publicación_de_la_convocatoria/span_Proceso de Sel")): Object: 'Object Repository/Modulo Selección/Publicación_de_la_convocatoria/span_Proceso de Sel' is clicked on

2022-03-29 19:20:08 - [MESSAGE][PASSED] - Object: 'Object Repository/Modulo Selección/Publicación_de_la_convocatoria/span_Proceso de Sel' is clicked on

2022-03-29 19:20:08 - [TEST_STEP][PASSED] - setText(findTestObject("Modulo Selección/Publicación_de_la_convocatoria/input_Fecha Inicial_filtro_procesoseleccionfechaps_input"), "29/06/2017"): Text '29/06/2017' is set on object 'Object Repository/Modulo Selección/Publicación_de_la_convocatoria/input_Fecha Inicial_filtro_procesoseleccionfechaps_input'

2022-03-29 19:20:10 - [MESSAGE][PASSED] - Text '29/06/2017' is set on object 'Object Repository/Modulo Selección/Publicación_de_la_convocatoria/input_Fecha Inicial_filtro_procesoseleccionfechaps_input'

2022-03-29 19:20:10 - [TEST_STEP][PASSED] - setText(findTestObject("Modulo Selección/Publicación_de_la_convocatoria/input_Fecha Final_filtro_procesoseleccionfechaps1_input"), "10/07/2017"): Text '10/07/2017' is set on object 'Object Repository/Modulo Selección/Publicación_de_la_convocatoria/input_Fecha Final_filtro_procesoseleccionfechaps1_input'

2022-03-29 19:20:11 - [MESSAGE][PASSED] - Text '10/07/2017' is set on object 'Object Repository/Modulo Selección/Publicación_de_la_convocatoria/input_Fecha Final_filtro_procesoseleccionfechaps1_input'

2022-03-29 19:20:11 - [TEST_STEP][PASSED] - waitForElementVisible(findTestObject("Modulo Selección/Publicación_de_la_convocatoria/td_8028     - Analista De Sistemas"), 0): Object 'Object Repository/Modulo Selección/Publicación_de_la_convocatoria/td_8028     - Analista De Sistemas' is visible

2022-03-29 19:20:11 - [MESSAGE][WARNING] - Timeout '0' is invalid. Using default page load timeout: '45'

2022-03-29 19:20:11 - [MESSAGE][PASSED] - Object 'Object Repository/Modulo Selección/Publicación_de_la_convocatoria/td_8028     - Analista De Sistemas' is visible

2022-03-29 19:20:11 - [TEST_STEP][PASSED] - click(findTestObject("Modulo Selección/Publicación_de_la_convocatoria/td_8028     - Analista De Sistemas")): Object: 'Object Repository/Modulo Selección/Publicación_de_la_convocatoria/td_8028     - Analista De Sistemas' is clicked on

2022-03-29 19:20:12 - [MESSAGE][PASSED] - Object: 'Object Repository/Modulo Selección/Publicación_de_la_convocatoria/td_8028     - Analista De Sistemas' is clicked on

2022-03-29 19:20:12 - [TEST_STEP][PASSED] - click(findTestObject("Modulo Selección/Publicación_de_la_convocatoria/a_Publicacin")): Object: 'Object Repository/Modulo Selección/Publicación_de_la_convocatoria/a_Publicacin' is clicked on

2022-03-29 19:20:13 - [MESSAGE][PASSED] - Object: 'Object Repository/Modulo Selección/Publicación_de_la_convocatoria/a_Publicacin' is clicked on

2022-03-29 19:20:13 - [TEST_STEP][PASSED] - setText(findTestObject("Modulo Selección/Publicación_de_la_convocatoria/input_Publicacin_seleccion_procesofecha_publicacion_input"), fechaI): Text '29/3/2022' is set on object 'Object Repository/Modulo Selección/Publicación_de_la_convocatoria/input_Publicacin_seleccion_procesofecha_publicacion_input'

2022-03-29 19:20:15 - [MESSAGE][PASSED] - Text '29/3/2022' is set on object 'Object Repository/Modulo Selección/Publicación_de_la_convocatoria/input_Publicacin_seleccion_procesofecha_publicacion_input'

2022-03-29 19:20:15 - [TEST_STEP][PASSED] - setText(findTestObject("Modulo Selección/Publicación_de_la_convocatoria/input_Hasta_seleccion_procesofecha_hasta_input"), fechaF): Text '29/3/2023' is set on object 'Object Repository/Modulo Selección/Publicación_de_la_convocatoria/input_Hasta_seleccion_procesofecha_hasta_input'

2022-03-29 19:20:16 - [MESSAGE][PASSED] - Text '29/3/2023' is set on object 'Object Repository/Modulo Selección/Publicación_de_la_convocatoria/input_Hasta_seleccion_procesofecha_hasta_input'

2022-03-29 19:20:16 - [TEST_STEP][PASSED] - setText(findTestObject("Modulo Selección/Publicación_de_la_convocatoria/div_Detalle_ql-editor ql-blank"), "pruebas katalon 10.1.5"): Text 'pruebas katalon 10.1.5' is set on object 'Object Repository/Modulo Selección/Publicación_de_la_convocatoria/div_Detalle_ql-editor ql-blank'

2022-03-29 19:20:17 - [MESSAGE][PASSED] - Text 'pruebas katalon 10.1.5' is set on object 'Object Repository/Modulo Selección/Publicación_de_la_convocatoria/div_Detalle_ql-editor ql-blank'

2022-03-29 19:20:17 - [TEST_STEP][PASSED] - click(findTestObject("Modulo Selección/Publicación_de_la_convocatoria/a_Publicar")): Object: 'Object Repository/Modulo Selección/Publicación_de_la_convocatoria/a_Publicar' is clicked on

2022-03-29 19:20:18 - [MESSAGE][PASSED] - Object: 'Object Repository/Modulo Selección/Publicación_de_la_convocatoria/a_Publicar' is clicked on

2022-03-29 19:20:18 - [TEST_STEP][PASSED] - if (waitForElementNotVisible(findTestObject("Modulo Selección/Publicación_de_la_convocatoria/p_El proceso ha sido publicado exitosamente"), 1)): Object 'Object Repository/Modulo Selección/Publicación_de_la_convocatoria/p_El proceso ha sido publicado exitosamente' is visible after 1 second(s)

2022-03-29 19:20:20 - [MESSAGE][WARNING] - Object 'Object Repository/Modulo Selección/Publicación_de_la_convocatoria/p_El proceso ha sido publicado exitosamente' is visible after 1 second(s)

2022-03-29 19:20:20 - [TEST_STEP][PASSED] - else: Browser is closed

2022-03-29 19:20:20 - [TEST_STEP][PASSED] - closeBrowser(): Browser is closed

2022-03-29 19:20:21 - [MESSAGE][PASSED] - Browser is closed]]></system-out>
         <system-err><![CDATA[]]></system-err>
      </testcase>
      <testcase name="Test Cases/1.2-Tareas_Secundarias/A.0-Pruebas_Selección/10.1.6-Inscripción_a_una_convocatoria" time="83.122" classname="Test Cases/1.2-Tareas_Secundarias/A.0-Pruebas_Selección/10.1.6-Inscripción_a_una_convocatoria" status="FAILED">
         <failure type="FAILED" message="Test Cases/1.2-Tareas_Secundarias/A.0-Pruebas_Selección/10.1.6-Inscripción_a_una_convocatoria FAILED.
Reason:
com.kms.katalon.core.exception.StepFailedException: Unable to click on object 'Object Repository/Modulo Selección/Inscripción_a_una_convocatoria/span_Convocatoria'
	at com.kms.katalon.core.webui.keyword.internal.WebUIKeywordMain.stepFailed(WebUIKeywordMain.groovy:64)
	at com.kms.katalon.core.webui.keyword.internal.WebUIKeywordMain.runKeyword(WebUIKeywordMain.groovy:26)
	at com.kms.katalon.core.webui.keyword.builtin.ClickKeyword.click(ClickKeyword.groovy:74)
	at com.kms.katalon.core.webui.keyword.builtin.ClickKeyword.execute(ClickKeyword.groovy:40)
	at com.kms.katalon.core.keyword.internal.KeywordExecutor.executeKeywordForPlatform(KeywordExecutor.groovy:74)
	at com.kms.katalon.core.webui.keyword.WebUiBuiltInKeywords.click(WebUiBuiltInKeywords.groovy:620)
	at com.kms.katalon.core.webui.keyword.WebUiBuiltInKeywords$click$5.call(Unknown Source)
	at 10.1.6-Inscripción_a_una_convocatoria.run(10.1.6-Inscripción_a_una_convocatoria:348)
	at com.kms.katalon.core.main.ScriptEngine.run(ScriptEngine.java:194)
	at com.kms.katalon.core.main.ScriptEngine.runScriptAsRawText(ScriptEngine.java:119)
	at com.kms.katalon.core.main.TestCaseExecutor.runScript(TestCaseExecutor.java:442)
	at com.kms.katalon.core.main.TestCaseExecutor.doExecute(TestCaseExecutor.java:433)
	at com.kms.katalon.core.main.TestCaseExecutor.processExecutionPhase(TestCaseExecutor.java:412)
	at com.kms.katalon.core.main.TestCaseExecutor.accessMainPhase(TestCaseExecutor.java:404)
	at com.kms.katalon.core.main.TestCaseExecutor.execute(TestCaseExecutor.java:281)
	at com.kms.katalon.core.main.TestSuiteExecutor.accessTestCaseMainPhase(TestSuiteExecutor.java:202)
	at com.kms.katalon.core.main.TestSuiteExecutor.accessTestSuiteMainPhase(TestSuiteExecutor.java:164)
	at com.kms.katalon.core.main.TestSuiteExecutor.execute(TestSuiteExecutor.java:105)
	at com.kms.katalon.core.main.TestCaseMain.startTestSuite(TestCaseMain.java:185)
	at com.kms.katalon.core.main.TestCaseMain$startTestSuite$0.call(Unknown Source)
	at TempTestSuite1648594435047.run(TempTestSuite1648594435047.groovy:36)
Caused by: com.kms.katalon.core.webui.exception.WebElementNotFoundException: Web element with id: 'Object Repository/Modulo Selección/Inscripción_a_una_convocatoria/span_Convocatoria' located by '//span[(text() = 'Convocatoria' or . = 'Convocatoria')]' not found
	at com.kms.katalon.core.webui.common.WebUiCommonHelper.findWebElement(WebUiCommonHelper.java:1370)
	at com.kms.katalon.core.webui.keyword.internal.WebUIAbstractKeyword.findWebElement(WebUIAbstractKeyword.groovy:27)
	at com.kms.katalon.core.webui.keyword.builtin.ClickKeyword$_click_closure1.doCall(ClickKeyword.groovy:65)
	at com.kms.katalon.core.webui.keyword.builtin.ClickKeyword$_click_closure1.call(ClickKeyword.groovy)
	at com.kms.katalon.core.webui.keyword.internal.WebUIKeywordMain.runKeyword(WebUIKeywordMain.groovy:20)
	... 19 more
"/>
         <system-out><![CDATA[2022-03-29 19:20:21 - [TEST_CASE][FAILED] - Test Cases/1.2-Tareas_Secundarias/A.0-Pruebas_Selección/10.1.6-Inscripción_a_una_convocatoria: Test Cases/1.2-Tareas_Secundarias/A.0-Pruebas_Selección/10.1.6-Inscripción_a_una_convocatoria FAILED.
Reason:
com.kms.katalon.core.exception.StepFailedException: Unable to click on object 'Object Repository/Modulo Selección/Inscripción_a_una_convocatoria/span_Convocatoria'
	at com.kms.katalon.core.webui.keyword.internal.WebUIKeywordMain.stepFailed(WebUIKeywordMain.groovy:64)
	at com.kms.katalon.core.webui.keyword.internal.WebUIKeywordMain.runKeyword(WebUIKeywordMain.groovy:26)
	at com.kms.katalon.core.webui.keyword.builtin.ClickKeyword.click(ClickKeyword.groovy:74)
	at com.kms.katalon.core.webui.keyword.builtin.ClickKeyword.execute(ClickKeyword.groovy:40)
	at com.kms.katalon.core.keyword.internal.KeywordExecutor.executeKeywordForPlatform(KeywordExecutor.groovy:74)
	at com.kms.katalon.core.webui.keyword.WebUiBuiltInKeywords.click(WebUiBuiltInKeywords.groovy:620)
	at com.kms.katalon.core.webui.keyword.WebUiBuiltInKeywords$click$5.call(Unknown Source)
	at 10.1.6-Inscripción_a_una_convocatoria.run(10.1.6-Inscripción_a_una_convocatoria:348)
	at com.kms.katalon.core.main.ScriptEngine.run(ScriptEngine.java:194)
	at com.kms.katalon.core.main.ScriptEngine.runScriptAsRawText(ScriptEngine.java:119)
	at com.kms.katalon.core.main.TestCaseExecutor.runScript(TestCaseExecutor.java:442)
	at com.kms.katalon.core.main.TestCaseExecutor.doExecute(TestCaseExecutor.java:433)
	at com.kms.katalon.core.main.TestCaseExecutor.processExecutionPhase(TestCaseExecutor.java:412)
	at com.kms.katalon.core.main.TestCaseExecutor.accessMainPhase(TestCaseExecutor.java:404)
	at com.kms.katalon.core.main.TestCaseExecutor.execute(TestCaseExecutor.java:281)
	at com.kms.katalon.core.main.TestSuiteExecutor.accessTestCaseMainPhase(TestSuiteExecutor.java:202)
	at com.kms.katalon.core.main.TestSuiteExecutor.accessTestSuiteMainPhase(TestSuiteExecutor.java:164)
	at com.kms.katalon.core.main.TestSuiteExecutor.execute(TestSuiteExecutor.java:105)
	at com.kms.katalon.core.main.TestCaseMain.startTestSuite(TestCaseMain.java:185)
	at com.kms.katalon.core.main.TestCaseMain$startTestSuite$0.call(Unknown Source)
	at TempTestSuite1648594435047.run(TempTestSuite1648594435047.groovy:36)
Caused by: com.kms.katalon.core.webui.exception.WebElementNotFoundException: Web element with id: 'Object Repository/Modulo Selección/Inscripción_a_una_convocatoria/span_Convocatoria' located by '//span[(text() = 'Convocatoria' or . = 'Convocatoria')]' not found
	at com.kms.katalon.core.webui.common.WebUiCommonHelper.findWebElement(WebUiCommonHelper.java:1370)
	at com.kms.katalon.core.webui.keyword.internal.WebUIAbstractKeyword.findWebElement(WebUIAbstractKeyword.groovy:27)
	at com.kms.katalon.core.webui.keyword.builtin.ClickKeyword$_click_closure1.doCall(ClickKeyword.groovy:65)
	at com.kms.katalon.core.webui.keyword.builtin.ClickKeyword$_click_closure1.call(ClickKeyword.groovy)
	at com.kms.katalon.core.webui.keyword.internal.WebUIKeywordMain.runKeyword(WebUIKeywordMain.groovy:20)
	... 19 more


2022-03-29 19:20:21 - [TEST_STEP][PASSED] - callTestCase(findTestCase("0.1-Login"), [:], STOP_ON_FAILURE): Call Test Case 'Test Cases/0.1-Login' successfully

2022-03-29 19:20:21 - [TEST_CASE][PASSED] - Test Cases/0.1-Login: Test Cases/0.1-Login

2022-03-29 19:20:21 - [TEST_STEP][PASSED] - openBrowser(""): Browser is opened with url: ''

2022-03-29 19:20:21 - [MESSAGE][INFO] - Starting 'Chrome' driver

2022-03-29 19:20:21 - [MESSAGE][INFO] - Action delay is set to 50 milliseconds

2022-03-29 19:20:22 - [MESSAGE][PASSED] - Browser is opened with url: ''

2022-03-29 19:20:22 - [TEST_STEP][PASSED] - maximizeWindow(): Current window maximized

2022-03-29 19:20:23 - [MESSAGE][PASSED] - Current window maximized

2022-03-29 19:20:23 - [TEST_STEP][PASSED] - i = G_Login: null

2022-03-29 19:20:23 - [TEST_STEP][PASSED] - url = new java.net.URL(i): null

2022-03-29 19:20:23 - [TEST_STEP][PASSED] - println("URL: " + url.toString()): null

2022-03-29 19:20:23 - [TEST_STEP][PASSED] - connection = url.openConnection(): null

2022-03-29 19:20:23 - [TEST_STEP][PASSED] - connection.setRequestMethod("GET"): null

2022-03-29 19:20:23 - [TEST_STEP][PASSED] - connection.setReadTimeout(2 * 1000): null

2022-03-29 19:20:23 - [TEST_STEP][PASSED] - try: null

2022-03-29 19:20:23 - [TEST_STEP][PASSED] - connection.connect(): null

2022-03-29 19:20:23 - [TEST_STEP][PASSED] - flag = connected: null

2022-03-29 19:20:23 - [TEST_STEP][PASSED] - println("Valor_ori: " + flag): null

2022-03-29 19:20:23 - [TEST_STEP][PASSED] - if (flag): null

2022-03-29 19:20:23 - [TEST_STEP][PASSED] - navigateToUrl(i): Navigate to 'http://192.168.2.19:8380/saraweb' successfully

2022-03-29 19:20:23 - [MESSAGE][PASSED] - Navigate to 'http://192.168.2.19:8380/saraweb' successfully

2022-03-29 19:20:23 - [TEST_STEP][PASSED] - a(): null

2022-03-29 19:20:23 - [TEST_STEP][PASSED] - setText(findTestObject("Login/input_USUARIO_loginusuario"), G_Usuario): Text 'saraadmin' is set on object 'Object Repository/Login/input_USUARIO_loginusuario'

2022-03-29 19:20:24 - [MESSAGE][PASSED] - Text 'saraadmin' is set on object 'Object Repository/Login/input_USUARIO_loginusuario'

2022-03-29 19:20:24 - [TEST_STEP][PASSED] - setEncryptedText(findTestObject("Login/input_CLAVE_loginpassword"), "MkG4/TYiCFC3cb2driP7+Q=="): Text ****** has been set on object 'Object Repository/Login/input_CLAVE_loginpassword'

2022-03-29 19:20:25 - [MESSAGE][PASSED] - Text ****** has been set on object 'Object Repository/Login/input_CLAVE_loginpassword'

2022-03-29 19:20:25 - [TEST_STEP][PASSED] - waitForElementClickable(findTestObject("Login/a_Ingresar"), G_TimeOut): Object 'Object Repository/Login/a_Ingresar' is clickable

2022-03-29 19:20:25 - [MESSAGE][PASSED] - Object 'Object Repository/Login/a_Ingresar' is clickable

2022-03-29 19:20:25 - [TEST_STEP][PASSED] - click(findTestObject("Login/a_Ingresar")): Object: 'Object Repository/Login/a_Ingresar' is clicked on

2022-03-29 19:20:27 - [MESSAGE][PASSED] - Object: 'Object Repository/Login/a_Ingresar' is clicked on

2022-03-29 19:20:27 - [TEST_STEP][PASSED] - element = findWebElement(findTestObject("Login/a_Ir"), 30): null

2022-03-29 19:20:27 - [TEST_STEP][PASSED] - executeJavaScript("arguments[0].click()", Arrays.asList(element)): Execute JavaScript 'arguments[0].click()' successfully

2022-03-29 19:20:27 - [MESSAGE][PASSED] - Execute JavaScript 'arguments[0].click()' successfully

2022-03-29 19:20:27 - [MESSAGE][PASSED] - Call Test Case 'Test Cases/0.1-Login' successfully

2022-03-29 19:20:27 - [TEST_STEP][PASSED] - setText(findTestObject("Modulo Selección/Inscripción_a_una_convocatoria/input_Empresa 1_form_templatej_idt24_input"), "convocatoria"): Text 'convocatoria' is set on object 'Object Repository/Modulo Selección/Inscripción_a_una_convocatoria/input_Empresa 1_form_templatej_idt24_input'

2022-03-29 19:20:28 - [MESSAGE][PASSED] - Text 'convocatoria' is set on object 'Object Repository/Modulo Selección/Inscripción_a_una_convocatoria/input_Empresa 1_form_templatej_idt24_input'

2022-03-29 19:20:28 - [TEST_STEP][PASSED] - click(findTestObject("Modulo Selección/Inscripción_a_una_convocatoria/span_Convocatoria")): Object: 'Object Repository/Modulo Selección/Inscripción_a_una_convocatoria/span_Convocatoria' is clicked on

2022-03-29 19:20:30 - [MESSAGE][PASSED] - Object: 'Object Repository/Modulo Selección/Inscripción_a_una_convocatoria/span_Convocatoria' is clicked on

2022-03-29 19:20:30 - [TEST_STEP][PASSED] - pk1 = getText(findTestObject("Modulo Selección/Inscripción_a_una_convocatoria/p_pruebas katalon 10.1.5 - Copy")): Text of object 'Object Repository/Modulo Selección/Inscripción_a_una_convocatoria/p_pruebas katalon 10.1.5 - Copy' is: 'POSTULATE AL NUEVO CARGOOO! MC'

2022-03-29 19:20:32 - [MESSAGE][PASSED] - Text of object 'Object Repository/Modulo Selección/Inscripción_a_una_convocatoria/p_pruebas katalon 10.1.5 - Copy' is: 'POSTULATE AL NUEVO CARGOOO! MC'

2022-03-29 19:20:32 - [TEST_STEP][PASSED] - if (pk1 == "pruebas katalon 10.1.5"): null

2022-03-29 19:20:32 - [TEST_STEP][FAILED] - else: Unable to click on object 'Object Repository/Modulo Selección/Inscripción_a_una_convocatoria/span_Convocatoria' (Root cause: com.kms.katalon.core.exception.StepFailedException: Unable to click on object 'Object Repository/Modulo Selección/Inscripción_a_una_convocatoria/span_Convocatoria'
	at com.kms.katalon.core.webui.keyword.internal.WebUIKeywordMain.stepFailed(WebUIKeywordMain.groovy:64)
	at com.kms.katalon.core.webui.keyword.internal.WebUIKeywordMain.runKeyword(WebUIKeywordMain.groovy:26)
	at com.kms.katalon.core.webui.keyword.builtin.ClickKeyword.click(ClickKeyword.groovy:74)
	at com.kms.katalon.core.webui.keyword.builtin.ClickKeyword.execute(ClickKeyword.groovy:40)
	at com.kms.katalon.core.keyword.internal.KeywordExecutor.executeKeywordForPlatform(KeywordExecutor.groovy:74)
	at com.kms.katalon.core.webui.keyword.WebUiBuiltInKeywords.click(WebUiBuiltInKeywords.groovy:620)
	at com.kms.katalon.core.webui.keyword.WebUiBuiltInKeywords$click$5.call(Unknown Source)
	at 10.1.6-Inscripción_a_una_convocatoria.run(10.1.6-Inscripción_a_una_convocatoria:348)
	at com.kms.katalon.core.main.ScriptEngine.run(ScriptEngine.java:194)
	at com.kms.katalon.core.main.ScriptEngine.runScriptAsRawText(ScriptEngine.java:119)
	at com.kms.katalon.core.main.TestCaseExecutor.runScript(TestCaseExecutor.java:442)
	at com.kms.katalon.core.main.TestCaseExecutor.doExecute(TestCaseExecutor.java:433)
	at com.kms.katalon.core.main.TestCaseExecutor.processExecutionPhase(TestCaseExecutor.java:412)
	at com.kms.katalon.core.main.TestCaseExecutor.accessMainPhase(TestCaseExecutor.java:404)
	at com.kms.katalon.core.main.TestCaseExecutor.execute(TestCaseExecutor.java:281)
	at com.kms.katalon.core.main.TestSuiteExecutor.accessTestCaseMainPhase(TestSuiteExecutor.java:202)
	at com.kms.katalon.core.main.TestSuiteExecutor.accessTestSuiteMainPhase(TestSuiteExecutor.java:164)
	at com.kms.katalon.core.main.TestSuiteExecutor.execute(TestSuiteExecutor.java:105)
	at com.kms.katalon.core.main.TestCaseMain.startTestSuite(TestCaseMain.java:185)
	at com.kms.katalon.core.main.TestCaseMain$startTestSuite$0.call(Unknown Source)
	at TempTestSuite1648594435047.run(TempTestSuite1648594435047.groovy:36)
Caused by: com.kms.katalon.core.webui.exception.WebElementNotFoundException: Web element with id: 'Object Repository/Modulo Selección/Inscripción_a_una_convocatoria/span_Convocatoria' located by '//span[(text() = 'Convocatoria' or . = 'Convocatoria')]' not found
	at com.kms.katalon.core.webui.common.WebUiCommonHelper.findWebElement(WebUiCommonHelper.java:1370)
	at com.kms.katalon.core.webui.keyword.internal.WebUIAbstractKeyword.findWebElement(WebUIAbstractKeyword.groovy:27)
	at com.kms.katalon.core.webui.keyword.builtin.ClickKeyword$_click_closure1.doCall(ClickKeyword.groovy:65)
	at com.kms.katalon.core.webui.keyword.builtin.ClickKeyword$_click_closure1.call(ClickKeyword.groovy)
	at com.kms.katalon.core.webui.keyword.internal.WebUIKeywordMain.runKeyword(WebUIKeywordMain.groovy:20)
	at com.kms.katalon.core.webui.keyword.builtin.ClickKeyword.click(ClickKeyword.groovy:74)
	at com.kms.katalon.core.webui.keyword.builtin.ClickKeyword.execute(ClickKeyword.groovy:40)
	at com.kms.katalon.core.keyword.internal.KeywordExecutor.executeKeywordForPlatform(KeywordExecutor.groovy:74)
	at com.kms.katalon.core.webui.keyword.WebUiBuiltInKeywords.click(WebUiBuiltInKeywords.groovy:620)
	at com.kms.katalon.core.webui.keyword.WebUiBuiltInKeywords$click$5.call(Unknown Source)
	at Script1648473971299.run(Script1648473971299.groovy:348)
	... 13 more
)

2022-03-29 19:20:32 - [TEST_STEP][PASSED] - pk2 = getText(findTestObject("Modulo Selección/Inscripción_a_una_convocatoria/p_pruebas katalon 10.1.5 - Copy 0")): Text of object 'Object Repository/Modulo Selección/Inscripción_a_una_convocatoria/p_pruebas katalon 10.1.5 - Copy 0' is: 'POSTULATE AL NUEVO CARGOOO! MC'

2022-03-29 19:20:32 - [MESSAGE][PASSED] - Text of object 'Object Repository/Modulo Selección/Inscripción_a_una_convocatoria/p_pruebas katalon 10.1.5 - Copy 0' is: 'POSTULATE AL NUEVO CARGOOO! MC'

2022-03-29 19:20:32 - [TEST_STEP][PASSED] - if (pk2 == "pruebas katalon 10.1.5"): null

2022-03-29 19:20:32 - [TEST_STEP][FAILED] - else: Unable to click on object 'Object Repository/Modulo Selección/Inscripción_a_una_convocatoria/span_Convocatoria' (Root cause: com.kms.katalon.core.exception.StepFailedException: Unable to click on object 'Object Repository/Modulo Selección/Inscripción_a_una_convocatoria/span_Convocatoria'
	at com.kms.katalon.core.webui.keyword.internal.WebUIKeywordMain.stepFailed(WebUIKeywordMain.groovy:64)
	at com.kms.katalon.core.webui.keyword.internal.WebUIKeywordMain.runKeyword(WebUIKeywordMain.groovy:26)
	at com.kms.katalon.core.webui.keyword.builtin.ClickKeyword.click(ClickKeyword.groovy:74)
	at com.kms.katalon.core.webui.keyword.builtin.ClickKeyword.execute(ClickKeyword.groovy:40)
	at com.kms.katalon.core.keyword.internal.KeywordExecutor.executeKeywordForPlatform(KeywordExecutor.groovy:74)
	at com.kms.katalon.core.webui.keyword.WebUiBuiltInKeywords.click(WebUiBuiltInKeywords.groovy:620)
	at com.kms.katalon.core.webui.keyword.WebUiBuiltInKeywords$click$5.call(Unknown Source)
	at 10.1.6-Inscripción_a_una_convocatoria.run(10.1.6-Inscripción_a_una_convocatoria:348)
	at com.kms.katalon.core.main.ScriptEngine.run(ScriptEngine.java:194)
	at com.kms.katalon.core.main.ScriptEngine.runScriptAsRawText(ScriptEngine.java:119)
	at com.kms.katalon.core.main.TestCaseExecutor.runScript(TestCaseExecutor.java:442)
	at com.kms.katalon.core.main.TestCaseExecutor.doExecute(TestCaseExecutor.java:433)
	at com.kms.katalon.core.main.TestCaseExecutor.processExecutionPhase(TestCaseExecutor.java:412)
	at com.kms.katalon.core.main.TestCaseExecutor.accessMainPhase(TestCaseExecutor.java:404)
	at com.kms.katalon.core.main.TestCaseExecutor.execute(TestCaseExecutor.java:281)
	at com.kms.katalon.core.main.TestSuiteExecutor.accessTestCaseMainPhase(TestSuiteExecutor.java:202)
	at com.kms.katalon.core.main.TestSuiteExecutor.accessTestSuiteMainPhase(TestSuiteExecutor.java:164)
	at com.kms.katalon.core.main.TestSuiteExecutor.execute(TestSuiteExecutor.java:105)
	at com.kms.katalon.core.main.TestCaseMain.startTestSuite(TestCaseMain.java:185)
	at com.kms.katalon.core.main.TestCaseMain$startTestSuite$0.call(Unknown Source)
	at TempTestSuite1648594435047.run(TempTestSuite1648594435047.groovy:36)
Caused by: com.kms.katalon.core.webui.exception.WebElementNotFoundException: Web element with id: 'Object Repository/Modulo Selección/Inscripción_a_una_convocatoria/span_Convocatoria' located by '//span[(text() = 'Convocatoria' or . = 'Convocatoria')]' not found
	at com.kms.katalon.core.webui.common.WebUiCommonHelper.findWebElement(WebUiCommonHelper.java:1370)
	at com.kms.katalon.core.webui.keyword.internal.WebUIAbstractKeyword.findWebElement(WebUIAbstractKeyword.groovy:27)
	at com.kms.katalon.core.webui.keyword.builtin.ClickKeyword$_click_closure1.doCall(ClickKeyword.groovy:65)
	at com.kms.katalon.core.webui.keyword.builtin.ClickKeyword$_click_closure1.call(ClickKeyword.groovy)
	at com.kms.katalon.core.webui.keyword.internal.WebUIKeywordMain.runKeyword(WebUIKeywordMain.groovy:20)
	at com.kms.katalon.core.webui.keyword.builtin.ClickKeyword.click(ClickKeyword.groovy:74)
	at com.kms.katalon.core.webui.keyword.builtin.ClickKeyword.execute(ClickKeyword.groovy:40)
	at com.kms.katalon.core.keyword.internal.KeywordExecutor.executeKeywordForPlatform(KeywordExecutor.groovy:74)
	at com.kms.katalon.core.webui.keyword.WebUiBuiltInKeywords.click(WebUiBuiltInKeywords.groovy:620)
	at com.kms.katalon.core.webui.keyword.WebUiBuiltInKeywords$click$5.call(Unknown Source)
	at Script1648473971299.run(Script1648473971299.groovy:348)
	... 13 more
)

2022-03-29 19:20:32 - [TEST_STEP][PASSED] - pk3 = getText(findTestObject("Modulo Selección/Inscripción_a_una_convocatoria/p_pruebas katalon 10.1.5 - Copy 1")): Text of object 'Object Repository/Modulo Selección/Inscripción_a_una_convocatoria/p_pruebas katalon 10.1.5 - Copy 1' is: 'POSTULATE AL NUEVO CARGOOO! MC'

2022-03-29 19:20:33 - [MESSAGE][PASSED] - Text of object 'Object Repository/Modulo Selección/Inscripción_a_una_convocatoria/p_pruebas katalon 10.1.5 - Copy 1' is: 'POSTULATE AL NUEVO CARGOOO! MC'

2022-03-29 19:20:33 - [TEST_STEP][PASSED] - if (pk3 == "pruebas katalon 10.1.5"): null

2022-03-29 19:20:33 - [TEST_STEP][FAILED] - else: Unable to click on object 'Object Repository/Modulo Selección/Inscripción_a_una_convocatoria/span_Convocatoria' (Root cause: com.kms.katalon.core.exception.StepFailedException: Unable to click on object 'Object Repository/Modulo Selección/Inscripción_a_una_convocatoria/span_Convocatoria'
	at com.kms.katalon.core.webui.keyword.internal.WebUIKeywordMain.stepFailed(WebUIKeywordMain.groovy:64)
	at com.kms.katalon.core.webui.keyword.internal.WebUIKeywordMain.runKeyword(WebUIKeywordMain.groovy:26)
	at com.kms.katalon.core.webui.keyword.builtin.ClickKeyword.click(ClickKeyword.groovy:74)
	at com.kms.katalon.core.webui.keyword.builtin.ClickKeyword.execute(ClickKeyword.groovy:40)
	at com.kms.katalon.core.keyword.internal.KeywordExecutor.executeKeywordForPlatform(KeywordExecutor.groovy:74)
	at com.kms.katalon.core.webui.keyword.WebUiBuiltInKeywords.click(WebUiBuiltInKeywords.groovy:620)
	at com.kms.katalon.core.webui.keyword.WebUiBuiltInKeywords$click$5.call(Unknown Source)
	at 10.1.6-Inscripción_a_una_convocatoria.run(10.1.6-Inscripción_a_una_convocatoria:348)
	at com.kms.katalon.core.main.ScriptEngine.run(ScriptEngine.java:194)
	at com.kms.katalon.core.main.ScriptEngine.runScriptAsRawText(ScriptEngine.java:119)
	at com.kms.katalon.core.main.TestCaseExecutor.runScript(TestCaseExecutor.java:442)
	at com.kms.katalon.core.main.TestCaseExecutor.doExecute(TestCaseExecutor.java:433)
	at com.kms.katalon.core.main.TestCaseExecutor.processExecutionPhase(TestCaseExecutor.java:412)
	at com.kms.katalon.core.main.TestCaseExecutor.accessMainPhase(TestCaseExecutor.java:404)
	at com.kms.katalon.core.main.TestCaseExecutor.execute(TestCaseExecutor.java:281)
	at com.kms.katalon.core.main.TestSuiteExecutor.accessTestCaseMainPhase(TestSuiteExecutor.java:202)
	at com.kms.katalon.core.main.TestSuiteExecutor.accessTestSuiteMainPhase(TestSuiteExecutor.java:164)
	at com.kms.katalon.core.main.TestSuiteExecutor.execute(TestSuiteExecutor.java:105)
	at com.kms.katalon.core.main.TestCaseMain.startTestSuite(TestCaseMain.java:185)
	at com.kms.katalon.core.main.TestCaseMain$startTestSuite$0.call(Unknown Source)
	at TempTestSuite1648594435047.run(TempTestSuite1648594435047.groovy:36)
Caused by: com.kms.katalon.core.webui.exception.WebElementNotFoundException: Web element with id: 'Object Repository/Modulo Selección/Inscripción_a_una_convocatoria/span_Convocatoria' located by '//span[(text() = 'Convocatoria' or . = 'Convocatoria')]' not found
	at com.kms.katalon.core.webui.common.WebUiCommonHelper.findWebElement(WebUiCommonHelper.java:1370)
	at com.kms.katalon.core.webui.keyword.internal.WebUIAbstractKeyword.findWebElement(WebUIAbstractKeyword.groovy:27)
	at com.kms.katalon.core.webui.keyword.builtin.ClickKeyword$_click_closure1.doCall(ClickKeyword.groovy:65)
	at com.kms.katalon.core.webui.keyword.builtin.ClickKeyword$_click_closure1.call(ClickKeyword.groovy)
	at com.kms.katalon.core.webui.keyword.internal.WebUIKeywordMain.runKeyword(WebUIKeywordMain.groovy:20)
	at com.kms.katalon.core.webui.keyword.builtin.ClickKeyword.click(ClickKeyword.groovy:74)
	at com.kms.katalon.core.webui.keyword.builtin.ClickKeyword.execute(ClickKeyword.groovy:40)
	at com.kms.katalon.core.keyword.internal.KeywordExecutor.executeKeywordForPlatform(KeywordExecutor.groovy:74)
	at com.kms.katalon.core.webui.keyword.WebUiBuiltInKeywords.click(WebUiBuiltInKeywords.groovy:620)
	at com.kms.katalon.core.webui.keyword.WebUiBuiltInKeywords$click$5.call(Unknown Source)
	at Script1648473971299.run(Script1648473971299.groovy:348)
	... 13 more
)

2022-03-29 19:20:33 - [TEST_STEP][PASSED] - pk4 = getText(findTestObject("Modulo Selección/Inscripción_a_una_convocatoria/p_pruebas katalon 10.1.5 - Copy 2")): Text of object 'Object Repository/Modulo Selección/Inscripción_a_una_convocatoria/p_pruebas katalon 10.1.5 - Copy 2' is: 'Ver'

2022-03-29 19:20:33 - [MESSAGE][PASSED] - Text of object 'Object Repository/Modulo Selección/Inscripción_a_una_convocatoria/p_pruebas katalon 10.1.5 - Copy 2' is: 'Ver'

2022-03-29 19:20:33 - [TEST_STEP][PASSED] - if (pk4 == "pruebas katalon 10.1.5"): null

2022-03-29 19:20:33 - [TEST_STEP][FAILED] - else: Unable to click on object 'Object Repository/Modulo Selección/Inscripción_a_una_convocatoria/span_Convocatoria' (Root cause: com.kms.katalon.core.exception.StepFailedException: Unable to click on object 'Object Repository/Modulo Selección/Inscripción_a_una_convocatoria/span_Convocatoria'
	at com.kms.katalon.core.webui.keyword.internal.WebUIKeywordMain.stepFailed(WebUIKeywordMain.groovy:64)
	at com.kms.katalon.core.webui.keyword.internal.WebUIKeywordMain.runKeyword(WebUIKeywordMain.groovy:26)
	at com.kms.katalon.core.webui.keyword.builtin.ClickKeyword.click(ClickKeyword.groovy:74)
	at com.kms.katalon.core.webui.keyword.builtin.ClickKeyword.execute(ClickKeyword.groovy:40)
	at com.kms.katalon.core.keyword.internal.KeywordExecutor.executeKeywordForPlatform(KeywordExecutor.groovy:74)
	at com.kms.katalon.core.webui.keyword.WebUiBuiltInKeywords.click(WebUiBuiltInKeywords.groovy:620)
	at com.kms.katalon.core.webui.keyword.WebUiBuiltInKeywords$click$5.call(Unknown Source)
	at 10.1.6-Inscripción_a_una_convocatoria.run(10.1.6-Inscripción_a_una_convocatoria:348)
	at com.kms.katalon.core.main.ScriptEngine.run(ScriptEngine.java:194)
	at com.kms.katalon.core.main.ScriptEngine.runScriptAsRawText(ScriptEngine.java:119)
	at com.kms.katalon.core.main.TestCaseExecutor.runScript(TestCaseExecutor.java:442)
	at com.kms.katalon.core.main.TestCaseExecutor.doExecute(TestCaseExecutor.java:433)
	at com.kms.katalon.core.main.TestCaseExecutor.processExecutionPhase(TestCaseExecutor.java:412)
	at com.kms.katalon.core.main.TestCaseExecutor.accessMainPhase(TestCaseExecutor.java:404)
	at com.kms.katalon.core.main.TestCaseExecutor.execute(TestCaseExecutor.java:281)
	at com.kms.katalon.core.main.TestSuiteExecutor.accessTestCaseMainPhase(TestSuiteExecutor.java:202)
	at com.kms.katalon.core.main.TestSuiteExecutor.accessTestSuiteMainPhase(TestSuiteExecutor.java:164)
	at com.kms.katalon.core.main.TestSuiteExecutor.execute(TestSuiteExecutor.java:105)
	at com.kms.katalon.core.main.TestCaseMain.startTestSuite(TestCaseMain.java:185)
	at com.kms.katalon.core.main.TestCaseMain$startTestSuite$0.call(Unknown Source)
	at TempTestSuite1648594435047.run(TempTestSuite1648594435047.groovy:36)
Caused by: com.kms.katalon.core.webui.exception.WebElementNotFoundException: Web element with id: 'Object Repository/Modulo Selección/Inscripción_a_una_convocatoria/span_Convocatoria' located by '//span[(text() = 'Convocatoria' or . = 'Convocatoria')]' not found
	at com.kms.katalon.core.webui.common.WebUiCommonHelper.findWebElement(WebUiCommonHelper.java:1370)
	at com.kms.katalon.core.webui.keyword.internal.WebUIAbstractKeyword.findWebElement(WebUIAbstractKeyword.groovy:27)
	at com.kms.katalon.core.webui.keyword.builtin.ClickKeyword$_click_closure1.doCall(ClickKeyword.groovy:65)
	at com.kms.katalon.core.webui.keyword.builtin.ClickKeyword$_click_closure1.call(ClickKeyword.groovy)
	at com.kms.katalon.core.webui.keyword.internal.WebUIKeywordMain.runKeyword(WebUIKeywordMain.groovy:20)
	at com.kms.katalon.core.webui.keyword.builtin.ClickKeyword.click(ClickKeyword.groovy:74)
	at com.kms.katalon.core.webui.keyword.builtin.ClickKeyword.execute(ClickKeyword.groovy:40)
	at com.kms.katalon.core.keyword.internal.KeywordExecutor.executeKeywordForPlatform(KeywordExecutor.groovy:74)
	at com.kms.katalon.core.webui.keyword.WebUiBuiltInKeywords.click(WebUiBuiltInKeywords.groovy:620)
	at com.kms.katalon.core.webui.keyword.WebUiBuiltInKeywords$click$5.call(Unknown Source)
	at Script1648473971299.run(Script1648473971299.groovy:348)
	... 13 more
)

2022-03-29 19:20:33 - [TEST_STEP][PASSED] - pk5 = getText(findTestObject("Modulo Selección/Inscripción_a_una_convocatoria/p_pruebas katalon 10.1.5 - Copy 3")): Text of object 'Object Repository/Modulo Selección/Inscripción_a_una_convocatoria/p_pruebas katalon 10.1.5 - Copy 3' is: 'pruebas katalon 10.1.5'

2022-03-29 19:20:33 - [MESSAGE][PASSED] - Text of object 'Object Repository/Modulo Selección/Inscripción_a_una_convocatoria/p_pruebas katalon 10.1.5 - Copy 3' is: 'pruebas katalon 10.1.5'

2022-03-29 19:20:33 - [TEST_STEP][FAILED] - if (pk5 == "pruebas katalon 10.1.5"): Unable to click on object 'Object Repository/Modulo Selección/Inscripción_a_una_convocatoria/span_Convocatoria' (Root cause: com.kms.katalon.core.exception.StepFailedException: Unable to click on object 'Object Repository/Modulo Selección/Inscripción_a_una_convocatoria/span_Convocatoria'
	at com.kms.katalon.core.webui.keyword.internal.WebUIKeywordMain.stepFailed(WebUIKeywordMain.groovy:64)
	at com.kms.katalon.core.webui.keyword.internal.WebUIKeywordMain.runKeyword(WebUIKeywordMain.groovy:26)
	at com.kms.katalon.core.webui.keyword.builtin.ClickKeyword.click(ClickKeyword.groovy:74)
	at com.kms.katalon.core.webui.keyword.builtin.ClickKeyword.execute(ClickKeyword.groovy:40)
	at com.kms.katalon.core.keyword.internal.KeywordExecutor.executeKeywordForPlatform(KeywordExecutor.groovy:74)
	at com.kms.katalon.core.webui.keyword.WebUiBuiltInKeywords.click(WebUiBuiltInKeywords.groovy:620)
	at com.kms.katalon.core.webui.keyword.WebUiBuiltInKeywords$click$5.call(Unknown Source)
	at 10.1.6-Inscripción_a_una_convocatoria.run(10.1.6-Inscripción_a_una_convocatoria:348)
	at com.kms.katalon.core.main.ScriptEngine.run(ScriptEngine.java:194)
	at com.kms.katalon.core.main.ScriptEngine.runScriptAsRawText(ScriptEngine.java:119)
	at com.kms.katalon.core.main.TestCaseExecutor.runScript(TestCaseExecutor.java:442)
	at com.kms.katalon.core.main.TestCaseExecutor.doExecute(TestCaseExecutor.java:433)
	at com.kms.katalon.core.main.TestCaseExecutor.processExecutionPhase(TestCaseExecutor.java:412)
	at com.kms.katalon.core.main.TestCaseExecutor.accessMainPhase(TestCaseExecutor.java:404)
	at com.kms.katalon.core.main.TestCaseExecutor.execute(TestCaseExecutor.java:281)
	at com.kms.katalon.core.main.TestSuiteExecutor.accessTestCaseMainPhase(TestSuiteExecutor.java:202)
	at com.kms.katalon.core.main.TestSuiteExecutor.accessTestSuiteMainPhase(TestSuiteExecutor.java:164)
	at com.kms.katalon.core.main.TestSuiteExecutor.execute(TestSuiteExecutor.java:105)
	at com.kms.katalon.core.main.TestCaseMain.startTestSuite(TestCaseMain.java:185)
	at com.kms.katalon.core.main.TestCaseMain$startTestSuite$0.call(Unknown Source)
	at TempTestSuite1648594435047.run(TempTestSuite1648594435047.groovy:36)
Caused by: com.kms.katalon.core.webui.exception.WebElementNotFoundException: Web element with id: 'Object Repository/Modulo Selección/Inscripción_a_una_convocatoria/span_Convocatoria' located by '//span[(text() = 'Convocatoria' or . = 'Convocatoria')]' not found
	at com.kms.katalon.core.webui.common.WebUiCommonHelper.findWebElement(WebUiCommonHelper.java:1370)
	at com.kms.katalon.core.webui.keyword.internal.WebUIAbstractKeyword.findWebElement(WebUIAbstractKeyword.groovy:27)
	at com.kms.katalon.core.webui.keyword.builtin.ClickKeyword$_click_closure1.doCall(ClickKeyword.groovy:65)
	at com.kms.katalon.core.webui.keyword.builtin.ClickKeyword$_click_closure1.call(ClickKeyword.groovy)
	at com.kms.katalon.core.webui.keyword.internal.WebUIKeywordMain.runKeyword(WebUIKeywordMain.groovy:20)
	at com.kms.katalon.core.webui.keyword.builtin.ClickKeyword.click(ClickKeyword.groovy:74)
	at com.kms.katalon.core.webui.keyword.builtin.ClickKeyword.execute(ClickKeyword.groovy:40)
	at com.kms.katalon.core.keyword.internal.KeywordExecutor.executeKeywordForPlatform(KeywordExecutor.groovy:74)
	at com.kms.katalon.core.webui.keyword.WebUiBuiltInKeywords.click(WebUiBuiltInKeywords.groovy:620)
	at com.kms.katalon.core.webui.keyword.WebUiBuiltInKeywords$click$5.call(Unknown Source)
	at Script1648473971299.run(Script1648473971299.groovy:348)
	... 13 more
)

2022-03-29 19:20:33 - [TEST_STEP][PASSED] - click(findTestObject("Modulo Selección/Inscripción_a_una_convocatoria/a_Ver - 4")): Object: 'Object Repository/Modulo Selección/Inscripción_a_una_convocatoria/a_Ver - 4' is clicked on

2022-03-29 19:20:34 - [MESSAGE][PASSED] - Object: 'Object Repository/Modulo Selección/Inscripción_a_una_convocatoria/a_Ver - 4' is clicked on

2022-03-29 19:20:34 - [TEST_STEP][PASSED] - click(findTestObject("Modulo Selección/Inscripción_a_una_convocatoria/span_Inscribirse")): Object: 'Object Repository/Modulo Selección/Inscripción_a_una_convocatoria/span_Inscribirse' is clicked on

2022-03-29 19:20:36 - [MESSAGE][PASSED] - Object: 'Object Repository/Modulo Selección/Inscripción_a_una_convocatoria/span_Inscribirse' is clicked on

2022-03-29 19:20:36 - [TEST_STEP][PASSED] - click(findTestObject("Modulo Selección/Inscripción_a_una_convocatoria/a_Identificacin_seleccion_procesopanelCandidatoj_idt744")): Object: 'Object Repository/Modulo Selección/Inscripción_a_una_convocatoria/a_Identificacin_seleccion_procesopanelCandidatoj_idt744' is clicked on

2022-03-29 19:20:36 - [MESSAGE][PASSED] - Object: 'Object Repository/Modulo Selección/Inscripción_a_una_convocatoria/a_Identificacin_seleccion_procesopanelCandidatoj_idt744' is clicked on

2022-03-29 19:20:36 - [TEST_STEP][PASSED] - setText(findTestObject("Modulo Selección/Inscripción_a_una_convocatoria/input_Filtro Hoja de Vida_form_popUpCandidatosSeleccionj_idt261"), "constantino"): Text 'constantino' is set on object 'Object Repository/Modulo Selección/Inscripción_a_una_convocatoria/input_Filtro Hoja de Vida_form_popUpCandidatosSeleccionj_idt261'

2022-03-29 19:20:38 - [MESSAGE][PASSED] - Text 'constantino' is set on object 'Object Repository/Modulo Selección/Inscripción_a_una_convocatoria/input_Filtro Hoja de Vida_form_popUpCandidatosSeleccionj_idt261'

2022-03-29 19:20:38 - [TEST_STEP][PASSED] - sendKeys(findTestObject("Modulo Selección/Inscripción_a_una_convocatoria/input_Filtro Hoja de Vida_form_popUpCandidatosSeleccionj_idt261"), Keys.chord(ENTER)): Keys 'ENTER + ' sent to object: 'Object Repository/Modulo Selección/Inscripción_a_una_convocatoria/input_Filtro Hoja de Vida_form_popUpCandidatosSeleccionj_idt261'

2022-03-29 19:20:39 - [MESSAGE][PASSED] - Keys 'ENTER + ' sent to object: 'Object Repository/Modulo Selección/Inscripción_a_una_convocatoria/input_Filtro Hoja de Vida_form_popUpCandidatosSeleccionj_idt261'

2022-03-29 19:20:39 - [TEST_STEP][PASSED] - click(findTestObject("Modulo Selección/Inscripción_a_una_convocatoria/span_CONSTANTINO  JHON")): Object: 'Object Repository/Modulo Selección/Inscripción_a_una_convocatoria/span_CONSTANTINO  JHON' is clicked on

2022-03-29 19:20:40 - [MESSAGE][PASSED] - Object: 'Object Repository/Modulo Selección/Inscripción_a_una_convocatoria/span_CONSTANTINO  JHON' is clicked on

2022-03-29 19:20:40 - [TEST_STEP][PASSED] - click(findTestObject("Modulo Selección/Inscripción_a_una_convocatoria/a_Guardar")): Object: 'Object Repository/Modulo Selección/Inscripción_a_una_convocatoria/a_Guardar' is clicked on

2022-03-29 19:20:40 - [MESSAGE][PASSED] - Object: 'Object Repository/Modulo Selección/Inscripción_a_una_convocatoria/a_Guardar' is clicked on

2022-03-29 19:20:40 - [TEST_STEP][PASSED] - if (waitForElementVisible(findTestObject("Modulo Selección/Inscripción_a_una_convocatoria/p_El candidato ha sido registrado correctamente"), 1)): Web element with id: 'Object Repository/Modulo Selección/Inscripción_a_una_convocatoria/p_El candidato ha sido registrado correctamente' located by '//*/text()[normalize-space(.)='El candidato ha sido registrado correctamente']/parent::*' not found

2022-03-29 19:20:43 - [MESSAGE][INFO] - Unable to find the element located by 'By.xpath: //*/text()[normalize-space(.)='El candidato ha sido registrado correctamente']/parent::*'. Please recheck the objects properties to make sure the desired element is located. 

2022-03-29 19:20:43 - [MESSAGE][WARNING] - Web element with id: 'Object Repository/Modulo Selección/Inscripción_a_una_convocatoria/p_El candidato ha sido registrado correctamente' located by '//*/text()[normalize-space(.)='El candidato ha sido registrado correctamente']/parent::*' not found

2022-03-29 19:20:43 - [TEST_STEP][FAILED] - else: Unable to click on object 'Object Repository/Modulo Selección/Inscripción_a_una_convocatoria/span_Convocatoria' (Root cause: com.kms.katalon.core.exception.StepFailedException: Unable to click on object 'Object Repository/Modulo Selección/Inscripción_a_una_convocatoria/span_Convocatoria'
	at com.kms.katalon.core.webui.keyword.internal.WebUIKeywordMain.stepFailed(WebUIKeywordMain.groovy:64)
	at com.kms.katalon.core.webui.keyword.internal.WebUIKeywordMain.runKeyword(WebUIKeywordMain.groovy:26)
	at com.kms.katalon.core.webui.keyword.builtin.ClickKeyword.click(ClickKeyword.groovy:74)
	at com.kms.katalon.core.webui.keyword.builtin.ClickKeyword.execute(ClickKeyword.groovy:40)
	at com.kms.katalon.core.keyword.internal.KeywordExecutor.executeKeywordForPlatform(KeywordExecutor.groovy:74)
	at com.kms.katalon.core.webui.keyword.WebUiBuiltInKeywords.click(WebUiBuiltInKeywords.groovy:620)
	at com.kms.katalon.core.webui.keyword.WebUiBuiltInKeywords$click$5.call(Unknown Source)
	at 10.1.6-Inscripción_a_una_convocatoria.run(10.1.6-Inscripción_a_una_convocatoria:348)
	at com.kms.katalon.core.main.ScriptEngine.run(ScriptEngine.java:194)
	at com.kms.katalon.core.main.ScriptEngine.runScriptAsRawText(ScriptEngine.java:119)
	at com.kms.katalon.core.main.TestCaseExecutor.runScript(TestCaseExecutor.java:442)
	at com.kms.katalon.core.main.TestCaseExecutor.doExecute(TestCaseExecutor.java:433)
	at com.kms.katalon.core.main.TestCaseExecutor.processExecutionPhase(TestCaseExecutor.java:412)
	at com.kms.katalon.core.main.TestCaseExecutor.accessMainPhase(TestCaseExecutor.java:404)
	at com.kms.katalon.core.main.TestCaseExecutor.execute(TestCaseExecutor.java:281)
	at com.kms.katalon.core.main.TestSuiteExecutor.accessTestCaseMainPhase(TestSuiteExecutor.java:202)
	at com.kms.katalon.core.main.TestSuiteExecutor.accessTestSuiteMainPhase(TestSuiteExecutor.java:164)
	at com.kms.katalon.core.main.TestSuiteExecutor.execute(TestSuiteExecutor.java:105)
	at com.kms.katalon.core.main.TestCaseMain.startTestSuite(TestCaseMain.java:185)
	at com.kms.katalon.core.main.TestCaseMain$startTestSuite$0.call(Unknown Source)
	at TempTestSuite1648594435047.run(TempTestSuite1648594435047.groovy:36)
Caused by: com.kms.katalon.core.webui.exception.WebElementNotFoundException: Web element with id: 'Object Repository/Modulo Selección/Inscripción_a_una_convocatoria/span_Convocatoria' located by '//span[(text() = 'Convocatoria' or . = 'Convocatoria')]' not found
	at com.kms.katalon.core.webui.common.WebUiCommonHelper.findWebElement(WebUiCommonHelper.java:1370)
	at com.kms.katalon.core.webui.keyword.internal.WebUIAbstractKeyword.findWebElement(WebUIAbstractKeyword.groovy:27)
	at com.kms.katalon.core.webui.keyword.builtin.ClickKeyword$_click_closure1.doCall(ClickKeyword.groovy:65)
	at com.kms.katalon.core.webui.keyword.builtin.ClickKeyword$_click_closure1.call(ClickKeyword.groovy)
	at com.kms.katalon.core.webui.keyword.internal.WebUIKeywordMain.runKeyword(WebUIKeywordMain.groovy:20)
	at com.kms.katalon.core.webui.keyword.builtin.ClickKeyword.click(ClickKeyword.groovy:74)
	at com.kms.katalon.core.webui.keyword.builtin.ClickKeyword.execute(ClickKeyword.groovy:40)
	at com.kms.katalon.core.keyword.internal.KeywordExecutor.executeKeywordForPlatform(KeywordExecutor.groovy:74)
	at com.kms.katalon.core.webui.keyword.WebUiBuiltInKeywords.click(WebUiBuiltInKeywords.groovy:620)
	at com.kms.katalon.core.webui.keyword.WebUiBuiltInKeywords$click$5.call(Unknown Source)
	at Script1648473971299.run(Script1648473971299.groovy:348)
	... 13 more
)

2022-03-29 19:20:43 - [TEST_STEP][PASSED] - setText(findTestObject("Modulo Selección/Inscripción_a_una_convocatoria/input_Empresa 1_form_templatej_idt24_input"), "proceso de seleccion"): Text 'proceso de seleccion' is set on object 'Object Repository/Modulo Selección/Inscripción_a_una_convocatoria/input_Empresa 1_form_templatej_idt24_input'

2022-03-29 19:20:44 - [MESSAGE][PASSED] - Text 'proceso de seleccion' is set on object 'Object Repository/Modulo Selección/Inscripción_a_una_convocatoria/input_Empresa 1_form_templatej_idt24_input'

2022-03-29 19:20:44 - [TEST_STEP][PASSED] - click(findTestObject("Modulo Selección/Inscripción_a_una_convocatoria/li_Proceso de Seleccion (tal)")): Object: 'Object Repository/Modulo Selección/Inscripción_a_una_convocatoria/li_Proceso de Seleccion (tal)' is clicked on

2022-03-29 19:20:45 - [MESSAGE][PASSED] - Object: 'Object Repository/Modulo Selección/Inscripción_a_una_convocatoria/li_Proceso de Seleccion (tal)' is clicked on

2022-03-29 19:20:45 - [TEST_STEP][PASSED] - setText(findTestObject("Modulo Selección/Inscripción_a_una_convocatoria/input_Nmero_filtro_procesoseleccionj_idt73"), "52"): Text '52' is set on object 'Object Repository/Modulo Selección/Inscripción_a_una_convocatoria/input_Nmero_filtro_procesoseleccionj_idt73'

2022-03-29 19:20:47 - [MESSAGE][PASSED] - Text '52' is set on object 'Object Repository/Modulo Selección/Inscripción_a_una_convocatoria/input_Nmero_filtro_procesoseleccionj_idt73'

2022-03-29 19:20:47 - [TEST_STEP][PASSED] - sendKeys(findTestObject("Modulo Selección/Inscripción_a_una_convocatoria/input_Nmero_filtro_procesoseleccionj_idt73"), Keys.chord(ENTER)): Keys 'ENTER + ' sent to object: 'Object Repository/Modulo Selección/Inscripción_a_una_convocatoria/input_Nmero_filtro_procesoseleccionj_idt73'

2022-03-29 19:20:48 - [MESSAGE][PASSED] - Keys 'ENTER + ' sent to object: 'Object Repository/Modulo Selección/Inscripción_a_una_convocatoria/input_Nmero_filtro_procesoseleccionj_idt73'

2022-03-29 19:20:48 - [TEST_STEP][PASSED] - click(findTestObject("Modulo Selección/Inscripción_a_una_convocatoria/td_8028     - Analista De Sistemas")): Object: 'Object Repository/Modulo Selección/Inscripción_a_una_convocatoria/td_8028     - Analista De Sistemas' is clicked on

2022-03-29 19:20:49 - [MESSAGE][PASSED] - Object: 'Object Repository/Modulo Selección/Inscripción_a_una_convocatoria/td_8028     - Analista De Sistemas' is clicked on

2022-03-29 19:20:49 - [TEST_STEP][PASSED] - click(findTestObject("Modulo Selección/Inscripción_a_una_convocatoria/div_Candidato")): Object: 'Object Repository/Modulo Selección/Inscripción_a_una_convocatoria/div_Candidato' is clicked on

2022-03-29 19:20:51 - [MESSAGE][PASSED] - Object: 'Object Repository/Modulo Selección/Inscripción_a_una_convocatoria/div_Candidato' is clicked on

2022-03-29 19:20:51 - [TEST_STEP][PASSED] - click(findTestObject("Modulo Selección/Inscripción_a_una_convocatoria/a_Registro Candidato")): Object: 'Object Repository/Modulo Selección/Inscripción_a_una_convocatoria/a_Registro Candidato' is clicked on

2022-03-29 19:20:51 - [MESSAGE][PASSED] - Object: 'Object Repository/Modulo Selección/Inscripción_a_una_convocatoria/a_Registro Candidato' is clicked on

2022-03-29 19:20:51 - [TEST_STEP][PASSED] - click(findTestObject("Modulo Selección/Inscripción_a_una_convocatoria/td_Constantino  Jhon")): Object: 'Object Repository/Modulo Selección/Inscripción_a_una_convocatoria/td_Constantino  Jhon' is clicked on

2022-03-29 19:20:53 - [MESSAGE][PASSED] - Object: 'Object Repository/Modulo Selección/Inscripción_a_una_convocatoria/td_Constantino  Jhon' is clicked on

2022-03-29 19:20:53 - [TEST_STEP][PASSED] - click(findTestObject("Modulo Selección/Inscripción_a_una_convocatoria/a_Eliminar")): Object: 'Object Repository/Modulo Selección/Inscripción_a_una_convocatoria/a_Eliminar' is clicked on

2022-03-29 19:20:55 - [MESSAGE][PASSED] - Object: 'Object Repository/Modulo Selección/Inscripción_a_una_convocatoria/a_Eliminar' is clicked on

2022-03-29 19:20:55 - [TEST_STEP][PASSED] - click(findTestObject("Modulo Selección/Inscripción_a_una_convocatoria/span_Si")): Object: 'Object Repository/Modulo Selección/Inscripción_a_una_convocatoria/span_Si' is clicked on

2022-03-29 19:20:56 - [MESSAGE][PASSED] - Object: 'Object Repository/Modulo Selección/Inscripción_a_una_convocatoria/span_Si' is clicked on

2022-03-29 19:20:56 - [TEST_STEP][PASSED] - setText(findTestObject("Modulo Selección/Inscripción_a_una_convocatoria/input_Empresa 1_form_templatej_idt24_input"), "convocatoria"): Text 'convocatoria' is set on object 'Object Repository/Modulo Selección/Inscripción_a_una_convocatoria/input_Empresa 1_form_templatej_idt24_input'

2022-03-29 19:20:57 - [MESSAGE][PASSED] - Text 'convocatoria' is set on object 'Object Repository/Modulo Selección/Inscripción_a_una_convocatoria/input_Empresa 1_form_templatej_idt24_input'

2022-03-29 19:20:57 - [TEST_STEP][FAILED] - click(findTestObject("Modulo Selección/Inscripción_a_una_convocatoria/span_Convocatoria")): Unable to click on object 'Object Repository/Modulo Selección/Inscripción_a_una_convocatoria/span_Convocatoria' (Root cause: com.kms.katalon.core.exception.StepFailedException: Unable to click on object 'Object Repository/Modulo Selección/Inscripción_a_una_convocatoria/span_Convocatoria'
	at com.kms.katalon.core.webui.keyword.internal.WebUIKeywordMain.stepFailed(WebUIKeywordMain.groovy:64)
	at com.kms.katalon.core.webui.keyword.internal.WebUIKeywordMain.runKeyword(WebUIKeywordMain.groovy:26)
	at com.kms.katalon.core.webui.keyword.builtin.ClickKeyword.click(ClickKeyword.groovy:74)
	at com.kms.katalon.core.webui.keyword.builtin.ClickKeyword.execute(ClickKeyword.groovy:40)
	at com.kms.katalon.core.keyword.internal.KeywordExecutor.executeKeywordForPlatform(KeywordExecutor.groovy:74)
	at com.kms.katalon.core.webui.keyword.WebUiBuiltInKeywords.click(WebUiBuiltInKeywords.groovy:620)
	at com.kms.katalon.core.webui.keyword.WebUiBuiltInKeywords$click$5.call(Unknown Source)
	at 10.1.6-Inscripción_a_una_convocatoria.run(10.1.6-Inscripción_a_una_convocatoria:348)
	at com.kms.katalon.core.main.ScriptEngine.run(ScriptEngine.java:194)
	at com.kms.katalon.core.main.ScriptEngine.runScriptAsRawText(ScriptEngine.java:119)
	at com.kms.katalon.core.main.TestCaseExecutor.runScript(TestCaseExecutor.java:442)
	at com.kms.katalon.core.main.TestCaseExecutor.doExecute(TestCaseExecutor.java:433)
	at com.kms.katalon.core.main.TestCaseExecutor.processExecutionPhase(TestCaseExecutor.java:412)
	at com.kms.katalon.core.main.TestCaseExecutor.accessMainPhase(TestCaseExecutor.java:404)
	at com.kms.katalon.core.main.TestCaseExecutor.execute(TestCaseExecutor.java:281)
	at com.kms.katalon.core.main.TestSuiteExecutor.accessTestCaseMainPhase(TestSuiteExecutor.java:202)
	at com.kms.katalon.core.main.TestSuiteExecutor.accessTestSuiteMainPhase(TestSuiteExecutor.java:164)
	at com.kms.katalon.core.main.TestSuiteExecutor.execute(TestSuiteExecutor.java:105)
	at com.kms.katalon.core.main.TestCaseMain.startTestSuite(TestCaseMain.java:185)
	at com.kms.katalon.core.main.TestCaseMain$startTestSuite$0.call(Unknown Source)
	at TempTestSuite1648594435047.run(TempTestSuite1648594435047.groovy:36)
Caused by: com.kms.katalon.core.webui.exception.WebElementNotFoundException: Web element with id: 'Object Repository/Modulo Selección/Inscripción_a_una_convocatoria/span_Convocatoria' located by '//span[(text() = 'Convocatoria' or . = 'Convocatoria')]' not found
	at com.kms.katalon.core.webui.common.WebUiCommonHelper.findWebElement(WebUiCommonHelper.java:1370)
	at com.kms.katalon.core.webui.keyword.internal.WebUIAbstractKeyword.findWebElement(WebUIAbstractKeyword.groovy:27)
	at com.kms.katalon.core.webui.keyword.builtin.ClickKeyword$_click_closure1.doCall(ClickKeyword.groovy:65)
	at com.kms.katalon.core.webui.keyword.builtin.ClickKeyword$_click_closure1.call(ClickKeyword.groovy)
	at com.kms.katalon.core.webui.keyword.internal.WebUIKeywordMain.runKeyword(WebUIKeywordMain.groovy:20)
	at com.kms.katalon.core.webui.keyword.builtin.ClickKeyword.click(ClickKeyword.groovy:74)
	at com.kms.katalon.core.webui.keyword.builtin.ClickKeyword.execute(ClickKeyword.groovy:40)
	at com.kms.katalon.core.keyword.internal.KeywordExecutor.executeKeywordForPlatform(KeywordExecutor.groovy:74)
	at com.kms.katalon.core.webui.keyword.WebUiBuiltInKeywords.click(WebUiBuiltInKeywords.groovy:620)
	at com.kms.katalon.core.webui.keyword.WebUiBuiltInKeywords$click$5.call(Unknown Source)
	at Script1648473971299.run(Script1648473971299.groovy:348)
	... 13 more
)

2022-03-29 19:21:44 - [MESSAGE][INFO] - Unable to find the element located by 'By.xpath: //span[(text() = 'Convocatoria' or . = 'Convocatoria')]'. Please recheck the objects properties to make sure the desired element is located. 

2022-03-29 19:21:44 - [MESSAGE][FAILED] - Unable to click on object 'Object Repository/Modulo Selección/Inscripción_a_una_convocatoria/span_Convocatoria' (Root cause: com.kms.katalon.core.exception.StepFailedException: Unable to click on object 'Object Repository/Modulo Selección/Inscripción_a_una_convocatoria/span_Convocatoria'
	at com.kms.katalon.core.webui.keyword.internal.WebUIKeywordMain.stepFailed(WebUIKeywordMain.groovy:64)
	at com.kms.katalon.core.webui.keyword.internal.WebUIKeywordMain.runKeyword(WebUIKeywordMain.groovy:26)
	at com.kms.katalon.core.webui.keyword.builtin.ClickKeyword.click(ClickKeyword.groovy:74)
	at com.kms.katalon.core.webui.keyword.builtin.ClickKeyword.execute(ClickKeyword.groovy:40)
	at com.kms.katalon.core.keyword.internal.KeywordExecutor.executeKeywordForPlatform(KeywordExecutor.groovy:74)
	at com.kms.katalon.core.webui.keyword.WebUiBuiltInKeywords.click(WebUiBuiltInKeywords.groovy:620)
	at com.kms.katalon.core.webui.keyword.WebUiBuiltInKeywords$click$5.call(Unknown Source)
	at 10.1.6-Inscripción_a_una_convocatoria.run(10.1.6-Inscripción_a_una_convocatoria:348)
	at com.kms.katalon.core.main.ScriptEngine.run(ScriptEngine.java:194)
	at com.kms.katalon.core.main.ScriptEngine.runScriptAsRawText(ScriptEngine.java:119)
	at com.kms.katalon.core.main.TestCaseExecutor.runScript(TestCaseExecutor.java:442)
	at com.kms.katalon.core.main.TestCaseExecutor.doExecute(TestCaseExecutor.java:433)
	at com.kms.katalon.core.main.TestCaseExecutor.processExecutionPhase(TestCaseExecutor.java:412)
	at com.kms.katalon.core.main.TestCaseExecutor.accessMainPhase(TestCaseExecutor.java:404)
	at com.kms.katalon.core.main.TestCaseExecutor.execute(TestCaseExecutor.java:281)
	at com.kms.katalon.core.main.TestSuiteExecutor.accessTestCaseMainPhase(TestSuiteExecutor.java:202)
	at com.kms.katalon.core.main.TestSuiteExecutor.accessTestSuiteMainPhase(TestSuiteExecutor.java:164)
	at com.kms.katalon.core.main.TestSuiteExecutor.execute(TestSuiteExecutor.java:105)
	at com.kms.katalon.core.main.TestCaseMain.startTestSuite(TestCaseMain.java:185)
	at com.kms.katalon.core.main.TestCaseMain$startTestSuite$0.call(Unknown Source)
	at TempTestSuite1648594435047.run(TempTestSuite1648594435047.groovy:36)
Caused by: com.kms.katalon.core.webui.exception.WebElementNotFoundException: Web element with id: 'Object Repository/Modulo Selección/Inscripción_a_una_convocatoria/span_Convocatoria' located by '//span[(text() = 'Convocatoria' or . = 'Convocatoria')]' not found
	at com.kms.katalon.core.webui.common.WebUiCommonHelper.findWebElement(WebUiCommonHelper.java:1370)
	at com.kms.katalon.core.webui.keyword.internal.WebUIAbstractKeyword.findWebElement(WebUIAbstractKeyword.groovy:27)
	at com.kms.katalon.core.webui.keyword.builtin.ClickKeyword$_click_closure1.doCall(ClickKeyword.groovy:65)
	at com.kms.katalon.core.webui.keyword.builtin.ClickKeyword$_click_closure1.call(ClickKeyword.groovy)
	at com.kms.katalon.core.webui.keyword.internal.WebUIKeywordMain.runKeyword(WebUIKeywordMain.groovy:20)
	at com.kms.katalon.core.webui.keyword.builtin.ClickKeyword.click(ClickKeyword.groovy:74)
	at com.kms.katalon.core.webui.keyword.builtin.ClickKeyword.execute(ClickKeyword.groovy:40)
	at com.kms.katalon.core.keyword.internal.KeywordExecutor.executeKeywordForPlatform(KeywordExecutor.groovy:74)
	at com.kms.katalon.core.webui.keyword.WebUiBuiltInKeywords.click(WebUiBuiltInKeywords.groovy:620)
	at com.kms.katalon.core.webui.keyword.WebUiBuiltInKeywords$click$5.call(Unknown Source)
	at Script1648473971299.run(Script1648473971299.groovy:348)
	... 13 more
)
[[ATTACHMENT|C:\\Users\\diego.rojas\\git\\Pruebas-Minimas\\Reports\\20220329_175344\\Test_Suite_Secundaria\\1-Tareas_secundarias\\20220329_175355\\1648599704076.png]]]]></system-out>
         <system-err><![CDATA[2022-03-29 19:20:21 - [TEST_CASE][FAILED] - Test Cases/1.2-Tareas_Secundarias/A.0-Pruebas_Selección/10.1.6-Inscripción_a_una_convocatoria: Test Cases/1.2-Tareas_Secundarias/A.0-Pruebas_Selección/10.1.6-Inscripción_a_una_convocatoria FAILED.
Reason:
com.kms.katalon.core.exception.StepFailedException: Unable to click on object 'Object Repository/Modulo Selección/Inscripción_a_una_convocatoria/span_Convocatoria'
	at com.kms.katalon.core.webui.keyword.internal.WebUIKeywordMain.stepFailed(WebUIKeywordMain.groovy:64)
	at com.kms.katalon.core.webui.keyword.internal.WebUIKeywordMain.runKeyword(WebUIKeywordMain.groovy:26)
	at com.kms.katalon.core.webui.keyword.builtin.ClickKeyword.click(ClickKeyword.groovy:74)
	at com.kms.katalon.core.webui.keyword.builtin.ClickKeyword.execute(ClickKeyword.groovy:40)
	at com.kms.katalon.core.keyword.internal.KeywordExecutor.executeKeywordForPlatform(KeywordExecutor.groovy:74)
	at com.kms.katalon.core.webui.keyword.WebUiBuiltInKeywords.click(WebUiBuiltInKeywords.groovy:620)
	at com.kms.katalon.core.webui.keyword.WebUiBuiltInKeywords$click$5.call(Unknown Source)
	at 10.1.6-Inscripción_a_una_convocatoria.run(10.1.6-Inscripción_a_una_convocatoria:348)
	at com.kms.katalon.core.main.ScriptEngine.run(ScriptEngine.java:194)
	at com.kms.katalon.core.main.ScriptEngine.runScriptAsRawText(ScriptEngine.java:119)
	at com.kms.katalon.core.main.TestCaseExecutor.runScript(TestCaseExecutor.java:442)
	at com.kms.katalon.core.main.TestCaseExecutor.doExecute(TestCaseExecutor.java:433)
	at com.kms.katalon.core.main.TestCaseExecutor.processExecutionPhase(TestCaseExecutor.java:412)
	at com.kms.katalon.core.main.TestCaseExecutor.accessMainPhase(TestCaseExecutor.java:404)
	at com.kms.katalon.core.main.TestCaseExecutor.execute(TestCaseExecutor.java:281)
	at com.kms.katalon.core.main.TestSuiteExecutor.accessTestCaseMainPhase(TestSuiteExecutor.java:202)
	at com.kms.katalon.core.main.TestSuiteExecutor.accessTestSuiteMainPhase(TestSuiteExecutor.java:164)
	at com.kms.katalon.core.main.TestSuiteExecutor.execute(TestSuiteExecutor.java:105)
	at com.kms.katalon.core.main.TestCaseMain.startTestSuite(TestCaseMain.java:185)
	at com.kms.katalon.core.main.TestCaseMain$startTestSuite$0.call(Unknown Source)
	at TempTestSuite1648594435047.run(TempTestSuite1648594435047.groovy:36)
Caused by: com.kms.katalon.core.webui.exception.WebElementNotFoundException: Web element with id: 'Object Repository/Modulo Selección/Inscripción_a_una_convocatoria/span_Convocatoria' located by '//span[(text() = 'Convocatoria' or . = 'Convocatoria')]' not found
	at com.kms.katalon.core.webui.common.WebUiCommonHelper.findWebElement(WebUiCommonHelper.java:1370)
	at com.kms.katalon.core.webui.keyword.internal.WebUIAbstractKeyword.findWebElement(WebUIAbstractKeyword.groovy:27)
	at com.kms.katalon.core.webui.keyword.builtin.ClickKeyword$_click_closure1.doCall(ClickKeyword.groovy:65)
	at com.kms.katalon.core.webui.keyword.builtin.ClickKeyword$_click_closure1.call(ClickKeyword.groovy)
	at com.kms.katalon.core.webui.keyword.internal.WebUIKeywordMain.runKeyword(WebUIKeywordMain.groovy:20)
	... 19 more]]></system-err>
      </testcase>
      <testcase name="Test Cases/1.2-Tareas_Secundarias/A.0-Pruebas_Selección/10.1.7-Buscar_hoja_de_vida" time="17.702" classname="Test Cases/1.2-Tareas_Secundarias/A.0-Pruebas_Selección/10.1.7-Buscar_hoja_de_vida" status="PASSED">
         <system-out><![CDATA[2022-03-29 19:21:44 - [TEST_CASE][PASSED] - Test Cases/1.2-Tareas_Secundarias/A.0-Pruebas_Selección/10.1.7-Buscar_hoja_de_vida: Test Cases/1.2-Tareas_Secundarias/A.0-Pruebas_Selección/10.1.7-Buscar_hoja_de_vida

2022-03-29 19:21:44 - [TEST_STEP][PASSED] - callTestCase(findTestCase("0.1-Login"), [:], STOP_ON_FAILURE): Call Test Case 'Test Cases/0.1-Login' successfully

2022-03-29 19:21:44 - [TEST_CASE][PASSED] - Test Cases/0.1-Login: Test Cases/0.1-Login

2022-03-29 19:21:44 - [TEST_STEP][PASSED] - openBrowser(""): Browser is opened with url: ''

2022-03-29 19:21:44 - [MESSAGE][WARNING] - A browser is already opened. Closing browser and opening a new one

2022-03-29 19:21:45 - [MESSAGE][INFO] - Starting 'Chrome' driver

2022-03-29 19:21:45 - [MESSAGE][INFO] - Action delay is set to 50 milliseconds

2022-03-29 19:21:46 - [MESSAGE][PASSED] - Browser is opened with url: ''

2022-03-29 19:21:46 - [TEST_STEP][PASSED] - maximizeWindow(): Current window maximized

2022-03-29 19:21:46 - [MESSAGE][PASSED] - Current window maximized

2022-03-29 19:21:46 - [TEST_STEP][PASSED] - i = G_Login: null

2022-03-29 19:21:46 - [TEST_STEP][PASSED] - url = new java.net.URL(i): null

2022-03-29 19:21:46 - [TEST_STEP][PASSED] - println("URL: " + url.toString()): null

2022-03-29 19:21:46 - [TEST_STEP][PASSED] - connection = url.openConnection(): null

2022-03-29 19:21:46 - [TEST_STEP][PASSED] - connection.setRequestMethod("GET"): null

2022-03-29 19:21:46 - [TEST_STEP][PASSED] - connection.setReadTimeout(2 * 1000): null

2022-03-29 19:21:46 - [TEST_STEP][PASSED] - try: null

2022-03-29 19:21:46 - [TEST_STEP][PASSED] - connection.connect(): null

2022-03-29 19:21:46 - [TEST_STEP][PASSED] - flag = connected: null

2022-03-29 19:21:46 - [TEST_STEP][PASSED] - println("Valor_ori: " + flag): null

2022-03-29 19:21:46 - [TEST_STEP][PASSED] - if (flag): null

2022-03-29 19:21:46 - [TEST_STEP][PASSED] - navigateToUrl(i): Navigate to 'http://192.168.2.19:8380/saraweb' successfully

2022-03-29 19:21:47 - [MESSAGE][PASSED] - Navigate to 'http://192.168.2.19:8380/saraweb' successfully

2022-03-29 19:21:47 - [TEST_STEP][PASSED] - a(): null

2022-03-29 19:21:47 - [TEST_STEP][PASSED] - setText(findTestObject("Login/input_USUARIO_loginusuario"), G_Usuario): Text 'saraadmin' is set on object 'Object Repository/Login/input_USUARIO_loginusuario'

2022-03-29 19:21:48 - [MESSAGE][PASSED] - Text 'saraadmin' is set on object 'Object Repository/Login/input_USUARIO_loginusuario'

2022-03-29 19:21:48 - [TEST_STEP][PASSED] - setEncryptedText(findTestObject("Login/input_CLAVE_loginpassword"), "MkG4/TYiCFC3cb2driP7+Q=="): Text ****** has been set on object 'Object Repository/Login/input_CLAVE_loginpassword'

2022-03-29 19:21:49 - [MESSAGE][PASSED] - Text ****** has been set on object 'Object Repository/Login/input_CLAVE_loginpassword'

2022-03-29 19:21:49 - [TEST_STEP][PASSED] - waitForElementClickable(findTestObject("Login/a_Ingresar"), G_TimeOut): Object 'Object Repository/Login/a_Ingresar' is clickable

2022-03-29 19:21:49 - [MESSAGE][PASSED] - Object 'Object Repository/Login/a_Ingresar' is clickable

2022-03-29 19:21:49 - [TEST_STEP][PASSED] - click(findTestObject("Login/a_Ingresar")): Object: 'Object Repository/Login/a_Ingresar' is clicked on

2022-03-29 19:21:50 - [MESSAGE][PASSED] - Object: 'Object Repository/Login/a_Ingresar' is clicked on

2022-03-29 19:21:50 - [TEST_STEP][PASSED] - element = findWebElement(findTestObject("Login/a_Ir"), 30): null

2022-03-29 19:21:51 - [TEST_STEP][PASSED] - executeJavaScript("arguments[0].click()", Arrays.asList(element)): Execute JavaScript 'arguments[0].click()' successfully

2022-03-29 19:21:51 - [MESSAGE][PASSED] - Execute JavaScript 'arguments[0].click()' successfully

2022-03-29 19:21:51 - [MESSAGE][PASSED] - Call Test Case 'Test Cases/0.1-Login' successfully

2022-03-29 19:21:51 - [TEST_STEP][PASSED] - setText(findTestObject("Modulo Selección/Buscar_hoja_de_vida/input_Empresa 1_form_templatej_idt24_input"), "Buscador Hoja vida"): Text 'Buscador Hoja vida' is set on object 'Object Repository/Modulo Selección/Buscar_hoja_de_vida/input_Empresa 1_form_templatej_idt24_input'

2022-03-29 19:21:52 - [MESSAGE][PASSED] - Text 'Buscador Hoja vida' is set on object 'Object Repository/Modulo Selección/Buscar_hoja_de_vida/input_Empresa 1_form_templatej_idt24_input'

2022-03-29 19:21:52 - [TEST_STEP][PASSED] - click(findTestObject("Modulo Selección/Buscar_hoja_de_vida/li_Buscador Hoja Vida (hoj)")): Object: 'Object Repository/Modulo Selección/Buscar_hoja_de_vida/li_Buscador Hoja Vida (hoj)' is clicked on

2022-03-29 19:21:53 - [MESSAGE][PASSED] - Object: 'Object Repository/Modulo Selección/Buscar_hoja_de_vida/li_Buscador Hoja Vida (hoj)' is clicked on

2022-03-29 19:21:53 - [TEST_STEP][PASSED] - click(findTestObject("Modulo Selección/Buscar_hoja_de_vida/label_Las hojas de vidas de los empleados")): Object: 'Object Repository/Modulo Selección/Buscar_hoja_de_vida/label_Las hojas de vidas de los empleados' is clicked on

2022-03-29 19:21:54 - [MESSAGE][PASSED] - Object: 'Object Repository/Modulo Selección/Buscar_hoja_de_vida/label_Las hojas de vidas de los empleados' is clicked on

2022-03-29 19:21:54 - [TEST_STEP][PASSED] - click(findTestObject("Modulo Selección/Buscar_hoja_de_vida/label_Las hojas de vida que cumplan con el perfil de una cargo")): Object: 'Object Repository/Modulo Selección/Buscar_hoja_de_vida/label_Las hojas de vida que cumplan con el perfil de una cargo' is clicked on

2022-03-29 19:21:55 - [MESSAGE][PASSED] - Object: 'Object Repository/Modulo Selección/Buscar_hoja_de_vida/label_Las hojas de vida que cumplan con el perfil de una cargo' is clicked on

2022-03-29 19:21:55 - [TEST_STEP][PASSED] - selectOptionByIndex(findTestObject("Modulo Selección/Buscar_hoja_de_vida/select_CALIDADMENSUAL ABCMODELO EMPRESA QUINCENAL"), 1): All options with index in [1] are selected on object 'Object Repository/Modulo Selección/Buscar_hoja_de_vida/select_CALIDADMENSUAL ABCMODELO EMPRESA QUINCENAL'

2022-03-29 19:21:57 - [MESSAGE][PASSED] - All options with index in [1] are selected on object 'Object Repository/Modulo Selección/Buscar_hoja_de_vida/select_CALIDADMENSUAL ABCMODELO EMPRESA QUINCENAL'

2022-03-29 19:21:57 - [TEST_STEP][PASSED] - selectOptionByIndex(findTestObject("Modulo Selección/Buscar_hoja_de_vida/select_1111123456ADMINISTRACIONADMINISTRACIONAnalista QA"), 8): All options with index in [8] are selected on object 'Object Repository/Modulo Selección/Buscar_hoja_de_vida/select_1111123456ADMINISTRACIONADMINISTRACIONAnalista QA'

2022-03-29 19:21:58 - [MESSAGE][PASSED] - All options with index in [8] are selected on object 'Object Repository/Modulo Selección/Buscar_hoja_de_vida/select_1111123456ADMINISTRACIONADMINISTRACIONAnalista QA'

2022-03-29 19:21:58 - [TEST_STEP][PASSED] - selectOptionByIndex(findTestObject("Modulo Selección/Buscar_hoja_de_vida/select_20061    - ANALISTA DE MARKETING20139    - ABOGADO20156    - ANALISTA CONTABLE"), 1): All options with index in [1] are selected on object 'Object Repository/Modulo Selección/Buscar_hoja_de_vida/select_20061    - ANALISTA DE MARKETING20139    - ABOGADO20156    - ANALISTA CONTABLE'

2022-03-29 19:22:00 - [MESSAGE][PASSED] - All options with index in [1] are selected on object 'Object Repository/Modulo Selección/Buscar_hoja_de_vida/select_20061    - ANALISTA DE MARKETING20139    - ABOGADO20156    - ANALISTA CONTABLE'

2022-03-29 19:22:00 - [TEST_STEP][PASSED] - click(findTestObject("Modulo Selección/Buscar_hoja_de_vida/a_Aplicar")): Object: 'Object Repository/Modulo Selección/Buscar_hoja_de_vida/a_Aplicar' is clicked on

2022-03-29 19:22:01 - [MESSAGE][PASSED] - Object: 'Object Repository/Modulo Selección/Buscar_hoja_de_vida/a_Aplicar' is clicked on

2022-03-29 19:22:01 - [TEST_STEP][PASSED] - closeBrowser(): Browser is closed

2022-03-29 19:22:01 - [MESSAGE][PASSED] - Browser is closed]]></system-out>
         <system-err><![CDATA[]]></system-err>
      </testcase>
      <testcase name="Test Cases/1.2-Tareas_Secundarias/A.0-Pruebas_Selección/10.1.8-Buscar_hoja_de_vida_externa" time="37.877" classname="Test Cases/1.2-Tareas_Secundarias/A.0-Pruebas_Selección/10.1.8-Buscar_hoja_de_vida_externa" status="PASSED">
         <system-out><![CDATA[2022-03-29 19:22:01 - [TEST_CASE][PASSED] - Test Cases/1.2-Tareas_Secundarias/A.0-Pruebas_Selección/10.1.8-Buscar_hoja_de_vida_externa: Test Cases/1.2-Tareas_Secundarias/A.0-Pruebas_Selección/10.1.8-Buscar_hoja_de_vida_externa

2022-03-29 19:22:02 - [TEST_STEP][PASSED] - callTestCase(findTestCase("0.1-Login"), [:], STOP_ON_FAILURE): Call Test Case 'Test Cases/0.1-Login' successfully

2022-03-29 19:22:02 - [TEST_CASE][PASSED] - Test Cases/0.1-Login: Test Cases/0.1-Login

2022-03-29 19:22:02 - [TEST_STEP][PASSED] - openBrowser(""): Browser is opened with url: ''

2022-03-29 19:22:02 - [MESSAGE][INFO] - Starting 'Chrome' driver

2022-03-29 19:22:02 - [MESSAGE][INFO] - Action delay is set to 50 milliseconds

2022-03-29 19:22:03 - [MESSAGE][PASSED] - Browser is opened with url: ''

2022-03-29 19:22:03 - [TEST_STEP][PASSED] - maximizeWindow(): Current window maximized

2022-03-29 19:22:03 - [MESSAGE][PASSED] - Current window maximized

2022-03-29 19:22:03 - [TEST_STEP][PASSED] - i = G_Login: null

2022-03-29 19:22:03 - [TEST_STEP][PASSED] - url = new java.net.URL(i): null

2022-03-29 19:22:03 - [TEST_STEP][PASSED] - println("URL: " + url.toString()): null

2022-03-29 19:22:03 - [TEST_STEP][PASSED] - connection = url.openConnection(): null

2022-03-29 19:22:03 - [TEST_STEP][PASSED] - connection.setRequestMethod("GET"): null

2022-03-29 19:22:03 - [TEST_STEP][PASSED] - connection.setReadTimeout(2 * 1000): null

2022-03-29 19:22:03 - [TEST_STEP][PASSED] - try: null

2022-03-29 19:22:03 - [TEST_STEP][PASSED] - connection.connect(): null

2022-03-29 19:22:03 - [TEST_STEP][PASSED] - flag = connected: null

2022-03-29 19:22:03 - [TEST_STEP][PASSED] - println("Valor_ori: " + flag): null

2022-03-29 19:22:03 - [TEST_STEP][PASSED] - if (flag): null

2022-03-29 19:22:03 - [TEST_STEP][PASSED] - navigateToUrl(i): Navigate to 'http://192.168.2.19:8380/saraweb' successfully

2022-03-29 19:22:04 - [MESSAGE][PASSED] - Navigate to 'http://192.168.2.19:8380/saraweb' successfully

2022-03-29 19:22:04 - [TEST_STEP][PASSED] - a(): null

2022-03-29 19:22:04 - [TEST_STEP][PASSED] - setText(findTestObject("Login/input_USUARIO_loginusuario"), G_Usuario): Text 'saraadmin' is set on object 'Object Repository/Login/input_USUARIO_loginusuario'

2022-03-29 19:22:05 - [MESSAGE][PASSED] - Text 'saraadmin' is set on object 'Object Repository/Login/input_USUARIO_loginusuario'

2022-03-29 19:22:05 - [TEST_STEP][PASSED] - setEncryptedText(findTestObject("Login/input_CLAVE_loginpassword"), "MkG4/TYiCFC3cb2driP7+Q=="): Text ****** has been set on object 'Object Repository/Login/input_CLAVE_loginpassword'

2022-03-29 19:22:06 - [MESSAGE][PASSED] - Text ****** has been set on object 'Object Repository/Login/input_CLAVE_loginpassword'

2022-03-29 19:22:06 - [TEST_STEP][PASSED] - waitForElementClickable(findTestObject("Login/a_Ingresar"), G_TimeOut): Object 'Object Repository/Login/a_Ingresar' is clickable

2022-03-29 19:22:06 - [MESSAGE][PASSED] - Object 'Object Repository/Login/a_Ingresar' is clickable

2022-03-29 19:22:06 - [TEST_STEP][PASSED] - click(findTestObject("Login/a_Ingresar")): Object: 'Object Repository/Login/a_Ingresar' is clicked on

2022-03-29 19:22:07 - [MESSAGE][PASSED] - Object: 'Object Repository/Login/a_Ingresar' is clicked on

2022-03-29 19:22:07 - [TEST_STEP][PASSED] - element = findWebElement(findTestObject("Login/a_Ir"), 30): null

2022-03-29 19:22:08 - [TEST_STEP][PASSED] - executeJavaScript("arguments[0].click()", Arrays.asList(element)): Execute JavaScript 'arguments[0].click()' successfully

2022-03-29 19:22:08 - [MESSAGE][PASSED] - Execute JavaScript 'arguments[0].click()' successfully

2022-03-29 19:22:08 - [MESSAGE][PASSED] - Call Test Case 'Test Cases/0.1-Login' successfully

2022-03-29 19:22:08 - [TEST_STEP][PASSED] - setText(findTestObject("Modulo Selección/Buscar_hoja_de_vida_externa/input_Empresa 1_form_templatej_idt24_input"), "Buscador Hoja Vida Externa"): Text 'Buscador Hoja Vida Externa' is set on object 'Object Repository/Modulo Selección/Buscar_hoja_de_vida_externa/input_Empresa 1_form_templatej_idt24_input'

2022-03-29 19:22:09 - [MESSAGE][PASSED] - Text 'Buscador Hoja Vida Externa' is set on object 'Object Repository/Modulo Selección/Buscar_hoja_de_vida_externa/input_Empresa 1_form_templatej_idt24_input'

2022-03-29 19:22:09 - [TEST_STEP][PASSED] - click(findTestObject("Modulo Selección/Buscar_hoja_de_vida_externa/span_Buscador Hoja Vida Externa")): Object: 'Object Repository/Modulo Selección/Buscar_hoja_de_vida_externa/span_Buscador Hoja Vida Externa' is clicked on

2022-03-29 19:22:10 - [MESSAGE][PASSED] - Object: 'Object Repository/Modulo Selección/Buscar_hoja_de_vida_externa/span_Buscador Hoja Vida Externa' is clicked on

2022-03-29 19:22:10 - [TEST_STEP][PASSED] - click(findTestObject("Modulo Selección/Buscar_hoja_de_vida_externa/label_Las hojas de vida que no correspondan a empleados")): Object: 'Object Repository/Modulo Selección/Buscar_hoja_de_vida_externa/label_Las hojas de vida que no correspondan a empleados' is clicked on

2022-03-29 19:22:11 - [MESSAGE][PASSED] - Object: 'Object Repository/Modulo Selección/Buscar_hoja_de_vida_externa/label_Las hojas de vida que no correspondan a empleados' is clicked on

2022-03-29 19:22:11 - [TEST_STEP][PASSED] - click(findTestObject("Modulo Selección/Buscar_hoja_de_vida_externa/label_Las hojas de vida que cumplan con el perfil de una cargo")): Object: 'Object Repository/Modulo Selección/Buscar_hoja_de_vida_externa/label_Las hojas de vida que cumplan con el perfil de una cargo' is clicked on

2022-03-29 19:22:12 - [MESSAGE][PASSED] - Object: 'Object Repository/Modulo Selección/Buscar_hoja_de_vida_externa/label_Las hojas de vida que cumplan con el perfil de una cargo' is clicked on

2022-03-29 19:22:12 - [TEST_STEP][PASSED] - selectOptionByIndex(findTestObject("Modulo Selección/Buscar_hoja_de_vida_externa/select_CALIDADMENSUAL ABCMODELO EMPRESA QUINCENALPANSIONADOSPENSIONADOS BASEPRUEBAS"), 1): All options with index in [1] are selected on object 'Object Repository/Modulo Selección/Buscar_hoja_de_vida_externa/select_CALIDADMENSUAL ABCMODELO EMPRESA QUINCENALPANSIONADOSPENSIONADOS BASEPRUEBAS'

2022-03-29 19:22:13 - [MESSAGE][PASSED] - All options with index in [1] are selected on object 'Object Repository/Modulo Selección/Buscar_hoja_de_vida_externa/select_CALIDADMENSUAL ABCMODELO EMPRESA QUINCENALPANSIONADOSPENSIONADOS BASEPRUEBAS'

2022-03-29 19:22:13 - [TEST_STEP][PASSED] - selectOptionByIndex(findTestObject("Modulo Selección/Buscar_hoja_de_vida_externa/select_1111123456ADMINISTRACIONADMINISTRACIONAnalista QAASISTENCIAASISTENTE ASISTENTE"), 8): All options with index in [8] are selected on object 'Object Repository/Modulo Selección/Buscar_hoja_de_vida_externa/select_1111123456ADMINISTRACIONADMINISTRACIONAnalista QAASISTENCIAASISTENTE ASISTENTE'

2022-03-29 19:22:15 - [MESSAGE][PASSED] - All options with index in [8] are selected on object 'Object Repository/Modulo Selección/Buscar_hoja_de_vida_externa/select_1111123456ADMINISTRACIONADMINISTRACIONAnalista QAASISTENCIAASISTENTE ASISTENTE'

2022-03-29 19:22:15 - [TEST_STEP][PASSED] - selectOptionByIndex(findTestObject("Modulo Selección/Buscar_hoja_de_vida_externa/select_20061    - ANALISTA DE MARKETING20139    - ABOGADO20156    - ANALISTA CONTABLE"), 3): All options with index in [3] are selected on object 'Object Repository/Modulo Selección/Buscar_hoja_de_vida_externa/select_20061    - ANALISTA DE MARKETING20139    - ABOGADO20156    - ANALISTA CONTABLE'

2022-03-29 19:22:17 - [MESSAGE][PASSED] - All options with index in [3] are selected on object 'Object Repository/Modulo Selección/Buscar_hoja_de_vida_externa/select_20061    - ANALISTA DE MARKETING20139    - ABOGADO20156    - ANALISTA CONTABLE'

2022-03-29 19:22:17 - [TEST_STEP][PASSED] - click(findTestObject("Modulo Selección/Buscar_hoja_de_vida_externa/span_Agregar Filtro_btn-miniadicionar")): Object: 'Object Repository/Modulo Selección/Buscar_hoja_de_vida_externa/span_Agregar Filtro_btn-miniadicionar' is clicked on

2022-03-29 19:22:17 - [MESSAGE][PASSED] - Object: 'Object Repository/Modulo Selección/Buscar_hoja_de_vida_externa/span_Agregar Filtro_btn-miniadicionar' is clicked on

2022-03-29 19:22:17 - [TEST_STEP][PASSED] - selectOptionByIndex(findTestObject("Modulo Selección/Buscar_hoja_de_vida_externa/select_1rea de experiencia NPARTICULO DE REVISTAARTICULO PERIODICOASOCIACIONESAsociaciones"), 11): All options with index in [11] are selected on object 'Object Repository/Modulo Selección/Buscar_hoja_de_vida_externa/select_1rea de experiencia NPARTICULO DE REVISTAARTICULO PERIODICOASOCIACIONESAsociaciones'

2022-03-29 19:22:19 - [MESSAGE][PASSED] - All options with index in [11] are selected on object 'Object Repository/Modulo Selección/Buscar_hoja_de_vida_externa/select_1rea de experiencia NPARTICULO DE REVISTAARTICULO PERIODICOASOCIACIONESAsociaciones'

2022-03-29 19:22:19 - [TEST_STEP][PASSED] - selectOptionByIndex(findTestObject("Modulo Selección/Buscar_hoja_de_vida_externa/select_CiudadCorreoDocumentoNombresPrimer ApellidoDOCUMENTOEDADACTUALIZACION"), 1): All options with index in [1] are selected on object 'Object Repository/Modulo Selección/Buscar_hoja_de_vida_externa/select_CiudadCorreoDocumentoNombresPrimer ApellidoDOCUMENTOEDADACTUALIZACION'

2022-03-29 19:22:21 - [MESSAGE][PASSED] - All options with index in [1] are selected on object 'Object Repository/Modulo Selección/Buscar_hoja_de_vida_externa/select_CiudadCorreoDocumentoNombresPrimer ApellidoDOCUMENTOEDADACTUALIZACION'

2022-03-29 19:22:21 - [TEST_STEP][PASSED] - selectOptionByIndex(findTestObject("Modulo Selección/Buscar_hoja_de_vida_externa/select_-- Seleccione--000000ABEJORRALABREGOABRIAQUACACIASACANDIACEVEDOACHIAGRADOAGUA"), 113): All options with index in [113] are selected on object 'Object Repository/Modulo Selección/Buscar_hoja_de_vida_externa/select_-- Seleccione--000000ABEJORRALABREGOABRIAQUACACIASACANDIACEVEDOACHIAGRADOAGUA'

2022-03-29 19:22:24 - [MESSAGE][PASSED] - All options with index in [113] are selected on object 'Object Repository/Modulo Selección/Buscar_hoja_de_vida_externa/select_-- Seleccione--000000ABEJORRALABREGOABRIAQUACACIASACANDIACEVEDOACHIAGRADOAGUA'

2022-03-29 19:22:24 - [TEST_STEP][PASSED] - click(findTestObject("Modulo Selección/Buscar_hoja_de_vida_externa/a_Aplicar3")): Object: 'Object Repository/Modulo Selección/Buscar_hoja_de_vida_externa/a_Aplicar3' is clicked on

2022-03-29 19:22:25 - [MESSAGE][PASSED] - Object: 'Object Repository/Modulo Selección/Buscar_hoja_de_vida_externa/a_Aplicar3' is clicked on

2022-03-29 19:22:25 - [TEST_STEP][PASSED] - click(findTestObject("Modulo Selección/Buscar_hoja_de_vida_externa/a_Aplicar2")): Object: 'Object Repository/Modulo Selección/Buscar_hoja_de_vida_externa/a_Aplicar2' is clicked on

2022-03-29 19:22:26 - [MESSAGE][PASSED] - Object: 'Object Repository/Modulo Selección/Buscar_hoja_de_vida_externa/a_Aplicar2' is clicked on

2022-03-29 19:22:26 - [TEST_STEP][PASSED] - click(findTestObject("Modulo Selección/Buscar_hoja_de_vida_externa/span_Excluir candidatos bloqueados_ui-chkbox-icon ui-icon ui-icon-check ui-c")): Object: 'Object Repository/Modulo Selección/Buscar_hoja_de_vida_externa/span_Excluir candidatos bloqueados_ui-chkbox-icon ui-icon ui-icon-check ui-c' is clicked on

2022-03-29 19:22:29 - [MESSAGE][PASSED] - Object: 'Object Repository/Modulo Selección/Buscar_hoja_de_vida_externa/span_Excluir candidatos bloqueados_ui-chkbox-icon ui-icon ui-icon-check ui-c' is clicked on

2022-03-29 19:22:29 - [TEST_STEP][PASSED] - click(findTestObject("Modulo Selección/Buscar_hoja_de_vida_externa/span_NO RELACIONADA_btn-procesoactivo us-icon-card-img")): Object: 'Object Repository/Modulo Selección/Buscar_hoja_de_vida_externa/span_NO RELACIONADA_btn-procesoactivo us-icon-card-img' is clicked on

2022-03-29 19:22:31 - [MESSAGE][PASSED] - Object: 'Object Repository/Modulo Selección/Buscar_hoja_de_vida_externa/span_NO RELACIONADA_btn-procesoactivo us-icon-card-img' is clicked on

2022-03-29 19:22:31 - [TEST_STEP][PASSED] - click(findTestObject("Modulo Selección/Buscar_hoja_de_vida_externa/a_Aceptar1")): Object: 'Object Repository/Modulo Selección/Buscar_hoja_de_vida_externa/a_Aceptar1' is clicked on

2022-03-29 19:22:32 - [MESSAGE][PASSED] - Object: 'Object Repository/Modulo Selección/Buscar_hoja_de_vida_externa/a_Aceptar1' is clicked on

2022-03-29 19:22:32 - [TEST_STEP][PASSED] - selectOptionByIndex(findTestObject("Modulo Selección/Buscar_hoja_de_vida_externa/select_SINO"), 1): All options with index in [1] are selected on object 'Object Repository/Modulo Selección/Buscar_hoja_de_vida_externa/select_SINO'

2022-03-29 19:22:35 - [MESSAGE][PASSED] - All options with index in [1] are selected on object 'Object Repository/Modulo Selección/Buscar_hoja_de_vida_externa/select_SINO'

2022-03-29 19:22:35 - [TEST_STEP][PASSED] - click(findTestObject("Modulo Selección/Buscar_hoja_de_vida_externa/td_Administracion")): Object: 'Object Repository/Modulo Selección/Buscar_hoja_de_vida_externa/td_Administracion' is clicked on

2022-03-29 19:22:35 - [MESSAGE][PASSED] - Object: 'Object Repository/Modulo Selección/Buscar_hoja_de_vida_externa/td_Administracion' is clicked on

2022-03-29 19:22:35 - [TEST_STEP][PASSED] - click(findTestObject("Modulo Selección/Buscar_hoja_de_vida_externa/a_Aplicar2")): Object: 'Object Repository/Modulo Selección/Buscar_hoja_de_vida_externa/a_Aplicar2' is clicked on

2022-03-29 19:22:36 - [MESSAGE][PASSED] - Object: 'Object Repository/Modulo Selección/Buscar_hoja_de_vida_externa/a_Aplicar2' is clicked on

2022-03-29 19:22:36 - [TEST_STEP][PASSED] - waitForElementVisible(findTestObject("Modulo Selección/Buscar_hoja_de_vida_externa/p_LA HOJA DE VIDA YA ESTA ASOCIADA A ESTE PROCESO"), 0): Object 'Object Repository/Modulo Selección/Buscar_hoja_de_vida_externa/p_LA HOJA DE VIDA YA ESTA ASOCIADA A ESTE PROCESO' is visible

2022-03-29 19:22:36 - [MESSAGE][WARNING] - Timeout '0' is invalid. Using default page load timeout: '45'

2022-03-29 19:22:39 - [MESSAGE][PASSED] - Object 'Object Repository/Modulo Selección/Buscar_hoja_de_vida_externa/p_LA HOJA DE VIDA YA ESTA ASOCIADA A ESTE PROCESO' is visible

2022-03-29 19:22:39 - [TEST_STEP][PASSED] - closeBrowser(): Browser is closed

2022-03-29 19:22:39 - [MESSAGE][PASSED] - Browser is closed]]></system-out>
         <system-err><![CDATA[]]></system-err>
      </testcase>
      <testcase name="Test Cases/1.2-Tareas_Secundarias/A.0-Pruebas_Selección/10.1.9-Asociar_candidatos" time="24.833" classname="Test Cases/1.2-Tareas_Secundarias/A.0-Pruebas_Selección/10.1.9-Asociar_candidatos" status="PASSED">
         <system-out><![CDATA[2022-03-29 19:22:39 - [TEST_CASE][PASSED] - Test Cases/1.2-Tareas_Secundarias/A.0-Pruebas_Selección/10.1.9-Asociar_candidatos: Test Cases/1.2-Tareas_Secundarias/A.0-Pruebas_Selección/10.1.9-Asociar_candidatos

2022-03-29 19:22:40 - [TEST_STEP][PASSED] - callTestCase(findTestCase("0.1-Login"), [:], STOP_ON_FAILURE): Call Test Case 'Test Cases/0.1-Login' successfully

2022-03-29 19:22:40 - [TEST_CASE][PASSED] - Test Cases/0.1-Login: Test Cases/0.1-Login

2022-03-29 19:22:40 - [TEST_STEP][PASSED] - openBrowser(""): Browser is opened with url: ''

2022-03-29 19:22:40 - [MESSAGE][INFO] - Starting 'Chrome' driver

2022-03-29 19:22:40 - [MESSAGE][INFO] - Action delay is set to 50 milliseconds

2022-03-29 19:22:41 - [MESSAGE][PASSED] - Browser is opened with url: ''

2022-03-29 19:22:41 - [TEST_STEP][PASSED] - maximizeWindow(): Current window maximized

2022-03-29 19:22:41 - [MESSAGE][PASSED] - Current window maximized

2022-03-29 19:22:41 - [TEST_STEP][PASSED] - i = G_Login: null

2022-03-29 19:22:41 - [TEST_STEP][PASSED] - url = new java.net.URL(i): null

2022-03-29 19:22:41 - [TEST_STEP][PASSED] - println("URL: " + url.toString()): null

2022-03-29 19:22:41 - [TEST_STEP][PASSED] - connection = url.openConnection(): null

2022-03-29 19:22:41 - [TEST_STEP][PASSED] - connection.setRequestMethod("GET"): null

2022-03-29 19:22:41 - [TEST_STEP][PASSED] - connection.setReadTimeout(2 * 1000): null

2022-03-29 19:22:41 - [TEST_STEP][PASSED] - try: null

2022-03-29 19:22:41 - [TEST_STEP][PASSED] - connection.connect(): null

2022-03-29 19:22:41 - [TEST_STEP][PASSED] - flag = connected: null

2022-03-29 19:22:41 - [TEST_STEP][PASSED] - println("Valor_ori: " + flag): null

2022-03-29 19:22:41 - [TEST_STEP][PASSED] - if (flag): null

2022-03-29 19:22:41 - [TEST_STEP][PASSED] - navigateToUrl(i): Navigate to 'http://192.168.2.19:8380/saraweb' successfully

2022-03-29 19:22:41 - [MESSAGE][PASSED] - Navigate to 'http://192.168.2.19:8380/saraweb' successfully

2022-03-29 19:22:41 - [TEST_STEP][PASSED] - a(): null

2022-03-29 19:22:41 - [TEST_STEP][PASSED] - setText(findTestObject("Login/input_USUARIO_loginusuario"), G_Usuario): Text 'saraadmin' is set on object 'Object Repository/Login/input_USUARIO_loginusuario'

2022-03-29 19:22:43 - [MESSAGE][PASSED] - Text 'saraadmin' is set on object 'Object Repository/Login/input_USUARIO_loginusuario'

2022-03-29 19:22:43 - [TEST_STEP][PASSED] - setEncryptedText(findTestObject("Login/input_CLAVE_loginpassword"), "MkG4/TYiCFC3cb2driP7+Q=="): Text ****** has been set on object 'Object Repository/Login/input_CLAVE_loginpassword'

2022-03-29 19:22:43 - [MESSAGE][PASSED] - Text ****** has been set on object 'Object Repository/Login/input_CLAVE_loginpassword'

2022-03-29 19:22:43 - [TEST_STEP][PASSED] - waitForElementClickable(findTestObject("Login/a_Ingresar"), G_TimeOut): Object 'Object Repository/Login/a_Ingresar' is clickable

2022-03-29 19:22:44 - [MESSAGE][PASSED] - Object 'Object Repository/Login/a_Ingresar' is clickable

2022-03-29 19:22:44 - [TEST_STEP][PASSED] - click(findTestObject("Login/a_Ingresar")): Object: 'Object Repository/Login/a_Ingresar' is clicked on

2022-03-29 19:22:45 - [MESSAGE][PASSED] - Object: 'Object Repository/Login/a_Ingresar' is clicked on

2022-03-29 19:22:45 - [TEST_STEP][PASSED] - element = findWebElement(findTestObject("Login/a_Ir"), 30): null

2022-03-29 19:22:46 - [TEST_STEP][PASSED] - executeJavaScript("arguments[0].click()", Arrays.asList(element)): Execute JavaScript 'arguments[0].click()' successfully

2022-03-29 19:22:46 - [MESSAGE][PASSED] - Execute JavaScript 'arguments[0].click()' successfully

2022-03-29 19:22:46 - [MESSAGE][PASSED] - Call Test Case 'Test Cases/0.1-Login' successfully

2022-03-29 19:22:46 - [TEST_STEP][PASSED] - setText(findTestObject("Modulo Selección/Asociar_candidatos/input_Empresa 1_form_templatej_idt24_input"), "proceso de seleccion"): Text 'proceso de seleccion' is set on object 'Object Repository/Modulo Selección/Asociar_candidatos/input_Empresa 1_form_templatej_idt24_input'

2022-03-29 19:22:47 - [MESSAGE][PASSED] - Text 'proceso de seleccion' is set on object 'Object Repository/Modulo Selección/Asociar_candidatos/input_Empresa 1_form_templatej_idt24_input'

2022-03-29 19:22:47 - [TEST_STEP][PASSED] - click(findTestObject("Modulo Selección/Asociar_candidatos/li_Proceso de Seleccion (tal)")): Object: 'Object Repository/Modulo Selección/Asociar_candidatos/li_Proceso de Seleccion (tal)' is clicked on

2022-03-29 19:22:48 - [MESSAGE][PASSED] - Object: 'Object Repository/Modulo Selección/Asociar_candidatos/li_Proceso de Seleccion (tal)' is clicked on

2022-03-29 19:22:48 - [TEST_STEP][PASSED] - selectOptionByIndex(findTestObject("Modulo Selección/Asociar_candidatos/select_--Seleccione--CALIDADMENSUAL ABCMODELO EMPRESA QUINCENALPANSIONADOSPENSIONADOS BASEPRUEBAS"), 1): All options with index in [1] are selected on object 'Object Repository/Modulo Selección/Asociar_candidatos/select_--Seleccione--CALIDADMENSUAL ABCMODELO EMPRESA QUINCENALPANSIONADOSPENSIONADOS BASEPRUEBAS'

2022-03-29 19:22:50 - [MESSAGE][PASSED] - All options with index in [1] are selected on object 'Object Repository/Modulo Selección/Asociar_candidatos/select_--Seleccione--CALIDADMENSUAL ABCMODELO EMPRESA QUINCENALPANSIONADOSPENSIONADOS BASEPRUEBAS'

2022-03-29 19:22:50 - [TEST_STEP][PASSED] - setText(findTestObject("Modulo Selección/Asociar_candidatos/input_Fecha Inicial_filtro_procesoseleccionfechaps_input"), "29/06/2017"): Text '29/06/2017' is set on object 'Object Repository/Modulo Selección/Asociar_candidatos/input_Fecha Inicial_filtro_procesoseleccionfechaps_input'

2022-03-29 19:22:51 - [MESSAGE][PASSED] - Text '29/06/2017' is set on object 'Object Repository/Modulo Selección/Asociar_candidatos/input_Fecha Inicial_filtro_procesoseleccionfechaps_input'

2022-03-29 19:22:51 - [TEST_STEP][PASSED] - sendKeys(findTestObject("Modulo Selección/Asociar_candidatos/input_Fecha Inicial_filtro_procesoseleccionfechaps_input"), Keys.chord(ENTER)): Keys 'ENTER + ' sent to object: 'Object Repository/Modulo Selección/Asociar_candidatos/input_Fecha Inicial_filtro_procesoseleccionfechaps_input'

2022-03-29 19:22:52 - [MESSAGE][PASSED] - Keys 'ENTER + ' sent to object: 'Object Repository/Modulo Selección/Asociar_candidatos/input_Fecha Inicial_filtro_procesoseleccionfechaps_input'

2022-03-29 19:22:52 - [TEST_STEP][PASSED] - click(findTestObject("Modulo Selección/Asociar_candidatos/td_8028     - Analista De Sistemas")): Object: 'Object Repository/Modulo Selección/Asociar_candidatos/td_8028     - Analista De Sistemas' is clicked on

2022-03-29 19:22:53 - [MESSAGE][PASSED] - Object: 'Object Repository/Modulo Selección/Asociar_candidatos/td_8028     - Analista De Sistemas' is clicked on

2022-03-29 19:22:53 - [TEST_STEP][PASSED] - click(findTestObject("Modulo Selección/Asociar_candidatos/div_Candidato")): Object: 'Object Repository/Modulo Selección/Asociar_candidatos/div_Candidato' is clicked on

2022-03-29 19:22:54 - [MESSAGE][PASSED] - Object: 'Object Repository/Modulo Selección/Asociar_candidatos/div_Candidato' is clicked on

2022-03-29 19:22:54 - [TEST_STEP][PASSED] - click(findTestObject("Modulo Selección/Asociar_candidatos/a_Registro Candidato")): Object: 'Object Repository/Modulo Selección/Asociar_candidatos/a_Registro Candidato' is clicked on

2022-03-29 19:22:55 - [MESSAGE][PASSED] - Object: 'Object Repository/Modulo Selección/Asociar_candidatos/a_Registro Candidato' is clicked on

2022-03-29 19:22:55 - [TEST_STEP][PASSED] - if (waitForElementVisible(findTestObject("Modulo Selección/Asociar_candidatos/td_A A A"), 1)): null

2022-03-29 19:22:56 - [MESSAGE][PASSED] - Object 'Object Repository/Modulo Selección/Asociar_candidatos/td_A A A' is visible

2022-03-29 19:22:56 - [TEST_STEP][PASSED] - click(findTestObject("Modulo Selección/Asociar_candidatos/td_A A A")): Object: 'Object Repository/Modulo Selección/Asociar_candidatos/td_A A A' is clicked on

2022-03-29 19:22:56 - [MESSAGE][PASSED] - Object: 'Object Repository/Modulo Selección/Asociar_candidatos/td_A A A' is clicked on

2022-03-29 19:22:56 - [TEST_STEP][PASSED] - click(findTestObject("Modulo Selección/Asociar_candidatos/a_Eliminar")): Object: 'Object Repository/Modulo Selección/Asociar_candidatos/a_Eliminar' is clicked on

2022-03-29 19:22:57 - [MESSAGE][PASSED] - Object: 'Object Repository/Modulo Selección/Asociar_candidatos/a_Eliminar' is clicked on

2022-03-29 19:22:57 - [TEST_STEP][PASSED] - click(findTestObject("Modulo Selección/Asociar_candidatos/span_Si")): Object: 'Object Repository/Modulo Selección/Asociar_candidatos/span_Si' is clicked on

2022-03-29 19:22:58 - [MESSAGE][PASSED] - Object: 'Object Repository/Modulo Selección/Asociar_candidatos/span_Si' is clicked on

2022-03-29 19:22:58 - [TEST_STEP][PASSED] - click(findTestObject("Modulo Selección/Asociar_candidatos/a_Nuevo")): Object: 'Object Repository/Modulo Selección/Asociar_candidatos/a_Nuevo' is clicked on

2022-03-29 19:22:59 - [MESSAGE][PASSED] - Object: 'Object Repository/Modulo Selección/Asociar_candidatos/a_Nuevo' is clicked on

2022-03-29 19:22:59 - [TEST_STEP][PASSED] - click(findTestObject("Modulo Selección/Asociar_candidatos/a_Identificacin_seleccion_procesopanelCandidatoj_idt924")): Object: 'Object Repository/Modulo Selección/Asociar_candidatos/a_Identificacin_seleccion_procesopanelCandidatoj_idt924' is clicked on

2022-03-29 19:23:00 - [MESSAGE][PASSED] - Object: 'Object Repository/Modulo Selección/Asociar_candidatos/a_Identificacin_seleccion_procesopanelCandidatoj_idt924' is clicked on

2022-03-29 19:23:00 - [TEST_STEP][PASSED] - setText(findTestObject("Modulo Selección/Asociar_candidatos/input_Filtro Candidatos_form_popUpCandidatosSeleccionj_idt171"), "A A A"): Text 'A A A' is set on object 'Object Repository/Modulo Selección/Asociar_candidatos/input_Filtro Candidatos_form_popUpCandidatosSeleccionj_idt171'

2022-03-29 19:23:01 - [MESSAGE][PASSED] - Text 'A A A' is set on object 'Object Repository/Modulo Selección/Asociar_candidatos/input_Filtro Candidatos_form_popUpCandidatosSeleccionj_idt171'

2022-03-29 19:23:01 - [TEST_STEP][PASSED] - sendKeys(findTestObject("Modulo Selección/Asociar_candidatos/input_Filtro Candidatos_form_popUpCandidatosSeleccionj_idt171"), Keys.chord(ENTER)): Keys 'ENTER + ' sent to object: 'Object Repository/Modulo Selección/Asociar_candidatos/input_Filtro Candidatos_form_popUpCandidatosSeleccionj_idt171'

2022-03-29 19:23:02 - [MESSAGE][PASSED] - Keys 'ENTER + ' sent to object: 'Object Repository/Modulo Selección/Asociar_candidatos/input_Filtro Candidatos_form_popUpCandidatosSeleccionj_idt171'

2022-03-29 19:23:02 - [TEST_STEP][PASSED] - click(findTestObject("Modulo Selección/Asociar_candidatos/span_A A A")): Object: 'Object Repository/Modulo Selección/Asociar_candidatos/span_A A A' is clicked on

2022-03-29 19:23:03 - [MESSAGE][PASSED] - Object: 'Object Repository/Modulo Selección/Asociar_candidatos/span_A A A' is clicked on

2022-03-29 19:23:03 - [TEST_STEP][PASSED] - click(findTestObject("Modulo Parametros/Comprobar Parametros/a_Guardar")): Object: 'Object Repository/Modulo Parametros/Comprobar Parametros/a_Guardar' is clicked on

2022-03-29 19:23:04 - [MESSAGE][PASSED] - Object: 'Object Repository/Modulo Parametros/Comprobar Parametros/a_Guardar' is clicked on]]></system-out>
         <system-err><![CDATA[]]></system-err>
      </testcase>
      <testcase name="Test Cases/1.2-Tareas_Secundarias/A.0-Pruebas_Selección/10.2.1-Programación_de_etapas_a_un_candidato" time="47.503" classname="Test Cases/1.2-Tareas_Secundarias/A.0-Pruebas_Selección/10.2.1-Programación_de_etapas_a_un_candidato" status="PASSED">
         <system-out><![CDATA[2022-03-29 19:23:04 - [TEST_CASE][PASSED] - Test Cases/1.2-Tareas_Secundarias/A.0-Pruebas_Selección/10.2.1-Programación_de_etapas_a_un_candidato: Test Cases/1.2-Tareas_Secundarias/A.0-Pruebas_Selección/10.2.1-Programación_de_etapas_a_un_candidato

2022-03-29 19:23:05 - [TEST_STEP][PASSED] - callTestCase(findTestCase("0.1-Login"), [:], STOP_ON_FAILURE): Call Test Case 'Test Cases/0.1-Login' successfully

2022-03-29 19:23:05 - [TEST_CASE][PASSED] - Test Cases/0.1-Login: Test Cases/0.1-Login

2022-03-29 19:23:05 - [TEST_STEP][PASSED] - openBrowser(""): Browser is opened with url: ''

2022-03-29 19:23:05 - [MESSAGE][WARNING] - A browser is already opened. Closing browser and opening a new one

2022-03-29 19:23:05 - [MESSAGE][INFO] - Starting 'Chrome' driver

2022-03-29 19:23:05 - [MESSAGE][INFO] - Action delay is set to 50 milliseconds

2022-03-29 19:23:07 - [MESSAGE][PASSED] - Browser is opened with url: ''

2022-03-29 19:23:07 - [TEST_STEP][PASSED] - maximizeWindow(): Current window maximized

2022-03-29 19:23:07 - [MESSAGE][PASSED] - Current window maximized

2022-03-29 19:23:07 - [TEST_STEP][PASSED] - i = G_Login: null

2022-03-29 19:23:07 - [TEST_STEP][PASSED] - url = new java.net.URL(i): null

2022-03-29 19:23:07 - [TEST_STEP][PASSED] - println("URL: " + url.toString()): null

2022-03-29 19:23:07 - [TEST_STEP][PASSED] - connection = url.openConnection(): null

2022-03-29 19:23:07 - [TEST_STEP][PASSED] - connection.setRequestMethod("GET"): null

2022-03-29 19:23:07 - [TEST_STEP][PASSED] - connection.setReadTimeout(2 * 1000): null

2022-03-29 19:23:07 - [TEST_STEP][PASSED] - try: null

2022-03-29 19:23:07 - [TEST_STEP][PASSED] - connection.connect(): null

2022-03-29 19:23:07 - [TEST_STEP][PASSED] - flag = connected: null

2022-03-29 19:23:07 - [TEST_STEP][PASSED] - println("Valor_ori: " + flag): null

2022-03-29 19:23:07 - [TEST_STEP][PASSED] - if (flag): null

2022-03-29 19:23:07 - [TEST_STEP][PASSED] - navigateToUrl(i): Navigate to 'http://192.168.2.19:8380/saraweb' successfully

2022-03-29 19:23:07 - [MESSAGE][PASSED] - Navigate to 'http://192.168.2.19:8380/saraweb' successfully

2022-03-29 19:23:07 - [TEST_STEP][PASSED] - a(): null

2022-03-29 19:23:07 - [TEST_STEP][PASSED] - setText(findTestObject("Login/input_USUARIO_loginusuario"), G_Usuario): Text 'saraadmin' is set on object 'Object Repository/Login/input_USUARIO_loginusuario'

2022-03-29 19:23:08 - [MESSAGE][PASSED] - Text 'saraadmin' is set on object 'Object Repository/Login/input_USUARIO_loginusuario'

2022-03-29 19:23:08 - [TEST_STEP][PASSED] - setEncryptedText(findTestObject("Login/input_CLAVE_loginpassword"), "MkG4/TYiCFC3cb2driP7+Q=="): Text ****** has been set on object 'Object Repository/Login/input_CLAVE_loginpassword'

2022-03-29 19:23:09 - [MESSAGE][PASSED] - Text ****** has been set on object 'Object Repository/Login/input_CLAVE_loginpassword'

2022-03-29 19:23:09 - [TEST_STEP][PASSED] - waitForElementClickable(findTestObject("Login/a_Ingresar"), G_TimeOut): Object 'Object Repository/Login/a_Ingresar' is clickable

2022-03-29 19:23:09 - [MESSAGE][PASSED] - Object 'Object Repository/Login/a_Ingresar' is clickable

2022-03-29 19:23:09 - [TEST_STEP][PASSED] - click(findTestObject("Login/a_Ingresar")): Object: 'Object Repository/Login/a_Ingresar' is clicked on

2022-03-29 19:23:10 - [MESSAGE][PASSED] - Object: 'Object Repository/Login/a_Ingresar' is clicked on

2022-03-29 19:23:10 - [TEST_STEP][PASSED] - element = findWebElement(findTestObject("Login/a_Ir"), 30): null

2022-03-29 19:23:11 - [TEST_STEP][PASSED] - executeJavaScript("arguments[0].click()", Arrays.asList(element)): Execute JavaScript 'arguments[0].click()' successfully

2022-03-29 19:23:11 - [MESSAGE][PASSED] - Execute JavaScript 'arguments[0].click()' successfully

2022-03-29 19:23:11 - [MESSAGE][PASSED] - Call Test Case 'Test Cases/0.1-Login' successfully

2022-03-29 19:23:11 - [TEST_STEP][PASSED] - setText(findTestObject("Modulo Selección/Programación_de_etapas_a_un_candidato/input_No search results are available_form_templatej_idt24_input"), "proceso de seleccion"): Text 'proceso de seleccion' is set on object 'Object Repository/Modulo Selección/Programación_de_etapas_a_un_candidato/input_No search results are available_form_templatej_idt24_input'

2022-03-29 19:23:12 - [MESSAGE][PASSED] - Text 'proceso de seleccion' is set on object 'Object Repository/Modulo Selección/Programación_de_etapas_a_un_candidato/input_No search results are available_form_templatej_idt24_input'

2022-03-29 19:23:12 - [TEST_STEP][PASSED] - click(findTestObject("Modulo Selección/Programación_de_etapas_a_un_candidato/span_Proceso de Seleccion")): Object: 'Object Repository/Modulo Selección/Programación_de_etapas_a_un_candidato/span_Proceso de Seleccion' is clicked on

2022-03-29 19:23:13 - [MESSAGE][PASSED] - Object: 'Object Repository/Modulo Selección/Programación_de_etapas_a_un_candidato/span_Proceso de Seleccion' is clicked on

2022-03-29 19:23:13 - [TEST_STEP][PASSED] - selectOptionByIndex(findTestObject("Modulo Selección/Programación_de_etapas_a_un_candidato/select_--Seleccione--CALIDADMENSUAL ABCMODELO EMPRESA QUINCENALPANSIONADOSPENSIONADOS BASEPRUEBAS"), 1): All options with index in [1] are selected on object 'Object Repository/Modulo Selección/Programación_de_etapas_a_un_candidato/select_--Seleccione--CALIDADMENSUAL ABCMODELO EMPRESA QUINCENALPANSIONADOSPENSIONADOS BASEPRUEBAS'

2022-03-29 19:23:15 - [MESSAGE][PASSED] - All options with index in [1] are selected on object 'Object Repository/Modulo Selección/Programación_de_etapas_a_un_candidato/select_--Seleccione--CALIDADMENSUAL ABCMODELO EMPRESA QUINCENALPANSIONADOSPENSIONADOS BASEPRUEBAS'

2022-03-29 19:23:15 - [TEST_STEP][PASSED] - setText(findTestObject("Modulo Selección/Programación_de_etapas_a_un_candidato/input_Fecha Inicial_filtro_procesoseleccionfechaps_input"), "29/06/2017"): Text '29/06/2017' is set on object 'Object Repository/Modulo Selección/Programación_de_etapas_a_un_candidato/input_Fecha Inicial_filtro_procesoseleccionfechaps_input'

2022-03-29 19:23:16 - [MESSAGE][PASSED] - Text '29/06/2017' is set on object 'Object Repository/Modulo Selección/Programación_de_etapas_a_un_candidato/input_Fecha Inicial_filtro_procesoseleccionfechaps_input'

2022-03-29 19:23:16 - [TEST_STEP][PASSED] - setText(findTestObject("Modulo Selección/Programación_de_etapas_a_un_candidato/input_Fecha Final_filtro_procesoseleccionfechaps1_input"), "29/06/2017"): Text '29/06/2017' is set on object 'Object Repository/Modulo Selección/Programación_de_etapas_a_un_candidato/input_Fecha Final_filtro_procesoseleccionfechaps1_input'

2022-03-29 19:23:17 - [MESSAGE][PASSED] - Text '29/06/2017' is set on object 'Object Repository/Modulo Selección/Programación_de_etapas_a_un_candidato/input_Fecha Final_filtro_procesoseleccionfechaps1_input'

2022-03-29 19:23:17 - [TEST_STEP][PASSED] - sendKeys(findTestObject("Modulo Selección/Programación_de_etapas_a_un_candidato/input_Fecha Final_filtro_procesoseleccionfechaps1_input"), Keys.chord(ENTER)): Keys 'ENTER + ' sent to object: 'Object Repository/Modulo Selección/Programación_de_etapas_a_un_candidato/input_Fecha Final_filtro_procesoseleccionfechaps1_input'

2022-03-29 19:23:18 - [MESSAGE][PASSED] - Keys 'ENTER + ' sent to object: 'Object Repository/Modulo Selección/Programación_de_etapas_a_un_candidato/input_Fecha Final_filtro_procesoseleccionfechaps1_input'

2022-03-29 19:23:18 - [TEST_STEP][PASSED] - click(findTestObject("Modulo Selección/Programación_de_etapas_a_un_candidato/td_8028     - Analista De Sistemas")): Object: 'Object Repository/Modulo Selección/Programación_de_etapas_a_un_candidato/td_8028     - Analista De Sistemas' is clicked on

2022-03-29 19:23:19 - [MESSAGE][PASSED] - Object: 'Object Repository/Modulo Selección/Programación_de_etapas_a_un_candidato/td_8028     - Analista De Sistemas' is clicked on

2022-03-29 19:23:19 - [TEST_STEP][PASSED] - click(findTestObject("Modulo Selección/Programación_de_etapas_a_un_candidato/div_Citacion")): Object: 'Object Repository/Modulo Selección/Programación_de_etapas_a_un_candidato/div_Citacion' is clicked on

2022-03-29 19:23:21 - [MESSAGE][PASSED] - Object: 'Object Repository/Modulo Selección/Programación_de_etapas_a_un_candidato/div_Citacion' is clicked on

2022-03-29 19:23:21 - [TEST_STEP][PASSED] - click(findTestObject("Modulo Selección/Programación_de_etapas_a_un_candidato/a_Registro Citacin")): Object: 'Object Repository/Modulo Selección/Programación_de_etapas_a_un_candidato/a_Registro Citacin' is clicked on

2022-03-29 19:23:21 - [MESSAGE][PASSED] - Object: 'Object Repository/Modulo Selección/Programación_de_etapas_a_un_candidato/a_Registro Citacin' is clicked on

2022-03-29 19:23:21 - [TEST_STEP][PASSED] - if (waitForElementVisible(findTestObject("Modulo Selección/Programación_de_etapas_a_un_candidato/td_A A A"), 1)): Web element with id: 'Object Repository/Modulo Selección/Programación_de_etapas_a_un_candidato/td_A A A' located by '//td[(text() = 'A A A' or . = 'A A A')]' not found

2022-03-29 19:23:23 - [MESSAGE][INFO] - Unable to find the element located by 'By.xpath: //td[(text() = 'A A A' or . = 'A A A')]'. Please recheck the objects properties to make sure the desired element is located. 

2022-03-29 19:23:23 - [MESSAGE][WARNING] - Web element with id: 'Object Repository/Modulo Selección/Programación_de_etapas_a_un_candidato/td_A A A' located by '//td[(text() = 'A A A' or . = 'A A A')]' not found

2022-03-29 19:23:23 - [TEST_STEP][PASSED] - if (waitForElementVisible(findTestObject("Modulo Selección/Programación_de_etapas_a_un_candidato/td_Constantino  Jhon"), 1)): null

2022-03-29 19:23:24 - [MESSAGE][PASSED] - Object 'Object Repository/Modulo Selección/Programación_de_etapas_a_un_candidato/td_Constantino  Jhon' is visible

2022-03-29 19:23:24 - [TEST_STEP][PASSED] - click(findTestObject("Modulo Selección/Programación_de_etapas_a_un_candidato/td_Constantino  Jhon"), STOP_ON_FAILURE): Object: 'Object Repository/Modulo Selección/Programación_de_etapas_a_un_candidato/td_Constantino  Jhon' is clicked on

2022-03-29 19:23:24 - [MESSAGE][PASSED] - Object: 'Object Repository/Modulo Selección/Programación_de_etapas_a_un_candidato/td_Constantino  Jhon' is clicked on

2022-03-29 19:23:24 - [TEST_STEP][PASSED] - click(findTestObject("Modulo Selección/Programación_de_etapas_a_un_candidato/a_Eliminar"), STOP_ON_FAILURE): Object: 'Object Repository/Modulo Selección/Programación_de_etapas_a_un_candidato/a_Eliminar' is clicked on

2022-03-29 19:23:26 - [MESSAGE][PASSED] - Object: 'Object Repository/Modulo Selección/Programación_de_etapas_a_un_candidato/a_Eliminar' is clicked on

2022-03-29 19:23:26 - [TEST_STEP][PASSED] - click(findTestObject("Modulo Selección/Programación_de_etapas_a_un_candidato/span_Si"), STOP_ON_FAILURE): Object: 'Object Repository/Modulo Selección/Programación_de_etapas_a_un_candidato/span_Si' is clicked on

2022-03-29 19:23:26 - [MESSAGE][PASSED] - Object: 'Object Repository/Modulo Selección/Programación_de_etapas_a_un_candidato/span_Si' is clicked on

2022-03-29 19:23:26 - [TEST_STEP][PASSED] - click(findTestObject("Modulo Selección/Programación_de_etapas_a_un_candidato/a_Etapas Por Asistente")): Object: 'Object Repository/Modulo Selección/Programación_de_etapas_a_un_candidato/a_Etapas Por Asistente' is clicked on

2022-03-29 19:23:27 - [MESSAGE][PASSED] - Object: 'Object Repository/Modulo Selección/Programación_de_etapas_a_un_candidato/a_Etapas Por Asistente' is clicked on

2022-03-29 19:23:27 - [TEST_STEP][PASSED] - if (waitForElementVisible(findTestObject("Modulo Selección/Programación_de_etapas_a_un_candidato/span_A A A_glyphicons glyphicons-user-add"), 1)): Web element with id: 'Object Repository/Modulo Selección/Programación_de_etapas_a_un_candidato/span_A A A_glyphicons glyphicons-user-add' located by '//td/a/span' not found

2022-03-29 19:23:30 - [MESSAGE][INFO] - Unable to find the element located by 'By.xpath: //td/a/span'. Please recheck the objects properties to make sure the desired element is located. 

2022-03-29 19:23:30 - [MESSAGE][WARNING] - Web element with id: 'Object Repository/Modulo Selección/Programación_de_etapas_a_un_candidato/span_A A A_glyphicons glyphicons-user-add' located by '//td/a/span' not found

2022-03-29 19:23:30 - [TEST_STEP][PASSED] - click(findTestObject("Modulo Selección/Programación_de_etapas_a_un_candidato/a_Jurados")): Object: 'Object Repository/Modulo Selección/Programación_de_etapas_a_un_candidato/a_Jurados' is clicked on

2022-03-29 19:23:30 - [MESSAGE][PASSED] - Object: 'Object Repository/Modulo Selección/Programación_de_etapas_a_un_candidato/a_Jurados' is clicked on

2022-03-29 19:23:30 - [TEST_STEP][PASSED] - click(findTestObject("Modulo Selección/Programación_de_etapas_a_un_candidato/a_Programar")): Object: 'Object Repository/Modulo Selección/Programación_de_etapas_a_un_candidato/a_Programar' is clicked on

2022-03-29 19:23:31 - [MESSAGE][PASSED] - Object: 'Object Repository/Modulo Selección/Programación_de_etapas_a_un_candidato/a_Programar' is clicked on

2022-03-29 19:23:31 - [TEST_STEP][PASSED] - click(findTestObject("Modulo Selección/Programación_de_etapas_a_un_candidato/td_PRUEBA")): Object: 'Object Repository/Modulo Selección/Programación_de_etapas_a_un_candidato/td_PRUEBA' is clicked on

2022-03-29 19:23:32 - [MESSAGE][PASSED] - Object: 'Object Repository/Modulo Selección/Programación_de_etapas_a_un_candidato/td_PRUEBA' is clicked on

2022-03-29 19:23:32 - [TEST_STEP][PASSED] - click(findTestObject("Modulo Selección/Programación_de_etapas_a_un_candidato/a_Responsable_popupCitacion_formj_idt1947")): Object: 'Object Repository/Modulo Selección/Programación_de_etapas_a_un_candidato/a_Responsable_popupCitacion_formj_idt1947' is clicked on

2022-03-29 19:23:33 - [MESSAGE][PASSED] - Object: 'Object Repository/Modulo Selección/Programación_de_etapas_a_un_candidato/a_Responsable_popupCitacion_formj_idt1947' is clicked on

2022-03-29 19:23:33 - [TEST_STEP][PASSED] - setText(findTestObject("Modulo Selección/Programación_de_etapas_a_un_candidato/input_Filtro Hoja de Vida_formPopupHojaVidaj_idt2644"), "constantino jhon"): Text 'constantino jhon' is set on object 'Object Repository/Modulo Selección/Programación_de_etapas_a_un_candidato/input_Filtro Hoja de Vida_formPopupHojaVidaj_idt2644'

2022-03-29 19:23:35 - [MESSAGE][PASSED] - Text 'constantino jhon' is set on object 'Object Repository/Modulo Selección/Programación_de_etapas_a_un_candidato/input_Filtro Hoja de Vida_formPopupHojaVidaj_idt2644'

2022-03-29 19:23:35 - [TEST_STEP][PASSED] - sendKeys(findTestObject("Modulo Selección/Programación_de_etapas_a_un_candidato/input_Filtro Hoja de Vida_formPopupHojaVidaj_idt2644"), Keys.chord(ENTER)): Keys 'ENTER + ' sent to object: 'Object Repository/Modulo Selección/Programación_de_etapas_a_un_candidato/input_Filtro Hoja de Vida_formPopupHojaVidaj_idt2644'

2022-03-29 19:23:35 - [MESSAGE][PASSED] - Keys 'ENTER + ' sent to object: 'Object Repository/Modulo Selección/Programación_de_etapas_a_un_candidato/input_Filtro Hoja de Vida_formPopupHojaVidaj_idt2644'

2022-03-29 19:23:35 - [TEST_STEP][PASSED] - click(findTestObject("Modulo Selección/Programación_de_etapas_a_un_candidato/span_Constantino  Jhon")): Object: 'Object Repository/Modulo Selección/Programación_de_etapas_a_un_candidato/span_Constantino  Jhon' is clicked on

2022-03-29 19:23:36 - [MESSAGE][PASSED] - Object: 'Object Repository/Modulo Selección/Programación_de_etapas_a_un_candidato/span_Constantino  Jhon' is clicked on

2022-03-29 19:23:36 - [TEST_STEP][PASSED] - setText(findTestObject("Modulo Selección/Programación_de_etapas_a_un_candidato/textarea_Observacin_popupCitacion_formobservacion"), "pr katalon"): Text 'pr katalon' is set on object 'Object Repository/Modulo Selección/Programación_de_etapas_a_un_candidato/textarea_Observacin_popupCitacion_formobservacion'

2022-03-29 19:23:37 - [MESSAGE][PASSED] - Text 'pr katalon' is set on object 'Object Repository/Modulo Selección/Programación_de_etapas_a_un_candidato/textarea_Observacin_popupCitacion_formobservacion'

2022-03-29 19:23:37 - [TEST_STEP][PASSED] - check(findTestObject("Modulo Selección/Programación_de_etapas_a_un_candidato/div_Evaluacin Artstica_ui-chkbox-box ui-widget ui-corner-all ui-state-default ui-state-hover")): Object 'Object Repository/Modulo Selección/Programación_de_etapas_a_un_candidato/div_Evaluacin Artstica_ui-chkbox-box ui-widget ui-corner-all ui-state-default ui-state-hover' is checked

2022-03-29 19:23:38 - [MESSAGE][PASSED] - Object 'Object Repository/Modulo Selección/Programación_de_etapas_a_un_candidato/div_Evaluacin Artstica_ui-chkbox-box ui-widget ui-corner-all ui-state-default ui-state-hover' is checked

2022-03-29 19:23:38 - [TEST_STEP][PASSED] - setText(findTestObject("Modulo Selección/Programación_de_etapas_a_un_candidato/input_Fecha_popupCitacion_formfecha_inicial_input"), "24/03/2022"): Text '24/03/2022' is set on object 'Object Repository/Modulo Selección/Programación_de_etapas_a_un_candidato/input_Fecha_popupCitacion_formfecha_inicial_input'

2022-03-29 19:23:39 - [MESSAGE][PASSED] - Text '24/03/2022' is set on object 'Object Repository/Modulo Selección/Programación_de_etapas_a_un_candidato/input_Fecha_popupCitacion_formfecha_inicial_input'

2022-03-29 19:23:39 - [TEST_STEP][PASSED] - selectOptionByIndex(findTestObject("Modulo Selección/Programación_de_etapas_a_un_candidato/select_--010203040506070809101112"), 8): All options with index in [8] are selected on object 'Object Repository/Modulo Selección/Programación_de_etapas_a_un_candidato/select_--010203040506070809101112'

2022-03-29 19:23:41 - [MESSAGE][PASSED] - All options with index in [8] are selected on object 'Object Repository/Modulo Selección/Programación_de_etapas_a_un_candidato/select_--010203040506070809101112'

2022-03-29 19:23:41 - [TEST_STEP][PASSED] - selectOptionByIndex(findTestObject("Modulo Selección/Programación_de_etapas_a_un_candidato/select_--00153045"), 1): All options with index in [1] are selected on object 'Object Repository/Modulo Selección/Programación_de_etapas_a_un_candidato/select_--00153045'

2022-03-29 19:23:42 - [MESSAGE][PASSED] - All options with index in [1] are selected on object 'Object Repository/Modulo Selección/Programación_de_etapas_a_un_candidato/select_--00153045'

2022-03-29 19:23:42 - [TEST_STEP][PASSED] - selectOptionByIndex(findTestObject("Modulo Selección/Programación_de_etapas_a_un_candidato/select_--AMPM"), 2): All options with index in [2] are selected on object 'Object Repository/Modulo Selección/Programación_de_etapas_a_un_candidato/select_--AMPM'

2022-03-29 19:23:43 - [MESSAGE][PASSED] - All options with index in [2] are selected on object 'Object Repository/Modulo Selección/Programación_de_etapas_a_un_candidato/select_--AMPM'

2022-03-29 19:23:43 - [TEST_STEP][PASSED] - click(findTestObject("Modulo Selección/Programación_de_etapas_a_un_candidato/a_Continuar")): Object: 'Object Repository/Modulo Selección/Programación_de_etapas_a_un_candidato/a_Continuar' is clicked on

2022-03-29 19:23:44 - [MESSAGE][PASSED] - Object: 'Object Repository/Modulo Selección/Programación_de_etapas_a_un_candidato/a_Continuar' is clicked on

2022-03-29 19:23:44 - [TEST_STEP][PASSED] - if (waitForElementVisible(findTestObject("Modulo Selección/Programación_de_etapas_a_un_candidato/div_Constantino  Jhon9741850_ui-chkbox-box ui-widget ui-corner-all ui-state-default ui-state-hover"), 1)): null

2022-03-29 19:23:45 - [MESSAGE][PASSED] - Object 'Object Repository/Modulo Selección/Programación_de_etapas_a_un_candidato/div_Constantino  Jhon9741850_ui-chkbox-box ui-widget ui-corner-all ui-state-default ui-state-hover' is visible

2022-03-29 19:23:45 - [TEST_STEP][PASSED] - click(findTestObject("Modulo Selección/Programación_de_etapas_a_un_candidato/div_Constantino  Jhon9741850_ui-chkbox-box ui-widget ui-corner-all ui-state-default ui-state-hover")): Object: 'Object Repository/Modulo Selección/Programación_de_etapas_a_un_candidato/div_Constantino  Jhon9741850_ui-chkbox-box ui-widget ui-corner-all ui-state-default ui-state-hover' is clicked on

2022-03-29 19:23:46 - [MESSAGE][PASSED] - Object: 'Object Repository/Modulo Selección/Programación_de_etapas_a_un_candidato/div_Constantino  Jhon9741850_ui-chkbox-box ui-widget ui-corner-all ui-state-default ui-state-hover' is clicked on

2022-03-29 19:23:46 - [TEST_STEP][PASSED] - click(findTestObject("Modulo Selección/Programación_de_etapas_a_un_candidato/a_Generar")): Object: 'Object Repository/Modulo Selección/Programación_de_etapas_a_un_candidato/a_Generar' is clicked on

2022-03-29 19:23:46 - [MESSAGE][PASSED] - Object: 'Object Repository/Modulo Selección/Programación_de_etapas_a_un_candidato/a_Generar' is clicked on

2022-03-29 19:23:46 - [TEST_STEP][PASSED] - Alert = getText(findTestObject("Alerta/Alerta")): Text of object 'Object Repository/Alerta/Alerta' is: 'Las citaciones han sido generadas correctamente. No se envía correo por que la fecha de citación es anterior a la fecha actual'

2022-03-29 19:23:48 - [MESSAGE][PASSED] - Text of object 'Object Repository/Alerta/Alerta' is: 'Las citaciones han sido generadas correctamente. No se envía correo por que la fecha de citación es anterior a la fecha actual'

2022-03-29 19:23:48 - [TEST_STEP][PASSED] - click(findTestObject("Modulo Selección/Programación_de_etapas_a_un_candidato/a_Registro Citacin")): Object: 'Object Repository/Modulo Selección/Programación_de_etapas_a_un_candidato/a_Registro Citacin' is clicked on

2022-03-29 19:23:49 - [MESSAGE][PASSED] - Object: 'Object Repository/Modulo Selección/Programación_de_etapas_a_un_candidato/a_Registro Citacin' is clicked on

2022-03-29 19:23:49 - [TEST_STEP][PASSED] - if (waitForElementVisible(findTestObject("Modulo Selección/Programación_de_etapas_a_un_candidato/td_A A A"), 1)): Web element with id: 'Object Repository/Modulo Selección/Programación_de_etapas_a_un_candidato/td_A A A' located by '//td[(text() = 'A A A' or . = 'A A A')]' not found

2022-03-29 19:23:51 - [MESSAGE][INFO] - Unable to find the element located by 'By.xpath: //td[(text() = 'A A A' or . = 'A A A')]'. Please recheck the objects properties to make sure the desired element is located. 

2022-03-29 19:23:51 - [MESSAGE][WARNING] - Web element with id: 'Object Repository/Modulo Selección/Programación_de_etapas_a_un_candidato/td_A A A' located by '//td[(text() = 'A A A' or . = 'A A A')]' not found

2022-03-29 19:23:51 - [TEST_STEP][PASSED] - closeBrowser(): Browser is closed

2022-03-29 19:23:52 - [MESSAGE][PASSED] - Browser is closed]]></system-out>
         <system-err><![CDATA[]]></system-err>
      </testcase>
      <testcase name="Test Cases/1.2-Tareas_Secundarias/A.1-Pruebas_compensaciones/11.1.1-Recálcular_nómina_por_empleado" time="16.912" classname="Test Cases/1.2-Tareas_Secundarias/A.1-Pruebas_compensaciones/11.1.1-Recálcular_nómina_por_empleado" status="PASSED">
         <system-out><![CDATA[2022-03-29 19:23:52 - [TEST_CASE][PASSED] - Test Cases/1.2-Tareas_Secundarias/A.1-Pruebas_compensaciones/11.1.1-Recálcular_nómina_por_empleado: Test Cases/1.2-Tareas_Secundarias/A.1-Pruebas_compensaciones/11.1.1-Recálcular_nómina_por_empleado

2022-03-29 19:23:52 - [TEST_STEP][PASSED] - callTestCase(findTestCase("0.1-Login"), [:], STOP_ON_FAILURE): Call Test Case 'Test Cases/0.1-Login' successfully

2022-03-29 19:23:52 - [TEST_CASE][PASSED] - Test Cases/0.1-Login: Test Cases/0.1-Login

2022-03-29 19:23:52 - [TEST_STEP][PASSED] - openBrowser(""): Browser is opened with url: ''

2022-03-29 19:23:52 - [MESSAGE][INFO] - Starting 'Chrome' driver

2022-03-29 19:23:52 - [MESSAGE][INFO] - Action delay is set to 50 milliseconds

2022-03-29 19:23:53 - [MESSAGE][PASSED] - Browser is opened with url: ''

2022-03-29 19:23:53 - [TEST_STEP][PASSED] - maximizeWindow(): Current window maximized

2022-03-29 19:23:54 - [MESSAGE][PASSED] - Current window maximized

2022-03-29 19:23:54 - [TEST_STEP][PASSED] - i = G_Login: null

2022-03-29 19:23:54 - [TEST_STEP][PASSED] - url = new java.net.URL(i): null

2022-03-29 19:23:54 - [TEST_STEP][PASSED] - println("URL: " + url.toString()): null

2022-03-29 19:23:54 - [TEST_STEP][PASSED] - connection = url.openConnection(): null

2022-03-29 19:23:54 - [TEST_STEP][PASSED] - connection.setRequestMethod("GET"): null

2022-03-29 19:23:54 - [TEST_STEP][PASSED] - connection.setReadTimeout(2 * 1000): null

2022-03-29 19:23:54 - [TEST_STEP][PASSED] - try: null

2022-03-29 19:23:54 - [TEST_STEP][PASSED] - connection.connect(): null

2022-03-29 19:23:54 - [TEST_STEP][PASSED] - flag = connected: null

2022-03-29 19:23:54 - [TEST_STEP][PASSED] - println("Valor_ori: " + flag): null

2022-03-29 19:23:54 - [TEST_STEP][PASSED] - if (flag): null

2022-03-29 19:23:54 - [TEST_STEP][PASSED] - navigateToUrl(i): Navigate to 'http://192.168.2.19:8380/saraweb' successfully

2022-03-29 19:23:54 - [MESSAGE][PASSED] - Navigate to 'http://192.168.2.19:8380/saraweb' successfully

2022-03-29 19:23:54 - [TEST_STEP][PASSED] - a(): null

2022-03-29 19:23:54 - [TEST_STEP][PASSED] - setText(findTestObject("Login/input_USUARIO_loginusuario"), G_Usuario): Text 'saraadmin' is set on object 'Object Repository/Login/input_USUARIO_loginusuario'

2022-03-29 19:23:55 - [MESSAGE][PASSED] - Text 'saraadmin' is set on object 'Object Repository/Login/input_USUARIO_loginusuario'

2022-03-29 19:23:55 - [TEST_STEP][PASSED] - setEncryptedText(findTestObject("Login/input_CLAVE_loginpassword"), "MkG4/TYiCFC3cb2driP7+Q=="): Text ****** has been set on object 'Object Repository/Login/input_CLAVE_loginpassword'

2022-03-29 19:23:56 - [MESSAGE][PASSED] - Text ****** has been set on object 'Object Repository/Login/input_CLAVE_loginpassword'

2022-03-29 19:23:56 - [TEST_STEP][PASSED] - waitForElementClickable(findTestObject("Login/a_Ingresar"), G_TimeOut): Object 'Object Repository/Login/a_Ingresar' is clickable

2022-03-29 19:23:56 - [MESSAGE][PASSED] - Object 'Object Repository/Login/a_Ingresar' is clickable

2022-03-29 19:23:56 - [TEST_STEP][PASSED] - click(findTestObject("Login/a_Ingresar")): Object: 'Object Repository/Login/a_Ingresar' is clicked on

2022-03-29 19:23:57 - [MESSAGE][PASSED] - Object: 'Object Repository/Login/a_Ingresar' is clicked on

2022-03-29 19:23:57 - [TEST_STEP][PASSED] - element = findWebElement(findTestObject("Login/a_Ir"), 30): null

2022-03-29 19:23:58 - [TEST_STEP][PASSED] - executeJavaScript("arguments[0].click()", Arrays.asList(element)): Execute JavaScript 'arguments[0].click()' successfully

2022-03-29 19:23:58 - [MESSAGE][PASSED] - Execute JavaScript 'arguments[0].click()' successfully

2022-03-29 19:23:58 - [MESSAGE][PASSED] - Call Test Case 'Test Cases/0.1-Login' successfully

2022-03-29 19:23:58 - [TEST_STEP][PASSED] - setText(findTestObject("Modulo compensaciones/Recálcular_nómina_por_empleado/input_Empresa 1_form_templatej_idt24_input"), "liquidacion nomina"): Text 'liquidacion nomina' is set on object 'Object Repository/Modulo compensaciones/Recálcular_nómina_por_empleado/input_Empresa 1_form_templatej_idt24_input'

2022-03-29 19:23:59 - [MESSAGE][PASSED] - Text 'liquidacion nomina' is set on object 'Object Repository/Modulo compensaciones/Recálcular_nómina_por_empleado/input_Empresa 1_form_templatej_idt24_input'

2022-03-29 19:23:59 - [TEST_STEP][PASSED] - click(findTestObject("Modulo compensaciones/Recálcular_nómina_por_empleado/li_Liquidacion Nomina (com)")): Object: 'Object Repository/Modulo compensaciones/Recálcular_nómina_por_empleado/li_Liquidacion Nomina (com)' is clicked on

2022-03-29 19:24:00 - [MESSAGE][PASSED] - Object: 'Object Repository/Modulo compensaciones/Recálcular_nómina_por_empleado/li_Liquidacion Nomina (com)' is clicked on

2022-03-29 19:24:00 - [TEST_STEP][PASSED] - click(findTestObject("Modulo compensaciones/Recálcular_nómina_por_empleado/a_Periodo Nomina_LiquidacionNominaj_idt68")): Object: 'Object Repository/Modulo compensaciones/Recálcular_nómina_por_empleado/a_Periodo Nomina_LiquidacionNominaj_idt68' is clicked on

2022-03-29 19:24:01 - [MESSAGE][PASSED] - Object: 'Object Repository/Modulo compensaciones/Recálcular_nómina_por_empleado/a_Periodo Nomina_LiquidacionNominaj_idt68' is clicked on

2022-03-29 19:24:01 - [TEST_STEP][PASSED] - selectOptionByIndex(findTestObject("Modulo compensaciones/Recálcular_nómina_por_empleado/select_--  Seleccione  --Periodo CerradoPeriodo en Proceso"), 2): All options with index in [2] are selected on object 'Object Repository/Modulo compensaciones/Recálcular_nómina_por_empleado/select_--  Seleccione  --Periodo CerradoPeriodo en Proceso'

2022-03-29 19:24:03 - [MESSAGE][PASSED] - All options with index in [2] are selected on object 'Object Repository/Modulo compensaciones/Recálcular_nómina_por_empleado/select_--  Seleccione  --Periodo CerradoPeriodo en Proceso'

2022-03-29 19:24:03 - [TEST_STEP][PASSED] - click(findTestObject("Modulo compensaciones/Recálcular_nómina_por_empleado/span_P. MensualJunio2021")): Object: 'Object Repository/Modulo compensaciones/Recálcular_nómina_por_empleado/span_P. MensualJunio2021' is clicked on

2022-03-29 19:24:04 - [MESSAGE][PASSED] - Object: 'Object Repository/Modulo compensaciones/Recálcular_nómina_por_empleado/span_P. MensualJunio2021' is clicked on

2022-03-29 19:24:04 - [TEST_STEP][PASSED] - check(findTestObject("Modulo compensaciones/Recálcular_nómina_por_empleado/div_Estado_ui-chkbox-box ui-widget ui-corner-all ui-state-default")): Object 'Object Repository/Modulo compensaciones/Recálcular_nómina_por_empleado/div_Estado_ui-chkbox-box ui-widget ui-corner-all ui-state-default' is checked

2022-03-29 19:24:06 - [MESSAGE][PASSED] - Object 'Object Repository/Modulo compensaciones/Recálcular_nómina_por_empleado/div_Estado_ui-chkbox-box ui-widget ui-corner-all ui-state-default' is checked

2022-03-29 19:24:06 - [TEST_STEP][PASSED] - click(findTestObject("Modulo compensaciones/Recálcular_nómina_por_empleado/a_Reclculo Seleccin")): Object: 'Object Repository/Modulo compensaciones/Recálcular_nómina_por_empleado/a_Reclculo Seleccin' is clicked on

2022-03-29 19:24:06 - [MESSAGE][PASSED] - Object: 'Object Repository/Modulo compensaciones/Recálcular_nómina_por_empleado/a_Reclculo Seleccin' is clicked on

2022-03-29 19:24:06 - [TEST_STEP][PASSED] - click(findTestObject("Modulo compensaciones/Recálcular_nómina_por_empleado/span_Si")): Object: 'Object Repository/Modulo compensaciones/Recálcular_nómina_por_empleado/span_Si' is clicked on

2022-03-29 19:24:07 - [MESSAGE][PASSED] - Object: 'Object Repository/Modulo compensaciones/Recálcular_nómina_por_empleado/span_Si' is clicked on

2022-03-29 19:24:07 - [TEST_STEP][PASSED] - if (waitForElementVisible(findTestObject("Modulo compensaciones/Recálcular_nómina_por_empleado/p_Recalculo Finalizado"), 1)): null

2022-03-29 19:24:08 - [MESSAGE][PASSED] - Object 'Object Repository/Modulo compensaciones/Recálcular_nómina_por_empleado/p_Recalculo Finalizado' is visible

2022-03-29 19:24:08 - [TEST_STEP][PASSED] - closeBrowser(): Browser is closed

2022-03-29 19:24:09 - [MESSAGE][PASSED] - Browser is closed]]></system-out>
         <system-err><![CDATA[]]></system-err>
      </testcase>
      <testcase name="Test Cases/1.2-Tareas_Secundarias/A.1-Pruebas_compensaciones/11.1.2-Terminación_de_Contrato_Definitivo" time="193.47" classname="Test Cases/1.2-Tareas_Secundarias/A.1-Pruebas_compensaciones/11.1.2-Terminación_de_Contrato_Definitivo" status="PASSED">
         <system-out><![CDATA[2022-03-29 19:24:09 - [TEST_CASE][PASSED] - Test Cases/1.2-Tareas_Secundarias/A.1-Pruebas_compensaciones/11.1.2-Terminación_de_Contrato_Definitivo: Test Cases/1.2-Tareas_Secundarias/A.1-Pruebas_compensaciones/11.1.2-Terminación_de_Contrato_Definitivo

2022-03-29 19:24:09 - [TEST_STEP][PASSED] - random_double = Math.random() * 9999 + 999: null

2022-03-29 19:24:09 - [TEST_STEP][PASSED] - random_double = Math.round(random_double * 1000): null

2022-03-29 19:24:09 - [TEST_STEP][PASSED] - identificacion = toString().replace(".0", ""): null

2022-03-29 19:24:09 - [TEST_STEP][PASSED] - callTestCase(findTestCase("0.1-Login"), [:], STOP_ON_FAILURE): Call Test Case 'Test Cases/0.1-Login' successfully

2022-03-29 19:24:09 - [TEST_CASE][PASSED] - Test Cases/0.1-Login: Test Cases/0.1-Login

2022-03-29 19:24:09 - [TEST_STEP][PASSED] - openBrowser(""): Browser is opened with url: ''

2022-03-29 19:24:09 - [MESSAGE][INFO] - Starting 'Chrome' driver

2022-03-29 19:24:09 - [MESSAGE][INFO] - Action delay is set to 50 milliseconds

2022-03-29 19:24:10 - [MESSAGE][PASSED] - Browser is opened with url: ''

2022-03-29 19:24:10 - [TEST_STEP][PASSED] - maximizeWindow(): Current window maximized

2022-03-29 19:24:11 - [MESSAGE][PASSED] - Current window maximized

2022-03-29 19:24:11 - [TEST_STEP][PASSED] - i = G_Login: null

2022-03-29 19:24:11 - [TEST_STEP][PASSED] - url = new java.net.URL(i): null

2022-03-29 19:24:11 - [TEST_STEP][PASSED] - println("URL: " + url.toString()): null

2022-03-29 19:24:11 - [TEST_STEP][PASSED] - connection = url.openConnection(): null

2022-03-29 19:24:11 - [TEST_STEP][PASSED] - connection.setRequestMethod("GET"): null

2022-03-29 19:24:11 - [TEST_STEP][PASSED] - connection.setReadTimeout(2 * 1000): null

2022-03-29 19:24:11 - [TEST_STEP][PASSED] - try: null

2022-03-29 19:24:11 - [TEST_STEP][PASSED] - connection.connect(): null

2022-03-29 19:24:11 - [TEST_STEP][PASSED] - flag = connected: null

2022-03-29 19:24:11 - [TEST_STEP][PASSED] - println("Valor_ori: " + flag): null

2022-03-29 19:24:11 - [TEST_STEP][PASSED] - if (flag): null

2022-03-29 19:24:11 - [TEST_STEP][PASSED] - navigateToUrl(i): Navigate to 'http://192.168.2.19:8380/saraweb' successfully

2022-03-29 19:24:11 - [MESSAGE][PASSED] - Navigate to 'http://192.168.2.19:8380/saraweb' successfully

2022-03-29 19:24:11 - [TEST_STEP][PASSED] - a(): null

2022-03-29 19:24:11 - [TEST_STEP][PASSED] - setText(findTestObject("Login/input_USUARIO_loginusuario"), G_Usuario): Text 'saraadmin' is set on object 'Object Repository/Login/input_USUARIO_loginusuario'

2022-03-29 19:24:12 - [MESSAGE][PASSED] - Text 'saraadmin' is set on object 'Object Repository/Login/input_USUARIO_loginusuario'

2022-03-29 19:24:12 - [TEST_STEP][PASSED] - setEncryptedText(findTestObject("Login/input_CLAVE_loginpassword"), "MkG4/TYiCFC3cb2driP7+Q=="): Text ****** has been set on object 'Object Repository/Login/input_CLAVE_loginpassword'

2022-03-29 19:24:13 - [MESSAGE][PASSED] - Text ****** has been set on object 'Object Repository/Login/input_CLAVE_loginpassword'

2022-03-29 19:24:13 - [TEST_STEP][PASSED] - waitForElementClickable(findTestObject("Login/a_Ingresar"), G_TimeOut): Object 'Object Repository/Login/a_Ingresar' is clickable

2022-03-29 19:24:13 - [MESSAGE][PASSED] - Object 'Object Repository/Login/a_Ingresar' is clickable

2022-03-29 19:24:13 - [TEST_STEP][PASSED] - click(findTestObject("Login/a_Ingresar")): Object: 'Object Repository/Login/a_Ingresar' is clicked on

2022-03-29 19:24:14 - [MESSAGE][PASSED] - Object: 'Object Repository/Login/a_Ingresar' is clicked on

2022-03-29 19:24:14 - [TEST_STEP][PASSED] - element = findWebElement(findTestObject("Login/a_Ir"), 30): null

2022-03-29 19:24:14 - [TEST_STEP][PASSED] - executeJavaScript("arguments[0].click()", Arrays.asList(element)): Execute JavaScript 'arguments[0].click()' successfully

2022-03-29 19:24:14 - [MESSAGE][PASSED] - Execute JavaScript 'arguments[0].click()' successfully

2022-03-29 19:24:14 - [MESSAGE][PASSED] - Call Test Case 'Test Cases/0.1-Login' successfully

2022-03-29 19:24:14 - [TEST_STEP][PASSED] - setText(findTestObject("Modulo compensaciones/Terminación_de_Contrato_Definitivo/input_Empresa 1_form_templatej_idt24_input"), "Listado Hojas de Vida"): Text 'Listado Hojas de Vida' is set on object 'Object Repository/Modulo compensaciones/Terminación_de_Contrato_Definitivo/input_Empresa 1_form_templatej_idt24_input'

2022-03-29 19:24:15 - [MESSAGE][PASSED] - Text 'Listado Hojas de Vida' is set on object 'Object Repository/Modulo compensaciones/Terminación_de_Contrato_Definitivo/input_Empresa 1_form_templatej_idt24_input'

2022-03-29 19:24:15 - [TEST_STEP][PASSED] - click(findTestObject("Modulo compensaciones/Terminación_de_Contrato_Definitivo/li_Listado Hojas de Vida (hoj)")): Object: 'Object Repository/Modulo compensaciones/Terminación_de_Contrato_Definitivo/li_Listado Hojas de Vida (hoj)' is clicked on

2022-03-29 19:24:17 - [MESSAGE][PASSED] - Object: 'Object Repository/Modulo compensaciones/Terminación_de_Contrato_Definitivo/li_Listado Hojas de Vida (hoj)' is clicked on

2022-03-29 19:24:17 - [TEST_STEP][PASSED] - click(findTestObject("Modulo compensaciones/Terminación_de_Contrato_Definitivo/a_Nueva HojaVida")): Object: 'Object Repository/Modulo compensaciones/Terminación_de_Contrato_Definitivo/a_Nueva HojaVida' is clicked on

2022-03-29 19:24:18 - [MESSAGE][PASSED] - Object: 'Object Repository/Modulo compensaciones/Terminación_de_Contrato_Definitivo/a_Nueva HojaVida' is clicked on

2022-03-29 19:24:18 - [TEST_STEP][PASSED] - setText(findTestObject("Modulo compensaciones/Terminación_de_Contrato_Definitivo/input_Identificacin_nuevahoja_formcedula"), identificacion): Text '2386173' is set on object 'Object Repository/Modulo compensaciones/Terminación_de_Contrato_Definitivo/input_Identificacin_nuevahoja_formcedula'

2022-03-29 19:24:19 - [MESSAGE][PASSED] - Text '2386173' is set on object 'Object Repository/Modulo compensaciones/Terminación_de_Contrato_Definitivo/input_Identificacin_nuevahoja_formcedula'

2022-03-29 19:24:19 - [TEST_STEP][PASSED] - selectOptionByIndex(findTestObject("Modulo compensaciones/Terminación_de_Contrato_Definitivo/select_-- Seleccione --.ASPIRANTEAspirante NPxEspaol Tipo Hoja EmpleadoIngles Tipo Hoja AspirantepruebaTcnico"), 4): All options with index in [4] are selected on object 'Object Repository/Modulo compensaciones/Terminación_de_Contrato_Definitivo/select_-- Seleccione --.ASPIRANTEAspirante NPxEspaol Tipo Hoja EmpleadoIngles Tipo Hoja AspirantepruebaTcnico'

2022-03-29 19:24:21 - [MESSAGE][PASSED] - All options with index in [4] are selected on object 'Object Repository/Modulo compensaciones/Terminación_de_Contrato_Definitivo/select_-- Seleccione --.ASPIRANTEAspirante NPxEspaol Tipo Hoja EmpleadoIngles Tipo Hoja AspirantepruebaTcnico'

2022-03-29 19:24:21 - [TEST_STEP][PASSED] - click(findTestObject("Modulo compensaciones/Terminación_de_Contrato_Definitivo/a_Nueva Solicitud")): Object: 'Object Repository/Modulo compensaciones/Terminación_de_Contrato_Definitivo/a_Nueva Solicitud' is clicked on

2022-03-29 19:24:21 - [MESSAGE][PASSED] - Object: 'Object Repository/Modulo compensaciones/Terminación_de_Contrato_Definitivo/a_Nueva Solicitud' is clicked on

2022-03-29 19:24:21 - [TEST_STEP][PASSED] - setText(findTestObject("Modulo compensaciones/Terminación_de_Contrato_Definitivo/input__hojaVidaseccionj_idt2140idTexto"), identificacion): Text '2386173' is set on object 'Object Repository/Modulo compensaciones/Terminación_de_Contrato_Definitivo/input__hojaVidaseccionj_idt2140idTexto'

2022-03-29 19:24:22 - [MESSAGE][PASSED] - Text '2386173' is set on object 'Object Repository/Modulo compensaciones/Terminación_de_Contrato_Definitivo/input__hojaVidaseccionj_idt2140idTexto'

2022-03-29 19:24:22 - [TEST_STEP][PASSED] - setText(findTestObject("Modulo compensaciones/Terminación_de_Contrato_Definitivo/input__hojaVidaseccionj_idt2141idTexto"), "Francis " + identificacion): Text 'Francis 2386173' is set on object 'Object Repository/Modulo compensaciones/Terminación_de_Contrato_Definitivo/input__hojaVidaseccionj_idt2141idTexto'

2022-03-29 19:24:23 - [MESSAGE][PASSED] - Text 'Francis 2386173' is set on object 'Object Repository/Modulo compensaciones/Terminación_de_Contrato_Definitivo/input__hojaVidaseccionj_idt2141idTexto'

2022-03-29 19:24:23 - [TEST_STEP][PASSED] - setText(findTestObject("Modulo compensaciones/Terminación_de_Contrato_Definitivo/input__hojaVidaseccionj_idt2142idTexto"), "Chandler"): Text 'Chandler' is set on object 'Object Repository/Modulo compensaciones/Terminación_de_Contrato_Definitivo/input__hojaVidaseccionj_idt2142idTexto'

2022-03-29 19:24:24 - [MESSAGE][PASSED] - Text 'Chandler' is set on object 'Object Repository/Modulo compensaciones/Terminación_de_Contrato_Definitivo/input__hojaVidaseccionj_idt2142idTexto'

2022-03-29 19:24:24 - [TEST_STEP][PASSED] - setText(findTestObject("Modulo compensaciones/Terminación_de_Contrato_Definitivo/input__hojaVidaseccionj_idt2143fecha_input"), "08/10/1990"): Text '08/10/1990' is set on object 'Object Repository/Modulo compensaciones/Terminación_de_Contrato_Definitivo/input__hojaVidaseccionj_idt2143fecha_input'

2022-03-29 19:24:25 - [MESSAGE][PASSED] - Text '08/10/1990' is set on object 'Object Repository/Modulo compensaciones/Terminación_de_Contrato_Definitivo/input__hojaVidaseccionj_idt2143fecha_input'

2022-03-29 19:24:25 - [TEST_STEP][PASSED] - click(findTestObject("Modulo compensaciones/Terminación_de_Contrato_Definitivo/a__hojaVidaseccionj_idt2144j_idt254")): Object: 'Object Repository/Modulo compensaciones/Terminación_de_Contrato_Definitivo/a__hojaVidaseccionj_idt2144j_idt254' is clicked on

2022-03-29 19:24:26 - [MESSAGE][PASSED] - Object: 'Object Repository/Modulo compensaciones/Terminación_de_Contrato_Definitivo/a__hojaVidaseccionj_idt2144j_idt254' is clicked on

2022-03-29 19:24:26 - [TEST_STEP][PASSED] - click(findTestObject("Modulo compensaciones/Terminación_de_Contrato_Definitivo/span_CEDULA CIUDADANIA")): Object: 'Object Repository/Modulo compensaciones/Terminación_de_Contrato_Definitivo/span_CEDULA CIUDADANIA' is clicked on

2022-03-29 19:24:27 - [MESSAGE][PASSED] - Object: 'Object Repository/Modulo compensaciones/Terminación_de_Contrato_Definitivo/span_CEDULA CIUDADANIA' is clicked on

2022-03-29 19:24:27 - [TEST_STEP][PASSED] - setText(findTestObject("Modulo compensaciones/Terminación_de_Contrato_Definitivo/input_Fecha Expedicin_hojaVidaseccionj_idt2146fecha_input"), "08/10/2008"): Text '08/10/2008' is set on object 'Object Repository/Modulo compensaciones/Terminación_de_Contrato_Definitivo/input_Fecha Expedicin_hojaVidaseccionj_idt2146fecha_input'

2022-03-29 19:24:29 - [MESSAGE][PASSED] - Text '08/10/2008' is set on object 'Object Repository/Modulo compensaciones/Terminación_de_Contrato_Definitivo/input_Fecha Expedicin_hojaVidaseccionj_idt2146fecha_input'

2022-03-29 19:24:29 - [TEST_STEP][PASSED] - selectOptionByLabel(findTestObject("Modulo compensaciones/Terminación_de_Contrato_Definitivo/select_--Seleccione---- Seleccione--000000ABEJORRA"), "BOGOTÁ", false): All options with label 'BOGOTÁ' are selected in object 'Object Repository/Modulo compensaciones/Terminación_de_Contrato_Definitivo/select_--Seleccione---- Seleccione--000000ABEJORRA' 

2022-03-29 19:24:30 - [MESSAGE][PASSED] - All options with label 'BOGOTÁ' are selected in object 'Object Repository/Modulo compensaciones/Terminación_de_Contrato_Definitivo/select_--Seleccione---- Seleccione--000000ABEJORRA' 

2022-03-29 19:24:30 - [TEST_STEP][PASSED] - setText(findTestObject("Modulo compensaciones/Terminación_de_Contrato_Definitivo/input__hojaVidaseccionj_idt2148idTexto"), "624564654684"): Text '624564654684' is set on object 'Object Repository/Modulo compensaciones/Terminación_de_Contrato_Definitivo/input__hojaVidaseccionj_idt2148idTexto'

2022-03-29 19:24:31 - [MESSAGE][PASSED] - Text '624564654684' is set on object 'Object Repository/Modulo compensaciones/Terminación_de_Contrato_Definitivo/input__hojaVidaseccionj_idt2148idTexto'

2022-03-29 19:24:31 - [TEST_STEP][PASSED] - setText(findTestObject("Modulo compensaciones/Terminación_de_Contrato_Definitivo/input__hojaVidaseccionj_idt2149idTexto"), "noodle@gmail.com"): Text 'noodle@gmail.com' is set on object 'Object Repository/Modulo compensaciones/Terminación_de_Contrato_Definitivo/input__hojaVidaseccionj_idt2149idTexto'

2022-03-29 19:24:32 - [MESSAGE][PASSED] - Text 'noodle@gmail.com' is set on object 'Object Repository/Modulo compensaciones/Terminación_de_Contrato_Definitivo/input__hojaVidaseccionj_idt2149idTexto'

2022-03-29 19:24:32 - [TEST_STEP][PASSED] - selectOptionByIndex(findTestObject("Modulo compensaciones/Terminación_de_Contrato_Definitivo/select_--Seleccione--AA-ABAB-BB-OO-"), 8): All options with index in [8] are selected on object 'Object Repository/Modulo compensaciones/Terminación_de_Contrato_Definitivo/select_--Seleccione--AA-ABAB-BB-OO-'

2022-03-29 19:24:33 - [MESSAGE][PASSED] - All options with index in [8] are selected on object 'Object Repository/Modulo compensaciones/Terminación_de_Contrato_Definitivo/select_--Seleccione--AA-ABAB-BB-OO-'

2022-03-29 19:24:33 - [TEST_STEP][PASSED] - click(findTestObject("Modulo compensaciones/Terminación_de_Contrato_Definitivo/a_Continuar")): Object: 'Object Repository/Modulo compensaciones/Terminación_de_Contrato_Definitivo/a_Continuar' is clicked on

2022-03-29 19:24:34 - [MESSAGE][PASSED] - Object: 'Object Repository/Modulo compensaciones/Terminación_de_Contrato_Definitivo/a_Continuar' is clicked on

2022-03-29 19:24:34 - [TEST_STEP][PASSED] - click(findTestObject("Modulo compensaciones/Terminación_de_Contrato_Definitivo/a_Aceptar")): Object: 'Object Repository/Modulo compensaciones/Terminación_de_Contrato_Definitivo/a_Aceptar' is clicked on

2022-03-29 19:24:35 - [MESSAGE][PASSED] - Object: 'Object Repository/Modulo compensaciones/Terminación_de_Contrato_Definitivo/a_Aceptar' is clicked on

2022-03-29 19:24:35 - [TEST_STEP][PASSED] - Nombre = getText(findTestObject("Modulo compensaciones/Terminación_de_Contrato_Definitivo/input__hojaVidaseccionj_idt2140idTexto")): Text of object 'Object Repository/Modulo compensaciones/Terminación_de_Contrato_Definitivo/input__hojaVidaseccionj_idt2140idTexto' is: ''

2022-03-29 19:24:36 - [MESSAGE][PASSED] - Text of object 'Object Repository/Modulo compensaciones/Terminación_de_Contrato_Definitivo/input__hojaVidaseccionj_idt2140idTexto' is: ''

2022-03-29 19:24:36 - [TEST_STEP][PASSED] - setText(findTestObject("Modulo compensaciones/Terminación_de_Contrato_Definitivo/input_Empresa 1_form_templatej_idt24_input"), "Actos administrativos"): Text 'Actos administrativos' is set on object 'Object Repository/Modulo compensaciones/Terminación_de_Contrato_Definitivo/input_Empresa 1_form_templatej_idt24_input'

2022-03-29 19:24:37 - [MESSAGE][PASSED] - Text 'Actos administrativos' is set on object 'Object Repository/Modulo compensaciones/Terminación_de_Contrato_Definitivo/input_Empresa 1_form_templatej_idt24_input'

2022-03-29 19:24:37 - [TEST_STEP][PASSED] - click(findTestObject("Modulo compensaciones/Terminación_de_Contrato_Definitivo/li_Listado Hojas de Vida (hoj)")): Object: 'Object Repository/Modulo compensaciones/Terminación_de_Contrato_Definitivo/li_Listado Hojas de Vida (hoj)' is clicked on

2022-03-29 19:24:38 - [MESSAGE][PASSED] - Object: 'Object Repository/Modulo compensaciones/Terminación_de_Contrato_Definitivo/li_Listado Hojas de Vida (hoj)' is clicked on

2022-03-29 19:24:38 - [TEST_STEP][PASSED] - click(findTestObject("Modulo compensaciones/Terminación_de_Contrato_Definitivo/i_Actos_glyphicons glyphicons-group")): Object: 'Object Repository/Modulo compensaciones/Terminación_de_Contrato_Definitivo/i_Actos_glyphicons glyphicons-group' is clicked on

2022-03-29 19:24:39 - [MESSAGE][PASSED] - Object: 'Object Repository/Modulo compensaciones/Terminación_de_Contrato_Definitivo/i_Actos_glyphicons glyphicons-group' is clicked on

2022-03-29 19:24:39 - [TEST_STEP][PASSED] - click(findTestObject("Modulo compensaciones/Terminación_de_Contrato_Definitivo/a_Actos de Retiro del empleado_form_ActosAdministrativostabla_principal_10j_idt79")): Object: 'Object Repository/Modulo compensaciones/Terminación_de_Contrato_Definitivo/a_Actos de Retiro del empleado_form_ActosAdministrativostabla_principal_10j_idt79' is clicked on

2022-03-29 19:24:40 - [MESSAGE][PASSED] - Object: 'Object Repository/Modulo compensaciones/Terminación_de_Contrato_Definitivo/a_Actos de Retiro del empleado_form_ActosAdministrativostabla_principal_10j_idt79' is clicked on

2022-03-29 19:24:40 - [TEST_STEP][PASSED] - click(findTestObject("Modulo compensaciones/Terminación_de_Contrato_Definitivo/span_Nomina")): Object: 'Object Repository/Modulo compensaciones/Terminación_de_Contrato_Definitivo/span_Nomina' is clicked on

2022-03-29 19:24:41 - [MESSAGE][PASSED] - Object: 'Object Repository/Modulo compensaciones/Terminación_de_Contrato_Definitivo/span_Nomina' is clicked on

2022-03-29 19:24:41 - [TEST_STEP][PASSED] - click(findTestObject("Modulo compensaciones/Terminación_de_Contrato_Definitivo/span_ingreso definitivo indefinido salario basico")): Object: 'Object Repository/Modulo compensaciones/Terminación_de_Contrato_Definitivo/span_ingreso definitivo indefinido salario basico' is clicked on

2022-03-29 19:24:41 - [MESSAGE][PASSED] - Object: 'Object Repository/Modulo compensaciones/Terminación_de_Contrato_Definitivo/span_ingreso definitivo indefinido salario basico' is clicked on

2022-03-29 19:24:41 - [TEST_STEP][PASSED] - click(findTestObject("Modulo compensaciones/Terminación_de_Contrato_Definitivo/a_Elaboracin_glyphicons glyphicons-chronicle x2")): Object: 'Object Repository/Modulo compensaciones/Terminación_de_Contrato_Definitivo/a_Elaboracin_glyphicons glyphicons-chronicle x2' is clicked on

2022-03-29 19:24:42 - [MESSAGE][PASSED] - Object: 'Object Repository/Modulo compensaciones/Terminación_de_Contrato_Definitivo/a_Elaboracin_glyphicons glyphicons-chronicle x2' is clicked on

2022-03-29 19:24:42 - [TEST_STEP][PASSED] - click(findTestObject("Modulo compensaciones/Terminación_de_Contrato_Definitivo/a_Identificacin_form_actoIngresoj_idt1250")): Object: 'Object Repository/Modulo compensaciones/Terminación_de_Contrato_Definitivo/a_Identificacin_form_actoIngresoj_idt1250' is clicked on

2022-03-29 19:24:44 - [MESSAGE][PASSED] - Object: 'Object Repository/Modulo compensaciones/Terminación_de_Contrato_Definitivo/a_Identificacin_form_actoIngresoj_idt1250' is clicked on

2022-03-29 19:24:44 - [TEST_STEP][PASSED] - setText(findTestObject("Modulo compensaciones/Terminación_de_Contrato_Definitivo/input_Filtro Hoja de Vida_formPopupHojaVidaj_idt1762"), identificacion): Text '2386173' is set on object 'Object Repository/Modulo compensaciones/Terminación_de_Contrato_Definitivo/input_Filtro Hoja de Vida_formPopupHojaVidaj_idt1762'

2022-03-29 19:24:46 - [MESSAGE][PASSED] - Text '2386173' is set on object 'Object Repository/Modulo compensaciones/Terminación_de_Contrato_Definitivo/input_Filtro Hoja de Vida_formPopupHojaVidaj_idt1762'

2022-03-29 19:24:46 - [TEST_STEP][PASSED] - sendKeys(findTestObject("Modulo compensaciones/Terminación_de_Contrato_Definitivo/input_Filtro Hoja de Vida_formPopupHojaVidaj_idt1762"), Keys.chord(ENTER)): Keys 'ENTER + ' sent to object: 'Object Repository/Modulo compensaciones/Terminación_de_Contrato_Definitivo/input_Filtro Hoja de Vida_formPopupHojaVidaj_idt1762'

2022-03-29 19:24:46 - [MESSAGE][PASSED] - Keys 'ENTER + ' sent to object: 'Object Repository/Modulo compensaciones/Terminación_de_Contrato_Definitivo/input_Filtro Hoja de Vida_formPopupHojaVidaj_idt1762'

2022-03-29 19:24:46 - [TEST_STEP][PASSED] - click(findTestObject("Modulo compensaciones/Terminación_de_Contrato_Definitivo/td_Chandler  Francis 1537948e7")): Object: 'Object Repository/Modulo compensaciones/Terminación_de_Contrato_Definitivo/td_Chandler  Francis 1537948e7' is clicked on

2022-03-29 19:24:47 - [MESSAGE][PASSED] - Object: 'Object Repository/Modulo compensaciones/Terminación_de_Contrato_Definitivo/td_Chandler  Francis 1537948e7' is clicked on

2022-03-29 19:24:47 - [TEST_STEP][PASSED] - click(findTestObject("Modulo compensaciones/Terminación_de_Contrato_Definitivo/a_Continuar")): Object: 'Object Repository/Modulo compensaciones/Terminación_de_Contrato_Definitivo/a_Continuar' is clicked on

2022-03-29 19:24:48 - [MESSAGE][PASSED] - Object: 'Object Repository/Modulo compensaciones/Terminación_de_Contrato_Definitivo/a_Continuar' is clicked on

2022-03-29 19:24:48 - [TEST_STEP][PASSED] - setText(findTestObject("Modulo compensaciones/Terminación_de_Contrato_Definitivo/input__form_actoIngresoj_idt12870fecha_input"), "01/07/2021"): Text '01/07/2021' is set on object 'Object Repository/Modulo compensaciones/Terminación_de_Contrato_Definitivo/input__form_actoIngresoj_idt12870fecha_input'

2022-03-29 19:24:49 - [MESSAGE][PASSED] - Text '01/07/2021' is set on object 'Object Repository/Modulo compensaciones/Terminación_de_Contrato_Definitivo/input__form_actoIngresoj_idt12870fecha_input'

2022-03-29 19:24:49 - [TEST_STEP][PASSED] - sendKeys(findTestObject("Modulo compensaciones/Terminación_de_Contrato_Definitivo/input__form_actoIngresoj_idt12870fecha_input"), Keys.chord(ENTER)): Keys 'ENTER + ' sent to object: 'Object Repository/Modulo compensaciones/Terminación_de_Contrato_Definitivo/input__form_actoIngresoj_idt12870fecha_input'

2022-03-29 19:24:50 - [MESSAGE][PASSED] - Keys 'ENTER + ' sent to object: 'Object Repository/Modulo compensaciones/Terminación_de_Contrato_Definitivo/input__form_actoIngresoj_idt12870fecha_input'

2022-03-29 19:24:50 - [TEST_STEP][PASSED] - setText(findTestObject("Modulo compensaciones/Terminación_de_Contrato_Definitivo/input__form_actoIngresoj_idt12871fecha_input"), "01/07/2021"): Text '01/07/2021' is set on object 'Object Repository/Modulo compensaciones/Terminación_de_Contrato_Definitivo/input__form_actoIngresoj_idt12871fecha_input'

2022-03-29 19:24:51 - [MESSAGE][PASSED] - Text '01/07/2021' is set on object 'Object Repository/Modulo compensaciones/Terminación_de_Contrato_Definitivo/input__form_actoIngresoj_idt12871fecha_input'

2022-03-29 19:24:51 - [TEST_STEP][PASSED] - sendKeys(findTestObject("Modulo compensaciones/Terminación_de_Contrato_Definitivo/input__form_actoIngresoj_idt12871fecha_input"), Keys.chord(ENTER)): Keys 'ENTER + ' sent to object: 'Object Repository/Modulo compensaciones/Terminación_de_Contrato_Definitivo/input__form_actoIngresoj_idt12871fecha_input'

2022-03-29 19:24:52 - [MESSAGE][PASSED] - Keys 'ENTER + ' sent to object: 'Object Repository/Modulo compensaciones/Terminación_de_Contrato_Definitivo/input__form_actoIngresoj_idt12871fecha_input'

2022-03-29 19:24:52 - [TEST_STEP][PASSED] - selectOptionByIndex(findTestObject("Modulo compensaciones/Terminación_de_Contrato_Definitivo/select_10 - Ingreso Puesto Nuevo"), 1): All options with index in [1] are selected on object 'Object Repository/Modulo compensaciones/Terminación_de_Contrato_Definitivo/select_10 - Ingreso Puesto Nuevo'

2022-03-29 19:24:53 - [MESSAGE][PASSED] - All options with index in [1] are selected on object 'Object Repository/Modulo compensaciones/Terminación_de_Contrato_Definitivo/select_10 - Ingreso Puesto Nuevo'

2022-03-29 19:24:53 - [TEST_STEP][PASSED] - if (waitForElementVisible(findTestObject("Modulo compensaciones/Terminación_de_Contrato_Definitivo/select_DIAZ BLANCO GUISELL"), 1)): Web element with id: 'Object Repository/Modulo compensaciones/Terminación_de_Contrato_Definitivo/select_DIAZ BLANCO GUISELL' located by '//tr[4]/td[2]/table/tbody/tr/td/table/tbody/tr/td/select' not found

2022-03-29 19:24:55 - [MESSAGE][INFO] - Unable to find the element located by 'By.xpath: //tr[4]/td[2]/table/tbody/tr/td/table/tbody/tr/td/select'. Please recheck the objects properties to make sure the desired element is located. 

2022-03-29 19:24:55 - [MESSAGE][WARNING] - Web element with id: 'Object Repository/Modulo compensaciones/Terminación_de_Contrato_Definitivo/select_DIAZ BLANCO GUISELL' located by '//tr[4]/td[2]/table/tbody/tr/td/table/tbody/tr/td/select' not found

2022-03-29 19:24:55 - [TEST_STEP][PASSED] - setText(findTestObject("Modulo compensaciones/Terminación_de_Contrato_Definitivo/textarea__form_actoIngresoj_idt12874idTexto5"), "Magister en derecho penal"): Text 'Magister en derecho penal' is set on object 'Object Repository/Modulo compensaciones/Terminación_de_Contrato_Definitivo/textarea__form_actoIngresoj_idt12874idTexto5'

2022-03-29 19:24:56 - [MESSAGE][PASSED] - Text 'Magister en derecho penal' is set on object 'Object Repository/Modulo compensaciones/Terminación_de_Contrato_Definitivo/textarea__form_actoIngresoj_idt12874idTexto5'

2022-03-29 19:24:56 - [TEST_STEP][PASSED] - selectOptionByIndex(findTestObject("Modulo compensaciones/Terminación_de_Contrato_Definitivo/select_-- Seleccione --1. Actualizacin por Ascenso del Escalafn Origina2.Actualizacin por Ascenso"), 2): All options with index in [2] are selected on object 'Object Repository/Modulo compensaciones/Terminación_de_Contrato_Definitivo/select_-- Seleccione --1. Actualizacin por Ascenso del Escalafn Origina2.Actualizacin por Ascenso'

2022-03-29 19:24:57 - [MESSAGE][PASSED] - All options with index in [2] are selected on object 'Object Repository/Modulo compensaciones/Terminación_de_Contrato_Definitivo/select_-- Seleccione --1. Actualizacin por Ascenso del Escalafn Origina2.Actualizacin por Ascenso'

2022-03-29 19:24:57 - [TEST_STEP][PASSED] - setText(findTestObject("Modulo compensaciones/Terminación_de_Contrato_Definitivo/input__form_actoIngresoj_idt12876idTexto"), "AAAAAA"): Text 'AAAAAA' is set on object 'Object Repository/Modulo compensaciones/Terminación_de_Contrato_Definitivo/input__form_actoIngresoj_idt12876idTexto'

2022-03-29 19:24:58 - [MESSAGE][PASSED] - Text 'AAAAAA' is set on object 'Object Repository/Modulo compensaciones/Terminación_de_Contrato_Definitivo/input__form_actoIngresoj_idt12876idTexto'

2022-03-29 19:24:58 - [TEST_STEP][PASSED] - click(findTestObject("Modulo compensaciones/Terminación_de_Contrato_Definitivo/a__form_actoIngresoj_idt12877j_idt1327")): Object: 'Object Repository/Modulo compensaciones/Terminación_de_Contrato_Definitivo/a__form_actoIngresoj_idt12877j_idt1327' is clicked on

2022-03-29 19:24:59 - [MESSAGE][PASSED] - Object: 'Object Repository/Modulo compensaciones/Terminación_de_Contrato_Definitivo/a__form_actoIngresoj_idt12877j_idt1327' is clicked on

2022-03-29 19:24:59 - [TEST_STEP][PASSED] - setText(findTestObject("Modulo compensaciones/Terminación_de_Contrato_Definitivo/input_Unidad_form_popupUnidadUsuarioj_idt1777"), "1"): Text '1' is set on object 'Object Repository/Modulo compensaciones/Terminación_de_Contrato_Definitivo/input_Unidad_form_popupUnidadUsuarioj_idt1777'

2022-03-29 19:25:00 - [MESSAGE][PASSED] - Text '1' is set on object 'Object Repository/Modulo compensaciones/Terminación_de_Contrato_Definitivo/input_Unidad_form_popupUnidadUsuarioj_idt1777'

2022-03-29 19:25:00 - [TEST_STEP][PASSED] - sendKeys(findTestObject("Modulo compensaciones/Terminación_de_Contrato_Definitivo/input_Unidad_form_popupUnidadUsuarioj_idt1777"), Keys.chord(ENTER)): Keys 'ENTER + ' sent to object: 'Object Repository/Modulo compensaciones/Terminación_de_Contrato_Definitivo/input_Unidad_form_popupUnidadUsuarioj_idt1777'

2022-03-29 19:25:00 - [MESSAGE][PASSED] - Keys 'ENTER + ' sent to object: 'Object Repository/Modulo compensaciones/Terminación_de_Contrato_Definitivo/input_Unidad_form_popupUnidadUsuarioj_idt1777'

2022-03-29 19:25:00 - [TEST_STEP][PASSED] - click(findTestObject("Modulo compensaciones/Terminación_de_Contrato_Definitivo/span_ADMINISTRACION")): Object: 'Object Repository/Modulo compensaciones/Terminación_de_Contrato_Definitivo/span_ADMINISTRACION' is clicked on

2022-03-29 19:25:01 - [MESSAGE][PASSED] - Object: 'Object Repository/Modulo compensaciones/Terminación_de_Contrato_Definitivo/span_ADMINISTRACION' is clicked on

2022-03-29 19:25:01 - [TEST_STEP][PASSED] - click(findTestObject("Modulo compensaciones/Terminación_de_Contrato_Definitivo/a__form_actoIngresoj_idt12878j_idt1327")): Object: 'Object Repository/Modulo compensaciones/Terminación_de_Contrato_Definitivo/a__form_actoIngresoj_idt12878j_idt1327' is clicked on

2022-03-29 19:25:02 - [MESSAGE][PASSED] - Object: 'Object Repository/Modulo compensaciones/Terminación_de_Contrato_Definitivo/a__form_actoIngresoj_idt12878j_idt1327' is clicked on

2022-03-29 19:25:02 - [TEST_STEP][PASSED] - click(findTestObject("Modulo compensaciones/Terminación_de_Contrato_Definitivo/span_APRENDIZ SENA PRODUCTIVA")): Object: 'Object Repository/Modulo compensaciones/Terminación_de_Contrato_Definitivo/span_APRENDIZ SENA PRODUCTIVA' is clicked on

2022-03-29 19:25:03 - [MESSAGE][PASSED] - Object: 'Object Repository/Modulo compensaciones/Terminación_de_Contrato_Definitivo/span_APRENDIZ SENA PRODUCTIVA' is clicked on

2022-03-29 19:25:03 - [TEST_STEP][PASSED] - setText(findTestObject("Modulo compensaciones/Terminación_de_Contrato_Definitivo/input_VALOR4_form_actoIngresoj_idt12879idNumero1"), "3"): Text '3' is set on object 'Object Repository/Modulo compensaciones/Terminación_de_Contrato_Definitivo/input_VALOR4_form_actoIngresoj_idt12879idNumero1'

2022-03-29 19:25:04 - [MESSAGE][PASSED] - Text '3' is set on object 'Object Repository/Modulo compensaciones/Terminación_de_Contrato_Definitivo/input_VALOR4_form_actoIngresoj_idt12879idNumero1'

2022-03-29 19:25:04 - [TEST_STEP][PASSED] - click(findTestObject("Modulo compensaciones/Terminación_de_Contrato_Definitivo/td_ENTIDAD DE SALUD")): Object: 'Object Repository/Modulo compensaciones/Terminación_de_Contrato_Definitivo/td_ENTIDAD DE SALUD' is clicked on

2022-03-29 19:25:05 - [MESSAGE][PASSED] - Object: 'Object Repository/Modulo compensaciones/Terminación_de_Contrato_Definitivo/td_ENTIDAD DE SALUD' is clicked on

2022-03-29 19:25:05 - [TEST_STEP][PASSED] - click(findTestObject("Modulo compensaciones/Terminación_de_Contrato_Definitivo/span_Eps - Aliansalud Eps")): Object: 'Object Repository/Modulo compensaciones/Terminación_de_Contrato_Definitivo/span_Eps - Aliansalud Eps' is clicked on

2022-03-29 19:25:06 - [MESSAGE][PASSED] - Object: 'Object Repository/Modulo compensaciones/Terminación_de_Contrato_Definitivo/span_Eps - Aliansalud Eps' is clicked on

2022-03-29 19:25:06 - [TEST_STEP][PASSED] - click(findTestObject("Modulo compensaciones/Terminación_de_Contrato_Definitivo/td_FONDO DE PENSIONES")): Object: 'Object Repository/Modulo compensaciones/Terminación_de_Contrato_Definitivo/td_FONDO DE PENSIONES' is clicked on

2022-03-29 19:25:07 - [MESSAGE][PASSED] - Object: 'Object Repository/Modulo compensaciones/Terminación_de_Contrato_Definitivo/td_FONDO DE PENSIONES' is clicked on

2022-03-29 19:25:07 - [TEST_STEP][PASSED] - click(findTestObject("Modulo compensaciones/Terminación_de_Contrato_Definitivo/span_Afp - Colfondos")): Object: 'Object Repository/Modulo compensaciones/Terminación_de_Contrato_Definitivo/span_Afp - Colfondos' is clicked on

2022-03-29 19:25:08 - [MESSAGE][PASSED] - Object: 'Object Repository/Modulo compensaciones/Terminación_de_Contrato_Definitivo/span_Afp - Colfondos' is clicked on

2022-03-29 19:25:08 - [TEST_STEP][PASSED] - click(findTestObject("Modulo compensaciones/Terminación_de_Contrato_Definitivo/span_ASEG. RIESGOS PROFESIONALES")): Object: 'Object Repository/Modulo compensaciones/Terminación_de_Contrato_Definitivo/span_ASEG. RIESGOS PROFESIONALES' is clicked on

2022-03-29 19:25:09 - [MESSAGE][PASSED] - Object: 'Object Repository/Modulo compensaciones/Terminación_de_Contrato_Definitivo/span_ASEG. RIESGOS PROFESIONALES' is clicked on

2022-03-29 19:25:09 - [TEST_STEP][PASSED] - click(findTestObject("Modulo compensaciones/Terminación_de_Contrato_Definitivo/span_Arl - Seguros Bolivar")): Object: 'Object Repository/Modulo compensaciones/Terminación_de_Contrato_Definitivo/span_Arl - Seguros Bolivar' is clicked on

2022-03-29 19:25:09 - [MESSAGE][PASSED] - Object: 'Object Repository/Modulo compensaciones/Terminación_de_Contrato_Definitivo/span_Arl - Seguros Bolivar' is clicked on

2022-03-29 19:25:09 - [TEST_STEP][PASSED] - click(findTestObject("Modulo compensaciones/Terminación_de_Contrato_Definitivo/span_FONDO DE CESANTIAS")): Object: 'Object Repository/Modulo compensaciones/Terminación_de_Contrato_Definitivo/span_FONDO DE CESANTIAS' is clicked on

2022-03-29 19:25:10 - [MESSAGE][PASSED] - Object: 'Object Repository/Modulo compensaciones/Terminación_de_Contrato_Definitivo/span_FONDO DE CESANTIAS' is clicked on

2022-03-29 19:25:10 - [TEST_STEP][PASSED] - click(findTestObject("Modulo compensaciones/Terminación_de_Contrato_Definitivo/span_Fc - Colfondos")): Object: 'Object Repository/Modulo compensaciones/Terminación_de_Contrato_Definitivo/span_Fc - Colfondos' is clicked on

2022-03-29 19:25:11 - [MESSAGE][PASSED] - Object: 'Object Repository/Modulo compensaciones/Terminación_de_Contrato_Definitivo/span_Fc - Colfondos' is clicked on

2022-03-29 19:25:11 - [TEST_STEP][PASSED] - click(findTestObject("Modulo compensaciones/Terminación_de_Contrato_Definitivo/td_PAGO DE NOMINA")): Object: 'Object Repository/Modulo compensaciones/Terminación_de_Contrato_Definitivo/td_PAGO DE NOMINA' is clicked on

2022-03-29 19:25:12 - [MESSAGE][PASSED] - Object: 'Object Repository/Modulo compensaciones/Terminación_de_Contrato_Definitivo/td_PAGO DE NOMINA' is clicked on

2022-03-29 19:25:12 - [TEST_STEP][PASSED] - click(findTestObject("Modulo compensaciones/Terminación_de_Contrato_Definitivo/a_Sucursal_entidadempleado_formtabj_idt1562")): Object: 'Object Repository/Modulo compensaciones/Terminación_de_Contrato_Definitivo/a_Sucursal_entidadempleado_formtabj_idt1562' is clicked on

2022-03-29 19:25:13 - [MESSAGE][PASSED] - Object: 'Object Repository/Modulo compensaciones/Terminación_de_Contrato_Definitivo/a_Sucursal_entidadempleado_formtabj_idt1562' is clicked on

2022-03-29 19:25:13 - [TEST_STEP][PASSED] - click(findTestObject("Modulo compensaciones/Terminación_de_Contrato_Definitivo/span_Ccf - Cafam")): Object: 'Object Repository/Modulo compensaciones/Terminación_de_Contrato_Definitivo/span_Ccf - Cafam' is clicked on

2022-03-29 19:25:14 - [MESSAGE][PASSED] - Object: 'Object Repository/Modulo compensaciones/Terminación_de_Contrato_Definitivo/span_Ccf - Cafam' is clicked on

2022-03-29 19:25:14 - [TEST_STEP][PASSED] - selectOptionByIndex(findTestObject("Modulo compensaciones/Terminación_de_Contrato_Definitivo/select_--Seleccione--003 Familia Popayan"), 2): All options with index in [2] are selected on object 'Object Repository/Modulo compensaciones/Terminación_de_Contrato_Definitivo/select_--Seleccione--003 Familia Popayan'

2022-03-29 19:25:15 - [MESSAGE][PASSED] - All options with index in [2] are selected on object 'Object Repository/Modulo compensaciones/Terminación_de_Contrato_Definitivo/select_--Seleccione--003 Familia Popayan'

2022-03-29 19:25:15 - [TEST_STEP][PASSED] - setText(findTestObject("Modulo compensaciones/Terminación_de_Contrato_Definitivo/input_Cuenta_entidadempleado_formtabtablaCampos0referencia"), "12345678910"): Text '12345678910' is set on object 'Object Repository/Modulo compensaciones/Terminación_de_Contrato_Definitivo/input_Cuenta_entidadempleado_formtabtablaCampos0referencia'

2022-03-29 19:25:16 - [MESSAGE][PASSED] - Text '12345678910' is set on object 'Object Repository/Modulo compensaciones/Terminación_de_Contrato_Definitivo/input_Cuenta_entidadempleado_formtabtablaCampos0referencia'

2022-03-29 19:25:16 - [TEST_STEP][PASSED] - setText(findTestObject("Modulo compensaciones/Terminación_de_Contrato_Definitivo/input_Bco Destino_entidadempleado_formtabtablaCampos1valor"), "5"): Text '5' is set on object 'Object Repository/Modulo compensaciones/Terminación_de_Contrato_Definitivo/input_Bco Destino_entidadempleado_formtabtablaCampos1valor'

2022-03-29 19:25:17 - [MESSAGE][PASSED] - Text '5' is set on object 'Object Repository/Modulo compensaciones/Terminación_de_Contrato_Definitivo/input_Bco Destino_entidadempleado_formtabtablaCampos1valor'

2022-03-29 19:25:17 - [TEST_STEP][PASSED] - setText(findTestObject("Modulo compensaciones/Terminación_de_Contrato_Definitivo/input_Tipo de cuenta_entidadempleado_formtabtablaCampos2sucReferencia"), "Corriente"): Text 'Corriente' is set on object 'Object Repository/Modulo compensaciones/Terminación_de_Contrato_Definitivo/input_Tipo de cuenta_entidadempleado_formtabtablaCampos2sucReferencia'

2022-03-29 19:25:18 - [MESSAGE][PASSED] - Text 'Corriente' is set on object 'Object Repository/Modulo compensaciones/Terminación_de_Contrato_Definitivo/input_Tipo de cuenta_entidadempleado_formtabtablaCampos2sucReferencia'

2022-03-29 19:25:18 - [TEST_STEP][PASSED] - setText(findTestObject("Modulo compensaciones/Terminación_de_Contrato_Definitivo/input_Tipo Cuenta 1ahorro 2 corr_entidadempleado_formtabtablaCampos4tipo"), "1"): Text '1' is set on object 'Object Repository/Modulo compensaciones/Terminación_de_Contrato_Definitivo/input_Tipo Cuenta 1ahorro 2 corr_entidadempleado_formtabtablaCampos4tipo'

2022-03-29 19:25:19 - [MESSAGE][PASSED] - Text '1' is set on object 'Object Repository/Modulo compensaciones/Terminación_de_Contrato_Definitivo/input_Tipo Cuenta 1ahorro 2 corr_entidadempleado_formtabtablaCampos4tipo'

2022-03-29 19:25:19 - [TEST_STEP][PASSED] - click(findTestObject("Modulo compensaciones/Terminación_de_Contrato_Definitivo/a_Aplicar2")): Object: 'Object Repository/Modulo compensaciones/Terminación_de_Contrato_Definitivo/a_Aplicar2' is clicked on

2022-03-29 19:25:20 - [MESSAGE][PASSED] - Object: 'Object Repository/Modulo compensaciones/Terminación_de_Contrato_Definitivo/a_Aplicar2' is clicked on

2022-03-29 19:25:20 - [TEST_STEP][PASSED] - click(findTestObject("1-OBJECTS TAREAS PRINCIPALES/Modulo Tarea Actos Administrativos/Elaboracion Acto Cambio de Empleado/span_CAJA DE COMPENSACION")): Object: 'Object Repository/1-OBJECTS TAREAS PRINCIPALES/Modulo Tarea Actos Administrativos/Elaboracion Acto Cambio de Empleado/span_CAJA DE COMPENSACION' is clicked on

2022-03-29 19:25:21 - [MESSAGE][PASSED] - Object: 'Object Repository/1-OBJECTS TAREAS PRINCIPALES/Modulo Tarea Actos Administrativos/Elaboracion Acto Cambio de Empleado/span_CAJA DE COMPENSACION' is clicked on

2022-03-29 19:25:21 - [TEST_STEP][PASSED] - click(findTestObject("Modulo compensaciones/Terminación_de_Contrato_Definitivo/span_Ccf - Compensar")): Object: 'Object Repository/Modulo compensaciones/Terminación_de_Contrato_Definitivo/span_Ccf - Compensar' is clicked on

2022-03-29 19:25:21 - [MESSAGE][PASSED] - Object: 'Object Repository/Modulo compensaciones/Terminación_de_Contrato_Definitivo/span_Ccf - Compensar' is clicked on

2022-03-29 19:25:21 - [TEST_STEP][PASSED] - click(findTestObject("Modulo compensaciones/Terminación_de_Contrato_Definitivo/a_Continuar")): Object: 'Object Repository/Modulo compensaciones/Terminación_de_Contrato_Definitivo/a_Continuar' is clicked on

2022-03-29 19:25:22 - [MESSAGE][PASSED] - Object: 'Object Repository/Modulo compensaciones/Terminación_de_Contrato_Definitivo/a_Continuar' is clicked on

2022-03-29 19:25:22 - [TEST_STEP][PASSED] - Puesto = getText(findTestObject("Modulo compensaciones/Terminación_de_Contrato_Definitivo/td_10247")): Text of object 'Object Repository/Modulo compensaciones/Terminación_de_Contrato_Definitivo/td_10247' is: '3334'

2022-03-29 19:25:23 - [MESSAGE][PASSED] - Text of object 'Object Repository/Modulo compensaciones/Terminación_de_Contrato_Definitivo/td_10247' is: '3334'

2022-03-29 19:25:23 - [TEST_STEP][PASSED] - click(findTestObject("Modulo compensaciones/Terminación_de_Contrato_Definitivo/td_10247")): Object: 'Object Repository/Modulo compensaciones/Terminación_de_Contrato_Definitivo/td_10247' is clicked on

2022-03-29 19:25:24 - [MESSAGE][PASSED] - Object: 'Object Repository/Modulo compensaciones/Terminación_de_Contrato_Definitivo/td_10247' is clicked on

2022-03-29 19:25:24 - [TEST_STEP][PASSED] - click(findTestObject("Modulo compensaciones/Terminación_de_Contrato_Definitivo/a_Actualizar(1)")): Object: 'Object Repository/Modulo compensaciones/Terminación_de_Contrato_Definitivo/a_Actualizar(1)' is clicked on

2022-03-29 19:25:25 - [MESSAGE][PASSED] - Object: 'Object Repository/Modulo compensaciones/Terminación_de_Contrato_Definitivo/a_Actualizar(1)' is clicked on

2022-03-29 19:25:25 - [TEST_STEP][PASSED] - selectOptionByIndex(findTestObject("Modulo compensaciones/Terminación_de_Contrato_Definitivo/select_NOMINA MENSUALNOMINA QUINCENAL"), 2): All options with index in [2] are selected on object 'Object Repository/Modulo compensaciones/Terminación_de_Contrato_Definitivo/select_NOMINA MENSUALNOMINA QUINCENAL'

2022-03-29 19:25:26 - [MESSAGE][PASSED] - All options with index in [2] are selected on object 'Object Repository/Modulo compensaciones/Terminación_de_Contrato_Definitivo/select_NOMINA MENSUALNOMINA QUINCENAL'

2022-03-29 19:25:26 - [TEST_STEP][PASSED] - selectOptionByIndex(findTestObject("Modulo compensaciones/Terminación_de_Contrato_Definitivo/select_ADMINISTRATIVOSAPRENDICESEMPLEADOFBROLESTSMECANICOS"), 1): All options with index in [1] are selected on object 'Object Repository/Modulo compensaciones/Terminación_de_Contrato_Definitivo/select_ADMINISTRATIVOSAPRENDICESEMPLEADOFBROLESTSMECANICOS'

2022-03-29 19:25:27 - [MESSAGE][PASSED] - All options with index in [1] are selected on object 'Object Repository/Modulo compensaciones/Terminación_de_Contrato_Definitivo/select_ADMINISTRATIVOSAPRENDICESEMPLEADOFBROLESTSMECANICOS'

2022-03-29 19:25:27 - [TEST_STEP][PASSED] - click(findTestObject("Modulo compensaciones/Terminación_de_Contrato_Definitivo/a_Continuar")): Object: 'Object Repository/Modulo compensaciones/Terminación_de_Contrato_Definitivo/a_Continuar' is clicked on

2022-03-29 19:25:28 - [MESSAGE][PASSED] - Object: 'Object Repository/Modulo compensaciones/Terminación_de_Contrato_Definitivo/a_Continuar' is clicked on

2022-03-29 19:25:28 - [TEST_STEP][PASSED] - click(findTestObject("Modulo compensaciones/Terminación_de_Contrato_Definitivo/a_Descargar pdf")): Object: 'Object Repository/Modulo compensaciones/Terminación_de_Contrato_Definitivo/a_Descargar pdf' is clicked on

2022-03-29 19:25:30 - [MESSAGE][PASSED] - Object: 'Object Repository/Modulo compensaciones/Terminación_de_Contrato_Definitivo/a_Descargar pdf' is clicked on

2022-03-29 19:25:30 - [TEST_STEP][PASSED] - switchToWindowTitle("SARA"): Switched to window with title: 'SARA'

2022-03-29 19:25:30 - [MESSAGE][PASSED] - Switched to window with title: 'SARA'

2022-03-29 19:25:30 - [TEST_STEP][PASSED] - click(findTestObject("Modulo compensaciones/Terminación_de_Contrato_Definitivo/a_Aplicar - Copy")): Object: 'Object Repository/Modulo compensaciones/Terminación_de_Contrato_Definitivo/a_Aplicar - Copy' is clicked on

2022-03-29 19:25:31 - [MESSAGE][PASSED] - Object: 'Object Repository/Modulo compensaciones/Terminación_de_Contrato_Definitivo/a_Aplicar - Copy' is clicked on

2022-03-29 19:25:31 - [TEST_STEP][PASSED] - if (waitForElementVisible(findTestObject("Modulo compensaciones/Terminación_de_Contrato_Definitivo/p_Puesto de trabajo ocupado (A1           12)"), 1)): null

2022-03-29 19:25:31 - [MESSAGE][PASSED] - Object 'Object Repository/Modulo compensaciones/Terminación_de_Contrato_Definitivo/p_Puesto de trabajo ocupado (A1           12)' is visible

2022-03-29 19:25:31 - [TEST_STEP][PASSED] - setText(findTestObject("Modulo compensaciones/Terminación_de_Contrato_Definitivo/input_Empresa 1_form_templatej_idt24_input"), "Planta personal (tal)"): Text 'Planta personal (tal)' is set on object 'Object Repository/Modulo compensaciones/Terminación_de_Contrato_Definitivo/input_Empresa 1_form_templatej_idt24_input'

2022-03-29 19:25:32 - [MESSAGE][PASSED] - Text 'Planta personal (tal)' is set on object 'Object Repository/Modulo compensaciones/Terminación_de_Contrato_Definitivo/input_Empresa 1_form_templatej_idt24_input'

2022-03-29 19:25:32 - [TEST_STEP][PASSED] - click(findTestObject("Modulo compensaciones/Terminación_de_Contrato_Definitivo/li_Listado Hojas de Vida (hoj)")): Object: 'Object Repository/Modulo compensaciones/Terminación_de_Contrato_Definitivo/li_Listado Hojas de Vida (hoj)' is clicked on

2022-03-29 19:25:34 - [MESSAGE][PASSED] - Object: 'Object Repository/Modulo compensaciones/Terminación_de_Contrato_Definitivo/li_Listado Hojas de Vida (hoj)' is clicked on

2022-03-29 19:25:34 - [TEST_STEP][PASSED] - click(findTestObject("Modulo compensaciones/Terminación_de_Contrato_Definitivo/a_Parmetros_organigramabuscar")): Object: 'Object Repository/Modulo compensaciones/Terminación_de_Contrato_Definitivo/a_Parmetros_organigramabuscar' is clicked on

2022-03-29 19:25:35 - [MESSAGE][PASSED] - Object: 'Object Repository/Modulo compensaciones/Terminación_de_Contrato_Definitivo/a_Parmetros_organigramabuscar' is clicked on

2022-03-29 19:25:35 - [TEST_STEP][PASSED] - selectOptionByIndex(findTestObject("Modulo compensaciones/Terminación_de_Contrato_Definitivo/select_--Seleccione--EmpleadoPuesto"), 2): All options with index in [2] are selected on object 'Object Repository/Modulo compensaciones/Terminación_de_Contrato_Definitivo/select_--Seleccione--EmpleadoPuesto'

2022-03-29 19:25:36 - [MESSAGE][PASSED] - All options with index in [2] are selected on object 'Object Repository/Modulo compensaciones/Terminación_de_Contrato_Definitivo/select_--Seleccione--EmpleadoPuesto'

2022-03-29 19:25:36 - [TEST_STEP][PASSED] - setText(findTestObject("Modulo compensaciones/Terminación_de_Contrato_Definitivo/input_Puesto_popupBusquedaPlantapuesto"), Puesto): Text '3334' is set on object 'Object Repository/Modulo compensaciones/Terminación_de_Contrato_Definitivo/input_Puesto_popupBusquedaPlantapuesto'

2022-03-29 19:25:38 - [MESSAGE][PASSED] - Text '3334' is set on object 'Object Repository/Modulo compensaciones/Terminación_de_Contrato_Definitivo/input_Puesto_popupBusquedaPlantapuesto'

2022-03-29 19:25:38 - [TEST_STEP][PASSED] - sendKeys(findTestObject("Modulo compensaciones/Terminación_de_Contrato_Definitivo/input_Puesto_popupBusquedaPlantapuesto"), Keys.chord(ENTER)): Keys 'ENTER + ' sent to object: 'Object Repository/Modulo compensaciones/Terminación_de_Contrato_Definitivo/input_Puesto_popupBusquedaPlantapuesto'

2022-03-29 19:25:38 - [MESSAGE][PASSED] - Keys 'ENTER + ' sent to object: 'Object Repository/Modulo compensaciones/Terminación_de_Contrato_Definitivo/input_Puesto_popupBusquedaPlantapuesto'

2022-03-29 19:25:38 - [TEST_STEP][PASSED] - click(findTestObject("Modulo compensaciones/Terminación_de_Contrato_Definitivo/span_23       - Aprendiz Sena Lectiva")): Object: 'Object Repository/Modulo compensaciones/Terminación_de_Contrato_Definitivo/span_23       - Aprendiz Sena Lectiva' is clicked on

2022-03-29 19:25:39 - [MESSAGE][PASSED] - Object: 'Object Repository/Modulo compensaciones/Terminación_de_Contrato_Definitivo/span_23       - Aprendiz Sena Lectiva' is clicked on

2022-03-29 19:25:39 - [TEST_STEP][PASSED] - setText(findTestObject("Modulo compensaciones/Terminación_de_Contrato_Definitivo/input_A1            - ADMINISTRACION_organigramalistaPuestosActivosj_idt150"), Puesto): Text '3334' is set on object 'Object Repository/Modulo compensaciones/Terminación_de_Contrato_Definitivo/input_A1            - ADMINISTRACION_organigramalistaPuestosActivosj_idt150'

2022-03-29 19:25:41 - [MESSAGE][PASSED] - Text '3334' is set on object 'Object Repository/Modulo compensaciones/Terminación_de_Contrato_Definitivo/input_A1            - ADMINISTRACION_organigramalistaPuestosActivosj_idt150'

2022-03-29 19:25:41 - [TEST_STEP][PASSED] - sendKeys(findTestObject("Modulo compensaciones/Terminación_de_Contrato_Definitivo/input_A1            - ADMINISTRACION_organigramalistaPuestosActivosj_idt150"), Keys.chord(ENTER)): Keys 'ENTER + ' sent to object: 'Object Repository/Modulo compensaciones/Terminación_de_Contrato_Definitivo/input_A1            - ADMINISTRACION_organigramalistaPuestosActivosj_idt150'

2022-03-29 19:25:42 - [MESSAGE][PASSED] - Keys 'ENTER + ' sent to object: 'Object Repository/Modulo compensaciones/Terminación_de_Contrato_Definitivo/input_A1            - ADMINISTRACION_organigramalistaPuestosActivosj_idt150'

2022-03-29 19:25:42 - [TEST_STEP][PASSED] - click(findTestObject("Modulo compensaciones/Terminación_de_Contrato_Definitivo/a_Aprendiz Sena Lectiva_organigramaj_idt113")): Object: 'Object Repository/Modulo compensaciones/Terminación_de_Contrato_Definitivo/a_Aprendiz Sena Lectiva_organigramaj_idt113' is clicked on

2022-03-29 19:25:42 - [MESSAGE][PASSED] - Object: 'Object Repository/Modulo compensaciones/Terminación_de_Contrato_Definitivo/a_Aprendiz Sena Lectiva_organigramaj_idt113' is clicked on

2022-03-29 19:25:42 - [TEST_STEP][PASSED] - selectOptionByIndex(findTestObject("Modulo compensaciones/Terminación_de_Contrato_Definitivo/select_-- Seleccione --BloqueadoEliminadoOcupado y disponibleOcupado"), 6): All options with index in [6] are selected on object 'Object Repository/Modulo compensaciones/Terminación_de_Contrato_Definitivo/select_-- Seleccione --BloqueadoEliminadoOcupado y disponibleOcupado'

2022-03-29 19:25:44 - [MESSAGE][PASSED] - All options with index in [6] are selected on object 'Object Repository/Modulo compensaciones/Terminación_de_Contrato_Definitivo/select_-- Seleccione --BloqueadoEliminadoOcupado y disponibleOcupado'

2022-03-29 19:25:44 - [TEST_STEP][PASSED] - selectOptionByIndex(findTestObject("Modulo compensaciones/Terminación_de_Contrato_Definitivo/select_-- Seleccione --No ReservadoReservado"), 1): All options with index in [1] are selected on object 'Object Repository/Modulo compensaciones/Terminación_de_Contrato_Definitivo/select_-- Seleccione --No ReservadoReservado'

2022-03-29 19:25:46 - [MESSAGE][PASSED] - All options with index in [1] are selected on object 'Object Repository/Modulo compensaciones/Terminación_de_Contrato_Definitivo/select_-- Seleccione --No ReservadoReservado'

2022-03-29 19:25:46 - [TEST_STEP][PASSED] - click(findTestObject("Modulo compensaciones/Terminación_de_Contrato_Definitivo/span_Actualizar")): Object: 'Object Repository/Modulo compensaciones/Terminación_de_Contrato_Definitivo/span_Actualizar' is clicked on

2022-03-29 19:25:47 - [MESSAGE][PASSED] - Object: 'Object Repository/Modulo compensaciones/Terminación_de_Contrato_Definitivo/span_Actualizar' is clicked on

2022-03-29 19:25:47 - [TEST_STEP][PASSED] - setText(findTestObject("Modulo compensaciones/Terminación_de_Contrato_Definitivo/input_Empresa 1_form_templatej_idt24_input"), "Actos administrativos"): Text 'Actos administrativos' is set on object 'Object Repository/Modulo compensaciones/Terminación_de_Contrato_Definitivo/input_Empresa 1_form_templatej_idt24_input'

2022-03-29 19:25:48 - [MESSAGE][PASSED] - Text 'Actos administrativos' is set on object 'Object Repository/Modulo compensaciones/Terminación_de_Contrato_Definitivo/input_Empresa 1_form_templatej_idt24_input'

2022-03-29 19:25:48 - [TEST_STEP][PASSED] - click(findTestObject("Modulo compensaciones/Terminación_de_Contrato_Definitivo/li_Listado Hojas de Vida (hoj)")): Object: 'Object Repository/Modulo compensaciones/Terminación_de_Contrato_Definitivo/li_Listado Hojas de Vida (hoj)' is clicked on

2022-03-29 19:25:50 - [MESSAGE][PASSED] - Object: 'Object Repository/Modulo compensaciones/Terminación_de_Contrato_Definitivo/li_Listado Hojas de Vida (hoj)' is clicked on

2022-03-29 19:25:50 - [TEST_STEP][PASSED] - click(findTestObject("Modulo compensaciones/Terminación_de_Contrato_Definitivo/i_Actos_glyphicons glyphicons-group")): Object: 'Object Repository/Modulo compensaciones/Terminación_de_Contrato_Definitivo/i_Actos_glyphicons glyphicons-group' is clicked on

2022-03-29 19:25:51 - [MESSAGE][PASSED] - Object: 'Object Repository/Modulo compensaciones/Terminación_de_Contrato_Definitivo/i_Actos_glyphicons glyphicons-group' is clicked on

2022-03-29 19:25:51 - [TEST_STEP][PASSED] - click(findTestObject("Modulo compensaciones/Terminación_de_Contrato_Definitivo/a_Actos de Retiro del empleado_form_ActosAdministrativostabla_principal_10j_idt79")): Object: 'Object Repository/Modulo compensaciones/Terminación_de_Contrato_Definitivo/a_Actos de Retiro del empleado_form_ActosAdministrativostabla_principal_10j_idt79' is clicked on

2022-03-29 19:25:51 - [MESSAGE][PASSED] - Object: 'Object Repository/Modulo compensaciones/Terminación_de_Contrato_Definitivo/a_Actos de Retiro del empleado_form_ActosAdministrativostabla_principal_10j_idt79' is clicked on

2022-03-29 19:25:51 - [TEST_STEP][PASSED] - click(findTestObject("Modulo compensaciones/Terminación_de_Contrato_Definitivo/span_Nomina")): Object: 'Object Repository/Modulo compensaciones/Terminación_de_Contrato_Definitivo/span_Nomina' is clicked on

2022-03-29 19:25:52 - [MESSAGE][PASSED] - Object: 'Object Repository/Modulo compensaciones/Terminación_de_Contrato_Definitivo/span_Nomina' is clicked on

2022-03-29 19:25:52 - [TEST_STEP][PASSED] - click(findTestObject("Modulo compensaciones/Terminación_de_Contrato_Definitivo/span_ingreso definitivo indefinido salario basico")): Object: 'Object Repository/Modulo compensaciones/Terminación_de_Contrato_Definitivo/span_ingreso definitivo indefinido salario basico' is clicked on

2022-03-29 19:25:53 - [MESSAGE][PASSED] - Object: 'Object Repository/Modulo compensaciones/Terminación_de_Contrato_Definitivo/span_ingreso definitivo indefinido salario basico' is clicked on

2022-03-29 19:25:53 - [TEST_STEP][PASSED] - click(findTestObject("Modulo compensaciones/Terminación_de_Contrato_Definitivo/a_Elaboracin_glyphicons glyphicons-chronicle x2")): Object: 'Object Repository/Modulo compensaciones/Terminación_de_Contrato_Definitivo/a_Elaboracin_glyphicons glyphicons-chronicle x2' is clicked on

2022-03-29 19:25:54 - [MESSAGE][PASSED] - Object: 'Object Repository/Modulo compensaciones/Terminación_de_Contrato_Definitivo/a_Elaboracin_glyphicons glyphicons-chronicle x2' is clicked on

2022-03-29 19:25:54 - [TEST_STEP][PASSED] - click(findTestObject("Modulo compensaciones/Terminación_de_Contrato_Definitivo/a_Identificacin_form_actoIngresoj_idt1250")): Object: 'Object Repository/Modulo compensaciones/Terminación_de_Contrato_Definitivo/a_Identificacin_form_actoIngresoj_idt1250' is clicked on

2022-03-29 19:25:55 - [MESSAGE][PASSED] - Object: 'Object Repository/Modulo compensaciones/Terminación_de_Contrato_Definitivo/a_Identificacin_form_actoIngresoj_idt1250' is clicked on

2022-03-29 19:25:55 - [TEST_STEP][PASSED] - setText(findTestObject("Modulo compensaciones/Terminación_de_Contrato_Definitivo/input_Filtro Hoja de Vida_formPopupHojaVidaj_idt1762"), identificacion): Text '2386173' is set on object 'Object Repository/Modulo compensaciones/Terminación_de_Contrato_Definitivo/input_Filtro Hoja de Vida_formPopupHojaVidaj_idt1762'

2022-03-29 19:25:56 - [MESSAGE][PASSED] - Text '2386173' is set on object 'Object Repository/Modulo compensaciones/Terminación_de_Contrato_Definitivo/input_Filtro Hoja de Vida_formPopupHojaVidaj_idt1762'

2022-03-29 19:25:56 - [TEST_STEP][PASSED] - sendKeys(findTestObject("Modulo compensaciones/Terminación_de_Contrato_Definitivo/input_Filtro Hoja de Vida_formPopupHojaVidaj_idt1762"), Keys.chord(ENTER)): Keys 'ENTER + ' sent to object: 'Object Repository/Modulo compensaciones/Terminación_de_Contrato_Definitivo/input_Filtro Hoja de Vida_formPopupHojaVidaj_idt1762'

2022-03-29 19:25:57 - [MESSAGE][PASSED] - Keys 'ENTER + ' sent to object: 'Object Repository/Modulo compensaciones/Terminación_de_Contrato_Definitivo/input_Filtro Hoja de Vida_formPopupHojaVidaj_idt1762'

2022-03-29 19:25:57 - [TEST_STEP][PASSED] - click(findTestObject("Modulo compensaciones/Terminación_de_Contrato_Definitivo/td_Chandler  Francis 1537948e7")): Object: 'Object Repository/Modulo compensaciones/Terminación_de_Contrato_Definitivo/td_Chandler  Francis 1537948e7' is clicked on

2022-03-29 19:25:58 - [MESSAGE][PASSED] - Object: 'Object Repository/Modulo compensaciones/Terminación_de_Contrato_Definitivo/td_Chandler  Francis 1537948e7' is clicked on

2022-03-29 19:25:58 - [TEST_STEP][PASSED] - click(findTestObject("Modulo compensaciones/Terminación_de_Contrato_Definitivo/a_Continuar")): Object: 'Object Repository/Modulo compensaciones/Terminación_de_Contrato_Definitivo/a_Continuar' is clicked on

2022-03-29 19:25:58 - [MESSAGE][PASSED] - Object: 'Object Repository/Modulo compensaciones/Terminación_de_Contrato_Definitivo/a_Continuar' is clicked on

2022-03-29 19:25:58 - [TEST_STEP][PASSED] - setText(findTestObject("Modulo compensaciones/Terminación_de_Contrato_Definitivo/input__form_actoIngresoj_idt12870fecha_input"), "01/07/2021"): Text '01/07/2021' is set on object 'Object Repository/Modulo compensaciones/Terminación_de_Contrato_Definitivo/input__form_actoIngresoj_idt12870fecha_input'

2022-03-29 19:26:00 - [MESSAGE][PASSED] - Text '01/07/2021' is set on object 'Object Repository/Modulo compensaciones/Terminación_de_Contrato_Definitivo/input__form_actoIngresoj_idt12870fecha_input'

2022-03-29 19:26:00 - [TEST_STEP][PASSED] - sendKeys(findTestObject("Modulo compensaciones/Terminación_de_Contrato_Definitivo/input__form_actoIngresoj_idt12870fecha_input"), Keys.chord(ENTER)): Keys 'ENTER + ' sent to object: 'Object Repository/Modulo compensaciones/Terminación_de_Contrato_Definitivo/input__form_actoIngresoj_idt12870fecha_input'

2022-03-29 19:26:00 - [MESSAGE][PASSED] - Keys 'ENTER + ' sent to object: 'Object Repository/Modulo compensaciones/Terminación_de_Contrato_Definitivo/input__form_actoIngresoj_idt12870fecha_input'

2022-03-29 19:26:00 - [TEST_STEP][PASSED] - setText(findTestObject("Modulo compensaciones/Terminación_de_Contrato_Definitivo/input__form_actoIngresoj_idt12871fecha_input"), "01/07/2021"): Text '01/07/2021' is set on object 'Object Repository/Modulo compensaciones/Terminación_de_Contrato_Definitivo/input__form_actoIngresoj_idt12871fecha_input'

2022-03-29 19:26:01 - [MESSAGE][PASSED] - Text '01/07/2021' is set on object 'Object Repository/Modulo compensaciones/Terminación_de_Contrato_Definitivo/input__form_actoIngresoj_idt12871fecha_input'

2022-03-29 19:26:01 - [TEST_STEP][PASSED] - sendKeys(findTestObject("Modulo compensaciones/Terminación_de_Contrato_Definitivo/input__form_actoIngresoj_idt12871fecha_input"), Keys.chord(ENTER)): Keys 'ENTER + ' sent to object: 'Object Repository/Modulo compensaciones/Terminación_de_Contrato_Definitivo/input__form_actoIngresoj_idt12871fecha_input'

2022-03-29 19:26:02 - [MESSAGE][PASSED] - Keys 'ENTER + ' sent to object: 'Object Repository/Modulo compensaciones/Terminación_de_Contrato_Definitivo/input__form_actoIngresoj_idt12871fecha_input'

2022-03-29 19:26:02 - [TEST_STEP][PASSED] - selectOptionByIndex(findTestObject("Modulo compensaciones/Terminación_de_Contrato_Definitivo/select_10 - Ingreso Puesto Nuevo"), 1): All options with index in [1] are selected on object 'Object Repository/Modulo compensaciones/Terminación_de_Contrato_Definitivo/select_10 - Ingreso Puesto Nuevo'

2022-03-29 19:26:03 - [MESSAGE][PASSED] - All options with index in [1] are selected on object 'Object Repository/Modulo compensaciones/Terminación_de_Contrato_Definitivo/select_10 - Ingreso Puesto Nuevo'

2022-03-29 19:26:03 - [TEST_STEP][PASSED] - if (waitForElementVisible(findTestObject("Modulo compensaciones/Terminación_de_Contrato_Definitivo/select_DIAZ BLANCO GUISELL"), 1)): Web element with id: 'Object Repository/Modulo compensaciones/Terminación_de_Contrato_Definitivo/select_DIAZ BLANCO GUISELL' located by '//tr[4]/td[2]/table/tbody/tr/td/table/tbody/tr/td/select' not found

2022-03-29 19:26:05 - [MESSAGE][INFO] - Unable to find the element located by 'By.xpath: //tr[4]/td[2]/table/tbody/tr/td/table/tbody/tr/td/select'. Please recheck the objects properties to make sure the desired element is located. 

2022-03-29 19:26:05 - [MESSAGE][WARNING] - Web element with id: 'Object Repository/Modulo compensaciones/Terminación_de_Contrato_Definitivo/select_DIAZ BLANCO GUISELL' located by '//tr[4]/td[2]/table/tbody/tr/td/table/tbody/tr/td/select' not found

2022-03-29 19:26:05 - [TEST_STEP][PASSED] - setText(findTestObject("Modulo compensaciones/Terminación_de_Contrato_Definitivo/textarea__form_actoIngresoj_idt12874idTexto5"), "Magister en derecho penal"): Text 'Magister en derecho penal' is set on object 'Object Repository/Modulo compensaciones/Terminación_de_Contrato_Definitivo/textarea__form_actoIngresoj_idt12874idTexto5'

2022-03-29 19:26:06 - [MESSAGE][PASSED] - Text 'Magister en derecho penal' is set on object 'Object Repository/Modulo compensaciones/Terminación_de_Contrato_Definitivo/textarea__form_actoIngresoj_idt12874idTexto5'

2022-03-29 19:26:06 - [TEST_STEP][PASSED] - selectOptionByIndex(findTestObject("Modulo compensaciones/Terminación_de_Contrato_Definitivo/select_-- Seleccione --1. Actualizacin por Ascenso del Escalafn Origina2.Actualizacin por Ascenso"), 2): All options with index in [2] are selected on object 'Object Repository/Modulo compensaciones/Terminación_de_Contrato_Definitivo/select_-- Seleccione --1. Actualizacin por Ascenso del Escalafn Origina2.Actualizacin por Ascenso'

2022-03-29 19:26:07 - [MESSAGE][PASSED] - All options with index in [2] are selected on object 'Object Repository/Modulo compensaciones/Terminación_de_Contrato_Definitivo/select_-- Seleccione --1. Actualizacin por Ascenso del Escalafn Origina2.Actualizacin por Ascenso'

2022-03-29 19:26:07 - [TEST_STEP][PASSED] - setText(findTestObject("Modulo compensaciones/Terminación_de_Contrato_Definitivo/input__form_actoIngresoj_idt12876idTexto"), "AAAAAA"): Text 'AAAAAA' is set on object 'Object Repository/Modulo compensaciones/Terminación_de_Contrato_Definitivo/input__form_actoIngresoj_idt12876idTexto'

2022-03-29 19:26:08 - [MESSAGE][PASSED] - Text 'AAAAAA' is set on object 'Object Repository/Modulo compensaciones/Terminación_de_Contrato_Definitivo/input__form_actoIngresoj_idt12876idTexto'

2022-03-29 19:26:08 - [TEST_STEP][PASSED] - click(findTestObject("Modulo compensaciones/Terminación_de_Contrato_Definitivo/a__form_actoIngresoj_idt12877j_idt1327")): Object: 'Object Repository/Modulo compensaciones/Terminación_de_Contrato_Definitivo/a__form_actoIngresoj_idt12877j_idt1327' is clicked on

2022-03-29 19:26:09 - [MESSAGE][PASSED] - Object: 'Object Repository/Modulo compensaciones/Terminación_de_Contrato_Definitivo/a__form_actoIngresoj_idt12877j_idt1327' is clicked on

2022-03-29 19:26:09 - [TEST_STEP][PASSED] - setText(findTestObject("Modulo compensaciones/Terminación_de_Contrato_Definitivo/input_Unidad_form_popupUnidadUsuarioj_idt1777"), "1"): Text '1' is set on object 'Object Repository/Modulo compensaciones/Terminación_de_Contrato_Definitivo/input_Unidad_form_popupUnidadUsuarioj_idt1777'

2022-03-29 19:26:10 - [MESSAGE][PASSED] - Text '1' is set on object 'Object Repository/Modulo compensaciones/Terminación_de_Contrato_Definitivo/input_Unidad_form_popupUnidadUsuarioj_idt1777'

2022-03-29 19:26:10 - [TEST_STEP][PASSED] - sendKeys(findTestObject("Modulo compensaciones/Terminación_de_Contrato_Definitivo/input_Unidad_form_popupUnidadUsuarioj_idt1777"), Keys.chord(ENTER)): Keys 'ENTER + ' sent to object: 'Object Repository/Modulo compensaciones/Terminación_de_Contrato_Definitivo/input_Unidad_form_popupUnidadUsuarioj_idt1777'

2022-03-29 19:26:11 - [MESSAGE][PASSED] - Keys 'ENTER + ' sent to object: 'Object Repository/Modulo compensaciones/Terminación_de_Contrato_Definitivo/input_Unidad_form_popupUnidadUsuarioj_idt1777'

2022-03-29 19:26:11 - [TEST_STEP][PASSED] - click(findTestObject("Modulo compensaciones/Terminación_de_Contrato_Definitivo/span_ADMINISTRACION")): Object: 'Object Repository/Modulo compensaciones/Terminación_de_Contrato_Definitivo/span_ADMINISTRACION' is clicked on

2022-03-29 19:26:12 - [MESSAGE][PASSED] - Object: 'Object Repository/Modulo compensaciones/Terminación_de_Contrato_Definitivo/span_ADMINISTRACION' is clicked on

2022-03-29 19:26:12 - [TEST_STEP][PASSED] - click(findTestObject("Modulo compensaciones/Terminación_de_Contrato_Definitivo/a__form_actoIngresoj_idt12878j_idt1327")): Object: 'Object Repository/Modulo compensaciones/Terminación_de_Contrato_Definitivo/a__form_actoIngresoj_idt12878j_idt1327' is clicked on

2022-03-29 19:26:13 - [MESSAGE][PASSED] - Object: 'Object Repository/Modulo compensaciones/Terminación_de_Contrato_Definitivo/a__form_actoIngresoj_idt12878j_idt1327' is clicked on

2022-03-29 19:26:13 - [TEST_STEP][PASSED] - click(findTestObject("Modulo compensaciones/Terminación_de_Contrato_Definitivo/span_APRENDIZ SENA PRODUCTIVA")): Object: 'Object Repository/Modulo compensaciones/Terminación_de_Contrato_Definitivo/span_APRENDIZ SENA PRODUCTIVA' is clicked on

2022-03-29 19:26:14 - [MESSAGE][PASSED] - Object: 'Object Repository/Modulo compensaciones/Terminación_de_Contrato_Definitivo/span_APRENDIZ SENA PRODUCTIVA' is clicked on

2022-03-29 19:26:14 - [TEST_STEP][PASSED] - setText(findTestObject("Modulo compensaciones/Terminación_de_Contrato_Definitivo/input_VALOR4_form_actoIngresoj_idt12879idNumero1"), "3"): Text '3' is set on object 'Object Repository/Modulo compensaciones/Terminación_de_Contrato_Definitivo/input_VALOR4_form_actoIngresoj_idt12879idNumero1'

2022-03-29 19:26:15 - [MESSAGE][PASSED] - Text '3' is set on object 'Object Repository/Modulo compensaciones/Terminación_de_Contrato_Definitivo/input_VALOR4_form_actoIngresoj_idt12879idNumero1'

2022-03-29 19:26:15 - [TEST_STEP][PASSED] - click(findTestObject("Modulo compensaciones/Terminación_de_Contrato_Definitivo/td_ENTIDAD DE SALUD")): Object: 'Object Repository/Modulo compensaciones/Terminación_de_Contrato_Definitivo/td_ENTIDAD DE SALUD' is clicked on

2022-03-29 19:26:16 - [MESSAGE][PASSED] - Object: 'Object Repository/Modulo compensaciones/Terminación_de_Contrato_Definitivo/td_ENTIDAD DE SALUD' is clicked on

2022-03-29 19:26:16 - [TEST_STEP][PASSED] - click(findTestObject("Modulo compensaciones/Terminación_de_Contrato_Definitivo/span_Eps - Aliansalud Eps")): Object: 'Object Repository/Modulo compensaciones/Terminación_de_Contrato_Definitivo/span_Eps - Aliansalud Eps' is clicked on

2022-03-29 19:26:16 - [MESSAGE][PASSED] - Object: 'Object Repository/Modulo compensaciones/Terminación_de_Contrato_Definitivo/span_Eps - Aliansalud Eps' is clicked on

2022-03-29 19:26:16 - [TEST_STEP][PASSED] - click(findTestObject("Modulo compensaciones/Terminación_de_Contrato_Definitivo/td_FONDO DE PENSIONES")): Object: 'Object Repository/Modulo compensaciones/Terminación_de_Contrato_Definitivo/td_FONDO DE PENSIONES' is clicked on

2022-03-29 19:26:17 - [MESSAGE][PASSED] - Object: 'Object Repository/Modulo compensaciones/Terminación_de_Contrato_Definitivo/td_FONDO DE PENSIONES' is clicked on

2022-03-29 19:26:17 - [TEST_STEP][PASSED] - click(findTestObject("Modulo compensaciones/Terminación_de_Contrato_Definitivo/span_Afp - Colfondos")): Object: 'Object Repository/Modulo compensaciones/Terminación_de_Contrato_Definitivo/span_Afp - Colfondos' is clicked on

2022-03-29 19:26:18 - [MESSAGE][PASSED] - Object: 'Object Repository/Modulo compensaciones/Terminación_de_Contrato_Definitivo/span_Afp - Colfondos' is clicked on

2022-03-29 19:26:18 - [TEST_STEP][PASSED] - click(findTestObject("Modulo compensaciones/Terminación_de_Contrato_Definitivo/span_ASEG. RIESGOS PROFESIONALES")): Object: 'Object Repository/Modulo compensaciones/Terminación_de_Contrato_Definitivo/span_ASEG. RIESGOS PROFESIONALES' is clicked on

2022-03-29 19:26:19 - [MESSAGE][PASSED] - Object: 'Object Repository/Modulo compensaciones/Terminación_de_Contrato_Definitivo/span_ASEG. RIESGOS PROFESIONALES' is clicked on

2022-03-29 19:26:19 - [TEST_STEP][PASSED] - click(findTestObject("Modulo compensaciones/Terminación_de_Contrato_Definitivo/span_Arl - Seguros Bolivar")): Object: 'Object Repository/Modulo compensaciones/Terminación_de_Contrato_Definitivo/span_Arl - Seguros Bolivar' is clicked on

2022-03-29 19:26:20 - [MESSAGE][PASSED] - Object: 'Object Repository/Modulo compensaciones/Terminación_de_Contrato_Definitivo/span_Arl - Seguros Bolivar' is clicked on

2022-03-29 19:26:20 - [TEST_STEP][PASSED] - click(findTestObject("Modulo compensaciones/Terminación_de_Contrato_Definitivo/span_FONDO DE CESANTIAS")): Object: 'Object Repository/Modulo compensaciones/Terminación_de_Contrato_Definitivo/span_FONDO DE CESANTIAS' is clicked on

2022-03-29 19:26:20 - [MESSAGE][PASSED] - Object: 'Object Repository/Modulo compensaciones/Terminación_de_Contrato_Definitivo/span_FONDO DE CESANTIAS' is clicked on

2022-03-29 19:26:20 - [TEST_STEP][PASSED] - click(findTestObject("Modulo compensaciones/Terminación_de_Contrato_Definitivo/span_Fc - Colfondos")): Object: 'Object Repository/Modulo compensaciones/Terminación_de_Contrato_Definitivo/span_Fc - Colfondos' is clicked on

2022-03-29 19:26:21 - [MESSAGE][PASSED] - Object: 'Object Repository/Modulo compensaciones/Terminación_de_Contrato_Definitivo/span_Fc - Colfondos' is clicked on

2022-03-29 19:26:21 - [TEST_STEP][PASSED] - click(findTestObject("Modulo compensaciones/Terminación_de_Contrato_Definitivo/td_PAGO DE NOMINA")): Object: 'Object Repository/Modulo compensaciones/Terminación_de_Contrato_Definitivo/td_PAGO DE NOMINA' is clicked on

2022-03-29 19:26:22 - [MESSAGE][PASSED] - Object: 'Object Repository/Modulo compensaciones/Terminación_de_Contrato_Definitivo/td_PAGO DE NOMINA' is clicked on

2022-03-29 19:26:22 - [TEST_STEP][PASSED] - click(findTestObject("Modulo compensaciones/Terminación_de_Contrato_Definitivo/a_Sucursal_entidadempleado_formtabj_idt1562")): Object: 'Object Repository/Modulo compensaciones/Terminación_de_Contrato_Definitivo/a_Sucursal_entidadempleado_formtabj_idt1562' is clicked on

2022-03-29 19:26:23 - [MESSAGE][PASSED] - Object: 'Object Repository/Modulo compensaciones/Terminación_de_Contrato_Definitivo/a_Sucursal_entidadempleado_formtabj_idt1562' is clicked on

2022-03-29 19:26:23 - [TEST_STEP][PASSED] - click(findTestObject("Modulo compensaciones/Terminación_de_Contrato_Definitivo/span_Ccf - Cafam")): Object: 'Object Repository/Modulo compensaciones/Terminación_de_Contrato_Definitivo/span_Ccf - Cafam' is clicked on

2022-03-29 19:26:24 - [MESSAGE][PASSED] - Object: 'Object Repository/Modulo compensaciones/Terminación_de_Contrato_Definitivo/span_Ccf - Cafam' is clicked on

2022-03-29 19:26:24 - [TEST_STEP][PASSED] - selectOptionByIndex(findTestObject("Modulo compensaciones/Terminación_de_Contrato_Definitivo/select_--Seleccione--003 Familia Popayan"), 2): All options with index in [2] are selected on object 'Object Repository/Modulo compensaciones/Terminación_de_Contrato_Definitivo/select_--Seleccione--003 Familia Popayan'

2022-03-29 19:26:26 - [MESSAGE][PASSED] - All options with index in [2] are selected on object 'Object Repository/Modulo compensaciones/Terminación_de_Contrato_Definitivo/select_--Seleccione--003 Familia Popayan'

2022-03-29 19:26:26 - [TEST_STEP][PASSED] - setText(findTestObject("Modulo compensaciones/Terminación_de_Contrato_Definitivo/input_Cuenta_entidadempleado_formtabtablaCampos0referencia"), "12345678910"): Text '12345678910' is set on object 'Object Repository/Modulo compensaciones/Terminación_de_Contrato_Definitivo/input_Cuenta_entidadempleado_formtabtablaCampos0referencia'

2022-03-29 19:26:27 - [MESSAGE][PASSED] - Text '12345678910' is set on object 'Object Repository/Modulo compensaciones/Terminación_de_Contrato_Definitivo/input_Cuenta_entidadempleado_formtabtablaCampos0referencia'

2022-03-29 19:26:27 - [TEST_STEP][PASSED] - setText(findTestObject("Modulo compensaciones/Terminación_de_Contrato_Definitivo/input_Bco Destino_entidadempleado_formtabtablaCampos1valor"), "5"): Text '5' is set on object 'Object Repository/Modulo compensaciones/Terminación_de_Contrato_Definitivo/input_Bco Destino_entidadempleado_formtabtablaCampos1valor'

2022-03-29 19:26:28 - [MESSAGE][PASSED] - Text '5' is set on object 'Object Repository/Modulo compensaciones/Terminación_de_Contrato_Definitivo/input_Bco Destino_entidadempleado_formtabtablaCampos1valor'

2022-03-29 19:26:28 - [TEST_STEP][PASSED] - setText(findTestObject("Modulo compensaciones/Terminación_de_Contrato_Definitivo/input_Tipo de cuenta_entidadempleado_formtabtablaCampos2sucReferencia"), "Corriente"): Text 'Corriente' is set on object 'Object Repository/Modulo compensaciones/Terminación_de_Contrato_Definitivo/input_Tipo de cuenta_entidadempleado_formtabtablaCampos2sucReferencia'

2022-03-29 19:26:29 - [MESSAGE][PASSED] - Text 'Corriente' is set on object 'Object Repository/Modulo compensaciones/Terminación_de_Contrato_Definitivo/input_Tipo de cuenta_entidadempleado_formtabtablaCampos2sucReferencia'

2022-03-29 19:26:29 - [TEST_STEP][PASSED] - setText(findTestObject("Modulo compensaciones/Terminación_de_Contrato_Definitivo/input_Tipo Cuenta 1ahorro 2 corr_entidadempleado_formtabtablaCampos4tipo"), "1"): Text '1' is set on object 'Object Repository/Modulo compensaciones/Terminación_de_Contrato_Definitivo/input_Tipo Cuenta 1ahorro 2 corr_entidadempleado_formtabtablaCampos4tipo'

2022-03-29 19:26:30 - [MESSAGE][PASSED] - Text '1' is set on object 'Object Repository/Modulo compensaciones/Terminación_de_Contrato_Definitivo/input_Tipo Cuenta 1ahorro 2 corr_entidadempleado_formtabtablaCampos4tipo'

2022-03-29 19:26:30 - [TEST_STEP][PASSED] - click(findTestObject("Modulo compensaciones/Terminación_de_Contrato_Definitivo/a_Aplicar2")): Object: 'Object Repository/Modulo compensaciones/Terminación_de_Contrato_Definitivo/a_Aplicar2' is clicked on

2022-03-29 19:26:30 - [MESSAGE][PASSED] - Object: 'Object Repository/Modulo compensaciones/Terminación_de_Contrato_Definitivo/a_Aplicar2' is clicked on

2022-03-29 19:26:30 - [TEST_STEP][PASSED] - click(findTestObject("1-OBJECTS TAREAS PRINCIPALES/Modulo Tarea Actos Administrativos/Elaboracion Acto Cambio de Empleado/span_CAJA DE COMPENSACION")): Object: 'Object Repository/1-OBJECTS TAREAS PRINCIPALES/Modulo Tarea Actos Administrativos/Elaboracion Acto Cambio de Empleado/span_CAJA DE COMPENSACION' is clicked on

2022-03-29 19:26:31 - [MESSAGE][PASSED] - Object: 'Object Repository/1-OBJECTS TAREAS PRINCIPALES/Modulo Tarea Actos Administrativos/Elaboracion Acto Cambio de Empleado/span_CAJA DE COMPENSACION' is clicked on

2022-03-29 19:26:31 - [TEST_STEP][PASSED] - click(findTestObject("Modulo compensaciones/Terminación_de_Contrato_Definitivo/span_Ccf - Compensar")): Object: 'Object Repository/Modulo compensaciones/Terminación_de_Contrato_Definitivo/span_Ccf - Compensar' is clicked on

2022-03-29 19:26:32 - [MESSAGE][PASSED] - Object: 'Object Repository/Modulo compensaciones/Terminación_de_Contrato_Definitivo/span_Ccf - Compensar' is clicked on

2022-03-29 19:26:32 - [TEST_STEP][PASSED] - click(findTestObject("Modulo compensaciones/Terminación_de_Contrato_Definitivo/a_Continuar")): Object: 'Object Repository/Modulo compensaciones/Terminación_de_Contrato_Definitivo/a_Continuar' is clicked on

2022-03-29 19:26:33 - [MESSAGE][PASSED] - Object: 'Object Repository/Modulo compensaciones/Terminación_de_Contrato_Definitivo/a_Continuar' is clicked on

2022-03-29 19:26:33 - [TEST_STEP][PASSED] - Puesto0 = getText(findTestObject("Modulo compensaciones/Terminación_de_Contrato_Definitivo/td_10247")): Text of object 'Object Repository/Modulo compensaciones/Terminación_de_Contrato_Definitivo/td_10247' is: '3334'

2022-03-29 19:26:34 - [MESSAGE][PASSED] - Text of object 'Object Repository/Modulo compensaciones/Terminación_de_Contrato_Definitivo/td_10247' is: '3334'

2022-03-29 19:26:34 - [TEST_STEP][PASSED] - click(findTestObject("Modulo compensaciones/Terminación_de_Contrato_Definitivo/td_10247")): Object: 'Object Repository/Modulo compensaciones/Terminación_de_Contrato_Definitivo/td_10247' is clicked on

2022-03-29 19:26:34 - [MESSAGE][PASSED] - Object: 'Object Repository/Modulo compensaciones/Terminación_de_Contrato_Definitivo/td_10247' is clicked on

2022-03-29 19:26:34 - [TEST_STEP][PASSED] - click(findTestObject("Modulo compensaciones/Terminación_de_Contrato_Definitivo/a_Actualizar(1)")): Object: 'Object Repository/Modulo compensaciones/Terminación_de_Contrato_Definitivo/a_Actualizar(1)' is clicked on

2022-03-29 19:26:35 - [MESSAGE][PASSED] - Object: 'Object Repository/Modulo compensaciones/Terminación_de_Contrato_Definitivo/a_Actualizar(1)' is clicked on

2022-03-29 19:26:35 - [TEST_STEP][PASSED] - selectOptionByIndex(findTestObject("Modulo compensaciones/Terminación_de_Contrato_Definitivo/select_NOMINA MENSUALNOMINA QUINCENAL"), 2): All options with index in [2] are selected on object 'Object Repository/Modulo compensaciones/Terminación_de_Contrato_Definitivo/select_NOMINA MENSUALNOMINA QUINCENAL'

2022-03-29 19:26:36 - [MESSAGE][PASSED] - All options with index in [2] are selected on object 'Object Repository/Modulo compensaciones/Terminación_de_Contrato_Definitivo/select_NOMINA MENSUALNOMINA QUINCENAL'

2022-03-29 19:26:36 - [TEST_STEP][PASSED] - selectOptionByIndex(findTestObject("Modulo compensaciones/Terminación_de_Contrato_Definitivo/select_ADMINISTRATIVOSAPRENDICESEMPLEADOFBROLESTSMECANICOS"), 1): All options with index in [1] are selected on object 'Object Repository/Modulo compensaciones/Terminación_de_Contrato_Definitivo/select_ADMINISTRATIVOSAPRENDICESEMPLEADOFBROLESTSMECANICOS'

2022-03-29 19:26:38 - [MESSAGE][PASSED] - All options with index in [1] are selected on object 'Object Repository/Modulo compensaciones/Terminación_de_Contrato_Definitivo/select_ADMINISTRATIVOSAPRENDICESEMPLEADOFBROLESTSMECANICOS'

2022-03-29 19:26:38 - [TEST_STEP][PASSED] - click(findTestObject("Modulo compensaciones/Terminación_de_Contrato_Definitivo/a_Continuar")): Object: 'Object Repository/Modulo compensaciones/Terminación_de_Contrato_Definitivo/a_Continuar' is clicked on

2022-03-29 19:26:38 - [MESSAGE][PASSED] - Object: 'Object Repository/Modulo compensaciones/Terminación_de_Contrato_Definitivo/a_Continuar' is clicked on

2022-03-29 19:26:38 - [TEST_STEP][PASSED] - click(findTestObject("Modulo compensaciones/Terminación_de_Contrato_Definitivo/a_Descargar pdf")): Object: 'Object Repository/Modulo compensaciones/Terminación_de_Contrato_Definitivo/a_Descargar pdf' is clicked on

2022-03-29 19:26:40 - [MESSAGE][PASSED] - Object: 'Object Repository/Modulo compensaciones/Terminación_de_Contrato_Definitivo/a_Descargar pdf' is clicked on

2022-03-29 19:26:40 - [TEST_STEP][PASSED] - switchToWindowTitle("SARA"): Switched to window with title: 'SARA'

2022-03-29 19:26:40 - [MESSAGE][PASSED] - Switched to window with title: 'SARA'

2022-03-29 19:26:40 - [TEST_STEP][PASSED] - click(findTestObject("Modulo compensaciones/Terminación_de_Contrato_Definitivo/a_Aplicar - Copy")): Object: 'Object Repository/Modulo compensaciones/Terminación_de_Contrato_Definitivo/a_Aplicar - Copy' is clicked on

2022-03-29 19:26:40 - [MESSAGE][PASSED] - Object: 'Object Repository/Modulo compensaciones/Terminación_de_Contrato_Definitivo/a_Aplicar - Copy' is clicked on

2022-03-29 19:26:40 - [TEST_STEP][PASSED] - click(findTestObject("Modulo compensaciones/Terminación_de_Contrato_Definitivo/a_Cancelar")): Object: 'Object Repository/Modulo compensaciones/Terminación_de_Contrato_Definitivo/a_Cancelar' is clicked on

2022-03-29 19:26:42 - [MESSAGE][PASSED] - Object: 'Object Repository/Modulo compensaciones/Terminación_de_Contrato_Definitivo/a_Cancelar' is clicked on

2022-03-29 19:26:42 - [TEST_STEP][PASSED] - setText(findTestObject("Modulo compensaciones/Terminación_de_Contrato_Definitivo/input_Empresa 1_form_templatej_idt24_input"), "Actos administrativos"): Text 'Actos administrativos' is set on object 'Object Repository/Modulo compensaciones/Terminación_de_Contrato_Definitivo/input_Empresa 1_form_templatej_idt24_input'

2022-03-29 19:26:43 - [MESSAGE][PASSED] - Text 'Actos administrativos' is set on object 'Object Repository/Modulo compensaciones/Terminación_de_Contrato_Definitivo/input_Empresa 1_form_templatej_idt24_input'

2022-03-29 19:26:43 - [TEST_STEP][PASSED] - click(findTestObject("Modulo compensaciones/Terminación_de_Contrato_Definitivo/span_Actos Administrativos")): Object: 'Object Repository/Modulo compensaciones/Terminación_de_Contrato_Definitivo/span_Actos Administrativos' is clicked on

2022-03-29 19:26:45 - [MESSAGE][PASSED] - Object: 'Object Repository/Modulo compensaciones/Terminación_de_Contrato_Definitivo/span_Actos Administrativos' is clicked on

2022-03-29 19:26:45 - [TEST_STEP][PASSED] - click(findTestObject("Modulo compensaciones/Terminación_de_Contrato_Definitivo/span_Actos de Retiro del empleado")): Object: 'Object Repository/Modulo compensaciones/Terminación_de_Contrato_Definitivo/span_Actos de Retiro del empleado' is clicked on

2022-03-29 19:26:46 - [MESSAGE][PASSED] - Object: 'Object Repository/Modulo compensaciones/Terminación_de_Contrato_Definitivo/span_Actos de Retiro del empleado' is clicked on

2022-03-29 19:26:46 - [TEST_STEP][PASSED] - click(findTestObject("Modulo compensaciones/Terminación_de_Contrato_Definitivo/a_Actos de Retiro del empleado_form_ActosAdministrativostabla_principal_10j_idt79")): Object: 'Object Repository/Modulo compensaciones/Terminación_de_Contrato_Definitivo/a_Actos de Retiro del empleado_form_ActosAdministrativostabla_principal_10j_idt79' is clicked on

2022-03-29 19:26:46 - [MESSAGE][PASSED] - Object: 'Object Repository/Modulo compensaciones/Terminación_de_Contrato_Definitivo/a_Actos de Retiro del empleado_form_ActosAdministrativostabla_principal_10j_idt79' is clicked on

2022-03-29 19:26:46 - [TEST_STEP][PASSED] - click(findTestObject("Modulo compensaciones/Terminación_de_Contrato_Definitivo/span_terminacion de contrato")): Object: 'Object Repository/Modulo compensaciones/Terminación_de_Contrato_Definitivo/span_terminacion de contrato' is clicked on

2022-03-29 19:26:47 - [MESSAGE][PASSED] - Object: 'Object Repository/Modulo compensaciones/Terminación_de_Contrato_Definitivo/span_terminacion de contrato' is clicked on

2022-03-29 19:26:47 - [TEST_STEP][PASSED] - click(findTestObject("Modulo compensaciones/Terminación_de_Contrato_Definitivo/a_Elaboracin_form_popupSeleccionDerogarj_idt138")): Object: 'Object Repository/Modulo compensaciones/Terminación_de_Contrato_Definitivo/a_Elaboracin_form_popupSeleccionDerogarj_idt138' is clicked on

2022-03-29 19:26:48 - [MESSAGE][PASSED] - Object: 'Object Repository/Modulo compensaciones/Terminación_de_Contrato_Definitivo/a_Elaboracin_form_popupSeleccionDerogarj_idt138' is clicked on

2022-03-29 19:26:48 - [TEST_STEP][PASSED] - click(findTestObject("Modulo compensaciones/Terminación_de_Contrato_Definitivo/a_Identificacin_form_actoAusentismoj_idt938")): Object: 'Object Repository/Modulo compensaciones/Terminación_de_Contrato_Definitivo/a_Identificacin_form_actoAusentismoj_idt938' is clicked on

2022-03-29 19:26:49 - [MESSAGE][PASSED] - Object: 'Object Repository/Modulo compensaciones/Terminación_de_Contrato_Definitivo/a_Identificacin_form_actoAusentismoj_idt938' is clicked on

2022-03-29 19:26:49 - [TEST_STEP][PASSED] - setText(findTestObject("Modulo compensaciones/Terminación_de_Contrato_Definitivo/input_Filtro Empleado_form_popupEmpleadoj_idt1208"), identificacion): Text '2386173' is set on object 'Object Repository/Modulo compensaciones/Terminación_de_Contrato_Definitivo/input_Filtro Empleado_form_popupEmpleadoj_idt1208'

2022-03-29 19:26:50 - [MESSAGE][PASSED] - Text '2386173' is set on object 'Object Repository/Modulo compensaciones/Terminación_de_Contrato_Definitivo/input_Filtro Empleado_form_popupEmpleadoj_idt1208'

2022-03-29 19:26:50 - [TEST_STEP][PASSED] - sendKeys(findTestObject("Modulo compensaciones/Terminación_de_Contrato_Definitivo/input_Filtro Empleado_form_popupEmpleadoj_idt1208"), Keys.chord(ENTER)): Keys 'ENTER + ' sent to object: 'Object Repository/Modulo compensaciones/Terminación_de_Contrato_Definitivo/input_Filtro Empleado_form_popupEmpleadoj_idt1208'

2022-03-29 19:26:51 - [MESSAGE][PASSED] - Keys 'ENTER + ' sent to object: 'Object Repository/Modulo compensaciones/Terminación_de_Contrato_Definitivo/input_Filtro Empleado_form_popupEmpleadoj_idt1208'

2022-03-29 19:26:51 - [TEST_STEP][PASSED] - click(findTestObject("Modulo compensaciones/Terminación_de_Contrato_Definitivo/span_Chandler Francis 149223e7")): Object: 'Object Repository/Modulo compensaciones/Terminación_de_Contrato_Definitivo/span_Chandler Francis 149223e7' is clicked on

2022-03-29 19:26:52 - [MESSAGE][PASSED] - Object: 'Object Repository/Modulo compensaciones/Terminación_de_Contrato_Definitivo/span_Chandler Francis 149223e7' is clicked on

2022-03-29 19:26:52 - [TEST_STEP][PASSED] - click(findTestObject("Modulo compensaciones/Terminación_de_Contrato_Definitivo/a_Continuar0")): Object: 'Object Repository/Modulo compensaciones/Terminación_de_Contrato_Definitivo/a_Continuar0' is clicked on

2022-03-29 19:26:53 - [MESSAGE][PASSED] - Object: 'Object Repository/Modulo compensaciones/Terminación_de_Contrato_Definitivo/a_Continuar0' is clicked on

2022-03-29 19:26:53 - [TEST_STEP][PASSED] - setText(findTestObject("Modulo compensaciones/Terminación_de_Contrato_Definitivo/input__form_actoAusentismoj_idt15770fecha_input"), "02/07/2021"): Text '02/07/2021' is set on object 'Object Repository/Modulo compensaciones/Terminación_de_Contrato_Definitivo/input__form_actoAusentismoj_idt15770fecha_input'

2022-03-29 19:26:54 - [MESSAGE][PASSED] - Text '02/07/2021' is set on object 'Object Repository/Modulo compensaciones/Terminación_de_Contrato_Definitivo/input__form_actoAusentismoj_idt15770fecha_input'

2022-03-29 19:26:54 - [TEST_STEP][PASSED] - click(findTestObject("Modulo compensaciones/Terminación_de_Contrato_Definitivo/a_Continuar1")): Object: 'Object Repository/Modulo compensaciones/Terminación_de_Contrato_Definitivo/a_Continuar1' is clicked on

2022-03-29 19:26:55 - [MESSAGE][PASSED] - Object: 'Object Repository/Modulo compensaciones/Terminación_de_Contrato_Definitivo/a_Continuar1' is clicked on

2022-03-29 19:26:55 - [TEST_STEP][PASSED] - click(findTestObject("Modulo compensaciones/Terminación_de_Contrato_Definitivo/a_Aplicar1")): Object: 'Object Repository/Modulo compensaciones/Terminación_de_Contrato_Definitivo/a_Aplicar1' is clicked on

2022-03-29 19:26:55 - [MESSAGE][PASSED] - Object: 'Object Repository/Modulo compensaciones/Terminación_de_Contrato_Definitivo/a_Aplicar1' is clicked on

2022-03-29 19:26:55 - [TEST_STEP][PASSED] - click(findTestObject("Modulo compensaciones/Terminación_de_Contrato_Definitivo/span_Si1")): Object: 'Object Repository/Modulo compensaciones/Terminación_de_Contrato_Definitivo/span_Si1' is clicked on

2022-03-29 19:26:56 - [MESSAGE][PASSED] - Object: 'Object Repository/Modulo compensaciones/Terminación_de_Contrato_Definitivo/span_Si1' is clicked on

2022-03-29 19:26:56 - [TEST_STEP][PASSED] - click(findTestObject("Modulo compensaciones/Terminación_de_Contrato_Definitivo/a_Aceptar1")): Object: 'Object Repository/Modulo compensaciones/Terminación_de_Contrato_Definitivo/a_Aceptar1' is clicked on

2022-03-29 19:26:57 - [MESSAGE][PASSED] - Object: 'Object Repository/Modulo compensaciones/Terminación_de_Contrato_Definitivo/a_Aceptar1' is clicked on

2022-03-29 19:26:57 - [TEST_STEP][PASSED] - click(findTestObject("Modulo compensaciones/Terminación_de_Contrato_Definitivo/a_Eliminar_form_ActosAdministrativostabla_principal_12j_idt79")): Object: 'Object Repository/Modulo compensaciones/Terminación_de_Contrato_Definitivo/a_Eliminar_form_ActosAdministrativostabla_principal_12j_idt79' is clicked on

2022-03-29 19:26:58 - [MESSAGE][PASSED] - Object: 'Object Repository/Modulo compensaciones/Terminación_de_Contrato_Definitivo/a_Eliminar_form_ActosAdministrativostabla_principal_12j_idt79' is clicked on

2022-03-29 19:26:58 - [TEST_STEP][PASSED] - setText(findTestObject("Modulo compensaciones/Terminación_de_Contrato_Definitivo/input_Filter by Identificacin_form_ActosAdministrativostabla_principal_actosj_idt118filter"), identificacion): Text '2386173' is set on object 'Object Repository/Modulo compensaciones/Terminación_de_Contrato_Definitivo/input_Filter by Identificacin_form_ActosAdministrativostabla_principal_actosj_idt118filter'

2022-03-29 19:26:59 - [MESSAGE][PASSED] - Text '2386173' is set on object 'Object Repository/Modulo compensaciones/Terminación_de_Contrato_Definitivo/input_Filter by Identificacin_form_ActosAdministrativostabla_principal_actosj_idt118filter'

2022-03-29 19:26:59 - [TEST_STEP][PASSED] - click(findTestObject("Modulo compensaciones/Terminación_de_Contrato_Definitivo/td_Cc")): Object: 'Object Repository/Modulo compensaciones/Terminación_de_Contrato_Definitivo/td_Cc' is clicked on

2022-03-29 19:27:00 - [MESSAGE][PASSED] - Object: 'Object Repository/Modulo compensaciones/Terminación_de_Contrato_Definitivo/td_Cc' is clicked on

2022-03-29 19:27:00 - [TEST_STEP][PASSED] - click(findTestObject("Modulo compensaciones/Terminación_de_Contrato_Definitivo/a_Continuar3")): Object: 'Object Repository/Modulo compensaciones/Terminación_de_Contrato_Definitivo/a_Continuar3' is clicked on

2022-03-29 19:27:01 - [MESSAGE][PASSED] - Object: 'Object Repository/Modulo compensaciones/Terminación_de_Contrato_Definitivo/a_Continuar3' is clicked on

2022-03-29 19:27:01 - [TEST_STEP][PASSED] - click(findTestObject("Modulo compensaciones/Terminación_de_Contrato_Definitivo/a_Aplicar3")): Object: 'Object Repository/Modulo compensaciones/Terminación_de_Contrato_Definitivo/a_Aplicar3' is clicked on

2022-03-29 19:27:01 - [MESSAGE][PASSED] - Object: 'Object Repository/Modulo compensaciones/Terminación_de_Contrato_Definitivo/a_Aplicar3' is clicked on

2022-03-29 19:27:01 - [TEST_STEP][PASSED] - click(findTestObject("Modulo compensaciones/Terminación_de_Contrato_Definitivo/span_Si3")): Object: 'Object Repository/Modulo compensaciones/Terminación_de_Contrato_Definitivo/span_Si3' is clicked on

2022-03-29 19:27:02 - [MESSAGE][PASSED] - Object: 'Object Repository/Modulo compensaciones/Terminación_de_Contrato_Definitivo/span_Si3' is clicked on

2022-03-29 19:27:02 - [TEST_STEP][PASSED] - click(findTestObject("Modulo compensaciones/Terminación_de_Contrato_Definitivo/label_EL SISTEMA HA GENERADO EL ACTO ADMINISTRATIVO CORRECTAMENTE")): Object: 'Object Repository/Modulo compensaciones/Terminación_de_Contrato_Definitivo/label_EL SISTEMA HA GENERADO EL ACTO ADMINISTRATIVO CORRECTAMENTE' is clicked on

2022-03-29 19:27:03 - [MESSAGE][PASSED] - Object: 'Object Repository/Modulo compensaciones/Terminación_de_Contrato_Definitivo/label_EL SISTEMA HA GENERADO EL ACTO ADMINISTRATIVO CORRECTAMENTE' is clicked on

2022-03-29 19:27:03 - [TEST_STEP][PASSED] - click(findTestObject("Modulo compensaciones/Terminación_de_Contrato_Definitivo/a_Aceptar3")): Object: 'Object Repository/Modulo compensaciones/Terminación_de_Contrato_Definitivo/a_Aceptar3' is clicked on

2022-03-29 19:27:04 - [MESSAGE][PASSED] - Object: 'Object Repository/Modulo compensaciones/Terminación_de_Contrato_Definitivo/a_Aceptar3' is clicked on

2022-03-29 19:27:04 - [TEST_STEP][PASSED] - setText(findTestObject("Modulo compensaciones/Terminación_de_Contrato_Definitivo/input_Empresa 1_form_templatej_idt24_input"), "Listado de Empleados"): Text 'Listado de Empleados' is set on object 'Object Repository/Modulo compensaciones/Terminación_de_Contrato_Definitivo/input_Empresa 1_form_templatej_idt24_input'

2022-03-29 19:27:05 - [MESSAGE][PASSED] - Text 'Listado de Empleados' is set on object 'Object Repository/Modulo compensaciones/Terminación_de_Contrato_Definitivo/input_Empresa 1_form_templatej_idt24_input'

2022-03-29 19:27:05 - [TEST_STEP][PASSED] - click(findTestObject("Modulo compensaciones/Terminación_de_Contrato_Definitivo/span_Empleados")): Object: 'Object Repository/Modulo compensaciones/Terminación_de_Contrato_Definitivo/span_Empleados' is clicked on

2022-03-29 19:27:07 - [MESSAGE][PASSED] - Object: 'Object Repository/Modulo compensaciones/Terminación_de_Contrato_Definitivo/span_Empleados' is clicked on

2022-03-29 19:27:07 - [TEST_STEP][PASSED] - setText(findTestObject("Modulo compensaciones/Terminación_de_Contrato_Definitivo/input_Identificacin_listadoEmpleadoIdentificacionEmpleado"), identificacion): Text '2386173' is set on object 'Object Repository/Modulo compensaciones/Terminación_de_Contrato_Definitivo/input_Identificacin_listadoEmpleadoIdentificacionEmpleado'

2022-03-29 19:27:09 - [MESSAGE][PASSED] - Text '2386173' is set on object 'Object Repository/Modulo compensaciones/Terminación_de_Contrato_Definitivo/input_Identificacin_listadoEmpleadoIdentificacionEmpleado'

2022-03-29 19:27:09 - [TEST_STEP][PASSED] - sendKeys(findTestObject("Modulo compensaciones/Terminación_de_Contrato_Definitivo/input_Identificacin_listadoEmpleadoIdentificacionEmpleado"), Keys.chord(ENTER)): Keys 'ENTER + ' sent to object: 'Object Repository/Modulo compensaciones/Terminación_de_Contrato_Definitivo/input_Identificacin_listadoEmpleadoIdentificacionEmpleado'

2022-03-29 19:27:09 - [MESSAGE][PASSED] - Keys 'ENTER + ' sent to object: 'Object Repository/Modulo compensaciones/Terminación_de_Contrato_Definitivo/input_Identificacin_listadoEmpleadoIdentificacionEmpleado'

2022-03-29 19:27:09 - [TEST_STEP][PASSED] - click(findTestObject("Modulo compensaciones/Terminación_de_Contrato_Definitivo/span_Chandler Francis_listado empleados")): Object: 'Object Repository/Modulo compensaciones/Terminación_de_Contrato_Definitivo/span_Chandler Francis_listado empleados' is clicked on

2022-03-29 19:27:10 - [MESSAGE][PASSED] - Object: 'Object Repository/Modulo compensaciones/Terminación_de_Contrato_Definitivo/span_Chandler Francis_listado empleados' is clicked on

2022-03-29 19:27:10 - [TEST_STEP][PASSED] - click(findTestObject("Modulo compensaciones/Terminación_de_Contrato_Definitivo/a_Terminar Contrato")): Object: 'Object Repository/Modulo compensaciones/Terminación_de_Contrato_Definitivo/a_Terminar Contrato' is clicked on

2022-03-29 19:27:11 - [MESSAGE][PASSED] - Object: 'Object Repository/Modulo compensaciones/Terminación_de_Contrato_Definitivo/a_Terminar Contrato' is clicked on

2022-03-29 19:27:11 - [TEST_STEP][PASSED] - click(findTestObject("Modulo compensaciones/Terminación_de_Contrato_Definitivo/span_Liquidar")): Object: 'Object Repository/Modulo compensaciones/Terminación_de_Contrato_Definitivo/span_Liquidar' is clicked on

2022-03-29 19:27:12 - [MESSAGE][PASSED] - Object: 'Object Repository/Modulo compensaciones/Terminación_de_Contrato_Definitivo/span_Liquidar' is clicked on

2022-03-29 19:27:12 - [TEST_STEP][PASSED] - selectOptionByIndex(findTestObject("Modulo compensaciones/Terminación_de_Contrato_Definitivo/select_SUSTITUCIN PATRONALUNILATERAL DEL EMPLEADOJUSTA CAUSATERMINACION DE CONTRATOSIN JUSTA CAUSAPENSIONMUTUO ACUERDO"), "5"): All options with index in [5] are selected on object 'Object Repository/Modulo compensaciones/Terminación_de_Contrato_Definitivo/select_SUSTITUCIN PATRONALUNILATERAL DEL EMPLEADOJUSTA CAUSATERMINACION DE CONTRATOSIN JUSTA CAUSAPENSIONMUTUO ACUERDO'

2022-03-29 19:27:14 - [MESSAGE][PASSED] - All options with index in [5] are selected on object 'Object Repository/Modulo compensaciones/Terminación_de_Contrato_Definitivo/select_SUSTITUCIN PATRONALUNILATERAL DEL EMPLEADOJUSTA CAUSATERMINACION DE CONTRATOSIN JUSTA CAUSAPENSIONMUTUO ACUERDO'

2022-03-29 19:27:14 - [TEST_STEP][PASSED] - selectOptionByIndex(findTestObject("Modulo compensaciones/Terminación_de_Contrato_Definitivo/select_---SELECCIONE ---DirectoEntidad de PagoPeriodo de Nomina"), 3): All options with index in [3] are selected on object 'Object Repository/Modulo compensaciones/Terminación_de_Contrato_Definitivo/select_---SELECCIONE ---DirectoEntidad de PagoPeriodo de Nomina'

2022-03-29 19:27:15 - [MESSAGE][PASSED] - All options with index in [3] are selected on object 'Object Repository/Modulo compensaciones/Terminación_de_Contrato_Definitivo/select_---SELECCIONE ---DirectoEntidad de PagoPeriodo de Nomina'

2022-03-29 19:27:15 - [TEST_STEP][PASSED] - selectOptionByIndex(findTestObject("Modulo compensaciones/Terminación_de_Contrato_Definitivo/select_--SELECCIONE--PM202106PM202107"), 2): All options with index in [2] are selected on object 'Object Repository/Modulo compensaciones/Terminación_de_Contrato_Definitivo/select_--SELECCIONE--PM202106PM202107'

2022-03-29 19:27:17 - [MESSAGE][PASSED] - All options with index in [2] are selected on object 'Object Repository/Modulo compensaciones/Terminación_de_Contrato_Definitivo/select_--SELECCIONE--PM202106PM202107'

2022-03-29 19:27:17 - [TEST_STEP][PASSED] - click(findTestObject("Modulo compensaciones/Terminación_de_Contrato_Definitivo/span_Calculo Nomina")): Object: 'Object Repository/Modulo compensaciones/Terminación_de_Contrato_Definitivo/span_Calculo Nomina' is clicked on

2022-03-29 19:27:17 - [MESSAGE][PASSED] - Object: 'Object Repository/Modulo compensaciones/Terminación_de_Contrato_Definitivo/span_Calculo Nomina' is clicked on

2022-03-29 19:27:17 - [TEST_STEP][PASSED] - click(findTestObject("Modulo compensaciones/Terminación_de_Contrato_Definitivo/a_Prestaciones Sociales")): Object: 'Object Repository/Modulo compensaciones/Terminación_de_Contrato_Definitivo/a_Prestaciones Sociales' is clicked on

2022-03-29 19:27:18 - [MESSAGE][PASSED] - Object: 'Object Repository/Modulo compensaciones/Terminación_de_Contrato_Definitivo/a_Prestaciones Sociales' is clicked on

2022-03-29 19:27:18 - [TEST_STEP][PASSED] - click(findTestObject("Modulo compensaciones/Terminación_de_Contrato_Definitivo/span_Si")): Object: 'Object Repository/Modulo compensaciones/Terminación_de_Contrato_Definitivo/span_Si' is clicked on

2022-03-29 19:27:19 - [MESSAGE][PASSED] - Object: 'Object Repository/Modulo compensaciones/Terminación_de_Contrato_Definitivo/span_Si' is clicked on

2022-03-29 19:27:19 - [TEST_STEP][PASSED] - click(findTestObject("Modulo compensaciones/Terminación_de_Contrato_Definitivo/a_Reporte")): Object: 'Object Repository/Modulo compensaciones/Terminación_de_Contrato_Definitivo/a_Reporte' is clicked on

2022-03-29 19:27:20 - [MESSAGE][PASSED] - Object: 'Object Repository/Modulo compensaciones/Terminación_de_Contrato_Definitivo/a_Reporte' is clicked on

2022-03-29 19:27:20 - [TEST_STEP][PASSED] - if (waitForElementVisible(findTestObject("Modulo compensaciones/Terminación_de_Contrato_Definitivo/a_Regresar"), 1)): null

2022-03-29 19:27:21 - [MESSAGE][PASSED] - Object 'Object Repository/Modulo compensaciones/Terminación_de_Contrato_Definitivo/a_Regresar' is visible

2022-03-29 19:27:21 - [TEST_STEP][PASSED] - closeBrowser(): Browser is closed

2022-03-29 19:27:22 - [MESSAGE][PASSED] - Browser is closed]]></system-out>
         <system-err><![CDATA[]]></system-err>
      </testcase>
      <testcase name="Test Cases/1.2-Tareas_Secundarias/A.1-Pruebas_compensaciones/11.1.3-Liquidación_Nomina" time="19.617" classname="Test Cases/1.2-Tareas_Secundarias/A.1-Pruebas_compensaciones/11.1.3-Liquidación_Nomina" status="PASSED">
         <system-out><![CDATA[2022-03-29 19:27:22 - [TEST_CASE][PASSED] - Test Cases/1.2-Tareas_Secundarias/A.1-Pruebas_compensaciones/11.1.3-Liquidación_Nomina: Test Cases/1.2-Tareas_Secundarias/A.1-Pruebas_compensaciones/11.1.3-Liquidación_Nomina

2022-03-29 19:27:22 - [TEST_STEP][PASSED] - callTestCase(findTestCase("0.1-Login"), [:], STOP_ON_FAILURE): Call Test Case 'Test Cases/0.1-Login' successfully

2022-03-29 19:27:23 - [TEST_CASE][PASSED] - Test Cases/0.1-Login: Test Cases/0.1-Login

2022-03-29 19:27:23 - [TEST_STEP][PASSED] - openBrowser(""): Browser is opened with url: ''

2022-03-29 19:27:23 - [MESSAGE][INFO] - Starting 'Chrome' driver

2022-03-29 19:27:23 - [MESSAGE][INFO] - Action delay is set to 50 milliseconds

2022-03-29 19:27:24 - [MESSAGE][PASSED] - Browser is opened with url: ''

2022-03-29 19:27:24 - [TEST_STEP][PASSED] - maximizeWindow(): Current window maximized

2022-03-29 19:27:24 - [MESSAGE][PASSED] - Current window maximized

2022-03-29 19:27:24 - [TEST_STEP][PASSED] - i = G_Login: null

2022-03-29 19:27:24 - [TEST_STEP][PASSED] - url = new java.net.URL(i): null

2022-03-29 19:27:24 - [TEST_STEP][PASSED] - println("URL: " + url.toString()): null

2022-03-29 19:27:24 - [TEST_STEP][PASSED] - connection = url.openConnection(): null

2022-03-29 19:27:24 - [TEST_STEP][PASSED] - connection.setRequestMethod("GET"): null

2022-03-29 19:27:24 - [TEST_STEP][PASSED] - connection.setReadTimeout(2 * 1000): null

2022-03-29 19:27:24 - [TEST_STEP][PASSED] - try: null

2022-03-29 19:27:24 - [TEST_STEP][PASSED] - connection.connect(): null

2022-03-29 19:27:24 - [TEST_STEP][PASSED] - flag = connected: null

2022-03-29 19:27:24 - [TEST_STEP][PASSED] - println("Valor_ori: " + flag): null

2022-03-29 19:27:24 - [TEST_STEP][PASSED] - if (flag): null

2022-03-29 19:27:24 - [TEST_STEP][PASSED] - navigateToUrl(i): Navigate to 'http://192.168.2.19:8380/saraweb' successfully

2022-03-29 19:27:25 - [MESSAGE][PASSED] - Navigate to 'http://192.168.2.19:8380/saraweb' successfully

2022-03-29 19:27:25 - [TEST_STEP][PASSED] - a(): null

2022-03-29 19:27:25 - [TEST_STEP][PASSED] - setText(findTestObject("Login/input_USUARIO_loginusuario"), G_Usuario): Text 'saraadmin' is set on object 'Object Repository/Login/input_USUARIO_loginusuario'

2022-03-29 19:27:26 - [MESSAGE][PASSED] - Text 'saraadmin' is set on object 'Object Repository/Login/input_USUARIO_loginusuario'

2022-03-29 19:27:26 - [TEST_STEP][PASSED] - setEncryptedText(findTestObject("Login/input_CLAVE_loginpassword"), "MkG4/TYiCFC3cb2driP7+Q=="): Text ****** has been set on object 'Object Repository/Login/input_CLAVE_loginpassword'

2022-03-29 19:27:26 - [MESSAGE][PASSED] - Text ****** has been set on object 'Object Repository/Login/input_CLAVE_loginpassword'

2022-03-29 19:27:26 - [TEST_STEP][PASSED] - waitForElementClickable(findTestObject("Login/a_Ingresar"), G_TimeOut): Object 'Object Repository/Login/a_Ingresar' is clickable

2022-03-29 19:27:27 - [MESSAGE][PASSED] - Object 'Object Repository/Login/a_Ingresar' is clickable

2022-03-29 19:27:27 - [TEST_STEP][PASSED] - click(findTestObject("Login/a_Ingresar")): Object: 'Object Repository/Login/a_Ingresar' is clicked on

2022-03-29 19:27:28 - [MESSAGE][PASSED] - Object: 'Object Repository/Login/a_Ingresar' is clicked on

2022-03-29 19:27:28 - [TEST_STEP][PASSED] - element = findWebElement(findTestObject("Login/a_Ir"), 30): null

2022-03-29 19:27:28 - [TEST_STEP][PASSED] - executeJavaScript("arguments[0].click()", Arrays.asList(element)): Execute JavaScript 'arguments[0].click()' successfully

2022-03-29 19:27:28 - [MESSAGE][PASSED] - Execute JavaScript 'arguments[0].click()' successfully

2022-03-29 19:27:28 - [MESSAGE][PASSED] - Call Test Case 'Test Cases/0.1-Login' successfully

2022-03-29 19:27:28 - [TEST_STEP][PASSED] - setText(findTestObject("Modulo compensaciones/Liquidación_Nomina/input_Empresa 1_form_templatej_idt24_input"), "Liquidacion Nomina"): Text 'Liquidacion Nomina' is set on object 'Object Repository/Modulo compensaciones/Liquidación_Nomina/input_Empresa 1_form_templatej_idt24_input'

2022-03-29 19:27:30 - [MESSAGE][PASSED] - Text 'Liquidacion Nomina' is set on object 'Object Repository/Modulo compensaciones/Liquidación_Nomina/input_Empresa 1_form_templatej_idt24_input'

2022-03-29 19:27:30 - [TEST_STEP][PASSED] - click(findTestObject("Modulo compensaciones/Liquidación_Nomina/li_Liquidacion Nomina (com)")): Object: 'Object Repository/Modulo compensaciones/Liquidación_Nomina/li_Liquidacion Nomina (com)' is clicked on

2022-03-29 19:27:31 - [MESSAGE][PASSED] - Object: 'Object Repository/Modulo compensaciones/Liquidación_Nomina/li_Liquidacion Nomina (com)' is clicked on

2022-03-29 19:27:31 - [TEST_STEP][PASSED] - click(findTestObject("Modulo compensaciones/Liquidación_Nomina/a_Periodo Nomina_LiquidacionNominaj_idt68")): Object: 'Object Repository/Modulo compensaciones/Liquidación_Nomina/a_Periodo Nomina_LiquidacionNominaj_idt68' is clicked on

2022-03-29 19:27:32 - [MESSAGE][PASSED] - Object: 'Object Repository/Modulo compensaciones/Liquidación_Nomina/a_Periodo Nomina_LiquidacionNominaj_idt68' is clicked on

2022-03-29 19:27:32 - [TEST_STEP][PASSED] - selectOptionByIndex(findTestObject("Modulo compensaciones/Liquidación_Nomina/select_--  Seleccione  --Periodo CerradoPeriodo en Proceso"), 2): All options with index in [2] are selected on object 'Object Repository/Modulo compensaciones/Liquidación_Nomina/select_--  Seleccione  --Periodo CerradoPeriodo en Proceso'

2022-03-29 19:27:33 - [MESSAGE][PASSED] - All options with index in [2] are selected on object 'Object Repository/Modulo compensaciones/Liquidación_Nomina/select_--  Seleccione  --Periodo CerradoPeriodo en Proceso'

2022-03-29 19:27:33 - [TEST_STEP][PASSED] - click(findTestObject("Modulo compensaciones/Liquidación_Nomina/span_P. MensualJulio2021")): Object: 'Object Repository/Modulo compensaciones/Liquidación_Nomina/span_P. MensualJulio2021' is clicked on

2022-03-29 19:27:34 - [MESSAGE][PASSED] - Object: 'Object Repository/Modulo compensaciones/Liquidación_Nomina/span_P. MensualJulio2021' is clicked on

2022-03-29 19:27:34 - [TEST_STEP][PASSED] - setText(findTestObject("Modulo compensaciones/Liquidación_Nomina/input_Nombre Persona_LiquidacionNominaj_idt124"), "1026588953"): Text '1026588953' is set on object 'Object Repository/Modulo compensaciones/Liquidación_Nomina/input_Nombre Persona_LiquidacionNominaj_idt124'

2022-03-29 19:27:36 - [MESSAGE][PASSED] - Text '1026588953' is set on object 'Object Repository/Modulo compensaciones/Liquidación_Nomina/input_Nombre Persona_LiquidacionNominaj_idt124'

2022-03-29 19:27:36 - [TEST_STEP][PASSED] - sendKeys(findTestObject("Modulo compensaciones/Liquidación_Nomina/input_Nombre Persona_LiquidacionNominaj_idt124"), Keys.chord(ENTER)): Keys 'ENTER + ' sent to object: 'Object Repository/Modulo compensaciones/Liquidación_Nomina/input_Nombre Persona_LiquidacionNominaj_idt124'

2022-03-29 19:27:36 - [MESSAGE][PASSED] - Keys 'ENTER + ' sent to object: 'Object Repository/Modulo compensaciones/Liquidación_Nomina/input_Nombre Persona_LiquidacionNominaj_idt124'

2022-03-29 19:27:36 - [TEST_STEP][PASSED] - click(findTestObject("Modulo compensaciones/Liquidación_Nomina/td_Aya Silva Cindy Ximena")): Object: 'Object Repository/Modulo compensaciones/Liquidación_Nomina/td_Aya Silva Cindy Ximena' is clicked on

2022-03-29 19:27:37 - [MESSAGE][PASSED] - Object: 'Object Repository/Modulo compensaciones/Liquidación_Nomina/td_Aya Silva Cindy Ximena' is clicked on

2022-03-29 19:27:37 - [TEST_STEP][PASSED] - click(findTestObject("Modulo compensaciones/Liquidación_Nomina/a_Liquidacin Periodica")): Object: 'Object Repository/Modulo compensaciones/Liquidación_Nomina/a_Liquidacin Periodica' is clicked on

2022-03-29 19:27:38 - [MESSAGE][PASSED] - Object: 'Object Repository/Modulo compensaciones/Liquidación_Nomina/a_Liquidacin Periodica' is clicked on

2022-03-29 19:27:38 - [TEST_STEP][PASSED] - click(findTestObject("Modulo compensaciones/Liquidación_Nomina/span_Prestamo Compaa")): Object: 'Object Repository/Modulo compensaciones/Liquidación_Nomina/span_Prestamo Compaa' is clicked on

2022-03-29 19:27:39 - [MESSAGE][PASSED] - Object: 'Object Repository/Modulo compensaciones/Liquidación_Nomina/span_Prestamo Compaa' is clicked on

2022-03-29 19:27:39 - [TEST_STEP][PASSED] - click(findTestObject("Modulo compensaciones/Liquidación_Nomina/a_Ver")): Object: 'Object Repository/Modulo compensaciones/Liquidación_Nomina/a_Ver' is clicked on

2022-03-29 19:27:40 - [MESSAGE][PASSED] - Object: 'Object Repository/Modulo compensaciones/Liquidación_Nomina/a_Ver' is clicked on

2022-03-29 19:27:40 - [TEST_STEP][PASSED] - if (waitForElementVisible(findTestObject("Modulo compensaciones/Liquidación_Nomina/a_Pagos o Descuentos Extra"), 1)): null

2022-03-29 19:27:41 - [MESSAGE][PASSED] - Object 'Object Repository/Modulo compensaciones/Liquidación_Nomina/a_Pagos o Descuentos Extra' is visible

2022-03-29 19:27:41 - [TEST_STEP][PASSED] - closeBrowser(): Browser is closed

2022-03-29 19:27:42 - [MESSAGE][PASSED] - Browser is closed]]></system-out>
         <system-err><![CDATA[]]></system-err>
      </testcase>
      <testcase name="Test Cases/1.2-Tareas_Secundarias/A.1-Pruebas_compensaciones/11.1.4-Fuente_General" time="23.846" classname="Test Cases/1.2-Tareas_Secundarias/A.1-Pruebas_compensaciones/11.1.4-Fuente_General" status="PASSED">
         <system-out><![CDATA[2022-03-29 19:27:42 - [TEST_CASE][PASSED] - Test Cases/1.2-Tareas_Secundarias/A.1-Pruebas_compensaciones/11.1.4-Fuente_General: Test Cases/1.2-Tareas_Secundarias/A.1-Pruebas_compensaciones/11.1.4-Fuente_General

2022-03-29 19:27:42 - [TEST_STEP][PASSED] - callTestCase(findTestCase("0.1-Login"), [:], STOP_ON_FAILURE): Call Test Case 'Test Cases/0.1-Login' successfully

2022-03-29 19:27:42 - [TEST_CASE][PASSED] - Test Cases/0.1-Login: Test Cases/0.1-Login

2022-03-29 19:27:42 - [TEST_STEP][PASSED] - openBrowser(""): Browser is opened with url: ''

2022-03-29 19:27:42 - [MESSAGE][INFO] - Starting 'Chrome' driver

2022-03-29 19:27:42 - [MESSAGE][INFO] - Action delay is set to 50 milliseconds

2022-03-29 19:27:43 - [MESSAGE][PASSED] - Browser is opened with url: ''

2022-03-29 19:27:43 - [TEST_STEP][PASSED] - maximizeWindow(): Current window maximized

2022-03-29 19:27:44 - [MESSAGE][PASSED] - Current window maximized

2022-03-29 19:27:44 - [TEST_STEP][PASSED] - i = G_Login: null

2022-03-29 19:27:44 - [TEST_STEP][PASSED] - url = new java.net.URL(i): null

2022-03-29 19:27:44 - [TEST_STEP][PASSED] - println("URL: " + url.toString()): null

2022-03-29 19:27:44 - [TEST_STEP][PASSED] - connection = url.openConnection(): null

2022-03-29 19:27:44 - [TEST_STEP][PASSED] - connection.setRequestMethod("GET"): null

2022-03-29 19:27:44 - [TEST_STEP][PASSED] - connection.setReadTimeout(2 * 1000): null

2022-03-29 19:27:44 - [TEST_STEP][PASSED] - try: null

2022-03-29 19:27:44 - [TEST_STEP][PASSED] - connection.connect(): null

2022-03-29 19:27:44 - [TEST_STEP][PASSED] - flag = connected: null

2022-03-29 19:27:44 - [TEST_STEP][PASSED] - println("Valor_ori: " + flag): null

2022-03-29 19:27:44 - [TEST_STEP][PASSED] - if (flag): null

2022-03-29 19:27:44 - [TEST_STEP][PASSED] - navigateToUrl(i): Navigate to 'http://192.168.2.19:8380/saraweb' successfully

2022-03-29 19:27:44 - [MESSAGE][PASSED] - Navigate to 'http://192.168.2.19:8380/saraweb' successfully

2022-03-29 19:27:44 - [TEST_STEP][PASSED] - a(): null

2022-03-29 19:27:44 - [TEST_STEP][PASSED] - setText(findTestObject("Login/input_USUARIO_loginusuario"), G_Usuario): Text 'saraadmin' is set on object 'Object Repository/Login/input_USUARIO_loginusuario'

2022-03-29 19:27:45 - [MESSAGE][PASSED] - Text 'saraadmin' is set on object 'Object Repository/Login/input_USUARIO_loginusuario'

2022-03-29 19:27:45 - [TEST_STEP][PASSED] - setEncryptedText(findTestObject("Login/input_CLAVE_loginpassword"), "MkG4/TYiCFC3cb2driP7+Q=="): Text ****** has been set on object 'Object Repository/Login/input_CLAVE_loginpassword'

2022-03-29 19:27:46 - [MESSAGE][PASSED] - Text ****** has been set on object 'Object Repository/Login/input_CLAVE_loginpassword'

2022-03-29 19:27:46 - [TEST_STEP][PASSED] - waitForElementClickable(findTestObject("Login/a_Ingresar"), G_TimeOut): Object 'Object Repository/Login/a_Ingresar' is clickable

2022-03-29 19:27:46 - [MESSAGE][PASSED] - Object 'Object Repository/Login/a_Ingresar' is clickable

2022-03-29 19:27:46 - [TEST_STEP][PASSED] - click(findTestObject("Login/a_Ingresar")): Object: 'Object Repository/Login/a_Ingresar' is clicked on

2022-03-29 19:27:48 - [MESSAGE][PASSED] - Object: 'Object Repository/Login/a_Ingresar' is clicked on

2022-03-29 19:27:48 - [TEST_STEP][PASSED] - element = findWebElement(findTestObject("Login/a_Ir"), 30): null

2022-03-29 19:27:48 - [TEST_STEP][PASSED] - executeJavaScript("arguments[0].click()", Arrays.asList(element)): Execute JavaScript 'arguments[0].click()' successfully

2022-03-29 19:27:48 - [MESSAGE][PASSED] - Execute JavaScript 'arguments[0].click()' successfully

2022-03-29 19:27:48 - [MESSAGE][PASSED] - Call Test Case 'Test Cases/0.1-Login' successfully

2022-03-29 19:27:48 - [TEST_STEP][PASSED] - setText(findTestObject("Modulo compensaciones/Fuente_General/input_Empresa 1_form_templatej_idt24_input"), "importar fuente general"): Text 'importar fuente general' is set on object 'Object Repository/Modulo compensaciones/Fuente_General/input_Empresa 1_form_templatej_idt24_input'

2022-03-29 19:27:49 - [MESSAGE][PASSED] - Text 'importar fuente general' is set on object 'Object Repository/Modulo compensaciones/Fuente_General/input_Empresa 1_form_templatej_idt24_input'

2022-03-29 19:27:49 - [TEST_STEP][PASSED] - click(findTestObject("Modulo compensaciones/Fuente_General/li_fuente general (gna)")): Object: 'Object Repository/Modulo compensaciones/Fuente_General/li_fuente general (gna)' is clicked on

2022-03-29 19:27:51 - [MESSAGE][PASSED] - Object: 'Object Repository/Modulo compensaciones/Fuente_General/li_fuente general (gna)' is clicked on

2022-03-29 19:27:51 - [TEST_STEP][PASSED] - setText(findTestObject("1-OBJECTS TAREAS PRINCIPALES/Modulo Tarea Sara General/Importar Fuente General/input_Procesos Generados_formImportarListadoFuentej_idt67"), "Creación prestamos"): Text 'Creación prestamos' is set on object 'Object Repository/1-OBJECTS TAREAS PRINCIPALES/Modulo Tarea Sara General/Importar Fuente General/input_Procesos Generados_formImportarListadoFuentej_idt67'

2022-03-29 19:27:52 - [MESSAGE][PASSED] - Text 'Creación prestamos' is set on object 'Object Repository/1-OBJECTS TAREAS PRINCIPALES/Modulo Tarea Sara General/Importar Fuente General/input_Procesos Generados_formImportarListadoFuentej_idt67'

2022-03-29 19:27:52 - [TEST_STEP][PASSED] - sendKeys(findTestObject("1-OBJECTS TAREAS PRINCIPALES/Modulo Tarea Sara General/Importar Fuente General/input_Procesos Generados_formImportarListadoFuentej_idt67"), Keys.chord(ENTER)): Keys 'ENTER + ' sent to object: 'Object Repository/1-OBJECTS TAREAS PRINCIPALES/Modulo Tarea Sara General/Importar Fuente General/input_Procesos Generados_formImportarListadoFuentej_idt67'

2022-03-29 19:27:53 - [MESSAGE][PASSED] - Keys 'ENTER + ' sent to object: 'Object Repository/1-OBJECTS TAREAS PRINCIPALES/Modulo Tarea Sara General/Importar Fuente General/input_Procesos Generados_formImportarListadoFuentej_idt67'

2022-03-29 19:27:53 - [TEST_STEP][PASSED] - click(findTestObject("1-OBJECTS TAREAS PRINCIPALES/Modulo Tarea Sara General/Importar Fuente General/td_Creacin Prestamos")): Object: 'Object Repository/1-OBJECTS TAREAS PRINCIPALES/Modulo Tarea Sara General/Importar Fuente General/td_Creacin Prestamos' is clicked on

2022-03-29 19:27:54 - [MESSAGE][PASSED] - Object: 'Object Repository/1-OBJECTS TAREAS PRINCIPALES/Modulo Tarea Sara General/Importar Fuente General/td_Creacin Prestamos' is clicked on

2022-03-29 19:27:54 - [TEST_STEP][PASSED] - ruta = G_rutaarchivos + "carguePrestamo.txt": null

2022-03-29 19:27:54 - [TEST_STEP][PASSED] - uploadFile(findTestObject("1-OBJECTS TAREAS PRINCIPALES/Modulo Tarea Sara General/Importar Fuente General/input_Cargar_formImportarFuentetabarchivo_input"), ruta): File 'E:\unionweb14\carguePrestamo.txt' sent to object: 'Object Repository/1-OBJECTS TAREAS PRINCIPALES/Modulo Tarea Sara General/Importar Fuente General/input_Cargar_formImportarFuentetabarchivo_input'

2022-03-29 19:27:54 - [MESSAGE][PASSED] - File 'E:\unionweb14\carguePrestamo.txt' sent to object: 'Object Repository/1-OBJECTS TAREAS PRINCIPALES/Modulo Tarea Sara General/Importar Fuente General/input_Cargar_formImportarFuentetabarchivo_input'

2022-03-29 19:27:54 - [TEST_STEP][PASSED] - click(findTestObject("1-OBJECTS TAREAS PRINCIPALES/Modulo Tarea Sara General/Importar Fuente General/a_Importar")): Object: 'Object Repository/1-OBJECTS TAREAS PRINCIPALES/Modulo Tarea Sara General/Importar Fuente General/a_Importar' is clicked on

2022-03-29 19:27:55 - [MESSAGE][PASSED] - Object: 'Object Repository/1-OBJECTS TAREAS PRINCIPALES/Modulo Tarea Sara General/Importar Fuente General/a_Importar' is clicked on

2022-03-29 19:27:55 - [TEST_STEP][PASSED] - waitForElementVisible(findTestObject("Modulo compensaciones/Fuente_General/a_Continuar"), 0): Object 'Object Repository/Modulo compensaciones/Fuente_General/a_Continuar' is visible

2022-03-29 19:27:55 - [MESSAGE][WARNING] - Timeout '0' is invalid. Using default page load timeout: '45'

2022-03-29 19:27:59 - [MESSAGE][PASSED] - Object 'Object Repository/Modulo compensaciones/Fuente_General/a_Continuar' is visible

2022-03-29 19:27:59 - [TEST_STEP][PASSED] - click(findTestObject("Modulo compensaciones/Fuente_General/a_Continuar")): Object: 'Object Repository/Modulo compensaciones/Fuente_General/a_Continuar' is clicked on

2022-03-29 19:27:59 - [MESSAGE][PASSED] - Object: 'Object Repository/Modulo compensaciones/Fuente_General/a_Continuar' is clicked on

2022-03-29 19:27:59 - [TEST_STEP][PASSED] - click(findTestObject("Modulo compensaciones/Fuente_General/a_Ejecutar")): Object: 'Object Repository/Modulo compensaciones/Fuente_General/a_Ejecutar' is clicked on

2022-03-29 19:28:00 - [MESSAGE][PASSED] - Object: 'Object Repository/Modulo compensaciones/Fuente_General/a_Ejecutar' is clicked on

2022-03-29 19:28:00 - [TEST_STEP][PASSED] - click(findTestObject("Modulo compensaciones/Fuente_General/a_Continuar")): Object: 'Object Repository/Modulo compensaciones/Fuente_General/a_Continuar' is clicked on

2022-03-29 19:28:04 - [MESSAGE][PASSED] - Object: 'Object Repository/Modulo compensaciones/Fuente_General/a_Continuar' is clicked on

2022-03-29 19:28:04 - [TEST_STEP][PASSED] - waitForElementVisible(findTestObject("Modulo compensaciones/Fuente_General/td_354968431354    PC65000001000020107202118076995478975000"), 0): Object 'Object Repository/Modulo compensaciones/Fuente_General/td_354968431354    PC65000001000020107202118076995478975000' is visible

2022-03-29 19:28:04 - [MESSAGE][WARNING] - Timeout '0' is invalid. Using default page load timeout: '45'

2022-03-29 19:28:05 - [MESSAGE][PASSED] - Object 'Object Repository/Modulo compensaciones/Fuente_General/td_354968431354    PC65000001000020107202118076995478975000' is visible

2022-03-29 19:28:05 - [TEST_STEP][PASSED] - closeBrowser(): Browser is closed

2022-03-29 19:28:06 - [MESSAGE][PASSED] - Browser is closed]]></system-out>
         <system-err><![CDATA[]]></system-err>
      </testcase>
      <testcase name="Test Cases/1.2-Tareas_Secundarias/A.1-Pruebas_compensaciones/11.1.5-Listado_Empleados" time="58.919" classname="Test Cases/1.2-Tareas_Secundarias/A.1-Pruebas_compensaciones/11.1.5-Listado_Empleados" status="PASSED">
         <system-out><![CDATA[2022-03-29 19:28:06 - [TEST_CASE][PASSED] - Test Cases/1.2-Tareas_Secundarias/A.1-Pruebas_compensaciones/11.1.5-Listado_Empleados: Test Cases/1.2-Tareas_Secundarias/A.1-Pruebas_compensaciones/11.1.5-Listado_Empleados

2022-03-29 19:28:06 - [TEST_STEP][PASSED] - callTestCase(findTestCase("0.1-Login"), [:], STOP_ON_FAILURE): Call Test Case 'Test Cases/0.1-Login' successfully

2022-03-29 19:28:06 - [TEST_CASE][PASSED] - Test Cases/0.1-Login: Test Cases/0.1-Login

2022-03-29 19:28:06 - [TEST_STEP][PASSED] - openBrowser(""): Browser is opened with url: ''

2022-03-29 19:28:06 - [MESSAGE][INFO] - Starting 'Chrome' driver

2022-03-29 19:28:06 - [MESSAGE][INFO] - Action delay is set to 50 milliseconds

2022-03-29 19:28:07 - [MESSAGE][PASSED] - Browser is opened with url: ''

2022-03-29 19:28:07 - [TEST_STEP][PASSED] - maximizeWindow(): Current window maximized

2022-03-29 19:28:07 - [MESSAGE][PASSED] - Current window maximized

2022-03-29 19:28:07 - [TEST_STEP][PASSED] - i = G_Login: null

2022-03-29 19:28:07 - [TEST_STEP][PASSED] - url = new java.net.URL(i): null

2022-03-29 19:28:07 - [TEST_STEP][PASSED] - println("URL: " + url.toString()): null

2022-03-29 19:28:07 - [TEST_STEP][PASSED] - connection = url.openConnection(): null

2022-03-29 19:28:07 - [TEST_STEP][PASSED] - connection.setRequestMethod("GET"): null

2022-03-29 19:28:07 - [TEST_STEP][PASSED] - connection.setReadTimeout(2 * 1000): null

2022-03-29 19:28:07 - [TEST_STEP][PASSED] - try: null

2022-03-29 19:28:07 - [TEST_STEP][PASSED] - connection.connect(): null

2022-03-29 19:28:07 - [TEST_STEP][PASSED] - flag = connected: null

2022-03-29 19:28:07 - [TEST_STEP][PASSED] - println("Valor_ori: " + flag): null

2022-03-29 19:28:07 - [TEST_STEP][PASSED] - if (flag): null

2022-03-29 19:28:07 - [TEST_STEP][PASSED] - navigateToUrl(i): Navigate to 'http://192.168.2.19:8380/saraweb' successfully

2022-03-29 19:28:08 - [MESSAGE][PASSED] - Navigate to 'http://192.168.2.19:8380/saraweb' successfully

2022-03-29 19:28:08 - [TEST_STEP][PASSED] - a(): null

2022-03-29 19:28:08 - [TEST_STEP][PASSED] - setText(findTestObject("Login/input_USUARIO_loginusuario"), G_Usuario): Text 'saraadmin' is set on object 'Object Repository/Login/input_USUARIO_loginusuario'

2022-03-29 19:28:09 - [MESSAGE][PASSED] - Text 'saraadmin' is set on object 'Object Repository/Login/input_USUARIO_loginusuario'

2022-03-29 19:28:09 - [TEST_STEP][PASSED] - setEncryptedText(findTestObject("Login/input_CLAVE_loginpassword"), "MkG4/TYiCFC3cb2driP7+Q=="): Text ****** has been set on object 'Object Repository/Login/input_CLAVE_loginpassword'

2022-03-29 19:28:10 - [MESSAGE][PASSED] - Text ****** has been set on object 'Object Repository/Login/input_CLAVE_loginpassword'

2022-03-29 19:28:10 - [TEST_STEP][PASSED] - waitForElementClickable(findTestObject("Login/a_Ingresar"), G_TimeOut): Object 'Object Repository/Login/a_Ingresar' is clickable

2022-03-29 19:28:10 - [MESSAGE][PASSED] - Object 'Object Repository/Login/a_Ingresar' is clickable

2022-03-29 19:28:10 - [TEST_STEP][PASSED] - click(findTestObject("Login/a_Ingresar")): Object: 'Object Repository/Login/a_Ingresar' is clicked on

2022-03-29 19:28:11 - [MESSAGE][PASSED] - Object: 'Object Repository/Login/a_Ingresar' is clicked on

2022-03-29 19:28:11 - [TEST_STEP][PASSED] - element = findWebElement(findTestObject("Login/a_Ir"), 30): null

2022-03-29 19:28:12 - [TEST_STEP][PASSED] - executeJavaScript("arguments[0].click()", Arrays.asList(element)): Execute JavaScript 'arguments[0].click()' successfully

2022-03-29 19:28:12 - [MESSAGE][PASSED] - Execute JavaScript 'arguments[0].click()' successfully

2022-03-29 19:28:12 - [MESSAGE][PASSED] - Call Test Case 'Test Cases/0.1-Login' successfully

2022-03-29 19:28:12 - [TEST_STEP][PASSED] - setText(findTestObject("Modulo compensaciones/Listado_Empleados/input_Empresa 1_form_templatej_idt24_input"), "Listado de empleados"): Text 'Listado de empleados' is set on object 'Object Repository/Modulo compensaciones/Listado_Empleados/input_Empresa 1_form_templatej_idt24_input'

2022-03-29 19:28:13 - [MESSAGE][PASSED] - Text 'Listado de empleados' is set on object 'Object Repository/Modulo compensaciones/Listado_Empleados/input_Empresa 1_form_templatej_idt24_input'

2022-03-29 19:28:13 - [TEST_STEP][PASSED] - click(findTestObject("Modulo compensaciones/Listado_Empleados/li_Listado de Empleados (com)")): Object: 'Object Repository/Modulo compensaciones/Listado_Empleados/li_Listado de Empleados (com)' is clicked on

2022-03-29 19:28:14 - [MESSAGE][PASSED] - Object: 'Object Repository/Modulo compensaciones/Listado_Empleados/li_Listado de Empleados (com)' is clicked on

2022-03-29 19:28:14 - [TEST_STEP][PASSED] - setText(findTestObject("Modulo compensaciones/Listado_Empleados/input_Nombre Funcionario_listadoEmpleadoj_idt64"), "Constantino"): Text 'Constantino' is set on object 'Object Repository/Modulo compensaciones/Listado_Empleados/input_Nombre Funcionario_listadoEmpleadoj_idt64'

2022-03-29 19:28:16 - [MESSAGE][PASSED] - Text 'Constantino' is set on object 'Object Repository/Modulo compensaciones/Listado_Empleados/input_Nombre Funcionario_listadoEmpleadoj_idt64'

2022-03-29 19:28:16 - [TEST_STEP][PASSED] - sendKeys(findTestObject("Modulo compensaciones/Listado_Empleados/input_Nombre Funcionario_listadoEmpleadoj_idt64"), Keys.chord(ENTER)): Keys 'ENTER + ' sent to object: 'Object Repository/Modulo compensaciones/Listado_Empleados/input_Nombre Funcionario_listadoEmpleadoj_idt64'

2022-03-29 19:28:17 - [MESSAGE][PASSED] - Keys 'ENTER + ' sent to object: 'Object Repository/Modulo compensaciones/Listado_Empleados/input_Nombre Funcionario_listadoEmpleadoj_idt64'

2022-03-29 19:28:17 - [TEST_STEP][PASSED] - click(findTestObject("Modulo compensaciones/Listado_Empleados/span_Constantino Jhon")): Object: 'Object Repository/Modulo compensaciones/Listado_Empleados/span_Constantino Jhon' is clicked on

2022-03-29 19:28:18 - [MESSAGE][PASSED] - Object: 'Object Repository/Modulo compensaciones/Listado_Empleados/span_Constantino Jhon' is clicked on

2022-03-29 19:28:18 - [TEST_STEP][PASSED] - click(findTestObject("Modulo compensaciones/Listado_Empleados/a_Liquidacin Periodica")): Object: 'Object Repository/Modulo compensaciones/Listado_Empleados/a_Liquidacin Periodica' is clicked on

2022-03-29 19:28:18 - [MESSAGE][PASSED] - Object: 'Object Repository/Modulo compensaciones/Listado_Empleados/a_Liquidacin Periodica' is clicked on

2022-03-29 19:28:18 - [TEST_STEP][PASSED] - selectOptionByIndex(findTestObject("Modulo compensaciones/Listado_Empleados/select_-- seleccione --BC - PRESTAMO BANCOLOMBIAPC - PRESTAMO COMPAA"), 2): All options with index in [2] are selected on object 'Object Repository/Modulo compensaciones/Listado_Empleados/select_-- seleccione --BC - PRESTAMO BANCOLOMBIAPC - PRESTAMO COMPAA'

2022-03-29 19:28:20 - [MESSAGE][PASSED] - All options with index in [2] are selected on object 'Object Repository/Modulo compensaciones/Listado_Empleados/select_-- seleccione --BC - PRESTAMO BANCOLOMBIAPC - PRESTAMO COMPAA'

2022-03-29 19:28:20 - [TEST_STEP][PASSED] - if (waitForElementVisible(findTestObject("Modulo compensaciones/Listado_Empleados/span_281"), 1)): Web element with id: 'Object Repository/Modulo compensaciones/Listado_Empleados/span_281' located by '//*/text()[normalize-space(.)='281']/parent::*' not found

2022-03-29 19:28:22 - [MESSAGE][INFO] - Unable to find the element located by 'By.xpath: //*/text()[normalize-space(.)='281']/parent::*'. Please recheck the objects properties to make sure the desired element is located. 

2022-03-29 19:28:22 - [MESSAGE][WARNING] - Web element with id: 'Object Repository/Modulo compensaciones/Listado_Empleados/span_281' located by '//*/text()[normalize-space(.)='281']/parent::*' not found

2022-03-29 19:28:22 - [TEST_STEP][PASSED] - else: Web element with id: 'Object Repository/Modulo compensaciones/Listado_Empleados/span_281' located by '//*/text()[normalize-space(.)='281']/parent::*' not found

2022-03-29 19:28:22 - [TEST_STEP][PASSED] - callTestCase(findTestCase("1.2-Tareas_Secundarias/A.1-Pruebas_compensaciones/11.1.4-Fuente_General"), [:], STOP_ON_FAILURE): Call Test Case 'Test Cases/1.2-Tareas_Secundarias/A.1-Pruebas_compensaciones/11.1.4-Fuente_General' successfully

2022-03-29 19:28:22 - [TEST_CASE][PASSED] - Test Cases/1.2-Tareas_Secundarias/A.1-Pruebas_compensaciones/11.1.4-Fuente_General: Test Cases/1.2-Tareas_Secundarias/A.1-Pruebas_compensaciones/11.1.4-Fuente_General

2022-03-29 19:28:22 - [TEST_STEP][PASSED] - callTestCase(findTestCase("0.1-Login"), [:], STOP_ON_FAILURE): Call Test Case 'Test Cases/0.1-Login' successfully

2022-03-29 19:28:22 - [TEST_CASE][PASSED] - Test Cases/0.1-Login: Test Cases/0.1-Login

2022-03-29 19:28:22 - [TEST_STEP][PASSED] - openBrowser(""): Browser is opened with url: ''

2022-03-29 19:28:22 - [MESSAGE][WARNING] - A browser is already opened. Closing browser and opening a new one

2022-03-29 19:28:23 - [MESSAGE][INFO] - Starting 'Chrome' driver

2022-03-29 19:28:23 - [MESSAGE][INFO] - Action delay is set to 50 milliseconds

2022-03-29 19:28:24 - [MESSAGE][PASSED] - Browser is opened with url: ''

2022-03-29 19:28:24 - [TEST_STEP][PASSED] - maximizeWindow(): Current window maximized

2022-03-29 19:28:24 - [MESSAGE][PASSED] - Current window maximized

2022-03-29 19:28:24 - [TEST_STEP][PASSED] - i = G_Login: null

2022-03-29 19:28:24 - [TEST_STEP][PASSED] - url = new java.net.URL(i): null

2022-03-29 19:28:24 - [TEST_STEP][PASSED] - println("URL: " + url.toString()): null

2022-03-29 19:28:24 - [TEST_STEP][PASSED] - connection = url.openConnection(): null

2022-03-29 19:28:24 - [TEST_STEP][PASSED] - connection.setRequestMethod("GET"): null

2022-03-29 19:28:24 - [TEST_STEP][PASSED] - connection.setReadTimeout(2 * 1000): null

2022-03-29 19:28:24 - [TEST_STEP][PASSED] - try: null

2022-03-29 19:28:24 - [TEST_STEP][PASSED] - connection.connect(): null

2022-03-29 19:28:24 - [TEST_STEP][PASSED] - flag = connected: null

2022-03-29 19:28:24 - [TEST_STEP][PASSED] - println("Valor_ori: " + flag): null

2022-03-29 19:28:24 - [TEST_STEP][PASSED] - if (flag): null

2022-03-29 19:28:24 - [TEST_STEP][PASSED] - navigateToUrl(i): Navigate to 'http://192.168.2.19:8380/saraweb' successfully

2022-03-29 19:28:25 - [MESSAGE][PASSED] - Navigate to 'http://192.168.2.19:8380/saraweb' successfully

2022-03-29 19:28:25 - [TEST_STEP][PASSED] - a(): null

2022-03-29 19:28:25 - [TEST_STEP][PASSED] - setText(findTestObject("Login/input_USUARIO_loginusuario"), G_Usuario): Text 'saraadmin' is set on object 'Object Repository/Login/input_USUARIO_loginusuario'

2022-03-29 19:28:26 - [MESSAGE][PASSED] - Text 'saraadmin' is set on object 'Object Repository/Login/input_USUARIO_loginusuario'

2022-03-29 19:28:26 - [TEST_STEP][PASSED] - setEncryptedText(findTestObject("Login/input_CLAVE_loginpassword"), "MkG4/TYiCFC3cb2driP7+Q=="): Text ****** has been set on object 'Object Repository/Login/input_CLAVE_loginpassword'

2022-03-29 19:28:27 - [MESSAGE][PASSED] - Text ****** has been set on object 'Object Repository/Login/input_CLAVE_loginpassword'

2022-03-29 19:28:27 - [TEST_STEP][PASSED] - waitForElementClickable(findTestObject("Login/a_Ingresar"), G_TimeOut): Object 'Object Repository/Login/a_Ingresar' is clickable

2022-03-29 19:28:27 - [MESSAGE][PASSED] - Object 'Object Repository/Login/a_Ingresar' is clickable

2022-03-29 19:28:27 - [TEST_STEP][PASSED] - click(findTestObject("Login/a_Ingresar")): Object: 'Object Repository/Login/a_Ingresar' is clicked on

2022-03-29 19:28:29 - [MESSAGE][PASSED] - Object: 'Object Repository/Login/a_Ingresar' is clicked on

2022-03-29 19:28:29 - [TEST_STEP][PASSED] - element = findWebElement(findTestObject("Login/a_Ir"), 30): null

2022-03-29 19:28:29 - [TEST_STEP][PASSED] - executeJavaScript("arguments[0].click()", Arrays.asList(element)): Execute JavaScript 'arguments[0].click()' successfully

2022-03-29 19:28:29 - [MESSAGE][PASSED] - Execute JavaScript 'arguments[0].click()' successfully

2022-03-29 19:28:29 - [MESSAGE][PASSED] - Call Test Case 'Test Cases/0.1-Login' successfully

2022-03-29 19:28:29 - [TEST_STEP][PASSED] - setText(findTestObject("Modulo compensaciones/Fuente_General/input_Empresa 1_form_templatej_idt24_input"), "importar fuente general"): Text 'importar fuente general' is set on object 'Object Repository/Modulo compensaciones/Fuente_General/input_Empresa 1_form_templatej_idt24_input'

2022-03-29 19:28:30 - [MESSAGE][PASSED] - Text 'importar fuente general' is set on object 'Object Repository/Modulo compensaciones/Fuente_General/input_Empresa 1_form_templatej_idt24_input'

2022-03-29 19:28:30 - [TEST_STEP][PASSED] - click(findTestObject("Modulo compensaciones/Fuente_General/li_fuente general (gna)")): Object: 'Object Repository/Modulo compensaciones/Fuente_General/li_fuente general (gna)' is clicked on

2022-03-29 19:28:32 - [MESSAGE][PASSED] - Object: 'Object Repository/Modulo compensaciones/Fuente_General/li_fuente general (gna)' is clicked on

2022-03-29 19:28:32 - [TEST_STEP][PASSED] - setText(findTestObject("1-OBJECTS TAREAS PRINCIPALES/Modulo Tarea Sara General/Importar Fuente General/input_Procesos Generados_formImportarListadoFuentej_idt67"), "Creación prestamos"): Text 'Creación prestamos' is set on object 'Object Repository/1-OBJECTS TAREAS PRINCIPALES/Modulo Tarea Sara General/Importar Fuente General/input_Procesos Generados_formImportarListadoFuentej_idt67'

2022-03-29 19:28:33 - [MESSAGE][PASSED] - Text 'Creación prestamos' is set on object 'Object Repository/1-OBJECTS TAREAS PRINCIPALES/Modulo Tarea Sara General/Importar Fuente General/input_Procesos Generados_formImportarListadoFuentej_idt67'

2022-03-29 19:28:33 - [TEST_STEP][PASSED] - sendKeys(findTestObject("1-OBJECTS TAREAS PRINCIPALES/Modulo Tarea Sara General/Importar Fuente General/input_Procesos Generados_formImportarListadoFuentej_idt67"), Keys.chord(ENTER)): Keys 'ENTER + ' sent to object: 'Object Repository/1-OBJECTS TAREAS PRINCIPALES/Modulo Tarea Sara General/Importar Fuente General/input_Procesos Generados_formImportarListadoFuentej_idt67'

2022-03-29 19:28:34 - [MESSAGE][PASSED] - Keys 'ENTER + ' sent to object: 'Object Repository/1-OBJECTS TAREAS PRINCIPALES/Modulo Tarea Sara General/Importar Fuente General/input_Procesos Generados_formImportarListadoFuentej_idt67'

2022-03-29 19:28:34 - [TEST_STEP][PASSED] - click(findTestObject("1-OBJECTS TAREAS PRINCIPALES/Modulo Tarea Sara General/Importar Fuente General/td_Creacin Prestamos")): Object: 'Object Repository/1-OBJECTS TAREAS PRINCIPALES/Modulo Tarea Sara General/Importar Fuente General/td_Creacin Prestamos' is clicked on

2022-03-29 19:28:34 - [MESSAGE][PASSED] - Object: 'Object Repository/1-OBJECTS TAREAS PRINCIPALES/Modulo Tarea Sara General/Importar Fuente General/td_Creacin Prestamos' is clicked on

2022-03-29 19:28:34 - [TEST_STEP][PASSED] - ruta = G_rutaarchivos + "carguePrestamo.txt": null

2022-03-29 19:28:34 - [TEST_STEP][PASSED] - uploadFile(findTestObject("1-OBJECTS TAREAS PRINCIPALES/Modulo Tarea Sara General/Importar Fuente General/input_Cargar_formImportarFuentetabarchivo_input"), ruta): File 'E:\unionweb14\carguePrestamo.txt' sent to object: 'Object Repository/1-OBJECTS TAREAS PRINCIPALES/Modulo Tarea Sara General/Importar Fuente General/input_Cargar_formImportarFuentetabarchivo_input'

2022-03-29 19:28:35 - [MESSAGE][PASSED] - File 'E:\unionweb14\carguePrestamo.txt' sent to object: 'Object Repository/1-OBJECTS TAREAS PRINCIPALES/Modulo Tarea Sara General/Importar Fuente General/input_Cargar_formImportarFuentetabarchivo_input'

2022-03-29 19:28:35 - [TEST_STEP][PASSED] - click(findTestObject("1-OBJECTS TAREAS PRINCIPALES/Modulo Tarea Sara General/Importar Fuente General/a_Importar")): Object: 'Object Repository/1-OBJECTS TAREAS PRINCIPALES/Modulo Tarea Sara General/Importar Fuente General/a_Importar' is clicked on

2022-03-29 19:28:36 - [MESSAGE][PASSED] - Object: 'Object Repository/1-OBJECTS TAREAS PRINCIPALES/Modulo Tarea Sara General/Importar Fuente General/a_Importar' is clicked on

2022-03-29 19:28:36 - [TEST_STEP][PASSED] - waitForElementVisible(findTestObject("Modulo compensaciones/Fuente_General/a_Continuar"), 0): Object 'Object Repository/Modulo compensaciones/Fuente_General/a_Continuar' is visible

2022-03-29 19:28:36 - [MESSAGE][WARNING] - Timeout '0' is invalid. Using default page load timeout: '45'

2022-03-29 19:28:40 - [MESSAGE][PASSED] - Object 'Object Repository/Modulo compensaciones/Fuente_General/a_Continuar' is visible

2022-03-29 19:28:40 - [TEST_STEP][PASSED] - click(findTestObject("Modulo compensaciones/Fuente_General/a_Continuar")): Object: 'Object Repository/Modulo compensaciones/Fuente_General/a_Continuar' is clicked on

2022-03-29 19:28:40 - [MESSAGE][PASSED] - Object: 'Object Repository/Modulo compensaciones/Fuente_General/a_Continuar' is clicked on

2022-03-29 19:28:40 - [TEST_STEP][PASSED] - click(findTestObject("Modulo compensaciones/Fuente_General/a_Ejecutar")): Object: 'Object Repository/Modulo compensaciones/Fuente_General/a_Ejecutar' is clicked on

2022-03-29 19:28:44 - [MESSAGE][PASSED] - Object: 'Object Repository/Modulo compensaciones/Fuente_General/a_Ejecutar' is clicked on

2022-03-29 19:28:44 - [TEST_STEP][PASSED] - click(findTestObject("Modulo compensaciones/Fuente_General/a_Continuar")): Object: 'Object Repository/Modulo compensaciones/Fuente_General/a_Continuar' is clicked on

2022-03-29 19:28:47 - [MESSAGE][PASSED] - Object: 'Object Repository/Modulo compensaciones/Fuente_General/a_Continuar' is clicked on

2022-03-29 19:28:47 - [TEST_STEP][PASSED] - waitForElementVisible(findTestObject("Modulo compensaciones/Fuente_General/td_354968431354    PC65000001000020107202118076995478975000"), 0): Object 'Object Repository/Modulo compensaciones/Fuente_General/td_354968431354    PC65000001000020107202118076995478975000' is visible

2022-03-29 19:28:47 - [MESSAGE][WARNING] - Timeout '0' is invalid. Using default page load timeout: '45'

2022-03-29 19:28:48 - [MESSAGE][PASSED] - Object 'Object Repository/Modulo compensaciones/Fuente_General/td_354968431354    PC65000001000020107202118076995478975000' is visible

2022-03-29 19:28:48 - [TEST_STEP][PASSED] - closeBrowser(): Browser is closed

2022-03-29 19:28:49 - [MESSAGE][PASSED] - Browser is closed

2022-03-29 19:28:49 - [MESSAGE][PASSED] - Call Test Case 'Test Cases/1.2-Tareas_Secundarias/A.1-Pruebas_compensaciones/11.1.4-Fuente_General' successfully

2022-03-29 19:28:49 - [TEST_STEP][PASSED] - callTestCase(findTestCase("0.1-Login"), [:], STOP_ON_FAILURE): Call Test Case 'Test Cases/0.1-Login' successfully

2022-03-29 19:28:49 - [TEST_CASE][PASSED] - Test Cases/0.1-Login: Test Cases/0.1-Login

2022-03-29 19:28:49 - [TEST_STEP][PASSED] - openBrowser(""): Browser is opened with url: ''

2022-03-29 19:28:49 - [MESSAGE][INFO] - Starting 'Chrome' driver

2022-03-29 19:28:49 - [MESSAGE][INFO] - Action delay is set to 50 milliseconds

2022-03-29 19:28:50 - [MESSAGE][PASSED] - Browser is opened with url: ''

2022-03-29 19:28:50 - [TEST_STEP][PASSED] - maximizeWindow(): Current window maximized

2022-03-29 19:28:50 - [MESSAGE][PASSED] - Current window maximized

2022-03-29 19:28:50 - [TEST_STEP][PASSED] - i = G_Login: null

2022-03-29 19:28:50 - [TEST_STEP][PASSED] - url = new java.net.URL(i): null

2022-03-29 19:28:50 - [TEST_STEP][PASSED] - println("URL: " + url.toString()): null

2022-03-29 19:28:50 - [TEST_STEP][PASSED] - connection = url.openConnection(): null

2022-03-29 19:28:50 - [TEST_STEP][PASSED] - connection.setRequestMethod("GET"): null

2022-03-29 19:28:50 - [TEST_STEP][PASSED] - connection.setReadTimeout(2 * 1000): null

2022-03-29 19:28:50 - [TEST_STEP][PASSED] - try: null

2022-03-29 19:28:50 - [TEST_STEP][PASSED] - connection.connect(): null

2022-03-29 19:28:50 - [TEST_STEP][PASSED] - flag = connected: null

2022-03-29 19:28:50 - [TEST_STEP][PASSED] - println("Valor_ori: " + flag): null

2022-03-29 19:28:50 - [TEST_STEP][PASSED] - if (flag): null

2022-03-29 19:28:50 - [TEST_STEP][PASSED] - navigateToUrl(i): Navigate to 'http://192.168.2.19:8380/saraweb' successfully

2022-03-29 19:28:50 - [MESSAGE][PASSED] - Navigate to 'http://192.168.2.19:8380/saraweb' successfully

2022-03-29 19:28:50 - [TEST_STEP][PASSED] - a(): null

2022-03-29 19:28:50 - [TEST_STEP][PASSED] - setText(findTestObject("Login/input_USUARIO_loginusuario"), G_Usuario): Text 'saraadmin' is set on object 'Object Repository/Login/input_USUARIO_loginusuario'

2022-03-29 19:28:52 - [MESSAGE][PASSED] - Text 'saraadmin' is set on object 'Object Repository/Login/input_USUARIO_loginusuario'

2022-03-29 19:28:52 - [TEST_STEP][PASSED] - setEncryptedText(findTestObject("Login/input_CLAVE_loginpassword"), "MkG4/TYiCFC3cb2driP7+Q=="): Text ****** has been set on object 'Object Repository/Login/input_CLAVE_loginpassword'

2022-03-29 19:28:52 - [MESSAGE][PASSED] - Text ****** has been set on object 'Object Repository/Login/input_CLAVE_loginpassword'

2022-03-29 19:28:52 - [TEST_STEP][PASSED] - waitForElementClickable(findTestObject("Login/a_Ingresar"), G_TimeOut): Object 'Object Repository/Login/a_Ingresar' is clickable

2022-03-29 19:28:52 - [MESSAGE][PASSED] - Object 'Object Repository/Login/a_Ingresar' is clickable

2022-03-29 19:28:52 - [TEST_STEP][PASSED] - click(findTestObject("Login/a_Ingresar")): Object: 'Object Repository/Login/a_Ingresar' is clicked on

2022-03-29 19:28:54 - [MESSAGE][PASSED] - Object: 'Object Repository/Login/a_Ingresar' is clicked on

2022-03-29 19:28:54 - [TEST_STEP][PASSED] - element = findWebElement(findTestObject("Login/a_Ir"), 30): null

2022-03-29 19:28:54 - [TEST_STEP][PASSED] - executeJavaScript("arguments[0].click()", Arrays.asList(element)): Execute JavaScript 'arguments[0].click()' successfully

2022-03-29 19:28:54 - [MESSAGE][PASSED] - Execute JavaScript 'arguments[0].click()' successfully

2022-03-29 19:28:54 - [MESSAGE][PASSED] - Call Test Case 'Test Cases/0.1-Login' successfully

2022-03-29 19:28:54 - [TEST_STEP][PASSED] - setText(findTestObject("Modulo compensaciones/Listado_Empleados/input_Empresa 1_form_templatej_idt24_input"), "Listado de empleados"): Text 'Listado de empleados' is set on object 'Object Repository/Modulo compensaciones/Listado_Empleados/input_Empresa 1_form_templatej_idt24_input'

2022-03-29 19:28:55 - [MESSAGE][PASSED] - Text 'Listado de empleados' is set on object 'Object Repository/Modulo compensaciones/Listado_Empleados/input_Empresa 1_form_templatej_idt24_input'

2022-03-29 19:28:55 - [TEST_STEP][PASSED] - click(findTestObject("Modulo compensaciones/Listado_Empleados/li_Listado de Empleados (com)")): Object: 'Object Repository/Modulo compensaciones/Listado_Empleados/li_Listado de Empleados (com)' is clicked on

2022-03-29 19:28:57 - [MESSAGE][PASSED] - Object: 'Object Repository/Modulo compensaciones/Listado_Empleados/li_Listado de Empleados (com)' is clicked on

2022-03-29 19:28:57 - [TEST_STEP][PASSED] - setText(findTestObject("Modulo compensaciones/Listado_Empleados/input_Nombre Funcionario_listadoEmpleadoj_idt64"), "Constantino"): Text 'Constantino' is set on object 'Object Repository/Modulo compensaciones/Listado_Empleados/input_Nombre Funcionario_listadoEmpleadoj_idt64'

2022-03-29 19:28:59 - [MESSAGE][PASSED] - Text 'Constantino' is set on object 'Object Repository/Modulo compensaciones/Listado_Empleados/input_Nombre Funcionario_listadoEmpleadoj_idt64'

2022-03-29 19:28:59 - [TEST_STEP][PASSED] - sendKeys(findTestObject("Modulo compensaciones/Listado_Empleados/input_Nombre Funcionario_listadoEmpleadoj_idt64"), Keys.chord(ENTER)): Keys 'ENTER + ' sent to object: 'Object Repository/Modulo compensaciones/Listado_Empleados/input_Nombre Funcionario_listadoEmpleadoj_idt64'

2022-03-29 19:28:59 - [MESSAGE][PASSED] - Keys 'ENTER + ' sent to object: 'Object Repository/Modulo compensaciones/Listado_Empleados/input_Nombre Funcionario_listadoEmpleadoj_idt64'

2022-03-29 19:28:59 - [TEST_STEP][PASSED] - click(findTestObject("Modulo compensaciones/Listado_Empleados/span_Constantino Jhon")): Object: 'Object Repository/Modulo compensaciones/Listado_Empleados/span_Constantino Jhon' is clicked on

2022-03-29 19:29:00 - [MESSAGE][PASSED] - Object: 'Object Repository/Modulo compensaciones/Listado_Empleados/span_Constantino Jhon' is clicked on

2022-03-29 19:29:00 - [TEST_STEP][PASSED] - click(findTestObject("Modulo compensaciones/Listado_Empleados/a_Liquidacin Periodica")): Object: 'Object Repository/Modulo compensaciones/Listado_Empleados/a_Liquidacin Periodica' is clicked on

2022-03-29 19:29:01 - [MESSAGE][PASSED] - Object: 'Object Repository/Modulo compensaciones/Listado_Empleados/a_Liquidacin Periodica' is clicked on

2022-03-29 19:29:01 - [TEST_STEP][PASSED] - selectOptionByIndex(findTestObject("Modulo compensaciones/Listado_Empleados/select_-- seleccione --BC - PRESTAMO BANCOLOMBIAPC - PRESTAMO COMPAA"), 2): All options with index in [2] are selected on object 'Object Repository/Modulo compensaciones/Listado_Empleados/select_-- seleccione --BC - PRESTAMO BANCOLOMBIAPC - PRESTAMO COMPAA'

2022-03-29 19:29:02 - [MESSAGE][PASSED] - All options with index in [2] are selected on object 'Object Repository/Modulo compensaciones/Listado_Empleados/select_-- seleccione --BC - PRESTAMO BANCOLOMBIAPC - PRESTAMO COMPAA'

2022-03-29 19:29:02 - [TEST_STEP][PASSED] - if (waitForElementVisible(findTestObject("Modulo compensaciones/Listado_Empleados/span_281"), 1)): Web element with id: 'Object Repository/Modulo compensaciones/Listado_Empleados/span_281' located by '//*/text()[normalize-space(.)='281']/parent::*' not found

2022-03-29 19:29:04 - [MESSAGE][INFO] - Unable to find the element located by 'By.xpath: //*/text()[normalize-space(.)='281']/parent::*'. Please recheck the objects properties to make sure the desired element is located. 

2022-03-29 19:29:04 - [MESSAGE][WARNING] - Web element with id: 'Object Repository/Modulo compensaciones/Listado_Empleados/span_281' located by '//*/text()[normalize-space(.)='281']/parent::*' not found]]></system-out>
         <system-err><![CDATA[]]></system-err>
      </testcase>
      <testcase name="Test Cases/1.2-Tareas_Secundarias/A.1-Pruebas_compensaciones/11.1.6-Liquidación_Nomina" time="19.997" classname="Test Cases/1.2-Tareas_Secundarias/A.1-Pruebas_compensaciones/11.1.6-Liquidación_Nomina" status="PASSED">
         <system-out><![CDATA[2022-03-29 19:29:04 - [TEST_CASE][PASSED] - Test Cases/1.2-Tareas_Secundarias/A.1-Pruebas_compensaciones/11.1.6-Liquidación_Nomina: Test Cases/1.2-Tareas_Secundarias/A.1-Pruebas_compensaciones/11.1.6-Liquidación_Nomina

2022-03-29 19:29:05 - [TEST_STEP][PASSED] - callTestCase(findTestCase("0.1-Login"), [:], STOP_ON_FAILURE): Call Test Case 'Test Cases/0.1-Login' successfully

2022-03-29 19:29:05 - [TEST_CASE][PASSED] - Test Cases/0.1-Login: Test Cases/0.1-Login

2022-03-29 19:29:05 - [TEST_STEP][PASSED] - openBrowser(""): Browser is opened with url: ''

2022-03-29 19:29:05 - [MESSAGE][WARNING] - A browser is already opened. Closing browser and opening a new one

2022-03-29 19:29:06 - [MESSAGE][INFO] - Starting 'Chrome' driver

2022-03-29 19:29:06 - [MESSAGE][INFO] - Action delay is set to 50 milliseconds

2022-03-29 19:29:07 - [MESSAGE][PASSED] - Browser is opened with url: ''

2022-03-29 19:29:07 - [TEST_STEP][PASSED] - maximizeWindow(): Current window maximized

2022-03-29 19:29:07 - [MESSAGE][PASSED] - Current window maximized

2022-03-29 19:29:07 - [TEST_STEP][PASSED] - i = G_Login: null

2022-03-29 19:29:07 - [TEST_STEP][PASSED] - url = new java.net.URL(i): null

2022-03-29 19:29:07 - [TEST_STEP][PASSED] - println("URL: " + url.toString()): null

2022-03-29 19:29:07 - [TEST_STEP][PASSED] - connection = url.openConnection(): null

2022-03-29 19:29:07 - [TEST_STEP][PASSED] - connection.setRequestMethod("GET"): null

2022-03-29 19:29:07 - [TEST_STEP][PASSED] - connection.setReadTimeout(2 * 1000): null

2022-03-29 19:29:07 - [TEST_STEP][PASSED] - try: null

2022-03-29 19:29:07 - [TEST_STEP][PASSED] - connection.connect(): null

2022-03-29 19:29:07 - [TEST_STEP][PASSED] - flag = connected: null

2022-03-29 19:29:07 - [TEST_STEP][PASSED] - println("Valor_ori: " + flag): null

2022-03-29 19:29:07 - [TEST_STEP][PASSED] - if (flag): null

2022-03-29 19:29:07 - [TEST_STEP][PASSED] - navigateToUrl(i): Navigate to 'http://192.168.2.19:8380/saraweb' successfully

2022-03-29 19:29:08 - [MESSAGE][PASSED] - Navigate to 'http://192.168.2.19:8380/saraweb' successfully

2022-03-29 19:29:08 - [TEST_STEP][PASSED] - a(): null

2022-03-29 19:29:08 - [TEST_STEP][PASSED] - setText(findTestObject("Login/input_USUARIO_loginusuario"), G_Usuario): Text 'saraadmin' is set on object 'Object Repository/Login/input_USUARIO_loginusuario'

2022-03-29 19:29:09 - [MESSAGE][PASSED] - Text 'saraadmin' is set on object 'Object Repository/Login/input_USUARIO_loginusuario'

2022-03-29 19:29:09 - [TEST_STEP][PASSED] - setEncryptedText(findTestObject("Login/input_CLAVE_loginpassword"), "MkG4/TYiCFC3cb2driP7+Q=="): Text ****** has been set on object 'Object Repository/Login/input_CLAVE_loginpassword'

2022-03-29 19:29:09 - [MESSAGE][PASSED] - Text ****** has been set on object 'Object Repository/Login/input_CLAVE_loginpassword'

2022-03-29 19:29:09 - [TEST_STEP][PASSED] - waitForElementClickable(findTestObject("Login/a_Ingresar"), G_TimeOut): Object 'Object Repository/Login/a_Ingresar' is clickable

2022-03-29 19:29:10 - [MESSAGE][PASSED] - Object 'Object Repository/Login/a_Ingresar' is clickable

2022-03-29 19:29:10 - [TEST_STEP][PASSED] - click(findTestObject("Login/a_Ingresar")): Object: 'Object Repository/Login/a_Ingresar' is clicked on

2022-03-29 19:29:11 - [MESSAGE][PASSED] - Object: 'Object Repository/Login/a_Ingresar' is clicked on

2022-03-29 19:29:11 - [TEST_STEP][PASSED] - element = findWebElement(findTestObject("Login/a_Ir"), 30): null

2022-03-29 19:29:12 - [TEST_STEP][PASSED] - executeJavaScript("arguments[0].click()", Arrays.asList(element)): Execute JavaScript 'arguments[0].click()' successfully

2022-03-29 19:29:12 - [MESSAGE][PASSED] - Execute JavaScript 'arguments[0].click()' successfully

2022-03-29 19:29:12 - [MESSAGE][PASSED] - Call Test Case 'Test Cases/0.1-Login' successfully

2022-03-29 19:29:12 - [TEST_STEP][PASSED] - setText(findTestObject("Modulo compensaciones/Liquidación_Nomina0/input_Empresa 1_form_templatej_idt24_input"), "liquidacion nomina"): Text 'liquidacion nomina' is set on object 'Object Repository/Modulo compensaciones/Liquidación_Nomina0/input_Empresa 1_form_templatej_idt24_input'

2022-03-29 19:29:13 - [MESSAGE][PASSED] - Text 'liquidacion nomina' is set on object 'Object Repository/Modulo compensaciones/Liquidación_Nomina0/input_Empresa 1_form_templatej_idt24_input'

2022-03-29 19:29:13 - [TEST_STEP][PASSED] - click(findTestObject("Modulo compensaciones/Liquidación_Nomina0/li_Liquidacion Nomina (com)")): Object: 'Object Repository/Modulo compensaciones/Liquidación_Nomina0/li_Liquidacion Nomina (com)' is clicked on

2022-03-29 19:29:14 - [MESSAGE][PASSED] - Object: 'Object Repository/Modulo compensaciones/Liquidación_Nomina0/li_Liquidacion Nomina (com)' is clicked on

2022-03-29 19:29:14 - [TEST_STEP][PASSED] - click(findTestObject("Modulo compensaciones/Liquidación_Nomina0/a_Periodo Nomina_LiquidacionNominaj_idt68")): Object: 'Object Repository/Modulo compensaciones/Liquidación_Nomina0/a_Periodo Nomina_LiquidacionNominaj_idt68' is clicked on

2022-03-29 19:29:15 - [MESSAGE][PASSED] - Object: 'Object Repository/Modulo compensaciones/Liquidación_Nomina0/a_Periodo Nomina_LiquidacionNominaj_idt68' is clicked on

2022-03-29 19:29:15 - [TEST_STEP][PASSED] - selectOptionByIndex(findTestObject("Modulo compensaciones/Liquidación_Nomina0/select_--  Seleccione  --Periodo CerradoPeriodo en Proceso"), 2): All options with index in [2] are selected on object 'Object Repository/Modulo compensaciones/Liquidación_Nomina0/select_--  Seleccione  --Periodo CerradoPeriodo en Proceso'

2022-03-29 19:29:17 - [MESSAGE][PASSED] - All options with index in [2] are selected on object 'Object Repository/Modulo compensaciones/Liquidación_Nomina0/select_--  Seleccione  --Periodo CerradoPeriodo en Proceso'

2022-03-29 19:29:17 - [TEST_STEP][PASSED] - click(findTestObject("Modulo compensaciones/Liquidación_Nomina0/span_P. MensualJulio2021")): Object: 'Object Repository/Modulo compensaciones/Liquidación_Nomina0/span_P. MensualJulio2021' is clicked on

2022-03-29 19:29:17 - [MESSAGE][PASSED] - Object: 'Object Repository/Modulo compensaciones/Liquidación_Nomina0/span_P. MensualJulio2021' is clicked on

2022-03-29 19:29:17 - [TEST_STEP][PASSED] - click(findTestObject("Modulo compensaciones/Liquidación_Nomina0/a_Nombre Persona_LiquidacionNominaj_idt126")): Object: 'Object Repository/Modulo compensaciones/Liquidación_Nomina0/a_Nombre Persona_LiquidacionNominaj_idt126' is clicked on

2022-03-29 19:29:19 - [MESSAGE][PASSED] - Object: 'Object Repository/Modulo compensaciones/Liquidación_Nomina0/a_Nombre Persona_LiquidacionNominaj_idt126' is clicked on

2022-03-29 19:29:19 - [TEST_STEP][PASSED] - setText(findTestObject("Modulo compensaciones/Liquidación_Nomina0/input_Filtro Empleado_form_popupEmpleadoj_idt2433"), "1026588953"): Text '1026588953' is set on object 'Object Repository/Modulo compensaciones/Liquidación_Nomina0/input_Filtro Empleado_form_popupEmpleadoj_idt2433'

2022-03-29 19:29:20 - [MESSAGE][PASSED] - Text '1026588953' is set on object 'Object Repository/Modulo compensaciones/Liquidación_Nomina0/input_Filtro Empleado_form_popupEmpleadoj_idt2433'

2022-03-29 19:29:20 - [TEST_STEP][PASSED] - sendKeys(findTestObject("Modulo compensaciones/Liquidación_Nomina0/input_Filtro Empleado_form_popupEmpleadoj_idt2433"), Keys.chord(ENTER)): Keys 'ENTER + ' sent to object: 'Object Repository/Modulo compensaciones/Liquidación_Nomina0/input_Filtro Empleado_form_popupEmpleadoj_idt2433'

2022-03-29 19:29:20 - [MESSAGE][PASSED] - Keys 'ENTER + ' sent to object: 'Object Repository/Modulo compensaciones/Liquidación_Nomina0/input_Filtro Empleado_form_popupEmpleadoj_idt2433'

2022-03-29 19:29:20 - [TEST_STEP][PASSED] - click(findTestObject("Modulo compensaciones/Liquidación_Nomina0/span_Constantino Jhon")): Object: 'Object Repository/Modulo compensaciones/Liquidación_Nomina0/span_Constantino Jhon' is clicked on

2022-03-29 19:29:21 - [MESSAGE][PASSED] - Object: 'Object Repository/Modulo compensaciones/Liquidación_Nomina0/span_Constantino Jhon' is clicked on

2022-03-29 19:29:21 - [TEST_STEP][PASSED] - click(findTestObject("Modulo compensaciones/Liquidación_Nomina0/td_Aya Silva Cindy Ximena"), STOP_ON_FAILURE): Object: 'Object Repository/Modulo compensaciones/Liquidación_Nomina0/td_Aya Silva Cindy Ximena' is clicked on

2022-03-29 19:29:22 - [MESSAGE][PASSED] - Object: 'Object Repository/Modulo compensaciones/Liquidación_Nomina0/td_Aya Silva Cindy Ximena' is clicked on

2022-03-29 19:29:22 - [TEST_STEP][PASSED] - click(findTestObject("Modulo Parametros/Comprobar Parametros/a_Guardar")): Object: 'Object Repository/Modulo Parametros/Comprobar Parametros/a_Guardar' is clicked on

2022-03-29 19:29:23 - [MESSAGE][PASSED] - Object: 'Object Repository/Modulo Parametros/Comprobar Parametros/a_Guardar' is clicked on

2022-03-29 19:29:23 - [TEST_STEP][PASSED] - if (waitForElementVisible(findTestObject("Modulo compensaciones/Liquidación_Nomina0/p_Se guardo el mensaje"), 1)): null

2022-03-29 19:29:24 - [MESSAGE][PASSED] - Object 'Object Repository/Modulo compensaciones/Liquidación_Nomina0/p_Se guardo el mensaje' is visible

2022-03-29 19:29:24 - [TEST_STEP][PASSED] - closeBrowser(): Browser is closed

2022-03-29 19:29:24 - [MESSAGE][PASSED] - Browser is closed]]></system-out>
         <system-err><![CDATA[]]></system-err>
      </testcase>
      <testcase name="Test Cases/1.2-Tareas_Secundarias/A.1-Pruebas_compensaciones/11.1.7-Listado_Empleados" time="58.702" classname="Test Cases/1.2-Tareas_Secundarias/A.1-Pruebas_compensaciones/11.1.7-Listado_Empleados" status="PASSED">
         <system-out><![CDATA[2022-03-29 19:29:25 - [TEST_CASE][PASSED] - Test Cases/1.2-Tareas_Secundarias/A.1-Pruebas_compensaciones/11.1.7-Listado_Empleados: Test Cases/1.2-Tareas_Secundarias/A.1-Pruebas_compensaciones/11.1.7-Listado_Empleados

2022-03-29 19:29:25 - [TEST_STEP][PASSED] - callTestCase(findTestCase("0.1-Login"), [:], STOP_ON_FAILURE): Call Test Case 'Test Cases/0.1-Login' successfully

2022-03-29 19:29:25 - [TEST_CASE][PASSED] - Test Cases/0.1-Login: Test Cases/0.1-Login

2022-03-29 19:29:25 - [TEST_STEP][PASSED] - openBrowser(""): Browser is opened with url: ''

2022-03-29 19:29:25 - [MESSAGE][INFO] - Starting 'Chrome' driver

2022-03-29 19:29:25 - [MESSAGE][INFO] - Action delay is set to 50 milliseconds

2022-03-29 19:29:26 - [MESSAGE][PASSED] - Browser is opened with url: ''

2022-03-29 19:29:26 - [TEST_STEP][PASSED] - maximizeWindow(): Current window maximized

2022-03-29 19:29:26 - [MESSAGE][PASSED] - Current window maximized

2022-03-29 19:29:26 - [TEST_STEP][PASSED] - i = G_Login: null

2022-03-29 19:29:26 - [TEST_STEP][PASSED] - url = new java.net.URL(i): null

2022-03-29 19:29:26 - [TEST_STEP][PASSED] - println("URL: " + url.toString()): null

2022-03-29 19:29:26 - [TEST_STEP][PASSED] - connection = url.openConnection(): null

2022-03-29 19:29:26 - [TEST_STEP][PASSED] - connection.setRequestMethod("GET"): null

2022-03-29 19:29:26 - [TEST_STEP][PASSED] - connection.setReadTimeout(2 * 1000): null

2022-03-29 19:29:26 - [TEST_STEP][PASSED] - try: null

2022-03-29 19:29:26 - [TEST_STEP][PASSED] - connection.connect(): null

2022-03-29 19:29:26 - [TEST_STEP][PASSED] - flag = connected: null

2022-03-29 19:29:26 - [TEST_STEP][PASSED] - println("Valor_ori: " + flag): null

2022-03-29 19:29:26 - [TEST_STEP][PASSED] - if (flag): null

2022-03-29 19:29:26 - [TEST_STEP][PASSED] - navigateToUrl(i): Navigate to 'http://192.168.2.19:8380/saraweb' successfully

2022-03-29 19:29:27 - [MESSAGE][PASSED] - Navigate to 'http://192.168.2.19:8380/saraweb' successfully

2022-03-29 19:29:27 - [TEST_STEP][PASSED] - a(): null

2022-03-29 19:29:27 - [TEST_STEP][PASSED] - setText(findTestObject("Login/input_USUARIO_loginusuario"), G_Usuario): Text 'saraadmin' is set on object 'Object Repository/Login/input_USUARIO_loginusuario'

2022-03-29 19:29:28 - [MESSAGE][PASSED] - Text 'saraadmin' is set on object 'Object Repository/Login/input_USUARIO_loginusuario'

2022-03-29 19:29:28 - [TEST_STEP][PASSED] - setEncryptedText(findTestObject("Login/input_CLAVE_loginpassword"), "MkG4/TYiCFC3cb2driP7+Q=="): Text ****** has been set on object 'Object Repository/Login/input_CLAVE_loginpassword'

2022-03-29 19:29:29 - [MESSAGE][PASSED] - Text ****** has been set on object 'Object Repository/Login/input_CLAVE_loginpassword'

2022-03-29 19:29:29 - [TEST_STEP][PASSED] - waitForElementClickable(findTestObject("Login/a_Ingresar"), G_TimeOut): Object 'Object Repository/Login/a_Ingresar' is clickable

2022-03-29 19:29:29 - [MESSAGE][PASSED] - Object 'Object Repository/Login/a_Ingresar' is clickable

2022-03-29 19:29:29 - [TEST_STEP][PASSED] - click(findTestObject("Login/a_Ingresar")): Object: 'Object Repository/Login/a_Ingresar' is clicked on

2022-03-29 19:29:30 - [MESSAGE][PASSED] - Object: 'Object Repository/Login/a_Ingresar' is clicked on

2022-03-29 19:29:30 - [TEST_STEP][PASSED] - element = findWebElement(findTestObject("Login/a_Ir"), 30): null

2022-03-29 19:29:31 - [TEST_STEP][PASSED] - executeJavaScript("arguments[0].click()", Arrays.asList(element)): Execute JavaScript 'arguments[0].click()' successfully

2022-03-29 19:29:31 - [MESSAGE][PASSED] - Execute JavaScript 'arguments[0].click()' successfully

2022-03-29 19:29:31 - [MESSAGE][PASSED] - Call Test Case 'Test Cases/0.1-Login' successfully

2022-03-29 19:29:31 - [TEST_STEP][PASSED] - setText(findTestObject("Modulo compensaciones/Listado_Empleados/input_Empresa 1_form_templatej_idt24_input"), "Listado de Empleados"): Text 'Listado de Empleados' is set on object 'Object Repository/Modulo compensaciones/Listado_Empleados/input_Empresa 1_form_templatej_idt24_input'

2022-03-29 19:29:32 - [MESSAGE][PASSED] - Text 'Listado de Empleados' is set on object 'Object Repository/Modulo compensaciones/Listado_Empleados/input_Empresa 1_form_templatej_idt24_input'

2022-03-29 19:29:32 - [TEST_STEP][PASSED] - click(findTestObject("Modulo compensaciones/Listado_Empleados/li_Listado de Empleados (com)")): Object: 'Object Repository/Modulo compensaciones/Listado_Empleados/li_Listado de Empleados (com)' is clicked on

2022-03-29 19:29:33 - [MESSAGE][PASSED] - Object: 'Object Repository/Modulo compensaciones/Listado_Empleados/li_Listado de Empleados (com)' is clicked on

2022-03-29 19:29:33 - [TEST_STEP][PASSED] - setText(findTestObject("Modulo compensaciones/Listado_Empleados/input_Nombre Funcionario_listadoEmpleadoj_idt64"), "Consta"): Text 'Consta' is set on object 'Object Repository/Modulo compensaciones/Listado_Empleados/input_Nombre Funcionario_listadoEmpleadoj_idt64'

2022-03-29 19:29:36 - [MESSAGE][PASSED] - Text 'Consta' is set on object 'Object Repository/Modulo compensaciones/Listado_Empleados/input_Nombre Funcionario_listadoEmpleadoj_idt64'

2022-03-29 19:29:36 - [TEST_STEP][PASSED] - sendKeys(findTestObject("Modulo compensaciones/Listado_Empleados/input_Nombre Funcionario_listadoEmpleadoj_idt64"), Keys.chord(ENTER)): Keys 'ENTER + ' sent to object: 'Object Repository/Modulo compensaciones/Listado_Empleados/input_Nombre Funcionario_listadoEmpleadoj_idt64'

2022-03-29 19:29:36 - [MESSAGE][PASSED] - Keys 'ENTER + ' sent to object: 'Object Repository/Modulo compensaciones/Listado_Empleados/input_Nombre Funcionario_listadoEmpleadoj_idt64'

2022-03-29 19:29:36 - [TEST_STEP][PASSED] - click(findTestObject("Modulo compensaciones/Listado_Empleados/span_Constantino Jhon")): Object: 'Object Repository/Modulo compensaciones/Listado_Empleados/span_Constantino Jhon' is clicked on

2022-03-29 19:29:37 - [MESSAGE][PASSED] - Object: 'Object Repository/Modulo compensaciones/Listado_Empleados/span_Constantino Jhon' is clicked on

2022-03-29 19:29:37 - [TEST_STEP][PASSED] - click(findTestObject("Modulo compensaciones/Listado_Empleados/a_Liquidacin Periodica")): Object: 'Object Repository/Modulo compensaciones/Listado_Empleados/a_Liquidacin Periodica' is clicked on

2022-03-29 19:29:38 - [MESSAGE][PASSED] - Object: 'Object Repository/Modulo compensaciones/Listado_Empleados/a_Liquidacin Periodica' is clicked on

2022-03-29 19:29:38 - [TEST_STEP][PASSED] - selectOptionByIndex(findTestObject("Modulo compensaciones/Listado_Empleados/select_-- seleccione --BC - PRESTAMO BANCOLOMBIAPC - PRESTAMO COMPAA"), 2): All options with index in [2] are selected on object 'Object Repository/Modulo compensaciones/Listado_Empleados/select_-- seleccione --BC - PRESTAMO BANCOLOMBIAPC - PRESTAMO COMPAA'

2022-03-29 19:29:39 - [MESSAGE][PASSED] - All options with index in [2] are selected on object 'Object Repository/Modulo compensaciones/Listado_Empleados/select_-- seleccione --BC - PRESTAMO BANCOLOMBIAPC - PRESTAMO COMPAA'

2022-03-29 19:29:39 - [TEST_STEP][PASSED] - click(findTestObject("Modulo compensaciones/Listado_Empleados/span_Prestamo Compaa")): Object: 'Object Repository/Modulo compensaciones/Listado_Empleados/span_Prestamo Compaa' is clicked on

2022-03-29 19:29:40 - [MESSAGE][PASSED] - Object: 'Object Repository/Modulo compensaciones/Listado_Empleados/span_Prestamo Compaa' is clicked on

2022-03-29 19:29:40 - [TEST_STEP][PASSED] - totalA = getText(findTestObject("Modulo compensaciones/Listado_Empleados/input_Total Abonado_form_liquidacionesPeriodicasEmpleadotabLiquidacionesPeriodicasabono"), STOP_ON_FAILURE): Text of object 'Object Repository/Modulo compensaciones/Listado_Empleados/input_Total Abonado_form_liquidacionesPeriodicasEmpleadotabLiquidacionesPeriodicasabono' is: ''

2022-03-29 19:29:41 - [MESSAGE][PASSED] - Text of object 'Object Repository/Modulo compensaciones/Listado_Empleados/input_Total Abonado_form_liquidacionesPeriodicasEmpleadotabLiquidacionesPeriodicasabono' is: ''

2022-03-29 19:29:41 - [TEST_STEP][PASSED] - if (totalA == "10.000,00"): null

2022-03-29 19:29:41 - [TEST_STEP][PASSED] - else: Browser is closed

2022-03-29 19:29:41 - [TEST_STEP][PASSED] - callTestCase(findTestCase("1.2-Tareas_Secundarias/A.1-Pruebas_compensaciones/11.1.4-Fuente_General"), [:], STOP_ON_FAILURE): Call Test Case 'Test Cases/1.2-Tareas_Secundarias/A.1-Pruebas_compensaciones/11.1.4-Fuente_General' successfully

2022-03-29 19:29:41 - [TEST_CASE][PASSED] - Test Cases/1.2-Tareas_Secundarias/A.1-Pruebas_compensaciones/11.1.4-Fuente_General: Test Cases/1.2-Tareas_Secundarias/A.1-Pruebas_compensaciones/11.1.4-Fuente_General

2022-03-29 19:29:41 - [TEST_STEP][PASSED] - callTestCase(findTestCase("0.1-Login"), [:], STOP_ON_FAILURE): Call Test Case 'Test Cases/0.1-Login' successfully

2022-03-29 19:29:41 - [TEST_CASE][PASSED] - Test Cases/0.1-Login: Test Cases/0.1-Login

2022-03-29 19:29:41 - [TEST_STEP][PASSED] - openBrowser(""): Browser is opened with url: ''

2022-03-29 19:29:41 - [MESSAGE][WARNING] - A browser is already opened. Closing browser and opening a new one

2022-03-29 19:29:42 - [MESSAGE][INFO] - Starting 'Chrome' driver

2022-03-29 19:29:42 - [MESSAGE][INFO] - Action delay is set to 50 milliseconds

2022-03-29 19:29:43 - [MESSAGE][PASSED] - Browser is opened with url: ''

2022-03-29 19:29:43 - [TEST_STEP][PASSED] - maximizeWindow(): Current window maximized

2022-03-29 19:29:43 - [MESSAGE][PASSED] - Current window maximized

2022-03-29 19:29:43 - [TEST_STEP][PASSED] - i = G_Login: null

2022-03-29 19:29:43 - [TEST_STEP][PASSED] - url = new java.net.URL(i): null

2022-03-29 19:29:43 - [TEST_STEP][PASSED] - println("URL: " + url.toString()): null

2022-03-29 19:29:43 - [TEST_STEP][PASSED] - connection = url.openConnection(): null

2022-03-29 19:29:43 - [TEST_STEP][PASSED] - connection.setRequestMethod("GET"): null

2022-03-29 19:29:43 - [TEST_STEP][PASSED] - connection.setReadTimeout(2 * 1000): null

2022-03-29 19:29:43 - [TEST_STEP][PASSED] - try: null

2022-03-29 19:29:43 - [TEST_STEP][PASSED] - connection.connect(): null

2022-03-29 19:29:43 - [TEST_STEP][PASSED] - flag = connected: null

2022-03-29 19:29:43 - [TEST_STEP][PASSED] - println("Valor_ori: " + flag): null

2022-03-29 19:29:43 - [TEST_STEP][PASSED] - if (flag): null

2022-03-29 19:29:43 - [TEST_STEP][PASSED] - navigateToUrl(i): Navigate to 'http://192.168.2.19:8380/saraweb' successfully

2022-03-29 19:29:43 - [MESSAGE][PASSED] - Navigate to 'http://192.168.2.19:8380/saraweb' successfully

2022-03-29 19:29:43 - [TEST_STEP][PASSED] - a(): null

2022-03-29 19:29:43 - [TEST_STEP][PASSED] - setText(findTestObject("Login/input_USUARIO_loginusuario"), G_Usuario): Text 'saraadmin' is set on object 'Object Repository/Login/input_USUARIO_loginusuario'

2022-03-29 19:29:44 - [MESSAGE][PASSED] - Text 'saraadmin' is set on object 'Object Repository/Login/input_USUARIO_loginusuario'

2022-03-29 19:29:44 - [TEST_STEP][PASSED] - setEncryptedText(findTestObject("Login/input_CLAVE_loginpassword"), "MkG4/TYiCFC3cb2driP7+Q=="): Text ****** has been set on object 'Object Repository/Login/input_CLAVE_loginpassword'

2022-03-29 19:29:45 - [MESSAGE][PASSED] - Text ****** has been set on object 'Object Repository/Login/input_CLAVE_loginpassword'

2022-03-29 19:29:45 - [TEST_STEP][PASSED] - waitForElementClickable(findTestObject("Login/a_Ingresar"), G_TimeOut): Object 'Object Repository/Login/a_Ingresar' is clickable

2022-03-29 19:29:45 - [MESSAGE][PASSED] - Object 'Object Repository/Login/a_Ingresar' is clickable

2022-03-29 19:29:45 - [TEST_STEP][PASSED] - click(findTestObject("Login/a_Ingresar")): Object: 'Object Repository/Login/a_Ingresar' is clicked on

2022-03-29 19:29:47 - [MESSAGE][PASSED] - Object: 'Object Repository/Login/a_Ingresar' is clicked on

2022-03-29 19:29:47 - [TEST_STEP][PASSED] - element = findWebElement(findTestObject("Login/a_Ir"), 30): null

2022-03-29 19:29:47 - [TEST_STEP][PASSED] - executeJavaScript("arguments[0].click()", Arrays.asList(element)): Execute JavaScript 'arguments[0].click()' successfully

2022-03-29 19:29:48 - [MESSAGE][PASSED] - Execute JavaScript 'arguments[0].click()' successfully

2022-03-29 19:29:48 - [MESSAGE][PASSED] - Call Test Case 'Test Cases/0.1-Login' successfully

2022-03-29 19:29:48 - [TEST_STEP][PASSED] - setText(findTestObject("Modulo compensaciones/Fuente_General/input_Empresa 1_form_templatej_idt24_input"), "importar fuente general"): Text 'importar fuente general' is set on object 'Object Repository/Modulo compensaciones/Fuente_General/input_Empresa 1_form_templatej_idt24_input'

2022-03-29 19:29:49 - [MESSAGE][PASSED] - Text 'importar fuente general' is set on object 'Object Repository/Modulo compensaciones/Fuente_General/input_Empresa 1_form_templatej_idt24_input'

2022-03-29 19:29:49 - [TEST_STEP][PASSED] - click(findTestObject("Modulo compensaciones/Fuente_General/li_fuente general (gna)")): Object: 'Object Repository/Modulo compensaciones/Fuente_General/li_fuente general (gna)' is clicked on

2022-03-29 19:29:50 - [MESSAGE][PASSED] - Object: 'Object Repository/Modulo compensaciones/Fuente_General/li_fuente general (gna)' is clicked on

2022-03-29 19:29:50 - [TEST_STEP][PASSED] - setText(findTestObject("1-OBJECTS TAREAS PRINCIPALES/Modulo Tarea Sara General/Importar Fuente General/input_Procesos Generados_formImportarListadoFuentej_idt67"), "Creación prestamos"): Text 'Creación prestamos' is set on object 'Object Repository/1-OBJECTS TAREAS PRINCIPALES/Modulo Tarea Sara General/Importar Fuente General/input_Procesos Generados_formImportarListadoFuentej_idt67'

2022-03-29 19:29:52 - [MESSAGE][PASSED] - Text 'Creación prestamos' is set on object 'Object Repository/1-OBJECTS TAREAS PRINCIPALES/Modulo Tarea Sara General/Importar Fuente General/input_Procesos Generados_formImportarListadoFuentej_idt67'

2022-03-29 19:29:52 - [TEST_STEP][PASSED] - sendKeys(findTestObject("1-OBJECTS TAREAS PRINCIPALES/Modulo Tarea Sara General/Importar Fuente General/input_Procesos Generados_formImportarListadoFuentej_idt67"), Keys.chord(ENTER)): Keys 'ENTER + ' sent to object: 'Object Repository/1-OBJECTS TAREAS PRINCIPALES/Modulo Tarea Sara General/Importar Fuente General/input_Procesos Generados_formImportarListadoFuentej_idt67'

2022-03-29 19:29:52 - [MESSAGE][PASSED] - Keys 'ENTER + ' sent to object: 'Object Repository/1-OBJECTS TAREAS PRINCIPALES/Modulo Tarea Sara General/Importar Fuente General/input_Procesos Generados_formImportarListadoFuentej_idt67'

2022-03-29 19:29:52 - [TEST_STEP][PASSED] - click(findTestObject("1-OBJECTS TAREAS PRINCIPALES/Modulo Tarea Sara General/Importar Fuente General/td_Creacin Prestamos")): Object: 'Object Repository/1-OBJECTS TAREAS PRINCIPALES/Modulo Tarea Sara General/Importar Fuente General/td_Creacin Prestamos' is clicked on

2022-03-29 19:29:53 - [MESSAGE][PASSED] - Object: 'Object Repository/1-OBJECTS TAREAS PRINCIPALES/Modulo Tarea Sara General/Importar Fuente General/td_Creacin Prestamos' is clicked on

2022-03-29 19:29:53 - [TEST_STEP][PASSED] - ruta = G_rutaarchivos + "carguePrestamo.txt": null

2022-03-29 19:29:53 - [TEST_STEP][PASSED] - uploadFile(findTestObject("1-OBJECTS TAREAS PRINCIPALES/Modulo Tarea Sara General/Importar Fuente General/input_Cargar_formImportarFuentetabarchivo_input"), ruta): File 'E:\unionweb14\carguePrestamo.txt' sent to object: 'Object Repository/1-OBJECTS TAREAS PRINCIPALES/Modulo Tarea Sara General/Importar Fuente General/input_Cargar_formImportarFuentetabarchivo_input'

2022-03-29 19:29:54 - [MESSAGE][PASSED] - File 'E:\unionweb14\carguePrestamo.txt' sent to object: 'Object Repository/1-OBJECTS TAREAS PRINCIPALES/Modulo Tarea Sara General/Importar Fuente General/input_Cargar_formImportarFuentetabarchivo_input'

2022-03-29 19:29:54 - [TEST_STEP][PASSED] - click(findTestObject("1-OBJECTS TAREAS PRINCIPALES/Modulo Tarea Sara General/Importar Fuente General/a_Importar")): Object: 'Object Repository/1-OBJECTS TAREAS PRINCIPALES/Modulo Tarea Sara General/Importar Fuente General/a_Importar' is clicked on

2022-03-29 19:29:55 - [MESSAGE][PASSED] - Object: 'Object Repository/1-OBJECTS TAREAS PRINCIPALES/Modulo Tarea Sara General/Importar Fuente General/a_Importar' is clicked on

2022-03-29 19:29:55 - [TEST_STEP][PASSED] - waitForElementVisible(findTestObject("Modulo compensaciones/Fuente_General/a_Continuar"), 0): Object 'Object Repository/Modulo compensaciones/Fuente_General/a_Continuar' is visible

2022-03-29 19:29:55 - [MESSAGE][WARNING] - Timeout '0' is invalid. Using default page load timeout: '45'

2022-03-29 19:29:58 - [MESSAGE][PASSED] - Object 'Object Repository/Modulo compensaciones/Fuente_General/a_Continuar' is visible

2022-03-29 19:29:58 - [TEST_STEP][PASSED] - click(findTestObject("Modulo compensaciones/Fuente_General/a_Continuar")): Object: 'Object Repository/Modulo compensaciones/Fuente_General/a_Continuar' is clicked on

2022-03-29 19:29:59 - [MESSAGE][PASSED] - Object: 'Object Repository/Modulo compensaciones/Fuente_General/a_Continuar' is clicked on

2022-03-29 19:29:59 - [TEST_STEP][PASSED] - click(findTestObject("Modulo compensaciones/Fuente_General/a_Ejecutar")): Object: 'Object Repository/Modulo compensaciones/Fuente_General/a_Ejecutar' is clicked on

2022-03-29 19:30:02 - [MESSAGE][PASSED] - Object: 'Object Repository/Modulo compensaciones/Fuente_General/a_Ejecutar' is clicked on

2022-03-29 19:30:02 - [TEST_STEP][PASSED] - click(findTestObject("Modulo compensaciones/Fuente_General/a_Continuar")): Object: 'Object Repository/Modulo compensaciones/Fuente_General/a_Continuar' is clicked on

2022-03-29 19:30:06 - [MESSAGE][PASSED] - Object: 'Object Repository/Modulo compensaciones/Fuente_General/a_Continuar' is clicked on

2022-03-29 19:30:06 - [TEST_STEP][PASSED] - waitForElementVisible(findTestObject("Modulo compensaciones/Fuente_General/td_354968431354    PC65000001000020107202118076995478975000"), 0): Object 'Object Repository/Modulo compensaciones/Fuente_General/td_354968431354    PC65000001000020107202118076995478975000' is visible

2022-03-29 19:30:06 - [MESSAGE][WARNING] - Timeout '0' is invalid. Using default page load timeout: '45'

2022-03-29 19:30:06 - [MESSAGE][PASSED] - Object 'Object Repository/Modulo compensaciones/Fuente_General/td_354968431354    PC65000001000020107202118076995478975000' is visible

2022-03-29 19:30:06 - [TEST_STEP][PASSED] - closeBrowser(): Browser is closed

2022-03-29 19:30:07 - [MESSAGE][PASSED] - Browser is closed

2022-03-29 19:30:07 - [MESSAGE][PASSED] - Call Test Case 'Test Cases/1.2-Tareas_Secundarias/A.1-Pruebas_compensaciones/11.1.4-Fuente_General' successfully

2022-03-29 19:30:07 - [TEST_STEP][PASSED] - callTestCase(findTestCase("0.1-Login"), [:], STOP_ON_FAILURE): Call Test Case 'Test Cases/0.1-Login' successfully

2022-03-29 19:30:07 - [TEST_CASE][PASSED] - Test Cases/0.1-Login: Test Cases/0.1-Login

2022-03-29 19:30:07 - [TEST_STEP][PASSED] - openBrowser(""): Browser is opened with url: ''

2022-03-29 19:30:07 - [MESSAGE][INFO] - Starting 'Chrome' driver

2022-03-29 19:30:07 - [MESSAGE][INFO] - Action delay is set to 50 milliseconds

2022-03-29 19:30:08 - [MESSAGE][PASSED] - Browser is opened with url: ''

2022-03-29 19:30:08 - [TEST_STEP][PASSED] - maximizeWindow(): Current window maximized

2022-03-29 19:30:08 - [MESSAGE][PASSED] - Current window maximized

2022-03-29 19:30:08 - [TEST_STEP][PASSED] - i = G_Login: null

2022-03-29 19:30:08 - [TEST_STEP][PASSED] - url = new java.net.URL(i): null

2022-03-29 19:30:08 - [TEST_STEP][PASSED] - println("URL: " + url.toString()): null

2022-03-29 19:30:08 - [TEST_STEP][PASSED] - connection = url.openConnection(): null

2022-03-29 19:30:08 - [TEST_STEP][PASSED] - connection.setRequestMethod("GET"): null

2022-03-29 19:30:08 - [TEST_STEP][PASSED] - connection.setReadTimeout(2 * 1000): null

2022-03-29 19:30:08 - [TEST_STEP][PASSED] - try: null

2022-03-29 19:30:08 - [TEST_STEP][PASSED] - connection.connect(): null

2022-03-29 19:30:08 - [TEST_STEP][PASSED] - flag = connected: null

2022-03-29 19:30:08 - [TEST_STEP][PASSED] - println("Valor_ori: " + flag): null

2022-03-29 19:30:09 - [TEST_STEP][PASSED] - if (flag): null

2022-03-29 19:30:09 - [TEST_STEP][PASSED] - navigateToUrl(i): Navigate to 'http://192.168.2.19:8380/saraweb' successfully

2022-03-29 19:30:09 - [MESSAGE][PASSED] - Navigate to 'http://192.168.2.19:8380/saraweb' successfully

2022-03-29 19:30:09 - [TEST_STEP][PASSED] - a(): null

2022-03-29 19:30:09 - [TEST_STEP][PASSED] - setText(findTestObject("Login/input_USUARIO_loginusuario"), G_Usuario): Text 'saraadmin' is set on object 'Object Repository/Login/input_USUARIO_loginusuario'

2022-03-29 19:30:10 - [MESSAGE][PASSED] - Text 'saraadmin' is set on object 'Object Repository/Login/input_USUARIO_loginusuario'

2022-03-29 19:30:10 - [TEST_STEP][PASSED] - setEncryptedText(findTestObject("Login/input_CLAVE_loginpassword"), "MkG4/TYiCFC3cb2driP7+Q=="): Text ****** has been set on object 'Object Repository/Login/input_CLAVE_loginpassword'

2022-03-29 19:30:11 - [MESSAGE][PASSED] - Text ****** has been set on object 'Object Repository/Login/input_CLAVE_loginpassword'

2022-03-29 19:30:11 - [TEST_STEP][PASSED] - waitForElementClickable(findTestObject("Login/a_Ingresar"), G_TimeOut): Object 'Object Repository/Login/a_Ingresar' is clickable

2022-03-29 19:30:11 - [MESSAGE][PASSED] - Object 'Object Repository/Login/a_Ingresar' is clickable

2022-03-29 19:30:11 - [TEST_STEP][PASSED] - click(findTestObject("Login/a_Ingresar")): Object: 'Object Repository/Login/a_Ingresar' is clicked on

2022-03-29 19:30:12 - [MESSAGE][PASSED] - Object: 'Object Repository/Login/a_Ingresar' is clicked on

2022-03-29 19:30:12 - [TEST_STEP][PASSED] - element = findWebElement(findTestObject("Login/a_Ir"), 30): null

2022-03-29 19:30:13 - [TEST_STEP][PASSED] - executeJavaScript("arguments[0].click()", Arrays.asList(element)): Execute JavaScript 'arguments[0].click()' successfully

2022-03-29 19:30:13 - [MESSAGE][PASSED] - Execute JavaScript 'arguments[0].click()' successfully

2022-03-29 19:30:13 - [MESSAGE][PASSED] - Call Test Case 'Test Cases/0.1-Login' successfully

2022-03-29 19:30:13 - [TEST_STEP][PASSED] - setText(findTestObject("input_Empresa 1_form_templatej_idt24_input"), "listado de empleados"): Text 'listado de empleados' is set on object 'Object Repository/input_Empresa 1_form_templatej_idt24_input'

2022-03-29 19:30:14 - [MESSAGE][PASSED] - Text 'listado de empleados' is set on object 'Object Repository/input_Empresa 1_form_templatej_idt24_input'

2022-03-29 19:30:14 - [TEST_STEP][PASSED] - click(findTestObject("Modulo compensaciones/Listado_Empleados/span_Listado de Empleados")): Object: 'Object Repository/Modulo compensaciones/Listado_Empleados/span_Listado de Empleados' is clicked on

2022-03-29 19:30:15 - [MESSAGE][PASSED] - Object: 'Object Repository/Modulo compensaciones/Listado_Empleados/span_Listado de Empleados' is clicked on

2022-03-29 19:30:15 - [TEST_STEP][PASSED] - setText(findTestObject("Modulo compensaciones/Listado_Empleados/input_Nombre Funcionario_listadoEmpleadoj_idt64"), "consta"): Text 'consta' is set on object 'Object Repository/Modulo compensaciones/Listado_Empleados/input_Nombre Funcionario_listadoEmpleadoj_idt64'

2022-03-29 19:30:17 - [MESSAGE][PASSED] - Text 'consta' is set on object 'Object Repository/Modulo compensaciones/Listado_Empleados/input_Nombre Funcionario_listadoEmpleadoj_idt64'

2022-03-29 19:30:17 - [TEST_STEP][PASSED] - sendKeys(findTestObject("Modulo compensaciones/Listado_Empleados/input_Nombre Funcionario_listadoEmpleadoj_idt64"), Keys.chord(ENTER)): Keys 'ENTER + ' sent to object: 'Object Repository/Modulo compensaciones/Listado_Empleados/input_Nombre Funcionario_listadoEmpleadoj_idt64'

2022-03-29 19:30:18 - [MESSAGE][PASSED] - Keys 'ENTER + ' sent to object: 'Object Repository/Modulo compensaciones/Listado_Empleados/input_Nombre Funcionario_listadoEmpleadoj_idt64'

2022-03-29 19:30:18 - [TEST_STEP][PASSED] - click(findTestObject("Modulo compensaciones/Listado_Empleados/span_Constantino Jhon")): Object: 'Object Repository/Modulo compensaciones/Listado_Empleados/span_Constantino Jhon' is clicked on

2022-03-29 19:30:19 - [MESSAGE][PASSED] - Object: 'Object Repository/Modulo compensaciones/Listado_Empleados/span_Constantino Jhon' is clicked on

2022-03-29 19:30:19 - [TEST_STEP][PASSED] - click(findTestObject("Modulo compensaciones/Listado_Empleados/a_Liquidacin Periodica")): Object: 'Object Repository/Modulo compensaciones/Listado_Empleados/a_Liquidacin Periodica' is clicked on

2022-03-29 19:30:20 - [MESSAGE][PASSED] - Object: 'Object Repository/Modulo compensaciones/Listado_Empleados/a_Liquidacin Periodica' is clicked on

2022-03-29 19:30:20 - [TEST_STEP][PASSED] - selectOptionByIndex(findTestObject("Modulo compensaciones/Listado_Empleados/select_-- seleccione --BC - PRESTAMO BANCOLOMBIAPC - PRESTAMO COMPAA"), 2): All options with index in [2] are selected on object 'Object Repository/Modulo compensaciones/Listado_Empleados/select_-- seleccione --BC - PRESTAMO BANCOLOMBIAPC - PRESTAMO COMPAA'

2022-03-29 19:30:21 - [MESSAGE][PASSED] - All options with index in [2] are selected on object 'Object Repository/Modulo compensaciones/Listado_Empleados/select_-- seleccione --BC - PRESTAMO BANCOLOMBIAPC - PRESTAMO COMPAA'

2022-03-29 19:30:21 - [TEST_STEP][PASSED] - click(findTestObject("Modulo compensaciones/Listado_Empleados/span_Prestamo Compaa")): Object: 'Object Repository/Modulo compensaciones/Listado_Empleados/span_Prestamo Compaa' is clicked on

2022-03-29 19:30:22 - [MESSAGE][PASSED] - Object: 'Object Repository/Modulo compensaciones/Listado_Empleados/span_Prestamo Compaa' is clicked on

2022-03-29 19:30:22 - [TEST_STEP][PASSED] - getText(findTestObject("Modulo compensaciones/Listado_Empleados/input_Total Abonado_form_liquidacionesPeriodicasEmpleadotabLiquidacionesPeriodicasabono")): Text of object 'Object Repository/Modulo compensaciones/Listado_Empleados/input_Total Abonado_form_liquidacionesPeriodicasEmpleadotabLiquidacionesPeriodicasabono' is: ''

2022-03-29 19:30:23 - [MESSAGE][PASSED] - Text of object 'Object Repository/Modulo compensaciones/Listado_Empleados/input_Total Abonado_form_liquidacionesPeriodicasEmpleadotabLiquidacionesPeriodicasabono' is: ''

2022-03-29 19:30:23 - [TEST_STEP][PASSED] - closeBrowser(): Browser is closed

2022-03-29 19:30:23 - [MESSAGE][PASSED] - Browser is closed]]></system-out>
         <system-err><![CDATA[]]></system-err>
      </testcase>
      <testcase name="Test Cases/1.2-Tareas_Secundarias/A.2-Pruebas_planta_personal/12.1.1-Crear_una_unidad" time="31.19" classname="Test Cases/1.2-Tareas_Secundarias/A.2-Pruebas_planta_personal/12.1.1-Crear_una_unidad" status="PASSED">
         <system-out><![CDATA[2022-03-29 19:30:23 - [TEST_CASE][PASSED] - Test Cases/1.2-Tareas_Secundarias/A.2-Pruebas_planta_personal/12.1.1-Crear_una_unidad: Test Cases/1.2-Tareas_Secundarias/A.2-Pruebas_planta_personal/12.1.1-Crear_una_unidad

2022-03-29 19:30:24 - [TEST_STEP][PASSED] - callTestCase(findTestCase("0.1-Login"), [:], STOP_ON_FAILURE): Call Test Case 'Test Cases/0.1-Login' successfully

2022-03-29 19:30:24 - [TEST_CASE][PASSED] - Test Cases/0.1-Login: Test Cases/0.1-Login

2022-03-29 19:30:24 - [TEST_STEP][PASSED] - openBrowser(""): Browser is opened with url: ''

2022-03-29 19:30:24 - [MESSAGE][INFO] - Starting 'Chrome' driver

2022-03-29 19:30:24 - [MESSAGE][INFO] - Action delay is set to 50 milliseconds

2022-03-29 19:30:25 - [MESSAGE][PASSED] - Browser is opened with url: ''

2022-03-29 19:30:25 - [TEST_STEP][PASSED] - maximizeWindow(): Current window maximized

2022-03-29 19:30:25 - [MESSAGE][PASSED] - Current window maximized

2022-03-29 19:30:25 - [TEST_STEP][PASSED] - i = G_Login: null

2022-03-29 19:30:25 - [TEST_STEP][PASSED] - url = new java.net.URL(i): null

2022-03-29 19:30:25 - [TEST_STEP][PASSED] - println("URL: " + url.toString()): null

2022-03-29 19:30:25 - [TEST_STEP][PASSED] - connection = url.openConnection(): null

2022-03-29 19:30:25 - [TEST_STEP][PASSED] - connection.setRequestMethod("GET"): null

2022-03-29 19:30:25 - [TEST_STEP][PASSED] - connection.setReadTimeout(2 * 1000): null

2022-03-29 19:30:25 - [TEST_STEP][PASSED] - try: null

2022-03-29 19:30:25 - [TEST_STEP][PASSED] - connection.connect(): null

2022-03-29 19:30:25 - [TEST_STEP][PASSED] - flag = connected: null

2022-03-29 19:30:25 - [TEST_STEP][PASSED] - println("Valor_ori: " + flag): null

2022-03-29 19:30:25 - [TEST_STEP][PASSED] - if (flag): null

2022-03-29 19:30:25 - [TEST_STEP][PASSED] - navigateToUrl(i): Navigate to 'http://192.168.2.19:8380/saraweb' successfully

2022-03-29 19:30:26 - [MESSAGE][PASSED] - Navigate to 'http://192.168.2.19:8380/saraweb' successfully

2022-03-29 19:30:26 - [TEST_STEP][PASSED] - a(): null

2022-03-29 19:30:26 - [TEST_STEP][PASSED] - setText(findTestObject("Login/input_USUARIO_loginusuario"), G_Usuario): Text 'saraadmin' is set on object 'Object Repository/Login/input_USUARIO_loginusuario'

2022-03-29 19:30:27 - [MESSAGE][PASSED] - Text 'saraadmin' is set on object 'Object Repository/Login/input_USUARIO_loginusuario'

2022-03-29 19:30:27 - [TEST_STEP][PASSED] - setEncryptedText(findTestObject("Login/input_CLAVE_loginpassword"), "MkG4/TYiCFC3cb2driP7+Q=="): Text ****** has been set on object 'Object Repository/Login/input_CLAVE_loginpassword'

2022-03-29 19:30:27 - [MESSAGE][PASSED] - Text ****** has been set on object 'Object Repository/Login/input_CLAVE_loginpassword'

2022-03-29 19:30:27 - [TEST_STEP][PASSED] - waitForElementClickable(findTestObject("Login/a_Ingresar"), G_TimeOut): Object 'Object Repository/Login/a_Ingresar' is clickable

2022-03-29 19:30:28 - [MESSAGE][PASSED] - Object 'Object Repository/Login/a_Ingresar' is clickable

2022-03-29 19:30:28 - [TEST_STEP][PASSED] - click(findTestObject("Login/a_Ingresar")): Object: 'Object Repository/Login/a_Ingresar' is clicked on

2022-03-29 19:30:29 - [MESSAGE][PASSED] - Object: 'Object Repository/Login/a_Ingresar' is clicked on

2022-03-29 19:30:29 - [TEST_STEP][PASSED] - element = findWebElement(findTestObject("Login/a_Ir"), 30): null

2022-03-29 19:30:29 - [TEST_STEP][PASSED] - executeJavaScript("arguments[0].click()", Arrays.asList(element)): Execute JavaScript 'arguments[0].click()' successfully

2022-03-29 19:30:30 - [MESSAGE][PASSED] - Execute JavaScript 'arguments[0].click()' successfully

2022-03-29 19:30:30 - [MESSAGE][PASSED] - Call Test Case 'Test Cases/0.1-Login' successfully

2022-03-29 19:30:30 - [TEST_STEP][PASSED] - setText(findTestObject("Modulo Pruebas Planta de Personal/Crear_una_unidad/input_Empresa 1_form_templatej_idt24_input"), "planta personal (tal)"): Text 'planta personal (tal)' is set on object 'Object Repository/Modulo Pruebas Planta de Personal/Crear_una_unidad/input_Empresa 1_form_templatej_idt24_input'

2022-03-29 19:30:31 - [MESSAGE][PASSED] - Text 'planta personal (tal)' is set on object 'Object Repository/Modulo Pruebas Planta de Personal/Crear_una_unidad/input_Empresa 1_form_templatej_idt24_input'

2022-03-29 19:30:31 - [TEST_STEP][PASSED] - click(findTestObject("Modulo Pruebas Planta de Personal/Crear_una_unidad/span_Planta Personal (tal)")): Object: 'Object Repository/Modulo Pruebas Planta de Personal/Crear_una_unidad/span_Planta Personal (tal)' is clicked on

2022-03-29 19:30:32 - [MESSAGE][PASSED] - Object: 'Object Repository/Modulo Pruebas Planta de Personal/Crear_una_unidad/span_Planta Personal (tal)' is clicked on

2022-03-29 19:30:32 - [TEST_STEP][PASSED] - click(findTestObject("Modulo Pruebas Planta de Personal/Crear_una_unidad/span_Administracion")): Object: 'Object Repository/Modulo Pruebas Planta de Personal/Crear_una_unidad/span_Administracion' is clicked on

2022-03-29 19:30:33 - [MESSAGE][PASSED] - Object: 'Object Repository/Modulo Pruebas Planta de Personal/Crear_una_unidad/span_Administracion' is clicked on

2022-03-29 19:30:33 - [TEST_STEP][PASSED] - if (waitForElementVisible(findTestObject("Modulo Pruebas Planta de Personal/Crear_una_unidad/span_Pruebas  Katalon1"), 1)): null

2022-03-29 19:30:34 - [MESSAGE][PASSED] - Object 'Object Repository/Modulo Pruebas Planta de Personal/Crear_una_unidad/span_Pruebas  Katalon1' is visible

2022-03-29 19:30:34 - [TEST_STEP][PASSED] - click(findTestObject("Modulo Pruebas Planta de Personal/Crear_una_unidad/span_Pruebas  Katalon1")): Object: 'Object Repository/Modulo Pruebas Planta de Personal/Crear_una_unidad/span_Pruebas  Katalon1' is clicked on

2022-03-29 19:30:35 - [MESSAGE][PASSED] - Object: 'Object Repository/Modulo Pruebas Planta de Personal/Crear_una_unidad/span_Pruebas  Katalon1' is clicked on

2022-03-29 19:30:35 - [TEST_STEP][PASSED] - click(findTestObject("Modulo Pruebas Planta de Personal/Crear_una_unidad/span_No Relacionado_ui-button-icon-left ui-icon ui-c ui-icon-triangle-1-s")): Object: 'Object Repository/Modulo Pruebas Planta de Personal/Crear_una_unidad/span_No Relacionado_ui-button-icon-left ui-icon ui-c ui-icon-triangle-1-s' is clicked on

2022-03-29 19:30:35 - [MESSAGE][PASSED] - Object: 'Object Repository/Modulo Pruebas Planta de Personal/Crear_una_unidad/span_No Relacionado_ui-button-icon-left ui-icon ui-c ui-icon-triangle-1-s' is clicked on

2022-03-29 19:30:35 - [TEST_STEP][PASSED] - click(findTestObject("Modulo Pruebas Planta de Personal/Crear_una_unidad/span_Organigrama1")): Object: 'Object Repository/Modulo Pruebas Planta de Personal/Crear_una_unidad/span_Organigrama1' is clicked on

2022-03-29 19:30:36 - [MESSAGE][PASSED] - Object: 'Object Repository/Modulo Pruebas Planta de Personal/Crear_una_unidad/span_Organigrama1' is clicked on

2022-03-29 19:30:36 - [TEST_STEP][PASSED] - if (waitForElementVisible(findTestObject("Modulo Pruebas Planta de Personal/Crear_una_unidad/span_QAS"), 1)): null

2022-03-29 19:30:36 - [MESSAGE][PASSED] - Object 'Object Repository/Modulo Pruebas Planta de Personal/Crear_una_unidad/span_QAS' is visible

2022-03-29 19:30:36 - [TEST_STEP][PASSED] - click(findTestObject("Modulo Pruebas Planta de Personal/Crear_una_unidad/a_QAS_organigramaj_idt1420modificar")): Object: 'Object Repository/Modulo Pruebas Planta de Personal/Crear_una_unidad/a_QAS_organigramaj_idt1420modificar' is clicked on

2022-03-29 19:30:37 - [MESSAGE][PASSED] - Object: 'Object Repository/Modulo Pruebas Planta de Personal/Crear_una_unidad/a_QAS_organigramaj_idt1420modificar' is clicked on

2022-03-29 19:30:37 - [TEST_STEP][PASSED] - click(findTestObject("Modulo Pruebas Planta de Personal/Crear_una_unidad/a_Eliminar1")): Object: 'Object Repository/Modulo Pruebas Planta de Personal/Crear_una_unidad/a_Eliminar1' is clicked on

2022-03-29 19:30:38 - [MESSAGE][PASSED] - Object: 'Object Repository/Modulo Pruebas Planta de Personal/Crear_una_unidad/a_Eliminar1' is clicked on

2022-03-29 19:30:38 - [TEST_STEP][PASSED] - click(findTestObject("Modulo Pruebas Planta de Personal/Crear_una_unidad/span_Si1")): Object: 'Object Repository/Modulo Pruebas Planta de Personal/Crear_una_unidad/span_Si1' is clicked on

2022-03-29 19:30:39 - [MESSAGE][PASSED] - Object: 'Object Repository/Modulo Pruebas Planta de Personal/Crear_una_unidad/span_Si1' is clicked on

2022-03-29 19:30:39 - [TEST_STEP][PASSED] - click(findTestObject("Modulo Pruebas Planta de Personal/Crear_una_unidad/a_Pruebas  Katalon_organigramamodificar2")): Object: 'Object Repository/Modulo Pruebas Planta de Personal/Crear_una_unidad/a_Pruebas  Katalon_organigramamodificar2' is clicked on

2022-03-29 19:30:41 - [MESSAGE][PASSED] - Object: 'Object Repository/Modulo Pruebas Planta de Personal/Crear_una_unidad/a_Pruebas  Katalon_organigramamodificar2' is clicked on

2022-03-29 19:30:41 - [TEST_STEP][PASSED] - click(findTestObject("Modulo Pruebas Planta de Personal/Crear_una_unidad/a_Eliminar")): Object: 'Object Repository/Modulo Pruebas Planta de Personal/Crear_una_unidad/a_Eliminar' is clicked on

2022-03-29 19:30:42 - [MESSAGE][PASSED] - Object: 'Object Repository/Modulo Pruebas Planta de Personal/Crear_una_unidad/a_Eliminar' is clicked on

2022-03-29 19:30:42 - [TEST_STEP][PASSED] - click(findTestObject("Modulo Pruebas Planta de Personal/Crear_una_unidad/span_Si")): Object: 'Object Repository/Modulo Pruebas Planta de Personal/Crear_una_unidad/span_Si' is clicked on

2022-03-29 19:30:43 - [MESSAGE][PASSED] - Object: 'Object Repository/Modulo Pruebas Planta de Personal/Crear_una_unidad/span_Si' is clicked on

2022-03-29 19:30:43 - [TEST_STEP][PASSED] - click(findTestObject("Modulo Pruebas Planta de Personal/Crear_una_unidad/span_Administracion")): Object: 'Object Repository/Modulo Pruebas Planta de Personal/Crear_una_unidad/span_Administracion' is clicked on

2022-03-29 19:30:44 - [MESSAGE][PASSED] - Object: 'Object Repository/Modulo Pruebas Planta de Personal/Crear_una_unidad/span_Administracion' is clicked on

2022-03-29 19:30:44 - [TEST_STEP][PASSED] - click(findTestObject("Modulo Pruebas Planta de Personal/Crear_una_unidad/span_No Relacionado_ui-button-icon-left ui-icon ui-c ui-icon-triangle-1-s")): Object: 'Object Repository/Modulo Pruebas Planta de Personal/Crear_una_unidad/span_No Relacionado_ui-button-icon-left ui-icon ui-c ui-icon-triangle-1-s' is clicked on

2022-03-29 19:30:45 - [MESSAGE][PASSED] - Object: 'Object Repository/Modulo Pruebas Planta de Personal/Crear_una_unidad/span_No Relacionado_ui-button-icon-left ui-icon ui-c ui-icon-triangle-1-s' is clicked on

2022-03-29 19:30:45 - [TEST_STEP][PASSED] - click(findTestObject("Modulo Pruebas Planta de Personal/Crear_una_unidad/span_Organigrama")): Object: 'Object Repository/Modulo Pruebas Planta de Personal/Crear_una_unidad/span_Organigrama' is clicked on

2022-03-29 19:30:46 - [MESSAGE][PASSED] - Object: 'Object Repository/Modulo Pruebas Planta de Personal/Crear_una_unidad/span_Organigrama' is clicked on

2022-03-29 19:30:46 - [TEST_STEP][PASSED] - Result = getText(findTestObject("Modulo Pruebas Planta de Personal/Crear_una_unidad/span_Pruebas  Katalon")): Text of object 'Object Repository/Modulo Pruebas Planta de Personal/Crear_una_unidad/span_Pruebas  Katalon' is: 'UNIDAD NUEVA1'

2022-03-29 19:30:47 - [MESSAGE][PASSED] - Text of object 'Object Repository/Modulo Pruebas Planta de Personal/Crear_una_unidad/span_Pruebas  Katalon' is: 'UNIDAD NUEVA1'

2022-03-29 19:30:47 - [TEST_STEP][PASSED] - if (Result == "Pruebas Katalon"): null

2022-03-29 19:30:47 - [TEST_STEP][PASSED] - click(findTestObject("Modulo Pruebas Planta de Personal/Crear_una_unidad/a_Organigrama_organigramacrearUnidad")): Object: 'Object Repository/Modulo Pruebas Planta de Personal/Crear_una_unidad/a_Organigrama_organigramacrearUnidad' is clicked on

2022-03-29 19:30:47 - [MESSAGE][PASSED] - Object: 'Object Repository/Modulo Pruebas Planta de Personal/Crear_una_unidad/a_Organigrama_organigramacrearUnidad' is clicked on

2022-03-29 19:30:47 - [TEST_STEP][PASSED] - setText(findTestObject("Modulo Pruebas Planta de Personal/Crear_una_unidad/input_Unidad Organizacional_popupUnidadOrganizacional_formcodigoUnidadPopup"), "27"): Text '27' is set on object 'Object Repository/Modulo Pruebas Planta de Personal/Crear_una_unidad/input_Unidad Organizacional_popupUnidadOrganizacional_formcodigoUnidadPopup'

2022-03-29 19:30:49 - [MESSAGE][PASSED] - Text '27' is set on object 'Object Repository/Modulo Pruebas Planta de Personal/Crear_una_unidad/input_Unidad Organizacional_popupUnidadOrganizacional_formcodigoUnidadPopup'

2022-03-29 19:30:49 - [TEST_STEP][PASSED] - selectOptionByIndex(findTestObject("Modulo Pruebas Planta de Personal/Crear_una_unidad/select_--Seleccione Tipo Unidad--COORDINACIONPRESIDENCIAVICEPRESIDENCIA"), 5): All options with index in [5] are selected on object 'Object Repository/Modulo Pruebas Planta de Personal/Crear_una_unidad/select_--Seleccione Tipo Unidad--COORDINACIONPRESIDENCIAVICEPRESIDENCIA'

2022-03-29 19:30:50 - [MESSAGE][PASSED] - All options with index in [5] are selected on object 'Object Repository/Modulo Pruebas Planta de Personal/Crear_una_unidad/select_--Seleccione Tipo Unidad--COORDINACIONPRESIDENCIAVICEPRESIDENCIA'

2022-03-29 19:30:50 - [TEST_STEP][PASSED] - setText(findTestObject("Modulo Pruebas Planta de Personal/Crear_una_unidad/input_Descripcin_popupUnidadOrganizacional_formnombreUnidadPopup"), "Pruebas  Katalon"): Text 'Pruebas  Katalon' is set on object 'Object Repository/Modulo Pruebas Planta de Personal/Crear_una_unidad/input_Descripcin_popupUnidadOrganizacional_formnombreUnidadPopup'

2022-03-29 19:30:51 - [MESSAGE][PASSED] - Text 'Pruebas  Katalon' is set on object 'Object Repository/Modulo Pruebas Planta de Personal/Crear_una_unidad/input_Descripcin_popupUnidadOrganizacional_formnombreUnidadPopup'

2022-03-29 19:30:51 - [TEST_STEP][PASSED] - selectOptionByIndex(findTestObject("Modulo Pruebas Planta de Personal/Crear_una_unidad/select_--Seleccione Sucursal--NO RELACIONADABOGOTA"), 2): All options with index in [2] are selected on object 'Object Repository/Modulo Pruebas Planta de Personal/Crear_una_unidad/select_--Seleccione Sucursal--NO RELACIONADABOGOTA'

2022-03-29 19:30:53 - [MESSAGE][PASSED] - All options with index in [2] are selected on object 'Object Repository/Modulo Pruebas Planta de Personal/Crear_una_unidad/select_--Seleccione Sucursal--NO RELACIONADABOGOTA'

2022-03-29 19:30:53 - [TEST_STEP][PASSED] - selectOptionByIndex(findTestObject("Modulo Pruebas Planta de Personal/Crear_una_unidad/select_--Seleccione el Estado--SINO"), 1): All options with index in [1] are selected on object 'Object Repository/Modulo Pruebas Planta de Personal/Crear_una_unidad/select_--Seleccione el Estado--SINO'

2022-03-29 19:30:54 - [MESSAGE][PASSED] - All options with index in [1] are selected on object 'Object Repository/Modulo Pruebas Planta de Personal/Crear_una_unidad/select_--Seleccione el Estado--SINO'

2022-03-29 19:30:54 - [TEST_STEP][PASSED] - click(findTestObject("Modulo Pruebas Planta de Personal/Crear_una_unidad/a_Actualizar")): Object: 'Object Repository/Modulo Pruebas Planta de Personal/Crear_una_unidad/a_Actualizar' is clicked on

2022-03-29 19:30:54 - [MESSAGE][PASSED] - Object: 'Object Repository/Modulo Pruebas Planta de Personal/Crear_una_unidad/a_Actualizar' is clicked on]]></system-out>
         <system-err><![CDATA[]]></system-err>
      </testcase>
      <testcase name="Test Cases/1.2-Tareas_Secundarias/A.2-Pruebas_planta_personal/12.1.2-Crear_una_unidad_transversal" time="23.805" classname="Test Cases/1.2-Tareas_Secundarias/A.2-Pruebas_planta_personal/12.1.2-Crear_una_unidad_transversal" status="PASSED">
         <system-out><![CDATA[2022-03-29 19:30:54 - [TEST_CASE][PASSED] - Test Cases/1.2-Tareas_Secundarias/A.2-Pruebas_planta_personal/12.1.2-Crear_una_unidad_transversal: Test Cases/1.2-Tareas_Secundarias/A.2-Pruebas_planta_personal/12.1.2-Crear_una_unidad_transversal

2022-03-29 19:30:55 - [TEST_STEP][PASSED] - callTestCase(findTestCase("0.1-Login"), [:], STOP_ON_FAILURE): Call Test Case 'Test Cases/0.1-Login' successfully

2022-03-29 19:30:55 - [TEST_CASE][PASSED] - Test Cases/0.1-Login: Test Cases/0.1-Login

2022-03-29 19:30:55 - [TEST_STEP][PASSED] - openBrowser(""): Browser is opened with url: ''

2022-03-29 19:30:55 - [MESSAGE][WARNING] - A browser is already opened. Closing browser and opening a new one

2022-03-29 19:30:56 - [MESSAGE][INFO] - Starting 'Chrome' driver

2022-03-29 19:30:56 - [MESSAGE][INFO] - Action delay is set to 50 milliseconds

2022-03-29 19:30:57 - [MESSAGE][PASSED] - Browser is opened with url: ''

2022-03-29 19:30:57 - [TEST_STEP][PASSED] - maximizeWindow(): Current window maximized

2022-03-29 19:30:57 - [MESSAGE][PASSED] - Current window maximized

2022-03-29 19:30:57 - [TEST_STEP][PASSED] - i = G_Login: null

2022-03-29 19:30:57 - [TEST_STEP][PASSED] - url = new java.net.URL(i): null

2022-03-29 19:30:57 - [TEST_STEP][PASSED] - println("URL: " + url.toString()): null

2022-03-29 19:30:57 - [TEST_STEP][PASSED] - connection = url.openConnection(): null

2022-03-29 19:30:57 - [TEST_STEP][PASSED] - connection.setRequestMethod("GET"): null

2022-03-29 19:30:57 - [TEST_STEP][PASSED] - connection.setReadTimeout(2 * 1000): null

2022-03-29 19:30:57 - [TEST_STEP][PASSED] - try: null

2022-03-29 19:30:57 - [TEST_STEP][PASSED] - connection.connect(): null

2022-03-29 19:30:57 - [TEST_STEP][PASSED] - flag = connected: null

2022-03-29 19:30:57 - [TEST_STEP][PASSED] - println("Valor_ori: " + flag): null

2022-03-29 19:30:57 - [TEST_STEP][PASSED] - if (flag): null

2022-03-29 19:30:57 - [TEST_STEP][PASSED] - navigateToUrl(i): Navigate to 'http://192.168.2.19:8380/saraweb' successfully

2022-03-29 19:30:57 - [MESSAGE][PASSED] - Navigate to 'http://192.168.2.19:8380/saraweb' successfully

2022-03-29 19:30:57 - [TEST_STEP][PASSED] - a(): null

2022-03-29 19:30:57 - [TEST_STEP][PASSED] - setText(findTestObject("Login/input_USUARIO_loginusuario"), G_Usuario): Text 'saraadmin' is set on object 'Object Repository/Login/input_USUARIO_loginusuario'

2022-03-29 19:30:59 - [MESSAGE][PASSED] - Text 'saraadmin' is set on object 'Object Repository/Login/input_USUARIO_loginusuario'

2022-03-29 19:30:59 - [TEST_STEP][PASSED] - setEncryptedText(findTestObject("Login/input_CLAVE_loginpassword"), "MkG4/TYiCFC3cb2driP7+Q=="): Text ****** has been set on object 'Object Repository/Login/input_CLAVE_loginpassword'

2022-03-29 19:30:59 - [MESSAGE][PASSED] - Text ****** has been set on object 'Object Repository/Login/input_CLAVE_loginpassword'

2022-03-29 19:30:59 - [TEST_STEP][PASSED] - waitForElementClickable(findTestObject("Login/a_Ingresar"), G_TimeOut): Object 'Object Repository/Login/a_Ingresar' is clickable

2022-03-29 19:30:59 - [MESSAGE][PASSED] - Object 'Object Repository/Login/a_Ingresar' is clickable

2022-03-29 19:30:59 - [TEST_STEP][PASSED] - click(findTestObject("Login/a_Ingresar")): Object: 'Object Repository/Login/a_Ingresar' is clicked on

2022-03-29 19:31:01 - [MESSAGE][PASSED] - Object: 'Object Repository/Login/a_Ingresar' is clicked on

2022-03-29 19:31:01 - [TEST_STEP][PASSED] - element = findWebElement(findTestObject("Login/a_Ir"), 30): null

2022-03-29 19:31:01 - [TEST_STEP][PASSED] - executeJavaScript("arguments[0].click()", Arrays.asList(element)): Execute JavaScript 'arguments[0].click()' successfully

2022-03-29 19:31:01 - [MESSAGE][PASSED] - Execute JavaScript 'arguments[0].click()' successfully

2022-03-29 19:31:01 - [MESSAGE][PASSED] - Call Test Case 'Test Cases/0.1-Login' successfully

2022-03-29 19:31:01 - [TEST_STEP][PASSED] - setText(findTestObject("Modulo Pruebas Planta de Personal/Crear_una_unidad_transversal/input_Empresa 1_form_templatej_idt24_input"), "planta personal (tal)"): Text 'planta personal (tal)' is set on object 'Object Repository/Modulo Pruebas Planta de Personal/Crear_una_unidad_transversal/input_Empresa 1_form_templatej_idt24_input'

2022-03-29 19:31:02 - [MESSAGE][PASSED] - Text 'planta personal (tal)' is set on object 'Object Repository/Modulo Pruebas Planta de Personal/Crear_una_unidad_transversal/input_Empresa 1_form_templatej_idt24_input'

2022-03-29 19:31:02 - [TEST_STEP][PASSED] - click(findTestObject("Modulo Pruebas Planta de Personal/Crear_una_unidad/span_Planta Personal (tal)")): Object: 'Object Repository/Modulo Pruebas Planta de Personal/Crear_una_unidad/span_Planta Personal (tal)' is clicked on

2022-03-29 19:31:04 - [MESSAGE][PASSED] - Object: 'Object Repository/Modulo Pruebas Planta de Personal/Crear_una_unidad/span_Planta Personal (tal)' is clicked on

2022-03-29 19:31:04 - [TEST_STEP][PASSED] - click(findTestObject("Modulo Pruebas Planta de Personal/Crear_una_unidad_transversal/span_Administracion")): Object: 'Object Repository/Modulo Pruebas Planta de Personal/Crear_una_unidad_transversal/span_Administracion' is clicked on

2022-03-29 19:31:05 - [MESSAGE][PASSED] - Object: 'Object Repository/Modulo Pruebas Planta de Personal/Crear_una_unidad_transversal/span_Administracion' is clicked on

2022-03-29 19:31:05 - [TEST_STEP][PASSED] - click(findTestObject("Modulo Pruebas Planta de Personal/Crear_una_unidad_transversal/span_Pruebas  Katalon")): Object: 'Object Repository/Modulo Pruebas Planta de Personal/Crear_una_unidad_transversal/span_Pruebas  Katalon' is clicked on

2022-03-29 19:31:06 - [MESSAGE][PASSED] - Object: 'Object Repository/Modulo Pruebas Planta de Personal/Crear_una_unidad_transversal/span_Pruebas  Katalon' is clicked on

2022-03-29 19:31:06 - [TEST_STEP][PASSED] - click(findTestObject("Modulo Pruebas Planta de Personal/Crear_una_unidad/span_No Relacionado_ui-button-icon-left ui-icon ui-c ui-icon-triangle-1-s")): Object: 'Object Repository/Modulo Pruebas Planta de Personal/Crear_una_unidad/span_No Relacionado_ui-button-icon-left ui-icon ui-c ui-icon-triangle-1-s' is clicked on

2022-03-29 19:31:07 - [MESSAGE][PASSED] - Object: 'Object Repository/Modulo Pruebas Planta de Personal/Crear_una_unidad/span_No Relacionado_ui-button-icon-left ui-icon ui-c ui-icon-triangle-1-s' is clicked on

2022-03-29 19:31:07 - [TEST_STEP][PASSED] - click(findTestObject("Modulo Pruebas Planta de Personal/Crear_una_unidad/span_Organigrama")): Object: 'Object Repository/Modulo Pruebas Planta de Personal/Crear_una_unidad/span_Organigrama' is clicked on

2022-03-29 19:31:08 - [MESSAGE][PASSED] - Object: 'Object Repository/Modulo Pruebas Planta de Personal/Crear_una_unidad/span_Organigrama' is clicked on

2022-03-29 19:31:08 - [TEST_STEP][PASSED] - if (waitForElementVisible(findTestObject("Modulo Pruebas Planta de Personal/Crear_una_unidad_transversal/span_QAS"), 1)): Web element with id: 'Object Repository/Modulo Pruebas Planta de Personal/Crear_una_unidad_transversal/span_QAS' located by '//span[(text() = 'QAS' or . = 'QAS')]' not found

2022-03-29 19:31:10 - [MESSAGE][INFO] - Unable to find the element located by 'By.xpath: //span[(text() = 'QAS' or . = 'QAS')]'. Please recheck the objects properties to make sure the desired element is located. 

2022-03-29 19:31:10 - [MESSAGE][WARNING] - Web element with id: 'Object Repository/Modulo Pruebas Planta de Personal/Crear_una_unidad_transversal/span_QAS' located by '//span[(text() = 'QAS' or . = 'QAS')]' not found

2022-03-29 19:31:10 - [TEST_STEP][PASSED] - click(findTestObject("Modulo Pruebas Planta de Personal/Crear_una_unidad_transversal/a_Organigrama_organigramacrearUnidadTransversal")): Object: 'Object Repository/Modulo Pruebas Planta de Personal/Crear_una_unidad_transversal/a_Organigrama_organigramacrearUnidadTransversal' is clicked on

2022-03-29 19:31:10 - [MESSAGE][PASSED] - Object: 'Object Repository/Modulo Pruebas Planta de Personal/Crear_una_unidad_transversal/a_Organigrama_organigramacrearUnidadTransversal' is clicked on

2022-03-29 19:31:10 - [TEST_STEP][PASSED] - selectOptionByIndex(findTestObject("Modulo Pruebas Planta de Personal/Crear_una_unidad_transversal/select_--Seleccione Unidad Transicional--3            - CALIDAD1"), 5): All options with index in [5] are selected on object 'Object Repository/Modulo Pruebas Planta de Personal/Crear_una_unidad_transversal/select_--Seleccione Unidad Transicional--3            - CALIDAD1'

2022-03-29 19:31:12 - [MESSAGE][PASSED] - All options with index in [5] are selected on object 'Object Repository/Modulo Pruebas Planta de Personal/Crear_una_unidad_transversal/select_--Seleccione Unidad Transicional--3            - CALIDAD1'

2022-03-29 19:31:12 - [TEST_STEP][PASSED] - selectOptionByIndex(findTestObject("Modulo Pruebas Planta de Personal/Crear_una_unidad_transversal/select_--Seleccione Sucursal--NO RELACIONADABOGOTA"), 2): All options with index in [2] are selected on object 'Object Repository/Modulo Pruebas Planta de Personal/Crear_una_unidad_transversal/select_--Seleccione Sucursal--NO RELACIONADABOGOTA'

2022-03-29 19:31:14 - [MESSAGE][PASSED] - All options with index in [2] are selected on object 'Object Repository/Modulo Pruebas Planta de Personal/Crear_una_unidad_transversal/select_--Seleccione Sucursal--NO RELACIONADABOGOTA'

2022-03-29 19:31:14 - [TEST_STEP][PASSED] - selectOptionByIndex(findTestObject("Modulo Pruebas Planta de Personal/Crear_una_unidad_transversal/select_--Seleccione el Estado--SINO"), 1): All options with index in [1] are selected on object 'Object Repository/Modulo Pruebas Planta de Personal/Crear_una_unidad_transversal/select_--Seleccione el Estado--SINO'

2022-03-29 19:31:15 - [MESSAGE][PASSED] - All options with index in [1] are selected on object 'Object Repository/Modulo Pruebas Planta de Personal/Crear_una_unidad_transversal/select_--Seleccione el Estado--SINO'

2022-03-29 19:31:15 - [TEST_STEP][PASSED] - click(findTestObject("Modulo Pruebas Planta de Personal/Crear_una_unidad_transversal/a_Actualizar")): Object: 'Object Repository/Modulo Pruebas Planta de Personal/Crear_una_unidad_transversal/a_Actualizar' is clicked on

2022-03-29 19:31:15 - [MESSAGE][PASSED] - Object: 'Object Repository/Modulo Pruebas Planta de Personal/Crear_una_unidad_transversal/a_Actualizar' is clicked on

2022-03-29 19:31:15 - [TEST_STEP][PASSED] - if (waitForElementVisible(findTestObject("Modulo Pruebas Planta de Personal/Crear_una_unidad_transversal/p_No se puede almacenar el registro, ya existe una unidad con el mismo nombre"), 1)): Web element with id: 'Object Repository/Modulo Pruebas Planta de Personal/Crear_una_unidad_transversal/p_No se puede almacenar el registro, ya existe una unidad con el mismo nombre' located by '//*/text()[normalize-space(.)='No se puede almacenar el registro, ya existe una unidad con el mismo nombre']/parent::*' not found

2022-03-29 19:31:18 - [MESSAGE][INFO] - Unable to find the element located by 'By.xpath: //*/text()[normalize-space(.)='No se puede almacenar el registro, ya existe una unidad con el mismo nombre']/parent::*'. Please recheck the objects properties to make sure the desired element is located. 

2022-03-29 19:31:18 - [MESSAGE][WARNING] - Web element with id: 'Object Repository/Modulo Pruebas Planta de Personal/Crear_una_unidad_transversal/p_No se puede almacenar el registro, ya existe una unidad con el mismo nombre' located by '//*/text()[normalize-space(.)='No se puede almacenar el registro, ya existe una unidad con el mismo nombre']/parent::*' not found

2022-03-29 19:31:18 - [TEST_STEP][PASSED] - else: Browser is closed

2022-03-29 19:31:18 - [TEST_STEP][PASSED] - closeBrowser(): Browser is closed

2022-03-29 19:31:18 - [MESSAGE][PASSED] - Browser is closed]]></system-out>
         <system-err><![CDATA[]]></system-err>
      </testcase>
      <testcase name="Test Cases/1.2-Tareas_Secundarias/A.2-Pruebas_planta_personal/12.1.3-Crear_un_puesto_de_trabajo" time="31.596" classname="Test Cases/1.2-Tareas_Secundarias/A.2-Pruebas_planta_personal/12.1.3-Crear_un_puesto_de_trabajo" status="PASSED">
         <system-out><![CDATA[2022-03-29 19:31:18 - [TEST_CASE][PASSED] - Test Cases/1.2-Tareas_Secundarias/A.2-Pruebas_planta_personal/12.1.3-Crear_un_puesto_de_trabajo: Test Cases/1.2-Tareas_Secundarias/A.2-Pruebas_planta_personal/12.1.3-Crear_un_puesto_de_trabajo

2022-03-29 19:31:19 - [TEST_STEP][PASSED] - callTestCase(findTestCase("0.1-Login"), [:], STOP_ON_FAILURE): Call Test Case 'Test Cases/0.1-Login' successfully

2022-03-29 19:31:19 - [TEST_CASE][PASSED] - Test Cases/0.1-Login: Test Cases/0.1-Login

2022-03-29 19:31:19 - [TEST_STEP][PASSED] - openBrowser(""): Browser is opened with url: ''

2022-03-29 19:31:19 - [MESSAGE][INFO] - Starting 'Chrome' driver

2022-03-29 19:31:19 - [MESSAGE][INFO] - Action delay is set to 50 milliseconds

2022-03-29 19:31:20 - [MESSAGE][PASSED] - Browser is opened with url: ''

2022-03-29 19:31:20 - [TEST_STEP][PASSED] - maximizeWindow(): Current window maximized

2022-03-29 19:31:20 - [MESSAGE][PASSED] - Current window maximized

2022-03-29 19:31:20 - [TEST_STEP][PASSED] - i = G_Login: null

2022-03-29 19:31:20 - [TEST_STEP][PASSED] - url = new java.net.URL(i): null

2022-03-29 19:31:20 - [TEST_STEP][PASSED] - println("URL: " + url.toString()): null

2022-03-29 19:31:20 - [TEST_STEP][PASSED] - connection = url.openConnection(): null

2022-03-29 19:31:20 - [TEST_STEP][PASSED] - connection.setRequestMethod("GET"): null

2022-03-29 19:31:20 - [TEST_STEP][PASSED] - connection.setReadTimeout(2 * 1000): null

2022-03-29 19:31:20 - [TEST_STEP][PASSED] - try: null

2022-03-29 19:31:20 - [TEST_STEP][PASSED] - connection.connect(): null

2022-03-29 19:31:20 - [TEST_STEP][PASSED] - flag = connected: null

2022-03-29 19:31:20 - [TEST_STEP][PASSED] - println("Valor_ori: " + flag): null

2022-03-29 19:31:20 - [TEST_STEP][PASSED] - if (flag): null

2022-03-29 19:31:20 - [TEST_STEP][PASSED] - navigateToUrl(i): Navigate to 'http://192.168.2.19:8380/saraweb' successfully

2022-03-29 19:31:21 - [MESSAGE][PASSED] - Navigate to 'http://192.168.2.19:8380/saraweb' successfully

2022-03-29 19:31:21 - [TEST_STEP][PASSED] - a(): null

2022-03-29 19:31:21 - [TEST_STEP][PASSED] - setText(findTestObject("Login/input_USUARIO_loginusuario"), G_Usuario): Text 'saraadmin' is set on object 'Object Repository/Login/input_USUARIO_loginusuario'

2022-03-29 19:31:22 - [MESSAGE][PASSED] - Text 'saraadmin' is set on object 'Object Repository/Login/input_USUARIO_loginusuario'

2022-03-29 19:31:22 - [TEST_STEP][PASSED] - setEncryptedText(findTestObject("Login/input_CLAVE_loginpassword"), "MkG4/TYiCFC3cb2driP7+Q=="): Text ****** has been set on object 'Object Repository/Login/input_CLAVE_loginpassword'

2022-03-29 19:31:22 - [MESSAGE][PASSED] - Text ****** has been set on object 'Object Repository/Login/input_CLAVE_loginpassword'

2022-03-29 19:31:22 - [TEST_STEP][PASSED] - waitForElementClickable(findTestObject("Login/a_Ingresar"), G_TimeOut): Object 'Object Repository/Login/a_Ingresar' is clickable

2022-03-29 19:31:23 - [MESSAGE][PASSED] - Object 'Object Repository/Login/a_Ingresar' is clickable

2022-03-29 19:31:23 - [TEST_STEP][PASSED] - click(findTestObject("Login/a_Ingresar")): Object: 'Object Repository/Login/a_Ingresar' is clicked on

2022-03-29 19:31:23 - [MESSAGE][PASSED] - Object: 'Object Repository/Login/a_Ingresar' is clicked on

2022-03-29 19:31:23 - [TEST_STEP][PASSED] - element = findWebElement(findTestObject("Login/a_Ir"), 30): null

2022-03-29 19:31:24 - [TEST_STEP][PASSED] - executeJavaScript("arguments[0].click()", Arrays.asList(element)): Execute JavaScript 'arguments[0].click()' successfully

2022-03-29 19:31:24 - [MESSAGE][PASSED] - Execute JavaScript 'arguments[0].click()' successfully

2022-03-29 19:31:24 - [MESSAGE][PASSED] - Call Test Case 'Test Cases/0.1-Login' successfully

2022-03-29 19:31:24 - [TEST_STEP][PASSED] - setText(findTestObject("Modulo Pruebas Planta de Personal/Crear_un_puesto_de_trabajo/input_Empresa 1_form_templatej_idt24_input"), "Planta personal (tal)"): Text 'Planta personal (tal)' is set on object 'Object Repository/Modulo Pruebas Planta de Personal/Crear_un_puesto_de_trabajo/input_Empresa 1_form_templatej_idt24_input'

2022-03-29 19:31:25 - [MESSAGE][PASSED] - Text 'Planta personal (tal)' is set on object 'Object Repository/Modulo Pruebas Planta de Personal/Crear_un_puesto_de_trabajo/input_Empresa 1_form_templatej_idt24_input'

2022-03-29 19:31:25 - [TEST_STEP][PASSED] - click(findTestObject("Modulo Pruebas Planta de Personal/Crear_un_puesto_de_trabajo/span_Planta Personal (tal)")): Object: 'Object Repository/Modulo Pruebas Planta de Personal/Crear_un_puesto_de_trabajo/span_Planta Personal (tal)' is clicked on

2022-03-29 19:31:27 - [MESSAGE][PASSED] - Object: 'Object Repository/Modulo Pruebas Planta de Personal/Crear_un_puesto_de_trabajo/span_Planta Personal (tal)' is clicked on

2022-03-29 19:31:27 - [TEST_STEP][PASSED] - click(findTestObject("Modulo Pruebas Planta de Personal/Crear_un_puesto_de_trabajo/span_Administracion")): Object: 'Object Repository/Modulo Pruebas Planta de Personal/Crear_un_puesto_de_trabajo/span_Administracion' is clicked on

2022-03-29 19:31:28 - [MESSAGE][PASSED] - Object: 'Object Repository/Modulo Pruebas Planta de Personal/Crear_un_puesto_de_trabajo/span_Administracion' is clicked on

2022-03-29 19:31:28 - [TEST_STEP][PASSED] - click(findTestObject("Modulo Pruebas Planta de Personal/Crear_un_puesto_de_trabajo/span_Posicion")): Object: 'Object Repository/Modulo Pruebas Planta de Personal/Crear_un_puesto_de_trabajo/span_Posicion' is clicked on

2022-03-29 19:31:29 - [MESSAGE][PASSED] - Object: 'Object Repository/Modulo Pruebas Planta de Personal/Crear_un_puesto_de_trabajo/span_Posicion' is clicked on

2022-03-29 19:31:29 - [TEST_STEP][PASSED] - click(findTestObject("Modulo Pruebas Planta de Personal/Crear_un_puesto_de_trabajo/span_Administracion")): Object: 'Object Repository/Modulo Pruebas Planta de Personal/Crear_un_puesto_de_trabajo/span_Administracion' is clicked on

2022-03-29 19:31:30 - [MESSAGE][PASSED] - Object: 'Object Repository/Modulo Pruebas Planta de Personal/Crear_un_puesto_de_trabajo/span_Administracion' is clicked on

2022-03-29 19:31:30 - [TEST_STEP][PASSED] - click(findTestObject("Modulo Pruebas Planta de Personal/Crear_un_puesto_de_trabajo/a_Posicion_organigramanuevoPuestoTrabajo")): Object: 'Object Repository/Modulo Pruebas Planta de Personal/Crear_un_puesto_de_trabajo/a_Posicion_organigramanuevoPuestoTrabajo' is clicked on

2022-03-29 19:31:31 - [MESSAGE][PASSED] - Object: 'Object Repository/Modulo Pruebas Planta de Personal/Crear_un_puesto_de_trabajo/a_Posicion_organigramanuevoPuestoTrabajo' is clicked on

2022-03-29 19:31:31 - [TEST_STEP][PASSED] - click(findTestObject("Modulo Pruebas Planta de Personal/Crear_un_puesto_de_trabajo/a_Cargo_datosPuestoTrabajo_formj_idt931")): Object: 'Object Repository/Modulo Pruebas Planta de Personal/Crear_un_puesto_de_trabajo/a_Cargo_datosPuestoTrabajo_formj_idt931' is clicked on

2022-03-29 19:31:32 - [MESSAGE][PASSED] - Object: 'Object Repository/Modulo Pruebas Planta de Personal/Crear_un_puesto_de_trabajo/a_Cargo_datosPuestoTrabajo_formj_idt931' is clicked on

2022-03-29 19:31:32 - [TEST_STEP][PASSED] - click(findTestObject("Modulo Pruebas Planta de Personal/Crear_un_puesto_de_trabajo/span_ABOGADO")): Object: 'Object Repository/Modulo Pruebas Planta de Personal/Crear_un_puesto_de_trabajo/span_ABOGADO' is clicked on

2022-03-29 19:31:33 - [MESSAGE][PASSED] - Object: 'Object Repository/Modulo Pruebas Planta de Personal/Crear_un_puesto_de_trabajo/span_ABOGADO' is clicked on

2022-03-29 19:31:33 - [TEST_STEP][PASSED] - selectOptionByIndex(findTestObject("Modulo Pruebas Planta de Personal/Crear_un_puesto_de_trabajo/select_-- Seleccione --Planta Dinamica                (1)Planta Fija                    (B1)"), 1): All options with index in [1] are selected on object 'Object Repository/Modulo Pruebas Planta de Personal/Crear_un_puesto_de_trabajo/select_-- Seleccione --Planta Dinamica                (1)Planta Fija                    (B1)'

2022-03-29 19:31:34 - [MESSAGE][PASSED] - All options with index in [1] are selected on object 'Object Repository/Modulo Pruebas Planta de Personal/Crear_un_puesto_de_trabajo/select_-- Seleccione --Planta Dinamica                (1)Planta Fija                    (B1)'

2022-03-29 19:31:34 - [TEST_STEP][PASSED] - selectOptionByIndex(findTestObject("Modulo Pruebas Planta de Personal/Crear_un_puesto_de_trabajo/select_-- Seleccione --Ampleado                       (Z3)Empleado                       (B3)Mapa"), 2): All options with index in [2] are selected on object 'Object Repository/Modulo Pruebas Planta de Personal/Crear_un_puesto_de_trabajo/select_-- Seleccione --Ampleado                       (Z3)Empleado                       (B3)Mapa'

2022-03-29 19:31:36 - [MESSAGE][PASSED] - All options with index in [2] are selected on object 'Object Repository/Modulo Pruebas Planta de Personal/Crear_un_puesto_de_trabajo/select_-- Seleccione --Ampleado                       (Z3)Empleado                       (B3)Mapa'

2022-03-29 19:31:36 - [TEST_STEP][PASSED] - selectOptionByIndex(findTestObject("Modulo Pruebas Planta de Personal/Crear_un_puesto_de_trabajo/select_-- Seleccione --BloqueadoEliminadoOcupado y disponible"), 6): All options with index in [6] are selected on object 'Object Repository/Modulo Pruebas Planta de Personal/Crear_un_puesto_de_trabajo/select_-- Seleccione --BloqueadoEliminadoOcupado y disponible'

2022-03-29 19:31:37 - [MESSAGE][PASSED] - All options with index in [6] are selected on object 'Object Repository/Modulo Pruebas Planta de Personal/Crear_un_puesto_de_trabajo/select_-- Seleccione --BloqueadoEliminadoOcupado y disponible'

2022-03-29 19:31:37 - [TEST_STEP][PASSED] - click(findTestObject("Modulo Pruebas Planta de Personal/Crear_un_puesto_de_trabajo/label_No es responsable de la Unidad")): Object: 'Object Repository/Modulo Pruebas Planta de Personal/Crear_un_puesto_de_trabajo/label_No es responsable de la Unidad' is clicked on

2022-03-29 19:31:38 - [MESSAGE][PASSED] - Object: 'Object Repository/Modulo Pruebas Planta de Personal/Crear_un_puesto_de_trabajo/label_No es responsable de la Unidad' is clicked on

2022-03-29 19:31:38 - [TEST_STEP][PASSED] - click(findTestObject("Modulo Pruebas Planta de Personal/Crear_un_puesto_de_trabajo/label_No")): Object: 'Object Repository/Modulo Pruebas Planta de Personal/Crear_un_puesto_de_trabajo/label_No' is clicked on

2022-03-29 19:31:38 - [MESSAGE][PASSED] - Object: 'Object Repository/Modulo Pruebas Planta de Personal/Crear_un_puesto_de_trabajo/label_No' is clicked on

2022-03-29 19:31:38 - [TEST_STEP][PASSED] - click(findTestObject("Modulo Pruebas Planta de Personal/Crear_un_puesto_de_trabajo/span_Actualizar")): Object: 'Object Repository/Modulo Pruebas Planta de Personal/Crear_un_puesto_de_trabajo/span_Actualizar' is clicked on

2022-03-29 19:31:39 - [MESSAGE][PASSED] - Object: 'Object Repository/Modulo Pruebas Planta de Personal/Crear_un_puesto_de_trabajo/span_Actualizar' is clicked on

2022-03-29 19:31:39 - [TEST_STEP][PASSED] - click(findTestObject("Modulo Pruebas Planta de Personal/Crear_un_puesto_de_trabajo/a_Zona Econmica_datosPuestoTrabajo_formj_idt1061")): Object: 'Object Repository/Modulo Pruebas Planta de Personal/Crear_un_puesto_de_trabajo/a_Zona Econmica_datosPuestoTrabajo_formj_idt1061' is clicked on

2022-03-29 19:31:40 - [MESSAGE][PASSED] - Object: 'Object Repository/Modulo Pruebas Planta de Personal/Crear_un_puesto_de_trabajo/a_Zona Econmica_datosPuestoTrabajo_formj_idt1061' is clicked on

2022-03-29 19:31:40 - [TEST_STEP][PASSED] - click(findTestObject("Modulo Pruebas Planta de Personal/Crear_un_puesto_de_trabajo/span_ADMINISTRATIVA")): Object: 'Object Repository/Modulo Pruebas Planta de Personal/Crear_un_puesto_de_trabajo/span_ADMINISTRATIVA' is clicked on

2022-03-29 19:31:40 - [MESSAGE][PASSED] - Object: 'Object Repository/Modulo Pruebas Planta de Personal/Crear_un_puesto_de_trabajo/span_ADMINISTRATIVA' is clicked on

2022-03-29 19:31:40 - [TEST_STEP][PASSED] - selectOptionByIndex(findTestObject("Modulo Pruebas Planta de Personal/Crear_un_puesto_de_trabajo/select_-- Seleccione empleados_lineacosto --ADMINISTRATIVO -- 1NO RELACIONADA"), 1): All options with index in [1] are selected on object 'Object Repository/Modulo Pruebas Planta de Personal/Crear_un_puesto_de_trabajo/select_-- Seleccione empleados_lineacosto --ADMINISTRATIVO -- 1NO RELACIONADA'

2022-03-29 19:31:42 - [MESSAGE][PASSED] - All options with index in [1] are selected on object 'Object Repository/Modulo Pruebas Planta de Personal/Crear_un_puesto_de_trabajo/select_-- Seleccione empleados_lineacosto --ADMINISTRATIVO -- 1NO RELACIONADA'

2022-03-29 19:31:42 - [TEST_STEP][PASSED] - selectOptionByLabel(findTestObject("Modulo Pruebas Planta de Personal/Crear_un_puesto_de_trabajo/select_-- Seleccione Ubicacin Fsica --ABEJORRALABREGOACACIASACANDIACEVEDOACHIAGRADO"), "BOGOTÁ", false): All options with label 'BOGOTÁ' are selected in object 'Object Repository/Modulo Pruebas Planta de Personal/Crear_un_puesto_de_trabajo/select_-- Seleccione Ubicacin Fsica --ABEJORRALABREGOACACIASACANDIACEVEDOACHIAGRADO' 

2022-03-29 19:31:43 - [MESSAGE][PASSED] - All options with label 'BOGOTÁ' are selected in object 'Object Repository/Modulo Pruebas Planta de Personal/Crear_un_puesto_de_trabajo/select_-- Seleccione Ubicacin Fsica --ABEJORRALABREGOACACIASACANDIACEVEDOACHIAGRADO' 

2022-03-29 19:31:43 - [TEST_STEP][PASSED] - selectOptionByIndex(findTestObject("Modulo Pruebas Planta de Personal/Crear_un_puesto_de_trabajo/select_2120 HORAS1240 HORAS0NO DEFINIDO61Pensin"), 2): All options with index in [2] are selected on object 'Object Repository/Modulo Pruebas Planta de Personal/Crear_un_puesto_de_trabajo/select_2120 HORAS1240 HORAS0NO DEFINIDO61Pensin'

2022-03-29 19:31:44 - [MESSAGE][PASSED] - All options with index in [2] are selected on object 'Object Repository/Modulo Pruebas Planta de Personal/Crear_un_puesto_de_trabajo/select_2120 HORAS1240 HORAS0NO DEFINIDO61Pensin'

2022-03-29 19:31:44 - [TEST_STEP][PASSED] - selectOptionByIndex(findTestObject("Modulo Pruebas Planta de Personal/Crear_un_puesto_de_trabajo/select_12kataloonkataloonNOMINA CATORCENALNOMINA"), 3): All options with index in [3] are selected on object 'Object Repository/Modulo Pruebas Planta de Personal/Crear_un_puesto_de_trabajo/select_12kataloonkataloonNOMINA CATORCENALNOMINA'

2022-03-29 19:31:45 - [MESSAGE][PASSED] - All options with index in [3] are selected on object 'Object Repository/Modulo Pruebas Planta de Personal/Crear_un_puesto_de_trabajo/select_12kataloonkataloonNOMINA CATORCENALNOMINA'

2022-03-29 19:31:45 - [TEST_STEP][PASSED] - selectOptionByIndex(findTestObject("Modulo Pruebas Planta de Personal/Crear_un_puesto_de_trabajo/select_0.5APRENDIZ ETAPA LECTIVA6APRENDIZ ETAPA PRODUCTIVA"), 7): All options with index in [7] are selected on object 'Object Repository/Modulo Pruebas Planta de Personal/Crear_un_puesto_de_trabajo/select_0.5APRENDIZ ETAPA LECTIVA6APRENDIZ ETAPA PRODUCTIVA'

2022-03-29 19:31:47 - [MESSAGE][PASSED] - All options with index in [7] are selected on object 'Object Repository/Modulo Pruebas Planta de Personal/Crear_un_puesto_de_trabajo/select_0.5APRENDIZ ETAPA LECTIVA6APRENDIZ ETAPA PRODUCTIVA'

2022-03-29 19:31:47 - [TEST_STEP][PASSED] - selectOptionByIndex(findTestObject("Modulo Pruebas Planta de Personal/Crear_un_puesto_de_trabajo/select_ADMINISTRATIVOSAPRENDICESEMPLEADOFBROLESTSMECANICOS"), 1): All options with index in [1] are selected on object 'Object Repository/Modulo Pruebas Planta de Personal/Crear_un_puesto_de_trabajo/select_ADMINISTRATIVOSAPRENDICESEMPLEADOFBROLESTSMECANICOS'

2022-03-29 19:31:48 - [MESSAGE][PASSED] - All options with index in [1] are selected on object 'Object Repository/Modulo Pruebas Planta de Personal/Crear_un_puesto_de_trabajo/select_ADMINISTRATIVOSAPRENDICESEMPLEADOFBROLESTSMECANICOS'

2022-03-29 19:31:48 - [TEST_STEP][PASSED] - setText(findTestObject("Modulo Pruebas Planta de Personal/Crear_un_puesto_de_trabajo/input_Mesada_datosPuestoTrabajo_formsueldo"), "150000"): Text '150000' is set on object 'Object Repository/Modulo Pruebas Planta de Personal/Crear_un_puesto_de_trabajo/input_Mesada_datosPuestoTrabajo_formsueldo'

2022-03-29 19:31:49 - [MESSAGE][PASSED] - Text '150000' is set on object 'Object Repository/Modulo Pruebas Planta de Personal/Crear_un_puesto_de_trabajo/input_Mesada_datosPuestoTrabajo_formsueldo'

2022-03-29 19:31:49 - [TEST_STEP][PASSED] - click(findTestObject("Modulo Pruebas Planta de Personal/Crear_un_puesto_de_trabajo/span_Actualizar")): Object: 'Object Repository/Modulo Pruebas Planta de Personal/Crear_un_puesto_de_trabajo/span_Actualizar' is clicked on

2022-03-29 19:31:50 - [MESSAGE][PASSED] - Object: 'Object Repository/Modulo Pruebas Planta de Personal/Crear_un_puesto_de_trabajo/span_Actualizar' is clicked on]]></system-out>
         <system-err><![CDATA[]]></system-err>
      </testcase>
      <testcase name="Test Cases/1.2-Tareas_Secundarias/A.2-Pruebas_planta_personal/12.1.4-Ajuste_relación_(Encargos)" time="12.998" classname="Test Cases/1.2-Tareas_Secundarias/A.2-Pruebas_planta_personal/12.1.4-Ajuste_relación_(Encargos)" status="PASSED">
         <system-out><![CDATA[2022-03-29 19:31:50 - [TEST_CASE][PASSED] - Test Cases/1.2-Tareas_Secundarias/A.2-Pruebas_planta_personal/12.1.4-Ajuste_relación_(Encargos): Test Cases/1.2-Tareas_Secundarias/A.2-Pruebas_planta_personal/12.1.4-Ajuste_relación_(Encargos)

2022-03-29 19:31:50 - [TEST_STEP][PASSED] - callTestCase(findTestCase("0.1-Login"), [:], STOP_ON_FAILURE): Call Test Case 'Test Cases/0.1-Login' successfully

2022-03-29 19:31:50 - [TEST_CASE][PASSED] - Test Cases/0.1-Login: Test Cases/0.1-Login

2022-03-29 19:31:50 - [TEST_STEP][PASSED] - openBrowser(""): Browser is opened with url: ''

2022-03-29 19:31:50 - [MESSAGE][WARNING] - A browser is already opened. Closing browser and opening a new one

2022-03-29 19:31:51 - [MESSAGE][INFO] - Starting 'Chrome' driver

2022-03-29 19:31:51 - [MESSAGE][INFO] - Action delay is set to 50 milliseconds

2022-03-29 19:31:52 - [MESSAGE][PASSED] - Browser is opened with url: ''

2022-03-29 19:31:52 - [TEST_STEP][PASSED] - maximizeWindow(): Current window maximized

2022-03-29 19:31:52 - [MESSAGE][PASSED] - Current window maximized

2022-03-29 19:31:52 - [TEST_STEP][PASSED] - i = G_Login: null

2022-03-29 19:31:52 - [TEST_STEP][PASSED] - url = new java.net.URL(i): null

2022-03-29 19:31:52 - [TEST_STEP][PASSED] - println("URL: " + url.toString()): null

2022-03-29 19:31:52 - [TEST_STEP][PASSED] - connection = url.openConnection(): null

2022-03-29 19:31:52 - [TEST_STEP][PASSED] - connection.setRequestMethod("GET"): null

2022-03-29 19:31:52 - [TEST_STEP][PASSED] - connection.setReadTimeout(2 * 1000): null

2022-03-29 19:31:52 - [TEST_STEP][PASSED] - try: null

2022-03-29 19:31:52 - [TEST_STEP][PASSED] - connection.connect(): null

2022-03-29 19:31:52 - [TEST_STEP][PASSED] - flag = connected: null

2022-03-29 19:31:52 - [TEST_STEP][PASSED] - println("Valor_ori: " + flag): null

2022-03-29 19:31:52 - [TEST_STEP][PASSED] - if (flag): null

2022-03-29 19:31:52 - [TEST_STEP][PASSED] - navigateToUrl(i): Navigate to 'http://192.168.2.19:8380/saraweb' successfully

2022-03-29 19:31:53 - [MESSAGE][PASSED] - Navigate to 'http://192.168.2.19:8380/saraweb' successfully

2022-03-29 19:31:53 - [TEST_STEP][PASSED] - a(): null

2022-03-29 19:31:53 - [TEST_STEP][PASSED] - setText(findTestObject("Login/input_USUARIO_loginusuario"), G_Usuario): Text 'saraadmin' is set on object 'Object Repository/Login/input_USUARIO_loginusuario'

2022-03-29 19:31:54 - [MESSAGE][PASSED] - Text 'saraadmin' is set on object 'Object Repository/Login/input_USUARIO_loginusuario'

2022-03-29 19:31:54 - [TEST_STEP][PASSED] - setEncryptedText(findTestObject("Login/input_CLAVE_loginpassword"), "MkG4/TYiCFC3cb2driP7+Q=="): Text ****** has been set on object 'Object Repository/Login/input_CLAVE_loginpassword'

2022-03-29 19:31:55 - [MESSAGE][PASSED] - Text ****** has been set on object 'Object Repository/Login/input_CLAVE_loginpassword'

2022-03-29 19:31:55 - [TEST_STEP][PASSED] - waitForElementClickable(findTestObject("Login/a_Ingresar"), G_TimeOut): Object 'Object Repository/Login/a_Ingresar' is clickable

2022-03-29 19:31:55 - [MESSAGE][PASSED] - Object 'Object Repository/Login/a_Ingresar' is clickable

2022-03-29 19:31:55 - [TEST_STEP][PASSED] - click(findTestObject("Login/a_Ingresar")): Object: 'Object Repository/Login/a_Ingresar' is clicked on

2022-03-29 19:31:56 - [MESSAGE][PASSED] - Object: 'Object Repository/Login/a_Ingresar' is clicked on

2022-03-29 19:31:56 - [TEST_STEP][PASSED] - element = findWebElement(findTestObject("Login/a_Ir"), 30): null

2022-03-29 19:31:57 - [TEST_STEP][PASSED] - executeJavaScript("arguments[0].click()", Arrays.asList(element)): Execute JavaScript 'arguments[0].click()' successfully

2022-03-29 19:31:57 - [MESSAGE][PASSED] - Execute JavaScript 'arguments[0].click()' successfully

2022-03-29 19:31:57 - [MESSAGE][PASSED] - Call Test Case 'Test Cases/0.1-Login' successfully

2022-03-29 19:31:57 - [TEST_STEP][PASSED] - setText(findTestObject("input_Empresa 1_form_templatej_idt24_input"), "Planta Personal (tal)"): Text 'Planta Personal (tal)' is set on object 'Object Repository/input_Empresa 1_form_templatej_idt24_input'

2022-03-29 19:31:58 - [MESSAGE][PASSED] - Text 'Planta Personal (tal)' is set on object 'Object Repository/input_Empresa 1_form_templatej_idt24_input'

2022-03-29 19:31:58 - [TEST_STEP][PASSED] - click(findTestObject("Modulo Pruebas Planta de Personal/Ajuste_relación_(Encargos)/span_Planta Personal (ta")): Object: 'Object Repository/Modulo Pruebas Planta de Personal/Ajuste_relación_(Encargos)/span_Planta Personal (ta' is clicked on

2022-03-29 19:31:59 - [MESSAGE][PASSED] - Object: 'Object Repository/Modulo Pruebas Planta de Personal/Ajuste_relación_(Encargos)/span_Planta Personal (ta' is clicked on

2022-03-29 19:31:59 - [TEST_STEP][PASSED] - click(findTestObject("Modulo Pruebas Planta de Personal/Ajuste_relación_(Encargos)/a_Actos Administrativos_organigramaajusterelacion")): Object: 'Object Repository/Modulo Pruebas Planta de Personal/Ajuste_relación_(Encargos)/a_Actos Administrativos_organigramaajusterelacion' is clicked on

2022-03-29 19:32:00 - [MESSAGE][PASSED] - Object: 'Object Repository/Modulo Pruebas Planta de Personal/Ajuste_relación_(Encargos)/a_Actos Administrativos_organigramaajusterelacion' is clicked on

2022-03-29 19:32:00 - [TEST_STEP][PASSED] - click(findTestObject("Modulo Pruebas Planta de Personal/Ajuste_relación_(Encargos)/a_Ajuste Relacion")): Object: 'Object Repository/Modulo Pruebas Planta de Personal/Ajuste_relación_(Encargos)/a_Ajuste Relacion' is clicked on

2022-03-29 19:32:01 - [MESSAGE][PASSED] - Object: 'Object Repository/Modulo Pruebas Planta de Personal/Ajuste_relación_(Encargos)/a_Ajuste Relacion' is clicked on

2022-03-29 19:32:01 - [TEST_STEP][PASSED] - click(findTestObject("Modulo Pruebas Planta de Personal/Ajuste_relación_(Encargos)/a_Aceptar")): Object: 'Object Repository/Modulo Pruebas Planta de Personal/Ajuste_relación_(Encargos)/a_Aceptar' is clicked on

2022-03-29 19:32:02 - [MESSAGE][PASSED] - Object: 'Object Repository/Modulo Pruebas Planta de Personal/Ajuste_relación_(Encargos)/a_Aceptar' is clicked on

2022-03-29 19:32:02 - [TEST_STEP][PASSED] - closeBrowser(): Browser is closed

2022-03-29 19:32:03 - [MESSAGE][PASSED] - Browser is closed]]></system-out>
         <system-err><![CDATA[]]></system-err>
      </testcase>
      <testcase name="Test Cases/1.2-Tareas_Secundarias/A.2-Pruebas_planta_personal/12.1.5-Buscar_Empleado" time="21.386" classname="Test Cases/1.2-Tareas_Secundarias/A.2-Pruebas_planta_personal/12.1.5-Buscar_Empleado" status="PASSED">
         <system-out><![CDATA[2022-03-29 19:32:03 - [TEST_CASE][PASSED] - Test Cases/1.2-Tareas_Secundarias/A.2-Pruebas_planta_personal/12.1.5-Buscar_Empleado: Test Cases/1.2-Tareas_Secundarias/A.2-Pruebas_planta_personal/12.1.5-Buscar_Empleado

2022-03-29 19:32:03 - [TEST_STEP][PASSED] - callTestCase(findTestCase("0.1-Login"), [:], STOP_ON_FAILURE): Call Test Case 'Test Cases/0.1-Login' successfully

2022-03-29 19:32:03 - [TEST_CASE][PASSED] - Test Cases/0.1-Login: Test Cases/0.1-Login

2022-03-29 19:32:03 - [TEST_STEP][PASSED] - openBrowser(""): Browser is opened with url: ''

2022-03-29 19:32:03 - [MESSAGE][INFO] - Starting 'Chrome' driver

2022-03-29 19:32:03 - [MESSAGE][INFO] - Action delay is set to 50 milliseconds

2022-03-29 19:32:05 - [MESSAGE][PASSED] - Browser is opened with url: ''

2022-03-29 19:32:05 - [TEST_STEP][PASSED] - maximizeWindow(): Current window maximized

2022-03-29 19:32:05 - [MESSAGE][PASSED] - Current window maximized

2022-03-29 19:32:05 - [TEST_STEP][PASSED] - i = G_Login: null

2022-03-29 19:32:05 - [TEST_STEP][PASSED] - url = new java.net.URL(i): null

2022-03-29 19:32:05 - [TEST_STEP][PASSED] - println("URL: " + url.toString()): null

2022-03-29 19:32:05 - [TEST_STEP][PASSED] - connection = url.openConnection(): null

2022-03-29 19:32:05 - [TEST_STEP][PASSED] - connection.setRequestMethod("GET"): null

2022-03-29 19:32:05 - [TEST_STEP][PASSED] - connection.setReadTimeout(2 * 1000): null

2022-03-29 19:32:05 - [TEST_STEP][PASSED] - try: null

2022-03-29 19:32:05 - [TEST_STEP][PASSED] - connection.connect(): null

2022-03-29 19:32:05 - [TEST_STEP][PASSED] - flag = connected: null

2022-03-29 19:32:05 - [TEST_STEP][PASSED] - println("Valor_ori: " + flag): null

2022-03-29 19:32:05 - [TEST_STEP][PASSED] - if (flag): null

2022-03-29 19:32:05 - [TEST_STEP][PASSED] - navigateToUrl(i): Navigate to 'http://192.168.2.19:8380/saraweb' successfully

2022-03-29 19:32:05 - [MESSAGE][PASSED] - Navigate to 'http://192.168.2.19:8380/saraweb' successfully

2022-03-29 19:32:05 - [TEST_STEP][PASSED] - a(): null

2022-03-29 19:32:05 - [TEST_STEP][PASSED] - setText(findTestObject("Login/input_USUARIO_loginusuario"), G_Usuario): Text 'saraadmin' is set on object 'Object Repository/Login/input_USUARIO_loginusuario'

2022-03-29 19:32:07 - [MESSAGE][PASSED] - Text 'saraadmin' is set on object 'Object Repository/Login/input_USUARIO_loginusuario'

2022-03-29 19:32:07 - [TEST_STEP][PASSED] - setEncryptedText(findTestObject("Login/input_CLAVE_loginpassword"), "MkG4/TYiCFC3cb2driP7+Q=="): Text ****** has been set on object 'Object Repository/Login/input_CLAVE_loginpassword'

2022-03-29 19:32:07 - [MESSAGE][PASSED] - Text ****** has been set on object 'Object Repository/Login/input_CLAVE_loginpassword'

2022-03-29 19:32:07 - [TEST_STEP][PASSED] - waitForElementClickable(findTestObject("Login/a_Ingresar"), G_TimeOut): Object 'Object Repository/Login/a_Ingresar' is clickable

2022-03-29 19:32:08 - [MESSAGE][PASSED] - Object 'Object Repository/Login/a_Ingresar' is clickable

2022-03-29 19:32:08 - [TEST_STEP][PASSED] - click(findTestObject("Login/a_Ingresar")): Object: 'Object Repository/Login/a_Ingresar' is clicked on

2022-03-29 19:32:09 - [MESSAGE][PASSED] - Object: 'Object Repository/Login/a_Ingresar' is clicked on

2022-03-29 19:32:09 - [TEST_STEP][PASSED] - element = findWebElement(findTestObject("Login/a_Ir"), 30): null

2022-03-29 19:32:09 - [TEST_STEP][PASSED] - executeJavaScript("arguments[0].click()", Arrays.asList(element)): Execute JavaScript 'arguments[0].click()' successfully

2022-03-29 19:32:09 - [MESSAGE][PASSED] - Execute JavaScript 'arguments[0].click()' successfully

2022-03-29 19:32:09 - [MESSAGE][PASSED] - Call Test Case 'Test Cases/0.1-Login' successfully

2022-03-29 19:32:09 - [TEST_STEP][PASSED] - setText(findTestObject("Modulo Pruebas Planta de Personal/Buscar_Empleado/input_Empresa 1_form_templatej_idt24_input"), "planta personal (tal)"): Text 'planta personal (tal)' is set on object 'Object Repository/Modulo Pruebas Planta de Personal/Buscar_Empleado/input_Empresa 1_form_templatej_idt24_input'

2022-03-29 19:32:11 - [MESSAGE][PASSED] - Text 'planta personal (tal)' is set on object 'Object Repository/Modulo Pruebas Planta de Personal/Buscar_Empleado/input_Empresa 1_form_templatej_idt24_input'

2022-03-29 19:32:11 - [TEST_STEP][PASSED] - click(findTestObject("Modulo Pruebas Planta de Personal/Buscar_Empleado/span_Planta Personal (ta")): Object: 'Object Repository/Modulo Pruebas Planta de Personal/Buscar_Empleado/span_Planta Personal (ta' is clicked on

2022-03-29 19:32:12 - [MESSAGE][PASSED] - Object: 'Object Repository/Modulo Pruebas Planta de Personal/Buscar_Empleado/span_Planta Personal (ta' is clicked on

2022-03-29 19:32:12 - [TEST_STEP][PASSED] - click(findTestObject("Modulo Pruebas Planta de Personal/Buscar_Empleado/a_Actos Administrativos_organigramabuscar")): Object: 'Object Repository/Modulo Pruebas Planta de Personal/Buscar_Empleado/a_Actos Administrativos_organigramabuscar' is clicked on

2022-03-29 19:32:13 - [MESSAGE][PASSED] - Object: 'Object Repository/Modulo Pruebas Planta de Personal/Buscar_Empleado/a_Actos Administrativos_organigramabuscar' is clicked on

2022-03-29 19:32:13 - [TEST_STEP][PASSED] - selectOptionByIndex(findTestObject("Modulo Pruebas Planta de Personal/Buscar_Empleado/select_--Seleccione--EmpleadoPuesto"), 1): All options with index in [1] are selected on object 'Object Repository/Modulo Pruebas Planta de Personal/Buscar_Empleado/select_--Seleccione--EmpleadoPuesto'

2022-03-29 19:32:14 - [MESSAGE][PASSED] - All options with index in [1] are selected on object 'Object Repository/Modulo Pruebas Planta de Personal/Buscar_Empleado/select_--Seleccione--EmpleadoPuesto'

2022-03-29 19:32:14 - [TEST_STEP][PASSED] - click(findTestObject("Modulo Pruebas Planta de Personal/Buscar_Empleado/a_Identificacin_popupBusquedaPlantaj_idt286")): Object: 'Object Repository/Modulo Pruebas Planta de Personal/Buscar_Empleado/a_Identificacin_popupBusquedaPlantaj_idt286' is clicked on

2022-03-29 19:32:15 - [MESSAGE][PASSED] - Object: 'Object Repository/Modulo Pruebas Planta de Personal/Buscar_Empleado/a_Identificacin_popupBusquedaPlantaj_idt286' is clicked on

2022-03-29 19:32:15 - [TEST_STEP][PASSED] - setText(findTestObject("Modulo Pruebas Planta de Personal/Buscar_Empleado/input_Filtro Hoja de Vida_formPopupHojaVidaj_idt1339"), "mendoza cabra empleado"): Text 'mendoza cabra empleado' is set on object 'Object Repository/Modulo Pruebas Planta de Personal/Buscar_Empleado/input_Filtro Hoja de Vida_formPopupHojaVidaj_idt1339'

2022-03-29 19:32:16 - [MESSAGE][PASSED] - Text 'mendoza cabra empleado' is set on object 'Object Repository/Modulo Pruebas Planta de Personal/Buscar_Empleado/input_Filtro Hoja de Vida_formPopupHojaVidaj_idt1339'

2022-03-29 19:32:16 - [TEST_STEP][PASSED] - sendKeys(findTestObject("Modulo Pruebas Planta de Personal/Buscar_Empleado/input_Filtro Hoja de Vida_formPopupHojaVidaj_idt1339"), Keys.chord(ENTER)): Keys 'ENTER + ' sent to object: 'Object Repository/Modulo Pruebas Planta de Personal/Buscar_Empleado/input_Filtro Hoja de Vida_formPopupHojaVidaj_idt1339'

2022-03-29 19:32:17 - [MESSAGE][PASSED] - Keys 'ENTER + ' sent to object: 'Object Repository/Modulo Pruebas Planta de Personal/Buscar_Empleado/input_Filtro Hoja de Vida_formPopupHojaVidaj_idt1339'

2022-03-29 19:32:17 - [TEST_STEP][PASSED] - click(findTestObject("Modulo Pruebas Planta de Personal/Buscar_Empleado/span_Mendoza Cabra Empleado")): Object: 'Object Repository/Modulo Pruebas Planta de Personal/Buscar_Empleado/span_Mendoza Cabra Empleado' is clicked on

2022-03-29 19:32:18 - [MESSAGE][PASSED] - Object: 'Object Repository/Modulo Pruebas Planta de Personal/Buscar_Empleado/span_Mendoza Cabra Empleado' is clicked on

2022-03-29 19:32:18 - [TEST_STEP][PASSED] - click(findTestObject("Modulo Pruebas Planta de Personal/Buscar_Empleado/span_65       - Asistente")): Object: 'Object Repository/Modulo Pruebas Planta de Personal/Buscar_Empleado/span_65       - Asistente' is clicked on

2022-03-29 19:32:21 - [MESSAGE][PASSED] - Object: 'Object Repository/Modulo Pruebas Planta de Personal/Buscar_Empleado/span_65       - Asistente' is clicked on

2022-03-29 19:32:21 - [TEST_STEP][PASSED] - scrollToElement(findTestObject("Modulo Pruebas Planta de Personal/Buscar_Empleado/a_1"), 0): Scroll to object 'Object Repository/Modulo Pruebas Planta de Personal/Buscar_Empleado/a_1' successfully

2022-03-29 19:32:21 - [MESSAGE][WARNING] - Timeout '0' is invalid. Using default page load timeout: '45'

2022-03-29 19:32:24 - [MESSAGE][PASSED] - Scroll to object 'Object Repository/Modulo Pruebas Planta de Personal/Buscar_Empleado/a_1' successfully

2022-03-29 19:32:24 - [TEST_STEP][PASSED] - closeBrowser(): Browser is closed

2022-03-29 19:32:24 - [MESSAGE][PASSED] - Browser is closed]]></system-out>
         <system-err><![CDATA[]]></system-err>
      </testcase>
      <testcase name="Test Cases/1.2-Tareas_Secundarias/A.2-Pruebas_planta_personal/12.1.6-Buscar_puesto_de_trabajo" time="21.717" classname="Test Cases/1.2-Tareas_Secundarias/A.2-Pruebas_planta_personal/12.1.6-Buscar_puesto_de_trabajo" status="PASSED">
         <system-out><![CDATA[2022-03-29 19:32:24 - [TEST_CASE][PASSED] - Test Cases/1.2-Tareas_Secundarias/A.2-Pruebas_planta_personal/12.1.6-Buscar_puesto_de_trabajo: Test Cases/1.2-Tareas_Secundarias/A.2-Pruebas_planta_personal/12.1.6-Buscar_puesto_de_trabajo

2022-03-29 19:32:25 - [TEST_STEP][PASSED] - callTestCase(findTestCase("0.1-Login"), [:], STOP_ON_FAILURE): Call Test Case 'Test Cases/0.1-Login' successfully

2022-03-29 19:32:25 - [TEST_CASE][PASSED] - Test Cases/0.1-Login: Test Cases/0.1-Login

2022-03-29 19:32:25 - [TEST_STEP][PASSED] - openBrowser(""): Browser is opened with url: ''

2022-03-29 19:32:25 - [MESSAGE][INFO] - Starting 'Chrome' driver

2022-03-29 19:32:25 - [MESSAGE][INFO] - Action delay is set to 50 milliseconds

2022-03-29 19:32:26 - [MESSAGE][PASSED] - Browser is opened with url: ''

2022-03-29 19:32:26 - [TEST_STEP][PASSED] - maximizeWindow(): Current window maximized

2022-03-29 19:32:26 - [MESSAGE][PASSED] - Current window maximized

2022-03-29 19:32:26 - [TEST_STEP][PASSED] - i = G_Login: null

2022-03-29 19:32:26 - [TEST_STEP][PASSED] - url = new java.net.URL(i): null

2022-03-29 19:32:26 - [TEST_STEP][PASSED] - println("URL: " + url.toString()): null

2022-03-29 19:32:26 - [TEST_STEP][PASSED] - connection = url.openConnection(): null

2022-03-29 19:32:26 - [TEST_STEP][PASSED] - connection.setRequestMethod("GET"): null

2022-03-29 19:32:26 - [TEST_STEP][PASSED] - connection.setReadTimeout(2 * 1000): null

2022-03-29 19:32:26 - [TEST_STEP][PASSED] - try: null

2022-03-29 19:32:26 - [TEST_STEP][PASSED] - connection.connect(): null

2022-03-29 19:32:26 - [TEST_STEP][PASSED] - flag = connected: null

2022-03-29 19:32:26 - [TEST_STEP][PASSED] - println("Valor_ori: " + flag): null

2022-03-29 19:32:26 - [TEST_STEP][PASSED] - if (flag): null

2022-03-29 19:32:26 - [TEST_STEP][PASSED] - navigateToUrl(i): Navigate to 'http://192.168.2.19:8380/saraweb' successfully

2022-03-29 19:32:27 - [MESSAGE][PASSED] - Navigate to 'http://192.168.2.19:8380/saraweb' successfully

2022-03-29 19:32:27 - [TEST_STEP][PASSED] - a(): null

2022-03-29 19:32:27 - [TEST_STEP][PASSED] - setText(findTestObject("Login/input_USUARIO_loginusuario"), G_Usuario): Text 'saraadmin' is set on object 'Object Repository/Login/input_USUARIO_loginusuario'

2022-03-29 19:32:28 - [MESSAGE][PASSED] - Text 'saraadmin' is set on object 'Object Repository/Login/input_USUARIO_loginusuario'

2022-03-29 19:32:28 - [TEST_STEP][PASSED] - setEncryptedText(findTestObject("Login/input_CLAVE_loginpassword"), "MkG4/TYiCFC3cb2driP7+Q=="): Text ****** has been set on object 'Object Repository/Login/input_CLAVE_loginpassword'

2022-03-29 19:32:29 - [MESSAGE][PASSED] - Text ****** has been set on object 'Object Repository/Login/input_CLAVE_loginpassword'

2022-03-29 19:32:29 - [TEST_STEP][PASSED] - waitForElementClickable(findTestObject("Login/a_Ingresar"), G_TimeOut): Object 'Object Repository/Login/a_Ingresar' is clickable

2022-03-29 19:32:29 - [MESSAGE][PASSED] - Object 'Object Repository/Login/a_Ingresar' is clickable

2022-03-29 19:32:29 - [TEST_STEP][PASSED] - click(findTestObject("Login/a_Ingresar")): Object: 'Object Repository/Login/a_Ingresar' is clicked on

2022-03-29 19:32:30 - [MESSAGE][PASSED] - Object: 'Object Repository/Login/a_Ingresar' is clicked on

2022-03-29 19:32:30 - [TEST_STEP][PASSED] - element = findWebElement(findTestObject("Login/a_Ir"), 30): null

2022-03-29 19:32:31 - [TEST_STEP][PASSED] - executeJavaScript("arguments[0].click()", Arrays.asList(element)): Execute JavaScript 'arguments[0].click()' successfully

2022-03-29 19:32:31 - [MESSAGE][PASSED] - Execute JavaScript 'arguments[0].click()' successfully

2022-03-29 19:32:31 - [MESSAGE][PASSED] - Call Test Case 'Test Cases/0.1-Login' successfully

2022-03-29 19:32:31 - [TEST_STEP][PASSED] - setText(findTestObject("input_Empresa 1_form_templatej_idt24_input"), "planta personal (tal)"): Text 'planta personal (tal)' is set on object 'Object Repository/input_Empresa 1_form_templatej_idt24_input'

2022-03-29 19:32:32 - [MESSAGE][PASSED] - Text 'planta personal (tal)' is set on object 'Object Repository/input_Empresa 1_form_templatej_idt24_input'

2022-03-29 19:32:32 - [TEST_STEP][PASSED] - click(findTestObject("Modulo Pruebas Planta de Personal/Buscar_puesto_de_trabajo/span_Planta Personal (ta")): Object: 'Object Repository/Modulo Pruebas Planta de Personal/Buscar_puesto_de_trabajo/span_Planta Personal (ta' is clicked on

2022-03-29 19:32:33 - [MESSAGE][PASSED] - Object: 'Object Repository/Modulo Pruebas Planta de Personal/Buscar_puesto_de_trabajo/span_Planta Personal (ta' is clicked on

2022-03-29 19:32:33 - [TEST_STEP][PASSED] - click(findTestObject("Modulo Pruebas Planta de Personal/Buscar_puesto_de_trabajo/a_Actos Administrativos_organigramabuscar")): Object: 'Object Repository/Modulo Pruebas Planta de Personal/Buscar_puesto_de_trabajo/a_Actos Administrativos_organigramabuscar' is clicked on

2022-03-29 19:32:35 - [MESSAGE][PASSED] - Object: 'Object Repository/Modulo Pruebas Planta de Personal/Buscar_puesto_de_trabajo/a_Actos Administrativos_organigramabuscar' is clicked on

2022-03-29 19:32:35 - [TEST_STEP][PASSED] - selectOptionByIndex(findTestObject("Modulo Pruebas Planta de Personal/Buscar_puesto_de_trabajo/select_--Seleccione--EmpleadoPuesto"), 2): All options with index in [2] are selected on object 'Object Repository/Modulo Pruebas Planta de Personal/Buscar_puesto_de_trabajo/select_--Seleccione--EmpleadoPuesto'

2022-03-29 19:32:36 - [MESSAGE][PASSED] - All options with index in [2] are selected on object 'Object Repository/Modulo Pruebas Planta de Personal/Buscar_puesto_de_trabajo/select_--Seleccione--EmpleadoPuesto'

2022-03-29 19:32:36 - [TEST_STEP][PASSED] - click(findTestObject("Modulo Pruebas Planta de Personal/Buscar_puesto_de_trabajo/a_Cargo_popupBusquedaPlantaj_idt279")): Object: 'Object Repository/Modulo Pruebas Planta de Personal/Buscar_puesto_de_trabajo/a_Cargo_popupBusquedaPlantaj_idt279' is clicked on

2022-03-29 19:32:37 - [MESSAGE][PASSED] - Object: 'Object Repository/Modulo Pruebas Planta de Personal/Buscar_puesto_de_trabajo/a_Cargo_popupBusquedaPlantaj_idt279' is clicked on

2022-03-29 19:32:37 - [TEST_STEP][PASSED] - click(findTestObject("Modulo Pruebas Planta de Personal/Buscar_puesto_de_trabajo/a_Unidad Organizacional_popupBusquedaPlantaj_idt274")): Object: 'Object Repository/Modulo Pruebas Planta de Personal/Buscar_puesto_de_trabajo/a_Unidad Organizacional_popupBusquedaPlantaj_idt274' is clicked on

2022-03-29 19:32:37 - [MESSAGE][PASSED] - Object: 'Object Repository/Modulo Pruebas Planta de Personal/Buscar_puesto_de_trabajo/a_Unidad Organizacional_popupBusquedaPlantaj_idt274' is clicked on

2022-03-29 19:32:37 - [TEST_STEP][PASSED] - setText(findTestObject("Modulo Pruebas Planta de Personal/Buscar_puesto_de_trabajo/input_Unidad_form_popupUnidadUsuarioj_idt880"), "administracion"): Text 'administracion' is set on object 'Object Repository/Modulo Pruebas Planta de Personal/Buscar_puesto_de_trabajo/input_Unidad_form_popupUnidadUsuarioj_idt880'

2022-03-29 19:32:39 - [MESSAGE][PASSED] - Text 'administracion' is set on object 'Object Repository/Modulo Pruebas Planta de Personal/Buscar_puesto_de_trabajo/input_Unidad_form_popupUnidadUsuarioj_idt880'

2022-03-29 19:32:39 - [TEST_STEP][PASSED] - sendKeys(findTestObject("Modulo Pruebas Planta de Personal/Buscar_puesto_de_trabajo/input_Unidad_form_popupUnidadUsuarioj_idt880"), Keys.chord(ENTER)): Keys 'ENTER + ' sent to object: 'Object Repository/Modulo Pruebas Planta de Personal/Buscar_puesto_de_trabajo/input_Unidad_form_popupUnidadUsuarioj_idt880'

2022-03-29 19:32:39 - [MESSAGE][PASSED] - Keys 'ENTER + ' sent to object: 'Object Repository/Modulo Pruebas Planta de Personal/Buscar_puesto_de_trabajo/input_Unidad_form_popupUnidadUsuarioj_idt880'

2022-03-29 19:32:39 - [TEST_STEP][PASSED] - click(findTestObject("Modulo Pruebas Planta de Personal/Buscar_puesto_de_trabajo/span_ADMINISTRACION")): Object: 'Object Repository/Modulo Pruebas Planta de Personal/Buscar_puesto_de_trabajo/span_ADMINISTRACION' is clicked on

2022-03-29 19:32:40 - [MESSAGE][PASSED] - Object: 'Object Repository/Modulo Pruebas Planta de Personal/Buscar_puesto_de_trabajo/span_ADMINISTRACION' is clicked on

2022-03-29 19:32:40 - [TEST_STEP][PASSED] - click(findTestObject("Modulo Pruebas Planta de Personal/Buscar_puesto_de_trabajo/a_Cargo_popupBusquedaPlantaj_idt2790")): Object: 'Object Repository/Modulo Pruebas Planta de Personal/Buscar_puesto_de_trabajo/a_Cargo_popupBusquedaPlantaj_idt2790' is clicked on

2022-03-29 19:32:41 - [MESSAGE][PASSED] - Object: 'Object Repository/Modulo Pruebas Planta de Personal/Buscar_puesto_de_trabajo/a_Cargo_popupBusquedaPlantaj_idt2790' is clicked on

2022-03-29 19:32:41 - [TEST_STEP][PASSED] - click(findTestObject("Modulo Pruebas Planta de Personal/Buscar_puesto_de_trabajo/span_ABOGADO")): Object: 'Object Repository/Modulo Pruebas Planta de Personal/Buscar_puesto_de_trabajo/span_ABOGADO' is clicked on

2022-03-29 19:32:41 - [MESSAGE][PASSED] - Object: 'Object Repository/Modulo Pruebas Planta de Personal/Buscar_puesto_de_trabajo/span_ABOGADO' is clicked on

2022-03-29 19:32:41 - [TEST_STEP][PASSED] - click(findTestObject("Modulo Pruebas Planta de Personal/Buscar_puesto_de_trabajo/span_20139    - Abogado")): Object: 'Object Repository/Modulo Pruebas Planta de Personal/Buscar_puesto_de_trabajo/span_20139    - Abogado' is clicked on

2022-03-29 19:32:45 - [MESSAGE][PASSED] - Object: 'Object Repository/Modulo Pruebas Planta de Personal/Buscar_puesto_de_trabajo/span_20139    - Abogado' is clicked on

2022-03-29 19:32:45 - [TEST_STEP][PASSED] - scrollToElement(findTestObject("Modulo Pruebas Planta de Personal/Buscar_puesto_de_trabajo/span_10308"), 0): Scroll to object 'Object Repository/Modulo Pruebas Planta de Personal/Buscar_puesto_de_trabajo/span_10308' successfully

2022-03-29 19:32:45 - [MESSAGE][WARNING] - Timeout '0' is invalid. Using default page load timeout: '45'

2022-03-29 19:32:46 - [MESSAGE][PASSED] - Scroll to object 'Object Repository/Modulo Pruebas Planta de Personal/Buscar_puesto_de_trabajo/span_10308' successfully]]></system-out>
         <system-err><![CDATA[]]></system-err>
      </testcase>
      <testcase name="Test Cases/1.2-Tareas_Secundarias/A.2-Pruebas_planta_personal/12.1.7-Consultar_posición__nómina" time="66.324" classname="Test Cases/1.2-Tareas_Secundarias/A.2-Pruebas_planta_personal/12.1.7-Consultar_posición__nómina" status="FAILED">
         <failure type="FAILED" message="Test Cases/1.2-Tareas_Secundarias/A.2-Pruebas_planta_personal/12.1.7-Consultar_posición__nómina FAILED.
Reason:
com.kms.katalon.core.exception.StepFailedException: Unable to click on object 'Object Repository/Modulo Pruebas Planta de Personal/Consultar_posición__nómina/span_Salgado . Paula'
	at com.kms.katalon.core.webui.keyword.internal.WebUIKeywordMain.stepFailed(WebUIKeywordMain.groovy:64)
	at com.kms.katalon.core.webui.keyword.internal.WebUIKeywordMain.runKeyword(WebUIKeywordMain.groovy:26)
	at com.kms.katalon.core.webui.keyword.builtin.ClickKeyword.click(ClickKeyword.groovy:74)
	at com.kms.katalon.core.webui.keyword.builtin.ClickKeyword.execute(ClickKeyword.groovy:40)
	at com.kms.katalon.core.keyword.internal.KeywordExecutor.executeKeywordForPlatform(KeywordExecutor.groovy:74)
	at com.kms.katalon.core.webui.keyword.WebUiBuiltInKeywords.click(WebUiBuiltInKeywords.groovy:620)
	at com.kms.katalon.core.webui.keyword.WebUiBuiltInKeywords$click$5.call(Unknown Source)
	at 12.1.7-Consultar_posición__nómina.run(12.1.7-Consultar_posición__nómina:22)
	at com.kms.katalon.core.main.ScriptEngine.run(ScriptEngine.java:194)
	at com.kms.katalon.core.main.ScriptEngine.runScriptAsRawText(ScriptEngine.java:119)
	at com.kms.katalon.core.main.TestCaseExecutor.runScript(TestCaseExecutor.java:442)
	at com.kms.katalon.core.main.TestCaseExecutor.doExecute(TestCaseExecutor.java:433)
	at com.kms.katalon.core.main.TestCaseExecutor.processExecutionPhase(TestCaseExecutor.java:412)
	at com.kms.katalon.core.main.TestCaseExecutor.accessMainPhase(TestCaseExecutor.java:404)
	at com.kms.katalon.core.main.TestCaseExecutor.execute(TestCaseExecutor.java:281)
	at com.kms.katalon.core.main.TestSuiteExecutor.accessTestCaseMainPhase(TestSuiteExecutor.java:202)
	at com.kms.katalon.core.main.TestSuiteExecutor.accessTestSuiteMainPhase(TestSuiteExecutor.java:164)
	at com.kms.katalon.core.main.TestSuiteExecutor.execute(TestSuiteExecutor.java:105)
	at com.kms.katalon.core.main.TestCaseMain.startTestSuite(TestCaseMain.java:185)
	at com.kms.katalon.core.main.TestCaseMain$startTestSuite$0.call(Unknown Source)
	at TempTestSuite1648594435047.run(TempTestSuite1648594435047.groovy:36)
Caused by: com.kms.katalon.core.webui.exception.WebElementNotFoundException: Web element with id: 'Object Repository/Modulo Pruebas Planta de Personal/Consultar_posición__nómina/span_Salgado . Paula' located by '//*/text()[normalize-space(.)='Salgado . Paula']/parent::*' not found
	at com.kms.katalon.core.webui.common.WebUiCommonHelper.findWebElement(WebUiCommonHelper.java:1370)
	at com.kms.katalon.core.webui.keyword.internal.WebUIAbstractKeyword.findWebElement(WebUIAbstractKeyword.groovy:27)
	at com.kms.katalon.core.webui.keyword.builtin.ClickKeyword$_click_closure1.doCall(ClickKeyword.groovy:65)
	at com.kms.katalon.core.webui.keyword.builtin.ClickKeyword$_click_closure1.call(ClickKeyword.groovy)
	at com.kms.katalon.core.webui.keyword.internal.WebUIKeywordMain.runKeyword(WebUIKeywordMain.groovy:20)
	... 19 more
"/>
         <system-out><![CDATA[2022-03-29 19:32:46 - [TEST_CASE][FAILED] - Test Cases/1.2-Tareas_Secundarias/A.2-Pruebas_planta_personal/12.1.7-Consultar_posición__nómina: Test Cases/1.2-Tareas_Secundarias/A.2-Pruebas_planta_personal/12.1.7-Consultar_posición__nómina FAILED.
Reason:
com.kms.katalon.core.exception.StepFailedException: Unable to click on object 'Object Repository/Modulo Pruebas Planta de Personal/Consultar_posición__nómina/span_Salgado . Paula'
	at com.kms.katalon.core.webui.keyword.internal.WebUIKeywordMain.stepFailed(WebUIKeywordMain.groovy:64)
	at com.kms.katalon.core.webui.keyword.internal.WebUIKeywordMain.runKeyword(WebUIKeywordMain.groovy:26)
	at com.kms.katalon.core.webui.keyword.builtin.ClickKeyword.click(ClickKeyword.groovy:74)
	at com.kms.katalon.core.webui.keyword.builtin.ClickKeyword.execute(ClickKeyword.groovy:40)
	at com.kms.katalon.core.keyword.internal.KeywordExecutor.executeKeywordForPlatform(KeywordExecutor.groovy:74)
	at com.kms.katalon.core.webui.keyword.WebUiBuiltInKeywords.click(WebUiBuiltInKeywords.groovy:620)
	at com.kms.katalon.core.webui.keyword.WebUiBuiltInKeywords$click$5.call(Unknown Source)
	at 12.1.7-Consultar_posición__nómina.run(12.1.7-Consultar_posición__nómina:22)
	at com.kms.katalon.core.main.ScriptEngine.run(ScriptEngine.java:194)
	at com.kms.katalon.core.main.ScriptEngine.runScriptAsRawText(ScriptEngine.java:119)
	at com.kms.katalon.core.main.TestCaseExecutor.runScript(TestCaseExecutor.java:442)
	at com.kms.katalon.core.main.TestCaseExecutor.doExecute(TestCaseExecutor.java:433)
	at com.kms.katalon.core.main.TestCaseExecutor.processExecutionPhase(TestCaseExecutor.java:412)
	at com.kms.katalon.core.main.TestCaseExecutor.accessMainPhase(TestCaseExecutor.java:404)
	at com.kms.katalon.core.main.TestCaseExecutor.execute(TestCaseExecutor.java:281)
	at com.kms.katalon.core.main.TestSuiteExecutor.accessTestCaseMainPhase(TestSuiteExecutor.java:202)
	at com.kms.katalon.core.main.TestSuiteExecutor.accessTestSuiteMainPhase(TestSuiteExecutor.java:164)
	at com.kms.katalon.core.main.TestSuiteExecutor.execute(TestSuiteExecutor.java:105)
	at com.kms.katalon.core.main.TestCaseMain.startTestSuite(TestCaseMain.java:185)
	at com.kms.katalon.core.main.TestCaseMain$startTestSuite$0.call(Unknown Source)
	at TempTestSuite1648594435047.run(TempTestSuite1648594435047.groovy:36)
Caused by: com.kms.katalon.core.webui.exception.WebElementNotFoundException: Web element with id: 'Object Repository/Modulo Pruebas Planta de Personal/Consultar_posición__nómina/span_Salgado . Paula' located by '//*/text()[normalize-space(.)='Salgado . Paula']/parent::*' not found
	at com.kms.katalon.core.webui.common.WebUiCommonHelper.findWebElement(WebUiCommonHelper.java:1370)
	at com.kms.katalon.core.webui.keyword.internal.WebUIAbstractKeyword.findWebElement(WebUIAbstractKeyword.groovy:27)
	at com.kms.katalon.core.webui.keyword.builtin.ClickKeyword$_click_closure1.doCall(ClickKeyword.groovy:65)
	at com.kms.katalon.core.webui.keyword.builtin.ClickKeyword$_click_closure1.call(ClickKeyword.groovy)
	at com.kms.katalon.core.webui.keyword.internal.WebUIKeywordMain.runKeyword(WebUIKeywordMain.groovy:20)
	... 19 more


2022-03-29 19:32:46 - [TEST_STEP][PASSED] - callTestCase(findTestCase("1.2-Tareas_Secundarias/A.2-Pruebas_planta_personal/12.1.6-Buscar_puesto_de_trabajo"), [:], STOP_ON_FAILURE): Call Test Case 'Test Cases/1.2-Tareas_Secundarias/A.2-Pruebas_planta_personal/12.1.6-Buscar_puesto_de_trabajo' successfully

2022-03-29 19:32:46 - [TEST_CASE][PASSED] - Test Cases/1.2-Tareas_Secundarias/A.2-Pruebas_planta_personal/12.1.6-Buscar_puesto_de_trabajo: Test Cases/1.2-Tareas_Secundarias/A.2-Pruebas_planta_personal/12.1.6-Buscar_puesto_de_trabajo

2022-03-29 19:32:46 - [TEST_STEP][PASSED] - callTestCase(findTestCase("0.1-Login"), [:], STOP_ON_FAILURE): Call Test Case 'Test Cases/0.1-Login' successfully

2022-03-29 19:32:46 - [TEST_CASE][PASSED] - Test Cases/0.1-Login: Test Cases/0.1-Login

2022-03-29 19:32:46 - [TEST_STEP][PASSED] - openBrowser(""): Browser is opened with url: ''

2022-03-29 19:32:46 - [MESSAGE][WARNING] - A browser is already opened. Closing browser and opening a new one

2022-03-29 19:32:47 - [MESSAGE][INFO] - Starting 'Chrome' driver

2022-03-29 19:32:47 - [MESSAGE][INFO] - Action delay is set to 50 milliseconds

2022-03-29 19:32:49 - [MESSAGE][PASSED] - Browser is opened with url: ''

2022-03-29 19:32:49 - [TEST_STEP][PASSED] - maximizeWindow(): Current window maximized

2022-03-29 19:32:49 - [MESSAGE][PASSED] - Current window maximized

2022-03-29 19:32:49 - [TEST_STEP][PASSED] - i = G_Login: null

2022-03-29 19:32:49 - [TEST_STEP][PASSED] - url = new java.net.URL(i): null

2022-03-29 19:32:49 - [TEST_STEP][PASSED] - println("URL: " + url.toString()): null

2022-03-29 19:32:49 - [TEST_STEP][PASSED] - connection = url.openConnection(): null

2022-03-29 19:32:49 - [TEST_STEP][PASSED] - connection.setRequestMethod("GET"): null

2022-03-29 19:32:49 - [TEST_STEP][PASSED] - connection.setReadTimeout(2 * 1000): null

2022-03-29 19:32:49 - [TEST_STEP][PASSED] - try: null

2022-03-29 19:32:49 - [TEST_STEP][PASSED] - connection.connect(): null

2022-03-29 19:32:49 - [TEST_STEP][PASSED] - flag = connected: null

2022-03-29 19:32:49 - [TEST_STEP][PASSED] - println("Valor_ori: " + flag): null

2022-03-29 19:32:49 - [TEST_STEP][PASSED] - if (flag): null

2022-03-29 19:32:49 - [TEST_STEP][PASSED] - navigateToUrl(i): Navigate to 'http://192.168.2.19:8380/saraweb' successfully

2022-03-29 19:32:49 - [MESSAGE][PASSED] - Navigate to 'http://192.168.2.19:8380/saraweb' successfully

2022-03-29 19:32:49 - [TEST_STEP][PASSED] - a(): null

2022-03-29 19:32:49 - [TEST_STEP][PASSED] - setText(findTestObject("Login/input_USUARIO_loginusuario"), G_Usuario): Text 'saraadmin' is set on object 'Object Repository/Login/input_USUARIO_loginusuario'

2022-03-29 19:32:50 - [MESSAGE][PASSED] - Text 'saraadmin' is set on object 'Object Repository/Login/input_USUARIO_loginusuario'

2022-03-29 19:32:50 - [TEST_STEP][PASSED] - setEncryptedText(findTestObject("Login/input_CLAVE_loginpassword"), "MkG4/TYiCFC3cb2driP7+Q=="): Text ****** has been set on object 'Object Repository/Login/input_CLAVE_loginpassword'

2022-03-29 19:32:51 - [MESSAGE][PASSED] - Text ****** has been set on object 'Object Repository/Login/input_CLAVE_loginpassword'

2022-03-29 19:32:51 - [TEST_STEP][PASSED] - waitForElementClickable(findTestObject("Login/a_Ingresar"), G_TimeOut): Object 'Object Repository/Login/a_Ingresar' is clickable

2022-03-29 19:32:51 - [MESSAGE][PASSED] - Object 'Object Repository/Login/a_Ingresar' is clickable

2022-03-29 19:32:51 - [TEST_STEP][PASSED] - click(findTestObject("Login/a_Ingresar")): Object: 'Object Repository/Login/a_Ingresar' is clicked on

2022-03-29 19:32:52 - [MESSAGE][PASSED] - Object: 'Object Repository/Login/a_Ingresar' is clicked on

2022-03-29 19:32:52 - [TEST_STEP][PASSED] - element = findWebElement(findTestObject("Login/a_Ir"), 30): null

2022-03-29 19:32:53 - [TEST_STEP][PASSED] - executeJavaScript("arguments[0].click()", Arrays.asList(element)): Execute JavaScript 'arguments[0].click()' successfully

2022-03-29 19:32:53 - [MESSAGE][PASSED] - Execute JavaScript 'arguments[0].click()' successfully

2022-03-29 19:32:53 - [MESSAGE][PASSED] - Call Test Case 'Test Cases/0.1-Login' successfully

2022-03-29 19:32:53 - [TEST_STEP][PASSED] - setText(findTestObject("input_Empresa 1_form_templatej_idt24_input"), "planta personal (tal)"): Text 'planta personal (tal)' is set on object 'Object Repository/input_Empresa 1_form_templatej_idt24_input'

2022-03-29 19:32:54 - [MESSAGE][PASSED] - Text 'planta personal (tal)' is set on object 'Object Repository/input_Empresa 1_form_templatej_idt24_input'

2022-03-29 19:32:54 - [TEST_STEP][PASSED] - click(findTestObject("Modulo Pruebas Planta de Personal/Buscar_puesto_de_trabajo/span_Planta Personal (ta")): Object: 'Object Repository/Modulo Pruebas Planta de Personal/Buscar_puesto_de_trabajo/span_Planta Personal (ta' is clicked on

2022-03-29 19:32:56 - [MESSAGE][PASSED] - Object: 'Object Repository/Modulo Pruebas Planta de Personal/Buscar_puesto_de_trabajo/span_Planta Personal (ta' is clicked on

2022-03-29 19:32:56 - [TEST_STEP][PASSED] - click(findTestObject("Modulo Pruebas Planta de Personal/Buscar_puesto_de_trabajo/a_Actos Administrativos_organigramabuscar")): Object: 'Object Repository/Modulo Pruebas Planta de Personal/Buscar_puesto_de_trabajo/a_Actos Administrativos_organigramabuscar' is clicked on

2022-03-29 19:32:56 - [MESSAGE][PASSED] - Object: 'Object Repository/Modulo Pruebas Planta de Personal/Buscar_puesto_de_trabajo/a_Actos Administrativos_organigramabuscar' is clicked on

2022-03-29 19:32:56 - [TEST_STEP][PASSED] - selectOptionByIndex(findTestObject("Modulo Pruebas Planta de Personal/Buscar_puesto_de_trabajo/select_--Seleccione--EmpleadoPuesto"), 2): All options with index in [2] are selected on object 'Object Repository/Modulo Pruebas Planta de Personal/Buscar_puesto_de_trabajo/select_--Seleccione--EmpleadoPuesto'

2022-03-29 19:32:58 - [MESSAGE][PASSED] - All options with index in [2] are selected on object 'Object Repository/Modulo Pruebas Planta de Personal/Buscar_puesto_de_trabajo/select_--Seleccione--EmpleadoPuesto'

2022-03-29 19:32:58 - [TEST_STEP][PASSED] - click(findTestObject("Modulo Pruebas Planta de Personal/Buscar_puesto_de_trabajo/a_Cargo_popupBusquedaPlantaj_idt279")): Object: 'Object Repository/Modulo Pruebas Planta de Personal/Buscar_puesto_de_trabajo/a_Cargo_popupBusquedaPlantaj_idt279' is clicked on

2022-03-29 19:32:59 - [MESSAGE][PASSED] - Object: 'Object Repository/Modulo Pruebas Planta de Personal/Buscar_puesto_de_trabajo/a_Cargo_popupBusquedaPlantaj_idt279' is clicked on

2022-03-29 19:32:59 - [TEST_STEP][PASSED] - click(findTestObject("Modulo Pruebas Planta de Personal/Buscar_puesto_de_trabajo/a_Unidad Organizacional_popupBusquedaPlantaj_idt274")): Object: 'Object Repository/Modulo Pruebas Planta de Personal/Buscar_puesto_de_trabajo/a_Unidad Organizacional_popupBusquedaPlantaj_idt274' is clicked on

2022-03-29 19:33:00 - [MESSAGE][PASSED] - Object: 'Object Repository/Modulo Pruebas Planta de Personal/Buscar_puesto_de_trabajo/a_Unidad Organizacional_popupBusquedaPlantaj_idt274' is clicked on

2022-03-29 19:33:00 - [TEST_STEP][PASSED] - setText(findTestObject("Modulo Pruebas Planta de Personal/Buscar_puesto_de_trabajo/input_Unidad_form_popupUnidadUsuarioj_idt880"), "administracion"): Text 'administracion' is set on object 'Object Repository/Modulo Pruebas Planta de Personal/Buscar_puesto_de_trabajo/input_Unidad_form_popupUnidadUsuarioj_idt880'

2022-03-29 19:33:01 - [MESSAGE][PASSED] - Text 'administracion' is set on object 'Object Repository/Modulo Pruebas Planta de Personal/Buscar_puesto_de_trabajo/input_Unidad_form_popupUnidadUsuarioj_idt880'

2022-03-29 19:33:01 - [TEST_STEP][PASSED] - sendKeys(findTestObject("Modulo Pruebas Planta de Personal/Buscar_puesto_de_trabajo/input_Unidad_form_popupUnidadUsuarioj_idt880"), Keys.chord(ENTER)): Keys 'ENTER + ' sent to object: 'Object Repository/Modulo Pruebas Planta de Personal/Buscar_puesto_de_trabajo/input_Unidad_form_popupUnidadUsuarioj_idt880'

2022-03-29 19:33:01 - [MESSAGE][PASSED] - Keys 'ENTER + ' sent to object: 'Object Repository/Modulo Pruebas Planta de Personal/Buscar_puesto_de_trabajo/input_Unidad_form_popupUnidadUsuarioj_idt880'

2022-03-29 19:33:01 - [TEST_STEP][PASSED] - click(findTestObject("Modulo Pruebas Planta de Personal/Buscar_puesto_de_trabajo/span_ADMINISTRACION")): Object: 'Object Repository/Modulo Pruebas Planta de Personal/Buscar_puesto_de_trabajo/span_ADMINISTRACION' is clicked on

2022-03-29 19:33:02 - [MESSAGE][PASSED] - Object: 'Object Repository/Modulo Pruebas Planta de Personal/Buscar_puesto_de_trabajo/span_ADMINISTRACION' is clicked on

2022-03-29 19:33:02 - [TEST_STEP][PASSED] - click(findTestObject("Modulo Pruebas Planta de Personal/Buscar_puesto_de_trabajo/a_Cargo_popupBusquedaPlantaj_idt2790")): Object: 'Object Repository/Modulo Pruebas Planta de Personal/Buscar_puesto_de_trabajo/a_Cargo_popupBusquedaPlantaj_idt2790' is clicked on

2022-03-29 19:33:03 - [MESSAGE][PASSED] - Object: 'Object Repository/Modulo Pruebas Planta de Personal/Buscar_puesto_de_trabajo/a_Cargo_popupBusquedaPlantaj_idt2790' is clicked on

2022-03-29 19:33:03 - [TEST_STEP][PASSED] - click(findTestObject("Modulo Pruebas Planta de Personal/Buscar_puesto_de_trabajo/span_ABOGADO")): Object: 'Object Repository/Modulo Pruebas Planta de Personal/Buscar_puesto_de_trabajo/span_ABOGADO' is clicked on

2022-03-29 19:33:04 - [MESSAGE][PASSED] - Object: 'Object Repository/Modulo Pruebas Planta de Personal/Buscar_puesto_de_trabajo/span_ABOGADO' is clicked on

2022-03-29 19:33:04 - [TEST_STEP][PASSED] - click(findTestObject("Modulo Pruebas Planta de Personal/Buscar_puesto_de_trabajo/span_20139    - Abogado")): Object: 'Object Repository/Modulo Pruebas Planta de Personal/Buscar_puesto_de_trabajo/span_20139    - Abogado' is clicked on

2022-03-29 19:33:05 - [MESSAGE][PASSED] - Object: 'Object Repository/Modulo Pruebas Planta de Personal/Buscar_puesto_de_trabajo/span_20139    - Abogado' is clicked on

2022-03-29 19:33:05 - [TEST_STEP][PASSED] - scrollToElement(findTestObject("Modulo Pruebas Planta de Personal/Buscar_puesto_de_trabajo/span_10308"), 0): Scroll to object 'Object Repository/Modulo Pruebas Planta de Personal/Buscar_puesto_de_trabajo/span_10308' successfully

2022-03-29 19:33:05 - [MESSAGE][WARNING] - Timeout '0' is invalid. Using default page load timeout: '45'

2022-03-29 19:33:06 - [MESSAGE][PASSED] - Scroll to object 'Object Repository/Modulo Pruebas Planta de Personal/Buscar_puesto_de_trabajo/span_10308' successfully

2022-03-29 19:33:06 - [MESSAGE][PASSED] - Call Test Case 'Test Cases/1.2-Tareas_Secundarias/A.2-Pruebas_planta_personal/12.1.6-Buscar_puesto_de_trabajo' successfully

2022-03-29 19:33:06 - [TEST_STEP][FAILED] - click(findTestObject("Modulo Pruebas Planta de Personal/Consultar_posición__nómina/span_Salgado . Paula")): Unable to click on object 'Object Repository/Modulo Pruebas Planta de Personal/Consultar_posición__nómina/span_Salgado . Paula' (Root cause: com.kms.katalon.core.exception.StepFailedException: Unable to click on object 'Object Repository/Modulo Pruebas Planta de Personal/Consultar_posición__nómina/span_Salgado . Paula'
	at com.kms.katalon.core.webui.keyword.internal.WebUIKeywordMain.stepFailed(WebUIKeywordMain.groovy:64)
	at com.kms.katalon.core.webui.keyword.internal.WebUIKeywordMain.runKeyword(WebUIKeywordMain.groovy:26)
	at com.kms.katalon.core.webui.keyword.builtin.ClickKeyword.click(ClickKeyword.groovy:74)
	at com.kms.katalon.core.webui.keyword.builtin.ClickKeyword.execute(ClickKeyword.groovy:40)
	at com.kms.katalon.core.keyword.internal.KeywordExecutor.executeKeywordForPlatform(KeywordExecutor.groovy:74)
	at com.kms.katalon.core.webui.keyword.WebUiBuiltInKeywords.click(WebUiBuiltInKeywords.groovy:620)
	at com.kms.katalon.core.webui.keyword.WebUiBuiltInKeywords$click$5.call(Unknown Source)
	at 12.1.7-Consultar_posición__nómina.run(12.1.7-Consultar_posición__nómina:22)
	at com.kms.katalon.core.main.ScriptEngine.run(ScriptEngine.java:194)
	at com.kms.katalon.core.main.ScriptEngine.runScriptAsRawText(ScriptEngine.java:119)
	at com.kms.katalon.core.main.TestCaseExecutor.runScript(TestCaseExecutor.java:442)
	at com.kms.katalon.core.main.TestCaseExecutor.doExecute(TestCaseExecutor.java:433)
	at com.kms.katalon.core.main.TestCaseExecutor.processExecutionPhase(TestCaseExecutor.java:412)
	at com.kms.katalon.core.main.TestCaseExecutor.accessMainPhase(TestCaseExecutor.java:404)
	at com.kms.katalon.core.main.TestCaseExecutor.execute(TestCaseExecutor.java:281)
	at com.kms.katalon.core.main.TestSuiteExecutor.accessTestCaseMainPhase(TestSuiteExecutor.java:202)
	at com.kms.katalon.core.main.TestSuiteExecutor.accessTestSuiteMainPhase(TestSuiteExecutor.java:164)
	at com.kms.katalon.core.main.TestSuiteExecutor.execute(TestSuiteExecutor.java:105)
	at com.kms.katalon.core.main.TestCaseMain.startTestSuite(TestCaseMain.java:185)
	at com.kms.katalon.core.main.TestCaseMain$startTestSuite$0.call(Unknown Source)
	at TempTestSuite1648594435047.run(TempTestSuite1648594435047.groovy:36)
Caused by: com.kms.katalon.core.webui.exception.WebElementNotFoundException: Web element with id: 'Object Repository/Modulo Pruebas Planta de Personal/Consultar_posición__nómina/span_Salgado . Paula' located by '//*/text()[normalize-space(.)='Salgado . Paula']/parent::*' not found
	at com.kms.katalon.core.webui.common.WebUiCommonHelper.findWebElement(WebUiCommonHelper.java:1370)
	at com.kms.katalon.core.webui.keyword.internal.WebUIAbstractKeyword.findWebElement(WebUIAbstractKeyword.groovy:27)
	at com.kms.katalon.core.webui.keyword.builtin.ClickKeyword$_click_closure1.doCall(ClickKeyword.groovy:65)
	at com.kms.katalon.core.webui.keyword.builtin.ClickKeyword$_click_closure1.call(ClickKeyword.groovy)
	at com.kms.katalon.core.webui.keyword.internal.WebUIKeywordMain.runKeyword(WebUIKeywordMain.groovy:20)
	at com.kms.katalon.core.webui.keyword.builtin.ClickKeyword.click(ClickKeyword.groovy:74)
	at com.kms.katalon.core.webui.keyword.builtin.ClickKeyword.execute(ClickKeyword.groovy:40)
	at com.kms.katalon.core.keyword.internal.KeywordExecutor.executeKeywordForPlatform(KeywordExecutor.groovy:74)
	at com.kms.katalon.core.webui.keyword.WebUiBuiltInKeywords.click(WebUiBuiltInKeywords.groovy:620)
	at com.kms.katalon.core.webui.keyword.WebUiBuiltInKeywords$click$5.call(Unknown Source)
	at Script1648474008032.run(Script1648474008032.groovy:22)
	... 13 more
)

2022-03-29 19:33:52 - [MESSAGE][INFO] - Unable to find the element located by 'By.xpath: //*/text()[normalize-space(.)='Salgado . Paula']/parent::*'. Please recheck the objects properties to make sure the desired element is located. 

2022-03-29 19:33:52 - [MESSAGE][FAILED] - Unable to click on object 'Object Repository/Modulo Pruebas Planta de Personal/Consultar_posición__nómina/span_Salgado . Paula' (Root cause: com.kms.katalon.core.exception.StepFailedException: Unable to click on object 'Object Repository/Modulo Pruebas Planta de Personal/Consultar_posición__nómina/span_Salgado . Paula'
	at com.kms.katalon.core.webui.keyword.internal.WebUIKeywordMain.stepFailed(WebUIKeywordMain.groovy:64)
	at com.kms.katalon.core.webui.keyword.internal.WebUIKeywordMain.runKeyword(WebUIKeywordMain.groovy:26)
	at com.kms.katalon.core.webui.keyword.builtin.ClickKeyword.click(ClickKeyword.groovy:74)
	at com.kms.katalon.core.webui.keyword.builtin.ClickKeyword.execute(ClickKeyword.groovy:40)
	at com.kms.katalon.core.keyword.internal.KeywordExecutor.executeKeywordForPlatform(KeywordExecutor.groovy:74)
	at com.kms.katalon.core.webui.keyword.WebUiBuiltInKeywords.click(WebUiBuiltInKeywords.groovy:620)
	at com.kms.katalon.core.webui.keyword.WebUiBuiltInKeywords$click$5.call(Unknown Source)
	at 12.1.7-Consultar_posición__nómina.run(12.1.7-Consultar_posición__nómina:22)
	at com.kms.katalon.core.main.ScriptEngine.run(ScriptEngine.java:194)
	at com.kms.katalon.core.main.ScriptEngine.runScriptAsRawText(ScriptEngine.java:119)
	at com.kms.katalon.core.main.TestCaseExecutor.runScript(TestCaseExecutor.java:442)
	at com.kms.katalon.core.main.TestCaseExecutor.doExecute(TestCaseExecutor.java:433)
	at com.kms.katalon.core.main.TestCaseExecutor.processExecutionPhase(TestCaseExecutor.java:412)
	at com.kms.katalon.core.main.TestCaseExecutor.accessMainPhase(TestCaseExecutor.java:404)
	at com.kms.katalon.core.main.TestCaseExecutor.execute(TestCaseExecutor.java:281)
	at com.kms.katalon.core.main.TestSuiteExecutor.accessTestCaseMainPhase(TestSuiteExecutor.java:202)
	at com.kms.katalon.core.main.TestSuiteExecutor.accessTestSuiteMainPhase(TestSuiteExecutor.java:164)
	at com.kms.katalon.core.main.TestSuiteExecutor.execute(TestSuiteExecutor.java:105)
	at com.kms.katalon.core.main.TestCaseMain.startTestSuite(TestCaseMain.java:185)
	at com.kms.katalon.core.main.TestCaseMain$startTestSuite$0.call(Unknown Source)
	at TempTestSuite1648594435047.run(TempTestSuite1648594435047.groovy:36)
Caused by: com.kms.katalon.core.webui.exception.WebElementNotFoundException: Web element with id: 'Object Repository/Modulo Pruebas Planta de Personal/Consultar_posición__nómina/span_Salgado . Paula' located by '//*/text()[normalize-space(.)='Salgado . Paula']/parent::*' not found
	at com.kms.katalon.core.webui.common.WebUiCommonHelper.findWebElement(WebUiCommonHelper.java:1370)
	at com.kms.katalon.core.webui.keyword.internal.WebUIAbstractKeyword.findWebElement(WebUIAbstractKeyword.groovy:27)
	at com.kms.katalon.core.webui.keyword.builtin.ClickKeyword$_click_closure1.doCall(ClickKeyword.groovy:65)
	at com.kms.katalon.core.webui.keyword.builtin.ClickKeyword$_click_closure1.call(ClickKeyword.groovy)
	at com.kms.katalon.core.webui.keyword.internal.WebUIKeywordMain.runKeyword(WebUIKeywordMain.groovy:20)
	at com.kms.katalon.core.webui.keyword.builtin.ClickKeyword.click(ClickKeyword.groovy:74)
	at com.kms.katalon.core.webui.keyword.builtin.ClickKeyword.execute(ClickKeyword.groovy:40)
	at com.kms.katalon.core.keyword.internal.KeywordExecutor.executeKeywordForPlatform(KeywordExecutor.groovy:74)
	at com.kms.katalon.core.webui.keyword.WebUiBuiltInKeywords.click(WebUiBuiltInKeywords.groovy:620)
	at com.kms.katalon.core.webui.keyword.WebUiBuiltInKeywords$click$5.call(Unknown Source)
	at Script1648474008032.run(Script1648474008032.groovy:22)
	... 13 more
)
[[ATTACHMENT|C:\\Users\\diego.rojas\\git\\Pruebas-Minimas\\Reports\\20220329_175344\\Test_Suite_Secundaria\\1-Tareas_secundarias\\20220329_175355\\1648600432606.png]]]]></system-out>
         <system-err><![CDATA[2022-03-29 19:32:46 - [TEST_CASE][FAILED] - Test Cases/1.2-Tareas_Secundarias/A.2-Pruebas_planta_personal/12.1.7-Consultar_posición__nómina: Test Cases/1.2-Tareas_Secundarias/A.2-Pruebas_planta_personal/12.1.7-Consultar_posición__nómina FAILED.
Reason:
com.kms.katalon.core.exception.StepFailedException: Unable to click on object 'Object Repository/Modulo Pruebas Planta de Personal/Consultar_posición__nómina/span_Salgado . Paula'
	at com.kms.katalon.core.webui.keyword.internal.WebUIKeywordMain.stepFailed(WebUIKeywordMain.groovy:64)
	at com.kms.katalon.core.webui.keyword.internal.WebUIKeywordMain.runKeyword(WebUIKeywordMain.groovy:26)
	at com.kms.katalon.core.webui.keyword.builtin.ClickKeyword.click(ClickKeyword.groovy:74)
	at com.kms.katalon.core.webui.keyword.builtin.ClickKeyword.execute(ClickKeyword.groovy:40)
	at com.kms.katalon.core.keyword.internal.KeywordExecutor.executeKeywordForPlatform(KeywordExecutor.groovy:74)
	at com.kms.katalon.core.webui.keyword.WebUiBuiltInKeywords.click(WebUiBuiltInKeywords.groovy:620)
	at com.kms.katalon.core.webui.keyword.WebUiBuiltInKeywords$click$5.call(Unknown Source)
	at 12.1.7-Consultar_posición__nómina.run(12.1.7-Consultar_posición__nómina:22)
	at com.kms.katalon.core.main.ScriptEngine.run(ScriptEngine.java:194)
	at com.kms.katalon.core.main.ScriptEngine.runScriptAsRawText(ScriptEngine.java:119)
	at com.kms.katalon.core.main.TestCaseExecutor.runScript(TestCaseExecutor.java:442)
	at com.kms.katalon.core.main.TestCaseExecutor.doExecute(TestCaseExecutor.java:433)
	at com.kms.katalon.core.main.TestCaseExecutor.processExecutionPhase(TestCaseExecutor.java:412)
	at com.kms.katalon.core.main.TestCaseExecutor.accessMainPhase(TestCaseExecutor.java:404)
	at com.kms.katalon.core.main.TestCaseExecutor.execute(TestCaseExecutor.java:281)
	at com.kms.katalon.core.main.TestSuiteExecutor.accessTestCaseMainPhase(TestSuiteExecutor.java:202)
	at com.kms.katalon.core.main.TestSuiteExecutor.accessTestSuiteMainPhase(TestSuiteExecutor.java:164)
	at com.kms.katalon.core.main.TestSuiteExecutor.execute(TestSuiteExecutor.java:105)
	at com.kms.katalon.core.main.TestCaseMain.startTestSuite(TestCaseMain.java:185)
	at com.kms.katalon.core.main.TestCaseMain$startTestSuite$0.call(Unknown Source)
	at TempTestSuite1648594435047.run(TempTestSuite1648594435047.groovy:36)
Caused by: com.kms.katalon.core.webui.exception.WebElementNotFoundException: Web element with id: 'Object Repository/Modulo Pruebas Planta de Personal/Consultar_posición__nómina/span_Salgado . Paula' located by '//*/text()[normalize-space(.)='Salgado . Paula']/parent::*' not found
	at com.kms.katalon.core.webui.common.WebUiCommonHelper.findWebElement(WebUiCommonHelper.java:1370)
	at com.kms.katalon.core.webui.keyword.internal.WebUIAbstractKeyword.findWebElement(WebUIAbstractKeyword.groovy:27)
	at com.kms.katalon.core.webui.keyword.builtin.ClickKeyword$_click_closure1.doCall(ClickKeyword.groovy:65)
	at com.kms.katalon.core.webui.keyword.builtin.ClickKeyword$_click_closure1.call(ClickKeyword.groovy)
	at com.kms.katalon.core.webui.keyword.internal.WebUIKeywordMain.runKeyword(WebUIKeywordMain.groovy:20)
	... 19 more]]></system-err>
      </testcase>
      <testcase name="Test Cases/1.2-Tareas_Secundarias/A.2-Pruebas_planta_personal/12.1.8-Solicitar_requerimiento" time="23.225" classname="Test Cases/1.2-Tareas_Secundarias/A.2-Pruebas_planta_personal/12.1.8-Solicitar_requerimiento" status="PASSED">
         <system-out><![CDATA[2022-03-29 19:33:52 - [TEST_CASE][PASSED] - Test Cases/1.2-Tareas_Secundarias/A.2-Pruebas_planta_personal/12.1.8-Solicitar_requerimiento: Test Cases/1.2-Tareas_Secundarias/A.2-Pruebas_planta_personal/12.1.8-Solicitar_requerimiento

2022-03-29 19:33:53 - [TEST_STEP][PASSED] - callTestCase(findTestCase("1.2-Tareas_Secundarias/A.2-Pruebas_planta_personal/12.1.6-Buscar_puesto_de_trabajo"), [:], STOP_ON_FAILURE): Call Test Case 'Test Cases/1.2-Tareas_Secundarias/A.2-Pruebas_planta_personal/12.1.6-Buscar_puesto_de_trabajo' successfully

2022-03-29 19:33:53 - [TEST_CASE][PASSED] - Test Cases/1.2-Tareas_Secundarias/A.2-Pruebas_planta_personal/12.1.6-Buscar_puesto_de_trabajo: Test Cases/1.2-Tareas_Secundarias/A.2-Pruebas_planta_personal/12.1.6-Buscar_puesto_de_trabajo

2022-03-29 19:33:53 - [TEST_STEP][PASSED] - callTestCase(findTestCase("0.1-Login"), [:], STOP_ON_FAILURE): Call Test Case 'Test Cases/0.1-Login' successfully

2022-03-29 19:33:53 - [TEST_CASE][PASSED] - Test Cases/0.1-Login: Test Cases/0.1-Login

2022-03-29 19:33:53 - [TEST_STEP][PASSED] - openBrowser(""): Browser is opened with url: ''

2022-03-29 19:33:53 - [MESSAGE][WARNING] - A browser is already opened. Closing browser and opening a new one

2022-03-29 19:33:54 - [MESSAGE][INFO] - Starting 'Chrome' driver

2022-03-29 19:33:54 - [MESSAGE][INFO] - Action delay is set to 50 milliseconds

2022-03-29 19:33:55 - [MESSAGE][PASSED] - Browser is opened with url: ''

2022-03-29 19:33:55 - [TEST_STEP][PASSED] - maximizeWindow(): Current window maximized

2022-03-29 19:33:55 - [MESSAGE][PASSED] - Current window maximized

2022-03-29 19:33:55 - [TEST_STEP][PASSED] - i = G_Login: null

2022-03-29 19:33:55 - [TEST_STEP][PASSED] - url = new java.net.URL(i): null

2022-03-29 19:33:55 - [TEST_STEP][PASSED] - println("URL: " + url.toString()): null

2022-03-29 19:33:55 - [TEST_STEP][PASSED] - connection = url.openConnection(): null

2022-03-29 19:33:55 - [TEST_STEP][PASSED] - connection.setRequestMethod("GET"): null

2022-03-29 19:33:55 - [TEST_STEP][PASSED] - connection.setReadTimeout(2 * 1000): null

2022-03-29 19:33:55 - [TEST_STEP][PASSED] - try: null

2022-03-29 19:33:55 - [TEST_STEP][PASSED] - connection.connect(): null

2022-03-29 19:33:55 - [TEST_STEP][PASSED] - flag = connected: null

2022-03-29 19:33:55 - [TEST_STEP][PASSED] - println("Valor_ori: " + flag): null

2022-03-29 19:33:55 - [TEST_STEP][PASSED] - if (flag): null

2022-03-29 19:33:55 - [TEST_STEP][PASSED] - navigateToUrl(i): Navigate to 'http://192.168.2.19:8380/saraweb' successfully

2022-03-29 19:33:56 - [MESSAGE][PASSED] - Navigate to 'http://192.168.2.19:8380/saraweb' successfully

2022-03-29 19:33:56 - [TEST_STEP][PASSED] - a(): null

2022-03-29 19:33:56 - [TEST_STEP][PASSED] - setText(findTestObject("Login/input_USUARIO_loginusuario"), G_Usuario): Text 'saraadmin' is set on object 'Object Repository/Login/input_USUARIO_loginusuario'

2022-03-29 19:33:57 - [MESSAGE][PASSED] - Text 'saraadmin' is set on object 'Object Repository/Login/input_USUARIO_loginusuario'

2022-03-29 19:33:57 - [TEST_STEP][PASSED] - setEncryptedText(findTestObject("Login/input_CLAVE_loginpassword"), "MkG4/TYiCFC3cb2driP7+Q=="): Text ****** has been set on object 'Object Repository/Login/input_CLAVE_loginpassword'

2022-03-29 19:33:57 - [MESSAGE][PASSED] - Text ****** has been set on object 'Object Repository/Login/input_CLAVE_loginpassword'

2022-03-29 19:33:57 - [TEST_STEP][PASSED] - waitForElementClickable(findTestObject("Login/a_Ingresar"), G_TimeOut): Object 'Object Repository/Login/a_Ingresar' is clickable

2022-03-29 19:33:58 - [MESSAGE][PASSED] - Object 'Object Repository/Login/a_Ingresar' is clickable

2022-03-29 19:33:58 - [TEST_STEP][PASSED] - click(findTestObject("Login/a_Ingresar")): Object: 'Object Repository/Login/a_Ingresar' is clicked on

2022-03-29 19:33:59 - [MESSAGE][PASSED] - Object: 'Object Repository/Login/a_Ingresar' is clicked on

2022-03-29 19:33:59 - [TEST_STEP][PASSED] - element = findWebElement(findTestObject("Login/a_Ir"), 30): null

2022-03-29 19:33:59 - [TEST_STEP][PASSED] - executeJavaScript("arguments[0].click()", Arrays.asList(element)): Execute JavaScript 'arguments[0].click()' successfully

2022-03-29 19:34:00 - [MESSAGE][PASSED] - Execute JavaScript 'arguments[0].click()' successfully

2022-03-29 19:34:00 - [MESSAGE][PASSED] - Call Test Case 'Test Cases/0.1-Login' successfully

2022-03-29 19:34:00 - [TEST_STEP][PASSED] - setText(findTestObject("input_Empresa 1_form_templatej_idt24_input"), "planta personal (tal)"): Text 'planta personal (tal)' is set on object 'Object Repository/input_Empresa 1_form_templatej_idt24_input'

2022-03-29 19:34:01 - [MESSAGE][PASSED] - Text 'planta personal (tal)' is set on object 'Object Repository/input_Empresa 1_form_templatej_idt24_input'

2022-03-29 19:34:01 - [TEST_STEP][PASSED] - click(findTestObject("Modulo Pruebas Planta de Personal/Buscar_puesto_de_trabajo/span_Planta Personal (ta")): Object: 'Object Repository/Modulo Pruebas Planta de Personal/Buscar_puesto_de_trabajo/span_Planta Personal (ta' is clicked on

2022-03-29 19:34:02 - [MESSAGE][PASSED] - Object: 'Object Repository/Modulo Pruebas Planta de Personal/Buscar_puesto_de_trabajo/span_Planta Personal (ta' is clicked on

2022-03-29 19:34:02 - [TEST_STEP][PASSED] - click(findTestObject("Modulo Pruebas Planta de Personal/Buscar_puesto_de_trabajo/a_Actos Administrativos_organigramabuscar")): Object: 'Object Repository/Modulo Pruebas Planta de Personal/Buscar_puesto_de_trabajo/a_Actos Administrativos_organigramabuscar' is clicked on

2022-03-29 19:34:03 - [MESSAGE][PASSED] - Object: 'Object Repository/Modulo Pruebas Planta de Personal/Buscar_puesto_de_trabajo/a_Actos Administrativos_organigramabuscar' is clicked on

2022-03-29 19:34:03 - [TEST_STEP][PASSED] - selectOptionByIndex(findTestObject("Modulo Pruebas Planta de Personal/Buscar_puesto_de_trabajo/select_--Seleccione--EmpleadoPuesto"), 2): All options with index in [2] are selected on object 'Object Repository/Modulo Pruebas Planta de Personal/Buscar_puesto_de_trabajo/select_--Seleccione--EmpleadoPuesto'

2022-03-29 19:34:05 - [MESSAGE][PASSED] - All options with index in [2] are selected on object 'Object Repository/Modulo Pruebas Planta de Personal/Buscar_puesto_de_trabajo/select_--Seleccione--EmpleadoPuesto'

2022-03-29 19:34:05 - [TEST_STEP][PASSED] - click(findTestObject("Modulo Pruebas Planta de Personal/Buscar_puesto_de_trabajo/a_Cargo_popupBusquedaPlantaj_idt279")): Object: 'Object Repository/Modulo Pruebas Planta de Personal/Buscar_puesto_de_trabajo/a_Cargo_popupBusquedaPlantaj_idt279' is clicked on

2022-03-29 19:34:06 - [MESSAGE][PASSED] - Object: 'Object Repository/Modulo Pruebas Planta de Personal/Buscar_puesto_de_trabajo/a_Cargo_popupBusquedaPlantaj_idt279' is clicked on

2022-03-29 19:34:06 - [TEST_STEP][PASSED] - click(findTestObject("Modulo Pruebas Planta de Personal/Buscar_puesto_de_trabajo/a_Unidad Organizacional_popupBusquedaPlantaj_idt274")): Object: 'Object Repository/Modulo Pruebas Planta de Personal/Buscar_puesto_de_trabajo/a_Unidad Organizacional_popupBusquedaPlantaj_idt274' is clicked on

2022-03-29 19:34:07 - [MESSAGE][PASSED] - Object: 'Object Repository/Modulo Pruebas Planta de Personal/Buscar_puesto_de_trabajo/a_Unidad Organizacional_popupBusquedaPlantaj_idt274' is clicked on

2022-03-29 19:34:07 - [TEST_STEP][PASSED] - setText(findTestObject("Modulo Pruebas Planta de Personal/Buscar_puesto_de_trabajo/input_Unidad_form_popupUnidadUsuarioj_idt880"), "administracion"): Text 'administracion' is set on object 'Object Repository/Modulo Pruebas Planta de Personal/Buscar_puesto_de_trabajo/input_Unidad_form_popupUnidadUsuarioj_idt880'

2022-03-29 19:34:08 - [MESSAGE][PASSED] - Text 'administracion' is set on object 'Object Repository/Modulo Pruebas Planta de Personal/Buscar_puesto_de_trabajo/input_Unidad_form_popupUnidadUsuarioj_idt880'

2022-03-29 19:34:08 - [TEST_STEP][PASSED] - sendKeys(findTestObject("Modulo Pruebas Planta de Personal/Buscar_puesto_de_trabajo/input_Unidad_form_popupUnidadUsuarioj_idt880"), Keys.chord(ENTER)): Keys 'ENTER + ' sent to object: 'Object Repository/Modulo Pruebas Planta de Personal/Buscar_puesto_de_trabajo/input_Unidad_form_popupUnidadUsuarioj_idt880'

2022-03-29 19:34:08 - [MESSAGE][PASSED] - Keys 'ENTER + ' sent to object: 'Object Repository/Modulo Pruebas Planta de Personal/Buscar_puesto_de_trabajo/input_Unidad_form_popupUnidadUsuarioj_idt880'

2022-03-29 19:34:08 - [TEST_STEP][PASSED] - click(findTestObject("Modulo Pruebas Planta de Personal/Buscar_puesto_de_trabajo/span_ADMINISTRACION")): Object: 'Object Repository/Modulo Pruebas Planta de Personal/Buscar_puesto_de_trabajo/span_ADMINISTRACION' is clicked on

2022-03-29 19:34:09 - [MESSAGE][PASSED] - Object: 'Object Repository/Modulo Pruebas Planta de Personal/Buscar_puesto_de_trabajo/span_ADMINISTRACION' is clicked on

2022-03-29 19:34:09 - [TEST_STEP][PASSED] - click(findTestObject("Modulo Pruebas Planta de Personal/Buscar_puesto_de_trabajo/a_Cargo_popupBusquedaPlantaj_idt2790")): Object: 'Object Repository/Modulo Pruebas Planta de Personal/Buscar_puesto_de_trabajo/a_Cargo_popupBusquedaPlantaj_idt2790' is clicked on

2022-03-29 19:34:10 - [MESSAGE][PASSED] - Object: 'Object Repository/Modulo Pruebas Planta de Personal/Buscar_puesto_de_trabajo/a_Cargo_popupBusquedaPlantaj_idt2790' is clicked on

2022-03-29 19:34:10 - [TEST_STEP][PASSED] - click(findTestObject("Modulo Pruebas Planta de Personal/Buscar_puesto_de_trabajo/span_ABOGADO")): Object: 'Object Repository/Modulo Pruebas Planta de Personal/Buscar_puesto_de_trabajo/span_ABOGADO' is clicked on

2022-03-29 19:34:11 - [MESSAGE][PASSED] - Object: 'Object Repository/Modulo Pruebas Planta de Personal/Buscar_puesto_de_trabajo/span_ABOGADO' is clicked on

2022-03-29 19:34:11 - [TEST_STEP][PASSED] - click(findTestObject("Modulo Pruebas Planta de Personal/Buscar_puesto_de_trabajo/span_20139    - Abogado")): Object: 'Object Repository/Modulo Pruebas Planta de Personal/Buscar_puesto_de_trabajo/span_20139    - Abogado' is clicked on

2022-03-29 19:34:12 - [MESSAGE][PASSED] - Object: 'Object Repository/Modulo Pruebas Planta de Personal/Buscar_puesto_de_trabajo/span_20139    - Abogado' is clicked on

2022-03-29 19:34:12 - [TEST_STEP][PASSED] - scrollToElement(findTestObject("Modulo Pruebas Planta de Personal/Buscar_puesto_de_trabajo/span_10308"), 0): Scroll to object 'Object Repository/Modulo Pruebas Planta de Personal/Buscar_puesto_de_trabajo/span_10308' successfully

2022-03-29 19:34:12 - [MESSAGE][WARNING] - Timeout '0' is invalid. Using default page load timeout: '45'

2022-03-29 19:34:13 - [MESSAGE][PASSED] - Scroll to object 'Object Repository/Modulo Pruebas Planta de Personal/Buscar_puesto_de_trabajo/span_10308' successfully

2022-03-29 19:34:13 - [MESSAGE][PASSED] - Call Test Case 'Test Cases/1.2-Tareas_Secundarias/A.2-Pruebas_planta_personal/12.1.6-Buscar_puesto_de_trabajo' successfully

2022-03-29 19:34:13 - [TEST_STEP][PASSED] - click(findTestObject("Modulo Pruebas Planta de Personal/Solicitar_requerimiento/a_Salgado . Paula_organigramaj_idt110")): Object: 'Object Repository/Modulo Pruebas Planta de Personal/Solicitar_requerimiento/a_Salgado . Paula_organigramaj_idt110' is clicked on

2022-03-29 19:34:13 - [MESSAGE][PASSED] - Object: 'Object Repository/Modulo Pruebas Planta de Personal/Solicitar_requerimiento/a_Salgado . Paula_organigramaj_idt110' is clicked on

2022-03-29 19:34:13 - [TEST_STEP][PASSED] - waitForElementVisible(findTestObject("Modulo Pruebas Planta de Personal/Solicitar_requerimiento/div_Motivo Requerimiento"), 0): Object 'Object Repository/Modulo Pruebas Planta de Personal/Solicitar_requerimiento/div_Motivo Requerimiento' is visible

2022-03-29 19:34:13 - [MESSAGE][WARNING] - Timeout '0' is invalid. Using default page load timeout: '45'

2022-03-29 19:34:15 - [MESSAGE][PASSED] - Object 'Object Repository/Modulo Pruebas Planta de Personal/Solicitar_requerimiento/div_Motivo Requerimiento' is visible

2022-03-29 19:34:15 - [TEST_STEP][PASSED] - closeBrowser(): Browser is closed

2022-03-29 19:34:16 - [MESSAGE][PASSED] - Browser is closed]]></system-out>
         <system-err><![CDATA[]]></system-err>
      </testcase>
      <testcase name="Test Cases/1.2-Tareas_Secundarias/A.2-Pruebas_planta_personal/12.1.9-Visualizar_opción_otros" time="21.128" classname="Test Cases/1.2-Tareas_Secundarias/A.2-Pruebas_planta_personal/12.1.9-Visualizar_opción_otros" status="PASSED">
         <system-out><![CDATA[2022-03-29 19:34:16 - [TEST_CASE][PASSED] - Test Cases/1.2-Tareas_Secundarias/A.2-Pruebas_planta_personal/12.1.9-Visualizar_opción_otros: Test Cases/1.2-Tareas_Secundarias/A.2-Pruebas_planta_personal/12.1.9-Visualizar_opción_otros

2022-03-29 19:34:16 - [TEST_STEP][PASSED] - callTestCase(findTestCase("1.2-Tareas_Secundarias/A.2-Pruebas_planta_personal/12.1.6-Buscar_puesto_de_trabajo"), [:], STOP_ON_FAILURE): Call Test Case 'Test Cases/1.2-Tareas_Secundarias/A.2-Pruebas_planta_personal/12.1.6-Buscar_puesto_de_trabajo' successfully

2022-03-29 19:34:16 - [TEST_CASE][PASSED] - Test Cases/1.2-Tareas_Secundarias/A.2-Pruebas_planta_personal/12.1.6-Buscar_puesto_de_trabajo: Test Cases/1.2-Tareas_Secundarias/A.2-Pruebas_planta_personal/12.1.6-Buscar_puesto_de_trabajo

2022-03-29 19:34:16 - [TEST_STEP][PASSED] - callTestCase(findTestCase("0.1-Login"), [:], STOP_ON_FAILURE): Call Test Case 'Test Cases/0.1-Login' successfully

2022-03-29 19:34:16 - [TEST_CASE][PASSED] - Test Cases/0.1-Login: Test Cases/0.1-Login

2022-03-29 19:34:16 - [TEST_STEP][PASSED] - openBrowser(""): Browser is opened with url: ''

2022-03-29 19:34:16 - [MESSAGE][INFO] - Starting 'Chrome' driver

2022-03-29 19:34:16 - [MESSAGE][INFO] - Action delay is set to 50 milliseconds

2022-03-29 19:34:17 - [MESSAGE][PASSED] - Browser is opened with url: ''

2022-03-29 19:34:17 - [TEST_STEP][PASSED] - maximizeWindow(): Current window maximized

2022-03-29 19:34:17 - [MESSAGE][PASSED] - Current window maximized

2022-03-29 19:34:17 - [TEST_STEP][PASSED] - i = G_Login: null

2022-03-29 19:34:17 - [TEST_STEP][PASSED] - url = new java.net.URL(i): null

2022-03-29 19:34:17 - [TEST_STEP][PASSED] - println("URL: " + url.toString()): null

2022-03-29 19:34:17 - [TEST_STEP][PASSED] - connection = url.openConnection(): null

2022-03-29 19:34:17 - [TEST_STEP][PASSED] - connection.setRequestMethod("GET"): null

2022-03-29 19:34:17 - [TEST_STEP][PASSED] - connection.setReadTimeout(2 * 1000): null

2022-03-29 19:34:17 - [TEST_STEP][PASSED] - try: null

2022-03-29 19:34:17 - [TEST_STEP][PASSED] - connection.connect(): null

2022-03-29 19:34:17 - [TEST_STEP][PASSED] - flag = connected: null

2022-03-29 19:34:17 - [TEST_STEP][PASSED] - println("Valor_ori: " + flag): null

2022-03-29 19:34:17 - [TEST_STEP][PASSED] - if (flag): null

2022-03-29 19:34:17 - [TEST_STEP][PASSED] - navigateToUrl(i): Navigate to 'http://192.168.2.19:8380/saraweb' successfully

2022-03-29 19:34:18 - [MESSAGE][PASSED] - Navigate to 'http://192.168.2.19:8380/saraweb' successfully

2022-03-29 19:34:18 - [TEST_STEP][PASSED] - a(): null

2022-03-29 19:34:18 - [TEST_STEP][PASSED] - setText(findTestObject("Login/input_USUARIO_loginusuario"), G_Usuario): Text 'saraadmin' is set on object 'Object Repository/Login/input_USUARIO_loginusuario'

2022-03-29 19:34:19 - [MESSAGE][PASSED] - Text 'saraadmin' is set on object 'Object Repository/Login/input_USUARIO_loginusuario'

2022-03-29 19:34:19 - [TEST_STEP][PASSED] - setEncryptedText(findTestObject("Login/input_CLAVE_loginpassword"), "MkG4/TYiCFC3cb2driP7+Q=="): Text ****** has been set on object 'Object Repository/Login/input_CLAVE_loginpassword'

2022-03-29 19:34:20 - [MESSAGE][PASSED] - Text ****** has been set on object 'Object Repository/Login/input_CLAVE_loginpassword'

2022-03-29 19:34:20 - [TEST_STEP][PASSED] - waitForElementClickable(findTestObject("Login/a_Ingresar"), G_TimeOut): Object 'Object Repository/Login/a_Ingresar' is clickable

2022-03-29 19:34:20 - [MESSAGE][PASSED] - Object 'Object Repository/Login/a_Ingresar' is clickable

2022-03-29 19:34:20 - [TEST_STEP][PASSED] - click(findTestObject("Login/a_Ingresar")): Object: 'Object Repository/Login/a_Ingresar' is clicked on

2022-03-29 19:34:21 - [MESSAGE][PASSED] - Object: 'Object Repository/Login/a_Ingresar' is clicked on

2022-03-29 19:34:21 - [TEST_STEP][PASSED] - element = findWebElement(findTestObject("Login/a_Ir"), 30): null

2022-03-29 19:34:21 - [TEST_STEP][PASSED] - executeJavaScript("arguments[0].click()", Arrays.asList(element)): Execute JavaScript 'arguments[0].click()' successfully

2022-03-29 19:34:21 - [MESSAGE][PASSED] - Execute JavaScript 'arguments[0].click()' successfully

2022-03-29 19:34:21 - [MESSAGE][PASSED] - Call Test Case 'Test Cases/0.1-Login' successfully

2022-03-29 19:34:21 - [TEST_STEP][PASSED] - setText(findTestObject("input_Empresa 1_form_templatej_idt24_input"), "planta personal (tal)"): Text 'planta personal (tal)' is set on object 'Object Repository/input_Empresa 1_form_templatej_idt24_input'

2022-03-29 19:34:23 - [MESSAGE][PASSED] - Text 'planta personal (tal)' is set on object 'Object Repository/input_Empresa 1_form_templatej_idt24_input'

2022-03-29 19:34:23 - [TEST_STEP][PASSED] - click(findTestObject("Modulo Pruebas Planta de Personal/Buscar_puesto_de_trabajo/span_Planta Personal (ta")): Object: 'Object Repository/Modulo Pruebas Planta de Personal/Buscar_puesto_de_trabajo/span_Planta Personal (ta' is clicked on

2022-03-29 19:34:24 - [MESSAGE][PASSED] - Object: 'Object Repository/Modulo Pruebas Planta de Personal/Buscar_puesto_de_trabajo/span_Planta Personal (ta' is clicked on

2022-03-29 19:34:24 - [TEST_STEP][PASSED] - click(findTestObject("Modulo Pruebas Planta de Personal/Buscar_puesto_de_trabajo/a_Actos Administrativos_organigramabuscar")): Object: 'Object Repository/Modulo Pruebas Planta de Personal/Buscar_puesto_de_trabajo/a_Actos Administrativos_organigramabuscar' is clicked on

2022-03-29 19:34:26 - [MESSAGE][PASSED] - Object: 'Object Repository/Modulo Pruebas Planta de Personal/Buscar_puesto_de_trabajo/a_Actos Administrativos_organigramabuscar' is clicked on

2022-03-29 19:34:26 - [TEST_STEP][PASSED] - selectOptionByIndex(findTestObject("Modulo Pruebas Planta de Personal/Buscar_puesto_de_trabajo/select_--Seleccione--EmpleadoPuesto"), 2): All options with index in [2] are selected on object 'Object Repository/Modulo Pruebas Planta de Personal/Buscar_puesto_de_trabajo/select_--Seleccione--EmpleadoPuesto'

2022-03-29 19:34:27 - [MESSAGE][PASSED] - All options with index in [2] are selected on object 'Object Repository/Modulo Pruebas Planta de Personal/Buscar_puesto_de_trabajo/select_--Seleccione--EmpleadoPuesto'

2022-03-29 19:34:27 - [TEST_STEP][PASSED] - click(findTestObject("Modulo Pruebas Planta de Personal/Buscar_puesto_de_trabajo/a_Cargo_popupBusquedaPlantaj_idt279")): Object: 'Object Repository/Modulo Pruebas Planta de Personal/Buscar_puesto_de_trabajo/a_Cargo_popupBusquedaPlantaj_idt279' is clicked on

2022-03-29 19:34:28 - [MESSAGE][PASSED] - Object: 'Object Repository/Modulo Pruebas Planta de Personal/Buscar_puesto_de_trabajo/a_Cargo_popupBusquedaPlantaj_idt279' is clicked on

2022-03-29 19:34:28 - [TEST_STEP][PASSED] - click(findTestObject("Modulo Pruebas Planta de Personal/Buscar_puesto_de_trabajo/a_Unidad Organizacional_popupBusquedaPlantaj_idt274")): Object: 'Object Repository/Modulo Pruebas Planta de Personal/Buscar_puesto_de_trabajo/a_Unidad Organizacional_popupBusquedaPlantaj_idt274' is clicked on

2022-03-29 19:34:29 - [MESSAGE][PASSED] - Object: 'Object Repository/Modulo Pruebas Planta de Personal/Buscar_puesto_de_trabajo/a_Unidad Organizacional_popupBusquedaPlantaj_idt274' is clicked on

2022-03-29 19:34:29 - [TEST_STEP][PASSED] - setText(findTestObject("Modulo Pruebas Planta de Personal/Buscar_puesto_de_trabajo/input_Unidad_form_popupUnidadUsuarioj_idt880"), "administracion"): Text 'administracion' is set on object 'Object Repository/Modulo Pruebas Planta de Personal/Buscar_puesto_de_trabajo/input_Unidad_form_popupUnidadUsuarioj_idt880'

2022-03-29 19:34:30 - [MESSAGE][PASSED] - Text 'administracion' is set on object 'Object Repository/Modulo Pruebas Planta de Personal/Buscar_puesto_de_trabajo/input_Unidad_form_popupUnidadUsuarioj_idt880'

2022-03-29 19:34:30 - [TEST_STEP][PASSED] - sendKeys(findTestObject("Modulo Pruebas Planta de Personal/Buscar_puesto_de_trabajo/input_Unidad_form_popupUnidadUsuarioj_idt880"), Keys.chord(ENTER)): Keys 'ENTER + ' sent to object: 'Object Repository/Modulo Pruebas Planta de Personal/Buscar_puesto_de_trabajo/input_Unidad_form_popupUnidadUsuarioj_idt880'

2022-03-29 19:34:31 - [MESSAGE][PASSED] - Keys 'ENTER + ' sent to object: 'Object Repository/Modulo Pruebas Planta de Personal/Buscar_puesto_de_trabajo/input_Unidad_form_popupUnidadUsuarioj_idt880'

2022-03-29 19:34:31 - [TEST_STEP][PASSED] - click(findTestObject("Modulo Pruebas Planta de Personal/Buscar_puesto_de_trabajo/span_ADMINISTRACION")): Object: 'Object Repository/Modulo Pruebas Planta de Personal/Buscar_puesto_de_trabajo/span_ADMINISTRACION' is clicked on

2022-03-29 19:34:31 - [MESSAGE][PASSED] - Object: 'Object Repository/Modulo Pruebas Planta de Personal/Buscar_puesto_de_trabajo/span_ADMINISTRACION' is clicked on

2022-03-29 19:34:31 - [TEST_STEP][PASSED] - click(findTestObject("Modulo Pruebas Planta de Personal/Buscar_puesto_de_trabajo/a_Cargo_popupBusquedaPlantaj_idt2790")): Object: 'Object Repository/Modulo Pruebas Planta de Personal/Buscar_puesto_de_trabajo/a_Cargo_popupBusquedaPlantaj_idt2790' is clicked on

2022-03-29 19:34:32 - [MESSAGE][PASSED] - Object: 'Object Repository/Modulo Pruebas Planta de Personal/Buscar_puesto_de_trabajo/a_Cargo_popupBusquedaPlantaj_idt2790' is clicked on

2022-03-29 19:34:32 - [TEST_STEP][PASSED] - click(findTestObject("Modulo Pruebas Planta de Personal/Buscar_puesto_de_trabajo/span_ABOGADO")): Object: 'Object Repository/Modulo Pruebas Planta de Personal/Buscar_puesto_de_trabajo/span_ABOGADO' is clicked on

2022-03-29 19:34:33 - [MESSAGE][PASSED] - Object: 'Object Repository/Modulo Pruebas Planta de Personal/Buscar_puesto_de_trabajo/span_ABOGADO' is clicked on

2022-03-29 19:34:33 - [TEST_STEP][PASSED] - click(findTestObject("Modulo Pruebas Planta de Personal/Buscar_puesto_de_trabajo/span_20139    - Abogado")): Object: 'Object Repository/Modulo Pruebas Planta de Personal/Buscar_puesto_de_trabajo/span_20139    - Abogado' is clicked on

2022-03-29 19:34:34 - [MESSAGE][PASSED] - Object: 'Object Repository/Modulo Pruebas Planta de Personal/Buscar_puesto_de_trabajo/span_20139    - Abogado' is clicked on

2022-03-29 19:34:34 - [TEST_STEP][PASSED] - scrollToElement(findTestObject("Modulo Pruebas Planta de Personal/Buscar_puesto_de_trabajo/span_10308"), 0): Scroll to object 'Object Repository/Modulo Pruebas Planta de Personal/Buscar_puesto_de_trabajo/span_10308' successfully

2022-03-29 19:34:34 - [MESSAGE][WARNING] - Timeout '0' is invalid. Using default page load timeout: '45'

2022-03-29 19:34:35 - [MESSAGE][PASSED] - Scroll to object 'Object Repository/Modulo Pruebas Planta de Personal/Buscar_puesto_de_trabajo/span_10308' successfully

2022-03-29 19:34:35 - [MESSAGE][PASSED] - Call Test Case 'Test Cases/1.2-Tareas_Secundarias/A.2-Pruebas_planta_personal/12.1.6-Buscar_puesto_de_trabajo' successfully

2022-03-29 19:34:35 - [TEST_STEP][PASSED] - click(findTestObject("Modulo Pruebas Planta de Personal/Visualizar_opción_otros/a_Salgado . Paula_organigramaj_idt109")): Object: 'Object Repository/Modulo Pruebas Planta de Personal/Visualizar_opción_otros/a_Salgado . Paula_organigramaj_idt109' is clicked on

2022-03-29 19:34:35 - [MESSAGE][PASSED] - Object: 'Object Repository/Modulo Pruebas Planta de Personal/Visualizar_opción_otros/a_Salgado . Paula_organigramaj_idt109' is clicked on

2022-03-29 19:34:35 - [TEST_STEP][PASSED] - waitForElementVisible(findTestObject("Modulo Pruebas Planta de Personal/Visualizar_opción_otros/table_Salgado . Paula66666CalidadAdministracion40 Mil Staff"), 0): Object 'Object Repository/Modulo Pruebas Planta de Personal/Visualizar_opción_otros/table_Salgado . Paula66666CalidadAdministracion40 Mil Staff' is visible

2022-03-29 19:34:35 - [MESSAGE][WARNING] - Timeout '0' is invalid. Using default page load timeout: '45'

2022-03-29 19:34:36 - [MESSAGE][PASSED] - Object 'Object Repository/Modulo Pruebas Planta de Personal/Visualizar_opción_otros/table_Salgado . Paula66666CalidadAdministracion40 Mil Staff' is visible

2022-03-29 19:34:36 - [TEST_STEP][PASSED] - closeBrowser(): Browser is closed

2022-03-29 19:34:37 - [MESSAGE][PASSED] - Browser is closed]]></system-out>
         <system-err><![CDATA[]]></system-err>
      </testcase>
      <testcase name="Test Cases/1.2-Tareas_Secundarias/A.2-Pruebas_planta_personal/12.2.1-Crear_descripción_del_cargo" time="27.698" classname="Test Cases/1.2-Tareas_Secundarias/A.2-Pruebas_planta_personal/12.2.1-Crear_descripción_del_cargo" status="PASSED">
         <system-out><![CDATA[2022-03-29 19:34:37 - [TEST_CASE][PASSED] - Test Cases/1.2-Tareas_Secundarias/A.2-Pruebas_planta_personal/12.2.1-Crear_descripción_del_cargo: Test Cases/1.2-Tareas_Secundarias/A.2-Pruebas_planta_personal/12.2.1-Crear_descripción_del_cargo

2022-03-29 19:34:37 - [TEST_STEP][PASSED] - callTestCase(findTestCase("1.2-Tareas_Secundarias/A.2-Pruebas_planta_personal/12.1.6-Buscar_puesto_de_trabajo"), [:], STOP_ON_FAILURE): Call Test Case 'Test Cases/1.2-Tareas_Secundarias/A.2-Pruebas_planta_personal/12.1.6-Buscar_puesto_de_trabajo' successfully

2022-03-29 19:34:37 - [TEST_CASE][PASSED] - Test Cases/1.2-Tareas_Secundarias/A.2-Pruebas_planta_personal/12.1.6-Buscar_puesto_de_trabajo: Test Cases/1.2-Tareas_Secundarias/A.2-Pruebas_planta_personal/12.1.6-Buscar_puesto_de_trabajo

2022-03-29 19:34:37 - [TEST_STEP][PASSED] - callTestCase(findTestCase("0.1-Login"), [:], STOP_ON_FAILURE): Call Test Case 'Test Cases/0.1-Login' successfully

2022-03-29 19:34:37 - [TEST_CASE][PASSED] - Test Cases/0.1-Login: Test Cases/0.1-Login

2022-03-29 19:34:37 - [TEST_STEP][PASSED] - openBrowser(""): Browser is opened with url: ''

2022-03-29 19:34:37 - [MESSAGE][INFO] - Starting 'Chrome' driver

2022-03-29 19:34:37 - [MESSAGE][INFO] - Action delay is set to 50 milliseconds

2022-03-29 19:34:38 - [MESSAGE][PASSED] - Browser is opened with url: ''

2022-03-29 19:34:38 - [TEST_STEP][PASSED] - maximizeWindow(): Current window maximized

2022-03-29 19:34:39 - [MESSAGE][PASSED] - Current window maximized

2022-03-29 19:34:39 - [TEST_STEP][PASSED] - i = G_Login: null

2022-03-29 19:34:39 - [TEST_STEP][PASSED] - url = new java.net.URL(i): null

2022-03-29 19:34:39 - [TEST_STEP][PASSED] - println("URL: " + url.toString()): null

2022-03-29 19:34:39 - [TEST_STEP][PASSED] - connection = url.openConnection(): null

2022-03-29 19:34:39 - [TEST_STEP][PASSED] - connection.setRequestMethod("GET"): null

2022-03-29 19:34:39 - [TEST_STEP][PASSED] - connection.setReadTimeout(2 * 1000): null

2022-03-29 19:34:39 - [TEST_STEP][PASSED] - try: null

2022-03-29 19:34:39 - [TEST_STEP][PASSED] - connection.connect(): null

2022-03-29 19:34:39 - [TEST_STEP][PASSED] - flag = connected: null

2022-03-29 19:34:39 - [TEST_STEP][PASSED] - println("Valor_ori: " + flag): null

2022-03-29 19:34:39 - [TEST_STEP][PASSED] - if (flag): null

2022-03-29 19:34:39 - [TEST_STEP][PASSED] - navigateToUrl(i): Navigate to 'http://192.168.2.19:8380/saraweb' successfully

2022-03-29 19:34:39 - [MESSAGE][PASSED] - Navigate to 'http://192.168.2.19:8380/saraweb' successfully

2022-03-29 19:34:39 - [TEST_STEP][PASSED] - a(): null

2022-03-29 19:34:39 - [TEST_STEP][PASSED] - setText(findTestObject("Login/input_USUARIO_loginusuario"), G_Usuario): Text 'saraadmin' is set on object 'Object Repository/Login/input_USUARIO_loginusuario'

2022-03-29 19:34:40 - [MESSAGE][PASSED] - Text 'saraadmin' is set on object 'Object Repository/Login/input_USUARIO_loginusuario'

2022-03-29 19:34:40 - [TEST_STEP][PASSED] - setEncryptedText(findTestObject("Login/input_CLAVE_loginpassword"), "MkG4/TYiCFC3cb2driP7+Q=="): Text ****** has been set on object 'Object Repository/Login/input_CLAVE_loginpassword'

2022-03-29 19:34:41 - [MESSAGE][PASSED] - Text ****** has been set on object 'Object Repository/Login/input_CLAVE_loginpassword'

2022-03-29 19:34:41 - [TEST_STEP][PASSED] - waitForElementClickable(findTestObject("Login/a_Ingresar"), G_TimeOut): Object 'Object Repository/Login/a_Ingresar' is clickable

2022-03-29 19:34:41 - [MESSAGE][PASSED] - Object 'Object Repository/Login/a_Ingresar' is clickable

2022-03-29 19:34:41 - [TEST_STEP][PASSED] - click(findTestObject("Login/a_Ingresar")): Object: 'Object Repository/Login/a_Ingresar' is clicked on

2022-03-29 19:34:42 - [MESSAGE][PASSED] - Object: 'Object Repository/Login/a_Ingresar' is clicked on

2022-03-29 19:34:42 - [TEST_STEP][PASSED] - element = findWebElement(findTestObject("Login/a_Ir"), 30): null

2022-03-29 19:34:42 - [TEST_STEP][PASSED] - executeJavaScript("arguments[0].click()", Arrays.asList(element)): Execute JavaScript 'arguments[0].click()' successfully

2022-03-29 19:34:42 - [MESSAGE][PASSED] - Execute JavaScript 'arguments[0].click()' successfully

2022-03-29 19:34:42 - [MESSAGE][PASSED] - Call Test Case 'Test Cases/0.1-Login' successfully

2022-03-29 19:34:42 - [TEST_STEP][PASSED] - setText(findTestObject("input_Empresa 1_form_templatej_idt24_input"), "planta personal (tal)"): Text 'planta personal (tal)' is set on object 'Object Repository/input_Empresa 1_form_templatej_idt24_input'

2022-03-29 19:34:44 - [MESSAGE][PASSED] - Text 'planta personal (tal)' is set on object 'Object Repository/input_Empresa 1_form_templatej_idt24_input'

2022-03-29 19:34:44 - [TEST_STEP][PASSED] - click(findTestObject("Modulo Pruebas Planta de Personal/Buscar_puesto_de_trabajo/span_Planta Personal (ta")): Object: 'Object Repository/Modulo Pruebas Planta de Personal/Buscar_puesto_de_trabajo/span_Planta Personal (ta' is clicked on

2022-03-29 19:34:45 - [MESSAGE][PASSED] - Object: 'Object Repository/Modulo Pruebas Planta de Personal/Buscar_puesto_de_trabajo/span_Planta Personal (ta' is clicked on

2022-03-29 19:34:45 - [TEST_STEP][PASSED] - click(findTestObject("Modulo Pruebas Planta de Personal/Buscar_puesto_de_trabajo/a_Actos Administrativos_organigramabuscar")): Object: 'Object Repository/Modulo Pruebas Planta de Personal/Buscar_puesto_de_trabajo/a_Actos Administrativos_organigramabuscar' is clicked on

2022-03-29 19:34:47 - [MESSAGE][PASSED] - Object: 'Object Repository/Modulo Pruebas Planta de Personal/Buscar_puesto_de_trabajo/a_Actos Administrativos_organigramabuscar' is clicked on

2022-03-29 19:34:47 - [TEST_STEP][PASSED] - selectOptionByIndex(findTestObject("Modulo Pruebas Planta de Personal/Buscar_puesto_de_trabajo/select_--Seleccione--EmpleadoPuesto"), 2): All options with index in [2] are selected on object 'Object Repository/Modulo Pruebas Planta de Personal/Buscar_puesto_de_trabajo/select_--Seleccione--EmpleadoPuesto'

2022-03-29 19:34:48 - [MESSAGE][PASSED] - All options with index in [2] are selected on object 'Object Repository/Modulo Pruebas Planta de Personal/Buscar_puesto_de_trabajo/select_--Seleccione--EmpleadoPuesto'

2022-03-29 19:34:48 - [TEST_STEP][PASSED] - click(findTestObject("Modulo Pruebas Planta de Personal/Buscar_puesto_de_trabajo/a_Cargo_popupBusquedaPlantaj_idt279")): Object: 'Object Repository/Modulo Pruebas Planta de Personal/Buscar_puesto_de_trabajo/a_Cargo_popupBusquedaPlantaj_idt279' is clicked on

2022-03-29 19:34:49 - [MESSAGE][PASSED] - Object: 'Object Repository/Modulo Pruebas Planta de Personal/Buscar_puesto_de_trabajo/a_Cargo_popupBusquedaPlantaj_idt279' is clicked on

2022-03-29 19:34:49 - [TEST_STEP][PASSED] - click(findTestObject("Modulo Pruebas Planta de Personal/Buscar_puesto_de_trabajo/a_Unidad Organizacional_popupBusquedaPlantaj_idt274")): Object: 'Object Repository/Modulo Pruebas Planta de Personal/Buscar_puesto_de_trabajo/a_Unidad Organizacional_popupBusquedaPlantaj_idt274' is clicked on

2022-03-29 19:34:50 - [MESSAGE][PASSED] - Object: 'Object Repository/Modulo Pruebas Planta de Personal/Buscar_puesto_de_trabajo/a_Unidad Organizacional_popupBusquedaPlantaj_idt274' is clicked on

2022-03-29 19:34:50 - [TEST_STEP][PASSED] - setText(findTestObject("Modulo Pruebas Planta de Personal/Buscar_puesto_de_trabajo/input_Unidad_form_popupUnidadUsuarioj_idt880"), "administracion"): Text 'administracion' is set on object 'Object Repository/Modulo Pruebas Planta de Personal/Buscar_puesto_de_trabajo/input_Unidad_form_popupUnidadUsuarioj_idt880'

2022-03-29 19:34:51 - [MESSAGE][PASSED] - Text 'administracion' is set on object 'Object Repository/Modulo Pruebas Planta de Personal/Buscar_puesto_de_trabajo/input_Unidad_form_popupUnidadUsuarioj_idt880'

2022-03-29 19:34:51 - [TEST_STEP][PASSED] - sendKeys(findTestObject("Modulo Pruebas Planta de Personal/Buscar_puesto_de_trabajo/input_Unidad_form_popupUnidadUsuarioj_idt880"), Keys.chord(ENTER)): Keys 'ENTER + ' sent to object: 'Object Repository/Modulo Pruebas Planta de Personal/Buscar_puesto_de_trabajo/input_Unidad_form_popupUnidadUsuarioj_idt880'

2022-03-29 19:34:52 - [MESSAGE][PASSED] - Keys 'ENTER + ' sent to object: 'Object Repository/Modulo Pruebas Planta de Personal/Buscar_puesto_de_trabajo/input_Unidad_form_popupUnidadUsuarioj_idt880'

2022-03-29 19:34:52 - [TEST_STEP][PASSED] - click(findTestObject("Modulo Pruebas Planta de Personal/Buscar_puesto_de_trabajo/span_ADMINISTRACION")): Object: 'Object Repository/Modulo Pruebas Planta de Personal/Buscar_puesto_de_trabajo/span_ADMINISTRACION' is clicked on

2022-03-29 19:34:52 - [MESSAGE][PASSED] - Object: 'Object Repository/Modulo Pruebas Planta de Personal/Buscar_puesto_de_trabajo/span_ADMINISTRACION' is clicked on

2022-03-29 19:34:52 - [TEST_STEP][PASSED] - click(findTestObject("Modulo Pruebas Planta de Personal/Buscar_puesto_de_trabajo/a_Cargo_popupBusquedaPlantaj_idt2790")): Object: 'Object Repository/Modulo Pruebas Planta de Personal/Buscar_puesto_de_trabajo/a_Cargo_popupBusquedaPlantaj_idt2790' is clicked on

2022-03-29 19:34:53 - [MESSAGE][PASSED] - Object: 'Object Repository/Modulo Pruebas Planta de Personal/Buscar_puesto_de_trabajo/a_Cargo_popupBusquedaPlantaj_idt2790' is clicked on

2022-03-29 19:34:53 - [TEST_STEP][PASSED] - click(findTestObject("Modulo Pruebas Planta de Personal/Buscar_puesto_de_trabajo/span_ABOGADO")): Object: 'Object Repository/Modulo Pruebas Planta de Personal/Buscar_puesto_de_trabajo/span_ABOGADO' is clicked on

2022-03-29 19:34:54 - [MESSAGE][PASSED] - Object: 'Object Repository/Modulo Pruebas Planta de Personal/Buscar_puesto_de_trabajo/span_ABOGADO' is clicked on

2022-03-29 19:34:54 - [TEST_STEP][PASSED] - click(findTestObject("Modulo Pruebas Planta de Personal/Buscar_puesto_de_trabajo/span_20139    - Abogado")): Object: 'Object Repository/Modulo Pruebas Planta de Personal/Buscar_puesto_de_trabajo/span_20139    - Abogado' is clicked on

2022-03-29 19:34:55 - [MESSAGE][PASSED] - Object: 'Object Repository/Modulo Pruebas Planta de Personal/Buscar_puesto_de_trabajo/span_20139    - Abogado' is clicked on

2022-03-29 19:34:55 - [TEST_STEP][PASSED] - scrollToElement(findTestObject("Modulo Pruebas Planta de Personal/Buscar_puesto_de_trabajo/span_10308"), 0): Scroll to object 'Object Repository/Modulo Pruebas Planta de Personal/Buscar_puesto_de_trabajo/span_10308' successfully

2022-03-29 19:34:55 - [MESSAGE][WARNING] - Timeout '0' is invalid. Using default page load timeout: '45'

2022-03-29 19:34:56 - [MESSAGE][PASSED] - Scroll to object 'Object Repository/Modulo Pruebas Planta de Personal/Buscar_puesto_de_trabajo/span_10308' successfully

2022-03-29 19:34:56 - [MESSAGE][PASSED] - Call Test Case 'Test Cases/1.2-Tareas_Secundarias/A.2-Pruebas_planta_personal/12.1.6-Buscar_puesto_de_trabajo' successfully

2022-03-29 19:34:56 - [TEST_STEP][PASSED] - click(findTestObject("Modulo Pruebas Planta de Personal/Crear_descripción_del_cargo/a_Salgado . Paula_organigramaj_idt111")): Object: 'Object Repository/Modulo Pruebas Planta de Personal/Crear_descripción_del_cargo/a_Salgado . Paula_organigramaj_idt111' is clicked on

2022-03-29 19:34:56 - [MESSAGE][PASSED] - Object: 'Object Repository/Modulo Pruebas Planta de Personal/Crear_descripción_del_cargo/a_Salgado . Paula_organigramaj_idt111' is clicked on

2022-03-29 19:34:56 - [TEST_STEP][PASSED] - if (waitForElementVisible(findTestObject("Modulo Pruebas Planta de Personal/Crear_descripción_del_cargo/a_Aceptar"), 1)): Web element with id: 'Object Repository/Modulo Pruebas Planta de Personal/Crear_descripción_del_cargo/a_Aceptar' located by '//a[contains(text(),'Aceptar')]' not found

2022-03-29 19:34:58 - [MESSAGE][INFO] - Unable to find the element located by 'By.xpath: //a[contains(text(),'Aceptar')]'. Please recheck the objects properties to make sure the desired element is located. 

2022-03-29 19:34:58 - [MESSAGE][WARNING] - Web element with id: 'Object Repository/Modulo Pruebas Planta de Personal/Crear_descripción_del_cargo/a_Aceptar' located by '//a[contains(text(),'Aceptar')]' not found

2022-03-29 19:34:58 - [TEST_STEP][PASSED] - setText(findTestObject("Modulo Pruebas Planta de Personal/Crear_descripción_del_cargo/textarea__descripcionCargo_formj_idt15140idTexto5"), "pruebas k"): Text 'pruebas k' is set on object 'Object Repository/Modulo Pruebas Planta de Personal/Crear_descripción_del_cargo/textarea__descripcionCargo_formj_idt15140idTexto5'

2022-03-29 19:34:59 - [MESSAGE][PASSED] - Text 'pruebas k' is set on object 'Object Repository/Modulo Pruebas Planta de Personal/Crear_descripción_del_cargo/textarea__descripcionCargo_formj_idt15140idTexto5'

2022-03-29 19:34:59 - [TEST_STEP][PASSED] - setText(findTestObject("Modulo Pruebas Planta de Personal/Crear_descripción_del_cargo/textarea__descripcionCargo_formj_idt15141idTexto5"), "pruebas automaticas"): Text 'pruebas automaticas' is set on object 'Object Repository/Modulo Pruebas Planta de Personal/Crear_descripción_del_cargo/textarea__descripcionCargo_formj_idt15141idTexto5'

2022-03-29 19:35:00 - [MESSAGE][PASSED] - Text 'pruebas automaticas' is set on object 'Object Repository/Modulo Pruebas Planta de Personal/Crear_descripción_del_cargo/textarea__descripcionCargo_formj_idt15141idTexto5'

2022-03-29 19:35:00 - [TEST_STEP][PASSED] - setText(findTestObject("Modulo Pruebas Planta de Personal/Crear_descripción_del_cargo/textarea__descripcionCargo_formj_idt15142idTexto5"), "NULL"): Text 'NULL' is set on object 'Object Repository/Modulo Pruebas Planta de Personal/Crear_descripción_del_cargo/textarea__descripcionCargo_formj_idt15142idTexto5'

2022-03-29 19:35:01 - [MESSAGE][PASSED] - Text 'NULL' is set on object 'Object Repository/Modulo Pruebas Planta de Personal/Crear_descripción_del_cargo/textarea__descripcionCargo_formj_idt15142idTexto5'

2022-03-29 19:35:01 - [TEST_STEP][PASSED] - setText(findTestObject("Modulo Pruebas Planta de Personal/Crear_descripción_del_cargo/textarea__descripcionCargo_formj_idt15143idTexto5"), "NULL"): Text 'NULL' is set on object 'Object Repository/Modulo Pruebas Planta de Personal/Crear_descripción_del_cargo/textarea__descripcionCargo_formj_idt15143idTexto5'

2022-03-29 19:35:02 - [MESSAGE][PASSED] - Text 'NULL' is set on object 'Object Repository/Modulo Pruebas Planta de Personal/Crear_descripción_del_cargo/textarea__descripcionCargo_formj_idt15143idTexto5'

2022-03-29 19:35:02 - [TEST_STEP][PASSED] - click(findTestObject("Modulo Pruebas Planta de Personal/Crear_descripción_del_cargo/a_Guardar")): Object: 'Object Repository/Modulo Pruebas Planta de Personal/Crear_descripción_del_cargo/a_Guardar' is clicked on

2022-03-29 19:35:03 - [MESSAGE][PASSED] - Object: 'Object Repository/Modulo Pruebas Planta de Personal/Crear_descripción_del_cargo/a_Guardar' is clicked on

2022-03-29 19:35:03 - [TEST_STEP][PASSED] - if (waitForElementVisible(findTestObject("Modulo Pruebas Planta de Personal/Crear_descripción_del_cargo/p_Se ha actualizado el registro"), 1)): null

2022-03-29 19:35:04 - [MESSAGE][PASSED] - Object 'Object Repository/Modulo Pruebas Planta de Personal/Crear_descripción_del_cargo/p_Se ha actualizado el registro' is visible

2022-03-29 19:35:04 - [TEST_STEP][PASSED] - closeBrowser(): Browser is closed

2022-03-29 19:35:04 - [MESSAGE][PASSED] - Browser is closed]]></system-out>
         <system-err><![CDATA[]]></system-err>
      </testcase>
      <testcase name="Test Cases/1.2-Tareas_Secundarias/A.2-Pruebas_planta_personal/12.2.2-Copiar_perfil" time="34.474" classname="Test Cases/1.2-Tareas_Secundarias/A.2-Pruebas_planta_personal/12.2.2-Copiar_perfil" status="PASSED">
         <system-out><![CDATA[2022-03-29 19:35:04 - [TEST_CASE][PASSED] - Test Cases/1.2-Tareas_Secundarias/A.2-Pruebas_planta_personal/12.2.2-Copiar_perfil: Test Cases/1.2-Tareas_Secundarias/A.2-Pruebas_planta_personal/12.2.2-Copiar_perfil

2022-03-29 19:35:05 - [TEST_STEP][PASSED] - callTestCase(findTestCase("1.2-Tareas_Secundarias/A.2-Pruebas_planta_personal/12.1.6-Buscar_puesto_de_trabajo"), [:], STOP_ON_FAILURE): Call Test Case 'Test Cases/1.2-Tareas_Secundarias/A.2-Pruebas_planta_personal/12.1.6-Buscar_puesto_de_trabajo' successfully

2022-03-29 19:35:05 - [TEST_CASE][PASSED] - Test Cases/1.2-Tareas_Secundarias/A.2-Pruebas_planta_personal/12.1.6-Buscar_puesto_de_trabajo: Test Cases/1.2-Tareas_Secundarias/A.2-Pruebas_planta_personal/12.1.6-Buscar_puesto_de_trabajo

2022-03-29 19:35:05 - [TEST_STEP][PASSED] - callTestCase(findTestCase("0.1-Login"), [:], STOP_ON_FAILURE): Call Test Case 'Test Cases/0.1-Login' successfully

2022-03-29 19:35:05 - [TEST_CASE][PASSED] - Test Cases/0.1-Login: Test Cases/0.1-Login

2022-03-29 19:35:05 - [TEST_STEP][PASSED] - openBrowser(""): Browser is opened with url: ''

2022-03-29 19:35:05 - [MESSAGE][INFO] - Starting 'Chrome' driver

2022-03-29 19:35:05 - [MESSAGE][INFO] - Action delay is set to 50 milliseconds

2022-03-29 19:35:06 - [MESSAGE][PASSED] - Browser is opened with url: ''

2022-03-29 19:35:06 - [TEST_STEP][PASSED] - maximizeWindow(): Current window maximized

2022-03-29 19:35:06 - [MESSAGE][PASSED] - Current window maximized

2022-03-29 19:35:06 - [TEST_STEP][PASSED] - i = G_Login: null

2022-03-29 19:35:06 - [TEST_STEP][PASSED] - url = new java.net.URL(i): null

2022-03-29 19:35:06 - [TEST_STEP][PASSED] - println("URL: " + url.toString()): null

2022-03-29 19:35:06 - [TEST_STEP][PASSED] - connection = url.openConnection(): null

2022-03-29 19:35:06 - [TEST_STEP][PASSED] - connection.setRequestMethod("GET"): null

2022-03-29 19:35:06 - [TEST_STEP][PASSED] - connection.setReadTimeout(2 * 1000): null

2022-03-29 19:35:06 - [TEST_STEP][PASSED] - try: null

2022-03-29 19:35:06 - [TEST_STEP][PASSED] - connection.connect(): null

2022-03-29 19:35:06 - [TEST_STEP][PASSED] - flag = connected: null

2022-03-29 19:35:06 - [TEST_STEP][PASSED] - println("Valor_ori: " + flag): null

2022-03-29 19:35:06 - [TEST_STEP][PASSED] - if (flag): null

2022-03-29 19:35:06 - [TEST_STEP][PASSED] - navigateToUrl(i): Navigate to 'http://192.168.2.19:8380/saraweb' successfully

2022-03-29 19:35:07 - [MESSAGE][PASSED] - Navigate to 'http://192.168.2.19:8380/saraweb' successfully

2022-03-29 19:35:07 - [TEST_STEP][PASSED] - a(): null

2022-03-29 19:35:07 - [TEST_STEP][PASSED] - setText(findTestObject("Login/input_USUARIO_loginusuario"), G_Usuario): Text 'saraadmin' is set on object 'Object Repository/Login/input_USUARIO_loginusuario'

2022-03-29 19:35:08 - [MESSAGE][PASSED] - Text 'saraadmin' is set on object 'Object Repository/Login/input_USUARIO_loginusuario'

2022-03-29 19:35:08 - [TEST_STEP][PASSED] - setEncryptedText(findTestObject("Login/input_CLAVE_loginpassword"), "MkG4/TYiCFC3cb2driP7+Q=="): Text ****** has been set on object 'Object Repository/Login/input_CLAVE_loginpassword'

2022-03-29 19:35:09 - [MESSAGE][PASSED] - Text ****** has been set on object 'Object Repository/Login/input_CLAVE_loginpassword'

2022-03-29 19:35:09 - [TEST_STEP][PASSED] - waitForElementClickable(findTestObject("Login/a_Ingresar"), G_TimeOut): Object 'Object Repository/Login/a_Ingresar' is clickable

2022-03-29 19:35:09 - [MESSAGE][PASSED] - Object 'Object Repository/Login/a_Ingresar' is clickable

2022-03-29 19:35:09 - [TEST_STEP][PASSED] - click(findTestObject("Login/a_Ingresar")): Object: 'Object Repository/Login/a_Ingresar' is clicked on

2022-03-29 19:35:10 - [MESSAGE][PASSED] - Object: 'Object Repository/Login/a_Ingresar' is clicked on

2022-03-29 19:35:10 - [TEST_STEP][PASSED] - element = findWebElement(findTestObject("Login/a_Ir"), 30): null

2022-03-29 19:35:11 - [TEST_STEP][PASSED] - executeJavaScript("arguments[0].click()", Arrays.asList(element)): Execute JavaScript 'arguments[0].click()' successfully

2022-03-29 19:35:11 - [MESSAGE][PASSED] - Execute JavaScript 'arguments[0].click()' successfully

2022-03-29 19:35:11 - [MESSAGE][PASSED] - Call Test Case 'Test Cases/0.1-Login' successfully

2022-03-29 19:35:11 - [TEST_STEP][PASSED] - setText(findTestObject("input_Empresa 1_form_templatej_idt24_input"), "planta personal (tal)"): Text 'planta personal (tal)' is set on object 'Object Repository/input_Empresa 1_form_templatej_idt24_input'

2022-03-29 19:35:12 - [MESSAGE][PASSED] - Text 'planta personal (tal)' is set on object 'Object Repository/input_Empresa 1_form_templatej_idt24_input'

2022-03-29 19:35:12 - [TEST_STEP][PASSED] - click(findTestObject("Modulo Pruebas Planta de Personal/Buscar_puesto_de_trabajo/span_Planta Personal (ta")): Object: 'Object Repository/Modulo Pruebas Planta de Personal/Buscar_puesto_de_trabajo/span_Planta Personal (ta' is clicked on

2022-03-29 19:35:13 - [MESSAGE][PASSED] - Object: 'Object Repository/Modulo Pruebas Planta de Personal/Buscar_puesto_de_trabajo/span_Planta Personal (ta' is clicked on

2022-03-29 19:35:13 - [TEST_STEP][PASSED] - click(findTestObject("Modulo Pruebas Planta de Personal/Buscar_puesto_de_trabajo/a_Actos Administrativos_organigramabuscar")): Object: 'Object Repository/Modulo Pruebas Planta de Personal/Buscar_puesto_de_trabajo/a_Actos Administrativos_organigramabuscar' is clicked on

2022-03-29 19:35:14 - [MESSAGE][PASSED] - Object: 'Object Repository/Modulo Pruebas Planta de Personal/Buscar_puesto_de_trabajo/a_Actos Administrativos_organigramabuscar' is clicked on

2022-03-29 19:35:14 - [TEST_STEP][PASSED] - selectOptionByIndex(findTestObject("Modulo Pruebas Planta de Personal/Buscar_puesto_de_trabajo/select_--Seleccione--EmpleadoPuesto"), 2): All options with index in [2] are selected on object 'Object Repository/Modulo Pruebas Planta de Personal/Buscar_puesto_de_trabajo/select_--Seleccione--EmpleadoPuesto'

2022-03-29 19:35:16 - [MESSAGE][PASSED] - All options with index in [2] are selected on object 'Object Repository/Modulo Pruebas Planta de Personal/Buscar_puesto_de_trabajo/select_--Seleccione--EmpleadoPuesto'

2022-03-29 19:35:16 - [TEST_STEP][PASSED] - click(findTestObject("Modulo Pruebas Planta de Personal/Buscar_puesto_de_trabajo/a_Cargo_popupBusquedaPlantaj_idt279")): Object: 'Object Repository/Modulo Pruebas Planta de Personal/Buscar_puesto_de_trabajo/a_Cargo_popupBusquedaPlantaj_idt279' is clicked on

2022-03-29 19:35:17 - [MESSAGE][PASSED] - Object: 'Object Repository/Modulo Pruebas Planta de Personal/Buscar_puesto_de_trabajo/a_Cargo_popupBusquedaPlantaj_idt279' is clicked on

2022-03-29 19:35:17 - [TEST_STEP][PASSED] - click(findTestObject("Modulo Pruebas Planta de Personal/Buscar_puesto_de_trabajo/a_Unidad Organizacional_popupBusquedaPlantaj_idt274")): Object: 'Object Repository/Modulo Pruebas Planta de Personal/Buscar_puesto_de_trabajo/a_Unidad Organizacional_popupBusquedaPlantaj_idt274' is clicked on

2022-03-29 19:35:17 - [MESSAGE][PASSED] - Object: 'Object Repository/Modulo Pruebas Planta de Personal/Buscar_puesto_de_trabajo/a_Unidad Organizacional_popupBusquedaPlantaj_idt274' is clicked on

2022-03-29 19:35:17 - [TEST_STEP][PASSED] - setText(findTestObject("Modulo Pruebas Planta de Personal/Buscar_puesto_de_trabajo/input_Unidad_form_popupUnidadUsuarioj_idt880"), "administracion"): Text 'administracion' is set on object 'Object Repository/Modulo Pruebas Planta de Personal/Buscar_puesto_de_trabajo/input_Unidad_form_popupUnidadUsuarioj_idt880'

2022-03-29 19:35:19 - [MESSAGE][PASSED] - Text 'administracion' is set on object 'Object Repository/Modulo Pruebas Planta de Personal/Buscar_puesto_de_trabajo/input_Unidad_form_popupUnidadUsuarioj_idt880'

2022-03-29 19:35:19 - [TEST_STEP][PASSED] - sendKeys(findTestObject("Modulo Pruebas Planta de Personal/Buscar_puesto_de_trabajo/input_Unidad_form_popupUnidadUsuarioj_idt880"), Keys.chord(ENTER)): Keys 'ENTER + ' sent to object: 'Object Repository/Modulo Pruebas Planta de Personal/Buscar_puesto_de_trabajo/input_Unidad_form_popupUnidadUsuarioj_idt880'

2022-03-29 19:35:19 - [MESSAGE][PASSED] - Keys 'ENTER + ' sent to object: 'Object Repository/Modulo Pruebas Planta de Personal/Buscar_puesto_de_trabajo/input_Unidad_form_popupUnidadUsuarioj_idt880'

2022-03-29 19:35:19 - [TEST_STEP][PASSED] - click(findTestObject("Modulo Pruebas Planta de Personal/Buscar_puesto_de_trabajo/span_ADMINISTRACION")): Object: 'Object Repository/Modulo Pruebas Planta de Personal/Buscar_puesto_de_trabajo/span_ADMINISTRACION' is clicked on

2022-03-29 19:35:20 - [MESSAGE][PASSED] - Object: 'Object Repository/Modulo Pruebas Planta de Personal/Buscar_puesto_de_trabajo/span_ADMINISTRACION' is clicked on

2022-03-29 19:35:20 - [TEST_STEP][PASSED] - click(findTestObject("Modulo Pruebas Planta de Personal/Buscar_puesto_de_trabajo/a_Cargo_popupBusquedaPlantaj_idt2790")): Object: 'Object Repository/Modulo Pruebas Planta de Personal/Buscar_puesto_de_trabajo/a_Cargo_popupBusquedaPlantaj_idt2790' is clicked on

2022-03-29 19:35:21 - [MESSAGE][PASSED] - Object: 'Object Repository/Modulo Pruebas Planta de Personal/Buscar_puesto_de_trabajo/a_Cargo_popupBusquedaPlantaj_idt2790' is clicked on

2022-03-29 19:35:21 - [TEST_STEP][PASSED] - click(findTestObject("Modulo Pruebas Planta de Personal/Buscar_puesto_de_trabajo/span_ABOGADO")): Object: 'Object Repository/Modulo Pruebas Planta de Personal/Buscar_puesto_de_trabajo/span_ABOGADO' is clicked on

2022-03-29 19:35:21 - [MESSAGE][PASSED] - Object: 'Object Repository/Modulo Pruebas Planta de Personal/Buscar_puesto_de_trabajo/span_ABOGADO' is clicked on

2022-03-29 19:35:21 - [TEST_STEP][PASSED] - click(findTestObject("Modulo Pruebas Planta de Personal/Buscar_puesto_de_trabajo/span_20139    - Abogado")): Object: 'Object Repository/Modulo Pruebas Planta de Personal/Buscar_puesto_de_trabajo/span_20139    - Abogado' is clicked on

2022-03-29 19:35:22 - [MESSAGE][PASSED] - Object: 'Object Repository/Modulo Pruebas Planta de Personal/Buscar_puesto_de_trabajo/span_20139    - Abogado' is clicked on

2022-03-29 19:35:22 - [TEST_STEP][PASSED] - scrollToElement(findTestObject("Modulo Pruebas Planta de Personal/Buscar_puesto_de_trabajo/span_10308"), 0): Scroll to object 'Object Repository/Modulo Pruebas Planta de Personal/Buscar_puesto_de_trabajo/span_10308' successfully

2022-03-29 19:35:22 - [MESSAGE][WARNING] - Timeout '0' is invalid. Using default page load timeout: '45'

2022-03-29 19:35:23 - [MESSAGE][PASSED] - Scroll to object 'Object Repository/Modulo Pruebas Planta de Personal/Buscar_puesto_de_trabajo/span_10308' successfully

2022-03-29 19:35:23 - [MESSAGE][PASSED] - Call Test Case 'Test Cases/1.2-Tareas_Secundarias/A.2-Pruebas_planta_personal/12.1.6-Buscar_puesto_de_trabajo' successfully

2022-03-29 19:35:23 - [TEST_STEP][PASSED] - click(findTestObject("Modulo Pruebas Planta de Personal/Copiar_perfil/a_Salgado . Paula_organigramaj_idt111")): Object: 'Object Repository/Modulo Pruebas Planta de Personal/Copiar_perfil/a_Salgado . Paula_organigramaj_idt111' is clicked on

2022-03-29 19:35:24 - [MESSAGE][PASSED] - Object: 'Object Repository/Modulo Pruebas Planta de Personal/Copiar_perfil/a_Salgado . Paula_organigramaj_idt111' is clicked on

2022-03-29 19:35:24 - [TEST_STEP][PASSED] - if (waitForElementVisible(findTestObject("Modulo Pruebas Planta de Personal/Copiar_perfil/a_Aceptar"), 1)): Web element with id: 'Object Repository/Modulo Pruebas Planta de Personal/Copiar_perfil/a_Aceptar' located by '//a[contains(text(),'Aceptar')]' not found

2022-03-29 19:35:26 - [MESSAGE][INFO] - Unable to find the element located by 'By.xpath: //a[contains(text(),'Aceptar')]'. Please recheck the objects properties to make sure the desired element is located. 

2022-03-29 19:35:26 - [MESSAGE][WARNING] - Web element with id: 'Object Repository/Modulo Pruebas Planta de Personal/Copiar_perfil/a_Aceptar' located by '//a[contains(text(),'Aceptar')]' not found

2022-03-29 19:35:26 - [TEST_STEP][PASSED] - click(findTestObject("Modulo Pruebas Planta de Personal/Copiar_perfil/a_Copiar Perfil")): Object: 'Object Repository/Modulo Pruebas Planta de Personal/Copiar_perfil/a_Copiar Perfil' is clicked on

2022-03-29 19:35:27 - [MESSAGE][PASSED] - Object: 'Object Repository/Modulo Pruebas Planta de Personal/Copiar_perfil/a_Copiar Perfil' is clicked on

2022-03-29 19:35:27 - [TEST_STEP][PASSED] - click(findTestObject("Modulo Pruebas Planta de Personal/Copiar_perfil/a_Unidad Organizacional_popupCopiarPerfilj_idt2011")): Object: 'Object Repository/Modulo Pruebas Planta de Personal/Copiar_perfil/a_Unidad Organizacional_popupCopiarPerfilj_idt2011' is clicked on

2022-03-29 19:35:28 - [MESSAGE][PASSED] - Object: 'Object Repository/Modulo Pruebas Planta de Personal/Copiar_perfil/a_Unidad Organizacional_popupCopiarPerfilj_idt2011' is clicked on

2022-03-29 19:35:28 - [TEST_STEP][PASSED] - setText(findTestObject("Modulo Pruebas Planta de Personal/Copiar_perfil/input_Unidad Organizacional_formPopUpUnidaddescripciones"), "ADMIN"): Text 'ADMIN' is set on object 'Object Repository/Modulo Pruebas Planta de Personal/Copiar_perfil/input_Unidad Organizacional_formPopUpUnidaddescripciones'

2022-03-29 19:35:29 - [MESSAGE][PASSED] - Text 'ADMIN' is set on object 'Object Repository/Modulo Pruebas Planta de Personal/Copiar_perfil/input_Unidad Organizacional_formPopUpUnidaddescripciones'

2022-03-29 19:35:29 - [TEST_STEP][PASSED] - sendKeys(findTestObject("Modulo Pruebas Planta de Personal/Copiar_perfil/input_Unidad Organizacional_formPopUpUnidaddescripciones"), Keys.chord(ENTER)): Keys 'ENTER + ' sent to object: 'Object Repository/Modulo Pruebas Planta de Personal/Copiar_perfil/input_Unidad Organizacional_formPopUpUnidaddescripciones'

2022-03-29 19:35:29 - [MESSAGE][PASSED] - Keys 'ENTER + ' sent to object: 'Object Repository/Modulo Pruebas Planta de Personal/Copiar_perfil/input_Unidad Organizacional_formPopUpUnidaddescripciones'

2022-03-29 19:35:29 - [TEST_STEP][PASSED] - click(findTestObject("Modulo Pruebas Planta de Personal/Copiar_perfil/td_ADMINISTRACION")): Object: 'Object Repository/Modulo Pruebas Planta de Personal/Copiar_perfil/td_ADMINISTRACION' is clicked on

2022-03-29 19:35:30 - [MESSAGE][PASSED] - Object: 'Object Repository/Modulo Pruebas Planta de Personal/Copiar_perfil/td_ADMINISTRACION' is clicked on

2022-03-29 19:35:30 - [TEST_STEP][PASSED] - click(findTestObject("Modulo Pruebas Planta de Personal/Copiar_perfil/a_Cargo_popupCopiarPerfilj_idt2016")): Object: 'Object Repository/Modulo Pruebas Planta de Personal/Copiar_perfil/a_Cargo_popupCopiarPerfilj_idt2016' is clicked on

2022-03-29 19:35:31 - [MESSAGE][PASSED] - Object: 'Object Repository/Modulo Pruebas Planta de Personal/Copiar_perfil/a_Cargo_popupCopiarPerfilj_idt2016' is clicked on

2022-03-29 19:35:31 - [TEST_STEP][PASSED] - click(findTestObject("Modulo Pruebas Planta de Personal/Copiar_perfil/span_40 MIL STAFF")): Object: 'Object Repository/Modulo Pruebas Planta de Personal/Copiar_perfil/span_40 MIL STAFF' is clicked on

2022-03-29 19:35:32 - [MESSAGE][PASSED] - Object: 'Object Repository/Modulo Pruebas Planta de Personal/Copiar_perfil/span_40 MIL STAFF' is clicked on

2022-03-29 19:35:32 - [TEST_STEP][PASSED] - check(findTestObject("Modulo Pruebas Planta de Personal/Copiar_perfil/div_Puesto_ui-chkbox-box ui-widget ui-corner-all ui-state-default ui-state-hover")): Object 'Object Repository/Modulo Pruebas Planta de Personal/Copiar_perfil/div_Puesto_ui-chkbox-box ui-widget ui-corner-all ui-state-default ui-state-hover' is checked

2022-03-29 19:35:35 - [MESSAGE][PASSED] - Object 'Object Repository/Modulo Pruebas Planta de Personal/Copiar_perfil/div_Puesto_ui-chkbox-box ui-widget ui-corner-all ui-state-default ui-state-hover' is checked

2022-03-29 19:35:35 - [TEST_STEP][PASSED] - click(findTestObject("Modulo Pruebas Planta de Personal/Copiar_perfil/a_Continuar")): Object: 'Object Repository/Modulo Pruebas Planta de Personal/Copiar_perfil/a_Continuar' is clicked on

2022-03-29 19:35:35 - [MESSAGE][PASSED] - Object: 'Object Repository/Modulo Pruebas Planta de Personal/Copiar_perfil/a_Continuar' is clicked on

2022-03-29 19:35:35 - [TEST_STEP][PASSED] - click(findTestObject("Modulo Pruebas Planta de Personal/Copiar_perfil/div_Descripcin_ui-chkbox-box ui-widget ui-corner-all ui-state-default")): Object: 'Object Repository/Modulo Pruebas Planta de Personal/Copiar_perfil/div_Descripcin_ui-chkbox-box ui-widget ui-corner-all ui-state-default' is clicked on

2022-03-29 19:35:36 - [MESSAGE][PASSED] - Object: 'Object Repository/Modulo Pruebas Planta de Personal/Copiar_perfil/div_Descripcin_ui-chkbox-box ui-widget ui-corner-all ui-state-default' is clicked on

2022-03-29 19:35:36 - [TEST_STEP][PASSED] - click(findTestObject("Modulo Pruebas Planta de Personal/Copiar_perfil/a_Aplicar")): Object: 'Object Repository/Modulo Pruebas Planta de Personal/Copiar_perfil/a_Aplicar' is clicked on

2022-03-29 19:35:37 - [MESSAGE][PASSED] - Object: 'Object Repository/Modulo Pruebas Planta de Personal/Copiar_perfil/a_Aplicar' is clicked on

2022-03-29 19:35:37 - [TEST_STEP][PASSED] - if (waitForElementVisible(findTestObject("Modulo Pruebas Planta de Personal/Copiar_perfil/p_Se ha realizado la copia del perfil a los puestos de trabajo seleccionados"), 1)): null

2022-03-29 19:35:38 - [MESSAGE][PASSED] - Object 'Object Repository/Modulo Pruebas Planta de Personal/Copiar_perfil/p_Se ha realizado la copia del perfil a los puestos de trabajo seleccionados' is visible

2022-03-29 19:35:38 - [TEST_STEP][PASSED] - closeBrowser(): Browser is closed

2022-03-29 19:35:39 - [MESSAGE][PASSED] - Browser is closed]]></system-out>
         <system-err><![CDATA[]]></system-err>
      </testcase>
      <testcase name="Test Cases/1.2-Tareas_Secundarias/A.2-Pruebas_planta_personal/12.2.3-Crear_descripción_del_cargo_(PUESTO_TRABAJO_MULTIPLE)" time="24.77" classname="Test Cases/1.2-Tareas_Secundarias/A.2-Pruebas_planta_personal/12.2.3-Crear_descripción_del_cargo_(PUESTO_TRABAJO_MULTIPLE)" status="PASSED">
         <system-out><![CDATA[2022-03-29 19:35:39 - [TEST_CASE][PASSED] - Test Cases/1.2-Tareas_Secundarias/A.2-Pruebas_planta_personal/12.2.3-Crear_descripción_del_cargo_(PUESTO_TRABAJO_MULTIPLE): Test Cases/1.2-Tareas_Secundarias/A.2-Pruebas_planta_personal/12.2.3-Crear_descripción_del_cargo_(PUESTO_TRABAJO_MULTIPLE)

2022-03-29 19:35:39 - [TEST_STEP][PASSED] - callTestCase(findTestCase("0.1-Login"), [:], STOP_ON_FAILURE): Call Test Case 'Test Cases/0.1-Login' successfully

2022-03-29 19:35:39 - [TEST_CASE][PASSED] - Test Cases/0.1-Login: Test Cases/0.1-Login

2022-03-29 19:35:39 - [TEST_STEP][PASSED] - openBrowser(""): Browser is opened with url: ''

2022-03-29 19:35:39 - [MESSAGE][INFO] - Starting 'Chrome' driver

2022-03-29 19:35:39 - [MESSAGE][INFO] - Action delay is set to 50 milliseconds

2022-03-29 19:35:41 - [MESSAGE][PASSED] - Browser is opened with url: ''

2022-03-29 19:35:41 - [TEST_STEP][PASSED] - maximizeWindow(): Current window maximized

2022-03-29 19:35:41 - [MESSAGE][PASSED] - Current window maximized

2022-03-29 19:35:41 - [TEST_STEP][PASSED] - i = G_Login: null

2022-03-29 19:35:41 - [TEST_STEP][PASSED] - url = new java.net.URL(i): null

2022-03-29 19:35:41 - [TEST_STEP][PASSED] - println("URL: " + url.toString()): null

2022-03-29 19:35:41 - [TEST_STEP][PASSED] - connection = url.openConnection(): null

2022-03-29 19:35:41 - [TEST_STEP][PASSED] - connection.setRequestMethod("GET"): null

2022-03-29 19:35:41 - [TEST_STEP][PASSED] - connection.setReadTimeout(2 * 1000): null

2022-03-29 19:35:41 - [TEST_STEP][PASSED] - try: null

2022-03-29 19:35:41 - [TEST_STEP][PASSED] - connection.connect(): null

2022-03-29 19:35:41 - [TEST_STEP][PASSED] - flag = connected: null

2022-03-29 19:35:41 - [TEST_STEP][PASSED] - println("Valor_ori: " + flag): null

2022-03-29 19:35:41 - [TEST_STEP][PASSED] - if (flag): null

2022-03-29 19:35:41 - [TEST_STEP][PASSED] - navigateToUrl(i): Navigate to 'http://192.168.2.19:8380/saraweb' successfully

2022-03-29 19:35:41 - [MESSAGE][PASSED] - Navigate to 'http://192.168.2.19:8380/saraweb' successfully

2022-03-29 19:35:41 - [TEST_STEP][PASSED] - a(): null

2022-03-29 19:35:41 - [TEST_STEP][PASSED] - setText(findTestObject("Login/input_USUARIO_loginusuario"), G_Usuario): Text 'saraadmin' is set on object 'Object Repository/Login/input_USUARIO_loginusuario'

2022-03-29 19:35:42 - [MESSAGE][PASSED] - Text 'saraadmin' is set on object 'Object Repository/Login/input_USUARIO_loginusuario'

2022-03-29 19:35:42 - [TEST_STEP][PASSED] - setEncryptedText(findTestObject("Login/input_CLAVE_loginpassword"), "MkG4/TYiCFC3cb2driP7+Q=="): Text ****** has been set on object 'Object Repository/Login/input_CLAVE_loginpassword'

2022-03-29 19:35:43 - [MESSAGE][PASSED] - Text ****** has been set on object 'Object Repository/Login/input_CLAVE_loginpassword'

2022-03-29 19:35:43 - [TEST_STEP][PASSED] - waitForElementClickable(findTestObject("Login/a_Ingresar"), G_TimeOut): Object 'Object Repository/Login/a_Ingresar' is clickable

2022-03-29 19:35:43 - [MESSAGE][PASSED] - Object 'Object Repository/Login/a_Ingresar' is clickable

2022-03-29 19:35:43 - [TEST_STEP][PASSED] - click(findTestObject("Login/a_Ingresar")): Object: 'Object Repository/Login/a_Ingresar' is clicked on

2022-03-29 19:35:45 - [MESSAGE][PASSED] - Object: 'Object Repository/Login/a_Ingresar' is clicked on

2022-03-29 19:35:45 - [TEST_STEP][PASSED] - element = findWebElement(findTestObject("Login/a_Ir"), 30): null

2022-03-29 19:35:45 - [TEST_STEP][PASSED] - executeJavaScript("arguments[0].click()", Arrays.asList(element)): Execute JavaScript 'arguments[0].click()' successfully

2022-03-29 19:35:45 - [MESSAGE][PASSED] - Execute JavaScript 'arguments[0].click()' successfully

2022-03-29 19:35:45 - [MESSAGE][PASSED] - Call Test Case 'Test Cases/0.1-Login' successfully

2022-03-29 19:35:45 - [TEST_STEP][PASSED] - setText(findTestObject("Modulo Pruebas Planta de Personal/Crear_descripción_del_cargo(Puesto_trabajo_multiple)/input_Empresa 1_form_templatej_idt24_input"), "Listado Descripcion Cargo (tal)"): Text 'Listado Descripcion Cargo (tal)' is set on object 'Object Repository/Modulo Pruebas Planta de Personal/Crear_descripción_del_cargo(Puesto_trabajo_multiple)/input_Empresa 1_form_templatej_idt24_input'

2022-03-29 19:35:46 - [MESSAGE][PASSED] - Text 'Listado Descripcion Cargo (tal)' is set on object 'Object Repository/Modulo Pruebas Planta de Personal/Crear_descripción_del_cargo(Puesto_trabajo_multiple)/input_Empresa 1_form_templatej_idt24_input'

2022-03-29 19:35:46 - [TEST_STEP][PASSED] - click(findTestObject("Modulo Pruebas Planta de Personal/Crear_descripción_del_cargo(Puesto_trabajo_multiple)/li_Listado Descripcion Cargo (tal)")): Object: 'Object Repository/Modulo Pruebas Planta de Personal/Crear_descripción_del_cargo(Puesto_trabajo_multiple)/li_Listado Descripcion Cargo (tal)' is clicked on

2022-03-29 19:35:48 - [MESSAGE][PASSED] - Object: 'Object Repository/Modulo Pruebas Planta de Personal/Crear_descripción_del_cargo(Puesto_trabajo_multiple)/li_Listado Descripcion Cargo (tal)' is clicked on

2022-03-29 19:35:48 - [TEST_STEP][PASSED] - click(findTestObject("Modulo Pruebas Planta de Personal/Crear_descripción_del_cargo(Puesto_trabajo_multiple)/a_Nuevo")): Object: 'Object Repository/Modulo Pruebas Planta de Personal/Crear_descripción_del_cargo(Puesto_trabajo_multiple)/a_Nuevo' is clicked on

2022-03-29 19:35:49 - [MESSAGE][PASSED] - Object: 'Object Repository/Modulo Pruebas Planta de Personal/Crear_descripción_del_cargo(Puesto_trabajo_multiple)/a_Nuevo' is clicked on

2022-03-29 19:35:49 - [TEST_STEP][PASSED] - click(findTestObject("Modulo Pruebas Planta de Personal/Crear_descripción_del_cargo(Puesto_trabajo_multiple)/a_Unidad Organizacional_form_listadoDescripcionCargoj_idt115")): Object: 'Object Repository/Modulo Pruebas Planta de Personal/Crear_descripción_del_cargo(Puesto_trabajo_multiple)/a_Unidad Organizacional_form_listadoDescripcionCargoj_idt115' is clicked on

2022-03-29 19:35:50 - [MESSAGE][PASSED] - Object: 'Object Repository/Modulo Pruebas Planta de Personal/Crear_descripción_del_cargo(Puesto_trabajo_multiple)/a_Unidad Organizacional_form_listadoDescripcionCargoj_idt115' is clicked on

2022-03-29 19:35:50 - [TEST_STEP][PASSED] - setText(findTestObject("Modulo Pruebas Planta de Personal/Crear_descripción_del_cargo(Puesto_trabajo_multiple)/input_Unidad_form_popupUnidadUsuarioj_idt612"), "ADMINISTRACION"): Text 'ADMINISTRACION' is set on object 'Object Repository/Modulo Pruebas Planta de Personal/Crear_descripción_del_cargo(Puesto_trabajo_multiple)/input_Unidad_form_popupUnidadUsuarioj_idt612'

2022-03-29 19:35:51 - [MESSAGE][PASSED] - Text 'ADMINISTRACION' is set on object 'Object Repository/Modulo Pruebas Planta de Personal/Crear_descripción_del_cargo(Puesto_trabajo_multiple)/input_Unidad_form_popupUnidadUsuarioj_idt612'

2022-03-29 19:35:51 - [TEST_STEP][PASSED] - sendKeys(findTestObject("Modulo Pruebas Planta de Personal/Crear_descripción_del_cargo(Puesto_trabajo_multiple)/input_Unidad_form_popupUnidadUsuarioj_idt612"), Keys.chord(ENTER)): Keys 'ENTER + ' sent to object: 'Object Repository/Modulo Pruebas Planta de Personal/Crear_descripción_del_cargo(Puesto_trabajo_multiple)/input_Unidad_form_popupUnidadUsuarioj_idt612'

2022-03-29 19:35:52 - [MESSAGE][PASSED] - Keys 'ENTER + ' sent to object: 'Object Repository/Modulo Pruebas Planta de Personal/Crear_descripción_del_cargo(Puesto_trabajo_multiple)/input_Unidad_form_popupUnidadUsuarioj_idt612'

2022-03-29 19:35:52 - [TEST_STEP][PASSED] - click(findTestObject("Modulo Pruebas Planta de Personal/Crear_descripción_del_cargo(Puesto_trabajo_multiple)/span_ADMINISTRACION")): Object: 'Object Repository/Modulo Pruebas Planta de Personal/Crear_descripción_del_cargo(Puesto_trabajo_multiple)/span_ADMINISTRACION' is clicked on

2022-03-29 19:35:52 - [MESSAGE][PASSED] - Object: 'Object Repository/Modulo Pruebas Planta de Personal/Crear_descripción_del_cargo(Puesto_trabajo_multiple)/span_ADMINISTRACION' is clicked on

2022-03-29 19:35:52 - [TEST_STEP][PASSED] - click(findTestObject("Modulo Pruebas Planta de Personal/Crear_descripción_del_cargo(Puesto_trabajo_multiple)/a_Cargo_form_listadoDescripcionCargoj_idt120")): Object: 'Object Repository/Modulo Pruebas Planta de Personal/Crear_descripción_del_cargo(Puesto_trabajo_multiple)/a_Cargo_form_listadoDescripcionCargoj_idt120' is clicked on

2022-03-29 19:35:53 - [MESSAGE][PASSED] - Object: 'Object Repository/Modulo Pruebas Planta de Personal/Crear_descripción_del_cargo(Puesto_trabajo_multiple)/a_Cargo_form_listadoDescripcionCargoj_idt120' is clicked on

2022-03-29 19:35:53 - [TEST_STEP][PASSED] - click(findTestObject("Modulo Pruebas Planta de Personal/Crear_descripción_del_cargo(Puesto_trabajo_multiple)/span_ABOGADO")): Object: 'Object Repository/Modulo Pruebas Planta de Personal/Crear_descripción_del_cargo(Puesto_trabajo_multiple)/span_ABOGADO' is clicked on

2022-03-29 19:35:54 - [MESSAGE][PASSED] - Object: 'Object Repository/Modulo Pruebas Planta de Personal/Crear_descripción_del_cargo(Puesto_trabajo_multiple)/span_ABOGADO' is clicked on

2022-03-29 19:35:54 - [TEST_STEP][PASSED] - click(findTestObject("Modulo Pruebas Planta de Personal/Crear_descripción_del_cargo(Puesto_trabajo_multiple)/span_20139    - Abogado")): Object: 'Object Repository/Modulo Pruebas Planta de Personal/Crear_descripción_del_cargo(Puesto_trabajo_multiple)/span_20139    - Abogado' is clicked on

2022-03-29 19:35:55 - [MESSAGE][PASSED] - Object: 'Object Repository/Modulo Pruebas Planta de Personal/Crear_descripción_del_cargo(Puesto_trabajo_multiple)/span_20139    - Abogado' is clicked on

2022-03-29 19:35:55 - [TEST_STEP][PASSED] - setText(findTestObject("Modulo Pruebas Planta de Personal/Crear_descripción_del_cargo(Puesto_trabajo_multiple)/input__descripcionCargo_formj_idt7270fecha_input"), "01/07/2021"): Text '01/07/2021' is set on object 'Object Repository/Modulo Pruebas Planta de Personal/Crear_descripción_del_cargo(Puesto_trabajo_multiple)/input__descripcionCargo_formj_idt7270fecha_input'

2022-03-29 19:35:57 - [MESSAGE][PASSED] - Text '01/07/2021' is set on object 'Object Repository/Modulo Pruebas Planta de Personal/Crear_descripción_del_cargo(Puesto_trabajo_multiple)/input__descripcionCargo_formj_idt7270fecha_input'

2022-03-29 19:35:57 - [TEST_STEP][PASSED] - setText(findTestObject("Modulo Pruebas Planta de Personal/Crear_descripción_del_cargo(Puesto_trabajo_multiple)/textarea__descripcionCargo_formj_idt7272idTexto5"), "pruebas katalon"): Text 'pruebas katalon' is set on object 'Object Repository/Modulo Pruebas Planta de Personal/Crear_descripción_del_cargo(Puesto_trabajo_multiple)/textarea__descripcionCargo_formj_idt7272idTexto5'

2022-03-29 19:35:58 - [MESSAGE][PASSED] - Text 'pruebas katalon' is set on object 'Object Repository/Modulo Pruebas Planta de Personal/Crear_descripción_del_cargo(Puesto_trabajo_multiple)/textarea__descripcionCargo_formj_idt7272idTexto5'

2022-03-29 19:35:58 - [TEST_STEP][PASSED] - setText(findTestObject("Modulo Pruebas Planta de Personal/Crear_descripción_del_cargo(Puesto_trabajo_multiple)/textarea__descripcionCargo_formj_idt7274idTexto5"), "pruebas katalon"): Text 'pruebas katalon' is set on object 'Object Repository/Modulo Pruebas Planta de Personal/Crear_descripción_del_cargo(Puesto_trabajo_multiple)/textarea__descripcionCargo_formj_idt7274idTexto5'

2022-03-29 19:35:59 - [MESSAGE][PASSED] - Text 'pruebas katalon' is set on object 'Object Repository/Modulo Pruebas Planta de Personal/Crear_descripción_del_cargo(Puesto_trabajo_multiple)/textarea__descripcionCargo_formj_idt7274idTexto5'

2022-03-29 19:35:59 - [TEST_STEP][PASSED] - setText(findTestObject("Modulo Pruebas Planta de Personal/Crear_descripción_del_cargo(Puesto_trabajo_multiple)/textarea__descripcionCargo_formj_idt7276idTexto5"), "pruebas katalon"): Text 'pruebas katalon' is set on object 'Object Repository/Modulo Pruebas Planta de Personal/Crear_descripción_del_cargo(Puesto_trabajo_multiple)/textarea__descripcionCargo_formj_idt7276idTexto5'

2022-03-29 19:36:00 - [MESSAGE][PASSED] - Text 'pruebas katalon' is set on object 'Object Repository/Modulo Pruebas Planta de Personal/Crear_descripción_del_cargo(Puesto_trabajo_multiple)/textarea__descripcionCargo_formj_idt7276idTexto5'

2022-03-29 19:36:00 - [TEST_STEP][PASSED] - setText(findTestObject("Modulo Pruebas Planta de Personal/Crear_descripción_del_cargo(Puesto_trabajo_multiple)/textarea__descripcionCargo_formj_idt7277idTexto5"), "pruebas katalon"): Text 'pruebas katalon' is set on object 'Object Repository/Modulo Pruebas Planta de Personal/Crear_descripción_del_cargo(Puesto_trabajo_multiple)/textarea__descripcionCargo_formj_idt7277idTexto5'

2022-03-29 19:36:01 - [MESSAGE][PASSED] - Text 'pruebas katalon' is set on object 'Object Repository/Modulo Pruebas Planta de Personal/Crear_descripción_del_cargo(Puesto_trabajo_multiple)/textarea__descripcionCargo_formj_idt7277idTexto5'

2022-03-29 19:36:01 - [TEST_STEP][PASSED] - click(findTestObject("Modulo Pruebas Planta de Personal/Crear_descripción_del_cargo(Puesto_trabajo_multiple)/a_Guardar")): Object: 'Object Repository/Modulo Pruebas Planta de Personal/Crear_descripción_del_cargo(Puesto_trabajo_multiple)/a_Guardar' is clicked on

2022-03-29 19:36:02 - [MESSAGE][PASSED] - Object: 'Object Repository/Modulo Pruebas Planta de Personal/Crear_descripción_del_cargo(Puesto_trabajo_multiple)/a_Guardar' is clicked on

2022-03-29 19:36:02 - [TEST_STEP][PASSED] - if (waitForElementVisible(findTestObject("Modulo Pruebas Planta de Personal/Crear_descripción_del_cargo(Puesto_trabajo_multiple)/a_Definir_Perfil"), 1)): Web element with id: 'Object Repository/Modulo Pruebas Planta de Personal/Crear_descripción_del_cargo(Puesto_trabajo_multiple)/a_Definir_Perfil' located by '//a[contains(text(),'Definir Perfil')]' not found

2022-03-29 19:36:04 - [MESSAGE][INFO] - Unable to find the element located by 'By.xpath: //a[contains(text(),'Definir Perfil')]'. Please recheck the objects properties to make sure the desired element is located. 

2022-03-29 19:36:04 - [MESSAGE][WARNING] - Web element with id: 'Object Repository/Modulo Pruebas Planta de Personal/Crear_descripción_del_cargo(Puesto_trabajo_multiple)/a_Definir_Perfil' located by '//a[contains(text(),'Definir Perfil')]' not found]]></system-out>
         <system-err><![CDATA[]]></system-err>
      </testcase>
      <testcase name="Test Cases/1.2-Tareas_Secundarias/A.2-Pruebas_planta_personal/12.2.4-Copiar_perfil_(Puesto_de_Trabajo)" time="75.669" classname="Test Cases/1.2-Tareas_Secundarias/A.2-Pruebas_planta_personal/12.2.4-Copiar_perfil_(Puesto_de_Trabajo)" status="FAILED">
         <failure type="FAILED" message="Test Cases/1.2-Tareas_Secundarias/A.2-Pruebas_planta_personal/12.2.4-Copiar_perfil_(Puesto_de_Trabajo) FAILED.
Reason:
com.kms.katalon.core.exception.StepFailedException: Unable to click on object 'Object Repository/Modulo Pruebas Planta de Personal/Copiar_perfil_(Puesto_de_Trabajo)/span_40 MIL STAFF'
	at com.kms.katalon.core.webui.keyword.internal.WebUIKeywordMain.stepFailed(WebUIKeywordMain.groovy:64)
	at com.kms.katalon.core.webui.keyword.internal.WebUIKeywordMain.runKeyword(WebUIKeywordMain.groovy:26)
	at com.kms.katalon.core.webui.keyword.builtin.ClickKeyword.click(ClickKeyword.groovy:74)
	at com.kms.katalon.core.webui.keyword.builtin.ClickKeyword.execute(ClickKeyword.groovy:40)
	at com.kms.katalon.core.keyword.internal.KeywordExecutor.executeKeywordForPlatform(KeywordExecutor.groovy:74)
	at com.kms.katalon.core.webui.keyword.WebUiBuiltInKeywords.click(WebUiBuiltInKeywords.groovy:620)
	at com.kms.katalon.core.webui.keyword.WebUiBuiltInKeywords$click$5.call(Unknown Source)
	at 12.2.4-Copiar_perfil_(Puesto_de_Trabajo).run(12.2.4-Copiar_perfil_(Puesto_de_Trabajo):48)
	at com.kms.katalon.core.main.ScriptEngine.run(ScriptEngine.java:194)
	at com.kms.katalon.core.main.ScriptEngine.runScriptAsRawText(ScriptEngine.java:119)
	at com.kms.katalon.core.main.TestCaseExecutor.runScript(TestCaseExecutor.java:442)
	at com.kms.katalon.core.main.TestCaseExecutor.doExecute(TestCaseExecutor.java:433)
	at com.kms.katalon.core.main.TestCaseExecutor.processExecutionPhase(TestCaseExecutor.java:412)
	at com.kms.katalon.core.main.TestCaseExecutor.accessMainPhase(TestCaseExecutor.java:404)
	at com.kms.katalon.core.main.TestCaseExecutor.execute(TestCaseExecutor.java:281)
	at com.kms.katalon.core.main.TestSuiteExecutor.accessTestCaseMainPhase(TestSuiteExecutor.java:202)
	at com.kms.katalon.core.main.TestSuiteExecutor.accessTestSuiteMainPhase(TestSuiteExecutor.java:164)
	at com.kms.katalon.core.main.TestSuiteExecutor.execute(TestSuiteExecutor.java:105)
	at com.kms.katalon.core.main.TestCaseMain.startTestSuite(TestCaseMain.java:185)
	at com.kms.katalon.core.main.TestCaseMain$startTestSuite$0.call(Unknown Source)
	at TempTestSuite1648594435047.run(TempTestSuite1648594435047.groovy:36)
Caused by: com.kms.katalon.core.webui.exception.WebElementNotFoundException: Web element with id: 'Object Repository/Modulo Pruebas Planta de Personal/Copiar_perfil_(Puesto_de_Trabajo)/span_40 MIL STAFF' located by '//*/text()[normalize-space(.)='40 MIL STAFF']/parent::*' not found
	at com.kms.katalon.core.webui.common.WebUiCommonHelper.findWebElement(WebUiCommonHelper.java:1370)
	at com.kms.katalon.core.webui.keyword.internal.WebUIAbstractKeyword.findWebElement(WebUIAbstractKeyword.groovy:27)
	at com.kms.katalon.core.webui.keyword.builtin.ClickKeyword$_click_closure1.doCall(ClickKeyword.groovy:65)
	at com.kms.katalon.core.webui.keyword.builtin.ClickKeyword$_click_closure1.call(ClickKeyword.groovy)
	at com.kms.katalon.core.webui.keyword.internal.WebUIKeywordMain.runKeyword(WebUIKeywordMain.groovy:20)
	... 19 more
"/>
         <system-out><![CDATA[2022-03-29 19:36:04 - [TEST_CASE][FAILED] - Test Cases/1.2-Tareas_Secundarias/A.2-Pruebas_planta_personal/12.2.4-Copiar_perfil_(Puesto_de_Trabajo): Test Cases/1.2-Tareas_Secundarias/A.2-Pruebas_planta_personal/12.2.4-Copiar_perfil_(Puesto_de_Trabajo) FAILED.
Reason:
com.kms.katalon.core.exception.StepFailedException: Unable to click on object 'Object Repository/Modulo Pruebas Planta de Personal/Copiar_perfil_(Puesto_de_Trabajo)/span_40 MIL STAFF'
	at com.kms.katalon.core.webui.keyword.internal.WebUIKeywordMain.stepFailed(WebUIKeywordMain.groovy:64)
	at com.kms.katalon.core.webui.keyword.internal.WebUIKeywordMain.runKeyword(WebUIKeywordMain.groovy:26)
	at com.kms.katalon.core.webui.keyword.builtin.ClickKeyword.click(ClickKeyword.groovy:74)
	at com.kms.katalon.core.webui.keyword.builtin.ClickKeyword.execute(ClickKeyword.groovy:40)
	at com.kms.katalon.core.keyword.internal.KeywordExecutor.executeKeywordForPlatform(KeywordExecutor.groovy:74)
	at com.kms.katalon.core.webui.keyword.WebUiBuiltInKeywords.click(WebUiBuiltInKeywords.groovy:620)
	at com.kms.katalon.core.webui.keyword.WebUiBuiltInKeywords$click$5.call(Unknown Source)
	at 12.2.4-Copiar_perfil_(Puesto_de_Trabajo).run(12.2.4-Copiar_perfil_(Puesto_de_Trabajo):48)
	at com.kms.katalon.core.main.ScriptEngine.run(ScriptEngine.java:194)
	at com.kms.katalon.core.main.ScriptEngine.runScriptAsRawText(ScriptEngine.java:119)
	at com.kms.katalon.core.main.TestCaseExecutor.runScript(TestCaseExecutor.java:442)
	at com.kms.katalon.core.main.TestCaseExecutor.doExecute(TestCaseExecutor.java:433)
	at com.kms.katalon.core.main.TestCaseExecutor.processExecutionPhase(TestCaseExecutor.java:412)
	at com.kms.katalon.core.main.TestCaseExecutor.accessMainPhase(TestCaseExecutor.java:404)
	at com.kms.katalon.core.main.TestCaseExecutor.execute(TestCaseExecutor.java:281)
	at com.kms.katalon.core.main.TestSuiteExecutor.accessTestCaseMainPhase(TestSuiteExecutor.java:202)
	at com.kms.katalon.core.main.TestSuiteExecutor.accessTestSuiteMainPhase(TestSuiteExecutor.java:164)
	at com.kms.katalon.core.main.TestSuiteExecutor.execute(TestSuiteExecutor.java:105)
	at com.kms.katalon.core.main.TestCaseMain.startTestSuite(TestCaseMain.java:185)
	at com.kms.katalon.core.main.TestCaseMain$startTestSuite$0.call(Unknown Source)
	at TempTestSuite1648594435047.run(TempTestSuite1648594435047.groovy:36)
Caused by: com.kms.katalon.core.webui.exception.WebElementNotFoundException: Web element with id: 'Object Repository/Modulo Pruebas Planta de Personal/Copiar_perfil_(Puesto_de_Trabajo)/span_40 MIL STAFF' located by '//*/text()[normalize-space(.)='40 MIL STAFF']/parent::*' not found
	at com.kms.katalon.core.webui.common.WebUiCommonHelper.findWebElement(WebUiCommonHelper.java:1370)
	at com.kms.katalon.core.webui.keyword.internal.WebUIAbstractKeyword.findWebElement(WebUIAbstractKeyword.groovy:27)
	at com.kms.katalon.core.webui.keyword.builtin.ClickKeyword$_click_closure1.doCall(ClickKeyword.groovy:65)
	at com.kms.katalon.core.webui.keyword.builtin.ClickKeyword$_click_closure1.call(ClickKeyword.groovy)
	at com.kms.katalon.core.webui.keyword.internal.WebUIKeywordMain.runKeyword(WebUIKeywordMain.groovy:20)
	... 19 more


2022-03-29 19:36:04 - [TEST_STEP][PASSED] - callTestCase(findTestCase("1.2-Tareas_Secundarias/A.2-Pruebas_planta_personal/12.1.6-Buscar_puesto_de_trabajo"), [:], STOP_ON_FAILURE): Call Test Case 'Test Cases/1.2-Tareas_Secundarias/A.2-Pruebas_planta_personal/12.1.6-Buscar_puesto_de_trabajo' successfully

2022-03-29 19:36:04 - [TEST_CASE][PASSED] - Test Cases/1.2-Tareas_Secundarias/A.2-Pruebas_planta_personal/12.1.6-Buscar_puesto_de_trabajo: Test Cases/1.2-Tareas_Secundarias/A.2-Pruebas_planta_personal/12.1.6-Buscar_puesto_de_trabajo

2022-03-29 19:36:04 - [TEST_STEP][PASSED] - callTestCase(findTestCase("0.1-Login"), [:], STOP_ON_FAILURE): Call Test Case 'Test Cases/0.1-Login' successfully

2022-03-29 19:36:04 - [TEST_CASE][PASSED] - Test Cases/0.1-Login: Test Cases/0.1-Login

2022-03-29 19:36:04 - [TEST_STEP][PASSED] - openBrowser(""): Browser is opened with url: ''

2022-03-29 19:36:04 - [MESSAGE][WARNING] - A browser is already opened. Closing browser and opening a new one

2022-03-29 19:36:05 - [MESSAGE][INFO] - Starting 'Chrome' driver

2022-03-29 19:36:05 - [MESSAGE][INFO] - Action delay is set to 50 milliseconds

2022-03-29 19:36:06 - [MESSAGE][PASSED] - Browser is opened with url: ''

2022-03-29 19:36:06 - [TEST_STEP][PASSED] - maximizeWindow(): Current window maximized

2022-03-29 19:36:06 - [MESSAGE][PASSED] - Current window maximized

2022-03-29 19:36:06 - [TEST_STEP][PASSED] - i = G_Login: null

2022-03-29 19:36:06 - [TEST_STEP][PASSED] - url = new java.net.URL(i): null

2022-03-29 19:36:06 - [TEST_STEP][PASSED] - println("URL: " + url.toString()): null

2022-03-29 19:36:06 - [TEST_STEP][PASSED] - connection = url.openConnection(): null

2022-03-29 19:36:06 - [TEST_STEP][PASSED] - connection.setRequestMethod("GET"): null

2022-03-29 19:36:06 - [TEST_STEP][PASSED] - connection.setReadTimeout(2 * 1000): null

2022-03-29 19:36:06 - [TEST_STEP][PASSED] - try: null

2022-03-29 19:36:06 - [TEST_STEP][PASSED] - connection.connect(): null

2022-03-29 19:36:06 - [TEST_STEP][PASSED] - flag = connected: null

2022-03-29 19:36:06 - [TEST_STEP][PASSED] - println("Valor_ori: " + flag): null

2022-03-29 19:36:06 - [TEST_STEP][PASSED] - if (flag): null

2022-03-29 19:36:06 - [TEST_STEP][PASSED] - navigateToUrl(i): Navigate to 'http://192.168.2.19:8380/saraweb' successfully

2022-03-29 19:36:07 - [MESSAGE][PASSED] - Navigate to 'http://192.168.2.19:8380/saraweb' successfully

2022-03-29 19:36:07 - [TEST_STEP][PASSED] - a(): null

2022-03-29 19:36:07 - [TEST_STEP][PASSED] - setText(findTestObject("Login/input_USUARIO_loginusuario"), G_Usuario): Text 'saraadmin' is set on object 'Object Repository/Login/input_USUARIO_loginusuario'

2022-03-29 19:36:08 - [MESSAGE][PASSED] - Text 'saraadmin' is set on object 'Object Repository/Login/input_USUARIO_loginusuario'

2022-03-29 19:36:08 - [TEST_STEP][PASSED] - setEncryptedText(findTestObject("Login/input_CLAVE_loginpassword"), "MkG4/TYiCFC3cb2driP7+Q=="): Text ****** has been set on object 'Object Repository/Login/input_CLAVE_loginpassword'

2022-03-29 19:36:09 - [MESSAGE][PASSED] - Text ****** has been set on object 'Object Repository/Login/input_CLAVE_loginpassword'

2022-03-29 19:36:09 - [TEST_STEP][PASSED] - waitForElementClickable(findTestObject("Login/a_Ingresar"), G_TimeOut): Object 'Object Repository/Login/a_Ingresar' is clickable

2022-03-29 19:36:09 - [MESSAGE][PASSED] - Object 'Object Repository/Login/a_Ingresar' is clickable

2022-03-29 19:36:09 - [TEST_STEP][PASSED] - click(findTestObject("Login/a_Ingresar")): Object: 'Object Repository/Login/a_Ingresar' is clicked on

2022-03-29 19:36:10 - [MESSAGE][PASSED] - Object: 'Object Repository/Login/a_Ingresar' is clicked on

2022-03-29 19:36:10 - [TEST_STEP][PASSED] - element = findWebElement(findTestObject("Login/a_Ir"), 30): null

2022-03-29 19:36:11 - [TEST_STEP][PASSED] - executeJavaScript("arguments[0].click()", Arrays.asList(element)): Execute JavaScript 'arguments[0].click()' successfully

2022-03-29 19:36:11 - [MESSAGE][PASSED] - Execute JavaScript 'arguments[0].click()' successfully

2022-03-29 19:36:11 - [MESSAGE][PASSED] - Call Test Case 'Test Cases/0.1-Login' successfully

2022-03-29 19:36:11 - [TEST_STEP][PASSED] - setText(findTestObject("input_Empresa 1_form_templatej_idt24_input"), "planta personal (tal)"): Text 'planta personal (tal)' is set on object 'Object Repository/input_Empresa 1_form_templatej_idt24_input'

2022-03-29 19:36:12 - [MESSAGE][PASSED] - Text 'planta personal (tal)' is set on object 'Object Repository/input_Empresa 1_form_templatej_idt24_input'

2022-03-29 19:36:12 - [TEST_STEP][PASSED] - click(findTestObject("Modulo Pruebas Planta de Personal/Buscar_puesto_de_trabajo/span_Planta Personal (ta")): Object: 'Object Repository/Modulo Pruebas Planta de Personal/Buscar_puesto_de_trabajo/span_Planta Personal (ta' is clicked on

2022-03-29 19:36:14 - [MESSAGE][PASSED] - Object: 'Object Repository/Modulo Pruebas Planta de Personal/Buscar_puesto_de_trabajo/span_Planta Personal (ta' is clicked on

2022-03-29 19:36:14 - [TEST_STEP][PASSED] - click(findTestObject("Modulo Pruebas Planta de Personal/Buscar_puesto_de_trabajo/a_Actos Administrativos_organigramabuscar")): Object: 'Object Repository/Modulo Pruebas Planta de Personal/Buscar_puesto_de_trabajo/a_Actos Administrativos_organigramabuscar' is clicked on

2022-03-29 19:36:15 - [MESSAGE][PASSED] - Object: 'Object Repository/Modulo Pruebas Planta de Personal/Buscar_puesto_de_trabajo/a_Actos Administrativos_organigramabuscar' is clicked on

2022-03-29 19:36:15 - [TEST_STEP][PASSED] - selectOptionByIndex(findTestObject("Modulo Pruebas Planta de Personal/Buscar_puesto_de_trabajo/select_--Seleccione--EmpleadoPuesto"), 2): All options with index in [2] are selected on object 'Object Repository/Modulo Pruebas Planta de Personal/Buscar_puesto_de_trabajo/select_--Seleccione--EmpleadoPuesto'

2022-03-29 19:36:16 - [MESSAGE][PASSED] - All options with index in [2] are selected on object 'Object Repository/Modulo Pruebas Planta de Personal/Buscar_puesto_de_trabajo/select_--Seleccione--EmpleadoPuesto'

2022-03-29 19:36:16 - [TEST_STEP][PASSED] - click(findTestObject("Modulo Pruebas Planta de Personal/Buscar_puesto_de_trabajo/a_Cargo_popupBusquedaPlantaj_idt279")): Object: 'Object Repository/Modulo Pruebas Planta de Personal/Buscar_puesto_de_trabajo/a_Cargo_popupBusquedaPlantaj_idt279' is clicked on

2022-03-29 19:36:17 - [MESSAGE][PASSED] - Object: 'Object Repository/Modulo Pruebas Planta de Personal/Buscar_puesto_de_trabajo/a_Cargo_popupBusquedaPlantaj_idt279' is clicked on

2022-03-29 19:36:17 - [TEST_STEP][PASSED] - click(findTestObject("Modulo Pruebas Planta de Personal/Buscar_puesto_de_trabajo/a_Unidad Organizacional_popupBusquedaPlantaj_idt274")): Object: 'Object Repository/Modulo Pruebas Planta de Personal/Buscar_puesto_de_trabajo/a_Unidad Organizacional_popupBusquedaPlantaj_idt274' is clicked on

2022-03-29 19:36:18 - [MESSAGE][PASSED] - Object: 'Object Repository/Modulo Pruebas Planta de Personal/Buscar_puesto_de_trabajo/a_Unidad Organizacional_popupBusquedaPlantaj_idt274' is clicked on

2022-03-29 19:36:18 - [TEST_STEP][PASSED] - setText(findTestObject("Modulo Pruebas Planta de Personal/Buscar_puesto_de_trabajo/input_Unidad_form_popupUnidadUsuarioj_idt880"), "administracion"): Text 'administracion' is set on object 'Object Repository/Modulo Pruebas Planta de Personal/Buscar_puesto_de_trabajo/input_Unidad_form_popupUnidadUsuarioj_idt880'

2022-03-29 19:36:19 - [MESSAGE][PASSED] - Text 'administracion' is set on object 'Object Repository/Modulo Pruebas Planta de Personal/Buscar_puesto_de_trabajo/input_Unidad_form_popupUnidadUsuarioj_idt880'

2022-03-29 19:36:19 - [TEST_STEP][PASSED] - sendKeys(findTestObject("Modulo Pruebas Planta de Personal/Buscar_puesto_de_trabajo/input_Unidad_form_popupUnidadUsuarioj_idt880"), Keys.chord(ENTER)): Keys 'ENTER + ' sent to object: 'Object Repository/Modulo Pruebas Planta de Personal/Buscar_puesto_de_trabajo/input_Unidad_form_popupUnidadUsuarioj_idt880'

2022-03-29 19:36:19 - [MESSAGE][PASSED] - Keys 'ENTER + ' sent to object: 'Object Repository/Modulo Pruebas Planta de Personal/Buscar_puesto_de_trabajo/input_Unidad_form_popupUnidadUsuarioj_idt880'

2022-03-29 19:36:19 - [TEST_STEP][PASSED] - click(findTestObject("Modulo Pruebas Planta de Personal/Buscar_puesto_de_trabajo/span_ADMINISTRACION")): Object: 'Object Repository/Modulo Pruebas Planta de Personal/Buscar_puesto_de_trabajo/span_ADMINISTRACION' is clicked on

2022-03-29 19:36:20 - [MESSAGE][PASSED] - Object: 'Object Repository/Modulo Pruebas Planta de Personal/Buscar_puesto_de_trabajo/span_ADMINISTRACION' is clicked on

2022-03-29 19:36:20 - [TEST_STEP][PASSED] - click(findTestObject("Modulo Pruebas Planta de Personal/Buscar_puesto_de_trabajo/a_Cargo_popupBusquedaPlantaj_idt2790")): Object: 'Object Repository/Modulo Pruebas Planta de Personal/Buscar_puesto_de_trabajo/a_Cargo_popupBusquedaPlantaj_idt2790' is clicked on

2022-03-29 19:36:21 - [MESSAGE][PASSED] - Object: 'Object Repository/Modulo Pruebas Planta de Personal/Buscar_puesto_de_trabajo/a_Cargo_popupBusquedaPlantaj_idt2790' is clicked on

2022-03-29 19:36:21 - [TEST_STEP][PASSED] - click(findTestObject("Modulo Pruebas Planta de Personal/Buscar_puesto_de_trabajo/span_ABOGADO")): Object: 'Object Repository/Modulo Pruebas Planta de Personal/Buscar_puesto_de_trabajo/span_ABOGADO' is clicked on

2022-03-29 19:36:22 - [MESSAGE][PASSED] - Object: 'Object Repository/Modulo Pruebas Planta de Personal/Buscar_puesto_de_trabajo/span_ABOGADO' is clicked on

2022-03-29 19:36:22 - [TEST_STEP][PASSED] - click(findTestObject("Modulo Pruebas Planta de Personal/Buscar_puesto_de_trabajo/span_20139    - Abogado")): Object: 'Object Repository/Modulo Pruebas Planta de Personal/Buscar_puesto_de_trabajo/span_20139    - Abogado' is clicked on

2022-03-29 19:36:22 - [MESSAGE][PASSED] - Object: 'Object Repository/Modulo Pruebas Planta de Personal/Buscar_puesto_de_trabajo/span_20139    - Abogado' is clicked on

2022-03-29 19:36:22 - [TEST_STEP][PASSED] - scrollToElement(findTestObject("Modulo Pruebas Planta de Personal/Buscar_puesto_de_trabajo/span_10308"), 0): Scroll to object 'Object Repository/Modulo Pruebas Planta de Personal/Buscar_puesto_de_trabajo/span_10308' successfully

2022-03-29 19:36:23 - [MESSAGE][WARNING] - Timeout '0' is invalid. Using default page load timeout: '45'

2022-03-29 19:36:23 - [MESSAGE][PASSED] - Scroll to object 'Object Repository/Modulo Pruebas Planta de Personal/Buscar_puesto_de_trabajo/span_10308' successfully

2022-03-29 19:36:23 - [MESSAGE][PASSED] - Call Test Case 'Test Cases/1.2-Tareas_Secundarias/A.2-Pruebas_planta_personal/12.1.6-Buscar_puesto_de_trabajo' successfully

2022-03-29 19:36:23 - [TEST_STEP][PASSED] - click(findTestObject("Modulo Pruebas Planta de Personal/Copiar_perfil_(Puesto_de_Trabajo)/span_20145    - 40 Mil Staff")): Object: 'Object Repository/Modulo Pruebas Planta de Personal/Copiar_perfil_(Puesto_de_Trabajo)/span_20145    - 40 Mil Staff' is clicked on

2022-03-29 19:36:24 - [MESSAGE][PASSED] - Object: 'Object Repository/Modulo Pruebas Planta de Personal/Copiar_perfil_(Puesto_de_Trabajo)/span_20145    - 40 Mil Staff' is clicked on

2022-03-29 19:36:24 - [TEST_STEP][PASSED] - scrollToElement(findTestObject("Modulo Pruebas Planta de Personal/Copiar_perfil_(Puesto_de_Trabajo)/div_Salgado . Paula 40 Mil Staff"), 0): Scroll to object 'Object Repository/Modulo Pruebas Planta de Personal/Copiar_perfil_(Puesto_de_Trabajo)/div_Salgado . Paula 40 Mil Staff' successfully

2022-03-29 19:36:24 - [MESSAGE][WARNING] - Timeout '0' is invalid. Using default page load timeout: '45'

2022-03-29 19:36:25 - [MESSAGE][PASSED] - Scroll to object 'Object Repository/Modulo Pruebas Planta de Personal/Copiar_perfil_(Puesto_de_Trabajo)/div_Salgado . Paula 40 Mil Staff' successfully

2022-03-29 19:36:25 - [TEST_STEP][PASSED] - click(findTestObject("Modulo Pruebas Planta de Personal/Copiar_perfil_(Puesto_de_Trabajo)/a_Salgado . Paula_organigramaj_idt111")): Object: 'Object Repository/Modulo Pruebas Planta de Personal/Copiar_perfil_(Puesto_de_Trabajo)/a_Salgado . Paula_organigramaj_idt111' is clicked on

2022-03-29 19:36:26 - [MESSAGE][PASSED] - Object: 'Object Repository/Modulo Pruebas Planta de Personal/Copiar_perfil_(Puesto_de_Trabajo)/a_Salgado . Paula_organigramaj_idt111' is clicked on

2022-03-29 19:36:26 - [TEST_STEP][PASSED] - if (waitForElementVisible(findTestObject("Modulo Pruebas Planta de Personal/Copiar_perfil_(Puesto_de_Trabajo)/a_Aceptar"), 1)): Web element with id: 'Object Repository/Modulo Pruebas Planta de Personal/Copiar_perfil_(Puesto_de_Trabajo)/a_Aceptar' located by '//a[contains(text(),'Aceptar')]' not found

2022-03-29 19:36:28 - [MESSAGE][INFO] - Unable to find the element located by 'By.xpath: //a[contains(text(),'Aceptar')]'. Please recheck the objects properties to make sure the desired element is located. 

2022-03-29 19:36:28 - [MESSAGE][WARNING] - Web element with id: 'Object Repository/Modulo Pruebas Planta de Personal/Copiar_perfil_(Puesto_de_Trabajo)/a_Aceptar' located by '//a[contains(text(),'Aceptar')]' not found

2022-03-29 19:36:28 - [TEST_STEP][PASSED] - click(findTestObject("Modulo Pruebas Planta de Personal/Copiar_perfil_(Puesto_de_Trabajo)/a_Copiar Perfil")): Object: 'Object Repository/Modulo Pruebas Planta de Personal/Copiar_perfil_(Puesto_de_Trabajo)/a_Copiar Perfil' is clicked on

2022-03-29 19:36:29 - [MESSAGE][PASSED] - Object: 'Object Repository/Modulo Pruebas Planta de Personal/Copiar_perfil_(Puesto_de_Trabajo)/a_Copiar Perfil' is clicked on

2022-03-29 19:36:29 - [TEST_STEP][PASSED] - click(findTestObject("Modulo Pruebas Planta de Personal/Copiar_perfil_(Puesto_de_Trabajo)/a_Unidad Organizacional_popupCopiarPerfilj_idt2011")): Object: 'Object Repository/Modulo Pruebas Planta de Personal/Copiar_perfil_(Puesto_de_Trabajo)/a_Unidad Organizacional_popupCopiarPerfilj_idt2011' is clicked on

2022-03-29 19:36:30 - [MESSAGE][PASSED] - Object: 'Object Repository/Modulo Pruebas Planta de Personal/Copiar_perfil_(Puesto_de_Trabajo)/a_Unidad Organizacional_popupCopiarPerfilj_idt2011' is clicked on

2022-03-29 19:36:30 - [TEST_STEP][PASSED] - setText(findTestObject("Modulo Pruebas Planta de Personal/Copiar_perfil_(Puesto_de_Trabajo)/input_Unidad Organizacional_formPopUpUnidaddescripciones"), "administracion"): Text 'administracion' is set on object 'Object Repository/Modulo Pruebas Planta de Personal/Copiar_perfil_(Puesto_de_Trabajo)/input_Unidad Organizacional_formPopUpUnidaddescripciones'

2022-03-29 19:36:31 - [MESSAGE][PASSED] - Text 'administracion' is set on object 'Object Repository/Modulo Pruebas Planta de Personal/Copiar_perfil_(Puesto_de_Trabajo)/input_Unidad Organizacional_formPopUpUnidaddescripciones'

2022-03-29 19:36:31 - [TEST_STEP][PASSED] - sendKeys(findTestObject("Modulo Pruebas Planta de Personal/Copiar_perfil_(Puesto_de_Trabajo)/input_Unidad Organizacional_formPopUpUnidaddescripciones"), Keys.chord(ENTER)): Keys 'ENTER + ' sent to object: 'Object Repository/Modulo Pruebas Planta de Personal/Copiar_perfil_(Puesto_de_Trabajo)/input_Unidad Organizacional_formPopUpUnidaddescripciones'

2022-03-29 19:36:31 - [MESSAGE][PASSED] - Keys 'ENTER + ' sent to object: 'Object Repository/Modulo Pruebas Planta de Personal/Copiar_perfil_(Puesto_de_Trabajo)/input_Unidad Organizacional_formPopUpUnidaddescripciones'

2022-03-29 19:36:31 - [TEST_STEP][PASSED] - click(findTestObject("Modulo Pruebas Planta de Personal/Copiar_perfil_(Puesto_de_Trabajo)/span_ADMINISTRACION")): Object: 'Object Repository/Modulo Pruebas Planta de Personal/Copiar_perfil_(Puesto_de_Trabajo)/span_ADMINISTRACION' is clicked on

2022-03-29 19:36:32 - [MESSAGE][PASSED] - Object: 'Object Repository/Modulo Pruebas Planta de Personal/Copiar_perfil_(Puesto_de_Trabajo)/span_ADMINISTRACION' is clicked on

2022-03-29 19:36:32 - [TEST_STEP][PASSED] - click(findTestObject("Modulo Pruebas Planta de Personal/Copiar_perfil_(Puesto_de_Trabajo)/a_Cargo_popupCopiarPerfilj_idt2016")): Object: 'Object Repository/Modulo Pruebas Planta de Personal/Copiar_perfil_(Puesto_de_Trabajo)/a_Cargo_popupCopiarPerfilj_idt2016' is clicked on

2022-03-29 19:36:33 - [MESSAGE][PASSED] - Object: 'Object Repository/Modulo Pruebas Planta de Personal/Copiar_perfil_(Puesto_de_Trabajo)/a_Cargo_popupCopiarPerfilj_idt2016' is clicked on

2022-03-29 19:36:33 - [TEST_STEP][FAILED] - click(findTestObject("Modulo Pruebas Planta de Personal/Copiar_perfil_(Puesto_de_Trabajo)/span_40 MIL STAFF")): Unable to click on object 'Object Repository/Modulo Pruebas Planta de Personal/Copiar_perfil_(Puesto_de_Trabajo)/span_40 MIL STAFF' (Root cause: com.kms.katalon.core.exception.StepFailedException: Unable to click on object 'Object Repository/Modulo Pruebas Planta de Personal/Copiar_perfil_(Puesto_de_Trabajo)/span_40 MIL STAFF'
	at com.kms.katalon.core.webui.keyword.internal.WebUIKeywordMain.stepFailed(WebUIKeywordMain.groovy:64)
	at com.kms.katalon.core.webui.keyword.internal.WebUIKeywordMain.runKeyword(WebUIKeywordMain.groovy:26)
	at com.kms.katalon.core.webui.keyword.builtin.ClickKeyword.click(ClickKeyword.groovy:74)
	at com.kms.katalon.core.webui.keyword.builtin.ClickKeyword.execute(ClickKeyword.groovy:40)
	at com.kms.katalon.core.keyword.internal.KeywordExecutor.executeKeywordForPlatform(KeywordExecutor.groovy:74)
	at com.kms.katalon.core.webui.keyword.WebUiBuiltInKeywords.click(WebUiBuiltInKeywords.groovy:620)
	at com.kms.katalon.core.webui.keyword.WebUiBuiltInKeywords$click$5.call(Unknown Source)
	at 12.2.4-Copiar_perfil_(Puesto_de_Trabajo).run(12.2.4-Copiar_perfil_(Puesto_de_Trabajo):48)
	at com.kms.katalon.core.main.ScriptEngine.run(ScriptEngine.java:194)
	at com.kms.katalon.core.main.ScriptEngine.runScriptAsRawText(ScriptEngine.java:119)
	at com.kms.katalon.core.main.TestCaseExecutor.runScript(TestCaseExecutor.java:442)
	at com.kms.katalon.core.main.TestCaseExecutor.doExecute(TestCaseExecutor.java:433)
	at com.kms.katalon.core.main.TestCaseExecutor.processExecutionPhase(TestCaseExecutor.java:412)
	at com.kms.katalon.core.main.TestCaseExecutor.accessMainPhase(TestCaseExecutor.java:404)
	at com.kms.katalon.core.main.TestCaseExecutor.execute(TestCaseExecutor.java:281)
	at com.kms.katalon.core.main.TestSuiteExecutor.accessTestCaseMainPhase(TestSuiteExecutor.java:202)
	at com.kms.katalon.core.main.TestSuiteExecutor.accessTestSuiteMainPhase(TestSuiteExecutor.java:164)
	at com.kms.katalon.core.main.TestSuiteExecutor.execute(TestSuiteExecutor.java:105)
	at com.kms.katalon.core.main.TestCaseMain.startTestSuite(TestCaseMain.java:185)
	at com.kms.katalon.core.main.TestCaseMain$startTestSuite$0.call(Unknown Source)
	at TempTestSuite1648594435047.run(TempTestSuite1648594435047.groovy:36)
Caused by: com.kms.katalon.core.webui.exception.WebElementNotFoundException: Web element with id: 'Object Repository/Modulo Pruebas Planta de Personal/Copiar_perfil_(Puesto_de_Trabajo)/span_40 MIL STAFF' located by '//*/text()[normalize-space(.)='40 MIL STAFF']/parent::*' not found
	at com.kms.katalon.core.webui.common.WebUiCommonHelper.findWebElement(WebUiCommonHelper.java:1370)
	at com.kms.katalon.core.webui.keyword.internal.WebUIAbstractKeyword.findWebElement(WebUIAbstractKeyword.groovy:27)
	at com.kms.katalon.core.webui.keyword.builtin.ClickKeyword$_click_closure1.doCall(ClickKeyword.groovy:65)
	at com.kms.katalon.core.webui.keyword.builtin.ClickKeyword$_click_closure1.call(ClickKeyword.groovy)
	at com.kms.katalon.core.webui.keyword.internal.WebUIKeywordMain.runKeyword(WebUIKeywordMain.groovy:20)
	at com.kms.katalon.core.webui.keyword.builtin.ClickKeyword.click(ClickKeyword.groovy:74)
	at com.kms.katalon.core.webui.keyword.builtin.ClickKeyword.execute(ClickKeyword.groovy:40)
	at com.kms.katalon.core.keyword.internal.KeywordExecutor.executeKeywordForPlatform(KeywordExecutor.groovy:74)
	at com.kms.katalon.core.webui.keyword.WebUiBuiltInKeywords.click(WebUiBuiltInKeywords.groovy:620)
	at com.kms.katalon.core.webui.keyword.WebUiBuiltInKeywords$click$5.call(Unknown Source)
	at Script1648474008076.run(Script1648474008076.groovy:48)
	... 13 more
)

2022-03-29 19:37:19 - [MESSAGE][INFO] - Unable to find the element located by 'By.xpath: //*/text()[normalize-space(.)='40 MIL STAFF']/parent::*'. Please recheck the objects properties to make sure the desired element is located. 

2022-03-29 19:37:19 - [MESSAGE][FAILED] - Unable to click on object 'Object Repository/Modulo Pruebas Planta de Personal/Copiar_perfil_(Puesto_de_Trabajo)/span_40 MIL STAFF' (Root cause: com.kms.katalon.core.exception.StepFailedException: Unable to click on object 'Object Repository/Modulo Pruebas Planta de Personal/Copiar_perfil_(Puesto_de_Trabajo)/span_40 MIL STAFF'
	at com.kms.katalon.core.webui.keyword.internal.WebUIKeywordMain.stepFailed(WebUIKeywordMain.groovy:64)
	at com.kms.katalon.core.webui.keyword.internal.WebUIKeywordMain.runKeyword(WebUIKeywordMain.groovy:26)
	at com.kms.katalon.core.webui.keyword.builtin.ClickKeyword.click(ClickKeyword.groovy:74)
	at com.kms.katalon.core.webui.keyword.builtin.ClickKeyword.execute(ClickKeyword.groovy:40)
	at com.kms.katalon.core.keyword.internal.KeywordExecutor.executeKeywordForPlatform(KeywordExecutor.groovy:74)
	at com.kms.katalon.core.webui.keyword.WebUiBuiltInKeywords.click(WebUiBuiltInKeywords.groovy:620)
	at com.kms.katalon.core.webui.keyword.WebUiBuiltInKeywords$click$5.call(Unknown Source)
	at 12.2.4-Copiar_perfil_(Puesto_de_Trabajo).run(12.2.4-Copiar_perfil_(Puesto_de_Trabajo):48)
	at com.kms.katalon.core.main.ScriptEngine.run(ScriptEngine.java:194)
	at com.kms.katalon.core.main.ScriptEngine.runScriptAsRawText(ScriptEngine.java:119)
	at com.kms.katalon.core.main.TestCaseExecutor.runScript(TestCaseExecutor.java:442)
	at com.kms.katalon.core.main.TestCaseExecutor.doExecute(TestCaseExecutor.java:433)
	at com.kms.katalon.core.main.TestCaseExecutor.processExecutionPhase(TestCaseExecutor.java:412)
	at com.kms.katalon.core.main.TestCaseExecutor.accessMainPhase(TestCaseExecutor.java:404)
	at com.kms.katalon.core.main.TestCaseExecutor.execute(TestCaseExecutor.java:281)
	at com.kms.katalon.core.main.TestSuiteExecutor.accessTestCaseMainPhase(TestSuiteExecutor.java:202)
	at com.kms.katalon.core.main.TestSuiteExecutor.accessTestSuiteMainPhase(TestSuiteExecutor.java:164)
	at com.kms.katalon.core.main.TestSuiteExecutor.execute(TestSuiteExecutor.java:105)
	at com.kms.katalon.core.main.TestCaseMain.startTestSuite(TestCaseMain.java:185)
	at com.kms.katalon.core.main.TestCaseMain$startTestSuite$0.call(Unknown Source)
	at TempTestSuite1648594435047.run(TempTestSuite1648594435047.groovy:36)
Caused by: com.kms.katalon.core.webui.exception.WebElementNotFoundException: Web element with id: 'Object Repository/Modulo Pruebas Planta de Personal/Copiar_perfil_(Puesto_de_Trabajo)/span_40 MIL STAFF' located by '//*/text()[normalize-space(.)='40 MIL STAFF']/parent::*' not found
	at com.kms.katalon.core.webui.common.WebUiCommonHelper.findWebElement(WebUiCommonHelper.java:1370)
	at com.kms.katalon.core.webui.keyword.internal.WebUIAbstractKeyword.findWebElement(WebUIAbstractKeyword.groovy:27)
	at com.kms.katalon.core.webui.keyword.builtin.ClickKeyword$_click_closure1.doCall(ClickKeyword.groovy:65)
	at com.kms.katalon.core.webui.keyword.builtin.ClickKeyword$_click_closure1.call(ClickKeyword.groovy)
	at com.kms.katalon.core.webui.keyword.internal.WebUIKeywordMain.runKeyword(WebUIKeywordMain.groovy:20)
	at com.kms.katalon.core.webui.keyword.builtin.ClickKeyword.click(ClickKeyword.groovy:74)
	at com.kms.katalon.core.webui.keyword.builtin.ClickKeyword.execute(ClickKeyword.groovy:40)
	at com.kms.katalon.core.keyword.internal.KeywordExecutor.executeKeywordForPlatform(KeywordExecutor.groovy:74)
	at com.kms.katalon.core.webui.keyword.WebUiBuiltInKeywords.click(WebUiBuiltInKeywords.groovy:620)
	at com.kms.katalon.core.webui.keyword.WebUiBuiltInKeywords$click$5.call(Unknown Source)
	at Script1648474008076.run(Script1648474008076.groovy:48)
	... 13 more
)
[[ATTACHMENT|C:\\Users\\diego.rojas\\git\\Pruebas-Minimas\\Reports\\20220329_175344\\Test_Suite_Secundaria\\1-Tareas_secundarias\\20220329_175355\\1648600639660.png]]]]></system-out>
         <system-err><![CDATA[2022-03-29 19:36:04 - [TEST_CASE][FAILED] - Test Cases/1.2-Tareas_Secundarias/A.2-Pruebas_planta_personal/12.2.4-Copiar_perfil_(Puesto_de_Trabajo): Test Cases/1.2-Tareas_Secundarias/A.2-Pruebas_planta_personal/12.2.4-Copiar_perfil_(Puesto_de_Trabajo) FAILED.
Reason:
com.kms.katalon.core.exception.StepFailedException: Unable to click on object 'Object Repository/Modulo Pruebas Planta de Personal/Copiar_perfil_(Puesto_de_Trabajo)/span_40 MIL STAFF'
	at com.kms.katalon.core.webui.keyword.internal.WebUIKeywordMain.stepFailed(WebUIKeywordMain.groovy:64)
	at com.kms.katalon.core.webui.keyword.internal.WebUIKeywordMain.runKeyword(WebUIKeywordMain.groovy:26)
	at com.kms.katalon.core.webui.keyword.builtin.ClickKeyword.click(ClickKeyword.groovy:74)
	at com.kms.katalon.core.webui.keyword.builtin.ClickKeyword.execute(ClickKeyword.groovy:40)
	at com.kms.katalon.core.keyword.internal.KeywordExecutor.executeKeywordForPlatform(KeywordExecutor.groovy:74)
	at com.kms.katalon.core.webui.keyword.WebUiBuiltInKeywords.click(WebUiBuiltInKeywords.groovy:620)
	at com.kms.katalon.core.webui.keyword.WebUiBuiltInKeywords$click$5.call(Unknown Source)
	at 12.2.4-Copiar_perfil_(Puesto_de_Trabajo).run(12.2.4-Copiar_perfil_(Puesto_de_Trabajo):48)
	at com.kms.katalon.core.main.ScriptEngine.run(ScriptEngine.java:194)
	at com.kms.katalon.core.main.ScriptEngine.runScriptAsRawText(ScriptEngine.java:119)
	at com.kms.katalon.core.main.TestCaseExecutor.runScript(TestCaseExecutor.java:442)
	at com.kms.katalon.core.main.TestCaseExecutor.doExecute(TestCaseExecutor.java:433)
	at com.kms.katalon.core.main.TestCaseExecutor.processExecutionPhase(TestCaseExecutor.java:412)
	at com.kms.katalon.core.main.TestCaseExecutor.accessMainPhase(TestCaseExecutor.java:404)
	at com.kms.katalon.core.main.TestCaseExecutor.execute(TestCaseExecutor.java:281)
	at com.kms.katalon.core.main.TestSuiteExecutor.accessTestCaseMainPhase(TestSuiteExecutor.java:202)
	at com.kms.katalon.core.main.TestSuiteExecutor.accessTestSuiteMainPhase(TestSuiteExecutor.java:164)
	at com.kms.katalon.core.main.TestSuiteExecutor.execute(TestSuiteExecutor.java:105)
	at com.kms.katalon.core.main.TestCaseMain.startTestSuite(TestCaseMain.java:185)
	at com.kms.katalon.core.main.TestCaseMain$startTestSuite$0.call(Unknown Source)
	at TempTestSuite1648594435047.run(TempTestSuite1648594435047.groovy:36)
Caused by: com.kms.katalon.core.webui.exception.WebElementNotFoundException: Web element with id: 'Object Repository/Modulo Pruebas Planta de Personal/Copiar_perfil_(Puesto_de_Trabajo)/span_40 MIL STAFF' located by '//*/text()[normalize-space(.)='40 MIL STAFF']/parent::*' not found
	at com.kms.katalon.core.webui.common.WebUiCommonHelper.findWebElement(WebUiCommonHelper.java:1370)
	at com.kms.katalon.core.webui.keyword.internal.WebUIAbstractKeyword.findWebElement(WebUIAbstractKeyword.groovy:27)
	at com.kms.katalon.core.webui.keyword.builtin.ClickKeyword$_click_closure1.doCall(ClickKeyword.groovy:65)
	at com.kms.katalon.core.webui.keyword.builtin.ClickKeyword$_click_closure1.call(ClickKeyword.groovy)
	at com.kms.katalon.core.webui.keyword.internal.WebUIKeywordMain.runKeyword(WebUIKeywordMain.groovy:20)
	... 19 more]]></system-err>
      </testcase>
      <testcase name="Test Cases/1.2-Tareas_Secundarias/A.2-Pruebas_planta_personal/12.2.5-Crear_descripción_del_cargo_(Puesto_Trabajo_Múltiple)" time="25.81" classname="Test Cases/1.2-Tareas_Secundarias/A.2-Pruebas_planta_personal/12.2.5-Crear_descripción_del_cargo_(Puesto_Trabajo_Múltiple)" status="PASSED">
         <system-out><![CDATA[2022-03-29 19:37:19 - [TEST_CASE][PASSED] - Test Cases/1.2-Tareas_Secundarias/A.2-Pruebas_planta_personal/12.2.5-Crear_descripción_del_cargo_(Puesto_Trabajo_Múltiple): Test Cases/1.2-Tareas_Secundarias/A.2-Pruebas_planta_personal/12.2.5-Crear_descripción_del_cargo_(Puesto_Trabajo_Múltiple)

2022-03-29 19:37:20 - [TEST_STEP][PASSED] - callTestCase(findTestCase("1.2-Tareas_Secundarias/A.2-Pruebas_planta_personal/12.2.3-Crear_descripción_del_cargo_(PUESTO_TRABAJO_MULTIPLE)"), [:], STOP_ON_FAILURE): Call Test Case 'Test Cases/1.2-Tareas_Secundarias/A.2-Pruebas_planta_personal/12.2.3-Crear_descripción_del_cargo_(PUESTO_TRABAJO_MULTIPLE)' successfully

2022-03-29 19:37:20 - [TEST_CASE][PASSED] - Test Cases/1.2-Tareas_Secundarias/A.2-Pruebas_planta_personal/12.2.3-Crear_descripción_del_cargo_(PUESTO_TRABAJO_MULTIPLE): Test Cases/1.2-Tareas_Secundarias/A.2-Pruebas_planta_personal/12.2.3-Crear_descripción_del_cargo_(PUESTO_TRABAJO_MULTIPLE)

2022-03-29 19:37:20 - [TEST_STEP][PASSED] - callTestCase(findTestCase("0.1-Login"), [:], STOP_ON_FAILURE): Call Test Case 'Test Cases/0.1-Login' successfully

2022-03-29 19:37:20 - [TEST_CASE][PASSED] - Test Cases/0.1-Login: Test Cases/0.1-Login

2022-03-29 19:37:20 - [TEST_STEP][PASSED] - openBrowser(""): Browser is opened with url: ''

2022-03-29 19:37:20 - [MESSAGE][WARNING] - A browser is already opened. Closing browser and opening a new one

2022-03-29 19:37:21 - [MESSAGE][INFO] - Starting 'Chrome' driver

2022-03-29 19:37:21 - [MESSAGE][INFO] - Action delay is set to 50 milliseconds

2022-03-29 19:37:22 - [MESSAGE][PASSED] - Browser is opened with url: ''

2022-03-29 19:37:22 - [TEST_STEP][PASSED] - maximizeWindow(): Current window maximized

2022-03-29 19:37:22 - [MESSAGE][PASSED] - Current window maximized

2022-03-29 19:37:22 - [TEST_STEP][PASSED] - i = G_Login: null

2022-03-29 19:37:22 - [TEST_STEP][PASSED] - url = new java.net.URL(i): null

2022-03-29 19:37:22 - [TEST_STEP][PASSED] - println("URL: " + url.toString()): null

2022-03-29 19:37:22 - [TEST_STEP][PASSED] - connection = url.openConnection(): null

2022-03-29 19:37:22 - [TEST_STEP][PASSED] - connection.setRequestMethod("GET"): null

2022-03-29 19:37:22 - [TEST_STEP][PASSED] - connection.setReadTimeout(2 * 1000): null

2022-03-29 19:37:22 - [TEST_STEP][PASSED] - try: null

2022-03-29 19:37:22 - [TEST_STEP][PASSED] - connection.connect(): null

2022-03-29 19:37:22 - [TEST_STEP][PASSED] - flag = connected: null

2022-03-29 19:37:22 - [TEST_STEP][PASSED] - println("Valor_ori: " + flag): null

2022-03-29 19:37:22 - [TEST_STEP][PASSED] - if (flag): null

2022-03-29 19:37:22 - [TEST_STEP][PASSED] - navigateToUrl(i): Navigate to 'http://192.168.2.19:8380/saraweb' successfully

2022-03-29 19:37:23 - [MESSAGE][PASSED] - Navigate to 'http://192.168.2.19:8380/saraweb' successfully

2022-03-29 19:37:23 - [TEST_STEP][PASSED] - a(): null

2022-03-29 19:37:23 - [TEST_STEP][PASSED] - setText(findTestObject("Login/input_USUARIO_loginusuario"), G_Usuario): Text 'saraadmin' is set on object 'Object Repository/Login/input_USUARIO_loginusuario'

2022-03-29 19:37:24 - [MESSAGE][PASSED] - Text 'saraadmin' is set on object 'Object Repository/Login/input_USUARIO_loginusuario'

2022-03-29 19:37:24 - [TEST_STEP][PASSED] - setEncryptedText(findTestObject("Login/input_CLAVE_loginpassword"), "MkG4/TYiCFC3cb2driP7+Q=="): Text ****** has been set on object 'Object Repository/Login/input_CLAVE_loginpassword'

2022-03-29 19:37:24 - [MESSAGE][PASSED] - Text ****** has been set on object 'Object Repository/Login/input_CLAVE_loginpassword'

2022-03-29 19:37:24 - [TEST_STEP][PASSED] - waitForElementClickable(findTestObject("Login/a_Ingresar"), G_TimeOut): Object 'Object Repository/Login/a_Ingresar' is clickable

2022-03-29 19:37:25 - [MESSAGE][PASSED] - Object 'Object Repository/Login/a_Ingresar' is clickable

2022-03-29 19:37:25 - [TEST_STEP][PASSED] - click(findTestObject("Login/a_Ingresar")): Object: 'Object Repository/Login/a_Ingresar' is clicked on

2022-03-29 19:37:26 - [MESSAGE][PASSED] - Object: 'Object Repository/Login/a_Ingresar' is clicked on

2022-03-29 19:37:26 - [TEST_STEP][PASSED] - element = findWebElement(findTestObject("Login/a_Ir"), 30): null

2022-03-29 19:37:27 - [TEST_STEP][PASSED] - executeJavaScript("arguments[0].click()", Arrays.asList(element)): Execute JavaScript 'arguments[0].click()' successfully

2022-03-29 19:37:27 - [MESSAGE][PASSED] - Execute JavaScript 'arguments[0].click()' successfully

2022-03-29 19:37:27 - [MESSAGE][PASSED] - Call Test Case 'Test Cases/0.1-Login' successfully

2022-03-29 19:37:27 - [TEST_STEP][PASSED] - setText(findTestObject("Modulo Pruebas Planta de Personal/Crear_descripción_del_cargo(Puesto_trabajo_multiple)/input_Empresa 1_form_templatej_idt24_input"), "Listado Descripcion Cargo (tal)"): Text 'Listado Descripcion Cargo (tal)' is set on object 'Object Repository/Modulo Pruebas Planta de Personal/Crear_descripción_del_cargo(Puesto_trabajo_multiple)/input_Empresa 1_form_templatej_idt24_input'

2022-03-29 19:37:28 - [MESSAGE][PASSED] - Text 'Listado Descripcion Cargo (tal)' is set on object 'Object Repository/Modulo Pruebas Planta de Personal/Crear_descripción_del_cargo(Puesto_trabajo_multiple)/input_Empresa 1_form_templatej_idt24_input'

2022-03-29 19:37:28 - [TEST_STEP][PASSED] - click(findTestObject("Modulo Pruebas Planta de Personal/Crear_descripción_del_cargo(Puesto_trabajo_multiple)/li_Listado Descripcion Cargo (tal)")): Object: 'Object Repository/Modulo Pruebas Planta de Personal/Crear_descripción_del_cargo(Puesto_trabajo_multiple)/li_Listado Descripcion Cargo (tal)' is clicked on

2022-03-29 19:37:29 - [MESSAGE][PASSED] - Object: 'Object Repository/Modulo Pruebas Planta de Personal/Crear_descripción_del_cargo(Puesto_trabajo_multiple)/li_Listado Descripcion Cargo (tal)' is clicked on

2022-03-29 19:37:29 - [TEST_STEP][PASSED] - click(findTestObject("Modulo Pruebas Planta de Personal/Crear_descripción_del_cargo(Puesto_trabajo_multiple)/a_Nuevo")): Object: 'Object Repository/Modulo Pruebas Planta de Personal/Crear_descripción_del_cargo(Puesto_trabajo_multiple)/a_Nuevo' is clicked on

2022-03-29 19:37:30 - [MESSAGE][PASSED] - Object: 'Object Repository/Modulo Pruebas Planta de Personal/Crear_descripción_del_cargo(Puesto_trabajo_multiple)/a_Nuevo' is clicked on

2022-03-29 19:37:30 - [TEST_STEP][PASSED] - click(findTestObject("Modulo Pruebas Planta de Personal/Crear_descripción_del_cargo(Puesto_trabajo_multiple)/a_Unidad Organizacional_form_listadoDescripcionCargoj_idt115")): Object: 'Object Repository/Modulo Pruebas Planta de Personal/Crear_descripción_del_cargo(Puesto_trabajo_multiple)/a_Unidad Organizacional_form_listadoDescripcionCargoj_idt115' is clicked on

2022-03-29 19:37:31 - [MESSAGE][PASSED] - Object: 'Object Repository/Modulo Pruebas Planta de Personal/Crear_descripción_del_cargo(Puesto_trabajo_multiple)/a_Unidad Organizacional_form_listadoDescripcionCargoj_idt115' is clicked on

2022-03-29 19:37:31 - [TEST_STEP][PASSED] - setText(findTestObject("Modulo Pruebas Planta de Personal/Crear_descripción_del_cargo(Puesto_trabajo_multiple)/input_Unidad_form_popupUnidadUsuarioj_idt612"), "ADMINISTRACION"): Text 'ADMINISTRACION' is set on object 'Object Repository/Modulo Pruebas Planta de Personal/Crear_descripción_del_cargo(Puesto_trabajo_multiple)/input_Unidad_form_popupUnidadUsuarioj_idt612'

2022-03-29 19:37:33 - [MESSAGE][PASSED] - Text 'ADMINISTRACION' is set on object 'Object Repository/Modulo Pruebas Planta de Personal/Crear_descripción_del_cargo(Puesto_trabajo_multiple)/input_Unidad_form_popupUnidadUsuarioj_idt612'

2022-03-29 19:37:33 - [TEST_STEP][PASSED] - sendKeys(findTestObject("Modulo Pruebas Planta de Personal/Crear_descripción_del_cargo(Puesto_trabajo_multiple)/input_Unidad_form_popupUnidadUsuarioj_idt612"), Keys.chord(ENTER)): Keys 'ENTER + ' sent to object: 'Object Repository/Modulo Pruebas Planta de Personal/Crear_descripción_del_cargo(Puesto_trabajo_multiple)/input_Unidad_form_popupUnidadUsuarioj_idt612'

2022-03-29 19:37:33 - [MESSAGE][PASSED] - Keys 'ENTER + ' sent to object: 'Object Repository/Modulo Pruebas Planta de Personal/Crear_descripción_del_cargo(Puesto_trabajo_multiple)/input_Unidad_form_popupUnidadUsuarioj_idt612'

2022-03-29 19:37:33 - [TEST_STEP][PASSED] - click(findTestObject("Modulo Pruebas Planta de Personal/Crear_descripción_del_cargo(Puesto_trabajo_multiple)/span_ADMINISTRACION")): Object: 'Object Repository/Modulo Pruebas Planta de Personal/Crear_descripción_del_cargo(Puesto_trabajo_multiple)/span_ADMINISTRACION' is clicked on

2022-03-29 19:37:34 - [MESSAGE][PASSED] - Object: 'Object Repository/Modulo Pruebas Planta de Personal/Crear_descripción_del_cargo(Puesto_trabajo_multiple)/span_ADMINISTRACION' is clicked on

2022-03-29 19:37:34 - [TEST_STEP][PASSED] - click(findTestObject("Modulo Pruebas Planta de Personal/Crear_descripción_del_cargo(Puesto_trabajo_multiple)/a_Cargo_form_listadoDescripcionCargoj_idt120")): Object: 'Object Repository/Modulo Pruebas Planta de Personal/Crear_descripción_del_cargo(Puesto_trabajo_multiple)/a_Cargo_form_listadoDescripcionCargoj_idt120' is clicked on

2022-03-29 19:37:35 - [MESSAGE][PASSED] - Object: 'Object Repository/Modulo Pruebas Planta de Personal/Crear_descripción_del_cargo(Puesto_trabajo_multiple)/a_Cargo_form_listadoDescripcionCargoj_idt120' is clicked on

2022-03-29 19:37:35 - [TEST_STEP][PASSED] - click(findTestObject("Modulo Pruebas Planta de Personal/Crear_descripción_del_cargo(Puesto_trabajo_multiple)/span_ABOGADO")): Object: 'Object Repository/Modulo Pruebas Planta de Personal/Crear_descripción_del_cargo(Puesto_trabajo_multiple)/span_ABOGADO' is clicked on

2022-03-29 19:37:36 - [MESSAGE][PASSED] - Object: 'Object Repository/Modulo Pruebas Planta de Personal/Crear_descripción_del_cargo(Puesto_trabajo_multiple)/span_ABOGADO' is clicked on

2022-03-29 19:37:36 - [TEST_STEP][PASSED] - click(findTestObject("Modulo Pruebas Planta de Personal/Crear_descripción_del_cargo(Puesto_trabajo_multiple)/span_20139    - Abogado")): Object: 'Object Repository/Modulo Pruebas Planta de Personal/Crear_descripción_del_cargo(Puesto_trabajo_multiple)/span_20139    - Abogado' is clicked on

2022-03-29 19:37:36 - [MESSAGE][PASSED] - Object: 'Object Repository/Modulo Pruebas Planta de Personal/Crear_descripción_del_cargo(Puesto_trabajo_multiple)/span_20139    - Abogado' is clicked on

2022-03-29 19:37:36 - [TEST_STEP][PASSED] - setText(findTestObject("Modulo Pruebas Planta de Personal/Crear_descripción_del_cargo(Puesto_trabajo_multiple)/input__descripcionCargo_formj_idt7270fecha_input"), "01/07/2021"): Text '01/07/2021' is set on object 'Object Repository/Modulo Pruebas Planta de Personal/Crear_descripción_del_cargo(Puesto_trabajo_multiple)/input__descripcionCargo_formj_idt7270fecha_input'

2022-03-29 19:37:38 - [MESSAGE][PASSED] - Text '01/07/2021' is set on object 'Object Repository/Modulo Pruebas Planta de Personal/Crear_descripción_del_cargo(Puesto_trabajo_multiple)/input__descripcionCargo_formj_idt7270fecha_input'

2022-03-29 19:37:38 - [TEST_STEP][PASSED] - setText(findTestObject("Modulo Pruebas Planta de Personal/Crear_descripción_del_cargo(Puesto_trabajo_multiple)/textarea__descripcionCargo_formj_idt7272idTexto5"), "pruebas katalon"): Text 'pruebas katalon' is set on object 'Object Repository/Modulo Pruebas Planta de Personal/Crear_descripción_del_cargo(Puesto_trabajo_multiple)/textarea__descripcionCargo_formj_idt7272idTexto5'

2022-03-29 19:37:39 - [MESSAGE][PASSED] - Text 'pruebas katalon' is set on object 'Object Repository/Modulo Pruebas Planta de Personal/Crear_descripción_del_cargo(Puesto_trabajo_multiple)/textarea__descripcionCargo_formj_idt7272idTexto5'

2022-03-29 19:37:39 - [TEST_STEP][PASSED] - setText(findTestObject("Modulo Pruebas Planta de Personal/Crear_descripción_del_cargo(Puesto_trabajo_multiple)/textarea__descripcionCargo_formj_idt7274idTexto5"), "pruebas katalon"): Text 'pruebas katalon' is set on object 'Object Repository/Modulo Pruebas Planta de Personal/Crear_descripción_del_cargo(Puesto_trabajo_multiple)/textarea__descripcionCargo_formj_idt7274idTexto5'

2022-03-29 19:37:40 - [MESSAGE][PASSED] - Text 'pruebas katalon' is set on object 'Object Repository/Modulo Pruebas Planta de Personal/Crear_descripción_del_cargo(Puesto_trabajo_multiple)/textarea__descripcionCargo_formj_idt7274idTexto5'

2022-03-29 19:37:40 - [TEST_STEP][PASSED] - setText(findTestObject("Modulo Pruebas Planta de Personal/Crear_descripción_del_cargo(Puesto_trabajo_multiple)/textarea__descripcionCargo_formj_idt7276idTexto5"), "pruebas katalon"): Text 'pruebas katalon' is set on object 'Object Repository/Modulo Pruebas Planta de Personal/Crear_descripción_del_cargo(Puesto_trabajo_multiple)/textarea__descripcionCargo_formj_idt7276idTexto5'

2022-03-29 19:37:41 - [MESSAGE][PASSED] - Text 'pruebas katalon' is set on object 'Object Repository/Modulo Pruebas Planta de Personal/Crear_descripción_del_cargo(Puesto_trabajo_multiple)/textarea__descripcionCargo_formj_idt7276idTexto5'

2022-03-29 19:37:41 - [TEST_STEP][PASSED] - setText(findTestObject("Modulo Pruebas Planta de Personal/Crear_descripción_del_cargo(Puesto_trabajo_multiple)/textarea__descripcionCargo_formj_idt7277idTexto5"), "pruebas katalon"): Text 'pruebas katalon' is set on object 'Object Repository/Modulo Pruebas Planta de Personal/Crear_descripción_del_cargo(Puesto_trabajo_multiple)/textarea__descripcionCargo_formj_idt7277idTexto5'

2022-03-29 19:37:42 - [MESSAGE][PASSED] - Text 'pruebas katalon' is set on object 'Object Repository/Modulo Pruebas Planta de Personal/Crear_descripción_del_cargo(Puesto_trabajo_multiple)/textarea__descripcionCargo_formj_idt7277idTexto5'

2022-03-29 19:37:42 - [TEST_STEP][PASSED] - click(findTestObject("Modulo Pruebas Planta de Personal/Crear_descripción_del_cargo(Puesto_trabajo_multiple)/a_Guardar")): Object: 'Object Repository/Modulo Pruebas Planta de Personal/Crear_descripción_del_cargo(Puesto_trabajo_multiple)/a_Guardar' is clicked on

2022-03-29 19:37:43 - [MESSAGE][PASSED] - Object: 'Object Repository/Modulo Pruebas Planta de Personal/Crear_descripción_del_cargo(Puesto_trabajo_multiple)/a_Guardar' is clicked on

2022-03-29 19:37:43 - [TEST_STEP][PASSED] - if (waitForElementVisible(findTestObject("Modulo Pruebas Planta de Personal/Crear_descripción_del_cargo(Puesto_trabajo_multiple)/a_Definir_Perfil"), 1)): Web element with id: 'Object Repository/Modulo Pruebas Planta de Personal/Crear_descripción_del_cargo(Puesto_trabajo_multiple)/a_Definir_Perfil' located by '//a[contains(text(),'Definir Perfil')]' not found

2022-03-29 19:37:45 - [MESSAGE][INFO] - Unable to find the element located by 'By.xpath: //a[contains(text(),'Definir Perfil')]'. Please recheck the objects properties to make sure the desired element is located. 

2022-03-29 19:37:45 - [MESSAGE][WARNING] - Web element with id: 'Object Repository/Modulo Pruebas Planta de Personal/Crear_descripción_del_cargo(Puesto_trabajo_multiple)/a_Definir_Perfil' located by '//a[contains(text(),'Definir Perfil')]' not found

2022-03-29 19:37:45 - [MESSAGE][PASSED] - Call Test Case 'Test Cases/1.2-Tareas_Secundarias/A.2-Pruebas_planta_personal/12.2.3-Crear_descripción_del_cargo_(PUESTO_TRABAJO_MULTIPLE)' successfully]]></system-out>
         <system-err><![CDATA[]]></system-err>
      </testcase>
      <testcase name="Test Cases/1.2-Tareas_Secundarias/A.2-Pruebas_planta_personal/12.2.6-Definir_perfil" time="61.254" classname="Test Cases/1.2-Tareas_Secundarias/A.2-Pruebas_planta_personal/12.2.6-Definir_perfil" status="FAILED">
         <failure type="FAILED" message="Test Cases/1.2-Tareas_Secundarias/A.2-Pruebas_planta_personal/12.2.6-Definir_perfil FAILED.
Reason:
com.kms.katalon.core.exception.StepFailedException: Unable to click on object 'Object Repository/Modulo Pruebas Planta de Personal/Definir_perfil/span_01072021'
	at com.kms.katalon.core.webui.keyword.internal.WebUIKeywordMain.stepFailed(WebUIKeywordMain.groovy:64)
	at com.kms.katalon.core.webui.keyword.internal.WebUIKeywordMain.runKeyword(WebUIKeywordMain.groovy:26)
	at com.kms.katalon.core.webui.keyword.builtin.ClickKeyword.click(ClickKeyword.groovy:74)
	at com.kms.katalon.core.webui.keyword.builtin.ClickKeyword.execute(ClickKeyword.groovy:40)
	at com.kms.katalon.core.keyword.internal.KeywordExecutor.executeKeywordForPlatform(KeywordExecutor.groovy:74)
	at com.kms.katalon.core.webui.keyword.WebUiBuiltInKeywords.click(WebUiBuiltInKeywords.groovy:620)
	at com.kms.katalon.core.webui.keyword.WebUiBuiltInKeywords$click$5.call(Unknown Source)
	at 12.2.6-Definir_perfil.run(12.2.6-Definir_perfil:41)
	at com.kms.katalon.core.main.ScriptEngine.run(ScriptEngine.java:194)
	at com.kms.katalon.core.main.ScriptEngine.runScriptAsRawText(ScriptEngine.java:119)
	at com.kms.katalon.core.main.TestCaseExecutor.runScript(TestCaseExecutor.java:442)
	at com.kms.katalon.core.main.TestCaseExecutor.doExecute(TestCaseExecutor.java:433)
	at com.kms.katalon.core.main.TestCaseExecutor.processExecutionPhase(TestCaseExecutor.java:412)
	at com.kms.katalon.core.main.TestCaseExecutor.accessMainPhase(TestCaseExecutor.java:404)
	at com.kms.katalon.core.main.TestCaseExecutor.execute(TestCaseExecutor.java:281)
	at com.kms.katalon.core.main.TestSuiteExecutor.accessTestCaseMainPhase(TestSuiteExecutor.java:202)
	at com.kms.katalon.core.main.TestSuiteExecutor.accessTestSuiteMainPhase(TestSuiteExecutor.java:164)
	at com.kms.katalon.core.main.TestSuiteExecutor.execute(TestSuiteExecutor.java:105)
	at com.kms.katalon.core.main.TestCaseMain.startTestSuite(TestCaseMain.java:185)
	at com.kms.katalon.core.main.TestCaseMain$startTestSuite$0.call(Unknown Source)
	at TempTestSuite1648594435047.run(TempTestSuite1648594435047.groovy:36)
Caused by: com.kms.katalon.core.webui.exception.WebElementNotFoundException: Web element with id: 'Object Repository/Modulo Pruebas Planta de Personal/Definir_perfil/span_01072021' located by '//*/text()[normalize-space(.)='01/07/2021']/parent::*' not found
	at com.kms.katalon.core.webui.common.WebUiCommonHelper.findWebElement(WebUiCommonHelper.java:1370)
	at com.kms.katalon.core.webui.keyword.internal.WebUIAbstractKeyword.findWebElement(WebUIAbstractKeyword.groovy:27)
	at com.kms.katalon.core.webui.keyword.builtin.ClickKeyword$_click_closure1.doCall(ClickKeyword.groovy:65)
	at com.kms.katalon.core.webui.keyword.builtin.ClickKeyword$_click_closure1.call(ClickKeyword.groovy)
	at com.kms.katalon.core.webui.keyword.internal.WebUIKeywordMain.runKeyword(WebUIKeywordMain.groovy:20)
	... 19 more
"/>
         <system-out><![CDATA[2022-03-29 19:37:45 - [TEST_CASE][FAILED] - Test Cases/1.2-Tareas_Secundarias/A.2-Pruebas_planta_personal/12.2.6-Definir_perfil: Test Cases/1.2-Tareas_Secundarias/A.2-Pruebas_planta_personal/12.2.6-Definir_perfil FAILED.
Reason:
com.kms.katalon.core.exception.StepFailedException: Unable to click on object 'Object Repository/Modulo Pruebas Planta de Personal/Definir_perfil/span_01072021'
	at com.kms.katalon.core.webui.keyword.internal.WebUIKeywordMain.stepFailed(WebUIKeywordMain.groovy:64)
	at com.kms.katalon.core.webui.keyword.internal.WebUIKeywordMain.runKeyword(WebUIKeywordMain.groovy:26)
	at com.kms.katalon.core.webui.keyword.builtin.ClickKeyword.click(ClickKeyword.groovy:74)
	at com.kms.katalon.core.webui.keyword.builtin.ClickKeyword.execute(ClickKeyword.groovy:40)
	at com.kms.katalon.core.keyword.internal.KeywordExecutor.executeKeywordForPlatform(KeywordExecutor.groovy:74)
	at com.kms.katalon.core.webui.keyword.WebUiBuiltInKeywords.click(WebUiBuiltInKeywords.groovy:620)
	at com.kms.katalon.core.webui.keyword.WebUiBuiltInKeywords$click$5.call(Unknown Source)
	at 12.2.6-Definir_perfil.run(12.2.6-Definir_perfil:41)
	at com.kms.katalon.core.main.ScriptEngine.run(ScriptEngine.java:194)
	at com.kms.katalon.core.main.ScriptEngine.runScriptAsRawText(ScriptEngine.java:119)
	at com.kms.katalon.core.main.TestCaseExecutor.runScript(TestCaseExecutor.java:442)
	at com.kms.katalon.core.main.TestCaseExecutor.doExecute(TestCaseExecutor.java:433)
	at com.kms.katalon.core.main.TestCaseExecutor.processExecutionPhase(TestCaseExecutor.java:412)
	at com.kms.katalon.core.main.TestCaseExecutor.accessMainPhase(TestCaseExecutor.java:404)
	at com.kms.katalon.core.main.TestCaseExecutor.execute(TestCaseExecutor.java:281)
	at com.kms.katalon.core.main.TestSuiteExecutor.accessTestCaseMainPhase(TestSuiteExecutor.java:202)
	at com.kms.katalon.core.main.TestSuiteExecutor.accessTestSuiteMainPhase(TestSuiteExecutor.java:164)
	at com.kms.katalon.core.main.TestSuiteExecutor.execute(TestSuiteExecutor.java:105)
	at com.kms.katalon.core.main.TestCaseMain.startTestSuite(TestCaseMain.java:185)
	at com.kms.katalon.core.main.TestCaseMain$startTestSuite$0.call(Unknown Source)
	at TempTestSuite1648594435047.run(TempTestSuite1648594435047.groovy:36)
Caused by: com.kms.katalon.core.webui.exception.WebElementNotFoundException: Web element with id: 'Object Repository/Modulo Pruebas Planta de Personal/Definir_perfil/span_01072021' located by '//*/text()[normalize-space(.)='01/07/2021']/parent::*' not found
	at com.kms.katalon.core.webui.common.WebUiCommonHelper.findWebElement(WebUiCommonHelper.java:1370)
	at com.kms.katalon.core.webui.keyword.internal.WebUIAbstractKeyword.findWebElement(WebUIAbstractKeyword.groovy:27)
	at com.kms.katalon.core.webui.keyword.builtin.ClickKeyword$_click_closure1.doCall(ClickKeyword.groovy:65)
	at com.kms.katalon.core.webui.keyword.builtin.ClickKeyword$_click_closure1.call(ClickKeyword.groovy)
	at com.kms.katalon.core.webui.keyword.internal.WebUIKeywordMain.runKeyword(WebUIKeywordMain.groovy:20)
	... 19 more


2022-03-29 19:37:45 - [TEST_STEP][PASSED] - callTestCase(findTestCase("0.1-Login"), [:], STOP_ON_FAILURE): Call Test Case 'Test Cases/0.1-Login' successfully

2022-03-29 19:37:46 - [TEST_CASE][PASSED] - Test Cases/0.1-Login: Test Cases/0.1-Login

2022-03-29 19:37:46 - [TEST_STEP][PASSED] - openBrowser(""): Browser is opened with url: ''

2022-03-29 19:37:46 - [MESSAGE][WARNING] - A browser is already opened. Closing browser and opening a new one

2022-03-29 19:37:46 - [MESSAGE][INFO] - Starting 'Chrome' driver

2022-03-29 19:37:46 - [MESSAGE][INFO] - Action delay is set to 50 milliseconds

2022-03-29 19:37:47 - [MESSAGE][PASSED] - Browser is opened with url: ''

2022-03-29 19:37:47 - [TEST_STEP][PASSED] - maximizeWindow(): Current window maximized

2022-03-29 19:37:48 - [MESSAGE][PASSED] - Current window maximized

2022-03-29 19:37:48 - [TEST_STEP][PASSED] - i = G_Login: null

2022-03-29 19:37:48 - [TEST_STEP][PASSED] - url = new java.net.URL(i): null

2022-03-29 19:37:48 - [TEST_STEP][PASSED] - println("URL: " + url.toString()): null

2022-03-29 19:37:48 - [TEST_STEP][PASSED] - connection = url.openConnection(): null

2022-03-29 19:37:48 - [TEST_STEP][PASSED] - connection.setRequestMethod("GET"): null

2022-03-29 19:37:48 - [TEST_STEP][PASSED] - connection.setReadTimeout(2 * 1000): null

2022-03-29 19:37:48 - [TEST_STEP][PASSED] - try: null

2022-03-29 19:37:48 - [TEST_STEP][PASSED] - connection.connect(): null

2022-03-29 19:37:48 - [TEST_STEP][PASSED] - flag = connected: null

2022-03-29 19:37:48 - [TEST_STEP][PASSED] - println("Valor_ori: " + flag): null

2022-03-29 19:37:48 - [TEST_STEP][PASSED] - if (flag): null

2022-03-29 19:37:48 - [TEST_STEP][PASSED] - navigateToUrl(i): Navigate to 'http://192.168.2.19:8380/saraweb' successfully

2022-03-29 19:37:48 - [MESSAGE][PASSED] - Navigate to 'http://192.168.2.19:8380/saraweb' successfully

2022-03-29 19:37:48 - [TEST_STEP][PASSED] - a(): null

2022-03-29 19:37:48 - [TEST_STEP][PASSED] - setText(findTestObject("Login/input_USUARIO_loginusuario"), G_Usuario): Text 'saraadmin' is set on object 'Object Repository/Login/input_USUARIO_loginusuario'

2022-03-29 19:37:49 - [MESSAGE][PASSED] - Text 'saraadmin' is set on object 'Object Repository/Login/input_USUARIO_loginusuario'

2022-03-29 19:37:49 - [TEST_STEP][PASSED] - setEncryptedText(findTestObject("Login/input_CLAVE_loginpassword"), "MkG4/TYiCFC3cb2driP7+Q=="): Text ****** has been set on object 'Object Repository/Login/input_CLAVE_loginpassword'

2022-03-29 19:37:50 - [MESSAGE][PASSED] - Text ****** has been set on object 'Object Repository/Login/input_CLAVE_loginpassword'

2022-03-29 19:37:50 - [TEST_STEP][PASSED] - waitForElementClickable(findTestObject("Login/a_Ingresar"), G_TimeOut): Object 'Object Repository/Login/a_Ingresar' is clickable

2022-03-29 19:37:50 - [MESSAGE][PASSED] - Object 'Object Repository/Login/a_Ingresar' is clickable

2022-03-29 19:37:50 - [TEST_STEP][PASSED] - click(findTestObject("Login/a_Ingresar")): Object: 'Object Repository/Login/a_Ingresar' is clicked on

2022-03-29 19:37:52 - [MESSAGE][PASSED] - Object: 'Object Repository/Login/a_Ingresar' is clicked on

2022-03-29 19:37:52 - [TEST_STEP][PASSED] - element = findWebElement(findTestObject("Login/a_Ir"), 30): null

2022-03-29 19:37:52 - [TEST_STEP][PASSED] - executeJavaScript("arguments[0].click()", Arrays.asList(element)): Execute JavaScript 'arguments[0].click()' successfully

2022-03-29 19:37:52 - [MESSAGE][PASSED] - Execute JavaScript 'arguments[0].click()' successfully

2022-03-29 19:37:52 - [MESSAGE][PASSED] - Call Test Case 'Test Cases/0.1-Login' successfully

2022-03-29 19:37:52 - [TEST_STEP][PASSED] - setText(findTestObject("Modulo Pruebas Planta de Personal/Definir_perfil/input_Empresa 1_form_templatej_idt24_input"), "Listado Descripcion Cargo"): Text 'Listado Descripcion Cargo' is set on object 'Object Repository/Modulo Pruebas Planta de Personal/Definir_perfil/input_Empresa 1_form_templatej_idt24_input'

2022-03-29 19:37:53 - [MESSAGE][PASSED] - Text 'Listado Descripcion Cargo' is set on object 'Object Repository/Modulo Pruebas Planta de Personal/Definir_perfil/input_Empresa 1_form_templatej_idt24_input'

2022-03-29 19:37:53 - [TEST_STEP][PASSED] - click(findTestObject("Modulo Pruebas Planta de Personal/Definir_perfil/li_Listado Descripcion Cargo (tal)")): Object: 'Object Repository/Modulo Pruebas Planta de Personal/Definir_perfil/li_Listado Descripcion Cargo (tal)' is clicked on

2022-03-29 19:37:55 - [MESSAGE][PASSED] - Object: 'Object Repository/Modulo Pruebas Planta de Personal/Definir_perfil/li_Listado Descripcion Cargo (tal)' is clicked on

2022-03-29 19:37:55 - [TEST_STEP][PASSED] - click(findTestObject("Modulo Pruebas Planta de Personal/Definir_perfil/a_Unidad_form_listadoDescripcionCargoj_idt66")): Object: 'Object Repository/Modulo Pruebas Planta de Personal/Definir_perfil/a_Unidad_form_listadoDescripcionCargoj_idt66' is clicked on

2022-03-29 19:37:56 - [MESSAGE][PASSED] - Object: 'Object Repository/Modulo Pruebas Planta de Personal/Definir_perfil/a_Unidad_form_listadoDescripcionCargoj_idt66' is clicked on

2022-03-29 19:37:56 - [TEST_STEP][PASSED] - setText(findTestObject("Modulo Pruebas Planta de Personal/Definir_perfil/input_Unidad_form_popupUnidadUsuarioj_idt612"), "ADMINISTRACION"): Text 'ADMINISTRACION' is set on object 'Object Repository/Modulo Pruebas Planta de Personal/Definir_perfil/input_Unidad_form_popupUnidadUsuarioj_idt612'

2022-03-29 19:37:57 - [MESSAGE][PASSED] - Text 'ADMINISTRACION' is set on object 'Object Repository/Modulo Pruebas Planta de Personal/Definir_perfil/input_Unidad_form_popupUnidadUsuarioj_idt612'

2022-03-29 19:37:57 - [TEST_STEP][PASSED] - sendKeys(findTestObject("Modulo Pruebas Planta de Personal/Definir_perfil/input_Unidad_form_popupUnidadUsuarioj_idt612"), Keys.chord(ENTER)): Keys 'ENTER + ' sent to object: 'Object Repository/Modulo Pruebas Planta de Personal/Definir_perfil/input_Unidad_form_popupUnidadUsuarioj_idt612'

2022-03-29 19:37:58 - [MESSAGE][PASSED] - Keys 'ENTER + ' sent to object: 'Object Repository/Modulo Pruebas Planta de Personal/Definir_perfil/input_Unidad_form_popupUnidadUsuarioj_idt612'

2022-03-29 19:37:58 - [TEST_STEP][PASSED] - click(findTestObject("Modulo Pruebas Planta de Personal/Definir_perfil/span_ADMINISTRACION")): Object: 'Object Repository/Modulo Pruebas Planta de Personal/Definir_perfil/span_ADMINISTRACION' is clicked on

2022-03-29 19:37:58 - [MESSAGE][PASSED] - Object: 'Object Repository/Modulo Pruebas Planta de Personal/Definir_perfil/span_ADMINISTRACION' is clicked on

2022-03-29 19:37:58 - [TEST_STEP][PASSED] - click(findTestObject("Modulo Pruebas Planta de Personal/Definir_perfil/a_Cargo_form_listadoDescripcionCargoj_idt70")): Object: 'Object Repository/Modulo Pruebas Planta de Personal/Definir_perfil/a_Cargo_form_listadoDescripcionCargoj_idt70' is clicked on

2022-03-29 19:37:59 - [MESSAGE][PASSED] - Object: 'Object Repository/Modulo Pruebas Planta de Personal/Definir_perfil/a_Cargo_form_listadoDescripcionCargoj_idt70' is clicked on

2022-03-29 19:37:59 - [TEST_STEP][PASSED] - click(findTestObject("Modulo Pruebas Planta de Personal/Definir_perfil/span_40 MIL STAFF")): Object: 'Object Repository/Modulo Pruebas Planta de Personal/Definir_perfil/span_40 MIL STAFF' is clicked on

2022-03-29 19:38:00 - [MESSAGE][PASSED] - Object: 'Object Repository/Modulo Pruebas Planta de Personal/Definir_perfil/span_40 MIL STAFF' is clicked on

2022-03-29 19:38:00 - [TEST_STEP][FAILED] - click(findTestObject("Modulo Pruebas Planta de Personal/Definir_perfil/span_01072021")): Unable to click on object 'Object Repository/Modulo Pruebas Planta de Personal/Definir_perfil/span_01072021' (Root cause: com.kms.katalon.core.exception.StepFailedException: Unable to click on object 'Object Repository/Modulo Pruebas Planta de Personal/Definir_perfil/span_01072021'
	at com.kms.katalon.core.webui.keyword.internal.WebUIKeywordMain.stepFailed(WebUIKeywordMain.groovy:64)
	at com.kms.katalon.core.webui.keyword.internal.WebUIKeywordMain.runKeyword(WebUIKeywordMain.groovy:26)
	at com.kms.katalon.core.webui.keyword.builtin.ClickKeyword.click(ClickKeyword.groovy:74)
	at com.kms.katalon.core.webui.keyword.builtin.ClickKeyword.execute(ClickKeyword.groovy:40)
	at com.kms.katalon.core.keyword.internal.KeywordExecutor.executeKeywordForPlatform(KeywordExecutor.groovy:74)
	at com.kms.katalon.core.webui.keyword.WebUiBuiltInKeywords.click(WebUiBuiltInKeywords.groovy:620)
	at com.kms.katalon.core.webui.keyword.WebUiBuiltInKeywords$click$5.call(Unknown Source)
	at 12.2.6-Definir_perfil.run(12.2.6-Definir_perfil:41)
	at com.kms.katalon.core.main.ScriptEngine.run(ScriptEngine.java:194)
	at com.kms.katalon.core.main.ScriptEngine.runScriptAsRawText(ScriptEngine.java:119)
	at com.kms.katalon.core.main.TestCaseExecutor.runScript(TestCaseExecutor.java:442)
	at com.kms.katalon.core.main.TestCaseExecutor.doExecute(TestCaseExecutor.java:433)
	at com.kms.katalon.core.main.TestCaseExecutor.processExecutionPhase(TestCaseExecutor.java:412)
	at com.kms.katalon.core.main.TestCaseExecutor.accessMainPhase(TestCaseExecutor.java:404)
	at com.kms.katalon.core.main.TestCaseExecutor.execute(TestCaseExecutor.java:281)
	at com.kms.katalon.core.main.TestSuiteExecutor.accessTestCaseMainPhase(TestSuiteExecutor.java:202)
	at com.kms.katalon.core.main.TestSuiteExecutor.accessTestSuiteMainPhase(TestSuiteExecutor.java:164)
	at com.kms.katalon.core.main.TestSuiteExecutor.execute(TestSuiteExecutor.java:105)
	at com.kms.katalon.core.main.TestCaseMain.startTestSuite(TestCaseMain.java:185)
	at com.kms.katalon.core.main.TestCaseMain$startTestSuite$0.call(Unknown Source)
	at TempTestSuite1648594435047.run(TempTestSuite1648594435047.groovy:36)
Caused by: com.kms.katalon.core.webui.exception.WebElementNotFoundException: Web element with id: 'Object Repository/Modulo Pruebas Planta de Personal/Definir_perfil/span_01072021' located by '//*/text()[normalize-space(.)='01/07/2021']/parent::*' not found
	at com.kms.katalon.core.webui.common.WebUiCommonHelper.findWebElement(WebUiCommonHelper.java:1370)
	at com.kms.katalon.core.webui.keyword.internal.WebUIAbstractKeyword.findWebElement(WebUIAbstractKeyword.groovy:27)
	at com.kms.katalon.core.webui.keyword.builtin.ClickKeyword$_click_closure1.doCall(ClickKeyword.groovy:65)
	at com.kms.katalon.core.webui.keyword.builtin.ClickKeyword$_click_closure1.call(ClickKeyword.groovy)
	at com.kms.katalon.core.webui.keyword.internal.WebUIKeywordMain.runKeyword(WebUIKeywordMain.groovy:20)
	at com.kms.katalon.core.webui.keyword.builtin.ClickKeyword.click(ClickKeyword.groovy:74)
	at com.kms.katalon.core.webui.keyword.builtin.ClickKeyword.execute(ClickKeyword.groovy:40)
	at com.kms.katalon.core.keyword.internal.KeywordExecutor.executeKeywordForPlatform(KeywordExecutor.groovy:74)
	at com.kms.katalon.core.webui.keyword.WebUiBuiltInKeywords.click(WebUiBuiltInKeywords.groovy:620)
	at com.kms.katalon.core.webui.keyword.WebUiBuiltInKeywords$click$5.call(Unknown Source)
	at Script1648474008106.run(Script1648474008106.groovy:41)
	... 13 more
)

2022-03-29 19:38:46 - [MESSAGE][INFO] - Unable to find the element located by 'By.xpath: //*/text()[normalize-space(.)='01/07/2021']/parent::*'. Please recheck the objects properties to make sure the desired element is located. 

2022-03-29 19:38:46 - [MESSAGE][FAILED] - Unable to click on object 'Object Repository/Modulo Pruebas Planta de Personal/Definir_perfil/span_01072021' (Root cause: com.kms.katalon.core.exception.StepFailedException: Unable to click on object 'Object Repository/Modulo Pruebas Planta de Personal/Definir_perfil/span_01072021'
	at com.kms.katalon.core.webui.keyword.internal.WebUIKeywordMain.stepFailed(WebUIKeywordMain.groovy:64)
	at com.kms.katalon.core.webui.keyword.internal.WebUIKeywordMain.runKeyword(WebUIKeywordMain.groovy:26)
	at com.kms.katalon.core.webui.keyword.builtin.ClickKeyword.click(ClickKeyword.groovy:74)
	at com.kms.katalon.core.webui.keyword.builtin.ClickKeyword.execute(ClickKeyword.groovy:40)
	at com.kms.katalon.core.keyword.internal.KeywordExecutor.executeKeywordForPlatform(KeywordExecutor.groovy:74)
	at com.kms.katalon.core.webui.keyword.WebUiBuiltInKeywords.click(WebUiBuiltInKeywords.groovy:620)
	at com.kms.katalon.core.webui.keyword.WebUiBuiltInKeywords$click$5.call(Unknown Source)
	at 12.2.6-Definir_perfil.run(12.2.6-Definir_perfil:41)
	at com.kms.katalon.core.main.ScriptEngine.run(ScriptEngine.java:194)
	at com.kms.katalon.core.main.ScriptEngine.runScriptAsRawText(ScriptEngine.java:119)
	at com.kms.katalon.core.main.TestCaseExecutor.runScript(TestCaseExecutor.java:442)
	at com.kms.katalon.core.main.TestCaseExecutor.doExecute(TestCaseExecutor.java:433)
	at com.kms.katalon.core.main.TestCaseExecutor.processExecutionPhase(TestCaseExecutor.java:412)
	at com.kms.katalon.core.main.TestCaseExecutor.accessMainPhase(TestCaseExecutor.java:404)
	at com.kms.katalon.core.main.TestCaseExecutor.execute(TestCaseExecutor.java:281)
	at com.kms.katalon.core.main.TestSuiteExecutor.accessTestCaseMainPhase(TestSuiteExecutor.java:202)
	at com.kms.katalon.core.main.TestSuiteExecutor.accessTestSuiteMainPhase(TestSuiteExecutor.java:164)
	at com.kms.katalon.core.main.TestSuiteExecutor.execute(TestSuiteExecutor.java:105)
	at com.kms.katalon.core.main.TestCaseMain.startTestSuite(TestCaseMain.java:185)
	at com.kms.katalon.core.main.TestCaseMain$startTestSuite$0.call(Unknown Source)
	at TempTestSuite1648594435047.run(TempTestSuite1648594435047.groovy:36)
Caused by: com.kms.katalon.core.webui.exception.WebElementNotFoundException: Web element with id: 'Object Repository/Modulo Pruebas Planta de Personal/Definir_perfil/span_01072021' located by '//*/text()[normalize-space(.)='01/07/2021']/parent::*' not found
	at com.kms.katalon.core.webui.common.WebUiCommonHelper.findWebElement(WebUiCommonHelper.java:1370)
	at com.kms.katalon.core.webui.keyword.internal.WebUIAbstractKeyword.findWebElement(WebUIAbstractKeyword.groovy:27)
	at com.kms.katalon.core.webui.keyword.builtin.ClickKeyword$_click_closure1.doCall(ClickKeyword.groovy:65)
	at com.kms.katalon.core.webui.keyword.builtin.ClickKeyword$_click_closure1.call(ClickKeyword.groovy)
	at com.kms.katalon.core.webui.keyword.internal.WebUIKeywordMain.runKeyword(WebUIKeywordMain.groovy:20)
	at com.kms.katalon.core.webui.keyword.builtin.ClickKeyword.click(ClickKeyword.groovy:74)
	at com.kms.katalon.core.webui.keyword.builtin.ClickKeyword.execute(ClickKeyword.groovy:40)
	at com.kms.katalon.core.keyword.internal.KeywordExecutor.executeKeywordForPlatform(KeywordExecutor.groovy:74)
	at com.kms.katalon.core.webui.keyword.WebUiBuiltInKeywords.click(WebUiBuiltInKeywords.groovy:620)
	at com.kms.katalon.core.webui.keyword.WebUiBuiltInKeywords$click$5.call(Unknown Source)
	at Script1648474008106.run(Script1648474008106.groovy:41)
	... 13 more
)
[[ATTACHMENT|C:\\Users\\diego.rojas\\git\\Pruebas-Minimas\\Reports\\20220329_175344\\Test_Suite_Secundaria\\1-Tareas_secundarias\\20220329_175355\\1648600726755.png]]]]></system-out>
         <system-err><![CDATA[2022-03-29 19:37:45 - [TEST_CASE][FAILED] - Test Cases/1.2-Tareas_Secundarias/A.2-Pruebas_planta_personal/12.2.6-Definir_perfil: Test Cases/1.2-Tareas_Secundarias/A.2-Pruebas_planta_personal/12.2.6-Definir_perfil FAILED.
Reason:
com.kms.katalon.core.exception.StepFailedException: Unable to click on object 'Object Repository/Modulo Pruebas Planta de Personal/Definir_perfil/span_01072021'
	at com.kms.katalon.core.webui.keyword.internal.WebUIKeywordMain.stepFailed(WebUIKeywordMain.groovy:64)
	at com.kms.katalon.core.webui.keyword.internal.WebUIKeywordMain.runKeyword(WebUIKeywordMain.groovy:26)
	at com.kms.katalon.core.webui.keyword.builtin.ClickKeyword.click(ClickKeyword.groovy:74)
	at com.kms.katalon.core.webui.keyword.builtin.ClickKeyword.execute(ClickKeyword.groovy:40)
	at com.kms.katalon.core.keyword.internal.KeywordExecutor.executeKeywordForPlatform(KeywordExecutor.groovy:74)
	at com.kms.katalon.core.webui.keyword.WebUiBuiltInKeywords.click(WebUiBuiltInKeywords.groovy:620)
	at com.kms.katalon.core.webui.keyword.WebUiBuiltInKeywords$click$5.call(Unknown Source)
	at 12.2.6-Definir_perfil.run(12.2.6-Definir_perfil:41)
	at com.kms.katalon.core.main.ScriptEngine.run(ScriptEngine.java:194)
	at com.kms.katalon.core.main.ScriptEngine.runScriptAsRawText(ScriptEngine.java:119)
	at com.kms.katalon.core.main.TestCaseExecutor.runScript(TestCaseExecutor.java:442)
	at com.kms.katalon.core.main.TestCaseExecutor.doExecute(TestCaseExecutor.java:433)
	at com.kms.katalon.core.main.TestCaseExecutor.processExecutionPhase(TestCaseExecutor.java:412)
	at com.kms.katalon.core.main.TestCaseExecutor.accessMainPhase(TestCaseExecutor.java:404)
	at com.kms.katalon.core.main.TestCaseExecutor.execute(TestCaseExecutor.java:281)
	at com.kms.katalon.core.main.TestSuiteExecutor.accessTestCaseMainPhase(TestSuiteExecutor.java:202)
	at com.kms.katalon.core.main.TestSuiteExecutor.accessTestSuiteMainPhase(TestSuiteExecutor.java:164)
	at com.kms.katalon.core.main.TestSuiteExecutor.execute(TestSuiteExecutor.java:105)
	at com.kms.katalon.core.main.TestCaseMain.startTestSuite(TestCaseMain.java:185)
	at com.kms.katalon.core.main.TestCaseMain$startTestSuite$0.call(Unknown Source)
	at TempTestSuite1648594435047.run(TempTestSuite1648594435047.groovy:36)
Caused by: com.kms.katalon.core.webui.exception.WebElementNotFoundException: Web element with id: 'Object Repository/Modulo Pruebas Planta de Personal/Definir_perfil/span_01072021' located by '//*/text()[normalize-space(.)='01/07/2021']/parent::*' not found
	at com.kms.katalon.core.webui.common.WebUiCommonHelper.findWebElement(WebUiCommonHelper.java:1370)
	at com.kms.katalon.core.webui.keyword.internal.WebUIAbstractKeyword.findWebElement(WebUIAbstractKeyword.groovy:27)
	at com.kms.katalon.core.webui.keyword.builtin.ClickKeyword$_click_closure1.doCall(ClickKeyword.groovy:65)
	at com.kms.katalon.core.webui.keyword.builtin.ClickKeyword$_click_closure1.call(ClickKeyword.groovy)
	at com.kms.katalon.core.webui.keyword.internal.WebUIKeywordMain.runKeyword(WebUIKeywordMain.groovy:20)
	... 19 more]]></system-err>
      </testcase>
      <testcase name="Test Cases/1.2-Tareas_Secundarias/A.2-Pruebas_planta_personal/12.2.7-Impresión_de_descripción_del_cargo" time="57.894" classname="Test Cases/1.2-Tareas_Secundarias/A.2-Pruebas_planta_personal/12.2.7-Impresión_de_descripción_del_cargo" status="FAILED">
         <failure type="FAILED" message="Test Cases/1.2-Tareas_Secundarias/A.2-Pruebas_planta_personal/12.2.7-Impresión_de_descripción_del_cargo FAILED.
Reason:
com.kms.katalon.core.exception.StepFailedException: Unable to click on object 'Object Repository/Modulo Pruebas Planta de Personal/Impresión_de_descripción_del_cargo/span_01072021'
	at com.kms.katalon.core.webui.keyword.internal.WebUIKeywordMain.stepFailed(WebUIKeywordMain.groovy:64)
	at com.kms.katalon.core.webui.keyword.internal.WebUIKeywordMain.runKeyword(WebUIKeywordMain.groovy:26)
	at com.kms.katalon.core.webui.keyword.builtin.ClickKeyword.click(ClickKeyword.groovy:74)
	at com.kms.katalon.core.webui.keyword.builtin.ClickKeyword.execute(ClickKeyword.groovy:40)
	at com.kms.katalon.core.keyword.internal.KeywordExecutor.executeKeywordForPlatform(KeywordExecutor.groovy:74)
	at com.kms.katalon.core.webui.keyword.WebUiBuiltInKeywords.click(WebUiBuiltInKeywords.groovy:620)
	at com.kms.katalon.core.webui.keyword.WebUiBuiltInKeywords$click$5.call(Unknown Source)
	at 12.2.7-Impresión_de_descripción_del_cargo.run(12.2.7-Impresión_de_descripción_del_cargo:31)
	at com.kms.katalon.core.main.ScriptEngine.run(ScriptEngine.java:194)
	at com.kms.katalon.core.main.ScriptEngine.runScriptAsRawText(ScriptEngine.java:119)
	at com.kms.katalon.core.main.TestCaseExecutor.runScript(TestCaseExecutor.java:442)
	at com.kms.katalon.core.main.TestCaseExecutor.doExecute(TestCaseExecutor.java:433)
	at com.kms.katalon.core.main.TestCaseExecutor.processExecutionPhase(TestCaseExecutor.java:412)
	at com.kms.katalon.core.main.TestCaseExecutor.accessMainPhase(TestCaseExecutor.java:404)
	at com.kms.katalon.core.main.TestCaseExecutor.execute(TestCaseExecutor.java:281)
	at com.kms.katalon.core.main.TestSuiteExecutor.accessTestCaseMainPhase(TestSuiteExecutor.java:202)
	at com.kms.katalon.core.main.TestSuiteExecutor.accessTestSuiteMainPhase(TestSuiteExecutor.java:164)
	at com.kms.katalon.core.main.TestSuiteExecutor.execute(TestSuiteExecutor.java:105)
	at com.kms.katalon.core.main.TestCaseMain.startTestSuite(TestCaseMain.java:185)
	at com.kms.katalon.core.main.TestCaseMain$startTestSuite$0.call(Unknown Source)
	at TempTestSuite1648594435047.run(TempTestSuite1648594435047.groovy:36)
Caused by: com.kms.katalon.core.webui.exception.WebElementNotFoundException: Web element with id: 'Object Repository/Modulo Pruebas Planta de Personal/Impresión_de_descripción_del_cargo/span_01072021' located by '//*/text()[normalize-space(.)='01/07/2021']/parent::*' not found
	at com.kms.katalon.core.webui.common.WebUiCommonHelper.findWebElement(WebUiCommonHelper.java:1370)
	at com.kms.katalon.core.webui.keyword.internal.WebUIAbstractKeyword.findWebElement(WebUIAbstractKeyword.groovy:27)
	at com.kms.katalon.core.webui.keyword.builtin.ClickKeyword$_click_closure1.doCall(ClickKeyword.groovy:65)
	at com.kms.katalon.core.webui.keyword.builtin.ClickKeyword$_click_closure1.call(ClickKeyword.groovy)
	at com.kms.katalon.core.webui.keyword.internal.WebUIKeywordMain.runKeyword(WebUIKeywordMain.groovy:20)
	... 19 more
"/>
         <system-out><![CDATA[2022-03-29 19:38:46 - [TEST_CASE][FAILED] - Test Cases/1.2-Tareas_Secundarias/A.2-Pruebas_planta_personal/12.2.7-Impresión_de_descripción_del_cargo: Test Cases/1.2-Tareas_Secundarias/A.2-Pruebas_planta_personal/12.2.7-Impresión_de_descripción_del_cargo FAILED.
Reason:
com.kms.katalon.core.exception.StepFailedException: Unable to click on object 'Object Repository/Modulo Pruebas Planta de Personal/Impresión_de_descripción_del_cargo/span_01072021'
	at com.kms.katalon.core.webui.keyword.internal.WebUIKeywordMain.stepFailed(WebUIKeywordMain.groovy:64)
	at com.kms.katalon.core.webui.keyword.internal.WebUIKeywordMain.runKeyword(WebUIKeywordMain.groovy:26)
	at com.kms.katalon.core.webui.keyword.builtin.ClickKeyword.click(ClickKeyword.groovy:74)
	at com.kms.katalon.core.webui.keyword.builtin.ClickKeyword.execute(ClickKeyword.groovy:40)
	at com.kms.katalon.core.keyword.internal.KeywordExecutor.executeKeywordForPlatform(KeywordExecutor.groovy:74)
	at com.kms.katalon.core.webui.keyword.WebUiBuiltInKeywords.click(WebUiBuiltInKeywords.groovy:620)
	at com.kms.katalon.core.webui.keyword.WebUiBuiltInKeywords$click$5.call(Unknown Source)
	at 12.2.7-Impresión_de_descripción_del_cargo.run(12.2.7-Impresión_de_descripción_del_cargo:31)
	at com.kms.katalon.core.main.ScriptEngine.run(ScriptEngine.java:194)
	at com.kms.katalon.core.main.ScriptEngine.runScriptAsRawText(ScriptEngine.java:119)
	at com.kms.katalon.core.main.TestCaseExecutor.runScript(TestCaseExecutor.java:442)
	at com.kms.katalon.core.main.TestCaseExecutor.doExecute(TestCaseExecutor.java:433)
	at com.kms.katalon.core.main.TestCaseExecutor.processExecutionPhase(TestCaseExecutor.java:412)
	at com.kms.katalon.core.main.TestCaseExecutor.accessMainPhase(TestCaseExecutor.java:404)
	at com.kms.katalon.core.main.TestCaseExecutor.execute(TestCaseExecutor.java:281)
	at com.kms.katalon.core.main.TestSuiteExecutor.accessTestCaseMainPhase(TestSuiteExecutor.java:202)
	at com.kms.katalon.core.main.TestSuiteExecutor.accessTestSuiteMainPhase(TestSuiteExecutor.java:164)
	at com.kms.katalon.core.main.TestSuiteExecutor.execute(TestSuiteExecutor.java:105)
	at com.kms.katalon.core.main.TestCaseMain.startTestSuite(TestCaseMain.java:185)
	at com.kms.katalon.core.main.TestCaseMain$startTestSuite$0.call(Unknown Source)
	at TempTestSuite1648594435047.run(TempTestSuite1648594435047.groovy:36)
Caused by: com.kms.katalon.core.webui.exception.WebElementNotFoundException: Web element with id: 'Object Repository/Modulo Pruebas Planta de Personal/Impresión_de_descripción_del_cargo/span_01072021' located by '//*/text()[normalize-space(.)='01/07/2021']/parent::*' not found
	at com.kms.katalon.core.webui.common.WebUiCommonHelper.findWebElement(WebUiCommonHelper.java:1370)
	at com.kms.katalon.core.webui.keyword.internal.WebUIAbstractKeyword.findWebElement(WebUIAbstractKeyword.groovy:27)
	at com.kms.katalon.core.webui.keyword.builtin.ClickKeyword$_click_closure1.doCall(ClickKeyword.groovy:65)
	at com.kms.katalon.core.webui.keyword.builtin.ClickKeyword$_click_closure1.call(ClickKeyword.groovy)
	at com.kms.katalon.core.webui.keyword.internal.WebUIKeywordMain.runKeyword(WebUIKeywordMain.groovy:20)
	... 19 more


2022-03-29 19:38:47 - [TEST_STEP][PASSED] - callTestCase(findTestCase("0.1-Login"), [:], STOP_ON_FAILURE): Call Test Case 'Test Cases/0.1-Login' successfully

2022-03-29 19:38:47 - [TEST_CASE][PASSED] - Test Cases/0.1-Login: Test Cases/0.1-Login

2022-03-29 19:38:47 - [TEST_STEP][PASSED] - openBrowser(""): Browser is opened with url: ''

2022-03-29 19:38:47 - [MESSAGE][WARNING] - A browser is already opened. Closing browser and opening a new one

2022-03-29 19:38:47 - [MESSAGE][INFO] - Starting 'Chrome' driver

2022-03-29 19:38:47 - [MESSAGE][INFO] - Action delay is set to 50 milliseconds

2022-03-29 19:38:49 - [MESSAGE][PASSED] - Browser is opened with url: ''

2022-03-29 19:38:49 - [TEST_STEP][PASSED] - maximizeWindow(): Current window maximized

2022-03-29 19:38:49 - [MESSAGE][PASSED] - Current window maximized

2022-03-29 19:38:49 - [TEST_STEP][PASSED] - i = G_Login: null

2022-03-29 19:38:49 - [TEST_STEP][PASSED] - url = new java.net.URL(i): null

2022-03-29 19:38:49 - [TEST_STEP][PASSED] - println("URL: " + url.toString()): null

2022-03-29 19:38:49 - [TEST_STEP][PASSED] - connection = url.openConnection(): null

2022-03-29 19:38:49 - [TEST_STEP][PASSED] - connection.setRequestMethod("GET"): null

2022-03-29 19:38:49 - [TEST_STEP][PASSED] - connection.setReadTimeout(2 * 1000): null

2022-03-29 19:38:49 - [TEST_STEP][PASSED] - try: null

2022-03-29 19:38:49 - [TEST_STEP][PASSED] - connection.connect(): null

2022-03-29 19:38:49 - [TEST_STEP][PASSED] - flag = connected: null

2022-03-29 19:38:49 - [TEST_STEP][PASSED] - println("Valor_ori: " + flag): null

2022-03-29 19:38:49 - [TEST_STEP][PASSED] - if (flag): null

2022-03-29 19:38:49 - [TEST_STEP][PASSED] - navigateToUrl(i): Navigate to 'http://192.168.2.19:8380/saraweb' successfully

2022-03-29 19:38:50 - [MESSAGE][PASSED] - Navigate to 'http://192.168.2.19:8380/saraweb' successfully

2022-03-29 19:38:50 - [TEST_STEP][PASSED] - a(): null

2022-03-29 19:38:50 - [TEST_STEP][PASSED] - setText(findTestObject("Login/input_USUARIO_loginusuario"), G_Usuario): Text 'saraadmin' is set on object 'Object Repository/Login/input_USUARIO_loginusuario'

2022-03-29 19:38:51 - [MESSAGE][PASSED] - Text 'saraadmin' is set on object 'Object Repository/Login/input_USUARIO_loginusuario'

2022-03-29 19:38:51 - [TEST_STEP][PASSED] - setEncryptedText(findTestObject("Login/input_CLAVE_loginpassword"), "MkG4/TYiCFC3cb2driP7+Q=="): Text ****** has been set on object 'Object Repository/Login/input_CLAVE_loginpassword'

2022-03-29 19:38:51 - [MESSAGE][PASSED] - Text ****** has been set on object 'Object Repository/Login/input_CLAVE_loginpassword'

2022-03-29 19:38:51 - [TEST_STEP][PASSED] - waitForElementClickable(findTestObject("Login/a_Ingresar"), G_TimeOut): Object 'Object Repository/Login/a_Ingresar' is clickable

2022-03-29 19:38:52 - [MESSAGE][PASSED] - Object 'Object Repository/Login/a_Ingresar' is clickable

2022-03-29 19:38:52 - [TEST_STEP][PASSED] - click(findTestObject("Login/a_Ingresar")): Object: 'Object Repository/Login/a_Ingresar' is clicked on

2022-03-29 19:38:53 - [MESSAGE][PASSED] - Object: 'Object Repository/Login/a_Ingresar' is clicked on

2022-03-29 19:38:53 - [TEST_STEP][PASSED] - element = findWebElement(findTestObject("Login/a_Ir"), 30): null

2022-03-29 19:38:53 - [TEST_STEP][PASSED] - executeJavaScript("arguments[0].click()", Arrays.asList(element)): Execute JavaScript 'arguments[0].click()' successfully

2022-03-29 19:38:53 - [MESSAGE][PASSED] - Execute JavaScript 'arguments[0].click()' successfully

2022-03-29 19:38:53 - [MESSAGE][PASSED] - Call Test Case 'Test Cases/0.1-Login' successfully

2022-03-29 19:38:53 - [TEST_STEP][PASSED] - setText(findTestObject("Modulo Pruebas Planta de Personal/Impresión_de_descripción_del_cargo/input_Empresa 1_form_templatej_idt24_input"), "Listado Descripcion Cargo (tal)"): Text 'Listado Descripcion Cargo (tal)' is set on object 'Object Repository/Modulo Pruebas Planta de Personal/Impresión_de_descripción_del_cargo/input_Empresa 1_form_templatej_idt24_input'

2022-03-29 19:38:55 - [MESSAGE][PASSED] - Text 'Listado Descripcion Cargo (tal)' is set on object 'Object Repository/Modulo Pruebas Planta de Personal/Impresión_de_descripción_del_cargo/input_Empresa 1_form_templatej_idt24_input'

2022-03-29 19:38:55 - [TEST_STEP][PASSED] - click(findTestObject("Modulo Pruebas Planta de Personal/Impresión_de_descripción_del_cargo/li_Listado Descripcion Cargo (tal)")): Object: 'Object Repository/Modulo Pruebas Planta de Personal/Impresión_de_descripción_del_cargo/li_Listado Descripcion Cargo (tal)' is clicked on

2022-03-29 19:38:56 - [MESSAGE][PASSED] - Object: 'Object Repository/Modulo Pruebas Planta de Personal/Impresión_de_descripción_del_cargo/li_Listado Descripcion Cargo (tal)' is clicked on

2022-03-29 19:38:56 - [TEST_STEP][PASSED] - click(findTestObject("Modulo Pruebas Planta de Personal/Impresión_de_descripción_del_cargo/a_Cargo_form_listadoDescripcionCargoj_idt70")): Object: 'Object Repository/Modulo Pruebas Planta de Personal/Impresión_de_descripción_del_cargo/a_Cargo_form_listadoDescripcionCargoj_idt70' is clicked on

2022-03-29 19:38:57 - [MESSAGE][PASSED] - Object: 'Object Repository/Modulo Pruebas Planta de Personal/Impresión_de_descripción_del_cargo/a_Cargo_form_listadoDescripcionCargoj_idt70' is clicked on

2022-03-29 19:38:57 - [TEST_STEP][PASSED] - click(findTestObject("Modulo Pruebas Planta de Personal/Impresión_de_descripción_del_cargo/span_40 MIL STAFF")): Object: 'Object Repository/Modulo Pruebas Planta de Personal/Impresión_de_descripción_del_cargo/span_40 MIL STAFF' is clicked on

2022-03-29 19:38:58 - [MESSAGE][PASSED] - Object: 'Object Repository/Modulo Pruebas Planta de Personal/Impresión_de_descripción_del_cargo/span_40 MIL STAFF' is clicked on

2022-03-29 19:38:58 - [TEST_STEP][FAILED] - click(findTestObject("Modulo Pruebas Planta de Personal/Impresión_de_descripción_del_cargo/span_01072021")): Unable to click on object 'Object Repository/Modulo Pruebas Planta de Personal/Impresión_de_descripción_del_cargo/span_01072021' (Root cause: com.kms.katalon.core.exception.StepFailedException: Unable to click on object 'Object Repository/Modulo Pruebas Planta de Personal/Impresión_de_descripción_del_cargo/span_01072021'
	at com.kms.katalon.core.webui.keyword.internal.WebUIKeywordMain.stepFailed(WebUIKeywordMain.groovy:64)
	at com.kms.katalon.core.webui.keyword.internal.WebUIKeywordMain.runKeyword(WebUIKeywordMain.groovy:26)
	at com.kms.katalon.core.webui.keyword.builtin.ClickKeyword.click(ClickKeyword.groovy:74)
	at com.kms.katalon.core.webui.keyword.builtin.ClickKeyword.execute(ClickKeyword.groovy:40)
	at com.kms.katalon.core.keyword.internal.KeywordExecutor.executeKeywordForPlatform(KeywordExecutor.groovy:74)
	at com.kms.katalon.core.webui.keyword.WebUiBuiltInKeywords.click(WebUiBuiltInKeywords.groovy:620)
	at com.kms.katalon.core.webui.keyword.WebUiBuiltInKeywords$click$5.call(Unknown Source)
	at 12.2.7-Impresión_de_descripción_del_cargo.run(12.2.7-Impresión_de_descripción_del_cargo:31)
	at com.kms.katalon.core.main.ScriptEngine.run(ScriptEngine.java:194)
	at com.kms.katalon.core.main.ScriptEngine.runScriptAsRawText(ScriptEngine.java:119)
	at com.kms.katalon.core.main.TestCaseExecutor.runScript(TestCaseExecutor.java:442)
	at com.kms.katalon.core.main.TestCaseExecutor.doExecute(TestCaseExecutor.java:433)
	at com.kms.katalon.core.main.TestCaseExecutor.processExecutionPhase(TestCaseExecutor.java:412)
	at com.kms.katalon.core.main.TestCaseExecutor.accessMainPhase(TestCaseExecutor.java:404)
	at com.kms.katalon.core.main.TestCaseExecutor.execute(TestCaseExecutor.java:281)
	at com.kms.katalon.core.main.TestSuiteExecutor.accessTestCaseMainPhase(TestSuiteExecutor.java:202)
	at com.kms.katalon.core.main.TestSuiteExecutor.accessTestSuiteMainPhase(TestSuiteExecutor.java:164)
	at com.kms.katalon.core.main.TestSuiteExecutor.execute(TestSuiteExecutor.java:105)
	at com.kms.katalon.core.main.TestCaseMain.startTestSuite(TestCaseMain.java:185)
	at com.kms.katalon.core.main.TestCaseMain$startTestSuite$0.call(Unknown Source)
	at TempTestSuite1648594435047.run(TempTestSuite1648594435047.groovy:36)
Caused by: com.kms.katalon.core.webui.exception.WebElementNotFoundException: Web element with id: 'Object Repository/Modulo Pruebas Planta de Personal/Impresión_de_descripción_del_cargo/span_01072021' located by '//*/text()[normalize-space(.)='01/07/2021']/parent::*' not found
	at com.kms.katalon.core.webui.common.WebUiCommonHelper.findWebElement(WebUiCommonHelper.java:1370)
	at com.kms.katalon.core.webui.keyword.internal.WebUIAbstractKeyword.findWebElement(WebUIAbstractKeyword.groovy:27)
	at com.kms.katalon.core.webui.keyword.builtin.ClickKeyword$_click_closure1.doCall(ClickKeyword.groovy:65)
	at com.kms.katalon.core.webui.keyword.builtin.ClickKeyword$_click_closure1.call(ClickKeyword.groovy)
	at com.kms.katalon.core.webui.keyword.internal.WebUIKeywordMain.runKeyword(WebUIKeywordMain.groovy:20)
	at com.kms.katalon.core.webui.keyword.builtin.ClickKeyword.click(ClickKeyword.groovy:74)
	at com.kms.katalon.core.webui.keyword.builtin.ClickKeyword.execute(ClickKeyword.groovy:40)
	at com.kms.katalon.core.keyword.internal.KeywordExecutor.executeKeywordForPlatform(KeywordExecutor.groovy:74)
	at com.kms.katalon.core.webui.keyword.WebUiBuiltInKeywords.click(WebUiBuiltInKeywords.groovy:620)
	at com.kms.katalon.core.webui.keyword.WebUiBuiltInKeywords$click$5.call(Unknown Source)
	at Script1648474008115.run(Script1648474008115.groovy:31)
	... 13 more
)

2022-03-29 19:39:44 - [MESSAGE][INFO] - Unable to find the element located by 'By.xpath: //*/text()[normalize-space(.)='01/07/2021']/parent::*'. Please recheck the objects properties to make sure the desired element is located. 

2022-03-29 19:39:44 - [MESSAGE][FAILED] - Unable to click on object 'Object Repository/Modulo Pruebas Planta de Personal/Impresión_de_descripción_del_cargo/span_01072021' (Root cause: com.kms.katalon.core.exception.StepFailedException: Unable to click on object 'Object Repository/Modulo Pruebas Planta de Personal/Impresión_de_descripción_del_cargo/span_01072021'
	at com.kms.katalon.core.webui.keyword.internal.WebUIKeywordMain.stepFailed(WebUIKeywordMain.groovy:64)
	at com.kms.katalon.core.webui.keyword.internal.WebUIKeywordMain.runKeyword(WebUIKeywordMain.groovy:26)
	at com.kms.katalon.core.webui.keyword.builtin.ClickKeyword.click(ClickKeyword.groovy:74)
	at com.kms.katalon.core.webui.keyword.builtin.ClickKeyword.execute(ClickKeyword.groovy:40)
	at com.kms.katalon.core.keyword.internal.KeywordExecutor.executeKeywordForPlatform(KeywordExecutor.groovy:74)
	at com.kms.katalon.core.webui.keyword.WebUiBuiltInKeywords.click(WebUiBuiltInKeywords.groovy:620)
	at com.kms.katalon.core.webui.keyword.WebUiBuiltInKeywords$click$5.call(Unknown Source)
	at 12.2.7-Impresión_de_descripción_del_cargo.run(12.2.7-Impresión_de_descripción_del_cargo:31)
	at com.kms.katalon.core.main.ScriptEngine.run(ScriptEngine.java:194)
	at com.kms.katalon.core.main.ScriptEngine.runScriptAsRawText(ScriptEngine.java:119)
	at com.kms.katalon.core.main.TestCaseExecutor.runScript(TestCaseExecutor.java:442)
	at com.kms.katalon.core.main.TestCaseExecutor.doExecute(TestCaseExecutor.java:433)
	at com.kms.katalon.core.main.TestCaseExecutor.processExecutionPhase(TestCaseExecutor.java:412)
	at com.kms.katalon.core.main.TestCaseExecutor.accessMainPhase(TestCaseExecutor.java:404)
	at com.kms.katalon.core.main.TestCaseExecutor.execute(TestCaseExecutor.java:281)
	at com.kms.katalon.core.main.TestSuiteExecutor.accessTestCaseMainPhase(TestSuiteExecutor.java:202)
	at com.kms.katalon.core.main.TestSuiteExecutor.accessTestSuiteMainPhase(TestSuiteExecutor.java:164)
	at com.kms.katalon.core.main.TestSuiteExecutor.execute(TestSuiteExecutor.java:105)
	at com.kms.katalon.core.main.TestCaseMain.startTestSuite(TestCaseMain.java:185)
	at com.kms.katalon.core.main.TestCaseMain$startTestSuite$0.call(Unknown Source)
	at TempTestSuite1648594435047.run(TempTestSuite1648594435047.groovy:36)
Caused by: com.kms.katalon.core.webui.exception.WebElementNotFoundException: Web element with id: 'Object Repository/Modulo Pruebas Planta de Personal/Impresión_de_descripción_del_cargo/span_01072021' located by '//*/text()[normalize-space(.)='01/07/2021']/parent::*' not found
	at com.kms.katalon.core.webui.common.WebUiCommonHelper.findWebElement(WebUiCommonHelper.java:1370)
	at com.kms.katalon.core.webui.keyword.internal.WebUIAbstractKeyword.findWebElement(WebUIAbstractKeyword.groovy:27)
	at com.kms.katalon.core.webui.keyword.builtin.ClickKeyword$_click_closure1.doCall(ClickKeyword.groovy:65)
	at com.kms.katalon.core.webui.keyword.builtin.ClickKeyword$_click_closure1.call(ClickKeyword.groovy)
	at com.kms.katalon.core.webui.keyword.internal.WebUIKeywordMain.runKeyword(WebUIKeywordMain.groovy:20)
	at com.kms.katalon.core.webui.keyword.builtin.ClickKeyword.click(ClickKeyword.groovy:74)
	at com.kms.katalon.core.webui.keyword.builtin.ClickKeyword.execute(ClickKeyword.groovy:40)
	at com.kms.katalon.core.keyword.internal.KeywordExecutor.executeKeywordForPlatform(KeywordExecutor.groovy:74)
	at com.kms.katalon.core.webui.keyword.WebUiBuiltInKeywords.click(WebUiBuiltInKeywords.groovy:620)
	at com.kms.katalon.core.webui.keyword.WebUiBuiltInKeywords$click$5.call(Unknown Source)
	at Script1648474008115.run(Script1648474008115.groovy:31)
	... 13 more
)
[[ATTACHMENT|C:\\Users\\diego.rojas\\git\\Pruebas-Minimas\\Reports\\20220329_175344\\Test_Suite_Secundaria\\1-Tareas_secundarias\\20220329_175355\\1648600784658.png]]]]></system-out>
         <system-err><![CDATA[2022-03-29 19:38:46 - [TEST_CASE][FAILED] - Test Cases/1.2-Tareas_Secundarias/A.2-Pruebas_planta_personal/12.2.7-Impresión_de_descripción_del_cargo: Test Cases/1.2-Tareas_Secundarias/A.2-Pruebas_planta_personal/12.2.7-Impresión_de_descripción_del_cargo FAILED.
Reason:
com.kms.katalon.core.exception.StepFailedException: Unable to click on object 'Object Repository/Modulo Pruebas Planta de Personal/Impresión_de_descripción_del_cargo/span_01072021'
	at com.kms.katalon.core.webui.keyword.internal.WebUIKeywordMain.stepFailed(WebUIKeywordMain.groovy:64)
	at com.kms.katalon.core.webui.keyword.internal.WebUIKeywordMain.runKeyword(WebUIKeywordMain.groovy:26)
	at com.kms.katalon.core.webui.keyword.builtin.ClickKeyword.click(ClickKeyword.groovy:74)
	at com.kms.katalon.core.webui.keyword.builtin.ClickKeyword.execute(ClickKeyword.groovy:40)
	at com.kms.katalon.core.keyword.internal.KeywordExecutor.executeKeywordForPlatform(KeywordExecutor.groovy:74)
	at com.kms.katalon.core.webui.keyword.WebUiBuiltInKeywords.click(WebUiBuiltInKeywords.groovy:620)
	at com.kms.katalon.core.webui.keyword.WebUiBuiltInKeywords$click$5.call(Unknown Source)
	at 12.2.7-Impresión_de_descripción_del_cargo.run(12.2.7-Impresión_de_descripción_del_cargo:31)
	at com.kms.katalon.core.main.ScriptEngine.run(ScriptEngine.java:194)
	at com.kms.katalon.core.main.ScriptEngine.runScriptAsRawText(ScriptEngine.java:119)
	at com.kms.katalon.core.main.TestCaseExecutor.runScript(TestCaseExecutor.java:442)
	at com.kms.katalon.core.main.TestCaseExecutor.doExecute(TestCaseExecutor.java:433)
	at com.kms.katalon.core.main.TestCaseExecutor.processExecutionPhase(TestCaseExecutor.java:412)
	at com.kms.katalon.core.main.TestCaseExecutor.accessMainPhase(TestCaseExecutor.java:404)
	at com.kms.katalon.core.main.TestCaseExecutor.execute(TestCaseExecutor.java:281)
	at com.kms.katalon.core.main.TestSuiteExecutor.accessTestCaseMainPhase(TestSuiteExecutor.java:202)
	at com.kms.katalon.core.main.TestSuiteExecutor.accessTestSuiteMainPhase(TestSuiteExecutor.java:164)
	at com.kms.katalon.core.main.TestSuiteExecutor.execute(TestSuiteExecutor.java:105)
	at com.kms.katalon.core.main.TestCaseMain.startTestSuite(TestCaseMain.java:185)
	at com.kms.katalon.core.main.TestCaseMain$startTestSuite$0.call(Unknown Source)
	at TempTestSuite1648594435047.run(TempTestSuite1648594435047.groovy:36)
Caused by: com.kms.katalon.core.webui.exception.WebElementNotFoundException: Web element with id: 'Object Repository/Modulo Pruebas Planta de Personal/Impresión_de_descripción_del_cargo/span_01072021' located by '//*/text()[normalize-space(.)='01/07/2021']/parent::*' not found
	at com.kms.katalon.core.webui.common.WebUiCommonHelper.findWebElement(WebUiCommonHelper.java:1370)
	at com.kms.katalon.core.webui.keyword.internal.WebUIAbstractKeyword.findWebElement(WebUIAbstractKeyword.groovy:27)
	at com.kms.katalon.core.webui.keyword.builtin.ClickKeyword$_click_closure1.doCall(ClickKeyword.groovy:65)
	at com.kms.katalon.core.webui.keyword.builtin.ClickKeyword$_click_closure1.call(ClickKeyword.groovy)
	at com.kms.katalon.core.webui.keyword.internal.WebUIKeywordMain.runKeyword(WebUIKeywordMain.groovy:20)
	... 19 more]]></system-err>
      </testcase>
      <testcase name="Test Cases/1.2-Tareas_Secundarias/A.2-Pruebas_planta_personal/12.2.8-Acto_administrativo-Crear_puesto" time="30.699" classname="Test Cases/1.2-Tareas_Secundarias/A.2-Pruebas_planta_personal/12.2.8-Acto_administrativo-Crear_puesto" status="PASSED">
         <system-out><![CDATA[2022-03-29 19:39:44 - [TEST_CASE][PASSED] - Test Cases/1.2-Tareas_Secundarias/A.2-Pruebas_planta_personal/12.2.8-Acto_administrativo-Crear_puesto: Test Cases/1.2-Tareas_Secundarias/A.2-Pruebas_planta_personal/12.2.8-Acto_administrativo-Crear_puesto

2022-03-29 19:39:45 - [TEST_STEP][PASSED] - callTestCase(findTestCase("0.1-Login"), [:], STOP_ON_FAILURE): Call Test Case 'Test Cases/0.1-Login' successfully

2022-03-29 19:39:45 - [TEST_CASE][PASSED] - Test Cases/0.1-Login: Test Cases/0.1-Login

2022-03-29 19:39:45 - [TEST_STEP][PASSED] - openBrowser(""): Browser is opened with url: ''

2022-03-29 19:39:45 - [MESSAGE][WARNING] - A browser is already opened. Closing browser and opening a new one

2022-03-29 19:39:45 - [MESSAGE][INFO] - Starting 'Chrome' driver

2022-03-29 19:39:45 - [MESSAGE][INFO] - Action delay is set to 50 milliseconds

2022-03-29 19:39:47 - [MESSAGE][PASSED] - Browser is opened with url: ''

2022-03-29 19:39:47 - [TEST_STEP][PASSED] - maximizeWindow(): Current window maximized

2022-03-29 19:39:47 - [MESSAGE][PASSED] - Current window maximized

2022-03-29 19:39:47 - [TEST_STEP][PASSED] - i = G_Login: null

2022-03-29 19:39:47 - [TEST_STEP][PASSED] - url = new java.net.URL(i): null

2022-03-29 19:39:47 - [TEST_STEP][PASSED] - println("URL: " + url.toString()): null

2022-03-29 19:39:47 - [TEST_STEP][PASSED] - connection = url.openConnection(): null

2022-03-29 19:39:47 - [TEST_STEP][PASSED] - connection.setRequestMethod("GET"): null

2022-03-29 19:39:47 - [TEST_STEP][PASSED] - connection.setReadTimeout(2 * 1000): null

2022-03-29 19:39:47 - [TEST_STEP][PASSED] - try: null

2022-03-29 19:39:47 - [TEST_STEP][PASSED] - connection.connect(): null

2022-03-29 19:39:47 - [TEST_STEP][PASSED] - flag = connected: null

2022-03-29 19:39:47 - [TEST_STEP][PASSED] - println("Valor_ori: " + flag): null

2022-03-29 19:39:47 - [TEST_STEP][PASSED] - if (flag): null

2022-03-29 19:39:47 - [TEST_STEP][PASSED] - navigateToUrl(i): Navigate to 'http://192.168.2.19:8380/saraweb' successfully

2022-03-29 19:39:47 - [MESSAGE][PASSED] - Navigate to 'http://192.168.2.19:8380/saraweb' successfully

2022-03-29 19:39:47 - [TEST_STEP][PASSED] - a(): null

2022-03-29 19:39:47 - [TEST_STEP][PASSED] - setText(findTestObject("Login/input_USUARIO_loginusuario"), G_Usuario): Text 'saraadmin' is set on object 'Object Repository/Login/input_USUARIO_loginusuario'

2022-03-29 19:39:49 - [MESSAGE][PASSED] - Text 'saraadmin' is set on object 'Object Repository/Login/input_USUARIO_loginusuario'

2022-03-29 19:39:49 - [TEST_STEP][PASSED] - setEncryptedText(findTestObject("Login/input_CLAVE_loginpassword"), "MkG4/TYiCFC3cb2driP7+Q=="): Text ****** has been set on object 'Object Repository/Login/input_CLAVE_loginpassword'

2022-03-29 19:39:49 - [MESSAGE][PASSED] - Text ****** has been set on object 'Object Repository/Login/input_CLAVE_loginpassword'

2022-03-29 19:39:49 - [TEST_STEP][PASSED] - waitForElementClickable(findTestObject("Login/a_Ingresar"), G_TimeOut): Object 'Object Repository/Login/a_Ingresar' is clickable

2022-03-29 19:39:50 - [MESSAGE][PASSED] - Object 'Object Repository/Login/a_Ingresar' is clickable

2022-03-29 19:39:50 - [TEST_STEP][PASSED] - click(findTestObject("Login/a_Ingresar")): Object: 'Object Repository/Login/a_Ingresar' is clicked on

2022-03-29 19:39:51 - [MESSAGE][PASSED] - Object: 'Object Repository/Login/a_Ingresar' is clicked on

2022-03-29 19:39:51 - [TEST_STEP][PASSED] - element = findWebElement(findTestObject("Login/a_Ir"), 30): null

2022-03-29 19:39:51 - [TEST_STEP][PASSED] - executeJavaScript("arguments[0].click()", Arrays.asList(element)): Execute JavaScript 'arguments[0].click()' successfully

2022-03-29 19:39:51 - [MESSAGE][PASSED] - Execute JavaScript 'arguments[0].click()' successfully

2022-03-29 19:39:51 - [MESSAGE][PASSED] - Call Test Case 'Test Cases/0.1-Login' successfully

2022-03-29 19:39:51 - [TEST_STEP][PASSED] - setText(findTestObject("Modulo Pruebas Planta de Personal/Acto_administrativo-Crear_puesto/input_Empresa 1_form_templatej_idt24_input"), "Actos administrativos"): Text 'Actos administrativos' is set on object 'Object Repository/Modulo Pruebas Planta de Personal/Acto_administrativo-Crear_puesto/input_Empresa 1_form_templatej_idt24_input'

2022-03-29 19:39:53 - [MESSAGE][PASSED] - Text 'Actos administrativos' is set on object 'Object Repository/Modulo Pruebas Planta de Personal/Acto_administrativo-Crear_puesto/input_Empresa 1_form_templatej_idt24_input'

2022-03-29 19:39:53 - [TEST_STEP][PASSED] - click(findTestObject("Modulo Pruebas Planta de Personal/Acto_administrativo-Crear_puesto/li_Actos Administrativos (act)")): Object: 'Object Repository/Modulo Pruebas Planta de Personal/Acto_administrativo-Crear_puesto/li_Actos Administrativos (act)' is clicked on

2022-03-29 19:39:54 - [MESSAGE][PASSED] - Object: 'Object Repository/Modulo Pruebas Planta de Personal/Acto_administrativo-Crear_puesto/li_Actos Administrativos (act)' is clicked on

2022-03-29 19:39:54 - [TEST_STEP][PASSED] - click(findTestObject("Modulo Pruebas Planta de Personal/Acto_administrativo-Crear_puesto/i_Actos Ausencia_glyphicons glyphicons-user-structure x3 icon-acto")): Object: 'Object Repository/Modulo Pruebas Planta de Personal/Acto_administrativo-Crear_puesto/i_Actos Ausencia_glyphicons glyphicons-user-structure x3 icon-acto' is clicked on

2022-03-29 19:39:55 - [MESSAGE][PASSED] - Object: 'Object Repository/Modulo Pruebas Planta de Personal/Acto_administrativo-Crear_puesto/i_Actos Ausencia_glyphicons glyphicons-user-structure x3 icon-acto' is clicked on

2022-03-29 19:39:55 - [TEST_STEP][PASSED] - click(findTestObject("Modulo Pruebas Planta de Personal/Acto_administrativo-Crear_puesto/a_Acto Movimento de planta_form_ActosAdministrativostabla_principal_10j_idt79")): Object: 'Object Repository/Modulo Pruebas Planta de Personal/Acto_administrativo-Crear_puesto/a_Acto Movimento de planta_form_ActosAdministrativostabla_principal_10j_idt79' is clicked on

2022-03-29 19:39:56 - [MESSAGE][PASSED] - Object: 'Object Repository/Modulo Pruebas Planta de Personal/Acto_administrativo-Crear_puesto/a_Acto Movimento de planta_form_ActosAdministrativostabla_principal_10j_idt79' is clicked on

2022-03-29 19:39:56 - [TEST_STEP][PASSED] - click(findTestObject("Modulo Pruebas Planta de Personal/Acto_administrativo-Crear_puesto/span_crea puesto trabajo")): Object: 'Object Repository/Modulo Pruebas Planta de Personal/Acto_administrativo-Crear_puesto/span_crea puesto trabajo' is clicked on

2022-03-29 19:39:56 - [MESSAGE][PASSED] - Object: 'Object Repository/Modulo Pruebas Planta de Personal/Acto_administrativo-Crear_puesto/span_crea puesto trabajo' is clicked on

2022-03-29 19:39:56 - [TEST_STEP][PASSED] - setText(findTestObject("Modulo Pruebas Planta de Personal/Acto_administrativo-Crear_puesto/input__form_actoMovPlantaj_idt18340idTexto"), "1010220596"): Text '1010220596' is set on object 'Object Repository/Modulo Pruebas Planta de Personal/Acto_administrativo-Crear_puesto/input__form_actoMovPlantaj_idt18340idTexto'

2022-03-29 19:39:58 - [MESSAGE][PASSED] - Text '1010220596' is set on object 'Object Repository/Modulo Pruebas Planta de Personal/Acto_administrativo-Crear_puesto/input__form_actoMovPlantaj_idt18340idTexto'

2022-03-29 19:39:58 - [TEST_STEP][PASSED] - click(findTestObject("Modulo Pruebas Planta de Personal/Acto_administrativo-Crear_puesto/a_Unidad Organizacional_form_actoMovPlantaunidad")): Object: 'Object Repository/Modulo Pruebas Planta de Personal/Acto_administrativo-Crear_puesto/a_Unidad Organizacional_form_actoMovPlantaunidad' is clicked on

2022-03-29 19:39:58 - [MESSAGE][PASSED] - Object: 'Object Repository/Modulo Pruebas Planta de Personal/Acto_administrativo-Crear_puesto/a_Unidad Organizacional_form_actoMovPlantaunidad' is clicked on

2022-03-29 19:39:58 - [TEST_STEP][PASSED] - setText(findTestObject("Modulo Pruebas Planta de Personal/Acto_administrativo-Crear_puesto/input_Unidad_form_popupUnidadUsuarioj_idt1425"), "administracion"): Text 'administracion' is set on object 'Object Repository/Modulo Pruebas Planta de Personal/Acto_administrativo-Crear_puesto/input_Unidad_form_popupUnidadUsuarioj_idt1425'

2022-03-29 19:40:00 - [MESSAGE][PASSED] - Text 'administracion' is set on object 'Object Repository/Modulo Pruebas Planta de Personal/Acto_administrativo-Crear_puesto/input_Unidad_form_popupUnidadUsuarioj_idt1425'

2022-03-29 19:40:00 - [TEST_STEP][PASSED] - sendKeys(findTestObject("Modulo Pruebas Planta de Personal/Acto_administrativo-Crear_puesto/input_Unidad_form_popupUnidadUsuarioj_idt1425"), Keys.chord(ENTER)): Keys 'ENTER + ' sent to object: 'Object Repository/Modulo Pruebas Planta de Personal/Acto_administrativo-Crear_puesto/input_Unidad_form_popupUnidadUsuarioj_idt1425'

2022-03-29 19:40:00 - [MESSAGE][PASSED] - Keys 'ENTER + ' sent to object: 'Object Repository/Modulo Pruebas Planta de Personal/Acto_administrativo-Crear_puesto/input_Unidad_form_popupUnidadUsuarioj_idt1425'

2022-03-29 19:40:00 - [TEST_STEP][PASSED] - click(findTestObject("Modulo Pruebas Planta de Personal/Acto_administrativo-Crear_puesto/span_ADMINISTRACION")): Object: 'Object Repository/Modulo Pruebas Planta de Personal/Acto_administrativo-Crear_puesto/span_ADMINISTRACION' is clicked on

2022-03-29 19:40:01 - [MESSAGE][PASSED] - Object: 'Object Repository/Modulo Pruebas Planta de Personal/Acto_administrativo-Crear_puesto/span_ADMINISTRACION' is clicked on

2022-03-29 19:40:01 - [TEST_STEP][PASSED] - click(findTestObject("Modulo Pruebas Planta de Personal/Acto_administrativo-Crear_puesto/a_Cargo_form_actoMovPlantacargo")): Object: 'Object Repository/Modulo Pruebas Planta de Personal/Acto_administrativo-Crear_puesto/a_Cargo_form_actoMovPlantacargo' is clicked on

2022-03-29 19:40:02 - [MESSAGE][PASSED] - Object: 'Object Repository/Modulo Pruebas Planta de Personal/Acto_administrativo-Crear_puesto/a_Cargo_form_actoMovPlantacargo' is clicked on

2022-03-29 19:40:02 - [TEST_STEP][PASSED] - click(findTestObject("Modulo Pruebas Planta de Personal/Acto_administrativo-Crear_puesto/span_ANALISTA CONTABLE")): Object: 'Object Repository/Modulo Pruebas Planta de Personal/Acto_administrativo-Crear_puesto/span_ANALISTA CONTABLE' is clicked on

2022-03-29 19:40:02 - [MESSAGE][PASSED] - Object: 'Object Repository/Modulo Pruebas Planta de Personal/Acto_administrativo-Crear_puesto/span_ANALISTA CONTABLE' is clicked on

2022-03-29 19:40:02 - [TEST_STEP][PASSED] - selectOptionByIndex(findTestObject("Modulo Pruebas Planta de Personal/Acto_administrativo-Crear_puesto/select_AMPLEADO"), 2): All options with index in [2] are selected on object 'Object Repository/Modulo Pruebas Planta de Personal/Acto_administrativo-Crear_puesto/select_AMPLEADO'

2022-03-29 19:40:04 - [MESSAGE][PASSED] - All options with index in [2] are selected on object 'Object Repository/Modulo Pruebas Planta de Personal/Acto_administrativo-Crear_puesto/select_AMPLEADO'

2022-03-29 19:40:04 - [TEST_STEP][PASSED] - selectOptionByIndex(findTestObject("Modulo Pruebas Planta de Personal/Acto_administrativo-Crear_puesto/select_2120 HORAS1240 HORAS0NO DEFINIDO"), 2): All options with index in [2] are selected on object 'Object Repository/Modulo Pruebas Planta de Personal/Acto_administrativo-Crear_puesto/select_2120 HORAS1240 HORAS0NO DEFINIDO'

2022-03-29 19:40:05 - [MESSAGE][PASSED] - All options with index in [2] are selected on object 'Object Repository/Modulo Pruebas Planta de Personal/Acto_administrativo-Crear_puesto/select_2120 HORAS1240 HORAS0NO DEFINIDO'

2022-03-29 19:40:05 - [TEST_STEP][PASSED] - selectOptionByIndex(findTestObject("Modulo Pruebas Planta de Personal/Acto_administrativo-Crear_puesto/select_NOMINA MENSUALNOMINA QUINCENAL"), 3): All options with index in [3] are selected on object 'Object Repository/Modulo Pruebas Planta de Personal/Acto_administrativo-Crear_puesto/select_NOMINA MENSUALNOMINA QUINCENAL'

2022-03-29 19:40:06 - [MESSAGE][PASSED] - All options with index in [3] are selected on object 'Object Repository/Modulo Pruebas Planta de Personal/Acto_administrativo-Crear_puesto/select_NOMINA MENSUALNOMINA QUINCENAL'

2022-03-29 19:40:06 - [TEST_STEP][PASSED] - selectOptionByIndex(findTestObject("Modulo Pruebas Planta de Personal/Acto_administrativo-Crear_puesto/select_0.5APRENDIZ ETAPA LECTIVA6APRENDIZ ETAPA PRODUCTIVA96ASISTENTE DE INVESTIGACION11"), 8): All options with index in [8] are selected on object 'Object Repository/Modulo Pruebas Planta de Personal/Acto_administrativo-Crear_puesto/select_0.5APRENDIZ ETAPA LECTIVA6APRENDIZ ETAPA PRODUCTIVA96ASISTENTE DE INVESTIGACION11'

2022-03-29 19:40:08 - [MESSAGE][PASSED] - All options with index in [8] are selected on object 'Object Repository/Modulo Pruebas Planta de Personal/Acto_administrativo-Crear_puesto/select_0.5APRENDIZ ETAPA LECTIVA6APRENDIZ ETAPA PRODUCTIVA96ASISTENTE DE INVESTIGACION11'

2022-03-29 19:40:08 - [TEST_STEP][PASSED] - setText(findTestObject("Modulo Pruebas Planta de Personal/Acto_administrativo-Crear_puesto/input_Sueldo_form_actoMovPlantasueldo"), "1200000"): Text '1200000' is set on object 'Object Repository/Modulo Pruebas Planta de Personal/Acto_administrativo-Crear_puesto/input_Sueldo_form_actoMovPlantasueldo'

2022-03-29 19:40:09 - [MESSAGE][PASSED] - Text '1200000' is set on object 'Object Repository/Modulo Pruebas Planta de Personal/Acto_administrativo-Crear_puesto/input_Sueldo_form_actoMovPlantasueldo'

2022-03-29 19:40:09 - [TEST_STEP][PASSED] - click(findTestObject("Modulo Pruebas Planta de Personal/Acto_administrativo-Crear_puesto/a_Continuar")): Object: 'Object Repository/Modulo Pruebas Planta de Personal/Acto_administrativo-Crear_puesto/a_Continuar' is clicked on

2022-03-29 19:40:09 - [MESSAGE][PASSED] - Object: 'Object Repository/Modulo Pruebas Planta de Personal/Acto_administrativo-Crear_puesto/a_Continuar' is clicked on

2022-03-29 19:40:09 - [TEST_STEP][PASSED] - doubleClick(findTestObject("Modulo Pruebas Planta de Personal/Acto_administrativo-Crear_puesto/a_Aceptar")): Object: 'Object Repository/Modulo Pruebas Planta de Personal/Acto_administrativo-Crear_puesto/a_Aceptar' is double clicked on

2022-03-29 19:40:11 - [MESSAGE][PASSED] - Object: 'Object Repository/Modulo Pruebas Planta de Personal/Acto_administrativo-Crear_puesto/a_Aceptar' is double clicked on

2022-03-29 19:40:11 - [TEST_STEP][PASSED] - click(findTestObject("Modulo Pruebas Planta de Personal/Acto_administrativo-Crear_puesto/a_Aplicar")): Object: 'Object Repository/Modulo Pruebas Planta de Personal/Acto_administrativo-Crear_puesto/a_Aplicar' is clicked on

2022-03-29 19:40:12 - [MESSAGE][PASSED] - Object: 'Object Repository/Modulo Pruebas Planta de Personal/Acto_administrativo-Crear_puesto/a_Aplicar' is clicked on

2022-03-29 19:40:12 - [TEST_STEP][PASSED] - click(findTestObject("Modulo Pruebas Planta de Personal/Acto_administrativo-Crear_puesto/span_Si")): Object: 'Object Repository/Modulo Pruebas Planta de Personal/Acto_administrativo-Crear_puesto/span_Si' is clicked on

2022-03-29 19:40:13 - [MESSAGE][PASSED] - Object: 'Object Repository/Modulo Pruebas Planta de Personal/Acto_administrativo-Crear_puesto/span_Si' is clicked on

2022-03-29 19:40:13 - [TEST_STEP][PASSED] - doubleClick(findTestObject("Modulo Pruebas Planta de Personal/Acto_administrativo-Crear_puesto/a_Aceptar")): Object: 'Object Repository/Modulo Pruebas Planta de Personal/Acto_administrativo-Crear_puesto/a_Aceptar' is double clicked on

2022-03-29 19:40:14 - [MESSAGE][PASSED] - Object: 'Object Repository/Modulo Pruebas Planta de Personal/Acto_administrativo-Crear_puesto/a_Aceptar' is double clicked on

2022-03-29 19:40:14 - [TEST_STEP][PASSED] - if (waitForElementVisible(findTestObject("Modulo Pruebas Planta de Personal/Acto_administrativo-Crear_puesto/span_crea puesto trabajo"), 1)): null

2022-03-29 19:40:14 - [MESSAGE][PASSED] - Object 'Object Repository/Modulo Pruebas Planta de Personal/Acto_administrativo-Crear_puesto/span_crea puesto trabajo' is visible

2022-03-29 19:40:14 - [TEST_STEP][PASSED] - closeBrowser(): Browser is closed

2022-03-29 19:40:15 - [MESSAGE][PASSED] - Browser is closed]]></system-out>
         <system-err><![CDATA[]]></system-err>
      </testcase>
      <testcase name="Test Cases/1.2-Tareas_Secundarias/A.2-Pruebas_planta_personal/12.2.9-Acto_administrativo-Traslado_puesto" time="27.119" classname="Test Cases/1.2-Tareas_Secundarias/A.2-Pruebas_planta_personal/12.2.9-Acto_administrativo-Traslado_puesto" status="PASSED">
         <system-out><![CDATA[2022-03-29 19:40:15 - [TEST_CASE][PASSED] - Test Cases/1.2-Tareas_Secundarias/A.2-Pruebas_planta_personal/12.2.9-Acto_administrativo-Traslado_puesto: Test Cases/1.2-Tareas_Secundarias/A.2-Pruebas_planta_personal/12.2.9-Acto_administrativo-Traslado_puesto

2022-03-29 19:40:15 - [TEST_STEP][PASSED] - today = new java.util.Date(): null

2022-03-29 19:40:15 - [TEST_STEP][PASSED] - Dia = today.format("dd"): null

2022-03-29 19:40:15 - [TEST_STEP][PASSED] - Mes = today.format("MM"): null

2022-03-29 19:40:15 - [TEST_STEP][PASSED] - Año = today.format("yyy"): null

2022-03-29 19:40:15 - [TEST_STEP][PASSED] - Fecha = Dia + "/" + Mes + "/" + Año: null

2022-03-29 19:40:15 - [TEST_STEP][PASSED] - callTestCase(findTestCase("0.1-Login"), [:], STOP_ON_FAILURE): Call Test Case 'Test Cases/0.1-Login' successfully

2022-03-29 19:40:15 - [TEST_CASE][PASSED] - Test Cases/0.1-Login: Test Cases/0.1-Login

2022-03-29 19:40:16 - [TEST_STEP][PASSED] - openBrowser(""): Browser is opened with url: ''

2022-03-29 19:40:16 - [MESSAGE][INFO] - Starting 'Chrome' driver

2022-03-29 19:40:16 - [MESSAGE][INFO] - Action delay is set to 50 milliseconds

2022-03-29 19:40:17 - [MESSAGE][PASSED] - Browser is opened with url: ''

2022-03-29 19:40:17 - [TEST_STEP][PASSED] - maximizeWindow(): Current window maximized

2022-03-29 19:40:17 - [MESSAGE][PASSED] - Current window maximized

2022-03-29 19:40:17 - [TEST_STEP][PASSED] - i = G_Login: null

2022-03-29 19:40:17 - [TEST_STEP][PASSED] - url = new java.net.URL(i): null

2022-03-29 19:40:17 - [TEST_STEP][PASSED] - println("URL: " + url.toString()): null

2022-03-29 19:40:17 - [TEST_STEP][PASSED] - connection = url.openConnection(): null

2022-03-29 19:40:17 - [TEST_STEP][PASSED] - connection.setRequestMethod("GET"): null

2022-03-29 19:40:17 - [TEST_STEP][PASSED] - connection.setReadTimeout(2 * 1000): null

2022-03-29 19:40:17 - [TEST_STEP][PASSED] - try: null

2022-03-29 19:40:17 - [TEST_STEP][PASSED] - connection.connect(): null

2022-03-29 19:40:17 - [TEST_STEP][PASSED] - flag = connected: null

2022-03-29 19:40:17 - [TEST_STEP][PASSED] - println("Valor_ori: " + flag): null

2022-03-29 19:40:17 - [TEST_STEP][PASSED] - if (flag): null

2022-03-29 19:40:17 - [TEST_STEP][PASSED] - navigateToUrl(i): Navigate to 'http://192.168.2.19:8380/saraweb' successfully

2022-03-29 19:40:17 - [MESSAGE][PASSED] - Navigate to 'http://192.168.2.19:8380/saraweb' successfully

2022-03-29 19:40:17 - [TEST_STEP][PASSED] - a(): null

2022-03-29 19:40:17 - [TEST_STEP][PASSED] - setText(findTestObject("Login/input_USUARIO_loginusuario"), G_Usuario): Text 'saraadmin' is set on object 'Object Repository/Login/input_USUARIO_loginusuario'

2022-03-29 19:40:18 - [MESSAGE][PASSED] - Text 'saraadmin' is set on object 'Object Repository/Login/input_USUARIO_loginusuario'

2022-03-29 19:40:18 - [TEST_STEP][PASSED] - setEncryptedText(findTestObject("Login/input_CLAVE_loginpassword"), "MkG4/TYiCFC3cb2driP7+Q=="): Text ****** has been set on object 'Object Repository/Login/input_CLAVE_loginpassword'

2022-03-29 19:40:19 - [MESSAGE][PASSED] - Text ****** has been set on object 'Object Repository/Login/input_CLAVE_loginpassword'

2022-03-29 19:40:19 - [TEST_STEP][PASSED] - waitForElementClickable(findTestObject("Login/a_Ingresar"), G_TimeOut): Object 'Object Repository/Login/a_Ingresar' is clickable

2022-03-29 19:40:19 - [MESSAGE][PASSED] - Object 'Object Repository/Login/a_Ingresar' is clickable

2022-03-29 19:40:19 - [TEST_STEP][PASSED] - click(findTestObject("Login/a_Ingresar")): Object: 'Object Repository/Login/a_Ingresar' is clicked on

2022-03-29 19:40:20 - [MESSAGE][PASSED] - Object: 'Object Repository/Login/a_Ingresar' is clicked on

2022-03-29 19:40:20 - [TEST_STEP][PASSED] - element = findWebElement(findTestObject("Login/a_Ir"), 30): null

2022-03-29 19:40:21 - [TEST_STEP][PASSED] - executeJavaScript("arguments[0].click()", Arrays.asList(element)): Execute JavaScript 'arguments[0].click()' successfully

2022-03-29 19:40:21 - [MESSAGE][PASSED] - Execute JavaScript 'arguments[0].click()' successfully

2022-03-29 19:40:21 - [MESSAGE][PASSED] - Call Test Case 'Test Cases/0.1-Login' successfully

2022-03-29 19:40:21 - [TEST_STEP][PASSED] - setText(findTestObject("Modulo Pruebas Planta de Personal/Acto_administrativo-Traslado_puesto/input_Empresa 1_form_templatej_idt24_input"), "Actos administrativos"): Text 'Actos administrativos' is set on object 'Object Repository/Modulo Pruebas Planta de Personal/Acto_administrativo-Traslado_puesto/input_Empresa 1_form_templatej_idt24_input'

2022-03-29 19:40:22 - [MESSAGE][PASSED] - Text 'Actos administrativos' is set on object 'Object Repository/Modulo Pruebas Planta de Personal/Acto_administrativo-Traslado_puesto/input_Empresa 1_form_templatej_idt24_input'

2022-03-29 19:40:22 - [TEST_STEP][PASSED] - click(findTestObject("Modulo Pruebas Planta de Personal/Acto_administrativo-Traslado_puesto/span_Actos Administrativos")): Object: 'Object Repository/Modulo Pruebas Planta de Personal/Acto_administrativo-Traslado_puesto/span_Actos Administrativos' is clicked on

2022-03-29 19:40:24 - [MESSAGE][PASSED] - Object: 'Object Repository/Modulo Pruebas Planta de Personal/Acto_administrativo-Traslado_puesto/span_Actos Administrativos' is clicked on

2022-03-29 19:40:24 - [TEST_STEP][PASSED] - click(findTestObject("Modulo Pruebas Planta de Personal/Acto_administrativo-Traslado_puesto/i_Actos Ausencia_glyphicons glyphicons-user-structure x3 icon-acto")): Object: 'Object Repository/Modulo Pruebas Planta de Personal/Acto_administrativo-Traslado_puesto/i_Actos Ausencia_glyphicons glyphicons-user-structure x3 icon-acto' is clicked on

2022-03-29 19:40:25 - [MESSAGE][PASSED] - Object: 'Object Repository/Modulo Pruebas Planta de Personal/Acto_administrativo-Traslado_puesto/i_Actos Ausencia_glyphicons glyphicons-user-structure x3 icon-acto' is clicked on

2022-03-29 19:40:25 - [TEST_STEP][PASSED] - click(findTestObject("Modulo Pruebas Planta de Personal/Acto_administrativo-Traslado_puesto/a_Acto Movimento de planta_form_ActosAdministrativostabla_principal_10j_idt79")): Object: 'Object Repository/Modulo Pruebas Planta de Personal/Acto_administrativo-Traslado_puesto/a_Acto Movimento de planta_form_ActosAdministrativostabla_principal_10j_idt79' is clicked on

2022-03-29 19:40:25 - [MESSAGE][PASSED] - Object: 'Object Repository/Modulo Pruebas Planta de Personal/Acto_administrativo-Traslado_puesto/a_Acto Movimento de planta_form_ActosAdministrativostabla_principal_10j_idt79' is clicked on

2022-03-29 19:40:25 - [TEST_STEP][PASSED] - click(findTestObject("Modulo Pruebas Planta de Personal/Acto_administrativo-Traslado_puesto/span_movimiento de planta traslado puesto de trabajo")): Object: 'Object Repository/Modulo Pruebas Planta de Personal/Acto_administrativo-Traslado_puesto/span_movimiento de planta traslado puesto de trabajo' is clicked on

2022-03-29 19:40:26 - [MESSAGE][PASSED] - Object: 'Object Repository/Modulo Pruebas Planta de Personal/Acto_administrativo-Traslado_puesto/span_movimiento de planta traslado puesto de trabajo' is clicked on

2022-03-29 19:40:26 - [TEST_STEP][PASSED] - click(findTestObject("Modulo Pruebas Planta de Personal/Acto_administrativo-Traslado_puesto/a_Elaboracin_form_popupSeleccionDerogarj_idt138")): Object: 'Object Repository/Modulo Pruebas Planta de Personal/Acto_administrativo-Traslado_puesto/a_Elaboracin_form_popupSeleccionDerogarj_idt138' is clicked on

2022-03-29 19:40:27 - [MESSAGE][PASSED] - Object: 'Object Repository/Modulo Pruebas Planta de Personal/Acto_administrativo-Traslado_puesto/a_Elaboracin_form_popupSeleccionDerogarj_idt138' is clicked on

2022-03-29 19:40:27 - [TEST_STEP][PASSED] - setText(findTestObject("Modulo Pruebas Planta de Personal/Acto_administrativo-Traslado_puesto/input__form_actoMovPlantaLiberaTransladaj_idt20880idTexto"), "5"): Text '5' is set on object 'Object Repository/Modulo Pruebas Planta de Personal/Acto_administrativo-Traslado_puesto/input__form_actoMovPlantaLiberaTransladaj_idt20880idTexto'

2022-03-29 19:40:29 - [MESSAGE][PASSED] - Text '5' is set on object 'Object Repository/Modulo Pruebas Planta de Personal/Acto_administrativo-Traslado_puesto/input__form_actoMovPlantaLiberaTransladaj_idt20880idTexto'

2022-03-29 19:40:29 - [TEST_STEP][PASSED] - setText(findTestObject("Modulo Pruebas Planta de Personal/Acto_administrativo-Traslado_puesto/input__form_actoMovPlantaLiberaTransladaj_idt20881fecha_input"), Fecha): Text '29/03/2022' is set on object 'Object Repository/Modulo Pruebas Planta de Personal/Acto_administrativo-Traslado_puesto/input__form_actoMovPlantaLiberaTransladaj_idt20881fecha_input'

2022-03-29 19:40:30 - [MESSAGE][PASSED] - Text '29/03/2022' is set on object 'Object Repository/Modulo Pruebas Planta de Personal/Acto_administrativo-Traslado_puesto/input__form_actoMovPlantaLiberaTransladaj_idt20881fecha_input'

2022-03-29 19:40:30 - [TEST_STEP][PASSED] - click(findTestObject("Modulo Pruebas Planta de Personal/Acto_administrativo-Traslado_puesto/a_Unidad Organizacional_form_actoMovPlantaLiberaTransladaunidad_antes")): Object: 'Object Repository/Modulo Pruebas Planta de Personal/Acto_administrativo-Traslado_puesto/a_Unidad Organizacional_form_actoMovPlantaLiberaTransladaunidad_antes' is clicked on

2022-03-29 19:40:31 - [MESSAGE][PASSED] - Object: 'Object Repository/Modulo Pruebas Planta de Personal/Acto_administrativo-Traslado_puesto/a_Unidad Organizacional_form_actoMovPlantaLiberaTransladaunidad_antes' is clicked on

2022-03-29 19:40:31 - [TEST_STEP][PASSED] - setText(findTestObject("Modulo Pruebas Planta de Personal/Acto_administrativo-Traslado_puesto/input_Unidad_form_popupUnidadUsuarioj_idt1425"), "A1"): Text 'A1' is set on object 'Object Repository/Modulo Pruebas Planta de Personal/Acto_administrativo-Traslado_puesto/input_Unidad_form_popupUnidadUsuarioj_idt1425'

2022-03-29 19:40:32 - [MESSAGE][PASSED] - Text 'A1' is set on object 'Object Repository/Modulo Pruebas Planta de Personal/Acto_administrativo-Traslado_puesto/input_Unidad_form_popupUnidadUsuarioj_idt1425'

2022-03-29 19:40:32 - [TEST_STEP][PASSED] - sendKeys(findTestObject("Modulo Pruebas Planta de Personal/Acto_administrativo-Traslado_puesto/input_Unidad_form_popupUnidadUsuarioj_idt1425"), Keys.chord(ENTER)): Keys 'ENTER + ' sent to object: 'Object Repository/Modulo Pruebas Planta de Personal/Acto_administrativo-Traslado_puesto/input_Unidad_form_popupUnidadUsuarioj_idt1425'

2022-03-29 19:40:32 - [MESSAGE][PASSED] - Keys 'ENTER + ' sent to object: 'Object Repository/Modulo Pruebas Planta de Personal/Acto_administrativo-Traslado_puesto/input_Unidad_form_popupUnidadUsuarioj_idt1425'

2022-03-29 19:40:32 - [TEST_STEP][PASSED] - click(findTestObject("Modulo Pruebas Planta de Personal/Acto_administrativo-Traslado_puesto/span_ADMINISTRACION")): Object: 'Object Repository/Modulo Pruebas Planta de Personal/Acto_administrativo-Traslado_puesto/span_ADMINISTRACION' is clicked on

2022-03-29 19:40:33 - [MESSAGE][PASSED] - Object: 'Object Repository/Modulo Pruebas Planta de Personal/Acto_administrativo-Traslado_puesto/span_ADMINISTRACION' is clicked on

2022-03-29 19:40:33 - [TEST_STEP][PASSED] - click(findTestObject("Modulo Pruebas Planta de Personal/Acto_administrativo-Traslado_puesto/a_Cargo_form_actoMovPlantaLiberaTransladacargo_antes")): Object: 'Object Repository/Modulo Pruebas Planta de Personal/Acto_administrativo-Traslado_puesto/a_Cargo_form_actoMovPlantaLiberaTransladacargo_antes' is clicked on

2022-03-29 19:40:34 - [MESSAGE][PASSED] - Object: 'Object Repository/Modulo Pruebas Planta de Personal/Acto_administrativo-Traslado_puesto/a_Cargo_form_actoMovPlantaLiberaTransladacargo_antes' is clicked on

2022-03-29 19:40:34 - [TEST_STEP][PASSED] - click(findTestObject("Modulo Pruebas Planta de Personal/Acto_administrativo-Traslado_puesto/span_ANALISTA CONTABLE")): Object: 'Object Repository/Modulo Pruebas Planta de Personal/Acto_administrativo-Traslado_puesto/span_ANALISTA CONTABLE' is clicked on

2022-03-29 19:40:35 - [MESSAGE][PASSED] - Object: 'Object Repository/Modulo Pruebas Planta de Personal/Acto_administrativo-Traslado_puesto/span_ANALISTA CONTABLE' is clicked on

2022-03-29 19:40:35 - [TEST_STEP][PASSED] - click(findTestObject("Modulo Pruebas Planta de Personal/Acto_administrativo-Traslado_puesto/a_Continuar")): Object: 'Object Repository/Modulo Pruebas Planta de Personal/Acto_administrativo-Traslado_puesto/a_Continuar' is clicked on

2022-03-29 19:40:35 - [MESSAGE][PASSED] - Object: 'Object Repository/Modulo Pruebas Planta de Personal/Acto_administrativo-Traslado_puesto/a_Continuar' is clicked on

2022-03-29 19:40:35 - [TEST_STEP][PASSED] - click(findTestObject("Modulo Pruebas Planta de Personal/Acto_administrativo-Traslado_puesto/td")): Object: 'Object Repository/Modulo Pruebas Planta de Personal/Acto_administrativo-Traslado_puesto/td' is clicked on

2022-03-29 19:40:37 - [MESSAGE][PASSED] - Object: 'Object Repository/Modulo Pruebas Planta de Personal/Acto_administrativo-Traslado_puesto/td' is clicked on

2022-03-29 19:40:37 - [TEST_STEP][PASSED] - click(findTestObject("Modulo Pruebas Planta de Personal/Acto_administrativo-Traslado_puesto/a_Continuar")): Object: 'Object Repository/Modulo Pruebas Planta de Personal/Acto_administrativo-Traslado_puesto/a_Continuar' is clicked on

2022-03-29 19:40:38 - [MESSAGE][PASSED] - Object: 'Object Repository/Modulo Pruebas Planta de Personal/Acto_administrativo-Traslado_puesto/a_Continuar' is clicked on

2022-03-29 19:40:38 - [TEST_STEP][PASSED] - click(findTestObject("Modulo Pruebas Planta de Personal/Acto_administrativo-Traslado_puesto/a_Aplicar")): Object: 'Object Repository/Modulo Pruebas Planta de Personal/Acto_administrativo-Traslado_puesto/a_Aplicar' is clicked on

2022-03-29 19:40:39 - [MESSAGE][PASSED] - Object: 'Object Repository/Modulo Pruebas Planta de Personal/Acto_administrativo-Traslado_puesto/a_Aplicar' is clicked on

2022-03-29 19:40:39 - [TEST_STEP][PASSED] - click(findTestObject("Modulo Pruebas Planta de Personal/Acto_administrativo-Traslado_puesto/span_Si")): Object: 'Object Repository/Modulo Pruebas Planta de Personal/Acto_administrativo-Traslado_puesto/span_Si' is clicked on

2022-03-29 19:40:39 - [MESSAGE][PASSED] - Object: 'Object Repository/Modulo Pruebas Planta de Personal/Acto_administrativo-Traslado_puesto/span_Si' is clicked on

2022-03-29 19:40:39 - [TEST_STEP][PASSED] - waitForElementVisible(findTestObject("Modulo Pruebas Planta de Personal/Acto_administrativo-Traslado_puesto/label_EL SISTEMA HA GENERADO EL ACTO ADMINISTRATIVO CORRECTAMENTE"), 0): Object 'Object Repository/Modulo Pruebas Planta de Personal/Acto_administrativo-Traslado_puesto/label_EL SISTEMA HA GENERADO EL ACTO ADMINISTRATIVO CORRECTAMENTE' is visible

2022-03-29 19:40:39 - [MESSAGE][WARNING] - Timeout '0' is invalid. Using default page load timeout: '45'

2022-03-29 19:40:40 - [MESSAGE][PASSED] - Object 'Object Repository/Modulo Pruebas Planta de Personal/Acto_administrativo-Traslado_puesto/label_EL SISTEMA HA GENERADO EL ACTO ADMINISTRATIVO CORRECTAMENTE' is visible

2022-03-29 19:40:40 - [TEST_STEP][PASSED] - click(findTestObject("Modulo Pruebas Planta de Personal/Acto_administrativo-Traslado_puesto/a_Aceptar")): Object: 'Object Repository/Modulo Pruebas Planta de Personal/Acto_administrativo-Traslado_puesto/a_Aceptar' is clicked on

2022-03-29 19:40:41 - [MESSAGE][PASSED] - Object: 'Object Repository/Modulo Pruebas Planta de Personal/Acto_administrativo-Traslado_puesto/a_Aceptar' is clicked on

2022-03-29 19:40:41 - [TEST_STEP][PASSED] - if (waitForElementVisible(findTestObject("Modulo Pruebas Planta de Personal/Acto_administrativo-Traslado_puesto/span_movimiento de planta traslado puesto de trabajo"), 1)): null

2022-03-29 19:40:41 - [MESSAGE][PASSED] - Object 'Object Repository/Modulo Pruebas Planta de Personal/Acto_administrativo-Traslado_puesto/span_movimiento de planta traslado puesto de trabajo' is visible

2022-03-29 19:40:41 - [TEST_STEP][PASSED] - closeBrowser(): Browser is closed

2022-03-29 19:40:42 - [MESSAGE][PASSED] - Browser is closed]]></system-out>
         <system-err><![CDATA[]]></system-err>
      </testcase>
      <testcase name="Test Cases/1.2-Tareas_Secundarias/A.3-Pruebas_control_tiempos/13.1.2-Sitios_de_Trabajo" time="15.008" classname="Test Cases/1.2-Tareas_Secundarias/A.3-Pruebas_control_tiempos/13.1.2-Sitios_de_Trabajo" status="PASSED">
         <system-out><![CDATA[2022-03-29 19:40:42 - [TEST_CASE][PASSED] - Test Cases/1.2-Tareas_Secundarias/A.3-Pruebas_control_tiempos/13.1.2-Sitios_de_Trabajo: Test Cases/1.2-Tareas_Secundarias/A.3-Pruebas_control_tiempos/13.1.2-Sitios_de_Trabajo

2022-03-29 19:40:43 - [TEST_STEP][PASSED] - callTestCase(findTestCase("0.1-Login"), [:], STOP_ON_FAILURE): Call Test Case 'Test Cases/0.1-Login' successfully

2022-03-29 19:40:43 - [TEST_CASE][PASSED] - Test Cases/0.1-Login: Test Cases/0.1-Login

2022-03-29 19:40:43 - [TEST_STEP][PASSED] - openBrowser(""): Browser is opened with url: ''

2022-03-29 19:40:43 - [MESSAGE][INFO] - Starting 'Chrome' driver

2022-03-29 19:40:43 - [MESSAGE][INFO] - Action delay is set to 50 milliseconds

2022-03-29 19:40:44 - [MESSAGE][PASSED] - Browser is opened with url: ''

2022-03-29 19:40:44 - [TEST_STEP][PASSED] - maximizeWindow(): Current window maximized

2022-03-29 19:40:44 - [MESSAGE][PASSED] - Current window maximized

2022-03-29 19:40:44 - [TEST_STEP][PASSED] - i = G_Login: null

2022-03-29 19:40:44 - [TEST_STEP][PASSED] - url = new java.net.URL(i): null

2022-03-29 19:40:44 - [TEST_STEP][PASSED] - println("URL: " + url.toString()): null

2022-03-29 19:40:44 - [TEST_STEP][PASSED] - connection = url.openConnection(): null

2022-03-29 19:40:44 - [TEST_STEP][PASSED] - connection.setRequestMethod("GET"): null

2022-03-29 19:40:44 - [TEST_STEP][PASSED] - connection.setReadTimeout(2 * 1000): null

2022-03-29 19:40:44 - [TEST_STEP][PASSED] - try: null

2022-03-29 19:40:44 - [TEST_STEP][PASSED] - connection.connect(): null

2022-03-29 19:40:44 - [TEST_STEP][PASSED] - flag = connected: null

2022-03-29 19:40:44 - [TEST_STEP][PASSED] - println("Valor_ori: " + flag): null

2022-03-29 19:40:44 - [TEST_STEP][PASSED] - if (flag): null

2022-03-29 19:40:44 - [TEST_STEP][PASSED] - navigateToUrl(i): Navigate to 'http://192.168.2.19:8380/saraweb' successfully

2022-03-29 19:40:45 - [MESSAGE][PASSED] - Navigate to 'http://192.168.2.19:8380/saraweb' successfully

2022-03-29 19:40:45 - [TEST_STEP][PASSED] - a(): null

2022-03-29 19:40:45 - [TEST_STEP][PASSED] - setText(findTestObject("Login/input_USUARIO_loginusuario"), G_Usuario): Text 'saraadmin' is set on object 'Object Repository/Login/input_USUARIO_loginusuario'

2022-03-29 19:40:46 - [MESSAGE][PASSED] - Text 'saraadmin' is set on object 'Object Repository/Login/input_USUARIO_loginusuario'

2022-03-29 19:40:46 - [TEST_STEP][PASSED] - setEncryptedText(findTestObject("Login/input_CLAVE_loginpassword"), "MkG4/TYiCFC3cb2driP7+Q=="): Text ****** has been set on object 'Object Repository/Login/input_CLAVE_loginpassword'

2022-03-29 19:40:46 - [MESSAGE][PASSED] - Text ****** has been set on object 'Object Repository/Login/input_CLAVE_loginpassword'

2022-03-29 19:40:46 - [TEST_STEP][PASSED] - waitForElementClickable(findTestObject("Login/a_Ingresar"), G_TimeOut): Object 'Object Repository/Login/a_Ingresar' is clickable

2022-03-29 19:40:47 - [MESSAGE][PASSED] - Object 'Object Repository/Login/a_Ingresar' is clickable

2022-03-29 19:40:47 - [TEST_STEP][PASSED] - click(findTestObject("Login/a_Ingresar")): Object: 'Object Repository/Login/a_Ingresar' is clicked on

2022-03-29 19:40:48 - [MESSAGE][PASSED] - Object: 'Object Repository/Login/a_Ingresar' is clicked on

2022-03-29 19:40:48 - [TEST_STEP][PASSED] - element = findWebElement(findTestObject("Login/a_Ir"), 30): null

2022-03-29 19:40:49 - [TEST_STEP][PASSED] - executeJavaScript("arguments[0].click()", Arrays.asList(element)): Execute JavaScript 'arguments[0].click()' successfully

2022-03-29 19:40:49 - [MESSAGE][PASSED] - Execute JavaScript 'arguments[0].click()' successfully

2022-03-29 19:40:49 - [MESSAGE][PASSED] - Call Test Case 'Test Cases/0.1-Login' successfully

2022-03-29 19:40:49 - [TEST_STEP][PASSED] - setText(findTestObject("Modulo control tiempo/Sitios_de_Trabajo/input_Empresa 1_form_templatej_idt24_input"), "listado persona"): Text 'listado persona' is set on object 'Object Repository/Modulo control tiempo/Sitios_de_Trabajo/input_Empresa 1_form_templatej_idt24_input'

2022-03-29 19:40:50 - [MESSAGE][PASSED] - Text 'listado persona' is set on object 'Object Repository/Modulo control tiempo/Sitios_de_Trabajo/input_Empresa 1_form_templatej_idt24_input'

2022-03-29 19:40:50 - [TEST_STEP][PASSED] - click(findTestObject("Modulo control tiempo/Sitios_de_Trabajo/span_Listado Persona")): Object: 'Object Repository/Modulo control tiempo/Sitios_de_Trabajo/span_Listado Persona' is clicked on

2022-03-29 19:40:51 - [MESSAGE][PASSED] - Object: 'Object Repository/Modulo control tiempo/Sitios_de_Trabajo/span_Listado Persona' is clicked on

2022-03-29 19:40:51 - [TEST_STEP][PASSED] - click(findTestObject("Modulo control tiempo/Sitios_de_Trabajo/td_1010220596")): Object: 'Object Repository/Modulo control tiempo/Sitios_de_Trabajo/td_1010220596' is clicked on

2022-03-29 19:40:53 - [MESSAGE][PASSED] - Object: 'Object Repository/Modulo control tiempo/Sitios_de_Trabajo/td_1010220596' is clicked on

2022-03-29 19:40:53 - [TEST_STEP][PASSED] - click(findTestObject("Modulo control tiempo/Sitios_de_Trabajo/a_Sitios de Trabajo")): Object: 'Object Repository/Modulo control tiempo/Sitios_de_Trabajo/a_Sitios de Trabajo' is clicked on

2022-03-29 19:40:54 - [MESSAGE][PASSED] - Object: 'Object Repository/Modulo control tiempo/Sitios_de_Trabajo/a_Sitios de Trabajo' is clicked on

2022-03-29 19:40:54 - [TEST_STEP][PASSED] - click(findTestObject("Modulo control tiempo/Sitios_de_Trabajo/li_02-Sede Externo")): Object: 'Object Repository/Modulo control tiempo/Sitios_de_Trabajo/li_02-Sede Externo' is clicked on

2022-03-29 19:40:55 - [MESSAGE][PASSED] - Object: 'Object Repository/Modulo control tiempo/Sitios_de_Trabajo/li_02-Sede Externo' is clicked on

2022-03-29 19:40:55 - [TEST_STEP][PASSED] - if (waitForElementVisible(findTestObject("Modulo control tiempo/Sitios_de_Trabajo/td_9"), 1)): null

2022-03-29 19:40:55 - [MESSAGE][PASSED] - Object 'Object Repository/Modulo control tiempo/Sitios_de_Trabajo/td_9' is visible

2022-03-29 19:40:55 - [TEST_STEP][PASSED] - click(findTestObject("Modulo control tiempo/Sitios_de_Trabajo/td_9")): Object: 'Object Repository/Modulo control tiempo/Sitios_de_Trabajo/td_9' is clicked on

2022-03-29 19:40:56 - [MESSAGE][PASSED] - Object: 'Object Repository/Modulo control tiempo/Sitios_de_Trabajo/td_9' is clicked on

2022-03-29 19:40:56 - [TEST_STEP][PASSED] - element0 = findWebElement(findTestObject("Modulo control tiempo/Sitios_de_Trabajo/span_Add"), 30): null

2022-03-29 19:40:56 - [TEST_STEP][PASSED] - executeJavaScript("arguments[0].click()", Arrays.asList(element0)): Execute JavaScript 'arguments[0].click()' successfully

2022-03-29 19:40:56 - [MESSAGE][PASSED] - Execute JavaScript 'arguments[0].click()' successfully

2022-03-29 19:40:56 - [TEST_STEP][PASSED] - click(findTestObject("Modulo control tiempo/Sitios_de_Trabajo/span_Oficina")): Object: 'Object Repository/Modulo control tiempo/Sitios_de_Trabajo/span_Oficina' is clicked on

2022-03-29 19:40:57 - [MESSAGE][PASSED] - Object: 'Object Repository/Modulo control tiempo/Sitios_de_Trabajo/span_Oficina' is clicked on

2022-03-29 19:40:57 - [TEST_STEP][PASSED] - element = findWebElement(findTestObject("Modulo control tiempo/Sitios_de_Trabajo/span_Add"), 30): null

2022-03-29 19:40:57 - [TEST_STEP][PASSED] - executeJavaScript("arguments[0].click()", Arrays.asList(element)): Execute JavaScript 'arguments[0].click()' successfully

2022-03-29 19:40:57 - [MESSAGE][PASSED] - Execute JavaScript 'arguments[0].click()' successfully]]></system-out>
         <system-err><![CDATA[]]></system-err>
      </testcase>
      <testcase name="Test Cases/1.2-Tareas_Secundarias/A.3-Pruebas_control_tiempos/13.1.3-Programación" time="54.046" classname="Test Cases/1.2-Tareas_Secundarias/A.3-Pruebas_control_tiempos/13.1.3-Programación" status="PASSED">
         <system-out><![CDATA[2022-03-29 19:40:57 - [TEST_CASE][PASSED] - Test Cases/1.2-Tareas_Secundarias/A.3-Pruebas_control_tiempos/13.1.3-Programación: Test Cases/1.2-Tareas_Secundarias/A.3-Pruebas_control_tiempos/13.1.3-Programación

2022-03-29 19:40:58 - [TEST_STEP][PASSED] - callTestCase(findTestCase("0.1-Login"), [:], STOP_ON_FAILURE): Call Test Case 'Test Cases/0.1-Login' successfully

2022-03-29 19:40:58 - [TEST_CASE][PASSED] - Test Cases/0.1-Login: Test Cases/0.1-Login

2022-03-29 19:40:58 - [TEST_STEP][PASSED] - openBrowser(""): Browser is opened with url: ''

2022-03-29 19:40:58 - [MESSAGE][WARNING] - A browser is already opened. Closing browser and opening a new one

2022-03-29 19:40:58 - [MESSAGE][INFO] - Starting 'Chrome' driver

2022-03-29 19:40:58 - [MESSAGE][INFO] - Action delay is set to 50 milliseconds

2022-03-29 19:41:00 - [MESSAGE][PASSED] - Browser is opened with url: ''

2022-03-29 19:41:00 - [TEST_STEP][PASSED] - maximizeWindow(): Current window maximized

2022-03-29 19:41:00 - [MESSAGE][PASSED] - Current window maximized

2022-03-29 19:41:00 - [TEST_STEP][PASSED] - i = G_Login: null

2022-03-29 19:41:00 - [TEST_STEP][PASSED] - url = new java.net.URL(i): null

2022-03-29 19:41:00 - [TEST_STEP][PASSED] - println("URL: " + url.toString()): null

2022-03-29 19:41:00 - [TEST_STEP][PASSED] - connection = url.openConnection(): null

2022-03-29 19:41:00 - [TEST_STEP][PASSED] - connection.setRequestMethod("GET"): null

2022-03-29 19:41:00 - [TEST_STEP][PASSED] - connection.setReadTimeout(2 * 1000): null

2022-03-29 19:41:00 - [TEST_STEP][PASSED] - try: null

2022-03-29 19:41:00 - [TEST_STEP][PASSED] - connection.connect(): null

2022-03-29 19:41:00 - [TEST_STEP][PASSED] - flag = connected: null

2022-03-29 19:41:00 - [TEST_STEP][PASSED] - println("Valor_ori: " + flag): null

2022-03-29 19:41:00 - [TEST_STEP][PASSED] - if (flag): null

2022-03-29 19:41:00 - [TEST_STEP][PASSED] - navigateToUrl(i): Navigate to 'http://192.168.2.19:8380/saraweb' successfully

2022-03-29 19:41:00 - [MESSAGE][PASSED] - Navigate to 'http://192.168.2.19:8380/saraweb' successfully

2022-03-29 19:41:00 - [TEST_STEP][PASSED] - a(): null

2022-03-29 19:41:00 - [TEST_STEP][PASSED] - setText(findTestObject("Login/input_USUARIO_loginusuario"), G_Usuario): Text 'saraadmin' is set on object 'Object Repository/Login/input_USUARIO_loginusuario'

2022-03-29 19:41:01 - [MESSAGE][PASSED] - Text 'saraadmin' is set on object 'Object Repository/Login/input_USUARIO_loginusuario'

2022-03-29 19:41:01 - [TEST_STEP][PASSED] - setEncryptedText(findTestObject("Login/input_CLAVE_loginpassword"), "MkG4/TYiCFC3cb2driP7+Q=="): Text ****** has been set on object 'Object Repository/Login/input_CLAVE_loginpassword'

2022-03-29 19:41:02 - [MESSAGE][PASSED] - Text ****** has been set on object 'Object Repository/Login/input_CLAVE_loginpassword'

2022-03-29 19:41:02 - [TEST_STEP][PASSED] - waitForElementClickable(findTestObject("Login/a_Ingresar"), G_TimeOut): Object 'Object Repository/Login/a_Ingresar' is clickable

2022-03-29 19:41:02 - [MESSAGE][PASSED] - Object 'Object Repository/Login/a_Ingresar' is clickable

2022-03-29 19:41:02 - [TEST_STEP][PASSED] - click(findTestObject("Login/a_Ingresar")): Object: 'Object Repository/Login/a_Ingresar' is clicked on

2022-03-29 19:41:03 - [MESSAGE][PASSED] - Object: 'Object Repository/Login/a_Ingresar' is clicked on

2022-03-29 19:41:03 - [TEST_STEP][PASSED] - element = findWebElement(findTestObject("Login/a_Ir"), 30): null

2022-03-29 19:41:03 - [TEST_STEP][PASSED] - executeJavaScript("arguments[0].click()", Arrays.asList(element)): Execute JavaScript 'arguments[0].click()' successfully

2022-03-29 19:41:03 - [MESSAGE][PASSED] - Execute JavaScript 'arguments[0].click()' successfully

2022-03-29 19:41:03 - [MESSAGE][PASSED] - Call Test Case 'Test Cases/0.1-Login' successfully

2022-03-29 19:41:03 - [TEST_STEP][PASSED] - setText(findTestObject("input_Empresa 1_form_templatej_idt24_input"), "Listado persona"): Text 'Listado persona' is set on object 'Object Repository/input_Empresa 1_form_templatej_idt24_input'

2022-03-29 19:41:05 - [MESSAGE][PASSED] - Text 'Listado persona' is set on object 'Object Repository/input_Empresa 1_form_templatej_idt24_input'

2022-03-29 19:41:05 - [TEST_STEP][PASSED] - click(findTestObject("Modulo control tiempo/Programación/span_Listado Persona")): Object: 'Object Repository/Modulo control tiempo/Programación/span_Listado Persona' is clicked on

2022-03-29 19:41:06 - [MESSAGE][PASSED] - Object: 'Object Repository/Modulo control tiempo/Programación/span_Listado Persona' is clicked on

2022-03-29 19:41:06 - [TEST_STEP][PASSED] - click(findTestObject("Modulo control tiempo/Programación/td_1010220596")): Object: 'Object Repository/Modulo control tiempo/Programación/td_1010220596' is clicked on

2022-03-29 19:41:07 - [MESSAGE][PASSED] - Object: 'Object Repository/Modulo control tiempo/Programación/td_1010220596' is clicked on

2022-03-29 19:41:07 - [TEST_STEP][PASSED] - click(findTestObject("Modulo control tiempo/Programación/a_Programacin")): Object: 'Object Repository/Modulo control tiempo/Programación/a_Programacin' is clicked on

2022-03-29 19:41:08 - [MESSAGE][PASSED] - Object: 'Object Repository/Modulo control tiempo/Programación/a_Programacin' is clicked on

2022-03-29 19:41:08 - [TEST_STEP][PASSED] - while (waitForElementVisible(findTestObject("Modulo control tiempo/Programación/td_Horario Predefinido2021"), 1)): null

2022-03-29 19:41:10 - [MESSAGE][PASSED] - Object 'Object Repository/Modulo control tiempo/Programación/td_Horario Predefinido2021' is visible

2022-03-29 19:41:10 - [TEST_STEP][PASSED] - click(findTestObject("Modulo control tiempo/Programación/td_Horario Predefinido2021")): Object: 'Object Repository/Modulo control tiempo/Programación/td_Horario Predefinido2021' is clicked on

2022-03-29 19:41:10 - [MESSAGE][PASSED] - Object: 'Object Repository/Modulo control tiempo/Programación/td_Horario Predefinido2021' is clicked on

2022-03-29 19:41:10 - [TEST_STEP][PASSED] - click(findTestObject("Modulo control tiempo/Programación/a_Eliminar2021")): Object: 'Object Repository/Modulo control tiempo/Programación/a_Eliminar2021' is clicked on

2022-03-29 19:41:12 - [MESSAGE][PASSED] - Object: 'Object Repository/Modulo control tiempo/Programación/a_Eliminar2021' is clicked on

2022-03-29 19:41:12 - [TEST_STEP][PASSED] - click(findTestObject("Modulo control tiempo/Programación/a_Aceptar2021")): Object 'Object Repository/Modulo control tiempo/Programación/td_Horario Predefinido2021' is visible

2022-03-29 19:41:12 - [MESSAGE][PASSED] - Object: 'Object Repository/Modulo control tiempo/Programación/a_Aceptar2021' is clicked on

2022-03-29 19:41:14 - [MESSAGE][PASSED] - Object 'Object Repository/Modulo control tiempo/Programación/td_Horario Predefinido2021' is visible

2022-03-29 19:41:14 - [TEST_STEP][PASSED] - click(findTestObject("Modulo control tiempo/Programación/td_Horario Predefinido2021")): Object: 'Object Repository/Modulo control tiempo/Programación/td_Horario Predefinido2021' is clicked on

2022-03-29 19:41:14 - [MESSAGE][PASSED] - Object: 'Object Repository/Modulo control tiempo/Programación/td_Horario Predefinido2021' is clicked on

2022-03-29 19:41:14 - [TEST_STEP][PASSED] - click(findTestObject("Modulo control tiempo/Programación/a_Eliminar2021")): Object: 'Object Repository/Modulo control tiempo/Programación/a_Eliminar2021' is clicked on

2022-03-29 19:41:15 - [MESSAGE][PASSED] - Object: 'Object Repository/Modulo control tiempo/Programación/a_Eliminar2021' is clicked on

2022-03-29 19:41:15 - [TEST_STEP][PASSED] - click(findTestObject("Modulo control tiempo/Programación/a_Aceptar2021")): Web element with id: 'Object Repository/Modulo control tiempo/Programación/td_Horario Predefinido2021' located by '//*/text()[normalize-space(.)='Horario Predefinido']/parent::*' not found

2022-03-29 19:41:16 - [MESSAGE][PASSED] - Object: 'Object Repository/Modulo control tiempo/Programación/a_Aceptar2021' is clicked on

2022-03-29 19:41:18 - [MESSAGE][INFO] - Unable to find the element located by 'By.xpath: //*/text()[normalize-space(.)='Horario Predefinido']/parent::*'. Please recheck the objects properties to make sure the desired element is located. 

2022-03-29 19:41:18 - [MESSAGE][WARNING] - Web element with id: 'Object Repository/Modulo control tiempo/Programación/td_Horario Predefinido2021' located by '//*/text()[normalize-space(.)='Horario Predefinido']/parent::*' not found

2022-03-29 19:41:18 - [TEST_STEP][PASSED] - if (waitForElementVisible(findTestObject("Modulo control tiempo/Programación/td_13022022"), 1)): Web element with id: 'Object Repository/Modulo control tiempo/Programación/td_13022022' located by '//*/text()[normalize-space(.)='13/02/2022']/parent::*' not found

2022-03-29 19:41:20 - [MESSAGE][INFO] - Unable to find the element located by 'By.xpath: //*/text()[normalize-space(.)='13/02/2022']/parent::*'. Please recheck the objects properties to make sure the desired element is located. 

2022-03-29 19:41:20 - [MESSAGE][WARNING] - Web element with id: 'Object Repository/Modulo control tiempo/Programación/td_13022022' located by '//*/text()[normalize-space(.)='13/02/2022']/parent::*' not found

2022-03-29 19:41:20 - [TEST_STEP][PASSED] - click(findTestObject("Modulo control tiempo/Programación/a_Nuevo")): Object: 'Object Repository/Modulo control tiempo/Programación/a_Nuevo' is clicked on

2022-03-29 19:41:21 - [MESSAGE][PASSED] - Object: 'Object Repository/Modulo control tiempo/Programación/a_Nuevo' is clicked on

2022-03-29 19:41:21 - [TEST_STEP][PASSED] - selectOptionByIndex(findTestObject("Modulo control tiempo/Programación/select_SeleccionarAusenciaHorario"), 2): All options with index in [2] are selected on object 'Object Repository/Modulo control tiempo/Programación/select_SeleccionarAusenciaHorario'

2022-03-29 19:41:22 - [MESSAGE][PASSED] - All options with index in [2] are selected on object 'Object Repository/Modulo control tiempo/Programación/select_SeleccionarAusenciaHorario'

2022-03-29 19:41:22 - [TEST_STEP][PASSED] - selectOptionByIndex(findTestObject("Modulo control tiempo/Programación/select_SeleccionarDiaria"), 1): All options with index in [1] are selected on object 'Object Repository/Modulo control tiempo/Programación/select_SeleccionarDiaria'

2022-03-29 19:41:24 - [MESSAGE][PASSED] - All options with index in [1] are selected on object 'Object Repository/Modulo control tiempo/Programación/select_SeleccionarDiaria'

2022-03-29 19:41:24 - [TEST_STEP][PASSED] - setText(findTestObject("Modulo control tiempo/Programación/input_Hora Comienza_jornada_formhoraInicialDI"), "TTTTTLL"): Text 'TTTTTLL' is set on object 'Object Repository/Modulo control tiempo/Programación/input_Hora Comienza_jornada_formhoraInicialDI'

2022-03-29 19:41:25 - [MESSAGE][PASSED] - Text 'TTTTTLL' is set on object 'Object Repository/Modulo control tiempo/Programación/input_Hora Comienza_jornada_formhoraInicialDI'

2022-03-29 19:41:25 - [TEST_STEP][PASSED] - click(findTestObject("Modulo control tiempo/Programación/input_Da_jornada_formdiaDI_input"), STOP_ON_FAILURE): Object: 'Object Repository/Modulo control tiempo/Programación/input_Da_jornada_formdiaDI_input' is clicked on

2022-03-29 19:41:26 - [MESSAGE][PASSED] - Object: 'Object Repository/Modulo control tiempo/Programación/input_Da_jornada_formdiaDI_input' is clicked on

2022-03-29 19:41:26 - [TEST_STEP][PASSED] - setText(findTestObject("Modulo control tiempo/Programación/input_Da_jornada_formdiaDI_input"), "13/02/2022"): Text '13/02/2022' is set on object 'Object Repository/Modulo control tiempo/Programación/input_Da_jornada_formdiaDI_input'

2022-03-29 19:41:27 - [MESSAGE][PASSED] - Text '13/02/2022' is set on object 'Object Repository/Modulo control tiempo/Programación/input_Da_jornada_formdiaDI_input'

2022-03-29 19:41:27 - [TEST_STEP][PASSED] - waitForElementVisible(findTestObject("Modulo control tiempo/Programación/input_Hora Comienza_jornada_formhoraInicialCI"), 0): Object 'Object Repository/Modulo control tiempo/Programación/input_Hora Comienza_jornada_formhoraInicialCI' is visible

2022-03-29 19:41:27 - [MESSAGE][WARNING] - Timeout '0' is invalid. Using default page load timeout: '45'

2022-03-29 19:41:27 - [MESSAGE][PASSED] - Object 'Object Repository/Modulo control tiempo/Programación/input_Hora Comienza_jornada_formhoraInicialCI' is visible

2022-03-29 19:41:27 - [TEST_STEP][PASSED] - click(findTestObject("Modulo control tiempo/Programación/input_Hora Comienza_jornada_formhoraInicialCI"), STOP_ON_FAILURE): Object: 'Object Repository/Modulo control tiempo/Programación/input_Hora Comienza_jornada_formhoraInicialCI' is clicked on

2022-03-29 19:41:28 - [MESSAGE][PASSED] - Object: 'Object Repository/Modulo control tiempo/Programación/input_Hora Comienza_jornada_formhoraInicialCI' is clicked on

2022-03-29 19:41:28 - [TEST_STEP][PASSED] - setText(findTestObject("Modulo control tiempo/Programación/input_Hora Comienza_jornada_formhoraInicialCI"), "10"): Text '10' is set on object 'Object Repository/Modulo control tiempo/Programación/input_Hora Comienza_jornada_formhoraInicialCI'

2022-03-29 19:41:29 - [MESSAGE][PASSED] - Text '10' is set on object 'Object Repository/Modulo control tiempo/Programación/input_Hora Comienza_jornada_formhoraInicialCI'

2022-03-29 19:41:29 - [TEST_STEP][PASSED] - waitForElementVisible(findTestObject("Modulo control tiempo/Programación/input__jornada_formminutoInicialCI"), 0): Object 'Object Repository/Modulo control tiempo/Programación/input__jornada_formminutoInicialCI' is visible

2022-03-29 19:41:29 - [MESSAGE][WARNING] - Timeout '0' is invalid. Using default page load timeout: '45'

2022-03-29 19:41:29 - [MESSAGE][PASSED] - Object 'Object Repository/Modulo control tiempo/Programación/input__jornada_formminutoInicialCI' is visible

2022-03-29 19:41:29 - [TEST_STEP][PASSED] - click(findTestObject("Modulo control tiempo/Programación/input__jornada_formminutoInicialCI"), STOP_ON_FAILURE): Object: 'Object Repository/Modulo control tiempo/Programación/input__jornada_formminutoInicialCI' is clicked on

2022-03-29 19:41:30 - [MESSAGE][PASSED] - Object: 'Object Repository/Modulo control tiempo/Programación/input__jornada_formminutoInicialCI' is clicked on

2022-03-29 19:41:30 - [TEST_STEP][PASSED] - setText(findTestObject("Modulo control tiempo/Programación/input__jornada_formminutoInicialCI"), "04"): Text '04' is set on object 'Object Repository/Modulo control tiempo/Programación/input__jornada_formminutoInicialCI'

2022-03-29 19:41:31 - [MESSAGE][PASSED] - Text '04' is set on object 'Object Repository/Modulo control tiempo/Programación/input__jornada_formminutoInicialCI'

2022-03-29 19:41:31 - [TEST_STEP][PASSED] - waitForElementVisible(findTestObject("Modulo control tiempo/Programación/input_Hora Termina_jornada_formhoraFinalCI"), 0): Object 'Object Repository/Modulo control tiempo/Programación/input_Hora Termina_jornada_formhoraFinalCI' is visible

2022-03-29 19:41:31 - [MESSAGE][WARNING] - Timeout '0' is invalid. Using default page load timeout: '45'

2022-03-29 19:41:31 - [MESSAGE][PASSED] - Object 'Object Repository/Modulo control tiempo/Programación/input_Hora Termina_jornada_formhoraFinalCI' is visible

2022-03-29 19:41:31 - [TEST_STEP][PASSED] - click(findTestObject("Modulo control tiempo/Programación/input_Hora Termina_jornada_formhoraFinalCI"), STOP_ON_FAILURE): Object: 'Object Repository/Modulo control tiempo/Programación/input_Hora Termina_jornada_formhoraFinalCI' is clicked on

2022-03-29 19:41:32 - [MESSAGE][PASSED] - Object: 'Object Repository/Modulo control tiempo/Programación/input_Hora Termina_jornada_formhoraFinalCI' is clicked on

2022-03-29 19:41:32 - [TEST_STEP][PASSED] - setText(findTestObject("Modulo control tiempo/Programación/input_Hora Termina_jornada_formhoraFinalCI"), "18"): Text '18' is set on object 'Object Repository/Modulo control tiempo/Programación/input_Hora Termina_jornada_formhoraFinalCI'

2022-03-29 19:41:33 - [MESSAGE][PASSED] - Text '18' is set on object 'Object Repository/Modulo control tiempo/Programación/input_Hora Termina_jornada_formhoraFinalCI'

2022-03-29 19:41:33 - [TEST_STEP][PASSED] - waitForElementVisible(findTestObject("Modulo control tiempo/Programación/input__jornada_formminutoFinalCI"), 0): Object 'Object Repository/Modulo control tiempo/Programación/input__jornada_formminutoFinalCI' is visible

2022-03-29 19:41:33 - [MESSAGE][WARNING] - Timeout '0' is invalid. Using default page load timeout: '45'

2022-03-29 19:41:33 - [MESSAGE][PASSED] - Object 'Object Repository/Modulo control tiempo/Programación/input__jornada_formminutoFinalCI' is visible

2022-03-29 19:41:33 - [TEST_STEP][PASSED] - click(findTestObject("Modulo control tiempo/Programación/input__jornada_formminutoFinalCI"), STOP_ON_FAILURE): Object: 'Object Repository/Modulo control tiempo/Programación/input__jornada_formminutoFinalCI' is clicked on

2022-03-29 19:41:34 - [MESSAGE][PASSED] - Object: 'Object Repository/Modulo control tiempo/Programación/input__jornada_formminutoFinalCI' is clicked on

2022-03-29 19:41:34 - [TEST_STEP][PASSED] - setText(findTestObject("Modulo control tiempo/Programación/input__jornada_formminutoFinalCI"), "10"): Text '10' is set on object 'Object Repository/Modulo control tiempo/Programación/input__jornada_formminutoFinalCI'

2022-03-29 19:41:35 - [MESSAGE][PASSED] - Text '10' is set on object 'Object Repository/Modulo control tiempo/Programación/input__jornada_formminutoFinalCI'

2022-03-29 19:41:35 - [TEST_STEP][PASSED] - selectOptionByIndex(findTestObject("Modulo control tiempo/Programación/select_SeleccionarJornada LaboralFranja Adicional Por AutorizarFranja Adicional Autorizada"), 1): All options with index in [1] are selected on object 'Object Repository/Modulo control tiempo/Programación/select_SeleccionarJornada LaboralFranja Adicional Por AutorizarFranja Adicional Autorizada'

2022-03-29 19:41:36 - [MESSAGE][PASSED] - All options with index in [1] are selected on object 'Object Repository/Modulo control tiempo/Programación/select_SeleccionarJornada LaboralFranja Adicional Por AutorizarFranja Adicional Autorizada'

2022-03-29 19:41:36 - [TEST_STEP][PASSED] - click(findTestObject("Modulo control tiempo/Programación/a_Guardar")): Object: 'Object Repository/Modulo control tiempo/Programación/a_Guardar' is clicked on

2022-03-29 19:41:37 - [MESSAGE][PASSED] - Object: 'Object Repository/Modulo control tiempo/Programación/a_Guardar' is clicked on

2022-03-29 19:41:37 - [TEST_STEP][PASSED] - if (waitForElementVisible(findTestObject("Modulo control tiempo/Programación/a_Programacin Por Da"), 1)): Web element with id: 'Object Repository/Modulo control tiempo/Programación/a_Programacin Por Da' located by '//a[contains(text(),'Programación Por Día')]' not found

2022-03-29 19:41:39 - [MESSAGE][INFO] - Unable to find the element located by 'By.xpath: //a[contains(text(),'Programación Por Día')]'. Please recheck the objects properties to make sure the desired element is located. 

2022-03-29 19:41:39 - [MESSAGE][WARNING] - Web element with id: 'Object Repository/Modulo control tiempo/Programación/a_Programacin Por Da' located by '//a[contains(text(),'Programación Por Día')]' not found

2022-03-29 19:41:39 - [TEST_STEP][PASSED] - else: Object: 'Object Repository/Modulo control tiempo/Programación/a_Guardar2' is clicked on

2022-03-29 19:41:39 - [TEST_STEP][PASSED] - click(findTestObject("Modulo control tiempo/Programación/a_Persona")): Object: 'Object Repository/Modulo control tiempo/Programación/a_Persona' is clicked on

2022-03-29 19:41:40 - [MESSAGE][PASSED] - Object: 'Object Repository/Modulo control tiempo/Programación/a_Persona' is clicked on

2022-03-29 19:41:40 - [TEST_STEP][PASSED] - selectOptionByIndex(findTestObject("Modulo control tiempo/Programación/select_SeleccionarFijoProgramacin"), 2): All options with index in [2] are selected on object 'Object Repository/Modulo control tiempo/Programación/select_SeleccionarFijoProgramacin'

2022-03-29 19:41:41 - [MESSAGE][PASSED] - All options with index in [2] are selected on object 'Object Repository/Modulo control tiempo/Programación/select_SeleccionarFijoProgramacin'

2022-03-29 19:41:41 - [TEST_STEP][PASSED] - click(findTestObject("Modulo Parametros/Comprobar Parametros/a_Guardar")): Object: 'Object Repository/Modulo Parametros/Comprobar Parametros/a_Guardar' is clicked on

2022-03-29 19:41:42 - [MESSAGE][PASSED] - Object: 'Object Repository/Modulo Parametros/Comprobar Parametros/a_Guardar' is clicked on

2022-03-29 19:41:42 - [TEST_STEP][PASSED] - click(findTestObject("Modulo control tiempo/Programación/a_Programacin")): Object: 'Object Repository/Modulo control tiempo/Programación/a_Programacin' is clicked on

2022-03-29 19:41:42 - [MESSAGE][PASSED] - Object: 'Object Repository/Modulo control tiempo/Programación/a_Programacin' is clicked on

2022-03-29 19:41:42 - [TEST_STEP][PASSED] - click(findTestObject("Modulo control tiempo/Programación/a_Programacin Por Da")): Object: 'Object Repository/Modulo control tiempo/Programación/a_Programacin Por Da' is clicked on

2022-03-29 19:41:43 - [MESSAGE][PASSED] - Object: 'Object Repository/Modulo control tiempo/Programación/a_Programacin Por Da' is clicked on

2022-03-29 19:41:43 - [TEST_STEP][PASSED] - selectOptionByIndex(findTestObject("Modulo control tiempo/Programación/select_SeleccionarTurno 01 (0600 - 1400)TURNO 02 (1400 - 2200)Turno 03 (2200-0600)"), 4): All options with index in [4] are selected on object 'Object Repository/Modulo control tiempo/Programación/select_SeleccionarTurno 01 (0600 - 1400)TURNO 02 (1400 - 2200)Turno 03 (2200-0600)'

2022-03-29 19:41:45 - [MESSAGE][PASSED] - All options with index in [4] are selected on object 'Object Repository/Modulo control tiempo/Programación/select_SeleccionarTurno 01 (0600 - 1400)TURNO 02 (1400 - 2200)Turno 03 (2200-0600)'

2022-03-29 19:41:45 - [TEST_STEP][PASSED] - setText(findTestObject("Modulo control tiempo/Programación/input_Desde_jornadaPorDia_formdesdeTU_input"), "01/07/2021"): Text '01/07/2021' is set on object 'Object Repository/Modulo control tiempo/Programación/input_Desde_jornadaPorDia_formdesdeTU_input'

2022-03-29 19:41:46 - [MESSAGE][PASSED] - Text '01/07/2021' is set on object 'Object Repository/Modulo control tiempo/Programación/input_Desde_jornadaPorDia_formdesdeTU_input'

2022-03-29 19:41:46 - [TEST_STEP][PASSED] - setText(findTestObject("Modulo control tiempo/Programación/input_Hasta_jornadaPorDia_formhastaTU_input"), "02/07/2021"): Text '02/07/2021' is set on object 'Object Repository/Modulo control tiempo/Programación/input_Hasta_jornadaPorDia_formhastaTU_input'

2022-03-29 19:41:47 - [MESSAGE][PASSED] - Text '02/07/2021' is set on object 'Object Repository/Modulo control tiempo/Programación/input_Hasta_jornadaPorDia_formhastaTU_input'

2022-03-29 19:41:47 - [TEST_STEP][PASSED] - click(findTestObject("Modulo control tiempo/Programación/a_Guardar2")): Object: 'Object Repository/Modulo control tiempo/Programación/a_Guardar2' is clicked on

2022-03-29 19:41:48 - [MESSAGE][PASSED] - Object: 'Object Repository/Modulo control tiempo/Programación/a_Guardar2' is clicked on

2022-03-29 19:41:48 - [TEST_STEP][PASSED] - if (waitForElementVisible(findTestObject("Modulo control tiempo/Programación/p_Registro guardado"), 1)): null

2022-03-29 19:41:51 - [MESSAGE][PASSED] - Object 'Object Repository/Modulo control tiempo/Programación/p_Registro guardado' is visible

2022-03-29 19:41:51 - [TEST_STEP][PASSED] - closeBrowser(): Browser is closed

2022-03-29 19:41:51 - [MESSAGE][PASSED] - Browser is closed]]></system-out>
         <system-err><![CDATA[]]></system-err>
      </testcase>
      <testcase name="Test Cases/1.2-Tareas_Secundarias/A.3-Pruebas_control_tiempos/13.1.4-Jornada" time="15.578" classname="Test Cases/1.2-Tareas_Secundarias/A.3-Pruebas_control_tiempos/13.1.4-Jornada" status="PASSED">
         <system-out><![CDATA[2022-03-29 19:41:51 - [TEST_CASE][PASSED] - Test Cases/1.2-Tareas_Secundarias/A.3-Pruebas_control_tiempos/13.1.4-Jornada: Test Cases/1.2-Tareas_Secundarias/A.3-Pruebas_control_tiempos/13.1.4-Jornada

2022-03-29 19:41:52 - [TEST_STEP][PASSED] - callTestCase(findTestCase("0.1-Login"), [:], STOP_ON_FAILURE): Call Test Case 'Test Cases/0.1-Login' successfully

2022-03-29 19:41:52 - [TEST_CASE][PASSED] - Test Cases/0.1-Login: Test Cases/0.1-Login

2022-03-29 19:41:52 - [TEST_STEP][PASSED] - openBrowser(""): Browser is opened with url: ''

2022-03-29 19:41:52 - [MESSAGE][INFO] - Starting 'Chrome' driver

2022-03-29 19:41:52 - [MESSAGE][INFO] - Action delay is set to 50 milliseconds

2022-03-29 19:41:53 - [MESSAGE][PASSED] - Browser is opened with url: ''

2022-03-29 19:41:53 - [TEST_STEP][PASSED] - maximizeWindow(): Current window maximized

2022-03-29 19:41:53 - [MESSAGE][PASSED] - Current window maximized

2022-03-29 19:41:53 - [TEST_STEP][PASSED] - i = G_Login: null

2022-03-29 19:41:53 - [TEST_STEP][PASSED] - url = new java.net.URL(i): null

2022-03-29 19:41:53 - [TEST_STEP][PASSED] - println("URL: " + url.toString()): null

2022-03-29 19:41:53 - [TEST_STEP][PASSED] - connection = url.openConnection(): null

2022-03-29 19:41:53 - [TEST_STEP][PASSED] - connection.setRequestMethod("GET"): null

2022-03-29 19:41:53 - [TEST_STEP][PASSED] - connection.setReadTimeout(2 * 1000): null

2022-03-29 19:41:53 - [TEST_STEP][PASSED] - try: null

2022-03-29 19:41:53 - [TEST_STEP][PASSED] - connection.connect(): null

2022-03-29 19:41:53 - [TEST_STEP][PASSED] - flag = connected: null

2022-03-29 19:41:53 - [TEST_STEP][PASSED] - println("Valor_ori: " + flag): null

2022-03-29 19:41:53 - [TEST_STEP][PASSED] - if (flag): null

2022-03-29 19:41:53 - [TEST_STEP][PASSED] - navigateToUrl(i): Navigate to 'http://192.168.2.19:8380/saraweb' successfully

2022-03-29 19:41:53 - [MESSAGE][PASSED] - Navigate to 'http://192.168.2.19:8380/saraweb' successfully

2022-03-29 19:41:53 - [TEST_STEP][PASSED] - a(): null

2022-03-29 19:41:53 - [TEST_STEP][PASSED] - setText(findTestObject("Login/input_USUARIO_loginusuario"), G_Usuario): Text 'saraadmin' is set on object 'Object Repository/Login/input_USUARIO_loginusuario'

2022-03-29 19:41:55 - [MESSAGE][PASSED] - Text 'saraadmin' is set on object 'Object Repository/Login/input_USUARIO_loginusuario'

2022-03-29 19:41:55 - [TEST_STEP][PASSED] - setEncryptedText(findTestObject("Login/input_CLAVE_loginpassword"), "MkG4/TYiCFC3cb2driP7+Q=="): Text ****** has been set on object 'Object Repository/Login/input_CLAVE_loginpassword'

2022-03-29 19:41:55 - [MESSAGE][PASSED] - Text ****** has been set on object 'Object Repository/Login/input_CLAVE_loginpassword'

2022-03-29 19:41:55 - [TEST_STEP][PASSED] - waitForElementClickable(findTestObject("Login/a_Ingresar"), G_TimeOut): Object 'Object Repository/Login/a_Ingresar' is clickable

2022-03-29 19:41:56 - [MESSAGE][PASSED] - Object 'Object Repository/Login/a_Ingresar' is clickable

2022-03-29 19:41:56 - [TEST_STEP][PASSED] - click(findTestObject("Login/a_Ingresar")): Object: 'Object Repository/Login/a_Ingresar' is clicked on

2022-03-29 19:41:57 - [MESSAGE][PASSED] - Object: 'Object Repository/Login/a_Ingresar' is clicked on

2022-03-29 19:41:57 - [TEST_STEP][PASSED] - element = findWebElement(findTestObject("Login/a_Ir"), 30): null

2022-03-29 19:41:57 - [TEST_STEP][PASSED] - executeJavaScript("arguments[0].click()", Arrays.asList(element)): Execute JavaScript 'arguments[0].click()' successfully

2022-03-29 19:41:57 - [MESSAGE][PASSED] - Execute JavaScript 'arguments[0].click()' successfully

2022-03-29 19:41:57 - [MESSAGE][PASSED] - Call Test Case 'Test Cases/0.1-Login' successfully

2022-03-29 19:41:57 - [TEST_STEP][PASSED] - setText(findTestObject("Modulo control tiempo/Jornada/input_Empresa 1_form_templatej_idt24_input"), "Listado persona"): Text 'Listado persona' is set on object 'Object Repository/Modulo control tiempo/Jornada/input_Empresa 1_form_templatej_idt24_input'

2022-03-29 19:41:59 - [MESSAGE][PASSED] - Text 'Listado persona' is set on object 'Object Repository/Modulo control tiempo/Jornada/input_Empresa 1_form_templatej_idt24_input'

2022-03-29 19:41:59 - [TEST_STEP][PASSED] - click(findTestObject("Modulo control tiempo/Jornada/li_Listado Persona (get)")): Object: 'Object Repository/Modulo control tiempo/Jornada/li_Listado Persona (get)' is clicked on

2022-03-29 19:42:00 - [MESSAGE][PASSED] - Object: 'Object Repository/Modulo control tiempo/Jornada/li_Listado Persona (get)' is clicked on

2022-03-29 19:42:00 - [TEST_STEP][PASSED] - click(findTestObject("Modulo control tiempo/Jornada/td_1010220596")): Object: 'Object Repository/Modulo control tiempo/Jornada/td_1010220596' is clicked on

2022-03-29 19:42:01 - [MESSAGE][PASSED] - Object: 'Object Repository/Modulo control tiempo/Jornada/td_1010220596' is clicked on

2022-03-29 19:42:01 - [TEST_STEP][PASSED] - click(findTestObject("Modulo control tiempo/Jornada/a_Jornada")): Object: 'Object Repository/Modulo control tiempo/Jornada/a_Jornada' is clicked on

2022-03-29 19:42:02 - [MESSAGE][PASSED] - Object: 'Object Repository/Modulo control tiempo/Jornada/a_Jornada' is clicked on

2022-03-29 19:42:02 - [TEST_STEP][PASSED] - click(findTestObject("Modulo control tiempo/Jornada/a_Liquidar0")): Object: 'Object Repository/Modulo control tiempo/Jornada/a_Liquidar0' is clicked on

2022-03-29 19:42:03 - [MESSAGE][PASSED] - Object: 'Object Repository/Modulo control tiempo/Jornada/a_Liquidar0' is clicked on

2022-03-29 19:42:03 - [TEST_STEP][PASSED] - selectOptionByIndex(findTestObject("Modulo control tiempo/Jornada/select_Seleccionar24 de Diciembre del 2018 - 28 de Diciembre del 201824 de Octubre del 2018"), 1): All options with index in [1] are selected on object 'Object Repository/Modulo control tiempo/Jornada/select_Seleccionar24 de Diciembre del 2018 - 28 de Diciembre del 201824 de Octubre del 2018'

2022-03-29 19:42:04 - [MESSAGE][PASSED] - All options with index in [1] are selected on object 'Object Repository/Modulo control tiempo/Jornada/select_Seleccionar24 de Diciembre del 2018 - 28 de Diciembre del 201824 de Octubre del 2018'

2022-03-29 19:42:04 - [TEST_STEP][PASSED] - click(findTestObject("Modulo control tiempo/Jornada/a_Liquidar")): Object: 'Object Repository/Modulo control tiempo/Jornada/a_Liquidar' is clicked on

2022-03-29 19:42:05 - [MESSAGE][PASSED] - Object: 'Object Repository/Modulo control tiempo/Jornada/a_Liquidar' is clicked on

2022-03-29 19:42:05 - [TEST_STEP][PASSED] - if (waitForElementVisible(findTestObject("Modulo control tiempo/Jornada/p_Terminacion Normal"), 1)): null

2022-03-29 19:42:06 - [MESSAGE][PASSED] - Object 'Object Repository/Modulo control tiempo/Jornada/p_Terminacion Normal' is visible

2022-03-29 19:42:06 - [TEST_STEP][PASSED] - closeBrowser(): Browser is closed

2022-03-29 19:42:07 - [MESSAGE][PASSED] - Browser is closed]]></system-out>
         <system-err><![CDATA[]]></system-err>
      </testcase>
      <testcase name="Test Cases/1.2-Tareas_Secundarias/A.3-Pruebas_control_tiempos/13.1.5-Concepto" time="10.462" classname="Test Cases/1.2-Tareas_Secundarias/A.3-Pruebas_control_tiempos/13.1.5-Concepto" status="PASSED">
         <system-out><![CDATA[2022-03-29 19:42:07 - [TEST_CASE][PASSED] - Test Cases/1.2-Tareas_Secundarias/A.3-Pruebas_control_tiempos/13.1.5-Concepto: Test Cases/1.2-Tareas_Secundarias/A.3-Pruebas_control_tiempos/13.1.5-Concepto

2022-03-29 19:42:07 - [TEST_STEP][PASSED] - callTestCase(findTestCase("0.1-Login"), [:], STOP_ON_FAILURE): Call Test Case 'Test Cases/0.1-Login' successfully

2022-03-29 19:42:07 - [TEST_CASE][PASSED] - Test Cases/0.1-Login: Test Cases/0.1-Login

2022-03-29 19:42:07 - [TEST_STEP][PASSED] - openBrowser(""): Browser is opened with url: ''

2022-03-29 19:42:07 - [MESSAGE][INFO] - Starting 'Chrome' driver

2022-03-29 19:42:07 - [MESSAGE][INFO] - Action delay is set to 50 milliseconds

2022-03-29 19:42:08 - [MESSAGE][PASSED] - Browser is opened with url: ''

2022-03-29 19:42:08 - [TEST_STEP][PASSED] - maximizeWindow(): Current window maximized

2022-03-29 19:42:09 - [MESSAGE][PASSED] - Current window maximized

2022-03-29 19:42:09 - [TEST_STEP][PASSED] - i = G_Login: null

2022-03-29 19:42:09 - [TEST_STEP][PASSED] - url = new java.net.URL(i): null

2022-03-29 19:42:09 - [TEST_STEP][PASSED] - println("URL: " + url.toString()): null

2022-03-29 19:42:09 - [TEST_STEP][PASSED] - connection = url.openConnection(): null

2022-03-29 19:42:09 - [TEST_STEP][PASSED] - connection.setRequestMethod("GET"): null

2022-03-29 19:42:09 - [TEST_STEP][PASSED] - connection.setReadTimeout(2 * 1000): null

2022-03-29 19:42:09 - [TEST_STEP][PASSED] - try: null

2022-03-29 19:42:09 - [TEST_STEP][PASSED] - connection.connect(): null

2022-03-29 19:42:09 - [TEST_STEP][PASSED] - flag = connected: null

2022-03-29 19:42:09 - [TEST_STEP][PASSED] - println("Valor_ori: " + flag): null

2022-03-29 19:42:09 - [TEST_STEP][PASSED] - if (flag): null

2022-03-29 19:42:09 - [TEST_STEP][PASSED] - navigateToUrl(i): Navigate to 'http://192.168.2.19:8380/saraweb' successfully

2022-03-29 19:42:09 - [MESSAGE][PASSED] - Navigate to 'http://192.168.2.19:8380/saraweb' successfully

2022-03-29 19:42:09 - [TEST_STEP][PASSED] - a(): null

2022-03-29 19:42:09 - [TEST_STEP][PASSED] - setText(findTestObject("Login/input_USUARIO_loginusuario"), G_Usuario): Text 'saraadmin' is set on object 'Object Repository/Login/input_USUARIO_loginusuario'

2022-03-29 19:42:10 - [MESSAGE][PASSED] - Text 'saraadmin' is set on object 'Object Repository/Login/input_USUARIO_loginusuario'

2022-03-29 19:42:10 - [TEST_STEP][PASSED] - setEncryptedText(findTestObject("Login/input_CLAVE_loginpassword"), "MkG4/TYiCFC3cb2driP7+Q=="): Text ****** has been set on object 'Object Repository/Login/input_CLAVE_loginpassword'

2022-03-29 19:42:11 - [MESSAGE][PASSED] - Text ****** has been set on object 'Object Repository/Login/input_CLAVE_loginpassword'

2022-03-29 19:42:11 - [TEST_STEP][PASSED] - waitForElementClickable(findTestObject("Login/a_Ingresar"), G_TimeOut): Object 'Object Repository/Login/a_Ingresar' is clickable

2022-03-29 19:42:11 - [MESSAGE][PASSED] - Object 'Object Repository/Login/a_Ingresar' is clickable

2022-03-29 19:42:11 - [TEST_STEP][PASSED] - click(findTestObject("Login/a_Ingresar")): Object: 'Object Repository/Login/a_Ingresar' is clicked on

2022-03-29 19:42:12 - [MESSAGE][PASSED] - Object: 'Object Repository/Login/a_Ingresar' is clicked on

2022-03-29 19:42:12 - [TEST_STEP][PASSED] - element = findWebElement(findTestObject("Login/a_Ir"), 30): null

2022-03-29 19:42:13 - [TEST_STEP][PASSED] - executeJavaScript("arguments[0].click()", Arrays.asList(element)): Execute JavaScript 'arguments[0].click()' successfully

2022-03-29 19:42:13 - [MESSAGE][PASSED] - Execute JavaScript 'arguments[0].click()' successfully

2022-03-29 19:42:13 - [MESSAGE][PASSED] - Call Test Case 'Test Cases/0.1-Login' successfully

2022-03-29 19:42:13 - [TEST_STEP][PASSED] - setText(findTestObject("input_Empresa 1_form_templatej_idt24_input"), "Listado persona"): Text 'Listado persona' is set on object 'Object Repository/input_Empresa 1_form_templatej_idt24_input'

2022-03-29 19:42:14 - [MESSAGE][PASSED] - Text 'Listado persona' is set on object 'Object Repository/input_Empresa 1_form_templatej_idt24_input'

2022-03-29 19:42:14 - [TEST_STEP][PASSED] - click(findTestObject("Modulo control tiempo/Concepto/span_Listado Persona")): Object: 'Object Repository/Modulo control tiempo/Concepto/span_Listado Persona' is clicked on

2022-03-29 19:42:16 - [MESSAGE][PASSED] - Object: 'Object Repository/Modulo control tiempo/Concepto/span_Listado Persona' is clicked on

2022-03-29 19:42:16 - [TEST_STEP][PASSED] - click(findTestObject("Modulo control tiempo/Concepto/td_1010220596")): Object: 'Object Repository/Modulo control tiempo/Concepto/td_1010220596' is clicked on

2022-03-29 19:42:17 - [MESSAGE][PASSED] - Object: 'Object Repository/Modulo control tiempo/Concepto/td_1010220596' is clicked on

2022-03-29 19:42:17 - [TEST_STEP][PASSED] - click(findTestObject("Modulo control tiempo/Concepto/a_Conceptos")): Object: 'Object Repository/Modulo control tiempo/Concepto/a_Conceptos' is clicked on

2022-03-29 19:42:17 - [MESSAGE][PASSED] - Object: 'Object Repository/Modulo control tiempo/Concepto/a_Conceptos' is clicked on

2022-03-29 19:42:17 - [TEST_STEP][PASSED] - comment("no aparecen las jornadas liquidadas"): no aparecen las jornadas liquidadas

2022-03-29 19:42:17 - [MESSAGE][INFO] - no aparecen las jornadas liquidadas]]></system-out>
         <system-err><![CDATA[]]></system-err>
      </testcase>
      <testcase name="Test Cases/1.2-Tareas_Secundarias/A.3-Pruebas_control_tiempos/13.1.6-Reloj" time="23.004" classname="Test Cases/1.2-Tareas_Secundarias/A.3-Pruebas_control_tiempos/13.1.6-Reloj" status="PASSED">
         <system-out><![CDATA[2022-03-29 19:42:17 - [TEST_CASE][PASSED] - Test Cases/1.2-Tareas_Secundarias/A.3-Pruebas_control_tiempos/13.1.6-Reloj: Test Cases/1.2-Tareas_Secundarias/A.3-Pruebas_control_tiempos/13.1.6-Reloj

2022-03-29 19:42:18 - [TEST_STEP][PASSED] - callTestCase(findTestCase("0.1-Login"), [:], STOP_ON_FAILURE): Call Test Case 'Test Cases/0.1-Login' successfully

2022-03-29 19:42:18 - [TEST_CASE][PASSED] - Test Cases/0.1-Login: Test Cases/0.1-Login

2022-03-29 19:42:18 - [TEST_STEP][PASSED] - openBrowser(""): Browser is opened with url: ''

2022-03-29 19:42:18 - [MESSAGE][WARNING] - A browser is already opened. Closing browser and opening a new one

2022-03-29 19:42:18 - [MESSAGE][INFO] - Starting 'Chrome' driver

2022-03-29 19:42:18 - [MESSAGE][INFO] - Action delay is set to 50 milliseconds

2022-03-29 19:42:20 - [MESSAGE][PASSED] - Browser is opened with url: ''

2022-03-29 19:42:20 - [TEST_STEP][PASSED] - maximizeWindow(): Current window maximized

2022-03-29 19:42:20 - [MESSAGE][PASSED] - Current window maximized

2022-03-29 19:42:20 - [TEST_STEP][PASSED] - i = G_Login: null

2022-03-29 19:42:20 - [TEST_STEP][PASSED] - url = new java.net.URL(i): null

2022-03-29 19:42:20 - [TEST_STEP][PASSED] - println("URL: " + url.toString()): null

2022-03-29 19:42:20 - [TEST_STEP][PASSED] - connection = url.openConnection(): null

2022-03-29 19:42:20 - [TEST_STEP][PASSED] - connection.setRequestMethod("GET"): null

2022-03-29 19:42:20 - [TEST_STEP][PASSED] - connection.setReadTimeout(2 * 1000): null

2022-03-29 19:42:20 - [TEST_STEP][PASSED] - try: null

2022-03-29 19:42:20 - [TEST_STEP][PASSED] - connection.connect(): null

2022-03-29 19:42:20 - [TEST_STEP][PASSED] - flag = connected: null

2022-03-29 19:42:20 - [TEST_STEP][PASSED] - println("Valor_ori: " + flag): null

2022-03-29 19:42:20 - [TEST_STEP][PASSED] - if (flag): null

2022-03-29 19:42:20 - [TEST_STEP][PASSED] - navigateToUrl(i): Navigate to 'http://192.168.2.19:8380/saraweb' successfully

2022-03-29 19:42:20 - [MESSAGE][PASSED] - Navigate to 'http://192.168.2.19:8380/saraweb' successfully

2022-03-29 19:42:20 - [TEST_STEP][PASSED] - a(): null

2022-03-29 19:42:20 - [TEST_STEP][PASSED] - setText(findTestObject("Login/input_USUARIO_loginusuario"), G_Usuario): Text 'saraadmin' is set on object 'Object Repository/Login/input_USUARIO_loginusuario'

2022-03-29 19:42:21 - [MESSAGE][PASSED] - Text 'saraadmin' is set on object 'Object Repository/Login/input_USUARIO_loginusuario'

2022-03-29 19:42:21 - [TEST_STEP][PASSED] - setEncryptedText(findTestObject("Login/input_CLAVE_loginpassword"), "MkG4/TYiCFC3cb2driP7+Q=="): Text ****** has been set on object 'Object Repository/Login/input_CLAVE_loginpassword'

2022-03-29 19:42:22 - [MESSAGE][PASSED] - Text ****** has been set on object 'Object Repository/Login/input_CLAVE_loginpassword'

2022-03-29 19:42:22 - [TEST_STEP][PASSED] - waitForElementClickable(findTestObject("Login/a_Ingresar"), G_TimeOut): Object 'Object Repository/Login/a_Ingresar' is clickable

2022-03-29 19:42:22 - [MESSAGE][PASSED] - Object 'Object Repository/Login/a_Ingresar' is clickable

2022-03-29 19:42:22 - [TEST_STEP][PASSED] - click(findTestObject("Login/a_Ingresar")): Object: 'Object Repository/Login/a_Ingresar' is clicked on

2022-03-29 19:42:23 - [MESSAGE][PASSED] - Object: 'Object Repository/Login/a_Ingresar' is clicked on

2022-03-29 19:42:23 - [TEST_STEP][PASSED] - element = findWebElement(findTestObject("Login/a_Ir"), 30): null

2022-03-29 19:42:23 - [TEST_STEP][PASSED] - executeJavaScript("arguments[0].click()", Arrays.asList(element)): Execute JavaScript 'arguments[0].click()' successfully

2022-03-29 19:42:23 - [MESSAGE][PASSED] - Execute JavaScript 'arguments[0].click()' successfully

2022-03-29 19:42:23 - [MESSAGE][PASSED] - Call Test Case 'Test Cases/0.1-Login' successfully

2022-03-29 19:42:23 - [TEST_STEP][PASSED] - setText(findTestObject("input_Empresa 1_form_templatej_idt24_input"), "Listado persona"): Text 'Listado persona' is set on object 'Object Repository/input_Empresa 1_form_templatej_idt24_input'

2022-03-29 19:42:25 - [MESSAGE][PASSED] - Text 'Listado persona' is set on object 'Object Repository/input_Empresa 1_form_templatej_idt24_input'

2022-03-29 19:42:25 - [TEST_STEP][PASSED] - click(findTestObject("Modulo control tiempo/Reloj/span_Listado Persona")): Object: 'Object Repository/Modulo control tiempo/Reloj/span_Listado Persona' is clicked on

2022-03-29 19:42:26 - [MESSAGE][PASSED] - Object: 'Object Repository/Modulo control tiempo/Reloj/span_Listado Persona' is clicked on

2022-03-29 19:42:26 - [TEST_STEP][PASSED] - click(findTestObject("Modulo control tiempo/Reloj/td_1010220596")): Object: 'Object Repository/Modulo control tiempo/Reloj/td_1010220596' is clicked on

2022-03-29 19:42:28 - [MESSAGE][PASSED] - Object: 'Object Repository/Modulo control tiempo/Reloj/td_1010220596' is clicked on

2022-03-29 19:42:28 - [TEST_STEP][PASSED] - click(findTestObject("Modulo control tiempo/Reloj/a_Reloj")): Object: 'Object Repository/Modulo control tiempo/Reloj/a_Reloj' is clicked on

2022-03-29 19:42:29 - [MESSAGE][PASSED] - Object: 'Object Repository/Modulo control tiempo/Reloj/a_Reloj' is clicked on

2022-03-29 19:42:29 - [TEST_STEP][PASSED] - if (waitForElementVisible(findTestObject("Modulo control tiempo/Reloj/td_20210701 1800"), 1)): Web element with id: 'Object Repository/Modulo control tiempo/Reloj/td_20210701 1800' located by '//*/text()[normalize-space(.)='2021/07/01 18:00']/parent::*' not found

2022-03-29 19:42:31 - [MESSAGE][INFO] - Unable to find the element located by 'By.xpath: //*/text()[normalize-space(.)='2021/07/01 18:00']/parent::*'. Please recheck the objects properties to make sure the desired element is located. 

2022-03-29 19:42:31 - [MESSAGE][WARNING] - Web element with id: 'Object Repository/Modulo control tiempo/Reloj/td_20210701 1800' located by '//*/text()[normalize-space(.)='2021/07/01 18:00']/parent::*' not found

2022-03-29 19:42:31 - [TEST_STEP][PASSED] - click(findTestObject("Modulo control tiempo/Reloj/a_Nuevo")): Object: 'Object Repository/Modulo control tiempo/Reloj/a_Nuevo' is clicked on

2022-03-29 19:42:32 - [MESSAGE][PASSED] - Object: 'Object Repository/Modulo control tiempo/Reloj/a_Nuevo' is clicked on

2022-03-29 19:42:32 - [TEST_STEP][PASSED] - selectOptionByIndex(findTestObject("Modulo control tiempo/Reloj/select_AbiertoCerrado"), 1): All options with index in [1] are selected on object 'Object Repository/Modulo control tiempo/Reloj/select_AbiertoCerrado'

2022-03-29 19:42:33 - [MESSAGE][PASSED] - All options with index in [1] are selected on object 'Object Repository/Modulo control tiempo/Reloj/select_AbiertoCerrado'

2022-03-29 19:42:33 - [TEST_STEP][PASSED] - setText(findTestObject("Modulo control tiempo/Reloj/input_Fecha Inicial_formPopupRelojfechaIni_input"), "01/07/2021"): Text '01/07/2021' is set on object 'Object Repository/Modulo control tiempo/Reloj/input_Fecha Inicial_formPopupRelojfechaIni_input'

2022-03-29 19:42:34 - [MESSAGE][PASSED] - Text '01/07/2021' is set on object 'Object Repository/Modulo control tiempo/Reloj/input_Fecha Inicial_formPopupRelojfechaIni_input'

2022-03-29 19:42:34 - [TEST_STEP][PASSED] - setText(findTestObject("Modulo control tiempo/Reloj/input_Fecha Final_formPopupRelojfechaFin_input"), "30/07/2021"): Text '30/07/2021' is set on object 'Object Repository/Modulo control tiempo/Reloj/input_Fecha Final_formPopupRelojfechaFin_input'

2022-03-29 19:42:36 - [MESSAGE][PASSED] - Text '30/07/2021' is set on object 'Object Repository/Modulo control tiempo/Reloj/input_Fecha Final_formPopupRelojfechaFin_input'

2022-03-29 19:42:36 - [TEST_STEP][PASSED] - setText(findTestObject("Modulo control tiempo/Reloj/input_Hora_formPopupRelojhoraIni"), "08"): Text '08' is set on object 'Object Repository/Modulo control tiempo/Reloj/input_Hora_formPopupRelojhoraIni'

2022-03-29 19:42:37 - [MESSAGE][PASSED] - Text '08' is set on object 'Object Repository/Modulo control tiempo/Reloj/input_Hora_formPopupRelojhoraIni'

2022-03-29 19:42:37 - [TEST_STEP][PASSED] - setText(findTestObject("Modulo control tiempo/Reloj/input__formPopupRelojminutoIni"), "10"): Text '10' is set on object 'Object Repository/Modulo control tiempo/Reloj/input__formPopupRelojminutoIni'

2022-03-29 19:42:38 - [MESSAGE][PASSED] - Text '10' is set on object 'Object Repository/Modulo control tiempo/Reloj/input__formPopupRelojminutoIni'

2022-03-29 19:42:38 - [TEST_STEP][PASSED] - setText(findTestObject("Modulo control tiempo/Reloj/input__formPopupRelojhoraFin"), "18"): Text '18' is set on object 'Object Repository/Modulo control tiempo/Reloj/input__formPopupRelojhoraFin'

2022-03-29 19:42:39 - [MESSAGE][PASSED] - Text '18' is set on object 'Object Repository/Modulo control tiempo/Reloj/input__formPopupRelojhoraFin'

2022-03-29 19:42:39 - [TEST_STEP][PASSED] - setText(findTestObject("Modulo control tiempo/Reloj/input__formPopupRelojminutoFin"), "00"): Text '00' is set on object 'Object Repository/Modulo control tiempo/Reloj/input__formPopupRelojminutoFin'

2022-03-29 19:42:40 - [MESSAGE][PASSED] - Text '00' is set on object 'Object Repository/Modulo control tiempo/Reloj/input__formPopupRelojminutoFin'

2022-03-29 19:42:40 - [TEST_STEP][PASSED] - click(findTestObject("Modulo control tiempo/Reloj/a_Guardar")): Object: 'Object Repository/Modulo control tiempo/Reloj/a_Guardar' is clicked on

2022-03-29 19:42:40 - [MESSAGE][PASSED] - Object: 'Object Repository/Modulo control tiempo/Reloj/a_Guardar' is clicked on]]></system-out>
         <system-err><![CDATA[]]></system-err>
      </testcase>
      <testcase name="Test Cases/1.2-Tareas_Secundarias/A.3-Pruebas_control_tiempos/13.1.7-Dispositivo" time="17.089" classname="Test Cases/1.2-Tareas_Secundarias/A.3-Pruebas_control_tiempos/13.1.7-Dispositivo" status="PASSED">
         <system-out><![CDATA[2022-03-29 19:42:40 - [TEST_CASE][PASSED] - Test Cases/1.2-Tareas_Secundarias/A.3-Pruebas_control_tiempos/13.1.7-Dispositivo: Test Cases/1.2-Tareas_Secundarias/A.3-Pruebas_control_tiempos/13.1.7-Dispositivo

2022-03-29 19:42:41 - [TEST_STEP][PASSED] - callTestCase(findTestCase("0.1-Login"), [:], STOP_ON_FAILURE): Call Test Case 'Test Cases/0.1-Login' successfully

2022-03-29 19:42:41 - [TEST_CASE][PASSED] - Test Cases/0.1-Login: Test Cases/0.1-Login

2022-03-29 19:42:41 - [TEST_STEP][PASSED] - openBrowser(""): Browser is opened with url: ''

2022-03-29 19:42:41 - [MESSAGE][WARNING] - A browser is already opened. Closing browser and opening a new one

2022-03-29 19:42:41 - [MESSAGE][INFO] - Starting 'Chrome' driver

2022-03-29 19:42:41 - [MESSAGE][INFO] - Action delay is set to 50 milliseconds

2022-03-29 19:42:43 - [MESSAGE][PASSED] - Browser is opened with url: ''

2022-03-29 19:42:43 - [TEST_STEP][PASSED] - maximizeWindow(): Current window maximized

2022-03-29 19:42:43 - [MESSAGE][PASSED] - Current window maximized

2022-03-29 19:42:43 - [TEST_STEP][PASSED] - i = G_Login: null

2022-03-29 19:42:43 - [TEST_STEP][PASSED] - url = new java.net.URL(i): null

2022-03-29 19:42:43 - [TEST_STEP][PASSED] - println("URL: " + url.toString()): null

2022-03-29 19:42:43 - [TEST_STEP][PASSED] - connection = url.openConnection(): null

2022-03-29 19:42:43 - [TEST_STEP][PASSED] - connection.setRequestMethod("GET"): null

2022-03-29 19:42:43 - [TEST_STEP][PASSED] - connection.setReadTimeout(2 * 1000): null

2022-03-29 19:42:43 - [TEST_STEP][PASSED] - try: null

2022-03-29 19:42:43 - [TEST_STEP][PASSED] - connection.connect(): null

2022-03-29 19:42:43 - [TEST_STEP][PASSED] - flag = connected: null

2022-03-29 19:42:43 - [TEST_STEP][PASSED] - println("Valor_ori: " + flag): null

2022-03-29 19:42:43 - [TEST_STEP][PASSED] - if (flag): null

2022-03-29 19:42:43 - [TEST_STEP][PASSED] - navigateToUrl(i): Navigate to 'http://192.168.2.19:8380/saraweb' successfully

2022-03-29 19:42:43 - [MESSAGE][PASSED] - Navigate to 'http://192.168.2.19:8380/saraweb' successfully

2022-03-29 19:42:43 - [TEST_STEP][PASSED] - a(): null

2022-03-29 19:42:43 - [TEST_STEP][PASSED] - setText(findTestObject("Login/input_USUARIO_loginusuario"), G_Usuario): Text 'saraadmin' is set on object 'Object Repository/Login/input_USUARIO_loginusuario'

2022-03-29 19:42:44 - [MESSAGE][PASSED] - Text 'saraadmin' is set on object 'Object Repository/Login/input_USUARIO_loginusuario'

2022-03-29 19:42:44 - [TEST_STEP][PASSED] - setEncryptedText(findTestObject("Login/input_CLAVE_loginpassword"), "MkG4/TYiCFC3cb2driP7+Q=="): Text ****** has been set on object 'Object Repository/Login/input_CLAVE_loginpassword'

2022-03-29 19:42:45 - [MESSAGE][PASSED] - Text ****** has been set on object 'Object Repository/Login/input_CLAVE_loginpassword'

2022-03-29 19:42:45 - [TEST_STEP][PASSED] - waitForElementClickable(findTestObject("Login/a_Ingresar"), G_TimeOut): Object 'Object Repository/Login/a_Ingresar' is clickable

2022-03-29 19:42:45 - [MESSAGE][PASSED] - Object 'Object Repository/Login/a_Ingresar' is clickable

2022-03-29 19:42:45 - [TEST_STEP][PASSED] - click(findTestObject("Login/a_Ingresar")): Object: 'Object Repository/Login/a_Ingresar' is clicked on

2022-03-29 19:42:47 - [MESSAGE][PASSED] - Object: 'Object Repository/Login/a_Ingresar' is clicked on

2022-03-29 19:42:47 - [TEST_STEP][PASSED] - element = findWebElement(findTestObject("Login/a_Ir"), 30): null

2022-03-29 19:42:47 - [TEST_STEP][PASSED] - executeJavaScript("arguments[0].click()", Arrays.asList(element)): Execute JavaScript 'arguments[0].click()' successfully

2022-03-29 19:42:47 - [MESSAGE][PASSED] - Execute JavaScript 'arguments[0].click()' successfully

2022-03-29 19:42:47 - [MESSAGE][PASSED] - Call Test Case 'Test Cases/0.1-Login' successfully

2022-03-29 19:42:47 - [TEST_STEP][PASSED] - setText(findTestObject("input_Empresa 1_form_templatej_idt24_input"), "listado persona"): Text 'listado persona' is set on object 'Object Repository/input_Empresa 1_form_templatej_idt24_input'

2022-03-29 19:42:49 - [MESSAGE][PASSED] - Text 'listado persona' is set on object 'Object Repository/input_Empresa 1_form_templatej_idt24_input'

2022-03-29 19:42:49 - [TEST_STEP][PASSED] - click(findTestObject("Modulo control tiempo/Dispositivo/span_Listado Persona")): Object: 'Object Repository/Modulo control tiempo/Dispositivo/span_Listado Persona' is clicked on

2022-03-29 19:42:50 - [MESSAGE][PASSED] - Object: 'Object Repository/Modulo control tiempo/Dispositivo/span_Listado Persona' is clicked on

2022-03-29 19:42:50 - [TEST_STEP][PASSED] - click(findTestObject("Modulo control tiempo/Dispositivo/td_1010220596")): Object: 'Object Repository/Modulo control tiempo/Dispositivo/td_1010220596' is clicked on

2022-03-29 19:42:51 - [MESSAGE][PASSED] - Object: 'Object Repository/Modulo control tiempo/Dispositivo/td_1010220596' is clicked on

2022-03-29 19:42:51 - [TEST_STEP][PASSED] - click(findTestObject("Modulo control tiempo/Dispositivo/a_dispositivo")): Object: 'Object Repository/Modulo control tiempo/Dispositivo/a_dispositivo' is clicked on

2022-03-29 19:42:52 - [MESSAGE][PASSED] - Object: 'Object Repository/Modulo control tiempo/Dispositivo/a_dispositivo' is clicked on

2022-03-29 19:42:52 - [TEST_STEP][PASSED] - if (waitForElementVisible(findTestObject("Modulo control tiempo/Dispositivo/td_-"), 1)): null

2022-03-29 19:42:53 - [MESSAGE][PASSED] - Object 'Object Repository/Modulo control tiempo/Dispositivo/td_-' is visible

2022-03-29 19:42:53 - [TEST_STEP][PASSED] - click(findTestObject("Modulo control tiempo/Dispositivo/td_-")): Object: 'Object Repository/Modulo control tiempo/Dispositivo/td_-' is clicked on

2022-03-29 19:42:53 - [MESSAGE][PASSED] - Object: 'Object Repository/Modulo control tiempo/Dispositivo/td_-' is clicked on

2022-03-29 19:42:53 - [TEST_STEP][PASSED] - element = findWebElement(findTestObject("Modulo control tiempo/Dispositivo/span_Remove All"), 30): null

2022-03-29 19:42:54 - [TEST_STEP][PASSED] - executeJavaScript("arguments[0].click()", Arrays.asList(element)): Execute JavaScript 'arguments[0].click()' successfully

2022-03-29 19:42:54 - [MESSAGE][PASSED] - Execute JavaScript 'arguments[0].click()' successfully

2022-03-29 19:42:54 - [TEST_STEP][PASSED] - click(findTestObject("Modulo control tiempo/Dispositivo/span_Huella Digital")): Object: 'Object Repository/Modulo control tiempo/Dispositivo/span_Huella Digital' is clicked on

2022-03-29 19:42:55 - [MESSAGE][PASSED] - Object: 'Object Repository/Modulo control tiempo/Dispositivo/span_Huella Digital' is clicked on

2022-03-29 19:42:55 - [TEST_STEP][PASSED] - click(findTestObject("Modulo control tiempo/Dispositivo/span_Huella Digital_ui-button-icon-left ui-icon ui-c ui-icon ui-icon-arrow-1-e")): Object: 'Object Repository/Modulo control tiempo/Dispositivo/span_Huella Digital_ui-button-icon-left ui-icon ui-c ui-icon ui-icon-arrow-1-e' is clicked on

2022-03-29 19:42:56 - [MESSAGE][PASSED] - Object: 'Object Repository/Modulo control tiempo/Dispositivo/span_Huella Digital_ui-button-icon-left ui-icon ui-c ui-icon ui-icon-arrow-1-e' is clicked on

2022-03-29 19:42:56 - [TEST_STEP][PASSED] - if (waitForElementVisible(findTestObject("Modulo control tiempo/Dispositivo/td_-"), 1)): null

2022-03-29 19:42:57 - [MESSAGE][PASSED] - Object 'Object Repository/Modulo control tiempo/Dispositivo/td_-' is visible

2022-03-29 19:42:57 - [TEST_STEP][PASSED] - closeBrowser(): Browser is closed

2022-03-29 19:42:57 - [MESSAGE][PASSED] - Browser is closed]]></system-out>
         <system-err><![CDATA[]]></system-err>
      </testcase>
      <testcase name="Test Cases/1.2-Tareas_Secundarias/A.3-Pruebas_control_tiempos/13.1.8-Funciones" time="16.082" classname="Test Cases/1.2-Tareas_Secundarias/A.3-Pruebas_control_tiempos/13.1.8-Funciones" status="PASSED">
         <system-out><![CDATA[2022-03-29 19:42:57 - [TEST_CASE][PASSED] - Test Cases/1.2-Tareas_Secundarias/A.3-Pruebas_control_tiempos/13.1.8-Funciones: Test Cases/1.2-Tareas_Secundarias/A.3-Pruebas_control_tiempos/13.1.8-Funciones

2022-03-29 19:42:58 - [TEST_STEP][PASSED] - callTestCase(findTestCase("0.1-Login"), [:], STOP_ON_FAILURE): Call Test Case 'Test Cases/0.1-Login' successfully

2022-03-29 19:42:58 - [TEST_CASE][PASSED] - Test Cases/0.1-Login: Test Cases/0.1-Login

2022-03-29 19:42:58 - [TEST_STEP][PASSED] - openBrowser(""): Browser is opened with url: ''

2022-03-29 19:42:58 - [MESSAGE][INFO] - Starting 'Chrome' driver

2022-03-29 19:42:58 - [MESSAGE][INFO] - Action delay is set to 50 milliseconds

2022-03-29 19:42:59 - [MESSAGE][PASSED] - Browser is opened with url: ''

2022-03-29 19:42:59 - [TEST_STEP][PASSED] - maximizeWindow(): Current window maximized

2022-03-29 19:42:59 - [MESSAGE][PASSED] - Current window maximized

2022-03-29 19:42:59 - [TEST_STEP][PASSED] - i = G_Login: null

2022-03-29 19:42:59 - [TEST_STEP][PASSED] - url = new java.net.URL(i): null

2022-03-29 19:42:59 - [TEST_STEP][PASSED] - println("URL: " + url.toString()): null

2022-03-29 19:42:59 - [TEST_STEP][PASSED] - connection = url.openConnection(): null

2022-03-29 19:42:59 - [TEST_STEP][PASSED] - connection.setRequestMethod("GET"): null

2022-03-29 19:42:59 - [TEST_STEP][PASSED] - connection.setReadTimeout(2 * 1000): null

2022-03-29 19:42:59 - [TEST_STEP][PASSED] - try: null

2022-03-29 19:42:59 - [TEST_STEP][PASSED] - connection.connect(): null

2022-03-29 19:42:59 - [TEST_STEP][PASSED] - flag = connected: null

2022-03-29 19:42:59 - [TEST_STEP][PASSED] - println("Valor_ori: " + flag): null

2022-03-29 19:42:59 - [TEST_STEP][PASSED] - if (flag): null

2022-03-29 19:42:59 - [TEST_STEP][PASSED] - navigateToUrl(i): Navigate to 'http://192.168.2.19:8380/saraweb' successfully

2022-03-29 19:43:00 - [MESSAGE][PASSED] - Navigate to 'http://192.168.2.19:8380/saraweb' successfully

2022-03-29 19:43:00 - [TEST_STEP][PASSED] - a(): null

2022-03-29 19:43:00 - [TEST_STEP][PASSED] - setText(findTestObject("Login/input_USUARIO_loginusuario"), G_Usuario): Text 'saraadmin' is set on object 'Object Repository/Login/input_USUARIO_loginusuario'

2022-03-29 19:43:01 - [MESSAGE][PASSED] - Text 'saraadmin' is set on object 'Object Repository/Login/input_USUARIO_loginusuario'

2022-03-29 19:43:01 - [TEST_STEP][PASSED] - setEncryptedText(findTestObject("Login/input_CLAVE_loginpassword"), "MkG4/TYiCFC3cb2driP7+Q=="): Text ****** has been set on object 'Object Repository/Login/input_CLAVE_loginpassword'

2022-03-29 19:43:01 - [MESSAGE][PASSED] - Text ****** has been set on object 'Object Repository/Login/input_CLAVE_loginpassword'

2022-03-29 19:43:01 - [TEST_STEP][PASSED] - waitForElementClickable(findTestObject("Login/a_Ingresar"), G_TimeOut): Object 'Object Repository/Login/a_Ingresar' is clickable

2022-03-29 19:43:02 - [MESSAGE][PASSED] - Object 'Object Repository/Login/a_Ingresar' is clickable

2022-03-29 19:43:02 - [TEST_STEP][PASSED] - click(findTestObject("Login/a_Ingresar")): Object: 'Object Repository/Login/a_Ingresar' is clicked on

2022-03-29 19:43:03 - [MESSAGE][PASSED] - Object: 'Object Repository/Login/a_Ingresar' is clicked on

2022-03-29 19:43:03 - [TEST_STEP][PASSED] - element = findWebElement(findTestObject("Login/a_Ir"), 30): null

2022-03-29 19:43:03 - [TEST_STEP][PASSED] - executeJavaScript("arguments[0].click()", Arrays.asList(element)): Execute JavaScript 'arguments[0].click()' successfully

2022-03-29 19:43:03 - [MESSAGE][PASSED] - Execute JavaScript 'arguments[0].click()' successfully

2022-03-29 19:43:03 - [MESSAGE][PASSED] - Call Test Case 'Test Cases/0.1-Login' successfully

2022-03-29 19:43:03 - [TEST_STEP][PASSED] - setText(findTestObject("input_Empresa 1_form_templatej_idt24_input"), "Listado persona"): Text 'Listado persona' is set on object 'Object Repository/input_Empresa 1_form_templatej_idt24_input'

2022-03-29 19:43:04 - [MESSAGE][PASSED] - Text 'Listado persona' is set on object 'Object Repository/input_Empresa 1_form_templatej_idt24_input'

2022-03-29 19:43:04 - [TEST_STEP][PASSED] - click(findTestObject("Modulo control tiempo/Funciones/span_Listado Persona")): Object: 'Object Repository/Modulo control tiempo/Funciones/span_Listado Persona' is clicked on

2022-03-29 19:43:06 - [MESSAGE][PASSED] - Object: 'Object Repository/Modulo control tiempo/Funciones/span_Listado Persona' is clicked on

2022-03-29 19:43:06 - [TEST_STEP][PASSED] - click(findTestObject("Modulo control tiempo/Funciones/td_1010220596")): Object: 'Object Repository/Modulo control tiempo/Funciones/td_1010220596' is clicked on

2022-03-29 19:43:08 - [MESSAGE][PASSED] - Object: 'Object Repository/Modulo control tiempo/Funciones/td_1010220596' is clicked on

2022-03-29 19:43:08 - [TEST_STEP][PASSED] - click(findTestObject("Modulo control tiempo/Funciones/a_Funciones")): Object: 'Object Repository/Modulo control tiempo/Funciones/a_Funciones' is clicked on

2022-03-29 19:43:08 - [MESSAGE][PASSED] - Object: 'Object Repository/Modulo control tiempo/Funciones/a_Funciones' is clicked on

2022-03-29 19:43:08 - [TEST_STEP][PASSED] - click(findTestObject("Modulo control tiempo/Funciones/td_1")): Object: 'Object Repository/Modulo control tiempo/Funciones/td_1' is clicked on

2022-03-29 19:43:11 - [MESSAGE][PASSED] - Object: 'Object Repository/Modulo control tiempo/Funciones/td_1' is clicked on

2022-03-29 19:43:11 - [TEST_STEP][PASSED] - waitForElementVisible(findTestObject("Modulo control tiempo/Funciones/a_Cancelar"), 2): Object 'Object Repository/Modulo control tiempo/Funciones/a_Cancelar' is visible

2022-03-29 19:43:12 - [MESSAGE][PASSED] - Object 'Object Repository/Modulo control tiempo/Funciones/a_Cancelar' is visible

2022-03-29 19:43:12 - [TEST_STEP][PASSED] - click(findTestObject("Modulo control tiempo/Funciones/a_Cancelar")): Object: 'Object Repository/Modulo control tiempo/Funciones/a_Cancelar' is clicked on

2022-03-29 19:43:12 - [MESSAGE][PASSED] - Object: 'Object Repository/Modulo control tiempo/Funciones/a_Cancelar' is clicked on

2022-03-29 19:43:12 - [TEST_STEP][PASSED] - if (waitForElementVisible(findTestObject("Modulo control tiempo/Funciones/td_1"), 1)): null

2022-03-29 19:43:13 - [MESSAGE][PASSED] - Object 'Object Repository/Modulo control tiempo/Funciones/td_1' is visible

2022-03-29 19:43:13 - [TEST_STEP][PASSED] - closeBrowser(): Browser is closed

2022-03-29 19:43:13 - [MESSAGE][PASSED] - Browser is closed]]></system-out>
         <system-err><![CDATA[]]></system-err>
      </testcase>
      <testcase name="Test Cases/1.2-Tareas_Secundarias/A.3-Pruebas_control_tiempos/13.2.2-Liquidación_reversar" time="28.663" classname="Test Cases/1.2-Tareas_Secundarias/A.3-Pruebas_control_tiempos/13.2.2-Liquidación_reversar" status="PASSED">
         <system-out><![CDATA[2022-03-29 19:43:13 - [TEST_CASE][PASSED] - Test Cases/1.2-Tareas_Secundarias/A.3-Pruebas_control_tiempos/13.2.2-Liquidación_reversar: Test Cases/1.2-Tareas_Secundarias/A.3-Pruebas_control_tiempos/13.2.2-Liquidación_reversar

2022-03-29 19:43:14 - [TEST_STEP][PASSED] - callTestCase(findTestCase("0.1-Login"), [:], STOP_ON_FAILURE): Call Test Case 'Test Cases/0.1-Login' successfully

2022-03-29 19:43:14 - [TEST_CASE][PASSED] - Test Cases/0.1-Login: Test Cases/0.1-Login

2022-03-29 19:43:14 - [TEST_STEP][PASSED] - openBrowser(""): Browser is opened with url: ''

2022-03-29 19:43:14 - [MESSAGE][INFO] - Starting 'Chrome' driver

2022-03-29 19:43:14 - [MESSAGE][INFO] - Action delay is set to 50 milliseconds

2022-03-29 19:43:15 - [MESSAGE][PASSED] - Browser is opened with url: ''

2022-03-29 19:43:15 - [TEST_STEP][PASSED] - maximizeWindow(): Current window maximized

2022-03-29 19:43:15 - [MESSAGE][PASSED] - Current window maximized

2022-03-29 19:43:15 - [TEST_STEP][PASSED] - i = G_Login: null

2022-03-29 19:43:15 - [TEST_STEP][PASSED] - url = new java.net.URL(i): null

2022-03-29 19:43:15 - [TEST_STEP][PASSED] - println("URL: " + url.toString()): null

2022-03-29 19:43:15 - [TEST_STEP][PASSED] - connection = url.openConnection(): null

2022-03-29 19:43:15 - [TEST_STEP][PASSED] - connection.setRequestMethod("GET"): null

2022-03-29 19:43:15 - [TEST_STEP][PASSED] - connection.setReadTimeout(2 * 1000): null

2022-03-29 19:43:15 - [TEST_STEP][PASSED] - try: null

2022-03-29 19:43:15 - [TEST_STEP][PASSED] - connection.connect(): null

2022-03-29 19:43:15 - [TEST_STEP][PASSED] - flag = connected: null

2022-03-29 19:43:15 - [TEST_STEP][PASSED] - println("Valor_ori: " + flag): null

2022-03-29 19:43:15 - [TEST_STEP][PASSED] - if (flag): null

2022-03-29 19:43:15 - [TEST_STEP][PASSED] - navigateToUrl(i): Navigate to 'http://192.168.2.19:8380/saraweb' successfully

2022-03-29 19:43:16 - [MESSAGE][PASSED] - Navigate to 'http://192.168.2.19:8380/saraweb' successfully

2022-03-29 19:43:16 - [TEST_STEP][PASSED] - a(): null

2022-03-29 19:43:16 - [TEST_STEP][PASSED] - setText(findTestObject("Login/input_USUARIO_loginusuario"), G_Usuario): Text 'saraadmin' is set on object 'Object Repository/Login/input_USUARIO_loginusuario'

2022-03-29 19:43:17 - [MESSAGE][PASSED] - Text 'saraadmin' is set on object 'Object Repository/Login/input_USUARIO_loginusuario'

2022-03-29 19:43:17 - [TEST_STEP][PASSED] - setEncryptedText(findTestObject("Login/input_CLAVE_loginpassword"), "MkG4/TYiCFC3cb2driP7+Q=="): Text ****** has been set on object 'Object Repository/Login/input_CLAVE_loginpassword'

2022-03-29 19:43:17 - [MESSAGE][PASSED] - Text ****** has been set on object 'Object Repository/Login/input_CLAVE_loginpassword'

2022-03-29 19:43:17 - [TEST_STEP][PASSED] - waitForElementClickable(findTestObject("Login/a_Ingresar"), G_TimeOut): Object 'Object Repository/Login/a_Ingresar' is clickable

2022-03-29 19:43:18 - [MESSAGE][PASSED] - Object 'Object Repository/Login/a_Ingresar' is clickable

2022-03-29 19:43:18 - [TEST_STEP][PASSED] - click(findTestObject("Login/a_Ingresar")): Object: 'Object Repository/Login/a_Ingresar' is clicked on

2022-03-29 19:43:19 - [MESSAGE][PASSED] - Object: 'Object Repository/Login/a_Ingresar' is clicked on

2022-03-29 19:43:19 - [TEST_STEP][PASSED] - element = findWebElement(findTestObject("Login/a_Ir"), 30): null

2022-03-29 19:43:19 - [TEST_STEP][PASSED] - executeJavaScript("arguments[0].click()", Arrays.asList(element)): Execute JavaScript 'arguments[0].click()' successfully

2022-03-29 19:43:19 - [MESSAGE][PASSED] - Execute JavaScript 'arguments[0].click()' successfully

2022-03-29 19:43:19 - [MESSAGE][PASSED] - Call Test Case 'Test Cases/0.1-Login' successfully

2022-03-29 19:43:19 - [TEST_STEP][PASSED] - setText(findTestObject("Modulo control tiempo/liquidación/input_Empresa 1_form_templatej_idt24_input"), "Liquidacion (get)"): Text 'Liquidacion (get)' is set on object 'Object Repository/Modulo control tiempo/liquidación/input_Empresa 1_form_templatej_idt24_input'

2022-03-29 19:43:20 - [MESSAGE][PASSED] - Text 'Liquidacion (get)' is set on object 'Object Repository/Modulo control tiempo/liquidación/input_Empresa 1_form_templatej_idt24_input'

2022-03-29 19:43:20 - [TEST_STEP][PASSED] - click(findTestObject("Modulo control tiempo/liquidación/li_Liquidacion (get)")): Object: 'Object Repository/Modulo control tiempo/liquidación/li_Liquidacion (get)' is clicked on

2022-03-29 19:43:22 - [MESSAGE][PASSED] - Object: 'Object Repository/Modulo control tiempo/liquidación/li_Liquidacion (get)' is clicked on

2022-03-29 19:43:22 - [TEST_STEP][PASSED] - if (waitForElementVisible(findTestObject("Modulo control tiempo/liquidación/td_01072021"), 1)): null

2022-03-29 19:43:22 - [MESSAGE][PASSED] - Object 'Object Repository/Modulo control tiempo/liquidación/td_01072021' is visible

2022-03-29 19:43:22 - [TEST_STEP][PASSED] - click(findTestObject("Modulo control tiempo/liquidación/td_01072021")): Object: 'Object Repository/Modulo control tiempo/liquidación/td_01072021' is clicked on

2022-03-29 19:43:23 - [MESSAGE][PASSED] - Object: 'Object Repository/Modulo control tiempo/liquidación/td_01072021' is clicked on

2022-03-29 19:43:23 - [TEST_STEP][PASSED] - click(findTestObject("Modulo control tiempo/liquidación/a_Reversar")): Object: 'Object Repository/Modulo control tiempo/liquidación/a_Reversar' is clicked on

2022-03-29 19:43:24 - [MESSAGE][PASSED] - Object: 'Object Repository/Modulo control tiempo/liquidación/a_Reversar' is clicked on

2022-03-29 19:43:24 - [TEST_STEP][PASSED] - click(findTestObject("Modulo control tiempo/liquidación/a_Aceptar")): Object: 'Object Repository/Modulo control tiempo/liquidación/a_Aceptar' is clicked on

2022-03-29 19:43:25 - [MESSAGE][PASSED] - Object: 'Object Repository/Modulo control tiempo/liquidación/a_Aceptar' is clicked on

2022-03-29 19:43:25 - [TEST_STEP][PASSED] - waitForElementVisible(findTestObject("Modulo control tiempo/liquidación/a_Continuar"), 0): Object 'Object Repository/Modulo control tiempo/liquidación/a_Continuar' is visible

2022-03-29 19:43:25 - [MESSAGE][WARNING] - Timeout '0' is invalid. Using default page load timeout: '45'

2022-03-29 19:43:28 - [MESSAGE][PASSED] - Object 'Object Repository/Modulo control tiempo/liquidación/a_Continuar' is visible

2022-03-29 19:43:28 - [TEST_STEP][PASSED] - if (waitForElementVisible(findTestObject("Modulo control tiempo/liquidación/div_Reversin realizada con xito"), 1)): null

2022-03-29 19:43:29 - [MESSAGE][PASSED] - Object 'Object Repository/Modulo control tiempo/liquidación/div_Reversin realizada con xito' is visible

2022-03-29 19:43:29 - [TEST_STEP][PASSED] - click(findTestObject("Modulo control tiempo/liquidación/a_Continuar")): Object: 'Object Repository/Modulo control tiempo/liquidación/a_Continuar' is clicked on

2022-03-29 19:43:29 - [MESSAGE][PASSED] - Object: 'Object Repository/Modulo control tiempo/liquidación/a_Continuar' is clicked on

2022-03-29 19:43:29 - [TEST_STEP][PASSED] - waitForElementVisible(findTestObject("Modulo control tiempo/liquidación/a_Nuevo"), 0): Object 'Object Repository/Modulo control tiempo/liquidación/a_Nuevo' is visible

2022-03-29 19:43:29 - [MESSAGE][WARNING] - Timeout '0' is invalid. Using default page load timeout: '45'

2022-03-29 19:43:30 - [MESSAGE][PASSED] - Object 'Object Repository/Modulo control tiempo/liquidación/a_Nuevo' is visible

2022-03-29 19:43:30 - [TEST_STEP][PASSED] - click(findTestObject("Modulo control tiempo/liquidación/a_Nuevo")): Object: 'Object Repository/Modulo control tiempo/liquidación/a_Nuevo' is clicked on

2022-03-29 19:43:31 - [MESSAGE][PASSED] - Object: 'Object Repository/Modulo control tiempo/liquidación/a_Nuevo' is clicked on

2022-03-29 19:43:31 - [TEST_STEP][PASSED] - setText(findTestObject("Modulo control tiempo/liquidación/input_Fecha Inicial_form_popupFechaLiquidacionBeanfechaInicial_input"), "18/01/2019"): Text '18/01/2019' is set on object 'Object Repository/Modulo control tiempo/liquidación/input_Fecha Inicial_form_popupFechaLiquidacionBeanfechaInicial_input'

2022-03-29 19:43:32 - [MESSAGE][PASSED] - Text '18/01/2019' is set on object 'Object Repository/Modulo control tiempo/liquidación/input_Fecha Inicial_form_popupFechaLiquidacionBeanfechaInicial_input'

2022-03-29 19:43:32 - [TEST_STEP][PASSED] - sendKeys(findTestObject("Modulo control tiempo/liquidación/input_Fecha Inicial_form_popupFechaLiquidacionBeanfechaInicial_input"), Keys.chord(ESCAPE)): Keys 'ESCAPE + ' sent to object: 'Object Repository/Modulo control tiempo/liquidación/input_Fecha Inicial_form_popupFechaLiquidacionBeanfechaInicial_input'

2022-03-29 19:43:33 - [MESSAGE][PASSED] - Keys 'ESCAPE + ' sent to object: 'Object Repository/Modulo control tiempo/liquidación/input_Fecha Inicial_form_popupFechaLiquidacionBeanfechaInicial_input'

2022-03-29 19:43:33 - [TEST_STEP][PASSED] - setText(findTestObject("Modulo control tiempo/liquidación/input_Fecha Final_form_popupFechaLiquidacionBeanfechaFinal_input"), "27/02/2019"): Text '27/02/2019' is set on object 'Object Repository/Modulo control tiempo/liquidación/input_Fecha Final_form_popupFechaLiquidacionBeanfechaFinal_input'

2022-03-29 19:43:34 - [MESSAGE][PASSED] - Text '27/02/2019' is set on object 'Object Repository/Modulo control tiempo/liquidación/input_Fecha Final_form_popupFechaLiquidacionBeanfechaFinal_input'

2022-03-29 19:43:34 - [TEST_STEP][PASSED] - selectOptionByIndex(findTestObject("Modulo control tiempo/liquidación/select_--Seleccione--Proceso de liquidacin DesarrolloProceso de liquidacin Mensual"), 1): All options with index in [1] are selected on object 'Object Repository/Modulo control tiempo/liquidación/select_--Seleccione--Proceso de liquidacin DesarrolloProceso de liquidacin Mensual'

2022-03-29 19:43:35 - [MESSAGE][PASSED] - All options with index in [1] are selected on object 'Object Repository/Modulo control tiempo/liquidación/select_--Seleccione--Proceso de liquidacin DesarrolloProceso de liquidacin Mensual'

2022-03-29 19:43:35 - [TEST_STEP][PASSED] - click(findTestObject("Modulo control tiempo/liquidación/a_Aplicar")): Object: 'Object Repository/Modulo control tiempo/liquidación/a_Aplicar' is clicked on

2022-03-29 19:43:36 - [MESSAGE][PASSED] - Object: 'Object Repository/Modulo control tiempo/liquidación/a_Aplicar' is clicked on

2022-03-29 19:43:36 - [TEST_STEP][PASSED] - click(findTestObject("Modulo control tiempo/liquidación/a_Liquidar")): Object: 'Object Repository/Modulo control tiempo/liquidación/a_Liquidar' is clicked on

2022-03-29 19:43:36 - [MESSAGE][PASSED] - Object: 'Object Repository/Modulo control tiempo/liquidación/a_Liquidar' is clicked on

2022-03-29 19:43:36 - [TEST_STEP][PASSED] - click(findTestObject("Modulo control tiempo/liquidación/a_Aceptar")): Object: 'Object Repository/Modulo control tiempo/liquidación/a_Aceptar' is clicked on

2022-03-29 19:43:37 - [MESSAGE][PASSED] - Object: 'Object Repository/Modulo control tiempo/liquidación/a_Aceptar' is clicked on

2022-03-29 19:43:37 - [TEST_STEP][PASSED] - click(findTestObject("Modulo control tiempo/liquidación/div_Liquidacin realizada con xito")): Object: 'Object Repository/Modulo control tiempo/liquidación/div_Liquidacin realizada con xito' is clicked on

2022-03-29 19:43:38 - [MESSAGE][PASSED] - Object: 'Object Repository/Modulo control tiempo/liquidación/div_Liquidacin realizada con xito' is clicked on

2022-03-29 19:43:38 - [TEST_STEP][PASSED] - click(findTestObject("Modulo control tiempo/liquidación/a_Continuar")): Object: 'Object Repository/Modulo control tiempo/liquidación/a_Continuar' is clicked on

2022-03-29 19:43:41 - [MESSAGE][PASSED] - Object: 'Object Repository/Modulo control tiempo/liquidación/a_Continuar' is clicked on

2022-03-29 19:43:41 - [TEST_STEP][PASSED] - if (waitForElementPresent(findTestObject("Modulo control tiempo/liquidación/a_Reversar"), 1)): null

2022-03-29 19:43:41 - [MESSAGE][PASSED] - Object 'Object Repository/Modulo control tiempo/liquidación/a_Reversar' is present

2022-03-29 19:43:41 - [TEST_STEP][PASSED] - closeBrowser(): Browser is closed

2022-03-29 19:43:42 - [MESSAGE][PASSED] - Browser is closed]]></system-out>
         <system-err><![CDATA[]]></system-err>
      </testcase>
      <testcase name="Test Cases/1.2-Tareas_Secundarias/A.3-Pruebas_control_tiempos/13.2.3-Aplicar" time="18.794" classname="Test Cases/1.2-Tareas_Secundarias/A.3-Pruebas_control_tiempos/13.2.3-Aplicar" status="PASSED">
         <system-out><![CDATA[2022-03-29 19:43:42 - [TEST_CASE][PASSED] - Test Cases/1.2-Tareas_Secundarias/A.3-Pruebas_control_tiempos/13.2.3-Aplicar: Test Cases/1.2-Tareas_Secundarias/A.3-Pruebas_control_tiempos/13.2.3-Aplicar

2022-03-29 19:43:42 - [TEST_STEP][PASSED] - callTestCase(findTestCase("0.1-Login"), [:], STOP_ON_FAILURE): Call Test Case 'Test Cases/0.1-Login' successfully

2022-03-29 19:43:43 - [TEST_CASE][PASSED] - Test Cases/0.1-Login: Test Cases/0.1-Login

2022-03-29 19:43:43 - [TEST_STEP][PASSED] - openBrowser(""): Browser is opened with url: ''

2022-03-29 19:43:43 - [MESSAGE][INFO] - Starting 'Chrome' driver

2022-03-29 19:43:43 - [MESSAGE][INFO] - Action delay is set to 50 milliseconds

2022-03-29 19:43:44 - [MESSAGE][PASSED] - Browser is opened with url: ''

2022-03-29 19:43:44 - [TEST_STEP][PASSED] - maximizeWindow(): Current window maximized

2022-03-29 19:43:44 - [MESSAGE][PASSED] - Current window maximized

2022-03-29 19:43:44 - [TEST_STEP][PASSED] - i = G_Login: null

2022-03-29 19:43:44 - [TEST_STEP][PASSED] - url = new java.net.URL(i): null

2022-03-29 19:43:44 - [TEST_STEP][PASSED] - println("URL: " + url.toString()): null

2022-03-29 19:43:44 - [TEST_STEP][PASSED] - connection = url.openConnection(): null

2022-03-29 19:43:44 - [TEST_STEP][PASSED] - connection.setRequestMethod("GET"): null

2022-03-29 19:43:44 - [TEST_STEP][PASSED] - connection.setReadTimeout(2 * 1000): null

2022-03-29 19:43:44 - [TEST_STEP][PASSED] - try: null

2022-03-29 19:43:44 - [TEST_STEP][PASSED] - connection.connect(): null

2022-03-29 19:43:44 - [TEST_STEP][PASSED] - flag = connected: null

2022-03-29 19:43:44 - [TEST_STEP][PASSED] - println("Valor_ori: " + flag): null

2022-03-29 19:43:44 - [TEST_STEP][PASSED] - if (flag): null

2022-03-29 19:43:44 - [TEST_STEP][PASSED] - navigateToUrl(i): Navigate to 'http://192.168.2.19:8380/saraweb' successfully

2022-03-29 19:43:45 - [MESSAGE][PASSED] - Navigate to 'http://192.168.2.19:8380/saraweb' successfully

2022-03-29 19:43:45 - [TEST_STEP][PASSED] - a(): null

2022-03-29 19:43:45 - [TEST_STEP][PASSED] - setText(findTestObject("Login/input_USUARIO_loginusuario"), G_Usuario): Text 'saraadmin' is set on object 'Object Repository/Login/input_USUARIO_loginusuario'

2022-03-29 19:43:46 - [MESSAGE][PASSED] - Text 'saraadmin' is set on object 'Object Repository/Login/input_USUARIO_loginusuario'

2022-03-29 19:43:46 - [TEST_STEP][PASSED] - setEncryptedText(findTestObject("Login/input_CLAVE_loginpassword"), "MkG4/TYiCFC3cb2driP7+Q=="): Text ****** has been set on object 'Object Repository/Login/input_CLAVE_loginpassword'

2022-03-29 19:43:46 - [MESSAGE][PASSED] - Text ****** has been set on object 'Object Repository/Login/input_CLAVE_loginpassword'

2022-03-29 19:43:46 - [TEST_STEP][PASSED] - waitForElementClickable(findTestObject("Login/a_Ingresar"), G_TimeOut): Object 'Object Repository/Login/a_Ingresar' is clickable

2022-03-29 19:43:47 - [MESSAGE][PASSED] - Object 'Object Repository/Login/a_Ingresar' is clickable

2022-03-29 19:43:47 - [TEST_STEP][PASSED] - click(findTestObject("Login/a_Ingresar")): Object: 'Object Repository/Login/a_Ingresar' is clicked on

2022-03-29 19:43:48 - [MESSAGE][PASSED] - Object: 'Object Repository/Login/a_Ingresar' is clicked on

2022-03-29 19:43:48 - [TEST_STEP][PASSED] - element = findWebElement(findTestObject("Login/a_Ir"), 30): null

2022-03-29 19:43:49 - [TEST_STEP][PASSED] - executeJavaScript("arguments[0].click()", Arrays.asList(element)): Execute JavaScript 'arguments[0].click()' successfully

2022-03-29 19:43:49 - [MESSAGE][PASSED] - Execute JavaScript 'arguments[0].click()' successfully

2022-03-29 19:43:49 - [MESSAGE][PASSED] - Call Test Case 'Test Cases/0.1-Login' successfully

2022-03-29 19:43:49 - [TEST_STEP][PASSED] - setText(findTestObject("input_Empresa 1_form_templatej_idt24_input"), "Liquidacion"): Text 'Liquidacion' is set on object 'Object Repository/input_Empresa 1_form_templatej_idt24_input'

2022-03-29 19:43:50 - [MESSAGE][PASSED] - Text 'Liquidacion' is set on object 'Object Repository/input_Empresa 1_form_templatej_idt24_input'

2022-03-29 19:43:50 - [TEST_STEP][PASSED] - click(findTestObject("Modulo control tiempo/Aplicar/span_Liquidacion")): Object: 'Object Repository/Modulo control tiempo/Aplicar/span_Liquidacion' is clicked on

2022-03-29 19:43:51 - [MESSAGE][PASSED] - Object: 'Object Repository/Modulo control tiempo/Aplicar/span_Liquidacion' is clicked on

2022-03-29 19:43:51 - [TEST_STEP][PASSED] - click(findTestObject("Modulo control tiempo/Aplicar/td_27022019")): Object: 'Object Repository/Modulo control tiempo/Aplicar/td_27022019' is clicked on

2022-03-29 19:43:52 - [MESSAGE][PASSED] - Object: 'Object Repository/Modulo control tiempo/Aplicar/td_27022019' is clicked on

2022-03-29 19:43:52 - [TEST_STEP][PASSED] - if (waitForElementVisible(findTestObject("Modulo control tiempo/Aplicar/a_Reversar Nomina"), 1)): Web element with id: 'Object Repository/Modulo control tiempo/Aplicar/a_Reversar Nomina' located by '//a[contains(text(),'Reversar Nomina')]' not found

2022-03-29 19:43:54 - [MESSAGE][INFO] - Unable to find the element located by 'By.xpath: //a[contains(text(),'Reversar Nomina')]'. Please recheck the objects properties to make sure the desired element is located. 

2022-03-29 19:43:54 - [MESSAGE][WARNING] - Web element with id: 'Object Repository/Modulo control tiempo/Aplicar/a_Reversar Nomina' located by '//a[contains(text(),'Reversar Nomina')]' not found

2022-03-29 19:43:54 - [TEST_STEP][PASSED] - click(findTestObject("Modulo control tiempo/Aplicar/a_Aplicar")): Object: 'Object Repository/Modulo control tiempo/Aplicar/a_Aplicar' is clicked on

2022-03-29 19:43:55 - [MESSAGE][PASSED] - Object: 'Object Repository/Modulo control tiempo/Aplicar/a_Aplicar' is clicked on

2022-03-29 19:43:55 - [TEST_STEP][PASSED] - click(findTestObject("Modulo control tiempo/Aplicar/a_Aceptar")): Object: 'Object Repository/Modulo control tiempo/Aplicar/a_Aceptar' is clicked on

2022-03-29 19:43:56 - [MESSAGE][PASSED] - Object: 'Object Repository/Modulo control tiempo/Aplicar/a_Aceptar' is clicked on

2022-03-29 19:43:56 - [TEST_STEP][PASSED] - click(findTestObject("Modulo control tiempo/Aplicar/a_Continuar")): Object: 'Object Repository/Modulo control tiempo/Aplicar/a_Continuar' is clicked on

2022-03-29 19:44:00 - [MESSAGE][PASSED] - Object: 'Object Repository/Modulo control tiempo/Aplicar/a_Continuar' is clicked on

2022-03-29 19:44:00 - [TEST_STEP][PASSED] - if (waitForElementVisible(findTestObject("Modulo control tiempo/Aplicar/a_Reversar Nomina"), 1)): null

2022-03-29 19:44:00 - [MESSAGE][PASSED] - Object 'Object Repository/Modulo control tiempo/Aplicar/a_Reversar Nomina' is visible

2022-03-29 19:44:00 - [TEST_STEP][PASSED] - closeBrowser(): Browser is closed

2022-03-29 19:44:01 - [MESSAGE][PASSED] - Browser is closed]]></system-out>
         <system-err><![CDATA[]]></system-err>
      </testcase>
      <testcase name="Test Cases/1.2-Tareas_Secundarias/A.3-Pruebas_control_tiempos/13.2.4-Histórico_Evento" time="13.382" classname="Test Cases/1.2-Tareas_Secundarias/A.3-Pruebas_control_tiempos/13.2.4-Histórico_Evento" status="PASSED">
         <system-out><![CDATA[2022-03-29 19:44:01 - [TEST_CASE][PASSED] - Test Cases/1.2-Tareas_Secundarias/A.3-Pruebas_control_tiempos/13.2.4-Histórico_Evento: Test Cases/1.2-Tareas_Secundarias/A.3-Pruebas_control_tiempos/13.2.4-Histórico_Evento

2022-03-29 19:44:01 - [TEST_STEP][PASSED] - callTestCase(findTestCase("0.1-Login"), [:], STOP_ON_FAILURE): Call Test Case 'Test Cases/0.1-Login' successfully

2022-03-29 19:44:01 - [TEST_CASE][PASSED] - Test Cases/0.1-Login: Test Cases/0.1-Login

2022-03-29 19:44:01 - [TEST_STEP][PASSED] - openBrowser(""): Browser is opened with url: ''

2022-03-29 19:44:01 - [MESSAGE][INFO] - Starting 'Chrome' driver

2022-03-29 19:44:01 - [MESSAGE][INFO] - Action delay is set to 50 milliseconds

2022-03-29 19:44:03 - [MESSAGE][PASSED] - Browser is opened with url: ''

2022-03-29 19:44:03 - [TEST_STEP][PASSED] - maximizeWindow(): Current window maximized

2022-03-29 19:44:03 - [MESSAGE][PASSED] - Current window maximized

2022-03-29 19:44:03 - [TEST_STEP][PASSED] - i = G_Login: null

2022-03-29 19:44:03 - [TEST_STEP][PASSED] - url = new java.net.URL(i): null

2022-03-29 19:44:03 - [TEST_STEP][PASSED] - println("URL: " + url.toString()): null

2022-03-29 19:44:03 - [TEST_STEP][PASSED] - connection = url.openConnection(): null

2022-03-29 19:44:03 - [TEST_STEP][PASSED] - connection.setRequestMethod("GET"): null

2022-03-29 19:44:03 - [TEST_STEP][PASSED] - connection.setReadTimeout(2 * 1000): null

2022-03-29 19:44:03 - [TEST_STEP][PASSED] - try: null

2022-03-29 19:44:03 - [TEST_STEP][PASSED] - connection.connect(): null

2022-03-29 19:44:03 - [TEST_STEP][PASSED] - flag = connected: null

2022-03-29 19:44:03 - [TEST_STEP][PASSED] - println("Valor_ori: " + flag): null

2022-03-29 19:44:03 - [TEST_STEP][PASSED] - if (flag): null

2022-03-29 19:44:03 - [TEST_STEP][PASSED] - navigateToUrl(i): Navigate to 'http://192.168.2.19:8380/saraweb' successfully

2022-03-29 19:44:03 - [MESSAGE][PASSED] - Navigate to 'http://192.168.2.19:8380/saraweb' successfully

2022-03-29 19:44:03 - [TEST_STEP][PASSED] - a(): null

2022-03-29 19:44:03 - [TEST_STEP][PASSED] - setText(findTestObject("Login/input_USUARIO_loginusuario"), G_Usuario): Text 'saraadmin' is set on object 'Object Repository/Login/input_USUARIO_loginusuario'

2022-03-29 19:44:04 - [MESSAGE][PASSED] - Text 'saraadmin' is set on object 'Object Repository/Login/input_USUARIO_loginusuario'

2022-03-29 19:44:04 - [TEST_STEP][PASSED] - setEncryptedText(findTestObject("Login/input_CLAVE_loginpassword"), "MkG4/TYiCFC3cb2driP7+Q=="): Text ****** has been set on object 'Object Repository/Login/input_CLAVE_loginpassword'

2022-03-29 19:44:05 - [MESSAGE][PASSED] - Text ****** has been set on object 'Object Repository/Login/input_CLAVE_loginpassword'

2022-03-29 19:44:05 - [TEST_STEP][PASSED] - waitForElementClickable(findTestObject("Login/a_Ingresar"), G_TimeOut): Object 'Object Repository/Login/a_Ingresar' is clickable

2022-03-29 19:44:05 - [MESSAGE][PASSED] - Object 'Object Repository/Login/a_Ingresar' is clickable

2022-03-29 19:44:05 - [TEST_STEP][PASSED] - click(findTestObject("Login/a_Ingresar")): Object: 'Object Repository/Login/a_Ingresar' is clicked on

2022-03-29 19:44:07 - [MESSAGE][PASSED] - Object: 'Object Repository/Login/a_Ingresar' is clicked on

2022-03-29 19:44:07 - [TEST_STEP][PASSED] - element = findWebElement(findTestObject("Login/a_Ir"), 30): null

2022-03-29 19:44:07 - [TEST_STEP][PASSED] - executeJavaScript("arguments[0].click()", Arrays.asList(element)): Execute JavaScript 'arguments[0].click()' successfully

2022-03-29 19:44:07 - [MESSAGE][PASSED] - Execute JavaScript 'arguments[0].click()' successfully

2022-03-29 19:44:07 - [MESSAGE][PASSED] - Call Test Case 'Test Cases/0.1-Login' successfully

2022-03-29 19:44:07 - [TEST_STEP][PASSED] - setText(findTestObject("Modulo control tiempo/Historico_Evento/input_Empresa 1_form_templatej_idt24_input"), "Historico Evento"): Text 'Historico Evento' is set on object 'Object Repository/Modulo control tiempo/Historico_Evento/input_Empresa 1_form_templatej_idt24_input'

2022-03-29 19:44:09 - [MESSAGE][PASSED] - Text 'Historico Evento' is set on object 'Object Repository/Modulo control tiempo/Historico_Evento/input_Empresa 1_form_templatej_idt24_input'

2022-03-29 19:44:09 - [TEST_STEP][PASSED] - click(findTestObject("Modulo control tiempo/Historico_Evento/li_Historico Evento (get)")): Object: 'Object Repository/Modulo control tiempo/Historico_Evento/li_Historico Evento (get)' is clicked on

2022-03-29 19:44:10 - [MESSAGE][PASSED] - Object: 'Object Repository/Modulo control tiempo/Historico_Evento/li_Historico Evento (get)' is clicked on

2022-03-29 19:44:10 - [TEST_STEP][PASSED] - scrollToElement(findTestObject("Modulo control tiempo/Historico_Evento/a_1"), 0): Scroll to object 'Object Repository/Modulo control tiempo/Historico_Evento/a_1' successfully

2022-03-29 19:44:10 - [MESSAGE][WARNING] - Timeout '0' is invalid. Using default page load timeout: '45'

2022-03-29 19:44:11 - [MESSAGE][PASSED] - Scroll to object 'Object Repository/Modulo control tiempo/Historico_Evento/a_1' successfully

2022-03-29 19:44:11 - [TEST_STEP][PASSED] - click(findTestObject("Modulo control tiempo/Historico_Evento/a_1")): Object: 'Object Repository/Modulo control tiempo/Historico_Evento/a_1' is clicked on

2022-03-29 19:44:12 - [MESSAGE][PASSED] - Object: 'Object Repository/Modulo control tiempo/Historico_Evento/a_1' is clicked on

2022-03-29 19:44:12 - [TEST_STEP][PASSED] - scrollToElement(findTestObject("Modulo control tiempo/Historico_Evento/a_Nombre Persona_eventoHistoricos_formj_idt71"), 0): Scroll to object 'Object Repository/Modulo control tiempo/Historico_Evento/a_Nombre Persona_eventoHistoricos_formj_idt71' successfully

2022-03-29 19:44:12 - [MESSAGE][WARNING] - Timeout '0' is invalid. Using default page load timeout: '45'

2022-03-29 19:44:12 - [MESSAGE][PASSED] - Scroll to object 'Object Repository/Modulo control tiempo/Historico_Evento/a_Nombre Persona_eventoHistoricos_formj_idt71' successfully

2022-03-29 19:44:12 - [TEST_STEP][PASSED] - scrollToElement(findTestObject("Modulo control tiempo/Historico_Evento/a_2"), 0): Scroll to object 'Object Repository/Modulo control tiempo/Historico_Evento/a_2' successfully

2022-03-29 19:44:12 - [MESSAGE][WARNING] - Timeout '0' is invalid. Using default page load timeout: '45'

2022-03-29 19:44:12 - [MESSAGE][PASSED] - Scroll to object 'Object Repository/Modulo control tiempo/Historico_Evento/a_2' successfully

2022-03-29 19:44:12 - [TEST_STEP][PASSED] - click(findTestObject("Modulo control tiempo/Historico_Evento/a_2")): Object: 'Object Repository/Modulo control tiempo/Historico_Evento/a_2' is clicked on

2022-03-29 19:44:13 - [MESSAGE][PASSED] - Object: 'Object Repository/Modulo control tiempo/Historico_Evento/a_2' is clicked on

2022-03-29 19:44:13 - [TEST_STEP][PASSED] - scrollToElement(findTestObject("Modulo control tiempo/Historico_Evento/a_Nombre Persona_eventoHistoricos_formj_idt71"), 0): Scroll to object 'Object Repository/Modulo control tiempo/Historico_Evento/a_Nombre Persona_eventoHistoricos_formj_idt71' successfully

2022-03-29 19:44:13 - [MESSAGE][WARNING] - Timeout '0' is invalid. Using default page load timeout: '45'

2022-03-29 19:44:14 - [MESSAGE][PASSED] - Scroll to object 'Object Repository/Modulo control tiempo/Historico_Evento/a_Nombre Persona_eventoHistoricos_formj_idt71' successfully

2022-03-29 19:44:14 - [TEST_STEP][PASSED] - closeBrowser(): Browser is closed

2022-03-29 19:44:14 - [MESSAGE][PASSED] - Browser is closed]]></system-out>
         <system-err><![CDATA[]]></system-err>
      </testcase>
      <testcase name="Test Cases/1.2-Tareas_Secundarias/A.3-Pruebas_control_tiempos/13.2.5-Inconsistencias_Evento" time="69.452" classname="Test Cases/1.2-Tareas_Secundarias/A.3-Pruebas_control_tiempos/13.2.5-Inconsistencias_Evento" status="FAILED">
         <failure type="FAILED" message="Test Cases/1.2-Tareas_Secundarias/A.3-Pruebas_control_tiempos/13.2.5-Inconsistencias_Evento FAILED.
Reason:
com.kms.katalon.core.exception.StepFailedException: Unable to click on object 'Object Repository/Modulo control tiempo/Inconsistencias_Evento/label_Inconsistencias'
	at com.kms.katalon.core.webui.keyword.internal.WebUIKeywordMain.stepFailed(WebUIKeywordMain.groovy:64)
	at com.kms.katalon.core.webui.keyword.internal.WebUIKeywordMain.runKeyword(WebUIKeywordMain.groovy:26)
	at com.kms.katalon.core.webui.keyword.builtin.ClickKeyword.click(ClickKeyword.groovy:74)
	at com.kms.katalon.core.webui.keyword.builtin.ClickKeyword.execute(ClickKeyword.groovy:40)
	at com.kms.katalon.core.keyword.internal.KeywordExecutor.executeKeywordForPlatform(KeywordExecutor.groovy:74)
	at com.kms.katalon.core.webui.keyword.WebUiBuiltInKeywords.click(WebUiBuiltInKeywords.groovy:620)
	at com.kms.katalon.core.webui.keyword.WebUiBuiltInKeywords$click$5.call(Unknown Source)
	at 13.2.5-Inconsistencias_Evento.run(13.2.5-Inconsistencias_Evento:73)
	at com.kms.katalon.core.main.ScriptEngine.run(ScriptEngine.java:194)
	at com.kms.katalon.core.main.ScriptEngine.runScriptAsRawText(ScriptEngine.java:119)
	at com.kms.katalon.core.main.TestCaseExecutor.runScript(TestCaseExecutor.java:442)
	at com.kms.katalon.core.main.TestCaseExecutor.doExecute(TestCaseExecutor.java:433)
	at com.kms.katalon.core.main.TestCaseExecutor.processExecutionPhase(TestCaseExecutor.java:412)
	at com.kms.katalon.core.main.TestCaseExecutor.accessMainPhase(TestCaseExecutor.java:404)
	at com.kms.katalon.core.main.TestCaseExecutor.execute(TestCaseExecutor.java:281)
	at com.kms.katalon.core.main.TestSuiteExecutor.accessTestCaseMainPhase(TestSuiteExecutor.java:202)
	at com.kms.katalon.core.main.TestSuiteExecutor.accessTestSuiteMainPhase(TestSuiteExecutor.java:164)
	at com.kms.katalon.core.main.TestSuiteExecutor.execute(TestSuiteExecutor.java:105)
	at com.kms.katalon.core.main.TestCaseMain.startTestSuite(TestCaseMain.java:185)
	at com.kms.katalon.core.main.TestCaseMain$startTestSuite$0.call(Unknown Source)
	at TempTestSuite1648594435047.run(TempTestSuite1648594435047.groovy:36)
Caused by: org.openqa.selenium.ElementClickInterceptedException: element click intercepted: Element &lt;label>...&lt;/label> is not clickable at point (687, 120). Other element would receive the click: &lt;td class=&quot; &quot; data-handler=&quot;selectDay&quot; data-event=&quot;click&quot; data-month=&quot;2&quot; data-year=&quot;2019&quot;>...&lt;/td>
  (Session info: chrome=99.0.4844.84)
Build info: version: '3.141.59', revision: 'e82be7d358', time: '2018-11-14T08:25:53'
System info: host: 'US-AF-000371', ip: '192.168.56.1', os.name: 'Windows 10', os.arch: 'amd64', os.version: '10.0', java.version: '1.8.0_282'
Driver info: com.kms.katalon.selenium.driver.CChromeDriver
Capabilities {acceptInsecureCerts: false, browserName: chrome, browserVersion: 99.0.4844.84, chrome: {chromedriverVersion: 99.0.4844.51 (d537ec02474b5..., userDataDir: C:\Users\DIEGO~1.ROJ\AppDat...}, goog:chromeOptions: {debuggerAddress: localhost:58146}, javascriptEnabled: true, networkConnectionEnabled: false, pageLoadStrategy: normal, platform: WINDOWS, platformName: WINDOWS, proxy: Proxy(), setWindowRect: true, strictFileInteractability: false, timeouts: {implicit: 0, pageLoad: 300000, script: 30000}, unhandledPromptBehavior: dismiss and notify, webauthn:extension:credBlob: true, webauthn:extension:largeBlob: true, webauthn:virtualAuthenticators: true}
Session ID: 308541a102c5fef819e72bd4dbaada3b
	at org.openqa.selenium.remote.http.W3CHttpResponseCodec.createException(W3CHttpResponseCodec.java:187)
	at org.openqa.selenium.remote.http.W3CHttpResponseCodec.decode(W3CHttpResponseCodec.java:122)
	at org.openqa.selenium.remote.http.W3CHttpResponseCodec.decode(W3CHttpResponseCodec.java:49)
	at org.openqa.selenium.remote.HttpCommandExecutor.execute(HttpCommandExecutor.java:158)
	at org.openqa.selenium.remote.service.DriverCommandExecutor.execute(DriverCommandExecutor.java:83)
	at org.openqa.selenium.remote.RemoteWebDriver.execute(RemoteWebDriver.java:552)
	at com.kms.katalon.selenium.driver.CChromeDriver.execute(CChromeDriver.java:19)
	at org.openqa.selenium.remote.RemoteWebElement.execute(RemoteWebElement.java:285)
	at org.openqa.selenium.remote.RemoteWebElement.click(RemoteWebElement.java:84)
	at org.openqa.selenium.support.events.EventFiringWebDriver$EventFiringWebElement.lambda$new$0(EventFiringWebDriver.java:404)
	at com.sun.proxy.$Proxy11.click(Unknown Source)
	at org.openqa.selenium.support.events.EventFiringWebDriver$EventFiringWebElement.click(EventFiringWebDriver.java:417)
	at org.openqa.selenium.WebElement$click$0.call(Unknown Source)
	at com.kms.katalon.core.webui.keyword.builtin.ClickKeyword.clickUntilSuccessWithTimeout(ClickKeyword.groovy:81)
	at com.kms.katalon.core.webui.keyword.builtin.ClickKeyword.clickUntilSuccessWithTimeout(ClickKeyword.groovy)
	at com.kms.katalon.core.webui.keyword.builtin.ClickKeyword$_click_closure1.doCall(ClickKeyword.groovy:67)
	at com.kms.katalon.core.webui.keyword.builtin.ClickKeyword$_click_closure1.call(ClickKeyword.groovy)
	at com.kms.katalon.core.webui.keyword.internal.WebUIKeywordMain.runKeyword(WebUIKeywordMain.groovy:20)
	... 19 more
"/>
         <system-out><![CDATA[2022-03-29 19:44:14 - [TEST_CASE][FAILED] - Test Cases/1.2-Tareas_Secundarias/A.3-Pruebas_control_tiempos/13.2.5-Inconsistencias_Evento: Test Cases/1.2-Tareas_Secundarias/A.3-Pruebas_control_tiempos/13.2.5-Inconsistencias_Evento FAILED.
Reason:
com.kms.katalon.core.exception.StepFailedException: Unable to click on object 'Object Repository/Modulo control tiempo/Inconsistencias_Evento/label_Inconsistencias'
	at com.kms.katalon.core.webui.keyword.internal.WebUIKeywordMain.stepFailed(WebUIKeywordMain.groovy:64)
	at com.kms.katalon.core.webui.keyword.internal.WebUIKeywordMain.runKeyword(WebUIKeywordMain.groovy:26)
	at com.kms.katalon.core.webui.keyword.builtin.ClickKeyword.click(ClickKeyword.groovy:74)
	at com.kms.katalon.core.webui.keyword.builtin.ClickKeyword.execute(ClickKeyword.groovy:40)
	at com.kms.katalon.core.keyword.internal.KeywordExecutor.executeKeywordForPlatform(KeywordExecutor.groovy:74)
	at com.kms.katalon.core.webui.keyword.WebUiBuiltInKeywords.click(WebUiBuiltInKeywords.groovy:620)
	at com.kms.katalon.core.webui.keyword.WebUiBuiltInKeywords$click$5.call(Unknown Source)
	at 13.2.5-Inconsistencias_Evento.run(13.2.5-Inconsistencias_Evento:73)
	at com.kms.katalon.core.main.ScriptEngine.run(ScriptEngine.java:194)
	at com.kms.katalon.core.main.ScriptEngine.runScriptAsRawText(ScriptEngine.java:119)
	at com.kms.katalon.core.main.TestCaseExecutor.runScript(TestCaseExecutor.java:442)
	at com.kms.katalon.core.main.TestCaseExecutor.doExecute(TestCaseExecutor.java:433)
	at com.kms.katalon.core.main.TestCaseExecutor.processExecutionPhase(TestCaseExecutor.java:412)
	at com.kms.katalon.core.main.TestCaseExecutor.accessMainPhase(TestCaseExecutor.java:404)
	at com.kms.katalon.core.main.TestCaseExecutor.execute(TestCaseExecutor.java:281)
	at com.kms.katalon.core.main.TestSuiteExecutor.accessTestCaseMainPhase(TestSuiteExecutor.java:202)
	at com.kms.katalon.core.main.TestSuiteExecutor.accessTestSuiteMainPhase(TestSuiteExecutor.java:164)
	at com.kms.katalon.core.main.TestSuiteExecutor.execute(TestSuiteExecutor.java:105)
	at com.kms.katalon.core.main.TestCaseMain.startTestSuite(TestCaseMain.java:185)
	at com.kms.katalon.core.main.TestCaseMain$startTestSuite$0.call(Unknown Source)
	at TempTestSuite1648594435047.run(TempTestSuite1648594435047.groovy:36)
Caused by: org.openqa.selenium.ElementClickInterceptedException: element click intercepted: Element <label>...</label> is not clickable at point (687, 120). Other element would receive the click: <td class=" " data-handler="selectDay" data-event="click" data-month="2" data-year="2019">...</td>
  (Session info: chrome=99.0.4844.84)
Build info: version: '3.141.59', revision: 'e82be7d358', time: '2018-11-14T08:25:53'
System info: host: 'US-AF-000371', ip: '192.168.56.1', os.name: 'Windows 10', os.arch: 'amd64', os.version: '10.0', java.version: '1.8.0_282'
Driver info: com.kms.katalon.selenium.driver.CChromeDriver
Capabilities {acceptInsecureCerts: false, browserName: chrome, browserVersion: 99.0.4844.84, chrome: {chromedriverVersion: 99.0.4844.51 (d537ec02474b5..., userDataDir: C:\Users\DIEGO~1.ROJ\AppDat...}, goog:chromeOptions: {debuggerAddress: localhost:58146}, javascriptEnabled: true, networkConnectionEnabled: false, pageLoadStrategy: normal, platform: WINDOWS, platformName: WINDOWS, proxy: Proxy(), setWindowRect: true, strictFileInteractability: false, timeouts: {implicit: 0, pageLoad: 300000, script: 30000}, unhandledPromptBehavior: dismiss and notify, webauthn:extension:credBlob: true, webauthn:extension:largeBlob: true, webauthn:virtualAuthenticators: true}
Session ID: 308541a102c5fef819e72bd4dbaada3b
	at org.openqa.selenium.remote.http.W3CHttpResponseCodec.createException(W3CHttpResponseCodec.java:187)
	at org.openqa.selenium.remote.http.W3CHttpResponseCodec.decode(W3CHttpResponseCodec.java:122)
	at org.openqa.selenium.remote.http.W3CHttpResponseCodec.decode(W3CHttpResponseCodec.java:49)
	at org.openqa.selenium.remote.HttpCommandExecutor.execute(HttpCommandExecutor.java:158)
	at org.openqa.selenium.remote.service.DriverCommandExecutor.execute(DriverCommandExecutor.java:83)
	at org.openqa.selenium.remote.RemoteWebDriver.execute(RemoteWebDriver.java:552)
	at com.kms.katalon.selenium.driver.CChromeDriver.execute(CChromeDriver.java:19)
	at org.openqa.selenium.remote.RemoteWebElement.execute(RemoteWebElement.java:285)
	at org.openqa.selenium.remote.RemoteWebElement.click(RemoteWebElement.java:84)
	at org.openqa.selenium.support.events.EventFiringWebDriver$EventFiringWebElement.lambda$new$0(EventFiringWebDriver.java:404)
	at com.sun.proxy.$Proxy11.click(Unknown Source)
	at org.openqa.selenium.support.events.EventFiringWebDriver$EventFiringWebElement.click(EventFiringWebDriver.java:417)
	at org.openqa.selenium.WebElement$click$0.call(Unknown Source)
	at com.kms.katalon.core.webui.keyword.builtin.ClickKeyword.clickUntilSuccessWithTimeout(ClickKeyword.groovy:81)
	at com.kms.katalon.core.webui.keyword.builtin.ClickKeyword.clickUntilSuccessWithTimeout(ClickKeyword.groovy)
	at com.kms.katalon.core.webui.keyword.builtin.ClickKeyword$_click_closure1.doCall(ClickKeyword.groovy:67)
	at com.kms.katalon.core.webui.keyword.builtin.ClickKeyword$_click_closure1.call(ClickKeyword.groovy)
	at com.kms.katalon.core.webui.keyword.internal.WebUIKeywordMain.runKeyword(WebUIKeywordMain.groovy:20)
	... 19 more


2022-03-29 19:44:15 - [TEST_STEP][PASSED] - callTestCase(findTestCase("0.1-Login"), [:], STOP_ON_FAILURE): Call Test Case 'Test Cases/0.1-Login' successfully

2022-03-29 19:44:15 - [TEST_CASE][PASSED] - Test Cases/0.1-Login: Test Cases/0.1-Login

2022-03-29 19:44:15 - [TEST_STEP][PASSED] - openBrowser(""): Browser is opened with url: ''

2022-03-29 19:44:15 - [MESSAGE][INFO] - Starting 'Chrome' driver

2022-03-29 19:44:15 - [MESSAGE][INFO] - Action delay is set to 50 milliseconds

2022-03-29 19:44:16 - [MESSAGE][PASSED] - Browser is opened with url: ''

2022-03-29 19:44:16 - [TEST_STEP][PASSED] - maximizeWindow(): Current window maximized

2022-03-29 19:44:16 - [MESSAGE][PASSED] - Current window maximized

2022-03-29 19:44:16 - [TEST_STEP][PASSED] - i = G_Login: null

2022-03-29 19:44:16 - [TEST_STEP][PASSED] - url = new java.net.URL(i): null

2022-03-29 19:44:16 - [TEST_STEP][PASSED] - println("URL: " + url.toString()): null

2022-03-29 19:44:16 - [TEST_STEP][PASSED] - connection = url.openConnection(): null

2022-03-29 19:44:16 - [TEST_STEP][PASSED] - connection.setRequestMethod("GET"): null

2022-03-29 19:44:16 - [TEST_STEP][PASSED] - connection.setReadTimeout(2 * 1000): null

2022-03-29 19:44:16 - [TEST_STEP][PASSED] - try: null

2022-03-29 19:44:16 - [TEST_STEP][PASSED] - connection.connect(): null

2022-03-29 19:44:16 - [TEST_STEP][PASSED] - flag = connected: null

2022-03-29 19:44:16 - [TEST_STEP][PASSED] - println("Valor_ori: " + flag): null

2022-03-29 19:44:16 - [TEST_STEP][PASSED] - if (flag): null

2022-03-29 19:44:16 - [TEST_STEP][PASSED] - navigateToUrl(i): Navigate to 'http://192.168.2.19:8380/saraweb' successfully

2022-03-29 19:44:17 - [MESSAGE][PASSED] - Navigate to 'http://192.168.2.19:8380/saraweb' successfully

2022-03-29 19:44:17 - [TEST_STEP][PASSED] - a(): null

2022-03-29 19:44:17 - [TEST_STEP][PASSED] - setText(findTestObject("Login/input_USUARIO_loginusuario"), G_Usuario): Text 'saraadmin' is set on object 'Object Repository/Login/input_USUARIO_loginusuario'

2022-03-29 19:44:18 - [MESSAGE][PASSED] - Text 'saraadmin' is set on object 'Object Repository/Login/input_USUARIO_loginusuario'

2022-03-29 19:44:18 - [TEST_STEP][PASSED] - setEncryptedText(findTestObject("Login/input_CLAVE_loginpassword"), "MkG4/TYiCFC3cb2driP7+Q=="): Text ****** has been set on object 'Object Repository/Login/input_CLAVE_loginpassword'

2022-03-29 19:44:18 - [MESSAGE][PASSED] - Text ****** has been set on object 'Object Repository/Login/input_CLAVE_loginpassword'

2022-03-29 19:44:18 - [TEST_STEP][PASSED] - waitForElementClickable(findTestObject("Login/a_Ingresar"), G_TimeOut): Object 'Object Repository/Login/a_Ingresar' is clickable

2022-03-29 19:44:19 - [MESSAGE][PASSED] - Object 'Object Repository/Login/a_Ingresar' is clickable

2022-03-29 19:44:19 - [TEST_STEP][PASSED] - click(findTestObject("Login/a_Ingresar")): Object: 'Object Repository/Login/a_Ingresar' is clicked on

2022-03-29 19:44:19 - [MESSAGE][PASSED] - Object: 'Object Repository/Login/a_Ingresar' is clicked on

2022-03-29 19:44:19 - [TEST_STEP][PASSED] - element = findWebElement(findTestObject("Login/a_Ir"), 30): null

2022-03-29 19:44:20 - [TEST_STEP][PASSED] - executeJavaScript("arguments[0].click()", Arrays.asList(element)): Execute JavaScript 'arguments[0].click()' successfully

2022-03-29 19:44:20 - [MESSAGE][PASSED] - Execute JavaScript 'arguments[0].click()' successfully

2022-03-29 19:44:20 - [MESSAGE][PASSED] - Call Test Case 'Test Cases/0.1-Login' successfully

2022-03-29 19:44:20 - [TEST_STEP][PASSED] - setText(findTestObject("input_Empresa 1_form_templatej_idt24_input"), "Inconsistencias Evento"): Text 'Inconsistencias Evento' is set on object 'Object Repository/input_Empresa 1_form_templatej_idt24_input'

2022-03-29 19:44:21 - [MESSAGE][PASSED] - Text 'Inconsistencias Evento' is set on object 'Object Repository/input_Empresa 1_form_templatej_idt24_input'

2022-03-29 19:44:21 - [TEST_STEP][PASSED] - click(findTestObject("Modulo control tiempo/Inconsistencias_Evento/li_Inconsistencias Evento (get)")): Object: 'Object Repository/Modulo control tiempo/Inconsistencias_Evento/li_Inconsistencias Evento (get)' is clicked on

2022-03-29 19:44:23 - [MESSAGE][PASSED] - Object: 'Object Repository/Modulo control tiempo/Inconsistencias_Evento/li_Inconsistencias Evento (get)' is clicked on

2022-03-29 19:44:23 - [TEST_STEP][PASSED] - click(findTestObject("Modulo control tiempo/Inconsistencias_Evento/a_Inconsistencia Marcacin")): Object: 'Object Repository/Modulo control tiempo/Inconsistencias_Evento/a_Inconsistencia Marcacin' is clicked on

2022-03-29 19:44:23 - [MESSAGE][PASSED] - Object: 'Object Repository/Modulo control tiempo/Inconsistencias_Evento/a_Inconsistencia Marcacin' is clicked on

2022-03-29 19:44:23 - [TEST_STEP][PASSED] - if (waitForElementVisible(findTestObject("Modulo control tiempo/Inconsistencias_Evento/td_ALMANZA ROSAS SILVIS"), 1)): Web element with id: 'Object Repository/Modulo control tiempo/Inconsistencias_Evento/td_ALMANZA ROSAS SILVIS' located by '//*/text()[normalize-space(.)='ALMANZA ROSAS SILVIS']/parent::*' not found

2022-03-29 19:44:26 - [MESSAGE][INFO] - Unable to find the element located by 'By.xpath: //*/text()[normalize-space(.)='ALMANZA ROSAS SILVIS']/parent::*'. Please recheck the objects properties to make sure the desired element is located. 

2022-03-29 19:44:26 - [MESSAGE][WARNING] - Web element with id: 'Object Repository/Modulo control tiempo/Inconsistencias_Evento/td_ALMANZA ROSAS SILVIS' located by '//*/text()[normalize-space(.)='ALMANZA ROSAS SILVIS']/parent::*' not found

2022-03-29 19:44:26 - [TEST_STEP][FAILED] - else: Unable to click on object 'Object Repository/Modulo control tiempo/Inconsistencias_Evento/label_Inconsistencias' (Root cause: com.kms.katalon.core.exception.StepFailedException: Unable to click on object 'Object Repository/Modulo control tiempo/Inconsistencias_Evento/label_Inconsistencias'
	at com.kms.katalon.core.webui.keyword.internal.WebUIKeywordMain.stepFailed(WebUIKeywordMain.groovy:64)
	at com.kms.katalon.core.webui.keyword.internal.WebUIKeywordMain.runKeyword(WebUIKeywordMain.groovy:26)
	at com.kms.katalon.core.webui.keyword.builtin.ClickKeyword.click(ClickKeyword.groovy:74)
	at com.kms.katalon.core.webui.keyword.builtin.ClickKeyword.execute(ClickKeyword.groovy:40)
	at com.kms.katalon.core.keyword.internal.KeywordExecutor.executeKeywordForPlatform(KeywordExecutor.groovy:74)
	at com.kms.katalon.core.webui.keyword.WebUiBuiltInKeywords.click(WebUiBuiltInKeywords.groovy:620)
	at com.kms.katalon.core.webui.keyword.WebUiBuiltInKeywords$click$5.call(Unknown Source)
	at 13.2.5-Inconsistencias_Evento.run(13.2.5-Inconsistencias_Evento:73)
	at com.kms.katalon.core.main.ScriptEngine.run(ScriptEngine.java:194)
	at com.kms.katalon.core.main.ScriptEngine.runScriptAsRawText(ScriptEngine.java:119)
	at com.kms.katalon.core.main.TestCaseExecutor.runScript(TestCaseExecutor.java:442)
	at com.kms.katalon.core.main.TestCaseExecutor.doExecute(TestCaseExecutor.java:433)
	at com.kms.katalon.core.main.TestCaseExecutor.processExecutionPhase(TestCaseExecutor.java:412)
	at com.kms.katalon.core.main.TestCaseExecutor.accessMainPhase(TestCaseExecutor.java:404)
	at com.kms.katalon.core.main.TestCaseExecutor.execute(TestCaseExecutor.java:281)
	at com.kms.katalon.core.main.TestSuiteExecutor.accessTestCaseMainPhase(TestSuiteExecutor.java:202)
	at com.kms.katalon.core.main.TestSuiteExecutor.accessTestSuiteMainPhase(TestSuiteExecutor.java:164)
	at com.kms.katalon.core.main.TestSuiteExecutor.execute(TestSuiteExecutor.java:105)
	at com.kms.katalon.core.main.TestCaseMain.startTestSuite(TestCaseMain.java:185)
	at com.kms.katalon.core.main.TestCaseMain$startTestSuite$0.call(Unknown Source)
	at TempTestSuite1648594435047.run(TempTestSuite1648594435047.groovy:36)
Caused by: org.openqa.selenium.ElementClickInterceptedException: element click intercepted: Element <label>...</label> is not clickable at point (687, 120). Other element would receive the click: <td class=" " data-handler="selectDay" data-event="click" data-month="2" data-year="2019">...</td>
  (Session info: chrome=99.0.4844.84)
Build info: version: '3.141.59', revision: 'e82be7d358', time: '2018-11-14T08:25:53'
System info: host: 'US-AF-000371', ip: '192.168.56.1', os.name: 'Windows 10', os.arch: 'amd64', os.version: '10.0', java.version: '1.8.0_282'
Driver info: com.kms.katalon.selenium.driver.CChromeDriver
Capabilities {acceptInsecureCerts: false, browserName: chrome, browserVersion: 99.0.4844.84, chrome: {chromedriverVersion: 99.0.4844.51 (d537ec02474b5..., userDataDir: C:\Users\DIEGO~1.ROJ\AppDat...}, goog:chromeOptions: {debuggerAddress: localhost:58146}, javascriptEnabled: true, networkConnectionEnabled: false, pageLoadStrategy: normal, platform: WINDOWS, platformName: WINDOWS, proxy: Proxy(), setWindowRect: true, strictFileInteractability: false, timeouts: {implicit: 0, pageLoad: 300000, script: 30000}, unhandledPromptBehavior: dismiss and notify, webauthn:extension:credBlob: true, webauthn:extension:largeBlob: true, webauthn:virtualAuthenticators: true}
Session ID: 308541a102c5fef819e72bd4dbaada3b
	at org.openqa.selenium.remote.http.W3CHttpResponseCodec.createException(W3CHttpResponseCodec.java:187)
	at org.openqa.selenium.remote.http.W3CHttpResponseCodec.decode(W3CHttpResponseCodec.java:122)
	at org.openqa.selenium.remote.http.W3CHttpResponseCodec.decode(W3CHttpResponseCodec.java:49)
	at org.openqa.selenium.remote.HttpCommandExecutor.execute(HttpCommandExecutor.java:158)
	at org.openqa.selenium.remote.service.DriverCommandExecutor.execute(DriverCommandExecutor.java:83)
	at org.openqa.selenium.remote.RemoteWebDriver.execute(RemoteWebDriver.java:552)
	at com.kms.katalon.selenium.driver.CChromeDriver.execute(CChromeDriver.java:19)
	at org.openqa.selenium.remote.RemoteWebElement.execute(RemoteWebElement.java:285)
	at org.openqa.selenium.remote.RemoteWebElement.click(RemoteWebElement.java:84)
	at org.openqa.selenium.support.events.EventFiringWebDriver$EventFiringWebElement.lambda$new$0(EventFiringWebDriver.java:404)
	at com.sun.proxy.$Proxy11.click(Unknown Source)
	at org.openqa.selenium.support.events.EventFiringWebDriver$EventFiringWebElement.click(EventFiringWebDriver.java:417)
	at org.openqa.selenium.WebElement$click$0.call(Unknown Source)
	at com.kms.katalon.core.webui.keyword.builtin.ClickKeyword.clickUntilSuccessWithTimeout(ClickKeyword.groovy:81)
	at com.kms.katalon.core.webui.keyword.builtin.ClickKeyword.clickUntilSuccessWithTimeout(ClickKeyword.groovy)
	at com.kms.katalon.core.webui.keyword.builtin.ClickKeyword$_click_closure1.doCall(ClickKeyword.groovy:67)
	at com.kms.katalon.core.webui.keyword.builtin.ClickKeyword$_click_closure1.call(ClickKeyword.groovy)
	at com.kms.katalon.core.webui.keyword.internal.WebUIKeywordMain.runKeyword(WebUIKeywordMain.groovy:20)
	at com.kms.katalon.core.webui.keyword.builtin.ClickKeyword.click(ClickKeyword.groovy:74)
	at com.kms.katalon.core.webui.keyword.builtin.ClickKeyword.execute(ClickKeyword.groovy:40)
	at com.kms.katalon.core.keyword.internal.KeywordExecutor.executeKeywordForPlatform(KeywordExecutor.groovy:74)
	at com.kms.katalon.core.webui.keyword.WebUiBuiltInKeywords.click(WebUiBuiltInKeywords.groovy:620)
	at com.kms.katalon.core.webui.keyword.WebUiBuiltInKeywords$click$5.call(Unknown Source)
	at Script1648474023724.run(Script1648474023724.groovy:73)
	... 13 more
)

2022-03-29 19:44:26 - [TEST_STEP][PASSED] - click(findTestObject("Modulo control tiempo/Inconsistencias_Evento/a_Nuevo")): Object: 'Object Repository/Modulo control tiempo/Inconsistencias_Evento/a_Nuevo' is clicked on

2022-03-29 19:44:26 - [MESSAGE][PASSED] - Object: 'Object Repository/Modulo control tiempo/Inconsistencias_Evento/a_Nuevo' is clicked on

2022-03-29 19:44:26 - [TEST_STEP][PASSED] - click(findTestObject("Modulo control tiempo/Inconsistencias_Evento/a_Nombres_formPopupRelojj_idt199")): Object: 'Object Repository/Modulo control tiempo/Inconsistencias_Evento/a_Nombres_formPopupRelojj_idt199' is clicked on

2022-03-29 19:44:27 - [MESSAGE][PASSED] - Object: 'Object Repository/Modulo control tiempo/Inconsistencias_Evento/a_Nombres_formPopupRelojj_idt199' is clicked on

2022-03-29 19:44:27 - [TEST_STEP][PASSED] - click(findTestObject("Modulo control tiempo/Inconsistencias_Evento/input_Filter by Nombre_formPopupRelojj_idt204j_idt207filter"), STOP_ON_FAILURE): Object: 'Object Repository/Modulo control tiempo/Inconsistencias_Evento/input_Filter by Nombre_formPopupRelojj_idt204j_idt207filter' is clicked on

2022-03-29 19:44:28 - [MESSAGE][PASSED] - Object: 'Object Repository/Modulo control tiempo/Inconsistencias_Evento/input_Filter by Nombre_formPopupRelojj_idt204j_idt207filter' is clicked on

2022-03-29 19:44:28 - [TEST_STEP][PASSED] - click(findTestObject("Modulo control tiempo/Inconsistencias_Evento/td_Almanza Rosas Silvis2"), STOP_ON_FAILURE): Object: 'Object Repository/Modulo control tiempo/Inconsistencias_Evento/td_Almanza Rosas Silvis2' is clicked on

2022-03-29 19:44:29 - [MESSAGE][PASSED] - Object: 'Object Repository/Modulo control tiempo/Inconsistencias_Evento/td_Almanza Rosas Silvis2' is clicked on

2022-03-29 19:44:29 - [TEST_STEP][PASSED] - setText(findTestObject("Modulo control tiempo/Inconsistencias_Evento/input_Fecha Inicial_formPopupRelojfechaIni_input"), "23/03/2019"): Text '23/03/2019' is set on object 'Object Repository/Modulo control tiempo/Inconsistencias_Evento/input_Fecha Inicial_formPopupRelojfechaIni_input'

2022-03-29 19:44:30 - [MESSAGE][PASSED] - Text '23/03/2019' is set on object 'Object Repository/Modulo control tiempo/Inconsistencias_Evento/input_Fecha Inicial_formPopupRelojfechaIni_input'

2022-03-29 19:44:30 - [TEST_STEP][PASSED] - setText(findTestObject("Modulo control tiempo/Inconsistencias_Evento/input_Hora_formPopupRelojhoraIni"), "06"): Text '06' is set on object 'Object Repository/Modulo control tiempo/Inconsistencias_Evento/input_Hora_formPopupRelojhoraIni'

2022-03-29 19:44:31 - [MESSAGE][PASSED] - Text '06' is set on object 'Object Repository/Modulo control tiempo/Inconsistencias_Evento/input_Hora_formPopupRelojhoraIni'

2022-03-29 19:44:31 - [TEST_STEP][PASSED] - setText(findTestObject("Modulo control tiempo/Inconsistencias_Evento/input__formPopupRelojminutoIni"), "10"): Text '10' is set on object 'Object Repository/Modulo control tiempo/Inconsistencias_Evento/input__formPopupRelojminutoIni'

2022-03-29 19:44:32 - [MESSAGE][PASSED] - Text '10' is set on object 'Object Repository/Modulo control tiempo/Inconsistencias_Evento/input__formPopupRelojminutoIni'

2022-03-29 19:44:32 - [TEST_STEP][PASSED] - click(findTestObject("Modulo control tiempo/Inconsistencias_Evento/label_Evento")): Object: 'Object Repository/Modulo control tiempo/Inconsistencias_Evento/label_Evento' is clicked on

2022-03-29 19:44:33 - [MESSAGE][PASSED] - Object: 'Object Repository/Modulo control tiempo/Inconsistencias_Evento/label_Evento' is clicked on

2022-03-29 19:44:33 - [TEST_STEP][PASSED] - click(findTestObject("Modulo Parametros/Comprobar Parametros/a_Guardar")): Object: 'Object Repository/Modulo Parametros/Comprobar Parametros/a_Guardar' is clicked on

2022-03-29 19:44:33 - [MESSAGE][PASSED] - Object: 'Object Repository/Modulo Parametros/Comprobar Parametros/a_Guardar' is clicked on

2022-03-29 19:44:33 - [TEST_STEP][PASSED] - click(findTestObject("Modulo control tiempo/Inconsistencias_Evento/td_ALMANZA ROSAS SILVIS")): Object: 'Object Repository/Modulo control tiempo/Inconsistencias_Evento/td_ALMANZA ROSAS SILVIS' is clicked on

2022-03-29 19:44:34 - [MESSAGE][PASSED] - Object: 'Object Repository/Modulo control tiempo/Inconsistencias_Evento/td_ALMANZA ROSAS SILVIS' is clicked on

2022-03-29 19:44:34 - [TEST_STEP][PASSED] - click(findTestObject("Modulo control tiempo/Inconsistencias_Evento/a_Solucionar")): Object: 'Object Repository/Modulo control tiempo/Inconsistencias_Evento/a_Solucionar' is clicked on

2022-03-29 19:44:35 - [MESSAGE][PASSED] - Object: 'Object Repository/Modulo control tiempo/Inconsistencias_Evento/a_Solucionar' is clicked on

2022-03-29 19:44:35 - [TEST_STEP][PASSED] - setText(findTestObject("Modulo control tiempo/Inconsistencias_Evento/input_Hora Final_formPopupSolucionInconsistenciahoraFin_input"), "2019/03/23 11:29 AM"): Text '2019/03/23 11:29 AM' is set on object 'Object Repository/Modulo control tiempo/Inconsistencias_Evento/input_Hora Final_formPopupSolucionInconsistenciahoraFin_input'

2022-03-29 19:44:36 - [MESSAGE][PASSED] - Text '2019/03/23 11:29 AM' is set on object 'Object Repository/Modulo control tiempo/Inconsistencias_Evento/input_Hora Final_formPopupSolucionInconsistenciahoraFin_input'

2022-03-29 19:44:36 - [TEST_STEP][FAILED] - click(findTestObject("Modulo control tiempo/Inconsistencias_Evento/label_Inconsistencias")): Unable to click on object 'Object Repository/Modulo control tiempo/Inconsistencias_Evento/label_Inconsistencias' (Root cause: com.kms.katalon.core.exception.StepFailedException: Unable to click on object 'Object Repository/Modulo control tiempo/Inconsistencias_Evento/label_Inconsistencias'
	at com.kms.katalon.core.webui.keyword.internal.WebUIKeywordMain.stepFailed(WebUIKeywordMain.groovy:64)
	at com.kms.katalon.core.webui.keyword.internal.WebUIKeywordMain.runKeyword(WebUIKeywordMain.groovy:26)
	at com.kms.katalon.core.webui.keyword.builtin.ClickKeyword.click(ClickKeyword.groovy:74)
	at com.kms.katalon.core.webui.keyword.builtin.ClickKeyword.execute(ClickKeyword.groovy:40)
	at com.kms.katalon.core.keyword.internal.KeywordExecutor.executeKeywordForPlatform(KeywordExecutor.groovy:74)
	at com.kms.katalon.core.webui.keyword.WebUiBuiltInKeywords.click(WebUiBuiltInKeywords.groovy:620)
	at com.kms.katalon.core.webui.keyword.WebUiBuiltInKeywords$click$5.call(Unknown Source)
	at 13.2.5-Inconsistencias_Evento.run(13.2.5-Inconsistencias_Evento:73)
	at com.kms.katalon.core.main.ScriptEngine.run(ScriptEngine.java:194)
	at com.kms.katalon.core.main.ScriptEngine.runScriptAsRawText(ScriptEngine.java:119)
	at com.kms.katalon.core.main.TestCaseExecutor.runScript(TestCaseExecutor.java:442)
	at com.kms.katalon.core.main.TestCaseExecutor.doExecute(TestCaseExecutor.java:433)
	at com.kms.katalon.core.main.TestCaseExecutor.processExecutionPhase(TestCaseExecutor.java:412)
	at com.kms.katalon.core.main.TestCaseExecutor.accessMainPhase(TestCaseExecutor.java:404)
	at com.kms.katalon.core.main.TestCaseExecutor.execute(TestCaseExecutor.java:281)
	at com.kms.katalon.core.main.TestSuiteExecutor.accessTestCaseMainPhase(TestSuiteExecutor.java:202)
	at com.kms.katalon.core.main.TestSuiteExecutor.accessTestSuiteMainPhase(TestSuiteExecutor.java:164)
	at com.kms.katalon.core.main.TestSuiteExecutor.execute(TestSuiteExecutor.java:105)
	at com.kms.katalon.core.main.TestCaseMain.startTestSuite(TestCaseMain.java:185)
	at com.kms.katalon.core.main.TestCaseMain$startTestSuite$0.call(Unknown Source)
	at TempTestSuite1648594435047.run(TempTestSuite1648594435047.groovy:36)
Caused by: org.openqa.selenium.ElementClickInterceptedException: element click intercepted: Element <label>...</label> is not clickable at point (687, 120). Other element would receive the click: <td class=" " data-handler="selectDay" data-event="click" data-month="2" data-year="2019">...</td>
  (Session info: chrome=99.0.4844.84)
Build info: version: '3.141.59', revision: 'e82be7d358', time: '2018-11-14T08:25:53'
System info: host: 'US-AF-000371', ip: '192.168.56.1', os.name: 'Windows 10', os.arch: 'amd64', os.version: '10.0', java.version: '1.8.0_282'
Driver info: com.kms.katalon.selenium.driver.CChromeDriver
Capabilities {acceptInsecureCerts: false, browserName: chrome, browserVersion: 99.0.4844.84, chrome: {chromedriverVersion: 99.0.4844.51 (d537ec02474b5..., userDataDir: C:\Users\DIEGO~1.ROJ\AppDat...}, goog:chromeOptions: {debuggerAddress: localhost:58146}, javascriptEnabled: true, networkConnectionEnabled: false, pageLoadStrategy: normal, platform: WINDOWS, platformName: WINDOWS, proxy: Proxy(), setWindowRect: true, strictFileInteractability: false, timeouts: {implicit: 0, pageLoad: 300000, script: 30000}, unhandledPromptBehavior: dismiss and notify, webauthn:extension:credBlob: true, webauthn:extension:largeBlob: true, webauthn:virtualAuthenticators: true}
Session ID: 308541a102c5fef819e72bd4dbaada3b
	at org.openqa.selenium.remote.http.W3CHttpResponseCodec.createException(W3CHttpResponseCodec.java:187)
	at org.openqa.selenium.remote.http.W3CHttpResponseCodec.decode(W3CHttpResponseCodec.java:122)
	at org.openqa.selenium.remote.http.W3CHttpResponseCodec.decode(W3CHttpResponseCodec.java:49)
	at org.openqa.selenium.remote.HttpCommandExecutor.execute(HttpCommandExecutor.java:158)
	at org.openqa.selenium.remote.service.DriverCommandExecutor.execute(DriverCommandExecutor.java:83)
	at org.openqa.selenium.remote.RemoteWebDriver.execute(RemoteWebDriver.java:552)
	at com.kms.katalon.selenium.driver.CChromeDriver.execute(CChromeDriver.java:19)
	at org.openqa.selenium.remote.RemoteWebElement.execute(RemoteWebElement.java:285)
	at org.openqa.selenium.remote.RemoteWebElement.click(RemoteWebElement.java:84)
	at org.openqa.selenium.support.events.EventFiringWebDriver$EventFiringWebElement.lambda$new$0(EventFiringWebDriver.java:404)
	at com.sun.proxy.$Proxy11.click(Unknown Source)
	at org.openqa.selenium.support.events.EventFiringWebDriver$EventFiringWebElement.click(EventFiringWebDriver.java:417)
	at org.openqa.selenium.WebElement$click$0.call(Unknown Source)
	at com.kms.katalon.core.webui.keyword.builtin.ClickKeyword.clickUntilSuccessWithTimeout(ClickKeyword.groovy:81)
	at com.kms.katalon.core.webui.keyword.builtin.ClickKeyword.clickUntilSuccessWithTimeout(ClickKeyword.groovy)
	at com.kms.katalon.core.webui.keyword.builtin.ClickKeyword$_click_closure1.doCall(ClickKeyword.groovy:67)
	at com.kms.katalon.core.webui.keyword.builtin.ClickKeyword$_click_closure1.call(ClickKeyword.groovy)
	at com.kms.katalon.core.webui.keyword.internal.WebUIKeywordMain.runKeyword(WebUIKeywordMain.groovy:20)
	at com.kms.katalon.core.webui.keyword.builtin.ClickKeyword.click(ClickKeyword.groovy:74)
	at com.kms.katalon.core.webui.keyword.builtin.ClickKeyword.execute(ClickKeyword.groovy:40)
	at com.kms.katalon.core.keyword.internal.KeywordExecutor.executeKeywordForPlatform(KeywordExecutor.groovy:74)
	at com.kms.katalon.core.webui.keyword.WebUiBuiltInKeywords.click(WebUiBuiltInKeywords.groovy:620)
	at com.kms.katalon.core.webui.keyword.WebUiBuiltInKeywords$click$5.call(Unknown Source)
	at Script1648474023724.run(Script1648474023724.groovy:73)
	... 13 more
)

2022-03-29 19:45:24 - [MESSAGE][FAILED] - Unable to click on object 'Object Repository/Modulo control tiempo/Inconsistencias_Evento/label_Inconsistencias' (Root cause: com.kms.katalon.core.exception.StepFailedException: Unable to click on object 'Object Repository/Modulo control tiempo/Inconsistencias_Evento/label_Inconsistencias'
	at com.kms.katalon.core.webui.keyword.internal.WebUIKeywordMain.stepFailed(WebUIKeywordMain.groovy:64)
	at com.kms.katalon.core.webui.keyword.internal.WebUIKeywordMain.runKeyword(WebUIKeywordMain.groovy:26)
	at com.kms.katalon.core.webui.keyword.builtin.ClickKeyword.click(ClickKeyword.groovy:74)
	at com.kms.katalon.core.webui.keyword.builtin.ClickKeyword.execute(ClickKeyword.groovy:40)
	at com.kms.katalon.core.keyword.internal.KeywordExecutor.executeKeywordForPlatform(KeywordExecutor.groovy:74)
	at com.kms.katalon.core.webui.keyword.WebUiBuiltInKeywords.click(WebUiBuiltInKeywords.groovy:620)
	at com.kms.katalon.core.webui.keyword.WebUiBuiltInKeywords$click$5.call(Unknown Source)
	at 13.2.5-Inconsistencias_Evento.run(13.2.5-Inconsistencias_Evento:73)
	at com.kms.katalon.core.main.ScriptEngine.run(ScriptEngine.java:194)
	at com.kms.katalon.core.main.ScriptEngine.runScriptAsRawText(ScriptEngine.java:119)
	at com.kms.katalon.core.main.TestCaseExecutor.runScript(TestCaseExecutor.java:442)
	at com.kms.katalon.core.main.TestCaseExecutor.doExecute(TestCaseExecutor.java:433)
	at com.kms.katalon.core.main.TestCaseExecutor.processExecutionPhase(TestCaseExecutor.java:412)
	at com.kms.katalon.core.main.TestCaseExecutor.accessMainPhase(TestCaseExecutor.java:404)
	at com.kms.katalon.core.main.TestCaseExecutor.execute(TestCaseExecutor.java:281)
	at com.kms.katalon.core.main.TestSuiteExecutor.accessTestCaseMainPhase(TestSuiteExecutor.java:202)
	at com.kms.katalon.core.main.TestSuiteExecutor.accessTestSuiteMainPhase(TestSuiteExecutor.java:164)
	at com.kms.katalon.core.main.TestSuiteExecutor.execute(TestSuiteExecutor.java:105)
	at com.kms.katalon.core.main.TestCaseMain.startTestSuite(TestCaseMain.java:185)
	at com.kms.katalon.core.main.TestCaseMain$startTestSuite$0.call(Unknown Source)
	at TempTestSuite1648594435047.run(TempTestSuite1648594435047.groovy:36)
Caused by: org.openqa.selenium.ElementClickInterceptedException: element click intercepted: Element <label>...</label> is not clickable at point (687, 120). Other element would receive the click: <td class=" " data-handler="selectDay" data-event="click" data-month="2" data-year="2019">...</td>
  (Session info: chrome=99.0.4844.84)
Build info: version: '3.141.59', revision: 'e82be7d358', time: '2018-11-14T08:25:53'
System info: host: 'US-AF-000371', ip: '192.168.56.1', os.name: 'Windows 10', os.arch: 'amd64', os.version: '10.0', java.version: '1.8.0_282'
Driver info: com.kms.katalon.selenium.driver.CChromeDriver
Capabilities {acceptInsecureCerts: false, browserName: chrome, browserVersion: 99.0.4844.84, chrome: {chromedriverVersion: 99.0.4844.51 (d537ec02474b5..., userDataDir: C:\Users\DIEGO~1.ROJ\AppDat...}, goog:chromeOptions: {debuggerAddress: localhost:58146}, javascriptEnabled: true, networkConnectionEnabled: false, pageLoadStrategy: normal, platform: WINDOWS, platformName: WINDOWS, proxy: Proxy(), setWindowRect: true, strictFileInteractability: false, timeouts: {implicit: 0, pageLoad: 300000, script: 30000}, unhandledPromptBehavior: dismiss and notify, webauthn:extension:credBlob: true, webauthn:extension:largeBlob: true, webauthn:virtualAuthenticators: true}
Session ID: 308541a102c5fef819e72bd4dbaada3b
	at org.openqa.selenium.remote.http.W3CHttpResponseCodec.createException(W3CHttpResponseCodec.java:187)
	at org.openqa.selenium.remote.http.W3CHttpResponseCodec.decode(W3CHttpResponseCodec.java:122)
	at org.openqa.selenium.remote.http.W3CHttpResponseCodec.decode(W3CHttpResponseCodec.java:49)
	at org.openqa.selenium.remote.HttpCommandExecutor.execute(HttpCommandExecutor.java:158)
	at org.openqa.selenium.remote.service.DriverCommandExecutor.execute(DriverCommandExecutor.java:83)
	at org.openqa.selenium.remote.RemoteWebDriver.execute(RemoteWebDriver.java:552)
	at com.kms.katalon.selenium.driver.CChromeDriver.execute(CChromeDriver.java:19)
	at org.openqa.selenium.remote.RemoteWebElement.execute(RemoteWebElement.java:285)
	at org.openqa.selenium.remote.RemoteWebElement.click(RemoteWebElement.java:84)
	at org.openqa.selenium.support.events.EventFiringWebDriver$EventFiringWebElement.lambda$new$0(EventFiringWebDriver.java:404)
	at com.sun.proxy.$Proxy11.click(Unknown Source)
	at org.openqa.selenium.support.events.EventFiringWebDriver$EventFiringWebElement.click(EventFiringWebDriver.java:417)
	at org.openqa.selenium.WebElement$click$0.call(Unknown Source)
	at com.kms.katalon.core.webui.keyword.builtin.ClickKeyword.clickUntilSuccessWithTimeout(ClickKeyword.groovy:81)
	at com.kms.katalon.core.webui.keyword.builtin.ClickKeyword.clickUntilSuccessWithTimeout(ClickKeyword.groovy)
	at com.kms.katalon.core.webui.keyword.builtin.ClickKeyword$_click_closure1.doCall(ClickKeyword.groovy:67)
	at com.kms.katalon.core.webui.keyword.builtin.ClickKeyword$_click_closure1.call(ClickKeyword.groovy)
	at com.kms.katalon.core.webui.keyword.internal.WebUIKeywordMain.runKeyword(WebUIKeywordMain.groovy:20)
	at com.kms.katalon.core.webui.keyword.builtin.ClickKeyword.click(ClickKeyword.groovy:74)
	at com.kms.katalon.core.webui.keyword.builtin.ClickKeyword.execute(ClickKeyword.groovy:40)
	at com.kms.katalon.core.keyword.internal.KeywordExecutor.executeKeywordForPlatform(KeywordExecutor.groovy:74)
	at com.kms.katalon.core.webui.keyword.WebUiBuiltInKeywords.click(WebUiBuiltInKeywords.groovy:620)
	at com.kms.katalon.core.webui.keyword.WebUiBuiltInKeywords$click$5.call(Unknown Source)
	at Script1648474023724.run(Script1648474023724.groovy:73)
	... 13 more
)
[[ATTACHMENT|C:\\Users\\diego.rojas\\git\\Pruebas-Minimas\\Reports\\20220329_175344\\Test_Suite_Secundaria\\1-Tareas_secundarias\\20220329_175355\\1648601124112.png]]]]></system-out>
         <system-err><![CDATA[2022-03-29 19:44:14 - [TEST_CASE][FAILED] - Test Cases/1.2-Tareas_Secundarias/A.3-Pruebas_control_tiempos/13.2.5-Inconsistencias_Evento: Test Cases/1.2-Tareas_Secundarias/A.3-Pruebas_control_tiempos/13.2.5-Inconsistencias_Evento FAILED.
Reason:
com.kms.katalon.core.exception.StepFailedException: Unable to click on object 'Object Repository/Modulo control tiempo/Inconsistencias_Evento/label_Inconsistencias'
	at com.kms.katalon.core.webui.keyword.internal.WebUIKeywordMain.stepFailed(WebUIKeywordMain.groovy:64)
	at com.kms.katalon.core.webui.keyword.internal.WebUIKeywordMain.runKeyword(WebUIKeywordMain.groovy:26)
	at com.kms.katalon.core.webui.keyword.builtin.ClickKeyword.click(ClickKeyword.groovy:74)
	at com.kms.katalon.core.webui.keyword.builtin.ClickKeyword.execute(ClickKeyword.groovy:40)
	at com.kms.katalon.core.keyword.internal.KeywordExecutor.executeKeywordForPlatform(KeywordExecutor.groovy:74)
	at com.kms.katalon.core.webui.keyword.WebUiBuiltInKeywords.click(WebUiBuiltInKeywords.groovy:620)
	at com.kms.katalon.core.webui.keyword.WebUiBuiltInKeywords$click$5.call(Unknown Source)
	at 13.2.5-Inconsistencias_Evento.run(13.2.5-Inconsistencias_Evento:73)
	at com.kms.katalon.core.main.ScriptEngine.run(ScriptEngine.java:194)
	at com.kms.katalon.core.main.ScriptEngine.runScriptAsRawText(ScriptEngine.java:119)
	at com.kms.katalon.core.main.TestCaseExecutor.runScript(TestCaseExecutor.java:442)
	at com.kms.katalon.core.main.TestCaseExecutor.doExecute(TestCaseExecutor.java:433)
	at com.kms.katalon.core.main.TestCaseExecutor.processExecutionPhase(TestCaseExecutor.java:412)
	at com.kms.katalon.core.main.TestCaseExecutor.accessMainPhase(TestCaseExecutor.java:404)
	at com.kms.katalon.core.main.TestCaseExecutor.execute(TestCaseExecutor.java:281)
	at com.kms.katalon.core.main.TestSuiteExecutor.accessTestCaseMainPhase(TestSuiteExecutor.java:202)
	at com.kms.katalon.core.main.TestSuiteExecutor.accessTestSuiteMainPhase(TestSuiteExecutor.java:164)
	at com.kms.katalon.core.main.TestSuiteExecutor.execute(TestSuiteExecutor.java:105)
	at com.kms.katalon.core.main.TestCaseMain.startTestSuite(TestCaseMain.java:185)
	at com.kms.katalon.core.main.TestCaseMain$startTestSuite$0.call(Unknown Source)
	at TempTestSuite1648594435047.run(TempTestSuite1648594435047.groovy:36)
Caused by: org.openqa.selenium.ElementClickInterceptedException: element click intercepted: Element <label>...</label> is not clickable at point (687, 120). Other element would receive the click: <td class=" " data-handler="selectDay" data-event="click" data-month="2" data-year="2019">...</td>
  (Session info: chrome=99.0.4844.84)
Build info: version: '3.141.59', revision: 'e82be7d358', time: '2018-11-14T08:25:53'
System info: host: 'US-AF-000371', ip: '192.168.56.1', os.name: 'Windows 10', os.arch: 'amd64', os.version: '10.0', java.version: '1.8.0_282'
Driver info: com.kms.katalon.selenium.driver.CChromeDriver
Capabilities {acceptInsecureCerts: false, browserName: chrome, browserVersion: 99.0.4844.84, chrome: {chromedriverVersion: 99.0.4844.51 (d537ec02474b5..., userDataDir: C:\Users\DIEGO~1.ROJ\AppDat...}, goog:chromeOptions: {debuggerAddress: localhost:58146}, javascriptEnabled: true, networkConnectionEnabled: false, pageLoadStrategy: normal, platform: WINDOWS, platformName: WINDOWS, proxy: Proxy(), setWindowRect: true, strictFileInteractability: false, timeouts: {implicit: 0, pageLoad: 300000, script: 30000}, unhandledPromptBehavior: dismiss and notify, webauthn:extension:credBlob: true, webauthn:extension:largeBlob: true, webauthn:virtualAuthenticators: true}
Session ID: 308541a102c5fef819e72bd4dbaada3b
	at org.openqa.selenium.remote.http.W3CHttpResponseCodec.createException(W3CHttpResponseCodec.java:187)
	at org.openqa.selenium.remote.http.W3CHttpResponseCodec.decode(W3CHttpResponseCodec.java:122)
	at org.openqa.selenium.remote.http.W3CHttpResponseCodec.decode(W3CHttpResponseCodec.java:49)
	at org.openqa.selenium.remote.HttpCommandExecutor.execute(HttpCommandExecutor.java:158)
	at org.openqa.selenium.remote.service.DriverCommandExecutor.execute(DriverCommandExecutor.java:83)
	at org.openqa.selenium.remote.RemoteWebDriver.execute(RemoteWebDriver.java:552)
	at com.kms.katalon.selenium.driver.CChromeDriver.execute(CChromeDriver.java:19)
	at org.openqa.selenium.remote.RemoteWebElement.execute(RemoteWebElement.java:285)
	at org.openqa.selenium.remote.RemoteWebElement.click(RemoteWebElement.java:84)
	at org.openqa.selenium.support.events.EventFiringWebDriver$EventFiringWebElement.lambda$new$0(EventFiringWebDriver.java:404)
	at com.sun.proxy.$Proxy11.click(Unknown Source)
	at org.openqa.selenium.support.events.EventFiringWebDriver$EventFiringWebElement.click(EventFiringWebDriver.java:417)
	at org.openqa.selenium.WebElement$click$0.call(Unknown Source)
	at com.kms.katalon.core.webui.keyword.builtin.ClickKeyword.clickUntilSuccessWithTimeout(ClickKeyword.groovy:81)
	at com.kms.katalon.core.webui.keyword.builtin.ClickKeyword.clickUntilSuccessWithTimeout(ClickKeyword.groovy)
	at com.kms.katalon.core.webui.keyword.builtin.ClickKeyword$_click_closure1.doCall(ClickKeyword.groovy:67)
	at com.kms.katalon.core.webui.keyword.builtin.ClickKeyword$_click_closure1.call(ClickKeyword.groovy)
	at com.kms.katalon.core.webui.keyword.internal.WebUIKeywordMain.runKeyword(WebUIKeywordMain.groovy:20)
	... 19 more]]></system-err>
      </testcase>
      <testcase name="Test Cases/1.2-Tareas_Secundarias/A.4-Parametros/14.1.1-Comprobar_Parametros" time="227.648" classname="Test Cases/1.2-Tareas_Secundarias/A.4-Parametros/14.1.1-Comprobar_Parametros" status="PASSED">
         <system-out><![CDATA[2022-03-29 19:45:24 - [TEST_CASE][PASSED] - Test Cases/1.2-Tareas_Secundarias/A.4-Parametros/14.1.1-Comprobar_Parametros: Test Cases/1.2-Tareas_Secundarias/A.4-Parametros/14.1.1-Comprobar_Parametros

2022-03-29 19:45:24 - [TEST_STEP][PASSED] - callTestCase(findTestCase("0.1-Login"), [:], STOP_ON_FAILURE): Call Test Case 'Test Cases/0.1-Login' successfully

2022-03-29 19:45:24 - [TEST_CASE][PASSED] - Test Cases/0.1-Login: Test Cases/0.1-Login

2022-03-29 19:45:24 - [TEST_STEP][PASSED] - openBrowser(""): Browser is opened with url: ''

2022-03-29 19:45:24 - [MESSAGE][WARNING] - A browser is already opened. Closing browser and opening a new one

2022-03-29 19:45:25 - [MESSAGE][INFO] - Starting 'Chrome' driver

2022-03-29 19:45:25 - [MESSAGE][INFO] - Action delay is set to 50 milliseconds

2022-03-29 19:45:26 - [MESSAGE][PASSED] - Browser is opened with url: ''

2022-03-29 19:45:26 - [TEST_STEP][PASSED] - maximizeWindow(): Current window maximized

2022-03-29 19:45:26 - [MESSAGE][PASSED] - Current window maximized

2022-03-29 19:45:26 - [TEST_STEP][PASSED] - i = G_Login: null

2022-03-29 19:45:26 - [TEST_STEP][PASSED] - url = new java.net.URL(i): null

2022-03-29 19:45:26 - [TEST_STEP][PASSED] - println("URL: " + url.toString()): null

2022-03-29 19:45:26 - [TEST_STEP][PASSED] - connection = url.openConnection(): null

2022-03-29 19:45:26 - [TEST_STEP][PASSED] - connection.setRequestMethod("GET"): null

2022-03-29 19:45:26 - [TEST_STEP][PASSED] - connection.setReadTimeout(2 * 1000): null

2022-03-29 19:45:26 - [TEST_STEP][PASSED] - try: null

2022-03-29 19:45:26 - [TEST_STEP][PASSED] - connection.connect(): null

2022-03-29 19:45:26 - [TEST_STEP][PASSED] - flag = connected: null

2022-03-29 19:45:26 - [TEST_STEP][PASSED] - println("Valor_ori: " + flag): null

2022-03-29 19:45:26 - [TEST_STEP][PASSED] - if (flag): null

2022-03-29 19:45:26 - [TEST_STEP][PASSED] - navigateToUrl(i): Navigate to 'http://192.168.2.19:8380/saraweb' successfully

2022-03-29 19:45:27 - [MESSAGE][PASSED] - Navigate to 'http://192.168.2.19:8380/saraweb' successfully

2022-03-29 19:45:27 - [TEST_STEP][PASSED] - a(): null

2022-03-29 19:45:27 - [TEST_STEP][PASSED] - setText(findTestObject("Login/input_USUARIO_loginusuario"), G_Usuario): Text 'saraadmin' is set on object 'Object Repository/Login/input_USUARIO_loginusuario'

2022-03-29 19:45:28 - [MESSAGE][PASSED] - Text 'saraadmin' is set on object 'Object Repository/Login/input_USUARIO_loginusuario'

2022-03-29 19:45:28 - [TEST_STEP][PASSED] - setEncryptedText(findTestObject("Login/input_CLAVE_loginpassword"), "MkG4/TYiCFC3cb2driP7+Q=="): Text ****** has been set on object 'Object Repository/Login/input_CLAVE_loginpassword'

2022-03-29 19:45:29 - [MESSAGE][PASSED] - Text ****** has been set on object 'Object Repository/Login/input_CLAVE_loginpassword'

2022-03-29 19:45:29 - [TEST_STEP][PASSED] - waitForElementClickable(findTestObject("Login/a_Ingresar"), G_TimeOut): Object 'Object Repository/Login/a_Ingresar' is clickable

2022-03-29 19:45:29 - [MESSAGE][PASSED] - Object 'Object Repository/Login/a_Ingresar' is clickable

2022-03-29 19:45:29 - [TEST_STEP][PASSED] - click(findTestObject("Login/a_Ingresar")): Object: 'Object Repository/Login/a_Ingresar' is clicked on

2022-03-29 19:45:30 - [MESSAGE][PASSED] - Object: 'Object Repository/Login/a_Ingresar' is clicked on

2022-03-29 19:45:30 - [TEST_STEP][PASSED] - element = findWebElement(findTestObject("Login/a_Ir"), 30): null

2022-03-29 19:45:31 - [TEST_STEP][PASSED] - executeJavaScript("arguments[0].click()", Arrays.asList(element)): Execute JavaScript 'arguments[0].click()' successfully

2022-03-29 19:45:31 - [MESSAGE][PASSED] - Execute JavaScript 'arguments[0].click()' successfully

2022-03-29 19:45:31 - [MESSAGE][PASSED] - Call Test Case 'Test Cases/0.1-Login' successfully

2022-03-29 19:45:31 - [TEST_STEP][PASSED] - setText(findTestObject("Modulo Parametros/Comprobar Parametros/input_Empresa 1_form_templatej_idt24_input"), "Parametro Plan Sucesion (cap)"): Text 'Parametro Plan Sucesion (cap)' is set on object 'Object Repository/Modulo Parametros/Comprobar Parametros/input_Empresa 1_form_templatej_idt24_input'

2022-03-29 19:45:32 - [MESSAGE][PASSED] - Text 'Parametro Plan Sucesion (cap)' is set on object 'Object Repository/Modulo Parametros/Comprobar Parametros/input_Empresa 1_form_templatej_idt24_input'

2022-03-29 19:45:32 - [TEST_STEP][PASSED] - click(findTestObject("Modulo Parametros/Comprobar Parametros/li_Parametros")): Object: 'Object Repository/Modulo Parametros/Comprobar Parametros/li_Parametros' is clicked on

2022-03-29 19:45:34 - [MESSAGE][PASSED] - Object: 'Object Repository/Modulo Parametros/Comprobar Parametros/li_Parametros' is clicked on

2022-03-29 19:45:34 - [TEST_STEP][PASSED] - planSucesion(): null

2022-03-29 19:45:34 - [TEST_STEP][PASSED] - waitForElementVisible(findTestObject("Modulo Parametros/Comprobar Parametros/input_Parmetros_planilla_formfiltro"), 1): Object 'Object Repository/Modulo Parametros/Comprobar Parametros/input_Parmetros_planilla_formfiltro' is visible

2022-03-29 19:45:35 - [MESSAGE][PASSED] - Object 'Object Repository/Modulo Parametros/Comprobar Parametros/input_Parmetros_planilla_formfiltro' is visible

2022-03-29 19:45:35 - [TEST_STEP][PASSED] - setText(findTestObject("Modulo Parametros/Comprobar Parametros/input_Empresa 1_form_templatej_idt24_input"), "Parametros Bienestar (bie)"): Text 'Parametros Bienestar (bie)' is set on object 'Object Repository/Modulo Parametros/Comprobar Parametros/input_Empresa 1_form_templatej_idt24_input'

2022-03-29 19:45:36 - [MESSAGE][PASSED] - Text 'Parametros Bienestar (bie)' is set on object 'Object Repository/Modulo Parametros/Comprobar Parametros/input_Empresa 1_form_templatej_idt24_input'

2022-03-29 19:45:36 - [TEST_STEP][PASSED] - click(findTestObject("Modulo Parametros/Comprobar Parametros/li_Parametros")): Object: 'Object Repository/Modulo Parametros/Comprobar Parametros/li_Parametros' is clicked on

2022-03-29 19:45:37 - [MESSAGE][PASSED] - Object: 'Object Repository/Modulo Parametros/Comprobar Parametros/li_Parametros' is clicked on

2022-03-29 19:45:37 - [TEST_STEP][PASSED] - parBienestar(): null

2022-03-29 19:45:37 - [TEST_STEP][PASSED] - click(findTestObject("Modulo Parametros/Comprobar Parametros/a_Eje Bienestar"), STOP_ON_FAILURE): Object: 'Object Repository/Modulo Parametros/Comprobar Parametros/a_Eje Bienestar' is clicked on

2022-03-29 19:45:39 - [MESSAGE][PASSED] - Object: 'Object Repository/Modulo Parametros/Comprobar Parametros/a_Eje Bienestar' is clicked on

2022-03-29 19:45:39 - [TEST_STEP][PASSED] - waitForElementVisible(findTestObject("Modulo Parametros/Comprobar Parametros/a_Nuevo"), 0): Object 'Object Repository/Modulo Parametros/Comprobar Parametros/a_Nuevo' is visible

2022-03-29 19:45:39 - [MESSAGE][WARNING] - Timeout '0' is invalid. Using default page load timeout: '45'

2022-03-29 19:45:39 - [MESSAGE][PASSED] - Object 'Object Repository/Modulo Parametros/Comprobar Parametros/a_Nuevo' is visible

2022-03-29 19:45:39 - [TEST_STEP][PASSED] - click(findTestObject("Modulo Parametros/Comprobar Parametros/a_Disciplina"), STOP_ON_FAILURE): Object: 'Object Repository/Modulo Parametros/Comprobar Parametros/a_Disciplina' is clicked on

2022-03-29 19:45:40 - [MESSAGE][PASSED] - Object: 'Object Repository/Modulo Parametros/Comprobar Parametros/a_Disciplina' is clicked on

2022-03-29 19:45:40 - [TEST_STEP][PASSED] - waitForElementVisible(findTestObject("Modulo Parametros/Comprobar Parametros/a_Nuevo"), 0): Object 'Object Repository/Modulo Parametros/Comprobar Parametros/a_Nuevo' is visible

2022-03-29 19:45:40 - [MESSAGE][WARNING] - Timeout '0' is invalid. Using default page load timeout: '45'

2022-03-29 19:45:41 - [MESSAGE][PASSED] - Object 'Object Repository/Modulo Parametros/Comprobar Parametros/a_Nuevo' is visible

2022-03-29 19:45:41 - [TEST_STEP][PASSED] - click(findTestObject("Modulo Parametros/Comprobar Parametros/a_Nivel"), STOP_ON_FAILURE): Object: 'Object Repository/Modulo Parametros/Comprobar Parametros/a_Nivel' is clicked on

2022-03-29 19:45:41 - [MESSAGE][PASSED] - Object: 'Object Repository/Modulo Parametros/Comprobar Parametros/a_Nivel' is clicked on

2022-03-29 19:45:41 - [TEST_STEP][PASSED] - waitForElementVisible(findTestObject("Modulo Parametros/Comprobar Parametros/a_Nuevo"), 0): Object 'Object Repository/Modulo Parametros/Comprobar Parametros/a_Nuevo' is visible

2022-03-29 19:45:41 - [MESSAGE][WARNING] - Timeout '0' is invalid. Using default page load timeout: '45'

2022-03-29 19:45:42 - [MESSAGE][PASSED] - Object 'Object Repository/Modulo Parametros/Comprobar Parametros/a_Nuevo' is visible

2022-03-29 19:45:42 - [TEST_STEP][PASSED] - click(findTestObject("Modulo Parametros/Comprobar Parametros/a_Tipo  Evento"), STOP_ON_FAILURE): Object: 'Object Repository/Modulo Parametros/Comprobar Parametros/a_Tipo  Evento' is clicked on

2022-03-29 19:45:42 - [MESSAGE][PASSED] - Object: 'Object Repository/Modulo Parametros/Comprobar Parametros/a_Tipo  Evento' is clicked on

2022-03-29 19:45:42 - [TEST_STEP][PASSED] - waitForElementVisible(findTestObject("Modulo Parametros/Comprobar Parametros/a_Nuevo"), 0): Object 'Object Repository/Modulo Parametros/Comprobar Parametros/a_Nuevo' is visible

2022-03-29 19:45:42 - [MESSAGE][WARNING] - Timeout '0' is invalid. Using default page load timeout: '45'

2022-03-29 19:45:43 - [MESSAGE][PASSED] - Object 'Object Repository/Modulo Parametros/Comprobar Parametros/a_Nuevo' is visible

2022-03-29 19:45:43 - [TEST_STEP][PASSED] - click(findTestObject("Modulo Parametros/Comprobar Parametros/a_Resumen Evaluacin (1)"), STOP_ON_FAILURE): Object: 'Object Repository/Modulo Parametros/Comprobar Parametros/a_Resumen Evaluacin (1)' is clicked on

2022-03-29 19:45:44 - [MESSAGE][PASSED] - Object: 'Object Repository/Modulo Parametros/Comprobar Parametros/a_Resumen Evaluacin (1)' is clicked on

2022-03-29 19:45:44 - [TEST_STEP][PASSED] - waitForElementNotVisible(findTestObject("Modulo Parametros/Comprobar Parametros/a_Nuevo"), 1): Object 'Object Repository/Modulo Parametros/Comprobar Parametros/a_Nuevo' is visible after 1 second(s)

2022-03-29 19:45:46 - [MESSAGE][WARNING] - Object 'Object Repository/Modulo Parametros/Comprobar Parametros/a_Nuevo' is visible after 1 second(s)

2022-03-29 19:45:46 - [TEST_STEP][PASSED] - click(findTestObject("Modulo Parametros/Comprobar Parametros/a_Evaluacin"), STOP_ON_FAILURE): Object: 'Object Repository/Modulo Parametros/Comprobar Parametros/a_Evaluacin' is clicked on

2022-03-29 19:45:47 - [MESSAGE][PASSED] - Object: 'Object Repository/Modulo Parametros/Comprobar Parametros/a_Evaluacin' is clicked on

2022-03-29 19:45:47 - [TEST_STEP][PASSED] - waitForElementVisible(findTestObject("Modulo Parametros/Comprobar Parametros/a_Nuevo"), 0): Object 'Object Repository/Modulo Parametros/Comprobar Parametros/a_Nuevo' is visible

2022-03-29 19:45:47 - [MESSAGE][WARNING] - Timeout '0' is invalid. Using default page load timeout: '45'

2022-03-29 19:45:48 - [MESSAGE][PASSED] - Object 'Object Repository/Modulo Parametros/Comprobar Parametros/a_Nuevo' is visible

2022-03-29 19:45:48 - [TEST_STEP][PASSED] - click(findTestObject("Modulo Parametros/Comprobar Parametros/a_Entidad Bienestar"), STOP_ON_FAILURE): Object: 'Object Repository/Modulo Parametros/Comprobar Parametros/a_Entidad Bienestar' is clicked on

2022-03-29 19:45:48 - [MESSAGE][PASSED] - Object: 'Object Repository/Modulo Parametros/Comprobar Parametros/a_Entidad Bienestar' is clicked on

2022-03-29 19:45:48 - [TEST_STEP][PASSED] - waitForElementVisible(findTestObject("Modulo Parametros/Comprobar Parametros/a_Nuevo"), 0): Object 'Object Repository/Modulo Parametros/Comprobar Parametros/a_Nuevo' is visible

2022-03-29 19:45:48 - [MESSAGE][WARNING] - Timeout '0' is invalid. Using default page load timeout: '45'

2022-03-29 19:45:49 - [MESSAGE][PASSED] - Object 'Object Repository/Modulo Parametros/Comprobar Parametros/a_Nuevo' is visible

2022-03-29 19:45:49 - [TEST_STEP][PASSED] - click(findTestObject("Modulo Parametros/Comprobar Parametros/a_Instructor Bienestar"), STOP_ON_FAILURE): Object: 'Object Repository/Modulo Parametros/Comprobar Parametros/a_Instructor Bienestar' is clicked on

2022-03-29 19:45:50 - [MESSAGE][PASSED] - Object: 'Object Repository/Modulo Parametros/Comprobar Parametros/a_Instructor Bienestar' is clicked on

2022-03-29 19:45:50 - [TEST_STEP][PASSED] - waitForElementVisible(findTestObject("Modulo Parametros/Comprobar Parametros/a_Nuevo"), 0): Object 'Object Repository/Modulo Parametros/Comprobar Parametros/a_Nuevo' is visible

2022-03-29 19:45:50 - [MESSAGE][WARNING] - Timeout '0' is invalid. Using default page load timeout: '45'

2022-03-29 19:45:50 - [MESSAGE][PASSED] - Object 'Object Repository/Modulo Parametros/Comprobar Parametros/a_Nuevo' is visible

2022-03-29 19:45:50 - [TEST_STEP][PASSED] - click(findTestObject("Modulo Parametros/Comprobar Parametros/a_Tipo Costo"), STOP_ON_FAILURE): Object: 'Object Repository/Modulo Parametros/Comprobar Parametros/a_Tipo Costo' is clicked on

2022-03-29 19:45:51 - [MESSAGE][PASSED] - Object: 'Object Repository/Modulo Parametros/Comprobar Parametros/a_Tipo Costo' is clicked on

2022-03-29 19:45:51 - [TEST_STEP][PASSED] - waitForElementVisible(findTestObject("Modulo Parametros/Comprobar Parametros/a_Nuevo"), 0): Object 'Object Repository/Modulo Parametros/Comprobar Parametros/a_Nuevo' is visible

2022-03-29 19:45:51 - [MESSAGE][WARNING] - Timeout '0' is invalid. Using default page load timeout: '45'

2022-03-29 19:45:51 - [MESSAGE][PASSED] - Object 'Object Repository/Modulo Parametros/Comprobar Parametros/a_Nuevo' is visible

2022-03-29 19:45:51 - [TEST_STEP][PASSED] - click(findTestObject("Modulo Parametros/Comprobar Parametros/a_Salones o Escenarios"), STOP_ON_FAILURE): Object: 'Object Repository/Modulo Parametros/Comprobar Parametros/a_Salones o Escenarios' is clicked on

2022-03-29 19:45:52 - [MESSAGE][PASSED] - Object: 'Object Repository/Modulo Parametros/Comprobar Parametros/a_Salones o Escenarios' is clicked on

2022-03-29 19:45:52 - [TEST_STEP][PASSED] - waitForElementVisible(findTestObject("Modulo Parametros/Comprobar Parametros/a_Nuevo"), 0): Object 'Object Repository/Modulo Parametros/Comprobar Parametros/a_Nuevo' is visible

2022-03-29 19:45:52 - [MESSAGE][WARNING] - Timeout '0' is invalid. Using default page load timeout: '45'

2022-03-29 19:45:53 - [MESSAGE][PASSED] - Object 'Object Repository/Modulo Parametros/Comprobar Parametros/a_Nuevo' is visible

2022-03-29 19:45:53 - [TEST_STEP][PASSED] - click(findTestObject("Modulo Parametros/Comprobar Parametros/a_Tipo Beneficio"), STOP_ON_FAILURE): Object: 'Object Repository/Modulo Parametros/Comprobar Parametros/a_Tipo Beneficio' is clicked on

2022-03-29 19:45:54 - [MESSAGE][PASSED] - Object: 'Object Repository/Modulo Parametros/Comprobar Parametros/a_Tipo Beneficio' is clicked on

2022-03-29 19:45:54 - [TEST_STEP][PASSED] - waitForElementVisible(findTestObject("Modulo Parametros/Comprobar Parametros/a_Nuevo"), 0): Object 'Object Repository/Modulo Parametros/Comprobar Parametros/a_Nuevo' is visible

2022-03-29 19:45:54 - [MESSAGE][WARNING] - Timeout '0' is invalid. Using default page load timeout: '45'

2022-03-29 19:45:54 - [MESSAGE][PASSED] - Object 'Object Repository/Modulo Parametros/Comprobar Parametros/a_Nuevo' is visible

2022-03-29 19:45:54 - [TEST_STEP][PASSED] - click(findTestObject("Modulo Parametros/Comprobar Parametros/a_Medio Audiovisual"), STOP_ON_FAILURE): Object: 'Object Repository/Modulo Parametros/Comprobar Parametros/a_Medio Audiovisual' is clicked on

2022-03-29 19:45:55 - [MESSAGE][PASSED] - Object: 'Object Repository/Modulo Parametros/Comprobar Parametros/a_Medio Audiovisual' is clicked on

2022-03-29 19:45:55 - [TEST_STEP][PASSED] - waitForElementVisible(findTestObject("Modulo Parametros/Comprobar Parametros/a_Nuevo"), 0): Object 'Object Repository/Modulo Parametros/Comprobar Parametros/a_Nuevo' is visible

2022-03-29 19:45:55 - [MESSAGE][WARNING] - Timeout '0' is invalid. Using default page load timeout: '45'

2022-03-29 19:45:56 - [MESSAGE][PASSED] - Object 'Object Repository/Modulo Parametros/Comprobar Parametros/a_Nuevo' is visible

2022-03-29 19:45:56 - [TEST_STEP][PASSED] - click(findTestObject("Modulo Parametros/Comprobar Parametros/a_Tipo  De Calificacin (1)"), STOP_ON_FAILURE): Object: 'Object Repository/Modulo Parametros/Comprobar Parametros/a_Tipo  De Calificacin (1)' is clicked on

2022-03-29 19:45:56 - [MESSAGE][PASSED] - Object: 'Object Repository/Modulo Parametros/Comprobar Parametros/a_Tipo  De Calificacin (1)' is clicked on

2022-03-29 19:45:56 - [TEST_STEP][PASSED] - waitForElementVisible(findTestObject("Modulo Parametros/Comprobar Parametros/a_Nuevo"), 0): Object 'Object Repository/Modulo Parametros/Comprobar Parametros/a_Nuevo' is visible

2022-03-29 19:45:56 - [MESSAGE][WARNING] - Timeout '0' is invalid. Using default page load timeout: '45'

2022-03-29 19:45:57 - [MESSAGE][PASSED] - Object 'Object Repository/Modulo Parametros/Comprobar Parametros/a_Nuevo' is visible

2022-03-29 19:45:57 - [TEST_STEP][PASSED] - setText(findTestObject("Modulo Parametros/Comprobar Parametros/input_Empresa 1_form_templatej_idt24_input"), "Parametros Capacitacion (cap)"): Text 'Parametros Capacitacion (cap)' is set on object 'Object Repository/Modulo Parametros/Comprobar Parametros/input_Empresa 1_form_templatej_idt24_input'

2022-03-29 19:45:58 - [MESSAGE][PASSED] - Text 'Parametros Capacitacion (cap)' is set on object 'Object Repository/Modulo Parametros/Comprobar Parametros/input_Empresa 1_form_templatej_idt24_input'

2022-03-29 19:45:58 - [TEST_STEP][PASSED] - click(findTestObject("Modulo Parametros/Comprobar Parametros/li_Parametros")): Object: 'Object Repository/Modulo Parametros/Comprobar Parametros/li_Parametros' is clicked on

2022-03-29 19:46:00 - [MESSAGE][PASSED] - Object: 'Object Repository/Modulo Parametros/Comprobar Parametros/li_Parametros' is clicked on

2022-03-29 19:46:00 - [TEST_STEP][PASSED] - parCapacitacion(): null

2022-03-29 19:46:00 - [TEST_STEP][PASSED] - click(findTestObject("Modulo Parametros/Comprobar Parametros/a_Modalidad")): Object: 'Object Repository/Modulo Parametros/Comprobar Parametros/a_Modalidad' is clicked on

2022-03-29 19:46:01 - [MESSAGE][PASSED] - Object: 'Object Repository/Modulo Parametros/Comprobar Parametros/a_Modalidad' is clicked on

2022-03-29 19:46:01 - [TEST_STEP][PASSED] - waitForElementVisible(findTestObject("Modulo Parametros/Comprobar Parametros/a_Nuevo"), 0): Object 'Object Repository/Modulo Parametros/Comprobar Parametros/a_Nuevo' is visible

2022-03-29 19:46:01 - [MESSAGE][WARNING] - Timeout '0' is invalid. Using default page load timeout: '45'

2022-03-29 19:46:01 - [MESSAGE][PASSED] - Object 'Object Repository/Modulo Parametros/Comprobar Parametros/a_Nuevo' is visible

2022-03-29 19:46:01 - [TEST_STEP][PASSED] - click(findTestObject("Modulo Parametros/Comprobar Parametros/a_Proveedor")): Object: 'Object Repository/Modulo Parametros/Comprobar Parametros/a_Proveedor' is clicked on

2022-03-29 19:46:02 - [MESSAGE][PASSED] - Object: 'Object Repository/Modulo Parametros/Comprobar Parametros/a_Proveedor' is clicked on

2022-03-29 19:46:02 - [TEST_STEP][PASSED] - waitForElementVisible(findTestObject("Modulo Parametros/Comprobar Parametros/a_Nuevo"), 0): Object 'Object Repository/Modulo Parametros/Comprobar Parametros/a_Nuevo' is visible

2022-03-29 19:46:02 - [MESSAGE][WARNING] - Timeout '0' is invalid. Using default page load timeout: '45'

2022-03-29 19:46:03 - [MESSAGE][PASSED] - Object 'Object Repository/Modulo Parametros/Comprobar Parametros/a_Nuevo' is visible

2022-03-29 19:46:03 - [TEST_STEP][PASSED] - click(findTestObject("Modulo Parametros/Comprobar Parametros/a_Tipo Evento")): Object: 'Object Repository/Modulo Parametros/Comprobar Parametros/a_Tipo Evento' is clicked on

2022-03-29 19:46:03 - [MESSAGE][PASSED] - Object: 'Object Repository/Modulo Parametros/Comprobar Parametros/a_Tipo Evento' is clicked on

2022-03-29 19:46:03 - [TEST_STEP][PASSED] - waitForElementVisible(findTestObject("Modulo Parametros/Comprobar Parametros/a_Nuevo"), 0): Object 'Object Repository/Modulo Parametros/Comprobar Parametros/a_Nuevo' is visible

2022-03-29 19:46:03 - [MESSAGE][WARNING] - Timeout '0' is invalid. Using default page load timeout: '45'

2022-03-29 19:46:04 - [MESSAGE][PASSED] - Object 'Object Repository/Modulo Parametros/Comprobar Parametros/a_Nuevo' is visible

2022-03-29 19:46:04 - [TEST_STEP][PASSED] - click(findTestObject("Modulo Parametros/Comprobar Parametros/a_Origen Evento")): Object: 'Object Repository/Modulo Parametros/Comprobar Parametros/a_Origen Evento' is clicked on

2022-03-29 19:46:04 - [MESSAGE][PASSED] - Object: 'Object Repository/Modulo Parametros/Comprobar Parametros/a_Origen Evento' is clicked on

2022-03-29 19:46:04 - [TEST_STEP][PASSED] - waitForElementVisible(findTestObject("Modulo Parametros/Comprobar Parametros/a_Nuevo"), 0): Object 'Object Repository/Modulo Parametros/Comprobar Parametros/a_Nuevo' is visible

2022-03-29 19:46:04 - [MESSAGE][WARNING] - Timeout '0' is invalid. Using default page load timeout: '45'

2022-03-29 19:46:05 - [MESSAGE][PASSED] - Object 'Object Repository/Modulo Parametros/Comprobar Parametros/a_Nuevo' is visible

2022-03-29 19:46:05 - [TEST_STEP][PASSED] - click(findTestObject("Modulo Parametros/Comprobar Parametros/a_Tipo  De Calificacin")): Object: 'Object Repository/Modulo Parametros/Comprobar Parametros/a_Tipo  De Calificacin' is clicked on

2022-03-29 19:46:06 - [MESSAGE][PASSED] - Object: 'Object Repository/Modulo Parametros/Comprobar Parametros/a_Tipo  De Calificacin' is clicked on

2022-03-29 19:46:06 - [TEST_STEP][PASSED] - waitForElementVisible(findTestObject("Modulo Parametros/Comprobar Parametros/a_Nuevo"), 0): Object 'Object Repository/Modulo Parametros/Comprobar Parametros/a_Nuevo' is visible

2022-03-29 19:46:06 - [MESSAGE][WARNING] - Timeout '0' is invalid. Using default page load timeout: '45'

2022-03-29 19:46:07 - [MESSAGE][PASSED] - Object 'Object Repository/Modulo Parametros/Comprobar Parametros/a_Nuevo' is visible

2022-03-29 19:46:07 - [TEST_STEP][PASSED] - click(findTestObject("Modulo Parametros/Comprobar Parametros/a_Resumen Evaluacin")): Object: 'Object Repository/Modulo Parametros/Comprobar Parametros/a_Resumen Evaluacin' is clicked on

2022-03-29 19:46:07 - [MESSAGE][PASSED] - Object: 'Object Repository/Modulo Parametros/Comprobar Parametros/a_Resumen Evaluacin' is clicked on

2022-03-29 19:46:07 - [TEST_STEP][PASSED] - waitForElementVisible(findTestObject("Modulo Parametros/Comprobar Parametros/a_Nuevo"), 0): Object 'Object Repository/Modulo Parametros/Comprobar Parametros/a_Nuevo' is visible

2022-03-29 19:46:08 - [MESSAGE][WARNING] - Timeout '0' is invalid. Using default page load timeout: '45'

2022-03-29 19:46:08 - [MESSAGE][PASSED] - Object 'Object Repository/Modulo Parametros/Comprobar Parametros/a_Nuevo' is visible

2022-03-29 19:46:08 - [TEST_STEP][PASSED] - click(findTestObject("Modulo Parametros/Comprobar Parametros/a_Evaluaciones")): Object: 'Object Repository/Modulo Parametros/Comprobar Parametros/a_Evaluaciones' is clicked on

2022-03-29 19:46:08 - [MESSAGE][PASSED] - Object: 'Object Repository/Modulo Parametros/Comprobar Parametros/a_Evaluaciones' is clicked on

2022-03-29 19:46:08 - [TEST_STEP][PASSED] - waitForElementVisible(findTestObject("Modulo Parametros/Comprobar Parametros/a_Nuevo"), 0): Object 'Object Repository/Modulo Parametros/Comprobar Parametros/a_Nuevo' is visible

2022-03-29 19:46:08 - [MESSAGE][WARNING] - Timeout '0' is invalid. Using default page load timeout: '45'

2022-03-29 19:46:09 - [MESSAGE][PASSED] - Object 'Object Repository/Modulo Parametros/Comprobar Parametros/a_Nuevo' is visible

2022-03-29 19:46:09 - [TEST_STEP][PASSED] - click(findTestObject("Modulo Parametros/Comprobar Parametros/a_Tipo  Costo")): Object: 'Object Repository/Modulo Parametros/Comprobar Parametros/a_Tipo  Costo' is clicked on

2022-03-29 19:46:10 - [MESSAGE][PASSED] - Object: 'Object Repository/Modulo Parametros/Comprobar Parametros/a_Tipo  Costo' is clicked on

2022-03-29 19:46:10 - [TEST_STEP][PASSED] - waitForElementVisible(findTestObject("Modulo Parametros/Comprobar Parametros/a_Nuevo"), 0): Object 'Object Repository/Modulo Parametros/Comprobar Parametros/a_Nuevo' is visible

2022-03-29 19:46:10 - [MESSAGE][WARNING] - Timeout '0' is invalid. Using default page load timeout: '45'

2022-03-29 19:46:10 - [MESSAGE][PASSED] - Object 'Object Repository/Modulo Parametros/Comprobar Parametros/a_Nuevo' is visible

2022-03-29 19:46:10 - [TEST_STEP][PASSED] - click(findTestObject("Modulo Parametros/Comprobar Parametros/a_Medios Audiovisual")): Object: 'Object Repository/Modulo Parametros/Comprobar Parametros/a_Medios Audiovisual' is clicked on

2022-03-29 19:46:11 - [MESSAGE][PASSED] - Object: 'Object Repository/Modulo Parametros/Comprobar Parametros/a_Medios Audiovisual' is clicked on

2022-03-29 19:46:11 - [TEST_STEP][PASSED] - waitForElementVisible(findTestObject("Modulo Parametros/Comprobar Parametros/a_Nuevo"), 0): Object 'Object Repository/Modulo Parametros/Comprobar Parametros/a_Nuevo' is visible

2022-03-29 19:46:11 - [MESSAGE][WARNING] - Timeout '0' is invalid. Using default page load timeout: '45'

2022-03-29 19:46:11 - [MESSAGE][PASSED] - Object 'Object Repository/Modulo Parametros/Comprobar Parametros/a_Nuevo' is visible

2022-03-29 19:46:11 - [TEST_STEP][PASSED] - click(findTestObject("Modulo Parametros/Comprobar Parametros/a_Salones")): Object: 'Object Repository/Modulo Parametros/Comprobar Parametros/a_Salones' is clicked on

2022-03-29 19:46:12 - [MESSAGE][PASSED] - Object: 'Object Repository/Modulo Parametros/Comprobar Parametros/a_Salones' is clicked on

2022-03-29 19:46:12 - [TEST_STEP][PASSED] - waitForElementVisible(findTestObject("Modulo Parametros/Comprobar Parametros/a_Nuevo"), 0): Object 'Object Repository/Modulo Parametros/Comprobar Parametros/a_Nuevo' is visible

2022-03-29 19:46:12 - [MESSAGE][WARNING] - Timeout '0' is invalid. Using default page load timeout: '45'

2022-03-29 19:46:13 - [MESSAGE][PASSED] - Object 'Object Repository/Modulo Parametros/Comprobar Parametros/a_Nuevo' is visible

2022-03-29 19:46:13 - [TEST_STEP][PASSED] - click(findTestObject("Modulo Parametros/Comprobar Parametros/a_Tema")): Object: 'Object Repository/Modulo Parametros/Comprobar Parametros/a_Tema' is clicked on

2022-03-29 19:46:14 - [MESSAGE][PASSED] - Object: 'Object Repository/Modulo Parametros/Comprobar Parametros/a_Tema' is clicked on

2022-03-29 19:46:14 - [TEST_STEP][PASSED] - waitForElementVisible(findTestObject("Modulo Parametros/Comprobar Parametros/a_Nuevo"), 0): Object 'Object Repository/Modulo Parametros/Comprobar Parametros/a_Nuevo' is visible

2022-03-29 19:46:14 - [MESSAGE][WARNING] - Timeout '0' is invalid. Using default page load timeout: '45'

2022-03-29 19:46:14 - [MESSAGE][PASSED] - Object 'Object Repository/Modulo Parametros/Comprobar Parametros/a_Nuevo' is visible

2022-03-29 19:46:14 - [TEST_STEP][PASSED] - click(findTestObject("Modulo Parametros/Comprobar Parametros/a_Formulario Necesidad")): Object: 'Object Repository/Modulo Parametros/Comprobar Parametros/a_Formulario Necesidad' is clicked on

2022-03-29 19:46:15 - [MESSAGE][PASSED] - Object: 'Object Repository/Modulo Parametros/Comprobar Parametros/a_Formulario Necesidad' is clicked on

2022-03-29 19:46:15 - [TEST_STEP][PASSED] - waitForElementVisible(findTestObject("Modulo Parametros/Comprobar Parametros/a_Nuevo"), 0): Object 'Object Repository/Modulo Parametros/Comprobar Parametros/a_Nuevo' is visible

2022-03-29 19:46:15 - [MESSAGE][WARNING] - Timeout '0' is invalid. Using default page load timeout: '45'

2022-03-29 19:46:16 - [MESSAGE][PASSED] - Object 'Object Repository/Modulo Parametros/Comprobar Parametros/a_Nuevo' is visible

2022-03-29 19:46:16 - [TEST_STEP][PASSED] - click(findTestObject("Modulo Parametros/Comprobar Parametros/a_Fuente necesidad")): Object: 'Object Repository/Modulo Parametros/Comprobar Parametros/a_Fuente necesidad' is clicked on

2022-03-29 19:46:17 - [MESSAGE][PASSED] - Object: 'Object Repository/Modulo Parametros/Comprobar Parametros/a_Fuente necesidad' is clicked on

2022-03-29 19:46:17 - [TEST_STEP][PASSED] - waitForElementVisible(findTestObject("Modulo Parametros/Comprobar Parametros/a_Nuevo"), 0): Object 'Object Repository/Modulo Parametros/Comprobar Parametros/a_Nuevo' is visible

2022-03-29 19:46:17 - [MESSAGE][WARNING] - Timeout '0' is invalid. Using default page load timeout: '45'

2022-03-29 19:46:17 - [MESSAGE][PASSED] - Object 'Object Repository/Modulo Parametros/Comprobar Parametros/a_Nuevo' is visible

2022-03-29 19:46:17 - [TEST_STEP][PASSED] - setText(findTestObject("Modulo Parametros/Comprobar Parametros/input_Empresa 1_form_templatej_idt24_input"), "Parametros Compensacion (com)"): Text 'Parametros Compensacion (com)' is set on object 'Object Repository/Modulo Parametros/Comprobar Parametros/input_Empresa 1_form_templatej_idt24_input'

2022-03-29 19:46:18 - [MESSAGE][PASSED] - Text 'Parametros Compensacion (com)' is set on object 'Object Repository/Modulo Parametros/Comprobar Parametros/input_Empresa 1_form_templatej_idt24_input'

2022-03-29 19:46:18 - [TEST_STEP][PASSED] - click(findTestObject("Modulo Parametros/Comprobar Parametros/li_Parametros")): Object: 'Object Repository/Modulo Parametros/Comprobar Parametros/li_Parametros' is clicked on

2022-03-29 19:46:20 - [MESSAGE][PASSED] - Object: 'Object Repository/Modulo Parametros/Comprobar Parametros/li_Parametros' is clicked on

2022-03-29 19:46:20 - [TEST_STEP][PASSED] - parCompensacion(): null

2022-03-29 19:46:20 - [TEST_STEP][PASSED] - click(findTestObject("Modulo Parametros/Comprobar Parametros/a_Concepto"), STOP_ON_FAILURE): Object: 'Object Repository/Modulo Parametros/Comprobar Parametros/a_Concepto' is clicked on

2022-03-29 19:46:21 - [MESSAGE][PASSED] - Object: 'Object Repository/Modulo Parametros/Comprobar Parametros/a_Concepto' is clicked on

2022-03-29 19:46:21 - [TEST_STEP][PASSED] - waitForElementVisible(findTestObject("Modulo Parametros/Comprobar Parametros/a_Nuevo"), 0): Object 'Object Repository/Modulo Parametros/Comprobar Parametros/a_Nuevo' is visible

2022-03-29 19:46:21 - [MESSAGE][WARNING] - Timeout '0' is invalid. Using default page load timeout: '45'

2022-03-29 19:46:22 - [MESSAGE][PASSED] - Object 'Object Repository/Modulo Parametros/Comprobar Parametros/a_Nuevo' is visible

2022-03-29 19:46:22 - [TEST_STEP][PASSED] - click(findTestObject("Modulo Parametros/Comprobar Parametros/a_Consolidador")): Object: 'Object Repository/Modulo Parametros/Comprobar Parametros/a_Consolidador' is clicked on

2022-03-29 19:46:22 - [MESSAGE][PASSED] - Object: 'Object Repository/Modulo Parametros/Comprobar Parametros/a_Consolidador' is clicked on

2022-03-29 19:46:22 - [TEST_STEP][PASSED] - waitForElementVisible(findTestObject("Modulo Parametros/Comprobar Parametros/a_Nuevo"), 0): Object 'Object Repository/Modulo Parametros/Comprobar Parametros/a_Nuevo' is visible

2022-03-29 19:46:22 - [MESSAGE][WARNING] - Timeout '0' is invalid. Using default page load timeout: '45'

2022-03-29 19:46:23 - [MESSAGE][PASSED] - Object 'Object Repository/Modulo Parametros/Comprobar Parametros/a_Nuevo' is visible

2022-03-29 19:46:23 - [TEST_STEP][PASSED] - click(findTestObject("Modulo Parametros/Comprobar Parametros/a_Estado Laboral")): Object: 'Object Repository/Modulo Parametros/Comprobar Parametros/a_Estado Laboral' is clicked on

2022-03-29 19:46:23 - [MESSAGE][PASSED] - Object: 'Object Repository/Modulo Parametros/Comprobar Parametros/a_Estado Laboral' is clicked on

2022-03-29 19:46:23 - [TEST_STEP][PASSED] - waitForElementVisible(findTestObject("Modulo Parametros/Comprobar Parametros/a_Nuevo"), 0): Object 'Object Repository/Modulo Parametros/Comprobar Parametros/a_Nuevo' is visible

2022-03-29 19:46:23 - [MESSAGE][WARNING] - Timeout '0' is invalid. Using default page load timeout: '45'

2022-03-29 19:46:25 - [MESSAGE][PASSED] - Object 'Object Repository/Modulo Parametros/Comprobar Parametros/a_Nuevo' is visible

2022-03-29 19:46:25 - [TEST_STEP][PASSED] - click(findTestObject("Modulo Parametros/Comprobar Parametros/a_Formulacin")): Object: 'Object Repository/Modulo Parametros/Comprobar Parametros/a_Formulacin' is clicked on

2022-03-29 19:46:25 - [MESSAGE][PASSED] - Object: 'Object Repository/Modulo Parametros/Comprobar Parametros/a_Formulacin' is clicked on

2022-03-29 19:46:25 - [TEST_STEP][PASSED] - waitForElementVisible(findTestObject("Modulo Parametros/Comprobar Parametros/a_Nuevo"), 0): Object 'Object Repository/Modulo Parametros/Comprobar Parametros/a_Nuevo' is visible

2022-03-29 19:46:25 - [MESSAGE][WARNING] - Timeout '0' is invalid. Using default page load timeout: '45'

2022-03-29 19:46:26 - [MESSAGE][PASSED] - Object 'Object Repository/Modulo Parametros/Comprobar Parametros/a_Nuevo' is visible

2022-03-29 19:46:26 - [TEST_STEP][PASSED] - click(findTestObject("Modulo Parametros/Comprobar Parametros/a_tem Flexible")): Object: 'Object Repository/Modulo Parametros/Comprobar Parametros/a_tem Flexible' is clicked on

2022-03-29 19:46:26 - [MESSAGE][PASSED] - Object: 'Object Repository/Modulo Parametros/Comprobar Parametros/a_tem Flexible' is clicked on

2022-03-29 19:46:26 - [TEST_STEP][PASSED] - waitForElementVisible(findTestObject("Modulo Parametros/Comprobar Parametros/a_Nuevo"), 0): Object 'Object Repository/Modulo Parametros/Comprobar Parametros/a_Nuevo' is visible

2022-03-29 19:46:26 - [MESSAGE][WARNING] - Timeout '0' is invalid. Using default page load timeout: '45'

2022-03-29 19:46:27 - [MESSAGE][PASSED] - Object 'Object Repository/Modulo Parametros/Comprobar Parametros/a_Nuevo' is visible

2022-03-29 19:46:27 - [TEST_STEP][PASSED] - click(findTestObject("Modulo Parametros/Comprobar Parametros/a_Motivo De Retiro")): Object: 'Object Repository/Modulo Parametros/Comprobar Parametros/a_Motivo De Retiro' is clicked on

2022-03-29 19:46:28 - [MESSAGE][PASSED] - Object: 'Object Repository/Modulo Parametros/Comprobar Parametros/a_Motivo De Retiro' is clicked on

2022-03-29 19:46:28 - [TEST_STEP][PASSED] - waitForElementVisible(findTestObject("Modulo Parametros/Comprobar Parametros/a_Nuevo"), 0): Object 'Object Repository/Modulo Parametros/Comprobar Parametros/a_Nuevo' is visible

2022-03-29 19:46:28 - [MESSAGE][WARNING] - Timeout '0' is invalid. Using default page load timeout: '45'

2022-03-29 19:46:28 - [MESSAGE][PASSED] - Object 'Object Repository/Modulo Parametros/Comprobar Parametros/a_Nuevo' is visible

2022-03-29 19:46:28 - [TEST_STEP][PASSED] - click(findTestObject("Modulo Parametros/Comprobar Parametros/a_Planilla Flexible")): Object: 'Object Repository/Modulo Parametros/Comprobar Parametros/a_Planilla Flexible' is clicked on

2022-03-29 19:46:29 - [MESSAGE][PASSED] - Object: 'Object Repository/Modulo Parametros/Comprobar Parametros/a_Planilla Flexible' is clicked on

2022-03-29 19:46:29 - [TEST_STEP][PASSED] - waitForElementVisible(findTestObject("Modulo Parametros/Comprobar Parametros/a_Nuevo"), 0): Object 'Object Repository/Modulo Parametros/Comprobar Parametros/a_Nuevo' is visible

2022-03-29 19:46:29 - [MESSAGE][WARNING] - Timeout '0' is invalid. Using default page load timeout: '45'

2022-03-29 19:46:30 - [MESSAGE][PASSED] - Object 'Object Repository/Modulo Parametros/Comprobar Parametros/a_Nuevo' is visible

2022-03-29 19:46:30 - [TEST_STEP][PASSED] - click(findTestObject("Modulo Parametros/Comprobar Parametros/a_Tipo  Ausencia")): Object: 'Object Repository/Modulo Parametros/Comprobar Parametros/a_Tipo  Ausencia' is clicked on

2022-03-29 19:46:30 - [MESSAGE][PASSED] - Object: 'Object Repository/Modulo Parametros/Comprobar Parametros/a_Tipo  Ausencia' is clicked on

2022-03-29 19:46:30 - [TEST_STEP][PASSED] - waitForElementVisible(findTestObject("Modulo Parametros/Comprobar Parametros/a_Nuevo"), 0): Object 'Object Repository/Modulo Parametros/Comprobar Parametros/a_Nuevo' is visible

2022-03-29 19:46:31 - [MESSAGE][WARNING] - Timeout '0' is invalid. Using default page load timeout: '45'

2022-03-29 19:46:31 - [MESSAGE][PASSED] - Object 'Object Repository/Modulo Parametros/Comprobar Parametros/a_Nuevo' is visible

2022-03-29 19:46:31 - [TEST_STEP][PASSED] - click(findTestObject("Modulo Parametros/Comprobar Parametros/a_Tipo  Cambio")): Object: 'Object Repository/Modulo Parametros/Comprobar Parametros/a_Tipo  Cambio' is clicked on

2022-03-29 19:46:32 - [MESSAGE][PASSED] - Object: 'Object Repository/Modulo Parametros/Comprobar Parametros/a_Tipo  Cambio' is clicked on

2022-03-29 19:46:32 - [TEST_STEP][PASSED] - waitForElementVisible(findTestObject("Modulo Parametros/Comprobar Parametros/a_Nuevo"), 0): Object 'Object Repository/Modulo Parametros/Comprobar Parametros/a_Nuevo' is visible

2022-03-29 19:46:32 - [MESSAGE][WARNING] - Timeout '0' is invalid. Using default page load timeout: '45'

2022-03-29 19:46:33 - [MESSAGE][PASSED] - Object 'Object Repository/Modulo Parametros/Comprobar Parametros/a_Nuevo' is visible

2022-03-29 19:46:33 - [TEST_STEP][PASSED] - click(findTestObject("Modulo Parametros/Comprobar Parametros/a_Tipo Embargo")): Object: 'Object Repository/Modulo Parametros/Comprobar Parametros/a_Tipo Embargo' is clicked on

2022-03-29 19:46:33 - [MESSAGE][PASSED] - Object: 'Object Repository/Modulo Parametros/Comprobar Parametros/a_Tipo Embargo' is clicked on

2022-03-29 19:46:33 - [TEST_STEP][PASSED] - waitForElementVisible(findTestObject("Modulo Parametros/Comprobar Parametros/a_Nuevo"), 0): Object 'Object Repository/Modulo Parametros/Comprobar Parametros/a_Nuevo' is visible

2022-03-29 19:46:33 - [MESSAGE][WARNING] - Timeout '0' is invalid. Using default page load timeout: '45'

2022-03-29 19:46:34 - [MESSAGE][PASSED] - Object 'Object Repository/Modulo Parametros/Comprobar Parametros/a_Nuevo' is visible

2022-03-29 19:46:34 - [TEST_STEP][PASSED] - click(findTestObject("Modulo Parametros/Comprobar Parametros/a_Tipo  De Liquidacin")): Object: 'Object Repository/Modulo Parametros/Comprobar Parametros/a_Tipo  De Liquidacin' is clicked on

2022-03-29 19:46:35 - [MESSAGE][PASSED] - Object: 'Object Repository/Modulo Parametros/Comprobar Parametros/a_Tipo  De Liquidacin' is clicked on

2022-03-29 19:46:35 - [TEST_STEP][PASSED] - waitForElementVisible(findTestObject("Modulo Parametros/Comprobar Parametros/a_Nuevo"), 0): Object 'Object Repository/Modulo Parametros/Comprobar Parametros/a_Nuevo' is visible

2022-03-29 19:46:35 - [MESSAGE][WARNING] - Timeout '0' is invalid. Using default page load timeout: '45'

2022-03-29 19:46:35 - [MESSAGE][PASSED] - Object 'Object Repository/Modulo Parametros/Comprobar Parametros/a_Nuevo' is visible

2022-03-29 19:46:35 - [TEST_STEP][PASSED] - click(findTestObject("Modulo Parametros/Comprobar Parametros/a_Tipo Prestamo")): Object: 'Object Repository/Modulo Parametros/Comprobar Parametros/a_Tipo Prestamo' is clicked on

2022-03-29 19:46:36 - [MESSAGE][PASSED] - Object: 'Object Repository/Modulo Parametros/Comprobar Parametros/a_Tipo Prestamo' is clicked on

2022-03-29 19:46:36 - [TEST_STEP][PASSED] - waitForElementVisible(findTestObject("Modulo Parametros/Comprobar Parametros/a_Nuevo"), 0): Object 'Object Repository/Modulo Parametros/Comprobar Parametros/a_Nuevo' is visible

2022-03-29 19:46:36 - [MESSAGE][WARNING] - Timeout '0' is invalid. Using default page load timeout: '45'

2022-03-29 19:46:37 - [MESSAGE][PASSED] - Object 'Object Repository/Modulo Parametros/Comprobar Parametros/a_Nuevo' is visible

2022-03-29 19:46:37 - [TEST_STEP][PASSED] - click(findTestObject("Modulo Parametros/Comprobar Parametros/a_Tipo  Grupo")): Object: 'Object Repository/Modulo Parametros/Comprobar Parametros/a_Tipo  Grupo' is clicked on

2022-03-29 19:46:37 - [MESSAGE][PASSED] - Object: 'Object Repository/Modulo Parametros/Comprobar Parametros/a_Tipo  Grupo' is clicked on

2022-03-29 19:46:37 - [TEST_STEP][PASSED] - waitForElementVisible(findTestObject("Modulo Parametros/Comprobar Parametros/a_Nuevo"), 0): Object 'Object Repository/Modulo Parametros/Comprobar Parametros/a_Nuevo' is visible

2022-03-29 19:46:37 - [MESSAGE][WARNING] - Timeout '0' is invalid. Using default page load timeout: '45'

2022-03-29 19:46:38 - [MESSAGE][PASSED] - Object 'Object Repository/Modulo Parametros/Comprobar Parametros/a_Nuevo' is visible

2022-03-29 19:46:38 - [TEST_STEP][PASSED] - click(findTestObject("Modulo Parametros/Comprobar Parametros/a_Tipo  Rango")): Object: 'Object Repository/Modulo Parametros/Comprobar Parametros/a_Tipo  Rango' is clicked on

2022-03-29 19:46:38 - [MESSAGE][PASSED] - Object: 'Object Repository/Modulo Parametros/Comprobar Parametros/a_Tipo  Rango' is clicked on

2022-03-29 19:46:38 - [TEST_STEP][PASSED] - waitForElementVisible(findTestObject("Modulo Parametros/Comprobar Parametros/a_Nuevo"), 0): Object 'Object Repository/Modulo Parametros/Comprobar Parametros/a_Nuevo' is visible

2022-03-29 19:46:38 - [MESSAGE][WARNING] - Timeout '0' is invalid. Using default page load timeout: '45'

2022-03-29 19:46:39 - [MESSAGE][PASSED] - Object 'Object Repository/Modulo Parametros/Comprobar Parametros/a_Nuevo' is visible

2022-03-29 19:46:39 - [TEST_STEP][PASSED] - click(findTestObject("Modulo Parametros/Comprobar Parametros/a_Turno")): Object: 'Object Repository/Modulo Parametros/Comprobar Parametros/a_Turno' is clicked on

2022-03-29 19:46:40 - [MESSAGE][PASSED] - Object: 'Object Repository/Modulo Parametros/Comprobar Parametros/a_Turno' is clicked on

2022-03-29 19:46:40 - [TEST_STEP][PASSED] - waitForElementVisible(findTestObject("Modulo Parametros/Comprobar Parametros/a_Nuevo"), 0): Object 'Object Repository/Modulo Parametros/Comprobar Parametros/a_Nuevo' is visible

2022-03-29 19:46:40 - [MESSAGE][WARNING] - Timeout '0' is invalid. Using default page load timeout: '45'

2022-03-29 19:46:40 - [MESSAGE][PASSED] - Object 'Object Repository/Modulo Parametros/Comprobar Parametros/a_Nuevo' is visible

2022-03-29 19:46:40 - [TEST_STEP][PASSED] - click(findTestObject("Modulo Parametros/Comprobar Parametros/a_Variables")): Object: 'Object Repository/Modulo Parametros/Comprobar Parametros/a_Variables' is clicked on

2022-03-29 19:46:41 - [MESSAGE][PASSED] - Object: 'Object Repository/Modulo Parametros/Comprobar Parametros/a_Variables' is clicked on

2022-03-29 19:46:41 - [TEST_STEP][PASSED] - waitForElementVisible(findTestObject("Modulo Parametros/Comprobar Parametros/a_Nuevo"), 0): Object 'Object Repository/Modulo Parametros/Comprobar Parametros/a_Nuevo' is visible

2022-03-29 19:46:41 - [MESSAGE][WARNING] - Timeout '0' is invalid. Using default page load timeout: '45'

2022-03-29 19:46:42 - [MESSAGE][PASSED] - Object 'Object Repository/Modulo Parametros/Comprobar Parametros/a_Nuevo' is visible

2022-03-29 19:46:42 - [TEST_STEP][PASSED] - click(findTestObject("Modulo Parametros/Comprobar Parametros/a_Novedad Fecha")): Object: 'Object Repository/Modulo Parametros/Comprobar Parametros/a_Novedad Fecha' is clicked on

2022-03-29 19:46:42 - [MESSAGE][PASSED] - Object: 'Object Repository/Modulo Parametros/Comprobar Parametros/a_Novedad Fecha' is clicked on

2022-03-29 19:46:42 - [TEST_STEP][PASSED] - waitForElementVisible(findTestObject("Modulo Parametros/Comprobar Parametros/a_Nuevo"), 0): Object 'Object Repository/Modulo Parametros/Comprobar Parametros/a_Nuevo' is visible

2022-03-29 19:46:42 - [MESSAGE][WARNING] - Timeout '0' is invalid. Using default page load timeout: '45'

2022-03-29 19:46:43 - [MESSAGE][PASSED] - Object 'Object Repository/Modulo Parametros/Comprobar Parametros/a_Nuevo' is visible

2022-03-29 19:46:43 - [TEST_STEP][PASSED] - click(findTestObject("Modulo Parametros/Comprobar Parametros/a_Variables De Concepto")): Object: 'Object Repository/Modulo Parametros/Comprobar Parametros/a_Variables De Concepto' is clicked on

2022-03-29 19:46:43 - [MESSAGE][PASSED] - Object: 'Object Repository/Modulo Parametros/Comprobar Parametros/a_Variables De Concepto' is clicked on

2022-03-29 19:46:43 - [TEST_STEP][PASSED] - waitForElementVisible(findTestObject("Modulo Parametros/Comprobar Parametros/a_Nuevo"), 0): Object 'Object Repository/Modulo Parametros/Comprobar Parametros/a_Nuevo' is visible

2022-03-29 19:46:43 - [MESSAGE][WARNING] - Timeout '0' is invalid. Using default page load timeout: '45'

2022-03-29 19:46:45 - [MESSAGE][PASSED] - Object 'Object Repository/Modulo Parametros/Comprobar Parametros/a_Nuevo' is visible

2022-03-29 19:46:45 - [TEST_STEP][PASSED] - click(findTestObject("Modulo Parametros/Comprobar Parametros/a_Concepto De Jornadas")): Object: 'Object Repository/Modulo Parametros/Comprobar Parametros/a_Concepto De Jornadas' is clicked on

2022-03-29 19:46:45 - [MESSAGE][PASSED] - Object: 'Object Repository/Modulo Parametros/Comprobar Parametros/a_Concepto De Jornadas' is clicked on

2022-03-29 19:46:45 - [TEST_STEP][PASSED] - waitForElementVisible(findTestObject("Modulo Parametros/Comprobar Parametros/a_Nuevo"), 0): Object 'Object Repository/Modulo Parametros/Comprobar Parametros/a_Nuevo' is visible

2022-03-29 19:46:45 - [MESSAGE][WARNING] - Timeout '0' is invalid. Using default page load timeout: '45'

2022-03-29 19:46:46 - [MESSAGE][PASSED] - Object 'Object Repository/Modulo Parametros/Comprobar Parametros/a_Nuevo' is visible

2022-03-29 19:46:46 - [TEST_STEP][PASSED] - click(findTestObject("Modulo Parametros/Comprobar Parametros/a_Variable De Liquidacin")): Object: 'Object Repository/Modulo Parametros/Comprobar Parametros/a_Variable De Liquidacin' is clicked on

2022-03-29 19:46:47 - [MESSAGE][PASSED] - Object: 'Object Repository/Modulo Parametros/Comprobar Parametros/a_Variable De Liquidacin' is clicked on

2022-03-29 19:46:47 - [TEST_STEP][PASSED] - waitForElementVisible(findTestObject("Modulo Parametros/Comprobar Parametros/a_Nuevo"), 0): Object 'Object Repository/Modulo Parametros/Comprobar Parametros/a_Nuevo' is visible

2022-03-29 19:46:47 - [MESSAGE][WARNING] - Timeout '0' is invalid. Using default page load timeout: '45'

2022-03-29 19:46:47 - [MESSAGE][PASSED] - Object 'Object Repository/Modulo Parametros/Comprobar Parametros/a_Nuevo' is visible

2022-03-29 19:46:47 - [TEST_STEP][PASSED] - click(findTestObject("Modulo Parametros/Comprobar Parametros/a_Vinculacin")): Object: 'Object Repository/Modulo Parametros/Comprobar Parametros/a_Vinculacin' is clicked on

2022-03-29 19:46:48 - [MESSAGE][PASSED] - Object: 'Object Repository/Modulo Parametros/Comprobar Parametros/a_Vinculacin' is clicked on

2022-03-29 19:46:48 - [TEST_STEP][PASSED] - waitForElementVisible(findTestObject("Modulo Parametros/Comprobar Parametros/a_Nuevo"), 0): Object 'Object Repository/Modulo Parametros/Comprobar Parametros/a_Nuevo' is visible

2022-03-29 19:46:48 - [MESSAGE][WARNING] - Timeout '0' is invalid. Using default page load timeout: '45'

2022-03-29 19:46:49 - [MESSAGE][PASSED] - Object 'Object Repository/Modulo Parametros/Comprobar Parametros/a_Nuevo' is visible

2022-03-29 19:46:49 - [TEST_STEP][PASSED] - click(findTestObject("Modulo Parametros/Comprobar Parametros/a_Tipo Abono Pension")): Object: 'Object Repository/Modulo Parametros/Comprobar Parametros/a_Tipo Abono Pension' is clicked on

2022-03-29 19:46:49 - [MESSAGE][PASSED] - Object: 'Object Repository/Modulo Parametros/Comprobar Parametros/a_Tipo Abono Pension' is clicked on

2022-03-29 19:46:49 - [TEST_STEP][PASSED] - waitForElementVisible(findTestObject("Modulo Parametros/Comprobar Parametros/a_Nuevo"), 0): Object 'Object Repository/Modulo Parametros/Comprobar Parametros/a_Nuevo' is visible

2022-03-29 19:46:49 - [MESSAGE][WARNING] - Timeout '0' is invalid. Using default page load timeout: '45'

2022-03-29 19:46:50 - [MESSAGE][PASSED] - Object 'Object Repository/Modulo Parametros/Comprobar Parametros/a_Nuevo' is visible

2022-03-29 19:46:50 - [TEST_STEP][PASSED] - click(findTestObject("Modulo Parametros/Comprobar Parametros/a_Motivo Terminacion")): Object: 'Object Repository/Modulo Parametros/Comprobar Parametros/a_Motivo Terminacion' is clicked on

2022-03-29 19:46:50 - [MESSAGE][PASSED] - Object: 'Object Repository/Modulo Parametros/Comprobar Parametros/a_Motivo Terminacion' is clicked on

2022-03-29 19:46:50 - [TEST_STEP][PASSED] - waitForElementVisible(findTestObject("Modulo Parametros/Comprobar Parametros/a_Nuevo"), 0): Object 'Object Repository/Modulo Parametros/Comprobar Parametros/a_Nuevo' is visible

2022-03-29 19:46:50 - [MESSAGE][WARNING] - Timeout '0' is invalid. Using default page load timeout: '45'

2022-03-29 19:46:51 - [MESSAGE][PASSED] - Object 'Object Repository/Modulo Parametros/Comprobar Parametros/a_Nuevo' is visible

2022-03-29 19:46:51 - [TEST_STEP][PASSED] - setText(findTestObject("Modulo Parametros/Comprobar Parametros/input_Empresa 1_form_templatej_idt24_input"), "Parametros Contratacion (tal)"): Text 'Parametros Contratacion (tal)' is set on object 'Object Repository/Modulo Parametros/Comprobar Parametros/input_Empresa 1_form_templatej_idt24_input'

2022-03-29 19:46:52 - [MESSAGE][PASSED] - Text 'Parametros Contratacion (tal)' is set on object 'Object Repository/Modulo Parametros/Comprobar Parametros/input_Empresa 1_form_templatej_idt24_input'

2022-03-29 19:46:52 - [TEST_STEP][PASSED] - click(findTestObject("Modulo Parametros/Comprobar Parametros/li_Parametros")): Object: 'Object Repository/Modulo Parametros/Comprobar Parametros/li_Parametros' is clicked on

2022-03-29 19:46:54 - [MESSAGE][PASSED] - Object: 'Object Repository/Modulo Parametros/Comprobar Parametros/li_Parametros' is clicked on

2022-03-29 19:46:54 - [TEST_STEP][PASSED] - parConstratacion(): null

2022-03-29 19:46:54 - [TEST_STEP][PASSED] - click(findTestObject("Modulo Parametros/Comprobar Parametros/a_Tipo  Documento")): Object: 'Object Repository/Modulo Parametros/Comprobar Parametros/a_Tipo  Documento' is clicked on

2022-03-29 19:46:54 - [MESSAGE][PASSED] - Object: 'Object Repository/Modulo Parametros/Comprobar Parametros/a_Tipo  Documento' is clicked on

2022-03-29 19:46:54 - [TEST_STEP][PASSED] - waitForElementVisible(findTestObject("Modulo Parametros/Comprobar Parametros/a_Nuevo"), 0): Object 'Object Repository/Modulo Parametros/Comprobar Parametros/a_Nuevo' is visible

2022-03-29 19:46:55 - [MESSAGE][WARNING] - Timeout '0' is invalid. Using default page load timeout: '45'

2022-03-29 19:46:55 - [MESSAGE][PASSED] - Object 'Object Repository/Modulo Parametros/Comprobar Parametros/a_Nuevo' is visible

2022-03-29 19:46:55 - [TEST_STEP][PASSED] - click(findTestObject("Modulo Parametros/Comprobar Parametros/a_Momento")): Object: 'Object Repository/Modulo Parametros/Comprobar Parametros/a_Momento' is clicked on

2022-03-29 19:46:56 - [MESSAGE][PASSED] - Object: 'Object Repository/Modulo Parametros/Comprobar Parametros/a_Momento' is clicked on

2022-03-29 19:46:56 - [TEST_STEP][PASSED] - waitForElementVisible(findTestObject("Modulo Parametros/Comprobar Parametros/a_Nuevo"), 0): Object 'Object Repository/Modulo Parametros/Comprobar Parametros/a_Nuevo' is visible

2022-03-29 19:46:56 - [MESSAGE][WARNING] - Timeout '0' is invalid. Using default page load timeout: '45'

2022-03-29 19:46:57 - [MESSAGE][PASSED] - Object 'Object Repository/Modulo Parametros/Comprobar Parametros/a_Nuevo' is visible

2022-03-29 19:46:57 - [TEST_STEP][PASSED] - click(findTestObject("Modulo Parametros/Comprobar Parametros/a_Origen Contratacin")): Object: 'Object Repository/Modulo Parametros/Comprobar Parametros/a_Origen Contratacin' is clicked on

2022-03-29 19:46:57 - [MESSAGE][PASSED] - Object: 'Object Repository/Modulo Parametros/Comprobar Parametros/a_Origen Contratacin' is clicked on

2022-03-29 19:46:57 - [TEST_STEP][PASSED] - waitForElementVisible(findTestObject("Modulo Parametros/Comprobar Parametros/a_Nuevo"), 0): Object 'Object Repository/Modulo Parametros/Comprobar Parametros/a_Nuevo' is visible

2022-03-29 19:46:57 - [MESSAGE][WARNING] - Timeout '0' is invalid. Using default page load timeout: '45'

2022-03-29 19:46:58 - [MESSAGE][PASSED] - Object 'Object Repository/Modulo Parametros/Comprobar Parametros/a_Nuevo' is visible

2022-03-29 19:46:58 - [TEST_STEP][PASSED] - setText(findTestObject("Modulo Parametros/Comprobar Parametros/input_Empresa 1_form_templatej_idt24_input"), "Parametros Eventos (sst)"): Text 'Parametros Eventos (sst)' is set on object 'Object Repository/Modulo Parametros/Comprobar Parametros/input_Empresa 1_form_templatej_idt24_input'

2022-03-29 19:46:59 - [MESSAGE][PASSED] - Text 'Parametros Eventos (sst)' is set on object 'Object Repository/Modulo Parametros/Comprobar Parametros/input_Empresa 1_form_templatej_idt24_input'

2022-03-29 19:46:59 - [TEST_STEP][PASSED] - click(findTestObject("Modulo Parametros/Comprobar Parametros/li_Parametros")): Object: 'Object Repository/Modulo Parametros/Comprobar Parametros/li_Parametros' is clicked on

2022-03-29 19:47:00 - [MESSAGE][PASSED] - Object: 'Object Repository/Modulo Parametros/Comprobar Parametros/li_Parametros' is clicked on

2022-03-29 19:47:00 - [TEST_STEP][PASSED] - parEventos(): null

2022-03-29 19:47:00 - [TEST_STEP][PASSED] - click(findTestObject("Modulo Parametros/Comprobar Parametros/a_Modalidad")): Object: 'Object Repository/Modulo Parametros/Comprobar Parametros/a_Modalidad' is clicked on

2022-03-29 19:47:01 - [MESSAGE][PASSED] - Object: 'Object Repository/Modulo Parametros/Comprobar Parametros/a_Modalidad' is clicked on

2022-03-29 19:47:01 - [TEST_STEP][PASSED] - waitForElementVisible(findTestObject("Modulo Parametros/Comprobar Parametros/a_Nuevo"), 0): Object 'Object Repository/Modulo Parametros/Comprobar Parametros/a_Nuevo' is visible

2022-03-29 19:47:01 - [MESSAGE][WARNING] - Timeout '0' is invalid. Using default page load timeout: '45'

2022-03-29 19:47:02 - [MESSAGE][PASSED] - Object 'Object Repository/Modulo Parametros/Comprobar Parametros/a_Nuevo' is visible

2022-03-29 19:47:02 - [TEST_STEP][PASSED] - click(findTestObject("Modulo Parametros/Comprobar Parametros/a_Proveedor")): Object: 'Object Repository/Modulo Parametros/Comprobar Parametros/a_Proveedor' is clicked on

2022-03-29 19:47:02 - [MESSAGE][PASSED] - Object: 'Object Repository/Modulo Parametros/Comprobar Parametros/a_Proveedor' is clicked on

2022-03-29 19:47:02 - [TEST_STEP][PASSED] - waitForElementVisible(findTestObject("Modulo Parametros/Comprobar Parametros/a_Nuevo"), 0): Object 'Object Repository/Modulo Parametros/Comprobar Parametros/a_Nuevo' is visible

2022-03-29 19:47:03 - [MESSAGE][WARNING] - Timeout '0' is invalid. Using default page load timeout: '45'

2022-03-29 19:47:03 - [MESSAGE][PASSED] - Object 'Object Repository/Modulo Parametros/Comprobar Parametros/a_Nuevo' is visible

2022-03-29 19:47:03 - [TEST_STEP][PASSED] - click(findTestObject("Modulo Parametros/Comprobar Parametros/a_Tipo  Evento - Copy")): Object: 'Object Repository/Modulo Parametros/Comprobar Parametros/a_Tipo  Evento - Copy' is clicked on

2022-03-29 19:47:04 - [MESSAGE][PASSED] - Object: 'Object Repository/Modulo Parametros/Comprobar Parametros/a_Tipo  Evento - Copy' is clicked on

2022-03-29 19:47:04 - [TEST_STEP][PASSED] - waitForElementVisible(findTestObject("Modulo Parametros/Comprobar Parametros/a_Nuevo"), 0): Object 'Object Repository/Modulo Parametros/Comprobar Parametros/a_Nuevo' is visible

2022-03-29 19:47:04 - [MESSAGE][WARNING] - Timeout '0' is invalid. Using default page load timeout: '45'

2022-03-29 19:47:05 - [MESSAGE][PASSED] - Object 'Object Repository/Modulo Parametros/Comprobar Parametros/a_Nuevo' is visible

2022-03-29 19:47:05 - [TEST_STEP][PASSED] - click(findTestObject("Modulo Parametros/Comprobar Parametros/a_Origen Evento")): Object: 'Object Repository/Modulo Parametros/Comprobar Parametros/a_Origen Evento' is clicked on

2022-03-29 19:47:05 - [MESSAGE][PASSED] - Object: 'Object Repository/Modulo Parametros/Comprobar Parametros/a_Origen Evento' is clicked on

2022-03-29 19:47:05 - [TEST_STEP][PASSED] - waitForElementVisible(findTestObject("Modulo Parametros/Comprobar Parametros/a_Nuevo"), 0): Object 'Object Repository/Modulo Parametros/Comprobar Parametros/a_Nuevo' is visible

2022-03-29 19:47:05 - [MESSAGE][WARNING] - Timeout '0' is invalid. Using default page load timeout: '45'

2022-03-29 19:47:06 - [MESSAGE][PASSED] - Object 'Object Repository/Modulo Parametros/Comprobar Parametros/a_Nuevo' is visible

2022-03-29 19:47:06 - [TEST_STEP][PASSED] - click(findTestObject("Modulo Parametros/Comprobar Parametros/a_Tipo  De Calificacin")): Object: 'Object Repository/Modulo Parametros/Comprobar Parametros/a_Tipo  De Calificacin' is clicked on

2022-03-29 19:47:07 - [MESSAGE][PASSED] - Object: 'Object Repository/Modulo Parametros/Comprobar Parametros/a_Tipo  De Calificacin' is clicked on

2022-03-29 19:47:07 - [TEST_STEP][PASSED] - waitForElementVisible(findTestObject("Modulo Parametros/Comprobar Parametros/a_Nuevo"), 0): Object 'Object Repository/Modulo Parametros/Comprobar Parametros/a_Nuevo' is visible

2022-03-29 19:47:07 - [MESSAGE][WARNING] - Timeout '0' is invalid. Using default page load timeout: '45'

2022-03-29 19:47:07 - [MESSAGE][PASSED] - Object 'Object Repository/Modulo Parametros/Comprobar Parametros/a_Nuevo' is visible

2022-03-29 19:47:07 - [TEST_STEP][PASSED] - click(findTestObject("Modulo Parametros/Comprobar Parametros/a_Resumen Evaluacin")): Object: 'Object Repository/Modulo Parametros/Comprobar Parametros/a_Resumen Evaluacin' is clicked on

2022-03-29 19:47:08 - [MESSAGE][PASSED] - Object: 'Object Repository/Modulo Parametros/Comprobar Parametros/a_Resumen Evaluacin' is clicked on

2022-03-29 19:47:08 - [TEST_STEP][PASSED] - waitForElementVisible(findTestObject("Modulo Parametros/Comprobar Parametros/a_Nuevo"), 0): Object 'Object Repository/Modulo Parametros/Comprobar Parametros/a_Nuevo' is visible

2022-03-29 19:47:08 - [MESSAGE][WARNING] - Timeout '0' is invalid. Using default page load timeout: '45'

2022-03-29 19:47:08 - [MESSAGE][PASSED] - Object 'Object Repository/Modulo Parametros/Comprobar Parametros/a_Nuevo' is visible

2022-03-29 19:47:08 - [TEST_STEP][PASSED] - click(findTestObject("Modulo Parametros/Comprobar Parametros/a_Evaluaciones")): Object: 'Object Repository/Modulo Parametros/Comprobar Parametros/a_Evaluaciones' is clicked on

2022-03-29 19:47:09 - [MESSAGE][PASSED] - Object: 'Object Repository/Modulo Parametros/Comprobar Parametros/a_Evaluaciones' is clicked on

2022-03-29 19:47:09 - [TEST_STEP][PASSED] - waitForElementVisible(findTestObject("Modulo Parametros/Comprobar Parametros/a_Nuevo"), 0): Object 'Object Repository/Modulo Parametros/Comprobar Parametros/a_Nuevo' is visible

2022-03-29 19:47:09 - [MESSAGE][WARNING] - Timeout '0' is invalid. Using default page load timeout: '45'

2022-03-29 19:47:09 - [MESSAGE][PASSED] - Object 'Object Repository/Modulo Parametros/Comprobar Parametros/a_Nuevo' is visible

2022-03-29 19:47:09 - [TEST_STEP][PASSED] - click(findTestObject("Modulo Parametros/Comprobar Parametros/a_Tipo  Costo")): Object: 'Object Repository/Modulo Parametros/Comprobar Parametros/a_Tipo  Costo' is clicked on

2022-03-29 19:47:10 - [MESSAGE][PASSED] - Object: 'Object Repository/Modulo Parametros/Comprobar Parametros/a_Tipo  Costo' is clicked on

2022-03-29 19:47:10 - [TEST_STEP][PASSED] - waitForElementVisible(findTestObject("Modulo Parametros/Comprobar Parametros/a_Nuevo"), 0): Object 'Object Repository/Modulo Parametros/Comprobar Parametros/a_Nuevo' is visible

2022-03-29 19:47:10 - [MESSAGE][WARNING] - Timeout '0' is invalid. Using default page load timeout: '45'

2022-03-29 19:47:11 - [MESSAGE][PASSED] - Object 'Object Repository/Modulo Parametros/Comprobar Parametros/a_Nuevo' is visible

2022-03-29 19:47:11 - [TEST_STEP][PASSED] - click(findTestObject("Modulo Parametros/Comprobar Parametros/a_Medios Audiovisual")): Object: 'Object Repository/Modulo Parametros/Comprobar Parametros/a_Medios Audiovisual' is clicked on

2022-03-29 19:47:11 - [MESSAGE][PASSED] - Object: 'Object Repository/Modulo Parametros/Comprobar Parametros/a_Medios Audiovisual' is clicked on

2022-03-29 19:47:11 - [TEST_STEP][PASSED] - waitForElementVisible(findTestObject("Modulo Parametros/Comprobar Parametros/a_Nuevo"), 0): Object 'Object Repository/Modulo Parametros/Comprobar Parametros/a_Nuevo' is visible

2022-03-29 19:47:11 - [MESSAGE][WARNING] - Timeout '0' is invalid. Using default page load timeout: '45'

2022-03-29 19:47:12 - [MESSAGE][PASSED] - Object 'Object Repository/Modulo Parametros/Comprobar Parametros/a_Nuevo' is visible

2022-03-29 19:47:12 - [TEST_STEP][PASSED] - click(findTestObject("Modulo Parametros/Comprobar Parametros/a_Salones")): Object: 'Object Repository/Modulo Parametros/Comprobar Parametros/a_Salones' is clicked on

2022-03-29 19:47:12 - [MESSAGE][PASSED] - Object: 'Object Repository/Modulo Parametros/Comprobar Parametros/a_Salones' is clicked on

2022-03-29 19:47:12 - [TEST_STEP][PASSED] - waitForElementVisible(findTestObject("Modulo Parametros/Comprobar Parametros/a_Nuevo"), 0): Object 'Object Repository/Modulo Parametros/Comprobar Parametros/a_Nuevo' is visible

2022-03-29 19:47:12 - [MESSAGE][WARNING] - Timeout '0' is invalid. Using default page load timeout: '45'

2022-03-29 19:47:13 - [MESSAGE][PASSED] - Object 'Object Repository/Modulo Parametros/Comprobar Parametros/a_Nuevo' is visible

2022-03-29 19:47:13 - [TEST_STEP][PASSED] - click(findTestObject("Modulo Parametros/Comprobar Parametros/a_Tema")): Object: 'Object Repository/Modulo Parametros/Comprobar Parametros/a_Tema' is clicked on

2022-03-29 19:47:14 - [MESSAGE][PASSED] - Object: 'Object Repository/Modulo Parametros/Comprobar Parametros/a_Tema' is clicked on

2022-03-29 19:47:14 - [TEST_STEP][PASSED] - waitForElementVisible(findTestObject("Modulo Parametros/Comprobar Parametros/a_Nuevo"), 0): Object 'Object Repository/Modulo Parametros/Comprobar Parametros/a_Nuevo' is visible

2022-03-29 19:47:14 - [MESSAGE][WARNING] - Timeout '0' is invalid. Using default page load timeout: '45'

2022-03-29 19:47:14 - [MESSAGE][PASSED] - Object 'Object Repository/Modulo Parametros/Comprobar Parametros/a_Nuevo' is visible

2022-03-29 19:47:14 - [TEST_STEP][PASSED] - click(findTestObject("Modulo Parametros/Comprobar Parametros/a_Formulario Necesidad")): Object: 'Object Repository/Modulo Parametros/Comprobar Parametros/a_Formulario Necesidad' is clicked on

2022-03-29 19:47:15 - [MESSAGE][PASSED] - Object: 'Object Repository/Modulo Parametros/Comprobar Parametros/a_Formulario Necesidad' is clicked on

2022-03-29 19:47:15 - [TEST_STEP][PASSED] - waitForElementVisible(findTestObject("Modulo Parametros/Comprobar Parametros/a_Nuevo"), 0): Object 'Object Repository/Modulo Parametros/Comprobar Parametros/a_Nuevo' is visible

2022-03-29 19:47:15 - [MESSAGE][WARNING] - Timeout '0' is invalid. Using default page load timeout: '45'

2022-03-29 19:47:16 - [MESSAGE][PASSED] - Object 'Object Repository/Modulo Parametros/Comprobar Parametros/a_Nuevo' is visible

2022-03-29 19:47:16 - [TEST_STEP][PASSED] - click(findTestObject("Modulo Parametros/Comprobar Parametros/a_Fuente necesidad")): Object: 'Object Repository/Modulo Parametros/Comprobar Parametros/a_Fuente necesidad' is clicked on

2022-03-29 19:47:16 - [MESSAGE][PASSED] - Object: 'Object Repository/Modulo Parametros/Comprobar Parametros/a_Fuente necesidad' is clicked on

2022-03-29 19:47:16 - [TEST_STEP][PASSED] - waitForElementVisible(findTestObject("Modulo Parametros/Comprobar Parametros/a_Nuevo"), 0): Object 'Object Repository/Modulo Parametros/Comprobar Parametros/a_Nuevo' is visible

2022-03-29 19:47:16 - [MESSAGE][WARNING] - Timeout '0' is invalid. Using default page load timeout: '45'

2022-03-29 19:47:17 - [MESSAGE][PASSED] - Object 'Object Repository/Modulo Parametros/Comprobar Parametros/a_Nuevo' is visible

2022-03-29 19:47:17 - [TEST_STEP][PASSED] - setText(findTestObject("Modulo Parametros/Comprobar Parametros/input_Empresa 1_form_templatej_idt24_input"), "Parametros Generales (tal)"): Text 'Parametros Generales (tal)' is set on object 'Object Repository/Modulo Parametros/Comprobar Parametros/input_Empresa 1_form_templatej_idt24_input'

2022-03-29 19:47:18 - [MESSAGE][PASSED] - Text 'Parametros Generales (tal)' is set on object 'Object Repository/Modulo Parametros/Comprobar Parametros/input_Empresa 1_form_templatej_idt24_input'

2022-03-29 19:47:18 - [TEST_STEP][PASSED] - click(findTestObject("Modulo Parametros/Comprobar Parametros/li_Parametros")): Object: 'Object Repository/Modulo Parametros/Comprobar Parametros/li_Parametros' is clicked on

2022-03-29 19:47:20 - [MESSAGE][PASSED] - Object: 'Object Repository/Modulo Parametros/Comprobar Parametros/li_Parametros' is clicked on

2022-03-29 19:47:20 - [TEST_STEP][PASSED] - parGenerales(): null

2022-03-29 19:47:20 - [TEST_STEP][PASSED] - click(findTestObject("Modulo Parametros/Comprobar Parametros/a_Tipo  Unidad")): Object: 'Object Repository/Modulo Parametros/Comprobar Parametros/a_Tipo  Unidad' is clicked on

2022-03-29 19:47:20 - [MESSAGE][PASSED] - Object: 'Object Repository/Modulo Parametros/Comprobar Parametros/a_Tipo  Unidad' is clicked on

2022-03-29 19:47:20 - [TEST_STEP][PASSED] - waitForElementVisible(findTestObject("Modulo Parametros/Comprobar Parametros/a_Nuevo"), 0): Object 'Object Repository/Modulo Parametros/Comprobar Parametros/a_Nuevo' is visible

2022-03-29 19:47:21 - [MESSAGE][WARNING] - Timeout '0' is invalid. Using default page load timeout: '45'

2022-03-29 19:47:21 - [MESSAGE][PASSED] - Object 'Object Repository/Modulo Parametros/Comprobar Parametros/a_Nuevo' is visible

2022-03-29 19:47:21 - [TEST_STEP][PASSED] - click(findTestObject("Modulo Parametros/Comprobar Parametros/a_Tipo  Planta")): Object: 'Object Repository/Modulo Parametros/Comprobar Parametros/a_Tipo  Planta' is clicked on

2022-03-29 19:47:22 - [MESSAGE][PASSED] - Object: 'Object Repository/Modulo Parametros/Comprobar Parametros/a_Tipo  Planta' is clicked on

2022-03-29 19:47:22 - [TEST_STEP][PASSED] - waitForElementVisible(findTestObject("Modulo Parametros/Comprobar Parametros/a_Nuevo"), 0): Object 'Object Repository/Modulo Parametros/Comprobar Parametros/a_Nuevo' is visible

2022-03-29 19:47:22 - [MESSAGE][WARNING] - Timeout '0' is invalid. Using default page load timeout: '45'

2022-03-29 19:47:22 - [MESSAGE][PASSED] - Object 'Object Repository/Modulo Parametros/Comprobar Parametros/a_Nuevo' is visible

2022-03-29 19:47:22 - [TEST_STEP][PASSED] - click(findTestObject("Modulo Parametros/Comprobar Parametros/a_Clase De Puesto")): Object: 'Object Repository/Modulo Parametros/Comprobar Parametros/a_Clase De Puesto' is clicked on

2022-03-29 19:47:23 - [MESSAGE][PASSED] - Object: 'Object Repository/Modulo Parametros/Comprobar Parametros/a_Clase De Puesto' is clicked on

2022-03-29 19:47:23 - [TEST_STEP][PASSED] - waitForElementVisible(findTestObject("Modulo Parametros/Comprobar Parametros/a_Nuevo"), 0): Object 'Object Repository/Modulo Parametros/Comprobar Parametros/a_Nuevo' is visible

2022-03-29 19:47:23 - [MESSAGE][WARNING] - Timeout '0' is invalid. Using default page load timeout: '45'

2022-03-29 19:47:24 - [MESSAGE][PASSED] - Object 'Object Repository/Modulo Parametros/Comprobar Parametros/a_Nuevo' is visible

2022-03-29 19:47:24 - [TEST_STEP][PASSED] - click(findTestObject("Modulo Parametros/Comprobar Parametros/a_Ubicacin  Fsica")): Object: 'Object Repository/Modulo Parametros/Comprobar Parametros/a_Ubicacin  Fsica' is clicked on

2022-03-29 19:47:24 - [MESSAGE][PASSED] - Object: 'Object Repository/Modulo Parametros/Comprobar Parametros/a_Ubicacin  Fsica' is clicked on

2022-03-29 19:47:24 - [TEST_STEP][PASSED] - waitForElementVisible(findTestObject("Modulo Parametros/Comprobar Parametros/a_Nuevo"), 0): Object 'Object Repository/Modulo Parametros/Comprobar Parametros/a_Nuevo' is visible

2022-03-29 19:47:24 - [MESSAGE][WARNING] - Timeout '0' is invalid. Using default page load timeout: '45'

2022-03-29 19:47:25 - [MESSAGE][PASSED] - Object 'Object Repository/Modulo Parametros/Comprobar Parametros/a_Nuevo' is visible

2022-03-29 19:47:25 - [TEST_STEP][PASSED] - click(findTestObject("Modulo Parametros/Comprobar Parametros/a_Gestin Sucursales")): Object: 'Object Repository/Modulo Parametros/Comprobar Parametros/a_Gestin Sucursales' is clicked on

2022-03-29 19:47:26 - [MESSAGE][PASSED] - Object: 'Object Repository/Modulo Parametros/Comprobar Parametros/a_Gestin Sucursales' is clicked on

2022-03-29 19:47:26 - [TEST_STEP][PASSED] - waitForElementVisible(findTestObject("Modulo Parametros/Comprobar Parametros/a_Nuevo"), 0): Object 'Object Repository/Modulo Parametros/Comprobar Parametros/a_Nuevo' is visible

2022-03-29 19:47:26 - [MESSAGE][WARNING] - Timeout '0' is invalid. Using default page load timeout: '45'

2022-03-29 19:47:27 - [MESSAGE][PASSED] - Object 'Object Repository/Modulo Parametros/Comprobar Parametros/a_Nuevo' is visible

2022-03-29 19:47:27 - [TEST_STEP][PASSED] - click(findTestObject("Modulo Parametros/Comprobar Parametros/a_Sucursal")): Object: 'Object Repository/Modulo Parametros/Comprobar Parametros/a_Sucursal' is clicked on

2022-03-29 19:47:27 - [MESSAGE][PASSED] - Object: 'Object Repository/Modulo Parametros/Comprobar Parametros/a_Sucursal' is clicked on

2022-03-29 19:47:27 - [TEST_STEP][PASSED] - waitForElementVisible(findTestObject("Modulo Parametros/Comprobar Parametros/a_Nuevo"), 0): Object 'Object Repository/Modulo Parametros/Comprobar Parametros/a_Nuevo' is visible

2022-03-29 19:47:28 - [MESSAGE][WARNING] - Timeout '0' is invalid. Using default page load timeout: '45'

2022-03-29 19:47:28 - [MESSAGE][PASSED] - Object 'Object Repository/Modulo Parametros/Comprobar Parametros/a_Nuevo' is visible

2022-03-29 19:47:28 - [TEST_STEP][PASSED] - click(findTestObject("Modulo Parametros/Comprobar Parametros/a_Objetivo")): Object: 'Object Repository/Modulo Parametros/Comprobar Parametros/a_Objetivo' is clicked on

2022-03-29 19:47:29 - [MESSAGE][PASSED] - Object: 'Object Repository/Modulo Parametros/Comprobar Parametros/a_Objetivo' is clicked on

2022-03-29 19:47:29 - [TEST_STEP][PASSED] - waitForElementVisible(findTestObject("Modulo Parametros/Comprobar Parametros/a_Nuevo"), 0): Object 'Object Repository/Modulo Parametros/Comprobar Parametros/a_Nuevo' is visible

2022-03-29 19:47:29 - [MESSAGE][WARNING] - Timeout '0' is invalid. Using default page load timeout: '45'

2022-03-29 19:47:30 - [MESSAGE][PASSED] - Object 'Object Repository/Modulo Parametros/Comprobar Parametros/a_Nuevo' is visible

2022-03-29 19:47:30 - [TEST_STEP][PASSED] - click(findTestObject("Modulo Parametros/Comprobar Parametros/a_Unidad Transversal"), STOP_ON_FAILURE): Object: 'Object Repository/Modulo Parametros/Comprobar Parametros/a_Unidad Transversal' is clicked on

2022-03-29 19:47:30 - [MESSAGE][PASSED] - Object: 'Object Repository/Modulo Parametros/Comprobar Parametros/a_Unidad Transversal' is clicked on

2022-03-29 19:47:30 - [TEST_STEP][PASSED] - waitForElementVisible(findTestObject("Modulo Parametros/Comprobar Parametros/a_Nuevo"), 0): Object 'Object Repository/Modulo Parametros/Comprobar Parametros/a_Nuevo' is visible

2022-03-29 19:47:30 - [MESSAGE][WARNING] - Timeout '0' is invalid. Using default page load timeout: '45'

2022-03-29 19:47:31 - [MESSAGE][PASSED] - Object 'Object Repository/Modulo Parametros/Comprobar Parametros/a_Nuevo' is visible

2022-03-29 19:47:31 - [TEST_STEP][PASSED] - setText(findTestObject("Modulo Parametros/Comprobar Parametros/input_Empresa 1_form_templatej_idt24_input"), "Parametros Plantillas (com)"): Text 'Parametros Plantillas (com)' is set on object 'Object Repository/Modulo Parametros/Comprobar Parametros/input_Empresa 1_form_templatej_idt24_input'

2022-03-29 19:47:32 - [MESSAGE][PASSED] - Text 'Parametros Plantillas (com)' is set on object 'Object Repository/Modulo Parametros/Comprobar Parametros/input_Empresa 1_form_templatej_idt24_input'

2022-03-29 19:47:32 - [TEST_STEP][PASSED] - click(findTestObject("Modulo Parametros/Comprobar Parametros/li_Parametros")): Object: 'Object Repository/Modulo Parametros/Comprobar Parametros/li_Parametros' is clicked on

2022-03-29 19:47:34 - [MESSAGE][PASSED] - Object: 'Object Repository/Modulo Parametros/Comprobar Parametros/li_Parametros' is clicked on

2022-03-29 19:47:34 - [TEST_STEP][PASSED] - waitForElementVisible(findTestObject("Modulo Parametros/Comprobar Parametros/a_Nuevo"), 0): Object 'Object Repository/Modulo Parametros/Comprobar Parametros/a_Nuevo' is visible

2022-03-29 19:47:34 - [MESSAGE][WARNING] - Timeout '0' is invalid. Using default page load timeout: '45'

2022-03-29 19:47:34 - [MESSAGE][PASSED] - Object 'Object Repository/Modulo Parametros/Comprobar Parametros/a_Nuevo' is visible

2022-03-29 19:47:34 - [TEST_STEP][PASSED] - setText(findTestObject("Modulo Parametros/Comprobar Parametros/input_Empresa 1_form_templatej_idt24_input"), "Parametros Viaticos (act)"): Text 'Parametros Viaticos (act)' is set on object 'Object Repository/Modulo Parametros/Comprobar Parametros/input_Empresa 1_form_templatej_idt24_input'

2022-03-29 19:47:35 - [MESSAGE][PASSED] - Text 'Parametros Viaticos (act)' is set on object 'Object Repository/Modulo Parametros/Comprobar Parametros/input_Empresa 1_form_templatej_idt24_input'

2022-03-29 19:47:35 - [TEST_STEP][PASSED] - click(findTestObject("Modulo Parametros/Comprobar Parametros/li_Parametros")): Object: 'Object Repository/Modulo Parametros/Comprobar Parametros/li_Parametros' is clicked on

2022-03-29 19:47:37 - [MESSAGE][PASSED] - Object: 'Object Repository/Modulo Parametros/Comprobar Parametros/li_Parametros' is clicked on

2022-03-29 19:47:37 - [TEST_STEP][PASSED] - comment("NO FUNCIONA"): NO FUNCIONA

2022-03-29 19:47:37 - [MESSAGE][INFO] - NO FUNCIONA

2022-03-29 19:47:37 - [TEST_STEP][PASSED] - back(): Navigate back successfully

2022-03-29 19:47:37 - [MESSAGE][PASSED] - Navigate back successfully

2022-03-29 19:47:37 - [TEST_STEP][PASSED] - setText(findTestObject("Modulo Parametros/Comprobar Parametros/input_Empresa 1_form_templatej_idt24_input"), "Parametros del Cargo (com)"): Text 'Parametros del Cargo (com)' is set on object 'Object Repository/Modulo Parametros/Comprobar Parametros/input_Empresa 1_form_templatej_idt24_input'

2022-03-29 19:47:38 - [MESSAGE][PASSED] - Text 'Parametros del Cargo (com)' is set on object 'Object Repository/Modulo Parametros/Comprobar Parametros/input_Empresa 1_form_templatej_idt24_input'

2022-03-29 19:47:38 - [TEST_STEP][PASSED] - click(findTestObject("Modulo Parametros/Comprobar Parametros/li_Parametros")): Object: 'Object Repository/Modulo Parametros/Comprobar Parametros/li_Parametros' is clicked on

2022-03-29 19:47:40 - [MESSAGE][PASSED] - Object: 'Object Repository/Modulo Parametros/Comprobar Parametros/li_Parametros' is clicked on

2022-03-29 19:47:40 - [TEST_STEP][PASSED] - parCargo(): null

2022-03-29 19:47:40 - [TEST_STEP][PASSED] - click(findTestObject("Modulo Parametros/Comprobar Parametros/a_Nivel Cargo")): Object: 'Object Repository/Modulo Parametros/Comprobar Parametros/a_Nivel Cargo' is clicked on

2022-03-29 19:47:41 - [MESSAGE][PASSED] - Object: 'Object Repository/Modulo Parametros/Comprobar Parametros/a_Nivel Cargo' is clicked on

2022-03-29 19:47:41 - [TEST_STEP][PASSED] - waitForElementVisible(findTestObject("Modulo Parametros/Comprobar Parametros/a_Nuevo"), 0): Object 'Object Repository/Modulo Parametros/Comprobar Parametros/a_Nuevo' is visible

2022-03-29 19:47:41 - [MESSAGE][WARNING] - Timeout '0' is invalid. Using default page load timeout: '45'

2022-03-29 19:47:42 - [MESSAGE][PASSED] - Object 'Object Repository/Modulo Parametros/Comprobar Parametros/a_Nuevo' is visible

2022-03-29 19:47:42 - [TEST_STEP][PASSED] - click(findTestObject("Modulo Parametros/Comprobar Parametros/a_Categora")): Object: 'Object Repository/Modulo Parametros/Comprobar Parametros/a_Categora' is clicked on

2022-03-29 19:47:42 - [MESSAGE][PASSED] - Object: 'Object Repository/Modulo Parametros/Comprobar Parametros/a_Categora' is clicked on

2022-03-29 19:47:42 - [TEST_STEP][PASSED] - waitForElementVisible(findTestObject("Modulo Parametros/Comprobar Parametros/a_Nuevo"), 0): Object 'Object Repository/Modulo Parametros/Comprobar Parametros/a_Nuevo' is visible

2022-03-29 19:47:42 - [MESSAGE][WARNING] - Timeout '0' is invalid. Using default page load timeout: '45'

2022-03-29 19:47:43 - [MESSAGE][PASSED] - Object 'Object Repository/Modulo Parametros/Comprobar Parametros/a_Nuevo' is visible

2022-03-29 19:47:43 - [TEST_STEP][PASSED] - click(findTestObject("Modulo Parametros/Comprobar Parametros/a_Clasificacin")): Object: 'Object Repository/Modulo Parametros/Comprobar Parametros/a_Clasificacin' is clicked on

2022-03-29 19:47:43 - [MESSAGE][PASSED] - Object: 'Object Repository/Modulo Parametros/Comprobar Parametros/a_Clasificacin' is clicked on

2022-03-29 19:47:43 - [TEST_STEP][PASSED] - waitForElementVisible(findTestObject("Modulo Parametros/Comprobar Parametros/a_Nuevo"), 0): Object 'Object Repository/Modulo Parametros/Comprobar Parametros/a_Nuevo' is visible

2022-03-29 19:47:44 - [MESSAGE][WARNING] - Timeout '0' is invalid. Using default page load timeout: '45'

2022-03-29 19:47:45 - [MESSAGE][PASSED] - Object 'Object Repository/Modulo Parametros/Comprobar Parametros/a_Nuevo' is visible

2022-03-29 19:47:45 - [TEST_STEP][PASSED] - click(findTestObject("Modulo Parametros/Comprobar Parametros/a_Cargo Genrico")): Object: 'Object Repository/Modulo Parametros/Comprobar Parametros/a_Cargo Genrico' is clicked on

2022-03-29 19:47:45 - [MESSAGE][PASSED] - Object: 'Object Repository/Modulo Parametros/Comprobar Parametros/a_Cargo Genrico' is clicked on

2022-03-29 19:47:45 - [TEST_STEP][PASSED] - waitForElementVisible(findTestObject("Modulo Parametros/Comprobar Parametros/a_Nuevo"), 0): Object 'Object Repository/Modulo Parametros/Comprobar Parametros/a_Nuevo' is visible

2022-03-29 19:47:45 - [MESSAGE][WARNING] - Timeout '0' is invalid. Using default page load timeout: '45'

2022-03-29 19:47:46 - [MESSAGE][PASSED] - Object 'Object Repository/Modulo Parametros/Comprobar Parametros/a_Nuevo' is visible

2022-03-29 19:47:46 - [TEST_STEP][PASSED] - click(findTestObject("Modulo Parametros/Comprobar Parametros/a_Cargo")): Object: 'Object Repository/Modulo Parametros/Comprobar Parametros/a_Cargo' is clicked on

2022-03-29 19:47:46 - [MESSAGE][PASSED] - Object: 'Object Repository/Modulo Parametros/Comprobar Parametros/a_Cargo' is clicked on

2022-03-29 19:47:46 - [TEST_STEP][PASSED] - waitForElementVisible(findTestObject("Modulo Parametros/Comprobar Parametros/a_Nuevo"), 0): Object 'Object Repository/Modulo Parametros/Comprobar Parametros/a_Nuevo' is visible

2022-03-29 19:47:46 - [MESSAGE][WARNING] - Timeout '0' is invalid. Using default page load timeout: '45'

2022-03-29 19:47:47 - [MESSAGE][PASSED] - Object 'Object Repository/Modulo Parametros/Comprobar Parametros/a_Nuevo' is visible

2022-03-29 19:47:47 - [TEST_STEP][PASSED] - click(findTestObject("Modulo Parametros/Comprobar Parametros/a_Rol")): Object: 'Object Repository/Modulo Parametros/Comprobar Parametros/a_Rol' is clicked on

2022-03-29 19:47:48 - [MESSAGE][PASSED] - Object: 'Object Repository/Modulo Parametros/Comprobar Parametros/a_Rol' is clicked on

2022-03-29 19:47:48 - [TEST_STEP][PASSED] - waitForElementVisible(findTestObject("Modulo Parametros/Comprobar Parametros/a_Nuevo"), 0): Object 'Object Repository/Modulo Parametros/Comprobar Parametros/a_Nuevo' is visible

2022-03-29 19:47:48 - [MESSAGE][WARNING] - Timeout '0' is invalid. Using default page load timeout: '45'

2022-03-29 19:47:48 - [MESSAGE][PASSED] - Object 'Object Repository/Modulo Parametros/Comprobar Parametros/a_Nuevo' is visible

2022-03-29 19:47:48 - [TEST_STEP][PASSED] - setText(findTestObject("Modulo Parametros/Comprobar Parametros/input_Empresa 1_form_templatej_idt24_input"), "Parametros (get)"): Text 'Parametros (get)' is set on object 'Object Repository/Modulo Parametros/Comprobar Parametros/input_Empresa 1_form_templatej_idt24_input'

2022-03-29 19:47:49 - [MESSAGE][PASSED] - Text 'Parametros (get)' is set on object 'Object Repository/Modulo Parametros/Comprobar Parametros/input_Empresa 1_form_templatej_idt24_input'

2022-03-29 19:47:49 - [TEST_STEP][PASSED] - click(findTestObject("Modulo Parametros/Comprobar Parametros/li_Parametros")): Object: 'Object Repository/Modulo Parametros/Comprobar Parametros/li_Parametros' is clicked on

2022-03-29 19:47:51 - [MESSAGE][PASSED] - Object: 'Object Repository/Modulo Parametros/Comprobar Parametros/li_Parametros' is clicked on

2022-03-29 19:47:51 - [TEST_STEP][PASSED] - waitForElementVisible(findTestObject("Modulo Parametros/Comprobar Parametros/a_Nuevo"), 0): Object 'Object Repository/Modulo Parametros/Comprobar Parametros/a_Nuevo' is visible

2022-03-29 19:47:51 - [MESSAGE][WARNING] - Timeout '0' is invalid. Using default page load timeout: '45'

2022-03-29 19:47:52 - [MESSAGE][PASSED] - Object 'Object Repository/Modulo Parametros/Comprobar Parametros/a_Nuevo' is visible

2022-03-29 19:47:52 - [TEST_STEP][PASSED] - setText(findTestObject("Modulo Parametros/Comprobar Parametros/input_Empresa 1_form_templatej_idt24_input"), "Parametros Cartera (cae)"): Text 'Parametros Cartera (cae)' is set on object 'Object Repository/Modulo Parametros/Comprobar Parametros/input_Empresa 1_form_templatej_idt24_input'

2022-03-29 19:47:53 - [MESSAGE][PASSED] - Text 'Parametros Cartera (cae)' is set on object 'Object Repository/Modulo Parametros/Comprobar Parametros/input_Empresa 1_form_templatej_idt24_input'

2022-03-29 19:47:53 - [TEST_STEP][PASSED] - click(findTestObject("Modulo Parametros/Comprobar Parametros/li_Parametros")): Object: 'Object Repository/Modulo Parametros/Comprobar Parametros/li_Parametros' is clicked on

2022-03-29 19:47:54 - [MESSAGE][PASSED] - Object: 'Object Repository/Modulo Parametros/Comprobar Parametros/li_Parametros' is clicked on

2022-03-29 19:47:54 - [TEST_STEP][PASSED] - parCartera(): null

2022-03-29 19:47:54 - [TEST_STEP][PASSED] - click(findTestObject("Modulo Parametros/Comprobar Parametros/a_Etapas")): Object: 'Object Repository/Modulo Parametros/Comprobar Parametros/a_Etapas' is clicked on

2022-03-29 19:47:56 - [MESSAGE][PASSED] - Object: 'Object Repository/Modulo Parametros/Comprobar Parametros/a_Etapas' is clicked on

2022-03-29 19:47:56 - [TEST_STEP][PASSED] - waitForElementVisible(findTestObject("Modulo Parametros/Comprobar Parametros/a_Nuevo"), 0): Object 'Object Repository/Modulo Parametros/Comprobar Parametros/a_Nuevo' is visible

2022-03-29 19:47:56 - [MESSAGE][WARNING] - Timeout '0' is invalid. Using default page load timeout: '45'

2022-03-29 19:47:56 - [MESSAGE][PASSED] - Object 'Object Repository/Modulo Parametros/Comprobar Parametros/a_Nuevo' is visible

2022-03-29 19:47:56 - [TEST_STEP][PASSED] - click(findTestObject("Modulo Parametros/Comprobar Parametros/a_Lnea  De Crdito")): Object: 'Object Repository/Modulo Parametros/Comprobar Parametros/a_Lnea  De Crdito' is clicked on

2022-03-29 19:47:57 - [MESSAGE][PASSED] - Object: 'Object Repository/Modulo Parametros/Comprobar Parametros/a_Lnea  De Crdito' is clicked on

2022-03-29 19:47:57 - [TEST_STEP][PASSED] - waitForElementVisible(findTestObject("Modulo Parametros/Comprobar Parametros/a_Nuevo"), 0): Object 'Object Repository/Modulo Parametros/Comprobar Parametros/a_Nuevo' is visible

2022-03-29 19:47:57 - [MESSAGE][WARNING] - Timeout '0' is invalid. Using default page load timeout: '45'

2022-03-29 19:47:57 - [MESSAGE][PASSED] - Object 'Object Repository/Modulo Parametros/Comprobar Parametros/a_Nuevo' is visible

2022-03-29 19:47:57 - [TEST_STEP][PASSED] - click(findTestObject("Modulo Parametros/Comprobar Parametros/a_Lnea  De Crdito-Etapa")): Object: 'Object Repository/Modulo Parametros/Comprobar Parametros/a_Lnea  De Crdito-Etapa' is clicked on

2022-03-29 19:47:58 - [MESSAGE][PASSED] - Object: 'Object Repository/Modulo Parametros/Comprobar Parametros/a_Lnea  De Crdito-Etapa' is clicked on

2022-03-29 19:47:58 - [TEST_STEP][PASSED] - waitForElementVisible(findTestObject("Modulo Parametros/Comprobar Parametros/a_Nuevo"), 0): Object 'Object Repository/Modulo Parametros/Comprobar Parametros/a_Nuevo' is visible

2022-03-29 19:47:58 - [MESSAGE][WARNING] - Timeout '0' is invalid. Using default page load timeout: '45'

2022-03-29 19:47:59 - [MESSAGE][PASSED] - Object 'Object Repository/Modulo Parametros/Comprobar Parametros/a_Nuevo' is visible

2022-03-29 19:47:59 - [TEST_STEP][PASSED] - click(findTestObject("Modulo Parametros/Comprobar Parametros/a_Modalidades")): Object: 'Object Repository/Modulo Parametros/Comprobar Parametros/a_Modalidades' is clicked on

2022-03-29 19:47:59 - [MESSAGE][PASSED] - Object: 'Object Repository/Modulo Parametros/Comprobar Parametros/a_Modalidades' is clicked on

2022-03-29 19:47:59 - [TEST_STEP][PASSED] - waitForElementVisible(findTestObject("Modulo Parametros/Comprobar Parametros/a_Nuevo"), 0): Object 'Object Repository/Modulo Parametros/Comprobar Parametros/a_Nuevo' is visible

2022-03-29 19:47:59 - [MESSAGE][WARNING] - Timeout '0' is invalid. Using default page load timeout: '45'

2022-03-29 19:48:00 - [MESSAGE][PASSED] - Object 'Object Repository/Modulo Parametros/Comprobar Parametros/a_Nuevo' is visible

2022-03-29 19:48:00 - [TEST_STEP][PASSED] - setText(findTestObject("Modulo Parametros/Comprobar Parametros/input_Empresa 1_form_templatej_idt24_input"), "Parametros Estado Seleccion (tal)"): Text 'Parametros Estado Seleccion (tal)' is set on object 'Object Repository/Modulo Parametros/Comprobar Parametros/input_Empresa 1_form_templatej_idt24_input'

2022-03-29 19:48:01 - [MESSAGE][PASSED] - Text 'Parametros Estado Seleccion (tal)' is set on object 'Object Repository/Modulo Parametros/Comprobar Parametros/input_Empresa 1_form_templatej_idt24_input'

2022-03-29 19:48:01 - [TEST_STEP][PASSED] - click(findTestObject("Modulo Parametros/Comprobar Parametros/li_Parametros")): Object: 'Object Repository/Modulo Parametros/Comprobar Parametros/li_Parametros' is clicked on

2022-03-29 19:48:02 - [MESSAGE][PASSED] - Object: 'Object Repository/Modulo Parametros/Comprobar Parametros/li_Parametros' is clicked on

2022-03-29 19:48:02 - [TEST_STEP][PASSED] - parESeleccion(): null

2022-03-29 19:48:02 - [TEST_STEP][PASSED] - click(findTestObject("Modulo Parametros/Comprobar Parametros/a_Estado Candidato")): Object: 'Object Repository/Modulo Parametros/Comprobar Parametros/a_Estado Candidato' is clicked on

2022-03-29 19:48:03 - [MESSAGE][PASSED] - Object: 'Object Repository/Modulo Parametros/Comprobar Parametros/a_Estado Candidato' is clicked on

2022-03-29 19:48:03 - [TEST_STEP][PASSED] - waitForElementVisible(findTestObject("Modulo Parametros/Comprobar Parametros/a_Guardar"), 0): Object 'Object Repository/Modulo Parametros/Comprobar Parametros/a_Guardar' is visible

2022-03-29 19:48:03 - [MESSAGE][WARNING] - Timeout '0' is invalid. Using default page load timeout: '45'

2022-03-29 19:48:04 - [MESSAGE][PASSED] - Object 'Object Repository/Modulo Parametros/Comprobar Parametros/a_Guardar' is visible

2022-03-29 19:48:04 - [TEST_STEP][PASSED] - click(findTestObject("Modulo Parametros/Comprobar Parametros/a_Estado Proceso Seleccin")): Object: 'Object Repository/Modulo Parametros/Comprobar Parametros/a_Estado Proceso Seleccin' is clicked on

2022-03-29 19:48:05 - [MESSAGE][PASSED] - Object: 'Object Repository/Modulo Parametros/Comprobar Parametros/a_Estado Proceso Seleccin' is clicked on

2022-03-29 19:48:05 - [TEST_STEP][PASSED] - waitForElementVisible(findTestObject("Modulo Parametros/Comprobar Parametros/a_Guardar"), 0): Object 'Object Repository/Modulo Parametros/Comprobar Parametros/a_Guardar' is visible

2022-03-29 19:48:05 - [MESSAGE][WARNING] - Timeout '0' is invalid. Using default page load timeout: '45'

2022-03-29 19:48:05 - [MESSAGE][PASSED] - Object 'Object Repository/Modulo Parametros/Comprobar Parametros/a_Guardar' is visible

2022-03-29 19:48:05 - [TEST_STEP][PASSED] - setText(findTestObject("Modulo Parametros/Comprobar Parametros/input_Empresa 1_form_templatej_idt24_input"), "Parametros Generales (gna)"): Text 'Parametros Generales (gna)' is set on object 'Object Repository/Modulo Parametros/Comprobar Parametros/input_Empresa 1_form_templatej_idt24_input'

2022-03-29 19:48:06 - [MESSAGE][PASSED] - Text 'Parametros Generales (gna)' is set on object 'Object Repository/Modulo Parametros/Comprobar Parametros/input_Empresa 1_form_templatej_idt24_input'

2022-03-29 19:48:06 - [TEST_STEP][PASSED] - click(findTestObject("Modulo Parametros/Comprobar Parametros/li_Parametros")): Object: 'Object Repository/Modulo Parametros/Comprobar Parametros/li_Parametros' is clicked on

2022-03-29 19:48:08 - [MESSAGE][PASSED] - Object: 'Object Repository/Modulo Parametros/Comprobar Parametros/li_Parametros' is clicked on

2022-03-29 19:48:08 - [TEST_STEP][PASSED] - parGeneralesGna(): null

2022-03-29 19:48:08 - [TEST_STEP][PASSED] - click(findTestObject("Modulo Parametros/Comprobar Parametros/a_Consecutivo")): Object: 'Object Repository/Modulo Parametros/Comprobar Parametros/a_Consecutivo' is clicked on

2022-03-29 19:48:09 - [MESSAGE][PASSED] - Object: 'Object Repository/Modulo Parametros/Comprobar Parametros/a_Consecutivo' is clicked on

2022-03-29 19:48:09 - [TEST_STEP][PASSED] - waitForElementVisible(findTestObject("Modulo Parametros/Comprobar Parametros/a_Nuevo"), 0): Object 'Object Repository/Modulo Parametros/Comprobar Parametros/a_Nuevo' is visible

2022-03-29 19:48:09 - [MESSAGE][WARNING] - Timeout '0' is invalid. Using default page load timeout: '45'

2022-03-29 19:48:10 - [MESSAGE][PASSED] - Object 'Object Repository/Modulo Parametros/Comprobar Parametros/a_Nuevo' is visible

2022-03-29 19:48:10 - [TEST_STEP][PASSED] - click(findTestObject("Modulo Parametros/Comprobar Parametros/a_Mensaje")): Object: 'Object Repository/Modulo Parametros/Comprobar Parametros/a_Mensaje' is clicked on

2022-03-29 19:48:10 - [MESSAGE][PASSED] - Object: 'Object Repository/Modulo Parametros/Comprobar Parametros/a_Mensaje' is clicked on

2022-03-29 19:48:10 - [TEST_STEP][PASSED] - waitForElementVisible(findTestObject("Modulo Parametros/Comprobar Parametros/a_Nuevo"), 0): Object 'Object Repository/Modulo Parametros/Comprobar Parametros/a_Nuevo' is visible

2022-03-29 19:48:11 - [MESSAGE][WARNING] - Timeout '0' is invalid. Using default page load timeout: '45'

2022-03-29 19:48:11 - [MESSAGE][PASSED] - Object 'Object Repository/Modulo Parametros/Comprobar Parametros/a_Nuevo' is visible

2022-03-29 19:48:11 - [TEST_STEP][PASSED] - click(findTestObject("Modulo Parametros/Comprobar Parametros/a_Lista Actividades")): Object: 'Object Repository/Modulo Parametros/Comprobar Parametros/a_Lista Actividades' is clicked on

2022-03-29 19:48:12 - [MESSAGE][PASSED] - Object: 'Object Repository/Modulo Parametros/Comprobar Parametros/a_Lista Actividades' is clicked on

2022-03-29 19:48:12 - [TEST_STEP][PASSED] - waitForElementVisible(findTestObject("Modulo Parametros/Comprobar Parametros/a_Nuevo"), 0): Object 'Object Repository/Modulo Parametros/Comprobar Parametros/a_Nuevo' is visible

2022-03-29 19:48:12 - [MESSAGE][WARNING] - Timeout '0' is invalid. Using default page load timeout: '45'

2022-03-29 19:48:13 - [MESSAGE][PASSED] - Object 'Object Repository/Modulo Parametros/Comprobar Parametros/a_Nuevo' is visible

2022-03-29 19:48:13 - [TEST_STEP][PASSED] - setText(findTestObject("Modulo Parametros/Comprobar Parametros/input_Empresa 1_form_templatej_idt24_input"), "Parametros Horarios (get)"): Text 'Parametros Horarios (get)' is set on object 'Object Repository/Modulo Parametros/Comprobar Parametros/input_Empresa 1_form_templatej_idt24_input'

2022-03-29 19:48:14 - [MESSAGE][PASSED] - Text 'Parametros Horarios (get)' is set on object 'Object Repository/Modulo Parametros/Comprobar Parametros/input_Empresa 1_form_templatej_idt24_input'

2022-03-29 19:48:14 - [TEST_STEP][PASSED] - click(findTestObject("Modulo Parametros/Comprobar Parametros/li_Parametros")): Object: 'Object Repository/Modulo Parametros/Comprobar Parametros/li_Parametros' is clicked on

2022-03-29 19:48:16 - [MESSAGE][PASSED] - Object: 'Object Repository/Modulo Parametros/Comprobar Parametros/li_Parametros' is clicked on

2022-03-29 19:48:16 - [TEST_STEP][PASSED] - parHorarios(): null

2022-03-29 19:48:16 - [TEST_STEP][PASSED] - click(findTestObject("Modulo Parametros/Comprobar Parametros/a_Tipo Franja")): Object: 'Object Repository/Modulo Parametros/Comprobar Parametros/a_Tipo Franja' is clicked on

2022-03-29 19:48:17 - [MESSAGE][PASSED] - Object: 'Object Repository/Modulo Parametros/Comprobar Parametros/a_Tipo Franja' is clicked on

2022-03-29 19:48:17 - [TEST_STEP][PASSED] - waitForElementVisible(findTestObject("Modulo Parametros/Comprobar Parametros/a_Nuevo"), 0): Object 'Object Repository/Modulo Parametros/Comprobar Parametros/a_Nuevo' is visible

2022-03-29 19:48:17 - [MESSAGE][WARNING] - Timeout '0' is invalid. Using default page load timeout: '45'

2022-03-29 19:48:17 - [MESSAGE][PASSED] - Object 'Object Repository/Modulo Parametros/Comprobar Parametros/a_Nuevo' is visible

2022-03-29 19:48:17 - [TEST_STEP][PASSED] - click(findTestObject("Modulo Parametros/Comprobar Parametros/a_Tipo Receso")): Object: 'Object Repository/Modulo Parametros/Comprobar Parametros/a_Tipo Receso' is clicked on

2022-03-29 19:48:18 - [MESSAGE][PASSED] - Object: 'Object Repository/Modulo Parametros/Comprobar Parametros/a_Tipo Receso' is clicked on

2022-03-29 19:48:18 - [TEST_STEP][PASSED] - waitForElementVisible(findTestObject("Modulo Parametros/Comprobar Parametros/a_Nuevo"), 0): Object 'Object Repository/Modulo Parametros/Comprobar Parametros/a_Nuevo' is visible

2022-03-29 19:48:18 - [MESSAGE][WARNING] - Timeout '0' is invalid. Using default page load timeout: '45'

2022-03-29 19:48:19 - [MESSAGE][PASSED] - Object 'Object Repository/Modulo Parametros/Comprobar Parametros/a_Nuevo' is visible

2022-03-29 19:48:19 - [TEST_STEP][PASSED] - click(findTestObject("Modulo Parametros/Comprobar Parametros/a_Tipo Horario")): Object: 'Object Repository/Modulo Parametros/Comprobar Parametros/a_Tipo Horario' is clicked on

2022-03-29 19:48:19 - [MESSAGE][PASSED] - Object: 'Object Repository/Modulo Parametros/Comprobar Parametros/a_Tipo Horario' is clicked on

2022-03-29 19:48:19 - [TEST_STEP][PASSED] - waitForElementVisible(findTestObject("Modulo Parametros/Comprobar Parametros/a_Nuevo"), 0): Object 'Object Repository/Modulo Parametros/Comprobar Parametros/a_Nuevo' is visible

2022-03-29 19:48:19 - [MESSAGE][WARNING] - Timeout '0' is invalid. Using default page load timeout: '45'

2022-03-29 19:48:20 - [MESSAGE][PASSED] - Object 'Object Repository/Modulo Parametros/Comprobar Parametros/a_Nuevo' is visible

2022-03-29 19:48:20 - [TEST_STEP][PASSED] - click(findTestObject("Modulo Parametros/Comprobar Parametros/a_Sitios")): Object: 'Object Repository/Modulo Parametros/Comprobar Parametros/a_Sitios' is clicked on

2022-03-29 19:48:21 - [MESSAGE][PASSED] - Object: 'Object Repository/Modulo Parametros/Comprobar Parametros/a_Sitios' is clicked on

2022-03-29 19:48:21 - [TEST_STEP][PASSED] - waitForElementVisible(findTestObject("Modulo Parametros/Comprobar Parametros/a_Nuevo"), 0): Object 'Object Repository/Modulo Parametros/Comprobar Parametros/a_Nuevo' is visible

2022-03-29 19:48:21 - [MESSAGE][WARNING] - Timeout '0' is invalid. Using default page load timeout: '45'

2022-03-29 19:48:22 - [MESSAGE][PASSED] - Object 'Object Repository/Modulo Parametros/Comprobar Parametros/a_Nuevo' is visible

2022-03-29 19:48:22 - [TEST_STEP][PASSED] - click(findTestObject("Modulo Parametros/Comprobar Parametros/a_Sitios Externos")): Object: 'Object Repository/Modulo Parametros/Comprobar Parametros/a_Sitios Externos' is clicked on

2022-03-29 19:48:22 - [MESSAGE][PASSED] - Object: 'Object Repository/Modulo Parametros/Comprobar Parametros/a_Sitios Externos' is clicked on

2022-03-29 19:48:22 - [TEST_STEP][PASSED] - waitForElementVisible(findTestObject("Modulo Parametros/Comprobar Parametros/a_Nuevo"), 0): Object 'Object Repository/Modulo Parametros/Comprobar Parametros/a_Nuevo' is visible

2022-03-29 19:48:22 - [MESSAGE][WARNING] - Timeout '0' is invalid. Using default page load timeout: '45'

2022-03-29 19:48:23 - [MESSAGE][PASSED] - Object 'Object Repository/Modulo Parametros/Comprobar Parametros/a_Nuevo' is visible

2022-03-29 19:48:23 - [TEST_STEP][PASSED] - click(findTestObject("Modulo Parametros/Comprobar Parametros/a_Grupo")): Object: 'Object Repository/Modulo Parametros/Comprobar Parametros/a_Grupo' is clicked on

2022-03-29 19:48:23 - [MESSAGE][PASSED] - Object: 'Object Repository/Modulo Parametros/Comprobar Parametros/a_Grupo' is clicked on

2022-03-29 19:48:23 - [TEST_STEP][PASSED] - waitForElementVisible(findTestObject("Modulo Parametros/Comprobar Parametros/a_Nuevo"), 0): Object 'Object Repository/Modulo Parametros/Comprobar Parametros/a_Nuevo' is visible

2022-03-29 19:48:24 - [MESSAGE][WARNING] - Timeout '0' is invalid. Using default page load timeout: '45'

2022-03-29 19:48:25 - [MESSAGE][PASSED] - Object 'Object Repository/Modulo Parametros/Comprobar Parametros/a_Nuevo' is visible

2022-03-29 19:48:25 - [TEST_STEP][PASSED] - click(findTestObject("Modulo Parametros/Comprobar Parametros/a_Ausencia")): Object: 'Object Repository/Modulo Parametros/Comprobar Parametros/a_Ausencia' is clicked on

2022-03-29 19:48:26 - [MESSAGE][PASSED] - Object: 'Object Repository/Modulo Parametros/Comprobar Parametros/a_Ausencia' is clicked on

2022-03-29 19:48:26 - [TEST_STEP][PASSED] - waitForElementVisible(findTestObject("Modulo Parametros/Comprobar Parametros/a_Nuevo"), 0): Object 'Object Repository/Modulo Parametros/Comprobar Parametros/a_Nuevo' is visible

2022-03-29 19:48:26 - [MESSAGE][WARNING] - Timeout '0' is invalid. Using default page load timeout: '45'

2022-03-29 19:48:27 - [MESSAGE][PASSED] - Object 'Object Repository/Modulo Parametros/Comprobar Parametros/a_Nuevo' is visible

2022-03-29 19:48:27 - [TEST_STEP][PASSED] - click(findTestObject("Modulo Parametros/Comprobar Parametros/a_Conceptos")): Object: 'Object Repository/Modulo Parametros/Comprobar Parametros/a_Conceptos' is clicked on

2022-03-29 19:48:27 - [MESSAGE][PASSED] - Object: 'Object Repository/Modulo Parametros/Comprobar Parametros/a_Conceptos' is clicked on

2022-03-29 19:48:27 - [TEST_STEP][PASSED] - waitForElementVisible(findTestObject("Modulo Parametros/Comprobar Parametros/a_Nuevo"), 0): Object 'Object Repository/Modulo Parametros/Comprobar Parametros/a_Nuevo' is visible

2022-03-29 19:48:27 - [MESSAGE][WARNING] - Timeout '0' is invalid. Using default page load timeout: '45'

2022-03-29 19:48:28 - [MESSAGE][PASSED] - Object 'Object Repository/Modulo Parametros/Comprobar Parametros/a_Nuevo' is visible

2022-03-29 19:48:28 - [TEST_STEP][PASSED] - click(findTestObject("Modulo Parametros/Comprobar Parametros/a_Tipo Liquidacin")): Object: 'Object Repository/Modulo Parametros/Comprobar Parametros/a_Tipo Liquidacin' is clicked on

2022-03-29 19:48:29 - [MESSAGE][PASSED] - Object: 'Object Repository/Modulo Parametros/Comprobar Parametros/a_Tipo Liquidacin' is clicked on

2022-03-29 19:48:29 - [TEST_STEP][PASSED] - waitForElementVisible(findTestObject("Modulo Parametros/Comprobar Parametros/a_Nuevo"), 0): Object 'Object Repository/Modulo Parametros/Comprobar Parametros/a_Nuevo' is visible

2022-03-29 19:48:29 - [MESSAGE][WARNING] - Timeout '0' is invalid. Using default page load timeout: '45'

2022-03-29 19:48:30 - [MESSAGE][PASSED] - Object 'Object Repository/Modulo Parametros/Comprobar Parametros/a_Nuevo' is visible

2022-03-29 19:48:30 - [TEST_STEP][PASSED] - click(findTestObject("Modulo Parametros/Comprobar Parametros/a_Proceso Liquidacin")): Object: 'Object Repository/Modulo Parametros/Comprobar Parametros/a_Proceso Liquidacin' is clicked on

2022-03-29 19:48:30 - [MESSAGE][PASSED] - Object: 'Object Repository/Modulo Parametros/Comprobar Parametros/a_Proceso Liquidacin' is clicked on

2022-03-29 19:48:30 - [TEST_STEP][PASSED] - waitForElementVisible(findTestObject("Modulo Parametros/Comprobar Parametros/a_Nuevo"), 0): Object 'Object Repository/Modulo Parametros/Comprobar Parametros/a_Nuevo' is visible

2022-03-29 19:48:30 - [MESSAGE][WARNING] - Timeout '0' is invalid. Using default page load timeout: '45'

2022-03-29 19:48:31 - [MESSAGE][PASSED] - Object 'Object Repository/Modulo Parametros/Comprobar Parametros/a_Nuevo' is visible

2022-03-29 19:48:31 - [TEST_STEP][PASSED] - click(findTestObject("Modulo Parametros/Comprobar Parametros/a_Tipo Labor")): Object: 'Object Repository/Modulo Parametros/Comprobar Parametros/a_Tipo Labor' is clicked on

2022-03-29 19:48:31 - [MESSAGE][PASSED] - Object: 'Object Repository/Modulo Parametros/Comprobar Parametros/a_Tipo Labor' is clicked on

2022-03-29 19:48:31 - [TEST_STEP][PASSED] - waitForElementVisible(findTestObject("Modulo Parametros/Comprobar Parametros/a_Nuevo"), 0): Object 'Object Repository/Modulo Parametros/Comprobar Parametros/a_Nuevo' is visible

2022-03-29 19:48:32 - [MESSAGE][WARNING] - Timeout '0' is invalid. Using default page load timeout: '45'

2022-03-29 19:48:32 - [MESSAGE][PASSED] - Object 'Object Repository/Modulo Parametros/Comprobar Parametros/a_Nuevo' is visible

2022-03-29 19:48:32 - [TEST_STEP][PASSED] - setText(findTestObject("Modulo Parametros/Comprobar Parametros/input_Empresa 1_form_templatej_idt24_input"), "Parametros Reporte (com)"): Text 'Parametros Reporte (com)' is set on object 'Object Repository/Modulo Parametros/Comprobar Parametros/input_Empresa 1_form_templatej_idt24_input'

2022-03-29 19:48:33 - [MESSAGE][PASSED] - Text 'Parametros Reporte (com)' is set on object 'Object Repository/Modulo Parametros/Comprobar Parametros/input_Empresa 1_form_templatej_idt24_input'

2022-03-29 19:48:33 - [TEST_STEP][PASSED] - click(findTestObject("Modulo Parametros/Comprobar Parametros/li_Parametros")): Object: 'Object Repository/Modulo Parametros/Comprobar Parametros/li_Parametros' is clicked on

2022-03-29 19:48:35 - [MESSAGE][PASSED] - Object: 'Object Repository/Modulo Parametros/Comprobar Parametros/li_Parametros' is clicked on

2022-03-29 19:48:35 - [TEST_STEP][PASSED] - parReporte(): null

2022-03-29 19:48:35 - [TEST_STEP][PASSED] - click(findTestObject("Modulo Parametros/Comprobar Parametros/a_EmpleadosConceptos-Malla")): Object: 'Object Repository/Modulo Parametros/Comprobar Parametros/a_EmpleadosConceptos-Malla' is clicked on

2022-03-29 19:48:36 - [MESSAGE][PASSED] - Object: 'Object Repository/Modulo Parametros/Comprobar Parametros/a_EmpleadosConceptos-Malla' is clicked on

2022-03-29 19:48:36 - [TEST_STEP][PASSED] - waitForElementVisible(findTestObject("Modulo Parametros/Comprobar Parametros/a_Nuevo"), 0): Object 'Object Repository/Modulo Parametros/Comprobar Parametros/a_Nuevo' is visible

2022-03-29 19:48:36 - [MESSAGE][WARNING] - Timeout '0' is invalid. Using default page load timeout: '45'

2022-03-29 19:48:36 - [MESSAGE][PASSED] - Object 'Object Repository/Modulo Parametros/Comprobar Parametros/a_Nuevo' is visible

2022-03-29 19:48:36 - [TEST_STEP][PASSED] - click(findTestObject("Modulo Parametros/Comprobar Parametros/a_Empleados y Conceptos")): Object: 'Object Repository/Modulo Parametros/Comprobar Parametros/a_Empleados y Conceptos' is clicked on

2022-03-29 19:48:37 - [MESSAGE][PASSED] - Object: 'Object Repository/Modulo Parametros/Comprobar Parametros/a_Empleados y Conceptos' is clicked on

2022-03-29 19:48:37 - [TEST_STEP][PASSED] - waitForElementVisible(findTestObject("Modulo Parametros/Comprobar Parametros/a_Nuevo"), 0): Object 'Object Repository/Modulo Parametros/Comprobar Parametros/a_Nuevo' is visible

2022-03-29 19:48:37 - [MESSAGE][WARNING] - Timeout '0' is invalid. Using default page load timeout: '45'

2022-03-29 19:48:38 - [MESSAGE][PASSED] - Object 'Object Repository/Modulo Parametros/Comprobar Parametros/a_Nuevo' is visible

2022-03-29 19:48:38 - [TEST_STEP][PASSED] - click(findTestObject("Modulo Parametros/Comprobar Parametros/a_Concepto por Empleado")): Object: 'Object Repository/Modulo Parametros/Comprobar Parametros/a_Concepto por Empleado' is clicked on

2022-03-29 19:48:38 - [MESSAGE][PASSED] - Object: 'Object Repository/Modulo Parametros/Comprobar Parametros/a_Concepto por Empleado' is clicked on

2022-03-29 19:48:38 - [TEST_STEP][PASSED] - waitForElementVisible(findTestObject("Modulo Parametros/Comprobar Parametros/a_Nuevo"), 0): Object 'Object Repository/Modulo Parametros/Comprobar Parametros/a_Nuevo' is visible

2022-03-29 19:48:38 - [MESSAGE][WARNING] - Timeout '0' is invalid. Using default page load timeout: '45'

2022-03-29 19:48:39 - [MESSAGE][PASSED] - Object 'Object Repository/Modulo Parametros/Comprobar Parametros/a_Nuevo' is visible

2022-03-29 19:48:39 - [TEST_STEP][PASSED] - click(findTestObject("Modulo Parametros/Comprobar Parametros/a_Resumen por Conceptos")): Object: 'Object Repository/Modulo Parametros/Comprobar Parametros/a_Resumen por Conceptos' is clicked on

2022-03-29 19:48:39 - [MESSAGE][PASSED] - Object: 'Object Repository/Modulo Parametros/Comprobar Parametros/a_Resumen por Conceptos' is clicked on

2022-03-29 19:48:39 - [TEST_STEP][PASSED] - waitForElementVisible(findTestObject("Modulo Parametros/Comprobar Parametros/a_Nuevo"), 0): Object 'Object Repository/Modulo Parametros/Comprobar Parametros/a_Nuevo' is visible

2022-03-29 19:48:39 - [MESSAGE][WARNING] - Timeout '0' is invalid. Using default page load timeout: '45'

2022-03-29 19:48:40 - [MESSAGE][PASSED] - Object 'Object Repository/Modulo Parametros/Comprobar Parametros/a_Nuevo' is visible

2022-03-29 19:48:40 - [TEST_STEP][PASSED] - click(findTestObject("Modulo Parametros/Comprobar Parametros/a_Resumen Concepto-Malla")): Object: 'Object Repository/Modulo Parametros/Comprobar Parametros/a_Resumen Concepto-Malla' is clicked on

2022-03-29 19:48:40 - [MESSAGE][PASSED] - Object: 'Object Repository/Modulo Parametros/Comprobar Parametros/a_Resumen Concepto-Malla' is clicked on

2022-03-29 19:48:40 - [TEST_STEP][PASSED] - waitForElementVisible(findTestObject("Modulo Parametros/Comprobar Parametros/a_Nuevo"), 0): Object 'Object Repository/Modulo Parametros/Comprobar Parametros/a_Nuevo' is visible

2022-03-29 19:48:40 - [MESSAGE][WARNING] - Timeout '0' is invalid. Using default page load timeout: '45'

2022-03-29 19:48:41 - [MESSAGE][PASSED] - Object 'Object Repository/Modulo Parametros/Comprobar Parametros/a_Nuevo' is visible

2022-03-29 19:48:41 - [TEST_STEP][PASSED] - click(findTestObject("Modulo Parametros/Comprobar Parametros/a_Fijos")): Object: 'Object Repository/Modulo Parametros/Comprobar Parametros/a_Fijos' is clicked on

2022-03-29 19:48:41 - [MESSAGE][PASSED] - Object: 'Object Repository/Modulo Parametros/Comprobar Parametros/a_Fijos' is clicked on

2022-03-29 19:48:41 - [TEST_STEP][PASSED] - waitForElementVisible(findTestObject("Modulo Parametros/Comprobar Parametros/a_Nuevo"), 0): Object 'Object Repository/Modulo Parametros/Comprobar Parametros/a_Nuevo' is visible

2022-03-29 19:48:42 - [MESSAGE][WARNING] - Timeout '0' is invalid. Using default page load timeout: '45'

2022-03-29 19:48:42 - [MESSAGE][PASSED] - Object 'Object Repository/Modulo Parametros/Comprobar Parametros/a_Nuevo' is visible

2022-03-29 19:48:42 - [TEST_STEP][PASSED] - setText(findTestObject("Modulo Parametros/Comprobar Parametros/input_Empresa 1_form_templatej_idt24_input"), "Parametros Valor (com)"): Text 'Parametros Valor (com)' is set on object 'Object Repository/Modulo Parametros/Comprobar Parametros/input_Empresa 1_form_templatej_idt24_input'

2022-03-29 19:48:43 - [MESSAGE][PASSED] - Text 'Parametros Valor (com)' is set on object 'Object Repository/Modulo Parametros/Comprobar Parametros/input_Empresa 1_form_templatej_idt24_input'

2022-03-29 19:48:43 - [TEST_STEP][PASSED] - click(findTestObject("Modulo Parametros/Comprobar Parametros/li_Parametros")): Object: 'Object Repository/Modulo Parametros/Comprobar Parametros/li_Parametros' is clicked on

2022-03-29 19:48:45 - [MESSAGE][PASSED] - Object: 'Object Repository/Modulo Parametros/Comprobar Parametros/li_Parametros' is clicked on

2022-03-29 19:48:45 - [TEST_STEP][PASSED] - parValor(): null

2022-03-29 19:48:45 - [TEST_STEP][PASSED] - click(findTestObject("Modulo Parametros/Comprobar Parametros/a_Variable Cargo")): Object: 'Object Repository/Modulo Parametros/Comprobar Parametros/a_Variable Cargo' is clicked on

2022-03-29 19:48:46 - [MESSAGE][PASSED] - Object: 'Object Repository/Modulo Parametros/Comprobar Parametros/a_Variable Cargo' is clicked on

2022-03-29 19:48:46 - [TEST_STEP][PASSED] - waitForElementVisible(findTestObject("Modulo Parametros/Comprobar Parametros/a_Nuevo"), 0): Object 'Object Repository/Modulo Parametros/Comprobar Parametros/a_Nuevo' is visible

2022-03-29 19:48:46 - [MESSAGE][WARNING] - Timeout '0' is invalid. Using default page load timeout: '45'

2022-03-29 19:48:47 - [MESSAGE][PASSED] - Object 'Object Repository/Modulo Parametros/Comprobar Parametros/a_Nuevo' is visible

2022-03-29 19:48:47 - [TEST_STEP][PASSED] - click(findTestObject("Modulo Parametros/Comprobar Parametros/a_Variable Cargo Por Zona")): Object: 'Object Repository/Modulo Parametros/Comprobar Parametros/a_Variable Cargo Por Zona' is clicked on

2022-03-29 19:48:47 - [MESSAGE][PASSED] - Object: 'Object Repository/Modulo Parametros/Comprobar Parametros/a_Variable Cargo Por Zona' is clicked on

2022-03-29 19:48:47 - [TEST_STEP][PASSED] - waitForElementVisible(findTestObject("Modulo Parametros/Comprobar Parametros/a_Nuevo"), 0): Object 'Object Repository/Modulo Parametros/Comprobar Parametros/a_Nuevo' is visible

2022-03-29 19:48:47 - [MESSAGE][WARNING] - Timeout '0' is invalid. Using default page load timeout: '45'

2022-03-29 19:48:48 - [MESSAGE][PASSED] - Object 'Object Repository/Modulo Parametros/Comprobar Parametros/a_Nuevo' is visible

2022-03-29 19:48:48 - [TEST_STEP][PASSED] - click(findTestObject("Modulo Parametros/Comprobar Parametros/a_Variable Por Rol")): Object: 'Object Repository/Modulo Parametros/Comprobar Parametros/a_Variable Por Rol' is clicked on

2022-03-29 19:48:49 - [MESSAGE][PASSED] - Object: 'Object Repository/Modulo Parametros/Comprobar Parametros/a_Variable Por Rol' is clicked on

2022-03-29 19:48:49 - [TEST_STEP][PASSED] - waitForElementVisible(findTestObject("Modulo Parametros/Comprobar Parametros/a_Nuevo"), 0): Object 'Object Repository/Modulo Parametros/Comprobar Parametros/a_Nuevo' is visible

2022-03-29 19:48:49 - [MESSAGE][WARNING] - Timeout '0' is invalid. Using default page load timeout: '45'

2022-03-29 19:48:49 - [MESSAGE][PASSED] - Object 'Object Repository/Modulo Parametros/Comprobar Parametros/a_Nuevo' is visible

2022-03-29 19:48:49 - [TEST_STEP][PASSED] - click(findTestObject("Modulo Parametros/Comprobar Parametros/a_Variable Empresa")): Object: 'Object Repository/Modulo Parametros/Comprobar Parametros/a_Variable Empresa' is clicked on

2022-03-29 19:48:50 - [MESSAGE][PASSED] - Object: 'Object Repository/Modulo Parametros/Comprobar Parametros/a_Variable Empresa' is clicked on

2022-03-29 19:48:50 - [TEST_STEP][PASSED] - waitForElementVisible(findTestObject("Modulo Parametros/Comprobar Parametros/a_Nuevo"), 0): Object 'Object Repository/Modulo Parametros/Comprobar Parametros/a_Nuevo' is visible

2022-03-29 19:48:50 - [MESSAGE][WARNING] - Timeout '0' is invalid. Using default page load timeout: '45'

2022-03-29 19:48:50 - [MESSAGE][PASSED] - Object 'Object Repository/Modulo Parametros/Comprobar Parametros/a_Nuevo' is visible

2022-03-29 19:48:50 - [TEST_STEP][PASSED] - click(findTestObject("Modulo Parametros/Comprobar Parametros/a_Variable Grupo")): Object: 'Object Repository/Modulo Parametros/Comprobar Parametros/a_Variable Grupo' is clicked on

2022-03-29 19:48:51 - [MESSAGE][PASSED] - Object: 'Object Repository/Modulo Parametros/Comprobar Parametros/a_Variable Grupo' is clicked on

2022-03-29 19:48:51 - [TEST_STEP][PASSED] - waitForElementVisible(findTestObject("Modulo Parametros/Comprobar Parametros/a_Nuevo"), 0): Object 'Object Repository/Modulo Parametros/Comprobar Parametros/a_Nuevo' is visible

2022-03-29 19:48:51 - [MESSAGE][WARNING] - Timeout '0' is invalid. Using default page load timeout: '45'

2022-03-29 19:48:52 - [MESSAGE][PASSED] - Object 'Object Repository/Modulo Parametros/Comprobar Parametros/a_Nuevo' is visible

2022-03-29 19:48:52 - [TEST_STEP][PASSED] - click(findTestObject("Modulo Parametros/Comprobar Parametros/a_Variable Organizacin")): Object: 'Object Repository/Modulo Parametros/Comprobar Parametros/a_Variable Organizacin' is clicked on

2022-03-29 19:48:52 - [MESSAGE][PASSED] - Object: 'Object Repository/Modulo Parametros/Comprobar Parametros/a_Variable Organizacin' is clicked on

2022-03-29 19:48:52 - [TEST_STEP][PASSED] - waitForElementVisible(findTestObject("Modulo Parametros/Comprobar Parametros/a_Nuevo"), 0): Object 'Object Repository/Modulo Parametros/Comprobar Parametros/a_Nuevo' is visible

2022-03-29 19:48:52 - [MESSAGE][WARNING] - Timeout '0' is invalid. Using default page load timeout: '45'

2022-03-29 19:48:53 - [MESSAGE][PASSED] - Object 'Object Repository/Modulo Parametros/Comprobar Parametros/a_Nuevo' is visible

2022-03-29 19:48:53 - [TEST_STEP][PASSED] - click(findTestObject("Modulo Parametros/Comprobar Parametros/a_Variable Zona")): Object: 'Object Repository/Modulo Parametros/Comprobar Parametros/a_Variable Zona' is clicked on

2022-03-29 19:48:53 - [MESSAGE][PASSED] - Object: 'Object Repository/Modulo Parametros/Comprobar Parametros/a_Variable Zona' is clicked on

2022-03-29 19:48:53 - [TEST_STEP][PASSED] - waitForElementVisible(findTestObject("Modulo Parametros/Comprobar Parametros/a_Nuevo"), 0): Object 'Object Repository/Modulo Parametros/Comprobar Parametros/a_Nuevo' is visible

2022-03-29 19:48:53 - [MESSAGE][WARNING] - Timeout '0' is invalid. Using default page load timeout: '45'

2022-03-29 19:48:54 - [MESSAGE][PASSED] - Object 'Object Repository/Modulo Parametros/Comprobar Parametros/a_Nuevo' is visible

2022-03-29 19:48:54 - [TEST_STEP][PASSED] - click(findTestObject("Modulo Parametros/Comprobar Parametros/a_Distribucin Costo")): Object: 'Object Repository/Modulo Parametros/Comprobar Parametros/a_Distribucin Costo' is clicked on

2022-03-29 19:48:55 - [MESSAGE][PASSED] - Object: 'Object Repository/Modulo Parametros/Comprobar Parametros/a_Distribucin Costo' is clicked on

2022-03-29 19:48:55 - [TEST_STEP][PASSED] - waitForElementVisible(findTestObject("Modulo Parametros/Comprobar Parametros/a_Nuevo"), 0): Object 'Object Repository/Modulo Parametros/Comprobar Parametros/a_Nuevo' is visible

2022-03-29 19:48:55 - [MESSAGE][WARNING] - Timeout '0' is invalid. Using default page load timeout: '45'

2022-03-29 19:48:55 - [MESSAGE][PASSED] - Object 'Object Repository/Modulo Parametros/Comprobar Parametros/a_Nuevo' is visible

2022-03-29 19:48:55 - [TEST_STEP][PASSED] - click(findTestObject("Modulo Parametros/Comprobar Parametros/a_Variable Unidad")): Object: 'Object Repository/Modulo Parametros/Comprobar Parametros/a_Variable Unidad' is clicked on

2022-03-29 19:48:56 - [MESSAGE][PASSED] - Object: 'Object Repository/Modulo Parametros/Comprobar Parametros/a_Variable Unidad' is clicked on

2022-03-29 19:48:56 - [TEST_STEP][PASSED] - waitForElementVisible(findTestObject("Modulo Parametros/Comprobar Parametros/a_Nuevo"), 0): Object 'Object Repository/Modulo Parametros/Comprobar Parametros/a_Nuevo' is visible

2022-03-29 19:48:56 - [MESSAGE][WARNING] - Timeout '0' is invalid. Using default page load timeout: '45'

2022-03-29 19:48:56 - [MESSAGE][PASSED] - Object 'Object Repository/Modulo Parametros/Comprobar Parametros/a_Nuevo' is visible

2022-03-29 19:48:56 - [TEST_STEP][PASSED] - setText(findTestObject("Modulo Parametros/Comprobar Parametros/input_Empresa 1_form_templatej_idt24_input"), "Parametros de Costeo (com)"): Text 'Parametros de Costeo (com)' is set on object 'Object Repository/Modulo Parametros/Comprobar Parametros/input_Empresa 1_form_templatej_idt24_input'

2022-03-29 19:48:57 - [MESSAGE][PASSED] - Text 'Parametros de Costeo (com)' is set on object 'Object Repository/Modulo Parametros/Comprobar Parametros/input_Empresa 1_form_templatej_idt24_input'

2022-03-29 19:48:57 - [TEST_STEP][PASSED] - parCosteo(): null

2022-03-29 19:48:57 - [TEST_STEP][PASSED] - click(findTestObject("Modulo Parametros/Comprobar Parametros/li_Parametros")): Object: 'Object Repository/Modulo Parametros/Comprobar Parametros/li_Parametros' is clicked on

2022-03-29 19:48:59 - [MESSAGE][PASSED] - Object: 'Object Repository/Modulo Parametros/Comprobar Parametros/li_Parametros' is clicked on

2022-03-29 19:48:59 - [TEST_STEP][PASSED] - click(findTestObject("Modulo Parametros/Comprobar Parametros/a_Lnea  Costo")): Object: 'Object Repository/Modulo Parametros/Comprobar Parametros/a_Lnea  Costo' is clicked on

2022-03-29 19:49:00 - [MESSAGE][PASSED] - Object: 'Object Repository/Modulo Parametros/Comprobar Parametros/a_Lnea  Costo' is clicked on

2022-03-29 19:49:00 - [TEST_STEP][PASSED] - waitForElementVisible(findTestObject("Modulo Parametros/Comprobar Parametros/a_Nuevo"), 0): Object 'Object Repository/Modulo Parametros/Comprobar Parametros/a_Nuevo' is visible

2022-03-29 19:49:00 - [MESSAGE][WARNING] - Timeout '0' is invalid. Using default page load timeout: '45'

2022-03-29 19:49:00 - [MESSAGE][PASSED] - Object 'Object Repository/Modulo Parametros/Comprobar Parametros/a_Nuevo' is visible

2022-03-29 19:49:00 - [TEST_STEP][PASSED] - click(findTestObject("Modulo Parametros/Comprobar Parametros/a_Zona Econmica")): Object: 'Object Repository/Modulo Parametros/Comprobar Parametros/a_Zona Econmica' is clicked on

2022-03-29 19:49:01 - [MESSAGE][PASSED] - Object: 'Object Repository/Modulo Parametros/Comprobar Parametros/a_Zona Econmica' is clicked on

2022-03-29 19:49:01 - [TEST_STEP][PASSED] - waitForElementVisible(findTestObject("Modulo Parametros/Comprobar Parametros/a_Nuevo"), 0): Object 'Object Repository/Modulo Parametros/Comprobar Parametros/a_Nuevo' is visible

2022-03-29 19:49:01 - [MESSAGE][WARNING] - Timeout '0' is invalid. Using default page load timeout: '45'

2022-03-29 19:49:02 - [MESSAGE][PASSED] - Object 'Object Repository/Modulo Parametros/Comprobar Parametros/a_Nuevo' is visible

2022-03-29 19:49:02 - [TEST_STEP][PASSED] - click(findTestObject("Modulo Parametros/Comprobar Parametros/a_Centro Costo")): Object: 'Object Repository/Modulo Parametros/Comprobar Parametros/a_Centro Costo' is clicked on

2022-03-29 19:49:02 - [MESSAGE][PASSED] - Object: 'Object Repository/Modulo Parametros/Comprobar Parametros/a_Centro Costo' is clicked on

2022-03-29 19:49:02 - [TEST_STEP][PASSED] - waitForElementVisible(findTestObject("Modulo Parametros/Comprobar Parametros/a_Nuevo"), 0): Object 'Object Repository/Modulo Parametros/Comprobar Parametros/a_Nuevo' is visible

2022-03-29 19:49:02 - [MESSAGE][WARNING] - Timeout '0' is invalid. Using default page load timeout: '45'

2022-03-29 19:49:03 - [MESSAGE][PASSED] - Object 'Object Repository/Modulo Parametros/Comprobar Parametros/a_Nuevo' is visible

2022-03-29 19:49:03 - [TEST_STEP][PASSED] - click(findTestObject("Modulo Parametros/Comprobar Parametros/a_Proyecto")): Object: 'Object Repository/Modulo Parametros/Comprobar Parametros/a_Proyecto' is clicked on

2022-03-29 19:49:04 - [MESSAGE][PASSED] - Object: 'Object Repository/Modulo Parametros/Comprobar Parametros/a_Proyecto' is clicked on

2022-03-29 19:49:04 - [TEST_STEP][PASSED] - waitForElementVisible(findTestObject("Modulo Parametros/Comprobar Parametros/a_Nuevo"), 0): Object 'Object Repository/Modulo Parametros/Comprobar Parametros/a_Nuevo' is visible

2022-03-29 19:49:04 - [MESSAGE][WARNING] - Timeout '0' is invalid. Using default page load timeout: '45'

2022-03-29 19:49:05 - [MESSAGE][PASSED] - Object 'Object Repository/Modulo Parametros/Comprobar Parametros/a_Nuevo' is visible

2022-03-29 19:49:05 - [TEST_STEP][PASSED] - click(findTestObject("Modulo Parametros/Comprobar Parametros/a_Actividades")): Object: 'Object Repository/Modulo Parametros/Comprobar Parametros/a_Actividades' is clicked on

2022-03-29 19:49:05 - [MESSAGE][PASSED] - Object: 'Object Repository/Modulo Parametros/Comprobar Parametros/a_Actividades' is clicked on

2022-03-29 19:49:05 - [TEST_STEP][PASSED] - waitForElementVisible(findTestObject("Modulo Parametros/Comprobar Parametros/a_Nuevo"), 0): Object 'Object Repository/Modulo Parametros/Comprobar Parametros/a_Nuevo' is visible

2022-03-29 19:49:05 - [MESSAGE][WARNING] - Timeout '0' is invalid. Using default page load timeout: '45'

2022-03-29 19:49:06 - [MESSAGE][PASSED] - Object 'Object Repository/Modulo Parametros/Comprobar Parametros/a_Nuevo' is visible

2022-03-29 19:49:06 - [TEST_STEP][PASSED] - setText(findTestObject("Modulo Parametros/Comprobar Parametros/input_Empresa 1_form_templatej_idt24_input"), "Parametros Entidad/Instructor (bie)"): Text 'Parametros Entidad/Instructor (bie)' is set on object 'Object Repository/Modulo Parametros/Comprobar Parametros/input_Empresa 1_form_templatej_idt24_input'

2022-03-29 19:49:07 - [MESSAGE][PASSED] - Text 'Parametros Entidad/Instructor (bie)' is set on object 'Object Repository/Modulo Parametros/Comprobar Parametros/input_Empresa 1_form_templatej_idt24_input'

2022-03-29 19:49:07 - [TEST_STEP][PASSED] - click(findTestObject("Modulo Parametros/Comprobar Parametros/li_Parametros")): Object: 'Object Repository/Modulo Parametros/Comprobar Parametros/li_Parametros' is clicked on

2022-03-29 19:49:08 - [MESSAGE][PASSED] - Object: 'Object Repository/Modulo Parametros/Comprobar Parametros/li_Parametros' is clicked on

2022-03-29 19:49:08 - [TEST_STEP][PASSED] - parEntidadInstructor(): null

2022-03-29 19:49:08 - [TEST_STEP][PASSED] - click(findTestObject("Modulo Parametros/Comprobar Parametros/a_Entidad")): Object: 'Object Repository/Modulo Parametros/Comprobar Parametros/a_Entidad' is clicked on

2022-03-29 19:49:09 - [MESSAGE][PASSED] - Object: 'Object Repository/Modulo Parametros/Comprobar Parametros/a_Entidad' is clicked on

2022-03-29 19:49:09 - [TEST_STEP][PASSED] - waitForElementVisible(findTestObject("Modulo Parametros/Comprobar Parametros/a_Nuevo"), 0): Object 'Object Repository/Modulo Parametros/Comprobar Parametros/a_Nuevo' is visible

2022-03-29 19:49:09 - [MESSAGE][WARNING] - Timeout '0' is invalid. Using default page load timeout: '45'

2022-03-29 19:49:10 - [MESSAGE][PASSED] - Object 'Object Repository/Modulo Parametros/Comprobar Parametros/a_Nuevo' is visible

2022-03-29 19:49:10 - [TEST_STEP][PASSED] - click(findTestObject("Modulo Parametros/Comprobar Parametros/a_Instructor")): Object: 'Object Repository/Modulo Parametros/Comprobar Parametros/a_Instructor' is clicked on

2022-03-29 19:49:11 - [MESSAGE][PASSED] - Object: 'Object Repository/Modulo Parametros/Comprobar Parametros/a_Instructor' is clicked on

2022-03-29 19:49:11 - [TEST_STEP][PASSED] - waitForElementVisible(findTestObject("Modulo Parametros/Comprobar Parametros/a_Nuevo"), 0): Object 'Object Repository/Modulo Parametros/Comprobar Parametros/a_Nuevo' is visible

2022-03-29 19:49:11 - [MESSAGE][WARNING] - Timeout '0' is invalid. Using default page load timeout: '45'

2022-03-29 19:49:11 - [MESSAGE][PASSED] - Object 'Object Repository/Modulo Parametros/Comprobar Parametros/a_Nuevo' is visible]]></system-out>
         <system-err><![CDATA[]]></system-err>
      </testcase>
      <system-out><![CDATA[2022-03-29 18:41:58 - [TEST_SUITE][FAILED] - 1-Tareas_secundarias: Test Cases/1.2-Tareas_Secundarias/3.1-Pruebas_Bienestar/3.1.1-Crear_un_Evento FAILED.
Reason:
com.kms.katalon.core.exception.StepFailedException: Unable to click on object
	at com.kms.katalon.core.webui.keyword.internal.WebUIKeywordMain.stepFailed(WebUIKeywordMain.groovy:64)
	at com.kms.katalon.core.webui.keyword.internal.WebUIKeywordMain.runKeyword(WebUIKeywordMain.groovy:26)
	at com.kms.katalon.core.webui.keyword.builtin.ClickKeyword.click(ClickKeyword.groovy:74)
	at com.kms.katalon.core.webui.keyword.builtin.ClickKeyword.execute(ClickKeyword.groovy:40)
	at com.kms.katalon.core.keyword.internal.KeywordExecutor.executeKeywordForPlatform(KeywordExecutor.groovy:74)
	at com.kms.katalon.core.webui.keyword.WebUiBuiltInKeywords.click(WebUiBuiltInKeywords.groovy:620)
	at com.kms.katalon.core.webui.keyword.WebUiBuiltInKeywords$click$5.call(Unknown Source)
	at 3.1.1-Crear_un_Evento.run(3.1.1-Crear_un_Evento:72)
	at com.kms.katalon.core.main.ScriptEngine.run(ScriptEngine.java:194)
	at com.kms.katalon.core.main.ScriptEngine.runScriptAsRawText(ScriptEngine.java:119)
	at com.kms.katalon.core.main.TestCaseExecutor.runScript(TestCaseExecutor.java:442)
	at com.kms.katalon.core.main.TestCaseExecutor.doExecute(TestCaseExecutor.java:433)
	at com.kms.katalon.core.main.TestCaseExecutor.processExecutionPhase(TestCaseExecutor.java:412)
	at com.kms.katalon.core.main.TestCaseExecutor.accessMainPhase(TestCaseExecutor.java:404)
	at com.kms.katalon.core.main.TestCaseExecutor.execute(TestCaseExecutor.java:281)
	at com.kms.katalon.core.main.TestSuiteExecutor.accessTestCaseMainPhase(TestSuiteExecutor.java:202)
	at com.kms.katalon.core.main.TestSuiteExecutor.accessTestSuiteMainPhase(TestSuiteExecutor.java:164)
	at com.kms.katalon.core.main.TestSuiteExecutor.execute(TestSuiteExecutor.java:105)
	at com.kms.katalon.core.main.TestCaseMain.startTestSuite(TestCaseMain.java:185)
	at com.kms.katalon.core.main.TestCaseMain$startTestSuite$0.call(Unknown Source)
	at TempTestSuite1648594435047.run(TempTestSuite1648594435047.groovy:36)
Caused by: java.lang.IllegalArgumentException: Object is null
	at com.kms.katalon.core.helper.KeywordHelper.checkTestObjectParameter(KeywordHelper.java:33)
	at com.kms.katalon.core.webui.keyword.builtin.ClickKeyword$_click_closure1.doCall(ClickKeyword.groovy:62)
	at com.kms.katalon.core.webui.keyword.builtin.ClickKeyword$_click_closure1.call(ClickKeyword.groovy)
	at com.kms.katalon.core.webui.keyword.internal.WebUIKeywordMain.runKeyword(WebUIKeywordMain.groovy:20)
	... 19 more]]></system-out>
      <system-err><![CDATA[2022-03-29 18:41:58 - [TEST_SUITE][FAILED] - 1-Tareas_secundarias: Test Cases/1.2-Tareas_Secundarias/3.1-Pruebas_Bienestar/3.1.1-Crear_un_Evento FAILED.
Reason:
com.kms.katalon.core.exception.StepFailedException: Unable to click on object
	at com.kms.katalon.core.webui.keyword.internal.WebUIKeywordMain.stepFailed(WebUIKeywordMain.groovy:64)
	at com.kms.katalon.core.webui.keyword.internal.WebUIKeywordMain.runKeyword(WebUIKeywordMain.groovy:26)
	at com.kms.katalon.core.webui.keyword.builtin.ClickKeyword.click(ClickKeyword.groovy:74)
	at com.kms.katalon.core.webui.keyword.builtin.ClickKeyword.execute(ClickKeyword.groovy:40)
	at com.kms.katalon.core.keyword.internal.KeywordExecutor.executeKeywordForPlatform(KeywordExecutor.groovy:74)
	at com.kms.katalon.core.webui.keyword.WebUiBuiltInKeywords.click(WebUiBuiltInKeywords.groovy:620)
	at com.kms.katalon.core.webui.keyword.WebUiBuiltInKeywords$click$5.call(Unknown Source)
	at 3.1.1-Crear_un_Evento.run(3.1.1-Crear_un_Evento:72)
	at com.kms.katalon.core.main.ScriptEngine.run(ScriptEngine.java:194)
	at com.kms.katalon.core.main.ScriptEngine.runScriptAsRawText(ScriptEngine.java:119)
	at com.kms.katalon.core.main.TestCaseExecutor.runScript(TestCaseExecutor.java:442)
	at com.kms.katalon.core.main.TestCaseExecutor.doExecute(TestCaseExecutor.java:433)
	at com.kms.katalon.core.main.TestCaseExecutor.processExecutionPhase(TestCaseExecutor.java:412)
	at com.kms.katalon.core.main.TestCaseExecutor.accessMainPhase(TestCaseExecutor.java:404)
	at com.kms.katalon.core.main.TestCaseExecutor.execute(TestCaseExecutor.java:281)
	at com.kms.katalon.core.main.TestSuiteExecutor.accessTestCaseMainPhase(TestSuiteExecutor.java:202)
	at com.kms.katalon.core.main.TestSuiteExecutor.accessTestSuiteMainPhase(TestSuiteExecutor.java:164)
	at com.kms.katalon.core.main.TestSuiteExecutor.execute(TestSuiteExecutor.java:105)
	at com.kms.katalon.core.main.TestCaseMain.startTestSuite(TestCaseMain.java:185)
	at com.kms.katalon.core.main.TestCaseMain$startTestSuite$0.call(Unknown Source)
	at TempTestSuite1648594435047.run(TempTestSuite1648594435047.groovy:36)
Caused by: java.lang.IllegalArgumentException: Object is null
	at com.kms.katalon.core.helper.KeywordHelper.checkTestObjectParameter(KeywordHelper.java:33)
	at com.kms.katalon.core.webui.keyword.builtin.ClickKeyword$_click_closure1.doCall(ClickKeyword.groovy:62)
	at com.kms.katalon.core.webui.keyword.builtin.ClickKeyword$_click_closure1.call(ClickKeyword.groovy)
	at com.kms.katalon.core.webui.keyword.internal.WebUIKeywordMain.runKeyword(WebUIKeywordMain.groovy:20)
	... 19 more]]></system-err>
   </testsuite>
</testsuites>
