<?xml version="1.0" encoding="UTF-8"?>
<testsuites name="5-Pruebas SST" time="532.836" tests="9" failures="8" errors="0">
   <testsuite name="5-Pruebas SST" tests="9" failures="8" errors="0" time="532.836" skipped="0" timestamp="2021-12-29 12:36:26" hostname="diego.rojas - US-AF-000371" id="Test Suites/5-Pruebas SST">
      <properties>
         <property name="deviceName" value=""/>
         <property name="devicePlatform" value=""/>
         <property name="logFolder" value="C:\\Users\\diego.rojas\\git\\Pruebas-Minimas\\Reports\\20211229_122339\\5-Pruebas SST\\20211229_122355"/>
         <property name="logFiles" value="C:\\Users\\diego.rojas\\git\\Pruebas-Minimas\\Reports\\20211229_122339\\5-Pruebas SST\\20211229_122355\\execution0.log"/>
         <property name="attachments" value="C:\\Users\\diego.rojas\\git\\Pruebas-Minimas\\Reports\\20211229_122339\\5-Pruebas SST\\20211229_122355\\1640799442120.png, C:\\Users\\diego.rojas\\git\\Pruebas-Minimas\\Reports\\20211229_122339\\5-Pruebas SST\\20211229_122355\\1640799528348.png, C:\\Users\\diego.rojas\\git\\Pruebas-Minimas\\Reports\\20211229_122339\\5-Pruebas SST\\20211229_122355\\1640799573471.png, C:\\Users\\diego.rojas\\git\\Pruebas-Minimas\\Reports\\20211229_122339\\5-Pruebas SST\\20211229_122355\\1640799606781.png, C:\\Users\\diego.rojas\\git\\Pruebas-Minimas\\Reports\\20211229_122339\\5-Pruebas SST\\20211229_122355\\1640799708420.png, C:\\Users\\diego.rojas\\git\\Pruebas-Minimas\\Reports\\20211229_122339\\5-Pruebas SST\\20211229_122355\\1640799794519.png, C:\\Users\\diego.rojas\\git\\Pruebas-Minimas\\Reports\\20211229_122339\\5-Pruebas SST\\20211229_122355\\1640799851931.png, C:\\Users\\diego.rojas\\git\\Pruebas-Minimas\\Reports\\20211229_122339\\5-Pruebas SST\\20211229_122355\\1640799919224.png"/>
         <property name="hostName" value="diego.rojas - US-AF-000371"/>
         <property name="os" value="Windows 10 64bit"/>
         <property name="katalonVersion" value="8.2.0.208"/>
         <property name="browser" value="Chrome 96.0.4664.110"/>
         <property name="hostAddress" value="192.168.56.1"/>
         <property name="sessionId" value="b8c8ae066ed82c07e716b30e87c6de9e"/>
         <property name="seleniumVersion" value="3.141.59"/>
         <property name="proxyInformation" value="ProxyInformation { proxyOption=NO_PROXY, proxyServerType=HTTP, username=, password=********, proxyServerAddress=, proxyServerPort=0, executionList=&quot;&quot;, isApplyToDesiredCapabilities=true }"/>
         <property name="platform" value="Windows 10"/>
      </properties>
      <testcase name="Test Cases/5.1-Pruebas_SST/5.1.1-Reporte_de_accidente_de_trabajo" time="55.415" classname="Test Cases/5.1-Pruebas_SST/5.1.1-Reporte_de_accidente_de_trabajo" status="FAILED">
         <failure type="FAILED" message="Test Cases/5.1-Pruebas_SST/5.1.1-Reporte_de_accidente_de_trabajo FAILED.
Reason:
com.kms.katalon.core.exception.StepFailedException: Unable to click on object 'Object Repository/Modulo Pruebas SST/Reporte_de_accidente_de_trabajo/a_Eliminar1'
	at com.kms.katalon.core.webui.keyword.internal.WebUIKeywordMain.stepFailed(WebUIKeywordMain.groovy:64)
	at com.kms.katalon.core.webui.keyword.internal.WebUIKeywordMain.runKeyword(WebUIKeywordMain.groovy:26)
	at com.kms.katalon.core.webui.keyword.builtin.ClickKeyword.click(ClickKeyword.groovy:74)
	at com.kms.katalon.core.webui.keyword.builtin.ClickKeyword.execute(ClickKeyword.groovy:40)
	at com.kms.katalon.core.keyword.internal.KeywordExecutor.executeKeywordForPlatform(KeywordExecutor.groovy:74)
	at com.kms.katalon.core.webui.keyword.WebUiBuiltInKeywords.click(WebUiBuiltInKeywords.groovy:620)
	at com.kms.katalon.core.webui.keyword.WebUiBuiltInKeywords$click$5.call(Unknown Source)
	at 5.1.1-Reporte_de_accidente_de_trabajo.run(5.1.1-Reporte_de_accidente_de_trabajo:47)
	at com.kms.katalon.core.main.ScriptEngine.run(ScriptEngine.java:194)
	at com.kms.katalon.core.main.ScriptEngine.runScriptAsRawText(ScriptEngine.java:119)
	at com.kms.katalon.core.main.TestCaseExecutor.runScript(TestCaseExecutor.java:442)
	at com.kms.katalon.core.main.TestCaseExecutor.doExecute(TestCaseExecutor.java:433)
	at com.kms.katalon.core.main.TestCaseExecutor.processExecutionPhase(TestCaseExecutor.java:412)
	at com.kms.katalon.core.main.TestCaseExecutor.accessMainPhase(TestCaseExecutor.java:404)
	at com.kms.katalon.core.main.TestCaseExecutor.execute(TestCaseExecutor.java:281)
	at com.kms.katalon.core.main.TestSuiteExecutor.accessTestCaseMainPhase(TestSuiteExecutor.java:202)
	at com.kms.katalon.core.main.TestSuiteExecutor.accessTestSuiteMainPhase(TestSuiteExecutor.java:164)
	at com.kms.katalon.core.main.TestSuiteExecutor.execute(TestSuiteExecutor.java:105)
	at com.kms.katalon.core.main.TestCaseMain.startTestSuite(TestCaseMain.java:181)
	at com.kms.katalon.core.main.TestCaseMain$startTestSuite$0.call(Unknown Source)
	at TempTestSuite1640798635364.run(TempTestSuite1640798635364.groovy:36)
Caused by: com.kms.katalon.core.webui.exception.WebElementNotFoundException: Web element with id: 'Object Repository/Modulo Pruebas SST/Reporte_de_accidente_de_trabajo/a_Eliminar1' located by '//a[@id='form_popupTestigoAccidente:j_idt175']' not found
	at com.kms.katalon.core.webui.common.WebUiCommonHelper.findWebElement(WebUiCommonHelper.java:1368)
	at com.kms.katalon.core.webui.keyword.internal.WebUIAbstractKeyword.findWebElement(WebUIAbstractKeyword.groovy:27)
	at com.kms.katalon.core.webui.keyword.builtin.ClickKeyword$_click_closure1.doCall(ClickKeyword.groovy:65)
	at com.kms.katalon.core.webui.keyword.builtin.ClickKeyword$_click_closure1.call(ClickKeyword.groovy)
	at com.kms.katalon.core.webui.keyword.internal.WebUIKeywordMain.runKeyword(WebUIKeywordMain.groovy:20)
	... 19 more
"/>
         <system-out><![CDATA[2021-12-29 12:36:26 - [TEST_CASE][FAILED] - Test Cases/5.1-Pruebas_SST/5.1.1-Reporte_de_accidente_de_trabajo: Test Cases/5.1-Pruebas_SST/5.1.1-Reporte_de_accidente_de_trabajo FAILED.
Reason:
com.kms.katalon.core.exception.StepFailedException: Unable to click on object 'Object Repository/Modulo Pruebas SST/Reporte_de_accidente_de_trabajo/a_Eliminar1'
	at com.kms.katalon.core.webui.keyword.internal.WebUIKeywordMain.stepFailed(WebUIKeywordMain.groovy:64)
	at com.kms.katalon.core.webui.keyword.internal.WebUIKeywordMain.runKeyword(WebUIKeywordMain.groovy:26)
	at com.kms.katalon.core.webui.keyword.builtin.ClickKeyword.click(ClickKeyword.groovy:74)
	at com.kms.katalon.core.webui.keyword.builtin.ClickKeyword.execute(ClickKeyword.groovy:40)
	at com.kms.katalon.core.keyword.internal.KeywordExecutor.executeKeywordForPlatform(KeywordExecutor.groovy:74)
	at com.kms.katalon.core.webui.keyword.WebUiBuiltInKeywords.click(WebUiBuiltInKeywords.groovy:620)
	at com.kms.katalon.core.webui.keyword.WebUiBuiltInKeywords$click$5.call(Unknown Source)
	at 5.1.1-Reporte_de_accidente_de_trabajo.run(5.1.1-Reporte_de_accidente_de_trabajo:47)
	at com.kms.katalon.core.main.ScriptEngine.run(ScriptEngine.java:194)
	at com.kms.katalon.core.main.ScriptEngine.runScriptAsRawText(ScriptEngine.java:119)
	at com.kms.katalon.core.main.TestCaseExecutor.runScript(TestCaseExecutor.java:442)
	at com.kms.katalon.core.main.TestCaseExecutor.doExecute(TestCaseExecutor.java:433)
	at com.kms.katalon.core.main.TestCaseExecutor.processExecutionPhase(TestCaseExecutor.java:412)
	at com.kms.katalon.core.main.TestCaseExecutor.accessMainPhase(TestCaseExecutor.java:404)
	at com.kms.katalon.core.main.TestCaseExecutor.execute(TestCaseExecutor.java:281)
	at com.kms.katalon.core.main.TestSuiteExecutor.accessTestCaseMainPhase(TestSuiteExecutor.java:202)
	at com.kms.katalon.core.main.TestSuiteExecutor.accessTestSuiteMainPhase(TestSuiteExecutor.java:164)
	at com.kms.katalon.core.main.TestSuiteExecutor.execute(TestSuiteExecutor.java:105)
	at com.kms.katalon.core.main.TestCaseMain.startTestSuite(TestCaseMain.java:181)
	at com.kms.katalon.core.main.TestCaseMain$startTestSuite$0.call(Unknown Source)
	at TempTestSuite1640798635364.run(TempTestSuite1640798635364.groovy:36)
Caused by: com.kms.katalon.core.webui.exception.WebElementNotFoundException: Web element with id: 'Object Repository/Modulo Pruebas SST/Reporte_de_accidente_de_trabajo/a_Eliminar1' located by '//a[@id='form_popupTestigoAccidente:j_idt175']' not found
	at com.kms.katalon.core.webui.common.WebUiCommonHelper.findWebElement(WebUiCommonHelper.java:1368)
	at com.kms.katalon.core.webui.keyword.internal.WebUIAbstractKeyword.findWebElement(WebUIAbstractKeyword.groovy:27)
	at com.kms.katalon.core.webui.keyword.builtin.ClickKeyword$_click_closure1.doCall(ClickKeyword.groovy:65)
	at com.kms.katalon.core.webui.keyword.builtin.ClickKeyword$_click_closure1.call(ClickKeyword.groovy)
	at com.kms.katalon.core.webui.keyword.internal.WebUIKeywordMain.runKeyword(WebUIKeywordMain.groovy:20)
	... 19 more


2021-12-29 12:36:27 - [TEST_STEP][PASSED] - callTestCase(findTestCase("0.1-Login"), [:], STOP_ON_FAILURE): Call Test Case 'Test Cases/0.1-Login' successfully

2021-12-29 12:36:27 - [TEST_CASE][PASSED] - Test Cases/0.1-Login: Test Cases/0.1-Login

2021-12-29 12:36:28 - [TEST_STEP][PASSED] - openBrowser(""): Browser is opened with url: ''

2021-12-29 12:36:28 - [MESSAGE][INFO] - Starting 'Chrome' driver

2021-12-29 12:36:28 - [MESSAGE][INFO] - Action delay is set to 0 milliseconds

2021-12-29 12:36:30 - [MESSAGE][PASSED] - Browser is opened with url: ''

2021-12-29 12:36:30 - [TEST_STEP][PASSED] - maximizeWindow(): Current window maximized

2021-12-29 12:36:30 - [MESSAGE][PASSED] - Current window maximized

2021-12-29 12:36:30 - [TEST_STEP][PASSED] - i = G_Login: null

2021-12-29 12:36:31 - [TEST_STEP][PASSED] - url = new java.net.URL(i): null

2021-12-29 12:36:31 - [TEST_STEP][PASSED] - println("URL: " + url.toString()): null

2021-12-29 12:36:31 - [TEST_STEP][PASSED] - connection = url.openConnection(): null

2021-12-29 12:36:31 - [TEST_STEP][PASSED] - connection.setRequestMethod("GET"): null

2021-12-29 12:36:31 - [TEST_STEP][PASSED] - connection.setReadTimeout(2 * 1000): null

2021-12-29 12:36:31 - [TEST_STEP][PASSED] - try: null

2021-12-29 12:36:31 - [TEST_STEP][PASSED] - connection.connect(): null

2021-12-29 12:36:31 - [TEST_STEP][PASSED] - flag = connected: null

2021-12-29 12:36:31 - [TEST_STEP][PASSED] - println("Valor_ori: " + flag): null

2021-12-29 12:36:31 - [TEST_STEP][PASSED] - if (flag): null

2021-12-29 12:36:31 - [TEST_STEP][PASSED] - navigateToUrl(i): Navigate to 'http://192.168.2.80:8380/saraweb' successfully

2021-12-29 12:36:31 - [MESSAGE][PASSED] - Navigate to 'http://192.168.2.80:8380/saraweb' successfully

2021-12-29 12:36:31 - [TEST_STEP][PASSED] - a(): null

2021-12-29 12:36:31 - [TEST_STEP][PASSED] - setText(findTestObject("Login/input_USUARIO_loginusuario"), G_Usuario): Text 'saraadmin' is set on object 'Object Repository/Login/input_USUARIO_loginusuario'

2021-12-29 12:36:32 - [MESSAGE][PASSED] - Text 'saraadmin' is set on object 'Object Repository/Login/input_USUARIO_loginusuario'

2021-12-29 12:36:32 - [TEST_STEP][PASSED] - setEncryptedText(findTestObject("Login/input_CLAVE_loginpassword"), "MkG4/TYiCFC3cb2driP7+Q=="): Text ****** has been set on object 'Object Repository/Login/input_CLAVE_loginpassword'

2021-12-29 12:36:33 - [MESSAGE][PASSED] - Text ****** has been set on object 'Object Repository/Login/input_CLAVE_loginpassword'

2021-12-29 12:36:33 - [TEST_STEP][PASSED] - waitForElementClickable(findTestObject("Login/a_Ingresar"), G_TimeOut): Object 'Object Repository/Login/a_Ingresar' is clickable

2021-12-29 12:36:34 - [MESSAGE][PASSED] - Object 'Object Repository/Login/a_Ingresar' is clickable

2021-12-29 12:36:34 - [TEST_STEP][PASSED] - click(findTestObject("Login/a_Ingresar")): Object: 'Object Repository/Login/a_Ingresar' is clicked on

2021-12-29 12:36:36 - [MESSAGE][PASSED] - Object: 'Object Repository/Login/a_Ingresar' is clicked on

2021-12-29 12:36:36 - [TEST_STEP][PASSED] - element = findWebElement(findTestObject("Login/a_Ir"), 30): null

2021-12-29 12:36:36 - [TEST_STEP][PASSED] - executeJavaScript("arguments[0].click()", Arrays.asList(element)): Execute JavaScript 'arguments[0].click()' successfully

2021-12-29 12:36:36 - [MESSAGE][PASSED] - Execute JavaScript 'arguments[0].click()' successfully

2021-12-29 12:36:36 - [MESSAGE][PASSED] - Call Test Case 'Test Cases/0.1-Login' successfully

2021-12-29 12:36:36 - [TEST_STEP][PASSED] - setText(findTestObject("Modulo Pruebas SST/Reporte_de_accidente_de_trabajo/input_ADMINISTRADOR DEL SISTEMA - SARA_form_templatej_idt24_input"), "Informe accidente de trabajo"): Text 'Informe accidente de trabajo' is set on object 'Object Repository/Modulo Pruebas SST/Reporte_de_accidente_de_trabajo/input_ADMINISTRADOR DEL SISTEMA - SARA_form_templatej_idt24_input'

2021-12-29 12:36:38 - [MESSAGE][PASSED] - Text 'Informe accidente de trabajo' is set on object 'Object Repository/Modulo Pruebas SST/Reporte_de_accidente_de_trabajo/input_ADMINISTRADOR DEL SISTEMA - SARA_form_templatej_idt24_input'

2021-12-29 12:36:38 - [TEST_STEP][PASSED] - click(findTestObject("Modulo Pruebas SST/Reporte_de_accidente_de_trabajo/li_Informe Accidente de Trabajo (sst)")): Object: 'Object Repository/Modulo Pruebas SST/Reporte_de_accidente_de_trabajo/li_Informe Accidente de Trabajo (sst)' is clicked on

2021-12-29 12:36:39 - [MESSAGE][PASSED] - Object: 'Object Repository/Modulo Pruebas SST/Reporte_de_accidente_de_trabajo/li_Informe Accidente de Trabajo (sst)' is clicked on

2021-12-29 12:36:39 - [TEST_STEP][PASSED] - if (waitForElementPresent(findTestObject("Modulo Pruebas SST/Reporte_de_accidente_de_trabajo/span_Prueba"), 1)): null

2021-12-29 12:36:42 - [MESSAGE][PASSED] - Object 'Object Repository/Modulo Pruebas SST/Reporte_de_accidente_de_trabajo/span_Prueba' is present

2021-12-29 12:36:42 - [TEST_STEP][PASSED] - click(findTestObject("Modulo Pruebas SST/Reporte_de_accidente_de_trabajo/span_Prueba")): Object: 'Object Repository/Modulo Pruebas SST/Reporte_de_accidente_de_trabajo/span_Prueba' is clicked on

2021-12-29 12:36:42 - [MESSAGE][PASSED] - Object: 'Object Repository/Modulo Pruebas SST/Reporte_de_accidente_de_trabajo/span_Prueba' is clicked on

2021-12-29 12:36:42 - [TEST_STEP][PASSED] - click(findTestObject("Modulo Pruebas SST/Reporte_de_accidente_de_trabajo/a_Recomendaciones_Eliminar")): Object: 'Object Repository/Modulo Pruebas SST/Reporte_de_accidente_de_trabajo/a_Recomendaciones_Eliminar' is clicked on

2021-12-29 12:36:43 - [MESSAGE][PASSED] - Object: 'Object Repository/Modulo Pruebas SST/Reporte_de_accidente_de_trabajo/a_Recomendaciones_Eliminar' is clicked on

2021-12-29 12:36:43 - [TEST_STEP][PASSED] - if (waitForElementPresent(findTestObject("Modulo Pruebas SST/Reporte_de_accidente_de_trabajo/span_Camine con Precaucin_eliminar"), 1)): null

2021-12-29 12:36:44 - [MESSAGE][PASSED] - Object 'Object Repository/Modulo Pruebas SST/Reporte_de_accidente_de_trabajo/span_Camine con Precaucin_eliminar' is present

2021-12-29 12:36:44 - [TEST_STEP][PASSED] - click(findTestObject("Modulo Pruebas SST/Reporte_de_accidente_de_trabajo/span_Camine con Precaucin_eliminar")): Object: 'Object Repository/Modulo Pruebas SST/Reporte_de_accidente_de_trabajo/span_Camine con Precaucin_eliminar' is clicked on

2021-12-29 12:36:45 - [MESSAGE][PASSED] - Object: 'Object Repository/Modulo Pruebas SST/Reporte_de_accidente_de_trabajo/span_Camine con Precaucin_eliminar' is clicked on

2021-12-29 12:36:45 - [TEST_STEP][PASSED] - click(findTestObject("Modulo Pruebas SST/Reporte_de_accidente_de_trabajo/a_Eliminar0")): Object: 'Object Repository/Modulo Pruebas SST/Reporte_de_accidente_de_trabajo/a_Eliminar0' is clicked on

2021-12-29 12:36:48 - [MESSAGE][PASSED] - Object: 'Object Repository/Modulo Pruebas SST/Reporte_de_accidente_de_trabajo/a_Eliminar0' is clicked on

2021-12-29 12:36:48 - [TEST_STEP][PASSED] - click(findTestObject("Modulo Pruebas SST/Reporte_de_accidente_de_trabajo/a_Aceptar_Eliminar0")): Object: 'Object Repository/Modulo Pruebas SST/Reporte_de_accidente_de_trabajo/a_Aceptar_Eliminar0' is clicked on

2021-12-29 12:36:49 - [MESSAGE][PASSED] - Object: 'Object Repository/Modulo Pruebas SST/Reporte_de_accidente_de_trabajo/a_Aceptar_Eliminar0' is clicked on

2021-12-29 12:36:49 - [TEST_STEP][PASSED] - click(findTestObject("Modulo Pruebas SST/Reporte_de_accidente_de_trabajo/a_Testigo_Eliminar")): Object: 'Object Repository/Modulo Pruebas SST/Reporte_de_accidente_de_trabajo/a_Testigo_Eliminar' is clicked on

2021-12-29 12:36:50 - [MESSAGE][PASSED] - Object: 'Object Repository/Modulo Pruebas SST/Reporte_de_accidente_de_trabajo/a_Testigo_Eliminar' is clicked on

2021-12-29 12:36:50 - [TEST_STEP][PASSED] - if (waitForElementPresent(findTestObject("Modulo Pruebas SST/Reporte_de_accidente_de_trabajo/td_DIAZ BLANCO GUISELL"), 1)): null

2021-12-29 12:36:50 - [MESSAGE][PASSED] - Object 'Object Repository/Modulo Pruebas SST/Reporte_de_accidente_de_trabajo/td_DIAZ BLANCO GUISELL' is present

2021-12-29 12:36:50 - [TEST_STEP][PASSED] - click(findTestObject("Modulo Pruebas SST/Reporte_de_accidente_de_trabajo/td_DIAZ BLANCO GUISELL")): Object: 'Object Repository/Modulo Pruebas SST/Reporte_de_accidente_de_trabajo/td_DIAZ BLANCO GUISELL' is clicked on

2021-12-29 12:36:51 - [MESSAGE][PASSED] - Object: 'Object Repository/Modulo Pruebas SST/Reporte_de_accidente_de_trabajo/td_DIAZ BLANCO GUISELL' is clicked on

2021-12-29 12:36:51 - [TEST_STEP][FAILED] - click(findTestObject("Modulo Pruebas SST/Reporte_de_accidente_de_trabajo/a_Eliminar1")): Unable to click on object 'Object Repository/Modulo Pruebas SST/Reporte_de_accidente_de_trabajo/a_Eliminar1' (Root cause: com.kms.katalon.core.exception.StepFailedException: Unable to click on object 'Object Repository/Modulo Pruebas SST/Reporte_de_accidente_de_trabajo/a_Eliminar1'
	at com.kms.katalon.core.webui.keyword.internal.WebUIKeywordMain.stepFailed(WebUIKeywordMain.groovy:64)
	at com.kms.katalon.core.webui.keyword.internal.WebUIKeywordMain.runKeyword(WebUIKeywordMain.groovy:26)
	at com.kms.katalon.core.webui.keyword.builtin.ClickKeyword.click(ClickKeyword.groovy:74)
	at com.kms.katalon.core.webui.keyword.builtin.ClickKeyword.execute(ClickKeyword.groovy:40)
	at com.kms.katalon.core.keyword.internal.KeywordExecutor.executeKeywordForPlatform(KeywordExecutor.groovy:74)
	at com.kms.katalon.core.webui.keyword.WebUiBuiltInKeywords.click(WebUiBuiltInKeywords.groovy:620)
	at com.kms.katalon.core.webui.keyword.WebUiBuiltInKeywords$click$5.call(Unknown Source)
	at 5.1.1-Reporte_de_accidente_de_trabajo.run(5.1.1-Reporte_de_accidente_de_trabajo:47)
	at com.kms.katalon.core.main.ScriptEngine.run(ScriptEngine.java:194)
	at com.kms.katalon.core.main.ScriptEngine.runScriptAsRawText(ScriptEngine.java:119)
	at com.kms.katalon.core.main.TestCaseExecutor.runScript(TestCaseExecutor.java:442)
	at com.kms.katalon.core.main.TestCaseExecutor.doExecute(TestCaseExecutor.java:433)
	at com.kms.katalon.core.main.TestCaseExecutor.processExecutionPhase(TestCaseExecutor.java:412)
	at com.kms.katalon.core.main.TestCaseExecutor.accessMainPhase(TestCaseExecutor.java:404)
	at com.kms.katalon.core.main.TestCaseExecutor.execute(TestCaseExecutor.java:281)
	at com.kms.katalon.core.main.TestSuiteExecutor.accessTestCaseMainPhase(TestSuiteExecutor.java:202)
	at com.kms.katalon.core.main.TestSuiteExecutor.accessTestSuiteMainPhase(TestSuiteExecutor.java:164)
	at com.kms.katalon.core.main.TestSuiteExecutor.execute(TestSuiteExecutor.java:105)
	at com.kms.katalon.core.main.TestCaseMain.startTestSuite(TestCaseMain.java:181)
	at com.kms.katalon.core.main.TestCaseMain$startTestSuite$0.call(Unknown Source)
	at TempTestSuite1640798635364.run(TempTestSuite1640798635364.groovy:36)
Caused by: com.kms.katalon.core.webui.exception.WebElementNotFoundException: Web element with id: 'Object Repository/Modulo Pruebas SST/Reporte_de_accidente_de_trabajo/a_Eliminar1' located by '//a[@id='form_popupTestigoAccidente:j_idt175']' not found
	at com.kms.katalon.core.webui.common.WebUiCommonHelper.findWebElement(WebUiCommonHelper.java:1368)
	at com.kms.katalon.core.webui.keyword.internal.WebUIAbstractKeyword.findWebElement(WebUIAbstractKeyword.groovy:27)
	at com.kms.katalon.core.webui.keyword.builtin.ClickKeyword$_click_closure1.doCall(ClickKeyword.groovy:65)
	at com.kms.katalon.core.webui.keyword.builtin.ClickKeyword$_click_closure1.call(ClickKeyword.groovy)
	at com.kms.katalon.core.webui.keyword.internal.WebUIKeywordMain.runKeyword(WebUIKeywordMain.groovy:20)
	at com.kms.katalon.core.webui.keyword.builtin.ClickKeyword.click(ClickKeyword.groovy:74)
	at com.kms.katalon.core.webui.keyword.builtin.ClickKeyword.execute(ClickKeyword.groovy:40)
	at com.kms.katalon.core.keyword.internal.KeywordExecutor.executeKeywordForPlatform(KeywordExecutor.groovy:74)
	at com.kms.katalon.core.webui.keyword.WebUiBuiltInKeywords.click(WebUiBuiltInKeywords.groovy:620)
	at com.kms.katalon.core.webui.keyword.WebUiBuiltInKeywords$click$5.call(Unknown Source)
	at Script1637609109922.run(Script1637609109922.groovy:47)
	... 13 more
)

2021-12-29 12:37:22 - [MESSAGE][INFO] - Unable to find the element located by 'By.xpath: //a[@id='form_popupTestigoAccidente:j_idt175']'. Please recheck the objects properties to make sure the desired element is located. 

2021-12-29 12:37:22 - [MESSAGE][FAILED] - Unable to click on object 'Object Repository/Modulo Pruebas SST/Reporte_de_accidente_de_trabajo/a_Eliminar1' (Root cause: com.kms.katalon.core.exception.StepFailedException: Unable to click on object 'Object Repository/Modulo Pruebas SST/Reporte_de_accidente_de_trabajo/a_Eliminar1'
	at com.kms.katalon.core.webui.keyword.internal.WebUIKeywordMain.stepFailed(WebUIKeywordMain.groovy:64)
	at com.kms.katalon.core.webui.keyword.internal.WebUIKeywordMain.runKeyword(WebUIKeywordMain.groovy:26)
	at com.kms.katalon.core.webui.keyword.builtin.ClickKeyword.click(ClickKeyword.groovy:74)
	at com.kms.katalon.core.webui.keyword.builtin.ClickKeyword.execute(ClickKeyword.groovy:40)
	at com.kms.katalon.core.keyword.internal.KeywordExecutor.executeKeywordForPlatform(KeywordExecutor.groovy:74)
	at com.kms.katalon.core.webui.keyword.WebUiBuiltInKeywords.click(WebUiBuiltInKeywords.groovy:620)
	at com.kms.katalon.core.webui.keyword.WebUiBuiltInKeywords$click$5.call(Unknown Source)
	at 5.1.1-Reporte_de_accidente_de_trabajo.run(5.1.1-Reporte_de_accidente_de_trabajo:47)
	at com.kms.katalon.core.main.ScriptEngine.run(ScriptEngine.java:194)
	at com.kms.katalon.core.main.ScriptEngine.runScriptAsRawText(ScriptEngine.java:119)
	at com.kms.katalon.core.main.TestCaseExecutor.runScript(TestCaseExecutor.java:442)
	at com.kms.katalon.core.main.TestCaseExecutor.doExecute(TestCaseExecutor.java:433)
	at com.kms.katalon.core.main.TestCaseExecutor.processExecutionPhase(TestCaseExecutor.java:412)
	at com.kms.katalon.core.main.TestCaseExecutor.accessMainPhase(TestCaseExecutor.java:404)
	at com.kms.katalon.core.main.TestCaseExecutor.execute(TestCaseExecutor.java:281)
	at com.kms.katalon.core.main.TestSuiteExecutor.accessTestCaseMainPhase(TestSuiteExecutor.java:202)
	at com.kms.katalon.core.main.TestSuiteExecutor.accessTestSuiteMainPhase(TestSuiteExecutor.java:164)
	at com.kms.katalon.core.main.TestSuiteExecutor.execute(TestSuiteExecutor.java:105)
	at com.kms.katalon.core.main.TestCaseMain.startTestSuite(TestCaseMain.java:181)
	at com.kms.katalon.core.main.TestCaseMain$startTestSuite$0.call(Unknown Source)
	at TempTestSuite1640798635364.run(TempTestSuite1640798635364.groovy:36)
Caused by: com.kms.katalon.core.webui.exception.WebElementNotFoundException: Web element with id: 'Object Repository/Modulo Pruebas SST/Reporte_de_accidente_de_trabajo/a_Eliminar1' located by '//a[@id='form_popupTestigoAccidente:j_idt175']' not found
	at com.kms.katalon.core.webui.common.WebUiCommonHelper.findWebElement(WebUiCommonHelper.java:1368)
	at com.kms.katalon.core.webui.keyword.internal.WebUIAbstractKeyword.findWebElement(WebUIAbstractKeyword.groovy:27)
	at com.kms.katalon.core.webui.keyword.builtin.ClickKeyword$_click_closure1.doCall(ClickKeyword.groovy:65)
	at com.kms.katalon.core.webui.keyword.builtin.ClickKeyword$_click_closure1.call(ClickKeyword.groovy)
	at com.kms.katalon.core.webui.keyword.internal.WebUIKeywordMain.runKeyword(WebUIKeywordMain.groovy:20)
	at com.kms.katalon.core.webui.keyword.builtin.ClickKeyword.click(ClickKeyword.groovy:74)
	at com.kms.katalon.core.webui.keyword.builtin.ClickKeyword.execute(ClickKeyword.groovy:40)
	at com.kms.katalon.core.keyword.internal.KeywordExecutor.executeKeywordForPlatform(KeywordExecutor.groovy:74)
	at com.kms.katalon.core.webui.keyword.WebUiBuiltInKeywords.click(WebUiBuiltInKeywords.groovy:620)
	at com.kms.katalon.core.webui.keyword.WebUiBuiltInKeywords$click$5.call(Unknown Source)
	at Script1637609109922.run(Script1637609109922.groovy:47)
	... 13 more
)
[[ATTACHMENT|C:\\Users\\diego.rojas\\git\\Pruebas-Minimas\\Reports\\20211229_122339\\5-Pruebas SST\\20211229_122355\\1640799442120.png]]]]></system-out>
         <system-err><![CDATA[2021-12-29 12:36:26 - [TEST_CASE][FAILED] - Test Cases/5.1-Pruebas_SST/5.1.1-Reporte_de_accidente_de_trabajo: Test Cases/5.1-Pruebas_SST/5.1.1-Reporte_de_accidente_de_trabajo FAILED.
Reason:
com.kms.katalon.core.exception.StepFailedException: Unable to click on object 'Object Repository/Modulo Pruebas SST/Reporte_de_accidente_de_trabajo/a_Eliminar1'
	at com.kms.katalon.core.webui.keyword.internal.WebUIKeywordMain.stepFailed(WebUIKeywordMain.groovy:64)
	at com.kms.katalon.core.webui.keyword.internal.WebUIKeywordMain.runKeyword(WebUIKeywordMain.groovy:26)
	at com.kms.katalon.core.webui.keyword.builtin.ClickKeyword.click(ClickKeyword.groovy:74)
	at com.kms.katalon.core.webui.keyword.builtin.ClickKeyword.execute(ClickKeyword.groovy:40)
	at com.kms.katalon.core.keyword.internal.KeywordExecutor.executeKeywordForPlatform(KeywordExecutor.groovy:74)
	at com.kms.katalon.core.webui.keyword.WebUiBuiltInKeywords.click(WebUiBuiltInKeywords.groovy:620)
	at com.kms.katalon.core.webui.keyword.WebUiBuiltInKeywords$click$5.call(Unknown Source)
	at 5.1.1-Reporte_de_accidente_de_trabajo.run(5.1.1-Reporte_de_accidente_de_trabajo:47)
	at com.kms.katalon.core.main.ScriptEngine.run(ScriptEngine.java:194)
	at com.kms.katalon.core.main.ScriptEngine.runScriptAsRawText(ScriptEngine.java:119)
	at com.kms.katalon.core.main.TestCaseExecutor.runScript(TestCaseExecutor.java:442)
	at com.kms.katalon.core.main.TestCaseExecutor.doExecute(TestCaseExecutor.java:433)
	at com.kms.katalon.core.main.TestCaseExecutor.processExecutionPhase(TestCaseExecutor.java:412)
	at com.kms.katalon.core.main.TestCaseExecutor.accessMainPhase(TestCaseExecutor.java:404)
	at com.kms.katalon.core.main.TestCaseExecutor.execute(TestCaseExecutor.java:281)
	at com.kms.katalon.core.main.TestSuiteExecutor.accessTestCaseMainPhase(TestSuiteExecutor.java:202)
	at com.kms.katalon.core.main.TestSuiteExecutor.accessTestSuiteMainPhase(TestSuiteExecutor.java:164)
	at com.kms.katalon.core.main.TestSuiteExecutor.execute(TestSuiteExecutor.java:105)
	at com.kms.katalon.core.main.TestCaseMain.startTestSuite(TestCaseMain.java:181)
	at com.kms.katalon.core.main.TestCaseMain$startTestSuite$0.call(Unknown Source)
	at TempTestSuite1640798635364.run(TempTestSuite1640798635364.groovy:36)
Caused by: com.kms.katalon.core.webui.exception.WebElementNotFoundException: Web element with id: 'Object Repository/Modulo Pruebas SST/Reporte_de_accidente_de_trabajo/a_Eliminar1' located by '//a[@id='form_popupTestigoAccidente:j_idt175']' not found
	at com.kms.katalon.core.webui.common.WebUiCommonHelper.findWebElement(WebUiCommonHelper.java:1368)
	at com.kms.katalon.core.webui.keyword.internal.WebUIAbstractKeyword.findWebElement(WebUIAbstractKeyword.groovy:27)
	at com.kms.katalon.core.webui.keyword.builtin.ClickKeyword$_click_closure1.doCall(ClickKeyword.groovy:65)
	at com.kms.katalon.core.webui.keyword.builtin.ClickKeyword$_click_closure1.call(ClickKeyword.groovy)
	at com.kms.katalon.core.webui.keyword.internal.WebUIKeywordMain.runKeyword(WebUIKeywordMain.groovy:20)
	... 19 more]]></system-err>
      </testcase>
      <testcase name="Test Cases/5.1-Pruebas_SST/5.1.2-Investigación_Accidente_de_Trabajo" time="86.209" classname="Test Cases/5.1-Pruebas_SST/5.1.2-Investigación_Accidente_de_Trabajo" status="FAILED">
         <failure type="FAILED" message="Test Cases/5.1-Pruebas_SST/5.1.2-Investigación_Accidente_de_Trabajo FAILED.
Reason:
com.kms.katalon.core.exception.StepFailedException: Unable to click on object 'Object Repository/Modulo Pruebas SST/Investigación_Accidente_de_Trabajo/a_Guardar_Causa investigacion'
	at com.kms.katalon.core.webui.keyword.internal.WebUIKeywordMain.stepFailed(WebUIKeywordMain.groovy:64)
	at com.kms.katalon.core.webui.keyword.internal.WebUIKeywordMain.runKeyword(WebUIKeywordMain.groovy:26)
	at com.kms.katalon.core.webui.keyword.builtin.ClickKeyword.click(ClickKeyword.groovy:74)
	at com.kms.katalon.core.webui.keyword.builtin.ClickKeyword.execute(ClickKeyword.groovy:40)
	at com.kms.katalon.core.keyword.internal.KeywordExecutor.executeKeywordForPlatform(KeywordExecutor.groovy:74)
	at com.kms.katalon.core.webui.keyword.WebUiBuiltInKeywords.click(WebUiBuiltInKeywords.groovy:620)
	at com.kms.katalon.core.webui.keyword.WebUiBuiltInKeywords$click$5.call(Unknown Source)
	at 5.1.2-Investigación_Accidente_de_Trabajo.run(5.1.2-Investigación_Accidente_de_Trabajo:138)
	at com.kms.katalon.core.main.ScriptEngine.run(ScriptEngine.java:194)
	at com.kms.katalon.core.main.ScriptEngine.runScriptAsRawText(ScriptEngine.java:119)
	at com.kms.katalon.core.main.TestCaseExecutor.runScript(TestCaseExecutor.java:442)
	at com.kms.katalon.core.main.TestCaseExecutor.doExecute(TestCaseExecutor.java:433)
	at com.kms.katalon.core.main.TestCaseExecutor.processExecutionPhase(TestCaseExecutor.java:412)
	at com.kms.katalon.core.main.TestCaseExecutor.accessMainPhase(TestCaseExecutor.java:404)
	at com.kms.katalon.core.main.TestCaseExecutor.execute(TestCaseExecutor.java:281)
	at com.kms.katalon.core.main.TestSuiteExecutor.accessTestCaseMainPhase(TestSuiteExecutor.java:202)
	at com.kms.katalon.core.main.TestSuiteExecutor.accessTestSuiteMainPhase(TestSuiteExecutor.java:164)
	at com.kms.katalon.core.main.TestSuiteExecutor.execute(TestSuiteExecutor.java:105)
	at com.kms.katalon.core.main.TestCaseMain.startTestSuite(TestCaseMain.java:181)
	at com.kms.katalon.core.main.TestCaseMain$startTestSuite$0.call(Unknown Source)
	at TempTestSuite1640798635364.run(TempTestSuite1640798635364.groovy:36)
Caused by: com.kms.katalon.core.webui.exception.WebElementNotFoundException: Web element with id: 'Object Repository/Modulo Pruebas SST/Investigación_Accidente_de_Trabajo/a_Guardar_Causa investigacion' located by '//a[@id='causaAccidente_form:j_idt559']' not found
	at com.kms.katalon.core.webui.common.WebUiCommonHelper.findWebElement(WebUiCommonHelper.java:1368)
	at com.kms.katalon.core.webui.keyword.internal.WebUIAbstractKeyword.findWebElement(WebUIAbstractKeyword.groovy:27)
	at com.kms.katalon.core.webui.keyword.builtin.ClickKeyword$_click_closure1.doCall(ClickKeyword.groovy:65)
	at com.kms.katalon.core.webui.keyword.builtin.ClickKeyword$_click_closure1.call(ClickKeyword.groovy)
	at com.kms.katalon.core.webui.keyword.internal.WebUIKeywordMain.runKeyword(WebUIKeywordMain.groovy:20)
	... 19 more
"/>
         <system-out><![CDATA[2021-12-29 12:37:22 - [TEST_CASE][FAILED] - Test Cases/5.1-Pruebas_SST/5.1.2-Investigación_Accidente_de_Trabajo: Test Cases/5.1-Pruebas_SST/5.1.2-Investigación_Accidente_de_Trabajo FAILED.
Reason:
com.kms.katalon.core.exception.StepFailedException: Unable to click on object 'Object Repository/Modulo Pruebas SST/Investigación_Accidente_de_Trabajo/a_Guardar_Causa investigacion'
	at com.kms.katalon.core.webui.keyword.internal.WebUIKeywordMain.stepFailed(WebUIKeywordMain.groovy:64)
	at com.kms.katalon.core.webui.keyword.internal.WebUIKeywordMain.runKeyword(WebUIKeywordMain.groovy:26)
	at com.kms.katalon.core.webui.keyword.builtin.ClickKeyword.click(ClickKeyword.groovy:74)
	at com.kms.katalon.core.webui.keyword.builtin.ClickKeyword.execute(ClickKeyword.groovy:40)
	at com.kms.katalon.core.keyword.internal.KeywordExecutor.executeKeywordForPlatform(KeywordExecutor.groovy:74)
	at com.kms.katalon.core.webui.keyword.WebUiBuiltInKeywords.click(WebUiBuiltInKeywords.groovy:620)
	at com.kms.katalon.core.webui.keyword.WebUiBuiltInKeywords$click$5.call(Unknown Source)
	at 5.1.2-Investigación_Accidente_de_Trabajo.run(5.1.2-Investigación_Accidente_de_Trabajo:138)
	at com.kms.katalon.core.main.ScriptEngine.run(ScriptEngine.java:194)
	at com.kms.katalon.core.main.ScriptEngine.runScriptAsRawText(ScriptEngine.java:119)
	at com.kms.katalon.core.main.TestCaseExecutor.runScript(TestCaseExecutor.java:442)
	at com.kms.katalon.core.main.TestCaseExecutor.doExecute(TestCaseExecutor.java:433)
	at com.kms.katalon.core.main.TestCaseExecutor.processExecutionPhase(TestCaseExecutor.java:412)
	at com.kms.katalon.core.main.TestCaseExecutor.accessMainPhase(TestCaseExecutor.java:404)
	at com.kms.katalon.core.main.TestCaseExecutor.execute(TestCaseExecutor.java:281)
	at com.kms.katalon.core.main.TestSuiteExecutor.accessTestCaseMainPhase(TestSuiteExecutor.java:202)
	at com.kms.katalon.core.main.TestSuiteExecutor.accessTestSuiteMainPhase(TestSuiteExecutor.java:164)
	at com.kms.katalon.core.main.TestSuiteExecutor.execute(TestSuiteExecutor.java:105)
	at com.kms.katalon.core.main.TestCaseMain.startTestSuite(TestCaseMain.java:181)
	at com.kms.katalon.core.main.TestCaseMain$startTestSuite$0.call(Unknown Source)
	at TempTestSuite1640798635364.run(TempTestSuite1640798635364.groovy:36)
Caused by: com.kms.katalon.core.webui.exception.WebElementNotFoundException: Web element with id: 'Object Repository/Modulo Pruebas SST/Investigación_Accidente_de_Trabajo/a_Guardar_Causa investigacion' located by '//a[@id='causaAccidente_form:j_idt559']' not found
	at com.kms.katalon.core.webui.common.WebUiCommonHelper.findWebElement(WebUiCommonHelper.java:1368)
	at com.kms.katalon.core.webui.keyword.internal.WebUIAbstractKeyword.findWebElement(WebUIAbstractKeyword.groovy:27)
	at com.kms.katalon.core.webui.keyword.builtin.ClickKeyword$_click_closure1.doCall(ClickKeyword.groovy:65)
	at com.kms.katalon.core.webui.keyword.builtin.ClickKeyword$_click_closure1.call(ClickKeyword.groovy)
	at com.kms.katalon.core.webui.keyword.internal.WebUIKeywordMain.runKeyword(WebUIKeywordMain.groovy:20)
	... 19 more


2021-12-29 12:37:22 - [TEST_STEP][PASSED] - callTestCase(findTestCase("0.1-Login"), [:], STOP_ON_FAILURE): Call Test Case 'Test Cases/0.1-Login' successfully

2021-12-29 12:37:22 - [TEST_CASE][PASSED] - Test Cases/0.1-Login: Test Cases/0.1-Login

2021-12-29 12:37:22 - [TEST_STEP][PASSED] - openBrowser(""): Browser is opened with url: ''

2021-12-29 12:37:22 - [MESSAGE][WARNING] - A browser is already opened. Closing browser and opening a new one

2021-12-29 12:37:23 - [MESSAGE][INFO] - Starting 'Chrome' driver

2021-12-29 12:37:23 - [MESSAGE][INFO] - Action delay is set to 0 milliseconds

2021-12-29 12:37:24 - [MESSAGE][PASSED] - Browser is opened with url: ''

2021-12-29 12:37:24 - [TEST_STEP][PASSED] - maximizeWindow(): Current window maximized

2021-12-29 12:37:25 - [MESSAGE][PASSED] - Current window maximized

2021-12-29 12:37:25 - [TEST_STEP][PASSED] - i = G_Login: null

2021-12-29 12:37:25 - [TEST_STEP][PASSED] - url = new java.net.URL(i): null

2021-12-29 12:37:25 - [TEST_STEP][PASSED] - println("URL: " + url.toString()): null

2021-12-29 12:37:25 - [TEST_STEP][PASSED] - connection = url.openConnection(): null

2021-12-29 12:37:25 - [TEST_STEP][PASSED] - connection.setRequestMethod("GET"): null

2021-12-29 12:37:25 - [TEST_STEP][PASSED] - connection.setReadTimeout(2 * 1000): null

2021-12-29 12:37:25 - [TEST_STEP][PASSED] - try: null

2021-12-29 12:37:25 - [TEST_STEP][PASSED] - connection.connect(): null

2021-12-29 12:37:25 - [TEST_STEP][PASSED] - flag = connected: null

2021-12-29 12:37:25 - [TEST_STEP][PASSED] - println("Valor_ori: " + flag): null

2021-12-29 12:37:25 - [TEST_STEP][PASSED] - if (flag): null

2021-12-29 12:37:25 - [TEST_STEP][PASSED] - navigateToUrl(i): Navigate to 'http://192.168.2.80:8380/saraweb' successfully

2021-12-29 12:37:26 - [MESSAGE][PASSED] - Navigate to 'http://192.168.2.80:8380/saraweb' successfully

2021-12-29 12:37:26 - [TEST_STEP][PASSED] - a(): null

2021-12-29 12:37:26 - [TEST_STEP][PASSED] - setText(findTestObject("Login/input_USUARIO_loginusuario"), G_Usuario): Text 'saraadmin' is set on object 'Object Repository/Login/input_USUARIO_loginusuario'

2021-12-29 12:37:26 - [MESSAGE][PASSED] - Text 'saraadmin' is set on object 'Object Repository/Login/input_USUARIO_loginusuario'

2021-12-29 12:37:26 - [TEST_STEP][PASSED] - setEncryptedText(findTestObject("Login/input_CLAVE_loginpassword"), "MkG4/TYiCFC3cb2driP7+Q=="): Text ****** has been set on object 'Object Repository/Login/input_CLAVE_loginpassword'

2021-12-29 12:37:27 - [MESSAGE][PASSED] - Text ****** has been set on object 'Object Repository/Login/input_CLAVE_loginpassword'

2021-12-29 12:37:27 - [TEST_STEP][PASSED] - waitForElementClickable(findTestObject("Login/a_Ingresar"), G_TimeOut): Object 'Object Repository/Login/a_Ingresar' is clickable

2021-12-29 12:37:27 - [MESSAGE][PASSED] - Object 'Object Repository/Login/a_Ingresar' is clickable

2021-12-29 12:37:27 - [TEST_STEP][PASSED] - click(findTestObject("Login/a_Ingresar")): Object: 'Object Repository/Login/a_Ingresar' is clicked on

2021-12-29 12:37:29 - [MESSAGE][PASSED] - Object: 'Object Repository/Login/a_Ingresar' is clicked on

2021-12-29 12:37:29 - [TEST_STEP][PASSED] - element = findWebElement(findTestObject("Login/a_Ir"), 30): null

2021-12-29 12:37:30 - [TEST_STEP][PASSED] - executeJavaScript("arguments[0].click()", Arrays.asList(element)): Execute JavaScript 'arguments[0].click()' successfully

2021-12-29 12:37:30 - [MESSAGE][PASSED] - Execute JavaScript 'arguments[0].click()' successfully

2021-12-29 12:37:30 - [MESSAGE][PASSED] - Call Test Case 'Test Cases/0.1-Login' successfully

2021-12-29 12:37:30 - [TEST_STEP][PASSED] - executeJavaScript("document.body.style.zoom='98%'", null): Execute JavaScript 'document.body.style.zoom='98%'' successfully

2021-12-29 12:37:30 - [MESSAGE][PASSED] - Execute JavaScript 'document.body.style.zoom='98%'' successfully

2021-12-29 12:37:30 - [TEST_STEP][PASSED] - delay(1): Delayed 1 second(s)

2021-12-29 12:37:31 - [MESSAGE][PASSED] - Delayed 1 second(s)

2021-12-29 12:37:31 - [TEST_STEP][PASSED] - setText(findTestObject("Modulo Pruebas SST/Investigación_Accidente_de_Trabajo/input_Informes de Accidentes e Incidentes de Trabajo_form_templatej_idt24_input"), "Informe Accidente de Trabajo"): Text 'Informe Accidente de Trabajo' is set on object 'Object Repository/Modulo Pruebas SST/Investigación_Accidente_de_Trabajo/input_Informes de Accidentes e Incidentes de Trabajo_form_templatej_idt24_input'

2021-12-29 12:37:32 - [MESSAGE][PASSED] - Text 'Informe Accidente de Trabajo' is set on object 'Object Repository/Modulo Pruebas SST/Investigación_Accidente_de_Trabajo/input_Informes de Accidentes e Incidentes de Trabajo_form_templatej_idt24_input'

2021-12-29 12:37:32 - [TEST_STEP][PASSED] - waitForElementPresent(findTestObject("Modulo Pruebas SST/Investigación_Accidente_de_Trabajo/span_Informe Accidente de Trabajo (sst)"), 0): Object 'Object Repository/Modulo Pruebas SST/Investigación_Accidente_de_Trabajo/span_Informe Accidente de Trabajo (sst)' is present

2021-12-29 12:37:32 - [MESSAGE][WARNING] - Timeout '0' is invalid. Using default page load timeout: '30'

2021-12-29 12:37:33 - [MESSAGE][PASSED] - Object 'Object Repository/Modulo Pruebas SST/Investigación_Accidente_de_Trabajo/span_Informe Accidente de Trabajo (sst)' is present

2021-12-29 12:37:33 - [TEST_STEP][PASSED] - click(findTestObject("Modulo Pruebas SST/Investigación_Accidente_de_Trabajo/span_Informe Accidente de Trabajo (sst)")): Object: 'Object Repository/Modulo Pruebas SST/Investigación_Accidente_de_Trabajo/span_Informe Accidente de Trabajo (sst)' is clicked on

2021-12-29 12:37:34 - [MESSAGE][PASSED] - Object: 'Object Repository/Modulo Pruebas SST/Investigación_Accidente_de_Trabajo/span_Informe Accidente de Trabajo (sst)' is clicked on

2021-12-29 12:37:34 - [TEST_STEP][PASSED] - click(findTestObject("Modulo Pruebas SST/Investigación_Accidente_de_Trabajo/span_Prueba")): Object: 'Object Repository/Modulo Pruebas SST/Investigación_Accidente_de_Trabajo/span_Prueba' is clicked on

2021-12-29 12:37:35 - [MESSAGE][PASSED] - Object: 'Object Repository/Modulo Pruebas SST/Investigación_Accidente_de_Trabajo/span_Prueba' is clicked on

2021-12-29 12:37:35 - [TEST_STEP][PASSED] - click(findTestObject("Modulo Pruebas SST/Investigación_Accidente_de_Trabajo/a_Accidentado")): Object: 'Object Repository/Modulo Pruebas SST/Investigación_Accidente_de_Trabajo/a_Accidentado' is clicked on

2021-12-29 12:37:36 - [MESSAGE][PASSED] - Object: 'Object Repository/Modulo Pruebas SST/Investigación_Accidente_de_Trabajo/a_Accidentado' is clicked on

2021-12-29 12:37:36 - [TEST_STEP][PASSED] - click(findTestObject("Modulo Pruebas SST/Investigación_Accidente_de_Trabajo/span_DIAZ BLANCO GUISELL")): Object: 'Object Repository/Modulo Pruebas SST/Investigación_Accidente_de_Trabajo/span_DIAZ BLANCO GUISELL' is clicked on

2021-12-29 12:37:37 - [MESSAGE][PASSED] - Object: 'Object Repository/Modulo Pruebas SST/Investigación_Accidente_de_Trabajo/span_DIAZ BLANCO GUISELL' is clicked on

2021-12-29 12:37:37 - [TEST_STEP][PASSED] - click(findTestObject("Modulo Pruebas SST/Investigación_Accidente_de_Trabajo/a_Investigaciones")): Object: 'Object Repository/Modulo Pruebas SST/Investigación_Accidente_de_Trabajo/a_Investigaciones' is clicked on

2021-12-29 12:37:39 - [MESSAGE][PASSED] - Object: 'Object Repository/Modulo Pruebas SST/Investigación_Accidente_de_Trabajo/a_Investigaciones' is clicked on

2021-12-29 12:37:39 - [TEST_STEP][PASSED] - if (waitForElementPresent(findTestObject("Modulo Pruebas SST/Investigación_Accidente_de_Trabajo/span_Prueba2"), 1)): null

2021-12-29 12:37:39 - [MESSAGE][PASSED] - Object 'Object Repository/Modulo Pruebas SST/Investigación_Accidente_de_Trabajo/span_Prueba2' is present

2021-12-29 12:37:39 - [TEST_STEP][PASSED] - click(findTestObject("Modulo Pruebas SST/Investigación_Accidente_de_Trabajo/span_Prueba2")): Object: 'Object Repository/Modulo Pruebas SST/Investigación_Accidente_de_Trabajo/span_Prueba2' is clicked on

2021-12-29 12:37:40 - [MESSAGE][PASSED] - Object: 'Object Repository/Modulo Pruebas SST/Investigación_Accidente_de_Trabajo/span_Prueba2' is clicked on

2021-12-29 12:37:40 - [TEST_STEP][PASSED] - click(findTestObject("Modulo Pruebas SST/Investigación_Accidente_de_Trabajo/a_Eliminar")): Object: 'Object Repository/Modulo Pruebas SST/Investigación_Accidente_de_Trabajo/a_Eliminar' is clicked on

2021-12-29 12:37:41 - [MESSAGE][PASSED] - Object: 'Object Repository/Modulo Pruebas SST/Investigación_Accidente_de_Trabajo/a_Eliminar' is clicked on

2021-12-29 12:37:41 - [TEST_STEP][PASSED] - click(findTestObject("Modulo Pruebas SST/Investigación_Accidente_de_Trabajo/a_Aceptar_Eliminar")): Object: 'Object Repository/Modulo Pruebas SST/Investigación_Accidente_de_Trabajo/a_Aceptar_Eliminar' is clicked on

2021-12-29 12:37:42 - [MESSAGE][PASSED] - Object: 'Object Repository/Modulo Pruebas SST/Investigación_Accidente_de_Trabajo/a_Aceptar_Eliminar' is clicked on

2021-12-29 12:37:42 - [TEST_STEP][PASSED] - click(findTestObject("Modulo Pruebas SST/Investigación_Accidente_de_Trabajo/a_Investigaciones")): Object: 'Object Repository/Modulo Pruebas SST/Investigación_Accidente_de_Trabajo/a_Investigaciones' is clicked on

2021-12-29 12:37:43 - [MESSAGE][PASSED] - Object: 'Object Repository/Modulo Pruebas SST/Investigación_Accidente_de_Trabajo/a_Investigaciones' is clicked on

2021-12-29 12:37:43 - [TEST_STEP][PASSED] - click(findTestObject("Modulo Pruebas SST/Investigación_Accidente_de_Trabajo/a_Nuevo")): Object: 'Object Repository/Modulo Pruebas SST/Investigación_Accidente_de_Trabajo/a_Nuevo' is clicked on

2021-12-29 12:37:44 - [MESSAGE][PASSED] - Object: 'Object Repository/Modulo Pruebas SST/Investigación_Accidente_de_Trabajo/a_Nuevo' is clicked on

2021-12-29 12:37:44 - [TEST_STEP][PASSED] - setText(findTestObject("Modulo Pruebas SST/Investigación_Accidente_de_Trabajo/input_Costo Estimado del Dao_j_idt1827tabInvestigacionAccidentadocosto"), "100"): Text '100' is set on object 'Object Repository/Modulo Pruebas SST/Investigación_Accidente_de_Trabajo/input_Costo Estimado del Dao_j_idt1827tabInvestigacionAccidentadocosto'

2021-12-29 12:37:45 - [MESSAGE][PASSED] - Text '100' is set on object 'Object Repository/Modulo Pruebas SST/Investigación_Accidente_de_Trabajo/input_Costo Estimado del Dao_j_idt1827tabInvestigacionAccidentadocosto'

2021-12-29 12:37:45 - [TEST_STEP][PASSED] - setText(findTestObject("Modulo Pruebas SST/Investigación_Accidente_de_Trabajo/textarea_Propiedad o Equipo Daado_j_idt1827tabInvestigacionAccidentadoequipoDanado"), "null"): Text 'null' is set on object 'Object Repository/Modulo Pruebas SST/Investigación_Accidente_de_Trabajo/textarea_Propiedad o Equipo Daado_j_idt1827tabInvestigacionAccidentadoequipoDanado'

2021-12-29 12:37:45 - [MESSAGE][PASSED] - Text 'null' is set on object 'Object Repository/Modulo Pruebas SST/Investigación_Accidente_de_Trabajo/textarea_Propiedad o Equipo Daado_j_idt1827tabInvestigacionAccidentadoequipoDanado'

2021-12-29 12:37:45 - [TEST_STEP][PASSED] - setText(findTestObject("Modulo Pruebas SST/Investigación_Accidente_de_Trabajo/textarea_Naturaleza del Dao_j_idt1827tabInvestigacionAccidentadonaturaleza"), "null"): Text 'null' is set on object 'Object Repository/Modulo Pruebas SST/Investigación_Accidente_de_Trabajo/textarea_Naturaleza del Dao_j_idt1827tabInvestigacionAccidentadonaturaleza'

2021-12-29 12:37:46 - [MESSAGE][PASSED] - Text 'null' is set on object 'Object Repository/Modulo Pruebas SST/Investigación_Accidente_de_Trabajo/textarea_Naturaleza del Dao_j_idt1827tabInvestigacionAccidentadonaturaleza'

2021-12-29 12:37:46 - [TEST_STEP][PASSED] - setText(findTestObject("Modulo Pruebas SST/Investigación_Accidente_de_Trabajo/textarea_Agente Dao_j_idt1827tabInvestigacionAccidentadoorigenDano"), "null"): Text 'null' is set on object 'Object Repository/Modulo Pruebas SST/Investigación_Accidente_de_Trabajo/textarea_Agente Dao_j_idt1827tabInvestigacionAccidentadoorigenDano'

2021-12-29 12:37:47 - [MESSAGE][PASSED] - Text 'null' is set on object 'Object Repository/Modulo Pruebas SST/Investigación_Accidente_de_Trabajo/textarea_Agente Dao_j_idt1827tabInvestigacionAccidentadoorigenDano'

2021-12-29 12:37:47 - [TEST_STEP][PASSED] - selectOptionByIndex(findTestObject("Modulo Pruebas SST/Investigación_Accidente_de_Trabajo/select_-- SELECCIONAR --GraveLeveUrgente"), "2"): All options with index in [2] are selected on object 'Object Repository/Modulo Pruebas SST/Investigación_Accidente_de_Trabajo/select_-- SELECCIONAR --GraveLeveUrgente'

2021-12-29 12:37:48 - [MESSAGE][PASSED] - All options with index in [2] are selected on object 'Object Repository/Modulo Pruebas SST/Investigación_Accidente_de_Trabajo/select_-- SELECCIONAR --GraveLeveUrgente'

2021-12-29 12:37:48 - [TEST_STEP][PASSED] - setText(findTestObject("Modulo Pruebas SST/Investigación_Accidente_de_Trabajo/textarea_Descripcin del rea de Trabajo en Dnde Ocurri el Accidente_j_idt1827tabInvestigacionAccidentadoareaTrabajo"), "null"): Text 'null' is set on object 'Object Repository/Modulo Pruebas SST/Investigación_Accidente_de_Trabajo/textarea_Descripcin del rea de Trabajo en Dnde Ocurri el Accidente_j_idt1827tabInvestigacionAccidentadoareaTrabajo'

2021-12-29 12:37:49 - [MESSAGE][PASSED] - Text 'null' is set on object 'Object Repository/Modulo Pruebas SST/Investigación_Accidente_de_Trabajo/textarea_Descripcin del rea de Trabajo en Dnde Ocurri el Accidente_j_idt1827tabInvestigacionAccidentadoareaTrabajo'

2021-12-29 12:37:49 - [TEST_STEP][PASSED] - setText(findTestObject("Modulo Pruebas SST/Investigación_Accidente_de_Trabajo/textarea_Descripcin de la Operacin Desarrollada en el Momento del Accidente_j_idt1827tabInvestigacionAccidentadooperacion"), "null"): Text 'null' is set on object 'Object Repository/Modulo Pruebas SST/Investigación_Accidente_de_Trabajo/textarea_Descripcin de la Operacin Desarrollada en el Momento del Accidente_j_idt1827tabInvestigacionAccidentadooperacion'

2021-12-29 12:37:50 - [MESSAGE][PASSED] - Text 'null' is set on object 'Object Repository/Modulo Pruebas SST/Investigación_Accidente_de_Trabajo/textarea_Descripcin de la Operacin Desarrollada en el Momento del Accidente_j_idt1827tabInvestigacionAccidentadooperacion'

2021-12-29 12:37:50 - [TEST_STEP][PASSED] - setText(findTestObject("Modulo Pruebas SST/Investigación_Accidente_de_Trabajo/textarea_Acciones Adoptadas Despus del Accidente_j_idt1827tabInvestigacionAccidentadoacciones"), "null"): Text 'null' is set on object 'Object Repository/Modulo Pruebas SST/Investigación_Accidente_de_Trabajo/textarea_Acciones Adoptadas Despus del Accidente_j_idt1827tabInvestigacionAccidentadoacciones'

2021-12-29 12:37:51 - [MESSAGE][PASSED] - Text 'null' is set on object 'Object Repository/Modulo Pruebas SST/Investigación_Accidente_de_Trabajo/textarea_Acciones Adoptadas Despus del Accidente_j_idt1827tabInvestigacionAccidentadoacciones'

2021-12-29 12:37:51 - [TEST_STEP][PASSED] - setText(findTestObject("Modulo Pruebas SST/Investigación_Accidente_de_Trabajo/textarea_Conclusin_j_idt1827tabInvestigacionAccidentadoconclusion"), "Prueba"): Text 'Prueba' is set on object 'Object Repository/Modulo Pruebas SST/Investigación_Accidente_de_Trabajo/textarea_Conclusin_j_idt1827tabInvestigacionAccidentadoconclusion'

2021-12-29 12:37:51 - [MESSAGE][PASSED] - Text 'Prueba' is set on object 'Object Repository/Modulo Pruebas SST/Investigación_Accidente_de_Trabajo/textarea_Conclusin_j_idt1827tabInvestigacionAccidentadoconclusion'

2021-12-29 12:37:51 - [TEST_STEP][PASSED] - setText(findTestObject("Modulo Pruebas SST/Investigación_Accidente_de_Trabajo/textarea_Caracterstica No Obligatoria Investigacin_j_idt1827tabInvestigacionAccidentadoj_idt19321idTexto3"), "null"): Text 'null' is set on object 'Object Repository/Modulo Pruebas SST/Investigación_Accidente_de_Trabajo/textarea_Caracterstica No Obligatoria Investigacin_j_idt1827tabInvestigacionAccidentadoj_idt19321idTexto3'

2021-12-29 12:37:52 - [MESSAGE][PASSED] - Text 'null' is set on object 'Object Repository/Modulo Pruebas SST/Investigación_Accidente_de_Trabajo/textarea_Caracterstica No Obligatoria Investigacin_j_idt1827tabInvestigacionAccidentadoj_idt19321idTexto3'

2021-12-29 12:37:52 - [TEST_STEP][PASSED] - setText(findTestObject("Modulo Pruebas SST/Investigación_Accidente_de_Trabajo/input_Fecha_j_idt1827tabInvestigacionAccidentadoj_idt19322fecha_input"), "01/07/2021"): Text '01/07/2021' is set on object 'Object Repository/Modulo Pruebas SST/Investigación_Accidente_de_Trabajo/input_Fecha_j_idt1827tabInvestigacionAccidentadoj_idt19322fecha_input'

2021-12-29 12:37:53 - [MESSAGE][PASSED] - Text '01/07/2021' is set on object 'Object Repository/Modulo Pruebas SST/Investigación_Accidente_de_Trabajo/input_Fecha_j_idt1827tabInvestigacionAccidentadoj_idt19322fecha_input'

2021-12-29 12:37:53 - [TEST_STEP][PASSED] - click(findTestObject("Modulo Pruebas SST/Investigación_Accidente_de_Trabajo/a_Guardar"), STOP_ON_FAILURE): Object: 'Object Repository/Modulo Pruebas SST/Investigación_Accidente_de_Trabajo/a_Guardar' is clicked on

2021-12-29 12:37:53 - [MESSAGE][PASSED] - Object: 'Object Repository/Modulo Pruebas SST/Investigación_Accidente_de_Trabajo/a_Guardar' is clicked on

2021-12-29 12:37:53 - [TEST_STEP][PASSED] - click(findTestObject("Modulo Pruebas SST/Investigación_Accidente_de_Trabajo/a_Anlisis Causal")): Object: 'Object Repository/Modulo Pruebas SST/Investigación_Accidente_de_Trabajo/a_Anlisis Causal' is clicked on

2021-12-29 12:37:56 - [MESSAGE][PASSED] - Object: 'Object Repository/Modulo Pruebas SST/Investigación_Accidente_de_Trabajo/a_Anlisis Causal' is clicked on

2021-12-29 12:37:56 - [TEST_STEP][PASSED] - click(findTestObject("Modulo Pruebas SST/Investigación_Accidente_de_Trabajo/a_Nuevo1")): Object: 'Object Repository/Modulo Pruebas SST/Investigación_Accidente_de_Trabajo/a_Nuevo1' is clicked on

2021-12-29 12:37:57 - [MESSAGE][PASSED] - Object: 'Object Repository/Modulo Pruebas SST/Investigación_Accidente_de_Trabajo/a_Nuevo1' is clicked on

2021-12-29 12:37:57 - [TEST_STEP][PASSED] - selectOptionByIndex(findTestObject("Modulo Pruebas SST/Investigación_Accidente_de_Trabajo/select_Seleccionar1111-Metodologa 1"), 1): All options with index in [1] are selected on object 'Object Repository/Modulo Pruebas SST/Investigación_Accidente_de_Trabajo/select_Seleccionar1111-Metodologa 1'

2021-12-29 12:37:59 - [MESSAGE][PASSED] - All options with index in [1] are selected on object 'Object Repository/Modulo Pruebas SST/Investigación_Accidente_de_Trabajo/select_Seleccionar1111-Metodologa 1'

2021-12-29 12:37:59 - [TEST_STEP][PASSED] - selectOptionByIndex(findTestObject("Modulo Pruebas SST/Investigación_Accidente_de_Trabajo/select_Seleccionar"), 1): All options with index in [1] are selected on object 'Object Repository/Modulo Pruebas SST/Investigación_Accidente_de_Trabajo/select_Seleccionar'

2021-12-29 12:38:00 - [MESSAGE][PASSED] - All options with index in [1] are selected on object 'Object Repository/Modulo Pruebas SST/Investigación_Accidente_de_Trabajo/select_Seleccionar'

2021-12-29 12:38:00 - [TEST_STEP][PASSED] - setText(findTestObject("Modulo Pruebas SST/Investigación_Accidente_de_Trabajo/textarea_Descripcin_form_PopupAnalisisCausaldesc"), "prueba"): Text 'prueba' is set on object 'Object Repository/Modulo Pruebas SST/Investigación_Accidente_de_Trabajo/textarea_Descripcin_form_PopupAnalisisCausaldesc'

2021-12-29 12:38:01 - [MESSAGE][PASSED] - Text 'prueba' is set on object 'Object Repository/Modulo Pruebas SST/Investigación_Accidente_de_Trabajo/textarea_Descripcin_form_PopupAnalisisCausaldesc'

2021-12-29 12:38:01 - [TEST_STEP][PASSED] - setText(findTestObject("Modulo Pruebas SST/Investigación_Accidente_de_Trabajo/textarea_Observacin_form_PopupAnalisisCausalobservacion"), "prueba"): Text 'prueba' is set on object 'Object Repository/Modulo Pruebas SST/Investigación_Accidente_de_Trabajo/textarea_Observacin_form_PopupAnalisisCausalobservacion'

2021-12-29 12:38:02 - [MESSAGE][PASSED] - Text 'prueba' is set on object 'Object Repository/Modulo Pruebas SST/Investigación_Accidente_de_Trabajo/textarea_Observacin_form_PopupAnalisisCausalobservacion'

2021-12-29 12:38:02 - [TEST_STEP][PASSED] - selectOptionByIndex(findTestObject("Modulo Pruebas SST/Investigación_Accidente_de_Trabajo/select_SeleccionarBAJAMEDIAALTO"), 2): All options with index in [2] are selected on object 'Object Repository/Modulo Pruebas SST/Investigación_Accidente_de_Trabajo/select_SeleccionarBAJAMEDIAALTO'

2021-12-29 12:38:03 - [MESSAGE][PASSED] - All options with index in [2] are selected on object 'Object Repository/Modulo Pruebas SST/Investigación_Accidente_de_Trabajo/select_SeleccionarBAJAMEDIAALTO'

2021-12-29 12:38:03 - [TEST_STEP][PASSED] - click(findTestObject("Modulo Pruebas SST/Investigación_Accidente_de_Trabajo/a_Guardar_Anlisis Causal")): Object: 'Object Repository/Modulo Pruebas SST/Investigación_Accidente_de_Trabajo/a_Guardar_Anlisis Causal' is clicked on

2021-12-29 12:38:03 - [MESSAGE][PASSED] - Object: 'Object Repository/Modulo Pruebas SST/Investigación_Accidente_de_Trabajo/a_Guardar_Anlisis Causal' is clicked on

2021-12-29 12:38:03 - [TEST_STEP][PASSED] - click(findTestObject("Modulo Pruebas SST/Investigación_Accidente_de_Trabajo/a_Determinacin de Causas")): Object: 'Object Repository/Modulo Pruebas SST/Investigación_Accidente_de_Trabajo/a_Determinacin de Causas' is clicked on

2021-12-29 12:38:05 - [MESSAGE][PASSED] - Object: 'Object Repository/Modulo Pruebas SST/Investigación_Accidente_de_Trabajo/a_Determinacin de Causas' is clicked on

2021-12-29 12:38:05 - [TEST_STEP][PASSED] - click(findTestObject("Modulo Pruebas SST/Investigación_Accidente_de_Trabajo/a_Nuevo2")): Object: 'Object Repository/Modulo Pruebas SST/Investigación_Accidente_de_Trabajo/a_Nuevo2' is clicked on

2021-12-29 12:38:06 - [MESSAGE][PASSED] - Object: 'Object Repository/Modulo Pruebas SST/Investigación_Accidente_de_Trabajo/a_Nuevo2' is clicked on

2021-12-29 12:38:06 - [TEST_STEP][PASSED] - click(findTestObject("Modulo Pruebas SST/Investigación_Accidente_de_Trabajo/a_Metodologa_causaAccidente_formj_idt513")): Object: 'Object Repository/Modulo Pruebas SST/Investigación_Accidente_de_Trabajo/a_Metodologa_causaAccidente_formj_idt513' is clicked on

2021-12-29 12:38:06 - [MESSAGE][PASSED] - Object: 'Object Repository/Modulo Pruebas SST/Investigación_Accidente_de_Trabajo/a_Metodologa_causaAccidente_formj_idt513' is clicked on

2021-12-29 12:38:06 - [TEST_STEP][PASSED] - selectOptionByIndex(findTestObject("Modulo Pruebas SST/Investigación_Accidente_de_Trabajo/select_Seleccionar1111-Metodologa 12"), 1): All options with index in [1] are selected on object 'Object Repository/Modulo Pruebas SST/Investigación_Accidente_de_Trabajo/select_Seleccionar1111-Metodologa 12'

2021-12-29 12:38:08 - [MESSAGE][PASSED] - All options with index in [1] are selected on object 'Object Repository/Modulo Pruebas SST/Investigación_Accidente_de_Trabajo/select_Seleccionar1111-Metodologa 12'

2021-12-29 12:38:08 - [TEST_STEP][PASSED] - selectOptionByIndex(findTestObject("Modulo Pruebas SST/Investigación_Accidente_de_Trabajo/select_Seleccionar2"), 1): All options with index in [1] are selected on object 'Object Repository/Modulo Pruebas SST/Investigación_Accidente_de_Trabajo/select_Seleccionar2'

2021-12-29 12:38:10 - [MESSAGE][PASSED] - All options with index in [1] are selected on object 'Object Repository/Modulo Pruebas SST/Investigación_Accidente_de_Trabajo/select_Seleccionar2'

2021-12-29 12:38:10 - [TEST_STEP][PASSED] - click(findTestObject("Modulo Pruebas SST/Investigación_Accidente_de_Trabajo/span_Metodologa_ui-icon ui-icon-closethick")): Object: 'Object Repository/Modulo Pruebas SST/Investigación_Accidente_de_Trabajo/span_Metodologa_ui-icon ui-icon-closethick' is clicked on

2021-12-29 12:38:10 - [MESSAGE][PASSED] - Object: 'Object Repository/Modulo Pruebas SST/Investigación_Accidente_de_Trabajo/span_Metodologa_ui-icon ui-icon-closethick' is clicked on

2021-12-29 12:38:10 - [TEST_STEP][PASSED] - selectOptionByIndex(findTestObject("Modulo Pruebas SST/Investigación_Accidente_de_Trabajo/select_SeleccionarCausas BsicasCausas Inmediatas"), 1): All options with index in [1] are selected on object 'Object Repository/Modulo Pruebas SST/Investigación_Accidente_de_Trabajo/select_SeleccionarCausas BsicasCausas Inmediatas'

2021-12-29 12:38:12 - [MESSAGE][PASSED] - All options with index in [1] are selected on object 'Object Repository/Modulo Pruebas SST/Investigación_Accidente_de_Trabajo/select_SeleccionarCausas BsicasCausas Inmediatas'

2021-12-29 12:38:12 - [TEST_STEP][PASSED] - selectOptionByIndex(findTestObject("Modulo Pruebas SST/Investigación_Accidente_de_Trabajo/select_SeleccionarFactores PersonalesFactores del Trabajo"), 2): All options with index in [2] are selected on object 'Object Repository/Modulo Pruebas SST/Investigación_Accidente_de_Trabajo/select_SeleccionarFactores PersonalesFactores del Trabajo'

2021-12-29 12:38:13 - [MESSAGE][PASSED] - All options with index in [2] are selected on object 'Object Repository/Modulo Pruebas SST/Investigación_Accidente_de_Trabajo/select_SeleccionarFactores PersonalesFactores del Trabajo'

2021-12-29 12:38:13 - [TEST_STEP][PASSED] - selectOptionByIndex(findTestObject("Modulo Pruebas SST/Investigación_Accidente_de_Trabajo/select_SeleccionarLIMPIEZA, LUBRICACIN, AJUSTE O REPARACIN DE EQUIPO MVIL ELCTRICO O DE PRESIN"), 1): All options with index in [1] are selected on object 'Object Repository/Modulo Pruebas SST/Investigación_Accidente_de_Trabajo/select_SeleccionarLIMPIEZA, LUBRICACIN, AJUSTE O REPARACIN DE EQUIPO MVIL ELCTRICO O DE PRESIN'

2021-12-29 12:38:14 - [MESSAGE][PASSED] - All options with index in [1] are selected on object 'Object Repository/Modulo Pruebas SST/Investigación_Accidente_de_Trabajo/select_SeleccionarLIMPIEZA, LUBRICACIN, AJUSTE O REPARACIN DE EQUIPO MVIL ELCTRICO O DE PRESIN'

2021-12-29 12:38:14 - [TEST_STEP][PASSED] - selectOptionByIndex(findTestObject("Modulo Pruebas SST/Investigación_Accidente_de_Trabajo/select_SeleccionarNo especificada en otra parteTrabajar"), 1): All options with index in [1] are selected on object 'Object Repository/Modulo Pruebas SST/Investigación_Accidente_de_Trabajo/select_SeleccionarNo especificada en otra parteTrabajar'

2021-12-29 12:38:16 - [MESSAGE][PASSED] - All options with index in [1] are selected on object 'Object Repository/Modulo Pruebas SST/Investigación_Accidente_de_Trabajo/select_SeleccionarNo especificada en otra parteTrabajar'

2021-12-29 12:38:16 - [TEST_STEP][PASSED] - setText(findTestObject("Modulo Pruebas SST/Investigación_Accidente_de_Trabajo/textarea_Conclusin_causaAccidente_formobservacion"), "Prueba"): Text 'Prueba' is set on object 'Object Repository/Modulo Pruebas SST/Investigación_Accidente_de_Trabajo/textarea_Conclusin_causaAccidente_formobservacion'

2021-12-29 12:38:17 - [MESSAGE][PASSED] - Text 'Prueba' is set on object 'Object Repository/Modulo Pruebas SST/Investigación_Accidente_de_Trabajo/textarea_Conclusin_causaAccidente_formobservacion'

2021-12-29 12:38:17 - [TEST_STEP][FAILED] - click(findTestObject("Modulo Pruebas SST/Investigación_Accidente_de_Trabajo/a_Guardar_Causa investigacion")): Unable to click on object 'Object Repository/Modulo Pruebas SST/Investigación_Accidente_de_Trabajo/a_Guardar_Causa investigacion' (Root cause: com.kms.katalon.core.exception.StepFailedException: Unable to click on object 'Object Repository/Modulo Pruebas SST/Investigación_Accidente_de_Trabajo/a_Guardar_Causa investigacion'
	at com.kms.katalon.core.webui.keyword.internal.WebUIKeywordMain.stepFailed(WebUIKeywordMain.groovy:64)
	at com.kms.katalon.core.webui.keyword.internal.WebUIKeywordMain.runKeyword(WebUIKeywordMain.groovy:26)
	at com.kms.katalon.core.webui.keyword.builtin.ClickKeyword.click(ClickKeyword.groovy:74)
	at com.kms.katalon.core.webui.keyword.builtin.ClickKeyword.execute(ClickKeyword.groovy:40)
	at com.kms.katalon.core.keyword.internal.KeywordExecutor.executeKeywordForPlatform(KeywordExecutor.groovy:74)
	at com.kms.katalon.core.webui.keyword.WebUiBuiltInKeywords.click(WebUiBuiltInKeywords.groovy:620)
	at com.kms.katalon.core.webui.keyword.WebUiBuiltInKeywords$click$5.call(Unknown Source)
	at 5.1.2-Investigación_Accidente_de_Trabajo.run(5.1.2-Investigación_Accidente_de_Trabajo:138)
	at com.kms.katalon.core.main.ScriptEngine.run(ScriptEngine.java:194)
	at com.kms.katalon.core.main.ScriptEngine.runScriptAsRawText(ScriptEngine.java:119)
	at com.kms.katalon.core.main.TestCaseExecutor.runScript(TestCaseExecutor.java:442)
	at com.kms.katalon.core.main.TestCaseExecutor.doExecute(TestCaseExecutor.java:433)
	at com.kms.katalon.core.main.TestCaseExecutor.processExecutionPhase(TestCaseExecutor.java:412)
	at com.kms.katalon.core.main.TestCaseExecutor.accessMainPhase(TestCaseExecutor.java:404)
	at com.kms.katalon.core.main.TestCaseExecutor.execute(TestCaseExecutor.java:281)
	at com.kms.katalon.core.main.TestSuiteExecutor.accessTestCaseMainPhase(TestSuiteExecutor.java:202)
	at com.kms.katalon.core.main.TestSuiteExecutor.accessTestSuiteMainPhase(TestSuiteExecutor.java:164)
	at com.kms.katalon.core.main.TestSuiteExecutor.execute(TestSuiteExecutor.java:105)
	at com.kms.katalon.core.main.TestCaseMain.startTestSuite(TestCaseMain.java:181)
	at com.kms.katalon.core.main.TestCaseMain$startTestSuite$0.call(Unknown Source)
	at TempTestSuite1640798635364.run(TempTestSuite1640798635364.groovy:36)
Caused by: com.kms.katalon.core.webui.exception.WebElementNotFoundException: Web element with id: 'Object Repository/Modulo Pruebas SST/Investigación_Accidente_de_Trabajo/a_Guardar_Causa investigacion' located by '//a[@id='causaAccidente_form:j_idt559']' not found
	at com.kms.katalon.core.webui.common.WebUiCommonHelper.findWebElement(WebUiCommonHelper.java:1368)
	at com.kms.katalon.core.webui.keyword.internal.WebUIAbstractKeyword.findWebElement(WebUIAbstractKeyword.groovy:27)
	at com.kms.katalon.core.webui.keyword.builtin.ClickKeyword$_click_closure1.doCall(ClickKeyword.groovy:65)
	at com.kms.katalon.core.webui.keyword.builtin.ClickKeyword$_click_closure1.call(ClickKeyword.groovy)
	at com.kms.katalon.core.webui.keyword.internal.WebUIKeywordMain.runKeyword(WebUIKeywordMain.groovy:20)
	at com.kms.katalon.core.webui.keyword.builtin.ClickKeyword.click(ClickKeyword.groovy:74)
	at com.kms.katalon.core.webui.keyword.builtin.ClickKeyword.execute(ClickKeyword.groovy:40)
	at com.kms.katalon.core.keyword.internal.KeywordExecutor.executeKeywordForPlatform(KeywordExecutor.groovy:74)
	at com.kms.katalon.core.webui.keyword.WebUiBuiltInKeywords.click(WebUiBuiltInKeywords.groovy:620)
	at com.kms.katalon.core.webui.keyword.WebUiBuiltInKeywords$click$5.call(Unknown Source)
	at Script1637672124826.run(Script1637672124826.groovy:138)
	... 13 more
)

2021-12-29 12:38:48 - [MESSAGE][INFO] - Unable to find the element located by 'By.xpath: //a[@id='causaAccidente_form:j_idt559']'. Please recheck the objects properties to make sure the desired element is located. 

2021-12-29 12:38:48 - [MESSAGE][FAILED] - Unable to click on object 'Object Repository/Modulo Pruebas SST/Investigación_Accidente_de_Trabajo/a_Guardar_Causa investigacion' (Root cause: com.kms.katalon.core.exception.StepFailedException: Unable to click on object 'Object Repository/Modulo Pruebas SST/Investigación_Accidente_de_Trabajo/a_Guardar_Causa investigacion'
	at com.kms.katalon.core.webui.keyword.internal.WebUIKeywordMain.stepFailed(WebUIKeywordMain.groovy:64)
	at com.kms.katalon.core.webui.keyword.internal.WebUIKeywordMain.runKeyword(WebUIKeywordMain.groovy:26)
	at com.kms.katalon.core.webui.keyword.builtin.ClickKeyword.click(ClickKeyword.groovy:74)
	at com.kms.katalon.core.webui.keyword.builtin.ClickKeyword.execute(ClickKeyword.groovy:40)
	at com.kms.katalon.core.keyword.internal.KeywordExecutor.executeKeywordForPlatform(KeywordExecutor.groovy:74)
	at com.kms.katalon.core.webui.keyword.WebUiBuiltInKeywords.click(WebUiBuiltInKeywords.groovy:620)
	at com.kms.katalon.core.webui.keyword.WebUiBuiltInKeywords$click$5.call(Unknown Source)
	at 5.1.2-Investigación_Accidente_de_Trabajo.run(5.1.2-Investigación_Accidente_de_Trabajo:138)
	at com.kms.katalon.core.main.ScriptEngine.run(ScriptEngine.java:194)
	at com.kms.katalon.core.main.ScriptEngine.runScriptAsRawText(ScriptEngine.java:119)
	at com.kms.katalon.core.main.TestCaseExecutor.runScript(TestCaseExecutor.java:442)
	at com.kms.katalon.core.main.TestCaseExecutor.doExecute(TestCaseExecutor.java:433)
	at com.kms.katalon.core.main.TestCaseExecutor.processExecutionPhase(TestCaseExecutor.java:412)
	at com.kms.katalon.core.main.TestCaseExecutor.accessMainPhase(TestCaseExecutor.java:404)
	at com.kms.katalon.core.main.TestCaseExecutor.execute(TestCaseExecutor.java:281)
	at com.kms.katalon.core.main.TestSuiteExecutor.accessTestCaseMainPhase(TestSuiteExecutor.java:202)
	at com.kms.katalon.core.main.TestSuiteExecutor.accessTestSuiteMainPhase(TestSuiteExecutor.java:164)
	at com.kms.katalon.core.main.TestSuiteExecutor.execute(TestSuiteExecutor.java:105)
	at com.kms.katalon.core.main.TestCaseMain.startTestSuite(TestCaseMain.java:181)
	at com.kms.katalon.core.main.TestCaseMain$startTestSuite$0.call(Unknown Source)
	at TempTestSuite1640798635364.run(TempTestSuite1640798635364.groovy:36)
Caused by: com.kms.katalon.core.webui.exception.WebElementNotFoundException: Web element with id: 'Object Repository/Modulo Pruebas SST/Investigación_Accidente_de_Trabajo/a_Guardar_Causa investigacion' located by '//a[@id='causaAccidente_form:j_idt559']' not found
	at com.kms.katalon.core.webui.common.WebUiCommonHelper.findWebElement(WebUiCommonHelper.java:1368)
	at com.kms.katalon.core.webui.keyword.internal.WebUIAbstractKeyword.findWebElement(WebUIAbstractKeyword.groovy:27)
	at com.kms.katalon.core.webui.keyword.builtin.ClickKeyword$_click_closure1.doCall(ClickKeyword.groovy:65)
	at com.kms.katalon.core.webui.keyword.builtin.ClickKeyword$_click_closure1.call(ClickKeyword.groovy)
	at com.kms.katalon.core.webui.keyword.internal.WebUIKeywordMain.runKeyword(WebUIKeywordMain.groovy:20)
	at com.kms.katalon.core.webui.keyword.builtin.ClickKeyword.click(ClickKeyword.groovy:74)
	at com.kms.katalon.core.webui.keyword.builtin.ClickKeyword.execute(ClickKeyword.groovy:40)
	at com.kms.katalon.core.keyword.internal.KeywordExecutor.executeKeywordForPlatform(KeywordExecutor.groovy:74)
	at com.kms.katalon.core.webui.keyword.WebUiBuiltInKeywords.click(WebUiBuiltInKeywords.groovy:620)
	at com.kms.katalon.core.webui.keyword.WebUiBuiltInKeywords$click$5.call(Unknown Source)
	at Script1637672124826.run(Script1637672124826.groovy:138)
	... 13 more
)
[[ATTACHMENT|C:\\Users\\diego.rojas\\git\\Pruebas-Minimas\\Reports\\20211229_122339\\5-Pruebas SST\\20211229_122355\\1640799528348.png]]]]></system-out>
         <system-err><![CDATA[2021-12-29 12:37:22 - [TEST_CASE][FAILED] - Test Cases/5.1-Pruebas_SST/5.1.2-Investigación_Accidente_de_Trabajo: Test Cases/5.1-Pruebas_SST/5.1.2-Investigación_Accidente_de_Trabajo FAILED.
Reason:
com.kms.katalon.core.exception.StepFailedException: Unable to click on object 'Object Repository/Modulo Pruebas SST/Investigación_Accidente_de_Trabajo/a_Guardar_Causa investigacion'
	at com.kms.katalon.core.webui.keyword.internal.WebUIKeywordMain.stepFailed(WebUIKeywordMain.groovy:64)
	at com.kms.katalon.core.webui.keyword.internal.WebUIKeywordMain.runKeyword(WebUIKeywordMain.groovy:26)
	at com.kms.katalon.core.webui.keyword.builtin.ClickKeyword.click(ClickKeyword.groovy:74)
	at com.kms.katalon.core.webui.keyword.builtin.ClickKeyword.execute(ClickKeyword.groovy:40)
	at com.kms.katalon.core.keyword.internal.KeywordExecutor.executeKeywordForPlatform(KeywordExecutor.groovy:74)
	at com.kms.katalon.core.webui.keyword.WebUiBuiltInKeywords.click(WebUiBuiltInKeywords.groovy:620)
	at com.kms.katalon.core.webui.keyword.WebUiBuiltInKeywords$click$5.call(Unknown Source)
	at 5.1.2-Investigación_Accidente_de_Trabajo.run(5.1.2-Investigación_Accidente_de_Trabajo:138)
	at com.kms.katalon.core.main.ScriptEngine.run(ScriptEngine.java:194)
	at com.kms.katalon.core.main.ScriptEngine.runScriptAsRawText(ScriptEngine.java:119)
	at com.kms.katalon.core.main.TestCaseExecutor.runScript(TestCaseExecutor.java:442)
	at com.kms.katalon.core.main.TestCaseExecutor.doExecute(TestCaseExecutor.java:433)
	at com.kms.katalon.core.main.TestCaseExecutor.processExecutionPhase(TestCaseExecutor.java:412)
	at com.kms.katalon.core.main.TestCaseExecutor.accessMainPhase(TestCaseExecutor.java:404)
	at com.kms.katalon.core.main.TestCaseExecutor.execute(TestCaseExecutor.java:281)
	at com.kms.katalon.core.main.TestSuiteExecutor.accessTestCaseMainPhase(TestSuiteExecutor.java:202)
	at com.kms.katalon.core.main.TestSuiteExecutor.accessTestSuiteMainPhase(TestSuiteExecutor.java:164)
	at com.kms.katalon.core.main.TestSuiteExecutor.execute(TestSuiteExecutor.java:105)
	at com.kms.katalon.core.main.TestCaseMain.startTestSuite(TestCaseMain.java:181)
	at com.kms.katalon.core.main.TestCaseMain$startTestSuite$0.call(Unknown Source)
	at TempTestSuite1640798635364.run(TempTestSuite1640798635364.groovy:36)
Caused by: com.kms.katalon.core.webui.exception.WebElementNotFoundException: Web element with id: 'Object Repository/Modulo Pruebas SST/Investigación_Accidente_de_Trabajo/a_Guardar_Causa investigacion' located by '//a[@id='causaAccidente_form:j_idt559']' not found
	at com.kms.katalon.core.webui.common.WebUiCommonHelper.findWebElement(WebUiCommonHelper.java:1368)
	at com.kms.katalon.core.webui.keyword.internal.WebUIAbstractKeyword.findWebElement(WebUIAbstractKeyword.groovy:27)
	at com.kms.katalon.core.webui.keyword.builtin.ClickKeyword$_click_closure1.doCall(ClickKeyword.groovy:65)
	at com.kms.katalon.core.webui.keyword.builtin.ClickKeyword$_click_closure1.call(ClickKeyword.groovy)
	at com.kms.katalon.core.webui.keyword.internal.WebUIKeywordMain.runKeyword(WebUIKeywordMain.groovy:20)
	... 19 more]]></system-err>
      </testcase>
      <testcase name="Test Cases/5.1-Pruebas_SST/5.1.3-Seguimiento_a_accidente laborales_enfermedades_laborales_y_comunes" time="45.08" classname="Test Cases/5.1-Pruebas_SST/5.1.3-Seguimiento_a_accidente laborales_enfermedades_laborales_y_comunes" status="FAILED">
         <failure type="FAILED" message="Test Cases/5.1-Pruebas_SST/5.1.3-Seguimiento_a_accidente laborales_enfermedades_laborales_y_comunes FAILED.
Reason:
com.kms.katalon.core.exception.StepFailedException: Unable to click on object 'Object Repository/Modulo Pruebas SST/Seguimiento_a_accidente laborales_enfermedades_laborales_y_comunes/a_Nombre_form_listadoSolicitudElementoj_idt65'
	at com.kms.katalon.core.webui.keyword.internal.WebUIKeywordMain.stepFailed(WebUIKeywordMain.groovy:64)
	at com.kms.katalon.core.webui.keyword.internal.WebUIKeywordMain.runKeyword(WebUIKeywordMain.groovy:26)
	at com.kms.katalon.core.webui.keyword.builtin.ClickKeyword.click(ClickKeyword.groovy:74)
	at com.kms.katalon.core.webui.keyword.builtin.ClickKeyword.execute(ClickKeyword.groovy:40)
	at com.kms.katalon.core.keyword.internal.KeywordExecutor.executeKeywordForPlatform(KeywordExecutor.groovy:74)
	at com.kms.katalon.core.webui.keyword.WebUiBuiltInKeywords.click(WebUiBuiltInKeywords.groovy:620)
	at com.kms.katalon.core.webui.keyword.WebUiBuiltInKeywords$click$5.call(Unknown Source)
	at 5.1.3-Seguimiento_a_accidente laborales_enfermedades_laborales_y_comunes.run(5.1.3-Seguimiento_a_accidente laborales_enfermedades_laborales_y_comunes:30)
	at com.kms.katalon.core.main.ScriptEngine.run(ScriptEngine.java:194)
	at com.kms.katalon.core.main.ScriptEngine.runScriptAsRawText(ScriptEngine.java:119)
	at com.kms.katalon.core.main.TestCaseExecutor.runScript(TestCaseExecutor.java:442)
	at com.kms.katalon.core.main.TestCaseExecutor.doExecute(TestCaseExecutor.java:433)
	at com.kms.katalon.core.main.TestCaseExecutor.processExecutionPhase(TestCaseExecutor.java:412)
	at com.kms.katalon.core.main.TestCaseExecutor.accessMainPhase(TestCaseExecutor.java:404)
	at com.kms.katalon.core.main.TestCaseExecutor.execute(TestCaseExecutor.java:281)
	at com.kms.katalon.core.main.TestSuiteExecutor.accessTestCaseMainPhase(TestSuiteExecutor.java:202)
	at com.kms.katalon.core.main.TestSuiteExecutor.accessTestSuiteMainPhase(TestSuiteExecutor.java:164)
	at com.kms.katalon.core.main.TestSuiteExecutor.execute(TestSuiteExecutor.java:105)
	at com.kms.katalon.core.main.TestCaseMain.startTestSuite(TestCaseMain.java:181)
	at com.kms.katalon.core.main.TestCaseMain$startTestSuite$0.call(Unknown Source)
	at TempTestSuite1640798635364.run(TempTestSuite1640798635364.groovy:36)
Caused by: com.kms.katalon.core.webui.exception.WebElementNotFoundException: Web element with id: 'Object Repository/Modulo Pruebas SST/Seguimiento_a_accidente laborales_enfermedades_laborales_y_comunes/a_Nombre_form_listadoSolicitudElementoj_idt65' located by '//a[@id='form_listadoSolicitudElemento:j_idt65']' not found
	at com.kms.katalon.core.webui.common.WebUiCommonHelper.findWebElement(WebUiCommonHelper.java:1368)
	at com.kms.katalon.core.webui.keyword.internal.WebUIAbstractKeyword.findWebElement(WebUIAbstractKeyword.groovy:27)
	at com.kms.katalon.core.webui.keyword.builtin.ClickKeyword$_click_closure1.doCall(ClickKeyword.groovy:65)
	at com.kms.katalon.core.webui.keyword.builtin.ClickKeyword$_click_closure1.call(ClickKeyword.groovy)
	at com.kms.katalon.core.webui.keyword.internal.WebUIKeywordMain.runKeyword(WebUIKeywordMain.groovy:20)
	... 19 more
"/>
         <system-out><![CDATA[2021-12-29 12:38:48 - [TEST_CASE][FAILED] - Test Cases/5.1-Pruebas_SST/5.1.3-Seguimiento_a_accidente laborales_enfermedades_laborales_y_comunes: Test Cases/5.1-Pruebas_SST/5.1.3-Seguimiento_a_accidente laborales_enfermedades_laborales_y_comunes FAILED.
Reason:
com.kms.katalon.core.exception.StepFailedException: Unable to click on object 'Object Repository/Modulo Pruebas SST/Seguimiento_a_accidente laborales_enfermedades_laborales_y_comunes/a_Nombre_form_listadoSolicitudElementoj_idt65'
	at com.kms.katalon.core.webui.keyword.internal.WebUIKeywordMain.stepFailed(WebUIKeywordMain.groovy:64)
	at com.kms.katalon.core.webui.keyword.internal.WebUIKeywordMain.runKeyword(WebUIKeywordMain.groovy:26)
	at com.kms.katalon.core.webui.keyword.builtin.ClickKeyword.click(ClickKeyword.groovy:74)
	at com.kms.katalon.core.webui.keyword.builtin.ClickKeyword.execute(ClickKeyword.groovy:40)
	at com.kms.katalon.core.keyword.internal.KeywordExecutor.executeKeywordForPlatform(KeywordExecutor.groovy:74)
	at com.kms.katalon.core.webui.keyword.WebUiBuiltInKeywords.click(WebUiBuiltInKeywords.groovy:620)
	at com.kms.katalon.core.webui.keyword.WebUiBuiltInKeywords$click$5.call(Unknown Source)
	at 5.1.3-Seguimiento_a_accidente laborales_enfermedades_laborales_y_comunes.run(5.1.3-Seguimiento_a_accidente laborales_enfermedades_laborales_y_comunes:30)
	at com.kms.katalon.core.main.ScriptEngine.run(ScriptEngine.java:194)
	at com.kms.katalon.core.main.ScriptEngine.runScriptAsRawText(ScriptEngine.java:119)
	at com.kms.katalon.core.main.TestCaseExecutor.runScript(TestCaseExecutor.java:442)
	at com.kms.katalon.core.main.TestCaseExecutor.doExecute(TestCaseExecutor.java:433)
	at com.kms.katalon.core.main.TestCaseExecutor.processExecutionPhase(TestCaseExecutor.java:412)
	at com.kms.katalon.core.main.TestCaseExecutor.accessMainPhase(TestCaseExecutor.java:404)
	at com.kms.katalon.core.main.TestCaseExecutor.execute(TestCaseExecutor.java:281)
	at com.kms.katalon.core.main.TestSuiteExecutor.accessTestCaseMainPhase(TestSuiteExecutor.java:202)
	at com.kms.katalon.core.main.TestSuiteExecutor.accessTestSuiteMainPhase(TestSuiteExecutor.java:164)
	at com.kms.katalon.core.main.TestSuiteExecutor.execute(TestSuiteExecutor.java:105)
	at com.kms.katalon.core.main.TestCaseMain.startTestSuite(TestCaseMain.java:181)
	at com.kms.katalon.core.main.TestCaseMain$startTestSuite$0.call(Unknown Source)
	at TempTestSuite1640798635364.run(TempTestSuite1640798635364.groovy:36)
Caused by: com.kms.katalon.core.webui.exception.WebElementNotFoundException: Web element with id: 'Object Repository/Modulo Pruebas SST/Seguimiento_a_accidente laborales_enfermedades_laborales_y_comunes/a_Nombre_form_listadoSolicitudElementoj_idt65' located by '//a[@id='form_listadoSolicitudElemento:j_idt65']' not found
	at com.kms.katalon.core.webui.common.WebUiCommonHelper.findWebElement(WebUiCommonHelper.java:1368)
	at com.kms.katalon.core.webui.keyword.internal.WebUIAbstractKeyword.findWebElement(WebUIAbstractKeyword.groovy:27)
	at com.kms.katalon.core.webui.keyword.builtin.ClickKeyword$_click_closure1.doCall(ClickKeyword.groovy:65)
	at com.kms.katalon.core.webui.keyword.builtin.ClickKeyword$_click_closure1.call(ClickKeyword.groovy)
	at com.kms.katalon.core.webui.keyword.internal.WebUIKeywordMain.runKeyword(WebUIKeywordMain.groovy:20)
	... 19 more


2021-12-29 12:38:48 - [TEST_STEP][PASSED] - callTestCase(findTestCase("0.1-Login"), [:], STOP_ON_FAILURE): Call Test Case 'Test Cases/0.1-Login' successfully

2021-12-29 12:38:48 - [TEST_CASE][PASSED] - Test Cases/0.1-Login: Test Cases/0.1-Login

2021-12-29 12:38:48 - [TEST_STEP][PASSED] - openBrowser(""): Browser is opened with url: ''

2021-12-29 12:38:48 - [MESSAGE][WARNING] - A browser is already opened. Closing browser and opening a new one

2021-12-29 12:38:49 - [MESSAGE][INFO] - Starting 'Chrome' driver

2021-12-29 12:38:49 - [MESSAGE][INFO] - Action delay is set to 0 milliseconds

2021-12-29 12:38:51 - [MESSAGE][PASSED] - Browser is opened with url: ''

2021-12-29 12:38:51 - [TEST_STEP][PASSED] - maximizeWindow(): Current window maximized

2021-12-29 12:38:51 - [MESSAGE][PASSED] - Current window maximized

2021-12-29 12:38:51 - [TEST_STEP][PASSED] - i = G_Login: null

2021-12-29 12:38:51 - [TEST_STEP][PASSED] - url = new java.net.URL(i): null

2021-12-29 12:38:51 - [TEST_STEP][PASSED] - println("URL: " + url.toString()): null

2021-12-29 12:38:51 - [TEST_STEP][PASSED] - connection = url.openConnection(): null

2021-12-29 12:38:51 - [TEST_STEP][PASSED] - connection.setRequestMethod("GET"): null

2021-12-29 12:38:51 - [TEST_STEP][PASSED] - connection.setReadTimeout(2 * 1000): null

2021-12-29 12:38:51 - [TEST_STEP][PASSED] - try: null

2021-12-29 12:38:51 - [TEST_STEP][PASSED] - connection.connect(): null

2021-12-29 12:38:51 - [TEST_STEP][PASSED] - flag = connected: null

2021-12-29 12:38:51 - [TEST_STEP][PASSED] - println("Valor_ori: " + flag): null

2021-12-29 12:38:51 - [TEST_STEP][PASSED] - if (flag): null

2021-12-29 12:38:51 - [TEST_STEP][PASSED] - navigateToUrl(i): Navigate to 'http://192.168.2.80:8380/saraweb' successfully

2021-12-29 12:38:52 - [MESSAGE][PASSED] - Navigate to 'http://192.168.2.80:8380/saraweb' successfully

2021-12-29 12:38:52 - [TEST_STEP][PASSED] - a(): null

2021-12-29 12:38:52 - [TEST_STEP][PASSED] - setText(findTestObject("Login/input_USUARIO_loginusuario"), G_Usuario): Text 'saraadmin' is set on object 'Object Repository/Login/input_USUARIO_loginusuario'

2021-12-29 12:38:52 - [MESSAGE][PASSED] - Text 'saraadmin' is set on object 'Object Repository/Login/input_USUARIO_loginusuario'

2021-12-29 12:38:52 - [TEST_STEP][PASSED] - setEncryptedText(findTestObject("Login/input_CLAVE_loginpassword"), "MkG4/TYiCFC3cb2driP7+Q=="): Text ****** has been set on object 'Object Repository/Login/input_CLAVE_loginpassword'

2021-12-29 12:38:53 - [MESSAGE][PASSED] - Text ****** has been set on object 'Object Repository/Login/input_CLAVE_loginpassword'

2021-12-29 12:38:53 - [TEST_STEP][PASSED] - waitForElementClickable(findTestObject("Login/a_Ingresar"), G_TimeOut): Object 'Object Repository/Login/a_Ingresar' is clickable

2021-12-29 12:38:53 - [MESSAGE][PASSED] - Object 'Object Repository/Login/a_Ingresar' is clickable

2021-12-29 12:38:53 - [TEST_STEP][PASSED] - click(findTestObject("Login/a_Ingresar")): Object: 'Object Repository/Login/a_Ingresar' is clicked on

2021-12-29 12:38:56 - [MESSAGE][PASSED] - Object: 'Object Repository/Login/a_Ingresar' is clicked on

2021-12-29 12:38:56 - [TEST_STEP][PASSED] - element = findWebElement(findTestObject("Login/a_Ir"), 30): null

2021-12-29 12:38:56 - [TEST_STEP][PASSED] - executeJavaScript("arguments[0].click()", Arrays.asList(element)): Execute JavaScript 'arguments[0].click()' successfully

2021-12-29 12:38:56 - [MESSAGE][PASSED] - Execute JavaScript 'arguments[0].click()' successfully

2021-12-29 12:38:56 - [MESSAGE][PASSED] - Call Test Case 'Test Cases/0.1-Login' successfully

2021-12-29 12:38:56 - [TEST_STEP][PASSED] - setText(findTestObject("Modulo Pruebas SST/Seguimiento_a_accidente laborales_enfermedades_laborales_y_comunes/input_ADMINISTRADOR DEL SISTEMA - SARA_form_templatej_idt24_input"), "Registrar / Nov"): Text 'Registrar / Nov' is set on object 'Object Repository/Modulo Pruebas SST/Seguimiento_a_accidente laborales_enfermedades_laborales_y_comunes/input_ADMINISTRADOR DEL SISTEMA - SARA_form_templatej_idt24_input'

2021-12-29 12:38:57 - [MESSAGE][PASSED] - Text 'Registrar / Nov' is set on object 'Object Repository/Modulo Pruebas SST/Seguimiento_a_accidente laborales_enfermedades_laborales_y_comunes/input_ADMINISTRADOR DEL SISTEMA - SARA_form_templatej_idt24_input'

2021-12-29 12:38:57 - [TEST_STEP][PASSED] - click(findTestObject("Modulo Pruebas SST/Seguimiento_a_accidente laborales_enfermedades_laborales_y_comunes/li_Registrar  Nov. Caso Atep (sst)")): Object: 'Object Repository/Modulo Pruebas SST/Seguimiento_a_accidente laborales_enfermedades_laborales_y_comunes/li_Registrar  Nov. Caso Atep (sst)' is clicked on

2021-12-29 12:38:59 - [MESSAGE][PASSED] - Object: 'Object Repository/Modulo Pruebas SST/Seguimiento_a_accidente laborales_enfermedades_laborales_y_comunes/li_Registrar  Nov. Caso Atep (sst)' is clicked on

2021-12-29 12:38:59 - [TEST_STEP][PASSED] - selectOptionByIndex(findTestObject("Modulo Pruebas SST/Seguimiento_a_accidente laborales_enfermedades_laborales_y_comunes/select_-- SELECCIONAR --SEDE NORTESEDE OCCIDENTESEDE SUR1"), 1): All options with index in [1] are selected on object 'Object Repository/Modulo Pruebas SST/Seguimiento_a_accidente laborales_enfermedades_laborales_y_comunes/select_-- SELECCIONAR --SEDE NORTESEDE OCCIDENTESEDE SUR1'

2021-12-29 12:39:02 - [MESSAGE][PASSED] - All options with index in [1] are selected on object 'Object Repository/Modulo Pruebas SST/Seguimiento_a_accidente laborales_enfermedades_laborales_y_comunes/select_-- SELECCIONAR --SEDE NORTESEDE OCCIDENTESEDE SUR1'

2021-12-29 12:39:02 - [TEST_STEP][FAILED] - click(findTestObject("Modulo Pruebas SST/Seguimiento_a_accidente laborales_enfermedades_laborales_y_comunes/a_Nombre_form_listadoSolicitudElementoj_idt65")): Unable to click on object 'Object Repository/Modulo Pruebas SST/Seguimiento_a_accidente laborales_enfermedades_laborales_y_comunes/a_Nombre_form_listadoSolicitudElementoj_idt65' (Root cause: com.kms.katalon.core.exception.StepFailedException: Unable to click on object 'Object Repository/Modulo Pruebas SST/Seguimiento_a_accidente laborales_enfermedades_laborales_y_comunes/a_Nombre_form_listadoSolicitudElementoj_idt65'
	at com.kms.katalon.core.webui.keyword.internal.WebUIKeywordMain.stepFailed(WebUIKeywordMain.groovy:64)
	at com.kms.katalon.core.webui.keyword.internal.WebUIKeywordMain.runKeyword(WebUIKeywordMain.groovy:26)
	at com.kms.katalon.core.webui.keyword.builtin.ClickKeyword.click(ClickKeyword.groovy:74)
	at com.kms.katalon.core.webui.keyword.builtin.ClickKeyword.execute(ClickKeyword.groovy:40)
	at com.kms.katalon.core.keyword.internal.KeywordExecutor.executeKeywordForPlatform(KeywordExecutor.groovy:74)
	at com.kms.katalon.core.webui.keyword.WebUiBuiltInKeywords.click(WebUiBuiltInKeywords.groovy:620)
	at com.kms.katalon.core.webui.keyword.WebUiBuiltInKeywords$click$5.call(Unknown Source)
	at 5.1.3-Seguimiento_a_accidente laborales_enfermedades_laborales_y_comunes.run(5.1.3-Seguimiento_a_accidente laborales_enfermedades_laborales_y_comunes:30)
	at com.kms.katalon.core.main.ScriptEngine.run(ScriptEngine.java:194)
	at com.kms.katalon.core.main.ScriptEngine.runScriptAsRawText(ScriptEngine.java:119)
	at com.kms.katalon.core.main.TestCaseExecutor.runScript(TestCaseExecutor.java:442)
	at com.kms.katalon.core.main.TestCaseExecutor.doExecute(TestCaseExecutor.java:433)
	at com.kms.katalon.core.main.TestCaseExecutor.processExecutionPhase(TestCaseExecutor.java:412)
	at com.kms.katalon.core.main.TestCaseExecutor.accessMainPhase(TestCaseExecutor.java:404)
	at com.kms.katalon.core.main.TestCaseExecutor.execute(TestCaseExecutor.java:281)
	at com.kms.katalon.core.main.TestSuiteExecutor.accessTestCaseMainPhase(TestSuiteExecutor.java:202)
	at com.kms.katalon.core.main.TestSuiteExecutor.accessTestSuiteMainPhase(TestSuiteExecutor.java:164)
	at com.kms.katalon.core.main.TestSuiteExecutor.execute(TestSuiteExecutor.java:105)
	at com.kms.katalon.core.main.TestCaseMain.startTestSuite(TestCaseMain.java:181)
	at com.kms.katalon.core.main.TestCaseMain$startTestSuite$0.call(Unknown Source)
	at TempTestSuite1640798635364.run(TempTestSuite1640798635364.groovy:36)
Caused by: com.kms.katalon.core.webui.exception.WebElementNotFoundException: Web element with id: 'Object Repository/Modulo Pruebas SST/Seguimiento_a_accidente laborales_enfermedades_laborales_y_comunes/a_Nombre_form_listadoSolicitudElementoj_idt65' located by '//a[@id='form_listadoSolicitudElemento:j_idt65']' not found
	at com.kms.katalon.core.webui.common.WebUiCommonHelper.findWebElement(WebUiCommonHelper.java:1368)
	at com.kms.katalon.core.webui.keyword.internal.WebUIAbstractKeyword.findWebElement(WebUIAbstractKeyword.groovy:27)
	at com.kms.katalon.core.webui.keyword.builtin.ClickKeyword$_click_closure1.doCall(ClickKeyword.groovy:65)
	at com.kms.katalon.core.webui.keyword.builtin.ClickKeyword$_click_closure1.call(ClickKeyword.groovy)
	at com.kms.katalon.core.webui.keyword.internal.WebUIKeywordMain.runKeyword(WebUIKeywordMain.groovy:20)
	at com.kms.katalon.core.webui.keyword.builtin.ClickKeyword.click(ClickKeyword.groovy:74)
	at com.kms.katalon.core.webui.keyword.builtin.ClickKeyword.execute(ClickKeyword.groovy:40)
	at com.kms.katalon.core.keyword.internal.KeywordExecutor.executeKeywordForPlatform(KeywordExecutor.groovy:74)
	at com.kms.katalon.core.webui.keyword.WebUiBuiltInKeywords.click(WebUiBuiltInKeywords.groovy:620)
	at com.kms.katalon.core.webui.keyword.WebUiBuiltInKeywords$click$5.call(Unknown Source)
	at Script1637858574132.run(Script1637858574132.groovy:30)
	... 13 more
)

2021-12-29 12:39:33 - [MESSAGE][INFO] - Unable to find the element located by 'By.xpath: //a[@id='form_listadoSolicitudElemento:j_idt65']'. Please recheck the objects properties to make sure the desired element is located. 

2021-12-29 12:39:33 - [MESSAGE][FAILED] - Unable to click on object 'Object Repository/Modulo Pruebas SST/Seguimiento_a_accidente laborales_enfermedades_laborales_y_comunes/a_Nombre_form_listadoSolicitudElementoj_idt65' (Root cause: com.kms.katalon.core.exception.StepFailedException: Unable to click on object 'Object Repository/Modulo Pruebas SST/Seguimiento_a_accidente laborales_enfermedades_laborales_y_comunes/a_Nombre_form_listadoSolicitudElementoj_idt65'
	at com.kms.katalon.core.webui.keyword.internal.WebUIKeywordMain.stepFailed(WebUIKeywordMain.groovy:64)
	at com.kms.katalon.core.webui.keyword.internal.WebUIKeywordMain.runKeyword(WebUIKeywordMain.groovy:26)
	at com.kms.katalon.core.webui.keyword.builtin.ClickKeyword.click(ClickKeyword.groovy:74)
	at com.kms.katalon.core.webui.keyword.builtin.ClickKeyword.execute(ClickKeyword.groovy:40)
	at com.kms.katalon.core.keyword.internal.KeywordExecutor.executeKeywordForPlatform(KeywordExecutor.groovy:74)
	at com.kms.katalon.core.webui.keyword.WebUiBuiltInKeywords.click(WebUiBuiltInKeywords.groovy:620)
	at com.kms.katalon.core.webui.keyword.WebUiBuiltInKeywords$click$5.call(Unknown Source)
	at 5.1.3-Seguimiento_a_accidente laborales_enfermedades_laborales_y_comunes.run(5.1.3-Seguimiento_a_accidente laborales_enfermedades_laborales_y_comunes:30)
	at com.kms.katalon.core.main.ScriptEngine.run(ScriptEngine.java:194)
	at com.kms.katalon.core.main.ScriptEngine.runScriptAsRawText(ScriptEngine.java:119)
	at com.kms.katalon.core.main.TestCaseExecutor.runScript(TestCaseExecutor.java:442)
	at com.kms.katalon.core.main.TestCaseExecutor.doExecute(TestCaseExecutor.java:433)
	at com.kms.katalon.core.main.TestCaseExecutor.processExecutionPhase(TestCaseExecutor.java:412)
	at com.kms.katalon.core.main.TestCaseExecutor.accessMainPhase(TestCaseExecutor.java:404)
	at com.kms.katalon.core.main.TestCaseExecutor.execute(TestCaseExecutor.java:281)
	at com.kms.katalon.core.main.TestSuiteExecutor.accessTestCaseMainPhase(TestSuiteExecutor.java:202)
	at com.kms.katalon.core.main.TestSuiteExecutor.accessTestSuiteMainPhase(TestSuiteExecutor.java:164)
	at com.kms.katalon.core.main.TestSuiteExecutor.execute(TestSuiteExecutor.java:105)
	at com.kms.katalon.core.main.TestCaseMain.startTestSuite(TestCaseMain.java:181)
	at com.kms.katalon.core.main.TestCaseMain$startTestSuite$0.call(Unknown Source)
	at TempTestSuite1640798635364.run(TempTestSuite1640798635364.groovy:36)
Caused by: com.kms.katalon.core.webui.exception.WebElementNotFoundException: Web element with id: 'Object Repository/Modulo Pruebas SST/Seguimiento_a_accidente laborales_enfermedades_laborales_y_comunes/a_Nombre_form_listadoSolicitudElementoj_idt65' located by '//a[@id='form_listadoSolicitudElemento:j_idt65']' not found
	at com.kms.katalon.core.webui.common.WebUiCommonHelper.findWebElement(WebUiCommonHelper.java:1368)
	at com.kms.katalon.core.webui.keyword.internal.WebUIAbstractKeyword.findWebElement(WebUIAbstractKeyword.groovy:27)
	at com.kms.katalon.core.webui.keyword.builtin.ClickKeyword$_click_closure1.doCall(ClickKeyword.groovy:65)
	at com.kms.katalon.core.webui.keyword.builtin.ClickKeyword$_click_closure1.call(ClickKeyword.groovy)
	at com.kms.katalon.core.webui.keyword.internal.WebUIKeywordMain.runKeyword(WebUIKeywordMain.groovy:20)
	at com.kms.katalon.core.webui.keyword.builtin.ClickKeyword.click(ClickKeyword.groovy:74)
	at com.kms.katalon.core.webui.keyword.builtin.ClickKeyword.execute(ClickKeyword.groovy:40)
	at com.kms.katalon.core.keyword.internal.KeywordExecutor.executeKeywordForPlatform(KeywordExecutor.groovy:74)
	at com.kms.katalon.core.webui.keyword.WebUiBuiltInKeywords.click(WebUiBuiltInKeywords.groovy:620)
	at com.kms.katalon.core.webui.keyword.WebUiBuiltInKeywords$click$5.call(Unknown Source)
	at Script1637858574132.run(Script1637858574132.groovy:30)
	... 13 more
)
[[ATTACHMENT|C:\\Users\\diego.rojas\\git\\Pruebas-Minimas\\Reports\\20211229_122339\\5-Pruebas SST\\20211229_122355\\1640799573471.png]]]]></system-out>
         <system-err><![CDATA[2021-12-29 12:38:48 - [TEST_CASE][FAILED] - Test Cases/5.1-Pruebas_SST/5.1.3-Seguimiento_a_accidente laborales_enfermedades_laborales_y_comunes: Test Cases/5.1-Pruebas_SST/5.1.3-Seguimiento_a_accidente laborales_enfermedades_laborales_y_comunes FAILED.
Reason:
com.kms.katalon.core.exception.StepFailedException: Unable to click on object 'Object Repository/Modulo Pruebas SST/Seguimiento_a_accidente laborales_enfermedades_laborales_y_comunes/a_Nombre_form_listadoSolicitudElementoj_idt65'
	at com.kms.katalon.core.webui.keyword.internal.WebUIKeywordMain.stepFailed(WebUIKeywordMain.groovy:64)
	at com.kms.katalon.core.webui.keyword.internal.WebUIKeywordMain.runKeyword(WebUIKeywordMain.groovy:26)
	at com.kms.katalon.core.webui.keyword.builtin.ClickKeyword.click(ClickKeyword.groovy:74)
	at com.kms.katalon.core.webui.keyword.builtin.ClickKeyword.execute(ClickKeyword.groovy:40)
	at com.kms.katalon.core.keyword.internal.KeywordExecutor.executeKeywordForPlatform(KeywordExecutor.groovy:74)
	at com.kms.katalon.core.webui.keyword.WebUiBuiltInKeywords.click(WebUiBuiltInKeywords.groovy:620)
	at com.kms.katalon.core.webui.keyword.WebUiBuiltInKeywords$click$5.call(Unknown Source)
	at 5.1.3-Seguimiento_a_accidente laborales_enfermedades_laborales_y_comunes.run(5.1.3-Seguimiento_a_accidente laborales_enfermedades_laborales_y_comunes:30)
	at com.kms.katalon.core.main.ScriptEngine.run(ScriptEngine.java:194)
	at com.kms.katalon.core.main.ScriptEngine.runScriptAsRawText(ScriptEngine.java:119)
	at com.kms.katalon.core.main.TestCaseExecutor.runScript(TestCaseExecutor.java:442)
	at com.kms.katalon.core.main.TestCaseExecutor.doExecute(TestCaseExecutor.java:433)
	at com.kms.katalon.core.main.TestCaseExecutor.processExecutionPhase(TestCaseExecutor.java:412)
	at com.kms.katalon.core.main.TestCaseExecutor.accessMainPhase(TestCaseExecutor.java:404)
	at com.kms.katalon.core.main.TestCaseExecutor.execute(TestCaseExecutor.java:281)
	at com.kms.katalon.core.main.TestSuiteExecutor.accessTestCaseMainPhase(TestSuiteExecutor.java:202)
	at com.kms.katalon.core.main.TestSuiteExecutor.accessTestSuiteMainPhase(TestSuiteExecutor.java:164)
	at com.kms.katalon.core.main.TestSuiteExecutor.execute(TestSuiteExecutor.java:105)
	at com.kms.katalon.core.main.TestCaseMain.startTestSuite(TestCaseMain.java:181)
	at com.kms.katalon.core.main.TestCaseMain$startTestSuite$0.call(Unknown Source)
	at TempTestSuite1640798635364.run(TempTestSuite1640798635364.groovy:36)
Caused by: com.kms.katalon.core.webui.exception.WebElementNotFoundException: Web element with id: 'Object Repository/Modulo Pruebas SST/Seguimiento_a_accidente laborales_enfermedades_laborales_y_comunes/a_Nombre_form_listadoSolicitudElementoj_idt65' located by '//a[@id='form_listadoSolicitudElemento:j_idt65']' not found
	at com.kms.katalon.core.webui.common.WebUiCommonHelper.findWebElement(WebUiCommonHelper.java:1368)
	at com.kms.katalon.core.webui.keyword.internal.WebUIAbstractKeyword.findWebElement(WebUIAbstractKeyword.groovy:27)
	at com.kms.katalon.core.webui.keyword.builtin.ClickKeyword$_click_closure1.doCall(ClickKeyword.groovy:65)
	at com.kms.katalon.core.webui.keyword.builtin.ClickKeyword$_click_closure1.call(ClickKeyword.groovy)
	at com.kms.katalon.core.webui.keyword.internal.WebUIKeywordMain.runKeyword(WebUIKeywordMain.groovy:20)
	... 19 more]]></system-err>
      </testcase>
      <testcase name="Test Cases/5.1-Pruebas_SST/5.1.4-Creación_de_Matriz_de_Peligros" time="33.299" classname="Test Cases/5.1-Pruebas_SST/5.1.4-Creación_de_Matriz_de_Peligros" status="FAILED">
         <failure type="FAILED" message="Test Cases/5.1-Pruebas_SST/5.1.4-Creación_de_Matriz_de_Peligros FAILED.
Reason:
com.kms.katalon.core.exception.StepFailedException: Unable to click on object 'Object Repository/Modulo Pruebas SST/Creación_de_Matriz_de_Peligros/td_Individuo'
	at com.kms.katalon.core.webui.keyword.internal.WebUIKeywordMain.stepFailed(WebUIKeywordMain.groovy:64)
	at com.kms.katalon.core.webui.keyword.internal.WebUIKeywordMain.runKeyword(WebUIKeywordMain.groovy:26)
	at com.kms.katalon.core.webui.keyword.builtin.ClickKeyword.click(ClickKeyword.groovy:74)
	at com.kms.katalon.core.webui.keyword.builtin.ClickKeyword.execute(ClickKeyword.groovy:40)
	at com.kms.katalon.core.keyword.internal.KeywordExecutor.executeKeywordForPlatform(KeywordExecutor.groovy:74)
	at com.kms.katalon.core.webui.keyword.WebUiBuiltInKeywords.click(WebUiBuiltInKeywords.groovy:620)
	at com.kms.katalon.core.webui.keyword.WebUiBuiltInKeywords$click$5.call(Unknown Source)
	at 5.1.4-Creación_de_Matriz_de_Peligros.run(5.1.4-Creación_de_Matriz_de_Peligros:70)
	at com.kms.katalon.core.main.ScriptEngine.run(ScriptEngine.java:194)
	at com.kms.katalon.core.main.ScriptEngine.runScriptAsRawText(ScriptEngine.java:119)
	at com.kms.katalon.core.main.TestCaseExecutor.runScript(TestCaseExecutor.java:442)
	at com.kms.katalon.core.main.TestCaseExecutor.doExecute(TestCaseExecutor.java:433)
	at com.kms.katalon.core.main.TestCaseExecutor.processExecutionPhase(TestCaseExecutor.java:412)
	at com.kms.katalon.core.main.TestCaseExecutor.accessMainPhase(TestCaseExecutor.java:404)
	at com.kms.katalon.core.main.TestCaseExecutor.execute(TestCaseExecutor.java:281)
	at com.kms.katalon.core.main.TestSuiteExecutor.accessTestCaseMainPhase(TestSuiteExecutor.java:202)
	at com.kms.katalon.core.main.TestSuiteExecutor.accessTestSuiteMainPhase(TestSuiteExecutor.java:164)
	at com.kms.katalon.core.main.TestSuiteExecutor.execute(TestSuiteExecutor.java:105)
	at com.kms.katalon.core.main.TestCaseMain.startTestSuite(TestCaseMain.java:181)
	at com.kms.katalon.core.main.TestCaseMain$startTestSuite$0.call(Unknown Source)
	at TempTestSuite1640798635364.run(TempTestSuite1640798635364.groovy:36)
Caused by: org.openqa.selenium.ElementNotInteractableException: element not interactable: element has zero size
  (Session info: chrome=96.0.4664.110)
Build info: version: '3.141.59', revision: 'e82be7d358', time: '2018-11-14T08:25:53'
System info: host: 'US-AF-000371', ip: '192.168.56.1', os.name: 'Windows 10', os.arch: 'amd64', os.version: '10.0', java.version: '1.8.0_282'
Driver info: com.kms.katalon.selenium.driver.CChromeDriver
Capabilities {acceptInsecureCerts: false, browserName: chrome, browserVersion: 96.0.4664.110, chrome: {chromedriverVersion: 95.0.4638.17 (a9d0719444d4b..., userDataDir: C:\Users\DIEGO~1.ROJ\AppDat...}, goog:chromeOptions: {debuggerAddress: localhost:55738}, javascriptEnabled: true, networkConnectionEnabled: false, pageLoadStrategy: normal, platform: WINDOWS, platformName: WINDOWS, proxy: Proxy(), setWindowRect: true, strictFileInteractability: false, timeouts: {implicit: 0, pageLoad: 300000, script: 30000}, unhandledPromptBehavior: dismiss and notify, webauthn:extension:credBlob: true, webauthn:extension:largeBlob: true, webauthn:virtualAuthenticators: true}
Session ID: ebdac4371c0231c78be4e3fd3507ba73
	at org.openqa.selenium.remote.http.W3CHttpResponseCodec.createException(W3CHttpResponseCodec.java:187)
	at org.openqa.selenium.remote.http.W3CHttpResponseCodec.decode(W3CHttpResponseCodec.java:122)
	at org.openqa.selenium.remote.http.W3CHttpResponseCodec.decode(W3CHttpResponseCodec.java:49)
	at org.openqa.selenium.remote.HttpCommandExecutor.execute(HttpCommandExecutor.java:158)
	at org.openqa.selenium.remote.service.DriverCommandExecutor.execute(DriverCommandExecutor.java:83)
	at org.openqa.selenium.remote.RemoteWebDriver.execute(RemoteWebDriver.java:552)
	at com.kms.katalon.selenium.driver.CChromeDriver.execute(CChromeDriver.java:19)
	at org.openqa.selenium.remote.RemoteWebElement.execute(RemoteWebElement.java:285)
	at org.openqa.selenium.remote.RemoteWebElement.click(RemoteWebElement.java:84)
	at org.openqa.selenium.support.events.EventFiringWebDriver$EventFiringWebElement.lambda$new$0(EventFiringWebDriver.java:404)
	at com.sun.proxy.$Proxy11.click(Unknown Source)
	at org.openqa.selenium.support.events.EventFiringWebDriver$EventFiringWebElement.click(EventFiringWebDriver.java:417)
	at org.openqa.selenium.WebElement$click$0.call(Unknown Source)
	at com.kms.katalon.core.webui.keyword.builtin.ClickKeyword.clickUntilSuccessWithTimeout(ClickKeyword.groovy:81)
	at com.kms.katalon.core.webui.keyword.builtin.ClickKeyword.clickUntilSuccessWithTimeout(ClickKeyword.groovy)
	at com.kms.katalon.core.webui.keyword.builtin.ClickKeyword$_click_closure1.doCall(ClickKeyword.groovy:67)
	at com.kms.katalon.core.webui.keyword.builtin.ClickKeyword$_click_closure1.call(ClickKeyword.groovy)
	at com.kms.katalon.core.webui.keyword.internal.WebUIKeywordMain.runKeyword(WebUIKeywordMain.groovy:20)
	... 19 more
"/>
         <system-out><![CDATA[2021-12-29 12:39:33 - [TEST_CASE][FAILED] - Test Cases/5.1-Pruebas_SST/5.1.4-Creación_de_Matriz_de_Peligros: Test Cases/5.1-Pruebas_SST/5.1.4-Creación_de_Matriz_de_Peligros FAILED.
Reason:
com.kms.katalon.core.exception.StepFailedException: Unable to click on object 'Object Repository/Modulo Pruebas SST/Creación_de_Matriz_de_Peligros/td_Individuo'
	at com.kms.katalon.core.webui.keyword.internal.WebUIKeywordMain.stepFailed(WebUIKeywordMain.groovy:64)
	at com.kms.katalon.core.webui.keyword.internal.WebUIKeywordMain.runKeyword(WebUIKeywordMain.groovy:26)
	at com.kms.katalon.core.webui.keyword.builtin.ClickKeyword.click(ClickKeyword.groovy:74)
	at com.kms.katalon.core.webui.keyword.builtin.ClickKeyword.execute(ClickKeyword.groovy:40)
	at com.kms.katalon.core.keyword.internal.KeywordExecutor.executeKeywordForPlatform(KeywordExecutor.groovy:74)
	at com.kms.katalon.core.webui.keyword.WebUiBuiltInKeywords.click(WebUiBuiltInKeywords.groovy:620)
	at com.kms.katalon.core.webui.keyword.WebUiBuiltInKeywords$click$5.call(Unknown Source)
	at 5.1.4-Creación_de_Matriz_de_Peligros.run(5.1.4-Creación_de_Matriz_de_Peligros:70)
	at com.kms.katalon.core.main.ScriptEngine.run(ScriptEngine.java:194)
	at com.kms.katalon.core.main.ScriptEngine.runScriptAsRawText(ScriptEngine.java:119)
	at com.kms.katalon.core.main.TestCaseExecutor.runScript(TestCaseExecutor.java:442)
	at com.kms.katalon.core.main.TestCaseExecutor.doExecute(TestCaseExecutor.java:433)
	at com.kms.katalon.core.main.TestCaseExecutor.processExecutionPhase(TestCaseExecutor.java:412)
	at com.kms.katalon.core.main.TestCaseExecutor.accessMainPhase(TestCaseExecutor.java:404)
	at com.kms.katalon.core.main.TestCaseExecutor.execute(TestCaseExecutor.java:281)
	at com.kms.katalon.core.main.TestSuiteExecutor.accessTestCaseMainPhase(TestSuiteExecutor.java:202)
	at com.kms.katalon.core.main.TestSuiteExecutor.accessTestSuiteMainPhase(TestSuiteExecutor.java:164)
	at com.kms.katalon.core.main.TestSuiteExecutor.execute(TestSuiteExecutor.java:105)
	at com.kms.katalon.core.main.TestCaseMain.startTestSuite(TestCaseMain.java:181)
	at com.kms.katalon.core.main.TestCaseMain$startTestSuite$0.call(Unknown Source)
	at TempTestSuite1640798635364.run(TempTestSuite1640798635364.groovy:36)
Caused by: org.openqa.selenium.ElementNotInteractableException: element not interactable: element has zero size
  (Session info: chrome=96.0.4664.110)
Build info: version: '3.141.59', revision: 'e82be7d358', time: '2018-11-14T08:25:53'
System info: host: 'US-AF-000371', ip: '192.168.56.1', os.name: 'Windows 10', os.arch: 'amd64', os.version: '10.0', java.version: '1.8.0_282'
Driver info: com.kms.katalon.selenium.driver.CChromeDriver
Capabilities {acceptInsecureCerts: false, browserName: chrome, browserVersion: 96.0.4664.110, chrome: {chromedriverVersion: 95.0.4638.17 (a9d0719444d4b..., userDataDir: C:\Users\DIEGO~1.ROJ\AppDat...}, goog:chromeOptions: {debuggerAddress: localhost:55738}, javascriptEnabled: true, networkConnectionEnabled: false, pageLoadStrategy: normal, platform: WINDOWS, platformName: WINDOWS, proxy: Proxy(), setWindowRect: true, strictFileInteractability: false, timeouts: {implicit: 0, pageLoad: 300000, script: 30000}, unhandledPromptBehavior: dismiss and notify, webauthn:extension:credBlob: true, webauthn:extension:largeBlob: true, webauthn:virtualAuthenticators: true}
Session ID: ebdac4371c0231c78be4e3fd3507ba73
	at org.openqa.selenium.remote.http.W3CHttpResponseCodec.createException(W3CHttpResponseCodec.java:187)
	at org.openqa.selenium.remote.http.W3CHttpResponseCodec.decode(W3CHttpResponseCodec.java:122)
	at org.openqa.selenium.remote.http.W3CHttpResponseCodec.decode(W3CHttpResponseCodec.java:49)
	at org.openqa.selenium.remote.HttpCommandExecutor.execute(HttpCommandExecutor.java:158)
	at org.openqa.selenium.remote.service.DriverCommandExecutor.execute(DriverCommandExecutor.java:83)
	at org.openqa.selenium.remote.RemoteWebDriver.execute(RemoteWebDriver.java:552)
	at com.kms.katalon.selenium.driver.CChromeDriver.execute(CChromeDriver.java:19)
	at org.openqa.selenium.remote.RemoteWebElement.execute(RemoteWebElement.java:285)
	at org.openqa.selenium.remote.RemoteWebElement.click(RemoteWebElement.java:84)
	at org.openqa.selenium.support.events.EventFiringWebDriver$EventFiringWebElement.lambda$new$0(EventFiringWebDriver.java:404)
	at com.sun.proxy.$Proxy11.click(Unknown Source)
	at org.openqa.selenium.support.events.EventFiringWebDriver$EventFiringWebElement.click(EventFiringWebDriver.java:417)
	at org.openqa.selenium.WebElement$click$0.call(Unknown Source)
	at com.kms.katalon.core.webui.keyword.builtin.ClickKeyword.clickUntilSuccessWithTimeout(ClickKeyword.groovy:81)
	at com.kms.katalon.core.webui.keyword.builtin.ClickKeyword.clickUntilSuccessWithTimeout(ClickKeyword.groovy)
	at com.kms.katalon.core.webui.keyword.builtin.ClickKeyword$_click_closure1.doCall(ClickKeyword.groovy:67)
	at com.kms.katalon.core.webui.keyword.builtin.ClickKeyword$_click_closure1.call(ClickKeyword.groovy)
	at com.kms.katalon.core.webui.keyword.internal.WebUIKeywordMain.runKeyword(WebUIKeywordMain.groovy:20)
	... 19 more


2021-12-29 12:39:33 - [TEST_STEP][PASSED] - callTestCase(findTestCase("0.1-Login"), [:], STOP_ON_FAILURE): Call Test Case 'Test Cases/0.1-Login' successfully

2021-12-29 12:39:34 - [TEST_CASE][PASSED] - Test Cases/0.1-Login: Test Cases/0.1-Login

2021-12-29 12:39:34 - [TEST_STEP][PASSED] - openBrowser(""): Browser is opened with url: ''

2021-12-29 12:39:34 - [MESSAGE][WARNING] - A browser is already opened. Closing browser and opening a new one

2021-12-29 12:39:34 - [MESSAGE][INFO] - Starting 'Chrome' driver

2021-12-29 12:39:34 - [MESSAGE][INFO] - Action delay is set to 0 milliseconds

2021-12-29 12:39:36 - [MESSAGE][PASSED] - Browser is opened with url: ''

2021-12-29 12:39:36 - [TEST_STEP][PASSED] - maximizeWindow(): Current window maximized

2021-12-29 12:39:36 - [MESSAGE][PASSED] - Current window maximized

2021-12-29 12:39:36 - [TEST_STEP][PASSED] - i = G_Login: null

2021-12-29 12:39:36 - [TEST_STEP][PASSED] - url = new java.net.URL(i): null

2021-12-29 12:39:36 - [TEST_STEP][PASSED] - println("URL: " + url.toString()): null

2021-12-29 12:39:36 - [TEST_STEP][PASSED] - connection = url.openConnection(): null

2021-12-29 12:39:36 - [TEST_STEP][PASSED] - connection.setRequestMethod("GET"): null

2021-12-29 12:39:36 - [TEST_STEP][PASSED] - connection.setReadTimeout(2 * 1000): null

2021-12-29 12:39:36 - [TEST_STEP][PASSED] - try: null

2021-12-29 12:39:36 - [TEST_STEP][PASSED] - connection.connect(): null

2021-12-29 12:39:36 - [TEST_STEP][PASSED] - flag = connected: null

2021-12-29 12:39:36 - [TEST_STEP][PASSED] - println("Valor_ori: " + flag): null

2021-12-29 12:39:36 - [TEST_STEP][PASSED] - if (flag): null

2021-12-29 12:39:36 - [TEST_STEP][PASSED] - navigateToUrl(i): Navigate to 'http://192.168.2.80:8380/saraweb' successfully

2021-12-29 12:39:37 - [MESSAGE][PASSED] - Navigate to 'http://192.168.2.80:8380/saraweb' successfully

2021-12-29 12:39:37 - [TEST_STEP][PASSED] - a(): null

2021-12-29 12:39:37 - [TEST_STEP][PASSED] - setText(findTestObject("Login/input_USUARIO_loginusuario"), G_Usuario): Text 'saraadmin' is set on object 'Object Repository/Login/input_USUARIO_loginusuario'

2021-12-29 12:39:38 - [MESSAGE][PASSED] - Text 'saraadmin' is set on object 'Object Repository/Login/input_USUARIO_loginusuario'

2021-12-29 12:39:38 - [TEST_STEP][PASSED] - setEncryptedText(findTestObject("Login/input_CLAVE_loginpassword"), "MkG4/TYiCFC3cb2driP7+Q=="): Text ****** has been set on object 'Object Repository/Login/input_CLAVE_loginpassword'

2021-12-29 12:39:38 - [MESSAGE][PASSED] - Text ****** has been set on object 'Object Repository/Login/input_CLAVE_loginpassword'

2021-12-29 12:39:38 - [TEST_STEP][PASSED] - waitForElementClickable(findTestObject("Login/a_Ingresar"), G_TimeOut): Object 'Object Repository/Login/a_Ingresar' is clickable

2021-12-29 12:39:38 - [MESSAGE][PASSED] - Object 'Object Repository/Login/a_Ingresar' is clickable

2021-12-29 12:39:38 - [TEST_STEP][PASSED] - click(findTestObject("Login/a_Ingresar")): Object: 'Object Repository/Login/a_Ingresar' is clicked on

2021-12-29 12:39:41 - [MESSAGE][PASSED] - Object: 'Object Repository/Login/a_Ingresar' is clicked on

2021-12-29 12:39:41 - [TEST_STEP][PASSED] - element = findWebElement(findTestObject("Login/a_Ir"), 30): null

2021-12-29 12:39:41 - [TEST_STEP][PASSED] - executeJavaScript("arguments[0].click()", Arrays.asList(element)): Execute JavaScript 'arguments[0].click()' successfully

2021-12-29 12:39:41 - [MESSAGE][PASSED] - Execute JavaScript 'arguments[0].click()' successfully

2021-12-29 12:39:41 - [MESSAGE][PASSED] - Call Test Case 'Test Cases/0.1-Login' successfully

2021-12-29 12:39:41 - [TEST_STEP][PASSED] - setText(findTestObject("Modulo Pruebas SST/Creación_de_Matriz_de_Peligros/input_Listado Caso Atep_form_templatej_idt24_input"), "Matriz de peligros"): Text 'Matriz de peligros' is set on object 'Object Repository/Modulo Pruebas SST/Creación_de_Matriz_de_Peligros/input_Listado Caso Atep_form_templatej_idt24_input'

2021-12-29 12:39:42 - [MESSAGE][PASSED] - Text 'Matriz de peligros' is set on object 'Object Repository/Modulo Pruebas SST/Creación_de_Matriz_de_Peligros/input_Listado Caso Atep_form_templatej_idt24_input'

2021-12-29 12:39:42 - [TEST_STEP][PASSED] - click(findTestObject("Modulo Pruebas SST/Creación_de_Matriz_de_Peligros/li_Matriz de peligros (sst)")): Object: 'Object Repository/Modulo Pruebas SST/Creación_de_Matriz_de_Peligros/li_Matriz de peligros (sst)' is clicked on

2021-12-29 12:39:44 - [MESSAGE][PASSED] - Object: 'Object Repository/Modulo Pruebas SST/Creación_de_Matriz_de_Peligros/li_Matriz de peligros (sst)' is clicked on

2021-12-29 12:39:44 - [TEST_STEP][PASSED] - selectOptionByIndex(findTestObject("Modulo Pruebas SST/Creación_de_Matriz_de_Peligros/select_Periodo_principal"), 2): All options with index in [2] are selected on object 'Object Repository/Modulo Pruebas SST/Creación_de_Matriz_de_Peligros/select_Periodo_principal'

2021-12-29 12:39:48 - [MESSAGE][PASSED] - All options with index in [2] are selected on object 'Object Repository/Modulo Pruebas SST/Creación_de_Matriz_de_Peligros/select_Periodo_principal'

2021-12-29 12:39:48 - [TEST_STEP][PASSED] - selectOptionByIndex(findTestObject("Modulo Pruebas SST/Creación_de_Matriz_de_Peligros/select_Empresa_principal"), 1): All options with index in [1] are selected on object 'Object Repository/Modulo Pruebas SST/Creación_de_Matriz_de_Peligros/select_Empresa_principal'

2021-12-29 12:39:52 - [MESSAGE][PASSED] - All options with index in [1] are selected on object 'Object Repository/Modulo Pruebas SST/Creación_de_Matriz_de_Peligros/select_Empresa_principal'

2021-12-29 12:39:52 - [TEST_STEP][PASSED] - if (waitForElementPresent(findTestObject("Modulo Pruebas SST/Creación_de_Matriz_de_Peligros/td_PRUEBA KATALON"), 1)): null

2021-12-29 12:39:52 - [MESSAGE][PASSED] - Object 'Object Repository/Modulo Pruebas SST/Creación_de_Matriz_de_Peligros/td_PRUEBA KATALON' is present

2021-12-29 12:39:52 - [TEST_STEP][PASSED] - click(findTestObject("Modulo Pruebas SST/Creación_de_Matriz_de_Peligros/a_Fsico. - Riesgo Fsico_form_listadoMatrizPeligrotablaMatrizPeligroDetalle1j_idt138")): Object: 'Object Repository/Modulo Pruebas SST/Creación_de_Matriz_de_Peligros/a_Fsico. - Riesgo Fsico_form_listadoMatrizPeligrotablaMatrizPeligroDetalle1j_idt138' is clicked on

2021-12-29 12:39:53 - [MESSAGE][PASSED] - Object: 'Object Repository/Modulo Pruebas SST/Creación_de_Matriz_de_Peligros/a_Fsico. - Riesgo Fsico_form_listadoMatrizPeligrotablaMatrizPeligroDetalle1j_idt138' is clicked on

2021-12-29 12:39:53 - [TEST_STEP][PASSED] - click(findTestObject("Modulo Pruebas SST/Creación_de_Matriz_de_Peligros/a_Anexos_Eliminar")): Object: 'Object Repository/Modulo Pruebas SST/Creación_de_Matriz_de_Peligros/a_Anexos_Eliminar' is clicked on

2021-12-29 12:39:54 - [MESSAGE][PASSED] - Object: 'Object Repository/Modulo Pruebas SST/Creación_de_Matriz_de_Peligros/a_Anexos_Eliminar' is clicked on

2021-12-29 12:39:54 - [TEST_STEP][PASSED] - if (waitForElementPresent(findTestObject("Modulo Pruebas SST/Creación_de_Matriz_de_Peligros/td_Pruebas k"), 1)): null

2021-12-29 12:39:55 - [MESSAGE][PASSED] - Object 'Object Repository/Modulo Pruebas SST/Creación_de_Matriz_de_Peligros/td_Pruebas k' is present

2021-12-29 12:39:55 - [TEST_STEP][PASSED] - click(findTestObject("Modulo Pruebas SST/Creación_de_Matriz_de_Peligros/td_Pruebas k")): Object: 'Object Repository/Modulo Pruebas SST/Creación_de_Matriz_de_Peligros/td_Pruebas k' is clicked on

2021-12-29 12:39:56 - [MESSAGE][PASSED] - Object: 'Object Repository/Modulo Pruebas SST/Creación_de_Matriz_de_Peligros/td_Pruebas k' is clicked on

2021-12-29 12:39:56 - [TEST_STEP][PASSED] - click(findTestObject("Modulo Pruebas SST/Creación_de_Matriz_de_Peligros/a_prueba.pdf_Eliminar")): Object: 'Object Repository/Modulo Pruebas SST/Creación_de_Matriz_de_Peligros/a_prueba.pdf_Eliminar' is clicked on

2021-12-29 12:39:56 - [MESSAGE][PASSED] - Object: 'Object Repository/Modulo Pruebas SST/Creación_de_Matriz_de_Peligros/a_prueba.pdf_Eliminar' is clicked on

2021-12-29 12:39:56 - [TEST_STEP][PASSED] - click(findTestObject("Modulo Pruebas SST/Creación_de_Matriz_de_Peligros/span_Si")): Object: 'Object Repository/Modulo Pruebas SST/Creación_de_Matriz_de_Peligros/span_Si' is clicked on

2021-12-29 12:39:57 - [MESSAGE][PASSED] - Object: 'Object Repository/Modulo Pruebas SST/Creación_de_Matriz_de_Peligros/span_Si' is clicked on

2021-12-29 12:39:57 - [TEST_STEP][PASSED] - click(findTestObject("Modulo Pruebas SST/Creación_de_Matriz_de_Peligros/a_Medida de intervencin_Eliminar"), STOP_ON_FAILURE): Object: 'Object Repository/Modulo Pruebas SST/Creación_de_Matriz_de_Peligros/a_Medida de intervencin_Eliminar' is clicked on

2021-12-29 12:39:58 - [MESSAGE][PASSED] - Object: 'Object Repository/Modulo Pruebas SST/Creación_de_Matriz_de_Peligros/a_Medida de intervencin_Eliminar' is clicked on

2021-12-29 12:39:58 - [TEST_STEP][PASSED] - if (waitForElementPresent(findTestObject("Modulo Pruebas SST/Creación_de_Matriz_de_Peligros/td_PRUEBAS K (1)"), 1)): null

2021-12-29 12:39:58 - [MESSAGE][PASSED] - Object 'Object Repository/Modulo Pruebas SST/Creación_de_Matriz_de_Peligros/td_PRUEBAS K (1)' is present

2021-12-29 12:39:58 - [TEST_STEP][PASSED] - click(findTestObject("Modulo Pruebas SST/Creación_de_Matriz_de_Peligros/td_PRUEBAS K (1)")): Object: 'Object Repository/Modulo Pruebas SST/Creación_de_Matriz_de_Peligros/td_PRUEBAS K (1)' is clicked on

2021-12-29 12:39:59 - [MESSAGE][PASSED] - Object: 'Object Repository/Modulo Pruebas SST/Creación_de_Matriz_de_Peligros/td_PRUEBAS K (1)' is clicked on

2021-12-29 12:39:59 - [TEST_STEP][PASSED] - click(findTestObject("Modulo Pruebas SST/Creación_de_Matriz_de_Peligros/a_Eliminar0")): Object: 'Object Repository/Modulo Pruebas SST/Creación_de_Matriz_de_Peligros/a_Eliminar0' is clicked on

2021-12-29 12:39:59 - [MESSAGE][PASSED] - Object: 'Object Repository/Modulo Pruebas SST/Creación_de_Matriz_de_Peligros/a_Eliminar0' is clicked on

2021-12-29 12:39:59 - [TEST_STEP][PASSED] - click(findTestObject("Modulo Pruebas SST/Creación_de_Matriz_de_Peligros/a_Aceptar_Eliminar0")): Object: 'Object Repository/Modulo Pruebas SST/Creación_de_Matriz_de_Peligros/a_Aceptar_Eliminar0' is clicked on

2021-12-29 12:40:01 - [MESSAGE][PASSED] - Object: 'Object Repository/Modulo Pruebas SST/Creación_de_Matriz_de_Peligros/a_Aceptar_Eliminar0' is clicked on

2021-12-29 12:40:01 - [TEST_STEP][PASSED] - click(findTestObject("Modulo Pruebas SST/Creación_de_Matriz_de_Peligros/a_Niveles de Riesgo_Eliminar")): Object: 'Object Repository/Modulo Pruebas SST/Creación_de_Matriz_de_Peligros/a_Niveles de Riesgo_Eliminar' is clicked on

2021-12-29 12:40:01 - [MESSAGE][PASSED] - Object: 'Object Repository/Modulo Pruebas SST/Creación_de_Matriz_de_Peligros/a_Niveles de Riesgo_Eliminar' is clicked on

2021-12-29 12:40:01 - [TEST_STEP][PASSED] - if (waitForElementVisible(findTestObject("Modulo Pruebas SST/Creación_de_Matriz_de_Peligros/td_1"), 1)): null

2021-12-29 12:40:02 - [MESSAGE][PASSED] - Object 'Object Repository/Modulo Pruebas SST/Creación_de_Matriz_de_Peligros/td_1' is visible

2021-12-29 12:40:02 - [TEST_STEP][PASSED] - click(findTestObject("Modulo Pruebas SST/Creación_de_Matriz_de_Peligros/td_1")): Object: 'Object Repository/Modulo Pruebas SST/Creación_de_Matriz_de_Peligros/td_1' is clicked on

2021-12-29 12:40:02 - [MESSAGE][PASSED] - Object: 'Object Repository/Modulo Pruebas SST/Creación_de_Matriz_de_Peligros/td_1' is clicked on

2021-12-29 12:40:02 - [TEST_STEP][PASSED] - click(findTestObject("Modulo Pruebas SST/Creación_de_Matriz_de_Peligros/a_Eliminar1")): Object: 'Object Repository/Modulo Pruebas SST/Creación_de_Matriz_de_Peligros/a_Eliminar1' is clicked on

2021-12-29 12:40:03 - [MESSAGE][PASSED] - Object: 'Object Repository/Modulo Pruebas SST/Creación_de_Matriz_de_Peligros/a_Eliminar1' is clicked on

2021-12-29 12:40:03 - [TEST_STEP][PASSED] - click(findTestObject("Modulo Pruebas SST/Creación_de_Matriz_de_Peligros/a_Aceptar_Eliminar1")): Object: 'Object Repository/Modulo Pruebas SST/Creación_de_Matriz_de_Peligros/a_Aceptar_Eliminar1' is clicked on

2021-12-29 12:40:04 - [MESSAGE][PASSED] - Object: 'Object Repository/Modulo Pruebas SST/Creación_de_Matriz_de_Peligros/a_Aceptar_Eliminar1' is clicked on

2021-12-29 12:40:04 - [TEST_STEP][PASSED] - click(findTestObject("Modulo Pruebas SST/Creación_de_Matriz_de_Peligros/a_Controles Existentes_Eliminar")): Object: 'Object Repository/Modulo Pruebas SST/Creación_de_Matriz_de_Peligros/a_Controles Existentes_Eliminar' is clicked on

2021-12-29 12:40:04 - [MESSAGE][PASSED] - Object: 'Object Repository/Modulo Pruebas SST/Creación_de_Matriz_de_Peligros/a_Controles Existentes_Eliminar' is clicked on

2021-12-29 12:40:04 - [TEST_STEP][PASSED] - if (waitForElementPresent(findTestObject("Modulo Pruebas SST/Creación_de_Matriz_de_Peligros/td_Individuo"), 1)): null

2021-12-29 12:40:06 - [MESSAGE][PASSED] - Object 'Object Repository/Modulo Pruebas SST/Creación_de_Matriz_de_Peligros/td_Individuo' is present

2021-12-29 12:40:06 - [TEST_STEP][FAILED] - click(findTestObject("Modulo Pruebas SST/Creación_de_Matriz_de_Peligros/td_Individuo")): Unable to click on object 'Object Repository/Modulo Pruebas SST/Creación_de_Matriz_de_Peligros/td_Individuo' (Root cause: com.kms.katalon.core.exception.StepFailedException: Unable to click on object 'Object Repository/Modulo Pruebas SST/Creación_de_Matriz_de_Peligros/td_Individuo'
	at com.kms.katalon.core.webui.keyword.internal.WebUIKeywordMain.stepFailed(WebUIKeywordMain.groovy:64)
	at com.kms.katalon.core.webui.keyword.internal.WebUIKeywordMain.runKeyword(WebUIKeywordMain.groovy:26)
	at com.kms.katalon.core.webui.keyword.builtin.ClickKeyword.click(ClickKeyword.groovy:74)
	at com.kms.katalon.core.webui.keyword.builtin.ClickKeyword.execute(ClickKeyword.groovy:40)
	at com.kms.katalon.core.keyword.internal.KeywordExecutor.executeKeywordForPlatform(KeywordExecutor.groovy:74)
	at com.kms.katalon.core.webui.keyword.WebUiBuiltInKeywords.click(WebUiBuiltInKeywords.groovy:620)
	at com.kms.katalon.core.webui.keyword.WebUiBuiltInKeywords$click$5.call(Unknown Source)
	at 5.1.4-Creación_de_Matriz_de_Peligros.run(5.1.4-Creación_de_Matriz_de_Peligros:70)
	at com.kms.katalon.core.main.ScriptEngine.run(ScriptEngine.java:194)
	at com.kms.katalon.core.main.ScriptEngine.runScriptAsRawText(ScriptEngine.java:119)
	at com.kms.katalon.core.main.TestCaseExecutor.runScript(TestCaseExecutor.java:442)
	at com.kms.katalon.core.main.TestCaseExecutor.doExecute(TestCaseExecutor.java:433)
	at com.kms.katalon.core.main.TestCaseExecutor.processExecutionPhase(TestCaseExecutor.java:412)
	at com.kms.katalon.core.main.TestCaseExecutor.accessMainPhase(TestCaseExecutor.java:404)
	at com.kms.katalon.core.main.TestCaseExecutor.execute(TestCaseExecutor.java:281)
	at com.kms.katalon.core.main.TestSuiteExecutor.accessTestCaseMainPhase(TestSuiteExecutor.java:202)
	at com.kms.katalon.core.main.TestSuiteExecutor.accessTestSuiteMainPhase(TestSuiteExecutor.java:164)
	at com.kms.katalon.core.main.TestSuiteExecutor.execute(TestSuiteExecutor.java:105)
	at com.kms.katalon.core.main.TestCaseMain.startTestSuite(TestCaseMain.java:181)
	at com.kms.katalon.core.main.TestCaseMain$startTestSuite$0.call(Unknown Source)
	at TempTestSuite1640798635364.run(TempTestSuite1640798635364.groovy:36)
Caused by: org.openqa.selenium.ElementNotInteractableException: element not interactable: element has zero size
  (Session info: chrome=96.0.4664.110)
Build info: version: '3.141.59', revision: 'e82be7d358', time: '2018-11-14T08:25:53'
System info: host: 'US-AF-000371', ip: '192.168.56.1', os.name: 'Windows 10', os.arch: 'amd64', os.version: '10.0', java.version: '1.8.0_282'
Driver info: com.kms.katalon.selenium.driver.CChromeDriver
Capabilities {acceptInsecureCerts: false, browserName: chrome, browserVersion: 96.0.4664.110, chrome: {chromedriverVersion: 95.0.4638.17 (a9d0719444d4b..., userDataDir: C:\Users\DIEGO~1.ROJ\AppDat...}, goog:chromeOptions: {debuggerAddress: localhost:55738}, javascriptEnabled: true, networkConnectionEnabled: false, pageLoadStrategy: normal, platform: WINDOWS, platformName: WINDOWS, proxy: Proxy(), setWindowRect: true, strictFileInteractability: false, timeouts: {implicit: 0, pageLoad: 300000, script: 30000}, unhandledPromptBehavior: dismiss and notify, webauthn:extension:credBlob: true, webauthn:extension:largeBlob: true, webauthn:virtualAuthenticators: true}
Session ID: ebdac4371c0231c78be4e3fd3507ba73
	at org.openqa.selenium.remote.http.W3CHttpResponseCodec.createException(W3CHttpResponseCodec.java:187)
	at org.openqa.selenium.remote.http.W3CHttpResponseCodec.decode(W3CHttpResponseCodec.java:122)
	at org.openqa.selenium.remote.http.W3CHttpResponseCodec.decode(W3CHttpResponseCodec.java:49)
	at org.openqa.selenium.remote.HttpCommandExecutor.execute(HttpCommandExecutor.java:158)
	at org.openqa.selenium.remote.service.DriverCommandExecutor.execute(DriverCommandExecutor.java:83)
	at org.openqa.selenium.remote.RemoteWebDriver.execute(RemoteWebDriver.java:552)
	at com.kms.katalon.selenium.driver.CChromeDriver.execute(CChromeDriver.java:19)
	at org.openqa.selenium.remote.RemoteWebElement.execute(RemoteWebElement.java:285)
	at org.openqa.selenium.remote.RemoteWebElement.click(RemoteWebElement.java:84)
	at org.openqa.selenium.support.events.EventFiringWebDriver$EventFiringWebElement.lambda$new$0(EventFiringWebDriver.java:404)
	at com.sun.proxy.$Proxy11.click(Unknown Source)
	at org.openqa.selenium.support.events.EventFiringWebDriver$EventFiringWebElement.click(EventFiringWebDriver.java:417)
	at org.openqa.selenium.WebElement$click$0.call(Unknown Source)
	at com.kms.katalon.core.webui.keyword.builtin.ClickKeyword.clickUntilSuccessWithTimeout(ClickKeyword.groovy:81)
	at com.kms.katalon.core.webui.keyword.builtin.ClickKeyword.clickUntilSuccessWithTimeout(ClickKeyword.groovy)
	at com.kms.katalon.core.webui.keyword.builtin.ClickKeyword$_click_closure1.doCall(ClickKeyword.groovy:67)
	at com.kms.katalon.core.webui.keyword.builtin.ClickKeyword$_click_closure1.call(ClickKeyword.groovy)
	at com.kms.katalon.core.webui.keyword.internal.WebUIKeywordMain.runKeyword(WebUIKeywordMain.groovy:20)
	at com.kms.katalon.core.webui.keyword.builtin.ClickKeyword.click(ClickKeyword.groovy:74)
	at com.kms.katalon.core.webui.keyword.builtin.ClickKeyword.execute(ClickKeyword.groovy:40)
	at com.kms.katalon.core.keyword.internal.KeywordExecutor.executeKeywordForPlatform(KeywordExecutor.groovy:74)
	at com.kms.katalon.core.webui.keyword.WebUiBuiltInKeywords.click(WebUiBuiltInKeywords.groovy:620)
	at com.kms.katalon.core.webui.keyword.WebUiBuiltInKeywords$click$5.call(Unknown Source)
	at Script1637871030329.run(Script1637871030329.groovy:70)
	... 13 more
)

2021-12-29 12:40:06 - [MESSAGE][FAILED] - Unable to click on object 'Object Repository/Modulo Pruebas SST/Creación_de_Matriz_de_Peligros/td_Individuo' (Root cause: com.kms.katalon.core.exception.StepFailedException: Unable to click on object 'Object Repository/Modulo Pruebas SST/Creación_de_Matriz_de_Peligros/td_Individuo'
	at com.kms.katalon.core.webui.keyword.internal.WebUIKeywordMain.stepFailed(WebUIKeywordMain.groovy:64)
	at com.kms.katalon.core.webui.keyword.internal.WebUIKeywordMain.runKeyword(WebUIKeywordMain.groovy:26)
	at com.kms.katalon.core.webui.keyword.builtin.ClickKeyword.click(ClickKeyword.groovy:74)
	at com.kms.katalon.core.webui.keyword.builtin.ClickKeyword.execute(ClickKeyword.groovy:40)
	at com.kms.katalon.core.keyword.internal.KeywordExecutor.executeKeywordForPlatform(KeywordExecutor.groovy:74)
	at com.kms.katalon.core.webui.keyword.WebUiBuiltInKeywords.click(WebUiBuiltInKeywords.groovy:620)
	at com.kms.katalon.core.webui.keyword.WebUiBuiltInKeywords$click$5.call(Unknown Source)
	at 5.1.4-Creación_de_Matriz_de_Peligros.run(5.1.4-Creación_de_Matriz_de_Peligros:70)
	at com.kms.katalon.core.main.ScriptEngine.run(ScriptEngine.java:194)
	at com.kms.katalon.core.main.ScriptEngine.runScriptAsRawText(ScriptEngine.java:119)
	at com.kms.katalon.core.main.TestCaseExecutor.runScript(TestCaseExecutor.java:442)
	at com.kms.katalon.core.main.TestCaseExecutor.doExecute(TestCaseExecutor.java:433)
	at com.kms.katalon.core.main.TestCaseExecutor.processExecutionPhase(TestCaseExecutor.java:412)
	at com.kms.katalon.core.main.TestCaseExecutor.accessMainPhase(TestCaseExecutor.java:404)
	at com.kms.katalon.core.main.TestCaseExecutor.execute(TestCaseExecutor.java:281)
	at com.kms.katalon.core.main.TestSuiteExecutor.accessTestCaseMainPhase(TestSuiteExecutor.java:202)
	at com.kms.katalon.core.main.TestSuiteExecutor.accessTestSuiteMainPhase(TestSuiteExecutor.java:164)
	at com.kms.katalon.core.main.TestSuiteExecutor.execute(TestSuiteExecutor.java:105)
	at com.kms.katalon.core.main.TestCaseMain.startTestSuite(TestCaseMain.java:181)
	at com.kms.katalon.core.main.TestCaseMain$startTestSuite$0.call(Unknown Source)
	at TempTestSuite1640798635364.run(TempTestSuite1640798635364.groovy:36)
Caused by: org.openqa.selenium.ElementNotInteractableException: element not interactable: element has zero size
  (Session info: chrome=96.0.4664.110)
Build info: version: '3.141.59', revision: 'e82be7d358', time: '2018-11-14T08:25:53'
System info: host: 'US-AF-000371', ip: '192.168.56.1', os.name: 'Windows 10', os.arch: 'amd64', os.version: '10.0', java.version: '1.8.0_282'
Driver info: com.kms.katalon.selenium.driver.CChromeDriver
Capabilities {acceptInsecureCerts: false, browserName: chrome, browserVersion: 96.0.4664.110, chrome: {chromedriverVersion: 95.0.4638.17 (a9d0719444d4b..., userDataDir: C:\Users\DIEGO~1.ROJ\AppDat...}, goog:chromeOptions: {debuggerAddress: localhost:55738}, javascriptEnabled: true, networkConnectionEnabled: false, pageLoadStrategy: normal, platform: WINDOWS, platformName: WINDOWS, proxy: Proxy(), setWindowRect: true, strictFileInteractability: false, timeouts: {implicit: 0, pageLoad: 300000, script: 30000}, unhandledPromptBehavior: dismiss and notify, webauthn:extension:credBlob: true, webauthn:extension:largeBlob: true, webauthn:virtualAuthenticators: true}
Session ID: ebdac4371c0231c78be4e3fd3507ba73
	at org.openqa.selenium.remote.http.W3CHttpResponseCodec.createException(W3CHttpResponseCodec.java:187)
	at org.openqa.selenium.remote.http.W3CHttpResponseCodec.decode(W3CHttpResponseCodec.java:122)
	at org.openqa.selenium.remote.http.W3CHttpResponseCodec.decode(W3CHttpResponseCodec.java:49)
	at org.openqa.selenium.remote.HttpCommandExecutor.execute(HttpCommandExecutor.java:158)
	at org.openqa.selenium.remote.service.DriverCommandExecutor.execute(DriverCommandExecutor.java:83)
	at org.openqa.selenium.remote.RemoteWebDriver.execute(RemoteWebDriver.java:552)
	at com.kms.katalon.selenium.driver.CChromeDriver.execute(CChromeDriver.java:19)
	at org.openqa.selenium.remote.RemoteWebElement.execute(RemoteWebElement.java:285)
	at org.openqa.selenium.remote.RemoteWebElement.click(RemoteWebElement.java:84)
	at org.openqa.selenium.support.events.EventFiringWebDriver$EventFiringWebElement.lambda$new$0(EventFiringWebDriver.java:404)
	at com.sun.proxy.$Proxy11.click(Unknown Source)
	at org.openqa.selenium.support.events.EventFiringWebDriver$EventFiringWebElement.click(EventFiringWebDriver.java:417)
	at org.openqa.selenium.WebElement$click$0.call(Unknown Source)
	at com.kms.katalon.core.webui.keyword.builtin.ClickKeyword.clickUntilSuccessWithTimeout(ClickKeyword.groovy:81)
	at com.kms.katalon.core.webui.keyword.builtin.ClickKeyword.clickUntilSuccessWithTimeout(ClickKeyword.groovy)
	at com.kms.katalon.core.webui.keyword.builtin.ClickKeyword$_click_closure1.doCall(ClickKeyword.groovy:67)
	at com.kms.katalon.core.webui.keyword.builtin.ClickKeyword$_click_closure1.call(ClickKeyword.groovy)
	at com.kms.katalon.core.webui.keyword.internal.WebUIKeywordMain.runKeyword(WebUIKeywordMain.groovy:20)
	at com.kms.katalon.core.webui.keyword.builtin.ClickKeyword.click(ClickKeyword.groovy:74)
	at com.kms.katalon.core.webui.keyword.builtin.ClickKeyword.execute(ClickKeyword.groovy:40)
	at com.kms.katalon.core.keyword.internal.KeywordExecutor.executeKeywordForPlatform(KeywordExecutor.groovy:74)
	at com.kms.katalon.core.webui.keyword.WebUiBuiltInKeywords.click(WebUiBuiltInKeywords.groovy:620)
	at com.kms.katalon.core.webui.keyword.WebUiBuiltInKeywords$click$5.call(Unknown Source)
	at Script1637871030329.run(Script1637871030329.groovy:70)
	... 13 more
)
[[ATTACHMENT|C:\\Users\\diego.rojas\\git\\Pruebas-Minimas\\Reports\\20211229_122339\\5-Pruebas SST\\20211229_122355\\1640799606781.png]]]]></system-out>
         <system-err><![CDATA[2021-12-29 12:39:33 - [TEST_CASE][FAILED] - Test Cases/5.1-Pruebas_SST/5.1.4-Creación_de_Matriz_de_Peligros: Test Cases/5.1-Pruebas_SST/5.1.4-Creación_de_Matriz_de_Peligros FAILED.
Reason:
com.kms.katalon.core.exception.StepFailedException: Unable to click on object 'Object Repository/Modulo Pruebas SST/Creación_de_Matriz_de_Peligros/td_Individuo'
	at com.kms.katalon.core.webui.keyword.internal.WebUIKeywordMain.stepFailed(WebUIKeywordMain.groovy:64)
	at com.kms.katalon.core.webui.keyword.internal.WebUIKeywordMain.runKeyword(WebUIKeywordMain.groovy:26)
	at com.kms.katalon.core.webui.keyword.builtin.ClickKeyword.click(ClickKeyword.groovy:74)
	at com.kms.katalon.core.webui.keyword.builtin.ClickKeyword.execute(ClickKeyword.groovy:40)
	at com.kms.katalon.core.keyword.internal.KeywordExecutor.executeKeywordForPlatform(KeywordExecutor.groovy:74)
	at com.kms.katalon.core.webui.keyword.WebUiBuiltInKeywords.click(WebUiBuiltInKeywords.groovy:620)
	at com.kms.katalon.core.webui.keyword.WebUiBuiltInKeywords$click$5.call(Unknown Source)
	at 5.1.4-Creación_de_Matriz_de_Peligros.run(5.1.4-Creación_de_Matriz_de_Peligros:70)
	at com.kms.katalon.core.main.ScriptEngine.run(ScriptEngine.java:194)
	at com.kms.katalon.core.main.ScriptEngine.runScriptAsRawText(ScriptEngine.java:119)
	at com.kms.katalon.core.main.TestCaseExecutor.runScript(TestCaseExecutor.java:442)
	at com.kms.katalon.core.main.TestCaseExecutor.doExecute(TestCaseExecutor.java:433)
	at com.kms.katalon.core.main.TestCaseExecutor.processExecutionPhase(TestCaseExecutor.java:412)
	at com.kms.katalon.core.main.TestCaseExecutor.accessMainPhase(TestCaseExecutor.java:404)
	at com.kms.katalon.core.main.TestCaseExecutor.execute(TestCaseExecutor.java:281)
	at com.kms.katalon.core.main.TestSuiteExecutor.accessTestCaseMainPhase(TestSuiteExecutor.java:202)
	at com.kms.katalon.core.main.TestSuiteExecutor.accessTestSuiteMainPhase(TestSuiteExecutor.java:164)
	at com.kms.katalon.core.main.TestSuiteExecutor.execute(TestSuiteExecutor.java:105)
	at com.kms.katalon.core.main.TestCaseMain.startTestSuite(TestCaseMain.java:181)
	at com.kms.katalon.core.main.TestCaseMain$startTestSuite$0.call(Unknown Source)
	at TempTestSuite1640798635364.run(TempTestSuite1640798635364.groovy:36)
Caused by: org.openqa.selenium.ElementNotInteractableException: element not interactable: element has zero size
  (Session info: chrome=96.0.4664.110)
Build info: version: '3.141.59', revision: 'e82be7d358', time: '2018-11-14T08:25:53'
System info: host: 'US-AF-000371', ip: '192.168.56.1', os.name: 'Windows 10', os.arch: 'amd64', os.version: '10.0', java.version: '1.8.0_282'
Driver info: com.kms.katalon.selenium.driver.CChromeDriver
Capabilities {acceptInsecureCerts: false, browserName: chrome, browserVersion: 96.0.4664.110, chrome: {chromedriverVersion: 95.0.4638.17 (a9d0719444d4b..., userDataDir: C:\Users\DIEGO~1.ROJ\AppDat...}, goog:chromeOptions: {debuggerAddress: localhost:55738}, javascriptEnabled: true, networkConnectionEnabled: false, pageLoadStrategy: normal, platform: WINDOWS, platformName: WINDOWS, proxy: Proxy(), setWindowRect: true, strictFileInteractability: false, timeouts: {implicit: 0, pageLoad: 300000, script: 30000}, unhandledPromptBehavior: dismiss and notify, webauthn:extension:credBlob: true, webauthn:extension:largeBlob: true, webauthn:virtualAuthenticators: true}
Session ID: ebdac4371c0231c78be4e3fd3507ba73
	at org.openqa.selenium.remote.http.W3CHttpResponseCodec.createException(W3CHttpResponseCodec.java:187)
	at org.openqa.selenium.remote.http.W3CHttpResponseCodec.decode(W3CHttpResponseCodec.java:122)
	at org.openqa.selenium.remote.http.W3CHttpResponseCodec.decode(W3CHttpResponseCodec.java:49)
	at org.openqa.selenium.remote.HttpCommandExecutor.execute(HttpCommandExecutor.java:158)
	at org.openqa.selenium.remote.service.DriverCommandExecutor.execute(DriverCommandExecutor.java:83)
	at org.openqa.selenium.remote.RemoteWebDriver.execute(RemoteWebDriver.java:552)
	at com.kms.katalon.selenium.driver.CChromeDriver.execute(CChromeDriver.java:19)
	at org.openqa.selenium.remote.RemoteWebElement.execute(RemoteWebElement.java:285)
	at org.openqa.selenium.remote.RemoteWebElement.click(RemoteWebElement.java:84)
	at org.openqa.selenium.support.events.EventFiringWebDriver$EventFiringWebElement.lambda$new$0(EventFiringWebDriver.java:404)
	at com.sun.proxy.$Proxy11.click(Unknown Source)
	at org.openqa.selenium.support.events.EventFiringWebDriver$EventFiringWebElement.click(EventFiringWebDriver.java:417)
	at org.openqa.selenium.WebElement$click$0.call(Unknown Source)
	at com.kms.katalon.core.webui.keyword.builtin.ClickKeyword.clickUntilSuccessWithTimeout(ClickKeyword.groovy:81)
	at com.kms.katalon.core.webui.keyword.builtin.ClickKeyword.clickUntilSuccessWithTimeout(ClickKeyword.groovy)
	at com.kms.katalon.core.webui.keyword.builtin.ClickKeyword$_click_closure1.doCall(ClickKeyword.groovy:67)
	at com.kms.katalon.core.webui.keyword.builtin.ClickKeyword$_click_closure1.call(ClickKeyword.groovy)
	at com.kms.katalon.core.webui.keyword.internal.WebUIKeywordMain.runKeyword(WebUIKeywordMain.groovy:20)
	... 19 more]]></system-err>
      </testcase>
      <testcase name="Test Cases/5.1-Pruebas_SST/5.1.5-Diligenciar_una_inspección" time="50.325" classname="Test Cases/5.1-Pruebas_SST/5.1.5-Diligenciar_una_inspección" status="PASSED">
         <system-out><![CDATA[2021-12-29 12:40:06 - [TEST_CASE][PASSED] - Test Cases/5.1-Pruebas_SST/5.1.5-Diligenciar_una_inspección: Test Cases/5.1-Pruebas_SST/5.1.5-Diligenciar_una_inspección

2021-12-29 12:40:07 - [TEST_STEP][PASSED] - callTestCase(findTestCase("0.1-Login"), [:], STOP_ON_FAILURE): Call Test Case 'Test Cases/0.1-Login' successfully

2021-12-29 12:40:07 - [TEST_CASE][PASSED] - Test Cases/0.1-Login: Test Cases/0.1-Login

2021-12-29 12:40:07 - [TEST_STEP][PASSED] - openBrowser(""): Browser is opened with url: ''

2021-12-29 12:40:07 - [MESSAGE][WARNING] - A browser is already opened. Closing browser and opening a new one

2021-12-29 12:40:08 - [MESSAGE][INFO] - Starting 'Chrome' driver

2021-12-29 12:40:08 - [MESSAGE][INFO] - Action delay is set to 0 milliseconds

2021-12-29 12:40:09 - [MESSAGE][PASSED] - Browser is opened with url: ''

2021-12-29 12:40:09 - [TEST_STEP][PASSED] - maximizeWindow(): Current window maximized

2021-12-29 12:40:09 - [MESSAGE][PASSED] - Current window maximized

2021-12-29 12:40:09 - [TEST_STEP][PASSED] - i = G_Login: null

2021-12-29 12:40:09 - [TEST_STEP][PASSED] - url = new java.net.URL(i): null

2021-12-29 12:40:09 - [TEST_STEP][PASSED] - println("URL: " + url.toString()): null

2021-12-29 12:40:09 - [TEST_STEP][PASSED] - connection = url.openConnection(): null

2021-12-29 12:40:09 - [TEST_STEP][PASSED] - connection.setRequestMethod("GET"): null

2021-12-29 12:40:09 - [TEST_STEP][PASSED] - connection.setReadTimeout(2 * 1000): null

2021-12-29 12:40:09 - [TEST_STEP][PASSED] - try: null

2021-12-29 12:40:09 - [TEST_STEP][PASSED] - connection.connect(): null

2021-12-29 12:40:09 - [TEST_STEP][PASSED] - flag = connected: null

2021-12-29 12:40:09 - [TEST_STEP][PASSED] - println("Valor_ori: " + flag): null

2021-12-29 12:40:09 - [TEST_STEP][PASSED] - if (flag): null

2021-12-29 12:40:09 - [TEST_STEP][PASSED] - navigateToUrl(i): Navigate to 'http://192.168.2.80:8380/saraweb' successfully

2021-12-29 12:40:09 - [MESSAGE][PASSED] - Navigate to 'http://192.168.2.80:8380/saraweb' successfully

2021-12-29 12:40:09 - [TEST_STEP][PASSED] - a(): null

2021-12-29 12:40:09 - [TEST_STEP][PASSED] - setText(findTestObject("Login/input_USUARIO_loginusuario"), G_Usuario): Text 'saraadmin' is set on object 'Object Repository/Login/input_USUARIO_loginusuario'

2021-12-29 12:40:10 - [MESSAGE][PASSED] - Text 'saraadmin' is set on object 'Object Repository/Login/input_USUARIO_loginusuario'

2021-12-29 12:40:10 - [TEST_STEP][PASSED] - setEncryptedText(findTestObject("Login/input_CLAVE_loginpassword"), "MkG4/TYiCFC3cb2driP7+Q=="): Text ****** has been set on object 'Object Repository/Login/input_CLAVE_loginpassword'

2021-12-29 12:40:11 - [MESSAGE][PASSED] - Text ****** has been set on object 'Object Repository/Login/input_CLAVE_loginpassword'

2021-12-29 12:40:11 - [TEST_STEP][PASSED] - waitForElementClickable(findTestObject("Login/a_Ingresar"), G_TimeOut): Object 'Object Repository/Login/a_Ingresar' is clickable

2021-12-29 12:40:11 - [MESSAGE][PASSED] - Object 'Object Repository/Login/a_Ingresar' is clickable

2021-12-29 12:40:11 - [TEST_STEP][PASSED] - click(findTestObject("Login/a_Ingresar")): Object: 'Object Repository/Login/a_Ingresar' is clicked on

2021-12-29 12:40:13 - [MESSAGE][PASSED] - Object: 'Object Repository/Login/a_Ingresar' is clicked on

2021-12-29 12:40:13 - [TEST_STEP][PASSED] - element = findWebElement(findTestObject("Login/a_Ir"), 30): null

2021-12-29 12:40:14 - [TEST_STEP][PASSED] - executeJavaScript("arguments[0].click()", Arrays.asList(element)): Execute JavaScript 'arguments[0].click()' successfully

2021-12-29 12:40:14 - [MESSAGE][PASSED] - Execute JavaScript 'arguments[0].click()' successfully

2021-12-29 12:40:14 - [MESSAGE][PASSED] - Call Test Case 'Test Cases/0.1-Login' successfully

2021-12-29 12:40:14 - [TEST_STEP][PASSED] - setText(findTestObject("Modulo Pruebas SST/Diligenciar_una_inspección/input_ADMINISTRADOR DEL SISTEMA - SARA_form_templatej_idt24_input"), "Inspecciones"): Text 'Inspecciones' is set on object 'Object Repository/Modulo Pruebas SST/Diligenciar_una_inspección/input_ADMINISTRADOR DEL SISTEMA - SARA_form_templatej_idt24_input'

2021-12-29 12:40:15 - [MESSAGE][PASSED] - Text 'Inspecciones' is set on object 'Object Repository/Modulo Pruebas SST/Diligenciar_una_inspección/input_ADMINISTRADOR DEL SISTEMA - SARA_form_templatej_idt24_input'

2021-12-29 12:40:15 - [TEST_STEP][PASSED] - click(findTestObject("Modulo Pruebas SST/Diligenciar_una_inspección/li_Inspecciones (sst)")): Object: 'Object Repository/Modulo Pruebas SST/Diligenciar_una_inspección/li_Inspecciones (sst)' is clicked on

2021-12-29 12:40:17 - [MESSAGE][PASSED] - Object: 'Object Repository/Modulo Pruebas SST/Diligenciar_una_inspección/li_Inspecciones (sst)' is clicked on

2021-12-29 12:40:17 - [TEST_STEP][PASSED] - if (waitForElementPresent(findTestObject("Modulo Pruebas SST/Diligenciar_una_inspección/td_PRUEBAS KATALON"), 1)): null

2021-12-29 12:40:18 - [MESSAGE][PASSED] - Object 'Object Repository/Modulo Pruebas SST/Diligenciar_una_inspección/td_PRUEBAS KATALON' is present

2021-12-29 12:40:18 - [TEST_STEP][PASSED] - click(findTestObject("Modulo Pruebas SST/Diligenciar_una_inspección/td_PRUEBAS KATALON")): Object: 'Object Repository/Modulo Pruebas SST/Diligenciar_una_inspección/td_PRUEBAS KATALON' is clicked on

2021-12-29 12:40:18 - [MESSAGE][PASSED] - Object: 'Object Repository/Modulo Pruebas SST/Diligenciar_una_inspección/td_PRUEBAS KATALON' is clicked on

2021-12-29 12:40:18 - [TEST_STEP][PASSED] - click(findTestObject("Modulo Pruebas SST/Diligenciar_una_inspección/a_Programacin1")): Object: 'Object Repository/Modulo Pruebas SST/Diligenciar_una_inspección/a_Programacin1' is clicked on

2021-12-29 12:40:19 - [MESSAGE][PASSED] - Object: 'Object Repository/Modulo Pruebas SST/Diligenciar_una_inspección/a_Programacin1' is clicked on

2021-12-29 12:40:19 - [TEST_STEP][PASSED] - if (waitForElementPresent(findTestObject("Modulo Pruebas SST/Diligenciar_una_inspección/td_1010220596"), 1)): null

2021-12-29 12:40:20 - [MESSAGE][PASSED] - Object 'Object Repository/Modulo Pruebas SST/Diligenciar_una_inspección/td_1010220596' is present

2021-12-29 12:40:20 - [TEST_STEP][PASSED] - click(findTestObject("Modulo Pruebas SST/Diligenciar_una_inspección/td_1010220596")): Object: 'Object Repository/Modulo Pruebas SST/Diligenciar_una_inspección/td_1010220596' is clicked on

2021-12-29 12:40:20 - [MESSAGE][PASSED] - Object: 'Object Repository/Modulo Pruebas SST/Diligenciar_una_inspección/td_1010220596' is clicked on

2021-12-29 12:40:20 - [TEST_STEP][PASSED] - click(findTestObject("Modulo Pruebas SST/Diligenciar_una_inspección/a_Eliminar")): Object: 'Object Repository/Modulo Pruebas SST/Diligenciar_una_inspección/a_Eliminar' is clicked on

2021-12-29 12:40:21 - [MESSAGE][PASSED] - Object: 'Object Repository/Modulo Pruebas SST/Diligenciar_una_inspección/a_Eliminar' is clicked on

2021-12-29 12:40:21 - [TEST_STEP][PASSED] - click(findTestObject("Modulo Pruebas SST/Diligenciar_una_inspección/button_Si")): Object: 'Object Repository/Modulo Pruebas SST/Diligenciar_una_inspección/button_Si' is clicked on

2021-12-29 12:40:22 - [MESSAGE][PASSED] - Object: 'Object Repository/Modulo Pruebas SST/Diligenciar_una_inspección/button_Si' is clicked on

2021-12-29 12:40:22 - [TEST_STEP][PASSED] - click(findTestObject("Modulo Pruebas SST/Diligenciar_una_inspección/a_Detalle_principal")): Object: 'Object Repository/Modulo Pruebas SST/Diligenciar_una_inspección/a_Detalle_principal' is clicked on

2021-12-29 12:40:23 - [MESSAGE][PASSED] - Object: 'Object Repository/Modulo Pruebas SST/Diligenciar_una_inspección/a_Detalle_principal' is clicked on

2021-12-29 12:40:23 - [TEST_STEP][PASSED] - click(findTestObject("Modulo Pruebas SST/Diligenciar_una_inspección/a_Eliminar2")): Object: 'Object Repository/Modulo Pruebas SST/Diligenciar_una_inspección/a_Eliminar2' is clicked on

2021-12-29 12:40:23 - [MESSAGE][PASSED] - Object: 'Object Repository/Modulo Pruebas SST/Diligenciar_una_inspección/a_Eliminar2' is clicked on

2021-12-29 12:40:23 - [TEST_STEP][PASSED] - click(findTestObject("Modulo Pruebas SST/Diligenciar_una_inspección/a_Aceptar2")): Object: 'Object Repository/Modulo Pruebas SST/Diligenciar_una_inspección/a_Aceptar2' is clicked on

2021-12-29 12:40:24 - [MESSAGE][PASSED] - Object: 'Object Repository/Modulo Pruebas SST/Diligenciar_una_inspección/a_Aceptar2' is clicked on

2021-12-29 12:40:24 - [TEST_STEP][PASSED] - click(findTestObject("Modulo Pruebas SST/Diligenciar_una_inspección/a_Nuevo")): Object: 'Object Repository/Modulo Pruebas SST/Diligenciar_una_inspección/a_Nuevo' is clicked on

2021-12-29 12:40:25 - [MESSAGE][PASSED] - Object: 'Object Repository/Modulo Pruebas SST/Diligenciar_una_inspección/a_Nuevo' is clicked on

2021-12-29 12:40:25 - [TEST_STEP][PASSED] - setText(findTestObject("Modulo Pruebas SST/Diligenciar_una_inspección/textarea_Descripcin_form_datobasicoinspecciondescripcion"), "PRUEBAS KATALON"): Text 'PRUEBAS KATALON' is set on object 'Object Repository/Modulo Pruebas SST/Diligenciar_una_inspección/textarea_Descripcin_form_datobasicoinspecciondescripcion'

2021-12-29 12:40:26 - [MESSAGE][PASSED] - Text 'PRUEBAS KATALON' is set on object 'Object Repository/Modulo Pruebas SST/Diligenciar_una_inspección/textarea_Descripcin_form_datobasicoinspecciondescripcion'

2021-12-29 12:40:26 - [TEST_STEP][PASSED] - selectOptionByIndex(findTestObject("Modulo Pruebas SST/Diligenciar_una_inspección/select_SeleccionarDe rea o punto crticoNo planeadaPlaneada"), 1): All options with index in [1] are selected on object 'Object Repository/Modulo Pruebas SST/Diligenciar_una_inspección/select_SeleccionarDe rea o punto crticoNo planeadaPlaneada'

2021-12-29 12:40:28 - [MESSAGE][PASSED] - All options with index in [1] are selected on object 'Object Repository/Modulo Pruebas SST/Diligenciar_una_inspección/select_SeleccionarDe rea o punto crticoNo planeadaPlaneada'

2021-12-29 12:40:28 - [TEST_STEP][PASSED] - selectOptionByIndex(findTestObject("Modulo Pruebas SST/Diligenciar_una_inspección/select_SeleccionarSEDE NORTESEDE OCCIDENTESEDE SUR"), 1): All options with index in [1] are selected on object 'Object Repository/Modulo Pruebas SST/Diligenciar_una_inspección/select_SeleccionarSEDE NORTESEDE OCCIDENTESEDE SUR'

2021-12-29 12:40:29 - [MESSAGE][PASSED] - All options with index in [1] are selected on object 'Object Repository/Modulo Pruebas SST/Diligenciar_una_inspección/select_SeleccionarSEDE NORTESEDE OCCIDENTESEDE SUR'

2021-12-29 12:40:29 - [TEST_STEP][PASSED] - selectOptionByIndex(findTestObject("Modulo Pruebas SST/Diligenciar_una_inspección/select_SeleccionarMENSUALBIMESTRALANUALSEMANALTRIMESTRALSEMESTRALDIARIA"), 1): All options with index in [1] are selected on object 'Object Repository/Modulo Pruebas SST/Diligenciar_una_inspección/select_SeleccionarMENSUALBIMESTRALANUALSEMANALTRIMESTRALSEMESTRALDIARIA'

2021-12-29 12:40:30 - [MESSAGE][PASSED] - All options with index in [1] are selected on object 'Object Repository/Modulo Pruebas SST/Diligenciar_una_inspección/select_SeleccionarMENSUALBIMESTRALANUALSEMANALTRIMESTRALSEMESTRALDIARIA'

2021-12-29 12:40:30 - [TEST_STEP][PASSED] - setText(findTestObject("Modulo Pruebas SST/Diligenciar_una_inspección/input_Fecha Inicial_form_datobasicoinspeccionfechaInPeriodicidad_input"), "01/07/2021"): Text '01/07/2021' is set on object 'Object Repository/Modulo Pruebas SST/Diligenciar_una_inspección/input_Fecha Inicial_form_datobasicoinspeccionfechaInPeriodicidad_input'

2021-12-29 12:40:31 - [MESSAGE][PASSED] - Text '01/07/2021' is set on object 'Object Repository/Modulo Pruebas SST/Diligenciar_una_inspección/input_Fecha Inicial_form_datobasicoinspeccionfechaInPeriodicidad_input'

2021-12-29 12:40:31 - [TEST_STEP][PASSED] - setText(findTestObject("Modulo Pruebas SST/Diligenciar_una_inspección/input_Fecha Final_form_datobasicoinspeccionfechaFnPeriodicidad_input"), "10/07/2021"): Text '10/07/2021' is set on object 'Object Repository/Modulo Pruebas SST/Diligenciar_una_inspección/input_Fecha Final_form_datobasicoinspeccionfechaFnPeriodicidad_input'

2021-12-29 12:40:32 - [MESSAGE][PASSED] - Text '10/07/2021' is set on object 'Object Repository/Modulo Pruebas SST/Diligenciar_una_inspección/input_Fecha Final_form_datobasicoinspeccionfechaFnPeriodicidad_input'

2021-12-29 12:40:32 - [TEST_STEP][PASSED] - click(findTestObject("Modulo Pruebas SST/Diligenciar_una_inspección/a_Responsable_form_datobasicoinspeccionj_idt599")): Object: 'Object Repository/Modulo Pruebas SST/Diligenciar_una_inspección/a_Responsable_form_datobasicoinspeccionj_idt599' is clicked on

2021-12-29 12:40:32 - [MESSAGE][PASSED] - Object: 'Object Repository/Modulo Pruebas SST/Diligenciar_una_inspección/a_Responsable_form_datobasicoinspeccionj_idt599' is clicked on

2021-12-29 12:40:32 - [TEST_STEP][PASSED] - setText(findTestObject("Modulo Pruebas SST/Diligenciar_una_inspección/input_Filtro Hoja de Vida_formPopupHojaVidaj_idt895"), "A A A"): Text 'A A A' is set on object 'Object Repository/Modulo Pruebas SST/Diligenciar_una_inspección/input_Filtro Hoja de Vida_formPopupHojaVidaj_idt895'

2021-12-29 12:40:33 - [MESSAGE][PASSED] - Text 'A A A' is set on object 'Object Repository/Modulo Pruebas SST/Diligenciar_una_inspección/input_Filtro Hoja de Vida_formPopupHojaVidaj_idt895'

2021-12-29 12:40:33 - [TEST_STEP][PASSED] - sendKeys(findTestObject("Modulo Pruebas SST/Diligenciar_una_inspección/input_Filtro Hoja de Vida_formPopupHojaVidaj_idt895"), Keys.chord(ENTER)): Keys 'ENTER + ' sent to object: 'Object Repository/Modulo Pruebas SST/Diligenciar_una_inspección/input_Filtro Hoja de Vida_formPopupHojaVidaj_idt895'

2021-12-29 12:40:34 - [MESSAGE][PASSED] - Keys 'ENTER + ' sent to object: 'Object Repository/Modulo Pruebas SST/Diligenciar_una_inspección/input_Filtro Hoja de Vida_formPopupHojaVidaj_idt895'

2021-12-29 12:40:34 - [TEST_STEP][PASSED] - click(findTestObject("Modulo Pruebas SST/Diligenciar_una_inspección/span_A A A")): Object: 'Object Repository/Modulo Pruebas SST/Diligenciar_una_inspección/span_A A A' is clicked on

2021-12-29 12:40:35 - [MESSAGE][PASSED] - Object: 'Object Repository/Modulo Pruebas SST/Diligenciar_una_inspección/span_A A A' is clicked on

2021-12-29 12:40:35 - [TEST_STEP][PASSED] - selectOptionByIndex(findTestObject("Modulo Pruebas SST/Diligenciar_una_inspección/select_Seleccionar001002003GESTIN HSE1"), 1): All options with index in [1] are selected on object 'Object Repository/Modulo Pruebas SST/Diligenciar_una_inspección/select_Seleccionar001002003GESTIN HSE1'

2021-12-29 12:40:36 - [MESSAGE][PASSED] - All options with index in [1] are selected on object 'Object Repository/Modulo Pruebas SST/Diligenciar_una_inspección/select_Seleccionar001002003GESTIN HSE1'

2021-12-29 12:40:36 - [TEST_STEP][PASSED] - click(findTestObject("Modulo Pruebas SST/Diligenciar_una_inspección/a_Formulario_form_datobasicoinspeccionj_idt6181")): Object: 'Object Repository/Modulo Pruebas SST/Diligenciar_una_inspección/a_Formulario_form_datobasicoinspeccionj_idt6181' is clicked on

2021-12-29 12:40:37 - [MESSAGE][PASSED] - Object: 'Object Repository/Modulo Pruebas SST/Diligenciar_una_inspección/a_Formulario_form_datobasicoinspeccionj_idt6181' is clicked on

2021-12-29 12:40:37 - [TEST_STEP][PASSED] - setText(findTestObject("Modulo Pruebas SST/Diligenciar_una_inspección/input_Filtro Hoja de Vida_formPopupHojaVidaj_idt8951"), " A A A"): Text ' A A A' is set on object 'Object Repository/Modulo Pruebas SST/Diligenciar_una_inspección/input_Filtro Hoja de Vida_formPopupHojaVidaj_idt8951'

2021-12-29 12:40:38 - [MESSAGE][PASSED] - Text ' A A A' is set on object 'Object Repository/Modulo Pruebas SST/Diligenciar_una_inspección/input_Filtro Hoja de Vida_formPopupHojaVidaj_idt8951'

2021-12-29 12:40:38 - [TEST_STEP][PASSED] - sendKeys(findTestObject("Modulo Pruebas SST/Diligenciar_una_inspección/input_Filtro Hoja de Vida_formPopupHojaVidaj_idt8951"), Keys.chord(ENTER)): Keys 'ENTER + ' sent to object: 'Object Repository/Modulo Pruebas SST/Diligenciar_una_inspección/input_Filtro Hoja de Vida_formPopupHojaVidaj_idt8951'

2021-12-29 12:40:39 - [MESSAGE][PASSED] - Keys 'ENTER + ' sent to object: 'Object Repository/Modulo Pruebas SST/Diligenciar_una_inspección/input_Filtro Hoja de Vida_formPopupHojaVidaj_idt8951'

2021-12-29 12:40:39 - [TEST_STEP][PASSED] - click(findTestObject("Modulo Pruebas SST/Diligenciar_una_inspección/span_A A A")): Object: 'Object Repository/Modulo Pruebas SST/Diligenciar_una_inspección/span_A A A' is clicked on

2021-12-29 12:40:39 - [MESSAGE][PASSED] - Object: 'Object Repository/Modulo Pruebas SST/Diligenciar_una_inspección/span_A A A' is clicked on

2021-12-29 12:40:39 - [TEST_STEP][PASSED] - setText(findTestObject("Modulo Pruebas SST/Diligenciar_una_inspección/input_Fecha_form_datobasicoinspeccionfecha_input"), "01/07/2021"): Text '01/07/2021' is set on object 'Object Repository/Modulo Pruebas SST/Diligenciar_una_inspección/input_Fecha_form_datobasicoinspeccionfecha_input'

2021-12-29 12:40:40 - [MESSAGE][PASSED] - Text '01/07/2021' is set on object 'Object Repository/Modulo Pruebas SST/Diligenciar_una_inspección/input_Fecha_form_datobasicoinspeccionfecha_input'

2021-12-29 12:40:40 - [TEST_STEP][PASSED] - click(findTestObject("Modulo Pruebas SST/Diligenciar_una_inspección/a_Guardar")): Object: 'Object Repository/Modulo Pruebas SST/Diligenciar_una_inspección/a_Guardar' is clicked on

2021-12-29 12:40:41 - [MESSAGE][PASSED] - Object: 'Object Repository/Modulo Pruebas SST/Diligenciar_una_inspección/a_Guardar' is clicked on

2021-12-29 12:40:41 - [TEST_STEP][PASSED] - click(findTestObject("Modulo Pruebas SST/Diligenciar_una_inspección/a_Programacin")): Object: 'Object Repository/Modulo Pruebas SST/Diligenciar_una_inspección/a_Programacin' is clicked on

2021-12-29 12:40:42 - [MESSAGE][PASSED] - Object: 'Object Repository/Modulo Pruebas SST/Diligenciar_una_inspección/a_Programacin' is clicked on

2021-12-29 12:40:42 - [TEST_STEP][PASSED] - click(findTestObject("Modulo Pruebas SST/Diligenciar_una_inspección/a_Nuevo1")): Object: 'Object Repository/Modulo Pruebas SST/Diligenciar_una_inspección/a_Nuevo1' is clicked on

2021-12-29 12:40:43 - [MESSAGE][PASSED] - Object: 'Object Repository/Modulo Pruebas SST/Diligenciar_una_inspección/a_Nuevo1' is clicked on

2021-12-29 12:40:43 - [TEST_STEP][PASSED] - click(findTestObject("Modulo Pruebas SST/Diligenciar_una_inspección/a_Responsable_form_detalleProgramacionXj_idt714")): Object: 'Object Repository/Modulo Pruebas SST/Diligenciar_una_inspección/a_Responsable_form_detalleProgramacionXj_idt714' is clicked on

2021-12-29 12:40:43 - [MESSAGE][PASSED] - Object: 'Object Repository/Modulo Pruebas SST/Diligenciar_una_inspección/a_Responsable_form_detalleProgramacionXj_idt714' is clicked on

2021-12-29 12:40:43 - [TEST_STEP][PASSED] - setText(findTestObject("Modulo Pruebas SST/Diligenciar_una_inspección/input_Filtro Hoja de Vida_formPopupHojaVidaj_idt8953"), "A A A"): Text 'A A A' is set on object 'Object Repository/Modulo Pruebas SST/Diligenciar_una_inspección/input_Filtro Hoja de Vida_formPopupHojaVidaj_idt8953'

2021-12-29 12:40:44 - [MESSAGE][PASSED] - Text 'A A A' is set on object 'Object Repository/Modulo Pruebas SST/Diligenciar_una_inspección/input_Filtro Hoja de Vida_formPopupHojaVidaj_idt8953'

2021-12-29 12:40:44 - [TEST_STEP][PASSED] - sendKeys(findTestObject("Modulo Pruebas SST/Diligenciar_una_inspección/input_Filtro Hoja de Vida_formPopupHojaVidaj_idt8953"), Keys.chord(ENTER)): Keys 'ENTER + ' sent to object: 'Object Repository/Modulo Pruebas SST/Diligenciar_una_inspección/input_Filtro Hoja de Vida_formPopupHojaVidaj_idt8953'

2021-12-29 12:40:45 - [MESSAGE][PASSED] - Keys 'ENTER + ' sent to object: 'Object Repository/Modulo Pruebas SST/Diligenciar_una_inspección/input_Filtro Hoja de Vida_formPopupHojaVidaj_idt8953'

2021-12-29 12:40:45 - [TEST_STEP][PASSED] - click(findTestObject("Modulo Pruebas SST/Diligenciar_una_inspección/span_A A A3")): Object: 'Object Repository/Modulo Pruebas SST/Diligenciar_una_inspección/span_A A A3' is clicked on

2021-12-29 12:40:46 - [MESSAGE][PASSED] - Object: 'Object Repository/Modulo Pruebas SST/Diligenciar_una_inspección/span_A A A3' is clicked on

2021-12-29 12:40:46 - [TEST_STEP][PASSED] - setText(findTestObject("Modulo Pruebas SST/Diligenciar_una_inspección/input_Fecha Programacin_form_detalleProgramacionXprogramacionf_input"), "01/07/2021"): Text '01/07/2021' is set on object 'Object Repository/Modulo Pruebas SST/Diligenciar_una_inspección/input_Fecha Programacin_form_detalleProgramacionXprogramacionf_input'

2021-12-29 12:40:47 - [MESSAGE][PASSED] - Text '01/07/2021' is set on object 'Object Repository/Modulo Pruebas SST/Diligenciar_una_inspección/input_Fecha Programacin_form_detalleProgramacionXprogramacionf_input'

2021-12-29 12:40:47 - [TEST_STEP][PASSED] - setText(findTestObject("Modulo Pruebas SST/Diligenciar_una_inspección/input_Nmero_form_detalleProgramacionXnumero"), "5"): Text '5' is set on object 'Object Repository/Modulo Pruebas SST/Diligenciar_una_inspección/input_Nmero_form_detalleProgramacionXnumero'

2021-12-29 12:40:48 - [MESSAGE][PASSED] - Text '5' is set on object 'Object Repository/Modulo Pruebas SST/Diligenciar_una_inspección/input_Nmero_form_detalleProgramacionXnumero'

2021-12-29 12:40:48 - [TEST_STEP][PASSED] - click(findTestObject("Modulo Pruebas SST/Diligenciar_una_inspección/a_Guardar1")): Object: 'Object Repository/Modulo Pruebas SST/Diligenciar_una_inspección/a_Guardar1' is clicked on

2021-12-29 12:40:49 - [MESSAGE][PASSED] - Object: 'Object Repository/Modulo Pruebas SST/Diligenciar_una_inspección/a_Guardar1' is clicked on

2021-12-29 12:40:49 - [TEST_STEP][PASSED] - click(findTestObject("Modulo Pruebas SST/Diligenciar_una_inspección/a_Evidencias")): Object: 'Object Repository/Modulo Pruebas SST/Diligenciar_una_inspección/a_Evidencias' is clicked on

2021-12-29 12:40:50 - [MESSAGE][PASSED] - Object: 'Object Repository/Modulo Pruebas SST/Diligenciar_una_inspección/a_Evidencias' is clicked on

2021-12-29 12:40:50 - [TEST_STEP][PASSED] - click(findTestObject("Modulo Pruebas SST/Diligenciar_una_inspección/a_subir")): Object: 'Object Repository/Modulo Pruebas SST/Diligenciar_una_inspección/a_subir' is clicked on

2021-12-29 12:40:51 - [MESSAGE][PASSED] - Object: 'Object Repository/Modulo Pruebas SST/Diligenciar_una_inspección/a_subir' is clicked on

2021-12-29 12:40:51 - [TEST_STEP][PASSED] - ruta = G_rutaarchivos + "prueba.pdf": null

2021-12-29 12:40:51 - [TEST_STEP][PASSED] - uploadFile(findTestObject("Modulo Pruebas SST/Diligenciar_una_inspección/input_Cargar Archivo_popupCargarArchivoForminputFileName_input"), ruta): File 'E:\unionweb14\prueba.pdf' sent to object: 'Object Repository/Modulo Pruebas SST/Diligenciar_una_inspección/input_Cargar Archivo_popupCargarArchivoForminputFileName_input'

2021-12-29 12:40:51 - [MESSAGE][PASSED] - File 'E:\unionweb14\prueba.pdf' sent to object: 'Object Repository/Modulo Pruebas SST/Diligenciar_una_inspección/input_Cargar Archivo_popupCargarArchivoForminputFileName_input'

2021-12-29 12:40:51 - [TEST_STEP][PASSED] - setText(findTestObject("Modulo Pruebas SST/Diligenciar_una_inspección/input_Descargar_form_evidenciastabladescripcion"), "pruebas k"): Text 'pruebas k' is set on object 'Object Repository/Modulo Pruebas SST/Diligenciar_una_inspección/input_Descargar_form_evidenciastabladescripcion'

2021-12-29 12:40:56 - [MESSAGE][PASSED] - Text 'pruebas k' is set on object 'Object Repository/Modulo Pruebas SST/Diligenciar_una_inspección/input_Descargar_form_evidenciastabladescripcion'

2021-12-29 12:40:56 - [TEST_STEP][PASSED] - click(findTestObject("Modulo Pruebas SST/Diligenciar_una_inspección/a_Descargar_form_evidenciastablaj_idt776")): Object: 'Object Repository/Modulo Pruebas SST/Diligenciar_una_inspección/a_Descargar_form_evidenciastablaj_idt776' is clicked on

2021-12-29 12:40:56 - [MESSAGE][PASSED] - Object: 'Object Repository/Modulo Pruebas SST/Diligenciar_una_inspección/a_Descargar_form_evidenciastablaj_idt776' is clicked on

2021-12-29 12:40:56 - [TEST_STEP][PASSED] - closeBrowser(): Browser is closed

2021-12-29 12:40:57 - [MESSAGE][PASSED] - Browser is closed]]></system-out>
         <system-err><![CDATA[]]></system-err>
      </testcase>
      <testcase name="Test Cases/5.1-Pruebas_SST/5.1.6-Crear_una_entidad_de_riesgo_sst" time="51.299" classname="Test Cases/5.1-Pruebas_SST/5.1.6-Crear_una_entidad_de_riesgo_sst" status="FAILED">
         <failure type="FAILED" message="Test Cases/5.1-Pruebas_SST/5.1.6-Crear_una_entidad_de_riesgo_sst FAILED.
Reason:
com.kms.katalon.core.exception.StepFailedException: Unable to click on object 'Object Repository/Modulo Pruebas SST/Crear_una_entidad_de_riesgo_sst/a_Eliminar1'
	at com.kms.katalon.core.webui.keyword.internal.WebUIKeywordMain.stepFailed(WebUIKeywordMain.groovy:64)
	at com.kms.katalon.core.webui.keyword.internal.WebUIKeywordMain.runKeyword(WebUIKeywordMain.groovy:26)
	at com.kms.katalon.core.webui.keyword.builtin.ClickKeyword.click(ClickKeyword.groovy:74)
	at com.kms.katalon.core.webui.keyword.builtin.ClickKeyword.execute(ClickKeyword.groovy:40)
	at com.kms.katalon.core.keyword.internal.KeywordExecutor.executeKeywordForPlatform(KeywordExecutor.groovy:74)
	at com.kms.katalon.core.webui.keyword.WebUiBuiltInKeywords.click(WebUiBuiltInKeywords.groovy:620)
	at com.kms.katalon.core.webui.keyword.WebUiBuiltInKeywords$click$5.call(Unknown Source)
	at 5.1.6-Crear_una_entidad_de_riesgo_sst.run(5.1.6-Crear_una_entidad_de_riesgo_sst:51)
	at com.kms.katalon.core.main.ScriptEngine.run(ScriptEngine.java:194)
	at com.kms.katalon.core.main.ScriptEngine.runScriptAsRawText(ScriptEngine.java:119)
	at com.kms.katalon.core.main.TestCaseExecutor.runScript(TestCaseExecutor.java:442)
	at com.kms.katalon.core.main.TestCaseExecutor.doExecute(TestCaseExecutor.java:433)
	at com.kms.katalon.core.main.TestCaseExecutor.processExecutionPhase(TestCaseExecutor.java:412)
	at com.kms.katalon.core.main.TestCaseExecutor.accessMainPhase(TestCaseExecutor.java:404)
	at com.kms.katalon.core.main.TestCaseExecutor.execute(TestCaseExecutor.java:281)
	at com.kms.katalon.core.main.TestSuiteExecutor.accessTestCaseMainPhase(TestSuiteExecutor.java:202)
	at com.kms.katalon.core.main.TestSuiteExecutor.accessTestSuiteMainPhase(TestSuiteExecutor.java:164)
	at com.kms.katalon.core.main.TestSuiteExecutor.execute(TestSuiteExecutor.java:105)
	at com.kms.katalon.core.main.TestCaseMain.startTestSuite(TestCaseMain.java:181)
	at com.kms.katalon.core.main.TestCaseMain$startTestSuite$0.call(Unknown Source)
	at TempTestSuite1640798635364.run(TempTestSuite1640798635364.groovy:36)
Caused by: com.kms.katalon.core.webui.exception.WebElementNotFoundException: Web element with id: 'Object Repository/Modulo Pruebas SST/Crear_una_entidad_de_riesgo_sst/a_Eliminar1' located by '//a[contains(text(),'Eliminar')]' not found
	at com.kms.katalon.core.webui.common.WebUiCommonHelper.findWebElement(WebUiCommonHelper.java:1368)
	at com.kms.katalon.core.webui.keyword.internal.WebUIAbstractKeyword.findWebElement(WebUIAbstractKeyword.groovy:27)
	at com.kms.katalon.core.webui.keyword.builtin.ClickKeyword$_click_closure1.doCall(ClickKeyword.groovy:65)
	at com.kms.katalon.core.webui.keyword.builtin.ClickKeyword$_click_closure1.call(ClickKeyword.groovy)
	at com.kms.katalon.core.webui.keyword.internal.WebUIKeywordMain.runKeyword(WebUIKeywordMain.groovy:20)
	... 19 more
"/>
         <system-out><![CDATA[2021-12-29 12:40:57 - [TEST_CASE][FAILED] - Test Cases/5.1-Pruebas_SST/5.1.6-Crear_una_entidad_de_riesgo_sst: Test Cases/5.1-Pruebas_SST/5.1.6-Crear_una_entidad_de_riesgo_sst FAILED.
Reason:
com.kms.katalon.core.exception.StepFailedException: Unable to click on object 'Object Repository/Modulo Pruebas SST/Crear_una_entidad_de_riesgo_sst/a_Eliminar1'
	at com.kms.katalon.core.webui.keyword.internal.WebUIKeywordMain.stepFailed(WebUIKeywordMain.groovy:64)
	at com.kms.katalon.core.webui.keyword.internal.WebUIKeywordMain.runKeyword(WebUIKeywordMain.groovy:26)
	at com.kms.katalon.core.webui.keyword.builtin.ClickKeyword.click(ClickKeyword.groovy:74)
	at com.kms.katalon.core.webui.keyword.builtin.ClickKeyword.execute(ClickKeyword.groovy:40)
	at com.kms.katalon.core.keyword.internal.KeywordExecutor.executeKeywordForPlatform(KeywordExecutor.groovy:74)
	at com.kms.katalon.core.webui.keyword.WebUiBuiltInKeywords.click(WebUiBuiltInKeywords.groovy:620)
	at com.kms.katalon.core.webui.keyword.WebUiBuiltInKeywords$click$5.call(Unknown Source)
	at 5.1.6-Crear_una_entidad_de_riesgo_sst.run(5.1.6-Crear_una_entidad_de_riesgo_sst:51)
	at com.kms.katalon.core.main.ScriptEngine.run(ScriptEngine.java:194)
	at com.kms.katalon.core.main.ScriptEngine.runScriptAsRawText(ScriptEngine.java:119)
	at com.kms.katalon.core.main.TestCaseExecutor.runScript(TestCaseExecutor.java:442)
	at com.kms.katalon.core.main.TestCaseExecutor.doExecute(TestCaseExecutor.java:433)
	at com.kms.katalon.core.main.TestCaseExecutor.processExecutionPhase(TestCaseExecutor.java:412)
	at com.kms.katalon.core.main.TestCaseExecutor.accessMainPhase(TestCaseExecutor.java:404)
	at com.kms.katalon.core.main.TestCaseExecutor.execute(TestCaseExecutor.java:281)
	at com.kms.katalon.core.main.TestSuiteExecutor.accessTestCaseMainPhase(TestSuiteExecutor.java:202)
	at com.kms.katalon.core.main.TestSuiteExecutor.accessTestSuiteMainPhase(TestSuiteExecutor.java:164)
	at com.kms.katalon.core.main.TestSuiteExecutor.execute(TestSuiteExecutor.java:105)
	at com.kms.katalon.core.main.TestCaseMain.startTestSuite(TestCaseMain.java:181)
	at com.kms.katalon.core.main.TestCaseMain$startTestSuite$0.call(Unknown Source)
	at TempTestSuite1640798635364.run(TempTestSuite1640798635364.groovy:36)
Caused by: com.kms.katalon.core.webui.exception.WebElementNotFoundException: Web element with id: 'Object Repository/Modulo Pruebas SST/Crear_una_entidad_de_riesgo_sst/a_Eliminar1' located by '//a[contains(text(),'Eliminar')]' not found
	at com.kms.katalon.core.webui.common.WebUiCommonHelper.findWebElement(WebUiCommonHelper.java:1368)
	at com.kms.katalon.core.webui.keyword.internal.WebUIAbstractKeyword.findWebElement(WebUIAbstractKeyword.groovy:27)
	at com.kms.katalon.core.webui.keyword.builtin.ClickKeyword$_click_closure1.doCall(ClickKeyword.groovy:65)
	at com.kms.katalon.core.webui.keyword.builtin.ClickKeyword$_click_closure1.call(ClickKeyword.groovy)
	at com.kms.katalon.core.webui.keyword.internal.WebUIKeywordMain.runKeyword(WebUIKeywordMain.groovy:20)
	... 19 more


2021-12-29 12:40:57 - [TEST_STEP][PASSED] - callTestCase(findTestCase("0.1-Login"), [:], STOP_ON_FAILURE): Call Test Case 'Test Cases/0.1-Login' successfully

2021-12-29 12:40:57 - [TEST_CASE][PASSED] - Test Cases/0.1-Login: Test Cases/0.1-Login

2021-12-29 12:40:57 - [TEST_STEP][PASSED] - openBrowser(""): Browser is opened with url: ''

2021-12-29 12:40:57 - [MESSAGE][INFO] - Starting 'Chrome' driver

2021-12-29 12:40:57 - [MESSAGE][INFO] - Action delay is set to 0 milliseconds

2021-12-29 12:40:58 - [MESSAGE][PASSED] - Browser is opened with url: ''

2021-12-29 12:40:58 - [TEST_STEP][PASSED] - maximizeWindow(): Current window maximized

2021-12-29 12:40:59 - [MESSAGE][PASSED] - Current window maximized

2021-12-29 12:40:59 - [TEST_STEP][PASSED] - i = G_Login: null

2021-12-29 12:40:59 - [TEST_STEP][PASSED] - url = new java.net.URL(i): null

2021-12-29 12:40:59 - [TEST_STEP][PASSED] - println("URL: " + url.toString()): null

2021-12-29 12:40:59 - [TEST_STEP][PASSED] - connection = url.openConnection(): null

2021-12-29 12:40:59 - [TEST_STEP][PASSED] - connection.setRequestMethod("GET"): null

2021-12-29 12:40:59 - [TEST_STEP][PASSED] - connection.setReadTimeout(2 * 1000): null

2021-12-29 12:40:59 - [TEST_STEP][PASSED] - try: null

2021-12-29 12:40:59 - [TEST_STEP][PASSED] - connection.connect(): null

2021-12-29 12:40:59 - [TEST_STEP][PASSED] - flag = connected: null

2021-12-29 12:40:59 - [TEST_STEP][PASSED] - println("Valor_ori: " + flag): null

2021-12-29 12:40:59 - [TEST_STEP][PASSED] - if (flag): null

2021-12-29 12:40:59 - [TEST_STEP][PASSED] - navigateToUrl(i): Navigate to 'http://192.168.2.80:8380/saraweb' successfully

2021-12-29 12:40:59 - [MESSAGE][PASSED] - Navigate to 'http://192.168.2.80:8380/saraweb' successfully

2021-12-29 12:40:59 - [TEST_STEP][PASSED] - a(): null

2021-12-29 12:40:59 - [TEST_STEP][PASSED] - setText(findTestObject("Login/input_USUARIO_loginusuario"), G_Usuario): Text 'saraadmin' is set on object 'Object Repository/Login/input_USUARIO_loginusuario'

2021-12-29 12:41:00 - [MESSAGE][PASSED] - Text 'saraadmin' is set on object 'Object Repository/Login/input_USUARIO_loginusuario'

2021-12-29 12:41:00 - [TEST_STEP][PASSED] - setEncryptedText(findTestObject("Login/input_CLAVE_loginpassword"), "MkG4/TYiCFC3cb2driP7+Q=="): Text ****** has been set on object 'Object Repository/Login/input_CLAVE_loginpassword'

2021-12-29 12:41:00 - [MESSAGE][PASSED] - Text ****** has been set on object 'Object Repository/Login/input_CLAVE_loginpassword'

2021-12-29 12:41:00 - [TEST_STEP][PASSED] - waitForElementClickable(findTestObject("Login/a_Ingresar"), G_TimeOut): Object 'Object Repository/Login/a_Ingresar' is clickable

2021-12-29 12:41:01 - [MESSAGE][PASSED] - Object 'Object Repository/Login/a_Ingresar' is clickable

2021-12-29 12:41:01 - [TEST_STEP][PASSED] - click(findTestObject("Login/a_Ingresar")): Object: 'Object Repository/Login/a_Ingresar' is clicked on

2021-12-29 12:41:03 - [MESSAGE][PASSED] - Object: 'Object Repository/Login/a_Ingresar' is clicked on

2021-12-29 12:41:03 - [TEST_STEP][PASSED] - element = findWebElement(findTestObject("Login/a_Ir"), 30): null

2021-12-29 12:41:03 - [TEST_STEP][PASSED] - executeJavaScript("arguments[0].click()", Arrays.asList(element)): Execute JavaScript 'arguments[0].click()' successfully

2021-12-29 12:41:03 - [MESSAGE][PASSED] - Execute JavaScript 'arguments[0].click()' successfully

2021-12-29 12:41:03 - [MESSAGE][PASSED] - Call Test Case 'Test Cases/0.1-Login' successfully

2021-12-29 12:41:03 - [TEST_STEP][PASSED] - setText(findTestObject("Modulo Pruebas SST/Reporte_de_accidente_de_trabajo/input_ADMINISTRADOR DEL SISTEMA - SARA_form_templatej_idt24_input"), "entidades riesgo"): Text 'entidades riesgo' is set on object 'Object Repository/Modulo Pruebas SST/Reporte_de_accidente_de_trabajo/input_ADMINISTRADOR DEL SISTEMA - SARA_form_templatej_idt24_input'

2021-12-29 12:41:04 - [MESSAGE][PASSED] - Text 'entidades riesgo' is set on object 'Object Repository/Modulo Pruebas SST/Reporte_de_accidente_de_trabajo/input_ADMINISTRADOR DEL SISTEMA - SARA_form_templatej_idt24_input'

2021-12-29 12:41:04 - [TEST_STEP][PASSED] - delay(2): Delayed 2 second(s)

2021-12-29 12:41:06 - [MESSAGE][PASSED] - Delayed 2 second(s)

2021-12-29 12:41:06 - [TEST_STEP][PASSED] - click(findTestObject("Modulo Pruebas SST/Crear_una_entidad_de_riesgo_sst/li_Entidades Riesgo (sst)")): Object: 'Object Repository/Modulo Pruebas SST/Crear_una_entidad_de_riesgo_sst/li_Entidades Riesgo (sst)' is clicked on

2021-12-29 12:41:07 - [MESSAGE][PASSED] - Object: 'Object Repository/Modulo Pruebas SST/Crear_una_entidad_de_riesgo_sst/li_Entidades Riesgo (sst)' is clicked on

2021-12-29 12:41:07 - [TEST_STEP][PASSED] - setText(findTestObject("Modulo Pruebas SST/Crear_una_entidad_de_riesgo_sst/input_Nombre_form_entidadRiesgoj_idt59"), "pruebas k"): Text 'pruebas k' is set on object 'Object Repository/Modulo Pruebas SST/Crear_una_entidad_de_riesgo_sst/input_Nombre_form_entidadRiesgoj_idt59'

2021-12-29 12:41:10 - [MESSAGE][PASSED] - Text 'pruebas k' is set on object 'Object Repository/Modulo Pruebas SST/Crear_una_entidad_de_riesgo_sst/input_Nombre_form_entidadRiesgoj_idt59'

2021-12-29 12:41:10 - [TEST_STEP][PASSED] - sendKeys(findTestObject("Modulo Pruebas SST/Crear_una_entidad_de_riesgo_sst/input_Nombre_form_entidadRiesgoj_idt59"), Keys.chord(ENTER)): Keys 'ENTER + ' sent to object: 'Object Repository/Modulo Pruebas SST/Crear_una_entidad_de_riesgo_sst/input_Nombre_form_entidadRiesgoj_idt59'

2021-12-29 12:41:10 - [MESSAGE][PASSED] - Keys 'ENTER + ' sent to object: 'Object Repository/Modulo Pruebas SST/Crear_una_entidad_de_riesgo_sst/input_Nombre_form_entidadRiesgoj_idt59'

2021-12-29 12:41:10 - [TEST_STEP][PASSED] - if (waitForElementPresent(findTestObject("Modulo Pruebas SST/Crear_una_entidad_de_riesgo_sst/td_PRUEBAS K"), 1)): null

2021-12-29 12:41:11 - [MESSAGE][PASSED] - Object 'Object Repository/Modulo Pruebas SST/Crear_una_entidad_de_riesgo_sst/td_PRUEBAS K' is present

2021-12-29 12:41:11 - [TEST_STEP][PASSED] - click(findTestObject("Modulo Pruebas SST/Crear_una_entidad_de_riesgo_sst/td_PRUEBAS K")): Object: 'Object Repository/Modulo Pruebas SST/Crear_una_entidad_de_riesgo_sst/td_PRUEBAS K' is clicked on

2021-12-29 12:41:12 - [MESSAGE][PASSED] - Object: 'Object Repository/Modulo Pruebas SST/Crear_una_entidad_de_riesgo_sst/td_PRUEBAS K' is clicked on

2021-12-29 12:41:12 - [TEST_STEP][PASSED] - click(findTestObject("Modulo Pruebas SST/Crear_una_entidad_de_riesgo_sst/a_Seguimiento")): Object: 'Object Repository/Modulo Pruebas SST/Crear_una_entidad_de_riesgo_sst/a_Seguimiento' is clicked on

2021-12-29 12:41:13 - [MESSAGE][PASSED] - Object: 'Object Repository/Modulo Pruebas SST/Crear_una_entidad_de_riesgo_sst/a_Seguimiento' is clicked on

2021-12-29 12:41:13 - [TEST_STEP][PASSED] - if (waitForElementPresent(findTestObject("Modulo Pruebas SST/Crear_una_entidad_de_riesgo_sst/td_DIAZ BLANCO GUISELL"), 1)): null

2021-12-29 12:41:14 - [MESSAGE][PASSED] - Object 'Object Repository/Modulo Pruebas SST/Crear_una_entidad_de_riesgo_sst/td_DIAZ BLANCO GUISELL' is present

2021-12-29 12:41:14 - [TEST_STEP][PASSED] - click(findTestObject("Modulo Pruebas SST/Crear_una_entidad_de_riesgo_sst/td_DIAZ BLANCO GUISELL")): Object: 'Object Repository/Modulo Pruebas SST/Crear_una_entidad_de_riesgo_sst/td_DIAZ BLANCO GUISELL' is clicked on

2021-12-29 12:41:14 - [MESSAGE][PASSED] - Object: 'Object Repository/Modulo Pruebas SST/Crear_una_entidad_de_riesgo_sst/td_DIAZ BLANCO GUISELL' is clicked on

2021-12-29 12:41:14 - [TEST_STEP][PASSED] - click(findTestObject("Modulo Pruebas SST/Crear_una_entidad_de_riesgo_sst/a_Eliminar1")): Object: 'Object Repository/Modulo Pruebas SST/Crear_una_entidad_de_riesgo_sst/a_Eliminar1' is clicked on

2021-12-29 12:41:15 - [MESSAGE][PASSED] - Object: 'Object Repository/Modulo Pruebas SST/Crear_una_entidad_de_riesgo_sst/a_Eliminar1' is clicked on

2021-12-29 12:41:15 - [TEST_STEP][PASSED] - click(findTestObject("Modulo Pruebas SST/Crear_una_entidad_de_riesgo_sst/a_Aceptar1")): Object: 'Object Repository/Modulo Pruebas SST/Crear_una_entidad_de_riesgo_sst/a_Aceptar1' is clicked on

2021-12-29 12:41:16 - [MESSAGE][PASSED] - Object: 'Object Repository/Modulo Pruebas SST/Crear_una_entidad_de_riesgo_sst/a_Aceptar1' is clicked on

2021-12-29 12:41:16 - [TEST_STEP][PASSED] - click(findTestObject("Modulo Pruebas SST/Crear_una_entidad_de_riesgo_sst/a_Entidad de Riesgo")): Object: 'Object Repository/Modulo Pruebas SST/Crear_una_entidad_de_riesgo_sst/a_Entidad de Riesgo' is clicked on

2021-12-29 12:41:17 - [MESSAGE][PASSED] - Object: 'Object Repository/Modulo Pruebas SST/Crear_una_entidad_de_riesgo_sst/a_Entidad de Riesgo' is clicked on

2021-12-29 12:41:17 - [TEST_STEP][FAILED] - click(findTestObject("Modulo Pruebas SST/Crear_una_entidad_de_riesgo_sst/a_Eliminar1")): Unable to click on object 'Object Repository/Modulo Pruebas SST/Crear_una_entidad_de_riesgo_sst/a_Eliminar1' (Root cause: com.kms.katalon.core.exception.StepFailedException: Unable to click on object 'Object Repository/Modulo Pruebas SST/Crear_una_entidad_de_riesgo_sst/a_Eliminar1'
	at com.kms.katalon.core.webui.keyword.internal.WebUIKeywordMain.stepFailed(WebUIKeywordMain.groovy:64)
	at com.kms.katalon.core.webui.keyword.internal.WebUIKeywordMain.runKeyword(WebUIKeywordMain.groovy:26)
	at com.kms.katalon.core.webui.keyword.builtin.ClickKeyword.click(ClickKeyword.groovy:74)
	at com.kms.katalon.core.webui.keyword.builtin.ClickKeyword.execute(ClickKeyword.groovy:40)
	at com.kms.katalon.core.keyword.internal.KeywordExecutor.executeKeywordForPlatform(KeywordExecutor.groovy:74)
	at com.kms.katalon.core.webui.keyword.WebUiBuiltInKeywords.click(WebUiBuiltInKeywords.groovy:620)
	at com.kms.katalon.core.webui.keyword.WebUiBuiltInKeywords$click$5.call(Unknown Source)
	at 5.1.6-Crear_una_entidad_de_riesgo_sst.run(5.1.6-Crear_una_entidad_de_riesgo_sst:51)
	at com.kms.katalon.core.main.ScriptEngine.run(ScriptEngine.java:194)
	at com.kms.katalon.core.main.ScriptEngine.runScriptAsRawText(ScriptEngine.java:119)
	at com.kms.katalon.core.main.TestCaseExecutor.runScript(TestCaseExecutor.java:442)
	at com.kms.katalon.core.main.TestCaseExecutor.doExecute(TestCaseExecutor.java:433)
	at com.kms.katalon.core.main.TestCaseExecutor.processExecutionPhase(TestCaseExecutor.java:412)
	at com.kms.katalon.core.main.TestCaseExecutor.accessMainPhase(TestCaseExecutor.java:404)
	at com.kms.katalon.core.main.TestCaseExecutor.execute(TestCaseExecutor.java:281)
	at com.kms.katalon.core.main.TestSuiteExecutor.accessTestCaseMainPhase(TestSuiteExecutor.java:202)
	at com.kms.katalon.core.main.TestSuiteExecutor.accessTestSuiteMainPhase(TestSuiteExecutor.java:164)
	at com.kms.katalon.core.main.TestSuiteExecutor.execute(TestSuiteExecutor.java:105)
	at com.kms.katalon.core.main.TestCaseMain.startTestSuite(TestCaseMain.java:181)
	at com.kms.katalon.core.main.TestCaseMain$startTestSuite$0.call(Unknown Source)
	at TempTestSuite1640798635364.run(TempTestSuite1640798635364.groovy:36)
Caused by: com.kms.katalon.core.webui.exception.WebElementNotFoundException: Web element with id: 'Object Repository/Modulo Pruebas SST/Crear_una_entidad_de_riesgo_sst/a_Eliminar1' located by '//a[contains(text(),'Eliminar')]' not found
	at com.kms.katalon.core.webui.common.WebUiCommonHelper.findWebElement(WebUiCommonHelper.java:1368)
	at com.kms.katalon.core.webui.keyword.internal.WebUIAbstractKeyword.findWebElement(WebUIAbstractKeyword.groovy:27)
	at com.kms.katalon.core.webui.keyword.builtin.ClickKeyword$_click_closure1.doCall(ClickKeyword.groovy:65)
	at com.kms.katalon.core.webui.keyword.builtin.ClickKeyword$_click_closure1.call(ClickKeyword.groovy)
	at com.kms.katalon.core.webui.keyword.internal.WebUIKeywordMain.runKeyword(WebUIKeywordMain.groovy:20)
	at com.kms.katalon.core.webui.keyword.builtin.ClickKeyword.click(ClickKeyword.groovy:74)
	at com.kms.katalon.core.webui.keyword.builtin.ClickKeyword.execute(ClickKeyword.groovy:40)
	at com.kms.katalon.core.keyword.internal.KeywordExecutor.executeKeywordForPlatform(KeywordExecutor.groovy:74)
	at com.kms.katalon.core.webui.keyword.WebUiBuiltInKeywords.click(WebUiBuiltInKeywords.groovy:620)
	at com.kms.katalon.core.webui.keyword.WebUiBuiltInKeywords$click$5.call(Unknown Source)
	at Script1639075665186.run(Script1639075665186.groovy:51)
	... 13 more
)

2021-12-29 12:41:48 - [MESSAGE][INFO] - Unable to find the element located by 'By.xpath: //a[contains(text(),'Eliminar')]'. Please recheck the objects properties to make sure the desired element is located. 

2021-12-29 12:41:48 - [MESSAGE][FAILED] - Unable to click on object 'Object Repository/Modulo Pruebas SST/Crear_una_entidad_de_riesgo_sst/a_Eliminar1' (Root cause: com.kms.katalon.core.exception.StepFailedException: Unable to click on object 'Object Repository/Modulo Pruebas SST/Crear_una_entidad_de_riesgo_sst/a_Eliminar1'
	at com.kms.katalon.core.webui.keyword.internal.WebUIKeywordMain.stepFailed(WebUIKeywordMain.groovy:64)
	at com.kms.katalon.core.webui.keyword.internal.WebUIKeywordMain.runKeyword(WebUIKeywordMain.groovy:26)
	at com.kms.katalon.core.webui.keyword.builtin.ClickKeyword.click(ClickKeyword.groovy:74)
	at com.kms.katalon.core.webui.keyword.builtin.ClickKeyword.execute(ClickKeyword.groovy:40)
	at com.kms.katalon.core.keyword.internal.KeywordExecutor.executeKeywordForPlatform(KeywordExecutor.groovy:74)
	at com.kms.katalon.core.webui.keyword.WebUiBuiltInKeywords.click(WebUiBuiltInKeywords.groovy:620)
	at com.kms.katalon.core.webui.keyword.WebUiBuiltInKeywords$click$5.call(Unknown Source)
	at 5.1.6-Crear_una_entidad_de_riesgo_sst.run(5.1.6-Crear_una_entidad_de_riesgo_sst:51)
	at com.kms.katalon.core.main.ScriptEngine.run(ScriptEngine.java:194)
	at com.kms.katalon.core.main.ScriptEngine.runScriptAsRawText(ScriptEngine.java:119)
	at com.kms.katalon.core.main.TestCaseExecutor.runScript(TestCaseExecutor.java:442)
	at com.kms.katalon.core.main.TestCaseExecutor.doExecute(TestCaseExecutor.java:433)
	at com.kms.katalon.core.main.TestCaseExecutor.processExecutionPhase(TestCaseExecutor.java:412)
	at com.kms.katalon.core.main.TestCaseExecutor.accessMainPhase(TestCaseExecutor.java:404)
	at com.kms.katalon.core.main.TestCaseExecutor.execute(TestCaseExecutor.java:281)
	at com.kms.katalon.core.main.TestSuiteExecutor.accessTestCaseMainPhase(TestSuiteExecutor.java:202)
	at com.kms.katalon.core.main.TestSuiteExecutor.accessTestSuiteMainPhase(TestSuiteExecutor.java:164)
	at com.kms.katalon.core.main.TestSuiteExecutor.execute(TestSuiteExecutor.java:105)
	at com.kms.katalon.core.main.TestCaseMain.startTestSuite(TestCaseMain.java:181)
	at com.kms.katalon.core.main.TestCaseMain$startTestSuite$0.call(Unknown Source)
	at TempTestSuite1640798635364.run(TempTestSuite1640798635364.groovy:36)
Caused by: com.kms.katalon.core.webui.exception.WebElementNotFoundException: Web element with id: 'Object Repository/Modulo Pruebas SST/Crear_una_entidad_de_riesgo_sst/a_Eliminar1' located by '//a[contains(text(),'Eliminar')]' not found
	at com.kms.katalon.core.webui.common.WebUiCommonHelper.findWebElement(WebUiCommonHelper.java:1368)
	at com.kms.katalon.core.webui.keyword.internal.WebUIAbstractKeyword.findWebElement(WebUIAbstractKeyword.groovy:27)
	at com.kms.katalon.core.webui.keyword.builtin.ClickKeyword$_click_closure1.doCall(ClickKeyword.groovy:65)
	at com.kms.katalon.core.webui.keyword.builtin.ClickKeyword$_click_closure1.call(ClickKeyword.groovy)
	at com.kms.katalon.core.webui.keyword.internal.WebUIKeywordMain.runKeyword(WebUIKeywordMain.groovy:20)
	at com.kms.katalon.core.webui.keyword.builtin.ClickKeyword.click(ClickKeyword.groovy:74)
	at com.kms.katalon.core.webui.keyword.builtin.ClickKeyword.execute(ClickKeyword.groovy:40)
	at com.kms.katalon.core.keyword.internal.KeywordExecutor.executeKeywordForPlatform(KeywordExecutor.groovy:74)
	at com.kms.katalon.core.webui.keyword.WebUiBuiltInKeywords.click(WebUiBuiltInKeywords.groovy:620)
	at com.kms.katalon.core.webui.keyword.WebUiBuiltInKeywords$click$5.call(Unknown Source)
	at Script1639075665186.run(Script1639075665186.groovy:51)
	... 13 more
)
[[ATTACHMENT|C:\\Users\\diego.rojas\\git\\Pruebas-Minimas\\Reports\\20211229_122339\\5-Pruebas SST\\20211229_122355\\1640799708420.png]]]]></system-out>
         <system-err><![CDATA[2021-12-29 12:40:57 - [TEST_CASE][FAILED] - Test Cases/5.1-Pruebas_SST/5.1.6-Crear_una_entidad_de_riesgo_sst: Test Cases/5.1-Pruebas_SST/5.1.6-Crear_una_entidad_de_riesgo_sst FAILED.
Reason:
com.kms.katalon.core.exception.StepFailedException: Unable to click on object 'Object Repository/Modulo Pruebas SST/Crear_una_entidad_de_riesgo_sst/a_Eliminar1'
	at com.kms.katalon.core.webui.keyword.internal.WebUIKeywordMain.stepFailed(WebUIKeywordMain.groovy:64)
	at com.kms.katalon.core.webui.keyword.internal.WebUIKeywordMain.runKeyword(WebUIKeywordMain.groovy:26)
	at com.kms.katalon.core.webui.keyword.builtin.ClickKeyword.click(ClickKeyword.groovy:74)
	at com.kms.katalon.core.webui.keyword.builtin.ClickKeyword.execute(ClickKeyword.groovy:40)
	at com.kms.katalon.core.keyword.internal.KeywordExecutor.executeKeywordForPlatform(KeywordExecutor.groovy:74)
	at com.kms.katalon.core.webui.keyword.WebUiBuiltInKeywords.click(WebUiBuiltInKeywords.groovy:620)
	at com.kms.katalon.core.webui.keyword.WebUiBuiltInKeywords$click$5.call(Unknown Source)
	at 5.1.6-Crear_una_entidad_de_riesgo_sst.run(5.1.6-Crear_una_entidad_de_riesgo_sst:51)
	at com.kms.katalon.core.main.ScriptEngine.run(ScriptEngine.java:194)
	at com.kms.katalon.core.main.ScriptEngine.runScriptAsRawText(ScriptEngine.java:119)
	at com.kms.katalon.core.main.TestCaseExecutor.runScript(TestCaseExecutor.java:442)
	at com.kms.katalon.core.main.TestCaseExecutor.doExecute(TestCaseExecutor.java:433)
	at com.kms.katalon.core.main.TestCaseExecutor.processExecutionPhase(TestCaseExecutor.java:412)
	at com.kms.katalon.core.main.TestCaseExecutor.accessMainPhase(TestCaseExecutor.java:404)
	at com.kms.katalon.core.main.TestCaseExecutor.execute(TestCaseExecutor.java:281)
	at com.kms.katalon.core.main.TestSuiteExecutor.accessTestCaseMainPhase(TestSuiteExecutor.java:202)
	at com.kms.katalon.core.main.TestSuiteExecutor.accessTestSuiteMainPhase(TestSuiteExecutor.java:164)
	at com.kms.katalon.core.main.TestSuiteExecutor.execute(TestSuiteExecutor.java:105)
	at com.kms.katalon.core.main.TestCaseMain.startTestSuite(TestCaseMain.java:181)
	at com.kms.katalon.core.main.TestCaseMain$startTestSuite$0.call(Unknown Source)
	at TempTestSuite1640798635364.run(TempTestSuite1640798635364.groovy:36)
Caused by: com.kms.katalon.core.webui.exception.WebElementNotFoundException: Web element with id: 'Object Repository/Modulo Pruebas SST/Crear_una_entidad_de_riesgo_sst/a_Eliminar1' located by '//a[contains(text(),'Eliminar')]' not found
	at com.kms.katalon.core.webui.common.WebUiCommonHelper.findWebElement(WebUiCommonHelper.java:1368)
	at com.kms.katalon.core.webui.keyword.internal.WebUIAbstractKeyword.findWebElement(WebUIAbstractKeyword.groovy:27)
	at com.kms.katalon.core.webui.keyword.builtin.ClickKeyword$_click_closure1.doCall(ClickKeyword.groovy:65)
	at com.kms.katalon.core.webui.keyword.builtin.ClickKeyword$_click_closure1.call(ClickKeyword.groovy)
	at com.kms.katalon.core.webui.keyword.internal.WebUIKeywordMain.runKeyword(WebUIKeywordMain.groovy:20)
	... 19 more]]></system-err>
      </testcase>
      <testcase name="Test Cases/5.1-Pruebas_SST/5.1.7-Crear_un_Sistema_de_Vigilancia_Epidemiologica" time="86.094" classname="Test Cases/5.1-Pruebas_SST/5.1.7-Crear_un_Sistema_de_Vigilancia_Epidemiologica" status="FAILED">
         <failure type="FAILED" message="Test Cases/5.1-Pruebas_SST/5.1.7-Crear_un_Sistema_de_Vigilancia_Epidemiologica FAILED.
Reason:
com.kms.katalon.core.exception.StepFailedException: Unable to set text 'pruebas k' of object 'Object Repository/Modulo Pruebas SST/Crear_un_Sistema_de_Vigilancia_Epidemiologica/textarea_Fecha Seguimiento_form_popupInscritostabtablaSeguimientoj_idt197'
	at com.kms.katalon.core.webui.keyword.internal.WebUIKeywordMain.stepFailed(WebUIKeywordMain.groovy:64)
	at com.kms.katalon.core.webui.keyword.internal.WebUIKeywordMain.runKeyword(WebUIKeywordMain.groovy:26)
	at com.kms.katalon.core.webui.keyword.builtin.SetTextKeyword.setText(SetTextKeyword.groovy:66)
	at com.kms.katalon.core.webui.keyword.builtin.SetTextKeyword.execute(SetTextKeyword.groovy:37)
	at com.kms.katalon.core.keyword.internal.KeywordExecutor.executeKeywordForPlatform(KeywordExecutor.groovy:74)
	at com.kms.katalon.core.webui.keyword.WebUiBuiltInKeywords.setText(WebUiBuiltInKeywords.groovy:980)
	at com.kms.katalon.core.webui.keyword.WebUiBuiltInKeywords$setText$2.call(Unknown Source)
	at 5.1.7-Crear_un_Sistema_de_Vigilancia_Epidemiologica.run(5.1.7-Crear_un_Sistema_de_Vigilancia_Epidemiologica:134)
	at com.kms.katalon.core.main.ScriptEngine.run(ScriptEngine.java:194)
	at com.kms.katalon.core.main.ScriptEngine.runScriptAsRawText(ScriptEngine.java:119)
	at com.kms.katalon.core.main.TestCaseExecutor.runScript(TestCaseExecutor.java:442)
	at com.kms.katalon.core.main.TestCaseExecutor.doExecute(TestCaseExecutor.java:433)
	at com.kms.katalon.core.main.TestCaseExecutor.processExecutionPhase(TestCaseExecutor.java:412)
	at com.kms.katalon.core.main.TestCaseExecutor.accessMainPhase(TestCaseExecutor.java:404)
	at com.kms.katalon.core.main.TestCaseExecutor.execute(TestCaseExecutor.java:281)
	at com.kms.katalon.core.main.TestSuiteExecutor.accessTestCaseMainPhase(TestSuiteExecutor.java:202)
	at com.kms.katalon.core.main.TestSuiteExecutor.accessTestSuiteMainPhase(TestSuiteExecutor.java:164)
	at com.kms.katalon.core.main.TestSuiteExecutor.execute(TestSuiteExecutor.java:105)
	at com.kms.katalon.core.main.TestCaseMain.startTestSuite(TestCaseMain.java:181)
	at com.kms.katalon.core.main.TestCaseMain$startTestSuite$0.call(Unknown Source)
	at TempTestSuite1640798635364.run(TempTestSuite1640798635364.groovy:36)
Caused by: com.kms.katalon.core.webui.exception.WebElementNotFoundException: Web element with id: 'Object Repository/Modulo Pruebas SST/Crear_un_Sistema_de_Vigilancia_Epidemiologica/textarea_Fecha Seguimiento_form_popupInscritostabtablaSeguimientoj_idt197' located by '//textarea[@id='form_popupInscritos:tab:tablaSeguimiento:j_idt197']' not found
	at com.kms.katalon.core.webui.common.WebUiCommonHelper.findWebElement(WebUiCommonHelper.java:1368)
	at com.kms.katalon.core.webui.keyword.internal.WebUIAbstractKeyword.findWebElement(WebUIAbstractKeyword.groovy:27)
	at com.kms.katalon.core.webui.keyword.internal.WebUIAbstractKeyword.findWebElement(WebUIAbstractKeyword.groovy:26)
	at com.kms.katalon.core.webui.keyword.builtin.SetTextKeyword$_setText_closure1.doCall(SetTextKeyword.groovy:51)
	at com.kms.katalon.core.webui.keyword.builtin.SetTextKeyword$_setText_closure1.call(SetTextKeyword.groovy)
	at com.kms.katalon.core.webui.keyword.internal.WebUIKeywordMain.runKeyword(WebUIKeywordMain.groovy:20)
	... 19 more
"/>
         <system-out><![CDATA[2021-12-29 12:41:48 - [TEST_CASE][FAILED] - Test Cases/5.1-Pruebas_SST/5.1.7-Crear_un_Sistema_de_Vigilancia_Epidemiologica: Test Cases/5.1-Pruebas_SST/5.1.7-Crear_un_Sistema_de_Vigilancia_Epidemiologica FAILED.
Reason:
com.kms.katalon.core.exception.StepFailedException: Unable to set text 'pruebas k' of object 'Object Repository/Modulo Pruebas SST/Crear_un_Sistema_de_Vigilancia_Epidemiologica/textarea_Fecha Seguimiento_form_popupInscritostabtablaSeguimientoj_idt197'
	at com.kms.katalon.core.webui.keyword.internal.WebUIKeywordMain.stepFailed(WebUIKeywordMain.groovy:64)
	at com.kms.katalon.core.webui.keyword.internal.WebUIKeywordMain.runKeyword(WebUIKeywordMain.groovy:26)
	at com.kms.katalon.core.webui.keyword.builtin.SetTextKeyword.setText(SetTextKeyword.groovy:66)
	at com.kms.katalon.core.webui.keyword.builtin.SetTextKeyword.execute(SetTextKeyword.groovy:37)
	at com.kms.katalon.core.keyword.internal.KeywordExecutor.executeKeywordForPlatform(KeywordExecutor.groovy:74)
	at com.kms.katalon.core.webui.keyword.WebUiBuiltInKeywords.setText(WebUiBuiltInKeywords.groovy:980)
	at com.kms.katalon.core.webui.keyword.WebUiBuiltInKeywords$setText$2.call(Unknown Source)
	at 5.1.7-Crear_un_Sistema_de_Vigilancia_Epidemiologica.run(5.1.7-Crear_un_Sistema_de_Vigilancia_Epidemiologica:134)
	at com.kms.katalon.core.main.ScriptEngine.run(ScriptEngine.java:194)
	at com.kms.katalon.core.main.ScriptEngine.runScriptAsRawText(ScriptEngine.java:119)
	at com.kms.katalon.core.main.TestCaseExecutor.runScript(TestCaseExecutor.java:442)
	at com.kms.katalon.core.main.TestCaseExecutor.doExecute(TestCaseExecutor.java:433)
	at com.kms.katalon.core.main.TestCaseExecutor.processExecutionPhase(TestCaseExecutor.java:412)
	at com.kms.katalon.core.main.TestCaseExecutor.accessMainPhase(TestCaseExecutor.java:404)
	at com.kms.katalon.core.main.TestCaseExecutor.execute(TestCaseExecutor.java:281)
	at com.kms.katalon.core.main.TestSuiteExecutor.accessTestCaseMainPhase(TestSuiteExecutor.java:202)
	at com.kms.katalon.core.main.TestSuiteExecutor.accessTestSuiteMainPhase(TestSuiteExecutor.java:164)
	at com.kms.katalon.core.main.TestSuiteExecutor.execute(TestSuiteExecutor.java:105)
	at com.kms.katalon.core.main.TestCaseMain.startTestSuite(TestCaseMain.java:181)
	at com.kms.katalon.core.main.TestCaseMain$startTestSuite$0.call(Unknown Source)
	at TempTestSuite1640798635364.run(TempTestSuite1640798635364.groovy:36)
Caused by: com.kms.katalon.core.webui.exception.WebElementNotFoundException: Web element with id: 'Object Repository/Modulo Pruebas SST/Crear_un_Sistema_de_Vigilancia_Epidemiologica/textarea_Fecha Seguimiento_form_popupInscritostabtablaSeguimientoj_idt197' located by '//textarea[@id='form_popupInscritos:tab:tablaSeguimiento:j_idt197']' not found
	at com.kms.katalon.core.webui.common.WebUiCommonHelper.findWebElement(WebUiCommonHelper.java:1368)
	at com.kms.katalon.core.webui.keyword.internal.WebUIAbstractKeyword.findWebElement(WebUIAbstractKeyword.groovy:27)
	at com.kms.katalon.core.webui.keyword.internal.WebUIAbstractKeyword.findWebElement(WebUIAbstractKeyword.groovy:26)
	at com.kms.katalon.core.webui.keyword.builtin.SetTextKeyword$_setText_closure1.doCall(SetTextKeyword.groovy:51)
	at com.kms.katalon.core.webui.keyword.builtin.SetTextKeyword$_setText_closure1.call(SetTextKeyword.groovy)
	at com.kms.katalon.core.webui.keyword.internal.WebUIKeywordMain.runKeyword(WebUIKeywordMain.groovy:20)
	... 19 more


2021-12-29 12:41:48 - [TEST_STEP][PASSED] - today = new java.util.Date(): null

2021-12-29 12:41:48 - [TEST_STEP][PASSED] - todaysDate = today.format("dd/MM/yyyy HH:mm"): null

2021-12-29 12:41:48 - [TEST_STEP][PASSED] - comment("FALTA CONDICION PARA ELIMINAR REGISTRO."): FALTA CONDICION PARA ELIMINAR REGISTRO.

2021-12-29 12:41:48 - [MESSAGE][INFO] - FALTA CONDICION PARA ELIMINAR REGISTRO.

2021-12-29 12:41:48 - [TEST_STEP][PASSED] - comment("conflicto con base de datos no permite eliminar registro"): conflicto con base de datos no permite eliminar registro

2021-12-29 12:41:48 - [MESSAGE][INFO] - conflicto con base de datos no permite eliminar registro

2021-12-29 12:41:48 - [TEST_STEP][PASSED] - callTestCase(findTestCase("0.1-Login"), [:], STOP_ON_FAILURE): Call Test Case 'Test Cases/0.1-Login' successfully

2021-12-29 12:41:48 - [TEST_CASE][PASSED] - Test Cases/0.1-Login: Test Cases/0.1-Login

2021-12-29 12:41:49 - [TEST_STEP][PASSED] - openBrowser(""): Browser is opened with url: ''

2021-12-29 12:41:49 - [MESSAGE][WARNING] - A browser is already opened. Closing browser and opening a new one

2021-12-29 12:41:49 - [MESSAGE][INFO] - Starting 'Chrome' driver

2021-12-29 12:41:49 - [MESSAGE][INFO] - Action delay is set to 0 milliseconds

2021-12-29 12:41:50 - [MESSAGE][PASSED] - Browser is opened with url: ''

2021-12-29 12:41:50 - [TEST_STEP][PASSED] - maximizeWindow(): Current window maximized

2021-12-29 12:41:51 - [MESSAGE][PASSED] - Current window maximized

2021-12-29 12:41:51 - [TEST_STEP][PASSED] - i = G_Login: null

2021-12-29 12:41:51 - [TEST_STEP][PASSED] - url = new java.net.URL(i): null

2021-12-29 12:41:51 - [TEST_STEP][PASSED] - println("URL: " + url.toString()): null

2021-12-29 12:41:51 - [TEST_STEP][PASSED] - connection = url.openConnection(): null

2021-12-29 12:41:51 - [TEST_STEP][PASSED] - connection.setRequestMethod("GET"): null

2021-12-29 12:41:51 - [TEST_STEP][PASSED] - connection.setReadTimeout(2 * 1000): null

2021-12-29 12:41:51 - [TEST_STEP][PASSED] - try: null

2021-12-29 12:41:51 - [TEST_STEP][PASSED] - connection.connect(): null

2021-12-29 12:41:51 - [TEST_STEP][PASSED] - flag = connected: null

2021-12-29 12:41:51 - [TEST_STEP][PASSED] - println("Valor_ori: " + flag): null

2021-12-29 12:41:51 - [TEST_STEP][PASSED] - if (flag): null

2021-12-29 12:41:51 - [TEST_STEP][PASSED] - navigateToUrl(i): Navigate to 'http://192.168.2.80:8380/saraweb' successfully

2021-12-29 12:41:51 - [MESSAGE][PASSED] - Navigate to 'http://192.168.2.80:8380/saraweb' successfully

2021-12-29 12:41:51 - [TEST_STEP][PASSED] - a(): null

2021-12-29 12:41:51 - [TEST_STEP][PASSED] - setText(findTestObject("Login/input_USUARIO_loginusuario"), G_Usuario): Text 'saraadmin' is set on object 'Object Repository/Login/input_USUARIO_loginusuario'

2021-12-29 12:41:52 - [MESSAGE][PASSED] - Text 'saraadmin' is set on object 'Object Repository/Login/input_USUARIO_loginusuario'

2021-12-29 12:41:52 - [TEST_STEP][PASSED] - setEncryptedText(findTestObject("Login/input_CLAVE_loginpassword"), "MkG4/TYiCFC3cb2driP7+Q=="): Text ****** has been set on object 'Object Repository/Login/input_CLAVE_loginpassword'

2021-12-29 12:41:53 - [MESSAGE][PASSED] - Text ****** has been set on object 'Object Repository/Login/input_CLAVE_loginpassword'

2021-12-29 12:41:53 - [TEST_STEP][PASSED] - waitForElementClickable(findTestObject("Login/a_Ingresar"), G_TimeOut): Object 'Object Repository/Login/a_Ingresar' is clickable

2021-12-29 12:41:53 - [MESSAGE][PASSED] - Object 'Object Repository/Login/a_Ingresar' is clickable

2021-12-29 12:41:53 - [TEST_STEP][PASSED] - click(findTestObject("Login/a_Ingresar")): Object: 'Object Repository/Login/a_Ingresar' is clicked on

2021-12-29 12:41:55 - [MESSAGE][PASSED] - Object: 'Object Repository/Login/a_Ingresar' is clicked on

2021-12-29 12:41:55 - [TEST_STEP][PASSED] - element = findWebElement(findTestObject("Login/a_Ir"), 30): null

2021-12-29 12:41:56 - [TEST_STEP][PASSED] - executeJavaScript("arguments[0].click()", Arrays.asList(element)): Execute JavaScript 'arguments[0].click()' successfully

2021-12-29 12:41:56 - [MESSAGE][PASSED] - Execute JavaScript 'arguments[0].click()' successfully

2021-12-29 12:41:56 - [MESSAGE][PASSED] - Call Test Case 'Test Cases/0.1-Login' successfully

2021-12-29 12:41:56 - [TEST_STEP][PASSED] - setText(findTestObject("Modulo Pruebas SST/Crear_un_Sistema_de_Vigilancia_Epidemiologica/input_Entidad de Riesgo_form_templatej_idt24_input"), "vigilancia epidemiologica"): Text 'vigilancia epidemiologica' is set on object 'Object Repository/Modulo Pruebas SST/Crear_un_Sistema_de_Vigilancia_Epidemiologica/input_Entidad de Riesgo_form_templatej_idt24_input'

2021-12-29 12:41:57 - [MESSAGE][PASSED] - Text 'vigilancia epidemiologica' is set on object 'Object Repository/Modulo Pruebas SST/Crear_un_Sistema_de_Vigilancia_Epidemiologica/input_Entidad de Riesgo_form_templatej_idt24_input'

2021-12-29 12:41:57 - [TEST_STEP][PASSED] - click(findTestObject("Modulo Pruebas SST/Crear_un_Sistema_de_Vigilancia_Epidemiologica/li_Programas de Vigilancia Epidemiologica (sst)")): Object: 'Object Repository/Modulo Pruebas SST/Crear_un_Sistema_de_Vigilancia_Epidemiologica/li_Programas de Vigilancia Epidemiologica (sst)' is clicked on

2021-12-29 12:41:59 - [MESSAGE][PASSED] - Object: 'Object Repository/Modulo Pruebas SST/Crear_un_Sistema_de_Vigilancia_Epidemiologica/li_Programas de Vigilancia Epidemiologica (sst)' is clicked on

2021-12-29 12:41:59 - [TEST_STEP][PASSED] - click(findTestObject("Modulo Pruebas SST/Crear_un_Sistema_de_Vigilancia_Epidemiologica/td_PRUEBAS K")): Object: 'Object Repository/Modulo Pruebas SST/Crear_un_Sistema_de_Vigilancia_Epidemiologica/td_PRUEBAS K' is clicked on

2021-12-29 12:42:02 - [MESSAGE][PASSED] - Object: 'Object Repository/Modulo Pruebas SST/Crear_un_Sistema_de_Vigilancia_Epidemiologica/td_PRUEBAS K' is clicked on

2021-12-29 12:42:02 - [TEST_STEP][PASSED] - click(findTestObject("Modulo Pruebas SST/Crear_un_Sistema_de_Vigilancia_Epidemiologica/a_Nuevo0")): Object: 'Object Repository/Modulo Pruebas SST/Crear_un_Sistema_de_Vigilancia_Epidemiologica/a_Nuevo0' is clicked on

2021-12-29 12:42:03 - [MESSAGE][PASSED] - Object: 'Object Repository/Modulo Pruebas SST/Crear_un_Sistema_de_Vigilancia_Epidemiologica/a_Nuevo0' is clicked on

2021-12-29 12:42:03 - [TEST_STEP][PASSED] - selectOptionByIndex(findTestObject("Modulo Pruebas SST/Crear_un_Sistema_de_Vigilancia_Epidemiologica/select_--Seleccione--PRUEBAS KATALON"), "1"): All options with index in [1] are selected on object 'Object Repository/Modulo Pruebas SST/Crear_un_Sistema_de_Vigilancia_Epidemiologica/select_--Seleccione--PRUEBAS KATALON'

2021-12-29 12:42:04 - [MESSAGE][PASSED] - All options with index in [1] are selected on object 'Object Repository/Modulo Pruebas SST/Crear_un_Sistema_de_Vigilancia_Epidemiologica/select_--Seleccione--PRUEBAS KATALON'

2021-12-29 12:42:04 - [TEST_STEP][PASSED] - setText(findTestObject("Modulo Pruebas SST/Crear_un_Sistema_de_Vigilancia_Epidemiologica/input_Descripcin_form_programaVigilanciatabdescripcion"), "pruebas k " + todaysDate): Text 'pruebas k 29/12/2021 12:41' is set on object 'Object Repository/Modulo Pruebas SST/Crear_un_Sistema_de_Vigilancia_Epidemiologica/input_Descripcin_form_programaVigilanciatabdescripcion'

2021-12-29 12:42:05 - [MESSAGE][PASSED] - Text 'pruebas k 29/12/2021 12:41' is set on object 'Object Repository/Modulo Pruebas SST/Crear_un_Sistema_de_Vigilancia_Epidemiologica/input_Descripcin_form_programaVigilanciatabdescripcion'

2021-12-29 12:42:05 - [TEST_STEP][PASSED] - click(findTestObject("Modulo Pruebas SST/Crear_un_Sistema_de_Vigilancia_Epidemiologica/label_SI")): Object: 'Object Repository/Modulo Pruebas SST/Crear_un_Sistema_de_Vigilancia_Epidemiologica/label_SI' is clicked on

2021-12-29 12:42:05 - [MESSAGE][PASSED] - Object: 'Object Repository/Modulo Pruebas SST/Crear_un_Sistema_de_Vigilancia_Epidemiologica/label_SI' is clicked on

2021-12-29 12:42:05 - [TEST_STEP][PASSED] - click(findTestObject("Modulo Pruebas SST/Crear_un_Sistema_de_Vigilancia_Epidemiologica/a_Guardar")): Object: 'Object Repository/Modulo Pruebas SST/Crear_un_Sistema_de_Vigilancia_Epidemiologica/a_Guardar' is clicked on

2021-12-29 12:42:06 - [MESSAGE][PASSED] - Object: 'Object Repository/Modulo Pruebas SST/Crear_un_Sistema_de_Vigilancia_Epidemiologica/a_Guardar' is clicked on

2021-12-29 12:42:06 - [TEST_STEP][PASSED] - click(findTestObject("Modulo Pruebas SST/Crear_un_Sistema_de_Vigilancia_Epidemiologica/a_Personas")): Object: 'Object Repository/Modulo Pruebas SST/Crear_un_Sistema_de_Vigilancia_Epidemiologica/a_Personas' is clicked on

2021-12-29 12:42:08 - [MESSAGE][PASSED] - Object: 'Object Repository/Modulo Pruebas SST/Crear_un_Sistema_de_Vigilancia_Epidemiologica/a_Personas' is clicked on

2021-12-29 12:42:08 - [TEST_STEP][PASSED] - click(findTestObject("Modulo Pruebas SST/Crear_un_Sistema_de_Vigilancia_Epidemiologica/a_Nuevo_personas")): Object: 'Object Repository/Modulo Pruebas SST/Crear_un_Sistema_de_Vigilancia_Epidemiologica/a_Nuevo_personas' is clicked on

2021-12-29 12:42:09 - [MESSAGE][PASSED] - Object: 'Object Repository/Modulo Pruebas SST/Crear_un_Sistema_de_Vigilancia_Epidemiologica/a_Nuevo_personas' is clicked on

2021-12-29 12:42:09 - [TEST_STEP][PASSED] - selectOptionByIndex(findTestObject("Modulo Pruebas SST/Crear_un_Sistema_de_Vigilancia_Epidemiologica/select_SeleccioneSEDE NORTESEDE OCCIDENTESEDE SUR"), 1): All options with index in [1] are selected on object 'Object Repository/Modulo Pruebas SST/Crear_un_Sistema_de_Vigilancia_Epidemiologica/select_SeleccioneSEDE NORTESEDE OCCIDENTESEDE SUR'

2021-12-29 12:42:10 - [MESSAGE][PASSED] - All options with index in [1] are selected on object 'Object Repository/Modulo Pruebas SST/Crear_un_Sistema_de_Vigilancia_Epidemiologica/select_SeleccioneSEDE NORTESEDE OCCIDENTESEDE SUR'

2021-12-29 12:42:10 - [TEST_STEP][PASSED] - click(findTestObject("Modulo Pruebas SST/Crear_un_Sistema_de_Vigilancia_Epidemiologica/a_Identificacin_form_popupInscritostabj_idt117")): Object: 'Object Repository/Modulo Pruebas SST/Crear_un_Sistema_de_Vigilancia_Epidemiologica/a_Identificacin_form_popupInscritostabj_idt117' is clicked on

2021-12-29 12:42:11 - [MESSAGE][PASSED] - Object: 'Object Repository/Modulo Pruebas SST/Crear_un_Sistema_de_Vigilancia_Epidemiologica/a_Identificacin_form_popupInscritostabj_idt117' is clicked on

2021-12-29 12:42:11 - [TEST_STEP][PASSED] - setText(findTestObject("Modulo Pruebas SST/Crear_un_Sistema_de_Vigilancia_Epidemiologica/input_Filtro Hoja de Vida_formPopupHojaVidaj_idt1722"), "A A A"): Text 'A A A' is set on object 'Object Repository/Modulo Pruebas SST/Crear_un_Sistema_de_Vigilancia_Epidemiologica/input_Filtro Hoja de Vida_formPopupHojaVidaj_idt1722'

2021-12-29 12:42:12 - [MESSAGE][PASSED] - Text 'A A A' is set on object 'Object Repository/Modulo Pruebas SST/Crear_un_Sistema_de_Vigilancia_Epidemiologica/input_Filtro Hoja de Vida_formPopupHojaVidaj_idt1722'

2021-12-29 12:42:12 - [TEST_STEP][PASSED] - sendKeys(findTestObject("Modulo Pruebas SST/Crear_un_Sistema_de_Vigilancia_Epidemiologica/input_Filtro Hoja de Vida_formPopupHojaVidaj_idt1722"), Keys.chord(ENTER)): Keys 'ENTER + ' sent to object: 'Object Repository/Modulo Pruebas SST/Crear_un_Sistema_de_Vigilancia_Epidemiologica/input_Filtro Hoja de Vida_formPopupHojaVidaj_idt1722'

2021-12-29 12:42:12 - [MESSAGE][PASSED] - Keys 'ENTER + ' sent to object: 'Object Repository/Modulo Pruebas SST/Crear_un_Sistema_de_Vigilancia_Epidemiologica/input_Filtro Hoja de Vida_formPopupHojaVidaj_idt1722'

2021-12-29 12:42:12 - [TEST_STEP][PASSED] - click(findTestObject("Modulo Pruebas SST/Crear_un_Sistema_de_Vigilancia_Epidemiologica/td_A A A")): Object: 'Object Repository/Modulo Pruebas SST/Crear_un_Sistema_de_Vigilancia_Epidemiologica/td_A A A' is clicked on

2021-12-29 12:42:13 - [MESSAGE][PASSED] - Object: 'Object Repository/Modulo Pruebas SST/Crear_un_Sistema_de_Vigilancia_Epidemiologica/td_A A A' is clicked on

2021-12-29 12:42:13 - [TEST_STEP][PASSED] - selectOptionByIndex(findTestObject("Modulo Pruebas SST/Crear_un_Sistema_de_Vigilancia_Epidemiologica/select_SeleccioneAula InteligenteSala de JuntasSalon ExternoSalon Principal"), 1): All options with index in [1] are selected on object 'Object Repository/Modulo Pruebas SST/Crear_un_Sistema_de_Vigilancia_Epidemiologica/select_SeleccioneAula InteligenteSala de JuntasSalon ExternoSalon Principal'

2021-12-29 12:42:16 - [MESSAGE][PASSED] - All options with index in [1] are selected on object 'Object Repository/Modulo Pruebas SST/Crear_un_Sistema_de_Vigilancia_Epidemiologica/select_SeleccioneAula InteligenteSala de JuntasSalon ExternoSalon Principal'

2021-12-29 12:42:16 - [TEST_STEP][PASSED] - click(findTestObject("Modulo Pruebas SST/Crear_un_Sistema_de_Vigilancia_Epidemiologica/span_Remitido EPS_ui-chkbox-icon ui-icon ui-icon-blank ui-c")): Object: 'Object Repository/Modulo Pruebas SST/Crear_un_Sistema_de_Vigilancia_Epidemiologica/span_Remitido EPS_ui-chkbox-icon ui-icon ui-icon-blank ui-c' is clicked on

2021-12-29 12:42:16 - [MESSAGE][PASSED] - Object: 'Object Repository/Modulo Pruebas SST/Crear_un_Sistema_de_Vigilancia_Epidemiologica/span_Remitido EPS_ui-chkbox-icon ui-icon ui-icon-blank ui-c' is clicked on

2021-12-29 12:42:16 - [TEST_STEP][PASSED] - setText(findTestObject("Modulo Pruebas SST/Crear_un_Sistema_de_Vigilancia_Epidemiologica/textarea_Observacin_form_popupInscritostabobservacion"), "pruebas k"): Text 'pruebas k' is set on object 'Object Repository/Modulo Pruebas SST/Crear_un_Sistema_de_Vigilancia_Epidemiologica/textarea_Observacin_form_popupInscritostabobservacion'

2021-12-29 12:42:17 - [MESSAGE][PASSED] - Text 'pruebas k' is set on object 'Object Repository/Modulo Pruebas SST/Crear_un_Sistema_de_Vigilancia_Epidemiologica/textarea_Observacin_form_popupInscritostabobservacion'

2021-12-29 12:42:17 - [TEST_STEP][PASSED] - click(findTestObject("Modulo Pruebas SST/Crear_un_Sistema_de_Vigilancia_Epidemiologica/a_Guardar")): Object: 'Object Repository/Modulo Pruebas SST/Crear_un_Sistema_de_Vigilancia_Epidemiologica/a_Guardar' is clicked on

2021-12-29 12:42:17 - [MESSAGE][PASSED] - Object: 'Object Repository/Modulo Pruebas SST/Crear_un_Sistema_de_Vigilancia_Epidemiologica/a_Guardar' is clicked on

2021-12-29 12:42:17 - [TEST_STEP][PASSED] - click(findTestObject("Modulo Pruebas SST/Crear_un_Sistema_de_Vigilancia_Epidemiologica/a_Grupos")): Object: 'Object Repository/Modulo Pruebas SST/Crear_un_Sistema_de_Vigilancia_Epidemiologica/a_Grupos' is clicked on

2021-12-29 12:42:18 - [MESSAGE][PASSED] - Object: 'Object Repository/Modulo Pruebas SST/Crear_un_Sistema_de_Vigilancia_Epidemiologica/a_Grupos' is clicked on

2021-12-29 12:42:18 - [TEST_STEP][PASSED] - click(findTestObject("Modulo Pruebas SST/Crear_un_Sistema_de_Vigilancia_Epidemiologica/a_Personas Entidad de Riesgo")): Object: 'Object Repository/Modulo Pruebas SST/Crear_un_Sistema_de_Vigilancia_Epidemiologica/a_Personas Entidad de Riesgo' is clicked on

2021-12-29 12:42:19 - [MESSAGE][PASSED] - Object: 'Object Repository/Modulo Pruebas SST/Crear_un_Sistema_de_Vigilancia_Epidemiologica/a_Personas Entidad de Riesgo' is clicked on

2021-12-29 12:42:19 - [TEST_STEP][PASSED] - selectOptionByIndex(findTestObject("Modulo Pruebas SST/Crear_un_Sistema_de_Vigilancia_Epidemiologica/select_Seleccione234ENTIDAD DE RIESGO 01idad y Salud en el Trabajo"), 26): All options with index in [26] are selected on object 'Object Repository/Modulo Pruebas SST/Crear_un_Sistema_de_Vigilancia_Epidemiologica/select_Seleccione234ENTIDAD DE RIESGO 01idad y Salud en el Trabajo'

2021-12-29 12:42:21 - [MESSAGE][PASSED] - All options with index in [26] are selected on object 'Object Repository/Modulo Pruebas SST/Crear_un_Sistema_de_Vigilancia_Epidemiologica/select_Seleccione234ENTIDAD DE RIESGO 01idad y Salud en el Trabajo'

2021-12-29 12:42:21 - [TEST_STEP][PASSED] - click(findTestObject("Modulo Pruebas SST/Crear_un_Sistema_de_Vigilancia_Epidemiologica/div_DIAZ BLANCO GUISELL_ui-chkbox-box ui-widget ui-corner-all ui-state-default ui-state-hover")): Object: 'Object Repository/Modulo Pruebas SST/Crear_un_Sistema_de_Vigilancia_Epidemiologica/div_DIAZ BLANCO GUISELL_ui-chkbox-box ui-widget ui-corner-all ui-state-default ui-state-hover' is clicked on

2021-12-29 12:42:22 - [MESSAGE][PASSED] - Object: 'Object Repository/Modulo Pruebas SST/Crear_un_Sistema_de_Vigilancia_Epidemiologica/div_DIAZ BLANCO GUISELL_ui-chkbox-box ui-widget ui-corner-all ui-state-default ui-state-hover' is clicked on

2021-12-29 12:42:22 - [TEST_STEP][PASSED] - click(findTestObject("Modulo Pruebas SST/Crear_un_Sistema_de_Vigilancia_Epidemiologica/div_CONSTA BELFEGORD  JHON1393138_ui-chkbox-box ui-widget ui-corner-all ui-state-default ui-state-hover")): Object: 'Object Repository/Modulo Pruebas SST/Crear_un_Sistema_de_Vigilancia_Epidemiologica/div_CONSTA BELFEGORD  JHON1393138_ui-chkbox-box ui-widget ui-corner-all ui-state-default ui-state-hover' is clicked on

2021-12-29 12:42:23 - [MESSAGE][PASSED] - Object: 'Object Repository/Modulo Pruebas SST/Crear_un_Sistema_de_Vigilancia_Epidemiologica/div_CONSTA BELFEGORD  JHON1393138_ui-chkbox-box ui-widget ui-corner-all ui-state-default ui-state-hover' is clicked on

2021-12-29 12:42:23 - [TEST_STEP][PASSED] - click(findTestObject("Modulo Pruebas SST/Crear_un_Sistema_de_Vigilancia_Epidemiologica/a_Enviar")): Object: 'Object Repository/Modulo Pruebas SST/Crear_un_Sistema_de_Vigilancia_Epidemiologica/a_Enviar' is clicked on

2021-12-29 12:42:24 - [MESSAGE][PASSED] - Object: 'Object Repository/Modulo Pruebas SST/Crear_un_Sistema_de_Vigilancia_Epidemiologica/a_Enviar' is clicked on

2021-12-29 12:42:24 - [TEST_STEP][PASSED] - sendKeys(findTestObject("Modulo Pruebas SST/Crear_un_Sistema_de_Vigilancia_Epidemiologica/input_Fecha Inscripcin_form_popupInscritostabinicio_input"), Keys.chord(ESCAPE)): Keys 'ESCAPE + ' sent to object: 'Object Repository/Modulo Pruebas SST/Crear_un_Sistema_de_Vigilancia_Epidemiologica/input_Fecha Inscripcin_form_popupInscritostabinicio_input'

2021-12-29 12:42:25 - [MESSAGE][PASSED] - Keys 'ESCAPE + ' sent to object: 'Object Repository/Modulo Pruebas SST/Crear_un_Sistema_de_Vigilancia_Epidemiologica/input_Fecha Inscripcin_form_popupInscritostabinicio_input'

2021-12-29 12:42:25 - [TEST_STEP][PASSED] - setText(findTestObject("Modulo Pruebas SST/Crear_un_Sistema_de_Vigilancia_Epidemiologica/textarea_Observacin_form_popupInscritostabobservacion"), "pruebas k"): Text 'pruebas k' is set on object 'Object Repository/Modulo Pruebas SST/Crear_un_Sistema_de_Vigilancia_Epidemiologica/textarea_Observacin_form_popupInscritostabobservacion'

2021-12-29 12:42:26 - [MESSAGE][PASSED] - Text 'pruebas k' is set on object 'Object Repository/Modulo Pruebas SST/Crear_un_Sistema_de_Vigilancia_Epidemiologica/textarea_Observacin_form_popupInscritostabobservacion'

2021-12-29 12:42:26 - [TEST_STEP][PASSED] - click(findTestObject("Modulo Pruebas SST/Crear_un_Sistema_de_Vigilancia_Epidemiologica/a_Guardar")): Object: 'Object Repository/Modulo Pruebas SST/Crear_un_Sistema_de_Vigilancia_Epidemiologica/a_Guardar' is clicked on

2021-12-29 12:42:26 - [MESSAGE][PASSED] - Object: 'Object Repository/Modulo Pruebas SST/Crear_un_Sistema_de_Vigilancia_Epidemiologica/a_Guardar' is clicked on

2021-12-29 12:42:26 - [TEST_STEP][PASSED] - click(findTestObject("Modulo Pruebas SST/Crear_un_Sistema_de_Vigilancia_Epidemiologica/td_PRUEBAS K")): Object: 'Object Repository/Modulo Pruebas SST/Crear_un_Sistema_de_Vigilancia_Epidemiologica/td_PRUEBAS K' is clicked on

2021-12-29 12:42:28 - [MESSAGE][PASSED] - Object: 'Object Repository/Modulo Pruebas SST/Crear_un_Sistema_de_Vigilancia_Epidemiologica/td_PRUEBAS K' is clicked on

2021-12-29 12:42:28 - [TEST_STEP][PASSED] - click(findTestObject("Modulo Pruebas SST/Crear_un_Sistema_de_Vigilancia_Epidemiologica/a_Recomendaciones")): Object: 'Object Repository/Modulo Pruebas SST/Crear_un_Sistema_de_Vigilancia_Epidemiologica/a_Recomendaciones' is clicked on

2021-12-29 12:42:29 - [MESSAGE][PASSED] - Object: 'Object Repository/Modulo Pruebas SST/Crear_un_Sistema_de_Vigilancia_Epidemiologica/a_Recomendaciones' is clicked on

2021-12-29 12:42:29 - [TEST_STEP][PASSED] - click(findTestObject("Modulo Pruebas SST/Crear_un_Sistema_de_Vigilancia_Epidemiologica/a_Nuevo")): Object: 'Object Repository/Modulo Pruebas SST/Crear_un_Sistema_de_Vigilancia_Epidemiologica/a_Nuevo' is clicked on

2021-12-29 12:42:30 - [MESSAGE][PASSED] - Object: 'Object Repository/Modulo Pruebas SST/Crear_un_Sistema_de_Vigilancia_Epidemiologica/a_Nuevo' is clicked on

2021-12-29 12:42:30 - [TEST_STEP][PASSED] - selectOptionByIndex(findTestObject("Modulo Pruebas SST/Crear_un_Sistema_de_Vigilancia_Epidemiologica/select_ActivoCanceladoCumplidoNo Cumplido"), 0): All options with index in [0] are selected on object 'Object Repository/Modulo Pruebas SST/Crear_un_Sistema_de_Vigilancia_Epidemiologica/select_ActivoCanceladoCumplidoNo Cumplido'

2021-12-29 12:42:32 - [MESSAGE][PASSED] - All options with index in [0] are selected on object 'Object Repository/Modulo Pruebas SST/Crear_un_Sistema_de_Vigilancia_Epidemiologica/select_ActivoCanceladoCumplidoNo Cumplido'

2021-12-29 12:42:32 - [TEST_STEP][PASSED] - selectOptionByIndex(findTestObject("Modulo Pruebas SST/Crear_un_Sistema_de_Vigilancia_Epidemiologica/select_-- SELECCIONAR --Trate de no correr"), 1): All options with index in [1] are selected on object 'Object Repository/Modulo Pruebas SST/Crear_un_Sistema_de_Vigilancia_Epidemiologica/select_-- SELECCIONAR --Trate de no correr'

2021-12-29 12:42:33 - [MESSAGE][PASSED] - All options with index in [1] are selected on object 'Object Repository/Modulo Pruebas SST/Crear_un_Sistema_de_Vigilancia_Epidemiologica/select_-- SELECCIONAR --Trate de no correr'

2021-12-29 12:42:33 - [TEST_STEP][PASSED] - selectOptionByIndex(findTestObject("Modulo Pruebas SST/Crear_un_Sistema_de_Vigilancia_Epidemiologica/select_-- SELECCIONAR --Recomendacin Atep 2Recomendacin Atep 1"), 1): All options with index in [1] are selected on object 'Object Repository/Modulo Pruebas SST/Crear_un_Sistema_de_Vigilancia_Epidemiologica/select_-- SELECCIONAR --Recomendacin Atep 2Recomendacin Atep 1'

2021-12-29 12:42:34 - [MESSAGE][PASSED] - All options with index in [1] are selected on object 'Object Repository/Modulo Pruebas SST/Crear_un_Sistema_de_Vigilancia_Epidemiologica/select_-- SELECCIONAR --Recomendacin Atep 2Recomendacin Atep 1'

2021-12-29 12:42:34 - [TEST_STEP][PASSED] - click(findTestObject("Modulo Pruebas SST/Crear_un_Sistema_de_Vigilancia_Epidemiologica/a_Responsable Recomendaciones_form_popupSeguimientotabRecomendacionj_idt607")): Object: 'Object Repository/Modulo Pruebas SST/Crear_un_Sistema_de_Vigilancia_Epidemiologica/a_Responsable Recomendaciones_form_popupSeguimientotabRecomendacionj_idt607' is clicked on

2021-12-29 12:42:35 - [MESSAGE][PASSED] - Object: 'Object Repository/Modulo Pruebas SST/Crear_un_Sistema_de_Vigilancia_Epidemiologica/a_Responsable Recomendaciones_form_popupSeguimientotabRecomendacionj_idt607' is clicked on

2021-12-29 12:42:35 - [TEST_STEP][PASSED] - setText(findTestObject("Modulo Pruebas SST/Crear_un_Sistema_de_Vigilancia_Epidemiologica/input_Filtro Hoja de Vida_formPopupHojaVidaj_idt1722"), "A A A"): Text 'A A A' is set on object 'Object Repository/Modulo Pruebas SST/Crear_un_Sistema_de_Vigilancia_Epidemiologica/input_Filtro Hoja de Vida_formPopupHojaVidaj_idt1722'

2021-12-29 12:42:36 - [MESSAGE][PASSED] - Text 'A A A' is set on object 'Object Repository/Modulo Pruebas SST/Crear_un_Sistema_de_Vigilancia_Epidemiologica/input_Filtro Hoja de Vida_formPopupHojaVidaj_idt1722'

2021-12-29 12:42:36 - [TEST_STEP][PASSED] - sendKeys(findTestObject("Modulo Pruebas SST/Crear_un_Sistema_de_Vigilancia_Epidemiologica/input_Filtro Hoja de Vida_formPopupHojaVidaj_idt1722"), Keys.chord(ENTER)): Keys 'ENTER + ' sent to object: 'Object Repository/Modulo Pruebas SST/Crear_un_Sistema_de_Vigilancia_Epidemiologica/input_Filtro Hoja de Vida_formPopupHojaVidaj_idt1722'

2021-12-29 12:42:36 - [MESSAGE][PASSED] - Keys 'ENTER + ' sent to object: 'Object Repository/Modulo Pruebas SST/Crear_un_Sistema_de_Vigilancia_Epidemiologica/input_Filtro Hoja de Vida_formPopupHojaVidaj_idt1722'

2021-12-29 12:42:36 - [TEST_STEP][PASSED] - click(findTestObject("Modulo Pruebas SST/Crear_un_Sistema_de_Vigilancia_Epidemiologica/td_A A A")): Object: 'Object Repository/Modulo Pruebas SST/Crear_un_Sistema_de_Vigilancia_Epidemiologica/td_A A A' is clicked on

2021-12-29 12:42:37 - [MESSAGE][PASSED] - Object: 'Object Repository/Modulo Pruebas SST/Crear_un_Sistema_de_Vigilancia_Epidemiologica/td_A A A' is clicked on

2021-12-29 12:42:37 - [TEST_STEP][PASSED] - click(findTestObject("Modulo Pruebas SST/Crear_un_Sistema_de_Vigilancia_Epidemiologica/a_Guardar")): Object: 'Object Repository/Modulo Pruebas SST/Crear_un_Sistema_de_Vigilancia_Epidemiologica/a_Guardar' is clicked on

2021-12-29 12:42:38 - [MESSAGE][PASSED] - Object: 'Object Repository/Modulo Pruebas SST/Crear_un_Sistema_de_Vigilancia_Epidemiologica/a_Guardar' is clicked on

2021-12-29 12:42:38 - [TEST_STEP][PASSED] - click(findTestObject("Modulo Pruebas SST/Crear_un_Sistema_de_Vigilancia_Epidemiologica/a_Seguimiento")): Object: 'Object Repository/Modulo Pruebas SST/Crear_un_Sistema_de_Vigilancia_Epidemiologica/a_Seguimiento' is clicked on

2021-12-29 12:42:39 - [MESSAGE][PASSED] - Object: 'Object Repository/Modulo Pruebas SST/Crear_un_Sistema_de_Vigilancia_Epidemiologica/a_Seguimiento' is clicked on

2021-12-29 12:42:39 - [TEST_STEP][PASSED] - click(findTestObject("Modulo Pruebas SST/Crear_un_Sistema_de_Vigilancia_Epidemiologica/a_Fecha Seguimiento_form_popupInscritostabtablaSeguimientoj_idt192")): Object: 'Object Repository/Modulo Pruebas SST/Crear_un_Sistema_de_Vigilancia_Epidemiologica/a_Fecha Seguimiento_form_popupInscritostabtablaSeguimientoj_idt192' is clicked on

2021-12-29 12:42:40 - [MESSAGE][PASSED] - Object: 'Object Repository/Modulo Pruebas SST/Crear_un_Sistema_de_Vigilancia_Epidemiologica/a_Fecha Seguimiento_form_popupInscritostabtablaSeguimientoj_idt192' is clicked on

2021-12-29 12:42:40 - [TEST_STEP][PASSED] - selectOptionByIndex(findTestObject("Modulo Pruebas SST/Crear_un_Sistema_de_Vigilancia_Epidemiologica/select_-- SELECCIONAR --Trate de no correr0"), 1): All options with index in [1] are selected on object 'Object Repository/Modulo Pruebas SST/Crear_un_Sistema_de_Vigilancia_Epidemiologica/select_-- SELECCIONAR --Trate de no correr0'

2021-12-29 12:42:42 - [MESSAGE][PASSED] - All options with index in [1] are selected on object 'Object Repository/Modulo Pruebas SST/Crear_un_Sistema_de_Vigilancia_Epidemiologica/select_-- SELECCIONAR --Trate de no correr0'

2021-12-29 12:42:42 - [TEST_STEP][PASSED] - click(findTestObject("Modulo Pruebas SST/Crear_un_Sistema_de_Vigilancia_Epidemiologica/span_Trate de no correr")): Object: 'Object Repository/Modulo Pruebas SST/Crear_un_Sistema_de_Vigilancia_Epidemiologica/span_Trate de no correr' is clicked on

2021-12-29 12:42:43 - [MESSAGE][PASSED] - Object: 'Object Repository/Modulo Pruebas SST/Crear_un_Sistema_de_Vigilancia_Epidemiologica/span_Trate de no correr' is clicked on

2021-12-29 12:42:43 - [TEST_STEP][FAILED] - setText(findTestObject("Modulo Pruebas SST/Crear_un_Sistema_de_Vigilancia_Epidemiologica/textarea_Fecha Seguimiento_form_popupInscritostabtablaSeguimientoj_idt197"), "pruebas k"): Unable to set text 'pruebas k' of object 'Object Repository/Modulo Pruebas SST/Crear_un_Sistema_de_Vigilancia_Epidemiologica/textarea_Fecha Seguimiento_form_popupInscritostabtablaSeguimientoj_idt197' (Root cause: com.kms.katalon.core.exception.StepFailedException: Unable to set text 'pruebas k' of object 'Object Repository/Modulo Pruebas SST/Crear_un_Sistema_de_Vigilancia_Epidemiologica/textarea_Fecha Seguimiento_form_popupInscritostabtablaSeguimientoj_idt197'
	at com.kms.katalon.core.webui.keyword.internal.WebUIKeywordMain.stepFailed(WebUIKeywordMain.groovy:64)
	at com.kms.katalon.core.webui.keyword.internal.WebUIKeywordMain.runKeyword(WebUIKeywordMain.groovy:26)
	at com.kms.katalon.core.webui.keyword.builtin.SetTextKeyword.setText(SetTextKeyword.groovy:66)
	at com.kms.katalon.core.webui.keyword.builtin.SetTextKeyword.execute(SetTextKeyword.groovy:37)
	at com.kms.katalon.core.keyword.internal.KeywordExecutor.executeKeywordForPlatform(KeywordExecutor.groovy:74)
	at com.kms.katalon.core.webui.keyword.WebUiBuiltInKeywords.setText(WebUiBuiltInKeywords.groovy:980)
	at com.kms.katalon.core.webui.keyword.WebUiBuiltInKeywords$setText$2.call(Unknown Source)
	at 5.1.7-Crear_un_Sistema_de_Vigilancia_Epidemiologica.run(5.1.7-Crear_un_Sistema_de_Vigilancia_Epidemiologica:134)
	at com.kms.katalon.core.main.ScriptEngine.run(ScriptEngine.java:194)
	at com.kms.katalon.core.main.ScriptEngine.runScriptAsRawText(ScriptEngine.java:119)
	at com.kms.katalon.core.main.TestCaseExecutor.runScript(TestCaseExecutor.java:442)
	at com.kms.katalon.core.main.TestCaseExecutor.doExecute(TestCaseExecutor.java:433)
	at com.kms.katalon.core.main.TestCaseExecutor.processExecutionPhase(TestCaseExecutor.java:412)
	at com.kms.katalon.core.main.TestCaseExecutor.accessMainPhase(TestCaseExecutor.java:404)
	at com.kms.katalon.core.main.TestCaseExecutor.execute(TestCaseExecutor.java:281)
	at com.kms.katalon.core.main.TestSuiteExecutor.accessTestCaseMainPhase(TestSuiteExecutor.java:202)
	at com.kms.katalon.core.main.TestSuiteExecutor.accessTestSuiteMainPhase(TestSuiteExecutor.java:164)
	at com.kms.katalon.core.main.TestSuiteExecutor.execute(TestSuiteExecutor.java:105)
	at com.kms.katalon.core.main.TestCaseMain.startTestSuite(TestCaseMain.java:181)
	at com.kms.katalon.core.main.TestCaseMain$startTestSuite$0.call(Unknown Source)
	at TempTestSuite1640798635364.run(TempTestSuite1640798635364.groovy:36)
Caused by: com.kms.katalon.core.webui.exception.WebElementNotFoundException: Web element with id: 'Object Repository/Modulo Pruebas SST/Crear_un_Sistema_de_Vigilancia_Epidemiologica/textarea_Fecha Seguimiento_form_popupInscritostabtablaSeguimientoj_idt197' located by '//textarea[@id='form_popupInscritos:tab:tablaSeguimiento:j_idt197']' not found
	at com.kms.katalon.core.webui.common.WebUiCommonHelper.findWebElement(WebUiCommonHelper.java:1368)
	at com.kms.katalon.core.webui.keyword.internal.WebUIAbstractKeyword.findWebElement(WebUIAbstractKeyword.groovy:27)
	at com.kms.katalon.core.webui.keyword.internal.WebUIAbstractKeyword.findWebElement(WebUIAbstractKeyword.groovy:26)
	at com.kms.katalon.core.webui.keyword.builtin.SetTextKeyword$_setText_closure1.doCall(SetTextKeyword.groovy:51)
	at com.kms.katalon.core.webui.keyword.builtin.SetTextKeyword$_setText_closure1.call(SetTextKeyword.groovy)
	at com.kms.katalon.core.webui.keyword.internal.WebUIKeywordMain.runKeyword(WebUIKeywordMain.groovy:20)
	at com.kms.katalon.core.webui.keyword.builtin.SetTextKeyword.setText(SetTextKeyword.groovy:66)
	at com.kms.katalon.core.webui.keyword.builtin.SetTextKeyword.execute(SetTextKeyword.groovy:37)
	at com.kms.katalon.core.keyword.internal.KeywordExecutor.executeKeywordForPlatform(KeywordExecutor.groovy:74)
	at com.kms.katalon.core.webui.keyword.WebUiBuiltInKeywords.setText(WebUiBuiltInKeywords.groovy:980)
	at com.kms.katalon.core.webui.keyword.WebUiBuiltInKeywords$setText$2.call(Unknown Source)
	at Script1639093749148.run(Script1639093749148.groovy:134)
	... 13 more
)

2021-12-29 12:43:14 - [MESSAGE][INFO] - Unable to find the element located by 'By.xpath: //textarea[@id='form_popupInscritos:tab:tablaSeguimiento:j_idt197']'. Please recheck the objects properties to make sure the desired element is located. 

2021-12-29 12:43:14 - [MESSAGE][FAILED] - Unable to set text 'pruebas k' of object 'Object Repository/Modulo Pruebas SST/Crear_un_Sistema_de_Vigilancia_Epidemiologica/textarea_Fecha Seguimiento_form_popupInscritostabtablaSeguimientoj_idt197' (Root cause: com.kms.katalon.core.exception.StepFailedException: Unable to set text 'pruebas k' of object 'Object Repository/Modulo Pruebas SST/Crear_un_Sistema_de_Vigilancia_Epidemiologica/textarea_Fecha Seguimiento_form_popupInscritostabtablaSeguimientoj_idt197'
	at com.kms.katalon.core.webui.keyword.internal.WebUIKeywordMain.stepFailed(WebUIKeywordMain.groovy:64)
	at com.kms.katalon.core.webui.keyword.internal.WebUIKeywordMain.runKeyword(WebUIKeywordMain.groovy:26)
	at com.kms.katalon.core.webui.keyword.builtin.SetTextKeyword.setText(SetTextKeyword.groovy:66)
	at com.kms.katalon.core.webui.keyword.builtin.SetTextKeyword.execute(SetTextKeyword.groovy:37)
	at com.kms.katalon.core.keyword.internal.KeywordExecutor.executeKeywordForPlatform(KeywordExecutor.groovy:74)
	at com.kms.katalon.core.webui.keyword.WebUiBuiltInKeywords.setText(WebUiBuiltInKeywords.groovy:980)
	at com.kms.katalon.core.webui.keyword.WebUiBuiltInKeywords$setText$2.call(Unknown Source)
	at 5.1.7-Crear_un_Sistema_de_Vigilancia_Epidemiologica.run(5.1.7-Crear_un_Sistema_de_Vigilancia_Epidemiologica:134)
	at com.kms.katalon.core.main.ScriptEngine.run(ScriptEngine.java:194)
	at com.kms.katalon.core.main.ScriptEngine.runScriptAsRawText(ScriptEngine.java:119)
	at com.kms.katalon.core.main.TestCaseExecutor.runScript(TestCaseExecutor.java:442)
	at com.kms.katalon.core.main.TestCaseExecutor.doExecute(TestCaseExecutor.java:433)
	at com.kms.katalon.core.main.TestCaseExecutor.processExecutionPhase(TestCaseExecutor.java:412)
	at com.kms.katalon.core.main.TestCaseExecutor.accessMainPhase(TestCaseExecutor.java:404)
	at com.kms.katalon.core.main.TestCaseExecutor.execute(TestCaseExecutor.java:281)
	at com.kms.katalon.core.main.TestSuiteExecutor.accessTestCaseMainPhase(TestSuiteExecutor.java:202)
	at com.kms.katalon.core.main.TestSuiteExecutor.accessTestSuiteMainPhase(TestSuiteExecutor.java:164)
	at com.kms.katalon.core.main.TestSuiteExecutor.execute(TestSuiteExecutor.java:105)
	at com.kms.katalon.core.main.TestCaseMain.startTestSuite(TestCaseMain.java:181)
	at com.kms.katalon.core.main.TestCaseMain$startTestSuite$0.call(Unknown Source)
	at TempTestSuite1640798635364.run(TempTestSuite1640798635364.groovy:36)
Caused by: com.kms.katalon.core.webui.exception.WebElementNotFoundException: Web element with id: 'Object Repository/Modulo Pruebas SST/Crear_un_Sistema_de_Vigilancia_Epidemiologica/textarea_Fecha Seguimiento_form_popupInscritostabtablaSeguimientoj_idt197' located by '//textarea[@id='form_popupInscritos:tab:tablaSeguimiento:j_idt197']' not found
	at com.kms.katalon.core.webui.common.WebUiCommonHelper.findWebElement(WebUiCommonHelper.java:1368)
	at com.kms.katalon.core.webui.keyword.internal.WebUIAbstractKeyword.findWebElement(WebUIAbstractKeyword.groovy:27)
	at com.kms.katalon.core.webui.keyword.internal.WebUIAbstractKeyword.findWebElement(WebUIAbstractKeyword.groovy:26)
	at com.kms.katalon.core.webui.keyword.builtin.SetTextKeyword$_setText_closure1.doCall(SetTextKeyword.groovy:51)
	at com.kms.katalon.core.webui.keyword.builtin.SetTextKeyword$_setText_closure1.call(SetTextKeyword.groovy)
	at com.kms.katalon.core.webui.keyword.internal.WebUIKeywordMain.runKeyword(WebUIKeywordMain.groovy:20)
	at com.kms.katalon.core.webui.keyword.builtin.SetTextKeyword.setText(SetTextKeyword.groovy:66)
	at com.kms.katalon.core.webui.keyword.builtin.SetTextKeyword.execute(SetTextKeyword.groovy:37)
	at com.kms.katalon.core.keyword.internal.KeywordExecutor.executeKeywordForPlatform(KeywordExecutor.groovy:74)
	at com.kms.katalon.core.webui.keyword.WebUiBuiltInKeywords.setText(WebUiBuiltInKeywords.groovy:980)
	at com.kms.katalon.core.webui.keyword.WebUiBuiltInKeywords$setText$2.call(Unknown Source)
	at Script1639093749148.run(Script1639093749148.groovy:134)
	... 13 more
)
[[ATTACHMENT|C:\\Users\\diego.rojas\\git\\Pruebas-Minimas\\Reports\\20211229_122339\\5-Pruebas SST\\20211229_122355\\1640799794519.png]]]]></system-out>
         <system-err><![CDATA[2021-12-29 12:41:48 - [TEST_CASE][FAILED] - Test Cases/5.1-Pruebas_SST/5.1.7-Crear_un_Sistema_de_Vigilancia_Epidemiologica: Test Cases/5.1-Pruebas_SST/5.1.7-Crear_un_Sistema_de_Vigilancia_Epidemiologica FAILED.
Reason:
com.kms.katalon.core.exception.StepFailedException: Unable to set text 'pruebas k' of object 'Object Repository/Modulo Pruebas SST/Crear_un_Sistema_de_Vigilancia_Epidemiologica/textarea_Fecha Seguimiento_form_popupInscritostabtablaSeguimientoj_idt197'
	at com.kms.katalon.core.webui.keyword.internal.WebUIKeywordMain.stepFailed(WebUIKeywordMain.groovy:64)
	at com.kms.katalon.core.webui.keyword.internal.WebUIKeywordMain.runKeyword(WebUIKeywordMain.groovy:26)
	at com.kms.katalon.core.webui.keyword.builtin.SetTextKeyword.setText(SetTextKeyword.groovy:66)
	at com.kms.katalon.core.webui.keyword.builtin.SetTextKeyword.execute(SetTextKeyword.groovy:37)
	at com.kms.katalon.core.keyword.internal.KeywordExecutor.executeKeywordForPlatform(KeywordExecutor.groovy:74)
	at com.kms.katalon.core.webui.keyword.WebUiBuiltInKeywords.setText(WebUiBuiltInKeywords.groovy:980)
	at com.kms.katalon.core.webui.keyword.WebUiBuiltInKeywords$setText$2.call(Unknown Source)
	at 5.1.7-Crear_un_Sistema_de_Vigilancia_Epidemiologica.run(5.1.7-Crear_un_Sistema_de_Vigilancia_Epidemiologica:134)
	at com.kms.katalon.core.main.ScriptEngine.run(ScriptEngine.java:194)
	at com.kms.katalon.core.main.ScriptEngine.runScriptAsRawText(ScriptEngine.java:119)
	at com.kms.katalon.core.main.TestCaseExecutor.runScript(TestCaseExecutor.java:442)
	at com.kms.katalon.core.main.TestCaseExecutor.doExecute(TestCaseExecutor.java:433)
	at com.kms.katalon.core.main.TestCaseExecutor.processExecutionPhase(TestCaseExecutor.java:412)
	at com.kms.katalon.core.main.TestCaseExecutor.accessMainPhase(TestCaseExecutor.java:404)
	at com.kms.katalon.core.main.TestCaseExecutor.execute(TestCaseExecutor.java:281)
	at com.kms.katalon.core.main.TestSuiteExecutor.accessTestCaseMainPhase(TestSuiteExecutor.java:202)
	at com.kms.katalon.core.main.TestSuiteExecutor.accessTestSuiteMainPhase(TestSuiteExecutor.java:164)
	at com.kms.katalon.core.main.TestSuiteExecutor.execute(TestSuiteExecutor.java:105)
	at com.kms.katalon.core.main.TestCaseMain.startTestSuite(TestCaseMain.java:181)
	at com.kms.katalon.core.main.TestCaseMain$startTestSuite$0.call(Unknown Source)
	at TempTestSuite1640798635364.run(TempTestSuite1640798635364.groovy:36)
Caused by: com.kms.katalon.core.webui.exception.WebElementNotFoundException: Web element with id: 'Object Repository/Modulo Pruebas SST/Crear_un_Sistema_de_Vigilancia_Epidemiologica/textarea_Fecha Seguimiento_form_popupInscritostabtablaSeguimientoj_idt197' located by '//textarea[@id='form_popupInscritos:tab:tablaSeguimiento:j_idt197']' not found
	at com.kms.katalon.core.webui.common.WebUiCommonHelper.findWebElement(WebUiCommonHelper.java:1368)
	at com.kms.katalon.core.webui.keyword.internal.WebUIAbstractKeyword.findWebElement(WebUIAbstractKeyword.groovy:27)
	at com.kms.katalon.core.webui.keyword.internal.WebUIAbstractKeyword.findWebElement(WebUIAbstractKeyword.groovy:26)
	at com.kms.katalon.core.webui.keyword.builtin.SetTextKeyword$_setText_closure1.doCall(SetTextKeyword.groovy:51)
	at com.kms.katalon.core.webui.keyword.builtin.SetTextKeyword$_setText_closure1.call(SetTextKeyword.groovy)
	at com.kms.katalon.core.webui.keyword.internal.WebUIKeywordMain.runKeyword(WebUIKeywordMain.groovy:20)
	... 19 more]]></system-err>
      </testcase>
      <testcase name="Test Cases/5.1-Pruebas_SST/5.1.8-Crear_plan_de_trabajo_anual" time="57.41" classname="Test Cases/5.1-Pruebas_SST/5.1.8-Crear_plan_de_trabajo_anual" status="FAILED">
         <failure type="FAILED" message="Test Cases/5.1-Pruebas_SST/5.1.8-Crear_plan_de_trabajo_anual FAILED.
Reason:
com.kms.katalon.core.exception.StepFailedException: Unable to click on object 'Object Repository/Modulo Pruebas SST/Crear_plan_de_trabajo_anual/a_Aceptar'
	at com.kms.katalon.core.webui.keyword.internal.WebUIKeywordMain.stepFailed(WebUIKeywordMain.groovy:64)
	at com.kms.katalon.core.webui.keyword.internal.WebUIKeywordMain.runKeyword(WebUIKeywordMain.groovy:26)
	at com.kms.katalon.core.webui.keyword.builtin.ClickKeyword.click(ClickKeyword.groovy:74)
	at com.kms.katalon.core.webui.keyword.builtin.ClickKeyword.execute(ClickKeyword.groovy:40)
	at com.kms.katalon.core.keyword.internal.KeywordExecutor.executeKeywordForPlatform(KeywordExecutor.groovy:74)
	at com.kms.katalon.core.webui.keyword.WebUiBuiltInKeywords.click(WebUiBuiltInKeywords.groovy:620)
	at com.kms.katalon.core.webui.keyword.WebUiBuiltInKeywords$click$5.call(Unknown Source)
	at 5.1.8-Crear_plan_de_trabajo_anual.run(5.1.8-Crear_plan_de_trabajo_anual:74)
	at com.kms.katalon.core.main.ScriptEngine.run(ScriptEngine.java:194)
	at com.kms.katalon.core.main.ScriptEngine.runScriptAsRawText(ScriptEngine.java:119)
	at com.kms.katalon.core.main.TestCaseExecutor.runScript(TestCaseExecutor.java:442)
	at com.kms.katalon.core.main.TestCaseExecutor.doExecute(TestCaseExecutor.java:433)
	at com.kms.katalon.core.main.TestCaseExecutor.processExecutionPhase(TestCaseExecutor.java:412)
	at com.kms.katalon.core.main.TestCaseExecutor.accessMainPhase(TestCaseExecutor.java:404)
	at com.kms.katalon.core.main.TestCaseExecutor.execute(TestCaseExecutor.java:281)
	at com.kms.katalon.core.main.TestSuiteExecutor.accessTestCaseMainPhase(TestSuiteExecutor.java:202)
	at com.kms.katalon.core.main.TestSuiteExecutor.accessTestSuiteMainPhase(TestSuiteExecutor.java:164)
	at com.kms.katalon.core.main.TestSuiteExecutor.execute(TestSuiteExecutor.java:105)
	at com.kms.katalon.core.main.TestCaseMain.startTestSuite(TestCaseMain.java:181)
	at com.kms.katalon.core.main.TestCaseMain$startTestSuite$0.call(Unknown Source)
	at TempTestSuite1640798635364.run(TempTestSuite1640798635364.groovy:36)
Caused by: com.kms.katalon.core.webui.exception.WebElementNotFoundException: Web element with id: 'Object Repository/Modulo Pruebas SST/Crear_plan_de_trabajo_anual/a_Aceptar' located by '//a[contains(text(),'Aceptar')]' not found
	at com.kms.katalon.core.webui.common.WebUiCommonHelper.findWebElement(WebUiCommonHelper.java:1368)
	at com.kms.katalon.core.webui.keyword.internal.WebUIAbstractKeyword.findWebElement(WebUIAbstractKeyword.groovy:27)
	at com.kms.katalon.core.webui.keyword.builtin.ClickKeyword$_click_closure1.doCall(ClickKeyword.groovy:65)
	at com.kms.katalon.core.webui.keyword.builtin.ClickKeyword$_click_closure1.call(ClickKeyword.groovy)
	at com.kms.katalon.core.webui.keyword.internal.WebUIKeywordMain.runKeyword(WebUIKeywordMain.groovy:20)
	... 19 more
"/>
         <system-out><![CDATA[2021-12-29 12:43:14 - [TEST_CASE][FAILED] - Test Cases/5.1-Pruebas_SST/5.1.8-Crear_plan_de_trabajo_anual: Test Cases/5.1-Pruebas_SST/5.1.8-Crear_plan_de_trabajo_anual FAILED.
Reason:
com.kms.katalon.core.exception.StepFailedException: Unable to click on object 'Object Repository/Modulo Pruebas SST/Crear_plan_de_trabajo_anual/a_Aceptar'
	at com.kms.katalon.core.webui.keyword.internal.WebUIKeywordMain.stepFailed(WebUIKeywordMain.groovy:64)
	at com.kms.katalon.core.webui.keyword.internal.WebUIKeywordMain.runKeyword(WebUIKeywordMain.groovy:26)
	at com.kms.katalon.core.webui.keyword.builtin.ClickKeyword.click(ClickKeyword.groovy:74)
	at com.kms.katalon.core.webui.keyword.builtin.ClickKeyword.execute(ClickKeyword.groovy:40)
	at com.kms.katalon.core.keyword.internal.KeywordExecutor.executeKeywordForPlatform(KeywordExecutor.groovy:74)
	at com.kms.katalon.core.webui.keyword.WebUiBuiltInKeywords.click(WebUiBuiltInKeywords.groovy:620)
	at com.kms.katalon.core.webui.keyword.WebUiBuiltInKeywords$click$5.call(Unknown Source)
	at 5.1.8-Crear_plan_de_trabajo_anual.run(5.1.8-Crear_plan_de_trabajo_anual:74)
	at com.kms.katalon.core.main.ScriptEngine.run(ScriptEngine.java:194)
	at com.kms.katalon.core.main.ScriptEngine.runScriptAsRawText(ScriptEngine.java:119)
	at com.kms.katalon.core.main.TestCaseExecutor.runScript(TestCaseExecutor.java:442)
	at com.kms.katalon.core.main.TestCaseExecutor.doExecute(TestCaseExecutor.java:433)
	at com.kms.katalon.core.main.TestCaseExecutor.processExecutionPhase(TestCaseExecutor.java:412)
	at com.kms.katalon.core.main.TestCaseExecutor.accessMainPhase(TestCaseExecutor.java:404)
	at com.kms.katalon.core.main.TestCaseExecutor.execute(TestCaseExecutor.java:281)
	at com.kms.katalon.core.main.TestSuiteExecutor.accessTestCaseMainPhase(TestSuiteExecutor.java:202)
	at com.kms.katalon.core.main.TestSuiteExecutor.accessTestSuiteMainPhase(TestSuiteExecutor.java:164)
	at com.kms.katalon.core.main.TestSuiteExecutor.execute(TestSuiteExecutor.java:105)
	at com.kms.katalon.core.main.TestCaseMain.startTestSuite(TestCaseMain.java:181)
	at com.kms.katalon.core.main.TestCaseMain$startTestSuite$0.call(Unknown Source)
	at TempTestSuite1640798635364.run(TempTestSuite1640798635364.groovy:36)
Caused by: com.kms.katalon.core.webui.exception.WebElementNotFoundException: Web element with id: 'Object Repository/Modulo Pruebas SST/Crear_plan_de_trabajo_anual/a_Aceptar' located by '//a[contains(text(),'Aceptar')]' not found
	at com.kms.katalon.core.webui.common.WebUiCommonHelper.findWebElement(WebUiCommonHelper.java:1368)
	at com.kms.katalon.core.webui.keyword.internal.WebUIAbstractKeyword.findWebElement(WebUIAbstractKeyword.groovy:27)
	at com.kms.katalon.core.webui.keyword.builtin.ClickKeyword$_click_closure1.doCall(ClickKeyword.groovy:65)
	at com.kms.katalon.core.webui.keyword.builtin.ClickKeyword$_click_closure1.call(ClickKeyword.groovy)
	at com.kms.katalon.core.webui.keyword.internal.WebUIKeywordMain.runKeyword(WebUIKeywordMain.groovy:20)
	... 19 more


2021-12-29 12:43:15 - [TEST_STEP][PASSED] - callTestCase(findTestCase("0.1-Login"), [:], STOP_ON_FAILURE): Call Test Case 'Test Cases/0.1-Login' successfully

2021-12-29 12:43:15 - [TEST_CASE][PASSED] - Test Cases/0.1-Login: Test Cases/0.1-Login

2021-12-29 12:43:15 - [TEST_STEP][PASSED] - openBrowser(""): Browser is opened with url: ''

2021-12-29 12:43:15 - [MESSAGE][WARNING] - A browser is already opened. Closing browser and opening a new one

2021-12-29 12:43:15 - [MESSAGE][INFO] - Starting 'Chrome' driver

2021-12-29 12:43:15 - [MESSAGE][INFO] - Action delay is set to 0 milliseconds

2021-12-29 12:43:17 - [MESSAGE][PASSED] - Browser is opened with url: ''

2021-12-29 12:43:17 - [TEST_STEP][PASSED] - maximizeWindow(): Current window maximized

2021-12-29 12:43:17 - [MESSAGE][PASSED] - Current window maximized

2021-12-29 12:43:17 - [TEST_STEP][PASSED] - i = G_Login: null

2021-12-29 12:43:17 - [TEST_STEP][PASSED] - url = new java.net.URL(i): null

2021-12-29 12:43:17 - [TEST_STEP][PASSED] - println("URL: " + url.toString()): null

2021-12-29 12:43:17 - [TEST_STEP][PASSED] - connection = url.openConnection(): null

2021-12-29 12:43:17 - [TEST_STEP][PASSED] - connection.setRequestMethod("GET"): null

2021-12-29 12:43:17 - [TEST_STEP][PASSED] - connection.setReadTimeout(2 * 1000): null

2021-12-29 12:43:17 - [TEST_STEP][PASSED] - try: null

2021-12-29 12:43:17 - [TEST_STEP][PASSED] - connection.connect(): null

2021-12-29 12:43:17 - [TEST_STEP][PASSED] - flag = connected: null

2021-12-29 12:43:17 - [TEST_STEP][PASSED] - println("Valor_ori: " + flag): null

2021-12-29 12:43:17 - [TEST_STEP][PASSED] - if (flag): null

2021-12-29 12:43:17 - [TEST_STEP][PASSED] - navigateToUrl(i): Navigate to 'http://192.168.2.80:8380/saraweb' successfully

2021-12-29 12:43:18 - [MESSAGE][PASSED] - Navigate to 'http://192.168.2.80:8380/saraweb' successfully

2021-12-29 12:43:18 - [TEST_STEP][PASSED] - a(): null

2021-12-29 12:43:18 - [TEST_STEP][PASSED] - setText(findTestObject("Login/input_USUARIO_loginusuario"), G_Usuario): Text 'saraadmin' is set on object 'Object Repository/Login/input_USUARIO_loginusuario'

2021-12-29 12:43:19 - [MESSAGE][PASSED] - Text 'saraadmin' is set on object 'Object Repository/Login/input_USUARIO_loginusuario'

2021-12-29 12:43:19 - [TEST_STEP][PASSED] - setEncryptedText(findTestObject("Login/input_CLAVE_loginpassword"), "MkG4/TYiCFC3cb2driP7+Q=="): Text ****** has been set on object 'Object Repository/Login/input_CLAVE_loginpassword'

2021-12-29 12:43:19 - [MESSAGE][PASSED] - Text ****** has been set on object 'Object Repository/Login/input_CLAVE_loginpassword'

2021-12-29 12:43:19 - [TEST_STEP][PASSED] - waitForElementClickable(findTestObject("Login/a_Ingresar"), G_TimeOut): Object 'Object Repository/Login/a_Ingresar' is clickable

2021-12-29 12:43:19 - [MESSAGE][PASSED] - Object 'Object Repository/Login/a_Ingresar' is clickable

2021-12-29 12:43:19 - [TEST_STEP][PASSED] - click(findTestObject("Login/a_Ingresar")): Object: 'Object Repository/Login/a_Ingresar' is clicked on

2021-12-29 12:43:22 - [MESSAGE][PASSED] - Object: 'Object Repository/Login/a_Ingresar' is clicked on

2021-12-29 12:43:22 - [TEST_STEP][PASSED] - element = findWebElement(findTestObject("Login/a_Ir"), 30): null

2021-12-29 12:43:22 - [TEST_STEP][PASSED] - executeJavaScript("arguments[0].click()", Arrays.asList(element)): Execute JavaScript 'arguments[0].click()' successfully

2021-12-29 12:43:22 - [MESSAGE][PASSED] - Execute JavaScript 'arguments[0].click()' successfully

2021-12-29 12:43:22 - [MESSAGE][PASSED] - Call Test Case 'Test Cases/0.1-Login' successfully

2021-12-29 12:43:22 - [TEST_STEP][PASSED] - setText(findTestObject("Modulo Pruebas SST/Crear_plan_de_trabajo_anual/input_ADMINISTRADOR DEL SISTEMA - SARA_form_templatej_idt24_input"), "Plan de trabajo anual"): Text 'Plan de trabajo anual' is set on object 'Object Repository/Modulo Pruebas SST/Crear_plan_de_trabajo_anual/input_ADMINISTRADOR DEL SISTEMA - SARA_form_templatej_idt24_input'

2021-12-29 12:43:23 - [MESSAGE][PASSED] - Text 'Plan de trabajo anual' is set on object 'Object Repository/Modulo Pruebas SST/Crear_plan_de_trabajo_anual/input_ADMINISTRADOR DEL SISTEMA - SARA_form_templatej_idt24_input'

2021-12-29 12:43:23 - [TEST_STEP][PASSED] - click(findTestObject("Modulo Pruebas SST/Crear_plan_de_trabajo_anual/li_Plan de Trabajo Anual (sst)")): Object: 'Object Repository/Modulo Pruebas SST/Crear_plan_de_trabajo_anual/li_Plan de Trabajo Anual (sst)' is clicked on

2021-12-29 12:43:25 - [MESSAGE][PASSED] - Object: 'Object Repository/Modulo Pruebas SST/Crear_plan_de_trabajo_anual/li_Plan de Trabajo Anual (sst)' is clicked on

2021-12-29 12:43:25 - [TEST_STEP][PASSED] - if (waitForElementPresent(findTestObject("Modulo Pruebas SST/Crear_plan_de_trabajo_anual/td_pruebas katalon"), 1)): null

2021-12-29 12:43:27 - [MESSAGE][PASSED] - Object 'Object Repository/Modulo Pruebas SST/Crear_plan_de_trabajo_anual/td_pruebas katalon' is present

2021-12-29 12:43:27 - [TEST_STEP][PASSED] - click(findTestObject("Modulo Pruebas SST/Crear_plan_de_trabajo_anual/td_pruebas katalon")): Object: 'Object Repository/Modulo Pruebas SST/Crear_plan_de_trabajo_anual/td_pruebas katalon' is clicked on

2021-12-29 12:43:28 - [MESSAGE][PASSED] - Object: 'Object Repository/Modulo Pruebas SST/Crear_plan_de_trabajo_anual/td_pruebas katalon' is clicked on

2021-12-29 12:43:28 - [TEST_STEP][PASSED] - click(findTestObject("Modulo Pruebas SST/Crear_plan_de_trabajo_anual/a_Objetivos")): Object: 'Object Repository/Modulo Pruebas SST/Crear_plan_de_trabajo_anual/a_Objetivos' is clicked on

2021-12-29 12:43:28 - [MESSAGE][PASSED] - Object: 'Object Repository/Modulo Pruebas SST/Crear_plan_de_trabajo_anual/a_Objetivos' is clicked on

2021-12-29 12:43:28 - [TEST_STEP][PASSED] - if (waitForElementPresent(findTestObject("Modulo Pruebas SST/Crear_plan_de_trabajo_anual/td_BASE LEGAL"), 1)): null

2021-12-29 12:43:29 - [MESSAGE][PASSED] - Object 'Object Repository/Modulo Pruebas SST/Crear_plan_de_trabajo_anual/td_BASE LEGAL' is present

2021-12-29 12:43:29 - [TEST_STEP][PASSED] - click(findTestObject("Modulo Pruebas SST/Crear_plan_de_trabajo_anual/td_BASE LEGAL")): Object: 'Object Repository/Modulo Pruebas SST/Crear_plan_de_trabajo_anual/td_BASE LEGAL' is clicked on

2021-12-29 12:43:29 - [MESSAGE][PASSED] - Object: 'Object Repository/Modulo Pruebas SST/Crear_plan_de_trabajo_anual/td_BASE LEGAL' is clicked on

2021-12-29 12:43:29 - [TEST_STEP][PASSED] - click(findTestObject("Modulo Pruebas SST/Crear_plan_de_trabajo_anual/a_Actividades")): Object: 'Object Repository/Modulo Pruebas SST/Crear_plan_de_trabajo_anual/a_Actividades' is clicked on

2021-12-29 12:43:30 - [MESSAGE][PASSED] - Object: 'Object Repository/Modulo Pruebas SST/Crear_plan_de_trabajo_anual/a_Actividades' is clicked on

2021-12-29 12:43:30 - [TEST_STEP][PASSED] - if (waitForElementPresent(findTestObject("Modulo Pruebas SST/Crear_plan_de_trabajo_anual/td_pruebas k"), 1)): null

2021-12-29 12:43:31 - [MESSAGE][PASSED] - Object 'Object Repository/Modulo Pruebas SST/Crear_plan_de_trabajo_anual/td_pruebas k' is present

2021-12-29 12:43:31 - [TEST_STEP][PASSED] - click(findTestObject("Modulo Pruebas SST/Crear_plan_de_trabajo_anual/td_pruebas k")): Object: 'Object Repository/Modulo Pruebas SST/Crear_plan_de_trabajo_anual/td_pruebas k' is clicked on

2021-12-29 12:43:31 - [MESSAGE][PASSED] - Object: 'Object Repository/Modulo Pruebas SST/Crear_plan_de_trabajo_anual/td_pruebas k' is clicked on

2021-12-29 12:43:31 - [TEST_STEP][PASSED] - if (waitForElementPresent(findTestObject("Modulo Pruebas SST/Crear_plan_de_trabajo_anual/a_Anexos"), 1)): null

2021-12-29 12:43:32 - [MESSAGE][PASSED] - Object 'Object Repository/Modulo Pruebas SST/Crear_plan_de_trabajo_anual/a_Anexos' is present

2021-12-29 12:43:32 - [TEST_STEP][PASSED] - click(findTestObject("Modulo Pruebas SST/Crear_plan_de_trabajo_anual/a_Anexos")): Object: 'Object Repository/Modulo Pruebas SST/Crear_plan_de_trabajo_anual/a_Anexos' is clicked on

2021-12-29 12:43:32 - [MESSAGE][PASSED] - Object: 'Object Repository/Modulo Pruebas SST/Crear_plan_de_trabajo_anual/a_Anexos' is clicked on

2021-12-29 12:43:32 - [TEST_STEP][PASSED] - if (waitForElementPresent(findTestObject("Modulo Pruebas SST/Crear_plan_de_trabajo_anual/a_prueba.pdf_form_actividadesObjetivosPlanTrabajotabsActividadestablaAnexos0j_idt769"), 1)): Object 'Object Repository/Modulo Pruebas SST/Crear_plan_de_trabajo_anual/a_prueba.pdf_form_actividadesObjetivosPlanTrabajotabsActividadestablaAnexos0j_idt769' is not present after 1 second(s)

2021-12-29 12:43:34 - [MESSAGE][INFO] - Unable to find the element located by 'By.xpath: //a[@id='form_actividadesObjetivosPlanTrabajo:tabsActividades:tablaAnexos:0:j_idt769']'. Please recheck the objects properties to make sure the desired element is located. 

2021-12-29 12:43:34 - [MESSAGE][WARNING] - Object 'Object Repository/Modulo Pruebas SST/Crear_plan_de_trabajo_anual/a_prueba.pdf_form_actividadesObjetivosPlanTrabajotabsActividadestablaAnexos0j_idt769' is not present after 1 second(s)

2021-12-29 12:43:34 - [TEST_STEP][PASSED] - if (waitForElementPresent(findTestObject("Modulo Pruebas SST/Crear_plan_de_trabajo_anual/a_Cronograma"), 1)): null

2021-12-29 12:43:35 - [MESSAGE][PASSED] - Object 'Object Repository/Modulo Pruebas SST/Crear_plan_de_trabajo_anual/a_Cronograma' is present

2021-12-29 12:43:35 - [TEST_STEP][PASSED] - click(findTestObject("Modulo Pruebas SST/Crear_plan_de_trabajo_anual/a_Cronograma")): Object: 'Object Repository/Modulo Pruebas SST/Crear_plan_de_trabajo_anual/a_Cronograma' is clicked on

2021-12-29 12:43:35 - [MESSAGE][PASSED] - Object: 'Object Repository/Modulo Pruebas SST/Crear_plan_de_trabajo_anual/a_Cronograma' is clicked on

2021-12-29 12:43:35 - [TEST_STEP][PASSED] - if (waitForElementVisible(findTestObject("Modulo Pruebas SST/Crear_plan_de_trabajo_anual/td_Programado0"), 1)): null

2021-12-29 12:43:36 - [MESSAGE][PASSED] - Object 'Object Repository/Modulo Pruebas SST/Crear_plan_de_trabajo_anual/td_Programado0' is visible

2021-12-29 12:43:36 - [TEST_STEP][PASSED] - click(findTestObject("Modulo Pruebas SST/Crear_plan_de_trabajo_anual/td_Programado0")): Object: 'Object Repository/Modulo Pruebas SST/Crear_plan_de_trabajo_anual/td_Programado0' is clicked on

2021-12-29 12:43:36 - [MESSAGE][PASSED] - Object: 'Object Repository/Modulo Pruebas SST/Crear_plan_de_trabajo_anual/td_Programado0' is clicked on

2021-12-29 12:43:36 - [TEST_STEP][PASSED] - click(findTestObject("Modulo Pruebas SST/Crear_plan_de_trabajo_anual/a_Eliminar")): Object: 'Object Repository/Modulo Pruebas SST/Crear_plan_de_trabajo_anual/a_Eliminar' is clicked on

2021-12-29 12:43:37 - [MESSAGE][PASSED] - Object: 'Object Repository/Modulo Pruebas SST/Crear_plan_de_trabajo_anual/a_Eliminar' is clicked on

2021-12-29 12:43:37 - [TEST_STEP][PASSED] - click(findTestObject("Modulo Pruebas SST/Crear_plan_de_trabajo_anual/a_Aceptar")): Object: 'Object Repository/Modulo Pruebas SST/Crear_plan_de_trabajo_anual/a_Aceptar' is clicked on

2021-12-29 12:43:38 - [MESSAGE][PASSED] - Object: 'Object Repository/Modulo Pruebas SST/Crear_plan_de_trabajo_anual/a_Aceptar' is clicked on

2021-12-29 12:43:38 - [TEST_STEP][PASSED] - if (waitForElementPresent(findTestObject("Modulo Pruebas SST/Crear_plan_de_trabajo_anual/a_Responsable"), 1)): null

2021-12-29 12:43:39 - [MESSAGE][PASSED] - Object 'Object Repository/Modulo Pruebas SST/Crear_plan_de_trabajo_anual/a_Responsable' is present

2021-12-29 12:43:39 - [TEST_STEP][PASSED] - click(findTestObject("Modulo Pruebas SST/Crear_plan_de_trabajo_anual/a_Responsable")): Object: 'Object Repository/Modulo Pruebas SST/Crear_plan_de_trabajo_anual/a_Responsable' is clicked on

2021-12-29 12:43:39 - [MESSAGE][PASSED] - Object: 'Object Repository/Modulo Pruebas SST/Crear_plan_de_trabajo_anual/a_Responsable' is clicked on

2021-12-29 12:43:39 - [TEST_STEP][PASSED] - if (waitForElementPresent(findTestObject("Modulo Pruebas SST/Crear_plan_de_trabajo_anual/a_A A A_form_actividadesObjetivosPlanTrabajotabsActividadestabla_responsables0j_idt714"), 1)): null

2021-12-29 12:43:40 - [MESSAGE][PASSED] - Object 'Object Repository/Modulo Pruebas SST/Crear_plan_de_trabajo_anual/a_A A A_form_actividadesObjetivosPlanTrabajotabsActividadestabla_responsables0j_idt714' is present

2021-12-29 12:43:40 - [TEST_STEP][PASSED] - click(findTestObject("Modulo Pruebas SST/Crear_plan_de_trabajo_anual/a_A A A_form_actividadesObjetivosPlanTrabajotabsActividadestabla_responsables0j_idt714")): Object: 'Object Repository/Modulo Pruebas SST/Crear_plan_de_trabajo_anual/a_A A A_form_actividadesObjetivosPlanTrabajotabsActividadestabla_responsables0j_idt714' is clicked on

2021-12-29 12:43:40 - [MESSAGE][PASSED] - Object: 'Object Repository/Modulo Pruebas SST/Crear_plan_de_trabajo_anual/a_A A A_form_actividadesObjetivosPlanTrabajotabsActividadestabla_responsables0j_idt714' is clicked on

2021-12-29 12:43:40 - [TEST_STEP][FAILED] - click(findTestObject("Modulo Pruebas SST/Crear_plan_de_trabajo_anual/a_Aceptar")): Unable to click on object 'Object Repository/Modulo Pruebas SST/Crear_plan_de_trabajo_anual/a_Aceptar' (Root cause: com.kms.katalon.core.exception.StepFailedException: Unable to click on object 'Object Repository/Modulo Pruebas SST/Crear_plan_de_trabajo_anual/a_Aceptar'
	at com.kms.katalon.core.webui.keyword.internal.WebUIKeywordMain.stepFailed(WebUIKeywordMain.groovy:64)
	at com.kms.katalon.core.webui.keyword.internal.WebUIKeywordMain.runKeyword(WebUIKeywordMain.groovy:26)
	at com.kms.katalon.core.webui.keyword.builtin.ClickKeyword.click(ClickKeyword.groovy:74)
	at com.kms.katalon.core.webui.keyword.builtin.ClickKeyword.execute(ClickKeyword.groovy:40)
	at com.kms.katalon.core.keyword.internal.KeywordExecutor.executeKeywordForPlatform(KeywordExecutor.groovy:74)
	at com.kms.katalon.core.webui.keyword.WebUiBuiltInKeywords.click(WebUiBuiltInKeywords.groovy:620)
	at com.kms.katalon.core.webui.keyword.WebUiBuiltInKeywords$click$5.call(Unknown Source)
	at 5.1.8-Crear_plan_de_trabajo_anual.run(5.1.8-Crear_plan_de_trabajo_anual:74)
	at com.kms.katalon.core.main.ScriptEngine.run(ScriptEngine.java:194)
	at com.kms.katalon.core.main.ScriptEngine.runScriptAsRawText(ScriptEngine.java:119)
	at com.kms.katalon.core.main.TestCaseExecutor.runScript(TestCaseExecutor.java:442)
	at com.kms.katalon.core.main.TestCaseExecutor.doExecute(TestCaseExecutor.java:433)
	at com.kms.katalon.core.main.TestCaseExecutor.processExecutionPhase(TestCaseExecutor.java:412)
	at com.kms.katalon.core.main.TestCaseExecutor.accessMainPhase(TestCaseExecutor.java:404)
	at com.kms.katalon.core.main.TestCaseExecutor.execute(TestCaseExecutor.java:281)
	at com.kms.katalon.core.main.TestSuiteExecutor.accessTestCaseMainPhase(TestSuiteExecutor.java:202)
	at com.kms.katalon.core.main.TestSuiteExecutor.accessTestSuiteMainPhase(TestSuiteExecutor.java:164)
	at com.kms.katalon.core.main.TestSuiteExecutor.execute(TestSuiteExecutor.java:105)
	at com.kms.katalon.core.main.TestCaseMain.startTestSuite(TestCaseMain.java:181)
	at com.kms.katalon.core.main.TestCaseMain$startTestSuite$0.call(Unknown Source)
	at TempTestSuite1640798635364.run(TempTestSuite1640798635364.groovy:36)
Caused by: com.kms.katalon.core.webui.exception.WebElementNotFoundException: Web element with id: 'Object Repository/Modulo Pruebas SST/Crear_plan_de_trabajo_anual/a_Aceptar' located by '//a[contains(text(),'Aceptar')]' not found
	at com.kms.katalon.core.webui.common.WebUiCommonHelper.findWebElement(WebUiCommonHelper.java:1368)
	at com.kms.katalon.core.webui.keyword.internal.WebUIAbstractKeyword.findWebElement(WebUIAbstractKeyword.groovy:27)
	at com.kms.katalon.core.webui.keyword.builtin.ClickKeyword$_click_closure1.doCall(ClickKeyword.groovy:65)
	at com.kms.katalon.core.webui.keyword.builtin.ClickKeyword$_click_closure1.call(ClickKeyword.groovy)
	at com.kms.katalon.core.webui.keyword.internal.WebUIKeywordMain.runKeyword(WebUIKeywordMain.groovy:20)
	at com.kms.katalon.core.webui.keyword.builtin.ClickKeyword.click(ClickKeyword.groovy:74)
	at com.kms.katalon.core.webui.keyword.builtin.ClickKeyword.execute(ClickKeyword.groovy:40)
	at com.kms.katalon.core.keyword.internal.KeywordExecutor.executeKeywordForPlatform(KeywordExecutor.groovy:74)
	at com.kms.katalon.core.webui.keyword.WebUiBuiltInKeywords.click(WebUiBuiltInKeywords.groovy:620)
	at com.kms.katalon.core.webui.keyword.WebUiBuiltInKeywords$click$5.call(Unknown Source)
	at Script1639146962548.run(Script1639146962548.groovy:74)
	... 13 more
)

2021-12-29 12:44:11 - [MESSAGE][INFO] - Unable to find the element located by 'By.xpath: //a[contains(text(),'Aceptar')]'. Please recheck the objects properties to make sure the desired element is located. 

2021-12-29 12:44:12 - [MESSAGE][FAILED] - Unable to click on object 'Object Repository/Modulo Pruebas SST/Crear_plan_de_trabajo_anual/a_Aceptar' (Root cause: com.kms.katalon.core.exception.StepFailedException: Unable to click on object 'Object Repository/Modulo Pruebas SST/Crear_plan_de_trabajo_anual/a_Aceptar'
	at com.kms.katalon.core.webui.keyword.internal.WebUIKeywordMain.stepFailed(WebUIKeywordMain.groovy:64)
	at com.kms.katalon.core.webui.keyword.internal.WebUIKeywordMain.runKeyword(WebUIKeywordMain.groovy:26)
	at com.kms.katalon.core.webui.keyword.builtin.ClickKeyword.click(ClickKeyword.groovy:74)
	at com.kms.katalon.core.webui.keyword.builtin.ClickKeyword.execute(ClickKeyword.groovy:40)
	at com.kms.katalon.core.keyword.internal.KeywordExecutor.executeKeywordForPlatform(KeywordExecutor.groovy:74)
	at com.kms.katalon.core.webui.keyword.WebUiBuiltInKeywords.click(WebUiBuiltInKeywords.groovy:620)
	at com.kms.katalon.core.webui.keyword.WebUiBuiltInKeywords$click$5.call(Unknown Source)
	at 5.1.8-Crear_plan_de_trabajo_anual.run(5.1.8-Crear_plan_de_trabajo_anual:74)
	at com.kms.katalon.core.main.ScriptEngine.run(ScriptEngine.java:194)
	at com.kms.katalon.core.main.ScriptEngine.runScriptAsRawText(ScriptEngine.java:119)
	at com.kms.katalon.core.main.TestCaseExecutor.runScript(TestCaseExecutor.java:442)
	at com.kms.katalon.core.main.TestCaseExecutor.doExecute(TestCaseExecutor.java:433)
	at com.kms.katalon.core.main.TestCaseExecutor.processExecutionPhase(TestCaseExecutor.java:412)
	at com.kms.katalon.core.main.TestCaseExecutor.accessMainPhase(TestCaseExecutor.java:404)
	at com.kms.katalon.core.main.TestCaseExecutor.execute(TestCaseExecutor.java:281)
	at com.kms.katalon.core.main.TestSuiteExecutor.accessTestCaseMainPhase(TestSuiteExecutor.java:202)
	at com.kms.katalon.core.main.TestSuiteExecutor.accessTestSuiteMainPhase(TestSuiteExecutor.java:164)
	at com.kms.katalon.core.main.TestSuiteExecutor.execute(TestSuiteExecutor.java:105)
	at com.kms.katalon.core.main.TestCaseMain.startTestSuite(TestCaseMain.java:181)
	at com.kms.katalon.core.main.TestCaseMain$startTestSuite$0.call(Unknown Source)
	at TempTestSuite1640798635364.run(TempTestSuite1640798635364.groovy:36)
Caused by: com.kms.katalon.core.webui.exception.WebElementNotFoundException: Web element with id: 'Object Repository/Modulo Pruebas SST/Crear_plan_de_trabajo_anual/a_Aceptar' located by '//a[contains(text(),'Aceptar')]' not found
	at com.kms.katalon.core.webui.common.WebUiCommonHelper.findWebElement(WebUiCommonHelper.java:1368)
	at com.kms.katalon.core.webui.keyword.internal.WebUIAbstractKeyword.findWebElement(WebUIAbstractKeyword.groovy:27)
	at com.kms.katalon.core.webui.keyword.builtin.ClickKeyword$_click_closure1.doCall(ClickKeyword.groovy:65)
	at com.kms.katalon.core.webui.keyword.builtin.ClickKeyword$_click_closure1.call(ClickKeyword.groovy)
	at com.kms.katalon.core.webui.keyword.internal.WebUIKeywordMain.runKeyword(WebUIKeywordMain.groovy:20)
	at com.kms.katalon.core.webui.keyword.builtin.ClickKeyword.click(ClickKeyword.groovy:74)
	at com.kms.katalon.core.webui.keyword.builtin.ClickKeyword.execute(ClickKeyword.groovy:40)
	at com.kms.katalon.core.keyword.internal.KeywordExecutor.executeKeywordForPlatform(KeywordExecutor.groovy:74)
	at com.kms.katalon.core.webui.keyword.WebUiBuiltInKeywords.click(WebUiBuiltInKeywords.groovy:620)
	at com.kms.katalon.core.webui.keyword.WebUiBuiltInKeywords$click$5.call(Unknown Source)
	at Script1639146962548.run(Script1639146962548.groovy:74)
	... 13 more
)
[[ATTACHMENT|C:\\Users\\diego.rojas\\git\\Pruebas-Minimas\\Reports\\20211229_122339\\5-Pruebas SST\\20211229_122355\\1640799851931.png]]]]></system-out>
         <system-err><![CDATA[2021-12-29 12:43:14 - [TEST_CASE][FAILED] - Test Cases/5.1-Pruebas_SST/5.1.8-Crear_plan_de_trabajo_anual: Test Cases/5.1-Pruebas_SST/5.1.8-Crear_plan_de_trabajo_anual FAILED.
Reason:
com.kms.katalon.core.exception.StepFailedException: Unable to click on object 'Object Repository/Modulo Pruebas SST/Crear_plan_de_trabajo_anual/a_Aceptar'
	at com.kms.katalon.core.webui.keyword.internal.WebUIKeywordMain.stepFailed(WebUIKeywordMain.groovy:64)
	at com.kms.katalon.core.webui.keyword.internal.WebUIKeywordMain.runKeyword(WebUIKeywordMain.groovy:26)
	at com.kms.katalon.core.webui.keyword.builtin.ClickKeyword.click(ClickKeyword.groovy:74)
	at com.kms.katalon.core.webui.keyword.builtin.ClickKeyword.execute(ClickKeyword.groovy:40)
	at com.kms.katalon.core.keyword.internal.KeywordExecutor.executeKeywordForPlatform(KeywordExecutor.groovy:74)
	at com.kms.katalon.core.webui.keyword.WebUiBuiltInKeywords.click(WebUiBuiltInKeywords.groovy:620)
	at com.kms.katalon.core.webui.keyword.WebUiBuiltInKeywords$click$5.call(Unknown Source)
	at 5.1.8-Crear_plan_de_trabajo_anual.run(5.1.8-Crear_plan_de_trabajo_anual:74)
	at com.kms.katalon.core.main.ScriptEngine.run(ScriptEngine.java:194)
	at com.kms.katalon.core.main.ScriptEngine.runScriptAsRawText(ScriptEngine.java:119)
	at com.kms.katalon.core.main.TestCaseExecutor.runScript(TestCaseExecutor.java:442)
	at com.kms.katalon.core.main.TestCaseExecutor.doExecute(TestCaseExecutor.java:433)
	at com.kms.katalon.core.main.TestCaseExecutor.processExecutionPhase(TestCaseExecutor.java:412)
	at com.kms.katalon.core.main.TestCaseExecutor.accessMainPhase(TestCaseExecutor.java:404)
	at com.kms.katalon.core.main.TestCaseExecutor.execute(TestCaseExecutor.java:281)
	at com.kms.katalon.core.main.TestSuiteExecutor.accessTestCaseMainPhase(TestSuiteExecutor.java:202)
	at com.kms.katalon.core.main.TestSuiteExecutor.accessTestSuiteMainPhase(TestSuiteExecutor.java:164)
	at com.kms.katalon.core.main.TestSuiteExecutor.execute(TestSuiteExecutor.java:105)
	at com.kms.katalon.core.main.TestCaseMain.startTestSuite(TestCaseMain.java:181)
	at com.kms.katalon.core.main.TestCaseMain$startTestSuite$0.call(Unknown Source)
	at TempTestSuite1640798635364.run(TempTestSuite1640798635364.groovy:36)
Caused by: com.kms.katalon.core.webui.exception.WebElementNotFoundException: Web element with id: 'Object Repository/Modulo Pruebas SST/Crear_plan_de_trabajo_anual/a_Aceptar' located by '//a[contains(text(),'Aceptar')]' not found
	at com.kms.katalon.core.webui.common.WebUiCommonHelper.findWebElement(WebUiCommonHelper.java:1368)
	at com.kms.katalon.core.webui.keyword.internal.WebUIAbstractKeyword.findWebElement(WebUIAbstractKeyword.groovy:27)
	at com.kms.katalon.core.webui.keyword.builtin.ClickKeyword$_click_closure1.doCall(ClickKeyword.groovy:65)
	at com.kms.katalon.core.webui.keyword.builtin.ClickKeyword$_click_closure1.call(ClickKeyword.groovy)
	at com.kms.katalon.core.webui.keyword.internal.WebUIKeywordMain.runKeyword(WebUIKeywordMain.groovy:20)
	... 19 more]]></system-err>
      </testcase>
      <testcase name="Test Cases/5.1-Pruebas_SST/5.1.9-Creación_de_Grupos_de_Apoyo" time="67.342" classname="Test Cases/5.1-Pruebas_SST/5.1.9-Creación_de_Grupos_de_Apoyo" status="FAILED">
         <failure type="FAILED" message="Test Cases/5.1-Pruebas_SST/5.1.9-Creación_de_Grupos_de_Apoyo FAILED.
Reason:
com.kms.katalon.core.exception.StepFailedException: Unable to click on object 'Object Repository/Modulo Pruebas SST/Creación de Grupos de Apoyo/a_Aceptar4'
	at com.kms.katalon.core.webui.keyword.internal.WebUIKeywordMain.stepFailed(WebUIKeywordMain.groovy:64)
	at com.kms.katalon.core.webui.keyword.internal.WebUIKeywordMain.runKeyword(WebUIKeywordMain.groovy:26)
	at com.kms.katalon.core.webui.keyword.builtin.ClickKeyword.click(ClickKeyword.groovy:74)
	at com.kms.katalon.core.webui.keyword.builtin.ClickKeyword.execute(ClickKeyword.groovy:40)
	at com.kms.katalon.core.keyword.internal.KeywordExecutor.executeKeywordForPlatform(KeywordExecutor.groovy:74)
	at com.kms.katalon.core.webui.keyword.WebUiBuiltInKeywords.click(WebUiBuiltInKeywords.groovy:620)
	at com.kms.katalon.core.webui.keyword.WebUiBuiltInKeywords$click$5.call(Unknown Source)
	at 5.1.9-Creación_de_Grupos_de_Apoyo.run(5.1.9-Creación_de_Grupos_de_Apoyo:92)
	at com.kms.katalon.core.main.ScriptEngine.run(ScriptEngine.java:194)
	at com.kms.katalon.core.main.ScriptEngine.runScriptAsRawText(ScriptEngine.java:119)
	at com.kms.katalon.core.main.TestCaseExecutor.runScript(TestCaseExecutor.java:442)
	at com.kms.katalon.core.main.TestCaseExecutor.doExecute(TestCaseExecutor.java:433)
	at com.kms.katalon.core.main.TestCaseExecutor.processExecutionPhase(TestCaseExecutor.java:412)
	at com.kms.katalon.core.main.TestCaseExecutor.accessMainPhase(TestCaseExecutor.java:404)
	at com.kms.katalon.core.main.TestCaseExecutor.execute(TestCaseExecutor.java:281)
	at com.kms.katalon.core.main.TestSuiteExecutor.accessTestCaseMainPhase(TestSuiteExecutor.java:202)
	at com.kms.katalon.core.main.TestSuiteExecutor.accessTestSuiteMainPhase(TestSuiteExecutor.java:164)
	at com.kms.katalon.core.main.TestSuiteExecutor.execute(TestSuiteExecutor.java:105)
	at com.kms.katalon.core.main.TestCaseMain.startTestSuite(TestCaseMain.java:181)
	at com.kms.katalon.core.main.TestCaseMain$startTestSuite$0.call(Unknown Source)
	at TempTestSuite1640798635364.run(TempTestSuite1640798635364.groovy:36)
Caused by: com.kms.katalon.core.webui.exception.WebElementNotFoundException: Web element with id: 'Object Repository/Modulo Pruebas SST/Creación de Grupos de Apoyo/a_Aceptar4' located by '//a[contains(text(),'Aceptar')]' not found
	at com.kms.katalon.core.webui.common.WebUiCommonHelper.findWebElement(WebUiCommonHelper.java:1368)
	at com.kms.katalon.core.webui.keyword.internal.WebUIAbstractKeyword.findWebElement(WebUIAbstractKeyword.groovy:27)
	at com.kms.katalon.core.webui.keyword.builtin.ClickKeyword$_click_closure1.doCall(ClickKeyword.groovy:65)
	at com.kms.katalon.core.webui.keyword.builtin.ClickKeyword$_click_closure1.call(ClickKeyword.groovy)
	at com.kms.katalon.core.webui.keyword.internal.WebUIKeywordMain.runKeyword(WebUIKeywordMain.groovy:20)
	... 19 more
"/>
         <system-out><![CDATA[2021-12-29 12:44:12 - [TEST_CASE][FAILED] - Test Cases/5.1-Pruebas_SST/5.1.9-Creación_de_Grupos_de_Apoyo: Test Cases/5.1-Pruebas_SST/5.1.9-Creación_de_Grupos_de_Apoyo FAILED.
Reason:
com.kms.katalon.core.exception.StepFailedException: Unable to click on object 'Object Repository/Modulo Pruebas SST/Creación de Grupos de Apoyo/a_Aceptar4'
	at com.kms.katalon.core.webui.keyword.internal.WebUIKeywordMain.stepFailed(WebUIKeywordMain.groovy:64)
	at com.kms.katalon.core.webui.keyword.internal.WebUIKeywordMain.runKeyword(WebUIKeywordMain.groovy:26)
	at com.kms.katalon.core.webui.keyword.builtin.ClickKeyword.click(ClickKeyword.groovy:74)
	at com.kms.katalon.core.webui.keyword.builtin.ClickKeyword.execute(ClickKeyword.groovy:40)
	at com.kms.katalon.core.keyword.internal.KeywordExecutor.executeKeywordForPlatform(KeywordExecutor.groovy:74)
	at com.kms.katalon.core.webui.keyword.WebUiBuiltInKeywords.click(WebUiBuiltInKeywords.groovy:620)
	at com.kms.katalon.core.webui.keyword.WebUiBuiltInKeywords$click$5.call(Unknown Source)
	at 5.1.9-Creación_de_Grupos_de_Apoyo.run(5.1.9-Creación_de_Grupos_de_Apoyo:92)
	at com.kms.katalon.core.main.ScriptEngine.run(ScriptEngine.java:194)
	at com.kms.katalon.core.main.ScriptEngine.runScriptAsRawText(ScriptEngine.java:119)
	at com.kms.katalon.core.main.TestCaseExecutor.runScript(TestCaseExecutor.java:442)
	at com.kms.katalon.core.main.TestCaseExecutor.doExecute(TestCaseExecutor.java:433)
	at com.kms.katalon.core.main.TestCaseExecutor.processExecutionPhase(TestCaseExecutor.java:412)
	at com.kms.katalon.core.main.TestCaseExecutor.accessMainPhase(TestCaseExecutor.java:404)
	at com.kms.katalon.core.main.TestCaseExecutor.execute(TestCaseExecutor.java:281)
	at com.kms.katalon.core.main.TestSuiteExecutor.accessTestCaseMainPhase(TestSuiteExecutor.java:202)
	at com.kms.katalon.core.main.TestSuiteExecutor.accessTestSuiteMainPhase(TestSuiteExecutor.java:164)
	at com.kms.katalon.core.main.TestSuiteExecutor.execute(TestSuiteExecutor.java:105)
	at com.kms.katalon.core.main.TestCaseMain.startTestSuite(TestCaseMain.java:181)
	at com.kms.katalon.core.main.TestCaseMain$startTestSuite$0.call(Unknown Source)
	at TempTestSuite1640798635364.run(TempTestSuite1640798635364.groovy:36)
Caused by: com.kms.katalon.core.webui.exception.WebElementNotFoundException: Web element with id: 'Object Repository/Modulo Pruebas SST/Creación de Grupos de Apoyo/a_Aceptar4' located by '//a[contains(text(),'Aceptar')]' not found
	at com.kms.katalon.core.webui.common.WebUiCommonHelper.findWebElement(WebUiCommonHelper.java:1368)
	at com.kms.katalon.core.webui.keyword.internal.WebUIAbstractKeyword.findWebElement(WebUIAbstractKeyword.groovy:27)
	at com.kms.katalon.core.webui.keyword.builtin.ClickKeyword$_click_closure1.doCall(ClickKeyword.groovy:65)
	at com.kms.katalon.core.webui.keyword.builtin.ClickKeyword$_click_closure1.call(ClickKeyword.groovy)
	at com.kms.katalon.core.webui.keyword.internal.WebUIKeywordMain.runKeyword(WebUIKeywordMain.groovy:20)
	... 19 more


2021-12-29 12:44:12 - [TEST_STEP][PASSED] - callTestCase(findTestCase("0.1-Login"), [:], STOP_ON_FAILURE): Call Test Case 'Test Cases/0.1-Login' successfully

2021-12-29 12:44:12 - [TEST_CASE][PASSED] - Test Cases/0.1-Login: Test Cases/0.1-Login

2021-12-29 12:44:12 - [TEST_STEP][PASSED] - openBrowser(""): Browser is opened with url: ''

2021-12-29 12:44:12 - [MESSAGE][WARNING] - A browser is already opened. Closing browser and opening a new one

2021-12-29 12:44:13 - [MESSAGE][INFO] - Starting 'Chrome' driver

2021-12-29 12:44:13 - [MESSAGE][INFO] - Action delay is set to 0 milliseconds

2021-12-29 12:44:14 - [MESSAGE][PASSED] - Browser is opened with url: ''

2021-12-29 12:44:14 - [TEST_STEP][PASSED] - maximizeWindow(): Current window maximized

2021-12-29 12:44:14 - [MESSAGE][PASSED] - Current window maximized

2021-12-29 12:44:14 - [TEST_STEP][PASSED] - i = G_Login: null

2021-12-29 12:44:14 - [TEST_STEP][PASSED] - url = new java.net.URL(i): null

2021-12-29 12:44:14 - [TEST_STEP][PASSED] - println("URL: " + url.toString()): null

2021-12-29 12:44:14 - [TEST_STEP][PASSED] - connection = url.openConnection(): null

2021-12-29 12:44:14 - [TEST_STEP][PASSED] - connection.setRequestMethod("GET"): null

2021-12-29 12:44:14 - [TEST_STEP][PASSED] - connection.setReadTimeout(2 * 1000): null

2021-12-29 12:44:14 - [TEST_STEP][PASSED] - try: null

2021-12-29 12:44:14 - [TEST_STEP][PASSED] - connection.connect(): null

2021-12-29 12:44:14 - [TEST_STEP][PASSED] - flag = connected: null

2021-12-29 12:44:14 - [TEST_STEP][PASSED] - println("Valor_ori: " + flag): null

2021-12-29 12:44:14 - [TEST_STEP][PASSED] - if (flag): null

2021-12-29 12:44:14 - [TEST_STEP][PASSED] - navigateToUrl(i): Navigate to 'http://192.168.2.80:8380/saraweb' successfully

2021-12-29 12:44:15 - [MESSAGE][PASSED] - Navigate to 'http://192.168.2.80:8380/saraweb' successfully

2021-12-29 12:44:15 - [TEST_STEP][PASSED] - a(): null

2021-12-29 12:44:15 - [TEST_STEP][PASSED] - setText(findTestObject("Login/input_USUARIO_loginusuario"), G_Usuario): Text 'saraadmin' is set on object 'Object Repository/Login/input_USUARIO_loginusuario'

2021-12-29 12:44:16 - [MESSAGE][PASSED] - Text 'saraadmin' is set on object 'Object Repository/Login/input_USUARIO_loginusuario'

2021-12-29 12:44:16 - [TEST_STEP][PASSED] - setEncryptedText(findTestObject("Login/input_CLAVE_loginpassword"), "MkG4/TYiCFC3cb2driP7+Q=="): Text ****** has been set on object 'Object Repository/Login/input_CLAVE_loginpassword'

2021-12-29 12:44:16 - [MESSAGE][PASSED] - Text ****** has been set on object 'Object Repository/Login/input_CLAVE_loginpassword'

2021-12-29 12:44:16 - [TEST_STEP][PASSED] - waitForElementClickable(findTestObject("Login/a_Ingresar"), G_TimeOut): Object 'Object Repository/Login/a_Ingresar' is clickable

2021-12-29 12:44:17 - [MESSAGE][PASSED] - Object 'Object Repository/Login/a_Ingresar' is clickable

2021-12-29 12:44:17 - [TEST_STEP][PASSED] - click(findTestObject("Login/a_Ingresar")): Object: 'Object Repository/Login/a_Ingresar' is clicked on

2021-12-29 12:44:19 - [MESSAGE][PASSED] - Object: 'Object Repository/Login/a_Ingresar' is clicked on

2021-12-29 12:44:19 - [TEST_STEP][PASSED] - element = findWebElement(findTestObject("Login/a_Ir"), 30): null

2021-12-29 12:44:20 - [TEST_STEP][PASSED] - executeJavaScript("arguments[0].click()", Arrays.asList(element)): Execute JavaScript 'arguments[0].click()' successfully

2021-12-29 12:44:20 - [MESSAGE][PASSED] - Execute JavaScript 'arguments[0].click()' successfully

2021-12-29 12:44:20 - [MESSAGE][PASSED] - Call Test Case 'Test Cases/0.1-Login' successfully

2021-12-29 12:44:20 - [TEST_STEP][PASSED] - setText(findTestObject("Modulo Pruebas SST/Creación de Grupos de Apoyo/input_ADMINISTRADOR DEL SISTEMA - SARA_form_templatej_idt24_input"), "grupos de apoyo"): Text 'grupos de apoyo' is set on object 'Object Repository/Modulo Pruebas SST/Creación de Grupos de Apoyo/input_ADMINISTRADOR DEL SISTEMA - SARA_form_templatej_idt24_input'

2021-12-29 12:44:21 - [MESSAGE][PASSED] - Text 'grupos de apoyo' is set on object 'Object Repository/Modulo Pruebas SST/Creación de Grupos de Apoyo/input_ADMINISTRADOR DEL SISTEMA - SARA_form_templatej_idt24_input'

2021-12-29 12:44:21 - [TEST_STEP][PASSED] - click(findTestObject("Modulo Pruebas SST/Creación de Grupos de Apoyo/li_Grupos de Apoyo (sst)")): Object: 'Object Repository/Modulo Pruebas SST/Creación de Grupos de Apoyo/li_Grupos de Apoyo (sst)' is clicked on

2021-12-29 12:44:22 - [MESSAGE][PASSED] - Object: 'Object Repository/Modulo Pruebas SST/Creación de Grupos de Apoyo/li_Grupos de Apoyo (sst)' is clicked on

2021-12-29 12:44:22 - [TEST_STEP][PASSED] - setText(findTestObject("Modulo Pruebas SST/Creación de Grupos de Apoyo/input_Descripcin_form_equipoTrabajoSalfiltroGrupoApoyo0"), "Katalon"): Text 'Katalon' is set on object 'Object Repository/Modulo Pruebas SST/Creación de Grupos de Apoyo/input_Descripcin_form_equipoTrabajoSalfiltroGrupoApoyo0'

2021-12-29 12:44:25 - [MESSAGE][PASSED] - Text 'Katalon' is set on object 'Object Repository/Modulo Pruebas SST/Creación de Grupos de Apoyo/input_Descripcin_form_equipoTrabajoSalfiltroGrupoApoyo0'

2021-12-29 12:44:25 - [TEST_STEP][PASSED] - if (waitForElementPresent(findTestObject("Modulo Pruebas SST/Creación de Grupos de Apoyo/td_PRUEBAS KATALON0"), 1)): null

2021-12-29 12:44:25 - [MESSAGE][PASSED] - Object 'Object Repository/Modulo Pruebas SST/Creación de Grupos de Apoyo/td_PRUEBAS KATALON0' is present

2021-12-29 12:44:25 - [TEST_STEP][PASSED] - click(findTestObject("Modulo Pruebas SST/Creación de Grupos de Apoyo/td_PRUEBAS KATALON0")): Object: 'Object Repository/Modulo Pruebas SST/Creación de Grupos de Apoyo/td_PRUEBAS KATALON0' is clicked on

2021-12-29 12:44:25 - [MESSAGE][PASSED] - Object: 'Object Repository/Modulo Pruebas SST/Creación de Grupos de Apoyo/td_PRUEBAS KATALON0' is clicked on

2021-12-29 12:44:25 - [TEST_STEP][PASSED] - click(findTestObject("Modulo Pruebas SST/Creación de Grupos de Apoyo/a_Anexos")): Object: 'Object Repository/Modulo Pruebas SST/Creación de Grupos de Apoyo/a_Anexos' is clicked on

2021-12-29 12:44:29 - [MESSAGE][PASSED] - Object: 'Object Repository/Modulo Pruebas SST/Creación de Grupos de Apoyo/a_Anexos' is clicked on

2021-12-29 12:44:29 - [TEST_STEP][PASSED] - if (waitForElementPresent(findTestObject("Modulo Pruebas SST/Creación de Grupos de Apoyo/a_prueba.pdf_form_equipoTrabajoSaltabtablaAnexos0j_idt208"), 1)): null

2021-12-29 12:44:29 - [MESSAGE][PASSED] - Object 'Object Repository/Modulo Pruebas SST/Creación de Grupos de Apoyo/a_prueba.pdf_form_equipoTrabajoSaltabtablaAnexos0j_idt208' is present

2021-12-29 12:44:29 - [TEST_STEP][PASSED] - click(findTestObject("Modulo Pruebas SST/Creación de Grupos de Apoyo/a_prueba.pdf_form_equipoTrabajoSaltabtablaAnexos0j_idt208")): Object: 'Object Repository/Modulo Pruebas SST/Creación de Grupos de Apoyo/a_prueba.pdf_form_equipoTrabajoSaltabtablaAnexos0j_idt208' is clicked on

2021-12-29 12:44:30 - [MESSAGE][PASSED] - Object: 'Object Repository/Modulo Pruebas SST/Creación de Grupos de Apoyo/a_prueba.pdf_form_equipoTrabajoSaltabtablaAnexos0j_idt208' is clicked on

2021-12-29 12:44:30 - [TEST_STEP][PASSED] - click(findTestObject("Modulo Pruebas SST/Creación de Grupos de Apoyo/span_Si0")): Object: 'Object Repository/Modulo Pruebas SST/Creación de Grupos de Apoyo/span_Si0' is clicked on

2021-12-29 12:44:30 - [MESSAGE][PASSED] - Object: 'Object Repository/Modulo Pruebas SST/Creación de Grupos de Apoyo/span_Si0' is clicked on

2021-12-29 12:44:30 - [TEST_STEP][PASSED] - click(findTestObject("Modulo Pruebas SST/Creación de Grupos de Apoyo/a_Compromisos")): Object: 'Object Repository/Modulo Pruebas SST/Creación de Grupos de Apoyo/a_Compromisos' is clicked on

2021-12-29 12:44:31 - [MESSAGE][PASSED] - Object: 'Object Repository/Modulo Pruebas SST/Creación de Grupos de Apoyo/a_Compromisos' is clicked on

2021-12-29 12:44:31 - [TEST_STEP][PASSED] - if (waitForElementPresent(findTestObject("Modulo Pruebas SST/Creación de Grupos de Apoyo/span_Trate de no correr"), 1)): null

2021-12-29 12:44:32 - [MESSAGE][PASSED] - Object 'Object Repository/Modulo Pruebas SST/Creación de Grupos de Apoyo/span_Trate de no correr' is present

2021-12-29 12:44:32 - [TEST_STEP][PASSED] - click(findTestObject("Modulo Pruebas SST/Creación de Grupos de Apoyo/span_Trate de no correr")): Object: 'Object Repository/Modulo Pruebas SST/Creación de Grupos de Apoyo/span_Trate de no correr' is clicked on

2021-12-29 12:44:33 - [MESSAGE][PASSED] - Object: 'Object Repository/Modulo Pruebas SST/Creación de Grupos de Apoyo/span_Trate de no correr' is clicked on

2021-12-29 12:44:33 - [TEST_STEP][PASSED] - click(findTestObject("Modulo Pruebas SST/Creación de Grupos de Apoyo/a_Eliminar0")): Object: 'Object Repository/Modulo Pruebas SST/Creación de Grupos de Apoyo/a_Eliminar0' is clicked on

2021-12-29 12:44:33 - [MESSAGE][PASSED] - Object: 'Object Repository/Modulo Pruebas SST/Creación de Grupos de Apoyo/a_Eliminar0' is clicked on

2021-12-29 12:44:33 - [TEST_STEP][PASSED] - click(findTestObject("Modulo Pruebas SST/Creación de Grupos de Apoyo/a_Aceptar0")): Object: 'Object Repository/Modulo Pruebas SST/Creación de Grupos de Apoyo/a_Aceptar0' is clicked on

2021-12-29 12:44:34 - [MESSAGE][PASSED] - Object: 'Object Repository/Modulo Pruebas SST/Creación de Grupos de Apoyo/a_Aceptar0' is clicked on

2021-12-29 12:44:34 - [TEST_STEP][PASSED] - click(findTestObject("Modulo Pruebas SST/Creación de Grupos de Apoyo/a_Actividades")): Object: 'Object Repository/Modulo Pruebas SST/Creación de Grupos de Apoyo/a_Actividades' is clicked on

2021-12-29 12:44:35 - [MESSAGE][PASSED] - Object: 'Object Repository/Modulo Pruebas SST/Creación de Grupos de Apoyo/a_Actividades' is clicked on

2021-12-29 12:44:35 - [TEST_STEP][PASSED] - if (waitForElementPresent(findTestObject("Modulo Pruebas SST/Creación de Grupos de Apoyo/span_A A A"), 1)): null

2021-12-29 12:44:36 - [MESSAGE][PASSED] - Object 'Object Repository/Modulo Pruebas SST/Creación de Grupos de Apoyo/span_A A A' is present

2021-12-29 12:44:36 - [TEST_STEP][PASSED] - click(findTestObject("Modulo Pruebas SST/Creación de Grupos de Apoyo/span_A A A")): Object: 'Object Repository/Modulo Pruebas SST/Creación de Grupos de Apoyo/span_A A A' is clicked on

2021-12-29 12:44:36 - [MESSAGE][PASSED] - Object: 'Object Repository/Modulo Pruebas SST/Creación de Grupos de Apoyo/span_A A A' is clicked on

2021-12-29 12:44:36 - [TEST_STEP][PASSED] - click(findTestObject("Modulo Pruebas SST/Creación de Grupos de Apoyo/a_Asistentes")): Object: 'Object Repository/Modulo Pruebas SST/Creación de Grupos de Apoyo/a_Asistentes' is clicked on

2021-12-29 12:44:37 - [MESSAGE][PASSED] - Object: 'Object Repository/Modulo Pruebas SST/Creación de Grupos de Apoyo/a_Asistentes' is clicked on

2021-12-29 12:44:37 - [TEST_STEP][PASSED] - if (waitForElementPresent(findTestObject("Modulo Pruebas SST/Creación de Grupos de Apoyo/a_JEFE DE BRIGADA_form_popupSeguimientotabPopupSeguimientolistaAsistentesIntegrantes0j_idt309"), 1)): null

2021-12-29 12:44:38 - [MESSAGE][PASSED] - Object 'Object Repository/Modulo Pruebas SST/Creación de Grupos de Apoyo/a_JEFE DE BRIGADA_form_popupSeguimientotabPopupSeguimientolistaAsistentesIntegrantes0j_idt309' is present

2021-12-29 12:44:38 - [TEST_STEP][PASSED] - click(findTestObject("Modulo Pruebas SST/Creación de Grupos de Apoyo/a_JEFE DE BRIGADA_form_popupSeguimientotabPopupSeguimientolistaAsistentesIntegrantes0j_idt309")): Object: 'Object Repository/Modulo Pruebas SST/Creación de Grupos de Apoyo/a_JEFE DE BRIGADA_form_popupSeguimientotabPopupSeguimientolistaAsistentesIntegrantes0j_idt309' is clicked on

2021-12-29 12:44:38 - [MESSAGE][PASSED] - Object: 'Object Repository/Modulo Pruebas SST/Creación de Grupos de Apoyo/a_JEFE DE BRIGADA_form_popupSeguimientotabPopupSeguimientolistaAsistentesIntegrantes0j_idt309' is clicked on

2021-12-29 12:44:38 - [TEST_STEP][PASSED] - click(findTestObject("Modulo Pruebas SST/Creación de Grupos de Apoyo/span_Si1")): Object: 'Object Repository/Modulo Pruebas SST/Creación de Grupos de Apoyo/span_Si1' is clicked on

2021-12-29 12:44:39 - [MESSAGE][PASSED] - Object: 'Object Repository/Modulo Pruebas SST/Creación de Grupos de Apoyo/span_Si1' is clicked on

2021-12-29 12:44:39 - [TEST_STEP][PASSED] - click(findTestObject("Modulo Pruebas SST/Creación de Grupos de Apoyo/a_Grupo Actividad")): Object: 'Object Repository/Modulo Pruebas SST/Creación de Grupos de Apoyo/a_Grupo Actividad' is clicked on

2021-12-29 12:44:40 - [MESSAGE][PASSED] - Object: 'Object Repository/Modulo Pruebas SST/Creación de Grupos de Apoyo/a_Grupo Actividad' is clicked on

2021-12-29 12:44:40 - [TEST_STEP][PASSED] - element = findWebElement(findTestObject("Modulo Pruebas SST/Creación de Grupos de Apoyo/a_Eliminar1"), 30): null

2021-12-29 12:44:41 - [TEST_STEP][PASSED] - executeJavaScript("arguments[0].click()", Arrays.asList(element)): Execute JavaScript 'arguments[0].click()' successfully

2021-12-29 12:44:41 - [MESSAGE][PASSED] - Execute JavaScript 'arguments[0].click()' successfully

2021-12-29 12:44:41 - [TEST_STEP][PASSED] - click(findTestObject("Modulo Pruebas SST/Creación de Grupos de Apoyo/a_Aceptar1")): Object: 'Object Repository/Modulo Pruebas SST/Creación de Grupos de Apoyo/a_Aceptar1' is clicked on

2021-12-29 12:44:42 - [MESSAGE][PASSED] - Object: 'Object Repository/Modulo Pruebas SST/Creación de Grupos de Apoyo/a_Aceptar1' is clicked on

2021-12-29 12:44:42 - [TEST_STEP][PASSED] - click(findTestObject("Modulo Pruebas SST/Creación de Grupos de Apoyo/a_Integrantes")): Object: 'Object Repository/Modulo Pruebas SST/Creación de Grupos de Apoyo/a_Integrantes' is clicked on

2021-12-29 12:44:42 - [MESSAGE][PASSED] - Object: 'Object Repository/Modulo Pruebas SST/Creación de Grupos de Apoyo/a_Integrantes' is clicked on

2021-12-29 12:44:42 - [TEST_STEP][PASSED] - if (waitForElementPresent(findTestObject("Modulo Pruebas SST/Creación de Grupos de Apoyo/span_SEDE NORTE"), 1)): null

2021-12-29 12:44:43 - [MESSAGE][PASSED] - Object 'Object Repository/Modulo Pruebas SST/Creación de Grupos de Apoyo/span_SEDE NORTE' is present

2021-12-29 12:44:43 - [TEST_STEP][PASSED] - click(findTestObject("Modulo Pruebas SST/Creación de Grupos de Apoyo/span_SEDE NORTE"), STOP_ON_FAILURE): Object: 'Object Repository/Modulo Pruebas SST/Creación de Grupos de Apoyo/span_SEDE NORTE' is clicked on

2021-12-29 12:44:43 - [MESSAGE][PASSED] - Object: 'Object Repository/Modulo Pruebas SST/Creación de Grupos de Apoyo/span_SEDE NORTE' is clicked on

2021-12-29 12:44:43 - [TEST_STEP][PASSED] - click(findTestObject("Modulo Pruebas SST/Creación de Grupos de Apoyo/a_Eliminar2")): Object: 'Object Repository/Modulo Pruebas SST/Creación de Grupos de Apoyo/a_Eliminar2' is clicked on

2021-12-29 12:44:44 - [MESSAGE][PASSED] - Object: 'Object Repository/Modulo Pruebas SST/Creación de Grupos de Apoyo/a_Eliminar2' is clicked on

2021-12-29 12:44:44 - [TEST_STEP][PASSED] - click(findTestObject("Modulo Pruebas SST/Creación de Grupos de Apoyo/a_Aceptar2")): Object: 'Object Repository/Modulo Pruebas SST/Creación de Grupos de Apoyo/a_Aceptar2' is clicked on

2021-12-29 12:44:46 - [MESSAGE][PASSED] - Object: 'Object Repository/Modulo Pruebas SST/Creación de Grupos de Apoyo/a_Aceptar2' is clicked on

2021-12-29 12:44:46 - [TEST_STEP][PASSED] - click(findTestObject("Modulo Pruebas SST/Creación de Grupos de Apoyo/a_Grupo Apoyo")): Object: 'Object Repository/Modulo Pruebas SST/Creación de Grupos de Apoyo/a_Grupo Apoyo' is clicked on

2021-12-29 12:44:47 - [MESSAGE][PASSED] - Object: 'Object Repository/Modulo Pruebas SST/Creación de Grupos de Apoyo/a_Grupo Apoyo' is clicked on

2021-12-29 12:44:47 - [TEST_STEP][PASSED] - click(findTestObject("Modulo Pruebas SST/Creación de Grupos de Apoyo/a_Eliminar3")): Object: 'Object Repository/Modulo Pruebas SST/Creación de Grupos de Apoyo/a_Eliminar3' is clicked on

2021-12-29 12:44:47 - [MESSAGE][PASSED] - Object: 'Object Repository/Modulo Pruebas SST/Creación de Grupos de Apoyo/a_Eliminar3' is clicked on

2021-12-29 12:44:47 - [TEST_STEP][FAILED] - click(findTestObject("Modulo Pruebas SST/Creación de Grupos de Apoyo/a_Aceptar4")): Unable to click on object 'Object Repository/Modulo Pruebas SST/Creación de Grupos de Apoyo/a_Aceptar4' (Root cause: com.kms.katalon.core.exception.StepFailedException: Unable to click on object 'Object Repository/Modulo Pruebas SST/Creación de Grupos de Apoyo/a_Aceptar4'
	at com.kms.katalon.core.webui.keyword.internal.WebUIKeywordMain.stepFailed(WebUIKeywordMain.groovy:64)
	at com.kms.katalon.core.webui.keyword.internal.WebUIKeywordMain.runKeyword(WebUIKeywordMain.groovy:26)
	at com.kms.katalon.core.webui.keyword.builtin.ClickKeyword.click(ClickKeyword.groovy:74)
	at com.kms.katalon.core.webui.keyword.builtin.ClickKeyword.execute(ClickKeyword.groovy:40)
	at com.kms.katalon.core.keyword.internal.KeywordExecutor.executeKeywordForPlatform(KeywordExecutor.groovy:74)
	at com.kms.katalon.core.webui.keyword.WebUiBuiltInKeywords.click(WebUiBuiltInKeywords.groovy:620)
	at com.kms.katalon.core.webui.keyword.WebUiBuiltInKeywords$click$5.call(Unknown Source)
	at 5.1.9-Creación_de_Grupos_de_Apoyo.run(5.1.9-Creación_de_Grupos_de_Apoyo:92)
	at com.kms.katalon.core.main.ScriptEngine.run(ScriptEngine.java:194)
	at com.kms.katalon.core.main.ScriptEngine.runScriptAsRawText(ScriptEngine.java:119)
	at com.kms.katalon.core.main.TestCaseExecutor.runScript(TestCaseExecutor.java:442)
	at com.kms.katalon.core.main.TestCaseExecutor.doExecute(TestCaseExecutor.java:433)
	at com.kms.katalon.core.main.TestCaseExecutor.processExecutionPhase(TestCaseExecutor.java:412)
	at com.kms.katalon.core.main.TestCaseExecutor.accessMainPhase(TestCaseExecutor.java:404)
	at com.kms.katalon.core.main.TestCaseExecutor.execute(TestCaseExecutor.java:281)
	at com.kms.katalon.core.main.TestSuiteExecutor.accessTestCaseMainPhase(TestSuiteExecutor.java:202)
	at com.kms.katalon.core.main.TestSuiteExecutor.accessTestSuiteMainPhase(TestSuiteExecutor.java:164)
	at com.kms.katalon.core.main.TestSuiteExecutor.execute(TestSuiteExecutor.java:105)
	at com.kms.katalon.core.main.TestCaseMain.startTestSuite(TestCaseMain.java:181)
	at com.kms.katalon.core.main.TestCaseMain$startTestSuite$0.call(Unknown Source)
	at TempTestSuite1640798635364.run(TempTestSuite1640798635364.groovy:36)
Caused by: com.kms.katalon.core.webui.exception.WebElementNotFoundException: Web element with id: 'Object Repository/Modulo Pruebas SST/Creación de Grupos de Apoyo/a_Aceptar4' located by '//a[contains(text(),'Aceptar')]' not found
	at com.kms.katalon.core.webui.common.WebUiCommonHelper.findWebElement(WebUiCommonHelper.java:1368)
	at com.kms.katalon.core.webui.keyword.internal.WebUIAbstractKeyword.findWebElement(WebUIAbstractKeyword.groovy:27)
	at com.kms.katalon.core.webui.keyword.builtin.ClickKeyword$_click_closure1.doCall(ClickKeyword.groovy:65)
	at com.kms.katalon.core.webui.keyword.builtin.ClickKeyword$_click_closure1.call(ClickKeyword.groovy)
	at com.kms.katalon.core.webui.keyword.internal.WebUIKeywordMain.runKeyword(WebUIKeywordMain.groovy:20)
	at com.kms.katalon.core.webui.keyword.builtin.ClickKeyword.click(ClickKeyword.groovy:74)
	at com.kms.katalon.core.webui.keyword.builtin.ClickKeyword.execute(ClickKeyword.groovy:40)
	at com.kms.katalon.core.keyword.internal.KeywordExecutor.executeKeywordForPlatform(KeywordExecutor.groovy:74)
	at com.kms.katalon.core.webui.keyword.WebUiBuiltInKeywords.click(WebUiBuiltInKeywords.groovy:620)
	at com.kms.katalon.core.webui.keyword.WebUiBuiltInKeywords$click$5.call(Unknown Source)
	at Script1639319449028.run(Script1639319449028.groovy:92)
	... 13 more
)

2021-12-29 12:45:19 - [MESSAGE][INFO] - Unable to find the element located by 'By.xpath: //a[contains(text(),'Aceptar')]'. Please recheck the objects properties to make sure the desired element is located. 

2021-12-29 12:45:19 - [MESSAGE][FAILED] - Unable to click on object 'Object Repository/Modulo Pruebas SST/Creación de Grupos de Apoyo/a_Aceptar4' (Root cause: com.kms.katalon.core.exception.StepFailedException: Unable to click on object 'Object Repository/Modulo Pruebas SST/Creación de Grupos de Apoyo/a_Aceptar4'
	at com.kms.katalon.core.webui.keyword.internal.WebUIKeywordMain.stepFailed(WebUIKeywordMain.groovy:64)
	at com.kms.katalon.core.webui.keyword.internal.WebUIKeywordMain.runKeyword(WebUIKeywordMain.groovy:26)
	at com.kms.katalon.core.webui.keyword.builtin.ClickKeyword.click(ClickKeyword.groovy:74)
	at com.kms.katalon.core.webui.keyword.builtin.ClickKeyword.execute(ClickKeyword.groovy:40)
	at com.kms.katalon.core.keyword.internal.KeywordExecutor.executeKeywordForPlatform(KeywordExecutor.groovy:74)
	at com.kms.katalon.core.webui.keyword.WebUiBuiltInKeywords.click(WebUiBuiltInKeywords.groovy:620)
	at com.kms.katalon.core.webui.keyword.WebUiBuiltInKeywords$click$5.call(Unknown Source)
	at 5.1.9-Creación_de_Grupos_de_Apoyo.run(5.1.9-Creación_de_Grupos_de_Apoyo:92)
	at com.kms.katalon.core.main.ScriptEngine.run(ScriptEngine.java:194)
	at com.kms.katalon.core.main.ScriptEngine.runScriptAsRawText(ScriptEngine.java:119)
	at com.kms.katalon.core.main.TestCaseExecutor.runScript(TestCaseExecutor.java:442)
	at com.kms.katalon.core.main.TestCaseExecutor.doExecute(TestCaseExecutor.java:433)
	at com.kms.katalon.core.main.TestCaseExecutor.processExecutionPhase(TestCaseExecutor.java:412)
	at com.kms.katalon.core.main.TestCaseExecutor.accessMainPhase(TestCaseExecutor.java:404)
	at com.kms.katalon.core.main.TestCaseExecutor.execute(TestCaseExecutor.java:281)
	at com.kms.katalon.core.main.TestSuiteExecutor.accessTestCaseMainPhase(TestSuiteExecutor.java:202)
	at com.kms.katalon.core.main.TestSuiteExecutor.accessTestSuiteMainPhase(TestSuiteExecutor.java:164)
	at com.kms.katalon.core.main.TestSuiteExecutor.execute(TestSuiteExecutor.java:105)
	at com.kms.katalon.core.main.TestCaseMain.startTestSuite(TestCaseMain.java:181)
	at com.kms.katalon.core.main.TestCaseMain$startTestSuite$0.call(Unknown Source)
	at TempTestSuite1640798635364.run(TempTestSuite1640798635364.groovy:36)
Caused by: com.kms.katalon.core.webui.exception.WebElementNotFoundException: Web element with id: 'Object Repository/Modulo Pruebas SST/Creación de Grupos de Apoyo/a_Aceptar4' located by '//a[contains(text(),'Aceptar')]' not found
	at com.kms.katalon.core.webui.common.WebUiCommonHelper.findWebElement(WebUiCommonHelper.java:1368)
	at com.kms.katalon.core.webui.keyword.internal.WebUIAbstractKeyword.findWebElement(WebUIAbstractKeyword.groovy:27)
	at com.kms.katalon.core.webui.keyword.builtin.ClickKeyword$_click_closure1.doCall(ClickKeyword.groovy:65)
	at com.kms.katalon.core.webui.keyword.builtin.ClickKeyword$_click_closure1.call(ClickKeyword.groovy)
	at com.kms.katalon.core.webui.keyword.internal.WebUIKeywordMain.runKeyword(WebUIKeywordMain.groovy:20)
	at com.kms.katalon.core.webui.keyword.builtin.ClickKeyword.click(ClickKeyword.groovy:74)
	at com.kms.katalon.core.webui.keyword.builtin.ClickKeyword.execute(ClickKeyword.groovy:40)
	at com.kms.katalon.core.keyword.internal.KeywordExecutor.executeKeywordForPlatform(KeywordExecutor.groovy:74)
	at com.kms.katalon.core.webui.keyword.WebUiBuiltInKeywords.click(WebUiBuiltInKeywords.groovy:620)
	at com.kms.katalon.core.webui.keyword.WebUiBuiltInKeywords$click$5.call(Unknown Source)
	at Script1639319449028.run(Script1639319449028.groovy:92)
	... 13 more
)
[[ATTACHMENT|C:\\Users\\diego.rojas\\git\\Pruebas-Minimas\\Reports\\20211229_122339\\5-Pruebas SST\\20211229_122355\\1640799919224.png]]]]></system-out>
         <system-err><![CDATA[2021-12-29 12:44:12 - [TEST_CASE][FAILED] - Test Cases/5.1-Pruebas_SST/5.1.9-Creación_de_Grupos_de_Apoyo: Test Cases/5.1-Pruebas_SST/5.1.9-Creación_de_Grupos_de_Apoyo FAILED.
Reason:
com.kms.katalon.core.exception.StepFailedException: Unable to click on object 'Object Repository/Modulo Pruebas SST/Creación de Grupos de Apoyo/a_Aceptar4'
	at com.kms.katalon.core.webui.keyword.internal.WebUIKeywordMain.stepFailed(WebUIKeywordMain.groovy:64)
	at com.kms.katalon.core.webui.keyword.internal.WebUIKeywordMain.runKeyword(WebUIKeywordMain.groovy:26)
	at com.kms.katalon.core.webui.keyword.builtin.ClickKeyword.click(ClickKeyword.groovy:74)
	at com.kms.katalon.core.webui.keyword.builtin.ClickKeyword.execute(ClickKeyword.groovy:40)
	at com.kms.katalon.core.keyword.internal.KeywordExecutor.executeKeywordForPlatform(KeywordExecutor.groovy:74)
	at com.kms.katalon.core.webui.keyword.WebUiBuiltInKeywords.click(WebUiBuiltInKeywords.groovy:620)
	at com.kms.katalon.core.webui.keyword.WebUiBuiltInKeywords$click$5.call(Unknown Source)
	at 5.1.9-Creación_de_Grupos_de_Apoyo.run(5.1.9-Creación_de_Grupos_de_Apoyo:92)
	at com.kms.katalon.core.main.ScriptEngine.run(ScriptEngine.java:194)
	at com.kms.katalon.core.main.ScriptEngine.runScriptAsRawText(ScriptEngine.java:119)
	at com.kms.katalon.core.main.TestCaseExecutor.runScript(TestCaseExecutor.java:442)
	at com.kms.katalon.core.main.TestCaseExecutor.doExecute(TestCaseExecutor.java:433)
	at com.kms.katalon.core.main.TestCaseExecutor.processExecutionPhase(TestCaseExecutor.java:412)
	at com.kms.katalon.core.main.TestCaseExecutor.accessMainPhase(TestCaseExecutor.java:404)
	at com.kms.katalon.core.main.TestCaseExecutor.execute(TestCaseExecutor.java:281)
	at com.kms.katalon.core.main.TestSuiteExecutor.accessTestCaseMainPhase(TestSuiteExecutor.java:202)
	at com.kms.katalon.core.main.TestSuiteExecutor.accessTestSuiteMainPhase(TestSuiteExecutor.java:164)
	at com.kms.katalon.core.main.TestSuiteExecutor.execute(TestSuiteExecutor.java:105)
	at com.kms.katalon.core.main.TestCaseMain.startTestSuite(TestCaseMain.java:181)
	at com.kms.katalon.core.main.TestCaseMain$startTestSuite$0.call(Unknown Source)
	at TempTestSuite1640798635364.run(TempTestSuite1640798635364.groovy:36)
Caused by: com.kms.katalon.core.webui.exception.WebElementNotFoundException: Web element with id: 'Object Repository/Modulo Pruebas SST/Creación de Grupos de Apoyo/a_Aceptar4' located by '//a[contains(text(),'Aceptar')]' not found
	at com.kms.katalon.core.webui.common.WebUiCommonHelper.findWebElement(WebUiCommonHelper.java:1368)
	at com.kms.katalon.core.webui.keyword.internal.WebUIAbstractKeyword.findWebElement(WebUIAbstractKeyword.groovy:27)
	at com.kms.katalon.core.webui.keyword.builtin.ClickKeyword$_click_closure1.doCall(ClickKeyword.groovy:65)
	at com.kms.katalon.core.webui.keyword.builtin.ClickKeyword$_click_closure1.call(ClickKeyword.groovy)
	at com.kms.katalon.core.webui.keyword.internal.WebUIKeywordMain.runKeyword(WebUIKeywordMain.groovy:20)
	... 19 more]]></system-err>
      </testcase>
      <system-out><![CDATA[2021-12-29 12:36:26 - [TEST_SUITE][FAILED] - 5-Pruebas SST: Test Cases/5.1-Pruebas_SST/5.1.1-Reporte_de_accidente_de_trabajo FAILED.
Reason:
com.kms.katalon.core.exception.StepFailedException: Unable to click on object 'Object Repository/Modulo Pruebas SST/Reporte_de_accidente_de_trabajo/a_Eliminar1'
	at com.kms.katalon.core.webui.keyword.internal.WebUIKeywordMain.stepFailed(WebUIKeywordMain.groovy:64)
	at com.kms.katalon.core.webui.keyword.internal.WebUIKeywordMain.runKeyword(WebUIKeywordMain.groovy:26)
	at com.kms.katalon.core.webui.keyword.builtin.ClickKeyword.click(ClickKeyword.groovy:74)
	at com.kms.katalon.core.webui.keyword.builtin.ClickKeyword.execute(ClickKeyword.groovy:40)
	at com.kms.katalon.core.keyword.internal.KeywordExecutor.executeKeywordForPlatform(KeywordExecutor.groovy:74)
	at com.kms.katalon.core.webui.keyword.WebUiBuiltInKeywords.click(WebUiBuiltInKeywords.groovy:620)
	at com.kms.katalon.core.webui.keyword.WebUiBuiltInKeywords$click$5.call(Unknown Source)
	at 5.1.1-Reporte_de_accidente_de_trabajo.run(5.1.1-Reporte_de_accidente_de_trabajo:47)
	at com.kms.katalon.core.main.ScriptEngine.run(ScriptEngine.java:194)
	at com.kms.katalon.core.main.ScriptEngine.runScriptAsRawText(ScriptEngine.java:119)
	at com.kms.katalon.core.main.TestCaseExecutor.runScript(TestCaseExecutor.java:442)
	at com.kms.katalon.core.main.TestCaseExecutor.doExecute(TestCaseExecutor.java:433)
	at com.kms.katalon.core.main.TestCaseExecutor.processExecutionPhase(TestCaseExecutor.java:412)
	at com.kms.katalon.core.main.TestCaseExecutor.accessMainPhase(TestCaseExecutor.java:404)
	at com.kms.katalon.core.main.TestCaseExecutor.execute(TestCaseExecutor.java:281)
	at com.kms.katalon.core.main.TestSuiteExecutor.accessTestCaseMainPhase(TestSuiteExecutor.java:202)
	at com.kms.katalon.core.main.TestSuiteExecutor.accessTestSuiteMainPhase(TestSuiteExecutor.java:164)
	at com.kms.katalon.core.main.TestSuiteExecutor.execute(TestSuiteExecutor.java:105)
	at com.kms.katalon.core.main.TestCaseMain.startTestSuite(TestCaseMain.java:181)
	at com.kms.katalon.core.main.TestCaseMain$startTestSuite$0.call(Unknown Source)
	at TempTestSuite1640798635364.run(TempTestSuite1640798635364.groovy:36)
Caused by: com.kms.katalon.core.webui.exception.WebElementNotFoundException: Web element with id: 'Object Repository/Modulo Pruebas SST/Reporte_de_accidente_de_trabajo/a_Eliminar1' located by '//a[@id='form_popupTestigoAccidente:j_idt175']' not found
	at com.kms.katalon.core.webui.common.WebUiCommonHelper.findWebElement(WebUiCommonHelper.java:1368)
	at com.kms.katalon.core.webui.keyword.internal.WebUIAbstractKeyword.findWebElement(WebUIAbstractKeyword.groovy:27)
	at com.kms.katalon.core.webui.keyword.builtin.ClickKeyword$_click_closure1.doCall(ClickKeyword.groovy:65)
	at com.kms.katalon.core.webui.keyword.builtin.ClickKeyword$_click_closure1.call(ClickKeyword.groovy)
	at com.kms.katalon.core.webui.keyword.internal.WebUIKeywordMain.runKeyword(WebUIKeywordMain.groovy:20)
	... 19 more]]></system-out>
      <system-err><![CDATA[2021-12-29 12:36:26 - [TEST_SUITE][FAILED] - 5-Pruebas SST: Test Cases/5.1-Pruebas_SST/5.1.1-Reporte_de_accidente_de_trabajo FAILED.
Reason:
com.kms.katalon.core.exception.StepFailedException: Unable to click on object 'Object Repository/Modulo Pruebas SST/Reporte_de_accidente_de_trabajo/a_Eliminar1'
	at com.kms.katalon.core.webui.keyword.internal.WebUIKeywordMain.stepFailed(WebUIKeywordMain.groovy:64)
	at com.kms.katalon.core.webui.keyword.internal.WebUIKeywordMain.runKeyword(WebUIKeywordMain.groovy:26)
	at com.kms.katalon.core.webui.keyword.builtin.ClickKeyword.click(ClickKeyword.groovy:74)
	at com.kms.katalon.core.webui.keyword.builtin.ClickKeyword.execute(ClickKeyword.groovy:40)
	at com.kms.katalon.core.keyword.internal.KeywordExecutor.executeKeywordForPlatform(KeywordExecutor.groovy:74)
	at com.kms.katalon.core.webui.keyword.WebUiBuiltInKeywords.click(WebUiBuiltInKeywords.groovy:620)
	at com.kms.katalon.core.webui.keyword.WebUiBuiltInKeywords$click$5.call(Unknown Source)
	at 5.1.1-Reporte_de_accidente_de_trabajo.run(5.1.1-Reporte_de_accidente_de_trabajo:47)
	at com.kms.katalon.core.main.ScriptEngine.run(ScriptEngine.java:194)
	at com.kms.katalon.core.main.ScriptEngine.runScriptAsRawText(ScriptEngine.java:119)
	at com.kms.katalon.core.main.TestCaseExecutor.runScript(TestCaseExecutor.java:442)
	at com.kms.katalon.core.main.TestCaseExecutor.doExecute(TestCaseExecutor.java:433)
	at com.kms.katalon.core.main.TestCaseExecutor.processExecutionPhase(TestCaseExecutor.java:412)
	at com.kms.katalon.core.main.TestCaseExecutor.accessMainPhase(TestCaseExecutor.java:404)
	at com.kms.katalon.core.main.TestCaseExecutor.execute(TestCaseExecutor.java:281)
	at com.kms.katalon.core.main.TestSuiteExecutor.accessTestCaseMainPhase(TestSuiteExecutor.java:202)
	at com.kms.katalon.core.main.TestSuiteExecutor.accessTestSuiteMainPhase(TestSuiteExecutor.java:164)
	at com.kms.katalon.core.main.TestSuiteExecutor.execute(TestSuiteExecutor.java:105)
	at com.kms.katalon.core.main.TestCaseMain.startTestSuite(TestCaseMain.java:181)
	at com.kms.katalon.core.main.TestCaseMain$startTestSuite$0.call(Unknown Source)
	at TempTestSuite1640798635364.run(TempTestSuite1640798635364.groovy:36)
Caused by: com.kms.katalon.core.webui.exception.WebElementNotFoundException: Web element with id: 'Object Repository/Modulo Pruebas SST/Reporte_de_accidente_de_trabajo/a_Eliminar1' located by '//a[@id='form_popupTestigoAccidente:j_idt175']' not found
	at com.kms.katalon.core.webui.common.WebUiCommonHelper.findWebElement(WebUiCommonHelper.java:1368)
	at com.kms.katalon.core.webui.keyword.internal.WebUIAbstractKeyword.findWebElement(WebUIAbstractKeyword.groovy:27)
	at com.kms.katalon.core.webui.keyword.builtin.ClickKeyword$_click_closure1.doCall(ClickKeyword.groovy:65)
	at com.kms.katalon.core.webui.keyword.builtin.ClickKeyword$_click_closure1.call(ClickKeyword.groovy)
	at com.kms.katalon.core.webui.keyword.internal.WebUIKeywordMain.runKeyword(WebUIKeywordMain.groovy:20)
	... 19 more]]></system-err>
   </testsuite>
</testsuites>
