<?xml version="1.0" encoding="UTF-8"?>
<testsuites name="1-Tareas Principales" time="3420.222" tests="71" failures="3" errors="0">
   <testsuite name="1-Tareas Principales" tests="71" failures="3" errors="0" time="3420.222" skipped="0" timestamp="2023-04-10 08:32:56" hostname="diego.rojas - US-AF-000371" id="Test Suites/Test_Suite_Principales/1-Tareas Principales">
      <properties>
         <property name="deviceName" value=""/>
         <property name="devicePlatform" value=""/>
         <property name="logFolder" value="C:\\Users\\diego.rojas\\git\\Pruebas-Minimas\\Reports\\20230410_083252\\Test_Suite_Principales\\1-Tareas Principales\\20230410_083252"/>
         <property name="logFiles" value="C:\\Users\\diego.rojas\\git\\Pruebas-Minimas\\Reports\\20230410_083252\\Test_Suite_Principales\\1-Tareas Principales\\20230410_083252\\execution0.log, C:\\Users\\diego.rojas\\git\\Pruebas-Minimas\\Reports\\20230410_083252\\Test_Suite_Principales\\1-Tareas Principales\\20230410_083252\\execution1.log"/>
         <property name="attachments" value="C:\\Users\\diego.rojas\\git\\Pruebas-Minimas\\Reports\\20230410_083252\\Test_Suite_Principales\\1-Tareas Principales\\20230410_083252\\1681135147133.png, C:\\Users\\diego.rojas\\git\\Pruebas-Minimas\\Reports\\20230410_083252\\Test_Suite_Principales\\1-Tareas Principales\\20230410_083252\\1681136544786.png, C:\\Users\\diego.rojas\\git\\Pruebas-Minimas\\Reports\\20230410_083252\\Test_Suite_Principales\\1-Tareas Principales\\20230410_083252\\1681136778747.png, C:\\Users\\diego.rojas\\git\\Pruebas-Minimas\\Reports\\20230410_083252\\Test_Suite_Principales\\1-Tareas Principales\\20230410_083252\\1681136862626.png"/>
         <property name="hostName" value="diego.rojas - US-AF-000371"/>
         <property name="os" value="Windows 10 64bit"/>
         <property name="katalonVersion" value="8.6.0.208"/>
         <property name="browser" value="Chrome 111.0.0.0"/>
         <property name="hostAddress" value="192.168.56.1"/>
         <property name="sessionId" value="2d75d4d8d70a9863f83a3cd11f22ac90"/>
         <property name="seleniumVersion" value="3.141.59"/>
         <property name="proxyInformation" value="ProxyInformation { proxyOption=NO_PROXY, proxyServerType=HTTP, username=, password=********, proxyServerAddress=, proxyServerPort=0, executionList=&quot;&quot;, isApplyToDesiredCapabilities=true }"/>
         <property name="platform" value="Windows 10"/>
      </properties>
      <testcase name="Test Cases/1.1-Tareas Principales/1.1.1-Crear Nueva Hoja de Vida" time="51.507" classname="Test Cases/1.1-Tareas Principales/1.1.1-Crear Nueva Hoja de Vida" status="PASSED">
         <system-out><![CDATA[2023-04-10 08:32:56 - [TEST_CASE][PASSED] - Test Cases/1.1-Tareas Principales/1.1.1-Crear Nueva Hoja de Vida: Test Cases/1.1-Tareas Principales/1.1.1-Crear Nueva Hoja de Vida

2023-04-10 08:32:56 - [TEST_STEP][PASSED] - random_double = Math.random() * 9999 + 999: null

2023-04-10 08:32:56 - [TEST_STEP][PASSED] - random_double = Math.round(random_double * 1000): null

2023-04-10 08:32:56 - [TEST_STEP][PASSED] - identificacion = toString().replace(".0", ""): null

2023-04-10 08:32:56 - [TEST_STEP][PASSED] - callTestCase(findTestCase("0.1.1-Login_detector"), [:], STOP_ON_FAILURE): Call Test Case 'Test Cases/0.1.1-Login_detector' successfully

2023-04-10 08:32:57 - [TEST_CASE][PASSED] - Test Cases/0.1.1-Login_detector: Test Cases/0.1.1-Login_detector

2023-04-10 08:32:57 - [TEST_STEP][PASSED] - openBrowser(""): Browser is opened with url: ''

2023-04-10 08:32:57 - [MESSAGE][INFO] - Starting 'Chrome' driver

2023-04-10 08:32:57 - [MESSAGE][INFO] - Action delay is set to 0 milliseconds

2023-04-10 08:33:00 - [MESSAGE][PASSED] - Browser is opened with url: ''

2023-04-10 08:33:00 - [TEST_STEP][PASSED] - maximizeWindow(): Current window maximized

2023-04-10 08:33:00 - [MESSAGE][PASSED] - Current window maximized

2023-04-10 08:33:00 - [TEST_STEP][PASSED] - i = G_Login: null

2023-04-10 08:33:00 - [TEST_STEP][PASSED] - url = new java.net.URL(i): null

2023-04-10 08:33:00 - [TEST_STEP][PASSED] - println("URL: " + url.toString()): null

2023-04-10 08:33:00 - [TEST_STEP][PASSED] - connection = url.openConnection(): null

2023-04-10 08:33:00 - [TEST_STEP][PASSED] - connection.setRequestMethod("GET"): null

2023-04-10 08:33:00 - [TEST_STEP][PASSED] - connection.setReadTimeout(2 * 1000): null

2023-04-10 08:33:00 - [TEST_STEP][PASSED] - try: null

2023-04-10 08:33:00 - [TEST_STEP][PASSED] - connection.connect(): null

2023-04-10 08:33:00 - [TEST_STEP][PASSED] - flag = connected: null

2023-04-10 08:33:00 - [TEST_STEP][PASSED] - println("Valor_ori: " + flag): null

2023-04-10 08:33:00 - [TEST_STEP][PASSED] - if (flag): null

2023-04-10 08:33:00 - [TEST_STEP][PASSED] - navigateToUrl(i): Navigate to 'http://192.168.2.19:8380/saraweb' successfully

2023-04-10 08:33:01 - [MESSAGE][PASSED] - Navigate to 'http://192.168.2.19:8380/saraweb' successfully

2023-04-10 08:33:01 - [TEST_STEP][PASSED] - a(): null

2023-04-10 08:33:01 - [TEST_STEP][PASSED] - USER = G_Usuario: null

2023-04-10 08:33:01 - [TEST_STEP][PASSED] - if (USER == "weblogic"): null

2023-04-10 08:33:01 - [TEST_STEP][PASSED] - else: Web element with id: 'Object Repository/3-OBJECTS UTILIDADES/Login/a_Ingresar' located by '//a[contains(text(),'Ingresar')]' not found

2023-04-10 08:33:01 - [TEST_STEP][PASSED] - setText(findTestObject("3-OBJECTS UTILIDADES/Login/input_USUARIO_loginusuario"), USER): Text 'saraadmin' is set on object 'Object Repository/3-OBJECTS UTILIDADES/Login/input_USUARIO_loginusuario'

2023-04-10 08:33:02 - [MESSAGE][PASSED] - Text 'saraadmin' is set on object 'Object Repository/3-OBJECTS UTILIDADES/Login/input_USUARIO_loginusuario'

2023-04-10 08:33:02 - [TEST_STEP][PASSED] - setEncryptedText(findTestObject("3-OBJECTS UTILIDADES/Login/input_CLAVE_loginpassword"), "SlAwMcyRKqrwbnzhAs8HhT6NnI7sEyng"): Text ****** has been set on object 'Object Repository/3-OBJECTS UTILIDADES/Login/input_CLAVE_loginpassword'

2023-04-10 08:33:05 - [MESSAGE][PASSED] - Text ****** has been set on object 'Object Repository/3-OBJECTS UTILIDADES/Login/input_CLAVE_loginpassword'

2023-04-10 08:33:05 - [TEST_STEP][PASSED] - if (waitForElementClickable(findTestObject("3-OBJECTS UTILIDADES/Login/a_Ingresar"), 1)): Web element with id: 'Object Repository/3-OBJECTS UTILIDADES/Login/a_Ingresar' located by '//a[contains(text(),'Ingresar')]' not found

2023-04-10 08:33:07 - [MESSAGE][INFO] - Unable to find the element located by 'By.xpath: //a[contains(text(),'Ingresar')]'. Please recheck the objects properties to make sure the desired element is located. 

2023-04-10 08:33:07 - [MESSAGE][WARNING] - Web element with id: 'Object Repository/3-OBJECTS UTILIDADES/Login/a_Ingresar' located by '//a[contains(text(),'Ingresar')]' not found

2023-04-10 08:33:07 - [MESSAGE][PASSED] - Call Test Case 'Test Cases/0.1.1-Login_detector' successfully

2023-04-10 08:33:07 - [TEST_STEP][PASSED] - waitForElementClickable(findTestObject("1-OBJECTS TAREAS PRINCIPALES/Modulo Tarea Listado Hojas de Vida/Crear Nueva Hoja de Vida/input_Listado Hojas De Vida_form_templatej_idt24_input"), G_TimeOut): Object 'Object Repository/1-OBJECTS TAREAS PRINCIPALES/Modulo Tarea Listado Hojas de Vida/Crear Nueva Hoja de Vida/input_Listado Hojas De Vida_form_templatej_idt24_input' is clickable

2023-04-10 08:33:08 - [MESSAGE][PASSED] - Object 'Object Repository/1-OBJECTS TAREAS PRINCIPALES/Modulo Tarea Listado Hojas de Vida/Crear Nueva Hoja de Vida/input_Listado Hojas De Vida_form_templatej_idt24_input' is clickable

2023-04-10 08:33:08 - [TEST_STEP][PASSED] - setText(findTestObject("1-OBJECTS TAREAS PRINCIPALES/Modulo Tarea Listado Hojas de Vida/Crear Nueva Hoja de Vida/input_Listado Hojas De Vida_form_templatej_idt24_input"), "Listado Hojas de Vida"): Text 'Listado Hojas de Vida' is set on object 'Object Repository/1-OBJECTS TAREAS PRINCIPALES/Modulo Tarea Listado Hojas de Vida/Crear Nueva Hoja de Vida/input_Listado Hojas De Vida_form_templatej_idt24_input'

2023-04-10 08:33:09 - [MESSAGE][PASSED] - Text 'Listado Hojas de Vida' is set on object 'Object Repository/1-OBJECTS TAREAS PRINCIPALES/Modulo Tarea Listado Hojas de Vida/Crear Nueva Hoja de Vida/input_Listado Hojas De Vida_form_templatej_idt24_input'

2023-04-10 08:33:09 - [TEST_STEP][PASSED] - waitForElementVisible(findTestObject("1-OBJECTS TAREAS PRINCIPALES/Modulo Tarea Listado Hojas de Vida/Crear Nueva Hoja de Vida/span_Listado Hojas de Vida"), 0): Object 'Object Repository/1-OBJECTS TAREAS PRINCIPALES/Modulo Tarea Listado Hojas de Vida/Crear Nueva Hoja de Vida/span_Listado Hojas de Vida' is visible

2023-04-10 08:33:09 - [MESSAGE][WARNING] - Timeout '0' is invalid. Using default page load timeout: '37'

2023-04-10 08:33:10 - [MESSAGE][PASSED] - Object 'Object Repository/1-OBJECTS TAREAS PRINCIPALES/Modulo Tarea Listado Hojas de Vida/Crear Nueva Hoja de Vida/span_Listado Hojas de Vida' is visible

2023-04-10 08:33:10 - [TEST_STEP][PASSED] - click(findTestObject("1-OBJECTS TAREAS PRINCIPALES/Modulo Tarea Listado Hojas de Vida/Crear Nueva Hoja de Vida/span_Listado Hojas de Vida")): Object: 'Object Repository/1-OBJECTS TAREAS PRINCIPALES/Modulo Tarea Listado Hojas de Vida/Crear Nueva Hoja de Vida/span_Listado Hojas de Vida' is clicked on

2023-04-10 08:33:11 - [MESSAGE][PASSED] - Object: 'Object Repository/1-OBJECTS TAREAS PRINCIPALES/Modulo Tarea Listado Hojas de Vida/Crear Nueva Hoja de Vida/span_Listado Hojas de Vida' is clicked on

2023-04-10 08:33:11 - [TEST_STEP][PASSED] - waitForElementClickable(findTestObject("1-OBJECTS TAREAS PRINCIPALES/Modulo Tarea Listado Hojas de Vida/Crear Nueva Hoja de Vida/a_Nueva HojaVida"), G_TimeOut): Object 'Object Repository/1-OBJECTS TAREAS PRINCIPALES/Modulo Tarea Listado Hojas de Vida/Crear Nueva Hoja de Vida/a_Nueva HojaVida' is clickable

2023-04-10 08:33:13 - [MESSAGE][PASSED] - Object 'Object Repository/1-OBJECTS TAREAS PRINCIPALES/Modulo Tarea Listado Hojas de Vida/Crear Nueva Hoja de Vida/a_Nueva HojaVida' is clickable

2023-04-10 08:33:13 - [TEST_STEP][PASSED] - click(findTestObject("1-OBJECTS TAREAS PRINCIPALES/Modulo Tarea Listado Hojas de Vida/Crear Nueva Hoja de Vida/a_Nueva HojaVida")): Object: 'Object Repository/1-OBJECTS TAREAS PRINCIPALES/Modulo Tarea Listado Hojas de Vida/Crear Nueva Hoja de Vida/a_Nueva HojaVida' is clicked on

2023-04-10 08:33:14 - [MESSAGE][PASSED] - Object: 'Object Repository/1-OBJECTS TAREAS PRINCIPALES/Modulo Tarea Listado Hojas de Vida/Crear Nueva Hoja de Vida/a_Nueva HojaVida' is clicked on

2023-04-10 08:33:14 - [TEST_STEP][PASSED] - waitForElementClickable(findTestObject("1-OBJECTS TAREAS PRINCIPALES/Modulo Tarea Listado Hojas de Vida/Crear Nueva Hoja de Vida/input_Identificacin_nuevahoja_"), 0): Object 'Object Repository/1-OBJECTS TAREAS PRINCIPALES/Modulo Tarea Listado Hojas de Vida/Crear Nueva Hoja de Vida/input_Identificacin_nuevahoja_' is clickable

2023-04-10 08:33:14 - [MESSAGE][WARNING] - Timeout '0' is invalid. Using default page load timeout: '37'

2023-04-10 08:33:14 - [MESSAGE][PASSED] - Object 'Object Repository/1-OBJECTS TAREAS PRINCIPALES/Modulo Tarea Listado Hojas de Vida/Crear Nueva Hoja de Vida/input_Identificacin_nuevahoja_' is clickable

2023-04-10 08:33:14 - [TEST_STEP][PASSED] - setText(findTestObject("1-OBJECTS TAREAS PRINCIPALES/Modulo Tarea Listado Hojas de Vida/Crear Nueva Hoja de Vida/input_Identificacin_nuevahoja_"), identificacion): Text '6542051' is set on object 'Object Repository/1-OBJECTS TAREAS PRINCIPALES/Modulo Tarea Listado Hojas de Vida/Crear Nueva Hoja de Vida/input_Identificacin_nuevahoja_'

2023-04-10 08:33:15 - [MESSAGE][PASSED] - Text '6542051' is set on object 'Object Repository/1-OBJECTS TAREAS PRINCIPALES/Modulo Tarea Listado Hojas de Vida/Crear Nueva Hoja de Vida/input_Identificacin_nuevahoja_'

2023-04-10 08:33:15 - [TEST_STEP][PASSED] - selectOptionByIndex(findTestObject("1-OBJECTS TAREAS PRINCIPALES/Modulo Tarea Listado Hojas de Vida/Crear Nueva Hoja de Vida/select_-- Seleccione --.ASPIRA"), "4"): All options with index in [4] are selected on object 'Object Repository/1-OBJECTS TAREAS PRINCIPALES/Modulo Tarea Listado Hojas de Vida/Crear Nueva Hoja de Vida/select_-- Seleccione --.ASPIRA'

2023-04-10 08:33:16 - [MESSAGE][PASSED] - All options with index in [4] are selected on object 'Object Repository/1-OBJECTS TAREAS PRINCIPALES/Modulo Tarea Listado Hojas de Vida/Crear Nueva Hoja de Vida/select_-- Seleccione --.ASPIRA'

2023-04-10 08:33:16 - [TEST_STEP][PASSED] - click(findTestObject("1-OBJECTS TAREAS PRINCIPALES/Modulo Tarea Listado Hojas de Vida/Crear Nueva Hoja de Vida/a_Nueva Solicitud")): Object: 'Object Repository/1-OBJECTS TAREAS PRINCIPALES/Modulo Tarea Listado Hojas de Vida/Crear Nueva Hoja de Vida/a_Nueva Solicitud' is clicked on

2023-04-10 08:33:17 - [MESSAGE][PASSED] - Object: 'Object Repository/1-OBJECTS TAREAS PRINCIPALES/Modulo Tarea Listado Hojas de Vida/Crear Nueva Hoja de Vida/a_Nueva Solicitud' is clicked on

2023-04-10 08:33:17 - [TEST_STEP][PASSED] - waitForElementPresent(findTestObject("1-OBJECTS TAREAS PRINCIPALES/Modulo Tarea Listado Hojas de Vida/Crear Nueva Hoja de Vida/input__hojaVidaseccionj_idt8350j_idt845"), 0): Object 'Object Repository/1-OBJECTS TAREAS PRINCIPALES/Modulo Tarea Listado Hojas de Vida/Crear Nueva Hoja de Vida/input__hojaVidaseccionj_idt8350j_idt845' is present

2023-04-10 08:33:17 - [MESSAGE][WARNING] - Timeout '0' is invalid. Using default page load timeout: '37'

2023-04-10 08:33:19 - [MESSAGE][PASSED] - Object 'Object Repository/1-OBJECTS TAREAS PRINCIPALES/Modulo Tarea Listado Hojas de Vida/Crear Nueva Hoja de Vida/input__hojaVidaseccionj_idt8350j_idt845' is present

2023-04-10 08:33:19 - [TEST_STEP][PASSED] - setText(findTestObject("1-OBJECTS TAREAS PRINCIPALES/Modulo Tarea Listado Hojas de Vida/Crear Nueva Hoja de Vida/input__hojaVidaseccionj_idt8350j_idt845"), identificacion): Text '6542051' is set on object 'Object Repository/1-OBJECTS TAREAS PRINCIPALES/Modulo Tarea Listado Hojas de Vida/Crear Nueva Hoja de Vida/input__hojaVidaseccionj_idt8350j_idt845'

2023-04-10 08:33:20 - [MESSAGE][PASSED] - Text '6542051' is set on object 'Object Repository/1-OBJECTS TAREAS PRINCIPALES/Modulo Tarea Listado Hojas de Vida/Crear Nueva Hoja de Vida/input__hojaVidaseccionj_idt8350j_idt845'

2023-04-10 08:33:20 - [TEST_STEP][PASSED] - setText(findTestObject("1-OBJECTS TAREAS PRINCIPALES/Modulo Tarea Listado Hojas de Vida/Crear Nueva Hoja de Vida/input__hojaVidaseccionj_idt8351j_idt845"), "Empleado" + identificacion): Text 'Empleado6542051' is set on object 'Object Repository/1-OBJECTS TAREAS PRINCIPALES/Modulo Tarea Listado Hojas de Vida/Crear Nueva Hoja de Vida/input__hojaVidaseccionj_idt8351j_idt845'

2023-04-10 08:33:21 - [MESSAGE][PASSED] - Text 'Empleado6542051' is set on object 'Object Repository/1-OBJECTS TAREAS PRINCIPALES/Modulo Tarea Listado Hojas de Vida/Crear Nueva Hoja de Vida/input__hojaVidaseccionj_idt8351j_idt845'

2023-04-10 08:33:21 - [TEST_STEP][PASSED] - setText(findTestObject("1-OBJECTS TAREAS PRINCIPALES/Modulo Tarea Listado Hojas de Vida/Crear Nueva Hoja de Vida/input__hojaVidaseccionj_idt8352j_idt845"), " Pruebas_Automaticas"): Text ' Pruebas_Automaticas' is set on object 'Object Repository/1-OBJECTS TAREAS PRINCIPALES/Modulo Tarea Listado Hojas de Vida/Crear Nueva Hoja de Vida/input__hojaVidaseccionj_idt8352j_idt845'

2023-04-10 08:33:22 - [MESSAGE][PASSED] - Text ' Pruebas_Automaticas' is set on object 'Object Repository/1-OBJECTS TAREAS PRINCIPALES/Modulo Tarea Listado Hojas de Vida/Crear Nueva Hoja de Vida/input__hojaVidaseccionj_idt8352j_idt845'

2023-04-10 08:33:22 - [TEST_STEP][PASSED] - setText(findTestObject("1-OBJECTS TAREAS PRINCIPALES/Modulo Tarea Listado Hojas de Vida/Crear Nueva Hoja de Vida/input__hojaVidaseccionj_idt8353fecha_input"), "30/08/1995"): Text '30/08/1995' is set on object 'Object Repository/1-OBJECTS TAREAS PRINCIPALES/Modulo Tarea Listado Hojas de Vida/Crear Nueva Hoja de Vida/input__hojaVidaseccionj_idt8353fecha_input'

2023-04-10 08:33:22 - [MESSAGE][PASSED] - Text '30/08/1995' is set on object 'Object Repository/1-OBJECTS TAREAS PRINCIPALES/Modulo Tarea Listado Hojas de Vida/Crear Nueva Hoja de Vida/input__hojaVidaseccionj_idt8353fecha_input'

2023-04-10 08:33:22 - [TEST_STEP][PASSED] - sendKeys(findTestObject("1-OBJECTS TAREAS PRINCIPALES/Modulo Tarea Listado Hojas de Vida/Crear Nueva Hoja de Vida/input__hojaVidaseccionj_idt8353fecha_input"), Keys.chord(ENTER)): Keys 'ENTER + ' sent to object: 'Object Repository/1-OBJECTS TAREAS PRINCIPALES/Modulo Tarea Listado Hojas de Vida/Crear Nueva Hoja de Vida/input__hojaVidaseccionj_idt8353fecha_input'

2023-04-10 08:33:23 - [MESSAGE][PASSED] - Keys 'ENTER + ' sent to object: 'Object Repository/1-OBJECTS TAREAS PRINCIPALES/Modulo Tarea Listado Hojas de Vida/Crear Nueva Hoja de Vida/input__hojaVidaseccionj_idt8353fecha_input'

2023-04-10 08:33:23 - [TEST_STEP][PASSED] - waitForElementClickable(findTestObject("1-OBJECTS TAREAS PRINCIPALES/Modulo Tarea Listado Hojas de Vida/Crear Nueva Hoja de Vida/a__hojaVidaseccionj_idt8354j_idt865"), G_TimeOut): Object 'Object Repository/1-OBJECTS TAREAS PRINCIPALES/Modulo Tarea Listado Hojas de Vida/Crear Nueva Hoja de Vida/a__hojaVidaseccionj_idt8354j_idt865' is clickable

2023-04-10 08:33:23 - [MESSAGE][PASSED] - Object 'Object Repository/1-OBJECTS TAREAS PRINCIPALES/Modulo Tarea Listado Hojas de Vida/Crear Nueva Hoja de Vida/a__hojaVidaseccionj_idt8354j_idt865' is clickable

2023-04-10 08:33:23 - [TEST_STEP][PASSED] - click(findTestObject("1-OBJECTS TAREAS PRINCIPALES/Modulo Tarea Listado Hojas de Vida/Crear Nueva Hoja de Vida/a__hojaVidaseccionj_idt8354j_idt865")): Object: 'Object Repository/1-OBJECTS TAREAS PRINCIPALES/Modulo Tarea Listado Hojas de Vida/Crear Nueva Hoja de Vida/a__hojaVidaseccionj_idt8354j_idt865' is clicked on

2023-04-10 08:33:24 - [MESSAGE][PASSED] - Object: 'Object Repository/1-OBJECTS TAREAS PRINCIPALES/Modulo Tarea Listado Hojas de Vida/Crear Nueva Hoja de Vida/a__hojaVidaseccionj_idt8354j_idt865' is clicked on

2023-04-10 08:33:24 - [TEST_STEP][PASSED] - waitForElementClickable(findTestObject("1-OBJECTS TAREAS PRINCIPALES/Modulo Tarea Listado Hojas de Vida/Crear Nueva Hoja de Vida/span_CEDULA CIUDADANIA"), G_TimeOut): Object 'Object Repository/1-OBJECTS TAREAS PRINCIPALES/Modulo Tarea Listado Hojas de Vida/Crear Nueva Hoja de Vida/span_CEDULA CIUDADANIA' is clickable

2023-04-10 08:33:25 - [MESSAGE][PASSED] - Object 'Object Repository/1-OBJECTS TAREAS PRINCIPALES/Modulo Tarea Listado Hojas de Vida/Crear Nueva Hoja de Vida/span_CEDULA CIUDADANIA' is clickable

2023-04-10 08:33:25 - [TEST_STEP][PASSED] - click(findTestObject("1-OBJECTS TAREAS PRINCIPALES/Modulo Tarea Listado Hojas de Vida/Crear Nueva Hoja de Vida/span_CEDULA CIUDADANIA")): Object: 'Object Repository/1-OBJECTS TAREAS PRINCIPALES/Modulo Tarea Listado Hojas de Vida/Crear Nueva Hoja de Vida/span_CEDULA CIUDADANIA' is clicked on

2023-04-10 08:33:25 - [MESSAGE][PASSED] - Object: 'Object Repository/1-OBJECTS TAREAS PRINCIPALES/Modulo Tarea Listado Hojas de Vida/Crear Nueva Hoja de Vida/span_CEDULA CIUDADANIA' is clicked on

2023-04-10 08:33:25 - [TEST_STEP][PASSED] - waitForElementClickable(findTestObject("1-OBJECTS TAREAS PRINCIPALES/Modulo Tarea Listado Hojas de Vida/Crear Nueva Hoja de Vida/input_Fecha Expedicin_hojaVidas"), G_TimeOut): Object 'Object Repository/1-OBJECTS TAREAS PRINCIPALES/Modulo Tarea Listado Hojas de Vida/Crear Nueva Hoja de Vida/input_Fecha Expedicin_hojaVidas' is clickable

2023-04-10 08:33:26 - [MESSAGE][PASSED] - Object 'Object Repository/1-OBJECTS TAREAS PRINCIPALES/Modulo Tarea Listado Hojas de Vida/Crear Nueva Hoja de Vida/input_Fecha Expedicin_hojaVidas' is clickable

2023-04-10 08:33:26 - [TEST_STEP][PASSED] - setText(findTestObject("1-OBJECTS TAREAS PRINCIPALES/Modulo Tarea Listado Hojas de Vida/Crear Nueva Hoja de Vida/input_Fecha Expedicin_hojaVidas"), "13/09/2013"): Text '13/09/2013' is set on object 'Object Repository/1-OBJECTS TAREAS PRINCIPALES/Modulo Tarea Listado Hojas de Vida/Crear Nueva Hoja de Vida/input_Fecha Expedicin_hojaVidas'

2023-04-10 08:33:27 - [MESSAGE][PASSED] - Text '13/09/2013' is set on object 'Object Repository/1-OBJECTS TAREAS PRINCIPALES/Modulo Tarea Listado Hojas de Vida/Crear Nueva Hoja de Vida/input_Fecha Expedicin_hojaVidas'

2023-04-10 08:33:27 - [TEST_STEP][PASSED] - sendKeys(findTestObject("1-OBJECTS TAREAS PRINCIPALES/Modulo Tarea Listado Hojas de Vida/Crear Nueva Hoja de Vida/input_Fecha Expedicin_hojaVidas"), Keys.chord(ENTER)): Keys 'ENTER + ' sent to object: 'Object Repository/1-OBJECTS TAREAS PRINCIPALES/Modulo Tarea Listado Hojas de Vida/Crear Nueva Hoja de Vida/input_Fecha Expedicin_hojaVidas'

2023-04-10 08:33:27 - [MESSAGE][PASSED] - Keys 'ENTER + ' sent to object: 'Object Repository/1-OBJECTS TAREAS PRINCIPALES/Modulo Tarea Listado Hojas de Vida/Crear Nueva Hoja de Vida/input_Fecha Expedicin_hojaVidas'

2023-04-10 08:33:27 - [TEST_STEP][PASSED] - selectOptionByIndex(findTestObject("1-OBJECTS TAREAS PRINCIPALES/Modulo Tarea Listado Hojas de Vida/Crear Nueva Hoja de Vida/select_-- Seleccione--000000ABEJORRAL"), "113"): All options with index in [113] are selected on object 'Object Repository/1-OBJECTS TAREAS PRINCIPALES/Modulo Tarea Listado Hojas de Vida/Crear Nueva Hoja de Vida/select_-- Seleccione--000000ABEJORRAL'

2023-04-10 08:33:30 - [MESSAGE][PASSED] - All options with index in [113] are selected on object 'Object Repository/1-OBJECTS TAREAS PRINCIPALES/Modulo Tarea Listado Hojas de Vida/Crear Nueva Hoja de Vida/select_-- Seleccione--000000ABEJORRAL'

2023-04-10 08:33:30 - [TEST_STEP][PASSED] - setText(findTestObject("1-OBJECTS TAREAS PRINCIPALES/Modulo Tarea Listado Hojas de Vida/Crear Nueva Hoja de Vida/input__hojaVidaseccionj_idt8358j_idt845"), "634564654684"): Text '634564654684' is set on object 'Object Repository/1-OBJECTS TAREAS PRINCIPALES/Modulo Tarea Listado Hojas de Vida/Crear Nueva Hoja de Vida/input__hojaVidaseccionj_idt8358j_idt845'

2023-04-10 08:33:31 - [MESSAGE][PASSED] - Text '634564654684' is set on object 'Object Repository/1-OBJECTS TAREAS PRINCIPALES/Modulo Tarea Listado Hojas de Vida/Crear Nueva Hoja de Vida/input__hojaVidaseccionj_idt8358j_idt845'

2023-04-10 08:33:31 - [TEST_STEP][PASSED] - setText(findTestObject("1-OBJECTS TAREAS PRINCIPALES/Modulo Tarea Listado Hojas de Vida/Crear Nueva Hoja de Vida/input__hojaVidaseccionj_idt8359j_idt845"), "noodle@gmail.com"): Text 'noodle@gmail.com' is set on object 'Object Repository/1-OBJECTS TAREAS PRINCIPALES/Modulo Tarea Listado Hojas de Vida/Crear Nueva Hoja de Vida/input__hojaVidaseccionj_idt8359j_idt845'

2023-04-10 08:33:32 - [MESSAGE][PASSED] - Text 'noodle@gmail.com' is set on object 'Object Repository/1-OBJECTS TAREAS PRINCIPALES/Modulo Tarea Listado Hojas de Vida/Crear Nueva Hoja de Vida/input__hojaVidaseccionj_idt8359j_idt845'

2023-04-10 08:33:32 - [TEST_STEP][PASSED] - selectOptionByIndex(findTestObject("1-OBJECTS TAREAS PRINCIPALES/Modulo Tarea Listado Hojas de Vida/Crear Nueva Hoja de Vida/select_AA-ABAB-BB-OO-"), "7"): All options with index in [7] are selected on object 'Object Repository/1-OBJECTS TAREAS PRINCIPALES/Modulo Tarea Listado Hojas de Vida/Crear Nueva Hoja de Vida/select_AA-ABAB-BB-OO-'

2023-04-10 08:33:33 - [MESSAGE][PASSED] - All options with index in [7] are selected on object 'Object Repository/1-OBJECTS TAREAS PRINCIPALES/Modulo Tarea Listado Hojas de Vida/Crear Nueva Hoja de Vida/select_AA-ABAB-BB-OO-'

2023-04-10 08:33:33 - [TEST_STEP][PASSED] - click(findTestObject("1-OBJECTS TAREAS PRINCIPALES/Modulo Tarea Listado Hojas de Vida/Crear Nueva Hoja de Vida/a__hojaVidaseccionj_idt21411j_idt254")): Object: 'Object Repository/1-OBJECTS TAREAS PRINCIPALES/Modulo Tarea Listado Hojas de Vida/Crear Nueva Hoja de Vida/a__hojaVidaseccionj_idt21411j_idt254' is clicked on

2023-04-10 08:33:34 - [MESSAGE][PASSED] - Object: 'Object Repository/1-OBJECTS TAREAS PRINCIPALES/Modulo Tarea Listado Hojas de Vida/Crear Nueva Hoja de Vida/a__hojaVidaseccionj_idt21411j_idt254' is clicked on

2023-04-10 08:33:34 - [TEST_STEP][PASSED] - setText(findTestObject("1-OBJECTS TAREAS PRINCIPALES/Modulo Tarea Listado Hojas de Vida/Crear Nueva Hoja de Vida/input_Ubicacin Geogrfica_formPopUpUbicacionj_idt921"), "BOGOTÁ"): Text 'BOGOTÁ' is set on object 'Object Repository/1-OBJECTS TAREAS PRINCIPALES/Modulo Tarea Listado Hojas de Vida/Crear Nueva Hoja de Vida/input_Ubicacin Geogrfica_formPopUpUbicacionj_idt921'

2023-04-10 08:33:35 - [MESSAGE][PASSED] - Text 'BOGOTÁ' is set on object 'Object Repository/1-OBJECTS TAREAS PRINCIPALES/Modulo Tarea Listado Hojas de Vida/Crear Nueva Hoja de Vida/input_Ubicacin Geogrfica_formPopUpUbicacionj_idt921'

2023-04-10 08:33:35 - [TEST_STEP][PASSED] - sendKeys(findTestObject("1-OBJECTS TAREAS PRINCIPALES/Modulo Tarea Listado Hojas de Vida/Crear Nueva Hoja de Vida/input_Ubicacin Geogrfica_formPopUpUbicacionj_idt921"), Keys.chord(ENTER)): Keys 'ENTER + ' sent to object: 'Object Repository/1-OBJECTS TAREAS PRINCIPALES/Modulo Tarea Listado Hojas de Vida/Crear Nueva Hoja de Vida/input_Ubicacin Geogrfica_formPopUpUbicacionj_idt921'

2023-04-10 08:33:35 - [MESSAGE][PASSED] - Keys 'ENTER + ' sent to object: 'Object Repository/1-OBJECTS TAREAS PRINCIPALES/Modulo Tarea Listado Hojas de Vida/Crear Nueva Hoja de Vida/input_Ubicacin Geogrfica_formPopUpUbicacionj_idt921'

2023-04-10 08:33:35 - [TEST_STEP][PASSED] - click(findTestObject("1-OBJECTS TAREAS PRINCIPALES/Modulo Tarea Listado Hojas de Vida/Crear Nueva Hoja de Vida/td_11001     BOGOT")): Object: 'Object Repository/1-OBJECTS TAREAS PRINCIPALES/Modulo Tarea Listado Hojas de Vida/Crear Nueva Hoja de Vida/td_11001     BOGOT' is clicked on

2023-04-10 08:33:36 - [MESSAGE][PASSED] - Object: 'Object Repository/1-OBJECTS TAREAS PRINCIPALES/Modulo Tarea Listado Hojas de Vida/Crear Nueva Hoja de Vida/td_11001     BOGOT' is clicked on

2023-04-10 08:33:36 - [TEST_STEP][PASSED] - click(findTestObject("1-OBJECTS TAREAS PRINCIPALES/Modulo Tarea Listado Hojas de Vida/Crear Nueva Hoja de Vida/a__hojaVidaseccionj_idt21412j_idt254")): Object: 'Object Repository/1-OBJECTS TAREAS PRINCIPALES/Modulo Tarea Listado Hojas de Vida/Crear Nueva Hoja de Vida/a__hojaVidaseccionj_idt21412j_idt254' is clicked on

2023-04-10 08:33:37 - [MESSAGE][PASSED] - Object: 'Object Repository/1-OBJECTS TAREAS PRINCIPALES/Modulo Tarea Listado Hojas de Vida/Crear Nueva Hoja de Vida/a__hojaVidaseccionj_idt21412j_idt254' is clicked on

2023-04-10 08:33:37 - [TEST_STEP][PASSED] - setText(findTestObject("1-OBJECTS TAREAS PRINCIPALES/Modulo Tarea Listado Hojas de Vida/Crear Nueva Hoja de Vida/input_Nacionalidad_j_idt930j_idt935"), "Colombiana"): Text 'Colombiana' is set on object 'Object Repository/1-OBJECTS TAREAS PRINCIPALES/Modulo Tarea Listado Hojas de Vida/Crear Nueva Hoja de Vida/input_Nacionalidad_j_idt930j_idt935'

2023-04-10 08:33:38 - [MESSAGE][PASSED] - Text 'Colombiana' is set on object 'Object Repository/1-OBJECTS TAREAS PRINCIPALES/Modulo Tarea Listado Hojas de Vida/Crear Nueva Hoja de Vida/input_Nacionalidad_j_idt930j_idt935'

2023-04-10 08:33:38 - [TEST_STEP][PASSED] - sendKeys(findTestObject("1-OBJECTS TAREAS PRINCIPALES/Modulo Tarea Listado Hojas de Vida/Crear Nueva Hoja de Vida/input_Nacionalidad_j_idt930j_idt935"), Keys.chord(ENTER)): Keys 'ENTER + ' sent to object: 'Object Repository/1-OBJECTS TAREAS PRINCIPALES/Modulo Tarea Listado Hojas de Vida/Crear Nueva Hoja de Vida/input_Nacionalidad_j_idt930j_idt935'

2023-04-10 08:33:39 - [MESSAGE][PASSED] - Keys 'ENTER + ' sent to object: 'Object Repository/1-OBJECTS TAREAS PRINCIPALES/Modulo Tarea Listado Hojas de Vida/Crear Nueva Hoja de Vida/input_Nacionalidad_j_idt930j_idt935'

2023-04-10 08:33:39 - [TEST_STEP][PASSED] - click(findTestObject("1-OBJECTS TAREAS PRINCIPALES/Modulo Tarea Listado Hojas de Vida/Crear Nueva Hoja de Vida/span_Colombiana")): Object: 'Object Repository/1-OBJECTS TAREAS PRINCIPALES/Modulo Tarea Listado Hojas de Vida/Crear Nueva Hoja de Vida/span_Colombiana' is clicked on

2023-04-10 08:33:39 - [MESSAGE][PASSED] - Object: 'Object Repository/1-OBJECTS TAREAS PRINCIPALES/Modulo Tarea Listado Hojas de Vida/Crear Nueva Hoja de Vida/span_Colombiana' is clicked on

2023-04-10 08:33:39 - [TEST_STEP][PASSED] - waitForElementClickable(findTestObject("1-OBJECTS TAREAS PRINCIPALES/Modulo Tarea Listado Hojas de Vida/Crear Nueva Hoja de Vida/a_Continuar"), G_TimeOut): Object 'Object Repository/1-OBJECTS TAREAS PRINCIPALES/Modulo Tarea Listado Hojas de Vida/Crear Nueva Hoja de Vida/a_Continuar' is clickable

2023-04-10 08:33:40 - [MESSAGE][PASSED] - Object 'Object Repository/1-OBJECTS TAREAS PRINCIPALES/Modulo Tarea Listado Hojas de Vida/Crear Nueva Hoja de Vida/a_Continuar' is clickable

2023-04-10 08:33:40 - [TEST_STEP][PASSED] - click(findTestObject("1-OBJECTS TAREAS PRINCIPALES/Modulo Tarea Listado Hojas de Vida/Crear Nueva Hoja de Vida/a_Continuar")): Object: 'Object Repository/1-OBJECTS TAREAS PRINCIPALES/Modulo Tarea Listado Hojas de Vida/Crear Nueva Hoja de Vida/a_Continuar' is clicked on

2023-04-10 08:33:41 - [MESSAGE][PASSED] - Object: 'Object Repository/1-OBJECTS TAREAS PRINCIPALES/Modulo Tarea Listado Hojas de Vida/Crear Nueva Hoja de Vida/a_Continuar' is clicked on

2023-04-10 08:33:41 - [TEST_STEP][PASSED] - waitForElementClickable(findTestObject("1-OBJECTS TAREAS PRINCIPALES/Modulo Tarea Listado Hojas de Vida/Crear Nueva Hoja de Vida/a_Aceptar"), G_TimeOut): Object 'Object Repository/1-OBJECTS TAREAS PRINCIPALES/Modulo Tarea Listado Hojas de Vida/Crear Nueva Hoja de Vida/a_Aceptar' is clickable

2023-04-10 08:33:45 - [MESSAGE][PASSED] - Object 'Object Repository/1-OBJECTS TAREAS PRINCIPALES/Modulo Tarea Listado Hojas de Vida/Crear Nueva Hoja de Vida/a_Aceptar' is clickable

2023-04-10 08:33:45 - [TEST_STEP][PASSED] - click(findTestObject("1-OBJECTS TAREAS PRINCIPALES/Modulo Tarea Listado Hojas de Vida/Crear Nueva Hoja de Vida/a_Aceptar"), STOP_ON_FAILURE): Object: 'Object Repository/1-OBJECTS TAREAS PRINCIPALES/Modulo Tarea Listado Hojas de Vida/Crear Nueva Hoja de Vida/a_Aceptar' is clicked on

2023-04-10 08:33:46 - [MESSAGE][PASSED] - Object: 'Object Repository/1-OBJECTS TAREAS PRINCIPALES/Modulo Tarea Listado Hojas de Vida/Crear Nueva Hoja de Vida/a_Aceptar' is clicked on

2023-04-10 08:33:46 - [TEST_STEP][PASSED] - if (waitForElementVisible(findTestObject("1-OBJECTS TAREAS PRINCIPALES/Modulo Tarea Listado Hojas de Vida/Crear Nueva Hoja de Vida/a_Actualizar Respuesta"), 1)): null

2023-04-10 08:33:47 - [MESSAGE][PASSED] - Object 'Object Repository/1-OBJECTS TAREAS PRINCIPALES/Modulo Tarea Listado Hojas de Vida/Crear Nueva Hoja de Vida/a_Actualizar Respuesta' is visible

2023-04-10 08:33:47 - [TEST_STEP][PASSED] - closeBrowser(): Browser is closed

2023-04-10 08:33:47 - [MESSAGE][PASSED] - Browser is closed

2023-04-10 08:33:47 - [TEST_STEP][PASSED] - return identificacion: null]]></system-out>
         <system-err><![CDATA[]]></system-err>
      </testcase>
      <testcase name="Test Cases/1.1-Tareas Principales/1.1.2-Imprimir Hoja de Vida" time="24.612" classname="Test Cases/1.1-Tareas Principales/1.1.2-Imprimir Hoja de Vida" status="PASSED">
         <system-out><![CDATA[2023-04-10 08:33:47 - [TEST_CASE][PASSED] - Test Cases/1.1-Tareas Principales/1.1.2-Imprimir Hoja de Vida: Test Cases/1.1-Tareas Principales/1.1.2-Imprimir Hoja de Vida

2023-04-10 08:33:48 - [TEST_STEP][PASSED] - callTestCase(findTestCase("1.1-Tareas Principales/Listado hojas de Vida"), [:], STOP_ON_FAILURE): Call Test Case 'Test Cases/1.1-Tareas Principales/Listado hojas de Vida' successfully

2023-04-10 08:33:48 - [TEST_CASE][PASSED] - Test Cases/1.1-Tareas Principales/Listado hojas de Vida: Test Cases/1.1-Tareas Principales/Listado hojas de Vida

2023-04-10 08:33:48 - [TEST_STEP][PASSED] - callTestCase(findTestCase("0.1-Login"), [:], STOP_ON_FAILURE): Call Test Case 'Test Cases/0.1-Login' successfully

2023-04-10 08:33:48 - [TEST_CASE][PASSED] - Test Cases/0.1-Login: Test Cases/0.1-Login

2023-04-10 08:33:49 - [TEST_STEP][PASSED] - openBrowser(""): Browser is opened with url: ''

2023-04-10 08:33:49 - [MESSAGE][INFO] - Starting 'Chrome' driver

2023-04-10 08:33:49 - [MESSAGE][INFO] - Action delay is set to 0 milliseconds

2023-04-10 08:33:50 - [MESSAGE][PASSED] - Browser is opened with url: ''

2023-04-10 08:33:50 - [TEST_STEP][PASSED] - maximizeWindow(): Current window maximized

2023-04-10 08:33:50 - [MESSAGE][PASSED] - Current window maximized

2023-04-10 08:33:50 - [TEST_STEP][PASSED] - i = G_Login: null

2023-04-10 08:33:50 - [TEST_STEP][PASSED] - url = new java.net.URL(i): null

2023-04-10 08:33:50 - [TEST_STEP][PASSED] - println("URL: " + url.toString()): null

2023-04-10 08:33:50 - [TEST_STEP][PASSED] - connection = url.openConnection(): null

2023-04-10 08:33:50 - [TEST_STEP][PASSED] - connection.setRequestMethod("GET"): null

2023-04-10 08:33:50 - [TEST_STEP][PASSED] - connection.setReadTimeout(2 * 1000): null

2023-04-10 08:33:50 - [TEST_STEP][PASSED] - try: null

2023-04-10 08:33:50 - [TEST_STEP][PASSED] - connection.connect(): null

2023-04-10 08:33:50 - [TEST_STEP][PASSED] - flag = connected: null

2023-04-10 08:33:50 - [TEST_STEP][PASSED] - println("Valor_ori: " + flag): null

2023-04-10 08:33:50 - [TEST_STEP][PASSED] - if (flag): null

2023-04-10 08:33:50 - [TEST_STEP][PASSED] - navigateToUrl(i): Navigate to 'http://192.168.2.19:8380/saraweb' successfully

2023-04-10 08:33:51 - [MESSAGE][PASSED] - Navigate to 'http://192.168.2.19:8380/saraweb' successfully

2023-04-10 08:33:51 - [TEST_STEP][PASSED] - a(): null

2023-04-10 08:33:51 - [TEST_STEP][PASSED] - if (waitForElementVisible(findTestObject("3-OBJECTS UTILIDADES/Login/input_USUARIO_loginusuario"), 0)): null

2023-04-10 08:33:51 - [MESSAGE][WARNING] - Timeout '0' is invalid. Using default page load timeout: '37'

2023-04-10 08:33:51 - [MESSAGE][PASSED] - Object 'Object Repository/3-OBJECTS UTILIDADES/Login/input_USUARIO_loginusuario' is visible

2023-04-10 08:33:51 - [TEST_STEP][PASSED] - switchToWindowTitle("SARA"): Switched to window with title: 'SARA'

2023-04-10 08:33:51 - [MESSAGE][PASSED] - Switched to window with title: 'SARA'

2023-04-10 08:33:51 - [TEST_STEP][PASSED] - zoom(): null

2023-04-10 08:33:51 - [TEST_STEP][PASSED] - robot = new java.awt.Robot(): null

2023-04-10 08:33:51 - [TEST_STEP][PASSED] - robot.keyPress(VK_CONTROL): null

2023-04-10 08:33:51 - [TEST_STEP][PASSED] - robot.keyPress(VK_SUBTRACT): null

2023-04-10 08:33:51 - [TEST_STEP][PASSED] - robot.keyRelease(VK_CONTROL): null

2023-04-10 08:33:51 - [TEST_STEP][PASSED] - robot.keyRelease(VK_SUBTRACT): null

2023-04-10 08:33:51 - [TEST_STEP][PASSED] - robot.keyPress(VK_CONTROL): null

2023-04-10 08:33:51 - [TEST_STEP][PASSED] - robot.keyPress(VK_SUBTRACT): null

2023-04-10 08:33:51 - [TEST_STEP][PASSED] - robot.keyRelease(VK_CONTROL): null

2023-04-10 08:33:51 - [TEST_STEP][PASSED] - robot.keyRelease(VK_SUBTRACT): null

2023-04-10 08:33:52 - [TEST_STEP][PASSED] - robot.keyPress(VK_CONTROL): null

2023-04-10 08:33:52 - [TEST_STEP][PASSED] - robot.keyPress(VK_SUBTRACT): null

2023-04-10 08:33:52 - [TEST_STEP][PASSED] - robot.keyRelease(VK_CONTROL): null

2023-04-10 08:33:52 - [TEST_STEP][PASSED] - robot.keyRelease(VK_SUBTRACT): null

2023-04-10 08:33:52 - [TEST_STEP][PASSED] - robot.keyRelease(VK_CONTROL): null

2023-04-10 08:33:52 - [TEST_STEP][PASSED] - robot.keyRelease(VK_SUBTRACT): null

2023-04-10 08:33:52 - [TEST_STEP][PASSED] - setText(findTestObject("3-OBJECTS UTILIDADES/Login/input_USUARIO_loginusuario"), G_Usuario): Text 'saraadmin' is set on object 'Object Repository/3-OBJECTS UTILIDADES/Login/input_USUARIO_loginusuario'

2023-04-10 08:33:52 - [MESSAGE][PASSED] - Text 'saraadmin' is set on object 'Object Repository/3-OBJECTS UTILIDADES/Login/input_USUARIO_loginusuario'

2023-04-10 08:33:52 - [TEST_STEP][PASSED] - setEncryptedText(findTestObject("3-OBJECTS UTILIDADES/Login/input_CLAVE_loginpassword"), "SlAwMcyRKqrwbnzhAs8HhT6NnI7sEyng"): Text ****** has been set on object 'Object Repository/3-OBJECTS UTILIDADES/Login/input_CLAVE_loginpassword'

2023-04-10 08:33:54 - [MESSAGE][PASSED] - Text ****** has been set on object 'Object Repository/3-OBJECTS UTILIDADES/Login/input_CLAVE_loginpassword'

2023-04-10 08:33:54 - [TEST_STEP][PASSED] - while (waitForElementClickable(findTestObject("3-OBJECTS UTILIDADES/Login/a_Ingresar"), 1)): Web element with id: 'Object Repository/3-OBJECTS UTILIDADES/Login/a_Ingresar' located by '//a[contains(text(),'Ingresar')]' not found

2023-04-10 08:33:56 - [MESSAGE][INFO] - Unable to find the element located by 'By.xpath: //a[contains(text(),'Ingresar')]'. Please recheck the objects properties to make sure the desired element is located. 

2023-04-10 08:33:56 - [MESSAGE][WARNING] - Web element with id: 'Object Repository/3-OBJECTS UTILIDADES/Login/a_Ingresar' located by '//a[contains(text(),'Ingresar')]' not found

2023-04-10 08:33:56 - [MESSAGE][PASSED] - Call Test Case 'Test Cases/0.1-Login' successfully

2023-04-10 08:33:56 - [TEST_STEP][PASSED] - waitForElementClickable(findTestObject("1-OBJECTS TAREAS PRINCIPALES/Modulo Tarea Listado Hojas de Vida/Tareas Listado Hojas de Vida/input_Listado Hojas De Vida_form_templatej_idt24_input"), G_TimeOut): Object 'Object Repository/1-OBJECTS TAREAS PRINCIPALES/Modulo Tarea Listado Hojas de Vida/Tareas Listado Hojas de Vida/input_Listado Hojas De Vida_form_templatej_idt24_input' is clickable

2023-04-10 08:33:57 - [MESSAGE][PASSED] - Object 'Object Repository/1-OBJECTS TAREAS PRINCIPALES/Modulo Tarea Listado Hojas de Vida/Tareas Listado Hojas de Vida/input_Listado Hojas De Vida_form_templatej_idt24_input' is clickable

2023-04-10 08:33:57 - [TEST_STEP][PASSED] - setText(findTestObject("1-OBJECTS TAREAS PRINCIPALES/Modulo Tarea Listado Hojas de Vida/Tareas Listado Hojas de Vida/input_Listado Hojas De Vida_form_templatej_idt24_input"), "Listado Hojas de Vida (hoj)"): Text 'Listado Hojas de Vida (hoj)' is set on object 'Object Repository/1-OBJECTS TAREAS PRINCIPALES/Modulo Tarea Listado Hojas de Vida/Tareas Listado Hojas de Vida/input_Listado Hojas De Vida_form_templatej_idt24_input'

2023-04-10 08:33:57 - [MESSAGE][PASSED] - Text 'Listado Hojas de Vida (hoj)' is set on object 'Object Repository/1-OBJECTS TAREAS PRINCIPALES/Modulo Tarea Listado Hojas de Vida/Tareas Listado Hojas de Vida/input_Listado Hojas De Vida_form_templatej_idt24_input'

2023-04-10 08:33:57 - [TEST_STEP][PASSED] - waitForElementVisible(findTestObject("1-OBJECTS TAREAS PRINCIPALES/Modulo Tarea Listado Hojas de Vida/Tareas Listado Hojas de Vida/span_Listado Hojas de Vida (hoj)"), 0): Object 'Object Repository/1-OBJECTS TAREAS PRINCIPALES/Modulo Tarea Listado Hojas de Vida/Tareas Listado Hojas de Vida/span_Listado Hojas de Vida (hoj)' is visible

2023-04-10 08:33:57 - [MESSAGE][WARNING] - Timeout '0' is invalid. Using default page load timeout: '37'

2023-04-10 08:33:59 - [MESSAGE][PASSED] - Object 'Object Repository/1-OBJECTS TAREAS PRINCIPALES/Modulo Tarea Listado Hojas de Vida/Tareas Listado Hojas de Vida/span_Listado Hojas de Vida (hoj)' is visible

2023-04-10 08:33:59 - [TEST_STEP][PASSED] - element = findWebElement(findTestObject("1-OBJECTS TAREAS PRINCIPALES/Modulo Tarea Listado Hojas de Vida/Tareas Listado Hojas de Vida/span_Listado Hojas de Vida (hoj)"), 30): null

2023-04-10 08:33:59 - [TEST_STEP][PASSED] - executeJavaScript("arguments[0].click()", Arrays.asList(element)): Execute JavaScript 'arguments[0].click()' successfully

2023-04-10 08:33:59 - [MESSAGE][PASSED] - Execute JavaScript 'arguments[0].click()' successfully

2023-04-10 08:33:59 - [MESSAGE][PASSED] - Call Test Case 'Test Cases/1.1-Tareas Principales/Listado hojas de Vida' successfully

2023-04-10 08:33:59 - [TEST_STEP][PASSED] - waitForElementClickable(findTestObject("1-OBJECTS TAREAS PRINCIPALES/Modulo Tarea Listado Hojas de Vida/Imprimir Hoja de Vida/input_Identificacin_listado_hojaVidaj_idt62"), G_TimeOut): Object 'Object Repository/1-OBJECTS TAREAS PRINCIPALES/Modulo Tarea Listado Hojas de Vida/Imprimir Hoja de Vida/input_Identificacin_listado_hojaVidaj_idt62' is clickable

2023-04-10 08:34:00 - [MESSAGE][PASSED] - Object 'Object Repository/1-OBJECTS TAREAS PRINCIPALES/Modulo Tarea Listado Hojas de Vida/Imprimir Hoja de Vida/input_Identificacin_listado_hojaVidaj_idt62' is clickable

2023-04-10 08:34:00 - [TEST_STEP][PASSED] - setText(findTestObject("1-OBJECTS TAREAS PRINCIPALES/Modulo Tarea Listado Hojas de Vida/Imprimir Hoja de Vida/input_Identificacin_listado_hojaVidaj_idt62"), "355682169"): Text '355682169' is set on object 'Object Repository/1-OBJECTS TAREAS PRINCIPALES/Modulo Tarea Listado Hojas de Vida/Imprimir Hoja de Vida/input_Identificacin_listado_hojaVidaj_idt62'

2023-04-10 08:34:01 - [MESSAGE][PASSED] - Text '355682169' is set on object 'Object Repository/1-OBJECTS TAREAS PRINCIPALES/Modulo Tarea Listado Hojas de Vida/Imprimir Hoja de Vida/input_Identificacin_listado_hojaVidaj_idt62'

2023-04-10 08:34:01 - [TEST_STEP][PASSED] - sendKeys(findTestObject("1-OBJECTS TAREAS PRINCIPALES/Modulo Tarea Listado Hojas de Vida/Imprimir Hoja de Vida/input_Identificacin_listado_hojaVidaj_idt62"), Keys.chord(ENTER)): Keys 'ENTER + ' sent to object: 'Object Repository/1-OBJECTS TAREAS PRINCIPALES/Modulo Tarea Listado Hojas de Vida/Imprimir Hoja de Vida/input_Identificacin_listado_hojaVidaj_idt62'

2023-04-10 08:34:02 - [MESSAGE][PASSED] - Keys 'ENTER + ' sent to object: 'Object Repository/1-OBJECTS TAREAS PRINCIPALES/Modulo Tarea Listado Hojas de Vida/Imprimir Hoja de Vida/input_Identificacin_listado_hojaVidaj_idt62'

2023-04-10 08:34:02 - [TEST_STEP][PASSED] - waitForElementClickable(findTestObject("1-OBJECTS TAREAS PRINCIPALES/Modulo Tarea Listado Hojas de Vida/Imprimir Hoja de Vida/td_355682169"), G_TimeOut): Object 'Object Repository/1-OBJECTS TAREAS PRINCIPALES/Modulo Tarea Listado Hojas de Vida/Imprimir Hoja de Vida/td_355682169' is clickable

2023-04-10 08:34:02 - [MESSAGE][PASSED] - Object 'Object Repository/1-OBJECTS TAREAS PRINCIPALES/Modulo Tarea Listado Hojas de Vida/Imprimir Hoja de Vida/td_355682169' is clickable

2023-04-10 08:34:02 - [TEST_STEP][PASSED] - click(findTestObject("1-OBJECTS TAREAS PRINCIPALES/Modulo Tarea Listado Hojas de Vida/Imprimir Hoja de Vida/td_355682169")): Object: 'Object Repository/1-OBJECTS TAREAS PRINCIPALES/Modulo Tarea Listado Hojas de Vida/Imprimir Hoja de Vida/td_355682169' is clicked on

2023-04-10 08:34:03 - [MESSAGE][PASSED] - Object: 'Object Repository/1-OBJECTS TAREAS PRINCIPALES/Modulo Tarea Listado Hojas de Vida/Imprimir Hoja de Vida/td_355682169' is clicked on

2023-04-10 08:34:03 - [TEST_STEP][PASSED] - waitForElementClickable(findTestObject("1-OBJECTS TAREAS PRINCIPALES/Modulo Tarea Listado Hojas de Vida/Imprimir Hoja de Vida/a_Imprimir"), G_TimeOut): Object 'Object Repository/1-OBJECTS TAREAS PRINCIPALES/Modulo Tarea Listado Hojas de Vida/Imprimir Hoja de Vida/a_Imprimir' is clickable

2023-04-10 08:34:03 - [MESSAGE][PASSED] - Object 'Object Repository/1-OBJECTS TAREAS PRINCIPALES/Modulo Tarea Listado Hojas de Vida/Imprimir Hoja de Vida/a_Imprimir' is clickable

2023-04-10 08:34:03 - [TEST_STEP][PASSED] - click(findTestObject("1-OBJECTS TAREAS PRINCIPALES/Modulo Tarea Listado Hojas de Vida/Imprimir Hoja de Vida/a_Imprimir")): Object: 'Object Repository/1-OBJECTS TAREAS PRINCIPALES/Modulo Tarea Listado Hojas de Vida/Imprimir Hoja de Vida/a_Imprimir' is clicked on

2023-04-10 08:34:04 - [MESSAGE][PASSED] - Object: 'Object Repository/1-OBJECTS TAREAS PRINCIPALES/Modulo Tarea Listado Hojas de Vida/Imprimir Hoja de Vida/a_Imprimir' is clicked on

2023-04-10 08:34:04 - [TEST_STEP][PASSED] - waitForElementClickable(findTestObject("1-OBJECTS TAREAS PRINCIPALES/Modulo Tarea Listado Hojas de Vida/Imprimir Hoja de Vida/a_Si"), G_TimeOut): Object 'Object Repository/1-OBJECTS TAREAS PRINCIPALES/Modulo Tarea Listado Hojas de Vida/Imprimir Hoja de Vida/a_Si' is clickable

2023-04-10 08:34:05 - [MESSAGE][PASSED] - Object 'Object Repository/1-OBJECTS TAREAS PRINCIPALES/Modulo Tarea Listado Hojas de Vida/Imprimir Hoja de Vida/a_Si' is clickable

2023-04-10 08:34:05 - [TEST_STEP][PASSED] - click(findTestObject("1-OBJECTS TAREAS PRINCIPALES/Modulo Tarea Listado Hojas de Vida/Imprimir Hoja de Vida/a_Si")): Object: 'Object Repository/1-OBJECTS TAREAS PRINCIPALES/Modulo Tarea Listado Hojas de Vida/Imprimir Hoja de Vida/a_Si' is clicked on

2023-04-10 08:34:05 - [MESSAGE][PASSED] - Object: 'Object Repository/1-OBJECTS TAREAS PRINCIPALES/Modulo Tarea Listado Hojas de Vida/Imprimir Hoja de Vida/a_Si' is clicked on

2023-04-10 08:34:05 - [TEST_STEP][PASSED] - switchToWindowTitle("SARA"): Switched to window with title: 'SARA'

2023-04-10 08:34:05 - [MESSAGE][PASSED] - Switched to window with title: 'SARA'

2023-04-10 08:34:05 - [TEST_STEP][PASSED] - waitForElementClickable(findTestObject("1-OBJECTS TAREAS PRINCIPALES/Modulo Tarea Listado Hojas de Vida/Imprimir Hoja de Vida/span_Grupo Sanguneo-closethick"), G_TimeOut): Object 'Object Repository/1-OBJECTS TAREAS PRINCIPALES/Modulo Tarea Listado Hojas de Vida/Imprimir Hoja de Vida/span_Grupo Sanguneo-closethick' is clickable

2023-04-10 08:34:06 - [MESSAGE][PASSED] - Object 'Object Repository/1-OBJECTS TAREAS PRINCIPALES/Modulo Tarea Listado Hojas de Vida/Imprimir Hoja de Vida/span_Grupo Sanguneo-closethick' is clickable

2023-04-10 08:34:06 - [TEST_STEP][PASSED] - click(findTestObject("1-OBJECTS TAREAS PRINCIPALES/Modulo Tarea Listado Hojas de Vida/Imprimir Hoja de Vida/span_Grupo Sanguneo-closethick")): Object: 'Object Repository/1-OBJECTS TAREAS PRINCIPALES/Modulo Tarea Listado Hojas de Vida/Imprimir Hoja de Vida/span_Grupo Sanguneo-closethick' is clicked on

2023-04-10 08:34:06 - [MESSAGE][PASSED] - Object: 'Object Repository/1-OBJECTS TAREAS PRINCIPALES/Modulo Tarea Listado Hojas de Vida/Imprimir Hoja de Vida/span_Grupo Sanguneo-closethick' is clicked on

2023-04-10 08:34:06 - [TEST_STEP][PASSED] - waitForElementClickable(findTestObject("1-OBJECTS TAREAS PRINCIPALES/Modulo Tarea Listado Hojas de Vida/Imprimir Hoja de Vida/a_Generar"), G_TimeOut): Object 'Object Repository/1-OBJECTS TAREAS PRINCIPALES/Modulo Tarea Listado Hojas de Vida/Imprimir Hoja de Vida/a_Generar' is clickable

2023-04-10 08:34:07 - [MESSAGE][PASSED] - Object 'Object Repository/1-OBJECTS TAREAS PRINCIPALES/Modulo Tarea Listado Hojas de Vida/Imprimir Hoja de Vida/a_Generar' is clickable

2023-04-10 08:34:07 - [TEST_STEP][PASSED] - click(findTestObject("1-OBJECTS TAREAS PRINCIPALES/Modulo Tarea Listado Hojas de Vida/Imprimir Hoja de Vida/a_Generar")): Object: 'Object Repository/1-OBJECTS TAREAS PRINCIPALES/Modulo Tarea Listado Hojas de Vida/Imprimir Hoja de Vida/a_Generar' is clicked on

2023-04-10 08:34:07 - [MESSAGE][PASSED] - Object: 'Object Repository/1-OBJECTS TAREAS PRINCIPALES/Modulo Tarea Listado Hojas de Vida/Imprimir Hoja de Vida/a_Generar' is clicked on

2023-04-10 08:34:07 - [TEST_STEP][PASSED] - waitForElementClickable(findTestObject("1-OBJECTS TAREAS PRINCIPALES/Modulo Tarea Listado Hojas de Vida/Imprimir Hoja de Vida/td_espaol impresion empleado"), G_TimeOut): Object 'Object Repository/1-OBJECTS TAREAS PRINCIPALES/Modulo Tarea Listado Hojas de Vida/Imprimir Hoja de Vida/td_espaol impresion empleado' is clickable

2023-04-10 08:34:08 - [MESSAGE][PASSED] - Object 'Object Repository/1-OBJECTS TAREAS PRINCIPALES/Modulo Tarea Listado Hojas de Vida/Imprimir Hoja de Vida/td_espaol impresion empleado' is clickable

2023-04-10 08:34:08 - [TEST_STEP][PASSED] - click(findTestObject("1-OBJECTS TAREAS PRINCIPALES/Modulo Tarea Listado Hojas de Vida/Imprimir Hoja de Vida/td_espaol impresion empleado")): Object: 'Object Repository/1-OBJECTS TAREAS PRINCIPALES/Modulo Tarea Listado Hojas de Vida/Imprimir Hoja de Vida/td_espaol impresion empleado' is clicked on

2023-04-10 08:34:08 - [MESSAGE][PASSED] - Object: 'Object Repository/1-OBJECTS TAREAS PRINCIPALES/Modulo Tarea Listado Hojas de Vida/Imprimir Hoja de Vida/td_espaol impresion empleado' is clicked on

2023-04-10 08:34:08 - [TEST_STEP][PASSED] - waitForElementClickable(findTestObject("1-OBJECTS TAREAS PRINCIPALES/Modulo Tarea Listado Hojas de Vida/Imprimir Hoja de Vida/a_Descargar"), G_TimeOut): Object 'Object Repository/1-OBJECTS TAREAS PRINCIPALES/Modulo Tarea Listado Hojas de Vida/Imprimir Hoja de Vida/a_Descargar' is clickable

2023-04-10 08:34:09 - [MESSAGE][PASSED] - Object 'Object Repository/1-OBJECTS TAREAS PRINCIPALES/Modulo Tarea Listado Hojas de Vida/Imprimir Hoja de Vida/a_Descargar' is clickable

2023-04-10 08:34:09 - [TEST_STEP][PASSED] - click(findTestObject("1-OBJECTS TAREAS PRINCIPALES/Modulo Tarea Listado Hojas de Vida/Imprimir Hoja de Vida/a_Descargar")): Object: 'Object Repository/1-OBJECTS TAREAS PRINCIPALES/Modulo Tarea Listado Hojas de Vida/Imprimir Hoja de Vida/a_Descargar' is clicked on

2023-04-10 08:34:10 - [MESSAGE][PASSED] - Object: 'Object Repository/1-OBJECTS TAREAS PRINCIPALES/Modulo Tarea Listado Hojas de Vida/Imprimir Hoja de Vida/a_Descargar' is clicked on

2023-04-10 08:34:10 - [TEST_STEP][PASSED] - switchToWindowIndex(0): Switched to window with index: '0'

2023-04-10 08:34:10 - [MESSAGE][PASSED] - Switched to window with index: '0'

2023-04-10 08:34:10 - [TEST_STEP][PASSED] - waitForElementClickable(findTestObject("1-OBJECTS TAREAS PRINCIPALES/Modulo Tarea Listado Hojas de Vida/Imprimir Hoja de Vida/span_Grupo Sanguneo-closethick_1"), G_TimeOut): Object 'Object Repository/1-OBJECTS TAREAS PRINCIPALES/Modulo Tarea Listado Hojas de Vida/Imprimir Hoja de Vida/span_Grupo Sanguneo-closethick_1' is clickable

2023-04-10 08:34:10 - [MESSAGE][PASSED] - Object 'Object Repository/1-OBJECTS TAREAS PRINCIPALES/Modulo Tarea Listado Hojas de Vida/Imprimir Hoja de Vida/span_Grupo Sanguneo-closethick_1' is clickable

2023-04-10 08:34:10 - [TEST_STEP][PASSED] - click(findTestObject("1-OBJECTS TAREAS PRINCIPALES/Modulo Tarea Listado Hojas de Vida/Imprimir Hoja de Vida/span_Grupo Sanguneo-closethick_1")): Object: 'Object Repository/1-OBJECTS TAREAS PRINCIPALES/Modulo Tarea Listado Hojas de Vida/Imprimir Hoja de Vida/span_Grupo Sanguneo-closethick_1' is clicked on

2023-04-10 08:34:11 - [MESSAGE][PASSED] - Object: 'Object Repository/1-OBJECTS TAREAS PRINCIPALES/Modulo Tarea Listado Hojas de Vida/Imprimir Hoja de Vida/span_Grupo Sanguneo-closethick_1' is clicked on

2023-04-10 08:34:11 - [TEST_STEP][PASSED] - if (waitForElementVisible(findTestObject("1-OBJECTS TAREAS PRINCIPALES/Modulo Tarea Listado Hojas de Vida/Imprimir Hoja de Vida/a_Actualizar Respuesta"), 1)): null

2023-04-10 08:34:11 - [MESSAGE][PASSED] - Object 'Object Repository/1-OBJECTS TAREAS PRINCIPALES/Modulo Tarea Listado Hojas de Vida/Imprimir Hoja de Vida/a_Actualizar Respuesta' is visible

2023-04-10 08:34:11 - [TEST_STEP][PASSED] - closeBrowser(): Browser is closed

2023-04-10 08:34:12 - [MESSAGE][PASSED] - Browser is closed]]></system-out>
         <system-err><![CDATA[]]></system-err>
      </testcase>
      <testcase name="Test Cases/1.1-Tareas Principales/1.1.3-Elaboracion Acto Cambio del Empleado y derogacion" time="352.719" classname="Test Cases/1.1-Tareas Principales/1.1.3-Elaboracion Acto Cambio del Empleado y derogacion" status="PASSED">
         <system-out><![CDATA[2023-04-10 08:34:12 - [TEST_CASE][PASSED] - Test Cases/1.1-Tareas Principales/1.1.3-Elaboracion Acto Cambio del Empleado y derogacion: Test Cases/1.1-Tareas Principales/1.1.3-Elaboracion Acto Cambio del Empleado y derogacion

2023-04-10 08:34:13 - [TEST_STEP][PASSED] - identificacion = callTestCase(findTestCase("Utilidades-(atajos_para _tareas)/Tareas Actos Administrativos/Acto Cambio del Empleado"), [:], STOP_ON_FAILURE): Call Test Case 'Test Cases/Utilidades-(atajos_para _tareas)/Tareas Actos Administrativos/Acto Cambio del Empleado' successfully

2023-04-10 08:34:13 - [TEST_CASE][PASSED] - Test Cases/Utilidades-(atajos_para _tareas)/Tareas Actos Administrativos/Acto Cambio del Empleado: Test Cases/Utilidades-(atajos_para _tareas)/Tareas Actos Administrativos/Acto Cambio del Empleado

2023-04-10 08:34:13 - [TEST_STEP][PASSED] - identificacion = callTestCase(findTestCase("1.1-Tareas Principales/1.1.1-Crear Nueva Hoja de Vida"), [:], STOP_ON_FAILURE): Call Test Case 'Test Cases/1.1-Tareas Principales/1.1.1-Crear Nueva Hoja de Vida' successfully

2023-04-10 08:34:13 - [TEST_CASE][PASSED] - Test Cases/1.1-Tareas Principales/1.1.1-Crear Nueva Hoja de Vida: Test Cases/1.1-Tareas Principales/1.1.1-Crear Nueva Hoja de Vida

2023-04-10 08:34:13 - [TEST_STEP][PASSED] - random_double = Math.random() * 9999 + 999: null

2023-04-10 08:34:13 - [TEST_STEP][PASSED] - random_double = Math.round(random_double * 1000): null

2023-04-10 08:34:13 - [TEST_STEP][PASSED] - identificacion = toString().replace(".0", ""): null

2023-04-10 08:34:13 - [TEST_STEP][PASSED] - callTestCase(findTestCase("0.1.1-Login_detector"), [:], STOP_ON_FAILURE): Call Test Case 'Test Cases/0.1.1-Login_detector' successfully

2023-04-10 08:34:13 - [TEST_CASE][PASSED] - Test Cases/0.1.1-Login_detector: Test Cases/0.1.1-Login_detector

2023-04-10 08:34:13 - [TEST_STEP][PASSED] - openBrowser(""): Browser is opened with url: ''

2023-04-10 08:34:13 - [MESSAGE][INFO] - Starting 'Chrome' driver

2023-04-10 08:34:13 - [MESSAGE][INFO] - Action delay is set to 0 milliseconds

2023-04-10 08:34:14 - [MESSAGE][PASSED] - Browser is opened with url: ''

2023-04-10 08:34:14 - [TEST_STEP][PASSED] - maximizeWindow(): Current window maximized

2023-04-10 08:34:15 - [MESSAGE][PASSED] - Current window maximized

2023-04-10 08:34:15 - [TEST_STEP][PASSED] - i = G_Login: null

2023-04-10 08:34:15 - [TEST_STEP][PASSED] - url = new java.net.URL(i): null

2023-04-10 08:34:15 - [TEST_STEP][PASSED] - println("URL: " + url.toString()): null

2023-04-10 08:34:15 - [TEST_STEP][PASSED] - connection = url.openConnection(): null

2023-04-10 08:34:15 - [TEST_STEP][PASSED] - connection.setRequestMethod("GET"): null

2023-04-10 08:34:15 - [TEST_STEP][PASSED] - connection.setReadTimeout(2 * 1000): null

2023-04-10 08:34:15 - [TEST_STEP][PASSED] - try: null

2023-04-10 08:34:15 - [TEST_STEP][PASSED] - connection.connect(): null

2023-04-10 08:34:15 - [TEST_STEP][PASSED] - flag = connected: null

2023-04-10 08:34:15 - [TEST_STEP][PASSED] - println("Valor_ori: " + flag): null

2023-04-10 08:34:15 - [TEST_STEP][PASSED] - if (flag): null

2023-04-10 08:34:15 - [TEST_STEP][PASSED] - navigateToUrl(i): Navigate to 'http://192.168.2.19:8380/saraweb' successfully

2023-04-10 08:34:15 - [MESSAGE][PASSED] - Navigate to 'http://192.168.2.19:8380/saraweb' successfully

2023-04-10 08:34:15 - [TEST_STEP][PASSED] - a(): null

2023-04-10 08:34:15 - [TEST_STEP][PASSED] - USER = G_Usuario: null

2023-04-10 08:34:15 - [TEST_STEP][PASSED] - if (USER == "weblogic"): null

2023-04-10 08:34:15 - [TEST_STEP][PASSED] - else: Web element with id: 'Object Repository/3-OBJECTS UTILIDADES/Login/a_Ingresar' located by '//a[contains(text(),'Ingresar')]' not found

2023-04-10 08:34:15 - [TEST_STEP][PASSED] - setText(findTestObject("3-OBJECTS UTILIDADES/Login/input_USUARIO_loginusuario"), USER): Text 'saraadmin' is set on object 'Object Repository/3-OBJECTS UTILIDADES/Login/input_USUARIO_loginusuario'

2023-04-10 08:34:16 - [MESSAGE][PASSED] - Text 'saraadmin' is set on object 'Object Repository/3-OBJECTS UTILIDADES/Login/input_USUARIO_loginusuario'

2023-04-10 08:34:16 - [TEST_STEP][PASSED] - setEncryptedText(findTestObject("3-OBJECTS UTILIDADES/Login/input_CLAVE_loginpassword"), "SlAwMcyRKqrwbnzhAs8HhT6NnI7sEyng"): Text ****** has been set on object 'Object Repository/3-OBJECTS UTILIDADES/Login/input_CLAVE_loginpassword'

2023-04-10 08:34:18 - [MESSAGE][PASSED] - Text ****** has been set on object 'Object Repository/3-OBJECTS UTILIDADES/Login/input_CLAVE_loginpassword'

2023-04-10 08:34:18 - [TEST_STEP][PASSED] - if (waitForElementClickable(findTestObject("3-OBJECTS UTILIDADES/Login/a_Ingresar"), 1)): Web element with id: 'Object Repository/3-OBJECTS UTILIDADES/Login/a_Ingresar' located by '//a[contains(text(),'Ingresar')]' not found

2023-04-10 08:34:20 - [MESSAGE][INFO] - Unable to find the element located by 'By.xpath: //a[contains(text(),'Ingresar')]'. Please recheck the objects properties to make sure the desired element is located. 

2023-04-10 08:34:20 - [MESSAGE][WARNING] - Web element with id: 'Object Repository/3-OBJECTS UTILIDADES/Login/a_Ingresar' located by '//a[contains(text(),'Ingresar')]' not found

2023-04-10 08:34:20 - [MESSAGE][PASSED] - Call Test Case 'Test Cases/0.1.1-Login_detector' successfully

2023-04-10 08:34:20 - [TEST_STEP][PASSED] - waitForElementClickable(findTestObject("1-OBJECTS TAREAS PRINCIPALES/Modulo Tarea Listado Hojas de Vida/Crear Nueva Hoja de Vida/input_Listado Hojas De Vida_form_templatej_idt24_input"), G_TimeOut): Object 'Object Repository/1-OBJECTS TAREAS PRINCIPALES/Modulo Tarea Listado Hojas de Vida/Crear Nueva Hoja de Vida/input_Listado Hojas De Vida_form_templatej_idt24_input' is clickable

2023-04-10 08:34:20 - [MESSAGE][PASSED] - Object 'Object Repository/1-OBJECTS TAREAS PRINCIPALES/Modulo Tarea Listado Hojas de Vida/Crear Nueva Hoja de Vida/input_Listado Hojas De Vida_form_templatej_idt24_input' is clickable

2023-04-10 08:34:20 - [TEST_STEP][PASSED] - setText(findTestObject("1-OBJECTS TAREAS PRINCIPALES/Modulo Tarea Listado Hojas de Vida/Crear Nueva Hoja de Vida/input_Listado Hojas De Vida_form_templatej_idt24_input"), "Listado Hojas de Vida"): Text 'Listado Hojas de Vida' is set on object 'Object Repository/1-OBJECTS TAREAS PRINCIPALES/Modulo Tarea Listado Hojas de Vida/Crear Nueva Hoja de Vida/input_Listado Hojas De Vida_form_templatej_idt24_input'

2023-04-10 08:34:21 - [MESSAGE][PASSED] - Text 'Listado Hojas de Vida' is set on object 'Object Repository/1-OBJECTS TAREAS PRINCIPALES/Modulo Tarea Listado Hojas de Vida/Crear Nueva Hoja de Vida/input_Listado Hojas De Vida_form_templatej_idt24_input'

2023-04-10 08:34:21 - [TEST_STEP][PASSED] - waitForElementVisible(findTestObject("1-OBJECTS TAREAS PRINCIPALES/Modulo Tarea Listado Hojas de Vida/Crear Nueva Hoja de Vida/span_Listado Hojas de Vida"), 0): Object 'Object Repository/1-OBJECTS TAREAS PRINCIPALES/Modulo Tarea Listado Hojas de Vida/Crear Nueva Hoja de Vida/span_Listado Hojas de Vida' is visible

2023-04-10 08:34:21 - [MESSAGE][WARNING] - Timeout '0' is invalid. Using default page load timeout: '37'

2023-04-10 08:34:22 - [MESSAGE][PASSED] - Object 'Object Repository/1-OBJECTS TAREAS PRINCIPALES/Modulo Tarea Listado Hojas de Vida/Crear Nueva Hoja de Vida/span_Listado Hojas de Vida' is visible

2023-04-10 08:34:22 - [TEST_STEP][PASSED] - click(findTestObject("1-OBJECTS TAREAS PRINCIPALES/Modulo Tarea Listado Hojas de Vida/Crear Nueva Hoja de Vida/span_Listado Hojas de Vida")): Object: 'Object Repository/1-OBJECTS TAREAS PRINCIPALES/Modulo Tarea Listado Hojas de Vida/Crear Nueva Hoja de Vida/span_Listado Hojas de Vida' is clicked on

2023-04-10 08:34:23 - [MESSAGE][PASSED] - Object: 'Object Repository/1-OBJECTS TAREAS PRINCIPALES/Modulo Tarea Listado Hojas de Vida/Crear Nueva Hoja de Vida/span_Listado Hojas de Vida' is clicked on

2023-04-10 08:34:23 - [TEST_STEP][PASSED] - waitForElementClickable(findTestObject("1-OBJECTS TAREAS PRINCIPALES/Modulo Tarea Listado Hojas de Vida/Crear Nueva Hoja de Vida/a_Nueva HojaVida"), G_TimeOut): Object 'Object Repository/1-OBJECTS TAREAS PRINCIPALES/Modulo Tarea Listado Hojas de Vida/Crear Nueva Hoja de Vida/a_Nueva HojaVida' is clickable

2023-04-10 08:34:24 - [MESSAGE][PASSED] - Object 'Object Repository/1-OBJECTS TAREAS PRINCIPALES/Modulo Tarea Listado Hojas de Vida/Crear Nueva Hoja de Vida/a_Nueva HojaVida' is clickable

2023-04-10 08:34:24 - [TEST_STEP][PASSED] - click(findTestObject("1-OBJECTS TAREAS PRINCIPALES/Modulo Tarea Listado Hojas de Vida/Crear Nueva Hoja de Vida/a_Nueva HojaVida")): Object: 'Object Repository/1-OBJECTS TAREAS PRINCIPALES/Modulo Tarea Listado Hojas de Vida/Crear Nueva Hoja de Vida/a_Nueva HojaVida' is clicked on

2023-04-10 08:34:24 - [MESSAGE][PASSED] - Object: 'Object Repository/1-OBJECTS TAREAS PRINCIPALES/Modulo Tarea Listado Hojas de Vida/Crear Nueva Hoja de Vida/a_Nueva HojaVida' is clicked on

2023-04-10 08:34:24 - [TEST_STEP][PASSED] - waitForElementClickable(findTestObject("1-OBJECTS TAREAS PRINCIPALES/Modulo Tarea Listado Hojas de Vida/Crear Nueva Hoja de Vida/input_Identificacin_nuevahoja_"), 0): Object 'Object Repository/1-OBJECTS TAREAS PRINCIPALES/Modulo Tarea Listado Hojas de Vida/Crear Nueva Hoja de Vida/input_Identificacin_nuevahoja_' is clickable

2023-04-10 08:34:24 - [MESSAGE][WARNING] - Timeout '0' is invalid. Using default page load timeout: '37'

2023-04-10 08:34:25 - [MESSAGE][PASSED] - Object 'Object Repository/1-OBJECTS TAREAS PRINCIPALES/Modulo Tarea Listado Hojas de Vida/Crear Nueva Hoja de Vida/input_Identificacin_nuevahoja_' is clickable

2023-04-10 08:34:25 - [TEST_STEP][PASSED] - setText(findTestObject("1-OBJECTS TAREAS PRINCIPALES/Modulo Tarea Listado Hojas de Vida/Crear Nueva Hoja de Vida/input_Identificacin_nuevahoja_"), identificacion): Text '9954500' is set on object 'Object Repository/1-OBJECTS TAREAS PRINCIPALES/Modulo Tarea Listado Hojas de Vida/Crear Nueva Hoja de Vida/input_Identificacin_nuevahoja_'

2023-04-10 08:34:25 - [MESSAGE][PASSED] - Text '9954500' is set on object 'Object Repository/1-OBJECTS TAREAS PRINCIPALES/Modulo Tarea Listado Hojas de Vida/Crear Nueva Hoja de Vida/input_Identificacin_nuevahoja_'

2023-04-10 08:34:25 - [TEST_STEP][PASSED] - selectOptionByIndex(findTestObject("1-OBJECTS TAREAS PRINCIPALES/Modulo Tarea Listado Hojas de Vida/Crear Nueva Hoja de Vida/select_-- Seleccione --.ASPIRA"), "4"): All options with index in [4] are selected on object 'Object Repository/1-OBJECTS TAREAS PRINCIPALES/Modulo Tarea Listado Hojas de Vida/Crear Nueva Hoja de Vida/select_-- Seleccione --.ASPIRA'

2023-04-10 08:34:27 - [MESSAGE][PASSED] - All options with index in [4] are selected on object 'Object Repository/1-OBJECTS TAREAS PRINCIPALES/Modulo Tarea Listado Hojas de Vida/Crear Nueva Hoja de Vida/select_-- Seleccione --.ASPIRA'

2023-04-10 08:34:27 - [TEST_STEP][PASSED] - click(findTestObject("1-OBJECTS TAREAS PRINCIPALES/Modulo Tarea Listado Hojas de Vida/Crear Nueva Hoja de Vida/a_Nueva Solicitud")): Object: 'Object Repository/1-OBJECTS TAREAS PRINCIPALES/Modulo Tarea Listado Hojas de Vida/Crear Nueva Hoja de Vida/a_Nueva Solicitud' is clicked on

2023-04-10 08:34:27 - [MESSAGE][PASSED] - Object: 'Object Repository/1-OBJECTS TAREAS PRINCIPALES/Modulo Tarea Listado Hojas de Vida/Crear Nueva Hoja de Vida/a_Nueva Solicitud' is clicked on

2023-04-10 08:34:27 - [TEST_STEP][PASSED] - waitForElementPresent(findTestObject("1-OBJECTS TAREAS PRINCIPALES/Modulo Tarea Listado Hojas de Vida/Crear Nueva Hoja de Vida/input__hojaVidaseccionj_idt8350j_idt845"), 0): Object 'Object Repository/1-OBJECTS TAREAS PRINCIPALES/Modulo Tarea Listado Hojas de Vida/Crear Nueva Hoja de Vida/input__hojaVidaseccionj_idt8350j_idt845' is present

2023-04-10 08:34:27 - [MESSAGE][WARNING] - Timeout '0' is invalid. Using default page load timeout: '37'

2023-04-10 08:34:28 - [MESSAGE][PASSED] - Object 'Object Repository/1-OBJECTS TAREAS PRINCIPALES/Modulo Tarea Listado Hojas de Vida/Crear Nueva Hoja de Vida/input__hojaVidaseccionj_idt8350j_idt845' is present

2023-04-10 08:34:28 - [TEST_STEP][PASSED] - setText(findTestObject("1-OBJECTS TAREAS PRINCIPALES/Modulo Tarea Listado Hojas de Vida/Crear Nueva Hoja de Vida/input__hojaVidaseccionj_idt8350j_idt845"), identificacion): Text '9954500' is set on object 'Object Repository/1-OBJECTS TAREAS PRINCIPALES/Modulo Tarea Listado Hojas de Vida/Crear Nueva Hoja de Vida/input__hojaVidaseccionj_idt8350j_idt845'

2023-04-10 08:34:29 - [MESSAGE][PASSED] - Text '9954500' is set on object 'Object Repository/1-OBJECTS TAREAS PRINCIPALES/Modulo Tarea Listado Hojas de Vida/Crear Nueva Hoja de Vida/input__hojaVidaseccionj_idt8350j_idt845'

2023-04-10 08:34:29 - [TEST_STEP][PASSED] - setText(findTestObject("1-OBJECTS TAREAS PRINCIPALES/Modulo Tarea Listado Hojas de Vida/Crear Nueva Hoja de Vida/input__hojaVidaseccionj_idt8351j_idt845"), "Empleado" + identificacion): Text 'Empleado9954500' is set on object 'Object Repository/1-OBJECTS TAREAS PRINCIPALES/Modulo Tarea Listado Hojas de Vida/Crear Nueva Hoja de Vida/input__hojaVidaseccionj_idt8351j_idt845'

2023-04-10 08:34:30 - [MESSAGE][PASSED] - Text 'Empleado9954500' is set on object 'Object Repository/1-OBJECTS TAREAS PRINCIPALES/Modulo Tarea Listado Hojas de Vida/Crear Nueva Hoja de Vida/input__hojaVidaseccionj_idt8351j_idt845'

2023-04-10 08:34:30 - [TEST_STEP][PASSED] - setText(findTestObject("1-OBJECTS TAREAS PRINCIPALES/Modulo Tarea Listado Hojas de Vida/Crear Nueva Hoja de Vida/input__hojaVidaseccionj_idt8352j_idt845"), " Pruebas_Automaticas"): Text ' Pruebas_Automaticas' is set on object 'Object Repository/1-OBJECTS TAREAS PRINCIPALES/Modulo Tarea Listado Hojas de Vida/Crear Nueva Hoja de Vida/input__hojaVidaseccionj_idt8352j_idt845'

2023-04-10 08:34:30 - [MESSAGE][PASSED] - Text ' Pruebas_Automaticas' is set on object 'Object Repository/1-OBJECTS TAREAS PRINCIPALES/Modulo Tarea Listado Hojas de Vida/Crear Nueva Hoja de Vida/input__hojaVidaseccionj_idt8352j_idt845'

2023-04-10 08:34:30 - [TEST_STEP][PASSED] - setText(findTestObject("1-OBJECTS TAREAS PRINCIPALES/Modulo Tarea Listado Hojas de Vida/Crear Nueva Hoja de Vida/input__hojaVidaseccionj_idt8353fecha_input"), "30/08/1995"): Text '30/08/1995' is set on object 'Object Repository/1-OBJECTS TAREAS PRINCIPALES/Modulo Tarea Listado Hojas de Vida/Crear Nueva Hoja de Vida/input__hojaVidaseccionj_idt8353fecha_input'

2023-04-10 08:34:31 - [MESSAGE][PASSED] - Text '30/08/1995' is set on object 'Object Repository/1-OBJECTS TAREAS PRINCIPALES/Modulo Tarea Listado Hojas de Vida/Crear Nueva Hoja de Vida/input__hojaVidaseccionj_idt8353fecha_input'

2023-04-10 08:34:31 - [TEST_STEP][PASSED] - sendKeys(findTestObject("1-OBJECTS TAREAS PRINCIPALES/Modulo Tarea Listado Hojas de Vida/Crear Nueva Hoja de Vida/input__hojaVidaseccionj_idt8353fecha_input"), Keys.chord(ENTER)): Keys 'ENTER + ' sent to object: 'Object Repository/1-OBJECTS TAREAS PRINCIPALES/Modulo Tarea Listado Hojas de Vida/Crear Nueva Hoja de Vida/input__hojaVidaseccionj_idt8353fecha_input'

2023-04-10 08:34:32 - [MESSAGE][PASSED] - Keys 'ENTER + ' sent to object: 'Object Repository/1-OBJECTS TAREAS PRINCIPALES/Modulo Tarea Listado Hojas de Vida/Crear Nueva Hoja de Vida/input__hojaVidaseccionj_idt8353fecha_input'

2023-04-10 08:34:32 - [TEST_STEP][PASSED] - waitForElementClickable(findTestObject("1-OBJECTS TAREAS PRINCIPALES/Modulo Tarea Listado Hojas de Vida/Crear Nueva Hoja de Vida/a__hojaVidaseccionj_idt8354j_idt865"), G_TimeOut): Object 'Object Repository/1-OBJECTS TAREAS PRINCIPALES/Modulo Tarea Listado Hojas de Vida/Crear Nueva Hoja de Vida/a__hojaVidaseccionj_idt8354j_idt865' is clickable

2023-04-10 08:34:32 - [MESSAGE][PASSED] - Object 'Object Repository/1-OBJECTS TAREAS PRINCIPALES/Modulo Tarea Listado Hojas de Vida/Crear Nueva Hoja de Vida/a__hojaVidaseccionj_idt8354j_idt865' is clickable

2023-04-10 08:34:32 - [TEST_STEP][PASSED] - click(findTestObject("1-OBJECTS TAREAS PRINCIPALES/Modulo Tarea Listado Hojas de Vida/Crear Nueva Hoja de Vida/a__hojaVidaseccionj_idt8354j_idt865")): Object: 'Object Repository/1-OBJECTS TAREAS PRINCIPALES/Modulo Tarea Listado Hojas de Vida/Crear Nueva Hoja de Vida/a__hojaVidaseccionj_idt8354j_idt865' is clicked on

2023-04-10 08:34:32 - [MESSAGE][PASSED] - Object: 'Object Repository/1-OBJECTS TAREAS PRINCIPALES/Modulo Tarea Listado Hojas de Vida/Crear Nueva Hoja de Vida/a__hojaVidaseccionj_idt8354j_idt865' is clicked on

2023-04-10 08:34:32 - [TEST_STEP][PASSED] - waitForElementClickable(findTestObject("1-OBJECTS TAREAS PRINCIPALES/Modulo Tarea Listado Hojas de Vida/Crear Nueva Hoja de Vida/span_CEDULA CIUDADANIA"), G_TimeOut): Object 'Object Repository/1-OBJECTS TAREAS PRINCIPALES/Modulo Tarea Listado Hojas de Vida/Crear Nueva Hoja de Vida/span_CEDULA CIUDADANIA' is clickable

2023-04-10 08:34:33 - [MESSAGE][PASSED] - Object 'Object Repository/1-OBJECTS TAREAS PRINCIPALES/Modulo Tarea Listado Hojas de Vida/Crear Nueva Hoja de Vida/span_CEDULA CIUDADANIA' is clickable

2023-04-10 08:34:33 - [TEST_STEP][PASSED] - click(findTestObject("1-OBJECTS TAREAS PRINCIPALES/Modulo Tarea Listado Hojas de Vida/Crear Nueva Hoja de Vida/span_CEDULA CIUDADANIA")): Object: 'Object Repository/1-OBJECTS TAREAS PRINCIPALES/Modulo Tarea Listado Hojas de Vida/Crear Nueva Hoja de Vida/span_CEDULA CIUDADANIA' is clicked on

2023-04-10 08:34:34 - [MESSAGE][PASSED] - Object: 'Object Repository/1-OBJECTS TAREAS PRINCIPALES/Modulo Tarea Listado Hojas de Vida/Crear Nueva Hoja de Vida/span_CEDULA CIUDADANIA' is clicked on

2023-04-10 08:34:34 - [TEST_STEP][PASSED] - waitForElementClickable(findTestObject("1-OBJECTS TAREAS PRINCIPALES/Modulo Tarea Listado Hojas de Vida/Crear Nueva Hoja de Vida/input_Fecha Expedicin_hojaVidas"), G_TimeOut): Object 'Object Repository/1-OBJECTS TAREAS PRINCIPALES/Modulo Tarea Listado Hojas de Vida/Crear Nueva Hoja de Vida/input_Fecha Expedicin_hojaVidas' is clickable

2023-04-10 08:34:34 - [MESSAGE][PASSED] - Object 'Object Repository/1-OBJECTS TAREAS PRINCIPALES/Modulo Tarea Listado Hojas de Vida/Crear Nueva Hoja de Vida/input_Fecha Expedicin_hojaVidas' is clickable

2023-04-10 08:34:34 - [TEST_STEP][PASSED] - setText(findTestObject("1-OBJECTS TAREAS PRINCIPALES/Modulo Tarea Listado Hojas de Vida/Crear Nueva Hoja de Vida/input_Fecha Expedicin_hojaVidas"), "13/09/2013"): Text '13/09/2013' is set on object 'Object Repository/1-OBJECTS TAREAS PRINCIPALES/Modulo Tarea Listado Hojas de Vida/Crear Nueva Hoja de Vida/input_Fecha Expedicin_hojaVidas'

2023-04-10 08:34:35 - [MESSAGE][PASSED] - Text '13/09/2013' is set on object 'Object Repository/1-OBJECTS TAREAS PRINCIPALES/Modulo Tarea Listado Hojas de Vida/Crear Nueva Hoja de Vida/input_Fecha Expedicin_hojaVidas'

2023-04-10 08:34:35 - [TEST_STEP][PASSED] - sendKeys(findTestObject("1-OBJECTS TAREAS PRINCIPALES/Modulo Tarea Listado Hojas de Vida/Crear Nueva Hoja de Vida/input_Fecha Expedicin_hojaVidas"), Keys.chord(ENTER)): Keys 'ENTER + ' sent to object: 'Object Repository/1-OBJECTS TAREAS PRINCIPALES/Modulo Tarea Listado Hojas de Vida/Crear Nueva Hoja de Vida/input_Fecha Expedicin_hojaVidas'

2023-04-10 08:34:36 - [MESSAGE][PASSED] - Keys 'ENTER + ' sent to object: 'Object Repository/1-OBJECTS TAREAS PRINCIPALES/Modulo Tarea Listado Hojas de Vida/Crear Nueva Hoja de Vida/input_Fecha Expedicin_hojaVidas'

2023-04-10 08:34:36 - [TEST_STEP][PASSED] - selectOptionByIndex(findTestObject("1-OBJECTS TAREAS PRINCIPALES/Modulo Tarea Listado Hojas de Vida/Crear Nueva Hoja de Vida/select_-- Seleccione--000000ABEJORRAL"), "113"): All options with index in [113] are selected on object 'Object Repository/1-OBJECTS TAREAS PRINCIPALES/Modulo Tarea Listado Hojas de Vida/Crear Nueva Hoja de Vida/select_-- Seleccione--000000ABEJORRAL'

2023-04-10 08:34:39 - [MESSAGE][PASSED] - All options with index in [113] are selected on object 'Object Repository/1-OBJECTS TAREAS PRINCIPALES/Modulo Tarea Listado Hojas de Vida/Crear Nueva Hoja de Vida/select_-- Seleccione--000000ABEJORRAL'

2023-04-10 08:34:39 - [TEST_STEP][PASSED] - setText(findTestObject("1-OBJECTS TAREAS PRINCIPALES/Modulo Tarea Listado Hojas de Vida/Crear Nueva Hoja de Vida/input__hojaVidaseccionj_idt8358j_idt845"), "634564654684"): Text '634564654684' is set on object 'Object Repository/1-OBJECTS TAREAS PRINCIPALES/Modulo Tarea Listado Hojas de Vida/Crear Nueva Hoja de Vida/input__hojaVidaseccionj_idt8358j_idt845'

2023-04-10 08:34:40 - [MESSAGE][PASSED] - Text '634564654684' is set on object 'Object Repository/1-OBJECTS TAREAS PRINCIPALES/Modulo Tarea Listado Hojas de Vida/Crear Nueva Hoja de Vida/input__hojaVidaseccionj_idt8358j_idt845'

2023-04-10 08:34:40 - [TEST_STEP][PASSED] - setText(findTestObject("1-OBJECTS TAREAS PRINCIPALES/Modulo Tarea Listado Hojas de Vida/Crear Nueva Hoja de Vida/input__hojaVidaseccionj_idt8359j_idt845"), "noodle@gmail.com"): Text 'noodle@gmail.com' is set on object 'Object Repository/1-OBJECTS TAREAS PRINCIPALES/Modulo Tarea Listado Hojas de Vida/Crear Nueva Hoja de Vida/input__hojaVidaseccionj_idt8359j_idt845'

2023-04-10 08:34:40 - [MESSAGE][PASSED] - Text 'noodle@gmail.com' is set on object 'Object Repository/1-OBJECTS TAREAS PRINCIPALES/Modulo Tarea Listado Hojas de Vida/Crear Nueva Hoja de Vida/input__hojaVidaseccionj_idt8359j_idt845'

2023-04-10 08:34:40 - [TEST_STEP][PASSED] - selectOptionByIndex(findTestObject("1-OBJECTS TAREAS PRINCIPALES/Modulo Tarea Listado Hojas de Vida/Crear Nueva Hoja de Vida/select_AA-ABAB-BB-OO-"), "7"): All options with index in [7] are selected on object 'Object Repository/1-OBJECTS TAREAS PRINCIPALES/Modulo Tarea Listado Hojas de Vida/Crear Nueva Hoja de Vida/select_AA-ABAB-BB-OO-'

2023-04-10 08:34:42 - [MESSAGE][PASSED] - All options with index in [7] are selected on object 'Object Repository/1-OBJECTS TAREAS PRINCIPALES/Modulo Tarea Listado Hojas de Vida/Crear Nueva Hoja de Vida/select_AA-ABAB-BB-OO-'

2023-04-10 08:34:42 - [TEST_STEP][PASSED] - click(findTestObject("1-OBJECTS TAREAS PRINCIPALES/Modulo Tarea Listado Hojas de Vida/Crear Nueva Hoja de Vida/a__hojaVidaseccionj_idt21411j_idt254")): Object: 'Object Repository/1-OBJECTS TAREAS PRINCIPALES/Modulo Tarea Listado Hojas de Vida/Crear Nueva Hoja de Vida/a__hojaVidaseccionj_idt21411j_idt254' is clicked on

2023-04-10 08:34:42 - [MESSAGE][PASSED] - Object: 'Object Repository/1-OBJECTS TAREAS PRINCIPALES/Modulo Tarea Listado Hojas de Vida/Crear Nueva Hoja de Vida/a__hojaVidaseccionj_idt21411j_idt254' is clicked on

2023-04-10 08:34:42 - [TEST_STEP][PASSED] - setText(findTestObject("1-OBJECTS TAREAS PRINCIPALES/Modulo Tarea Listado Hojas de Vida/Crear Nueva Hoja de Vida/input_Ubicacin Geogrfica_formPopUpUbicacionj_idt921"), "BOGOTÁ"): Text 'BOGOTÁ' is set on object 'Object Repository/1-OBJECTS TAREAS PRINCIPALES/Modulo Tarea Listado Hojas de Vida/Crear Nueva Hoja de Vida/input_Ubicacin Geogrfica_formPopUpUbicacionj_idt921'

2023-04-10 08:34:43 - [MESSAGE][PASSED] - Text 'BOGOTÁ' is set on object 'Object Repository/1-OBJECTS TAREAS PRINCIPALES/Modulo Tarea Listado Hojas de Vida/Crear Nueva Hoja de Vida/input_Ubicacin Geogrfica_formPopUpUbicacionj_idt921'

2023-04-10 08:34:43 - [TEST_STEP][PASSED] - sendKeys(findTestObject("1-OBJECTS TAREAS PRINCIPALES/Modulo Tarea Listado Hojas de Vida/Crear Nueva Hoja de Vida/input_Ubicacin Geogrfica_formPopUpUbicacionj_idt921"), Keys.chord(ENTER)): Keys 'ENTER + ' sent to object: 'Object Repository/1-OBJECTS TAREAS PRINCIPALES/Modulo Tarea Listado Hojas de Vida/Crear Nueva Hoja de Vida/input_Ubicacin Geogrfica_formPopUpUbicacionj_idt921'

2023-04-10 08:34:43 - [MESSAGE][PASSED] - Keys 'ENTER + ' sent to object: 'Object Repository/1-OBJECTS TAREAS PRINCIPALES/Modulo Tarea Listado Hojas de Vida/Crear Nueva Hoja de Vida/input_Ubicacin Geogrfica_formPopUpUbicacionj_idt921'

2023-04-10 08:34:43 - [TEST_STEP][PASSED] - click(findTestObject("1-OBJECTS TAREAS PRINCIPALES/Modulo Tarea Listado Hojas de Vida/Crear Nueva Hoja de Vida/td_11001     BOGOT")): Object: 'Object Repository/1-OBJECTS TAREAS PRINCIPALES/Modulo Tarea Listado Hojas de Vida/Crear Nueva Hoja de Vida/td_11001     BOGOT' is clicked on

2023-04-10 08:34:44 - [MESSAGE][PASSED] - Object: 'Object Repository/1-OBJECTS TAREAS PRINCIPALES/Modulo Tarea Listado Hojas de Vida/Crear Nueva Hoja de Vida/td_11001     BOGOT' is clicked on

2023-04-10 08:34:44 - [TEST_STEP][PASSED] - click(findTestObject("1-OBJECTS TAREAS PRINCIPALES/Modulo Tarea Listado Hojas de Vida/Crear Nueva Hoja de Vida/a__hojaVidaseccionj_idt21412j_idt254")): Object: 'Object Repository/1-OBJECTS TAREAS PRINCIPALES/Modulo Tarea Listado Hojas de Vida/Crear Nueva Hoja de Vida/a__hojaVidaseccionj_idt21412j_idt254' is clicked on

2023-04-10 08:34:45 - [MESSAGE][PASSED] - Object: 'Object Repository/1-OBJECTS TAREAS PRINCIPALES/Modulo Tarea Listado Hojas de Vida/Crear Nueva Hoja de Vida/a__hojaVidaseccionj_idt21412j_idt254' is clicked on

2023-04-10 08:34:45 - [TEST_STEP][PASSED] - setText(findTestObject("1-OBJECTS TAREAS PRINCIPALES/Modulo Tarea Listado Hojas de Vida/Crear Nueva Hoja de Vida/input_Nacionalidad_j_idt930j_idt935"), "Colombiana"): Text 'Colombiana' is set on object 'Object Repository/1-OBJECTS TAREAS PRINCIPALES/Modulo Tarea Listado Hojas de Vida/Crear Nueva Hoja de Vida/input_Nacionalidad_j_idt930j_idt935'

2023-04-10 08:34:46 - [MESSAGE][PASSED] - Text 'Colombiana' is set on object 'Object Repository/1-OBJECTS TAREAS PRINCIPALES/Modulo Tarea Listado Hojas de Vida/Crear Nueva Hoja de Vida/input_Nacionalidad_j_idt930j_idt935'

2023-04-10 08:34:46 - [TEST_STEP][PASSED] - sendKeys(findTestObject("1-OBJECTS TAREAS PRINCIPALES/Modulo Tarea Listado Hojas de Vida/Crear Nueva Hoja de Vida/input_Nacionalidad_j_idt930j_idt935"), Keys.chord(ENTER)): Keys 'ENTER + ' sent to object: 'Object Repository/1-OBJECTS TAREAS PRINCIPALES/Modulo Tarea Listado Hojas de Vida/Crear Nueva Hoja de Vida/input_Nacionalidad_j_idt930j_idt935'

2023-04-10 08:34:47 - [MESSAGE][PASSED] - Keys 'ENTER + ' sent to object: 'Object Repository/1-OBJECTS TAREAS PRINCIPALES/Modulo Tarea Listado Hojas de Vida/Crear Nueva Hoja de Vida/input_Nacionalidad_j_idt930j_idt935'

2023-04-10 08:34:47 - [TEST_STEP][PASSED] - click(findTestObject("1-OBJECTS TAREAS PRINCIPALES/Modulo Tarea Listado Hojas de Vida/Crear Nueva Hoja de Vida/span_Colombiana")): Object: 'Object Repository/1-OBJECTS TAREAS PRINCIPALES/Modulo Tarea Listado Hojas de Vida/Crear Nueva Hoja de Vida/span_Colombiana' is clicked on

2023-04-10 08:34:47 - [MESSAGE][PASSED] - Object: 'Object Repository/1-OBJECTS TAREAS PRINCIPALES/Modulo Tarea Listado Hojas de Vida/Crear Nueva Hoja de Vida/span_Colombiana' is clicked on

2023-04-10 08:34:47 - [TEST_STEP][PASSED] - waitForElementClickable(findTestObject("1-OBJECTS TAREAS PRINCIPALES/Modulo Tarea Listado Hojas de Vida/Crear Nueva Hoja de Vida/a_Continuar"), G_TimeOut): Object 'Object Repository/1-OBJECTS TAREAS PRINCIPALES/Modulo Tarea Listado Hojas de Vida/Crear Nueva Hoja de Vida/a_Continuar' is clickable

2023-04-10 08:34:48 - [MESSAGE][PASSED] - Object 'Object Repository/1-OBJECTS TAREAS PRINCIPALES/Modulo Tarea Listado Hojas de Vida/Crear Nueva Hoja de Vida/a_Continuar' is clickable

2023-04-10 08:34:48 - [TEST_STEP][PASSED] - click(findTestObject("1-OBJECTS TAREAS PRINCIPALES/Modulo Tarea Listado Hojas de Vida/Crear Nueva Hoja de Vida/a_Continuar")): Object: 'Object Repository/1-OBJECTS TAREAS PRINCIPALES/Modulo Tarea Listado Hojas de Vida/Crear Nueva Hoja de Vida/a_Continuar' is clicked on

2023-04-10 08:34:48 - [MESSAGE][PASSED] - Object: 'Object Repository/1-OBJECTS TAREAS PRINCIPALES/Modulo Tarea Listado Hojas de Vida/Crear Nueva Hoja de Vida/a_Continuar' is clicked on

2023-04-10 08:34:48 - [TEST_STEP][PASSED] - waitForElementClickable(findTestObject("1-OBJECTS TAREAS PRINCIPALES/Modulo Tarea Listado Hojas de Vida/Crear Nueva Hoja de Vida/a_Aceptar"), G_TimeOut): Object 'Object Repository/1-OBJECTS TAREAS PRINCIPALES/Modulo Tarea Listado Hojas de Vida/Crear Nueva Hoja de Vida/a_Aceptar' is clickable

2023-04-10 08:34:49 - [MESSAGE][PASSED] - Object 'Object Repository/1-OBJECTS TAREAS PRINCIPALES/Modulo Tarea Listado Hojas de Vida/Crear Nueva Hoja de Vida/a_Aceptar' is clickable

2023-04-10 08:34:49 - [TEST_STEP][PASSED] - click(findTestObject("1-OBJECTS TAREAS PRINCIPALES/Modulo Tarea Listado Hojas de Vida/Crear Nueva Hoja de Vida/a_Aceptar"), STOP_ON_FAILURE): Object: 'Object Repository/1-OBJECTS TAREAS PRINCIPALES/Modulo Tarea Listado Hojas de Vida/Crear Nueva Hoja de Vida/a_Aceptar' is clicked on

2023-04-10 08:34:50 - [MESSAGE][PASSED] - Object: 'Object Repository/1-OBJECTS TAREAS PRINCIPALES/Modulo Tarea Listado Hojas de Vida/Crear Nueva Hoja de Vida/a_Aceptar' is clicked on

2023-04-10 08:34:50 - [TEST_STEP][PASSED] - if (waitForElementVisible(findTestObject("1-OBJECTS TAREAS PRINCIPALES/Modulo Tarea Listado Hojas de Vida/Crear Nueva Hoja de Vida/a_Actualizar Respuesta"), 1)): null

2023-04-10 08:34:51 - [MESSAGE][PASSED] - Object 'Object Repository/1-OBJECTS TAREAS PRINCIPALES/Modulo Tarea Listado Hojas de Vida/Crear Nueva Hoja de Vida/a_Actualizar Respuesta' is visible

2023-04-10 08:34:51 - [TEST_STEP][PASSED] - closeBrowser(): Browser is closed

2023-04-10 08:34:52 - [MESSAGE][PASSED] - Browser is closed

2023-04-10 08:34:52 - [TEST_STEP][PASSED] - return identificacion: null

2023-04-10 08:34:52 - [MESSAGE][PASSED] - Call Test Case 'Test Cases/1.1-Tareas Principales/1.1.1-Crear Nueva Hoja de Vida' successfully

2023-04-10 08:34:52 - [TEST_STEP][PASSED] - callTestCase(findTestCase("Utilidades-(atajos_para _tareas)/Tareas Actos Administrativos/Tarea Actos Administrativos"), [:], STOP_ON_FAILURE): Call Test Case 'Test Cases/Utilidades-(atajos_para _tareas)/Tareas Actos Administrativos/Tarea Actos Administrativos' successfully

2023-04-10 08:34:52 - [TEST_CASE][PASSED] - Test Cases/Utilidades-(atajos_para _tareas)/Tareas Actos Administrativos/Tarea Actos Administrativos: Test Cases/Utilidades-(atajos_para _tareas)/Tareas Actos Administrativos/Tarea Actos Administrativos

2023-04-10 08:34:52 - [TEST_STEP][PASSED] - callTestCase(findTestCase("0.1-Login"), [:], STOP_ON_FAILURE): Call Test Case 'Test Cases/0.1-Login' successfully

2023-04-10 08:34:52 - [TEST_CASE][PASSED] - Test Cases/0.1-Login: Test Cases/0.1-Login

2023-04-10 08:34:52 - [TEST_STEP][PASSED] - openBrowser(""): Browser is opened with url: ''

2023-04-10 08:34:52 - [MESSAGE][INFO] - Starting 'Chrome' driver

2023-04-10 08:34:52 - [MESSAGE][INFO] - Action delay is set to 0 milliseconds

2023-04-10 08:34:53 - [MESSAGE][PASSED] - Browser is opened with url: ''

2023-04-10 08:34:53 - [TEST_STEP][PASSED] - maximizeWindow(): Current window maximized

2023-04-10 08:34:53 - [MESSAGE][PASSED] - Current window maximized

2023-04-10 08:34:53 - [TEST_STEP][PASSED] - i = G_Login: null

2023-04-10 08:34:53 - [TEST_STEP][PASSED] - url = new java.net.URL(i): null

2023-04-10 08:34:53 - [TEST_STEP][PASSED] - println("URL: " + url.toString()): null

2023-04-10 08:34:53 - [TEST_STEP][PASSED] - connection = url.openConnection(): null

2023-04-10 08:34:53 - [TEST_STEP][PASSED] - connection.setRequestMethod("GET"): null

2023-04-10 08:34:53 - [TEST_STEP][PASSED] - connection.setReadTimeout(2 * 1000): null

2023-04-10 08:34:53 - [TEST_STEP][PASSED] - try: null

2023-04-10 08:34:53 - [TEST_STEP][PASSED] - connection.connect(): null

2023-04-10 08:34:54 - [TEST_STEP][PASSED] - flag = connected: null

2023-04-10 08:34:54 - [TEST_STEP][PASSED] - println("Valor_ori: " + flag): null

2023-04-10 08:34:54 - [TEST_STEP][PASSED] - if (flag): null

2023-04-10 08:34:54 - [TEST_STEP][PASSED] - navigateToUrl(i): Navigate to 'http://192.168.2.19:8380/saraweb' successfully

2023-04-10 08:34:54 - [MESSAGE][PASSED] - Navigate to 'http://192.168.2.19:8380/saraweb' successfully

2023-04-10 08:34:54 - [TEST_STEP][PASSED] - a(): null

2023-04-10 08:34:54 - [TEST_STEP][PASSED] - if (waitForElementVisible(findTestObject("3-OBJECTS UTILIDADES/Login/input_USUARIO_loginusuario"), 0)): null

2023-04-10 08:34:54 - [MESSAGE][WARNING] - Timeout '0' is invalid. Using default page load timeout: '37'

2023-04-10 08:34:54 - [MESSAGE][PASSED] - Object 'Object Repository/3-OBJECTS UTILIDADES/Login/input_USUARIO_loginusuario' is visible

2023-04-10 08:34:54 - [TEST_STEP][PASSED] - switchToWindowTitle("SARA"): Switched to window with title: 'SARA'

2023-04-10 08:34:54 - [MESSAGE][PASSED] - Switched to window with title: 'SARA'

2023-04-10 08:34:54 - [TEST_STEP][PASSED] - zoom(): null

2023-04-10 08:34:54 - [TEST_STEP][PASSED] - robot = new java.awt.Robot(): null

2023-04-10 08:34:54 - [TEST_STEP][PASSED] - robot.keyPress(VK_CONTROL): null

2023-04-10 08:34:54 - [TEST_STEP][PASSED] - robot.keyPress(VK_SUBTRACT): null

2023-04-10 08:34:54 - [TEST_STEP][PASSED] - robot.keyRelease(VK_CONTROL): null

2023-04-10 08:34:54 - [TEST_STEP][PASSED] - robot.keyRelease(VK_SUBTRACT): null

2023-04-10 08:34:54 - [TEST_STEP][PASSED] - robot.keyPress(VK_CONTROL): null

2023-04-10 08:34:54 - [TEST_STEP][PASSED] - robot.keyPress(VK_SUBTRACT): null

2023-04-10 08:34:54 - [TEST_STEP][PASSED] - robot.keyRelease(VK_CONTROL): null

2023-04-10 08:34:54 - [TEST_STEP][PASSED] - robot.keyRelease(VK_SUBTRACT): null

2023-04-10 08:34:54 - [TEST_STEP][PASSED] - robot.keyPress(VK_CONTROL): null

2023-04-10 08:34:54 - [TEST_STEP][PASSED] - robot.keyPress(VK_SUBTRACT): null

2023-04-10 08:34:54 - [TEST_STEP][PASSED] - robot.keyRelease(VK_CONTROL): null

2023-04-10 08:34:54 - [TEST_STEP][PASSED] - robot.keyRelease(VK_SUBTRACT): null

2023-04-10 08:34:54 - [TEST_STEP][PASSED] - robot.keyRelease(VK_CONTROL): null

2023-04-10 08:34:54 - [TEST_STEP][PASSED] - robot.keyRelease(VK_SUBTRACT): null

2023-04-10 08:34:54 - [TEST_STEP][PASSED] - setText(findTestObject("3-OBJECTS UTILIDADES/Login/input_USUARIO_loginusuario"), G_Usuario): Text 'saraadmin' is set on object 'Object Repository/3-OBJECTS UTILIDADES/Login/input_USUARIO_loginusuario'

2023-04-10 08:34:55 - [MESSAGE][PASSED] - Text 'saraadmin' is set on object 'Object Repository/3-OBJECTS UTILIDADES/Login/input_USUARIO_loginusuario'

2023-04-10 08:34:55 - [TEST_STEP][PASSED] - setEncryptedText(findTestObject("3-OBJECTS UTILIDADES/Login/input_CLAVE_loginpassword"), "SlAwMcyRKqrwbnzhAs8HhT6NnI7sEyng"): Text ****** has been set on object 'Object Repository/3-OBJECTS UTILIDADES/Login/input_CLAVE_loginpassword'

2023-04-10 08:34:57 - [MESSAGE][PASSED] - Text ****** has been set on object 'Object Repository/3-OBJECTS UTILIDADES/Login/input_CLAVE_loginpassword'

2023-04-10 08:34:57 - [TEST_STEP][PASSED] - while (waitForElementClickable(findTestObject("3-OBJECTS UTILIDADES/Login/a_Ingresar"), 1)): Web element with id: 'Object Repository/3-OBJECTS UTILIDADES/Login/a_Ingresar' located by '//a[contains(text(),'Ingresar')]' not found

2023-04-10 08:34:59 - [MESSAGE][INFO] - Unable to find the element located by 'By.xpath: //a[contains(text(),'Ingresar')]'. Please recheck the objects properties to make sure the desired element is located. 

2023-04-10 08:34:59 - [MESSAGE][WARNING] - Web element with id: 'Object Repository/3-OBJECTS UTILIDADES/Login/a_Ingresar' located by '//a[contains(text(),'Ingresar')]' not found

2023-04-10 08:34:59 - [MESSAGE][PASSED] - Call Test Case 'Test Cases/0.1-Login' successfully

2023-04-10 08:34:59 - [TEST_STEP][PASSED] - waitForElementClickable(findTestObject("1-OBJECTS TAREAS PRINCIPALES/Modulo Tarea Actos Administrativos/Tarea Actos Administrativos/input_ADMINISTRADOR DEL SISTEMA"), G_TimeOut): Object 'Object Repository/1-OBJECTS TAREAS PRINCIPALES/Modulo Tarea Actos Administrativos/Tarea Actos Administrativos/input_ADMINISTRADOR DEL SISTEMA' is clickable

2023-04-10 08:34:59 - [MESSAGE][PASSED] - Object 'Object Repository/1-OBJECTS TAREAS PRINCIPALES/Modulo Tarea Actos Administrativos/Tarea Actos Administrativos/input_ADMINISTRADOR DEL SISTEMA' is clickable

2023-04-10 08:34:59 - [TEST_STEP][PASSED] - setText(findTestObject("1-OBJECTS TAREAS PRINCIPALES/Modulo Tarea Actos Administrativos/Tarea Actos Administrativos/input_ADMINISTRADOR DEL SISTEMA"), "Actos Administrativos"): Text 'Actos Administrativos' is set on object 'Object Repository/1-OBJECTS TAREAS PRINCIPALES/Modulo Tarea Actos Administrativos/Tarea Actos Administrativos/input_ADMINISTRADOR DEL SISTEMA'

2023-04-10 08:35:00 - [MESSAGE][PASSED] - Text 'Actos Administrativos' is set on object 'Object Repository/1-OBJECTS TAREAS PRINCIPALES/Modulo Tarea Actos Administrativos/Tarea Actos Administrativos/input_ADMINISTRADOR DEL SISTEMA'

2023-04-10 08:35:00 - [TEST_STEP][PASSED] - waitForElementVisible(findTestObject("1-OBJECTS TAREAS PRINCIPALES/Modulo Tarea Actos Administrativos/Tarea Actos Administrativos/span_Tarea actos administrativos"), 0): Object 'Object Repository/1-OBJECTS TAREAS PRINCIPALES/Modulo Tarea Actos Administrativos/Tarea Actos Administrativos/span_Tarea actos administrativos' is visible

2023-04-10 08:35:00 - [MESSAGE][WARNING] - Timeout '0' is invalid. Using default page load timeout: '37'

2023-04-10 08:35:02 - [MESSAGE][PASSED] - Object 'Object Repository/1-OBJECTS TAREAS PRINCIPALES/Modulo Tarea Actos Administrativos/Tarea Actos Administrativos/span_Tarea actos administrativos' is visible

2023-04-10 08:35:02 - [TEST_STEP][PASSED] - click(findTestObject("1-OBJECTS TAREAS PRINCIPALES/Modulo Tarea Actos Administrativos/Tarea Actos Administrativos/span_Tarea actos administrativos")): Object: 'Object Repository/1-OBJECTS TAREAS PRINCIPALES/Modulo Tarea Actos Administrativos/Tarea Actos Administrativos/span_Tarea actos administrativos' is clicked on

2023-04-10 08:35:03 - [MESSAGE][PASSED] - Object: 'Object Repository/1-OBJECTS TAREAS PRINCIPALES/Modulo Tarea Actos Administrativos/Tarea Actos Administrativos/span_Tarea actos administrativos' is clicked on

2023-04-10 08:35:03 - [MESSAGE][PASSED] - Call Test Case 'Test Cases/Utilidades-(atajos_para _tareas)/Tareas Actos Administrativos/Tarea Actos Administrativos' successfully

2023-04-10 08:35:03 - [TEST_STEP][PASSED] - waitForElementClickable(findTestObject("1-OBJECTS TAREAS PRINCIPALES/Modulo Tarea Actos Administrativos/Acto Cambio Empleado/i_Actos_glyphicons glyphicons-group"), G_TimeOut): Object 'Object Repository/1-OBJECTS TAREAS PRINCIPALES/Modulo Tarea Actos Administrativos/Acto Cambio Empleado/i_Actos_glyphicons glyphicons-group' is clickable

2023-04-10 08:35:03 - [MESSAGE][PASSED] - Object 'Object Repository/1-OBJECTS TAREAS PRINCIPALES/Modulo Tarea Actos Administrativos/Acto Cambio Empleado/i_Actos_glyphicons glyphicons-group' is clickable

2023-04-10 08:35:03 - [TEST_STEP][PASSED] - click(findTestObject("1-OBJECTS TAREAS PRINCIPALES/Modulo Tarea Actos Administrativos/Acto Cambio Empleado/i_Actos_glyphicons glyphicons-group")): Object: 'Object Repository/1-OBJECTS TAREAS PRINCIPALES/Modulo Tarea Actos Administrativos/Acto Cambio Empleado/i_Actos_glyphicons glyphicons-group' is clicked on

2023-04-10 08:35:04 - [MESSAGE][PASSED] - Object: 'Object Repository/1-OBJECTS TAREAS PRINCIPALES/Modulo Tarea Actos Administrativos/Acto Cambio Empleado/i_Actos_glyphicons glyphicons-group' is clicked on

2023-04-10 08:35:04 - [TEST_STEP][PASSED] - waitForElementClickable(findTestObject("1-OBJECTS TAREAS PRINCIPALES/Modulo Tarea Actos Administrativos/Acto Cambio Empleado/a_Acto cambio del Empleado_form"), G_TimeOut): Object 'Object Repository/1-OBJECTS TAREAS PRINCIPALES/Modulo Tarea Actos Administrativos/Acto Cambio Empleado/a_Acto cambio del Empleado_form' is clickable

2023-04-10 08:35:04 - [MESSAGE][PASSED] - Object 'Object Repository/1-OBJECTS TAREAS PRINCIPALES/Modulo Tarea Actos Administrativos/Acto Cambio Empleado/a_Acto cambio del Empleado_form' is clickable

2023-04-10 08:35:04 - [TEST_STEP][PASSED] - click(findTestObject("1-OBJECTS TAREAS PRINCIPALES/Modulo Tarea Actos Administrativos/Acto Cambio Empleado/a_Acto cambio del Empleado_form")): Object: 'Object Repository/1-OBJECTS TAREAS PRINCIPALES/Modulo Tarea Actos Administrativos/Acto Cambio Empleado/a_Acto cambio del Empleado_form' is clicked on

2023-04-10 08:35:05 - [MESSAGE][PASSED] - Object: 'Object Repository/1-OBJECTS TAREAS PRINCIPALES/Modulo Tarea Actos Administrativos/Acto Cambio Empleado/a_Acto cambio del Empleado_form' is clicked on

2023-04-10 08:35:05 - [TEST_STEP][PASSED] - doubleClick(findTestObject("1-OBJECTS TAREAS PRINCIPALES/Modulo Tarea Actos Administrativos/Acto Cambio Empleado/a_Elaborar")): Object: 'Object Repository/1-OBJECTS TAREAS PRINCIPALES/Modulo Tarea Actos Administrativos/Acto Cambio Empleado/a_Elaborar' is double clicked on

2023-04-10 08:35:05 - [MESSAGE][PASSED] - Object: 'Object Repository/1-OBJECTS TAREAS PRINCIPALES/Modulo Tarea Actos Administrativos/Acto Cambio Empleado/a_Elaborar' is double clicked on

2023-04-10 08:35:05 - [TEST_STEP][PASSED] - waitForElementClickable(findTestObject("1-OBJECTS TAREAS PRINCIPALES/Modulo Tarea Actos Administrativos/Acto Cambio Empleado/span_Nomina"), G_TimeOut): Object 'Object Repository/1-OBJECTS TAREAS PRINCIPALES/Modulo Tarea Actos Administrativos/Acto Cambio Empleado/span_Nomina' is clickable

2023-04-10 08:35:06 - [MESSAGE][PASSED] - Object 'Object Repository/1-OBJECTS TAREAS PRINCIPALES/Modulo Tarea Actos Administrativos/Acto Cambio Empleado/span_Nomina' is clickable

2023-04-10 08:35:06 - [TEST_STEP][PASSED] - click(findTestObject("1-OBJECTS TAREAS PRINCIPALES/Modulo Tarea Actos Administrativos/Acto Cambio Empleado/span_Nomina")): Object: 'Object Repository/1-OBJECTS TAREAS PRINCIPALES/Modulo Tarea Actos Administrativos/Acto Cambio Empleado/span_Nomina' is clicked on

2023-04-10 08:35:06 - [MESSAGE][PASSED] - Object: 'Object Repository/1-OBJECTS TAREAS PRINCIPALES/Modulo Tarea Actos Administrativos/Acto Cambio Empleado/span_Nomina' is clicked on

2023-04-10 08:35:06 - [TEST_STEP][PASSED] - waitForElementClickable(findTestObject("1-OBJECTS TAREAS PRINCIPALES/Modulo Tarea Actos Administrativos/Acto Cambio Empleado/span_ingreso definitivo indefinido salario basico"), G_TimeOut): Object 'Object Repository/1-OBJECTS TAREAS PRINCIPALES/Modulo Tarea Actos Administrativos/Acto Cambio Empleado/span_ingreso definitivo indefinido salario basico' is clickable

2023-04-10 08:35:07 - [MESSAGE][PASSED] - Object 'Object Repository/1-OBJECTS TAREAS PRINCIPALES/Modulo Tarea Actos Administrativos/Acto Cambio Empleado/span_ingreso definitivo indefinido salario basico' is clickable

2023-04-10 08:35:07 - [TEST_STEP][PASSED] - click(findTestObject("1-OBJECTS TAREAS PRINCIPALES/Modulo Tarea Actos Administrativos/Acto Cambio Empleado/span_ingreso definitivo indefinido salario basico")): Object: 'Object Repository/1-OBJECTS TAREAS PRINCIPALES/Modulo Tarea Actos Administrativos/Acto Cambio Empleado/span_ingreso definitivo indefinido salario basico' is clicked on

2023-04-10 08:35:07 - [MESSAGE][PASSED] - Object: 'Object Repository/1-OBJECTS TAREAS PRINCIPALES/Modulo Tarea Actos Administrativos/Acto Cambio Empleado/span_ingreso definitivo indefinido salario basico' is clicked on

2023-04-10 08:35:07 - [TEST_STEP][PASSED] - waitForElementClickable(findTestObject("1-OBJECTS TAREAS PRINCIPALES/Modulo Tarea Actos Administrativos/Acto Cambio Empleado/a_Elaboracin_glyphicons glyphicons-chronicle x2"), G_TimeOut): Object 'Object Repository/1-OBJECTS TAREAS PRINCIPALES/Modulo Tarea Actos Administrativos/Acto Cambio Empleado/a_Elaboracin_glyphicons glyphicons-chronicle x2' is clickable

2023-04-10 08:35:08 - [MESSAGE][PASSED] - Object 'Object Repository/1-OBJECTS TAREAS PRINCIPALES/Modulo Tarea Actos Administrativos/Acto Cambio Empleado/a_Elaboracin_glyphicons glyphicons-chronicle x2' is clickable

2023-04-10 08:35:08 - [TEST_STEP][PASSED] - click(findTestObject("1-OBJECTS TAREAS PRINCIPALES/Modulo Tarea Actos Administrativos/Acto Cambio Empleado/a_Elaboracin_glyphicons glyphicons-chronicle x2")): Object: 'Object Repository/1-OBJECTS TAREAS PRINCIPALES/Modulo Tarea Actos Administrativos/Acto Cambio Empleado/a_Elaboracin_glyphicons glyphicons-chronicle x2' is clicked on

2023-04-10 08:35:08 - [MESSAGE][PASSED] - Object: 'Object Repository/1-OBJECTS TAREAS PRINCIPALES/Modulo Tarea Actos Administrativos/Acto Cambio Empleado/a_Elaboracin_glyphicons glyphicons-chronicle x2' is clicked on

2023-04-10 08:35:08 - [TEST_STEP][PASSED] - waitForElementClickable(findTestObject("1-OBJECTS TAREAS PRINCIPALES/Modulo Tarea Actos Administrativos/Acto Cambio Empleado/a_Identificacin_form_actoIngresoj_idt975"), G_TimeOut): Object 'Object Repository/1-OBJECTS TAREAS PRINCIPALES/Modulo Tarea Actos Administrativos/Acto Cambio Empleado/a_Identificacin_form_actoIngresoj_idt975' is clickable

2023-04-10 08:35:09 - [MESSAGE][PASSED] - Object 'Object Repository/1-OBJECTS TAREAS PRINCIPALES/Modulo Tarea Actos Administrativos/Acto Cambio Empleado/a_Identificacin_form_actoIngresoj_idt975' is clickable

2023-04-10 08:35:09 - [TEST_STEP][PASSED] - click(findTestObject("1-OBJECTS TAREAS PRINCIPALES/Modulo Tarea Actos Administrativos/Acto Cambio Empleado/a_Identificacin_form_actoIngresoj_idt975")): Object: 'Object Repository/1-OBJECTS TAREAS PRINCIPALES/Modulo Tarea Actos Administrativos/Acto Cambio Empleado/a_Identificacin_form_actoIngresoj_idt975' is clicked on

2023-04-10 08:35:10 - [MESSAGE][PASSED] - Object: 'Object Repository/1-OBJECTS TAREAS PRINCIPALES/Modulo Tarea Actos Administrativos/Acto Cambio Empleado/a_Identificacin_form_actoIngresoj_idt975' is clicked on

2023-04-10 08:35:10 - [TEST_STEP][PASSED] - setText(findTestObject("1-OBJECTS TAREAS PRINCIPALES/Modulo Tarea Actos Administrativos/Acto Cambio Empleado/input_Filtro Hoja de Vida_formPopupHojaVidaj_idt1696"), identificacion): Text '9954500' is set on object 'Object Repository/1-OBJECTS TAREAS PRINCIPALES/Modulo Tarea Actos Administrativos/Acto Cambio Empleado/input_Filtro Hoja de Vida_formPopupHojaVidaj_idt1696'

2023-04-10 08:35:12 - [MESSAGE][PASSED] - Text '9954500' is set on object 'Object Repository/1-OBJECTS TAREAS PRINCIPALES/Modulo Tarea Actos Administrativos/Acto Cambio Empleado/input_Filtro Hoja de Vida_formPopupHojaVidaj_idt1696'

2023-04-10 08:35:12 - [TEST_STEP][PASSED] - sendKeys(findTestObject("1-OBJECTS TAREAS PRINCIPALES/Modulo Tarea Actos Administrativos/Acto Cambio Empleado/input_Filtro Hoja de Vida_formPopupHojaVidaj_idt1696"), Keys.chord(ENTER)): Keys 'ENTER + ' sent to object: 'Object Repository/1-OBJECTS TAREAS PRINCIPALES/Modulo Tarea Actos Administrativos/Acto Cambio Empleado/input_Filtro Hoja de Vida_formPopupHojaVidaj_idt1696'

2023-04-10 08:35:12 - [MESSAGE][PASSED] - Keys 'ENTER + ' sent to object: 'Object Repository/1-OBJECTS TAREAS PRINCIPALES/Modulo Tarea Actos Administrativos/Acto Cambio Empleado/input_Filtro Hoja de Vida_formPopupHojaVidaj_idt1696'

2023-04-10 08:35:12 - [TEST_STEP][PASSED] - waitForElementClickable(findTestObject("1-OBJECTS TAREAS PRINCIPALES/Modulo Tarea Actos Administrativos/Acto Cambio Empleado/span_Consta Belfegord  Jhon5682169"), G_TimeOut): Object 'Object Repository/1-OBJECTS TAREAS PRINCIPALES/Modulo Tarea Actos Administrativos/Acto Cambio Empleado/span_Consta Belfegord  Jhon5682169' is clickable

2023-04-10 08:35:14 - [MESSAGE][PASSED] - Object 'Object Repository/1-OBJECTS TAREAS PRINCIPALES/Modulo Tarea Actos Administrativos/Acto Cambio Empleado/span_Consta Belfegord  Jhon5682169' is clickable

2023-04-10 08:35:14 - [TEST_STEP][PASSED] - click(findTestObject("1-OBJECTS TAREAS PRINCIPALES/Modulo Tarea Actos Administrativos/Acto Cambio Empleado/span_Consta Belfegord  Jhon5682169")): Object: 'Object Repository/1-OBJECTS TAREAS PRINCIPALES/Modulo Tarea Actos Administrativos/Acto Cambio Empleado/span_Consta Belfegord  Jhon5682169' is clicked on

2023-04-10 08:35:14 - [MESSAGE][PASSED] - Object: 'Object Repository/1-OBJECTS TAREAS PRINCIPALES/Modulo Tarea Actos Administrativos/Acto Cambio Empleado/span_Consta Belfegord  Jhon5682169' is clicked on

2023-04-10 08:35:14 - [TEST_STEP][PASSED] - waitForElementClickable(findTestObject("1-OBJECTS TAREAS PRINCIPALES/Modulo Tarea Actos Administrativos/Acto Cambio Empleado/a_Continuar"), G_TimeOut): Object 'Object Repository/1-OBJECTS TAREAS PRINCIPALES/Modulo Tarea Actos Administrativos/Acto Cambio Empleado/a_Continuar' is clickable

2023-04-10 08:35:15 - [MESSAGE][PASSED] - Object 'Object Repository/1-OBJECTS TAREAS PRINCIPALES/Modulo Tarea Actos Administrativos/Acto Cambio Empleado/a_Continuar' is clickable

2023-04-10 08:35:15 - [TEST_STEP][PASSED] - click(findTestObject("1-OBJECTS TAREAS PRINCIPALES/Modulo Tarea Actos Administrativos/Acto Cambio Empleado/a_Continuar")): Object: 'Object Repository/1-OBJECTS TAREAS PRINCIPALES/Modulo Tarea Actos Administrativos/Acto Cambio Empleado/a_Continuar' is clicked on

2023-04-10 08:35:15 - [MESSAGE][PASSED] - Object: 'Object Repository/1-OBJECTS TAREAS PRINCIPALES/Modulo Tarea Actos Administrativos/Acto Cambio Empleado/a_Continuar' is clicked on

2023-04-10 08:35:15 - [TEST_STEP][PASSED] - return identificacion: null

2023-04-10 08:35:15 - [MESSAGE][PASSED] - Call Test Case 'Test Cases/Utilidades-(atajos_para _tareas)/Tareas Actos Administrativos/Acto Cambio del Empleado' successfully

2023-04-10 08:35:15 - [TEST_STEP][PASSED] - setText(findTestObject("1-OBJECTS TAREAS PRINCIPALES/Modulo Tarea Actos Administrativos/Elaboracion Acto Cambio de Empleado/input__form_actoIngresoj_idt10120fecha_input"), "01/12/2018"): Text '01/12/2018' is set on object 'Object Repository/1-OBJECTS TAREAS PRINCIPALES/Modulo Tarea Actos Administrativos/Elaboracion Acto Cambio de Empleado/input__form_actoIngresoj_idt10120fecha_input'

2023-04-10 08:35:17 - [MESSAGE][PASSED] - Text '01/12/2018' is set on object 'Object Repository/1-OBJECTS TAREAS PRINCIPALES/Modulo Tarea Actos Administrativos/Elaboracion Acto Cambio de Empleado/input__form_actoIngresoj_idt10120fecha_input'

2023-04-10 08:35:17 - [TEST_STEP][PASSED] - sendKeys(findTestObject("1-OBJECTS TAREAS PRINCIPALES/Modulo Tarea Actos Administrativos/Elaboracion Acto Cambio de Empleado/input__form_actoIngresoj_idt10120fecha_input"), Keys.chord(ENTER)): Keys 'ENTER + ' sent to object: 'Object Repository/1-OBJECTS TAREAS PRINCIPALES/Modulo Tarea Actos Administrativos/Elaboracion Acto Cambio de Empleado/input__form_actoIngresoj_idt10120fecha_input'

2023-04-10 08:35:18 - [MESSAGE][PASSED] - Keys 'ENTER + ' sent to object: 'Object Repository/1-OBJECTS TAREAS PRINCIPALES/Modulo Tarea Actos Administrativos/Elaboracion Acto Cambio de Empleado/input__form_actoIngresoj_idt10120fecha_input'

2023-04-10 08:35:18 - [TEST_STEP][PASSED] - setText(findTestObject("1-OBJECTS TAREAS PRINCIPALES/Modulo Tarea Actos Administrativos/Elaboracion Acto Cambio de Empleado/input__form_actoIngresoj_idt10121fecha_input"), "01/12/2018"): Text '01/12/2018' is set on object 'Object Repository/1-OBJECTS TAREAS PRINCIPALES/Modulo Tarea Actos Administrativos/Elaboracion Acto Cambio de Empleado/input__form_actoIngresoj_idt10121fecha_input'

2023-04-10 08:35:19 - [MESSAGE][PASSED] - Text '01/12/2018' is set on object 'Object Repository/1-OBJECTS TAREAS PRINCIPALES/Modulo Tarea Actos Administrativos/Elaboracion Acto Cambio de Empleado/input__form_actoIngresoj_idt10121fecha_input'

2023-04-10 08:35:19 - [TEST_STEP][PASSED] - sendKeys(findTestObject("1-OBJECTS TAREAS PRINCIPALES/Modulo Tarea Actos Administrativos/Elaboracion Acto Cambio de Empleado/input__form_actoIngresoj_idt10121fecha_input"), Keys.chord(ENTER)): Keys 'ENTER + ' sent to object: 'Object Repository/1-OBJECTS TAREAS PRINCIPALES/Modulo Tarea Actos Administrativos/Elaboracion Acto Cambio de Empleado/input__form_actoIngresoj_idt10121fecha_input'

2023-04-10 08:35:19 - [MESSAGE][PASSED] - Keys 'ENTER + ' sent to object: 'Object Repository/1-OBJECTS TAREAS PRINCIPALES/Modulo Tarea Actos Administrativos/Elaboracion Acto Cambio de Empleado/input__form_actoIngresoj_idt10121fecha_input'

2023-04-10 08:35:19 - [TEST_STEP][PASSED] - if (waitForElementClickable(findTestObject("1-OBJECTS TAREAS PRINCIPALES/Modulo Tarea Actos Administrativos/Elaboracion Acto Cambio de Empleado/span_Motivo ingreso"), G_TimeOut)): null

2023-04-10 08:35:20 - [MESSAGE][PASSED] - Object 'Object Repository/1-OBJECTS TAREAS PRINCIPALES/Modulo Tarea Actos Administrativos/Elaboracion Acto Cambio de Empleado/span_Motivo ingreso' is clickable

2023-04-10 08:35:20 - [TEST_STEP][PASSED] - click(findTestObject("1-OBJECTS TAREAS PRINCIPALES/Modulo Tarea Actos Administrativos/Elaboracion Acto Cambio de Empleado/span_Motivo ingreso")): Object: 'Object Repository/1-OBJECTS TAREAS PRINCIPALES/Modulo Tarea Actos Administrativos/Elaboracion Acto Cambio de Empleado/span_Motivo ingreso' is clicked on

2023-04-10 08:35:20 - [MESSAGE][PASSED] - Object: 'Object Repository/1-OBJECTS TAREAS PRINCIPALES/Modulo Tarea Actos Administrativos/Elaboracion Acto Cambio de Empleado/span_Motivo ingreso' is clicked on

2023-04-10 08:35:20 - [TEST_STEP][PASSED] - selectOptionByIndex(findTestObject("1-OBJECTS TAREAS PRINCIPALES/Modulo Tarea Actos Administrativos/Elaboracion Acto Cambio de Empleado/select_10 - Ingreso Puesto Nuevo"), "1"): All options with index in [1] are selected on object 'Object Repository/1-OBJECTS TAREAS PRINCIPALES/Modulo Tarea Actos Administrativos/Elaboracion Acto Cambio de Empleado/select_10 - Ingreso Puesto Nuevo'

2023-04-10 08:35:21 - [MESSAGE][PASSED] - All options with index in [1] are selected on object 'Object Repository/1-OBJECTS TAREAS PRINCIPALES/Modulo Tarea Actos Administrativos/Elaboracion Acto Cambio de Empleado/select_10 - Ingreso Puesto Nuevo'

2023-04-10 08:35:21 - [TEST_STEP][PASSED] - setText(findTestObject("1-OBJECTS TAREAS PRINCIPALES/Modulo Tarea Actos Administrativos/Elaboracion Acto Cambio de Empleado/textarea__form_actoIngresoj_idt10124j_idt1025"), "Magister en derecho penal"): Text 'Magister en derecho penal' is set on object 'Object Repository/1-OBJECTS TAREAS PRINCIPALES/Modulo Tarea Actos Administrativos/Elaboracion Acto Cambio de Empleado/textarea__form_actoIngresoj_idt10124j_idt1025'

2023-04-10 08:35:22 - [MESSAGE][PASSED] - Text 'Magister en derecho penal' is set on object 'Object Repository/1-OBJECTS TAREAS PRINCIPALES/Modulo Tarea Actos Administrativos/Elaboracion Acto Cambio de Empleado/textarea__form_actoIngresoj_idt10124j_idt1025'

2023-04-10 08:35:22 - [TEST_STEP][PASSED] - selectOptionByIndex(findTestObject("1-OBJECTS TAREAS PRINCIPALES/Modulo Tarea Actos Administrativos/Elaboracion Acto Cambio de Empleado/select_-- Seleccione --1 Actualizacin"), "2"): All options with index in [2] are selected on object 'Object Repository/1-OBJECTS TAREAS PRINCIPALES/Modulo Tarea Actos Administrativos/Elaboracion Acto Cambio de Empleado/select_-- Seleccione --1 Actualizacin'

2023-04-10 08:35:23 - [MESSAGE][PASSED] - All options with index in [2] are selected on object 'Object Repository/1-OBJECTS TAREAS PRINCIPALES/Modulo Tarea Actos Administrativos/Elaboracion Acto Cambio de Empleado/select_-- Seleccione --1 Actualizacin'

2023-04-10 08:35:23 - [TEST_STEP][PASSED] - setText(findTestObject("1-OBJECTS TAREAS PRINCIPALES/Modulo Tarea Actos Administrativos/Elaboracion Acto Cambio de Empleado/input__form_actoIngresoj_idt10126j_idt1022"), "AAAAAA"): Text 'AAAAAA' is set on object 'Object Repository/1-OBJECTS TAREAS PRINCIPALES/Modulo Tarea Actos Administrativos/Elaboracion Acto Cambio de Empleado/input__form_actoIngresoj_idt10126j_idt1022'

2023-04-10 08:35:24 - [MESSAGE][PASSED] - Text 'AAAAAA' is set on object 'Object Repository/1-OBJECTS TAREAS PRINCIPALES/Modulo Tarea Actos Administrativos/Elaboracion Acto Cambio de Empleado/input__form_actoIngresoj_idt10126j_idt1022'

2023-04-10 08:35:24 - [TEST_STEP][PASSED] - waitForElementClickable(findTestObject("1-OBJECTS TAREAS PRINCIPALES/Modulo Tarea Actos Administrativos/Elaboracion Acto Cambio de Empleado/a__form_actoIngresoj_idt10127j_idt1042"), G_TimeOut): Object 'Object Repository/1-OBJECTS TAREAS PRINCIPALES/Modulo Tarea Actos Administrativos/Elaboracion Acto Cambio de Empleado/a__form_actoIngresoj_idt10127j_idt1042' is clickable

2023-04-10 08:35:24 - [MESSAGE][PASSED] - Object 'Object Repository/1-OBJECTS TAREAS PRINCIPALES/Modulo Tarea Actos Administrativos/Elaboracion Acto Cambio de Empleado/a__form_actoIngresoj_idt10127j_idt1042' is clickable

2023-04-10 08:35:24 - [TEST_STEP][PASSED] - click(findTestObject("1-OBJECTS TAREAS PRINCIPALES/Modulo Tarea Actos Administrativos/Elaboracion Acto Cambio de Empleado/a__form_actoIngresoj_idt10127j_idt1042")): Object: 'Object Repository/1-OBJECTS TAREAS PRINCIPALES/Modulo Tarea Actos Administrativos/Elaboracion Acto Cambio de Empleado/a__form_actoIngresoj_idt10127j_idt1042' is clicked on

2023-04-10 08:35:25 - [MESSAGE][PASSED] - Object: 'Object Repository/1-OBJECTS TAREAS PRINCIPALES/Modulo Tarea Actos Administrativos/Elaboracion Acto Cambio de Empleado/a__form_actoIngresoj_idt10127j_idt1042' is clicked on

2023-04-10 08:35:25 - [TEST_STEP][PASSED] - setText(findTestObject("1-OBJECTS TAREAS PRINCIPALES/Modulo Tarea Actos Administrativos/Elaboracion Acto Cambio de Empleado/input_Unidad_form_actoIngresoj_idt1334"), "1"): Text '1' is set on object 'Object Repository/1-OBJECTS TAREAS PRINCIPALES/Modulo Tarea Actos Administrativos/Elaboracion Acto Cambio de Empleado/input_Unidad_form_actoIngresoj_idt1334'

2023-04-10 08:35:26 - [MESSAGE][PASSED] - Text '1' is set on object 'Object Repository/1-OBJECTS TAREAS PRINCIPALES/Modulo Tarea Actos Administrativos/Elaboracion Acto Cambio de Empleado/input_Unidad_form_actoIngresoj_idt1334'

2023-04-10 08:35:26 - [TEST_STEP][PASSED] - sendKeys(findTestObject("1-OBJECTS TAREAS PRINCIPALES/Modulo Tarea Actos Administrativos/Elaboracion Acto Cambio de Empleado/input_Unidad_form_actoIngresoj_idt1334"), Keys.chord(ENTER)): Keys 'ENTER + ' sent to object: 'Object Repository/1-OBJECTS TAREAS PRINCIPALES/Modulo Tarea Actos Administrativos/Elaboracion Acto Cambio de Empleado/input_Unidad_form_actoIngresoj_idt1334'

2023-04-10 08:35:26 - [MESSAGE][PASSED] - Keys 'ENTER + ' sent to object: 'Object Repository/1-OBJECTS TAREAS PRINCIPALES/Modulo Tarea Actos Administrativos/Elaboracion Acto Cambio de Empleado/input_Unidad_form_actoIngresoj_idt1334'

2023-04-10 08:35:26 - [TEST_STEP][PASSED] - waitForElementClickable(findTestObject("1-OBJECTS TAREAS PRINCIPALES/Modulo Tarea Actos Administrativos/Elaboracion Acto Cambio de Empleado/span_ADMINISTRACION"), G_TimeOut): Object 'Object Repository/1-OBJECTS TAREAS PRINCIPALES/Modulo Tarea Actos Administrativos/Elaboracion Acto Cambio de Empleado/span_ADMINISTRACION' is clickable

2023-04-10 08:35:27 - [MESSAGE][PASSED] - Object 'Object Repository/1-OBJECTS TAREAS PRINCIPALES/Modulo Tarea Actos Administrativos/Elaboracion Acto Cambio de Empleado/span_ADMINISTRACION' is clickable

2023-04-10 08:35:27 - [TEST_STEP][PASSED] - click(findTestObject("1-OBJECTS TAREAS PRINCIPALES/Modulo Tarea Actos Administrativos/Elaboracion Acto Cambio de Empleado/span_ADMINISTRACION")): Object: 'Object Repository/1-OBJECTS TAREAS PRINCIPALES/Modulo Tarea Actos Administrativos/Elaboracion Acto Cambio de Empleado/span_ADMINISTRACION' is clicked on

2023-04-10 08:35:28 - [MESSAGE][PASSED] - Object: 'Object Repository/1-OBJECTS TAREAS PRINCIPALES/Modulo Tarea Actos Administrativos/Elaboracion Acto Cambio de Empleado/span_ADMINISTRACION' is clicked on

2023-04-10 08:35:28 - [TEST_STEP][PASSED] - waitForElementClickable(findTestObject("1-OBJECTS TAREAS PRINCIPALES/Modulo Tarea Actos Administrativos/Elaboracion Acto Cambio de Empleado/a__form_actoIngresoj_idt10128j_idt1042"), G_TimeOut): Object 'Object Repository/1-OBJECTS TAREAS PRINCIPALES/Modulo Tarea Actos Administrativos/Elaboracion Acto Cambio de Empleado/a__form_actoIngresoj_idt10128j_idt1042' is clickable

2023-04-10 08:35:28 - [MESSAGE][PASSED] - Object 'Object Repository/1-OBJECTS TAREAS PRINCIPALES/Modulo Tarea Actos Administrativos/Elaboracion Acto Cambio de Empleado/a__form_actoIngresoj_idt10128j_idt1042' is clickable

2023-04-10 08:35:28 - [TEST_STEP][PASSED] - click(findTestObject("1-OBJECTS TAREAS PRINCIPALES/Modulo Tarea Actos Administrativos/Elaboracion Acto Cambio de Empleado/a__form_actoIngresoj_idt10128j_idt1042")): Object: 'Object Repository/1-OBJECTS TAREAS PRINCIPALES/Modulo Tarea Actos Administrativos/Elaboracion Acto Cambio de Empleado/a__form_actoIngresoj_idt10128j_idt1042' is clicked on

2023-04-10 08:35:29 - [MESSAGE][PASSED] - Object: 'Object Repository/1-OBJECTS TAREAS PRINCIPALES/Modulo Tarea Actos Administrativos/Elaboracion Acto Cambio de Empleado/a__form_actoIngresoj_idt10128j_idt1042' is clicked on

2023-04-10 08:35:29 - [TEST_STEP][PASSED] - waitForElementClickable(findTestObject("1-OBJECTS TAREAS PRINCIPALES/Modulo Tarea Actos Administrativos/Elaboracion Acto Cambio de Empleado/span_ABOGADO"), 0): Object 'Object Repository/1-OBJECTS TAREAS PRINCIPALES/Modulo Tarea Actos Administrativos/Elaboracion Acto Cambio de Empleado/span_ABOGADO' is clickable

2023-04-10 08:35:29 - [MESSAGE][WARNING] - Timeout '0' is invalid. Using default page load timeout: '37'

2023-04-10 08:35:31 - [MESSAGE][PASSED] - Object 'Object Repository/1-OBJECTS TAREAS PRINCIPALES/Modulo Tarea Actos Administrativos/Elaboracion Acto Cambio de Empleado/span_ABOGADO' is clickable

2023-04-10 08:35:31 - [TEST_STEP][PASSED] - click(findTestObject("1-OBJECTS TAREAS PRINCIPALES/Modulo Tarea Actos Administrativos/Elaboracion Acto Cambio de Empleado/span_ABOGADO")): Object: 'Object Repository/1-OBJECTS TAREAS PRINCIPALES/Modulo Tarea Actos Administrativos/Elaboracion Acto Cambio de Empleado/span_ABOGADO' is clicked on

2023-04-10 08:35:31 - [MESSAGE][PASSED] - Object: 'Object Repository/1-OBJECTS TAREAS PRINCIPALES/Modulo Tarea Actos Administrativos/Elaboracion Acto Cambio de Empleado/span_ABOGADO' is clicked on

2023-04-10 08:35:31 - [TEST_STEP][PASSED] - setText(findTestObject("1-OBJECTS TAREAS PRINCIPALES/Modulo Tarea Actos Administrativos/Elaboracion Acto Cambio de Empleado/input_VALOR4_form_actoIngresoj_idt10129j_idt1028"), "3"): Text '3' is set on object 'Object Repository/1-OBJECTS TAREAS PRINCIPALES/Modulo Tarea Actos Administrativos/Elaboracion Acto Cambio de Empleado/input_VALOR4_form_actoIngresoj_idt10129j_idt1028'

2023-04-10 08:35:32 - [MESSAGE][PASSED] - Text '3' is set on object 'Object Repository/1-OBJECTS TAREAS PRINCIPALES/Modulo Tarea Actos Administrativos/Elaboracion Acto Cambio de Empleado/input_VALOR4_form_actoIngresoj_idt10129j_idt1028'

2023-04-10 08:35:32 - [TEST_STEP][PASSED] - waitForElementClickable(findTestObject("1-OBJECTS TAREAS PRINCIPALES/Modulo Tarea Actos Administrativos/Elaboracion Acto Cambio de Empleado/span_ENTIDAD DE SALUD"), G_TimeOut): Object 'Object Repository/1-OBJECTS TAREAS PRINCIPALES/Modulo Tarea Actos Administrativos/Elaboracion Acto Cambio de Empleado/span_ENTIDAD DE SALUD' is clickable

2023-04-10 08:35:33 - [MESSAGE][PASSED] - Object 'Object Repository/1-OBJECTS TAREAS PRINCIPALES/Modulo Tarea Actos Administrativos/Elaboracion Acto Cambio de Empleado/span_ENTIDAD DE SALUD' is clickable

2023-04-10 08:35:33 - [TEST_STEP][PASSED] - click(findTestObject("1-OBJECTS TAREAS PRINCIPALES/Modulo Tarea Actos Administrativos/Elaboracion Acto Cambio de Empleado/span_ENTIDAD DE SALUD")): Object: 'Object Repository/1-OBJECTS TAREAS PRINCIPALES/Modulo Tarea Actos Administrativos/Elaboracion Acto Cambio de Empleado/span_ENTIDAD DE SALUD' is clicked on

2023-04-10 08:35:33 - [MESSAGE][PASSED] - Object: 'Object Repository/1-OBJECTS TAREAS PRINCIPALES/Modulo Tarea Actos Administrativos/Elaboracion Acto Cambio de Empleado/span_ENTIDAD DE SALUD' is clicked on

2023-04-10 08:35:33 - [TEST_STEP][PASSED] - waitForElementClickable(findTestObject("1-OBJECTS TAREAS PRINCIPALES/Modulo Tarea Actos Administrativos/Elaboracion Acto Cambio de Empleado/span_Eps - Aliansalud Eps"), G_TimeOut): Object 'Object Repository/1-OBJECTS TAREAS PRINCIPALES/Modulo Tarea Actos Administrativos/Elaboracion Acto Cambio de Empleado/span_Eps - Aliansalud Eps' is clickable

2023-04-10 08:35:35 - [MESSAGE][PASSED] - Object 'Object Repository/1-OBJECTS TAREAS PRINCIPALES/Modulo Tarea Actos Administrativos/Elaboracion Acto Cambio de Empleado/span_Eps - Aliansalud Eps' is clickable

2023-04-10 08:35:35 - [TEST_STEP][PASSED] - click(findTestObject("1-OBJECTS TAREAS PRINCIPALES/Modulo Tarea Actos Administrativos/Elaboracion Acto Cambio de Empleado/span_Eps - Aliansalud Eps")): Object: 'Object Repository/1-OBJECTS TAREAS PRINCIPALES/Modulo Tarea Actos Administrativos/Elaboracion Acto Cambio de Empleado/span_Eps - Aliansalud Eps' is clicked on

2023-04-10 08:35:35 - [MESSAGE][PASSED] - Object: 'Object Repository/1-OBJECTS TAREAS PRINCIPALES/Modulo Tarea Actos Administrativos/Elaboracion Acto Cambio de Empleado/span_Eps - Aliansalud Eps' is clicked on

2023-04-10 08:35:35 - [TEST_STEP][PASSED] - waitForElementClickable(findTestObject("1-OBJECTS TAREAS PRINCIPALES/Modulo Tarea Actos Administrativos/Elaboracion Acto Cambio de Empleado/span_FONDO DE PENSIONES"), G_TimeOut): Object 'Object Repository/1-OBJECTS TAREAS PRINCIPALES/Modulo Tarea Actos Administrativos/Elaboracion Acto Cambio de Empleado/span_FONDO DE PENSIONES' is clickable

2023-04-10 08:35:36 - [MESSAGE][PASSED] - Object 'Object Repository/1-OBJECTS TAREAS PRINCIPALES/Modulo Tarea Actos Administrativos/Elaboracion Acto Cambio de Empleado/span_FONDO DE PENSIONES' is clickable

2023-04-10 08:35:36 - [TEST_STEP][PASSED] - click(findTestObject("1-OBJECTS TAREAS PRINCIPALES/Modulo Tarea Actos Administrativos/Elaboracion Acto Cambio de Empleado/span_FONDO DE PENSIONES")): Object: 'Object Repository/1-OBJECTS TAREAS PRINCIPALES/Modulo Tarea Actos Administrativos/Elaboracion Acto Cambio de Empleado/span_FONDO DE PENSIONES' is clicked on

2023-04-10 08:35:36 - [MESSAGE][PASSED] - Object: 'Object Repository/1-OBJECTS TAREAS PRINCIPALES/Modulo Tarea Actos Administrativos/Elaboracion Acto Cambio de Empleado/span_FONDO DE PENSIONES' is clicked on

2023-04-10 08:35:36 - [TEST_STEP][PASSED] - waitForElementClickable(findTestObject("1-OBJECTS TAREAS PRINCIPALES/Modulo Tarea Actos Administrativos/Elaboracion Acto Cambio de Empleado/span_Afp - Colfondos"), G_TimeOut): Object 'Object Repository/1-OBJECTS TAREAS PRINCIPALES/Modulo Tarea Actos Administrativos/Elaboracion Acto Cambio de Empleado/span_Afp - Colfondos' is clickable

2023-04-10 08:35:37 - [MESSAGE][PASSED] - Object 'Object Repository/1-OBJECTS TAREAS PRINCIPALES/Modulo Tarea Actos Administrativos/Elaboracion Acto Cambio de Empleado/span_Afp - Colfondos' is clickable

2023-04-10 08:35:37 - [TEST_STEP][PASSED] - click(findTestObject("1-OBJECTS TAREAS PRINCIPALES/Modulo Tarea Actos Administrativos/Elaboracion Acto Cambio de Empleado/span_Afp - Colfondos")): Object: 'Object Repository/1-OBJECTS TAREAS PRINCIPALES/Modulo Tarea Actos Administrativos/Elaboracion Acto Cambio de Empleado/span_Afp - Colfondos' is clicked on

2023-04-10 08:35:37 - [MESSAGE][PASSED] - Object: 'Object Repository/1-OBJECTS TAREAS PRINCIPALES/Modulo Tarea Actos Administrativos/Elaboracion Acto Cambio de Empleado/span_Afp - Colfondos' is clicked on

2023-04-10 08:35:37 - [TEST_STEP][PASSED] - waitForElementClickable(findTestObject("1-OBJECTS TAREAS PRINCIPALES/Modulo Tarea Actos Administrativos/Elaboracion Acto Cambio de Empleado/span_ASEG RIESGOS PROFESIONALES"), G_TimeOut): Object 'Object Repository/1-OBJECTS TAREAS PRINCIPALES/Modulo Tarea Actos Administrativos/Elaboracion Acto Cambio de Empleado/span_ASEG RIESGOS PROFESIONALES' is clickable

2023-04-10 08:35:38 - [MESSAGE][PASSED] - Object 'Object Repository/1-OBJECTS TAREAS PRINCIPALES/Modulo Tarea Actos Administrativos/Elaboracion Acto Cambio de Empleado/span_ASEG RIESGOS PROFESIONALES' is clickable

2023-04-10 08:35:38 - [TEST_STEP][PASSED] - click(findTestObject("1-OBJECTS TAREAS PRINCIPALES/Modulo Tarea Actos Administrativos/Elaboracion Acto Cambio de Empleado/span_ASEG RIESGOS PROFESIONALES")): Object: 'Object Repository/1-OBJECTS TAREAS PRINCIPALES/Modulo Tarea Actos Administrativos/Elaboracion Acto Cambio de Empleado/span_ASEG RIESGOS PROFESIONALES' is clicked on

2023-04-10 08:35:38 - [MESSAGE][PASSED] - Object: 'Object Repository/1-OBJECTS TAREAS PRINCIPALES/Modulo Tarea Actos Administrativos/Elaboracion Acto Cambio de Empleado/span_ASEG RIESGOS PROFESIONALES' is clicked on

2023-04-10 08:35:38 - [TEST_STEP][PASSED] - waitForElementClickable(findTestObject("1-OBJECTS TAREAS PRINCIPALES/Modulo Tarea Actos Administrativos/Elaboracion Acto Cambio de Empleado/span_Arl - Seguros Bolivar"), G_TimeOut): Object 'Object Repository/1-OBJECTS TAREAS PRINCIPALES/Modulo Tarea Actos Administrativos/Elaboracion Acto Cambio de Empleado/span_Arl - Seguros Bolivar' is clickable

2023-04-10 08:35:39 - [MESSAGE][PASSED] - Object 'Object Repository/1-OBJECTS TAREAS PRINCIPALES/Modulo Tarea Actos Administrativos/Elaboracion Acto Cambio de Empleado/span_Arl - Seguros Bolivar' is clickable

2023-04-10 08:35:39 - [TEST_STEP][PASSED] - click(findTestObject("1-OBJECTS TAREAS PRINCIPALES/Modulo Tarea Actos Administrativos/Elaboracion Acto Cambio de Empleado/span_Arl - Seguros Bolivar")): Object: 'Object Repository/1-OBJECTS TAREAS PRINCIPALES/Modulo Tarea Actos Administrativos/Elaboracion Acto Cambio de Empleado/span_Arl - Seguros Bolivar' is clicked on

2023-04-10 08:35:40 - [MESSAGE][PASSED] - Object: 'Object Repository/1-OBJECTS TAREAS PRINCIPALES/Modulo Tarea Actos Administrativos/Elaboracion Acto Cambio de Empleado/span_Arl - Seguros Bolivar' is clicked on

2023-04-10 08:35:40 - [TEST_STEP][PASSED] - waitForElementClickable(findTestObject("1-OBJECTS TAREAS PRINCIPALES/Modulo Tarea Actos Administrativos/Elaboracion Acto Cambio de Empleado/span_FONDO DE CESANTIAS"), G_TimeOut): Object 'Object Repository/1-OBJECTS TAREAS PRINCIPALES/Modulo Tarea Actos Administrativos/Elaboracion Acto Cambio de Empleado/span_FONDO DE CESANTIAS' is clickable

2023-04-10 08:35:40 - [MESSAGE][PASSED] - Object 'Object Repository/1-OBJECTS TAREAS PRINCIPALES/Modulo Tarea Actos Administrativos/Elaboracion Acto Cambio de Empleado/span_FONDO DE CESANTIAS' is clickable

2023-04-10 08:35:40 - [TEST_STEP][PASSED] - click(findTestObject("1-OBJECTS TAREAS PRINCIPALES/Modulo Tarea Actos Administrativos/Elaboracion Acto Cambio de Empleado/span_FONDO DE CESANTIAS")): Object: 'Object Repository/1-OBJECTS TAREAS PRINCIPALES/Modulo Tarea Actos Administrativos/Elaboracion Acto Cambio de Empleado/span_FONDO DE CESANTIAS' is clicked on

2023-04-10 08:35:41 - [MESSAGE][PASSED] - Object: 'Object Repository/1-OBJECTS TAREAS PRINCIPALES/Modulo Tarea Actos Administrativos/Elaboracion Acto Cambio de Empleado/span_FONDO DE CESANTIAS' is clicked on

2023-04-10 08:35:41 - [TEST_STEP][PASSED] - waitForElementClickable(findTestObject("1-OBJECTS TAREAS PRINCIPALES/Modulo Tarea Actos Administrativos/Elaboracion Acto Cambio de Empleado/span_Fc - Colfondos"), G_TimeOut): Object 'Object Repository/1-OBJECTS TAREAS PRINCIPALES/Modulo Tarea Actos Administrativos/Elaboracion Acto Cambio de Empleado/span_Fc - Colfondos' is clickable

2023-04-10 08:35:41 - [MESSAGE][PASSED] - Object 'Object Repository/1-OBJECTS TAREAS PRINCIPALES/Modulo Tarea Actos Administrativos/Elaboracion Acto Cambio de Empleado/span_Fc - Colfondos' is clickable

2023-04-10 08:35:41 - [TEST_STEP][PASSED] - click(findTestObject("1-OBJECTS TAREAS PRINCIPALES/Modulo Tarea Actos Administrativos/Elaboracion Acto Cambio de Empleado/span_Fc - Colfondos")): Object: 'Object Repository/1-OBJECTS TAREAS PRINCIPALES/Modulo Tarea Actos Administrativos/Elaboracion Acto Cambio de Empleado/span_Fc - Colfondos' is clicked on

2023-04-10 08:35:42 - [MESSAGE][PASSED] - Object: 'Object Repository/1-OBJECTS TAREAS PRINCIPALES/Modulo Tarea Actos Administrativos/Elaboracion Acto Cambio de Empleado/span_Fc - Colfondos' is clicked on

2023-04-10 08:35:42 - [TEST_STEP][PASSED] - click(findTestObject("1-OBJECTS TAREAS PRINCIPALES/Modulo Tarea Actos Administrativos/Elaboracion Acto Cambio de Empleado/span_PAGO DE NOMINA")): Object: 'Object Repository/1-OBJECTS TAREAS PRINCIPALES/Modulo Tarea Actos Administrativos/Elaboracion Acto Cambio de Empleado/span_PAGO DE NOMINA' is clicked on

2023-04-10 08:35:43 - [MESSAGE][PASSED] - Object: 'Object Repository/1-OBJECTS TAREAS PRINCIPALES/Modulo Tarea Actos Administrativos/Elaboracion Acto Cambio de Empleado/span_PAGO DE NOMINA' is clicked on

2023-04-10 08:35:43 - [TEST_STEP][PASSED] - click(findTestObject("1-OBJECTS TAREAS PRINCIPALES/Modulo Tarea Actos Administrativos/Elaboracion Acto Cambio de Empleado/a_Sucursal_entidadempleado_formtabj_idt1219")): Object: 'Object Repository/1-OBJECTS TAREAS PRINCIPALES/Modulo Tarea Actos Administrativos/Elaboracion Acto Cambio de Empleado/a_Sucursal_entidadempleado_formtabj_idt1219' is clicked on

2023-04-10 08:35:43 - [MESSAGE][PASSED] - Object: 'Object Repository/1-OBJECTS TAREAS PRINCIPALES/Modulo Tarea Actos Administrativos/Elaboracion Acto Cambio de Empleado/a_Sucursal_entidadempleado_formtabj_idt1219' is clicked on

2023-04-10 08:35:43 - [TEST_STEP][PASSED] - setText(findTestObject("1-OBJECTS TAREAS PRINCIPALES/Modulo Tarea Actos Administrativos/Elaboracion Acto Cambio de Empleado/Input_Entidad de salud"), "Ccf - Cafam"): Text 'Ccf - Cafam' is set on object 'Object Repository/1-OBJECTS TAREAS PRINCIPALES/Modulo Tarea Actos Administrativos/Elaboracion Acto Cambio de Empleado/Input_Entidad de salud'

2023-04-10 08:35:44 - [MESSAGE][PASSED] - Text 'Ccf - Cafam' is set on object 'Object Repository/1-OBJECTS TAREAS PRINCIPALES/Modulo Tarea Actos Administrativos/Elaboracion Acto Cambio de Empleado/Input_Entidad de salud'

2023-04-10 08:35:44 - [TEST_STEP][PASSED] - sendKeys(findTestObject("1-OBJECTS TAREAS PRINCIPALES/Modulo Tarea Actos Administrativos/Elaboracion Acto Cambio de Empleado/Input_Entidad de salud"), Keys.chord(ENTER)): Keys 'ENTER + ' sent to object: 'Object Repository/1-OBJECTS TAREAS PRINCIPALES/Modulo Tarea Actos Administrativos/Elaboracion Acto Cambio de Empleado/Input_Entidad de salud'

2023-04-10 08:35:45 - [MESSAGE][PASSED] - Keys 'ENTER + ' sent to object: 'Object Repository/1-OBJECTS TAREAS PRINCIPALES/Modulo Tarea Actos Administrativos/Elaboracion Acto Cambio de Empleado/Input_Entidad de salud'

2023-04-10 08:35:45 - [TEST_STEP][PASSED] - click(findTestObject("1-OBJECTS TAREAS PRINCIPALES/Modulo Tarea Actos Administrativos/Elaboracion Acto Cambio de Empleado/span_Ccf - Cafam")): Object: 'Object Repository/1-OBJECTS TAREAS PRINCIPALES/Modulo Tarea Actos Administrativos/Elaboracion Acto Cambio de Empleado/span_Ccf - Cafam' is clicked on

2023-04-10 08:35:46 - [MESSAGE][PASSED] - Object: 'Object Repository/1-OBJECTS TAREAS PRINCIPALES/Modulo Tarea Actos Administrativos/Elaboracion Acto Cambio de Empleado/span_Ccf - Cafam' is clicked on

2023-04-10 08:35:46 - [TEST_STEP][PASSED] - selectOptionByIndex(findTestObject("1-OBJECTS TAREAS PRINCIPALES/Modulo Tarea Actos Administrativos/Elaboracion Acto Cambio de Empleado/select_--Seleccione--003 Familia Popayan"), 2): All options with index in [2] are selected on object 'Object Repository/1-OBJECTS TAREAS PRINCIPALES/Modulo Tarea Actos Administrativos/Elaboracion Acto Cambio de Empleado/select_--Seleccione--003 Familia Popayan'

2023-04-10 08:35:47 - [MESSAGE][PASSED] - All options with index in [2] are selected on object 'Object Repository/1-OBJECTS TAREAS PRINCIPALES/Modulo Tarea Actos Administrativos/Elaboracion Acto Cambio de Empleado/select_--Seleccione--003 Familia Popayan'

2023-04-10 08:35:47 - [TEST_STEP][PASSED] - setText(findTestObject("1-OBJECTS TAREAS PRINCIPALES/Modulo Tarea Actos Administrativos/Elaboracion Acto Cambio de Empleado/input_Cuenta_entidadempleado_formtabtablaCampos0referencia"), "12345678910"): Text '12345678910' is set on object 'Object Repository/1-OBJECTS TAREAS PRINCIPALES/Modulo Tarea Actos Administrativos/Elaboracion Acto Cambio de Empleado/input_Cuenta_entidadempleado_formtabtablaCampos0referencia'

2023-04-10 08:35:48 - [MESSAGE][PASSED] - Text '12345678910' is set on object 'Object Repository/1-OBJECTS TAREAS PRINCIPALES/Modulo Tarea Actos Administrativos/Elaboracion Acto Cambio de Empleado/input_Cuenta_entidadempleado_formtabtablaCampos0referencia'

2023-04-10 08:35:48 - [TEST_STEP][PASSED] - setText(findTestObject("1-OBJECTS TAREAS PRINCIPALES/Modulo Tarea Actos Administrativos/Elaboracion Acto Cambio de Empleado/input_Bco Destino_entidadempleado_formtabtablaCampos1valor"), "5"): Text '5' is set on object 'Object Repository/1-OBJECTS TAREAS PRINCIPALES/Modulo Tarea Actos Administrativos/Elaboracion Acto Cambio de Empleado/input_Bco Destino_entidadempleado_formtabtablaCampos1valor'

2023-04-10 08:35:49 - [MESSAGE][PASSED] - Text '5' is set on object 'Object Repository/1-OBJECTS TAREAS PRINCIPALES/Modulo Tarea Actos Administrativos/Elaboracion Acto Cambio de Empleado/input_Bco Destino_entidadempleado_formtabtablaCampos1valor'

2023-04-10 08:35:49 - [TEST_STEP][PASSED] - setText(findTestObject("1-OBJECTS TAREAS PRINCIPALES/Modulo Tarea Actos Administrativos/Elaboracion Acto Cambio de Empleado/input_Tipo de cuenta_entidadempleado_formtabtablaCampos2sucReferencia"), "corriente"): Text 'corriente' is set on object 'Object Repository/1-OBJECTS TAREAS PRINCIPALES/Modulo Tarea Actos Administrativos/Elaboracion Acto Cambio de Empleado/input_Tipo de cuenta_entidadempleado_formtabtablaCampos2sucReferencia'

2023-04-10 08:35:50 - [MESSAGE][PASSED] - Text 'corriente' is set on object 'Object Repository/1-OBJECTS TAREAS PRINCIPALES/Modulo Tarea Actos Administrativos/Elaboracion Acto Cambio de Empleado/input_Tipo de cuenta_entidadempleado_formtabtablaCampos2sucReferencia'

2023-04-10 08:35:50 - [TEST_STEP][PASSED] - setText(findTestObject("1-OBJECTS TAREAS PRINCIPALES/Modulo Tarea Actos Administrativos/Elaboracion Acto Cambio de Empleado/input_Tipo Cuenta 1ahorro 2 corr_entidadempleado_formtabtablaCampos4tipo"), "1"): Text '1' is set on object 'Object Repository/1-OBJECTS TAREAS PRINCIPALES/Modulo Tarea Actos Administrativos/Elaboracion Acto Cambio de Empleado/input_Tipo Cuenta 1ahorro 2 corr_entidadempleado_formtabtablaCampos4tipo'

2023-04-10 08:35:50 - [MESSAGE][PASSED] - Text '1' is set on object 'Object Repository/1-OBJECTS TAREAS PRINCIPALES/Modulo Tarea Actos Administrativos/Elaboracion Acto Cambio de Empleado/input_Tipo Cuenta 1ahorro 2 corr_entidadempleado_formtabtablaCampos4tipo'

2023-04-10 08:35:50 - [TEST_STEP][PASSED] - click(findTestObject("1-OBJECTS TAREAS PRINCIPALES/Modulo Tarea Actos Administrativos/Elaboracion Acto Cambio de Empleado/a_Aplicar2")): Object: 'Object Repository/1-OBJECTS TAREAS PRINCIPALES/Modulo Tarea Actos Administrativos/Elaboracion Acto Cambio de Empleado/a_Aplicar2' is clicked on

2023-04-10 08:35:51 - [MESSAGE][PASSED] - Object: 'Object Repository/1-OBJECTS TAREAS PRINCIPALES/Modulo Tarea Actos Administrativos/Elaboracion Acto Cambio de Empleado/a_Aplicar2' is clicked on

2023-04-10 08:35:51 - [TEST_STEP][PASSED] - waitForElementClickable(findTestObject("1-OBJECTS TAREAS PRINCIPALES/Modulo Tarea Actos Administrativos/Elaboracion Acto Cambio de Empleado/span_CAJA DE COMPENSACION"), G_TimeOut): Object 'Object Repository/1-OBJECTS TAREAS PRINCIPALES/Modulo Tarea Actos Administrativos/Elaboracion Acto Cambio de Empleado/span_CAJA DE COMPENSACION' is clickable

2023-04-10 08:35:52 - [MESSAGE][PASSED] - Object 'Object Repository/1-OBJECTS TAREAS PRINCIPALES/Modulo Tarea Actos Administrativos/Elaboracion Acto Cambio de Empleado/span_CAJA DE COMPENSACION' is clickable

2023-04-10 08:35:52 - [TEST_STEP][PASSED] - click(findTestObject("1-OBJECTS TAREAS PRINCIPALES/Modulo Tarea Actos Administrativos/Elaboracion Acto Cambio de Empleado/span_CAJA DE COMPENSACION")): Object: 'Object Repository/1-OBJECTS TAREAS PRINCIPALES/Modulo Tarea Actos Administrativos/Elaboracion Acto Cambio de Empleado/span_CAJA DE COMPENSACION' is clicked on

2023-04-10 08:35:52 - [MESSAGE][PASSED] - Object: 'Object Repository/1-OBJECTS TAREAS PRINCIPALES/Modulo Tarea Actos Administrativos/Elaboracion Acto Cambio de Empleado/span_CAJA DE COMPENSACION' is clicked on

2023-04-10 08:35:52 - [TEST_STEP][PASSED] - waitForElementClickable(findTestObject("1-OBJECTS TAREAS PRINCIPALES/Modulo Tarea Actos Administrativos/Elaboracion Acto Cambio de Empleado/span_Ccf - Compensar"), G_TimeOut): Object 'Object Repository/1-OBJECTS TAREAS PRINCIPALES/Modulo Tarea Actos Administrativos/Elaboracion Acto Cambio de Empleado/span_Ccf - Compensar' is clickable

2023-04-10 08:35:53 - [MESSAGE][PASSED] - Object 'Object Repository/1-OBJECTS TAREAS PRINCIPALES/Modulo Tarea Actos Administrativos/Elaboracion Acto Cambio de Empleado/span_Ccf - Compensar' is clickable

2023-04-10 08:35:53 - [TEST_STEP][PASSED] - click(findTestObject("1-OBJECTS TAREAS PRINCIPALES/Modulo Tarea Actos Administrativos/Elaboracion Acto Cambio de Empleado/span_Ccf - Compensar")): Object: 'Object Repository/1-OBJECTS TAREAS PRINCIPALES/Modulo Tarea Actos Administrativos/Elaboracion Acto Cambio de Empleado/span_Ccf - Compensar' is clicked on

2023-04-10 08:35:54 - [MESSAGE][PASSED] - Object: 'Object Repository/1-OBJECTS TAREAS PRINCIPALES/Modulo Tarea Actos Administrativos/Elaboracion Acto Cambio de Empleado/span_Ccf - Compensar' is clicked on

2023-04-10 08:35:54 - [TEST_STEP][PASSED] - waitForElementClickable(findTestObject("1-OBJECTS TAREAS PRINCIPALES/Modulo Tarea Actos Administrativos/Elaboracion Acto Cambio de Empleado/a_Continuar"), G_TimeOut): Object 'Object Repository/1-OBJECTS TAREAS PRINCIPALES/Modulo Tarea Actos Administrativos/Elaboracion Acto Cambio de Empleado/a_Continuar' is clickable

2023-04-10 08:35:54 - [MESSAGE][PASSED] - Object 'Object Repository/1-OBJECTS TAREAS PRINCIPALES/Modulo Tarea Actos Administrativos/Elaboracion Acto Cambio de Empleado/a_Continuar' is clickable

2023-04-10 08:35:54 - [TEST_STEP][PASSED] - click(findTestObject("1-OBJECTS TAREAS PRINCIPALES/Modulo Tarea Actos Administrativos/Elaboracion Acto Cambio de Empleado/a_Continuar")): Object: 'Object Repository/1-OBJECTS TAREAS PRINCIPALES/Modulo Tarea Actos Administrativos/Elaboracion Acto Cambio de Empleado/a_Continuar' is clicked on

2023-04-10 08:35:55 - [MESSAGE][PASSED] - Object: 'Object Repository/1-OBJECTS TAREAS PRINCIPALES/Modulo Tarea Actos Administrativos/Elaboracion Acto Cambio de Empleado/a_Continuar' is clicked on

2023-04-10 08:35:55 - [TEST_STEP][PASSED] - waitForElementClickable(findTestObject("1-OBJECTS TAREAS PRINCIPALES/Modulo Tarea Actos Administrativos/Elaboracion Acto Cambio de Empleado/td_10247"), G_TimeOut): Object 'Object Repository/1-OBJECTS TAREAS PRINCIPALES/Modulo Tarea Actos Administrativos/Elaboracion Acto Cambio de Empleado/td_10247' is clickable

2023-04-10 08:35:56 - [MESSAGE][PASSED] - Object 'Object Repository/1-OBJECTS TAREAS PRINCIPALES/Modulo Tarea Actos Administrativos/Elaboracion Acto Cambio de Empleado/td_10247' is clickable

2023-04-10 08:35:56 - [TEST_STEP][PASSED] - click(findTestObject("1-OBJECTS TAREAS PRINCIPALES/Modulo Tarea Actos Administrativos/Elaboracion Acto Cambio de Empleado/td_10247")): Object: 'Object Repository/1-OBJECTS TAREAS PRINCIPALES/Modulo Tarea Actos Administrativos/Elaboracion Acto Cambio de Empleado/td_10247' is clicked on

2023-04-10 08:35:56 - [MESSAGE][PASSED] - Object: 'Object Repository/1-OBJECTS TAREAS PRINCIPALES/Modulo Tarea Actos Administrativos/Elaboracion Acto Cambio de Empleado/td_10247' is clicked on

2023-04-10 08:35:56 - [TEST_STEP][PASSED] - Puesto = getText(findTestObject("1-OBJECTS TAREAS PRINCIPALES/Modulo Tarea Actos Administrativos/Elaboracion Acto Cambio de Empleado/td_10418")): Text of object 'Object Repository/1-OBJECTS TAREAS PRINCIPALES/Modulo Tarea Actos Administrativos/Elaboracion Acto Cambio de Empleado/td_10418' is: '11067'

2023-04-10 08:35:57 - [MESSAGE][PASSED] - Text of object 'Object Repository/1-OBJECTS TAREAS PRINCIPALES/Modulo Tarea Actos Administrativos/Elaboracion Acto Cambio de Empleado/td_10418' is: '11067'

2023-04-10 08:35:57 - [TEST_STEP][PASSED] - waitForElementClickable(findTestObject("1-OBJECTS TAREAS PRINCIPALES/Modulo Tarea Actos Administrativos/Elaboracion Acto Cambio de Empleado/a_Actualizar"), G_TimeOut): Object 'Object Repository/1-OBJECTS TAREAS PRINCIPALES/Modulo Tarea Actos Administrativos/Elaboracion Acto Cambio de Empleado/a_Actualizar' is clickable

2023-04-10 08:35:57 - [MESSAGE][PASSED] - Object 'Object Repository/1-OBJECTS TAREAS PRINCIPALES/Modulo Tarea Actos Administrativos/Elaboracion Acto Cambio de Empleado/a_Actualizar' is clickable

2023-04-10 08:35:57 - [TEST_STEP][PASSED] - click(findTestObject("1-OBJECTS TAREAS PRINCIPALES/Modulo Tarea Actos Administrativos/Elaboracion Acto Cambio de Empleado/a_Actualizar")): Object: 'Object Repository/1-OBJECTS TAREAS PRINCIPALES/Modulo Tarea Actos Administrativos/Elaboracion Acto Cambio de Empleado/a_Actualizar' is clicked on

2023-04-10 08:35:58 - [MESSAGE][PASSED] - Object: 'Object Repository/1-OBJECTS TAREAS PRINCIPALES/Modulo Tarea Actos Administrativos/Elaboracion Acto Cambio de Empleado/a_Actualizar' is clicked on

2023-04-10 08:35:58 - [TEST_STEP][PASSED] - selectOptionByValue(findTestObject("1-OBJECTS TAREAS PRINCIPALES/Modulo Tarea Actos Administrativos/Elaboracion Acto Cambio de Empleado/select_--- Seleccione Tipo de"), "2", true): All options with value '2' are selected in object 'Object Repository/1-OBJECTS TAREAS PRINCIPALES/Modulo Tarea Actos Administrativos/Elaboracion Acto Cambio de Empleado/select_--- Seleccione Tipo de'  using regular expression

2023-04-10 08:35:59 - [MESSAGE][PASSED] - All options with value '2' are selected in object 'Object Repository/1-OBJECTS TAREAS PRINCIPALES/Modulo Tarea Actos Administrativos/Elaboracion Acto Cambio de Empleado/select_--- Seleccione Tipo de'  using regular expression

2023-04-10 08:35:59 - [TEST_STEP][PASSED] - waitForElementClickable(findTestObject("1-OBJECTS TAREAS PRINCIPALES/Modulo Tarea Actos Administrativos/Elaboracion Acto Cambio de Empleado/a_Zona Econmica_form_actoIngresoj_idt11656j_idt1204"), G_TimeOut): Object 'Object Repository/1-OBJECTS TAREAS PRINCIPALES/Modulo Tarea Actos Administrativos/Elaboracion Acto Cambio de Empleado/a_Zona Econmica_form_actoIngresoj_idt11656j_idt1204' is clickable

2023-04-10 08:36:00 - [MESSAGE][PASSED] - Object 'Object Repository/1-OBJECTS TAREAS PRINCIPALES/Modulo Tarea Actos Administrativos/Elaboracion Acto Cambio de Empleado/a_Zona Econmica_form_actoIngresoj_idt11656j_idt1204' is clickable

2023-04-10 08:36:00 - [TEST_STEP][PASSED] - click(findTestObject("1-OBJECTS TAREAS PRINCIPALES/Modulo Tarea Actos Administrativos/Elaboracion Acto Cambio de Empleado/a_Zona Econmica_form_actoIngresoj_idt11656j_idt1204")): Object: 'Object Repository/1-OBJECTS TAREAS PRINCIPALES/Modulo Tarea Actos Administrativos/Elaboracion Acto Cambio de Empleado/a_Zona Econmica_form_actoIngresoj_idt11656j_idt1204' is clicked on

2023-04-10 08:36:00 - [MESSAGE][PASSED] - Object: 'Object Repository/1-OBJECTS TAREAS PRINCIPALES/Modulo Tarea Actos Administrativos/Elaboracion Acto Cambio de Empleado/a_Zona Econmica_form_actoIngresoj_idt11656j_idt1204' is clicked on

2023-04-10 08:36:00 - [TEST_STEP][PASSED] - waitForElementClickable(findTestObject("1-OBJECTS TAREAS PRINCIPALES/Modulo Tarea Actos Administrativos/Elaboracion Acto Cambio de Empleado/span_B1"), G_TimeOut): Object 'Object Repository/1-OBJECTS TAREAS PRINCIPALES/Modulo Tarea Actos Administrativos/Elaboracion Acto Cambio de Empleado/span_B1' is clickable

2023-04-10 08:36:01 - [MESSAGE][PASSED] - Object 'Object Repository/1-OBJECTS TAREAS PRINCIPALES/Modulo Tarea Actos Administrativos/Elaboracion Acto Cambio de Empleado/span_B1' is clickable

2023-04-10 08:36:01 - [TEST_STEP][PASSED] - click(findTestObject("1-OBJECTS TAREAS PRINCIPALES/Modulo Tarea Actos Administrativos/Elaboracion Acto Cambio de Empleado/span_B1")): Object: 'Object Repository/1-OBJECTS TAREAS PRINCIPALES/Modulo Tarea Actos Administrativos/Elaboracion Acto Cambio de Empleado/span_B1' is clicked on

2023-04-10 08:36:01 - [MESSAGE][PASSED] - Object: 'Object Repository/1-OBJECTS TAREAS PRINCIPALES/Modulo Tarea Actos Administrativos/Elaboracion Acto Cambio de Empleado/span_B1' is clicked on

2023-04-10 08:36:01 - [TEST_STEP][PASSED] - selectOptionByIndex(findTestObject("1-OBJECTS TAREAS PRINCIPALES/Modulo Tarea Actos Administrativos/Elaboracion Acto Cambio de Empleado/select_clasificacion"), "3"): All options with index in [3] are selected on object 'Object Repository/1-OBJECTS TAREAS PRINCIPALES/Modulo Tarea Actos Administrativos/Elaboracion Acto Cambio de Empleado/select_clasificacion'

2023-04-10 08:36:03 - [MESSAGE][PASSED] - All options with index in [3] are selected on object 'Object Repository/1-OBJECTS TAREAS PRINCIPALES/Modulo Tarea Actos Administrativos/Elaboracion Acto Cambio de Empleado/select_clasificacion'

2023-04-10 08:36:03 - [TEST_STEP][PASSED] - waitForElementClickable(findTestObject("1-OBJECTS TAREAS PRINCIPALES/Modulo Tarea Actos Administrativos/Elaboracion Acto Cambio de Empleado/a_Continuar (1)"), G_TimeOut): Object 'Object Repository/1-OBJECTS TAREAS PRINCIPALES/Modulo Tarea Actos Administrativos/Elaboracion Acto Cambio de Empleado/a_Continuar (1)' is clickable

2023-04-10 08:36:03 - [MESSAGE][PASSED] - Object 'Object Repository/1-OBJECTS TAREAS PRINCIPALES/Modulo Tarea Actos Administrativos/Elaboracion Acto Cambio de Empleado/a_Continuar (1)' is clickable

2023-04-10 08:36:03 - [TEST_STEP][PASSED] - click(findTestObject("1-OBJECTS TAREAS PRINCIPALES/Modulo Tarea Actos Administrativos/Elaboracion Acto Cambio de Empleado/a_Continuar (1)")): Object: 'Object Repository/1-OBJECTS TAREAS PRINCIPALES/Modulo Tarea Actos Administrativos/Elaboracion Acto Cambio de Empleado/a_Continuar (1)' is clicked on

2023-04-10 08:36:04 - [MESSAGE][PASSED] - Object: 'Object Repository/1-OBJECTS TAREAS PRINCIPALES/Modulo Tarea Actos Administrativos/Elaboracion Acto Cambio de Empleado/a_Continuar (1)' is clicked on

2023-04-10 08:36:04 - [TEST_STEP][PASSED] - waitForElementClickable(findTestObject("1-OBJECTS TAREAS PRINCIPALES/Modulo Tarea Actos Administrativos/Elaboracion Acto Cambio de Empleado/a_Descargar pdf"), G_TimeOut): Object 'Object Repository/1-OBJECTS TAREAS PRINCIPALES/Modulo Tarea Actos Administrativos/Elaboracion Acto Cambio de Empleado/a_Descargar pdf' is clickable

2023-04-10 08:36:11 - [MESSAGE][PASSED] - Object 'Object Repository/1-OBJECTS TAREAS PRINCIPALES/Modulo Tarea Actos Administrativos/Elaboracion Acto Cambio de Empleado/a_Descargar pdf' is clickable

2023-04-10 08:36:11 - [TEST_STEP][PASSED] - waitForElementClickable(findTestObject("1-OBJECTS TAREAS PRINCIPALES/Modulo Tarea Actos Administrativos/Elaboracion Acto Cambio de Empleado/a_Aplicar"), G_TimeOut): Object 'Object Repository/1-OBJECTS TAREAS PRINCIPALES/Modulo Tarea Actos Administrativos/Elaboracion Acto Cambio de Empleado/a_Aplicar' is clickable

2023-04-10 08:36:11 - [MESSAGE][PASSED] - Object 'Object Repository/1-OBJECTS TAREAS PRINCIPALES/Modulo Tarea Actos Administrativos/Elaboracion Acto Cambio de Empleado/a_Aplicar' is clickable

2023-04-10 08:36:11 - [TEST_STEP][PASSED] - click(findTestObject("1-OBJECTS TAREAS PRINCIPALES/Modulo Tarea Actos Administrativos/Elaboracion Acto Cambio de Empleado/a_Aplicar")): Object: 'Object Repository/1-OBJECTS TAREAS PRINCIPALES/Modulo Tarea Actos Administrativos/Elaboracion Acto Cambio de Empleado/a_Aplicar' is clicked on

2023-04-10 08:36:12 - [MESSAGE][PASSED] - Object: 'Object Repository/1-OBJECTS TAREAS PRINCIPALES/Modulo Tarea Actos Administrativos/Elaboracion Acto Cambio de Empleado/a_Aplicar' is clicked on

2023-04-10 08:36:12 - [TEST_STEP][PASSED] - informacion = "": null

2023-04-10 08:36:12 - [TEST_STEP][PASSED] - if (waitForElementVisible(findTestObject("1-OBJECTS TAREAS PRINCIPALES/Modulo Tarea Actos Administrativos/Elaboracion Acto Cambio de Empleado/a_informacion"), 1)): null

2023-04-10 08:36:13 - [MESSAGE][PASSED] - Object 'Object Repository/1-OBJECTS TAREAS PRINCIPALES/Modulo Tarea Actos Administrativos/Elaboracion Acto Cambio de Empleado/a_informacion' is visible

2023-04-10 08:36:13 - [TEST_STEP][PASSED] - informacion = getText(findTestObject("1-OBJECTS TAREAS PRINCIPALES/Modulo Tarea Actos Administrativos/Elaboracion Acto Cambio de Empleado/a_informacion")): Text of object 'Object Repository/1-OBJECTS TAREAS PRINCIPALES/Modulo Tarea Actos Administrativos/Elaboracion Acto Cambio de Empleado/a_informacion' is: 'EL SISTEMA HA GENERADO EL ACTO ADMINISTRATIVO CORRECTAMENTE'

2023-04-10 08:36:13 - [MESSAGE][PASSED] - Text of object 'Object Repository/1-OBJECTS TAREAS PRINCIPALES/Modulo Tarea Actos Administrativos/Elaboracion Acto Cambio de Empleado/a_informacion' is: 'EL SISTEMA HA GENERADO EL ACTO ADMINISTRATIVO CORRECTAMENTE'

2023-04-10 08:36:13 - [TEST_STEP][PASSED] - click(findTestObject("1-OBJECTS TAREAS PRINCIPALES/Modulo Tarea Actos Administrativos/Elaboracion Acto Cambio de Empleado/a_Aceptar")): Object: 'Object Repository/1-OBJECTS TAREAS PRINCIPALES/Modulo Tarea Actos Administrativos/Elaboracion Acto Cambio de Empleado/a_Aceptar' is clicked on

2023-04-10 08:36:14 - [MESSAGE][PASSED] - Object: 'Object Repository/1-OBJECTS TAREAS PRINCIPALES/Modulo Tarea Actos Administrativos/Elaboracion Acto Cambio de Empleado/a_Aceptar' is clicked on

2023-04-10 08:36:14 - [TEST_STEP][PASSED] - callTestCase(findTestCase("Utilidades-(atajos_para _tareas)/Tareas Actos Administrativos/Legalizar"), [:], STOP_ON_FAILURE): Call Test Case 'Test Cases/Utilidades-(atajos_para _tareas)/Tareas Actos Administrativos/Legalizar' successfully

2023-04-10 08:36:14 - [TEST_CASE][PASSED] - Test Cases/Utilidades-(atajos_para _tareas)/Tareas Actos Administrativos/Legalizar: Test Cases/Utilidades-(atajos_para _tareas)/Tareas Actos Administrativos/Legalizar

2023-04-10 08:36:14 - [TEST_STEP][PASSED] - actualizar(): null

2023-04-10 08:36:14 - [TEST_STEP][PASSED] - robot = new java.awt.Robot(): null

2023-04-10 08:36:14 - [TEST_STEP][PASSED] - robot.keyPress(VK_CONTROL): null

2023-04-10 08:36:14 - [TEST_STEP][PASSED] - robot.keyPress(VK_SHIFT): null

2023-04-10 08:36:14 - [TEST_STEP][PASSED] - robot.keyRelease(VK_R): null

2023-04-10 08:36:14 - [TEST_STEP][PASSED] - click(findTestObject("3-OBJECTS UTILIDADES/Legalizar/span_Acto cambio del Empleado")): Object: 'Object Repository/3-OBJECTS UTILIDADES/Legalizar/span_Acto cambio del Empleado' is clicked on

2023-04-10 08:36:15 - [MESSAGE][PASSED] - Object: 'Object Repository/3-OBJECTS UTILIDADES/Legalizar/span_Acto cambio del Empleado' is clicked on

2023-04-10 08:36:15 - [TEST_STEP][PASSED] - text1 = getText(findTestObject("3-OBJECTS UTILIDADES/Legalizar/span_Elaborar")): Text of object 'Object Repository/3-OBJECTS UTILIDADES/Legalizar/span_Elaborar' is: 'Elaborar'

2023-04-10 08:36:15 - [MESSAGE][PASSED] - Text of object 'Object Repository/3-OBJECTS UTILIDADES/Legalizar/span_Elaborar' is: 'Elaborar'

2023-04-10 08:36:15 - [TEST_STEP][PASSED] - text2 = getText(findTestObject("3-OBJECTS UTILIDADES/Legalizar/span_Eliminar")): Text of object 'Object Repository/3-OBJECTS UTILIDADES/Legalizar/span_Eliminar' is: 'Eliminar'

2023-04-10 08:36:16 - [MESSAGE][PASSED] - Text of object 'Object Repository/3-OBJECTS UTILIDADES/Legalizar/span_Eliminar' is: 'Eliminar'

2023-04-10 08:36:16 - [TEST_STEP][PASSED] - text3 = getText(findTestObject("3-OBJECTS UTILIDADES/Legalizar/span_Legalizar")): Text of object 'Object Repository/3-OBJECTS UTILIDADES/Legalizar/span_Legalizar' is: 'Legalizar'

2023-04-10 08:36:16 - [MESSAGE][PASSED] - Text of object 'Object Repository/3-OBJECTS UTILIDADES/Legalizar/span_Legalizar' is: 'Legalizar'

2023-04-10 08:36:16 - [TEST_STEP][PASSED] - text4 = getText(findTestObject("3-OBJECTS UTILIDADES/Legalizar/span_Modificar")): Text of object 'Object Repository/3-OBJECTS UTILIDADES/Legalizar/span_Modificar' is: 'Modificar'

2023-04-10 08:36:16 - [MESSAGE][PASSED] - Text of object 'Object Repository/3-OBJECTS UTILIDADES/Legalizar/span_Modificar' is: 'Modificar'

2023-04-10 08:36:16 - [TEST_STEP][PASSED] - if (text1 == "Legalizar"): null

2023-04-10 08:36:16 - [TEST_STEP][PASSED] - else if (text2 == "Legalizar"): null

2023-04-10 08:36:16 - [TEST_STEP][PASSED] - else if (text3 == "Legalizar"): Object: 'Object Repository/3-OBJECTS UTILIDADES/Legalizar/a_ico3' is clicked on

2023-04-10 08:36:16 - [TEST_STEP][PASSED] - click(findTestObject("3-OBJECTS UTILIDADES/Legalizar/a_ico3")): Object: 'Object Repository/3-OBJECTS UTILIDADES/Legalizar/a_ico3' is clicked on

2023-04-10 08:36:17 - [MESSAGE][PASSED] - Object: 'Object Repository/3-OBJECTS UTILIDADES/Legalizar/a_ico3' is clicked on

2023-04-10 08:36:17 - [TEST_STEP][PASSED] - setText(findTestObject("3-OBJECTS UTILIDADES/Legalizar/input_Filtrar por Actos Administrativos_form_ActosAdministrativostabla_principal_actosj_idt115filter"), "Ingreso Definitivo Indefinido Salario Basico"): Text 'Ingreso Definitivo Indefinido Salario Basico' is set on object 'Object Repository/3-OBJECTS UTILIDADES/Legalizar/input_Filtrar por Actos Administrativos_form_ActosAdministrativostabla_principal_actosj_idt115filter'

2023-04-10 08:36:18 - [MESSAGE][PASSED] - Text 'Ingreso Definitivo Indefinido Salario Basico' is set on object 'Object Repository/3-OBJECTS UTILIDADES/Legalizar/input_Filtrar por Actos Administrativos_form_ActosAdministrativostabla_principal_actosj_idt115filter'

2023-04-10 08:36:18 - [TEST_STEP][PASSED] - sendKeys(findTestObject("3-OBJECTS UTILIDADES/Legalizar/input_Filtrar por Actos Administrativos_form_ActosAdministrativostabla_principal_actosj_idt115filter"), Keys.chord(ENTER)): Keys 'ENTER + ' sent to object: 'Object Repository/3-OBJECTS UTILIDADES/Legalizar/input_Filtrar por Actos Administrativos_form_ActosAdministrativostabla_principal_actosj_idt115filter'

2023-04-10 08:36:19 - [MESSAGE][PASSED] - Keys 'ENTER + ' sent to object: 'Object Repository/3-OBJECTS UTILIDADES/Legalizar/input_Filtrar por Actos Administrativos_form_ActosAdministrativostabla_principal_actosj_idt115filter'

2023-04-10 08:36:19 - [TEST_STEP][PASSED] - while (waitForElementVisible(findTestObject("3-OBJECTS UTILIDADES/Legalizar/td_Ingreso Definitivo Indefinido Salario Basico"), 2)): null

2023-04-10 08:36:19 - [MESSAGE][PASSED] - Object 'Object Repository/3-OBJECTS UTILIDADES/Legalizar/td_Ingreso Definitivo Indefinido Salario Basico' is visible

2023-04-10 08:36:19 - [TEST_STEP][PASSED] - click(findTestObject("3-OBJECTS UTILIDADES/Legalizar/td_Ingreso Definitivo Indefinido Salario Basico")): Object: 'Object Repository/3-OBJECTS UTILIDADES/Legalizar/td_Ingreso Definitivo Indefinido Salario Basico' is clicked on

2023-04-10 08:36:20 - [MESSAGE][PASSED] - Object: 'Object Repository/3-OBJECTS UTILIDADES/Legalizar/td_Ingreso Definitivo Indefinido Salario Basico' is clicked on

2023-04-10 08:36:20 - [TEST_STEP][PASSED] - click(findTestObject("3-OBJECTS UTILIDADES/Legalizar/a_Continuar")): Object: 'Object Repository/3-OBJECTS UTILIDADES/Legalizar/a_Continuar' is clicked on

2023-04-10 08:36:21 - [MESSAGE][PASSED] - Object: 'Object Repository/3-OBJECTS UTILIDADES/Legalizar/a_Continuar' is clicked on

2023-04-10 08:36:21 - [TEST_STEP][PASSED] - click(findTestObject("3-OBJECTS UTILIDADES/Legalizar/a_Aplicar")): Object: 'Object Repository/3-OBJECTS UTILIDADES/Legalizar/a_Aplicar' is clicked on

2023-04-10 08:36:22 - [MESSAGE][PASSED] - Object: 'Object Repository/3-OBJECTS UTILIDADES/Legalizar/a_Aplicar' is clicked on

2023-04-10 08:36:22 - [TEST_STEP][PASSED] - if (waitForElementVisible(findTestObject("3-OBJECTS UTILIDADES/Alerta/Alerta"), 1)): Web element with id: 'Object Repository/3-OBJECTS UTILIDADES/Alerta/Alerta' located by '
//*[@id="growl_container"]/div/div/div[2]/p' not found

2023-04-10 08:36:27 - [MESSAGE][INFO] - Unable to find the element located by 'By.xpath: 
//*[@id="growl_container"]/div/div/div[2]/p'. Please recheck the objects properties to make sure the desired element is located. 

2023-04-10 08:36:27 - [MESSAGE][WARNING] - Web element with id: 'Object Repository/3-OBJECTS UTILIDADES/Alerta/Alerta' located by '
//*[@id="growl_container"]/div/div/div[2]/p' not found

2023-04-10 08:36:27 - [TEST_STEP][PASSED] - if (waitForElementVisible(findTestObject("3-OBJECTS UTILIDADES/Legalizar/a_Cancelar"), 1)): null

2023-04-10 08:36:27 - [MESSAGE][PASSED] - Object 'Object Repository/3-OBJECTS UTILIDADES/Legalizar/a_Cancelar' is visible

2023-04-10 08:36:27 - [TEST_STEP][PASSED] - click(findTestObject("3-OBJECTS UTILIDADES/Legalizar/a_Cancelar")): Object: 'Object Repository/3-OBJECTS UTILIDADES/Legalizar/a_Cancelar' is clicked on

2023-04-10 08:36:28 - [MESSAGE][PASSED] - Object: 'Object Repository/3-OBJECTS UTILIDADES/Legalizar/a_Cancelar' is clicked on

2023-04-10 08:36:28 - [TEST_STEP][PASSED] - setText(findTestObject("3-OBJECTS UTILIDADES/Legalizar/input_Filtrar por Actos Administrativos_form_ActosAdministrativostabla_principal_actosj_idt115filter"), "Ingreso Definitivo Indefinido Salario Basico"): Text 'Ingreso Definitivo Indefinido Salario Basico' is set on object 'Object Repository/3-OBJECTS UTILIDADES/Legalizar/input_Filtrar por Actos Administrativos_form_ActosAdministrativostabla_principal_actosj_idt115filter'

2023-04-10 08:36:29 - [MESSAGE][PASSED] - Text 'Ingreso Definitivo Indefinido Salario Basico' is set on object 'Object Repository/3-OBJECTS UTILIDADES/Legalizar/input_Filtrar por Actos Administrativos_form_ActosAdministrativostabla_principal_actosj_idt115filter'

2023-04-10 08:36:29 - [TEST_STEP][PASSED] - sendKeys(findTestObject("3-OBJECTS UTILIDADES/Legalizar/input_Filtrar por Actos Administrativos_form_ActosAdministrativostabla_principal_actosj_idt115filter"), Keys.chord(ENTER)): Keys 'ENTER + ' sent to object: 'Object Repository/3-OBJECTS UTILIDADES/Legalizar/input_Filtrar por Actos Administrativos_form_ActosAdministrativostabla_principal_actosj_idt115filter'

2023-04-10 08:36:29 - [MESSAGE][PASSED] - Keys 'ENTER + ' sent to object: 'Object Repository/3-OBJECTS UTILIDADES/Legalizar/input_Filtrar por Actos Administrativos_form_ActosAdministrativostabla_principal_actosj_idt115filter'

2023-04-10 08:36:29 - [TEST_STEP][PASSED] - while (waitForElementVisible(findTestObject("3-OBJECTS UTILIDADES/Legalizar/td_Ingreso Definitivo Indefinido Salario Basico"), 1)): Web element with id: 'Object Repository/3-OBJECTS UTILIDADES/Legalizar/td_Ingreso Definitivo Indefinido Salario Basico' located by '//*/text()[normalize-space(.)='Ingreso Definitivo Indefinido Salario Basico']/parent::*' not found

2023-04-10 08:36:31 - [MESSAGE][INFO] - Unable to find the element located by 'By.xpath: //*/text()[normalize-space(.)='Ingreso Definitivo Indefinido Salario Basico']/parent::*'. Please recheck the objects properties to make sure the desired element is located. 

2023-04-10 08:36:31 - [MESSAGE][WARNING] - Web element with id: 'Object Repository/3-OBJECTS UTILIDADES/Legalizar/td_Ingreso Definitivo Indefinido Salario Basico' located by '//*/text()[normalize-space(.)='Ingreso Definitivo Indefinido Salario Basico']/parent::*' not found

2023-04-10 08:36:31 - [TEST_STEP][PASSED] - if (waitForElementVisible(findTestObject("3-OBJECTS UTILIDADES/Legalizar/a_Cancelar"), 2)): Web element with id: 'Object Repository/3-OBJECTS UTILIDADES/Legalizar/td_Ingreso Definitivo Indefinido Salario Basico' located by '//*/text()[normalize-space(.)='Ingreso Definitivo Indefinido Salario Basico']/parent::*' not found

2023-04-10 08:36:34 - [MESSAGE][INFO] - Unable to find the element located by 'By.xpath: //a[contains(text(),'Cancelar')]'. Please recheck the objects properties to make sure the desired element is located. 

2023-04-10 08:36:34 - [MESSAGE][WARNING] - Web element with id: 'Object Repository/3-OBJECTS UTILIDADES/Legalizar/a_Cancelar' located by '//a[contains(text(),'Cancelar')]' not found

2023-04-10 08:36:38 - [MESSAGE][INFO] - Unable to find the element located by 'By.xpath: //*/text()[normalize-space(.)='Ingreso Definitivo Indefinido Salario Basico']/parent::*'. Please recheck the objects properties to make sure the desired element is located. 

2023-04-10 08:36:38 - [MESSAGE][WARNING] - Web element with id: 'Object Repository/3-OBJECTS UTILIDADES/Legalizar/td_Ingreso Definitivo Indefinido Salario Basico' located by '//*/text()[normalize-space(.)='Ingreso Definitivo Indefinido Salario Basico']/parent::*' not found

2023-04-10 08:36:38 - [MESSAGE][PASSED] - Call Test Case 'Test Cases/Utilidades-(atajos_para _tareas)/Tareas Actos Administrativos/Legalizar' successfully

2023-04-10 08:36:38 - [TEST_STEP][PASSED] - if (informacion == "EL SISTEMA HA GENERADO EL ACTO ADMINISTRATIVO CORRECTAMENTE"): null

2023-04-10 08:36:38 - [TEST_STEP][PASSED] - setText(findTestObject("1-OBJECTS TAREAS PRINCIPALES/Modulo Tarea Actos Administrativos/Elaboracion Acto Cambio de Empleado/input_Empresa 1_form_templatej_idt24_input"), "Planta personal"): Text 'Planta personal' is set on object 'Object Repository/1-OBJECTS TAREAS PRINCIPALES/Modulo Tarea Actos Administrativos/Elaboracion Acto Cambio de Empleado/input_Empresa 1_form_templatej_idt24_input'

2023-04-10 08:36:39 - [MESSAGE][PASSED] - Text 'Planta personal' is set on object 'Object Repository/1-OBJECTS TAREAS PRINCIPALES/Modulo Tarea Actos Administrativos/Elaboracion Acto Cambio de Empleado/input_Empresa 1_form_templatej_idt24_input'

2023-04-10 08:36:39 - [TEST_STEP][PASSED] - click(findTestObject("1-OBJECTS TAREAS PRINCIPALES/Modulo Tarea Actos Administrativos/Elaboracion Acto Cambio de Empleado/span_Planta Personal")): Object: 'Object Repository/1-OBJECTS TAREAS PRINCIPALES/Modulo Tarea Actos Administrativos/Elaboracion Acto Cambio de Empleado/span_Planta Personal' is clicked on

2023-04-10 08:36:40 - [MESSAGE][PASSED] - Object: 'Object Repository/1-OBJECTS TAREAS PRINCIPALES/Modulo Tarea Actos Administrativos/Elaboracion Acto Cambio de Empleado/span_Planta Personal' is clicked on

2023-04-10 08:36:40 - [TEST_STEP][PASSED] - click(findTestObject("1-OBJECTS TAREAS PRINCIPALES/Modulo Tarea Actos Administrativos/Elaboracion Acto Cambio de Empleado/a_Parmetros_organigramabuscar")): Object: 'Object Repository/1-OBJECTS TAREAS PRINCIPALES/Modulo Tarea Actos Administrativos/Elaboracion Acto Cambio de Empleado/a_Parmetros_organigramabuscar' is clicked on

2023-04-10 08:36:42 - [MESSAGE][PASSED] - Object: 'Object Repository/1-OBJECTS TAREAS PRINCIPALES/Modulo Tarea Actos Administrativos/Elaboracion Acto Cambio de Empleado/a_Parmetros_organigramabuscar' is clicked on

2023-04-10 08:36:42 - [TEST_STEP][PASSED] - selectOptionByIndex(findTestObject("1-OBJECTS TAREAS PRINCIPALES/Modulo Tarea Actos Administrativos/Elaboracion Acto Cambio de Empleado/select_--Seleccione--EmpleadoPuesto"), 2): All options with index in [2] are selected on object 'Object Repository/1-OBJECTS TAREAS PRINCIPALES/Modulo Tarea Actos Administrativos/Elaboracion Acto Cambio de Empleado/select_--Seleccione--EmpleadoPuesto'

2023-04-10 08:36:44 - [MESSAGE][PASSED] - All options with index in [2] are selected on object 'Object Repository/1-OBJECTS TAREAS PRINCIPALES/Modulo Tarea Actos Administrativos/Elaboracion Acto Cambio de Empleado/select_--Seleccione--EmpleadoPuesto'

2023-04-10 08:36:44 - [TEST_STEP][PASSED] - setText(findTestObject("1-OBJECTS TAREAS PRINCIPALES/Modulo Tarea Actos Administrativos/Elaboracion Acto Cambio de Empleado/input_Puesto_popupBusquedaPlantapuesto"), Puesto): Text '11067' is set on object 'Object Repository/1-OBJECTS TAREAS PRINCIPALES/Modulo Tarea Actos Administrativos/Elaboracion Acto Cambio de Empleado/input_Puesto_popupBusquedaPlantapuesto'

2023-04-10 08:36:45 - [MESSAGE][PASSED] - Text '11067' is set on object 'Object Repository/1-OBJECTS TAREAS PRINCIPALES/Modulo Tarea Actos Administrativos/Elaboracion Acto Cambio de Empleado/input_Puesto_popupBusquedaPlantapuesto'

2023-04-10 08:36:45 - [TEST_STEP][PASSED] - sendKeys(findTestObject("1-OBJECTS TAREAS PRINCIPALES/Modulo Tarea Actos Administrativos/Elaboracion Acto Cambio de Empleado/input_Puesto_popupBusquedaPlantapuesto"), Keys.chord(ENTER)): Keys 'ENTER + ' sent to object: 'Object Repository/1-OBJECTS TAREAS PRINCIPALES/Modulo Tarea Actos Administrativos/Elaboracion Acto Cambio de Empleado/input_Puesto_popupBusquedaPlantapuesto'

2023-04-10 08:36:45 - [MESSAGE][PASSED] - Keys 'ENTER + ' sent to object: 'Object Repository/1-OBJECTS TAREAS PRINCIPALES/Modulo Tarea Actos Administrativos/Elaboracion Acto Cambio de Empleado/input_Puesto_popupBusquedaPlantapuesto'

2023-04-10 08:36:45 - [TEST_STEP][PASSED] - click(findTestObject("1-OBJECTS TAREAS PRINCIPALES/Modulo Tarea Actos Administrativos/Elaboracion Acto Cambio de Empleado/span_20139    - Abogado")): Object: 'Object Repository/1-OBJECTS TAREAS PRINCIPALES/Modulo Tarea Actos Administrativos/Elaboracion Acto Cambio de Empleado/span_20139    - Abogado' is clicked on

2023-04-10 08:36:46 - [MESSAGE][PASSED] - Object: 'Object Repository/1-OBJECTS TAREAS PRINCIPALES/Modulo Tarea Actos Administrativos/Elaboracion Acto Cambio de Empleado/span_20139    - Abogado' is clicked on

2023-04-10 08:36:46 - [TEST_STEP][PASSED] - click(findTestObject("1-OBJECTS TAREAS PRINCIPALES/Modulo Tarea Actos Administrativos/Elaboracion Acto Cambio de Empleado/a_Abogado_organigramaj_idt113")): Object: 'Object Repository/1-OBJECTS TAREAS PRINCIPALES/Modulo Tarea Actos Administrativos/Elaboracion Acto Cambio de Empleado/a_Abogado_organigramaj_idt113' is clicked on

2023-04-10 08:36:49 - [MESSAGE][PASSED] - Object: 'Object Repository/1-OBJECTS TAREAS PRINCIPALES/Modulo Tarea Actos Administrativos/Elaboracion Acto Cambio de Empleado/a_Abogado_organigramaj_idt113' is clicked on

2023-04-10 08:36:49 - [TEST_STEP][PASSED] - selectOptionByIndex(findTestObject("1-OBJECTS TAREAS PRINCIPALES/Modulo Tarea Actos Administrativos/Elaboracion Acto Cambio de Empleado/select_-- Seleccione --BloqueadoEliminadoOcupado y disponibleOcupado"), 6): All options with index in [6] are selected on object 'Object Repository/1-OBJECTS TAREAS PRINCIPALES/Modulo Tarea Actos Administrativos/Elaboracion Acto Cambio de Empleado/select_-- Seleccione --BloqueadoEliminadoOcupado y disponibleOcupado'

2023-04-10 08:36:53 - [MESSAGE][PASSED] - All options with index in [6] are selected on object 'Object Repository/1-OBJECTS TAREAS PRINCIPALES/Modulo Tarea Actos Administrativos/Elaboracion Acto Cambio de Empleado/select_-- Seleccione --BloqueadoEliminadoOcupado y disponibleOcupado'

2023-04-10 08:36:53 - [TEST_STEP][PASSED] - selectOptionByIndex(findTestObject("1-OBJECTS TAREAS PRINCIPALES/Modulo Tarea Actos Administrativos/Elaboracion Acto Cambio de Empleado/select_-- Seleccione --No ReservadoReservado"), 1): All options with index in [1] are selected on object 'Object Repository/1-OBJECTS TAREAS PRINCIPALES/Modulo Tarea Actos Administrativos/Elaboracion Acto Cambio de Empleado/select_-- Seleccione --No ReservadoReservado'

2023-04-10 08:36:55 - [MESSAGE][PASSED] - All options with index in [1] are selected on object 'Object Repository/1-OBJECTS TAREAS PRINCIPALES/Modulo Tarea Actos Administrativos/Elaboracion Acto Cambio de Empleado/select_-- Seleccione --No ReservadoReservado'

2023-04-10 08:36:55 - [TEST_STEP][PASSED] - click(findTestObject("1-OBJECTS TAREAS PRINCIPALES/Modulo Tarea Actos Administrativos/Elaboracion Acto Cambio de Empleado/a_Actualizar_planta_personal")): Object: 'Object Repository/1-OBJECTS TAREAS PRINCIPALES/Modulo Tarea Actos Administrativos/Elaboracion Acto Cambio de Empleado/a_Actualizar_planta_personal' is clicked on

2023-04-10 08:36:55 - [MESSAGE][PASSED] - Object: 'Object Repository/1-OBJECTS TAREAS PRINCIPALES/Modulo Tarea Actos Administrativos/Elaboracion Acto Cambio de Empleado/a_Actualizar_planta_personal' is clicked on

2023-04-10 08:36:55 - [TEST_STEP][PASSED] - identificacion0 = callTestCase(findTestCase("Utilidades-(atajos_para _tareas)/Tareas Actos Administrativos/Acto Cambio del Empleado"), [:], STOP_ON_FAILURE): Call Test Case 'Test Cases/Utilidades-(atajos_para _tareas)/Tareas Actos Administrativos/Acto Cambio del Empleado' successfully

2023-04-10 08:36:55 - [TEST_CASE][PASSED] - Test Cases/Utilidades-(atajos_para _tareas)/Tareas Actos Administrativos/Acto Cambio del Empleado: Test Cases/Utilidades-(atajos_para _tareas)/Tareas Actos Administrativos/Acto Cambio del Empleado

2023-04-10 08:36:55 - [TEST_STEP][PASSED] - identificacion = callTestCase(findTestCase("1.1-Tareas Principales/1.1.1-Crear Nueva Hoja de Vida"), [:], STOP_ON_FAILURE): Call Test Case 'Test Cases/1.1-Tareas Principales/1.1.1-Crear Nueva Hoja de Vida' successfully

2023-04-10 08:36:55 - [TEST_CASE][PASSED] - Test Cases/1.1-Tareas Principales/1.1.1-Crear Nueva Hoja de Vida: Test Cases/1.1-Tareas Principales/1.1.1-Crear Nueva Hoja de Vida

2023-04-10 08:36:55 - [TEST_STEP][PASSED] - random_double = Math.random() * 9999 + 999: null

2023-04-10 08:36:55 - [TEST_STEP][PASSED] - random_double = Math.round(random_double * 1000): null

2023-04-10 08:36:55 - [TEST_STEP][PASSED] - identificacion = toString().replace(".0", ""): null

2023-04-10 08:36:55 - [TEST_STEP][PASSED] - callTestCase(findTestCase("0.1.1-Login_detector"), [:], STOP_ON_FAILURE): Call Test Case 'Test Cases/0.1.1-Login_detector' successfully

2023-04-10 08:36:55 - [TEST_CASE][PASSED] - Test Cases/0.1.1-Login_detector: Test Cases/0.1.1-Login_detector

2023-04-10 08:36:55 - [TEST_STEP][PASSED] - openBrowser(""): Browser is opened with url: ''

2023-04-10 08:36:55 - [MESSAGE][WARNING] - A browser is already opened. Closing browser and opening a new one

2023-04-10 08:36:56 - [MESSAGE][INFO] - Starting 'Chrome' driver

2023-04-10 08:36:56 - [MESSAGE][INFO] - Action delay is set to 0 milliseconds

2023-04-10 08:36:57 - [MESSAGE][PASSED] - Browser is opened with url: ''

2023-04-10 08:36:57 - [TEST_STEP][PASSED] - maximizeWindow(): Current window maximized

2023-04-10 08:36:58 - [MESSAGE][PASSED] - Current window maximized

2023-04-10 08:36:58 - [TEST_STEP][PASSED] - i = G_Login: null

2023-04-10 08:36:58 - [TEST_STEP][PASSED] - url = new java.net.URL(i): null

2023-04-10 08:36:58 - [TEST_STEP][PASSED] - println("URL: " + url.toString()): null

2023-04-10 08:36:58 - [TEST_STEP][PASSED] - connection = url.openConnection(): null

2023-04-10 08:36:58 - [TEST_STEP][PASSED] - connection.setRequestMethod("GET"): null

2023-04-10 08:36:58 - [TEST_STEP][PASSED] - connection.setReadTimeout(2 * 1000): null

2023-04-10 08:36:58 - [TEST_STEP][PASSED] - try: null

2023-04-10 08:36:58 - [TEST_STEP][PASSED] - connection.connect(): null

2023-04-10 08:36:58 - [TEST_STEP][PASSED] - flag = connected: null

2023-04-10 08:36:58 - [TEST_STEP][PASSED] - println("Valor_ori: " + flag): null

2023-04-10 08:36:58 - [TEST_STEP][PASSED] - if (flag): null

2023-04-10 08:36:58 - [TEST_STEP][PASSED] - navigateToUrl(i): Navigate to 'http://192.168.2.19:8380/saraweb' successfully

2023-04-10 08:36:58 - [MESSAGE][PASSED] - Navigate to 'http://192.168.2.19:8380/saraweb' successfully

2023-04-10 08:36:58 - [TEST_STEP][PASSED] - a(): null

2023-04-10 08:36:58 - [TEST_STEP][PASSED] - USER = G_Usuario: null

2023-04-10 08:36:58 - [TEST_STEP][PASSED] - if (USER == "weblogic"): null

2023-04-10 08:36:58 - [TEST_STEP][PASSED] - else: Web element with id: 'Object Repository/3-OBJECTS UTILIDADES/Login/a_Ingresar' located by '//a[contains(text(),'Ingresar')]' not found

2023-04-10 08:36:58 - [TEST_STEP][PASSED] - setText(findTestObject("3-OBJECTS UTILIDADES/Login/input_USUARIO_loginusuario"), USER): Text 'saraadmin' is set on object 'Object Repository/3-OBJECTS UTILIDADES/Login/input_USUARIO_loginusuario'

2023-04-10 08:36:59 - [MESSAGE][PASSED] - Text 'saraadmin' is set on object 'Object Repository/3-OBJECTS UTILIDADES/Login/input_USUARIO_loginusuario'

2023-04-10 08:36:59 - [TEST_STEP][PASSED] - setEncryptedText(findTestObject("3-OBJECTS UTILIDADES/Login/input_CLAVE_loginpassword"), "SlAwMcyRKqrwbnzhAs8HhT6NnI7sEyng"): Text ****** has been set on object 'Object Repository/3-OBJECTS UTILIDADES/Login/input_CLAVE_loginpassword'

2023-04-10 08:37:00 - [MESSAGE][PASSED] - Text ****** has been set on object 'Object Repository/3-OBJECTS UTILIDADES/Login/input_CLAVE_loginpassword'

2023-04-10 08:37:00 - [TEST_STEP][PASSED] - if (waitForElementClickable(findTestObject("3-OBJECTS UTILIDADES/Login/a_Ingresar"), 1)): Web element with id: 'Object Repository/3-OBJECTS UTILIDADES/Login/a_Ingresar' located by '//a[contains(text(),'Ingresar')]' not found

2023-04-10 08:37:02 - [MESSAGE][INFO] - Unable to find the element located by 'By.xpath: //a[contains(text(),'Ingresar')]'. Please recheck the objects properties to make sure the desired element is located. 

2023-04-10 08:37:02 - [MESSAGE][WARNING] - Web element with id: 'Object Repository/3-OBJECTS UTILIDADES/Login/a_Ingresar' located by '//a[contains(text(),'Ingresar')]' not found

2023-04-10 08:37:02 - [MESSAGE][PASSED] - Call Test Case 'Test Cases/0.1.1-Login_detector' successfully

2023-04-10 08:37:02 - [TEST_STEP][PASSED] - waitForElementClickable(findTestObject("1-OBJECTS TAREAS PRINCIPALES/Modulo Tarea Listado Hojas de Vida/Crear Nueva Hoja de Vida/input_Listado Hojas De Vida_form_templatej_idt24_input"), G_TimeOut): Object 'Object Repository/1-OBJECTS TAREAS PRINCIPALES/Modulo Tarea Listado Hojas de Vida/Crear Nueva Hoja de Vida/input_Listado Hojas De Vida_form_templatej_idt24_input' is clickable

2023-04-10 08:37:03 - [MESSAGE][PASSED] - Object 'Object Repository/1-OBJECTS TAREAS PRINCIPALES/Modulo Tarea Listado Hojas de Vida/Crear Nueva Hoja de Vida/input_Listado Hojas De Vida_form_templatej_idt24_input' is clickable

2023-04-10 08:37:03 - [TEST_STEP][PASSED] - setText(findTestObject("1-OBJECTS TAREAS PRINCIPALES/Modulo Tarea Listado Hojas de Vida/Crear Nueva Hoja de Vida/input_Listado Hojas De Vida_form_templatej_idt24_input"), "Listado Hojas de Vida"): Text 'Listado Hojas de Vida' is set on object 'Object Repository/1-OBJECTS TAREAS PRINCIPALES/Modulo Tarea Listado Hojas de Vida/Crear Nueva Hoja de Vida/input_Listado Hojas De Vida_form_templatej_idt24_input'

2023-04-10 08:37:03 - [MESSAGE][PASSED] - Text 'Listado Hojas de Vida' is set on object 'Object Repository/1-OBJECTS TAREAS PRINCIPALES/Modulo Tarea Listado Hojas de Vida/Crear Nueva Hoja de Vida/input_Listado Hojas De Vida_form_templatej_idt24_input'

2023-04-10 08:37:03 - [TEST_STEP][PASSED] - waitForElementVisible(findTestObject("1-OBJECTS TAREAS PRINCIPALES/Modulo Tarea Listado Hojas de Vida/Crear Nueva Hoja de Vida/span_Listado Hojas de Vida"), 0): Object 'Object Repository/1-OBJECTS TAREAS PRINCIPALES/Modulo Tarea Listado Hojas de Vida/Crear Nueva Hoja de Vida/span_Listado Hojas de Vida' is visible

2023-04-10 08:37:03 - [MESSAGE][WARNING] - Timeout '0' is invalid. Using default page load timeout: '37'

2023-04-10 08:37:05 - [MESSAGE][PASSED] - Object 'Object Repository/1-OBJECTS TAREAS PRINCIPALES/Modulo Tarea Listado Hojas de Vida/Crear Nueva Hoja de Vida/span_Listado Hojas de Vida' is visible

2023-04-10 08:37:05 - [TEST_STEP][PASSED] - click(findTestObject("1-OBJECTS TAREAS PRINCIPALES/Modulo Tarea Listado Hojas de Vida/Crear Nueva Hoja de Vida/span_Listado Hojas de Vida")): Object: 'Object Repository/1-OBJECTS TAREAS PRINCIPALES/Modulo Tarea Listado Hojas de Vida/Crear Nueva Hoja de Vida/span_Listado Hojas de Vida' is clicked on

2023-04-10 08:37:05 - [MESSAGE][PASSED] - Object: 'Object Repository/1-OBJECTS TAREAS PRINCIPALES/Modulo Tarea Listado Hojas de Vida/Crear Nueva Hoja de Vida/span_Listado Hojas de Vida' is clicked on

2023-04-10 08:37:05 - [TEST_STEP][PASSED] - waitForElementClickable(findTestObject("1-OBJECTS TAREAS PRINCIPALES/Modulo Tarea Listado Hojas de Vida/Crear Nueva Hoja de Vida/a_Nueva HojaVida"), G_TimeOut): Object 'Object Repository/1-OBJECTS TAREAS PRINCIPALES/Modulo Tarea Listado Hojas de Vida/Crear Nueva Hoja de Vida/a_Nueva HojaVida' is clickable

2023-04-10 08:37:06 - [MESSAGE][PASSED] - Object 'Object Repository/1-OBJECTS TAREAS PRINCIPALES/Modulo Tarea Listado Hojas de Vida/Crear Nueva Hoja de Vida/a_Nueva HojaVida' is clickable

2023-04-10 08:37:06 - [TEST_STEP][PASSED] - click(findTestObject("1-OBJECTS TAREAS PRINCIPALES/Modulo Tarea Listado Hojas de Vida/Crear Nueva Hoja de Vida/a_Nueva HojaVida")): Object: 'Object Repository/1-OBJECTS TAREAS PRINCIPALES/Modulo Tarea Listado Hojas de Vida/Crear Nueva Hoja de Vida/a_Nueva HojaVida' is clicked on

2023-04-10 08:37:06 - [MESSAGE][PASSED] - Object: 'Object Repository/1-OBJECTS TAREAS PRINCIPALES/Modulo Tarea Listado Hojas de Vida/Crear Nueva Hoja de Vida/a_Nueva HojaVida' is clicked on

2023-04-10 08:37:06 - [TEST_STEP][PASSED] - waitForElementClickable(findTestObject("1-OBJECTS TAREAS PRINCIPALES/Modulo Tarea Listado Hojas de Vida/Crear Nueva Hoja de Vida/input_Identificacin_nuevahoja_"), 0): Object 'Object Repository/1-OBJECTS TAREAS PRINCIPALES/Modulo Tarea Listado Hojas de Vida/Crear Nueva Hoja de Vida/input_Identificacin_nuevahoja_' is clickable

2023-04-10 08:37:07 - [MESSAGE][WARNING] - Timeout '0' is invalid. Using default page load timeout: '37'

2023-04-10 08:37:07 - [MESSAGE][PASSED] - Object 'Object Repository/1-OBJECTS TAREAS PRINCIPALES/Modulo Tarea Listado Hojas de Vida/Crear Nueva Hoja de Vida/input_Identificacin_nuevahoja_' is clickable

2023-04-10 08:37:07 - [TEST_STEP][PASSED] - setText(findTestObject("1-OBJECTS TAREAS PRINCIPALES/Modulo Tarea Listado Hojas de Vida/Crear Nueva Hoja de Vida/input_Identificacin_nuevahoja_"), identificacion): Text '6958026' is set on object 'Object Repository/1-OBJECTS TAREAS PRINCIPALES/Modulo Tarea Listado Hojas de Vida/Crear Nueva Hoja de Vida/input_Identificacin_nuevahoja_'

2023-04-10 08:37:08 - [MESSAGE][PASSED] - Text '6958026' is set on object 'Object Repository/1-OBJECTS TAREAS PRINCIPALES/Modulo Tarea Listado Hojas de Vida/Crear Nueva Hoja de Vida/input_Identificacin_nuevahoja_'

2023-04-10 08:37:08 - [TEST_STEP][PASSED] - selectOptionByIndex(findTestObject("1-OBJECTS TAREAS PRINCIPALES/Modulo Tarea Listado Hojas de Vida/Crear Nueva Hoja de Vida/select_-- Seleccione --.ASPIRA"), "4"): All options with index in [4] are selected on object 'Object Repository/1-OBJECTS TAREAS PRINCIPALES/Modulo Tarea Listado Hojas de Vida/Crear Nueva Hoja de Vida/select_-- Seleccione --.ASPIRA'

2023-04-10 08:37:09 - [MESSAGE][PASSED] - All options with index in [4] are selected on object 'Object Repository/1-OBJECTS TAREAS PRINCIPALES/Modulo Tarea Listado Hojas de Vida/Crear Nueva Hoja de Vida/select_-- Seleccione --.ASPIRA'

2023-04-10 08:37:09 - [TEST_STEP][PASSED] - click(findTestObject("1-OBJECTS TAREAS PRINCIPALES/Modulo Tarea Listado Hojas de Vida/Crear Nueva Hoja de Vida/a_Nueva Solicitud")): Object: 'Object Repository/1-OBJECTS TAREAS PRINCIPALES/Modulo Tarea Listado Hojas de Vida/Crear Nueva Hoja de Vida/a_Nueva Solicitud' is clicked on

2023-04-10 08:37:10 - [MESSAGE][PASSED] - Object: 'Object Repository/1-OBJECTS TAREAS PRINCIPALES/Modulo Tarea Listado Hojas de Vida/Crear Nueva Hoja de Vida/a_Nueva Solicitud' is clicked on

2023-04-10 08:37:10 - [TEST_STEP][PASSED] - waitForElementPresent(findTestObject("1-OBJECTS TAREAS PRINCIPALES/Modulo Tarea Listado Hojas de Vida/Crear Nueva Hoja de Vida/input__hojaVidaseccionj_idt8350j_idt845"), 0): Object 'Object Repository/1-OBJECTS TAREAS PRINCIPALES/Modulo Tarea Listado Hojas de Vida/Crear Nueva Hoja de Vida/input__hojaVidaseccionj_idt8350j_idt845' is present

2023-04-10 08:37:10 - [MESSAGE][WARNING] - Timeout '0' is invalid. Using default page load timeout: '37'

2023-04-10 08:37:11 - [MESSAGE][PASSED] - Object 'Object Repository/1-OBJECTS TAREAS PRINCIPALES/Modulo Tarea Listado Hojas de Vida/Crear Nueva Hoja de Vida/input__hojaVidaseccionj_idt8350j_idt845' is present

2023-04-10 08:37:11 - [TEST_STEP][PASSED] - setText(findTestObject("1-OBJECTS TAREAS PRINCIPALES/Modulo Tarea Listado Hojas de Vida/Crear Nueva Hoja de Vida/input__hojaVidaseccionj_idt8350j_idt845"), identificacion): Text '6958026' is set on object 'Object Repository/1-OBJECTS TAREAS PRINCIPALES/Modulo Tarea Listado Hojas de Vida/Crear Nueva Hoja de Vida/input__hojaVidaseccionj_idt8350j_idt845'

2023-04-10 08:37:12 - [MESSAGE][PASSED] - Text '6958026' is set on object 'Object Repository/1-OBJECTS TAREAS PRINCIPALES/Modulo Tarea Listado Hojas de Vida/Crear Nueva Hoja de Vida/input__hojaVidaseccionj_idt8350j_idt845'

2023-04-10 08:37:12 - [TEST_STEP][PASSED] - setText(findTestObject("1-OBJECTS TAREAS PRINCIPALES/Modulo Tarea Listado Hojas de Vida/Crear Nueva Hoja de Vida/input__hojaVidaseccionj_idt8351j_idt845"), "Empleado" + identificacion): Text 'Empleado6958026' is set on object 'Object Repository/1-OBJECTS TAREAS PRINCIPALES/Modulo Tarea Listado Hojas de Vida/Crear Nueva Hoja de Vida/input__hojaVidaseccionj_idt8351j_idt845'

2023-04-10 08:37:13 - [MESSAGE][PASSED] - Text 'Empleado6958026' is set on object 'Object Repository/1-OBJECTS TAREAS PRINCIPALES/Modulo Tarea Listado Hojas de Vida/Crear Nueva Hoja de Vida/input__hojaVidaseccionj_idt8351j_idt845'

2023-04-10 08:37:13 - [TEST_STEP][PASSED] - setText(findTestObject("1-OBJECTS TAREAS PRINCIPALES/Modulo Tarea Listado Hojas de Vida/Crear Nueva Hoja de Vida/input__hojaVidaseccionj_idt8352j_idt845"), " Pruebas_Automaticas"): Text ' Pruebas_Automaticas' is set on object 'Object Repository/1-OBJECTS TAREAS PRINCIPALES/Modulo Tarea Listado Hojas de Vida/Crear Nueva Hoja de Vida/input__hojaVidaseccionj_idt8352j_idt845'

2023-04-10 08:37:13 - [MESSAGE][PASSED] - Text ' Pruebas_Automaticas' is set on object 'Object Repository/1-OBJECTS TAREAS PRINCIPALES/Modulo Tarea Listado Hojas de Vida/Crear Nueva Hoja de Vida/input__hojaVidaseccionj_idt8352j_idt845'

2023-04-10 08:37:13 - [TEST_STEP][PASSED] - setText(findTestObject("1-OBJECTS TAREAS PRINCIPALES/Modulo Tarea Listado Hojas de Vida/Crear Nueva Hoja de Vida/input__hojaVidaseccionj_idt8353fecha_input"), "30/08/1995"): Text '30/08/1995' is set on object 'Object Repository/1-OBJECTS TAREAS PRINCIPALES/Modulo Tarea Listado Hojas de Vida/Crear Nueva Hoja de Vida/input__hojaVidaseccionj_idt8353fecha_input'

2023-04-10 08:37:14 - [MESSAGE][PASSED] - Text '30/08/1995' is set on object 'Object Repository/1-OBJECTS TAREAS PRINCIPALES/Modulo Tarea Listado Hojas de Vida/Crear Nueva Hoja de Vida/input__hojaVidaseccionj_idt8353fecha_input'

2023-04-10 08:37:14 - [TEST_STEP][PASSED] - sendKeys(findTestObject("1-OBJECTS TAREAS PRINCIPALES/Modulo Tarea Listado Hojas de Vida/Crear Nueva Hoja de Vida/input__hojaVidaseccionj_idt8353fecha_input"), Keys.chord(ENTER)): Keys 'ENTER + ' sent to object: 'Object Repository/1-OBJECTS TAREAS PRINCIPALES/Modulo Tarea Listado Hojas de Vida/Crear Nueva Hoja de Vida/input__hojaVidaseccionj_idt8353fecha_input'

2023-04-10 08:37:14 - [MESSAGE][PASSED] - Keys 'ENTER + ' sent to object: 'Object Repository/1-OBJECTS TAREAS PRINCIPALES/Modulo Tarea Listado Hojas de Vida/Crear Nueva Hoja de Vida/input__hojaVidaseccionj_idt8353fecha_input'

2023-04-10 08:37:14 - [TEST_STEP][PASSED] - waitForElementClickable(findTestObject("1-OBJECTS TAREAS PRINCIPALES/Modulo Tarea Listado Hojas de Vida/Crear Nueva Hoja de Vida/a__hojaVidaseccionj_idt8354j_idt865"), G_TimeOut): Object 'Object Repository/1-OBJECTS TAREAS PRINCIPALES/Modulo Tarea Listado Hojas de Vida/Crear Nueva Hoja de Vida/a__hojaVidaseccionj_idt8354j_idt865' is clickable

2023-04-10 08:37:15 - [MESSAGE][PASSED] - Object 'Object Repository/1-OBJECTS TAREAS PRINCIPALES/Modulo Tarea Listado Hojas de Vida/Crear Nueva Hoja de Vida/a__hojaVidaseccionj_idt8354j_idt865' is clickable

2023-04-10 08:37:15 - [TEST_STEP][PASSED] - click(findTestObject("1-OBJECTS TAREAS PRINCIPALES/Modulo Tarea Listado Hojas de Vida/Crear Nueva Hoja de Vida/a__hojaVidaseccionj_idt8354j_idt865")): Object: 'Object Repository/1-OBJECTS TAREAS PRINCIPALES/Modulo Tarea Listado Hojas de Vida/Crear Nueva Hoja de Vida/a__hojaVidaseccionj_idt8354j_idt865' is clicked on

2023-04-10 08:37:15 - [MESSAGE][PASSED] - Object: 'Object Repository/1-OBJECTS TAREAS PRINCIPALES/Modulo Tarea Listado Hojas de Vida/Crear Nueva Hoja de Vida/a__hojaVidaseccionj_idt8354j_idt865' is clicked on

2023-04-10 08:37:15 - [TEST_STEP][PASSED] - waitForElementClickable(findTestObject("1-OBJECTS TAREAS PRINCIPALES/Modulo Tarea Listado Hojas de Vida/Crear Nueva Hoja de Vida/span_CEDULA CIUDADANIA"), G_TimeOut): Object 'Object Repository/1-OBJECTS TAREAS PRINCIPALES/Modulo Tarea Listado Hojas de Vida/Crear Nueva Hoja de Vida/span_CEDULA CIUDADANIA' is clickable

2023-04-10 08:37:16 - [MESSAGE][PASSED] - Object 'Object Repository/1-OBJECTS TAREAS PRINCIPALES/Modulo Tarea Listado Hojas de Vida/Crear Nueva Hoja de Vida/span_CEDULA CIUDADANIA' is clickable

2023-04-10 08:37:16 - [TEST_STEP][PASSED] - click(findTestObject("1-OBJECTS TAREAS PRINCIPALES/Modulo Tarea Listado Hojas de Vida/Crear Nueva Hoja de Vida/span_CEDULA CIUDADANIA")): Object: 'Object Repository/1-OBJECTS TAREAS PRINCIPALES/Modulo Tarea Listado Hojas de Vida/Crear Nueva Hoja de Vida/span_CEDULA CIUDADANIA' is clicked on

2023-04-10 08:37:16 - [MESSAGE][PASSED] - Object: 'Object Repository/1-OBJECTS TAREAS PRINCIPALES/Modulo Tarea Listado Hojas de Vida/Crear Nueva Hoja de Vida/span_CEDULA CIUDADANIA' is clicked on

2023-04-10 08:37:16 - [TEST_STEP][PASSED] - waitForElementClickable(findTestObject("1-OBJECTS TAREAS PRINCIPALES/Modulo Tarea Listado Hojas de Vida/Crear Nueva Hoja de Vida/input_Fecha Expedicin_hojaVidas"), G_TimeOut): Object 'Object Repository/1-OBJECTS TAREAS PRINCIPALES/Modulo Tarea Listado Hojas de Vida/Crear Nueva Hoja de Vida/input_Fecha Expedicin_hojaVidas' is clickable

2023-04-10 08:37:17 - [MESSAGE][PASSED] - Object 'Object Repository/1-OBJECTS TAREAS PRINCIPALES/Modulo Tarea Listado Hojas de Vida/Crear Nueva Hoja de Vida/input_Fecha Expedicin_hojaVidas' is clickable

2023-04-10 08:37:17 - [TEST_STEP][PASSED] - setText(findTestObject("1-OBJECTS TAREAS PRINCIPALES/Modulo Tarea Listado Hojas de Vida/Crear Nueva Hoja de Vida/input_Fecha Expedicin_hojaVidas"), "13/09/2013"): Text '13/09/2013' is set on object 'Object Repository/1-OBJECTS TAREAS PRINCIPALES/Modulo Tarea Listado Hojas de Vida/Crear Nueva Hoja de Vida/input_Fecha Expedicin_hojaVidas'

2023-04-10 08:37:18 - [MESSAGE][PASSED] - Text '13/09/2013' is set on object 'Object Repository/1-OBJECTS TAREAS PRINCIPALES/Modulo Tarea Listado Hojas de Vida/Crear Nueva Hoja de Vida/input_Fecha Expedicin_hojaVidas'

2023-04-10 08:37:18 - [TEST_STEP][PASSED] - sendKeys(findTestObject("1-OBJECTS TAREAS PRINCIPALES/Modulo Tarea Listado Hojas de Vida/Crear Nueva Hoja de Vida/input_Fecha Expedicin_hojaVidas"), Keys.chord(ENTER)): Keys 'ENTER + ' sent to object: 'Object Repository/1-OBJECTS TAREAS PRINCIPALES/Modulo Tarea Listado Hojas de Vida/Crear Nueva Hoja de Vida/input_Fecha Expedicin_hojaVidas'

2023-04-10 08:37:18 - [MESSAGE][PASSED] - Keys 'ENTER + ' sent to object: 'Object Repository/1-OBJECTS TAREAS PRINCIPALES/Modulo Tarea Listado Hojas de Vida/Crear Nueva Hoja de Vida/input_Fecha Expedicin_hojaVidas'

2023-04-10 08:37:18 - [TEST_STEP][PASSED] - selectOptionByIndex(findTestObject("1-OBJECTS TAREAS PRINCIPALES/Modulo Tarea Listado Hojas de Vida/Crear Nueva Hoja de Vida/select_-- Seleccione--000000ABEJORRAL"), "113"): All options with index in [113] are selected on object 'Object Repository/1-OBJECTS TAREAS PRINCIPALES/Modulo Tarea Listado Hojas de Vida/Crear Nueva Hoja de Vida/select_-- Seleccione--000000ABEJORRAL'

2023-04-10 08:37:21 - [MESSAGE][PASSED] - All options with index in [113] are selected on object 'Object Repository/1-OBJECTS TAREAS PRINCIPALES/Modulo Tarea Listado Hojas de Vida/Crear Nueva Hoja de Vida/select_-- Seleccione--000000ABEJORRAL'

2023-04-10 08:37:21 - [TEST_STEP][PASSED] - setText(findTestObject("1-OBJECTS TAREAS PRINCIPALES/Modulo Tarea Listado Hojas de Vida/Crear Nueva Hoja de Vida/input__hojaVidaseccionj_idt8358j_idt845"), "634564654684"): Text '634564654684' is set on object 'Object Repository/1-OBJECTS TAREAS PRINCIPALES/Modulo Tarea Listado Hojas de Vida/Crear Nueva Hoja de Vida/input__hojaVidaseccionj_idt8358j_idt845'

2023-04-10 08:37:22 - [MESSAGE][PASSED] - Text '634564654684' is set on object 'Object Repository/1-OBJECTS TAREAS PRINCIPALES/Modulo Tarea Listado Hojas de Vida/Crear Nueva Hoja de Vida/input__hojaVidaseccionj_idt8358j_idt845'

2023-04-10 08:37:22 - [TEST_STEP][PASSED] - setText(findTestObject("1-OBJECTS TAREAS PRINCIPALES/Modulo Tarea Listado Hojas de Vida/Crear Nueva Hoja de Vida/input__hojaVidaseccionj_idt8359j_idt845"), "noodle@gmail.com"): Text 'noodle@gmail.com' is set on object 'Object Repository/1-OBJECTS TAREAS PRINCIPALES/Modulo Tarea Listado Hojas de Vida/Crear Nueva Hoja de Vida/input__hojaVidaseccionj_idt8359j_idt845'

2023-04-10 08:37:23 - [MESSAGE][PASSED] - Text 'noodle@gmail.com' is set on object 'Object Repository/1-OBJECTS TAREAS PRINCIPALES/Modulo Tarea Listado Hojas de Vida/Crear Nueva Hoja de Vida/input__hojaVidaseccionj_idt8359j_idt845'

2023-04-10 08:37:23 - [TEST_STEP][PASSED] - selectOptionByIndex(findTestObject("1-OBJECTS TAREAS PRINCIPALES/Modulo Tarea Listado Hojas de Vida/Crear Nueva Hoja de Vida/select_AA-ABAB-BB-OO-"), "7"): All options with index in [7] are selected on object 'Object Repository/1-OBJECTS TAREAS PRINCIPALES/Modulo Tarea Listado Hojas de Vida/Crear Nueva Hoja de Vida/select_AA-ABAB-BB-OO-'

2023-04-10 08:37:24 - [MESSAGE][PASSED] - All options with index in [7] are selected on object 'Object Repository/1-OBJECTS TAREAS PRINCIPALES/Modulo Tarea Listado Hojas de Vida/Crear Nueva Hoja de Vida/select_AA-ABAB-BB-OO-'

2023-04-10 08:37:24 - [TEST_STEP][PASSED] - click(findTestObject("1-OBJECTS TAREAS PRINCIPALES/Modulo Tarea Listado Hojas de Vida/Crear Nueva Hoja de Vida/a__hojaVidaseccionj_idt21411j_idt254")): Object: 'Object Repository/1-OBJECTS TAREAS PRINCIPALES/Modulo Tarea Listado Hojas de Vida/Crear Nueva Hoja de Vida/a__hojaVidaseccionj_idt21411j_idt254' is clicked on

2023-04-10 08:37:25 - [MESSAGE][PASSED] - Object: 'Object Repository/1-OBJECTS TAREAS PRINCIPALES/Modulo Tarea Listado Hojas de Vida/Crear Nueva Hoja de Vida/a__hojaVidaseccionj_idt21411j_idt254' is clicked on

2023-04-10 08:37:25 - [TEST_STEP][PASSED] - setText(findTestObject("1-OBJECTS TAREAS PRINCIPALES/Modulo Tarea Listado Hojas de Vida/Crear Nueva Hoja de Vida/input_Ubicacin Geogrfica_formPopUpUbicacionj_idt921"), "BOGOTÁ"): Text 'BOGOTÁ' is set on object 'Object Repository/1-OBJECTS TAREAS PRINCIPALES/Modulo Tarea Listado Hojas de Vida/Crear Nueva Hoja de Vida/input_Ubicacin Geogrfica_formPopUpUbicacionj_idt921'

2023-04-10 08:37:26 - [MESSAGE][PASSED] - Text 'BOGOTÁ' is set on object 'Object Repository/1-OBJECTS TAREAS PRINCIPALES/Modulo Tarea Listado Hojas de Vida/Crear Nueva Hoja de Vida/input_Ubicacin Geogrfica_formPopUpUbicacionj_idt921'

2023-04-10 08:37:26 - [TEST_STEP][PASSED] - sendKeys(findTestObject("1-OBJECTS TAREAS PRINCIPALES/Modulo Tarea Listado Hojas de Vida/Crear Nueva Hoja de Vida/input_Ubicacin Geogrfica_formPopUpUbicacionj_idt921"), Keys.chord(ENTER)): Keys 'ENTER + ' sent to object: 'Object Repository/1-OBJECTS TAREAS PRINCIPALES/Modulo Tarea Listado Hojas de Vida/Crear Nueva Hoja de Vida/input_Ubicacin Geogrfica_formPopUpUbicacionj_idt921'

2023-04-10 08:37:26 - [MESSAGE][PASSED] - Keys 'ENTER + ' sent to object: 'Object Repository/1-OBJECTS TAREAS PRINCIPALES/Modulo Tarea Listado Hojas de Vida/Crear Nueva Hoja de Vida/input_Ubicacin Geogrfica_formPopUpUbicacionj_idt921'

2023-04-10 08:37:26 - [TEST_STEP][PASSED] - click(findTestObject("1-OBJECTS TAREAS PRINCIPALES/Modulo Tarea Listado Hojas de Vida/Crear Nueva Hoja de Vida/td_11001     BOGOT")): Object: 'Object Repository/1-OBJECTS TAREAS PRINCIPALES/Modulo Tarea Listado Hojas de Vida/Crear Nueva Hoja de Vida/td_11001     BOGOT' is clicked on

2023-04-10 08:37:27 - [MESSAGE][PASSED] - Object: 'Object Repository/1-OBJECTS TAREAS PRINCIPALES/Modulo Tarea Listado Hojas de Vida/Crear Nueva Hoja de Vida/td_11001     BOGOT' is clicked on

2023-04-10 08:37:27 - [TEST_STEP][PASSED] - click(findTestObject("1-OBJECTS TAREAS PRINCIPALES/Modulo Tarea Listado Hojas de Vida/Crear Nueva Hoja de Vida/a__hojaVidaseccionj_idt21412j_idt254")): Object: 'Object Repository/1-OBJECTS TAREAS PRINCIPALES/Modulo Tarea Listado Hojas de Vida/Crear Nueva Hoja de Vida/a__hojaVidaseccionj_idt21412j_idt254' is clicked on

2023-04-10 08:37:28 - [MESSAGE][PASSED] - Object: 'Object Repository/1-OBJECTS TAREAS PRINCIPALES/Modulo Tarea Listado Hojas de Vida/Crear Nueva Hoja de Vida/a__hojaVidaseccionj_idt21412j_idt254' is clicked on

2023-04-10 08:37:28 - [TEST_STEP][PASSED] - setText(findTestObject("1-OBJECTS TAREAS PRINCIPALES/Modulo Tarea Listado Hojas de Vida/Crear Nueva Hoja de Vida/input_Nacionalidad_j_idt930j_idt935"), "Colombiana"): Text 'Colombiana' is set on object 'Object Repository/1-OBJECTS TAREAS PRINCIPALES/Modulo Tarea Listado Hojas de Vida/Crear Nueva Hoja de Vida/input_Nacionalidad_j_idt930j_idt935'

2023-04-10 08:37:29 - [MESSAGE][PASSED] - Text 'Colombiana' is set on object 'Object Repository/1-OBJECTS TAREAS PRINCIPALES/Modulo Tarea Listado Hojas de Vida/Crear Nueva Hoja de Vida/input_Nacionalidad_j_idt930j_idt935'

2023-04-10 08:37:29 - [TEST_STEP][PASSED] - sendKeys(findTestObject("1-OBJECTS TAREAS PRINCIPALES/Modulo Tarea Listado Hojas de Vida/Crear Nueva Hoja de Vida/input_Nacionalidad_j_idt930j_idt935"), Keys.chord(ENTER)): Keys 'ENTER + ' sent to object: 'Object Repository/1-OBJECTS TAREAS PRINCIPALES/Modulo Tarea Listado Hojas de Vida/Crear Nueva Hoja de Vida/input_Nacionalidad_j_idt930j_idt935'

2023-04-10 08:37:30 - [MESSAGE][PASSED] - Keys 'ENTER + ' sent to object: 'Object Repository/1-OBJECTS TAREAS PRINCIPALES/Modulo Tarea Listado Hojas de Vida/Crear Nueva Hoja de Vida/input_Nacionalidad_j_idt930j_idt935'

2023-04-10 08:37:30 - [TEST_STEP][PASSED] - click(findTestObject("1-OBJECTS TAREAS PRINCIPALES/Modulo Tarea Listado Hojas de Vida/Crear Nueva Hoja de Vida/span_Colombiana")): Object: 'Object Repository/1-OBJECTS TAREAS PRINCIPALES/Modulo Tarea Listado Hojas de Vida/Crear Nueva Hoja de Vida/span_Colombiana' is clicked on

2023-04-10 08:37:30 - [MESSAGE][PASSED] - Object: 'Object Repository/1-OBJECTS TAREAS PRINCIPALES/Modulo Tarea Listado Hojas de Vida/Crear Nueva Hoja de Vida/span_Colombiana' is clicked on

2023-04-10 08:37:30 - [TEST_STEP][PASSED] - waitForElementClickable(findTestObject("1-OBJECTS TAREAS PRINCIPALES/Modulo Tarea Listado Hojas de Vida/Crear Nueva Hoja de Vida/a_Continuar"), G_TimeOut): Object 'Object Repository/1-OBJECTS TAREAS PRINCIPALES/Modulo Tarea Listado Hojas de Vida/Crear Nueva Hoja de Vida/a_Continuar' is clickable

2023-04-10 08:37:31 - [MESSAGE][PASSED] - Object 'Object Repository/1-OBJECTS TAREAS PRINCIPALES/Modulo Tarea Listado Hojas de Vida/Crear Nueva Hoja de Vida/a_Continuar' is clickable

2023-04-10 08:37:31 - [TEST_STEP][PASSED] - click(findTestObject("1-OBJECTS TAREAS PRINCIPALES/Modulo Tarea Listado Hojas de Vida/Crear Nueva Hoja de Vida/a_Continuar")): Object: 'Object Repository/1-OBJECTS TAREAS PRINCIPALES/Modulo Tarea Listado Hojas de Vida/Crear Nueva Hoja de Vida/a_Continuar' is clicked on

2023-04-10 08:37:31 - [MESSAGE][PASSED] - Object: 'Object Repository/1-OBJECTS TAREAS PRINCIPALES/Modulo Tarea Listado Hojas de Vida/Crear Nueva Hoja de Vida/a_Continuar' is clicked on

2023-04-10 08:37:31 - [TEST_STEP][PASSED] - waitForElementClickable(findTestObject("1-OBJECTS TAREAS PRINCIPALES/Modulo Tarea Listado Hojas de Vida/Crear Nueva Hoja de Vida/a_Aceptar"), G_TimeOut): Object 'Object Repository/1-OBJECTS TAREAS PRINCIPALES/Modulo Tarea Listado Hojas de Vida/Crear Nueva Hoja de Vida/a_Aceptar' is clickable

2023-04-10 08:37:32 - [MESSAGE][PASSED] - Object 'Object Repository/1-OBJECTS TAREAS PRINCIPALES/Modulo Tarea Listado Hojas de Vida/Crear Nueva Hoja de Vida/a_Aceptar' is clickable

2023-04-10 08:37:32 - [TEST_STEP][PASSED] - click(findTestObject("1-OBJECTS TAREAS PRINCIPALES/Modulo Tarea Listado Hojas de Vida/Crear Nueva Hoja de Vida/a_Aceptar"), STOP_ON_FAILURE): Object: 'Object Repository/1-OBJECTS TAREAS PRINCIPALES/Modulo Tarea Listado Hojas de Vida/Crear Nueva Hoja de Vida/a_Aceptar' is clicked on

2023-04-10 08:37:33 - [MESSAGE][PASSED] - Object: 'Object Repository/1-OBJECTS TAREAS PRINCIPALES/Modulo Tarea Listado Hojas de Vida/Crear Nueva Hoja de Vida/a_Aceptar' is clicked on

2023-04-10 08:37:33 - [TEST_STEP][PASSED] - if (waitForElementVisible(findTestObject("1-OBJECTS TAREAS PRINCIPALES/Modulo Tarea Listado Hojas de Vida/Crear Nueva Hoja de Vida/a_Actualizar Respuesta"), 1)): null

2023-04-10 08:37:33 - [MESSAGE][PASSED] - Object 'Object Repository/1-OBJECTS TAREAS PRINCIPALES/Modulo Tarea Listado Hojas de Vida/Crear Nueva Hoja de Vida/a_Actualizar Respuesta' is visible

2023-04-10 08:37:33 - [TEST_STEP][PASSED] - closeBrowser(): Browser is closed

2023-04-10 08:37:34 - [MESSAGE][PASSED] - Browser is closed

2023-04-10 08:37:34 - [TEST_STEP][PASSED] - return identificacion: null

2023-04-10 08:37:34 - [MESSAGE][PASSED] - Call Test Case 'Test Cases/1.1-Tareas Principales/1.1.1-Crear Nueva Hoja de Vida' successfully

2023-04-10 08:37:34 - [TEST_STEP][PASSED] - callTestCase(findTestCase("Utilidades-(atajos_para _tareas)/Tareas Actos Administrativos/Tarea Actos Administrativos"), [:], STOP_ON_FAILURE): Call Test Case 'Test Cases/Utilidades-(atajos_para _tareas)/Tareas Actos Administrativos/Tarea Actos Administrativos' successfully

2023-04-10 08:37:34 - [TEST_CASE][PASSED] - Test Cases/Utilidades-(atajos_para _tareas)/Tareas Actos Administrativos/Tarea Actos Administrativos: Test Cases/Utilidades-(atajos_para _tareas)/Tareas Actos Administrativos/Tarea Actos Administrativos

2023-04-10 08:37:34 - [TEST_STEP][PASSED] - callTestCase(findTestCase("0.1-Login"), [:], STOP_ON_FAILURE): Call Test Case 'Test Cases/0.1-Login' successfully

2023-04-10 08:37:34 - [TEST_CASE][PASSED] - Test Cases/0.1-Login: Test Cases/0.1-Login

2023-04-10 08:37:34 - [TEST_STEP][PASSED] - openBrowser(""): Browser is opened with url: ''

2023-04-10 08:37:34 - [MESSAGE][INFO] - Starting 'Chrome' driver

2023-04-10 08:37:34 - [MESSAGE][INFO] - Action delay is set to 0 milliseconds

2023-04-10 08:37:36 - [MESSAGE][PASSED] - Browser is opened with url: ''

2023-04-10 08:37:36 - [TEST_STEP][PASSED] - maximizeWindow(): Current window maximized

2023-04-10 08:37:36 - [MESSAGE][PASSED] - Current window maximized

2023-04-10 08:37:36 - [TEST_STEP][PASSED] - i = G_Login: null

2023-04-10 08:37:36 - [TEST_STEP][PASSED] - url = new java.net.URL(i): null

2023-04-10 08:37:36 - [TEST_STEP][PASSED] - println("URL: " + url.toString()): null

2023-04-10 08:37:36 - [TEST_STEP][PASSED] - connection = url.openConnection(): null

2023-04-10 08:37:36 - [TEST_STEP][PASSED] - connection.setRequestMethod("GET"): null

2023-04-10 08:37:36 - [TEST_STEP][PASSED] - connection.setReadTimeout(2 * 1000): null

2023-04-10 08:37:36 - [TEST_STEP][PASSED] - try: null

2023-04-10 08:37:36 - [TEST_STEP][PASSED] - connection.connect(): null

2023-04-10 08:37:36 - [TEST_STEP][PASSED] - flag = connected: null

2023-04-10 08:37:36 - [TEST_STEP][PASSED] - println("Valor_ori: " + flag): null

2023-04-10 08:37:36 - [TEST_STEP][PASSED] - if (flag): null

2023-04-10 08:37:36 - [TEST_STEP][PASSED] - navigateToUrl(i): Navigate to 'http://192.168.2.19:8380/saraweb' successfully

2023-04-10 08:37:36 - [MESSAGE][PASSED] - Navigate to 'http://192.168.2.19:8380/saraweb' successfully

2023-04-10 08:37:36 - [TEST_STEP][PASSED] - a(): null

2023-04-10 08:37:36 - [TEST_STEP][PASSED] - if (waitForElementVisible(findTestObject("3-OBJECTS UTILIDADES/Login/input_USUARIO_loginusuario"), 0)): null

2023-04-10 08:37:36 - [MESSAGE][WARNING] - Timeout '0' is invalid. Using default page load timeout: '37'

2023-04-10 08:37:37 - [MESSAGE][PASSED] - Object 'Object Repository/3-OBJECTS UTILIDADES/Login/input_USUARIO_loginusuario' is visible

2023-04-10 08:37:37 - [TEST_STEP][PASSED] - switchToWindowTitle("SARA"): Switched to window with title: 'SARA'

2023-04-10 08:37:37 - [MESSAGE][PASSED] - Switched to window with title: 'SARA'

2023-04-10 08:37:37 - [TEST_STEP][PASSED] - zoom(): null

2023-04-10 08:37:37 - [TEST_STEP][PASSED] - robot = new java.awt.Robot(): null

2023-04-10 08:37:37 - [TEST_STEP][PASSED] - robot.keyPress(VK_CONTROL): null

2023-04-10 08:37:37 - [TEST_STEP][PASSED] - robot.keyPress(VK_SUBTRACT): null

2023-04-10 08:37:37 - [TEST_STEP][PASSED] - robot.keyRelease(VK_CONTROL): null

2023-04-10 08:37:37 - [TEST_STEP][PASSED] - robot.keyRelease(VK_SUBTRACT): null

2023-04-10 08:37:37 - [TEST_STEP][PASSED] - robot.keyPress(VK_CONTROL): null

2023-04-10 08:37:37 - [TEST_STEP][PASSED] - robot.keyPress(VK_SUBTRACT): null

2023-04-10 08:37:37 - [TEST_STEP][PASSED] - robot.keyRelease(VK_CONTROL): null

2023-04-10 08:37:37 - [TEST_STEP][PASSED] - robot.keyRelease(VK_SUBTRACT): null

2023-04-10 08:37:37 - [TEST_STEP][PASSED] - robot.keyPress(VK_CONTROL): null

2023-04-10 08:37:37 - [TEST_STEP][PASSED] - robot.keyPress(VK_SUBTRACT): null

2023-04-10 08:37:37 - [TEST_STEP][PASSED] - robot.keyRelease(VK_CONTROL): null

2023-04-10 08:37:37 - [TEST_STEP][PASSED] - robot.keyRelease(VK_SUBTRACT): null

2023-04-10 08:37:37 - [TEST_STEP][PASSED] - robot.keyRelease(VK_CONTROL): null

2023-04-10 08:37:37 - [TEST_STEP][PASSED] - robot.keyRelease(VK_SUBTRACT): null

2023-04-10 08:37:37 - [TEST_STEP][PASSED] - setText(findTestObject("3-OBJECTS UTILIDADES/Login/input_USUARIO_loginusuario"), G_Usuario): Text 'saraadmin' is set on object 'Object Repository/3-OBJECTS UTILIDADES/Login/input_USUARIO_loginusuario'

2023-04-10 08:37:37 - [MESSAGE][PASSED] - Text 'saraadmin' is set on object 'Object Repository/3-OBJECTS UTILIDADES/Login/input_USUARIO_loginusuario'

2023-04-10 08:37:37 - [TEST_STEP][PASSED] - setEncryptedText(findTestObject("3-OBJECTS UTILIDADES/Login/input_CLAVE_loginpassword"), "SlAwMcyRKqrwbnzhAs8HhT6NnI7sEyng"): Text ****** has been set on object 'Object Repository/3-OBJECTS UTILIDADES/Login/input_CLAVE_loginpassword'

2023-04-10 08:37:39 - [MESSAGE][PASSED] - Text ****** has been set on object 'Object Repository/3-OBJECTS UTILIDADES/Login/input_CLAVE_loginpassword'

2023-04-10 08:37:39 - [TEST_STEP][PASSED] - while (waitForElementClickable(findTestObject("3-OBJECTS UTILIDADES/Login/a_Ingresar"), 1)): Web element with id: 'Object Repository/3-OBJECTS UTILIDADES/Login/a_Ingresar' located by '//a[contains(text(),'Ingresar')]' not found

2023-04-10 08:37:41 - [MESSAGE][INFO] - Unable to find the element located by 'By.xpath: //a[contains(text(),'Ingresar')]'. Please recheck the objects properties to make sure the desired element is located. 

2023-04-10 08:37:41 - [MESSAGE][WARNING] - Web element with id: 'Object Repository/3-OBJECTS UTILIDADES/Login/a_Ingresar' located by '//a[contains(text(),'Ingresar')]' not found

2023-04-10 08:37:41 - [MESSAGE][PASSED] - Call Test Case 'Test Cases/0.1-Login' successfully

2023-04-10 08:37:41 - [TEST_STEP][PASSED] - waitForElementClickable(findTestObject("1-OBJECTS TAREAS PRINCIPALES/Modulo Tarea Actos Administrativos/Tarea Actos Administrativos/input_ADMINISTRADOR DEL SISTEMA"), G_TimeOut): Object 'Object Repository/1-OBJECTS TAREAS PRINCIPALES/Modulo Tarea Actos Administrativos/Tarea Actos Administrativos/input_ADMINISTRADOR DEL SISTEMA' is clickable

2023-04-10 08:37:41 - [MESSAGE][PASSED] - Object 'Object Repository/1-OBJECTS TAREAS PRINCIPALES/Modulo Tarea Actos Administrativos/Tarea Actos Administrativos/input_ADMINISTRADOR DEL SISTEMA' is clickable

2023-04-10 08:37:41 - [TEST_STEP][PASSED] - setText(findTestObject("1-OBJECTS TAREAS PRINCIPALES/Modulo Tarea Actos Administrativos/Tarea Actos Administrativos/input_ADMINISTRADOR DEL SISTEMA"), "Actos Administrativos"): Text 'Actos Administrativos' is set on object 'Object Repository/1-OBJECTS TAREAS PRINCIPALES/Modulo Tarea Actos Administrativos/Tarea Actos Administrativos/input_ADMINISTRADOR DEL SISTEMA'

2023-04-10 08:37:42 - [MESSAGE][PASSED] - Text 'Actos Administrativos' is set on object 'Object Repository/1-OBJECTS TAREAS PRINCIPALES/Modulo Tarea Actos Administrativos/Tarea Actos Administrativos/input_ADMINISTRADOR DEL SISTEMA'

2023-04-10 08:37:42 - [TEST_STEP][PASSED] - waitForElementVisible(findTestObject("1-OBJECTS TAREAS PRINCIPALES/Modulo Tarea Actos Administrativos/Tarea Actos Administrativos/span_Tarea actos administrativos"), 0): Object 'Object Repository/1-OBJECTS TAREAS PRINCIPALES/Modulo Tarea Actos Administrativos/Tarea Actos Administrativos/span_Tarea actos administrativos' is visible

2023-04-10 08:37:42 - [MESSAGE][WARNING] - Timeout '0' is invalid. Using default page load timeout: '37'

2023-04-10 08:37:43 - [MESSAGE][PASSED] - Object 'Object Repository/1-OBJECTS TAREAS PRINCIPALES/Modulo Tarea Actos Administrativos/Tarea Actos Administrativos/span_Tarea actos administrativos' is visible

2023-04-10 08:37:43 - [TEST_STEP][PASSED] - click(findTestObject("1-OBJECTS TAREAS PRINCIPALES/Modulo Tarea Actos Administrativos/Tarea Actos Administrativos/span_Tarea actos administrativos")): Object: 'Object Repository/1-OBJECTS TAREAS PRINCIPALES/Modulo Tarea Actos Administrativos/Tarea Actos Administrativos/span_Tarea actos administrativos' is clicked on

2023-04-10 08:37:44 - [MESSAGE][PASSED] - Object: 'Object Repository/1-OBJECTS TAREAS PRINCIPALES/Modulo Tarea Actos Administrativos/Tarea Actos Administrativos/span_Tarea actos administrativos' is clicked on

2023-04-10 08:37:44 - [MESSAGE][PASSED] - Call Test Case 'Test Cases/Utilidades-(atajos_para _tareas)/Tareas Actos Administrativos/Tarea Actos Administrativos' successfully

2023-04-10 08:37:44 - [TEST_STEP][PASSED] - waitForElementClickable(findTestObject("1-OBJECTS TAREAS PRINCIPALES/Modulo Tarea Actos Administrativos/Acto Cambio Empleado/i_Actos_glyphicons glyphicons-group"), G_TimeOut): Object 'Object Repository/1-OBJECTS TAREAS PRINCIPALES/Modulo Tarea Actos Administrativos/Acto Cambio Empleado/i_Actos_glyphicons glyphicons-group' is clickable

2023-04-10 08:37:45 - [MESSAGE][PASSED] - Object 'Object Repository/1-OBJECTS TAREAS PRINCIPALES/Modulo Tarea Actos Administrativos/Acto Cambio Empleado/i_Actos_glyphicons glyphicons-group' is clickable

2023-04-10 08:37:45 - [TEST_STEP][PASSED] - click(findTestObject("1-OBJECTS TAREAS PRINCIPALES/Modulo Tarea Actos Administrativos/Acto Cambio Empleado/i_Actos_glyphicons glyphicons-group")): Object: 'Object Repository/1-OBJECTS TAREAS PRINCIPALES/Modulo Tarea Actos Administrativos/Acto Cambio Empleado/i_Actos_glyphicons glyphicons-group' is clicked on

2023-04-10 08:37:45 - [MESSAGE][PASSED] - Object: 'Object Repository/1-OBJECTS TAREAS PRINCIPALES/Modulo Tarea Actos Administrativos/Acto Cambio Empleado/i_Actos_glyphicons glyphicons-group' is clicked on

2023-04-10 08:37:45 - [TEST_STEP][PASSED] - waitForElementClickable(findTestObject("1-OBJECTS TAREAS PRINCIPALES/Modulo Tarea Actos Administrativos/Acto Cambio Empleado/a_Acto cambio del Empleado_form"), G_TimeOut): Object 'Object Repository/1-OBJECTS TAREAS PRINCIPALES/Modulo Tarea Actos Administrativos/Acto Cambio Empleado/a_Acto cambio del Empleado_form' is clickable

2023-04-10 08:37:46 - [MESSAGE][PASSED] - Object 'Object Repository/1-OBJECTS TAREAS PRINCIPALES/Modulo Tarea Actos Administrativos/Acto Cambio Empleado/a_Acto cambio del Empleado_form' is clickable

2023-04-10 08:37:46 - [TEST_STEP][PASSED] - click(findTestObject("1-OBJECTS TAREAS PRINCIPALES/Modulo Tarea Actos Administrativos/Acto Cambio Empleado/a_Acto cambio del Empleado_form")): Object: 'Object Repository/1-OBJECTS TAREAS PRINCIPALES/Modulo Tarea Actos Administrativos/Acto Cambio Empleado/a_Acto cambio del Empleado_form' is clicked on

2023-04-10 08:37:46 - [MESSAGE][PASSED] - Object: 'Object Repository/1-OBJECTS TAREAS PRINCIPALES/Modulo Tarea Actos Administrativos/Acto Cambio Empleado/a_Acto cambio del Empleado_form' is clicked on

2023-04-10 08:37:46 - [TEST_STEP][PASSED] - doubleClick(findTestObject("1-OBJECTS TAREAS PRINCIPALES/Modulo Tarea Actos Administrativos/Acto Cambio Empleado/a_Elaborar")): Object: 'Object Repository/1-OBJECTS TAREAS PRINCIPALES/Modulo Tarea Actos Administrativos/Acto Cambio Empleado/a_Elaborar' is double clicked on

2023-04-10 08:37:47 - [MESSAGE][PASSED] - Object: 'Object Repository/1-OBJECTS TAREAS PRINCIPALES/Modulo Tarea Actos Administrativos/Acto Cambio Empleado/a_Elaborar' is double clicked on

2023-04-10 08:37:47 - [TEST_STEP][PASSED] - waitForElementClickable(findTestObject("1-OBJECTS TAREAS PRINCIPALES/Modulo Tarea Actos Administrativos/Acto Cambio Empleado/span_Nomina"), G_TimeOut): Object 'Object Repository/1-OBJECTS TAREAS PRINCIPALES/Modulo Tarea Actos Administrativos/Acto Cambio Empleado/span_Nomina' is clickable

2023-04-10 08:37:47 - [MESSAGE][PASSED] - Object 'Object Repository/1-OBJECTS TAREAS PRINCIPALES/Modulo Tarea Actos Administrativos/Acto Cambio Empleado/span_Nomina' is clickable

2023-04-10 08:37:47 - [TEST_STEP][PASSED] - click(findTestObject("1-OBJECTS TAREAS PRINCIPALES/Modulo Tarea Actos Administrativos/Acto Cambio Empleado/span_Nomina")): Object: 'Object Repository/1-OBJECTS TAREAS PRINCIPALES/Modulo Tarea Actos Administrativos/Acto Cambio Empleado/span_Nomina' is clicked on

2023-04-10 08:37:48 - [MESSAGE][PASSED] - Object: 'Object Repository/1-OBJECTS TAREAS PRINCIPALES/Modulo Tarea Actos Administrativos/Acto Cambio Empleado/span_Nomina' is clicked on

2023-04-10 08:37:48 - [TEST_STEP][PASSED] - waitForElementClickable(findTestObject("1-OBJECTS TAREAS PRINCIPALES/Modulo Tarea Actos Administrativos/Acto Cambio Empleado/span_ingreso definitivo indefinido salario basico"), G_TimeOut): Object 'Object Repository/1-OBJECTS TAREAS PRINCIPALES/Modulo Tarea Actos Administrativos/Acto Cambio Empleado/span_ingreso definitivo indefinido salario basico' is clickable

2023-04-10 08:37:48 - [MESSAGE][PASSED] - Object 'Object Repository/1-OBJECTS TAREAS PRINCIPALES/Modulo Tarea Actos Administrativos/Acto Cambio Empleado/span_ingreso definitivo indefinido salario basico' is clickable

2023-04-10 08:37:48 - [TEST_STEP][PASSED] - click(findTestObject("1-OBJECTS TAREAS PRINCIPALES/Modulo Tarea Actos Administrativos/Acto Cambio Empleado/span_ingreso definitivo indefinido salario basico")): Object: 'Object Repository/1-OBJECTS TAREAS PRINCIPALES/Modulo Tarea Actos Administrativos/Acto Cambio Empleado/span_ingreso definitivo indefinido salario basico' is clicked on

2023-04-10 08:37:49 - [MESSAGE][PASSED] - Object: 'Object Repository/1-OBJECTS TAREAS PRINCIPALES/Modulo Tarea Actos Administrativos/Acto Cambio Empleado/span_ingreso definitivo indefinido salario basico' is clicked on

2023-04-10 08:37:49 - [TEST_STEP][PASSED] - waitForElementClickable(findTestObject("1-OBJECTS TAREAS PRINCIPALES/Modulo Tarea Actos Administrativos/Acto Cambio Empleado/a_Elaboracin_glyphicons glyphicons-chronicle x2"), G_TimeOut): Object 'Object Repository/1-OBJECTS TAREAS PRINCIPALES/Modulo Tarea Actos Administrativos/Acto Cambio Empleado/a_Elaboracin_glyphicons glyphicons-chronicle x2' is clickable

2023-04-10 08:37:49 - [MESSAGE][PASSED] - Object 'Object Repository/1-OBJECTS TAREAS PRINCIPALES/Modulo Tarea Actos Administrativos/Acto Cambio Empleado/a_Elaboracin_glyphicons glyphicons-chronicle x2' is clickable

2023-04-10 08:37:49 - [TEST_STEP][PASSED] - click(findTestObject("1-OBJECTS TAREAS PRINCIPALES/Modulo Tarea Actos Administrativos/Acto Cambio Empleado/a_Elaboracin_glyphicons glyphicons-chronicle x2")): Object: 'Object Repository/1-OBJECTS TAREAS PRINCIPALES/Modulo Tarea Actos Administrativos/Acto Cambio Empleado/a_Elaboracin_glyphicons glyphicons-chronicle x2' is clicked on

2023-04-10 08:37:50 - [MESSAGE][PASSED] - Object: 'Object Repository/1-OBJECTS TAREAS PRINCIPALES/Modulo Tarea Actos Administrativos/Acto Cambio Empleado/a_Elaboracin_glyphicons glyphicons-chronicle x2' is clicked on

2023-04-10 08:37:50 - [TEST_STEP][PASSED] - waitForElementClickable(findTestObject("1-OBJECTS TAREAS PRINCIPALES/Modulo Tarea Actos Administrativos/Acto Cambio Empleado/a_Identificacin_form_actoIngresoj_idt975"), G_TimeOut): Object 'Object Repository/1-OBJECTS TAREAS PRINCIPALES/Modulo Tarea Actos Administrativos/Acto Cambio Empleado/a_Identificacin_form_actoIngresoj_idt975' is clickable

2023-04-10 08:37:51 - [MESSAGE][PASSED] - Object 'Object Repository/1-OBJECTS TAREAS PRINCIPALES/Modulo Tarea Actos Administrativos/Acto Cambio Empleado/a_Identificacin_form_actoIngresoj_idt975' is clickable

2023-04-10 08:37:51 - [TEST_STEP][PASSED] - click(findTestObject("1-OBJECTS TAREAS PRINCIPALES/Modulo Tarea Actos Administrativos/Acto Cambio Empleado/a_Identificacin_form_actoIngresoj_idt975")): Object: 'Object Repository/1-OBJECTS TAREAS PRINCIPALES/Modulo Tarea Actos Administrativos/Acto Cambio Empleado/a_Identificacin_form_actoIngresoj_idt975' is clicked on

2023-04-10 08:37:52 - [MESSAGE][PASSED] - Object: 'Object Repository/1-OBJECTS TAREAS PRINCIPALES/Modulo Tarea Actos Administrativos/Acto Cambio Empleado/a_Identificacin_form_actoIngresoj_idt975' is clicked on

2023-04-10 08:37:52 - [TEST_STEP][PASSED] - setText(findTestObject("1-OBJECTS TAREAS PRINCIPALES/Modulo Tarea Actos Administrativos/Acto Cambio Empleado/input_Filtro Hoja de Vida_formPopupHojaVidaj_idt1696"), identificacion): Text '6958026' is set on object 'Object Repository/1-OBJECTS TAREAS PRINCIPALES/Modulo Tarea Actos Administrativos/Acto Cambio Empleado/input_Filtro Hoja de Vida_formPopupHojaVidaj_idt1696'

2023-04-10 08:37:53 - [MESSAGE][PASSED] - Text '6958026' is set on object 'Object Repository/1-OBJECTS TAREAS PRINCIPALES/Modulo Tarea Actos Administrativos/Acto Cambio Empleado/input_Filtro Hoja de Vida_formPopupHojaVidaj_idt1696'

2023-04-10 08:37:53 - [TEST_STEP][PASSED] - sendKeys(findTestObject("1-OBJECTS TAREAS PRINCIPALES/Modulo Tarea Actos Administrativos/Acto Cambio Empleado/input_Filtro Hoja de Vida_formPopupHojaVidaj_idt1696"), Keys.chord(ENTER)): Keys 'ENTER + ' sent to object: 'Object Repository/1-OBJECTS TAREAS PRINCIPALES/Modulo Tarea Actos Administrativos/Acto Cambio Empleado/input_Filtro Hoja de Vida_formPopupHojaVidaj_idt1696'

2023-04-10 08:37:53 - [MESSAGE][PASSED] - Keys 'ENTER + ' sent to object: 'Object Repository/1-OBJECTS TAREAS PRINCIPALES/Modulo Tarea Actos Administrativos/Acto Cambio Empleado/input_Filtro Hoja de Vida_formPopupHojaVidaj_idt1696'

2023-04-10 08:37:53 - [TEST_STEP][PASSED] - waitForElementClickable(findTestObject("1-OBJECTS TAREAS PRINCIPALES/Modulo Tarea Actos Administrativos/Acto Cambio Empleado/span_Consta Belfegord  Jhon5682169"), G_TimeOut): Object 'Object Repository/1-OBJECTS TAREAS PRINCIPALES/Modulo Tarea Actos Administrativos/Acto Cambio Empleado/span_Consta Belfegord  Jhon5682169' is clickable

2023-04-10 08:37:54 - [MESSAGE][PASSED] - Object 'Object Repository/1-OBJECTS TAREAS PRINCIPALES/Modulo Tarea Actos Administrativos/Acto Cambio Empleado/span_Consta Belfegord  Jhon5682169' is clickable

2023-04-10 08:37:54 - [TEST_STEP][PASSED] - click(findTestObject("1-OBJECTS TAREAS PRINCIPALES/Modulo Tarea Actos Administrativos/Acto Cambio Empleado/span_Consta Belfegord  Jhon5682169")): Object: 'Object Repository/1-OBJECTS TAREAS PRINCIPALES/Modulo Tarea Actos Administrativos/Acto Cambio Empleado/span_Consta Belfegord  Jhon5682169' is clicked on

2023-04-10 08:37:54 - [MESSAGE][PASSED] - Object: 'Object Repository/1-OBJECTS TAREAS PRINCIPALES/Modulo Tarea Actos Administrativos/Acto Cambio Empleado/span_Consta Belfegord  Jhon5682169' is clicked on

2023-04-10 08:37:54 - [TEST_STEP][PASSED] - waitForElementClickable(findTestObject("1-OBJECTS TAREAS PRINCIPALES/Modulo Tarea Actos Administrativos/Acto Cambio Empleado/a_Continuar"), G_TimeOut): Object 'Object Repository/1-OBJECTS TAREAS PRINCIPALES/Modulo Tarea Actos Administrativos/Acto Cambio Empleado/a_Continuar' is clickable

2023-04-10 08:37:55 - [MESSAGE][PASSED] - Object 'Object Repository/1-OBJECTS TAREAS PRINCIPALES/Modulo Tarea Actos Administrativos/Acto Cambio Empleado/a_Continuar' is clickable

2023-04-10 08:37:55 - [TEST_STEP][PASSED] - click(findTestObject("1-OBJECTS TAREAS PRINCIPALES/Modulo Tarea Actos Administrativos/Acto Cambio Empleado/a_Continuar")): Object: 'Object Repository/1-OBJECTS TAREAS PRINCIPALES/Modulo Tarea Actos Administrativos/Acto Cambio Empleado/a_Continuar' is clicked on

2023-04-10 08:37:55 - [MESSAGE][PASSED] - Object: 'Object Repository/1-OBJECTS TAREAS PRINCIPALES/Modulo Tarea Actos Administrativos/Acto Cambio Empleado/a_Continuar' is clicked on

2023-04-10 08:37:55 - [TEST_STEP][PASSED] - return identificacion: null

2023-04-10 08:37:55 - [MESSAGE][PASSED] - Call Test Case 'Test Cases/Utilidades-(atajos_para _tareas)/Tareas Actos Administrativos/Acto Cambio del Empleado' successfully

2023-04-10 08:37:55 - [TEST_STEP][PASSED] - setText(findTestObject("1-OBJECTS TAREAS PRINCIPALES/Modulo Tarea Actos Administrativos/Elaboracion Acto Cambio de Empleado/input__form_actoIngresoj_idt10120fecha_input"), "01/12/2018"): Text '01/12/2018' is set on object 'Object Repository/1-OBJECTS TAREAS PRINCIPALES/Modulo Tarea Actos Administrativos/Elaboracion Acto Cambio de Empleado/input__form_actoIngresoj_idt10120fecha_input'

2023-04-10 08:37:57 - [MESSAGE][PASSED] - Text '01/12/2018' is set on object 'Object Repository/1-OBJECTS TAREAS PRINCIPALES/Modulo Tarea Actos Administrativos/Elaboracion Acto Cambio de Empleado/input__form_actoIngresoj_idt10120fecha_input'

2023-04-10 08:37:57 - [TEST_STEP][PASSED] - sendKeys(findTestObject("1-OBJECTS TAREAS PRINCIPALES/Modulo Tarea Actos Administrativos/Elaboracion Acto Cambio de Empleado/input__form_actoIngresoj_idt10120fecha_input"), Keys.chord(ENTER)): Keys 'ENTER + ' sent to object: 'Object Repository/1-OBJECTS TAREAS PRINCIPALES/Modulo Tarea Actos Administrativos/Elaboracion Acto Cambio de Empleado/input__form_actoIngresoj_idt10120fecha_input'

2023-04-10 08:37:57 - [MESSAGE][PASSED] - Keys 'ENTER + ' sent to object: 'Object Repository/1-OBJECTS TAREAS PRINCIPALES/Modulo Tarea Actos Administrativos/Elaboracion Acto Cambio de Empleado/input__form_actoIngresoj_idt10120fecha_input'

2023-04-10 08:37:57 - [TEST_STEP][PASSED] - setText(findTestObject("1-OBJECTS TAREAS PRINCIPALES/Modulo Tarea Actos Administrativos/Elaboracion Acto Cambio de Empleado/input__form_actoIngresoj_idt10121fecha_input"), "01/12/2018"): Text '01/12/2018' is set on object 'Object Repository/1-OBJECTS TAREAS PRINCIPALES/Modulo Tarea Actos Administrativos/Elaboracion Acto Cambio de Empleado/input__form_actoIngresoj_idt10121fecha_input'

2023-04-10 08:37:58 - [MESSAGE][PASSED] - Text '01/12/2018' is set on object 'Object Repository/1-OBJECTS TAREAS PRINCIPALES/Modulo Tarea Actos Administrativos/Elaboracion Acto Cambio de Empleado/input__form_actoIngresoj_idt10121fecha_input'

2023-04-10 08:37:58 - [TEST_STEP][PASSED] - sendKeys(findTestObject("1-OBJECTS TAREAS PRINCIPALES/Modulo Tarea Actos Administrativos/Elaboracion Acto Cambio de Empleado/input__form_actoIngresoj_idt10121fecha_input"), Keys.chord(ENTER)): Keys 'ENTER + ' sent to object: 'Object Repository/1-OBJECTS TAREAS PRINCIPALES/Modulo Tarea Actos Administrativos/Elaboracion Acto Cambio de Empleado/input__form_actoIngresoj_idt10121fecha_input'

2023-04-10 08:37:58 - [MESSAGE][PASSED] - Keys 'ENTER + ' sent to object: 'Object Repository/1-OBJECTS TAREAS PRINCIPALES/Modulo Tarea Actos Administrativos/Elaboracion Acto Cambio de Empleado/input__form_actoIngresoj_idt10121fecha_input'

2023-04-10 08:37:58 - [TEST_STEP][PASSED] - waitForElementClickable(findTestObject("1-OBJECTS TAREAS PRINCIPALES/Modulo Tarea Actos Administrativos/Elaboracion Acto Cambio de Empleado/span_Motivo ingreso"), G_TimeOut): Object 'Object Repository/1-OBJECTS TAREAS PRINCIPALES/Modulo Tarea Actos Administrativos/Elaboracion Acto Cambio de Empleado/span_Motivo ingreso' is clickable

2023-04-10 08:37:59 - [MESSAGE][PASSED] - Object 'Object Repository/1-OBJECTS TAREAS PRINCIPALES/Modulo Tarea Actos Administrativos/Elaboracion Acto Cambio de Empleado/span_Motivo ingreso' is clickable

2023-04-10 08:37:59 - [TEST_STEP][PASSED] - click(findTestObject("1-OBJECTS TAREAS PRINCIPALES/Modulo Tarea Actos Administrativos/Elaboracion Acto Cambio de Empleado/span_Motivo ingreso")): Object: 'Object Repository/1-OBJECTS TAREAS PRINCIPALES/Modulo Tarea Actos Administrativos/Elaboracion Acto Cambio de Empleado/span_Motivo ingreso' is clicked on

2023-04-10 08:37:59 - [MESSAGE][PASSED] - Object: 'Object Repository/1-OBJECTS TAREAS PRINCIPALES/Modulo Tarea Actos Administrativos/Elaboracion Acto Cambio de Empleado/span_Motivo ingreso' is clicked on

2023-04-10 08:37:59 - [TEST_STEP][PASSED] - selectOptionByIndex(findTestObject("1-OBJECTS TAREAS PRINCIPALES/Modulo Tarea Actos Administrativos/Elaboracion Acto Cambio de Empleado/select_10 - Ingreso Puesto Nuevo"), "1"): All options with index in [1] are selected on object 'Object Repository/1-OBJECTS TAREAS PRINCIPALES/Modulo Tarea Actos Administrativos/Elaboracion Acto Cambio de Empleado/select_10 - Ingreso Puesto Nuevo'

2023-04-10 08:38:00 - [MESSAGE][PASSED] - All options with index in [1] are selected on object 'Object Repository/1-OBJECTS TAREAS PRINCIPALES/Modulo Tarea Actos Administrativos/Elaboracion Acto Cambio de Empleado/select_10 - Ingreso Puesto Nuevo'

2023-04-10 08:38:00 - [TEST_STEP][PASSED] - setText(findTestObject("1-OBJECTS TAREAS PRINCIPALES/Modulo Tarea Actos Administrativos/Elaboracion Acto Cambio de Empleado/textarea__form_actoIngresoj_idt10124j_idt1025"), "Magister en derecho penal"): Text 'Magister en derecho penal' is set on object 'Object Repository/1-OBJECTS TAREAS PRINCIPALES/Modulo Tarea Actos Administrativos/Elaboracion Acto Cambio de Empleado/textarea__form_actoIngresoj_idt10124j_idt1025'

2023-04-10 08:38:01 - [MESSAGE][PASSED] - Text 'Magister en derecho penal' is set on object 'Object Repository/1-OBJECTS TAREAS PRINCIPALES/Modulo Tarea Actos Administrativos/Elaboracion Acto Cambio de Empleado/textarea__form_actoIngresoj_idt10124j_idt1025'

2023-04-10 08:38:01 - [TEST_STEP][PASSED] - selectOptionByIndex(findTestObject("1-OBJECTS TAREAS PRINCIPALES/Modulo Tarea Actos Administrativos/Elaboracion Acto Cambio de Empleado/select_-- Seleccione --1 Actualizacin"), "2"): All options with index in [2] are selected on object 'Object Repository/1-OBJECTS TAREAS PRINCIPALES/Modulo Tarea Actos Administrativos/Elaboracion Acto Cambio de Empleado/select_-- Seleccione --1 Actualizacin'

2023-04-10 08:38:02 - [MESSAGE][PASSED] - All options with index in [2] are selected on object 'Object Repository/1-OBJECTS TAREAS PRINCIPALES/Modulo Tarea Actos Administrativos/Elaboracion Acto Cambio de Empleado/select_-- Seleccione --1 Actualizacin'

2023-04-10 08:38:02 - [TEST_STEP][PASSED] - setText(findTestObject("1-OBJECTS TAREAS PRINCIPALES/Modulo Tarea Actos Administrativos/Elaboracion Acto Cambio de Empleado/input__form_actoIngresoj_idt10126j_idt1022"), "AAAAAA"): Text 'AAAAAA' is set on object 'Object Repository/1-OBJECTS TAREAS PRINCIPALES/Modulo Tarea Actos Administrativos/Elaboracion Acto Cambio de Empleado/input__form_actoIngresoj_idt10126j_idt1022'

2023-04-10 08:38:03 - [MESSAGE][PASSED] - Text 'AAAAAA' is set on object 'Object Repository/1-OBJECTS TAREAS PRINCIPALES/Modulo Tarea Actos Administrativos/Elaboracion Acto Cambio de Empleado/input__form_actoIngresoj_idt10126j_idt1022'

2023-04-10 08:38:03 - [TEST_STEP][PASSED] - waitForElementClickable(findTestObject("1-OBJECTS TAREAS PRINCIPALES/Modulo Tarea Actos Administrativos/Elaboracion Acto Cambio de Empleado/a__form_actoIngresoj_idt10127j_idt1042"), G_TimeOut): Object 'Object Repository/1-OBJECTS TAREAS PRINCIPALES/Modulo Tarea Actos Administrativos/Elaboracion Acto Cambio de Empleado/a__form_actoIngresoj_idt10127j_idt1042' is clickable

2023-04-10 08:38:04 - [MESSAGE][PASSED] - Object 'Object Repository/1-OBJECTS TAREAS PRINCIPALES/Modulo Tarea Actos Administrativos/Elaboracion Acto Cambio de Empleado/a__form_actoIngresoj_idt10127j_idt1042' is clickable

2023-04-10 08:38:04 - [TEST_STEP][PASSED] - click(findTestObject("1-OBJECTS TAREAS PRINCIPALES/Modulo Tarea Actos Administrativos/Elaboracion Acto Cambio de Empleado/a__form_actoIngresoj_idt10127j_idt1042")): Object: 'Object Repository/1-OBJECTS TAREAS PRINCIPALES/Modulo Tarea Actos Administrativos/Elaboracion Acto Cambio de Empleado/a__form_actoIngresoj_idt10127j_idt1042' is clicked on

2023-04-10 08:38:04 - [MESSAGE][PASSED] - Object: 'Object Repository/1-OBJECTS TAREAS PRINCIPALES/Modulo Tarea Actos Administrativos/Elaboracion Acto Cambio de Empleado/a__form_actoIngresoj_idt10127j_idt1042' is clicked on

2023-04-10 08:38:04 - [TEST_STEP][PASSED] - setText(findTestObject("1-OBJECTS TAREAS PRINCIPALES/Modulo Tarea Actos Administrativos/Elaboracion Acto Cambio de Empleado/input_Unidad_form_actoIngresoj_idt1334"), "1"): Text '1' is set on object 'Object Repository/1-OBJECTS TAREAS PRINCIPALES/Modulo Tarea Actos Administrativos/Elaboracion Acto Cambio de Empleado/input_Unidad_form_actoIngresoj_idt1334'

2023-04-10 08:38:05 - [MESSAGE][PASSED] - Text '1' is set on object 'Object Repository/1-OBJECTS TAREAS PRINCIPALES/Modulo Tarea Actos Administrativos/Elaboracion Acto Cambio de Empleado/input_Unidad_form_actoIngresoj_idt1334'

2023-04-10 08:38:05 - [TEST_STEP][PASSED] - sendKeys(findTestObject("1-OBJECTS TAREAS PRINCIPALES/Modulo Tarea Actos Administrativos/Elaboracion Acto Cambio de Empleado/input_Unidad_form_actoIngresoj_idt1334"), Keys.chord(ENTER)): Keys 'ENTER + ' sent to object: 'Object Repository/1-OBJECTS TAREAS PRINCIPALES/Modulo Tarea Actos Administrativos/Elaboracion Acto Cambio de Empleado/input_Unidad_form_actoIngresoj_idt1334'

2023-04-10 08:38:06 - [MESSAGE][PASSED] - Keys 'ENTER + ' sent to object: 'Object Repository/1-OBJECTS TAREAS PRINCIPALES/Modulo Tarea Actos Administrativos/Elaboracion Acto Cambio de Empleado/input_Unidad_form_actoIngresoj_idt1334'

2023-04-10 08:38:06 - [TEST_STEP][PASSED] - waitForElementClickable(findTestObject("1-OBJECTS TAREAS PRINCIPALES/Modulo Tarea Actos Administrativos/Elaboracion Acto Cambio de Empleado/span_ADMINISTRACION"), G_TimeOut): Object 'Object Repository/1-OBJECTS TAREAS PRINCIPALES/Modulo Tarea Actos Administrativos/Elaboracion Acto Cambio de Empleado/span_ADMINISTRACION' is clickable

2023-04-10 08:38:06 - [MESSAGE][PASSED] - Object 'Object Repository/1-OBJECTS TAREAS PRINCIPALES/Modulo Tarea Actos Administrativos/Elaboracion Acto Cambio de Empleado/span_ADMINISTRACION' is clickable

2023-04-10 08:38:06 - [TEST_STEP][PASSED] - click(findTestObject("1-OBJECTS TAREAS PRINCIPALES/Modulo Tarea Actos Administrativos/Elaboracion Acto Cambio de Empleado/span_ADMINISTRACION")): Object: 'Object Repository/1-OBJECTS TAREAS PRINCIPALES/Modulo Tarea Actos Administrativos/Elaboracion Acto Cambio de Empleado/span_ADMINISTRACION' is clicked on

2023-04-10 08:38:07 - [MESSAGE][PASSED] - Object: 'Object Repository/1-OBJECTS TAREAS PRINCIPALES/Modulo Tarea Actos Administrativos/Elaboracion Acto Cambio de Empleado/span_ADMINISTRACION' is clicked on

2023-04-10 08:38:07 - [TEST_STEP][PASSED] - waitForElementClickable(findTestObject("1-OBJECTS TAREAS PRINCIPALES/Modulo Tarea Actos Administrativos/Elaboracion Acto Cambio de Empleado/a__form_actoIngresoj_idt10128j_idt1042"), G_TimeOut): Object 'Object Repository/1-OBJECTS TAREAS PRINCIPALES/Modulo Tarea Actos Administrativos/Elaboracion Acto Cambio de Empleado/a__form_actoIngresoj_idt10128j_idt1042' is clickable

2023-04-10 08:38:07 - [MESSAGE][PASSED] - Object 'Object Repository/1-OBJECTS TAREAS PRINCIPALES/Modulo Tarea Actos Administrativos/Elaboracion Acto Cambio de Empleado/a__form_actoIngresoj_idt10128j_idt1042' is clickable

2023-04-10 08:38:07 - [TEST_STEP][PASSED] - click(findTestObject("1-OBJECTS TAREAS PRINCIPALES/Modulo Tarea Actos Administrativos/Elaboracion Acto Cambio de Empleado/a__form_actoIngresoj_idt10128j_idt1042")): Object: 'Object Repository/1-OBJECTS TAREAS PRINCIPALES/Modulo Tarea Actos Administrativos/Elaboracion Acto Cambio de Empleado/a__form_actoIngresoj_idt10128j_idt1042' is clicked on

2023-04-10 08:38:08 - [MESSAGE][PASSED] - Object: 'Object Repository/1-OBJECTS TAREAS PRINCIPALES/Modulo Tarea Actos Administrativos/Elaboracion Acto Cambio de Empleado/a__form_actoIngresoj_idt10128j_idt1042' is clicked on

2023-04-10 08:38:08 - [TEST_STEP][PASSED] - waitForElementClickable(findTestObject("1-OBJECTS TAREAS PRINCIPALES/Modulo Tarea Actos Administrativos/Elaboracion Acto Cambio de Empleado/span_ABOGADO"), 0): Object 'Object Repository/1-OBJECTS TAREAS PRINCIPALES/Modulo Tarea Actos Administrativos/Elaboracion Acto Cambio de Empleado/span_ABOGADO' is clickable

2023-04-10 08:38:08 - [MESSAGE][WARNING] - Timeout '0' is invalid. Using default page load timeout: '37'

2023-04-10 08:38:08 - [MESSAGE][PASSED] - Object 'Object Repository/1-OBJECTS TAREAS PRINCIPALES/Modulo Tarea Actos Administrativos/Elaboracion Acto Cambio de Empleado/span_ABOGADO' is clickable

2023-04-10 08:38:08 - [TEST_STEP][PASSED] - click(findTestObject("1-OBJECTS TAREAS PRINCIPALES/Modulo Tarea Actos Administrativos/Elaboracion Acto Cambio de Empleado/span_ABOGADO")): Object: 'Object Repository/1-OBJECTS TAREAS PRINCIPALES/Modulo Tarea Actos Administrativos/Elaboracion Acto Cambio de Empleado/span_ABOGADO' is clicked on

2023-04-10 08:38:09 - [MESSAGE][PASSED] - Object: 'Object Repository/1-OBJECTS TAREAS PRINCIPALES/Modulo Tarea Actos Administrativos/Elaboracion Acto Cambio de Empleado/span_ABOGADO' is clicked on

2023-04-10 08:38:09 - [TEST_STEP][PASSED] - setText(findTestObject("1-OBJECTS TAREAS PRINCIPALES/Modulo Tarea Actos Administrativos/Elaboracion Acto Cambio de Empleado/input_VALOR4_form_actoIngresoj_idt10129j_idt1028"), "3"): Text '3' is set on object 'Object Repository/1-OBJECTS TAREAS PRINCIPALES/Modulo Tarea Actos Administrativos/Elaboracion Acto Cambio de Empleado/input_VALOR4_form_actoIngresoj_idt10129j_idt1028'

2023-04-10 08:38:10 - [MESSAGE][PASSED] - Text '3' is set on object 'Object Repository/1-OBJECTS TAREAS PRINCIPALES/Modulo Tarea Actos Administrativos/Elaboracion Acto Cambio de Empleado/input_VALOR4_form_actoIngresoj_idt10129j_idt1028'

2023-04-10 08:38:10 - [TEST_STEP][PASSED] - waitForElementClickable(findTestObject("1-OBJECTS TAREAS PRINCIPALES/Modulo Tarea Actos Administrativos/Elaboracion Acto Cambio de Empleado/span_ENTIDAD DE SALUD"), G_TimeOut): Object 'Object Repository/1-OBJECTS TAREAS PRINCIPALES/Modulo Tarea Actos Administrativos/Elaboracion Acto Cambio de Empleado/span_ENTIDAD DE SALUD' is clickable

2023-04-10 08:38:10 - [MESSAGE][PASSED] - Object 'Object Repository/1-OBJECTS TAREAS PRINCIPALES/Modulo Tarea Actos Administrativos/Elaboracion Acto Cambio de Empleado/span_ENTIDAD DE SALUD' is clickable

2023-04-10 08:38:10 - [TEST_STEP][PASSED] - click(findTestObject("1-OBJECTS TAREAS PRINCIPALES/Modulo Tarea Actos Administrativos/Elaboracion Acto Cambio de Empleado/span_ENTIDAD DE SALUD")): Object: 'Object Repository/1-OBJECTS TAREAS PRINCIPALES/Modulo Tarea Actos Administrativos/Elaboracion Acto Cambio de Empleado/span_ENTIDAD DE SALUD' is clicked on

2023-04-10 08:38:11 - [MESSAGE][PASSED] - Object: 'Object Repository/1-OBJECTS TAREAS PRINCIPALES/Modulo Tarea Actos Administrativos/Elaboracion Acto Cambio de Empleado/span_ENTIDAD DE SALUD' is clicked on

2023-04-10 08:38:11 - [TEST_STEP][PASSED] - waitForElementClickable(findTestObject("1-OBJECTS TAREAS PRINCIPALES/Modulo Tarea Actos Administrativos/Elaboracion Acto Cambio de Empleado/span_Eps - Aliansalud Eps"), G_TimeOut): Object 'Object Repository/1-OBJECTS TAREAS PRINCIPALES/Modulo Tarea Actos Administrativos/Elaboracion Acto Cambio de Empleado/span_Eps - Aliansalud Eps' is clickable

2023-04-10 08:38:12 - [MESSAGE][PASSED] - Object 'Object Repository/1-OBJECTS TAREAS PRINCIPALES/Modulo Tarea Actos Administrativos/Elaboracion Acto Cambio de Empleado/span_Eps - Aliansalud Eps' is clickable

2023-04-10 08:38:12 - [TEST_STEP][PASSED] - click(findTestObject("1-OBJECTS TAREAS PRINCIPALES/Modulo Tarea Actos Administrativos/Elaboracion Acto Cambio de Empleado/span_Eps - Aliansalud Eps")): Object: 'Object Repository/1-OBJECTS TAREAS PRINCIPALES/Modulo Tarea Actos Administrativos/Elaboracion Acto Cambio de Empleado/span_Eps - Aliansalud Eps' is clicked on

2023-04-10 08:38:12 - [MESSAGE][PASSED] - Object: 'Object Repository/1-OBJECTS TAREAS PRINCIPALES/Modulo Tarea Actos Administrativos/Elaboracion Acto Cambio de Empleado/span_Eps - Aliansalud Eps' is clicked on

2023-04-10 08:38:12 - [TEST_STEP][PASSED] - waitForElementClickable(findTestObject("1-OBJECTS TAREAS PRINCIPALES/Modulo Tarea Actos Administrativos/Elaboracion Acto Cambio de Empleado/span_FONDO DE PENSIONES"), G_TimeOut): Object 'Object Repository/1-OBJECTS TAREAS PRINCIPALES/Modulo Tarea Actos Administrativos/Elaboracion Acto Cambio de Empleado/span_FONDO DE PENSIONES' is clickable

2023-04-10 08:38:13 - [MESSAGE][PASSED] - Object 'Object Repository/1-OBJECTS TAREAS PRINCIPALES/Modulo Tarea Actos Administrativos/Elaboracion Acto Cambio de Empleado/span_FONDO DE PENSIONES' is clickable

2023-04-10 08:38:13 - [TEST_STEP][PASSED] - click(findTestObject("1-OBJECTS TAREAS PRINCIPALES/Modulo Tarea Actos Administrativos/Elaboracion Acto Cambio de Empleado/span_FONDO DE PENSIONES")): Object: 'Object Repository/1-OBJECTS TAREAS PRINCIPALES/Modulo Tarea Actos Administrativos/Elaboracion Acto Cambio de Empleado/span_FONDO DE PENSIONES' is clicked on

2023-04-10 08:38:14 - [MESSAGE][PASSED] - Object: 'Object Repository/1-OBJECTS TAREAS PRINCIPALES/Modulo Tarea Actos Administrativos/Elaboracion Acto Cambio de Empleado/span_FONDO DE PENSIONES' is clicked on

2023-04-10 08:38:14 - [TEST_STEP][PASSED] - waitForElementClickable(findTestObject("1-OBJECTS TAREAS PRINCIPALES/Modulo Tarea Actos Administrativos/Elaboracion Acto Cambio de Empleado/span_Afp - Colfondos"), G_TimeOut): Object 'Object Repository/1-OBJECTS TAREAS PRINCIPALES/Modulo Tarea Actos Administrativos/Elaboracion Acto Cambio de Empleado/span_Afp - Colfondos' is clickable

2023-04-10 08:38:14 - [MESSAGE][PASSED] - Object 'Object Repository/1-OBJECTS TAREAS PRINCIPALES/Modulo Tarea Actos Administrativos/Elaboracion Acto Cambio de Empleado/span_Afp - Colfondos' is clickable

2023-04-10 08:38:14 - [TEST_STEP][PASSED] - click(findTestObject("1-OBJECTS TAREAS PRINCIPALES/Modulo Tarea Actos Administrativos/Elaboracion Acto Cambio de Empleado/span_Afp - Colfondos")): Object: 'Object Repository/1-OBJECTS TAREAS PRINCIPALES/Modulo Tarea Actos Administrativos/Elaboracion Acto Cambio de Empleado/span_Afp - Colfondos' is clicked on

2023-04-10 08:38:15 - [MESSAGE][PASSED] - Object: 'Object Repository/1-OBJECTS TAREAS PRINCIPALES/Modulo Tarea Actos Administrativos/Elaboracion Acto Cambio de Empleado/span_Afp - Colfondos' is clicked on

2023-04-10 08:38:15 - [TEST_STEP][PASSED] - waitForElementClickable(findTestObject("1-OBJECTS TAREAS PRINCIPALES/Modulo Tarea Actos Administrativos/Elaboracion Acto Cambio de Empleado/span_ASEG RIESGOS PROFESIONALES"), G_TimeOut): Object 'Object Repository/1-OBJECTS TAREAS PRINCIPALES/Modulo Tarea Actos Administrativos/Elaboracion Acto Cambio de Empleado/span_ASEG RIESGOS PROFESIONALES' is clickable

2023-04-10 08:38:15 - [MESSAGE][PASSED] - Object 'Object Repository/1-OBJECTS TAREAS PRINCIPALES/Modulo Tarea Actos Administrativos/Elaboracion Acto Cambio de Empleado/span_ASEG RIESGOS PROFESIONALES' is clickable

2023-04-10 08:38:15 - [TEST_STEP][PASSED] - click(findTestObject("1-OBJECTS TAREAS PRINCIPALES/Modulo Tarea Actos Administrativos/Elaboracion Acto Cambio de Empleado/span_ASEG RIESGOS PROFESIONALES")): Object: 'Object Repository/1-OBJECTS TAREAS PRINCIPALES/Modulo Tarea Actos Administrativos/Elaboracion Acto Cambio de Empleado/span_ASEG RIESGOS PROFESIONALES' is clicked on

2023-04-10 08:38:16 - [MESSAGE][PASSED] - Object: 'Object Repository/1-OBJECTS TAREAS PRINCIPALES/Modulo Tarea Actos Administrativos/Elaboracion Acto Cambio de Empleado/span_ASEG RIESGOS PROFESIONALES' is clicked on

2023-04-10 08:38:16 - [TEST_STEP][PASSED] - waitForElementClickable(findTestObject("1-OBJECTS TAREAS PRINCIPALES/Modulo Tarea Actos Administrativos/Elaboracion Acto Cambio de Empleado/span_Arl - Seguros Bolivar"), G_TimeOut): Object 'Object Repository/1-OBJECTS TAREAS PRINCIPALES/Modulo Tarea Actos Administrativos/Elaboracion Acto Cambio de Empleado/span_Arl - Seguros Bolivar' is clickable

2023-04-10 08:38:16 - [MESSAGE][PASSED] - Object 'Object Repository/1-OBJECTS TAREAS PRINCIPALES/Modulo Tarea Actos Administrativos/Elaboracion Acto Cambio de Empleado/span_Arl - Seguros Bolivar' is clickable

2023-04-10 08:38:16 - [TEST_STEP][PASSED] - click(findTestObject("1-OBJECTS TAREAS PRINCIPALES/Modulo Tarea Actos Administrativos/Elaboracion Acto Cambio de Empleado/span_Arl - Seguros Bolivar")): Object: 'Object Repository/1-OBJECTS TAREAS PRINCIPALES/Modulo Tarea Actos Administrativos/Elaboracion Acto Cambio de Empleado/span_Arl - Seguros Bolivar' is clicked on

2023-04-10 08:38:17 - [MESSAGE][PASSED] - Object: 'Object Repository/1-OBJECTS TAREAS PRINCIPALES/Modulo Tarea Actos Administrativos/Elaboracion Acto Cambio de Empleado/span_Arl - Seguros Bolivar' is clicked on

2023-04-10 08:38:17 - [TEST_STEP][PASSED] - waitForElementClickable(findTestObject("1-OBJECTS TAREAS PRINCIPALES/Modulo Tarea Actos Administrativos/Elaboracion Acto Cambio de Empleado/span_FONDO DE CESANTIAS"), G_TimeOut): Object 'Object Repository/1-OBJECTS TAREAS PRINCIPALES/Modulo Tarea Actos Administrativos/Elaboracion Acto Cambio de Empleado/span_FONDO DE CESANTIAS' is clickable

2023-04-10 08:38:18 - [MESSAGE][PASSED] - Object 'Object Repository/1-OBJECTS TAREAS PRINCIPALES/Modulo Tarea Actos Administrativos/Elaboracion Acto Cambio de Empleado/span_FONDO DE CESANTIAS' is clickable

2023-04-10 08:38:18 - [TEST_STEP][PASSED] - click(findTestObject("1-OBJECTS TAREAS PRINCIPALES/Modulo Tarea Actos Administrativos/Elaboracion Acto Cambio de Empleado/span_FONDO DE CESANTIAS")): Object: 'Object Repository/1-OBJECTS TAREAS PRINCIPALES/Modulo Tarea Actos Administrativos/Elaboracion Acto Cambio de Empleado/span_FONDO DE CESANTIAS' is clicked on

2023-04-10 08:38:18 - [MESSAGE][PASSED] - Object: 'Object Repository/1-OBJECTS TAREAS PRINCIPALES/Modulo Tarea Actos Administrativos/Elaboracion Acto Cambio de Empleado/span_FONDO DE CESANTIAS' is clicked on

2023-04-10 08:38:18 - [TEST_STEP][PASSED] - waitForElementClickable(findTestObject("1-OBJECTS TAREAS PRINCIPALES/Modulo Tarea Actos Administrativos/Elaboracion Acto Cambio de Empleado/span_Fc - Colfondos"), G_TimeOut): Object 'Object Repository/1-OBJECTS TAREAS PRINCIPALES/Modulo Tarea Actos Administrativos/Elaboracion Acto Cambio de Empleado/span_Fc - Colfondos' is clickable

2023-04-10 08:38:19 - [MESSAGE][PASSED] - Object 'Object Repository/1-OBJECTS TAREAS PRINCIPALES/Modulo Tarea Actos Administrativos/Elaboracion Acto Cambio de Empleado/span_Fc - Colfondos' is clickable

2023-04-10 08:38:19 - [TEST_STEP][PASSED] - click(findTestObject("1-OBJECTS TAREAS PRINCIPALES/Modulo Tarea Actos Administrativos/Elaboracion Acto Cambio de Empleado/span_Fc - Colfondos")): Object: 'Object Repository/1-OBJECTS TAREAS PRINCIPALES/Modulo Tarea Actos Administrativos/Elaboracion Acto Cambio de Empleado/span_Fc - Colfondos' is clicked on

2023-04-10 08:38:19 - [MESSAGE][PASSED] - Object: 'Object Repository/1-OBJECTS TAREAS PRINCIPALES/Modulo Tarea Actos Administrativos/Elaboracion Acto Cambio de Empleado/span_Fc - Colfondos' is clicked on

2023-04-10 08:38:19 - [TEST_STEP][PASSED] - click(findTestObject("1-OBJECTS TAREAS PRINCIPALES/Modulo Tarea Actos Administrativos/Elaboracion Acto Cambio de Empleado/span_PAGO DE NOMINA")): Object: 'Object Repository/1-OBJECTS TAREAS PRINCIPALES/Modulo Tarea Actos Administrativos/Elaboracion Acto Cambio de Empleado/span_PAGO DE NOMINA' is clicked on

2023-04-10 08:38:20 - [MESSAGE][PASSED] - Object: 'Object Repository/1-OBJECTS TAREAS PRINCIPALES/Modulo Tarea Actos Administrativos/Elaboracion Acto Cambio de Empleado/span_PAGO DE NOMINA' is clicked on

2023-04-10 08:38:20 - [TEST_STEP][PASSED] - click(findTestObject("1-OBJECTS TAREAS PRINCIPALES/Modulo Tarea Actos Administrativos/Elaboracion Acto Cambio de Empleado/a_Sucursal_entidadempleado_formtabj_idt1219")): Object: 'Object Repository/1-OBJECTS TAREAS PRINCIPALES/Modulo Tarea Actos Administrativos/Elaboracion Acto Cambio de Empleado/a_Sucursal_entidadempleado_formtabj_idt1219' is clicked on

2023-04-10 08:38:21 - [MESSAGE][PASSED] - Object: 'Object Repository/1-OBJECTS TAREAS PRINCIPALES/Modulo Tarea Actos Administrativos/Elaboracion Acto Cambio de Empleado/a_Sucursal_entidadempleado_formtabj_idt1219' is clicked on

2023-04-10 08:38:21 - [TEST_STEP][PASSED] - click(findTestObject("1-OBJECTS TAREAS PRINCIPALES/Modulo Tarea Actos Administrativos/Elaboracion Acto Cambio de Empleado/span_Ccf - Cafam")): Object: 'Object Repository/1-OBJECTS TAREAS PRINCIPALES/Modulo Tarea Actos Administrativos/Elaboracion Acto Cambio de Empleado/span_Ccf - Cafam' is clicked on

2023-04-10 08:38:22 - [MESSAGE][PASSED] - Object: 'Object Repository/1-OBJECTS TAREAS PRINCIPALES/Modulo Tarea Actos Administrativos/Elaboracion Acto Cambio de Empleado/span_Ccf - Cafam' is clicked on

2023-04-10 08:38:22 - [TEST_STEP][PASSED] - selectOptionByIndex(findTestObject("1-OBJECTS TAREAS PRINCIPALES/Modulo Tarea Actos Administrativos/Elaboracion Acto Cambio de Empleado/select_--Seleccione--003 Familia Popayan"), 2): All options with index in [2] are selected on object 'Object Repository/1-OBJECTS TAREAS PRINCIPALES/Modulo Tarea Actos Administrativos/Elaboracion Acto Cambio de Empleado/select_--Seleccione--003 Familia Popayan'

2023-04-10 08:38:23 - [MESSAGE][PASSED] - All options with index in [2] are selected on object 'Object Repository/1-OBJECTS TAREAS PRINCIPALES/Modulo Tarea Actos Administrativos/Elaboracion Acto Cambio de Empleado/select_--Seleccione--003 Familia Popayan'

2023-04-10 08:38:23 - [TEST_STEP][PASSED] - setText(findTestObject("1-OBJECTS TAREAS PRINCIPALES/Modulo Tarea Actos Administrativos/Elaboracion Acto Cambio de Empleado/input_Cuenta_entidadempleado_formtabtablaCampos0referencia"), "12345678910"): Text '12345678910' is set on object 'Object Repository/1-OBJECTS TAREAS PRINCIPALES/Modulo Tarea Actos Administrativos/Elaboracion Acto Cambio de Empleado/input_Cuenta_entidadempleado_formtabtablaCampos0referencia'

2023-04-10 08:38:24 - [MESSAGE][PASSED] - Text '12345678910' is set on object 'Object Repository/1-OBJECTS TAREAS PRINCIPALES/Modulo Tarea Actos Administrativos/Elaboracion Acto Cambio de Empleado/input_Cuenta_entidadempleado_formtabtablaCampos0referencia'

2023-04-10 08:38:24 - [TEST_STEP][PASSED] - setText(findTestObject("1-OBJECTS TAREAS PRINCIPALES/Modulo Tarea Actos Administrativos/Elaboracion Acto Cambio de Empleado/input_Bco Destino_entidadempleado_formtabtablaCampos1valor"), "5"): Text '5' is set on object 'Object Repository/1-OBJECTS TAREAS PRINCIPALES/Modulo Tarea Actos Administrativos/Elaboracion Acto Cambio de Empleado/input_Bco Destino_entidadempleado_formtabtablaCampos1valor'

2023-04-10 08:38:25 - [MESSAGE][PASSED] - Text '5' is set on object 'Object Repository/1-OBJECTS TAREAS PRINCIPALES/Modulo Tarea Actos Administrativos/Elaboracion Acto Cambio de Empleado/input_Bco Destino_entidadempleado_formtabtablaCampos1valor'

2023-04-10 08:38:25 - [TEST_STEP][PASSED] - setText(findTestObject("1-OBJECTS TAREAS PRINCIPALES/Modulo Tarea Actos Administrativos/Elaboracion Acto Cambio de Empleado/input_Tipo de cuenta_entidadempleado_formtabtablaCampos2sucReferencia"), "corriente"): Text 'corriente' is set on object 'Object Repository/1-OBJECTS TAREAS PRINCIPALES/Modulo Tarea Actos Administrativos/Elaboracion Acto Cambio de Empleado/input_Tipo de cuenta_entidadempleado_formtabtablaCampos2sucReferencia'

2023-04-10 08:38:26 - [MESSAGE][PASSED] - Text 'corriente' is set on object 'Object Repository/1-OBJECTS TAREAS PRINCIPALES/Modulo Tarea Actos Administrativos/Elaboracion Acto Cambio de Empleado/input_Tipo de cuenta_entidadempleado_formtabtablaCampos2sucReferencia'

2023-04-10 08:38:26 - [TEST_STEP][PASSED] - setText(findTestObject("1-OBJECTS TAREAS PRINCIPALES/Modulo Tarea Actos Administrativos/Elaboracion Acto Cambio de Empleado/input_Tipo Cuenta 1ahorro 2 corr_entidadempleado_formtabtablaCampos4tipo"), "1"): Text '1' is set on object 'Object Repository/1-OBJECTS TAREAS PRINCIPALES/Modulo Tarea Actos Administrativos/Elaboracion Acto Cambio de Empleado/input_Tipo Cuenta 1ahorro 2 corr_entidadempleado_formtabtablaCampos4tipo'

2023-04-10 08:38:26 - [MESSAGE][PASSED] - Text '1' is set on object 'Object Repository/1-OBJECTS TAREAS PRINCIPALES/Modulo Tarea Actos Administrativos/Elaboracion Acto Cambio de Empleado/input_Tipo Cuenta 1ahorro 2 corr_entidadempleado_formtabtablaCampos4tipo'

2023-04-10 08:38:26 - [TEST_STEP][PASSED] - click(findTestObject("1-OBJECTS TAREAS PRINCIPALES/Modulo Tarea Actos Administrativos/Elaboracion Acto Cambio de Empleado/a_Aplicar2")): Object: 'Object Repository/1-OBJECTS TAREAS PRINCIPALES/Modulo Tarea Actos Administrativos/Elaboracion Acto Cambio de Empleado/a_Aplicar2' is clicked on

2023-04-10 08:38:27 - [MESSAGE][PASSED] - Object: 'Object Repository/1-OBJECTS TAREAS PRINCIPALES/Modulo Tarea Actos Administrativos/Elaboracion Acto Cambio de Empleado/a_Aplicar2' is clicked on

2023-04-10 08:38:27 - [TEST_STEP][PASSED] - waitForElementClickable(findTestObject("1-OBJECTS TAREAS PRINCIPALES/Modulo Tarea Actos Administrativos/Elaboracion Acto Cambio de Empleado/span_CAJA DE COMPENSACION"), G_TimeOut): Object 'Object Repository/1-OBJECTS TAREAS PRINCIPALES/Modulo Tarea Actos Administrativos/Elaboracion Acto Cambio de Empleado/span_CAJA DE COMPENSACION' is clickable

2023-04-10 08:38:27 - [MESSAGE][PASSED] - Object 'Object Repository/1-OBJECTS TAREAS PRINCIPALES/Modulo Tarea Actos Administrativos/Elaboracion Acto Cambio de Empleado/span_CAJA DE COMPENSACION' is clickable

2023-04-10 08:38:27 - [TEST_STEP][PASSED] - click(findTestObject("1-OBJECTS TAREAS PRINCIPALES/Modulo Tarea Actos Administrativos/Elaboracion Acto Cambio de Empleado/span_CAJA DE COMPENSACION")): Object: 'Object Repository/1-OBJECTS TAREAS PRINCIPALES/Modulo Tarea Actos Administrativos/Elaboracion Acto Cambio de Empleado/span_CAJA DE COMPENSACION' is clicked on

2023-04-10 08:38:28 - [MESSAGE][PASSED] - Object: 'Object Repository/1-OBJECTS TAREAS PRINCIPALES/Modulo Tarea Actos Administrativos/Elaboracion Acto Cambio de Empleado/span_CAJA DE COMPENSACION' is clicked on

2023-04-10 08:38:28 - [TEST_STEP][PASSED] - waitForElementClickable(findTestObject("1-OBJECTS TAREAS PRINCIPALES/Modulo Tarea Actos Administrativos/Elaboracion Acto Cambio de Empleado/span_Ccf - Compensar"), G_TimeOut): Object 'Object Repository/1-OBJECTS TAREAS PRINCIPALES/Modulo Tarea Actos Administrativos/Elaboracion Acto Cambio de Empleado/span_Ccf - Compensar' is clickable

2023-04-10 08:38:29 - [MESSAGE][PASSED] - Object 'Object Repository/1-OBJECTS TAREAS PRINCIPALES/Modulo Tarea Actos Administrativos/Elaboracion Acto Cambio de Empleado/span_Ccf - Compensar' is clickable

2023-04-10 08:38:29 - [TEST_STEP][PASSED] - click(findTestObject("1-OBJECTS TAREAS PRINCIPALES/Modulo Tarea Actos Administrativos/Elaboracion Acto Cambio de Empleado/span_Ccf - Compensar")): Object: 'Object Repository/1-OBJECTS TAREAS PRINCIPALES/Modulo Tarea Actos Administrativos/Elaboracion Acto Cambio de Empleado/span_Ccf - Compensar' is clicked on

2023-04-10 08:38:29 - [MESSAGE][PASSED] - Object: 'Object Repository/1-OBJECTS TAREAS PRINCIPALES/Modulo Tarea Actos Administrativos/Elaboracion Acto Cambio de Empleado/span_Ccf - Compensar' is clicked on

2023-04-10 08:38:29 - [TEST_STEP][PASSED] - waitForElementClickable(findTestObject("1-OBJECTS TAREAS PRINCIPALES/Modulo Tarea Actos Administrativos/Elaboracion Acto Cambio de Empleado/a_Continuar"), G_TimeOut): Object 'Object Repository/1-OBJECTS TAREAS PRINCIPALES/Modulo Tarea Actos Administrativos/Elaboracion Acto Cambio de Empleado/a_Continuar' is clickable

2023-04-10 08:38:30 - [MESSAGE][PASSED] - Object 'Object Repository/1-OBJECTS TAREAS PRINCIPALES/Modulo Tarea Actos Administrativos/Elaboracion Acto Cambio de Empleado/a_Continuar' is clickable

2023-04-10 08:38:30 - [TEST_STEP][PASSED] - click(findTestObject("1-OBJECTS TAREAS PRINCIPALES/Modulo Tarea Actos Administrativos/Elaboracion Acto Cambio de Empleado/a_Continuar")): Object: 'Object Repository/1-OBJECTS TAREAS PRINCIPALES/Modulo Tarea Actos Administrativos/Elaboracion Acto Cambio de Empleado/a_Continuar' is clicked on

2023-04-10 08:38:30 - [MESSAGE][PASSED] - Object: 'Object Repository/1-OBJECTS TAREAS PRINCIPALES/Modulo Tarea Actos Administrativos/Elaboracion Acto Cambio de Empleado/a_Continuar' is clicked on

2023-04-10 08:38:30 - [TEST_STEP][PASSED] - waitForElementClickable(findTestObject("1-OBJECTS TAREAS PRINCIPALES/Modulo Tarea Actos Administrativos/Elaboracion Acto Cambio de Empleado/td_10247"), G_TimeOut): Object 'Object Repository/1-OBJECTS TAREAS PRINCIPALES/Modulo Tarea Actos Administrativos/Elaboracion Acto Cambio de Empleado/td_10247' is clickable

2023-04-10 08:38:31 - [MESSAGE][PASSED] - Object 'Object Repository/1-OBJECTS TAREAS PRINCIPALES/Modulo Tarea Actos Administrativos/Elaboracion Acto Cambio de Empleado/td_10247' is clickable

2023-04-10 08:38:31 - [TEST_STEP][PASSED] - click(findTestObject("1-OBJECTS TAREAS PRINCIPALES/Modulo Tarea Actos Administrativos/Elaboracion Acto Cambio de Empleado/td_10247")): Object: 'Object Repository/1-OBJECTS TAREAS PRINCIPALES/Modulo Tarea Actos Administrativos/Elaboracion Acto Cambio de Empleado/td_10247' is clicked on

2023-04-10 08:38:32 - [MESSAGE][PASSED] - Object: 'Object Repository/1-OBJECTS TAREAS PRINCIPALES/Modulo Tarea Actos Administrativos/Elaboracion Acto Cambio de Empleado/td_10247' is clicked on

2023-04-10 08:38:32 - [TEST_STEP][PASSED] - waitForElementClickable(findTestObject("1-OBJECTS TAREAS PRINCIPALES/Modulo Tarea Actos Administrativos/Elaboracion Acto Cambio de Empleado/a_Actualizar"), G_TimeOut): Object 'Object Repository/1-OBJECTS TAREAS PRINCIPALES/Modulo Tarea Actos Administrativos/Elaboracion Acto Cambio de Empleado/a_Actualizar' is clickable

2023-04-10 08:38:32 - [MESSAGE][PASSED] - Object 'Object Repository/1-OBJECTS TAREAS PRINCIPALES/Modulo Tarea Actos Administrativos/Elaboracion Acto Cambio de Empleado/a_Actualizar' is clickable

2023-04-10 08:38:32 - [TEST_STEP][PASSED] - click(findTestObject("1-OBJECTS TAREAS PRINCIPALES/Modulo Tarea Actos Administrativos/Elaboracion Acto Cambio de Empleado/a_Actualizar")): Object: 'Object Repository/1-OBJECTS TAREAS PRINCIPALES/Modulo Tarea Actos Administrativos/Elaboracion Acto Cambio de Empleado/a_Actualizar' is clicked on

2023-04-10 08:38:33 - [MESSAGE][PASSED] - Object: 'Object Repository/1-OBJECTS TAREAS PRINCIPALES/Modulo Tarea Actos Administrativos/Elaboracion Acto Cambio de Empleado/a_Actualizar' is clicked on

2023-04-10 08:38:33 - [TEST_STEP][PASSED] - selectOptionByValue(findTestObject("1-OBJECTS TAREAS PRINCIPALES/Modulo Tarea Actos Administrativos/Elaboracion Acto Cambio de Empleado/select_--- Seleccione Tipo de"), "2", true): All options with value '2' are selected in object 'Object Repository/1-OBJECTS TAREAS PRINCIPALES/Modulo Tarea Actos Administrativos/Elaboracion Acto Cambio de Empleado/select_--- Seleccione Tipo de'  using regular expression

2023-04-10 08:38:34 - [MESSAGE][PASSED] - All options with value '2' are selected in object 'Object Repository/1-OBJECTS TAREAS PRINCIPALES/Modulo Tarea Actos Administrativos/Elaboracion Acto Cambio de Empleado/select_--- Seleccione Tipo de'  using regular expression

2023-04-10 08:38:34 - [TEST_STEP][PASSED] - waitForElementClickable(findTestObject("1-OBJECTS TAREAS PRINCIPALES/Modulo Tarea Actos Administrativos/Elaboracion Acto Cambio de Empleado/a_Zona Econmica_form_actoIngresoj_idt11656j_idt1204"), G_TimeOut): Object 'Object Repository/1-OBJECTS TAREAS PRINCIPALES/Modulo Tarea Actos Administrativos/Elaboracion Acto Cambio de Empleado/a_Zona Econmica_form_actoIngresoj_idt11656j_idt1204' is clickable

2023-04-10 08:38:35 - [MESSAGE][PASSED] - Object 'Object Repository/1-OBJECTS TAREAS PRINCIPALES/Modulo Tarea Actos Administrativos/Elaboracion Acto Cambio de Empleado/a_Zona Econmica_form_actoIngresoj_idt11656j_idt1204' is clickable

2023-04-10 08:38:35 - [TEST_STEP][PASSED] - click(findTestObject("1-OBJECTS TAREAS PRINCIPALES/Modulo Tarea Actos Administrativos/Elaboracion Acto Cambio de Empleado/a_Zona Econmica_form_actoIngresoj_idt11656j_idt1204")): Object: 'Object Repository/1-OBJECTS TAREAS PRINCIPALES/Modulo Tarea Actos Administrativos/Elaboracion Acto Cambio de Empleado/a_Zona Econmica_form_actoIngresoj_idt11656j_idt1204' is clicked on

2023-04-10 08:38:35 - [MESSAGE][PASSED] - Object: 'Object Repository/1-OBJECTS TAREAS PRINCIPALES/Modulo Tarea Actos Administrativos/Elaboracion Acto Cambio de Empleado/a_Zona Econmica_form_actoIngresoj_idt11656j_idt1204' is clicked on

2023-04-10 08:38:35 - [TEST_STEP][PASSED] - waitForElementClickable(findTestObject("1-OBJECTS TAREAS PRINCIPALES/Modulo Tarea Actos Administrativos/Elaboracion Acto Cambio de Empleado/span_B1"), G_TimeOut): Object 'Object Repository/1-OBJECTS TAREAS PRINCIPALES/Modulo Tarea Actos Administrativos/Elaboracion Acto Cambio de Empleado/span_B1' is clickable

2023-04-10 08:38:36 - [MESSAGE][PASSED] - Object 'Object Repository/1-OBJECTS TAREAS PRINCIPALES/Modulo Tarea Actos Administrativos/Elaboracion Acto Cambio de Empleado/span_B1' is clickable

2023-04-10 08:38:36 - [TEST_STEP][PASSED] - click(findTestObject("1-OBJECTS TAREAS PRINCIPALES/Modulo Tarea Actos Administrativos/Elaboracion Acto Cambio de Empleado/span_B1")): Object: 'Object Repository/1-OBJECTS TAREAS PRINCIPALES/Modulo Tarea Actos Administrativos/Elaboracion Acto Cambio de Empleado/span_B1' is clicked on

2023-04-10 08:38:36 - [MESSAGE][PASSED] - Object: 'Object Repository/1-OBJECTS TAREAS PRINCIPALES/Modulo Tarea Actos Administrativos/Elaboracion Acto Cambio de Empleado/span_B1' is clicked on

2023-04-10 08:38:36 - [TEST_STEP][PASSED] - selectOptionByIndex(findTestObject("1-OBJECTS TAREAS PRINCIPALES/Modulo Tarea Actos Administrativos/Elaboracion Acto Cambio de Empleado/select_clasificacion"), "3"): All options with index in [3] are selected on object 'Object Repository/1-OBJECTS TAREAS PRINCIPALES/Modulo Tarea Actos Administrativos/Elaboracion Acto Cambio de Empleado/select_clasificacion'

2023-04-10 08:38:38 - [MESSAGE][PASSED] - All options with index in [3] are selected on object 'Object Repository/1-OBJECTS TAREAS PRINCIPALES/Modulo Tarea Actos Administrativos/Elaboracion Acto Cambio de Empleado/select_clasificacion'

2023-04-10 08:38:38 - [TEST_STEP][PASSED] - waitForElementClickable(findTestObject("1-OBJECTS TAREAS PRINCIPALES/Modulo Tarea Actos Administrativos/Elaboracion Acto Cambio de Empleado/a_Continuar (1)"), G_TimeOut): Object 'Object Repository/1-OBJECTS TAREAS PRINCIPALES/Modulo Tarea Actos Administrativos/Elaboracion Acto Cambio de Empleado/a_Continuar (1)' is clickable

2023-04-10 08:38:38 - [MESSAGE][PASSED] - Object 'Object Repository/1-OBJECTS TAREAS PRINCIPALES/Modulo Tarea Actos Administrativos/Elaboracion Acto Cambio de Empleado/a_Continuar (1)' is clickable

2023-04-10 08:38:38 - [TEST_STEP][PASSED] - click(findTestObject("1-OBJECTS TAREAS PRINCIPALES/Modulo Tarea Actos Administrativos/Elaboracion Acto Cambio de Empleado/a_Continuar (1)")): Object: 'Object Repository/1-OBJECTS TAREAS PRINCIPALES/Modulo Tarea Actos Administrativos/Elaboracion Acto Cambio de Empleado/a_Continuar (1)' is clicked on

2023-04-10 08:38:39 - [MESSAGE][PASSED] - Object: 'Object Repository/1-OBJECTS TAREAS PRINCIPALES/Modulo Tarea Actos Administrativos/Elaboracion Acto Cambio de Empleado/a_Continuar (1)' is clicked on

2023-04-10 08:38:39 - [TEST_STEP][PASSED] - waitForElementClickable(findTestObject("1-OBJECTS TAREAS PRINCIPALES/Modulo Tarea Actos Administrativos/Elaboracion Acto Cambio de Empleado/a_Descargar pdf"), G_TimeOut): Object 'Object Repository/1-OBJECTS TAREAS PRINCIPALES/Modulo Tarea Actos Administrativos/Elaboracion Acto Cambio de Empleado/a_Descargar pdf' is clickable

2023-04-10 08:38:40 - [MESSAGE][PASSED] - Object 'Object Repository/1-OBJECTS TAREAS PRINCIPALES/Modulo Tarea Actos Administrativos/Elaboracion Acto Cambio de Empleado/a_Descargar pdf' is clickable

2023-04-10 08:38:40 - [TEST_STEP][PASSED] - waitForElementClickable(findTestObject("1-OBJECTS TAREAS PRINCIPALES/Modulo Tarea Actos Administrativos/Elaboracion Acto Cambio de Empleado/a_Aplicar"), G_TimeOut): Object 'Object Repository/1-OBJECTS TAREAS PRINCIPALES/Modulo Tarea Actos Administrativos/Elaboracion Acto Cambio de Empleado/a_Aplicar' is clickable

2023-04-10 08:38:41 - [MESSAGE][PASSED] - Object 'Object Repository/1-OBJECTS TAREAS PRINCIPALES/Modulo Tarea Actos Administrativos/Elaboracion Acto Cambio de Empleado/a_Aplicar' is clickable

2023-04-10 08:38:41 - [TEST_STEP][PASSED] - click(findTestObject("1-OBJECTS TAREAS PRINCIPALES/Modulo Tarea Actos Administrativos/Elaboracion Acto Cambio de Empleado/a_Aplicar")): Object: 'Object Repository/1-OBJECTS TAREAS PRINCIPALES/Modulo Tarea Actos Administrativos/Elaboracion Acto Cambio de Empleado/a_Aplicar' is clicked on

2023-04-10 08:38:41 - [MESSAGE][PASSED] - Object: 'Object Repository/1-OBJECTS TAREAS PRINCIPALES/Modulo Tarea Actos Administrativos/Elaboracion Acto Cambio de Empleado/a_Aplicar' is clicked on

2023-04-10 08:38:41 - [TEST_STEP][PASSED] - click(findTestObject("1-OBJECTS TAREAS PRINCIPALES/Modulo Tarea Actos Administrativos/Elaboracion Acto Cambio de Empleado/a_Aceptar")): Object: 'Object Repository/1-OBJECTS TAREAS PRINCIPALES/Modulo Tarea Actos Administrativos/Elaboracion Acto Cambio de Empleado/a_Aceptar' is clicked on

2023-04-10 08:38:42 - [MESSAGE][PASSED] - Object: 'Object Repository/1-OBJECTS TAREAS PRINCIPALES/Modulo Tarea Actos Administrativos/Elaboracion Acto Cambio de Empleado/a_Aceptar' is clicked on

2023-04-10 08:38:42 - [TEST_STEP][PASSED] - callTestCase(findTestCase("Utilidades-(atajos_para _tareas)/Tareas Actos Administrativos/Legalizar"), [:], STOP_ON_FAILURE): Call Test Case 'Test Cases/Utilidades-(atajos_para _tareas)/Tareas Actos Administrativos/Legalizar' successfully

2023-04-10 08:38:42 - [TEST_CASE][PASSED] - Test Cases/Utilidades-(atajos_para _tareas)/Tareas Actos Administrativos/Legalizar: Test Cases/Utilidades-(atajos_para _tareas)/Tareas Actos Administrativos/Legalizar

2023-04-10 08:38:42 - [TEST_STEP][PASSED] - actualizar(): null

2023-04-10 08:38:42 - [TEST_STEP][PASSED] - robot = new java.awt.Robot(): null

2023-04-10 08:38:42 - [TEST_STEP][PASSED] - robot.keyPress(VK_CONTROL): null

2023-04-10 08:38:42 - [TEST_STEP][PASSED] - robot.keyPress(VK_SHIFT): null

2023-04-10 08:38:42 - [TEST_STEP][PASSED] - robot.keyRelease(VK_R): null

2023-04-10 08:38:42 - [TEST_STEP][PASSED] - click(findTestObject("3-OBJECTS UTILIDADES/Legalizar/span_Acto cambio del Empleado")): Object: 'Object Repository/3-OBJECTS UTILIDADES/Legalizar/span_Acto cambio del Empleado' is clicked on

2023-04-10 08:38:43 - [MESSAGE][PASSED] - Object: 'Object Repository/3-OBJECTS UTILIDADES/Legalizar/span_Acto cambio del Empleado' is clicked on

2023-04-10 08:38:43 - [TEST_STEP][PASSED] - text1 = getText(findTestObject("3-OBJECTS UTILIDADES/Legalizar/span_Elaborar")): Text of object 'Object Repository/3-OBJECTS UTILIDADES/Legalizar/span_Elaborar' is: 'Elaborar'

2023-04-10 08:38:43 - [MESSAGE][PASSED] - Text of object 'Object Repository/3-OBJECTS UTILIDADES/Legalizar/span_Elaborar' is: 'Elaborar'

2023-04-10 08:38:43 - [TEST_STEP][PASSED] - text2 = getText(findTestObject("3-OBJECTS UTILIDADES/Legalizar/span_Eliminar")): Text of object 'Object Repository/3-OBJECTS UTILIDADES/Legalizar/span_Eliminar' is: 'Eliminar'

2023-04-10 08:38:44 - [MESSAGE][PASSED] - Text of object 'Object Repository/3-OBJECTS UTILIDADES/Legalizar/span_Eliminar' is: 'Eliminar'

2023-04-10 08:38:44 - [TEST_STEP][PASSED] - text3 = getText(findTestObject("3-OBJECTS UTILIDADES/Legalizar/span_Legalizar")): Text of object 'Object Repository/3-OBJECTS UTILIDADES/Legalizar/span_Legalizar' is: 'Legalizar'

2023-04-10 08:38:44 - [MESSAGE][PASSED] - Text of object 'Object Repository/3-OBJECTS UTILIDADES/Legalizar/span_Legalizar' is: 'Legalizar'

2023-04-10 08:38:44 - [TEST_STEP][PASSED] - text4 = getText(findTestObject("3-OBJECTS UTILIDADES/Legalizar/span_Modificar")): Text of object 'Object Repository/3-OBJECTS UTILIDADES/Legalizar/span_Modificar' is: 'Modificar'

2023-04-10 08:38:44 - [MESSAGE][PASSED] - Text of object 'Object Repository/3-OBJECTS UTILIDADES/Legalizar/span_Modificar' is: 'Modificar'

2023-04-10 08:38:44 - [TEST_STEP][PASSED] - if (text1 == "Legalizar"): null

2023-04-10 08:38:44 - [TEST_STEP][PASSED] - else if (text2 == "Legalizar"): null

2023-04-10 08:38:44 - [TEST_STEP][PASSED] - else if (text3 == "Legalizar"): Object: 'Object Repository/3-OBJECTS UTILIDADES/Legalizar/a_ico3' is clicked on

2023-04-10 08:38:44 - [TEST_STEP][PASSED] - click(findTestObject("3-OBJECTS UTILIDADES/Legalizar/a_ico3")): Object: 'Object Repository/3-OBJECTS UTILIDADES/Legalizar/a_ico3' is clicked on

2023-04-10 08:38:45 - [MESSAGE][PASSED] - Object: 'Object Repository/3-OBJECTS UTILIDADES/Legalizar/a_ico3' is clicked on

2023-04-10 08:38:45 - [TEST_STEP][PASSED] - setText(findTestObject("3-OBJECTS UTILIDADES/Legalizar/input_Filtrar por Actos Administrativos_form_ActosAdministrativostabla_principal_actosj_idt115filter"), "Ingreso Definitivo Indefinido Salario Basico"): Text 'Ingreso Definitivo Indefinido Salario Basico' is set on object 'Object Repository/3-OBJECTS UTILIDADES/Legalizar/input_Filtrar por Actos Administrativos_form_ActosAdministrativostabla_principal_actosj_idt115filter'

2023-04-10 08:38:46 - [MESSAGE][PASSED] - Text 'Ingreso Definitivo Indefinido Salario Basico' is set on object 'Object Repository/3-OBJECTS UTILIDADES/Legalizar/input_Filtrar por Actos Administrativos_form_ActosAdministrativostabla_principal_actosj_idt115filter'

2023-04-10 08:38:46 - [TEST_STEP][PASSED] - sendKeys(findTestObject("3-OBJECTS UTILIDADES/Legalizar/input_Filtrar por Actos Administrativos_form_ActosAdministrativostabla_principal_actosj_idt115filter"), Keys.chord(ENTER)): Keys 'ENTER + ' sent to object: 'Object Repository/3-OBJECTS UTILIDADES/Legalizar/input_Filtrar por Actos Administrativos_form_ActosAdministrativostabla_principal_actosj_idt115filter'

2023-04-10 08:38:46 - [MESSAGE][PASSED] - Keys 'ENTER + ' sent to object: 'Object Repository/3-OBJECTS UTILIDADES/Legalizar/input_Filtrar por Actos Administrativos_form_ActosAdministrativostabla_principal_actosj_idt115filter'

2023-04-10 08:38:46 - [TEST_STEP][PASSED] - while (waitForElementVisible(findTestObject("3-OBJECTS UTILIDADES/Legalizar/td_Ingreso Definitivo Indefinido Salario Basico"), 2)): null

2023-04-10 08:38:47 - [MESSAGE][PASSED] - Object 'Object Repository/3-OBJECTS UTILIDADES/Legalizar/td_Ingreso Definitivo Indefinido Salario Basico' is visible

2023-04-10 08:38:47 - [TEST_STEP][PASSED] - click(findTestObject("3-OBJECTS UTILIDADES/Legalizar/td_Ingreso Definitivo Indefinido Salario Basico")): Object: 'Object Repository/3-OBJECTS UTILIDADES/Legalizar/td_Ingreso Definitivo Indefinido Salario Basico' is clicked on

2023-04-10 08:38:47 - [MESSAGE][PASSED] - Object: 'Object Repository/3-OBJECTS UTILIDADES/Legalizar/td_Ingreso Definitivo Indefinido Salario Basico' is clicked on

2023-04-10 08:38:47 - [TEST_STEP][PASSED] - click(findTestObject("3-OBJECTS UTILIDADES/Legalizar/a_Continuar")): Object: 'Object Repository/3-OBJECTS UTILIDADES/Legalizar/a_Continuar' is clicked on

2023-04-10 08:38:48 - [MESSAGE][PASSED] - Object: 'Object Repository/3-OBJECTS UTILIDADES/Legalizar/a_Continuar' is clicked on

2023-04-10 08:38:48 - [TEST_STEP][PASSED] - click(findTestObject("3-OBJECTS UTILIDADES/Legalizar/a_Aplicar")): Object: 'Object Repository/3-OBJECTS UTILIDADES/Legalizar/a_Aplicar' is clicked on

2023-04-10 08:38:49 - [MESSAGE][PASSED] - Object: 'Object Repository/3-OBJECTS UTILIDADES/Legalizar/a_Aplicar' is clicked on

2023-04-10 08:38:49 - [TEST_STEP][PASSED] - if (waitForElementVisible(findTestObject("3-OBJECTS UTILIDADES/Alerta/Alerta"), 1)): Web element with id: 'Object Repository/3-OBJECTS UTILIDADES/Alerta/Alerta' located by '
//*[@id="growl_container"]/div/div/div[2]/p' not found

2023-04-10 08:38:52 - [MESSAGE][INFO] - Unable to find the element located by 'By.xpath: 
//*[@id="growl_container"]/div/div/div[2]/p'. Please recheck the objects properties to make sure the desired element is located. 

2023-04-10 08:38:52 - [MESSAGE][WARNING] - Web element with id: 'Object Repository/3-OBJECTS UTILIDADES/Alerta/Alerta' located by '
//*[@id="growl_container"]/div/div/div[2]/p' not found

2023-04-10 08:38:52 - [TEST_STEP][PASSED] - if (waitForElementVisible(findTestObject("3-OBJECTS UTILIDADES/Legalizar/a_Cancelar"), 1)): null

2023-04-10 08:38:52 - [MESSAGE][PASSED] - Object 'Object Repository/3-OBJECTS UTILIDADES/Legalizar/a_Cancelar' is visible

2023-04-10 08:38:52 - [TEST_STEP][PASSED] - click(findTestObject("3-OBJECTS UTILIDADES/Legalizar/a_Cancelar")): Object: 'Object Repository/3-OBJECTS UTILIDADES/Legalizar/a_Cancelar' is clicked on

2023-04-10 08:38:52 - [MESSAGE][PASSED] - Object: 'Object Repository/3-OBJECTS UTILIDADES/Legalizar/a_Cancelar' is clicked on

2023-04-10 08:38:52 - [TEST_STEP][PASSED] - setText(findTestObject("3-OBJECTS UTILIDADES/Legalizar/input_Filtrar por Actos Administrativos_form_ActosAdministrativostabla_principal_actosj_idt115filter"), "Ingreso Definitivo Indefinido Salario Basico"): Text 'Ingreso Definitivo Indefinido Salario Basico' is set on object 'Object Repository/3-OBJECTS UTILIDADES/Legalizar/input_Filtrar por Actos Administrativos_form_ActosAdministrativostabla_principal_actosj_idt115filter'

2023-04-10 08:38:54 - [MESSAGE][PASSED] - Text 'Ingreso Definitivo Indefinido Salario Basico' is set on object 'Object Repository/3-OBJECTS UTILIDADES/Legalizar/input_Filtrar por Actos Administrativos_form_ActosAdministrativostabla_principal_actosj_idt115filter'

2023-04-10 08:38:54 - [TEST_STEP][PASSED] - sendKeys(findTestObject("3-OBJECTS UTILIDADES/Legalizar/input_Filtrar por Actos Administrativos_form_ActosAdministrativostabla_principal_actosj_idt115filter"), Keys.chord(ENTER)): Keys 'ENTER + ' sent to object: 'Object Repository/3-OBJECTS UTILIDADES/Legalizar/input_Filtrar por Actos Administrativos_form_ActosAdministrativostabla_principal_actosj_idt115filter'

2023-04-10 08:38:54 - [MESSAGE][PASSED] - Keys 'ENTER + ' sent to object: 'Object Repository/3-OBJECTS UTILIDADES/Legalizar/input_Filtrar por Actos Administrativos_form_ActosAdministrativostabla_principal_actosj_idt115filter'

2023-04-10 08:38:54 - [TEST_STEP][PASSED] - while (waitForElementVisible(findTestObject("3-OBJECTS UTILIDADES/Legalizar/td_Ingreso Definitivo Indefinido Salario Basico"), 1)): Web element with id: 'Object Repository/3-OBJECTS UTILIDADES/Legalizar/td_Ingreso Definitivo Indefinido Salario Basico' located by '//*/text()[normalize-space(.)='Ingreso Definitivo Indefinido Salario Basico']/parent::*' not found

2023-04-10 08:38:56 - [MESSAGE][INFO] - Unable to find the element located by 'By.xpath: //*/text()[normalize-space(.)='Ingreso Definitivo Indefinido Salario Basico']/parent::*'. Please recheck the objects properties to make sure the desired element is located. 

2023-04-10 08:38:56 - [MESSAGE][WARNING] - Web element with id: 'Object Repository/3-OBJECTS UTILIDADES/Legalizar/td_Ingreso Definitivo Indefinido Salario Basico' located by '//*/text()[normalize-space(.)='Ingreso Definitivo Indefinido Salario Basico']/parent::*' not found

2023-04-10 08:38:56 - [TEST_STEP][PASSED] - if (waitForElementVisible(findTestObject("3-OBJECTS UTILIDADES/Legalizar/a_Cancelar"), 2)): Web element with id: 'Object Repository/3-OBJECTS UTILIDADES/Legalizar/td_Ingreso Definitivo Indefinido Salario Basico' located by '//*/text()[normalize-space(.)='Ingreso Definitivo Indefinido Salario Basico']/parent::*' not found

2023-04-10 08:38:59 - [MESSAGE][INFO] - Unable to find the element located by 'By.xpath: //a[contains(text(),'Cancelar')]'. Please recheck the objects properties to make sure the desired element is located. 

2023-04-10 08:38:59 - [MESSAGE][WARNING] - Web element with id: 'Object Repository/3-OBJECTS UTILIDADES/Legalizar/a_Cancelar' located by '//a[contains(text(),'Cancelar')]' not found

2023-04-10 08:39:03 - [MESSAGE][INFO] - Unable to find the element located by 'By.xpath: //*/text()[normalize-space(.)='Ingreso Definitivo Indefinido Salario Basico']/parent::*'. Please recheck the objects properties to make sure the desired element is located. 

2023-04-10 08:39:03 - [MESSAGE][WARNING] - Web element with id: 'Object Repository/3-OBJECTS UTILIDADES/Legalizar/td_Ingreso Definitivo Indefinido Salario Basico' located by '//*/text()[normalize-space(.)='Ingreso Definitivo Indefinido Salario Basico']/parent::*' not found

2023-04-10 08:39:03 - [MESSAGE][PASSED] - Call Test Case 'Test Cases/Utilidades-(atajos_para _tareas)/Tareas Actos Administrativos/Legalizar' successfully

2023-04-10 08:39:03 - [TEST_STEP][PASSED] - elaborar(): null

2023-04-10 08:39:03 - [TEST_STEP][PASSED] - text1 = getText(findTestObject("1-OBJECTS TAREAS PRINCIPALES/Modulo Tarea Actos Administrativos/Elaboracion Acto Cambio de Empleado/text1")): Text of object 'Object Repository/1-OBJECTS TAREAS PRINCIPALES/Modulo Tarea Actos Administrativos/Elaboracion Acto Cambio de Empleado/text1' is: 'Elaborar'

2023-04-10 08:39:03 - [MESSAGE][PASSED] - Text of object 'Object Repository/1-OBJECTS TAREAS PRINCIPALES/Modulo Tarea Actos Administrativos/Elaboracion Acto Cambio de Empleado/text1' is: 'Elaborar'

2023-04-10 08:39:03 - [TEST_STEP][PASSED] - text2 = getText(findTestObject("1-OBJECTS TAREAS PRINCIPALES/Modulo Tarea Actos Administrativos/Elaboracion Acto Cambio de Empleado/text2")): Text of object 'Object Repository/1-OBJECTS TAREAS PRINCIPALES/Modulo Tarea Actos Administrativos/Elaboracion Acto Cambio de Empleado/text2' is: 'Eliminar'

2023-04-10 08:39:03 - [MESSAGE][PASSED] - Text of object 'Object Repository/1-OBJECTS TAREAS PRINCIPALES/Modulo Tarea Actos Administrativos/Elaboracion Acto Cambio de Empleado/text2' is: 'Eliminar'

2023-04-10 08:39:03 - [TEST_STEP][PASSED] - text3 = getText(findTestObject("1-OBJECTS TAREAS PRINCIPALES/Modulo Tarea Actos Administrativos/Elaboracion Acto Cambio de Empleado/text3")): Text of object 'Object Repository/1-OBJECTS TAREAS PRINCIPALES/Modulo Tarea Actos Administrativos/Elaboracion Acto Cambio de Empleado/text3' is: 'Legalizar'

2023-04-10 08:39:04 - [MESSAGE][PASSED] - Text of object 'Object Repository/1-OBJECTS TAREAS PRINCIPALES/Modulo Tarea Actos Administrativos/Elaboracion Acto Cambio de Empleado/text3' is: 'Legalizar'

2023-04-10 08:39:04 - [TEST_STEP][PASSED] - text4 = getText(findTestObject("1-OBJECTS TAREAS PRINCIPALES/Modulo Tarea Actos Administrativos/Elaboracion Acto Cambio de Empleado/text4")): Text of object 'Object Repository/1-OBJECTS TAREAS PRINCIPALES/Modulo Tarea Actos Administrativos/Elaboracion Acto Cambio de Empleado/text4' is: 'Modificar'

2023-04-10 08:39:04 - [MESSAGE][PASSED] - Text of object 'Object Repository/1-OBJECTS TAREAS PRINCIPALES/Modulo Tarea Actos Administrativos/Elaboracion Acto Cambio de Empleado/text4' is: 'Modificar'

2023-04-10 08:39:04 - [TEST_STEP][PASSED] - if (text1 == "Elaborar"): Browser is closed

2023-04-10 08:39:04 - [TEST_STEP][PASSED] - click(findTestObject("1-OBJECTS TAREAS PRINCIPALES/Modulo Tarea Actos Administrativos/Elaboracion Acto Cambio de Empleado/icono1")): Object: 'Object Repository/1-OBJECTS TAREAS PRINCIPALES/Modulo Tarea Actos Administrativos/Elaboracion Acto Cambio de Empleado/icono1' is clicked on

2023-04-10 08:39:05 - [MESSAGE][PASSED] - Object: 'Object Repository/1-OBJECTS TAREAS PRINCIPALES/Modulo Tarea Actos Administrativos/Elaboracion Acto Cambio de Empleado/icono1' is clicked on

2023-04-10 08:39:05 - [TEST_STEP][PASSED] - click(findTestObject("1-OBJECTS TAREAS PRINCIPALES/Modulo Tarea Actos Administrativos/Elaboracion Acto Cambio de Empleado/span_Nomina")): Object: 'Object Repository/1-OBJECTS TAREAS PRINCIPALES/Modulo Tarea Actos Administrativos/Elaboracion Acto Cambio de Empleado/span_Nomina' is clicked on

2023-04-10 08:39:05 - [MESSAGE][PASSED] - Object: 'Object Repository/1-OBJECTS TAREAS PRINCIPALES/Modulo Tarea Actos Administrativos/Elaboracion Acto Cambio de Empleado/span_Nomina' is clicked on

2023-04-10 08:39:05 - [TEST_STEP][PASSED] - click(findTestObject("1-OBJECTS TAREAS PRINCIPALES/Modulo Tarea Actos Administrativos/Elaboracion Acto Cambio de Empleado/span_ingreso definitivo indefinido salario basico ANTIGUO")): Object: 'Object Repository/1-OBJECTS TAREAS PRINCIPALES/Modulo Tarea Actos Administrativos/Elaboracion Acto Cambio de Empleado/span_ingreso definitivo indefinido salario basico ANTIGUO' is clicked on

2023-04-10 08:39:06 - [MESSAGE][PASSED] - Object: 'Object Repository/1-OBJECTS TAREAS PRINCIPALES/Modulo Tarea Actos Administrativos/Elaboracion Acto Cambio de Empleado/span_ingreso definitivo indefinido salario basico ANTIGUO' is clicked on

2023-04-10 08:39:06 - [TEST_STEP][PASSED] - if (waitForElementVisible(findTestObject("1-OBJECTS TAREAS PRINCIPALES/Modulo Tarea Actos Administrativos/Elaboracion Acto Cambio de Empleado/a_Continuar3"), 1)): Web element with id: 'Object Repository/1-OBJECTS TAREAS PRINCIPALES/Modulo Tarea Actos Administrativos/Elaboracion Acto Cambio de Empleado/a_Continuar3' located by '//a[contains(text(),'Continuar')]' not found

2023-04-10 08:39:08 - [MESSAGE][INFO] - Unable to find the element located by 'By.xpath: //a[contains(text(),'Continuar')]'. Please recheck the objects properties to make sure the desired element is located. 

2023-04-10 08:39:08 - [MESSAGE][WARNING] - Web element with id: 'Object Repository/1-OBJECTS TAREAS PRINCIPALES/Modulo Tarea Actos Administrativos/Elaboracion Acto Cambio de Empleado/a_Continuar3' located by '//a[contains(text(),'Continuar')]' not found

2023-04-10 08:39:08 - [TEST_STEP][PASSED] - click(findTestObject("1-OBJECTS TAREAS PRINCIPALES/Modulo Tarea Actos Administrativos/Elaboracion Acto Cambio de Empleado/a_Elaboracin_form_popupSeleccionDerogarj_idt144")): Object: 'Object Repository/1-OBJECTS TAREAS PRINCIPALES/Modulo Tarea Actos Administrativos/Elaboracion Acto Cambio de Empleado/a_Elaboracin_form_popupSeleccionDerogarj_idt144' is clicked on

2023-04-10 08:39:08 - [MESSAGE][PASSED] - Object: 'Object Repository/1-OBJECTS TAREAS PRINCIPALES/Modulo Tarea Actos Administrativos/Elaboracion Acto Cambio de Empleado/a_Elaboracin_form_popupSeleccionDerogarj_idt144' is clicked on

2023-04-10 08:39:08 - [TEST_STEP][PASSED] - click(findTestObject("1-OBJECTS TAREAS PRINCIPALES/Modulo Tarea Actos Administrativos/Elaboracion Acto Cambio de Empleado/a_Identificacin_form_popupSeleccionarDerogarIngresoj_idt154")): Object: 'Object Repository/1-OBJECTS TAREAS PRINCIPALES/Modulo Tarea Actos Administrativos/Elaboracion Acto Cambio de Empleado/a_Identificacin_form_popupSeleccionarDerogarIngresoj_idt154' is clicked on

2023-04-10 08:39:09 - [MESSAGE][PASSED] - Object: 'Object Repository/1-OBJECTS TAREAS PRINCIPALES/Modulo Tarea Actos Administrativos/Elaboracion Acto Cambio de Empleado/a_Identificacin_form_popupSeleccionarDerogarIngresoj_idt154' is clicked on

2023-04-10 08:39:09 - [TEST_STEP][PASSED] - setText(findTestObject("1-OBJECTS TAREAS PRINCIPALES/Modulo Tarea Actos Administrativos/Elaboracion Acto Cambio de Empleado/input_Filtro Hoja de Vida_formPopupHojaVidaj_idt1421"), identificacion0): Text '6958026' is set on object 'Object Repository/1-OBJECTS TAREAS PRINCIPALES/Modulo Tarea Actos Administrativos/Elaboracion Acto Cambio de Empleado/input_Filtro Hoja de Vida_formPopupHojaVidaj_idt1421'

2023-04-10 08:39:10 - [MESSAGE][PASSED] - Text '6958026' is set on object 'Object Repository/1-OBJECTS TAREAS PRINCIPALES/Modulo Tarea Actos Administrativos/Elaboracion Acto Cambio de Empleado/input_Filtro Hoja de Vida_formPopupHojaVidaj_idt1421'

2023-04-10 08:39:10 - [TEST_STEP][PASSED] - sendKeys(findTestObject("1-OBJECTS TAREAS PRINCIPALES/Modulo Tarea Actos Administrativos/Elaboracion Acto Cambio de Empleado/input_Filtro Hoja de Vida_formPopupHojaVidaj_idt1421"), Keys.chord(ENTER)): Keys 'ENTER + ' sent to object: 'Object Repository/1-OBJECTS TAREAS PRINCIPALES/Modulo Tarea Actos Administrativos/Elaboracion Acto Cambio de Empleado/input_Filtro Hoja de Vida_formPopupHojaVidaj_idt1421'

2023-04-10 08:39:11 - [MESSAGE][PASSED] - Keys 'ENTER + ' sent to object: 'Object Repository/1-OBJECTS TAREAS PRINCIPALES/Modulo Tarea Actos Administrativos/Elaboracion Acto Cambio de Empleado/input_Filtro Hoja de Vida_formPopupHojaVidaj_idt1421'

2023-04-10 08:39:11 - [TEST_STEP][PASSED] - click(findTestObject("1-OBJECTS TAREAS PRINCIPALES/Modulo Tarea Actos Administrativos/Elaboracion Acto Cambio de Empleado/span_Pruebas_automaticas  Empleado6520781")): Object: 'Object Repository/1-OBJECTS TAREAS PRINCIPALES/Modulo Tarea Actos Administrativos/Elaboracion Acto Cambio de Empleado/span_Pruebas_automaticas  Empleado6520781' is clicked on

2023-04-10 08:39:12 - [MESSAGE][PASSED] - Object: 'Object Repository/1-OBJECTS TAREAS PRINCIPALES/Modulo Tarea Actos Administrativos/Elaboracion Acto Cambio de Empleado/span_Pruebas_automaticas  Empleado6520781' is clicked on

2023-04-10 08:39:12 - [TEST_STEP][PASSED] - click(findTestObject("1-OBJECTS TAREAS PRINCIPALES/Modulo Tarea Actos Administrativos/Elaboracion Acto Cambio de Empleado/td_Ingreso Definitivo Indefinido Salario Basico")): Object: 'Object Repository/1-OBJECTS TAREAS PRINCIPALES/Modulo Tarea Actos Administrativos/Elaboracion Acto Cambio de Empleado/td_Ingreso Definitivo Indefinido Salario Basico' is clicked on

2023-04-10 08:39:13 - [MESSAGE][PASSED] - Object: 'Object Repository/1-OBJECTS TAREAS PRINCIPALES/Modulo Tarea Actos Administrativos/Elaboracion Acto Cambio de Empleado/td_Ingreso Definitivo Indefinido Salario Basico' is clicked on

2023-04-10 08:39:13 - [TEST_STEP][PASSED] - if (waitForElementVisible(findTestObject("1-OBJECTS TAREAS PRINCIPALES/Modulo Tarea Actos Administrativos/Elaboracion Acto Cambio de Empleado/td_No se encontr registros"), 1)): Web element with id: 'Object Repository/1-OBJECTS TAREAS PRINCIPALES/Modulo Tarea Actos Administrativos/Elaboracion Acto Cambio de Empleado/td_No se encontr registros' located by '//td[(text() = 'No se encontró registros' or . = 'No se encontró registros')]' not found

2023-04-10 08:39:15 - [MESSAGE][INFO] - Unable to find the element located by 'By.xpath: //td[(text() = 'No se encontró registros' or . = 'No se encontró registros')]'. Please recheck the objects properties to make sure the desired element is located. 

2023-04-10 08:39:15 - [MESSAGE][WARNING] - Web element with id: 'Object Repository/1-OBJECTS TAREAS PRINCIPALES/Modulo Tarea Actos Administrativos/Elaboracion Acto Cambio de Empleado/td_No se encontr registros' located by '//td[(text() = 'No se encontró registros' or . = 'No se encontró registros')]' not found

2023-04-10 08:39:15 - [TEST_STEP][PASSED] - else: Browser is closed

2023-04-10 08:39:15 - [TEST_STEP][PASSED] - doubleClick(findTestObject("1-OBJECTS TAREAS PRINCIPALES/Modulo Tarea Actos Administrativos/Elaboracion Acto Cambio de Empleado/a_Continuar3")): Object: 'Object Repository/1-OBJECTS TAREAS PRINCIPALES/Modulo Tarea Actos Administrativos/Elaboracion Acto Cambio de Empleado/a_Continuar3' is double clicked on

2023-04-10 08:39:16 - [MESSAGE][PASSED] - Object: 'Object Repository/1-OBJECTS TAREAS PRINCIPALES/Modulo Tarea Actos Administrativos/Elaboracion Acto Cambio de Empleado/a_Continuar3' is double clicked on

2023-04-10 08:39:16 - [TEST_STEP][PASSED] - click(findTestObject("1-OBJECTS TAREAS PRINCIPALES/Modulo Tarea Actos Administrativos/Elaboracion Acto Cambio de Empleado/a_Aplicar4")): Object: 'Object Repository/1-OBJECTS TAREAS PRINCIPALES/Modulo Tarea Actos Administrativos/Elaboracion Acto Cambio de Empleado/a_Aplicar4' is clicked on

2023-04-10 08:39:18 - [MESSAGE][PASSED] - Object: 'Object Repository/1-OBJECTS TAREAS PRINCIPALES/Modulo Tarea Actos Administrativos/Elaboracion Acto Cambio de Empleado/a_Aplicar4' is clicked on

2023-04-10 08:39:18 - [TEST_STEP][PASSED] - click(findTestObject("1-OBJECTS TAREAS PRINCIPALES/Modulo Tarea Actos Administrativos/Elaboracion Acto Cambio de Empleado/p_EL SISTEMA HA GENERADO EL ACTO ADMINISTRATIVO CORRECTAMENTE")): Object: 'Object Repository/1-OBJECTS TAREAS PRINCIPALES/Modulo Tarea Actos Administrativos/Elaboracion Acto Cambio de Empleado/p_EL SISTEMA HA GENERADO EL ACTO ADMINISTRATIVO CORRECTAMENTE' is clicked on

2023-04-10 08:39:19 - [MESSAGE][PASSED] - Object: 'Object Repository/1-OBJECTS TAREAS PRINCIPALES/Modulo Tarea Actos Administrativos/Elaboracion Acto Cambio de Empleado/p_EL SISTEMA HA GENERADO EL ACTO ADMINISTRATIVO CORRECTAMENTE' is clicked on

2023-04-10 08:39:19 - [TEST_STEP][PASSED] - Alerta = getText(findTestObject("3-OBJECTS UTILIDADES/Alerta/Alerta")): Text of object 'Object Repository/3-OBJECTS UTILIDADES/Alerta/Alerta' is: 'EL SISTEMA HA GENERADO EL ACTO ADMINISTRATIVO CORRECTAMENTE'

2023-04-10 08:39:19 - [MESSAGE][PASSED] - Text of object 'Object Repository/3-OBJECTS UTILIDADES/Alerta/Alerta' is: 'EL SISTEMA HA GENERADO EL ACTO ADMINISTRATIVO CORRECTAMENTE'

2023-04-10 08:39:19 - [TEST_STEP][PASSED] - if (Alerta == "EL SISTEMA HA GENERADO EL ACTO ADMINISTRATIVO CORRECTAMENTE"): Browser is closed

2023-04-10 08:39:19 - [TEST_STEP][PASSED] - callTestCase(findTestCase("Utilidades-(atajos_para _tareas)/Tareas Actos Administrativos/Legalizar"), [:], STOP_ON_FAILURE): Call Test Case 'Test Cases/Utilidades-(atajos_para _tareas)/Tareas Actos Administrativos/Legalizar' successfully

2023-04-10 08:39:19 - [TEST_CASE][PASSED] - Test Cases/Utilidades-(atajos_para _tareas)/Tareas Actos Administrativos/Legalizar: Test Cases/Utilidades-(atajos_para _tareas)/Tareas Actos Administrativos/Legalizar

2023-04-10 08:39:19 - [TEST_STEP][PASSED] - actualizar(): null

2023-04-10 08:39:19 - [TEST_STEP][PASSED] - robot = new java.awt.Robot(): null

2023-04-10 08:39:19 - [TEST_STEP][PASSED] - robot.keyPress(VK_CONTROL): null

2023-04-10 08:39:19 - [TEST_STEP][PASSED] - robot.keyPress(VK_SHIFT): null

2023-04-10 08:39:19 - [TEST_STEP][PASSED] - robot.keyRelease(VK_R): null

2023-04-10 08:39:19 - [TEST_STEP][PASSED] - click(findTestObject("3-OBJECTS UTILIDADES/Legalizar/span_Acto cambio del Empleado")): Object: 'Object Repository/3-OBJECTS UTILIDADES/Legalizar/span_Acto cambio del Empleado' is clicked on

2023-04-10 08:39:20 - [MESSAGE][PASSED] - Object: 'Object Repository/3-OBJECTS UTILIDADES/Legalizar/span_Acto cambio del Empleado' is clicked on

2023-04-10 08:39:20 - [TEST_STEP][PASSED] - text1 = getText(findTestObject("3-OBJECTS UTILIDADES/Legalizar/span_Elaborar")): Text of object 'Object Repository/3-OBJECTS UTILIDADES/Legalizar/span_Elaborar' is: 'Elaborar'

2023-04-10 08:39:20 - [MESSAGE][PASSED] - Text of object 'Object Repository/3-OBJECTS UTILIDADES/Legalizar/span_Elaborar' is: 'Elaborar'

2023-04-10 08:39:20 - [TEST_STEP][PASSED] - text2 = getText(findTestObject("3-OBJECTS UTILIDADES/Legalizar/span_Eliminar")): Text of object 'Object Repository/3-OBJECTS UTILIDADES/Legalizar/span_Eliminar' is: 'Eliminar'

2023-04-10 08:39:20 - [MESSAGE][PASSED] - Text of object 'Object Repository/3-OBJECTS UTILIDADES/Legalizar/span_Eliminar' is: 'Eliminar'

2023-04-10 08:39:20 - [TEST_STEP][PASSED] - text3 = getText(findTestObject("3-OBJECTS UTILIDADES/Legalizar/span_Legalizar")): Text of object 'Object Repository/3-OBJECTS UTILIDADES/Legalizar/span_Legalizar' is: 'Legalizar'

2023-04-10 08:39:21 - [MESSAGE][PASSED] - Text of object 'Object Repository/3-OBJECTS UTILIDADES/Legalizar/span_Legalizar' is: 'Legalizar'

2023-04-10 08:39:21 - [TEST_STEP][PASSED] - text4 = getText(findTestObject("3-OBJECTS UTILIDADES/Legalizar/span_Modificar")): Text of object 'Object Repository/3-OBJECTS UTILIDADES/Legalizar/span_Modificar' is: 'Modificar'

2023-04-10 08:39:21 - [MESSAGE][PASSED] - Text of object 'Object Repository/3-OBJECTS UTILIDADES/Legalizar/span_Modificar' is: 'Modificar'

2023-04-10 08:39:21 - [TEST_STEP][PASSED] - if (text1 == "Legalizar"): null

2023-04-10 08:39:21 - [TEST_STEP][PASSED] - else if (text2 == "Legalizar"): null

2023-04-10 08:39:21 - [TEST_STEP][PASSED] - else if (text3 == "Legalizar"): Object: 'Object Repository/3-OBJECTS UTILIDADES/Legalizar/a_ico3' is clicked on

2023-04-10 08:39:21 - [TEST_STEP][PASSED] - click(findTestObject("3-OBJECTS UTILIDADES/Legalizar/a_ico3")): Object: 'Object Repository/3-OBJECTS UTILIDADES/Legalizar/a_ico3' is clicked on

2023-04-10 08:39:22 - [MESSAGE][PASSED] - Object: 'Object Repository/3-OBJECTS UTILIDADES/Legalizar/a_ico3' is clicked on

2023-04-10 08:39:22 - [TEST_STEP][PASSED] - setText(findTestObject("3-OBJECTS UTILIDADES/Legalizar/input_Filtrar por Actos Administrativos_form_ActosAdministrativostabla_principal_actosj_idt115filter"), "Ingreso Definitivo Indefinido Salario Basico"): Text 'Ingreso Definitivo Indefinido Salario Basico' is set on object 'Object Repository/3-OBJECTS UTILIDADES/Legalizar/input_Filtrar por Actos Administrativos_form_ActosAdministrativostabla_principal_actosj_idt115filter'

2023-04-10 08:39:23 - [MESSAGE][PASSED] - Text 'Ingreso Definitivo Indefinido Salario Basico' is set on object 'Object Repository/3-OBJECTS UTILIDADES/Legalizar/input_Filtrar por Actos Administrativos_form_ActosAdministrativostabla_principal_actosj_idt115filter'

2023-04-10 08:39:23 - [TEST_STEP][PASSED] - sendKeys(findTestObject("3-OBJECTS UTILIDADES/Legalizar/input_Filtrar por Actos Administrativos_form_ActosAdministrativostabla_principal_actosj_idt115filter"), Keys.chord(ENTER)): Keys 'ENTER + ' sent to object: 'Object Repository/3-OBJECTS UTILIDADES/Legalizar/input_Filtrar por Actos Administrativos_form_ActosAdministrativostabla_principal_actosj_idt115filter'

2023-04-10 08:39:23 - [MESSAGE][PASSED] - Keys 'ENTER + ' sent to object: 'Object Repository/3-OBJECTS UTILIDADES/Legalizar/input_Filtrar por Actos Administrativos_form_ActosAdministrativostabla_principal_actosj_idt115filter'

2023-04-10 08:39:23 - [TEST_STEP][PASSED] - while (waitForElementVisible(findTestObject("3-OBJECTS UTILIDADES/Legalizar/td_Ingreso Definitivo Indefinido Salario Basico"), 2)): null

2023-04-10 08:39:24 - [MESSAGE][PASSED] - Object 'Object Repository/3-OBJECTS UTILIDADES/Legalizar/td_Ingreso Definitivo Indefinido Salario Basico' is visible

2023-04-10 08:39:24 - [TEST_STEP][PASSED] - click(findTestObject("3-OBJECTS UTILIDADES/Legalizar/td_Ingreso Definitivo Indefinido Salario Basico")): Object: 'Object Repository/3-OBJECTS UTILIDADES/Legalizar/td_Ingreso Definitivo Indefinido Salario Basico' is clicked on

2023-04-10 08:39:25 - [MESSAGE][PASSED] - Object: 'Object Repository/3-OBJECTS UTILIDADES/Legalizar/td_Ingreso Definitivo Indefinido Salario Basico' is clicked on

2023-04-10 08:39:25 - [TEST_STEP][PASSED] - click(findTestObject("3-OBJECTS UTILIDADES/Legalizar/a_Continuar")): Object: 'Object Repository/3-OBJECTS UTILIDADES/Legalizar/a_Continuar' is clicked on

2023-04-10 08:39:25 - [MESSAGE][PASSED] - Object: 'Object Repository/3-OBJECTS UTILIDADES/Legalizar/a_Continuar' is clicked on

2023-04-10 08:39:25 - [TEST_STEP][PASSED] - click(findTestObject("3-OBJECTS UTILIDADES/Legalizar/a_Aplicar")): Object: 'Object Repository/3-OBJECTS UTILIDADES/Legalizar/a_Aplicar' is clicked on

2023-04-10 08:39:26 - [MESSAGE][PASSED] - Object: 'Object Repository/3-OBJECTS UTILIDADES/Legalizar/a_Aplicar' is clicked on

2023-04-10 08:39:26 - [TEST_STEP][PASSED] - if (waitForElementVisible(findTestObject("3-OBJECTS UTILIDADES/Alerta/Alerta"), 1)): null

2023-04-10 08:39:46 - [MESSAGE][PASSED] - Object 'Object Repository/3-OBJECTS UTILIDADES/Alerta/Alerta' is visible

2023-04-10 08:39:46 - [TEST_STEP][PASSED] - puesto = getText(findTestObject("3-OBJECTS UTILIDADES/Alerta/Alerta")): Text of object 'Object Repository/3-OBJECTS UTILIDADES/Alerta/Alerta' is: 'EL SISTEMA HA GENERADO EL ACTO ADMINISTRATIVO CORRECTAMENTE'

2023-04-10 08:39:46 - [MESSAGE][PASSED] - Text of object 'Object Repository/3-OBJECTS UTILIDADES/Alerta/Alerta' is: 'EL SISTEMA HA GENERADO EL ACTO ADMINISTRATIVO CORRECTAMENTE'

2023-04-10 08:39:46 - [TEST_STEP][PASSED] - contador = puesto.length(): null

2023-04-10 08:39:46 - [TEST_STEP][PASSED] - TokenCount = Integer.parseInt(contador): null

2023-04-10 08:39:46 - [TEST_STEP][PASSED] - TokenCount1 = Integer.parseInt(TokenCount): null

2023-04-10 08:39:46 - [TEST_STEP][PASSED] - out.println(TokenCount1): null

2023-04-10 08:39:46 - [TEST_STEP][PASSED] - subPuesto = "": null

2023-04-10 08:39:46 - [TEST_STEP][PASSED] - if (puesto == "EL SISTEMA HA GENERADO EL ACTO ADMINISTRATIVO CORRECTAMENTE"): null

2023-04-10 08:39:46 - [TEST_STEP][PASSED] - if (puesto != "EL SISTEMA HA GENERADO EL ACTO ADMINISTRATIVO CORRECTAMENTE"): null

2023-04-10 08:39:46 - [TEST_STEP][PASSED] - setText(findTestObject("3-OBJECTS UTILIDADES/Legalizar/input_Empresa 1_form_templatej_idt24_input"), "Actos Administrativos"): Text 'Actos Administrativos' is set on object 'Object Repository/3-OBJECTS UTILIDADES/Legalizar/input_Empresa 1_form_templatej_idt24_input'

2023-04-10 08:39:47 - [MESSAGE][PASSED] - Text 'Actos Administrativos' is set on object 'Object Repository/3-OBJECTS UTILIDADES/Legalizar/input_Empresa 1_form_templatej_idt24_input'

2023-04-10 08:39:47 - [TEST_STEP][PASSED] - click(findTestObject("3-OBJECTS UTILIDADES/Legalizar/li_Planta Personal (tal)")): Object: 'Object Repository/3-OBJECTS UTILIDADES/Legalizar/li_Planta Personal (tal)' is clicked on

2023-04-10 08:39:49 - [MESSAGE][PASSED] - Object: 'Object Repository/3-OBJECTS UTILIDADES/Legalizar/li_Planta Personal (tal)' is clicked on

2023-04-10 08:39:49 - [TEST_STEP][PASSED] - click(findTestObject("3-OBJECTS UTILIDADES/Legalizar/span_Acto cambio del Empleado")): Object: 'Object Repository/3-OBJECTS UTILIDADES/Legalizar/span_Acto cambio del Empleado' is clicked on

2023-04-10 08:39:49 - [MESSAGE][PASSED] - Object: 'Object Repository/3-OBJECTS UTILIDADES/Legalizar/span_Acto cambio del Empleado' is clicked on

2023-04-10 08:39:49 - [TEST_STEP][PASSED] - text5 = getText(findTestObject("3-OBJECTS UTILIDADES/Legalizar/span_Elaborar")): Text of object 'Object Repository/3-OBJECTS UTILIDADES/Legalizar/span_Elaborar' is: 'Elaborar'

2023-04-10 08:39:50 - [MESSAGE][PASSED] - Text of object 'Object Repository/3-OBJECTS UTILIDADES/Legalizar/span_Elaborar' is: 'Elaborar'

2023-04-10 08:39:50 - [TEST_STEP][PASSED] - text6 = getText(findTestObject("3-OBJECTS UTILIDADES/Legalizar/span_Eliminar")): Text of object 'Object Repository/3-OBJECTS UTILIDADES/Legalizar/span_Eliminar' is: 'Eliminar'

2023-04-10 08:39:51 - [MESSAGE][PASSED] - Text of object 'Object Repository/3-OBJECTS UTILIDADES/Legalizar/span_Eliminar' is: 'Eliminar'

2023-04-10 08:39:51 - [TEST_STEP][PASSED] - text7 = getText(findTestObject("3-OBJECTS UTILIDADES/Legalizar/span_Legalizar")): Text of object 'Object Repository/3-OBJECTS UTILIDADES/Legalizar/span_Legalizar' is: 'Legalizar'

2023-04-10 08:39:51 - [MESSAGE][PASSED] - Text of object 'Object Repository/3-OBJECTS UTILIDADES/Legalizar/span_Legalizar' is: 'Legalizar'

2023-04-10 08:39:51 - [TEST_STEP][PASSED] - text8 = getText(findTestObject("3-OBJECTS UTILIDADES/Legalizar/span_Modificar")): Text of object 'Object Repository/3-OBJECTS UTILIDADES/Legalizar/span_Modificar' is: 'Modificar'

2023-04-10 08:39:51 - [MESSAGE][PASSED] - Text of object 'Object Repository/3-OBJECTS UTILIDADES/Legalizar/span_Modificar' is: 'Modificar'

2023-04-10 08:39:51 - [TEST_STEP][PASSED] - if (text5 == "Legalizar"): null

2023-04-10 08:39:51 - [TEST_STEP][PASSED] - else if (text6 == "Legalizar"): null

2023-04-10 08:39:51 - [TEST_STEP][PASSED] - else if (text7 == "Legalizar"): Object: 'Object Repository/3-OBJECTS UTILIDADES/Legalizar/a_ico3' is clicked on

2023-04-10 08:39:51 - [TEST_STEP][PASSED] - click(findTestObject("3-OBJECTS UTILIDADES/Legalizar/a_ico3")): Object: 'Object Repository/3-OBJECTS UTILIDADES/Legalizar/a_ico3' is clicked on

2023-04-10 08:39:52 - [MESSAGE][PASSED] - Object: 'Object Repository/3-OBJECTS UTILIDADES/Legalizar/a_ico3' is clicked on

2023-04-10 08:39:52 - [TEST_STEP][PASSED] - if (waitForElementVisible(findTestObject("3-OBJECTS UTILIDADES/Legalizar/a_Cancelar"), 1)): Web element with id: 'Object Repository/3-OBJECTS UTILIDADES/Legalizar/a_Cancelar' located by '//a[contains(text(),'Cancelar')]' not found

2023-04-10 08:39:54 - [MESSAGE][INFO] - Unable to find the element located by 'By.xpath: //a[contains(text(),'Cancelar')]'. Please recheck the objects properties to make sure the desired element is located. 

2023-04-10 08:39:54 - [MESSAGE][WARNING] - Web element with id: 'Object Repository/3-OBJECTS UTILIDADES/Legalizar/a_Cancelar' located by '//a[contains(text(),'Cancelar')]' not found

2023-04-10 08:39:54 - [TEST_STEP][PASSED] - setText(findTestObject("3-OBJECTS UTILIDADES/Legalizar/input_Filtrar por Actos Administrativos_form_ActosAdministrativostabla_principal_actosj_idt115filter"), "Ingreso Definitivo Indefinido Salario Basico"): Text 'Ingreso Definitivo Indefinido Salario Basico' is set on object 'Object Repository/3-OBJECTS UTILIDADES/Legalizar/input_Filtrar por Actos Administrativos_form_ActosAdministrativostabla_principal_actosj_idt115filter'

2023-04-10 08:39:55 - [MESSAGE][PASSED] - Text 'Ingreso Definitivo Indefinido Salario Basico' is set on object 'Object Repository/3-OBJECTS UTILIDADES/Legalizar/input_Filtrar por Actos Administrativos_form_ActosAdministrativostabla_principal_actosj_idt115filter'

2023-04-10 08:39:55 - [TEST_STEP][PASSED] - sendKeys(findTestObject("3-OBJECTS UTILIDADES/Legalizar/input_Filtrar por Actos Administrativos_form_ActosAdministrativostabla_principal_actosj_idt115filter"), Keys.chord(ENTER)): Keys 'ENTER + ' sent to object: 'Object Repository/3-OBJECTS UTILIDADES/Legalizar/input_Filtrar por Actos Administrativos_form_ActosAdministrativostabla_principal_actosj_idt115filter'

2023-04-10 08:39:55 - [MESSAGE][PASSED] - Keys 'ENTER + ' sent to object: 'Object Repository/3-OBJECTS UTILIDADES/Legalizar/input_Filtrar por Actos Administrativos_form_ActosAdministrativostabla_principal_actosj_idt115filter'

2023-04-10 08:39:55 - [TEST_STEP][PASSED] - while (waitForElementVisible(findTestObject("3-OBJECTS UTILIDADES/Legalizar/td_Ingreso Definitivo Indefinido Salario Basico"), 1)): Web element with id: 'Object Repository/3-OBJECTS UTILIDADES/Legalizar/td_Ingreso Definitivo Indefinido Salario Basico' located by '//*/text()[normalize-space(.)='Ingreso Definitivo Indefinido Salario Basico']/parent::*' not found

2023-04-10 08:39:57 - [MESSAGE][INFO] - Unable to find the element located by 'By.xpath: //*/text()[normalize-space(.)='Ingreso Definitivo Indefinido Salario Basico']/parent::*'. Please recheck the objects properties to make sure the desired element is located. 

2023-04-10 08:39:57 - [MESSAGE][WARNING] - Web element with id: 'Object Repository/3-OBJECTS UTILIDADES/Legalizar/td_Ingreso Definitivo Indefinido Salario Basico' located by '//*/text()[normalize-space(.)='Ingreso Definitivo Indefinido Salario Basico']/parent::*' not found

2023-04-10 08:39:57 - [TEST_STEP][PASSED] - if (waitForElementVisible(findTestObject("3-OBJECTS UTILIDADES/Legalizar/a_Cancelar"), 2)): Web element with id: 'Object Repository/3-OBJECTS UTILIDADES/Legalizar/td_Ingreso Definitivo Indefinido Salario Basico' located by '//*/text()[normalize-space(.)='Ingreso Definitivo Indefinido Salario Basico']/parent::*' not found

2023-04-10 08:40:01 - [MESSAGE][INFO] - Unable to find the element located by 'By.xpath: //a[contains(text(),'Cancelar')]'. Please recheck the objects properties to make sure the desired element is located. 

2023-04-10 08:40:01 - [MESSAGE][WARNING] - Web element with id: 'Object Repository/3-OBJECTS UTILIDADES/Legalizar/a_Cancelar' located by '//a[contains(text(),'Cancelar')]' not found

2023-04-10 08:40:04 - [MESSAGE][INFO] - Unable to find the element located by 'By.xpath: //*/text()[normalize-space(.)='Ingreso Definitivo Indefinido Salario Basico']/parent::*'. Please recheck the objects properties to make sure the desired element is located. 

2023-04-10 08:40:04 - [MESSAGE][WARNING] - Web element with id: 'Object Repository/3-OBJECTS UTILIDADES/Legalizar/td_Ingreso Definitivo Indefinido Salario Basico' located by '//*/text()[normalize-space(.)='Ingreso Definitivo Indefinido Salario Basico']/parent::*' not found

2023-04-10 08:40:04 - [MESSAGE][PASSED] - Call Test Case 'Test Cases/Utilidades-(atajos_para _tareas)/Tareas Actos Administrativos/Legalizar' successfully

2023-04-10 08:40:04 - [TEST_STEP][PASSED] - closeBrowser(): Browser is closed

2023-04-10 08:40:05 - [MESSAGE][PASSED] - Browser is closed]]></system-out>
         <system-err><![CDATA[]]></system-err>
      </testcase>
      <testcase name="Test Cases/1.1-Tareas Principales/1.1.4-Crear Periodos Internos de cada Nomina" time="23.046" classname="Test Cases/1.1-Tareas Principales/1.1.4-Crear Periodos Internos de cada Nomina" status="PASSED">
         <system-out><![CDATA[2023-04-10 08:40:05 - [TEST_CASE][PASSED] - Test Cases/1.1-Tareas Principales/1.1.4-Crear Periodos Internos de cada Nomina: Test Cases/1.1-Tareas Principales/1.1.4-Crear Periodos Internos de cada Nomina

2023-04-10 08:40:05 - [TEST_STEP][PASSED] - callTestCase(findTestCase("0.1-Login"), [:], STOP_ON_FAILURE): Call Test Case 'Test Cases/0.1-Login' successfully

2023-04-10 08:40:05 - [TEST_CASE][PASSED] - Test Cases/0.1-Login: Test Cases/0.1-Login

2023-04-10 08:40:05 - [TEST_STEP][PASSED] - openBrowser(""): Browser is opened with url: ''

2023-04-10 08:40:05 - [MESSAGE][INFO] - Starting 'Chrome' driver

2023-04-10 08:40:05 - [MESSAGE][INFO] - Action delay is set to 0 milliseconds

2023-04-10 08:40:07 - [MESSAGE][PASSED] - Browser is opened with url: ''

2023-04-10 08:40:07 - [TEST_STEP][PASSED] - maximizeWindow(): Current window maximized

2023-04-10 08:40:07 - [MESSAGE][PASSED] - Current window maximized

2023-04-10 08:40:07 - [TEST_STEP][PASSED] - i = G_Login: null

2023-04-10 08:40:07 - [TEST_STEP][PASSED] - url = new java.net.URL(i): null

2023-04-10 08:40:07 - [TEST_STEP][PASSED] - println("URL: " + url.toString()): null

2023-04-10 08:40:07 - [TEST_STEP][PASSED] - connection = url.openConnection(): null

2023-04-10 08:40:07 - [TEST_STEP][PASSED] - connection.setRequestMethod("GET"): null

2023-04-10 08:40:07 - [TEST_STEP][PASSED] - connection.setReadTimeout(2 * 1000): null

2023-04-10 08:40:07 - [TEST_STEP][PASSED] - try: null

2023-04-10 08:40:07 - [TEST_STEP][PASSED] - connection.connect(): null

2023-04-10 08:40:07 - [TEST_STEP][PASSED] - flag = connected: null

2023-04-10 08:40:07 - [TEST_STEP][PASSED] - println("Valor_ori: " + flag): null

2023-04-10 08:40:07 - [TEST_STEP][PASSED] - if (flag): null

2023-04-10 08:40:07 - [TEST_STEP][PASSED] - navigateToUrl(i): Navigate to 'http://192.168.2.19:8380/saraweb' successfully

2023-04-10 08:40:07 - [MESSAGE][PASSED] - Navigate to 'http://192.168.2.19:8380/saraweb' successfully

2023-04-10 08:40:07 - [TEST_STEP][PASSED] - a(): null

2023-04-10 08:40:07 - [TEST_STEP][PASSED] - if (waitForElementVisible(findTestObject("3-OBJECTS UTILIDADES/Login/input_USUARIO_loginusuario"), 0)): null

2023-04-10 08:40:07 - [MESSAGE][WARNING] - Timeout '0' is invalid. Using default page load timeout: '37'

2023-04-10 08:40:07 - [MESSAGE][PASSED] - Object 'Object Repository/3-OBJECTS UTILIDADES/Login/input_USUARIO_loginusuario' is visible

2023-04-10 08:40:07 - [TEST_STEP][PASSED] - switchToWindowTitle("SARA"): Switched to window with title: 'SARA'

2023-04-10 08:40:07 - [MESSAGE][PASSED] - Switched to window with title: 'SARA'

2023-04-10 08:40:07 - [TEST_STEP][PASSED] - zoom(): null

2023-04-10 08:40:07 - [TEST_STEP][PASSED] - robot = new java.awt.Robot(): null

2023-04-10 08:40:07 - [TEST_STEP][PASSED] - robot.keyPress(VK_CONTROL): null

2023-04-10 08:40:07 - [TEST_STEP][PASSED] - robot.keyPress(VK_SUBTRACT): null

2023-04-10 08:40:07 - [TEST_STEP][PASSED] - robot.keyRelease(VK_CONTROL): null

2023-04-10 08:40:07 - [TEST_STEP][PASSED] - robot.keyRelease(VK_SUBTRACT): null

2023-04-10 08:40:07 - [TEST_STEP][PASSED] - robot.keyPress(VK_CONTROL): null

2023-04-10 08:40:07 - [TEST_STEP][PASSED] - robot.keyPress(VK_SUBTRACT): null

2023-04-10 08:40:07 - [TEST_STEP][PASSED] - robot.keyRelease(VK_CONTROL): null

2023-04-10 08:40:07 - [TEST_STEP][PASSED] - robot.keyRelease(VK_SUBTRACT): null

2023-04-10 08:40:08 - [TEST_STEP][PASSED] - robot.keyPress(VK_CONTROL): null

2023-04-10 08:40:08 - [TEST_STEP][PASSED] - robot.keyPress(VK_SUBTRACT): null

2023-04-10 08:40:08 - [TEST_STEP][PASSED] - robot.keyRelease(VK_CONTROL): null

2023-04-10 08:40:08 - [TEST_STEP][PASSED] - robot.keyRelease(VK_SUBTRACT): null

2023-04-10 08:40:08 - [TEST_STEP][PASSED] - robot.keyRelease(VK_CONTROL): null

2023-04-10 08:40:08 - [TEST_STEP][PASSED] - robot.keyRelease(VK_SUBTRACT): null

2023-04-10 08:40:08 - [TEST_STEP][PASSED] - setText(findTestObject("3-OBJECTS UTILIDADES/Login/input_USUARIO_loginusuario"), G_Usuario): Text 'saraadmin' is set on object 'Object Repository/3-OBJECTS UTILIDADES/Login/input_USUARIO_loginusuario'

2023-04-10 08:40:08 - [MESSAGE][PASSED] - Text 'saraadmin' is set on object 'Object Repository/3-OBJECTS UTILIDADES/Login/input_USUARIO_loginusuario'

2023-04-10 08:40:08 - [TEST_STEP][PASSED] - setEncryptedText(findTestObject("3-OBJECTS UTILIDADES/Login/input_CLAVE_loginpassword"), "SlAwMcyRKqrwbnzhAs8HhT6NnI7sEyng"): Text ****** has been set on object 'Object Repository/3-OBJECTS UTILIDADES/Login/input_CLAVE_loginpassword'

2023-04-10 08:40:10 - [MESSAGE][PASSED] - Text ****** has been set on object 'Object Repository/3-OBJECTS UTILIDADES/Login/input_CLAVE_loginpassword'

2023-04-10 08:40:10 - [TEST_STEP][PASSED] - while (waitForElementClickable(findTestObject("3-OBJECTS UTILIDADES/Login/a_Ingresar"), 1)): Web element with id: 'Object Repository/3-OBJECTS UTILIDADES/Login/a_Ingresar' located by '//a[contains(text(),'Ingresar')]' not found

2023-04-10 08:40:12 - [MESSAGE][INFO] - Unable to find the element located by 'By.xpath: //a[contains(text(),'Ingresar')]'. Please recheck the objects properties to make sure the desired element is located. 

2023-04-10 08:40:12 - [MESSAGE][WARNING] - Web element with id: 'Object Repository/3-OBJECTS UTILIDADES/Login/a_Ingresar' located by '//a[contains(text(),'Ingresar')]' not found

2023-04-10 08:40:12 - [MESSAGE][PASSED] - Call Test Case 'Test Cases/0.1-Login' successfully

2023-04-10 08:40:12 - [TEST_STEP][PASSED] - setText(findTestObject("1-OBJECTS TAREAS PRINCIPALES/Modulo Tarea Compensacion/Crear Periodos Internos de Cada Nomina/input_Empresa 1_form_templatej_idt24_input"), "mantenimiento periodo nomina"): Text 'mantenimiento periodo nomina' is set on object 'Object Repository/1-OBJECTS TAREAS PRINCIPALES/Modulo Tarea Compensacion/Crear Periodos Internos de Cada Nomina/input_Empresa 1_form_templatej_idt24_input'

2023-04-10 08:40:13 - [MESSAGE][PASSED] - Text 'mantenimiento periodo nomina' is set on object 'Object Repository/1-OBJECTS TAREAS PRINCIPALES/Modulo Tarea Compensacion/Crear Periodos Internos de Cada Nomina/input_Empresa 1_form_templatej_idt24_input'

2023-04-10 08:40:13 - [TEST_STEP][PASSED] - click(findTestObject("1-OBJECTS TAREAS PRINCIPALES/Modulo Tarea Compensacion/Crear Periodos Internos de Cada Nomina/li_Mantenimiento Periodo Nomina (com)")): Object: 'Object Repository/1-OBJECTS TAREAS PRINCIPALES/Modulo Tarea Compensacion/Crear Periodos Internos de Cada Nomina/li_Mantenimiento Periodo Nomina (com)' is clicked on

2023-04-10 08:40:15 - [MESSAGE][PASSED] - Object: 'Object Repository/1-OBJECTS TAREAS PRINCIPALES/Modulo Tarea Compensacion/Crear Periodos Internos de Cada Nomina/li_Mantenimiento Periodo Nomina (com)' is clicked on

2023-04-10 08:40:15 - [TEST_STEP][PASSED] - click(findTestObject("1-OBJECTS TAREAS PRINCIPALES/Modulo Tarea Compensacion/Crear Periodos Internos de Cada Nomina/span_NOMINA MENSUAL")): Object: 'Object Repository/1-OBJECTS TAREAS PRINCIPALES/Modulo Tarea Compensacion/Crear Periodos Internos de Cada Nomina/span_NOMINA MENSUAL' is clicked on

2023-04-10 08:40:16 - [MESSAGE][PASSED] - Object: 'Object Repository/1-OBJECTS TAREAS PRINCIPALES/Modulo Tarea Compensacion/Crear Periodos Internos de Cada Nomina/span_NOMINA MENSUAL' is clicked on

2023-04-10 08:40:16 - [TEST_STEP][PASSED] - if (waitForElementVisible(findTestObject("1-OBJECTS TAREAS PRINCIPALES/Modulo Tarea Compensacion/Crear Periodos Internos de Cada Nomina/td_pruebask"), 1)): Web element with id: 'Object Repository/1-OBJECTS TAREAS PRINCIPALES/Modulo Tarea Compensacion/Crear Periodos Internos de Cada Nomina/td_pruebask' located by '//*/text()[normalize-space(.)='pruebask']/parent::*' not found

2023-04-10 08:40:18 - [MESSAGE][INFO] - Unable to find the element located by 'By.xpath: //*/text()[normalize-space(.)='pruebask']/parent::*'. Please recheck the objects properties to make sure the desired element is located. 

2023-04-10 08:40:18 - [MESSAGE][WARNING] - Web element with id: 'Object Repository/1-OBJECTS TAREAS PRINCIPALES/Modulo Tarea Compensacion/Crear Periodos Internos de Cada Nomina/td_pruebask' located by '//*/text()[normalize-space(.)='pruebask']/parent::*' not found

2023-04-10 08:40:18 - [TEST_STEP][PASSED] - click(findTestObject("1-OBJECTS TAREAS PRINCIPALES/Modulo Tarea Compensacion/Crear Periodos Internos de Cada Nomina/span_Nuevo")): Object: 'Object Repository/1-OBJECTS TAREAS PRINCIPALES/Modulo Tarea Compensacion/Crear Periodos Internos de Cada Nomina/span_Nuevo' is clicked on

2023-04-10 08:40:18 - [MESSAGE][PASSED] - Object: 'Object Repository/1-OBJECTS TAREAS PRINCIPALES/Modulo Tarea Compensacion/Crear Periodos Internos de Cada Nomina/span_Nuevo' is clicked on

2023-04-10 08:40:18 - [TEST_STEP][PASSED] - setText(findTestObject("1-OBJECTS TAREAS PRINCIPALES/Modulo Tarea Compensacion/Crear Periodos Internos de Cada Nomina/input_Periodo Nomina_popupNuevoPeriodopanelNominaperiodo"), "pruebask"): Text 'pruebask' is set on object 'Object Repository/1-OBJECTS TAREAS PRINCIPALES/Modulo Tarea Compensacion/Crear Periodos Internos de Cada Nomina/input_Periodo Nomina_popupNuevoPeriodopanelNominaperiodo'

2023-04-10 08:40:19 - [MESSAGE][PASSED] - Text 'pruebask' is set on object 'Object Repository/1-OBJECTS TAREAS PRINCIPALES/Modulo Tarea Compensacion/Crear Periodos Internos de Cada Nomina/input_Periodo Nomina_popupNuevoPeriodopanelNominaperiodo'

2023-04-10 08:40:19 - [TEST_STEP][PASSED] - setText(findTestObject("1-OBJECTS TAREAS PRINCIPALES/Modulo Tarea Compensacion/Crear Periodos Internos de Cada Nomina/input_Descripcin_popupNuevoPeriodopanelNominadescripcion"), "P. MensualOctubre2021"): Text 'P. MensualOctubre2021' is set on object 'Object Repository/1-OBJECTS TAREAS PRINCIPALES/Modulo Tarea Compensacion/Crear Periodos Internos de Cada Nomina/input_Descripcin_popupNuevoPeriodopanelNominadescripcion'

2023-04-10 08:40:20 - [MESSAGE][PASSED] - Text 'P. MensualOctubre2021' is set on object 'Object Repository/1-OBJECTS TAREAS PRINCIPALES/Modulo Tarea Compensacion/Crear Periodos Internos de Cada Nomina/input_Descripcin_popupNuevoPeriodopanelNominadescripcion'

2023-04-10 08:40:20 - [TEST_STEP][PASSED] - setText(findTestObject("1-OBJECTS TAREAS PRINCIPALES/Modulo Tarea Compensacion/Crear Periodos Internos de Cada Nomina/input_Fecha Inicial_popupNuevoPeriodopanelNominafechainicial_input"), "01/10/2021"): Text '01/10/2021' is set on object 'Object Repository/1-OBJECTS TAREAS PRINCIPALES/Modulo Tarea Compensacion/Crear Periodos Internos de Cada Nomina/input_Fecha Inicial_popupNuevoPeriodopanelNominafechainicial_input'

2023-04-10 08:40:21 - [MESSAGE][PASSED] - Text '01/10/2021' is set on object 'Object Repository/1-OBJECTS TAREAS PRINCIPALES/Modulo Tarea Compensacion/Crear Periodos Internos de Cada Nomina/input_Fecha Inicial_popupNuevoPeriodopanelNominafechainicial_input'

2023-04-10 08:40:21 - [TEST_STEP][PASSED] - setText(findTestObject("1-OBJECTS TAREAS PRINCIPALES/Modulo Tarea Compensacion/Crear Periodos Internos de Cada Nomina/input_Fecha Final_popupNuevoPeriodopanelNominafechafinal_input"), "30/10/2021"): Text '30/10/2021' is set on object 'Object Repository/1-OBJECTS TAREAS PRINCIPALES/Modulo Tarea Compensacion/Crear Periodos Internos de Cada Nomina/input_Fecha Final_popupNuevoPeriodopanelNominafechafinal_input'

2023-04-10 08:40:22 - [MESSAGE][PASSED] - Text '30/10/2021' is set on object 'Object Repository/1-OBJECTS TAREAS PRINCIPALES/Modulo Tarea Compensacion/Crear Periodos Internos de Cada Nomina/input_Fecha Final_popupNuevoPeriodopanelNominafechafinal_input'

2023-04-10 08:40:22 - [TEST_STEP][PASSED] - setText(findTestObject("1-OBJECTS TAREAS PRINCIPALES/Modulo Tarea Compensacion/Crear Periodos Internos de Cada Nomina/input_Fecha Pago_popupNuevoPeriodopanelNominafechaPago_input"), "30/10/2021"): Text '30/10/2021' is set on object 'Object Repository/1-OBJECTS TAREAS PRINCIPALES/Modulo Tarea Compensacion/Crear Periodos Internos de Cada Nomina/input_Fecha Pago_popupNuevoPeriodopanelNominafechaPago_input'

2023-04-10 08:40:23 - [MESSAGE][PASSED] - Text '30/10/2021' is set on object 'Object Repository/1-OBJECTS TAREAS PRINCIPALES/Modulo Tarea Compensacion/Crear Periodos Internos de Cada Nomina/input_Fecha Pago_popupNuevoPeriodopanelNominafechaPago_input'

2023-04-10 08:40:23 - [TEST_STEP][PASSED] - sendKeys(findTestObject("1-OBJECTS TAREAS PRINCIPALES/Modulo Tarea Compensacion/Crear Periodos Internos de Cada Nomina/input_Fecha Pago_popupNuevoPeriodopanelNominafechaPago_input"), Keys.chord(ESCAPE)): Keys 'ESCAPE + ' sent to object: 'Object Repository/1-OBJECTS TAREAS PRINCIPALES/Modulo Tarea Compensacion/Crear Periodos Internos de Cada Nomina/input_Fecha Pago_popupNuevoPeriodopanelNominafechaPago_input'

2023-04-10 08:40:23 - [MESSAGE][PASSED] - Keys 'ESCAPE + ' sent to object: 'Object Repository/1-OBJECTS TAREAS PRINCIPALES/Modulo Tarea Compensacion/Crear Periodos Internos de Cada Nomina/input_Fecha Pago_popupNuevoPeriodopanelNominafechaPago_input'

2023-04-10 08:40:23 - [TEST_STEP][PASSED] - selectOptionByIndex(findTestObject("1-OBJECTS TAREAS PRINCIPALES/Modulo Tarea Compensacion/Crear Periodos Internos de Cada Nomina/select_-- seleccione --Ciclo 0Ciclo 1Ciclo 2"), 1): All options with index in [1] are selected on object 'Object Repository/1-OBJECTS TAREAS PRINCIPALES/Modulo Tarea Compensacion/Crear Periodos Internos de Cada Nomina/select_-- seleccione --Ciclo 0Ciclo 1Ciclo 2'

2023-04-10 08:40:24 - [MESSAGE][PASSED] - All options with index in [1] are selected on object 'Object Repository/1-OBJECTS TAREAS PRINCIPALES/Modulo Tarea Compensacion/Crear Periodos Internos de Cada Nomina/select_-- seleccione --Ciclo 0Ciclo 1Ciclo 2'

2023-04-10 08:40:24 - [TEST_STEP][PASSED] - selectOptionByIndex(findTestObject("1-OBJECTS TAREAS PRINCIPALES/Modulo Tarea Compensacion/Crear Periodos Internos de Cada Nomina/select_Periodo AbonadoPeriodo CerradoPeriodo en ProcesoPeriodo no Generado"), 0): All options with index in [0] are selected on object 'Object Repository/1-OBJECTS TAREAS PRINCIPALES/Modulo Tarea Compensacion/Crear Periodos Internos de Cada Nomina/select_Periodo AbonadoPeriodo CerradoPeriodo en ProcesoPeriodo no Generado'

2023-04-10 08:40:25 - [MESSAGE][PASSED] - All options with index in [0] are selected on object 'Object Repository/1-OBJECTS TAREAS PRINCIPALES/Modulo Tarea Compensacion/Crear Periodos Internos de Cada Nomina/select_Periodo AbonadoPeriodo CerradoPeriodo en ProcesoPeriodo no Generado'

2023-04-10 08:40:25 - [TEST_STEP][PASSED] - selectOptionByIndex(findTestObject("1-OBJECTS TAREAS PRINCIPALES/Modulo Tarea Compensacion/Crear Periodos Internos de Cada Nomina/select_CausadoPagado"), 0): All options with index in [0] are selected on object 'Object Repository/1-OBJECTS TAREAS PRINCIPALES/Modulo Tarea Compensacion/Crear Periodos Internos de Cada Nomina/select_CausadoPagado'

2023-04-10 08:40:26 - [MESSAGE][PASSED] - All options with index in [0] are selected on object 'Object Repository/1-OBJECTS TAREAS PRINCIPALES/Modulo Tarea Compensacion/Crear Periodos Internos de Cada Nomina/select_CausadoPagado'

2023-04-10 08:40:26 - [TEST_STEP][PASSED] - element = findWebElement(findTestObject("1-OBJECTS TAREAS PRINCIPALES/Modulo Tarea Compensacion/Crear Periodos Internos de Cada Nomina/a_Guardar"), 30): null

2023-04-10 08:40:26 - [TEST_STEP][PASSED] - executeJavaScript("arguments[0].click()", Arrays.asList(element)): Execute JavaScript 'arguments[0].click()' successfully

2023-04-10 08:40:26 - [MESSAGE][PASSED] - Execute JavaScript 'arguments[0].click()' successfully

2023-04-10 08:40:26 - [TEST_STEP][PASSED] - Alerta = getText(findTestObject("3-OBJECTS UTILIDADES/Alerta/Alerta")): Text of object 'Object Repository/3-OBJECTS UTILIDADES/Alerta/Alerta' is: 'Registro guardado'

2023-04-10 08:40:27 - [MESSAGE][PASSED] - Text of object 'Object Repository/3-OBJECTS UTILIDADES/Alerta/Alerta' is: 'Registro guardado'

2023-04-10 08:40:27 - [TEST_STEP][PASSED] - if (Alerta == "Registro guardado"): Browser is closed

2023-04-10 08:40:27 - [TEST_STEP][PASSED] - closeBrowser(): Browser is closed

2023-04-10 08:40:28 - [MESSAGE][PASSED] - Browser is closed]]></system-out>
         <system-err><![CDATA[]]></system-err>
      </testcase>
      <testcase name="Test Cases/1.1-Tareas Principales/1.1.5-Generacion Periodos Internos de cada Nomina" time="30.18" classname="Test Cases/1.1-Tareas Principales/1.1.5-Generacion Periodos Internos de cada Nomina" status="PASSED">
         <system-out><![CDATA[2023-04-10 08:40:28 - [TEST_CASE][PASSED] - Test Cases/1.1-Tareas Principales/1.1.5-Generacion Periodos Internos de cada Nomina: Test Cases/1.1-Tareas Principales/1.1.5-Generacion Periodos Internos de cada Nomina

2023-04-10 08:40:28 - [TEST_STEP][PASSED] - today = new java.util.Date(): null

2023-04-10 08:40:28 - [TEST_STEP][PASSED] - todaysDate = today.format("dd/MM/yyyy"): null

2023-04-10 08:40:28 - [TEST_STEP][PASSED] - projectName = "Regression Project " + todaysDate: null

2023-04-10 08:40:28 - [TEST_STEP][PASSED] - callTestCase(findTestCase("Utilidades-(atajos_para _tareas)/Tareas Administracion Compensacion/Tarea Mantenimieto Periodo Nomina"), [:], STOP_ON_FAILURE): Call Test Case 'Test Cases/Utilidades-(atajos_para _tareas)/Tareas Administracion Compensacion/Tarea Mantenimieto Periodo Nomina' successfully

2023-04-10 08:40:28 - [TEST_CASE][PASSED] - Test Cases/Utilidades-(atajos_para _tareas)/Tareas Administracion Compensacion/Tarea Mantenimieto Periodo Nomina: Test Cases/Utilidades-(atajos_para _tareas)/Tareas Administracion Compensacion/Tarea Mantenimieto Periodo Nomina

2023-04-10 08:40:29 - [TEST_STEP][PASSED] - callTestCase(findTestCase("0.1-Login"), [:], STOP_ON_FAILURE): Call Test Case 'Test Cases/0.1-Login' successfully

2023-04-10 08:40:29 - [TEST_CASE][PASSED] - Test Cases/0.1-Login: Test Cases/0.1-Login

2023-04-10 08:40:29 - [TEST_STEP][PASSED] - openBrowser(""): Browser is opened with url: ''

2023-04-10 08:40:29 - [MESSAGE][INFO] - Starting 'Chrome' driver

2023-04-10 08:40:29 - [MESSAGE][INFO] - Action delay is set to 0 milliseconds

2023-04-10 08:40:30 - [MESSAGE][PASSED] - Browser is opened with url: ''

2023-04-10 08:40:30 - [TEST_STEP][PASSED] - maximizeWindow(): Current window maximized

2023-04-10 08:40:30 - [MESSAGE][PASSED] - Current window maximized

2023-04-10 08:40:30 - [TEST_STEP][PASSED] - i = G_Login: null

2023-04-10 08:40:30 - [TEST_STEP][PASSED] - url = new java.net.URL(i): null

2023-04-10 08:40:30 - [TEST_STEP][PASSED] - println("URL: " + url.toString()): null

2023-04-10 08:40:30 - [TEST_STEP][PASSED] - connection = url.openConnection(): null

2023-04-10 08:40:30 - [TEST_STEP][PASSED] - connection.setRequestMethod("GET"): null

2023-04-10 08:40:30 - [TEST_STEP][PASSED] - connection.setReadTimeout(2 * 1000): null

2023-04-10 08:40:30 - [TEST_STEP][PASSED] - try: null

2023-04-10 08:40:30 - [TEST_STEP][PASSED] - connection.connect(): null

2023-04-10 08:40:30 - [TEST_STEP][PASSED] - flag = connected: null

2023-04-10 08:40:30 - [TEST_STEP][PASSED] - println("Valor_ori: " + flag): null

2023-04-10 08:40:30 - [TEST_STEP][PASSED] - if (flag): null

2023-04-10 08:40:30 - [TEST_STEP][PASSED] - navigateToUrl(i): Navigate to 'http://192.168.2.19:8380/saraweb' successfully

2023-04-10 08:40:31 - [MESSAGE][PASSED] - Navigate to 'http://192.168.2.19:8380/saraweb' successfully

2023-04-10 08:40:31 - [TEST_STEP][PASSED] - a(): null

2023-04-10 08:40:31 - [TEST_STEP][PASSED] - if (waitForElementVisible(findTestObject("3-OBJECTS UTILIDADES/Login/input_USUARIO_loginusuario"), 0)): null

2023-04-10 08:40:31 - [MESSAGE][WARNING] - Timeout '0' is invalid. Using default page load timeout: '37'

2023-04-10 08:40:31 - [MESSAGE][PASSED] - Object 'Object Repository/3-OBJECTS UTILIDADES/Login/input_USUARIO_loginusuario' is visible

2023-04-10 08:40:31 - [TEST_STEP][PASSED] - switchToWindowTitle("SARA"): Switched to window with title: 'SARA'

2023-04-10 08:40:31 - [MESSAGE][PASSED] - Switched to window with title: 'SARA'

2023-04-10 08:40:31 - [TEST_STEP][PASSED] - zoom(): null

2023-04-10 08:40:31 - [TEST_STEP][PASSED] - robot = new java.awt.Robot(): null

2023-04-10 08:40:31 - [TEST_STEP][PASSED] - robot.keyPress(VK_CONTROL): null

2023-04-10 08:40:31 - [TEST_STEP][PASSED] - robot.keyPress(VK_SUBTRACT): null

2023-04-10 08:40:31 - [TEST_STEP][PASSED] - robot.keyRelease(VK_CONTROL): null

2023-04-10 08:40:31 - [TEST_STEP][PASSED] - robot.keyRelease(VK_SUBTRACT): null

2023-04-10 08:40:31 - [TEST_STEP][PASSED] - robot.keyPress(VK_CONTROL): null

2023-04-10 08:40:31 - [TEST_STEP][PASSED] - robot.keyPress(VK_SUBTRACT): null

2023-04-10 08:40:31 - [TEST_STEP][PASSED] - robot.keyRelease(VK_CONTROL): null

2023-04-10 08:40:31 - [TEST_STEP][PASSED] - robot.keyRelease(VK_SUBTRACT): null

2023-04-10 08:40:31 - [TEST_STEP][PASSED] - robot.keyPress(VK_CONTROL): null

2023-04-10 08:40:31 - [TEST_STEP][PASSED] - robot.keyPress(VK_SUBTRACT): null

2023-04-10 08:40:31 - [TEST_STEP][PASSED] - robot.keyRelease(VK_CONTROL): null

2023-04-10 08:40:31 - [TEST_STEP][PASSED] - robot.keyRelease(VK_SUBTRACT): null

2023-04-10 08:40:31 - [TEST_STEP][PASSED] - robot.keyRelease(VK_CONTROL): null

2023-04-10 08:40:31 - [TEST_STEP][PASSED] - robot.keyRelease(VK_SUBTRACT): null

2023-04-10 08:40:31 - [TEST_STEP][PASSED] - setText(findTestObject("3-OBJECTS UTILIDADES/Login/input_USUARIO_loginusuario"), G_Usuario): Text 'saraadmin' is set on object 'Object Repository/3-OBJECTS UTILIDADES/Login/input_USUARIO_loginusuario'

2023-04-10 08:40:32 - [MESSAGE][PASSED] - Text 'saraadmin' is set on object 'Object Repository/3-OBJECTS UTILIDADES/Login/input_USUARIO_loginusuario'

2023-04-10 08:40:32 - [TEST_STEP][PASSED] - setEncryptedText(findTestObject("3-OBJECTS UTILIDADES/Login/input_CLAVE_loginpassword"), "SlAwMcyRKqrwbnzhAs8HhT6NnI7sEyng"): Text ****** has been set on object 'Object Repository/3-OBJECTS UTILIDADES/Login/input_CLAVE_loginpassword'

2023-04-10 08:40:33 - [MESSAGE][PASSED] - Text ****** has been set on object 'Object Repository/3-OBJECTS UTILIDADES/Login/input_CLAVE_loginpassword'

2023-04-10 08:40:33 - [TEST_STEP][PASSED] - while (waitForElementClickable(findTestObject("3-OBJECTS UTILIDADES/Login/a_Ingresar"), 1)): Web element with id: 'Object Repository/3-OBJECTS UTILIDADES/Login/a_Ingresar' located by '//a[contains(text(),'Ingresar')]' not found

2023-04-10 08:40:36 - [MESSAGE][INFO] - Unable to find the element located by 'By.xpath: //a[contains(text(),'Ingresar')]'. Please recheck the objects properties to make sure the desired element is located. 

2023-04-10 08:40:36 - [MESSAGE][WARNING] - Web element with id: 'Object Repository/3-OBJECTS UTILIDADES/Login/a_Ingresar' located by '//a[contains(text(),'Ingresar')]' not found

2023-04-10 08:40:36 - [MESSAGE][PASSED] - Call Test Case 'Test Cases/0.1-Login' successfully

2023-04-10 08:40:36 - [TEST_STEP][PASSED] - waitForElementClickable(findTestObject("1-OBJECTS TAREAS PRINCIPALES/Modulo Tarea Compensacion/Tarea Mantenimieto Periodo Nomina/input_Actos Administrativos_form_templatej_idt24_input"), G_TimeOut): Object 'Object Repository/1-OBJECTS TAREAS PRINCIPALES/Modulo Tarea Compensacion/Tarea Mantenimieto Periodo Nomina/input_Actos Administrativos_form_templatej_idt24_input' is clickable

2023-04-10 08:40:36 - [MESSAGE][PASSED] - Object 'Object Repository/1-OBJECTS TAREAS PRINCIPALES/Modulo Tarea Compensacion/Tarea Mantenimieto Periodo Nomina/input_Actos Administrativos_form_templatej_idt24_input' is clickable

2023-04-10 08:40:36 - [TEST_STEP][PASSED] - setText(findTestObject("1-OBJECTS TAREAS PRINCIPALES/Modulo Tarea Compensacion/Tarea Mantenimieto Periodo Nomina/input_Actos Administrativos_form_templatej_idt24_input"), "Mantenimiento Periodo"): Text 'Mantenimiento Periodo' is set on object 'Object Repository/1-OBJECTS TAREAS PRINCIPALES/Modulo Tarea Compensacion/Tarea Mantenimieto Periodo Nomina/input_Actos Administrativos_form_templatej_idt24_input'

2023-04-10 08:40:37 - [MESSAGE][PASSED] - Text 'Mantenimiento Periodo' is set on object 'Object Repository/1-OBJECTS TAREAS PRINCIPALES/Modulo Tarea Compensacion/Tarea Mantenimieto Periodo Nomina/input_Actos Administrativos_form_templatej_idt24_input'

2023-04-10 08:40:37 - [TEST_STEP][PASSED] - waitForElementVisible(findTestObject("1-OBJECTS TAREAS PRINCIPALES/Modulo Tarea Compensacion/Tarea Mantenimieto Periodo Nomina/span_Mantenimiento Periodo"), 0): Object 'Object Repository/1-OBJECTS TAREAS PRINCIPALES/Modulo Tarea Compensacion/Tarea Mantenimieto Periodo Nomina/span_Mantenimiento Periodo' is visible

2023-04-10 08:40:37 - [MESSAGE][WARNING] - Timeout '0' is invalid. Using default page load timeout: '37'

2023-04-10 08:40:38 - [MESSAGE][PASSED] - Object 'Object Repository/1-OBJECTS TAREAS PRINCIPALES/Modulo Tarea Compensacion/Tarea Mantenimieto Periodo Nomina/span_Mantenimiento Periodo' is visible

2023-04-10 08:40:38 - [TEST_STEP][PASSED] - click(findTestObject("1-OBJECTS TAREAS PRINCIPALES/Modulo Tarea Compensacion/Tarea Mantenimieto Periodo Nomina/span_Mantenimiento Periodo")): Object: 'Object Repository/1-OBJECTS TAREAS PRINCIPALES/Modulo Tarea Compensacion/Tarea Mantenimieto Periodo Nomina/span_Mantenimiento Periodo' is clicked on

2023-04-10 08:40:39 - [MESSAGE][PASSED] - Object: 'Object Repository/1-OBJECTS TAREAS PRINCIPALES/Modulo Tarea Compensacion/Tarea Mantenimieto Periodo Nomina/span_Mantenimiento Periodo' is clicked on

2023-04-10 08:40:39 - [MESSAGE][PASSED] - Call Test Case 'Test Cases/Utilidades-(atajos_para _tareas)/Tareas Administracion Compensacion/Tarea Mantenimieto Periodo Nomina' successfully

2023-04-10 08:40:39 - [TEST_STEP][PASSED] - waitForElementClickable(findTestObject("1-OBJECTS TAREAS PRINCIPALES/Modulo Tarea Compensacion/Generacion Periodos Internos de Cada Nomina/span_NOMINA MENSUAL"), G_TimeOut): Object 'Object Repository/1-OBJECTS TAREAS PRINCIPALES/Modulo Tarea Compensacion/Generacion Periodos Internos de Cada Nomina/span_NOMINA MENSUAL' is clickable

2023-04-10 08:40:40 - [MESSAGE][PASSED] - Object 'Object Repository/1-OBJECTS TAREAS PRINCIPALES/Modulo Tarea Compensacion/Generacion Periodos Internos de Cada Nomina/span_NOMINA MENSUAL' is clickable

2023-04-10 08:40:40 - [TEST_STEP][PASSED] - click(findTestObject("1-OBJECTS TAREAS PRINCIPALES/Modulo Tarea Compensacion/Generacion Periodos Internos de Cada Nomina/span_NOMINA MENSUAL")): Object: 'Object Repository/1-OBJECTS TAREAS PRINCIPALES/Modulo Tarea Compensacion/Generacion Periodos Internos de Cada Nomina/span_NOMINA MENSUAL' is clicked on

2023-04-10 08:40:40 - [MESSAGE][PASSED] - Object: 'Object Repository/1-OBJECTS TAREAS PRINCIPALES/Modulo Tarea Compensacion/Generacion Periodos Internos de Cada Nomina/span_NOMINA MENSUAL' is clicked on

2023-04-10 08:40:40 - [TEST_STEP][PASSED] - if (waitForElementClickable(findTestObject("1-OBJECTS TAREAS PRINCIPALES/Modulo Tarea Compensacion/Generacion Periodos Internos de Cada Nomina/td_P. MensualAgosto2021"), 1)): null

2023-04-10 08:40:41 - [MESSAGE][PASSED] - Object 'Object Repository/1-OBJECTS TAREAS PRINCIPALES/Modulo Tarea Compensacion/Generacion Periodos Internos de Cada Nomina/td_P. MensualAgosto2021' is clickable

2023-04-10 08:40:41 - [TEST_STEP][PASSED] - click(findTestObject("1-OBJECTS TAREAS PRINCIPALES/Modulo Tarea Compensacion/Generacion Periodos Internos de Cada Nomina/td_P. MensualAgosto2021")): Object: 'Object Repository/1-OBJECTS TAREAS PRINCIPALES/Modulo Tarea Compensacion/Generacion Periodos Internos de Cada Nomina/td_P. MensualAgosto2021' is clicked on

2023-04-10 08:40:41 - [MESSAGE][PASSED] - Object: 'Object Repository/1-OBJECTS TAREAS PRINCIPALES/Modulo Tarea Compensacion/Generacion Periodos Internos de Cada Nomina/td_P. MensualAgosto2021' is clicked on

2023-04-10 08:40:41 - [TEST_STEP][PASSED] - waitForElementClickable(findTestObject("1-OBJECTS TAREAS PRINCIPALES/Modulo Tarea Compensacion/Generacion Periodos Internos de Cada Nomina/a_Eliminar_Periodo Agosto"), 0): Object 'Object Repository/1-OBJECTS TAREAS PRINCIPALES/Modulo Tarea Compensacion/Generacion Periodos Internos de Cada Nomina/a_Eliminar_Periodo Agosto' is clickable

2023-04-10 08:40:41 - [MESSAGE][WARNING] - Timeout '0' is invalid. Using default page load timeout: '37'

2023-04-10 08:40:42 - [MESSAGE][PASSED] - Object 'Object Repository/1-OBJECTS TAREAS PRINCIPALES/Modulo Tarea Compensacion/Generacion Periodos Internos de Cada Nomina/a_Eliminar_Periodo Agosto' is clickable

2023-04-10 08:40:42 - [TEST_STEP][PASSED] - element = findWebElement(findTestObject("1-OBJECTS TAREAS PRINCIPALES/Modulo Tarea Compensacion/Generacion Periodos Internos de Cada Nomina/a_Eliminar_Periodo Agosto"), 30): null

2023-04-10 08:40:42 - [TEST_STEP][PASSED] - executeJavaScript("arguments[0].click()", Arrays.asList(element)): Execute JavaScript 'arguments[0].click()' successfully

2023-04-10 08:40:42 - [MESSAGE][PASSED] - Execute JavaScript 'arguments[0].click()' successfully

2023-04-10 08:40:42 - [TEST_STEP][PASSED] - click(findTestObject("1-OBJECTS TAREAS PRINCIPALES/Modulo Tarea Compensacion/Generacion Periodos Internos de Cada Nomina/a_Aceptar_ELiminar_Agosto")): Object: 'Object Repository/1-OBJECTS TAREAS PRINCIPALES/Modulo Tarea Compensacion/Generacion Periodos Internos de Cada Nomina/a_Aceptar_ELiminar_Agosto' is clicked on

2023-04-10 08:40:43 - [MESSAGE][PASSED] - Object: 'Object Repository/1-OBJECTS TAREAS PRINCIPALES/Modulo Tarea Compensacion/Generacion Periodos Internos de Cada Nomina/a_Aceptar_ELiminar_Agosto' is clicked on

2023-04-10 08:40:43 - [TEST_STEP][PASSED] - if (waitForElementVisible(findTestObject("1-OBJECTS TAREAS PRINCIPALES/Modulo Tarea Compensacion/Generacion Periodos Internos de Cada Nomina/td_P. MensualSeptiembre2021"), 1)): Web element with id: 'Object Repository/1-OBJECTS TAREAS PRINCIPALES/Modulo Tarea Compensacion/Generacion Periodos Internos de Cada Nomina/td_P. MensualSeptiembre2021' located by '//*/text()[normalize-space(.)='P. MensualOctubre2021']/parent::*' not found

2023-04-10 08:40:45 - [MESSAGE][INFO] - Unable to find the element located by 'By.xpath: //*/text()[normalize-space(.)='P. MensualOctubre2021']/parent::*'. Please recheck the objects properties to make sure the desired element is located. 

2023-04-10 08:40:45 - [MESSAGE][WARNING] - Web element with id: 'Object Repository/1-OBJECTS TAREAS PRINCIPALES/Modulo Tarea Compensacion/Generacion Periodos Internos de Cada Nomina/td_P. MensualSeptiembre2021' located by '//*/text()[normalize-space(.)='P. MensualOctubre2021']/parent::*' not found

2023-04-10 08:40:45 - [TEST_STEP][PASSED] - waitForElementClickable(findTestObject("1-OBJECTS TAREAS PRINCIPALES/Modulo Tarea Compensacion/Generacion Periodos Internos de Cada Nomina/a_Generar Periodicidad"), G_TimeOut): Object 'Object Repository/1-OBJECTS TAREAS PRINCIPALES/Modulo Tarea Compensacion/Generacion Periodos Internos de Cada Nomina/a_Generar Periodicidad' is clickable

2023-04-10 08:40:45 - [MESSAGE][PASSED] - Object 'Object Repository/1-OBJECTS TAREAS PRINCIPALES/Modulo Tarea Compensacion/Generacion Periodos Internos de Cada Nomina/a_Generar Periodicidad' is clickable

2023-04-10 08:40:45 - [TEST_STEP][PASSED] - click(findTestObject("1-OBJECTS TAREAS PRINCIPALES/Modulo Tarea Compensacion/Generacion Periodos Internos de Cada Nomina/a_Generar Periodicidad")): Object: 'Object Repository/1-OBJECTS TAREAS PRINCIPALES/Modulo Tarea Compensacion/Generacion Periodos Internos de Cada Nomina/a_Generar Periodicidad' is clicked on

2023-04-10 08:40:46 - [MESSAGE][PASSED] - Object: 'Object Repository/1-OBJECTS TAREAS PRINCIPALES/Modulo Tarea Compensacion/Generacion Periodos Internos de Cada Nomina/a_Generar Periodicidad' is clicked on

2023-04-10 08:40:46 - [TEST_STEP][PASSED] - setText(findTestObject("1-OBJECTS TAREAS PRINCIPALES/Modulo Tarea Compensacion/Generacion Periodos Internos de Cada Nomina/input_Descripcin Periodo_formPoGePepoGePePeriodicidadDescripcion"), "P. Mensual"): Text 'P. Mensual' is set on object 'Object Repository/1-OBJECTS TAREAS PRINCIPALES/Modulo Tarea Compensacion/Generacion Periodos Internos de Cada Nomina/input_Descripcin Periodo_formPoGePepoGePePeriodicidadDescripcion'

2023-04-10 08:40:47 - [MESSAGE][PASSED] - Text 'P. Mensual' is set on object 'Object Repository/1-OBJECTS TAREAS PRINCIPALES/Modulo Tarea Compensacion/Generacion Periodos Internos de Cada Nomina/input_Descripcin Periodo_formPoGePepoGePePeriodicidadDescripcion'

2023-04-10 08:40:47 - [TEST_STEP][PASSED] - selectOptionByIndex(findTestObject("1-OBJECTS TAREAS PRINCIPALES/Modulo Tarea Compensacion/Generacion Periodos Internos de Cada Nomina/select_--Seleccione--CatorcenalMensualQuincenalSemanal"), "2"): All options with index in [2] are selected on object 'Object Repository/1-OBJECTS TAREAS PRINCIPALES/Modulo Tarea Compensacion/Generacion Periodos Internos de Cada Nomina/select_--Seleccione--CatorcenalMensualQuincenalSemanal'

2023-04-10 08:40:48 - [MESSAGE][PASSED] - All options with index in [2] are selected on object 'Object Repository/1-OBJECTS TAREAS PRINCIPALES/Modulo Tarea Compensacion/Generacion Periodos Internos de Cada Nomina/select_--Seleccione--CatorcenalMensualQuincenalSemanal'

2023-04-10 08:40:48 - [TEST_STEP][PASSED] - waitForElementClickable(findTestObject("1-OBJECTS TAREAS PRINCIPALES/Modulo Tarea Compensacion/Generacion Periodos Internos de Cada Nomina/input_Prefijo_formPoGePeprefijo"), G_TimeOut): Object 'Object Repository/1-OBJECTS TAREAS PRINCIPALES/Modulo Tarea Compensacion/Generacion Periodos Internos de Cada Nomina/input_Prefijo_formPoGePeprefijo' is clickable

2023-04-10 08:40:48 - [MESSAGE][PASSED] - Object 'Object Repository/1-OBJECTS TAREAS PRINCIPALES/Modulo Tarea Compensacion/Generacion Periodos Internos de Cada Nomina/input_Prefijo_formPoGePeprefijo' is clickable

2023-04-10 08:40:48 - [TEST_STEP][PASSED] - click(findTestObject("1-OBJECTS TAREAS PRINCIPALES/Modulo Tarea Compensacion/Generacion Periodos Internos de Cada Nomina/input_Prefijo_formPoGePeprefijo")): Object: 'Object Repository/1-OBJECTS TAREAS PRINCIPALES/Modulo Tarea Compensacion/Generacion Periodos Internos de Cada Nomina/input_Prefijo_formPoGePeprefijo' is clicked on

2023-04-10 08:40:49 - [MESSAGE][PASSED] - Object: 'Object Repository/1-OBJECTS TAREAS PRINCIPALES/Modulo Tarea Compensacion/Generacion Periodos Internos de Cada Nomina/input_Prefijo_formPoGePeprefijo' is clicked on

2023-04-10 08:40:49 - [TEST_STEP][PASSED] - setText(findTestObject("1-OBJECTS TAREAS PRINCIPALES/Modulo Tarea Compensacion/Generacion Periodos Internos de Cada Nomina/input_Prefijo_formPoGePeprefijo"), "PM"): Text 'PM' is set on object 'Object Repository/1-OBJECTS TAREAS PRINCIPALES/Modulo Tarea Compensacion/Generacion Periodos Internos de Cada Nomina/input_Prefijo_formPoGePeprefijo'

2023-04-10 08:40:50 - [MESSAGE][PASSED] - Text 'PM' is set on object 'Object Repository/1-OBJECTS TAREAS PRINCIPALES/Modulo Tarea Compensacion/Generacion Periodos Internos de Cada Nomina/input_Prefijo_formPoGePeprefijo'

2023-04-10 08:40:50 - [TEST_STEP][PASSED] - setText(findTestObject("1-OBJECTS TAREAS PRINCIPALES/Modulo Tarea Compensacion/Generacion Periodos Internos de Cada Nomina/input_Fecha Inicial_formPoGePepoGePeFechaInicial_input"), "01/10/2021"): Text '01/10/2021' is set on object 'Object Repository/1-OBJECTS TAREAS PRINCIPALES/Modulo Tarea Compensacion/Generacion Periodos Internos de Cada Nomina/input_Fecha Inicial_formPoGePepoGePeFechaInicial_input'

2023-04-10 08:40:51 - [MESSAGE][PASSED] - Text '01/10/2021' is set on object 'Object Repository/1-OBJECTS TAREAS PRINCIPALES/Modulo Tarea Compensacion/Generacion Periodos Internos de Cada Nomina/input_Fecha Inicial_formPoGePepoGePeFechaInicial_input'

2023-04-10 08:40:51 - [TEST_STEP][PASSED] - setText(findTestObject("1-OBJECTS TAREAS PRINCIPALES/Modulo Tarea Compensacion/Generacion Periodos Internos de Cada Nomina/input_Fecha Final_formPoGePepoGePeFechaFinal_input"), "30/10/2021"): Text '30/10/2021' is set on object 'Object Repository/1-OBJECTS TAREAS PRINCIPALES/Modulo Tarea Compensacion/Generacion Periodos Internos de Cada Nomina/input_Fecha Final_formPoGePepoGePeFechaFinal_input'

2023-04-10 08:40:52 - [MESSAGE][PASSED] - Text '30/10/2021' is set on object 'Object Repository/1-OBJECTS TAREAS PRINCIPALES/Modulo Tarea Compensacion/Generacion Periodos Internos de Cada Nomina/input_Fecha Final_formPoGePepoGePeFechaFinal_input'

2023-04-10 08:40:52 - [TEST_STEP][PASSED] - waitForElementClickable(findTestObject("1-OBJECTS TAREAS PRINCIPALES/Modulo Tarea Compensacion/Generacion Periodos Internos de Cada Nomina/a_Generar"), G_TimeOut): Object 'Object Repository/1-OBJECTS TAREAS PRINCIPALES/Modulo Tarea Compensacion/Generacion Periodos Internos de Cada Nomina/a_Generar' is clickable

2023-04-10 08:40:52 - [MESSAGE][PASSED] - Object 'Object Repository/1-OBJECTS TAREAS PRINCIPALES/Modulo Tarea Compensacion/Generacion Periodos Internos de Cada Nomina/a_Generar' is clickable

2023-04-10 08:40:52 - [TEST_STEP][PASSED] - click(findTestObject("1-OBJECTS TAREAS PRINCIPALES/Modulo Tarea Compensacion/Generacion Periodos Internos de Cada Nomina/a_Generar")): Object: 'Object Repository/1-OBJECTS TAREAS PRINCIPALES/Modulo Tarea Compensacion/Generacion Periodos Internos de Cada Nomina/a_Generar' is clicked on

2023-04-10 08:40:53 - [MESSAGE][PASSED] - Object: 'Object Repository/1-OBJECTS TAREAS PRINCIPALES/Modulo Tarea Compensacion/Generacion Periodos Internos de Cada Nomina/a_Generar' is clicked on

2023-04-10 08:40:53 - [TEST_STEP][PASSED] - waitForElementClickable(findTestObject("1-OBJECTS TAREAS PRINCIPALES/Modulo Tarea Compensacion/Generacion Periodos Internos de Cada Nomina/a_Guardar"), G_TimeOut): Object 'Object Repository/1-OBJECTS TAREAS PRINCIPALES/Modulo Tarea Compensacion/Generacion Periodos Internos de Cada Nomina/a_Guardar' is clickable

2023-04-10 08:40:54 - [MESSAGE][PASSED] - Object 'Object Repository/1-OBJECTS TAREAS PRINCIPALES/Modulo Tarea Compensacion/Generacion Periodos Internos de Cada Nomina/a_Guardar' is clickable

2023-04-10 08:40:54 - [TEST_STEP][PASSED] - click(findTestObject("1-OBJECTS TAREAS PRINCIPALES/Modulo Tarea Compensacion/Generacion Periodos Internos de Cada Nomina/a_Guardar")): Object: 'Object Repository/1-OBJECTS TAREAS PRINCIPALES/Modulo Tarea Compensacion/Generacion Periodos Internos de Cada Nomina/a_Guardar' is clicked on

2023-04-10 08:40:54 - [MESSAGE][PASSED] - Object: 'Object Repository/1-OBJECTS TAREAS PRINCIPALES/Modulo Tarea Compensacion/Generacion Periodos Internos de Cada Nomina/a_Guardar' is clicked on

2023-04-10 08:40:54 - [TEST_STEP][PASSED] - waitForElementVisible(findTestObject("1-OBJECTS TAREAS PRINCIPALES/Modulo Tarea Compensacion/Generacion Periodos Internos de Cada Nomina/td_P. MensualSeptiembre2021"), 0): Object 'Object Repository/1-OBJECTS TAREAS PRINCIPALES/Modulo Tarea Compensacion/Generacion Periodos Internos de Cada Nomina/td_P. MensualSeptiembre2021' is visible

2023-04-10 08:40:54 - [MESSAGE][WARNING] - Timeout '0' is invalid. Using default page load timeout: '37'

2023-04-10 08:40:55 - [MESSAGE][PASSED] - Object 'Object Repository/1-OBJECTS TAREAS PRINCIPALES/Modulo Tarea Compensacion/Generacion Periodos Internos de Cada Nomina/td_P. MensualSeptiembre2021' is visible

2023-04-10 08:40:55 - [TEST_STEP][PASSED] - click(findTestObject("1-OBJECTS TAREAS PRINCIPALES/Modulo Tarea Compensacion/Generacion Periodos Internos de Cada Nomina/td_P. MensualSeptiembre2021")): Object: 'Object Repository/1-OBJECTS TAREAS PRINCIPALES/Modulo Tarea Compensacion/Generacion Periodos Internos de Cada Nomina/td_P. MensualSeptiembre2021' is clicked on

2023-04-10 08:40:55 - [MESSAGE][PASSED] - Object: 'Object Repository/1-OBJECTS TAREAS PRINCIPALES/Modulo Tarea Compensacion/Generacion Periodos Internos de Cada Nomina/td_P. MensualSeptiembre2021' is clicked on

2023-04-10 08:40:55 - [TEST_STEP][PASSED] - element2 = findWebElement(findTestObject("1-OBJECTS TAREAS PRINCIPALES/Modulo Tarea Compensacion/Crear Periodos Internos de Cada Nomina/a_Eliminar"), 30): null

2023-04-10 08:40:56 - [TEST_STEP][PASSED] - executeJavaScript("arguments[0].click()", Arrays.asList(element2)): Execute JavaScript 'arguments[0].click()' successfully

2023-04-10 08:40:56 - [MESSAGE][PASSED] - Execute JavaScript 'arguments[0].click()' successfully

2023-04-10 08:40:56 - [TEST_STEP][PASSED] - click(findTestObject("1-OBJECTS TAREAS PRINCIPALES/Modulo Tarea Compensacion/Crear Periodos Internos de Cada Nomina/a_Aceptar")): Object: 'Object Repository/1-OBJECTS TAREAS PRINCIPALES/Modulo Tarea Compensacion/Crear Periodos Internos de Cada Nomina/a_Aceptar' is clicked on

2023-04-10 08:40:57 - [MESSAGE][PASSED] - Object: 'Object Repository/1-OBJECTS TAREAS PRINCIPALES/Modulo Tarea Compensacion/Crear Periodos Internos de Cada Nomina/a_Aceptar' is clicked on

2023-04-10 08:40:57 - [TEST_STEP][PASSED] - Alerta = getText(findTestObject("3-OBJECTS UTILIDADES/Alerta/Alerta")): Text of object 'Object Repository/3-OBJECTS UTILIDADES/Alerta/Alerta' is: 'Se elimino el registro'

2023-04-10 08:40:57 - [MESSAGE][PASSED] - Text of object 'Object Repository/3-OBJECTS UTILIDADES/Alerta/Alerta' is: 'Se elimino el registro'

2023-04-10 08:40:57 - [TEST_STEP][PASSED] - if (Alerta == "Se elimino el registro"): Browser is closed

2023-04-10 08:40:57 - [TEST_STEP][PASSED] - closeBrowser(): Browser is closed

2023-04-10 08:40:58 - [MESSAGE][PASSED] - Browser is closed]]></system-out>
         <system-err><![CDATA[]]></system-err>
      </testcase>
      <testcase name="Test Cases/1.1-Tareas Principales/1.1.6-crear vacaciones" time="58.997" classname="Test Cases/1.1-Tareas Principales/1.1.6-crear vacaciones" status="PASSED">
         <system-out><![CDATA[2023-04-10 08:40:58 - [TEST_CASE][PASSED] - Test Cases/1.1-Tareas Principales/1.1.6-crear vacaciones: Test Cases/1.1-Tareas Principales/1.1.6-crear vacaciones

2023-04-10 08:40:58 - [TEST_STEP][PASSED] - callTestCase(findTestCase("Utilidades-(atajos_para _tareas)/Tareas Administracion Compensacion/Tarea Listado Empleados"), [:], STOP_ON_FAILURE): Call Test Case 'Test Cases/Utilidades-(atajos_para _tareas)/Tareas Administracion Compensacion/Tarea Listado Empleados' successfully

2023-04-10 08:40:58 - [TEST_CASE][PASSED] - Test Cases/Utilidades-(atajos_para _tareas)/Tareas Administracion Compensacion/Tarea Listado Empleados: Test Cases/Utilidades-(atajos_para _tareas)/Tareas Administracion Compensacion/Tarea Listado Empleados

2023-04-10 08:40:59 - [TEST_STEP][PASSED] - callTestCase(findTestCase("0.1-Login"), [:], STOP_ON_FAILURE): Call Test Case 'Test Cases/0.1-Login' successfully

2023-04-10 08:40:59 - [TEST_CASE][PASSED] - Test Cases/0.1-Login: Test Cases/0.1-Login

2023-04-10 08:40:59 - [TEST_STEP][PASSED] - openBrowser(""): Browser is opened with url: ''

2023-04-10 08:40:59 - [MESSAGE][INFO] - Starting 'Chrome' driver

2023-04-10 08:40:59 - [MESSAGE][INFO] - Action delay is set to 0 milliseconds

2023-04-10 08:41:00 - [MESSAGE][PASSED] - Browser is opened with url: ''

2023-04-10 08:41:00 - [TEST_STEP][PASSED] - maximizeWindow(): Current window maximized

2023-04-10 08:41:00 - [MESSAGE][PASSED] - Current window maximized

2023-04-10 08:41:00 - [TEST_STEP][PASSED] - i = G_Login: null

2023-04-10 08:41:00 - [TEST_STEP][PASSED] - url = new java.net.URL(i): null

2023-04-10 08:41:00 - [TEST_STEP][PASSED] - println("URL: " + url.toString()): null

2023-04-10 08:41:00 - [TEST_STEP][PASSED] - connection = url.openConnection(): null

2023-04-10 08:41:00 - [TEST_STEP][PASSED] - connection.setRequestMethod("GET"): null

2023-04-10 08:41:00 - [TEST_STEP][PASSED] - connection.setReadTimeout(2 * 1000): null

2023-04-10 08:41:00 - [TEST_STEP][PASSED] - try: null

2023-04-10 08:41:00 - [TEST_STEP][PASSED] - connection.connect(): null

2023-04-10 08:41:00 - [TEST_STEP][PASSED] - flag = connected: null

2023-04-10 08:41:00 - [TEST_STEP][PASSED] - println("Valor_ori: " + flag): null

2023-04-10 08:41:00 - [TEST_STEP][PASSED] - if (flag): null

2023-04-10 08:41:00 - [TEST_STEP][PASSED] - navigateToUrl(i): Navigate to 'http://192.168.2.19:8380/saraweb' successfully

2023-04-10 08:41:01 - [MESSAGE][PASSED] - Navigate to 'http://192.168.2.19:8380/saraweb' successfully

2023-04-10 08:41:01 - [TEST_STEP][PASSED] - a(): null

2023-04-10 08:41:01 - [TEST_STEP][PASSED] - if (waitForElementVisible(findTestObject("3-OBJECTS UTILIDADES/Login/input_USUARIO_loginusuario"), 0)): null

2023-04-10 08:41:01 - [MESSAGE][WARNING] - Timeout '0' is invalid. Using default page load timeout: '37'

2023-04-10 08:41:01 - [MESSAGE][PASSED] - Object 'Object Repository/3-OBJECTS UTILIDADES/Login/input_USUARIO_loginusuario' is visible

2023-04-10 08:41:01 - [TEST_STEP][PASSED] - switchToWindowTitle("SARA"): Switched to window with title: 'SARA'

2023-04-10 08:41:01 - [MESSAGE][PASSED] - Switched to window with title: 'SARA'

2023-04-10 08:41:01 - [TEST_STEP][PASSED] - zoom(): null

2023-04-10 08:41:01 - [TEST_STEP][PASSED] - robot = new java.awt.Robot(): null

2023-04-10 08:41:01 - [TEST_STEP][PASSED] - robot.keyPress(VK_CONTROL): null

2023-04-10 08:41:01 - [TEST_STEP][PASSED] - robot.keyPress(VK_SUBTRACT): null

2023-04-10 08:41:01 - [TEST_STEP][PASSED] - robot.keyRelease(VK_CONTROL): null

2023-04-10 08:41:01 - [TEST_STEP][PASSED] - robot.keyRelease(VK_SUBTRACT): null

2023-04-10 08:41:01 - [TEST_STEP][PASSED] - robot.keyPress(VK_CONTROL): null

2023-04-10 08:41:01 - [TEST_STEP][PASSED] - robot.keyPress(VK_SUBTRACT): null

2023-04-10 08:41:01 - [TEST_STEP][PASSED] - robot.keyRelease(VK_CONTROL): null

2023-04-10 08:41:01 - [TEST_STEP][PASSED] - robot.keyRelease(VK_SUBTRACT): null

2023-04-10 08:41:01 - [TEST_STEP][PASSED] - robot.keyPress(VK_CONTROL): null

2023-04-10 08:41:01 - [TEST_STEP][PASSED] - robot.keyPress(VK_SUBTRACT): null

2023-04-10 08:41:01 - [TEST_STEP][PASSED] - robot.keyRelease(VK_CONTROL): null

2023-04-10 08:41:01 - [TEST_STEP][PASSED] - robot.keyRelease(VK_SUBTRACT): null

2023-04-10 08:41:01 - [TEST_STEP][PASSED] - robot.keyRelease(VK_CONTROL): null

2023-04-10 08:41:01 - [TEST_STEP][PASSED] - robot.keyRelease(VK_SUBTRACT): null

2023-04-10 08:41:01 - [TEST_STEP][PASSED] - setText(findTestObject("3-OBJECTS UTILIDADES/Login/input_USUARIO_loginusuario"), G_Usuario): Text 'saraadmin' is set on object 'Object Repository/3-OBJECTS UTILIDADES/Login/input_USUARIO_loginusuario'

2023-04-10 08:41:02 - [MESSAGE][PASSED] - Text 'saraadmin' is set on object 'Object Repository/3-OBJECTS UTILIDADES/Login/input_USUARIO_loginusuario'

2023-04-10 08:41:02 - [TEST_STEP][PASSED] - setEncryptedText(findTestObject("3-OBJECTS UTILIDADES/Login/input_CLAVE_loginpassword"), "SlAwMcyRKqrwbnzhAs8HhT6NnI7sEyng"): Text ****** has been set on object 'Object Repository/3-OBJECTS UTILIDADES/Login/input_CLAVE_loginpassword'

2023-04-10 08:41:03 - [MESSAGE][PASSED] - Text ****** has been set on object 'Object Repository/3-OBJECTS UTILIDADES/Login/input_CLAVE_loginpassword'

2023-04-10 08:41:03 - [TEST_STEP][PASSED] - while (waitForElementClickable(findTestObject("3-OBJECTS UTILIDADES/Login/a_Ingresar"), 1)): Web element with id: 'Object Repository/3-OBJECTS UTILIDADES/Login/a_Ingresar' located by '//a[contains(text(),'Ingresar')]' not found

2023-04-10 08:41:06 - [MESSAGE][INFO] - Unable to find the element located by 'By.xpath: //a[contains(text(),'Ingresar')]'. Please recheck the objects properties to make sure the desired element is located. 

2023-04-10 08:41:06 - [MESSAGE][WARNING] - Web element with id: 'Object Repository/3-OBJECTS UTILIDADES/Login/a_Ingresar' located by '//a[contains(text(),'Ingresar')]' not found

2023-04-10 08:41:06 - [MESSAGE][PASSED] - Call Test Case 'Test Cases/0.1-Login' successfully

2023-04-10 08:41:06 - [TEST_STEP][PASSED] - setText(findTestObject("1-OBJECTS TAREAS PRINCIPALES/Modulo Tarea Listado Hojas de Vida/Tareas Listado Hojas de Vida/input_Listado Hojas De Vida_form_templatej_idt24_input"), "Listado de Empleados"): Text 'Listado de Empleados' is set on object 'Object Repository/1-OBJECTS TAREAS PRINCIPALES/Modulo Tarea Listado Hojas de Vida/Tareas Listado Hojas de Vida/input_Listado Hojas De Vida_form_templatej_idt24_input'

2023-04-10 08:41:06 - [MESSAGE][PASSED] - Text 'Listado de Empleados' is set on object 'Object Repository/1-OBJECTS TAREAS PRINCIPALES/Modulo Tarea Listado Hojas de Vida/Tareas Listado Hojas de Vida/input_Listado Hojas De Vida_form_templatej_idt24_input'

2023-04-10 08:41:06 - [TEST_STEP][PASSED] - waitForElementVisible(findTestObject("1-OBJECTS TAREAS PRINCIPALES/Modulo Tarea Listado Hojas de Vida/Tareas Listado Hojas de Vida/span_Listado de Empleados"), 0): Object 'Object Repository/1-OBJECTS TAREAS PRINCIPALES/Modulo Tarea Listado Hojas de Vida/Tareas Listado Hojas de Vida/span_Listado de Empleados' is visible

2023-04-10 08:41:06 - [MESSAGE][WARNING] - Timeout '0' is invalid. Using default page load timeout: '37'

2023-04-10 08:41:08 - [MESSAGE][PASSED] - Object 'Object Repository/1-OBJECTS TAREAS PRINCIPALES/Modulo Tarea Listado Hojas de Vida/Tareas Listado Hojas de Vida/span_Listado de Empleados' is visible

2023-04-10 08:41:08 - [TEST_STEP][PASSED] - click(findTestObject("1-OBJECTS TAREAS PRINCIPALES/Modulo Tarea Listado Hojas de Vida/Tareas Listado Hojas de Vida/span_Listado de Empleados")): Object: 'Object Repository/1-OBJECTS TAREAS PRINCIPALES/Modulo Tarea Listado Hojas de Vida/Tareas Listado Hojas de Vida/span_Listado de Empleados' is clicked on

2023-04-10 08:41:08 - [MESSAGE][PASSED] - Object: 'Object Repository/1-OBJECTS TAREAS PRINCIPALES/Modulo Tarea Listado Hojas de Vida/Tareas Listado Hojas de Vida/span_Listado de Empleados' is clicked on

2023-04-10 08:41:08 - [MESSAGE][PASSED] - Call Test Case 'Test Cases/Utilidades-(atajos_para _tareas)/Tareas Administracion Compensacion/Tarea Listado Empleados' successfully

2023-04-10 08:41:08 - [TEST_STEP][PASSED] - setText(findTestObject("1-OBJECTS TAREAS PRINCIPALES/Modulo Tarea Compensacion/Dias con Permisos Pasivos Permitidos/input_Identificacin_listadoEmpleadoIdentificacionEmpleado"), "1234567890"): Text '1234567890' is set on object 'Object Repository/1-OBJECTS TAREAS PRINCIPALES/Modulo Tarea Compensacion/Dias con Permisos Pasivos Permitidos/input_Identificacin_listadoEmpleadoIdentificacionEmpleado'

2023-04-10 08:41:10 - [MESSAGE][PASSED] - Text '1234567890' is set on object 'Object Repository/1-OBJECTS TAREAS PRINCIPALES/Modulo Tarea Compensacion/Dias con Permisos Pasivos Permitidos/input_Identificacin_listadoEmpleadoIdentificacionEmpleado'

2023-04-10 08:41:10 - [TEST_STEP][PASSED] - sendKeys(findTestObject("1-OBJECTS TAREAS PRINCIPALES/Modulo Tarea Compensacion/Dias con Permisos Pasivos Permitidos/input_Identificacin_listadoEmpleadoIdentificacionEmpleado"), Keys.chord(ENTER)): Keys 'ENTER + ' sent to object: 'Object Repository/1-OBJECTS TAREAS PRINCIPALES/Modulo Tarea Compensacion/Dias con Permisos Pasivos Permitidos/input_Identificacin_listadoEmpleadoIdentificacionEmpleado'

2023-04-10 08:41:10 - [MESSAGE][PASSED] - Keys 'ENTER + ' sent to object: 'Object Repository/1-OBJECTS TAREAS PRINCIPALES/Modulo Tarea Compensacion/Dias con Permisos Pasivos Permitidos/input_Identificacin_listadoEmpleadoIdentificacionEmpleado'

2023-04-10 08:41:10 - [TEST_STEP][PASSED] - waitForElementClickable(findTestObject("1-OBJECTS TAREAS PRINCIPALES/Modulo Tarea Compensacion/Dias con Permisos Pasivos Permitidos/span_Consta Belfegord Jhon"), G_TimeOut): Object 'Object Repository/1-OBJECTS TAREAS PRINCIPALES/Modulo Tarea Compensacion/Dias con Permisos Pasivos Permitidos/span_Consta Belfegord Jhon' is clickable

2023-04-10 08:41:12 - [MESSAGE][PASSED] - Object 'Object Repository/1-OBJECTS TAREAS PRINCIPALES/Modulo Tarea Compensacion/Dias con Permisos Pasivos Permitidos/span_Consta Belfegord Jhon' is clickable

2023-04-10 08:41:12 - [TEST_STEP][PASSED] - click(findTestObject("1-OBJECTS TAREAS PRINCIPALES/Modulo Tarea Compensacion/Dias con Permisos Pasivos Permitidos/span_Consta Belfegord Jhon")): Object: 'Object Repository/1-OBJECTS TAREAS PRINCIPALES/Modulo Tarea Compensacion/Dias con Permisos Pasivos Permitidos/span_Consta Belfegord Jhon' is clicked on

2023-04-10 08:41:12 - [MESSAGE][PASSED] - Object: 'Object Repository/1-OBJECTS TAREAS PRINCIPALES/Modulo Tarea Compensacion/Dias con Permisos Pasivos Permitidos/span_Consta Belfegord Jhon' is clicked on

2023-04-10 08:41:12 - [TEST_STEP][PASSED] - waitForElementClickable(findTestObject("1-OBJECTS TAREAS PRINCIPALES/Modulo Tarea Compensacion/Dias con Permisos Pasivos Permitidos/a_Vacacin"), G_TimeOut): Object 'Object Repository/1-OBJECTS TAREAS PRINCIPALES/Modulo Tarea Compensacion/Dias con Permisos Pasivos Permitidos/a_Vacacin' is clickable

2023-04-10 08:41:13 - [MESSAGE][PASSED] - Object 'Object Repository/1-OBJECTS TAREAS PRINCIPALES/Modulo Tarea Compensacion/Dias con Permisos Pasivos Permitidos/a_Vacacin' is clickable

2023-04-10 08:41:13 - [TEST_STEP][PASSED] - click(findTestObject("1-OBJECTS TAREAS PRINCIPALES/Modulo Tarea Compensacion/Dias con Permisos Pasivos Permitidos/a_Vacacin")): Object: 'Object Repository/1-OBJECTS TAREAS PRINCIPALES/Modulo Tarea Compensacion/Dias con Permisos Pasivos Permitidos/a_Vacacin' is clicked on

2023-04-10 08:41:14 - [MESSAGE][PASSED] - Object: 'Object Repository/1-OBJECTS TAREAS PRINCIPALES/Modulo Tarea Compensacion/Dias con Permisos Pasivos Permitidos/a_Vacacin' is clicked on

2023-04-10 08:41:14 - [TEST_STEP][PASSED] - if (waitForElementClickable(findTestObject("1-OBJECTS TAREAS PRINCIPALES/Modulo Tarea Compensacion/Dias con Permisos Pasivos Permitidos/span_Programacion De Vacaciones"), G_TimeOut)): Web element with id: 'Object Repository/1-OBJECTS TAREAS PRINCIPALES/Modulo Tarea Compensacion/Dias con Permisos Pasivos Permitidos/span_Programacion De Vacaciones' located by '//*/text()[normalize-space(.)='Programacion De Vacaciones']/parent::*' not found

2023-04-10 08:41:25 - [MESSAGE][INFO] - Unable to find the element located by 'By.xpath: //*/text()[normalize-space(.)='Programacion De Vacaciones']/parent::*'. Please recheck the objects properties to make sure the desired element is located. 

2023-04-10 08:41:25 - [MESSAGE][WARNING] - Web element with id: 'Object Repository/1-OBJECTS TAREAS PRINCIPALES/Modulo Tarea Compensacion/Dias con Permisos Pasivos Permitidos/span_Programacion De Vacaciones' located by '//*/text()[normalize-space(.)='Programacion De Vacaciones']/parent::*' not found

2023-04-10 08:41:25 - [TEST_STEP][PASSED] - click(findTestObject("1-OBJECTS TAREAS PRINCIPALES/Modulo Tarea Compensacion/Dias con Permisos Pasivos Permitidos/a_Histrico")): Object: 'Object Repository/1-OBJECTS TAREAS PRINCIPALES/Modulo Tarea Compensacion/Dias con Permisos Pasivos Permitidos/a_Histrico' is clicked on

2023-04-10 08:41:25 - [MESSAGE][PASSED] - Object: 'Object Repository/1-OBJECTS TAREAS PRINCIPALES/Modulo Tarea Compensacion/Dias con Permisos Pasivos Permitidos/a_Histrico' is clicked on

2023-04-10 08:41:25 - [TEST_STEP][PASSED] - if (waitForElementClickable(findTestObject("1-OBJECTS TAREAS PRINCIPALES/Modulo Tarea Compensacion/Dias con Permisos Pasivos Permitidos/span_Programacion De Vacaciones"), 1)): Web element with id: 'Object Repository/1-OBJECTS TAREAS PRINCIPALES/Modulo Tarea Compensacion/Dias con Permisos Pasivos Permitidos/span_Programacion De Vacaciones' located by '//*/text()[normalize-space(.)='Programacion De Vacaciones']/parent::*' not found

2023-04-10 08:41:27 - [MESSAGE][INFO] - Unable to find the element located by 'By.xpath: //*/text()[normalize-space(.)='Programacion De Vacaciones']/parent::*'. Please recheck the objects properties to make sure the desired element is located. 

2023-04-10 08:41:27 - [MESSAGE][WARNING] - Web element with id: 'Object Repository/1-OBJECTS TAREAS PRINCIPALES/Modulo Tarea Compensacion/Dias con Permisos Pasivos Permitidos/span_Programacion De Vacaciones' located by '//*/text()[normalize-space(.)='Programacion De Vacaciones']/parent::*' not found

2023-04-10 08:41:27 - [TEST_STEP][PASSED] - click(findTestObject("1-OBJECTS TAREAS PRINCIPALES/Modulo Tarea Compensacion/Dias con Permisos Pasivos Permitidos/a_Vacaciones")): Object: 'Object Repository/1-OBJECTS TAREAS PRINCIPALES/Modulo Tarea Compensacion/Dias con Permisos Pasivos Permitidos/a_Vacaciones' is clicked on

2023-04-10 08:41:28 - [MESSAGE][PASSED] - Object: 'Object Repository/1-OBJECTS TAREAS PRINCIPALES/Modulo Tarea Compensacion/Dias con Permisos Pasivos Permitidos/a_Vacaciones' is clicked on

2023-04-10 08:41:28 - [TEST_STEP][PASSED] - waitForElementClickable(findTestObject("1-OBJECTS TAREAS PRINCIPALES/Modulo Tarea Compensacion/Dias con Permisos Pasivos Permitidos/a_Nuevo Pasivo"), G_TimeOut): Object 'Object Repository/1-OBJECTS TAREAS PRINCIPALES/Modulo Tarea Compensacion/Dias con Permisos Pasivos Permitidos/a_Nuevo Pasivo' is clickable

2023-04-10 08:41:28 - [MESSAGE][PASSED] - Object 'Object Repository/1-OBJECTS TAREAS PRINCIPALES/Modulo Tarea Compensacion/Dias con Permisos Pasivos Permitidos/a_Nuevo Pasivo' is clickable

2023-04-10 08:41:28 - [TEST_STEP][PASSED] - click(findTestObject("1-OBJECTS TAREAS PRINCIPALES/Modulo Tarea Compensacion/Dias con Permisos Pasivos Permitidos/a_Nuevo Pasivo")): Object: 'Object Repository/1-OBJECTS TAREAS PRINCIPALES/Modulo Tarea Compensacion/Dias con Permisos Pasivos Permitidos/a_Nuevo Pasivo' is clicked on

2023-04-10 08:41:29 - [MESSAGE][PASSED] - Object: 'Object Repository/1-OBJECTS TAREAS PRINCIPALES/Modulo Tarea Compensacion/Dias con Permisos Pasivos Permitidos/a_Nuevo Pasivo' is clicked on

2023-04-10 08:41:29 - [TEST_STEP][PASSED] - click(findTestObject("1-OBJECTS TAREAS PRINCIPALES/Modulo Tarea Compensacion/Dias con Permisos Pasivos Permitidos/a_pestaa Vacaciones")): Object: 'Object Repository/1-OBJECTS TAREAS PRINCIPALES/Modulo Tarea Compensacion/Dias con Permisos Pasivos Permitidos/a_pestaa Vacaciones' is clicked on

2023-04-10 08:41:29 - [MESSAGE][PASSED] - Object: 'Object Repository/1-OBJECTS TAREAS PRINCIPALES/Modulo Tarea Compensacion/Dias con Permisos Pasivos Permitidos/a_pestaa Vacaciones' is clicked on

2023-04-10 08:41:29 - [TEST_STEP][PASSED] - selectOptionByIndex(findTestObject("1-OBJECTS TAREAS PRINCIPALES/Modulo Tarea Compensacion/Dias con Permisos Pasivos Permitidos/select_APLAZAMIENTOPROGRAMACION DE VACACIONES"), "2"): All options with index in [2] are selected on object 'Object Repository/1-OBJECTS TAREAS PRINCIPALES/Modulo Tarea Compensacion/Dias con Permisos Pasivos Permitidos/select_APLAZAMIENTOPROGRAMACION DE VACACIONES'

2023-04-10 08:41:31 - [MESSAGE][PASSED] - All options with index in [2] are selected on object 'Object Repository/1-OBJECTS TAREAS PRINCIPALES/Modulo Tarea Compensacion/Dias con Permisos Pasivos Permitidos/select_APLAZAMIENTOPROGRAMACION DE VACACIONES'

2023-04-10 08:41:31 - [TEST_STEP][PASSED] - selectOptionByIndex(findTestObject("1-OBJECTS TAREAS PRINCIPALES/Modulo Tarea Compensacion/Dias con Permisos Pasivos Permitidos/select_InterrupcinNo Aplica"), "1"): All options with index in [1] are selected on object 'Object Repository/1-OBJECTS TAREAS PRINCIPALES/Modulo Tarea Compensacion/Dias con Permisos Pasivos Permitidos/select_InterrupcinNo Aplica'

2023-04-10 08:41:32 - [MESSAGE][PASSED] - All options with index in [1] are selected on object 'Object Repository/1-OBJECTS TAREAS PRINCIPALES/Modulo Tarea Compensacion/Dias con Permisos Pasivos Permitidos/select_InterrupcinNo Aplica'

2023-04-10 08:41:32 - [TEST_STEP][PASSED] - setText(findTestObject("1-OBJECTS TAREAS PRINCIPALES/Modulo Tarea Compensacion/Dias con Permisos Pasivos Permitidos/input_Periodo Servicio_form_"), "01/06/2021"): Text '01/06/2021' is set on object 'Object Repository/1-OBJECTS TAREAS PRINCIPALES/Modulo Tarea Compensacion/Dias con Permisos Pasivos Permitidos/input_Periodo Servicio_form_'

2023-04-10 08:41:33 - [MESSAGE][PASSED] - Text '01/06/2021' is set on object 'Object Repository/1-OBJECTS TAREAS PRINCIPALES/Modulo Tarea Compensacion/Dias con Permisos Pasivos Permitidos/input_Periodo Servicio_form_'

2023-04-10 08:41:33 - [TEST_STEP][PASSED] - sendKeys(findTestObject("1-OBJECTS TAREAS PRINCIPALES/Modulo Tarea Compensacion/Dias con Permisos Pasivos Permitidos/input_Periodo Servicio_form_"), Keys.chord(ENTER)): Keys 'ENTER + ' sent to object: 'Object Repository/1-OBJECTS TAREAS PRINCIPALES/Modulo Tarea Compensacion/Dias con Permisos Pasivos Permitidos/input_Periodo Servicio_form_'

2023-04-10 08:41:33 - [MESSAGE][PASSED] - Keys 'ENTER + ' sent to object: 'Object Repository/1-OBJECTS TAREAS PRINCIPALES/Modulo Tarea Compensacion/Dias con Permisos Pasivos Permitidos/input_Periodo Servicio_form_'

2023-04-10 08:41:33 - [TEST_STEP][PASSED] - setText(findTestObject("1-OBJECTS TAREAS PRINCIPALES/Modulo Tarea Compensacion/Dias con Permisos Pasivos Permitidos/input_Periodo Servicio_form_"), "01/06/2021"): Text '01/06/2021' is set on object 'Object Repository/1-OBJECTS TAREAS PRINCIPALES/Modulo Tarea Compensacion/Dias con Permisos Pasivos Permitidos/input_Periodo Servicio_form_'

2023-04-10 08:41:34 - [MESSAGE][PASSED] - Text '01/06/2021' is set on object 'Object Repository/1-OBJECTS TAREAS PRINCIPALES/Modulo Tarea Compensacion/Dias con Permisos Pasivos Permitidos/input_Periodo Servicio_form_'

2023-04-10 08:41:34 - [TEST_STEP][PASSED] - click(findTestObject("1-OBJECTS TAREAS PRINCIPALES/Modulo Tarea Compensacion/Dias con Permisos Pasivos Permitidos/span_Periodo Servicio"), STOP_ON_FAILURE): Object: 'Object Repository/1-OBJECTS TAREAS PRINCIPALES/Modulo Tarea Compensacion/Dias con Permisos Pasivos Permitidos/span_Periodo Servicio' is clicked on

2023-04-10 08:41:34 - [MESSAGE][PASSED] - Object: 'Object Repository/1-OBJECTS TAREAS PRINCIPALES/Modulo Tarea Compensacion/Dias con Permisos Pasivos Permitidos/span_Periodo Servicio' is clicked on

2023-04-10 08:41:34 - [TEST_STEP][PASSED] - setText(findTestObject("1-OBJECTS TAREAS PRINCIPALES/Modulo Tarea Compensacion/Dias con Permisos Pasivos Permitidos/input_Periodo Servicio_form_vacaciones"), "06/06/2021"): Text '06/06/2021' is set on object 'Object Repository/1-OBJECTS TAREAS PRINCIPALES/Modulo Tarea Compensacion/Dias con Permisos Pasivos Permitidos/input_Periodo Servicio_form_vacaciones'

2023-04-10 08:41:35 - [MESSAGE][PASSED] - Text '06/06/2021' is set on object 'Object Repository/1-OBJECTS TAREAS PRINCIPALES/Modulo Tarea Compensacion/Dias con Permisos Pasivos Permitidos/input_Periodo Servicio_form_vacaciones'

2023-04-10 08:41:35 - [TEST_STEP][PASSED] - sendKeys(findTestObject("1-OBJECTS TAREAS PRINCIPALES/Modulo Tarea Compensacion/Dias con Permisos Pasivos Permitidos/input_Periodo Servicio_form_vacaciones"), Keys.chord(ENTER)): Keys 'ENTER + ' sent to object: 'Object Repository/1-OBJECTS TAREAS PRINCIPALES/Modulo Tarea Compensacion/Dias con Permisos Pasivos Permitidos/input_Periodo Servicio_form_vacaciones'

2023-04-10 08:41:36 - [MESSAGE][PASSED] - Keys 'ENTER + ' sent to object: 'Object Repository/1-OBJECTS TAREAS PRINCIPALES/Modulo Tarea Compensacion/Dias con Permisos Pasivos Permitidos/input_Periodo Servicio_form_vacaciones'

2023-04-10 08:41:36 - [TEST_STEP][PASSED] - setText(findTestObject("1-OBJECTS TAREAS PRINCIPALES/Modulo Tarea Compensacion/Dias con Permisos Pasivos Permitidos/input_Das_form_vacacionesEmpleadotabs"), "5"): Text '5' is set on object 'Object Repository/1-OBJECTS TAREAS PRINCIPALES/Modulo Tarea Compensacion/Dias con Permisos Pasivos Permitidos/input_Das_form_vacacionesEmpleadotabs'

2023-04-10 08:41:36 - [MESSAGE][PASSED] - Text '5' is set on object 'Object Repository/1-OBJECTS TAREAS PRINCIPALES/Modulo Tarea Compensacion/Dias con Permisos Pasivos Permitidos/input_Das_form_vacacionesEmpleadotabs'

2023-04-10 08:41:36 - [TEST_STEP][PASSED] - setText(findTestObject("1-OBJECTS TAREAS PRINCIPALES/Modulo Tarea Compensacion/Dias con Permisos Pasivos Permitidos/input_Fecha Origen_form_vacaciones"), "01/06/2021"): Text '01/06/2021' is set on object 'Object Repository/1-OBJECTS TAREAS PRINCIPALES/Modulo Tarea Compensacion/Dias con Permisos Pasivos Permitidos/input_Fecha Origen_form_vacaciones'

2023-04-10 08:41:37 - [MESSAGE][PASSED] - Text '01/06/2021' is set on object 'Object Repository/1-OBJECTS TAREAS PRINCIPALES/Modulo Tarea Compensacion/Dias con Permisos Pasivos Permitidos/input_Fecha Origen_form_vacaciones'

2023-04-10 08:41:37 - [TEST_STEP][PASSED] - sendKeys(findTestObject("1-OBJECTS TAREAS PRINCIPALES/Modulo Tarea Compensacion/Dias con Permisos Pasivos Permitidos/input_Fecha Origen_form_vacaciones"), Keys.chord(ENTER)): Keys 'ENTER + ' sent to object: 'Object Repository/1-OBJECTS TAREAS PRINCIPALES/Modulo Tarea Compensacion/Dias con Permisos Pasivos Permitidos/input_Fecha Origen_form_vacaciones'

2023-04-10 08:41:38 - [MESSAGE][PASSED] - Keys 'ENTER + ' sent to object: 'Object Repository/1-OBJECTS TAREAS PRINCIPALES/Modulo Tarea Compensacion/Dias con Permisos Pasivos Permitidos/input_Fecha Origen_form_vacaciones'

2023-04-10 08:41:38 - [TEST_STEP][PASSED] - waitForElementClickable(findTestObject("1-OBJECTS TAREAS PRINCIPALES/Modulo Tarea Compensacion/Dias con Permisos Pasivos Permitidos/a_Guardar"), G_TimeOut): Object 'Object Repository/1-OBJECTS TAREAS PRINCIPALES/Modulo Tarea Compensacion/Dias con Permisos Pasivos Permitidos/a_Guardar' is clickable

2023-04-10 08:41:38 - [MESSAGE][PASSED] - Object 'Object Repository/1-OBJECTS TAREAS PRINCIPALES/Modulo Tarea Compensacion/Dias con Permisos Pasivos Permitidos/a_Guardar' is clickable

2023-04-10 08:41:38 - [TEST_STEP][PASSED] - click(findTestObject("1-OBJECTS TAREAS PRINCIPALES/Modulo Tarea Compensacion/Dias con Permisos Pasivos Permitidos/a_Guardar")): Object: 'Object Repository/1-OBJECTS TAREAS PRINCIPALES/Modulo Tarea Compensacion/Dias con Permisos Pasivos Permitidos/a_Guardar' is clicked on

2023-04-10 08:41:39 - [MESSAGE][PASSED] - Object: 'Object Repository/1-OBJECTS TAREAS PRINCIPALES/Modulo Tarea Compensacion/Dias con Permisos Pasivos Permitidos/a_Guardar' is clicked on

2023-04-10 08:41:39 - [TEST_STEP][PASSED] - waitForElementClickable(findTestObject("1-OBJECTS TAREAS PRINCIPALES/Modulo Tarea Compensacion/Dias con Permisos Pasivos Permitidos/a_Regresar"), G_TimeOut): Object 'Object Repository/1-OBJECTS TAREAS PRINCIPALES/Modulo Tarea Compensacion/Dias con Permisos Pasivos Permitidos/a_Regresar' is clickable

2023-04-10 08:41:40 - [MESSAGE][PASSED] - Object 'Object Repository/1-OBJECTS TAREAS PRINCIPALES/Modulo Tarea Compensacion/Dias con Permisos Pasivos Permitidos/a_Regresar' is clickable

2023-04-10 08:41:40 - [TEST_STEP][PASSED] - click(findTestObject("1-OBJECTS TAREAS PRINCIPALES/Modulo Tarea Compensacion/Dias con Permisos Pasivos Permitidos/a_Regresar")): Object: 'Object Repository/1-OBJECTS TAREAS PRINCIPALES/Modulo Tarea Compensacion/Dias con Permisos Pasivos Permitidos/a_Regresar' is clicked on

2023-04-10 08:41:40 - [MESSAGE][PASSED] - Object: 'Object Repository/1-OBJECTS TAREAS PRINCIPALES/Modulo Tarea Compensacion/Dias con Permisos Pasivos Permitidos/a_Regresar' is clicked on

2023-04-10 08:41:40 - [TEST_STEP][PASSED] - if (waitForElementClickable(findTestObject("1-OBJECTS TAREAS PRINCIPALES/Modulo Tarea Compensacion/Dias con Permisos Pasivos Permitidos/td_02062021"), 1)): Web element with id: 'Object Repository/1-OBJECTS TAREAS PRINCIPALES/Modulo Tarea Compensacion/Dias con Permisos Pasivos Permitidos/td_02062021' located by '//*/text()[normalize-space(.)='02/06/2021']/parent::*' not found

2023-04-10 08:41:43 - [MESSAGE][INFO] - Unable to find the element located by 'By.xpath: //*/text()[normalize-space(.)='02/06/2021']/parent::*'. Please recheck the objects properties to make sure the desired element is located. 

2023-04-10 08:41:43 - [MESSAGE][WARNING] - Web element with id: 'Object Repository/1-OBJECTS TAREAS PRINCIPALES/Modulo Tarea Compensacion/Dias con Permisos Pasivos Permitidos/td_02062021' located by '//*/text()[normalize-space(.)='02/06/2021']/parent::*' not found

2023-04-10 08:41:43 - [TEST_STEP][PASSED] - waitForElementClickable(findTestObject("1-OBJECTS TAREAS PRINCIPALES/Modulo Tarea Compensacion/Dias con Permisos Pasivos Permitidos/a_Nueva Solicitud"), G_TimeOut): Object 'Object Repository/1-OBJECTS TAREAS PRINCIPALES/Modulo Tarea Compensacion/Dias con Permisos Pasivos Permitidos/a_Nueva Solicitud' is clickable

2023-04-10 08:41:43 - [MESSAGE][PASSED] - Object 'Object Repository/1-OBJECTS TAREAS PRINCIPALES/Modulo Tarea Compensacion/Dias con Permisos Pasivos Permitidos/a_Nueva Solicitud' is clickable

2023-04-10 08:41:43 - [TEST_STEP][PASSED] - click(findTestObject("1-OBJECTS TAREAS PRINCIPALES/Modulo Tarea Compensacion/Dias con Permisos Pasivos Permitidos/a_Nueva Solicitud")): Object: 'Object Repository/1-OBJECTS TAREAS PRINCIPALES/Modulo Tarea Compensacion/Dias con Permisos Pasivos Permitidos/a_Nueva Solicitud' is clicked on

2023-04-10 08:41:43 - [MESSAGE][PASSED] - Object: 'Object Repository/1-OBJECTS TAREAS PRINCIPALES/Modulo Tarea Compensacion/Dias con Permisos Pasivos Permitidos/a_Nueva Solicitud' is clicked on

2023-04-10 08:41:43 - [TEST_STEP][PASSED] - setText(findTestObject("1-OBJECTS TAREAS PRINCIPALES/Modulo Tarea Compensacion/Dias con Permisos Pasivos Permitidos/input_Salida Nomina_form_vacaciones"), "01/06/2021"): Text '01/06/2021' is set on object 'Object Repository/1-OBJECTS TAREAS PRINCIPALES/Modulo Tarea Compensacion/Dias con Permisos Pasivos Permitidos/input_Salida Nomina_form_vacaciones'

2023-04-10 08:41:45 - [MESSAGE][PASSED] - Text '01/06/2021' is set on object 'Object Repository/1-OBJECTS TAREAS PRINCIPALES/Modulo Tarea Compensacion/Dias con Permisos Pasivos Permitidos/input_Salida Nomina_form_vacaciones'

2023-04-10 08:41:45 - [TEST_STEP][PASSED] - selectOptionByIndex(findTestObject("1-OBJECTS TAREAS PRINCIPALES/Modulo Tarea Compensacion/Dias con Permisos Pasivos Permitidos/select_SeleccioneChequeEntidad_"), "3"): All options with index in [3] are selected on object 'Object Repository/1-OBJECTS TAREAS PRINCIPALES/Modulo Tarea Compensacion/Dias con Permisos Pasivos Permitidos/select_SeleccioneChequeEntidad_'

2023-04-10 08:41:46 - [MESSAGE][PASSED] - All options with index in [3] are selected on object 'Object Repository/1-OBJECTS TAREAS PRINCIPALES/Modulo Tarea Compensacion/Dias con Permisos Pasivos Permitidos/select_SeleccioneChequeEntidad_'

2023-04-10 08:41:46 - [TEST_STEP][PASSED] - setText(findTestObject("1-OBJECTS TAREAS PRINCIPALES/Modulo Tarea Compensacion/Dias con Permisos Pasivos Permitidos/input_Pago_form_vacacionesEmpleado"), "01/06/2021"): Text '01/06/2021' is set on object 'Object Repository/1-OBJECTS TAREAS PRINCIPALES/Modulo Tarea Compensacion/Dias con Permisos Pasivos Permitidos/input_Pago_form_vacacionesEmpleado'

2023-04-10 08:41:47 - [MESSAGE][PASSED] - Text '01/06/2021' is set on object 'Object Repository/1-OBJECTS TAREAS PRINCIPALES/Modulo Tarea Compensacion/Dias con Permisos Pasivos Permitidos/input_Pago_form_vacacionesEmpleado'

2023-04-10 08:41:47 - [TEST_STEP][PASSED] - sendKeys(findTestObject("1-OBJECTS TAREAS PRINCIPALES/Modulo Tarea Compensacion/Dias con Permisos Pasivos Permitidos/input_Pago_form_vacacionesEmpleado"), Keys.chord(ENTER)): Keys 'ENTER + ' sent to object: 'Object Repository/1-OBJECTS TAREAS PRINCIPALES/Modulo Tarea Compensacion/Dias con Permisos Pasivos Permitidos/input_Pago_form_vacacionesEmpleado'

2023-04-10 08:41:47 - [MESSAGE][PASSED] - Keys 'ENTER + ' sent to object: 'Object Repository/1-OBJECTS TAREAS PRINCIPALES/Modulo Tarea Compensacion/Dias con Permisos Pasivos Permitidos/input_Pago_form_vacacionesEmpleado'

2023-04-10 08:41:47 - [TEST_STEP][PASSED] - setText(findTestObject("1-OBJECTS TAREAS PRINCIPALES/Modulo Tarea Compensacion/Dias con Permisos Pasivos Permitidos/input_Disfrute_form_vacacionesEmpleado"), "1"): Text '1' is set on object 'Object Repository/1-OBJECTS TAREAS PRINCIPALES/Modulo Tarea Compensacion/Dias con Permisos Pasivos Permitidos/input_Disfrute_form_vacacionesEmpleado'

2023-04-10 08:41:48 - [MESSAGE][PASSED] - Text '1' is set on object 'Object Repository/1-OBJECTS TAREAS PRINCIPALES/Modulo Tarea Compensacion/Dias con Permisos Pasivos Permitidos/input_Disfrute_form_vacacionesEmpleado'

2023-04-10 08:41:48 - [TEST_STEP][PASSED] - setText(findTestObject("1-OBJECTS TAREAS PRINCIPALES/Modulo Tarea Compensacion/Dias con Permisos Pasivos Permitidos/input_Compensados_form_vacaciones"), "1"): Text '1' is set on object 'Object Repository/1-OBJECTS TAREAS PRINCIPALES/Modulo Tarea Compensacion/Dias con Permisos Pasivos Permitidos/input_Compensados_form_vacaciones'

2023-04-10 08:41:49 - [MESSAGE][PASSED] - Text '1' is set on object 'Object Repository/1-OBJECTS TAREAS PRINCIPALES/Modulo Tarea Compensacion/Dias con Permisos Pasivos Permitidos/input_Compensados_form_vacaciones'

2023-04-10 08:41:49 - [TEST_STEP][PASSED] - setText(findTestObject("1-OBJECTS TAREAS PRINCIPALES/Modulo Tarea Compensacion/Dias con Permisos Pasivos Permitidos/textarea_Observacin_form_vacaciones"), "Pruebas sara"): Text 'Pruebas sara' is set on object 'Object Repository/1-OBJECTS TAREAS PRINCIPALES/Modulo Tarea Compensacion/Dias con Permisos Pasivos Permitidos/textarea_Observacin_form_vacaciones'

2023-04-10 08:41:50 - [MESSAGE][PASSED] - Text 'Pruebas sara' is set on object 'Object Repository/1-OBJECTS TAREAS PRINCIPALES/Modulo Tarea Compensacion/Dias con Permisos Pasivos Permitidos/textarea_Observacin_form_vacaciones'

2023-04-10 08:41:50 - [TEST_STEP][PASSED] - waitForElementClickable(findTestObject("1-OBJECTS TAREAS PRINCIPALES/Modulo Tarea Compensacion/Dias con Permisos Pasivos Permitidos/a_Verificar"), G_TimeOut): Object 'Object Repository/1-OBJECTS TAREAS PRINCIPALES/Modulo Tarea Compensacion/Dias con Permisos Pasivos Permitidos/a_Verificar' is clickable

2023-04-10 08:41:50 - [MESSAGE][PASSED] - Object 'Object Repository/1-OBJECTS TAREAS PRINCIPALES/Modulo Tarea Compensacion/Dias con Permisos Pasivos Permitidos/a_Verificar' is clickable

2023-04-10 08:41:50 - [TEST_STEP][PASSED] - click(findTestObject("1-OBJECTS TAREAS PRINCIPALES/Modulo Tarea Compensacion/Dias con Permisos Pasivos Permitidos/a_Verificar")): Object: 'Object Repository/1-OBJECTS TAREAS PRINCIPALES/Modulo Tarea Compensacion/Dias con Permisos Pasivos Permitidos/a_Verificar' is clicked on

2023-04-10 08:41:51 - [MESSAGE][PASSED] - Object: 'Object Repository/1-OBJECTS TAREAS PRINCIPALES/Modulo Tarea Compensacion/Dias con Permisos Pasivos Permitidos/a_Verificar' is clicked on

2023-04-10 08:41:51 - [TEST_STEP][PASSED] - waitForElementClickable(findTestObject("1-OBJECTS TAREAS PRINCIPALES/Modulo Tarea Compensacion/Dias con Permisos Pasivos Permitidos/a_Guardar_solicitudes"), 0): Object 'Object Repository/1-OBJECTS TAREAS PRINCIPALES/Modulo Tarea Compensacion/Dias con Permisos Pasivos Permitidos/a_Guardar_solicitudes' is clickable

2023-04-10 08:41:51 - [MESSAGE][WARNING] - Timeout '0' is invalid. Using default page load timeout: '37'

2023-04-10 08:41:55 - [MESSAGE][PASSED] - Object 'Object Repository/1-OBJECTS TAREAS PRINCIPALES/Modulo Tarea Compensacion/Dias con Permisos Pasivos Permitidos/a_Guardar_solicitudes' is clickable

2023-04-10 08:41:55 - [TEST_STEP][PASSED] - click(findTestObject("1-OBJECTS TAREAS PRINCIPALES/Modulo Tarea Compensacion/Dias con Permisos Pasivos Permitidos/a_Guardar_solicitudes")): Object: 'Object Repository/1-OBJECTS TAREAS PRINCIPALES/Modulo Tarea Compensacion/Dias con Permisos Pasivos Permitidos/a_Guardar_solicitudes' is clicked on

2023-04-10 08:41:55 - [MESSAGE][PASSED] - Object: 'Object Repository/1-OBJECTS TAREAS PRINCIPALES/Modulo Tarea Compensacion/Dias con Permisos Pasivos Permitidos/a_Guardar_solicitudes' is clicked on

2023-04-10 08:41:55 - [TEST_STEP][PASSED] - Alerta = getText(findTestObject("3-OBJECTS UTILIDADES/Alerta/Alerta")): Text of object 'Object Repository/3-OBJECTS UTILIDADES/Alerta/Alerta' is: 'Se modifico exitosamente su solicitud'

2023-04-10 08:41:57 - [MESSAGE][PASSED] - Text of object 'Object Repository/3-OBJECTS UTILIDADES/Alerta/Alerta' is: 'Se modifico exitosamente su solicitud'

2023-04-10 08:41:57 - [TEST_STEP][PASSED] - click(findTestObject("1-OBJECTS TAREAS PRINCIPALES/Modulo Tarea Compensacion/Dias con Permisos Pasivos Permitidos/a_Regresar_vacaciones")): Object: 'Object Repository/1-OBJECTS TAREAS PRINCIPALES/Modulo Tarea Compensacion/Dias con Permisos Pasivos Permitidos/a_Regresar_vacaciones' is clicked on

2023-04-10 08:41:57 - [MESSAGE][PASSED] - Object: 'Object Repository/1-OBJECTS TAREAS PRINCIPALES/Modulo Tarea Compensacion/Dias con Permisos Pasivos Permitidos/a_Regresar_vacaciones' is clicked on

2023-04-10 08:41:57 - [TEST_STEP][PASSED] - if (Alerta == "Se modifico exitosamente su solicitud"): null

2023-04-10 08:41:57 - [TEST_STEP][PASSED] - resultado = "PRUEBA OK": null]]></system-out>
         <system-err><![CDATA[]]></system-err>
      </testcase>
      <testcase name="Test Cases/1.1-Tareas Principales/1.1.7-Generar Vacaciones" time="73.721" classname="Test Cases/1.1-Tareas Principales/1.1.7-Generar Vacaciones" status="PASSED">
         <system-out><![CDATA[2023-04-10 08:41:57 - [TEST_CASE][PASSED] - Test Cases/1.1-Tareas Principales/1.1.7-Generar Vacaciones: Test Cases/1.1-Tareas Principales/1.1.7-Generar Vacaciones

2023-04-10 08:41:57 - [TEST_STEP][PASSED] - callTestCase(findTestCase("1.1-Tareas Principales/1.1.6-crear vacaciones"), [:], STOP_ON_FAILURE): Call Test Case 'Test Cases/1.1-Tareas Principales/1.1.6-crear vacaciones' successfully

2023-04-10 08:41:57 - [TEST_CASE][PASSED] - Test Cases/1.1-Tareas Principales/1.1.6-crear vacaciones: Test Cases/1.1-Tareas Principales/1.1.6-crear vacaciones

2023-04-10 08:41:57 - [TEST_STEP][PASSED] - callTestCase(findTestCase("Utilidades-(atajos_para _tareas)/Tareas Administracion Compensacion/Tarea Listado Empleados"), [:], STOP_ON_FAILURE): Call Test Case 'Test Cases/Utilidades-(atajos_para _tareas)/Tareas Administracion Compensacion/Tarea Listado Empleados' successfully

2023-04-10 08:41:58 - [TEST_CASE][PASSED] - Test Cases/Utilidades-(atajos_para _tareas)/Tareas Administracion Compensacion/Tarea Listado Empleados: Test Cases/Utilidades-(atajos_para _tareas)/Tareas Administracion Compensacion/Tarea Listado Empleados

2023-04-10 08:41:58 - [TEST_STEP][PASSED] - callTestCase(findTestCase("0.1-Login"), [:], STOP_ON_FAILURE): Call Test Case 'Test Cases/0.1-Login' successfully

2023-04-10 08:41:58 - [TEST_CASE][PASSED] - Test Cases/0.1-Login: Test Cases/0.1-Login

2023-04-10 08:41:58 - [TEST_STEP][PASSED] - openBrowser(""): Browser is opened with url: ''

2023-04-10 08:41:58 - [MESSAGE][WARNING] - A browser is already opened. Closing browser and opening a new one

2023-04-10 08:41:58 - [MESSAGE][INFO] - Starting 'Chrome' driver

2023-04-10 08:41:58 - [MESSAGE][INFO] - Action delay is set to 0 milliseconds

2023-04-10 08:42:00 - [MESSAGE][PASSED] - Browser is opened with url: ''

2023-04-10 08:42:00 - [TEST_STEP][PASSED] - maximizeWindow(): Current window maximized

2023-04-10 08:42:00 - [MESSAGE][PASSED] - Current window maximized

2023-04-10 08:42:00 - [TEST_STEP][PASSED] - i = G_Login: null

2023-04-10 08:42:00 - [TEST_STEP][PASSED] - url = new java.net.URL(i): null

2023-04-10 08:42:00 - [TEST_STEP][PASSED] - println("URL: " + url.toString()): null

2023-04-10 08:42:00 - [TEST_STEP][PASSED] - connection = url.openConnection(): null

2023-04-10 08:42:00 - [TEST_STEP][PASSED] - connection.setRequestMethod("GET"): null

2023-04-10 08:42:00 - [TEST_STEP][PASSED] - connection.setReadTimeout(2 * 1000): null

2023-04-10 08:42:00 - [TEST_STEP][PASSED] - try: null

2023-04-10 08:42:00 - [TEST_STEP][PASSED] - connection.connect(): null

2023-04-10 08:42:00 - [TEST_STEP][PASSED] - flag = connected: null

2023-04-10 08:42:00 - [TEST_STEP][PASSED] - println("Valor_ori: " + flag): null

2023-04-10 08:42:00 - [TEST_STEP][PASSED] - if (flag): null

2023-04-10 08:42:00 - [TEST_STEP][PASSED] - navigateToUrl(i): Navigate to 'http://192.168.2.19:8380/saraweb' successfully

2023-04-10 08:42:00 - [MESSAGE][PASSED] - Navigate to 'http://192.168.2.19:8380/saraweb' successfully

2023-04-10 08:42:00 - [TEST_STEP][PASSED] - a(): null

2023-04-10 08:42:00 - [TEST_STEP][PASSED] - if (waitForElementVisible(findTestObject("3-OBJECTS UTILIDADES/Login/input_USUARIO_loginusuario"), 0)): null

2023-04-10 08:42:00 - [MESSAGE][WARNING] - Timeout '0' is invalid. Using default page load timeout: '37'

2023-04-10 08:42:01 - [MESSAGE][PASSED] - Object 'Object Repository/3-OBJECTS UTILIDADES/Login/input_USUARIO_loginusuario' is visible

2023-04-10 08:42:01 - [TEST_STEP][PASSED] - switchToWindowTitle("SARA"): Switched to window with title: 'SARA'

2023-04-10 08:42:01 - [MESSAGE][PASSED] - Switched to window with title: 'SARA'

2023-04-10 08:42:01 - [TEST_STEP][PASSED] - zoom(): null

2023-04-10 08:42:01 - [TEST_STEP][PASSED] - robot = new java.awt.Robot(): null

2023-04-10 08:42:01 - [TEST_STEP][PASSED] - robot.keyPress(VK_CONTROL): null

2023-04-10 08:42:01 - [TEST_STEP][PASSED] - robot.keyPress(VK_SUBTRACT): null

2023-04-10 08:42:01 - [TEST_STEP][PASSED] - robot.keyRelease(VK_CONTROL): null

2023-04-10 08:42:01 - [TEST_STEP][PASSED] - robot.keyRelease(VK_SUBTRACT): null

2023-04-10 08:42:01 - [TEST_STEP][PASSED] - robot.keyPress(VK_CONTROL): null

2023-04-10 08:42:01 - [TEST_STEP][PASSED] - robot.keyPress(VK_SUBTRACT): null

2023-04-10 08:42:01 - [TEST_STEP][PASSED] - robot.keyRelease(VK_CONTROL): null

2023-04-10 08:42:01 - [TEST_STEP][PASSED] - robot.keyRelease(VK_SUBTRACT): null

2023-04-10 08:42:01 - [TEST_STEP][PASSED] - robot.keyPress(VK_CONTROL): null

2023-04-10 08:42:01 - [TEST_STEP][PASSED] - robot.keyPress(VK_SUBTRACT): null

2023-04-10 08:42:01 - [TEST_STEP][PASSED] - robot.keyRelease(VK_CONTROL): null

2023-04-10 08:42:01 - [TEST_STEP][PASSED] - robot.keyRelease(VK_SUBTRACT): null

2023-04-10 08:42:01 - [TEST_STEP][PASSED] - robot.keyRelease(VK_CONTROL): null

2023-04-10 08:42:01 - [TEST_STEP][PASSED] - robot.keyRelease(VK_SUBTRACT): null

2023-04-10 08:42:01 - [TEST_STEP][PASSED] - setText(findTestObject("3-OBJECTS UTILIDADES/Login/input_USUARIO_loginusuario"), G_Usuario): Text 'saraadmin' is set on object 'Object Repository/3-OBJECTS UTILIDADES/Login/input_USUARIO_loginusuario'

2023-04-10 08:42:01 - [MESSAGE][PASSED] - Text 'saraadmin' is set on object 'Object Repository/3-OBJECTS UTILIDADES/Login/input_USUARIO_loginusuario'

2023-04-10 08:42:01 - [TEST_STEP][PASSED] - setEncryptedText(findTestObject("3-OBJECTS UTILIDADES/Login/input_CLAVE_loginpassword"), "SlAwMcyRKqrwbnzhAs8HhT6NnI7sEyng"): Text ****** has been set on object 'Object Repository/3-OBJECTS UTILIDADES/Login/input_CLAVE_loginpassword'

2023-04-10 08:42:02 - [MESSAGE][PASSED] - Text ****** has been set on object 'Object Repository/3-OBJECTS UTILIDADES/Login/input_CLAVE_loginpassword'

2023-04-10 08:42:02 - [TEST_STEP][PASSED] - while (waitForElementClickable(findTestObject("3-OBJECTS UTILIDADES/Login/a_Ingresar"), 1)): Web element with id: 'Object Repository/3-OBJECTS UTILIDADES/Login/a_Ingresar' located by '//a[contains(text(),'Ingresar')]' not found

2023-04-10 08:42:05 - [MESSAGE][INFO] - Unable to find the element located by 'By.xpath: //a[contains(text(),'Ingresar')]'. Please recheck the objects properties to make sure the desired element is located. 

2023-04-10 08:42:05 - [MESSAGE][WARNING] - Web element with id: 'Object Repository/3-OBJECTS UTILIDADES/Login/a_Ingresar' located by '//a[contains(text(),'Ingresar')]' not found

2023-04-10 08:42:05 - [MESSAGE][PASSED] - Call Test Case 'Test Cases/0.1-Login' successfully

2023-04-10 08:42:05 - [TEST_STEP][PASSED] - setText(findTestObject("1-OBJECTS TAREAS PRINCIPALES/Modulo Tarea Listado Hojas de Vida/Tareas Listado Hojas de Vida/input_Listado Hojas De Vida_form_templatej_idt24_input"), "Listado de Empleados"): Text 'Listado de Empleados' is set on object 'Object Repository/1-OBJECTS TAREAS PRINCIPALES/Modulo Tarea Listado Hojas de Vida/Tareas Listado Hojas de Vida/input_Listado Hojas De Vida_form_templatej_idt24_input'

2023-04-10 08:42:05 - [MESSAGE][PASSED] - Text 'Listado de Empleados' is set on object 'Object Repository/1-OBJECTS TAREAS PRINCIPALES/Modulo Tarea Listado Hojas de Vida/Tareas Listado Hojas de Vida/input_Listado Hojas De Vida_form_templatej_idt24_input'

2023-04-10 08:42:05 - [TEST_STEP][PASSED] - waitForElementVisible(findTestObject("1-OBJECTS TAREAS PRINCIPALES/Modulo Tarea Listado Hojas de Vida/Tareas Listado Hojas de Vida/span_Listado de Empleados"), 0): Object 'Object Repository/1-OBJECTS TAREAS PRINCIPALES/Modulo Tarea Listado Hojas de Vida/Tareas Listado Hojas de Vida/span_Listado de Empleados' is visible

2023-04-10 08:42:06 - [MESSAGE][WARNING] - Timeout '0' is invalid. Using default page load timeout: '37'

2023-04-10 08:42:07 - [MESSAGE][PASSED] - Object 'Object Repository/1-OBJECTS TAREAS PRINCIPALES/Modulo Tarea Listado Hojas de Vida/Tareas Listado Hojas de Vida/span_Listado de Empleados' is visible

2023-04-10 08:42:07 - [TEST_STEP][PASSED] - click(findTestObject("1-OBJECTS TAREAS PRINCIPALES/Modulo Tarea Listado Hojas de Vida/Tareas Listado Hojas de Vida/span_Listado de Empleados")): Object: 'Object Repository/1-OBJECTS TAREAS PRINCIPALES/Modulo Tarea Listado Hojas de Vida/Tareas Listado Hojas de Vida/span_Listado de Empleados' is clicked on

2023-04-10 08:42:07 - [MESSAGE][PASSED] - Object: 'Object Repository/1-OBJECTS TAREAS PRINCIPALES/Modulo Tarea Listado Hojas de Vida/Tareas Listado Hojas de Vida/span_Listado de Empleados' is clicked on

2023-04-10 08:42:07 - [MESSAGE][PASSED] - Call Test Case 'Test Cases/Utilidades-(atajos_para _tareas)/Tareas Administracion Compensacion/Tarea Listado Empleados' successfully

2023-04-10 08:42:07 - [TEST_STEP][PASSED] - setText(findTestObject("1-OBJECTS TAREAS PRINCIPALES/Modulo Tarea Compensacion/Dias con Permisos Pasivos Permitidos/input_Identificacin_listadoEmpleadoIdentificacionEmpleado"), "1234567890"): Text '1234567890' is set on object 'Object Repository/1-OBJECTS TAREAS PRINCIPALES/Modulo Tarea Compensacion/Dias con Permisos Pasivos Permitidos/input_Identificacin_listadoEmpleadoIdentificacionEmpleado'

2023-04-10 08:42:09 - [MESSAGE][PASSED] - Text '1234567890' is set on object 'Object Repository/1-OBJECTS TAREAS PRINCIPALES/Modulo Tarea Compensacion/Dias con Permisos Pasivos Permitidos/input_Identificacin_listadoEmpleadoIdentificacionEmpleado'

2023-04-10 08:42:09 - [TEST_STEP][PASSED] - sendKeys(findTestObject("1-OBJECTS TAREAS PRINCIPALES/Modulo Tarea Compensacion/Dias con Permisos Pasivos Permitidos/input_Identificacin_listadoEmpleadoIdentificacionEmpleado"), Keys.chord(ENTER)): Keys 'ENTER + ' sent to object: 'Object Repository/1-OBJECTS TAREAS PRINCIPALES/Modulo Tarea Compensacion/Dias con Permisos Pasivos Permitidos/input_Identificacin_listadoEmpleadoIdentificacionEmpleado'

2023-04-10 08:42:09 - [MESSAGE][PASSED] - Keys 'ENTER + ' sent to object: 'Object Repository/1-OBJECTS TAREAS PRINCIPALES/Modulo Tarea Compensacion/Dias con Permisos Pasivos Permitidos/input_Identificacin_listadoEmpleadoIdentificacionEmpleado'

2023-04-10 08:42:09 - [TEST_STEP][PASSED] - waitForElementClickable(findTestObject("1-OBJECTS TAREAS PRINCIPALES/Modulo Tarea Compensacion/Dias con Permisos Pasivos Permitidos/span_Consta Belfegord Jhon"), G_TimeOut): Object 'Object Repository/1-OBJECTS TAREAS PRINCIPALES/Modulo Tarea Compensacion/Dias con Permisos Pasivos Permitidos/span_Consta Belfegord Jhon' is clickable

2023-04-10 08:42:10 - [MESSAGE][PASSED] - Object 'Object Repository/1-OBJECTS TAREAS PRINCIPALES/Modulo Tarea Compensacion/Dias con Permisos Pasivos Permitidos/span_Consta Belfegord Jhon' is clickable

2023-04-10 08:42:10 - [TEST_STEP][PASSED] - click(findTestObject("1-OBJECTS TAREAS PRINCIPALES/Modulo Tarea Compensacion/Dias con Permisos Pasivos Permitidos/span_Consta Belfegord Jhon")): Object: 'Object Repository/1-OBJECTS TAREAS PRINCIPALES/Modulo Tarea Compensacion/Dias con Permisos Pasivos Permitidos/span_Consta Belfegord Jhon' is clicked on

2023-04-10 08:42:11 - [MESSAGE][PASSED] - Object: 'Object Repository/1-OBJECTS TAREAS PRINCIPALES/Modulo Tarea Compensacion/Dias con Permisos Pasivos Permitidos/span_Consta Belfegord Jhon' is clicked on

2023-04-10 08:42:11 - [TEST_STEP][PASSED] - waitForElementClickable(findTestObject("1-OBJECTS TAREAS PRINCIPALES/Modulo Tarea Compensacion/Dias con Permisos Pasivos Permitidos/a_Vacacin"), G_TimeOut): Object 'Object Repository/1-OBJECTS TAREAS PRINCIPALES/Modulo Tarea Compensacion/Dias con Permisos Pasivos Permitidos/a_Vacacin' is clickable

2023-04-10 08:42:12 - [MESSAGE][PASSED] - Object 'Object Repository/1-OBJECTS TAREAS PRINCIPALES/Modulo Tarea Compensacion/Dias con Permisos Pasivos Permitidos/a_Vacacin' is clickable

2023-04-10 08:42:12 - [TEST_STEP][PASSED] - click(findTestObject("1-OBJECTS TAREAS PRINCIPALES/Modulo Tarea Compensacion/Dias con Permisos Pasivos Permitidos/a_Vacacin")): Object: 'Object Repository/1-OBJECTS TAREAS PRINCIPALES/Modulo Tarea Compensacion/Dias con Permisos Pasivos Permitidos/a_Vacacin' is clicked on

2023-04-10 08:42:12 - [MESSAGE][PASSED] - Object: 'Object Repository/1-OBJECTS TAREAS PRINCIPALES/Modulo Tarea Compensacion/Dias con Permisos Pasivos Permitidos/a_Vacacin' is clicked on

2023-04-10 08:42:12 - [TEST_STEP][PASSED] - if (waitForElementClickable(findTestObject("1-OBJECTS TAREAS PRINCIPALES/Modulo Tarea Compensacion/Dias con Permisos Pasivos Permitidos/span_Programacion De Vacaciones"), G_TimeOut)): null

2023-04-10 08:42:13 - [MESSAGE][PASSED] - Object 'Object Repository/1-OBJECTS TAREAS PRINCIPALES/Modulo Tarea Compensacion/Dias con Permisos Pasivos Permitidos/span_Programacion De Vacaciones' is clickable

2023-04-10 08:42:13 - [TEST_STEP][PASSED] - click(findTestObject("1-OBJECTS TAREAS PRINCIPALES/Modulo Tarea Compensacion/Dias con Permisos Pasivos Permitidos/span_Programacion De Vacaciones")): Object: 'Object Repository/1-OBJECTS TAREAS PRINCIPALES/Modulo Tarea Compensacion/Dias con Permisos Pasivos Permitidos/span_Programacion De Vacaciones' is clicked on

2023-04-10 08:42:13 - [MESSAGE][PASSED] - Object: 'Object Repository/1-OBJECTS TAREAS PRINCIPALES/Modulo Tarea Compensacion/Dias con Permisos Pasivos Permitidos/span_Programacion De Vacaciones' is clicked on

2023-04-10 08:42:13 - [TEST_STEP][PASSED] - waitForElementClickable(findTestObject("1-OBJECTS TAREAS PRINCIPALES/Modulo Tarea Compensacion/Dias con Permisos Pasivos Permitidos/a_Eliminar"), G_TimeOut): Object 'Object Repository/1-OBJECTS TAREAS PRINCIPALES/Modulo Tarea Compensacion/Dias con Permisos Pasivos Permitidos/a_Eliminar' is clickable

2023-04-10 08:42:14 - [MESSAGE][PASSED] - Object 'Object Repository/1-OBJECTS TAREAS PRINCIPALES/Modulo Tarea Compensacion/Dias con Permisos Pasivos Permitidos/a_Eliminar' is clickable

2023-04-10 08:42:14 - [TEST_STEP][PASSED] - click(findTestObject("1-OBJECTS TAREAS PRINCIPALES/Modulo Tarea Compensacion/Dias con Permisos Pasivos Permitidos/a_Eliminar")): Object: 'Object Repository/1-OBJECTS TAREAS PRINCIPALES/Modulo Tarea Compensacion/Dias con Permisos Pasivos Permitidos/a_Eliminar' is clicked on

2023-04-10 08:42:14 - [MESSAGE][PASSED] - Object: 'Object Repository/1-OBJECTS TAREAS PRINCIPALES/Modulo Tarea Compensacion/Dias con Permisos Pasivos Permitidos/a_Eliminar' is clicked on

2023-04-10 08:42:14 - [TEST_STEP][PASSED] - waitForElementClickable(findTestObject("1-OBJECTS TAREAS PRINCIPALES/Modulo Tarea Compensacion/Dias con Permisos Pasivos Permitidos/a_Aceptar"), G_TimeOut): Object 'Object Repository/1-OBJECTS TAREAS PRINCIPALES/Modulo Tarea Compensacion/Dias con Permisos Pasivos Permitidos/a_Aceptar' is clickable

2023-04-10 08:42:15 - [MESSAGE][PASSED] - Object 'Object Repository/1-OBJECTS TAREAS PRINCIPALES/Modulo Tarea Compensacion/Dias con Permisos Pasivos Permitidos/a_Aceptar' is clickable

2023-04-10 08:42:15 - [TEST_STEP][PASSED] - click(findTestObject("1-OBJECTS TAREAS PRINCIPALES/Modulo Tarea Compensacion/Dias con Permisos Pasivos Permitidos/a_Aceptar")): Object: 'Object Repository/1-OBJECTS TAREAS PRINCIPALES/Modulo Tarea Compensacion/Dias con Permisos Pasivos Permitidos/a_Aceptar' is clicked on

2023-04-10 08:42:15 - [MESSAGE][PASSED] - Object: 'Object Repository/1-OBJECTS TAREAS PRINCIPALES/Modulo Tarea Compensacion/Dias con Permisos Pasivos Permitidos/a_Aceptar' is clicked on

2023-04-10 08:42:15 - [TEST_STEP][PASSED] - click(findTestObject("1-OBJECTS TAREAS PRINCIPALES/Modulo Tarea Compensacion/Dias con Permisos Pasivos Permitidos/a_Histrico")): Object: 'Object Repository/1-OBJECTS TAREAS PRINCIPALES/Modulo Tarea Compensacion/Dias con Permisos Pasivos Permitidos/a_Histrico' is clicked on

2023-04-10 08:42:16 - [MESSAGE][PASSED] - Object: 'Object Repository/1-OBJECTS TAREAS PRINCIPALES/Modulo Tarea Compensacion/Dias con Permisos Pasivos Permitidos/a_Histrico' is clicked on

2023-04-10 08:42:16 - [TEST_STEP][PASSED] - if (waitForElementClickable(findTestObject("1-OBJECTS TAREAS PRINCIPALES/Modulo Tarea Compensacion/Dias con Permisos Pasivos Permitidos/span_Programacion De Vacaciones"), 1)): Web element with id: 'Object Repository/1-OBJECTS TAREAS PRINCIPALES/Modulo Tarea Compensacion/Dias con Permisos Pasivos Permitidos/span_Programacion De Vacaciones' located by '//*/text()[normalize-space(.)='Programacion De Vacaciones']/parent::*' not found

2023-04-10 08:42:18 - [MESSAGE][INFO] - Unable to find the element located by 'By.xpath: //*/text()[normalize-space(.)='Programacion De Vacaciones']/parent::*'. Please recheck the objects properties to make sure the desired element is located. 

2023-04-10 08:42:18 - [MESSAGE][WARNING] - Web element with id: 'Object Repository/1-OBJECTS TAREAS PRINCIPALES/Modulo Tarea Compensacion/Dias con Permisos Pasivos Permitidos/span_Programacion De Vacaciones' located by '//*/text()[normalize-space(.)='Programacion De Vacaciones']/parent::*' not found

2023-04-10 08:42:18 - [TEST_STEP][PASSED] - click(findTestObject("1-OBJECTS TAREAS PRINCIPALES/Modulo Tarea Compensacion/Dias con Permisos Pasivos Permitidos/a_Vacaciones")): Object: 'Object Repository/1-OBJECTS TAREAS PRINCIPALES/Modulo Tarea Compensacion/Dias con Permisos Pasivos Permitidos/a_Vacaciones' is clicked on

2023-04-10 08:42:19 - [MESSAGE][PASSED] - Object: 'Object Repository/1-OBJECTS TAREAS PRINCIPALES/Modulo Tarea Compensacion/Dias con Permisos Pasivos Permitidos/a_Vacaciones' is clicked on

2023-04-10 08:42:19 - [TEST_STEP][PASSED] - waitForElementClickable(findTestObject("1-OBJECTS TAREAS PRINCIPALES/Modulo Tarea Compensacion/Dias con Permisos Pasivos Permitidos/a_Nuevo Pasivo"), G_TimeOut): Object 'Object Repository/1-OBJECTS TAREAS PRINCIPALES/Modulo Tarea Compensacion/Dias con Permisos Pasivos Permitidos/a_Nuevo Pasivo' is clickable

2023-04-10 08:42:19 - [MESSAGE][PASSED] - Object 'Object Repository/1-OBJECTS TAREAS PRINCIPALES/Modulo Tarea Compensacion/Dias con Permisos Pasivos Permitidos/a_Nuevo Pasivo' is clickable

2023-04-10 08:42:19 - [TEST_STEP][PASSED] - click(findTestObject("1-OBJECTS TAREAS PRINCIPALES/Modulo Tarea Compensacion/Dias con Permisos Pasivos Permitidos/a_Nuevo Pasivo")): Object: 'Object Repository/1-OBJECTS TAREAS PRINCIPALES/Modulo Tarea Compensacion/Dias con Permisos Pasivos Permitidos/a_Nuevo Pasivo' is clicked on

2023-04-10 08:42:20 - [MESSAGE][PASSED] - Object: 'Object Repository/1-OBJECTS TAREAS PRINCIPALES/Modulo Tarea Compensacion/Dias con Permisos Pasivos Permitidos/a_Nuevo Pasivo' is clicked on

2023-04-10 08:42:20 - [TEST_STEP][PASSED] - click(findTestObject("1-OBJECTS TAREAS PRINCIPALES/Modulo Tarea Compensacion/Dias con Permisos Pasivos Permitidos/a_pestaa Vacaciones")): Object: 'Object Repository/1-OBJECTS TAREAS PRINCIPALES/Modulo Tarea Compensacion/Dias con Permisos Pasivos Permitidos/a_pestaa Vacaciones' is clicked on

2023-04-10 08:42:21 - [MESSAGE][PASSED] - Object: 'Object Repository/1-OBJECTS TAREAS PRINCIPALES/Modulo Tarea Compensacion/Dias con Permisos Pasivos Permitidos/a_pestaa Vacaciones' is clicked on

2023-04-10 08:42:21 - [TEST_STEP][PASSED] - selectOptionByIndex(findTestObject("1-OBJECTS TAREAS PRINCIPALES/Modulo Tarea Compensacion/Dias con Permisos Pasivos Permitidos/select_APLAZAMIENTOPROGRAMACION DE VACACIONES"), "2"): All options with index in [2] are selected on object 'Object Repository/1-OBJECTS TAREAS PRINCIPALES/Modulo Tarea Compensacion/Dias con Permisos Pasivos Permitidos/select_APLAZAMIENTOPROGRAMACION DE VACACIONES'

2023-04-10 08:42:22 - [MESSAGE][PASSED] - All options with index in [2] are selected on object 'Object Repository/1-OBJECTS TAREAS PRINCIPALES/Modulo Tarea Compensacion/Dias con Permisos Pasivos Permitidos/select_APLAZAMIENTOPROGRAMACION DE VACACIONES'

2023-04-10 08:42:22 - [TEST_STEP][PASSED] - selectOptionByIndex(findTestObject("1-OBJECTS TAREAS PRINCIPALES/Modulo Tarea Compensacion/Dias con Permisos Pasivos Permitidos/select_InterrupcinNo Aplica"), "1"): All options with index in [1] are selected on object 'Object Repository/1-OBJECTS TAREAS PRINCIPALES/Modulo Tarea Compensacion/Dias con Permisos Pasivos Permitidos/select_InterrupcinNo Aplica'

2023-04-10 08:42:23 - [MESSAGE][PASSED] - All options with index in [1] are selected on object 'Object Repository/1-OBJECTS TAREAS PRINCIPALES/Modulo Tarea Compensacion/Dias con Permisos Pasivos Permitidos/select_InterrupcinNo Aplica'

2023-04-10 08:42:23 - [TEST_STEP][PASSED] - setText(findTestObject("1-OBJECTS TAREAS PRINCIPALES/Modulo Tarea Compensacion/Dias con Permisos Pasivos Permitidos/input_Periodo Servicio_form_"), "01/06/2021"): Text '01/06/2021' is set on object 'Object Repository/1-OBJECTS TAREAS PRINCIPALES/Modulo Tarea Compensacion/Dias con Permisos Pasivos Permitidos/input_Periodo Servicio_form_'

2023-04-10 08:42:24 - [MESSAGE][PASSED] - Text '01/06/2021' is set on object 'Object Repository/1-OBJECTS TAREAS PRINCIPALES/Modulo Tarea Compensacion/Dias con Permisos Pasivos Permitidos/input_Periodo Servicio_form_'

2023-04-10 08:42:24 - [TEST_STEP][PASSED] - sendKeys(findTestObject("1-OBJECTS TAREAS PRINCIPALES/Modulo Tarea Compensacion/Dias con Permisos Pasivos Permitidos/input_Periodo Servicio_form_"), Keys.chord(ENTER)): Keys 'ENTER + ' sent to object: 'Object Repository/1-OBJECTS TAREAS PRINCIPALES/Modulo Tarea Compensacion/Dias con Permisos Pasivos Permitidos/input_Periodo Servicio_form_'

2023-04-10 08:42:24 - [MESSAGE][PASSED] - Keys 'ENTER + ' sent to object: 'Object Repository/1-OBJECTS TAREAS PRINCIPALES/Modulo Tarea Compensacion/Dias con Permisos Pasivos Permitidos/input_Periodo Servicio_form_'

2023-04-10 08:42:24 - [TEST_STEP][PASSED] - setText(findTestObject("1-OBJECTS TAREAS PRINCIPALES/Modulo Tarea Compensacion/Dias con Permisos Pasivos Permitidos/input_Periodo Servicio_form_"), "01/06/2021"): Text '01/06/2021' is set on object 'Object Repository/1-OBJECTS TAREAS PRINCIPALES/Modulo Tarea Compensacion/Dias con Permisos Pasivos Permitidos/input_Periodo Servicio_form_'

2023-04-10 08:42:25 - [MESSAGE][PASSED] - Text '01/06/2021' is set on object 'Object Repository/1-OBJECTS TAREAS PRINCIPALES/Modulo Tarea Compensacion/Dias con Permisos Pasivos Permitidos/input_Periodo Servicio_form_'

2023-04-10 08:42:25 - [TEST_STEP][PASSED] - click(findTestObject("1-OBJECTS TAREAS PRINCIPALES/Modulo Tarea Compensacion/Dias con Permisos Pasivos Permitidos/span_Periodo Servicio"), STOP_ON_FAILURE): Object: 'Object Repository/1-OBJECTS TAREAS PRINCIPALES/Modulo Tarea Compensacion/Dias con Permisos Pasivos Permitidos/span_Periodo Servicio' is clicked on

2023-04-10 08:42:26 - [MESSAGE][PASSED] - Object: 'Object Repository/1-OBJECTS TAREAS PRINCIPALES/Modulo Tarea Compensacion/Dias con Permisos Pasivos Permitidos/span_Periodo Servicio' is clicked on

2023-04-10 08:42:26 - [TEST_STEP][PASSED] - setText(findTestObject("1-OBJECTS TAREAS PRINCIPALES/Modulo Tarea Compensacion/Dias con Permisos Pasivos Permitidos/input_Periodo Servicio_form_vacaciones"), "06/06/2021"): Text '06/06/2021' is set on object 'Object Repository/1-OBJECTS TAREAS PRINCIPALES/Modulo Tarea Compensacion/Dias con Permisos Pasivos Permitidos/input_Periodo Servicio_form_vacaciones'

2023-04-10 08:42:27 - [MESSAGE][PASSED] - Text '06/06/2021' is set on object 'Object Repository/1-OBJECTS TAREAS PRINCIPALES/Modulo Tarea Compensacion/Dias con Permisos Pasivos Permitidos/input_Periodo Servicio_form_vacaciones'

2023-04-10 08:42:27 - [TEST_STEP][PASSED] - sendKeys(findTestObject("1-OBJECTS TAREAS PRINCIPALES/Modulo Tarea Compensacion/Dias con Permisos Pasivos Permitidos/input_Periodo Servicio_form_vacaciones"), Keys.chord(ENTER)): Keys 'ENTER + ' sent to object: 'Object Repository/1-OBJECTS TAREAS PRINCIPALES/Modulo Tarea Compensacion/Dias con Permisos Pasivos Permitidos/input_Periodo Servicio_form_vacaciones'

2023-04-10 08:42:27 - [MESSAGE][PASSED] - Keys 'ENTER + ' sent to object: 'Object Repository/1-OBJECTS TAREAS PRINCIPALES/Modulo Tarea Compensacion/Dias con Permisos Pasivos Permitidos/input_Periodo Servicio_form_vacaciones'

2023-04-10 08:42:27 - [TEST_STEP][PASSED] - setText(findTestObject("1-OBJECTS TAREAS PRINCIPALES/Modulo Tarea Compensacion/Dias con Permisos Pasivos Permitidos/input_Das_form_vacacionesEmpleadotabs"), "5"): Text '5' is set on object 'Object Repository/1-OBJECTS TAREAS PRINCIPALES/Modulo Tarea Compensacion/Dias con Permisos Pasivos Permitidos/input_Das_form_vacacionesEmpleadotabs'

2023-04-10 08:42:28 - [MESSAGE][PASSED] - Text '5' is set on object 'Object Repository/1-OBJECTS TAREAS PRINCIPALES/Modulo Tarea Compensacion/Dias con Permisos Pasivos Permitidos/input_Das_form_vacacionesEmpleadotabs'

2023-04-10 08:42:28 - [TEST_STEP][PASSED] - setText(findTestObject("1-OBJECTS TAREAS PRINCIPALES/Modulo Tarea Compensacion/Dias con Permisos Pasivos Permitidos/input_Fecha Origen_form_vacaciones"), "01/06/2021"): Text '01/06/2021' is set on object 'Object Repository/1-OBJECTS TAREAS PRINCIPALES/Modulo Tarea Compensacion/Dias con Permisos Pasivos Permitidos/input_Fecha Origen_form_vacaciones'

2023-04-10 08:42:29 - [MESSAGE][PASSED] - Text '01/06/2021' is set on object 'Object Repository/1-OBJECTS TAREAS PRINCIPALES/Modulo Tarea Compensacion/Dias con Permisos Pasivos Permitidos/input_Fecha Origen_form_vacaciones'

2023-04-10 08:42:29 - [TEST_STEP][PASSED] - sendKeys(findTestObject("1-OBJECTS TAREAS PRINCIPALES/Modulo Tarea Compensacion/Dias con Permisos Pasivos Permitidos/input_Fecha Origen_form_vacaciones"), Keys.chord(ENTER)): Keys 'ENTER + ' sent to object: 'Object Repository/1-OBJECTS TAREAS PRINCIPALES/Modulo Tarea Compensacion/Dias con Permisos Pasivos Permitidos/input_Fecha Origen_form_vacaciones'

2023-04-10 08:42:29 - [MESSAGE][PASSED] - Keys 'ENTER + ' sent to object: 'Object Repository/1-OBJECTS TAREAS PRINCIPALES/Modulo Tarea Compensacion/Dias con Permisos Pasivos Permitidos/input_Fecha Origen_form_vacaciones'

2023-04-10 08:42:29 - [TEST_STEP][PASSED] - waitForElementClickable(findTestObject("1-OBJECTS TAREAS PRINCIPALES/Modulo Tarea Compensacion/Dias con Permisos Pasivos Permitidos/a_Guardar"), G_TimeOut): Object 'Object Repository/1-OBJECTS TAREAS PRINCIPALES/Modulo Tarea Compensacion/Dias con Permisos Pasivos Permitidos/a_Guardar' is clickable

2023-04-10 08:42:30 - [MESSAGE][PASSED] - Object 'Object Repository/1-OBJECTS TAREAS PRINCIPALES/Modulo Tarea Compensacion/Dias con Permisos Pasivos Permitidos/a_Guardar' is clickable

2023-04-10 08:42:30 - [TEST_STEP][PASSED] - click(findTestObject("1-OBJECTS TAREAS PRINCIPALES/Modulo Tarea Compensacion/Dias con Permisos Pasivos Permitidos/a_Guardar")): Object: 'Object Repository/1-OBJECTS TAREAS PRINCIPALES/Modulo Tarea Compensacion/Dias con Permisos Pasivos Permitidos/a_Guardar' is clicked on

2023-04-10 08:42:30 - [MESSAGE][PASSED] - Object: 'Object Repository/1-OBJECTS TAREAS PRINCIPALES/Modulo Tarea Compensacion/Dias con Permisos Pasivos Permitidos/a_Guardar' is clicked on

2023-04-10 08:42:30 - [TEST_STEP][PASSED] - waitForElementClickable(findTestObject("1-OBJECTS TAREAS PRINCIPALES/Modulo Tarea Compensacion/Dias con Permisos Pasivos Permitidos/a_Regresar"), G_TimeOut): Object 'Object Repository/1-OBJECTS TAREAS PRINCIPALES/Modulo Tarea Compensacion/Dias con Permisos Pasivos Permitidos/a_Regresar' is clickable

2023-04-10 08:42:32 - [MESSAGE][PASSED] - Object 'Object Repository/1-OBJECTS TAREAS PRINCIPALES/Modulo Tarea Compensacion/Dias con Permisos Pasivos Permitidos/a_Regresar' is clickable

2023-04-10 08:42:32 - [TEST_STEP][PASSED] - click(findTestObject("1-OBJECTS TAREAS PRINCIPALES/Modulo Tarea Compensacion/Dias con Permisos Pasivos Permitidos/a_Regresar")): Object: 'Object Repository/1-OBJECTS TAREAS PRINCIPALES/Modulo Tarea Compensacion/Dias con Permisos Pasivos Permitidos/a_Regresar' is clicked on

2023-04-10 08:42:32 - [MESSAGE][PASSED] - Object: 'Object Repository/1-OBJECTS TAREAS PRINCIPALES/Modulo Tarea Compensacion/Dias con Permisos Pasivos Permitidos/a_Regresar' is clicked on

2023-04-10 08:42:32 - [TEST_STEP][PASSED] - if (waitForElementClickable(findTestObject("1-OBJECTS TAREAS PRINCIPALES/Modulo Tarea Compensacion/Dias con Permisos Pasivos Permitidos/td_02062021"), 1)): null

2023-04-10 08:42:33 - [MESSAGE][PASSED] - Object 'Object Repository/1-OBJECTS TAREAS PRINCIPALES/Modulo Tarea Compensacion/Dias con Permisos Pasivos Permitidos/td_02062021' is clickable

2023-04-10 08:42:33 - [TEST_STEP][PASSED] - click(findTestObject("1-OBJECTS TAREAS PRINCIPALES/Modulo Tarea Compensacion/Dias con Permisos Pasivos Permitidos/td_02062021")): Object: 'Object Repository/1-OBJECTS TAREAS PRINCIPALES/Modulo Tarea Compensacion/Dias con Permisos Pasivos Permitidos/td_02062021' is clicked on

2023-04-10 08:42:33 - [MESSAGE][PASSED] - Object: 'Object Repository/1-OBJECTS TAREAS PRINCIPALES/Modulo Tarea Compensacion/Dias con Permisos Pasivos Permitidos/td_02062021' is clicked on

2023-04-10 08:42:33 - [TEST_STEP][PASSED] - waitForElementClickable(findTestObject("1-OBJECTS TAREAS PRINCIPALES/Modulo Tarea Compensacion/Dias con Permisos Pasivos Permitidos/a_Eliminar Directo_Solicitud"), 0): Object 'Object Repository/1-OBJECTS TAREAS PRINCIPALES/Modulo Tarea Compensacion/Dias con Permisos Pasivos Permitidos/a_Eliminar Directo_Solicitud' is clickable

2023-04-10 08:42:33 - [MESSAGE][WARNING] - Timeout '0' is invalid. Using default page load timeout: '37'

2023-04-10 08:42:34 - [MESSAGE][PASSED] - Object 'Object Repository/1-OBJECTS TAREAS PRINCIPALES/Modulo Tarea Compensacion/Dias con Permisos Pasivos Permitidos/a_Eliminar Directo_Solicitud' is clickable

2023-04-10 08:42:34 - [TEST_STEP][PASSED] - click(findTestObject("1-OBJECTS TAREAS PRINCIPALES/Modulo Tarea Compensacion/Dias con Permisos Pasivos Permitidos/a_Eliminar Directo_Solicitud")): Object: 'Object Repository/1-OBJECTS TAREAS PRINCIPALES/Modulo Tarea Compensacion/Dias con Permisos Pasivos Permitidos/a_Eliminar Directo_Solicitud' is clicked on

2023-04-10 08:42:34 - [MESSAGE][PASSED] - Object: 'Object Repository/1-OBJECTS TAREAS PRINCIPALES/Modulo Tarea Compensacion/Dias con Permisos Pasivos Permitidos/a_Eliminar Directo_Solicitud' is clicked on

2023-04-10 08:42:34 - [TEST_STEP][PASSED] - click(findTestObject("1-OBJECTS TAREAS PRINCIPALES/Modulo Tarea Compensacion/Dias con Permisos Pasivos Permitidos/a_Aceptar")): Object: 'Object Repository/1-OBJECTS TAREAS PRINCIPALES/Modulo Tarea Compensacion/Dias con Permisos Pasivos Permitidos/a_Aceptar' is clicked on

2023-04-10 08:42:35 - [MESSAGE][PASSED] - Object: 'Object Repository/1-OBJECTS TAREAS PRINCIPALES/Modulo Tarea Compensacion/Dias con Permisos Pasivos Permitidos/a_Aceptar' is clicked on

2023-04-10 08:42:35 - [TEST_STEP][PASSED] - waitForElementClickable(findTestObject("1-OBJECTS TAREAS PRINCIPALES/Modulo Tarea Compensacion/Dias con Permisos Pasivos Permitidos/a_Nueva Solicitud"), G_TimeOut): Object 'Object Repository/1-OBJECTS TAREAS PRINCIPALES/Modulo Tarea Compensacion/Dias con Permisos Pasivos Permitidos/a_Nueva Solicitud' is clickable

2023-04-10 08:42:36 - [MESSAGE][PASSED] - Object 'Object Repository/1-OBJECTS TAREAS PRINCIPALES/Modulo Tarea Compensacion/Dias con Permisos Pasivos Permitidos/a_Nueva Solicitud' is clickable

2023-04-10 08:42:36 - [TEST_STEP][PASSED] - click(findTestObject("1-OBJECTS TAREAS PRINCIPALES/Modulo Tarea Compensacion/Dias con Permisos Pasivos Permitidos/a_Nueva Solicitud")): Object: 'Object Repository/1-OBJECTS TAREAS PRINCIPALES/Modulo Tarea Compensacion/Dias con Permisos Pasivos Permitidos/a_Nueva Solicitud' is clicked on

2023-04-10 08:42:37 - [MESSAGE][PASSED] - Object: 'Object Repository/1-OBJECTS TAREAS PRINCIPALES/Modulo Tarea Compensacion/Dias con Permisos Pasivos Permitidos/a_Nueva Solicitud' is clicked on

2023-04-10 08:42:37 - [TEST_STEP][PASSED] - setText(findTestObject("1-OBJECTS TAREAS PRINCIPALES/Modulo Tarea Compensacion/Dias con Permisos Pasivos Permitidos/input_Salida Nomina_form_vacaciones"), "01/06/2021"): Text '01/06/2021' is set on object 'Object Repository/1-OBJECTS TAREAS PRINCIPALES/Modulo Tarea Compensacion/Dias con Permisos Pasivos Permitidos/input_Salida Nomina_form_vacaciones'

2023-04-10 08:42:38 - [MESSAGE][PASSED] - Text '01/06/2021' is set on object 'Object Repository/1-OBJECTS TAREAS PRINCIPALES/Modulo Tarea Compensacion/Dias con Permisos Pasivos Permitidos/input_Salida Nomina_form_vacaciones'

2023-04-10 08:42:38 - [TEST_STEP][PASSED] - selectOptionByIndex(findTestObject("1-OBJECTS TAREAS PRINCIPALES/Modulo Tarea Compensacion/Dias con Permisos Pasivos Permitidos/select_SeleccioneChequeEntidad_"), "3"): All options with index in [3] are selected on object 'Object Repository/1-OBJECTS TAREAS PRINCIPALES/Modulo Tarea Compensacion/Dias con Permisos Pasivos Permitidos/select_SeleccioneChequeEntidad_'

2023-04-10 08:42:39 - [MESSAGE][PASSED] - All options with index in [3] are selected on object 'Object Repository/1-OBJECTS TAREAS PRINCIPALES/Modulo Tarea Compensacion/Dias con Permisos Pasivos Permitidos/select_SeleccioneChequeEntidad_'

2023-04-10 08:42:39 - [TEST_STEP][PASSED] - setText(findTestObject("1-OBJECTS TAREAS PRINCIPALES/Modulo Tarea Compensacion/Dias con Permisos Pasivos Permitidos/input_Pago_form_vacacionesEmpleado"), "01/06/2021"): Text '01/06/2021' is set on object 'Object Repository/1-OBJECTS TAREAS PRINCIPALES/Modulo Tarea Compensacion/Dias con Permisos Pasivos Permitidos/input_Pago_form_vacacionesEmpleado'

2023-04-10 08:42:40 - [MESSAGE][PASSED] - Text '01/06/2021' is set on object 'Object Repository/1-OBJECTS TAREAS PRINCIPALES/Modulo Tarea Compensacion/Dias con Permisos Pasivos Permitidos/input_Pago_form_vacacionesEmpleado'

2023-04-10 08:42:40 - [TEST_STEP][PASSED] - sendKeys(findTestObject("1-OBJECTS TAREAS PRINCIPALES/Modulo Tarea Compensacion/Dias con Permisos Pasivos Permitidos/input_Pago_form_vacacionesEmpleado"), Keys.chord(ENTER)): Keys 'ENTER + ' sent to object: 'Object Repository/1-OBJECTS TAREAS PRINCIPALES/Modulo Tarea Compensacion/Dias con Permisos Pasivos Permitidos/input_Pago_form_vacacionesEmpleado'

2023-04-10 08:42:41 - [MESSAGE][PASSED] - Keys 'ENTER + ' sent to object: 'Object Repository/1-OBJECTS TAREAS PRINCIPALES/Modulo Tarea Compensacion/Dias con Permisos Pasivos Permitidos/input_Pago_form_vacacionesEmpleado'

2023-04-10 08:42:41 - [TEST_STEP][PASSED] - setText(findTestObject("1-OBJECTS TAREAS PRINCIPALES/Modulo Tarea Compensacion/Dias con Permisos Pasivos Permitidos/input_Disfrute_form_vacacionesEmpleado"), "1"): Text '1' is set on object 'Object Repository/1-OBJECTS TAREAS PRINCIPALES/Modulo Tarea Compensacion/Dias con Permisos Pasivos Permitidos/input_Disfrute_form_vacacionesEmpleado'

2023-04-10 08:42:41 - [MESSAGE][PASSED] - Text '1' is set on object 'Object Repository/1-OBJECTS TAREAS PRINCIPALES/Modulo Tarea Compensacion/Dias con Permisos Pasivos Permitidos/input_Disfrute_form_vacacionesEmpleado'

2023-04-10 08:42:41 - [TEST_STEP][PASSED] - setText(findTestObject("1-OBJECTS TAREAS PRINCIPALES/Modulo Tarea Compensacion/Dias con Permisos Pasivos Permitidos/input_Compensados_form_vacaciones"), "1"): Text '1' is set on object 'Object Repository/1-OBJECTS TAREAS PRINCIPALES/Modulo Tarea Compensacion/Dias con Permisos Pasivos Permitidos/input_Compensados_form_vacaciones'

2023-04-10 08:42:42 - [MESSAGE][PASSED] - Text '1' is set on object 'Object Repository/1-OBJECTS TAREAS PRINCIPALES/Modulo Tarea Compensacion/Dias con Permisos Pasivos Permitidos/input_Compensados_form_vacaciones'

2023-04-10 08:42:42 - [TEST_STEP][PASSED] - setText(findTestObject("1-OBJECTS TAREAS PRINCIPALES/Modulo Tarea Compensacion/Dias con Permisos Pasivos Permitidos/textarea_Observacin_form_vacaciones"), "Pruebas sara"): Text 'Pruebas sara' is set on object 'Object Repository/1-OBJECTS TAREAS PRINCIPALES/Modulo Tarea Compensacion/Dias con Permisos Pasivos Permitidos/textarea_Observacin_form_vacaciones'

2023-04-10 08:42:43 - [MESSAGE][PASSED] - Text 'Pruebas sara' is set on object 'Object Repository/1-OBJECTS TAREAS PRINCIPALES/Modulo Tarea Compensacion/Dias con Permisos Pasivos Permitidos/textarea_Observacin_form_vacaciones'

2023-04-10 08:42:43 - [TEST_STEP][PASSED] - waitForElementClickable(findTestObject("1-OBJECTS TAREAS PRINCIPALES/Modulo Tarea Compensacion/Dias con Permisos Pasivos Permitidos/a_Verificar"), G_TimeOut): Object 'Object Repository/1-OBJECTS TAREAS PRINCIPALES/Modulo Tarea Compensacion/Dias con Permisos Pasivos Permitidos/a_Verificar' is clickable

2023-04-10 08:42:44 - [MESSAGE][PASSED] - Object 'Object Repository/1-OBJECTS TAREAS PRINCIPALES/Modulo Tarea Compensacion/Dias con Permisos Pasivos Permitidos/a_Verificar' is clickable

2023-04-10 08:42:44 - [TEST_STEP][PASSED] - click(findTestObject("1-OBJECTS TAREAS PRINCIPALES/Modulo Tarea Compensacion/Dias con Permisos Pasivos Permitidos/a_Verificar")): Object: 'Object Repository/1-OBJECTS TAREAS PRINCIPALES/Modulo Tarea Compensacion/Dias con Permisos Pasivos Permitidos/a_Verificar' is clicked on

2023-04-10 08:42:44 - [MESSAGE][PASSED] - Object: 'Object Repository/1-OBJECTS TAREAS PRINCIPALES/Modulo Tarea Compensacion/Dias con Permisos Pasivos Permitidos/a_Verificar' is clicked on

2023-04-10 08:42:44 - [TEST_STEP][PASSED] - waitForElementClickable(findTestObject("1-OBJECTS TAREAS PRINCIPALES/Modulo Tarea Compensacion/Dias con Permisos Pasivos Permitidos/a_Guardar_solicitudes"), 0): Object 'Object Repository/1-OBJECTS TAREAS PRINCIPALES/Modulo Tarea Compensacion/Dias con Permisos Pasivos Permitidos/a_Guardar_solicitudes' is clickable

2023-04-10 08:42:44 - [MESSAGE][WARNING] - Timeout '0' is invalid. Using default page load timeout: '37'

2023-04-10 08:42:45 - [MESSAGE][PASSED] - Object 'Object Repository/1-OBJECTS TAREAS PRINCIPALES/Modulo Tarea Compensacion/Dias con Permisos Pasivos Permitidos/a_Guardar_solicitudes' is clickable

2023-04-10 08:42:45 - [TEST_STEP][PASSED] - click(findTestObject("1-OBJECTS TAREAS PRINCIPALES/Modulo Tarea Compensacion/Dias con Permisos Pasivos Permitidos/a_Guardar_solicitudes")): Object: 'Object Repository/1-OBJECTS TAREAS PRINCIPALES/Modulo Tarea Compensacion/Dias con Permisos Pasivos Permitidos/a_Guardar_solicitudes' is clicked on

2023-04-10 08:42:45 - [MESSAGE][PASSED] - Object: 'Object Repository/1-OBJECTS TAREAS PRINCIPALES/Modulo Tarea Compensacion/Dias con Permisos Pasivos Permitidos/a_Guardar_solicitudes' is clicked on

2023-04-10 08:42:45 - [TEST_STEP][PASSED] - Alerta = getText(findTestObject("3-OBJECTS UTILIDADES/Alerta/Alerta")): Text of object 'Object Repository/3-OBJECTS UTILIDADES/Alerta/Alerta' is: 'Se modifico exitosamente su solicitud'

2023-04-10 08:42:46 - [MESSAGE][PASSED] - Text of object 'Object Repository/3-OBJECTS UTILIDADES/Alerta/Alerta' is: 'Se modifico exitosamente su solicitud'

2023-04-10 08:42:46 - [TEST_STEP][PASSED] - click(findTestObject("1-OBJECTS TAREAS PRINCIPALES/Modulo Tarea Compensacion/Dias con Permisos Pasivos Permitidos/a_Regresar_vacaciones")): Object: 'Object Repository/1-OBJECTS TAREAS PRINCIPALES/Modulo Tarea Compensacion/Dias con Permisos Pasivos Permitidos/a_Regresar_vacaciones' is clicked on

2023-04-10 08:42:47 - [MESSAGE][PASSED] - Object: 'Object Repository/1-OBJECTS TAREAS PRINCIPALES/Modulo Tarea Compensacion/Dias con Permisos Pasivos Permitidos/a_Regresar_vacaciones' is clicked on

2023-04-10 08:42:47 - [TEST_STEP][PASSED] - if (Alerta == "Se modifico exitosamente su solicitud"): null

2023-04-10 08:42:47 - [TEST_STEP][PASSED] - resultado = "PRUEBA OK": null

2023-04-10 08:42:47 - [MESSAGE][PASSED] - Call Test Case 'Test Cases/1.1-Tareas Principales/1.1.6-crear vacaciones' successfully

2023-04-10 08:42:47 - [TEST_STEP][PASSED] - waitForElementVisible(findTestObject("1-OBJECTS TAREAS PRINCIPALES/Modulo Tarea Compensacion/Generar Vacaciones/input_Listado de Empleados_form_templatej_idt24_input"), 1): Object 'Object Repository/1-OBJECTS TAREAS PRINCIPALES/Modulo Tarea Compensacion/Generar Vacaciones/input_Listado de Empleados_form_templatej_idt24_input' is visible

2023-04-10 08:42:47 - [MESSAGE][PASSED] - Object 'Object Repository/1-OBJECTS TAREAS PRINCIPALES/Modulo Tarea Compensacion/Generar Vacaciones/input_Listado de Empleados_form_templatej_idt24_input' is visible

2023-04-10 08:42:47 - [TEST_STEP][PASSED] - setText(findTestObject("1-OBJECTS TAREAS PRINCIPALES/Modulo Tarea Compensacion/Generar Vacaciones/input_Listado de Empleados_form_templatej_idt24_input"), "Generacion Vacaciones (com)"): Text 'Generacion Vacaciones (com)' is set on object 'Object Repository/1-OBJECTS TAREAS PRINCIPALES/Modulo Tarea Compensacion/Generar Vacaciones/input_Listado de Empleados_form_templatej_idt24_input'

2023-04-10 08:42:48 - [MESSAGE][PASSED] - Text 'Generacion Vacaciones (com)' is set on object 'Object Repository/1-OBJECTS TAREAS PRINCIPALES/Modulo Tarea Compensacion/Generar Vacaciones/input_Listado de Empleados_form_templatej_idt24_input'

2023-04-10 08:42:48 - [TEST_STEP][PASSED] - waitForElementVisible(findTestObject("1-OBJECTS TAREAS PRINCIPALES/Modulo Tarea Compensacion/Generar Vacaciones/span_Selecionar tarea"), 1): Object 'Object Repository/1-OBJECTS TAREAS PRINCIPALES/Modulo Tarea Compensacion/Generar Vacaciones/span_Selecionar tarea' is visible

2023-04-10 08:42:50 - [MESSAGE][PASSED] - Object 'Object Repository/1-OBJECTS TAREAS PRINCIPALES/Modulo Tarea Compensacion/Generar Vacaciones/span_Selecionar tarea' is visible

2023-04-10 08:42:50 - [TEST_STEP][PASSED] - click(findTestObject("1-OBJECTS TAREAS PRINCIPALES/Modulo Tarea Compensacion/Generar Vacaciones/span_Selecionar tarea"), STOP_ON_FAILURE): Object: 'Object Repository/1-OBJECTS TAREAS PRINCIPALES/Modulo Tarea Compensacion/Generar Vacaciones/span_Selecionar tarea' is clicked on

2023-04-10 08:42:50 - [MESSAGE][PASSED] - Object: 'Object Repository/1-OBJECTS TAREAS PRINCIPALES/Modulo Tarea Compensacion/Generar Vacaciones/span_Selecionar tarea' is clicked on

2023-04-10 08:42:50 - [TEST_STEP][PASSED] - waitForElementClickable(findTestObject("1-OBJECTS TAREAS PRINCIPALES/Modulo Tarea Compensacion/Generar Vacaciones/a_Generacin"), G_TimeOut): Object 'Object Repository/1-OBJECTS TAREAS PRINCIPALES/Modulo Tarea Compensacion/Generar Vacaciones/a_Generacin' is clickable

2023-04-10 08:42:52 - [MESSAGE][PASSED] - Object 'Object Repository/1-OBJECTS TAREAS PRINCIPALES/Modulo Tarea Compensacion/Generar Vacaciones/a_Generacin' is clickable

2023-04-10 08:42:52 - [TEST_STEP][PASSED] - click(findTestObject("1-OBJECTS TAREAS PRINCIPALES/Modulo Tarea Compensacion/Generar Vacaciones/a_Generacin")): Object: 'Object Repository/1-OBJECTS TAREAS PRINCIPALES/Modulo Tarea Compensacion/Generar Vacaciones/a_Generacin' is clicked on

2023-04-10 08:42:52 - [MESSAGE][PASSED] - Object: 'Object Repository/1-OBJECTS TAREAS PRINCIPALES/Modulo Tarea Compensacion/Generar Vacaciones/a_Generacin' is clicked on

2023-04-10 08:42:52 - [TEST_STEP][PASSED] - waitForElementClickable(findTestObject("1-OBJECTS TAREAS PRINCIPALES/Modulo Tarea Compensacion/Generar Vacaciones/select_--Seleccione--ChequeEntidad de PagoPeriodo de Nomina"), G_TimeOut): Object 'Object Repository/1-OBJECTS TAREAS PRINCIPALES/Modulo Tarea Compensacion/Generar Vacaciones/select_--Seleccione--ChequeEntidad de PagoPeriodo de Nomina' is clickable

2023-04-10 08:42:53 - [MESSAGE][PASSED] - Object 'Object Repository/1-OBJECTS TAREAS PRINCIPALES/Modulo Tarea Compensacion/Generar Vacaciones/select_--Seleccione--ChequeEntidad de PagoPeriodo de Nomina' is clickable

2023-04-10 08:42:53 - [TEST_STEP][PASSED] - click(findTestObject("1-OBJECTS TAREAS PRINCIPALES/Modulo Tarea Compensacion/Generar Vacaciones/select_--Seleccione--ChequeEntidad de PagoPeriodo de Nomina")): Object: 'Object Repository/1-OBJECTS TAREAS PRINCIPALES/Modulo Tarea Compensacion/Generar Vacaciones/select_--Seleccione--ChequeEntidad de PagoPeriodo de Nomina' is clicked on

2023-04-10 08:42:53 - [MESSAGE][PASSED] - Object: 'Object Repository/1-OBJECTS TAREAS PRINCIPALES/Modulo Tarea Compensacion/Generar Vacaciones/select_--Seleccione--ChequeEntidad de PagoPeriodo de Nomina' is clicked on

2023-04-10 08:42:53 - [TEST_STEP][PASSED] - selectOptionByIndex(findTestObject("1-OBJECTS TAREAS PRINCIPALES/Modulo Tarea Compensacion/Generar Vacaciones/select_--Seleccione--ChequeEntidad de PagoPeriodo de Nomina"), "3"): All options with index in [3] are selected on object 'Object Repository/1-OBJECTS TAREAS PRINCIPALES/Modulo Tarea Compensacion/Generar Vacaciones/select_--Seleccione--ChequeEntidad de PagoPeriodo de Nomina'

2023-04-10 08:42:55 - [MESSAGE][PASSED] - All options with index in [3] are selected on object 'Object Repository/1-OBJECTS TAREAS PRINCIPALES/Modulo Tarea Compensacion/Generar Vacaciones/select_--Seleccione--ChequeEntidad de PagoPeriodo de Nomina'

2023-04-10 08:42:55 - [TEST_STEP][PASSED] - waitForElementClickable(findTestObject("1-OBJECTS TAREAS PRINCIPALES/Modulo Tarea Compensacion/Generar Vacaciones/a_Periodo Nomina_btn_popupInformacion"), G_TimeOut): Object 'Object Repository/1-OBJECTS TAREAS PRINCIPALES/Modulo Tarea Compensacion/Generar Vacaciones/a_Periodo Nomina_btn_popupInformacion' is clickable

2023-04-10 08:42:55 - [MESSAGE][PASSED] - Object 'Object Repository/1-OBJECTS TAREAS PRINCIPALES/Modulo Tarea Compensacion/Generar Vacaciones/a_Periodo Nomina_btn_popupInformacion' is clickable

2023-04-10 08:42:55 - [TEST_STEP][PASSED] - click(findTestObject("1-OBJECTS TAREAS PRINCIPALES/Modulo Tarea Compensacion/Generar Vacaciones/a_Periodo Nomina_btn_popupInformacion")): Object: 'Object Repository/1-OBJECTS TAREAS PRINCIPALES/Modulo Tarea Compensacion/Generar Vacaciones/a_Periodo Nomina_btn_popupInformacion' is clicked on

2023-04-10 08:42:56 - [MESSAGE][PASSED] - Object: 'Object Repository/1-OBJECTS TAREAS PRINCIPALES/Modulo Tarea Compensacion/Generar Vacaciones/a_Periodo Nomina_btn_popupInformacion' is clicked on

2023-04-10 08:42:56 - [TEST_STEP][PASSED] - waitForElementClickable(findTestObject("1-OBJECTS TAREAS PRINCIPALES/Modulo Tarea Compensacion/Generar Vacaciones/span_P MensualJunio2021"), G_TimeOut): Object 'Object Repository/1-OBJECTS TAREAS PRINCIPALES/Modulo Tarea Compensacion/Generar Vacaciones/span_P MensualJunio2021' is clickable

2023-04-10 08:42:56 - [MESSAGE][PASSED] - Object 'Object Repository/1-OBJECTS TAREAS PRINCIPALES/Modulo Tarea Compensacion/Generar Vacaciones/span_P MensualJunio2021' is clickable

2023-04-10 08:42:56 - [TEST_STEP][PASSED] - click(findTestObject("1-OBJECTS TAREAS PRINCIPALES/Modulo Tarea Compensacion/Generar Vacaciones/span_P MensualJunio2021")): Object: 'Object Repository/1-OBJECTS TAREAS PRINCIPALES/Modulo Tarea Compensacion/Generar Vacaciones/span_P MensualJunio2021' is clicked on

2023-04-10 08:42:57 - [MESSAGE][PASSED] - Object: 'Object Repository/1-OBJECTS TAREAS PRINCIPALES/Modulo Tarea Compensacion/Generar Vacaciones/span_P MensualJunio2021' is clicked on

2023-04-10 08:42:57 - [TEST_STEP][PASSED] - waitForElementClickable(findTestObject("1-OBJECTS TAREAS PRINCIPALES/Modulo Tarea Compensacion/Generar Vacaciones/a_Filtrar"), G_TimeOut): Object 'Object Repository/1-OBJECTS TAREAS PRINCIPALES/Modulo Tarea Compensacion/Generar Vacaciones/a_Filtrar' is clickable

2023-04-10 08:42:57 - [MESSAGE][PASSED] - Object 'Object Repository/1-OBJECTS TAREAS PRINCIPALES/Modulo Tarea Compensacion/Generar Vacaciones/a_Filtrar' is clickable

2023-04-10 08:42:57 - [TEST_STEP][PASSED] - click(findTestObject("1-OBJECTS TAREAS PRINCIPALES/Modulo Tarea Compensacion/Generar Vacaciones/a_Filtrar")): Object: 'Object Repository/1-OBJECTS TAREAS PRINCIPALES/Modulo Tarea Compensacion/Generar Vacaciones/a_Filtrar' is clicked on

2023-04-10 08:42:58 - [MESSAGE][PASSED] - Object: 'Object Repository/1-OBJECTS TAREAS PRINCIPALES/Modulo Tarea Compensacion/Generar Vacaciones/a_Filtrar' is clicked on

2023-04-10 08:42:58 - [TEST_STEP][PASSED] - waitForElementClickable(findTestObject("1-OBJECTS TAREAS PRINCIPALES/Modulo Tarea Compensacion/Generar Vacaciones/div_Detalle_ui-chkbox-box ui-widget ui-corner-all ui-state-default"), G_TimeOut): Object 'Object Repository/1-OBJECTS TAREAS PRINCIPALES/Modulo Tarea Compensacion/Generar Vacaciones/div_Detalle_ui-chkbox-box ui-widget ui-corner-all ui-state-default' is clickable

2023-04-10 08:42:58 - [MESSAGE][PASSED] - Object 'Object Repository/1-OBJECTS TAREAS PRINCIPALES/Modulo Tarea Compensacion/Generar Vacaciones/div_Detalle_ui-chkbox-box ui-widget ui-corner-all ui-state-default' is clickable

2023-04-10 08:42:58 - [TEST_STEP][PASSED] - click(findTestObject("1-OBJECTS TAREAS PRINCIPALES/Modulo Tarea Compensacion/Generar Vacaciones/div_Detalle_ui-chkbox-box ui-widget ui-corner-all ui-state-default")): Object: 'Object Repository/1-OBJECTS TAREAS PRINCIPALES/Modulo Tarea Compensacion/Generar Vacaciones/div_Detalle_ui-chkbox-box ui-widget ui-corner-all ui-state-default' is clicked on

2023-04-10 08:42:59 - [MESSAGE][PASSED] - Object: 'Object Repository/1-OBJECTS TAREAS PRINCIPALES/Modulo Tarea Compensacion/Generar Vacaciones/div_Detalle_ui-chkbox-box ui-widget ui-corner-all ui-state-default' is clicked on

2023-04-10 08:42:59 - [TEST_STEP][PASSED] - waitForElementClickable(findTestObject("1-OBJECTS TAREAS PRINCIPALES/Modulo Tarea Compensacion/Generar Vacaciones/a_Aplicar"), G_TimeOut): Object 'Object Repository/1-OBJECTS TAREAS PRINCIPALES/Modulo Tarea Compensacion/Generar Vacaciones/a_Aplicar' is clickable

2023-04-10 08:42:59 - [MESSAGE][PASSED] - Object 'Object Repository/1-OBJECTS TAREAS PRINCIPALES/Modulo Tarea Compensacion/Generar Vacaciones/a_Aplicar' is clickable

2023-04-10 08:42:59 - [TEST_STEP][PASSED] - click(findTestObject("1-OBJECTS TAREAS PRINCIPALES/Modulo Tarea Compensacion/Generar Vacaciones/a_Aplicar")): Object: 'Object Repository/1-OBJECTS TAREAS PRINCIPALES/Modulo Tarea Compensacion/Generar Vacaciones/a_Aplicar' is clicked on

2023-04-10 08:43:00 - [MESSAGE][PASSED] - Object: 'Object Repository/1-OBJECTS TAREAS PRINCIPALES/Modulo Tarea Compensacion/Generar Vacaciones/a_Aplicar' is clicked on

2023-04-10 08:43:00 - [TEST_STEP][PASSED] - waitForElementClickable(findTestObject("1-OBJECTS TAREAS PRINCIPALES/Modulo Tarea Compensacion/Generar Vacaciones/span_Si"), G_TimeOut): Object 'Object Repository/1-OBJECTS TAREAS PRINCIPALES/Modulo Tarea Compensacion/Generar Vacaciones/span_Si' is clickable

2023-04-10 08:43:00 - [MESSAGE][PASSED] - Object 'Object Repository/1-OBJECTS TAREAS PRINCIPALES/Modulo Tarea Compensacion/Generar Vacaciones/span_Si' is clickable

2023-04-10 08:43:00 - [TEST_STEP][PASSED] - click(findTestObject("1-OBJECTS TAREAS PRINCIPALES/Modulo Tarea Compensacion/Generar Vacaciones/span_Si")): Object: 'Object Repository/1-OBJECTS TAREAS PRINCIPALES/Modulo Tarea Compensacion/Generar Vacaciones/span_Si' is clicked on

2023-04-10 08:43:01 - [MESSAGE][PASSED] - Object: 'Object Repository/1-OBJECTS TAREAS PRINCIPALES/Modulo Tarea Compensacion/Generar Vacaciones/span_Si' is clicked on

2023-04-10 08:43:01 - [TEST_STEP][PASSED] - waitForElementClickable(findTestObject("1-OBJECTS TAREAS PRINCIPALES/Modulo Tarea Compensacion/Generar Vacaciones/a_Continuar"), 0): Object 'Object Repository/1-OBJECTS TAREAS PRINCIPALES/Modulo Tarea Compensacion/Generar Vacaciones/a_Continuar' is clickable

2023-04-10 08:43:01 - [MESSAGE][WARNING] - Timeout '0' is invalid. Using default page load timeout: '37'

2023-04-10 08:43:09 - [MESSAGE][PASSED] - Object 'Object Repository/1-OBJECTS TAREAS PRINCIPALES/Modulo Tarea Compensacion/Generar Vacaciones/a_Continuar' is clickable

2023-04-10 08:43:09 - [TEST_STEP][PASSED] - click(findTestObject("1-OBJECTS TAREAS PRINCIPALES/Modulo Tarea Compensacion/Generar Vacaciones/a_Continuar")): Object: 'Object Repository/1-OBJECTS TAREAS PRINCIPALES/Modulo Tarea Compensacion/Generar Vacaciones/a_Continuar' is clicked on

2023-04-10 08:43:10 - [MESSAGE][PASSED] - Object: 'Object Repository/1-OBJECTS TAREAS PRINCIPALES/Modulo Tarea Compensacion/Generar Vacaciones/a_Continuar' is clicked on

2023-04-10 08:43:10 - [TEST_STEP][PASSED] - Alerta = getText(findTestObject("3-OBJECTS UTILIDADES/Alerta/Alerta")): Text of object 'Object Repository/3-OBJECTS UTILIDADES/Alerta/Alerta' is: 'Se Actualizo correctamente el registro'

2023-04-10 08:43:11 - [MESSAGE][PASSED] - Text of object 'Object Repository/3-OBJECTS UTILIDADES/Alerta/Alerta' is: 'Se Actualizo correctamente el registro'

2023-04-10 08:43:11 - [TEST_STEP][PASSED] - if (Alerta == "Se Actualizo correctamente el registro"): null

2023-04-10 08:43:11 - [TEST_STEP][PASSED] - Resultado = "PRUEBA OK": null]]></system-out>
         <system-err><![CDATA[]]></system-err>
      </testcase>
      <testcase name="Test Cases/1.1-Tareas Principales/1.1.8-Mantenimiento de Vacaciones Reliquidar" time="23.307" classname="Test Cases/1.1-Tareas Principales/1.1.8-Mantenimiento de Vacaciones Reliquidar" status="PASSED">
         <system-out><![CDATA[2023-04-10 08:43:11 - [TEST_CASE][PASSED] - Test Cases/1.1-Tareas Principales/1.1.8-Mantenimiento de Vacaciones Reliquidar: Test Cases/1.1-Tareas Principales/1.1.8-Mantenimiento de Vacaciones Reliquidar

2023-04-10 08:43:11 - [TEST_STEP][PASSED] - callTestCase(findTestCase("0.1-Login"), [:], STOP_ON_FAILURE): Call Test Case 'Test Cases/0.1-Login' successfully

2023-04-10 08:43:11 - [TEST_CASE][PASSED] - Test Cases/0.1-Login: Test Cases/0.1-Login

2023-04-10 08:43:11 - [TEST_STEP][PASSED] - openBrowser(""): Browser is opened with url: ''

2023-04-10 08:43:11 - [MESSAGE][WARNING] - A browser is already opened. Closing browser and opening a new one

2023-04-10 08:43:12 - [MESSAGE][INFO] - Starting 'Chrome' driver

2023-04-10 08:43:12 - [MESSAGE][INFO] - Action delay is set to 0 milliseconds

2023-04-10 08:43:13 - [MESSAGE][PASSED] - Browser is opened with url: ''

2023-04-10 08:43:13 - [TEST_STEP][PASSED] - maximizeWindow(): Current window maximized

2023-04-10 08:43:13 - [MESSAGE][PASSED] - Current window maximized

2023-04-10 08:43:13 - [TEST_STEP][PASSED] - i = G_Login: null

2023-04-10 08:43:13 - [TEST_STEP][PASSED] - url = new java.net.URL(i): null

2023-04-10 08:43:13 - [TEST_STEP][PASSED] - println("URL: " + url.toString()): null

2023-04-10 08:43:13 - [TEST_STEP][PASSED] - connection = url.openConnection(): null

2023-04-10 08:43:13 - [TEST_STEP][PASSED] - connection.setRequestMethod("GET"): null

2023-04-10 08:43:13 - [TEST_STEP][PASSED] - connection.setReadTimeout(2 * 1000): null

2023-04-10 08:43:13 - [TEST_STEP][PASSED] - try: null

2023-04-10 08:43:13 - [TEST_STEP][PASSED] - connection.connect(): null

2023-04-10 08:43:13 - [TEST_STEP][PASSED] - flag = connected: null

2023-04-10 08:43:13 - [TEST_STEP][PASSED] - println("Valor_ori: " + flag): null

2023-04-10 08:43:13 - [TEST_STEP][PASSED] - if (flag): null

2023-04-10 08:43:13 - [TEST_STEP][PASSED] - navigateToUrl(i): Navigate to 'http://192.168.2.19:8380/saraweb' successfully

2023-04-10 08:43:14 - [MESSAGE][PASSED] - Navigate to 'http://192.168.2.19:8380/saraweb' successfully

2023-04-10 08:43:14 - [TEST_STEP][PASSED] - a(): null

2023-04-10 08:43:14 - [TEST_STEP][PASSED] - if (waitForElementVisible(findTestObject("3-OBJECTS UTILIDADES/Login/input_USUARIO_loginusuario"), 0)): null

2023-04-10 08:43:14 - [MESSAGE][WARNING] - Timeout '0' is invalid. Using default page load timeout: '37'

2023-04-10 08:43:14 - [MESSAGE][PASSED] - Object 'Object Repository/3-OBJECTS UTILIDADES/Login/input_USUARIO_loginusuario' is visible

2023-04-10 08:43:14 - [TEST_STEP][PASSED] - switchToWindowTitle("SARA"): Switched to window with title: 'SARA'

2023-04-10 08:43:14 - [MESSAGE][PASSED] - Switched to window with title: 'SARA'

2023-04-10 08:43:14 - [TEST_STEP][PASSED] - zoom(): null

2023-04-10 08:43:14 - [TEST_STEP][PASSED] - robot = new java.awt.Robot(): null

2023-04-10 08:43:14 - [TEST_STEP][PASSED] - robot.keyPress(VK_CONTROL): null

2023-04-10 08:43:14 - [TEST_STEP][PASSED] - robot.keyPress(VK_SUBTRACT): null

2023-04-10 08:43:14 - [TEST_STEP][PASSED] - robot.keyRelease(VK_CONTROL): null

2023-04-10 08:43:14 - [TEST_STEP][PASSED] - robot.keyRelease(VK_SUBTRACT): null

2023-04-10 08:43:14 - [TEST_STEP][PASSED] - robot.keyPress(VK_CONTROL): null

2023-04-10 08:43:14 - [TEST_STEP][PASSED] - robot.keyPress(VK_SUBTRACT): null

2023-04-10 08:43:14 - [TEST_STEP][PASSED] - robot.keyRelease(VK_CONTROL): null

2023-04-10 08:43:14 - [TEST_STEP][PASSED] - robot.keyRelease(VK_SUBTRACT): null

2023-04-10 08:43:14 - [TEST_STEP][PASSED] - robot.keyPress(VK_CONTROL): null

2023-04-10 08:43:14 - [TEST_STEP][PASSED] - robot.keyPress(VK_SUBTRACT): null

2023-04-10 08:43:14 - [TEST_STEP][PASSED] - robot.keyRelease(VK_CONTROL): null

2023-04-10 08:43:14 - [TEST_STEP][PASSED] - robot.keyRelease(VK_SUBTRACT): null

2023-04-10 08:43:14 - [TEST_STEP][PASSED] - robot.keyRelease(VK_CONTROL): null

2023-04-10 08:43:14 - [TEST_STEP][PASSED] - robot.keyRelease(VK_SUBTRACT): null

2023-04-10 08:43:14 - [TEST_STEP][PASSED] - setText(findTestObject("3-OBJECTS UTILIDADES/Login/input_USUARIO_loginusuario"), G_Usuario): Text 'saraadmin' is set on object 'Object Repository/3-OBJECTS UTILIDADES/Login/input_USUARIO_loginusuario'

2023-04-10 08:43:15 - [MESSAGE][PASSED] - Text 'saraadmin' is set on object 'Object Repository/3-OBJECTS UTILIDADES/Login/input_USUARIO_loginusuario'

2023-04-10 08:43:15 - [TEST_STEP][PASSED] - setEncryptedText(findTestObject("3-OBJECTS UTILIDADES/Login/input_CLAVE_loginpassword"), "SlAwMcyRKqrwbnzhAs8HhT6NnI7sEyng"): Text ****** has been set on object 'Object Repository/3-OBJECTS UTILIDADES/Login/input_CLAVE_loginpassword'

2023-04-10 08:43:17 - [MESSAGE][PASSED] - Text ****** has been set on object 'Object Repository/3-OBJECTS UTILIDADES/Login/input_CLAVE_loginpassword'

2023-04-10 08:43:17 - [TEST_STEP][PASSED] - while (waitForElementClickable(findTestObject("3-OBJECTS UTILIDADES/Login/a_Ingresar"), 1)): Web element with id: 'Object Repository/3-OBJECTS UTILIDADES/Login/a_Ingresar' located by '//a[contains(text(),'Ingresar')]' not found

2023-04-10 08:43:19 - [MESSAGE][INFO] - Unable to find the element located by 'By.xpath: //a[contains(text(),'Ingresar')]'. Please recheck the objects properties to make sure the desired element is located. 

2023-04-10 08:43:19 - [MESSAGE][WARNING] - Web element with id: 'Object Repository/3-OBJECTS UTILIDADES/Login/a_Ingresar' located by '//a[contains(text(),'Ingresar')]' not found

2023-04-10 08:43:19 - [MESSAGE][PASSED] - Call Test Case 'Test Cases/0.1-Login' successfully

2023-04-10 08:43:19 - [TEST_STEP][PASSED] - waitForElementClickable(findTestObject("1-OBJECTS TAREAS PRINCIPALES/Modulo Tarea Compensacion/Periodo en Proceso - Archivo Plano/Mantenimiento de Vacaciones Reliquidar/input_Mantenimiento de Vacaciones_form_templatej_idt24_input"), 0): Object 'Object Repository/1-OBJECTS TAREAS PRINCIPALES/Modulo Tarea Compensacion/Periodo en Proceso - Archivo Plano/Mantenimiento de Vacaciones Reliquidar/input_Mantenimiento de Vacaciones_form_templatej_idt24_input' is clickable

2023-04-10 08:43:19 - [MESSAGE][WARNING] - Timeout '0' is invalid. Using default page load timeout: '37'

2023-04-10 08:43:20 - [MESSAGE][PASSED] - Object 'Object Repository/1-OBJECTS TAREAS PRINCIPALES/Modulo Tarea Compensacion/Periodo en Proceso - Archivo Plano/Mantenimiento de Vacaciones Reliquidar/input_Mantenimiento de Vacaciones_form_templatej_idt24_input' is clickable

2023-04-10 08:43:20 - [TEST_STEP][PASSED] - setText(findTestObject("1-OBJECTS TAREAS PRINCIPALES/Modulo Tarea Compensacion/Periodo en Proceso - Archivo Plano/Mantenimiento de Vacaciones Reliquidar/input_Mantenimiento de Vacaciones_form_templatej_idt24_input"), "Mantenimiento de Vacaciones"): Text 'Mantenimiento de Vacaciones' is set on object 'Object Repository/1-OBJECTS TAREAS PRINCIPALES/Modulo Tarea Compensacion/Periodo en Proceso - Archivo Plano/Mantenimiento de Vacaciones Reliquidar/input_Mantenimiento de Vacaciones_form_templatej_idt24_input'

2023-04-10 08:43:20 - [MESSAGE][PASSED] - Text 'Mantenimiento de Vacaciones' is set on object 'Object Repository/1-OBJECTS TAREAS PRINCIPALES/Modulo Tarea Compensacion/Periodo en Proceso - Archivo Plano/Mantenimiento de Vacaciones Reliquidar/input_Mantenimiento de Vacaciones_form_templatej_idt24_input'

2023-04-10 08:43:20 - [TEST_STEP][PASSED] - waitForElementVisible(findTestObject("1-OBJECTS TAREAS PRINCIPALES/Modulo Tarea Compensacion/Periodo en Proceso - Archivo Plano/Mantenimiento de Vacaciones Reliquidar/span_mantenimiento de vacaciones reliquidar"), 0): Object 'Object Repository/1-OBJECTS TAREAS PRINCIPALES/Modulo Tarea Compensacion/Periodo en Proceso - Archivo Plano/Mantenimiento de Vacaciones Reliquidar/span_mantenimiento de vacaciones reliquidar' is visible

2023-04-10 08:43:20 - [MESSAGE][WARNING] - Timeout '0' is invalid. Using default page load timeout: '37'

2023-04-10 08:43:22 - [MESSAGE][PASSED] - Object 'Object Repository/1-OBJECTS TAREAS PRINCIPALES/Modulo Tarea Compensacion/Periodo en Proceso - Archivo Plano/Mantenimiento de Vacaciones Reliquidar/span_mantenimiento de vacaciones reliquidar' is visible

2023-04-10 08:43:22 - [TEST_STEP][PASSED] - click(findTestObject("1-OBJECTS TAREAS PRINCIPALES/Modulo Tarea Compensacion/Periodo en Proceso - Archivo Plano/Mantenimiento de Vacaciones Reliquidar/span_mantenimiento de vacaciones reliquidar"), STOP_ON_FAILURE): Object: 'Object Repository/1-OBJECTS TAREAS PRINCIPALES/Modulo Tarea Compensacion/Periodo en Proceso - Archivo Plano/Mantenimiento de Vacaciones Reliquidar/span_mantenimiento de vacaciones reliquidar' is clicked on

2023-04-10 08:43:22 - [MESSAGE][PASSED] - Object: 'Object Repository/1-OBJECTS TAREAS PRINCIPALES/Modulo Tarea Compensacion/Periodo en Proceso - Archivo Plano/Mantenimiento de Vacaciones Reliquidar/span_mantenimiento de vacaciones reliquidar' is clicked on

2023-04-10 08:43:22 - [TEST_STEP][PASSED] - setText(findTestObject("1-OBJECTS TAREAS PRINCIPALES/Modulo Tarea Compensacion/Periodo en Proceso - Archivo Plano/Mantenimiento de Vacaciones Reliquidar/input_Identificacin_form_mantenimientoVacacionj_idt66"), "1234567890"): Text '1234567890' is set on object 'Object Repository/1-OBJECTS TAREAS PRINCIPALES/Modulo Tarea Compensacion/Periodo en Proceso - Archivo Plano/Mantenimiento de Vacaciones Reliquidar/input_Identificacin_form_mantenimientoVacacionj_idt66'

2023-04-10 08:43:23 - [MESSAGE][PASSED] - Text '1234567890' is set on object 'Object Repository/1-OBJECTS TAREAS PRINCIPALES/Modulo Tarea Compensacion/Periodo en Proceso - Archivo Plano/Mantenimiento de Vacaciones Reliquidar/input_Identificacin_form_mantenimientoVacacionj_idt66'

2023-04-10 08:43:23 - [TEST_STEP][PASSED] - sendKeys(findTestObject("Modulo Tarea Administracion Compensacion/Mantenimiento de Vacaciones Reliquidar/input_Identificacin_form_mante"), Keys.chord(ENTER)): Keys 'ENTER + ' sent to object: 'tempBody'

2023-04-10 08:43:23 - [MESSAGE][WARNING] - Test object with id 'Object Repository/Modulo Tarea Administracion Compensacion/Mantenimiento de Vacaciones Reliquidar/input_Identificacin_form_mante' does not exist

2023-04-10 08:43:23 - [MESSAGE][WARNING] - Test object with id 'Object Repository/' does not exist

2023-04-10 08:43:24 - [MESSAGE][PASSED] - Keys 'ENTER + ' sent to object: 'tempBody'

2023-04-10 08:43:24 - [TEST_STEP][PASSED] - if (waitForElementVisible(findTestObject("1-OBJECTS TAREAS PRINCIPALES/Modulo Tarea Compensacion/Periodo en Proceso - Archivo Plano/Mantenimiento de Vacaciones Reliquidar/td_No se encontr registros"), 1)): Web element with id: 'Object Repository/1-OBJECTS TAREAS PRINCIPALES/Modulo Tarea Compensacion/Periodo en Proceso - Archivo Plano/Mantenimiento de Vacaciones Reliquidar/td_No se encontr registros' located by '//*/text()[normalize-space(.)='No se encontró registros']/parent::*' not found

2023-04-10 08:43:26 - [MESSAGE][INFO] - Unable to find the element located by 'By.xpath: //*/text()[normalize-space(.)='No se encontró registros']/parent::*'. Please recheck the objects properties to make sure the desired element is located. 

2023-04-10 08:43:26 - [MESSAGE][WARNING] - Web element with id: 'Object Repository/1-OBJECTS TAREAS PRINCIPALES/Modulo Tarea Compensacion/Periodo en Proceso - Archivo Plano/Mantenimiento de Vacaciones Reliquidar/td_No se encontr registros' located by '//*/text()[normalize-space(.)='No se encontró registros']/parent::*' not found

2023-04-10 08:43:26 - [TEST_STEP][PASSED] - selectOptionByIndex(findTestObject("1-OBJECTS TAREAS PRINCIPALES/Modulo Tarea Compensacion/Periodo en Proceso - Archivo Plano/Mantenimiento de Vacaciones Reliquidar/select_SeleccioneCerradaNo Cerrada"), "2"): All options with index in [2] are selected on object 'Object Repository/1-OBJECTS TAREAS PRINCIPALES/Modulo Tarea Compensacion/Periodo en Proceso - Archivo Plano/Mantenimiento de Vacaciones Reliquidar/select_SeleccioneCerradaNo Cerrada'

2023-04-10 08:43:27 - [MESSAGE][PASSED] - All options with index in [2] are selected on object 'Object Repository/1-OBJECTS TAREAS PRINCIPALES/Modulo Tarea Compensacion/Periodo en Proceso - Archivo Plano/Mantenimiento de Vacaciones Reliquidar/select_SeleccioneCerradaNo Cerrada'

2023-04-10 08:43:27 - [TEST_STEP][PASSED] - check(findTestObject("1-OBJECTS TAREAS PRINCIPALES/Modulo Tarea Compensacion/Periodo en Proceso - Archivo Plano/Mantenimiento de Vacaciones Reliquidar/div_Estado_ui-chkbox-")): Object 'Object Repository/1-OBJECTS TAREAS PRINCIPALES/Modulo Tarea Compensacion/Periodo en Proceso - Archivo Plano/Mantenimiento de Vacaciones Reliquidar/div_Estado_ui-chkbox-' is checked

2023-04-10 08:43:28 - [MESSAGE][PASSED] - Object 'Object Repository/1-OBJECTS TAREAS PRINCIPALES/Modulo Tarea Compensacion/Periodo en Proceso - Archivo Plano/Mantenimiento de Vacaciones Reliquidar/div_Estado_ui-chkbox-' is checked

2023-04-10 08:43:28 - [TEST_STEP][PASSED] - click(findTestObject("1-OBJECTS TAREAS PRINCIPALES/Modulo Tarea Compensacion/Periodo en Proceso - Archivo Plano/Mantenimiento de Vacaciones Reliquidar/a_Reliquidacion")): Object: 'Object Repository/1-OBJECTS TAREAS PRINCIPALES/Modulo Tarea Compensacion/Periodo en Proceso - Archivo Plano/Mantenimiento de Vacaciones Reliquidar/a_Reliquidacion' is clicked on

2023-04-10 08:43:28 - [MESSAGE][PASSED] - Object: 'Object Repository/1-OBJECTS TAREAS PRINCIPALES/Modulo Tarea Compensacion/Periodo en Proceso - Archivo Plano/Mantenimiento de Vacaciones Reliquidar/a_Reliquidacion' is clicked on

2023-04-10 08:43:28 - [TEST_STEP][PASSED] - click(findTestObject("1-OBJECTS TAREAS PRINCIPALES/Modulo Tarea Compensacion/Periodo en Proceso - Archivo Plano/Mantenimiento de Vacaciones Reliquidar/a_Aceptar_Reliquidacion")): Object: 'Object Repository/1-OBJECTS TAREAS PRINCIPALES/Modulo Tarea Compensacion/Periodo en Proceso - Archivo Plano/Mantenimiento de Vacaciones Reliquidar/a_Aceptar_Reliquidacion' is clicked on

2023-04-10 08:43:29 - [MESSAGE][PASSED] - Object: 'Object Repository/1-OBJECTS TAREAS PRINCIPALES/Modulo Tarea Compensacion/Periodo en Proceso - Archivo Plano/Mantenimiento de Vacaciones Reliquidar/a_Aceptar_Reliquidacion' is clicked on

2023-04-10 08:43:29 - [TEST_STEP][PASSED] - waitForElementClickable(findTestObject("1-OBJECTS TAREAS PRINCIPALES/Modulo Tarea Compensacion/Periodo en Proceso - Archivo Plano/Mantenimiento de Vacaciones Reliquidar/a_Continuar_Reliquidar"), 0): Object 'Object Repository/1-OBJECTS TAREAS PRINCIPALES/Modulo Tarea Compensacion/Periodo en Proceso - Archivo Plano/Mantenimiento de Vacaciones Reliquidar/a_Continuar_Reliquidar' is clickable

2023-04-10 08:43:29 - [MESSAGE][WARNING] - Timeout '0' is invalid. Using default page load timeout: '37'

2023-04-10 08:43:33 - [MESSAGE][PASSED] - Object 'Object Repository/1-OBJECTS TAREAS PRINCIPALES/Modulo Tarea Compensacion/Periodo en Proceso - Archivo Plano/Mantenimiento de Vacaciones Reliquidar/a_Continuar_Reliquidar' is clickable

2023-04-10 08:43:33 - [TEST_STEP][PASSED] - click(findTestObject("1-OBJECTS TAREAS PRINCIPALES/Modulo Tarea Compensacion/Periodo en Proceso - Archivo Plano/Mantenimiento de Vacaciones Reliquidar/a_Continuar_Reliquidar")): Object: 'Object Repository/1-OBJECTS TAREAS PRINCIPALES/Modulo Tarea Compensacion/Periodo en Proceso - Archivo Plano/Mantenimiento de Vacaciones Reliquidar/a_Continuar_Reliquidar' is clicked on

2023-04-10 08:43:33 - [MESSAGE][PASSED] - Object: 'Object Repository/1-OBJECTS TAREAS PRINCIPALES/Modulo Tarea Compensacion/Periodo en Proceso - Archivo Plano/Mantenimiento de Vacaciones Reliquidar/a_Continuar_Reliquidar' is clicked on

2023-04-10 08:43:33 - [TEST_STEP][PASSED] - if (waitForElementVisible(findTestObject("1-OBJECTS TAREAS PRINCIPALES/Modulo Tarea Compensacion/Periodo en Proceso - Archivo Plano/Mantenimiento de Vacaciones Reliquidar/td_1234567890"), 1)): null

2023-04-10 08:43:34 - [MESSAGE][PASSED] - Object 'Object Repository/1-OBJECTS TAREAS PRINCIPALES/Modulo Tarea Compensacion/Periodo en Proceso - Archivo Plano/Mantenimiento de Vacaciones Reliquidar/td_1234567890' is visible

2023-04-10 08:43:34 - [TEST_STEP][PASSED] - Resultado = "PRUEBA OK": null]]></system-out>
         <system-err><![CDATA[]]></system-err>
      </testcase>
      <testcase name="Test Cases/1.1-Tareas Principales/1.1.9-Imprimir comprobante de vacaciones" time="29.705" classname="Test Cases/1.1-Tareas Principales/1.1.9-Imprimir comprobante de vacaciones" status="PASSED">
         <system-out><![CDATA[2023-04-10 08:43:34 - [TEST_CASE][PASSED] - Test Cases/1.1-Tareas Principales/1.1.9-Imprimir comprobante de vacaciones: Test Cases/1.1-Tareas Principales/1.1.9-Imprimir comprobante de vacaciones

2023-04-10 08:43:34 - [TEST_STEP][PASSED] - callTestCase(findTestCase("1.1-Tareas Principales/1.1.8-Mantenimiento de Vacaciones Reliquidar"), [:], STOP_ON_FAILURE): Call Test Case 'Test Cases/1.1-Tareas Principales/1.1.8-Mantenimiento de Vacaciones Reliquidar' successfully

2023-04-10 08:43:34 - [TEST_CASE][PASSED] - Test Cases/1.1-Tareas Principales/1.1.8-Mantenimiento de Vacaciones Reliquidar: Test Cases/1.1-Tareas Principales/1.1.8-Mantenimiento de Vacaciones Reliquidar

2023-04-10 08:43:34 - [TEST_STEP][PASSED] - callTestCase(findTestCase("0.1-Login"), [:], STOP_ON_FAILURE): Call Test Case 'Test Cases/0.1-Login' successfully

2023-04-10 08:43:34 - [TEST_CASE][PASSED] - Test Cases/0.1-Login: Test Cases/0.1-Login

2023-04-10 08:43:34 - [TEST_STEP][PASSED] - openBrowser(""): Browser is opened with url: ''

2023-04-10 08:43:34 - [MESSAGE][WARNING] - A browser is already opened. Closing browser and opening a new one

2023-04-10 08:43:35 - [MESSAGE][INFO] - Starting 'Chrome' driver

2023-04-10 08:43:35 - [MESSAGE][INFO] - Action delay is set to 0 milliseconds

2023-04-10 08:43:36 - [MESSAGE][PASSED] - Browser is opened with url: ''

2023-04-10 08:43:36 - [TEST_STEP][PASSED] - maximizeWindow(): Current window maximized

2023-04-10 08:43:37 - [MESSAGE][PASSED] - Current window maximized

2023-04-10 08:43:37 - [TEST_STEP][PASSED] - i = G_Login: null

2023-04-10 08:43:37 - [TEST_STEP][PASSED] - url = new java.net.URL(i): null

2023-04-10 08:43:37 - [TEST_STEP][PASSED] - println("URL: " + url.toString()): null

2023-04-10 08:43:37 - [TEST_STEP][PASSED] - connection = url.openConnection(): null

2023-04-10 08:43:37 - [TEST_STEP][PASSED] - connection.setRequestMethod("GET"): null

2023-04-10 08:43:37 - [TEST_STEP][PASSED] - connection.setReadTimeout(2 * 1000): null

2023-04-10 08:43:37 - [TEST_STEP][PASSED] - try: null

2023-04-10 08:43:37 - [TEST_STEP][PASSED] - connection.connect(): null

2023-04-10 08:43:37 - [TEST_STEP][PASSED] - flag = connected: null

2023-04-10 08:43:37 - [TEST_STEP][PASSED] - println("Valor_ori: " + flag): null

2023-04-10 08:43:37 - [TEST_STEP][PASSED] - if (flag): null

2023-04-10 08:43:37 - [TEST_STEP][PASSED] - navigateToUrl(i): Navigate to 'http://192.168.2.19:8380/saraweb' successfully

2023-04-10 08:43:37 - [MESSAGE][PASSED] - Navigate to 'http://192.168.2.19:8380/saraweb' successfully

2023-04-10 08:43:37 - [TEST_STEP][PASSED] - a(): null

2023-04-10 08:43:37 - [TEST_STEP][PASSED] - if (waitForElementVisible(findTestObject("3-OBJECTS UTILIDADES/Login/input_USUARIO_loginusuario"), 0)): null

2023-04-10 08:43:37 - [MESSAGE][WARNING] - Timeout '0' is invalid. Using default page load timeout: '37'

2023-04-10 08:43:37 - [MESSAGE][PASSED] - Object 'Object Repository/3-OBJECTS UTILIDADES/Login/input_USUARIO_loginusuario' is visible

2023-04-10 08:43:37 - [TEST_STEP][PASSED] - switchToWindowTitle("SARA"): Switched to window with title: 'SARA'

2023-04-10 08:43:37 - [MESSAGE][PASSED] - Switched to window with title: 'SARA'

2023-04-10 08:43:37 - [TEST_STEP][PASSED] - zoom(): null

2023-04-10 08:43:37 - [TEST_STEP][PASSED] - robot = new java.awt.Robot(): null

2023-04-10 08:43:37 - [TEST_STEP][PASSED] - robot.keyPress(VK_CONTROL): null

2023-04-10 08:43:37 - [TEST_STEP][PASSED] - robot.keyPress(VK_SUBTRACT): null

2023-04-10 08:43:37 - [TEST_STEP][PASSED] - robot.keyRelease(VK_CONTROL): null

2023-04-10 08:43:37 - [TEST_STEP][PASSED] - robot.keyRelease(VK_SUBTRACT): null

2023-04-10 08:43:37 - [TEST_STEP][PASSED] - robot.keyPress(VK_CONTROL): null

2023-04-10 08:43:37 - [TEST_STEP][PASSED] - robot.keyPress(VK_SUBTRACT): null

2023-04-10 08:43:37 - [TEST_STEP][PASSED] - robot.keyRelease(VK_CONTROL): null

2023-04-10 08:43:37 - [TEST_STEP][PASSED] - robot.keyRelease(VK_SUBTRACT): null

2023-04-10 08:43:37 - [TEST_STEP][PASSED] - robot.keyPress(VK_CONTROL): null

2023-04-10 08:43:37 - [TEST_STEP][PASSED] - robot.keyPress(VK_SUBTRACT): null

2023-04-10 08:43:37 - [TEST_STEP][PASSED] - robot.keyRelease(VK_CONTROL): null

2023-04-10 08:43:37 - [TEST_STEP][PASSED] - robot.keyRelease(VK_SUBTRACT): null

2023-04-10 08:43:37 - [TEST_STEP][PASSED] - robot.keyRelease(VK_CONTROL): null

2023-04-10 08:43:37 - [TEST_STEP][PASSED] - robot.keyRelease(VK_SUBTRACT): null

2023-04-10 08:43:37 - [TEST_STEP][PASSED] - setText(findTestObject("3-OBJECTS UTILIDADES/Login/input_USUARIO_loginusuario"), G_Usuario): Text 'saraadmin' is set on object 'Object Repository/3-OBJECTS UTILIDADES/Login/input_USUARIO_loginusuario'

2023-04-10 08:43:38 - [MESSAGE][PASSED] - Text 'saraadmin' is set on object 'Object Repository/3-OBJECTS UTILIDADES/Login/input_USUARIO_loginusuario'

2023-04-10 08:43:38 - [TEST_STEP][PASSED] - setEncryptedText(findTestObject("3-OBJECTS UTILIDADES/Login/input_CLAVE_loginpassword"), "SlAwMcyRKqrwbnzhAs8HhT6NnI7sEyng"): Text ****** has been set on object 'Object Repository/3-OBJECTS UTILIDADES/Login/input_CLAVE_loginpassword'

2023-04-10 08:43:40 - [MESSAGE][PASSED] - Text ****** has been set on object 'Object Repository/3-OBJECTS UTILIDADES/Login/input_CLAVE_loginpassword'

2023-04-10 08:43:40 - [TEST_STEP][PASSED] - while (waitForElementClickable(findTestObject("3-OBJECTS UTILIDADES/Login/a_Ingresar"), 1)): Web element with id: 'Object Repository/3-OBJECTS UTILIDADES/Login/a_Ingresar' located by '//a[contains(text(),'Ingresar')]' not found

2023-04-10 08:43:42 - [MESSAGE][INFO] - Unable to find the element located by 'By.xpath: //a[contains(text(),'Ingresar')]'. Please recheck the objects properties to make sure the desired element is located. 

2023-04-10 08:43:42 - [MESSAGE][WARNING] - Web element with id: 'Object Repository/3-OBJECTS UTILIDADES/Login/a_Ingresar' located by '//a[contains(text(),'Ingresar')]' not found

2023-04-10 08:43:42 - [MESSAGE][PASSED] - Call Test Case 'Test Cases/0.1-Login' successfully

2023-04-10 08:43:42 - [TEST_STEP][PASSED] - waitForElementClickable(findTestObject("1-OBJECTS TAREAS PRINCIPALES/Modulo Tarea Compensacion/Periodo en Proceso - Archivo Plano/Mantenimiento de Vacaciones Reliquidar/input_Mantenimiento de Vacaciones_form_templatej_idt24_input"), 0): Object 'Object Repository/1-OBJECTS TAREAS PRINCIPALES/Modulo Tarea Compensacion/Periodo en Proceso - Archivo Plano/Mantenimiento de Vacaciones Reliquidar/input_Mantenimiento de Vacaciones_form_templatej_idt24_input' is clickable

2023-04-10 08:43:42 - [MESSAGE][WARNING] - Timeout '0' is invalid. Using default page load timeout: '37'

2023-04-10 08:43:42 - [MESSAGE][PASSED] - Object 'Object Repository/1-OBJECTS TAREAS PRINCIPALES/Modulo Tarea Compensacion/Periodo en Proceso - Archivo Plano/Mantenimiento de Vacaciones Reliquidar/input_Mantenimiento de Vacaciones_form_templatej_idt24_input' is clickable

2023-04-10 08:43:42 - [TEST_STEP][PASSED] - setText(findTestObject("1-OBJECTS TAREAS PRINCIPALES/Modulo Tarea Compensacion/Periodo en Proceso - Archivo Plano/Mantenimiento de Vacaciones Reliquidar/input_Mantenimiento de Vacaciones_form_templatej_idt24_input"), "Mantenimiento de Vacaciones"): Text 'Mantenimiento de Vacaciones' is set on object 'Object Repository/1-OBJECTS TAREAS PRINCIPALES/Modulo Tarea Compensacion/Periodo en Proceso - Archivo Plano/Mantenimiento de Vacaciones Reliquidar/input_Mantenimiento de Vacaciones_form_templatej_idt24_input'

2023-04-10 08:43:43 - [MESSAGE][PASSED] - Text 'Mantenimiento de Vacaciones' is set on object 'Object Repository/1-OBJECTS TAREAS PRINCIPALES/Modulo Tarea Compensacion/Periodo en Proceso - Archivo Plano/Mantenimiento de Vacaciones Reliquidar/input_Mantenimiento de Vacaciones_form_templatej_idt24_input'

2023-04-10 08:43:43 - [TEST_STEP][PASSED] - waitForElementVisible(findTestObject("1-OBJECTS TAREAS PRINCIPALES/Modulo Tarea Compensacion/Periodo en Proceso - Archivo Plano/Mantenimiento de Vacaciones Reliquidar/span_mantenimiento de vacaciones reliquidar"), 0): Object 'Object Repository/1-OBJECTS TAREAS PRINCIPALES/Modulo Tarea Compensacion/Periodo en Proceso - Archivo Plano/Mantenimiento de Vacaciones Reliquidar/span_mantenimiento de vacaciones reliquidar' is visible

2023-04-10 08:43:43 - [MESSAGE][WARNING] - Timeout '0' is invalid. Using default page load timeout: '37'

2023-04-10 08:43:45 - [MESSAGE][PASSED] - Object 'Object Repository/1-OBJECTS TAREAS PRINCIPALES/Modulo Tarea Compensacion/Periodo en Proceso - Archivo Plano/Mantenimiento de Vacaciones Reliquidar/span_mantenimiento de vacaciones reliquidar' is visible

2023-04-10 08:43:45 - [TEST_STEP][PASSED] - click(findTestObject("1-OBJECTS TAREAS PRINCIPALES/Modulo Tarea Compensacion/Periodo en Proceso - Archivo Plano/Mantenimiento de Vacaciones Reliquidar/span_mantenimiento de vacaciones reliquidar"), STOP_ON_FAILURE): Object: 'Object Repository/1-OBJECTS TAREAS PRINCIPALES/Modulo Tarea Compensacion/Periodo en Proceso - Archivo Plano/Mantenimiento de Vacaciones Reliquidar/span_mantenimiento de vacaciones reliquidar' is clicked on

2023-04-10 08:43:45 - [MESSAGE][PASSED] - Object: 'Object Repository/1-OBJECTS TAREAS PRINCIPALES/Modulo Tarea Compensacion/Periodo en Proceso - Archivo Plano/Mantenimiento de Vacaciones Reliquidar/span_mantenimiento de vacaciones reliquidar' is clicked on

2023-04-10 08:43:45 - [TEST_STEP][PASSED] - setText(findTestObject("1-OBJECTS TAREAS PRINCIPALES/Modulo Tarea Compensacion/Periodo en Proceso - Archivo Plano/Mantenimiento de Vacaciones Reliquidar/input_Identificacin_form_mantenimientoVacacionj_idt66"), "1234567890"): Text '1234567890' is set on object 'Object Repository/1-OBJECTS TAREAS PRINCIPALES/Modulo Tarea Compensacion/Periodo en Proceso - Archivo Plano/Mantenimiento de Vacaciones Reliquidar/input_Identificacin_form_mantenimientoVacacionj_idt66'

2023-04-10 08:43:46 - [MESSAGE][PASSED] - Text '1234567890' is set on object 'Object Repository/1-OBJECTS TAREAS PRINCIPALES/Modulo Tarea Compensacion/Periodo en Proceso - Archivo Plano/Mantenimiento de Vacaciones Reliquidar/input_Identificacin_form_mantenimientoVacacionj_idt66'

2023-04-10 08:43:46 - [TEST_STEP][PASSED] - sendKeys(findTestObject("Modulo Tarea Administracion Compensacion/Mantenimiento de Vacaciones Reliquidar/input_Identificacin_form_mante"), Keys.chord(ENTER)): Keys 'ENTER + ' sent to object: 'tempBody'

2023-04-10 08:43:46 - [MESSAGE][WARNING] - Test object with id 'Object Repository/Modulo Tarea Administracion Compensacion/Mantenimiento de Vacaciones Reliquidar/input_Identificacin_form_mante' does not exist

2023-04-10 08:43:46 - [MESSAGE][WARNING] - Test object with id 'Object Repository/' does not exist

2023-04-10 08:43:47 - [MESSAGE][PASSED] - Keys 'ENTER + ' sent to object: 'tempBody'

2023-04-10 08:43:47 - [TEST_STEP][PASSED] - if (waitForElementVisible(findTestObject("1-OBJECTS TAREAS PRINCIPALES/Modulo Tarea Compensacion/Periodo en Proceso - Archivo Plano/Mantenimiento de Vacaciones Reliquidar/td_No se encontr registros"), 1)): Web element with id: 'Object Repository/1-OBJECTS TAREAS PRINCIPALES/Modulo Tarea Compensacion/Periodo en Proceso - Archivo Plano/Mantenimiento de Vacaciones Reliquidar/td_No se encontr registros' located by '//*/text()[normalize-space(.)='No se encontró registros']/parent::*' not found

2023-04-10 08:43:49 - [MESSAGE][INFO] - Unable to find the element located by 'By.xpath: //*/text()[normalize-space(.)='No se encontró registros']/parent::*'. Please recheck the objects properties to make sure the desired element is located. 

2023-04-10 08:43:49 - [MESSAGE][WARNING] - Web element with id: 'Object Repository/1-OBJECTS TAREAS PRINCIPALES/Modulo Tarea Compensacion/Periodo en Proceso - Archivo Plano/Mantenimiento de Vacaciones Reliquidar/td_No se encontr registros' located by '//*/text()[normalize-space(.)='No se encontró registros']/parent::*' not found

2023-04-10 08:43:49 - [TEST_STEP][PASSED] - selectOptionByIndex(findTestObject("1-OBJECTS TAREAS PRINCIPALES/Modulo Tarea Compensacion/Periodo en Proceso - Archivo Plano/Mantenimiento de Vacaciones Reliquidar/select_SeleccioneCerradaNo Cerrada"), "2"): All options with index in [2] are selected on object 'Object Repository/1-OBJECTS TAREAS PRINCIPALES/Modulo Tarea Compensacion/Periodo en Proceso - Archivo Plano/Mantenimiento de Vacaciones Reliquidar/select_SeleccioneCerradaNo Cerrada'

2023-04-10 08:43:50 - [MESSAGE][PASSED] - All options with index in [2] are selected on object 'Object Repository/1-OBJECTS TAREAS PRINCIPALES/Modulo Tarea Compensacion/Periodo en Proceso - Archivo Plano/Mantenimiento de Vacaciones Reliquidar/select_SeleccioneCerradaNo Cerrada'

2023-04-10 08:43:50 - [TEST_STEP][PASSED] - check(findTestObject("1-OBJECTS TAREAS PRINCIPALES/Modulo Tarea Compensacion/Periodo en Proceso - Archivo Plano/Mantenimiento de Vacaciones Reliquidar/div_Estado_ui-chkbox-")): Object 'Object Repository/1-OBJECTS TAREAS PRINCIPALES/Modulo Tarea Compensacion/Periodo en Proceso - Archivo Plano/Mantenimiento de Vacaciones Reliquidar/div_Estado_ui-chkbox-' is checked

2023-04-10 08:43:51 - [MESSAGE][PASSED] - Object 'Object Repository/1-OBJECTS TAREAS PRINCIPALES/Modulo Tarea Compensacion/Periodo en Proceso - Archivo Plano/Mantenimiento de Vacaciones Reliquidar/div_Estado_ui-chkbox-' is checked

2023-04-10 08:43:51 - [TEST_STEP][PASSED] - click(findTestObject("1-OBJECTS TAREAS PRINCIPALES/Modulo Tarea Compensacion/Periodo en Proceso - Archivo Plano/Mantenimiento de Vacaciones Reliquidar/a_Reliquidacion")): Object: 'Object Repository/1-OBJECTS TAREAS PRINCIPALES/Modulo Tarea Compensacion/Periodo en Proceso - Archivo Plano/Mantenimiento de Vacaciones Reliquidar/a_Reliquidacion' is clicked on

2023-04-10 08:43:51 - [MESSAGE][PASSED] - Object: 'Object Repository/1-OBJECTS TAREAS PRINCIPALES/Modulo Tarea Compensacion/Periodo en Proceso - Archivo Plano/Mantenimiento de Vacaciones Reliquidar/a_Reliquidacion' is clicked on

2023-04-10 08:43:51 - [TEST_STEP][PASSED] - click(findTestObject("1-OBJECTS TAREAS PRINCIPALES/Modulo Tarea Compensacion/Periodo en Proceso - Archivo Plano/Mantenimiento de Vacaciones Reliquidar/a_Aceptar_Reliquidacion")): Object: 'Object Repository/1-OBJECTS TAREAS PRINCIPALES/Modulo Tarea Compensacion/Periodo en Proceso - Archivo Plano/Mantenimiento de Vacaciones Reliquidar/a_Aceptar_Reliquidacion' is clicked on

2023-04-10 08:43:52 - [MESSAGE][PASSED] - Object: 'Object Repository/1-OBJECTS TAREAS PRINCIPALES/Modulo Tarea Compensacion/Periodo en Proceso - Archivo Plano/Mantenimiento de Vacaciones Reliquidar/a_Aceptar_Reliquidacion' is clicked on

2023-04-10 08:43:52 - [TEST_STEP][PASSED] - waitForElementClickable(findTestObject("1-OBJECTS TAREAS PRINCIPALES/Modulo Tarea Compensacion/Periodo en Proceso - Archivo Plano/Mantenimiento de Vacaciones Reliquidar/a_Continuar_Reliquidar"), 0): Object 'Object Repository/1-OBJECTS TAREAS PRINCIPALES/Modulo Tarea Compensacion/Periodo en Proceso - Archivo Plano/Mantenimiento de Vacaciones Reliquidar/a_Continuar_Reliquidar' is clickable

2023-04-10 08:43:52 - [MESSAGE][WARNING] - Timeout '0' is invalid. Using default page load timeout: '37'

2023-04-10 08:43:56 - [MESSAGE][PASSED] - Object 'Object Repository/1-OBJECTS TAREAS PRINCIPALES/Modulo Tarea Compensacion/Periodo en Proceso - Archivo Plano/Mantenimiento de Vacaciones Reliquidar/a_Continuar_Reliquidar' is clickable

2023-04-10 08:43:56 - [TEST_STEP][PASSED] - click(findTestObject("1-OBJECTS TAREAS PRINCIPALES/Modulo Tarea Compensacion/Periodo en Proceso - Archivo Plano/Mantenimiento de Vacaciones Reliquidar/a_Continuar_Reliquidar")): Object: 'Object Repository/1-OBJECTS TAREAS PRINCIPALES/Modulo Tarea Compensacion/Periodo en Proceso - Archivo Plano/Mantenimiento de Vacaciones Reliquidar/a_Continuar_Reliquidar' is clicked on

2023-04-10 08:43:56 - [MESSAGE][PASSED] - Object: 'Object Repository/1-OBJECTS TAREAS PRINCIPALES/Modulo Tarea Compensacion/Periodo en Proceso - Archivo Plano/Mantenimiento de Vacaciones Reliquidar/a_Continuar_Reliquidar' is clicked on

2023-04-10 08:43:56 - [TEST_STEP][PASSED] - if (waitForElementVisible(findTestObject("1-OBJECTS TAREAS PRINCIPALES/Modulo Tarea Compensacion/Periodo en Proceso - Archivo Plano/Mantenimiento de Vacaciones Reliquidar/td_1234567890"), 1)): null

2023-04-10 08:43:57 - [MESSAGE][PASSED] - Object 'Object Repository/1-OBJECTS TAREAS PRINCIPALES/Modulo Tarea Compensacion/Periodo en Proceso - Archivo Plano/Mantenimiento de Vacaciones Reliquidar/td_1234567890' is visible

2023-04-10 08:43:57 - [TEST_STEP][PASSED] - Resultado = "PRUEBA OK": null

2023-04-10 08:43:57 - [MESSAGE][PASSED] - Call Test Case 'Test Cases/1.1-Tareas Principales/1.1.8-Mantenimiento de Vacaciones Reliquidar' successfully

2023-04-10 08:43:57 - [TEST_STEP][PASSED] - waitForElementClickable(findTestObject("1-OBJECTS TAREAS PRINCIPALES/Modulo Tarea Compensacion/Imprimir comprobante de vacaciones/td_1234567890"), 0): Object 'Object Repository/1-OBJECTS TAREAS PRINCIPALES/Modulo Tarea Compensacion/Imprimir comprobante de vacaciones/td_1234567890' is clickable

2023-04-10 08:43:57 - [MESSAGE][WARNING] - Timeout '0' is invalid. Using default page load timeout: '37'

2023-04-10 08:43:57 - [MESSAGE][PASSED] - Object 'Object Repository/1-OBJECTS TAREAS PRINCIPALES/Modulo Tarea Compensacion/Imprimir comprobante de vacaciones/td_1234567890' is clickable

2023-04-10 08:43:57 - [TEST_STEP][PASSED] - click(findTestObject("1-OBJECTS TAREAS PRINCIPALES/Modulo Tarea Compensacion/Imprimir comprobante de vacaciones/td_1234567890")): Object: 'Object Repository/1-OBJECTS TAREAS PRINCIPALES/Modulo Tarea Compensacion/Imprimir comprobante de vacaciones/td_1234567890' is clicked on

2023-04-10 08:43:58 - [MESSAGE][PASSED] - Object: 'Object Repository/1-OBJECTS TAREAS PRINCIPALES/Modulo Tarea Compensacion/Imprimir comprobante de vacaciones/td_1234567890' is clicked on

2023-04-10 08:43:58 - [TEST_STEP][PASSED] - click(findTestObject("1-OBJECTS TAREAS PRINCIPALES/Modulo Tarea Compensacion/Imprimir comprobante de vacaciones/span_Imprimir")): Object: 'Object Repository/1-OBJECTS TAREAS PRINCIPALES/Modulo Tarea Compensacion/Imprimir comprobante de vacaciones/span_Imprimir' is clicked on

2023-04-10 08:43:59 - [MESSAGE][PASSED] - Object: 'Object Repository/1-OBJECTS TAREAS PRINCIPALES/Modulo Tarea Compensacion/Imprimir comprobante de vacaciones/span_Imprimir' is clicked on

2023-04-10 08:43:59 - [TEST_STEP][PASSED] - click(findTestObject("1-OBJECTS TAREAS PRINCIPALES/Modulo Tarea Compensacion/Imprimir comprobante de vacaciones/input_Publicar_j_idt712tipo")): Object: 'Object Repository/1-OBJECTS TAREAS PRINCIPALES/Modulo Tarea Compensacion/Imprimir comprobante de vacaciones/input_Publicar_j_idt712tipo' is clicked on

2023-04-10 08:43:59 - [MESSAGE][PASSED] - Object: 'Object Repository/1-OBJECTS TAREAS PRINCIPALES/Modulo Tarea Compensacion/Imprimir comprobante de vacaciones/input_Publicar_j_idt712tipo' is clicked on

2023-04-10 08:43:59 - [TEST_STEP][PASSED] - selectOptionByIndex(findTestObject("1-OBJECTS TAREAS PRINCIPALES/Modulo Tarea Compensacion/Imprimir comprobante de vacaciones/select_-- Seleccione --COMPROB"), "1"): All options with index in [1] are selected on object 'Object Repository/1-OBJECTS TAREAS PRINCIPALES/Modulo Tarea Compensacion/Imprimir comprobante de vacaciones/select_-- Seleccione --COMPROB'

2023-04-10 08:44:01 - [MESSAGE][PASSED] - All options with index in [1] are selected on object 'Object Repository/1-OBJECTS TAREAS PRINCIPALES/Modulo Tarea Compensacion/Imprimir comprobante de vacaciones/select_-- Seleccione --COMPROB'

2023-04-10 08:44:01 - [TEST_STEP][PASSED] - click(findTestObject("1-OBJECTS TAREAS PRINCIPALES/Modulo Tarea Compensacion/Imprimir comprobante de vacaciones/a_Publicar")): Object: 'Object Repository/1-OBJECTS TAREAS PRINCIPALES/Modulo Tarea Compensacion/Imprimir comprobante de vacaciones/a_Publicar' is clicked on

2023-04-10 08:44:01 - [MESSAGE][PASSED] - Object: 'Object Repository/1-OBJECTS TAREAS PRINCIPALES/Modulo Tarea Compensacion/Imprimir comprobante de vacaciones/a_Publicar' is clicked on

2023-04-10 08:44:01 - [TEST_STEP][PASSED] - Alert = getText(findTestObject("3-OBJECTS UTILIDADES/Alerta/Alerta")): Text of object 'Object Repository/3-OBJECTS UTILIDADES/Alerta/Alerta' is: 'Los comprobantes han sido publicados'

2023-04-10 08:44:03 - [MESSAGE][PASSED] - Text of object 'Object Repository/3-OBJECTS UTILIDADES/Alerta/Alerta' is: 'Los comprobantes han sido publicados'

2023-04-10 08:44:03 - [TEST_STEP][PASSED] - if (Alert == "Los comprobantes han sido publicados"): Browser is closed

2023-04-10 08:44:03 - [TEST_STEP][PASSED] - closeBrowser(): Browser is closed

2023-04-10 08:44:04 - [MESSAGE][PASSED] - Browser is closed]]></system-out>
         <system-err><![CDATA[]]></system-err>
      </testcase>
      <testcase name="Test Cases/1.1-Tareas Principales/1.2.1-Reversar Vacaciones" time="26.549" classname="Test Cases/1.1-Tareas Principales/1.2.1-Reversar Vacaciones" status="PASSED">
         <system-out><![CDATA[2023-04-10 08:44:04 - [TEST_CASE][PASSED] - Test Cases/1.1-Tareas Principales/1.2.1-Reversar Vacaciones: Test Cases/1.1-Tareas Principales/1.2.1-Reversar Vacaciones

2023-04-10 08:44:04 - [TEST_STEP][PASSED] - callTestCase(findTestCase("1.1-Tareas Principales/1.1.8-Mantenimiento de Vacaciones Reliquidar"), [:], STOP_ON_FAILURE): Call Test Case 'Test Cases/1.1-Tareas Principales/1.1.8-Mantenimiento de Vacaciones Reliquidar' successfully

2023-04-10 08:44:04 - [TEST_CASE][PASSED] - Test Cases/1.1-Tareas Principales/1.1.8-Mantenimiento de Vacaciones Reliquidar: Test Cases/1.1-Tareas Principales/1.1.8-Mantenimiento de Vacaciones Reliquidar

2023-04-10 08:44:04 - [TEST_STEP][PASSED] - callTestCase(findTestCase("0.1-Login"), [:], STOP_ON_FAILURE): Call Test Case 'Test Cases/0.1-Login' successfully

2023-04-10 08:44:04 - [TEST_CASE][PASSED] - Test Cases/0.1-Login: Test Cases/0.1-Login

2023-04-10 08:44:04 - [TEST_STEP][PASSED] - openBrowser(""): Browser is opened with url: ''

2023-04-10 08:44:04 - [MESSAGE][INFO] - Starting 'Chrome' driver

2023-04-10 08:44:04 - [MESSAGE][INFO] - Action delay is set to 0 milliseconds

2023-04-10 08:44:05 - [MESSAGE][PASSED] - Browser is opened with url: ''

2023-04-10 08:44:05 - [TEST_STEP][PASSED] - maximizeWindow(): Current window maximized

2023-04-10 08:44:06 - [MESSAGE][PASSED] - Current window maximized

2023-04-10 08:44:06 - [TEST_STEP][PASSED] - i = G_Login: null

2023-04-10 08:44:06 - [TEST_STEP][PASSED] - url = new java.net.URL(i): null

2023-04-10 08:44:06 - [TEST_STEP][PASSED] - println("URL: " + url.toString()): null

2023-04-10 08:44:06 - [TEST_STEP][PASSED] - connection = url.openConnection(): null

2023-04-10 08:44:06 - [TEST_STEP][PASSED] - connection.setRequestMethod("GET"): null

2023-04-10 08:44:06 - [TEST_STEP][PASSED] - connection.setReadTimeout(2 * 1000): null

2023-04-10 08:44:06 - [TEST_STEP][PASSED] - try: null

2023-04-10 08:44:06 - [TEST_STEP][PASSED] - connection.connect(): null

2023-04-10 08:44:06 - [TEST_STEP][PASSED] - flag = connected: null

2023-04-10 08:44:06 - [TEST_STEP][PASSED] - println("Valor_ori: " + flag): null

2023-04-10 08:44:06 - [TEST_STEP][PASSED] - if (flag): null

2023-04-10 08:44:06 - [TEST_STEP][PASSED] - navigateToUrl(i): Navigate to 'http://192.168.2.19:8380/saraweb' successfully

2023-04-10 08:44:06 - [MESSAGE][PASSED] - Navigate to 'http://192.168.2.19:8380/saraweb' successfully

2023-04-10 08:44:06 - [TEST_STEP][PASSED] - a(): null

2023-04-10 08:44:06 - [TEST_STEP][PASSED] - if (waitForElementVisible(findTestObject("3-OBJECTS UTILIDADES/Login/input_USUARIO_loginusuario"), 0)): null

2023-04-10 08:44:06 - [MESSAGE][WARNING] - Timeout '0' is invalid. Using default page load timeout: '37'

2023-04-10 08:44:06 - [MESSAGE][PASSED] - Object 'Object Repository/3-OBJECTS UTILIDADES/Login/input_USUARIO_loginusuario' is visible

2023-04-10 08:44:06 - [TEST_STEP][PASSED] - switchToWindowTitle("SARA"): Switched to window with title: 'SARA'

2023-04-10 08:44:06 - [MESSAGE][PASSED] - Switched to window with title: 'SARA'

2023-04-10 08:44:06 - [TEST_STEP][PASSED] - zoom(): null

2023-04-10 08:44:06 - [TEST_STEP][PASSED] - robot = new java.awt.Robot(): null

2023-04-10 08:44:06 - [TEST_STEP][PASSED] - robot.keyPress(VK_CONTROL): null

2023-04-10 08:44:06 - [TEST_STEP][PASSED] - robot.keyPress(VK_SUBTRACT): null

2023-04-10 08:44:06 - [TEST_STEP][PASSED] - robot.keyRelease(VK_CONTROL): null

2023-04-10 08:44:06 - [TEST_STEP][PASSED] - robot.keyRelease(VK_SUBTRACT): null

2023-04-10 08:44:06 - [TEST_STEP][PASSED] - robot.keyPress(VK_CONTROL): null

2023-04-10 08:44:06 - [TEST_STEP][PASSED] - robot.keyPress(VK_SUBTRACT): null

2023-04-10 08:44:06 - [TEST_STEP][PASSED] - robot.keyRelease(VK_CONTROL): null

2023-04-10 08:44:06 - [TEST_STEP][PASSED] - robot.keyRelease(VK_SUBTRACT): null

2023-04-10 08:44:06 - [TEST_STEP][PASSED] - robot.keyPress(VK_CONTROL): null

2023-04-10 08:44:06 - [TEST_STEP][PASSED] - robot.keyPress(VK_SUBTRACT): null

2023-04-10 08:44:06 - [TEST_STEP][PASSED] - robot.keyRelease(VK_CONTROL): null

2023-04-10 08:44:06 - [TEST_STEP][PASSED] - robot.keyRelease(VK_SUBTRACT): null

2023-04-10 08:44:06 - [TEST_STEP][PASSED] - robot.keyRelease(VK_CONTROL): null

2023-04-10 08:44:06 - [TEST_STEP][PASSED] - robot.keyRelease(VK_SUBTRACT): null

2023-04-10 08:44:06 - [TEST_STEP][PASSED] - setText(findTestObject("3-OBJECTS UTILIDADES/Login/input_USUARIO_loginusuario"), G_Usuario): Text 'saraadmin' is set on object 'Object Repository/3-OBJECTS UTILIDADES/Login/input_USUARIO_loginusuario'

2023-04-10 08:44:07 - [MESSAGE][PASSED] - Text 'saraadmin' is set on object 'Object Repository/3-OBJECTS UTILIDADES/Login/input_USUARIO_loginusuario'

2023-04-10 08:44:07 - [TEST_STEP][PASSED] - setEncryptedText(findTestObject("3-OBJECTS UTILIDADES/Login/input_CLAVE_loginpassword"), "SlAwMcyRKqrwbnzhAs8HhT6NnI7sEyng"): Text ****** has been set on object 'Object Repository/3-OBJECTS UTILIDADES/Login/input_CLAVE_loginpassword'

2023-04-10 08:44:08 - [MESSAGE][PASSED] - Text ****** has been set on object 'Object Repository/3-OBJECTS UTILIDADES/Login/input_CLAVE_loginpassword'

2023-04-10 08:44:08 - [TEST_STEP][PASSED] - while (waitForElementClickable(findTestObject("3-OBJECTS UTILIDADES/Login/a_Ingresar"), 1)): Web element with id: 'Object Repository/3-OBJECTS UTILIDADES/Login/a_Ingresar' located by '//a[contains(text(),'Ingresar')]' not found

2023-04-10 08:44:10 - [MESSAGE][INFO] - Unable to find the element located by 'By.xpath: //a[contains(text(),'Ingresar')]'. Please recheck the objects properties to make sure the desired element is located. 

2023-04-10 08:44:10 - [MESSAGE][WARNING] - Web element with id: 'Object Repository/3-OBJECTS UTILIDADES/Login/a_Ingresar' located by '//a[contains(text(),'Ingresar')]' not found

2023-04-10 08:44:10 - [MESSAGE][PASSED] - Call Test Case 'Test Cases/0.1-Login' successfully

2023-04-10 08:44:10 - [TEST_STEP][PASSED] - waitForElementClickable(findTestObject("1-OBJECTS TAREAS PRINCIPALES/Modulo Tarea Compensacion/Periodo en Proceso - Archivo Plano/Mantenimiento de Vacaciones Reliquidar/input_Mantenimiento de Vacaciones_form_templatej_idt24_input"), 0): Object 'Object Repository/1-OBJECTS TAREAS PRINCIPALES/Modulo Tarea Compensacion/Periodo en Proceso - Archivo Plano/Mantenimiento de Vacaciones Reliquidar/input_Mantenimiento de Vacaciones_form_templatej_idt24_input' is clickable

2023-04-10 08:44:10 - [MESSAGE][WARNING] - Timeout '0' is invalid. Using default page load timeout: '37'

2023-04-10 08:44:11 - [MESSAGE][PASSED] - Object 'Object Repository/1-OBJECTS TAREAS PRINCIPALES/Modulo Tarea Compensacion/Periodo en Proceso - Archivo Plano/Mantenimiento de Vacaciones Reliquidar/input_Mantenimiento de Vacaciones_form_templatej_idt24_input' is clickable

2023-04-10 08:44:11 - [TEST_STEP][PASSED] - setText(findTestObject("1-OBJECTS TAREAS PRINCIPALES/Modulo Tarea Compensacion/Periodo en Proceso - Archivo Plano/Mantenimiento de Vacaciones Reliquidar/input_Mantenimiento de Vacaciones_form_templatej_idt24_input"), "Mantenimiento de Vacaciones"): Text 'Mantenimiento de Vacaciones' is set on object 'Object Repository/1-OBJECTS TAREAS PRINCIPALES/Modulo Tarea Compensacion/Periodo en Proceso - Archivo Plano/Mantenimiento de Vacaciones Reliquidar/input_Mantenimiento de Vacaciones_form_templatej_idt24_input'

2023-04-10 08:44:11 - [MESSAGE][PASSED] - Text 'Mantenimiento de Vacaciones' is set on object 'Object Repository/1-OBJECTS TAREAS PRINCIPALES/Modulo Tarea Compensacion/Periodo en Proceso - Archivo Plano/Mantenimiento de Vacaciones Reliquidar/input_Mantenimiento de Vacaciones_form_templatej_idt24_input'

2023-04-10 08:44:11 - [TEST_STEP][PASSED] - waitForElementVisible(findTestObject("1-OBJECTS TAREAS PRINCIPALES/Modulo Tarea Compensacion/Periodo en Proceso - Archivo Plano/Mantenimiento de Vacaciones Reliquidar/span_mantenimiento de vacaciones reliquidar"), 0): Object 'Object Repository/1-OBJECTS TAREAS PRINCIPALES/Modulo Tarea Compensacion/Periodo en Proceso - Archivo Plano/Mantenimiento de Vacaciones Reliquidar/span_mantenimiento de vacaciones reliquidar' is visible

2023-04-10 08:44:12 - [MESSAGE][WARNING] - Timeout '0' is invalid. Using default page load timeout: '37'

2023-04-10 08:44:13 - [MESSAGE][PASSED] - Object 'Object Repository/1-OBJECTS TAREAS PRINCIPALES/Modulo Tarea Compensacion/Periodo en Proceso - Archivo Plano/Mantenimiento de Vacaciones Reliquidar/span_mantenimiento de vacaciones reliquidar' is visible

2023-04-10 08:44:13 - [TEST_STEP][PASSED] - click(findTestObject("1-OBJECTS TAREAS PRINCIPALES/Modulo Tarea Compensacion/Periodo en Proceso - Archivo Plano/Mantenimiento de Vacaciones Reliquidar/span_mantenimiento de vacaciones reliquidar"), STOP_ON_FAILURE): Object: 'Object Repository/1-OBJECTS TAREAS PRINCIPALES/Modulo Tarea Compensacion/Periodo en Proceso - Archivo Plano/Mantenimiento de Vacaciones Reliquidar/span_mantenimiento de vacaciones reliquidar' is clicked on

2023-04-10 08:44:14 - [MESSAGE][PASSED] - Object: 'Object Repository/1-OBJECTS TAREAS PRINCIPALES/Modulo Tarea Compensacion/Periodo en Proceso - Archivo Plano/Mantenimiento de Vacaciones Reliquidar/span_mantenimiento de vacaciones reliquidar' is clicked on

2023-04-10 08:44:14 - [TEST_STEP][PASSED] - setText(findTestObject("1-OBJECTS TAREAS PRINCIPALES/Modulo Tarea Compensacion/Periodo en Proceso - Archivo Plano/Mantenimiento de Vacaciones Reliquidar/input_Identificacin_form_mantenimientoVacacionj_idt66"), "1234567890"): Text '1234567890' is set on object 'Object Repository/1-OBJECTS TAREAS PRINCIPALES/Modulo Tarea Compensacion/Periodo en Proceso - Archivo Plano/Mantenimiento de Vacaciones Reliquidar/input_Identificacin_form_mantenimientoVacacionj_idt66'

2023-04-10 08:44:15 - [MESSAGE][PASSED] - Text '1234567890' is set on object 'Object Repository/1-OBJECTS TAREAS PRINCIPALES/Modulo Tarea Compensacion/Periodo en Proceso - Archivo Plano/Mantenimiento de Vacaciones Reliquidar/input_Identificacin_form_mantenimientoVacacionj_idt66'

2023-04-10 08:44:15 - [TEST_STEP][PASSED] - sendKeys(findTestObject("Modulo Tarea Administracion Compensacion/Mantenimiento de Vacaciones Reliquidar/input_Identificacin_form_mante"), Keys.chord(ENTER)): Keys 'ENTER + ' sent to object: 'tempBody'

2023-04-10 08:44:15 - [MESSAGE][WARNING] - Test object with id 'Object Repository/Modulo Tarea Administracion Compensacion/Mantenimiento de Vacaciones Reliquidar/input_Identificacin_form_mante' does not exist

2023-04-10 08:44:15 - [MESSAGE][WARNING] - Test object with id 'Object Repository/' does not exist

2023-04-10 08:44:15 - [MESSAGE][PASSED] - Keys 'ENTER + ' sent to object: 'tempBody'

2023-04-10 08:44:15 - [TEST_STEP][PASSED] - if (waitForElementVisible(findTestObject("1-OBJECTS TAREAS PRINCIPALES/Modulo Tarea Compensacion/Periodo en Proceso - Archivo Plano/Mantenimiento de Vacaciones Reliquidar/td_No se encontr registros"), 1)): Web element with id: 'Object Repository/1-OBJECTS TAREAS PRINCIPALES/Modulo Tarea Compensacion/Periodo en Proceso - Archivo Plano/Mantenimiento de Vacaciones Reliquidar/td_No se encontr registros' located by '//*/text()[normalize-space(.)='No se encontró registros']/parent::*' not found

2023-04-10 08:44:17 - [MESSAGE][INFO] - Unable to find the element located by 'By.xpath: //*/text()[normalize-space(.)='No se encontró registros']/parent::*'. Please recheck the objects properties to make sure the desired element is located. 

2023-04-10 08:44:17 - [MESSAGE][WARNING] - Web element with id: 'Object Repository/1-OBJECTS TAREAS PRINCIPALES/Modulo Tarea Compensacion/Periodo en Proceso - Archivo Plano/Mantenimiento de Vacaciones Reliquidar/td_No se encontr registros' located by '//*/text()[normalize-space(.)='No se encontró registros']/parent::*' not found

2023-04-10 08:44:17 - [TEST_STEP][PASSED] - selectOptionByIndex(findTestObject("1-OBJECTS TAREAS PRINCIPALES/Modulo Tarea Compensacion/Periodo en Proceso - Archivo Plano/Mantenimiento de Vacaciones Reliquidar/select_SeleccioneCerradaNo Cerrada"), "2"): All options with index in [2] are selected on object 'Object Repository/1-OBJECTS TAREAS PRINCIPALES/Modulo Tarea Compensacion/Periodo en Proceso - Archivo Plano/Mantenimiento de Vacaciones Reliquidar/select_SeleccioneCerradaNo Cerrada'

2023-04-10 08:44:19 - [MESSAGE][PASSED] - All options with index in [2] are selected on object 'Object Repository/1-OBJECTS TAREAS PRINCIPALES/Modulo Tarea Compensacion/Periodo en Proceso - Archivo Plano/Mantenimiento de Vacaciones Reliquidar/select_SeleccioneCerradaNo Cerrada'

2023-04-10 08:44:19 - [TEST_STEP][PASSED] - check(findTestObject("1-OBJECTS TAREAS PRINCIPALES/Modulo Tarea Compensacion/Periodo en Proceso - Archivo Plano/Mantenimiento de Vacaciones Reliquidar/div_Estado_ui-chkbox-")): Object 'Object Repository/1-OBJECTS TAREAS PRINCIPALES/Modulo Tarea Compensacion/Periodo en Proceso - Archivo Plano/Mantenimiento de Vacaciones Reliquidar/div_Estado_ui-chkbox-' is checked

2023-04-10 08:44:19 - [MESSAGE][PASSED] - Object 'Object Repository/1-OBJECTS TAREAS PRINCIPALES/Modulo Tarea Compensacion/Periodo en Proceso - Archivo Plano/Mantenimiento de Vacaciones Reliquidar/div_Estado_ui-chkbox-' is checked

2023-04-10 08:44:19 - [TEST_STEP][PASSED] - click(findTestObject("1-OBJECTS TAREAS PRINCIPALES/Modulo Tarea Compensacion/Periodo en Proceso - Archivo Plano/Mantenimiento de Vacaciones Reliquidar/a_Reliquidacion")): Object: 'Object Repository/1-OBJECTS TAREAS PRINCIPALES/Modulo Tarea Compensacion/Periodo en Proceso - Archivo Plano/Mantenimiento de Vacaciones Reliquidar/a_Reliquidacion' is clicked on

2023-04-10 08:44:20 - [MESSAGE][PASSED] - Object: 'Object Repository/1-OBJECTS TAREAS PRINCIPALES/Modulo Tarea Compensacion/Periodo en Proceso - Archivo Plano/Mantenimiento de Vacaciones Reliquidar/a_Reliquidacion' is clicked on

2023-04-10 08:44:20 - [TEST_STEP][PASSED] - click(findTestObject("1-OBJECTS TAREAS PRINCIPALES/Modulo Tarea Compensacion/Periodo en Proceso - Archivo Plano/Mantenimiento de Vacaciones Reliquidar/a_Aceptar_Reliquidacion")): Object: 'Object Repository/1-OBJECTS TAREAS PRINCIPALES/Modulo Tarea Compensacion/Periodo en Proceso - Archivo Plano/Mantenimiento de Vacaciones Reliquidar/a_Aceptar_Reliquidacion' is clicked on

2023-04-10 08:44:21 - [MESSAGE][PASSED] - Object: 'Object Repository/1-OBJECTS TAREAS PRINCIPALES/Modulo Tarea Compensacion/Periodo en Proceso - Archivo Plano/Mantenimiento de Vacaciones Reliquidar/a_Aceptar_Reliquidacion' is clicked on

2023-04-10 08:44:21 - [TEST_STEP][PASSED] - waitForElementClickable(findTestObject("1-OBJECTS TAREAS PRINCIPALES/Modulo Tarea Compensacion/Periodo en Proceso - Archivo Plano/Mantenimiento de Vacaciones Reliquidar/a_Continuar_Reliquidar"), 0): Object 'Object Repository/1-OBJECTS TAREAS PRINCIPALES/Modulo Tarea Compensacion/Periodo en Proceso - Archivo Plano/Mantenimiento de Vacaciones Reliquidar/a_Continuar_Reliquidar' is clickable

2023-04-10 08:44:21 - [MESSAGE][WARNING] - Timeout '0' is invalid. Using default page load timeout: '37'

2023-04-10 08:44:24 - [MESSAGE][PASSED] - Object 'Object Repository/1-OBJECTS TAREAS PRINCIPALES/Modulo Tarea Compensacion/Periodo en Proceso - Archivo Plano/Mantenimiento de Vacaciones Reliquidar/a_Continuar_Reliquidar' is clickable

2023-04-10 08:44:24 - [TEST_STEP][PASSED] - click(findTestObject("1-OBJECTS TAREAS PRINCIPALES/Modulo Tarea Compensacion/Periodo en Proceso - Archivo Plano/Mantenimiento de Vacaciones Reliquidar/a_Continuar_Reliquidar")): Object: 'Object Repository/1-OBJECTS TAREAS PRINCIPALES/Modulo Tarea Compensacion/Periodo en Proceso - Archivo Plano/Mantenimiento de Vacaciones Reliquidar/a_Continuar_Reliquidar' is clicked on

2023-04-10 08:44:25 - [MESSAGE][PASSED] - Object: 'Object Repository/1-OBJECTS TAREAS PRINCIPALES/Modulo Tarea Compensacion/Periodo en Proceso - Archivo Plano/Mantenimiento de Vacaciones Reliquidar/a_Continuar_Reliquidar' is clicked on

2023-04-10 08:44:25 - [TEST_STEP][PASSED] - if (waitForElementVisible(findTestObject("1-OBJECTS TAREAS PRINCIPALES/Modulo Tarea Compensacion/Periodo en Proceso - Archivo Plano/Mantenimiento de Vacaciones Reliquidar/td_1234567890"), 1)): null

2023-04-10 08:44:25 - [MESSAGE][PASSED] - Object 'Object Repository/1-OBJECTS TAREAS PRINCIPALES/Modulo Tarea Compensacion/Periodo en Proceso - Archivo Plano/Mantenimiento de Vacaciones Reliquidar/td_1234567890' is visible

2023-04-10 08:44:25 - [TEST_STEP][PASSED] - Resultado = "PRUEBA OK": null

2023-04-10 08:44:25 - [MESSAGE][PASSED] - Call Test Case 'Test Cases/1.1-Tareas Principales/1.1.8-Mantenimiento de Vacaciones Reliquidar' successfully

2023-04-10 08:44:25 - [TEST_STEP][PASSED] - selectOptionByIndex(findTestObject("1-OBJECTS TAREAS PRINCIPALES/Modulo Tarea Compensacion/Reversar Vacaciones/select_SeleccioneCerradaNo Cerrada"), "02"): All options with index in [2] are selected on object 'Object Repository/1-OBJECTS TAREAS PRINCIPALES/Modulo Tarea Compensacion/Reversar Vacaciones/select_SeleccioneCerradaNo Cerrada'

2023-04-10 08:44:26 - [MESSAGE][PASSED] - All options with index in [2] are selected on object 'Object Repository/1-OBJECTS TAREAS PRINCIPALES/Modulo Tarea Compensacion/Reversar Vacaciones/select_SeleccioneCerradaNo Cerrada'

2023-04-10 08:44:26 - [TEST_STEP][PASSED] - waitForElementClickable(findTestObject("1-OBJECTS TAREAS PRINCIPALES/Modulo Tarea Compensacion/Reversar Vacaciones/td_1234567890"), 0): Object 'Object Repository/1-OBJECTS TAREAS PRINCIPALES/Modulo Tarea Compensacion/Reversar Vacaciones/td_1234567890' is clickable

2023-04-10 08:44:26 - [MESSAGE][WARNING] - Timeout '0' is invalid. Using default page load timeout: '37'

2023-04-10 08:44:27 - [MESSAGE][PASSED] - Object 'Object Repository/1-OBJECTS TAREAS PRINCIPALES/Modulo Tarea Compensacion/Reversar Vacaciones/td_1234567890' is clickable

2023-04-10 08:44:27 - [TEST_STEP][PASSED] - click(findTestObject("1-OBJECTS TAREAS PRINCIPALES/Modulo Tarea Compensacion/Reversar Vacaciones/td_1234567890")): Object: 'Object Repository/1-OBJECTS TAREAS PRINCIPALES/Modulo Tarea Compensacion/Reversar Vacaciones/td_1234567890' is clicked on

2023-04-10 08:44:27 - [MESSAGE][PASSED] - Object: 'Object Repository/1-OBJECTS TAREAS PRINCIPALES/Modulo Tarea Compensacion/Reversar Vacaciones/td_1234567890' is clicked on

2023-04-10 08:44:27 - [TEST_STEP][PASSED] - click(findTestObject("1-OBJECTS TAREAS PRINCIPALES/Modulo Tarea Compensacion/Reversar Vacaciones/span_Reversar")): Object: 'Object Repository/1-OBJECTS TAREAS PRINCIPALES/Modulo Tarea Compensacion/Reversar Vacaciones/span_Reversar' is clicked on

2023-04-10 08:44:28 - [MESSAGE][PASSED] - Object: 'Object Repository/1-OBJECTS TAREAS PRINCIPALES/Modulo Tarea Compensacion/Reversar Vacaciones/span_Reversar' is clicked on

2023-04-10 08:44:28 - [TEST_STEP][PASSED] - click(findTestObject("1-OBJECTS TAREAS PRINCIPALES/Modulo Tarea Compensacion/Reversar Vacaciones/a_Aceptar_Reversar")): Object: 'Object Repository/1-OBJECTS TAREAS PRINCIPALES/Modulo Tarea Compensacion/Reversar Vacaciones/a_Aceptar_Reversar' is clicked on

2023-04-10 08:44:28 - [MESSAGE][PASSED] - Object: 'Object Repository/1-OBJECTS TAREAS PRINCIPALES/Modulo Tarea Compensacion/Reversar Vacaciones/a_Aceptar_Reversar' is clicked on

2023-04-10 08:44:28 - [TEST_STEP][PASSED] - getText(findTestObject("3-OBJECTS UTILIDADES/Alerta/Alerta")): Text of object 'Object Repository/3-OBJECTS UTILIDADES/Alerta/Alerta' is: 'El comprobante ha sido reversado correctamente'

2023-04-10 08:44:30 - [MESSAGE][PASSED] - Text of object 'Object Repository/3-OBJECTS UTILIDADES/Alerta/Alerta' is: 'El comprobante ha sido reversado correctamente'

2023-04-10 08:44:30 - [TEST_STEP][PASSED] - closeBrowser(): Browser is closed

2023-04-10 08:44:30 - [MESSAGE][PASSED] - Browser is closed]]></system-out>
         <system-err><![CDATA[]]></system-err>
      </testcase>
      <testcase name="Test Cases/1.1-Tareas Principales/1.2.2-Legalizar licencia No Remunerada" time="56.617" classname="Test Cases/1.1-Tareas Principales/1.2.2-Legalizar licencia No Remunerada" status="PASSED">
         <system-out><![CDATA[2023-04-10 08:44:30 - [TEST_CASE][PASSED] - Test Cases/1.1-Tareas Principales/1.2.2-Legalizar licencia No Remunerada: Test Cases/1.1-Tareas Principales/1.2.2-Legalizar licencia No Remunerada

2023-04-10 08:44:31 - [TEST_STEP][PASSED] - callTestCase(findTestCase("Utilidades-(atajos_para _tareas)/Tareas Administracion Compensacion/Tarea Listado Empleados"), [:], STOP_ON_FAILURE): Call Test Case 'Test Cases/Utilidades-(atajos_para _tareas)/Tareas Administracion Compensacion/Tarea Listado Empleados' successfully

2023-04-10 08:44:31 - [TEST_CASE][PASSED] - Test Cases/Utilidades-(atajos_para _tareas)/Tareas Administracion Compensacion/Tarea Listado Empleados: Test Cases/Utilidades-(atajos_para _tareas)/Tareas Administracion Compensacion/Tarea Listado Empleados

2023-04-10 08:44:31 - [TEST_STEP][PASSED] - callTestCase(findTestCase("0.1-Login"), [:], STOP_ON_FAILURE): Call Test Case 'Test Cases/0.1-Login' successfully

2023-04-10 08:44:31 - [TEST_CASE][PASSED] - Test Cases/0.1-Login: Test Cases/0.1-Login

2023-04-10 08:44:31 - [TEST_STEP][PASSED] - openBrowser(""): Browser is opened with url: ''

2023-04-10 08:44:31 - [MESSAGE][INFO] - Starting 'Chrome' driver

2023-04-10 08:44:31 - [MESSAGE][INFO] - Action delay is set to 0 milliseconds

2023-04-10 08:44:32 - [MESSAGE][PASSED] - Browser is opened with url: ''

2023-04-10 08:44:32 - [TEST_STEP][PASSED] - maximizeWindow(): Current window maximized

2023-04-10 08:44:32 - [MESSAGE][PASSED] - Current window maximized

2023-04-10 08:44:32 - [TEST_STEP][PASSED] - i = G_Login: null

2023-04-10 08:44:32 - [TEST_STEP][PASSED] - url = new java.net.URL(i): null

2023-04-10 08:44:32 - [TEST_STEP][PASSED] - println("URL: " + url.toString()): null

2023-04-10 08:44:32 - [TEST_STEP][PASSED] - connection = url.openConnection(): null

2023-04-10 08:44:32 - [TEST_STEP][PASSED] - connection.setRequestMethod("GET"): null

2023-04-10 08:44:32 - [TEST_STEP][PASSED] - connection.setReadTimeout(2 * 1000): null

2023-04-10 08:44:32 - [TEST_STEP][PASSED] - try: null

2023-04-10 08:44:32 - [TEST_STEP][PASSED] - connection.connect(): null

2023-04-10 08:44:32 - [TEST_STEP][PASSED] - flag = connected: null

2023-04-10 08:44:32 - [TEST_STEP][PASSED] - println("Valor_ori: " + flag): null

2023-04-10 08:44:32 - [TEST_STEP][PASSED] - if (flag): null

2023-04-10 08:44:32 - [TEST_STEP][PASSED] - navigateToUrl(i): Navigate to 'http://192.168.2.19:8380/saraweb' successfully

2023-04-10 08:44:33 - [MESSAGE][PASSED] - Navigate to 'http://192.168.2.19:8380/saraweb' successfully

2023-04-10 08:44:33 - [TEST_STEP][PASSED] - a(): null

2023-04-10 08:44:33 - [TEST_STEP][PASSED] - if (waitForElementVisible(findTestObject("3-OBJECTS UTILIDADES/Login/input_USUARIO_loginusuario"), 0)): null

2023-04-10 08:44:33 - [MESSAGE][WARNING] - Timeout '0' is invalid. Using default page load timeout: '37'

2023-04-10 08:44:33 - [MESSAGE][PASSED] - Object 'Object Repository/3-OBJECTS UTILIDADES/Login/input_USUARIO_loginusuario' is visible

2023-04-10 08:44:33 - [TEST_STEP][PASSED] - switchToWindowTitle("SARA"): Switched to window with title: 'SARA'

2023-04-10 08:44:33 - [MESSAGE][PASSED] - Switched to window with title: 'SARA'

2023-04-10 08:44:33 - [TEST_STEP][PASSED] - zoom(): null

2023-04-10 08:44:33 - [TEST_STEP][PASSED] - robot = new java.awt.Robot(): null

2023-04-10 08:44:33 - [TEST_STEP][PASSED] - robot.keyPress(VK_CONTROL): null

2023-04-10 08:44:33 - [TEST_STEP][PASSED] - robot.keyPress(VK_SUBTRACT): null

2023-04-10 08:44:33 - [TEST_STEP][PASSED] - robot.keyRelease(VK_CONTROL): null

2023-04-10 08:44:33 - [TEST_STEP][PASSED] - robot.keyRelease(VK_SUBTRACT): null

2023-04-10 08:44:33 - [TEST_STEP][PASSED] - robot.keyPress(VK_CONTROL): null

2023-04-10 08:44:33 - [TEST_STEP][PASSED] - robot.keyPress(VK_SUBTRACT): null

2023-04-10 08:44:33 - [TEST_STEP][PASSED] - robot.keyRelease(VK_CONTROL): null

2023-04-10 08:44:33 - [TEST_STEP][PASSED] - robot.keyRelease(VK_SUBTRACT): null

2023-04-10 08:44:33 - [TEST_STEP][PASSED] - robot.keyPress(VK_CONTROL): null

2023-04-10 08:44:33 - [TEST_STEP][PASSED] - robot.keyPress(VK_SUBTRACT): null

2023-04-10 08:44:33 - [TEST_STEP][PASSED] - robot.keyRelease(VK_CONTROL): null

2023-04-10 08:44:33 - [TEST_STEP][PASSED] - robot.keyRelease(VK_SUBTRACT): null

2023-04-10 08:44:33 - [TEST_STEP][PASSED] - robot.keyRelease(VK_CONTROL): null

2023-04-10 08:44:33 - [TEST_STEP][PASSED] - robot.keyRelease(VK_SUBTRACT): null

2023-04-10 08:44:33 - [TEST_STEP][PASSED] - setText(findTestObject("3-OBJECTS UTILIDADES/Login/input_USUARIO_loginusuario"), G_Usuario): Text 'saraadmin' is set on object 'Object Repository/3-OBJECTS UTILIDADES/Login/input_USUARIO_loginusuario'

2023-04-10 08:44:34 - [MESSAGE][PASSED] - Text 'saraadmin' is set on object 'Object Repository/3-OBJECTS UTILIDADES/Login/input_USUARIO_loginusuario'

2023-04-10 08:44:34 - [TEST_STEP][PASSED] - setEncryptedText(findTestObject("3-OBJECTS UTILIDADES/Login/input_CLAVE_loginpassword"), "SlAwMcyRKqrwbnzhAs8HhT6NnI7sEyng"): Text ****** has been set on object 'Object Repository/3-OBJECTS UTILIDADES/Login/input_CLAVE_loginpassword'

2023-04-10 08:44:36 - [MESSAGE][PASSED] - Text ****** has been set on object 'Object Repository/3-OBJECTS UTILIDADES/Login/input_CLAVE_loginpassword'

2023-04-10 08:44:36 - [TEST_STEP][PASSED] - while (waitForElementClickable(findTestObject("3-OBJECTS UTILIDADES/Login/a_Ingresar"), 1)): Web element with id: 'Object Repository/3-OBJECTS UTILIDADES/Login/a_Ingresar' located by '//a[contains(text(),'Ingresar')]' not found

2023-04-10 08:44:38 - [MESSAGE][INFO] - Unable to find the element located by 'By.xpath: //a[contains(text(),'Ingresar')]'. Please recheck the objects properties to make sure the desired element is located. 

2023-04-10 08:44:38 - [MESSAGE][WARNING] - Web element with id: 'Object Repository/3-OBJECTS UTILIDADES/Login/a_Ingresar' located by '//a[contains(text(),'Ingresar')]' not found

2023-04-10 08:44:38 - [MESSAGE][PASSED] - Call Test Case 'Test Cases/0.1-Login' successfully

2023-04-10 08:44:38 - [TEST_STEP][PASSED] - setText(findTestObject("1-OBJECTS TAREAS PRINCIPALES/Modulo Tarea Listado Hojas de Vida/Tareas Listado Hojas de Vida/input_Listado Hojas De Vida_form_templatej_idt24_input"), "Listado de Empleados"): Text 'Listado de Empleados' is set on object 'Object Repository/1-OBJECTS TAREAS PRINCIPALES/Modulo Tarea Listado Hojas de Vida/Tareas Listado Hojas de Vida/input_Listado Hojas De Vida_form_templatej_idt24_input'

2023-04-10 08:44:39 - [MESSAGE][PASSED] - Text 'Listado de Empleados' is set on object 'Object Repository/1-OBJECTS TAREAS PRINCIPALES/Modulo Tarea Listado Hojas de Vida/Tareas Listado Hojas de Vida/input_Listado Hojas De Vida_form_templatej_idt24_input'

2023-04-10 08:44:39 - [TEST_STEP][PASSED] - waitForElementVisible(findTestObject("1-OBJECTS TAREAS PRINCIPALES/Modulo Tarea Listado Hojas de Vida/Tareas Listado Hojas de Vida/span_Listado de Empleados"), 0): Object 'Object Repository/1-OBJECTS TAREAS PRINCIPALES/Modulo Tarea Listado Hojas de Vida/Tareas Listado Hojas de Vida/span_Listado de Empleados' is visible

2023-04-10 08:44:39 - [MESSAGE][WARNING] - Timeout '0' is invalid. Using default page load timeout: '37'

2023-04-10 08:44:40 - [MESSAGE][PASSED] - Object 'Object Repository/1-OBJECTS TAREAS PRINCIPALES/Modulo Tarea Listado Hojas de Vida/Tareas Listado Hojas de Vida/span_Listado de Empleados' is visible

2023-04-10 08:44:40 - [TEST_STEP][PASSED] - click(findTestObject("1-OBJECTS TAREAS PRINCIPALES/Modulo Tarea Listado Hojas de Vida/Tareas Listado Hojas de Vida/span_Listado de Empleados")): Object: 'Object Repository/1-OBJECTS TAREAS PRINCIPALES/Modulo Tarea Listado Hojas de Vida/Tareas Listado Hojas de Vida/span_Listado de Empleados' is clicked on

2023-04-10 08:44:41 - [MESSAGE][PASSED] - Object: 'Object Repository/1-OBJECTS TAREAS PRINCIPALES/Modulo Tarea Listado Hojas de Vida/Tareas Listado Hojas de Vida/span_Listado de Empleados' is clicked on

2023-04-10 08:44:41 - [MESSAGE][PASSED] - Call Test Case 'Test Cases/Utilidades-(atajos_para _tareas)/Tareas Administracion Compensacion/Tarea Listado Empleados' successfully

2023-04-10 08:44:41 - [TEST_STEP][PASSED] - waitForElementClickable(findTestObject("1-OBJECTS TAREAS PRINCIPALES/Modulo Tarea Compensacion/Legalizar Licencia No Remunerada/input_Identificacin_listadoEmpleadoIdentificacionEmpleado"), 0): Object 'Object Repository/1-OBJECTS TAREAS PRINCIPALES/Modulo Tarea Compensacion/Legalizar Licencia No Remunerada/input_Identificacin_listadoEmpleadoIdentificacionEmpleado' is clickable

2023-04-10 08:44:41 - [MESSAGE][WARNING] - Timeout '0' is invalid. Using default page load timeout: '37'

2023-04-10 08:44:42 - [MESSAGE][PASSED] - Object 'Object Repository/1-OBJECTS TAREAS PRINCIPALES/Modulo Tarea Compensacion/Legalizar Licencia No Remunerada/input_Identificacin_listadoEmpleadoIdentificacionEmpleado' is clickable

2023-04-10 08:44:42 - [TEST_STEP][PASSED] - setText(findTestObject("1-OBJECTS TAREAS PRINCIPALES/Modulo Tarea Compensacion/Legalizar Licencia No Remunerada/input_Identificacin_listadoEmpleadoIdentificacionEmpleado"), "354968431354"): Text '354968431354' is set on object 'Object Repository/1-OBJECTS TAREAS PRINCIPALES/Modulo Tarea Compensacion/Legalizar Licencia No Remunerada/input_Identificacin_listadoEmpleadoIdentificacionEmpleado'

2023-04-10 08:44:43 - [MESSAGE][PASSED] - Text '354968431354' is set on object 'Object Repository/1-OBJECTS TAREAS PRINCIPALES/Modulo Tarea Compensacion/Legalizar Licencia No Remunerada/input_Identificacin_listadoEmpleadoIdentificacionEmpleado'

2023-04-10 08:44:43 - [TEST_STEP][PASSED] - sendKeys(findTestObject("1-OBJECTS TAREAS PRINCIPALES/Modulo Tarea Compensacion/Legalizar Licencia No Remunerada/input_Identificacin_listadoEmpleadoIdentificacionEmpleado"), Keys.chord(ENTER)): Keys 'ENTER + ' sent to object: 'Object Repository/1-OBJECTS TAREAS PRINCIPALES/Modulo Tarea Compensacion/Legalizar Licencia No Remunerada/input_Identificacin_listadoEmpleadoIdentificacionEmpleado'

2023-04-10 08:44:43 - [MESSAGE][PASSED] - Keys 'ENTER + ' sent to object: 'Object Repository/1-OBJECTS TAREAS PRINCIPALES/Modulo Tarea Compensacion/Legalizar Licencia No Remunerada/input_Identificacin_listadoEmpleadoIdentificacionEmpleado'

2023-04-10 08:44:43 - [TEST_STEP][PASSED] - waitForElementClickable(findTestObject("1-OBJECTS TAREAS PRINCIPALES/Modulo Tarea Compensacion/Legalizar Licencia No Remunerada/span_Consta Belfegord Jhon"), G_TimeOut): Object 'Object Repository/1-OBJECTS TAREAS PRINCIPALES/Modulo Tarea Compensacion/Legalizar Licencia No Remunerada/span_Consta Belfegord Jhon' is clickable

2023-04-10 08:44:44 - [MESSAGE][PASSED] - Object 'Object Repository/1-OBJECTS TAREAS PRINCIPALES/Modulo Tarea Compensacion/Legalizar Licencia No Remunerada/span_Consta Belfegord Jhon' is clickable

2023-04-10 08:44:44 - [TEST_STEP][PASSED] - click(findTestObject("1-OBJECTS TAREAS PRINCIPALES/Modulo Tarea Compensacion/Legalizar Licencia No Remunerada/span_Consta Belfegord Jhon")): Object: 'Object Repository/1-OBJECTS TAREAS PRINCIPALES/Modulo Tarea Compensacion/Legalizar Licencia No Remunerada/span_Consta Belfegord Jhon' is clicked on

2023-04-10 08:44:44 - [MESSAGE][PASSED] - Object: 'Object Repository/1-OBJECTS TAREAS PRINCIPALES/Modulo Tarea Compensacion/Legalizar Licencia No Remunerada/span_Consta Belfegord Jhon' is clicked on

2023-04-10 08:44:44 - [TEST_STEP][PASSED] - waitForElementClickable(findTestObject("1-OBJECTS TAREAS PRINCIPALES/Modulo Tarea Compensacion/Legalizar Licencia No Remunerada/a_Licencia"), G_TimeOut): Object 'Object Repository/1-OBJECTS TAREAS PRINCIPALES/Modulo Tarea Compensacion/Legalizar Licencia No Remunerada/a_Licencia' is clickable

2023-04-10 08:44:45 - [MESSAGE][PASSED] - Object 'Object Repository/1-OBJECTS TAREAS PRINCIPALES/Modulo Tarea Compensacion/Legalizar Licencia No Remunerada/a_Licencia' is clickable

2023-04-10 08:44:45 - [TEST_STEP][PASSED] - click(findTestObject("1-OBJECTS TAREAS PRINCIPALES/Modulo Tarea Compensacion/Legalizar Licencia No Remunerada/a_Licencia")): Object: 'Object Repository/1-OBJECTS TAREAS PRINCIPALES/Modulo Tarea Compensacion/Legalizar Licencia No Remunerada/a_Licencia' is clicked on

2023-04-10 08:44:45 - [MESSAGE][PASSED] - Object: 'Object Repository/1-OBJECTS TAREAS PRINCIPALES/Modulo Tarea Compensacion/Legalizar Licencia No Remunerada/a_Licencia' is clicked on

2023-04-10 08:44:45 - [TEST_STEP][PASSED] - while (waitForElementClickable(findTestObject("1-OBJECTS TAREAS PRINCIPALES/Modulo Tarea Compensacion/Legalizar Licencia No Remunerada/td_Licencia No Remunerada"), 1)): null

2023-04-10 08:44:47 - [MESSAGE][PASSED] - Object 'Object Repository/1-OBJECTS TAREAS PRINCIPALES/Modulo Tarea Compensacion/Legalizar Licencia No Remunerada/td_Licencia No Remunerada' is clickable

2023-04-10 08:44:47 - [TEST_STEP][PASSED] - click(findTestObject("1-OBJECTS TAREAS PRINCIPALES/Modulo Tarea Compensacion/Legalizar Licencia No Remunerada/td_Licencia No Remunerada")): Object: 'Object Repository/1-OBJECTS TAREAS PRINCIPALES/Modulo Tarea Compensacion/Legalizar Licencia No Remunerada/td_Licencia No Remunerada' is clicked on

2023-04-10 08:44:47 - [MESSAGE][PASSED] - Object: 'Object Repository/1-OBJECTS TAREAS PRINCIPALES/Modulo Tarea Compensacion/Legalizar Licencia No Remunerada/td_Licencia No Remunerada' is clicked on

2023-04-10 08:44:47 - [TEST_STEP][PASSED] - click(findTestObject("1-OBJECTS TAREAS PRINCIPALES/Modulo Tarea Compensacion/Legalizar Licencia No Remunerada/a_Eliminar Directo")): Object: 'Object Repository/1-OBJECTS TAREAS PRINCIPALES/Modulo Tarea Compensacion/Legalizar Licencia No Remunerada/a_Eliminar Directo' is clicked on

2023-04-10 08:44:49 - [MESSAGE][PASSED] - Object: 'Object Repository/1-OBJECTS TAREAS PRINCIPALES/Modulo Tarea Compensacion/Legalizar Licencia No Remunerada/a_Eliminar Directo' is clicked on

2023-04-10 08:44:49 - [TEST_STEP][PASSED] - click(findTestObject("1-OBJECTS TAREAS PRINCIPALES/Modulo Tarea Compensacion/Legalizar Licencia No Remunerada/a_Aceptar_ELIMINAR")): Object 'Object Repository/1-OBJECTS TAREAS PRINCIPALES/Modulo Tarea Compensacion/Legalizar Licencia No Remunerada/td_Licencia No Remunerada' is clickable

2023-04-10 08:44:49 - [MESSAGE][PASSED] - Object: 'Object Repository/1-OBJECTS TAREAS PRINCIPALES/Modulo Tarea Compensacion/Legalizar Licencia No Remunerada/a_Aceptar_ELIMINAR' is clicked on

2023-04-10 08:44:51 - [MESSAGE][PASSED] - Object 'Object Repository/1-OBJECTS TAREAS PRINCIPALES/Modulo Tarea Compensacion/Legalizar Licencia No Remunerada/td_Licencia No Remunerada' is clickable

2023-04-10 08:44:51 - [TEST_STEP][PASSED] - click(findTestObject("1-OBJECTS TAREAS PRINCIPALES/Modulo Tarea Compensacion/Legalizar Licencia No Remunerada/td_Licencia No Remunerada")): Object: 'Object Repository/1-OBJECTS TAREAS PRINCIPALES/Modulo Tarea Compensacion/Legalizar Licencia No Remunerada/td_Licencia No Remunerada' is clicked on

2023-04-10 08:44:52 - [MESSAGE][PASSED] - Object: 'Object Repository/1-OBJECTS TAREAS PRINCIPALES/Modulo Tarea Compensacion/Legalizar Licencia No Remunerada/td_Licencia No Remunerada' is clicked on

2023-04-10 08:44:52 - [TEST_STEP][PASSED] - click(findTestObject("1-OBJECTS TAREAS PRINCIPALES/Modulo Tarea Compensacion/Legalizar Licencia No Remunerada/a_Eliminar Directo")): Object: 'Object Repository/1-OBJECTS TAREAS PRINCIPALES/Modulo Tarea Compensacion/Legalizar Licencia No Remunerada/a_Eliminar Directo' is clicked on

2023-04-10 08:44:53 - [MESSAGE][PASSED] - Object: 'Object Repository/1-OBJECTS TAREAS PRINCIPALES/Modulo Tarea Compensacion/Legalizar Licencia No Remunerada/a_Eliminar Directo' is clicked on

2023-04-10 08:44:53 - [TEST_STEP][PASSED] - click(findTestObject("1-OBJECTS TAREAS PRINCIPALES/Modulo Tarea Compensacion/Legalizar Licencia No Remunerada/a_Aceptar_ELIMINAR")): Web element with id: 'Object Repository/1-OBJECTS TAREAS PRINCIPALES/Modulo Tarea Compensacion/Legalizar Licencia No Remunerada/td_Licencia No Remunerada' located by '//div/table/tbody/tr/td/div/div/table/tbody/tr/td' not found

2023-04-10 08:44:53 - [MESSAGE][PASSED] - Object: 'Object Repository/1-OBJECTS TAREAS PRINCIPALES/Modulo Tarea Compensacion/Legalizar Licencia No Remunerada/a_Aceptar_ELIMINAR' is clicked on

2023-04-10 08:44:56 - [MESSAGE][INFO] - Unable to find the element located by 'By.xpath: //div/table/tbody/tr/td/div/div/table/tbody/tr/td'. Please recheck the objects properties to make sure the desired element is located. 

2023-04-10 08:44:56 - [MESSAGE][WARNING] - Web element with id: 'Object Repository/1-OBJECTS TAREAS PRINCIPALES/Modulo Tarea Compensacion/Legalizar Licencia No Remunerada/td_Licencia No Remunerada' located by '//div/table/tbody/tr/td/div/div/table/tbody/tr/td' not found

2023-04-10 08:44:56 - [TEST_STEP][PASSED] - click(findTestObject("1-OBJECTS TAREAS PRINCIPALES/Modulo Tarea Compensacion/Legalizar Licencia No Remunerada/a_Incapacidad")): Object: 'Object Repository/1-OBJECTS TAREAS PRINCIPALES/Modulo Tarea Compensacion/Legalizar Licencia No Remunerada/a_Incapacidad' is clicked on

2023-04-10 08:44:56 - [MESSAGE][PASSED] - Object: 'Object Repository/1-OBJECTS TAREAS PRINCIPALES/Modulo Tarea Compensacion/Legalizar Licencia No Remunerada/a_Incapacidad' is clicked on

2023-04-10 08:44:56 - [TEST_STEP][PASSED] - click(findTestObject("1-OBJECTS TAREAS PRINCIPALES/Modulo Tarea Compensacion/Legalizar Licencia No Remunerada/a_Histrico")): Object: 'Object Repository/1-OBJECTS TAREAS PRINCIPALES/Modulo Tarea Compensacion/Legalizar Licencia No Remunerada/a_Histrico' is clicked on

2023-04-10 08:44:57 - [MESSAGE][PASSED] - Object: 'Object Repository/1-OBJECTS TAREAS PRINCIPALES/Modulo Tarea Compensacion/Legalizar Licencia No Remunerada/a_Histrico' is clicked on

2023-04-10 08:44:57 - [TEST_STEP][PASSED] - if (waitForElementClickable(findTestObject("1-OBJECTS TAREAS PRINCIPALES/Modulo Tarea Compensacion/Legalizar Licencia No Remunerada/span_Enfermedad General 21"), 1)): Web element with id: 'Object Repository/1-OBJECTS TAREAS PRINCIPALES/Modulo Tarea Compensacion/Legalizar Licencia No Remunerada/span_Enfermedad General 21' located by '//div[2]/table/tbody/tr/td/div/div/table/tbody/tr/td/span' not found

2023-04-10 08:44:59 - [MESSAGE][INFO] - Unable to find the element located by 'By.xpath: //div[2]/table/tbody/tr/td/div/div/table/tbody/tr/td/span'. Please recheck the objects properties to make sure the desired element is located. 

2023-04-10 08:44:59 - [MESSAGE][WARNING] - Web element with id: 'Object Repository/1-OBJECTS TAREAS PRINCIPALES/Modulo Tarea Compensacion/Legalizar Licencia No Remunerada/span_Enfermedad General 21' located by '//div[2]/table/tbody/tr/td/div/div/table/tbody/tr/td/span' not found

2023-04-10 08:44:59 - [TEST_STEP][PASSED] - click(findTestObject("1-OBJECTS TAREAS PRINCIPALES/Modulo Tarea Compensacion/Legalizar Licencia No Remunerada/a_Licencia")): Object: 'Object Repository/1-OBJECTS TAREAS PRINCIPALES/Modulo Tarea Compensacion/Legalizar Licencia No Remunerada/a_Licencia' is clicked on

2023-04-10 08:44:59 - [MESSAGE][PASSED] - Object: 'Object Repository/1-OBJECTS TAREAS PRINCIPALES/Modulo Tarea Compensacion/Legalizar Licencia No Remunerada/a_Licencia' is clicked on

2023-04-10 08:44:59 - [TEST_STEP][PASSED] - waitForElementClickable(findTestObject("1-OBJECTS TAREAS PRINCIPALES/Modulo Tarea Compensacion/Legalizar Licencia No Remunerada/a_Nuevo"), G_TimeOut): Object 'Object Repository/1-OBJECTS TAREAS PRINCIPALES/Modulo Tarea Compensacion/Legalizar Licencia No Remunerada/a_Nuevo' is clickable

2023-04-10 08:45:00 - [MESSAGE][PASSED] - Object 'Object Repository/1-OBJECTS TAREAS PRINCIPALES/Modulo Tarea Compensacion/Legalizar Licencia No Remunerada/a_Nuevo' is clickable

2023-04-10 08:45:00 - [TEST_STEP][PASSED] - click(findTestObject("1-OBJECTS TAREAS PRINCIPALES/Modulo Tarea Compensacion/Legalizar Licencia No Remunerada/a_Nuevo")): Object: 'Object Repository/1-OBJECTS TAREAS PRINCIPALES/Modulo Tarea Compensacion/Legalizar Licencia No Remunerada/a_Nuevo' is clicked on

2023-04-10 08:45:00 - [MESSAGE][PASSED] - Object: 'Object Repository/1-OBJECTS TAREAS PRINCIPALES/Modulo Tarea Compensacion/Legalizar Licencia No Remunerada/a_Nuevo' is clicked on

2023-04-10 08:45:00 - [TEST_STEP][PASSED] - waitForElementClickable(findTestObject("1-OBJECTS TAREAS PRINCIPALES/Modulo Tarea Compensacion/Legalizar Licencia No Remunerada/span_LICENCIA NO REMUNERADA"), G_TimeOut): Object 'Object Repository/1-OBJECTS TAREAS PRINCIPALES/Modulo Tarea Compensacion/Legalizar Licencia No Remunerada/span_LICENCIA NO REMUNERADA' is clickable

2023-04-10 08:45:01 - [MESSAGE][PASSED] - Object 'Object Repository/1-OBJECTS TAREAS PRINCIPALES/Modulo Tarea Compensacion/Legalizar Licencia No Remunerada/span_LICENCIA NO REMUNERADA' is clickable

2023-04-10 08:45:01 - [TEST_STEP][PASSED] - click(findTestObject("1-OBJECTS TAREAS PRINCIPALES/Modulo Tarea Compensacion/Legalizar Licencia No Remunerada/span_LICENCIA NO REMUNERADA")): Object: 'Object Repository/1-OBJECTS TAREAS PRINCIPALES/Modulo Tarea Compensacion/Legalizar Licencia No Remunerada/span_LICENCIA NO REMUNERADA' is clicked on

2023-04-10 08:45:02 - [MESSAGE][PASSED] - Object: 'Object Repository/1-OBJECTS TAREAS PRINCIPALES/Modulo Tarea Compensacion/Legalizar Licencia No Remunerada/span_LICENCIA NO REMUNERADA' is clicked on

2023-04-10 08:45:02 - [TEST_STEP][PASSED] - click(findTestObject("1-OBJECTS TAREAS PRINCIPALES/Modulo Tarea Compensacion/Legalizar Licencia No Remunerada/a_Histrico")): Object: 'Object Repository/1-OBJECTS TAREAS PRINCIPALES/Modulo Tarea Compensacion/Legalizar Licencia No Remunerada/a_Histrico' is clicked on

2023-04-10 08:45:02 - [MESSAGE][PASSED] - Object: 'Object Repository/1-OBJECTS TAREAS PRINCIPALES/Modulo Tarea Compensacion/Legalizar Licencia No Remunerada/a_Histrico' is clicked on

2023-04-10 08:45:02 - [TEST_STEP][PASSED] - if (waitForElementVisible(findTestObject("1-OBJECTS TAREAS PRINCIPALES/Modulo Tarea Compensacion/Legalizar Licencia No Remunerada/span_01012021"), 1)): Web element with id: 'Object Repository/1-OBJECTS TAREAS PRINCIPALES/Modulo Tarea Compensacion/Legalizar Licencia No Remunerada/span_01012021' located by '//*/text()[normalize-space(.)='01/01/2021']/parent::*' not found

2023-04-10 08:45:04 - [MESSAGE][INFO] - Unable to find the element located by 'By.xpath: //*/text()[normalize-space(.)='01/01/2021']/parent::*'. Please recheck the objects properties to make sure the desired element is located. 

2023-04-10 08:45:04 - [MESSAGE][WARNING] - Web element with id: 'Object Repository/1-OBJECTS TAREAS PRINCIPALES/Modulo Tarea Compensacion/Legalizar Licencia No Remunerada/span_01012021' located by '//*/text()[normalize-space(.)='01/01/2021']/parent::*' not found

2023-04-10 08:45:04 - [TEST_STEP][PASSED] - waitForElementClickable(findTestObject("1-OBJECTS TAREAS PRINCIPALES/Modulo Tarea Compensacion/Legalizar Licencia No Remunerada/a_Pestaa Licencia"), 0): Object 'Object Repository/1-OBJECTS TAREAS PRINCIPALES/Modulo Tarea Compensacion/Legalizar Licencia No Remunerada/a_Pestaa Licencia' is clickable

2023-04-10 08:45:05 - [MESSAGE][WARNING] - Timeout '0' is invalid. Using default page load timeout: '37'

2023-04-10 08:45:05 - [MESSAGE][PASSED] - Object 'Object Repository/1-OBJECTS TAREAS PRINCIPALES/Modulo Tarea Compensacion/Legalizar Licencia No Remunerada/a_Pestaa Licencia' is clickable

2023-04-10 08:45:05 - [TEST_STEP][PASSED] - click(findTestObject("1-OBJECTS TAREAS PRINCIPALES/Modulo Tarea Compensacion/Legalizar Licencia No Remunerada/a_Pestaa Licencia")): Object: 'Object Repository/1-OBJECTS TAREAS PRINCIPALES/Modulo Tarea Compensacion/Legalizar Licencia No Remunerada/a_Pestaa Licencia' is clicked on

2023-04-10 08:45:05 - [MESSAGE][PASSED] - Object: 'Object Repository/1-OBJECTS TAREAS PRINCIPALES/Modulo Tarea Compensacion/Legalizar Licencia No Remunerada/a_Pestaa Licencia' is clicked on

2023-04-10 08:45:05 - [TEST_STEP][PASSED] - if (waitForElementVisible(findTestObject("1-OBJECTS TAREAS PRINCIPALES/Modulo Tarea Compensacion/Legalizar Licencia No Remunerada/a_Nuevo"), 1)): Web element with id: 'Object Repository/1-OBJECTS TAREAS PRINCIPALES/Modulo Tarea Compensacion/Legalizar Licencia No Remunerada/a_Nuevo' located by '//fieldset[2]/div/table/tbody/tr/td/a' not found

2023-04-10 08:45:08 - [MESSAGE][INFO] - Unable to find the element located by 'By.xpath: //fieldset[2]/div/table/tbody/tr/td/a'. Please recheck the objects properties to make sure the desired element is located. 

2023-04-10 08:45:08 - [MESSAGE][WARNING] - Web element with id: 'Object Repository/1-OBJECTS TAREAS PRINCIPALES/Modulo Tarea Compensacion/Legalizar Licencia No Remunerada/a_Nuevo' located by '//fieldset[2]/div/table/tbody/tr/td/a' not found

2023-04-10 08:45:08 - [TEST_STEP][PASSED] - waitForElementPresent(findTestObject("1-OBJECTS TAREAS PRINCIPALES/Modulo Tarea Compensacion/Legalizar Licencia No Remunerada/input_Fecha Salida_form_licenc"), 0): Object 'Object Repository/1-OBJECTS TAREAS PRINCIPALES/Modulo Tarea Compensacion/Legalizar Licencia No Remunerada/input_Fecha Salida_form_licenc' is present

2023-04-10 08:45:08 - [MESSAGE][WARNING] - Timeout '0' is invalid. Using default page load timeout: '37'

2023-04-10 08:45:08 - [MESSAGE][PASSED] - Object 'Object Repository/1-OBJECTS TAREAS PRINCIPALES/Modulo Tarea Compensacion/Legalizar Licencia No Remunerada/input_Fecha Salida_form_licenc' is present

2023-04-10 08:45:08 - [TEST_STEP][PASSED] - setText(findTestObject("1-OBJECTS TAREAS PRINCIPALES/Modulo Tarea Compensacion/Legalizar Licencia No Remunerada/input_Fecha Salida_form_licenc"), "01/01/2021"): Text '01/01/2021' is set on object 'Object Repository/1-OBJECTS TAREAS PRINCIPALES/Modulo Tarea Compensacion/Legalizar Licencia No Remunerada/input_Fecha Salida_form_licenc'

2023-04-10 08:45:09 - [MESSAGE][PASSED] - Text '01/01/2021' is set on object 'Object Repository/1-OBJECTS TAREAS PRINCIPALES/Modulo Tarea Compensacion/Legalizar Licencia No Remunerada/input_Fecha Salida_form_licenc'

2023-04-10 08:45:09 - [TEST_STEP][PASSED] - setText(findTestObject("1-OBJECTS TAREAS PRINCIPALES/Modulo Tarea Compensacion/Legalizar Licencia No Remunerada/input_Fecha Salida Nomina_form"), "28/02/2021"): Text '28/02/2021' is set on object 'Object Repository/1-OBJECTS TAREAS PRINCIPALES/Modulo Tarea Compensacion/Legalizar Licencia No Remunerada/input_Fecha Salida Nomina_form'

2023-04-10 08:45:10 - [MESSAGE][PASSED] - Text '28/02/2021' is set on object 'Object Repository/1-OBJECTS TAREAS PRINCIPALES/Modulo Tarea Compensacion/Legalizar Licencia No Remunerada/input_Fecha Salida Nomina_form'

2023-04-10 08:45:10 - [TEST_STEP][PASSED] - setText(findTestObject("1-OBJECTS TAREAS PRINCIPALES/Modulo Tarea Compensacion/Legalizar Licencia No Remunerada/textarea_Observacin_form_licen"), "Prueba 2021"): Text 'Prueba 2021' is set on object 'Object Repository/1-OBJECTS TAREAS PRINCIPALES/Modulo Tarea Compensacion/Legalizar Licencia No Remunerada/textarea_Observacin_form_licen'

2023-04-10 08:45:11 - [MESSAGE][PASSED] - Text 'Prueba 2021' is set on object 'Object Repository/1-OBJECTS TAREAS PRINCIPALES/Modulo Tarea Compensacion/Legalizar Licencia No Remunerada/textarea_Observacin_form_licen'

2023-04-10 08:45:11 - [TEST_STEP][PASSED] - setText(findTestObject("1-OBJECTS TAREAS PRINCIPALES/Modulo Tarea Compensacion/Legalizar Licencia No Remunerada/input_Fecha 1_form_licenciaEmp"), "01/01/2021"): Text '01/01/2021' is set on object 'Object Repository/1-OBJECTS TAREAS PRINCIPALES/Modulo Tarea Compensacion/Legalizar Licencia No Remunerada/input_Fecha 1_form_licenciaEmp'

2023-04-10 08:45:12 - [MESSAGE][PASSED] - Text '01/01/2021' is set on object 'Object Repository/1-OBJECTS TAREAS PRINCIPALES/Modulo Tarea Compensacion/Legalizar Licencia No Remunerada/input_Fecha 1_form_licenciaEmp'

2023-04-10 08:45:12 - [TEST_STEP][PASSED] - setText(findTestObject("1-OBJECTS TAREAS PRINCIPALES/Modulo Tarea Compensacion/Legalizar Licencia No Remunerada/input_Das Ausentismo_form_lice"), "2"): Text '2' is set on object 'Object Repository/1-OBJECTS TAREAS PRINCIPALES/Modulo Tarea Compensacion/Legalizar Licencia No Remunerada/input_Das Ausentismo_form_lice'

2023-04-10 08:45:12 - [MESSAGE][PASSED] - Text '2' is set on object 'Object Repository/1-OBJECTS TAREAS PRINCIPALES/Modulo Tarea Compensacion/Legalizar Licencia No Remunerada/input_Das Ausentismo_form_lice'

2023-04-10 08:45:12 - [TEST_STEP][PASSED] - setText(findTestObject("1-OBJECTS TAREAS PRINCIPALES/Modulo Tarea Compensacion/Legalizar Licencia No Remunerada/input_Fecha 1_form_licenciaEmp_11"), "28/02/2021"): Text '28/02/2021' is set on object 'Object Repository/1-OBJECTS TAREAS PRINCIPALES/Modulo Tarea Compensacion/Legalizar Licencia No Remunerada/input_Fecha 1_form_licenciaEmp_11'

2023-04-10 08:45:13 - [MESSAGE][PASSED] - Text '28/02/2021' is set on object 'Object Repository/1-OBJECTS TAREAS PRINCIPALES/Modulo Tarea Compensacion/Legalizar Licencia No Remunerada/input_Fecha 1_form_licenciaEmp_11'

2023-04-10 08:45:13 - [TEST_STEP][PASSED] - setText(findTestObject("1-OBJECTS TAREAS PRINCIPALES/Modulo Tarea Compensacion/Legalizar Licencia No Remunerada/textarea_Area_form_licenciaEmp"), "Prueba 2021"): Text 'Prueba 2021' is set on object 'Object Repository/1-OBJECTS TAREAS PRINCIPALES/Modulo Tarea Compensacion/Legalizar Licencia No Remunerada/textarea_Area_form_licenciaEmp'

2023-04-10 08:45:14 - [MESSAGE][PASSED] - Text 'Prueba 2021' is set on object 'Object Repository/1-OBJECTS TAREAS PRINCIPALES/Modulo Tarea Compensacion/Legalizar Licencia No Remunerada/textarea_Area_form_licenciaEmp'

2023-04-10 08:45:14 - [TEST_STEP][PASSED] - waitForElementClickable(findTestObject("1-OBJECTS TAREAS PRINCIPALES/Modulo Tarea Compensacion/Legalizar Licencia No Remunerada/textarea_Area_form_licenciaEmpleadotabs"), G_TimeOut): Object 'Object Repository/1-OBJECTS TAREAS PRINCIPALES/Modulo Tarea Compensacion/Legalizar Licencia No Remunerada/textarea_Area_form_licenciaEmpleadotabs' is clickable

2023-04-10 08:45:14 - [MESSAGE][PASSED] - Object 'Object Repository/1-OBJECTS TAREAS PRINCIPALES/Modulo Tarea Compensacion/Legalizar Licencia No Remunerada/textarea_Area_form_licenciaEmpleadotabs' is clickable

2023-04-10 08:45:14 - [TEST_STEP][PASSED] - setText(findTestObject("1-OBJECTS TAREAS PRINCIPALES/Modulo Tarea Compensacion/Legalizar Licencia No Remunerada/textarea_Area_form_licenciaEmpleadotabs"), "Prueba"): Text 'Prueba' is set on object 'Object Repository/1-OBJECTS TAREAS PRINCIPALES/Modulo Tarea Compensacion/Legalizar Licencia No Remunerada/textarea_Area_form_licenciaEmpleadotabs'

2023-04-10 08:45:15 - [MESSAGE][PASSED] - Text 'Prueba' is set on object 'Object Repository/1-OBJECTS TAREAS PRINCIPALES/Modulo Tarea Compensacion/Legalizar Licencia No Remunerada/textarea_Area_form_licenciaEmpleadotabs'

2023-04-10 08:45:15 - [TEST_STEP][PASSED] - waitForElementClickable(findTestObject("1-OBJECTS TAREAS PRINCIPALES/Modulo Tarea Compensacion/Legalizar Licencia No Remunerada/input_Horas adicionales_form_licenciaEmpleadotabs"), G_TimeOut): Object 'Object Repository/1-OBJECTS TAREAS PRINCIPALES/Modulo Tarea Compensacion/Legalizar Licencia No Remunerada/input_Horas adicionales_form_licenciaEmpleadotabs' is clickable

2023-04-10 08:45:16 - [MESSAGE][PASSED] - Object 'Object Repository/1-OBJECTS TAREAS PRINCIPALES/Modulo Tarea Compensacion/Legalizar Licencia No Remunerada/input_Horas adicionales_form_licenciaEmpleadotabs' is clickable

2023-04-10 08:45:16 - [TEST_STEP][PASSED] - setText(findTestObject("1-OBJECTS TAREAS PRINCIPALES/Modulo Tarea Compensacion/Legalizar Licencia No Remunerada/input_Horas adicionales_form_licenciaEmpleadotabs"), "0500"): Text '0500' is set on object 'Object Repository/1-OBJECTS TAREAS PRINCIPALES/Modulo Tarea Compensacion/Legalizar Licencia No Remunerada/input_Horas adicionales_form_licenciaEmpleadotabs'

2023-04-10 08:45:16 - [MESSAGE][PASSED] - Text '0500' is set on object 'Object Repository/1-OBJECTS TAREAS PRINCIPALES/Modulo Tarea Compensacion/Legalizar Licencia No Remunerada/input_Horas adicionales_form_licenciaEmpleadotabs'

2023-04-10 08:45:16 - [TEST_STEP][PASSED] - waitForElementClickable(findTestObject("1-OBJECTS TAREAS PRINCIPALES/Modulo Tarea Compensacion/Legalizar Licencia No Remunerada/a_Afiliacin Eps_form_licenciaEmpleadotabs"), G_TimeOut): Object 'Object Repository/1-OBJECTS TAREAS PRINCIPALES/Modulo Tarea Compensacion/Legalizar Licencia No Remunerada/a_Afiliacin Eps_form_licenciaEmpleadotabs' is clickable

2023-04-10 08:45:17 - [MESSAGE][PASSED] - Object 'Object Repository/1-OBJECTS TAREAS PRINCIPALES/Modulo Tarea Compensacion/Legalizar Licencia No Remunerada/a_Afiliacin Eps_form_licenciaEmpleadotabs' is clickable

2023-04-10 08:45:17 - [TEST_STEP][PASSED] - click(findTestObject("1-OBJECTS TAREAS PRINCIPALES/Modulo Tarea Compensacion/Legalizar Licencia No Remunerada/a_Afiliacin Eps_form_licenciaEmpleadotabs")): Object: 'Object Repository/1-OBJECTS TAREAS PRINCIPALES/Modulo Tarea Compensacion/Legalizar Licencia No Remunerada/a_Afiliacin Eps_form_licenciaEmpleadotabs' is clicked on

2023-04-10 08:45:17 - [MESSAGE][PASSED] - Object: 'Object Repository/1-OBJECTS TAREAS PRINCIPALES/Modulo Tarea Compensacion/Legalizar Licencia No Remunerada/a_Afiliacin Eps_form_licenciaEmpleadotabs' is clicked on

2023-04-10 08:45:17 - [TEST_STEP][PASSED] - waitForElementVisible(findTestObject("1-OBJECTS TAREAS PRINCIPALES/Modulo Tarea Compensacion/Legalizar Licencia No Remunerada/Page_SARA/div_Se ha cargado el archivo_ui-fileupload-_55cbf6"), 0): Object 'Object Repository/1-OBJECTS TAREAS PRINCIPALES/Modulo Tarea Compensacion/Legalizar Licencia No Remunerada/Page_SARA/div_Se ha cargado el archivo_ui-fileupload-_55cbf6' is visible

2023-04-10 08:45:17 - [MESSAGE][WARNING] - Timeout '0' is invalid. Using default page load timeout: '37'

2023-04-10 08:45:18 - [MESSAGE][PASSED] - Object 'Object Repository/1-OBJECTS TAREAS PRINCIPALES/Modulo Tarea Compensacion/Legalizar Licencia No Remunerada/Page_SARA/div_Se ha cargado el archivo_ui-fileupload-_55cbf6' is visible

2023-04-10 08:45:18 - [TEST_STEP][PASSED] - click(findTestObject("1-OBJECTS TAREAS PRINCIPALES/Modulo Tarea Compensacion/Legalizar Licencia No Remunerada/Page_SARA/div_Se ha cargado el archivo_ui-fileupload-_55cbf6")): Object: 'Object Repository/1-OBJECTS TAREAS PRINCIPALES/Modulo Tarea Compensacion/Legalizar Licencia No Remunerada/Page_SARA/div_Se ha cargado el archivo_ui-fileupload-_55cbf6' is clicked on

2023-04-10 08:45:19 - [MESSAGE][PASSED] - Object: 'Object Repository/1-OBJECTS TAREAS PRINCIPALES/Modulo Tarea Compensacion/Legalizar Licencia No Remunerada/Page_SARA/div_Se ha cargado el archivo_ui-fileupload-_55cbf6' is clicked on

2023-04-10 08:45:19 - [TEST_STEP][PASSED] - ra = "": null

2023-04-10 08:45:19 - [TEST_STEP][PASSED] - ruta = Systema(ra) + "ArchivoPlanoLiquidacionNomina.txt": null

2023-04-10 08:45:19 - [TEST_STEP][PASSED] - RutaA = System.getProperty("os.name"): null

2023-04-10 08:45:19 - [TEST_STEP][PASSED] - if (RutaA == "Windows 10"): null

2023-04-10 08:45:19 - [TEST_STEP][PASSED] - rutaW = getProjectDir() + "/1.Requerimientos/Documento para pruebas/": null

2023-04-10 08:45:19 - [TEST_STEP][PASSED] - rutaW = rutaW.replace("/", "\"): null

2023-04-10 08:45:19 - [TEST_STEP][PASSED] - println("Esta es la ruta:" + rutaW): null

2023-04-10 08:45:19 - [TEST_STEP][PASSED] - ra = rutaW: null

2023-04-10 08:45:19 - [TEST_STEP][PASSED] - println(ruta): null

2023-04-10 08:45:19 - [TEST_STEP][PASSED] - uploadFile(findTestObject("1-OBJECTS TAREAS PRINCIPALES/Modulo Tarea Compensacion/Legalizar Licencia No Remunerada/input_Se ha cargado el archivo_popupDocumento"), ruta): File 'C:\Users\diego.rojas\git\Pruebas-Minimas\1.Requerimientos\Documento para pruebas\ArchivoPlanoLiquidacionNomina.txt' sent to object: 'Object Repository/1-OBJECTS TAREAS PRINCIPALES/Modulo Tarea Compensacion/Legalizar Licencia No Remunerada/input_Se ha cargado el archivo_popupDocumento'

2023-04-10 08:45:19 - [MESSAGE][PASSED] - File 'C:\Users\diego.rojas\git\Pruebas-Minimas\1.Requerimientos\Documento para pruebas\ArchivoPlanoLiquidacionNomina.txt' sent to object: 'Object Repository/1-OBJECTS TAREAS PRINCIPALES/Modulo Tarea Compensacion/Legalizar Licencia No Remunerada/input_Se ha cargado el archivo_popupDocumento'

2023-04-10 08:45:19 - [TEST_STEP][PASSED] - waitForElementClickable(findTestObject("1-OBJECTS TAREAS PRINCIPALES/Modulo Tarea Compensacion/Legalizar Licencia No Remunerada/input_Vigencia_popupDocumentoNovedad_formvigencia_input"), 0): Object 'Object Repository/1-OBJECTS TAREAS PRINCIPALES/Modulo Tarea Compensacion/Legalizar Licencia No Remunerada/input_Vigencia_popupDocumentoNovedad_formvigencia_input' is clickable

2023-04-10 08:45:19 - [MESSAGE][WARNING] - Timeout '0' is invalid. Using default page load timeout: '37'

2023-04-10 08:45:20 - [MESSAGE][PASSED] - Object 'Object Repository/1-OBJECTS TAREAS PRINCIPALES/Modulo Tarea Compensacion/Legalizar Licencia No Remunerada/input_Vigencia_popupDocumentoNovedad_formvigencia_input' is clickable

2023-04-10 08:45:20 - [TEST_STEP][PASSED] - setText(findTestObject("1-OBJECTS TAREAS PRINCIPALES/Modulo Tarea Compensacion/Legalizar Licencia No Remunerada/input_Vigencia_popupDocumentoNovedad_formvigencia_input"), "01/12/2021"): Text '01/12/2021' is set on object 'Object Repository/1-OBJECTS TAREAS PRINCIPALES/Modulo Tarea Compensacion/Legalizar Licencia No Remunerada/input_Vigencia_popupDocumentoNovedad_formvigencia_input'

2023-04-10 08:45:21 - [MESSAGE][PASSED] - Text '01/12/2021' is set on object 'Object Repository/1-OBJECTS TAREAS PRINCIPALES/Modulo Tarea Compensacion/Legalizar Licencia No Remunerada/input_Vigencia_popupDocumentoNovedad_formvigencia_input'

2023-04-10 08:45:21 - [TEST_STEP][PASSED] - setText(findTestObject("1-OBJECTS TAREAS PRINCIPALES/Modulo Tarea Compensacion/Legalizar Licencia No Remunerada/textarea_Observacin_popupDocumentoNovedad_formobservacion"), "PRUEBA"): Text 'PRUEBA' is set on object 'Object Repository/1-OBJECTS TAREAS PRINCIPALES/Modulo Tarea Compensacion/Legalizar Licencia No Remunerada/textarea_Observacin_popupDocumentoNovedad_formobservacion'

2023-04-10 08:45:22 - [MESSAGE][PASSED] - Text 'PRUEBA' is set on object 'Object Repository/1-OBJECTS TAREAS PRINCIPALES/Modulo Tarea Compensacion/Legalizar Licencia No Remunerada/textarea_Observacin_popupDocumentoNovedad_formobservacion'

2023-04-10 08:45:22 - [TEST_STEP][PASSED] - click(findTestObject("1-OBJECTS TAREAS PRINCIPALES/Modulo Tarea Compensacion/Legalizar Licencia No Remunerada/a_Guardar_archivo")): Object: 'Object Repository/1-OBJECTS TAREAS PRINCIPALES/Modulo Tarea Compensacion/Legalizar Licencia No Remunerada/a_Guardar_archivo' is clicked on

2023-04-10 08:45:22 - [MESSAGE][PASSED] - Object: 'Object Repository/1-OBJECTS TAREAS PRINCIPALES/Modulo Tarea Compensacion/Legalizar Licencia No Remunerada/a_Guardar_archivo' is clicked on

2023-04-10 08:45:22 - [TEST_STEP][PASSED] - click(findTestObject("1-OBJECTS TAREAS PRINCIPALES/Modulo Tarea Compensacion/Legalizar Licencia No Remunerada/a_Guardar_1")): Object: 'Object Repository/1-OBJECTS TAREAS PRINCIPALES/Modulo Tarea Compensacion/Legalizar Licencia No Remunerada/a_Guardar_1' is clicked on

2023-04-10 08:45:23 - [MESSAGE][PASSED] - Object: 'Object Repository/1-OBJECTS TAREAS PRINCIPALES/Modulo Tarea Compensacion/Legalizar Licencia No Remunerada/a_Guardar_1' is clicked on

2023-04-10 08:45:23 - [TEST_STEP][PASSED] - Alerta = getText(findTestObject("3-OBJECTS UTILIDADES/Alerta/Alerta")): Text of object 'Object Repository/3-OBJECTS UTILIDADES/Alerta/Alerta' is: 'Se modifico exitosamente su solicitud'

2023-04-10 08:45:26 - [MESSAGE][PASSED] - Text of object 'Object Repository/3-OBJECTS UTILIDADES/Alerta/Alerta' is: 'Se modifico exitosamente su solicitud'

2023-04-10 08:45:26 - [TEST_STEP][PASSED] - if (Alerta == "Se modifico exitosamente su solicitud"): Browser is closed

2023-04-10 08:45:26 - [TEST_STEP][PASSED] - closeBrowser(): Browser is closed

2023-04-10 08:45:27 - [MESSAGE][PASSED] - Browser is closed]]></system-out>
         <system-err><![CDATA[]]></system-err>
      </testcase>
      <testcase name="Test Cases/1.1-Tareas Principales/1.2.3-Legalizar Licencia Remunerada" time="29.36" classname="Test Cases/1.1-Tareas Principales/1.2.3-Legalizar Licencia Remunerada" status="PASSED">
         <system-out><![CDATA[2023-04-10 08:45:27 - [TEST_CASE][PASSED] - Test Cases/1.1-Tareas Principales/1.2.3-Legalizar Licencia Remunerada: Test Cases/1.1-Tareas Principales/1.2.3-Legalizar Licencia Remunerada

2023-04-10 08:45:27 - [TEST_STEP][PASSED] - callTestCase(findTestCase("Utilidades-(atajos_para _tareas)/Tareas Administracion Compensacion/Tarea Listado Empleados"), [:], STOP_ON_FAILURE): Call Test Case 'Test Cases/Utilidades-(atajos_para _tareas)/Tareas Administracion Compensacion/Tarea Listado Empleados' successfully

2023-04-10 08:45:27 - [TEST_CASE][PASSED] - Test Cases/Utilidades-(atajos_para _tareas)/Tareas Administracion Compensacion/Tarea Listado Empleados: Test Cases/Utilidades-(atajos_para _tareas)/Tareas Administracion Compensacion/Tarea Listado Empleados

2023-04-10 08:45:27 - [TEST_STEP][PASSED] - callTestCase(findTestCase("0.1-Login"), [:], STOP_ON_FAILURE): Call Test Case 'Test Cases/0.1-Login' successfully

2023-04-10 08:45:27 - [TEST_CASE][PASSED] - Test Cases/0.1-Login: Test Cases/0.1-Login

2023-04-10 08:45:27 - [TEST_STEP][PASSED] - openBrowser(""): Browser is opened with url: ''

2023-04-10 08:45:27 - [MESSAGE][INFO] - Starting 'Chrome' driver

2023-04-10 08:45:27 - [MESSAGE][INFO] - Action delay is set to 0 milliseconds

2023-04-10 08:45:29 - [MESSAGE][PASSED] - Browser is opened with url: ''

2023-04-10 08:45:29 - [TEST_STEP][PASSED] - maximizeWindow(): Current window maximized

2023-04-10 08:45:29 - [MESSAGE][PASSED] - Current window maximized

2023-04-10 08:45:29 - [TEST_STEP][PASSED] - i = G_Login: null

2023-04-10 08:45:29 - [TEST_STEP][PASSED] - url = new java.net.URL(i): null

2023-04-10 08:45:29 - [TEST_STEP][PASSED] - println("URL: " + url.toString()): null

2023-04-10 08:45:29 - [TEST_STEP][PASSED] - connection = url.openConnection(): null

2023-04-10 08:45:29 - [TEST_STEP][PASSED] - connection.setRequestMethod("GET"): null

2023-04-10 08:45:29 - [TEST_STEP][PASSED] - connection.setReadTimeout(2 * 1000): null

2023-04-10 08:45:29 - [TEST_STEP][PASSED] - try: null

2023-04-10 08:45:29 - [TEST_STEP][PASSED] - connection.connect(): null

2023-04-10 08:45:29 - [TEST_STEP][PASSED] - flag = connected: null

2023-04-10 08:45:29 - [TEST_STEP][PASSED] - println("Valor_ori: " + flag): null

2023-04-10 08:45:29 - [TEST_STEP][PASSED] - if (flag): null

2023-04-10 08:45:29 - [TEST_STEP][PASSED] - navigateToUrl(i): Navigate to 'http://192.168.2.19:8380/saraweb' successfully

2023-04-10 08:45:29 - [MESSAGE][PASSED] - Navigate to 'http://192.168.2.19:8380/saraweb' successfully

2023-04-10 08:45:29 - [TEST_STEP][PASSED] - a(): null

2023-04-10 08:45:29 - [TEST_STEP][PASSED] - if (waitForElementVisible(findTestObject("3-OBJECTS UTILIDADES/Login/input_USUARIO_loginusuario"), 0)): null

2023-04-10 08:45:29 - [MESSAGE][WARNING] - Timeout '0' is invalid. Using default page load timeout: '37'

2023-04-10 08:45:30 - [MESSAGE][PASSED] - Object 'Object Repository/3-OBJECTS UTILIDADES/Login/input_USUARIO_loginusuario' is visible

2023-04-10 08:45:30 - [TEST_STEP][PASSED] - switchToWindowTitle("SARA"): Switched to window with title: 'SARA'

2023-04-10 08:45:30 - [MESSAGE][PASSED] - Switched to window with title: 'SARA'

2023-04-10 08:45:30 - [TEST_STEP][PASSED] - zoom(): null

2023-04-10 08:45:30 - [TEST_STEP][PASSED] - robot = new java.awt.Robot(): null

2023-04-10 08:45:30 - [TEST_STEP][PASSED] - robot.keyPress(VK_CONTROL): null

2023-04-10 08:45:30 - [TEST_STEP][PASSED] - robot.keyPress(VK_SUBTRACT): null

2023-04-10 08:45:30 - [TEST_STEP][PASSED] - robot.keyRelease(VK_CONTROL): null

2023-04-10 08:45:30 - [TEST_STEP][PASSED] - robot.keyRelease(VK_SUBTRACT): null

2023-04-10 08:45:30 - [TEST_STEP][PASSED] - robot.keyPress(VK_CONTROL): null

2023-04-10 08:45:30 - [TEST_STEP][PASSED] - robot.keyPress(VK_SUBTRACT): null

2023-04-10 08:45:30 - [TEST_STEP][PASSED] - robot.keyRelease(VK_CONTROL): null

2023-04-10 08:45:30 - [TEST_STEP][PASSED] - robot.keyRelease(VK_SUBTRACT): null

2023-04-10 08:45:30 - [TEST_STEP][PASSED] - robot.keyPress(VK_CONTROL): null

2023-04-10 08:45:30 - [TEST_STEP][PASSED] - robot.keyPress(VK_SUBTRACT): null

2023-04-10 08:45:30 - [TEST_STEP][PASSED] - robot.keyRelease(VK_CONTROL): null

2023-04-10 08:45:30 - [TEST_STEP][PASSED] - robot.keyRelease(VK_SUBTRACT): null

2023-04-10 08:45:30 - [TEST_STEP][PASSED] - robot.keyRelease(VK_CONTROL): null

2023-04-10 08:45:30 - [TEST_STEP][PASSED] - robot.keyRelease(VK_SUBTRACT): null

2023-04-10 08:45:30 - [TEST_STEP][PASSED] - setText(findTestObject("3-OBJECTS UTILIDADES/Login/input_USUARIO_loginusuario"), G_Usuario): Text 'saraadmin' is set on object 'Object Repository/3-OBJECTS UTILIDADES/Login/input_USUARIO_loginusuario'

2023-04-10 08:45:30 - [MESSAGE][PASSED] - Text 'saraadmin' is set on object 'Object Repository/3-OBJECTS UTILIDADES/Login/input_USUARIO_loginusuario'

2023-04-10 08:45:30 - [TEST_STEP][PASSED] - setEncryptedText(findTestObject("3-OBJECTS UTILIDADES/Login/input_CLAVE_loginpassword"), "SlAwMcyRKqrwbnzhAs8HhT6NnI7sEyng"): Text ****** has been set on object 'Object Repository/3-OBJECTS UTILIDADES/Login/input_CLAVE_loginpassword'

2023-04-10 08:45:32 - [MESSAGE][PASSED] - Text ****** has been set on object 'Object Repository/3-OBJECTS UTILIDADES/Login/input_CLAVE_loginpassword'

2023-04-10 08:45:32 - [TEST_STEP][PASSED] - while (waitForElementClickable(findTestObject("3-OBJECTS UTILIDADES/Login/a_Ingresar"), 1)): Web element with id: 'Object Repository/3-OBJECTS UTILIDADES/Login/a_Ingresar' located by '//a[contains(text(),'Ingresar')]' not found

2023-04-10 08:45:35 - [MESSAGE][INFO] - Unable to find the element located by 'By.xpath: //a[contains(text(),'Ingresar')]'. Please recheck the objects properties to make sure the desired element is located. 

2023-04-10 08:45:35 - [MESSAGE][WARNING] - Web element with id: 'Object Repository/3-OBJECTS UTILIDADES/Login/a_Ingresar' located by '//a[contains(text(),'Ingresar')]' not found

2023-04-10 08:45:35 - [MESSAGE][PASSED] - Call Test Case 'Test Cases/0.1-Login' successfully

2023-04-10 08:45:35 - [TEST_STEP][PASSED] - setText(findTestObject("1-OBJECTS TAREAS PRINCIPALES/Modulo Tarea Listado Hojas de Vida/Tareas Listado Hojas de Vida/input_Listado Hojas De Vida_form_templatej_idt24_input"), "Listado de Empleados"): Text 'Listado de Empleados' is set on object 'Object Repository/1-OBJECTS TAREAS PRINCIPALES/Modulo Tarea Listado Hojas de Vida/Tareas Listado Hojas de Vida/input_Listado Hojas De Vida_form_templatej_idt24_input'

2023-04-10 08:45:35 - [MESSAGE][PASSED] - Text 'Listado de Empleados' is set on object 'Object Repository/1-OBJECTS TAREAS PRINCIPALES/Modulo Tarea Listado Hojas de Vida/Tareas Listado Hojas de Vida/input_Listado Hojas De Vida_form_templatej_idt24_input'

2023-04-10 08:45:35 - [TEST_STEP][PASSED] - waitForElementVisible(findTestObject("1-OBJECTS TAREAS PRINCIPALES/Modulo Tarea Listado Hojas de Vida/Tareas Listado Hojas de Vida/span_Listado de Empleados"), 0): Object 'Object Repository/1-OBJECTS TAREAS PRINCIPALES/Modulo Tarea Listado Hojas de Vida/Tareas Listado Hojas de Vida/span_Listado de Empleados' is visible

2023-04-10 08:45:35 - [MESSAGE][WARNING] - Timeout '0' is invalid. Using default page load timeout: '37'

2023-04-10 08:45:37 - [MESSAGE][PASSED] - Object 'Object Repository/1-OBJECTS TAREAS PRINCIPALES/Modulo Tarea Listado Hojas de Vida/Tareas Listado Hojas de Vida/span_Listado de Empleados' is visible

2023-04-10 08:45:37 - [TEST_STEP][PASSED] - click(findTestObject("1-OBJECTS TAREAS PRINCIPALES/Modulo Tarea Listado Hojas de Vida/Tareas Listado Hojas de Vida/span_Listado de Empleados")): Object: 'Object Repository/1-OBJECTS TAREAS PRINCIPALES/Modulo Tarea Listado Hojas de Vida/Tareas Listado Hojas de Vida/span_Listado de Empleados' is clicked on

2023-04-10 08:45:37 - [MESSAGE][PASSED] - Object: 'Object Repository/1-OBJECTS TAREAS PRINCIPALES/Modulo Tarea Listado Hojas de Vida/Tareas Listado Hojas de Vida/span_Listado de Empleados' is clicked on

2023-04-10 08:45:37 - [MESSAGE][PASSED] - Call Test Case 'Test Cases/Utilidades-(atajos_para _tareas)/Tareas Administracion Compensacion/Tarea Listado Empleados' successfully

2023-04-10 08:45:37 - [TEST_STEP][PASSED] - waitForElementClickable(findTestObject("1-OBJECTS TAREAS PRINCIPALES/Modulo Tarea Compensacion/Legalizar licencia Remunerada/input_Identificacin_listadoEmp"), 0): Object 'Object Repository/1-OBJECTS TAREAS PRINCIPALES/Modulo Tarea Compensacion/Legalizar licencia Remunerada/input_Identificacin_listadoEmp' is clickable

2023-04-10 08:45:37 - [MESSAGE][WARNING] - Timeout '0' is invalid. Using default page load timeout: '37'

2023-04-10 08:45:38 - [MESSAGE][PASSED] - Object 'Object Repository/1-OBJECTS TAREAS PRINCIPALES/Modulo Tarea Compensacion/Legalizar licencia Remunerada/input_Identificacin_listadoEmp' is clickable

2023-04-10 08:45:38 - [TEST_STEP][PASSED] - setText(findTestObject("1-OBJECTS TAREAS PRINCIPALES/Modulo Tarea Compensacion/Legalizar licencia Remunerada/input_Identificacin_listadoEmp"), "354968431354"): Text '354968431354' is set on object 'Object Repository/1-OBJECTS TAREAS PRINCIPALES/Modulo Tarea Compensacion/Legalizar licencia Remunerada/input_Identificacin_listadoEmp'

2023-04-10 08:45:39 - [MESSAGE][PASSED] - Text '354968431354' is set on object 'Object Repository/1-OBJECTS TAREAS PRINCIPALES/Modulo Tarea Compensacion/Legalizar licencia Remunerada/input_Identificacin_listadoEmp'

2023-04-10 08:45:39 - [TEST_STEP][PASSED] - sendKeys(findTestObject("1-OBJECTS TAREAS PRINCIPALES/Modulo Tarea Compensacion/Legalizar licencia Remunerada/input_Identificacin_listadoEmp"), Keys.chord(ENTER)): Keys 'ENTER + ' sent to object: 'Object Repository/1-OBJECTS TAREAS PRINCIPALES/Modulo Tarea Compensacion/Legalizar licencia Remunerada/input_Identificacin_listadoEmp'

2023-04-10 08:45:39 - [MESSAGE][PASSED] - Keys 'ENTER + ' sent to object: 'Object Repository/1-OBJECTS TAREAS PRINCIPALES/Modulo Tarea Compensacion/Legalizar licencia Remunerada/input_Identificacin_listadoEmp'

2023-04-10 08:45:39 - [TEST_STEP][PASSED] - click(findTestObject("1-OBJECTS TAREAS PRINCIPALES/Modulo Tarea Compensacion/Legalizar licencia Remunerada/span_CONSTA BELFEGORD JHON")): Object: 'Object Repository/1-OBJECTS TAREAS PRINCIPALES/Modulo Tarea Compensacion/Legalizar licencia Remunerada/span_CONSTA BELFEGORD JHON' is clicked on

2023-04-10 08:45:40 - [MESSAGE][PASSED] - Object: 'Object Repository/1-OBJECTS TAREAS PRINCIPALES/Modulo Tarea Compensacion/Legalizar licencia Remunerada/span_CONSTA BELFEGORD JHON' is clicked on

2023-04-10 08:45:40 - [TEST_STEP][PASSED] - click(findTestObject("1-OBJECTS TAREAS PRINCIPALES/Modulo Tarea Compensacion/Legalizar licencia Remunerada/span_Licencia")): Object: 'Object Repository/1-OBJECTS TAREAS PRINCIPALES/Modulo Tarea Compensacion/Legalizar licencia Remunerada/span_Licencia' is clicked on

2023-04-10 08:45:41 - [MESSAGE][PASSED] - Object: 'Object Repository/1-OBJECTS TAREAS PRINCIPALES/Modulo Tarea Compensacion/Legalizar licencia Remunerada/span_Licencia' is clicked on

2023-04-10 08:45:41 - [TEST_STEP][PASSED] - if (waitForElementClickable(findTestObject("1-OBJECTS TAREAS PRINCIPALES/Modulo Tarea Compensacion/Legalizar licencia Remunerada/td_Licencia Remunerada"), 1)): Web element with id: 'Object Repository/1-OBJECTS TAREAS PRINCIPALES/Modulo Tarea Compensacion/Legalizar licencia Remunerada/td_Licencia Remunerada' located by '//*/text()[normalize-space(.)='Licencia Remunerada']/parent::*' not found

2023-04-10 08:45:43 - [MESSAGE][INFO] - Unable to find the element located by 'By.xpath: //*/text()[normalize-space(.)='Licencia Remunerada']/parent::*'. Please recheck the objects properties to make sure the desired element is located. 

2023-04-10 08:45:43 - [MESSAGE][WARNING] - Web element with id: 'Object Repository/1-OBJECTS TAREAS PRINCIPALES/Modulo Tarea Compensacion/Legalizar licencia Remunerada/td_Licencia Remunerada' located by '//*/text()[normalize-space(.)='Licencia Remunerada']/parent::*' not found

2023-04-10 08:45:43 - [TEST_STEP][PASSED] - click(findTestObject("1-OBJECTS TAREAS PRINCIPALES/Modulo Tarea Compensacion/Legalizar licencia Remunerada/a_Histrico")): Object: 'Object Repository/1-OBJECTS TAREAS PRINCIPALES/Modulo Tarea Compensacion/Legalizar licencia Remunerada/a_Histrico' is clicked on

2023-04-10 08:45:43 - [MESSAGE][PASSED] - Object: 'Object Repository/1-OBJECTS TAREAS PRINCIPALES/Modulo Tarea Compensacion/Legalizar licencia Remunerada/a_Histrico' is clicked on

2023-04-10 08:45:43 - [TEST_STEP][PASSED] - if (waitForElementClickable(findTestObject("1-OBJECTS TAREAS PRINCIPALES/Modulo Tarea Compensacion/Legalizar licencia Remunerada/span_Licencia Remunerada_Historico"), 1)): Web element with id: 'Object Repository/1-OBJECTS TAREAS PRINCIPALES/Modulo Tarea Compensacion/Legalizar licencia Remunerada/span_Licencia Remunerada_Historico' located by '//*/text()[normalize-space(.)='Licencia Remunerada']/parent::*' not found

2023-04-10 08:45:46 - [MESSAGE][INFO] - Unable to find the element located by 'By.xpath: //*/text()[normalize-space(.)='Licencia Remunerada']/parent::*'. Please recheck the objects properties to make sure the desired element is located. 

2023-04-10 08:45:46 - [MESSAGE][WARNING] - Web element with id: 'Object Repository/1-OBJECTS TAREAS PRINCIPALES/Modulo Tarea Compensacion/Legalizar licencia Remunerada/span_Licencia Remunerada_Historico' located by '//*/text()[normalize-space(.)='Licencia Remunerada']/parent::*' not found

2023-04-10 08:45:46 - [TEST_STEP][PASSED] - waitForElementClickable(findTestObject("1-OBJECTS TAREAS PRINCIPALES/Modulo Tarea Compensacion/Legalizar licencia Remunerada/a_Licencia_Pestaa"), 0): Object 'Object Repository/1-OBJECTS TAREAS PRINCIPALES/Modulo Tarea Compensacion/Legalizar licencia Remunerada/a_Licencia_Pestaa' is clickable

2023-04-10 08:45:46 - [MESSAGE][WARNING] - Timeout '0' is invalid. Using default page load timeout: '37'

2023-04-10 08:45:46 - [MESSAGE][PASSED] - Object 'Object Repository/1-OBJECTS TAREAS PRINCIPALES/Modulo Tarea Compensacion/Legalizar licencia Remunerada/a_Licencia_Pestaa' is clickable

2023-04-10 08:45:46 - [TEST_STEP][PASSED] - click(findTestObject("1-OBJECTS TAREAS PRINCIPALES/Modulo Tarea Compensacion/Legalizar licencia Remunerada/a_Licencia_Pestaa")): Object: 'Object Repository/1-OBJECTS TAREAS PRINCIPALES/Modulo Tarea Compensacion/Legalizar licencia Remunerada/a_Licencia_Pestaa' is clicked on

2023-04-10 08:45:46 - [MESSAGE][PASSED] - Object: 'Object Repository/1-OBJECTS TAREAS PRINCIPALES/Modulo Tarea Compensacion/Legalizar licencia Remunerada/a_Licencia_Pestaa' is clicked on

2023-04-10 08:45:46 - [TEST_STEP][PASSED] - if (waitForElementClickable(findTestObject("1-OBJECTS TAREAS PRINCIPALES/Modulo Tarea Compensacion/Legalizar licencia Remunerada/span_Nuevo"), 1)): null

2023-04-10 08:45:47 - [MESSAGE][PASSED] - Object 'Object Repository/1-OBJECTS TAREAS PRINCIPALES/Modulo Tarea Compensacion/Legalizar licencia Remunerada/span_Nuevo' is clickable

2023-04-10 08:45:47 - [TEST_STEP][PASSED] - click(findTestObject("1-OBJECTS TAREAS PRINCIPALES/Modulo Tarea Compensacion/Legalizar licencia Remunerada/span_Nuevo")): Object: 'Object Repository/1-OBJECTS TAREAS PRINCIPALES/Modulo Tarea Compensacion/Legalizar licencia Remunerada/span_Nuevo' is clicked on

2023-04-10 08:45:47 - [MESSAGE][PASSED] - Object: 'Object Repository/1-OBJECTS TAREAS PRINCIPALES/Modulo Tarea Compensacion/Legalizar licencia Remunerada/span_Nuevo' is clicked on

2023-04-10 08:45:47 - [TEST_STEP][PASSED] - click(findTestObject("1-OBJECTS TAREAS PRINCIPALES/Modulo Tarea Compensacion/Legalizar licencia Remunerada/span_LICENCIA REMUNERADA")): Object: 'Object Repository/1-OBJECTS TAREAS PRINCIPALES/Modulo Tarea Compensacion/Legalizar licencia Remunerada/span_LICENCIA REMUNERADA' is clicked on

2023-04-10 08:45:48 - [MESSAGE][PASSED] - Object: 'Object Repository/1-OBJECTS TAREAS PRINCIPALES/Modulo Tarea Compensacion/Legalizar licencia Remunerada/span_LICENCIA REMUNERADA' is clicked on

2023-04-10 08:45:48 - [TEST_STEP][PASSED] - setText(findTestObject("1-OBJECTS TAREAS PRINCIPALES/Modulo Tarea Compensacion/Legalizar licencia Remunerada/input_Fecha Salida_form_licenc"), "01/12/2018"): Text '01/12/2018' is set on object 'Object Repository/1-OBJECTS TAREAS PRINCIPALES/Modulo Tarea Compensacion/Legalizar licencia Remunerada/input_Fecha Salida_form_licenc'

2023-04-10 08:45:49 - [MESSAGE][PASSED] - Text '01/12/2018' is set on object 'Object Repository/1-OBJECTS TAREAS PRINCIPALES/Modulo Tarea Compensacion/Legalizar licencia Remunerada/input_Fecha Salida_form_licenc'

2023-04-10 08:45:49 - [TEST_STEP][PASSED] - setText(findTestObject("1-OBJECTS TAREAS PRINCIPALES/Modulo Tarea Compensacion/Legalizar licencia Remunerada/input_Das Ausentismo_form_lice"), "2"): Text '2' is set on object 'Object Repository/1-OBJECTS TAREAS PRINCIPALES/Modulo Tarea Compensacion/Legalizar licencia Remunerada/input_Das Ausentismo_form_lice'

2023-04-10 08:45:50 - [MESSAGE][PASSED] - Text '2' is set on object 'Object Repository/1-OBJECTS TAREAS PRINCIPALES/Modulo Tarea Compensacion/Legalizar licencia Remunerada/input_Das Ausentismo_form_lice'

2023-04-10 08:45:50 - [TEST_STEP][PASSED] - setText(findTestObject("1-OBJECTS TAREAS PRINCIPALES/Modulo Tarea Compensacion/Legalizar licencia Remunerada/input_Fecha Salida Nomina_form"), "31/01/2019"): Text '31/01/2019' is set on object 'Object Repository/1-OBJECTS TAREAS PRINCIPALES/Modulo Tarea Compensacion/Legalizar licencia Remunerada/input_Fecha Salida Nomina_form'

2023-04-10 08:45:51 - [MESSAGE][PASSED] - Text '31/01/2019' is set on object 'Object Repository/1-OBJECTS TAREAS PRINCIPALES/Modulo Tarea Compensacion/Legalizar licencia Remunerada/input_Fecha Salida Nomina_form'

2023-04-10 08:45:51 - [TEST_STEP][PASSED] - setText(findTestObject("1-OBJECTS TAREAS PRINCIPALES/Modulo Tarea Compensacion/Legalizar licencia Remunerada/textarea_Observacin_form_licen"), "aaaaaa"): Text 'aaaaaa' is set on object 'Object Repository/1-OBJECTS TAREAS PRINCIPALES/Modulo Tarea Compensacion/Legalizar licencia Remunerada/textarea_Observacin_form_licen'

2023-04-10 08:45:52 - [MESSAGE][PASSED] - Text 'aaaaaa' is set on object 'Object Repository/1-OBJECTS TAREAS PRINCIPALES/Modulo Tarea Compensacion/Legalizar licencia Remunerada/textarea_Observacin_form_licen'

2023-04-10 08:45:52 - [TEST_STEP][PASSED] - setText(findTestObject("1-OBJECTS TAREAS PRINCIPALES/Modulo Tarea Compensacion/Legalizar licencia Remunerada/input_Fecha 1_form_licenciaEmp"), "31/01/2019"): Text '31/01/2019' is set on object 'Object Repository/1-OBJECTS TAREAS PRINCIPALES/Modulo Tarea Compensacion/Legalizar licencia Remunerada/input_Fecha 1_form_licenciaEmp'

2023-04-10 08:45:53 - [MESSAGE][PASSED] - Text '31/01/2019' is set on object 'Object Repository/1-OBJECTS TAREAS PRINCIPALES/Modulo Tarea Compensacion/Legalizar licencia Remunerada/input_Fecha 1_form_licenciaEmp'

2023-04-10 08:45:53 - [TEST_STEP][PASSED] - sendKeys(findTestObject("1-OBJECTS TAREAS PRINCIPALES/Modulo Tarea Compensacion/Legalizar licencia Remunerada/input_Fecha 1_form_licenciaEmp"), Keys.chord(ESCAPE)): Keys 'ESCAPE + ' sent to object: 'Object Repository/1-OBJECTS TAREAS PRINCIPALES/Modulo Tarea Compensacion/Legalizar licencia Remunerada/input_Fecha 1_form_licenciaEmp'

2023-04-10 08:45:54 - [MESSAGE][PASSED] - Keys 'ESCAPE + ' sent to object: 'Object Repository/1-OBJECTS TAREAS PRINCIPALES/Modulo Tarea Compensacion/Legalizar licencia Remunerada/input_Fecha 1_form_licenciaEmp'

2023-04-10 08:45:54 - [TEST_STEP][PASSED] - click(findTestObject("1-OBJECTS TAREAS PRINCIPALES/Modulo Tarea Compensacion/Legalizar licencia Remunerada/span_Guardar Legalizar")): Object: 'Object Repository/1-OBJECTS TAREAS PRINCIPALES/Modulo Tarea Compensacion/Legalizar licencia Remunerada/span_Guardar Legalizar' is clicked on

2023-04-10 08:45:54 - [MESSAGE][PASSED] - Object: 'Object Repository/1-OBJECTS TAREAS PRINCIPALES/Modulo Tarea Compensacion/Legalizar licencia Remunerada/span_Guardar Legalizar' is clicked on

2023-04-10 08:45:54 - [TEST_STEP][PASSED] - Alerta = getText(findTestObject("3-OBJECTS UTILIDADES/Alerta/Alerta")): Text of object 'Object Repository/3-OBJECTS UTILIDADES/Alerta/Alerta' is: 'Se modifico exitosamente su solicitud'

2023-04-10 08:45:56 - [MESSAGE][PASSED] - Text of object 'Object Repository/3-OBJECTS UTILIDADES/Alerta/Alerta' is: 'Se modifico exitosamente su solicitud'

2023-04-10 08:45:56 - [TEST_STEP][PASSED] - if (Alerta == "Se modifico exitosamente su solicitud"): null

2023-04-10 08:45:56 - [TEST_STEP][PASSED] - Resultado = "PRUEBA OK": null]]></system-out>
         <system-err><![CDATA[]]></system-err>
      </testcase>
      <testcase name="Test Cases/1.1-Tareas Principales/1.2.4-Incapacidad" time="44.686" classname="Test Cases/1.1-Tareas Principales/1.2.4-Incapacidad" status="PASSED">
         <system-out><![CDATA[2023-04-10 08:45:56 - [TEST_CASE][PASSED] - Test Cases/1.1-Tareas Principales/1.2.4-Incapacidad: Test Cases/1.1-Tareas Principales/1.2.4-Incapacidad

2023-04-10 08:45:57 - [TEST_STEP][PASSED] - callTestCase(findTestCase("Utilidades-(atajos_para _tareas)/Tareas Administracion Compensacion/Tarea Listado Empleados"), [:], STOP_ON_FAILURE): Call Test Case 'Test Cases/Utilidades-(atajos_para _tareas)/Tareas Administracion Compensacion/Tarea Listado Empleados' successfully

2023-04-10 08:45:57 - [TEST_CASE][PASSED] - Test Cases/Utilidades-(atajos_para _tareas)/Tareas Administracion Compensacion/Tarea Listado Empleados: Test Cases/Utilidades-(atajos_para _tareas)/Tareas Administracion Compensacion/Tarea Listado Empleados

2023-04-10 08:45:57 - [TEST_STEP][PASSED] - callTestCase(findTestCase("0.1-Login"), [:], STOP_ON_FAILURE): Call Test Case 'Test Cases/0.1-Login' successfully

2023-04-10 08:45:57 - [TEST_CASE][PASSED] - Test Cases/0.1-Login: Test Cases/0.1-Login

2023-04-10 08:45:57 - [TEST_STEP][PASSED] - openBrowser(""): Browser is opened with url: ''

2023-04-10 08:45:57 - [MESSAGE][WARNING] - A browser is already opened. Closing browser and opening a new one

2023-04-10 08:45:57 - [MESSAGE][INFO] - Starting 'Chrome' driver

2023-04-10 08:45:58 - [MESSAGE][INFO] - Action delay is set to 0 milliseconds

2023-04-10 08:45:59 - [MESSAGE][PASSED] - Browser is opened with url: ''

2023-04-10 08:45:59 - [TEST_STEP][PASSED] - maximizeWindow(): Current window maximized

2023-04-10 08:45:59 - [MESSAGE][PASSED] - Current window maximized

2023-04-10 08:45:59 - [TEST_STEP][PASSED] - i = G_Login: null

2023-04-10 08:45:59 - [TEST_STEP][PASSED] - url = new java.net.URL(i): null

2023-04-10 08:45:59 - [TEST_STEP][PASSED] - println("URL: " + url.toString()): null

2023-04-10 08:45:59 - [TEST_STEP][PASSED] - connection = url.openConnection(): null

2023-04-10 08:45:59 - [TEST_STEP][PASSED] - connection.setRequestMethod("GET"): null

2023-04-10 08:45:59 - [TEST_STEP][PASSED] - connection.setReadTimeout(2 * 1000): null

2023-04-10 08:45:59 - [TEST_STEP][PASSED] - try: null

2023-04-10 08:45:59 - [TEST_STEP][PASSED] - connection.connect(): null

2023-04-10 08:45:59 - [TEST_STEP][PASSED] - flag = connected: null

2023-04-10 08:45:59 - [TEST_STEP][PASSED] - println("Valor_ori: " + flag): null

2023-04-10 08:45:59 - [TEST_STEP][PASSED] - if (flag): null

2023-04-10 08:45:59 - [TEST_STEP][PASSED] - navigateToUrl(i): Navigate to 'http://192.168.2.19:8380/saraweb' successfully

2023-04-10 08:45:59 - [MESSAGE][PASSED] - Navigate to 'http://192.168.2.19:8380/saraweb' successfully

2023-04-10 08:45:59 - [TEST_STEP][PASSED] - a(): null

2023-04-10 08:45:59 - [TEST_STEP][PASSED] - if (waitForElementVisible(findTestObject("3-OBJECTS UTILIDADES/Login/input_USUARIO_loginusuario"), 0)): null

2023-04-10 08:45:59 - [MESSAGE][WARNING] - Timeout '0' is invalid. Using default page load timeout: '37'

2023-04-10 08:46:00 - [MESSAGE][PASSED] - Object 'Object Repository/3-OBJECTS UTILIDADES/Login/input_USUARIO_loginusuario' is visible

2023-04-10 08:46:00 - [TEST_STEP][PASSED] - switchToWindowTitle("SARA"): Switched to window with title: 'SARA'

2023-04-10 08:46:00 - [MESSAGE][PASSED] - Switched to window with title: 'SARA'

2023-04-10 08:46:00 - [TEST_STEP][PASSED] - zoom(): null

2023-04-10 08:46:00 - [TEST_STEP][PASSED] - robot = new java.awt.Robot(): null

2023-04-10 08:46:00 - [TEST_STEP][PASSED] - robot.keyPress(VK_CONTROL): null

2023-04-10 08:46:00 - [TEST_STEP][PASSED] - robot.keyPress(VK_SUBTRACT): null

2023-04-10 08:46:00 - [TEST_STEP][PASSED] - robot.keyRelease(VK_CONTROL): null

2023-04-10 08:46:00 - [TEST_STEP][PASSED] - robot.keyRelease(VK_SUBTRACT): null

2023-04-10 08:46:00 - [TEST_STEP][PASSED] - robot.keyPress(VK_CONTROL): null

2023-04-10 08:46:00 - [TEST_STEP][PASSED] - robot.keyPress(VK_SUBTRACT): null

2023-04-10 08:46:00 - [TEST_STEP][PASSED] - robot.keyRelease(VK_CONTROL): null

2023-04-10 08:46:00 - [TEST_STEP][PASSED] - robot.keyRelease(VK_SUBTRACT): null

2023-04-10 08:46:00 - [TEST_STEP][PASSED] - robot.keyPress(VK_CONTROL): null

2023-04-10 08:46:00 - [TEST_STEP][PASSED] - robot.keyPress(VK_SUBTRACT): null

2023-04-10 08:46:00 - [TEST_STEP][PASSED] - robot.keyRelease(VK_CONTROL): null

2023-04-10 08:46:00 - [TEST_STEP][PASSED] - robot.keyRelease(VK_SUBTRACT): null

2023-04-10 08:46:00 - [TEST_STEP][PASSED] - robot.keyRelease(VK_CONTROL): null

2023-04-10 08:46:00 - [TEST_STEP][PASSED] - robot.keyRelease(VK_SUBTRACT): null

2023-04-10 08:46:00 - [TEST_STEP][PASSED] - setText(findTestObject("3-OBJECTS UTILIDADES/Login/input_USUARIO_loginusuario"), G_Usuario): Text 'saraadmin' is set on object 'Object Repository/3-OBJECTS UTILIDADES/Login/input_USUARIO_loginusuario'

2023-04-10 08:46:01 - [MESSAGE][PASSED] - Text 'saraadmin' is set on object 'Object Repository/3-OBJECTS UTILIDADES/Login/input_USUARIO_loginusuario'

2023-04-10 08:46:01 - [TEST_STEP][PASSED] - setEncryptedText(findTestObject("3-OBJECTS UTILIDADES/Login/input_CLAVE_loginpassword"), "SlAwMcyRKqrwbnzhAs8HhT6NnI7sEyng"): Text ****** has been set on object 'Object Repository/3-OBJECTS UTILIDADES/Login/input_CLAVE_loginpassword'

2023-04-10 08:46:02 - [MESSAGE][PASSED] - Text ****** has been set on object 'Object Repository/3-OBJECTS UTILIDADES/Login/input_CLAVE_loginpassword'

2023-04-10 08:46:02 - [TEST_STEP][PASSED] - while (waitForElementClickable(findTestObject("3-OBJECTS UTILIDADES/Login/a_Ingresar"), 1)): Web element with id: 'Object Repository/3-OBJECTS UTILIDADES/Login/a_Ingresar' located by '//a[contains(text(),'Ingresar')]' not found

2023-04-10 08:46:04 - [MESSAGE][INFO] - Unable to find the element located by 'By.xpath: //a[contains(text(),'Ingresar')]'. Please recheck the objects properties to make sure the desired element is located. 

2023-04-10 08:46:04 - [MESSAGE][WARNING] - Web element with id: 'Object Repository/3-OBJECTS UTILIDADES/Login/a_Ingresar' located by '//a[contains(text(),'Ingresar')]' not found

2023-04-10 08:46:04 - [MESSAGE][PASSED] - Call Test Case 'Test Cases/0.1-Login' successfully

2023-04-10 08:46:04 - [TEST_STEP][PASSED] - setText(findTestObject("1-OBJECTS TAREAS PRINCIPALES/Modulo Tarea Listado Hojas de Vida/Tareas Listado Hojas de Vida/input_Listado Hojas De Vida_form_templatej_idt24_input"), "Listado de Empleados"): Text 'Listado de Empleados' is set on object 'Object Repository/1-OBJECTS TAREAS PRINCIPALES/Modulo Tarea Listado Hojas de Vida/Tareas Listado Hojas de Vida/input_Listado Hojas De Vida_form_templatej_idt24_input'

2023-04-10 08:46:05 - [MESSAGE][PASSED] - Text 'Listado de Empleados' is set on object 'Object Repository/1-OBJECTS TAREAS PRINCIPALES/Modulo Tarea Listado Hojas de Vida/Tareas Listado Hojas de Vida/input_Listado Hojas De Vida_form_templatej_idt24_input'

2023-04-10 08:46:05 - [TEST_STEP][PASSED] - waitForElementVisible(findTestObject("1-OBJECTS TAREAS PRINCIPALES/Modulo Tarea Listado Hojas de Vida/Tareas Listado Hojas de Vida/span_Listado de Empleados"), 0): Object 'Object Repository/1-OBJECTS TAREAS PRINCIPALES/Modulo Tarea Listado Hojas de Vida/Tareas Listado Hojas de Vida/span_Listado de Empleados' is visible

2023-04-10 08:46:05 - [MESSAGE][WARNING] - Timeout '0' is invalid. Using default page load timeout: '37'

2023-04-10 08:46:06 - [MESSAGE][PASSED] - Object 'Object Repository/1-OBJECTS TAREAS PRINCIPALES/Modulo Tarea Listado Hojas de Vida/Tareas Listado Hojas de Vida/span_Listado de Empleados' is visible

2023-04-10 08:46:06 - [TEST_STEP][PASSED] - click(findTestObject("1-OBJECTS TAREAS PRINCIPALES/Modulo Tarea Listado Hojas de Vida/Tareas Listado Hojas de Vida/span_Listado de Empleados")): Object: 'Object Repository/1-OBJECTS TAREAS PRINCIPALES/Modulo Tarea Listado Hojas de Vida/Tareas Listado Hojas de Vida/span_Listado de Empleados' is clicked on

2023-04-10 08:46:06 - [MESSAGE][PASSED] - Object: 'Object Repository/1-OBJECTS TAREAS PRINCIPALES/Modulo Tarea Listado Hojas de Vida/Tareas Listado Hojas de Vida/span_Listado de Empleados' is clicked on

2023-04-10 08:46:06 - [MESSAGE][PASSED] - Call Test Case 'Test Cases/Utilidades-(atajos_para _tareas)/Tareas Administracion Compensacion/Tarea Listado Empleados' successfully

2023-04-10 08:46:06 - [TEST_STEP][PASSED] - waitForElementClickable(findTestObject("1-OBJECTS TAREAS PRINCIPALES/Modulo Tarea Compensacion/Incapacidad/input_Identificacin_listadoEmp"), 0): Object 'Object Repository/1-OBJECTS TAREAS PRINCIPALES/Modulo Tarea Compensacion/Incapacidad/input_Identificacin_listadoEmp' is clickable

2023-04-10 08:46:07 - [MESSAGE][WARNING] - Timeout '0' is invalid. Using default page load timeout: '37'

2023-04-10 08:46:07 - [MESSAGE][PASSED] - Object 'Object Repository/1-OBJECTS TAREAS PRINCIPALES/Modulo Tarea Compensacion/Incapacidad/input_Identificacin_listadoEmp' is clickable

2023-04-10 08:46:07 - [TEST_STEP][PASSED] - setText(findTestObject("1-OBJECTS TAREAS PRINCIPALES/Modulo Tarea Compensacion/Incapacidad/input_Identificacin_listadoEmp"), "1234567890"): Text '1234567890' is set on object 'Object Repository/1-OBJECTS TAREAS PRINCIPALES/Modulo Tarea Compensacion/Incapacidad/input_Identificacin_listadoEmp'

2023-04-10 08:46:08 - [MESSAGE][PASSED] - Text '1234567890' is set on object 'Object Repository/1-OBJECTS TAREAS PRINCIPALES/Modulo Tarea Compensacion/Incapacidad/input_Identificacin_listadoEmp'

2023-04-10 08:46:08 - [TEST_STEP][PASSED] - sendKeys(findTestObject("1-OBJECTS TAREAS PRINCIPALES/Modulo Tarea Compensacion/Incapacidad/input_Identificacin_listadoEmp"), Keys.chord(ENTER)): Keys 'ENTER + ' sent to object: 'Object Repository/1-OBJECTS TAREAS PRINCIPALES/Modulo Tarea Compensacion/Incapacidad/input_Identificacin_listadoEmp'

2023-04-10 08:46:09 - [MESSAGE][PASSED] - Keys 'ENTER + ' sent to object: 'Object Repository/1-OBJECTS TAREAS PRINCIPALES/Modulo Tarea Compensacion/Incapacidad/input_Identificacin_listadoEmp'

2023-04-10 08:46:09 - [TEST_STEP][PASSED] - click(findTestObject("1-OBJECTS TAREAS PRINCIPALES/Modulo Tarea Compensacion/Incapacidad/span_CONSTA BELFEGORD JHON")): Object: 'Object Repository/1-OBJECTS TAREAS PRINCIPALES/Modulo Tarea Compensacion/Incapacidad/span_CONSTA BELFEGORD JHON' is clicked on

2023-04-10 08:46:09 - [MESSAGE][PASSED] - Object: 'Object Repository/1-OBJECTS TAREAS PRINCIPALES/Modulo Tarea Compensacion/Incapacidad/span_CONSTA BELFEGORD JHON' is clicked on

2023-04-10 08:46:09 - [TEST_STEP][PASSED] - click(findTestObject("1-OBJECTS TAREAS PRINCIPALES/Modulo Tarea Compensacion/Incapacidad/a_Licencia")): Object: 'Object Repository/1-OBJECTS TAREAS PRINCIPALES/Modulo Tarea Compensacion/Incapacidad/a_Licencia' is clicked on

2023-04-10 08:46:11 - [MESSAGE][PASSED] - Object: 'Object Repository/1-OBJECTS TAREAS PRINCIPALES/Modulo Tarea Compensacion/Incapacidad/a_Licencia' is clicked on

2023-04-10 08:46:11 - [TEST_STEP][PASSED] - if (waitForElementClickable(findTestObject("1-OBJECTS TAREAS PRINCIPALES/Modulo Tarea Compensacion/Incapacidad/td_Licencia Remunerada"), 1)): Web element with id: 'Object Repository/1-OBJECTS TAREAS PRINCIPALES/Modulo Tarea Compensacion/Incapacidad/td_Licencia Remunerada' located by '//*/text()[normalize-space(.)='Licencia Remunerada']/parent::*' not found

2023-04-10 08:46:13 - [MESSAGE][INFO] - Unable to find the element located by 'By.xpath: //*/text()[normalize-space(.)='Licencia Remunerada']/parent::*'. Please recheck the objects properties to make sure the desired element is located. 

2023-04-10 08:46:13 - [MESSAGE][WARNING] - Web element with id: 'Object Repository/1-OBJECTS TAREAS PRINCIPALES/Modulo Tarea Compensacion/Incapacidad/td_Licencia Remunerada' located by '//*/text()[normalize-space(.)='Licencia Remunerada']/parent::*' not found

2023-04-10 08:46:13 - [TEST_STEP][PASSED] - if (waitForElementClickable(findTestObject("1-OBJECTS TAREAS PRINCIPALES/Modulo Tarea Compensacion/Incapacidad/td_Licencia No Remunerada"), 1)): Web element with id: 'Object Repository/1-OBJECTS TAREAS PRINCIPALES/Modulo Tarea Compensacion/Incapacidad/td_Licencia No Remunerada' located by '//*/text()[normalize-space(.)='Licencia No Remunerada']/parent::*' not found

2023-04-10 08:46:15 - [MESSAGE][INFO] - Unable to find the element located by 'By.xpath: //*/text()[normalize-space(.)='Licencia No Remunerada']/parent::*'. Please recheck the objects properties to make sure the desired element is located. 

2023-04-10 08:46:15 - [MESSAGE][WARNING] - Web element with id: 'Object Repository/1-OBJECTS TAREAS PRINCIPALES/Modulo Tarea Compensacion/Incapacidad/td_Licencia No Remunerada' located by '//*/text()[normalize-space(.)='Licencia No Remunerada']/parent::*' not found

2023-04-10 08:46:15 - [TEST_STEP][PASSED] - click(findTestObject("1-OBJECTS TAREAS PRINCIPALES/Modulo Tarea Compensacion/Incapacidad/a_Incapacidad")): Object: 'Object Repository/1-OBJECTS TAREAS PRINCIPALES/Modulo Tarea Compensacion/Incapacidad/a_Incapacidad' is clicked on

2023-04-10 08:46:15 - [MESSAGE][PASSED] - Object: 'Object Repository/1-OBJECTS TAREAS PRINCIPALES/Modulo Tarea Compensacion/Incapacidad/a_Incapacidad' is clicked on

2023-04-10 08:46:15 - [TEST_STEP][PASSED] - waitForElementClickable(findTestObject("1-OBJECTS TAREAS PRINCIPALES/Modulo Tarea Compensacion/Incapacidad/span_Nuevo"), 0): Object 'Object Repository/1-OBJECTS TAREAS PRINCIPALES/Modulo Tarea Compensacion/Incapacidad/span_Nuevo' is clickable

2023-04-10 08:46:16 - [MESSAGE][WARNING] - Timeout '0' is invalid. Using default page load timeout: '37'

2023-04-10 08:46:16 - [MESSAGE][PASSED] - Object 'Object Repository/1-OBJECTS TAREAS PRINCIPALES/Modulo Tarea Compensacion/Incapacidad/span_Nuevo' is clickable

2023-04-10 08:46:16 - [TEST_STEP][PASSED] - click(findTestObject("1-OBJECTS TAREAS PRINCIPALES/Modulo Tarea Compensacion/Incapacidad/span_Nuevo")): Object: 'Object Repository/1-OBJECTS TAREAS PRINCIPALES/Modulo Tarea Compensacion/Incapacidad/span_Nuevo' is clicked on

2023-04-10 08:46:17 - [MESSAGE][PASSED] - Object: 'Object Repository/1-OBJECTS TAREAS PRINCIPALES/Modulo Tarea Compensacion/Incapacidad/span_Nuevo' is clicked on

2023-04-10 08:46:17 - [TEST_STEP][PASSED] - waitForElementClickable(findTestObject("1-OBJECTS TAREAS PRINCIPALES/Modulo Tarea Compensacion/Incapacidad/span_ENFERMEDAD GENERAL 21"), 0): Object 'Object Repository/1-OBJECTS TAREAS PRINCIPALES/Modulo Tarea Compensacion/Incapacidad/span_ENFERMEDAD GENERAL 21' is clickable

2023-04-10 08:46:17 - [MESSAGE][WARNING] - Timeout '0' is invalid. Using default page load timeout: '37'

2023-04-10 08:46:17 - [MESSAGE][PASSED] - Object 'Object Repository/1-OBJECTS TAREAS PRINCIPALES/Modulo Tarea Compensacion/Incapacidad/span_ENFERMEDAD GENERAL 21' is clickable

2023-04-10 08:46:17 - [TEST_STEP][PASSED] - click(findTestObject("1-OBJECTS TAREAS PRINCIPALES/Modulo Tarea Compensacion/Incapacidad/span_ENFERMEDAD GENERAL 21")): Object: 'Object Repository/1-OBJECTS TAREAS PRINCIPALES/Modulo Tarea Compensacion/Incapacidad/span_ENFERMEDAD GENERAL 21' is clicked on

2023-04-10 08:46:18 - [MESSAGE][PASSED] - Object: 'Object Repository/1-OBJECTS TAREAS PRINCIPALES/Modulo Tarea Compensacion/Incapacidad/span_ENFERMEDAD GENERAL 21' is clicked on

2023-04-10 08:46:18 - [TEST_STEP][PASSED] - click(findTestObject("1-OBJECTS TAREAS PRINCIPALES/Modulo Tarea Compensacion/Incapacidad/a_Histrico")): Object: 'Object Repository/1-OBJECTS TAREAS PRINCIPALES/Modulo Tarea Compensacion/Incapacidad/a_Histrico' is clicked on

2023-04-10 08:46:19 - [MESSAGE][PASSED] - Object: 'Object Repository/1-OBJECTS TAREAS PRINCIPALES/Modulo Tarea Compensacion/Incapacidad/a_Histrico' is clicked on

2023-04-10 08:46:19 - [TEST_STEP][PASSED] - if (waitForElementClickable(findTestObject("1-OBJECTS TAREAS PRINCIPALES/Modulo Tarea Compensacion/Incapacidad/span_Enfermedad General 21_Historico"), 1)): null

2023-04-10 08:46:19 - [MESSAGE][PASSED] - Object 'Object Repository/1-OBJECTS TAREAS PRINCIPALES/Modulo Tarea Compensacion/Incapacidad/span_Enfermedad General 21_Historico' is clickable

2023-04-10 08:46:19 - [TEST_STEP][PASSED] - click(findTestObject("1-OBJECTS TAREAS PRINCIPALES/Modulo Tarea Compensacion/Incapacidad/span_Enfermedad General 21_Historico")): Object: 'Object Repository/1-OBJECTS TAREAS PRINCIPALES/Modulo Tarea Compensacion/Incapacidad/span_Enfermedad General 21_Historico' is clicked on

2023-04-10 08:46:20 - [MESSAGE][PASSED] - Object: 'Object Repository/1-OBJECTS TAREAS PRINCIPALES/Modulo Tarea Compensacion/Incapacidad/span_Enfermedad General 21_Historico' is clicked on

2023-04-10 08:46:20 - [TEST_STEP][PASSED] - waitForElementClickable(findTestObject("1-OBJECTS TAREAS PRINCIPALES/Modulo Tarea Compensacion/Incapacidad/a_Eliminar"), 0): Object 'Object Repository/1-OBJECTS TAREAS PRINCIPALES/Modulo Tarea Compensacion/Incapacidad/a_Eliminar' is clickable

2023-04-10 08:46:20 - [MESSAGE][WARNING] - Timeout '0' is invalid. Using default page load timeout: '37'

2023-04-10 08:46:21 - [MESSAGE][PASSED] - Object 'Object Repository/1-OBJECTS TAREAS PRINCIPALES/Modulo Tarea Compensacion/Incapacidad/a_Eliminar' is clickable

2023-04-10 08:46:21 - [TEST_STEP][PASSED] - click(findTestObject("1-OBJECTS TAREAS PRINCIPALES/Modulo Tarea Compensacion/Incapacidad/a_Eliminar")): Object: 'Object Repository/1-OBJECTS TAREAS PRINCIPALES/Modulo Tarea Compensacion/Incapacidad/a_Eliminar' is clicked on

2023-04-10 08:46:21 - [MESSAGE][PASSED] - Object: 'Object Repository/1-OBJECTS TAREAS PRINCIPALES/Modulo Tarea Compensacion/Incapacidad/a_Eliminar' is clicked on

2023-04-10 08:46:21 - [TEST_STEP][PASSED] - click(findTestObject("1-OBJECTS TAREAS PRINCIPALES/Modulo Tarea Compensacion/Incapacidad/a_Aceptar")): Object: 'Object Repository/1-OBJECTS TAREAS PRINCIPALES/Modulo Tarea Compensacion/Incapacidad/a_Aceptar' is clicked on

2023-04-10 08:46:22 - [MESSAGE][PASSED] - Object: 'Object Repository/1-OBJECTS TAREAS PRINCIPALES/Modulo Tarea Compensacion/Incapacidad/a_Aceptar' is clicked on

2023-04-10 08:46:22 - [TEST_STEP][PASSED] - click(findTestObject("1-OBJECTS TAREAS PRINCIPALES/Modulo Tarea Compensacion/Incapacidad/a_Incapacidad_pestaa")): Object: 'Object Repository/1-OBJECTS TAREAS PRINCIPALES/Modulo Tarea Compensacion/Incapacidad/a_Incapacidad_pestaa' is clicked on

2023-04-10 08:46:23 - [MESSAGE][PASSED] - Object: 'Object Repository/1-OBJECTS TAREAS PRINCIPALES/Modulo Tarea Compensacion/Incapacidad/a_Incapacidad_pestaa' is clicked on

2023-04-10 08:46:23 - [TEST_STEP][PASSED] - waitForElementClickable(findTestObject("1-OBJECTS TAREAS PRINCIPALES/Modulo Tarea Compensacion/Incapacidad/span_Nuevo"), 0): Object 'Object Repository/1-OBJECTS TAREAS PRINCIPALES/Modulo Tarea Compensacion/Incapacidad/span_Nuevo' is clickable

2023-04-10 08:46:23 - [MESSAGE][WARNING] - Timeout '0' is invalid. Using default page load timeout: '37'

2023-04-10 08:46:23 - [MESSAGE][PASSED] - Object 'Object Repository/1-OBJECTS TAREAS PRINCIPALES/Modulo Tarea Compensacion/Incapacidad/span_Nuevo' is clickable

2023-04-10 08:46:23 - [TEST_STEP][PASSED] - click(findTestObject("1-OBJECTS TAREAS PRINCIPALES/Modulo Tarea Compensacion/Incapacidad/span_Nuevo")): Object: 'Object Repository/1-OBJECTS TAREAS PRINCIPALES/Modulo Tarea Compensacion/Incapacidad/span_Nuevo' is clicked on

2023-04-10 08:46:24 - [MESSAGE][PASSED] - Object: 'Object Repository/1-OBJECTS TAREAS PRINCIPALES/Modulo Tarea Compensacion/Incapacidad/span_Nuevo' is clicked on

2023-04-10 08:46:24 - [TEST_STEP][PASSED] - waitForElementClickable(findTestObject("1-OBJECTS TAREAS PRINCIPALES/Modulo Tarea Compensacion/Incapacidad/span_ENFERMEDAD GENERAL 21"), 0): Object 'Object Repository/1-OBJECTS TAREAS PRINCIPALES/Modulo Tarea Compensacion/Incapacidad/span_ENFERMEDAD GENERAL 21' is clickable

2023-04-10 08:46:24 - [MESSAGE][WARNING] - Timeout '0' is invalid. Using default page load timeout: '37'

2023-04-10 08:46:25 - [MESSAGE][PASSED] - Object 'Object Repository/1-OBJECTS TAREAS PRINCIPALES/Modulo Tarea Compensacion/Incapacidad/span_ENFERMEDAD GENERAL 21' is clickable

2023-04-10 08:46:25 - [TEST_STEP][PASSED] - click(findTestObject("1-OBJECTS TAREAS PRINCIPALES/Modulo Tarea Compensacion/Incapacidad/span_ENFERMEDAD GENERAL 21")): Object: 'Object Repository/1-OBJECTS TAREAS PRINCIPALES/Modulo Tarea Compensacion/Incapacidad/span_ENFERMEDAD GENERAL 21' is clicked on

2023-04-10 08:46:25 - [MESSAGE][PASSED] - Object: 'Object Repository/1-OBJECTS TAREAS PRINCIPALES/Modulo Tarea Compensacion/Incapacidad/span_ENFERMEDAD GENERAL 21' is clicked on

2023-04-10 08:46:25 - [TEST_STEP][PASSED] - waitForElementClickable(findTestObject("1-OBJECTS TAREAS PRINCIPALES/Modulo Tarea Compensacion/Incapacidad/a_Incapacidad_pestaa"), 0): Object 'Object Repository/1-OBJECTS TAREAS PRINCIPALES/Modulo Tarea Compensacion/Incapacidad/a_Incapacidad_pestaa' is clickable

2023-04-10 08:46:25 - [MESSAGE][WARNING] - Timeout '0' is invalid. Using default page load timeout: '37'

2023-04-10 08:46:26 - [MESSAGE][PASSED] - Object 'Object Repository/1-OBJECTS TAREAS PRINCIPALES/Modulo Tarea Compensacion/Incapacidad/a_Incapacidad_pestaa' is clickable

2023-04-10 08:46:26 - [TEST_STEP][PASSED] - click(findTestObject("1-OBJECTS TAREAS PRINCIPALES/Modulo Tarea Compensacion/Incapacidad/a_Incapacidad_pestaa")): Object: 'Object Repository/1-OBJECTS TAREAS PRINCIPALES/Modulo Tarea Compensacion/Incapacidad/a_Incapacidad_pestaa' is clicked on

2023-04-10 08:46:26 - [MESSAGE][PASSED] - Object: 'Object Repository/1-OBJECTS TAREAS PRINCIPALES/Modulo Tarea Compensacion/Incapacidad/a_Incapacidad_pestaa' is clicked on

2023-04-10 08:46:26 - [TEST_STEP][PASSED] - setText(findTestObject("1-OBJECTS TAREAS PRINCIPALES/Modulo Tarea Compensacion/Incapacidad/input_Fecha Salida _form_incap"), "01/01/2021"): Text '01/01/2021' is set on object 'Object Repository/1-OBJECTS TAREAS PRINCIPALES/Modulo Tarea Compensacion/Incapacidad/input_Fecha Salida _form_incap'

2023-04-10 08:46:27 - [MESSAGE][PASSED] - Text '01/01/2021' is set on object 'Object Repository/1-OBJECTS TAREAS PRINCIPALES/Modulo Tarea Compensacion/Incapacidad/input_Fecha Salida _form_incap'

2023-04-10 08:46:27 - [TEST_STEP][PASSED] - setText(findTestObject("1-OBJECTS TAREAS PRINCIPALES/Modulo Tarea Compensacion/Incapacidad/input_Fecha Salida Nomina_form"), "28/02/2021"): Text '28/02/2021' is set on object 'Object Repository/1-OBJECTS TAREAS PRINCIPALES/Modulo Tarea Compensacion/Incapacidad/input_Fecha Salida Nomina_form'

2023-04-10 08:46:28 - [MESSAGE][PASSED] - Text '28/02/2021' is set on object 'Object Repository/1-OBJECTS TAREAS PRINCIPALES/Modulo Tarea Compensacion/Incapacidad/input_Fecha Salida Nomina_form'

2023-04-10 08:46:28 - [TEST_STEP][PASSED] - click(findTestObject("1-OBJECTS TAREAS PRINCIPALES/Modulo Tarea Compensacion/Incapacidad/input_Prorroga_form_incapacida")): Object: 'Object Repository/1-OBJECTS TAREAS PRINCIPALES/Modulo Tarea Compensacion/Incapacidad/input_Prorroga_form_incapacida' is clicked on

2023-04-10 08:46:29 - [MESSAGE][PASSED] - Object: 'Object Repository/1-OBJECTS TAREAS PRINCIPALES/Modulo Tarea Compensacion/Incapacidad/input_Prorroga_form_incapacida' is clicked on

2023-04-10 08:46:29 - [TEST_STEP][PASSED] - setText(findTestObject("1-OBJECTS TAREAS PRINCIPALES/Modulo Tarea Compensacion/Incapacidad/textarea_Observacin_form_incap"), "aaaa"): Text 'aaaa' is set on object 'Object Repository/1-OBJECTS TAREAS PRINCIPALES/Modulo Tarea Compensacion/Incapacidad/textarea_Observacin_form_incap'

2023-04-10 08:46:29 - [MESSAGE][PASSED] - Text 'aaaa' is set on object 'Object Repository/1-OBJECTS TAREAS PRINCIPALES/Modulo Tarea Compensacion/Incapacidad/textarea_Observacin_form_incap'

2023-04-10 08:46:29 - [TEST_STEP][PASSED] - setText(findTestObject("1-OBJECTS TAREAS PRINCIPALES/Modulo Tarea Compensacion/Incapacidad/input_Das Ausentismo_form_inca"), "2"): Text '2' is set on object 'Object Repository/1-OBJECTS TAREAS PRINCIPALES/Modulo Tarea Compensacion/Incapacidad/input_Das Ausentismo_form_inca'

2023-04-10 08:46:30 - [MESSAGE][PASSED] - Text '2' is set on object 'Object Repository/1-OBJECTS TAREAS PRINCIPALES/Modulo Tarea Compensacion/Incapacidad/input_Das Ausentismo_form_inca'

2023-04-10 08:46:30 - [TEST_STEP][PASSED] - setText(findTestObject("1-OBJECTS TAREAS PRINCIPALES/Modulo Tarea Compensacion/Incapacidad/textarea_Area_form_incapacidad"), "bbbb"): Text 'bbbb' is set on object 'Object Repository/1-OBJECTS TAREAS PRINCIPALES/Modulo Tarea Compensacion/Incapacidad/textarea_Area_form_incapacidad'

2023-04-10 08:46:31 - [MESSAGE][PASSED] - Text 'bbbb' is set on object 'Object Repository/1-OBJECTS TAREAS PRINCIPALES/Modulo Tarea Compensacion/Incapacidad/textarea_Area_form_incapacidad'

2023-04-10 08:46:31 - [TEST_STEP][PASSED] - setText(findTestObject("1-OBJECTS TAREAS PRINCIPALES/Modulo Tarea Compensacion/Incapacidad/input_Horas adicionales_form_incapacidades"), "0500"): Text '0500' is set on object 'Object Repository/1-OBJECTS TAREAS PRINCIPALES/Modulo Tarea Compensacion/Incapacidad/input_Horas adicionales_form_incapacidades'

2023-04-10 08:46:32 - [MESSAGE][PASSED] - Text '0500' is set on object 'Object Repository/1-OBJECTS TAREAS PRINCIPALES/Modulo Tarea Compensacion/Incapacidad/input_Horas adicionales_form_incapacidades'

2023-04-10 08:46:32 - [TEST_STEP][PASSED] - setText(findTestObject("1-OBJECTS TAREAS PRINCIPALES/Modulo Tarea Compensacion/Incapacidad/input_diagnostico_form_incapacidad"), "cccc"): Text 'cccc' is set on object 'Object Repository/1-OBJECTS TAREAS PRINCIPALES/Modulo Tarea Compensacion/Incapacidad/input_diagnostico_form_incapacidad'

2023-04-10 08:46:33 - [MESSAGE][PASSED] - Text 'cccc' is set on object 'Object Repository/1-OBJECTS TAREAS PRINCIPALES/Modulo Tarea Compensacion/Incapacidad/input_diagnostico_form_incapacidad'

2023-04-10 08:46:33 - [TEST_STEP][PASSED] - setText(findTestObject("1-OBJECTS TAREAS PRINCIPALES/Modulo Tarea Compensacion/Incapacidad/input_Fecha 1_form_incapacidad"), "15/01/2021"): Text '15/01/2021' is set on object 'Object Repository/1-OBJECTS TAREAS PRINCIPALES/Modulo Tarea Compensacion/Incapacidad/input_Fecha 1_form_incapacidad'

2023-04-10 08:46:33 - [MESSAGE][PASSED] - Text '15/01/2021' is set on object 'Object Repository/1-OBJECTS TAREAS PRINCIPALES/Modulo Tarea Compensacion/Incapacidad/input_Fecha 1_form_incapacidad'

2023-04-10 08:46:33 - [TEST_STEP][PASSED] - setText(findTestObject("1-OBJECTS TAREAS PRINCIPALES/Modulo Tarea Compensacion/Incapacidad/input_diagnostico_form_incapacidades2"), "aaa"): Text 'aaa' is set on object 'Object Repository/1-OBJECTS TAREAS PRINCIPALES/Modulo Tarea Compensacion/Incapacidad/input_diagnostico_form_incapacidades2'

2023-04-10 08:46:34 - [MESSAGE][PASSED] - Text 'aaa' is set on object 'Object Repository/1-OBJECTS TAREAS PRINCIPALES/Modulo Tarea Compensacion/Incapacidad/input_diagnostico_form_incapacidades2'

2023-04-10 08:46:34 - [TEST_STEP][PASSED] - click(findTestObject("1-OBJECTS TAREAS PRINCIPALES/Modulo Tarea Compensacion/Incapacidad/a__form_incapacidadesEmpleadoj")): Object: 'Object Repository/1-OBJECTS TAREAS PRINCIPALES/Modulo Tarea Compensacion/Incapacidad/a__form_incapacidadesEmpleadoj' is clicked on

2023-04-10 08:46:35 - [MESSAGE][PASSED] - Object: 'Object Repository/1-OBJECTS TAREAS PRINCIPALES/Modulo Tarea Compensacion/Incapacidad/a__form_incapacidadesEmpleadoj' is clicked on

2023-04-10 08:46:35 - [TEST_STEP][PASSED] - click(findTestObject("1-OBJECTS TAREAS PRINCIPALES/Modulo Tarea Compensacion/Incapacidad/td_OTRAS INFECCIONES ESPECIFICADAS")): Object: 'Object Repository/1-OBJECTS TAREAS PRINCIPALES/Modulo Tarea Compensacion/Incapacidad/td_OTRAS INFECCIONES ESPECIFICADAS' is clicked on

2023-04-10 08:46:36 - [MESSAGE][PASSED] - Object: 'Object Repository/1-OBJECTS TAREAS PRINCIPALES/Modulo Tarea Compensacion/Incapacidad/td_OTRAS INFECCIONES ESPECIFICADAS' is clicked on

2023-04-10 08:46:36 - [TEST_STEP][PASSED] - waitForElementClickable(findTestObject("1-OBJECTS TAREAS PRINCIPALES/Modulo Tarea Compensacion/Incapacidad/a__form_incapacidadesEmpleadoj_1"), 0): Object 'Object Repository/1-OBJECTS TAREAS PRINCIPALES/Modulo Tarea Compensacion/Incapacidad/a__form_incapacidadesEmpleadoj_1' is clickable

2023-04-10 08:46:36 - [MESSAGE][WARNING] - Timeout '0' is invalid. Using default page load timeout: '37'

2023-04-10 08:46:37 - [MESSAGE][PASSED] - Object 'Object Repository/1-OBJECTS TAREAS PRINCIPALES/Modulo Tarea Compensacion/Incapacidad/a__form_incapacidadesEmpleadoj_1' is clickable

2023-04-10 08:46:37 - [TEST_STEP][PASSED] - click(findTestObject("1-OBJECTS TAREAS PRINCIPALES/Modulo Tarea Compensacion/Incapacidad/a__form_incapacidadesEmpleadoj_1")): Object: 'Object Repository/1-OBJECTS TAREAS PRINCIPALES/Modulo Tarea Compensacion/Incapacidad/a__form_incapacidadesEmpleadoj_1' is clicked on

2023-04-10 08:46:37 - [MESSAGE][PASSED] - Object: 'Object Repository/1-OBJECTS TAREAS PRINCIPALES/Modulo Tarea Compensacion/Incapacidad/a__form_incapacidadesEmpleadoj_1' is clicked on

2023-04-10 08:46:37 - [TEST_STEP][PASSED] - click(findTestObject("1-OBJECTS TAREAS PRINCIPALES/Modulo Tarea Compensacion/Incapacidad/td_Diagnostico-Seguridad y Salud en el Trabajo")): Object: 'Object Repository/1-OBJECTS TAREAS PRINCIPALES/Modulo Tarea Compensacion/Incapacidad/td_Diagnostico-Seguridad y Salud en el Trabajo' is clicked on

2023-04-10 08:46:38 - [MESSAGE][PASSED] - Object: 'Object Repository/1-OBJECTS TAREAS PRINCIPALES/Modulo Tarea Compensacion/Incapacidad/td_Diagnostico-Seguridad y Salud en el Trabajo' is clicked on

2023-04-10 08:46:38 - [TEST_STEP][PASSED] - waitForElementClickable(findTestObject("1-OBJECTS TAREAS PRINCIPALES/Modulo Tarea Compensacion/Incapacidad/a_Guardar Legalizar"), G_TimeOut): Object 'Object Repository/1-OBJECTS TAREAS PRINCIPALES/Modulo Tarea Compensacion/Incapacidad/a_Guardar Legalizar' is clickable

2023-04-10 08:46:39 - [MESSAGE][PASSED] - Object 'Object Repository/1-OBJECTS TAREAS PRINCIPALES/Modulo Tarea Compensacion/Incapacidad/a_Guardar Legalizar' is clickable

2023-04-10 08:46:39 - [TEST_STEP][PASSED] - click(findTestObject("1-OBJECTS TAREAS PRINCIPALES/Modulo Tarea Compensacion/Incapacidad/a_Guardar Legalizar")): Object: 'Object Repository/1-OBJECTS TAREAS PRINCIPALES/Modulo Tarea Compensacion/Incapacidad/a_Guardar Legalizar' is clicked on

2023-04-10 08:46:39 - [MESSAGE][PASSED] - Object: 'Object Repository/1-OBJECTS TAREAS PRINCIPALES/Modulo Tarea Compensacion/Incapacidad/a_Guardar Legalizar' is clicked on

2023-04-10 08:46:39 - [TEST_STEP][PASSED] - Alerta = getText(findTestObject("3-OBJECTS UTILIDADES/Alerta/Alerta")): Text of object 'Object Repository/3-OBJECTS UTILIDADES/Alerta/Alerta' is: 'Se modifico exitosamente su solicitud'

2023-04-10 08:46:40 - [MESSAGE][PASSED] - Text of object 'Object Repository/3-OBJECTS UTILIDADES/Alerta/Alerta' is: 'Se modifico exitosamente su solicitud'

2023-04-10 08:46:40 - [TEST_STEP][PASSED] - if (Alerta == "Se modifico exitosamente su solicitud"): Browser is closed

2023-04-10 08:46:40 - [TEST_STEP][PASSED] - closeBrowser(): Browser is closed

2023-04-10 08:46:41 - [MESSAGE][PASSED] - Browser is closed]]></system-out>
         <system-err><![CDATA[]]></system-err>
      </testcase>
      <testcase name="Test Cases/1.1-Tareas Principales/1.2.5-Solicitud_Certificado" time="26.72" classname="Test Cases/1.1-Tareas Principales/1.2.5-Solicitud_Certificado" status="PASSED">
         <system-out><![CDATA[2023-04-10 08:46:41 - [TEST_CASE][PASSED] - Test Cases/1.1-Tareas Principales/1.2.5-Solicitud_Certificado: Test Cases/1.1-Tareas Principales/1.2.5-Solicitud_Certificado

2023-04-10 08:46:41 - [TEST_STEP][PASSED] - callTestCase(findTestCase("Utilidades-(atajos_para _tareas)/Tareas Administracion Compensacion/Tarea Listado Empleados"), [:], STOP_ON_FAILURE): Call Test Case 'Test Cases/Utilidades-(atajos_para _tareas)/Tareas Administracion Compensacion/Tarea Listado Empleados' successfully

2023-04-10 08:46:41 - [TEST_CASE][PASSED] - Test Cases/Utilidades-(atajos_para _tareas)/Tareas Administracion Compensacion/Tarea Listado Empleados: Test Cases/Utilidades-(atajos_para _tareas)/Tareas Administracion Compensacion/Tarea Listado Empleados

2023-04-10 08:46:41 - [TEST_STEP][PASSED] - callTestCase(findTestCase("0.1-Login"), [:], STOP_ON_FAILURE): Call Test Case 'Test Cases/0.1-Login' successfully

2023-04-10 08:46:42 - [TEST_CASE][PASSED] - Test Cases/0.1-Login: Test Cases/0.1-Login

2023-04-10 08:46:42 - [TEST_STEP][PASSED] - openBrowser(""): Browser is opened with url: ''

2023-04-10 08:46:42 - [MESSAGE][INFO] - Starting 'Chrome' driver

2023-04-10 08:46:42 - [MESSAGE][INFO] - Action delay is set to 0 milliseconds

2023-04-10 08:46:43 - [MESSAGE][PASSED] - Browser is opened with url: ''

2023-04-10 08:46:43 - [TEST_STEP][PASSED] - maximizeWindow(): Current window maximized

2023-04-10 08:46:43 - [MESSAGE][PASSED] - Current window maximized

2023-04-10 08:46:43 - [TEST_STEP][PASSED] - i = G_Login: null

2023-04-10 08:46:43 - [TEST_STEP][PASSED] - url = new java.net.URL(i): null

2023-04-10 08:46:43 - [TEST_STEP][PASSED] - println("URL: " + url.toString()): null

2023-04-10 08:46:43 - [TEST_STEP][PASSED] - connection = url.openConnection(): null

2023-04-10 08:46:43 - [TEST_STEP][PASSED] - connection.setRequestMethod("GET"): null

2023-04-10 08:46:43 - [TEST_STEP][PASSED] - connection.setReadTimeout(2 * 1000): null

2023-04-10 08:46:43 - [TEST_STEP][PASSED] - try: null

2023-04-10 08:46:43 - [TEST_STEP][PASSED] - connection.connect(): null

2023-04-10 08:46:43 - [TEST_STEP][PASSED] - flag = connected: null

2023-04-10 08:46:43 - [TEST_STEP][PASSED] - println("Valor_ori: " + flag): null

2023-04-10 08:46:43 - [TEST_STEP][PASSED] - if (flag): null

2023-04-10 08:46:43 - [TEST_STEP][PASSED] - navigateToUrl(i): Navigate to 'http://192.168.2.19:8380/saraweb' successfully

2023-04-10 08:46:43 - [MESSAGE][PASSED] - Navigate to 'http://192.168.2.19:8380/saraweb' successfully

2023-04-10 08:46:43 - [TEST_STEP][PASSED] - a(): null

2023-04-10 08:46:43 - [TEST_STEP][PASSED] - if (waitForElementVisible(findTestObject("3-OBJECTS UTILIDADES/Login/input_USUARIO_loginusuario"), 0)): null

2023-04-10 08:46:43 - [MESSAGE][WARNING] - Timeout '0' is invalid. Using default page load timeout: '37'

2023-04-10 08:46:44 - [MESSAGE][PASSED] - Object 'Object Repository/3-OBJECTS UTILIDADES/Login/input_USUARIO_loginusuario' is visible

2023-04-10 08:46:44 - [TEST_STEP][PASSED] - switchToWindowTitle("SARA"): Switched to window with title: 'SARA'

2023-04-10 08:46:44 - [MESSAGE][PASSED] - Switched to window with title: 'SARA'

2023-04-10 08:46:44 - [TEST_STEP][PASSED] - zoom(): null

2023-04-10 08:46:44 - [TEST_STEP][PASSED] - robot = new java.awt.Robot(): null

2023-04-10 08:46:44 - [TEST_STEP][PASSED] - robot.keyPress(VK_CONTROL): null

2023-04-10 08:46:44 - [TEST_STEP][PASSED] - robot.keyPress(VK_SUBTRACT): null

2023-04-10 08:46:44 - [TEST_STEP][PASSED] - robot.keyRelease(VK_CONTROL): null

2023-04-10 08:46:44 - [TEST_STEP][PASSED] - robot.keyRelease(VK_SUBTRACT): null

2023-04-10 08:46:44 - [TEST_STEP][PASSED] - robot.keyPress(VK_CONTROL): null

2023-04-10 08:46:44 - [TEST_STEP][PASSED] - robot.keyPress(VK_SUBTRACT): null

2023-04-10 08:46:44 - [TEST_STEP][PASSED] - robot.keyRelease(VK_CONTROL): null

2023-04-10 08:46:44 - [TEST_STEP][PASSED] - robot.keyRelease(VK_SUBTRACT): null

2023-04-10 08:46:44 - [TEST_STEP][PASSED] - robot.keyPress(VK_CONTROL): null

2023-04-10 08:46:44 - [TEST_STEP][PASSED] - robot.keyPress(VK_SUBTRACT): null

2023-04-10 08:46:44 - [TEST_STEP][PASSED] - robot.keyRelease(VK_CONTROL): null

2023-04-10 08:46:44 - [TEST_STEP][PASSED] - robot.keyRelease(VK_SUBTRACT): null

2023-04-10 08:46:44 - [TEST_STEP][PASSED] - robot.keyRelease(VK_CONTROL): null

2023-04-10 08:46:44 - [TEST_STEP][PASSED] - robot.keyRelease(VK_SUBTRACT): null

2023-04-10 08:46:44 - [TEST_STEP][PASSED] - setText(findTestObject("3-OBJECTS UTILIDADES/Login/input_USUARIO_loginusuario"), G_Usuario): Text 'saraadmin' is set on object 'Object Repository/3-OBJECTS UTILIDADES/Login/input_USUARIO_loginusuario'

2023-04-10 08:46:45 - [MESSAGE][PASSED] - Text 'saraadmin' is set on object 'Object Repository/3-OBJECTS UTILIDADES/Login/input_USUARIO_loginusuario'

2023-04-10 08:46:45 - [TEST_STEP][PASSED] - setEncryptedText(findTestObject("3-OBJECTS UTILIDADES/Login/input_CLAVE_loginpassword"), "SlAwMcyRKqrwbnzhAs8HhT6NnI7sEyng"): Text ****** has been set on object 'Object Repository/3-OBJECTS UTILIDADES/Login/input_CLAVE_loginpassword'

2023-04-10 08:46:46 - [MESSAGE][PASSED] - Text ****** has been set on object 'Object Repository/3-OBJECTS UTILIDADES/Login/input_CLAVE_loginpassword'

2023-04-10 08:46:46 - [TEST_STEP][PASSED] - while (waitForElementClickable(findTestObject("3-OBJECTS UTILIDADES/Login/a_Ingresar"), 1)): Web element with id: 'Object Repository/3-OBJECTS UTILIDADES/Login/a_Ingresar' located by '//a[contains(text(),'Ingresar')]' not found

2023-04-10 08:46:48 - [MESSAGE][INFO] - Unable to find the element located by 'By.xpath: //a[contains(text(),'Ingresar')]'. Please recheck the objects properties to make sure the desired element is located. 

2023-04-10 08:46:48 - [MESSAGE][WARNING] - Web element with id: 'Object Repository/3-OBJECTS UTILIDADES/Login/a_Ingresar' located by '//a[contains(text(),'Ingresar')]' not found

2023-04-10 08:46:48 - [MESSAGE][PASSED] - Call Test Case 'Test Cases/0.1-Login' successfully

2023-04-10 08:46:48 - [TEST_STEP][PASSED] - setText(findTestObject("1-OBJECTS TAREAS PRINCIPALES/Modulo Tarea Listado Hojas de Vida/Tareas Listado Hojas de Vida/input_Listado Hojas De Vida_form_templatej_idt24_input"), "Listado de Empleados"): Text 'Listado de Empleados' is set on object 'Object Repository/1-OBJECTS TAREAS PRINCIPALES/Modulo Tarea Listado Hojas de Vida/Tareas Listado Hojas de Vida/input_Listado Hojas De Vida_form_templatej_idt24_input'

2023-04-10 08:46:49 - [MESSAGE][PASSED] - Text 'Listado de Empleados' is set on object 'Object Repository/1-OBJECTS TAREAS PRINCIPALES/Modulo Tarea Listado Hojas de Vida/Tareas Listado Hojas de Vida/input_Listado Hojas De Vida_form_templatej_idt24_input'

2023-04-10 08:46:49 - [TEST_STEP][PASSED] - waitForElementVisible(findTestObject("1-OBJECTS TAREAS PRINCIPALES/Modulo Tarea Listado Hojas de Vida/Tareas Listado Hojas de Vida/span_Listado de Empleados"), 0): Object 'Object Repository/1-OBJECTS TAREAS PRINCIPALES/Modulo Tarea Listado Hojas de Vida/Tareas Listado Hojas de Vida/span_Listado de Empleados' is visible

2023-04-10 08:46:49 - [MESSAGE][WARNING] - Timeout '0' is invalid. Using default page load timeout: '37'

2023-04-10 08:46:50 - [MESSAGE][PASSED] - Object 'Object Repository/1-OBJECTS TAREAS PRINCIPALES/Modulo Tarea Listado Hojas de Vida/Tareas Listado Hojas de Vida/span_Listado de Empleados' is visible

2023-04-10 08:46:50 - [TEST_STEP][PASSED] - click(findTestObject("1-OBJECTS TAREAS PRINCIPALES/Modulo Tarea Listado Hojas de Vida/Tareas Listado Hojas de Vida/span_Listado de Empleados")): Object: 'Object Repository/1-OBJECTS TAREAS PRINCIPALES/Modulo Tarea Listado Hojas de Vida/Tareas Listado Hojas de Vida/span_Listado de Empleados' is clicked on

2023-04-10 08:46:51 - [MESSAGE][PASSED] - Object: 'Object Repository/1-OBJECTS TAREAS PRINCIPALES/Modulo Tarea Listado Hojas de Vida/Tareas Listado Hojas de Vida/span_Listado de Empleados' is clicked on

2023-04-10 08:46:51 - [MESSAGE][PASSED] - Call Test Case 'Test Cases/Utilidades-(atajos_para _tareas)/Tareas Administracion Compensacion/Tarea Listado Empleados' successfully

2023-04-10 08:46:51 - [TEST_STEP][PASSED] - waitForElementClickable(findTestObject("1-OBJECTS TAREAS PRINCIPALES/Modulo Tarea Compensacion/Solicitud certificado/input_Identificacin_listadoEmp"), 0): Object 'Object Repository/1-OBJECTS TAREAS PRINCIPALES/Modulo Tarea Compensacion/Solicitud certificado/input_Identificacin_listadoEmp' is clickable

2023-04-10 08:46:51 - [MESSAGE][WARNING] - Timeout '0' is invalid. Using default page load timeout: '37'

2023-04-10 08:46:53 - [MESSAGE][PASSED] - Object 'Object Repository/1-OBJECTS TAREAS PRINCIPALES/Modulo Tarea Compensacion/Solicitud certificado/input_Identificacin_listadoEmp' is clickable

2023-04-10 08:46:53 - [TEST_STEP][PASSED] - setText(findTestObject("1-OBJECTS TAREAS PRINCIPALES/Modulo Tarea Compensacion/Solicitud certificado/input_Identificacin_listadoEmp"), "354968431354"): Text '354968431354' is set on object 'Object Repository/1-OBJECTS TAREAS PRINCIPALES/Modulo Tarea Compensacion/Solicitud certificado/input_Identificacin_listadoEmp'

2023-04-10 08:46:53 - [MESSAGE][PASSED] - Text '354968431354' is set on object 'Object Repository/1-OBJECTS TAREAS PRINCIPALES/Modulo Tarea Compensacion/Solicitud certificado/input_Identificacin_listadoEmp'

2023-04-10 08:46:53 - [TEST_STEP][PASSED] - sendKeys(findTestObject("1-OBJECTS TAREAS PRINCIPALES/Modulo Tarea Compensacion/Solicitud certificado/input_Identificacin_listadoEmp"), Keys.chord(ENTER)): Keys 'ENTER + ' sent to object: 'Object Repository/1-OBJECTS TAREAS PRINCIPALES/Modulo Tarea Compensacion/Solicitud certificado/input_Identificacin_listadoEmp'

2023-04-10 08:46:54 - [MESSAGE][PASSED] - Keys 'ENTER + ' sent to object: 'Object Repository/1-OBJECTS TAREAS PRINCIPALES/Modulo Tarea Compensacion/Solicitud certificado/input_Identificacin_listadoEmp'

2023-04-10 08:46:54 - [TEST_STEP][PASSED] - click(findTestObject("1-OBJECTS TAREAS PRINCIPALES/Modulo Tarea Compensacion/Solicitud certificado/span_CONSTA BELFEGORD JHON")): Object: 'Object Repository/1-OBJECTS TAREAS PRINCIPALES/Modulo Tarea Compensacion/Solicitud certificado/span_CONSTA BELFEGORD JHON' is clicked on

2023-04-10 08:46:55 - [MESSAGE][PASSED] - Object: 'Object Repository/1-OBJECTS TAREAS PRINCIPALES/Modulo Tarea Compensacion/Solicitud certificado/span_CONSTA BELFEGORD JHON' is clicked on

2023-04-10 08:46:55 - [TEST_STEP][PASSED] - click(findTestObject("1-OBJECTS TAREAS PRINCIPALES/Modulo Tarea Compensacion/Solicitud certificado/a_Solicitud")): Object: 'Object Repository/1-OBJECTS TAREAS PRINCIPALES/Modulo Tarea Compensacion/Solicitud certificado/a_Solicitud' is clicked on

2023-04-10 08:46:55 - [MESSAGE][PASSED] - Object: 'Object Repository/1-OBJECTS TAREAS PRINCIPALES/Modulo Tarea Compensacion/Solicitud certificado/a_Solicitud' is clicked on

2023-04-10 08:46:55 - [TEST_STEP][PASSED] - if (waitForElementClickable(findTestObject("1-OBJECTS TAREAS PRINCIPALES/Modulo Tarea Compensacion/Solicitud certificado/span_Certificado Personal Planta_ preexistente"), 1)): null

2023-04-10 08:46:56 - [MESSAGE][PASSED] - Object 'Object Repository/1-OBJECTS TAREAS PRINCIPALES/Modulo Tarea Compensacion/Solicitud certificado/span_Certificado Personal Planta_ preexistente' is clickable

2023-04-10 08:46:56 - [TEST_STEP][PASSED] - click(findTestObject("1-OBJECTS TAREAS PRINCIPALES/Modulo Tarea Compensacion/Solicitud certificado/span_Certificado Personal Planta_ preexistente")): Object: 'Object Repository/1-OBJECTS TAREAS PRINCIPALES/Modulo Tarea Compensacion/Solicitud certificado/span_Certificado Personal Planta_ preexistente' is clicked on

2023-04-10 08:46:57 - [MESSAGE][PASSED] - Object: 'Object Repository/1-OBJECTS TAREAS PRINCIPALES/Modulo Tarea Compensacion/Solicitud certificado/span_Certificado Personal Planta_ preexistente' is clicked on

2023-04-10 08:46:57 - [TEST_STEP][PASSED] - waitForElementClickable(findTestObject("1-OBJECTS TAREAS PRINCIPALES/Modulo Tarea Compensacion/Solicitud certificado/a_Eliminar"), 0): Object 'Object Repository/1-OBJECTS TAREAS PRINCIPALES/Modulo Tarea Compensacion/Solicitud certificado/a_Eliminar' is clickable

2023-04-10 08:46:57 - [MESSAGE][WARNING] - Timeout '0' is invalid. Using default page load timeout: '37'

2023-04-10 08:46:58 - [MESSAGE][PASSED] - Object 'Object Repository/1-OBJECTS TAREAS PRINCIPALES/Modulo Tarea Compensacion/Solicitud certificado/a_Eliminar' is clickable

2023-04-10 08:46:58 - [TEST_STEP][PASSED] - click(findTestObject("1-OBJECTS TAREAS PRINCIPALES/Modulo Tarea Compensacion/Solicitud certificado/a_Eliminar")): Object: 'Object Repository/1-OBJECTS TAREAS PRINCIPALES/Modulo Tarea Compensacion/Solicitud certificado/a_Eliminar' is clicked on

2023-04-10 08:46:58 - [MESSAGE][PASSED] - Object: 'Object Repository/1-OBJECTS TAREAS PRINCIPALES/Modulo Tarea Compensacion/Solicitud certificado/a_Eliminar' is clicked on

2023-04-10 08:46:58 - [TEST_STEP][PASSED] - click(findTestObject("1-OBJECTS TAREAS PRINCIPALES/Modulo Tarea Compensacion/Solicitud certificado/span_Si")): Object: 'Object Repository/1-OBJECTS TAREAS PRINCIPALES/Modulo Tarea Compensacion/Solicitud certificado/span_Si' is clicked on

2023-04-10 08:46:59 - [MESSAGE][PASSED] - Object: 'Object Repository/1-OBJECTS TAREAS PRINCIPALES/Modulo Tarea Compensacion/Solicitud certificado/span_Si' is clicked on

2023-04-10 08:46:59 - [TEST_STEP][PASSED] - click(findTestObject("1-OBJECTS TAREAS PRINCIPALES/Modulo Tarea Compensacion/Solicitud certificado/span_Prueba")): Object: 'Object Repository/1-OBJECTS TAREAS PRINCIPALES/Modulo Tarea Compensacion/Solicitud certificado/span_Prueba' is clicked on

2023-04-10 08:47:00 - [MESSAGE][PASSED] - Object: 'Object Repository/1-OBJECTS TAREAS PRINCIPALES/Modulo Tarea Compensacion/Solicitud certificado/span_Prueba' is clicked on

2023-04-10 08:47:00 - [TEST_STEP][PASSED] - waitForElementClickable(findTestObject("1-OBJECTS TAREAS PRINCIPALES/Modulo Tarea Compensacion/Solicitud certificado/a_Acta De Grado   Diploma_form_solicitudesEmpleadolistaDocumentos0j_idt2892"), 0): Object 'Object Repository/1-OBJECTS TAREAS PRINCIPALES/Modulo Tarea Compensacion/Solicitud certificado/a_Acta De Grado   Diploma_form_solicitudesEmpleadolistaDocumentos0j_idt2892' is clickable

2023-04-10 08:47:00 - [MESSAGE][WARNING] - Timeout '0' is invalid. Using default page load timeout: '37'

2023-04-10 08:47:00 - [MESSAGE][PASSED] - Object 'Object Repository/1-OBJECTS TAREAS PRINCIPALES/Modulo Tarea Compensacion/Solicitud certificado/a_Acta De Grado   Diploma_form_solicitudesEmpleadolistaDocumentos0j_idt2892' is clickable

2023-04-10 08:47:00 - [TEST_STEP][PASSED] - click(findTestObject("1-OBJECTS TAREAS PRINCIPALES/Modulo Tarea Compensacion/Solicitud certificado/a_Acta De Grado   Diploma_form_solicitudesEmpleadolistaDocumentos0j_idt2892")): Object: 'Object Repository/1-OBJECTS TAREAS PRINCIPALES/Modulo Tarea Compensacion/Solicitud certificado/a_Acta De Grado   Diploma_form_solicitudesEmpleadolistaDocumentos0j_idt2892' is clicked on

2023-04-10 08:47:01 - [MESSAGE][PASSED] - Object: 'Object Repository/1-OBJECTS TAREAS PRINCIPALES/Modulo Tarea Compensacion/Solicitud certificado/a_Acta De Grado   Diploma_form_solicitudesEmpleadolistaDocumentos0j_idt2892' is clicked on

2023-04-10 08:47:01 - [TEST_STEP][PASSED] - waitForElementClickable(findTestObject("1-OBJECTS TAREAS PRINCIPALES/Modulo Tarea Compensacion/Solicitud certificado/input_Se ha cargado el archivo_popupDocumentoNovedad"), 0): Object 'Object Repository/1-OBJECTS TAREAS PRINCIPALES/Modulo Tarea Compensacion/Solicitud certificado/input_Se ha cargado el archivo_popupDocumentoNovedad' is clickable

2023-04-10 08:47:01 - [MESSAGE][WARNING] - Timeout '0' is invalid. Using default page load timeout: '37'

2023-04-10 08:47:02 - [MESSAGE][PASSED] - Object 'Object Repository/1-OBJECTS TAREAS PRINCIPALES/Modulo Tarea Compensacion/Solicitud certificado/input_Se ha cargado el archivo_popupDocumentoNovedad' is clickable

2023-04-10 08:47:02 - [TEST_STEP][PASSED] - ra = "": null

2023-04-10 08:47:02 - [TEST_STEP][PASSED] - ruta = Systema(ra) + "certificado_personal_planta.txt": null

2023-04-10 08:47:02 - [TEST_STEP][PASSED] - RutaA = System.getProperty("os.name"): null

2023-04-10 08:47:02 - [TEST_STEP][PASSED] - if (RutaA == "Windows 10"): null

2023-04-10 08:47:02 - [TEST_STEP][PASSED] - rutaW = getProjectDir() + "/1.Requerimientos/Documento para pruebas/": null

2023-04-10 08:47:02 - [TEST_STEP][PASSED] - rutaW = rutaW.replace("/", "\"): null

2023-04-10 08:47:02 - [TEST_STEP][PASSED] - println("Esta es la ruta:" + rutaW): null

2023-04-10 08:47:02 - [TEST_STEP][PASSED] - ra = rutaW: null

2023-04-10 08:47:02 - [TEST_STEP][PASSED] - uploadFile(findTestObject("1-OBJECTS TAREAS PRINCIPALES/Modulo Tarea Compensacion/Solicitud certificado/input_Se ha cargado el archivo_popupDocumentoNovedad"), ruta): File 'C:\Users\diego.rojas\git\Pruebas-Minimas\1.Requerimientos\Documento para pruebas\certificado_personal_planta.txt' sent to object: 'Object Repository/1-OBJECTS TAREAS PRINCIPALES/Modulo Tarea Compensacion/Solicitud certificado/input_Se ha cargado el archivo_popupDocumentoNovedad'

2023-04-10 08:47:02 - [MESSAGE][PASSED] - File 'C:\Users\diego.rojas\git\Pruebas-Minimas\1.Requerimientos\Documento para pruebas\certificado_personal_planta.txt' sent to object: 'Object Repository/1-OBJECTS TAREAS PRINCIPALES/Modulo Tarea Compensacion/Solicitud certificado/input_Se ha cargado el archivo_popupDocumentoNovedad'

2023-04-10 08:47:02 - [TEST_STEP][PASSED] - waitForElementClickable(findTestObject("1-OBJECTS TAREAS PRINCIPALES/Modulo Tarea Compensacion/Solicitud certificado/input_Vigencia_popupDocumentoNovedad"), 0): Object 'Object Repository/1-OBJECTS TAREAS PRINCIPALES/Modulo Tarea Compensacion/Solicitud certificado/input_Vigencia_popupDocumentoNovedad' is clickable

2023-04-10 08:47:02 - [MESSAGE][WARNING] - Timeout '0' is invalid. Using default page load timeout: '37'

2023-04-10 08:47:03 - [MESSAGE][PASSED] - Object 'Object Repository/1-OBJECTS TAREAS PRINCIPALES/Modulo Tarea Compensacion/Solicitud certificado/input_Vigencia_popupDocumentoNovedad' is clickable

2023-04-10 08:47:03 - [TEST_STEP][PASSED] - setText(findTestObject("1-OBJECTS TAREAS PRINCIPALES/Modulo Tarea Compensacion/Solicitud certificado/input_Vigencia_popupDocumentoNovedad"), "01/07/2021"): Text '01/07/2021' is set on object 'Object Repository/1-OBJECTS TAREAS PRINCIPALES/Modulo Tarea Compensacion/Solicitud certificado/input_Vigencia_popupDocumentoNovedad'

2023-04-10 08:47:03 - [MESSAGE][PASSED] - Text '01/07/2021' is set on object 'Object Repository/1-OBJECTS TAREAS PRINCIPALES/Modulo Tarea Compensacion/Solicitud certificado/input_Vigencia_popupDocumentoNovedad'

2023-04-10 08:47:03 - [TEST_STEP][PASSED] - sendKeys(findTestObject("1-OBJECTS TAREAS PRINCIPALES/Modulo Tarea Compensacion/Solicitud certificado/input_Vigencia_popupDocumentoNovedad_formvigencia_input"), Keys.chord(ESCAPE)): Keys 'ESCAPE + ' sent to object: 'Object Repository/1-OBJECTS TAREAS PRINCIPALES/Modulo Tarea Compensacion/Solicitud certificado/input_Vigencia_popupDocumentoNovedad_formvigencia_input'

2023-04-10 08:47:04 - [MESSAGE][PASSED] - Keys 'ESCAPE + ' sent to object: 'Object Repository/1-OBJECTS TAREAS PRINCIPALES/Modulo Tarea Compensacion/Solicitud certificado/input_Vigencia_popupDocumentoNovedad_formvigencia_input'

2023-04-10 08:47:04 - [TEST_STEP][PASSED] - setText(findTestObject("1-OBJECTS TAREAS PRINCIPALES/Modulo Tarea Compensacion/Solicitud certificado/textarea_Observacin_popupDocumentoNovedad_formobservacion"), "PRUEBA"): Text 'PRUEBA' is set on object 'Object Repository/1-OBJECTS TAREAS PRINCIPALES/Modulo Tarea Compensacion/Solicitud certificado/textarea_Observacin_popupDocumentoNovedad_formobservacion'

2023-04-10 08:47:05 - [MESSAGE][PASSED] - Text 'PRUEBA' is set on object 'Object Repository/1-OBJECTS TAREAS PRINCIPALES/Modulo Tarea Compensacion/Solicitud certificado/textarea_Observacin_popupDocumentoNovedad_formobservacion'

2023-04-10 08:47:05 - [TEST_STEP][PASSED] - click(findTestObject("1-OBJECTS TAREAS PRINCIPALES/Modulo Tarea Compensacion/Solicitud certificado/a_Guardar_Solicitud")): Object: 'Object Repository/1-OBJECTS TAREAS PRINCIPALES/Modulo Tarea Compensacion/Solicitud certificado/a_Guardar_Solicitud' is clicked on

2023-04-10 08:47:05 - [MESSAGE][PASSED] - Object: 'Object Repository/1-OBJECTS TAREAS PRINCIPALES/Modulo Tarea Compensacion/Solicitud certificado/a_Guardar_Solicitud' is clicked on

2023-04-10 08:47:05 - [TEST_STEP][PASSED] - waitForElementClickable(findTestObject("1-OBJECTS TAREAS PRINCIPALES/Modulo Tarea Compensacion/Solicitud certificado/a_Guardar"), 0): Object 'Object Repository/1-OBJECTS TAREAS PRINCIPALES/Modulo Tarea Compensacion/Solicitud certificado/a_Guardar' is clickable

2023-04-10 08:47:05 - [MESSAGE][WARNING] - Timeout '0' is invalid. Using default page load timeout: '37'

2023-04-10 08:47:06 - [MESSAGE][PASSED] - Object 'Object Repository/1-OBJECTS TAREAS PRINCIPALES/Modulo Tarea Compensacion/Solicitud certificado/a_Guardar' is clickable

2023-04-10 08:47:06 - [TEST_STEP][PASSED] - click(findTestObject("1-OBJECTS TAREAS PRINCIPALES/Modulo Tarea Compensacion/Solicitud certificado/a_Guardar")): Object: 'Object Repository/1-OBJECTS TAREAS PRINCIPALES/Modulo Tarea Compensacion/Solicitud certificado/a_Guardar' is clicked on

2023-04-10 08:47:06 - [MESSAGE][PASSED] - Object: 'Object Repository/1-OBJECTS TAREAS PRINCIPALES/Modulo Tarea Compensacion/Solicitud certificado/a_Guardar' is clicked on

2023-04-10 08:47:06 - [TEST_STEP][PASSED] - Alerta = getText(findTestObject("3-OBJECTS UTILIDADES/Alerta/Alerta")): Text of object 'Object Repository/3-OBJECTS UTILIDADES/Alerta/Alerta' is: 'SE PROCESARÁ SU SOLICITUD'

2023-04-10 08:47:07 - [MESSAGE][PASSED] - Text of object 'Object Repository/3-OBJECTS UTILIDADES/Alerta/Alerta' is: 'SE PROCESARÁ SU SOLICITUD'

2023-04-10 08:47:07 - [TEST_STEP][PASSED] - if (Alerta == "SE PROCESARÁ SU SOLICITUD"): Browser is closed

2023-04-10 08:47:07 - [TEST_STEP][PASSED] - closeBrowser(): Browser is closed

2023-04-10 08:47:08 - [MESSAGE][PASSED] - Browser is closed]]></system-out>
         <system-err><![CDATA[]]></system-err>
      </testcase>
      <testcase name="Test Cases/1.1-Tareas Principales/1.2.6-Legalizar Solicitud Nov Empleado" time="63.191" classname="Test Cases/1.1-Tareas Principales/1.2.6-Legalizar Solicitud Nov Empleado" status="PASSED">
         <system-out><![CDATA[2023-04-10 08:47:08 - [TEST_CASE][PASSED] - Test Cases/1.1-Tareas Principales/1.2.6-Legalizar Solicitud Nov Empleado: Test Cases/1.1-Tareas Principales/1.2.6-Legalizar Solicitud Nov Empleado

2023-04-10 08:47:08 - [TEST_STEP][PASSED] - callTestCase(findTestCase("Utilidades-(atajos_para _tareas)/Tareas Administracion Compensacion/Tarea Aplicacion Nov. Empleado"), [:], STOP_ON_FAILURE): Call Test Case 'Test Cases/Utilidades-(atajos_para _tareas)/Tareas Administracion Compensacion/Tarea Aplicacion Nov. Empleado' successfully

2023-04-10 08:47:08 - [TEST_CASE][PASSED] - Test Cases/Utilidades-(atajos_para _tareas)/Tareas Administracion Compensacion/Tarea Aplicacion Nov. Empleado: Test Cases/Utilidades-(atajos_para _tareas)/Tareas Administracion Compensacion/Tarea Aplicacion Nov. Empleado

2023-04-10 08:47:08 - [TEST_STEP][PASSED] - callTestCase(findTestCase("0.1-Login"), [:], STOP_ON_FAILURE): Call Test Case 'Test Cases/0.1-Login' successfully

2023-04-10 08:47:08 - [TEST_CASE][PASSED] - Test Cases/0.1-Login: Test Cases/0.1-Login

2023-04-10 08:47:08 - [TEST_STEP][PASSED] - openBrowser(""): Browser is opened with url: ''

2023-04-10 08:47:08 - [MESSAGE][INFO] - Starting 'Chrome' driver

2023-04-10 08:47:08 - [MESSAGE][INFO] - Action delay is set to 0 milliseconds

2023-04-10 08:47:10 - [MESSAGE][PASSED] - Browser is opened with url: ''

2023-04-10 08:47:10 - [TEST_STEP][PASSED] - maximizeWindow(): Current window maximized

2023-04-10 08:47:10 - [MESSAGE][PASSED] - Current window maximized

2023-04-10 08:47:10 - [TEST_STEP][PASSED] - i = G_Login: null

2023-04-10 08:47:10 - [TEST_STEP][PASSED] - url = new java.net.URL(i): null

2023-04-10 08:47:10 - [TEST_STEP][PASSED] - println("URL: " + url.toString()): null

2023-04-10 08:47:10 - [TEST_STEP][PASSED] - connection = url.openConnection(): null

2023-04-10 08:47:10 - [TEST_STEP][PASSED] - connection.setRequestMethod("GET"): null

2023-04-10 08:47:10 - [TEST_STEP][PASSED] - connection.setReadTimeout(2 * 1000): null

2023-04-10 08:47:10 - [TEST_STEP][PASSED] - try: null

2023-04-10 08:47:10 - [TEST_STEP][PASSED] - connection.connect(): null

2023-04-10 08:47:10 - [TEST_STEP][PASSED] - flag = connected: null

2023-04-10 08:47:10 - [TEST_STEP][PASSED] - println("Valor_ori: " + flag): null

2023-04-10 08:47:10 - [TEST_STEP][PASSED] - if (flag): null

2023-04-10 08:47:10 - [TEST_STEP][PASSED] - navigateToUrl(i): Navigate to 'http://192.168.2.19:8380/saraweb' successfully

2023-04-10 08:47:10 - [MESSAGE][PASSED] - Navigate to 'http://192.168.2.19:8380/saraweb' successfully

2023-04-10 08:47:10 - [TEST_STEP][PASSED] - a(): null

2023-04-10 08:47:10 - [TEST_STEP][PASSED] - if (waitForElementVisible(findTestObject("3-OBJECTS UTILIDADES/Login/input_USUARIO_loginusuario"), 0)): null

2023-04-10 08:47:10 - [MESSAGE][WARNING] - Timeout '0' is invalid. Using default page load timeout: '37'

2023-04-10 08:47:11 - [MESSAGE][PASSED] - Object 'Object Repository/3-OBJECTS UTILIDADES/Login/input_USUARIO_loginusuario' is visible

2023-04-10 08:47:11 - [TEST_STEP][PASSED] - switchToWindowTitle("SARA"): Switched to window with title: 'SARA'

2023-04-10 08:47:11 - [MESSAGE][PASSED] - Switched to window with title: 'SARA'

2023-04-10 08:47:11 - [TEST_STEP][PASSED] - zoom(): null

2023-04-10 08:47:11 - [TEST_STEP][PASSED] - robot = new java.awt.Robot(): null

2023-04-10 08:47:11 - [TEST_STEP][PASSED] - robot.keyPress(VK_CONTROL): null

2023-04-10 08:47:11 - [TEST_STEP][PASSED] - robot.keyPress(VK_SUBTRACT): null

2023-04-10 08:47:11 - [TEST_STEP][PASSED] - robot.keyRelease(VK_CONTROL): null

2023-04-10 08:47:11 - [TEST_STEP][PASSED] - robot.keyRelease(VK_SUBTRACT): null

2023-04-10 08:47:11 - [TEST_STEP][PASSED] - robot.keyPress(VK_CONTROL): null

2023-04-10 08:47:11 - [TEST_STEP][PASSED] - robot.keyPress(VK_SUBTRACT): null

2023-04-10 08:47:11 - [TEST_STEP][PASSED] - robot.keyRelease(VK_CONTROL): null

2023-04-10 08:47:11 - [TEST_STEP][PASSED] - robot.keyRelease(VK_SUBTRACT): null

2023-04-10 08:47:11 - [TEST_STEP][PASSED] - robot.keyPress(VK_CONTROL): null

2023-04-10 08:47:11 - [TEST_STEP][PASSED] - robot.keyPress(VK_SUBTRACT): null

2023-04-10 08:47:11 - [TEST_STEP][PASSED] - robot.keyRelease(VK_CONTROL): null

2023-04-10 08:47:11 - [TEST_STEP][PASSED] - robot.keyRelease(VK_SUBTRACT): null

2023-04-10 08:47:11 - [TEST_STEP][PASSED] - robot.keyRelease(VK_CONTROL): null

2023-04-10 08:47:11 - [TEST_STEP][PASSED] - robot.keyRelease(VK_SUBTRACT): null

2023-04-10 08:47:11 - [TEST_STEP][PASSED] - setText(findTestObject("3-OBJECTS UTILIDADES/Login/input_USUARIO_loginusuario"), G_Usuario): Text 'saraadmin' is set on object 'Object Repository/3-OBJECTS UTILIDADES/Login/input_USUARIO_loginusuario'

2023-04-10 08:47:12 - [MESSAGE][PASSED] - Text 'saraadmin' is set on object 'Object Repository/3-OBJECTS UTILIDADES/Login/input_USUARIO_loginusuario'

2023-04-10 08:47:12 - [TEST_STEP][PASSED] - setEncryptedText(findTestObject("3-OBJECTS UTILIDADES/Login/input_CLAVE_loginpassword"), "SlAwMcyRKqrwbnzhAs8HhT6NnI7sEyng"): Text ****** has been set on object 'Object Repository/3-OBJECTS UTILIDADES/Login/input_CLAVE_loginpassword'

2023-04-10 08:47:13 - [MESSAGE][PASSED] - Text ****** has been set on object 'Object Repository/3-OBJECTS UTILIDADES/Login/input_CLAVE_loginpassword'

2023-04-10 08:47:13 - [TEST_STEP][PASSED] - while (waitForElementClickable(findTestObject("3-OBJECTS UTILIDADES/Login/a_Ingresar"), 1)): Web element with id: 'Object Repository/3-OBJECTS UTILIDADES/Login/a_Ingresar' located by '//a[contains(text(),'Ingresar')]' not found

2023-04-10 08:47:16 - [MESSAGE][INFO] - Unable to find the element located by 'By.xpath: //a[contains(text(),'Ingresar')]'. Please recheck the objects properties to make sure the desired element is located. 

2023-04-10 08:47:16 - [MESSAGE][WARNING] - Web element with id: 'Object Repository/3-OBJECTS UTILIDADES/Login/a_Ingresar' located by '//a[contains(text(),'Ingresar')]' not found

2023-04-10 08:47:16 - [MESSAGE][PASSED] - Call Test Case 'Test Cases/0.1-Login' successfully

2023-04-10 08:47:16 - [TEST_STEP][PASSED] - waitForElementVisible(findTestObject("1-OBJECTS TAREAS PRINCIPALES/Modulo Tarea Compensacion/Tarea Aplicacion Nov. Empleado/input_Listado Hojas De Vida_form_templatej_idt24_input"), 0): Object 'Object Repository/1-OBJECTS TAREAS PRINCIPALES/Modulo Tarea Compensacion/Tarea Aplicacion Nov. Empleado/input_Listado Hojas De Vida_form_templatej_idt24_input' is visible

2023-04-10 08:47:16 - [MESSAGE][WARNING] - Timeout '0' is invalid. Using default page load timeout: '37'

2023-04-10 08:47:16 - [MESSAGE][PASSED] - Object 'Object Repository/1-OBJECTS TAREAS PRINCIPALES/Modulo Tarea Compensacion/Tarea Aplicacion Nov. Empleado/input_Listado Hojas De Vida_form_templatej_idt24_input' is visible

2023-04-10 08:47:16 - [TEST_STEP][PASSED] - setText(findTestObject("1-OBJECTS TAREAS PRINCIPALES/Modulo Tarea Compensacion/Tarea Aplicacion Nov. Empleado/input_Listado Hojas De Vida_form_templatej_idt24_input"), "Aplicacion Nov. Empleado"): Text 'Aplicacion Nov. Empleado' is set on object 'Object Repository/1-OBJECTS TAREAS PRINCIPALES/Modulo Tarea Compensacion/Tarea Aplicacion Nov. Empleado/input_Listado Hojas De Vida_form_templatej_idt24_input'

2023-04-10 08:47:17 - [MESSAGE][PASSED] - Text 'Aplicacion Nov. Empleado' is set on object 'Object Repository/1-OBJECTS TAREAS PRINCIPALES/Modulo Tarea Compensacion/Tarea Aplicacion Nov. Empleado/input_Listado Hojas De Vida_form_templatej_idt24_input'

2023-04-10 08:47:17 - [TEST_STEP][PASSED] - waitForElementVisible(findTestObject("1-OBJECTS TAREAS PRINCIPALES/Modulo Tarea Compensacion/Tarea Aplicacion Nov. Empleado/span_Tarea Aplicacion Nov"), 0): Object 'Object Repository/1-OBJECTS TAREAS PRINCIPALES/Modulo Tarea Compensacion/Tarea Aplicacion Nov. Empleado/span_Tarea Aplicacion Nov' is visible

2023-04-10 08:47:17 - [MESSAGE][WARNING] - Timeout '0' is invalid. Using default page load timeout: '37'

2023-04-10 08:47:18 - [MESSAGE][PASSED] - Object 'Object Repository/1-OBJECTS TAREAS PRINCIPALES/Modulo Tarea Compensacion/Tarea Aplicacion Nov. Empleado/span_Tarea Aplicacion Nov' is visible

2023-04-10 08:47:18 - [TEST_STEP][PASSED] - click(findTestObject("1-OBJECTS TAREAS PRINCIPALES/Modulo Tarea Compensacion/Tarea Aplicacion Nov. Empleado/span_Tarea Aplicacion Nov"), STOP_ON_FAILURE): Object: 'Object Repository/1-OBJECTS TAREAS PRINCIPALES/Modulo Tarea Compensacion/Tarea Aplicacion Nov. Empleado/span_Tarea Aplicacion Nov' is clicked on

2023-04-10 08:47:19 - [MESSAGE][PASSED] - Object: 'Object Repository/1-OBJECTS TAREAS PRINCIPALES/Modulo Tarea Compensacion/Tarea Aplicacion Nov. Empleado/span_Tarea Aplicacion Nov' is clicked on

2023-04-10 08:47:19 - [MESSAGE][PASSED] - Call Test Case 'Test Cases/Utilidades-(atajos_para _tareas)/Tareas Administracion Compensacion/Tarea Aplicacion Nov. Empleado' successfully

2023-04-10 08:47:19 - [TEST_STEP][PASSED] - waitForElementClickable(findTestObject("1-OBJECTS TAREAS PRINCIPALES/Modulo Tarea Compensacion/Legalizar Solicitud Nov Empelado/a_Ausentismo_Por Autorizar"), 0): Object 'Object Repository/1-OBJECTS TAREAS PRINCIPALES/Modulo Tarea Compensacion/Legalizar Solicitud Nov Empelado/a_Ausentismo_Por Autorizar' is clickable

2023-04-10 08:47:19 - [MESSAGE][WARNING] - Timeout '0' is invalid. Using default page load timeout: '37'

2023-04-10 08:47:21 - [MESSAGE][PASSED] - Object 'Object Repository/1-OBJECTS TAREAS PRINCIPALES/Modulo Tarea Compensacion/Legalizar Solicitud Nov Empelado/a_Ausentismo_Por Autorizar' is clickable

2023-04-10 08:47:21 - [TEST_STEP][PASSED] - click(findTestObject("1-OBJECTS TAREAS PRINCIPALES/Modulo Tarea Compensacion/Legalizar Solicitud Nov Empelado/a_Ausentismo_Por Autorizar")): Object: 'Object Repository/1-OBJECTS TAREAS PRINCIPALES/Modulo Tarea Compensacion/Legalizar Solicitud Nov Empelado/a_Ausentismo_Por Autorizar' is clicked on

2023-04-10 08:47:21 - [MESSAGE][PASSED] - Object: 'Object Repository/1-OBJECTS TAREAS PRINCIPALES/Modulo Tarea Compensacion/Legalizar Solicitud Nov Empelado/a_Ausentismo_Por Autorizar' is clicked on

2023-04-10 08:47:21 - [TEST_STEP][PASSED] - if (waitForElementClickable(findTestObject("1-OBJECTS TAREAS PRINCIPALES/Modulo Tarea Compensacion/Legalizar Solicitud Nov Empelado/span_Consta Belfegord . Jhon"), 1)): Web element with id: 'Object Repository/1-OBJECTS TAREAS PRINCIPALES/Modulo Tarea Compensacion/Legalizar Solicitud Nov Empelado/span_Consta Belfegord . Jhon' located by '//*/text()[normalize-space(.)='Constantino . Jhon']/parent::*' not found

2023-04-10 08:47:23 - [MESSAGE][INFO] - Unable to find the element located by 'By.xpath: //*/text()[normalize-space(.)='Constantino . Jhon']/parent::*'. Please recheck the objects properties to make sure the desired element is located. 

2023-04-10 08:47:23 - [MESSAGE][WARNING] - Web element with id: 'Object Repository/1-OBJECTS TAREAS PRINCIPALES/Modulo Tarea Compensacion/Legalizar Solicitud Nov Empelado/span_Consta Belfegord . Jhon' located by '//*/text()[normalize-space(.)='Constantino . Jhon']/parent::*' not found

2023-04-10 08:47:23 - [TEST_STEP][PASSED] - else: Object: 'Object Repository/1-OBJECTS TAREAS PRINCIPALES/Modulo Tarea Compensacion/Legalizar Solicitud Nov Empelado/a_Continuar_Por Autorizar' is clicked on

2023-04-10 08:47:23 - [TEST_STEP][PASSED] - callTestCase(findTestCase("1.1-Tareas Principales/1.2.3-Legalizar Licencia Remunerada"), [:], STOP_ON_FAILURE): Call Test Case 'Test Cases/1.1-Tareas Principales/1.2.3-Legalizar Licencia Remunerada' successfully

2023-04-10 08:47:24 - [TEST_CASE][PASSED] - Test Cases/1.1-Tareas Principales/1.2.3-Legalizar Licencia Remunerada: Test Cases/1.1-Tareas Principales/1.2.3-Legalizar Licencia Remunerada

2023-04-10 08:47:24 - [TEST_STEP][PASSED] - callTestCase(findTestCase("Utilidades-(atajos_para _tareas)/Tareas Administracion Compensacion/Tarea Listado Empleados"), [:], STOP_ON_FAILURE): Call Test Case 'Test Cases/Utilidades-(atajos_para _tareas)/Tareas Administracion Compensacion/Tarea Listado Empleados' successfully

2023-04-10 08:47:24 - [TEST_CASE][PASSED] - Test Cases/Utilidades-(atajos_para _tareas)/Tareas Administracion Compensacion/Tarea Listado Empleados: Test Cases/Utilidades-(atajos_para _tareas)/Tareas Administracion Compensacion/Tarea Listado Empleados

2023-04-10 08:47:24 - [TEST_STEP][PASSED] - callTestCase(findTestCase("0.1-Login"), [:], STOP_ON_FAILURE): Call Test Case 'Test Cases/0.1-Login' successfully

2023-04-10 08:47:24 - [TEST_CASE][PASSED] - Test Cases/0.1-Login: Test Cases/0.1-Login

2023-04-10 08:47:24 - [TEST_STEP][PASSED] - openBrowser(""): Browser is opened with url: ''

2023-04-10 08:47:24 - [MESSAGE][WARNING] - A browser is already opened. Closing browser and opening a new one

2023-04-10 08:47:24 - [MESSAGE][INFO] - Starting 'Chrome' driver

2023-04-10 08:47:24 - [MESSAGE][INFO] - Action delay is set to 0 milliseconds

2023-04-10 08:47:26 - [MESSAGE][PASSED] - Browser is opened with url: ''

2023-04-10 08:47:26 - [TEST_STEP][PASSED] - maximizeWindow(): Current window maximized

2023-04-10 08:47:26 - [MESSAGE][PASSED] - Current window maximized

2023-04-10 08:47:26 - [TEST_STEP][PASSED] - i = G_Login: null

2023-04-10 08:47:26 - [TEST_STEP][PASSED] - url = new java.net.URL(i): null

2023-04-10 08:47:26 - [TEST_STEP][PASSED] - println("URL: " + url.toString()): null

2023-04-10 08:47:26 - [TEST_STEP][PASSED] - connection = url.openConnection(): null

2023-04-10 08:47:26 - [TEST_STEP][PASSED] - connection.setRequestMethod("GET"): null

2023-04-10 08:47:26 - [TEST_STEP][PASSED] - connection.setReadTimeout(2 * 1000): null

2023-04-10 08:47:26 - [TEST_STEP][PASSED] - try: null

2023-04-10 08:47:26 - [TEST_STEP][PASSED] - connection.connect(): null

2023-04-10 08:47:26 - [TEST_STEP][PASSED] - flag = connected: null

2023-04-10 08:47:26 - [TEST_STEP][PASSED] - println("Valor_ori: " + flag): null

2023-04-10 08:47:26 - [TEST_STEP][PASSED] - if (flag): null

2023-04-10 08:47:26 - [TEST_STEP][PASSED] - navigateToUrl(i): Navigate to 'http://192.168.2.19:8380/saraweb' successfully

2023-04-10 08:47:26 - [MESSAGE][PASSED] - Navigate to 'http://192.168.2.19:8380/saraweb' successfully

2023-04-10 08:47:26 - [TEST_STEP][PASSED] - a(): null

2023-04-10 08:47:26 - [TEST_STEP][PASSED] - if (waitForElementVisible(findTestObject("3-OBJECTS UTILIDADES/Login/input_USUARIO_loginusuario"), 0)): null

2023-04-10 08:47:26 - [MESSAGE][WARNING] - Timeout '0' is invalid. Using default page load timeout: '37'

2023-04-10 08:47:27 - [MESSAGE][PASSED] - Object 'Object Repository/3-OBJECTS UTILIDADES/Login/input_USUARIO_loginusuario' is visible

2023-04-10 08:47:27 - [TEST_STEP][PASSED] - switchToWindowTitle("SARA"): Switched to window with title: 'SARA'

2023-04-10 08:47:27 - [MESSAGE][PASSED] - Switched to window with title: 'SARA'

2023-04-10 08:47:27 - [TEST_STEP][PASSED] - zoom(): null

2023-04-10 08:47:27 - [TEST_STEP][PASSED] - robot = new java.awt.Robot(): null

2023-04-10 08:47:27 - [TEST_STEP][PASSED] - robot.keyPress(VK_CONTROL): null

2023-04-10 08:47:27 - [TEST_STEP][PASSED] - robot.keyPress(VK_SUBTRACT): null

2023-04-10 08:47:27 - [TEST_STEP][PASSED] - robot.keyRelease(VK_CONTROL): null

2023-04-10 08:47:27 - [TEST_STEP][PASSED] - robot.keyRelease(VK_SUBTRACT): null

2023-04-10 08:47:27 - [TEST_STEP][PASSED] - robot.keyPress(VK_CONTROL): null

2023-04-10 08:47:27 - [TEST_STEP][PASSED] - robot.keyPress(VK_SUBTRACT): null

2023-04-10 08:47:27 - [TEST_STEP][PASSED] - robot.keyRelease(VK_CONTROL): null

2023-04-10 08:47:27 - [TEST_STEP][PASSED] - robot.keyRelease(VK_SUBTRACT): null

2023-04-10 08:47:27 - [TEST_STEP][PASSED] - robot.keyPress(VK_CONTROL): null

2023-04-10 08:47:27 - [TEST_STEP][PASSED] - robot.keyPress(VK_SUBTRACT): null

2023-04-10 08:47:27 - [TEST_STEP][PASSED] - robot.keyRelease(VK_CONTROL): null

2023-04-10 08:47:27 - [TEST_STEP][PASSED] - robot.keyRelease(VK_SUBTRACT): null

2023-04-10 08:47:27 - [TEST_STEP][PASSED] - robot.keyRelease(VK_CONTROL): null

2023-04-10 08:47:27 - [TEST_STEP][PASSED] - robot.keyRelease(VK_SUBTRACT): null

2023-04-10 08:47:27 - [TEST_STEP][PASSED] - setText(findTestObject("3-OBJECTS UTILIDADES/Login/input_USUARIO_loginusuario"), G_Usuario): Text 'saraadmin' is set on object 'Object Repository/3-OBJECTS UTILIDADES/Login/input_USUARIO_loginusuario'

2023-04-10 08:47:27 - [MESSAGE][PASSED] - Text 'saraadmin' is set on object 'Object Repository/3-OBJECTS UTILIDADES/Login/input_USUARIO_loginusuario'

2023-04-10 08:47:27 - [TEST_STEP][PASSED] - setEncryptedText(findTestObject("3-OBJECTS UTILIDADES/Login/input_CLAVE_loginpassword"), "SlAwMcyRKqrwbnzhAs8HhT6NnI7sEyng"): Text ****** has been set on object 'Object Repository/3-OBJECTS UTILIDADES/Login/input_CLAVE_loginpassword'

2023-04-10 08:47:28 - [MESSAGE][PASSED] - Text ****** has been set on object 'Object Repository/3-OBJECTS UTILIDADES/Login/input_CLAVE_loginpassword'

2023-04-10 08:47:28 - [TEST_STEP][PASSED] - while (waitForElementClickable(findTestObject("3-OBJECTS UTILIDADES/Login/a_Ingresar"), 1)): Web element with id: 'Object Repository/3-OBJECTS UTILIDADES/Login/a_Ingresar' located by '//a[contains(text(),'Ingresar')]' not found

2023-04-10 08:47:31 - [MESSAGE][INFO] - Unable to find the element located by 'By.xpath: //a[contains(text(),'Ingresar')]'. Please recheck the objects properties to make sure the desired element is located. 

2023-04-10 08:47:31 - [MESSAGE][WARNING] - Web element with id: 'Object Repository/3-OBJECTS UTILIDADES/Login/a_Ingresar' located by '//a[contains(text(),'Ingresar')]' not found

2023-04-10 08:47:31 - [MESSAGE][PASSED] - Call Test Case 'Test Cases/0.1-Login' successfully

2023-04-10 08:47:31 - [TEST_STEP][PASSED] - setText(findTestObject("1-OBJECTS TAREAS PRINCIPALES/Modulo Tarea Listado Hojas de Vida/Tareas Listado Hojas de Vida/input_Listado Hojas De Vida_form_templatej_idt24_input"), "Listado de Empleados"): Text 'Listado de Empleados' is set on object 'Object Repository/1-OBJECTS TAREAS PRINCIPALES/Modulo Tarea Listado Hojas de Vida/Tareas Listado Hojas de Vida/input_Listado Hojas De Vida_form_templatej_idt24_input'

2023-04-10 08:47:31 - [MESSAGE][PASSED] - Text 'Listado de Empleados' is set on object 'Object Repository/1-OBJECTS TAREAS PRINCIPALES/Modulo Tarea Listado Hojas de Vida/Tareas Listado Hojas de Vida/input_Listado Hojas De Vida_form_templatej_idt24_input'

2023-04-10 08:47:31 - [TEST_STEP][PASSED] - waitForElementVisible(findTestObject("1-OBJECTS TAREAS PRINCIPALES/Modulo Tarea Listado Hojas de Vida/Tareas Listado Hojas de Vida/span_Listado de Empleados"), 0): Object 'Object Repository/1-OBJECTS TAREAS PRINCIPALES/Modulo Tarea Listado Hojas de Vida/Tareas Listado Hojas de Vida/span_Listado de Empleados' is visible

2023-04-10 08:47:32 - [MESSAGE][WARNING] - Timeout '0' is invalid. Using default page load timeout: '37'

2023-04-10 08:47:33 - [MESSAGE][PASSED] - Object 'Object Repository/1-OBJECTS TAREAS PRINCIPALES/Modulo Tarea Listado Hojas de Vida/Tareas Listado Hojas de Vida/span_Listado de Empleados' is visible

2023-04-10 08:47:33 - [TEST_STEP][PASSED] - click(findTestObject("1-OBJECTS TAREAS PRINCIPALES/Modulo Tarea Listado Hojas de Vida/Tareas Listado Hojas de Vida/span_Listado de Empleados")): Object: 'Object Repository/1-OBJECTS TAREAS PRINCIPALES/Modulo Tarea Listado Hojas de Vida/Tareas Listado Hojas de Vida/span_Listado de Empleados' is clicked on

2023-04-10 08:47:33 - [MESSAGE][PASSED] - Object: 'Object Repository/1-OBJECTS TAREAS PRINCIPALES/Modulo Tarea Listado Hojas de Vida/Tareas Listado Hojas de Vida/span_Listado de Empleados' is clicked on

2023-04-10 08:47:33 - [MESSAGE][PASSED] - Call Test Case 'Test Cases/Utilidades-(atajos_para _tareas)/Tareas Administracion Compensacion/Tarea Listado Empleados' successfully

2023-04-10 08:47:33 - [TEST_STEP][PASSED] - waitForElementClickable(findTestObject("1-OBJECTS TAREAS PRINCIPALES/Modulo Tarea Compensacion/Legalizar licencia Remunerada/input_Identificacin_listadoEmp"), 0): Object 'Object Repository/1-OBJECTS TAREAS PRINCIPALES/Modulo Tarea Compensacion/Legalizar licencia Remunerada/input_Identificacin_listadoEmp' is clickable

2023-04-10 08:47:33 - [MESSAGE][WARNING] - Timeout '0' is invalid. Using default page load timeout: '37'

2023-04-10 08:47:35 - [MESSAGE][PASSED] - Object 'Object Repository/1-OBJECTS TAREAS PRINCIPALES/Modulo Tarea Compensacion/Legalizar licencia Remunerada/input_Identificacin_listadoEmp' is clickable

2023-04-10 08:47:35 - [TEST_STEP][PASSED] - setText(findTestObject("1-OBJECTS TAREAS PRINCIPALES/Modulo Tarea Compensacion/Legalizar licencia Remunerada/input_Identificacin_listadoEmp"), "354968431354"): Text '354968431354' is set on object 'Object Repository/1-OBJECTS TAREAS PRINCIPALES/Modulo Tarea Compensacion/Legalizar licencia Remunerada/input_Identificacin_listadoEmp'

2023-04-10 08:47:36 - [MESSAGE][PASSED] - Text '354968431354' is set on object 'Object Repository/1-OBJECTS TAREAS PRINCIPALES/Modulo Tarea Compensacion/Legalizar licencia Remunerada/input_Identificacin_listadoEmp'

2023-04-10 08:47:36 - [TEST_STEP][PASSED] - sendKeys(findTestObject("1-OBJECTS TAREAS PRINCIPALES/Modulo Tarea Compensacion/Legalizar licencia Remunerada/input_Identificacin_listadoEmp"), Keys.chord(ENTER)): Keys 'ENTER + ' sent to object: 'Object Repository/1-OBJECTS TAREAS PRINCIPALES/Modulo Tarea Compensacion/Legalizar licencia Remunerada/input_Identificacin_listadoEmp'

2023-04-10 08:47:36 - [MESSAGE][PASSED] - Keys 'ENTER + ' sent to object: 'Object Repository/1-OBJECTS TAREAS PRINCIPALES/Modulo Tarea Compensacion/Legalizar licencia Remunerada/input_Identificacin_listadoEmp'

2023-04-10 08:47:36 - [TEST_STEP][PASSED] - click(findTestObject("1-OBJECTS TAREAS PRINCIPALES/Modulo Tarea Compensacion/Legalizar licencia Remunerada/span_CONSTA BELFEGORD JHON")): Object: 'Object Repository/1-OBJECTS TAREAS PRINCIPALES/Modulo Tarea Compensacion/Legalizar licencia Remunerada/span_CONSTA BELFEGORD JHON' is clicked on

2023-04-10 08:47:37 - [MESSAGE][PASSED] - Object: 'Object Repository/1-OBJECTS TAREAS PRINCIPALES/Modulo Tarea Compensacion/Legalizar licencia Remunerada/span_CONSTA BELFEGORD JHON' is clicked on

2023-04-10 08:47:37 - [TEST_STEP][PASSED] - click(findTestObject("1-OBJECTS TAREAS PRINCIPALES/Modulo Tarea Compensacion/Legalizar licencia Remunerada/span_Licencia")): Object: 'Object Repository/1-OBJECTS TAREAS PRINCIPALES/Modulo Tarea Compensacion/Legalizar licencia Remunerada/span_Licencia' is clicked on

2023-04-10 08:47:38 - [MESSAGE][PASSED] - Object: 'Object Repository/1-OBJECTS TAREAS PRINCIPALES/Modulo Tarea Compensacion/Legalizar licencia Remunerada/span_Licencia' is clicked on

2023-04-10 08:47:38 - [TEST_STEP][PASSED] - if (waitForElementClickable(findTestObject("1-OBJECTS TAREAS PRINCIPALES/Modulo Tarea Compensacion/Legalizar licencia Remunerada/td_Licencia Remunerada"), 1)): null

2023-04-10 08:47:38 - [MESSAGE][PASSED] - Object 'Object Repository/1-OBJECTS TAREAS PRINCIPALES/Modulo Tarea Compensacion/Legalizar licencia Remunerada/td_Licencia Remunerada' is clickable

2023-04-10 08:47:38 - [TEST_STEP][PASSED] - click(findTestObject("1-OBJECTS TAREAS PRINCIPALES/Modulo Tarea Compensacion/Legalizar licencia Remunerada/td_Licencia Remunerada")): Object: 'Object Repository/1-OBJECTS TAREAS PRINCIPALES/Modulo Tarea Compensacion/Legalizar licencia Remunerada/td_Licencia Remunerada' is clicked on

2023-04-10 08:47:39 - [MESSAGE][PASSED] - Object: 'Object Repository/1-OBJECTS TAREAS PRINCIPALES/Modulo Tarea Compensacion/Legalizar licencia Remunerada/td_Licencia Remunerada' is clicked on

2023-04-10 08:47:39 - [TEST_STEP][PASSED] - waitForElementClickable(findTestObject("1-OBJECTS TAREAS PRINCIPALES/Modulo Tarea Compensacion/Legalizar licencia Remunerada/a_Eliminar Directo_Licencia"), 0): Object 'Object Repository/1-OBJECTS TAREAS PRINCIPALES/Modulo Tarea Compensacion/Legalizar licencia Remunerada/a_Eliminar Directo_Licencia' is clickable

2023-04-10 08:47:39 - [MESSAGE][WARNING] - Timeout '0' is invalid. Using default page load timeout: '37'

2023-04-10 08:47:40 - [MESSAGE][PASSED] - Object 'Object Repository/1-OBJECTS TAREAS PRINCIPALES/Modulo Tarea Compensacion/Legalizar licencia Remunerada/a_Eliminar Directo_Licencia' is clickable

2023-04-10 08:47:40 - [TEST_STEP][PASSED] - click(findTestObject("1-OBJECTS TAREAS PRINCIPALES/Modulo Tarea Compensacion/Legalizar licencia Remunerada/a_Eliminar Directo_Licencia")): Object: 'Object Repository/1-OBJECTS TAREAS PRINCIPALES/Modulo Tarea Compensacion/Legalizar licencia Remunerada/a_Eliminar Directo_Licencia' is clicked on

2023-04-10 08:47:40 - [MESSAGE][PASSED] - Object: 'Object Repository/1-OBJECTS TAREAS PRINCIPALES/Modulo Tarea Compensacion/Legalizar licencia Remunerada/a_Eliminar Directo_Licencia' is clicked on

2023-04-10 08:47:40 - [TEST_STEP][PASSED] - click(findTestObject("1-OBJECTS TAREAS PRINCIPALES/Modulo Tarea Compensacion/Legalizar licencia Remunerada/a_Aceptar_Eliminar Licencia")): Object: 'Object Repository/1-OBJECTS TAREAS PRINCIPALES/Modulo Tarea Compensacion/Legalizar licencia Remunerada/a_Aceptar_Eliminar Licencia' is clicked on

2023-04-10 08:47:41 - [MESSAGE][PASSED] - Object: 'Object Repository/1-OBJECTS TAREAS PRINCIPALES/Modulo Tarea Compensacion/Legalizar licencia Remunerada/a_Aceptar_Eliminar Licencia' is clicked on

2023-04-10 08:47:41 - [TEST_STEP][PASSED] - click(findTestObject("1-OBJECTS TAREAS PRINCIPALES/Modulo Tarea Compensacion/Legalizar licencia Remunerada/a_Histrico")): Object: 'Object Repository/1-OBJECTS TAREAS PRINCIPALES/Modulo Tarea Compensacion/Legalizar licencia Remunerada/a_Histrico' is clicked on

2023-04-10 08:47:42 - [MESSAGE][PASSED] - Object: 'Object Repository/1-OBJECTS TAREAS PRINCIPALES/Modulo Tarea Compensacion/Legalizar licencia Remunerada/a_Histrico' is clicked on

2023-04-10 08:47:42 - [TEST_STEP][PASSED] - if (waitForElementClickable(findTestObject("1-OBJECTS TAREAS PRINCIPALES/Modulo Tarea Compensacion/Legalizar licencia Remunerada/span_Licencia Remunerada_Historico"), 1)): Web element with id: 'Object Repository/1-OBJECTS TAREAS PRINCIPALES/Modulo Tarea Compensacion/Legalizar licencia Remunerada/span_Licencia Remunerada_Historico' located by '//*/text()[normalize-space(.)='Licencia Remunerada']/parent::*' not found

2023-04-10 08:47:44 - [MESSAGE][INFO] - Unable to find the element located by 'By.xpath: //*/text()[normalize-space(.)='Licencia Remunerada']/parent::*'. Please recheck the objects properties to make sure the desired element is located. 

2023-04-10 08:47:44 - [MESSAGE][WARNING] - Web element with id: 'Object Repository/1-OBJECTS TAREAS PRINCIPALES/Modulo Tarea Compensacion/Legalizar licencia Remunerada/span_Licencia Remunerada_Historico' located by '//*/text()[normalize-space(.)='Licencia Remunerada']/parent::*' not found

2023-04-10 08:47:44 - [TEST_STEP][PASSED] - waitForElementClickable(findTestObject("1-OBJECTS TAREAS PRINCIPALES/Modulo Tarea Compensacion/Legalizar licencia Remunerada/a_Licencia_Pestaa"), 0): Object 'Object Repository/1-OBJECTS TAREAS PRINCIPALES/Modulo Tarea Compensacion/Legalizar licencia Remunerada/a_Licencia_Pestaa' is clickable

2023-04-10 08:47:44 - [MESSAGE][WARNING] - Timeout '0' is invalid. Using default page load timeout: '37'

2023-04-10 08:47:44 - [MESSAGE][PASSED] - Object 'Object Repository/1-OBJECTS TAREAS PRINCIPALES/Modulo Tarea Compensacion/Legalizar licencia Remunerada/a_Licencia_Pestaa' is clickable

2023-04-10 08:47:44 - [TEST_STEP][PASSED] - click(findTestObject("1-OBJECTS TAREAS PRINCIPALES/Modulo Tarea Compensacion/Legalizar licencia Remunerada/a_Licencia_Pestaa")): Object: 'Object Repository/1-OBJECTS TAREAS PRINCIPALES/Modulo Tarea Compensacion/Legalizar licencia Remunerada/a_Licencia_Pestaa' is clicked on

2023-04-10 08:47:45 - [MESSAGE][PASSED] - Object: 'Object Repository/1-OBJECTS TAREAS PRINCIPALES/Modulo Tarea Compensacion/Legalizar licencia Remunerada/a_Licencia_Pestaa' is clicked on

2023-04-10 08:47:45 - [TEST_STEP][PASSED] - if (waitForElementClickable(findTestObject("1-OBJECTS TAREAS PRINCIPALES/Modulo Tarea Compensacion/Legalizar licencia Remunerada/span_Nuevo"), 1)): null

2023-04-10 08:47:46 - [MESSAGE][PASSED] - Object 'Object Repository/1-OBJECTS TAREAS PRINCIPALES/Modulo Tarea Compensacion/Legalizar licencia Remunerada/span_Nuevo' is clickable

2023-04-10 08:47:46 - [TEST_STEP][PASSED] - click(findTestObject("1-OBJECTS TAREAS PRINCIPALES/Modulo Tarea Compensacion/Legalizar licencia Remunerada/span_Nuevo")): Object: 'Object Repository/1-OBJECTS TAREAS PRINCIPALES/Modulo Tarea Compensacion/Legalizar licencia Remunerada/span_Nuevo' is clicked on

2023-04-10 08:47:46 - [MESSAGE][PASSED] - Object: 'Object Repository/1-OBJECTS TAREAS PRINCIPALES/Modulo Tarea Compensacion/Legalizar licencia Remunerada/span_Nuevo' is clicked on

2023-04-10 08:47:46 - [TEST_STEP][PASSED] - click(findTestObject("1-OBJECTS TAREAS PRINCIPALES/Modulo Tarea Compensacion/Legalizar licencia Remunerada/span_LICENCIA REMUNERADA")): Object: 'Object Repository/1-OBJECTS TAREAS PRINCIPALES/Modulo Tarea Compensacion/Legalizar licencia Remunerada/span_LICENCIA REMUNERADA' is clicked on

2023-04-10 08:47:47 - [MESSAGE][PASSED] - Object: 'Object Repository/1-OBJECTS TAREAS PRINCIPALES/Modulo Tarea Compensacion/Legalizar licencia Remunerada/span_LICENCIA REMUNERADA' is clicked on

2023-04-10 08:47:47 - [TEST_STEP][PASSED] - setText(findTestObject("1-OBJECTS TAREAS PRINCIPALES/Modulo Tarea Compensacion/Legalizar licencia Remunerada/input_Fecha Salida_form_licenc"), "01/12/2018"): Text '01/12/2018' is set on object 'Object Repository/1-OBJECTS TAREAS PRINCIPALES/Modulo Tarea Compensacion/Legalizar licencia Remunerada/input_Fecha Salida_form_licenc'

2023-04-10 08:47:48 - [MESSAGE][PASSED] - Text '01/12/2018' is set on object 'Object Repository/1-OBJECTS TAREAS PRINCIPALES/Modulo Tarea Compensacion/Legalizar licencia Remunerada/input_Fecha Salida_form_licenc'

2023-04-10 08:47:48 - [TEST_STEP][PASSED] - setText(findTestObject("1-OBJECTS TAREAS PRINCIPALES/Modulo Tarea Compensacion/Legalizar licencia Remunerada/input_Das Ausentismo_form_lice"), "2"): Text '2' is set on object 'Object Repository/1-OBJECTS TAREAS PRINCIPALES/Modulo Tarea Compensacion/Legalizar licencia Remunerada/input_Das Ausentismo_form_lice'

2023-04-10 08:47:49 - [MESSAGE][PASSED] - Text '2' is set on object 'Object Repository/1-OBJECTS TAREAS PRINCIPALES/Modulo Tarea Compensacion/Legalizar licencia Remunerada/input_Das Ausentismo_form_lice'

2023-04-10 08:47:49 - [TEST_STEP][PASSED] - setText(findTestObject("1-OBJECTS TAREAS PRINCIPALES/Modulo Tarea Compensacion/Legalizar licencia Remunerada/input_Fecha Salida Nomina_form"), "31/01/2019"): Text '31/01/2019' is set on object 'Object Repository/1-OBJECTS TAREAS PRINCIPALES/Modulo Tarea Compensacion/Legalizar licencia Remunerada/input_Fecha Salida Nomina_form'

2023-04-10 08:47:50 - [MESSAGE][PASSED] - Text '31/01/2019' is set on object 'Object Repository/1-OBJECTS TAREAS PRINCIPALES/Modulo Tarea Compensacion/Legalizar licencia Remunerada/input_Fecha Salida Nomina_form'

2023-04-10 08:47:50 - [TEST_STEP][PASSED] - setText(findTestObject("1-OBJECTS TAREAS PRINCIPALES/Modulo Tarea Compensacion/Legalizar licencia Remunerada/textarea_Observacin_form_licen"), "aaaaaa"): Text 'aaaaaa' is set on object 'Object Repository/1-OBJECTS TAREAS PRINCIPALES/Modulo Tarea Compensacion/Legalizar licencia Remunerada/textarea_Observacin_form_licen'

2023-04-10 08:47:51 - [MESSAGE][PASSED] - Text 'aaaaaa' is set on object 'Object Repository/1-OBJECTS TAREAS PRINCIPALES/Modulo Tarea Compensacion/Legalizar licencia Remunerada/textarea_Observacin_form_licen'

2023-04-10 08:47:51 - [TEST_STEP][PASSED] - setText(findTestObject("1-OBJECTS TAREAS PRINCIPALES/Modulo Tarea Compensacion/Legalizar licencia Remunerada/input_Fecha 1_form_licenciaEmp"), "31/01/2019"): Text '31/01/2019' is set on object 'Object Repository/1-OBJECTS TAREAS PRINCIPALES/Modulo Tarea Compensacion/Legalizar licencia Remunerada/input_Fecha 1_form_licenciaEmp'

2023-04-10 08:47:52 - [MESSAGE][PASSED] - Text '31/01/2019' is set on object 'Object Repository/1-OBJECTS TAREAS PRINCIPALES/Modulo Tarea Compensacion/Legalizar licencia Remunerada/input_Fecha 1_form_licenciaEmp'

2023-04-10 08:47:52 - [TEST_STEP][PASSED] - sendKeys(findTestObject("1-OBJECTS TAREAS PRINCIPALES/Modulo Tarea Compensacion/Legalizar licencia Remunerada/input_Fecha 1_form_licenciaEmp"), Keys.chord(ESCAPE)): Keys 'ESCAPE + ' sent to object: 'Object Repository/1-OBJECTS TAREAS PRINCIPALES/Modulo Tarea Compensacion/Legalizar licencia Remunerada/input_Fecha 1_form_licenciaEmp'

2023-04-10 08:47:52 - [MESSAGE][PASSED] - Keys 'ESCAPE + ' sent to object: 'Object Repository/1-OBJECTS TAREAS PRINCIPALES/Modulo Tarea Compensacion/Legalizar licencia Remunerada/input_Fecha 1_form_licenciaEmp'

2023-04-10 08:47:52 - [TEST_STEP][PASSED] - click(findTestObject("1-OBJECTS TAREAS PRINCIPALES/Modulo Tarea Compensacion/Legalizar licencia Remunerada/span_Guardar Legalizar")): Object: 'Object Repository/1-OBJECTS TAREAS PRINCIPALES/Modulo Tarea Compensacion/Legalizar licencia Remunerada/span_Guardar Legalizar' is clicked on

2023-04-10 08:47:53 - [MESSAGE][PASSED] - Object: 'Object Repository/1-OBJECTS TAREAS PRINCIPALES/Modulo Tarea Compensacion/Legalizar licencia Remunerada/span_Guardar Legalizar' is clicked on

2023-04-10 08:47:53 - [TEST_STEP][PASSED] - Alerta = getText(findTestObject("3-OBJECTS UTILIDADES/Alerta/Alerta")): Text of object 'Object Repository/3-OBJECTS UTILIDADES/Alerta/Alerta' is: 'Se modifico exitosamente su solicitud'

2023-04-10 08:47:55 - [MESSAGE][PASSED] - Text of object 'Object Repository/3-OBJECTS UTILIDADES/Alerta/Alerta' is: 'Se modifico exitosamente su solicitud'

2023-04-10 08:47:55 - [TEST_STEP][PASSED] - if (Alerta == "Se modifico exitosamente su solicitud"): null

2023-04-10 08:47:55 - [TEST_STEP][PASSED] - Resultado = "PRUEBA OK": null

2023-04-10 08:47:55 - [MESSAGE][PASSED] - Call Test Case 'Test Cases/1.1-Tareas Principales/1.2.3-Legalizar Licencia Remunerada' successfully

2023-04-10 08:47:55 - [TEST_STEP][PASSED] - setText(findTestObject("1-OBJECTS TAREAS PRINCIPALES/Modulo Tarea Compensacion/Tarea Aplicacion Nov. Empleado/input_Listado Hojas De Vida_form_templatej_idt24_input"), "Aplicacion Nov. Empleado (com)"): Text 'Aplicacion Nov. Empleado (com)' is set on object 'Object Repository/1-OBJECTS TAREAS PRINCIPALES/Modulo Tarea Compensacion/Tarea Aplicacion Nov. Empleado/input_Listado Hojas De Vida_form_templatej_idt24_input'

2023-04-10 08:47:56 - [MESSAGE][PASSED] - Text 'Aplicacion Nov. Empleado (com)' is set on object 'Object Repository/1-OBJECTS TAREAS PRINCIPALES/Modulo Tarea Compensacion/Tarea Aplicacion Nov. Empleado/input_Listado Hojas De Vida_form_templatej_idt24_input'

2023-04-10 08:47:56 - [TEST_STEP][PASSED] - waitForElementVisible(findTestObject("1-OBJECTS TAREAS PRINCIPALES/Modulo Tarea Compensacion/Legalizar Solicitud Nov Empelado/span_legalizar solicitud nov emp"), 0): Object 'Object Repository/1-OBJECTS TAREAS PRINCIPALES/Modulo Tarea Compensacion/Legalizar Solicitud Nov Empelado/span_legalizar solicitud nov emp' is visible

2023-04-10 08:47:56 - [MESSAGE][WARNING] - Timeout '0' is invalid. Using default page load timeout: '37'

2023-04-10 08:47:57 - [MESSAGE][PASSED] - Object 'Object Repository/1-OBJECTS TAREAS PRINCIPALES/Modulo Tarea Compensacion/Legalizar Solicitud Nov Empelado/span_legalizar solicitud nov emp' is visible

2023-04-10 08:47:57 - [TEST_STEP][PASSED] - click(findTestObject("1-OBJECTS TAREAS PRINCIPALES/Modulo Tarea Compensacion/Legalizar Solicitud Nov Empelado/span_legalizar solicitud nov emp")): Object: 'Object Repository/1-OBJECTS TAREAS PRINCIPALES/Modulo Tarea Compensacion/Legalizar Solicitud Nov Empelado/span_legalizar solicitud nov emp' is clicked on

2023-04-10 08:47:57 - [MESSAGE][PASSED] - Object: 'Object Repository/1-OBJECTS TAREAS PRINCIPALES/Modulo Tarea Compensacion/Legalizar Solicitud Nov Empelado/span_legalizar solicitud nov emp' is clicked on

2023-04-10 08:47:57 - [TEST_STEP][PASSED] - waitForElementClickable(findTestObject("1-OBJECTS TAREAS PRINCIPALES/Modulo Tarea Compensacion/Legalizar Solicitud Nov Empelado/a_Ausentismo_Por Autorizar"), 0): Object 'Object Repository/1-OBJECTS TAREAS PRINCIPALES/Modulo Tarea Compensacion/Legalizar Solicitud Nov Empelado/a_Ausentismo_Por Autorizar' is clickable

2023-04-10 08:47:57 - [MESSAGE][WARNING] - Timeout '0' is invalid. Using default page load timeout: '37'

2023-04-10 08:47:58 - [MESSAGE][PASSED] - Object 'Object Repository/1-OBJECTS TAREAS PRINCIPALES/Modulo Tarea Compensacion/Legalizar Solicitud Nov Empelado/a_Ausentismo_Por Autorizar' is clickable

2023-04-10 08:47:58 - [TEST_STEP][PASSED] - click(findTestObject("1-OBJECTS TAREAS PRINCIPALES/Modulo Tarea Compensacion/Legalizar Solicitud Nov Empelado/a_Ausentismo_Por Autorizar")): Object: 'Object Repository/1-OBJECTS TAREAS PRINCIPALES/Modulo Tarea Compensacion/Legalizar Solicitud Nov Empelado/a_Ausentismo_Por Autorizar' is clicked on

2023-04-10 08:47:59 - [MESSAGE][PASSED] - Object: 'Object Repository/1-OBJECTS TAREAS PRINCIPALES/Modulo Tarea Compensacion/Legalizar Solicitud Nov Empelado/a_Ausentismo_Por Autorizar' is clicked on

2023-04-10 08:47:59 - [TEST_STEP][PASSED] - waitForElementClickable(findTestObject("1-OBJECTS TAREAS PRINCIPALES/Modulo Tarea Compensacion/Legalizar licencia Remunerada/span_CONSTA BELFEGORD JHON"), 0): Object 'Object Repository/1-OBJECTS TAREAS PRINCIPALES/Modulo Tarea Compensacion/Legalizar licencia Remunerada/span_CONSTA BELFEGORD JHON' is clickable

2023-04-10 08:47:59 - [MESSAGE][WARNING] - Timeout '0' is invalid. Using default page load timeout: '37'

2023-04-10 08:48:00 - [MESSAGE][PASSED] - Object 'Object Repository/1-OBJECTS TAREAS PRINCIPALES/Modulo Tarea Compensacion/Legalizar licencia Remunerada/span_CONSTA BELFEGORD JHON' is clickable

2023-04-10 08:48:00 - [TEST_STEP][PASSED] - if (waitForElementVisible(findTestObject("1-OBJECTS TAREAS PRINCIPALES/Modulo Tarea Compensacion/Legalizar Solicitud Nov Empelado/div_Solicitud_ui-chkbox-box_Consta Belfegord"), 1)): Web element with id: 'Object Repository/1-OBJECTS TAREAS PRINCIPALES/Modulo Tarea Compensacion/Legalizar Solicitud Nov Empelado/div_Solicitud_ui-chkbox-box_Consta Belfegord' located by '(.//*[normalize-space(text()) and normalize-space(.)='Constantino . Jhon'])[1]/preceding::div[1]' not found

2023-04-10 08:48:02 - [MESSAGE][INFO] - Unable to find the element located by 'By.xpath: (.//*[normalize-space(text()) and normalize-space(.)='Constantino . Jhon'])[1]/preceding::div[1]'. Please recheck the objects properties to make sure the desired element is located. 

2023-04-10 08:48:02 - [MESSAGE][WARNING] - Web element with id: 'Object Repository/1-OBJECTS TAREAS PRINCIPALES/Modulo Tarea Compensacion/Legalizar Solicitud Nov Empelado/div_Solicitud_ui-chkbox-box_Consta Belfegord' located by '(.//*[normalize-space(text()) and normalize-space(.)='Constantino . Jhon'])[1]/preceding::div[1]' not found

2023-04-10 08:48:02 - [TEST_STEP][PASSED] - else: Object: 'Object Repository/1-OBJECTS TAREAS PRINCIPALES/Modulo Tarea Compensacion/Legalizar Solicitud Nov Empelado/a_Continuar_Por Autorizar' is clicked on

2023-04-10 08:48:02 - [TEST_STEP][PASSED] - click(findTestObject("1-OBJECTS TAREAS PRINCIPALES/Modulo Tarea Compensacion/Legalizar Solicitud Nov Empelado/a_Ausentismo - Copy")): Object: 'Object Repository/1-OBJECTS TAREAS PRINCIPALES/Modulo Tarea Compensacion/Legalizar Solicitud Nov Empelado/a_Ausentismo - Copy' is clicked on

2023-04-10 08:48:02 - [MESSAGE][PASSED] - Object: 'Object Repository/1-OBJECTS TAREAS PRINCIPALES/Modulo Tarea Compensacion/Legalizar Solicitud Nov Empelado/a_Ausentismo - Copy' is clicked on

2023-04-10 08:48:02 - [TEST_STEP][PASSED] - click(findTestObject("1-OBJECTS TAREAS PRINCIPALES/Modulo Tarea Compensacion/Legalizar Solicitud Nov Empelado/div_Solicitud_ui-chkbox-box_Consta Belfegord")): Object: 'Object Repository/1-OBJECTS TAREAS PRINCIPALES/Modulo Tarea Compensacion/Legalizar Solicitud Nov Empelado/div_Solicitud_ui-chkbox-box_Consta Belfegord' is clicked on

2023-04-10 08:48:03 - [MESSAGE][PASSED] - Object: 'Object Repository/1-OBJECTS TAREAS PRINCIPALES/Modulo Tarea Compensacion/Legalizar Solicitud Nov Empelado/div_Solicitud_ui-chkbox-box_Consta Belfegord' is clicked on

2023-04-10 08:48:03 - [TEST_STEP][PASSED] - click(findTestObject("1-OBJECTS TAREAS PRINCIPALES/Modulo Tarea Compensacion/Legalizar Solicitud Nov Empelado/a_Autorizar")): Object: 'Object Repository/1-OBJECTS TAREAS PRINCIPALES/Modulo Tarea Compensacion/Legalizar Solicitud Nov Empelado/a_Autorizar' is clicked on

2023-04-10 08:48:04 - [MESSAGE][PASSED] - Object: 'Object Repository/1-OBJECTS TAREAS PRINCIPALES/Modulo Tarea Compensacion/Legalizar Solicitud Nov Empelado/a_Autorizar' is clicked on

2023-04-10 08:48:04 - [TEST_STEP][PASSED] - waitForElementClickable(findTestObject("1-OBJECTS TAREAS PRINCIPALES/Modulo Tarea Compensacion/Legalizar Solicitud Nov Empelado/span_Si_Por  Autorizar"), 0): Object 'Object Repository/1-OBJECTS TAREAS PRINCIPALES/Modulo Tarea Compensacion/Legalizar Solicitud Nov Empelado/span_Si_Por  Autorizar' is clickable

2023-04-10 08:48:04 - [MESSAGE][WARNING] - Timeout '0' is invalid. Using default page load timeout: '37'

2023-04-10 08:48:04 - [MESSAGE][PASSED] - Object 'Object Repository/1-OBJECTS TAREAS PRINCIPALES/Modulo Tarea Compensacion/Legalizar Solicitud Nov Empelado/span_Si_Por  Autorizar' is clickable

2023-04-10 08:48:04 - [TEST_STEP][PASSED] - click(findTestObject("1-OBJECTS TAREAS PRINCIPALES/Modulo Tarea Compensacion/Legalizar Solicitud Nov Empelado/span_Si_Por  Autorizar")): Object: 'Object Repository/1-OBJECTS TAREAS PRINCIPALES/Modulo Tarea Compensacion/Legalizar Solicitud Nov Empelado/span_Si_Por  Autorizar' is clicked on

2023-04-10 08:48:05 - [MESSAGE][PASSED] - Object: 'Object Repository/1-OBJECTS TAREAS PRINCIPALES/Modulo Tarea Compensacion/Legalizar Solicitud Nov Empelado/span_Si_Por  Autorizar' is clicked on

2023-04-10 08:48:05 - [TEST_STEP][PASSED] - click(findTestObject("1-OBJECTS TAREAS PRINCIPALES/Modulo Tarea Compensacion/Legalizar Solicitud Nov Empelado/a_Continuar_Por Autorizar")): Object: 'Object Repository/1-OBJECTS TAREAS PRINCIPALES/Modulo Tarea Compensacion/Legalizar Solicitud Nov Empelado/a_Continuar_Por Autorizar' is clicked on

2023-04-10 08:48:06 - [MESSAGE][PASSED] - Object: 'Object Repository/1-OBJECTS TAREAS PRINCIPALES/Modulo Tarea Compensacion/Legalizar Solicitud Nov Empelado/a_Continuar_Por Autorizar' is clicked on

2023-04-10 08:48:06 - [TEST_STEP][PASSED] - waitForElementClickable(findTestObject("1-OBJECTS TAREAS PRINCIPALES/Modulo Tarea Compensacion/Legalizar Solicitud Nov Empelado/a_Ausentismo_Por legalizar"), 0): Object 'Object Repository/1-OBJECTS TAREAS PRINCIPALES/Modulo Tarea Compensacion/Legalizar Solicitud Nov Empelado/a_Ausentismo_Por legalizar' is clickable

2023-04-10 08:48:06 - [MESSAGE][WARNING] - Timeout '0' is invalid. Using default page load timeout: '37'

2023-04-10 08:48:06 - [MESSAGE][PASSED] - Object 'Object Repository/1-OBJECTS TAREAS PRINCIPALES/Modulo Tarea Compensacion/Legalizar Solicitud Nov Empelado/a_Ausentismo_Por legalizar' is clickable

2023-04-10 08:48:06 - [TEST_STEP][PASSED] - click(findTestObject("1-OBJECTS TAREAS PRINCIPALES/Modulo Tarea Compensacion/Legalizar Solicitud Nov Empelado/a_Ausentismo_Por legalizar")): Object: 'Object Repository/1-OBJECTS TAREAS PRINCIPALES/Modulo Tarea Compensacion/Legalizar Solicitud Nov Empelado/a_Ausentismo_Por legalizar' is clicked on

2023-04-10 08:48:07 - [MESSAGE][PASSED] - Object: 'Object Repository/1-OBJECTS TAREAS PRINCIPALES/Modulo Tarea Compensacion/Legalizar Solicitud Nov Empelado/a_Ausentismo_Por legalizar' is clicked on

2023-04-10 08:48:07 - [TEST_STEP][PASSED] - check(findTestObject("1-OBJECTS TAREAS PRINCIPALES/Modulo Tarea Compensacion/Legalizar Solicitud Nov Empelado/div_Estado_ui-chkbox-box ui-widget ui-corner-all ui-state-default")): Object 'Object Repository/1-OBJECTS TAREAS PRINCIPALES/Modulo Tarea Compensacion/Legalizar Solicitud Nov Empelado/div_Estado_ui-chkbox-box ui-widget ui-corner-all ui-state-default' is checked

2023-04-10 08:48:08 - [MESSAGE][PASSED] - Object 'Object Repository/1-OBJECTS TAREAS PRINCIPALES/Modulo Tarea Compensacion/Legalizar Solicitud Nov Empelado/div_Estado_ui-chkbox-box ui-widget ui-corner-all ui-state-default' is checked

2023-04-10 08:48:08 - [TEST_STEP][PASSED] - click(findTestObject("1-OBJECTS TAREAS PRINCIPALES/Modulo Tarea Compensacion/Legalizar Solicitud Nov Empelado/a_Legalizacin")): Object: 'Object Repository/1-OBJECTS TAREAS PRINCIPALES/Modulo Tarea Compensacion/Legalizar Solicitud Nov Empelado/a_Legalizacin' is clicked on

2023-04-10 08:48:08 - [MESSAGE][PASSED] - Object: 'Object Repository/1-OBJECTS TAREAS PRINCIPALES/Modulo Tarea Compensacion/Legalizar Solicitud Nov Empelado/a_Legalizacin' is clicked on

2023-04-10 08:48:08 - [TEST_STEP][PASSED] - click(findTestObject("1-OBJECTS TAREAS PRINCIPALES/Modulo Tarea Compensacion/Legalizar Solicitud Nov Empelado/span_Si")): Object: 'Object Repository/1-OBJECTS TAREAS PRINCIPALES/Modulo Tarea Compensacion/Legalizar Solicitud Nov Empelado/span_Si' is clicked on

2023-04-10 08:48:09 - [MESSAGE][PASSED] - Object: 'Object Repository/1-OBJECTS TAREAS PRINCIPALES/Modulo Tarea Compensacion/Legalizar Solicitud Nov Empelado/span_Si' is clicked on

2023-04-10 08:48:09 - [TEST_STEP][PASSED] - Alerta = getText(findTestObject("1-OBJECTS TAREAS PRINCIPALES/Modulo Tarea Compensacion/Legalizar Solicitud Nov Empelado/a_Resultado")): Text of object 'Object Repository/1-OBJECTS TAREAS PRINCIPALES/Modulo Tarea Compensacion/Legalizar Solicitud Nov Empelado/a_Resultado' is: 'Se ha realizado el proceso'

2023-04-10 08:48:10 - [MESSAGE][PASSED] - Text of object 'Object Repository/1-OBJECTS TAREAS PRINCIPALES/Modulo Tarea Compensacion/Legalizar Solicitud Nov Empelado/a_Resultado' is: 'Se ha realizado el proceso'

2023-04-10 08:48:10 - [TEST_STEP][PASSED] - click(findTestObject("1-OBJECTS TAREAS PRINCIPALES/Modulo Tarea Compensacion/Legalizar Solicitud Nov Empelado/a_Continuar")): Object: 'Object Repository/1-OBJECTS TAREAS PRINCIPALES/Modulo Tarea Compensacion/Legalizar Solicitud Nov Empelado/a_Continuar' is clicked on

2023-04-10 08:48:10 - [MESSAGE][PASSED] - Object: 'Object Repository/1-OBJECTS TAREAS PRINCIPALES/Modulo Tarea Compensacion/Legalizar Solicitud Nov Empelado/a_Continuar' is clicked on

2023-04-10 08:48:10 - [TEST_STEP][PASSED] - if (Alerta == "Se ha realizado el proceso"): Browser is closed

2023-04-10 08:48:10 - [TEST_STEP][PASSED] - closeBrowser(): Browser is closed

2023-04-10 08:48:11 - [MESSAGE][PASSED] - Browser is closed]]></system-out>
         <system-err><![CDATA[]]></system-err>
      </testcase>
      <testcase name="Test Cases/1.1-Tareas Principales/1.2.7-Liquidacion Periodica" time="28.188" classname="Test Cases/1.1-Tareas Principales/1.2.7-Liquidacion Periodica" status="PASSED">
         <system-out><![CDATA[2023-04-10 08:48:11 - [TEST_CASE][PASSED] - Test Cases/1.1-Tareas Principales/1.2.7-Liquidacion Periodica: Test Cases/1.1-Tareas Principales/1.2.7-Liquidacion Periodica

2023-04-10 08:48:11 - [TEST_STEP][PASSED] - callTestCase(findTestCase("Utilidades-(atajos_para _tareas)/Tareas Administracion Compensacion/Tarea Listado Empleados"), [:], STOP_ON_FAILURE): Call Test Case 'Test Cases/Utilidades-(atajos_para _tareas)/Tareas Administracion Compensacion/Tarea Listado Empleados' successfully

2023-04-10 08:48:11 - [TEST_CASE][PASSED] - Test Cases/Utilidades-(atajos_para _tareas)/Tareas Administracion Compensacion/Tarea Listado Empleados: Test Cases/Utilidades-(atajos_para _tareas)/Tareas Administracion Compensacion/Tarea Listado Empleados

2023-04-10 08:48:11 - [TEST_STEP][PASSED] - callTestCase(findTestCase("0.1-Login"), [:], STOP_ON_FAILURE): Call Test Case 'Test Cases/0.1-Login' successfully

2023-04-10 08:48:11 - [TEST_CASE][PASSED] - Test Cases/0.1-Login: Test Cases/0.1-Login

2023-04-10 08:48:11 - [TEST_STEP][PASSED] - openBrowser(""): Browser is opened with url: ''

2023-04-10 08:48:11 - [MESSAGE][INFO] - Starting 'Chrome' driver

2023-04-10 08:48:11 - [MESSAGE][INFO] - Action delay is set to 0 milliseconds

2023-04-10 08:48:13 - [MESSAGE][PASSED] - Browser is opened with url: ''

2023-04-10 08:48:13 - [TEST_STEP][PASSED] - maximizeWindow(): Current window maximized

2023-04-10 08:48:13 - [MESSAGE][PASSED] - Current window maximized

2023-04-10 08:48:13 - [TEST_STEP][PASSED] - i = G_Login: null

2023-04-10 08:48:13 - [TEST_STEP][PASSED] - url = new java.net.URL(i): null

2023-04-10 08:48:13 - [TEST_STEP][PASSED] - println("URL: " + url.toString()): null

2023-04-10 08:48:13 - [TEST_STEP][PASSED] - connection = url.openConnection(): null

2023-04-10 08:48:13 - [TEST_STEP][PASSED] - connection.setRequestMethod("GET"): null

2023-04-10 08:48:13 - [TEST_STEP][PASSED] - connection.setReadTimeout(2 * 1000): null

2023-04-10 08:48:13 - [TEST_STEP][PASSED] - try: null

2023-04-10 08:48:13 - [TEST_STEP][PASSED] - connection.connect(): null

2023-04-10 08:48:13 - [TEST_STEP][PASSED] - flag = connected: null

2023-04-10 08:48:13 - [TEST_STEP][PASSED] - println("Valor_ori: " + flag): null

2023-04-10 08:48:13 - [TEST_STEP][PASSED] - if (flag): null

2023-04-10 08:48:13 - [TEST_STEP][PASSED] - navigateToUrl(i): Navigate to 'http://192.168.2.19:8380/saraweb' successfully

2023-04-10 08:48:13 - [MESSAGE][PASSED] - Navigate to 'http://192.168.2.19:8380/saraweb' successfully

2023-04-10 08:48:13 - [TEST_STEP][PASSED] - a(): null

2023-04-10 08:48:13 - [TEST_STEP][PASSED] - if (waitForElementVisible(findTestObject("3-OBJECTS UTILIDADES/Login/input_USUARIO_loginusuario"), 0)): null

2023-04-10 08:48:13 - [MESSAGE][WARNING] - Timeout '0' is invalid. Using default page load timeout: '37'

2023-04-10 08:48:14 - [MESSAGE][PASSED] - Object 'Object Repository/3-OBJECTS UTILIDADES/Login/input_USUARIO_loginusuario' is visible

2023-04-10 08:48:14 - [TEST_STEP][PASSED] - switchToWindowTitle("SARA"): Switched to window with title: 'SARA'

2023-04-10 08:48:14 - [MESSAGE][PASSED] - Switched to window with title: 'SARA'

2023-04-10 08:48:14 - [TEST_STEP][PASSED] - zoom(): null

2023-04-10 08:48:14 - [TEST_STEP][PASSED] - robot = new java.awt.Robot(): null

2023-04-10 08:48:14 - [TEST_STEP][PASSED] - robot.keyPress(VK_CONTROL): null

2023-04-10 08:48:14 - [TEST_STEP][PASSED] - robot.keyPress(VK_SUBTRACT): null

2023-04-10 08:48:14 - [TEST_STEP][PASSED] - robot.keyRelease(VK_CONTROL): null

2023-04-10 08:48:14 - [TEST_STEP][PASSED] - robot.keyRelease(VK_SUBTRACT): null

2023-04-10 08:48:14 - [TEST_STEP][PASSED] - robot.keyPress(VK_CONTROL): null

2023-04-10 08:48:14 - [TEST_STEP][PASSED] - robot.keyPress(VK_SUBTRACT): null

2023-04-10 08:48:14 - [TEST_STEP][PASSED] - robot.keyRelease(VK_CONTROL): null

2023-04-10 08:48:14 - [TEST_STEP][PASSED] - robot.keyRelease(VK_SUBTRACT): null

2023-04-10 08:48:14 - [TEST_STEP][PASSED] - robot.keyPress(VK_CONTROL): null

2023-04-10 08:48:14 - [TEST_STEP][PASSED] - robot.keyPress(VK_SUBTRACT): null

2023-04-10 08:48:14 - [TEST_STEP][PASSED] - robot.keyRelease(VK_CONTROL): null

2023-04-10 08:48:14 - [TEST_STEP][PASSED] - robot.keyRelease(VK_SUBTRACT): null

2023-04-10 08:48:14 - [TEST_STEP][PASSED] - robot.keyRelease(VK_CONTROL): null

2023-04-10 08:48:14 - [TEST_STEP][PASSED] - robot.keyRelease(VK_SUBTRACT): null

2023-04-10 08:48:14 - [TEST_STEP][PASSED] - setText(findTestObject("3-OBJECTS UTILIDADES/Login/input_USUARIO_loginusuario"), G_Usuario): Text 'saraadmin' is set on object 'Object Repository/3-OBJECTS UTILIDADES/Login/input_USUARIO_loginusuario'

2023-04-10 08:48:14 - [MESSAGE][PASSED] - Text 'saraadmin' is set on object 'Object Repository/3-OBJECTS UTILIDADES/Login/input_USUARIO_loginusuario'

2023-04-10 08:48:14 - [TEST_STEP][PASSED] - setEncryptedText(findTestObject("3-OBJECTS UTILIDADES/Login/input_CLAVE_loginpassword"), "SlAwMcyRKqrwbnzhAs8HhT6NnI7sEyng"): Text ****** has been set on object 'Object Repository/3-OBJECTS UTILIDADES/Login/input_CLAVE_loginpassword'

2023-04-10 08:48:19 - [MESSAGE][PASSED] - Text ****** has been set on object 'Object Repository/3-OBJECTS UTILIDADES/Login/input_CLAVE_loginpassword'

2023-04-10 08:48:19 - [TEST_STEP][PASSED] - while (waitForElementClickable(findTestObject("3-OBJECTS UTILIDADES/Login/a_Ingresar"), 1)): Web element with id: 'Object Repository/3-OBJECTS UTILIDADES/Login/a_Ingresar' located by '//a[contains(text(),'Ingresar')]' not found

2023-04-10 08:48:21 - [MESSAGE][INFO] - Unable to find the element located by 'By.xpath: //a[contains(text(),'Ingresar')]'. Please recheck the objects properties to make sure the desired element is located. 

2023-04-10 08:48:21 - [MESSAGE][WARNING] - Web element with id: 'Object Repository/3-OBJECTS UTILIDADES/Login/a_Ingresar' located by '//a[contains(text(),'Ingresar')]' not found

2023-04-10 08:48:21 - [MESSAGE][PASSED] - Call Test Case 'Test Cases/0.1-Login' successfully

2023-04-10 08:48:21 - [TEST_STEP][PASSED] - setText(findTestObject("1-OBJECTS TAREAS PRINCIPALES/Modulo Tarea Listado Hojas de Vida/Tareas Listado Hojas de Vida/input_Listado Hojas De Vida_form_templatej_idt24_input"), "Listado de Empleados"): Text 'Listado de Empleados' is set on object 'Object Repository/1-OBJECTS TAREAS PRINCIPALES/Modulo Tarea Listado Hojas de Vida/Tareas Listado Hojas de Vida/input_Listado Hojas De Vida_form_templatej_idt24_input'

2023-04-10 08:48:21 - [MESSAGE][PASSED] - Text 'Listado de Empleados' is set on object 'Object Repository/1-OBJECTS TAREAS PRINCIPALES/Modulo Tarea Listado Hojas de Vida/Tareas Listado Hojas de Vida/input_Listado Hojas De Vida_form_templatej_idt24_input'

2023-04-10 08:48:21 - [TEST_STEP][PASSED] - waitForElementVisible(findTestObject("1-OBJECTS TAREAS PRINCIPALES/Modulo Tarea Listado Hojas de Vida/Tareas Listado Hojas de Vida/span_Listado de Empleados"), 0): Object 'Object Repository/1-OBJECTS TAREAS PRINCIPALES/Modulo Tarea Listado Hojas de Vida/Tareas Listado Hojas de Vida/span_Listado de Empleados' is visible

2023-04-10 08:48:22 - [MESSAGE][WARNING] - Timeout '0' is invalid. Using default page load timeout: '37'

2023-04-10 08:48:23 - [MESSAGE][PASSED] - Object 'Object Repository/1-OBJECTS TAREAS PRINCIPALES/Modulo Tarea Listado Hojas de Vida/Tareas Listado Hojas de Vida/span_Listado de Empleados' is visible

2023-04-10 08:48:23 - [TEST_STEP][PASSED] - click(findTestObject("1-OBJECTS TAREAS PRINCIPALES/Modulo Tarea Listado Hojas de Vida/Tareas Listado Hojas de Vida/span_Listado de Empleados")): Object: 'Object Repository/1-OBJECTS TAREAS PRINCIPALES/Modulo Tarea Listado Hojas de Vida/Tareas Listado Hojas de Vida/span_Listado de Empleados' is clicked on

2023-04-10 08:48:23 - [MESSAGE][PASSED] - Object: 'Object Repository/1-OBJECTS TAREAS PRINCIPALES/Modulo Tarea Listado Hojas de Vida/Tareas Listado Hojas de Vida/span_Listado de Empleados' is clicked on

2023-04-10 08:48:23 - [MESSAGE][PASSED] - Call Test Case 'Test Cases/Utilidades-(atajos_para _tareas)/Tareas Administracion Compensacion/Tarea Listado Empleados' successfully

2023-04-10 08:48:23 - [TEST_STEP][PASSED] - waitForElementClickable(findTestObject("1-OBJECTS TAREAS PRINCIPALES/Modulo Tarea Compensacion/Liquidacion Periodica/input_Identificacin_listadoEmp"), 0): Object 'Object Repository/1-OBJECTS TAREAS PRINCIPALES/Modulo Tarea Compensacion/Liquidacion Periodica/input_Identificacin_listadoEmp' is clickable

2023-04-10 08:48:23 - [MESSAGE][WARNING] - Timeout '0' is invalid. Using default page load timeout: '37'

2023-04-10 08:48:24 - [MESSAGE][PASSED] - Object 'Object Repository/1-OBJECTS TAREAS PRINCIPALES/Modulo Tarea Compensacion/Liquidacion Periodica/input_Identificacin_listadoEmp' is clickable

2023-04-10 08:48:24 - [TEST_STEP][PASSED] - setText(findTestObject("1-OBJECTS TAREAS PRINCIPALES/Modulo Tarea Compensacion/Liquidacion Periodica/input_Identificacin_listadoEmp"), "354968431354"): Text '354968431354' is set on object 'Object Repository/1-OBJECTS TAREAS PRINCIPALES/Modulo Tarea Compensacion/Liquidacion Periodica/input_Identificacin_listadoEmp'

2023-04-10 08:48:25 - [MESSAGE][PASSED] - Text '354968431354' is set on object 'Object Repository/1-OBJECTS TAREAS PRINCIPALES/Modulo Tarea Compensacion/Liquidacion Periodica/input_Identificacin_listadoEmp'

2023-04-10 08:48:25 - [TEST_STEP][PASSED] - sendKeys(findTestObject("1-OBJECTS TAREAS PRINCIPALES/Modulo Tarea Compensacion/Liquidacion Periodica/input_Identificacin_listadoEmp"), Keys.chord(ENTER)): Keys 'ENTER + ' sent to object: 'Object Repository/1-OBJECTS TAREAS PRINCIPALES/Modulo Tarea Compensacion/Liquidacion Periodica/input_Identificacin_listadoEmp'

2023-04-10 08:48:26 - [MESSAGE][PASSED] - Keys 'ENTER + ' sent to object: 'Object Repository/1-OBJECTS TAREAS PRINCIPALES/Modulo Tarea Compensacion/Liquidacion Periodica/input_Identificacin_listadoEmp'

2023-04-10 08:48:26 - [TEST_STEP][PASSED] - click(findTestObject("1-OBJECTS TAREAS PRINCIPALES/Modulo Tarea Compensacion/Liquidacion Periodica/span_CONSTA BELFEGORD JHON")): Object: 'Object Repository/1-OBJECTS TAREAS PRINCIPALES/Modulo Tarea Compensacion/Liquidacion Periodica/span_CONSTA BELFEGORD JHON' is clicked on

2023-04-10 08:48:26 - [MESSAGE][PASSED] - Object: 'Object Repository/1-OBJECTS TAREAS PRINCIPALES/Modulo Tarea Compensacion/Liquidacion Periodica/span_CONSTA BELFEGORD JHON' is clicked on

2023-04-10 08:48:26 - [TEST_STEP][PASSED] - waitForElementClickable(findTestObject("1-OBJECTS TAREAS PRINCIPALES/Modulo Tarea Compensacion/Liquidacion Periodica/span_Liquidacin Periodica"), 0): Object 'Object Repository/1-OBJECTS TAREAS PRINCIPALES/Modulo Tarea Compensacion/Liquidacion Periodica/span_Liquidacin Periodica' is clickable

2023-04-10 08:48:26 - [MESSAGE][WARNING] - Timeout '0' is invalid. Using default page load timeout: '37'

2023-04-10 08:48:27 - [MESSAGE][PASSED] - Object 'Object Repository/1-OBJECTS TAREAS PRINCIPALES/Modulo Tarea Compensacion/Liquidacion Periodica/span_Liquidacin Periodica' is clickable

2023-04-10 08:48:27 - [TEST_STEP][PASSED] - click(findTestObject("1-OBJECTS TAREAS PRINCIPALES/Modulo Tarea Compensacion/Liquidacion Periodica/span_Liquidacin Periodica")): Object: 'Object Repository/1-OBJECTS TAREAS PRINCIPALES/Modulo Tarea Compensacion/Liquidacion Periodica/span_Liquidacin Periodica' is clicked on

2023-04-10 08:48:27 - [MESSAGE][PASSED] - Object: 'Object Repository/1-OBJECTS TAREAS PRINCIPALES/Modulo Tarea Compensacion/Liquidacion Periodica/span_Liquidacin Periodica' is clicked on

2023-04-10 08:48:27 - [TEST_STEP][PASSED] - click(findTestObject("1-OBJECTS TAREAS PRINCIPALES/Modulo Tarea Compensacion/Liquidacion Periodica/a_Nuevo")): Object: 'Object Repository/1-OBJECTS TAREAS PRINCIPALES/Modulo Tarea Compensacion/Liquidacion Periodica/a_Nuevo' is clicked on

2023-04-10 08:48:28 - [MESSAGE][PASSED] - Object: 'Object Repository/1-OBJECTS TAREAS PRINCIPALES/Modulo Tarea Compensacion/Liquidacion Periodica/a_Nuevo' is clicked on

2023-04-10 08:48:28 - [TEST_STEP][PASSED] - waitForElementClickable(findTestObject("1-OBJECTS TAREAS PRINCIPALES/Modulo Tarea Compensacion/Liquidacion Periodica/select_-- seleccione --BC - PR"), 0, STOP_ON_FAILURE): Object 'Object Repository/1-OBJECTS TAREAS PRINCIPALES/Modulo Tarea Compensacion/Liquidacion Periodica/select_-- seleccione --BC - PR' is clickable

2023-04-10 08:48:28 - [MESSAGE][WARNING] - Timeout '0' is invalid. Using default page load timeout: '37'

2023-04-10 08:48:29 - [MESSAGE][PASSED] - Object 'Object Repository/1-OBJECTS TAREAS PRINCIPALES/Modulo Tarea Compensacion/Liquidacion Periodica/select_-- seleccione --BC - PR' is clickable

2023-04-10 08:48:29 - [TEST_STEP][PASSED] - click(findTestObject("1-OBJECTS TAREAS PRINCIPALES/Modulo Tarea Compensacion/Liquidacion Periodica/select_-- seleccione --BC - PR")): Object: 'Object Repository/1-OBJECTS TAREAS PRINCIPALES/Modulo Tarea Compensacion/Liquidacion Periodica/select_-- seleccione --BC - PR' is clicked on

2023-04-10 08:48:29 - [MESSAGE][PASSED] - Object: 'Object Repository/1-OBJECTS TAREAS PRINCIPALES/Modulo Tarea Compensacion/Liquidacion Periodica/select_-- seleccione --BC - PR' is clicked on

2023-04-10 08:48:29 - [TEST_STEP][PASSED] - option1 = getText(findTestObject("1-OBJECTS TAREAS PRINCIPALES/Modulo Tarea Compensacion/Liquidacion Periodica/opcion_1")): Text of object 'Object Repository/1-OBJECTS TAREAS PRINCIPALES/Modulo Tarea Compensacion/Liquidacion Periodica/opcion_1' is: 'BC - PRESTAMO BANCOLOMBIA'

2023-04-10 08:48:30 - [MESSAGE][PASSED] - Text of object 'Object Repository/1-OBJECTS TAREAS PRINCIPALES/Modulo Tarea Compensacion/Liquidacion Periodica/opcion_1' is: 'BC - PRESTAMO BANCOLOMBIA'

2023-04-10 08:48:30 - [TEST_STEP][PASSED] - option2 = getText(findTestObject("1-OBJECTS TAREAS PRINCIPALES/Modulo Tarea Compensacion/Liquidacion Periodica/opcion_2")): Text of object 'Object Repository/1-OBJECTS TAREAS PRINCIPALES/Modulo Tarea Compensacion/Liquidacion Periodica/opcion_2' is: 'PC - PRESTAMO COMPAÑÍA'

2023-04-10 08:48:30 - [MESSAGE][PASSED] - Text of object 'Object Repository/1-OBJECTS TAREAS PRINCIPALES/Modulo Tarea Compensacion/Liquidacion Periodica/opcion_2' is: 'PC - PRESTAMO COMPAÑÍA'

2023-04-10 08:48:30 - [TEST_STEP][PASSED] - if (option1 == "BC - PRESTAMO BANCOLOMBIA"): Object: 'Object Repository/1-OBJECTS TAREAS PRINCIPALES/Modulo Tarea Compensacion/Liquidacion Periodica/opcion_1' is clicked on

2023-04-10 08:48:30 - [TEST_STEP][PASSED] - click(findTestObject("1-OBJECTS TAREAS PRINCIPALES/Modulo Tarea Compensacion/Liquidacion Periodica/opcion_1")): Object: 'Object Repository/1-OBJECTS TAREAS PRINCIPALES/Modulo Tarea Compensacion/Liquidacion Periodica/opcion_1' is clicked on

2023-04-10 08:48:31 - [MESSAGE][PASSED] - Object: 'Object Repository/1-OBJECTS TAREAS PRINCIPALES/Modulo Tarea Compensacion/Liquidacion Periodica/opcion_1' is clicked on

2023-04-10 08:48:31 - [TEST_STEP][PASSED] - selectOptionByValue(findTestObject("1-OBJECTS TAREAS PRINCIPALES/Modulo Tarea Compensacion/Liquidacion Periodica/select_-- seleccione --BC - PR"), "BC", true): All options with value 'BC' are selected in object 'Object Repository/1-OBJECTS TAREAS PRINCIPALES/Modulo Tarea Compensacion/Liquidacion Periodica/select_-- seleccione --BC - PR'  using regular expression

2023-04-10 08:48:33 - [MESSAGE][PASSED] - All options with value 'BC' are selected in object 'Object Repository/1-OBJECTS TAREAS PRINCIPALES/Modulo Tarea Compensacion/Liquidacion Periodica/select_-- seleccione --BC - PR'  using regular expression

2023-04-10 08:48:33 - [TEST_STEP][PASSED] - setText(findTestObject("1-OBJECTS TAREAS PRINCIPALES/Modulo Tarea Compensacion/Liquidacion Periodica/input_Fecha Inicial _form_liqu"), "03/07/2021"): Text '03/07/2021' is set on object 'Object Repository/1-OBJECTS TAREAS PRINCIPALES/Modulo Tarea Compensacion/Liquidacion Periodica/input_Fecha Inicial _form_liqu'

2023-04-10 08:48:33 - [MESSAGE][PASSED] - Text '03/07/2021' is set on object 'Object Repository/1-OBJECTS TAREAS PRINCIPALES/Modulo Tarea Compensacion/Liquidacion Periodica/input_Fecha Inicial _form_liqu'

2023-04-10 08:48:33 - [TEST_STEP][PASSED] - sendKeys(findTestObject("1-OBJECTS TAREAS PRINCIPALES/Modulo Tarea Compensacion/Liquidacion Periodica/input_Fecha Inicial _form_liqu"), Keys.chord(ENTER)): Keys 'ENTER + ' sent to object: 'Object Repository/1-OBJECTS TAREAS PRINCIPALES/Modulo Tarea Compensacion/Liquidacion Periodica/input_Fecha Inicial _form_liqu'

2023-04-10 08:48:34 - [MESSAGE][PASSED] - Keys 'ENTER + ' sent to object: 'Object Repository/1-OBJECTS TAREAS PRINCIPALES/Modulo Tarea Compensacion/Liquidacion Periodica/input_Fecha Inicial _form_liqu'

2023-04-10 08:48:34 - [TEST_STEP][PASSED] - waitForElementClickable(findTestObject("1-OBJECTS TAREAS PRINCIPALES/Modulo Tarea Compensacion/Liquidacion Periodica/a_Guardar"), 0): Object 'Object Repository/1-OBJECTS TAREAS PRINCIPALES/Modulo Tarea Compensacion/Liquidacion Periodica/a_Guardar' is clickable

2023-04-10 08:48:34 - [MESSAGE][WARNING] - Timeout '0' is invalid. Using default page load timeout: '37'

2023-04-10 08:48:34 - [MESSAGE][PASSED] - Object 'Object Repository/1-OBJECTS TAREAS PRINCIPALES/Modulo Tarea Compensacion/Liquidacion Periodica/a_Guardar' is clickable

2023-04-10 08:48:34 - [TEST_STEP][PASSED] - click(findTestObject("1-OBJECTS TAREAS PRINCIPALES/Modulo Tarea Compensacion/Liquidacion Periodica/a_Guardar")): Object: 'Object Repository/1-OBJECTS TAREAS PRINCIPALES/Modulo Tarea Compensacion/Liquidacion Periodica/a_Guardar' is clicked on

2023-04-10 08:48:35 - [MESSAGE][PASSED] - Object: 'Object Repository/1-OBJECTS TAREAS PRINCIPALES/Modulo Tarea Compensacion/Liquidacion Periodica/a_Guardar' is clicked on

2023-04-10 08:48:35 - [TEST_STEP][PASSED] - waitForElementVisible(findTestObject("3-OBJECTS UTILIDADES/Alerta/Alerta"), 0): Object 'Object Repository/3-OBJECTS UTILIDADES/Alerta/Alerta' is visible

2023-04-10 08:48:35 - [MESSAGE][WARNING] - Timeout '0' is invalid. Using default page load timeout: '37'

2023-04-10 08:48:36 - [MESSAGE][PASSED] - Object 'Object Repository/3-OBJECTS UTILIDADES/Alerta/Alerta' is visible

2023-04-10 08:48:36 - [TEST_STEP][PASSED] - x = getText(findTestObject("3-OBJECTS UTILIDADES/Alerta/Alerta")): Text of object 'Object Repository/3-OBJECTS UTILIDADES/Alerta/Alerta' is: 'Se modifico el registro satisfactoriamente'

2023-04-10 08:48:36 - [MESSAGE][PASSED] - Text of object 'Object Repository/3-OBJECTS UTILIDADES/Alerta/Alerta' is: 'Se modifico el registro satisfactoriamente'

2023-04-10 08:48:36 - [TEST_STEP][PASSED] - if (x.equals("Se modifico el registro satisfactoriamente")): null

2023-04-10 08:48:36 - [TEST_STEP][PASSED] - Resultado = "PRUEBA  OK": null

2023-04-10 08:48:36 - [TEST_STEP][PASSED] - salir(): null

2023-04-10 08:48:36 - [TEST_STEP][PASSED] - click(findTestObject("1-OBJECTS TAREAS PRINCIPALES/Modulo Tarea Compensacion/Liquidacion Periodica/a_Empresa 1_cerrar_menu")): Object: 'Object Repository/1-OBJECTS TAREAS PRINCIPALES/Modulo Tarea Compensacion/Liquidacion Periodica/a_Empresa 1_cerrar_menu' is clicked on

2023-04-10 08:48:36 - [MESSAGE][PASSED] - Object: 'Object Repository/1-OBJECTS TAREAS PRINCIPALES/Modulo Tarea Compensacion/Liquidacion Periodica/a_Empresa 1_cerrar_menu' is clicked on

2023-04-10 08:48:36 - [TEST_STEP][PASSED] - click(findTestObject("1-OBJECTS TAREAS PRINCIPALES/Modulo Tarea Compensacion/Liquidacion Periodica/a_Administrador_glyphicons glyphicons-exit")): Object: 'Object Repository/1-OBJECTS TAREAS PRINCIPALES/Modulo Tarea Compensacion/Liquidacion Periodica/a_Administrador_glyphicons glyphicons-exit' is clicked on

2023-04-10 08:48:37 - [MESSAGE][PASSED] - Object: 'Object Repository/1-OBJECTS TAREAS PRINCIPALES/Modulo Tarea Compensacion/Liquidacion Periodica/a_Administrador_glyphicons glyphicons-exit' is clicked on

2023-04-10 08:48:37 - [TEST_STEP][PASSED] - waitForElementVisible(findTestObject("1-OBJECTS TAREAS PRINCIPALES/Modulo Tarea Compensacion/Liquidacion Periodica/div_Ingresar Olvide Mi Clave"), 0): Object 'Object Repository/1-OBJECTS TAREAS PRINCIPALES/Modulo Tarea Compensacion/Liquidacion Periodica/div_Ingresar Olvide Mi Clave' is visible

2023-04-10 08:48:37 - [MESSAGE][WARNING] - Timeout '0' is invalid. Using default page load timeout: '37'

2023-04-10 08:48:38 - [MESSAGE][PASSED] - Object 'Object Repository/1-OBJECTS TAREAS PRINCIPALES/Modulo Tarea Compensacion/Liquidacion Periodica/div_Ingresar Olvide Mi Clave' is visible

2023-04-10 08:48:38 - [TEST_STEP][PASSED] - closeBrowser(): Browser is closed

2023-04-10 08:48:39 - [MESSAGE][PASSED] - Browser is closed]]></system-out>
         <system-err><![CDATA[]]></system-err>
      </testcase>
      <testcase name="Test Cases/1.1-Tareas Principales/1.2.8-Embargos" time="19.732" classname="Test Cases/1.1-Tareas Principales/1.2.8-Embargos" status="PASSED">
         <system-out><![CDATA[2023-04-10 08:48:39 - [TEST_CASE][PASSED] - Test Cases/1.1-Tareas Principales/1.2.8-Embargos: Test Cases/1.1-Tareas Principales/1.2.8-Embargos

2023-04-10 08:48:39 - [TEST_STEP][PASSED] - callTestCase(findTestCase("Utilidades-(atajos_para _tareas)/Tareas Administracion Compensacion/Tarea Listado Empleados"), [:], STOP_ON_FAILURE): Call Test Case 'Test Cases/Utilidades-(atajos_para _tareas)/Tareas Administracion Compensacion/Tarea Listado Empleados' successfully

2023-04-10 08:48:40 - [TEST_CASE][PASSED] - Test Cases/Utilidades-(atajos_para _tareas)/Tareas Administracion Compensacion/Tarea Listado Empleados: Test Cases/Utilidades-(atajos_para _tareas)/Tareas Administracion Compensacion/Tarea Listado Empleados

2023-04-10 08:48:40 - [TEST_STEP][PASSED] - callTestCase(findTestCase("0.1-Login"), [:], STOP_ON_FAILURE): Call Test Case 'Test Cases/0.1-Login' successfully

2023-04-10 08:48:40 - [TEST_CASE][PASSED] - Test Cases/0.1-Login: Test Cases/0.1-Login

2023-04-10 08:48:40 - [TEST_STEP][PASSED] - openBrowser(""): Browser is opened with url: ''

2023-04-10 08:48:40 - [MESSAGE][INFO] - Starting 'Chrome' driver

2023-04-10 08:48:40 - [MESSAGE][INFO] - Action delay is set to 0 milliseconds

2023-04-10 08:48:41 - [MESSAGE][PASSED] - Browser is opened with url: ''

2023-04-10 08:48:41 - [TEST_STEP][PASSED] - maximizeWindow(): Current window maximized

2023-04-10 08:48:41 - [MESSAGE][PASSED] - Current window maximized

2023-04-10 08:48:41 - [TEST_STEP][PASSED] - i = G_Login: null

2023-04-10 08:48:41 - [TEST_STEP][PASSED] - url = new java.net.URL(i): null

2023-04-10 08:48:41 - [TEST_STEP][PASSED] - println("URL: " + url.toString()): null

2023-04-10 08:48:41 - [TEST_STEP][PASSED] - connection = url.openConnection(): null

2023-04-10 08:48:41 - [TEST_STEP][PASSED] - connection.setRequestMethod("GET"): null

2023-04-10 08:48:41 - [TEST_STEP][PASSED] - connection.setReadTimeout(2 * 1000): null

2023-04-10 08:48:41 - [TEST_STEP][PASSED] - try: null

2023-04-10 08:48:41 - [TEST_STEP][PASSED] - connection.connect(): null

2023-04-10 08:48:41 - [TEST_STEP][PASSED] - flag = connected: null

2023-04-10 08:48:41 - [TEST_STEP][PASSED] - println("Valor_ori: " + flag): null

2023-04-10 08:48:41 - [TEST_STEP][PASSED] - if (flag): null

2023-04-10 08:48:41 - [TEST_STEP][PASSED] - navigateToUrl(i): Navigate to 'http://192.168.2.19:8380/saraweb' successfully

2023-04-10 08:48:41 - [MESSAGE][PASSED] - Navigate to 'http://192.168.2.19:8380/saraweb' successfully

2023-04-10 08:48:41 - [TEST_STEP][PASSED] - a(): null

2023-04-10 08:48:41 - [TEST_STEP][PASSED] - if (waitForElementVisible(findTestObject("3-OBJECTS UTILIDADES/Login/input_USUARIO_loginusuario"), 0)): null

2023-04-10 08:48:42 - [MESSAGE][WARNING] - Timeout '0' is invalid. Using default page load timeout: '37'

2023-04-10 08:48:42 - [MESSAGE][PASSED] - Object 'Object Repository/3-OBJECTS UTILIDADES/Login/input_USUARIO_loginusuario' is visible

2023-04-10 08:48:42 - [TEST_STEP][PASSED] - switchToWindowTitle("SARA"): Switched to window with title: 'SARA'

2023-04-10 08:48:42 - [MESSAGE][PASSED] - Switched to window with title: 'SARA'

2023-04-10 08:48:42 - [TEST_STEP][PASSED] - zoom(): null

2023-04-10 08:48:42 - [TEST_STEP][PASSED] - robot = new java.awt.Robot(): null

2023-04-10 08:48:42 - [TEST_STEP][PASSED] - robot.keyPress(VK_CONTROL): null

2023-04-10 08:48:42 - [TEST_STEP][PASSED] - robot.keyPress(VK_SUBTRACT): null

2023-04-10 08:48:42 - [TEST_STEP][PASSED] - robot.keyRelease(VK_CONTROL): null

2023-04-10 08:48:42 - [TEST_STEP][PASSED] - robot.keyRelease(VK_SUBTRACT): null

2023-04-10 08:48:42 - [TEST_STEP][PASSED] - robot.keyPress(VK_CONTROL): null

2023-04-10 08:48:42 - [TEST_STEP][PASSED] - robot.keyPress(VK_SUBTRACT): null

2023-04-10 08:48:42 - [TEST_STEP][PASSED] - robot.keyRelease(VK_CONTROL): null

2023-04-10 08:48:42 - [TEST_STEP][PASSED] - robot.keyRelease(VK_SUBTRACT): null

2023-04-10 08:48:42 - [TEST_STEP][PASSED] - robot.keyPress(VK_CONTROL): null

2023-04-10 08:48:42 - [TEST_STEP][PASSED] - robot.keyPress(VK_SUBTRACT): null

2023-04-10 08:48:42 - [TEST_STEP][PASSED] - robot.keyRelease(VK_CONTROL): null

2023-04-10 08:48:42 - [TEST_STEP][PASSED] - robot.keyRelease(VK_SUBTRACT): null

2023-04-10 08:48:42 - [TEST_STEP][PASSED] - robot.keyRelease(VK_CONTROL): null

2023-04-10 08:48:42 - [TEST_STEP][PASSED] - robot.keyRelease(VK_SUBTRACT): null

2023-04-10 08:48:42 - [TEST_STEP][PASSED] - setText(findTestObject("3-OBJECTS UTILIDADES/Login/input_USUARIO_loginusuario"), G_Usuario): Text 'saraadmin' is set on object 'Object Repository/3-OBJECTS UTILIDADES/Login/input_USUARIO_loginusuario'

2023-04-10 08:48:43 - [MESSAGE][PASSED] - Text 'saraadmin' is set on object 'Object Repository/3-OBJECTS UTILIDADES/Login/input_USUARIO_loginusuario'

2023-04-10 08:48:43 - [TEST_STEP][PASSED] - setEncryptedText(findTestObject("3-OBJECTS UTILIDADES/Login/input_CLAVE_loginpassword"), "SlAwMcyRKqrwbnzhAs8HhT6NnI7sEyng"): Text ****** has been set on object 'Object Repository/3-OBJECTS UTILIDADES/Login/input_CLAVE_loginpassword'

2023-04-10 08:48:44 - [MESSAGE][PASSED] - Text ****** has been set on object 'Object Repository/3-OBJECTS UTILIDADES/Login/input_CLAVE_loginpassword'

2023-04-10 08:48:44 - [TEST_STEP][PASSED] - while (waitForElementClickable(findTestObject("3-OBJECTS UTILIDADES/Login/a_Ingresar"), 1)): Web element with id: 'Object Repository/3-OBJECTS UTILIDADES/Login/a_Ingresar' located by '//a[contains(text(),'Ingresar')]' not found

2023-04-10 08:48:46 - [MESSAGE][INFO] - Unable to find the element located by 'By.xpath: //a[contains(text(),'Ingresar')]'. Please recheck the objects properties to make sure the desired element is located. 

2023-04-10 08:48:46 - [MESSAGE][WARNING] - Web element with id: 'Object Repository/3-OBJECTS UTILIDADES/Login/a_Ingresar' located by '//a[contains(text(),'Ingresar')]' not found

2023-04-10 08:48:46 - [MESSAGE][PASSED] - Call Test Case 'Test Cases/0.1-Login' successfully

2023-04-10 08:48:46 - [TEST_STEP][PASSED] - setText(findTestObject("1-OBJECTS TAREAS PRINCIPALES/Modulo Tarea Listado Hojas de Vida/Tareas Listado Hojas de Vida/input_Listado Hojas De Vida_form_templatej_idt24_input"), "Listado de Empleados"): Text 'Listado de Empleados' is set on object 'Object Repository/1-OBJECTS TAREAS PRINCIPALES/Modulo Tarea Listado Hojas de Vida/Tareas Listado Hojas de Vida/input_Listado Hojas De Vida_form_templatej_idt24_input'

2023-04-10 08:48:47 - [MESSAGE][PASSED] - Text 'Listado de Empleados' is set on object 'Object Repository/1-OBJECTS TAREAS PRINCIPALES/Modulo Tarea Listado Hojas de Vida/Tareas Listado Hojas de Vida/input_Listado Hojas De Vida_form_templatej_idt24_input'

2023-04-10 08:48:47 - [TEST_STEP][PASSED] - waitForElementVisible(findTestObject("1-OBJECTS TAREAS PRINCIPALES/Modulo Tarea Listado Hojas de Vida/Tareas Listado Hojas de Vida/span_Listado de Empleados"), 0): Object 'Object Repository/1-OBJECTS TAREAS PRINCIPALES/Modulo Tarea Listado Hojas de Vida/Tareas Listado Hojas de Vida/span_Listado de Empleados' is visible

2023-04-10 08:48:47 - [MESSAGE][WARNING] - Timeout '0' is invalid. Using default page load timeout: '37'

2023-04-10 08:48:48 - [MESSAGE][PASSED] - Object 'Object Repository/1-OBJECTS TAREAS PRINCIPALES/Modulo Tarea Listado Hojas de Vida/Tareas Listado Hojas de Vida/span_Listado de Empleados' is visible

2023-04-10 08:48:48 - [TEST_STEP][PASSED] - click(findTestObject("1-OBJECTS TAREAS PRINCIPALES/Modulo Tarea Listado Hojas de Vida/Tareas Listado Hojas de Vida/span_Listado de Empleados")): Object: 'Object Repository/1-OBJECTS TAREAS PRINCIPALES/Modulo Tarea Listado Hojas de Vida/Tareas Listado Hojas de Vida/span_Listado de Empleados' is clicked on

2023-04-10 08:48:49 - [MESSAGE][PASSED] - Object: 'Object Repository/1-OBJECTS TAREAS PRINCIPALES/Modulo Tarea Listado Hojas de Vida/Tareas Listado Hojas de Vida/span_Listado de Empleados' is clicked on

2023-04-10 08:48:49 - [MESSAGE][PASSED] - Call Test Case 'Test Cases/Utilidades-(atajos_para _tareas)/Tareas Administracion Compensacion/Tarea Listado Empleados' successfully

2023-04-10 08:48:49 - [TEST_STEP][PASSED] - waitForElementClickable(findTestObject("1-OBJECTS TAREAS PRINCIPALES/Modulo Tarea Compensacion/Embargos/input_Identificacin_listadoEmp"), 0): Object 'Object Repository/1-OBJECTS TAREAS PRINCIPALES/Modulo Tarea Compensacion/Embargos/input_Identificacin_listadoEmp' is clickable

2023-04-10 08:48:49 - [MESSAGE][WARNING] - Timeout '0' is invalid. Using default page load timeout: '37'

2023-04-10 08:48:49 - [MESSAGE][PASSED] - Object 'Object Repository/1-OBJECTS TAREAS PRINCIPALES/Modulo Tarea Compensacion/Embargos/input_Identificacin_listadoEmp' is clickable

2023-04-10 08:48:49 - [TEST_STEP][PASSED] - setText(findTestObject("1-OBJECTS TAREAS PRINCIPALES/Modulo Tarea Compensacion/Embargos/input_Identificacin_listadoEmp"), "354968431354"): Text '354968431354' is set on object 'Object Repository/1-OBJECTS TAREAS PRINCIPALES/Modulo Tarea Compensacion/Embargos/input_Identificacin_listadoEmp'

2023-04-10 08:48:50 - [MESSAGE][PASSED] - Text '354968431354' is set on object 'Object Repository/1-OBJECTS TAREAS PRINCIPALES/Modulo Tarea Compensacion/Embargos/input_Identificacin_listadoEmp'

2023-04-10 08:48:50 - [TEST_STEP][PASSED] - sendKeys(findTestObject("1-OBJECTS TAREAS PRINCIPALES/Modulo Tarea Compensacion/Embargos/input_Identificacin_listadoEmp"), Keys.chord(ENTER)): Keys 'ENTER + ' sent to object: 'Object Repository/1-OBJECTS TAREAS PRINCIPALES/Modulo Tarea Compensacion/Embargos/input_Identificacin_listadoEmp'

2023-04-10 08:48:51 - [MESSAGE][PASSED] - Keys 'ENTER + ' sent to object: 'Object Repository/1-OBJECTS TAREAS PRINCIPALES/Modulo Tarea Compensacion/Embargos/input_Identificacin_listadoEmp'

2023-04-10 08:48:51 - [TEST_STEP][PASSED] - click(findTestObject("1-OBJECTS TAREAS PRINCIPALES/Modulo Tarea Compensacion/Embargos/span_CONSTA BELFEGORD JHON")): Object: 'Object Repository/1-OBJECTS TAREAS PRINCIPALES/Modulo Tarea Compensacion/Embargos/span_CONSTA BELFEGORD JHON' is clicked on

2023-04-10 08:48:52 - [MESSAGE][PASSED] - Object: 'Object Repository/1-OBJECTS TAREAS PRINCIPALES/Modulo Tarea Compensacion/Embargos/span_CONSTA BELFEGORD JHON' is clicked on

2023-04-10 08:48:52 - [TEST_STEP][PASSED] - click(findTestObject("1-OBJECTS TAREAS PRINCIPALES/Modulo Tarea Compensacion/Embargos/span_Embargos")): Object: 'Object Repository/1-OBJECTS TAREAS PRINCIPALES/Modulo Tarea Compensacion/Embargos/span_Embargos' is clicked on

2023-04-10 08:48:53 - [MESSAGE][PASSED] - Object: 'Object Repository/1-OBJECTS TAREAS PRINCIPALES/Modulo Tarea Compensacion/Embargos/span_Embargos' is clicked on

2023-04-10 08:48:53 - [TEST_STEP][PASSED] - click(findTestObject("1-OBJECTS TAREAS PRINCIPALES/Modulo Tarea Compensacion/Embargos/a_Nuevo")): Object: 'Object Repository/1-OBJECTS TAREAS PRINCIPALES/Modulo Tarea Compensacion/Embargos/a_Nuevo' is clicked on

2023-04-10 08:48:54 - [MESSAGE][PASSED] - Object: 'Object Repository/1-OBJECTS TAREAS PRINCIPALES/Modulo Tarea Compensacion/Embargos/a_Nuevo' is clicked on

2023-04-10 08:48:54 - [TEST_STEP][PASSED] - selectOptionByIndex(findTestObject("1-OBJECTS TAREAS PRINCIPALES/Modulo Tarea Compensacion/Embargos/select_-- seleccione --E5 - EM"), "1", STOP_ON_FAILURE): All options with index in [1] are selected on object 'Object Repository/1-OBJECTS TAREAS PRINCIPALES/Modulo Tarea Compensacion/Embargos/select_-- seleccione --E5 - EM'

2023-04-10 08:48:55 - [MESSAGE][PASSED] - All options with index in [1] are selected on object 'Object Repository/1-OBJECTS TAREAS PRINCIPALES/Modulo Tarea Compensacion/Embargos/select_-- seleccione --E5 - EM'

2023-04-10 08:48:55 - [TEST_STEP][PASSED] - if (waitForElementVisible(findTestObject("1-OBJECTS TAREAS PRINCIPALES/Modulo Tarea Compensacion/Embargos/input_Fecha Inicial _form_emba"), 1)): null

2023-04-10 08:48:56 - [MESSAGE][PASSED] - Object 'Object Repository/1-OBJECTS TAREAS PRINCIPALES/Modulo Tarea Compensacion/Embargos/input_Fecha Inicial _form_emba' is visible

2023-04-10 08:48:56 - [TEST_STEP][PASSED] - setText(findTestObject("1-OBJECTS TAREAS PRINCIPALES/Modulo Tarea Compensacion/Embargos/input_Fecha Inicial _form_emba"), "27/12/2018"): Text '27/12/2018' is set on object 'Object Repository/1-OBJECTS TAREAS PRINCIPALES/Modulo Tarea Compensacion/Embargos/input_Fecha Inicial _form_emba'

2023-04-10 08:48:57 - [MESSAGE][PASSED] - Text '27/12/2018' is set on object 'Object Repository/1-OBJECTS TAREAS PRINCIPALES/Modulo Tarea Compensacion/Embargos/input_Fecha Inicial _form_emba'

2023-04-10 08:48:57 - [TEST_STEP][PASSED] - sendKeys(findTestObject("1-OBJECTS TAREAS PRINCIPALES/Modulo Tarea Compensacion/Embargos/input_Fecha Inicial _form_emba"), Keys.chord(ENTER)): Keys 'ENTER + ' sent to object: 'Object Repository/1-OBJECTS TAREAS PRINCIPALES/Modulo Tarea Compensacion/Embargos/input_Fecha Inicial _form_emba'

2023-04-10 08:48:57 - [MESSAGE][PASSED] - Keys 'ENTER + ' sent to object: 'Object Repository/1-OBJECTS TAREAS PRINCIPALES/Modulo Tarea Compensacion/Embargos/input_Fecha Inicial _form_emba'

2023-04-10 08:48:57 - [TEST_STEP][PASSED] - click(findTestObject("1-OBJECTS TAREAS PRINCIPALES/Modulo Tarea Compensacion/Embargos/a_Guardar")): Object: 'Object Repository/1-OBJECTS TAREAS PRINCIPALES/Modulo Tarea Compensacion/Embargos/a_Guardar' is clicked on

2023-04-10 08:48:57 - [MESSAGE][PASSED] - Object: 'Object Repository/1-OBJECTS TAREAS PRINCIPALES/Modulo Tarea Compensacion/Embargos/a_Guardar' is clicked on

2023-04-10 08:48:57 - [TEST_STEP][PASSED] - Alerta = getText(findTestObject("3-OBJECTS UTILIDADES/Alerta/Alerta")): Text of object 'Object Repository/3-OBJECTS UTILIDADES/Alerta/Alerta' is: 'Se modifico el registro satisfactoriamente'

2023-04-10 08:48:58 - [MESSAGE][PASSED] - Text of object 'Object Repository/3-OBJECTS UTILIDADES/Alerta/Alerta' is: 'Se modifico el registro satisfactoriamente'

2023-04-10 08:48:58 - [TEST_STEP][PASSED] - if (Alerta == "Se modifico el registro satisfactoriamente"): Browser is closed

2023-04-10 08:48:58 - [TEST_STEP][PASSED] - closeBrowser(): Browser is closed

2023-04-10 08:48:59 - [MESSAGE][PASSED] - Browser is closed]]></system-out>
         <system-err><![CDATA[]]></system-err>
      </testcase>
      <testcase name="Test Cases/1.1-Tareas Principales/1.2.9-Novedad" time="31.472" classname="Test Cases/1.1-Tareas Principales/1.2.9-Novedad" status="PASSED">
         <system-out><![CDATA[2023-04-10 08:48:59 - [TEST_CASE][PASSED] - Test Cases/1.1-Tareas Principales/1.2.9-Novedad: Test Cases/1.1-Tareas Principales/1.2.9-Novedad

2023-04-10 08:48:59 - [TEST_STEP][PASSED] - callTestCase(findTestCase("Utilidades-(atajos_para _tareas)/Tareas Administracion Compensacion/Tarea Listado Empleados"), [:], STOP_ON_FAILURE): Call Test Case 'Test Cases/Utilidades-(atajos_para _tareas)/Tareas Administracion Compensacion/Tarea Listado Empleados' successfully

2023-04-10 08:48:59 - [TEST_CASE][PASSED] - Test Cases/Utilidades-(atajos_para _tareas)/Tareas Administracion Compensacion/Tarea Listado Empleados: Test Cases/Utilidades-(atajos_para _tareas)/Tareas Administracion Compensacion/Tarea Listado Empleados

2023-04-10 08:48:59 - [TEST_STEP][PASSED] - callTestCase(findTestCase("0.1-Login"), [:], STOP_ON_FAILURE): Call Test Case 'Test Cases/0.1-Login' successfully

2023-04-10 08:48:59 - [TEST_CASE][PASSED] - Test Cases/0.1-Login: Test Cases/0.1-Login

2023-04-10 08:48:59 - [TEST_STEP][PASSED] - openBrowser(""): Browser is opened with url: ''

2023-04-10 08:48:59 - [MESSAGE][INFO] - Starting 'Chrome' driver

2023-04-10 08:48:59 - [MESSAGE][INFO] - Action delay is set to 0 milliseconds

2023-04-10 08:49:01 - [MESSAGE][PASSED] - Browser is opened with url: ''

2023-04-10 08:49:01 - [TEST_STEP][PASSED] - maximizeWindow(): Current window maximized

2023-04-10 08:49:01 - [MESSAGE][PASSED] - Current window maximized

2023-04-10 08:49:01 - [TEST_STEP][PASSED] - i = G_Login: null

2023-04-10 08:49:01 - [TEST_STEP][PASSED] - url = new java.net.URL(i): null

2023-04-10 08:49:01 - [TEST_STEP][PASSED] - println("URL: " + url.toString()): null

2023-04-10 08:49:01 - [TEST_STEP][PASSED] - connection = url.openConnection(): null

2023-04-10 08:49:01 - [TEST_STEP][PASSED] - connection.setRequestMethod("GET"): null

2023-04-10 08:49:01 - [TEST_STEP][PASSED] - connection.setReadTimeout(2 * 1000): null

2023-04-10 08:49:01 - [TEST_STEP][PASSED] - try: null

2023-04-10 08:49:01 - [TEST_STEP][PASSED] - connection.connect(): null

2023-04-10 08:49:01 - [TEST_STEP][PASSED] - flag = connected: null

2023-04-10 08:49:01 - [TEST_STEP][PASSED] - println("Valor_ori: " + flag): null

2023-04-10 08:49:01 - [TEST_STEP][PASSED] - if (flag): null

2023-04-10 08:49:01 - [TEST_STEP][PASSED] - navigateToUrl(i): Navigate to 'http://192.168.2.19:8380/saraweb' successfully

2023-04-10 08:49:01 - [MESSAGE][PASSED] - Navigate to 'http://192.168.2.19:8380/saraweb' successfully

2023-04-10 08:49:01 - [TEST_STEP][PASSED] - a(): null

2023-04-10 08:49:01 - [TEST_STEP][PASSED] - if (waitForElementVisible(findTestObject("3-OBJECTS UTILIDADES/Login/input_USUARIO_loginusuario"), 0)): null

2023-04-10 08:49:01 - [MESSAGE][WARNING] - Timeout '0' is invalid. Using default page load timeout: '37'

2023-04-10 08:49:02 - [MESSAGE][PASSED] - Object 'Object Repository/3-OBJECTS UTILIDADES/Login/input_USUARIO_loginusuario' is visible

2023-04-10 08:49:02 - [TEST_STEP][PASSED] - switchToWindowTitle("SARA"): Switched to window with title: 'SARA'

2023-04-10 08:49:02 - [MESSAGE][PASSED] - Switched to window with title: 'SARA'

2023-04-10 08:49:02 - [TEST_STEP][PASSED] - zoom(): null

2023-04-10 08:49:02 - [TEST_STEP][PASSED] - robot = new java.awt.Robot(): null

2023-04-10 08:49:02 - [TEST_STEP][PASSED] - robot.keyPress(VK_CONTROL): null

2023-04-10 08:49:02 - [TEST_STEP][PASSED] - robot.keyPress(VK_SUBTRACT): null

2023-04-10 08:49:02 - [TEST_STEP][PASSED] - robot.keyRelease(VK_CONTROL): null

2023-04-10 08:49:02 - [TEST_STEP][PASSED] - robot.keyRelease(VK_SUBTRACT): null

2023-04-10 08:49:02 - [TEST_STEP][PASSED] - robot.keyPress(VK_CONTROL): null

2023-04-10 08:49:02 - [TEST_STEP][PASSED] - robot.keyPress(VK_SUBTRACT): null

2023-04-10 08:49:02 - [TEST_STEP][PASSED] - robot.keyRelease(VK_CONTROL): null

2023-04-10 08:49:02 - [TEST_STEP][PASSED] - robot.keyRelease(VK_SUBTRACT): null

2023-04-10 08:49:02 - [TEST_STEP][PASSED] - robot.keyPress(VK_CONTROL): null

2023-04-10 08:49:02 - [TEST_STEP][PASSED] - robot.keyPress(VK_SUBTRACT): null

2023-04-10 08:49:02 - [TEST_STEP][PASSED] - robot.keyRelease(VK_CONTROL): null

2023-04-10 08:49:02 - [TEST_STEP][PASSED] - robot.keyRelease(VK_SUBTRACT): null

2023-04-10 08:49:02 - [TEST_STEP][PASSED] - robot.keyRelease(VK_CONTROL): null

2023-04-10 08:49:02 - [TEST_STEP][PASSED] - robot.keyRelease(VK_SUBTRACT): null

2023-04-10 08:49:02 - [TEST_STEP][PASSED] - setText(findTestObject("3-OBJECTS UTILIDADES/Login/input_USUARIO_loginusuario"), G_Usuario): Text 'saraadmin' is set on object 'Object Repository/3-OBJECTS UTILIDADES/Login/input_USUARIO_loginusuario'

2023-04-10 08:49:02 - [MESSAGE][PASSED] - Text 'saraadmin' is set on object 'Object Repository/3-OBJECTS UTILIDADES/Login/input_USUARIO_loginusuario'

2023-04-10 08:49:02 - [TEST_STEP][PASSED] - setEncryptedText(findTestObject("3-OBJECTS UTILIDADES/Login/input_CLAVE_loginpassword"), "SlAwMcyRKqrwbnzhAs8HhT6NnI7sEyng"): Text ****** has been set on object 'Object Repository/3-OBJECTS UTILIDADES/Login/input_CLAVE_loginpassword'

2023-04-10 08:49:03 - [MESSAGE][PASSED] - Text ****** has been set on object 'Object Repository/3-OBJECTS UTILIDADES/Login/input_CLAVE_loginpassword'

2023-04-10 08:49:03 - [TEST_STEP][PASSED] - while (waitForElementClickable(findTestObject("3-OBJECTS UTILIDADES/Login/a_Ingresar"), 1)): Web element with id: 'Object Repository/3-OBJECTS UTILIDADES/Login/a_Ingresar' located by '//a[contains(text(),'Ingresar')]' not found

2023-04-10 08:49:06 - [MESSAGE][INFO] - Unable to find the element located by 'By.xpath: //a[contains(text(),'Ingresar')]'. Please recheck the objects properties to make sure the desired element is located. 

2023-04-10 08:49:06 - [MESSAGE][WARNING] - Web element with id: 'Object Repository/3-OBJECTS UTILIDADES/Login/a_Ingresar' located by '//a[contains(text(),'Ingresar')]' not found

2023-04-10 08:49:06 - [MESSAGE][PASSED] - Call Test Case 'Test Cases/0.1-Login' successfully

2023-04-10 08:49:06 - [TEST_STEP][PASSED] - setText(findTestObject("1-OBJECTS TAREAS PRINCIPALES/Modulo Tarea Listado Hojas de Vida/Tareas Listado Hojas de Vida/input_Listado Hojas De Vida_form_templatej_idt24_input"), "Listado de Empleados"): Text 'Listado de Empleados' is set on object 'Object Repository/1-OBJECTS TAREAS PRINCIPALES/Modulo Tarea Listado Hojas de Vida/Tareas Listado Hojas de Vida/input_Listado Hojas De Vida_form_templatej_idt24_input'

2023-04-10 08:49:06 - [MESSAGE][PASSED] - Text 'Listado de Empleados' is set on object 'Object Repository/1-OBJECTS TAREAS PRINCIPALES/Modulo Tarea Listado Hojas de Vida/Tareas Listado Hojas de Vida/input_Listado Hojas De Vida_form_templatej_idt24_input'

2023-04-10 08:49:06 - [TEST_STEP][PASSED] - waitForElementVisible(findTestObject("1-OBJECTS TAREAS PRINCIPALES/Modulo Tarea Listado Hojas de Vida/Tareas Listado Hojas de Vida/span_Listado de Empleados"), 0): Object 'Object Repository/1-OBJECTS TAREAS PRINCIPALES/Modulo Tarea Listado Hojas de Vida/Tareas Listado Hojas de Vida/span_Listado de Empleados' is visible

2023-04-10 08:49:07 - [MESSAGE][WARNING] - Timeout '0' is invalid. Using default page load timeout: '37'

2023-04-10 08:49:08 - [MESSAGE][PASSED] - Object 'Object Repository/1-OBJECTS TAREAS PRINCIPALES/Modulo Tarea Listado Hojas de Vida/Tareas Listado Hojas de Vida/span_Listado de Empleados' is visible

2023-04-10 08:49:08 - [TEST_STEP][PASSED] - click(findTestObject("1-OBJECTS TAREAS PRINCIPALES/Modulo Tarea Listado Hojas de Vida/Tareas Listado Hojas de Vida/span_Listado de Empleados")): Object: 'Object Repository/1-OBJECTS TAREAS PRINCIPALES/Modulo Tarea Listado Hojas de Vida/Tareas Listado Hojas de Vida/span_Listado de Empleados' is clicked on

2023-04-10 08:49:08 - [MESSAGE][PASSED] - Object: 'Object Repository/1-OBJECTS TAREAS PRINCIPALES/Modulo Tarea Listado Hojas de Vida/Tareas Listado Hojas de Vida/span_Listado de Empleados' is clicked on

2023-04-10 08:49:08 - [MESSAGE][PASSED] - Call Test Case 'Test Cases/Utilidades-(atajos_para _tareas)/Tareas Administracion Compensacion/Tarea Listado Empleados' successfully

2023-04-10 08:49:08 - [TEST_STEP][PASSED] - waitForElementClickable(findTestObject("1-OBJECTS TAREAS PRINCIPALES/Modulo Tarea Compensacion/Novedades/input_Identificacin_listadoEmp"), 0): Object 'Object Repository/1-OBJECTS TAREAS PRINCIPALES/Modulo Tarea Compensacion/Novedades/input_Identificacin_listadoEmp' is clickable

2023-04-10 08:49:08 - [MESSAGE][WARNING] - Timeout '0' is invalid. Using default page load timeout: '37'

2023-04-10 08:49:09 - [MESSAGE][PASSED] - Object 'Object Repository/1-OBJECTS TAREAS PRINCIPALES/Modulo Tarea Compensacion/Novedades/input_Identificacin_listadoEmp' is clickable

2023-04-10 08:49:09 - [TEST_STEP][PASSED] - setText(findTestObject("1-OBJECTS TAREAS PRINCIPALES/Modulo Tarea Compensacion/Novedades/input_Identificacin_listadoEmp"), "354968431354"): Text '354968431354' is set on object 'Object Repository/1-OBJECTS TAREAS PRINCIPALES/Modulo Tarea Compensacion/Novedades/input_Identificacin_listadoEmp'

2023-04-10 08:49:10 - [MESSAGE][PASSED] - Text '354968431354' is set on object 'Object Repository/1-OBJECTS TAREAS PRINCIPALES/Modulo Tarea Compensacion/Novedades/input_Identificacin_listadoEmp'

2023-04-10 08:49:10 - [TEST_STEP][PASSED] - sendKeys(findTestObject("1-OBJECTS TAREAS PRINCIPALES/Modulo Tarea Compensacion/Novedades/input_Identificacin_listadoEmp"), Keys.chord(ENTER)): Keys 'ENTER + ' sent to object: 'Object Repository/1-OBJECTS TAREAS PRINCIPALES/Modulo Tarea Compensacion/Novedades/input_Identificacin_listadoEmp'

2023-04-10 08:49:10 - [MESSAGE][PASSED] - Keys 'ENTER + ' sent to object: 'Object Repository/1-OBJECTS TAREAS PRINCIPALES/Modulo Tarea Compensacion/Novedades/input_Identificacin_listadoEmp'

2023-04-10 08:49:10 - [TEST_STEP][PASSED] - waitForElementClickable(findTestObject("1-OBJECTS TAREAS PRINCIPALES/Modulo Tarea Compensacion/Novedades/span_CONSTA BELFEGORD JHON"), G_TimeOut): Object 'Object Repository/1-OBJECTS TAREAS PRINCIPALES/Modulo Tarea Compensacion/Novedades/span_CONSTA BELFEGORD JHON' is clickable

2023-04-10 08:49:12 - [MESSAGE][PASSED] - Object 'Object Repository/1-OBJECTS TAREAS PRINCIPALES/Modulo Tarea Compensacion/Novedades/span_CONSTA BELFEGORD JHON' is clickable

2023-04-10 08:49:12 - [TEST_STEP][PASSED] - click(findTestObject("1-OBJECTS TAREAS PRINCIPALES/Modulo Tarea Compensacion/Novedades/span_CONSTA BELFEGORD JHON")): Object: 'Object Repository/1-OBJECTS TAREAS PRINCIPALES/Modulo Tarea Compensacion/Novedades/span_CONSTA BELFEGORD JHON' is clicked on

2023-04-10 08:49:12 - [MESSAGE][PASSED] - Object: 'Object Repository/1-OBJECTS TAREAS PRINCIPALES/Modulo Tarea Compensacion/Novedades/span_CONSTA BELFEGORD JHON' is clicked on

2023-04-10 08:49:12 - [TEST_STEP][PASSED] - waitForElementClickable(findTestObject("1-OBJECTS TAREAS PRINCIPALES/Modulo Tarea Compensacion/Novedades/span_Novedades"), G_TimeOut): Object 'Object Repository/1-OBJECTS TAREAS PRINCIPALES/Modulo Tarea Compensacion/Novedades/span_Novedades' is clickable

2023-04-10 08:49:13 - [MESSAGE][PASSED] - Object 'Object Repository/1-OBJECTS TAREAS PRINCIPALES/Modulo Tarea Compensacion/Novedades/span_Novedades' is clickable

2023-04-10 08:49:13 - [TEST_STEP][PASSED] - scrollToElement(findTestObject("1-OBJECTS TAREAS PRINCIPALES/Modulo Tarea Compensacion/Novedades/span_Novedades"), 0): Scroll to object 'Object Repository/1-OBJECTS TAREAS PRINCIPALES/Modulo Tarea Compensacion/Novedades/span_Novedades' successfully

2023-04-10 08:49:13 - [MESSAGE][WARNING] - Timeout '0' is invalid. Using default page load timeout: '37'

2023-04-10 08:49:14 - [MESSAGE][PASSED] - Scroll to object 'Object Repository/1-OBJECTS TAREAS PRINCIPALES/Modulo Tarea Compensacion/Novedades/span_Novedades' successfully

2023-04-10 08:49:14 - [TEST_STEP][PASSED] - click(findTestObject("1-OBJECTS TAREAS PRINCIPALES/Modulo Tarea Compensacion/Novedades/span_Novedades")): Object: 'Object Repository/1-OBJECTS TAREAS PRINCIPALES/Modulo Tarea Compensacion/Novedades/span_Novedades' is clicked on

2023-04-10 08:49:14 - [MESSAGE][PASSED] - Object: 'Object Repository/1-OBJECTS TAREAS PRINCIPALES/Modulo Tarea Compensacion/Novedades/span_Novedades' is clicked on

2023-04-10 08:49:14 - [TEST_STEP][PASSED] - waitForElementClickable(findTestObject("1-OBJECTS TAREAS PRINCIPALES/Modulo Tarea Compensacion/Novedades/span_Nuevo"), G_TimeOut): Object 'Object Repository/1-OBJECTS TAREAS PRINCIPALES/Modulo Tarea Compensacion/Novedades/span_Nuevo' is clickable

2023-04-10 08:49:15 - [MESSAGE][PASSED] - Object 'Object Repository/1-OBJECTS TAREAS PRINCIPALES/Modulo Tarea Compensacion/Novedades/span_Nuevo' is clickable

2023-04-10 08:49:15 - [TEST_STEP][PASSED] - click(findTestObject("1-OBJECTS TAREAS PRINCIPALES/Modulo Tarea Compensacion/Novedades/span_Nuevo")): Object: 'Object Repository/1-OBJECTS TAREAS PRINCIPALES/Modulo Tarea Compensacion/Novedades/span_Nuevo' is clicked on

2023-04-10 08:49:15 - [MESSAGE][PASSED] - Object: 'Object Repository/1-OBJECTS TAREAS PRINCIPALES/Modulo Tarea Compensacion/Novedades/span_Nuevo' is clicked on

2023-04-10 08:49:15 - [TEST_STEP][PASSED] - click(findTestObject("1-OBJECTS TAREAS PRINCIPALES/Modulo Tarea Compensacion/Novedades/span_Adicionar entidad de AFC")): Object: 'Object Repository/1-OBJECTS TAREAS PRINCIPALES/Modulo Tarea Compensacion/Novedades/span_Adicionar entidad de AFC' is clicked on

2023-04-10 08:49:16 - [MESSAGE][PASSED] - Object: 'Object Repository/1-OBJECTS TAREAS PRINCIPALES/Modulo Tarea Compensacion/Novedades/span_Adicionar entidad de AFC' is clicked on

2023-04-10 08:49:16 - [TEST_STEP][PASSED] - waitForElementVisible(findTestObject("1-OBJECTS TAREAS PRINCIPALES/Modulo Tarea Compensacion/Novedades/input_Desde_form_novedadesEmpl"), 0): Object 'Object Repository/1-OBJECTS TAREAS PRINCIPALES/Modulo Tarea Compensacion/Novedades/input_Desde_form_novedadesEmpl' is visible

2023-04-10 08:49:16 - [MESSAGE][WARNING] - Timeout '0' is invalid. Using default page load timeout: '37'

2023-04-10 08:49:17 - [MESSAGE][PASSED] - Object 'Object Repository/1-OBJECTS TAREAS PRINCIPALES/Modulo Tarea Compensacion/Novedades/input_Desde_form_novedadesEmpl' is visible

2023-04-10 08:49:17 - [TEST_STEP][PASSED] - setText(findTestObject("1-OBJECTS TAREAS PRINCIPALES/Modulo Tarea Compensacion/Novedades/input_Desde_form_novedadesEmpl"), "01/12/2018"): Text '01/12/2018' is set on object 'Object Repository/1-OBJECTS TAREAS PRINCIPALES/Modulo Tarea Compensacion/Novedades/input_Desde_form_novedadesEmpl'

2023-04-10 08:49:18 - [MESSAGE][PASSED] - Text '01/12/2018' is set on object 'Object Repository/1-OBJECTS TAREAS PRINCIPALES/Modulo Tarea Compensacion/Novedades/input_Desde_form_novedadesEmpl'

2023-04-10 08:49:18 - [TEST_STEP][PASSED] - sendKeys(findTestObject("1-OBJECTS TAREAS PRINCIPALES/Modulo Tarea Compensacion/Novedades/input_Desde_form_novedadesEmpl"), Keys.chord(ENTER)): Keys 'ENTER + ' sent to object: 'Object Repository/1-OBJECTS TAREAS PRINCIPALES/Modulo Tarea Compensacion/Novedades/input_Desde_form_novedadesEmpl'

2023-04-10 08:49:18 - [MESSAGE][PASSED] - Keys 'ENTER + ' sent to object: 'Object Repository/1-OBJECTS TAREAS PRINCIPALES/Modulo Tarea Compensacion/Novedades/input_Desde_form_novedadesEmpl'

2023-04-10 08:49:18 - [TEST_STEP][PASSED] - setText(findTestObject("1-OBJECTS TAREAS PRINCIPALES/Modulo Tarea Compensacion/Novedades/input_Hasta_form_novedadesEmpl"), "31/01/2019"): Text '31/01/2019' is set on object 'Object Repository/1-OBJECTS TAREAS PRINCIPALES/Modulo Tarea Compensacion/Novedades/input_Hasta_form_novedadesEmpl'

2023-04-10 08:49:19 - [MESSAGE][PASSED] - Text '31/01/2019' is set on object 'Object Repository/1-OBJECTS TAREAS PRINCIPALES/Modulo Tarea Compensacion/Novedades/input_Hasta_form_novedadesEmpl'

2023-04-10 08:49:19 - [TEST_STEP][PASSED] - sendKeys(findTestObject("1-OBJECTS TAREAS PRINCIPALES/Modulo Tarea Compensacion/Novedades/input_Hasta_form_novedadesEmpl"), Keys.chord(ENTER)): Keys 'ENTER + ' sent to object: 'Object Repository/1-OBJECTS TAREAS PRINCIPALES/Modulo Tarea Compensacion/Novedades/input_Hasta_form_novedadesEmpl'

2023-04-10 08:49:20 - [MESSAGE][PASSED] - Keys 'ENTER + ' sent to object: 'Object Repository/1-OBJECTS TAREAS PRINCIPALES/Modulo Tarea Compensacion/Novedades/input_Hasta_form_novedadesEmpl'

2023-04-10 08:49:20 - [TEST_STEP][PASSED] - waitForElementClickable(findTestObject("1-OBJECTS TAREAS PRINCIPALES/Modulo Tarea Compensacion/Novedades/a_Sucursal_form_novedadesEmple"), G_TimeOut): Object 'Object Repository/1-OBJECTS TAREAS PRINCIPALES/Modulo Tarea Compensacion/Novedades/a_Sucursal_form_novedadesEmple' is clickable

2023-04-10 08:49:20 - [MESSAGE][PASSED] - Object 'Object Repository/1-OBJECTS TAREAS PRINCIPALES/Modulo Tarea Compensacion/Novedades/a_Sucursal_form_novedadesEmple' is clickable

2023-04-10 08:49:20 - [TEST_STEP][PASSED] - click(findTestObject("1-OBJECTS TAREAS PRINCIPALES/Modulo Tarea Compensacion/Novedades/a_Sucursal_form_novedadesEmple")): Object: 'Object Repository/1-OBJECTS TAREAS PRINCIPALES/Modulo Tarea Compensacion/Novedades/a_Sucursal_form_novedadesEmple' is clicked on

2023-04-10 08:49:21 - [MESSAGE][PASSED] - Object: 'Object Repository/1-OBJECTS TAREAS PRINCIPALES/Modulo Tarea Compensacion/Novedades/a_Sucursal_form_novedadesEmple' is clicked on

2023-04-10 08:49:21 - [TEST_STEP][PASSED] - waitForElementClickable(findTestObject("1-OBJECTS TAREAS PRINCIPALES/Modulo Tarea Compensacion/Novedades/span_AFC - HELM BANK"), G_TimeOut): Object 'Object Repository/1-OBJECTS TAREAS PRINCIPALES/Modulo Tarea Compensacion/Novedades/span_AFC - HELM BANK' is clickable

2023-04-10 08:49:21 - [MESSAGE][PASSED] - Object 'Object Repository/1-OBJECTS TAREAS PRINCIPALES/Modulo Tarea Compensacion/Novedades/span_AFC - HELM BANK' is clickable

2023-04-10 08:49:21 - [TEST_STEP][PASSED] - click(findTestObject("1-OBJECTS TAREAS PRINCIPALES/Modulo Tarea Compensacion/Novedades/span_AFC - HELM BANK")): Object: 'Object Repository/1-OBJECTS TAREAS PRINCIPALES/Modulo Tarea Compensacion/Novedades/span_AFC - HELM BANK' is clicked on

2023-04-10 08:49:22 - [MESSAGE][PASSED] - Object: 'Object Repository/1-OBJECTS TAREAS PRINCIPALES/Modulo Tarea Compensacion/Novedades/span_AFC - HELM BANK' is clicked on

2023-04-10 08:49:22 - [TEST_STEP][PASSED] - click(findTestObject("1-OBJECTS TAREAS PRINCIPALES/Modulo Tarea Compensacion/Novedades/input_Cuenta_form_novedadesEmp")): Object: 'Object Repository/1-OBJECTS TAREAS PRINCIPALES/Modulo Tarea Compensacion/Novedades/input_Cuenta_form_novedadesEmp' is clicked on

2023-04-10 08:49:23 - [MESSAGE][PASSED] - Object: 'Object Repository/1-OBJECTS TAREAS PRINCIPALES/Modulo Tarea Compensacion/Novedades/input_Cuenta_form_novedadesEmp' is clicked on

2023-04-10 08:49:23 - [TEST_STEP][PASSED] - setText(findTestObject("1-OBJECTS TAREAS PRINCIPALES/Modulo Tarea Compensacion/Novedades/input_Cuenta_form_novedadesEmp"), "63483135434398"): Text '63483135434398' is set on object 'Object Repository/1-OBJECTS TAREAS PRINCIPALES/Modulo Tarea Compensacion/Novedades/input_Cuenta_form_novedadesEmp'

2023-04-10 08:49:23 - [MESSAGE][PASSED] - Text '63483135434398' is set on object 'Object Repository/1-OBJECTS TAREAS PRINCIPALES/Modulo Tarea Compensacion/Novedades/input_Cuenta_form_novedadesEmp'

2023-04-10 08:49:23 - [TEST_STEP][PASSED] - click(findTestObject("1-OBJECTS TAREAS PRINCIPALES/Modulo Tarea Compensacion/Novedades/input_Valor_form_novedadesEmpl"), STOP_ON_FAILURE): Object: 'Object Repository/1-OBJECTS TAREAS PRINCIPALES/Modulo Tarea Compensacion/Novedades/input_Valor_form_novedadesEmpl' is clicked on

2023-04-10 08:49:24 - [MESSAGE][PASSED] - Object: 'Object Repository/1-OBJECTS TAREAS PRINCIPALES/Modulo Tarea Compensacion/Novedades/input_Valor_form_novedadesEmpl' is clicked on

2023-04-10 08:49:24 - [TEST_STEP][PASSED] - setText(findTestObject("1-OBJECTS TAREAS PRINCIPALES/Modulo Tarea Compensacion/Novedades/input_Valor_form_novedadesEmpl"), "100"): Text '100' is set on object 'Object Repository/1-OBJECTS TAREAS PRINCIPALES/Modulo Tarea Compensacion/Novedades/input_Valor_form_novedadesEmpl'

2023-04-10 08:49:25 - [MESSAGE][PASSED] - Text '100' is set on object 'Object Repository/1-OBJECTS TAREAS PRINCIPALES/Modulo Tarea Compensacion/Novedades/input_Valor_form_novedadesEmpl'

2023-04-10 08:49:25 - [TEST_STEP][PASSED] - waitForElementClickable(findTestObject("1-OBJECTS TAREAS PRINCIPALES/Modulo Tarea Compensacion/Novedades/select_-- seleccione --Ciclo 0"), 0, STOP_ON_FAILURE): Object 'Object Repository/1-OBJECTS TAREAS PRINCIPALES/Modulo Tarea Compensacion/Novedades/select_-- seleccione --Ciclo 0' is clickable

2023-04-10 08:49:25 - [MESSAGE][WARNING] - Timeout '0' is invalid. Using default page load timeout: '37'

2023-04-10 08:49:25 - [MESSAGE][PASSED] - Object 'Object Repository/1-OBJECTS TAREAS PRINCIPALES/Modulo Tarea Compensacion/Novedades/select_-- seleccione --Ciclo 0' is clickable

2023-04-10 08:49:25 - [TEST_STEP][PASSED] - selectOptionByValue(findTestObject("1-OBJECTS TAREAS PRINCIPALES/Modulo Tarea Compensacion/Novedades/select_-- seleccione --Ciclo 0"), "1", true): All options with value '1' are selected in object 'Object Repository/1-OBJECTS TAREAS PRINCIPALES/Modulo Tarea Compensacion/Novedades/select_-- seleccione --Ciclo 0'  using regular expression

2023-04-10 08:49:26 - [MESSAGE][PASSED] - All options with value '1' are selected in object 'Object Repository/1-OBJECTS TAREAS PRINCIPALES/Modulo Tarea Compensacion/Novedades/select_-- seleccione --Ciclo 0'  using regular expression

2023-04-10 08:49:26 - [TEST_STEP][PASSED] - click(findTestObject("1-OBJECTS TAREAS PRINCIPALES/Modulo Tarea Compensacion/Novedades/textarea_Observacin_form_noved"), STOP_ON_FAILURE): Object: 'Object Repository/1-OBJECTS TAREAS PRINCIPALES/Modulo Tarea Compensacion/Novedades/textarea_Observacin_form_noved' is clicked on

2023-04-10 08:49:27 - [MESSAGE][PASSED] - Object: 'Object Repository/1-OBJECTS TAREAS PRINCIPALES/Modulo Tarea Compensacion/Novedades/textarea_Observacin_form_noved' is clicked on

2023-04-10 08:49:27 - [TEST_STEP][PASSED] - setText(findTestObject("1-OBJECTS TAREAS PRINCIPALES/Modulo Tarea Compensacion/Novedades/textarea_Observacin_form_noved"), "aaaaaaaaaaa"): Text 'aaaaaaaaaaa' is set on object 'Object Repository/1-OBJECTS TAREAS PRINCIPALES/Modulo Tarea Compensacion/Novedades/textarea_Observacin_form_noved'

2023-04-10 08:49:27 - [MESSAGE][PASSED] - Text 'aaaaaaaaaaa' is set on object 'Object Repository/1-OBJECTS TAREAS PRINCIPALES/Modulo Tarea Compensacion/Novedades/textarea_Observacin_form_noved'

2023-04-10 08:49:27 - [TEST_STEP][PASSED] - waitForElementClickable(findTestObject("1-OBJECTS TAREAS PRINCIPALES/Modulo Tarea Compensacion/Novedades/a_Guardar"), G_TimeOut): Object 'Object Repository/1-OBJECTS TAREAS PRINCIPALES/Modulo Tarea Compensacion/Novedades/a_Guardar' is clickable

2023-04-10 08:49:28 - [MESSAGE][PASSED] - Object 'Object Repository/1-OBJECTS TAREAS PRINCIPALES/Modulo Tarea Compensacion/Novedades/a_Guardar' is clickable

2023-04-10 08:49:28 - [TEST_STEP][PASSED] - click(findTestObject("1-OBJECTS TAREAS PRINCIPALES/Modulo Tarea Compensacion/Novedades/a_Guardar")): Object: 'Object Repository/1-OBJECTS TAREAS PRINCIPALES/Modulo Tarea Compensacion/Novedades/a_Guardar' is clicked on

2023-04-10 08:49:28 - [MESSAGE][PASSED] - Object: 'Object Repository/1-OBJECTS TAREAS PRINCIPALES/Modulo Tarea Compensacion/Novedades/a_Guardar' is clicked on

2023-04-10 08:49:28 - [TEST_STEP][PASSED] - Alerta = getText(findTestObject("3-OBJECTS UTILIDADES/Alerta/Alerta")): Text of object 'Object Repository/3-OBJECTS UTILIDADES/Alerta/Alerta' is: 'Registro guardado'

2023-04-10 08:49:30 - [MESSAGE][PASSED] - Text of object 'Object Repository/3-OBJECTS UTILIDADES/Alerta/Alerta' is: 'Registro guardado'

2023-04-10 08:49:30 - [TEST_STEP][PASSED] - if (Alerta == "Registro guardado"): Browser is closed

2023-04-10 08:49:30 - [TEST_STEP][PASSED] - closeBrowser(): Browser is closed

2023-04-10 08:49:30 - [MESSAGE][PASSED] - Browser is closed]]></system-out>
         <system-err><![CDATA[]]></system-err>
      </testcase>
      <testcase name="Test Cases/1.1-Tareas Principales/1.3.1-Periodo en Proceso - Archivo Plano" time="25.281" classname="Test Cases/1.1-Tareas Principales/1.3.1-Periodo en Proceso - Archivo Plano" status="PASSED">
         <system-out><![CDATA[2023-04-10 08:49:30 - [TEST_CASE][PASSED] - Test Cases/1.1-Tareas Principales/1.3.1-Periodo en Proceso - Archivo Plano: Test Cases/1.1-Tareas Principales/1.3.1-Periodo en Proceso - Archivo Plano

2023-04-10 08:49:31 - [TEST_STEP][PASSED] - callTestCase(findTestCase("Utilidades-(atajos_para _tareas)/Tareas Administracion Compensacion/Tarea Liquidacion Nomina"), [:], STOP_ON_FAILURE): Call Test Case 'Test Cases/Utilidades-(atajos_para _tareas)/Tareas Administracion Compensacion/Tarea Liquidacion Nomina' successfully

2023-04-10 08:49:31 - [TEST_CASE][PASSED] - Test Cases/Utilidades-(atajos_para _tareas)/Tareas Administracion Compensacion/Tarea Liquidacion Nomina: Test Cases/Utilidades-(atajos_para _tareas)/Tareas Administracion Compensacion/Tarea Liquidacion Nomina

2023-04-10 08:49:31 - [TEST_STEP][PASSED] - callTestCase(findTestCase("0.1-Login"), [:], STOP_ON_FAILURE): Call Test Case 'Test Cases/0.1-Login' successfully

2023-04-10 08:49:31 - [TEST_CASE][PASSED] - Test Cases/0.1-Login: Test Cases/0.1-Login

2023-04-10 08:49:31 - [TEST_STEP][PASSED] - openBrowser(""): Browser is opened with url: ''

2023-04-10 08:49:31 - [MESSAGE][INFO] - Starting 'Chrome' driver

2023-04-10 08:49:31 - [MESSAGE][INFO] - Action delay is set to 0 milliseconds

2023-04-10 08:49:32 - [MESSAGE][PASSED] - Browser is opened with url: ''

2023-04-10 08:49:32 - [TEST_STEP][PASSED] - maximizeWindow(): Current window maximized

2023-04-10 08:49:33 - [MESSAGE][PASSED] - Current window maximized

2023-04-10 08:49:33 - [TEST_STEP][PASSED] - i = G_Login: null

2023-04-10 08:49:33 - [TEST_STEP][PASSED] - url = new java.net.URL(i): null

2023-04-10 08:49:33 - [TEST_STEP][PASSED] - println("URL: " + url.toString()): null

2023-04-10 08:49:33 - [TEST_STEP][PASSED] - connection = url.openConnection(): null

2023-04-10 08:49:33 - [TEST_STEP][PASSED] - connection.setRequestMethod("GET"): null

2023-04-10 08:49:33 - [TEST_STEP][PASSED] - connection.setReadTimeout(2 * 1000): null

2023-04-10 08:49:33 - [TEST_STEP][PASSED] - try: null

2023-04-10 08:49:33 - [TEST_STEP][PASSED] - connection.connect(): null

2023-04-10 08:49:33 - [TEST_STEP][PASSED] - flag = connected: null

2023-04-10 08:49:33 - [TEST_STEP][PASSED] - println("Valor_ori: " + flag): null

2023-04-10 08:49:33 - [TEST_STEP][PASSED] - if (flag): null

2023-04-10 08:49:33 - [TEST_STEP][PASSED] - navigateToUrl(i): Navigate to 'http://192.168.2.19:8380/saraweb' successfully

2023-04-10 08:49:33 - [MESSAGE][PASSED] - Navigate to 'http://192.168.2.19:8380/saraweb' successfully

2023-04-10 08:49:33 - [TEST_STEP][PASSED] - a(): null

2023-04-10 08:49:33 - [TEST_STEP][PASSED] - if (waitForElementVisible(findTestObject("3-OBJECTS UTILIDADES/Login/input_USUARIO_loginusuario"), 0)): null

2023-04-10 08:49:33 - [MESSAGE][WARNING] - Timeout '0' is invalid. Using default page load timeout: '37'

2023-04-10 08:49:34 - [MESSAGE][PASSED] - Object 'Object Repository/3-OBJECTS UTILIDADES/Login/input_USUARIO_loginusuario' is visible

2023-04-10 08:49:34 - [TEST_STEP][PASSED] - switchToWindowTitle("SARA"): Switched to window with title: 'SARA'

2023-04-10 08:49:34 - [MESSAGE][PASSED] - Switched to window with title: 'SARA'

2023-04-10 08:49:34 - [TEST_STEP][PASSED] - zoom(): null

2023-04-10 08:49:34 - [TEST_STEP][PASSED] - robot = new java.awt.Robot(): null

2023-04-10 08:49:34 - [TEST_STEP][PASSED] - robot.keyPress(VK_CONTROL): null

2023-04-10 08:49:34 - [TEST_STEP][PASSED] - robot.keyPress(VK_SUBTRACT): null

2023-04-10 08:49:34 - [TEST_STEP][PASSED] - robot.keyRelease(VK_CONTROL): null

2023-04-10 08:49:34 - [TEST_STEP][PASSED] - robot.keyRelease(VK_SUBTRACT): null

2023-04-10 08:49:34 - [TEST_STEP][PASSED] - robot.keyPress(VK_CONTROL): null

2023-04-10 08:49:34 - [TEST_STEP][PASSED] - robot.keyPress(VK_SUBTRACT): null

2023-04-10 08:49:34 - [TEST_STEP][PASSED] - robot.keyRelease(VK_CONTROL): null

2023-04-10 08:49:34 - [TEST_STEP][PASSED] - robot.keyRelease(VK_SUBTRACT): null

2023-04-10 08:49:34 - [TEST_STEP][PASSED] - robot.keyPress(VK_CONTROL): null

2023-04-10 08:49:34 - [TEST_STEP][PASSED] - robot.keyPress(VK_SUBTRACT): null

2023-04-10 08:49:34 - [TEST_STEP][PASSED] - robot.keyRelease(VK_CONTROL): null

2023-04-10 08:49:34 - [TEST_STEP][PASSED] - robot.keyRelease(VK_SUBTRACT): null

2023-04-10 08:49:34 - [TEST_STEP][PASSED] - robot.keyRelease(VK_CONTROL): null

2023-04-10 08:49:34 - [TEST_STEP][PASSED] - robot.keyRelease(VK_SUBTRACT): null

2023-04-10 08:49:34 - [TEST_STEP][PASSED] - setText(findTestObject("3-OBJECTS UTILIDADES/Login/input_USUARIO_loginusuario"), G_Usuario): Text 'saraadmin' is set on object 'Object Repository/3-OBJECTS UTILIDADES/Login/input_USUARIO_loginusuario'

2023-04-10 08:49:34 - [MESSAGE][PASSED] - Text 'saraadmin' is set on object 'Object Repository/3-OBJECTS UTILIDADES/Login/input_USUARIO_loginusuario'

2023-04-10 08:49:34 - [TEST_STEP][PASSED] - setEncryptedText(findTestObject("3-OBJECTS UTILIDADES/Login/input_CLAVE_loginpassword"), "SlAwMcyRKqrwbnzhAs8HhT6NnI7sEyng"): Text ****** has been set on object 'Object Repository/3-OBJECTS UTILIDADES/Login/input_CLAVE_loginpassword'

2023-04-10 08:49:36 - [MESSAGE][PASSED] - Text ****** has been set on object 'Object Repository/3-OBJECTS UTILIDADES/Login/input_CLAVE_loginpassword'

2023-04-10 08:49:36 - [TEST_STEP][PASSED] - while (waitForElementClickable(findTestObject("3-OBJECTS UTILIDADES/Login/a_Ingresar"), 1)): Web element with id: 'Object Repository/3-OBJECTS UTILIDADES/Login/a_Ingresar' located by '//a[contains(text(),'Ingresar')]' not found

2023-04-10 08:49:38 - [MESSAGE][INFO] - Unable to find the element located by 'By.xpath: //a[contains(text(),'Ingresar')]'. Please recheck the objects properties to make sure the desired element is located. 

2023-04-10 08:49:38 - [MESSAGE][WARNING] - Web element with id: 'Object Repository/3-OBJECTS UTILIDADES/Login/a_Ingresar' located by '//a[contains(text(),'Ingresar')]' not found

2023-04-10 08:49:38 - [MESSAGE][PASSED] - Call Test Case 'Test Cases/0.1-Login' successfully

2023-04-10 08:49:38 - [TEST_STEP][PASSED] - setText(findTestObject("1-OBJECTS TAREAS PRINCIPALES/Modulo Tarea Compensacion/Tarea Liquidacion Nomina/input_Listado de Empleados_"), "Liquidacion Nomina"): Text 'Liquidacion Nomina' is set on object 'Object Repository/1-OBJECTS TAREAS PRINCIPALES/Modulo Tarea Compensacion/Tarea Liquidacion Nomina/input_Listado de Empleados_'

2023-04-10 08:49:39 - [MESSAGE][PASSED] - Text 'Liquidacion Nomina' is set on object 'Object Repository/1-OBJECTS TAREAS PRINCIPALES/Modulo Tarea Compensacion/Tarea Liquidacion Nomina/input_Listado de Empleados_'

2023-04-10 08:49:39 - [TEST_STEP][PASSED] - waitForElementVisible(findTestObject("1-OBJECTS TAREAS PRINCIPALES/Modulo Tarea Compensacion/Tarea Liquidacion Nomina/span_Liquidacion Nomina"), 0): Object 'Object Repository/1-OBJECTS TAREAS PRINCIPALES/Modulo Tarea Compensacion/Tarea Liquidacion Nomina/span_Liquidacion Nomina' is visible

2023-04-10 08:49:39 - [MESSAGE][WARNING] - Timeout '0' is invalid. Using default page load timeout: '37'

2023-04-10 08:49:40 - [MESSAGE][PASSED] - Object 'Object Repository/1-OBJECTS TAREAS PRINCIPALES/Modulo Tarea Compensacion/Tarea Liquidacion Nomina/span_Liquidacion Nomina' is visible

2023-04-10 08:49:40 - [TEST_STEP][PASSED] - click(findTestObject("1-OBJECTS TAREAS PRINCIPALES/Modulo Tarea Compensacion/Tarea Liquidacion Nomina/span_Liquidacion Nomina")): Object: 'Object Repository/1-OBJECTS TAREAS PRINCIPALES/Modulo Tarea Compensacion/Tarea Liquidacion Nomina/span_Liquidacion Nomina' is clicked on

2023-04-10 08:49:41 - [MESSAGE][PASSED] - Object: 'Object Repository/1-OBJECTS TAREAS PRINCIPALES/Modulo Tarea Compensacion/Tarea Liquidacion Nomina/span_Liquidacion Nomina' is clicked on

2023-04-10 08:49:41 - [MESSAGE][PASSED] - Call Test Case 'Test Cases/Utilidades-(atajos_para _tareas)/Tareas Administracion Compensacion/Tarea Liquidacion Nomina' successfully

2023-04-10 08:49:41 - [TEST_STEP][PASSED] - waitForElementClickable(findTestObject("1-OBJECTS TAREAS PRINCIPALES/Modulo Tarea Compensacion/Periodo en Proceso - Archivo Plano/a_Periodo Nomina_LiquidacionNominaj_idt63"), G_TimeOut): Object 'Object Repository/1-OBJECTS TAREAS PRINCIPALES/Modulo Tarea Compensacion/Periodo en Proceso - Archivo Plano/a_Periodo Nomina_LiquidacionNominaj_idt63' is clickable

2023-04-10 08:49:42 - [MESSAGE][PASSED] - Object 'Object Repository/1-OBJECTS TAREAS PRINCIPALES/Modulo Tarea Compensacion/Periodo en Proceso - Archivo Plano/a_Periodo Nomina_LiquidacionNominaj_idt63' is clickable

2023-04-10 08:49:42 - [TEST_STEP][PASSED] - click(findTestObject("1-OBJECTS TAREAS PRINCIPALES/Modulo Tarea Compensacion/Periodo en Proceso - Archivo Plano/a_Periodo Nomina_LiquidacionNominaj_idt63")): Object: 'Object Repository/1-OBJECTS TAREAS PRINCIPALES/Modulo Tarea Compensacion/Periodo en Proceso - Archivo Plano/a_Periodo Nomina_LiquidacionNominaj_idt63' is clicked on

2023-04-10 08:49:42 - [MESSAGE][PASSED] - Object: 'Object Repository/1-OBJECTS TAREAS PRINCIPALES/Modulo Tarea Compensacion/Periodo en Proceso - Archivo Plano/a_Periodo Nomina_LiquidacionNominaj_idt63' is clicked on

2023-04-10 08:49:42 - [TEST_STEP][PASSED] - waitForElementClickable(findTestObject("1-OBJECTS TAREAS PRINCIPALES/Modulo Tarea Compensacion/Periodo en Proceso - Archivo Plano/select_--  Seleccione  --Periodo CerradoPeriodo en Proceso"), G_TimeOut): Object 'Object Repository/1-OBJECTS TAREAS PRINCIPALES/Modulo Tarea Compensacion/Periodo en Proceso - Archivo Plano/select_--  Seleccione  --Periodo CerradoPeriodo en Proceso' is clickable

2023-04-10 08:49:43 - [MESSAGE][PASSED] - Object 'Object Repository/1-OBJECTS TAREAS PRINCIPALES/Modulo Tarea Compensacion/Periodo en Proceso - Archivo Plano/select_--  Seleccione  --Periodo CerradoPeriodo en Proceso' is clickable

2023-04-10 08:49:43 - [TEST_STEP][PASSED] - click(findTestObject("1-OBJECTS TAREAS PRINCIPALES/Modulo Tarea Compensacion/Periodo en Proceso - Archivo Plano/select_--  Seleccione  --Periodo CerradoPeriodo en Proceso")): Object: 'Object Repository/1-OBJECTS TAREAS PRINCIPALES/Modulo Tarea Compensacion/Periodo en Proceso - Archivo Plano/select_--  Seleccione  --Periodo CerradoPeriodo en Proceso' is clicked on

2023-04-10 08:49:43 - [MESSAGE][PASSED] - Object: 'Object Repository/1-OBJECTS TAREAS PRINCIPALES/Modulo Tarea Compensacion/Periodo en Proceso - Archivo Plano/select_--  Seleccione  --Periodo CerradoPeriodo en Proceso' is clicked on

2023-04-10 08:49:43 - [TEST_STEP][PASSED] - selectOptionByIndex(findTestObject("1-OBJECTS TAREAS PRINCIPALES/Modulo Tarea Compensacion/Periodo en Proceso - Archivo Plano/select_--  Seleccione  --Periodo CerradoPeriodo en Proceso"), 2): All options with index in [2] are selected on object 'Object Repository/1-OBJECTS TAREAS PRINCIPALES/Modulo Tarea Compensacion/Periodo en Proceso - Archivo Plano/select_--  Seleccione  --Periodo CerradoPeriodo en Proceso'

2023-04-10 08:49:44 - [MESSAGE][PASSED] - All options with index in [2] are selected on object 'Object Repository/1-OBJECTS TAREAS PRINCIPALES/Modulo Tarea Compensacion/Periodo en Proceso - Archivo Plano/select_--  Seleccione  --Periodo CerradoPeriodo en Proceso'

2023-04-10 08:49:44 - [TEST_STEP][PASSED] - waitForElementClickable(findTestObject("1-OBJECTS TAREAS PRINCIPALES/Modulo Tarea Compensacion/Periodo en Proceso - Archivo Plano/span_P MensualJulio2021"), G_TimeOut): Object 'Object Repository/1-OBJECTS TAREAS PRINCIPALES/Modulo Tarea Compensacion/Periodo en Proceso - Archivo Plano/span_P MensualJulio2021' is clickable

2023-04-10 08:49:45 - [MESSAGE][PASSED] - Object 'Object Repository/1-OBJECTS TAREAS PRINCIPALES/Modulo Tarea Compensacion/Periodo en Proceso - Archivo Plano/span_P MensualJulio2021' is clickable

2023-04-10 08:49:45 - [TEST_STEP][PASSED] - click(findTestObject("1-OBJECTS TAREAS PRINCIPALES/Modulo Tarea Compensacion/Periodo en Proceso - Archivo Plano/span_P MensualJulio2021")): Object: 'Object Repository/1-OBJECTS TAREAS PRINCIPALES/Modulo Tarea Compensacion/Periodo en Proceso - Archivo Plano/span_P MensualJulio2021' is clicked on

2023-04-10 08:49:45 - [MESSAGE][PASSED] - Object: 'Object Repository/1-OBJECTS TAREAS PRINCIPALES/Modulo Tarea Compensacion/Periodo en Proceso - Archivo Plano/span_P MensualJulio2021' is clicked on

2023-04-10 08:49:45 - [TEST_STEP][PASSED] - click(findTestObject("1-OBJECTS TAREAS PRINCIPALES/Modulo Tarea Compensacion/Periodo en Proceso - Archivo Plano/span_Archivo Plano")): Object: 'Object Repository/1-OBJECTS TAREAS PRINCIPALES/Modulo Tarea Compensacion/Periodo en Proceso - Archivo Plano/span_Archivo Plano' is clicked on

2023-04-10 08:49:48 - [MESSAGE][PASSED] - Object: 'Object Repository/1-OBJECTS TAREAS PRINCIPALES/Modulo Tarea Compensacion/Periodo en Proceso - Archivo Plano/span_Archivo Plano' is clicked on

2023-04-10 08:49:48 - [TEST_STEP][PASSED] - selectOptionByValue(findTestObject("1-OBJECTS TAREAS PRINCIPALES/Modulo Tarea Compensacion/Periodo en Proceso - Archivo Plano/select_ddMMyyddMMyyyyyyMMddyyy"), "dd/MM/yy", true): All options with value 'dd/MM/yy' are selected in object 'Object Repository/1-OBJECTS TAREAS PRINCIPALES/Modulo Tarea Compensacion/Periodo en Proceso - Archivo Plano/select_ddMMyyddMMyyyyyyMMddyyy'  using regular expression

2023-04-10 08:49:49 - [MESSAGE][PASSED] - All options with value 'dd/MM/yy' are selected in object 'Object Repository/1-OBJECTS TAREAS PRINCIPALES/Modulo Tarea Compensacion/Periodo en Proceso - Archivo Plano/select_ddMMyyddMMyyyyyyMMddyyy'  using regular expression

2023-04-10 08:49:49 - [TEST_STEP][PASSED] - selectOptionByIndex(findTestObject("2-OBJECTS TAREAS SECUNDARIAS/Pruebas capacitacion/Evento_de_Capacitacion/select_Acumular valorAdicionar nicamenteReemplazar valor"), 1): All options with index in [1] are selected on object 'Object Repository/2-OBJECTS TAREAS SECUNDARIAS/Pruebas capacitacion/Evento_de_Capacitacion/select_Acumular valorAdicionar nicamenteReemplazar valor'

2023-04-10 08:49:50 - [MESSAGE][PASSED] - All options with index in [1] are selected on object 'Object Repository/2-OBJECTS TAREAS SECUNDARIAS/Pruebas capacitacion/Evento_de_Capacitacion/select_Acumular valorAdicionar nicamenteReemplazar valor'

2023-04-10 08:49:50 - [TEST_STEP][PASSED] - ra = "": null

2023-04-10 08:49:50 - [TEST_STEP][PASSED] - ruta = Systema(ra) + "ArchivoPlanoLiquidacionNomina.txt": null

2023-04-10 08:49:50 - [TEST_STEP][PASSED] - RutaA = System.getProperty("os.name"): null

2023-04-10 08:49:50 - [TEST_STEP][PASSED] - if (RutaA == "Windows 10"): null

2023-04-10 08:49:50 - [TEST_STEP][PASSED] - rutaW = getProjectDir() + "/1.Requerimientos/Documento para pruebas/": null

2023-04-10 08:49:50 - [TEST_STEP][PASSED] - rutaW = rutaW.replace("/", "\"): null

2023-04-10 08:49:50 - [TEST_STEP][PASSED] - println("Esta es la ruta:" + rutaW): null

2023-04-10 08:49:50 - [TEST_STEP][PASSED] - ra = rutaW: null

2023-04-10 08:49:50 - [TEST_STEP][PASSED] - println(ruta): null

2023-04-10 08:49:50 - [TEST_STEP][PASSED] - uploadFile(findTestObject("1-OBJECTS TAREAS PRINCIPALES/Modulo Tarea Compensacion/Periodo en Proceso - Archivo Plano/Archivo"), ruta): File 'C:\Users\diego.rojas\git\Pruebas-Minimas\1.Requerimientos\Documento para pruebas\ArchivoPlanoLiquidacionNomina.txt' sent to object: 'Object Repository/1-OBJECTS TAREAS PRINCIPALES/Modulo Tarea Compensacion/Periodo en Proceso - Archivo Plano/Archivo'

2023-04-10 08:49:51 - [MESSAGE][PASSED] - File 'C:\Users\diego.rojas\git\Pruebas-Minimas\1.Requerimientos\Documento para pruebas\ArchivoPlanoLiquidacionNomina.txt' sent to object: 'Object Repository/1-OBJECTS TAREAS PRINCIPALES/Modulo Tarea Compensacion/Periodo en Proceso - Archivo Plano/Archivo'

2023-04-10 08:49:51 - [TEST_STEP][PASSED] - filePath = getAttribute(findTestObject("1-OBJECTS TAREAS PRINCIPALES/Modulo Tarea Compensacion/Periodo en Proceso - Archivo Plano/Archivo"), "value"): Attribute 'value' of object 'Object Repository/1-OBJECTS TAREAS PRINCIPALES/Modulo Tarea Compensacion/Periodo en Proceso - Archivo Plano/Archivo' is: ''

2023-04-10 08:49:51 - [MESSAGE][PASSED] - Attribute 'value' of object 'Object Repository/1-OBJECTS TAREAS PRINCIPALES/Modulo Tarea Compensacion/Periodo en Proceso - Archivo Plano/Archivo' is: ''

2023-04-10 08:49:51 - [TEST_STEP][PASSED] - waitForElementClickable(findTestObject("1-OBJECTS TAREAS PRINCIPALES/Modulo Tarea Compensacion/Periodo en Proceso - Archivo Plano/a_Importar"), 0): Object 'Object Repository/1-OBJECTS TAREAS PRINCIPALES/Modulo Tarea Compensacion/Periodo en Proceso - Archivo Plano/a_Importar' is clickable

2023-04-10 08:49:52 - [MESSAGE][WARNING] - Timeout '0' is invalid. Using default page load timeout: '37'

2023-04-10 08:49:52 - [MESSAGE][PASSED] - Object 'Object Repository/1-OBJECTS TAREAS PRINCIPALES/Modulo Tarea Compensacion/Periodo en Proceso - Archivo Plano/a_Importar' is clickable

2023-04-10 08:49:52 - [TEST_STEP][PASSED] - click(findTestObject("1-OBJECTS TAREAS PRINCIPALES/Modulo Tarea Compensacion/Periodo en Proceso - Archivo Plano/a_Importar")): Object: 'Object Repository/1-OBJECTS TAREAS PRINCIPALES/Modulo Tarea Compensacion/Periodo en Proceso - Archivo Plano/a_Importar' is clicked on

2023-04-10 08:49:52 - [MESSAGE][PASSED] - Object: 'Object Repository/1-OBJECTS TAREAS PRINCIPALES/Modulo Tarea Compensacion/Periodo en Proceso - Archivo Plano/a_Importar' is clicked on

2023-04-10 08:49:52 - [TEST_STEP][PASSED] - click(findTestObject("1-OBJECTS TAREAS PRINCIPALES/Modulo Tarea Compensacion/Periodo en Proceso - Archivo Plano/span_Aplicar")): Object: 'Object Repository/1-OBJECTS TAREAS PRINCIPALES/Modulo Tarea Compensacion/Periodo en Proceso - Archivo Plano/span_Aplicar' is clicked on

2023-04-10 08:49:53 - [MESSAGE][PASSED] - Object: 'Object Repository/1-OBJECTS TAREAS PRINCIPALES/Modulo Tarea Compensacion/Periodo en Proceso - Archivo Plano/span_Aplicar' is clicked on

2023-04-10 08:49:53 - [TEST_STEP][PASSED] - click(findTestObject("1-OBJECTS TAREAS PRINCIPALES/Modulo Tarea Compensacion/Periodo en Proceso - Archivo Plano/Page_SARA/span_Si")): Object: 'Object Repository/1-OBJECTS TAREAS PRINCIPALES/Modulo Tarea Compensacion/Periodo en Proceso - Archivo Plano/Page_SARA/span_Si' is clicked on

2023-04-10 08:49:54 - [MESSAGE][PASSED] - Object: 'Object Repository/1-OBJECTS TAREAS PRINCIPALES/Modulo Tarea Compensacion/Periodo en Proceso - Archivo Plano/Page_SARA/span_Si' is clicked on

2023-04-10 08:49:54 - [TEST_STEP][PASSED] - Alerta = getText(findTestObject("3-OBJECTS UTILIDADES/Alerta/Alerta")): Text of object 'Object Repository/3-OBJECTS UTILIDADES/Alerta/Alerta' is: 'Archivo aplicado'

2023-04-10 08:49:55 - [MESSAGE][PASSED] - Text of object 'Object Repository/3-OBJECTS UTILIDADES/Alerta/Alerta' is: 'Archivo aplicado'

2023-04-10 08:49:55 - [TEST_STEP][PASSED] - if (Alerta == "Archivo aplicado"): Browser is closed

2023-04-10 08:49:55 - [TEST_STEP][PASSED] - closeBrowser(): Browser is closed

2023-04-10 08:49:56 - [MESSAGE][PASSED] - Browser is closed]]></system-out>
         <system-err><![CDATA[]]></system-err>
      </testcase>
      <testcase name="Test Cases/1.1-Tareas Principales/1.3.2-Recalculo Seleccion" time="22.281" classname="Test Cases/1.1-Tareas Principales/1.3.2-Recalculo Seleccion" status="PASSED">
         <system-out><![CDATA[2023-04-10 08:49:56 - [TEST_CASE][PASSED] - Test Cases/1.1-Tareas Principales/1.3.2-Recalculo Seleccion: Test Cases/1.1-Tareas Principales/1.3.2-Recalculo Seleccion

2023-04-10 08:49:56 - [TEST_STEP][PASSED] - callTestCase(findTestCase("Utilidades-(atajos_para _tareas)/Tareas Administracion Compensacion/Tarea Liquidacion Nomina"), [:], STOP_ON_FAILURE): Call Test Case 'Test Cases/Utilidades-(atajos_para _tareas)/Tareas Administracion Compensacion/Tarea Liquidacion Nomina' successfully

2023-04-10 08:49:56 - [TEST_CASE][PASSED] - Test Cases/Utilidades-(atajos_para _tareas)/Tareas Administracion Compensacion/Tarea Liquidacion Nomina: Test Cases/Utilidades-(atajos_para _tareas)/Tareas Administracion Compensacion/Tarea Liquidacion Nomina

2023-04-10 08:49:56 - [TEST_STEP][PASSED] - callTestCase(findTestCase("0.1-Login"), [:], STOP_ON_FAILURE): Call Test Case 'Test Cases/0.1-Login' successfully

2023-04-10 08:49:56 - [TEST_CASE][PASSED] - Test Cases/0.1-Login: Test Cases/0.1-Login

2023-04-10 08:49:56 - [TEST_STEP][PASSED] - openBrowser(""): Browser is opened with url: ''

2023-04-10 08:49:56 - [MESSAGE][INFO] - Starting 'Chrome' driver

2023-04-10 08:49:56 - [MESSAGE][INFO] - Action delay is set to 0 milliseconds

2023-04-10 08:49:57 - [MESSAGE][PASSED] - Browser is opened with url: ''

2023-04-10 08:49:57 - [TEST_STEP][PASSED] - maximizeWindow(): Current window maximized

2023-04-10 08:49:58 - [MESSAGE][PASSED] - Current window maximized

2023-04-10 08:49:58 - [TEST_STEP][PASSED] - i = G_Login: null

2023-04-10 08:49:58 - [TEST_STEP][PASSED] - url = new java.net.URL(i): null

2023-04-10 08:49:58 - [TEST_STEP][PASSED] - println("URL: " + url.toString()): null

2023-04-10 08:49:58 - [TEST_STEP][PASSED] - connection = url.openConnection(): null

2023-04-10 08:49:58 - [TEST_STEP][PASSED] - connection.setRequestMethod("GET"): null

2023-04-10 08:49:58 - [TEST_STEP][PASSED] - connection.setReadTimeout(2 * 1000): null

2023-04-10 08:49:58 - [TEST_STEP][PASSED] - try: null

2023-04-10 08:49:58 - [TEST_STEP][PASSED] - connection.connect(): null

2023-04-10 08:49:58 - [TEST_STEP][PASSED] - flag = connected: null

2023-04-10 08:49:58 - [TEST_STEP][PASSED] - println("Valor_ori: " + flag): null

2023-04-10 08:49:58 - [TEST_STEP][PASSED] - if (flag): null

2023-04-10 08:49:58 - [TEST_STEP][PASSED] - navigateToUrl(i): Navigate to 'http://192.168.2.19:8380/saraweb' successfully

2023-04-10 08:49:58 - [MESSAGE][PASSED] - Navigate to 'http://192.168.2.19:8380/saraweb' successfully

2023-04-10 08:49:58 - [TEST_STEP][PASSED] - a(): null

2023-04-10 08:49:58 - [TEST_STEP][PASSED] - if (waitForElementVisible(findTestObject("3-OBJECTS UTILIDADES/Login/input_USUARIO_loginusuario"), 0)): null

2023-04-10 08:49:58 - [MESSAGE][WARNING] - Timeout '0' is invalid. Using default page load timeout: '37'

2023-04-10 08:49:58 - [MESSAGE][PASSED] - Object 'Object Repository/3-OBJECTS UTILIDADES/Login/input_USUARIO_loginusuario' is visible

2023-04-10 08:49:58 - [TEST_STEP][PASSED] - switchToWindowTitle("SARA"): Switched to window with title: 'SARA'

2023-04-10 08:49:58 - [MESSAGE][PASSED] - Switched to window with title: 'SARA'

2023-04-10 08:49:58 - [TEST_STEP][PASSED] - zoom(): null

2023-04-10 08:49:58 - [TEST_STEP][PASSED] - robot = new java.awt.Robot(): null

2023-04-10 08:49:58 - [TEST_STEP][PASSED] - robot.keyPress(VK_CONTROL): null

2023-04-10 08:49:58 - [TEST_STEP][PASSED] - robot.keyPress(VK_SUBTRACT): null

2023-04-10 08:49:58 - [TEST_STEP][PASSED] - robot.keyRelease(VK_CONTROL): null

2023-04-10 08:49:58 - [TEST_STEP][PASSED] - robot.keyRelease(VK_SUBTRACT): null

2023-04-10 08:49:58 - [TEST_STEP][PASSED] - robot.keyPress(VK_CONTROL): null

2023-04-10 08:49:58 - [TEST_STEP][PASSED] - robot.keyPress(VK_SUBTRACT): null

2023-04-10 08:49:58 - [TEST_STEP][PASSED] - robot.keyRelease(VK_CONTROL): null

2023-04-10 08:49:58 - [TEST_STEP][PASSED] - robot.keyRelease(VK_SUBTRACT): null

2023-04-10 08:49:58 - [TEST_STEP][PASSED] - robot.keyPress(VK_CONTROL): null

2023-04-10 08:49:58 - [TEST_STEP][PASSED] - robot.keyPress(VK_SUBTRACT): null

2023-04-10 08:49:58 - [TEST_STEP][PASSED] - robot.keyRelease(VK_CONTROL): null

2023-04-10 08:49:58 - [TEST_STEP][PASSED] - robot.keyRelease(VK_SUBTRACT): null

2023-04-10 08:49:58 - [TEST_STEP][PASSED] - robot.keyRelease(VK_CONTROL): null

2023-04-10 08:49:58 - [TEST_STEP][PASSED] - robot.keyRelease(VK_SUBTRACT): null

2023-04-10 08:49:58 - [TEST_STEP][PASSED] - setText(findTestObject("3-OBJECTS UTILIDADES/Login/input_USUARIO_loginusuario"), G_Usuario): Text 'saraadmin' is set on object 'Object Repository/3-OBJECTS UTILIDADES/Login/input_USUARIO_loginusuario'

2023-04-10 08:49:59 - [MESSAGE][PASSED] - Text 'saraadmin' is set on object 'Object Repository/3-OBJECTS UTILIDADES/Login/input_USUARIO_loginusuario'

2023-04-10 08:49:59 - [TEST_STEP][PASSED] - setEncryptedText(findTestObject("3-OBJECTS UTILIDADES/Login/input_CLAVE_loginpassword"), "SlAwMcyRKqrwbnzhAs8HhT6NnI7sEyng"): Text ****** has been set on object 'Object Repository/3-OBJECTS UTILIDADES/Login/input_CLAVE_loginpassword'

2023-04-10 08:50:00 - [MESSAGE][PASSED] - Text ****** has been set on object 'Object Repository/3-OBJECTS UTILIDADES/Login/input_CLAVE_loginpassword'

2023-04-10 08:50:00 - [TEST_STEP][PASSED] - while (waitForElementClickable(findTestObject("3-OBJECTS UTILIDADES/Login/a_Ingresar"), 1)): Web element with id: 'Object Repository/3-OBJECTS UTILIDADES/Login/a_Ingresar' located by '//a[contains(text(),'Ingresar')]' not found

2023-04-10 08:50:03 - [MESSAGE][INFO] - Unable to find the element located by 'By.xpath: //a[contains(text(),'Ingresar')]'. Please recheck the objects properties to make sure the desired element is located. 

2023-04-10 08:50:03 - [MESSAGE][WARNING] - Web element with id: 'Object Repository/3-OBJECTS UTILIDADES/Login/a_Ingresar' located by '//a[contains(text(),'Ingresar')]' not found

2023-04-10 08:50:03 - [MESSAGE][PASSED] - Call Test Case 'Test Cases/0.1-Login' successfully

2023-04-10 08:50:03 - [TEST_STEP][PASSED] - setText(findTestObject("1-OBJECTS TAREAS PRINCIPALES/Modulo Tarea Compensacion/Tarea Liquidacion Nomina/input_Listado de Empleados_"), "Liquidacion Nomina"): Text 'Liquidacion Nomina' is set on object 'Object Repository/1-OBJECTS TAREAS PRINCIPALES/Modulo Tarea Compensacion/Tarea Liquidacion Nomina/input_Listado de Empleados_'

2023-04-10 08:50:04 - [MESSAGE][PASSED] - Text 'Liquidacion Nomina' is set on object 'Object Repository/1-OBJECTS TAREAS PRINCIPALES/Modulo Tarea Compensacion/Tarea Liquidacion Nomina/input_Listado de Empleados_'

2023-04-10 08:50:04 - [TEST_STEP][PASSED] - waitForElementVisible(findTestObject("1-OBJECTS TAREAS PRINCIPALES/Modulo Tarea Compensacion/Tarea Liquidacion Nomina/span_Liquidacion Nomina"), 0): Object 'Object Repository/1-OBJECTS TAREAS PRINCIPALES/Modulo Tarea Compensacion/Tarea Liquidacion Nomina/span_Liquidacion Nomina' is visible

2023-04-10 08:50:04 - [MESSAGE][WARNING] - Timeout '0' is invalid. Using default page load timeout: '37'

2023-04-10 08:50:05 - [MESSAGE][PASSED] - Object 'Object Repository/1-OBJECTS TAREAS PRINCIPALES/Modulo Tarea Compensacion/Tarea Liquidacion Nomina/span_Liquidacion Nomina' is visible

2023-04-10 08:50:05 - [TEST_STEP][PASSED] - click(findTestObject("1-OBJECTS TAREAS PRINCIPALES/Modulo Tarea Compensacion/Tarea Liquidacion Nomina/span_Liquidacion Nomina")): Object: 'Object Repository/1-OBJECTS TAREAS PRINCIPALES/Modulo Tarea Compensacion/Tarea Liquidacion Nomina/span_Liquidacion Nomina' is clicked on

2023-04-10 08:50:05 - [MESSAGE][PASSED] - Object: 'Object Repository/1-OBJECTS TAREAS PRINCIPALES/Modulo Tarea Compensacion/Tarea Liquidacion Nomina/span_Liquidacion Nomina' is clicked on

2023-04-10 08:50:05 - [MESSAGE][PASSED] - Call Test Case 'Test Cases/Utilidades-(atajos_para _tareas)/Tareas Administracion Compensacion/Tarea Liquidacion Nomina' successfully

2023-04-10 08:50:05 - [TEST_STEP][PASSED] - waitForElementClickable(findTestObject("1-OBJECTS TAREAS PRINCIPALES/Modulo Tarea Compensacion/Recalculo Seleccion/a_Periodo Nomina_LiquidacionNominaj_idt63"), G_TimeOut, STOP_ON_FAILURE): Object 'Object Repository/1-OBJECTS TAREAS PRINCIPALES/Modulo Tarea Compensacion/Recalculo Seleccion/a_Periodo Nomina_LiquidacionNominaj_idt63' is clickable

2023-04-10 08:50:06 - [MESSAGE][PASSED] - Object 'Object Repository/1-OBJECTS TAREAS PRINCIPALES/Modulo Tarea Compensacion/Recalculo Seleccion/a_Periodo Nomina_LiquidacionNominaj_idt63' is clickable

2023-04-10 08:50:06 - [TEST_STEP][PASSED] - click(findTestObject("1-OBJECTS TAREAS PRINCIPALES/Modulo Tarea Compensacion/Recalculo Seleccion/a_Periodo Nomina_LiquidacionNominaj_idt63")): Object: 'Object Repository/1-OBJECTS TAREAS PRINCIPALES/Modulo Tarea Compensacion/Recalculo Seleccion/a_Periodo Nomina_LiquidacionNominaj_idt63' is clicked on

2023-04-10 08:50:07 - [MESSAGE][PASSED] - Object: 'Object Repository/1-OBJECTS TAREAS PRINCIPALES/Modulo Tarea Compensacion/Recalculo Seleccion/a_Periodo Nomina_LiquidacionNominaj_idt63' is clicked on

2023-04-10 08:50:07 - [TEST_STEP][PASSED] - waitForElementClickable(findTestObject("1-OBJECTS TAREAS PRINCIPALES/Modulo Tarea Compensacion/Recalculo Seleccion/select_--  Seleccione  --Periodo CerradoPeriodo en Proceso"), G_TimeOut): Object 'Object Repository/1-OBJECTS TAREAS PRINCIPALES/Modulo Tarea Compensacion/Recalculo Seleccion/select_--  Seleccione  --Periodo CerradoPeriodo en Proceso' is clickable

2023-04-10 08:50:07 - [MESSAGE][PASSED] - Object 'Object Repository/1-OBJECTS TAREAS PRINCIPALES/Modulo Tarea Compensacion/Recalculo Seleccion/select_--  Seleccione  --Periodo CerradoPeriodo en Proceso' is clickable

2023-04-10 08:50:07 - [TEST_STEP][PASSED] - click(findTestObject("1-OBJECTS TAREAS PRINCIPALES/Modulo Tarea Compensacion/Recalculo Seleccion/select_--  Seleccione  --Periodo CerradoPeriodo en Proceso")): Object: 'Object Repository/1-OBJECTS TAREAS PRINCIPALES/Modulo Tarea Compensacion/Recalculo Seleccion/select_--  Seleccione  --Periodo CerradoPeriodo en Proceso' is clicked on

2023-04-10 08:50:08 - [MESSAGE][PASSED] - Object: 'Object Repository/1-OBJECTS TAREAS PRINCIPALES/Modulo Tarea Compensacion/Recalculo Seleccion/select_--  Seleccione  --Periodo CerradoPeriodo en Proceso' is clicked on

2023-04-10 08:50:08 - [TEST_STEP][PASSED] - selectOptionByIndex(findTestObject("1-OBJECTS TAREAS PRINCIPALES/Modulo Tarea Compensacion/Recalculo Seleccion/select_--  Seleccione  --Periodo CerradoPeriodo en Proceso"), 2): All options with index in [2] are selected on object 'Object Repository/1-OBJECTS TAREAS PRINCIPALES/Modulo Tarea Compensacion/Recalculo Seleccion/select_--  Seleccione  --Periodo CerradoPeriodo en Proceso'

2023-04-10 08:50:09 - [MESSAGE][PASSED] - All options with index in [2] are selected on object 'Object Repository/1-OBJECTS TAREAS PRINCIPALES/Modulo Tarea Compensacion/Recalculo Seleccion/select_--  Seleccione  --Periodo CerradoPeriodo en Proceso'

2023-04-10 08:50:09 - [TEST_STEP][PASSED] - waitForElementClickable(findTestObject("1-OBJECTS TAREAS PRINCIPALES/Modulo Tarea Compensacion/Recalculo Seleccion/span_P MensualJulio2021"), G_TimeOut): Object 'Object Repository/1-OBJECTS TAREAS PRINCIPALES/Modulo Tarea Compensacion/Recalculo Seleccion/span_P MensualJulio2021' is clickable

2023-04-10 08:50:09 - [MESSAGE][PASSED] - Object 'Object Repository/1-OBJECTS TAREAS PRINCIPALES/Modulo Tarea Compensacion/Recalculo Seleccion/span_P MensualJulio2021' is clickable

2023-04-10 08:50:09 - [TEST_STEP][PASSED] - click(findTestObject("1-OBJECTS TAREAS PRINCIPALES/Modulo Tarea Compensacion/Recalculo Seleccion/span_P MensualJulio2021")): Object: 'Object Repository/1-OBJECTS TAREAS PRINCIPALES/Modulo Tarea Compensacion/Recalculo Seleccion/span_P MensualJulio2021' is clicked on

2023-04-10 08:50:10 - [MESSAGE][PASSED] - Object: 'Object Repository/1-OBJECTS TAREAS PRINCIPALES/Modulo Tarea Compensacion/Recalculo Seleccion/span_P MensualJulio2021' is clicked on

2023-04-10 08:50:10 - [TEST_STEP][PASSED] - waitForElementClickable(findTestObject("1-OBJECTS TAREAS PRINCIPALES/Modulo Tarea Compensacion/Recalculo Seleccion/a_Nombre Persona_LiquidacionNo"), G_TimeOut): Object 'Object Repository/1-OBJECTS TAREAS PRINCIPALES/Modulo Tarea Compensacion/Recalculo Seleccion/a_Nombre Persona_LiquidacionNo' is clickable

2023-04-10 08:50:12 - [MESSAGE][PASSED] - Object 'Object Repository/1-OBJECTS TAREAS PRINCIPALES/Modulo Tarea Compensacion/Recalculo Seleccion/a_Nombre Persona_LiquidacionNo' is clickable

2023-04-10 08:50:12 - [TEST_STEP][PASSED] - click(findTestObject("1-OBJECTS TAREAS PRINCIPALES/Modulo Tarea Compensacion/Recalculo Seleccion/a_Nombre Persona_LiquidacionNo")): Object: 'Object Repository/1-OBJECTS TAREAS PRINCIPALES/Modulo Tarea Compensacion/Recalculo Seleccion/a_Nombre Persona_LiquidacionNo' is clicked on

2023-04-10 08:50:12 - [MESSAGE][PASSED] - Object: 'Object Repository/1-OBJECTS TAREAS PRINCIPALES/Modulo Tarea Compensacion/Recalculo Seleccion/a_Nombre Persona_LiquidacionNo' is clicked on

2023-04-10 08:50:12 - [TEST_STEP][PASSED] - setText(findTestObject("1-OBJECTS TAREAS PRINCIPALES/Modulo Tarea Compensacion/Recalculo Seleccion/input_Filtro Empleado_Liquidacion Nomina"), "1019070748"): Text '1019070748' is set on object 'Object Repository/1-OBJECTS TAREAS PRINCIPALES/Modulo Tarea Compensacion/Recalculo Seleccion/input_Filtro Empleado_Liquidacion Nomina'

2023-04-10 08:50:13 - [MESSAGE][PASSED] - Text '1019070748' is set on object 'Object Repository/1-OBJECTS TAREAS PRINCIPALES/Modulo Tarea Compensacion/Recalculo Seleccion/input_Filtro Empleado_Liquidacion Nomina'

2023-04-10 08:50:13 - [TEST_STEP][PASSED] - sendKeys(findTestObject("1-OBJECTS TAREAS PRINCIPALES/Modulo Tarea Compensacion/Recalculo Seleccion/input_Filtro Empleado_Liquidacion Nomina"), Keys.chord(ENTER)): Keys 'ENTER + ' sent to object: 'Object Repository/1-OBJECTS TAREAS PRINCIPALES/Modulo Tarea Compensacion/Recalculo Seleccion/input_Filtro Empleado_Liquidacion Nomina'

2023-04-10 08:50:13 - [MESSAGE][PASSED] - Keys 'ENTER + ' sent to object: 'Object Repository/1-OBJECTS TAREAS PRINCIPALES/Modulo Tarea Compensacion/Recalculo Seleccion/input_Filtro Empleado_Liquidacion Nomina'

2023-04-10 08:50:13 - [TEST_STEP][PASSED] - waitForElementClickable(findTestObject("1-OBJECTS TAREAS PRINCIPALES/Modulo Tarea Compensacion/Recalculo Seleccion/span_Almanza Novoa John Alexandre"), G_TimeOut): Object 'Object Repository/1-OBJECTS TAREAS PRINCIPALES/Modulo Tarea Compensacion/Recalculo Seleccion/span_Almanza Novoa John Alexandre' is clickable

2023-04-10 08:50:14 - [MESSAGE][PASSED] - Object 'Object Repository/1-OBJECTS TAREAS PRINCIPALES/Modulo Tarea Compensacion/Recalculo Seleccion/span_Almanza Novoa John Alexandre' is clickable

2023-04-10 08:50:14 - [TEST_STEP][PASSED] - click(findTestObject("1-OBJECTS TAREAS PRINCIPALES/Modulo Tarea Compensacion/Recalculo Seleccion/span_Almanza Novoa John Alexandre")): Object: 'Object Repository/1-OBJECTS TAREAS PRINCIPALES/Modulo Tarea Compensacion/Recalculo Seleccion/span_Almanza Novoa John Alexandre' is clicked on

2023-04-10 08:50:15 - [MESSAGE][PASSED] - Object: 'Object Repository/1-OBJECTS TAREAS PRINCIPALES/Modulo Tarea Compensacion/Recalculo Seleccion/span_Almanza Novoa John Alexandre' is clicked on

2023-04-10 08:50:15 - [TEST_STEP][PASSED] - click(findTestObject("1-OBJECTS TAREAS PRINCIPALES/Modulo Tarea Compensacion/Recalculo Seleccion/span_Reclculo Seleccin")): Object: 'Object Repository/1-OBJECTS TAREAS PRINCIPALES/Modulo Tarea Compensacion/Recalculo Seleccion/span_Reclculo Seleccin' is clicked on

2023-04-10 08:50:15 - [MESSAGE][PASSED] - Object: 'Object Repository/1-OBJECTS TAREAS PRINCIPALES/Modulo Tarea Compensacion/Recalculo Seleccion/span_Reclculo Seleccin' is clicked on

2023-04-10 08:50:15 - [TEST_STEP][PASSED] - click(findTestObject("1-OBJECTS TAREAS PRINCIPALES/Modulo Tarea Compensacion/Recalculo Seleccion/span_Si")): Object: 'Object Repository/1-OBJECTS TAREAS PRINCIPALES/Modulo Tarea Compensacion/Recalculo Seleccion/span_Si' is clicked on

2023-04-10 08:50:16 - [MESSAGE][PASSED] - Object: 'Object Repository/1-OBJECTS TAREAS PRINCIPALES/Modulo Tarea Compensacion/Recalculo Seleccion/span_Si' is clicked on

2023-04-10 08:50:16 - [TEST_STEP][PASSED] - waitForElementClickable(findTestObject("3-OBJECTS UTILIDADES/Alerta/Alerta"), 0): Object 'Object Repository/3-OBJECTS UTILIDADES/Alerta/Alerta' is clickable

2023-04-10 08:50:16 - [MESSAGE][WARNING] - Timeout '0' is invalid. Using default page load timeout: '37'

2023-04-10 08:50:17 - [MESSAGE][PASSED] - Object 'Object Repository/3-OBJECTS UTILIDADES/Alerta/Alerta' is clickable

2023-04-10 08:50:17 - [TEST_STEP][PASSED] - Alerta = getText(findTestObject("3-OBJECTS UTILIDADES/Alerta/Alerta")): Text of object 'Object Repository/3-OBJECTS UTILIDADES/Alerta/Alerta' is: 'Seleccione empleado'

2023-04-10 08:50:17 - [MESSAGE][PASSED] - Text of object 'Object Repository/3-OBJECTS UTILIDADES/Alerta/Alerta' is: 'Seleccione empleado'

2023-04-10 08:50:17 - [TEST_STEP][PASSED] - if (Alerta == "Seleccione empleado"): Browser is closed

2023-04-10 08:50:17 - [TEST_STEP][PASSED] - closeBrowser(): Browser is closed

2023-04-10 08:50:18 - [MESSAGE][PASSED] - Browser is closed]]></system-out>
         <system-err><![CDATA[]]></system-err>
      </testcase>
      <testcase name="Test Cases/1.1-Tareas Principales/1.3.3-Recalculo Total" time="108.364" classname="Test Cases/1.1-Tareas Principales/1.3.3-Recalculo Total" status="PASSED">
         <system-out><![CDATA[2023-04-10 08:50:18 - [TEST_CASE][PASSED] - Test Cases/1.1-Tareas Principales/1.3.3-Recalculo Total: Test Cases/1.1-Tareas Principales/1.3.3-Recalculo Total

2023-04-10 08:50:18 - [TEST_STEP][PASSED] - callTestCase(findTestCase("Utilidades-(atajos_para _tareas)/Tareas Administracion Compensacion/Tarea Liquidacion Nomina"), [:], STOP_ON_FAILURE): Call Test Case 'Test Cases/Utilidades-(atajos_para _tareas)/Tareas Administracion Compensacion/Tarea Liquidacion Nomina' successfully

2023-04-10 08:50:18 - [TEST_CASE][PASSED] - Test Cases/Utilidades-(atajos_para _tareas)/Tareas Administracion Compensacion/Tarea Liquidacion Nomina: Test Cases/Utilidades-(atajos_para _tareas)/Tareas Administracion Compensacion/Tarea Liquidacion Nomina

2023-04-10 08:50:18 - [TEST_STEP][PASSED] - callTestCase(findTestCase("0.1-Login"), [:], STOP_ON_FAILURE): Call Test Case 'Test Cases/0.1-Login' successfully

2023-04-10 08:50:18 - [TEST_CASE][PASSED] - Test Cases/0.1-Login: Test Cases/0.1-Login

2023-04-10 08:50:18 - [TEST_STEP][PASSED] - openBrowser(""): Browser is opened with url: ''

2023-04-10 08:50:18 - [MESSAGE][INFO] - Starting 'Chrome' driver

2023-04-10 08:50:18 - [MESSAGE][INFO] - Action delay is set to 0 milliseconds

2023-04-10 08:50:20 - [MESSAGE][PASSED] - Browser is opened with url: ''

2023-04-10 08:50:20 - [TEST_STEP][PASSED] - maximizeWindow(): Current window maximized

2023-04-10 08:50:20 - [MESSAGE][PASSED] - Current window maximized

2023-04-10 08:50:20 - [TEST_STEP][PASSED] - i = G_Login: null

2023-04-10 08:50:20 - [TEST_STEP][PASSED] - url = new java.net.URL(i): null

2023-04-10 08:50:20 - [TEST_STEP][PASSED] - println("URL: " + url.toString()): null

2023-04-10 08:50:20 - [TEST_STEP][PASSED] - connection = url.openConnection(): null

2023-04-10 08:50:20 - [TEST_STEP][PASSED] - connection.setRequestMethod("GET"): null

2023-04-10 08:50:20 - [TEST_STEP][PASSED] - connection.setReadTimeout(2 * 1000): null

2023-04-10 08:50:20 - [TEST_STEP][PASSED] - try: null

2023-04-10 08:50:20 - [TEST_STEP][PASSED] - connection.connect(): null

2023-04-10 08:50:20 - [TEST_STEP][PASSED] - flag = connected: null

2023-04-10 08:50:20 - [TEST_STEP][PASSED] - println("Valor_ori: " + flag): null

2023-04-10 08:50:20 - [TEST_STEP][PASSED] - if (flag): null

2023-04-10 08:50:20 - [TEST_STEP][PASSED] - navigateToUrl(i): Navigate to 'http://192.168.2.19:8380/saraweb' successfully

2023-04-10 08:50:20 - [MESSAGE][PASSED] - Navigate to 'http://192.168.2.19:8380/saraweb' successfully

2023-04-10 08:50:20 - [TEST_STEP][PASSED] - a(): null

2023-04-10 08:50:20 - [TEST_STEP][PASSED] - if (waitForElementVisible(findTestObject("3-OBJECTS UTILIDADES/Login/input_USUARIO_loginusuario"), 0)): null

2023-04-10 08:50:20 - [MESSAGE][WARNING] - Timeout '0' is invalid. Using default page load timeout: '37'

2023-04-10 08:50:21 - [MESSAGE][PASSED] - Object 'Object Repository/3-OBJECTS UTILIDADES/Login/input_USUARIO_loginusuario' is visible

2023-04-10 08:50:21 - [TEST_STEP][PASSED] - switchToWindowTitle("SARA"): Switched to window with title: 'SARA'

2023-04-10 08:50:21 - [MESSAGE][PASSED] - Switched to window with title: 'SARA'

2023-04-10 08:50:21 - [TEST_STEP][PASSED] - zoom(): null

2023-04-10 08:50:21 - [TEST_STEP][PASSED] - robot = new java.awt.Robot(): null

2023-04-10 08:50:21 - [TEST_STEP][PASSED] - robot.keyPress(VK_CONTROL): null

2023-04-10 08:50:21 - [TEST_STEP][PASSED] - robot.keyPress(VK_SUBTRACT): null

2023-04-10 08:50:21 - [TEST_STEP][PASSED] - robot.keyRelease(VK_CONTROL): null

2023-04-10 08:50:21 - [TEST_STEP][PASSED] - robot.keyRelease(VK_SUBTRACT): null

2023-04-10 08:50:21 - [TEST_STEP][PASSED] - robot.keyPress(VK_CONTROL): null

2023-04-10 08:50:21 - [TEST_STEP][PASSED] - robot.keyPress(VK_SUBTRACT): null

2023-04-10 08:50:21 - [TEST_STEP][PASSED] - robot.keyRelease(VK_CONTROL): null

2023-04-10 08:50:21 - [TEST_STEP][PASSED] - robot.keyRelease(VK_SUBTRACT): null

2023-04-10 08:50:21 - [TEST_STEP][PASSED] - robot.keyPress(VK_CONTROL): null

2023-04-10 08:50:21 - [TEST_STEP][PASSED] - robot.keyPress(VK_SUBTRACT): null

2023-04-10 08:50:21 - [TEST_STEP][PASSED] - robot.keyRelease(VK_CONTROL): null

2023-04-10 08:50:21 - [TEST_STEP][PASSED] - robot.keyRelease(VK_SUBTRACT): null

2023-04-10 08:50:21 - [TEST_STEP][PASSED] - robot.keyRelease(VK_CONTROL): null

2023-04-10 08:50:21 - [TEST_STEP][PASSED] - robot.keyRelease(VK_SUBTRACT): null

2023-04-10 08:50:21 - [TEST_STEP][PASSED] - setText(findTestObject("3-OBJECTS UTILIDADES/Login/input_USUARIO_loginusuario"), G_Usuario): Text 'saraadmin' is set on object 'Object Repository/3-OBJECTS UTILIDADES/Login/input_USUARIO_loginusuario'

2023-04-10 08:50:22 - [MESSAGE][PASSED] - Text 'saraadmin' is set on object 'Object Repository/3-OBJECTS UTILIDADES/Login/input_USUARIO_loginusuario'

2023-04-10 08:50:22 - [TEST_STEP][PASSED] - setEncryptedText(findTestObject("3-OBJECTS UTILIDADES/Login/input_CLAVE_loginpassword"), "SlAwMcyRKqrwbnzhAs8HhT6NnI7sEyng"): Text ****** has been set on object 'Object Repository/3-OBJECTS UTILIDADES/Login/input_CLAVE_loginpassword'

2023-04-10 08:50:24 - [MESSAGE][PASSED] - Text ****** has been set on object 'Object Repository/3-OBJECTS UTILIDADES/Login/input_CLAVE_loginpassword'

2023-04-10 08:50:24 - [TEST_STEP][PASSED] - while (waitForElementClickable(findTestObject("3-OBJECTS UTILIDADES/Login/a_Ingresar"), 1)): Web element with id: 'Object Repository/3-OBJECTS UTILIDADES/Login/a_Ingresar' located by '//a[contains(text(),'Ingresar')]' not found

2023-04-10 08:50:26 - [MESSAGE][INFO] - Unable to find the element located by 'By.xpath: //a[contains(text(),'Ingresar')]'. Please recheck the objects properties to make sure the desired element is located. 

2023-04-10 08:50:26 - [MESSAGE][WARNING] - Web element with id: 'Object Repository/3-OBJECTS UTILIDADES/Login/a_Ingresar' located by '//a[contains(text(),'Ingresar')]' not found

2023-04-10 08:50:26 - [MESSAGE][PASSED] - Call Test Case 'Test Cases/0.1-Login' successfully

2023-04-10 08:50:26 - [TEST_STEP][PASSED] - setText(findTestObject("1-OBJECTS TAREAS PRINCIPALES/Modulo Tarea Compensacion/Tarea Liquidacion Nomina/input_Listado de Empleados_"), "Liquidacion Nomina"): Text 'Liquidacion Nomina' is set on object 'Object Repository/1-OBJECTS TAREAS PRINCIPALES/Modulo Tarea Compensacion/Tarea Liquidacion Nomina/input_Listado de Empleados_'

2023-04-10 08:50:27 - [MESSAGE][PASSED] - Text 'Liquidacion Nomina' is set on object 'Object Repository/1-OBJECTS TAREAS PRINCIPALES/Modulo Tarea Compensacion/Tarea Liquidacion Nomina/input_Listado de Empleados_'

2023-04-10 08:50:27 - [TEST_STEP][PASSED] - waitForElementVisible(findTestObject("1-OBJECTS TAREAS PRINCIPALES/Modulo Tarea Compensacion/Tarea Liquidacion Nomina/span_Liquidacion Nomina"), 0): Object 'Object Repository/1-OBJECTS TAREAS PRINCIPALES/Modulo Tarea Compensacion/Tarea Liquidacion Nomina/span_Liquidacion Nomina' is visible

2023-04-10 08:50:27 - [MESSAGE][WARNING] - Timeout '0' is invalid. Using default page load timeout: '37'

2023-04-10 08:50:28 - [MESSAGE][PASSED] - Object 'Object Repository/1-OBJECTS TAREAS PRINCIPALES/Modulo Tarea Compensacion/Tarea Liquidacion Nomina/span_Liquidacion Nomina' is visible

2023-04-10 08:50:28 - [TEST_STEP][PASSED] - click(findTestObject("1-OBJECTS TAREAS PRINCIPALES/Modulo Tarea Compensacion/Tarea Liquidacion Nomina/span_Liquidacion Nomina")): Object: 'Object Repository/1-OBJECTS TAREAS PRINCIPALES/Modulo Tarea Compensacion/Tarea Liquidacion Nomina/span_Liquidacion Nomina' is clicked on

2023-04-10 08:50:29 - [MESSAGE][PASSED] - Object: 'Object Repository/1-OBJECTS TAREAS PRINCIPALES/Modulo Tarea Compensacion/Tarea Liquidacion Nomina/span_Liquidacion Nomina' is clicked on

2023-04-10 08:50:29 - [MESSAGE][PASSED] - Call Test Case 'Test Cases/Utilidades-(atajos_para _tareas)/Tareas Administracion Compensacion/Tarea Liquidacion Nomina' successfully

2023-04-10 08:50:29 - [TEST_STEP][PASSED] - waitForElementClickable(findTestObject("1-OBJECTS TAREAS PRINCIPALES/Modulo Tarea Compensacion/Recalculo Total/a_Periodo Nomina_LiquidacionNominaj_idt63"), G_TimeOut): Object 'Object Repository/1-OBJECTS TAREAS PRINCIPALES/Modulo Tarea Compensacion/Recalculo Total/a_Periodo Nomina_LiquidacionNominaj_idt63' is clickable

2023-04-10 08:50:29 - [MESSAGE][PASSED] - Object 'Object Repository/1-OBJECTS TAREAS PRINCIPALES/Modulo Tarea Compensacion/Recalculo Total/a_Periodo Nomina_LiquidacionNominaj_idt63' is clickable

2023-04-10 08:50:29 - [TEST_STEP][PASSED] - click(findTestObject("1-OBJECTS TAREAS PRINCIPALES/Modulo Tarea Compensacion/Recalculo Total/a_Periodo Nomina_LiquidacionNominaj_idt63")): Object: 'Object Repository/1-OBJECTS TAREAS PRINCIPALES/Modulo Tarea Compensacion/Recalculo Total/a_Periodo Nomina_LiquidacionNominaj_idt63' is clicked on

2023-04-10 08:50:30 - [MESSAGE][PASSED] - Object: 'Object Repository/1-OBJECTS TAREAS PRINCIPALES/Modulo Tarea Compensacion/Recalculo Total/a_Periodo Nomina_LiquidacionNominaj_idt63' is clicked on

2023-04-10 08:50:30 - [TEST_STEP][PASSED] - waitForElementClickable(findTestObject("1-OBJECTS TAREAS PRINCIPALES/Modulo Tarea Compensacion/Recalculo Total/select_--  Seleccione  --Periodo CerradoPeriodo en Proceso"), G_TimeOut): Object 'Object Repository/1-OBJECTS TAREAS PRINCIPALES/Modulo Tarea Compensacion/Recalculo Total/select_--  Seleccione  --Periodo CerradoPeriodo en Proceso' is clickable

2023-04-10 08:50:31 - [MESSAGE][PASSED] - Object 'Object Repository/1-OBJECTS TAREAS PRINCIPALES/Modulo Tarea Compensacion/Recalculo Total/select_--  Seleccione  --Periodo CerradoPeriodo en Proceso' is clickable

2023-04-10 08:50:31 - [TEST_STEP][PASSED] - click(findTestObject("1-OBJECTS TAREAS PRINCIPALES/Modulo Tarea Compensacion/Recalculo Total/select_--  Seleccione  --Periodo CerradoPeriodo en Proceso")): Object: 'Object Repository/1-OBJECTS TAREAS PRINCIPALES/Modulo Tarea Compensacion/Recalculo Total/select_--  Seleccione  --Periodo CerradoPeriodo en Proceso' is clicked on

2023-04-10 08:50:31 - [MESSAGE][PASSED] - Object: 'Object Repository/1-OBJECTS TAREAS PRINCIPALES/Modulo Tarea Compensacion/Recalculo Total/select_--  Seleccione  --Periodo CerradoPeriodo en Proceso' is clicked on

2023-04-10 08:50:31 - [TEST_STEP][PASSED] - selectOptionByIndex(findTestObject("1-OBJECTS TAREAS PRINCIPALES/Modulo Tarea Compensacion/Recalculo Total/select_--  Seleccione  --Periodo CerradoPeriodo en Proceso"), 2): All options with index in [2] are selected on object 'Object Repository/1-OBJECTS TAREAS PRINCIPALES/Modulo Tarea Compensacion/Recalculo Total/select_--  Seleccione  --Periodo CerradoPeriodo en Proceso'

2023-04-10 08:50:32 - [MESSAGE][PASSED] - All options with index in [2] are selected on object 'Object Repository/1-OBJECTS TAREAS PRINCIPALES/Modulo Tarea Compensacion/Recalculo Total/select_--  Seleccione  --Periodo CerradoPeriodo en Proceso'

2023-04-10 08:50:32 - [TEST_STEP][PASSED] - waitForElementClickable(findTestObject("1-OBJECTS TAREAS PRINCIPALES/Modulo Tarea Compensacion/Recalculo Total/span_P MensualJulio2021"), G_TimeOut): Object 'Object Repository/1-OBJECTS TAREAS PRINCIPALES/Modulo Tarea Compensacion/Recalculo Total/span_P MensualJulio2021' is clickable

2023-04-10 08:50:33 - [MESSAGE][PASSED] - Object 'Object Repository/1-OBJECTS TAREAS PRINCIPALES/Modulo Tarea Compensacion/Recalculo Total/span_P MensualJulio2021' is clickable

2023-04-10 08:50:33 - [TEST_STEP][PASSED] - click(findTestObject("1-OBJECTS TAREAS PRINCIPALES/Modulo Tarea Compensacion/Recalculo Total/span_P MensualJulio2021")): Object: 'Object Repository/1-OBJECTS TAREAS PRINCIPALES/Modulo Tarea Compensacion/Recalculo Total/span_P MensualJulio2021' is clicked on

2023-04-10 08:50:34 - [MESSAGE][PASSED] - Object: 'Object Repository/1-OBJECTS TAREAS PRINCIPALES/Modulo Tarea Compensacion/Recalculo Total/span_P MensualJulio2021' is clicked on

2023-04-10 08:50:34 - [TEST_STEP][PASSED] - waitForElementClickable(findTestObject("1-OBJECTS TAREAS PRINCIPALES/Modulo Tarea Compensacion/Recalculo Total/a_Reclculo Total"), G_TimeOut): Object 'Object Repository/1-OBJECTS TAREAS PRINCIPALES/Modulo Tarea Compensacion/Recalculo Total/a_Reclculo Total' is clickable

2023-04-10 08:50:35 - [MESSAGE][PASSED] - Object 'Object Repository/1-OBJECTS TAREAS PRINCIPALES/Modulo Tarea Compensacion/Recalculo Total/a_Reclculo Total' is clickable

2023-04-10 08:50:35 - [TEST_STEP][PASSED] - click(findTestObject("1-OBJECTS TAREAS PRINCIPALES/Modulo Tarea Compensacion/Recalculo Total/a_Reclculo Total")): Object: 'Object Repository/1-OBJECTS TAREAS PRINCIPALES/Modulo Tarea Compensacion/Recalculo Total/a_Reclculo Total' is clicked on

2023-04-10 08:50:35 - [MESSAGE][PASSED] - Object: 'Object Repository/1-OBJECTS TAREAS PRINCIPALES/Modulo Tarea Compensacion/Recalculo Total/a_Reclculo Total' is clicked on

2023-04-10 08:50:35 - [TEST_STEP][PASSED] - waitForElementClickable(findTestObject("1-OBJECTS TAREAS PRINCIPALES/Modulo Tarea Compensacion/Recalculo Total/span_Si"), G_TimeOut): Object 'Object Repository/1-OBJECTS TAREAS PRINCIPALES/Modulo Tarea Compensacion/Recalculo Total/span_Si' is clickable

2023-04-10 08:50:36 - [MESSAGE][PASSED] - Object 'Object Repository/1-OBJECTS TAREAS PRINCIPALES/Modulo Tarea Compensacion/Recalculo Total/span_Si' is clickable

2023-04-10 08:50:36 - [TEST_STEP][PASSED] - click(findTestObject("1-OBJECTS TAREAS PRINCIPALES/Modulo Tarea Compensacion/Recalculo Total/span_Si")): Object: 'Object Repository/1-OBJECTS TAREAS PRINCIPALES/Modulo Tarea Compensacion/Recalculo Total/span_Si' is clicked on

2023-04-10 08:50:36 - [MESSAGE][PASSED] - Object: 'Object Repository/1-OBJECTS TAREAS PRINCIPALES/Modulo Tarea Compensacion/Recalculo Total/span_Si' is clicked on

2023-04-10 08:50:36 - [TEST_STEP][PASSED] - waitForElementClickable(findTestObject("1-OBJECTS TAREAS PRINCIPALES/Modulo Tarea Compensacion/Recalculo Total/a_Continuar"), G_TimeNomina): Object 'Object Repository/1-OBJECTS TAREAS PRINCIPALES/Modulo Tarea Compensacion/Recalculo Total/a_Continuar' is clickable

2023-04-10 08:52:05 - [MESSAGE][PASSED] - Object 'Object Repository/1-OBJECTS TAREAS PRINCIPALES/Modulo Tarea Compensacion/Recalculo Total/a_Continuar' is clickable

2023-04-10 08:52:05 - [TEST_STEP][PASSED] - waitForElementClickable(findTestObject("1-OBJECTS TAREAS PRINCIPALES/Modulo Tarea Compensacion/Recalculo Total/a_Continuar"), G_TimeNomina): Object 'Object Repository/1-OBJECTS TAREAS PRINCIPALES/Modulo Tarea Compensacion/Recalculo Total/a_Continuar' is clickable

2023-04-10 08:52:05 - [MESSAGE][PASSED] - Object 'Object Repository/1-OBJECTS TAREAS PRINCIPALES/Modulo Tarea Compensacion/Recalculo Total/a_Continuar' is clickable

2023-04-10 08:52:05 - [TEST_STEP][PASSED] - Resultado = getText(findTestObject("1-OBJECTS TAREAS PRINCIPALES/Modulo Tarea Compensacion/Recalculo Total/a_Resultado")): Text of object 'Object Repository/1-OBJECTS TAREAS PRINCIPALES/Modulo Tarea Compensacion/Recalculo Total/a_Resultado' is: 'Recalculo terminado Exitosamente'

2023-04-10 08:52:06 - [MESSAGE][PASSED] - Text of object 'Object Repository/1-OBJECTS TAREAS PRINCIPALES/Modulo Tarea Compensacion/Recalculo Total/a_Resultado' is: 'Recalculo terminado Exitosamente'

2023-04-10 08:52:06 - [TEST_STEP][PASSED] - click(findTestObject("1-OBJECTS TAREAS PRINCIPALES/Modulo Tarea Compensacion/Recalculo Total/a_Continuar")): Object: 'Object Repository/1-OBJECTS TAREAS PRINCIPALES/Modulo Tarea Compensacion/Recalculo Total/a_Continuar' is clicked on

2023-04-10 08:52:06 - [MESSAGE][PASSED] - Object: 'Object Repository/1-OBJECTS TAREAS PRINCIPALES/Modulo Tarea Compensacion/Recalculo Total/a_Continuar' is clicked on

2023-04-10 08:52:06 - [TEST_STEP][PASSED] - if (Resultado == "Recalculo terminado Exitosamente"): null

2023-04-10 08:52:06 - [TEST_STEP][PASSED] - Result = "PRUEBA OK": null]]></system-out>
         <system-err><![CDATA[]]></system-err>
      </testcase>
      <testcase name="Test Cases/1.1-Tareas Principales/1.3.4-Reporte de Recalculo Total" time="89.222" classname="Test Cases/1.1-Tareas Principales/1.3.4-Reporte de Recalculo Total" status="PASSED">
         <system-out><![CDATA[2023-04-10 08:52:06 - [TEST_CASE][PASSED] - Test Cases/1.1-Tareas Principales/1.3.4-Reporte de Recalculo Total: Test Cases/1.1-Tareas Principales/1.3.4-Reporte de Recalculo Total

2023-04-10 08:52:07 - [TEST_STEP][PASSED] - RutaA = Systema(): null

2023-04-10 08:52:07 - [TEST_STEP][PASSED] - RutaA = System.getProperty("os.name"): null

2023-04-10 08:52:07 - [TEST_STEP][PASSED] - if (RutaA == "Windows 10"): null

2023-04-10 08:52:07 - [TEST_STEP][PASSED] - rutaW = System.getProperty("user.home") + "/Downloads/": null

2023-04-10 08:52:07 - [TEST_STEP][PASSED] - rutaW = rutaW.replace("/", "\"): null

2023-04-10 08:52:07 - [TEST_STEP][PASSED] - println("ESTA ES LA RUTA" + rutaW): null

2023-04-10 08:52:07 - [TEST_STEP][PASSED] - RutaA = rutaW: null

2023-04-10 08:52:07 - [TEST_STEP][PASSED] - rutaA = RutaA: null

2023-04-10 08:52:07 - [TEST_STEP][PASSED] - println(rutaA): null

2023-04-10 08:52:07 - [TEST_STEP][PASSED] - Archivo = "Reporte.txt": null

2023-04-10 08:52:07 - [TEST_STEP][PASSED] - callTestCase(findTestCase("1.1-Tareas Principales/1.3.3-Recalculo Total"), [:], STOP_ON_FAILURE): Call Test Case 'Test Cases/1.1-Tareas Principales/1.3.3-Recalculo Total' successfully

2023-04-10 08:52:07 - [TEST_CASE][PASSED] - Test Cases/1.1-Tareas Principales/1.3.3-Recalculo Total: Test Cases/1.1-Tareas Principales/1.3.3-Recalculo Total

2023-04-10 08:52:07 - [TEST_STEP][PASSED] - callTestCase(findTestCase("Utilidades-(atajos_para _tareas)/Tareas Administracion Compensacion/Tarea Liquidacion Nomina"), [:], STOP_ON_FAILURE): Call Test Case 'Test Cases/Utilidades-(atajos_para _tareas)/Tareas Administracion Compensacion/Tarea Liquidacion Nomina' successfully

2023-04-10 08:52:07 - [TEST_CASE][PASSED] - Test Cases/Utilidades-(atajos_para _tareas)/Tareas Administracion Compensacion/Tarea Liquidacion Nomina: Test Cases/Utilidades-(atajos_para _tareas)/Tareas Administracion Compensacion/Tarea Liquidacion Nomina

2023-04-10 08:52:07 - [TEST_STEP][PASSED] - callTestCase(findTestCase("0.1-Login"), [:], STOP_ON_FAILURE): Call Test Case 'Test Cases/0.1-Login' successfully

2023-04-10 08:52:07 - [TEST_CASE][PASSED] - Test Cases/0.1-Login: Test Cases/0.1-Login

2023-04-10 08:52:07 - [TEST_STEP][PASSED] - openBrowser(""): Browser is opened with url: ''

2023-04-10 08:52:07 - [MESSAGE][WARNING] - A browser is already opened. Closing browser and opening a new one

2023-04-10 08:52:08 - [MESSAGE][INFO] - Starting 'Chrome' driver

2023-04-10 08:52:08 - [MESSAGE][INFO] - Action delay is set to 0 milliseconds

2023-04-10 08:52:09 - [MESSAGE][PASSED] - Browser is opened with url: ''

2023-04-10 08:52:09 - [TEST_STEP][PASSED] - maximizeWindow(): Current window maximized

2023-04-10 08:52:09 - [MESSAGE][PASSED] - Current window maximized

2023-04-10 08:52:09 - [TEST_STEP][PASSED] - i = G_Login: null

2023-04-10 08:52:09 - [TEST_STEP][PASSED] - url = new java.net.URL(i): null

2023-04-10 08:52:09 - [TEST_STEP][PASSED] - println("URL: " + url.toString()): null

2023-04-10 08:52:09 - [TEST_STEP][PASSED] - connection = url.openConnection(): null

2023-04-10 08:52:09 - [TEST_STEP][PASSED] - connection.setRequestMethod("GET"): null

2023-04-10 08:52:09 - [TEST_STEP][PASSED] - connection.setReadTimeout(2 * 1000): null

2023-04-10 08:52:09 - [TEST_STEP][PASSED] - try: null

2023-04-10 08:52:09 - [TEST_STEP][PASSED] - connection.connect(): null

2023-04-10 08:52:09 - [TEST_STEP][PASSED] - flag = connected: null

2023-04-10 08:52:09 - [TEST_STEP][PASSED] - println("Valor_ori: " + flag): null

2023-04-10 08:52:09 - [TEST_STEP][PASSED] - if (flag): null

2023-04-10 08:52:09 - [TEST_STEP][PASSED] - navigateToUrl(i): Navigate to 'http://192.168.2.19:8380/saraweb' successfully

2023-04-10 08:52:10 - [MESSAGE][PASSED] - Navigate to 'http://192.168.2.19:8380/saraweb' successfully

2023-04-10 08:52:10 - [TEST_STEP][PASSED] - a(): null

2023-04-10 08:52:10 - [TEST_STEP][PASSED] - if (waitForElementVisible(findTestObject("3-OBJECTS UTILIDADES/Login/input_USUARIO_loginusuario"), 0)): null

2023-04-10 08:52:10 - [MESSAGE][WARNING] - Timeout '0' is invalid. Using default page load timeout: '37'

2023-04-10 08:52:10 - [MESSAGE][PASSED] - Object 'Object Repository/3-OBJECTS UTILIDADES/Login/input_USUARIO_loginusuario' is visible

2023-04-10 08:52:10 - [TEST_STEP][PASSED] - switchToWindowTitle("SARA"): Switched to window with title: 'SARA'

2023-04-10 08:52:10 - [MESSAGE][PASSED] - Switched to window with title: 'SARA'

2023-04-10 08:52:10 - [TEST_STEP][PASSED] - zoom(): null

2023-04-10 08:52:10 - [TEST_STEP][PASSED] - robot = new java.awt.Robot(): null

2023-04-10 08:52:10 - [TEST_STEP][PASSED] - robot.keyPress(VK_CONTROL): null

2023-04-10 08:52:10 - [TEST_STEP][PASSED] - robot.keyPress(VK_SUBTRACT): null

2023-04-10 08:52:10 - [TEST_STEP][PASSED] - robot.keyRelease(VK_CONTROL): null

2023-04-10 08:52:10 - [TEST_STEP][PASSED] - robot.keyRelease(VK_SUBTRACT): null

2023-04-10 08:52:10 - [TEST_STEP][PASSED] - robot.keyPress(VK_CONTROL): null

2023-04-10 08:52:10 - [TEST_STEP][PASSED] - robot.keyPress(VK_SUBTRACT): null

2023-04-10 08:52:10 - [TEST_STEP][PASSED] - robot.keyRelease(VK_CONTROL): null

2023-04-10 08:52:10 - [TEST_STEP][PASSED] - robot.keyRelease(VK_SUBTRACT): null

2023-04-10 08:52:10 - [TEST_STEP][PASSED] - robot.keyPress(VK_CONTROL): null

2023-04-10 08:52:10 - [TEST_STEP][PASSED] - robot.keyPress(VK_SUBTRACT): null

2023-04-10 08:52:10 - [TEST_STEP][PASSED] - robot.keyRelease(VK_CONTROL): null

2023-04-10 08:52:10 - [TEST_STEP][PASSED] - robot.keyRelease(VK_SUBTRACT): null

2023-04-10 08:52:10 - [TEST_STEP][PASSED] - robot.keyRelease(VK_CONTROL): null

2023-04-10 08:52:10 - [TEST_STEP][PASSED] - robot.keyRelease(VK_SUBTRACT): null

2023-04-10 08:52:10 - [TEST_STEP][PASSED] - setText(findTestObject("3-OBJECTS UTILIDADES/Login/input_USUARIO_loginusuario"), G_Usuario): Text 'saraadmin' is set on object 'Object Repository/3-OBJECTS UTILIDADES/Login/input_USUARIO_loginusuario'

2023-04-10 08:52:11 - [MESSAGE][PASSED] - Text 'saraadmin' is set on object 'Object Repository/3-OBJECTS UTILIDADES/Login/input_USUARIO_loginusuario'

2023-04-10 08:52:11 - [TEST_STEP][PASSED] - setEncryptedText(findTestObject("3-OBJECTS UTILIDADES/Login/input_CLAVE_loginpassword"), "SlAwMcyRKqrwbnzhAs8HhT6NnI7sEyng"): Text ****** has been set on object 'Object Repository/3-OBJECTS UTILIDADES/Login/input_CLAVE_loginpassword'

2023-04-10 08:52:13 - [MESSAGE][PASSED] - Text ****** has been set on object 'Object Repository/3-OBJECTS UTILIDADES/Login/input_CLAVE_loginpassword'

2023-04-10 08:52:13 - [TEST_STEP][PASSED] - while (waitForElementClickable(findTestObject("3-OBJECTS UTILIDADES/Login/a_Ingresar"), 1)): Web element with id: 'Object Repository/3-OBJECTS UTILIDADES/Login/a_Ingresar' located by '//a[contains(text(),'Ingresar')]' not found

2023-04-10 08:52:15 - [MESSAGE][INFO] - Unable to find the element located by 'By.xpath: //a[contains(text(),'Ingresar')]'. Please recheck the objects properties to make sure the desired element is located. 

2023-04-10 08:52:15 - [MESSAGE][WARNING] - Web element with id: 'Object Repository/3-OBJECTS UTILIDADES/Login/a_Ingresar' located by '//a[contains(text(),'Ingresar')]' not found

2023-04-10 08:52:15 - [MESSAGE][PASSED] - Call Test Case 'Test Cases/0.1-Login' successfully

2023-04-10 08:52:15 - [TEST_STEP][PASSED] - setText(findTestObject("1-OBJECTS TAREAS PRINCIPALES/Modulo Tarea Compensacion/Tarea Liquidacion Nomina/input_Listado de Empleados_"), "Liquidacion Nomina"): Text 'Liquidacion Nomina' is set on object 'Object Repository/1-OBJECTS TAREAS PRINCIPALES/Modulo Tarea Compensacion/Tarea Liquidacion Nomina/input_Listado de Empleados_'

2023-04-10 08:52:16 - [MESSAGE][PASSED] - Text 'Liquidacion Nomina' is set on object 'Object Repository/1-OBJECTS TAREAS PRINCIPALES/Modulo Tarea Compensacion/Tarea Liquidacion Nomina/input_Listado de Empleados_'

2023-04-10 08:52:16 - [TEST_STEP][PASSED] - waitForElementVisible(findTestObject("1-OBJECTS TAREAS PRINCIPALES/Modulo Tarea Compensacion/Tarea Liquidacion Nomina/span_Liquidacion Nomina"), 0): Object 'Object Repository/1-OBJECTS TAREAS PRINCIPALES/Modulo Tarea Compensacion/Tarea Liquidacion Nomina/span_Liquidacion Nomina' is visible

2023-04-10 08:52:16 - [MESSAGE][WARNING] - Timeout '0' is invalid. Using default page load timeout: '37'

2023-04-10 08:52:17 - [MESSAGE][PASSED] - Object 'Object Repository/1-OBJECTS TAREAS PRINCIPALES/Modulo Tarea Compensacion/Tarea Liquidacion Nomina/span_Liquidacion Nomina' is visible

2023-04-10 08:52:17 - [TEST_STEP][PASSED] - click(findTestObject("1-OBJECTS TAREAS PRINCIPALES/Modulo Tarea Compensacion/Tarea Liquidacion Nomina/span_Liquidacion Nomina")): Object: 'Object Repository/1-OBJECTS TAREAS PRINCIPALES/Modulo Tarea Compensacion/Tarea Liquidacion Nomina/span_Liquidacion Nomina' is clicked on

2023-04-10 08:52:18 - [MESSAGE][PASSED] - Object: 'Object Repository/1-OBJECTS TAREAS PRINCIPALES/Modulo Tarea Compensacion/Tarea Liquidacion Nomina/span_Liquidacion Nomina' is clicked on

2023-04-10 08:52:18 - [MESSAGE][PASSED] - Call Test Case 'Test Cases/Utilidades-(atajos_para _tareas)/Tareas Administracion Compensacion/Tarea Liquidacion Nomina' successfully

2023-04-10 08:52:18 - [TEST_STEP][PASSED] - waitForElementClickable(findTestObject("1-OBJECTS TAREAS PRINCIPALES/Modulo Tarea Compensacion/Recalculo Total/a_Periodo Nomina_LiquidacionNominaj_idt63"), G_TimeOut): Object 'Object Repository/1-OBJECTS TAREAS PRINCIPALES/Modulo Tarea Compensacion/Recalculo Total/a_Periodo Nomina_LiquidacionNominaj_idt63' is clickable

2023-04-10 08:52:19 - [MESSAGE][PASSED] - Object 'Object Repository/1-OBJECTS TAREAS PRINCIPALES/Modulo Tarea Compensacion/Recalculo Total/a_Periodo Nomina_LiquidacionNominaj_idt63' is clickable

2023-04-10 08:52:19 - [TEST_STEP][PASSED] - click(findTestObject("1-OBJECTS TAREAS PRINCIPALES/Modulo Tarea Compensacion/Recalculo Total/a_Periodo Nomina_LiquidacionNominaj_idt63")): Object: 'Object Repository/1-OBJECTS TAREAS PRINCIPALES/Modulo Tarea Compensacion/Recalculo Total/a_Periodo Nomina_LiquidacionNominaj_idt63' is clicked on

2023-04-10 08:52:19 - [MESSAGE][PASSED] - Object: 'Object Repository/1-OBJECTS TAREAS PRINCIPALES/Modulo Tarea Compensacion/Recalculo Total/a_Periodo Nomina_LiquidacionNominaj_idt63' is clicked on

2023-04-10 08:52:19 - [TEST_STEP][PASSED] - waitForElementClickable(findTestObject("1-OBJECTS TAREAS PRINCIPALES/Modulo Tarea Compensacion/Recalculo Total/select_--  Seleccione  --Periodo CerradoPeriodo en Proceso"), G_TimeOut): Object 'Object Repository/1-OBJECTS TAREAS PRINCIPALES/Modulo Tarea Compensacion/Recalculo Total/select_--  Seleccione  --Periodo CerradoPeriodo en Proceso' is clickable

2023-04-10 08:52:20 - [MESSAGE][PASSED] - Object 'Object Repository/1-OBJECTS TAREAS PRINCIPALES/Modulo Tarea Compensacion/Recalculo Total/select_--  Seleccione  --Periodo CerradoPeriodo en Proceso' is clickable

2023-04-10 08:52:20 - [TEST_STEP][PASSED] - click(findTestObject("1-OBJECTS TAREAS PRINCIPALES/Modulo Tarea Compensacion/Recalculo Total/select_--  Seleccione  --Periodo CerradoPeriodo en Proceso")): Object: 'Object Repository/1-OBJECTS TAREAS PRINCIPALES/Modulo Tarea Compensacion/Recalculo Total/select_--  Seleccione  --Periodo CerradoPeriodo en Proceso' is clicked on

2023-04-10 08:52:20 - [MESSAGE][PASSED] - Object: 'Object Repository/1-OBJECTS TAREAS PRINCIPALES/Modulo Tarea Compensacion/Recalculo Total/select_--  Seleccione  --Periodo CerradoPeriodo en Proceso' is clicked on

2023-04-10 08:52:20 - [TEST_STEP][PASSED] - selectOptionByIndex(findTestObject("1-OBJECTS TAREAS PRINCIPALES/Modulo Tarea Compensacion/Recalculo Total/select_--  Seleccione  --Periodo CerradoPeriodo en Proceso"), 2): All options with index in [2] are selected on object 'Object Repository/1-OBJECTS TAREAS PRINCIPALES/Modulo Tarea Compensacion/Recalculo Total/select_--  Seleccione  --Periodo CerradoPeriodo en Proceso'

2023-04-10 08:52:21 - [MESSAGE][PASSED] - All options with index in [2] are selected on object 'Object Repository/1-OBJECTS TAREAS PRINCIPALES/Modulo Tarea Compensacion/Recalculo Total/select_--  Seleccione  --Periodo CerradoPeriodo en Proceso'

2023-04-10 08:52:21 - [TEST_STEP][PASSED] - waitForElementClickable(findTestObject("1-OBJECTS TAREAS PRINCIPALES/Modulo Tarea Compensacion/Recalculo Total/span_P MensualJulio2021"), G_TimeOut): Object 'Object Repository/1-OBJECTS TAREAS PRINCIPALES/Modulo Tarea Compensacion/Recalculo Total/span_P MensualJulio2021' is clickable

2023-04-10 08:52:22 - [MESSAGE][PASSED] - Object 'Object Repository/1-OBJECTS TAREAS PRINCIPALES/Modulo Tarea Compensacion/Recalculo Total/span_P MensualJulio2021' is clickable

2023-04-10 08:52:22 - [TEST_STEP][PASSED] - click(findTestObject("1-OBJECTS TAREAS PRINCIPALES/Modulo Tarea Compensacion/Recalculo Total/span_P MensualJulio2021")): Object: 'Object Repository/1-OBJECTS TAREAS PRINCIPALES/Modulo Tarea Compensacion/Recalculo Total/span_P MensualJulio2021' is clicked on

2023-04-10 08:52:22 - [MESSAGE][PASSED] - Object: 'Object Repository/1-OBJECTS TAREAS PRINCIPALES/Modulo Tarea Compensacion/Recalculo Total/span_P MensualJulio2021' is clicked on

2023-04-10 08:52:22 - [TEST_STEP][PASSED] - waitForElementClickable(findTestObject("1-OBJECTS TAREAS PRINCIPALES/Modulo Tarea Compensacion/Recalculo Total/a_Reclculo Total"), G_TimeOut): Object 'Object Repository/1-OBJECTS TAREAS PRINCIPALES/Modulo Tarea Compensacion/Recalculo Total/a_Reclculo Total' is clickable

2023-04-10 08:52:23 - [MESSAGE][PASSED] - Object 'Object Repository/1-OBJECTS TAREAS PRINCIPALES/Modulo Tarea Compensacion/Recalculo Total/a_Reclculo Total' is clickable

2023-04-10 08:52:23 - [TEST_STEP][PASSED] - click(findTestObject("1-OBJECTS TAREAS PRINCIPALES/Modulo Tarea Compensacion/Recalculo Total/a_Reclculo Total")): Object: 'Object Repository/1-OBJECTS TAREAS PRINCIPALES/Modulo Tarea Compensacion/Recalculo Total/a_Reclculo Total' is clicked on

2023-04-10 08:52:24 - [MESSAGE][PASSED] - Object: 'Object Repository/1-OBJECTS TAREAS PRINCIPALES/Modulo Tarea Compensacion/Recalculo Total/a_Reclculo Total' is clicked on

2023-04-10 08:52:24 - [TEST_STEP][PASSED] - waitForElementClickable(findTestObject("1-OBJECTS TAREAS PRINCIPALES/Modulo Tarea Compensacion/Recalculo Total/span_Si"), G_TimeOut): Object 'Object Repository/1-OBJECTS TAREAS PRINCIPALES/Modulo Tarea Compensacion/Recalculo Total/span_Si' is clickable

2023-04-10 08:52:24 - [MESSAGE][PASSED] - Object 'Object Repository/1-OBJECTS TAREAS PRINCIPALES/Modulo Tarea Compensacion/Recalculo Total/span_Si' is clickable

2023-04-10 08:52:24 - [TEST_STEP][PASSED] - click(findTestObject("1-OBJECTS TAREAS PRINCIPALES/Modulo Tarea Compensacion/Recalculo Total/span_Si")): Object: 'Object Repository/1-OBJECTS TAREAS PRINCIPALES/Modulo Tarea Compensacion/Recalculo Total/span_Si' is clicked on

2023-04-10 08:52:25 - [MESSAGE][PASSED] - Object: 'Object Repository/1-OBJECTS TAREAS PRINCIPALES/Modulo Tarea Compensacion/Recalculo Total/span_Si' is clicked on

2023-04-10 08:52:25 - [TEST_STEP][PASSED] - waitForElementClickable(findTestObject("1-OBJECTS TAREAS PRINCIPALES/Modulo Tarea Compensacion/Recalculo Total/a_Continuar"), G_TimeNomina): Object 'Object Repository/1-OBJECTS TAREAS PRINCIPALES/Modulo Tarea Compensacion/Recalculo Total/a_Continuar' is clickable

2023-04-10 08:53:23 - [MESSAGE][PASSED] - Object 'Object Repository/1-OBJECTS TAREAS PRINCIPALES/Modulo Tarea Compensacion/Recalculo Total/a_Continuar' is clickable

2023-04-10 08:53:23 - [TEST_STEP][PASSED] - waitForElementClickable(findTestObject("1-OBJECTS TAREAS PRINCIPALES/Modulo Tarea Compensacion/Recalculo Total/a_Continuar"), G_TimeNomina): Object 'Object Repository/1-OBJECTS TAREAS PRINCIPALES/Modulo Tarea Compensacion/Recalculo Total/a_Continuar' is clickable

2023-04-10 08:53:24 - [MESSAGE][PASSED] - Object 'Object Repository/1-OBJECTS TAREAS PRINCIPALES/Modulo Tarea Compensacion/Recalculo Total/a_Continuar' is clickable

2023-04-10 08:53:24 - [TEST_STEP][PASSED] - Resultado = getText(findTestObject("1-OBJECTS TAREAS PRINCIPALES/Modulo Tarea Compensacion/Recalculo Total/a_Resultado")): Text of object 'Object Repository/1-OBJECTS TAREAS PRINCIPALES/Modulo Tarea Compensacion/Recalculo Total/a_Resultado' is: 'Recalculo terminado Exitosamente'

2023-04-10 08:53:24 - [MESSAGE][PASSED] - Text of object 'Object Repository/1-OBJECTS TAREAS PRINCIPALES/Modulo Tarea Compensacion/Recalculo Total/a_Resultado' is: 'Recalculo terminado Exitosamente'

2023-04-10 08:53:24 - [TEST_STEP][PASSED] - click(findTestObject("1-OBJECTS TAREAS PRINCIPALES/Modulo Tarea Compensacion/Recalculo Total/a_Continuar")): Object: 'Object Repository/1-OBJECTS TAREAS PRINCIPALES/Modulo Tarea Compensacion/Recalculo Total/a_Continuar' is clicked on

2023-04-10 08:53:25 - [MESSAGE][PASSED] - Object: 'Object Repository/1-OBJECTS TAREAS PRINCIPALES/Modulo Tarea Compensacion/Recalculo Total/a_Continuar' is clicked on

2023-04-10 08:53:25 - [TEST_STEP][PASSED] - if (Resultado == "Recalculo terminado Exitosamente"): null

2023-04-10 08:53:25 - [TEST_STEP][PASSED] - Result = "PRUEBA OK": null

2023-04-10 08:53:25 - [MESSAGE][PASSED] - Call Test Case 'Test Cases/1.1-Tareas Principales/1.3.3-Recalculo Total' successfully

2023-04-10 08:53:25 - [TEST_STEP][PASSED] - waitForElementClickable(findTestObject("1-OBJECTS TAREAS PRINCIPALES/Modulo Tarea Compensacion/Reporte de Recalculo Total/a_Reporte"), G_TimeOut): Object 'Object Repository/1-OBJECTS TAREAS PRINCIPALES/Modulo Tarea Compensacion/Reporte de Recalculo Total/a_Reporte' is clickable

2023-04-10 08:53:25 - [MESSAGE][PASSED] - Object 'Object Repository/1-OBJECTS TAREAS PRINCIPALES/Modulo Tarea Compensacion/Reporte de Recalculo Total/a_Reporte' is clickable

2023-04-10 08:53:25 - [TEST_STEP][PASSED] - click(findTestObject("1-OBJECTS TAREAS PRINCIPALES/Modulo Tarea Compensacion/Reporte de Recalculo Total/a_Reporte")): Object: 'Object Repository/1-OBJECTS TAREAS PRINCIPALES/Modulo Tarea Compensacion/Reporte de Recalculo Total/a_Reporte' is clicked on

2023-04-10 08:53:26 - [MESSAGE][PASSED] - Object: 'Object Repository/1-OBJECTS TAREAS PRINCIPALES/Modulo Tarea Compensacion/Reporte de Recalculo Total/a_Reporte' is clicked on

2023-04-10 08:53:26 - [TEST_STEP][PASSED] - waitForElementClickable(findTestObject("1-OBJECTS TAREAS PRINCIPALES/Modulo Tarea Compensacion/Reporte de Recalculo Total/span_ACUMULADO POR CONCEPTO (1)"), G_TimeOut): Object 'Object Repository/1-OBJECTS TAREAS PRINCIPALES/Modulo Tarea Compensacion/Reporte de Recalculo Total/span_ACUMULADO POR CONCEPTO (1)' is clickable

2023-04-10 08:53:27 - [MESSAGE][PASSED] - Object 'Object Repository/1-OBJECTS TAREAS PRINCIPALES/Modulo Tarea Compensacion/Reporte de Recalculo Total/span_ACUMULADO POR CONCEPTO (1)' is clickable

2023-04-10 08:53:27 - [TEST_STEP][PASSED] - click(findTestObject("1-OBJECTS TAREAS PRINCIPALES/Modulo Tarea Compensacion/Reporte de Recalculo Total/span_ACUMULADO POR CONCEPTO (1)")): Object: 'Object Repository/1-OBJECTS TAREAS PRINCIPALES/Modulo Tarea Compensacion/Reporte de Recalculo Total/span_ACUMULADO POR CONCEPTO (1)' is clicked on

2023-04-10 08:53:27 - [MESSAGE][PASSED] - Object: 'Object Repository/1-OBJECTS TAREAS PRINCIPALES/Modulo Tarea Compensacion/Reporte de Recalculo Total/span_ACUMULADO POR CONCEPTO (1)' is clicked on

2023-04-10 08:53:27 - [TEST_STEP][PASSED] - waitForElementClickable(findTestObject("1-OBJECTS TAREAS PRINCIPALES/Modulo Tarea Compensacion/Reporte de Recalculo Total/a_Aplicar"), G_TimeOut): Object 'Object Repository/1-OBJECTS TAREAS PRINCIPALES/Modulo Tarea Compensacion/Reporte de Recalculo Total/a_Aplicar' is clickable

2023-04-10 08:53:28 - [MESSAGE][PASSED] - Object 'Object Repository/1-OBJECTS TAREAS PRINCIPALES/Modulo Tarea Compensacion/Reporte de Recalculo Total/a_Aplicar' is clickable

2023-04-10 08:53:28 - [TEST_STEP][PASSED] - click(findTestObject("1-OBJECTS TAREAS PRINCIPALES/Modulo Tarea Compensacion/Reporte de Recalculo Total/a_Aplicar")): Object: 'Object Repository/1-OBJECTS TAREAS PRINCIPALES/Modulo Tarea Compensacion/Reporte de Recalculo Total/a_Aplicar' is clicked on

2023-04-10 08:53:28 - [MESSAGE][PASSED] - Object: 'Object Repository/1-OBJECTS TAREAS PRINCIPALES/Modulo Tarea Compensacion/Reporte de Recalculo Total/a_Aplicar' is clicked on

2023-04-10 08:53:28 - [TEST_STEP][PASSED] - if (waitForElementClickable(findTestObject("1-OBJECTS TAREAS PRINCIPALES/Modulo Tarea Compensacion/Reporte de Recalculo Total/span_Reporte_glyphicons glyphicons-article"), G_TimeOut)): null

2023-04-10 08:53:29 - [MESSAGE][PASSED] - Object 'Object Repository/1-OBJECTS TAREAS PRINCIPALES/Modulo Tarea Compensacion/Reporte de Recalculo Total/span_Reporte_glyphicons glyphicons-article' is clickable

2023-04-10 08:53:29 - [TEST_STEP][PASSED] - click(findTestObject("1-OBJECTS TAREAS PRINCIPALES/Modulo Tarea Compensacion/Reporte de Recalculo Total/span_Reporte_glyphicons glyphicons-article")): Object: 'Object Repository/1-OBJECTS TAREAS PRINCIPALES/Modulo Tarea Compensacion/Reporte de Recalculo Total/span_Reporte_glyphicons glyphicons-article' is clicked on

2023-04-10 08:53:30 - [MESSAGE][PASSED] - Object: 'Object Repository/1-OBJECTS TAREAS PRINCIPALES/Modulo Tarea Compensacion/Reporte de Recalculo Total/span_Reporte_glyphicons glyphicons-article' is clicked on

2023-04-10 08:53:30 - [TEST_STEP][PASSED] - waitForElementClickable(findTestObject("1-OBJECTS TAREAS PRINCIPALES/Modulo Tarea Compensacion/Reporte de Recalculo Total/label_html"), G_TimeOut): Object 'Object Repository/1-OBJECTS TAREAS PRINCIPALES/Modulo Tarea Compensacion/Reporte de Recalculo Total/label_html' is clickable

2023-04-10 08:53:31 - [MESSAGE][PASSED] - Object 'Object Repository/1-OBJECTS TAREAS PRINCIPALES/Modulo Tarea Compensacion/Reporte de Recalculo Total/label_html' is clickable

2023-04-10 08:53:31 - [TEST_STEP][PASSED] - click(findTestObject("1-OBJECTS TAREAS PRINCIPALES/Modulo Tarea Compensacion/Reporte de Recalculo Total/label_html")): Object: 'Object Repository/1-OBJECTS TAREAS PRINCIPALES/Modulo Tarea Compensacion/Reporte de Recalculo Total/label_html' is clicked on

2023-04-10 08:53:31 - [MESSAGE][PASSED] - Object: 'Object Repository/1-OBJECTS TAREAS PRINCIPALES/Modulo Tarea Compensacion/Reporte de Recalculo Total/label_html' is clicked on

2023-04-10 08:53:31 - [TEST_STEP][PASSED] - waitForElementClickable(findTestObject("1-OBJECTS TAREAS PRINCIPALES/Modulo Tarea Compensacion/Reporte de Recalculo Total/a_Generar Reporte (1)"), G_TimeOut): Object 'Object Repository/1-OBJECTS TAREAS PRINCIPALES/Modulo Tarea Compensacion/Reporte de Recalculo Total/a_Generar Reporte (1)' is clickable

2023-04-10 08:53:31 - [MESSAGE][PASSED] - Object 'Object Repository/1-OBJECTS TAREAS PRINCIPALES/Modulo Tarea Compensacion/Reporte de Recalculo Total/a_Generar Reporte (1)' is clickable

2023-04-10 08:53:31 - [TEST_STEP][PASSED] - click(findTestObject("1-OBJECTS TAREAS PRINCIPALES/Modulo Tarea Compensacion/Reporte de Recalculo Total/a_Generar Reporte (1)")): Object: 'Object Repository/1-OBJECTS TAREAS PRINCIPALES/Modulo Tarea Compensacion/Reporte de Recalculo Total/a_Generar Reporte (1)' is clicked on

2023-04-10 08:53:32 - [MESSAGE][PASSED] - Object: 'Object Repository/1-OBJECTS TAREAS PRINCIPALES/Modulo Tarea Compensacion/Reporte de Recalculo Total/a_Generar Reporte (1)' is clicked on

2023-04-10 08:53:32 - [TEST_STEP][PASSED] - waitForElementClickable(findTestObject("1-OBJECTS TAREAS PRINCIPALES/Modulo Tarea Compensacion/Reporte de Recalculo Total/a_Descargar"), G_TimeOut): Object 'Object Repository/1-OBJECTS TAREAS PRINCIPALES/Modulo Tarea Compensacion/Reporte de Recalculo Total/a_Descargar' is clickable

2023-04-10 08:53:34 - [MESSAGE][PASSED] - Object 'Object Repository/1-OBJECTS TAREAS PRINCIPALES/Modulo Tarea Compensacion/Reporte de Recalculo Total/a_Descargar' is clickable

2023-04-10 08:53:34 - [TEST_STEP][PASSED] - click(findTestObject("1-OBJECTS TAREAS PRINCIPALES/Modulo Tarea Compensacion/Reporte de Recalculo Total/a_Descargar")): Object: 'Object Repository/1-OBJECTS TAREAS PRINCIPALES/Modulo Tarea Compensacion/Reporte de Recalculo Total/a_Descargar' is clicked on

2023-04-10 08:53:34 - [MESSAGE][PASSED] - Object: 'Object Repository/1-OBJECTS TAREAS PRINCIPALES/Modulo Tarea Compensacion/Reporte de Recalculo Total/a_Descargar' is clicked on

2023-04-10 08:53:34 - [TEST_STEP][PASSED] - click(findTestObject("1-OBJECTS TAREAS PRINCIPALES/Modulo Tarea Compensacion/Reporte de Recalculo Total/a_Cerrar ventana")): Object: 'Object Repository/1-OBJECTS TAREAS PRINCIPALES/Modulo Tarea Compensacion/Reporte de Recalculo Total/a_Cerrar ventana' is clicked on

2023-04-10 08:53:35 - [MESSAGE][PASSED] - Object: 'Object Repository/1-OBJECTS TAREAS PRINCIPALES/Modulo Tarea Compensacion/Reporte de Recalculo Total/a_Cerrar ventana' is clicked on

2023-04-10 08:53:35 - [TEST_STEP][PASSED] - Assert.assertTrue(archivoDescargado(rutaA, Archivo)): null

2023-04-10 08:53:35 - [TEST_STEP][PASSED] - dir = new java.io.File(RutaA): null

2023-04-10 08:53:35 - [TEST_STEP][PASSED] - dirContentenidos = dir.listFiles(): null

2023-04-10 08:53:35 - [TEST_STEP][PASSED] - for ([i = 0, i < length, (i++)]): null

2023-04-10 08:53:35 - [TEST_STEP][PASSED] - if (getName().equals(Archivo)): null

2023-04-10 08:53:35 - [TEST_STEP][PASSED] - if (getName().equals(Archivo)): null

2023-04-10 08:53:35 - [TEST_STEP][PASSED] - if (getName().equals(Archivo)): null

2023-04-10 08:53:35 - [TEST_STEP][PASSED] - if (getName().equals(Archivo)): null

2023-04-10 08:53:35 - [TEST_STEP][PASSED] - if (getName().equals(Archivo)): null

2023-04-10 08:53:35 - [TEST_STEP][PASSED] - if (getName().equals(Archivo)): null

2023-04-10 08:53:35 - [TEST_STEP][PASSED] - if (getName().equals(Archivo)): null

2023-04-10 08:53:35 - [TEST_STEP][PASSED] - dirContentenidos[i].delete(): null

2023-04-10 08:53:35 - [TEST_STEP][PASSED] - ResultF = "PRUEBA OK": null

2023-04-10 08:53:35 - [TEST_STEP][PASSED] - closeBrowser(): Browser is closed

2023-04-10 08:53:36 - [MESSAGE][PASSED] - Browser is closed

2023-04-10 08:53:36 - [TEST_STEP][PASSED] - return true: null]]></system-out>
         <system-err><![CDATA[]]></system-err>
      </testcase>
      <testcase name="Test Cases/1.1-Tareas Principales/1.3.5-Comprobante de Pago" time="27.898" classname="Test Cases/1.1-Tareas Principales/1.3.5-Comprobante de Pago" status="PASSED">
         <system-out><![CDATA[2023-04-10 08:53:36 - [TEST_CASE][PASSED] - Test Cases/1.1-Tareas Principales/1.3.5-Comprobante de Pago: Test Cases/1.1-Tareas Principales/1.3.5-Comprobante de Pago

2023-04-10 08:53:36 - [TEST_STEP][PASSED] - callTestCase(findTestCase("Utilidades-(atajos_para _tareas)/Tareas Administracion Compensacion/Tarea Liquidacion Nomina"), [:], STOP_ON_FAILURE): Call Test Case 'Test Cases/Utilidades-(atajos_para _tareas)/Tareas Administracion Compensacion/Tarea Liquidacion Nomina' successfully

2023-04-10 08:53:36 - [TEST_CASE][PASSED] - Test Cases/Utilidades-(atajos_para _tareas)/Tareas Administracion Compensacion/Tarea Liquidacion Nomina: Test Cases/Utilidades-(atajos_para _tareas)/Tareas Administracion Compensacion/Tarea Liquidacion Nomina

2023-04-10 08:53:36 - [TEST_STEP][PASSED] - callTestCase(findTestCase("0.1-Login"), [:], STOP_ON_FAILURE): Call Test Case 'Test Cases/0.1-Login' successfully

2023-04-10 08:53:36 - [TEST_CASE][PASSED] - Test Cases/0.1-Login: Test Cases/0.1-Login

2023-04-10 08:53:36 - [TEST_STEP][PASSED] - openBrowser(""): Browser is opened with url: ''

2023-04-10 08:53:36 - [MESSAGE][INFO] - Starting 'Chrome' driver

2023-04-10 08:53:36 - [MESSAGE][INFO] - Action delay is set to 0 milliseconds

2023-04-10 08:53:37 - [MESSAGE][PASSED] - Browser is opened with url: ''

2023-04-10 08:53:37 - [TEST_STEP][PASSED] - maximizeWindow(): Current window maximized

2023-04-10 08:53:38 - [MESSAGE][PASSED] - Current window maximized

2023-04-10 08:53:38 - [TEST_STEP][PASSED] - i = G_Login: null

2023-04-10 08:53:38 - [TEST_STEP][PASSED] - url = new java.net.URL(i): null

2023-04-10 08:53:38 - [TEST_STEP][PASSED] - println("URL: " + url.toString()): null

2023-04-10 08:53:38 - [TEST_STEP][PASSED] - connection = url.openConnection(): null

2023-04-10 08:53:38 - [TEST_STEP][PASSED] - connection.setRequestMethod("GET"): null

2023-04-10 08:53:38 - [TEST_STEP][PASSED] - connection.setReadTimeout(2 * 1000): null

2023-04-10 08:53:38 - [TEST_STEP][PASSED] - try: null

2023-04-10 08:53:38 - [TEST_STEP][PASSED] - connection.connect(): null

2023-04-10 08:53:38 - [TEST_STEP][PASSED] - flag = connected: null

2023-04-10 08:53:38 - [TEST_STEP][PASSED] - println("Valor_ori: " + flag): null

2023-04-10 08:53:38 - [TEST_STEP][PASSED] - if (flag): null

2023-04-10 08:53:38 - [TEST_STEP][PASSED] - navigateToUrl(i): Navigate to 'http://192.168.2.19:8380/saraweb' successfully

2023-04-10 08:53:38 - [MESSAGE][PASSED] - Navigate to 'http://192.168.2.19:8380/saraweb' successfully

2023-04-10 08:53:38 - [TEST_STEP][PASSED] - a(): null

2023-04-10 08:53:38 - [TEST_STEP][PASSED] - if (waitForElementVisible(findTestObject("3-OBJECTS UTILIDADES/Login/input_USUARIO_loginusuario"), 0)): null

2023-04-10 08:53:38 - [MESSAGE][WARNING] - Timeout '0' is invalid. Using default page load timeout: '37'

2023-04-10 08:53:38 - [MESSAGE][PASSED] - Object 'Object Repository/3-OBJECTS UTILIDADES/Login/input_USUARIO_loginusuario' is visible

2023-04-10 08:53:38 - [TEST_STEP][PASSED] - switchToWindowTitle("SARA"): Switched to window with title: 'SARA'

2023-04-10 08:53:38 - [MESSAGE][PASSED] - Switched to window with title: 'SARA'

2023-04-10 08:53:38 - [TEST_STEP][PASSED] - zoom(): null

2023-04-10 08:53:38 - [TEST_STEP][PASSED] - robot = new java.awt.Robot(): null

2023-04-10 08:53:38 - [TEST_STEP][PASSED] - robot.keyPress(VK_CONTROL): null

2023-04-10 08:53:38 - [TEST_STEP][PASSED] - robot.keyPress(VK_SUBTRACT): null

2023-04-10 08:53:38 - [TEST_STEP][PASSED] - robot.keyRelease(VK_CONTROL): null

2023-04-10 08:53:38 - [TEST_STEP][PASSED] - robot.keyRelease(VK_SUBTRACT): null

2023-04-10 08:53:38 - [TEST_STEP][PASSED] - robot.keyPress(VK_CONTROL): null

2023-04-10 08:53:38 - [TEST_STEP][PASSED] - robot.keyPress(VK_SUBTRACT): null

2023-04-10 08:53:38 - [TEST_STEP][PASSED] - robot.keyRelease(VK_CONTROL): null

2023-04-10 08:53:38 - [TEST_STEP][PASSED] - robot.keyRelease(VK_SUBTRACT): null

2023-04-10 08:53:38 - [TEST_STEP][PASSED] - robot.keyPress(VK_CONTROL): null

2023-04-10 08:53:38 - [TEST_STEP][PASSED] - robot.keyPress(VK_SUBTRACT): null

2023-04-10 08:53:38 - [TEST_STEP][PASSED] - robot.keyRelease(VK_CONTROL): null

2023-04-10 08:53:38 - [TEST_STEP][PASSED] - robot.keyRelease(VK_SUBTRACT): null

2023-04-10 08:53:38 - [TEST_STEP][PASSED] - robot.keyRelease(VK_CONTROL): null

2023-04-10 08:53:38 - [TEST_STEP][PASSED] - robot.keyRelease(VK_SUBTRACT): null

2023-04-10 08:53:38 - [TEST_STEP][PASSED] - setText(findTestObject("3-OBJECTS UTILIDADES/Login/input_USUARIO_loginusuario"), G_Usuario): Text 'saraadmin' is set on object 'Object Repository/3-OBJECTS UTILIDADES/Login/input_USUARIO_loginusuario'

2023-04-10 08:53:39 - [MESSAGE][PASSED] - Text 'saraadmin' is set on object 'Object Repository/3-OBJECTS UTILIDADES/Login/input_USUARIO_loginusuario'

2023-04-10 08:53:39 - [TEST_STEP][PASSED] - setEncryptedText(findTestObject("3-OBJECTS UTILIDADES/Login/input_CLAVE_loginpassword"), "SlAwMcyRKqrwbnzhAs8HhT6NnI7sEyng"): Text ****** has been set on object 'Object Repository/3-OBJECTS UTILIDADES/Login/input_CLAVE_loginpassword'

2023-04-10 08:53:41 - [MESSAGE][PASSED] - Text ****** has been set on object 'Object Repository/3-OBJECTS UTILIDADES/Login/input_CLAVE_loginpassword'

2023-04-10 08:53:41 - [TEST_STEP][PASSED] - while (waitForElementClickable(findTestObject("3-OBJECTS UTILIDADES/Login/a_Ingresar"), 1)): Web element with id: 'Object Repository/3-OBJECTS UTILIDADES/Login/a_Ingresar' located by '//a[contains(text(),'Ingresar')]' not found

2023-04-10 08:53:43 - [MESSAGE][INFO] - Unable to find the element located by 'By.xpath: //a[contains(text(),'Ingresar')]'. Please recheck the objects properties to make sure the desired element is located. 

2023-04-10 08:53:43 - [MESSAGE][WARNING] - Web element with id: 'Object Repository/3-OBJECTS UTILIDADES/Login/a_Ingresar' located by '//a[contains(text(),'Ingresar')]' not found

2023-04-10 08:53:43 - [MESSAGE][PASSED] - Call Test Case 'Test Cases/0.1-Login' successfully

2023-04-10 08:53:43 - [TEST_STEP][PASSED] - setText(findTestObject("1-OBJECTS TAREAS PRINCIPALES/Modulo Tarea Compensacion/Tarea Liquidacion Nomina/input_Listado de Empleados_"), "Liquidacion Nomina"): Text 'Liquidacion Nomina' is set on object 'Object Repository/1-OBJECTS TAREAS PRINCIPALES/Modulo Tarea Compensacion/Tarea Liquidacion Nomina/input_Listado de Empleados_'

2023-04-10 08:53:44 - [MESSAGE][PASSED] - Text 'Liquidacion Nomina' is set on object 'Object Repository/1-OBJECTS TAREAS PRINCIPALES/Modulo Tarea Compensacion/Tarea Liquidacion Nomina/input_Listado de Empleados_'

2023-04-10 08:53:44 - [TEST_STEP][PASSED] - waitForElementVisible(findTestObject("1-OBJECTS TAREAS PRINCIPALES/Modulo Tarea Compensacion/Tarea Liquidacion Nomina/span_Liquidacion Nomina"), 0): Object 'Object Repository/1-OBJECTS TAREAS PRINCIPALES/Modulo Tarea Compensacion/Tarea Liquidacion Nomina/span_Liquidacion Nomina' is visible

2023-04-10 08:53:44 - [MESSAGE][WARNING] - Timeout '0' is invalid. Using default page load timeout: '37'

2023-04-10 08:53:45 - [MESSAGE][PASSED] - Object 'Object Repository/1-OBJECTS TAREAS PRINCIPALES/Modulo Tarea Compensacion/Tarea Liquidacion Nomina/span_Liquidacion Nomina' is visible

2023-04-10 08:53:45 - [TEST_STEP][PASSED] - click(findTestObject("1-OBJECTS TAREAS PRINCIPALES/Modulo Tarea Compensacion/Tarea Liquidacion Nomina/span_Liquidacion Nomina")): Object: 'Object Repository/1-OBJECTS TAREAS PRINCIPALES/Modulo Tarea Compensacion/Tarea Liquidacion Nomina/span_Liquidacion Nomina' is clicked on

2023-04-10 08:53:46 - [MESSAGE][PASSED] - Object: 'Object Repository/1-OBJECTS TAREAS PRINCIPALES/Modulo Tarea Compensacion/Tarea Liquidacion Nomina/span_Liquidacion Nomina' is clicked on

2023-04-10 08:53:46 - [MESSAGE][PASSED] - Call Test Case 'Test Cases/Utilidades-(atajos_para _tareas)/Tareas Administracion Compensacion/Tarea Liquidacion Nomina' successfully

2023-04-10 08:53:46 - [TEST_STEP][PASSED] - waitForElementClickable(findTestObject("1-OBJECTS TAREAS PRINCIPALES/Modulo Tarea Compensacion/Comprobante de Pago/a_Periodo Nomina_LiquidacionNominaj_idt63"), G_TimeOut): Object 'Object Repository/1-OBJECTS TAREAS PRINCIPALES/Modulo Tarea Compensacion/Comprobante de Pago/a_Periodo Nomina_LiquidacionNominaj_idt63' is clickable

2023-04-10 08:53:47 - [MESSAGE][PASSED] - Object 'Object Repository/1-OBJECTS TAREAS PRINCIPALES/Modulo Tarea Compensacion/Comprobante de Pago/a_Periodo Nomina_LiquidacionNominaj_idt63' is clickable

2023-04-10 08:53:47 - [TEST_STEP][PASSED] - click(findTestObject("1-OBJECTS TAREAS PRINCIPALES/Modulo Tarea Compensacion/Comprobante de Pago/a_Periodo Nomina_LiquidacionNominaj_idt63")): Object: 'Object Repository/1-OBJECTS TAREAS PRINCIPALES/Modulo Tarea Compensacion/Comprobante de Pago/a_Periodo Nomina_LiquidacionNominaj_idt63' is clicked on

2023-04-10 08:53:47 - [MESSAGE][PASSED] - Object: 'Object Repository/1-OBJECTS TAREAS PRINCIPALES/Modulo Tarea Compensacion/Comprobante de Pago/a_Periodo Nomina_LiquidacionNominaj_idt63' is clicked on

2023-04-10 08:53:47 - [TEST_STEP][PASSED] - waitForElementClickable(findTestObject("1-OBJECTS TAREAS PRINCIPALES/Modulo Tarea Compensacion/Comprobante de Pago/select_--  Seleccione  --Periodo CerradoPeriodo en Proceso"), G_TimeOut): Object 'Object Repository/1-OBJECTS TAREAS PRINCIPALES/Modulo Tarea Compensacion/Comprobante de Pago/select_--  Seleccione  --Periodo CerradoPeriodo en Proceso' is clickable

2023-04-10 08:53:48 - [MESSAGE][PASSED] - Object 'Object Repository/1-OBJECTS TAREAS PRINCIPALES/Modulo Tarea Compensacion/Comprobante de Pago/select_--  Seleccione  --Periodo CerradoPeriodo en Proceso' is clickable

2023-04-10 08:53:48 - [TEST_STEP][PASSED] - click(findTestObject("1-OBJECTS TAREAS PRINCIPALES/Modulo Tarea Compensacion/Comprobante de Pago/select_--  Seleccione  --Periodo CerradoPeriodo en Proceso")): Object: 'Object Repository/1-OBJECTS TAREAS PRINCIPALES/Modulo Tarea Compensacion/Comprobante de Pago/select_--  Seleccione  --Periodo CerradoPeriodo en Proceso' is clicked on

2023-04-10 08:53:48 - [MESSAGE][PASSED] - Object: 'Object Repository/1-OBJECTS TAREAS PRINCIPALES/Modulo Tarea Compensacion/Comprobante de Pago/select_--  Seleccione  --Periodo CerradoPeriodo en Proceso' is clicked on

2023-04-10 08:53:48 - [TEST_STEP][PASSED] - selectOptionByIndex(findTestObject("1-OBJECTS TAREAS PRINCIPALES/Modulo Tarea Compensacion/Comprobante de Pago/select_--  Seleccione  --Periodo CerradoPeriodo en Proceso"), 2): All options with index in [2] are selected on object 'Object Repository/1-OBJECTS TAREAS PRINCIPALES/Modulo Tarea Compensacion/Comprobante de Pago/select_--  Seleccione  --Periodo CerradoPeriodo en Proceso'

2023-04-10 08:53:49 - [MESSAGE][PASSED] - All options with index in [2] are selected on object 'Object Repository/1-OBJECTS TAREAS PRINCIPALES/Modulo Tarea Compensacion/Comprobante de Pago/select_--  Seleccione  --Periodo CerradoPeriodo en Proceso'

2023-04-10 08:53:49 - [TEST_STEP][PASSED] - click(findTestObject("1-OBJECTS TAREAS PRINCIPALES/Modulo Tarea Compensacion/Comprobante de Pago/span_P MensualJulio2021")): Object: 'Object Repository/1-OBJECTS TAREAS PRINCIPALES/Modulo Tarea Compensacion/Comprobante de Pago/span_P MensualJulio2021' is clicked on

2023-04-10 08:53:51 - [MESSAGE][PASSED] - Object: 'Object Repository/1-OBJECTS TAREAS PRINCIPALES/Modulo Tarea Compensacion/Comprobante de Pago/span_P MensualJulio2021' is clicked on

2023-04-10 08:53:51 - [TEST_STEP][PASSED] - waitForElementClickable(findTestObject("1-OBJECTS TAREAS PRINCIPALES/Modulo Tarea Compensacion/Comprobante de Pago/a_Nombre Persona_LiquidacionNo"), G_TimeOut): Object 'Object Repository/1-OBJECTS TAREAS PRINCIPALES/Modulo Tarea Compensacion/Comprobante de Pago/a_Nombre Persona_LiquidacionNo' is clickable

2023-04-10 08:53:52 - [MESSAGE][PASSED] - Object 'Object Repository/1-OBJECTS TAREAS PRINCIPALES/Modulo Tarea Compensacion/Comprobante de Pago/a_Nombre Persona_LiquidacionNo' is clickable

2023-04-10 08:53:52 - [TEST_STEP][PASSED] - click(findTestObject("1-OBJECTS TAREAS PRINCIPALES/Modulo Tarea Compensacion/Comprobante de Pago/a_Nombre Persona_LiquidacionNo")): Object: 'Object Repository/1-OBJECTS TAREAS PRINCIPALES/Modulo Tarea Compensacion/Comprobante de Pago/a_Nombre Persona_LiquidacionNo' is clicked on

2023-04-10 08:53:52 - [MESSAGE][PASSED] - Object: 'Object Repository/1-OBJECTS TAREAS PRINCIPALES/Modulo Tarea Compensacion/Comprobante de Pago/a_Nombre Persona_LiquidacionNo' is clicked on

2023-04-10 08:53:52 - [TEST_STEP][PASSED] - waitForElementClickable(findTestObject("1-OBJECTS TAREAS PRINCIPALES/Modulo Tarea Compensacion/Comprobante de Pago/input_close_popupFiltroEmplead"), 0): Object 'Object Repository/1-OBJECTS TAREAS PRINCIPALES/Modulo Tarea Compensacion/Comprobante de Pago/input_close_popupFiltroEmplead' is clickable

2023-04-10 08:53:52 - [MESSAGE][WARNING] - Timeout '0' is invalid. Using default page load timeout: '37'

2023-04-10 08:53:53 - [MESSAGE][PASSED] - Object 'Object Repository/1-OBJECTS TAREAS PRINCIPALES/Modulo Tarea Compensacion/Comprobante de Pago/input_close_popupFiltroEmplead' is clickable

2023-04-10 08:53:53 - [TEST_STEP][PASSED] - setText(findTestObject("1-OBJECTS TAREAS PRINCIPALES/Modulo Tarea Compensacion/Comprobante de Pago/input_close_popupFiltroEmplead"), "66666"): Text '66666' is set on object 'Object Repository/1-OBJECTS TAREAS PRINCIPALES/Modulo Tarea Compensacion/Comprobante de Pago/input_close_popupFiltroEmplead'

2023-04-10 08:53:54 - [MESSAGE][PASSED] - Text '66666' is set on object 'Object Repository/1-OBJECTS TAREAS PRINCIPALES/Modulo Tarea Compensacion/Comprobante de Pago/input_close_popupFiltroEmplead'

2023-04-10 08:53:54 - [TEST_STEP][PASSED] - sendKeys(findTestObject("1-OBJECTS TAREAS PRINCIPALES/Modulo Tarea Compensacion/Comprobante de Pago/input_close_popupFiltroEmplead"), Keys.chord(ENTER)): Keys 'ENTER + ' sent to object: 'Object Repository/1-OBJECTS TAREAS PRINCIPALES/Modulo Tarea Compensacion/Comprobante de Pago/input_close_popupFiltroEmplead'

2023-04-10 08:53:54 - [MESSAGE][PASSED] - Keys 'ENTER + ' sent to object: 'Object Repository/1-OBJECTS TAREAS PRINCIPALES/Modulo Tarea Compensacion/Comprobante de Pago/input_close_popupFiltroEmplead'

2023-04-10 08:53:54 - [TEST_STEP][PASSED] - click(findTestObject("1-OBJECTS TAREAS PRINCIPALES/Modulo Tarea Compensacion/Comprobante de Pago/td_SALGADO PAULA")): Object: 'Object Repository/1-OBJECTS TAREAS PRINCIPALES/Modulo Tarea Compensacion/Comprobante de Pago/td_SALGADO PAULA' is clicked on

2023-04-10 08:53:55 - [MESSAGE][PASSED] - Object: 'Object Repository/1-OBJECTS TAREAS PRINCIPALES/Modulo Tarea Compensacion/Comprobante de Pago/td_SALGADO PAULA' is clicked on

2023-04-10 08:53:55 - [TEST_STEP][PASSED] - waitForElementClickable(findTestObject("1-OBJECTS TAREAS PRINCIPALES/Modulo Tarea Compensacion/Comprobante de Pago/td_SALGADO PAULA"), 0): Object 'Object Repository/1-OBJECTS TAREAS PRINCIPALES/Modulo Tarea Compensacion/Comprobante de Pago/td_SALGADO PAULA' is clickable

2023-04-10 08:53:55 - [MESSAGE][WARNING] - Timeout '0' is invalid. Using default page load timeout: '37'

2023-04-10 08:53:55 - [MESSAGE][PASSED] - Object 'Object Repository/1-OBJECTS TAREAS PRINCIPALES/Modulo Tarea Compensacion/Comprobante de Pago/td_SALGADO PAULA' is clickable

2023-04-10 08:53:55 - [TEST_STEP][PASSED] - check(findTestObject("1-OBJECTS TAREAS PRINCIPALES/Modulo Tarea Compensacion/Comprobante de Pago/check")): Object 'Object Repository/1-OBJECTS TAREAS PRINCIPALES/Modulo Tarea Compensacion/Comprobante de Pago/check' is checked

2023-04-10 08:53:56 - [MESSAGE][PASSED] - Object 'Object Repository/1-OBJECTS TAREAS PRINCIPALES/Modulo Tarea Compensacion/Comprobante de Pago/check' is checked

2023-04-10 08:53:56 - [TEST_STEP][PASSED] - click(findTestObject("1-OBJECTS TAREAS PRINCIPALES/Modulo Tarea Compensacion/Comprobante de Pago/span_Generar Comprobante")): Object: 'Object Repository/1-OBJECTS TAREAS PRINCIPALES/Modulo Tarea Compensacion/Comprobante de Pago/span_Generar Comprobante' is clicked on

2023-04-10 08:53:57 - [MESSAGE][PASSED] - Object: 'Object Repository/1-OBJECTS TAREAS PRINCIPALES/Modulo Tarea Compensacion/Comprobante de Pago/span_Generar Comprobante' is clicked on

2023-04-10 08:53:57 - [TEST_STEP][PASSED] - click(findTestObject("1-OBJECTS TAREAS PRINCIPALES/Modulo Tarea Compensacion/Comprobante de Pago/input_Publicar_formComprobante")): Object: 'Object Repository/1-OBJECTS TAREAS PRINCIPALES/Modulo Tarea Compensacion/Comprobante de Pago/input_Publicar_formComprobante' is clicked on

2023-04-10 08:53:57 - [MESSAGE][PASSED] - Object: 'Object Repository/1-OBJECTS TAREAS PRINCIPALES/Modulo Tarea Compensacion/Comprobante de Pago/input_Publicar_formComprobante' is clicked on

2023-04-10 08:53:57 - [TEST_STEP][PASSED] - waitForElementClickable(findTestObject("1-OBJECTS TAREAS PRINCIPALES/Modulo Tarea Compensacion/Comprobante de Pago/select_-- Seleccione --Comprob"), 0, STOP_ON_FAILURE): Object 'Object Repository/1-OBJECTS TAREAS PRINCIPALES/Modulo Tarea Compensacion/Comprobante de Pago/select_-- Seleccione --Comprob' is clickable

2023-04-10 08:53:57 - [MESSAGE][WARNING] - Timeout '0' is invalid. Using default page load timeout: '37'

2023-04-10 08:53:58 - [MESSAGE][PASSED] - Object 'Object Repository/1-OBJECTS TAREAS PRINCIPALES/Modulo Tarea Compensacion/Comprobante de Pago/select_-- Seleccione --Comprob' is clickable

2023-04-10 08:53:58 - [TEST_STEP][PASSED] - click(findTestObject("1-OBJECTS TAREAS PRINCIPALES/Modulo Tarea Compensacion/Comprobante de Pago/input_Mensaje")): Object: 'Object Repository/1-OBJECTS TAREAS PRINCIPALES/Modulo Tarea Compensacion/Comprobante de Pago/input_Mensaje' is clicked on

2023-04-10 08:53:58 - [MESSAGE][PASSED] - Object: 'Object Repository/1-OBJECTS TAREAS PRINCIPALES/Modulo Tarea Compensacion/Comprobante de Pago/input_Mensaje' is clicked on

2023-04-10 08:53:58 - [TEST_STEP][PASSED] - click(findTestObject("1-OBJECTS TAREAS PRINCIPALES/Modulo Tarea Compensacion/Comprobante de Pago/a_Comprobante de Nomina")): Object: 'Object Repository/1-OBJECTS TAREAS PRINCIPALES/Modulo Tarea Compensacion/Comprobante de Pago/a_Comprobante de Nomina' is clicked on

2023-04-10 08:53:59 - [MESSAGE][PASSED] - Object: 'Object Repository/1-OBJECTS TAREAS PRINCIPALES/Modulo Tarea Compensacion/Comprobante de Pago/a_Comprobante de Nomina' is clicked on

2023-04-10 08:53:59 - [TEST_STEP][PASSED] - click(findTestObject("1-OBJECTS TAREAS PRINCIPALES/Modulo Tarea Compensacion/Comprobante de Pago/select_-- Seleccione --Comprob")): Object: 'Object Repository/1-OBJECTS TAREAS PRINCIPALES/Modulo Tarea Compensacion/Comprobante de Pago/select_-- Seleccione --Comprob' is clicked on

2023-04-10 08:53:59 - [MESSAGE][PASSED] - Object: 'Object Repository/1-OBJECTS TAREAS PRINCIPALES/Modulo Tarea Compensacion/Comprobante de Pago/select_-- Seleccione --Comprob' is clicked on

2023-04-10 08:53:59 - [TEST_STEP][PASSED] - click(findTestObject("1-OBJECTS TAREAS PRINCIPALES/Modulo Tarea Compensacion/Comprobante de Pago/span_Comprobante De Nomina")): Object: 'Object Repository/1-OBJECTS TAREAS PRINCIPALES/Modulo Tarea Compensacion/Comprobante de Pago/span_Comprobante De Nomina' is clicked on

2023-04-10 08:54:00 - [MESSAGE][PASSED] - Object: 'Object Repository/1-OBJECTS TAREAS PRINCIPALES/Modulo Tarea Compensacion/Comprobante de Pago/span_Comprobante De Nomina' is clicked on

2023-04-10 08:54:00 - [TEST_STEP][PASSED] - click(findTestObject("1-OBJECTS TAREAS PRINCIPALES/Modulo Tarea Compensacion/Comprobante de Pago/a_Generar")): Object: 'Object Repository/1-OBJECTS TAREAS PRINCIPALES/Modulo Tarea Compensacion/Comprobante de Pago/a_Generar' is clicked on

2023-04-10 08:54:00 - [MESSAGE][PASSED] - Object: 'Object Repository/1-OBJECTS TAREAS PRINCIPALES/Modulo Tarea Compensacion/Comprobante de Pago/a_Generar' is clicked on

2023-04-10 08:54:00 - [TEST_STEP][PASSED] - doubleClick(findTestObject("1-OBJECTS TAREAS PRINCIPALES/Modulo Tarea Compensacion/Comprobante de Pago/a_Comprobante")): Object: 'Object Repository/1-OBJECTS TAREAS PRINCIPALES/Modulo Tarea Compensacion/Comprobante de Pago/a_Comprobante' is double clicked on

2023-04-10 08:54:02 - [MESSAGE][PASSED] - Object: 'Object Repository/1-OBJECTS TAREAS PRINCIPALES/Modulo Tarea Compensacion/Comprobante de Pago/a_Comprobante' is double clicked on

2023-04-10 08:54:02 - [TEST_STEP][PASSED] - switchToWindowIndex(1, STOP_ON_FAILURE): Switched to window with index: '1'

2023-04-10 08:54:02 - [MESSAGE][PASSED] - Switched to window with index: '1'

2023-04-10 08:54:02 - [TEST_STEP][PASSED] - if (waitForElementVisible(findTestObject("1-OBJECTS TAREAS PRINCIPALES/Modulo Tarea Compensacion/Comprobante de Pago/a_doc"), 1) || waitForElementVisible(findTestObject("1-OBJECTS TAREAS PRINCIPALES/Modulo Tarea Compensacion/Comprobante de Pago/a_doc - Copy"), 1)): null

2023-04-10 08:54:03 - [MESSAGE][PASSED] - Object 'Object Repository/1-OBJECTS TAREAS PRINCIPALES/Modulo Tarea Compensacion/Comprobante de Pago/a_doc' is visible

2023-04-10 08:54:03 - [TEST_STEP][PASSED] - Result = "PRUEBA OK": null

2023-04-10 08:54:03 - [TEST_STEP][PASSED] - closeBrowser(): Browser is closed

2023-04-10 08:54:03 - [MESSAGE][PASSED] - Browser is closed]]></system-out>
         <system-err><![CDATA[]]></system-err>
      </testcase>
      <testcase name="Test Cases/1.1-Tareas Principales/1.3.6-Reversar Nomina" time="21.494" classname="Test Cases/1.1-Tareas Principales/1.3.6-Reversar Nomina" status="PASSED">
         <system-out><![CDATA[2023-04-10 08:54:03 - [TEST_CASE][PASSED] - Test Cases/1.1-Tareas Principales/1.3.6-Reversar Nomina: Test Cases/1.1-Tareas Principales/1.3.6-Reversar Nomina

2023-04-10 08:54:04 - [TEST_STEP][PASSED] - callTestCase(findTestCase("Utilidades-(atajos_para _tareas)/Tareas Administracion Compensacion/Tarea Liquidacion Nomina"), [:], STOP_ON_FAILURE): Call Test Case 'Test Cases/Utilidades-(atajos_para _tareas)/Tareas Administracion Compensacion/Tarea Liquidacion Nomina' successfully

2023-04-10 08:54:04 - [TEST_CASE][PASSED] - Test Cases/Utilidades-(atajos_para _tareas)/Tareas Administracion Compensacion/Tarea Liquidacion Nomina: Test Cases/Utilidades-(atajos_para _tareas)/Tareas Administracion Compensacion/Tarea Liquidacion Nomina

2023-04-10 08:54:04 - [TEST_STEP][PASSED] - callTestCase(findTestCase("0.1-Login"), [:], STOP_ON_FAILURE): Call Test Case 'Test Cases/0.1-Login' successfully

2023-04-10 08:54:04 - [TEST_CASE][PASSED] - Test Cases/0.1-Login: Test Cases/0.1-Login

2023-04-10 08:54:04 - [TEST_STEP][PASSED] - openBrowser(""): Browser is opened with url: ''

2023-04-10 08:54:04 - [MESSAGE][INFO] - Starting 'Chrome' driver

2023-04-10 08:54:04 - [MESSAGE][INFO] - Action delay is set to 0 milliseconds

2023-04-10 08:54:05 - [MESSAGE][PASSED] - Browser is opened with url: ''

2023-04-10 08:54:05 - [TEST_STEP][PASSED] - maximizeWindow(): Current window maximized

2023-04-10 08:54:05 - [MESSAGE][PASSED] - Current window maximized

2023-04-10 08:54:05 - [TEST_STEP][PASSED] - i = G_Login: null

2023-04-10 08:54:05 - [TEST_STEP][PASSED] - url = new java.net.URL(i): null

2023-04-10 08:54:05 - [TEST_STEP][PASSED] - println("URL: " + url.toString()): null

2023-04-10 08:54:05 - [TEST_STEP][PASSED] - connection = url.openConnection(): null

2023-04-10 08:54:05 - [TEST_STEP][PASSED] - connection.setRequestMethod("GET"): null

2023-04-10 08:54:05 - [TEST_STEP][PASSED] - connection.setReadTimeout(2 * 1000): null

2023-04-10 08:54:05 - [TEST_STEP][PASSED] - try: null

2023-04-10 08:54:05 - [TEST_STEP][PASSED] - connection.connect(): null

2023-04-10 08:54:05 - [TEST_STEP][PASSED] - flag = connected: null

2023-04-10 08:54:05 - [TEST_STEP][PASSED] - println("Valor_ori: " + flag): null

2023-04-10 08:54:05 - [TEST_STEP][PASSED] - if (flag): null

2023-04-10 08:54:05 - [TEST_STEP][PASSED] - navigateToUrl(i): Navigate to 'http://192.168.2.19:8380/saraweb' successfully

2023-04-10 08:54:06 - [MESSAGE][PASSED] - Navigate to 'http://192.168.2.19:8380/saraweb' successfully

2023-04-10 08:54:06 - [TEST_STEP][PASSED] - a(): null

2023-04-10 08:54:06 - [TEST_STEP][PASSED] - if (waitForElementVisible(findTestObject("3-OBJECTS UTILIDADES/Login/input_USUARIO_loginusuario"), 0)): null

2023-04-10 08:54:06 - [MESSAGE][WARNING] - Timeout '0' is invalid. Using default page load timeout: '37'

2023-04-10 08:54:06 - [MESSAGE][PASSED] - Object 'Object Repository/3-OBJECTS UTILIDADES/Login/input_USUARIO_loginusuario' is visible

2023-04-10 08:54:06 - [TEST_STEP][PASSED] - switchToWindowTitle("SARA"): Switched to window with title: 'SARA'

2023-04-10 08:54:06 - [MESSAGE][PASSED] - Switched to window with title: 'SARA'

2023-04-10 08:54:06 - [TEST_STEP][PASSED] - zoom(): null

2023-04-10 08:54:06 - [TEST_STEP][PASSED] - robot = new java.awt.Robot(): null

2023-04-10 08:54:06 - [TEST_STEP][PASSED] - robot.keyPress(VK_CONTROL): null

2023-04-10 08:54:06 - [TEST_STEP][PASSED] - robot.keyPress(VK_SUBTRACT): null

2023-04-10 08:54:06 - [TEST_STEP][PASSED] - robot.keyRelease(VK_CONTROL): null

2023-04-10 08:54:06 - [TEST_STEP][PASSED] - robot.keyRelease(VK_SUBTRACT): null

2023-04-10 08:54:06 - [TEST_STEP][PASSED] - robot.keyPress(VK_CONTROL): null

2023-04-10 08:54:06 - [TEST_STEP][PASSED] - robot.keyPress(VK_SUBTRACT): null

2023-04-10 08:54:06 - [TEST_STEP][PASSED] - robot.keyRelease(VK_CONTROL): null

2023-04-10 08:54:06 - [TEST_STEP][PASSED] - robot.keyRelease(VK_SUBTRACT): null

2023-04-10 08:54:06 - [TEST_STEP][PASSED] - robot.keyPress(VK_CONTROL): null

2023-04-10 08:54:06 - [TEST_STEP][PASSED] - robot.keyPress(VK_SUBTRACT): null

2023-04-10 08:54:06 - [TEST_STEP][PASSED] - robot.keyRelease(VK_CONTROL): null

2023-04-10 08:54:06 - [TEST_STEP][PASSED] - robot.keyRelease(VK_SUBTRACT): null

2023-04-10 08:54:06 - [TEST_STEP][PASSED] - robot.keyRelease(VK_CONTROL): null

2023-04-10 08:54:06 - [TEST_STEP][PASSED] - robot.keyRelease(VK_SUBTRACT): null

2023-04-10 08:54:06 - [TEST_STEP][PASSED] - setText(findTestObject("3-OBJECTS UTILIDADES/Login/input_USUARIO_loginusuario"), G_Usuario): Text 'saraadmin' is set on object 'Object Repository/3-OBJECTS UTILIDADES/Login/input_USUARIO_loginusuario'

2023-04-10 08:54:07 - [MESSAGE][PASSED] - Text 'saraadmin' is set on object 'Object Repository/3-OBJECTS UTILIDADES/Login/input_USUARIO_loginusuario'

2023-04-10 08:54:07 - [TEST_STEP][PASSED] - setEncryptedText(findTestObject("3-OBJECTS UTILIDADES/Login/input_CLAVE_loginpassword"), "SlAwMcyRKqrwbnzhAs8HhT6NnI7sEyng"): Text ****** has been set on object 'Object Repository/3-OBJECTS UTILIDADES/Login/input_CLAVE_loginpassword'

2023-04-10 08:54:08 - [MESSAGE][PASSED] - Text ****** has been set on object 'Object Repository/3-OBJECTS UTILIDADES/Login/input_CLAVE_loginpassword'

2023-04-10 08:54:08 - [TEST_STEP][PASSED] - while (waitForElementClickable(findTestObject("3-OBJECTS UTILIDADES/Login/a_Ingresar"), 1)): Web element with id: 'Object Repository/3-OBJECTS UTILIDADES/Login/a_Ingresar' located by '//a[contains(text(),'Ingresar')]' not found

2023-04-10 08:54:10 - [MESSAGE][INFO] - Unable to find the element located by 'By.xpath: //a[contains(text(),'Ingresar')]'. Please recheck the objects properties to make sure the desired element is located. 

2023-04-10 08:54:10 - [MESSAGE][WARNING] - Web element with id: 'Object Repository/3-OBJECTS UTILIDADES/Login/a_Ingresar' located by '//a[contains(text(),'Ingresar')]' not found

2023-04-10 08:54:10 - [MESSAGE][PASSED] - Call Test Case 'Test Cases/0.1-Login' successfully

2023-04-10 08:54:10 - [TEST_STEP][PASSED] - setText(findTestObject("1-OBJECTS TAREAS PRINCIPALES/Modulo Tarea Compensacion/Tarea Liquidacion Nomina/input_Listado de Empleados_"), "Liquidacion Nomina"): Text 'Liquidacion Nomina' is set on object 'Object Repository/1-OBJECTS TAREAS PRINCIPALES/Modulo Tarea Compensacion/Tarea Liquidacion Nomina/input_Listado de Empleados_'

2023-04-10 08:54:11 - [MESSAGE][PASSED] - Text 'Liquidacion Nomina' is set on object 'Object Repository/1-OBJECTS TAREAS PRINCIPALES/Modulo Tarea Compensacion/Tarea Liquidacion Nomina/input_Listado de Empleados_'

2023-04-10 08:54:11 - [TEST_STEP][PASSED] - waitForElementVisible(findTestObject("1-OBJECTS TAREAS PRINCIPALES/Modulo Tarea Compensacion/Tarea Liquidacion Nomina/span_Liquidacion Nomina"), 0): Object 'Object Repository/1-OBJECTS TAREAS PRINCIPALES/Modulo Tarea Compensacion/Tarea Liquidacion Nomina/span_Liquidacion Nomina' is visible

2023-04-10 08:54:11 - [MESSAGE][WARNING] - Timeout '0' is invalid. Using default page load timeout: '37'

2023-04-10 08:54:13 - [MESSAGE][PASSED] - Object 'Object Repository/1-OBJECTS TAREAS PRINCIPALES/Modulo Tarea Compensacion/Tarea Liquidacion Nomina/span_Liquidacion Nomina' is visible

2023-04-10 08:54:13 - [TEST_STEP][PASSED] - click(findTestObject("1-OBJECTS TAREAS PRINCIPALES/Modulo Tarea Compensacion/Tarea Liquidacion Nomina/span_Liquidacion Nomina")): Object: 'Object Repository/1-OBJECTS TAREAS PRINCIPALES/Modulo Tarea Compensacion/Tarea Liquidacion Nomina/span_Liquidacion Nomina' is clicked on

2023-04-10 08:54:13 - [MESSAGE][PASSED] - Object: 'Object Repository/1-OBJECTS TAREAS PRINCIPALES/Modulo Tarea Compensacion/Tarea Liquidacion Nomina/span_Liquidacion Nomina' is clicked on

2023-04-10 08:54:13 - [MESSAGE][PASSED] - Call Test Case 'Test Cases/Utilidades-(atajos_para _tareas)/Tareas Administracion Compensacion/Tarea Liquidacion Nomina' successfully

2023-04-10 08:54:13 - [TEST_STEP][PASSED] - waitForElementClickable(findTestObject("1-OBJECTS TAREAS PRINCIPALES/Modulo Tarea Compensacion/Comprobante de Pago/a_Periodo Nomina_LiquidacionNominaj_idt63"), 0): Object 'Object Repository/1-OBJECTS TAREAS PRINCIPALES/Modulo Tarea Compensacion/Comprobante de Pago/a_Periodo Nomina_LiquidacionNominaj_idt63' is clickable

2023-04-10 08:54:13 - [MESSAGE][WARNING] - Timeout '0' is invalid. Using default page load timeout: '37'

2023-04-10 08:54:14 - [MESSAGE][PASSED] - Object 'Object Repository/1-OBJECTS TAREAS PRINCIPALES/Modulo Tarea Compensacion/Comprobante de Pago/a_Periodo Nomina_LiquidacionNominaj_idt63' is clickable

2023-04-10 08:54:14 - [TEST_STEP][PASSED] - click(findTestObject("1-OBJECTS TAREAS PRINCIPALES/Modulo Tarea Compensacion/Comprobante de Pago/a_Periodo Nomina_LiquidacionNominaj_idt63")): Object: 'Object Repository/1-OBJECTS TAREAS PRINCIPALES/Modulo Tarea Compensacion/Comprobante de Pago/a_Periodo Nomina_LiquidacionNominaj_idt63' is clicked on

2023-04-10 08:54:15 - [MESSAGE][PASSED] - Object: 'Object Repository/1-OBJECTS TAREAS PRINCIPALES/Modulo Tarea Compensacion/Comprobante de Pago/a_Periodo Nomina_LiquidacionNominaj_idt63' is clicked on

2023-04-10 08:54:15 - [TEST_STEP][PASSED] - waitForElementClickable(findTestObject("1-OBJECTS TAREAS PRINCIPALES/Modulo Tarea Compensacion/Comprobante de Pago/select_--  Seleccione  --Periodo CerradoPeriodo en Proceso"), G_TimeOut): Object 'Object Repository/1-OBJECTS TAREAS PRINCIPALES/Modulo Tarea Compensacion/Comprobante de Pago/select_--  Seleccione  --Periodo CerradoPeriodo en Proceso' is clickable

2023-04-10 08:54:15 - [MESSAGE][PASSED] - Object 'Object Repository/1-OBJECTS TAREAS PRINCIPALES/Modulo Tarea Compensacion/Comprobante de Pago/select_--  Seleccione  --Periodo CerradoPeriodo en Proceso' is clickable

2023-04-10 08:54:15 - [TEST_STEP][PASSED] - click(findTestObject("1-OBJECTS TAREAS PRINCIPALES/Modulo Tarea Compensacion/Comprobante de Pago/select_--  Seleccione  --Periodo CerradoPeriodo en Proceso")): Object: 'Object Repository/1-OBJECTS TAREAS PRINCIPALES/Modulo Tarea Compensacion/Comprobante de Pago/select_--  Seleccione  --Periodo CerradoPeriodo en Proceso' is clicked on

2023-04-10 08:54:16 - [MESSAGE][PASSED] - Object: 'Object Repository/1-OBJECTS TAREAS PRINCIPALES/Modulo Tarea Compensacion/Comprobante de Pago/select_--  Seleccione  --Periodo CerradoPeriodo en Proceso' is clicked on

2023-04-10 08:54:16 - [TEST_STEP][PASSED] - selectOptionByIndex(findTestObject("1-OBJECTS TAREAS PRINCIPALES/Modulo Tarea Compensacion/Comprobante de Pago/select_--  Seleccione  --Periodo CerradoPeriodo en Proceso"), 2): All options with index in [2] are selected on object 'Object Repository/1-OBJECTS TAREAS PRINCIPALES/Modulo Tarea Compensacion/Comprobante de Pago/select_--  Seleccione  --Periodo CerradoPeriodo en Proceso'

2023-04-10 08:54:17 - [MESSAGE][PASSED] - All options with index in [2] are selected on object 'Object Repository/1-OBJECTS TAREAS PRINCIPALES/Modulo Tarea Compensacion/Comprobante de Pago/select_--  Seleccione  --Periodo CerradoPeriodo en Proceso'

2023-04-10 08:54:17 - [TEST_STEP][PASSED] - click(findTestObject("1-OBJECTS TAREAS PRINCIPALES/Modulo Tarea Compensacion/Reversar Nomina/span_P. MensualJunio2021")): Object: 'Object Repository/1-OBJECTS TAREAS PRINCIPALES/Modulo Tarea Compensacion/Reversar Nomina/span_P. MensualJunio2021' is clicked on

2023-04-10 08:54:18 - [MESSAGE][PASSED] - Object: 'Object Repository/1-OBJECTS TAREAS PRINCIPALES/Modulo Tarea Compensacion/Reversar Nomina/span_P. MensualJunio2021' is clicked on

2023-04-10 08:54:18 - [TEST_STEP][PASSED] - click(findTestObject("1-OBJECTS TAREAS PRINCIPALES/Modulo Tarea Compensacion/Reversar Nomina/input_Contrato_LiquidacionNominaj_idt124")): Object: 'Object Repository/1-OBJECTS TAREAS PRINCIPALES/Modulo Tarea Compensacion/Reversar Nomina/input_Contrato_LiquidacionNominaj_idt124' is clicked on

2023-04-10 08:54:19 - [MESSAGE][PASSED] - Object: 'Object Repository/1-OBJECTS TAREAS PRINCIPALES/Modulo Tarea Compensacion/Reversar Nomina/input_Contrato_LiquidacionNominaj_idt124' is clicked on

2023-04-10 08:54:19 - [TEST_STEP][PASSED] - setText(findTestObject("1-OBJECTS TAREAS PRINCIPALES/Modulo Tarea Compensacion/Reversar Nomina/input_Contrato_LiquidacionNominaj_idt124"), "1234567890"): Text '1234567890' is set on object 'Object Repository/1-OBJECTS TAREAS PRINCIPALES/Modulo Tarea Compensacion/Reversar Nomina/input_Contrato_LiquidacionNominaj_idt124'

2023-04-10 08:54:20 - [MESSAGE][PASSED] - Text '1234567890' is set on object 'Object Repository/1-OBJECTS TAREAS PRINCIPALES/Modulo Tarea Compensacion/Reversar Nomina/input_Contrato_LiquidacionNominaj_idt124'

2023-04-10 08:54:20 - [TEST_STEP][PASSED] - sendKeys(findTestObject("1-OBJECTS TAREAS PRINCIPALES/Modulo Tarea Compensacion/Reversar Nomina/input_Contrato_LiquidacionNominaj_idt124"), Keys.chord(ENTER)): Keys 'ENTER + ' sent to object: 'Object Repository/1-OBJECTS TAREAS PRINCIPALES/Modulo Tarea Compensacion/Reversar Nomina/input_Contrato_LiquidacionNominaj_idt124'

2023-04-10 08:54:20 - [MESSAGE][PASSED] - Keys 'ENTER + ' sent to object: 'Object Repository/1-OBJECTS TAREAS PRINCIPALES/Modulo Tarea Compensacion/Reversar Nomina/input_Contrato_LiquidacionNominaj_idt124'

2023-04-10 08:54:20 - [TEST_STEP][PASSED] - waitForElementClickable(findTestObject("1-OBJECTS TAREAS PRINCIPALES/Modulo Tarea Compensacion/Reversar Nomina/td_Gomez  Jose"), 0): Object 'Object Repository/1-OBJECTS TAREAS PRINCIPALES/Modulo Tarea Compensacion/Reversar Nomina/td_Gomez  Jose' is clickable

2023-04-10 08:54:20 - [MESSAGE][WARNING] - Timeout '0' is invalid. Using default page load timeout: '37'

2023-04-10 08:54:21 - [MESSAGE][PASSED] - Object 'Object Repository/1-OBJECTS TAREAS PRINCIPALES/Modulo Tarea Compensacion/Reversar Nomina/td_Gomez  Jose' is clickable

2023-04-10 08:54:21 - [TEST_STEP][PASSED] - click(findTestObject("1-OBJECTS TAREAS PRINCIPALES/Modulo Tarea Compensacion/Reversar Nomina/td_Gomez  Jose")): Object: 'Object Repository/1-OBJECTS TAREAS PRINCIPALES/Modulo Tarea Compensacion/Reversar Nomina/td_Gomez  Jose' is clicked on

2023-04-10 08:54:21 - [MESSAGE][PASSED] - Object: 'Object Repository/1-OBJECTS TAREAS PRINCIPALES/Modulo Tarea Compensacion/Reversar Nomina/td_Gomez  Jose' is clicked on

2023-04-10 08:54:21 - [TEST_STEP][PASSED] - waitForElementClickable(findTestObject("1-OBJECTS TAREAS PRINCIPALES/Modulo Tarea Compensacion/Reversar Nomina/a_Concepto_Reversar"), 0): Object 'Object Repository/1-OBJECTS TAREAS PRINCIPALES/Modulo Tarea Compensacion/Reversar Nomina/a_Concepto_Reversar' is clickable

2023-04-10 08:54:21 - [MESSAGE][WARNING] - Timeout '0' is invalid. Using default page load timeout: '37'

2023-04-10 08:54:22 - [MESSAGE][PASSED] - Object 'Object Repository/1-OBJECTS TAREAS PRINCIPALES/Modulo Tarea Compensacion/Reversar Nomina/a_Concepto_Reversar' is clickable

2023-04-10 08:54:22 - [TEST_STEP][PASSED] - click(findTestObject("1-OBJECTS TAREAS PRINCIPALES/Modulo Tarea Compensacion/Reversar Nomina/a_Concepto_Reversar")): Object: 'Object Repository/1-OBJECTS TAREAS PRINCIPALES/Modulo Tarea Compensacion/Reversar Nomina/a_Concepto_Reversar' is clicked on

2023-04-10 08:54:22 - [MESSAGE][PASSED] - Object: 'Object Repository/1-OBJECTS TAREAS PRINCIPALES/Modulo Tarea Compensacion/Reversar Nomina/a_Concepto_Reversar' is clicked on

2023-04-10 08:54:22 - [TEST_STEP][PASSED] - click(findTestObject("1-OBJECTS TAREAS PRINCIPALES/Modulo Tarea Compensacion/Reversar Nomina/a_Reversar_Nomina")): Object: 'Object Repository/1-OBJECTS TAREAS PRINCIPALES/Modulo Tarea Compensacion/Reversar Nomina/a_Reversar_Nomina' is clicked on

2023-04-10 08:54:23 - [MESSAGE][PASSED] - Object: 'Object Repository/1-OBJECTS TAREAS PRINCIPALES/Modulo Tarea Compensacion/Reversar Nomina/a_Reversar_Nomina' is clicked on

2023-04-10 08:54:23 - [TEST_STEP][PASSED] - click(findTestObject("1-OBJECTS TAREAS PRINCIPALES/Modulo Tarea Compensacion/Reversar Nomina/span_Si")): Object: 'Object Repository/1-OBJECTS TAREAS PRINCIPALES/Modulo Tarea Compensacion/Reversar Nomina/span_Si' is clicked on

2023-04-10 08:54:23 - [MESSAGE][PASSED] - Object: 'Object Repository/1-OBJECTS TAREAS PRINCIPALES/Modulo Tarea Compensacion/Reversar Nomina/span_Si' is clicked on

2023-04-10 08:54:23 - [TEST_STEP][PASSED] - Alerta = getText(findTestObject("3-OBJECTS UTILIDADES/Alerta/Alerta")): Text of object 'Object Repository/3-OBJECTS UTILIDADES/Alerta/Alerta' is: 'Se reverso exitosamente'

2023-04-10 08:54:24 - [MESSAGE][PASSED] - Text of object 'Object Repository/3-OBJECTS UTILIDADES/Alerta/Alerta' is: 'Se reverso exitosamente'

2023-04-10 08:54:24 - [TEST_STEP][PASSED] - if (Alerta == "Se reverso exitosamente"): Browser is closed

2023-04-10 08:54:24 - [TEST_STEP][PASSED] - closeBrowser(): Browser is closed

2023-04-10 08:54:25 - [MESSAGE][PASSED] - Browser is closed]]></system-out>
         <system-err><![CDATA[]]></system-err>
      </testcase>
      <testcase name="Test Cases/1.1-Tareas Principales/1.3.7-Liquidacion y reversion por bancos" time="23.212" classname="Test Cases/1.1-Tareas Principales/1.3.7-Liquidacion y reversion por bancos" status="PASSED">
         <system-out><![CDATA[2023-04-10 08:54:25 - [TEST_CASE][PASSED] - Test Cases/1.1-Tareas Principales/1.3.7-Liquidacion y reversion por bancos: Test Cases/1.1-Tareas Principales/1.3.7-Liquidacion y reversion por bancos

2023-04-10 08:54:25 - [TEST_STEP][PASSED] - callTestCase(findTestCase("Utilidades-(atajos_para _tareas)/Tareas Administracion Compensacion/Tarea Generacion Entidad Pago"), [:], STOP_ON_FAILURE): Call Test Case 'Test Cases/Utilidades-(atajos_para _tareas)/Tareas Administracion Compensacion/Tarea Generacion Entidad Pago' successfully

2023-04-10 08:54:25 - [TEST_CASE][PASSED] - Test Cases/Utilidades-(atajos_para _tareas)/Tareas Administracion Compensacion/Tarea Generacion Entidad Pago: Test Cases/Utilidades-(atajos_para _tareas)/Tareas Administracion Compensacion/Tarea Generacion Entidad Pago

2023-04-10 08:54:26 - [TEST_STEP][PASSED] - callTestCase(findTestCase("0.1-Login"), [:], STOP_ON_FAILURE): Call Test Case 'Test Cases/0.1-Login' successfully

2023-04-10 08:54:26 - [TEST_CASE][PASSED] - Test Cases/0.1-Login: Test Cases/0.1-Login

2023-04-10 08:54:26 - [TEST_STEP][PASSED] - openBrowser(""): Browser is opened with url: ''

2023-04-10 08:54:26 - [MESSAGE][INFO] - Starting 'Chrome' driver

2023-04-10 08:54:26 - [MESSAGE][INFO] - Action delay is set to 0 milliseconds

2023-04-10 08:54:27 - [MESSAGE][PASSED] - Browser is opened with url: ''

2023-04-10 08:54:27 - [TEST_STEP][PASSED] - maximizeWindow(): Current window maximized

2023-04-10 08:54:27 - [MESSAGE][PASSED] - Current window maximized

2023-04-10 08:54:27 - [TEST_STEP][PASSED] - i = G_Login: null

2023-04-10 08:54:27 - [TEST_STEP][PASSED] - url = new java.net.URL(i): null

2023-04-10 08:54:27 - [TEST_STEP][PASSED] - println("URL: " + url.toString()): null

2023-04-10 08:54:27 - [TEST_STEP][PASSED] - connection = url.openConnection(): null

2023-04-10 08:54:27 - [TEST_STEP][PASSED] - connection.setRequestMethod("GET"): null

2023-04-10 08:54:27 - [TEST_STEP][PASSED] - connection.setReadTimeout(2 * 1000): null

2023-04-10 08:54:27 - [TEST_STEP][PASSED] - try: null

2023-04-10 08:54:27 - [TEST_STEP][PASSED] - connection.connect(): null

2023-04-10 08:54:27 - [TEST_STEP][PASSED] - flag = connected: null

2023-04-10 08:54:27 - [TEST_STEP][PASSED] - println("Valor_ori: " + flag): null

2023-04-10 08:54:27 - [TEST_STEP][PASSED] - if (flag): null

2023-04-10 08:54:27 - [TEST_STEP][PASSED] - navigateToUrl(i): Navigate to 'http://192.168.2.19:8380/saraweb' successfully

2023-04-10 08:54:27 - [MESSAGE][PASSED] - Navigate to 'http://192.168.2.19:8380/saraweb' successfully

2023-04-10 08:54:27 - [TEST_STEP][PASSED] - a(): null

2023-04-10 08:54:27 - [TEST_STEP][PASSED] - if (waitForElementVisible(findTestObject("3-OBJECTS UTILIDADES/Login/input_USUARIO_loginusuario"), 0)): null

2023-04-10 08:54:27 - [MESSAGE][WARNING] - Timeout '0' is invalid. Using default page load timeout: '37'

2023-04-10 08:54:28 - [MESSAGE][PASSED] - Object 'Object Repository/3-OBJECTS UTILIDADES/Login/input_USUARIO_loginusuario' is visible

2023-04-10 08:54:28 - [TEST_STEP][PASSED] - switchToWindowTitle("SARA"): Switched to window with title: 'SARA'

2023-04-10 08:54:28 - [MESSAGE][PASSED] - Switched to window with title: 'SARA'

2023-04-10 08:54:28 - [TEST_STEP][PASSED] - zoom(): null

2023-04-10 08:54:28 - [TEST_STEP][PASSED] - robot = new java.awt.Robot(): null

2023-04-10 08:54:28 - [TEST_STEP][PASSED] - robot.keyPress(VK_CONTROL): null

2023-04-10 08:54:28 - [TEST_STEP][PASSED] - robot.keyPress(VK_SUBTRACT): null

2023-04-10 08:54:28 - [TEST_STEP][PASSED] - robot.keyRelease(VK_CONTROL): null

2023-04-10 08:54:28 - [TEST_STEP][PASSED] - robot.keyRelease(VK_SUBTRACT): null

2023-04-10 08:54:28 - [TEST_STEP][PASSED] - robot.keyPress(VK_CONTROL): null

2023-04-10 08:54:28 - [TEST_STEP][PASSED] - robot.keyPress(VK_SUBTRACT): null

2023-04-10 08:54:28 - [TEST_STEP][PASSED] - robot.keyRelease(VK_CONTROL): null

2023-04-10 08:54:28 - [TEST_STEP][PASSED] - robot.keyRelease(VK_SUBTRACT): null

2023-04-10 08:54:28 - [TEST_STEP][PASSED] - robot.keyPress(VK_CONTROL): null

2023-04-10 08:54:28 - [TEST_STEP][PASSED] - robot.keyPress(VK_SUBTRACT): null

2023-04-10 08:54:28 - [TEST_STEP][PASSED] - robot.keyRelease(VK_CONTROL): null

2023-04-10 08:54:28 - [TEST_STEP][PASSED] - robot.keyRelease(VK_SUBTRACT): null

2023-04-10 08:54:28 - [TEST_STEP][PASSED] - robot.keyRelease(VK_CONTROL): null

2023-04-10 08:54:28 - [TEST_STEP][PASSED] - robot.keyRelease(VK_SUBTRACT): null

2023-04-10 08:54:28 - [TEST_STEP][PASSED] - setText(findTestObject("3-OBJECTS UTILIDADES/Login/input_USUARIO_loginusuario"), G_Usuario): Text 'saraadmin' is set on object 'Object Repository/3-OBJECTS UTILIDADES/Login/input_USUARIO_loginusuario'

2023-04-10 08:54:29 - [MESSAGE][PASSED] - Text 'saraadmin' is set on object 'Object Repository/3-OBJECTS UTILIDADES/Login/input_USUARIO_loginusuario'

2023-04-10 08:54:29 - [TEST_STEP][PASSED] - setEncryptedText(findTestObject("3-OBJECTS UTILIDADES/Login/input_CLAVE_loginpassword"), "SlAwMcyRKqrwbnzhAs8HhT6NnI7sEyng"): Text ****** has been set on object 'Object Repository/3-OBJECTS UTILIDADES/Login/input_CLAVE_loginpassword'

2023-04-10 08:54:31 - [MESSAGE][PASSED] - Text ****** has been set on object 'Object Repository/3-OBJECTS UTILIDADES/Login/input_CLAVE_loginpassword'

2023-04-10 08:54:31 - [TEST_STEP][PASSED] - while (waitForElementClickable(findTestObject("3-OBJECTS UTILIDADES/Login/a_Ingresar"), 1)): Web element with id: 'Object Repository/3-OBJECTS UTILIDADES/Login/a_Ingresar' located by '//a[contains(text(),'Ingresar')]' not found

2023-04-10 08:54:33 - [MESSAGE][INFO] - Unable to find the element located by 'By.xpath: //a[contains(text(),'Ingresar')]'. Please recheck the objects properties to make sure the desired element is located. 

2023-04-10 08:54:33 - [MESSAGE][WARNING] - Web element with id: 'Object Repository/3-OBJECTS UTILIDADES/Login/a_Ingresar' located by '//a[contains(text(),'Ingresar')]' not found

2023-04-10 08:54:33 - [MESSAGE][PASSED] - Call Test Case 'Test Cases/0.1-Login' successfully

2023-04-10 08:54:33 - [TEST_STEP][PASSED] - waitForElementVisible(findTestObject("1-OBJECTS TAREAS PRINCIPALES/Modulo Tarea Compensacion/Tarea Generacion Entidad Pago/input_Ir_nav_t66_input"), 0): Object 'Object Repository/1-OBJECTS TAREAS PRINCIPALES/Modulo Tarea Compensacion/Tarea Generacion Entidad Pago/input_Ir_nav_t66_input' is visible

2023-04-10 08:54:33 - [MESSAGE][WARNING] - Timeout '0' is invalid. Using default page load timeout: '37'

2023-04-10 08:54:33 - [MESSAGE][PASSED] - Object 'Object Repository/1-OBJECTS TAREAS PRINCIPALES/Modulo Tarea Compensacion/Tarea Generacion Entidad Pago/input_Ir_nav_t66_input' is visible

2023-04-10 08:54:33 - [TEST_STEP][PASSED] - setText(findTestObject("1-OBJECTS TAREAS PRINCIPALES/Modulo Tarea Compensacion/Tarea Generacion Entidad Pago/input_Ir_nav_t66_input"), "Generacion Entidad Pago (com)"): Text 'Generacion Entidad Pago (com)' is set on object 'Object Repository/1-OBJECTS TAREAS PRINCIPALES/Modulo Tarea Compensacion/Tarea Generacion Entidad Pago/input_Ir_nav_t66_input'

2023-04-10 08:54:34 - [MESSAGE][PASSED] - Text 'Generacion Entidad Pago (com)' is set on object 'Object Repository/1-OBJECTS TAREAS PRINCIPALES/Modulo Tarea Compensacion/Tarea Generacion Entidad Pago/input_Ir_nav_t66_input'

2023-04-10 08:54:34 - [TEST_STEP][PASSED] - waitForElementVisible(findTestObject("1-OBJECTS TAREAS PRINCIPALES/Modulo Tarea Compensacion/Tarea Generacion Entidad Pago/span_Generacion Entidad Pago (com)"), 0): Object 'Object Repository/1-OBJECTS TAREAS PRINCIPALES/Modulo Tarea Compensacion/Tarea Generacion Entidad Pago/span_Generacion Entidad Pago (com)' is visible

2023-04-10 08:54:34 - [MESSAGE][WARNING] - Timeout '0' is invalid. Using default page load timeout: '37'

2023-04-10 08:54:35 - [MESSAGE][PASSED] - Object 'Object Repository/1-OBJECTS TAREAS PRINCIPALES/Modulo Tarea Compensacion/Tarea Generacion Entidad Pago/span_Generacion Entidad Pago (com)' is visible

2023-04-10 08:54:35 - [TEST_STEP][PASSED] - click(findTestObject("1-OBJECTS TAREAS PRINCIPALES/Modulo Tarea Compensacion/Tarea Generacion Entidad Pago/span_Generacion Entidad Pago (com)")): Object: 'Object Repository/1-OBJECTS TAREAS PRINCIPALES/Modulo Tarea Compensacion/Tarea Generacion Entidad Pago/span_Generacion Entidad Pago (com)' is clicked on

2023-04-10 08:54:36 - [MESSAGE][PASSED] - Object: 'Object Repository/1-OBJECTS TAREAS PRINCIPALES/Modulo Tarea Compensacion/Tarea Generacion Entidad Pago/span_Generacion Entidad Pago (com)' is clicked on

2023-04-10 08:54:36 - [MESSAGE][PASSED] - Call Test Case 'Test Cases/Utilidades-(atajos_para _tareas)/Tareas Administracion Compensacion/Tarea Generacion Entidad Pago' successfully

2023-04-10 08:54:36 - [TEST_STEP][PASSED] - waitForElementClickable(findTestObject("1-OBJECTS TAREAS PRINCIPALES/Modulo Tarea Compensacion/Liquidacion y Reversion por Bancos/a_Traer"), 0): Object 'Object Repository/1-OBJECTS TAREAS PRINCIPALES/Modulo Tarea Compensacion/Liquidacion y Reversion por Bancos/a_Traer' is clickable

2023-04-10 08:54:36 - [MESSAGE][WARNING] - Timeout '0' is invalid. Using default page load timeout: '37'

2023-04-10 08:54:37 - [MESSAGE][PASSED] - Object 'Object Repository/1-OBJECTS TAREAS PRINCIPALES/Modulo Tarea Compensacion/Liquidacion y Reversion por Bancos/a_Traer' is clickable

2023-04-10 08:54:37 - [TEST_STEP][PASSED] - click(findTestObject("1-OBJECTS TAREAS PRINCIPALES/Modulo Tarea Compensacion/Liquidacion y Reversion por Bancos/a_Traer")): Object: 'Object Repository/1-OBJECTS TAREAS PRINCIPALES/Modulo Tarea Compensacion/Liquidacion y Reversion por Bancos/a_Traer' is clicked on

2023-04-10 08:54:37 - [MESSAGE][PASSED] - Object: 'Object Repository/1-OBJECTS TAREAS PRINCIPALES/Modulo Tarea Compensacion/Liquidacion y Reversion por Bancos/a_Traer' is clicked on

2023-04-10 08:54:37 - [TEST_STEP][PASSED] - click(findTestObject("1-OBJECTS TAREAS PRINCIPALES/Modulo Tarea Compensacion/Liquidacion y Reversion por Bancos/label_Periodo Fuera de Nomina")): Object: 'Object Repository/1-OBJECTS TAREAS PRINCIPALES/Modulo Tarea Compensacion/Liquidacion y Reversion por Bancos/label_Periodo Fuera de Nomina' is clicked on

2023-04-10 08:54:38 - [MESSAGE][PASSED] - Object: 'Object Repository/1-OBJECTS TAREAS PRINCIPALES/Modulo Tarea Compensacion/Liquidacion y Reversion por Bancos/label_Periodo Fuera de Nomina' is clicked on

2023-04-10 08:54:38 - [TEST_STEP][PASSED] - setText(findTestObject("1-OBJECTS TAREAS PRINCIPALES/Modulo Tarea Compensacion/Liquidacion y Reversion por Bancos/input_Fecha_form_popUpTraer"), "01/06/2021"): Text '01/06/2021' is set on object 'Object Repository/1-OBJECTS TAREAS PRINCIPALES/Modulo Tarea Compensacion/Liquidacion y Reversion por Bancos/input_Fecha_form_popUpTraer'

2023-04-10 08:54:39 - [MESSAGE][PASSED] - Text '01/06/2021' is set on object 'Object Repository/1-OBJECTS TAREAS PRINCIPALES/Modulo Tarea Compensacion/Liquidacion y Reversion por Bancos/input_Fecha_form_popUpTraer'

2023-04-10 08:54:39 - [TEST_STEP][PASSED] - click(findTestObject("1-OBJECTS TAREAS PRINCIPALES/Modulo Tarea Compensacion/Liquidacion y Reversion por Bancos/a_Aplicar (1)")): Object: 'Object Repository/1-OBJECTS TAREAS PRINCIPALES/Modulo Tarea Compensacion/Liquidacion y Reversion por Bancos/a_Aplicar (1)' is clicked on

2023-04-10 08:54:39 - [MESSAGE][PASSED] - Object: 'Object Repository/1-OBJECTS TAREAS PRINCIPALES/Modulo Tarea Compensacion/Liquidacion y Reversion por Bancos/a_Aplicar (1)' is clicked on

2023-04-10 08:54:39 - [TEST_STEP][PASSED] - click(findTestObject("1-OBJECTS TAREAS PRINCIPALES/Modulo Tarea Compensacion/Liquidacion y Reversion por Bancos/span_Bogota_ui-chkbox-icon ui-icon ui-icon-blank ui-c")): Object: 'Object Repository/1-OBJECTS TAREAS PRINCIPALES/Modulo Tarea Compensacion/Liquidacion y Reversion por Bancos/span_Bogota_ui-chkbox-icon ui-icon ui-icon-blank ui-c' is clicked on

2023-04-10 08:54:40 - [MESSAGE][PASSED] - Object: 'Object Repository/1-OBJECTS TAREAS PRINCIPALES/Modulo Tarea Compensacion/Liquidacion y Reversion por Bancos/span_Bogota_ui-chkbox-icon ui-icon ui-icon-blank ui-c' is clicked on

2023-04-10 08:54:40 - [TEST_STEP][PASSED] - click(findTestObject("1-OBJECTS TAREAS PRINCIPALES/Modulo Tarea Compensacion/Liquidacion y Reversion por Bancos/a_Liquidar")): Object: 'Object Repository/1-OBJECTS TAREAS PRINCIPALES/Modulo Tarea Compensacion/Liquidacion y Reversion por Bancos/a_Liquidar' is clicked on

2023-04-10 08:54:41 - [MESSAGE][PASSED] - Object: 'Object Repository/1-OBJECTS TAREAS PRINCIPALES/Modulo Tarea Compensacion/Liquidacion y Reversion por Bancos/a_Liquidar' is clicked on

2023-04-10 08:54:41 - [TEST_STEP][PASSED] - click(findTestObject("1-OBJECTS TAREAS PRINCIPALES/Modulo Tarea Compensacion/Liquidacion y Reversion por Bancos/a_Aceptar")): Object: 'Object Repository/1-OBJECTS TAREAS PRINCIPALES/Modulo Tarea Compensacion/Liquidacion y Reversion por Bancos/a_Aceptar' is clicked on

2023-04-10 08:54:41 - [MESSAGE][PASSED] - Object: 'Object Repository/1-OBJECTS TAREAS PRINCIPALES/Modulo Tarea Compensacion/Liquidacion y Reversion por Bancos/a_Aceptar' is clicked on

2023-04-10 08:54:41 - [TEST_STEP][PASSED] - click(findTestObject("1-OBJECTS TAREAS PRINCIPALES/Modulo Tarea Compensacion/Liquidacion y Reversion por Bancos/a_Continua")): Object: 'Object Repository/1-OBJECTS TAREAS PRINCIPALES/Modulo Tarea Compensacion/Liquidacion y Reversion por Bancos/a_Continua' is clicked on

2023-04-10 08:54:45 - [MESSAGE][PASSED] - Object: 'Object Repository/1-OBJECTS TAREAS PRINCIPALES/Modulo Tarea Compensacion/Liquidacion y Reversion por Bancos/a_Continua' is clicked on

2023-04-10 08:54:45 - [TEST_STEP][PASSED] - waitForElementClickable(findTestObject("1-OBJECTS TAREAS PRINCIPALES/Modulo Tarea Compensacion/Liquidacion y Reversion por Bancos/a_Reversar"), 0): Object 'Object Repository/1-OBJECTS TAREAS PRINCIPALES/Modulo Tarea Compensacion/Liquidacion y Reversion por Bancos/a_Reversar' is clickable

2023-04-10 08:54:45 - [MESSAGE][WARNING] - Timeout '0' is invalid. Using default page load timeout: '37'

2023-04-10 08:54:46 - [MESSAGE][PASSED] - Object 'Object Repository/1-OBJECTS TAREAS PRINCIPALES/Modulo Tarea Compensacion/Liquidacion y Reversion por Bancos/a_Reversar' is clickable

2023-04-10 08:54:46 - [TEST_STEP][PASSED] - click(findTestObject("1-OBJECTS TAREAS PRINCIPALES/Modulo Tarea Compensacion/Liquidacion y Reversion por Bancos/a_Reversar")): Object: 'Object Repository/1-OBJECTS TAREAS PRINCIPALES/Modulo Tarea Compensacion/Liquidacion y Reversion por Bancos/a_Reversar' is clicked on

2023-04-10 08:54:46 - [MESSAGE][PASSED] - Object: 'Object Repository/1-OBJECTS TAREAS PRINCIPALES/Modulo Tarea Compensacion/Liquidacion y Reversion por Bancos/a_Reversar' is clicked on

2023-04-10 08:54:46 - [TEST_STEP][PASSED] - click(findTestObject("1-OBJECTS TAREAS PRINCIPALES/Modulo Tarea Compensacion/Liquidacion y Reversion por Bancos/a_Aceptar (1)")): Object: 'Object Repository/1-OBJECTS TAREAS PRINCIPALES/Modulo Tarea Compensacion/Liquidacion y Reversion por Bancos/a_Aceptar (1)' is clicked on

2023-04-10 08:54:47 - [MESSAGE][PASSED] - Object: 'Object Repository/1-OBJECTS TAREAS PRINCIPALES/Modulo Tarea Compensacion/Liquidacion y Reversion por Bancos/a_Aceptar (1)' is clicked on

2023-04-10 08:54:47 - [TEST_STEP][PASSED] - Result = getText(findTestObject("3-OBJECTS UTILIDADES/Alerta/Alerta")): Text of object 'Object Repository/3-OBJECTS UTILIDADES/Alerta/Alerta' is: 'Reversión Satisfactoria'

2023-04-10 08:54:47 - [MESSAGE][PASSED] - Text of object 'Object Repository/3-OBJECTS UTILIDADES/Alerta/Alerta' is: 'Reversión Satisfactoria'

2023-04-10 08:54:47 - [TEST_STEP][PASSED] - if (Result == "Reversión Satisfactoria"): Browser is closed

2023-04-10 08:54:47 - [TEST_STEP][PASSED] - closeBrowser(): Browser is closed

2023-04-10 08:54:48 - [MESSAGE][PASSED] - Browser is closed]]></system-out>
         <system-err><![CDATA[]]></system-err>
      </testcase>
      <testcase name="Test Cases/1.1-Tareas Principales/1.3.8-Exportacion de Archivo de Seguridad Social" time="18.76" classname="Test Cases/1.1-Tareas Principales/1.3.8-Exportacion de Archivo de Seguridad Social" status="PASSED">
         <system-out><![CDATA[2023-04-10 08:54:48 - [TEST_CASE][PASSED] - Test Cases/1.1-Tareas Principales/1.3.8-Exportacion de Archivo de Seguridad Social: Test Cases/1.1-Tareas Principales/1.3.8-Exportacion de Archivo de Seguridad Social

2023-04-10 08:54:49 - [TEST_STEP][PASSED] - callTestCase(findTestCase("Utilidades-(atajos_para _tareas)/Tareas Administracion Compensacion/Tarea Seguridad Social"), [:], STOP_ON_FAILURE): Call Test Case 'Test Cases/Utilidades-(atajos_para _tareas)/Tareas Administracion Compensacion/Tarea Seguridad Social' successfully

2023-04-10 08:54:49 - [TEST_CASE][PASSED] - Test Cases/Utilidades-(atajos_para _tareas)/Tareas Administracion Compensacion/Tarea Seguridad Social: Test Cases/Utilidades-(atajos_para _tareas)/Tareas Administracion Compensacion/Tarea Seguridad Social

2023-04-10 08:54:49 - [TEST_STEP][PASSED] - callTestCase(findTestCase("0.1-Login"), [:], STOP_ON_FAILURE): Call Test Case 'Test Cases/0.1-Login' successfully

2023-04-10 08:54:49 - [TEST_CASE][PASSED] - Test Cases/0.1-Login: Test Cases/0.1-Login

2023-04-10 08:54:49 - [TEST_STEP][PASSED] - openBrowser(""): Browser is opened with url: ''

2023-04-10 08:54:49 - [MESSAGE][INFO] - Starting 'Chrome' driver

2023-04-10 08:54:49 - [MESSAGE][INFO] - Action delay is set to 0 milliseconds

2023-04-10 08:54:50 - [MESSAGE][PASSED] - Browser is opened with url: ''

2023-04-10 08:54:50 - [TEST_STEP][PASSED] - maximizeWindow(): Current window maximized

2023-04-10 08:54:50 - [MESSAGE][PASSED] - Current window maximized

2023-04-10 08:54:50 - [TEST_STEP][PASSED] - i = G_Login: null

2023-04-10 08:54:50 - [TEST_STEP][PASSED] - url = new java.net.URL(i): null

2023-04-10 08:54:50 - [TEST_STEP][PASSED] - println("URL: " + url.toString()): null

2023-04-10 08:54:50 - [TEST_STEP][PASSED] - connection = url.openConnection(): null

2023-04-10 08:54:50 - [TEST_STEP][PASSED] - connection.setRequestMethod("GET"): null

2023-04-10 08:54:50 - [TEST_STEP][PASSED] - connection.setReadTimeout(2 * 1000): null

2023-04-10 08:54:50 - [TEST_STEP][PASSED] - try: null

2023-04-10 08:54:50 - [TEST_STEP][PASSED] - connection.connect(): null

2023-04-10 08:54:50 - [TEST_STEP][PASSED] - flag = connected: null

2023-04-10 08:54:50 - [TEST_STEP][PASSED] - println("Valor_ori: " + flag): null

2023-04-10 08:54:50 - [TEST_STEP][PASSED] - if (flag): null

2023-04-10 08:54:50 - [TEST_STEP][PASSED] - navigateToUrl(i): Navigate to 'http://192.168.2.19:8380/saraweb' successfully

2023-04-10 08:54:51 - [MESSAGE][PASSED] - Navigate to 'http://192.168.2.19:8380/saraweb' successfully

2023-04-10 08:54:51 - [TEST_STEP][PASSED] - a(): null

2023-04-10 08:54:51 - [TEST_STEP][PASSED] - if (waitForElementVisible(findTestObject("3-OBJECTS UTILIDADES/Login/input_USUARIO_loginusuario"), 0)): null

2023-04-10 08:54:51 - [MESSAGE][WARNING] - Timeout '0' is invalid. Using default page load timeout: '37'

2023-04-10 08:54:51 - [MESSAGE][PASSED] - Object 'Object Repository/3-OBJECTS UTILIDADES/Login/input_USUARIO_loginusuario' is visible

2023-04-10 08:54:51 - [TEST_STEP][PASSED] - switchToWindowTitle("SARA"): Switched to window with title: 'SARA'

2023-04-10 08:54:51 - [MESSAGE][PASSED] - Switched to window with title: 'SARA'

2023-04-10 08:54:51 - [TEST_STEP][PASSED] - zoom(): null

2023-04-10 08:54:51 - [TEST_STEP][PASSED] - robot = new java.awt.Robot(): null

2023-04-10 08:54:51 - [TEST_STEP][PASSED] - robot.keyPress(VK_CONTROL): null

2023-04-10 08:54:51 - [TEST_STEP][PASSED] - robot.keyPress(VK_SUBTRACT): null

2023-04-10 08:54:51 - [TEST_STEP][PASSED] - robot.keyRelease(VK_CONTROL): null

2023-04-10 08:54:51 - [TEST_STEP][PASSED] - robot.keyRelease(VK_SUBTRACT): null

2023-04-10 08:54:51 - [TEST_STEP][PASSED] - robot.keyPress(VK_CONTROL): null

2023-04-10 08:54:51 - [TEST_STEP][PASSED] - robot.keyPress(VK_SUBTRACT): null

2023-04-10 08:54:51 - [TEST_STEP][PASSED] - robot.keyRelease(VK_CONTROL): null

2023-04-10 08:54:51 - [TEST_STEP][PASSED] - robot.keyRelease(VK_SUBTRACT): null

2023-04-10 08:54:51 - [TEST_STEP][PASSED] - robot.keyPress(VK_CONTROL): null

2023-04-10 08:54:51 - [TEST_STEP][PASSED] - robot.keyPress(VK_SUBTRACT): null

2023-04-10 08:54:51 - [TEST_STEP][PASSED] - robot.keyRelease(VK_CONTROL): null

2023-04-10 08:54:51 - [TEST_STEP][PASSED] - robot.keyRelease(VK_SUBTRACT): null

2023-04-10 08:54:51 - [TEST_STEP][PASSED] - robot.keyRelease(VK_CONTROL): null

2023-04-10 08:54:51 - [TEST_STEP][PASSED] - robot.keyRelease(VK_SUBTRACT): null

2023-04-10 08:54:51 - [TEST_STEP][PASSED] - setText(findTestObject("3-OBJECTS UTILIDADES/Login/input_USUARIO_loginusuario"), G_Usuario): Text 'saraadmin' is set on object 'Object Repository/3-OBJECTS UTILIDADES/Login/input_USUARIO_loginusuario'

2023-04-10 08:54:52 - [MESSAGE][PASSED] - Text 'saraadmin' is set on object 'Object Repository/3-OBJECTS UTILIDADES/Login/input_USUARIO_loginusuario'

2023-04-10 08:54:52 - [TEST_STEP][PASSED] - setEncryptedText(findTestObject("3-OBJECTS UTILIDADES/Login/input_CLAVE_loginpassword"), "SlAwMcyRKqrwbnzhAs8HhT6NnI7sEyng"): Text ****** has been set on object 'Object Repository/3-OBJECTS UTILIDADES/Login/input_CLAVE_loginpassword'

2023-04-10 08:54:54 - [MESSAGE][PASSED] - Text ****** has been set on object 'Object Repository/3-OBJECTS UTILIDADES/Login/input_CLAVE_loginpassword'

2023-04-10 08:54:54 - [TEST_STEP][PASSED] - while (waitForElementClickable(findTestObject("3-OBJECTS UTILIDADES/Login/a_Ingresar"), 1)): Web element with id: 'Object Repository/3-OBJECTS UTILIDADES/Login/a_Ingresar' located by '//a[contains(text(),'Ingresar')]' not found

2023-04-10 08:54:56 - [MESSAGE][INFO] - Unable to find the element located by 'By.xpath: //a[contains(text(),'Ingresar')]'. Please recheck the objects properties to make sure the desired element is located. 

2023-04-10 08:54:56 - [MESSAGE][WARNING] - Web element with id: 'Object Repository/3-OBJECTS UTILIDADES/Login/a_Ingresar' located by '//a[contains(text(),'Ingresar')]' not found

2023-04-10 08:54:56 - [MESSAGE][PASSED] - Call Test Case 'Test Cases/0.1-Login' successfully

2023-04-10 08:54:56 - [TEST_STEP][PASSED] - waitForElementVisible(findTestObject("1-OBJECTS TAREAS PRINCIPALES/Modulo Tarea Compensacion/Tarea Seguridad Social/input_Ir_nav_t66_input"), 0): Object 'Object Repository/1-OBJECTS TAREAS PRINCIPALES/Modulo Tarea Compensacion/Tarea Seguridad Social/input_Ir_nav_t66_input' is visible

2023-04-10 08:54:56 - [MESSAGE][WARNING] - Timeout '0' is invalid. Using default page load timeout: '37'

2023-04-10 08:54:57 - [MESSAGE][PASSED] - Object 'Object Repository/1-OBJECTS TAREAS PRINCIPALES/Modulo Tarea Compensacion/Tarea Seguridad Social/input_Ir_nav_t66_input' is visible

2023-04-10 08:54:57 - [TEST_STEP][PASSED] - setText(findTestObject("1-OBJECTS TAREAS PRINCIPALES/Modulo Tarea Compensacion/Tarea Seguridad Social/input_Ir_nav_t66_input"), "Seguridad Social"): Text 'Seguridad Social' is set on object 'Object Repository/1-OBJECTS TAREAS PRINCIPALES/Modulo Tarea Compensacion/Tarea Seguridad Social/input_Ir_nav_t66_input'

2023-04-10 08:54:57 - [MESSAGE][PASSED] - Text 'Seguridad Social' is set on object 'Object Repository/1-OBJECTS TAREAS PRINCIPALES/Modulo Tarea Compensacion/Tarea Seguridad Social/input_Ir_nav_t66_input'

2023-04-10 08:54:57 - [TEST_STEP][PASSED] - waitForElementVisible(findTestObject("1-OBJECTS TAREAS PRINCIPALES/Modulo Tarea Compensacion/Tarea Seguridad Social/span_Seguridad Social"), 0): Object 'Object Repository/1-OBJECTS TAREAS PRINCIPALES/Modulo Tarea Compensacion/Tarea Seguridad Social/span_Seguridad Social' is visible

2023-04-10 08:54:57 - [MESSAGE][WARNING] - Timeout '0' is invalid. Using default page load timeout: '37'

2023-04-10 08:54:59 - [MESSAGE][PASSED] - Object 'Object Repository/1-OBJECTS TAREAS PRINCIPALES/Modulo Tarea Compensacion/Tarea Seguridad Social/span_Seguridad Social' is visible

2023-04-10 08:54:59 - [TEST_STEP][PASSED] - click(findTestObject("1-OBJECTS TAREAS PRINCIPALES/Modulo Tarea Compensacion/Tarea Seguridad Social/span_Seguridad Social")): Object: 'Object Repository/1-OBJECTS TAREAS PRINCIPALES/Modulo Tarea Compensacion/Tarea Seguridad Social/span_Seguridad Social' is clicked on

2023-04-10 08:54:59 - [MESSAGE][PASSED] - Object: 'Object Repository/1-OBJECTS TAREAS PRINCIPALES/Modulo Tarea Compensacion/Tarea Seguridad Social/span_Seguridad Social' is clicked on

2023-04-10 08:54:59 - [MESSAGE][PASSED] - Call Test Case 'Test Cases/Utilidades-(atajos_para _tareas)/Tareas Administracion Compensacion/Tarea Seguridad Social' successfully

2023-04-10 08:54:59 - [TEST_STEP][PASSED] - waitForElementClickable(findTestObject("1-OBJECTS TAREAS PRINCIPALES/Modulo Tarea Compensacion/Exportacion de Archivo de Seguridad Social/td_Planilla Empleados Empresa"), G_TimeOut): Object 'Object Repository/1-OBJECTS TAREAS PRINCIPALES/Modulo Tarea Compensacion/Exportacion de Archivo de Seguridad Social/td_Planilla Empleados Empresa' is clickable

2023-04-10 08:55:00 - [MESSAGE][PASSED] - Object 'Object Repository/1-OBJECTS TAREAS PRINCIPALES/Modulo Tarea Compensacion/Exportacion de Archivo de Seguridad Social/td_Planilla Empleados Empresa' is clickable

2023-04-10 08:55:00 - [TEST_STEP][PASSED] - click(findTestObject("1-OBJECTS TAREAS PRINCIPALES/Modulo Tarea Compensacion/Exportacion de Archivo de Seguridad Social/td_Planilla Empleados Empresa")): Object: 'Object Repository/1-OBJECTS TAREAS PRINCIPALES/Modulo Tarea Compensacion/Exportacion de Archivo de Seguridad Social/td_Planilla Empleados Empresa' is clicked on

2023-04-10 08:55:01 - [MESSAGE][PASSED] - Object: 'Object Repository/1-OBJECTS TAREAS PRINCIPALES/Modulo Tarea Compensacion/Exportacion de Archivo de Seguridad Social/td_Planilla Empleados Empresa' is clicked on

2023-04-10 08:55:01 - [TEST_STEP][PASSED] - waitForElementClickable(findTestObject("1-OBJECTS TAREAS PRINCIPALES/Modulo Tarea Compensacion/Exportacion de Archivo de Seguridad Social/img_csv"), G_TimeOut): Object 'Object Repository/1-OBJECTS TAREAS PRINCIPALES/Modulo Tarea Compensacion/Exportacion de Archivo de Seguridad Social/img_csv' is clickable

2023-04-10 08:55:03 - [MESSAGE][PASSED] - Object 'Object Repository/1-OBJECTS TAREAS PRINCIPALES/Modulo Tarea Compensacion/Exportacion de Archivo de Seguridad Social/img_csv' is clickable

2023-04-10 08:55:03 - [TEST_STEP][PASSED] - click(findTestObject("1-OBJECTS TAREAS PRINCIPALES/Modulo Tarea Compensacion/Exportacion de Archivo de Seguridad Social/img_csv")): Object: 'Object Repository/1-OBJECTS TAREAS PRINCIPALES/Modulo Tarea Compensacion/Exportacion de Archivo de Seguridad Social/img_csv' is clicked on

2023-04-10 08:55:03 - [MESSAGE][PASSED] - Object: 'Object Repository/1-OBJECTS TAREAS PRINCIPALES/Modulo Tarea Compensacion/Exportacion de Archivo de Seguridad Social/img_csv' is clicked on

2023-04-10 08:55:03 - [TEST_STEP][PASSED] - waitForElementClickable(findTestObject("1-OBJECTS TAREAS PRINCIPALES/Modulo Tarea Compensacion/Exportacion de Archivo de Seguridad Social/a_Archivo"), G_TimeOut): Object 'Object Repository/1-OBJECTS TAREAS PRINCIPALES/Modulo Tarea Compensacion/Exportacion de Archivo de Seguridad Social/a_Archivo' is clickable

2023-04-10 08:55:04 - [MESSAGE][PASSED] - Object 'Object Repository/1-OBJECTS TAREAS PRINCIPALES/Modulo Tarea Compensacion/Exportacion de Archivo de Seguridad Social/a_Archivo' is clickable

2023-04-10 08:55:04 - [TEST_STEP][PASSED] - click(findTestObject("1-OBJECTS TAREAS PRINCIPALES/Modulo Tarea Compensacion/Exportacion de Archivo de Seguridad Social/a_Archivo")): Object: 'Object Repository/1-OBJECTS TAREAS PRINCIPALES/Modulo Tarea Compensacion/Exportacion de Archivo de Seguridad Social/a_Archivo' is clicked on

2023-04-10 08:55:04 - [MESSAGE][PASSED] - Object: 'Object Repository/1-OBJECTS TAREAS PRINCIPALES/Modulo Tarea Compensacion/Exportacion de Archivo de Seguridad Social/a_Archivo' is clicked on

2023-04-10 08:55:04 - [TEST_STEP][PASSED] - click(findTestObject("1-OBJECTS TAREAS PRINCIPALES/Modulo Tarea Compensacion/Exportacion de Archivo de Seguridad Social/a_Archivo_1")): Object: 'Object Repository/1-OBJECTS TAREAS PRINCIPALES/Modulo Tarea Compensacion/Exportacion de Archivo de Seguridad Social/a_Archivo_1' is clicked on

2023-04-10 08:55:05 - [MESSAGE][PASSED] - Object: 'Object Repository/1-OBJECTS TAREAS PRINCIPALES/Modulo Tarea Compensacion/Exportacion de Archivo de Seguridad Social/a_Archivo_1' is clicked on

2023-04-10 08:55:05 - [TEST_STEP][PASSED] - waitForElementClickable(findTestObject("1-OBJECTS TAREAS PRINCIPALES/Modulo Tarea Compensacion/Exportacion de Archivo de Seguridad Social/a_Si"), G_TimeOut): Object 'Object Repository/1-OBJECTS TAREAS PRINCIPALES/Modulo Tarea Compensacion/Exportacion de Archivo de Seguridad Social/a_Si' is clickable

2023-04-10 08:55:06 - [MESSAGE][PASSED] - Object 'Object Repository/1-OBJECTS TAREAS PRINCIPALES/Modulo Tarea Compensacion/Exportacion de Archivo de Seguridad Social/a_Si' is clickable

2023-04-10 08:55:06 - [TEST_STEP][PASSED] - doubleClick(findTestObject("1-OBJECTS TAREAS PRINCIPALES/Modulo Tarea Compensacion/Exportacion de Archivo de Seguridad Social/a_Si")): Object: 'Object Repository/1-OBJECTS TAREAS PRINCIPALES/Modulo Tarea Compensacion/Exportacion de Archivo de Seguridad Social/a_Si' is double clicked on

2023-04-10 08:55:06 - [MESSAGE][PASSED] - Object: 'Object Repository/1-OBJECTS TAREAS PRINCIPALES/Modulo Tarea Compensacion/Exportacion de Archivo de Seguridad Social/a_Si' is double clicked on

2023-04-10 08:55:06 - [TEST_STEP][PASSED] - closeBrowser(): Browser is closed

2023-04-10 08:55:07 - [MESSAGE][PASSED] - Browser is closed]]></system-out>
         <system-err><![CDATA[]]></system-err>
      </testcase>
      <testcase name="Test Cases/1.1-Tareas Principales/1.3.9-Archivo Cargue Operador" time="20.822" classname="Test Cases/1.1-Tareas Principales/1.3.9-Archivo Cargue Operador" status="PASSED">
         <system-out><![CDATA[2023-04-10 08:55:07 - [TEST_CASE][PASSED] - Test Cases/1.1-Tareas Principales/1.3.9-Archivo Cargue Operador: Test Cases/1.1-Tareas Principales/1.3.9-Archivo Cargue Operador

2023-04-10 08:55:08 - [TEST_STEP][PASSED] - RutaA = Systema(): null

2023-04-10 08:55:08 - [TEST_STEP][PASSED] - RutaA = System.getProperty("os.name"): null

2023-04-10 08:55:08 - [TEST_STEP][PASSED] - if (RutaA == "Windows 10"): null

2023-04-10 08:55:08 - [TEST_STEP][PASSED] - rutaW = System.getProperty("user.home") + "/Downloads/": null

2023-04-10 08:55:08 - [TEST_STEP][PASSED] - rutaW = rutaW.replace("/", "\"): null

2023-04-10 08:55:08 - [TEST_STEP][PASSED] - println("ESTA ES LA RUTA" + rutaW): null

2023-04-10 08:55:08 - [TEST_STEP][PASSED] - RutaA = rutaW: null

2023-04-10 08:55:08 - [TEST_STEP][PASSED] - rutaA = RutaA: null

2023-04-10 08:55:08 - [TEST_STEP][PASSED] - println(rutaA): null

2023-04-10 08:55:08 - [TEST_STEP][PASSED] - Archivo = "tmpUnionE1_20190119.txt": null

2023-04-10 08:55:08 - [TEST_STEP][PASSED] - callTestCase(findTestCase("Utilidades-(atajos_para _tareas)/Tareas Administracion Compensacion/Tarea Seguridad Social"), [:], STOP_ON_FAILURE): Call Test Case 'Test Cases/Utilidades-(atajos_para _tareas)/Tareas Administracion Compensacion/Tarea Seguridad Social' successfully

2023-04-10 08:55:08 - [TEST_CASE][PASSED] - Test Cases/Utilidades-(atajos_para _tareas)/Tareas Administracion Compensacion/Tarea Seguridad Social: Test Cases/Utilidades-(atajos_para _tareas)/Tareas Administracion Compensacion/Tarea Seguridad Social

2023-04-10 08:55:08 - [TEST_STEP][PASSED] - callTestCase(findTestCase("0.1-Login"), [:], STOP_ON_FAILURE): Call Test Case 'Test Cases/0.1-Login' successfully

2023-04-10 08:55:08 - [TEST_CASE][PASSED] - Test Cases/0.1-Login: Test Cases/0.1-Login

2023-04-10 08:55:08 - [TEST_STEP][PASSED] - openBrowser(""): Browser is opened with url: ''

2023-04-10 08:55:08 - [MESSAGE][INFO] - Starting 'Chrome' driver

2023-04-10 08:55:08 - [MESSAGE][INFO] - Action delay is set to 0 milliseconds

2023-04-10 08:55:09 - [MESSAGE][PASSED] - Browser is opened with url: ''

2023-04-10 08:55:09 - [TEST_STEP][PASSED] - maximizeWindow(): Current window maximized

2023-04-10 08:55:09 - [MESSAGE][PASSED] - Current window maximized

2023-04-10 08:55:09 - [TEST_STEP][PASSED] - i = G_Login: null

2023-04-10 08:55:09 - [TEST_STEP][PASSED] - url = new java.net.URL(i): null

2023-04-10 08:55:09 - [TEST_STEP][PASSED] - println("URL: " + url.toString()): null

2023-04-10 08:55:09 - [TEST_STEP][PASSED] - connection = url.openConnection(): null

2023-04-10 08:55:09 - [TEST_STEP][PASSED] - connection.setRequestMethod("GET"): null

2023-04-10 08:55:09 - [TEST_STEP][PASSED] - connection.setReadTimeout(2 * 1000): null

2023-04-10 08:55:09 - [TEST_STEP][PASSED] - try: null

2023-04-10 08:55:09 - [TEST_STEP][PASSED] - connection.connect(): null

2023-04-10 08:55:09 - [TEST_STEP][PASSED] - flag = connected: null

2023-04-10 08:55:09 - [TEST_STEP][PASSED] - println("Valor_ori: " + flag): null

2023-04-10 08:55:09 - [TEST_STEP][PASSED] - if (flag): null

2023-04-10 08:55:09 - [TEST_STEP][PASSED] - navigateToUrl(i): Navigate to 'http://192.168.2.19:8380/saraweb' successfully

2023-04-10 08:55:09 - [MESSAGE][PASSED] - Navigate to 'http://192.168.2.19:8380/saraweb' successfully

2023-04-10 08:55:09 - [TEST_STEP][PASSED] - a(): null

2023-04-10 08:55:09 - [TEST_STEP][PASSED] - if (waitForElementVisible(findTestObject("3-OBJECTS UTILIDADES/Login/input_USUARIO_loginusuario"), 0)): null

2023-04-10 08:55:09 - [MESSAGE][WARNING] - Timeout '0' is invalid. Using default page load timeout: '37'

2023-04-10 08:55:10 - [MESSAGE][PASSED] - Object 'Object Repository/3-OBJECTS UTILIDADES/Login/input_USUARIO_loginusuario' is visible

2023-04-10 08:55:10 - [TEST_STEP][PASSED] - switchToWindowTitle("SARA"): Switched to window with title: 'SARA'

2023-04-10 08:55:10 - [MESSAGE][PASSED] - Switched to window with title: 'SARA'

2023-04-10 08:55:10 - [TEST_STEP][PASSED] - zoom(): null

2023-04-10 08:55:10 - [TEST_STEP][PASSED] - robot = new java.awt.Robot(): null

2023-04-10 08:55:10 - [TEST_STEP][PASSED] - robot.keyPress(VK_CONTROL): null

2023-04-10 08:55:10 - [TEST_STEP][PASSED] - robot.keyPress(VK_SUBTRACT): null

2023-04-10 08:55:10 - [TEST_STEP][PASSED] - robot.keyRelease(VK_CONTROL): null

2023-04-10 08:55:10 - [TEST_STEP][PASSED] - robot.keyRelease(VK_SUBTRACT): null

2023-04-10 08:55:10 - [TEST_STEP][PASSED] - robot.keyPress(VK_CONTROL): null

2023-04-10 08:55:10 - [TEST_STEP][PASSED] - robot.keyPress(VK_SUBTRACT): null

2023-04-10 08:55:10 - [TEST_STEP][PASSED] - robot.keyRelease(VK_CONTROL): null

2023-04-10 08:55:10 - [TEST_STEP][PASSED] - robot.keyRelease(VK_SUBTRACT): null

2023-04-10 08:55:10 - [TEST_STEP][PASSED] - robot.keyPress(VK_CONTROL): null

2023-04-10 08:55:10 - [TEST_STEP][PASSED] - robot.keyPress(VK_SUBTRACT): null

2023-04-10 08:55:10 - [TEST_STEP][PASSED] - robot.keyRelease(VK_CONTROL): null

2023-04-10 08:55:10 - [TEST_STEP][PASSED] - robot.keyRelease(VK_SUBTRACT): null

2023-04-10 08:55:10 - [TEST_STEP][PASSED] - robot.keyRelease(VK_CONTROL): null

2023-04-10 08:55:10 - [TEST_STEP][PASSED] - robot.keyRelease(VK_SUBTRACT): null

2023-04-10 08:55:10 - [TEST_STEP][PASSED] - setText(findTestObject("3-OBJECTS UTILIDADES/Login/input_USUARIO_loginusuario"), G_Usuario): Text 'saraadmin' is set on object 'Object Repository/3-OBJECTS UTILIDADES/Login/input_USUARIO_loginusuario'

2023-04-10 08:55:11 - [MESSAGE][PASSED] - Text 'saraadmin' is set on object 'Object Repository/3-OBJECTS UTILIDADES/Login/input_USUARIO_loginusuario'

2023-04-10 08:55:11 - [TEST_STEP][PASSED] - setEncryptedText(findTestObject("3-OBJECTS UTILIDADES/Login/input_CLAVE_loginpassword"), "SlAwMcyRKqrwbnzhAs8HhT6NnI7sEyng"): Text ****** has been set on object 'Object Repository/3-OBJECTS UTILIDADES/Login/input_CLAVE_loginpassword'

2023-04-10 08:55:12 - [MESSAGE][PASSED] - Text ****** has been set on object 'Object Repository/3-OBJECTS UTILIDADES/Login/input_CLAVE_loginpassword'

2023-04-10 08:55:12 - [TEST_STEP][PASSED] - while (waitForElementClickable(findTestObject("3-OBJECTS UTILIDADES/Login/a_Ingresar"), 1)): Web element with id: 'Object Repository/3-OBJECTS UTILIDADES/Login/a_Ingresar' located by '//a[contains(text(),'Ingresar')]' not found

2023-04-10 08:55:15 - [MESSAGE][INFO] - Unable to find the element located by 'By.xpath: //a[contains(text(),'Ingresar')]'. Please recheck the objects properties to make sure the desired element is located. 

2023-04-10 08:55:15 - [MESSAGE][WARNING] - Web element with id: 'Object Repository/3-OBJECTS UTILIDADES/Login/a_Ingresar' located by '//a[contains(text(),'Ingresar')]' not found

2023-04-10 08:55:15 - [MESSAGE][PASSED] - Call Test Case 'Test Cases/0.1-Login' successfully

2023-04-10 08:55:15 - [TEST_STEP][PASSED] - waitForElementVisible(findTestObject("1-OBJECTS TAREAS PRINCIPALES/Modulo Tarea Compensacion/Tarea Seguridad Social/input_Ir_nav_t66_input"), 0): Object 'Object Repository/1-OBJECTS TAREAS PRINCIPALES/Modulo Tarea Compensacion/Tarea Seguridad Social/input_Ir_nav_t66_input' is visible

2023-04-10 08:55:15 - [MESSAGE][WARNING] - Timeout '0' is invalid. Using default page load timeout: '37'

2023-04-10 08:55:15 - [MESSAGE][PASSED] - Object 'Object Repository/1-OBJECTS TAREAS PRINCIPALES/Modulo Tarea Compensacion/Tarea Seguridad Social/input_Ir_nav_t66_input' is visible

2023-04-10 08:55:15 - [TEST_STEP][PASSED] - setText(findTestObject("1-OBJECTS TAREAS PRINCIPALES/Modulo Tarea Compensacion/Tarea Seguridad Social/input_Ir_nav_t66_input"), "Seguridad Social"): Text 'Seguridad Social' is set on object 'Object Repository/1-OBJECTS TAREAS PRINCIPALES/Modulo Tarea Compensacion/Tarea Seguridad Social/input_Ir_nav_t66_input'

2023-04-10 08:55:16 - [MESSAGE][PASSED] - Text 'Seguridad Social' is set on object 'Object Repository/1-OBJECTS TAREAS PRINCIPALES/Modulo Tarea Compensacion/Tarea Seguridad Social/input_Ir_nav_t66_input'

2023-04-10 08:55:16 - [TEST_STEP][PASSED] - waitForElementVisible(findTestObject("1-OBJECTS TAREAS PRINCIPALES/Modulo Tarea Compensacion/Tarea Seguridad Social/span_Seguridad Social"), 0): Object 'Object Repository/1-OBJECTS TAREAS PRINCIPALES/Modulo Tarea Compensacion/Tarea Seguridad Social/span_Seguridad Social' is visible

2023-04-10 08:55:16 - [MESSAGE][WARNING] - Timeout '0' is invalid. Using default page load timeout: '37'

2023-04-10 08:55:17 - [MESSAGE][PASSED] - Object 'Object Repository/1-OBJECTS TAREAS PRINCIPALES/Modulo Tarea Compensacion/Tarea Seguridad Social/span_Seguridad Social' is visible

2023-04-10 08:55:17 - [TEST_STEP][PASSED] - click(findTestObject("1-OBJECTS TAREAS PRINCIPALES/Modulo Tarea Compensacion/Tarea Seguridad Social/span_Seguridad Social")): Object: 'Object Repository/1-OBJECTS TAREAS PRINCIPALES/Modulo Tarea Compensacion/Tarea Seguridad Social/span_Seguridad Social' is clicked on

2023-04-10 08:55:18 - [MESSAGE][PASSED] - Object: 'Object Repository/1-OBJECTS TAREAS PRINCIPALES/Modulo Tarea Compensacion/Tarea Seguridad Social/span_Seguridad Social' is clicked on

2023-04-10 08:55:18 - [MESSAGE][PASSED] - Call Test Case 'Test Cases/Utilidades-(atajos_para _tareas)/Tareas Administracion Compensacion/Tarea Seguridad Social' successfully

2023-04-10 08:55:18 - [TEST_STEP][PASSED] - waitForElementClickable(findTestObject("1-OBJECTS TAREAS PRINCIPALES/Modulo Tarea Compensacion/Archivo Cargue Operador/td_Planilla Empleados Empresa"), 0): Object 'Object Repository/1-OBJECTS TAREAS PRINCIPALES/Modulo Tarea Compensacion/Archivo Cargue Operador/td_Planilla Empleados Empresa' is clickable

2023-04-10 08:55:18 - [MESSAGE][WARNING] - Timeout '0' is invalid. Using default page load timeout: '37'

2023-04-10 08:55:18 - [MESSAGE][PASSED] - Object 'Object Repository/1-OBJECTS TAREAS PRINCIPALES/Modulo Tarea Compensacion/Archivo Cargue Operador/td_Planilla Empleados Empresa' is clickable

2023-04-10 08:55:18 - [TEST_STEP][PASSED] - click(findTestObject("1-OBJECTS TAREAS PRINCIPALES/Modulo Tarea Compensacion/Archivo Cargue Operador/td_Planilla Empleados Empresa")): Object: 'Object Repository/1-OBJECTS TAREAS PRINCIPALES/Modulo Tarea Compensacion/Archivo Cargue Operador/td_Planilla Empleados Empresa' is clicked on

2023-04-10 08:55:19 - [MESSAGE][PASSED] - Object: 'Object Repository/1-OBJECTS TAREAS PRINCIPALES/Modulo Tarea Compensacion/Archivo Cargue Operador/td_Planilla Empleados Empresa' is clicked on

2023-04-10 08:55:19 - [TEST_STEP][PASSED] - click(findTestObject("1-OBJECTS TAREAS PRINCIPALES/Modulo Tarea Compensacion/Archivo Cargue Operador/a_Archivo_")): Object: 'Object Repository/1-OBJECTS TAREAS PRINCIPALES/Modulo Tarea Compensacion/Archivo Cargue Operador/a_Archivo_' is clicked on

2023-04-10 08:55:20 - [MESSAGE][PASSED] - Object: 'Object Repository/1-OBJECTS TAREAS PRINCIPALES/Modulo Tarea Compensacion/Archivo Cargue Operador/a_Archivo_' is clicked on

2023-04-10 08:55:20 - [TEST_STEP][PASSED] - click(findTestObject("1-OBJECTS TAREAS PRINCIPALES/Modulo Tarea Compensacion/Archivo Cargue Operador/a_Archivo_1")): Object: 'Object Repository/1-OBJECTS TAREAS PRINCIPALES/Modulo Tarea Compensacion/Archivo Cargue Operador/a_Archivo_1' is clicked on

2023-04-10 08:55:20 - [MESSAGE][PASSED] - Object: 'Object Repository/1-OBJECTS TAREAS PRINCIPALES/Modulo Tarea Compensacion/Archivo Cargue Operador/a_Archivo_1' is clicked on

2023-04-10 08:55:20 - [TEST_STEP][PASSED] - click(findTestObject("1-OBJECTS TAREAS PRINCIPALES/Modulo Tarea Compensacion/Archivo Cargue Operador/a_Si")): Object: 'Object Repository/1-OBJECTS TAREAS PRINCIPALES/Modulo Tarea Compensacion/Archivo Cargue Operador/a_Si' is clicked on

2023-04-10 08:55:22 - [MESSAGE][PASSED] - Object: 'Object Repository/1-OBJECTS TAREAS PRINCIPALES/Modulo Tarea Compensacion/Archivo Cargue Operador/a_Si' is clicked on

2023-04-10 08:55:22 - [TEST_STEP][PASSED] - delay(5): Delayed 5 second(s)

2023-04-10 08:55:27 - [MESSAGE][PASSED] - Delayed 5 second(s)

2023-04-10 08:55:27 - [TEST_STEP][PASSED] - Assert.assertTrue(archivoDescargado(rutaA, Archivo)): null

2023-04-10 08:55:27 - [TEST_STEP][PASSED] - dir = new java.io.File(rutaA): null

2023-04-10 08:55:27 - [TEST_STEP][PASSED] - dirContentenidos = dir.listFiles(): null

2023-04-10 08:55:27 - [TEST_STEP][PASSED] - for ([i = 0, i < length, (i++)]): null

2023-04-10 08:55:27 - [TEST_STEP][PASSED] - if (getName().equals(Archivo)): null

2023-04-10 08:55:27 - [TEST_STEP][PASSED] - if (getName().equals(Archivo)): null

2023-04-10 08:55:27 - [TEST_STEP][PASSED] - if (getName().equals(Archivo)): null

2023-04-10 08:55:27 - [TEST_STEP][PASSED] - if (getName().equals(Archivo)): null

2023-04-10 08:55:27 - [TEST_STEP][PASSED] - if (getName().equals(Archivo)): null

2023-04-10 08:55:27 - [TEST_STEP][PASSED] - if (getName().equals(Archivo)): null

2023-04-10 08:55:27 - [TEST_STEP][PASSED] - if (getName().equals(Archivo)): null

2023-04-10 08:55:27 - [TEST_STEP][PASSED] - if (getName().equals(Archivo)): null

2023-04-10 08:55:27 - [TEST_STEP][PASSED] - if (getName().equals(Archivo)): null

2023-04-10 08:55:27 - [TEST_STEP][PASSED] - if (getName().equals(Archivo)): null

2023-04-10 08:55:27 - [TEST_STEP][PASSED] - if (getName().equals(Archivo)): null

2023-04-10 08:55:27 - [TEST_STEP][PASSED] - if (getName().equals(Archivo)): null

2023-04-10 08:55:27 - [TEST_STEP][PASSED] - if (getName().equals(Archivo)): null

2023-04-10 08:55:27 - [TEST_STEP][PASSED] - if (getName().equals(Archivo)): null

2023-04-10 08:55:27 - [TEST_STEP][PASSED] - if (getName().equals(Archivo)): null

2023-04-10 08:55:27 - [TEST_STEP][PASSED] - if (getName().equals(Archivo)): null

2023-04-10 08:55:27 - [TEST_STEP][PASSED] - if (getName().equals(Archivo)): null

2023-04-10 08:55:27 - [TEST_STEP][PASSED] - dirContentenidos[i].delete(): null

2023-04-10 08:55:27 - [TEST_STEP][PASSED] - ResultF0 = "PRUEBA OK": null

2023-04-10 08:55:27 - [TEST_STEP][PASSED] - closeBrowser(): Browser is closed

2023-04-10 08:55:28 - [MESSAGE][PASSED] - Browser is closed

2023-04-10 08:55:28 - [TEST_STEP][PASSED] - return true: null]]></system-out>
         <system-err><![CDATA[]]></system-err>
      </testcase>
      <testcase name="Test Cases/1.1-Tareas Principales/1.4.1-Liquidacion_de_contrato" time="46.932" classname="Test Cases/1.1-Tareas Principales/1.4.1-Liquidacion_de_contrato" status="PASSED">
         <system-out><![CDATA[2023-04-10 08:55:28 - [TEST_CASE][PASSED] - Test Cases/1.1-Tareas Principales/1.4.1-Liquidacion_de_contrato: Test Cases/1.1-Tareas Principales/1.4.1-Liquidacion_de_contrato

2023-04-10 08:55:28 - [TEST_STEP][PASSED] - callTestCase(findTestCase("Utilidades-(atajos_para _tareas)/Tareas Administracion Compensacion/Tarea Listado Empleados"), [:], STOP_ON_FAILURE): Call Test Case 'Test Cases/Utilidades-(atajos_para _tareas)/Tareas Administracion Compensacion/Tarea Listado Empleados' successfully

2023-04-10 08:55:28 - [TEST_CASE][PASSED] - Test Cases/Utilidades-(atajos_para _tareas)/Tareas Administracion Compensacion/Tarea Listado Empleados: Test Cases/Utilidades-(atajos_para _tareas)/Tareas Administracion Compensacion/Tarea Listado Empleados

2023-04-10 08:55:28 - [TEST_STEP][PASSED] - callTestCase(findTestCase("0.1-Login"), [:], STOP_ON_FAILURE): Call Test Case 'Test Cases/0.1-Login' successfully

2023-04-10 08:55:28 - [TEST_CASE][PASSED] - Test Cases/0.1-Login: Test Cases/0.1-Login

2023-04-10 08:55:28 - [TEST_STEP][PASSED] - openBrowser(""): Browser is opened with url: ''

2023-04-10 08:55:28 - [MESSAGE][INFO] - Starting 'Chrome' driver

2023-04-10 08:55:28 - [MESSAGE][INFO] - Action delay is set to 0 milliseconds

2023-04-10 08:55:30 - [MESSAGE][PASSED] - Browser is opened with url: ''

2023-04-10 08:55:30 - [TEST_STEP][PASSED] - maximizeWindow(): Current window maximized

2023-04-10 08:55:30 - [MESSAGE][PASSED] - Current window maximized

2023-04-10 08:55:30 - [TEST_STEP][PASSED] - i = G_Login: null

2023-04-10 08:55:30 - [TEST_STEP][PASSED] - url = new java.net.URL(i): null

2023-04-10 08:55:30 - [TEST_STEP][PASSED] - println("URL: " + url.toString()): null

2023-04-10 08:55:30 - [TEST_STEP][PASSED] - connection = url.openConnection(): null

2023-04-10 08:55:30 - [TEST_STEP][PASSED] - connection.setRequestMethod("GET"): null

2023-04-10 08:55:30 - [TEST_STEP][PASSED] - connection.setReadTimeout(2 * 1000): null

2023-04-10 08:55:30 - [TEST_STEP][PASSED] - try: null

2023-04-10 08:55:30 - [TEST_STEP][PASSED] - connection.connect(): null

2023-04-10 08:55:30 - [TEST_STEP][PASSED] - flag = connected: null

2023-04-10 08:55:30 - [TEST_STEP][PASSED] - println("Valor_ori: " + flag): null

2023-04-10 08:55:30 - [TEST_STEP][PASSED] - if (flag): null

2023-04-10 08:55:30 - [TEST_STEP][PASSED] - navigateToUrl(i): Navigate to 'http://192.168.2.19:8380/saraweb' successfully

2023-04-10 08:55:33 - [MESSAGE][PASSED] - Navigate to 'http://192.168.2.19:8380/saraweb' successfully

2023-04-10 08:55:33 - [TEST_STEP][PASSED] - a(): null

2023-04-10 08:55:33 - [TEST_STEP][PASSED] - if (waitForElementVisible(findTestObject("3-OBJECTS UTILIDADES/Login/input_USUARIO_loginusuario"), 0)): null

2023-04-10 08:55:33 - [MESSAGE][WARNING] - Timeout '0' is invalid. Using default page load timeout: '37'

2023-04-10 08:55:34 - [MESSAGE][PASSED] - Object 'Object Repository/3-OBJECTS UTILIDADES/Login/input_USUARIO_loginusuario' is visible

2023-04-10 08:55:34 - [TEST_STEP][PASSED] - switchToWindowTitle("SARA"): Switched to window with title: 'SARA'

2023-04-10 08:55:34 - [MESSAGE][PASSED] - Switched to window with title: 'SARA'

2023-04-10 08:55:34 - [TEST_STEP][PASSED] - zoom(): null

2023-04-10 08:55:34 - [TEST_STEP][PASSED] - robot = new java.awt.Robot(): null

2023-04-10 08:55:34 - [TEST_STEP][PASSED] - robot.keyPress(VK_CONTROL): null

2023-04-10 08:55:34 - [TEST_STEP][PASSED] - robot.keyPress(VK_SUBTRACT): null

2023-04-10 08:55:34 - [TEST_STEP][PASSED] - robot.keyRelease(VK_CONTROL): null

2023-04-10 08:55:34 - [TEST_STEP][PASSED] - robot.keyRelease(VK_SUBTRACT): null

2023-04-10 08:55:34 - [TEST_STEP][PASSED] - robot.keyPress(VK_CONTROL): null

2023-04-10 08:55:34 - [TEST_STEP][PASSED] - robot.keyPress(VK_SUBTRACT): null

2023-04-10 08:55:34 - [TEST_STEP][PASSED] - robot.keyRelease(VK_CONTROL): null

2023-04-10 08:55:34 - [TEST_STEP][PASSED] - robot.keyRelease(VK_SUBTRACT): null

2023-04-10 08:55:34 - [TEST_STEP][PASSED] - robot.keyPress(VK_CONTROL): null

2023-04-10 08:55:34 - [TEST_STEP][PASSED] - robot.keyPress(VK_SUBTRACT): null

2023-04-10 08:55:34 - [TEST_STEP][PASSED] - robot.keyRelease(VK_CONTROL): null

2023-04-10 08:55:34 - [TEST_STEP][PASSED] - robot.keyRelease(VK_SUBTRACT): null

2023-04-10 08:55:34 - [TEST_STEP][PASSED] - robot.keyRelease(VK_CONTROL): null

2023-04-10 08:55:34 - [TEST_STEP][PASSED] - robot.keyRelease(VK_SUBTRACT): null

2023-04-10 08:55:34 - [TEST_STEP][PASSED] - setText(findTestObject("3-OBJECTS UTILIDADES/Login/input_USUARIO_loginusuario"), G_Usuario): Text 'saraadmin' is set on object 'Object Repository/3-OBJECTS UTILIDADES/Login/input_USUARIO_loginusuario'

2023-04-10 08:55:34 - [MESSAGE][PASSED] - Text 'saraadmin' is set on object 'Object Repository/3-OBJECTS UTILIDADES/Login/input_USUARIO_loginusuario'

2023-04-10 08:55:34 - [TEST_STEP][PASSED] - setEncryptedText(findTestObject("3-OBJECTS UTILIDADES/Login/input_CLAVE_loginpassword"), "SlAwMcyRKqrwbnzhAs8HhT6NnI7sEyng"): Text ****** has been set on object 'Object Repository/3-OBJECTS UTILIDADES/Login/input_CLAVE_loginpassword'

2023-04-10 08:55:36 - [MESSAGE][PASSED] - Text ****** has been set on object 'Object Repository/3-OBJECTS UTILIDADES/Login/input_CLAVE_loginpassword'

2023-04-10 08:55:36 - [TEST_STEP][PASSED] - while (waitForElementClickable(findTestObject("3-OBJECTS UTILIDADES/Login/a_Ingresar"), 1)): Web element with id: 'Object Repository/3-OBJECTS UTILIDADES/Login/a_Ingresar' located by '//a[contains(text(),'Ingresar')]' not found

2023-04-10 08:55:38 - [MESSAGE][INFO] - Unable to find the element located by 'By.xpath: //a[contains(text(),'Ingresar')]'. Please recheck the objects properties to make sure the desired element is located. 

2023-04-10 08:55:38 - [MESSAGE][WARNING] - Web element with id: 'Object Repository/3-OBJECTS UTILIDADES/Login/a_Ingresar' located by '//a[contains(text(),'Ingresar')]' not found

2023-04-10 08:55:38 - [MESSAGE][PASSED] - Call Test Case 'Test Cases/0.1-Login' successfully

2023-04-10 08:55:38 - [TEST_STEP][PASSED] - setText(findTestObject("1-OBJECTS TAREAS PRINCIPALES/Modulo Tarea Listado Hojas de Vida/Tareas Listado Hojas de Vida/input_Listado Hojas De Vida_form_templatej_idt24_input"), "Listado de Empleados"): Text 'Listado de Empleados' is set on object 'Object Repository/1-OBJECTS TAREAS PRINCIPALES/Modulo Tarea Listado Hojas de Vida/Tareas Listado Hojas de Vida/input_Listado Hojas De Vida_form_templatej_idt24_input'

2023-04-10 08:55:39 - [MESSAGE][PASSED] - Text 'Listado de Empleados' is set on object 'Object Repository/1-OBJECTS TAREAS PRINCIPALES/Modulo Tarea Listado Hojas de Vida/Tareas Listado Hojas de Vida/input_Listado Hojas De Vida_form_templatej_idt24_input'

2023-04-10 08:55:39 - [TEST_STEP][PASSED] - waitForElementVisible(findTestObject("1-OBJECTS TAREAS PRINCIPALES/Modulo Tarea Listado Hojas de Vida/Tareas Listado Hojas de Vida/span_Listado de Empleados"), 0): Object 'Object Repository/1-OBJECTS TAREAS PRINCIPALES/Modulo Tarea Listado Hojas de Vida/Tareas Listado Hojas de Vida/span_Listado de Empleados' is visible

2023-04-10 08:55:39 - [MESSAGE][WARNING] - Timeout '0' is invalid. Using default page load timeout: '37'

2023-04-10 08:55:41 - [MESSAGE][PASSED] - Object 'Object Repository/1-OBJECTS TAREAS PRINCIPALES/Modulo Tarea Listado Hojas de Vida/Tareas Listado Hojas de Vida/span_Listado de Empleados' is visible

2023-04-10 08:55:41 - [TEST_STEP][PASSED] - click(findTestObject("1-OBJECTS TAREAS PRINCIPALES/Modulo Tarea Listado Hojas de Vida/Tareas Listado Hojas de Vida/span_Listado de Empleados")): Object: 'Object Repository/1-OBJECTS TAREAS PRINCIPALES/Modulo Tarea Listado Hojas de Vida/Tareas Listado Hojas de Vida/span_Listado de Empleados' is clicked on

2023-04-10 08:55:41 - [MESSAGE][PASSED] - Object: 'Object Repository/1-OBJECTS TAREAS PRINCIPALES/Modulo Tarea Listado Hojas de Vida/Tareas Listado Hojas de Vida/span_Listado de Empleados' is clicked on

2023-04-10 08:55:41 - [MESSAGE][PASSED] - Call Test Case 'Test Cases/Utilidades-(atajos_para _tareas)/Tareas Administracion Compensacion/Tarea Listado Empleados' successfully

2023-04-10 08:55:41 - [TEST_STEP][PASSED] - waitForElementClickable(findTestObject("1-OBJECTS TAREAS PRINCIPALES/Modulo Tarea Compensacion/Liquidar Conceptos y Variables/input_Identificacin_listadoEmp"), 0): Object 'Object Repository/1-OBJECTS TAREAS PRINCIPALES/Modulo Tarea Compensacion/Liquidar Conceptos y Variables/input_Identificacin_listadoEmp' is clickable

2023-04-10 08:55:41 - [MESSAGE][WARNING] - Timeout '0' is invalid. Using default page load timeout: '37'

2023-04-10 08:55:42 - [MESSAGE][PASSED] - Object 'Object Repository/1-OBJECTS TAREAS PRINCIPALES/Modulo Tarea Compensacion/Liquidar Conceptos y Variables/input_Identificacin_listadoEmp' is clickable

2023-04-10 08:55:42 - [TEST_STEP][PASSED] - setText(findTestObject("1-OBJECTS TAREAS PRINCIPALES/Modulo Tarea Compensacion/Liquidar Conceptos y Variables/input_Identificacin_listadoEmp"), "10154472"): Text '10154472' is set on object 'Object Repository/1-OBJECTS TAREAS PRINCIPALES/Modulo Tarea Compensacion/Liquidar Conceptos y Variables/input_Identificacin_listadoEmp'

2023-04-10 08:55:43 - [MESSAGE][PASSED] - Text '10154472' is set on object 'Object Repository/1-OBJECTS TAREAS PRINCIPALES/Modulo Tarea Compensacion/Liquidar Conceptos y Variables/input_Identificacin_listadoEmp'

2023-04-10 08:55:43 - [TEST_STEP][PASSED] - sendKeys(findTestObject("1-OBJECTS TAREAS PRINCIPALES/Modulo Tarea Compensacion/Liquidar Conceptos y Variables/input_Identificacin_listadoEmp"), Keys.chord(ENTER)): Keys 'ENTER + ' sent to object: 'Object Repository/1-OBJECTS TAREAS PRINCIPALES/Modulo Tarea Compensacion/Liquidar Conceptos y Variables/input_Identificacin_listadoEmp'

2023-04-10 08:55:43 - [MESSAGE][PASSED] - Keys 'ENTER + ' sent to object: 'Object Repository/1-OBJECTS TAREAS PRINCIPALES/Modulo Tarea Compensacion/Liquidar Conceptos y Variables/input_Identificacin_listadoEmp'

2023-04-10 08:55:43 - [TEST_STEP][PASSED] - waitForElementClickable(findTestObject("1-OBJECTS TAREAS PRINCIPALES/Modulo Tarea Compensacion/Liquidar Conceptos y Variables/span_CONSTA BELFEGORD JHON"), G_TimeOut): Object 'Object Repository/1-OBJECTS TAREAS PRINCIPALES/Modulo Tarea Compensacion/Liquidar Conceptos y Variables/span_CONSTA BELFEGORD JHON' is clickable

2023-04-10 08:55:44 - [MESSAGE][PASSED] - Object 'Object Repository/1-OBJECTS TAREAS PRINCIPALES/Modulo Tarea Compensacion/Liquidar Conceptos y Variables/span_CONSTA BELFEGORD JHON' is clickable

2023-04-10 08:55:44 - [TEST_STEP][PASSED] - click(findTestObject("1-OBJECTS TAREAS PRINCIPALES/Modulo Tarea Compensacion/Liquidar Conceptos y Variables/span_CONSTA BELFEGORD JHON")): Object: 'Object Repository/1-OBJECTS TAREAS PRINCIPALES/Modulo Tarea Compensacion/Liquidar Conceptos y Variables/span_CONSTA BELFEGORD JHON' is clicked on

2023-04-10 08:55:44 - [MESSAGE][PASSED] - Object: 'Object Repository/1-OBJECTS TAREAS PRINCIPALES/Modulo Tarea Compensacion/Liquidar Conceptos y Variables/span_CONSTA BELFEGORD JHON' is clicked on

2023-04-10 08:55:44 - [TEST_STEP][PASSED] - waitForElementClickable(findTestObject("1-OBJECTS TAREAS PRINCIPALES/Modulo Tarea Compensacion/Liquidar Conceptos y Variables/a_Terminar Contrato"), G_TimeOut): Object 'Object Repository/1-OBJECTS TAREAS PRINCIPALES/Modulo Tarea Compensacion/Liquidar Conceptos y Variables/a_Terminar Contrato' is clickable

2023-04-10 08:55:45 - [MESSAGE][PASSED] - Object 'Object Repository/1-OBJECTS TAREAS PRINCIPALES/Modulo Tarea Compensacion/Liquidar Conceptos y Variables/a_Terminar Contrato' is clickable

2023-04-10 08:55:45 - [TEST_STEP][PASSED] - click(findTestObject("1-OBJECTS TAREAS PRINCIPALES/Modulo Tarea Compensacion/Liquidar Conceptos y Variables/a_Terminar Contrato")): Object: 'Object Repository/1-OBJECTS TAREAS PRINCIPALES/Modulo Tarea Compensacion/Liquidar Conceptos y Variables/a_Terminar Contrato' is clicked on

2023-04-10 08:55:45 - [MESSAGE][PASSED] - Object: 'Object Repository/1-OBJECTS TAREAS PRINCIPALES/Modulo Tarea Compensacion/Liquidar Conceptos y Variables/a_Terminar Contrato' is clicked on

2023-04-10 08:55:45 - [TEST_STEP][PASSED] - waitForElementClickable(findTestObject("1-OBJECTS TAREAS PRINCIPALES/Modulo Tarea Compensacion/Liquidar Conceptos y Variables/span_Liquidar"), G_TimeOut): Object 'Object Repository/1-OBJECTS TAREAS PRINCIPALES/Modulo Tarea Compensacion/Liquidar Conceptos y Variables/span_Liquidar' is clickable

2023-04-10 08:55:46 - [MESSAGE][PASSED] - Object 'Object Repository/1-OBJECTS TAREAS PRINCIPALES/Modulo Tarea Compensacion/Liquidar Conceptos y Variables/span_Liquidar' is clickable

2023-04-10 08:55:46 - [TEST_STEP][PASSED] - click(findTestObject("1-OBJECTS TAREAS PRINCIPALES/Modulo Tarea Compensacion/Liquidar Conceptos y Variables/span_Liquidar")): Object: 'Object Repository/1-OBJECTS TAREAS PRINCIPALES/Modulo Tarea Compensacion/Liquidar Conceptos y Variables/span_Liquidar' is clicked on

2023-04-10 08:55:46 - [MESSAGE][PASSED] - Object: 'Object Repository/1-OBJECTS TAREAS PRINCIPALES/Modulo Tarea Compensacion/Liquidar Conceptos y Variables/span_Liquidar' is clicked on

2023-04-10 08:55:46 - [TEST_STEP][PASSED] - setText(findTestObject("1-OBJECTS TAREAS PRINCIPALES/Modulo Tarea Compensacion/Liquidar Conceptos y Variables/input_Fecha de Retiro_cancelac"), "31/07/2021"): Text '31/07/2021' is set on object 'Object Repository/1-OBJECTS TAREAS PRINCIPALES/Modulo Tarea Compensacion/Liquidar Conceptos y Variables/input_Fecha de Retiro_cancelac'

2023-04-10 08:55:48 - [MESSAGE][PASSED] - Text '31/07/2021' is set on object 'Object Repository/1-OBJECTS TAREAS PRINCIPALES/Modulo Tarea Compensacion/Liquidar Conceptos y Variables/input_Fecha de Retiro_cancelac'

2023-04-10 08:55:48 - [TEST_STEP][PASSED] - click(findTestObject("1-OBJECTS TAREAS PRINCIPALES/Modulo Tarea Compensacion/Liquidar Conceptos y Variables/span_Motivo de Retiro")): Object: 'Object Repository/1-OBJECTS TAREAS PRINCIPALES/Modulo Tarea Compensacion/Liquidar Conceptos y Variables/span_Motivo de Retiro' is clicked on

2023-04-10 08:55:48 - [MESSAGE][PASSED] - Object: 'Object Repository/1-OBJECTS TAREAS PRINCIPALES/Modulo Tarea Compensacion/Liquidar Conceptos y Variables/span_Motivo de Retiro' is clicked on

2023-04-10 08:55:48 - [TEST_STEP][PASSED] - selectOptionByIndex(findTestObject("1-OBJECTS TAREAS PRINCIPALES/Modulo Tarea Compensacion/Liquidar Conceptos y Variables/select_-- Seleccione --SUSTITU"), "1"): All options with index in [1] are selected on object 'Object Repository/1-OBJECTS TAREAS PRINCIPALES/Modulo Tarea Compensacion/Liquidar Conceptos y Variables/select_-- Seleccione --SUSTITU'

2023-04-10 08:55:49 - [MESSAGE][PASSED] - All options with index in [1] are selected on object 'Object Repository/1-OBJECTS TAREAS PRINCIPALES/Modulo Tarea Compensacion/Liquidar Conceptos y Variables/select_-- Seleccione --SUSTITU'

2023-04-10 08:55:49 - [TEST_STEP][PASSED] - selectOptionByIndex(findTestObject("1-OBJECTS TAREAS PRINCIPALES/Modulo Tarea Compensacion/Liquidar Conceptos y Variables/select_---SELECCIONE ---Direct"), "1"): All options with index in [1] are selected on object 'Object Repository/1-OBJECTS TAREAS PRINCIPALES/Modulo Tarea Compensacion/Liquidar Conceptos y Variables/select_---SELECCIONE ---Direct'

2023-04-10 08:55:50 - [MESSAGE][PASSED] - All options with index in [1] are selected on object 'Object Repository/1-OBJECTS TAREAS PRINCIPALES/Modulo Tarea Compensacion/Liquidar Conceptos y Variables/select_---SELECCIONE ---Direct'

2023-04-10 08:55:50 - [TEST_STEP][PASSED] - setText(findTestObject("1-OBJECTS TAREAS PRINCIPALES/Modulo Tarea Compensacion/Liquidar Conceptos y Variables/input_Fecha Pago_cancelacion_c"), "31/07/2021"): Text '31/07/2021' is set on object 'Object Repository/1-OBJECTS TAREAS PRINCIPALES/Modulo Tarea Compensacion/Liquidar Conceptos y Variables/input_Fecha Pago_cancelacion_c'

2023-04-10 08:55:52 - [MESSAGE][PASSED] - Text '31/07/2021' is set on object 'Object Repository/1-OBJECTS TAREAS PRINCIPALES/Modulo Tarea Compensacion/Liquidar Conceptos y Variables/input_Fecha Pago_cancelacion_c'

2023-04-10 08:55:52 - [TEST_STEP][PASSED] - click(findTestObject("1-OBJECTS TAREAS PRINCIPALES/Modulo Tarea Compensacion/Liquidar Conceptos y Variables/span_Calculo Nomina")): Object: 'Object Repository/1-OBJECTS TAREAS PRINCIPALES/Modulo Tarea Compensacion/Liquidar Conceptos y Variables/span_Calculo Nomina' is clicked on

2023-04-10 08:55:52 - [MESSAGE][PASSED] - Object: 'Object Repository/1-OBJECTS TAREAS PRINCIPALES/Modulo Tarea Compensacion/Liquidar Conceptos y Variables/span_Calculo Nomina' is clicked on

2023-04-10 08:55:52 - [TEST_STEP][PASSED] - if (waitForElementVisible(findTestObject("1-OBJECTS TAREAS PRINCIPALES/Modulo Tarea Compensacion/Liquidar Conceptos y Variables/select_-- Seleccione --comprob"), 1)): Web element with id: 'Object Repository/1-OBJECTS TAREAS PRINCIPALES/Modulo Tarea Compensacion/Liquidar Conceptos y Variables/select_-- Seleccione --comprob' located by '//select[@id='cancelacion_contrato:tipoComprobante']' not found

2023-04-10 08:55:54 - [MESSAGE][INFO] - Unable to find the element located by 'By.xpath: //select[@id='cancelacion_contrato:tipoComprobante']'. Please recheck the objects properties to make sure the desired element is located. 

2023-04-10 08:55:54 - [MESSAGE][WARNING] - Web element with id: 'Object Repository/1-OBJECTS TAREAS PRINCIPALES/Modulo Tarea Compensacion/Liquidar Conceptos y Variables/select_-- Seleccione --comprob' located by '//select[@id='cancelacion_contrato:tipoComprobante']' not found

2023-04-10 08:55:54 - [TEST_STEP][PASSED] - click(findTestObject("1-OBJECTS TAREAS PRINCIPALES/Modulo Tarea Compensacion/Liquidar Conceptos y Variables/a_Nuevo0")): Object: 'Object Repository/1-OBJECTS TAREAS PRINCIPALES/Modulo Tarea Compensacion/Liquidar Conceptos y Variables/a_Nuevo0' is clicked on

2023-04-10 08:55:55 - [MESSAGE][PASSED] - Object: 'Object Repository/1-OBJECTS TAREAS PRINCIPALES/Modulo Tarea Compensacion/Liquidar Conceptos y Variables/a_Nuevo0' is clicked on

2023-04-10 08:55:55 - [TEST_STEP][PASSED] - click(findTestObject("1-OBJECTS TAREAS PRINCIPALES/Modulo Tarea Compensacion/Liquidar Conceptos y Variables/span_SALARIO BASICO")): Object: 'Object Repository/1-OBJECTS TAREAS PRINCIPALES/Modulo Tarea Compensacion/Liquidar Conceptos y Variables/span_SALARIO BASICO' is clicked on

2023-04-10 08:55:56 - [MESSAGE][PASSED] - Object: 'Object Repository/1-OBJECTS TAREAS PRINCIPALES/Modulo Tarea Compensacion/Liquidar Conceptos y Variables/span_SALARIO BASICO' is clicked on

2023-04-10 08:55:56 - [TEST_STEP][PASSED] - click(findTestObject("1-OBJECTS TAREAS PRINCIPALES/Modulo Tarea Compensacion/Liquidar Conceptos y Variables/a_Guardar0")): Object: 'Object Repository/1-OBJECTS TAREAS PRINCIPALES/Modulo Tarea Compensacion/Liquidar Conceptos y Variables/a_Guardar0' is clicked on

2023-04-10 08:55:56 - [MESSAGE][PASSED] - Object: 'Object Repository/1-OBJECTS TAREAS PRINCIPALES/Modulo Tarea Compensacion/Liquidar Conceptos y Variables/a_Guardar0' is clicked on

2023-04-10 08:55:56 - [TEST_STEP][PASSED] - click(findTestObject("1-OBJECTS TAREAS PRINCIPALES/Modulo Tarea Compensacion/Liquidar Conceptos y Variables/a_Variable")): Object: 'Object Repository/1-OBJECTS TAREAS PRINCIPALES/Modulo Tarea Compensacion/Liquidar Conceptos y Variables/a_Variable' is clicked on

2023-04-10 08:55:57 - [MESSAGE][PASSED] - Object: 'Object Repository/1-OBJECTS TAREAS PRINCIPALES/Modulo Tarea Compensacion/Liquidar Conceptos y Variables/a_Variable' is clicked on

2023-04-10 08:55:57 - [TEST_STEP][PASSED] - click(findTestObject("1-OBJECTS TAREAS PRINCIPALES/Modulo Tarea Compensacion/Liquidar Conceptos y Variables/a_Nuevo_variable")): Object: 'Object Repository/1-OBJECTS TAREAS PRINCIPALES/Modulo Tarea Compensacion/Liquidar Conceptos y Variables/a_Nuevo_variable' is clicked on

2023-04-10 08:55:58 - [MESSAGE][PASSED] - Object: 'Object Repository/1-OBJECTS TAREAS PRINCIPALES/Modulo Tarea Compensacion/Liquidar Conceptos y Variables/a_Nuevo_variable' is clicked on

2023-04-10 08:55:58 - [TEST_STEP][PASSED] - click(findTestObject("1-OBJECTS TAREAS PRINCIPALES/Modulo Tarea Compensacion/Liquidar Conceptos y Variables/a_Variable_popupVariablaPeriodo_formj_idt777")): Object: 'Object Repository/1-OBJECTS TAREAS PRINCIPALES/Modulo Tarea Compensacion/Liquidar Conceptos y Variables/a_Variable_popupVariablaPeriodo_formj_idt777' is clicked on

2023-04-10 08:55:59 - [MESSAGE][PASSED] - Object: 'Object Repository/1-OBJECTS TAREAS PRINCIPALES/Modulo Tarea Compensacion/Liquidar Conceptos y Variables/a_Variable_popupVariablaPeriodo_formj_idt777' is clicked on

2023-04-10 08:55:59 - [TEST_STEP][PASSED] - click(findTestObject("1-OBJECTS TAREAS PRINCIPALES/Modulo Tarea Compensacion/Liquidar Conceptos y Variables/span_APLICA PAGO PRIMA VACACIONES")): Object: 'Object Repository/1-OBJECTS TAREAS PRINCIPALES/Modulo Tarea Compensacion/Liquidar Conceptos y Variables/span_APLICA PAGO PRIMA VACACIONES' is clicked on

2023-04-10 08:55:59 - [MESSAGE][PASSED] - Object: 'Object Repository/1-OBJECTS TAREAS PRINCIPALES/Modulo Tarea Compensacion/Liquidar Conceptos y Variables/span_APLICA PAGO PRIMA VACACIONES' is clicked on

2023-04-10 08:55:59 - [TEST_STEP][PASSED] - setText(findTestObject("1-OBJECTS TAREAS PRINCIPALES/Modulo Tarea Compensacion/Liquidar Conceptos y Variables/input_Valor_popupVariablaPeriodo_formvalorMostrar"), "200000"): Text '200000' is set on object 'Object Repository/1-OBJECTS TAREAS PRINCIPALES/Modulo Tarea Compensacion/Liquidar Conceptos y Variables/input_Valor_popupVariablaPeriodo_formvalorMostrar'

2023-04-10 08:56:01 - [MESSAGE][PASSED] - Text '200000' is set on object 'Object Repository/1-OBJECTS TAREAS PRINCIPALES/Modulo Tarea Compensacion/Liquidar Conceptos y Variables/input_Valor_popupVariablaPeriodo_formvalorMostrar'

2023-04-10 08:56:01 - [TEST_STEP][PASSED] - click(findTestObject("1-OBJECTS TAREAS PRINCIPALES/Modulo Tarea Compensacion/Liquidar Conceptos y Variables/a_Guardar1")): Object: 'Object Repository/1-OBJECTS TAREAS PRINCIPALES/Modulo Tarea Compensacion/Liquidar Conceptos y Variables/a_Guardar1' is clicked on

2023-04-10 08:56:01 - [MESSAGE][PASSED] - Object: 'Object Repository/1-OBJECTS TAREAS PRINCIPALES/Modulo Tarea Compensacion/Liquidar Conceptos y Variables/a_Guardar1' is clicked on

2023-04-10 08:56:01 - [TEST_STEP][PASSED] - click(findTestObject("1-OBJECTS TAREAS PRINCIPALES/Modulo Tarea Compensacion/Liquidar Conceptos y Variables/a_Novedad Fecha")): Object: 'Object Repository/1-OBJECTS TAREAS PRINCIPALES/Modulo Tarea Compensacion/Liquidar Conceptos y Variables/a_Novedad Fecha' is clicked on

2023-04-10 08:56:02 - [MESSAGE][PASSED] - Object: 'Object Repository/1-OBJECTS TAREAS PRINCIPALES/Modulo Tarea Compensacion/Liquidar Conceptos y Variables/a_Novedad Fecha' is clicked on

2023-04-10 08:56:02 - [TEST_STEP][PASSED] - click(findTestObject("1-OBJECTS TAREAS PRINCIPALES/Modulo Tarea Compensacion/Liquidar Conceptos y Variables/a_Nuevo1")): Object: 'Object Repository/1-OBJECTS TAREAS PRINCIPALES/Modulo Tarea Compensacion/Liquidar Conceptos y Variables/a_Nuevo1' is clicked on

2023-04-10 08:56:02 - [MESSAGE][PASSED] - Object: 'Object Repository/1-OBJECTS TAREAS PRINCIPALES/Modulo Tarea Compensacion/Liquidar Conceptos y Variables/a_Nuevo1' is clicked on

2023-04-10 08:56:02 - [TEST_STEP][PASSED] - click(findTestObject("1-OBJECTS TAREAS PRINCIPALES/Modulo Tarea Compensacion/Liquidar Conceptos y Variables/a_Variable_variableFechaPeriodo_formj_idt200")): Object: 'Object Repository/1-OBJECTS TAREAS PRINCIPALES/Modulo Tarea Compensacion/Liquidar Conceptos y Variables/a_Variable_variableFechaPeriodo_formj_idt200' is clicked on

2023-04-10 08:56:03 - [MESSAGE][PASSED] - Object: 'Object Repository/1-OBJECTS TAREAS PRINCIPALES/Modulo Tarea Compensacion/Liquidar Conceptos y Variables/a_Variable_variableFechaPeriodo_formj_idt200' is clicked on

2023-04-10 08:56:03 - [TEST_STEP][PASSED] - click(findTestObject("1-OBJECTS TAREAS PRINCIPALES/Modulo Tarea Compensacion/Liquidar Conceptos y Variables/span_FLEX - AUXILIO MONET")): Object: 'Object Repository/1-OBJECTS TAREAS PRINCIPALES/Modulo Tarea Compensacion/Liquidar Conceptos y Variables/span_FLEX - AUXILIO MONET' is clicked on

2023-04-10 08:56:04 - [MESSAGE][PASSED] - Object: 'Object Repository/1-OBJECTS TAREAS PRINCIPALES/Modulo Tarea Compensacion/Liquidar Conceptos y Variables/span_FLEX - AUXILIO MONET' is clicked on

2023-04-10 08:56:04 - [TEST_STEP][PASSED] - setText(findTestObject("1-OBJECTS TAREAS PRINCIPALES/Modulo Tarea Compensacion/Liquidar Conceptos y Variables/input_Base_variableFechaPeriodo_formcantidadFecha_input"), "01/06/2021"): Text '01/06/2021' is set on object 'Object Repository/1-OBJECTS TAREAS PRINCIPALES/Modulo Tarea Compensacion/Liquidar Conceptos y Variables/input_Base_variableFechaPeriodo_formcantidadFecha_input'

2023-04-10 08:56:05 - [MESSAGE][PASSED] - Text '01/06/2021' is set on object 'Object Repository/1-OBJECTS TAREAS PRINCIPALES/Modulo Tarea Compensacion/Liquidar Conceptos y Variables/input_Base_variableFechaPeriodo_formcantidadFecha_input'

2023-04-10 08:56:05 - [TEST_STEP][PASSED] - setText(findTestObject("1-OBJECTS TAREAS PRINCIPALES/Modulo Tarea Compensacion/Liquidar Conceptos y Variables/input_Valor_variableFechaPeriodo_formvalor"), "100000"): Text '100000' is set on object 'Object Repository/1-OBJECTS TAREAS PRINCIPALES/Modulo Tarea Compensacion/Liquidar Conceptos y Variables/input_Valor_variableFechaPeriodo_formvalor'

2023-04-10 08:56:06 - [MESSAGE][PASSED] - Text '100000' is set on object 'Object Repository/1-OBJECTS TAREAS PRINCIPALES/Modulo Tarea Compensacion/Liquidar Conceptos y Variables/input_Valor_variableFechaPeriodo_formvalor'

2023-04-10 08:56:06 - [TEST_STEP][PASSED] - setText(findTestObject("1-OBJECTS TAREAS PRINCIPALES/Modulo Tarea Compensacion/Liquidar Conceptos y Variables/input_Presupuestal_variableFechaPeriodo_formpresupuestal"), "100000"): Text '100000' is set on object 'Object Repository/1-OBJECTS TAREAS PRINCIPALES/Modulo Tarea Compensacion/Liquidar Conceptos y Variables/input_Presupuestal_variableFechaPeriodo_formpresupuestal'

2023-04-10 08:56:07 - [MESSAGE][PASSED] - Text '100000' is set on object 'Object Repository/1-OBJECTS TAREAS PRINCIPALES/Modulo Tarea Compensacion/Liquidar Conceptos y Variables/input_Presupuestal_variableFechaPeriodo_formpresupuestal'

2023-04-10 08:56:07 - [TEST_STEP][PASSED] - setText(findTestObject("1-OBJECTS TAREAS PRINCIPALES/Modulo Tarea Compensacion/Liquidar Conceptos y Variables/textarea_Observacin_variableFechaPeriodo_formobservacion"), "pruebas k"): Text 'pruebas k' is set on object 'Object Repository/1-OBJECTS TAREAS PRINCIPALES/Modulo Tarea Compensacion/Liquidar Conceptos y Variables/textarea_Observacin_variableFechaPeriodo_formobservacion'

2023-04-10 08:56:08 - [MESSAGE][PASSED] - Text 'pruebas k' is set on object 'Object Repository/1-OBJECTS TAREAS PRINCIPALES/Modulo Tarea Compensacion/Liquidar Conceptos y Variables/textarea_Observacin_variableFechaPeriodo_formobservacion'

2023-04-10 08:56:08 - [TEST_STEP][PASSED] - click(findTestObject("1-OBJECTS TAREAS PRINCIPALES/Modulo Tarea Compensacion/Liquidar Conceptos y Variables/a_Guardar2")): Object: 'Object Repository/1-OBJECTS TAREAS PRINCIPALES/Modulo Tarea Compensacion/Liquidar Conceptos y Variables/a_Guardar2' is clicked on

2023-04-10 08:56:08 - [MESSAGE][PASSED] - Object: 'Object Repository/1-OBJECTS TAREAS PRINCIPALES/Modulo Tarea Compensacion/Liquidar Conceptos y Variables/a_Guardar2' is clicked on

2023-04-10 08:56:08 - [TEST_STEP][PASSED] - click(findTestObject("1-OBJECTS TAREAS PRINCIPALES/Modulo Tarea Compensacion/Liquidar Conceptos y Variables/a_Concepto")): Object: 'Object Repository/1-OBJECTS TAREAS PRINCIPALES/Modulo Tarea Compensacion/Liquidar Conceptos y Variables/a_Concepto' is clicked on

2023-04-10 08:56:09 - [MESSAGE][PASSED] - Object: 'Object Repository/1-OBJECTS TAREAS PRINCIPALES/Modulo Tarea Compensacion/Liquidar Conceptos y Variables/a_Concepto' is clicked on

2023-04-10 08:56:09 - [TEST_STEP][PASSED] - click(findTestObject("1-OBJECTS TAREAS PRINCIPALES/Modulo Tarea Compensacion/Liquidar Conceptos y Variables/a_Prestaciones Sociales")): Object: 'Object Repository/1-OBJECTS TAREAS PRINCIPALES/Modulo Tarea Compensacion/Liquidar Conceptos y Variables/a_Prestaciones Sociales' is clicked on

2023-04-10 08:56:10 - [MESSAGE][PASSED] - Object: 'Object Repository/1-OBJECTS TAREAS PRINCIPALES/Modulo Tarea Compensacion/Liquidar Conceptos y Variables/a_Prestaciones Sociales' is clicked on

2023-04-10 08:56:10 - [TEST_STEP][PASSED] - click(findTestObject("1-OBJECTS TAREAS PRINCIPALES/Modulo Tarea Compensacion/Liquidar Conceptos y Variables/span_Si")): Object: 'Object Repository/1-OBJECTS TAREAS PRINCIPALES/Modulo Tarea Compensacion/Liquidar Conceptos y Variables/span_Si' is clicked on

2023-04-10 08:56:10 - [MESSAGE][PASSED] - Object: 'Object Repository/1-OBJECTS TAREAS PRINCIPALES/Modulo Tarea Compensacion/Liquidar Conceptos y Variables/span_Si' is clicked on

2023-04-10 08:56:10 - [TEST_STEP][PASSED] - click(findTestObject("1-OBJECTS TAREAS PRINCIPALES/Modulo Tarea Compensacion/Liquidar Conceptos y Variables/a_Reporte")): Object: 'Object Repository/1-OBJECTS TAREAS PRINCIPALES/Modulo Tarea Compensacion/Liquidar Conceptos y Variables/a_Reporte' is clicked on

2023-04-10 08:56:12 - [MESSAGE][PASSED] - Object: 'Object Repository/1-OBJECTS TAREAS PRINCIPALES/Modulo Tarea Compensacion/Liquidar Conceptos y Variables/a_Reporte' is clicked on

2023-04-10 08:56:12 - [TEST_STEP][PASSED] - if (waitForElementPresent(findTestObject("1-OBJECTS TAREAS PRINCIPALES/Modulo Tarea Compensacion/Liquidar Conceptos y Variables/a_Regresar"), 1)): null

2023-04-10 08:56:14 - [MESSAGE][PASSED] - Object 'Object Repository/1-OBJECTS TAREAS PRINCIPALES/Modulo Tarea Compensacion/Liquidar Conceptos y Variables/a_Regresar' is present

2023-04-10 08:56:14 - [TEST_STEP][PASSED] - click(findTestObject("1-OBJECTS TAREAS PRINCIPALES/Modulo Tarea Compensacion/Liquidar Conceptos y Variables/a_Regresar")): Object: 'Object Repository/1-OBJECTS TAREAS PRINCIPALES/Modulo Tarea Compensacion/Liquidar Conceptos y Variables/a_Regresar' is clicked on

2023-04-10 08:56:14 - [MESSAGE][PASSED] - Object: 'Object Repository/1-OBJECTS TAREAS PRINCIPALES/Modulo Tarea Compensacion/Liquidar Conceptos y Variables/a_Regresar' is clicked on

2023-04-10 08:56:14 - [TEST_STEP][PASSED] - closeBrowser(): Browser is closed

2023-04-10 08:56:15 - [MESSAGE][PASSED] - Browser is closed]]></system-out>
         <system-err><![CDATA[]]></system-err>
      </testcase>
      <testcase name="Test Cases/1.1-Tareas Principales/1.4.2-Acto Retiro Empleado" time="31.309" classname="Test Cases/1.1-Tareas Principales/1.4.2-Acto Retiro Empleado" status="PASSED">
         <system-out><![CDATA[2023-04-10 08:56:15 - [TEST_CASE][PASSED] - Test Cases/1.1-Tareas Principales/1.4.2-Acto Retiro Empleado: Test Cases/1.1-Tareas Principales/1.4.2-Acto Retiro Empleado

2023-04-10 08:56:15 - [TEST_STEP][PASSED] - callTestCase(findTestCase("Utilidades-(atajos_para _tareas)/Tareas Actos Administrativos/Tarea Actos Administrativos"), [:], STOP_ON_FAILURE): Call Test Case 'Test Cases/Utilidades-(atajos_para _tareas)/Tareas Actos Administrativos/Tarea Actos Administrativos' successfully

2023-04-10 08:56:15 - [TEST_CASE][PASSED] - Test Cases/Utilidades-(atajos_para _tareas)/Tareas Actos Administrativos/Tarea Actos Administrativos: Test Cases/Utilidades-(atajos_para _tareas)/Tareas Actos Administrativos/Tarea Actos Administrativos

2023-04-10 08:56:15 - [TEST_STEP][PASSED] - callTestCase(findTestCase("0.1-Login"), [:], STOP_ON_FAILURE): Call Test Case 'Test Cases/0.1-Login' successfully

2023-04-10 08:56:15 - [TEST_CASE][PASSED] - Test Cases/0.1-Login: Test Cases/0.1-Login

2023-04-10 08:56:15 - [TEST_STEP][PASSED] - openBrowser(""): Browser is opened with url: ''

2023-04-10 08:56:15 - [MESSAGE][INFO] - Starting 'Chrome' driver

2023-04-10 08:56:15 - [MESSAGE][INFO] - Action delay is set to 0 milliseconds

2023-04-10 08:56:16 - [MESSAGE][PASSED] - Browser is opened with url: ''

2023-04-10 08:56:16 - [TEST_STEP][PASSED] - maximizeWindow(): Current window maximized

2023-04-10 08:56:17 - [MESSAGE][PASSED] - Current window maximized

2023-04-10 08:56:17 - [TEST_STEP][PASSED] - i = G_Login: null

2023-04-10 08:56:17 - [TEST_STEP][PASSED] - url = new java.net.URL(i): null

2023-04-10 08:56:17 - [TEST_STEP][PASSED] - println("URL: " + url.toString()): null

2023-04-10 08:56:17 - [TEST_STEP][PASSED] - connection = url.openConnection(): null

2023-04-10 08:56:17 - [TEST_STEP][PASSED] - connection.setRequestMethod("GET"): null

2023-04-10 08:56:17 - [TEST_STEP][PASSED] - connection.setReadTimeout(2 * 1000): null

2023-04-10 08:56:17 - [TEST_STEP][PASSED] - try: null

2023-04-10 08:56:17 - [TEST_STEP][PASSED] - connection.connect(): null

2023-04-10 08:56:17 - [TEST_STEP][PASSED] - flag = connected: null

2023-04-10 08:56:17 - [TEST_STEP][PASSED] - println("Valor_ori: " + flag): null

2023-04-10 08:56:17 - [TEST_STEP][PASSED] - if (flag): null

2023-04-10 08:56:17 - [TEST_STEP][PASSED] - navigateToUrl(i): Navigate to 'http://192.168.2.19:8380/saraweb' successfully

2023-04-10 08:56:17 - [MESSAGE][PASSED] - Navigate to 'http://192.168.2.19:8380/saraweb' successfully

2023-04-10 08:56:17 - [TEST_STEP][PASSED] - a(): null

2023-04-10 08:56:17 - [TEST_STEP][PASSED] - if (waitForElementVisible(findTestObject("3-OBJECTS UTILIDADES/Login/input_USUARIO_loginusuario"), 0)): null

2023-04-10 08:56:17 - [MESSAGE][WARNING] - Timeout '0' is invalid. Using default page load timeout: '37'

2023-04-10 08:56:17 - [MESSAGE][PASSED] - Object 'Object Repository/3-OBJECTS UTILIDADES/Login/input_USUARIO_loginusuario' is visible

2023-04-10 08:56:17 - [TEST_STEP][PASSED] - switchToWindowTitle("SARA"): Switched to window with title: 'SARA'

2023-04-10 08:56:17 - [MESSAGE][PASSED] - Switched to window with title: 'SARA'

2023-04-10 08:56:17 - [TEST_STEP][PASSED] - zoom(): null

2023-04-10 08:56:17 - [TEST_STEP][PASSED] - robot = new java.awt.Robot(): null

2023-04-10 08:56:17 - [TEST_STEP][PASSED] - robot.keyPress(VK_CONTROL): null

2023-04-10 08:56:17 - [TEST_STEP][PASSED] - robot.keyPress(VK_SUBTRACT): null

2023-04-10 08:56:17 - [TEST_STEP][PASSED] - robot.keyRelease(VK_CONTROL): null

2023-04-10 08:56:17 - [TEST_STEP][PASSED] - robot.keyRelease(VK_SUBTRACT): null

2023-04-10 08:56:17 - [TEST_STEP][PASSED] - robot.keyPress(VK_CONTROL): null

2023-04-10 08:56:17 - [TEST_STEP][PASSED] - robot.keyPress(VK_SUBTRACT): null

2023-04-10 08:56:17 - [TEST_STEP][PASSED] - robot.keyRelease(VK_CONTROL): null

2023-04-10 08:56:17 - [TEST_STEP][PASSED] - robot.keyRelease(VK_SUBTRACT): null

2023-04-10 08:56:17 - [TEST_STEP][PASSED] - robot.keyPress(VK_CONTROL): null

2023-04-10 08:56:17 - [TEST_STEP][PASSED] - robot.keyPress(VK_SUBTRACT): null

2023-04-10 08:56:17 - [TEST_STEP][PASSED] - robot.keyRelease(VK_CONTROL): null

2023-04-10 08:56:17 - [TEST_STEP][PASSED] - robot.keyRelease(VK_SUBTRACT): null

2023-04-10 08:56:17 - [TEST_STEP][PASSED] - robot.keyRelease(VK_CONTROL): null

2023-04-10 08:56:17 - [TEST_STEP][PASSED] - robot.keyRelease(VK_SUBTRACT): null

2023-04-10 08:56:17 - [TEST_STEP][PASSED] - setText(findTestObject("3-OBJECTS UTILIDADES/Login/input_USUARIO_loginusuario"), G_Usuario): Text 'saraadmin' is set on object 'Object Repository/3-OBJECTS UTILIDADES/Login/input_USUARIO_loginusuario'

2023-04-10 08:56:18 - [MESSAGE][PASSED] - Text 'saraadmin' is set on object 'Object Repository/3-OBJECTS UTILIDADES/Login/input_USUARIO_loginusuario'

2023-04-10 08:56:18 - [TEST_STEP][PASSED] - setEncryptedText(findTestObject("3-OBJECTS UTILIDADES/Login/input_CLAVE_loginpassword"), "SlAwMcyRKqrwbnzhAs8HhT6NnI7sEyng"): Text ****** has been set on object 'Object Repository/3-OBJECTS UTILIDADES/Login/input_CLAVE_loginpassword'

2023-04-10 08:56:19 - [MESSAGE][PASSED] - Text ****** has been set on object 'Object Repository/3-OBJECTS UTILIDADES/Login/input_CLAVE_loginpassword'

2023-04-10 08:56:19 - [TEST_STEP][PASSED] - while (waitForElementClickable(findTestObject("3-OBJECTS UTILIDADES/Login/a_Ingresar"), 1)): Web element with id: 'Object Repository/3-OBJECTS UTILIDADES/Login/a_Ingresar' located by '//a[contains(text(),'Ingresar')]' not found

2023-04-10 08:56:22 - [MESSAGE][INFO] - Unable to find the element located by 'By.xpath: //a[contains(text(),'Ingresar')]'. Please recheck the objects properties to make sure the desired element is located. 

2023-04-10 08:56:22 - [MESSAGE][WARNING] - Web element with id: 'Object Repository/3-OBJECTS UTILIDADES/Login/a_Ingresar' located by '//a[contains(text(),'Ingresar')]' not found

2023-04-10 08:56:22 - [MESSAGE][PASSED] - Call Test Case 'Test Cases/0.1-Login' successfully

2023-04-10 08:56:22 - [TEST_STEP][PASSED] - waitForElementClickable(findTestObject("1-OBJECTS TAREAS PRINCIPALES/Modulo Tarea Actos Administrativos/Tarea Actos Administrativos/input_ADMINISTRADOR DEL SISTEMA"), G_TimeOut): Object 'Object Repository/1-OBJECTS TAREAS PRINCIPALES/Modulo Tarea Actos Administrativos/Tarea Actos Administrativos/input_ADMINISTRADOR DEL SISTEMA' is clickable

2023-04-10 08:56:22 - [MESSAGE][PASSED] - Object 'Object Repository/1-OBJECTS TAREAS PRINCIPALES/Modulo Tarea Actos Administrativos/Tarea Actos Administrativos/input_ADMINISTRADOR DEL SISTEMA' is clickable

2023-04-10 08:56:22 - [TEST_STEP][PASSED] - setText(findTestObject("1-OBJECTS TAREAS PRINCIPALES/Modulo Tarea Actos Administrativos/Tarea Actos Administrativos/input_ADMINISTRADOR DEL SISTEMA"), "Actos Administrativos"): Text 'Actos Administrativos' is set on object 'Object Repository/1-OBJECTS TAREAS PRINCIPALES/Modulo Tarea Actos Administrativos/Tarea Actos Administrativos/input_ADMINISTRADOR DEL SISTEMA'

2023-04-10 08:56:23 - [MESSAGE][PASSED] - Text 'Actos Administrativos' is set on object 'Object Repository/1-OBJECTS TAREAS PRINCIPALES/Modulo Tarea Actos Administrativos/Tarea Actos Administrativos/input_ADMINISTRADOR DEL SISTEMA'

2023-04-10 08:56:23 - [TEST_STEP][PASSED] - waitForElementVisible(findTestObject("1-OBJECTS TAREAS PRINCIPALES/Modulo Tarea Actos Administrativos/Tarea Actos Administrativos/span_Tarea actos administrativos"), 0): Object 'Object Repository/1-OBJECTS TAREAS PRINCIPALES/Modulo Tarea Actos Administrativos/Tarea Actos Administrativos/span_Tarea actos administrativos' is visible

2023-04-10 08:56:23 - [MESSAGE][WARNING] - Timeout '0' is invalid. Using default page load timeout: '37'

2023-04-10 08:56:24 - [MESSAGE][PASSED] - Object 'Object Repository/1-OBJECTS TAREAS PRINCIPALES/Modulo Tarea Actos Administrativos/Tarea Actos Administrativos/span_Tarea actos administrativos' is visible

2023-04-10 08:56:24 - [TEST_STEP][PASSED] - click(findTestObject("1-OBJECTS TAREAS PRINCIPALES/Modulo Tarea Actos Administrativos/Tarea Actos Administrativos/span_Tarea actos administrativos")): Object: 'Object Repository/1-OBJECTS TAREAS PRINCIPALES/Modulo Tarea Actos Administrativos/Tarea Actos Administrativos/span_Tarea actos administrativos' is clicked on

2023-04-10 08:56:25 - [MESSAGE][PASSED] - Object: 'Object Repository/1-OBJECTS TAREAS PRINCIPALES/Modulo Tarea Actos Administrativos/Tarea Actos Administrativos/span_Tarea actos administrativos' is clicked on

2023-04-10 08:56:25 - [MESSAGE][PASSED] - Call Test Case 'Test Cases/Utilidades-(atajos_para _tareas)/Tareas Actos Administrativos/Tarea Actos Administrativos' successfully

2023-04-10 08:56:25 - [TEST_STEP][PASSED] - waitForElementClickable(findTestObject("1-OBJECTS TAREAS PRINCIPALES/Modulo Tarea Actos Administrativos/Acto Retiro Empleado/i_Acto Movimento de planta_gly"), G_TimeOut): Object 'Object Repository/1-OBJECTS TAREAS PRINCIPALES/Modulo Tarea Actos Administrativos/Acto Retiro Empleado/i_Acto Movimento de planta_gly' is clickable

2023-04-10 08:56:25 - [MESSAGE][PASSED] - Object 'Object Repository/1-OBJECTS TAREAS PRINCIPALES/Modulo Tarea Actos Administrativos/Acto Retiro Empleado/i_Acto Movimento de planta_gly' is clickable

2023-04-10 08:56:25 - [TEST_STEP][PASSED] - click(findTestObject("1-OBJECTS TAREAS PRINCIPALES/Modulo Tarea Actos Administrativos/Acto Retiro Empleado/i_Acto Movimento de planta_gly")): Object: 'Object Repository/1-OBJECTS TAREAS PRINCIPALES/Modulo Tarea Actos Administrativos/Acto Retiro Empleado/i_Acto Movimento de planta_gly' is clicked on

2023-04-10 08:56:26 - [MESSAGE][PASSED] - Object: 'Object Repository/1-OBJECTS TAREAS PRINCIPALES/Modulo Tarea Actos Administrativos/Acto Retiro Empleado/i_Acto Movimento de planta_gly' is clicked on

2023-04-10 08:56:26 - [TEST_STEP][PASSED] - waitForElementClickable(findTestObject("1-OBJECTS TAREAS PRINCIPALES/Modulo Tarea Actos Administrativos/Acto Retiro Empleado/a_Actos de Retiro del empleado"), G_TimeOut): Object 'Object Repository/1-OBJECTS TAREAS PRINCIPALES/Modulo Tarea Actos Administrativos/Acto Retiro Empleado/a_Actos de Retiro del empleado' is clickable

2023-04-10 08:56:26 - [MESSAGE][PASSED] - Object 'Object Repository/1-OBJECTS TAREAS PRINCIPALES/Modulo Tarea Actos Administrativos/Acto Retiro Empleado/a_Actos de Retiro del empleado' is clickable

2023-04-10 08:56:26 - [TEST_STEP][PASSED] - click(findTestObject("1-OBJECTS TAREAS PRINCIPALES/Modulo Tarea Actos Administrativos/Acto Retiro Empleado/a_Actos de Retiro del empleado")): Object: 'Object Repository/1-OBJECTS TAREAS PRINCIPALES/Modulo Tarea Actos Administrativos/Acto Retiro Empleado/a_Actos de Retiro del empleado' is clicked on

2023-04-10 08:56:27 - [MESSAGE][PASSED] - Object: 'Object Repository/1-OBJECTS TAREAS PRINCIPALES/Modulo Tarea Actos Administrativos/Acto Retiro Empleado/a_Actos de Retiro del empleado' is clicked on

2023-04-10 08:56:27 - [TEST_STEP][PASSED] - Elaborar(): null

2023-04-10 08:56:27 - [TEST_STEP][PASSED] - if (waitForElementClickable(findTestObject("1-OBJECTS TAREAS PRINCIPALES/Modulo Tarea Actos Administrativos/Acto Retiro Empleado/span_terminacion de contrato"), 1)): null

2023-04-10 08:56:28 - [MESSAGE][PASSED] - Object 'Object Repository/1-OBJECTS TAREAS PRINCIPALES/Modulo Tarea Actos Administrativos/Acto Retiro Empleado/span_terminacion de contrato' is clickable

2023-04-10 08:56:28 - [TEST_STEP][PASSED] - click(findTestObject("1-OBJECTS TAREAS PRINCIPALES/Modulo Tarea Actos Administrativos/Acto Retiro Empleado/span_terminacion de contrato")): Object: 'Object Repository/1-OBJECTS TAREAS PRINCIPALES/Modulo Tarea Actos Administrativos/Acto Retiro Empleado/span_terminacion de contrato' is clicked on

2023-04-10 08:56:28 - [MESSAGE][PASSED] - Object: 'Object Repository/1-OBJECTS TAREAS PRINCIPALES/Modulo Tarea Actos Administrativos/Acto Retiro Empleado/span_terminacion de contrato' is clicked on

2023-04-10 08:56:28 - [TEST_STEP][PASSED] - waitForElementClickable(findTestObject("1-OBJECTS TAREAS PRINCIPALES/Modulo Tarea Actos Administrativos/Acto Retiro Empleado/a_Elaboracin_form_popupSeleccionDerogarj_idt134"), G_TimeOut): Object 'Object Repository/1-OBJECTS TAREAS PRINCIPALES/Modulo Tarea Actos Administrativos/Acto Retiro Empleado/a_Elaboracin_form_popupSeleccionDerogarj_idt134' is clickable

2023-04-10 08:56:29 - [MESSAGE][PASSED] - Object 'Object Repository/1-OBJECTS TAREAS PRINCIPALES/Modulo Tarea Actos Administrativos/Acto Retiro Empleado/a_Elaboracin_form_popupSeleccionDerogarj_idt134' is clickable

2023-04-10 08:56:29 - [TEST_STEP][PASSED] - click(findTestObject("1-OBJECTS TAREAS PRINCIPALES/Modulo Tarea Actos Administrativos/Acto Retiro Empleado/a_Elaboracin_form_popupSeleccionDerogarj_idt134")): Object: 'Object Repository/1-OBJECTS TAREAS PRINCIPALES/Modulo Tarea Actos Administrativos/Acto Retiro Empleado/a_Elaboracin_form_popupSeleccionDerogarj_idt134' is clicked on

2023-04-10 08:56:29 - [MESSAGE][PASSED] - Object: 'Object Repository/1-OBJECTS TAREAS PRINCIPALES/Modulo Tarea Actos Administrativos/Acto Retiro Empleado/a_Elaboracin_form_popupSeleccionDerogarj_idt134' is clicked on

2023-04-10 08:56:29 - [TEST_STEP][PASSED] - waitForElementClickable(findTestObject("1-OBJECTS TAREAS PRINCIPALES/Modulo Tarea Actos Administrativos/Acto Retiro Empleado/a_Identificacin_form_actoAusentismoj_idt1208"), G_TimeOut): Object 'Object Repository/1-OBJECTS TAREAS PRINCIPALES/Modulo Tarea Actos Administrativos/Acto Retiro Empleado/a_Identificacin_form_actoAusentismoj_idt1208' is clickable

2023-04-10 08:56:30 - [MESSAGE][PASSED] - Object 'Object Repository/1-OBJECTS TAREAS PRINCIPALES/Modulo Tarea Actos Administrativos/Acto Retiro Empleado/a_Identificacin_form_actoAusentismoj_idt1208' is clickable

2023-04-10 08:56:30 - [TEST_STEP][PASSED] - click(findTestObject("1-OBJECTS TAREAS PRINCIPALES/Modulo Tarea Actos Administrativos/Acto Retiro Empleado/a_Identificacin_form_actoAusentismoj_idt1208")): Object: 'Object Repository/1-OBJECTS TAREAS PRINCIPALES/Modulo Tarea Actos Administrativos/Acto Retiro Empleado/a_Identificacin_form_actoAusentismoj_idt1208' is clicked on

2023-04-10 08:56:30 - [MESSAGE][PASSED] - Object: 'Object Repository/1-OBJECTS TAREAS PRINCIPALES/Modulo Tarea Actos Administrativos/Acto Retiro Empleado/a_Identificacin_form_actoAusentismoj_idt1208' is clicked on

2023-04-10 08:56:30 - [TEST_STEP][PASSED] - setText(findTestObject("1-OBJECTS TAREAS PRINCIPALES/Modulo Tarea Actos Administrativos/Acto Retiro Empleado/input_Filtro Empleado_form_actoAusentismoj_idt1434"), "354968431354"): Text '354968431354' is set on object 'Object Repository/1-OBJECTS TAREAS PRINCIPALES/Modulo Tarea Actos Administrativos/Acto Retiro Empleado/input_Filtro Empleado_form_actoAusentismoj_idt1434'

2023-04-10 08:56:31 - [MESSAGE][PASSED] - Text '354968431354' is set on object 'Object Repository/1-OBJECTS TAREAS PRINCIPALES/Modulo Tarea Actos Administrativos/Acto Retiro Empleado/input_Filtro Empleado_form_actoAusentismoj_idt1434'

2023-04-10 08:56:31 - [TEST_STEP][PASSED] - sendKeys(findTestObject("1-OBJECTS TAREAS PRINCIPALES/Modulo Tarea Actos Administrativos/Acto Retiro Empleado/input_Filtro Empleado_form_actoAusentismoj_idt1434"), Keys.chord(ENTER)): Keys 'ENTER + ' sent to object: 'Object Repository/1-OBJECTS TAREAS PRINCIPALES/Modulo Tarea Actos Administrativos/Acto Retiro Empleado/input_Filtro Empleado_form_actoAusentismoj_idt1434'

2023-04-10 08:56:32 - [MESSAGE][PASSED] - Keys 'ENTER + ' sent to object: 'Object Repository/1-OBJECTS TAREAS PRINCIPALES/Modulo Tarea Actos Administrativos/Acto Retiro Empleado/input_Filtro Empleado_form_actoAusentismoj_idt1434'

2023-04-10 08:56:32 - [TEST_STEP][PASSED] - waitForElementClickable(findTestObject("1-OBJECTS TAREAS PRINCIPALES/Modulo Tarea Actos Administrativos/Acto Retiro Empleado/span_SALGADO PAULA"), G_TimeOut): Object 'Object Repository/1-OBJECTS TAREAS PRINCIPALES/Modulo Tarea Actos Administrativos/Acto Retiro Empleado/span_SALGADO PAULA' is clickable

2023-04-10 08:56:32 - [MESSAGE][PASSED] - Object 'Object Repository/1-OBJECTS TAREAS PRINCIPALES/Modulo Tarea Actos Administrativos/Acto Retiro Empleado/span_SALGADO PAULA' is clickable

2023-04-10 08:56:32 - [TEST_STEP][PASSED] - doubleClick(findTestObject("1-OBJECTS TAREAS PRINCIPALES/Modulo Tarea Actos Administrativos/Acto Retiro Empleado/span_SALGADO PAULA")): Object: 'Object Repository/1-OBJECTS TAREAS PRINCIPALES/Modulo Tarea Actos Administrativos/Acto Retiro Empleado/span_SALGADO PAULA' is double clicked on

2023-04-10 08:56:33 - [MESSAGE][PASSED] - Object: 'Object Repository/1-OBJECTS TAREAS PRINCIPALES/Modulo Tarea Actos Administrativos/Acto Retiro Empleado/span_SALGADO PAULA' is double clicked on

2023-04-10 08:56:33 - [TEST_STEP][PASSED] - waitForElementClickable(findTestObject("1-OBJECTS TAREAS PRINCIPALES/Modulo Tarea Actos Administrativos/Acto Retiro Empleado/a_Continuar"), G_TimeOut): Object 'Object Repository/1-OBJECTS TAREAS PRINCIPALES/Modulo Tarea Actos Administrativos/Acto Retiro Empleado/a_Continuar' is clickable

2023-04-10 08:56:33 - [MESSAGE][PASSED] - Object 'Object Repository/1-OBJECTS TAREAS PRINCIPALES/Modulo Tarea Actos Administrativos/Acto Retiro Empleado/a_Continuar' is clickable

2023-04-10 08:56:33 - [TEST_STEP][PASSED] - click(findTestObject("1-OBJECTS TAREAS PRINCIPALES/Modulo Tarea Actos Administrativos/Acto Retiro Empleado/a_Continuar")): Object: 'Object Repository/1-OBJECTS TAREAS PRINCIPALES/Modulo Tarea Actos Administrativos/Acto Retiro Empleado/a_Continuar' is clicked on

2023-04-10 08:56:34 - [MESSAGE][PASSED] - Object: 'Object Repository/1-OBJECTS TAREAS PRINCIPALES/Modulo Tarea Actos Administrativos/Acto Retiro Empleado/a_Continuar' is clicked on

2023-04-10 08:56:34 - [TEST_STEP][PASSED] - setText(findTestObject("1-OBJECTS TAREAS PRINCIPALES/Modulo Tarea Actos Administrativos/Acto Retiro Empleado/input__form_actoAusentismoj_id"), "31/12/2018"): Text '31/12/2018' is set on object 'Object Repository/1-OBJECTS TAREAS PRINCIPALES/Modulo Tarea Actos Administrativos/Acto Retiro Empleado/input__form_actoAusentismoj_id'

2023-04-10 08:56:35 - [MESSAGE][PASSED] - Text '31/12/2018' is set on object 'Object Repository/1-OBJECTS TAREAS PRINCIPALES/Modulo Tarea Actos Administrativos/Acto Retiro Empleado/input__form_actoAusentismoj_id'

2023-04-10 08:56:35 - [TEST_STEP][PASSED] - waitForElementClickable(findTestObject("1-OBJECTS TAREAS PRINCIPALES/Modulo Tarea Actos Administrativos/Acto Retiro Empleado/a_Continuar_1"), G_TimeOut): Object 'Object Repository/1-OBJECTS TAREAS PRINCIPALES/Modulo Tarea Actos Administrativos/Acto Retiro Empleado/a_Continuar_1' is clickable

2023-04-10 08:56:36 - [MESSAGE][PASSED] - Object 'Object Repository/1-OBJECTS TAREAS PRINCIPALES/Modulo Tarea Actos Administrativos/Acto Retiro Empleado/a_Continuar_1' is clickable

2023-04-10 08:56:36 - [TEST_STEP][PASSED] - doubleClick(findTestObject("1-OBJECTS TAREAS PRINCIPALES/Modulo Tarea Actos Administrativos/Acto Retiro Empleado/a_Continuar_1")): Object: 'Object Repository/1-OBJECTS TAREAS PRINCIPALES/Modulo Tarea Actos Administrativos/Acto Retiro Empleado/a_Continuar_1' is double clicked on

2023-04-10 08:56:36 - [MESSAGE][PASSED] - Object: 'Object Repository/1-OBJECTS TAREAS PRINCIPALES/Modulo Tarea Actos Administrativos/Acto Retiro Empleado/a_Continuar_1' is double clicked on

2023-04-10 08:56:36 - [TEST_STEP][PASSED] - waitForElementClickable(findTestObject("1-OBJECTS TAREAS PRINCIPALES/Modulo Tarea Actos Administrativos/Acto Retiro Empleado/a_Aplicar"), G_TimeOut): Object 'Object Repository/1-OBJECTS TAREAS PRINCIPALES/Modulo Tarea Actos Administrativos/Acto Retiro Empleado/a_Aplicar' is clickable

2023-04-10 08:56:37 - [MESSAGE][PASSED] - Object 'Object Repository/1-OBJECTS TAREAS PRINCIPALES/Modulo Tarea Actos Administrativos/Acto Retiro Empleado/a_Aplicar' is clickable

2023-04-10 08:56:37 - [TEST_STEP][PASSED] - click(findTestObject("1-OBJECTS TAREAS PRINCIPALES/Modulo Tarea Actos Administrativos/Acto Retiro Empleado/a_Aplicar")): Object: 'Object Repository/1-OBJECTS TAREAS PRINCIPALES/Modulo Tarea Actos Administrativos/Acto Retiro Empleado/a_Aplicar' is clicked on

2023-04-10 08:56:38 - [MESSAGE][PASSED] - Object: 'Object Repository/1-OBJECTS TAREAS PRINCIPALES/Modulo Tarea Actos Administrativos/Acto Retiro Empleado/a_Aplicar' is clicked on

2023-04-10 08:56:38 - [TEST_STEP][PASSED] - click(findTestObject("1-OBJECTS TAREAS PRINCIPALES/Modulo Tarea Actos Administrativos/Acto Retiro Empleado/span_Si")): Object: 'Object Repository/1-OBJECTS TAREAS PRINCIPALES/Modulo Tarea Actos Administrativos/Acto Retiro Empleado/span_Si' is clicked on

2023-04-10 08:56:38 - [MESSAGE][PASSED] - Object: 'Object Repository/1-OBJECTS TAREAS PRINCIPALES/Modulo Tarea Actos Administrativos/Acto Retiro Empleado/span_Si' is clicked on

2023-04-10 08:56:38 - [TEST_STEP][PASSED] - click(findTestObject("1-OBJECTS TAREAS PRINCIPALES/Modulo Tarea Actos Administrativos/Acto Retiro Empleado/a_Aceptar0")): Object: 'Object Repository/1-OBJECTS TAREAS PRINCIPALES/Modulo Tarea Actos Administrativos/Acto Retiro Empleado/a_Aceptar0' is clicked on

2023-04-10 08:56:39 - [MESSAGE][PASSED] - Object: 'Object Repository/1-OBJECTS TAREAS PRINCIPALES/Modulo Tarea Actos Administrativos/Acto Retiro Empleado/a_Aceptar0' is clicked on

2023-04-10 08:56:39 - [TEST_STEP][PASSED] - eliminar(): null

2023-04-10 08:56:39 - [TEST_STEP][PASSED] - text1 = getText(findTestObject("1-OBJECTS TAREAS PRINCIPALES/Modulo Tarea Actos Administrativos/Acto Retiro Empleado/a_iconoEliminar")): Text of object 'Object Repository/1-OBJECTS TAREAS PRINCIPALES/Modulo Tarea Actos Administrativos/Acto Retiro Empleado/a_iconoEliminar' is: 'Elaborar'

2023-04-10 08:56:40 - [MESSAGE][PASSED] - Text of object 'Object Repository/1-OBJECTS TAREAS PRINCIPALES/Modulo Tarea Actos Administrativos/Acto Retiro Empleado/a_iconoEliminar' is: 'Elaborar'

2023-04-10 08:56:40 - [TEST_STEP][PASSED] - text2 = getText(findTestObject("1-OBJECTS TAREAS PRINCIPALES/Modulo Tarea Actos Administrativos/Acto Retiro Empleado/a_iconoEliminar1")): Text of object 'Object Repository/1-OBJECTS TAREAS PRINCIPALES/Modulo Tarea Actos Administrativos/Acto Retiro Empleado/a_iconoEliminar1' is: 'Eliminar'

2023-04-10 08:56:40 - [MESSAGE][PASSED] - Text of object 'Object Repository/1-OBJECTS TAREAS PRINCIPALES/Modulo Tarea Actos Administrativos/Acto Retiro Empleado/a_iconoEliminar1' is: 'Eliminar'

2023-04-10 08:56:40 - [TEST_STEP][PASSED] - text3 = getText(findTestObject("1-OBJECTS TAREAS PRINCIPALES/Modulo Tarea Actos Administrativos/Acto Retiro Empleado/a_iconoEliminar2")): Text of object 'Object Repository/1-OBJECTS TAREAS PRINCIPALES/Modulo Tarea Actos Administrativos/Acto Retiro Empleado/a_iconoEliminar2' is: 'Legalizar'

2023-04-10 08:56:41 - [MESSAGE][PASSED] - Text of object 'Object Repository/1-OBJECTS TAREAS PRINCIPALES/Modulo Tarea Actos Administrativos/Acto Retiro Empleado/a_iconoEliminar2' is: 'Legalizar'

2023-04-10 08:56:41 - [TEST_STEP][PASSED] - text4 = getText(findTestObject("1-OBJECTS TAREAS PRINCIPALES/Modulo Tarea Actos Administrativos/Acto Retiro Empleado/a_iconoEliminar3")): Text of object 'Object Repository/1-OBJECTS TAREAS PRINCIPALES/Modulo Tarea Actos Administrativos/Acto Retiro Empleado/a_iconoEliminar3' is: 'Modificar'

2023-04-10 08:56:41 - [MESSAGE][PASSED] - Text of object 'Object Repository/1-OBJECTS TAREAS PRINCIPALES/Modulo Tarea Actos Administrativos/Acto Retiro Empleado/a_iconoEliminar3' is: 'Modificar'

2023-04-10 08:56:41 - [TEST_STEP][PASSED] - if (text1 == "Eliminar"): null

2023-04-10 08:56:41 - [TEST_STEP][PASSED] - else if (text2 == "Eliminar"): Object: 'Object Repository/1-OBJECTS TAREAS PRINCIPALES/Modulo Tarea Actos Administrativos/Acto Retiro Empleado/a_iconoEliminar1 - Copy' is clicked on

2023-04-10 08:56:41 - [TEST_STEP][PASSED] - click(findTestObject("1-OBJECTS TAREAS PRINCIPALES/Modulo Tarea Actos Administrativos/Acto Retiro Empleado/a_iconoEliminar1 - Copy")): Object: 'Object Repository/1-OBJECTS TAREAS PRINCIPALES/Modulo Tarea Actos Administrativos/Acto Retiro Empleado/a_iconoEliminar1 - Copy' is clicked on

2023-04-10 08:56:42 - [MESSAGE][PASSED] - Object: 'Object Repository/1-OBJECTS TAREAS PRINCIPALES/Modulo Tarea Actos Administrativos/Acto Retiro Empleado/a_iconoEliminar1 - Copy' is clicked on

2023-04-10 08:56:42 - [TEST_STEP][PASSED] - click(findTestObject("1-OBJECTS TAREAS PRINCIPALES/Modulo Tarea Actos Administrativos/Acto Retiro Empleado/td_66666")): Object: 'Object Repository/1-OBJECTS TAREAS PRINCIPALES/Modulo Tarea Actos Administrativos/Acto Retiro Empleado/td_66666' is clicked on

2023-04-10 08:56:42 - [MESSAGE][PASSED] - Object: 'Object Repository/1-OBJECTS TAREAS PRINCIPALES/Modulo Tarea Actos Administrativos/Acto Retiro Empleado/td_66666' is clicked on

2023-04-10 08:56:42 - [TEST_STEP][PASSED] - click(findTestObject("1-OBJECTS TAREAS PRINCIPALES/Modulo Tarea Actos Administrativos/Acto Retiro Empleado/a_Aplicar1")): Object: 'Object Repository/1-OBJECTS TAREAS PRINCIPALES/Modulo Tarea Actos Administrativos/Acto Retiro Empleado/a_Aplicar1' is clicked on

2023-04-10 08:56:43 - [MESSAGE][PASSED] - Object: 'Object Repository/1-OBJECTS TAREAS PRINCIPALES/Modulo Tarea Actos Administrativos/Acto Retiro Empleado/a_Aplicar1' is clicked on

2023-04-10 08:56:43 - [TEST_STEP][PASSED] - click(findTestObject("1-OBJECTS TAREAS PRINCIPALES/Modulo Tarea Actos Administrativos/Acto Retiro Empleado/span_Si1")): Object: 'Object Repository/1-OBJECTS TAREAS PRINCIPALES/Modulo Tarea Actos Administrativos/Acto Retiro Empleado/span_Si1' is clicked on

2023-04-10 08:56:44 - [MESSAGE][PASSED] - Object: 'Object Repository/1-OBJECTS TAREAS PRINCIPALES/Modulo Tarea Actos Administrativos/Acto Retiro Empleado/span_Si1' is clicked on

2023-04-10 08:56:44 - [TEST_STEP][PASSED] - click(findTestObject("1-OBJECTS TAREAS PRINCIPALES/Modulo Tarea Actos Administrativos/Acto Retiro Empleado/a_Aceptar1")): Object: 'Object Repository/1-OBJECTS TAREAS PRINCIPALES/Modulo Tarea Actos Administrativos/Acto Retiro Empleado/a_Aceptar1' is clicked on

2023-04-10 08:56:45 - [MESSAGE][PASSED] - Object: 'Object Repository/1-OBJECTS TAREAS PRINCIPALES/Modulo Tarea Actos Administrativos/Acto Retiro Empleado/a_Aceptar1' is clicked on

2023-04-10 08:56:45 - [TEST_STEP][PASSED] - if (waitForElementVisible(findTestObject("1-OBJECTS TAREAS PRINCIPALES/Modulo Tarea Actos Administrativos/Acto Retiro Empleado/p_No existen datos"), 1)): null

2023-04-10 08:56:45 - [MESSAGE][PASSED] - Object 'Object Repository/1-OBJECTS TAREAS PRINCIPALES/Modulo Tarea Actos Administrativos/Acto Retiro Empleado/p_No existen datos' is visible

2023-04-10 08:56:45 - [TEST_STEP][PASSED] - closeBrowser(): Browser is closed

2023-04-10 08:56:46 - [MESSAGE][PASSED] - Browser is closed]]></system-out>
         <system-err><![CDATA[]]></system-err>
      </testcase>
      <testcase name="Test Cases/1.1-Tareas Principales/1.4.3-Generacion Interfaz" time="29.304" classname="Test Cases/1.1-Tareas Principales/1.4.3-Generacion Interfaz" status="PASSED">
         <system-out><![CDATA[2023-04-10 08:56:46 - [TEST_CASE][PASSED] - Test Cases/1.1-Tareas Principales/1.4.3-Generacion Interfaz: Test Cases/1.1-Tareas Principales/1.4.3-Generacion Interfaz

2023-04-10 08:56:46 - [TEST_STEP][PASSED] - callTestCase(findTestCase("0.1-Login"), [:], STOP_ON_FAILURE): Call Test Case 'Test Cases/0.1-Login' successfully

2023-04-10 08:56:46 - [TEST_CASE][PASSED] - Test Cases/0.1-Login: Test Cases/0.1-Login

2023-04-10 08:56:46 - [TEST_STEP][PASSED] - openBrowser(""): Browser is opened with url: ''

2023-04-10 08:56:46 - [MESSAGE][INFO] - Starting 'Chrome' driver

2023-04-10 08:56:46 - [MESSAGE][INFO] - Action delay is set to 0 milliseconds

2023-04-10 08:56:48 - [MESSAGE][PASSED] - Browser is opened with url: ''

2023-04-10 08:56:48 - [TEST_STEP][PASSED] - maximizeWindow(): Current window maximized

2023-04-10 08:56:48 - [MESSAGE][PASSED] - Current window maximized

2023-04-10 08:56:48 - [TEST_STEP][PASSED] - i = G_Login: null

2023-04-10 08:56:48 - [TEST_STEP][PASSED] - url = new java.net.URL(i): null

2023-04-10 08:56:48 - [TEST_STEP][PASSED] - println("URL: " + url.toString()): null

2023-04-10 08:56:48 - [TEST_STEP][PASSED] - connection = url.openConnection(): null

2023-04-10 08:56:48 - [TEST_STEP][PASSED] - connection.setRequestMethod("GET"): null

2023-04-10 08:56:48 - [TEST_STEP][PASSED] - connection.setReadTimeout(2 * 1000): null

2023-04-10 08:56:48 - [TEST_STEP][PASSED] - try: null

2023-04-10 08:56:48 - [TEST_STEP][PASSED] - connection.connect(): null

2023-04-10 08:56:48 - [TEST_STEP][PASSED] - flag = connected: null

2023-04-10 08:56:48 - [TEST_STEP][PASSED] - println("Valor_ori: " + flag): null

2023-04-10 08:56:48 - [TEST_STEP][PASSED] - if (flag): null

2023-04-10 08:56:48 - [TEST_STEP][PASSED] - navigateToUrl(i): Navigate to 'http://192.168.2.19:8380/saraweb' successfully

2023-04-10 08:56:48 - [MESSAGE][PASSED] - Navigate to 'http://192.168.2.19:8380/saraweb' successfully

2023-04-10 08:56:48 - [TEST_STEP][PASSED] - a(): null

2023-04-10 08:56:48 - [TEST_STEP][PASSED] - if (waitForElementVisible(findTestObject("3-OBJECTS UTILIDADES/Login/input_USUARIO_loginusuario"), 0)): null

2023-04-10 08:56:48 - [MESSAGE][WARNING] - Timeout '0' is invalid. Using default page load timeout: '37'

2023-04-10 08:56:49 - [MESSAGE][PASSED] - Object 'Object Repository/3-OBJECTS UTILIDADES/Login/input_USUARIO_loginusuario' is visible

2023-04-10 08:56:49 - [TEST_STEP][PASSED] - switchToWindowTitle("SARA"): Switched to window with title: 'SARA'

2023-04-10 08:56:49 - [MESSAGE][PASSED] - Switched to window with title: 'SARA'

2023-04-10 08:56:49 - [TEST_STEP][PASSED] - zoom(): null

2023-04-10 08:56:49 - [TEST_STEP][PASSED] - robot = new java.awt.Robot(): null

2023-04-10 08:56:49 - [TEST_STEP][PASSED] - robot.keyPress(VK_CONTROL): null

2023-04-10 08:56:49 - [TEST_STEP][PASSED] - robot.keyPress(VK_SUBTRACT): null

2023-04-10 08:56:49 - [TEST_STEP][PASSED] - robot.keyRelease(VK_CONTROL): null

2023-04-10 08:56:49 - [TEST_STEP][PASSED] - robot.keyRelease(VK_SUBTRACT): null

2023-04-10 08:56:49 - [TEST_STEP][PASSED] - robot.keyPress(VK_CONTROL): null

2023-04-10 08:56:49 - [TEST_STEP][PASSED] - robot.keyPress(VK_SUBTRACT): null

2023-04-10 08:56:49 - [TEST_STEP][PASSED] - robot.keyRelease(VK_CONTROL): null

2023-04-10 08:56:49 - [TEST_STEP][PASSED] - robot.keyRelease(VK_SUBTRACT): null

2023-04-10 08:56:49 - [TEST_STEP][PASSED] - robot.keyPress(VK_CONTROL): null

2023-04-10 08:56:49 - [TEST_STEP][PASSED] - robot.keyPress(VK_SUBTRACT): null

2023-04-10 08:56:49 - [TEST_STEP][PASSED] - robot.keyRelease(VK_CONTROL): null

2023-04-10 08:56:49 - [TEST_STEP][PASSED] - robot.keyRelease(VK_SUBTRACT): null

2023-04-10 08:56:49 - [TEST_STEP][PASSED] - robot.keyRelease(VK_CONTROL): null

2023-04-10 08:56:49 - [TEST_STEP][PASSED] - robot.keyRelease(VK_SUBTRACT): null

2023-04-10 08:56:49 - [TEST_STEP][PASSED] - setText(findTestObject("3-OBJECTS UTILIDADES/Login/input_USUARIO_loginusuario"), G_Usuario): Text 'saraadmin' is set on object 'Object Repository/3-OBJECTS UTILIDADES/Login/input_USUARIO_loginusuario'

2023-04-10 08:56:50 - [MESSAGE][PASSED] - Text 'saraadmin' is set on object 'Object Repository/3-OBJECTS UTILIDADES/Login/input_USUARIO_loginusuario'

2023-04-10 08:56:50 - [TEST_STEP][PASSED] - setEncryptedText(findTestObject("3-OBJECTS UTILIDADES/Login/input_CLAVE_loginpassword"), "SlAwMcyRKqrwbnzhAs8HhT6NnI7sEyng"): Text ****** has been set on object 'Object Repository/3-OBJECTS UTILIDADES/Login/input_CLAVE_loginpassword'

2023-04-10 08:56:51 - [MESSAGE][PASSED] - Text ****** has been set on object 'Object Repository/3-OBJECTS UTILIDADES/Login/input_CLAVE_loginpassword'

2023-04-10 08:56:51 - [TEST_STEP][PASSED] - while (waitForElementClickable(findTestObject("3-OBJECTS UTILIDADES/Login/a_Ingresar"), 1)): Web element with id: 'Object Repository/3-OBJECTS UTILIDADES/Login/a_Ingresar' located by '//a[contains(text(),'Ingresar')]' not found

2023-04-10 08:56:54 - [MESSAGE][INFO] - Unable to find the element located by 'By.xpath: //a[contains(text(),'Ingresar')]'. Please recheck the objects properties to make sure the desired element is located. 

2023-04-10 08:56:54 - [MESSAGE][WARNING] - Web element with id: 'Object Repository/3-OBJECTS UTILIDADES/Login/a_Ingresar' located by '//a[contains(text(),'Ingresar')]' not found

2023-04-10 08:56:54 - [MESSAGE][PASSED] - Call Test Case 'Test Cases/0.1-Login' successfully

2023-04-10 08:56:54 - [TEST_STEP][PASSED] - setText(findTestObject("1-OBJECTS TAREAS PRINCIPALES/Modulo Tarea Compensacion/Generacion interfaz/input_ADMINISTRADOR DEL SISTEMA"), "Generacion interfaz (com)"): Text 'Generacion interfaz (com)' is set on object 'Object Repository/1-OBJECTS TAREAS PRINCIPALES/Modulo Tarea Compensacion/Generacion interfaz/input_ADMINISTRADOR DEL SISTEMA'

2023-04-10 08:56:54 - [MESSAGE][PASSED] - Text 'Generacion interfaz (com)' is set on object 'Object Repository/1-OBJECTS TAREAS PRINCIPALES/Modulo Tarea Compensacion/Generacion interfaz/input_ADMINISTRADOR DEL SISTEMA'

2023-04-10 08:56:54 - [TEST_STEP][PASSED] - waitForElementVisible(findTestObject("1-OBJECTS TAREAS PRINCIPALES/Modulo Tarea Compensacion/Generacion interfaz/span_generacion interfaz(com)"), 0): Object 'Object Repository/1-OBJECTS TAREAS PRINCIPALES/Modulo Tarea Compensacion/Generacion interfaz/span_generacion interfaz(com)' is visible

2023-04-10 08:56:54 - [MESSAGE][WARNING] - Timeout '0' is invalid. Using default page load timeout: '37'

2023-04-10 08:56:56 - [MESSAGE][PASSED] - Object 'Object Repository/1-OBJECTS TAREAS PRINCIPALES/Modulo Tarea Compensacion/Generacion interfaz/span_generacion interfaz(com)' is visible

2023-04-10 08:56:56 - [TEST_STEP][PASSED] - click(findTestObject("1-OBJECTS TAREAS PRINCIPALES/Modulo Tarea Compensacion/Generacion interfaz/span_generacion interfaz(com)")): Object: 'Object Repository/1-OBJECTS TAREAS PRINCIPALES/Modulo Tarea Compensacion/Generacion interfaz/span_generacion interfaz(com)' is clicked on

2023-04-10 08:56:56 - [MESSAGE][PASSED] - Object: 'Object Repository/1-OBJECTS TAREAS PRINCIPALES/Modulo Tarea Compensacion/Generacion interfaz/span_generacion interfaz(com)' is clicked on

2023-04-10 08:56:56 - [TEST_STEP][PASSED] - waitForElementClickable(findTestObject("1-OBJECTS TAREAS PRINCIPALES/Modulo Tarea Compensacion/Generacion interfaz/span_INTERFAZ NOMINA INTERFAZ"), G_TimeOut): Object 'Object Repository/1-OBJECTS TAREAS PRINCIPALES/Modulo Tarea Compensacion/Generacion interfaz/span_INTERFAZ NOMINA INTERFAZ' is clickable

2023-04-10 08:56:57 - [MESSAGE][PASSED] - Object 'Object Repository/1-OBJECTS TAREAS PRINCIPALES/Modulo Tarea Compensacion/Generacion interfaz/span_INTERFAZ NOMINA INTERFAZ' is clickable

2023-04-10 08:56:57 - [TEST_STEP][PASSED] - click(findTestObject("1-OBJECTS TAREAS PRINCIPALES/Modulo Tarea Compensacion/Generacion interfaz/span_INTERFAZ NOMINA INTERFAZ")): Object: 'Object Repository/1-OBJECTS TAREAS PRINCIPALES/Modulo Tarea Compensacion/Generacion interfaz/span_INTERFAZ NOMINA INTERFAZ' is clicked on

2023-04-10 08:56:58 - [MESSAGE][PASSED] - Object: 'Object Repository/1-OBJECTS TAREAS PRINCIPALES/Modulo Tarea Compensacion/Generacion interfaz/span_INTERFAZ NOMINA INTERFAZ' is clicked on

2023-04-10 08:56:58 - [TEST_STEP][PASSED] - waitForElementClickable(findTestObject("1-OBJECTS TAREAS PRINCIPALES/Modulo Tarea Compensacion/Generacion interfaz/div_-_ui-chkbox-box ui-widget"), G_TimeOut): Object 'Object Repository/1-OBJECTS TAREAS PRINCIPALES/Modulo Tarea Compensacion/Generacion interfaz/div_-_ui-chkbox-box ui-widget' is clickable

2023-04-10 08:56:59 - [MESSAGE][PASSED] - Object 'Object Repository/1-OBJECTS TAREAS PRINCIPALES/Modulo Tarea Compensacion/Generacion interfaz/div_-_ui-chkbox-box ui-widget' is clickable

2023-04-10 08:56:59 - [TEST_STEP][PASSED] - click(findTestObject("1-OBJECTS TAREAS PRINCIPALES/Modulo Tarea Compensacion/Generacion interfaz/div_-_ui-chkbox-box ui-widget")): Object: 'Object Repository/1-OBJECTS TAREAS PRINCIPALES/Modulo Tarea Compensacion/Generacion interfaz/div_-_ui-chkbox-box ui-widget' is clicked on

2023-04-10 08:56:59 - [MESSAGE][PASSED] - Object: 'Object Repository/1-OBJECTS TAREAS PRINCIPALES/Modulo Tarea Compensacion/Generacion interfaz/div_-_ui-chkbox-box ui-widget' is clicked on

2023-04-10 08:56:59 - [TEST_STEP][PASSED] - waitForElementClickable(findTestObject("1-OBJECTS TAREAS PRINCIPALES/Modulo Tarea Compensacion/Generacion interfaz/a_Generar"), G_TimeOut): Object 'Object Repository/1-OBJECTS TAREAS PRINCIPALES/Modulo Tarea Compensacion/Generacion interfaz/a_Generar' is clickable

2023-04-10 08:57:00 - [MESSAGE][PASSED] - Object 'Object Repository/1-OBJECTS TAREAS PRINCIPALES/Modulo Tarea Compensacion/Generacion interfaz/a_Generar' is clickable

2023-04-10 08:57:00 - [TEST_STEP][PASSED] - click(findTestObject("1-OBJECTS TAREAS PRINCIPALES/Modulo Tarea Compensacion/Generacion interfaz/a_Generar")): Object: 'Object Repository/1-OBJECTS TAREAS PRINCIPALES/Modulo Tarea Compensacion/Generacion interfaz/a_Generar' is clicked on

2023-04-10 08:57:00 - [MESSAGE][PASSED] - Object: 'Object Repository/1-OBJECTS TAREAS PRINCIPALES/Modulo Tarea Compensacion/Generacion interfaz/a_Generar' is clicked on

2023-04-10 08:57:00 - [TEST_STEP][PASSED] - setText(findTestObject("1-OBJECTS TAREAS PRINCIPALES/Modulo Tarea Compensacion/Generacion interfaz/input_Fecha Inicial _popupGeneracion"), "01/01/2021"): Text '01/01/2021' is set on object 'Object Repository/1-OBJECTS TAREAS PRINCIPALES/Modulo Tarea Compensacion/Generacion interfaz/input_Fecha Inicial _popupGeneracion'

2023-04-10 08:57:01 - [MESSAGE][PASSED] - Text '01/01/2021' is set on object 'Object Repository/1-OBJECTS TAREAS PRINCIPALES/Modulo Tarea Compensacion/Generacion interfaz/input_Fecha Inicial _popupGeneracion'

2023-04-10 08:57:01 - [TEST_STEP][PASSED] - waitForElementClickable(findTestObject("1-OBJECTS TAREAS PRINCIPALES/Modulo Tarea Compensacion/Generacion interfaz/td_Rango Fechas"), G_TimeOut): Object 'Object Repository/1-OBJECTS TAREAS PRINCIPALES/Modulo Tarea Compensacion/Generacion interfaz/td_Rango Fechas' is clickable

2023-04-10 08:57:02 - [MESSAGE][PASSED] - Object 'Object Repository/1-OBJECTS TAREAS PRINCIPALES/Modulo Tarea Compensacion/Generacion interfaz/td_Rango Fechas' is clickable

2023-04-10 08:57:02 - [TEST_STEP][PASSED] - click(findTestObject("1-OBJECTS TAREAS PRINCIPALES/Modulo Tarea Compensacion/Generacion interfaz/td_Rango Fechas")): Object: 'Object Repository/1-OBJECTS TAREAS PRINCIPALES/Modulo Tarea Compensacion/Generacion interfaz/td_Rango Fechas' is clicked on

2023-04-10 08:57:02 - [MESSAGE][PASSED] - Object: 'Object Repository/1-OBJECTS TAREAS PRINCIPALES/Modulo Tarea Compensacion/Generacion interfaz/td_Rango Fechas' is clicked on

2023-04-10 08:57:02 - [TEST_STEP][PASSED] - setText(findTestObject("1-OBJECTS TAREAS PRINCIPALES/Modulo Tarea Compensacion/Generacion interfaz/input_Fecha Final_popupGeneracion"), "30/01/2021"): Text '30/01/2021' is set on object 'Object Repository/1-OBJECTS TAREAS PRINCIPALES/Modulo Tarea Compensacion/Generacion interfaz/input_Fecha Final_popupGeneracion'

2023-04-10 08:57:03 - [MESSAGE][PASSED] - Text '30/01/2021' is set on object 'Object Repository/1-OBJECTS TAREAS PRINCIPALES/Modulo Tarea Compensacion/Generacion interfaz/input_Fecha Final_popupGeneracion'

2023-04-10 08:57:03 - [TEST_STEP][PASSED] - waitForElementClickable(findTestObject("1-OBJECTS TAREAS PRINCIPALES/Modulo Tarea Compensacion/Generacion interfaz/td_Rango Fechas"), G_TimeOut): Object 'Object Repository/1-OBJECTS TAREAS PRINCIPALES/Modulo Tarea Compensacion/Generacion interfaz/td_Rango Fechas' is clickable

2023-04-10 08:57:03 - [MESSAGE][PASSED] - Object 'Object Repository/1-OBJECTS TAREAS PRINCIPALES/Modulo Tarea Compensacion/Generacion interfaz/td_Rango Fechas' is clickable

2023-04-10 08:57:03 - [TEST_STEP][PASSED] - click(findTestObject("1-OBJECTS TAREAS PRINCIPALES/Modulo Tarea Compensacion/Generacion interfaz/td_Rango Fechas")): Object: 'Object Repository/1-OBJECTS TAREAS PRINCIPALES/Modulo Tarea Compensacion/Generacion interfaz/td_Rango Fechas' is clicked on

2023-04-10 08:57:03 - [MESSAGE][PASSED] - Object: 'Object Repository/1-OBJECTS TAREAS PRINCIPALES/Modulo Tarea Compensacion/Generacion interfaz/td_Rango Fechas' is clicked on

2023-04-10 08:57:03 - [TEST_STEP][PASSED] - setText(findTestObject("1-OBJECTS TAREAS PRINCIPALES/Modulo Tarea Compensacion/Generacion interfaz/input_Fecha Proceso_popupGeneracion"), "01/01/2021"): Text '01/01/2021' is set on object 'Object Repository/1-OBJECTS TAREAS PRINCIPALES/Modulo Tarea Compensacion/Generacion interfaz/input_Fecha Proceso_popupGeneracion'

2023-04-10 08:57:04 - [MESSAGE][PASSED] - Text '01/01/2021' is set on object 'Object Repository/1-OBJECTS TAREAS PRINCIPALES/Modulo Tarea Compensacion/Generacion interfaz/input_Fecha Proceso_popupGeneracion'

2023-04-10 08:57:04 - [TEST_STEP][PASSED] - waitForElementClickable(findTestObject("1-OBJECTS TAREAS PRINCIPALES/Modulo Tarea Compensacion/Generacion interfaz/span_Generar (1)"), G_TimeOut): Object 'Object Repository/1-OBJECTS TAREAS PRINCIPALES/Modulo Tarea Compensacion/Generacion interfaz/span_Generar (1)' is clickable

2023-04-10 08:57:05 - [MESSAGE][PASSED] - Object 'Object Repository/1-OBJECTS TAREAS PRINCIPALES/Modulo Tarea Compensacion/Generacion interfaz/span_Generar (1)' is clickable

2023-04-10 08:57:05 - [TEST_STEP][PASSED] - click(findTestObject("1-OBJECTS TAREAS PRINCIPALES/Modulo Tarea Compensacion/Generacion interfaz/span_Generar (1)")): Object: 'Object Repository/1-OBJECTS TAREAS PRINCIPALES/Modulo Tarea Compensacion/Generacion interfaz/span_Generar (1)' is clicked on

2023-04-10 08:57:05 - [MESSAGE][PASSED] - Object: 'Object Repository/1-OBJECTS TAREAS PRINCIPALES/Modulo Tarea Compensacion/Generacion interfaz/span_Generar (1)' is clicked on

2023-04-10 08:57:05 - [TEST_STEP][PASSED] - click(findTestObject("1-OBJECTS TAREAS PRINCIPALES/Modulo Tarea Compensacion/Generacion interfaz/a_Si")): Object: 'Object Repository/1-OBJECTS TAREAS PRINCIPALES/Modulo Tarea Compensacion/Generacion interfaz/a_Si' is clicked on

2023-04-10 08:57:06 - [MESSAGE][PASSED] - Object: 'Object Repository/1-OBJECTS TAREAS PRINCIPALES/Modulo Tarea Compensacion/Generacion interfaz/a_Si' is clicked on

2023-04-10 08:57:06 - [TEST_STEP][PASSED] - waitForElementVisible(findTestObject("1-OBJECTS TAREAS PRINCIPALES/Modulo Tarea Compensacion/Generacion interfaz/a_Continuar"), 0): Object 'Object Repository/1-OBJECTS TAREAS PRINCIPALES/Modulo Tarea Compensacion/Generacion interfaz/a_Continuar' is visible

2023-04-10 08:57:06 - [MESSAGE][WARNING] - Timeout '0' is invalid. Using default page load timeout: '37'

2023-04-10 08:57:15 - [MESSAGE][PASSED] - Object 'Object Repository/1-OBJECTS TAREAS PRINCIPALES/Modulo Tarea Compensacion/Generacion interfaz/a_Continuar' is visible

2023-04-10 08:57:15 - [TEST_STEP][PASSED] - if (findTestObject("1-OBJECTS TAREAS PRINCIPALES/Modulo Tarea Compensacion/Generacion interfaz/a_Continuar") == true && click(findTestObject("1-OBJECTS TAREAS PRINCIPALES/Modulo Tarea Compensacion/Generacion interfaz/span_Interfaz")) == false): null

2023-04-10 08:57:15 - [TEST_STEP][PASSED] - else: Browser is closed

2023-04-10 08:57:15 - [TEST_STEP][PASSED] - closeBrowser(): Browser is closed

2023-04-10 08:57:15 - [MESSAGE][PASSED] - Browser is closed

2023-04-10 08:57:15 - [TEST_STEP][PASSED] - closeBrowser(): Browser is closed

2023-04-10 08:57:15 - [MESSAGE][PASSED] - Browser is closed]]></system-out>
         <system-err><![CDATA[]]></system-err>
      </testcase>
      <testcase name="Test Cases/1.1-Tareas Principales/1.4.4-Crear Puesto de Trabajo" time="74.966" classname="Test Cases/1.1-Tareas Principales/1.4.4-Crear Puesto de Trabajo" status="PASSED">
         <system-out><![CDATA[2023-04-10 08:57:15 - [TEST_CASE][PASSED] - Test Cases/1.1-Tareas Principales/1.4.4-Crear Puesto de Trabajo: Test Cases/1.1-Tareas Principales/1.4.4-Crear Puesto de Trabajo

2023-04-10 08:57:16 - [TEST_STEP][PASSED] - callTestCase(findTestCase("Utilidades-(atajos_para _tareas)/Tareas Administracion Compensacion/Tarea Planta Personal"), [:], STOP_ON_FAILURE): Call Test Case 'Test Cases/Utilidades-(atajos_para _tareas)/Tareas Administracion Compensacion/Tarea Planta Personal' successfully

2023-04-10 08:57:16 - [TEST_CASE][PASSED] - Test Cases/Utilidades-(atajos_para _tareas)/Tareas Administracion Compensacion/Tarea Planta Personal: Test Cases/Utilidades-(atajos_para _tareas)/Tareas Administracion Compensacion/Tarea Planta Personal

2023-04-10 08:57:16 - [TEST_STEP][PASSED] - callTestCase(findTestCase("0.1-Login"), [:], STOP_ON_FAILURE): Call Test Case 'Test Cases/0.1-Login' successfully

2023-04-10 08:57:16 - [TEST_CASE][PASSED] - Test Cases/0.1-Login: Test Cases/0.1-Login

2023-04-10 08:57:16 - [TEST_STEP][PASSED] - openBrowser(""): Browser is opened with url: ''

2023-04-10 08:57:16 - [MESSAGE][INFO] - Starting 'Chrome' driver

2023-04-10 08:57:16 - [MESSAGE][INFO] - Action delay is set to 0 milliseconds

2023-04-10 08:57:17 - [MESSAGE][PASSED] - Browser is opened with url: ''

2023-04-10 08:57:17 - [TEST_STEP][PASSED] - maximizeWindow(): Current window maximized

2023-04-10 08:57:18 - [MESSAGE][PASSED] - Current window maximized

2023-04-10 08:57:18 - [TEST_STEP][PASSED] - i = G_Login: null

2023-04-10 08:57:18 - [TEST_STEP][PASSED] - url = new java.net.URL(i): null

2023-04-10 08:57:18 - [TEST_STEP][PASSED] - println("URL: " + url.toString()): null

2023-04-10 08:57:18 - [TEST_STEP][PASSED] - connection = url.openConnection(): null

2023-04-10 08:57:18 - [TEST_STEP][PASSED] - connection.setRequestMethod("GET"): null

2023-04-10 08:57:18 - [TEST_STEP][PASSED] - connection.setReadTimeout(2 * 1000): null

2023-04-10 08:57:18 - [TEST_STEP][PASSED] - try: null

2023-04-10 08:57:18 - [TEST_STEP][PASSED] - connection.connect(): null

2023-04-10 08:57:18 - [TEST_STEP][PASSED] - flag = connected: null

2023-04-10 08:57:18 - [TEST_STEP][PASSED] - println("Valor_ori: " + flag): null

2023-04-10 08:57:18 - [TEST_STEP][PASSED] - if (flag): null

2023-04-10 08:57:18 - [TEST_STEP][PASSED] - navigateToUrl(i): Navigate to 'http://192.168.2.19:8380/saraweb' successfully

2023-04-10 08:57:18 - [MESSAGE][PASSED] - Navigate to 'http://192.168.2.19:8380/saraweb' successfully

2023-04-10 08:57:18 - [TEST_STEP][PASSED] - a(): null

2023-04-10 08:57:18 - [TEST_STEP][PASSED] - if (waitForElementVisible(findTestObject("3-OBJECTS UTILIDADES/Login/input_USUARIO_loginusuario"), 0)): null

2023-04-10 08:57:18 - [MESSAGE][WARNING] - Timeout '0' is invalid. Using default page load timeout: '37'

2023-04-10 08:57:18 - [MESSAGE][PASSED] - Object 'Object Repository/3-OBJECTS UTILIDADES/Login/input_USUARIO_loginusuario' is visible

2023-04-10 08:57:18 - [TEST_STEP][PASSED] - switchToWindowTitle("SARA"): Switched to window with title: 'SARA'

2023-04-10 08:57:18 - [MESSAGE][PASSED] - Switched to window with title: 'SARA'

2023-04-10 08:57:18 - [TEST_STEP][PASSED] - zoom(): null

2023-04-10 08:57:18 - [TEST_STEP][PASSED] - robot = new java.awt.Robot(): null

2023-04-10 08:57:18 - [TEST_STEP][PASSED] - robot.keyPress(VK_CONTROL): null

2023-04-10 08:57:18 - [TEST_STEP][PASSED] - robot.keyPress(VK_SUBTRACT): null

2023-04-10 08:57:18 - [TEST_STEP][PASSED] - robot.keyRelease(VK_CONTROL): null

2023-04-10 08:57:18 - [TEST_STEP][PASSED] - robot.keyRelease(VK_SUBTRACT): null

2023-04-10 08:57:18 - [TEST_STEP][PASSED] - robot.keyPress(VK_CONTROL): null

2023-04-10 08:57:18 - [TEST_STEP][PASSED] - robot.keyPress(VK_SUBTRACT): null

2023-04-10 08:57:18 - [TEST_STEP][PASSED] - robot.keyRelease(VK_CONTROL): null

2023-04-10 08:57:18 - [TEST_STEP][PASSED] - robot.keyRelease(VK_SUBTRACT): null

2023-04-10 08:57:18 - [TEST_STEP][PASSED] - robot.keyPress(VK_CONTROL): null

2023-04-10 08:57:18 - [TEST_STEP][PASSED] - robot.keyPress(VK_SUBTRACT): null

2023-04-10 08:57:18 - [TEST_STEP][PASSED] - robot.keyRelease(VK_CONTROL): null

2023-04-10 08:57:18 - [TEST_STEP][PASSED] - robot.keyRelease(VK_SUBTRACT): null

2023-04-10 08:57:18 - [TEST_STEP][PASSED] - robot.keyRelease(VK_CONTROL): null

2023-04-10 08:57:18 - [TEST_STEP][PASSED] - robot.keyRelease(VK_SUBTRACT): null

2023-04-10 08:57:18 - [TEST_STEP][PASSED] - setText(findTestObject("3-OBJECTS UTILIDADES/Login/input_USUARIO_loginusuario"), G_Usuario): Text 'saraadmin' is set on object 'Object Repository/3-OBJECTS UTILIDADES/Login/input_USUARIO_loginusuario'

2023-04-10 08:57:19 - [MESSAGE][PASSED] - Text 'saraadmin' is set on object 'Object Repository/3-OBJECTS UTILIDADES/Login/input_USUARIO_loginusuario'

2023-04-10 08:57:19 - [TEST_STEP][PASSED] - setEncryptedText(findTestObject("3-OBJECTS UTILIDADES/Login/input_CLAVE_loginpassword"), "SlAwMcyRKqrwbnzhAs8HhT6NnI7sEyng"): Text ****** has been set on object 'Object Repository/3-OBJECTS UTILIDADES/Login/input_CLAVE_loginpassword'

2023-04-10 08:57:20 - [MESSAGE][PASSED] - Text ****** has been set on object 'Object Repository/3-OBJECTS UTILIDADES/Login/input_CLAVE_loginpassword'

2023-04-10 08:57:20 - [TEST_STEP][PASSED] - while (waitForElementClickable(findTestObject("3-OBJECTS UTILIDADES/Login/a_Ingresar"), 1)): Web element with id: 'Object Repository/3-OBJECTS UTILIDADES/Login/a_Ingresar' located by '//a[contains(text(),'Ingresar')]' not found

2023-04-10 08:57:23 - [MESSAGE][INFO] - Unable to find the element located by 'By.xpath: //a[contains(text(),'Ingresar')]'. Please recheck the objects properties to make sure the desired element is located. 

2023-04-10 08:57:23 - [MESSAGE][WARNING] - Web element with id: 'Object Repository/3-OBJECTS UTILIDADES/Login/a_Ingresar' located by '//a[contains(text(),'Ingresar')]' not found

2023-04-10 08:57:23 - [MESSAGE][PASSED] - Call Test Case 'Test Cases/0.1-Login' successfully

2023-04-10 08:57:23 - [TEST_STEP][PASSED] - waitForElementVisible(findTestObject("1-OBJECTS TAREAS PRINCIPALES/Modulo Tarea Compensacion/Tarea Planta Personal/input_Ir_nav_t66_input"), 0): Object 'Object Repository/1-OBJECTS TAREAS PRINCIPALES/Modulo Tarea Compensacion/Tarea Planta Personal/input_Ir_nav_t66_input' is visible

2023-04-10 08:57:23 - [MESSAGE][WARNING] - Timeout '0' is invalid. Using default page load timeout: '37'

2023-04-10 08:57:23 - [MESSAGE][PASSED] - Object 'Object Repository/1-OBJECTS TAREAS PRINCIPALES/Modulo Tarea Compensacion/Tarea Planta Personal/input_Ir_nav_t66_input' is visible

2023-04-10 08:57:23 - [TEST_STEP][PASSED] - setText(findTestObject("1-OBJECTS TAREAS PRINCIPALES/Modulo Tarea Compensacion/Tarea Planta Personal/input_Ir_nav_t66_input"), "Planta Personal (tal)"): Text 'Planta Personal (tal)' is set on object 'Object Repository/1-OBJECTS TAREAS PRINCIPALES/Modulo Tarea Compensacion/Tarea Planta Personal/input_Ir_nav_t66_input'

2023-04-10 08:57:24 - [MESSAGE][PASSED] - Text 'Planta Personal (tal)' is set on object 'Object Repository/1-OBJECTS TAREAS PRINCIPALES/Modulo Tarea Compensacion/Tarea Planta Personal/input_Ir_nav_t66_input'

2023-04-10 08:57:24 - [TEST_STEP][PASSED] - waitForElementVisible(findTestObject("1-OBJECTS TAREAS PRINCIPALES/Modulo Tarea Compensacion/Tarea Planta Personal/span_Planta Personal (tal)"), 0): Object 'Object Repository/1-OBJECTS TAREAS PRINCIPALES/Modulo Tarea Compensacion/Tarea Planta Personal/span_Planta Personal (tal)' is visible

2023-04-10 08:57:24 - [MESSAGE][WARNING] - Timeout '0' is invalid. Using default page load timeout: '37'

2023-04-10 08:57:25 - [MESSAGE][PASSED] - Object 'Object Repository/1-OBJECTS TAREAS PRINCIPALES/Modulo Tarea Compensacion/Tarea Planta Personal/span_Planta Personal (tal)' is visible

2023-04-10 08:57:25 - [TEST_STEP][PASSED] - click(findTestObject("1-OBJECTS TAREAS PRINCIPALES/Modulo Tarea Compensacion/Tarea Planta Personal/span_Planta Personal (tal)")): Object: 'Object Repository/1-OBJECTS TAREAS PRINCIPALES/Modulo Tarea Compensacion/Tarea Planta Personal/span_Planta Personal (tal)' is clicked on

2023-04-10 08:57:26 - [MESSAGE][PASSED] - Object: 'Object Repository/1-OBJECTS TAREAS PRINCIPALES/Modulo Tarea Compensacion/Tarea Planta Personal/span_Planta Personal (tal)' is clicked on

2023-04-10 08:57:26 - [MESSAGE][PASSED] - Call Test Case 'Test Cases/Utilidades-(atajos_para _tareas)/Tareas Administracion Compensacion/Tarea Planta Personal' successfully

2023-04-10 08:57:26 - [TEST_STEP][PASSED] - waitForElementClickable(findTestObject("1-OBJECTS TAREAS PRINCIPALES/Modulo Tarea Compensacion/Creacion Puesto de Trabajo/a_Administracion"), G_TimeOut): Object 'Object Repository/1-OBJECTS TAREAS PRINCIPALES/Modulo Tarea Compensacion/Creacion Puesto de Trabajo/a_Administracion' is clickable

2023-04-10 08:57:27 - [MESSAGE][PASSED] - Object 'Object Repository/1-OBJECTS TAREAS PRINCIPALES/Modulo Tarea Compensacion/Creacion Puesto de Trabajo/a_Administracion' is clickable

2023-04-10 08:57:27 - [TEST_STEP][PASSED] - click(findTestObject("1-OBJECTS TAREAS PRINCIPALES/Modulo Tarea Compensacion/Creacion Puesto de Trabajo/a_Administracion")): Object: 'Object Repository/1-OBJECTS TAREAS PRINCIPALES/Modulo Tarea Compensacion/Creacion Puesto de Trabajo/a_Administracion' is clicked on

2023-04-10 08:57:27 - [MESSAGE][PASSED] - Object: 'Object Repository/1-OBJECTS TAREAS PRINCIPALES/Modulo Tarea Compensacion/Creacion Puesto de Trabajo/a_Administracion' is clicked on

2023-04-10 08:57:27 - [TEST_STEP][PASSED] - waitForElementClickable(findTestObject("1-OBJECTS TAREAS PRINCIPALES/Modulo Tarea Compensacion/Creacion Puesto de Trabajo/a_POSICION_organigramanuevoPue"), G_TimeOut): Object 'Object Repository/1-OBJECTS TAREAS PRINCIPALES/Modulo Tarea Compensacion/Creacion Puesto de Trabajo/a_POSICION_organigramanuevoPue' is clickable

2023-04-10 08:57:28 - [MESSAGE][PASSED] - Object 'Object Repository/1-OBJECTS TAREAS PRINCIPALES/Modulo Tarea Compensacion/Creacion Puesto de Trabajo/a_POSICION_organigramanuevoPue' is clickable

2023-04-10 08:57:28 - [TEST_STEP][PASSED] - click(findTestObject("1-OBJECTS TAREAS PRINCIPALES/Modulo Tarea Compensacion/Creacion Puesto de Trabajo/a_POSICION_organigramanuevoPue")): Object: 'Object Repository/1-OBJECTS TAREAS PRINCIPALES/Modulo Tarea Compensacion/Creacion Puesto de Trabajo/a_POSICION_organigramanuevoPue' is clicked on

2023-04-10 08:57:29 - [MESSAGE][PASSED] - Object: 'Object Repository/1-OBJECTS TAREAS PRINCIPALES/Modulo Tarea Compensacion/Creacion Puesto de Trabajo/a_POSICION_organigramanuevoPue' is clicked on

2023-04-10 08:57:29 - [TEST_STEP][PASSED] - waitForElementClickable(findTestObject("1-OBJECTS TAREAS PRINCIPALES/Modulo Tarea Compensacion/Creacion Puesto de Trabajo/a_Cargo _datosPuestoTrabajo_fo"), G_TimeOut): Object 'Object Repository/1-OBJECTS TAREAS PRINCIPALES/Modulo Tarea Compensacion/Creacion Puesto de Trabajo/a_Cargo _datosPuestoTrabajo_fo' is clickable

2023-04-10 08:57:31 - [MESSAGE][PASSED] - Object 'Object Repository/1-OBJECTS TAREAS PRINCIPALES/Modulo Tarea Compensacion/Creacion Puesto de Trabajo/a_Cargo _datosPuestoTrabajo_fo' is clickable

2023-04-10 08:57:31 - [TEST_STEP][PASSED] - click(findTestObject("1-OBJECTS TAREAS PRINCIPALES/Modulo Tarea Compensacion/Creacion Puesto de Trabajo/a_Cargo _datosPuestoTrabajo_fo")): Object: 'Object Repository/1-OBJECTS TAREAS PRINCIPALES/Modulo Tarea Compensacion/Creacion Puesto de Trabajo/a_Cargo _datosPuestoTrabajo_fo' is clicked on

2023-04-10 08:57:31 - [MESSAGE][PASSED] - Object: 'Object Repository/1-OBJECTS TAREAS PRINCIPALES/Modulo Tarea Compensacion/Creacion Puesto de Trabajo/a_Cargo _datosPuestoTrabajo_fo' is clicked on

2023-04-10 08:57:31 - [TEST_STEP][PASSED] - setText(findTestObject("1-OBJECTS TAREAS PRINCIPALES/Modulo Tarea Compensacion/Creacion Puesto de Trabajo/input_Cargo_popupreclasificacion_formj_idt1445"), "20139"): Text '20139' is set on object 'Object Repository/1-OBJECTS TAREAS PRINCIPALES/Modulo Tarea Compensacion/Creacion Puesto de Trabajo/input_Cargo_popupreclasificacion_formj_idt1445'

2023-04-10 08:57:32 - [MESSAGE][PASSED] - Text '20139' is set on object 'Object Repository/1-OBJECTS TAREAS PRINCIPALES/Modulo Tarea Compensacion/Creacion Puesto de Trabajo/input_Cargo_popupreclasificacion_formj_idt1445'

2023-04-10 08:57:32 - [TEST_STEP][PASSED] - sendKeys(findTestObject("1-OBJECTS TAREAS PRINCIPALES/Modulo Tarea Compensacion/Creacion Puesto de Trabajo/input_Cargo_popupreclasificacion_formj_idt1445"), Keys.chord(ENTER)): Keys 'ENTER + ' sent to object: 'Object Repository/1-OBJECTS TAREAS PRINCIPALES/Modulo Tarea Compensacion/Creacion Puesto de Trabajo/input_Cargo_popupreclasificacion_formj_idt1445'

2023-04-10 08:57:33 - [MESSAGE][PASSED] - Keys 'ENTER + ' sent to object: 'Object Repository/1-OBJECTS TAREAS PRINCIPALES/Modulo Tarea Compensacion/Creacion Puesto de Trabajo/input_Cargo_popupreclasificacion_formj_idt1445'

2023-04-10 08:57:33 - [TEST_STEP][PASSED] - click(findTestObject("1-OBJECTS TAREAS PRINCIPALES/Modulo Tarea Compensacion/Creacion Puesto de Trabajo/span_ABOGADO")): Object: 'Object Repository/1-OBJECTS TAREAS PRINCIPALES/Modulo Tarea Compensacion/Creacion Puesto de Trabajo/span_ABOGADO' is clicked on

2023-04-10 08:57:33 - [MESSAGE][PASSED] - Object: 'Object Repository/1-OBJECTS TAREAS PRINCIPALES/Modulo Tarea Compensacion/Creacion Puesto de Trabajo/span_ABOGADO' is clicked on

2023-04-10 08:57:33 - [TEST_STEP][PASSED] - waitForElementClickable(findTestObject("1-OBJECTS TAREAS PRINCIPALES/Modulo Tarea Compensacion/Creacion Puesto de Trabajo/select_-- Seleccione --PLANTA"), G_TimeOut): Object 'Object Repository/1-OBJECTS TAREAS PRINCIPALES/Modulo Tarea Compensacion/Creacion Puesto de Trabajo/select_-- Seleccione --PLANTA' is clickable

2023-04-10 08:57:34 - [MESSAGE][PASSED] - Object 'Object Repository/1-OBJECTS TAREAS PRINCIPALES/Modulo Tarea Compensacion/Creacion Puesto de Trabajo/select_-- Seleccione --PLANTA' is clickable

2023-04-10 08:57:34 - [TEST_STEP][PASSED] - click(findTestObject("1-OBJECTS TAREAS PRINCIPALES/Modulo Tarea Compensacion/Creacion Puesto de Trabajo/select_-- Seleccione --PLANTA")): Object: 'Object Repository/1-OBJECTS TAREAS PRINCIPALES/Modulo Tarea Compensacion/Creacion Puesto de Trabajo/select_-- Seleccione --PLANTA' is clicked on

2023-04-10 08:57:34 - [MESSAGE][PASSED] - Object: 'Object Repository/1-OBJECTS TAREAS PRINCIPALES/Modulo Tarea Compensacion/Creacion Puesto de Trabajo/select_-- Seleccione --PLANTA' is clicked on

2023-04-10 08:57:34 - [TEST_STEP][PASSED] - selectOptionByIndex(findTestObject("1-OBJECTS TAREAS PRINCIPALES/Modulo Tarea Compensacion/Creacion Puesto de Trabajo/select_-- Seleccione --PLANTA"), "1"): All options with index in [1] are selected on object 'Object Repository/1-OBJECTS TAREAS PRINCIPALES/Modulo Tarea Compensacion/Creacion Puesto de Trabajo/select_-- Seleccione --PLANTA'

2023-04-10 08:57:35 - [MESSAGE][PASSED] - All options with index in [1] are selected on object 'Object Repository/1-OBJECTS TAREAS PRINCIPALES/Modulo Tarea Compensacion/Creacion Puesto de Trabajo/select_-- Seleccione --PLANTA'

2023-04-10 08:57:35 - [TEST_STEP][PASSED] - waitForElementClickable(findTestObject("1-OBJECTS TAREAS PRINCIPALES/Modulo Tarea Compensacion/Creacion Puesto de Trabajo/select_-- Seleccione --AMPLEAD"), G_TimeOut): Object 'Object Repository/1-OBJECTS TAREAS PRINCIPALES/Modulo Tarea Compensacion/Creacion Puesto de Trabajo/select_-- Seleccione --AMPLEAD' is clickable

2023-04-10 08:57:36 - [MESSAGE][PASSED] - Object 'Object Repository/1-OBJECTS TAREAS PRINCIPALES/Modulo Tarea Compensacion/Creacion Puesto de Trabajo/select_-- Seleccione --AMPLEAD' is clickable

2023-04-10 08:57:36 - [TEST_STEP][PASSED] - click(findTestObject("1-OBJECTS TAREAS PRINCIPALES/Modulo Tarea Compensacion/Creacion Puesto de Trabajo/select_-- Seleccione --AMPLEAD")): Object: 'Object Repository/1-OBJECTS TAREAS PRINCIPALES/Modulo Tarea Compensacion/Creacion Puesto de Trabajo/select_-- Seleccione --AMPLEAD' is clicked on

2023-04-10 08:57:36 - [MESSAGE][PASSED] - Object: 'Object Repository/1-OBJECTS TAREAS PRINCIPALES/Modulo Tarea Compensacion/Creacion Puesto de Trabajo/select_-- Seleccione --AMPLEAD' is clicked on

2023-04-10 08:57:36 - [TEST_STEP][PASSED] - selectOptionByIndex(findTestObject("1-OBJECTS TAREAS PRINCIPALES/Modulo Tarea Compensacion/Creacion Puesto de Trabajo/select_-- Seleccione --AMPLEAD"), "2"): All options with index in [2] are selected on object 'Object Repository/1-OBJECTS TAREAS PRINCIPALES/Modulo Tarea Compensacion/Creacion Puesto de Trabajo/select_-- Seleccione --AMPLEAD'

2023-04-10 08:57:37 - [MESSAGE][PASSED] - All options with index in [2] are selected on object 'Object Repository/1-OBJECTS TAREAS PRINCIPALES/Modulo Tarea Compensacion/Creacion Puesto de Trabajo/select_-- Seleccione --AMPLEAD'

2023-04-10 08:57:37 - [TEST_STEP][PASSED] - waitForElementClickable(findTestObject("1-OBJECTS TAREAS PRINCIPALES/Modulo Tarea Compensacion/Creacion Puesto de Trabajo/select_-- Seleccione --Bloquea"), G_TimeOut): Object 'Object Repository/1-OBJECTS TAREAS PRINCIPALES/Modulo Tarea Compensacion/Creacion Puesto de Trabajo/select_-- Seleccione --Bloquea' is clickable

2023-04-10 08:57:38 - [MESSAGE][PASSED] - Object 'Object Repository/1-OBJECTS TAREAS PRINCIPALES/Modulo Tarea Compensacion/Creacion Puesto de Trabajo/select_-- Seleccione --Bloquea' is clickable

2023-04-10 08:57:38 - [TEST_STEP][PASSED] - click(findTestObject("1-OBJECTS TAREAS PRINCIPALES/Modulo Tarea Compensacion/Creacion Puesto de Trabajo/select_-- Seleccione --Bloquea")): Object: 'Object Repository/1-OBJECTS TAREAS PRINCIPALES/Modulo Tarea Compensacion/Creacion Puesto de Trabajo/select_-- Seleccione --Bloquea' is clicked on

2023-04-10 08:57:38 - [MESSAGE][PASSED] - Object: 'Object Repository/1-OBJECTS TAREAS PRINCIPALES/Modulo Tarea Compensacion/Creacion Puesto de Trabajo/select_-- Seleccione --Bloquea' is clicked on

2023-04-10 08:57:38 - [TEST_STEP][PASSED] - selectOptionByIndex(findTestObject("1-OBJECTS TAREAS PRINCIPALES/Modulo Tarea Compensacion/Creacion Puesto de Trabajo/select_-- Seleccione --Bloquea"), "3"): All options with index in [3] are selected on object 'Object Repository/1-OBJECTS TAREAS PRINCIPALES/Modulo Tarea Compensacion/Creacion Puesto de Trabajo/select_-- Seleccione --Bloquea'

2023-04-10 08:57:39 - [MESSAGE][PASSED] - All options with index in [3] are selected on object 'Object Repository/1-OBJECTS TAREAS PRINCIPALES/Modulo Tarea Compensacion/Creacion Puesto de Trabajo/select_-- Seleccione --Bloquea'

2023-04-10 08:57:39 - [TEST_STEP][PASSED] - setText(findTestObject("1-OBJECTS TAREAS PRINCIPALES/Modulo Tarea Compensacion/Creacion Puesto de Trabajo/input_Creacin_datosPuestoTraba"), "01/07/2021"): Text '01/07/2021' is set on object 'Object Repository/1-OBJECTS TAREAS PRINCIPALES/Modulo Tarea Compensacion/Creacion Puesto de Trabajo/input_Creacin_datosPuestoTraba'

2023-04-10 08:57:40 - [MESSAGE][PASSED] - Text '01/07/2021' is set on object 'Object Repository/1-OBJECTS TAREAS PRINCIPALES/Modulo Tarea Compensacion/Creacion Puesto de Trabajo/input_Creacin_datosPuestoTraba'

2023-04-10 08:57:40 - [TEST_STEP][PASSED] - setText(findTestObject("1-OBJECTS TAREAS PRINCIPALES/Modulo Tarea Compensacion/Creacion Puesto de Trabajo/input_Fecha Disponible_datosPu"), "31/07/2021"): Text '31/07/2021' is set on object 'Object Repository/1-OBJECTS TAREAS PRINCIPALES/Modulo Tarea Compensacion/Creacion Puesto de Trabajo/input_Fecha Disponible_datosPu'

2023-04-10 08:57:41 - [MESSAGE][PASSED] - Text '31/07/2021' is set on object 'Object Repository/1-OBJECTS TAREAS PRINCIPALES/Modulo Tarea Compensacion/Creacion Puesto de Trabajo/input_Fecha Disponible_datosPu'

2023-04-10 08:57:41 - [TEST_STEP][PASSED] - setText(findTestObject("1-OBJECTS TAREAS PRINCIPALES/Modulo Tarea Compensacion/Creacion Puesto de Trabajo/input_Observacin_datosPuestoTr"), "Prueba"): Text 'Prueba' is set on object 'Object Repository/1-OBJECTS TAREAS PRINCIPALES/Modulo Tarea Compensacion/Creacion Puesto de Trabajo/input_Observacin_datosPuestoTr'

2023-04-10 08:57:42 - [MESSAGE][PASSED] - Text 'Prueba' is set on object 'Object Repository/1-OBJECTS TAREAS PRINCIPALES/Modulo Tarea Compensacion/Creacion Puesto de Trabajo/input_Observacin_datosPuestoTr'

2023-04-10 08:57:42 - [TEST_STEP][PASSED] - waitForElementClickable(findTestObject("1-OBJECTS TAREAS PRINCIPALES/Modulo Tarea Compensacion/Creacion Puesto de Trabajo/select_-- Seleccione --No Rese"), G_TimeOut): Object 'Object Repository/1-OBJECTS TAREAS PRINCIPALES/Modulo Tarea Compensacion/Creacion Puesto de Trabajo/select_-- Seleccione --No Rese' is clickable

2023-04-10 08:57:43 - [MESSAGE][PASSED] - Object 'Object Repository/1-OBJECTS TAREAS PRINCIPALES/Modulo Tarea Compensacion/Creacion Puesto de Trabajo/select_-- Seleccione --No Rese' is clickable

2023-04-10 08:57:43 - [TEST_STEP][PASSED] - click(findTestObject("1-OBJECTS TAREAS PRINCIPALES/Modulo Tarea Compensacion/Creacion Puesto de Trabajo/select_-- Seleccione --No Rese")): Object: 'Object Repository/1-OBJECTS TAREAS PRINCIPALES/Modulo Tarea Compensacion/Creacion Puesto de Trabajo/select_-- Seleccione --No Rese' is clicked on

2023-04-10 08:57:43 - [MESSAGE][PASSED] - Object: 'Object Repository/1-OBJECTS TAREAS PRINCIPALES/Modulo Tarea Compensacion/Creacion Puesto de Trabajo/select_-- Seleccione --No Rese' is clicked on

2023-04-10 08:57:43 - [TEST_STEP][PASSED] - selectOptionByIndex(findTestObject("1-OBJECTS TAREAS PRINCIPALES/Modulo Tarea Compensacion/Creacion Puesto de Trabajo/select_-- Seleccione --No Rese"), "1"): All options with index in [1] are selected on object 'Object Repository/1-OBJECTS TAREAS PRINCIPALES/Modulo Tarea Compensacion/Creacion Puesto de Trabajo/select_-- Seleccione --No Rese'

2023-04-10 08:57:44 - [MESSAGE][PASSED] - All options with index in [1] are selected on object 'Object Repository/1-OBJECTS TAREAS PRINCIPALES/Modulo Tarea Compensacion/Creacion Puesto de Trabajo/select_-- Seleccione --No Rese'

2023-04-10 08:57:44 - [TEST_STEP][PASSED] - waitForElementClickable(findTestObject("1-OBJECTS TAREAS PRINCIPALES/Modulo Tarea Compensacion/Creacion Puesto de Trabajo/select_-- Seleccione --Asignac"), G_TimeOut): Object 'Object Repository/1-OBJECTS TAREAS PRINCIPALES/Modulo Tarea Compensacion/Creacion Puesto de Trabajo/select_-- Seleccione --Asignac' is clickable

2023-04-10 08:57:45 - [MESSAGE][PASSED] - Object 'Object Repository/1-OBJECTS TAREAS PRINCIPALES/Modulo Tarea Compensacion/Creacion Puesto de Trabajo/select_-- Seleccione --Asignac' is clickable

2023-04-10 08:57:45 - [TEST_STEP][PASSED] - click(findTestObject("1-OBJECTS TAREAS PRINCIPALES/Modulo Tarea Compensacion/Creacion Puesto de Trabajo/select_-- Seleccione --Asignac")): Object: 'Object Repository/1-OBJECTS TAREAS PRINCIPALES/Modulo Tarea Compensacion/Creacion Puesto de Trabajo/select_-- Seleccione --Asignac' is clicked on

2023-04-10 08:57:45 - [MESSAGE][PASSED] - Object: 'Object Repository/1-OBJECTS TAREAS PRINCIPALES/Modulo Tarea Compensacion/Creacion Puesto de Trabajo/select_-- Seleccione --Asignac' is clicked on

2023-04-10 08:57:45 - [TEST_STEP][PASSED] - selectOptionByIndex(findTestObject("1-OBJECTS TAREAS PRINCIPALES/Modulo Tarea Compensacion/Creacion Puesto de Trabajo/select_-- Seleccione --Asignac"), "4"): All options with index in [4] are selected on object 'Object Repository/1-OBJECTS TAREAS PRINCIPALES/Modulo Tarea Compensacion/Creacion Puesto de Trabajo/select_-- Seleccione --Asignac'

2023-04-10 08:57:46 - [MESSAGE][PASSED] - All options with index in [4] are selected on object 'Object Repository/1-OBJECTS TAREAS PRINCIPALES/Modulo Tarea Compensacion/Creacion Puesto de Trabajo/select_-- Seleccione --Asignac'

2023-04-10 08:57:46 - [TEST_STEP][PASSED] - waitForElementClickable(findTestObject("1-OBJECTS TAREAS PRINCIPALES/Modulo Tarea Compensacion/Creacion Puesto de Trabajo/label_Es responsable de la Unidad"), G_TimeOut): Object 'Object Repository/1-OBJECTS TAREAS PRINCIPALES/Modulo Tarea Compensacion/Creacion Puesto de Trabajo/label_Es responsable de la Unidad' is clickable

2023-04-10 08:57:47 - [MESSAGE][PASSED] - Object 'Object Repository/1-OBJECTS TAREAS PRINCIPALES/Modulo Tarea Compensacion/Creacion Puesto de Trabajo/label_Es responsable de la Unidad' is clickable

2023-04-10 08:57:47 - [TEST_STEP][PASSED] - click(findTestObject("1-OBJECTS TAREAS PRINCIPALES/Modulo Tarea Compensacion/Creacion Puesto de Trabajo/label_Es responsable de la Unidad")): Object: 'Object Repository/1-OBJECTS TAREAS PRINCIPALES/Modulo Tarea Compensacion/Creacion Puesto de Trabajo/label_Es responsable de la Unidad' is clicked on

2023-04-10 08:57:47 - [MESSAGE][PASSED] - Object: 'Object Repository/1-OBJECTS TAREAS PRINCIPALES/Modulo Tarea Compensacion/Creacion Puesto de Trabajo/label_Es responsable de la Unidad' is clicked on

2023-04-10 08:57:47 - [TEST_STEP][PASSED] - waitForElementClickable(findTestObject("1-OBJECTS TAREAS PRINCIPALES/Modulo Tarea Compensacion/Creacion Puesto de Trabajo/a_Lder_datosPuestoTrabajo_form"), G_TimeOut): Object 'Object Repository/1-OBJECTS TAREAS PRINCIPALES/Modulo Tarea Compensacion/Creacion Puesto de Trabajo/a_Lder_datosPuestoTrabajo_form' is clickable

2023-04-10 08:57:47 - [MESSAGE][PASSED] - Object 'Object Repository/1-OBJECTS TAREAS PRINCIPALES/Modulo Tarea Compensacion/Creacion Puesto de Trabajo/a_Lder_datosPuestoTrabajo_form' is clickable

2023-04-10 08:57:47 - [TEST_STEP][PASSED] - click(findTestObject("1-OBJECTS TAREAS PRINCIPALES/Modulo Tarea Compensacion/Creacion Puesto de Trabajo/a_Lder_datosPuestoTrabajo_form")): Object: 'Object Repository/1-OBJECTS TAREAS PRINCIPALES/Modulo Tarea Compensacion/Creacion Puesto de Trabajo/a_Lder_datosPuestoTrabajo_form' is clicked on

2023-04-10 08:57:48 - [MESSAGE][PASSED] - Object: 'Object Repository/1-OBJECTS TAREAS PRINCIPALES/Modulo Tarea Compensacion/Creacion Puesto de Trabajo/a_Lder_datosPuestoTrabajo_form' is clicked on

2023-04-10 08:57:48 - [TEST_STEP][PASSED] - waitForElementClickable(findTestObject("1-OBJECTS TAREAS PRINCIPALES/Modulo Tarea Compensacion/Creacion Puesto de Trabajo/label_Dentro de la Unidad"), G_TimeOut): Object 'Object Repository/1-OBJECTS TAREAS PRINCIPALES/Modulo Tarea Compensacion/Creacion Puesto de Trabajo/label_Dentro de la Unidad' is clickable

2023-04-10 08:57:48 - [MESSAGE][PASSED] - Object 'Object Repository/1-OBJECTS TAREAS PRINCIPALES/Modulo Tarea Compensacion/Creacion Puesto de Trabajo/label_Dentro de la Unidad' is clickable

2023-04-10 08:57:48 - [TEST_STEP][PASSED] - click(findTestObject("1-OBJECTS TAREAS PRINCIPALES/Modulo Tarea Compensacion/Creacion Puesto de Trabajo/label_Dentro de la Unidad")): Object: 'Object Repository/1-OBJECTS TAREAS PRINCIPALES/Modulo Tarea Compensacion/Creacion Puesto de Trabajo/label_Dentro de la Unidad' is clicked on

2023-04-10 08:57:49 - [MESSAGE][PASSED] - Object: 'Object Repository/1-OBJECTS TAREAS PRINCIPALES/Modulo Tarea Compensacion/Creacion Puesto de Trabajo/label_Dentro de la Unidad' is clicked on

2023-04-10 08:57:49 - [TEST_STEP][PASSED] - waitForElementClickable(findTestObject("1-OBJECTS TAREAS PRINCIPALES/Modulo Tarea Compensacion/Creacion Puesto de Trabajo/a_Continuar"), G_TimeOut): Object 'Object Repository/1-OBJECTS TAREAS PRINCIPALES/Modulo Tarea Compensacion/Creacion Puesto de Trabajo/a_Continuar' is clickable

2023-04-10 08:57:49 - [MESSAGE][PASSED] - Object 'Object Repository/1-OBJECTS TAREAS PRINCIPALES/Modulo Tarea Compensacion/Creacion Puesto de Trabajo/a_Continuar' is clickable

2023-04-10 08:57:49 - [TEST_STEP][PASSED] - click(findTestObject("1-OBJECTS TAREAS PRINCIPALES/Modulo Tarea Compensacion/Creacion Puesto de Trabajo/a_Continuar")): Object: 'Object Repository/1-OBJECTS TAREAS PRINCIPALES/Modulo Tarea Compensacion/Creacion Puesto de Trabajo/a_Continuar' is clicked on

2023-04-10 08:57:50 - [MESSAGE][PASSED] - Object: 'Object Repository/1-OBJECTS TAREAS PRINCIPALES/Modulo Tarea Compensacion/Creacion Puesto de Trabajo/a_Continuar' is clicked on

2023-04-10 08:57:50 - [TEST_STEP][PASSED] - waitForElementClickable(findTestObject("1-OBJECTS TAREAS PRINCIPALES/Modulo Tarea Compensacion/Creacion Puesto de Trabajo/span_Galeano . Maria"), G_TimeOut): Object 'Object Repository/1-OBJECTS TAREAS PRINCIPALES/Modulo Tarea Compensacion/Creacion Puesto de Trabajo/span_Galeano . Maria' is clickable

2023-04-10 08:57:51 - [MESSAGE][PASSED] - Object 'Object Repository/1-OBJECTS TAREAS PRINCIPALES/Modulo Tarea Compensacion/Creacion Puesto de Trabajo/span_Galeano . Maria' is clickable

2023-04-10 08:57:51 - [TEST_STEP][PASSED] - click(findTestObject("1-OBJECTS TAREAS PRINCIPALES/Modulo Tarea Compensacion/Creacion Puesto de Trabajo/span_Galeano . Maria")): Object: 'Object Repository/1-OBJECTS TAREAS PRINCIPALES/Modulo Tarea Compensacion/Creacion Puesto de Trabajo/span_Galeano . Maria' is clicked on

2023-04-10 08:57:52 - [MESSAGE][PASSED] - Object: 'Object Repository/1-OBJECTS TAREAS PRINCIPALES/Modulo Tarea Compensacion/Creacion Puesto de Trabajo/span_Galeano . Maria' is clicked on

2023-04-10 08:57:52 - [TEST_STEP][PASSED] - waitForElementClickable(findTestObject("1-OBJECTS TAREAS PRINCIPALES/Modulo Tarea Compensacion/Creacion Puesto de Trabajo/a_Aplicar"), G_TimeOut): Object 'Object Repository/1-OBJECTS TAREAS PRINCIPALES/Modulo Tarea Compensacion/Creacion Puesto de Trabajo/a_Aplicar' is clickable

2023-04-10 08:57:52 - [MESSAGE][PASSED] - Object 'Object Repository/1-OBJECTS TAREAS PRINCIPALES/Modulo Tarea Compensacion/Creacion Puesto de Trabajo/a_Aplicar' is clickable

2023-04-10 08:57:52 - [TEST_STEP][PASSED] - click(findTestObject("1-OBJECTS TAREAS PRINCIPALES/Modulo Tarea Compensacion/Creacion Puesto de Trabajo/a_Aplicar")): Object: 'Object Repository/1-OBJECTS TAREAS PRINCIPALES/Modulo Tarea Compensacion/Creacion Puesto de Trabajo/a_Aplicar' is clicked on

2023-04-10 08:57:53 - [MESSAGE][PASSED] - Object: 'Object Repository/1-OBJECTS TAREAS PRINCIPALES/Modulo Tarea Compensacion/Creacion Puesto de Trabajo/a_Aplicar' is clicked on

2023-04-10 08:57:53 - [TEST_STEP][PASSED] - waitForElementClickable(findTestObject("1-OBJECTS TAREAS PRINCIPALES/Modulo Tarea Compensacion/Creacion Puesto de Trabajo/a_Unidad Jerarquica_datosPuest"), G_TimeOut): Object 'Object Repository/1-OBJECTS TAREAS PRINCIPALES/Modulo Tarea Compensacion/Creacion Puesto de Trabajo/a_Unidad Jerarquica_datosPuest' is clickable

2023-04-10 08:57:53 - [MESSAGE][PASSED] - Object 'Object Repository/1-OBJECTS TAREAS PRINCIPALES/Modulo Tarea Compensacion/Creacion Puesto de Trabajo/a_Unidad Jerarquica_datosPuest' is clickable

2023-04-10 08:57:53 - [TEST_STEP][PASSED] - click(findTestObject("1-OBJECTS TAREAS PRINCIPALES/Modulo Tarea Compensacion/Creacion Puesto de Trabajo/a_Unidad Jerarquica_datosPuest")): Object: 'Object Repository/1-OBJECTS TAREAS PRINCIPALES/Modulo Tarea Compensacion/Creacion Puesto de Trabajo/a_Unidad Jerarquica_datosPuest' is clicked on

2023-04-10 08:57:54 - [MESSAGE][PASSED] - Object: 'Object Repository/1-OBJECTS TAREAS PRINCIPALES/Modulo Tarea Compensacion/Creacion Puesto de Trabajo/a_Unidad Jerarquica_datosPuest' is clicked on

2023-04-10 08:57:54 - [TEST_STEP][PASSED] - setText(findTestObject("1-OBJECTS TAREAS PRINCIPALES/Modulo Tarea Compensacion/Creacion Puesto de Trabajo/input_Unidad_datosPuestoTrabajo_formj_idt1355"), "1"): Text '1' is set on object 'Object Repository/1-OBJECTS TAREAS PRINCIPALES/Modulo Tarea Compensacion/Creacion Puesto de Trabajo/input_Unidad_datosPuestoTrabajo_formj_idt1355'

2023-04-10 08:57:55 - [MESSAGE][PASSED] - Text '1' is set on object 'Object Repository/1-OBJECTS TAREAS PRINCIPALES/Modulo Tarea Compensacion/Creacion Puesto de Trabajo/input_Unidad_datosPuestoTrabajo_formj_idt1355'

2023-04-10 08:57:55 - [TEST_STEP][PASSED] - sendKeys(findTestObject("1-OBJECTS TAREAS PRINCIPALES/Modulo Tarea Compensacion/Creacion Puesto de Trabajo/input_Unidad_datosPuestoTrabajo_formj_idt1355"), Keys.chord(ENTER)): Keys 'ENTER + ' sent to object: 'Object Repository/1-OBJECTS TAREAS PRINCIPALES/Modulo Tarea Compensacion/Creacion Puesto de Trabajo/input_Unidad_datosPuestoTrabajo_formj_idt1355'

2023-04-10 08:57:55 - [MESSAGE][PASSED] - Keys 'ENTER + ' sent to object: 'Object Repository/1-OBJECTS TAREAS PRINCIPALES/Modulo Tarea Compensacion/Creacion Puesto de Trabajo/input_Unidad_datosPuestoTrabajo_formj_idt1355'

2023-04-10 08:57:55 - [TEST_STEP][PASSED] - waitForElementClickable(findTestObject("1-OBJECTS TAREAS PRINCIPALES/Modulo Tarea Compensacion/Creacion Puesto de Trabajo/span_ADMINISTRACION"), G_TimeOut): Object 'Object Repository/1-OBJECTS TAREAS PRINCIPALES/Modulo Tarea Compensacion/Creacion Puesto de Trabajo/span_ADMINISTRACION' is clickable

2023-04-10 08:57:56 - [MESSAGE][PASSED] - Object 'Object Repository/1-OBJECTS TAREAS PRINCIPALES/Modulo Tarea Compensacion/Creacion Puesto de Trabajo/span_ADMINISTRACION' is clickable

2023-04-10 08:57:56 - [TEST_STEP][PASSED] - click(findTestObject("1-OBJECTS TAREAS PRINCIPALES/Modulo Tarea Compensacion/Creacion Puesto de Trabajo/span_ADMINISTRACION")): Object: 'Object Repository/1-OBJECTS TAREAS PRINCIPALES/Modulo Tarea Compensacion/Creacion Puesto de Trabajo/span_ADMINISTRACION' is clicked on

2023-04-10 08:57:57 - [MESSAGE][PASSED] - Object: 'Object Repository/1-OBJECTS TAREAS PRINCIPALES/Modulo Tarea Compensacion/Creacion Puesto de Trabajo/span_ADMINISTRACION' is clicked on

2023-04-10 08:57:57 - [TEST_STEP][PASSED] - waitForElementClickable(findTestObject("1-OBJECTS TAREAS PRINCIPALES/Modulo Tarea Compensacion/Creacion Puesto de Trabajo/label_No"), G_TimeOut): Object 'Object Repository/1-OBJECTS TAREAS PRINCIPALES/Modulo Tarea Compensacion/Creacion Puesto de Trabajo/label_No' is clickable

2023-04-10 08:57:57 - [MESSAGE][PASSED] - Object 'Object Repository/1-OBJECTS TAREAS PRINCIPALES/Modulo Tarea Compensacion/Creacion Puesto de Trabajo/label_No' is clickable

2023-04-10 08:57:57 - [TEST_STEP][PASSED] - click(findTestObject("1-OBJECTS TAREAS PRINCIPALES/Modulo Tarea Compensacion/Creacion Puesto de Trabajo/label_No")): Object: 'Object Repository/1-OBJECTS TAREAS PRINCIPALES/Modulo Tarea Compensacion/Creacion Puesto de Trabajo/label_No' is clicked on

2023-04-10 08:57:58 - [MESSAGE][PASSED] - Object: 'Object Repository/1-OBJECTS TAREAS PRINCIPALES/Modulo Tarea Compensacion/Creacion Puesto de Trabajo/label_No' is clicked on

2023-04-10 08:57:58 - [TEST_STEP][PASSED] - waitForElementClickable(findTestObject("1-OBJECTS TAREAS PRINCIPALES/Modulo Tarea Compensacion/Creacion Puesto de Trabajo/span_Actualizar"), G_TimeOut): Object 'Object Repository/1-OBJECTS TAREAS PRINCIPALES/Modulo Tarea Compensacion/Creacion Puesto de Trabajo/span_Actualizar' is clickable

2023-04-10 08:57:58 - [MESSAGE][PASSED] - Object 'Object Repository/1-OBJECTS TAREAS PRINCIPALES/Modulo Tarea Compensacion/Creacion Puesto de Trabajo/span_Actualizar' is clickable

2023-04-10 08:57:58 - [TEST_STEP][PASSED] - click(findTestObject("1-OBJECTS TAREAS PRINCIPALES/Modulo Tarea Compensacion/Creacion Puesto de Trabajo/span_Actualizar")): Object: 'Object Repository/1-OBJECTS TAREAS PRINCIPALES/Modulo Tarea Compensacion/Creacion Puesto de Trabajo/span_Actualizar' is clicked on

2023-04-10 08:57:59 - [MESSAGE][PASSED] - Object: 'Object Repository/1-OBJECTS TAREAS PRINCIPALES/Modulo Tarea Compensacion/Creacion Puesto de Trabajo/span_Actualizar' is clicked on

2023-04-10 08:57:59 - [TEST_STEP][PASSED] - waitForElementClickable(findTestObject("1-OBJECTS TAREAS PRINCIPALES/Modulo Tarea Compensacion/Creacion Puesto de Trabajo/a_Titular_datosPuestoTrabajo_f"), G_TimeOut): Object 'Object Repository/1-OBJECTS TAREAS PRINCIPALES/Modulo Tarea Compensacion/Creacion Puesto de Trabajo/a_Titular_datosPuestoTrabajo_f' is clickable

2023-04-10 08:57:59 - [MESSAGE][PASSED] - Object 'Object Repository/1-OBJECTS TAREAS PRINCIPALES/Modulo Tarea Compensacion/Creacion Puesto de Trabajo/a_Titular_datosPuestoTrabajo_f' is clickable

2023-04-10 08:57:59 - [TEST_STEP][PASSED] - click(findTestObject("1-OBJECTS TAREAS PRINCIPALES/Modulo Tarea Compensacion/Creacion Puesto de Trabajo/a_Titular_datosPuestoTrabajo_f")): Object: 'Object Repository/1-OBJECTS TAREAS PRINCIPALES/Modulo Tarea Compensacion/Creacion Puesto de Trabajo/a_Titular_datosPuestoTrabajo_f' is clicked on

2023-04-10 08:58:00 - [MESSAGE][PASSED] - Object: 'Object Repository/1-OBJECTS TAREAS PRINCIPALES/Modulo Tarea Compensacion/Creacion Puesto de Trabajo/a_Titular_datosPuestoTrabajo_f' is clicked on

2023-04-10 08:58:00 - [TEST_STEP][PASSED] - setText(findTestObject("1-OBJECTS TAREAS PRINCIPALES/Modulo Tarea Compensacion/Creacion Puesto de Trabajo/input_Filtro Empleado_datosPuesto"), "66666"): Text '66666' is set on object 'Object Repository/1-OBJECTS TAREAS PRINCIPALES/Modulo Tarea Compensacion/Creacion Puesto de Trabajo/input_Filtro Empleado_datosPuesto'

2023-04-10 08:58:01 - [MESSAGE][PASSED] - Text '66666' is set on object 'Object Repository/1-OBJECTS TAREAS PRINCIPALES/Modulo Tarea Compensacion/Creacion Puesto de Trabajo/input_Filtro Empleado_datosPuesto'

2023-04-10 08:58:01 - [TEST_STEP][PASSED] - sendKeys(findTestObject("1-OBJECTS TAREAS PRINCIPALES/Modulo Tarea Compensacion/Creacion Puesto de Trabajo/input_Filtro Empleado_datosPuesto"), Keys.chord(ENTER)): Keys 'ENTER + ' sent to object: 'Object Repository/1-OBJECTS TAREAS PRINCIPALES/Modulo Tarea Compensacion/Creacion Puesto de Trabajo/input_Filtro Empleado_datosPuesto'

2023-04-10 08:58:01 - [MESSAGE][PASSED] - Keys 'ENTER + ' sent to object: 'Object Repository/1-OBJECTS TAREAS PRINCIPALES/Modulo Tarea Compensacion/Creacion Puesto de Trabajo/input_Filtro Empleado_datosPuesto'

2023-04-10 08:58:01 - [TEST_STEP][PASSED] - waitForElementClickable(findTestObject("1-OBJECTS TAREAS PRINCIPALES/Modulo Tarea Compensacion/Creacion Puesto de Trabajo/span_SALGADO PAULA"), G_TimeOut): Object 'Object Repository/1-OBJECTS TAREAS PRINCIPALES/Modulo Tarea Compensacion/Creacion Puesto de Trabajo/span_SALGADO PAULA' is clickable

2023-04-10 08:58:02 - [MESSAGE][PASSED] - Object 'Object Repository/1-OBJECTS TAREAS PRINCIPALES/Modulo Tarea Compensacion/Creacion Puesto de Trabajo/span_SALGADO PAULA' is clickable

2023-04-10 08:58:02 - [TEST_STEP][PASSED] - click(findTestObject("1-OBJECTS TAREAS PRINCIPALES/Modulo Tarea Compensacion/Creacion Puesto de Trabajo/span_SALGADO PAULA")): Object: 'Object Repository/1-OBJECTS TAREAS PRINCIPALES/Modulo Tarea Compensacion/Creacion Puesto de Trabajo/span_SALGADO PAULA' is clicked on

2023-04-10 08:58:02 - [MESSAGE][PASSED] - Object: 'Object Repository/1-OBJECTS TAREAS PRINCIPALES/Modulo Tarea Compensacion/Creacion Puesto de Trabajo/span_SALGADO PAULA' is clicked on

2023-04-10 08:58:02 - [TEST_STEP][PASSED] - waitForElementClickable(findTestObject("1-OBJECTS TAREAS PRINCIPALES/Modulo Tarea Compensacion/Creacion Puesto de Trabajo/a_Temporal_datosPuestoTrabajo_"), G_TimeOut): Object 'Object Repository/1-OBJECTS TAREAS PRINCIPALES/Modulo Tarea Compensacion/Creacion Puesto de Trabajo/a_Temporal_datosPuestoTrabajo_' is clickable

2023-04-10 08:58:03 - [MESSAGE][PASSED] - Object 'Object Repository/1-OBJECTS TAREAS PRINCIPALES/Modulo Tarea Compensacion/Creacion Puesto de Trabajo/a_Temporal_datosPuestoTrabajo_' is clickable

2023-04-10 08:58:03 - [TEST_STEP][PASSED] - click(findTestObject("1-OBJECTS TAREAS PRINCIPALES/Modulo Tarea Compensacion/Creacion Puesto de Trabajo/a_Temporal_datosPuestoTrabajo_")): Object: 'Object Repository/1-OBJECTS TAREAS PRINCIPALES/Modulo Tarea Compensacion/Creacion Puesto de Trabajo/a_Temporal_datosPuestoTrabajo_' is clicked on

2023-04-10 08:58:04 - [MESSAGE][PASSED] - Object: 'Object Repository/1-OBJECTS TAREAS PRINCIPALES/Modulo Tarea Compensacion/Creacion Puesto de Trabajo/a_Temporal_datosPuestoTrabajo_' is clicked on

2023-04-10 08:58:04 - [TEST_STEP][PASSED] - waitForElementClickable(findTestObject("1-OBJECTS TAREAS PRINCIPALES/Modulo Tarea Compensacion/Creacion Puesto de Trabajo/span_SALGADO PAULA"), G_TimeOut): Object 'Object Repository/1-OBJECTS TAREAS PRINCIPALES/Modulo Tarea Compensacion/Creacion Puesto de Trabajo/span_SALGADO PAULA' is clickable

2023-04-10 08:58:04 - [MESSAGE][PASSED] - Object 'Object Repository/1-OBJECTS TAREAS PRINCIPALES/Modulo Tarea Compensacion/Creacion Puesto de Trabajo/span_SALGADO PAULA' is clickable

2023-04-10 08:58:04 - [TEST_STEP][PASSED] - click(findTestObject("1-OBJECTS TAREAS PRINCIPALES/Modulo Tarea Compensacion/Creacion Puesto de Trabajo/span_SALGADO PAULA")): Object: 'Object Repository/1-OBJECTS TAREAS PRINCIPALES/Modulo Tarea Compensacion/Creacion Puesto de Trabajo/span_SALGADO PAULA' is clicked on

2023-04-10 08:58:05 - [MESSAGE][PASSED] - Object: 'Object Repository/1-OBJECTS TAREAS PRINCIPALES/Modulo Tarea Compensacion/Creacion Puesto de Trabajo/span_SALGADO PAULA' is clicked on

2023-04-10 08:58:05 - [TEST_STEP][PASSED] - waitForElementClickable(findTestObject("1-OBJECTS TAREAS PRINCIPALES/Modulo Tarea Compensacion/Creacion Puesto de Trabajo/a_Funcin_datosPuestoTrabajo_fo"), G_TimeOut): Object 'Object Repository/1-OBJECTS TAREAS PRINCIPALES/Modulo Tarea Compensacion/Creacion Puesto de Trabajo/a_Funcin_datosPuestoTrabajo_fo' is clickable

2023-04-10 08:58:05 - [MESSAGE][PASSED] - Object 'Object Repository/1-OBJECTS TAREAS PRINCIPALES/Modulo Tarea Compensacion/Creacion Puesto de Trabajo/a_Funcin_datosPuestoTrabajo_fo' is clickable

2023-04-10 08:58:05 - [TEST_STEP][PASSED] - click(findTestObject("1-OBJECTS TAREAS PRINCIPALES/Modulo Tarea Compensacion/Creacion Puesto de Trabajo/a_Funcin_datosPuestoTrabajo_fo")): Object: 'Object Repository/1-OBJECTS TAREAS PRINCIPALES/Modulo Tarea Compensacion/Creacion Puesto de Trabajo/a_Funcin_datosPuestoTrabajo_fo' is clicked on

2023-04-10 08:58:06 - [MESSAGE][PASSED] - Object: 'Object Repository/1-OBJECTS TAREAS PRINCIPALES/Modulo Tarea Compensacion/Creacion Puesto de Trabajo/a_Funcin_datosPuestoTrabajo_fo' is clicked on

2023-04-10 08:58:06 - [TEST_STEP][PASSED] - waitForElementClickable(findTestObject("1-OBJECTS TAREAS PRINCIPALES/Modulo Tarea Compensacion/Creacion Puesto de Trabajo/span_SALGADO PAULA"), G_TimeOut): Object 'Object Repository/1-OBJECTS TAREAS PRINCIPALES/Modulo Tarea Compensacion/Creacion Puesto de Trabajo/span_SALGADO PAULA' is clickable

2023-04-10 08:58:07 - [MESSAGE][PASSED] - Object 'Object Repository/1-OBJECTS TAREAS PRINCIPALES/Modulo Tarea Compensacion/Creacion Puesto de Trabajo/span_SALGADO PAULA' is clickable

2023-04-10 08:58:07 - [TEST_STEP][PASSED] - click(findTestObject("1-OBJECTS TAREAS PRINCIPALES/Modulo Tarea Compensacion/Creacion Puesto de Trabajo/span_SALGADO PAULA")): Object: 'Object Repository/1-OBJECTS TAREAS PRINCIPALES/Modulo Tarea Compensacion/Creacion Puesto de Trabajo/span_SALGADO PAULA' is clicked on

2023-04-10 08:58:07 - [MESSAGE][PASSED] - Object: 'Object Repository/1-OBJECTS TAREAS PRINCIPALES/Modulo Tarea Compensacion/Creacion Puesto de Trabajo/span_SALGADO PAULA' is clicked on

2023-04-10 08:58:07 - [TEST_STEP][PASSED] - waitForElementClickable(findTestObject("1-OBJECTS TAREAS PRINCIPALES/Modulo Tarea Compensacion/Creacion Puesto de Trabajo/a_Empalme_datosPuestoTrabajo"), G_TimeOut): Object 'Object Repository/1-OBJECTS TAREAS PRINCIPALES/Modulo Tarea Compensacion/Creacion Puesto de Trabajo/a_Empalme_datosPuestoTrabajo' is clickable

2023-04-10 08:58:08 - [MESSAGE][PASSED] - Object 'Object Repository/1-OBJECTS TAREAS PRINCIPALES/Modulo Tarea Compensacion/Creacion Puesto de Trabajo/a_Empalme_datosPuestoTrabajo' is clickable

2023-04-10 08:58:08 - [TEST_STEP][PASSED] - click(findTestObject("1-OBJECTS TAREAS PRINCIPALES/Modulo Tarea Compensacion/Creacion Puesto de Trabajo/a_Empalme_datosPuestoTrabajo")): Object: 'Object Repository/1-OBJECTS TAREAS PRINCIPALES/Modulo Tarea Compensacion/Creacion Puesto de Trabajo/a_Empalme_datosPuestoTrabajo' is clicked on

2023-04-10 08:58:08 - [MESSAGE][PASSED] - Object: 'Object Repository/1-OBJECTS TAREAS PRINCIPALES/Modulo Tarea Compensacion/Creacion Puesto de Trabajo/a_Empalme_datosPuestoTrabajo' is clicked on

2023-04-10 08:58:08 - [TEST_STEP][PASSED] - waitForElementClickable(findTestObject("1-OBJECTS TAREAS PRINCIPALES/Modulo Tarea Compensacion/Creacion Puesto de Trabajo/span_SALGADO PAULA"), G_TimeOut): Object 'Object Repository/1-OBJECTS TAREAS PRINCIPALES/Modulo Tarea Compensacion/Creacion Puesto de Trabajo/span_SALGADO PAULA' is clickable

2023-04-10 08:58:09 - [MESSAGE][PASSED] - Object 'Object Repository/1-OBJECTS TAREAS PRINCIPALES/Modulo Tarea Compensacion/Creacion Puesto de Trabajo/span_SALGADO PAULA' is clickable

2023-04-10 08:58:09 - [TEST_STEP][PASSED] - click(findTestObject("1-OBJECTS TAREAS PRINCIPALES/Modulo Tarea Compensacion/Creacion Puesto de Trabajo/span_SALGADO PAULA")): Object: 'Object Repository/1-OBJECTS TAREAS PRINCIPALES/Modulo Tarea Compensacion/Creacion Puesto de Trabajo/span_SALGADO PAULA' is clicked on

2023-04-10 08:58:10 - [MESSAGE][PASSED] - Object: 'Object Repository/1-OBJECTS TAREAS PRINCIPALES/Modulo Tarea Compensacion/Creacion Puesto de Trabajo/span_SALGADO PAULA' is clicked on

2023-04-10 08:58:10 - [TEST_STEP][PASSED] - waitForElementClickable(findTestObject("1-OBJECTS TAREAS PRINCIPALES/Modulo Tarea Compensacion/Creacion Puesto de Trabajo/a_Zona Econmica _datosPuestoTr"), G_TimeOut): Object 'Object Repository/1-OBJECTS TAREAS PRINCIPALES/Modulo Tarea Compensacion/Creacion Puesto de Trabajo/a_Zona Econmica _datosPuestoTr' is clickable

2023-04-10 08:58:11 - [MESSAGE][PASSED] - Object 'Object Repository/1-OBJECTS TAREAS PRINCIPALES/Modulo Tarea Compensacion/Creacion Puesto de Trabajo/a_Zona Econmica _datosPuestoTr' is clickable

2023-04-10 08:58:11 - [TEST_STEP][PASSED] - click(findTestObject("1-OBJECTS TAREAS PRINCIPALES/Modulo Tarea Compensacion/Creacion Puesto de Trabajo/a_Zona Econmica _datosPuestoTr")): Object: 'Object Repository/1-OBJECTS TAREAS PRINCIPALES/Modulo Tarea Compensacion/Creacion Puesto de Trabajo/a_Zona Econmica _datosPuestoTr' is clicked on

2023-04-10 08:58:11 - [MESSAGE][PASSED] - Object: 'Object Repository/1-OBJECTS TAREAS PRINCIPALES/Modulo Tarea Compensacion/Creacion Puesto de Trabajo/a_Zona Econmica _datosPuestoTr' is clicked on

2023-04-10 08:58:11 - [TEST_STEP][PASSED] - waitForElementClickable(findTestObject("1-OBJECTS TAREAS PRINCIPALES/Modulo Tarea Compensacion/Creacion Puesto de Trabajo/span_QUINCENAL"), G_TimeOut): Object 'Object Repository/1-OBJECTS TAREAS PRINCIPALES/Modulo Tarea Compensacion/Creacion Puesto de Trabajo/span_QUINCENAL' is clickable

2023-04-10 08:58:12 - [MESSAGE][PASSED] - Object 'Object Repository/1-OBJECTS TAREAS PRINCIPALES/Modulo Tarea Compensacion/Creacion Puesto de Trabajo/span_QUINCENAL' is clickable

2023-04-10 08:58:12 - [TEST_STEP][PASSED] - click(findTestObject("1-OBJECTS TAREAS PRINCIPALES/Modulo Tarea Compensacion/Creacion Puesto de Trabajo/span_QUINCENAL")): Object: 'Object Repository/1-OBJECTS TAREAS PRINCIPALES/Modulo Tarea Compensacion/Creacion Puesto de Trabajo/span_QUINCENAL' is clicked on

2023-04-10 08:58:13 - [MESSAGE][PASSED] - Object: 'Object Repository/1-OBJECTS TAREAS PRINCIPALES/Modulo Tarea Compensacion/Creacion Puesto de Trabajo/span_QUINCENAL' is clicked on

2023-04-10 08:58:13 - [TEST_STEP][PASSED] - waitForElementClickable(findTestObject("1-OBJECTS TAREAS PRINCIPALES/Modulo Tarea Compensacion/Creacion Puesto de Trabajo/select_-- Seleccione empleados"), G_TimeOut): Object 'Object Repository/1-OBJECTS TAREAS PRINCIPALES/Modulo Tarea Compensacion/Creacion Puesto de Trabajo/select_-- Seleccione empleados' is clickable

2023-04-10 08:58:13 - [MESSAGE][PASSED] - Object 'Object Repository/1-OBJECTS TAREAS PRINCIPALES/Modulo Tarea Compensacion/Creacion Puesto de Trabajo/select_-- Seleccione empleados' is clickable

2023-04-10 08:58:13 - [TEST_STEP][PASSED] - click(findTestObject("1-OBJECTS TAREAS PRINCIPALES/Modulo Tarea Compensacion/Creacion Puesto de Trabajo/select_-- Seleccione empleados")): Object: 'Object Repository/1-OBJECTS TAREAS PRINCIPALES/Modulo Tarea Compensacion/Creacion Puesto de Trabajo/select_-- Seleccione empleados' is clicked on

2023-04-10 08:58:14 - [MESSAGE][PASSED] - Object: 'Object Repository/1-OBJECTS TAREAS PRINCIPALES/Modulo Tarea Compensacion/Creacion Puesto de Trabajo/select_-- Seleccione empleados' is clicked on

2023-04-10 08:58:14 - [TEST_STEP][PASSED] - selectOptionByIndex(findTestObject("1-OBJECTS TAREAS PRINCIPALES/Modulo Tarea Compensacion/Creacion Puesto de Trabajo/select_-- Seleccione empleados_lineacosto"), "1"): All options with index in [1] are selected on object 'Object Repository/1-OBJECTS TAREAS PRINCIPALES/Modulo Tarea Compensacion/Creacion Puesto de Trabajo/select_-- Seleccione empleados_lineacosto'

2023-04-10 08:58:15 - [MESSAGE][PASSED] - All options with index in [1] are selected on object 'Object Repository/1-OBJECTS TAREAS PRINCIPALES/Modulo Tarea Compensacion/Creacion Puesto de Trabajo/select_-- Seleccione empleados_lineacosto'

2023-04-10 08:58:15 - [TEST_STEP][PASSED] - waitForElementClickable(findTestObject("1-OBJECTS TAREAS PRINCIPALES/Modulo Tarea Compensacion/Creacion Puesto de Trabajo/select_-- Seleccione Ubicacin"), G_TimeOut): Object 'Object Repository/1-OBJECTS TAREAS PRINCIPALES/Modulo Tarea Compensacion/Creacion Puesto de Trabajo/select_-- Seleccione Ubicacin' is clickable

2023-04-10 08:58:15 - [MESSAGE][PASSED] - Object 'Object Repository/1-OBJECTS TAREAS PRINCIPALES/Modulo Tarea Compensacion/Creacion Puesto de Trabajo/select_-- Seleccione Ubicacin' is clickable

2023-04-10 08:58:15 - [TEST_STEP][PASSED] - click(findTestObject("1-OBJECTS TAREAS PRINCIPALES/Modulo Tarea Compensacion/Creacion Puesto de Trabajo/select_-- Seleccione Ubicacin")): Object: 'Object Repository/1-OBJECTS TAREAS PRINCIPALES/Modulo Tarea Compensacion/Creacion Puesto de Trabajo/select_-- Seleccione Ubicacin' is clicked on

2023-04-10 08:58:16 - [MESSAGE][PASSED] - Object: 'Object Repository/1-OBJECTS TAREAS PRINCIPALES/Modulo Tarea Compensacion/Creacion Puesto de Trabajo/select_-- Seleccione Ubicacin' is clicked on

2023-04-10 08:58:16 - [TEST_STEP][PASSED] - selectOptionByIndex(findTestObject("1-OBJECTS TAREAS PRINCIPALES/Modulo Tarea Compensacion/Creacion Puesto de Trabajo/select_-- Seleccione Ubicacin"), "106"): All options with index in [106] are selected on object 'Object Repository/1-OBJECTS TAREAS PRINCIPALES/Modulo Tarea Compensacion/Creacion Puesto de Trabajo/select_-- Seleccione Ubicacin'

2023-04-10 08:58:19 - [MESSAGE][PASSED] - All options with index in [106] are selected on object 'Object Repository/1-OBJECTS TAREAS PRINCIPALES/Modulo Tarea Compensacion/Creacion Puesto de Trabajo/select_-- Seleccione Ubicacin'

2023-04-10 08:58:19 - [TEST_STEP][PASSED] - waitForElementClickable(findTestObject("1-OBJECTS TAREAS PRINCIPALES/Modulo Tarea Compensacion/Creacion Puesto de Trabajo/select_2120 HORAS1240 HORAS"), G_TimeOut): Object 'Object Repository/1-OBJECTS TAREAS PRINCIPALES/Modulo Tarea Compensacion/Creacion Puesto de Trabajo/select_2120 HORAS1240 HORAS' is clickable

2023-04-10 08:58:19 - [MESSAGE][PASSED] - Object 'Object Repository/1-OBJECTS TAREAS PRINCIPALES/Modulo Tarea Compensacion/Creacion Puesto de Trabajo/select_2120 HORAS1240 HORAS' is clickable

2023-04-10 08:58:19 - [TEST_STEP][PASSED] - click(findTestObject("1-OBJECTS TAREAS PRINCIPALES/Modulo Tarea Compensacion/Creacion Puesto de Trabajo/select_2120 HORAS1240 HORAS")): Object: 'Object Repository/1-OBJECTS TAREAS PRINCIPALES/Modulo Tarea Compensacion/Creacion Puesto de Trabajo/select_2120 HORAS1240 HORAS' is clicked on

2023-04-10 08:58:20 - [MESSAGE][PASSED] - Object: 'Object Repository/1-OBJECTS TAREAS PRINCIPALES/Modulo Tarea Compensacion/Creacion Puesto de Trabajo/select_2120 HORAS1240 HORAS' is clicked on

2023-04-10 08:58:20 - [TEST_STEP][PASSED] - selectOptionByIndex(findTestObject("1-OBJECTS TAREAS PRINCIPALES/Modulo Tarea Compensacion/Creacion Puesto de Trabajo/select_2120 HORAS1240 HORAS"), "4"): All options with index in [4] are selected on object 'Object Repository/1-OBJECTS TAREAS PRINCIPALES/Modulo Tarea Compensacion/Creacion Puesto de Trabajo/select_2120 HORAS1240 HORAS'

2023-04-10 08:58:21 - [MESSAGE][PASSED] - All options with index in [4] are selected on object 'Object Repository/1-OBJECTS TAREAS PRINCIPALES/Modulo Tarea Compensacion/Creacion Puesto de Trabajo/select_2120 HORAS1240 HORAS'

2023-04-10 08:58:21 - [TEST_STEP][PASSED] - waitForElementClickable(findTestObject("1-OBJECTS TAREAS PRINCIPALES/Modulo Tarea Compensacion/Creacion Puesto de Trabajo/select_12kataloonNOMINA CATORCENAL"), G_TimeOut): Object 'Object Repository/1-OBJECTS TAREAS PRINCIPALES/Modulo Tarea Compensacion/Creacion Puesto de Trabajo/select_12kataloonNOMINA CATORCENAL' is clickable

2023-04-10 08:58:22 - [MESSAGE][PASSED] - Object 'Object Repository/1-OBJECTS TAREAS PRINCIPALES/Modulo Tarea Compensacion/Creacion Puesto de Trabajo/select_12kataloonNOMINA CATORCENAL' is clickable

2023-04-10 08:58:22 - [TEST_STEP][PASSED] - click(findTestObject("1-OBJECTS TAREAS PRINCIPALES/Modulo Tarea Compensacion/Creacion Puesto de Trabajo/select_12kataloonNOMINA CATORCENAL")): Object: 'Object Repository/1-OBJECTS TAREAS PRINCIPALES/Modulo Tarea Compensacion/Creacion Puesto de Trabajo/select_12kataloonNOMINA CATORCENAL' is clicked on

2023-04-10 08:58:22 - [MESSAGE][PASSED] - Object: 'Object Repository/1-OBJECTS TAREAS PRINCIPALES/Modulo Tarea Compensacion/Creacion Puesto de Trabajo/select_12kataloonNOMINA CATORCENAL' is clicked on

2023-04-10 08:58:22 - [TEST_STEP][PASSED] - selectOptionByIndex(findTestObject("1-OBJECTS TAREAS PRINCIPALES/Modulo Tarea Compensacion/Creacion Puesto de Trabajo/select_12kataloonNOMINA CATORCENAL"), "7"): All options with index in [7] are selected on object 'Object Repository/1-OBJECTS TAREAS PRINCIPALES/Modulo Tarea Compensacion/Creacion Puesto de Trabajo/select_12kataloonNOMINA CATORCENAL'

2023-04-10 08:58:23 - [MESSAGE][PASSED] - All options with index in [7] are selected on object 'Object Repository/1-OBJECTS TAREAS PRINCIPALES/Modulo Tarea Compensacion/Creacion Puesto de Trabajo/select_12kataloonNOMINA CATORCENAL'

2023-04-10 08:58:23 - [TEST_STEP][PASSED] - waitForElementClickable(findTestObject("1-OBJECTS TAREAS PRINCIPALES/Modulo Tarea Compensacion/Creacion Puesto de Trabajo/select_--- Seleccione Vinculac"), G_TimeOut): Object 'Object Repository/1-OBJECTS TAREAS PRINCIPALES/Modulo Tarea Compensacion/Creacion Puesto de Trabajo/select_--- Seleccione Vinculac' is clickable

2023-04-10 08:58:23 - [MESSAGE][PASSED] - Object 'Object Repository/1-OBJECTS TAREAS PRINCIPALES/Modulo Tarea Compensacion/Creacion Puesto de Trabajo/select_--- Seleccione Vinculac' is clickable

2023-04-10 08:58:23 - [TEST_STEP][PASSED] - click(findTestObject("1-OBJECTS TAREAS PRINCIPALES/Modulo Tarea Compensacion/Creacion Puesto de Trabajo/select_--- Seleccione Vinculac")): Object: 'Object Repository/1-OBJECTS TAREAS PRINCIPALES/Modulo Tarea Compensacion/Creacion Puesto de Trabajo/select_--- Seleccione Vinculac' is clicked on

2023-04-10 08:58:24 - [MESSAGE][PASSED] - Object: 'Object Repository/1-OBJECTS TAREAS PRINCIPALES/Modulo Tarea Compensacion/Creacion Puesto de Trabajo/select_--- Seleccione Vinculac' is clicked on

2023-04-10 08:58:24 - [TEST_STEP][PASSED] - selectOptionByIndex(findTestObject("1-OBJECTS TAREAS PRINCIPALES/Modulo Tarea Compensacion/Creacion Puesto de Trabajo/select_--- Seleccione Vinculac"), "8"): All options with index in [8] are selected on object 'Object Repository/1-OBJECTS TAREAS PRINCIPALES/Modulo Tarea Compensacion/Creacion Puesto de Trabajo/select_--- Seleccione Vinculac'

2023-04-10 08:58:25 - [MESSAGE][PASSED] - All options with index in [8] are selected on object 'Object Repository/1-OBJECTS TAREAS PRINCIPALES/Modulo Tarea Compensacion/Creacion Puesto de Trabajo/select_--- Seleccione Vinculac'

2023-04-10 08:58:25 - [TEST_STEP][PASSED] - waitForElementClickable(findTestObject("1-OBJECTS TAREAS PRINCIPALES/Modulo Tarea Compensacion/Creacion Puesto de Trabajo/select_--Seleccione--ADMINISTR"), G_TimeOut): Object 'Object Repository/1-OBJECTS TAREAS PRINCIPALES/Modulo Tarea Compensacion/Creacion Puesto de Trabajo/select_--Seleccione--ADMINISTR' is clickable

2023-04-10 08:58:25 - [MESSAGE][PASSED] - Object 'Object Repository/1-OBJECTS TAREAS PRINCIPALES/Modulo Tarea Compensacion/Creacion Puesto de Trabajo/select_--Seleccione--ADMINISTR' is clickable

2023-04-10 08:58:25 - [TEST_STEP][PASSED] - click(findTestObject("1-OBJECTS TAREAS PRINCIPALES/Modulo Tarea Compensacion/Creacion Puesto de Trabajo/select_--Seleccione--ADMINISTR")): Object: 'Object Repository/1-OBJECTS TAREAS PRINCIPALES/Modulo Tarea Compensacion/Creacion Puesto de Trabajo/select_--Seleccione--ADMINISTR' is clicked on

2023-04-10 08:58:26 - [MESSAGE][PASSED] - Object: 'Object Repository/1-OBJECTS TAREAS PRINCIPALES/Modulo Tarea Compensacion/Creacion Puesto de Trabajo/select_--Seleccione--ADMINISTR' is clicked on

2023-04-10 08:58:26 - [TEST_STEP][PASSED] - selectOptionByIndex(findTestObject("1-OBJECTS TAREAS PRINCIPALES/Modulo Tarea Compensacion/Creacion Puesto de Trabajo/select_--Seleccione--ADMINISTR"), "1"): All options with index in [1] are selected on object 'Object Repository/1-OBJECTS TAREAS PRINCIPALES/Modulo Tarea Compensacion/Creacion Puesto de Trabajo/select_--Seleccione--ADMINISTR'

2023-04-10 08:58:27 - [MESSAGE][PASSED] - All options with index in [1] are selected on object 'Object Repository/1-OBJECTS TAREAS PRINCIPALES/Modulo Tarea Compensacion/Creacion Puesto de Trabajo/select_--Seleccione--ADMINISTR'

2023-04-10 08:58:27 - [TEST_STEP][PASSED] - waitForElementClickable(findTestObject("1-OBJECTS TAREAS PRINCIPALES/Modulo Tarea Compensacion/Creacion Puesto de Trabajo/input_Mesada _datosPuestoTraba"), 0): Object 'Object Repository/1-OBJECTS TAREAS PRINCIPALES/Modulo Tarea Compensacion/Creacion Puesto de Trabajo/input_Mesada _datosPuestoTraba' is clickable

2023-04-10 08:58:27 - [MESSAGE][WARNING] - Timeout '0' is invalid. Using default page load timeout: '37'

2023-04-10 08:58:27 - [MESSAGE][PASSED] - Object 'Object Repository/1-OBJECTS TAREAS PRINCIPALES/Modulo Tarea Compensacion/Creacion Puesto de Trabajo/input_Mesada _datosPuestoTraba' is clickable

2023-04-10 08:58:27 - [TEST_STEP][PASSED] - setText(findTestObject("1-OBJECTS TAREAS PRINCIPALES/Modulo Tarea Compensacion/Creacion Puesto de Trabajo/input_Mesada _datosPuestoTraba"), "120000"): Text '120000' is set on object 'Object Repository/1-OBJECTS TAREAS PRINCIPALES/Modulo Tarea Compensacion/Creacion Puesto de Trabajo/input_Mesada _datosPuestoTraba'

2023-04-10 08:58:28 - [MESSAGE][PASSED] - Text '120000' is set on object 'Object Repository/1-OBJECTS TAREAS PRINCIPALES/Modulo Tarea Compensacion/Creacion Puesto de Trabajo/input_Mesada _datosPuestoTraba'

2023-04-10 08:58:28 - [TEST_STEP][PASSED] - click(findTestObject("1-OBJECTS TAREAS PRINCIPALES/Modulo Tarea Compensacion/Creacion Puesto de Trabajo/span_Actualizar_1")): Object: 'Object Repository/1-OBJECTS TAREAS PRINCIPALES/Modulo Tarea Compensacion/Creacion Puesto de Trabajo/span_Actualizar_1' is clicked on

2023-04-10 08:58:29 - [MESSAGE][PASSED] - Object: 'Object Repository/1-OBJECTS TAREAS PRINCIPALES/Modulo Tarea Compensacion/Creacion Puesto de Trabajo/span_Actualizar_1' is clicked on

2023-04-10 08:58:29 - [TEST_STEP][PASSED] - Result = getText(findTestObject("3-OBJECTS UTILIDADES/Alerta/Alerta")): Text of object 'Object Repository/3-OBJECTS UTILIDADES/Alerta/Alerta' is: 'Se Inserto el registro correctamente'

2023-04-10 08:58:30 - [MESSAGE][PASSED] - Text of object 'Object Repository/3-OBJECTS UTILIDADES/Alerta/Alerta' is: 'Se Inserto el registro correctamente'

2023-04-10 08:58:30 - [TEST_STEP][PASSED] - if (Result == "Se Inserto el registro correctamente"): Browser is closed

2023-04-10 08:58:30 - [TEST_STEP][PASSED] - closeBrowser(): Browser is closed

2023-04-10 08:58:30 - [MESSAGE][PASSED] - Browser is closed]]></system-out>
         <system-err><![CDATA[]]></system-err>
      </testcase>
      <testcase name="Test Cases/1.1-Tareas Principales/1.4.5-Actualizacion de Datos en Puesto de Trabajo" time="53.846" classname="Test Cases/1.1-Tareas Principales/1.4.5-Actualizacion de Datos en Puesto de Trabajo" status="PASSED">
         <system-out><![CDATA[2023-04-10 08:58:30 - [TEST_CASE][PASSED] - Test Cases/1.1-Tareas Principales/1.4.5-Actualizacion de Datos en Puesto de Trabajo: Test Cases/1.1-Tareas Principales/1.4.5-Actualizacion de Datos en Puesto de Trabajo

2023-04-10 08:58:31 - [TEST_STEP][PASSED] - random_double = Math.random() * 9999 + 999: null

2023-04-10 08:58:31 - [TEST_STEP][PASSED] - random_double = Math.round(random_double * 100 + 1000000): null

2023-04-10 08:58:31 - [TEST_STEP][PASSED] - identificacion = toString().replace(".0", ""): null

2023-04-10 08:58:31 - [TEST_STEP][PASSED] - callTestCase(findTestCase("Utilidades-(atajos_para _tareas)/Tareas Administracion Compensacion/Tarea Planta Personal"), [:], STOP_ON_FAILURE): Call Test Case 'Test Cases/Utilidades-(atajos_para _tareas)/Tareas Administracion Compensacion/Tarea Planta Personal' successfully

2023-04-10 08:58:31 - [TEST_CASE][PASSED] - Test Cases/Utilidades-(atajos_para _tareas)/Tareas Administracion Compensacion/Tarea Planta Personal: Test Cases/Utilidades-(atajos_para _tareas)/Tareas Administracion Compensacion/Tarea Planta Personal

2023-04-10 08:58:31 - [TEST_STEP][PASSED] - callTestCase(findTestCase("0.1-Login"), [:], STOP_ON_FAILURE): Call Test Case 'Test Cases/0.1-Login' successfully

2023-04-10 08:58:31 - [TEST_CASE][PASSED] - Test Cases/0.1-Login: Test Cases/0.1-Login

2023-04-10 08:58:31 - [TEST_STEP][PASSED] - openBrowser(""): Browser is opened with url: ''

2023-04-10 08:58:31 - [MESSAGE][INFO] - Starting 'Chrome' driver

2023-04-10 08:58:31 - [MESSAGE][INFO] - Action delay is set to 0 milliseconds

2023-04-10 08:58:32 - [MESSAGE][PASSED] - Browser is opened with url: ''

2023-04-10 08:58:32 - [TEST_STEP][PASSED] - maximizeWindow(): Current window maximized

2023-04-10 08:58:32 - [MESSAGE][PASSED] - Current window maximized

2023-04-10 08:58:32 - [TEST_STEP][PASSED] - i = G_Login: null

2023-04-10 08:58:32 - [TEST_STEP][PASSED] - url = new java.net.URL(i): null

2023-04-10 08:58:32 - [TEST_STEP][PASSED] - println("URL: " + url.toString()): null

2023-04-10 08:58:32 - [TEST_STEP][PASSED] - connection = url.openConnection(): null

2023-04-10 08:58:32 - [TEST_STEP][PASSED] - connection.setRequestMethod("GET"): null

2023-04-10 08:58:32 - [TEST_STEP][PASSED] - connection.setReadTimeout(2 * 1000): null

2023-04-10 08:58:32 - [TEST_STEP][PASSED] - try: null

2023-04-10 08:58:32 - [TEST_STEP][PASSED] - connection.connect(): null

2023-04-10 08:58:32 - [TEST_STEP][PASSED] - flag = connected: null

2023-04-10 08:58:32 - [TEST_STEP][PASSED] - println("Valor_ori: " + flag): null

2023-04-10 08:58:32 - [TEST_STEP][PASSED] - if (flag): null

2023-04-10 08:58:32 - [TEST_STEP][PASSED] - navigateToUrl(i): Navigate to 'http://192.168.2.19:8380/saraweb' successfully

2023-04-10 08:58:33 - [MESSAGE][PASSED] - Navigate to 'http://192.168.2.19:8380/saraweb' successfully

2023-04-10 08:58:33 - [TEST_STEP][PASSED] - a(): null

2023-04-10 08:58:33 - [TEST_STEP][PASSED] - if (waitForElementVisible(findTestObject("3-OBJECTS UTILIDADES/Login/input_USUARIO_loginusuario"), 0)): null

2023-04-10 08:58:33 - [MESSAGE][WARNING] - Timeout '0' is invalid. Using default page load timeout: '37'

2023-04-10 08:58:33 - [MESSAGE][PASSED] - Object 'Object Repository/3-OBJECTS UTILIDADES/Login/input_USUARIO_loginusuario' is visible

2023-04-10 08:58:33 - [TEST_STEP][PASSED] - switchToWindowTitle("SARA"): Switched to window with title: 'SARA'

2023-04-10 08:58:33 - [MESSAGE][PASSED] - Switched to window with title: 'SARA'

2023-04-10 08:58:33 - [TEST_STEP][PASSED] - zoom(): null

2023-04-10 08:58:33 - [TEST_STEP][PASSED] - robot = new java.awt.Robot(): null

2023-04-10 08:58:33 - [TEST_STEP][PASSED] - robot.keyPress(VK_CONTROL): null

2023-04-10 08:58:33 - [TEST_STEP][PASSED] - robot.keyPress(VK_SUBTRACT): null

2023-04-10 08:58:33 - [TEST_STEP][PASSED] - robot.keyRelease(VK_CONTROL): null

2023-04-10 08:58:33 - [TEST_STEP][PASSED] - robot.keyRelease(VK_SUBTRACT): null

2023-04-10 08:58:33 - [TEST_STEP][PASSED] - robot.keyPress(VK_CONTROL): null

2023-04-10 08:58:33 - [TEST_STEP][PASSED] - robot.keyPress(VK_SUBTRACT): null

2023-04-10 08:58:33 - [TEST_STEP][PASSED] - robot.keyRelease(VK_CONTROL): null

2023-04-10 08:58:33 - [TEST_STEP][PASSED] - robot.keyRelease(VK_SUBTRACT): null

2023-04-10 08:58:33 - [TEST_STEP][PASSED] - robot.keyPress(VK_CONTROL): null

2023-04-10 08:58:33 - [TEST_STEP][PASSED] - robot.keyPress(VK_SUBTRACT): null

2023-04-10 08:58:33 - [TEST_STEP][PASSED] - robot.keyRelease(VK_CONTROL): null

2023-04-10 08:58:33 - [TEST_STEP][PASSED] - robot.keyRelease(VK_SUBTRACT): null

2023-04-10 08:58:33 - [TEST_STEP][PASSED] - robot.keyRelease(VK_CONTROL): null

2023-04-10 08:58:33 - [TEST_STEP][PASSED] - robot.keyRelease(VK_SUBTRACT): null

2023-04-10 08:58:33 - [TEST_STEP][PASSED] - setText(findTestObject("3-OBJECTS UTILIDADES/Login/input_USUARIO_loginusuario"), G_Usuario): Text 'saraadmin' is set on object 'Object Repository/3-OBJECTS UTILIDADES/Login/input_USUARIO_loginusuario'

2023-04-10 08:58:34 - [MESSAGE][PASSED] - Text 'saraadmin' is set on object 'Object Repository/3-OBJECTS UTILIDADES/Login/input_USUARIO_loginusuario'

2023-04-10 08:58:34 - [TEST_STEP][PASSED] - setEncryptedText(findTestObject("3-OBJECTS UTILIDADES/Login/input_CLAVE_loginpassword"), "SlAwMcyRKqrwbnzhAs8HhT6NnI7sEyng"): Text ****** has been set on object 'Object Repository/3-OBJECTS UTILIDADES/Login/input_CLAVE_loginpassword'

2023-04-10 08:58:36 - [MESSAGE][PASSED] - Text ****** has been set on object 'Object Repository/3-OBJECTS UTILIDADES/Login/input_CLAVE_loginpassword'

2023-04-10 08:58:36 - [TEST_STEP][PASSED] - while (waitForElementClickable(findTestObject("3-OBJECTS UTILIDADES/Login/a_Ingresar"), 1)): Web element with id: 'Object Repository/3-OBJECTS UTILIDADES/Login/a_Ingresar' located by '//a[contains(text(),'Ingresar')]' not found

2023-04-10 08:58:38 - [MESSAGE][INFO] - Unable to find the element located by 'By.xpath: //a[contains(text(),'Ingresar')]'. Please recheck the objects properties to make sure the desired element is located. 

2023-04-10 08:58:38 - [MESSAGE][WARNING] - Web element with id: 'Object Repository/3-OBJECTS UTILIDADES/Login/a_Ingresar' located by '//a[contains(text(),'Ingresar')]' not found

2023-04-10 08:58:38 - [MESSAGE][PASSED] - Call Test Case 'Test Cases/0.1-Login' successfully

2023-04-10 08:58:38 - [TEST_STEP][PASSED] - waitForElementVisible(findTestObject("1-OBJECTS TAREAS PRINCIPALES/Modulo Tarea Compensacion/Tarea Planta Personal/input_Ir_nav_t66_input"), 0): Object 'Object Repository/1-OBJECTS TAREAS PRINCIPALES/Modulo Tarea Compensacion/Tarea Planta Personal/input_Ir_nav_t66_input' is visible

2023-04-10 08:58:38 - [MESSAGE][WARNING] - Timeout '0' is invalid. Using default page load timeout: '37'

2023-04-10 08:58:38 - [MESSAGE][PASSED] - Object 'Object Repository/1-OBJECTS TAREAS PRINCIPALES/Modulo Tarea Compensacion/Tarea Planta Personal/input_Ir_nav_t66_input' is visible

2023-04-10 08:58:38 - [TEST_STEP][PASSED] - setText(findTestObject("1-OBJECTS TAREAS PRINCIPALES/Modulo Tarea Compensacion/Tarea Planta Personal/input_Ir_nav_t66_input"), "Planta Personal (tal)"): Text 'Planta Personal (tal)' is set on object 'Object Repository/1-OBJECTS TAREAS PRINCIPALES/Modulo Tarea Compensacion/Tarea Planta Personal/input_Ir_nav_t66_input'

2023-04-10 08:58:39 - [MESSAGE][PASSED] - Text 'Planta Personal (tal)' is set on object 'Object Repository/1-OBJECTS TAREAS PRINCIPALES/Modulo Tarea Compensacion/Tarea Planta Personal/input_Ir_nav_t66_input'

2023-04-10 08:58:39 - [TEST_STEP][PASSED] - waitForElementVisible(findTestObject("1-OBJECTS TAREAS PRINCIPALES/Modulo Tarea Compensacion/Tarea Planta Personal/span_Planta Personal (tal)"), 0): Object 'Object Repository/1-OBJECTS TAREAS PRINCIPALES/Modulo Tarea Compensacion/Tarea Planta Personal/span_Planta Personal (tal)' is visible

2023-04-10 08:58:39 - [MESSAGE][WARNING] - Timeout '0' is invalid. Using default page load timeout: '37'

2023-04-10 08:58:41 - [MESSAGE][PASSED] - Object 'Object Repository/1-OBJECTS TAREAS PRINCIPALES/Modulo Tarea Compensacion/Tarea Planta Personal/span_Planta Personal (tal)' is visible

2023-04-10 08:58:41 - [TEST_STEP][PASSED] - click(findTestObject("1-OBJECTS TAREAS PRINCIPALES/Modulo Tarea Compensacion/Tarea Planta Personal/span_Planta Personal (tal)")): Object: 'Object Repository/1-OBJECTS TAREAS PRINCIPALES/Modulo Tarea Compensacion/Tarea Planta Personal/span_Planta Personal (tal)' is clicked on

2023-04-10 08:58:41 - [MESSAGE][PASSED] - Object: 'Object Repository/1-OBJECTS TAREAS PRINCIPALES/Modulo Tarea Compensacion/Tarea Planta Personal/span_Planta Personal (tal)' is clicked on

2023-04-10 08:58:41 - [MESSAGE][PASSED] - Call Test Case 'Test Cases/Utilidades-(atajos_para _tareas)/Tareas Administracion Compensacion/Tarea Planta Personal' successfully

2023-04-10 08:58:41 - [TEST_STEP][PASSED] - waitForElementClickable(findTestObject("1-OBJECTS TAREAS PRINCIPALES/Modulo Tarea Compensacion/Actualizacion de Datos en Puesto de Trabajo/span_Administracion"), 0): Object 'Object Repository/1-OBJECTS TAREAS PRINCIPALES/Modulo Tarea Compensacion/Actualizacion de Datos en Puesto de Trabajo/span_Administracion' is clickable

2023-04-10 08:58:41 - [MESSAGE][WARNING] - Timeout '0' is invalid. Using default page load timeout: '37'

2023-04-10 08:58:42 - [MESSAGE][PASSED] - Object 'Object Repository/1-OBJECTS TAREAS PRINCIPALES/Modulo Tarea Compensacion/Actualizacion de Datos en Puesto de Trabajo/span_Administracion' is clickable

2023-04-10 08:58:42 - [TEST_STEP][PASSED] - click(findTestObject("1-OBJECTS TAREAS PRINCIPALES/Modulo Tarea Compensacion/Actualizacion de Datos en Puesto de Trabajo/span_Administracion")): Object: 'Object Repository/1-OBJECTS TAREAS PRINCIPALES/Modulo Tarea Compensacion/Actualizacion de Datos en Puesto de Trabajo/span_Administracion' is clicked on

2023-04-10 08:58:43 - [MESSAGE][PASSED] - Object: 'Object Repository/1-OBJECTS TAREAS PRINCIPALES/Modulo Tarea Compensacion/Actualizacion de Datos en Puesto de Trabajo/span_Administracion' is clicked on

2023-04-10 08:58:43 - [TEST_STEP][PASSED] - doubleClick(findTestObject("1-OBJECTS TAREAS PRINCIPALES/Modulo Tarea Compensacion/Actualizacion de Datos en Puesto de Trabajo/a_Abogado_organigramaj_idt110")): Object: 'Object Repository/1-OBJECTS TAREAS PRINCIPALES/Modulo Tarea Compensacion/Actualizacion de Datos en Puesto de Trabajo/a_Abogado_organigramaj_idt110' is double clicked on

2023-04-10 08:58:44 - [MESSAGE][PASSED] - Object: 'Object Repository/1-OBJECTS TAREAS PRINCIPALES/Modulo Tarea Compensacion/Actualizacion de Datos en Puesto de Trabajo/a_Abogado_organigramaj_idt110' is double clicked on

2023-04-10 08:58:44 - [TEST_STEP][PASSED] - click(findTestObject("1-OBJECTS TAREAS PRINCIPALES/Modulo Tarea Compensacion/Actualizacion de Datos en Puesto de Trabajo/a_Datos De Nomina")): Object: 'Object Repository/1-OBJECTS TAREAS PRINCIPALES/Modulo Tarea Compensacion/Actualizacion de Datos en Puesto de Trabajo/a_Datos De Nomina' is clicked on

2023-04-10 08:58:45 - [MESSAGE][PASSED] - Object: 'Object Repository/1-OBJECTS TAREAS PRINCIPALES/Modulo Tarea Compensacion/Actualizacion de Datos en Puesto de Trabajo/a_Datos De Nomina' is clicked on

2023-04-10 08:58:45 - [TEST_STEP][PASSED] - click(findTestObject("1-OBJECTS TAREAS PRINCIPALES/Modulo Tarea Compensacion/Actualizacion de Datos en Puesto de Trabajo/a_Zona Econmica_datosPuestoTrabajo_formj_idt1277")): Object: 'Object Repository/1-OBJECTS TAREAS PRINCIPALES/Modulo Tarea Compensacion/Actualizacion de Datos en Puesto de Trabajo/a_Zona Econmica_datosPuestoTrabajo_formj_idt1277' is clicked on

2023-04-10 08:58:46 - [MESSAGE][PASSED] - Object: 'Object Repository/1-OBJECTS TAREAS PRINCIPALES/Modulo Tarea Compensacion/Actualizacion de Datos en Puesto de Trabajo/a_Zona Econmica_datosPuestoTrabajo_formj_idt1277' is clicked on

2023-04-10 08:58:46 - [TEST_STEP][PASSED] - click(findTestObject("1-OBJECTS TAREAS PRINCIPALES/Modulo Tarea Compensacion/Actualizacion de Datos en Puesto de Trabajo/span_Centro Costo de Prueba")): Object: 'Object Repository/1-OBJECTS TAREAS PRINCIPALES/Modulo Tarea Compensacion/Actualizacion de Datos en Puesto de Trabajo/span_Centro Costo de Prueba' is clicked on

2023-04-10 08:58:46 - [MESSAGE][PASSED] - Object: 'Object Repository/1-OBJECTS TAREAS PRINCIPALES/Modulo Tarea Compensacion/Actualizacion de Datos en Puesto de Trabajo/span_Centro Costo de Prueba' is clicked on

2023-04-10 08:58:46 - [TEST_STEP][PASSED] - click(findTestObject("1-OBJECTS TAREAS PRINCIPALES/Modulo Tarea Compensacion/Actualizacion de Datos en Puesto de Trabajo/select_-- Seleccione empleados_lineacosto"), STOP_ON_FAILURE): Object: 'Object Repository/1-OBJECTS TAREAS PRINCIPALES/Modulo Tarea Compensacion/Actualizacion de Datos en Puesto de Trabajo/select_-- Seleccione empleados_lineacosto' is clicked on

2023-04-10 08:58:47 - [MESSAGE][PASSED] - Object: 'Object Repository/1-OBJECTS TAREAS PRINCIPALES/Modulo Tarea Compensacion/Actualizacion de Datos en Puesto de Trabajo/select_-- Seleccione empleados_lineacosto' is clicked on

2023-04-10 08:58:47 - [TEST_STEP][PASSED] - if (verifyOptionSelectedByIndex(findTestObject("1-OBJECTS TAREAS PRINCIPALES/Modulo Tarea Compensacion/Actualizacion de Datos en Puesto de Trabajo/select_-- Seleccione empleados_lineacosto"), 1, 0, OPTIONAL)): null

2023-04-10 08:58:47 - [MESSAGE][WARNING] - Timeout '0' is invalid. Using default page load timeout: '37'

2023-04-10 08:58:48 - [MESSAGE][PASSED] - All options with index range in '1' are selected in object 'Object Repository/1-OBJECTS TAREAS PRINCIPALES/Modulo Tarea Compensacion/Actualizacion de Datos en Puesto de Trabajo/select_-- Seleccione empleados_lineacosto'

2023-04-10 08:58:48 - [TEST_STEP][PASSED] - selectOptionByIndex(findTestObject("1-OBJECTS TAREAS PRINCIPALES/Modulo Tarea Compensacion/Actualizacion de Datos en Puesto de Trabajo/select_-- Seleccione empleados_lineacosto"), 3): All options with index in [3] are selected on object 'Object Repository/1-OBJECTS TAREAS PRINCIPALES/Modulo Tarea Compensacion/Actualizacion de Datos en Puesto de Trabajo/select_-- Seleccione empleados_lineacosto'

2023-04-10 08:58:49 - [MESSAGE][PASSED] - All options with index in [3] are selected on object 'Object Repository/1-OBJECTS TAREAS PRINCIPALES/Modulo Tarea Compensacion/Actualizacion de Datos en Puesto de Trabajo/select_-- Seleccione empleados_lineacosto'

2023-04-10 08:58:49 - [TEST_STEP][PASSED] - if (verifyOptionSelectedByIndex(findTestObject("1-OBJECTS TAREAS PRINCIPALES/Modulo Tarea Compensacion/Actualizacion de Datos en Puesto de Trabajo/select_-- Seleccione Ubicacin Fsica"), 3, 1, OPTIONAL)): Only 0 in 1 option(s) with index range [3] is/are selected in object 'Object Repository/1-OBJECTS TAREAS PRINCIPALES/Modulo Tarea Compensacion/Actualizacion de Datos en Puesto de Trabajo/select_-- Seleccione Ubicacin Fsica' (Root cause: com.kms.katalon.core.exception.StepFailedException: Only 0 in 1 option(s) with index range [3] is/are selected in object 'Object Repository/1-OBJECTS TAREAS PRINCIPALES/Modulo Tarea Compensacion/Actualizacion de Datos en Puesto de Trabajo/select_-- Seleccione Ubicacin Fsica'
	at com.kms.katalon.core.webui.keyword.internal.WebUIKeywordMain.stepFailed(WebUIKeywordMain.groovy:64)
	at com.kms.katalon.core.webui.keyword.builtin.VerifyOptionSelectedByIndexKeyword$_verifyOptionSelectedByIndex_closure1.doCall(VerifyOptionSelectedByIndexKeyword.groovy:91)
	at com.kms.katalon.core.webui.keyword.builtin.VerifyOptionSelectedByIndexKeyword$_verifyOptionSelectedByIndex_closure1.call(VerifyOptionSelectedByIndexKeyword.groovy)
	at com.kms.katalon.core.webui.keyword.internal.WebUIKeywordMain.runKeyword(WebUIKeywordMain.groovy:20)
	at com.kms.katalon.core.webui.keyword.builtin.VerifyOptionSelectedByIndexKeyword.verifyOptionSelectedByIndex(VerifyOptionSelectedByIndexKeyword.groovy:102)
	at com.kms.katalon.core.webui.keyword.builtin.VerifyOptionSelectedByIndexKeyword.execute(VerifyOptionSelectedByIndexKeyword.groovy:69)
	at com.kms.katalon.core.keyword.internal.KeywordExecutor.executeKeywordForPlatform(KeywordExecutor.groovy:74)
	at com.kms.katalon.core.webui.keyword.WebUiBuiltInKeywords.verifyOptionSelectedByIndex(WebUiBuiltInKeywords.groovy:2326)
	at com.kms.katalon.core.webui.keyword.WebUiBuiltInKeywords$verifyOptionSelectedByIndex$25.call(Unknown Source)
	at 1.4.5-Actualizacion de Datos en Puesto de Trabajo.run(1.4.5-Actualizacion de Datos en Puesto de Trabajo:54)
	at com.kms.katalon.core.main.ScriptEngine.run(ScriptEngine.java:194)
	at com.kms.katalon.core.main.ScriptEngine.runScriptAsRawText(ScriptEngine.java:119)
	at com.kms.katalon.core.main.TestCaseExecutor.runScript(TestCaseExecutor.java:448)
	at com.kms.katalon.core.main.TestCaseExecutor.doExecute(TestCaseExecutor.java:439)
	at com.kms.katalon.core.main.TestCaseExecutor.processExecutionPhase(TestCaseExecutor.java:418)
	at com.kms.katalon.core.main.TestCaseExecutor.accessMainPhase(TestCaseExecutor.java:410)
	at com.kms.katalon.core.main.TestCaseExecutor.execute(TestCaseExecutor.java:285)
	at com.kms.katalon.core.common.CommonExecutor.accessTestCaseMainPhase(CommonExecutor.java:65)
	at com.kms.katalon.core.main.TestSuiteExecutor.accessTestSuiteMainPhase(TestSuiteExecutor.java:148)
	at com.kms.katalon.core.main.TestSuiteExecutor.execute(TestSuiteExecutor.java:106)
	at com.kms.katalon.core.main.TestCaseMain.startTestSuite(TestCaseMain.java:187)
	at com.kms.katalon.core.main.TestCaseMain$startTestSuite$0.call(Unknown Source)
	at TempTestSuite1681133572502.run(TempTestSuite1681133572502.groovy:36)
)

2023-04-10 08:59:07 - [MESSAGE][WARNING] - Only 0 in 1 option(s) with index range [3] is/are selected in object 'Object Repository/1-OBJECTS TAREAS PRINCIPALES/Modulo Tarea Compensacion/Actualizacion de Datos en Puesto de Trabajo/select_-- Seleccione Ubicacin Fsica' (Root cause: com.kms.katalon.core.exception.StepFailedException: Only 0 in 1 option(s) with index range [3] is/are selected in object 'Object Repository/1-OBJECTS TAREAS PRINCIPALES/Modulo Tarea Compensacion/Actualizacion de Datos en Puesto de Trabajo/select_-- Seleccione Ubicacin Fsica'
	at com.kms.katalon.core.webui.keyword.internal.WebUIKeywordMain.stepFailed(WebUIKeywordMain.groovy:64)
	at com.kms.katalon.core.webui.keyword.builtin.VerifyOptionSelectedByIndexKeyword$_verifyOptionSelectedByIndex_closure1.doCall(VerifyOptionSelectedByIndexKeyword.groovy:91)
	at com.kms.katalon.core.webui.keyword.builtin.VerifyOptionSelectedByIndexKeyword$_verifyOptionSelectedByIndex_closure1.call(VerifyOptionSelectedByIndexKeyword.groovy)
	at com.kms.katalon.core.webui.keyword.internal.WebUIKeywordMain.runKeyword(WebUIKeywordMain.groovy:20)
	at com.kms.katalon.core.webui.keyword.builtin.VerifyOptionSelectedByIndexKeyword.verifyOptionSelectedByIndex(VerifyOptionSelectedByIndexKeyword.groovy:102)
	at com.kms.katalon.core.webui.keyword.builtin.VerifyOptionSelectedByIndexKeyword.execute(VerifyOptionSelectedByIndexKeyword.groovy:69)
	at com.kms.katalon.core.keyword.internal.KeywordExecutor.executeKeywordForPlatform(KeywordExecutor.groovy:74)
	at com.kms.katalon.core.webui.keyword.WebUiBuiltInKeywords.verifyOptionSelectedByIndex(WebUiBuiltInKeywords.groovy:2326)
	at com.kms.katalon.core.webui.keyword.WebUiBuiltInKeywords$verifyOptionSelectedByIndex$25.call(Unknown Source)
	at 1.4.5-Actualizacion de Datos en Puesto de Trabajo.run(1.4.5-Actualizacion de Datos en Puesto de Trabajo:54)
	at com.kms.katalon.core.main.ScriptEngine.run(ScriptEngine.java:194)
	at com.kms.katalon.core.main.ScriptEngine.runScriptAsRawText(ScriptEngine.java:119)
	at com.kms.katalon.core.main.TestCaseExecutor.runScript(TestCaseExecutor.java:448)
	at com.kms.katalon.core.main.TestCaseExecutor.doExecute(TestCaseExecutor.java:439)
	at com.kms.katalon.core.main.TestCaseExecutor.processExecutionPhase(TestCaseExecutor.java:418)
	at com.kms.katalon.core.main.TestCaseExecutor.accessMainPhase(TestCaseExecutor.java:410)
	at com.kms.katalon.core.main.TestCaseExecutor.execute(TestCaseExecutor.java:285)
	at com.kms.katalon.core.common.CommonExecutor.accessTestCaseMainPhase(CommonExecutor.java:65)
	at com.kms.katalon.core.main.TestSuiteExecutor.accessTestSuiteMainPhase(TestSuiteExecutor.java:148)
	at com.kms.katalon.core.main.TestSuiteExecutor.execute(TestSuiteExecutor.java:106)
	at com.kms.katalon.core.main.TestCaseMain.startTestSuite(TestCaseMain.java:187)
	at com.kms.katalon.core.main.TestCaseMain$startTestSuite$0.call(Unknown Source)
	at TempTestSuite1681133572502.run(TempTestSuite1681133572502.groovy:36)
)
[[ATTACHMENT|C:\\Users\\diego.rojas\\git\\Pruebas-Minimas\\Reports\\20230410_083252\\Test_Suite_Principales\\1-Tareas Principales\\20230410_083252\\1681135147133.png]]

2023-04-10 08:59:07 - [TEST_STEP][PASSED] - else: All options with index in [3] are selected on object 'Object Repository/1-OBJECTS TAREAS PRINCIPALES/Modulo Tarea Compensacion/Actualizacion de Datos en Puesto de Trabajo/select_-- Seleccione Ubicacin Fsica'

2023-04-10 08:59:07 - [TEST_STEP][PASSED] - selectOptionByIndex(findTestObject("1-OBJECTS TAREAS PRINCIPALES/Modulo Tarea Compensacion/Actualizacion de Datos en Puesto de Trabajo/select_-- Seleccione Ubicacin Fsica"), 3): All options with index in [3] are selected on object 'Object Repository/1-OBJECTS TAREAS PRINCIPALES/Modulo Tarea Compensacion/Actualizacion de Datos en Puesto de Trabajo/select_-- Seleccione Ubicacin Fsica'

2023-04-10 08:59:08 - [MESSAGE][PASSED] - All options with index in [3] are selected on object 'Object Repository/1-OBJECTS TAREAS PRINCIPALES/Modulo Tarea Compensacion/Actualizacion de Datos en Puesto de Trabajo/select_-- Seleccione Ubicacin Fsica'

2023-04-10 08:59:08 - [TEST_STEP][PASSED] - if (verifyOptionSelectedByIndex(findTestObject("1-OBJECTS TAREAS PRINCIPALES/Modulo Tarea Compensacion/Actualizacion de Datos en Puesto de Trabajo/select_Turno"), 4, 1, OPTIONAL)): null

2023-04-10 08:59:10 - [MESSAGE][PASSED] - All options with index range in '4' are selected in object 'Object Repository/1-OBJECTS TAREAS PRINCIPALES/Modulo Tarea Compensacion/Actualizacion de Datos en Puesto de Trabajo/select_Turno'

2023-04-10 08:59:10 - [TEST_STEP][PASSED] - selectOptionByIndex(findTestObject("1-OBJECTS TAREAS PRINCIPALES/Modulo Tarea Compensacion/Actualizacion de Datos en Puesto de Trabajo/select_Turno"), 5): All options with index in [5] are selected on object 'Object Repository/1-OBJECTS TAREAS PRINCIPALES/Modulo Tarea Compensacion/Actualizacion de Datos en Puesto de Trabajo/select_Turno'

2023-04-10 08:59:11 - [MESSAGE][PASSED] - All options with index in [5] are selected on object 'Object Repository/1-OBJECTS TAREAS PRINCIPALES/Modulo Tarea Compensacion/Actualizacion de Datos en Puesto de Trabajo/select_Turno'

2023-04-10 08:59:11 - [TEST_STEP][PASSED] - if (verifyOptionSelectedByIndex(findTestObject("1-OBJECTS TAREAS PRINCIPALES/Modulo Tarea Compensacion/Actualizacion de Datos en Puesto de Trabajo/select_Tipo Periodo"), 7, 1, OPTIONAL)): null

2023-04-10 08:59:13 - [MESSAGE][PASSED] - All options with index range in '7' are selected in object 'Object Repository/1-OBJECTS TAREAS PRINCIPALES/Modulo Tarea Compensacion/Actualizacion de Datos en Puesto de Trabajo/select_Tipo Periodo'

2023-04-10 08:59:13 - [TEST_STEP][PASSED] - selectOptionByIndex(findTestObject("1-OBJECTS TAREAS PRINCIPALES/Modulo Tarea Compensacion/Actualizacion de Datos en Puesto de Trabajo/select_Tipo Periodo"), "6"): All options with index in [6] are selected on object 'Object Repository/1-OBJECTS TAREAS PRINCIPALES/Modulo Tarea Compensacion/Actualizacion de Datos en Puesto de Trabajo/select_Tipo Periodo'

2023-04-10 08:59:14 - [MESSAGE][PASSED] - All options with index in [6] are selected on object 'Object Repository/1-OBJECTS TAREAS PRINCIPALES/Modulo Tarea Compensacion/Actualizacion de Datos en Puesto de Trabajo/select_Tipo Periodo'

2023-04-10 08:59:14 - [TEST_STEP][PASSED] - if (verifyOptionSelectedByIndex(findTestObject("1-OBJECTS TAREAS PRINCIPALES/Modulo Tarea Compensacion/Actualizacion de Datos en Puesto de Trabajo/select_Vinculacion"), "8", 1, OPTIONAL)): null

2023-04-10 08:59:15 - [MESSAGE][PASSED] - All options with index range in '8' are selected in object 'Object Repository/1-OBJECTS TAREAS PRINCIPALES/Modulo Tarea Compensacion/Actualizacion de Datos en Puesto de Trabajo/select_Vinculacion'

2023-04-10 08:59:15 - [TEST_STEP][PASSED] - selectOptionByIndex(findTestObject("1-OBJECTS TAREAS PRINCIPALES/Modulo Tarea Compensacion/Actualizacion de Datos en Puesto de Trabajo/select_Vinculacion"), 9): All options with index in [9] are selected on object 'Object Repository/1-OBJECTS TAREAS PRINCIPALES/Modulo Tarea Compensacion/Actualizacion de Datos en Puesto de Trabajo/select_Vinculacion'

2023-04-10 08:59:17 - [MESSAGE][PASSED] - All options with index in [9] are selected on object 'Object Repository/1-OBJECTS TAREAS PRINCIPALES/Modulo Tarea Compensacion/Actualizacion de Datos en Puesto de Trabajo/select_Vinculacion'

2023-04-10 08:59:17 - [TEST_STEP][PASSED] - if (verifyOptionSelectedByIndex(findTestObject("1-OBJECTS TAREAS PRINCIPALES/Modulo Tarea Compensacion/Actualizacion de Datos en Puesto de Trabajo/select_Rol"), 1, 1, OPTIONAL)): null

2023-04-10 08:59:18 - [MESSAGE][PASSED] - All options with index range in '1' are selected in object 'Object Repository/1-OBJECTS TAREAS PRINCIPALES/Modulo Tarea Compensacion/Actualizacion de Datos en Puesto de Trabajo/select_Rol'

2023-04-10 08:59:18 - [TEST_STEP][PASSED] - selectOptionByIndex(findTestObject("1-OBJECTS TAREAS PRINCIPALES/Modulo Tarea Compensacion/Actualizacion de Datos en Puesto de Trabajo/select_Rol"), 3): All options with index in [3] are selected on object 'Object Repository/1-OBJECTS TAREAS PRINCIPALES/Modulo Tarea Compensacion/Actualizacion de Datos en Puesto de Trabajo/select_Rol'

2023-04-10 08:59:19 - [MESSAGE][PASSED] - All options with index in [3] are selected on object 'Object Repository/1-OBJECTS TAREAS PRINCIPALES/Modulo Tarea Compensacion/Actualizacion de Datos en Puesto de Trabajo/select_Rol'

2023-04-10 08:59:19 - [TEST_STEP][PASSED] - setText(findTestObject("1-OBJECTS TAREAS PRINCIPALES/Modulo Tarea Compensacion/Actualizacion de Datos en Puesto de Trabajo/input_Mesada"), identificacion): Text '1831505' is set on object 'Object Repository/1-OBJECTS TAREAS PRINCIPALES/Modulo Tarea Compensacion/Actualizacion de Datos en Puesto de Trabajo/input_Mesada'

2023-04-10 08:59:20 - [MESSAGE][PASSED] - Text '1831505' is set on object 'Object Repository/1-OBJECTS TAREAS PRINCIPALES/Modulo Tarea Compensacion/Actualizacion de Datos en Puesto de Trabajo/input_Mesada'

2023-04-10 08:59:20 - [TEST_STEP][PASSED] - click(findTestObject("1-OBJECTS TAREAS PRINCIPALES/Modulo Tarea Compensacion/Actualizacion de Datos en Puesto de Trabajo/a_Actualizar")): Object: 'Object Repository/1-OBJECTS TAREAS PRINCIPALES/Modulo Tarea Compensacion/Actualizacion de Datos en Puesto de Trabajo/a_Actualizar' is clicked on

2023-04-10 08:59:21 - [MESSAGE][PASSED] - Object: 'Object Repository/1-OBJECTS TAREAS PRINCIPALES/Modulo Tarea Compensacion/Actualizacion de Datos en Puesto de Trabajo/a_Actualizar' is clicked on

2023-04-10 08:59:21 - [TEST_STEP][PASSED] - Result = getText(findTestObject("3-OBJECTS UTILIDADES/Alerta/Alerta")): Text of object 'Object Repository/3-OBJECTS UTILIDADES/Alerta/Alerta' is: 'Se Actualizo el registro correctamente'

2023-04-10 08:59:22 - [MESSAGE][PASSED] - Text of object 'Object Repository/3-OBJECTS UTILIDADES/Alerta/Alerta' is: 'Se Actualizo el registro correctamente'

2023-04-10 08:59:22 - [TEST_STEP][PASSED] - if (Result == "Se Actualizo el registro correctamente"): null

2023-04-10 08:59:22 - [TEST_STEP][PASSED] - resultado = "prueba ok": null

2023-04-10 08:59:22 - [TEST_STEP][PASSED] - salir(): null

2023-04-10 08:59:22 - [TEST_STEP][PASSED] - click(findTestObject("1-OBJECTS TAREAS PRINCIPALES/Modulo Tarea Compensacion/Actualizacion de Datos en Puesto de Trabajo/a_Empresa 1_cerrar_menu")): Object: 'Object Repository/1-OBJECTS TAREAS PRINCIPALES/Modulo Tarea Compensacion/Actualizacion de Datos en Puesto de Trabajo/a_Empresa 1_cerrar_menu' is clicked on

2023-04-10 08:59:22 - [MESSAGE][PASSED] - Object: 'Object Repository/1-OBJECTS TAREAS PRINCIPALES/Modulo Tarea Compensacion/Actualizacion de Datos en Puesto de Trabajo/a_Empresa 1_cerrar_menu' is clicked on

2023-04-10 08:59:22 - [TEST_STEP][PASSED] - click(findTestObject("1-OBJECTS TAREAS PRINCIPALES/Modulo Tarea Compensacion/Actualizacion de Datos en Puesto de Trabajo/a_Administrador_glyphicons glyphicons-exit")): Object: 'Object Repository/1-OBJECTS TAREAS PRINCIPALES/Modulo Tarea Compensacion/Actualizacion de Datos en Puesto de Trabajo/a_Administrador_glyphicons glyphicons-exit' is clicked on

2023-04-10 08:59:23 - [MESSAGE][PASSED] - Object: 'Object Repository/1-OBJECTS TAREAS PRINCIPALES/Modulo Tarea Compensacion/Actualizacion de Datos en Puesto de Trabajo/a_Administrador_glyphicons glyphicons-exit' is clicked on

2023-04-10 08:59:23 - [TEST_STEP][PASSED] - waitForElementVisible(findTestObject("1-OBJECTS TAREAS PRINCIPALES/Modulo Tarea Compensacion/Actualizacion de Datos en Puesto de Trabajo/div_Ingresar Olvide Mi Clave"), 0): Object 'Object Repository/1-OBJECTS TAREAS PRINCIPALES/Modulo Tarea Compensacion/Actualizacion de Datos en Puesto de Trabajo/div_Ingresar Olvide Mi Clave' is visible

2023-04-10 08:59:23 - [MESSAGE][WARNING] - Timeout '0' is invalid. Using default page load timeout: '37'

2023-04-10 08:59:24 - [MESSAGE][PASSED] - Object 'Object Repository/1-OBJECTS TAREAS PRINCIPALES/Modulo Tarea Compensacion/Actualizacion de Datos en Puesto de Trabajo/div_Ingresar Olvide Mi Clave' is visible

2023-04-10 08:59:24 - [TEST_STEP][PASSED] - closeBrowser(): Browser is closed

2023-04-10 08:59:24 - [MESSAGE][PASSED] - Browser is closed]]></system-out>
         <system-err><![CDATA[]]></system-err>
      </testcase>
      <testcase name="Test Cases/1.1-Tareas Principales/1.4.6-Prestamo Liquidacion Periodica" time="66.314" classname="Test Cases/1.1-Tareas Principales/1.4.6-Prestamo Liquidacion Periodica" status="PASSED">
         <system-out><![CDATA[2023-04-10 08:59:24 - [TEST_CASE][PASSED] - Test Cases/1.1-Tareas Principales/1.4.6-Prestamo Liquidacion Periodica: Test Cases/1.1-Tareas Principales/1.4.6-Prestamo Liquidacion Periodica

2023-04-10 08:59:25 - [TEST_STEP][PASSED] - callTestCase(findTestCase("Utilidades-(atajos_para _tareas)/Tareas Administracion Compensacion/Tarea Listado Empleados"), [:], STOP_ON_FAILURE): Call Test Case 'Test Cases/Utilidades-(atajos_para _tareas)/Tareas Administracion Compensacion/Tarea Listado Empleados' successfully

2023-04-10 08:59:25 - [TEST_CASE][PASSED] - Test Cases/Utilidades-(atajos_para _tareas)/Tareas Administracion Compensacion/Tarea Listado Empleados: Test Cases/Utilidades-(atajos_para _tareas)/Tareas Administracion Compensacion/Tarea Listado Empleados

2023-04-10 08:59:25 - [TEST_STEP][PASSED] - callTestCase(findTestCase("0.1-Login"), [:], STOP_ON_FAILURE): Call Test Case 'Test Cases/0.1-Login' successfully

2023-04-10 08:59:25 - [TEST_CASE][PASSED] - Test Cases/0.1-Login: Test Cases/0.1-Login

2023-04-10 08:59:25 - [TEST_STEP][PASSED] - openBrowser(""): Browser is opened with url: ''

2023-04-10 08:59:25 - [MESSAGE][INFO] - Starting 'Chrome' driver

2023-04-10 08:59:25 - [MESSAGE][INFO] - Action delay is set to 0 milliseconds

2023-04-10 08:59:26 - [MESSAGE][PASSED] - Browser is opened with url: ''

2023-04-10 08:59:26 - [TEST_STEP][PASSED] - maximizeWindow(): Current window maximized

2023-04-10 08:59:26 - [MESSAGE][PASSED] - Current window maximized

2023-04-10 08:59:26 - [TEST_STEP][PASSED] - i = G_Login: null

2023-04-10 08:59:26 - [TEST_STEP][PASSED] - url = new java.net.URL(i): null

2023-04-10 08:59:26 - [TEST_STEP][PASSED] - println("URL: " + url.toString()): null

2023-04-10 08:59:26 - [TEST_STEP][PASSED] - connection = url.openConnection(): null

2023-04-10 08:59:26 - [TEST_STEP][PASSED] - connection.setRequestMethod("GET"): null

2023-04-10 08:59:26 - [TEST_STEP][PASSED] - connection.setReadTimeout(2 * 1000): null

2023-04-10 08:59:26 - [TEST_STEP][PASSED] - try: null

2023-04-10 08:59:26 - [TEST_STEP][PASSED] - connection.connect(): null

2023-04-10 08:59:26 - [TEST_STEP][PASSED] - flag = connected: null

2023-04-10 08:59:26 - [TEST_STEP][PASSED] - println("Valor_ori: " + flag): null

2023-04-10 08:59:26 - [TEST_STEP][PASSED] - if (flag): null

2023-04-10 08:59:26 - [TEST_STEP][PASSED] - navigateToUrl(i): Navigate to 'http://192.168.2.19:8380/saraweb' successfully

2023-04-10 08:59:26 - [MESSAGE][PASSED] - Navigate to 'http://192.168.2.19:8380/saraweb' successfully

2023-04-10 08:59:26 - [TEST_STEP][PASSED] - a(): null

2023-04-10 08:59:26 - [TEST_STEP][PASSED] - if (waitForElementVisible(findTestObject("3-OBJECTS UTILIDADES/Login/input_USUARIO_loginusuario"), 0)): null

2023-04-10 08:59:27 - [MESSAGE][WARNING] - Timeout '0' is invalid. Using default page load timeout: '37'

2023-04-10 08:59:27 - [MESSAGE][PASSED] - Object 'Object Repository/3-OBJECTS UTILIDADES/Login/input_USUARIO_loginusuario' is visible

2023-04-10 08:59:27 - [TEST_STEP][PASSED] - switchToWindowTitle("SARA"): Switched to window with title: 'SARA'

2023-04-10 08:59:27 - [MESSAGE][PASSED] - Switched to window with title: 'SARA'

2023-04-10 08:59:27 - [TEST_STEP][PASSED] - zoom(): null

2023-04-10 08:59:27 - [TEST_STEP][PASSED] - robot = new java.awt.Robot(): null

2023-04-10 08:59:27 - [TEST_STEP][PASSED] - robot.keyPress(VK_CONTROL): null

2023-04-10 08:59:27 - [TEST_STEP][PASSED] - robot.keyPress(VK_SUBTRACT): null

2023-04-10 08:59:27 - [TEST_STEP][PASSED] - robot.keyRelease(VK_CONTROL): null

2023-04-10 08:59:27 - [TEST_STEP][PASSED] - robot.keyRelease(VK_SUBTRACT): null

2023-04-10 08:59:27 - [TEST_STEP][PASSED] - robot.keyPress(VK_CONTROL): null

2023-04-10 08:59:27 - [TEST_STEP][PASSED] - robot.keyPress(VK_SUBTRACT): null

2023-04-10 08:59:27 - [TEST_STEP][PASSED] - robot.keyRelease(VK_CONTROL): null

2023-04-10 08:59:27 - [TEST_STEP][PASSED] - robot.keyRelease(VK_SUBTRACT): null

2023-04-10 08:59:27 - [TEST_STEP][PASSED] - robot.keyPress(VK_CONTROL): null

2023-04-10 08:59:27 - [TEST_STEP][PASSED] - robot.keyPress(VK_SUBTRACT): null

2023-04-10 08:59:27 - [TEST_STEP][PASSED] - robot.keyRelease(VK_CONTROL): null

2023-04-10 08:59:27 - [TEST_STEP][PASSED] - robot.keyRelease(VK_SUBTRACT): null

2023-04-10 08:59:27 - [TEST_STEP][PASSED] - robot.keyRelease(VK_CONTROL): null

2023-04-10 08:59:27 - [TEST_STEP][PASSED] - robot.keyRelease(VK_SUBTRACT): null

2023-04-10 08:59:27 - [TEST_STEP][PASSED] - setText(findTestObject("3-OBJECTS UTILIDADES/Login/input_USUARIO_loginusuario"), G_Usuario): Text 'saraadmin' is set on object 'Object Repository/3-OBJECTS UTILIDADES/Login/input_USUARIO_loginusuario'

2023-04-10 08:59:28 - [MESSAGE][PASSED] - Text 'saraadmin' is set on object 'Object Repository/3-OBJECTS UTILIDADES/Login/input_USUARIO_loginusuario'

2023-04-10 08:59:28 - [TEST_STEP][PASSED] - setEncryptedText(findTestObject("3-OBJECTS UTILIDADES/Login/input_CLAVE_loginpassword"), "SlAwMcyRKqrwbnzhAs8HhT6NnI7sEyng"): Text ****** has been set on object 'Object Repository/3-OBJECTS UTILIDADES/Login/input_CLAVE_loginpassword'

2023-04-10 08:59:29 - [MESSAGE][PASSED] - Text ****** has been set on object 'Object Repository/3-OBJECTS UTILIDADES/Login/input_CLAVE_loginpassword'

2023-04-10 08:59:29 - [TEST_STEP][PASSED] - while (waitForElementClickable(findTestObject("3-OBJECTS UTILIDADES/Login/a_Ingresar"), 1)): Web element with id: 'Object Repository/3-OBJECTS UTILIDADES/Login/a_Ingresar' located by '//a[contains(text(),'Ingresar')]' not found

2023-04-10 08:59:31 - [MESSAGE][INFO] - Unable to find the element located by 'By.xpath: //a[contains(text(),'Ingresar')]'. Please recheck the objects properties to make sure the desired element is located. 

2023-04-10 08:59:31 - [MESSAGE][WARNING] - Web element with id: 'Object Repository/3-OBJECTS UTILIDADES/Login/a_Ingresar' located by '//a[contains(text(),'Ingresar')]' not found

2023-04-10 08:59:31 - [MESSAGE][PASSED] - Call Test Case 'Test Cases/0.1-Login' successfully

2023-04-10 08:59:31 - [TEST_STEP][PASSED] - setText(findTestObject("1-OBJECTS TAREAS PRINCIPALES/Modulo Tarea Listado Hojas de Vida/Tareas Listado Hojas de Vida/input_Listado Hojas De Vida_form_templatej_idt24_input"), "Listado de Empleados"): Text 'Listado de Empleados' is set on object 'Object Repository/1-OBJECTS TAREAS PRINCIPALES/Modulo Tarea Listado Hojas de Vida/Tareas Listado Hojas de Vida/input_Listado Hojas De Vida_form_templatej_idt24_input'

2023-04-10 08:59:32 - [MESSAGE][PASSED] - Text 'Listado de Empleados' is set on object 'Object Repository/1-OBJECTS TAREAS PRINCIPALES/Modulo Tarea Listado Hojas de Vida/Tareas Listado Hojas de Vida/input_Listado Hojas De Vida_form_templatej_idt24_input'

2023-04-10 08:59:32 - [TEST_STEP][PASSED] - waitForElementVisible(findTestObject("1-OBJECTS TAREAS PRINCIPALES/Modulo Tarea Listado Hojas de Vida/Tareas Listado Hojas de Vida/span_Listado de Empleados"), 0): Object 'Object Repository/1-OBJECTS TAREAS PRINCIPALES/Modulo Tarea Listado Hojas de Vida/Tareas Listado Hojas de Vida/span_Listado de Empleados' is visible

2023-04-10 08:59:32 - [MESSAGE][WARNING] - Timeout '0' is invalid. Using default page load timeout: '37'

2023-04-10 08:59:34 - [MESSAGE][PASSED] - Object 'Object Repository/1-OBJECTS TAREAS PRINCIPALES/Modulo Tarea Listado Hojas de Vida/Tareas Listado Hojas de Vida/span_Listado de Empleados' is visible

2023-04-10 08:59:34 - [TEST_STEP][PASSED] - click(findTestObject("1-OBJECTS TAREAS PRINCIPALES/Modulo Tarea Listado Hojas de Vida/Tareas Listado Hojas de Vida/span_Listado de Empleados")): Object: 'Object Repository/1-OBJECTS TAREAS PRINCIPALES/Modulo Tarea Listado Hojas de Vida/Tareas Listado Hojas de Vida/span_Listado de Empleados' is clicked on

2023-04-10 08:59:34 - [MESSAGE][PASSED] - Object: 'Object Repository/1-OBJECTS TAREAS PRINCIPALES/Modulo Tarea Listado Hojas de Vida/Tareas Listado Hojas de Vida/span_Listado de Empleados' is clicked on

2023-04-10 08:59:34 - [MESSAGE][PASSED] - Call Test Case 'Test Cases/Utilidades-(atajos_para _tareas)/Tareas Administracion Compensacion/Tarea Listado Empleados' successfully

2023-04-10 08:59:34 - [TEST_STEP][PASSED] - setText(findTestObject("1-OBJECTS TAREAS PRINCIPALES/Modulo Tarea Compensacion/Prestamo Liquidacion Periodica/input_close_popupFiltroEmplead"), "1026588953"): Text '1026588953' is set on object 'Object Repository/1-OBJECTS TAREAS PRINCIPALES/Modulo Tarea Compensacion/Prestamo Liquidacion Periodica/input_close_popupFiltroEmplead'

2023-04-10 08:59:36 - [MESSAGE][PASSED] - Text '1026588953' is set on object 'Object Repository/1-OBJECTS TAREAS PRINCIPALES/Modulo Tarea Compensacion/Prestamo Liquidacion Periodica/input_close_popupFiltroEmplead'

2023-04-10 08:59:36 - [TEST_STEP][PASSED] - sendKeys(findTestObject("1-OBJECTS TAREAS PRINCIPALES/Modulo Tarea Compensacion/Prestamo Liquidacion Periodica/input_close_popupFiltroEmplead"), Keys.chord(ENTER)): Keys 'ENTER + ' sent to object: 'Object Repository/1-OBJECTS TAREAS PRINCIPALES/Modulo Tarea Compensacion/Prestamo Liquidacion Periodica/input_close_popupFiltroEmplead'

2023-04-10 08:59:37 - [MESSAGE][PASSED] - Keys 'ENTER + ' sent to object: 'Object Repository/1-OBJECTS TAREAS PRINCIPALES/Modulo Tarea Compensacion/Prestamo Liquidacion Periodica/input_close_popupFiltroEmplead'

2023-04-10 08:59:37 - [TEST_STEP][PASSED] - waitForElementClickable(findTestObject("1-OBJECTS TAREAS PRINCIPALES/Modulo Tarea Compensacion/Prestamo Liquidacion Periodica/span_CONSTA BELFEGORD JHON"), G_TimeOut): Object 'Object Repository/1-OBJECTS TAREAS PRINCIPALES/Modulo Tarea Compensacion/Prestamo Liquidacion Periodica/span_CONSTA BELFEGORD JHON' is clickable

2023-04-10 08:59:37 - [MESSAGE][PASSED] - Object 'Object Repository/1-OBJECTS TAREAS PRINCIPALES/Modulo Tarea Compensacion/Prestamo Liquidacion Periodica/span_CONSTA BELFEGORD JHON' is clickable

2023-04-10 08:59:37 - [TEST_STEP][PASSED] - click(findTestObject("1-OBJECTS TAREAS PRINCIPALES/Modulo Tarea Compensacion/Prestamo Liquidacion Periodica/span_CONSTA BELFEGORD JHON")): Object: 'Object Repository/1-OBJECTS TAREAS PRINCIPALES/Modulo Tarea Compensacion/Prestamo Liquidacion Periodica/span_CONSTA BELFEGORD JHON' is clicked on

2023-04-10 08:59:38 - [MESSAGE][PASSED] - Object: 'Object Repository/1-OBJECTS TAREAS PRINCIPALES/Modulo Tarea Compensacion/Prestamo Liquidacion Periodica/span_CONSTA BELFEGORD JHON' is clicked on

2023-04-10 08:59:38 - [TEST_STEP][PASSED] - waitForElementClickable(findTestObject("1-OBJECTS TAREAS PRINCIPALES/Modulo Tarea Compensacion/Prestamo Liquidacion Periodica/a_Liquidacin Periodica"), G_TimeOut): Object 'Object Repository/1-OBJECTS TAREAS PRINCIPALES/Modulo Tarea Compensacion/Prestamo Liquidacion Periodica/a_Liquidacin Periodica' is clickable

2023-04-10 08:59:39 - [MESSAGE][PASSED] - Object 'Object Repository/1-OBJECTS TAREAS PRINCIPALES/Modulo Tarea Compensacion/Prestamo Liquidacion Periodica/a_Liquidacin Periodica' is clickable

2023-04-10 08:59:39 - [TEST_STEP][PASSED] - click(findTestObject("1-OBJECTS TAREAS PRINCIPALES/Modulo Tarea Compensacion/Prestamo Liquidacion Periodica/a_Liquidacin Periodica")): Object: 'Object Repository/1-OBJECTS TAREAS PRINCIPALES/Modulo Tarea Compensacion/Prestamo Liquidacion Periodica/a_Liquidacin Periodica' is clicked on

2023-04-10 08:59:39 - [MESSAGE][PASSED] - Object: 'Object Repository/1-OBJECTS TAREAS PRINCIPALES/Modulo Tarea Compensacion/Prestamo Liquidacion Periodica/a_Liquidacin Periodica' is clicked on

2023-04-10 08:59:39 - [TEST_STEP][PASSED] - while (waitForElementVisible(findTestObject("1-OBJECTS TAREAS PRINCIPALES/Modulo Tarea Compensacion/Prestamo Liquidacion Periodica/span_Prestamo Bancolombia"), 1)): null

2023-04-10 08:59:40 - [MESSAGE][PASSED] - Object 'Object Repository/1-OBJECTS TAREAS PRINCIPALES/Modulo Tarea Compensacion/Prestamo Liquidacion Periodica/span_Prestamo Bancolombia' is visible

2023-04-10 08:59:40 - [TEST_STEP][PASSED] - click(findTestObject("1-OBJECTS TAREAS PRINCIPALES/Modulo Tarea Compensacion/Prestamo Liquidacion Periodica/span_Prestamo Bancolombia")): Object: 'Object Repository/1-OBJECTS TAREAS PRINCIPALES/Modulo Tarea Compensacion/Prestamo Liquidacion Periodica/span_Prestamo Bancolombia' is clicked on

2023-04-10 08:59:40 - [MESSAGE][PASSED] - Object: 'Object Repository/1-OBJECTS TAREAS PRINCIPALES/Modulo Tarea Compensacion/Prestamo Liquidacion Periodica/span_Prestamo Bancolombia' is clicked on

2023-04-10 08:59:40 - [TEST_STEP][PASSED] - click(findTestObject("1-OBJECTS TAREAS PRINCIPALES/Modulo Tarea Compensacion/Prestamo Liquidacion Periodica/a_ReversarEliminar")): Object: 'Object Repository/1-OBJECTS TAREAS PRINCIPALES/Modulo Tarea Compensacion/Prestamo Liquidacion Periodica/a_ReversarEliminar' is clicked on

2023-04-10 08:59:41 - [MESSAGE][PASSED] - Object: 'Object Repository/1-OBJECTS TAREAS PRINCIPALES/Modulo Tarea Compensacion/Prestamo Liquidacion Periodica/a_ReversarEliminar' is clicked on

2023-04-10 08:59:41 - [TEST_STEP][PASSED] - click(findTestObject("1-OBJECTS TAREAS PRINCIPALES/Modulo Tarea Compensacion/Prestamo Liquidacion Periodica/a_Aceptar")): Object: 'Object Repository/1-OBJECTS TAREAS PRINCIPALES/Modulo Tarea Compensacion/Prestamo Liquidacion Periodica/a_Aceptar' is clicked on

2023-04-10 08:59:42 - [MESSAGE][PASSED] - Object: 'Object Repository/1-OBJECTS TAREAS PRINCIPALES/Modulo Tarea Compensacion/Prestamo Liquidacion Periodica/a_Aceptar' is clicked on

2023-04-10 08:59:42 - [TEST_STEP][PASSED] - if (waitForElementVisible(findTestObject("1-OBJECTS TAREAS PRINCIPALES/Modulo Tarea Compensacion/Prestamo Liquidacion Periodica/label_Tiene registros relacionados en la nomina"), 1)): null

2023-04-10 08:59:42 - [MESSAGE][PASSED] - Object 'Object Repository/1-OBJECTS TAREAS PRINCIPALES/Modulo Tarea Compensacion/Prestamo Liquidacion Periodica/label_Tiene registros relacionados en la nomina' is visible

2023-04-10 08:59:42 - [TEST_STEP][PASSED] - click(findTestObject("1-OBJECTS TAREAS PRINCIPALES/Modulo Tarea Compensacion/Prestamo Liquidacion Periodica/a_Aceptar")): Object: 'Object Repository/1-OBJECTS TAREAS PRINCIPALES/Modulo Tarea Compensacion/Prestamo Liquidacion Periodica/a_Aceptar' is clicked on

2023-04-10 08:59:43 - [MESSAGE][PASSED] - Object: 'Object Repository/1-OBJECTS TAREAS PRINCIPALES/Modulo Tarea Compensacion/Prestamo Liquidacion Periodica/a_Aceptar' is clicked on

2023-04-10 08:59:43 - [TEST_STEP][PASSED] - setText(findTestObject("1-OBJECTS TAREAS PRINCIPALES/Modulo Tarea Compensacion/Prestamo Liquidacion Periodica/input_Empresa 1_form_templatej_idt24_input"), "Liquidacion nomina (com)"): Text 'Liquidacion nomina (com)' is set on object 'Object Repository/1-OBJECTS TAREAS PRINCIPALES/Modulo Tarea Compensacion/Prestamo Liquidacion Periodica/input_Empresa 1_form_templatej_idt24_input'

2023-04-10 08:59:44 - [MESSAGE][PASSED] - Text 'Liquidacion nomina (com)' is set on object 'Object Repository/1-OBJECTS TAREAS PRINCIPALES/Modulo Tarea Compensacion/Prestamo Liquidacion Periodica/input_Empresa 1_form_templatej_idt24_input'

2023-04-10 08:59:44 - [TEST_STEP][PASSED] - click(findTestObject("1-OBJECTS TAREAS PRINCIPALES/Modulo Tarea Compensacion/Prestamo Liquidacion Periodica/span_Liquidacion Nomina")): Object: 'Object Repository/1-OBJECTS TAREAS PRINCIPALES/Modulo Tarea Compensacion/Prestamo Liquidacion Periodica/span_Liquidacion Nomina' is clicked on

2023-04-10 08:59:45 - [MESSAGE][PASSED] - Object: 'Object Repository/1-OBJECTS TAREAS PRINCIPALES/Modulo Tarea Compensacion/Prestamo Liquidacion Periodica/span_Liquidacion Nomina' is clicked on

2023-04-10 08:59:45 - [TEST_STEP][PASSED] - click(findTestObject("1-OBJECTS TAREAS PRINCIPALES/Modulo Tarea Compensacion/Prestamo Liquidacion Periodica/a_Periodo Nomina_LiquidacionNominaj_idt68")): Object: 'Object Repository/1-OBJECTS TAREAS PRINCIPALES/Modulo Tarea Compensacion/Prestamo Liquidacion Periodica/a_Periodo Nomina_LiquidacionNominaj_idt68' is clicked on

2023-04-10 08:59:46 - [MESSAGE][PASSED] - Object: 'Object Repository/1-OBJECTS TAREAS PRINCIPALES/Modulo Tarea Compensacion/Prestamo Liquidacion Periodica/a_Periodo Nomina_LiquidacionNominaj_idt68' is clicked on

2023-04-10 08:59:46 - [TEST_STEP][PASSED] - selectOptionByIndex(findTestObject("1-OBJECTS TAREAS PRINCIPALES/Modulo Tarea Compensacion/Prestamo Liquidacion Periodica/select_--  Seleccione  --Periodo CerradoPeriodo en Proceso"), "2"): All options with index in [2] are selected on object 'Object Repository/1-OBJECTS TAREAS PRINCIPALES/Modulo Tarea Compensacion/Prestamo Liquidacion Periodica/select_--  Seleccione  --Periodo CerradoPeriodo en Proceso'

2023-04-10 08:59:47 - [MESSAGE][PASSED] - All options with index in [2] are selected on object 'Object Repository/1-OBJECTS TAREAS PRINCIPALES/Modulo Tarea Compensacion/Prestamo Liquidacion Periodica/select_--  Seleccione  --Periodo CerradoPeriodo en Proceso'

2023-04-10 08:59:47 - [TEST_STEP][PASSED] - click(findTestObject("1-OBJECTS TAREAS PRINCIPALES/Modulo Tarea Compensacion/Prestamo Liquidacion Periodica/span_P. MensualJulio2021")): Object: 'Object Repository/1-OBJECTS TAREAS PRINCIPALES/Modulo Tarea Compensacion/Prestamo Liquidacion Periodica/span_P. MensualJulio2021' is clicked on

2023-04-10 08:59:48 - [MESSAGE][PASSED] - Object: 'Object Repository/1-OBJECTS TAREAS PRINCIPALES/Modulo Tarea Compensacion/Prestamo Liquidacion Periodica/span_P. MensualJulio2021' is clicked on

2023-04-10 08:59:48 - [TEST_STEP][PASSED] - setText(findTestObject("1-OBJECTS TAREAS PRINCIPALES/Modulo Tarea Compensacion/Prestamo Liquidacion Periodica/input_Nombre Persona_LiquidacionNominaj_idt124"), "1026588953"): Text '1026588953' is set on object 'Object Repository/1-OBJECTS TAREAS PRINCIPALES/Modulo Tarea Compensacion/Prestamo Liquidacion Periodica/input_Nombre Persona_LiquidacionNominaj_idt124'

2023-04-10 08:59:50 - [MESSAGE][PASSED] - Text '1026588953' is set on object 'Object Repository/1-OBJECTS TAREAS PRINCIPALES/Modulo Tarea Compensacion/Prestamo Liquidacion Periodica/input_Nombre Persona_LiquidacionNominaj_idt124'

2023-04-10 08:59:50 - [TEST_STEP][PASSED] - sendKeys(findTestObject("1-OBJECTS TAREAS PRINCIPALES/Modulo Tarea Compensacion/Prestamo Liquidacion Periodica/input_Nombre Persona_LiquidacionNominaj_idt124"), Keys.chord(ENTER)): Keys 'ENTER + ' sent to object: 'Object Repository/1-OBJECTS TAREAS PRINCIPALES/Modulo Tarea Compensacion/Prestamo Liquidacion Periodica/input_Nombre Persona_LiquidacionNominaj_idt124'

2023-04-10 08:59:50 - [MESSAGE][PASSED] - Keys 'ENTER + ' sent to object: 'Object Repository/1-OBJECTS TAREAS PRINCIPALES/Modulo Tarea Compensacion/Prestamo Liquidacion Periodica/input_Nombre Persona_LiquidacionNominaj_idt124'

2023-04-10 08:59:50 - [TEST_STEP][PASSED] - click(findTestObject("1-OBJECTS TAREAS PRINCIPALES/Modulo Tarea Compensacion/Prestamo Liquidacion Periodica/td_1026588953")): Object: 'Object Repository/1-OBJECTS TAREAS PRINCIPALES/Modulo Tarea Compensacion/Prestamo Liquidacion Periodica/td_1026588953' is clicked on

2023-04-10 08:59:51 - [MESSAGE][PASSED] - Object: 'Object Repository/1-OBJECTS TAREAS PRINCIPALES/Modulo Tarea Compensacion/Prestamo Liquidacion Periodica/td_1026588953' is clicked on

2023-04-10 08:59:51 - [TEST_STEP][PASSED] - click(findTestObject("1-OBJECTS TAREAS PRINCIPALES/Modulo Tarea Compensacion/Prestamo Liquidacion Periodica/a_Concepto")): Object: 'Object Repository/1-OBJECTS TAREAS PRINCIPALES/Modulo Tarea Compensacion/Prestamo Liquidacion Periodica/a_Concepto' is clicked on

2023-04-10 08:59:52 - [MESSAGE][PASSED] - Object: 'Object Repository/1-OBJECTS TAREAS PRINCIPALES/Modulo Tarea Compensacion/Prestamo Liquidacion Periodica/a_Concepto' is clicked on

2023-04-10 08:59:52 - [TEST_STEP][PASSED] - click(findTestObject("1-OBJECTS TAREAS PRINCIPALES/Modulo Tarea Compensacion/Prestamo Liquidacion Periodica/a_Reversar")): Object: 'Object Repository/1-OBJECTS TAREAS PRINCIPALES/Modulo Tarea Compensacion/Prestamo Liquidacion Periodica/a_Reversar' is clicked on

2023-04-10 08:59:53 - [MESSAGE][PASSED] - Object: 'Object Repository/1-OBJECTS TAREAS PRINCIPALES/Modulo Tarea Compensacion/Prestamo Liquidacion Periodica/a_Reversar' is clicked on

2023-04-10 08:59:53 - [TEST_STEP][PASSED] - click(findTestObject("1-OBJECTS TAREAS PRINCIPALES/Modulo Tarea Compensacion/Prestamo Liquidacion Periodica/span_Si")): Object: 'Object Repository/1-OBJECTS TAREAS PRINCIPALES/Modulo Tarea Compensacion/Prestamo Liquidacion Periodica/span_Si' is clicked on

2023-04-10 08:59:54 - [MESSAGE][PASSED] - Object: 'Object Repository/1-OBJECTS TAREAS PRINCIPALES/Modulo Tarea Compensacion/Prestamo Liquidacion Periodica/span_Si' is clicked on

2023-04-10 08:59:54 - [TEST_STEP][PASSED] - callTestCase(findTestCase("Utilidades-(atajos_para _tareas)/Tareas Administracion Compensacion/Tarea Listado Empleados"), [:], STOP_ON_FAILURE): Call Test Case 'Test Cases/Utilidades-(atajos_para _tareas)/Tareas Administracion Compensacion/Tarea Listado Empleados' successfully

2023-04-10 08:59:54 - [TEST_CASE][PASSED] - Test Cases/Utilidades-(atajos_para _tareas)/Tareas Administracion Compensacion/Tarea Listado Empleados: Test Cases/Utilidades-(atajos_para _tareas)/Tareas Administracion Compensacion/Tarea Listado Empleados

2023-04-10 08:59:54 - [TEST_STEP][PASSED] - callTestCase(findTestCase("0.1-Login"), [:], STOP_ON_FAILURE): Call Test Case 'Test Cases/0.1-Login' successfully

2023-04-10 08:59:54 - [TEST_CASE][PASSED] - Test Cases/0.1-Login: Test Cases/0.1-Login

2023-04-10 08:59:54 - [TEST_STEP][PASSED] - openBrowser(""): Browser is opened with url: ''

2023-04-10 08:59:54 - [MESSAGE][WARNING] - A browser is already opened. Closing browser and opening a new one

2023-04-10 08:59:54 - [MESSAGE][INFO] - Starting 'Chrome' driver

2023-04-10 08:59:54 - [MESSAGE][INFO] - Action delay is set to 0 milliseconds

2023-04-10 08:59:56 - [MESSAGE][PASSED] - Browser is opened with url: ''

2023-04-10 08:59:56 - [TEST_STEP][PASSED] - maximizeWindow(): Current window maximized

2023-04-10 08:59:56 - [MESSAGE][PASSED] - Current window maximized

2023-04-10 08:59:56 - [TEST_STEP][PASSED] - i = G_Login: null

2023-04-10 08:59:56 - [TEST_STEP][PASSED] - url = new java.net.URL(i): null

2023-04-10 08:59:56 - [TEST_STEP][PASSED] - println("URL: " + url.toString()): null

2023-04-10 08:59:56 - [TEST_STEP][PASSED] - connection = url.openConnection(): null

2023-04-10 08:59:56 - [TEST_STEP][PASSED] - connection.setRequestMethod("GET"): null

2023-04-10 08:59:56 - [TEST_STEP][PASSED] - connection.setReadTimeout(2 * 1000): null

2023-04-10 08:59:56 - [TEST_STEP][PASSED] - try: null

2023-04-10 08:59:56 - [TEST_STEP][PASSED] - connection.connect(): null

2023-04-10 08:59:56 - [TEST_STEP][PASSED] - flag = connected: null

2023-04-10 08:59:56 - [TEST_STEP][PASSED] - println("Valor_ori: " + flag): null

2023-04-10 08:59:56 - [TEST_STEP][PASSED] - if (flag): null

2023-04-10 08:59:56 - [TEST_STEP][PASSED] - navigateToUrl(i): Navigate to 'http://192.168.2.19:8380/saraweb' successfully

2023-04-10 08:59:56 - [MESSAGE][PASSED] - Navigate to 'http://192.168.2.19:8380/saraweb' successfully

2023-04-10 08:59:56 - [TEST_STEP][PASSED] - a(): null

2023-04-10 08:59:56 - [TEST_STEP][PASSED] - if (waitForElementVisible(findTestObject("3-OBJECTS UTILIDADES/Login/input_USUARIO_loginusuario"), 0)): null

2023-04-10 08:59:56 - [MESSAGE][WARNING] - Timeout '0' is invalid. Using default page load timeout: '37'

2023-04-10 08:59:57 - [MESSAGE][PASSED] - Object 'Object Repository/3-OBJECTS UTILIDADES/Login/input_USUARIO_loginusuario' is visible

2023-04-10 08:59:57 - [TEST_STEP][PASSED] - switchToWindowTitle("SARA"): Switched to window with title: 'SARA'

2023-04-10 08:59:57 - [MESSAGE][PASSED] - Switched to window with title: 'SARA'

2023-04-10 08:59:57 - [TEST_STEP][PASSED] - zoom(): null

2023-04-10 08:59:57 - [TEST_STEP][PASSED] - robot = new java.awt.Robot(): null

2023-04-10 08:59:57 - [TEST_STEP][PASSED] - robot.keyPress(VK_CONTROL): null

2023-04-10 08:59:57 - [TEST_STEP][PASSED] - robot.keyPress(VK_SUBTRACT): null

2023-04-10 08:59:57 - [TEST_STEP][PASSED] - robot.keyRelease(VK_CONTROL): null

2023-04-10 08:59:57 - [TEST_STEP][PASSED] - robot.keyRelease(VK_SUBTRACT): null

2023-04-10 08:59:57 - [TEST_STEP][PASSED] - robot.keyPress(VK_CONTROL): null

2023-04-10 08:59:57 - [TEST_STEP][PASSED] - robot.keyPress(VK_SUBTRACT): null

2023-04-10 08:59:57 - [TEST_STEP][PASSED] - robot.keyRelease(VK_CONTROL): null

2023-04-10 08:59:57 - [TEST_STEP][PASSED] - robot.keyRelease(VK_SUBTRACT): null

2023-04-10 08:59:57 - [TEST_STEP][PASSED] - robot.keyPress(VK_CONTROL): null

2023-04-10 08:59:57 - [TEST_STEP][PASSED] - robot.keyPress(VK_SUBTRACT): null

2023-04-10 08:59:57 - [TEST_STEP][PASSED] - robot.keyRelease(VK_CONTROL): null

2023-04-10 08:59:57 - [TEST_STEP][PASSED] - robot.keyRelease(VK_SUBTRACT): null

2023-04-10 08:59:57 - [TEST_STEP][PASSED] - robot.keyRelease(VK_CONTROL): null

2023-04-10 08:59:57 - [TEST_STEP][PASSED] - robot.keyRelease(VK_SUBTRACT): null

2023-04-10 08:59:57 - [TEST_STEP][PASSED] - setText(findTestObject("3-OBJECTS UTILIDADES/Login/input_USUARIO_loginusuario"), G_Usuario): Text 'saraadmin' is set on object 'Object Repository/3-OBJECTS UTILIDADES/Login/input_USUARIO_loginusuario'

2023-04-10 08:59:57 - [MESSAGE][PASSED] - Text 'saraadmin' is set on object 'Object Repository/3-OBJECTS UTILIDADES/Login/input_USUARIO_loginusuario'

2023-04-10 08:59:57 - [TEST_STEP][PASSED] - setEncryptedText(findTestObject("3-OBJECTS UTILIDADES/Login/input_CLAVE_loginpassword"), "SlAwMcyRKqrwbnzhAs8HhT6NnI7sEyng"): Text ****** has been set on object 'Object Repository/3-OBJECTS UTILIDADES/Login/input_CLAVE_loginpassword'

2023-04-10 08:59:59 - [MESSAGE][PASSED] - Text ****** has been set on object 'Object Repository/3-OBJECTS UTILIDADES/Login/input_CLAVE_loginpassword'

2023-04-10 08:59:59 - [TEST_STEP][PASSED] - while (waitForElementClickable(findTestObject("3-OBJECTS UTILIDADES/Login/a_Ingresar"), 1)): Web element with id: 'Object Repository/3-OBJECTS UTILIDADES/Login/a_Ingresar' located by '//a[contains(text(),'Ingresar')]' not found

2023-04-10 09:00:01 - [MESSAGE][INFO] - Unable to find the element located by 'By.xpath: //a[contains(text(),'Ingresar')]'. Please recheck the objects properties to make sure the desired element is located. 

2023-04-10 09:00:01 - [MESSAGE][WARNING] - Web element with id: 'Object Repository/3-OBJECTS UTILIDADES/Login/a_Ingresar' located by '//a[contains(text(),'Ingresar')]' not found

2023-04-10 09:00:01 - [MESSAGE][PASSED] - Call Test Case 'Test Cases/0.1-Login' successfully

2023-04-10 09:00:01 - [TEST_STEP][PASSED] - setText(findTestObject("1-OBJECTS TAREAS PRINCIPALES/Modulo Tarea Listado Hojas de Vida/Tareas Listado Hojas de Vida/input_Listado Hojas De Vida_form_templatej_idt24_input"), "Listado de Empleados"): Text 'Listado de Empleados' is set on object 'Object Repository/1-OBJECTS TAREAS PRINCIPALES/Modulo Tarea Listado Hojas de Vida/Tareas Listado Hojas de Vida/input_Listado Hojas De Vida_form_templatej_idt24_input'

2023-04-10 09:00:02 - [MESSAGE][PASSED] - Text 'Listado de Empleados' is set on object 'Object Repository/1-OBJECTS TAREAS PRINCIPALES/Modulo Tarea Listado Hojas de Vida/Tareas Listado Hojas de Vida/input_Listado Hojas De Vida_form_templatej_idt24_input'

2023-04-10 09:00:02 - [TEST_STEP][PASSED] - waitForElementVisible(findTestObject("1-OBJECTS TAREAS PRINCIPALES/Modulo Tarea Listado Hojas de Vida/Tareas Listado Hojas de Vida/span_Listado de Empleados"), 0): Object 'Object Repository/1-OBJECTS TAREAS PRINCIPALES/Modulo Tarea Listado Hojas de Vida/Tareas Listado Hojas de Vida/span_Listado de Empleados' is visible

2023-04-10 09:00:02 - [MESSAGE][WARNING] - Timeout '0' is invalid. Using default page load timeout: '37'

2023-04-10 09:00:03 - [MESSAGE][PASSED] - Object 'Object Repository/1-OBJECTS TAREAS PRINCIPALES/Modulo Tarea Listado Hojas de Vida/Tareas Listado Hojas de Vida/span_Listado de Empleados' is visible

2023-04-10 09:00:03 - [TEST_STEP][PASSED] - click(findTestObject("1-OBJECTS TAREAS PRINCIPALES/Modulo Tarea Listado Hojas de Vida/Tareas Listado Hojas de Vida/span_Listado de Empleados")): Object: 'Object Repository/1-OBJECTS TAREAS PRINCIPALES/Modulo Tarea Listado Hojas de Vida/Tareas Listado Hojas de Vida/span_Listado de Empleados' is clicked on

2023-04-10 09:00:03 - [MESSAGE][PASSED] - Object: 'Object Repository/1-OBJECTS TAREAS PRINCIPALES/Modulo Tarea Listado Hojas de Vida/Tareas Listado Hojas de Vida/span_Listado de Empleados' is clicked on

2023-04-10 09:00:03 - [MESSAGE][PASSED] - Call Test Case 'Test Cases/Utilidades-(atajos_para _tareas)/Tareas Administracion Compensacion/Tarea Listado Empleados' successfully

2023-04-10 09:00:03 - [TEST_STEP][PASSED] - setText(findTestObject("1-OBJECTS TAREAS PRINCIPALES/Modulo Tarea Compensacion/Prestamo Liquidacion Periodica/input_close_popupFiltroEmplead"), "1026588953"): Text '1026588953' is set on object 'Object Repository/1-OBJECTS TAREAS PRINCIPALES/Modulo Tarea Compensacion/Prestamo Liquidacion Periodica/input_close_popupFiltroEmplead'

2023-04-10 09:00:05 - [MESSAGE][PASSED] - Text '1026588953' is set on object 'Object Repository/1-OBJECTS TAREAS PRINCIPALES/Modulo Tarea Compensacion/Prestamo Liquidacion Periodica/input_close_popupFiltroEmplead'

2023-04-10 09:00:05 - [TEST_STEP][PASSED] - sendKeys(findTestObject("1-OBJECTS TAREAS PRINCIPALES/Modulo Tarea Compensacion/Prestamo Liquidacion Periodica/input_close_popupFiltroEmplead"), Keys.chord(ENTER)): Keys 'ENTER + ' sent to object: 'Object Repository/1-OBJECTS TAREAS PRINCIPALES/Modulo Tarea Compensacion/Prestamo Liquidacion Periodica/input_close_popupFiltroEmplead'

2023-04-10 09:00:05 - [MESSAGE][PASSED] - Keys 'ENTER + ' sent to object: 'Object Repository/1-OBJECTS TAREAS PRINCIPALES/Modulo Tarea Compensacion/Prestamo Liquidacion Periodica/input_close_popupFiltroEmplead'

2023-04-10 09:00:05 - [TEST_STEP][PASSED] - waitForElementClickable(findTestObject("1-OBJECTS TAREAS PRINCIPALES/Modulo Tarea Compensacion/Prestamo Liquidacion Periodica/span_CONSTA BELFEGORD JHON"), G_TimeOut): Object 'Object Repository/1-OBJECTS TAREAS PRINCIPALES/Modulo Tarea Compensacion/Prestamo Liquidacion Periodica/span_CONSTA BELFEGORD JHON' is clickable

2023-04-10 09:00:06 - [MESSAGE][PASSED] - Object 'Object Repository/1-OBJECTS TAREAS PRINCIPALES/Modulo Tarea Compensacion/Prestamo Liquidacion Periodica/span_CONSTA BELFEGORD JHON' is clickable

2023-04-10 09:00:06 - [TEST_STEP][PASSED] - click(findTestObject("1-OBJECTS TAREAS PRINCIPALES/Modulo Tarea Compensacion/Prestamo Liquidacion Periodica/span_CONSTA BELFEGORD JHON")): Object: 'Object Repository/1-OBJECTS TAREAS PRINCIPALES/Modulo Tarea Compensacion/Prestamo Liquidacion Periodica/span_CONSTA BELFEGORD JHON' is clicked on

2023-04-10 09:00:07 - [MESSAGE][PASSED] - Object: 'Object Repository/1-OBJECTS TAREAS PRINCIPALES/Modulo Tarea Compensacion/Prestamo Liquidacion Periodica/span_CONSTA BELFEGORD JHON' is clicked on

2023-04-10 09:00:07 - [TEST_STEP][PASSED] - waitForElementClickable(findTestObject("1-OBJECTS TAREAS PRINCIPALES/Modulo Tarea Compensacion/Prestamo Liquidacion Periodica/a_Liquidacin Periodica"), G_TimeOut): Object 'Object Repository/1-OBJECTS TAREAS PRINCIPALES/Modulo Tarea Compensacion/Prestamo Liquidacion Periodica/a_Liquidacin Periodica' is clickable

2023-04-10 09:00:07 - [MESSAGE][PASSED] - Object 'Object Repository/1-OBJECTS TAREAS PRINCIPALES/Modulo Tarea Compensacion/Prestamo Liquidacion Periodica/a_Liquidacin Periodica' is clickable

2023-04-10 09:00:07 - [TEST_STEP][PASSED] - click(findTestObject("1-OBJECTS TAREAS PRINCIPALES/Modulo Tarea Compensacion/Prestamo Liquidacion Periodica/a_Liquidacin Periodica")): Object 'Object Repository/1-OBJECTS TAREAS PRINCIPALES/Modulo Tarea Compensacion/Prestamo Liquidacion Periodica/span_Prestamo Bancolombia' is visible

2023-04-10 09:00:08 - [MESSAGE][PASSED] - Object: 'Object Repository/1-OBJECTS TAREAS PRINCIPALES/Modulo Tarea Compensacion/Prestamo Liquidacion Periodica/a_Liquidacin Periodica' is clicked on

2023-04-10 09:00:08 - [MESSAGE][PASSED] - Object 'Object Repository/1-OBJECTS TAREAS PRINCIPALES/Modulo Tarea Compensacion/Prestamo Liquidacion Periodica/span_Prestamo Bancolombia' is visible

2023-04-10 09:00:08 - [TEST_STEP][PASSED] - click(findTestObject("1-OBJECTS TAREAS PRINCIPALES/Modulo Tarea Compensacion/Prestamo Liquidacion Periodica/span_Prestamo Bancolombia")): Object: 'Object Repository/1-OBJECTS TAREAS PRINCIPALES/Modulo Tarea Compensacion/Prestamo Liquidacion Periodica/span_Prestamo Bancolombia' is clicked on

2023-04-10 09:00:09 - [MESSAGE][PASSED] - Object: 'Object Repository/1-OBJECTS TAREAS PRINCIPALES/Modulo Tarea Compensacion/Prestamo Liquidacion Periodica/span_Prestamo Bancolombia' is clicked on

2023-04-10 09:00:09 - [TEST_STEP][PASSED] - click(findTestObject("1-OBJECTS TAREAS PRINCIPALES/Modulo Tarea Compensacion/Prestamo Liquidacion Periodica/a_ReversarEliminar")): Object: 'Object Repository/1-OBJECTS TAREAS PRINCIPALES/Modulo Tarea Compensacion/Prestamo Liquidacion Periodica/a_ReversarEliminar' is clicked on

2023-04-10 09:00:09 - [MESSAGE][PASSED] - Object: 'Object Repository/1-OBJECTS TAREAS PRINCIPALES/Modulo Tarea Compensacion/Prestamo Liquidacion Periodica/a_ReversarEliminar' is clicked on

2023-04-10 09:00:09 - [TEST_STEP][PASSED] - click(findTestObject("1-OBJECTS TAREAS PRINCIPALES/Modulo Tarea Compensacion/Prestamo Liquidacion Periodica/a_Aceptar")): Object: 'Object Repository/1-OBJECTS TAREAS PRINCIPALES/Modulo Tarea Compensacion/Prestamo Liquidacion Periodica/a_Aceptar' is clicked on

2023-04-10 09:00:11 - [MESSAGE][PASSED] - Object: 'Object Repository/1-OBJECTS TAREAS PRINCIPALES/Modulo Tarea Compensacion/Prestamo Liquidacion Periodica/a_Aceptar' is clicked on

2023-04-10 09:00:11 - [TEST_STEP][PASSED] - if (waitForElementVisible(findTestObject("1-OBJECTS TAREAS PRINCIPALES/Modulo Tarea Compensacion/Prestamo Liquidacion Periodica/label_Tiene registros relacionados en la nomina"), 1)): Web element with id: 'Object Repository/1-OBJECTS TAREAS PRINCIPALES/Modulo Tarea Compensacion/Prestamo Liquidacion Periodica/span_Prestamo Bancolombia' located by '//div/table/tbody/tr/td[2]/span' not found

2023-04-10 09:00:13 - [MESSAGE][INFO] - Unable to find the element located by 'By.xpath: //*/text()[normalize-space(.)='Tiene registros relacionados en la nomina']/parent::*'. Please recheck the objects properties to make sure the desired element is located. 

2023-04-10 09:00:13 - [MESSAGE][WARNING] - Web element with id: 'Object Repository/1-OBJECTS TAREAS PRINCIPALES/Modulo Tarea Compensacion/Prestamo Liquidacion Periodica/label_Tiene registros relacionados en la nomina' located by '//*/text()[normalize-space(.)='Tiene registros relacionados en la nomina']/parent::*' not found

2023-04-10 09:00:16 - [MESSAGE][INFO] - Unable to find the element located by 'By.xpath: //div/table/tbody/tr/td[2]/span'. Please recheck the objects properties to make sure the desired element is located. 

2023-04-10 09:00:16 - [MESSAGE][WARNING] - Web element with id: 'Object Repository/1-OBJECTS TAREAS PRINCIPALES/Modulo Tarea Compensacion/Prestamo Liquidacion Periodica/span_Prestamo Bancolombia' located by '//div/table/tbody/tr/td[2]/span' not found

2023-04-10 09:00:16 - [TEST_STEP][PASSED] - waitForElementClickable(findTestObject("1-OBJECTS TAREAS PRINCIPALES/Modulo Tarea Compensacion/Prestamo Liquidacion Periodica/a_Nuevo"), G_TimeOut): Object 'Object Repository/1-OBJECTS TAREAS PRINCIPALES/Modulo Tarea Compensacion/Prestamo Liquidacion Periodica/a_Nuevo' is clickable

2023-04-10 09:00:16 - [MESSAGE][PASSED] - Object 'Object Repository/1-OBJECTS TAREAS PRINCIPALES/Modulo Tarea Compensacion/Prestamo Liquidacion Periodica/a_Nuevo' is clickable

2023-04-10 09:00:16 - [TEST_STEP][PASSED] - click(findTestObject("1-OBJECTS TAREAS PRINCIPALES/Modulo Tarea Compensacion/Prestamo Liquidacion Periodica/a_Nuevo")): Object: 'Object Repository/1-OBJECTS TAREAS PRINCIPALES/Modulo Tarea Compensacion/Prestamo Liquidacion Periodica/a_Nuevo' is clicked on

2023-04-10 09:00:16 - [MESSAGE][PASSED] - Object: 'Object Repository/1-OBJECTS TAREAS PRINCIPALES/Modulo Tarea Compensacion/Prestamo Liquidacion Periodica/a_Nuevo' is clicked on

2023-04-10 09:00:16 - [TEST_STEP][PASSED] - waitForElementClickable(findTestObject("1-OBJECTS TAREAS PRINCIPALES/Modulo Tarea Compensacion/Prestamo Liquidacion Periodica/select_-- seleccione --BC - PR"), G_TimeOut): Object 'Object Repository/1-OBJECTS TAREAS PRINCIPALES/Modulo Tarea Compensacion/Prestamo Liquidacion Periodica/select_-- seleccione --BC - PR' is clickable

2023-04-10 09:00:17 - [MESSAGE][PASSED] - Object 'Object Repository/1-OBJECTS TAREAS PRINCIPALES/Modulo Tarea Compensacion/Prestamo Liquidacion Periodica/select_-- seleccione --BC - PR' is clickable

2023-04-10 09:00:17 - [TEST_STEP][PASSED] - click(findTestObject("1-OBJECTS TAREAS PRINCIPALES/Modulo Tarea Compensacion/Prestamo Liquidacion Periodica/select_-- seleccione --BC - PR")): Object: 'Object Repository/1-OBJECTS TAREAS PRINCIPALES/Modulo Tarea Compensacion/Prestamo Liquidacion Periodica/select_-- seleccione --BC - PR' is clicked on

2023-04-10 09:00:17 - [MESSAGE][PASSED] - Object: 'Object Repository/1-OBJECTS TAREAS PRINCIPALES/Modulo Tarea Compensacion/Prestamo Liquidacion Periodica/select_-- seleccione --BC - PR' is clicked on

2023-04-10 09:00:17 - [TEST_STEP][PASSED] - selectOptionByIndex(findTestObject("1-OBJECTS TAREAS PRINCIPALES/Modulo Tarea Compensacion/Prestamo Liquidacion Periodica/select_-- seleccione --BC - PR"), "2"): All options with index in [2] are selected on object 'Object Repository/1-OBJECTS TAREAS PRINCIPALES/Modulo Tarea Compensacion/Prestamo Liquidacion Periodica/select_-- seleccione --BC - PR'

2023-04-10 09:00:19 - [MESSAGE][PASSED] - All options with index in [2] are selected on object 'Object Repository/1-OBJECTS TAREAS PRINCIPALES/Modulo Tarea Compensacion/Prestamo Liquidacion Periodica/select_-- seleccione --BC - PR'

2023-04-10 09:00:19 - [TEST_STEP][PASSED] - click(findTestObject("1-OBJECTS TAREAS PRINCIPALES/Modulo Tarea Compensacion/Prestamo Liquidacion Periodica/input_Monto Inicial_form_liqui")): Object: 'Object Repository/1-OBJECTS TAREAS PRINCIPALES/Modulo Tarea Compensacion/Prestamo Liquidacion Periodica/input_Monto Inicial_form_liqui' is clicked on

2023-04-10 09:00:19 - [MESSAGE][PASSED] - Object: 'Object Repository/1-OBJECTS TAREAS PRINCIPALES/Modulo Tarea Compensacion/Prestamo Liquidacion Periodica/input_Monto Inicial_form_liqui' is clicked on

2023-04-10 09:00:19 - [TEST_STEP][PASSED] - sendKeys(findTestObject("1-OBJECTS TAREAS PRINCIPALES/Modulo Tarea Compensacion/Prestamo Liquidacion Periodica/input_Monto Inicial_form_liqui"), Keys.chord(CONTROL, "a")): Keys 'CONTROL + a' sent to object: 'Object Repository/1-OBJECTS TAREAS PRINCIPALES/Modulo Tarea Compensacion/Prestamo Liquidacion Periodica/input_Monto Inicial_form_liqui'

2023-04-10 09:00:20 - [MESSAGE][PASSED] - Keys 'CONTROL + a' sent to object: 'Object Repository/1-OBJECTS TAREAS PRINCIPALES/Modulo Tarea Compensacion/Prestamo Liquidacion Periodica/input_Monto Inicial_form_liqui'

2023-04-10 09:00:20 - [TEST_STEP][PASSED] - sendKeys(findTestObject("1-OBJECTS TAREAS PRINCIPALES/Modulo Tarea Compensacion/Prestamo Liquidacion Periodica/input_Monto Inicial_form_liqui"), Keys.chord(BACK_SPACE)): Keys 'BACK_SPACE + ' sent to object: 'Object Repository/1-OBJECTS TAREAS PRINCIPALES/Modulo Tarea Compensacion/Prestamo Liquidacion Periodica/input_Monto Inicial_form_liqui'

2023-04-10 09:00:20 - [MESSAGE][PASSED] - Keys 'BACK_SPACE + ' sent to object: 'Object Repository/1-OBJECTS TAREAS PRINCIPALES/Modulo Tarea Compensacion/Prestamo Liquidacion Periodica/input_Monto Inicial_form_liqui'

2023-04-10 09:00:20 - [TEST_STEP][PASSED] - setText(findTestObject("1-OBJECTS TAREAS PRINCIPALES/Modulo Tarea Compensacion/Prestamo Liquidacion Periodica/input_Monto Inicial_form_liqui"), "3000000"): Text '3000000' is set on object 'Object Repository/1-OBJECTS TAREAS PRINCIPALES/Modulo Tarea Compensacion/Prestamo Liquidacion Periodica/input_Monto Inicial_form_liqui'

2023-04-10 09:00:21 - [MESSAGE][PASSED] - Text '3000000' is set on object 'Object Repository/1-OBJECTS TAREAS PRINCIPALES/Modulo Tarea Compensacion/Prestamo Liquidacion Periodica/input_Monto Inicial_form_liqui'

2023-04-10 09:00:21 - [TEST_STEP][PASSED] - waitForElementClickable(findTestObject("1-OBJECTS TAREAS PRINCIPALES/Modulo Tarea Compensacion/Prestamo Liquidacion Periodica/input_Total Abonado_form_liqui"), 0): Object 'Object Repository/1-OBJECTS TAREAS PRINCIPALES/Modulo Tarea Compensacion/Prestamo Liquidacion Periodica/input_Total Abonado_form_liqui' is clickable

2023-04-10 09:00:21 - [MESSAGE][WARNING] - Timeout '0' is invalid. Using default page load timeout: '37'

2023-04-10 09:00:21 - [MESSAGE][PASSED] - Object 'Object Repository/1-OBJECTS TAREAS PRINCIPALES/Modulo Tarea Compensacion/Prestamo Liquidacion Periodica/input_Total Abonado_form_liqui' is clickable

2023-04-10 09:00:21 - [TEST_STEP][PASSED] - click(findTestObject("1-OBJECTS TAREAS PRINCIPALES/Modulo Tarea Compensacion/Prestamo Liquidacion Periodica/input_Total Abonado_form_liqui")): Object: 'Object Repository/1-OBJECTS TAREAS PRINCIPALES/Modulo Tarea Compensacion/Prestamo Liquidacion Periodica/input_Total Abonado_form_liqui' is clicked on

2023-04-10 09:00:22 - [MESSAGE][PASSED] - Object: 'Object Repository/1-OBJECTS TAREAS PRINCIPALES/Modulo Tarea Compensacion/Prestamo Liquidacion Periodica/input_Total Abonado_form_liqui' is clicked on

2023-04-10 09:00:22 - [TEST_STEP][PASSED] - sendKeys(findTestObject("1-OBJECTS TAREAS PRINCIPALES/Modulo Tarea Compensacion/Prestamo Liquidacion Periodica/input_Total Abonado_form_liqui"), Keys.chord(CONTROL, "a")): Keys 'CONTROL + a' sent to object: 'Object Repository/1-OBJECTS TAREAS PRINCIPALES/Modulo Tarea Compensacion/Prestamo Liquidacion Periodica/input_Total Abonado_form_liqui'

2023-04-10 09:00:23 - [MESSAGE][PASSED] - Keys 'CONTROL + a' sent to object: 'Object Repository/1-OBJECTS TAREAS PRINCIPALES/Modulo Tarea Compensacion/Prestamo Liquidacion Periodica/input_Total Abonado_form_liqui'

2023-04-10 09:00:23 - [TEST_STEP][PASSED] - sendKeys(findTestObject("1-OBJECTS TAREAS PRINCIPALES/Modulo Tarea Compensacion/Prestamo Liquidacion Periodica/input_Total Abonado_form_liqui"), Keys.chord(BACK_SPACE)): Keys 'BACK_SPACE + ' sent to object: 'Object Repository/1-OBJECTS TAREAS PRINCIPALES/Modulo Tarea Compensacion/Prestamo Liquidacion Periodica/input_Total Abonado_form_liqui'

2023-04-10 09:00:23 - [MESSAGE][PASSED] - Keys 'BACK_SPACE + ' sent to object: 'Object Repository/1-OBJECTS TAREAS PRINCIPALES/Modulo Tarea Compensacion/Prestamo Liquidacion Periodica/input_Total Abonado_form_liqui'

2023-04-10 09:00:23 - [TEST_STEP][PASSED] - setText(findTestObject("1-OBJECTS TAREAS PRINCIPALES/Modulo Tarea Compensacion/Prestamo Liquidacion Periodica/input_Total Abonado_form_liqui"), "1500000"): Text '1500000' is set on object 'Object Repository/1-OBJECTS TAREAS PRINCIPALES/Modulo Tarea Compensacion/Prestamo Liquidacion Periodica/input_Total Abonado_form_liqui'

2023-04-10 09:00:24 - [MESSAGE][PASSED] - Text '1500000' is set on object 'Object Repository/1-OBJECTS TAREAS PRINCIPALES/Modulo Tarea Compensacion/Prestamo Liquidacion Periodica/input_Total Abonado_form_liqui'

2023-04-10 09:00:24 - [TEST_STEP][PASSED] - setText(findTestObject("1-OBJECTS TAREAS PRINCIPALES/Modulo Tarea Compensacion/Prestamo Liquidacion Periodica/input_Fecha Inicial _form_liqu"), "01/07/2021"): Text '01/07/2021' is set on object 'Object Repository/1-OBJECTS TAREAS PRINCIPALES/Modulo Tarea Compensacion/Prestamo Liquidacion Periodica/input_Fecha Inicial _form_liqu'

2023-04-10 09:00:25 - [MESSAGE][PASSED] - Text '01/07/2021' is set on object 'Object Repository/1-OBJECTS TAREAS PRINCIPALES/Modulo Tarea Compensacion/Prestamo Liquidacion Periodica/input_Fecha Inicial _form_liqu'

2023-04-10 09:00:25 - [TEST_STEP][PASSED] - setText(findTestObject("1-OBJECTS TAREAS PRINCIPALES/Modulo Tarea Compensacion/Prestamo Liquidacion Periodica/input_Nmero Cuotas_form_liquid"), "15"): Text '15' is set on object 'Object Repository/1-OBJECTS TAREAS PRINCIPALES/Modulo Tarea Compensacion/Prestamo Liquidacion Periodica/input_Nmero Cuotas_form_liquid'

2023-04-10 09:00:26 - [MESSAGE][PASSED] - Text '15' is set on object 'Object Repository/1-OBJECTS TAREAS PRINCIPALES/Modulo Tarea Compensacion/Prestamo Liquidacion Periodica/input_Nmero Cuotas_form_liquid'

2023-04-10 09:00:26 - [TEST_STEP][PASSED] - setText(findTestObject("1-OBJECTS TAREAS PRINCIPALES/Modulo Tarea Compensacion/Prestamo Liquidacion Periodica/input_Documento Beneficiario_f"), "354968431354"): Text '354968431354' is set on object 'Object Repository/1-OBJECTS TAREAS PRINCIPALES/Modulo Tarea Compensacion/Prestamo Liquidacion Periodica/input_Documento Beneficiario_f'

2023-04-10 09:00:27 - [MESSAGE][PASSED] - Text '354968431354' is set on object 'Object Repository/1-OBJECTS TAREAS PRINCIPALES/Modulo Tarea Compensacion/Prestamo Liquidacion Periodica/input_Documento Beneficiario_f'

2023-04-10 09:00:27 - [TEST_STEP][PASSED] - setText(findTestObject("1-OBJECTS TAREAS PRINCIPALES/Modulo Tarea Compensacion/Prestamo Liquidacion Periodica/textarea_Observacin_form_liqui"), "Prueba"): Text 'Prueba' is set on object 'Object Repository/1-OBJECTS TAREAS PRINCIPALES/Modulo Tarea Compensacion/Prestamo Liquidacion Periodica/textarea_Observacin_form_liqui'

2023-04-10 09:00:27 - [MESSAGE][PASSED] - Text 'Prueba' is set on object 'Object Repository/1-OBJECTS TAREAS PRINCIPALES/Modulo Tarea Compensacion/Prestamo Liquidacion Periodica/textarea_Observacin_form_liqui'

2023-04-10 09:00:27 - [TEST_STEP][PASSED] - setText(findTestObject("1-OBJECTS TAREAS PRINCIPALES/Modulo Tarea Compensacion/Prestamo Liquidacion Periodica/input_Fecha Inicial _form_liqu"), "01/07/2021"): Text '01/07/2021' is set on object 'Object Repository/1-OBJECTS TAREAS PRINCIPALES/Modulo Tarea Compensacion/Prestamo Liquidacion Periodica/input_Fecha Inicial _form_liqu'

2023-04-10 09:00:28 - [MESSAGE][PASSED] - Text '01/07/2021' is set on object 'Object Repository/1-OBJECTS TAREAS PRINCIPALES/Modulo Tarea Compensacion/Prestamo Liquidacion Periodica/input_Fecha Inicial _form_liqu'

2023-04-10 09:00:28 - [TEST_STEP][PASSED] - waitForElementClickable(findTestObject("1-OBJECTS TAREAS PRINCIPALES/Modulo Tarea Compensacion/Prestamo Liquidacion Periodica/a_Guardar"), G_TimeOut): Object 'Object Repository/1-OBJECTS TAREAS PRINCIPALES/Modulo Tarea Compensacion/Prestamo Liquidacion Periodica/a_Guardar' is clickable

2023-04-10 09:00:29 - [MESSAGE][PASSED] - Object 'Object Repository/1-OBJECTS TAREAS PRINCIPALES/Modulo Tarea Compensacion/Prestamo Liquidacion Periodica/a_Guardar' is clickable

2023-04-10 09:00:29 - [TEST_STEP][PASSED] - click(findTestObject("1-OBJECTS TAREAS PRINCIPALES/Modulo Tarea Compensacion/Prestamo Liquidacion Periodica/a_Guardar")): Object: 'Object Repository/1-OBJECTS TAREAS PRINCIPALES/Modulo Tarea Compensacion/Prestamo Liquidacion Periodica/a_Guardar' is clicked on

2023-04-10 09:00:29 - [MESSAGE][PASSED] - Object: 'Object Repository/1-OBJECTS TAREAS PRINCIPALES/Modulo Tarea Compensacion/Prestamo Liquidacion Periodica/a_Guardar' is clicked on

2023-04-10 09:00:29 - [TEST_STEP][PASSED] - Result = getText(findTestObject("3-OBJECTS UTILIDADES/Alerta/Alerta")): Text of object 'Object Repository/3-OBJECTS UTILIDADES/Alerta/Alerta' is: 'Se modifico el registro satisfactoriamente'

2023-04-10 09:00:31 - [MESSAGE][PASSED] - Text of object 'Object Repository/3-OBJECTS UTILIDADES/Alerta/Alerta' is: 'Se modifico el registro satisfactoriamente'

2023-04-10 09:00:31 - [TEST_STEP][PASSED] - if (Result == "Se Actualizo el registro correctamente"): null

2023-04-10 09:00:31 - [TEST_STEP][PASSED] - else if (Result == "Se modifico el registro satisfactoriamente"): null

2023-04-10 09:00:31 - [TEST_STEP][PASSED] - Resultado = "PRUEBAS OK": null]]></system-out>
         <system-err><![CDATA[]]></system-err>
      </testcase>
      <testcase name="Test Cases/1.1-Tareas Principales/1.4.7-Liquidacion concepto de Nomina" time="24.971" classname="Test Cases/1.1-Tareas Principales/1.4.7-Liquidacion concepto de Nomina" status="PASSED">
         <system-out><![CDATA[2023-04-10 09:00:31 - [TEST_CASE][PASSED] - Test Cases/1.1-Tareas Principales/1.4.7-Liquidacion concepto de Nomina: Test Cases/1.1-Tareas Principales/1.4.7-Liquidacion concepto de Nomina

2023-04-10 09:00:31 - [TEST_STEP][PASSED] - callTestCase(findTestCase("Utilidades-(atajos_para _tareas)/Tareas Administracion Compensacion/Tarea Liquidacion Nomina"), [:], STOP_ON_FAILURE): Call Test Case 'Test Cases/Utilidades-(atajos_para _tareas)/Tareas Administracion Compensacion/Tarea Liquidacion Nomina' successfully

2023-04-10 09:00:31 - [TEST_CASE][PASSED] - Test Cases/Utilidades-(atajos_para _tareas)/Tareas Administracion Compensacion/Tarea Liquidacion Nomina: Test Cases/Utilidades-(atajos_para _tareas)/Tareas Administracion Compensacion/Tarea Liquidacion Nomina

2023-04-10 09:00:31 - [TEST_STEP][PASSED] - callTestCase(findTestCase("0.1-Login"), [:], STOP_ON_FAILURE): Call Test Case 'Test Cases/0.1-Login' successfully

2023-04-10 09:00:31 - [TEST_CASE][PASSED] - Test Cases/0.1-Login: Test Cases/0.1-Login

2023-04-10 09:00:31 - [TEST_STEP][PASSED] - openBrowser(""): Browser is opened with url: ''

2023-04-10 09:00:31 - [MESSAGE][WARNING] - A browser is already opened. Closing browser and opening a new one

2023-04-10 09:00:32 - [MESSAGE][INFO] - Starting 'Chrome' driver

2023-04-10 09:00:32 - [MESSAGE][INFO] - Action delay is set to 0 milliseconds

2023-04-10 09:00:33 - [MESSAGE][PASSED] - Browser is opened with url: ''

2023-04-10 09:00:33 - [TEST_STEP][PASSED] - maximizeWindow(): Current window maximized

2023-04-10 09:00:33 - [MESSAGE][PASSED] - Current window maximized

2023-04-10 09:00:33 - [TEST_STEP][PASSED] - i = G_Login: null

2023-04-10 09:00:33 - [TEST_STEP][PASSED] - url = new java.net.URL(i): null

2023-04-10 09:00:33 - [TEST_STEP][PASSED] - println("URL: " + url.toString()): null

2023-04-10 09:00:33 - [TEST_STEP][PASSED] - connection = url.openConnection(): null

2023-04-10 09:00:33 - [TEST_STEP][PASSED] - connection.setRequestMethod("GET"): null

2023-04-10 09:00:33 - [TEST_STEP][PASSED] - connection.setReadTimeout(2 * 1000): null

2023-04-10 09:00:33 - [TEST_STEP][PASSED] - try: null

2023-04-10 09:00:33 - [TEST_STEP][PASSED] - connection.connect(): null

2023-04-10 09:00:33 - [TEST_STEP][PASSED] - flag = connected: null

2023-04-10 09:00:33 - [TEST_STEP][PASSED] - println("Valor_ori: " + flag): null

2023-04-10 09:00:33 - [TEST_STEP][PASSED] - if (flag): null

2023-04-10 09:00:33 - [TEST_STEP][PASSED] - navigateToUrl(i): Navigate to 'http://192.168.2.19:8380/saraweb' successfully

2023-04-10 09:00:33 - [MESSAGE][PASSED] - Navigate to 'http://192.168.2.19:8380/saraweb' successfully

2023-04-10 09:00:33 - [TEST_STEP][PASSED] - a(): null

2023-04-10 09:00:33 - [TEST_STEP][PASSED] - if (waitForElementVisible(findTestObject("3-OBJECTS UTILIDADES/Login/input_USUARIO_loginusuario"), 0)): null

2023-04-10 09:00:34 - [MESSAGE][WARNING] - Timeout '0' is invalid. Using default page load timeout: '37'

2023-04-10 09:00:34 - [MESSAGE][PASSED] - Object 'Object Repository/3-OBJECTS UTILIDADES/Login/input_USUARIO_loginusuario' is visible

2023-04-10 09:00:34 - [TEST_STEP][PASSED] - switchToWindowTitle("SARA"): Switched to window with title: 'SARA'

2023-04-10 09:00:34 - [MESSAGE][PASSED] - Switched to window with title: 'SARA'

2023-04-10 09:00:34 - [TEST_STEP][PASSED] - zoom(): null

2023-04-10 09:00:34 - [TEST_STEP][PASSED] - robot = new java.awt.Robot(): null

2023-04-10 09:00:34 - [TEST_STEP][PASSED] - robot.keyPress(VK_CONTROL): null

2023-04-10 09:00:34 - [TEST_STEP][PASSED] - robot.keyPress(VK_SUBTRACT): null

2023-04-10 09:00:34 - [TEST_STEP][PASSED] - robot.keyRelease(VK_CONTROL): null

2023-04-10 09:00:34 - [TEST_STEP][PASSED] - robot.keyRelease(VK_SUBTRACT): null

2023-04-10 09:00:34 - [TEST_STEP][PASSED] - robot.keyPress(VK_CONTROL): null

2023-04-10 09:00:34 - [TEST_STEP][PASSED] - robot.keyPress(VK_SUBTRACT): null

2023-04-10 09:00:34 - [TEST_STEP][PASSED] - robot.keyRelease(VK_CONTROL): null

2023-04-10 09:00:34 - [TEST_STEP][PASSED] - robot.keyRelease(VK_SUBTRACT): null

2023-04-10 09:00:34 - [TEST_STEP][PASSED] - robot.keyPress(VK_CONTROL): null

2023-04-10 09:00:34 - [TEST_STEP][PASSED] - robot.keyPress(VK_SUBTRACT): null

2023-04-10 09:00:34 - [TEST_STEP][PASSED] - robot.keyRelease(VK_CONTROL): null

2023-04-10 09:00:34 - [TEST_STEP][PASSED] - robot.keyRelease(VK_SUBTRACT): null

2023-04-10 09:00:34 - [TEST_STEP][PASSED] - robot.keyRelease(VK_CONTROL): null

2023-04-10 09:00:34 - [TEST_STEP][PASSED] - robot.keyRelease(VK_SUBTRACT): null

2023-04-10 09:00:34 - [TEST_STEP][PASSED] - setText(findTestObject("3-OBJECTS UTILIDADES/Login/input_USUARIO_loginusuario"), G_Usuario): Text 'saraadmin' is set on object 'Object Repository/3-OBJECTS UTILIDADES/Login/input_USUARIO_loginusuario'

2023-04-10 09:00:35 - [MESSAGE][PASSED] - Text 'saraadmin' is set on object 'Object Repository/3-OBJECTS UTILIDADES/Login/input_USUARIO_loginusuario'

2023-04-10 09:00:35 - [TEST_STEP][PASSED] - setEncryptedText(findTestObject("3-OBJECTS UTILIDADES/Login/input_CLAVE_loginpassword"), "SlAwMcyRKqrwbnzhAs8HhT6NnI7sEyng"): Text ****** has been set on object 'Object Repository/3-OBJECTS UTILIDADES/Login/input_CLAVE_loginpassword'

2023-04-10 09:00:36 - [MESSAGE][PASSED] - Text ****** has been set on object 'Object Repository/3-OBJECTS UTILIDADES/Login/input_CLAVE_loginpassword'

2023-04-10 09:00:36 - [TEST_STEP][PASSED] - while (waitForElementClickable(findTestObject("3-OBJECTS UTILIDADES/Login/a_Ingresar"), 1)): Web element with id: 'Object Repository/3-OBJECTS UTILIDADES/Login/a_Ingresar' located by '//a[contains(text(),'Ingresar')]' not found

2023-04-10 09:00:38 - [MESSAGE][INFO] - Unable to find the element located by 'By.xpath: //a[contains(text(),'Ingresar')]'. Please recheck the objects properties to make sure the desired element is located. 

2023-04-10 09:00:38 - [MESSAGE][WARNING] - Web element with id: 'Object Repository/3-OBJECTS UTILIDADES/Login/a_Ingresar' located by '//a[contains(text(),'Ingresar')]' not found

2023-04-10 09:00:38 - [MESSAGE][PASSED] - Call Test Case 'Test Cases/0.1-Login' successfully

2023-04-10 09:00:38 - [TEST_STEP][PASSED] - setText(findTestObject("1-OBJECTS TAREAS PRINCIPALES/Modulo Tarea Compensacion/Tarea Liquidacion Nomina/input_Listado de Empleados_"), "Liquidacion Nomina"): Text 'Liquidacion Nomina' is set on object 'Object Repository/1-OBJECTS TAREAS PRINCIPALES/Modulo Tarea Compensacion/Tarea Liquidacion Nomina/input_Listado de Empleados_'

2023-04-10 09:00:39 - [MESSAGE][PASSED] - Text 'Liquidacion Nomina' is set on object 'Object Repository/1-OBJECTS TAREAS PRINCIPALES/Modulo Tarea Compensacion/Tarea Liquidacion Nomina/input_Listado de Empleados_'

2023-04-10 09:00:39 - [TEST_STEP][PASSED] - waitForElementVisible(findTestObject("1-OBJECTS TAREAS PRINCIPALES/Modulo Tarea Compensacion/Tarea Liquidacion Nomina/span_Liquidacion Nomina"), 0): Object 'Object Repository/1-OBJECTS TAREAS PRINCIPALES/Modulo Tarea Compensacion/Tarea Liquidacion Nomina/span_Liquidacion Nomina' is visible

2023-04-10 09:00:39 - [MESSAGE][WARNING] - Timeout '0' is invalid. Using default page load timeout: '37'

2023-04-10 09:00:40 - [MESSAGE][PASSED] - Object 'Object Repository/1-OBJECTS TAREAS PRINCIPALES/Modulo Tarea Compensacion/Tarea Liquidacion Nomina/span_Liquidacion Nomina' is visible

2023-04-10 09:00:40 - [TEST_STEP][PASSED] - click(findTestObject("1-OBJECTS TAREAS PRINCIPALES/Modulo Tarea Compensacion/Tarea Liquidacion Nomina/span_Liquidacion Nomina")): Object: 'Object Repository/1-OBJECTS TAREAS PRINCIPALES/Modulo Tarea Compensacion/Tarea Liquidacion Nomina/span_Liquidacion Nomina' is clicked on

2023-04-10 09:00:41 - [MESSAGE][PASSED] - Object: 'Object Repository/1-OBJECTS TAREAS PRINCIPALES/Modulo Tarea Compensacion/Tarea Liquidacion Nomina/span_Liquidacion Nomina' is clicked on

2023-04-10 09:00:41 - [MESSAGE][PASSED] - Call Test Case 'Test Cases/Utilidades-(atajos_para _tareas)/Tareas Administracion Compensacion/Tarea Liquidacion Nomina' successfully

2023-04-10 09:00:41 - [TEST_STEP][PASSED] - waitForElementClickable(findTestObject("1-OBJECTS TAREAS PRINCIPALES/Modulo Tarea Compensacion/Legalizar licencia Remunerada/Liquidacion Concepto de Nomina/a_Periodo Nomina_Liquidacion"), G_TimeOut): Object 'Object Repository/1-OBJECTS TAREAS PRINCIPALES/Modulo Tarea Compensacion/Legalizar licencia Remunerada/Liquidacion Concepto de Nomina/a_Periodo Nomina_Liquidacion' is clickable

2023-04-10 09:00:41 - [MESSAGE][PASSED] - Object 'Object Repository/1-OBJECTS TAREAS PRINCIPALES/Modulo Tarea Compensacion/Legalizar licencia Remunerada/Liquidacion Concepto de Nomina/a_Periodo Nomina_Liquidacion' is clickable

2023-04-10 09:00:41 - [TEST_STEP][PASSED] - click(findTestObject("1-OBJECTS TAREAS PRINCIPALES/Modulo Tarea Compensacion/Legalizar licencia Remunerada/Liquidacion Concepto de Nomina/a_Periodo Nomina_Liquidacion")): Object: 'Object Repository/1-OBJECTS TAREAS PRINCIPALES/Modulo Tarea Compensacion/Legalizar licencia Remunerada/Liquidacion Concepto de Nomina/a_Periodo Nomina_Liquidacion' is clicked on

2023-04-10 09:00:42 - [MESSAGE][PASSED] - Object: 'Object Repository/1-OBJECTS TAREAS PRINCIPALES/Modulo Tarea Compensacion/Legalizar licencia Remunerada/Liquidacion Concepto de Nomina/a_Periodo Nomina_Liquidacion' is clicked on

2023-04-10 09:00:42 - [TEST_STEP][PASSED] - waitForElementClickable(findTestObject("1-OBJECTS TAREAS PRINCIPALES/Modulo Tarea Compensacion/Legalizar licencia Remunerada/Liquidacion Concepto de Nomina/select_--  Seleccione  --Periodo Cerrado"), G_TimeOut): Object 'Object Repository/1-OBJECTS TAREAS PRINCIPALES/Modulo Tarea Compensacion/Legalizar licencia Remunerada/Liquidacion Concepto de Nomina/select_--  Seleccione  --Periodo Cerrado' is clickable

2023-04-10 09:00:43 - [MESSAGE][PASSED] - Object 'Object Repository/1-OBJECTS TAREAS PRINCIPALES/Modulo Tarea Compensacion/Legalizar licencia Remunerada/Liquidacion Concepto de Nomina/select_--  Seleccione  --Periodo Cerrado' is clickable

2023-04-10 09:00:43 - [TEST_STEP][PASSED] - click(findTestObject("1-OBJECTS TAREAS PRINCIPALES/Modulo Tarea Compensacion/Legalizar licencia Remunerada/Liquidacion Concepto de Nomina/select_--  Seleccione  --Periodo Cerrado")): Object: 'Object Repository/1-OBJECTS TAREAS PRINCIPALES/Modulo Tarea Compensacion/Legalizar licencia Remunerada/Liquidacion Concepto de Nomina/select_--  Seleccione  --Periodo Cerrado' is clicked on

2023-04-10 09:00:43 - [MESSAGE][PASSED] - Object: 'Object Repository/1-OBJECTS TAREAS PRINCIPALES/Modulo Tarea Compensacion/Legalizar licencia Remunerada/Liquidacion Concepto de Nomina/select_--  Seleccione  --Periodo Cerrado' is clicked on

2023-04-10 09:00:43 - [TEST_STEP][PASSED] - selectOptionByIndex(findTestObject("1-OBJECTS TAREAS PRINCIPALES/Modulo Tarea Compensacion/Legalizar licencia Remunerada/Liquidacion Concepto de Nomina/select_--  Seleccione  --Periodo Cerrado"), "2"): All options with index in [2] are selected on object 'Object Repository/1-OBJECTS TAREAS PRINCIPALES/Modulo Tarea Compensacion/Legalizar licencia Remunerada/Liquidacion Concepto de Nomina/select_--  Seleccione  --Periodo Cerrado'

2023-04-10 09:00:44 - [MESSAGE][PASSED] - All options with index in [2] are selected on object 'Object Repository/1-OBJECTS TAREAS PRINCIPALES/Modulo Tarea Compensacion/Legalizar licencia Remunerada/Liquidacion Concepto de Nomina/select_--  Seleccione  --Periodo Cerrado'

2023-04-10 09:00:44 - [TEST_STEP][PASSED] - waitForElementClickable(findTestObject("1-OBJECTS TAREAS PRINCIPALES/Modulo Tarea Compensacion/Legalizar licencia Remunerada/Liquidacion Concepto de Nomina/span_PM202107"), G_TimeOut): Object 'Object Repository/1-OBJECTS TAREAS PRINCIPALES/Modulo Tarea Compensacion/Legalizar licencia Remunerada/Liquidacion Concepto de Nomina/span_PM202107' is clickable

2023-04-10 09:00:45 - [MESSAGE][PASSED] - Object 'Object Repository/1-OBJECTS TAREAS PRINCIPALES/Modulo Tarea Compensacion/Legalizar licencia Remunerada/Liquidacion Concepto de Nomina/span_PM202107' is clickable

2023-04-10 09:00:45 - [TEST_STEP][PASSED] - click(findTestObject("1-OBJECTS TAREAS PRINCIPALES/Modulo Tarea Compensacion/Legalizar licencia Remunerada/Liquidacion Concepto de Nomina/span_PM202107")): Object: 'Object Repository/1-OBJECTS TAREAS PRINCIPALES/Modulo Tarea Compensacion/Legalizar licencia Remunerada/Liquidacion Concepto de Nomina/span_PM202107' is clicked on

2023-04-10 09:00:45 - [MESSAGE][PASSED] - Object: 'Object Repository/1-OBJECTS TAREAS PRINCIPALES/Modulo Tarea Compensacion/Legalizar licencia Remunerada/Liquidacion Concepto de Nomina/span_PM202107' is clicked on

2023-04-10 09:00:45 - [TEST_STEP][PASSED] - waitForElementClickable(findTestObject("1-OBJECTS TAREAS PRINCIPALES/Modulo Tarea Compensacion/Legalizar licencia Remunerada/Liquidacion Concepto de Nomina/a_Nombre Persona_LiquidacionNo"), G_TimeOut): Object 'Object Repository/1-OBJECTS TAREAS PRINCIPALES/Modulo Tarea Compensacion/Legalizar licencia Remunerada/Liquidacion Concepto de Nomina/a_Nombre Persona_LiquidacionNo' is clickable

2023-04-10 09:00:46 - [MESSAGE][PASSED] - Object 'Object Repository/1-OBJECTS TAREAS PRINCIPALES/Modulo Tarea Compensacion/Legalizar licencia Remunerada/Liquidacion Concepto de Nomina/a_Nombre Persona_LiquidacionNo' is clickable

2023-04-10 09:00:46 - [TEST_STEP][PASSED] - click(findTestObject("1-OBJECTS TAREAS PRINCIPALES/Modulo Tarea Compensacion/Legalizar licencia Remunerada/Liquidacion Concepto de Nomina/a_Nombre Persona_LiquidacionNo")): Object: 'Object Repository/1-OBJECTS TAREAS PRINCIPALES/Modulo Tarea Compensacion/Legalizar licencia Remunerada/Liquidacion Concepto de Nomina/a_Nombre Persona_LiquidacionNo' is clicked on

2023-04-10 09:00:47 - [MESSAGE][PASSED] - Object: 'Object Repository/1-OBJECTS TAREAS PRINCIPALES/Modulo Tarea Compensacion/Legalizar licencia Remunerada/Liquidacion Concepto de Nomina/a_Nombre Persona_LiquidacionNo' is clicked on

2023-04-10 09:00:47 - [TEST_STEP][PASSED] - setText(findTestObject("1-OBJECTS TAREAS PRINCIPALES/Modulo Tarea Compensacion/Legalizar licencia Remunerada/Liquidacion Concepto de Nomina/input_close_popupFiltroEmplead"), "1065"): Text '1065' is set on object 'Object Repository/1-OBJECTS TAREAS PRINCIPALES/Modulo Tarea Compensacion/Legalizar licencia Remunerada/Liquidacion Concepto de Nomina/input_close_popupFiltroEmplead'

2023-04-10 09:00:48 - [MESSAGE][PASSED] - Text '1065' is set on object 'Object Repository/1-OBJECTS TAREAS PRINCIPALES/Modulo Tarea Compensacion/Legalizar licencia Remunerada/Liquidacion Concepto de Nomina/input_close_popupFiltroEmplead'

2023-04-10 09:00:48 - [TEST_STEP][PASSED] - sendKeys(findTestObject("1-OBJECTS TAREAS PRINCIPALES/Modulo Tarea Compensacion/Legalizar licencia Remunerada/Liquidacion Concepto de Nomina/input_close_popupFiltroEmplead"), Keys.chord(ENTER)): Keys 'ENTER + ' sent to object: 'Object Repository/1-OBJECTS TAREAS PRINCIPALES/Modulo Tarea Compensacion/Legalizar licencia Remunerada/Liquidacion Concepto de Nomina/input_close_popupFiltroEmplead'

2023-04-10 09:00:48 - [MESSAGE][PASSED] - Keys 'ENTER + ' sent to object: 'Object Repository/1-OBJECTS TAREAS PRINCIPALES/Modulo Tarea Compensacion/Legalizar licencia Remunerada/Liquidacion Concepto de Nomina/input_close_popupFiltroEmplead'

2023-04-10 09:00:48 - [TEST_STEP][PASSED] - waitForElementClickable(findTestObject("1-OBJECTS TAREAS PRINCIPALES/Modulo Tarea Compensacion/Legalizar licencia Remunerada/Liquidacion Concepto de Nomina/span_CONSTA BELFEGORD JHON"), G_TimeOut): Object 'Object Repository/1-OBJECTS TAREAS PRINCIPALES/Modulo Tarea Compensacion/Legalizar licencia Remunerada/Liquidacion Concepto de Nomina/span_CONSTA BELFEGORD JHON' is clickable

2023-04-10 09:00:49 - [MESSAGE][PASSED] - Object 'Object Repository/1-OBJECTS TAREAS PRINCIPALES/Modulo Tarea Compensacion/Legalizar licencia Remunerada/Liquidacion Concepto de Nomina/span_CONSTA BELFEGORD JHON' is clickable

2023-04-10 09:00:49 - [TEST_STEP][PASSED] - click(findTestObject("1-OBJECTS TAREAS PRINCIPALES/Modulo Tarea Compensacion/Legalizar licencia Remunerada/Liquidacion Concepto de Nomina/span_CONSTA BELFEGORD JHON")): Object: 'Object Repository/1-OBJECTS TAREAS PRINCIPALES/Modulo Tarea Compensacion/Legalizar licencia Remunerada/Liquidacion Concepto de Nomina/span_CONSTA BELFEGORD JHON' is clicked on

2023-04-10 09:00:49 - [MESSAGE][PASSED] - Object: 'Object Repository/1-OBJECTS TAREAS PRINCIPALES/Modulo Tarea Compensacion/Legalizar licencia Remunerada/Liquidacion Concepto de Nomina/span_CONSTA BELFEGORD JHON' is clicked on

2023-04-10 09:00:49 - [TEST_STEP][PASSED] - waitForElementClickable(findTestObject("1-OBJECTS TAREAS PRINCIPALES/Modulo Tarea Compensacion/Legalizar licencia Remunerada/Liquidacion Concepto de Nomina/td_Mendoza 1015 Empleado"), G_TimeOut): Object 'Object Repository/1-OBJECTS TAREAS PRINCIPALES/Modulo Tarea Compensacion/Legalizar licencia Remunerada/Liquidacion Concepto de Nomina/td_Mendoza 1015 Empleado' is clickable

2023-04-10 09:00:50 - [MESSAGE][PASSED] - Object 'Object Repository/1-OBJECTS TAREAS PRINCIPALES/Modulo Tarea Compensacion/Legalizar licencia Remunerada/Liquidacion Concepto de Nomina/td_Mendoza 1015 Empleado' is clickable

2023-04-10 09:00:50 - [TEST_STEP][PASSED] - click(findTestObject("1-OBJECTS TAREAS PRINCIPALES/Modulo Tarea Compensacion/Legalizar licencia Remunerada/Liquidacion Concepto de Nomina/td_Mendoza 1015 Empleado")): Object: 'Object Repository/1-OBJECTS TAREAS PRINCIPALES/Modulo Tarea Compensacion/Legalizar licencia Remunerada/Liquidacion Concepto de Nomina/td_Mendoza 1015 Empleado' is clicked on

2023-04-10 09:00:50 - [MESSAGE][PASSED] - Object: 'Object Repository/1-OBJECTS TAREAS PRINCIPALES/Modulo Tarea Compensacion/Legalizar licencia Remunerada/Liquidacion Concepto de Nomina/td_Mendoza 1015 Empleado' is clicked on

2023-04-10 09:00:50 - [TEST_STEP][PASSED] - waitForElementClickable(findTestObject("1-OBJECTS TAREAS PRINCIPALES/Modulo Tarea Compensacion/Legalizar licencia Remunerada/Liquidacion Concepto de Nomina/em_Concepto"), 0): Object 'Object Repository/1-OBJECTS TAREAS PRINCIPALES/Modulo Tarea Compensacion/Legalizar licencia Remunerada/Liquidacion Concepto de Nomina/em_Concepto' is clickable

2023-04-10 09:00:50 - [MESSAGE][WARNING] - Timeout '0' is invalid. Using default page load timeout: '37'

2023-04-10 09:00:51 - [MESSAGE][PASSED] - Object 'Object Repository/1-OBJECTS TAREAS PRINCIPALES/Modulo Tarea Compensacion/Legalizar licencia Remunerada/Liquidacion Concepto de Nomina/em_Concepto' is clickable

2023-04-10 09:00:51 - [TEST_STEP][PASSED] - click(findTestObject("1-OBJECTS TAREAS PRINCIPALES/Modulo Tarea Compensacion/Legalizar licencia Remunerada/Liquidacion Concepto de Nomina/em_Concepto")): Object: 'Object Repository/1-OBJECTS TAREAS PRINCIPALES/Modulo Tarea Compensacion/Legalizar licencia Remunerada/Liquidacion Concepto de Nomina/em_Concepto' is clicked on

2023-04-10 09:00:52 - [MESSAGE][PASSED] - Object: 'Object Repository/1-OBJECTS TAREAS PRINCIPALES/Modulo Tarea Compensacion/Legalizar licencia Remunerada/Liquidacion Concepto de Nomina/em_Concepto' is clicked on

2023-04-10 09:00:52 - [TEST_STEP][PASSED] - waitForElementClickable(findTestObject("1-OBJECTS TAREAS PRINCIPALES/Modulo Tarea Compensacion/Legalizar licencia Remunerada/Liquidacion Concepto de Nomina/span_Liquidar"), G_TimeOut): Object 'Object Repository/1-OBJECTS TAREAS PRINCIPALES/Modulo Tarea Compensacion/Legalizar licencia Remunerada/Liquidacion Concepto de Nomina/span_Liquidar' is clickable

2023-04-10 09:00:52 - [MESSAGE][PASSED] - Object 'Object Repository/1-OBJECTS TAREAS PRINCIPALES/Modulo Tarea Compensacion/Legalizar licencia Remunerada/Liquidacion Concepto de Nomina/span_Liquidar' is clickable

2023-04-10 09:00:52 - [TEST_STEP][PASSED] - click(findTestObject("1-OBJECTS TAREAS PRINCIPALES/Modulo Tarea Compensacion/Legalizar licencia Remunerada/Liquidacion Concepto de Nomina/span_Liquidar")): Object: 'Object Repository/1-OBJECTS TAREAS PRINCIPALES/Modulo Tarea Compensacion/Legalizar licencia Remunerada/Liquidacion Concepto de Nomina/span_Liquidar' is clicked on

2023-04-10 09:00:53 - [MESSAGE][PASSED] - Object: 'Object Repository/1-OBJECTS TAREAS PRINCIPALES/Modulo Tarea Compensacion/Legalizar licencia Remunerada/Liquidacion Concepto de Nomina/span_Liquidar' is clicked on

2023-04-10 09:00:53 - [TEST_STEP][PASSED] - waitForElementClickable(findTestObject("1-OBJECTS TAREAS PRINCIPALES/Modulo Tarea Compensacion/Legalizar licencia Remunerada/Liquidacion Concepto de Nomina/span_Si"), G_TimeOut): Object 'Object Repository/1-OBJECTS TAREAS PRINCIPALES/Modulo Tarea Compensacion/Legalizar licencia Remunerada/Liquidacion Concepto de Nomina/span_Si' is clickable

2023-04-10 09:00:53 - [MESSAGE][PASSED] - Object 'Object Repository/1-OBJECTS TAREAS PRINCIPALES/Modulo Tarea Compensacion/Legalizar licencia Remunerada/Liquidacion Concepto de Nomina/span_Si' is clickable

2023-04-10 09:00:53 - [TEST_STEP][PASSED] - click(findTestObject("1-OBJECTS TAREAS PRINCIPALES/Modulo Tarea Compensacion/Legalizar licencia Remunerada/Liquidacion Concepto de Nomina/span_Si")): Object: 'Object Repository/1-OBJECTS TAREAS PRINCIPALES/Modulo Tarea Compensacion/Legalizar licencia Remunerada/Liquidacion Concepto de Nomina/span_Si' is clicked on

2023-04-10 09:00:54 - [MESSAGE][PASSED] - Object: 'Object Repository/1-OBJECTS TAREAS PRINCIPALES/Modulo Tarea Compensacion/Legalizar licencia Remunerada/Liquidacion Concepto de Nomina/span_Si' is clicked on

2023-04-10 09:00:54 - [TEST_STEP][PASSED] - Result = getText(findTestObject("3-OBJECTS UTILIDADES/Alerta/Alerta")): Text of object 'Object Repository/3-OBJECTS UTILIDADES/Alerta/Alerta' is: 'Liquidación exitosa'

2023-04-10 09:00:55 - [MESSAGE][PASSED] - Text of object 'Object Repository/3-OBJECTS UTILIDADES/Alerta/Alerta' is: 'Liquidación exitosa'

2023-04-10 09:00:55 - [TEST_STEP][PASSED] - if (Result == "Liquidación exitosa"): Browser is closed

2023-04-10 09:00:55 - [TEST_STEP][PASSED] - closeBrowser(): Browser is closed

2023-04-10 09:00:56 - [MESSAGE][PASSED] - Browser is closed]]></system-out>
         <system-err><![CDATA[]]></system-err>
      </testcase>
      <testcase name="Test Cases/1.1-Tareas Principales/1.4.8-Tarea Importar Fuente general" time="19.572" classname="Test Cases/1.1-Tareas Principales/1.4.8-Tarea Importar Fuente general" status="PASSED">
         <system-out><![CDATA[2023-04-10 09:00:56 - [TEST_CASE][PASSED] - Test Cases/1.1-Tareas Principales/1.4.8-Tarea Importar Fuente general: Test Cases/1.1-Tareas Principales/1.4.8-Tarea Importar Fuente general

2023-04-10 09:00:56 - [TEST_STEP][PASSED] - callTestCase(findTestCase("0.1-Login"), [:], STOP_ON_FAILURE): Call Test Case 'Test Cases/0.1-Login' successfully

2023-04-10 09:00:56 - [TEST_CASE][PASSED] - Test Cases/0.1-Login: Test Cases/0.1-Login

2023-04-10 09:00:56 - [TEST_STEP][PASSED] - openBrowser(""): Browser is opened with url: ''

2023-04-10 09:00:56 - [MESSAGE][INFO] - Starting 'Chrome' driver

2023-04-10 09:00:56 - [MESSAGE][INFO] - Action delay is set to 0 milliseconds

2023-04-10 09:00:57 - [MESSAGE][PASSED] - Browser is opened with url: ''

2023-04-10 09:00:57 - [TEST_STEP][PASSED] - maximizeWindow(): Current window maximized

2023-04-10 09:00:57 - [MESSAGE][PASSED] - Current window maximized

2023-04-10 09:00:57 - [TEST_STEP][PASSED] - i = G_Login: null

2023-04-10 09:00:57 - [TEST_STEP][PASSED] - url = new java.net.URL(i): null

2023-04-10 09:00:57 - [TEST_STEP][PASSED] - println("URL: " + url.toString()): null

2023-04-10 09:00:57 - [TEST_STEP][PASSED] - connection = url.openConnection(): null

2023-04-10 09:00:57 - [TEST_STEP][PASSED] - connection.setRequestMethod("GET"): null

2023-04-10 09:00:57 - [TEST_STEP][PASSED] - connection.setReadTimeout(2 * 1000): null

2023-04-10 09:00:57 - [TEST_STEP][PASSED] - try: null

2023-04-10 09:00:57 - [TEST_STEP][PASSED] - connection.connect(): null

2023-04-10 09:00:57 - [TEST_STEP][PASSED] - flag = connected: null

2023-04-10 09:00:57 - [TEST_STEP][PASSED] - println("Valor_ori: " + flag): null

2023-04-10 09:00:57 - [TEST_STEP][PASSED] - if (flag): null

2023-04-10 09:00:57 - [TEST_STEP][PASSED] - navigateToUrl(i): Navigate to 'http://192.168.2.19:8380/saraweb' successfully

2023-04-10 09:00:58 - [MESSAGE][PASSED] - Navigate to 'http://192.168.2.19:8380/saraweb' successfully

2023-04-10 09:00:58 - [TEST_STEP][PASSED] - a(): null

2023-04-10 09:00:58 - [TEST_STEP][PASSED] - if (waitForElementVisible(findTestObject("3-OBJECTS UTILIDADES/Login/input_USUARIO_loginusuario"), 0)): null

2023-04-10 09:00:58 - [MESSAGE][WARNING] - Timeout '0' is invalid. Using default page load timeout: '37'

2023-04-10 09:00:58 - [MESSAGE][PASSED] - Object 'Object Repository/3-OBJECTS UTILIDADES/Login/input_USUARIO_loginusuario' is visible

2023-04-10 09:00:58 - [TEST_STEP][PASSED] - switchToWindowTitle("SARA"): Switched to window with title: 'SARA'

2023-04-10 09:00:58 - [MESSAGE][PASSED] - Switched to window with title: 'SARA'

2023-04-10 09:00:58 - [TEST_STEP][PASSED] - zoom(): null

2023-04-10 09:00:58 - [TEST_STEP][PASSED] - robot = new java.awt.Robot(): null

2023-04-10 09:00:58 - [TEST_STEP][PASSED] - robot.keyPress(VK_CONTROL): null

2023-04-10 09:00:58 - [TEST_STEP][PASSED] - robot.keyPress(VK_SUBTRACT): null

2023-04-10 09:00:58 - [TEST_STEP][PASSED] - robot.keyRelease(VK_CONTROL): null

2023-04-10 09:00:58 - [TEST_STEP][PASSED] - robot.keyRelease(VK_SUBTRACT): null

2023-04-10 09:00:58 - [TEST_STEP][PASSED] - robot.keyPress(VK_CONTROL): null

2023-04-10 09:00:58 - [TEST_STEP][PASSED] - robot.keyPress(VK_SUBTRACT): null

2023-04-10 09:00:58 - [TEST_STEP][PASSED] - robot.keyRelease(VK_CONTROL): null

2023-04-10 09:00:58 - [TEST_STEP][PASSED] - robot.keyRelease(VK_SUBTRACT): null

2023-04-10 09:00:58 - [TEST_STEP][PASSED] - robot.keyPress(VK_CONTROL): null

2023-04-10 09:00:58 - [TEST_STEP][PASSED] - robot.keyPress(VK_SUBTRACT): null

2023-04-10 09:00:58 - [TEST_STEP][PASSED] - robot.keyRelease(VK_CONTROL): null

2023-04-10 09:00:58 - [TEST_STEP][PASSED] - robot.keyRelease(VK_SUBTRACT): null

2023-04-10 09:00:58 - [TEST_STEP][PASSED] - robot.keyRelease(VK_CONTROL): null

2023-04-10 09:00:58 - [TEST_STEP][PASSED] - robot.keyRelease(VK_SUBTRACT): null

2023-04-10 09:00:58 - [TEST_STEP][PASSED] - setText(findTestObject("3-OBJECTS UTILIDADES/Login/input_USUARIO_loginusuario"), G_Usuario): Text 'saraadmin' is set on object 'Object Repository/3-OBJECTS UTILIDADES/Login/input_USUARIO_loginusuario'

2023-04-10 09:00:59 - [MESSAGE][PASSED] - Text 'saraadmin' is set on object 'Object Repository/3-OBJECTS UTILIDADES/Login/input_USUARIO_loginusuario'

2023-04-10 09:00:59 - [TEST_STEP][PASSED] - setEncryptedText(findTestObject("3-OBJECTS UTILIDADES/Login/input_CLAVE_loginpassword"), "SlAwMcyRKqrwbnzhAs8HhT6NnI7sEyng"): Text ****** has been set on object 'Object Repository/3-OBJECTS UTILIDADES/Login/input_CLAVE_loginpassword'

2023-04-10 09:01:00 - [MESSAGE][PASSED] - Text ****** has been set on object 'Object Repository/3-OBJECTS UTILIDADES/Login/input_CLAVE_loginpassword'

2023-04-10 09:01:00 - [TEST_STEP][PASSED] - while (waitForElementClickable(findTestObject("3-OBJECTS UTILIDADES/Login/a_Ingresar"), 1)): Web element with id: 'Object Repository/3-OBJECTS UTILIDADES/Login/a_Ingresar' located by '//a[contains(text(),'Ingresar')]' not found

2023-04-10 09:01:02 - [MESSAGE][INFO] - Unable to find the element located by 'By.xpath: //a[contains(text(),'Ingresar')]'. Please recheck the objects properties to make sure the desired element is located. 

2023-04-10 09:01:02 - [MESSAGE][WARNING] - Web element with id: 'Object Repository/3-OBJECTS UTILIDADES/Login/a_Ingresar' located by '//a[contains(text(),'Ingresar')]' not found

2023-04-10 09:01:02 - [MESSAGE][PASSED] - Call Test Case 'Test Cases/0.1-Login' successfully

2023-04-10 09:01:02 - [TEST_STEP][PASSED] - waitForElementClickable(findTestObject("1-OBJECTS TAREAS PRINCIPALES/Modulo Tarea Sara General/Importar Fuente General/input_Ir_nav_t66_input"), 3): Object 'Object Repository/1-OBJECTS TAREAS PRINCIPALES/Modulo Tarea Sara General/Importar Fuente General/input_Ir_nav_t66_input' is clickable

2023-04-10 09:01:03 - [MESSAGE][PASSED] - Object 'Object Repository/1-OBJECTS TAREAS PRINCIPALES/Modulo Tarea Sara General/Importar Fuente General/input_Ir_nav_t66_input' is clickable

2023-04-10 09:01:03 - [TEST_STEP][PASSED] - setText(findTestObject("1-OBJECTS TAREAS PRINCIPALES/Modulo Tarea Sara General/Importar Fuente General/input_Ir_nav_t66_input"), "Importar Fuente General (gna)"): Text 'Importar Fuente General (gna)' is set on object 'Object Repository/1-OBJECTS TAREAS PRINCIPALES/Modulo Tarea Sara General/Importar Fuente General/input_Ir_nav_t66_input'

2023-04-10 09:01:04 - [MESSAGE][PASSED] - Text 'Importar Fuente General (gna)' is set on object 'Object Repository/1-OBJECTS TAREAS PRINCIPALES/Modulo Tarea Sara General/Importar Fuente General/input_Ir_nav_t66_input'

2023-04-10 09:01:04 - [TEST_STEP][PASSED] - waitForElementVisible(findTestObject("1-OBJECTS TAREAS PRINCIPALES/Modulo Tarea Sara General/Importar Fuente General/span_Importar Fuente General (gna)"), 0): Object 'Object Repository/1-OBJECTS TAREAS PRINCIPALES/Modulo Tarea Sara General/Importar Fuente General/span_Importar Fuente General (gna)' is visible

2023-04-10 09:01:04 - [MESSAGE][WARNING] - Timeout '0' is invalid. Using default page load timeout: '37'

2023-04-10 09:01:05 - [MESSAGE][PASSED] - Object 'Object Repository/1-OBJECTS TAREAS PRINCIPALES/Modulo Tarea Sara General/Importar Fuente General/span_Importar Fuente General (gna)' is visible

2023-04-10 09:01:05 - [TEST_STEP][PASSED] - click(findTestObject("1-OBJECTS TAREAS PRINCIPALES/Modulo Tarea Sara General/Importar Fuente General/span_Importar Fuente General (gna)")): Object: 'Object Repository/1-OBJECTS TAREAS PRINCIPALES/Modulo Tarea Sara General/Importar Fuente General/span_Importar Fuente General (gna)' is clicked on

2023-04-10 09:01:05 - [MESSAGE][PASSED] - Object: 'Object Repository/1-OBJECTS TAREAS PRINCIPALES/Modulo Tarea Sara General/Importar Fuente General/span_Importar Fuente General (gna)' is clicked on

2023-04-10 09:01:05 - [TEST_STEP][PASSED] - setText(findTestObject("1-OBJECTS TAREAS PRINCIPALES/Modulo Tarea Sara General/Importar Fuente General/input_Importar Fuente_formImpo"), "Insertar las liquidaciones periodicas de prestamo"): Text 'Insertar las liquidaciones periodicas de prestamo' is set on object 'Object Repository/1-OBJECTS TAREAS PRINCIPALES/Modulo Tarea Sara General/Importar Fuente General/input_Importar Fuente_formImpo'

2023-04-10 09:01:07 - [MESSAGE][PASSED] - Text 'Insertar las liquidaciones periodicas de prestamo' is set on object 'Object Repository/1-OBJECTS TAREAS PRINCIPALES/Modulo Tarea Sara General/Importar Fuente General/input_Importar Fuente_formImpo'

2023-04-10 09:01:07 - [TEST_STEP][PASSED] - sendKeys(findTestObject("1-OBJECTS TAREAS PRINCIPALES/Modulo Tarea Sara General/Importar Fuente General/input_Importar Fuente_formImpo"), Keys.chord(ENTER)): Keys 'ENTER + ' sent to object: 'Object Repository/1-OBJECTS TAREAS PRINCIPALES/Modulo Tarea Sara General/Importar Fuente General/input_Importar Fuente_formImpo'

2023-04-10 09:01:08 - [MESSAGE][PASSED] - Keys 'ENTER + ' sent to object: 'Object Repository/1-OBJECTS TAREAS PRINCIPALES/Modulo Tarea Sara General/Importar Fuente General/input_Importar Fuente_formImpo'

2023-04-10 09:01:08 - [TEST_STEP][PASSED] - click(findTestObject("1-OBJECTS TAREAS PRINCIPALES/Modulo Tarea Sara General/Importar Fuente General/td_Insertar Las Liquidaciones Periodicas De Prestamo")): Object: 'Object Repository/1-OBJECTS TAREAS PRINCIPALES/Modulo Tarea Sara General/Importar Fuente General/td_Insertar Las Liquidaciones Periodicas De Prestamo' is clicked on

2023-04-10 09:01:08 - [MESSAGE][PASSED] - Object: 'Object Repository/1-OBJECTS TAREAS PRINCIPALES/Modulo Tarea Sara General/Importar Fuente General/td_Insertar Las Liquidaciones Periodicas De Prestamo' is clicked on

2023-04-10 09:01:08 - [TEST_STEP][PASSED] - ra = "": null

2023-04-10 09:01:08 - [TEST_STEP][PASSED] - ruta = Systema(ra) + "ArchivoPlanoLiquidacionNomina.txt": null

2023-04-10 09:01:08 - [TEST_STEP][PASSED] - RutaA = System.getProperty("os.name"): null

2023-04-10 09:01:08 - [TEST_STEP][PASSED] - if (RutaA == "Windows 10"): null

2023-04-10 09:01:08 - [TEST_STEP][PASSED] - rutaW = getProjectDir() + "/1.Requerimientos/Documento para pruebas/": null

2023-04-10 09:01:08 - [TEST_STEP][PASSED] - rutaW = rutaW.replace("/", "\"): null

2023-04-10 09:01:08 - [TEST_STEP][PASSED] - println("Esta es la ruta:" + rutaW): null

2023-04-10 09:01:08 - [TEST_STEP][PASSED] - ra = rutaW: null

2023-04-10 09:01:08 - [TEST_STEP][PASSED] - println(ruta): null

2023-04-10 09:01:08 - [TEST_STEP][PASSED] - uploadFile(findTestObject("1-OBJECTS TAREAS PRINCIPALES/Modulo Tarea Sara General/Importar Fuente General/Archivo Cargue Fuente"), ruta): File 'C:\Users\diego.rojas\git\Pruebas-Minimas\1.Requerimientos\Documento para pruebas\ArchivoPlanoLiquidacionNomina.txt' sent to object: 'Object Repository/1-OBJECTS TAREAS PRINCIPALES/Modulo Tarea Sara General/Importar Fuente General/Archivo Cargue Fuente'

2023-04-10 09:01:09 - [MESSAGE][PASSED] - File 'C:\Users\diego.rojas\git\Pruebas-Minimas\1.Requerimientos\Documento para pruebas\ArchivoPlanoLiquidacionNomina.txt' sent to object: 'Object Repository/1-OBJECTS TAREAS PRINCIPALES/Modulo Tarea Sara General/Importar Fuente General/Archivo Cargue Fuente'

2023-04-10 09:01:09 - [TEST_STEP][PASSED] - filePath = getAttribute(findTestObject("1-OBJECTS TAREAS PRINCIPALES/Modulo Tarea Sara General/Importar Fuente General/Archivo Cargue Fuente"), "value"): Attribute 'value' of object 'Object Repository/1-OBJECTS TAREAS PRINCIPALES/Modulo Tarea Sara General/Importar Fuente General/Archivo Cargue Fuente' is: ''

2023-04-10 09:01:09 - [MESSAGE][PASSED] - Attribute 'value' of object 'Object Repository/1-OBJECTS TAREAS PRINCIPALES/Modulo Tarea Sara General/Importar Fuente General/Archivo Cargue Fuente' is: ''

2023-04-10 09:01:09 - [TEST_STEP][PASSED] - click(findTestObject("1-OBJECTS TAREAS PRINCIPALES/Modulo Tarea Sara General/Importar Fuente General/a_Importar")): Object: 'Object Repository/1-OBJECTS TAREAS PRINCIPALES/Modulo Tarea Sara General/Importar Fuente General/a_Importar' is clicked on

2023-04-10 09:01:10 - [MESSAGE][PASSED] - Object: 'Object Repository/1-OBJECTS TAREAS PRINCIPALES/Modulo Tarea Sara General/Importar Fuente General/a_Importar' is clicked on

2023-04-10 09:01:10 - [TEST_STEP][PASSED] - waitForElementVisible(findTestObject("1-OBJECTS TAREAS PRINCIPALES/Modulo Tarea Sara General/Importar Fuente General/a_Continuar"), 0): Object 'Object Repository/1-OBJECTS TAREAS PRINCIPALES/Modulo Tarea Sara General/Importar Fuente General/a_Continuar' is visible

2023-04-10 09:01:10 - [MESSAGE][WARNING] - Timeout '0' is invalid. Using default page load timeout: '37'

2023-04-10 09:01:14 - [MESSAGE][PASSED] - Object 'Object Repository/1-OBJECTS TAREAS PRINCIPALES/Modulo Tarea Sara General/Importar Fuente General/a_Continuar' is visible

2023-04-10 09:01:14 - [TEST_STEP][PASSED] - Result = getText(findTestObject("1-OBJECTS TAREAS PRINCIPALES/Modulo Tarea Sara General/Importar Fuente General/div_Se cargo el archivo")): Text of object 'Object Repository/1-OBJECTS TAREAS PRINCIPALES/Modulo Tarea Sara General/Importar Fuente General/div_Se cargo el archivo' is: 'Se cargo el archivo'

2023-04-10 09:01:14 - [MESSAGE][PASSED] - Text of object 'Object Repository/1-OBJECTS TAREAS PRINCIPALES/Modulo Tarea Sara General/Importar Fuente General/div_Se cargo el archivo' is: 'Se cargo el archivo'

2023-04-10 09:01:14 - [TEST_STEP][PASSED] - click(findTestObject("1-OBJECTS TAREAS PRINCIPALES/Modulo Tarea Sara General/Importar Fuente General/a_Continuar")): Object: 'Object Repository/1-OBJECTS TAREAS PRINCIPALES/Modulo Tarea Sara General/Importar Fuente General/a_Continuar' is clicked on

2023-04-10 09:01:14 - [MESSAGE][PASSED] - Object: 'Object Repository/1-OBJECTS TAREAS PRINCIPALES/Modulo Tarea Sara General/Importar Fuente General/a_Continuar' is clicked on

2023-04-10 09:01:14 - [TEST_STEP][PASSED] - if (Result == "Se cargo el archivo"): Browser is closed

2023-04-10 09:01:14 - [TEST_STEP][PASSED] - Resultado = "PRUEBAS OK": null

2023-04-10 09:01:14 - [TEST_STEP][PASSED] - closeBrowser(): Browser is closed

2023-04-10 09:01:15 - [MESSAGE][PASSED] - Browser is closed]]></system-out>
         <system-err><![CDATA[]]></system-err>
      </testcase>
      <testcase name="Test Cases/1.1-Tareas Principales/1.4.9-Verificacion de campo Total Abonado" time="17.834" classname="Test Cases/1.1-Tareas Principales/1.4.9-Verificacion de campo Total Abonado" status="PASSED">
         <system-out><![CDATA[2023-04-10 09:01:15 - [TEST_CASE][PASSED] - Test Cases/1.1-Tareas Principales/1.4.9-Verificacion de campo Total Abonado: Test Cases/1.1-Tareas Principales/1.4.9-Verificacion de campo Total Abonado

2023-04-10 09:01:15 - [TEST_STEP][PASSED] - callTestCase(findTestCase("Utilidades-(atajos_para _tareas)/Tareas Administracion Compensacion/Tarea Listado Empleados"), [:], STOP_ON_FAILURE): Call Test Case 'Test Cases/Utilidades-(atajos_para _tareas)/Tareas Administracion Compensacion/Tarea Listado Empleados' successfully

2023-04-10 09:01:16 - [TEST_CASE][PASSED] - Test Cases/Utilidades-(atajos_para _tareas)/Tareas Administracion Compensacion/Tarea Listado Empleados: Test Cases/Utilidades-(atajos_para _tareas)/Tareas Administracion Compensacion/Tarea Listado Empleados

2023-04-10 09:01:16 - [TEST_STEP][PASSED] - callTestCase(findTestCase("0.1-Login"), [:], STOP_ON_FAILURE): Call Test Case 'Test Cases/0.1-Login' successfully

2023-04-10 09:01:16 - [TEST_CASE][PASSED] - Test Cases/0.1-Login: Test Cases/0.1-Login

2023-04-10 09:01:16 - [TEST_STEP][PASSED] - openBrowser(""): Browser is opened with url: ''

2023-04-10 09:01:16 - [MESSAGE][INFO] - Starting 'Chrome' driver

2023-04-10 09:01:16 - [MESSAGE][INFO] - Action delay is set to 0 milliseconds

2023-04-10 09:01:17 - [MESSAGE][PASSED] - Browser is opened with url: ''

2023-04-10 09:01:17 - [TEST_STEP][PASSED] - maximizeWindow(): Current window maximized

2023-04-10 09:01:17 - [MESSAGE][PASSED] - Current window maximized

2023-04-10 09:01:17 - [TEST_STEP][PASSED] - i = G_Login: null

2023-04-10 09:01:17 - [TEST_STEP][PASSED] - url = new java.net.URL(i): null

2023-04-10 09:01:17 - [TEST_STEP][PASSED] - println("URL: " + url.toString()): null

2023-04-10 09:01:17 - [TEST_STEP][PASSED] - connection = url.openConnection(): null

2023-04-10 09:01:17 - [TEST_STEP][PASSED] - connection.setRequestMethod("GET"): null

2023-04-10 09:01:17 - [TEST_STEP][PASSED] - connection.setReadTimeout(2 * 1000): null

2023-04-10 09:01:17 - [TEST_STEP][PASSED] - try: null

2023-04-10 09:01:17 - [TEST_STEP][PASSED] - connection.connect(): null

2023-04-10 09:01:17 - [TEST_STEP][PASSED] - flag = connected: null

2023-04-10 09:01:17 - [TEST_STEP][PASSED] - println("Valor_ori: " + flag): null

2023-04-10 09:01:17 - [TEST_STEP][PASSED] - if (flag): null

2023-04-10 09:01:17 - [TEST_STEP][PASSED] - navigateToUrl(i): Navigate to 'http://192.168.2.19:8380/saraweb' successfully

2023-04-10 09:01:17 - [MESSAGE][PASSED] - Navigate to 'http://192.168.2.19:8380/saraweb' successfully

2023-04-10 09:01:17 - [TEST_STEP][PASSED] - a(): null

2023-04-10 09:01:17 - [TEST_STEP][PASSED] - if (waitForElementVisible(findTestObject("3-OBJECTS UTILIDADES/Login/input_USUARIO_loginusuario"), 0)): null

2023-04-10 09:01:17 - [MESSAGE][WARNING] - Timeout '0' is invalid. Using default page load timeout: '37'

2023-04-10 09:01:18 - [MESSAGE][PASSED] - Object 'Object Repository/3-OBJECTS UTILIDADES/Login/input_USUARIO_loginusuario' is visible

2023-04-10 09:01:18 - [TEST_STEP][PASSED] - switchToWindowTitle("SARA"): Switched to window with title: 'SARA'

2023-04-10 09:01:18 - [MESSAGE][PASSED] - Switched to window with title: 'SARA'

2023-04-10 09:01:18 - [TEST_STEP][PASSED] - zoom(): null

2023-04-10 09:01:18 - [TEST_STEP][PASSED] - robot = new java.awt.Robot(): null

2023-04-10 09:01:18 - [TEST_STEP][PASSED] - robot.keyPress(VK_CONTROL): null

2023-04-10 09:01:18 - [TEST_STEP][PASSED] - robot.keyPress(VK_SUBTRACT): null

2023-04-10 09:01:18 - [TEST_STEP][PASSED] - robot.keyRelease(VK_CONTROL): null

2023-04-10 09:01:18 - [TEST_STEP][PASSED] - robot.keyRelease(VK_SUBTRACT): null

2023-04-10 09:01:18 - [TEST_STEP][PASSED] - robot.keyPress(VK_CONTROL): null

2023-04-10 09:01:18 - [TEST_STEP][PASSED] - robot.keyPress(VK_SUBTRACT): null

2023-04-10 09:01:18 - [TEST_STEP][PASSED] - robot.keyRelease(VK_CONTROL): null

2023-04-10 09:01:18 - [TEST_STEP][PASSED] - robot.keyRelease(VK_SUBTRACT): null

2023-04-10 09:01:18 - [TEST_STEP][PASSED] - robot.keyPress(VK_CONTROL): null

2023-04-10 09:01:18 - [TEST_STEP][PASSED] - robot.keyPress(VK_SUBTRACT): null

2023-04-10 09:01:18 - [TEST_STEP][PASSED] - robot.keyRelease(VK_CONTROL): null

2023-04-10 09:01:18 - [TEST_STEP][PASSED] - robot.keyRelease(VK_SUBTRACT): null

2023-04-10 09:01:18 - [TEST_STEP][PASSED] - robot.keyRelease(VK_CONTROL): null

2023-04-10 09:01:18 - [TEST_STEP][PASSED] - robot.keyRelease(VK_SUBTRACT): null

2023-04-10 09:01:18 - [TEST_STEP][PASSED] - setText(findTestObject("3-OBJECTS UTILIDADES/Login/input_USUARIO_loginusuario"), G_Usuario): Text 'saraadmin' is set on object 'Object Repository/3-OBJECTS UTILIDADES/Login/input_USUARIO_loginusuario'

2023-04-10 09:01:19 - [MESSAGE][PASSED] - Text 'saraadmin' is set on object 'Object Repository/3-OBJECTS UTILIDADES/Login/input_USUARIO_loginusuario'

2023-04-10 09:01:19 - [TEST_STEP][PASSED] - setEncryptedText(findTestObject("3-OBJECTS UTILIDADES/Login/input_CLAVE_loginpassword"), "SlAwMcyRKqrwbnzhAs8HhT6NnI7sEyng"): Text ****** has been set on object 'Object Repository/3-OBJECTS UTILIDADES/Login/input_CLAVE_loginpassword'

2023-04-10 09:01:20 - [MESSAGE][PASSED] - Text ****** has been set on object 'Object Repository/3-OBJECTS UTILIDADES/Login/input_CLAVE_loginpassword'

2023-04-10 09:01:20 - [TEST_STEP][PASSED] - while (waitForElementClickable(findTestObject("3-OBJECTS UTILIDADES/Login/a_Ingresar"), 1)): Web element with id: 'Object Repository/3-OBJECTS UTILIDADES/Login/a_Ingresar' located by '//a[contains(text(),'Ingresar')]' not found

2023-04-10 09:01:22 - [MESSAGE][INFO] - Unable to find the element located by 'By.xpath: //a[contains(text(),'Ingresar')]'. Please recheck the objects properties to make sure the desired element is located. 

2023-04-10 09:01:22 - [MESSAGE][WARNING] - Web element with id: 'Object Repository/3-OBJECTS UTILIDADES/Login/a_Ingresar' located by '//a[contains(text(),'Ingresar')]' not found

2023-04-10 09:01:22 - [MESSAGE][PASSED] - Call Test Case 'Test Cases/0.1-Login' successfully

2023-04-10 09:01:22 - [TEST_STEP][PASSED] - setText(findTestObject("1-OBJECTS TAREAS PRINCIPALES/Modulo Tarea Listado Hojas de Vida/Tareas Listado Hojas de Vida/input_Listado Hojas De Vida_form_templatej_idt24_input"), "Listado de Empleados"): Text 'Listado de Empleados' is set on object 'Object Repository/1-OBJECTS TAREAS PRINCIPALES/Modulo Tarea Listado Hojas de Vida/Tareas Listado Hojas de Vida/input_Listado Hojas De Vida_form_templatej_idt24_input'

2023-04-10 09:01:23 - [MESSAGE][PASSED] - Text 'Listado de Empleados' is set on object 'Object Repository/1-OBJECTS TAREAS PRINCIPALES/Modulo Tarea Listado Hojas de Vida/Tareas Listado Hojas de Vida/input_Listado Hojas De Vida_form_templatej_idt24_input'

2023-04-10 09:01:23 - [TEST_STEP][PASSED] - waitForElementVisible(findTestObject("1-OBJECTS TAREAS PRINCIPALES/Modulo Tarea Listado Hojas de Vida/Tareas Listado Hojas de Vida/span_Listado de Empleados"), 0): Object 'Object Repository/1-OBJECTS TAREAS PRINCIPALES/Modulo Tarea Listado Hojas de Vida/Tareas Listado Hojas de Vida/span_Listado de Empleados' is visible

2023-04-10 09:01:23 - [MESSAGE][WARNING] - Timeout '0' is invalid. Using default page load timeout: '37'

2023-04-10 09:01:24 - [MESSAGE][PASSED] - Object 'Object Repository/1-OBJECTS TAREAS PRINCIPALES/Modulo Tarea Listado Hojas de Vida/Tareas Listado Hojas de Vida/span_Listado de Empleados' is visible

2023-04-10 09:01:24 - [TEST_STEP][PASSED] - click(findTestObject("1-OBJECTS TAREAS PRINCIPALES/Modulo Tarea Listado Hojas de Vida/Tareas Listado Hojas de Vida/span_Listado de Empleados")): Object: 'Object Repository/1-OBJECTS TAREAS PRINCIPALES/Modulo Tarea Listado Hojas de Vida/Tareas Listado Hojas de Vida/span_Listado de Empleados' is clicked on

2023-04-10 09:01:25 - [MESSAGE][PASSED] - Object: 'Object Repository/1-OBJECTS TAREAS PRINCIPALES/Modulo Tarea Listado Hojas de Vida/Tareas Listado Hojas de Vida/span_Listado de Empleados' is clicked on

2023-04-10 09:01:25 - [MESSAGE][PASSED] - Call Test Case 'Test Cases/Utilidades-(atajos_para _tareas)/Tareas Administracion Compensacion/Tarea Listado Empleados' successfully

2023-04-10 09:01:25 - [TEST_STEP][PASSED] - waitForElementClickable(findTestObject("1-OBJECTS TAREAS PRINCIPALES/Modulo Tarea Compensacion/Verificacion de campo Total Abonado/a_Nombre Funcionario_listadoEm"), 0): Object 'Object Repository/1-OBJECTS TAREAS PRINCIPALES/Modulo Tarea Compensacion/Verificacion de campo Total Abonado/a_Nombre Funcionario_listadoEm' is clickable

2023-04-10 09:01:25 - [MESSAGE][WARNING] - Timeout '0' is invalid. Using default page load timeout: '37'

2023-04-10 09:01:26 - [MESSAGE][PASSED] - Object 'Object Repository/1-OBJECTS TAREAS PRINCIPALES/Modulo Tarea Compensacion/Verificacion de campo Total Abonado/a_Nombre Funcionario_listadoEm' is clickable

2023-04-10 09:01:26 - [TEST_STEP][PASSED] - click(findTestObject("1-OBJECTS TAREAS PRINCIPALES/Modulo Tarea Compensacion/Verificacion de campo Total Abonado/a_Nombre Funcionario_listadoEm")): Object: 'Object Repository/1-OBJECTS TAREAS PRINCIPALES/Modulo Tarea Compensacion/Verificacion de campo Total Abonado/a_Nombre Funcionario_listadoEm' is clicked on

2023-04-10 09:01:26 - [MESSAGE][PASSED] - Object: 'Object Repository/1-OBJECTS TAREAS PRINCIPALES/Modulo Tarea Compensacion/Verificacion de campo Total Abonado/a_Nombre Funcionario_listadoEm' is clicked on

2023-04-10 09:01:26 - [TEST_STEP][PASSED] - setText(findTestObject("1-OBJECTS TAREAS PRINCIPALES/Modulo Tarea Compensacion/Verificacion de campo Total Abonado/a_Nombre Funcionario_listadoEm"), "354968431354"): Text '354968431354' is set on object 'Object Repository/1-OBJECTS TAREAS PRINCIPALES/Modulo Tarea Compensacion/Verificacion de campo Total Abonado/a_Nombre Funcionario_listadoEm'

2023-04-10 09:01:27 - [MESSAGE][PASSED] - Text '354968431354' is set on object 'Object Repository/1-OBJECTS TAREAS PRINCIPALES/Modulo Tarea Compensacion/Verificacion de campo Total Abonado/a_Nombre Funcionario_listadoEm'

2023-04-10 09:01:27 - [TEST_STEP][PASSED] - sendKeys(findTestObject("1-OBJECTS TAREAS PRINCIPALES/Modulo Tarea Compensacion/Verificacion de campo Total Abonado/a_Nombre Funcionario_listadoEm"), Keys.chord(ENTER)): Keys 'ENTER + ' sent to object: 'Object Repository/1-OBJECTS TAREAS PRINCIPALES/Modulo Tarea Compensacion/Verificacion de campo Total Abonado/a_Nombre Funcionario_listadoEm'

2023-04-10 09:01:28 - [MESSAGE][PASSED] - Keys 'ENTER + ' sent to object: 'Object Repository/1-OBJECTS TAREAS PRINCIPALES/Modulo Tarea Compensacion/Verificacion de campo Total Abonado/a_Nombre Funcionario_listadoEm'

2023-04-10 09:01:28 - [TEST_STEP][PASSED] - click(findTestObject("1-OBJECTS TAREAS PRINCIPALES/Modulo Tarea Compensacion/Verificacion de campo Total Abonado/span_CONSTA BELFEGORD JHON")): Object: 'Object Repository/1-OBJECTS TAREAS PRINCIPALES/Modulo Tarea Compensacion/Verificacion de campo Total Abonado/span_CONSTA BELFEGORD JHON' is clicked on

2023-04-10 09:01:29 - [MESSAGE][PASSED] - Object: 'Object Repository/1-OBJECTS TAREAS PRINCIPALES/Modulo Tarea Compensacion/Verificacion de campo Total Abonado/span_CONSTA BELFEGORD JHON' is clicked on

2023-04-10 09:01:29 - [TEST_STEP][PASSED] - click(findTestObject("1-OBJECTS TAREAS PRINCIPALES/Modulo Tarea Compensacion/Verificacion de campo Total Abonado/span_Liquidacin Periodica")): Object: 'Object Repository/1-OBJECTS TAREAS PRINCIPALES/Modulo Tarea Compensacion/Verificacion de campo Total Abonado/span_Liquidacin Periodica' is clicked on

2023-04-10 09:01:30 - [MESSAGE][PASSED] - Object: 'Object Repository/1-OBJECTS TAREAS PRINCIPALES/Modulo Tarea Compensacion/Verificacion de campo Total Abonado/span_Liquidacin Periodica' is clicked on

2023-04-10 09:01:30 - [TEST_STEP][PASSED] - click(findTestObject("1-OBJECTS TAREAS PRINCIPALES/Modulo Tarea Compensacion/Verificacion de campo Total Abonado/span_PRESTAMO BANCOLOMBIA")): Object: 'Object Repository/1-OBJECTS TAREAS PRINCIPALES/Modulo Tarea Compensacion/Verificacion de campo Total Abonado/span_PRESTAMO BANCOLOMBIA' is clicked on

2023-04-10 09:01:31 - [MESSAGE][PASSED] - Object: 'Object Repository/1-OBJECTS TAREAS PRINCIPALES/Modulo Tarea Compensacion/Verificacion de campo Total Abonado/span_PRESTAMO BANCOLOMBIA' is clicked on

2023-04-10 09:01:31 - [TEST_STEP][PASSED] - if (waitForElementVisible(findTestObject("1-OBJECTS TAREAS PRINCIPALES/Modulo Tarea Compensacion/Verificacion de campo Total Abonado/a_ReversarEliminar"), 1)): null

2023-04-10 09:01:32 - [MESSAGE][PASSED] - Object 'Object Repository/1-OBJECTS TAREAS PRINCIPALES/Modulo Tarea Compensacion/Verificacion de campo Total Abonado/a_ReversarEliminar' is visible

2023-04-10 09:01:32 - [TEST_STEP][PASSED] - closeBrowser(): Browser is closed

2023-04-10 09:01:33 - [MESSAGE][PASSED] - Browser is closed]]></system-out>
         <system-err><![CDATA[]]></system-err>
      </testcase>
      <testcase name="Test Cases/1.1-Tareas Principales/1.5.1-Administracion embargos" time="38.825" classname="Test Cases/1.1-Tareas Principales/1.5.1-Administracion embargos" status="PASSED">
         <system-out><![CDATA[2023-04-10 09:01:33 - [TEST_CASE][PASSED] - Test Cases/1.1-Tareas Principales/1.5.1-Administracion embargos: Test Cases/1.1-Tareas Principales/1.5.1-Administracion embargos

2023-04-10 09:01:33 - [TEST_STEP][PASSED] - callTestCase(findTestCase("Utilidades-(atajos_para _tareas)/Tareas Administracion Compensacion/Administracion embargos por Fecha"), [:], STOP_ON_FAILURE): Call Test Case 'Test Cases/Utilidades-(atajos_para _tareas)/Tareas Administracion Compensacion/Administracion embargos por Fecha' successfully

2023-04-10 09:01:33 - [TEST_CASE][PASSED] - Test Cases/Utilidades-(atajos_para _tareas)/Tareas Administracion Compensacion/Administracion embargos por Fecha: Test Cases/Utilidades-(atajos_para _tareas)/Tareas Administracion Compensacion/Administracion embargos por Fecha

2023-04-10 09:01:34 - [TEST_STEP][PASSED] - callTestCase(findTestCase("Utilidades-(atajos_para _tareas)/Modulos/Modulo Administracion Compensacion"), [:], STOP_ON_FAILURE): Call Test Case 'Test Cases/Utilidades-(atajos_para _tareas)/Modulos/Modulo Administracion Compensacion' successfully

2023-04-10 09:01:34 - [TEST_CASE][PASSED] - Test Cases/Utilidades-(atajos_para _tareas)/Modulos/Modulo Administracion Compensacion: Test Cases/Utilidades-(atajos_para _tareas)/Modulos/Modulo Administracion Compensacion

2023-04-10 09:01:34 - [TEST_STEP][PASSED] - callTestCase(findTestCase("0.1-Login"), [:], STOP_ON_FAILURE): Call Test Case 'Test Cases/0.1-Login' successfully

2023-04-10 09:01:34 - [TEST_CASE][PASSED] - Test Cases/0.1-Login: Test Cases/0.1-Login

2023-04-10 09:01:34 - [TEST_STEP][PASSED] - openBrowser(""): Browser is opened with url: ''

2023-04-10 09:01:34 - [MESSAGE][INFO] - Starting 'Chrome' driver

2023-04-10 09:01:34 - [MESSAGE][INFO] - Action delay is set to 0 milliseconds

2023-04-10 09:01:35 - [MESSAGE][PASSED] - Browser is opened with url: ''

2023-04-10 09:01:35 - [TEST_STEP][PASSED] - maximizeWindow(): Current window maximized

2023-04-10 09:01:36 - [MESSAGE][PASSED] - Current window maximized

2023-04-10 09:01:36 - [TEST_STEP][PASSED] - i = G_Login: null

2023-04-10 09:01:36 - [TEST_STEP][PASSED] - url = new java.net.URL(i): null

2023-04-10 09:01:36 - [TEST_STEP][PASSED] - println("URL: " + url.toString()): null

2023-04-10 09:01:36 - [TEST_STEP][PASSED] - connection = url.openConnection(): null

2023-04-10 09:01:36 - [TEST_STEP][PASSED] - connection.setRequestMethod("GET"): null

2023-04-10 09:01:36 - [TEST_STEP][PASSED] - connection.setReadTimeout(2 * 1000): null

2023-04-10 09:01:36 - [TEST_STEP][PASSED] - try: null

2023-04-10 09:01:36 - [TEST_STEP][PASSED] - connection.connect(): null

2023-04-10 09:01:36 - [TEST_STEP][PASSED] - flag = connected: null

2023-04-10 09:01:36 - [TEST_STEP][PASSED] - println("Valor_ori: " + flag): null

2023-04-10 09:01:36 - [TEST_STEP][PASSED] - if (flag): null

2023-04-10 09:01:36 - [TEST_STEP][PASSED] - navigateToUrl(i): Navigate to 'http://192.168.2.19:8380/saraweb' successfully

2023-04-10 09:01:36 - [MESSAGE][PASSED] - Navigate to 'http://192.168.2.19:8380/saraweb' successfully

2023-04-10 09:01:36 - [TEST_STEP][PASSED] - a(): null

2023-04-10 09:01:36 - [TEST_STEP][PASSED] - if (waitForElementVisible(findTestObject("3-OBJECTS UTILIDADES/Login/input_USUARIO_loginusuario"), 0)): null

2023-04-10 09:01:36 - [MESSAGE][WARNING] - Timeout '0' is invalid. Using default page load timeout: '37'

2023-04-10 09:01:36 - [MESSAGE][PASSED] - Object 'Object Repository/3-OBJECTS UTILIDADES/Login/input_USUARIO_loginusuario' is visible

2023-04-10 09:01:36 - [TEST_STEP][PASSED] - switchToWindowTitle("SARA"): Switched to window with title: 'SARA'

2023-04-10 09:01:36 - [MESSAGE][PASSED] - Switched to window with title: 'SARA'

2023-04-10 09:01:36 - [TEST_STEP][PASSED] - zoom(): null

2023-04-10 09:01:36 - [TEST_STEP][PASSED] - robot = new java.awt.Robot(): null

2023-04-10 09:01:36 - [TEST_STEP][PASSED] - robot.keyPress(VK_CONTROL): null

2023-04-10 09:01:36 - [TEST_STEP][PASSED] - robot.keyPress(VK_SUBTRACT): null

2023-04-10 09:01:36 - [TEST_STEP][PASSED] - robot.keyRelease(VK_CONTROL): null

2023-04-10 09:01:36 - [TEST_STEP][PASSED] - robot.keyRelease(VK_SUBTRACT): null

2023-04-10 09:01:36 - [TEST_STEP][PASSED] - robot.keyPress(VK_CONTROL): null

2023-04-10 09:01:36 - [TEST_STEP][PASSED] - robot.keyPress(VK_SUBTRACT): null

2023-04-10 09:01:36 - [TEST_STEP][PASSED] - robot.keyRelease(VK_CONTROL): null

2023-04-10 09:01:36 - [TEST_STEP][PASSED] - robot.keyRelease(VK_SUBTRACT): null

2023-04-10 09:01:36 - [TEST_STEP][PASSED] - robot.keyPress(VK_CONTROL): null

2023-04-10 09:01:36 - [TEST_STEP][PASSED] - robot.keyPress(VK_SUBTRACT): null

2023-04-10 09:01:36 - [TEST_STEP][PASSED] - robot.keyRelease(VK_CONTROL): null

2023-04-10 09:01:36 - [TEST_STEP][PASSED] - robot.keyRelease(VK_SUBTRACT): null

2023-04-10 09:01:36 - [TEST_STEP][PASSED] - robot.keyRelease(VK_CONTROL): null

2023-04-10 09:01:36 - [TEST_STEP][PASSED] - robot.keyRelease(VK_SUBTRACT): null

2023-04-10 09:01:36 - [TEST_STEP][PASSED] - setText(findTestObject("3-OBJECTS UTILIDADES/Login/input_USUARIO_loginusuario"), G_Usuario): Text 'saraadmin' is set on object 'Object Repository/3-OBJECTS UTILIDADES/Login/input_USUARIO_loginusuario'

2023-04-10 09:01:37 - [MESSAGE][PASSED] - Text 'saraadmin' is set on object 'Object Repository/3-OBJECTS UTILIDADES/Login/input_USUARIO_loginusuario'

2023-04-10 09:01:37 - [TEST_STEP][PASSED] - setEncryptedText(findTestObject("3-OBJECTS UTILIDADES/Login/input_CLAVE_loginpassword"), "SlAwMcyRKqrwbnzhAs8HhT6NnI7sEyng"): Text ****** has been set on object 'Object Repository/3-OBJECTS UTILIDADES/Login/input_CLAVE_loginpassword'

2023-04-10 09:01:38 - [MESSAGE][PASSED] - Text ****** has been set on object 'Object Repository/3-OBJECTS UTILIDADES/Login/input_CLAVE_loginpassword'

2023-04-10 09:01:38 - [TEST_STEP][PASSED] - while (waitForElementClickable(findTestObject("3-OBJECTS UTILIDADES/Login/a_Ingresar"), 1)): Web element with id: 'Object Repository/3-OBJECTS UTILIDADES/Login/a_Ingresar' located by '//a[contains(text(),'Ingresar')]' not found

2023-04-10 09:01:40 - [MESSAGE][INFO] - Unable to find the element located by 'By.xpath: //a[contains(text(),'Ingresar')]'. Please recheck the objects properties to make sure the desired element is located. 

2023-04-10 09:01:40 - [MESSAGE][WARNING] - Web element with id: 'Object Repository/3-OBJECTS UTILIDADES/Login/a_Ingresar' located by '//a[contains(text(),'Ingresar')]' not found

2023-04-10 09:01:40 - [MESSAGE][PASSED] - Call Test Case 'Test Cases/0.1-Login' successfully

2023-04-10 09:01:40 - [TEST_STEP][PASSED] - waitForElementVisible(findTestObject("3-OBJECTS UTILIDADES/Modulo Administracion Compensacion/span_Administracin Compensacin"), 0): Object 'Object Repository/3-OBJECTS UTILIDADES/Modulo Administracion Compensacion/span_Administracin Compensacin' is visible

2023-04-10 09:01:40 - [MESSAGE][WARNING] - Timeout '0' is invalid. Using default page load timeout: '37'

2023-04-10 09:01:41 - [MESSAGE][PASSED] - Object 'Object Repository/3-OBJECTS UTILIDADES/Modulo Administracion Compensacion/span_Administracin Compensacin' is visible

2023-04-10 09:01:41 - [TEST_STEP][PASSED] - click(findTestObject("3-OBJECTS UTILIDADES/Modulo Administracion Compensacion/span_Administracin Compensacin")): Object: 'Object Repository/3-OBJECTS UTILIDADES/Modulo Administracion Compensacion/span_Administracin Compensacin' is clicked on

2023-04-10 09:01:41 - [MESSAGE][PASSED] - Object: 'Object Repository/3-OBJECTS UTILIDADES/Modulo Administracion Compensacion/span_Administracin Compensacin' is clicked on

2023-04-10 09:01:41 - [MESSAGE][PASSED] - Call Test Case 'Test Cases/Utilidades-(atajos_para _tareas)/Modulos/Modulo Administracion Compensacion' successfully

2023-04-10 09:01:41 - [TEST_STEP][PASSED] - waitForElementClickable(findTestObject("1-OBJECTS TAREAS PRINCIPALES/Modulo Tarea Compensacion/Administracion Embargos por Fecha/input_Ir_nav_t66_input"), 0): Object 'Object Repository/1-OBJECTS TAREAS PRINCIPALES/Modulo Tarea Compensacion/Administracion Embargos por Fecha/input_Ir_nav_t66_input' is clickable

2023-04-10 09:01:41 - [MESSAGE][WARNING] - Timeout '0' is invalid. Using default page load timeout: '37'

2023-04-10 09:01:42 - [MESSAGE][PASSED] - Object 'Object Repository/1-OBJECTS TAREAS PRINCIPALES/Modulo Tarea Compensacion/Administracion Embargos por Fecha/input_Ir_nav_t66_input' is clickable

2023-04-10 09:01:42 - [TEST_STEP][PASSED] - setText(findTestObject("1-OBJECTS TAREAS PRINCIPALES/Modulo Tarea Compensacion/Administracion Embargos por Fecha/input_Ir_nav_t66_input"), "Administracion Embargos"): Text 'Administracion Embargos' is set on object 'Object Repository/1-OBJECTS TAREAS PRINCIPALES/Modulo Tarea Compensacion/Administracion Embargos por Fecha/input_Ir_nav_t66_input'

2023-04-10 09:01:42 - [MESSAGE][PASSED] - Text 'Administracion Embargos' is set on object 'Object Repository/1-OBJECTS TAREAS PRINCIPALES/Modulo Tarea Compensacion/Administracion Embargos por Fecha/input_Ir_nav_t66_input'

2023-04-10 09:01:42 - [TEST_STEP][PASSED] - waitForElementVisible(findTestObject("1-OBJECTS TAREAS PRINCIPALES/Modulo Tarea Compensacion/Administracion Embargos por Fecha/input_Ir_nav_t66_input"), 0): Object 'Object Repository/1-OBJECTS TAREAS PRINCIPALES/Modulo Tarea Compensacion/Administracion Embargos por Fecha/input_Ir_nav_t66_input' is visible

2023-04-10 09:01:43 - [MESSAGE][WARNING] - Timeout '0' is invalid. Using default page load timeout: '37'

2023-04-10 09:01:43 - [MESSAGE][PASSED] - Object 'Object Repository/1-OBJECTS TAREAS PRINCIPALES/Modulo Tarea Compensacion/Administracion Embargos por Fecha/input_Ir_nav_t66_input' is visible

2023-04-10 09:01:43 - [TEST_STEP][PASSED] - click(findTestObject("1-OBJECTS TAREAS PRINCIPALES/Modulo Tarea Compensacion/Administracion Embargos por Periodo/span_Administracion Embargos")): Object: 'Object Repository/1-OBJECTS TAREAS PRINCIPALES/Modulo Tarea Compensacion/Administracion Embargos por Periodo/span_Administracion Embargos' is clicked on

2023-04-10 09:01:44 - [MESSAGE][PASSED] - Object: 'Object Repository/1-OBJECTS TAREAS PRINCIPALES/Modulo Tarea Compensacion/Administracion Embargos por Periodo/span_Administracion Embargos' is clicked on

2023-04-10 09:01:44 - [TEST_STEP][PASSED] - click(findTestObject("1-OBJECTS TAREAS PRINCIPALES/Modulo Tarea Compensacion/Administracion Embargos por Fecha/span_Generacion Por Fechas")): Object: 'Object Repository/1-OBJECTS TAREAS PRINCIPALES/Modulo Tarea Compensacion/Administracion Embargos por Fecha/span_Generacion Por Fechas' is clicked on

2023-04-10 09:01:45 - [MESSAGE][PASSED] - Object: 'Object Repository/1-OBJECTS TAREAS PRINCIPALES/Modulo Tarea Compensacion/Administracion Embargos por Fecha/span_Generacion Por Fechas' is clicked on

2023-04-10 09:01:45 - [TEST_STEP][PASSED] - setText(findTestObject("1-OBJECTS TAREAS PRINCIPALES/Modulo Tarea Compensacion/Administracion Embargos por Fecha/input_Fecha Inicial_banco_agra"), "01/01/2019"): Text '01/01/2019' is set on object 'Object Repository/1-OBJECTS TAREAS PRINCIPALES/Modulo Tarea Compensacion/Administracion Embargos por Fecha/input_Fecha Inicial_banco_agra'

2023-04-10 09:01:46 - [MESSAGE][PASSED] - Text '01/01/2019' is set on object 'Object Repository/1-OBJECTS TAREAS PRINCIPALES/Modulo Tarea Compensacion/Administracion Embargos por Fecha/input_Fecha Inicial_banco_agra'

2023-04-10 09:01:46 - [TEST_STEP][PASSED] - sendKeys(findTestObject("1-OBJECTS TAREAS PRINCIPALES/Modulo Tarea Compensacion/Administracion Embargos por Fecha/input_Fecha Inicial_banco_agra"), Keys.chord(ENTER)): Keys 'ENTER + ' sent to object: 'Object Repository/1-OBJECTS TAREAS PRINCIPALES/Modulo Tarea Compensacion/Administracion Embargos por Fecha/input_Fecha Inicial_banco_agra'

2023-04-10 09:01:46 - [MESSAGE][PASSED] - Keys 'ENTER + ' sent to object: 'Object Repository/1-OBJECTS TAREAS PRINCIPALES/Modulo Tarea Compensacion/Administracion Embargos por Fecha/input_Fecha Inicial_banco_agra'

2023-04-10 09:01:46 - [TEST_STEP][PASSED] - setText(findTestObject("1-OBJECTS TAREAS PRINCIPALES/Modulo Tarea Compensacion/Administracion Embargos por Fecha/input_Fecha Final_banco_agrari"), "31/01/2019"): Text '31/01/2019' is set on object 'Object Repository/1-OBJECTS TAREAS PRINCIPALES/Modulo Tarea Compensacion/Administracion Embargos por Fecha/input_Fecha Final_banco_agrari'

2023-04-10 09:01:47 - [MESSAGE][PASSED] - Text '31/01/2019' is set on object 'Object Repository/1-OBJECTS TAREAS PRINCIPALES/Modulo Tarea Compensacion/Administracion Embargos por Fecha/input_Fecha Final_banco_agrari'

2023-04-10 09:01:47 - [TEST_STEP][PASSED] - sendKeys(findTestObject("1-OBJECTS TAREAS PRINCIPALES/Modulo Tarea Compensacion/Administracion Embargos por Fecha/input_Fecha Final_banco_agrari"), Keys.chord(ENTER)): Keys 'ENTER + ' sent to object: 'Object Repository/1-OBJECTS TAREAS PRINCIPALES/Modulo Tarea Compensacion/Administracion Embargos por Fecha/input_Fecha Final_banco_agrari'

2023-04-10 09:01:48 - [MESSAGE][PASSED] - Keys 'ENTER + ' sent to object: 'Object Repository/1-OBJECTS TAREAS PRINCIPALES/Modulo Tarea Compensacion/Administracion Embargos por Fecha/input_Fecha Final_banco_agrari'

2023-04-10 09:01:48 - [TEST_STEP][PASSED] - waitForElementClickable(findTestObject("1-OBJECTS TAREAS PRINCIPALES/Modulo Tarea Compensacion/Verificacion de campo Total Abonado/a_Nombre Funcionario_listadoEm"), 0): Object 'Object Repository/1-OBJECTS TAREAS PRINCIPALES/Modulo Tarea Compensacion/Verificacion de campo Total Abonado/a_Nombre Funcionario_listadoEm' is clickable

2023-04-10 09:01:48 - [MESSAGE][WARNING] - Timeout '0' is invalid. Using default page load timeout: '37'

2023-04-10 09:01:48 - [MESSAGE][PASSED] - Object 'Object Repository/1-OBJECTS TAREAS PRINCIPALES/Modulo Tarea Compensacion/Verificacion de campo Total Abonado/a_Nombre Funcionario_listadoEm' is clickable

2023-04-10 09:01:48 - [TEST_STEP][PASSED] - click(findTestObject("1-OBJECTS TAREAS PRINCIPALES/Modulo Tarea Compensacion/Administracion Embargos por Fecha/input_Tipo Periodo_banco_agrar")): Object: 'Object Repository/1-OBJECTS TAREAS PRINCIPALES/Modulo Tarea Compensacion/Administracion Embargos por Fecha/input_Tipo Periodo_banco_agrar' is clicked on

2023-04-10 09:01:49 - [MESSAGE][PASSED] - Object: 'Object Repository/1-OBJECTS TAREAS PRINCIPALES/Modulo Tarea Compensacion/Administracion Embargos por Fecha/input_Tipo Periodo_banco_agrar' is clicked on

2023-04-10 09:01:49 - [TEST_STEP][PASSED] - click(findTestObject("1-OBJECTS TAREAS PRINCIPALES/Modulo Tarea Compensacion/Administracion Embargos por Fecha/span_Generar")): Object: 'Object Repository/1-OBJECTS TAREAS PRINCIPALES/Modulo Tarea Compensacion/Administracion Embargos por Fecha/span_Generar' is clicked on

2023-04-10 09:01:49 - [MESSAGE][PASSED] - Object: 'Object Repository/1-OBJECTS TAREAS PRINCIPALES/Modulo Tarea Compensacion/Administracion Embargos por Fecha/span_Generar' is clicked on

2023-04-10 09:01:49 - [TEST_STEP][PASSED] - click(findTestObject("1-OBJECTS TAREAS PRINCIPALES/Modulo Tarea Compensacion/Administracion Embargos por Fecha/span_Archivo")): Object: 'Object Repository/1-OBJECTS TAREAS PRINCIPALES/Modulo Tarea Compensacion/Administracion Embargos por Fecha/span_Archivo' is clicked on

2023-04-10 09:01:50 - [MESSAGE][PASSED] - Object: 'Object Repository/1-OBJECTS TAREAS PRINCIPALES/Modulo Tarea Compensacion/Administracion Embargos por Fecha/span_Archivo' is clicked on

2023-04-10 09:01:50 - [TEST_STEP][PASSED] - click(findTestObject("1-OBJECTS TAREAS PRINCIPALES/Modulo Tarea Compensacion/Administracion Embargos por Fecha/span_Si")): Object: 'Object Repository/1-OBJECTS TAREAS PRINCIPALES/Modulo Tarea Compensacion/Administracion Embargos por Fecha/span_Si' is clicked on

2023-04-10 09:01:51 - [MESSAGE][PASSED] - Object: 'Object Repository/1-OBJECTS TAREAS PRINCIPALES/Modulo Tarea Compensacion/Administracion Embargos por Fecha/span_Si' is clicked on

2023-04-10 09:01:51 - [MESSAGE][PASSED] - Call Test Case 'Test Cases/Utilidades-(atajos_para _tareas)/Tareas Administracion Compensacion/Administracion embargos por Fecha' successfully

2023-04-10 09:01:51 - [TEST_STEP][PASSED] - callTestCase(findTestCase("Utilidades-(atajos_para _tareas)/Tareas Administracion Compensacion/Administracion embargos por Periodos"), [:], STOP_ON_FAILURE): Call Test Case 'Test Cases/Utilidades-(atajos_para _tareas)/Tareas Administracion Compensacion/Administracion embargos por Periodos' successfully

2023-04-10 09:01:51 - [TEST_CASE][PASSED] - Test Cases/Utilidades-(atajos_para _tareas)/Tareas Administracion Compensacion/Administracion embargos por Periodos: Test Cases/Utilidades-(atajos_para _tareas)/Tareas Administracion Compensacion/Administracion embargos por Periodos

2023-04-10 09:01:52 - [TEST_STEP][PASSED] - callTestCase(findTestCase("Utilidades-(atajos_para _tareas)/Modulos/Modulo Administracion Compensacion"), [:], STOP_ON_FAILURE): Call Test Case 'Test Cases/Utilidades-(atajos_para _tareas)/Modulos/Modulo Administracion Compensacion' successfully

2023-04-10 09:01:52 - [TEST_CASE][PASSED] - Test Cases/Utilidades-(atajos_para _tareas)/Modulos/Modulo Administracion Compensacion: Test Cases/Utilidades-(atajos_para _tareas)/Modulos/Modulo Administracion Compensacion

2023-04-10 09:01:52 - [TEST_STEP][PASSED] - callTestCase(findTestCase("0.1-Login"), [:], STOP_ON_FAILURE): Call Test Case 'Test Cases/0.1-Login' successfully

2023-04-10 09:01:52 - [TEST_CASE][PASSED] - Test Cases/0.1-Login: Test Cases/0.1-Login

2023-04-10 09:01:52 - [TEST_STEP][PASSED] - openBrowser(""): Browser is opened with url: ''

2023-04-10 09:01:52 - [MESSAGE][WARNING] - A browser is already opened. Closing browser and opening a new one

2023-04-10 09:01:53 - [MESSAGE][INFO] - Starting 'Chrome' driver

2023-04-10 09:01:53 - [MESSAGE][INFO] - Action delay is set to 0 milliseconds

2023-04-10 09:01:54 - [MESSAGE][PASSED] - Browser is opened with url: ''

2023-04-10 09:01:54 - [TEST_STEP][PASSED] - maximizeWindow(): Current window maximized

2023-04-10 09:01:54 - [MESSAGE][PASSED] - Current window maximized

2023-04-10 09:01:54 - [TEST_STEP][PASSED] - i = G_Login: null

2023-04-10 09:01:54 - [TEST_STEP][PASSED] - url = new java.net.URL(i): null

2023-04-10 09:01:54 - [TEST_STEP][PASSED] - println("URL: " + url.toString()): null

2023-04-10 09:01:54 - [TEST_STEP][PASSED] - connection = url.openConnection(): null

2023-04-10 09:01:54 - [TEST_STEP][PASSED] - connection.setRequestMethod("GET"): null

2023-04-10 09:01:54 - [TEST_STEP][PASSED] - connection.setReadTimeout(2 * 1000): null

2023-04-10 09:01:54 - [TEST_STEP][PASSED] - try: null

2023-04-10 09:01:54 - [TEST_STEP][PASSED] - connection.connect(): null

2023-04-10 09:01:54 - [TEST_STEP][PASSED] - flag = connected: null

2023-04-10 09:01:54 - [TEST_STEP][PASSED] - println("Valor_ori: " + flag): null

2023-04-10 09:01:54 - [TEST_STEP][PASSED] - if (flag): null

2023-04-10 09:01:54 - [TEST_STEP][PASSED] - navigateToUrl(i): Navigate to 'http://192.168.2.19:8380/saraweb' successfully

2023-04-10 09:01:55 - [MESSAGE][PASSED] - Navigate to 'http://192.168.2.19:8380/saraweb' successfully

2023-04-10 09:01:55 - [TEST_STEP][PASSED] - a(): null

2023-04-10 09:01:55 - [TEST_STEP][PASSED] - if (waitForElementVisible(findTestObject("3-OBJECTS UTILIDADES/Login/input_USUARIO_loginusuario"), 0)): null

2023-04-10 09:01:55 - [MESSAGE][WARNING] - Timeout '0' is invalid. Using default page load timeout: '37'

2023-04-10 09:01:55 - [MESSAGE][PASSED] - Object 'Object Repository/3-OBJECTS UTILIDADES/Login/input_USUARIO_loginusuario' is visible

2023-04-10 09:01:55 - [TEST_STEP][PASSED] - switchToWindowTitle("SARA"): Switched to window with title: 'SARA'

2023-04-10 09:01:55 - [MESSAGE][PASSED] - Switched to window with title: 'SARA'

2023-04-10 09:01:55 - [TEST_STEP][PASSED] - zoom(): null

2023-04-10 09:01:55 - [TEST_STEP][PASSED] - robot = new java.awt.Robot(): null

2023-04-10 09:01:55 - [TEST_STEP][PASSED] - robot.keyPress(VK_CONTROL): null

2023-04-10 09:01:55 - [TEST_STEP][PASSED] - robot.keyPress(VK_SUBTRACT): null

2023-04-10 09:01:55 - [TEST_STEP][PASSED] - robot.keyRelease(VK_CONTROL): null

2023-04-10 09:01:55 - [TEST_STEP][PASSED] - robot.keyRelease(VK_SUBTRACT): null

2023-04-10 09:01:55 - [TEST_STEP][PASSED] - robot.keyPress(VK_CONTROL): null

2023-04-10 09:01:55 - [TEST_STEP][PASSED] - robot.keyPress(VK_SUBTRACT): null

2023-04-10 09:01:55 - [TEST_STEP][PASSED] - robot.keyRelease(VK_CONTROL): null

2023-04-10 09:01:55 - [TEST_STEP][PASSED] - robot.keyRelease(VK_SUBTRACT): null

2023-04-10 09:01:55 - [TEST_STEP][PASSED] - robot.keyPress(VK_CONTROL): null

2023-04-10 09:01:55 - [TEST_STEP][PASSED] - robot.keyPress(VK_SUBTRACT): null

2023-04-10 09:01:55 - [TEST_STEP][PASSED] - robot.keyRelease(VK_CONTROL): null

2023-04-10 09:01:55 - [TEST_STEP][PASSED] - robot.keyRelease(VK_SUBTRACT): null

2023-04-10 09:01:55 - [TEST_STEP][PASSED] - robot.keyRelease(VK_CONTROL): null

2023-04-10 09:01:55 - [TEST_STEP][PASSED] - robot.keyRelease(VK_SUBTRACT): null

2023-04-10 09:01:55 - [TEST_STEP][PASSED] - setText(findTestObject("3-OBJECTS UTILIDADES/Login/input_USUARIO_loginusuario"), G_Usuario): Text 'saraadmin' is set on object 'Object Repository/3-OBJECTS UTILIDADES/Login/input_USUARIO_loginusuario'

2023-04-10 09:01:56 - [MESSAGE][PASSED] - Text 'saraadmin' is set on object 'Object Repository/3-OBJECTS UTILIDADES/Login/input_USUARIO_loginusuario'

2023-04-10 09:01:56 - [TEST_STEP][PASSED] - setEncryptedText(findTestObject("3-OBJECTS UTILIDADES/Login/input_CLAVE_loginpassword"), "SlAwMcyRKqrwbnzhAs8HhT6NnI7sEyng"): Text ****** has been set on object 'Object Repository/3-OBJECTS UTILIDADES/Login/input_CLAVE_loginpassword'

2023-04-10 09:01:57 - [MESSAGE][PASSED] - Text ****** has been set on object 'Object Repository/3-OBJECTS UTILIDADES/Login/input_CLAVE_loginpassword'

2023-04-10 09:01:57 - [TEST_STEP][PASSED] - while (waitForElementClickable(findTestObject("3-OBJECTS UTILIDADES/Login/a_Ingresar"), 1)): Web element with id: 'Object Repository/3-OBJECTS UTILIDADES/Login/a_Ingresar' located by '//a[contains(text(),'Ingresar')]' not found

2023-04-10 09:01:59 - [MESSAGE][INFO] - Unable to find the element located by 'By.xpath: //a[contains(text(),'Ingresar')]'. Please recheck the objects properties to make sure the desired element is located. 

2023-04-10 09:01:59 - [MESSAGE][WARNING] - Web element with id: 'Object Repository/3-OBJECTS UTILIDADES/Login/a_Ingresar' located by '//a[contains(text(),'Ingresar')]' not found

2023-04-10 09:01:59 - [MESSAGE][PASSED] - Call Test Case 'Test Cases/0.1-Login' successfully

2023-04-10 09:01:59 - [TEST_STEP][PASSED] - waitForElementVisible(findTestObject("3-OBJECTS UTILIDADES/Modulo Administracion Compensacion/span_Administracin Compensacin"), 0): Object 'Object Repository/3-OBJECTS UTILIDADES/Modulo Administracion Compensacion/span_Administracin Compensacin' is visible

2023-04-10 09:01:59 - [MESSAGE][WARNING] - Timeout '0' is invalid. Using default page load timeout: '37'

2023-04-10 09:02:00 - [MESSAGE][PASSED] - Object 'Object Repository/3-OBJECTS UTILIDADES/Modulo Administracion Compensacion/span_Administracin Compensacin' is visible

2023-04-10 09:02:00 - [TEST_STEP][PASSED] - click(findTestObject("3-OBJECTS UTILIDADES/Modulo Administracion Compensacion/span_Administracin Compensacin")): Object: 'Object Repository/3-OBJECTS UTILIDADES/Modulo Administracion Compensacion/span_Administracin Compensacin' is clicked on

2023-04-10 09:02:00 - [MESSAGE][PASSED] - Object: 'Object Repository/3-OBJECTS UTILIDADES/Modulo Administracion Compensacion/span_Administracin Compensacin' is clicked on

2023-04-10 09:02:00 - [MESSAGE][PASSED] - Call Test Case 'Test Cases/Utilidades-(atajos_para _tareas)/Modulos/Modulo Administracion Compensacion' successfully

2023-04-10 09:02:00 - [TEST_STEP][PASSED] - waitForElementClickable(findTestObject("1-OBJECTS TAREAS PRINCIPALES/Modulo Tarea Compensacion/Administracion Embargos por Fecha/input_Ir_nav_t66_input"), 0): Object 'Object Repository/1-OBJECTS TAREAS PRINCIPALES/Modulo Tarea Compensacion/Administracion Embargos por Fecha/input_Ir_nav_t66_input' is clickable

2023-04-10 09:02:00 - [MESSAGE][WARNING] - Timeout '0' is invalid. Using default page load timeout: '37'

2023-04-10 09:02:01 - [MESSAGE][PASSED] - Object 'Object Repository/1-OBJECTS TAREAS PRINCIPALES/Modulo Tarea Compensacion/Administracion Embargos por Fecha/input_Ir_nav_t66_input' is clickable

2023-04-10 09:02:01 - [TEST_STEP][PASSED] - setText(findTestObject("1-OBJECTS TAREAS PRINCIPALES/Modulo Tarea Compensacion/Administracion Embargos por Fecha/input_Ir_nav_t66_input"), "Administracion Embargos"): Text 'Administracion Embargos' is set on object 'Object Repository/1-OBJECTS TAREAS PRINCIPALES/Modulo Tarea Compensacion/Administracion Embargos por Fecha/input_Ir_nav_t66_input'

2023-04-10 09:02:02 - [MESSAGE][PASSED] - Text 'Administracion Embargos' is set on object 'Object Repository/1-OBJECTS TAREAS PRINCIPALES/Modulo Tarea Compensacion/Administracion Embargos por Fecha/input_Ir_nav_t66_input'

2023-04-10 09:02:02 - [TEST_STEP][PASSED] - waitForElementVisible(findTestObject("1-OBJECTS TAREAS PRINCIPALES/Modulo Tarea Compensacion/Administracion Embargos por Periodo/span_Administracion Embargos"), 0): Object 'Object Repository/1-OBJECTS TAREAS PRINCIPALES/Modulo Tarea Compensacion/Administracion Embargos por Periodo/span_Administracion Embargos' is visible

2023-04-10 09:02:02 - [MESSAGE][WARNING] - Timeout '0' is invalid. Using default page load timeout: '37'

2023-04-10 09:02:03 - [MESSAGE][PASSED] - Object 'Object Repository/1-OBJECTS TAREAS PRINCIPALES/Modulo Tarea Compensacion/Administracion Embargos por Periodo/span_Administracion Embargos' is visible

2023-04-10 09:02:03 - [TEST_STEP][PASSED] - click(findTestObject("1-OBJECTS TAREAS PRINCIPALES/Modulo Tarea Compensacion/Administracion Embargos por Periodo/span_Administracion Embargos")): Object: 'Object Repository/1-OBJECTS TAREAS PRINCIPALES/Modulo Tarea Compensacion/Administracion Embargos por Periodo/span_Administracion Embargos' is clicked on

2023-04-10 09:02:03 - [MESSAGE][PASSED] - Object: 'Object Repository/1-OBJECTS TAREAS PRINCIPALES/Modulo Tarea Compensacion/Administracion Embargos por Periodo/span_Administracion Embargos' is clicked on

2023-04-10 09:02:03 - [TEST_STEP][PASSED] - click(findTestObject("1-OBJECTS TAREAS PRINCIPALES/Modulo Tarea Compensacion/Administracion Embargos por Periodo/span_Generacin Por Periodos")): Object: 'Object Repository/1-OBJECTS TAREAS PRINCIPALES/Modulo Tarea Compensacion/Administracion Embargos por Periodo/span_Generacin Por Periodos' is clicked on

2023-04-10 09:02:04 - [MESSAGE][PASSED] - Object: 'Object Repository/1-OBJECTS TAREAS PRINCIPALES/Modulo Tarea Compensacion/Administracion Embargos por Periodo/span_Generacin Por Periodos' is clicked on

2023-04-10 09:02:04 - [TEST_STEP][PASSED] - waitForElementClickable(findTestObject("1-OBJECTS TAREAS PRINCIPALES/Modulo Tarea Compensacion/Administracion Embargos por Periodo/input_BANCO AGRARIO_banco_agra"), 0): Object 'Object Repository/1-OBJECTS TAREAS PRINCIPALES/Modulo Tarea Compensacion/Administracion Embargos por Periodo/input_BANCO AGRARIO_banco_agra' is clickable

2023-04-10 09:02:04 - [MESSAGE][WARNING] - Timeout '0' is invalid. Using default page load timeout: '37'

2023-04-10 09:02:05 - [MESSAGE][PASSED] - Object 'Object Repository/1-OBJECTS TAREAS PRINCIPALES/Modulo Tarea Compensacion/Administracion Embargos por Periodo/input_BANCO AGRARIO_banco_agra' is clickable

2023-04-10 09:02:05 - [TEST_STEP][PASSED] - click(findTestObject("1-OBJECTS TAREAS PRINCIPALES/Modulo Tarea Compensacion/Administracion Embargos por Periodo/input_BANCO AGRARIO_banco_agra")): Object: 'Object Repository/1-OBJECTS TAREAS PRINCIPALES/Modulo Tarea Compensacion/Administracion Embargos por Periodo/input_BANCO AGRARIO_banco_agra' is clicked on

2023-04-10 09:02:05 - [MESSAGE][PASSED] - Object: 'Object Repository/1-OBJECTS TAREAS PRINCIPALES/Modulo Tarea Compensacion/Administracion Embargos por Periodo/input_BANCO AGRARIO_banco_agra' is clicked on

2023-04-10 09:02:05 - [TEST_STEP][PASSED] - waitForElementClickable(findTestObject("1-OBJECTS TAREAS PRINCIPALES/Modulo Tarea Compensacion/Administracion Embargos por Periodo/a_Periodo_banco_agrario_t302"), 0): Object 'Object Repository/1-OBJECTS TAREAS PRINCIPALES/Modulo Tarea Compensacion/Administracion Embargos por Periodo/a_Periodo_banco_agrario_t302' is clickable

2023-04-10 09:02:06 - [MESSAGE][WARNING] - Timeout '0' is invalid. Using default page load timeout: '37'

2023-04-10 09:02:06 - [MESSAGE][PASSED] - Object 'Object Repository/1-OBJECTS TAREAS PRINCIPALES/Modulo Tarea Compensacion/Administracion Embargos por Periodo/a_Periodo_banco_agrario_t302' is clickable

2023-04-10 09:02:06 - [TEST_STEP][PASSED] - click(findTestObject("1-OBJECTS TAREAS PRINCIPALES/Modulo Tarea Compensacion/Administracion Embargos por Periodo/a_Periodo_banco_agrario_t302")): Object: 'Object Repository/1-OBJECTS TAREAS PRINCIPALES/Modulo Tarea Compensacion/Administracion Embargos por Periodo/a_Periodo_banco_agrario_t302' is clicked on

2023-04-10 09:02:06 - [MESSAGE][PASSED] - Object: 'Object Repository/1-OBJECTS TAREAS PRINCIPALES/Modulo Tarea Compensacion/Administracion Embargos por Periodo/a_Periodo_banco_agrario_t302' is clicked on

2023-04-10 09:02:06 - [TEST_STEP][PASSED] - waitForElementClickable(findTestObject("1-OBJECTS TAREAS PRINCIPALES/Modulo Tarea Compensacion/Administracion Embargos por Periodo/span_Mensual Noviembre"), 0): Object 'Object Repository/1-OBJECTS TAREAS PRINCIPALES/Modulo Tarea Compensacion/Administracion Embargos por Periodo/span_Mensual Noviembre' is clickable

2023-04-10 09:02:06 - [MESSAGE][WARNING] - Timeout '0' is invalid. Using default page load timeout: '37'

2023-04-10 09:02:07 - [MESSAGE][PASSED] - Object 'Object Repository/1-OBJECTS TAREAS PRINCIPALES/Modulo Tarea Compensacion/Administracion Embargos por Periodo/span_Mensual Noviembre' is clickable

2023-04-10 09:02:07 - [TEST_STEP][PASSED] - click(findTestObject("1-OBJECTS TAREAS PRINCIPALES/Modulo Tarea Compensacion/Administracion Embargos por Periodo/span_Mensual Noviembre")): Object: 'Object Repository/1-OBJECTS TAREAS PRINCIPALES/Modulo Tarea Compensacion/Administracion Embargos por Periodo/span_Mensual Noviembre' is clicked on

2023-04-10 09:02:08 - [MESSAGE][PASSED] - Object: 'Object Repository/1-OBJECTS TAREAS PRINCIPALES/Modulo Tarea Compensacion/Administracion Embargos por Periodo/span_Mensual Noviembre' is clicked on

2023-04-10 09:02:08 - [TEST_STEP][PASSED] - waitForElementClickable(findTestObject("1-OBJECTS TAREAS PRINCIPALES/Modulo Tarea Compensacion/Administracion Embargos por Periodo/span_Generar"), 0): Object 'Object Repository/1-OBJECTS TAREAS PRINCIPALES/Modulo Tarea Compensacion/Administracion Embargos por Periodo/span_Generar' is clickable

2023-04-10 09:02:08 - [MESSAGE][WARNING] - Timeout '0' is invalid. Using default page load timeout: '37'

2023-04-10 09:02:09 - [MESSAGE][PASSED] - Object 'Object Repository/1-OBJECTS TAREAS PRINCIPALES/Modulo Tarea Compensacion/Administracion Embargos por Periodo/span_Generar' is clickable

2023-04-10 09:02:09 - [TEST_STEP][PASSED] - click(findTestObject("1-OBJECTS TAREAS PRINCIPALES/Modulo Tarea Compensacion/Administracion Embargos por Periodo/span_Generar")): Object: 'Object Repository/1-OBJECTS TAREAS PRINCIPALES/Modulo Tarea Compensacion/Administracion Embargos por Periodo/span_Generar' is clicked on

2023-04-10 09:02:09 - [MESSAGE][PASSED] - Object: 'Object Repository/1-OBJECTS TAREAS PRINCIPALES/Modulo Tarea Compensacion/Administracion Embargos por Periodo/span_Generar' is clicked on

2023-04-10 09:02:09 - [TEST_STEP][PASSED] - waitForElementClickable(findTestObject("1-OBJECTS TAREAS PRINCIPALES/Modulo Tarea Compensacion/Administracion Embargos por Periodo/span_Archivo"), 0): Object 'Object Repository/1-OBJECTS TAREAS PRINCIPALES/Modulo Tarea Compensacion/Administracion Embargos por Periodo/span_Archivo' is clickable

2023-04-10 09:02:09 - [MESSAGE][WARNING] - Timeout '0' is invalid. Using default page load timeout: '37'

2023-04-10 09:02:10 - [MESSAGE][PASSED] - Object 'Object Repository/1-OBJECTS TAREAS PRINCIPALES/Modulo Tarea Compensacion/Administracion Embargos por Periodo/span_Archivo' is clickable

2023-04-10 09:02:10 - [TEST_STEP][PASSED] - click(findTestObject("1-OBJECTS TAREAS PRINCIPALES/Modulo Tarea Compensacion/Administracion Embargos por Periodo/span_Archivo")): Object: 'Object Repository/1-OBJECTS TAREAS PRINCIPALES/Modulo Tarea Compensacion/Administracion Embargos por Periodo/span_Archivo' is clicked on

2023-04-10 09:02:10 - [MESSAGE][PASSED] - Object: 'Object Repository/1-OBJECTS TAREAS PRINCIPALES/Modulo Tarea Compensacion/Administracion Embargos por Periodo/span_Archivo' is clicked on

2023-04-10 09:02:10 - [TEST_STEP][PASSED] - click(findTestObject("1-OBJECTS TAREAS PRINCIPALES/Modulo Tarea Compensacion/Administracion Embargos por Periodo/span_Si")): Object: 'Object Repository/1-OBJECTS TAREAS PRINCIPALES/Modulo Tarea Compensacion/Administracion Embargos por Periodo/span_Si' is clicked on

2023-04-10 09:02:11 - [MESSAGE][PASSED] - Object: 'Object Repository/1-OBJECTS TAREAS PRINCIPALES/Modulo Tarea Compensacion/Administracion Embargos por Periodo/span_Si' is clicked on

2023-04-10 09:02:11 - [MESSAGE][PASSED] - Call Test Case 'Test Cases/Utilidades-(atajos_para _tareas)/Tareas Administracion Compensacion/Administracion embargos por Periodos' successfully

2023-04-10 09:02:11 - [TEST_STEP][PASSED] - closeBrowser(): Browser is closed

2023-04-10 09:02:12 - [MESSAGE][PASSED] - Browser is closed]]></system-out>
         <system-err><![CDATA[]]></system-err>
      </testcase>
      <testcase name="Test Cases/1.1-Tareas Principales/1.5.2-Liquidacion Entidad Externa" time="39.317" classname="Test Cases/1.1-Tareas Principales/1.5.2-Liquidacion Entidad Externa" status="PASSED">
         <system-out><![CDATA[2023-04-10 09:02:12 - [TEST_CASE][PASSED] - Test Cases/1.1-Tareas Principales/1.5.2-Liquidacion Entidad Externa: Test Cases/1.1-Tareas Principales/1.5.2-Liquidacion Entidad Externa

2023-04-10 09:02:12 - [TEST_STEP][PASSED] - RutaA = Systema(): null

2023-04-10 09:02:12 - [TEST_STEP][PASSED] - RutaA = System.getProperty("os.name"): null

2023-04-10 09:02:12 - [TEST_STEP][PASSED] - if (RutaA == "Windows 10"): null

2023-04-10 09:02:12 - [TEST_STEP][PASSED] - rutaW = System.getProperty("user.home") + "/Downloads/": null

2023-04-10 09:02:12 - [TEST_STEP][PASSED] - rutaW = rutaW.replace("/", "\"): null

2023-04-10 09:02:12 - [TEST_STEP][PASSED] - println("ESTA ES LA RUTA" + rutaW): null

2023-04-10 09:02:12 - [TEST_STEP][PASSED] - RutaA = rutaW: null

2023-04-10 09:02:12 - [TEST_STEP][PASSED] - rutaA = RutaA: null

2023-04-10 09:02:12 - [TEST_STEP][PASSED] - println(rutaA): null

2023-04-10 09:02:12 - [TEST_STEP][PASSED] - Archivo = "Liquidación_Entidades_Externa.csv": null

2023-04-10 09:02:12 - [TEST_STEP][PASSED] - Archivo1 = "Liquidación_Entidades_Externa.csv.crdownload": null

2023-04-10 09:02:12 - [TEST_STEP][PASSED] - Archivo2 = "Liquidación_Entidades_Externa (1).csv": null

2023-04-10 09:02:12 - [TEST_STEP][PASSED] - Archivo3 = "Liquidación_Entidades_Externa(1).csv": null

2023-04-10 09:02:12 - [TEST_STEP][PASSED] - callTestCase(findTestCase("Utilidades-(atajos_para _tareas)/Modulos/Modulo Administracion Compensacion"), [:], STOP_ON_FAILURE): Call Test Case 'Test Cases/Utilidades-(atajos_para _tareas)/Modulos/Modulo Administracion Compensacion' successfully

2023-04-10 09:02:12 - [TEST_CASE][PASSED] - Test Cases/Utilidades-(atajos_para _tareas)/Modulos/Modulo Administracion Compensacion: Test Cases/Utilidades-(atajos_para _tareas)/Modulos/Modulo Administracion Compensacion

2023-04-10 09:02:12 - [TEST_STEP][PASSED] - callTestCase(findTestCase("0.1-Login"), [:], STOP_ON_FAILURE): Call Test Case 'Test Cases/0.1-Login' successfully

2023-04-10 09:02:13 - [TEST_CASE][PASSED] - Test Cases/0.1-Login: Test Cases/0.1-Login

2023-04-10 09:02:13 - [TEST_STEP][PASSED] - openBrowser(""): Browser is opened with url: ''

2023-04-10 09:02:13 - [MESSAGE][INFO] - Starting 'Chrome' driver

2023-04-10 09:02:13 - [MESSAGE][INFO] - Action delay is set to 0 milliseconds

2023-04-10 09:02:14 - [MESSAGE][PASSED] - Browser is opened with url: ''

2023-04-10 09:02:14 - [TEST_STEP][PASSED] - maximizeWindow(): Current window maximized

2023-04-10 09:02:14 - [MESSAGE][PASSED] - Current window maximized

2023-04-10 09:02:14 - [TEST_STEP][PASSED] - i = G_Login: null

2023-04-10 09:02:14 - [TEST_STEP][PASSED] - url = new java.net.URL(i): null

2023-04-10 09:02:14 - [TEST_STEP][PASSED] - println("URL: " + url.toString()): null

2023-04-10 09:02:14 - [TEST_STEP][PASSED] - connection = url.openConnection(): null

2023-04-10 09:02:14 - [TEST_STEP][PASSED] - connection.setRequestMethod("GET"): null

2023-04-10 09:02:14 - [TEST_STEP][PASSED] - connection.setReadTimeout(2 * 1000): null

2023-04-10 09:02:14 - [TEST_STEP][PASSED] - try: null

2023-04-10 09:02:14 - [TEST_STEP][PASSED] - connection.connect(): null

2023-04-10 09:02:14 - [TEST_STEP][PASSED] - flag = connected: null

2023-04-10 09:02:14 - [TEST_STEP][PASSED] - println("Valor_ori: " + flag): null

2023-04-10 09:02:14 - [TEST_STEP][PASSED] - if (flag): null

2023-04-10 09:02:14 - [TEST_STEP][PASSED] - navigateToUrl(i): Navigate to 'http://192.168.2.19:8380/saraweb' successfully

2023-04-10 09:02:14 - [MESSAGE][PASSED] - Navigate to 'http://192.168.2.19:8380/saraweb' successfully

2023-04-10 09:02:14 - [TEST_STEP][PASSED] - a(): null

2023-04-10 09:02:14 - [TEST_STEP][PASSED] - if (waitForElementVisible(findTestObject("3-OBJECTS UTILIDADES/Login/input_USUARIO_loginusuario"), 0)): null

2023-04-10 09:02:14 - [MESSAGE][WARNING] - Timeout '0' is invalid. Using default page load timeout: '37'

2023-04-10 09:02:15 - [MESSAGE][PASSED] - Object 'Object Repository/3-OBJECTS UTILIDADES/Login/input_USUARIO_loginusuario' is visible

2023-04-10 09:02:15 - [TEST_STEP][PASSED] - switchToWindowTitle("SARA"): Switched to window with title: 'SARA'

2023-04-10 09:02:15 - [MESSAGE][PASSED] - Switched to window with title: 'SARA'

2023-04-10 09:02:15 - [TEST_STEP][PASSED] - zoom(): null

2023-04-10 09:02:15 - [TEST_STEP][PASSED] - robot = new java.awt.Robot(): null

2023-04-10 09:02:15 - [TEST_STEP][PASSED] - robot.keyPress(VK_CONTROL): null

2023-04-10 09:02:15 - [TEST_STEP][PASSED] - robot.keyPress(VK_SUBTRACT): null

2023-04-10 09:02:15 - [TEST_STEP][PASSED] - robot.keyRelease(VK_CONTROL): null

2023-04-10 09:02:15 - [TEST_STEP][PASSED] - robot.keyRelease(VK_SUBTRACT): null

2023-04-10 09:02:15 - [TEST_STEP][PASSED] - robot.keyPress(VK_CONTROL): null

2023-04-10 09:02:15 - [TEST_STEP][PASSED] - robot.keyPress(VK_SUBTRACT): null

2023-04-10 09:02:15 - [TEST_STEP][PASSED] - robot.keyRelease(VK_CONTROL): null

2023-04-10 09:02:15 - [TEST_STEP][PASSED] - robot.keyRelease(VK_SUBTRACT): null

2023-04-10 09:02:15 - [TEST_STEP][PASSED] - robot.keyPress(VK_CONTROL): null

2023-04-10 09:02:15 - [TEST_STEP][PASSED] - robot.keyPress(VK_SUBTRACT): null

2023-04-10 09:02:15 - [TEST_STEP][PASSED] - robot.keyRelease(VK_CONTROL): null

2023-04-10 09:02:15 - [TEST_STEP][PASSED] - robot.keyRelease(VK_SUBTRACT): null

2023-04-10 09:02:15 - [TEST_STEP][PASSED] - robot.keyRelease(VK_CONTROL): null

2023-04-10 09:02:15 - [TEST_STEP][PASSED] - robot.keyRelease(VK_SUBTRACT): null

2023-04-10 09:02:15 - [TEST_STEP][PASSED] - setText(findTestObject("3-OBJECTS UTILIDADES/Login/input_USUARIO_loginusuario"), G_Usuario): Text 'saraadmin' is set on object 'Object Repository/3-OBJECTS UTILIDADES/Login/input_USUARIO_loginusuario'

2023-04-10 09:02:15 - [MESSAGE][PASSED] - Text 'saraadmin' is set on object 'Object Repository/3-OBJECTS UTILIDADES/Login/input_USUARIO_loginusuario'

2023-04-10 09:02:15 - [TEST_STEP][PASSED] - setEncryptedText(findTestObject("3-OBJECTS UTILIDADES/Login/input_CLAVE_loginpassword"), "SlAwMcyRKqrwbnzhAs8HhT6NnI7sEyng"): Text ****** has been set on object 'Object Repository/3-OBJECTS UTILIDADES/Login/input_CLAVE_loginpassword'

2023-04-10 09:02:17 - [MESSAGE][PASSED] - Text ****** has been set on object 'Object Repository/3-OBJECTS UTILIDADES/Login/input_CLAVE_loginpassword'

2023-04-10 09:02:17 - [TEST_STEP][PASSED] - while (waitForElementClickable(findTestObject("3-OBJECTS UTILIDADES/Login/a_Ingresar"), 1)): Web element with id: 'Object Repository/3-OBJECTS UTILIDADES/Login/a_Ingresar' located by '//a[contains(text(),'Ingresar')]' not found

2023-04-10 09:02:19 - [MESSAGE][INFO] - Unable to find the element located by 'By.xpath: //a[contains(text(),'Ingresar')]'. Please recheck the objects properties to make sure the desired element is located. 

2023-04-10 09:02:19 - [MESSAGE][WARNING] - Web element with id: 'Object Repository/3-OBJECTS UTILIDADES/Login/a_Ingresar' located by '//a[contains(text(),'Ingresar')]' not found

2023-04-10 09:02:19 - [MESSAGE][PASSED] - Call Test Case 'Test Cases/0.1-Login' successfully

2023-04-10 09:02:19 - [TEST_STEP][PASSED] - waitForElementVisible(findTestObject("3-OBJECTS UTILIDADES/Modulo Administracion Compensacion/span_Administracin Compensacin"), 0): Object 'Object Repository/3-OBJECTS UTILIDADES/Modulo Administracion Compensacion/span_Administracin Compensacin' is visible

2023-04-10 09:02:19 - [MESSAGE][WARNING] - Timeout '0' is invalid. Using default page load timeout: '37'

2023-04-10 09:02:19 - [MESSAGE][PASSED] - Object 'Object Repository/3-OBJECTS UTILIDADES/Modulo Administracion Compensacion/span_Administracin Compensacin' is visible

2023-04-10 09:02:19 - [TEST_STEP][PASSED] - click(findTestObject("3-OBJECTS UTILIDADES/Modulo Administracion Compensacion/span_Administracin Compensacin")): Object: 'Object Repository/3-OBJECTS UTILIDADES/Modulo Administracion Compensacion/span_Administracin Compensacin' is clicked on

2023-04-10 09:02:20 - [MESSAGE][PASSED] - Object: 'Object Repository/3-OBJECTS UTILIDADES/Modulo Administracion Compensacion/span_Administracin Compensacin' is clicked on

2023-04-10 09:02:20 - [MESSAGE][PASSED] - Call Test Case 'Test Cases/Utilidades-(atajos_para _tareas)/Modulos/Modulo Administracion Compensacion' successfully

2023-04-10 09:02:20 - [TEST_STEP][PASSED] - waitForElementClickable(findTestObject("1-OBJECTS TAREAS PRINCIPALES/Modulo Tarea Compensacion/Liquidacion Entidad Externa/input_Ir_nav_t66_input"), 0): Object 'Object Repository/1-OBJECTS TAREAS PRINCIPALES/Modulo Tarea Compensacion/Liquidacion Entidad Externa/input_Ir_nav_t66_input' is clickable

2023-04-10 09:02:20 - [MESSAGE][WARNING] - Timeout '0' is invalid. Using default page load timeout: '37'

2023-04-10 09:02:20 - [MESSAGE][PASSED] - Object 'Object Repository/1-OBJECTS TAREAS PRINCIPALES/Modulo Tarea Compensacion/Liquidacion Entidad Externa/input_Ir_nav_t66_input' is clickable

2023-04-10 09:02:20 - [TEST_STEP][PASSED] - setText(findTestObject("1-OBJECTS TAREAS PRINCIPALES/Modulo Tarea Compensacion/Liquidacion Entidad Externa/input_Ir_nav_t66_input"), "Liquidacion Entidad Externa (com)"): Text 'Liquidacion Entidad Externa (com)' is set on object 'Object Repository/1-OBJECTS TAREAS PRINCIPALES/Modulo Tarea Compensacion/Liquidacion Entidad Externa/input_Ir_nav_t66_input'

2023-04-10 09:02:21 - [MESSAGE][PASSED] - Text 'Liquidacion Entidad Externa (com)' is set on object 'Object Repository/1-OBJECTS TAREAS PRINCIPALES/Modulo Tarea Compensacion/Liquidacion Entidad Externa/input_Ir_nav_t66_input'

2023-04-10 09:02:21 - [TEST_STEP][PASSED] - waitForElementVisible(findTestObject("1-OBJECTS TAREAS PRINCIPALES/Modulo Tarea Compensacion/Liquidacion Entidad Externa/span_Liquidacion Entidad Externa (com)"), 0): Object 'Object Repository/1-OBJECTS TAREAS PRINCIPALES/Modulo Tarea Compensacion/Liquidacion Entidad Externa/span_Liquidacion Entidad Externa (com)' is visible

2023-04-10 09:02:21 - [MESSAGE][WARNING] - Timeout '0' is invalid. Using default page load timeout: '37'

2023-04-10 09:02:23 - [MESSAGE][PASSED] - Object 'Object Repository/1-OBJECTS TAREAS PRINCIPALES/Modulo Tarea Compensacion/Liquidacion Entidad Externa/span_Liquidacion Entidad Externa (com)' is visible

2023-04-10 09:02:23 - [TEST_STEP][PASSED] - click(findTestObject("1-OBJECTS TAREAS PRINCIPALES/Modulo Tarea Compensacion/Liquidacion Entidad Externa/span_Liquidacion Entidad Externa (com)")): Object: 'Object Repository/1-OBJECTS TAREAS PRINCIPALES/Modulo Tarea Compensacion/Liquidacion Entidad Externa/span_Liquidacion Entidad Externa (com)' is clicked on

2023-04-10 09:02:23 - [MESSAGE][PASSED] - Object: 'Object Repository/1-OBJECTS TAREAS PRINCIPALES/Modulo Tarea Compensacion/Liquidacion Entidad Externa/span_Liquidacion Entidad Externa (com)' is clicked on

2023-04-10 09:02:23 - [TEST_STEP][PASSED] - click(findTestObject("1-OBJECTS TAREAS PRINCIPALES/Modulo Tarea Compensacion/Liquidacion Entidad Externa/span_Traer")): Object: 'Object Repository/1-OBJECTS TAREAS PRINCIPALES/Modulo Tarea Compensacion/Liquidacion Entidad Externa/span_Traer' is clicked on

2023-04-10 09:02:24 - [MESSAGE][PASSED] - Object: 'Object Repository/1-OBJECTS TAREAS PRINCIPALES/Modulo Tarea Compensacion/Liquidacion Entidad Externa/span_Traer' is clicked on

2023-04-10 09:02:24 - [TEST_STEP][PASSED] - selectOptionByIndex(findTestObject("1-OBJECTS TAREAS PRINCIPALES/Modulo Tarea Compensacion/Liquidacion Entidad Externa/select_--Seleccione--APORTE AF"), "1", STOP_ON_FAILURE): All options with index in [1] are selected on object 'Object Repository/1-OBJECTS TAREAS PRINCIPALES/Modulo Tarea Compensacion/Liquidacion Entidad Externa/select_--Seleccione--APORTE AF'

2023-04-10 09:02:25 - [MESSAGE][PASSED] - All options with index in [1] are selected on object 'Object Repository/1-OBJECTS TAREAS PRINCIPALES/Modulo Tarea Compensacion/Liquidacion Entidad Externa/select_--Seleccione--APORTE AF'

2023-04-10 09:02:25 - [TEST_STEP][PASSED] - setText(findTestObject("1-OBJECTS TAREAS PRINCIPALES/Modulo Tarea Compensacion/Liquidacion Entidad Externa/input_Fecha_form_popUpTraeLiqu"), "31/01/2019"): Text '31/01/2019' is set on object 'Object Repository/1-OBJECTS TAREAS PRINCIPALES/Modulo Tarea Compensacion/Liquidacion Entidad Externa/input_Fecha_form_popUpTraeLiqu'

2023-04-10 09:02:26 - [MESSAGE][PASSED] - Text '31/01/2019' is set on object 'Object Repository/1-OBJECTS TAREAS PRINCIPALES/Modulo Tarea Compensacion/Liquidacion Entidad Externa/input_Fecha_form_popUpTraeLiqu'

2023-04-10 09:02:26 - [TEST_STEP][PASSED] - sendKeys(findTestObject("1-OBJECTS TAREAS PRINCIPALES/Modulo Tarea Compensacion/Liquidacion Entidad Externa/input_Fecha_form_popUpTraeLiqu"), Keys.chord(ENTER)): Keys 'ENTER + ' sent to object: 'Object Repository/1-OBJECTS TAREAS PRINCIPALES/Modulo Tarea Compensacion/Liquidacion Entidad Externa/input_Fecha_form_popUpTraeLiqu'

2023-04-10 09:02:27 - [MESSAGE][PASSED] - Keys 'ENTER + ' sent to object: 'Object Repository/1-OBJECTS TAREAS PRINCIPALES/Modulo Tarea Compensacion/Liquidacion Entidad Externa/input_Fecha_form_popUpTraeLiqu'

2023-04-10 09:02:27 - [TEST_STEP][PASSED] - click(findTestObject("1-OBJECTS TAREAS PRINCIPALES/Modulo Tarea Compensacion/Liquidacion Entidad Externa/a_Aplicar")): Object: 'Object Repository/1-OBJECTS TAREAS PRINCIPALES/Modulo Tarea Compensacion/Liquidacion Entidad Externa/a_Aplicar' is clicked on

2023-04-10 09:02:28 - [MESSAGE][PASSED] - Object: 'Object Repository/1-OBJECTS TAREAS PRINCIPALES/Modulo Tarea Compensacion/Liquidacion Entidad Externa/a_Aplicar' is clicked on

2023-04-10 09:02:28 - [TEST_STEP][PASSED] - click(findTestObject("1-OBJECTS TAREAS PRINCIPALES/Modulo Tarea Compensacion/Liquidacion Entidad Externa/input_Sucursal_liquidacionesEn")): Object: 'Object Repository/1-OBJECTS TAREAS PRINCIPALES/Modulo Tarea Compensacion/Liquidacion Entidad Externa/input_Sucursal_liquidacionesEn' is clicked on

2023-04-10 09:02:28 - [MESSAGE][PASSED] - Object: 'Object Repository/1-OBJECTS TAREAS PRINCIPALES/Modulo Tarea Compensacion/Liquidacion Entidad Externa/input_Sucursal_liquidacionesEn' is clicked on

2023-04-10 09:02:28 - [TEST_STEP][PASSED] - waitForElementClickable(findTestObject("1-OBJECTS TAREAS PRINCIPALES/Modulo Tarea Compensacion/Liquidacion Entidad Externa/span_Liquidar"), 0): Object 'Object Repository/1-OBJECTS TAREAS PRINCIPALES/Modulo Tarea Compensacion/Liquidacion Entidad Externa/span_Liquidar' is clickable

2023-04-10 09:02:28 - [MESSAGE][WARNING] - Timeout '0' is invalid. Using default page load timeout: '37'

2023-04-10 09:02:29 - [MESSAGE][PASSED] - Object 'Object Repository/1-OBJECTS TAREAS PRINCIPALES/Modulo Tarea Compensacion/Liquidacion Entidad Externa/span_Liquidar' is clickable

2023-04-10 09:02:29 - [TEST_STEP][PASSED] - click(findTestObject("1-OBJECTS TAREAS PRINCIPALES/Modulo Tarea Compensacion/Liquidacion Entidad Externa/span_Liquidar")): Object: 'Object Repository/1-OBJECTS TAREAS PRINCIPALES/Modulo Tarea Compensacion/Liquidacion Entidad Externa/span_Liquidar' is clicked on

2023-04-10 09:02:29 - [MESSAGE][PASSED] - Object: 'Object Repository/1-OBJECTS TAREAS PRINCIPALES/Modulo Tarea Compensacion/Liquidacion Entidad Externa/span_Liquidar' is clicked on

2023-04-10 09:02:29 - [TEST_STEP][PASSED] - click(findTestObject("1-OBJECTS TAREAS PRINCIPALES/Modulo Tarea Compensacion/Liquidacion Entidad Externa/a_Generar")): Object: 'Object Repository/1-OBJECTS TAREAS PRINCIPALES/Modulo Tarea Compensacion/Liquidacion Entidad Externa/a_Generar' is clicked on

2023-04-10 09:02:30 - [MESSAGE][PASSED] - Object: 'Object Repository/1-OBJECTS TAREAS PRINCIPALES/Modulo Tarea Compensacion/Liquidacion Entidad Externa/a_Generar' is clicked on

2023-04-10 09:02:30 - [TEST_STEP][PASSED] - click(findTestObject("1-OBJECTS TAREAS PRINCIPALES/Modulo Tarea Compensacion/Liquidacion Entidad Externa/a_Continuar")): Object: 'Object Repository/1-OBJECTS TAREAS PRINCIPALES/Modulo Tarea Compensacion/Liquidacion Entidad Externa/a_Continuar' is clicked on

2023-04-10 09:02:34 - [MESSAGE][PASSED] - Object: 'Object Repository/1-OBJECTS TAREAS PRINCIPALES/Modulo Tarea Compensacion/Liquidacion Entidad Externa/a_Continuar' is clicked on

2023-04-10 09:02:34 - [TEST_STEP][PASSED] - click(findTestObject("1-OBJECTS TAREAS PRINCIPALES/Modulo Tarea Compensacion/Liquidacion Entidad Externa/span_Imprimir")): Object: 'Object Repository/1-OBJECTS TAREAS PRINCIPALES/Modulo Tarea Compensacion/Liquidacion Entidad Externa/span_Imprimir' is clicked on

2023-04-10 09:02:34 - [MESSAGE][PASSED] - Object: 'Object Repository/1-OBJECTS TAREAS PRINCIPALES/Modulo Tarea Compensacion/Liquidacion Entidad Externa/span_Imprimir' is clicked on

2023-04-10 09:02:34 - [TEST_STEP][PASSED] - click(findTestObject("1-OBJECTS TAREAS PRINCIPALES/Modulo Tarea Compensacion/Liquidacion Entidad Externa/input_Csv_form_popupSeleccionR")): Object: 'Object Repository/1-OBJECTS TAREAS PRINCIPALES/Modulo Tarea Compensacion/Liquidacion Entidad Externa/input_Csv_form_popupSeleccionR' is clicked on

2023-04-10 09:02:35 - [MESSAGE][PASSED] - Object: 'Object Repository/1-OBJECTS TAREAS PRINCIPALES/Modulo Tarea Compensacion/Liquidacion Entidad Externa/input_Csv_form_popupSeleccionR' is clicked on

2023-04-10 09:02:35 - [TEST_STEP][PASSED] - click(findTestObject("1-OBJECTS TAREAS PRINCIPALES/Modulo Tarea Compensacion/Liquidacion Entidad Externa/a_Generar")): Object: 'Object Repository/1-OBJECTS TAREAS PRINCIPALES/Modulo Tarea Compensacion/Liquidacion Entidad Externa/a_Generar' is clicked on

2023-04-10 09:02:36 - [MESSAGE][PASSED] - Object: 'Object Repository/1-OBJECTS TAREAS PRINCIPALES/Modulo Tarea Compensacion/Liquidacion Entidad Externa/a_Generar' is clicked on

2023-04-10 09:02:36 - [TEST_STEP][PASSED] - waitForElementClickable(findTestObject("1-OBJECTS TAREAS PRINCIPALES/Modulo Tarea Compensacion/Liquidacion Entidad Externa/a_Descargar"), 0): Object 'Object Repository/1-OBJECTS TAREAS PRINCIPALES/Modulo Tarea Compensacion/Liquidacion Entidad Externa/a_Descargar' is clickable

2023-04-10 09:02:36 - [MESSAGE][WARNING] - Timeout '0' is invalid. Using default page load timeout: '37'

2023-04-10 09:02:36 - [MESSAGE][PASSED] - Object 'Object Repository/1-OBJECTS TAREAS PRINCIPALES/Modulo Tarea Compensacion/Liquidacion Entidad Externa/a_Descargar' is clickable

2023-04-10 09:02:36 - [TEST_STEP][PASSED] - click(findTestObject("1-OBJECTS TAREAS PRINCIPALES/Modulo Tarea Compensacion/Liquidacion Entidad Externa/a_Descargar")): Object: 'Object Repository/1-OBJECTS TAREAS PRINCIPALES/Modulo Tarea Compensacion/Liquidacion Entidad Externa/a_Descargar' is clicked on

2023-04-10 09:02:37 - [MESSAGE][PASSED] - Object: 'Object Repository/1-OBJECTS TAREAS PRINCIPALES/Modulo Tarea Compensacion/Liquidacion Entidad Externa/a_Descargar' is clicked on

2023-04-10 09:02:37 - [TEST_STEP][PASSED] - click(findTestObject("1-OBJECTS TAREAS PRINCIPALES/Modulo Tarea Compensacion/Liquidacion Entidad Externa/a_Descargar")): Object: 'Object Repository/1-OBJECTS TAREAS PRINCIPALES/Modulo Tarea Compensacion/Liquidacion Entidad Externa/a_Descargar' is clicked on

2023-04-10 09:02:37 - [MESSAGE][PASSED] - Object: 'Object Repository/1-OBJECTS TAREAS PRINCIPALES/Modulo Tarea Compensacion/Liquidacion Entidad Externa/a_Descargar' is clicked on

2023-04-10 09:02:37 - [TEST_STEP][PASSED] - delay(1): Delayed 1 second(s)

2023-04-10 09:02:38 - [MESSAGE][PASSED] - Delayed 1 second(s)

2023-04-10 09:02:38 - [TEST_STEP][PASSED] - Assert.assertTrue(archivoDescargado(rutaA, Archivo, Archivo1, Archivo2, Archivo3)): null

2023-04-10 09:02:38 - [TEST_STEP][PASSED] - dir = new java.io.File(RutaA): null

2023-04-10 09:02:38 - [TEST_STEP][PASSED] - dirContentenidos = dir.listFiles(): null

2023-04-10 09:02:38 - [TEST_STEP][PASSED] - for ([i = 0, i < length, (i++)]): null

2023-04-10 09:02:38 - [TEST_STEP][PASSED] - if (getName().equals(Archivo)): null

2023-04-10 09:02:38 - [TEST_STEP][PASSED] - if (getName().equals(Archivo)): null

2023-04-10 09:02:38 - [TEST_STEP][PASSED] - if (getName().equals(Archivo)): null

2023-04-10 09:02:38 - [TEST_STEP][PASSED] - if (getName().equals(Archivo)): null

2023-04-10 09:02:38 - [TEST_STEP][PASSED] - if (getName().equals(Archivo)): null

2023-04-10 09:02:38 - [TEST_STEP][PASSED] - if (getName().equals(Archivo)): null

2023-04-10 09:02:38 - [TEST_STEP][PASSED] - if (getName().equals(Archivo)): null

2023-04-10 09:02:38 - [TEST_STEP][PASSED] - dirContentenidos[i].delete(): null

2023-04-10 09:02:38 - [TEST_STEP][PASSED] - ResultF0 = "PRUEBA OK": null

2023-04-10 09:02:38 - [TEST_STEP][PASSED] - if (getName().equals(Archivo)): null

2023-04-10 09:02:38 - [TEST_STEP][PASSED] - if (getName().equals(Archivo)): null

2023-04-10 09:02:38 - [TEST_STEP][PASSED] - if (getName().equals(Archivo)): null

2023-04-10 09:02:38 - [TEST_STEP][PASSED] - if (getName().equals(Archivo)): null

2023-04-10 09:02:38 - [TEST_STEP][PASSED] - if (getName().equals(Archivo)): null

2023-04-10 09:02:38 - [TEST_STEP][PASSED] - if (getName().equals(Archivo)): null

2023-04-10 09:02:38 - [TEST_STEP][PASSED] - if (getName().equals(Archivo)): null

2023-04-10 09:02:38 - [TEST_STEP][PASSED] - if (getName().equals(Archivo)): null

2023-04-10 09:02:38 - [TEST_STEP][PASSED] - if (getName().equals(Archivo)): null

2023-04-10 09:02:38 - [TEST_STEP][PASSED] - if (getName().equals(Archivo)): null

2023-04-10 09:02:38 - [TEST_STEP][PASSED] - if (getName().equals(Archivo)): null

2023-04-10 09:02:38 - [TEST_STEP][PASSED] - if (getName().equals(Archivo)): null

2023-04-10 09:02:38 - [TEST_STEP][PASSED] - for ([i = 0, i < length, (i++)]): null

2023-04-10 09:02:38 - [TEST_STEP][PASSED] - if (getName().equals(Archivo1)): null

2023-04-10 09:02:38 - [TEST_STEP][PASSED] - if (getName().equals(Archivo1)): null

2023-04-10 09:02:38 - [TEST_STEP][PASSED] - if (getName().equals(Archivo1)): null

2023-04-10 09:02:38 - [TEST_STEP][PASSED] - if (getName().equals(Archivo1)): null

2023-04-10 09:02:38 - [TEST_STEP][PASSED] - if (getName().equals(Archivo1)): null

2023-04-10 09:02:38 - [TEST_STEP][PASSED] - if (getName().equals(Archivo1)): null

2023-04-10 09:02:38 - [TEST_STEP][PASSED] - if (getName().equals(Archivo1)): null

2023-04-10 09:02:38 - [TEST_STEP][PASSED] - if (getName().equals(Archivo1)): null

2023-04-10 09:02:38 - [TEST_STEP][PASSED] - if (getName().equals(Archivo1)): null

2023-04-10 09:02:38 - [TEST_STEP][PASSED] - if (getName().equals(Archivo1)): null

2023-04-10 09:02:38 - [TEST_STEP][PASSED] - if (getName().equals(Archivo1)): null

2023-04-10 09:02:38 - [TEST_STEP][PASSED] - if (getName().equals(Archivo1)): null

2023-04-10 09:02:38 - [TEST_STEP][PASSED] - if (getName().equals(Archivo1)): null

2023-04-10 09:02:38 - [TEST_STEP][PASSED] - if (getName().equals(Archivo1)): null

2023-04-10 09:02:38 - [TEST_STEP][PASSED] - if (getName().equals(Archivo1)): null

2023-04-10 09:02:38 - [TEST_STEP][PASSED] - if (getName().equals(Archivo1)): null

2023-04-10 09:02:38 - [TEST_STEP][PASSED] - if (getName().equals(Archivo1)): null

2023-04-10 09:02:38 - [TEST_STEP][PASSED] - if (getName().equals(Archivo1)): null

2023-04-10 09:02:38 - [TEST_STEP][PASSED] - if (getName().equals(Archivo1)): null

2023-04-10 09:02:38 - [TEST_STEP][PASSED] - for ([i = 0, i < length, (i++)]): null

2023-04-10 09:02:38 - [TEST_STEP][PASSED] - delay(2): Delayed 2 second(s)

2023-04-10 09:02:40 - [MESSAGE][PASSED] - Delayed 2 second(s)

2023-04-10 09:02:40 - [TEST_STEP][PASSED] - if (getName().equals(Archivo2)): null

2023-04-10 09:02:40 - [TEST_STEP][PASSED] - delay(2): Delayed 2 second(s)

2023-04-10 09:02:42 - [MESSAGE][PASSED] - Delayed 2 second(s)

2023-04-10 09:02:42 - [TEST_STEP][PASSED] - if (getName().equals(Archivo2)): null

2023-04-10 09:02:42 - [TEST_STEP][PASSED] - delay(2): Delayed 2 second(s)

2023-04-10 09:02:44 - [MESSAGE][PASSED] - Delayed 2 second(s)

2023-04-10 09:02:44 - [TEST_STEP][PASSED] - if (getName().equals(Archivo2)): null

2023-04-10 09:02:44 - [TEST_STEP][PASSED] - delay(2): Delayed 2 second(s)

2023-04-10 09:02:46 - [MESSAGE][PASSED] - Delayed 2 second(s)

2023-04-10 09:02:46 - [TEST_STEP][PASSED] - if (getName().equals(Archivo2)): null

2023-04-10 09:02:46 - [TEST_STEP][PASSED] - delay(2): Delayed 2 second(s)

2023-04-10 09:02:48 - [MESSAGE][PASSED] - Delayed 2 second(s)

2023-04-10 09:02:48 - [TEST_STEP][PASSED] - if (getName().equals(Archivo2)): null

2023-04-10 09:02:48 - [TEST_STEP][PASSED] - delay(2): Delayed 2 second(s)

2023-04-10 09:02:50 - [MESSAGE][PASSED] - Delayed 2 second(s)

2023-04-10 09:02:50 - [TEST_STEP][PASSED] - if (getName().equals(Archivo2)): null

2023-04-10 09:02:50 - [TEST_STEP][PASSED] - dirContentenidos[i].delete(): null

2023-04-10 09:02:50 - [TEST_STEP][PASSED] - ResultF = "PRUEBA OK": null

2023-04-10 09:02:50 - [TEST_STEP][PASSED] - closeBrowser(): Browser is closed

2023-04-10 09:02:51 - [MESSAGE][PASSED] - Browser is closed

2023-04-10 09:02:51 - [TEST_STEP][PASSED] - return true: null]]></system-out>
         <system-err><![CDATA[]]></system-err>
      </testcase>
      <testcase name="Test Cases/1.1-Tareas Principales/1.5.3-Reporte Planilla" time="0.322" classname="Test Cases/1.1-Tareas Principales/1.5.3-Reporte Planilla" status="PASSED">
         <system-out><![CDATA[2023-04-10 09:02:51 - [TEST_CASE][PASSED] - Test Cases/1.1-Tareas Principales/1.5.3-Reporte Planilla: Test Cases/1.1-Tareas Principales/1.5.3-Reporte Planilla

2023-04-10 09:02:51 - [TEST_STEP][PASSED] - closeBrowser(): Browser is closed

2023-04-10 09:02:51 - [MESSAGE][PASSED] - Browser is closed]]></system-out>
         <system-err><![CDATA[]]></system-err>
      </testcase>
      <testcase name="Test Cases/1.1-Tareas Principales/1.5.4-Ejecutar Reporte Plantilla" time="169.046" classname="Test Cases/1.1-Tareas Principales/1.5.4-Ejecutar Reporte Plantilla" status="PASSED">
         <system-out><![CDATA[2023-04-10 09:02:51 - [TEST_CASE][PASSED] - Test Cases/1.1-Tareas Principales/1.5.4-Ejecutar Reporte Plantilla: Test Cases/1.1-Tareas Principales/1.5.4-Ejecutar Reporte Plantilla

2023-04-10 09:02:52 - [TEST_STEP][PASSED] - RutaA = Systema(): null

2023-04-10 09:02:52 - [TEST_STEP][PASSED] - RutaA = System.getProperty("os.name"): null

2023-04-10 09:02:52 - [TEST_STEP][PASSED] - if (RutaA == "Windows 10"): null

2023-04-10 09:02:52 - [TEST_STEP][PASSED] - rutaW = System.getProperty("user.home") + "/Downloads/": null

2023-04-10 09:02:52 - [TEST_STEP][PASSED] - rutaW = rutaW.replace("/", "\"): null

2023-04-10 09:02:52 - [TEST_STEP][PASSED] - println("ESTA ES LA RUTA" + rutaW): null

2023-04-10 09:02:52 - [TEST_STEP][PASSED] - RutaA = rutaW: null

2023-04-10 09:02:52 - [TEST_STEP][PASSED] - rutaA = RutaA: null

2023-04-10 09:02:52 - [TEST_STEP][PASSED] - println(rutaA): null

2023-04-10 09:02:52 - [TEST_STEP][PASSED] - Archivo = "PNP+-+PAGO+DE+NOMINA (1).pdf": null

2023-04-10 09:02:52 - [TEST_STEP][PASSED] - Archivo1 = "PNP+-+PAGO+DE+NOMINA (1).xlsx": null

2023-04-10 09:02:52 - [TEST_STEP][PASSED] - Archivo2 = "ACE+-+ACUMULADO+MENSUAL+CONCEPTOS+DE+NOMINA+(PAGADO).pdf": null

2023-04-10 09:02:52 - [TEST_STEP][PASSED] - Archivo3 = "ACE+-+ACUMULADO+MENSUAL+CONCEPTOS+DE+NOMINA+(PAGADO).xlsx": null

2023-04-10 09:02:52 - [TEST_STEP][PASSED] - Archivo4 = "CMEZ+-+ACUMULADO+MENSUAL+CONCEPTOS+NOMINA+POR+EMPLEADO+(PAGADO).pdf": null

2023-04-10 09:02:52 - [TEST_STEP][PASSED] - Archivo5 = "CMEZ+-+ACUMULADO+MENSUAL+CONCEPTOS+NOMINA+POR+EMPLEADO+(PAGADO).xlsx": null

2023-04-10 09:02:52 - [TEST_STEP][PASSED] - Archivo6 = "CMT+-+ACUMULADO+MENSUAL+CONCEPTOS+DE+NOMINA+(PAGADO).pdf": null

2023-04-10 09:02:52 - [TEST_STEP][PASSED] - Archivo7 = "CMT+-+ACUMULADO+MENSUAL+CONCEPTOS+DE+NOMINA+(PAGADO).xlsx": null

2023-04-10 09:02:52 - [TEST_STEP][PASSED] - Archivo8 = "PPN+-+REPORTE+PLANILLA+NOMINA.pdf": null

2023-04-10 09:02:52 - [TEST_STEP][PASSED] - Archivo9 = "PPN+-+REPORTE+PLANILLA+NOMINA.xlsx": null

2023-04-10 09:02:52 - [TEST_STEP][PASSED] - Archivo10 = "RECO-+RESUMEN++POR+CONCEPTO+(PAGADO).pdf": null

2023-04-10 09:02:52 - [TEST_STEP][PASSED] - Archivo11 = "RECO-+RESUMEN++POR+CONCEPTO+(PAGADO).xlsx": null

2023-04-10 09:02:52 - [TEST_STEP][PASSED] - Archivo12 = "CNC-+CONSOLIDADO+PERIODO+DE+NOMINA+POR+LINEA_CCOSTO.pdf": null

2023-04-10 09:02:52 - [TEST_STEP][PASSED] - Archivo13 = "CNC-+CONSOLIDADO+PERIODO+DE+NOMINA+POR+LINEA_CCOSTO.xlsx": null

2023-04-10 09:02:52 - [TEST_STEP][PASSED] - Archivo14 = "PNP+-+PAGO+DE+NOMINA.pdf": null

2023-04-10 09:02:52 - [TEST_STEP][PASSED] - Archivo15 = "PNP+-+PAGO+DE+NOMINA.xlsx": null

2023-04-10 09:02:52 - [TEST_STEP][PASSED] - out.println(rutaA): null

2023-04-10 09:02:52 - [TEST_STEP][PASSED] - callTestCase(findTestCase("Utilidades-(atajos_para _tareas)/Modulos/Modulo Administracion Compensacion"), [:], STOP_ON_FAILURE): Call Test Case 'Test Cases/Utilidades-(atajos_para _tareas)/Modulos/Modulo Administracion Compensacion' successfully

2023-04-10 09:02:52 - [TEST_CASE][PASSED] - Test Cases/Utilidades-(atajos_para _tareas)/Modulos/Modulo Administracion Compensacion: Test Cases/Utilidades-(atajos_para _tareas)/Modulos/Modulo Administracion Compensacion

2023-04-10 09:02:52 - [TEST_STEP][PASSED] - callTestCase(findTestCase("0.1-Login"), [:], STOP_ON_FAILURE): Call Test Case 'Test Cases/0.1-Login' successfully

2023-04-10 09:02:52 - [TEST_CASE][PASSED] - Test Cases/0.1-Login: Test Cases/0.1-Login

2023-04-10 09:02:52 - [TEST_STEP][PASSED] - openBrowser(""): Browser is opened with url: ''

2023-04-10 09:02:52 - [MESSAGE][INFO] - Starting 'Chrome' driver

2023-04-10 09:02:52 - [MESSAGE][INFO] - Action delay is set to 0 milliseconds

2023-04-10 09:02:53 - [MESSAGE][PASSED] - Browser is opened with url: ''

2023-04-10 09:02:53 - [TEST_STEP][PASSED] - maximizeWindow(): Current window maximized

2023-04-10 09:02:53 - [MESSAGE][PASSED] - Current window maximized

2023-04-10 09:02:53 - [TEST_STEP][PASSED] - i = G_Login: null

2023-04-10 09:02:53 - [TEST_STEP][PASSED] - url = new java.net.URL(i): null

2023-04-10 09:02:53 - [TEST_STEP][PASSED] - println("URL: " + url.toString()): null

2023-04-10 09:02:53 - [TEST_STEP][PASSED] - connection = url.openConnection(): null

2023-04-10 09:02:53 - [TEST_STEP][PASSED] - connection.setRequestMethod("GET"): null

2023-04-10 09:02:53 - [TEST_STEP][PASSED] - connection.setReadTimeout(2 * 1000): null

2023-04-10 09:02:53 - [TEST_STEP][PASSED] - try: null

2023-04-10 09:02:53 - [TEST_STEP][PASSED] - connection.connect(): null

2023-04-10 09:02:53 - [TEST_STEP][PASSED] - flag = connected: null

2023-04-10 09:02:53 - [TEST_STEP][PASSED] - println("Valor_ori: " + flag): null

2023-04-10 09:02:53 - [TEST_STEP][PASSED] - if (flag): null

2023-04-10 09:02:53 - [TEST_STEP][PASSED] - navigateToUrl(i): Navigate to 'http://192.168.2.19:8380/saraweb' successfully

2023-04-10 09:02:54 - [MESSAGE][PASSED] - Navigate to 'http://192.168.2.19:8380/saraweb' successfully

2023-04-10 09:02:54 - [TEST_STEP][PASSED] - a(): null

2023-04-10 09:02:54 - [TEST_STEP][PASSED] - if (waitForElementVisible(findTestObject("3-OBJECTS UTILIDADES/Login/input_USUARIO_loginusuario"), 0)): null

2023-04-10 09:02:54 - [MESSAGE][WARNING] - Timeout '0' is invalid. Using default page load timeout: '37'

2023-04-10 09:02:54 - [MESSAGE][PASSED] - Object 'Object Repository/3-OBJECTS UTILIDADES/Login/input_USUARIO_loginusuario' is visible

2023-04-10 09:02:54 - [TEST_STEP][PASSED] - switchToWindowTitle("SARA"): Switched to window with title: 'SARA'

2023-04-10 09:02:55 - [MESSAGE][PASSED] - Switched to window with title: 'SARA'

2023-04-10 09:02:55 - [TEST_STEP][PASSED] - zoom(): null

2023-04-10 09:02:55 - [TEST_STEP][PASSED] - robot = new java.awt.Robot(): null

2023-04-10 09:02:55 - [TEST_STEP][PASSED] - robot.keyPress(VK_CONTROL): null

2023-04-10 09:02:55 - [TEST_STEP][PASSED] - robot.keyPress(VK_SUBTRACT): null

2023-04-10 09:02:55 - [TEST_STEP][PASSED] - robot.keyRelease(VK_CONTROL): null

2023-04-10 09:02:55 - [TEST_STEP][PASSED] - robot.keyRelease(VK_SUBTRACT): null

2023-04-10 09:02:55 - [TEST_STEP][PASSED] - robot.keyPress(VK_CONTROL): null

2023-04-10 09:02:55 - [TEST_STEP][PASSED] - robot.keyPress(VK_SUBTRACT): null

2023-04-10 09:02:55 - [TEST_STEP][PASSED] - robot.keyRelease(VK_CONTROL): null

2023-04-10 09:02:55 - [TEST_STEP][PASSED] - robot.keyRelease(VK_SUBTRACT): null

2023-04-10 09:02:55 - [TEST_STEP][PASSED] - robot.keyPress(VK_CONTROL): null

2023-04-10 09:02:55 - [TEST_STEP][PASSED] - robot.keyPress(VK_SUBTRACT): null

2023-04-10 09:02:55 - [TEST_STEP][PASSED] - robot.keyRelease(VK_CONTROL): null

2023-04-10 09:02:55 - [TEST_STEP][PASSED] - robot.keyRelease(VK_SUBTRACT): null

2023-04-10 09:02:55 - [TEST_STEP][PASSED] - robot.keyRelease(VK_CONTROL): null

2023-04-10 09:02:55 - [TEST_STEP][PASSED] - robot.keyRelease(VK_SUBTRACT): null

2023-04-10 09:02:55 - [TEST_STEP][PASSED] - setText(findTestObject("3-OBJECTS UTILIDADES/Login/input_USUARIO_loginusuario"), G_Usuario): Text 'saraadmin' is set on object 'Object Repository/3-OBJECTS UTILIDADES/Login/input_USUARIO_loginusuario'

2023-04-10 09:02:55 - [MESSAGE][PASSED] - Text 'saraadmin' is set on object 'Object Repository/3-OBJECTS UTILIDADES/Login/input_USUARIO_loginusuario'

2023-04-10 09:02:55 - [TEST_STEP][PASSED] - setEncryptedText(findTestObject("3-OBJECTS UTILIDADES/Login/input_CLAVE_loginpassword"), "SlAwMcyRKqrwbnzhAs8HhT6NnI7sEyng"): Text ****** has been set on object 'Object Repository/3-OBJECTS UTILIDADES/Login/input_CLAVE_loginpassword'

2023-04-10 09:02:57 - [MESSAGE][PASSED] - Text ****** has been set on object 'Object Repository/3-OBJECTS UTILIDADES/Login/input_CLAVE_loginpassword'

2023-04-10 09:02:57 - [TEST_STEP][PASSED] - while (waitForElementClickable(findTestObject("3-OBJECTS UTILIDADES/Login/a_Ingresar"), 1)): Web element with id: 'Object Repository/3-OBJECTS UTILIDADES/Login/a_Ingresar' located by '//a[contains(text(),'Ingresar')]' not found

2023-04-10 09:02:59 - [MESSAGE][INFO] - Unable to find the element located by 'By.xpath: //a[contains(text(),'Ingresar')]'. Please recheck the objects properties to make sure the desired element is located. 

2023-04-10 09:02:59 - [MESSAGE][WARNING] - Web element with id: 'Object Repository/3-OBJECTS UTILIDADES/Login/a_Ingresar' located by '//a[contains(text(),'Ingresar')]' not found

2023-04-10 09:02:59 - [MESSAGE][PASSED] - Call Test Case 'Test Cases/0.1-Login' successfully

2023-04-10 09:02:59 - [TEST_STEP][PASSED] - waitForElementVisible(findTestObject("3-OBJECTS UTILIDADES/Modulo Administracion Compensacion/span_Administracin Compensacin"), 0): Object 'Object Repository/3-OBJECTS UTILIDADES/Modulo Administracion Compensacion/span_Administracin Compensacin' is visible

2023-04-10 09:02:59 - [MESSAGE][WARNING] - Timeout '0' is invalid. Using default page load timeout: '37'

2023-04-10 09:03:00 - [MESSAGE][PASSED] - Object 'Object Repository/3-OBJECTS UTILIDADES/Modulo Administracion Compensacion/span_Administracin Compensacin' is visible

2023-04-10 09:03:00 - [TEST_STEP][PASSED] - click(findTestObject("3-OBJECTS UTILIDADES/Modulo Administracion Compensacion/span_Administracin Compensacin")): Object: 'Object Repository/3-OBJECTS UTILIDADES/Modulo Administracion Compensacion/span_Administracin Compensacin' is clicked on

2023-04-10 09:03:00 - [MESSAGE][PASSED] - Object: 'Object Repository/3-OBJECTS UTILIDADES/Modulo Administracion Compensacion/span_Administracin Compensacin' is clicked on

2023-04-10 09:03:00 - [MESSAGE][PASSED] - Call Test Case 'Test Cases/Utilidades-(atajos_para _tareas)/Modulos/Modulo Administracion Compensacion' successfully

2023-04-10 09:03:00 - [TEST_STEP][PASSED] - Navegador = getExecutedBrowser(): null

2023-04-10 09:03:00 - [TEST_STEP][PASSED] - println(Navegador): null

2023-04-10 09:03:00 - [TEST_STEP][PASSED] - waitForElementClickable(findTestObject("1-OBJECTS TAREAS PRINCIPALES/Modulo Tarea Compensacion/Ejecutar Reporte Planilla/input_Ir_nav_t66_input"), 0): Object 'Object Repository/1-OBJECTS TAREAS PRINCIPALES/Modulo Tarea Compensacion/Ejecutar Reporte Planilla/input_Ir_nav_t66_input' is clickable

2023-04-10 09:03:00 - [MESSAGE][WARNING] - Timeout '0' is invalid. Using default page load timeout: '37'

2023-04-10 09:03:01 - [MESSAGE][PASSED] - Object 'Object Repository/1-OBJECTS TAREAS PRINCIPALES/Modulo Tarea Compensacion/Ejecutar Reporte Planilla/input_Ir_nav_t66_input' is clickable

2023-04-10 09:03:01 - [TEST_STEP][PASSED] - setText(findTestObject("1-OBJECTS TAREAS PRINCIPALES/Modulo Tarea Compensacion/Ejecutar Reporte Planilla/input_Ir_nav_t66_input"), "Ejecutar Reporte Planilla (com)"): Text 'Ejecutar Reporte Planilla (com)' is set on object 'Object Repository/1-OBJECTS TAREAS PRINCIPALES/Modulo Tarea Compensacion/Ejecutar Reporte Planilla/input_Ir_nav_t66_input'

2023-04-10 09:03:01 - [MESSAGE][PASSED] - Text 'Ejecutar Reporte Planilla (com)' is set on object 'Object Repository/1-OBJECTS TAREAS PRINCIPALES/Modulo Tarea Compensacion/Ejecutar Reporte Planilla/input_Ir_nav_t66_input'

2023-04-10 09:03:01 - [TEST_STEP][PASSED] - waitForElementVisible(findTestObject("1-OBJECTS TAREAS PRINCIPALES/Modulo Tarea Compensacion/Ejecutar Reporte Planilla/Ejecutar Reporte Planilla (com)"), 0): Object 'Object Repository/1-OBJECTS TAREAS PRINCIPALES/Modulo Tarea Compensacion/Ejecutar Reporte Planilla/Ejecutar Reporte Planilla (com)' is visible

2023-04-10 09:03:01 - [MESSAGE][WARNING] - Timeout '0' is invalid. Using default page load timeout: '37'

2023-04-10 09:03:03 - [MESSAGE][PASSED] - Object 'Object Repository/1-OBJECTS TAREAS PRINCIPALES/Modulo Tarea Compensacion/Ejecutar Reporte Planilla/Ejecutar Reporte Planilla (com)' is visible

2023-04-10 09:03:03 - [TEST_STEP][PASSED] - click(findTestObject("1-OBJECTS TAREAS PRINCIPALES/Modulo Tarea Compensacion/Ejecutar Reporte Planilla/Ejecutar Reporte Planilla (com)")): Object: 'Object Repository/1-OBJECTS TAREAS PRINCIPALES/Modulo Tarea Compensacion/Ejecutar Reporte Planilla/Ejecutar Reporte Planilla (com)' is clicked on

2023-04-10 09:03:04 - [MESSAGE][PASSED] - Object: 'Object Repository/1-OBJECTS TAREAS PRINCIPALES/Modulo Tarea Compensacion/Ejecutar Reporte Planilla/Ejecutar Reporte Planilla (com)' is clicked on

2023-04-10 09:03:04 - [TEST_STEP][PASSED] - waitForElementClickable(findTestObject("1-OBJECTS TAREAS PRINCIPALES/Modulo Tarea Compensacion/Ejecutar Reporte Planilla/input_Actos Administrativos_ejecutarReporte"), 0): Object 'Object Repository/1-OBJECTS TAREAS PRINCIPALES/Modulo Tarea Compensacion/Ejecutar Reporte Planilla/input_Actos Administrativos_ejecutarReporte' is clickable

2023-04-10 09:03:04 - [MESSAGE][WARNING] - Timeout '0' is invalid. Using default page load timeout: '37'

2023-04-10 09:03:04 - [MESSAGE][PASSED] - Object 'Object Repository/1-OBJECTS TAREAS PRINCIPALES/Modulo Tarea Compensacion/Ejecutar Reporte Planilla/input_Actos Administrativos_ejecutarReporte' is clickable

2023-04-10 09:03:04 - [TEST_STEP][PASSED] - setText(findTestObject("1-OBJECTS TAREAS PRINCIPALES/Modulo Tarea Compensacion/Ejecutar Reporte Planilla/input_Actos Administrativos_ejecutarReporte"), "PNP - PAGO DE NOMINA"): Text 'PNP - PAGO DE NOMINA' is set on object 'Object Repository/1-OBJECTS TAREAS PRINCIPALES/Modulo Tarea Compensacion/Ejecutar Reporte Planilla/input_Actos Administrativos_ejecutarReporte'

2023-04-10 09:03:05 - [MESSAGE][PASSED] - Text 'PNP - PAGO DE NOMINA' is set on object 'Object Repository/1-OBJECTS TAREAS PRINCIPALES/Modulo Tarea Compensacion/Ejecutar Reporte Planilla/input_Actos Administrativos_ejecutarReporte'

2023-04-10 09:03:05 - [TEST_STEP][PASSED] - click(findTestObject("1-OBJECTS TAREAS PRINCIPALES/Modulo Tarea Compensacion/Ejecutar Reporte Planilla/a_Actos Administrativos_ejecutarReportePlanillaj_idt61")): Object: 'Object Repository/1-OBJECTS TAREAS PRINCIPALES/Modulo Tarea Compensacion/Ejecutar Reporte Planilla/a_Actos Administrativos_ejecutarReportePlanillaj_idt61' is clicked on

2023-04-10 09:03:05 - [MESSAGE][PASSED] - Object: 'Object Repository/1-OBJECTS TAREAS PRINCIPALES/Modulo Tarea Compensacion/Ejecutar Reporte Planilla/a_Actos Administrativos_ejecutarReportePlanillaj_idt61' is clicked on

2023-04-10 09:03:05 - [TEST_STEP][PASSED] - click(findTestObject("1-OBJECTS TAREAS PRINCIPALES/Modulo Tarea Compensacion/Ejecutar Reporte Planilla/a_Actos Administrativos_ejecutarReportePlanillaj_idt61")): Object: 'Object Repository/1-OBJECTS TAREAS PRINCIPALES/Modulo Tarea Compensacion/Ejecutar Reporte Planilla/a_Actos Administrativos_ejecutarReportePlanillaj_idt61' is clicked on

2023-04-10 09:03:06 - [MESSAGE][PASSED] - Object: 'Object Repository/1-OBJECTS TAREAS PRINCIPALES/Modulo Tarea Compensacion/Ejecutar Reporte Planilla/a_Actos Administrativos_ejecutarReportePlanillaj_idt61' is clicked on

2023-04-10 09:03:06 - [TEST_STEP][PASSED] - waitForElementClickable(findTestObject("1-OBJECTS TAREAS PRINCIPALES/Modulo Tarea Compensacion/Ejecutar Reporte Planilla/td_CNC- CONSOLIDADO PERIODO DE NOMINA POR LINEA CCOSTO"), 0): Object 'Object Repository/1-OBJECTS TAREAS PRINCIPALES/Modulo Tarea Compensacion/Ejecutar Reporte Planilla/td_CNC- CONSOLIDADO PERIODO DE NOMINA POR LINEA CCOSTO' is clickable

2023-04-10 09:03:06 - [MESSAGE][WARNING] - Timeout '0' is invalid. Using default page load timeout: '37'

2023-04-10 09:03:07 - [MESSAGE][PASSED] - Object 'Object Repository/1-OBJECTS TAREAS PRINCIPALES/Modulo Tarea Compensacion/Ejecutar Reporte Planilla/td_CNC- CONSOLIDADO PERIODO DE NOMINA POR LINEA CCOSTO' is clickable

2023-04-10 09:03:07 - [TEST_STEP][PASSED] - click(findTestObject("1-OBJECTS TAREAS PRINCIPALES/Modulo Tarea Compensacion/Ejecutar Reporte Planilla/td_CNC- CONSOLIDADO PERIODO DE NOMINA POR LINEA CCOSTO")): Object: 'Object Repository/1-OBJECTS TAREAS PRINCIPALES/Modulo Tarea Compensacion/Ejecutar Reporte Planilla/td_CNC- CONSOLIDADO PERIODO DE NOMINA POR LINEA CCOSTO' is clicked on

2023-04-10 09:03:07 - [MESSAGE][PASSED] - Object: 'Object Repository/1-OBJECTS TAREAS PRINCIPALES/Modulo Tarea Compensacion/Ejecutar Reporte Planilla/td_CNC- CONSOLIDADO PERIODO DE NOMINA POR LINEA CCOSTO' is clicked on

2023-04-10 09:03:07 - [TEST_STEP][PASSED] - waitForElementClickable(findTestObject("1-OBJECTS TAREAS PRINCIPALES/Modulo Tarea Compensacion/Ejecutar Reporte Planilla/a_Periodo Nomina_ejecutarRepor"), 0): Object 'Object Repository/1-OBJECTS TAREAS PRINCIPALES/Modulo Tarea Compensacion/Ejecutar Reporte Planilla/a_Periodo Nomina_ejecutarRepor' is clickable

2023-04-10 09:03:07 - [MESSAGE][WARNING] - Timeout '0' is invalid. Using default page load timeout: '37'

2023-04-10 09:03:08 - [MESSAGE][PASSED] - Object 'Object Repository/1-OBJECTS TAREAS PRINCIPALES/Modulo Tarea Compensacion/Ejecutar Reporte Planilla/a_Periodo Nomina_ejecutarRepor' is clickable

2023-04-10 09:03:08 - [TEST_STEP][PASSED] - click(findTestObject("1-OBJECTS TAREAS PRINCIPALES/Modulo Tarea Compensacion/Ejecutar Reporte Planilla/a_Periodo Nomina_ejecutarRepor")): Object: 'Object Repository/1-OBJECTS TAREAS PRINCIPALES/Modulo Tarea Compensacion/Ejecutar Reporte Planilla/a_Periodo Nomina_ejecutarRepor' is clicked on

2023-04-10 09:03:08 - [MESSAGE][PASSED] - Object: 'Object Repository/1-OBJECTS TAREAS PRINCIPALES/Modulo Tarea Compensacion/Ejecutar Reporte Planilla/a_Periodo Nomina_ejecutarRepor' is clicked on

2023-04-10 09:03:08 - [TEST_STEP][PASSED] - waitForElementClickable(findTestObject("1-OBJECTS TAREAS PRINCIPALES/Modulo Tarea Compensacion/Ejecutar Reporte Planilla/select_--  Seleccione  --Periodo CerradoPeriodo en Proceso"), 0): Object 'Object Repository/1-OBJECTS TAREAS PRINCIPALES/Modulo Tarea Compensacion/Ejecutar Reporte Planilla/select_--  Seleccione  --Periodo CerradoPeriodo en Proceso' is clickable

2023-04-10 09:03:08 - [MESSAGE][WARNING] - Timeout '0' is invalid. Using default page load timeout: '37'

2023-04-10 09:03:08 - [MESSAGE][PASSED] - Object 'Object Repository/1-OBJECTS TAREAS PRINCIPALES/Modulo Tarea Compensacion/Ejecutar Reporte Planilla/select_--  Seleccione  --Periodo CerradoPeriodo en Proceso' is clickable

2023-04-10 09:03:08 - [TEST_STEP][PASSED] - selectOptionByIndex(findTestObject("1-OBJECTS TAREAS PRINCIPALES/Modulo Tarea Compensacion/Ejecutar Reporte Planilla/select_--  Seleccione  --Periodo CerradoPeriodo en Proceso"), "2", STOP_ON_FAILURE): All options with index in [2] are selected on object 'Object Repository/1-OBJECTS TAREAS PRINCIPALES/Modulo Tarea Compensacion/Ejecutar Reporte Planilla/select_--  Seleccione  --Periodo CerradoPeriodo en Proceso'

2023-04-10 09:03:09 - [MESSAGE][PASSED] - All options with index in [2] are selected on object 'Object Repository/1-OBJECTS TAREAS PRINCIPALES/Modulo Tarea Compensacion/Ejecutar Reporte Planilla/select_--  Seleccione  --Periodo CerradoPeriodo en Proceso'

2023-04-10 09:03:09 - [TEST_STEP][PASSED] - waitForElementClickable(findTestObject("1-OBJECTS TAREAS PRINCIPALES/Modulo Tarea Compensacion/Ejecutar Reporte Planilla/span_P. MensualJunio2021"), 0): Object 'Object Repository/1-OBJECTS TAREAS PRINCIPALES/Modulo Tarea Compensacion/Ejecutar Reporte Planilla/span_P. MensualJunio2021' is clickable

2023-04-10 09:03:09 - [MESSAGE][WARNING] - Timeout '0' is invalid. Using default page load timeout: '37'

2023-04-10 09:03:11 - [MESSAGE][PASSED] - Object 'Object Repository/1-OBJECTS TAREAS PRINCIPALES/Modulo Tarea Compensacion/Ejecutar Reporte Planilla/span_P. MensualJunio2021' is clickable

2023-04-10 09:03:11 - [TEST_STEP][PASSED] - click(findTestObject("1-OBJECTS TAREAS PRINCIPALES/Modulo Tarea Compensacion/Ejecutar Reporte Planilla/span_P. MensualJunio2021")): Object: 'Object Repository/1-OBJECTS TAREAS PRINCIPALES/Modulo Tarea Compensacion/Ejecutar Reporte Planilla/span_P. MensualJunio2021' is clicked on

2023-04-10 09:03:11 - [MESSAGE][PASSED] - Object: 'Object Repository/1-OBJECTS TAREAS PRINCIPALES/Modulo Tarea Compensacion/Ejecutar Reporte Planilla/span_P. MensualJunio2021' is clicked on

2023-04-10 09:03:11 - [TEST_STEP][PASSED] - click(findTestObject("1-OBJECTS TAREAS PRINCIPALES/Modulo Tarea Compensacion/Ejecutar Reporte Planilla/label_xlsData")): Object: 'Object Repository/1-OBJECTS TAREAS PRINCIPALES/Modulo Tarea Compensacion/Ejecutar Reporte Planilla/label_xlsData' is clicked on

2023-04-10 09:03:12 - [MESSAGE][PASSED] - Object: 'Object Repository/1-OBJECTS TAREAS PRINCIPALES/Modulo Tarea Compensacion/Ejecutar Reporte Planilla/label_xlsData' is clicked on

2023-04-10 09:03:12 - [TEST_STEP][PASSED] - waitForElementClickable(findTestObject("1-OBJECTS TAREAS PRINCIPALES/Modulo Tarea Compensacion/Ejecutar Reporte Planilla/a_Aplicar"), 0): Object 'Object Repository/1-OBJECTS TAREAS PRINCIPALES/Modulo Tarea Compensacion/Ejecutar Reporte Planilla/a_Aplicar' is clickable

2023-04-10 09:03:12 - [MESSAGE][WARNING] - Timeout '0' is invalid. Using default page load timeout: '37'

2023-04-10 09:03:12 - [MESSAGE][PASSED] - Object 'Object Repository/1-OBJECTS TAREAS PRINCIPALES/Modulo Tarea Compensacion/Ejecutar Reporte Planilla/a_Aplicar' is clickable

2023-04-10 09:03:12 - [TEST_STEP][PASSED] - click(findTestObject("1-OBJECTS TAREAS PRINCIPALES/Modulo Tarea Compensacion/Ejecutar Reporte Planilla/a_Aplicar")): Object: 'Object Repository/1-OBJECTS TAREAS PRINCIPALES/Modulo Tarea Compensacion/Ejecutar Reporte Planilla/a_Aplicar' is clicked on

2023-04-10 09:03:12 - [MESSAGE][PASSED] - Object: 'Object Repository/1-OBJECTS TAREAS PRINCIPALES/Modulo Tarea Compensacion/Ejecutar Reporte Planilla/a_Aplicar' is clicked on

2023-04-10 09:03:12 - [TEST_STEP][PASSED] - waitForElementClickable(findTestObject("1-OBJECTS TAREAS PRINCIPALES/Modulo Tarea Compensacion/Ejecutar Reporte Planilla/span_Reporte_glyphicons glyphicons-article"), 0): Object 'Object Repository/1-OBJECTS TAREAS PRINCIPALES/Modulo Tarea Compensacion/Ejecutar Reporte Planilla/span_Reporte_glyphicons glyphicons-article' is clickable

2023-04-10 09:03:13 - [MESSAGE][WARNING] - Timeout '0' is invalid. Using default page load timeout: '37'

2023-04-10 09:03:13 - [MESSAGE][PASSED] - Object 'Object Repository/1-OBJECTS TAREAS PRINCIPALES/Modulo Tarea Compensacion/Ejecutar Reporte Planilla/span_Reporte_glyphicons glyphicons-article' is clickable

2023-04-10 09:03:13 - [TEST_STEP][PASSED] - click(findTestObject("1-OBJECTS TAREAS PRINCIPALES/Modulo Tarea Compensacion/Ejecutar Reporte Planilla/span_Reporte_glyphicons glyphicons-article")): Object: 'Object Repository/1-OBJECTS TAREAS PRINCIPALES/Modulo Tarea Compensacion/Ejecutar Reporte Planilla/span_Reporte_glyphicons glyphicons-article' is clicked on

2023-04-10 09:03:14 - [MESSAGE][PASSED] - Object: 'Object Repository/1-OBJECTS TAREAS PRINCIPALES/Modulo Tarea Compensacion/Ejecutar Reporte Planilla/span_Reporte_glyphicons glyphicons-article' is clicked on

2023-04-10 09:03:14 - [TEST_STEP][PASSED] - click(findTestObject("1-OBJECTS TAREAS PRINCIPALES/Modulo Tarea Compensacion/Ejecutar Reporte Planilla/a_Generar Reporte")): Object: 'Object Repository/1-OBJECTS TAREAS PRINCIPALES/Modulo Tarea Compensacion/Ejecutar Reporte Planilla/a_Generar Reporte' is clicked on

2023-04-10 09:03:14 - [MESSAGE][PASSED] - Object: 'Object Repository/1-OBJECTS TAREAS PRINCIPALES/Modulo Tarea Compensacion/Ejecutar Reporte Planilla/a_Generar Reporte' is clicked on

2023-04-10 09:03:14 - [TEST_STEP][PASSED] - waitForElementClickable(findTestObject("1-OBJECTS TAREAS PRINCIPALES/Modulo Tarea Compensacion/Ejecutar Reporte Planilla/a_Descargar"), 0): Object 'Object Repository/1-OBJECTS TAREAS PRINCIPALES/Modulo Tarea Compensacion/Ejecutar Reporte Planilla/a_Descargar' is clickable

2023-04-10 09:03:14 - [MESSAGE][WARNING] - Timeout '0' is invalid. Using default page load timeout: '37'

2023-04-10 09:03:20 - [MESSAGE][PASSED] - Object 'Object Repository/1-OBJECTS TAREAS PRINCIPALES/Modulo Tarea Compensacion/Ejecutar Reporte Planilla/a_Descargar' is clickable

2023-04-10 09:03:20 - [TEST_STEP][PASSED] - click(findTestObject("1-OBJECTS TAREAS PRINCIPALES/Modulo Tarea Compensacion/Ejecutar Reporte Planilla/a_Descargar")): Object: 'Object Repository/1-OBJECTS TAREAS PRINCIPALES/Modulo Tarea Compensacion/Ejecutar Reporte Planilla/a_Descargar' is clicked on

2023-04-10 09:03:20 - [MESSAGE][PASSED] - Object: 'Object Repository/1-OBJECTS TAREAS PRINCIPALES/Modulo Tarea Compensacion/Ejecutar Reporte Planilla/a_Descargar' is clicked on

2023-04-10 09:03:20 - [TEST_STEP][PASSED] - click(findTestObject("1-OBJECTS TAREAS PRINCIPALES/Modulo Tarea Compensacion/Ejecutar Reporte Planilla/a_Periodo Nomina_Cerrar")): Object: 'Object Repository/1-OBJECTS TAREAS PRINCIPALES/Modulo Tarea Compensacion/Ejecutar Reporte Planilla/a_Periodo Nomina_Cerrar' is clicked on

2023-04-10 09:03:20 - [MESSAGE][PASSED] - Object: 'Object Repository/1-OBJECTS TAREAS PRINCIPALES/Modulo Tarea Compensacion/Ejecutar Reporte Planilla/a_Periodo Nomina_Cerrar' is clicked on

2023-04-10 09:03:20 - [TEST_STEP][PASSED] - click(findTestObject("1-OBJECTS TAREAS PRINCIPALES/Modulo Tarea Compensacion/Ejecutar Reporte Planilla/label_pdf")): Object: 'Object Repository/1-OBJECTS TAREAS PRINCIPALES/Modulo Tarea Compensacion/Ejecutar Reporte Planilla/label_pdf' is clicked on

2023-04-10 09:03:21 - [MESSAGE][PASSED] - Object: 'Object Repository/1-OBJECTS TAREAS PRINCIPALES/Modulo Tarea Compensacion/Ejecutar Reporte Planilla/label_pdf' is clicked on

2023-04-10 09:03:21 - [TEST_STEP][PASSED] - waitForElementClickable(findTestObject("1-OBJECTS TAREAS PRINCIPALES/Modulo Tarea Compensacion/Ejecutar Reporte Planilla/a_Aplicar"), 0): Object 'Object Repository/1-OBJECTS TAREAS PRINCIPALES/Modulo Tarea Compensacion/Ejecutar Reporte Planilla/a_Aplicar' is clickable

2023-04-10 09:03:21 - [MESSAGE][WARNING] - Timeout '0' is invalid. Using default page load timeout: '37'

2023-04-10 09:03:21 - [MESSAGE][PASSED] - Object 'Object Repository/1-OBJECTS TAREAS PRINCIPALES/Modulo Tarea Compensacion/Ejecutar Reporte Planilla/a_Aplicar' is clickable

2023-04-10 09:03:21 - [TEST_STEP][PASSED] - click(findTestObject("1-OBJECTS TAREAS PRINCIPALES/Modulo Tarea Compensacion/Ejecutar Reporte Planilla/a_Aplicar")): Object: 'Object Repository/1-OBJECTS TAREAS PRINCIPALES/Modulo Tarea Compensacion/Ejecutar Reporte Planilla/a_Aplicar' is clicked on

2023-04-10 09:03:22 - [MESSAGE][PASSED] - Object: 'Object Repository/1-OBJECTS TAREAS PRINCIPALES/Modulo Tarea Compensacion/Ejecutar Reporte Planilla/a_Aplicar' is clicked on

2023-04-10 09:03:22 - [TEST_STEP][PASSED] - waitForElementClickable(findTestObject("1-OBJECTS TAREAS PRINCIPALES/Modulo Tarea Compensacion/Ejecutar Reporte Planilla/span_Reporte_glyphicons glyphicons-article"), 0): Object 'Object Repository/1-OBJECTS TAREAS PRINCIPALES/Modulo Tarea Compensacion/Ejecutar Reporte Planilla/span_Reporte_glyphicons glyphicons-article' is clickable

2023-04-10 09:03:22 - [MESSAGE][WARNING] - Timeout '0' is invalid. Using default page load timeout: '37'

2023-04-10 09:03:22 - [MESSAGE][PASSED] - Object 'Object Repository/1-OBJECTS TAREAS PRINCIPALES/Modulo Tarea Compensacion/Ejecutar Reporte Planilla/span_Reporte_glyphicons glyphicons-article' is clickable

2023-04-10 09:03:22 - [TEST_STEP][PASSED] - click(findTestObject("1-OBJECTS TAREAS PRINCIPALES/Modulo Tarea Compensacion/Ejecutar Reporte Planilla/span_Reporte_glyphicons glyphicons-article")): Object: 'Object Repository/1-OBJECTS TAREAS PRINCIPALES/Modulo Tarea Compensacion/Ejecutar Reporte Planilla/span_Reporte_glyphicons glyphicons-article' is clicked on

2023-04-10 09:03:23 - [MESSAGE][PASSED] - Object: 'Object Repository/1-OBJECTS TAREAS PRINCIPALES/Modulo Tarea Compensacion/Ejecutar Reporte Planilla/span_Reporte_glyphicons glyphicons-article' is clicked on

2023-04-10 09:03:23 - [TEST_STEP][PASSED] - click(findTestObject("1-OBJECTS TAREAS PRINCIPALES/Modulo Tarea Compensacion/Ejecutar Reporte Planilla/a_Generar Reporte")): Object: 'Object Repository/1-OBJECTS TAREAS PRINCIPALES/Modulo Tarea Compensacion/Ejecutar Reporte Planilla/a_Generar Reporte' is clicked on

2023-04-10 09:03:23 - [MESSAGE][PASSED] - Object: 'Object Repository/1-OBJECTS TAREAS PRINCIPALES/Modulo Tarea Compensacion/Ejecutar Reporte Planilla/a_Generar Reporte' is clicked on

2023-04-10 09:03:23 - [TEST_STEP][PASSED] - waitForElementClickable(findTestObject("1-OBJECTS TAREAS PRINCIPALES/Modulo Tarea Compensacion/Ejecutar Reporte Planilla/a_Descargar"), 0): Object 'Object Repository/1-OBJECTS TAREAS PRINCIPALES/Modulo Tarea Compensacion/Ejecutar Reporte Planilla/a_Descargar' is clickable

2023-04-10 09:03:23 - [MESSAGE][WARNING] - Timeout '0' is invalid. Using default page load timeout: '37'

2023-04-10 09:03:28 - [MESSAGE][PASSED] - Object 'Object Repository/1-OBJECTS TAREAS PRINCIPALES/Modulo Tarea Compensacion/Ejecutar Reporte Planilla/a_Descargar' is clickable

2023-04-10 09:03:28 - [TEST_STEP][PASSED] - click(findTestObject("1-OBJECTS TAREAS PRINCIPALES/Modulo Tarea Compensacion/Ejecutar Reporte Planilla/a_Descargar")): Object: 'Object Repository/1-OBJECTS TAREAS PRINCIPALES/Modulo Tarea Compensacion/Ejecutar Reporte Planilla/a_Descargar' is clicked on

2023-04-10 09:03:28 - [MESSAGE][PASSED] - Object: 'Object Repository/1-OBJECTS TAREAS PRINCIPALES/Modulo Tarea Compensacion/Ejecutar Reporte Planilla/a_Descargar' is clicked on

2023-04-10 09:03:28 - [TEST_STEP][PASSED] - switchToWindowTitle("SARA", STOP_ON_FAILURE): Switched to window with title: 'SARA'

2023-04-10 09:03:29 - [MESSAGE][PASSED] - Switched to window with title: 'SARA'

2023-04-10 09:03:29 - [TEST_STEP][PASSED] - click(findTestObject("1-OBJECTS TAREAS PRINCIPALES/Modulo Tarea Compensacion/Ejecutar Reporte Planilla/a_Periodo Nomina_Cerrar")): Object: 'Object Repository/1-OBJECTS TAREAS PRINCIPALES/Modulo Tarea Compensacion/Ejecutar Reporte Planilla/a_Periodo Nomina_Cerrar' is clicked on

2023-04-10 09:03:29 - [MESSAGE][PASSED] - Object: 'Object Repository/1-OBJECTS TAREAS PRINCIPALES/Modulo Tarea Compensacion/Ejecutar Reporte Planilla/a_Periodo Nomina_Cerrar' is clicked on

2023-04-10 09:03:29 - [TEST_STEP][PASSED] - waitForElementClickable(findTestObject("1-OBJECTS TAREAS PRINCIPALES/Modulo Tarea Compensacion/Ejecutar Reporte Planilla/input_Actos Administrativos_ejecutarReporte"), 0): Object 'Object Repository/1-OBJECTS TAREAS PRINCIPALES/Modulo Tarea Compensacion/Ejecutar Reporte Planilla/input_Actos Administrativos_ejecutarReporte' is clickable

2023-04-10 09:03:29 - [MESSAGE][WARNING] - Timeout '0' is invalid. Using default page load timeout: '37'

2023-04-10 09:03:29 - [MESSAGE][PASSED] - Object 'Object Repository/1-OBJECTS TAREAS PRINCIPALES/Modulo Tarea Compensacion/Ejecutar Reporte Planilla/input_Actos Administrativos_ejecutarReporte' is clickable

2023-04-10 09:03:29 - [TEST_STEP][PASSED] - setText(findTestObject("1-OBJECTS TAREAS PRINCIPALES/Modulo Tarea Compensacion/Ejecutar Reporte Planilla/input_Actos Administrativos_ejecutarReporte"), "CNC- CONSOLIDADO PERIODO DE NOMINA POR LINEA/CCOSTO"): Text 'CNC- CONSOLIDADO PERIODO DE NOMINA POR LINEA/CCOSTO' is set on object 'Object Repository/1-OBJECTS TAREAS PRINCIPALES/Modulo Tarea Compensacion/Ejecutar Reporte Planilla/input_Actos Administrativos_ejecutarReporte'

2023-04-10 09:03:31 - [MESSAGE][PASSED] - Text 'CNC- CONSOLIDADO PERIODO DE NOMINA POR LINEA/CCOSTO' is set on object 'Object Repository/1-OBJECTS TAREAS PRINCIPALES/Modulo Tarea Compensacion/Ejecutar Reporte Planilla/input_Actos Administrativos_ejecutarReporte'

2023-04-10 09:03:31 - [TEST_STEP][PASSED] - click(findTestObject("1-OBJECTS TAREAS PRINCIPALES/Modulo Tarea Compensacion/Ejecutar Reporte Planilla/a_Actos Administrativos_ejecutarReportePlanillaj_idt61"), STOP_ON_FAILURE): Object: 'Object Repository/1-OBJECTS TAREAS PRINCIPALES/Modulo Tarea Compensacion/Ejecutar Reporte Planilla/a_Actos Administrativos_ejecutarReportePlanillaj_idt61' is clicked on

2023-04-10 09:03:31 - [MESSAGE][PASSED] - Object: 'Object Repository/1-OBJECTS TAREAS PRINCIPALES/Modulo Tarea Compensacion/Ejecutar Reporte Planilla/a_Actos Administrativos_ejecutarReportePlanillaj_idt61' is clicked on

2023-04-10 09:03:31 - [TEST_STEP][PASSED] - click(findTestObject("1-OBJECTS TAREAS PRINCIPALES/Modulo Tarea Compensacion/Ejecutar Reporte Planilla/a_Actos Administrativos_ejecutarReportePlanillaj_idt61"), STOP_ON_FAILURE): Object: 'Object Repository/1-OBJECTS TAREAS PRINCIPALES/Modulo Tarea Compensacion/Ejecutar Reporte Planilla/a_Actos Administrativos_ejecutarReportePlanillaj_idt61' is clicked on

2023-04-10 09:03:31 - [MESSAGE][PASSED] - Object: 'Object Repository/1-OBJECTS TAREAS PRINCIPALES/Modulo Tarea Compensacion/Ejecutar Reporte Planilla/a_Actos Administrativos_ejecutarReportePlanillaj_idt61' is clicked on

2023-04-10 09:03:31 - [TEST_STEP][PASSED] - waitForElementClickable(findTestObject("1-OBJECTS TAREAS PRINCIPALES/Modulo Tarea Compensacion/Ejecutar Reporte Planilla/td_CNC- CONSOLIDADO PERIODO DE NOMINA POR LINEA CCOSTO"), 0): Object 'Object Repository/1-OBJECTS TAREAS PRINCIPALES/Modulo Tarea Compensacion/Ejecutar Reporte Planilla/td_CNC- CONSOLIDADO PERIODO DE NOMINA POR LINEA CCOSTO' is clickable

2023-04-10 09:03:32 - [MESSAGE][WARNING] - Timeout '0' is invalid. Using default page load timeout: '37'

2023-04-10 09:03:32 - [MESSAGE][PASSED] - Object 'Object Repository/1-OBJECTS TAREAS PRINCIPALES/Modulo Tarea Compensacion/Ejecutar Reporte Planilla/td_CNC- CONSOLIDADO PERIODO DE NOMINA POR LINEA CCOSTO' is clickable

2023-04-10 09:03:32 - [TEST_STEP][PASSED] - click(findTestObject("1-OBJECTS TAREAS PRINCIPALES/Modulo Tarea Compensacion/Ejecutar Reporte Planilla/td_CNC- CONSOLIDADO PERIODO DE NOMINA POR LINEA CCOSTO")): Object: 'Object Repository/1-OBJECTS TAREAS PRINCIPALES/Modulo Tarea Compensacion/Ejecutar Reporte Planilla/td_CNC- CONSOLIDADO PERIODO DE NOMINA POR LINEA CCOSTO' is clicked on

2023-04-10 09:03:33 - [MESSAGE][PASSED] - Object: 'Object Repository/1-OBJECTS TAREAS PRINCIPALES/Modulo Tarea Compensacion/Ejecutar Reporte Planilla/td_CNC- CONSOLIDADO PERIODO DE NOMINA POR LINEA CCOSTO' is clicked on

2023-04-10 09:03:33 - [TEST_STEP][PASSED] - waitForElementClickable(findTestObject("1-OBJECTS TAREAS PRINCIPALES/Modulo Tarea Compensacion/Ejecutar Reporte Planilla/a_Periodo Nomina_ejecutarRepor"), 0): Object 'Object Repository/1-OBJECTS TAREAS PRINCIPALES/Modulo Tarea Compensacion/Ejecutar Reporte Planilla/a_Periodo Nomina_ejecutarRepor' is clickable

2023-04-10 09:03:33 - [MESSAGE][WARNING] - Timeout '0' is invalid. Using default page load timeout: '37'

2023-04-10 09:03:33 - [MESSAGE][PASSED] - Object 'Object Repository/1-OBJECTS TAREAS PRINCIPALES/Modulo Tarea Compensacion/Ejecutar Reporte Planilla/a_Periodo Nomina_ejecutarRepor' is clickable

2023-04-10 09:03:33 - [TEST_STEP][PASSED] - click(findTestObject("1-OBJECTS TAREAS PRINCIPALES/Modulo Tarea Compensacion/Ejecutar Reporte Planilla/a_Periodo Nomina_ejecutarRepor")): Object: 'Object Repository/1-OBJECTS TAREAS PRINCIPALES/Modulo Tarea Compensacion/Ejecutar Reporte Planilla/a_Periodo Nomina_ejecutarRepor' is clicked on

2023-04-10 09:03:34 - [MESSAGE][PASSED] - Object: 'Object Repository/1-OBJECTS TAREAS PRINCIPALES/Modulo Tarea Compensacion/Ejecutar Reporte Planilla/a_Periodo Nomina_ejecutarRepor' is clicked on

2023-04-10 09:03:34 - [TEST_STEP][PASSED] - waitForElementClickable(findTestObject("1-OBJECTS TAREAS PRINCIPALES/Modulo Tarea Compensacion/Ejecutar Reporte Planilla/select_--  Seleccione  --Periodo CerradoPeriodo en Proceso"), 0): Object 'Object Repository/1-OBJECTS TAREAS PRINCIPALES/Modulo Tarea Compensacion/Ejecutar Reporte Planilla/select_--  Seleccione  --Periodo CerradoPeriodo en Proceso' is clickable

2023-04-10 09:03:34 - [MESSAGE][WARNING] - Timeout '0' is invalid. Using default page load timeout: '37'

2023-04-10 09:03:34 - [MESSAGE][PASSED] - Object 'Object Repository/1-OBJECTS TAREAS PRINCIPALES/Modulo Tarea Compensacion/Ejecutar Reporte Planilla/select_--  Seleccione  --Periodo CerradoPeriodo en Proceso' is clickable

2023-04-10 09:03:34 - [TEST_STEP][PASSED] - selectOptionByIndex(findTestObject("1-OBJECTS TAREAS PRINCIPALES/Modulo Tarea Compensacion/Ejecutar Reporte Planilla/select_--  Seleccione  --Periodo CerradoPeriodo en Proceso"), "2", STOP_ON_FAILURE): All options with index in [2] are selected on object 'Object Repository/1-OBJECTS TAREAS PRINCIPALES/Modulo Tarea Compensacion/Ejecutar Reporte Planilla/select_--  Seleccione  --Periodo CerradoPeriodo en Proceso'

2023-04-10 09:03:36 - [MESSAGE][PASSED] - All options with index in [2] are selected on object 'Object Repository/1-OBJECTS TAREAS PRINCIPALES/Modulo Tarea Compensacion/Ejecutar Reporte Planilla/select_--  Seleccione  --Periodo CerradoPeriodo en Proceso'

2023-04-10 09:03:36 - [TEST_STEP][PASSED] - waitForElementClickable(findTestObject("1-OBJECTS TAREAS PRINCIPALES/Modulo Tarea Compensacion/Ejecutar Reporte Planilla/span_P. MensualJunio2021"), 0): Object 'Object Repository/1-OBJECTS TAREAS PRINCIPALES/Modulo Tarea Compensacion/Ejecutar Reporte Planilla/span_P. MensualJunio2021' is clickable

2023-04-10 09:03:36 - [MESSAGE][WARNING] - Timeout '0' is invalid. Using default page load timeout: '37'

2023-04-10 09:03:36 - [MESSAGE][PASSED] - Object 'Object Repository/1-OBJECTS TAREAS PRINCIPALES/Modulo Tarea Compensacion/Ejecutar Reporte Planilla/span_P. MensualJunio2021' is clickable

2023-04-10 09:03:36 - [TEST_STEP][PASSED] - click(findTestObject("1-OBJECTS TAREAS PRINCIPALES/Modulo Tarea Compensacion/Ejecutar Reporte Planilla/span_P. MensualJunio2021")): Object: 'Object Repository/1-OBJECTS TAREAS PRINCIPALES/Modulo Tarea Compensacion/Ejecutar Reporte Planilla/span_P. MensualJunio2021' is clicked on

2023-04-10 09:03:37 - [MESSAGE][PASSED] - Object: 'Object Repository/1-OBJECTS TAREAS PRINCIPALES/Modulo Tarea Compensacion/Ejecutar Reporte Planilla/span_P. MensualJunio2021' is clicked on

2023-04-10 09:03:37 - [TEST_STEP][PASSED] - click(findTestObject("1-OBJECTS TAREAS PRINCIPALES/Modulo Tarea Compensacion/Ejecutar Reporte Planilla/label_xlsData")): Object: 'Object Repository/1-OBJECTS TAREAS PRINCIPALES/Modulo Tarea Compensacion/Ejecutar Reporte Planilla/label_xlsData' is clicked on

2023-04-10 09:03:37 - [MESSAGE][PASSED] - Object: 'Object Repository/1-OBJECTS TAREAS PRINCIPALES/Modulo Tarea Compensacion/Ejecutar Reporte Planilla/label_xlsData' is clicked on

2023-04-10 09:03:37 - [TEST_STEP][PASSED] - click(findTestObject("1-OBJECTS TAREAS PRINCIPALES/Modulo Tarea Compensacion/Ejecutar Reporte Planilla/a_Aplicar")): Object: 'Object Repository/1-OBJECTS TAREAS PRINCIPALES/Modulo Tarea Compensacion/Ejecutar Reporte Planilla/a_Aplicar' is clicked on

2023-04-10 09:03:38 - [MESSAGE][PASSED] - Object: 'Object Repository/1-OBJECTS TAREAS PRINCIPALES/Modulo Tarea Compensacion/Ejecutar Reporte Planilla/a_Aplicar' is clicked on

2023-04-10 09:03:38 - [TEST_STEP][PASSED] - waitForElementClickable(findTestObject("1-OBJECTS TAREAS PRINCIPALES/Modulo Tarea Compensacion/Ejecutar Reporte Planilla/span_Reporte_glyphicons glyphicons-article"), 0): Object 'Object Repository/1-OBJECTS TAREAS PRINCIPALES/Modulo Tarea Compensacion/Ejecutar Reporte Planilla/span_Reporte_glyphicons glyphicons-article' is clickable

2023-04-10 09:03:38 - [MESSAGE][WARNING] - Timeout '0' is invalid. Using default page load timeout: '37'

2023-04-10 09:03:39 - [MESSAGE][PASSED] - Object 'Object Repository/1-OBJECTS TAREAS PRINCIPALES/Modulo Tarea Compensacion/Ejecutar Reporte Planilla/span_Reporte_glyphicons glyphicons-article' is clickable

2023-04-10 09:03:39 - [TEST_STEP][PASSED] - click(findTestObject("1-OBJECTS TAREAS PRINCIPALES/Modulo Tarea Compensacion/Ejecutar Reporte Planilla/span_Reporte_glyphicons glyphicons-article")): Object: 'Object Repository/1-OBJECTS TAREAS PRINCIPALES/Modulo Tarea Compensacion/Ejecutar Reporte Planilla/span_Reporte_glyphicons glyphicons-article' is clicked on

2023-04-10 09:03:39 - [MESSAGE][PASSED] - Object: 'Object Repository/1-OBJECTS TAREAS PRINCIPALES/Modulo Tarea Compensacion/Ejecutar Reporte Planilla/span_Reporte_glyphicons glyphicons-article' is clicked on

2023-04-10 09:03:39 - [TEST_STEP][PASSED] - click(findTestObject("1-OBJECTS TAREAS PRINCIPALES/Modulo Tarea Compensacion/Ejecutar Reporte Planilla/a_Generar Reporte")): Object: 'Object Repository/1-OBJECTS TAREAS PRINCIPALES/Modulo Tarea Compensacion/Ejecutar Reporte Planilla/a_Generar Reporte' is clicked on

2023-04-10 09:03:40 - [MESSAGE][PASSED] - Object: 'Object Repository/1-OBJECTS TAREAS PRINCIPALES/Modulo Tarea Compensacion/Ejecutar Reporte Planilla/a_Generar Reporte' is clicked on

2023-04-10 09:03:40 - [TEST_STEP][PASSED] - waitForElementClickable(findTestObject("1-OBJECTS TAREAS PRINCIPALES/Modulo Tarea Compensacion/Ejecutar Reporte Planilla/a_Descargar"), 0): Object 'Object Repository/1-OBJECTS TAREAS PRINCIPALES/Modulo Tarea Compensacion/Ejecutar Reporte Planilla/a_Descargar' is clickable

2023-04-10 09:03:40 - [MESSAGE][WARNING] - Timeout '0' is invalid. Using default page load timeout: '37'

2023-04-10 09:03:43 - [MESSAGE][PASSED] - Object 'Object Repository/1-OBJECTS TAREAS PRINCIPALES/Modulo Tarea Compensacion/Ejecutar Reporte Planilla/a_Descargar' is clickable

2023-04-10 09:03:43 - [TEST_STEP][PASSED] - click(findTestObject("1-OBJECTS TAREAS PRINCIPALES/Modulo Tarea Compensacion/Ejecutar Reporte Planilla/a_Descargar")): Object: 'Object Repository/1-OBJECTS TAREAS PRINCIPALES/Modulo Tarea Compensacion/Ejecutar Reporte Planilla/a_Descargar' is clicked on

2023-04-10 09:03:43 - [MESSAGE][PASSED] - Object: 'Object Repository/1-OBJECTS TAREAS PRINCIPALES/Modulo Tarea Compensacion/Ejecutar Reporte Planilla/a_Descargar' is clicked on

2023-04-10 09:03:43 - [TEST_STEP][PASSED] - click(findTestObject("1-OBJECTS TAREAS PRINCIPALES/Modulo Tarea Compensacion/Ejecutar Reporte Planilla/a_Periodo Nomina_Cerrar")): Object: 'Object Repository/1-OBJECTS TAREAS PRINCIPALES/Modulo Tarea Compensacion/Ejecutar Reporte Planilla/a_Periodo Nomina_Cerrar' is clicked on

2023-04-10 09:03:44 - [MESSAGE][PASSED] - Object: 'Object Repository/1-OBJECTS TAREAS PRINCIPALES/Modulo Tarea Compensacion/Ejecutar Reporte Planilla/a_Periodo Nomina_Cerrar' is clicked on

2023-04-10 09:03:44 - [TEST_STEP][PASSED] - click(findTestObject("1-OBJECTS TAREAS PRINCIPALES/Modulo Tarea Compensacion/Ejecutar Reporte Planilla/label_pdf")): Object: 'Object Repository/1-OBJECTS TAREAS PRINCIPALES/Modulo Tarea Compensacion/Ejecutar Reporte Planilla/label_pdf' is clicked on

2023-04-10 09:03:44 - [MESSAGE][PASSED] - Object: 'Object Repository/1-OBJECTS TAREAS PRINCIPALES/Modulo Tarea Compensacion/Ejecutar Reporte Planilla/label_pdf' is clicked on

2023-04-10 09:03:44 - [TEST_STEP][PASSED] - waitForElementClickable(findTestObject("1-OBJECTS TAREAS PRINCIPALES/Modulo Tarea Compensacion/Ejecutar Reporte Planilla/a_Aplicar"), 0): Object 'Object Repository/1-OBJECTS TAREAS PRINCIPALES/Modulo Tarea Compensacion/Ejecutar Reporte Planilla/a_Aplicar' is clickable

2023-04-10 09:03:44 - [MESSAGE][WARNING] - Timeout '0' is invalid. Using default page load timeout: '37'

2023-04-10 09:03:45 - [MESSAGE][PASSED] - Object 'Object Repository/1-OBJECTS TAREAS PRINCIPALES/Modulo Tarea Compensacion/Ejecutar Reporte Planilla/a_Aplicar' is clickable

2023-04-10 09:03:45 - [TEST_STEP][PASSED] - click(findTestObject("1-OBJECTS TAREAS PRINCIPALES/Modulo Tarea Compensacion/Ejecutar Reporte Planilla/a_Aplicar")): Object: 'Object Repository/1-OBJECTS TAREAS PRINCIPALES/Modulo Tarea Compensacion/Ejecutar Reporte Planilla/a_Aplicar' is clicked on

2023-04-10 09:03:45 - [MESSAGE][PASSED] - Object: 'Object Repository/1-OBJECTS TAREAS PRINCIPALES/Modulo Tarea Compensacion/Ejecutar Reporte Planilla/a_Aplicar' is clicked on

2023-04-10 09:03:45 - [TEST_STEP][PASSED] - waitForElementClickable(findTestObject("1-OBJECTS TAREAS PRINCIPALES/Modulo Tarea Compensacion/Ejecutar Reporte Planilla/span_Reporte_glyphicons glyphicons-article"), 0): Object 'Object Repository/1-OBJECTS TAREAS PRINCIPALES/Modulo Tarea Compensacion/Ejecutar Reporte Planilla/span_Reporte_glyphicons glyphicons-article' is clickable

2023-04-10 09:03:45 - [MESSAGE][WARNING] - Timeout '0' is invalid. Using default page load timeout: '37'

2023-04-10 09:03:46 - [MESSAGE][PASSED] - Object 'Object Repository/1-OBJECTS TAREAS PRINCIPALES/Modulo Tarea Compensacion/Ejecutar Reporte Planilla/span_Reporte_glyphicons glyphicons-article' is clickable

2023-04-10 09:03:46 - [TEST_STEP][PASSED] - click(findTestObject("1-OBJECTS TAREAS PRINCIPALES/Modulo Tarea Compensacion/Ejecutar Reporte Planilla/span_Reporte_glyphicons glyphicons-article")): Object: 'Object Repository/1-OBJECTS TAREAS PRINCIPALES/Modulo Tarea Compensacion/Ejecutar Reporte Planilla/span_Reporte_glyphicons glyphicons-article' is clicked on

2023-04-10 09:03:46 - [MESSAGE][PASSED] - Object: 'Object Repository/1-OBJECTS TAREAS PRINCIPALES/Modulo Tarea Compensacion/Ejecutar Reporte Planilla/span_Reporte_glyphicons glyphicons-article' is clicked on

2023-04-10 09:03:46 - [TEST_STEP][PASSED] - click(findTestObject("1-OBJECTS TAREAS PRINCIPALES/Modulo Tarea Compensacion/Ejecutar Reporte Planilla/a_Generar Reporte")): Object: 'Object Repository/1-OBJECTS TAREAS PRINCIPALES/Modulo Tarea Compensacion/Ejecutar Reporte Planilla/a_Generar Reporte' is clicked on

2023-04-10 09:03:47 - [MESSAGE][PASSED] - Object: 'Object Repository/1-OBJECTS TAREAS PRINCIPALES/Modulo Tarea Compensacion/Ejecutar Reporte Planilla/a_Generar Reporte' is clicked on

2023-04-10 09:03:47 - [TEST_STEP][PASSED] - waitForElementClickable(findTestObject("1-OBJECTS TAREAS PRINCIPALES/Modulo Tarea Compensacion/Ejecutar Reporte Planilla/a_Descargar"), 0): Object 'Object Repository/1-OBJECTS TAREAS PRINCIPALES/Modulo Tarea Compensacion/Ejecutar Reporte Planilla/a_Descargar' is clickable

2023-04-10 09:03:47 - [MESSAGE][WARNING] - Timeout '0' is invalid. Using default page load timeout: '37'

2023-04-10 09:03:49 - [MESSAGE][PASSED] - Object 'Object Repository/1-OBJECTS TAREAS PRINCIPALES/Modulo Tarea Compensacion/Ejecutar Reporte Planilla/a_Descargar' is clickable

2023-04-10 09:03:49 - [TEST_STEP][PASSED] - click(findTestObject("1-OBJECTS TAREAS PRINCIPALES/Modulo Tarea Compensacion/Ejecutar Reporte Planilla/a_Descargar")): Object: 'Object Repository/1-OBJECTS TAREAS PRINCIPALES/Modulo Tarea Compensacion/Ejecutar Reporte Planilla/a_Descargar' is clicked on

2023-04-10 09:03:49 - [MESSAGE][PASSED] - Object: 'Object Repository/1-OBJECTS TAREAS PRINCIPALES/Modulo Tarea Compensacion/Ejecutar Reporte Planilla/a_Descargar' is clicked on

2023-04-10 09:03:49 - [TEST_STEP][PASSED] - click(findTestObject("1-OBJECTS TAREAS PRINCIPALES/Modulo Tarea Compensacion/Ejecutar Reporte Planilla/a_Periodo Nomina_Cerrar")): Object: 'Object Repository/1-OBJECTS TAREAS PRINCIPALES/Modulo Tarea Compensacion/Ejecutar Reporte Planilla/a_Periodo Nomina_Cerrar' is clicked on

2023-04-10 09:03:50 - [MESSAGE][PASSED] - Object: 'Object Repository/1-OBJECTS TAREAS PRINCIPALES/Modulo Tarea Compensacion/Ejecutar Reporte Planilla/a_Periodo Nomina_Cerrar' is clicked on

2023-04-10 09:03:50 - [TEST_STEP][PASSED] - waitForElementClickable(findTestObject("1-OBJECTS TAREAS PRINCIPALES/Modulo Tarea Compensacion/Ejecutar Reporte Planilla/input_Actos Administrativos_ejecutarReporte"), 0): Object 'Object Repository/1-OBJECTS TAREAS PRINCIPALES/Modulo Tarea Compensacion/Ejecutar Reporte Planilla/input_Actos Administrativos_ejecutarReporte' is clickable

2023-04-10 09:03:50 - [MESSAGE][WARNING] - Timeout '0' is invalid. Using default page load timeout: '37'

2023-04-10 09:03:50 - [MESSAGE][PASSED] - Object 'Object Repository/1-OBJECTS TAREAS PRINCIPALES/Modulo Tarea Compensacion/Ejecutar Reporte Planilla/input_Actos Administrativos_ejecutarReporte' is clickable

2023-04-10 09:03:50 - [TEST_STEP][PASSED] - setText(findTestObject("1-OBJECTS TAREAS PRINCIPALES/Modulo Tarea Compensacion/Ejecutar Reporte Planilla/input_Actos Administrativos_ejecutarReporte"), "RECO"): Text 'RECO' is set on object 'Object Repository/1-OBJECTS TAREAS PRINCIPALES/Modulo Tarea Compensacion/Ejecutar Reporte Planilla/input_Actos Administrativos_ejecutarReporte'

2023-04-10 09:03:51 - [MESSAGE][PASSED] - Text 'RECO' is set on object 'Object Repository/1-OBJECTS TAREAS PRINCIPALES/Modulo Tarea Compensacion/Ejecutar Reporte Planilla/input_Actos Administrativos_ejecutarReporte'

2023-04-10 09:03:51 - [TEST_STEP][PASSED] - click(findTestObject("1-OBJECTS TAREAS PRINCIPALES/Modulo Tarea Compensacion/Ejecutar Reporte Planilla/a_Actos Administrativos_ejecutarReportePlanillaj_idt61"), STOP_ON_FAILURE): Object: 'Object Repository/1-OBJECTS TAREAS PRINCIPALES/Modulo Tarea Compensacion/Ejecutar Reporte Planilla/a_Actos Administrativos_ejecutarReportePlanillaj_idt61' is clicked on

2023-04-10 09:03:51 - [MESSAGE][PASSED] - Object: 'Object Repository/1-OBJECTS TAREAS PRINCIPALES/Modulo Tarea Compensacion/Ejecutar Reporte Planilla/a_Actos Administrativos_ejecutarReportePlanillaj_idt61' is clicked on

2023-04-10 09:03:51 - [TEST_STEP][PASSED] - click(findTestObject("1-OBJECTS TAREAS PRINCIPALES/Modulo Tarea Compensacion/Ejecutar Reporte Planilla/a_Actos Administrativos_ejecutarReportePlanillaj_idt61"), STOP_ON_FAILURE): Object: 'Object Repository/1-OBJECTS TAREAS PRINCIPALES/Modulo Tarea Compensacion/Ejecutar Reporte Planilla/a_Actos Administrativos_ejecutarReportePlanillaj_idt61' is clicked on

2023-04-10 09:03:52 - [MESSAGE][PASSED] - Object: 'Object Repository/1-OBJECTS TAREAS PRINCIPALES/Modulo Tarea Compensacion/Ejecutar Reporte Planilla/a_Actos Administrativos_ejecutarReportePlanillaj_idt61' is clicked on

2023-04-10 09:03:52 - [TEST_STEP][PASSED] - waitForElementClickable(findTestObject("1-OBJECTS TAREAS PRINCIPALES/Modulo Tarea Compensacion/Ejecutar Reporte Planilla/td_CNC- CONSOLIDADO PERIODO DE NOMINA POR LINEA CCOSTO"), 0): Object 'Object Repository/1-OBJECTS TAREAS PRINCIPALES/Modulo Tarea Compensacion/Ejecutar Reporte Planilla/td_CNC- CONSOLIDADO PERIODO DE NOMINA POR LINEA CCOSTO' is clickable

2023-04-10 09:03:52 - [MESSAGE][WARNING] - Timeout '0' is invalid. Using default page load timeout: '37'

2023-04-10 09:03:53 - [MESSAGE][PASSED] - Object 'Object Repository/1-OBJECTS TAREAS PRINCIPALES/Modulo Tarea Compensacion/Ejecutar Reporte Planilla/td_CNC- CONSOLIDADO PERIODO DE NOMINA POR LINEA CCOSTO' is clickable

2023-04-10 09:03:53 - [TEST_STEP][PASSED] - click(findTestObject("1-OBJECTS TAREAS PRINCIPALES/Modulo Tarea Compensacion/Ejecutar Reporte Planilla/td_CNC- CONSOLIDADO PERIODO DE NOMINA POR LINEA CCOSTO")): Object: 'Object Repository/1-OBJECTS TAREAS PRINCIPALES/Modulo Tarea Compensacion/Ejecutar Reporte Planilla/td_CNC- CONSOLIDADO PERIODO DE NOMINA POR LINEA CCOSTO' is clicked on

2023-04-10 09:03:53 - [MESSAGE][PASSED] - Object: 'Object Repository/1-OBJECTS TAREAS PRINCIPALES/Modulo Tarea Compensacion/Ejecutar Reporte Planilla/td_CNC- CONSOLIDADO PERIODO DE NOMINA POR LINEA CCOSTO' is clicked on

2023-04-10 09:03:53 - [TEST_STEP][PASSED] - waitForElementClickable(findTestObject("1-OBJECTS TAREAS PRINCIPALES/Modulo Tarea Compensacion/Ejecutar Reporte Planilla/a_Periodo Nomina_ejecutarRepor"), 0): Object 'Object Repository/1-OBJECTS TAREAS PRINCIPALES/Modulo Tarea Compensacion/Ejecutar Reporte Planilla/a_Periodo Nomina_ejecutarRepor' is clickable

2023-04-10 09:03:53 - [MESSAGE][WARNING] - Timeout '0' is invalid. Using default page load timeout: '37'

2023-04-10 09:03:54 - [MESSAGE][PASSED] - Object 'Object Repository/1-OBJECTS TAREAS PRINCIPALES/Modulo Tarea Compensacion/Ejecutar Reporte Planilla/a_Periodo Nomina_ejecutarRepor' is clickable

2023-04-10 09:03:54 - [TEST_STEP][PASSED] - click(findTestObject("1-OBJECTS TAREAS PRINCIPALES/Modulo Tarea Compensacion/Ejecutar Reporte Planilla/a_Periodo Nomina_ejecutarRepor")): Object: 'Object Repository/1-OBJECTS TAREAS PRINCIPALES/Modulo Tarea Compensacion/Ejecutar Reporte Planilla/a_Periodo Nomina_ejecutarRepor' is clicked on

2023-04-10 09:03:54 - [MESSAGE][PASSED] - Object: 'Object Repository/1-OBJECTS TAREAS PRINCIPALES/Modulo Tarea Compensacion/Ejecutar Reporte Planilla/a_Periodo Nomina_ejecutarRepor' is clicked on

2023-04-10 09:03:54 - [TEST_STEP][PASSED] - waitForElementClickable(findTestObject("1-OBJECTS TAREAS PRINCIPALES/Modulo Tarea Compensacion/Ejecutar Reporte Planilla/select_--  Seleccione  --Periodo CerradoPeriodo en Proceso"), 0): Object 'Object Repository/1-OBJECTS TAREAS PRINCIPALES/Modulo Tarea Compensacion/Ejecutar Reporte Planilla/select_--  Seleccione  --Periodo CerradoPeriodo en Proceso' is clickable

2023-04-10 09:03:54 - [MESSAGE][WARNING] - Timeout '0' is invalid. Using default page load timeout: '37'

2023-04-10 09:03:54 - [MESSAGE][PASSED] - Object 'Object Repository/1-OBJECTS TAREAS PRINCIPALES/Modulo Tarea Compensacion/Ejecutar Reporte Planilla/select_--  Seleccione  --Periodo CerradoPeriodo en Proceso' is clickable

2023-04-10 09:03:54 - [TEST_STEP][PASSED] - selectOptionByIndex(findTestObject("1-OBJECTS TAREAS PRINCIPALES/Modulo Tarea Compensacion/Ejecutar Reporte Planilla/select_--  Seleccione  --Periodo CerradoPeriodo en Proceso"), "2", STOP_ON_FAILURE): All options with index in [2] are selected on object 'Object Repository/1-OBJECTS TAREAS PRINCIPALES/Modulo Tarea Compensacion/Ejecutar Reporte Planilla/select_--  Seleccione  --Periodo CerradoPeriodo en Proceso'

2023-04-10 09:03:56 - [MESSAGE][PASSED] - All options with index in [2] are selected on object 'Object Repository/1-OBJECTS TAREAS PRINCIPALES/Modulo Tarea Compensacion/Ejecutar Reporte Planilla/select_--  Seleccione  --Periodo CerradoPeriodo en Proceso'

2023-04-10 09:03:56 - [TEST_STEP][PASSED] - waitForElementClickable(findTestObject("1-OBJECTS TAREAS PRINCIPALES/Modulo Tarea Compensacion/Ejecutar Reporte Planilla/span_P. MensualJunio2021"), 0): Object 'Object Repository/1-OBJECTS TAREAS PRINCIPALES/Modulo Tarea Compensacion/Ejecutar Reporte Planilla/span_P. MensualJunio2021' is clickable

2023-04-10 09:03:56 - [MESSAGE][WARNING] - Timeout '0' is invalid. Using default page load timeout: '37'

2023-04-10 09:03:56 - [MESSAGE][PASSED] - Object 'Object Repository/1-OBJECTS TAREAS PRINCIPALES/Modulo Tarea Compensacion/Ejecutar Reporte Planilla/span_P. MensualJunio2021' is clickable

2023-04-10 09:03:56 - [TEST_STEP][PASSED] - click(findTestObject("1-OBJECTS TAREAS PRINCIPALES/Modulo Tarea Compensacion/Ejecutar Reporte Planilla/span_P. MensualJunio2021")): Object: 'Object Repository/1-OBJECTS TAREAS PRINCIPALES/Modulo Tarea Compensacion/Ejecutar Reporte Planilla/span_P. MensualJunio2021' is clicked on

2023-04-10 09:03:57 - [MESSAGE][PASSED] - Object: 'Object Repository/1-OBJECTS TAREAS PRINCIPALES/Modulo Tarea Compensacion/Ejecutar Reporte Planilla/span_P. MensualJunio2021' is clicked on

2023-04-10 09:03:57 - [TEST_STEP][PASSED] - click(findTestObject("1-OBJECTS TAREAS PRINCIPALES/Modulo Tarea Compensacion/Ejecutar Reporte Planilla/label_xlsData")): Object: 'Object Repository/1-OBJECTS TAREAS PRINCIPALES/Modulo Tarea Compensacion/Ejecutar Reporte Planilla/label_xlsData' is clicked on

2023-04-10 09:03:57 - [MESSAGE][PASSED] - Object: 'Object Repository/1-OBJECTS TAREAS PRINCIPALES/Modulo Tarea Compensacion/Ejecutar Reporte Planilla/label_xlsData' is clicked on

2023-04-10 09:03:57 - [TEST_STEP][PASSED] - click(findTestObject("1-OBJECTS TAREAS PRINCIPALES/Modulo Tarea Compensacion/Ejecutar Reporte Planilla/a_Aplicar")): Object: 'Object Repository/1-OBJECTS TAREAS PRINCIPALES/Modulo Tarea Compensacion/Ejecutar Reporte Planilla/a_Aplicar' is clicked on

2023-04-10 09:03:58 - [MESSAGE][PASSED] - Object: 'Object Repository/1-OBJECTS TAREAS PRINCIPALES/Modulo Tarea Compensacion/Ejecutar Reporte Planilla/a_Aplicar' is clicked on

2023-04-10 09:03:58 - [TEST_STEP][PASSED] - waitForElementClickable(findTestObject("1-OBJECTS TAREAS PRINCIPALES/Modulo Tarea Compensacion/Ejecutar Reporte Planilla/span_Reporte_glyphicons glyphicons-article"), 0): Object 'Object Repository/1-OBJECTS TAREAS PRINCIPALES/Modulo Tarea Compensacion/Ejecutar Reporte Planilla/span_Reporte_glyphicons glyphicons-article' is clickable

2023-04-10 09:03:58 - [MESSAGE][WARNING] - Timeout '0' is invalid. Using default page load timeout: '37'

2023-04-10 09:03:58 - [MESSAGE][PASSED] - Object 'Object Repository/1-OBJECTS TAREAS PRINCIPALES/Modulo Tarea Compensacion/Ejecutar Reporte Planilla/span_Reporte_glyphicons glyphicons-article' is clickable

2023-04-10 09:03:58 - [TEST_STEP][PASSED] - click(findTestObject("1-OBJECTS TAREAS PRINCIPALES/Modulo Tarea Compensacion/Ejecutar Reporte Planilla/span_Reporte_glyphicons glyphicons-article")): Object: 'Object Repository/1-OBJECTS TAREAS PRINCIPALES/Modulo Tarea Compensacion/Ejecutar Reporte Planilla/span_Reporte_glyphicons glyphicons-article' is clicked on

2023-04-10 09:03:59 - [MESSAGE][PASSED] - Object: 'Object Repository/1-OBJECTS TAREAS PRINCIPALES/Modulo Tarea Compensacion/Ejecutar Reporte Planilla/span_Reporte_glyphicons glyphicons-article' is clicked on

2023-04-10 09:03:59 - [TEST_STEP][PASSED] - click(findTestObject("1-OBJECTS TAREAS PRINCIPALES/Modulo Tarea Compensacion/Ejecutar Reporte Planilla/a_Generar Reporte")): Object: 'Object Repository/1-OBJECTS TAREAS PRINCIPALES/Modulo Tarea Compensacion/Ejecutar Reporte Planilla/a_Generar Reporte' is clicked on

2023-04-10 09:04:00 - [MESSAGE][PASSED] - Object: 'Object Repository/1-OBJECTS TAREAS PRINCIPALES/Modulo Tarea Compensacion/Ejecutar Reporte Planilla/a_Generar Reporte' is clicked on

2023-04-10 09:04:00 - [TEST_STEP][PASSED] - waitForElementClickable(findTestObject("1-OBJECTS TAREAS PRINCIPALES/Modulo Tarea Compensacion/Ejecutar Reporte Planilla/a_Descargar"), 0): Object 'Object Repository/1-OBJECTS TAREAS PRINCIPALES/Modulo Tarea Compensacion/Ejecutar Reporte Planilla/a_Descargar' is clickable

2023-04-10 09:04:00 - [MESSAGE][WARNING] - Timeout '0' is invalid. Using default page load timeout: '37'

2023-04-10 09:04:01 - [MESSAGE][PASSED] - Object 'Object Repository/1-OBJECTS TAREAS PRINCIPALES/Modulo Tarea Compensacion/Ejecutar Reporte Planilla/a_Descargar' is clickable

2023-04-10 09:04:01 - [TEST_STEP][PASSED] - click(findTestObject("1-OBJECTS TAREAS PRINCIPALES/Modulo Tarea Compensacion/Ejecutar Reporte Planilla/a_Descargar")): Object: 'Object Repository/1-OBJECTS TAREAS PRINCIPALES/Modulo Tarea Compensacion/Ejecutar Reporte Planilla/a_Descargar' is clicked on

2023-04-10 09:04:01 - [MESSAGE][PASSED] - Object: 'Object Repository/1-OBJECTS TAREAS PRINCIPALES/Modulo Tarea Compensacion/Ejecutar Reporte Planilla/a_Descargar' is clicked on

2023-04-10 09:04:01 - [TEST_STEP][PASSED] - click(findTestObject("1-OBJECTS TAREAS PRINCIPALES/Modulo Tarea Compensacion/Ejecutar Reporte Planilla/a_Periodo Nomina_Cerrar")): Object: 'Object Repository/1-OBJECTS TAREAS PRINCIPALES/Modulo Tarea Compensacion/Ejecutar Reporte Planilla/a_Periodo Nomina_Cerrar' is clicked on

2023-04-10 09:04:02 - [MESSAGE][PASSED] - Object: 'Object Repository/1-OBJECTS TAREAS PRINCIPALES/Modulo Tarea Compensacion/Ejecutar Reporte Planilla/a_Periodo Nomina_Cerrar' is clicked on

2023-04-10 09:04:02 - [TEST_STEP][PASSED] - click(findTestObject("1-OBJECTS TAREAS PRINCIPALES/Modulo Tarea Compensacion/Ejecutar Reporte Planilla/label_pdf")): Object: 'Object Repository/1-OBJECTS TAREAS PRINCIPALES/Modulo Tarea Compensacion/Ejecutar Reporte Planilla/label_pdf' is clicked on

2023-04-10 09:04:02 - [MESSAGE][PASSED] - Object: 'Object Repository/1-OBJECTS TAREAS PRINCIPALES/Modulo Tarea Compensacion/Ejecutar Reporte Planilla/label_pdf' is clicked on

2023-04-10 09:04:02 - [TEST_STEP][PASSED] - waitForElementClickable(findTestObject("1-OBJECTS TAREAS PRINCIPALES/Modulo Tarea Compensacion/Ejecutar Reporte Planilla/a_Aplicar"), 0): Object 'Object Repository/1-OBJECTS TAREAS PRINCIPALES/Modulo Tarea Compensacion/Ejecutar Reporte Planilla/a_Aplicar' is clickable

2023-04-10 09:04:02 - [MESSAGE][WARNING] - Timeout '0' is invalid. Using default page load timeout: '37'

2023-04-10 09:04:03 - [MESSAGE][PASSED] - Object 'Object Repository/1-OBJECTS TAREAS PRINCIPALES/Modulo Tarea Compensacion/Ejecutar Reporte Planilla/a_Aplicar' is clickable

2023-04-10 09:04:03 - [TEST_STEP][PASSED] - click(findTestObject("1-OBJECTS TAREAS PRINCIPALES/Modulo Tarea Compensacion/Ejecutar Reporte Planilla/a_Aplicar")): Object: 'Object Repository/1-OBJECTS TAREAS PRINCIPALES/Modulo Tarea Compensacion/Ejecutar Reporte Planilla/a_Aplicar' is clicked on

2023-04-10 09:04:03 - [MESSAGE][PASSED] - Object: 'Object Repository/1-OBJECTS TAREAS PRINCIPALES/Modulo Tarea Compensacion/Ejecutar Reporte Planilla/a_Aplicar' is clicked on

2023-04-10 09:04:03 - [TEST_STEP][PASSED] - waitForElementClickable(findTestObject("1-OBJECTS TAREAS PRINCIPALES/Modulo Tarea Compensacion/Ejecutar Reporte Planilla/span_Reporte_glyphicons glyphicons-article"), 0): Object 'Object Repository/1-OBJECTS TAREAS PRINCIPALES/Modulo Tarea Compensacion/Ejecutar Reporte Planilla/span_Reporte_glyphicons glyphicons-article' is clickable

2023-04-10 09:04:03 - [MESSAGE][WARNING] - Timeout '0' is invalid. Using default page load timeout: '37'

2023-04-10 09:04:04 - [MESSAGE][PASSED] - Object 'Object Repository/1-OBJECTS TAREAS PRINCIPALES/Modulo Tarea Compensacion/Ejecutar Reporte Planilla/span_Reporte_glyphicons glyphicons-article' is clickable

2023-04-10 09:04:04 - [TEST_STEP][PASSED] - click(findTestObject("1-OBJECTS TAREAS PRINCIPALES/Modulo Tarea Compensacion/Ejecutar Reporte Planilla/span_Reporte_glyphicons glyphicons-article")): Object: 'Object Repository/1-OBJECTS TAREAS PRINCIPALES/Modulo Tarea Compensacion/Ejecutar Reporte Planilla/span_Reporte_glyphicons glyphicons-article' is clicked on

2023-04-10 09:04:04 - [MESSAGE][PASSED] - Object: 'Object Repository/1-OBJECTS TAREAS PRINCIPALES/Modulo Tarea Compensacion/Ejecutar Reporte Planilla/span_Reporte_glyphicons glyphicons-article' is clicked on

2023-04-10 09:04:04 - [TEST_STEP][PASSED] - click(findTestObject("1-OBJECTS TAREAS PRINCIPALES/Modulo Tarea Compensacion/Ejecutar Reporte Planilla/a_Generar Reporte")): Object: 'Object Repository/1-OBJECTS TAREAS PRINCIPALES/Modulo Tarea Compensacion/Ejecutar Reporte Planilla/a_Generar Reporte' is clicked on

2023-04-10 09:04:05 - [MESSAGE][PASSED] - Object: 'Object Repository/1-OBJECTS TAREAS PRINCIPALES/Modulo Tarea Compensacion/Ejecutar Reporte Planilla/a_Generar Reporte' is clicked on

2023-04-10 09:04:05 - [TEST_STEP][PASSED] - waitForElementClickable(findTestObject("1-OBJECTS TAREAS PRINCIPALES/Modulo Tarea Compensacion/Ejecutar Reporte Planilla/a_Descargar"), 0): Object 'Object Repository/1-OBJECTS TAREAS PRINCIPALES/Modulo Tarea Compensacion/Ejecutar Reporte Planilla/a_Descargar' is clickable

2023-04-10 09:04:05 - [MESSAGE][WARNING] - Timeout '0' is invalid. Using default page load timeout: '37'

2023-04-10 09:04:06 - [MESSAGE][PASSED] - Object 'Object Repository/1-OBJECTS TAREAS PRINCIPALES/Modulo Tarea Compensacion/Ejecutar Reporte Planilla/a_Descargar' is clickable

2023-04-10 09:04:06 - [TEST_STEP][PASSED] - click(findTestObject("1-OBJECTS TAREAS PRINCIPALES/Modulo Tarea Compensacion/Ejecutar Reporte Planilla/a_Descargar")): Object: 'Object Repository/1-OBJECTS TAREAS PRINCIPALES/Modulo Tarea Compensacion/Ejecutar Reporte Planilla/a_Descargar' is clicked on

2023-04-10 09:04:06 - [MESSAGE][PASSED] - Object: 'Object Repository/1-OBJECTS TAREAS PRINCIPALES/Modulo Tarea Compensacion/Ejecutar Reporte Planilla/a_Descargar' is clicked on

2023-04-10 09:04:06 - [TEST_STEP][PASSED] - click(findTestObject("1-OBJECTS TAREAS PRINCIPALES/Modulo Tarea Compensacion/Ejecutar Reporte Planilla/a_Periodo Nomina_Cerrar")): Object: 'Object Repository/1-OBJECTS TAREAS PRINCIPALES/Modulo Tarea Compensacion/Ejecutar Reporte Planilla/a_Periodo Nomina_Cerrar' is clicked on

2023-04-10 09:04:07 - [MESSAGE][PASSED] - Object: 'Object Repository/1-OBJECTS TAREAS PRINCIPALES/Modulo Tarea Compensacion/Ejecutar Reporte Planilla/a_Periodo Nomina_Cerrar' is clicked on

2023-04-10 09:04:07 - [TEST_STEP][PASSED] - waitForElementClickable(findTestObject("1-OBJECTS TAREAS PRINCIPALES/Modulo Tarea Compensacion/Ejecutar Reporte Planilla/input_Actos Administrativos_ejecutarReporte"), 0): Object 'Object Repository/1-OBJECTS TAREAS PRINCIPALES/Modulo Tarea Compensacion/Ejecutar Reporte Planilla/input_Actos Administrativos_ejecutarReporte' is clickable

2023-04-10 09:04:07 - [MESSAGE][WARNING] - Timeout '0' is invalid. Using default page load timeout: '37'

2023-04-10 09:04:07 - [MESSAGE][PASSED] - Object 'Object Repository/1-OBJECTS TAREAS PRINCIPALES/Modulo Tarea Compensacion/Ejecutar Reporte Planilla/input_Actos Administrativos_ejecutarReporte' is clickable

2023-04-10 09:04:07 - [TEST_STEP][PASSED] - setText(findTestObject("1-OBJECTS TAREAS PRINCIPALES/Modulo Tarea Compensacion/Ejecutar Reporte Planilla/input_Actos Administrativos_ejecutarReporte"), "PPN - REPORTE PLANILLA NOMINA"): Text 'PPN - REPORTE PLANILLA NOMINA' is set on object 'Object Repository/1-OBJECTS TAREAS PRINCIPALES/Modulo Tarea Compensacion/Ejecutar Reporte Planilla/input_Actos Administrativos_ejecutarReporte'

2023-04-10 09:04:08 - [MESSAGE][PASSED] - Text 'PPN - REPORTE PLANILLA NOMINA' is set on object 'Object Repository/1-OBJECTS TAREAS PRINCIPALES/Modulo Tarea Compensacion/Ejecutar Reporte Planilla/input_Actos Administrativos_ejecutarReporte'

2023-04-10 09:04:08 - [TEST_STEP][PASSED] - click(findTestObject("1-OBJECTS TAREAS PRINCIPALES/Modulo Tarea Compensacion/Ejecutar Reporte Planilla/a_Actos Administrativos_ejecutarReportePlanillaj_idt61")): Object: 'Object Repository/1-OBJECTS TAREAS PRINCIPALES/Modulo Tarea Compensacion/Ejecutar Reporte Planilla/a_Actos Administrativos_ejecutarReportePlanillaj_idt61' is clicked on

2023-04-10 09:04:09 - [MESSAGE][PASSED] - Object: 'Object Repository/1-OBJECTS TAREAS PRINCIPALES/Modulo Tarea Compensacion/Ejecutar Reporte Planilla/a_Actos Administrativos_ejecutarReportePlanillaj_idt61' is clicked on

2023-04-10 09:04:09 - [TEST_STEP][PASSED] - click(findTestObject("1-OBJECTS TAREAS PRINCIPALES/Modulo Tarea Compensacion/Ejecutar Reporte Planilla/a_Actos Administrativos_ejecutarReportePlanillaj_idt61")): Object: 'Object Repository/1-OBJECTS TAREAS PRINCIPALES/Modulo Tarea Compensacion/Ejecutar Reporte Planilla/a_Actos Administrativos_ejecutarReportePlanillaj_idt61' is clicked on

2023-04-10 09:04:09 - [MESSAGE][PASSED] - Object: 'Object Repository/1-OBJECTS TAREAS PRINCIPALES/Modulo Tarea Compensacion/Ejecutar Reporte Planilla/a_Actos Administrativos_ejecutarReportePlanillaj_idt61' is clicked on

2023-04-10 09:04:09 - [TEST_STEP][PASSED] - waitForElementClickable(findTestObject("1-OBJECTS TAREAS PRINCIPALES/Modulo Tarea Compensacion/Ejecutar Reporte Planilla/td_CNC- CONSOLIDADO PERIODO DE NOMINA POR LINEA CCOSTO"), 0): Object 'Object Repository/1-OBJECTS TAREAS PRINCIPALES/Modulo Tarea Compensacion/Ejecutar Reporte Planilla/td_CNC- CONSOLIDADO PERIODO DE NOMINA POR LINEA CCOSTO' is clickable

2023-04-10 09:04:09 - [MESSAGE][WARNING] - Timeout '0' is invalid. Using default page load timeout: '37'

2023-04-10 09:04:10 - [MESSAGE][PASSED] - Object 'Object Repository/1-OBJECTS TAREAS PRINCIPALES/Modulo Tarea Compensacion/Ejecutar Reporte Planilla/td_CNC- CONSOLIDADO PERIODO DE NOMINA POR LINEA CCOSTO' is clickable

2023-04-10 09:04:10 - [TEST_STEP][PASSED] - click(findTestObject("1-OBJECTS TAREAS PRINCIPALES/Modulo Tarea Compensacion/Ejecutar Reporte Planilla/td_CNC- CONSOLIDADO PERIODO DE NOMINA POR LINEA CCOSTO")): Object: 'Object Repository/1-OBJECTS TAREAS PRINCIPALES/Modulo Tarea Compensacion/Ejecutar Reporte Planilla/td_CNC- CONSOLIDADO PERIODO DE NOMINA POR LINEA CCOSTO' is clicked on

2023-04-10 09:04:11 - [MESSAGE][PASSED] - Object: 'Object Repository/1-OBJECTS TAREAS PRINCIPALES/Modulo Tarea Compensacion/Ejecutar Reporte Planilla/td_CNC- CONSOLIDADO PERIODO DE NOMINA POR LINEA CCOSTO' is clicked on

2023-04-10 09:04:11 - [TEST_STEP][PASSED] - waitForElementClickable(findTestObject("1-OBJECTS TAREAS PRINCIPALES/Modulo Tarea Compensacion/Ejecutar Reporte Planilla/a_Periodo Nomina_ejecutarRepor"), 0): Object 'Object Repository/1-OBJECTS TAREAS PRINCIPALES/Modulo Tarea Compensacion/Ejecutar Reporte Planilla/a_Periodo Nomina_ejecutarRepor' is clickable

2023-04-10 09:04:11 - [MESSAGE][WARNING] - Timeout '0' is invalid. Using default page load timeout: '37'

2023-04-10 09:04:12 - [MESSAGE][PASSED] - Object 'Object Repository/1-OBJECTS TAREAS PRINCIPALES/Modulo Tarea Compensacion/Ejecutar Reporte Planilla/a_Periodo Nomina_ejecutarRepor' is clickable

2023-04-10 09:04:12 - [TEST_STEP][PASSED] - click(findTestObject("1-OBJECTS TAREAS PRINCIPALES/Modulo Tarea Compensacion/Ejecutar Reporte Planilla/a_Periodo Nomina_ejecutarRepor")): Object: 'Object Repository/1-OBJECTS TAREAS PRINCIPALES/Modulo Tarea Compensacion/Ejecutar Reporte Planilla/a_Periodo Nomina_ejecutarRepor' is clicked on

2023-04-10 09:04:12 - [MESSAGE][PASSED] - Object: 'Object Repository/1-OBJECTS TAREAS PRINCIPALES/Modulo Tarea Compensacion/Ejecutar Reporte Planilla/a_Periodo Nomina_ejecutarRepor' is clicked on

2023-04-10 09:04:12 - [TEST_STEP][PASSED] - waitForElementClickable(findTestObject("1-OBJECTS TAREAS PRINCIPALES/Modulo Tarea Compensacion/Ejecutar Reporte Planilla/select_--  Seleccione  --Periodo CerradoPeriodo en Proceso"), 0): Object 'Object Repository/1-OBJECTS TAREAS PRINCIPALES/Modulo Tarea Compensacion/Ejecutar Reporte Planilla/select_--  Seleccione  --Periodo CerradoPeriodo en Proceso' is clickable

2023-04-10 09:04:12 - [MESSAGE][WARNING] - Timeout '0' is invalid. Using default page load timeout: '37'

2023-04-10 09:04:13 - [MESSAGE][PASSED] - Object 'Object Repository/1-OBJECTS TAREAS PRINCIPALES/Modulo Tarea Compensacion/Ejecutar Reporte Planilla/select_--  Seleccione  --Periodo CerradoPeriodo en Proceso' is clickable

2023-04-10 09:04:13 - [TEST_STEP][PASSED] - selectOptionByIndex(findTestObject("1-OBJECTS TAREAS PRINCIPALES/Modulo Tarea Compensacion/Ejecutar Reporte Planilla/select_--  Seleccione  --Periodo CerradoPeriodo en Proceso"), "2", STOP_ON_FAILURE): All options with index in [2] are selected on object 'Object Repository/1-OBJECTS TAREAS PRINCIPALES/Modulo Tarea Compensacion/Ejecutar Reporte Planilla/select_--  Seleccione  --Periodo CerradoPeriodo en Proceso'

2023-04-10 09:04:14 - [MESSAGE][PASSED] - All options with index in [2] are selected on object 'Object Repository/1-OBJECTS TAREAS PRINCIPALES/Modulo Tarea Compensacion/Ejecutar Reporte Planilla/select_--  Seleccione  --Periodo CerradoPeriodo en Proceso'

2023-04-10 09:04:14 - [TEST_STEP][PASSED] - waitForElementClickable(findTestObject("1-OBJECTS TAREAS PRINCIPALES/Modulo Tarea Compensacion/Ejecutar Reporte Planilla/span_P. MensualJunio2021"), 0): Object 'Object Repository/1-OBJECTS TAREAS PRINCIPALES/Modulo Tarea Compensacion/Ejecutar Reporte Planilla/span_P. MensualJunio2021' is clickable

2023-04-10 09:04:14 - [MESSAGE][WARNING] - Timeout '0' is invalid. Using default page load timeout: '37'

2023-04-10 09:04:14 - [MESSAGE][PASSED] - Object 'Object Repository/1-OBJECTS TAREAS PRINCIPALES/Modulo Tarea Compensacion/Ejecutar Reporte Planilla/span_P. MensualJunio2021' is clickable

2023-04-10 09:04:14 - [TEST_STEP][PASSED] - click(findTestObject("1-OBJECTS TAREAS PRINCIPALES/Modulo Tarea Compensacion/Ejecutar Reporte Planilla/span_P. MensualJunio2021")): Object: 'Object Repository/1-OBJECTS TAREAS PRINCIPALES/Modulo Tarea Compensacion/Ejecutar Reporte Planilla/span_P. MensualJunio2021' is clicked on

2023-04-10 09:04:15 - [MESSAGE][PASSED] - Object: 'Object Repository/1-OBJECTS TAREAS PRINCIPALES/Modulo Tarea Compensacion/Ejecutar Reporte Planilla/span_P. MensualJunio2021' is clicked on

2023-04-10 09:04:15 - [TEST_STEP][PASSED] - waitForElementClickable(findTestObject("1-OBJECTS TAREAS PRINCIPALES/Modulo Tarea Compensacion/Ejecutar Reporte Planilla/select_SeleccioneTodosFuera de Nmina"), 0): Object 'Object Repository/1-OBJECTS TAREAS PRINCIPALES/Modulo Tarea Compensacion/Ejecutar Reporte Planilla/select_SeleccioneTodosFuera de Nmina' is clickable

2023-04-10 09:04:15 - [MESSAGE][WARNING] - Timeout '0' is invalid. Using default page load timeout: '37'

2023-04-10 09:04:15 - [MESSAGE][PASSED] - Object 'Object Repository/1-OBJECTS TAREAS PRINCIPALES/Modulo Tarea Compensacion/Ejecutar Reporte Planilla/select_SeleccioneTodosFuera de Nmina' is clickable

2023-04-10 09:04:15 - [TEST_STEP][PASSED] - selectOptionByIndex(findTestObject("1-OBJECTS TAREAS PRINCIPALES/Modulo Tarea Compensacion/Ejecutar Reporte Planilla/select_SeleccioneTodosFuera de Nmina"), "1"): All options with index in [1] are selected on object 'Object Repository/1-OBJECTS TAREAS PRINCIPALES/Modulo Tarea Compensacion/Ejecutar Reporte Planilla/select_SeleccioneTodosFuera de Nmina'

2023-04-10 09:04:17 - [MESSAGE][PASSED] - All options with index in [1] are selected on object 'Object Repository/1-OBJECTS TAREAS PRINCIPALES/Modulo Tarea Compensacion/Ejecutar Reporte Planilla/select_SeleccioneTodosFuera de Nmina'

2023-04-10 09:04:17 - [TEST_STEP][PASSED] - click(findTestObject("1-OBJECTS TAREAS PRINCIPALES/Modulo Tarea Compensacion/Ejecutar Reporte Planilla/label_xlsData")): Object: 'Object Repository/1-OBJECTS TAREAS PRINCIPALES/Modulo Tarea Compensacion/Ejecutar Reporte Planilla/label_xlsData' is clicked on

2023-04-10 09:04:17 - [MESSAGE][PASSED] - Object: 'Object Repository/1-OBJECTS TAREAS PRINCIPALES/Modulo Tarea Compensacion/Ejecutar Reporte Planilla/label_xlsData' is clicked on

2023-04-10 09:04:17 - [TEST_STEP][PASSED] - click(findTestObject("1-OBJECTS TAREAS PRINCIPALES/Modulo Tarea Compensacion/Ejecutar Reporte Planilla/a_Aplicar")): Object: 'Object Repository/1-OBJECTS TAREAS PRINCIPALES/Modulo Tarea Compensacion/Ejecutar Reporte Planilla/a_Aplicar' is clicked on

2023-04-10 09:04:17 - [MESSAGE][PASSED] - Object: 'Object Repository/1-OBJECTS TAREAS PRINCIPALES/Modulo Tarea Compensacion/Ejecutar Reporte Planilla/a_Aplicar' is clicked on

2023-04-10 09:04:17 - [TEST_STEP][PASSED] - waitForElementClickable(findTestObject("1-OBJECTS TAREAS PRINCIPALES/Modulo Tarea Compensacion/Ejecutar Reporte Planilla/span_Reporte_glyphicons glyphicons-article"), 0): Object 'Object Repository/1-OBJECTS TAREAS PRINCIPALES/Modulo Tarea Compensacion/Ejecutar Reporte Planilla/span_Reporte_glyphicons glyphicons-article' is clickable

2023-04-10 09:04:17 - [MESSAGE][WARNING] - Timeout '0' is invalid. Using default page load timeout: '37'

2023-04-10 09:04:18 - [MESSAGE][PASSED] - Object 'Object Repository/1-OBJECTS TAREAS PRINCIPALES/Modulo Tarea Compensacion/Ejecutar Reporte Planilla/span_Reporte_glyphicons glyphicons-article' is clickable

2023-04-10 09:04:18 - [TEST_STEP][PASSED] - click(findTestObject("1-OBJECTS TAREAS PRINCIPALES/Modulo Tarea Compensacion/Ejecutar Reporte Planilla/span_Reporte_glyphicons glyphicons-article")): Object: 'Object Repository/1-OBJECTS TAREAS PRINCIPALES/Modulo Tarea Compensacion/Ejecutar Reporte Planilla/span_Reporte_glyphicons glyphicons-article' is clicked on

2023-04-10 09:04:19 - [MESSAGE][PASSED] - Object: 'Object Repository/1-OBJECTS TAREAS PRINCIPALES/Modulo Tarea Compensacion/Ejecutar Reporte Planilla/span_Reporte_glyphicons glyphicons-article' is clicked on

2023-04-10 09:04:19 - [TEST_STEP][PASSED] - click(findTestObject("1-OBJECTS TAREAS PRINCIPALES/Modulo Tarea Compensacion/Ejecutar Reporte Planilla/a_Generar Reporte")): Object: 'Object Repository/1-OBJECTS TAREAS PRINCIPALES/Modulo Tarea Compensacion/Ejecutar Reporte Planilla/a_Generar Reporte' is clicked on

2023-04-10 09:04:19 - [MESSAGE][PASSED] - Object: 'Object Repository/1-OBJECTS TAREAS PRINCIPALES/Modulo Tarea Compensacion/Ejecutar Reporte Planilla/a_Generar Reporte' is clicked on

2023-04-10 09:04:19 - [TEST_STEP][PASSED] - waitForElementClickable(findTestObject("1-OBJECTS TAREAS PRINCIPALES/Modulo Tarea Compensacion/Ejecutar Reporte Planilla/a_Descargar"), 0): Object 'Object Repository/1-OBJECTS TAREAS PRINCIPALES/Modulo Tarea Compensacion/Ejecutar Reporte Planilla/a_Descargar' is clickable

2023-04-10 09:04:19 - [MESSAGE][WARNING] - Timeout '0' is invalid. Using default page load timeout: '37'

2023-04-10 09:04:22 - [MESSAGE][PASSED] - Object 'Object Repository/1-OBJECTS TAREAS PRINCIPALES/Modulo Tarea Compensacion/Ejecutar Reporte Planilla/a_Descargar' is clickable

2023-04-10 09:04:22 - [TEST_STEP][PASSED] - click(findTestObject("1-OBJECTS TAREAS PRINCIPALES/Modulo Tarea Compensacion/Ejecutar Reporte Planilla/a_Descargar")): Object: 'Object Repository/1-OBJECTS TAREAS PRINCIPALES/Modulo Tarea Compensacion/Ejecutar Reporte Planilla/a_Descargar' is clicked on

2023-04-10 09:04:23 - [MESSAGE][PASSED] - Object: 'Object Repository/1-OBJECTS TAREAS PRINCIPALES/Modulo Tarea Compensacion/Ejecutar Reporte Planilla/a_Descargar' is clicked on

2023-04-10 09:04:23 - [TEST_STEP][PASSED] - click(findTestObject("1-OBJECTS TAREAS PRINCIPALES/Modulo Tarea Compensacion/Ejecutar Reporte Planilla/a_Periodo Nomina_Cerrar")): Object: 'Object Repository/1-OBJECTS TAREAS PRINCIPALES/Modulo Tarea Compensacion/Ejecutar Reporte Planilla/a_Periodo Nomina_Cerrar' is clicked on

2023-04-10 09:04:23 - [MESSAGE][PASSED] - Object: 'Object Repository/1-OBJECTS TAREAS PRINCIPALES/Modulo Tarea Compensacion/Ejecutar Reporte Planilla/a_Periodo Nomina_Cerrar' is clicked on

2023-04-10 09:04:23 - [TEST_STEP][PASSED] - click(findTestObject("1-OBJECTS TAREAS PRINCIPALES/Modulo Tarea Compensacion/Ejecutar Reporte Planilla/label_pdf")): Object: 'Object Repository/1-OBJECTS TAREAS PRINCIPALES/Modulo Tarea Compensacion/Ejecutar Reporte Planilla/label_pdf' is clicked on

2023-04-10 09:04:24 - [MESSAGE][PASSED] - Object: 'Object Repository/1-OBJECTS TAREAS PRINCIPALES/Modulo Tarea Compensacion/Ejecutar Reporte Planilla/label_pdf' is clicked on

2023-04-10 09:04:24 - [TEST_STEP][PASSED] - waitForElementClickable(findTestObject("1-OBJECTS TAREAS PRINCIPALES/Modulo Tarea Compensacion/Ejecutar Reporte Planilla/a_Aplicar"), 0): Object 'Object Repository/1-OBJECTS TAREAS PRINCIPALES/Modulo Tarea Compensacion/Ejecutar Reporte Planilla/a_Aplicar' is clickable

2023-04-10 09:04:24 - [MESSAGE][WARNING] - Timeout '0' is invalid. Using default page load timeout: '37'

2023-04-10 09:04:24 - [MESSAGE][PASSED] - Object 'Object Repository/1-OBJECTS TAREAS PRINCIPALES/Modulo Tarea Compensacion/Ejecutar Reporte Planilla/a_Aplicar' is clickable

2023-04-10 09:04:24 - [TEST_STEP][PASSED] - click(findTestObject("1-OBJECTS TAREAS PRINCIPALES/Modulo Tarea Compensacion/Ejecutar Reporte Planilla/a_Aplicar")): Object: 'Object Repository/1-OBJECTS TAREAS PRINCIPALES/Modulo Tarea Compensacion/Ejecutar Reporte Planilla/a_Aplicar' is clicked on

2023-04-10 09:04:25 - [MESSAGE][PASSED] - Object: 'Object Repository/1-OBJECTS TAREAS PRINCIPALES/Modulo Tarea Compensacion/Ejecutar Reporte Planilla/a_Aplicar' is clicked on

2023-04-10 09:04:25 - [TEST_STEP][PASSED] - waitForElementClickable(findTestObject("1-OBJECTS TAREAS PRINCIPALES/Modulo Tarea Compensacion/Ejecutar Reporte Planilla/span_Reporte_glyphicons glyphicons-article"), 0): Object 'Object Repository/1-OBJECTS TAREAS PRINCIPALES/Modulo Tarea Compensacion/Ejecutar Reporte Planilla/span_Reporte_glyphicons glyphicons-article' is clickable

2023-04-10 09:04:25 - [MESSAGE][WARNING] - Timeout '0' is invalid. Using default page load timeout: '37'

2023-04-10 09:04:25 - [MESSAGE][PASSED] - Object 'Object Repository/1-OBJECTS TAREAS PRINCIPALES/Modulo Tarea Compensacion/Ejecutar Reporte Planilla/span_Reporte_glyphicons glyphicons-article' is clickable

2023-04-10 09:04:25 - [TEST_STEP][PASSED] - click(findTestObject("1-OBJECTS TAREAS PRINCIPALES/Modulo Tarea Compensacion/Ejecutar Reporte Planilla/span_Reporte_glyphicons glyphicons-article")): Object: 'Object Repository/1-OBJECTS TAREAS PRINCIPALES/Modulo Tarea Compensacion/Ejecutar Reporte Planilla/span_Reporte_glyphicons glyphicons-article' is clicked on

2023-04-10 09:04:26 - [MESSAGE][PASSED] - Object: 'Object Repository/1-OBJECTS TAREAS PRINCIPALES/Modulo Tarea Compensacion/Ejecutar Reporte Planilla/span_Reporte_glyphicons glyphicons-article' is clicked on

2023-04-10 09:04:26 - [TEST_STEP][PASSED] - click(findTestObject("1-OBJECTS TAREAS PRINCIPALES/Modulo Tarea Compensacion/Ejecutar Reporte Planilla/a_Generar Reporte")): Object: 'Object Repository/1-OBJECTS TAREAS PRINCIPALES/Modulo Tarea Compensacion/Ejecutar Reporte Planilla/a_Generar Reporte' is clicked on

2023-04-10 09:04:26 - [MESSAGE][PASSED] - Object: 'Object Repository/1-OBJECTS TAREAS PRINCIPALES/Modulo Tarea Compensacion/Ejecutar Reporte Planilla/a_Generar Reporte' is clicked on

2023-04-10 09:04:26 - [TEST_STEP][PASSED] - waitForElementClickable(findTestObject("1-OBJECTS TAREAS PRINCIPALES/Modulo Tarea Compensacion/Ejecutar Reporte Planilla/a_Descargar"), 0): Object 'Object Repository/1-OBJECTS TAREAS PRINCIPALES/Modulo Tarea Compensacion/Ejecutar Reporte Planilla/a_Descargar' is clickable

2023-04-10 09:04:26 - [MESSAGE][WARNING] - Timeout '0' is invalid. Using default page load timeout: '37'

2023-04-10 09:04:29 - [MESSAGE][PASSED] - Object 'Object Repository/1-OBJECTS TAREAS PRINCIPALES/Modulo Tarea Compensacion/Ejecutar Reporte Planilla/a_Descargar' is clickable

2023-04-10 09:04:29 - [TEST_STEP][PASSED] - click(findTestObject("1-OBJECTS TAREAS PRINCIPALES/Modulo Tarea Compensacion/Ejecutar Reporte Planilla/a_Descargar")): Object: 'Object Repository/1-OBJECTS TAREAS PRINCIPALES/Modulo Tarea Compensacion/Ejecutar Reporte Planilla/a_Descargar' is clicked on

2023-04-10 09:04:30 - [MESSAGE][PASSED] - Object: 'Object Repository/1-OBJECTS TAREAS PRINCIPALES/Modulo Tarea Compensacion/Ejecutar Reporte Planilla/a_Descargar' is clicked on

2023-04-10 09:04:30 - [TEST_STEP][PASSED] - click(findTestObject("1-OBJECTS TAREAS PRINCIPALES/Modulo Tarea Compensacion/Ejecutar Reporte Planilla/a_Periodo Nomina_Cerrar")): Object: 'Object Repository/1-OBJECTS TAREAS PRINCIPALES/Modulo Tarea Compensacion/Ejecutar Reporte Planilla/a_Periodo Nomina_Cerrar' is clicked on

2023-04-10 09:04:30 - [MESSAGE][PASSED] - Object: 'Object Repository/1-OBJECTS TAREAS PRINCIPALES/Modulo Tarea Compensacion/Ejecutar Reporte Planilla/a_Periodo Nomina_Cerrar' is clicked on

2023-04-10 09:04:30 - [TEST_STEP][PASSED] - waitForElementClickable(findTestObject("1-OBJECTS TAREAS PRINCIPALES/Modulo Tarea Compensacion/Ejecutar Reporte Planilla/input_Actos Administrativos_ejecutarReporte"), 0): Object 'Object Repository/1-OBJECTS TAREAS PRINCIPALES/Modulo Tarea Compensacion/Ejecutar Reporte Planilla/input_Actos Administrativos_ejecutarReporte' is clickable

2023-04-10 09:04:30 - [MESSAGE][WARNING] - Timeout '0' is invalid. Using default page load timeout: '37'

2023-04-10 09:04:31 - [MESSAGE][PASSED] - Object 'Object Repository/1-OBJECTS TAREAS PRINCIPALES/Modulo Tarea Compensacion/Ejecutar Reporte Planilla/input_Actos Administrativos_ejecutarReporte' is clickable

2023-04-10 09:04:31 - [TEST_STEP][PASSED] - setText(findTestObject("1-OBJECTS TAREAS PRINCIPALES/Modulo Tarea Compensacion/Ejecutar Reporte Planilla/input_Actos Administrativos_ejecutarReporte"), "CMT - ACUMULADO MENSUAL CONCEPTOS DE NOMINA (PAGADO)"): Text 'CMT - ACUMULADO MENSUAL CONCEPTOS DE NOMINA (PAGADO)' is set on object 'Object Repository/1-OBJECTS TAREAS PRINCIPALES/Modulo Tarea Compensacion/Ejecutar Reporte Planilla/input_Actos Administrativos_ejecutarReporte'

2023-04-10 09:04:32 - [MESSAGE][PASSED] - Text 'CMT - ACUMULADO MENSUAL CONCEPTOS DE NOMINA (PAGADO)' is set on object 'Object Repository/1-OBJECTS TAREAS PRINCIPALES/Modulo Tarea Compensacion/Ejecutar Reporte Planilla/input_Actos Administrativos_ejecutarReporte'

2023-04-10 09:04:32 - [TEST_STEP][PASSED] - click(findTestObject("1-OBJECTS TAREAS PRINCIPALES/Modulo Tarea Compensacion/Ejecutar Reporte Planilla/a_Actos Administrativos_ejecutarReportePlanillaj_idt61")): Object: 'Object Repository/1-OBJECTS TAREAS PRINCIPALES/Modulo Tarea Compensacion/Ejecutar Reporte Planilla/a_Actos Administrativos_ejecutarReportePlanillaj_idt61' is clicked on

2023-04-10 09:04:32 - [MESSAGE][PASSED] - Object: 'Object Repository/1-OBJECTS TAREAS PRINCIPALES/Modulo Tarea Compensacion/Ejecutar Reporte Planilla/a_Actos Administrativos_ejecutarReportePlanillaj_idt61' is clicked on

2023-04-10 09:04:32 - [TEST_STEP][PASSED] - click(findTestObject("1-OBJECTS TAREAS PRINCIPALES/Modulo Tarea Compensacion/Ejecutar Reporte Planilla/a_Actos Administrativos_ejecutarReportePlanillaj_idt61")): Object: 'Object Repository/1-OBJECTS TAREAS PRINCIPALES/Modulo Tarea Compensacion/Ejecutar Reporte Planilla/a_Actos Administrativos_ejecutarReportePlanillaj_idt61' is clicked on

2023-04-10 09:04:33 - [MESSAGE][PASSED] - Object: 'Object Repository/1-OBJECTS TAREAS PRINCIPALES/Modulo Tarea Compensacion/Ejecutar Reporte Planilla/a_Actos Administrativos_ejecutarReportePlanillaj_idt61' is clicked on

2023-04-10 09:04:33 - [TEST_STEP][PASSED] - waitForElementClickable(findTestObject("1-OBJECTS TAREAS PRINCIPALES/Modulo Tarea Compensacion/Ejecutar Reporte Planilla/td_CNC- CONSOLIDADO PERIODO DE NOMINA POR LINEA CCOSTO"), 0): Object 'Object Repository/1-OBJECTS TAREAS PRINCIPALES/Modulo Tarea Compensacion/Ejecutar Reporte Planilla/td_CNC- CONSOLIDADO PERIODO DE NOMINA POR LINEA CCOSTO' is clickable

2023-04-10 09:04:33 - [MESSAGE][WARNING] - Timeout '0' is invalid. Using default page load timeout: '37'

2023-04-10 09:04:34 - [MESSAGE][PASSED] - Object 'Object Repository/1-OBJECTS TAREAS PRINCIPALES/Modulo Tarea Compensacion/Ejecutar Reporte Planilla/td_CNC- CONSOLIDADO PERIODO DE NOMINA POR LINEA CCOSTO' is clickable

2023-04-10 09:04:34 - [TEST_STEP][PASSED] - click(findTestObject("1-OBJECTS TAREAS PRINCIPALES/Modulo Tarea Compensacion/Ejecutar Reporte Planilla/td_CNC- CONSOLIDADO PERIODO DE NOMINA POR LINEA CCOSTO")): Object: 'Object Repository/1-OBJECTS TAREAS PRINCIPALES/Modulo Tarea Compensacion/Ejecutar Reporte Planilla/td_CNC- CONSOLIDADO PERIODO DE NOMINA POR LINEA CCOSTO' is clicked on

2023-04-10 09:04:34 - [MESSAGE][PASSED] - Object: 'Object Repository/1-OBJECTS TAREAS PRINCIPALES/Modulo Tarea Compensacion/Ejecutar Reporte Planilla/td_CNC- CONSOLIDADO PERIODO DE NOMINA POR LINEA CCOSTO' is clicked on

2023-04-10 09:04:34 - [TEST_STEP][PASSED] - setText(findTestObject("1-OBJECTS TAREAS PRINCIPALES/Modulo Tarea Compensacion/Ejecutar Reporte Planilla/input_Rango Fechas_ejecutarReportePlanillafechaInicio_input"), "01/07/2021"): Text '01/07/2021' is set on object 'Object Repository/1-OBJECTS TAREAS PRINCIPALES/Modulo Tarea Compensacion/Ejecutar Reporte Planilla/input_Rango Fechas_ejecutarReportePlanillafechaInicio_input'

2023-04-10 09:04:35 - [MESSAGE][PASSED] - Text '01/07/2021' is set on object 'Object Repository/1-OBJECTS TAREAS PRINCIPALES/Modulo Tarea Compensacion/Ejecutar Reporte Planilla/input_Rango Fechas_ejecutarReportePlanillafechaInicio_input'

2023-04-10 09:04:35 - [TEST_STEP][PASSED] - setText(findTestObject("1-OBJECTS TAREAS PRINCIPALES/Modulo Tarea Compensacion/Ejecutar Reporte Planilla/input_Rango Fechas_ejecutarReportePlanillafechaFinal_input"), "30/07/2021"): Text '30/07/2021' is set on object 'Object Repository/1-OBJECTS TAREAS PRINCIPALES/Modulo Tarea Compensacion/Ejecutar Reporte Planilla/input_Rango Fechas_ejecutarReportePlanillafechaFinal_input'

2023-04-10 09:04:36 - [MESSAGE][PASSED] - Text '30/07/2021' is set on object 'Object Repository/1-OBJECTS TAREAS PRINCIPALES/Modulo Tarea Compensacion/Ejecutar Reporte Planilla/input_Rango Fechas_ejecutarReportePlanillafechaFinal_input'

2023-04-10 09:04:36 - [TEST_STEP][PASSED] - click(findTestObject("1-OBJECTS TAREAS PRINCIPALES/Modulo Tarea Compensacion/Ejecutar Reporte Planilla/label_xlsData")): Object: 'Object Repository/1-OBJECTS TAREAS PRINCIPALES/Modulo Tarea Compensacion/Ejecutar Reporte Planilla/label_xlsData' is clicked on

2023-04-10 09:04:36 - [MESSAGE][PASSED] - Object: 'Object Repository/1-OBJECTS TAREAS PRINCIPALES/Modulo Tarea Compensacion/Ejecutar Reporte Planilla/label_xlsData' is clicked on

2023-04-10 09:04:36 - [TEST_STEP][PASSED] - click(findTestObject("1-OBJECTS TAREAS PRINCIPALES/Modulo Tarea Compensacion/Ejecutar Reporte Planilla/a_Aplicar")): Object: 'Object Repository/1-OBJECTS TAREAS PRINCIPALES/Modulo Tarea Compensacion/Ejecutar Reporte Planilla/a_Aplicar' is clicked on

2023-04-10 09:04:37 - [MESSAGE][PASSED] - Object: 'Object Repository/1-OBJECTS TAREAS PRINCIPALES/Modulo Tarea Compensacion/Ejecutar Reporte Planilla/a_Aplicar' is clicked on

2023-04-10 09:04:37 - [TEST_STEP][PASSED] - waitForElementClickable(findTestObject("1-OBJECTS TAREAS PRINCIPALES/Modulo Tarea Compensacion/Ejecutar Reporte Planilla/span_Reporte_glyphicons glyphicons-article"), 0): Object 'Object Repository/1-OBJECTS TAREAS PRINCIPALES/Modulo Tarea Compensacion/Ejecutar Reporte Planilla/span_Reporte_glyphicons glyphicons-article' is clickable

2023-04-10 09:04:37 - [MESSAGE][WARNING] - Timeout '0' is invalid. Using default page load timeout: '37'

2023-04-10 09:04:37 - [MESSAGE][PASSED] - Object 'Object Repository/1-OBJECTS TAREAS PRINCIPALES/Modulo Tarea Compensacion/Ejecutar Reporte Planilla/span_Reporte_glyphicons glyphicons-article' is clickable

2023-04-10 09:04:37 - [TEST_STEP][PASSED] - click(findTestObject("1-OBJECTS TAREAS PRINCIPALES/Modulo Tarea Compensacion/Ejecutar Reporte Planilla/span_Reporte_glyphicons glyphicons-article")): Object: 'Object Repository/1-OBJECTS TAREAS PRINCIPALES/Modulo Tarea Compensacion/Ejecutar Reporte Planilla/span_Reporte_glyphicons glyphicons-article' is clicked on

2023-04-10 09:04:38 - [MESSAGE][PASSED] - Object: 'Object Repository/1-OBJECTS TAREAS PRINCIPALES/Modulo Tarea Compensacion/Ejecutar Reporte Planilla/span_Reporte_glyphicons glyphicons-article' is clicked on

2023-04-10 09:04:38 - [TEST_STEP][PASSED] - click(findTestObject("1-OBJECTS TAREAS PRINCIPALES/Modulo Tarea Compensacion/Ejecutar Reporte Planilla/a_Generar Reporte")): Object: 'Object Repository/1-OBJECTS TAREAS PRINCIPALES/Modulo Tarea Compensacion/Ejecutar Reporte Planilla/a_Generar Reporte' is clicked on

2023-04-10 09:04:39 - [MESSAGE][PASSED] - Object: 'Object Repository/1-OBJECTS TAREAS PRINCIPALES/Modulo Tarea Compensacion/Ejecutar Reporte Planilla/a_Generar Reporte' is clicked on

2023-04-10 09:04:39 - [TEST_STEP][PASSED] - waitForElementClickable(findTestObject("1-OBJECTS TAREAS PRINCIPALES/Modulo Tarea Compensacion/Ejecutar Reporte Planilla/a_Descargar"), 0): Object 'Object Repository/1-OBJECTS TAREAS PRINCIPALES/Modulo Tarea Compensacion/Ejecutar Reporte Planilla/a_Descargar' is clickable

2023-04-10 09:04:39 - [MESSAGE][WARNING] - Timeout '0' is invalid. Using default page load timeout: '37'

2023-04-10 09:04:40 - [MESSAGE][PASSED] - Object 'Object Repository/1-OBJECTS TAREAS PRINCIPALES/Modulo Tarea Compensacion/Ejecutar Reporte Planilla/a_Descargar' is clickable

2023-04-10 09:04:40 - [TEST_STEP][PASSED] - click(findTestObject("1-OBJECTS TAREAS PRINCIPALES/Modulo Tarea Compensacion/Ejecutar Reporte Planilla/a_Descargar")): Object: 'Object Repository/1-OBJECTS TAREAS PRINCIPALES/Modulo Tarea Compensacion/Ejecutar Reporte Planilla/a_Descargar' is clicked on

2023-04-10 09:04:40 - [MESSAGE][PASSED] - Object: 'Object Repository/1-OBJECTS TAREAS PRINCIPALES/Modulo Tarea Compensacion/Ejecutar Reporte Planilla/a_Descargar' is clicked on

2023-04-10 09:04:40 - [TEST_STEP][PASSED] - click(findTestObject("1-OBJECTS TAREAS PRINCIPALES/Modulo Tarea Compensacion/Ejecutar Reporte Planilla/a_Periodo Nomina_Cerrar")): Object: 'Object Repository/1-OBJECTS TAREAS PRINCIPALES/Modulo Tarea Compensacion/Ejecutar Reporte Planilla/a_Periodo Nomina_Cerrar' is clicked on

2023-04-10 09:04:40 - [MESSAGE][PASSED] - Object: 'Object Repository/1-OBJECTS TAREAS PRINCIPALES/Modulo Tarea Compensacion/Ejecutar Reporte Planilla/a_Periodo Nomina_Cerrar' is clicked on

2023-04-10 09:04:40 - [TEST_STEP][PASSED] - click(findTestObject("1-OBJECTS TAREAS PRINCIPALES/Modulo Tarea Compensacion/Ejecutar Reporte Planilla/label_pdf")): Object: 'Object Repository/1-OBJECTS TAREAS PRINCIPALES/Modulo Tarea Compensacion/Ejecutar Reporte Planilla/label_pdf' is clicked on

2023-04-10 09:04:41 - [MESSAGE][PASSED] - Object: 'Object Repository/1-OBJECTS TAREAS PRINCIPALES/Modulo Tarea Compensacion/Ejecutar Reporte Planilla/label_pdf' is clicked on

2023-04-10 09:04:41 - [TEST_STEP][PASSED] - waitForElementClickable(findTestObject("1-OBJECTS TAREAS PRINCIPALES/Modulo Tarea Compensacion/Ejecutar Reporte Planilla/a_Aplicar"), 0): Object 'Object Repository/1-OBJECTS TAREAS PRINCIPALES/Modulo Tarea Compensacion/Ejecutar Reporte Planilla/a_Aplicar' is clickable

2023-04-10 09:04:41 - [MESSAGE][WARNING] - Timeout '0' is invalid. Using default page load timeout: '37'

2023-04-10 09:04:41 - [MESSAGE][PASSED] - Object 'Object Repository/1-OBJECTS TAREAS PRINCIPALES/Modulo Tarea Compensacion/Ejecutar Reporte Planilla/a_Aplicar' is clickable

2023-04-10 09:04:41 - [TEST_STEP][PASSED] - click(findTestObject("1-OBJECTS TAREAS PRINCIPALES/Modulo Tarea Compensacion/Ejecutar Reporte Planilla/a_Aplicar")): Object: 'Object Repository/1-OBJECTS TAREAS PRINCIPALES/Modulo Tarea Compensacion/Ejecutar Reporte Planilla/a_Aplicar' is clicked on

2023-04-10 09:04:42 - [MESSAGE][PASSED] - Object: 'Object Repository/1-OBJECTS TAREAS PRINCIPALES/Modulo Tarea Compensacion/Ejecutar Reporte Planilla/a_Aplicar' is clicked on

2023-04-10 09:04:42 - [TEST_STEP][PASSED] - waitForElementClickable(findTestObject("1-OBJECTS TAREAS PRINCIPALES/Modulo Tarea Compensacion/Ejecutar Reporte Planilla/span_Reporte_glyphicons glyphicons-article"), 0): Object 'Object Repository/1-OBJECTS TAREAS PRINCIPALES/Modulo Tarea Compensacion/Ejecutar Reporte Planilla/span_Reporte_glyphicons glyphicons-article' is clickable

2023-04-10 09:04:42 - [MESSAGE][WARNING] - Timeout '0' is invalid. Using default page load timeout: '37'

2023-04-10 09:04:42 - [MESSAGE][PASSED] - Object 'Object Repository/1-OBJECTS TAREAS PRINCIPALES/Modulo Tarea Compensacion/Ejecutar Reporte Planilla/span_Reporte_glyphicons glyphicons-article' is clickable

2023-04-10 09:04:42 - [TEST_STEP][PASSED] - click(findTestObject("1-OBJECTS TAREAS PRINCIPALES/Modulo Tarea Compensacion/Ejecutar Reporte Planilla/span_Reporte_glyphicons glyphicons-article")): Object: 'Object Repository/1-OBJECTS TAREAS PRINCIPALES/Modulo Tarea Compensacion/Ejecutar Reporte Planilla/span_Reporte_glyphicons glyphicons-article' is clicked on

2023-04-10 09:04:43 - [MESSAGE][PASSED] - Object: 'Object Repository/1-OBJECTS TAREAS PRINCIPALES/Modulo Tarea Compensacion/Ejecutar Reporte Planilla/span_Reporte_glyphicons glyphicons-article' is clicked on

2023-04-10 09:04:43 - [TEST_STEP][PASSED] - click(findTestObject("1-OBJECTS TAREAS PRINCIPALES/Modulo Tarea Compensacion/Ejecutar Reporte Planilla/a_Generar Reporte")): Object: 'Object Repository/1-OBJECTS TAREAS PRINCIPALES/Modulo Tarea Compensacion/Ejecutar Reporte Planilla/a_Generar Reporte' is clicked on

2023-04-10 09:04:43 - [MESSAGE][PASSED] - Object: 'Object Repository/1-OBJECTS TAREAS PRINCIPALES/Modulo Tarea Compensacion/Ejecutar Reporte Planilla/a_Generar Reporte' is clicked on

2023-04-10 09:04:43 - [TEST_STEP][PASSED] - waitForElementClickable(findTestObject("1-OBJECTS TAREAS PRINCIPALES/Modulo Tarea Compensacion/Ejecutar Reporte Planilla/a_Descargar"), 0): Object 'Object Repository/1-OBJECTS TAREAS PRINCIPALES/Modulo Tarea Compensacion/Ejecutar Reporte Planilla/a_Descargar' is clickable

2023-04-10 09:04:43 - [MESSAGE][WARNING] - Timeout '0' is invalid. Using default page load timeout: '37'

2023-04-10 09:04:44 - [MESSAGE][PASSED] - Object 'Object Repository/1-OBJECTS TAREAS PRINCIPALES/Modulo Tarea Compensacion/Ejecutar Reporte Planilla/a_Descargar' is clickable

2023-04-10 09:04:44 - [TEST_STEP][PASSED] - click(findTestObject("1-OBJECTS TAREAS PRINCIPALES/Modulo Tarea Compensacion/Ejecutar Reporte Planilla/a_Descargar")): Object: 'Object Repository/1-OBJECTS TAREAS PRINCIPALES/Modulo Tarea Compensacion/Ejecutar Reporte Planilla/a_Descargar' is clicked on

2023-04-10 09:04:45 - [MESSAGE][PASSED] - Object: 'Object Repository/1-OBJECTS TAREAS PRINCIPALES/Modulo Tarea Compensacion/Ejecutar Reporte Planilla/a_Descargar' is clicked on

2023-04-10 09:04:45 - [TEST_STEP][PASSED] - click(findTestObject("1-OBJECTS TAREAS PRINCIPALES/Modulo Tarea Compensacion/Ejecutar Reporte Planilla/a_Periodo Nomina_Cerrar")): Object: 'Object Repository/1-OBJECTS TAREAS PRINCIPALES/Modulo Tarea Compensacion/Ejecutar Reporte Planilla/a_Periodo Nomina_Cerrar' is clicked on

2023-04-10 09:04:45 - [MESSAGE][PASSED] - Object: 'Object Repository/1-OBJECTS TAREAS PRINCIPALES/Modulo Tarea Compensacion/Ejecutar Reporte Planilla/a_Periodo Nomina_Cerrar' is clicked on

2023-04-10 09:04:45 - [TEST_STEP][PASSED] - setText(findTestObject("1-OBJECTS TAREAS PRINCIPALES/Modulo Tarea Compensacion/Ejecutar Reporte Planilla/input_Actos Administrativos_ejecutarReporte"), "CMEZ - ACUMULADO MENSUAL CONCEPTOS NOMINA POR EMPLEADO (PAGADO)"): Text 'CMEZ - ACUMULADO MENSUAL CONCEPTOS NOMINA POR EMPLEADO (PAGADO)' is set on object 'Object Repository/1-OBJECTS TAREAS PRINCIPALES/Modulo Tarea Compensacion/Ejecutar Reporte Planilla/input_Actos Administrativos_ejecutarReporte'

2023-04-10 09:04:46 - [MESSAGE][PASSED] - Text 'CMEZ - ACUMULADO MENSUAL CONCEPTOS NOMINA POR EMPLEADO (PAGADO)' is set on object 'Object Repository/1-OBJECTS TAREAS PRINCIPALES/Modulo Tarea Compensacion/Ejecutar Reporte Planilla/input_Actos Administrativos_ejecutarReporte'

2023-04-10 09:04:46 - [TEST_STEP][PASSED] - click(findTestObject("1-OBJECTS TAREAS PRINCIPALES/Modulo Tarea Compensacion/Ejecutar Reporte Planilla/a_Actos Administrativos_ejecutarReportePlanillaj_idt61")): Object: 'Object Repository/1-OBJECTS TAREAS PRINCIPALES/Modulo Tarea Compensacion/Ejecutar Reporte Planilla/a_Actos Administrativos_ejecutarReportePlanillaj_idt61' is clicked on

2023-04-10 09:04:47 - [MESSAGE][PASSED] - Object: 'Object Repository/1-OBJECTS TAREAS PRINCIPALES/Modulo Tarea Compensacion/Ejecutar Reporte Planilla/a_Actos Administrativos_ejecutarReportePlanillaj_idt61' is clicked on

2023-04-10 09:04:47 - [TEST_STEP][PASSED] - click(findTestObject("1-OBJECTS TAREAS PRINCIPALES/Modulo Tarea Compensacion/Ejecutar Reporte Planilla/a_Actos Administrativos_ejecutarReportePlanillaj_idt61")): Object: 'Object Repository/1-OBJECTS TAREAS PRINCIPALES/Modulo Tarea Compensacion/Ejecutar Reporte Planilla/a_Actos Administrativos_ejecutarReportePlanillaj_idt61' is clicked on

2023-04-10 09:04:47 - [MESSAGE][PASSED] - Object: 'Object Repository/1-OBJECTS TAREAS PRINCIPALES/Modulo Tarea Compensacion/Ejecutar Reporte Planilla/a_Actos Administrativos_ejecutarReportePlanillaj_idt61' is clicked on

2023-04-10 09:04:47 - [TEST_STEP][PASSED] - waitForElementClickable(findTestObject("1-OBJECTS TAREAS PRINCIPALES/Modulo Tarea Compensacion/Ejecutar Reporte Planilla/td_CNC- CONSOLIDADO PERIODO DE NOMINA POR LINEA CCOSTO"), 0): Object 'Object Repository/1-OBJECTS TAREAS PRINCIPALES/Modulo Tarea Compensacion/Ejecutar Reporte Planilla/td_CNC- CONSOLIDADO PERIODO DE NOMINA POR LINEA CCOSTO' is clickable

2023-04-10 09:04:47 - [MESSAGE][WARNING] - Timeout '0' is invalid. Using default page load timeout: '37'

2023-04-10 09:04:48 - [MESSAGE][PASSED] - Object 'Object Repository/1-OBJECTS TAREAS PRINCIPALES/Modulo Tarea Compensacion/Ejecutar Reporte Planilla/td_CNC- CONSOLIDADO PERIODO DE NOMINA POR LINEA CCOSTO' is clickable

2023-04-10 09:04:48 - [TEST_STEP][PASSED] - click(findTestObject("1-OBJECTS TAREAS PRINCIPALES/Modulo Tarea Compensacion/Ejecutar Reporte Planilla/td_CNC- CONSOLIDADO PERIODO DE NOMINA POR LINEA CCOSTO")): Object: 'Object Repository/1-OBJECTS TAREAS PRINCIPALES/Modulo Tarea Compensacion/Ejecutar Reporte Planilla/td_CNC- CONSOLIDADO PERIODO DE NOMINA POR LINEA CCOSTO' is clicked on

2023-04-10 09:04:48 - [MESSAGE][PASSED] - Object: 'Object Repository/1-OBJECTS TAREAS PRINCIPALES/Modulo Tarea Compensacion/Ejecutar Reporte Planilla/td_CNC- CONSOLIDADO PERIODO DE NOMINA POR LINEA CCOSTO' is clicked on

2023-04-10 09:04:48 - [TEST_STEP][PASSED] - setText(findTestObject("1-OBJECTS TAREAS PRINCIPALES/Modulo Tarea Compensacion/Ejecutar Reporte Planilla/input_Rango Fechas_ejecutarReportePlanillafechaInicio_input"), "01/07/2021"): Text '01/07/2021' is set on object 'Object Repository/1-OBJECTS TAREAS PRINCIPALES/Modulo Tarea Compensacion/Ejecutar Reporte Planilla/input_Rango Fechas_ejecutarReportePlanillafechaInicio_input'

2023-04-10 09:04:49 - [MESSAGE][PASSED] - Text '01/07/2021' is set on object 'Object Repository/1-OBJECTS TAREAS PRINCIPALES/Modulo Tarea Compensacion/Ejecutar Reporte Planilla/input_Rango Fechas_ejecutarReportePlanillafechaInicio_input'

2023-04-10 09:04:49 - [TEST_STEP][PASSED] - setText(findTestObject("1-OBJECTS TAREAS PRINCIPALES/Modulo Tarea Compensacion/Ejecutar Reporte Planilla/input_Rango Fechas_ejecutarReportePlanillafechaFinal_input"), "30/07/2021"): Text '30/07/2021' is set on object 'Object Repository/1-OBJECTS TAREAS PRINCIPALES/Modulo Tarea Compensacion/Ejecutar Reporte Planilla/input_Rango Fechas_ejecutarReportePlanillafechaFinal_input'

2023-04-10 09:04:50 - [MESSAGE][PASSED] - Text '30/07/2021' is set on object 'Object Repository/1-OBJECTS TAREAS PRINCIPALES/Modulo Tarea Compensacion/Ejecutar Reporte Planilla/input_Rango Fechas_ejecutarReportePlanillafechaFinal_input'

2023-04-10 09:04:50 - [TEST_STEP][PASSED] - click(findTestObject("1-OBJECTS TAREAS PRINCIPALES/Modulo Tarea Compensacion/Ejecutar Reporte Planilla/label_xlsData")): Object: 'Object Repository/1-OBJECTS TAREAS PRINCIPALES/Modulo Tarea Compensacion/Ejecutar Reporte Planilla/label_xlsData' is clicked on

2023-04-10 09:04:51 - [MESSAGE][PASSED] - Object: 'Object Repository/1-OBJECTS TAREAS PRINCIPALES/Modulo Tarea Compensacion/Ejecutar Reporte Planilla/label_xlsData' is clicked on

2023-04-10 09:04:51 - [TEST_STEP][PASSED] - click(findTestObject("1-OBJECTS TAREAS PRINCIPALES/Modulo Tarea Compensacion/Ejecutar Reporte Planilla/a_Aplicar")): Object: 'Object Repository/1-OBJECTS TAREAS PRINCIPALES/Modulo Tarea Compensacion/Ejecutar Reporte Planilla/a_Aplicar' is clicked on

2023-04-10 09:04:51 - [MESSAGE][PASSED] - Object: 'Object Repository/1-OBJECTS TAREAS PRINCIPALES/Modulo Tarea Compensacion/Ejecutar Reporte Planilla/a_Aplicar' is clicked on

2023-04-10 09:04:51 - [TEST_STEP][PASSED] - waitForElementClickable(findTestObject("1-OBJECTS TAREAS PRINCIPALES/Modulo Tarea Compensacion/Ejecutar Reporte Planilla/span_Reporte_glyphicons glyphicons-article"), 0): Object 'Object Repository/1-OBJECTS TAREAS PRINCIPALES/Modulo Tarea Compensacion/Ejecutar Reporte Planilla/span_Reporte_glyphicons glyphicons-article' is clickable

2023-04-10 09:04:51 - [MESSAGE][WARNING] - Timeout '0' is invalid. Using default page load timeout: '37'

2023-04-10 09:04:52 - [MESSAGE][PASSED] - Object 'Object Repository/1-OBJECTS TAREAS PRINCIPALES/Modulo Tarea Compensacion/Ejecutar Reporte Planilla/span_Reporte_glyphicons glyphicons-article' is clickable

2023-04-10 09:04:52 - [TEST_STEP][PASSED] - click(findTestObject("1-OBJECTS TAREAS PRINCIPALES/Modulo Tarea Compensacion/Ejecutar Reporte Planilla/span_Reporte_glyphicons glyphicons-article")): Object: 'Object Repository/1-OBJECTS TAREAS PRINCIPALES/Modulo Tarea Compensacion/Ejecutar Reporte Planilla/span_Reporte_glyphicons glyphicons-article' is clicked on

2023-04-10 09:04:53 - [MESSAGE][PASSED] - Object: 'Object Repository/1-OBJECTS TAREAS PRINCIPALES/Modulo Tarea Compensacion/Ejecutar Reporte Planilla/span_Reporte_glyphicons glyphicons-article' is clicked on

2023-04-10 09:04:53 - [TEST_STEP][PASSED] - click(findTestObject("1-OBJECTS TAREAS PRINCIPALES/Modulo Tarea Compensacion/Ejecutar Reporte Planilla/a_Generar Reporte")): Object: 'Object Repository/1-OBJECTS TAREAS PRINCIPALES/Modulo Tarea Compensacion/Ejecutar Reporte Planilla/a_Generar Reporte' is clicked on

2023-04-10 09:04:53 - [MESSAGE][PASSED] - Object: 'Object Repository/1-OBJECTS TAREAS PRINCIPALES/Modulo Tarea Compensacion/Ejecutar Reporte Planilla/a_Generar Reporte' is clicked on

2023-04-10 09:04:53 - [TEST_STEP][PASSED] - waitForElementClickable(findTestObject("1-OBJECTS TAREAS PRINCIPALES/Modulo Tarea Compensacion/Ejecutar Reporte Planilla/a_Descargar"), 0): Object 'Object Repository/1-OBJECTS TAREAS PRINCIPALES/Modulo Tarea Compensacion/Ejecutar Reporte Planilla/a_Descargar' is clickable

2023-04-10 09:04:53 - [MESSAGE][WARNING] - Timeout '0' is invalid. Using default page load timeout: '37'

2023-04-10 09:04:54 - [MESSAGE][PASSED] - Object 'Object Repository/1-OBJECTS TAREAS PRINCIPALES/Modulo Tarea Compensacion/Ejecutar Reporte Planilla/a_Descargar' is clickable

2023-04-10 09:04:54 - [TEST_STEP][PASSED] - click(findTestObject("1-OBJECTS TAREAS PRINCIPALES/Modulo Tarea Compensacion/Ejecutar Reporte Planilla/a_Descargar")): Object: 'Object Repository/1-OBJECTS TAREAS PRINCIPALES/Modulo Tarea Compensacion/Ejecutar Reporte Planilla/a_Descargar' is clicked on

2023-04-10 09:04:55 - [MESSAGE][PASSED] - Object: 'Object Repository/1-OBJECTS TAREAS PRINCIPALES/Modulo Tarea Compensacion/Ejecutar Reporte Planilla/a_Descargar' is clicked on

2023-04-10 09:04:55 - [TEST_STEP][PASSED] - click(findTestObject("1-OBJECTS TAREAS PRINCIPALES/Modulo Tarea Compensacion/Ejecutar Reporte Planilla/a_Periodo Nomina_Cerrar")): Object: 'Object Repository/1-OBJECTS TAREAS PRINCIPALES/Modulo Tarea Compensacion/Ejecutar Reporte Planilla/a_Periodo Nomina_Cerrar' is clicked on

2023-04-10 09:04:55 - [MESSAGE][PASSED] - Object: 'Object Repository/1-OBJECTS TAREAS PRINCIPALES/Modulo Tarea Compensacion/Ejecutar Reporte Planilla/a_Periodo Nomina_Cerrar' is clicked on

2023-04-10 09:04:55 - [TEST_STEP][PASSED] - click(findTestObject("1-OBJECTS TAREAS PRINCIPALES/Modulo Tarea Compensacion/Ejecutar Reporte Planilla/label_pdf")): Object: 'Object Repository/1-OBJECTS TAREAS PRINCIPALES/Modulo Tarea Compensacion/Ejecutar Reporte Planilla/label_pdf' is clicked on

2023-04-10 09:04:55 - [MESSAGE][PASSED] - Object: 'Object Repository/1-OBJECTS TAREAS PRINCIPALES/Modulo Tarea Compensacion/Ejecutar Reporte Planilla/label_pdf' is clicked on

2023-04-10 09:04:55 - [TEST_STEP][PASSED] - waitForElementClickable(findTestObject("1-OBJECTS TAREAS PRINCIPALES/Modulo Tarea Compensacion/Ejecutar Reporte Planilla/a_Aplicar"), 0): Object 'Object Repository/1-OBJECTS TAREAS PRINCIPALES/Modulo Tarea Compensacion/Ejecutar Reporte Planilla/a_Aplicar' is clickable

2023-04-10 09:04:56 - [MESSAGE][WARNING] - Timeout '0' is invalid. Using default page load timeout: '37'

2023-04-10 09:04:56 - [MESSAGE][PASSED] - Object 'Object Repository/1-OBJECTS TAREAS PRINCIPALES/Modulo Tarea Compensacion/Ejecutar Reporte Planilla/a_Aplicar' is clickable

2023-04-10 09:04:56 - [TEST_STEP][PASSED] - click(findTestObject("1-OBJECTS TAREAS PRINCIPALES/Modulo Tarea Compensacion/Ejecutar Reporte Planilla/a_Aplicar")): Object: 'Object Repository/1-OBJECTS TAREAS PRINCIPALES/Modulo Tarea Compensacion/Ejecutar Reporte Planilla/a_Aplicar' is clicked on

2023-04-10 09:04:56 - [MESSAGE][PASSED] - Object: 'Object Repository/1-OBJECTS TAREAS PRINCIPALES/Modulo Tarea Compensacion/Ejecutar Reporte Planilla/a_Aplicar' is clicked on

2023-04-10 09:04:56 - [TEST_STEP][PASSED] - waitForElementClickable(findTestObject("1-OBJECTS TAREAS PRINCIPALES/Modulo Tarea Compensacion/Ejecutar Reporte Planilla/span_Reporte_glyphicons glyphicons-article"), 0): Object 'Object Repository/1-OBJECTS TAREAS PRINCIPALES/Modulo Tarea Compensacion/Ejecutar Reporte Planilla/span_Reporte_glyphicons glyphicons-article' is clickable

2023-04-10 09:04:56 - [MESSAGE][WARNING] - Timeout '0' is invalid. Using default page load timeout: '37'

2023-04-10 09:04:57 - [MESSAGE][PASSED] - Object 'Object Repository/1-OBJECTS TAREAS PRINCIPALES/Modulo Tarea Compensacion/Ejecutar Reporte Planilla/span_Reporte_glyphicons glyphicons-article' is clickable

2023-04-10 09:04:57 - [TEST_STEP][PASSED] - click(findTestObject("1-OBJECTS TAREAS PRINCIPALES/Modulo Tarea Compensacion/Ejecutar Reporte Planilla/span_Reporte_glyphicons glyphicons-article")): Object: 'Object Repository/1-OBJECTS TAREAS PRINCIPALES/Modulo Tarea Compensacion/Ejecutar Reporte Planilla/span_Reporte_glyphicons glyphicons-article' is clicked on

2023-04-10 09:04:57 - [MESSAGE][PASSED] - Object: 'Object Repository/1-OBJECTS TAREAS PRINCIPALES/Modulo Tarea Compensacion/Ejecutar Reporte Planilla/span_Reporte_glyphicons glyphicons-article' is clicked on

2023-04-10 09:04:57 - [TEST_STEP][PASSED] - click(findTestObject("1-OBJECTS TAREAS PRINCIPALES/Modulo Tarea Compensacion/Ejecutar Reporte Planilla/a_Generar Reporte")): Object: 'Object Repository/1-OBJECTS TAREAS PRINCIPALES/Modulo Tarea Compensacion/Ejecutar Reporte Planilla/a_Generar Reporte' is clicked on

2023-04-10 09:04:58 - [MESSAGE][PASSED] - Object: 'Object Repository/1-OBJECTS TAREAS PRINCIPALES/Modulo Tarea Compensacion/Ejecutar Reporte Planilla/a_Generar Reporte' is clicked on

2023-04-10 09:04:58 - [TEST_STEP][PASSED] - waitForElementClickable(findTestObject("1-OBJECTS TAREAS PRINCIPALES/Modulo Tarea Compensacion/Ejecutar Reporte Planilla/a_Descargar"), 0): Object 'Object Repository/1-OBJECTS TAREAS PRINCIPALES/Modulo Tarea Compensacion/Ejecutar Reporte Planilla/a_Descargar' is clickable

2023-04-10 09:04:58 - [MESSAGE][WARNING] - Timeout '0' is invalid. Using default page load timeout: '37'

2023-04-10 09:04:59 - [MESSAGE][PASSED] - Object 'Object Repository/1-OBJECTS TAREAS PRINCIPALES/Modulo Tarea Compensacion/Ejecutar Reporte Planilla/a_Descargar' is clickable

2023-04-10 09:04:59 - [TEST_STEP][PASSED] - click(findTestObject("1-OBJECTS TAREAS PRINCIPALES/Modulo Tarea Compensacion/Ejecutar Reporte Planilla/a_Descargar")): Object: 'Object Repository/1-OBJECTS TAREAS PRINCIPALES/Modulo Tarea Compensacion/Ejecutar Reporte Planilla/a_Descargar' is clicked on

2023-04-10 09:04:59 - [MESSAGE][PASSED] - Object: 'Object Repository/1-OBJECTS TAREAS PRINCIPALES/Modulo Tarea Compensacion/Ejecutar Reporte Planilla/a_Descargar' is clicked on

2023-04-10 09:04:59 - [TEST_STEP][PASSED] - click(findTestObject("1-OBJECTS TAREAS PRINCIPALES/Modulo Tarea Compensacion/Ejecutar Reporte Planilla/a_Periodo Nomina_Cerrar")): Object: 'Object Repository/1-OBJECTS TAREAS PRINCIPALES/Modulo Tarea Compensacion/Ejecutar Reporte Planilla/a_Periodo Nomina_Cerrar' is clicked on

2023-04-10 09:05:00 - [MESSAGE][PASSED] - Object: 'Object Repository/1-OBJECTS TAREAS PRINCIPALES/Modulo Tarea Compensacion/Ejecutar Reporte Planilla/a_Periodo Nomina_Cerrar' is clicked on

2023-04-10 09:05:00 - [TEST_STEP][PASSED] - setText(findTestObject("1-OBJECTS TAREAS PRINCIPALES/Modulo Tarea Compensacion/Ejecutar Reporte Planilla/input_Actos Administrativos_ejecutarReporte"), "ACE - ACUMULADO MENSUAL CONCEPTOS DE NOMINA (PAGADO)"): Text 'ACE - ACUMULADO MENSUAL CONCEPTOS DE NOMINA (PAGADO)' is set on object 'Object Repository/1-OBJECTS TAREAS PRINCIPALES/Modulo Tarea Compensacion/Ejecutar Reporte Planilla/input_Actos Administrativos_ejecutarReporte'

2023-04-10 09:05:01 - [MESSAGE][PASSED] - Text 'ACE - ACUMULADO MENSUAL CONCEPTOS DE NOMINA (PAGADO)' is set on object 'Object Repository/1-OBJECTS TAREAS PRINCIPALES/Modulo Tarea Compensacion/Ejecutar Reporte Planilla/input_Actos Administrativos_ejecutarReporte'

2023-04-10 09:05:01 - [TEST_STEP][PASSED] - click(findTestObject("1-OBJECTS TAREAS PRINCIPALES/Modulo Tarea Compensacion/Ejecutar Reporte Planilla/a_Actos Administrativos_ejecutarReportePlanillaj_idt61")): Object: 'Object Repository/1-OBJECTS TAREAS PRINCIPALES/Modulo Tarea Compensacion/Ejecutar Reporte Planilla/a_Actos Administrativos_ejecutarReportePlanillaj_idt61' is clicked on

2023-04-10 09:05:01 - [MESSAGE][PASSED] - Object: 'Object Repository/1-OBJECTS TAREAS PRINCIPALES/Modulo Tarea Compensacion/Ejecutar Reporte Planilla/a_Actos Administrativos_ejecutarReportePlanillaj_idt61' is clicked on

2023-04-10 09:05:01 - [TEST_STEP][PASSED] - click(findTestObject("1-OBJECTS TAREAS PRINCIPALES/Modulo Tarea Compensacion/Ejecutar Reporte Planilla/a_Actos Administrativos_ejecutarReportePlanillaj_idt61")): Object: 'Object Repository/1-OBJECTS TAREAS PRINCIPALES/Modulo Tarea Compensacion/Ejecutar Reporte Planilla/a_Actos Administrativos_ejecutarReportePlanillaj_idt61' is clicked on

2023-04-10 09:05:02 - [MESSAGE][PASSED] - Object: 'Object Repository/1-OBJECTS TAREAS PRINCIPALES/Modulo Tarea Compensacion/Ejecutar Reporte Planilla/a_Actos Administrativos_ejecutarReportePlanillaj_idt61' is clicked on

2023-04-10 09:05:02 - [TEST_STEP][PASSED] - waitForElementClickable(findTestObject("1-OBJECTS TAREAS PRINCIPALES/Modulo Tarea Compensacion/Ejecutar Reporte Planilla/td_CNC- CONSOLIDADO PERIODO DE NOMINA POR LINEA CCOSTO"), 0): Object 'Object Repository/1-OBJECTS TAREAS PRINCIPALES/Modulo Tarea Compensacion/Ejecutar Reporte Planilla/td_CNC- CONSOLIDADO PERIODO DE NOMINA POR LINEA CCOSTO' is clickable

2023-04-10 09:05:02 - [MESSAGE][WARNING] - Timeout '0' is invalid. Using default page load timeout: '37'

2023-04-10 09:05:03 - [MESSAGE][PASSED] - Object 'Object Repository/1-OBJECTS TAREAS PRINCIPALES/Modulo Tarea Compensacion/Ejecutar Reporte Planilla/td_CNC- CONSOLIDADO PERIODO DE NOMINA POR LINEA CCOSTO' is clickable

2023-04-10 09:05:03 - [TEST_STEP][PASSED] - click(findTestObject("1-OBJECTS TAREAS PRINCIPALES/Modulo Tarea Compensacion/Ejecutar Reporte Planilla/td_CNC- CONSOLIDADO PERIODO DE NOMINA POR LINEA CCOSTO")): Object: 'Object Repository/1-OBJECTS TAREAS PRINCIPALES/Modulo Tarea Compensacion/Ejecutar Reporte Planilla/td_CNC- CONSOLIDADO PERIODO DE NOMINA POR LINEA CCOSTO' is clicked on

2023-04-10 09:05:03 - [MESSAGE][PASSED] - Object: 'Object Repository/1-OBJECTS TAREAS PRINCIPALES/Modulo Tarea Compensacion/Ejecutar Reporte Planilla/td_CNC- CONSOLIDADO PERIODO DE NOMINA POR LINEA CCOSTO' is clicked on

2023-04-10 09:05:03 - [TEST_STEP][PASSED] - setText(findTestObject("1-OBJECTS TAREAS PRINCIPALES/Modulo Tarea Compensacion/Ejecutar Reporte Planilla/input_Rango Fechas_ejecutarReportePlanillafechaInicio_input"), "01/11/2018"): Text '01/11/2018' is set on object 'Object Repository/1-OBJECTS TAREAS PRINCIPALES/Modulo Tarea Compensacion/Ejecutar Reporte Planilla/input_Rango Fechas_ejecutarReportePlanillafechaInicio_input'

2023-04-10 09:05:04 - [MESSAGE][PASSED] - Text '01/11/2018' is set on object 'Object Repository/1-OBJECTS TAREAS PRINCIPALES/Modulo Tarea Compensacion/Ejecutar Reporte Planilla/input_Rango Fechas_ejecutarReportePlanillafechaInicio_input'

2023-04-10 09:05:04 - [TEST_STEP][PASSED] - setText(findTestObject("1-OBJECTS TAREAS PRINCIPALES/Modulo Tarea Compensacion/Ejecutar Reporte Planilla/input_Rango Fechas_ejecutarReportePlanillafechaFinal_input"), "30/11/2018"): Text '30/11/2018' is set on object 'Object Repository/1-OBJECTS TAREAS PRINCIPALES/Modulo Tarea Compensacion/Ejecutar Reporte Planilla/input_Rango Fechas_ejecutarReportePlanillafechaFinal_input'

2023-04-10 09:05:05 - [MESSAGE][PASSED] - Text '30/11/2018' is set on object 'Object Repository/1-OBJECTS TAREAS PRINCIPALES/Modulo Tarea Compensacion/Ejecutar Reporte Planilla/input_Rango Fechas_ejecutarReportePlanillafechaFinal_input'

2023-04-10 09:05:05 - [TEST_STEP][PASSED] - click(findTestObject("1-OBJECTS TAREAS PRINCIPALES/Modulo Tarea Compensacion/Ejecutar Reporte Planilla/label_xlsData")): Object: 'Object Repository/1-OBJECTS TAREAS PRINCIPALES/Modulo Tarea Compensacion/Ejecutar Reporte Planilla/label_xlsData' is clicked on

2023-04-10 09:05:06 - [MESSAGE][PASSED] - Object: 'Object Repository/1-OBJECTS TAREAS PRINCIPALES/Modulo Tarea Compensacion/Ejecutar Reporte Planilla/label_xlsData' is clicked on

2023-04-10 09:05:06 - [TEST_STEP][PASSED] - click(findTestObject("1-OBJECTS TAREAS PRINCIPALES/Modulo Tarea Compensacion/Ejecutar Reporte Planilla/a_Aplicar")): Object: 'Object Repository/1-OBJECTS TAREAS PRINCIPALES/Modulo Tarea Compensacion/Ejecutar Reporte Planilla/a_Aplicar' is clicked on

2023-04-10 09:05:06 - [MESSAGE][PASSED] - Object: 'Object Repository/1-OBJECTS TAREAS PRINCIPALES/Modulo Tarea Compensacion/Ejecutar Reporte Planilla/a_Aplicar' is clicked on

2023-04-10 09:05:06 - [TEST_STEP][PASSED] - waitForElementClickable(findTestObject("1-OBJECTS TAREAS PRINCIPALES/Modulo Tarea Compensacion/Ejecutar Reporte Planilla/span_Reporte_glyphicons glyphicons-article"), 0): Object 'Object Repository/1-OBJECTS TAREAS PRINCIPALES/Modulo Tarea Compensacion/Ejecutar Reporte Planilla/span_Reporte_glyphicons glyphicons-article' is clickable

2023-04-10 09:05:06 - [MESSAGE][WARNING] - Timeout '0' is invalid. Using default page load timeout: '37'

2023-04-10 09:05:07 - [MESSAGE][PASSED] - Object 'Object Repository/1-OBJECTS TAREAS PRINCIPALES/Modulo Tarea Compensacion/Ejecutar Reporte Planilla/span_Reporte_glyphicons glyphicons-article' is clickable

2023-04-10 09:05:07 - [TEST_STEP][PASSED] - click(findTestObject("1-OBJECTS TAREAS PRINCIPALES/Modulo Tarea Compensacion/Ejecutar Reporte Planilla/span_Reporte_glyphicons glyphicons-article")): Object: 'Object Repository/1-OBJECTS TAREAS PRINCIPALES/Modulo Tarea Compensacion/Ejecutar Reporte Planilla/span_Reporte_glyphicons glyphicons-article' is clicked on

2023-04-10 09:05:07 - [MESSAGE][PASSED] - Object: 'Object Repository/1-OBJECTS TAREAS PRINCIPALES/Modulo Tarea Compensacion/Ejecutar Reporte Planilla/span_Reporte_glyphicons glyphicons-article' is clicked on

2023-04-10 09:05:07 - [TEST_STEP][PASSED] - click(findTestObject("1-OBJECTS TAREAS PRINCIPALES/Modulo Tarea Compensacion/Ejecutar Reporte Planilla/a_Generar Reporte")): Object: 'Object Repository/1-OBJECTS TAREAS PRINCIPALES/Modulo Tarea Compensacion/Ejecutar Reporte Planilla/a_Generar Reporte' is clicked on

2023-04-10 09:05:08 - [MESSAGE][PASSED] - Object: 'Object Repository/1-OBJECTS TAREAS PRINCIPALES/Modulo Tarea Compensacion/Ejecutar Reporte Planilla/a_Generar Reporte' is clicked on

2023-04-10 09:05:08 - [TEST_STEP][PASSED] - waitForElementClickable(findTestObject("1-OBJECTS TAREAS PRINCIPALES/Modulo Tarea Compensacion/Ejecutar Reporte Planilla/a_Descargar"), 0): Object 'Object Repository/1-OBJECTS TAREAS PRINCIPALES/Modulo Tarea Compensacion/Ejecutar Reporte Planilla/a_Descargar' is clickable

2023-04-10 09:05:08 - [MESSAGE][WARNING] - Timeout '0' is invalid. Using default page load timeout: '37'

2023-04-10 09:05:08 - [MESSAGE][PASSED] - Object 'Object Repository/1-OBJECTS TAREAS PRINCIPALES/Modulo Tarea Compensacion/Ejecutar Reporte Planilla/a_Descargar' is clickable

2023-04-10 09:05:08 - [TEST_STEP][PASSED] - click(findTestObject("1-OBJECTS TAREAS PRINCIPALES/Modulo Tarea Compensacion/Ejecutar Reporte Planilla/a_Descargar")): Object: 'Object Repository/1-OBJECTS TAREAS PRINCIPALES/Modulo Tarea Compensacion/Ejecutar Reporte Planilla/a_Descargar' is clicked on

2023-04-10 09:05:09 - [MESSAGE][PASSED] - Object: 'Object Repository/1-OBJECTS TAREAS PRINCIPALES/Modulo Tarea Compensacion/Ejecutar Reporte Planilla/a_Descargar' is clicked on

2023-04-10 09:05:09 - [TEST_STEP][PASSED] - click(findTestObject("1-OBJECTS TAREAS PRINCIPALES/Modulo Tarea Compensacion/Ejecutar Reporte Planilla/a_Periodo Nomina_Cerrar")): Object: 'Object Repository/1-OBJECTS TAREAS PRINCIPALES/Modulo Tarea Compensacion/Ejecutar Reporte Planilla/a_Periodo Nomina_Cerrar' is clicked on

2023-04-10 09:05:09 - [MESSAGE][PASSED] - Object: 'Object Repository/1-OBJECTS TAREAS PRINCIPALES/Modulo Tarea Compensacion/Ejecutar Reporte Planilla/a_Periodo Nomina_Cerrar' is clicked on

2023-04-10 09:05:09 - [TEST_STEP][PASSED] - click(findTestObject("1-OBJECTS TAREAS PRINCIPALES/Modulo Tarea Compensacion/Ejecutar Reporte Planilla/label_pdf")): Object: 'Object Repository/1-OBJECTS TAREAS PRINCIPALES/Modulo Tarea Compensacion/Ejecutar Reporte Planilla/label_pdf' is clicked on

2023-04-10 09:05:10 - [MESSAGE][PASSED] - Object: 'Object Repository/1-OBJECTS TAREAS PRINCIPALES/Modulo Tarea Compensacion/Ejecutar Reporte Planilla/label_pdf' is clicked on

2023-04-10 09:05:10 - [TEST_STEP][PASSED] - waitForElementClickable(findTestObject("1-OBJECTS TAREAS PRINCIPALES/Modulo Tarea Compensacion/Ejecutar Reporte Planilla/a_Aplicar"), 0): Object 'Object Repository/1-OBJECTS TAREAS PRINCIPALES/Modulo Tarea Compensacion/Ejecutar Reporte Planilla/a_Aplicar' is clickable

2023-04-10 09:05:10 - [MESSAGE][WARNING] - Timeout '0' is invalid. Using default page load timeout: '37'

2023-04-10 09:05:10 - [MESSAGE][PASSED] - Object 'Object Repository/1-OBJECTS TAREAS PRINCIPALES/Modulo Tarea Compensacion/Ejecutar Reporte Planilla/a_Aplicar' is clickable

2023-04-10 09:05:10 - [TEST_STEP][PASSED] - click(findTestObject("1-OBJECTS TAREAS PRINCIPALES/Modulo Tarea Compensacion/Ejecutar Reporte Planilla/a_Aplicar")): Object: 'Object Repository/1-OBJECTS TAREAS PRINCIPALES/Modulo Tarea Compensacion/Ejecutar Reporte Planilla/a_Aplicar' is clicked on

2023-04-10 09:05:11 - [MESSAGE][PASSED] - Object: 'Object Repository/1-OBJECTS TAREAS PRINCIPALES/Modulo Tarea Compensacion/Ejecutar Reporte Planilla/a_Aplicar' is clicked on

2023-04-10 09:05:11 - [TEST_STEP][PASSED] - waitForElementClickable(findTestObject("1-OBJECTS TAREAS PRINCIPALES/Modulo Tarea Compensacion/Ejecutar Reporte Planilla/span_Reporte_glyphicons glyphicons-article"), 0): Object 'Object Repository/1-OBJECTS TAREAS PRINCIPALES/Modulo Tarea Compensacion/Ejecutar Reporte Planilla/span_Reporte_glyphicons glyphicons-article' is clickable

2023-04-10 09:05:11 - [MESSAGE][WARNING] - Timeout '0' is invalid. Using default page load timeout: '37'

2023-04-10 09:05:12 - [MESSAGE][PASSED] - Object 'Object Repository/1-OBJECTS TAREAS PRINCIPALES/Modulo Tarea Compensacion/Ejecutar Reporte Planilla/span_Reporte_glyphicons glyphicons-article' is clickable

2023-04-10 09:05:12 - [TEST_STEP][PASSED] - click(findTestObject("1-OBJECTS TAREAS PRINCIPALES/Modulo Tarea Compensacion/Ejecutar Reporte Planilla/span_Reporte_glyphicons glyphicons-article")): Object: 'Object Repository/1-OBJECTS TAREAS PRINCIPALES/Modulo Tarea Compensacion/Ejecutar Reporte Planilla/span_Reporte_glyphicons glyphicons-article' is clicked on

2023-04-10 09:05:12 - [MESSAGE][PASSED] - Object: 'Object Repository/1-OBJECTS TAREAS PRINCIPALES/Modulo Tarea Compensacion/Ejecutar Reporte Planilla/span_Reporte_glyphicons glyphicons-article' is clicked on

2023-04-10 09:05:12 - [TEST_STEP][PASSED] - click(findTestObject("1-OBJECTS TAREAS PRINCIPALES/Modulo Tarea Compensacion/Ejecutar Reporte Planilla/a_Generar Reporte")): Object: 'Object Repository/1-OBJECTS TAREAS PRINCIPALES/Modulo Tarea Compensacion/Ejecutar Reporte Planilla/a_Generar Reporte' is clicked on

2023-04-10 09:05:13 - [MESSAGE][PASSED] - Object: 'Object Repository/1-OBJECTS TAREAS PRINCIPALES/Modulo Tarea Compensacion/Ejecutar Reporte Planilla/a_Generar Reporte' is clicked on

2023-04-10 09:05:13 - [TEST_STEP][PASSED] - waitForElementClickable(findTestObject("1-OBJECTS TAREAS PRINCIPALES/Modulo Tarea Compensacion/Ejecutar Reporte Planilla/a_Descargar"), 0): Object 'Object Repository/1-OBJECTS TAREAS PRINCIPALES/Modulo Tarea Compensacion/Ejecutar Reporte Planilla/a_Descargar' is clickable

2023-04-10 09:05:13 - [MESSAGE][WARNING] - Timeout '0' is invalid. Using default page load timeout: '37'

2023-04-10 09:05:13 - [MESSAGE][PASSED] - Object 'Object Repository/1-OBJECTS TAREAS PRINCIPALES/Modulo Tarea Compensacion/Ejecutar Reporte Planilla/a_Descargar' is clickable

2023-04-10 09:05:13 - [TEST_STEP][PASSED] - click(findTestObject("1-OBJECTS TAREAS PRINCIPALES/Modulo Tarea Compensacion/Ejecutar Reporte Planilla/a_Descargar")): Object: 'Object Repository/1-OBJECTS TAREAS PRINCIPALES/Modulo Tarea Compensacion/Ejecutar Reporte Planilla/a_Descargar' is clicked on

2023-04-10 09:05:14 - [MESSAGE][PASSED] - Object: 'Object Repository/1-OBJECTS TAREAS PRINCIPALES/Modulo Tarea Compensacion/Ejecutar Reporte Planilla/a_Descargar' is clicked on

2023-04-10 09:05:14 - [TEST_STEP][PASSED] - click(findTestObject("1-OBJECTS TAREAS PRINCIPALES/Modulo Tarea Compensacion/Ejecutar Reporte Planilla/a_Periodo Nomina_Cerrar")): Object: 'Object Repository/1-OBJECTS TAREAS PRINCIPALES/Modulo Tarea Compensacion/Ejecutar Reporte Planilla/a_Periodo Nomina_Cerrar' is clicked on

2023-04-10 09:05:14 - [MESSAGE][PASSED] - Object: 'Object Repository/1-OBJECTS TAREAS PRINCIPALES/Modulo Tarea Compensacion/Ejecutar Reporte Planilla/a_Periodo Nomina_Cerrar' is clicked on

2023-04-10 09:05:14 - [TEST_STEP][PASSED] - setText(findTestObject("1-OBJECTS TAREAS PRINCIPALES/Modulo Tarea Compensacion/Ejecutar Reporte Planilla/input_Actos Administrativos_ejecutarReporte"), "PNP - PAGO DE NOMINA"): Text 'PNP - PAGO DE NOMINA' is set on object 'Object Repository/1-OBJECTS TAREAS PRINCIPALES/Modulo Tarea Compensacion/Ejecutar Reporte Planilla/input_Actos Administrativos_ejecutarReporte'

2023-04-10 09:05:15 - [MESSAGE][PASSED] - Text 'PNP - PAGO DE NOMINA' is set on object 'Object Repository/1-OBJECTS TAREAS PRINCIPALES/Modulo Tarea Compensacion/Ejecutar Reporte Planilla/input_Actos Administrativos_ejecutarReporte'

2023-04-10 09:05:15 - [TEST_STEP][PASSED] - click(findTestObject("1-OBJECTS TAREAS PRINCIPALES/Modulo Tarea Compensacion/Ejecutar Reporte Planilla/a_Actos Administrativos_ejecutarReportePlanillaj_idt61")): Object: 'Object Repository/1-OBJECTS TAREAS PRINCIPALES/Modulo Tarea Compensacion/Ejecutar Reporte Planilla/a_Actos Administrativos_ejecutarReportePlanillaj_idt61' is clicked on

2023-04-10 09:05:16 - [MESSAGE][PASSED] - Object: 'Object Repository/1-OBJECTS TAREAS PRINCIPALES/Modulo Tarea Compensacion/Ejecutar Reporte Planilla/a_Actos Administrativos_ejecutarReportePlanillaj_idt61' is clicked on

2023-04-10 09:05:16 - [TEST_STEP][PASSED] - click(findTestObject("1-OBJECTS TAREAS PRINCIPALES/Modulo Tarea Compensacion/Ejecutar Reporte Planilla/a_Actos Administrativos_ejecutarReportePlanillaj_idt61")): Object: 'Object Repository/1-OBJECTS TAREAS PRINCIPALES/Modulo Tarea Compensacion/Ejecutar Reporte Planilla/a_Actos Administrativos_ejecutarReportePlanillaj_idt61' is clicked on

2023-04-10 09:05:16 - [MESSAGE][PASSED] - Object: 'Object Repository/1-OBJECTS TAREAS PRINCIPALES/Modulo Tarea Compensacion/Ejecutar Reporte Planilla/a_Actos Administrativos_ejecutarReportePlanillaj_idt61' is clicked on

2023-04-10 09:05:16 - [TEST_STEP][PASSED] - waitForElementClickable(findTestObject("1-OBJECTS TAREAS PRINCIPALES/Modulo Tarea Compensacion/Ejecutar Reporte Planilla/td_CNC- CONSOLIDADO PERIODO DE NOMINA POR LINEA CCOSTO"), 0): Object 'Object Repository/1-OBJECTS TAREAS PRINCIPALES/Modulo Tarea Compensacion/Ejecutar Reporte Planilla/td_CNC- CONSOLIDADO PERIODO DE NOMINA POR LINEA CCOSTO' is clickable

2023-04-10 09:05:16 - [MESSAGE][WARNING] - Timeout '0' is invalid. Using default page load timeout: '37'

2023-04-10 09:05:17 - [MESSAGE][PASSED] - Object 'Object Repository/1-OBJECTS TAREAS PRINCIPALES/Modulo Tarea Compensacion/Ejecutar Reporte Planilla/td_CNC- CONSOLIDADO PERIODO DE NOMINA POR LINEA CCOSTO' is clickable

2023-04-10 09:05:17 - [TEST_STEP][PASSED] - click(findTestObject("1-OBJECTS TAREAS PRINCIPALES/Modulo Tarea Compensacion/Ejecutar Reporte Planilla/td_CNC- CONSOLIDADO PERIODO DE NOMINA POR LINEA CCOSTO")): Object: 'Object Repository/1-OBJECTS TAREAS PRINCIPALES/Modulo Tarea Compensacion/Ejecutar Reporte Planilla/td_CNC- CONSOLIDADO PERIODO DE NOMINA POR LINEA CCOSTO' is clicked on

2023-04-10 09:05:18 - [MESSAGE][PASSED] - Object: 'Object Repository/1-OBJECTS TAREAS PRINCIPALES/Modulo Tarea Compensacion/Ejecutar Reporte Planilla/td_CNC- CONSOLIDADO PERIODO DE NOMINA POR LINEA CCOSTO' is clicked on

2023-04-10 09:05:18 - [TEST_STEP][PASSED] - click(findTestObject("1-OBJECTS TAREAS PRINCIPALES/Modulo Tarea Compensacion/Ejecutar Reporte Planilla/a_Periodo Nomina_ejecutarReportePlanillaj_idt73")): Object: 'Object Repository/1-OBJECTS TAREAS PRINCIPALES/Modulo Tarea Compensacion/Ejecutar Reporte Planilla/a_Periodo Nomina_ejecutarReportePlanillaj_idt73' is clicked on

2023-04-10 09:05:18 - [MESSAGE][PASSED] - Object: 'Object Repository/1-OBJECTS TAREAS PRINCIPALES/Modulo Tarea Compensacion/Ejecutar Reporte Planilla/a_Periodo Nomina_ejecutarReportePlanillaj_idt73' is clicked on

2023-04-10 09:05:18 - [TEST_STEP][PASSED] - selectOptionByIndex(findTestObject("1-OBJECTS TAREAS PRINCIPALES/Modulo Tarea Compensacion/Ejecutar Reporte Planilla/select_--  Seleccione  --Periodo CerradoPeriodo en Proceso"), "2", STOP_ON_FAILURE): All options with index in [2] are selected on object 'Object Repository/1-OBJECTS TAREAS PRINCIPALES/Modulo Tarea Compensacion/Ejecutar Reporte Planilla/select_--  Seleccione  --Periodo CerradoPeriodo en Proceso'

2023-04-10 09:05:20 - [MESSAGE][PASSED] - All options with index in [2] are selected on object 'Object Repository/1-OBJECTS TAREAS PRINCIPALES/Modulo Tarea Compensacion/Ejecutar Reporte Planilla/select_--  Seleccione  --Periodo CerradoPeriodo en Proceso'

2023-04-10 09:05:20 - [TEST_STEP][PASSED] - waitForElementClickable(findTestObject("1-OBJECTS TAREAS PRINCIPALES/Modulo Tarea Compensacion/Ejecutar Reporte Planilla/span_P. MensualJunio2021"), 0): Object 'Object Repository/1-OBJECTS TAREAS PRINCIPALES/Modulo Tarea Compensacion/Ejecutar Reporte Planilla/span_P. MensualJunio2021' is clickable

2023-04-10 09:05:20 - [MESSAGE][WARNING] - Timeout '0' is invalid. Using default page load timeout: '37'

2023-04-10 09:05:20 - [MESSAGE][PASSED] - Object 'Object Repository/1-OBJECTS TAREAS PRINCIPALES/Modulo Tarea Compensacion/Ejecutar Reporte Planilla/span_P. MensualJunio2021' is clickable

2023-04-10 09:05:20 - [TEST_STEP][PASSED] - click(findTestObject("1-OBJECTS TAREAS PRINCIPALES/Modulo Tarea Compensacion/Ejecutar Reporte Planilla/span_P. MensualJunio2021")): Object: 'Object Repository/1-OBJECTS TAREAS PRINCIPALES/Modulo Tarea Compensacion/Ejecutar Reporte Planilla/span_P. MensualJunio2021' is clicked on

2023-04-10 09:05:21 - [MESSAGE][PASSED] - Object: 'Object Repository/1-OBJECTS TAREAS PRINCIPALES/Modulo Tarea Compensacion/Ejecutar Reporte Planilla/span_P. MensualJunio2021' is clicked on

2023-04-10 09:05:21 - [TEST_STEP][PASSED] - click(findTestObject("1-OBJECTS TAREAS PRINCIPALES/Modulo Tarea Compensacion/Ejecutar Reporte Planilla/label_xlsData")): Object: 'Object Repository/1-OBJECTS TAREAS PRINCIPALES/Modulo Tarea Compensacion/Ejecutar Reporte Planilla/label_xlsData' is clicked on

2023-04-10 09:05:21 - [MESSAGE][PASSED] - Object: 'Object Repository/1-OBJECTS TAREAS PRINCIPALES/Modulo Tarea Compensacion/Ejecutar Reporte Planilla/label_xlsData' is clicked on

2023-04-10 09:05:21 - [TEST_STEP][PASSED] - click(findTestObject("1-OBJECTS TAREAS PRINCIPALES/Modulo Tarea Compensacion/Ejecutar Reporte Planilla/a_Aplicar")): Object: 'Object Repository/1-OBJECTS TAREAS PRINCIPALES/Modulo Tarea Compensacion/Ejecutar Reporte Planilla/a_Aplicar' is clicked on

2023-04-10 09:05:22 - [MESSAGE][PASSED] - Object: 'Object Repository/1-OBJECTS TAREAS PRINCIPALES/Modulo Tarea Compensacion/Ejecutar Reporte Planilla/a_Aplicar' is clicked on

2023-04-10 09:05:22 - [TEST_STEP][PASSED] - waitForElementClickable(findTestObject("1-OBJECTS TAREAS PRINCIPALES/Modulo Tarea Compensacion/Ejecutar Reporte Planilla/span_Reporte_glyphicons glyphicons-article"), 0): Object 'Object Repository/1-OBJECTS TAREAS PRINCIPALES/Modulo Tarea Compensacion/Ejecutar Reporte Planilla/span_Reporte_glyphicons glyphicons-article' is clickable

2023-04-10 09:05:22 - [MESSAGE][WARNING] - Timeout '0' is invalid. Using default page load timeout: '37'

2023-04-10 09:05:22 - [MESSAGE][PASSED] - Object 'Object Repository/1-OBJECTS TAREAS PRINCIPALES/Modulo Tarea Compensacion/Ejecutar Reporte Planilla/span_Reporte_glyphicons glyphicons-article' is clickable

2023-04-10 09:05:22 - [TEST_STEP][PASSED] - click(findTestObject("1-OBJECTS TAREAS PRINCIPALES/Modulo Tarea Compensacion/Ejecutar Reporte Planilla/span_Reporte_glyphicons glyphicons-article")): Object: 'Object Repository/1-OBJECTS TAREAS PRINCIPALES/Modulo Tarea Compensacion/Ejecutar Reporte Planilla/span_Reporte_glyphicons glyphicons-article' is clicked on

2023-04-10 09:05:23 - [MESSAGE][PASSED] - Object: 'Object Repository/1-OBJECTS TAREAS PRINCIPALES/Modulo Tarea Compensacion/Ejecutar Reporte Planilla/span_Reporte_glyphicons glyphicons-article' is clicked on

2023-04-10 09:05:23 - [TEST_STEP][PASSED] - click(findTestObject("1-OBJECTS TAREAS PRINCIPALES/Modulo Tarea Compensacion/Ejecutar Reporte Planilla/a_Generar Reporte")): Object: 'Object Repository/1-OBJECTS TAREAS PRINCIPALES/Modulo Tarea Compensacion/Ejecutar Reporte Planilla/a_Generar Reporte' is clicked on

2023-04-10 09:05:23 - [MESSAGE][PASSED] - Object: 'Object Repository/1-OBJECTS TAREAS PRINCIPALES/Modulo Tarea Compensacion/Ejecutar Reporte Planilla/a_Generar Reporte' is clicked on

2023-04-10 09:05:23 - [TEST_STEP][PASSED] - waitForElementClickable(findTestObject("1-OBJECTS TAREAS PRINCIPALES/Modulo Tarea Compensacion/Ejecutar Reporte Planilla/a_Descargar"), 0): Object 'Object Repository/1-OBJECTS TAREAS PRINCIPALES/Modulo Tarea Compensacion/Ejecutar Reporte Planilla/a_Descargar' is clickable

2023-04-10 09:05:23 - [MESSAGE][WARNING] - Timeout '0' is invalid. Using default page load timeout: '37'

2023-04-10 09:05:28 - [MESSAGE][PASSED] - Object 'Object Repository/1-OBJECTS TAREAS PRINCIPALES/Modulo Tarea Compensacion/Ejecutar Reporte Planilla/a_Descargar' is clickable

2023-04-10 09:05:28 - [TEST_STEP][PASSED] - click(findTestObject("1-OBJECTS TAREAS PRINCIPALES/Modulo Tarea Compensacion/Ejecutar Reporte Planilla/a_Descargar")): Object: 'Object Repository/1-OBJECTS TAREAS PRINCIPALES/Modulo Tarea Compensacion/Ejecutar Reporte Planilla/a_Descargar' is clicked on

2023-04-10 09:05:28 - [MESSAGE][PASSED] - Object: 'Object Repository/1-OBJECTS TAREAS PRINCIPALES/Modulo Tarea Compensacion/Ejecutar Reporte Planilla/a_Descargar' is clicked on

2023-04-10 09:05:28 - [TEST_STEP][PASSED] - click(findTestObject("1-OBJECTS TAREAS PRINCIPALES/Modulo Tarea Compensacion/Ejecutar Reporte Planilla/a_Periodo Nomina_Cerrar")): Object: 'Object Repository/1-OBJECTS TAREAS PRINCIPALES/Modulo Tarea Compensacion/Ejecutar Reporte Planilla/a_Periodo Nomina_Cerrar' is clicked on

2023-04-10 09:05:29 - [MESSAGE][PASSED] - Object: 'Object Repository/1-OBJECTS TAREAS PRINCIPALES/Modulo Tarea Compensacion/Ejecutar Reporte Planilla/a_Periodo Nomina_Cerrar' is clicked on

2023-04-10 09:05:29 - [TEST_STEP][PASSED] - click(findTestObject("1-OBJECTS TAREAS PRINCIPALES/Modulo Tarea Compensacion/Ejecutar Reporte Planilla/label_pdf")): Object: 'Object Repository/1-OBJECTS TAREAS PRINCIPALES/Modulo Tarea Compensacion/Ejecutar Reporte Planilla/label_pdf' is clicked on

2023-04-10 09:05:29 - [MESSAGE][PASSED] - Object: 'Object Repository/1-OBJECTS TAREAS PRINCIPALES/Modulo Tarea Compensacion/Ejecutar Reporte Planilla/label_pdf' is clicked on

2023-04-10 09:05:29 - [TEST_STEP][PASSED] - waitForElementClickable(findTestObject("1-OBJECTS TAREAS PRINCIPALES/Modulo Tarea Compensacion/Ejecutar Reporte Planilla/a_Aplicar"), 0): Object 'Object Repository/1-OBJECTS TAREAS PRINCIPALES/Modulo Tarea Compensacion/Ejecutar Reporte Planilla/a_Aplicar' is clickable

2023-04-10 09:05:29 - [MESSAGE][WARNING] - Timeout '0' is invalid. Using default page load timeout: '37'

2023-04-10 09:05:30 - [MESSAGE][PASSED] - Object 'Object Repository/1-OBJECTS TAREAS PRINCIPALES/Modulo Tarea Compensacion/Ejecutar Reporte Planilla/a_Aplicar' is clickable

2023-04-10 09:05:30 - [TEST_STEP][PASSED] - click(findTestObject("1-OBJECTS TAREAS PRINCIPALES/Modulo Tarea Compensacion/Ejecutar Reporte Planilla/a_Aplicar")): Object: 'Object Repository/1-OBJECTS TAREAS PRINCIPALES/Modulo Tarea Compensacion/Ejecutar Reporte Planilla/a_Aplicar' is clicked on

2023-04-10 09:05:30 - [MESSAGE][PASSED] - Object: 'Object Repository/1-OBJECTS TAREAS PRINCIPALES/Modulo Tarea Compensacion/Ejecutar Reporte Planilla/a_Aplicar' is clicked on

2023-04-10 09:05:30 - [TEST_STEP][PASSED] - waitForElementClickable(findTestObject("1-OBJECTS TAREAS PRINCIPALES/Modulo Tarea Compensacion/Ejecutar Reporte Planilla/span_Reporte_glyphicons glyphicons-article"), 0): Object 'Object Repository/1-OBJECTS TAREAS PRINCIPALES/Modulo Tarea Compensacion/Ejecutar Reporte Planilla/span_Reporte_glyphicons glyphicons-article' is clickable

2023-04-10 09:05:30 - [MESSAGE][WARNING] - Timeout '0' is invalid. Using default page load timeout: '37'

2023-04-10 09:05:31 - [MESSAGE][PASSED] - Object 'Object Repository/1-OBJECTS TAREAS PRINCIPALES/Modulo Tarea Compensacion/Ejecutar Reporte Planilla/span_Reporte_glyphicons glyphicons-article' is clickable

2023-04-10 09:05:31 - [TEST_STEP][PASSED] - click(findTestObject("1-OBJECTS TAREAS PRINCIPALES/Modulo Tarea Compensacion/Ejecutar Reporte Planilla/span_Reporte_glyphicons glyphicons-article")): Object: 'Object Repository/1-OBJECTS TAREAS PRINCIPALES/Modulo Tarea Compensacion/Ejecutar Reporte Planilla/span_Reporte_glyphicons glyphicons-article' is clicked on

2023-04-10 09:05:32 - [MESSAGE][PASSED] - Object: 'Object Repository/1-OBJECTS TAREAS PRINCIPALES/Modulo Tarea Compensacion/Ejecutar Reporte Planilla/span_Reporte_glyphicons glyphicons-article' is clicked on

2023-04-10 09:05:32 - [TEST_STEP][PASSED] - click(findTestObject("1-OBJECTS TAREAS PRINCIPALES/Modulo Tarea Compensacion/Ejecutar Reporte Planilla/a_Generar Reporte")): Object: 'Object Repository/1-OBJECTS TAREAS PRINCIPALES/Modulo Tarea Compensacion/Ejecutar Reporte Planilla/a_Generar Reporte' is clicked on

2023-04-10 09:05:32 - [MESSAGE][PASSED] - Object: 'Object Repository/1-OBJECTS TAREAS PRINCIPALES/Modulo Tarea Compensacion/Ejecutar Reporte Planilla/a_Generar Reporte' is clicked on

2023-04-10 09:05:32 - [TEST_STEP][PASSED] - waitForElementClickable(findTestObject("1-OBJECTS TAREAS PRINCIPALES/Modulo Tarea Compensacion/Ejecutar Reporte Planilla/a_Descargar"), 0): Object 'Object Repository/1-OBJECTS TAREAS PRINCIPALES/Modulo Tarea Compensacion/Ejecutar Reporte Planilla/a_Descargar' is clickable

2023-04-10 09:05:32 - [MESSAGE][WARNING] - Timeout '0' is invalid. Using default page load timeout: '37'

2023-04-10 09:05:36 - [MESSAGE][PASSED] - Object 'Object Repository/1-OBJECTS TAREAS PRINCIPALES/Modulo Tarea Compensacion/Ejecutar Reporte Planilla/a_Descargar' is clickable

2023-04-10 09:05:36 - [TEST_STEP][PASSED] - click(findTestObject("1-OBJECTS TAREAS PRINCIPALES/Modulo Tarea Compensacion/Ejecutar Reporte Planilla/a_Descargar")): Object: 'Object Repository/1-OBJECTS TAREAS PRINCIPALES/Modulo Tarea Compensacion/Ejecutar Reporte Planilla/a_Descargar' is clicked on

2023-04-10 09:05:37 - [MESSAGE][PASSED] - Object: 'Object Repository/1-OBJECTS TAREAS PRINCIPALES/Modulo Tarea Compensacion/Ejecutar Reporte Planilla/a_Descargar' is clicked on

2023-04-10 09:05:37 - [TEST_STEP][PASSED] - click(findTestObject("1-OBJECTS TAREAS PRINCIPALES/Modulo Tarea Compensacion/Ejecutar Reporte Planilla/a_Periodo Nomina_Cerrar")): Object: 'Object Repository/1-OBJECTS TAREAS PRINCIPALES/Modulo Tarea Compensacion/Ejecutar Reporte Planilla/a_Periodo Nomina_Cerrar' is clicked on

2023-04-10 09:05:37 - [MESSAGE][PASSED] - Object: 'Object Repository/1-OBJECTS TAREAS PRINCIPALES/Modulo Tarea Compensacion/Ejecutar Reporte Planilla/a_Periodo Nomina_Cerrar' is clicked on

2023-04-10 09:05:37 - [TEST_STEP][PASSED] - delay(2): Delayed 2 second(s)

2023-04-10 09:05:39 - [MESSAGE][PASSED] - Delayed 2 second(s)

2023-04-10 09:05:39 - [TEST_STEP][PASSED] - r1 = "": null

2023-04-10 09:05:39 - [TEST_STEP][PASSED] - r2 = "": null

2023-04-10 09:05:39 - [TEST_STEP][PASSED] - r3 = "": null

2023-04-10 09:05:39 - [TEST_STEP][PASSED] - r4 = "": null

2023-04-10 09:05:39 - [TEST_STEP][PASSED] - r5 = "": null

2023-04-10 09:05:39 - [TEST_STEP][PASSED] - r6 = "": null

2023-04-10 09:05:39 - [TEST_STEP][PASSED] - r7 = "": null

2023-04-10 09:05:39 - [TEST_STEP][PASSED] - r8 = "": null

2023-04-10 09:05:39 - [TEST_STEP][PASSED] - r9 = "": null

2023-04-10 09:05:39 - [TEST_STEP][PASSED] - r10 = "": null

2023-04-10 09:05:39 - [TEST_STEP][PASSED] - r11 = "": null

2023-04-10 09:05:39 - [TEST_STEP][PASSED] - r12 = "": null

2023-04-10 09:05:39 - [TEST_STEP][PASSED] - r13 = "": null

2023-04-10 09:05:39 - [TEST_STEP][PASSED] - r14 = "": null

2023-04-10 09:05:39 - [TEST_STEP][PASSED] - r15 = "": null

2023-04-10 09:05:39 - [TEST_STEP][PASSED] - r16 = "": null

2023-04-10 09:05:39 - [TEST_STEP][PASSED] - if (Navegador == "Firefox"): null

2023-04-10 09:05:39 - [TEST_STEP][PASSED] - Assert.assertTrue(archivoDescargado(rutaA, Archivo, Archivo1, Archivo2, Archivo3, Archivo4, Archivo5, Archivo6, Archivo7, Archivo8, Archivo9, Archivo10, Archivo11, Archivo12, Archivo13, Archivo14, Archivo15, r1, r2, r3, r4, r5, r6, r7, r8, r9, r10, r11, r12, r13, r14, r15, r16)): null

2023-04-10 09:05:39 - [TEST_STEP][PASSED] - dir = new java.io.File(rutaA): null

2023-04-10 09:05:39 - [TEST_STEP][PASSED] - dirContenidos = dir.listFiles(): null

2023-04-10 09:05:39 - [TEST_STEP][PASSED] - for ([i = 0, i < length, (i++)]): null

2023-04-10 09:05:39 - [TEST_STEP][PASSED] - if (getName().equals(Archivo)): null

2023-04-10 09:05:39 - [TEST_STEP][PASSED] - if (getName().equals(Archivo)): null

2023-04-10 09:05:39 - [TEST_STEP][PASSED] - if (getName().equals(Archivo)): null

2023-04-10 09:05:39 - [TEST_STEP][PASSED] - if (getName().equals(Archivo)): null

2023-04-10 09:05:39 - [TEST_STEP][PASSED] - if (getName().equals(Archivo)): null

2023-04-10 09:05:39 - [TEST_STEP][PASSED] - if (getName().equals(Archivo)): null

2023-04-10 09:05:39 - [TEST_STEP][PASSED] - if (getName().equals(Archivo)): null

2023-04-10 09:05:39 - [TEST_STEP][PASSED] - if (getName().equals(Archivo)): null

2023-04-10 09:05:39 - [TEST_STEP][PASSED] - if (getName().equals(Archivo)): null

2023-04-10 09:05:39 - [TEST_STEP][PASSED] - if (getName().equals(Archivo)): null

2023-04-10 09:05:39 - [TEST_STEP][PASSED] - if (getName().equals(Archivo)): null

2023-04-10 09:05:39 - [TEST_STEP][PASSED] - if (getName().equals(Archivo)): null

2023-04-10 09:05:39 - [TEST_STEP][PASSED] - if (getName().equals(Archivo)): null

2023-04-10 09:05:39 - [TEST_STEP][PASSED] - if (getName().equals(Archivo)): null

2023-04-10 09:05:39 - [TEST_STEP][PASSED] - if (getName().equals(Archivo)): null

2023-04-10 09:05:39 - [TEST_STEP][PASSED] - dirContenidos[i].delete(): null

2023-04-10 09:05:39 - [TEST_STEP][PASSED] - out.println(dirContenidos): null

2023-04-10 09:05:39 - [TEST_STEP][PASSED] - r1 = "ok": null

2023-04-10 09:05:39 - [TEST_STEP][PASSED] - out.println(r1): null

2023-04-10 09:05:39 - [TEST_STEP][PASSED] - if (getName().equals(Archivo)): null

2023-04-10 09:05:39 - [TEST_STEP][PASSED] - if (getName().equals(Archivo)): null

2023-04-10 09:05:39 - [TEST_STEP][PASSED] - else if (getName().equals(Archivo14)): null

2023-04-10 09:05:39 - [TEST_STEP][PASSED] - dirContenidos[i].delete(): null

2023-04-10 09:05:39 - [TEST_STEP][PASSED] - out.println(dirContenidos): null

2023-04-10 09:05:39 - [TEST_STEP][PASSED] - r1 = "ok": null

2023-04-10 09:05:39 - [TEST_STEP][PASSED] - println(r1): null

2023-04-10 09:05:39 - [TEST_STEP][PASSED] - if (getName().equals(Archivo)): null

2023-04-10 09:05:39 - [TEST_STEP][PASSED] - if (getName().equals(Archivo)): null

2023-04-10 09:05:39 - [TEST_STEP][PASSED] - if (getName().equals(Archivo)): null

2023-04-10 09:05:39 - [TEST_STEP][PASSED] - if (getName().equals(Archivo)): null

2023-04-10 09:05:39 - [TEST_STEP][PASSED] - if (getName().equals(Archivo)): null

2023-04-10 09:05:39 - [TEST_STEP][PASSED] - if (getName().equals(Archivo)): null

2023-04-10 09:05:39 - [TEST_STEP][PASSED] - if (getName().equals(Archivo)): null

2023-04-10 09:05:39 - [TEST_STEP][PASSED] - if (getName().equals(Archivo)): null

2023-04-10 09:05:39 - [TEST_STEP][PASSED] - if (getName().equals(Archivo)): null

2023-04-10 09:05:39 - [TEST_STEP][PASSED] - if (getName().equals(Archivo)): null

2023-04-10 09:05:39 - [TEST_STEP][PASSED] - if (getName().equals(Archivo)): null

2023-04-10 09:05:39 - [TEST_STEP][PASSED] - if (getName().equals(Archivo)): null

2023-04-10 09:05:39 - [TEST_STEP][PASSED] - if (getName().equals(Archivo)): null

2023-04-10 09:05:39 - [TEST_STEP][PASSED] - if (getName().equals(Archivo)): null

2023-04-10 09:05:39 - [TEST_STEP][PASSED] - if (getName().equals(Archivo)): null

2023-04-10 09:05:39 - [TEST_STEP][PASSED] - if (getName().equals(Archivo)): null

2023-04-10 09:05:39 - [TEST_STEP][PASSED] - for ([i = 0, i < length, (i++)]): null

2023-04-10 09:05:39 - [TEST_STEP][PASSED] - dirContenidos[i].delete(): null

2023-04-10 09:05:39 - [TEST_STEP][PASSED] - out.println(dirContenidos): null

2023-04-10 09:05:39 - [TEST_STEP][PASSED] - if (getName().equals(Archivo1)): null

2023-04-10 09:05:39 - [TEST_STEP][PASSED] - dirContenidos[i].delete(): null

2023-04-10 09:05:39 - [TEST_STEP][PASSED] - out.println(dirContenidos): null

2023-04-10 09:05:39 - [TEST_STEP][PASSED] - if (getName().equals(Archivo1)): null

2023-04-10 09:05:39 - [TEST_STEP][PASSED] - dirContenidos[i].delete(): null

2023-04-10 09:05:39 - [TEST_STEP][PASSED] - out.println(dirContenidos): null

2023-04-10 09:05:39 - [TEST_STEP][PASSED] - if (getName().equals(Archivo1)): null

2023-04-10 09:05:39 - [TEST_STEP][PASSED] - dirContenidos[i].delete(): null

2023-04-10 09:05:39 - [TEST_STEP][PASSED] - out.println(dirContenidos): null

2023-04-10 09:05:39 - [TEST_STEP][PASSED] - if (getName().equals(Archivo1)): null

2023-04-10 09:05:39 - [TEST_STEP][PASSED] - dirContenidos[i].delete(): null

2023-04-10 09:05:39 - [TEST_STEP][PASSED] - out.println(dirContenidos): null

2023-04-10 09:05:39 - [TEST_STEP][PASSED] - if (getName().equals(Archivo1)): null

2023-04-10 09:05:39 - [TEST_STEP][PASSED] - dirContenidos[i].delete(): null

2023-04-10 09:05:39 - [TEST_STEP][PASSED] - out.println(dirContenidos): null

2023-04-10 09:05:39 - [TEST_STEP][PASSED] - if (getName().equals(Archivo1)): null

2023-04-10 09:05:39 - [TEST_STEP][PASSED] - dirContenidos[i].delete(): null

2023-04-10 09:05:39 - [TEST_STEP][PASSED] - out.println(dirContenidos): null

2023-04-10 09:05:39 - [TEST_STEP][PASSED] - if (getName().equals(Archivo1)): null

2023-04-10 09:05:39 - [TEST_STEP][PASSED] - dirContenidos[i].delete(): null

2023-04-10 09:05:39 - [TEST_STEP][PASSED] - out.println(dirContenidos): null

2023-04-10 09:05:39 - [TEST_STEP][PASSED] - if (getName().equals(Archivo1)): null

2023-04-10 09:05:39 - [TEST_STEP][PASSED] - dirContenidos[i].delete(): null

2023-04-10 09:05:39 - [TEST_STEP][PASSED] - out.println(dirContenidos): null

2023-04-10 09:05:39 - [TEST_STEP][PASSED] - if (getName().equals(Archivo1)): null

2023-04-10 09:05:39 - [TEST_STEP][PASSED] - dirContenidos[i].delete(): null

2023-04-10 09:05:39 - [TEST_STEP][PASSED] - out.println(dirContenidos): null

2023-04-10 09:05:39 - [TEST_STEP][PASSED] - if (getName().equals(Archivo1)): null

2023-04-10 09:05:39 - [TEST_STEP][PASSED] - dirContenidos[i].delete(): null

2023-04-10 09:05:39 - [TEST_STEP][PASSED] - out.println(dirContenidos): null

2023-04-10 09:05:39 - [TEST_STEP][PASSED] - if (getName().equals(Archivo1)): null

2023-04-10 09:05:39 - [TEST_STEP][PASSED] - dirContenidos[i].delete(): null

2023-04-10 09:05:39 - [TEST_STEP][PASSED] - out.println(dirContenidos): null

2023-04-10 09:05:39 - [TEST_STEP][PASSED] - if (getName().equals(Archivo1)): null

2023-04-10 09:05:39 - [TEST_STEP][PASSED] - dirContenidos[i].delete(): null

2023-04-10 09:05:39 - [TEST_STEP][PASSED] - out.println(dirContenidos): null

2023-04-10 09:05:39 - [TEST_STEP][PASSED] - if (getName().equals(Archivo1)): null

2023-04-10 09:05:39 - [TEST_STEP][PASSED] - dirContenidos[i].delete(): null

2023-04-10 09:05:39 - [TEST_STEP][PASSED] - out.println(dirContenidos): null

2023-04-10 09:05:39 - [TEST_STEP][PASSED] - if (getName().equals(Archivo1)): null

2023-04-10 09:05:39 - [TEST_STEP][PASSED] - dirContenidos[i].delete(): null

2023-04-10 09:05:39 - [TEST_STEP][PASSED] - out.println(dirContenidos): null

2023-04-10 09:05:39 - [TEST_STEP][PASSED] - if (getName().equals(Archivo1)): null

2023-04-10 09:05:39 - [TEST_STEP][PASSED] - dirContenidos[i].delete(): null

2023-04-10 09:05:39 - [TEST_STEP][PASSED] - out.println(dirContenidos): null

2023-04-10 09:05:39 - [TEST_STEP][PASSED] - if (getName().equals(Archivo1)): null

2023-04-10 09:05:39 - [TEST_STEP][PASSED] - dirContenidos[i].delete(): null

2023-04-10 09:05:39 - [TEST_STEP][PASSED] - r2 = "ok": null

2023-04-10 09:05:39 - [TEST_STEP][PASSED] - out.println(r2): null

2023-04-10 09:05:39 - [TEST_STEP][PASSED] - dirContenidos[i].delete(): null

2023-04-10 09:05:39 - [TEST_STEP][PASSED] - out.println(dirContenidos): null

2023-04-10 09:05:39 - [TEST_STEP][PASSED] - if (getName().equals(Archivo1)): null

2023-04-10 09:05:39 - [TEST_STEP][PASSED] - dirContenidos[i].delete(): null

2023-04-10 09:05:39 - [TEST_STEP][PASSED] - out.println(dirContenidos): null

2023-04-10 09:05:39 - [TEST_STEP][PASSED] - if (getName().equals(Archivo1)): null

2023-04-10 09:05:39 - [TEST_STEP][PASSED] - else if (getName().equals(Archivo15)): null

2023-04-10 09:05:39 - [TEST_STEP][PASSED] - dirContenidos[i].delete(): null

2023-04-10 09:05:39 - [TEST_STEP][PASSED] - r2 = "ok": null

2023-04-10 09:05:39 - [TEST_STEP][PASSED] - println(r2): null

2023-04-10 09:05:39 - [TEST_STEP][PASSED] - dirContenidos[i].delete(): null

2023-04-10 09:05:39 - [TEST_STEP][PASSED] - out.println(dirContenidos): null

2023-04-10 09:05:39 - [TEST_STEP][PASSED] - if (getName().equals(Archivo1)): null

2023-04-10 09:05:39 - [TEST_STEP][PASSED] - dirContenidos[i].delete(): null

2023-04-10 09:05:39 - [TEST_STEP][PASSED] - out.println(dirContenidos): null

2023-04-10 09:05:39 - [TEST_STEP][PASSED] - if (getName().equals(Archivo1)): null

2023-04-10 09:05:39 - [TEST_STEP][PASSED] - dirContenidos[i].delete(): null

2023-04-10 09:05:39 - [TEST_STEP][PASSED] - out.println(dirContenidos): null

2023-04-10 09:05:39 - [TEST_STEP][PASSED] - if (getName().equals(Archivo1)): null

2023-04-10 09:05:39 - [TEST_STEP][PASSED] - dirContenidos[i].delete(): null

2023-04-10 09:05:39 - [TEST_STEP][PASSED] - out.println(dirContenidos): null

2023-04-10 09:05:39 - [TEST_STEP][PASSED] - if (getName().equals(Archivo1)): null

2023-04-10 09:05:39 - [TEST_STEP][PASSED] - dirContenidos[i].delete(): null

2023-04-10 09:05:39 - [TEST_STEP][PASSED] - out.println(dirContenidos): null

2023-04-10 09:05:39 - [TEST_STEP][PASSED] - if (getName().equals(Archivo1)): null

2023-04-10 09:05:39 - [TEST_STEP][PASSED] - dirContenidos[i].delete(): null

2023-04-10 09:05:39 - [TEST_STEP][PASSED] - out.println(dirContenidos): null

2023-04-10 09:05:39 - [TEST_STEP][PASSED] - if (getName().equals(Archivo1)): null

2023-04-10 09:05:39 - [TEST_STEP][PASSED] - dirContenidos[i].delete(): null

2023-04-10 09:05:39 - [TEST_STEP][PASSED] - out.println(dirContenidos): null

2023-04-10 09:05:39 - [TEST_STEP][PASSED] - if (getName().equals(Archivo1)): null

2023-04-10 09:05:39 - [TEST_STEP][PASSED] - dirContenidos[i].delete(): null

2023-04-10 09:05:39 - [TEST_STEP][PASSED] - out.println(dirContenidos): null

2023-04-10 09:05:39 - [TEST_STEP][PASSED] - if (getName().equals(Archivo1)): null

2023-04-10 09:05:39 - [TEST_STEP][PASSED] - dirContenidos[i].delete(): null

2023-04-10 09:05:39 - [TEST_STEP][PASSED] - out.println(dirContenidos): null

2023-04-10 09:05:39 - [TEST_STEP][PASSED] - if (getName().equals(Archivo1)): null

2023-04-10 09:05:39 - [TEST_STEP][PASSED] - dirContenidos[i].delete(): null

2023-04-10 09:05:39 - [TEST_STEP][PASSED] - out.println(dirContenidos): null

2023-04-10 09:05:39 - [TEST_STEP][PASSED] - if (getName().equals(Archivo1)): null

2023-04-10 09:05:39 - [TEST_STEP][PASSED] - dirContenidos[i].delete(): null

2023-04-10 09:05:39 - [TEST_STEP][PASSED] - out.println(dirContenidos): null

2023-04-10 09:05:39 - [TEST_STEP][PASSED] - if (getName().equals(Archivo1)): null

2023-04-10 09:05:39 - [TEST_STEP][PASSED] - dirContenidos[i].delete(): null

2023-04-10 09:05:39 - [TEST_STEP][PASSED] - out.println(dirContenidos): null

2023-04-10 09:05:39 - [TEST_STEP][PASSED] - if (getName().equals(Archivo1)): null

2023-04-10 09:05:39 - [TEST_STEP][PASSED] - dirContenidos[i].delete(): null

2023-04-10 09:05:39 - [TEST_STEP][PASSED] - out.println(dirContenidos): null

2023-04-10 09:05:39 - [TEST_STEP][PASSED] - if (getName().equals(Archivo1)): null

2023-04-10 09:05:39 - [TEST_STEP][PASSED] - dirContenidos[i].delete(): null

2023-04-10 09:05:39 - [TEST_STEP][PASSED] - out.println(dirContenidos): null

2023-04-10 09:05:39 - [TEST_STEP][PASSED] - if (getName().equals(Archivo1)): null

2023-04-10 09:05:39 - [TEST_STEP][PASSED] - dirContenidos[i].delete(): null

2023-04-10 09:05:39 - [TEST_STEP][PASSED] - out.println(dirContenidos): null

2023-04-10 09:05:39 - [TEST_STEP][PASSED] - if (getName().equals(Archivo1)): null

2023-04-10 09:05:39 - [TEST_STEP][PASSED] - for ([i = 0, i < length, (i++)]): null

2023-04-10 09:05:39 - [TEST_STEP][PASSED] - dirContenidos[i].delete(): null

2023-04-10 09:05:39 - [TEST_STEP][PASSED] - out.println(dirContenidos): null

2023-04-10 09:05:39 - [TEST_STEP][PASSED] - if (getName().equals(Archivo2)): null

2023-04-10 09:05:39 - [TEST_STEP][PASSED] - dirContenidos[i].delete(): null

2023-04-10 09:05:39 - [TEST_STEP][PASSED] - r3 = "ok": null

2023-04-10 09:05:39 - [TEST_STEP][PASSED] - out.println(r3): null

2023-04-10 09:05:39 - [TEST_STEP][PASSED] - dirContenidos[i].delete(): null

2023-04-10 09:05:39 - [TEST_STEP][PASSED] - out.println(dirContenidos): null

2023-04-10 09:05:39 - [TEST_STEP][PASSED] - if (getName().equals(Archivo2)): null

2023-04-10 09:05:39 - [TEST_STEP][PASSED] - dirContenidos[i].delete(): null

2023-04-10 09:05:39 - [TEST_STEP][PASSED] - out.println(dirContenidos): null

2023-04-10 09:05:39 - [TEST_STEP][PASSED] - if (getName().equals(Archivo2)): null

2023-04-10 09:05:39 - [TEST_STEP][PASSED] - dirContenidos[i].delete(): null

2023-04-10 09:05:39 - [TEST_STEP][PASSED] - out.println(dirContenidos): null

2023-04-10 09:05:39 - [TEST_STEP][PASSED] - if (getName().equals(Archivo2)): null

2023-04-10 09:05:39 - [TEST_STEP][PASSED] - dirContenidos[i].delete(): null

2023-04-10 09:05:39 - [TEST_STEP][PASSED] - out.println(dirContenidos): null

2023-04-10 09:05:39 - [TEST_STEP][PASSED] - if (getName().equals(Archivo2)): null

2023-04-10 09:05:39 - [TEST_STEP][PASSED] - dirContenidos[i].delete(): null

2023-04-10 09:05:39 - [TEST_STEP][PASSED] - out.println(dirContenidos): null

2023-04-10 09:05:39 - [TEST_STEP][PASSED] - if (getName().equals(Archivo2)): null

2023-04-10 09:05:39 - [TEST_STEP][PASSED] - dirContenidos[i].delete(): null

2023-04-10 09:05:39 - [TEST_STEP][PASSED] - out.println(dirContenidos): null

2023-04-10 09:05:39 - [TEST_STEP][PASSED] - if (getName().equals(Archivo2)): null

2023-04-10 09:05:39 - [TEST_STEP][PASSED] - dirContenidos[i].delete(): null

2023-04-10 09:05:39 - [TEST_STEP][PASSED] - out.println(dirContenidos): null

2023-04-10 09:05:39 - [TEST_STEP][PASSED] - if (getName().equals(Archivo2)): null

2023-04-10 09:05:39 - [TEST_STEP][PASSED] - dirContenidos[i].delete(): null

2023-04-10 09:05:39 - [TEST_STEP][PASSED] - out.println(dirContenidos): null

2023-04-10 09:05:39 - [TEST_STEP][PASSED] - if (getName().equals(Archivo2)): null

2023-04-10 09:05:39 - [TEST_STEP][PASSED] - dirContenidos[i].delete(): null

2023-04-10 09:05:39 - [TEST_STEP][PASSED] - out.println(dirContenidos): null

2023-04-10 09:05:39 - [TEST_STEP][PASSED] - if (getName().equals(Archivo2)): null

2023-04-10 09:05:39 - [TEST_STEP][PASSED] - dirContenidos[i].delete(): null

2023-04-10 09:05:39 - [TEST_STEP][PASSED] - out.println(dirContenidos): null

2023-04-10 09:05:39 - [TEST_STEP][PASSED] - if (getName().equals(Archivo2)): null

2023-04-10 09:05:39 - [TEST_STEP][PASSED] - dirContenidos[i].delete(): null

2023-04-10 09:05:39 - [TEST_STEP][PASSED] - out.println(dirContenidos): null

2023-04-10 09:05:39 - [TEST_STEP][PASSED] - if (getName().equals(Archivo2)): null

2023-04-10 09:05:39 - [TEST_STEP][PASSED] - dirContenidos[i].delete(): null

2023-04-10 09:05:39 - [TEST_STEP][PASSED] - out.println(dirContenidos): null

2023-04-10 09:05:39 - [TEST_STEP][PASSED] - if (getName().equals(Archivo2)): null

2023-04-10 09:05:39 - [TEST_STEP][PASSED] - dirContenidos[i].delete(): null

2023-04-10 09:05:39 - [TEST_STEP][PASSED] - out.println(dirContenidos): null

2023-04-10 09:05:39 - [TEST_STEP][PASSED] - if (getName().equals(Archivo2)): null

2023-04-10 09:05:39 - [TEST_STEP][PASSED] - dirContenidos[i].delete(): null

2023-04-10 09:05:39 - [TEST_STEP][PASSED] - out.println(dirContenidos): null

2023-04-10 09:05:39 - [TEST_STEP][PASSED] - if (getName().equals(Archivo2)): null

2023-04-10 09:05:39 - [TEST_STEP][PASSED] - dirContenidos[i].delete(): null

2023-04-10 09:05:39 - [TEST_STEP][PASSED] - out.println(dirContenidos): null

2023-04-10 09:05:39 - [TEST_STEP][PASSED] - if (getName().equals(Archivo2)): null

2023-04-10 09:05:39 - [TEST_STEP][PASSED] - dirContenidos[i].delete(): null

2023-04-10 09:05:39 - [TEST_STEP][PASSED] - out.println(dirContenidos): null

2023-04-10 09:05:39 - [TEST_STEP][PASSED] - if (getName().equals(Archivo2)): null

2023-04-10 09:05:39 - [TEST_STEP][PASSED] - dirContenidos[i].delete(): null

2023-04-10 09:05:39 - [TEST_STEP][PASSED] - out.println(dirContenidos): null

2023-04-10 09:05:39 - [TEST_STEP][PASSED] - if (getName().equals(Archivo2)): null

2023-04-10 09:05:39 - [TEST_STEP][PASSED] - dirContenidos[i].delete(): null

2023-04-10 09:05:39 - [TEST_STEP][PASSED] - out.println(dirContenidos): null

2023-04-10 09:05:39 - [TEST_STEP][PASSED] - if (getName().equals(Archivo2)): null

2023-04-10 09:05:39 - [TEST_STEP][PASSED] - dirContenidos[i].delete(): null

2023-04-10 09:05:39 - [TEST_STEP][PASSED] - out.println(dirContenidos): null

2023-04-10 09:05:39 - [TEST_STEP][PASSED] - if (getName().equals(Archivo2)): null

2023-04-10 09:05:39 - [TEST_STEP][PASSED] - dirContenidos[i].delete(): null

2023-04-10 09:05:39 - [TEST_STEP][PASSED] - out.println(dirContenidos): null

2023-04-10 09:05:39 - [TEST_STEP][PASSED] - if (getName().equals(Archivo2)): null

2023-04-10 09:05:39 - [TEST_STEP][PASSED] - dirContenidos[i].delete(): null

2023-04-10 09:05:39 - [TEST_STEP][PASSED] - out.println(dirContenidos): null

2023-04-10 09:05:39 - [TEST_STEP][PASSED] - if (getName().equals(Archivo2)): null

2023-04-10 09:05:39 - [TEST_STEP][PASSED] - dirContenidos[i].delete(): null

2023-04-10 09:05:39 - [TEST_STEP][PASSED] - out.println(dirContenidos): null

2023-04-10 09:05:39 - [TEST_STEP][PASSED] - if (getName().equals(Archivo2)): null

2023-04-10 09:05:39 - [TEST_STEP][PASSED] - dirContenidos[i].delete(): null

2023-04-10 09:05:39 - [TEST_STEP][PASSED] - out.println(dirContenidos): null

2023-04-10 09:05:39 - [TEST_STEP][PASSED] - if (getName().equals(Archivo2)): null

2023-04-10 09:05:39 - [TEST_STEP][PASSED] - dirContenidos[i].delete(): null

2023-04-10 09:05:39 - [TEST_STEP][PASSED] - out.println(dirContenidos): null

2023-04-10 09:05:39 - [TEST_STEP][PASSED] - if (getName().equals(Archivo2)): null

2023-04-10 09:05:39 - [TEST_STEP][PASSED] - dirContenidos[i].delete(): null

2023-04-10 09:05:39 - [TEST_STEP][PASSED] - out.println(dirContenidos): null

2023-04-10 09:05:39 - [TEST_STEP][PASSED] - if (getName().equals(Archivo2)): null

2023-04-10 09:05:39 - [TEST_STEP][PASSED] - dirContenidos[i].delete(): null

2023-04-10 09:05:39 - [TEST_STEP][PASSED] - out.println(dirContenidos): null

2023-04-10 09:05:39 - [TEST_STEP][PASSED] - if (getName().equals(Archivo2)): null

2023-04-10 09:05:39 - [TEST_STEP][PASSED] - dirContenidos[i].delete(): null

2023-04-10 09:05:39 - [TEST_STEP][PASSED] - out.println(dirContenidos): null

2023-04-10 09:05:39 - [TEST_STEP][PASSED] - if (getName().equals(Archivo2)): null

2023-04-10 09:05:39 - [TEST_STEP][PASSED] - dirContenidos[i].delete(): null

2023-04-10 09:05:39 - [TEST_STEP][PASSED] - out.println(dirContenidos): null

2023-04-10 09:05:39 - [TEST_STEP][PASSED] - if (getName().equals(Archivo2)): null

2023-04-10 09:05:39 - [TEST_STEP][PASSED] - dirContenidos[i].delete(): null

2023-04-10 09:05:39 - [TEST_STEP][PASSED] - out.println(dirContenidos): null

2023-04-10 09:05:39 - [TEST_STEP][PASSED] - if (getName().equals(Archivo2)): null

2023-04-10 09:05:39 - [TEST_STEP][PASSED] - dirContenidos[i].delete(): null

2023-04-10 09:05:39 - [TEST_STEP][PASSED] - out.println(dirContenidos): null

2023-04-10 09:05:39 - [TEST_STEP][PASSED] - if (getName().equals(Archivo2)): null

2023-04-10 09:05:39 - [TEST_STEP][PASSED] - dirContenidos[i].delete(): null

2023-04-10 09:05:39 - [TEST_STEP][PASSED] - out.println(dirContenidos): null

2023-04-10 09:05:39 - [TEST_STEP][PASSED] - if (getName().equals(Archivo2)): null

2023-04-10 09:05:39 - [TEST_STEP][PASSED] - dirContenidos[i].delete(): null

2023-04-10 09:05:39 - [TEST_STEP][PASSED] - out.println(dirContenidos): null

2023-04-10 09:05:39 - [TEST_STEP][PASSED] - if (getName().equals(Archivo2)): null

2023-04-10 09:05:39 - [TEST_STEP][PASSED] - for ([i = 0, i < length, (i++)]): null

2023-04-10 09:05:39 - [TEST_STEP][PASSED] - dirContenidos[i].delete(): null

2023-04-10 09:05:39 - [TEST_STEP][PASSED] - out.println(dirContenidos): null

2023-04-10 09:05:39 - [TEST_STEP][PASSED] - if (getName().equals(Archivo3)): null

2023-04-10 09:05:39 - [TEST_STEP][PASSED] - dirContenidos[i].delete(): null

2023-04-10 09:05:39 - [TEST_STEP][PASSED] - out.println(dirContenidos): null

2023-04-10 09:05:39 - [TEST_STEP][PASSED] - if (getName().equals(Archivo3)): null

2023-04-10 09:05:39 - [TEST_STEP][PASSED] - dirContenidos[i].delete(): null

2023-04-10 09:05:39 - [TEST_STEP][PASSED] - r4 = "ok": null

2023-04-10 09:05:39 - [TEST_STEP][PASSED] - out.println(r4): null

2023-04-10 09:05:39 - [TEST_STEP][PASSED] - dirContenidos[i].delete(): null

2023-04-10 09:05:39 - [TEST_STEP][PASSED] - out.println(dirContenidos): null

2023-04-10 09:05:39 - [TEST_STEP][PASSED] - if (getName().equals(Archivo3)): null

2023-04-10 09:05:39 - [TEST_STEP][PASSED] - dirContenidos[i].delete(): null

2023-04-10 09:05:39 - [TEST_STEP][PASSED] - out.println(dirContenidos): null

2023-04-10 09:05:39 - [TEST_STEP][PASSED] - if (getName().equals(Archivo3)): null

2023-04-10 09:05:39 - [TEST_STEP][PASSED] - dirContenidos[i].delete(): null

2023-04-10 09:05:39 - [TEST_STEP][PASSED] - out.println(dirContenidos): null

2023-04-10 09:05:39 - [TEST_STEP][PASSED] - if (getName().equals(Archivo3)): null

2023-04-10 09:05:39 - [TEST_STEP][PASSED] - dirContenidos[i].delete(): null

2023-04-10 09:05:39 - [TEST_STEP][PASSED] - out.println(dirContenidos): null

2023-04-10 09:05:39 - [TEST_STEP][PASSED] - if (getName().equals(Archivo3)): null

2023-04-10 09:05:39 - [TEST_STEP][PASSED] - dirContenidos[i].delete(): null

2023-04-10 09:05:39 - [TEST_STEP][PASSED] - out.println(dirContenidos): null

2023-04-10 09:05:39 - [TEST_STEP][PASSED] - if (getName().equals(Archivo3)): null

2023-04-10 09:05:39 - [TEST_STEP][PASSED] - dirContenidos[i].delete(): null

2023-04-10 09:05:39 - [TEST_STEP][PASSED] - out.println(dirContenidos): null

2023-04-10 09:05:39 - [TEST_STEP][PASSED] - if (getName().equals(Archivo3)): null

2023-04-10 09:05:39 - [TEST_STEP][PASSED] - dirContenidos[i].delete(): null

2023-04-10 09:05:39 - [TEST_STEP][PASSED] - out.println(dirContenidos): null

2023-04-10 09:05:39 - [TEST_STEP][PASSED] - if (getName().equals(Archivo3)): null

2023-04-10 09:05:39 - [TEST_STEP][PASSED] - dirContenidos[i].delete(): null

2023-04-10 09:05:39 - [TEST_STEP][PASSED] - out.println(dirContenidos): null

2023-04-10 09:05:39 - [TEST_STEP][PASSED] - if (getName().equals(Archivo3)): null

2023-04-10 09:05:39 - [TEST_STEP][PASSED] - dirContenidos[i].delete(): null

2023-04-10 09:05:39 - [TEST_STEP][PASSED] - out.println(dirContenidos): null

2023-04-10 09:05:39 - [TEST_STEP][PASSED] - if (getName().equals(Archivo3)): null

2023-04-10 09:05:39 - [TEST_STEP][PASSED] - dirContenidos[i].delete(): null

2023-04-10 09:05:39 - [TEST_STEP][PASSED] - out.println(dirContenidos): null

2023-04-10 09:05:39 - [TEST_STEP][PASSED] - if (getName().equals(Archivo3)): null

2023-04-10 09:05:39 - [TEST_STEP][PASSED] - dirContenidos[i].delete(): null

2023-04-10 09:05:39 - [TEST_STEP][PASSED] - out.println(dirContenidos): null

2023-04-10 09:05:39 - [TEST_STEP][PASSED] - if (getName().equals(Archivo3)): null

2023-04-10 09:05:39 - [TEST_STEP][PASSED] - dirContenidos[i].delete(): null

2023-04-10 09:05:39 - [TEST_STEP][PASSED] - out.println(dirContenidos): null

2023-04-10 09:05:39 - [TEST_STEP][PASSED] - if (getName().equals(Archivo3)): null

2023-04-10 09:05:39 - [TEST_STEP][PASSED] - dirContenidos[i].delete(): null

2023-04-10 09:05:39 - [TEST_STEP][PASSED] - out.println(dirContenidos): null

2023-04-10 09:05:39 - [TEST_STEP][PASSED] - if (getName().equals(Archivo3)): null

2023-04-10 09:05:39 - [TEST_STEP][PASSED] - dirContenidos[i].delete(): null

2023-04-10 09:05:39 - [TEST_STEP][PASSED] - out.println(dirContenidos): null

2023-04-10 09:05:39 - [TEST_STEP][PASSED] - if (getName().equals(Archivo3)): null

2023-04-10 09:05:39 - [TEST_STEP][PASSED] - dirContenidos[i].delete(): null

2023-04-10 09:05:39 - [TEST_STEP][PASSED] - out.println(dirContenidos): null

2023-04-10 09:05:39 - [TEST_STEP][PASSED] - if (getName().equals(Archivo3)): null

2023-04-10 09:05:39 - [TEST_STEP][PASSED] - dirContenidos[i].delete(): null

2023-04-10 09:05:39 - [TEST_STEP][PASSED] - out.println(dirContenidos): null

2023-04-10 09:05:39 - [TEST_STEP][PASSED] - if (getName().equals(Archivo3)): null

2023-04-10 09:05:39 - [TEST_STEP][PASSED] - dirContenidos[i].delete(): null

2023-04-10 09:05:39 - [TEST_STEP][PASSED] - out.println(dirContenidos): null

2023-04-10 09:05:39 - [TEST_STEP][PASSED] - if (getName().equals(Archivo3)): null

2023-04-10 09:05:39 - [TEST_STEP][PASSED] - dirContenidos[i].delete(): null

2023-04-10 09:05:39 - [TEST_STEP][PASSED] - out.println(dirContenidos): null

2023-04-10 09:05:39 - [TEST_STEP][PASSED] - if (getName().equals(Archivo3)): null

2023-04-10 09:05:39 - [TEST_STEP][PASSED] - dirContenidos[i].delete(): null

2023-04-10 09:05:39 - [TEST_STEP][PASSED] - out.println(dirContenidos): null

2023-04-10 09:05:39 - [TEST_STEP][PASSED] - if (getName().equals(Archivo3)): null

2023-04-10 09:05:39 - [TEST_STEP][PASSED] - dirContenidos[i].delete(): null

2023-04-10 09:05:39 - [TEST_STEP][PASSED] - out.println(dirContenidos): null

2023-04-10 09:05:39 - [TEST_STEP][PASSED] - if (getName().equals(Archivo3)): null

2023-04-10 09:05:39 - [TEST_STEP][PASSED] - dirContenidos[i].delete(): null

2023-04-10 09:05:39 - [TEST_STEP][PASSED] - out.println(dirContenidos): null

2023-04-10 09:05:39 - [TEST_STEP][PASSED] - if (getName().equals(Archivo3)): null

2023-04-10 09:05:39 - [TEST_STEP][PASSED] - dirContenidos[i].delete(): null

2023-04-10 09:05:39 - [TEST_STEP][PASSED] - out.println(dirContenidos): null

2023-04-10 09:05:39 - [TEST_STEP][PASSED] - if (getName().equals(Archivo3)): null

2023-04-10 09:05:39 - [TEST_STEP][PASSED] - dirContenidos[i].delete(): null

2023-04-10 09:05:39 - [TEST_STEP][PASSED] - out.println(dirContenidos): null

2023-04-10 09:05:39 - [TEST_STEP][PASSED] - if (getName().equals(Archivo3)): null

2023-04-10 09:05:39 - [TEST_STEP][PASSED] - dirContenidos[i].delete(): null

2023-04-10 09:05:39 - [TEST_STEP][PASSED] - out.println(dirContenidos): null

2023-04-10 09:05:39 - [TEST_STEP][PASSED] - if (getName().equals(Archivo3)): null

2023-04-10 09:05:39 - [TEST_STEP][PASSED] - dirContenidos[i].delete(): null

2023-04-10 09:05:39 - [TEST_STEP][PASSED] - out.println(dirContenidos): null

2023-04-10 09:05:39 - [TEST_STEP][PASSED] - if (getName().equals(Archivo3)): null

2023-04-10 09:05:39 - [TEST_STEP][PASSED] - dirContenidos[i].delete(): null

2023-04-10 09:05:39 - [TEST_STEP][PASSED] - out.println(dirContenidos): null

2023-04-10 09:05:39 - [TEST_STEP][PASSED] - if (getName().equals(Archivo3)): null

2023-04-10 09:05:39 - [TEST_STEP][PASSED] - dirContenidos[i].delete(): null

2023-04-10 09:05:39 - [TEST_STEP][PASSED] - out.println(dirContenidos): null

2023-04-10 09:05:39 - [TEST_STEP][PASSED] - if (getName().equals(Archivo3)): null

2023-04-10 09:05:39 - [TEST_STEP][PASSED] - dirContenidos[i].delete(): null

2023-04-10 09:05:39 - [TEST_STEP][PASSED] - out.println(dirContenidos): null

2023-04-10 09:05:39 - [TEST_STEP][PASSED] - if (getName().equals(Archivo3)): null

2023-04-10 09:05:39 - [TEST_STEP][PASSED] - dirContenidos[i].delete(): null

2023-04-10 09:05:39 - [TEST_STEP][PASSED] - out.println(dirContenidos): null

2023-04-10 09:05:39 - [TEST_STEP][PASSED] - if (getName().equals(Archivo3)): null

2023-04-10 09:05:39 - [TEST_STEP][PASSED] - dirContenidos[i].delete(): null

2023-04-10 09:05:39 - [TEST_STEP][PASSED] - out.println(dirContenidos): null

2023-04-10 09:05:39 - [TEST_STEP][PASSED] - if (getName().equals(Archivo3)): null

2023-04-10 09:05:39 - [TEST_STEP][PASSED] - dirContenidos[i].delete(): null

2023-04-10 09:05:39 - [TEST_STEP][PASSED] - out.println(dirContenidos): null

2023-04-10 09:05:39 - [TEST_STEP][PASSED] - if (getName().equals(Archivo3)): null

2023-04-10 09:05:39 - [TEST_STEP][PASSED] - for ([i = 0, i < length, (i++)]): null

2023-04-10 09:05:39 - [TEST_STEP][PASSED] - dirContenidos[i].delete(): null

2023-04-10 09:05:39 - [TEST_STEP][PASSED] - out.println(dirContenidos): null

2023-04-10 09:05:39 - [TEST_STEP][PASSED] - if (getName().equals(Archivo4)): null

2023-04-10 09:05:39 - [TEST_STEP][PASSED] - dirContenidos[i].delete(): null

2023-04-10 09:05:39 - [TEST_STEP][PASSED] - out.println(dirContenidos): null

2023-04-10 09:05:39 - [TEST_STEP][PASSED] - if (getName().equals(Archivo4)): null

2023-04-10 09:05:39 - [TEST_STEP][PASSED] - dirContenidos[i].delete(): null

2023-04-10 09:05:39 - [TEST_STEP][PASSED] - out.println(dirContenidos): null

2023-04-10 09:05:39 - [TEST_STEP][PASSED] - if (getName().equals(Archivo4)): null

2023-04-10 09:05:39 - [TEST_STEP][PASSED] - dirContenidos[i].delete(): null

2023-04-10 09:05:39 - [TEST_STEP][PASSED] - out.println(dirContenidos): null

2023-04-10 09:05:39 - [TEST_STEP][PASSED] - if (getName().equals(Archivo4)): null

2023-04-10 09:05:39 - [TEST_STEP][PASSED] - dirContenidos[i].delete(): null

2023-04-10 09:05:39 - [TEST_STEP][PASSED] - r5 = "ok": null

2023-04-10 09:05:39 - [TEST_STEP][PASSED] - out.println(r5): null

2023-04-10 09:05:39 - [TEST_STEP][PASSED] - dirContenidos[i].delete(): null

2023-04-10 09:05:39 - [TEST_STEP][PASSED] - out.println(dirContenidos): null

2023-04-10 09:05:39 - [TEST_STEP][PASSED] - if (getName().equals(Archivo4)): null

2023-04-10 09:05:39 - [TEST_STEP][PASSED] - dirContenidos[i].delete(): null

2023-04-10 09:05:39 - [TEST_STEP][PASSED] - out.println(dirContenidos): null

2023-04-10 09:05:39 - [TEST_STEP][PASSED] - if (getName().equals(Archivo4)): null

2023-04-10 09:05:39 - [TEST_STEP][PASSED] - dirContenidos[i].delete(): null

2023-04-10 09:05:39 - [TEST_STEP][PASSED] - out.println(dirContenidos): null

2023-04-10 09:05:39 - [TEST_STEP][PASSED] - if (getName().equals(Archivo4)): null

2023-04-10 09:05:39 - [TEST_STEP][PASSED] - dirContenidos[i].delete(): null

2023-04-10 09:05:39 - [TEST_STEP][PASSED] - out.println(dirContenidos): null

2023-04-10 09:05:39 - [TEST_STEP][PASSED] - if (getName().equals(Archivo4)): null

2023-04-10 09:05:39 - [TEST_STEP][PASSED] - dirContenidos[i].delete(): null

2023-04-10 09:05:39 - [TEST_STEP][PASSED] - out.println(dirContenidos): null

2023-04-10 09:05:39 - [TEST_STEP][PASSED] - if (getName().equals(Archivo4)): null

2023-04-10 09:05:39 - [TEST_STEP][PASSED] - dirContenidos[i].delete(): null

2023-04-10 09:05:39 - [TEST_STEP][PASSED] - out.println(dirContenidos): null

2023-04-10 09:05:39 - [TEST_STEP][PASSED] - if (getName().equals(Archivo4)): null

2023-04-10 09:05:39 - [TEST_STEP][PASSED] - dirContenidos[i].delete(): null

2023-04-10 09:05:39 - [TEST_STEP][PASSED] - out.println(dirContenidos): null

2023-04-10 09:05:39 - [TEST_STEP][PASSED] - if (getName().equals(Archivo4)): null

2023-04-10 09:05:39 - [TEST_STEP][PASSED] - dirContenidos[i].delete(): null

2023-04-10 09:05:39 - [TEST_STEP][PASSED] - out.println(dirContenidos): null

2023-04-10 09:05:39 - [TEST_STEP][PASSED] - if (getName().equals(Archivo4)): null

2023-04-10 09:05:39 - [TEST_STEP][PASSED] - dirContenidos[i].delete(): null

2023-04-10 09:05:39 - [TEST_STEP][PASSED] - out.println(dirContenidos): null

2023-04-10 09:05:39 - [TEST_STEP][PASSED] - if (getName().equals(Archivo4)): null

2023-04-10 09:05:39 - [TEST_STEP][PASSED] - dirContenidos[i].delete(): null

2023-04-10 09:05:39 - [TEST_STEP][PASSED] - out.println(dirContenidos): null

2023-04-10 09:05:39 - [TEST_STEP][PASSED] - if (getName().equals(Archivo4)): null

2023-04-10 09:05:39 - [TEST_STEP][PASSED] - dirContenidos[i].delete(): null

2023-04-10 09:05:39 - [TEST_STEP][PASSED] - out.println(dirContenidos): null

2023-04-10 09:05:39 - [TEST_STEP][PASSED] - if (getName().equals(Archivo4)): null

2023-04-10 09:05:39 - [TEST_STEP][PASSED] - dirContenidos[i].delete(): null

2023-04-10 09:05:39 - [TEST_STEP][PASSED] - out.println(dirContenidos): null

2023-04-10 09:05:39 - [TEST_STEP][PASSED] - if (getName().equals(Archivo4)): null

2023-04-10 09:05:39 - [TEST_STEP][PASSED] - dirContenidos[i].delete(): null

2023-04-10 09:05:39 - [TEST_STEP][PASSED] - out.println(dirContenidos): null

2023-04-10 09:05:39 - [TEST_STEP][PASSED] - if (getName().equals(Archivo4)): null

2023-04-10 09:05:39 - [TEST_STEP][PASSED] - dirContenidos[i].delete(): null

2023-04-10 09:05:39 - [TEST_STEP][PASSED] - out.println(dirContenidos): null

2023-04-10 09:05:39 - [TEST_STEP][PASSED] - if (getName().equals(Archivo4)): null

2023-04-10 09:05:39 - [TEST_STEP][PASSED] - dirContenidos[i].delete(): null

2023-04-10 09:05:39 - [TEST_STEP][PASSED] - out.println(dirContenidos): null

2023-04-10 09:05:39 - [TEST_STEP][PASSED] - if (getName().equals(Archivo4)): null

2023-04-10 09:05:39 - [TEST_STEP][PASSED] - dirContenidos[i].delete(): null

2023-04-10 09:05:39 - [TEST_STEP][PASSED] - out.println(dirContenidos): null

2023-04-10 09:05:39 - [TEST_STEP][PASSED] - if (getName().equals(Archivo4)): null

2023-04-10 09:05:39 - [TEST_STEP][PASSED] - dirContenidos[i].delete(): null

2023-04-10 09:05:39 - [TEST_STEP][PASSED] - out.println(dirContenidos): null

2023-04-10 09:05:39 - [TEST_STEP][PASSED] - if (getName().equals(Archivo4)): null

2023-04-10 09:05:39 - [TEST_STEP][PASSED] - dirContenidos[i].delete(): null

2023-04-10 09:05:39 - [TEST_STEP][PASSED] - out.println(dirContenidos): null

2023-04-10 09:05:39 - [TEST_STEP][PASSED] - if (getName().equals(Archivo4)): null

2023-04-10 09:05:39 - [TEST_STEP][PASSED] - dirContenidos[i].delete(): null

2023-04-10 09:05:39 - [TEST_STEP][PASSED] - out.println(dirContenidos): null

2023-04-10 09:05:39 - [TEST_STEP][PASSED] - if (getName().equals(Archivo4)): null

2023-04-10 09:05:39 - [TEST_STEP][PASSED] - dirContenidos[i].delete(): null

2023-04-10 09:05:39 - [TEST_STEP][PASSED] - out.println(dirContenidos): null

2023-04-10 09:05:39 - [TEST_STEP][PASSED] - if (getName().equals(Archivo4)): null

2023-04-10 09:05:39 - [TEST_STEP][PASSED] - dirContenidos[i].delete(): null

2023-04-10 09:05:39 - [TEST_STEP][PASSED] - out.println(dirContenidos): null

2023-04-10 09:05:39 - [TEST_STEP][PASSED] - if (getName().equals(Archivo4)): null

2023-04-10 09:05:39 - [TEST_STEP][PASSED] - dirContenidos[i].delete(): null

2023-04-10 09:05:39 - [TEST_STEP][PASSED] - out.println(dirContenidos): null

2023-04-10 09:05:39 - [TEST_STEP][PASSED] - if (getName().equals(Archivo4)): null

2023-04-10 09:05:39 - [TEST_STEP][PASSED] - dirContenidos[i].delete(): null

2023-04-10 09:05:39 - [TEST_STEP][PASSED] - out.println(dirContenidos): null

2023-04-10 09:05:39 - [TEST_STEP][PASSED] - if (getName().equals(Archivo4)): null

2023-04-10 09:05:39 - [TEST_STEP][PASSED] - dirContenidos[i].delete(): null

2023-04-10 09:05:39 - [TEST_STEP][PASSED] - out.println(dirContenidos): null

2023-04-10 09:05:39 - [TEST_STEP][PASSED] - if (getName().equals(Archivo4)): null

2023-04-10 09:05:39 - [TEST_STEP][PASSED] - dirContenidos[i].delete(): null

2023-04-10 09:05:39 - [TEST_STEP][PASSED] - out.println(dirContenidos): null

2023-04-10 09:05:39 - [TEST_STEP][PASSED] - if (getName().equals(Archivo4)): null

2023-04-10 09:05:39 - [TEST_STEP][PASSED] - dirContenidos[i].delete(): null

2023-04-10 09:05:39 - [TEST_STEP][PASSED] - out.println(dirContenidos): null

2023-04-10 09:05:39 - [TEST_STEP][PASSED] - if (getName().equals(Archivo4)): null

2023-04-10 09:05:39 - [TEST_STEP][PASSED] - dirContenidos[i].delete(): null

2023-04-10 09:05:39 - [TEST_STEP][PASSED] - out.println(dirContenidos): null

2023-04-10 09:05:39 - [TEST_STEP][PASSED] - if (getName().equals(Archivo4)): null

2023-04-10 09:05:39 - [TEST_STEP][PASSED] - dirContenidos[i].delete(): null

2023-04-10 09:05:39 - [TEST_STEP][PASSED] - out.println(dirContenidos): null

2023-04-10 09:05:39 - [TEST_STEP][PASSED] - if (getName().equals(Archivo4)): null

2023-04-10 09:05:39 - [TEST_STEP][PASSED] - dirContenidos[i].delete(): null

2023-04-10 09:05:39 - [TEST_STEP][PASSED] - out.println(dirContenidos): null

2023-04-10 09:05:39 - [TEST_STEP][PASSED] - if (getName().equals(Archivo4)): null

2023-04-10 09:05:39 - [TEST_STEP][PASSED] - for ([i = 0, i < length, (i++)]): null

2023-04-10 09:05:39 - [TEST_STEP][PASSED] - dirContenidos[i].delete(): null

2023-04-10 09:05:39 - [TEST_STEP][PASSED] - out.println(dirContenidos): null

2023-04-10 09:05:39 - [TEST_STEP][PASSED] - if (getName().equals(Archivo5)): null

2023-04-10 09:05:39 - [TEST_STEP][PASSED] - dirContenidos[i].delete(): null

2023-04-10 09:05:39 - [TEST_STEP][PASSED] - out.println(dirContenidos): null

2023-04-10 09:05:39 - [TEST_STEP][PASSED] - if (getName().equals(Archivo5)): null

2023-04-10 09:05:39 - [TEST_STEP][PASSED] - dirContenidos[i].delete(): null

2023-04-10 09:05:39 - [TEST_STEP][PASSED] - out.println(dirContenidos): null

2023-04-10 09:05:39 - [TEST_STEP][PASSED] - if (getName().equals(Archivo5)): null

2023-04-10 09:05:39 - [TEST_STEP][PASSED] - dirContenidos[i].delete(): null

2023-04-10 09:05:39 - [TEST_STEP][PASSED] - out.println(dirContenidos): null

2023-04-10 09:05:39 - [TEST_STEP][PASSED] - if (getName().equals(Archivo5)): null

2023-04-10 09:05:39 - [TEST_STEP][PASSED] - dirContenidos[i].delete(): null

2023-04-10 09:05:39 - [TEST_STEP][PASSED] - out.println(dirContenidos): null

2023-04-10 09:05:39 - [TEST_STEP][PASSED] - if (getName().equals(Archivo5)): null

2023-04-10 09:05:39 - [TEST_STEP][PASSED] - dirContenidos[i].delete(): null

2023-04-10 09:05:39 - [TEST_STEP][PASSED] - r6 = "ok": null

2023-04-10 09:05:39 - [TEST_STEP][PASSED] - out.println(r6): null

2023-04-10 09:05:39 - [TEST_STEP][PASSED] - dirContenidos[i].delete(): null

2023-04-10 09:05:39 - [TEST_STEP][PASSED] - out.println(dirContenidos): null

2023-04-10 09:05:39 - [TEST_STEP][PASSED] - if (getName().equals(Archivo5)): null

2023-04-10 09:05:39 - [TEST_STEP][PASSED] - dirContenidos[i].delete(): null

2023-04-10 09:05:39 - [TEST_STEP][PASSED] - out.println(dirContenidos): null

2023-04-10 09:05:39 - [TEST_STEP][PASSED] - if (getName().equals(Archivo5)): null

2023-04-10 09:05:39 - [TEST_STEP][PASSED] - dirContenidos[i].delete(): null

2023-04-10 09:05:39 - [TEST_STEP][PASSED] - out.println(dirContenidos): null

2023-04-10 09:05:39 - [TEST_STEP][PASSED] - if (getName().equals(Archivo5)): null

2023-04-10 09:05:39 - [TEST_STEP][PASSED] - dirContenidos[i].delete(): null

2023-04-10 09:05:39 - [TEST_STEP][PASSED] - out.println(dirContenidos): null

2023-04-10 09:05:39 - [TEST_STEP][PASSED] - if (getName().equals(Archivo5)): null

2023-04-10 09:05:39 - [TEST_STEP][PASSED] - dirContenidos[i].delete(): null

2023-04-10 09:05:39 - [TEST_STEP][PASSED] - out.println(dirContenidos): null

2023-04-10 09:05:39 - [TEST_STEP][PASSED] - if (getName().equals(Archivo5)): null

2023-04-10 09:05:39 - [TEST_STEP][PASSED] - dirContenidos[i].delete(): null

2023-04-10 09:05:39 - [TEST_STEP][PASSED] - out.println(dirContenidos): null

2023-04-10 09:05:39 - [TEST_STEP][PASSED] - if (getName().equals(Archivo5)): null

2023-04-10 09:05:39 - [TEST_STEP][PASSED] - dirContenidos[i].delete(): null

2023-04-10 09:05:39 - [TEST_STEP][PASSED] - out.println(dirContenidos): null

2023-04-10 09:05:39 - [TEST_STEP][PASSED] - if (getName().equals(Archivo5)): null

2023-04-10 09:05:39 - [TEST_STEP][PASSED] - dirContenidos[i].delete(): null

2023-04-10 09:05:39 - [TEST_STEP][PASSED] - out.println(dirContenidos): null

2023-04-10 09:05:39 - [TEST_STEP][PASSED] - if (getName().equals(Archivo5)): null

2023-04-10 09:05:39 - [TEST_STEP][PASSED] - dirContenidos[i].delete(): null

2023-04-10 09:05:39 - [TEST_STEP][PASSED] - out.println(dirContenidos): null

2023-04-10 09:05:39 - [TEST_STEP][PASSED] - if (getName().equals(Archivo5)): null

2023-04-10 09:05:39 - [TEST_STEP][PASSED] - dirContenidos[i].delete(): null

2023-04-10 09:05:39 - [TEST_STEP][PASSED] - out.println(dirContenidos): null

2023-04-10 09:05:39 - [TEST_STEP][PASSED] - if (getName().equals(Archivo5)): null

2023-04-10 09:05:39 - [TEST_STEP][PASSED] - dirContenidos[i].delete(): null

2023-04-10 09:05:39 - [TEST_STEP][PASSED] - out.println(dirContenidos): null

2023-04-10 09:05:39 - [TEST_STEP][PASSED] - if (getName().equals(Archivo5)): null

2023-04-10 09:05:39 - [TEST_STEP][PASSED] - dirContenidos[i].delete(): null

2023-04-10 09:05:39 - [TEST_STEP][PASSED] - out.println(dirContenidos): null

2023-04-10 09:05:39 - [TEST_STEP][PASSED] - if (getName().equals(Archivo5)): null

2023-04-10 09:05:39 - [TEST_STEP][PASSED] - dirContenidos[i].delete(): null

2023-04-10 09:05:39 - [TEST_STEP][PASSED] - out.println(dirContenidos): null

2023-04-10 09:05:39 - [TEST_STEP][PASSED] - if (getName().equals(Archivo5)): null

2023-04-10 09:05:39 - [TEST_STEP][PASSED] - dirContenidos[i].delete(): null

2023-04-10 09:05:39 - [TEST_STEP][PASSED] - out.println(dirContenidos): null

2023-04-10 09:05:39 - [TEST_STEP][PASSED] - if (getName().equals(Archivo5)): null

2023-04-10 09:05:39 - [TEST_STEP][PASSED] - dirContenidos[i].delete(): null

2023-04-10 09:05:39 - [TEST_STEP][PASSED] - out.println(dirContenidos): null

2023-04-10 09:05:39 - [TEST_STEP][PASSED] - if (getName().equals(Archivo5)): null

2023-04-10 09:05:39 - [TEST_STEP][PASSED] - dirContenidos[i].delete(): null

2023-04-10 09:05:39 - [TEST_STEP][PASSED] - out.println(dirContenidos): null

2023-04-10 09:05:39 - [TEST_STEP][PASSED] - if (getName().equals(Archivo5)): null

2023-04-10 09:05:39 - [TEST_STEP][PASSED] - dirContenidos[i].delete(): null

2023-04-10 09:05:39 - [TEST_STEP][PASSED] - out.println(dirContenidos): null

2023-04-10 09:05:39 - [TEST_STEP][PASSED] - if (getName().equals(Archivo5)): null

2023-04-10 09:05:39 - [TEST_STEP][PASSED] - dirContenidos[i].delete(): null

2023-04-10 09:05:39 - [TEST_STEP][PASSED] - out.println(dirContenidos): null

2023-04-10 09:05:39 - [TEST_STEP][PASSED] - if (getName().equals(Archivo5)): null

2023-04-10 09:05:39 - [TEST_STEP][PASSED] - dirContenidos[i].delete(): null

2023-04-10 09:05:39 - [TEST_STEP][PASSED] - out.println(dirContenidos): null

2023-04-10 09:05:39 - [TEST_STEP][PASSED] - if (getName().equals(Archivo5)): null

2023-04-10 09:05:39 - [TEST_STEP][PASSED] - dirContenidos[i].delete(): null

2023-04-10 09:05:39 - [TEST_STEP][PASSED] - out.println(dirContenidos): null

2023-04-10 09:05:39 - [TEST_STEP][PASSED] - if (getName().equals(Archivo5)): null

2023-04-10 09:05:39 - [TEST_STEP][PASSED] - dirContenidos[i].delete(): null

2023-04-10 09:05:39 - [TEST_STEP][PASSED] - out.println(dirContenidos): null

2023-04-10 09:05:39 - [TEST_STEP][PASSED] - if (getName().equals(Archivo5)): null

2023-04-10 09:05:39 - [TEST_STEP][PASSED] - dirContenidos[i].delete(): null

2023-04-10 09:05:39 - [TEST_STEP][PASSED] - out.println(dirContenidos): null

2023-04-10 09:05:39 - [TEST_STEP][PASSED] - if (getName().equals(Archivo5)): null

2023-04-10 09:05:39 - [TEST_STEP][PASSED] - dirContenidos[i].delete(): null

2023-04-10 09:05:39 - [TEST_STEP][PASSED] - out.println(dirContenidos): null

2023-04-10 09:05:39 - [TEST_STEP][PASSED] - if (getName().equals(Archivo5)): null

2023-04-10 09:05:39 - [TEST_STEP][PASSED] - dirContenidos[i].delete(): null

2023-04-10 09:05:39 - [TEST_STEP][PASSED] - out.println(dirContenidos): null

2023-04-10 09:05:39 - [TEST_STEP][PASSED] - if (getName().equals(Archivo5)): null

2023-04-10 09:05:39 - [TEST_STEP][PASSED] - dirContenidos[i].delete(): null

2023-04-10 09:05:39 - [TEST_STEP][PASSED] - out.println(dirContenidos): null

2023-04-10 09:05:39 - [TEST_STEP][PASSED] - if (getName().equals(Archivo5)): null

2023-04-10 09:05:39 - [TEST_STEP][PASSED] - dirContenidos[i].delete(): null

2023-04-10 09:05:39 - [TEST_STEP][PASSED] - out.println(dirContenidos): null

2023-04-10 09:05:39 - [TEST_STEP][PASSED] - if (getName().equals(Archivo5)): null

2023-04-10 09:05:39 - [TEST_STEP][PASSED] - dirContenidos[i].delete(): null

2023-04-10 09:05:39 - [TEST_STEP][PASSED] - out.println(dirContenidos): null

2023-04-10 09:05:39 - [TEST_STEP][PASSED] - if (getName().equals(Archivo5)): null

2023-04-10 09:05:39 - [TEST_STEP][PASSED] - dirContenidos[i].delete(): null

2023-04-10 09:05:39 - [TEST_STEP][PASSED] - out.println(dirContenidos): null

2023-04-10 09:05:39 - [TEST_STEP][PASSED] - if (getName().equals(Archivo5)): null

2023-04-10 09:05:39 - [TEST_STEP][PASSED] - for ([i = 0, i < length, (i++)]): null

2023-04-10 09:05:39 - [TEST_STEP][PASSED] - dirContenidos[i].delete(): null

2023-04-10 09:05:39 - [TEST_STEP][PASSED] - out.println(dirContenidos): null

2023-04-10 09:05:39 - [TEST_STEP][PASSED] - if (getName().equals(Archivo6)): null

2023-04-10 09:05:39 - [TEST_STEP][PASSED] - dirContenidos[i].delete(): null

2023-04-10 09:05:39 - [TEST_STEP][PASSED] - out.println(dirContenidos): null

2023-04-10 09:05:39 - [TEST_STEP][PASSED] - if (getName().equals(Archivo6)): null

2023-04-10 09:05:39 - [TEST_STEP][PASSED] - dirContenidos[i].delete(): null

2023-04-10 09:05:39 - [TEST_STEP][PASSED] - out.println(dirContenidos): null

2023-04-10 09:05:39 - [TEST_STEP][PASSED] - if (getName().equals(Archivo6)): null

2023-04-10 09:05:39 - [TEST_STEP][PASSED] - dirContenidos[i].delete(): null

2023-04-10 09:05:39 - [TEST_STEP][PASSED] - out.println(dirContenidos): null

2023-04-10 09:05:39 - [TEST_STEP][PASSED] - if (getName().equals(Archivo6)): null

2023-04-10 09:05:39 - [TEST_STEP][PASSED] - dirContenidos[i].delete(): null

2023-04-10 09:05:39 - [TEST_STEP][PASSED] - out.println(dirContenidos): null

2023-04-10 09:05:39 - [TEST_STEP][PASSED] - if (getName().equals(Archivo6)): null

2023-04-10 09:05:39 - [TEST_STEP][PASSED] - dirContenidos[i].delete(): null

2023-04-10 09:05:39 - [TEST_STEP][PASSED] - out.println(dirContenidos): null

2023-04-10 09:05:39 - [TEST_STEP][PASSED] - if (getName().equals(Archivo6)): null

2023-04-10 09:05:39 - [TEST_STEP][PASSED] - dirContenidos[i].delete(): null

2023-04-10 09:05:39 - [TEST_STEP][PASSED] - r7 = "ok": null

2023-04-10 09:05:39 - [TEST_STEP][PASSED] - out.println(r7): null

2023-04-10 09:05:39 - [TEST_STEP][PASSED] - dirContenidos[i].delete(): null

2023-04-10 09:05:39 - [TEST_STEP][PASSED] - out.println(dirContenidos): null

2023-04-10 09:05:39 - [TEST_STEP][PASSED] - if (getName().equals(Archivo6)): null

2023-04-10 09:05:39 - [TEST_STEP][PASSED] - dirContenidos[i].delete(): null

2023-04-10 09:05:39 - [TEST_STEP][PASSED] - out.println(dirContenidos): null

2023-04-10 09:05:39 - [TEST_STEP][PASSED] - if (getName().equals(Archivo6)): null

2023-04-10 09:05:39 - [TEST_STEP][PASSED] - dirContenidos[i].delete(): null

2023-04-10 09:05:39 - [TEST_STEP][PASSED] - out.println(dirContenidos): null

2023-04-10 09:05:39 - [TEST_STEP][PASSED] - if (getName().equals(Archivo6)): null

2023-04-10 09:05:39 - [TEST_STEP][PASSED] - dirContenidos[i].delete(): null

2023-04-10 09:05:39 - [TEST_STEP][PASSED] - out.println(dirContenidos): null

2023-04-10 09:05:39 - [TEST_STEP][PASSED] - if (getName().equals(Archivo6)): null

2023-04-10 09:05:39 - [TEST_STEP][PASSED] - dirContenidos[i].delete(): null

2023-04-10 09:05:39 - [TEST_STEP][PASSED] - out.println(dirContenidos): null

2023-04-10 09:05:39 - [TEST_STEP][PASSED] - if (getName().equals(Archivo6)): null

2023-04-10 09:05:39 - [TEST_STEP][PASSED] - dirContenidos[i].delete(): null

2023-04-10 09:05:39 - [TEST_STEP][PASSED] - out.println(dirContenidos): null

2023-04-10 09:05:39 - [TEST_STEP][PASSED] - if (getName().equals(Archivo6)): null

2023-04-10 09:05:39 - [TEST_STEP][PASSED] - dirContenidos[i].delete(): null

2023-04-10 09:05:39 - [TEST_STEP][PASSED] - out.println(dirContenidos): null

2023-04-10 09:05:39 - [TEST_STEP][PASSED] - if (getName().equals(Archivo6)): null

2023-04-10 09:05:39 - [TEST_STEP][PASSED] - dirContenidos[i].delete(): null

2023-04-10 09:05:39 - [TEST_STEP][PASSED] - out.println(dirContenidos): null

2023-04-10 09:05:39 - [TEST_STEP][PASSED] - if (getName().equals(Archivo6)): null

2023-04-10 09:05:39 - [TEST_STEP][PASSED] - dirContenidos[i].delete(): null

2023-04-10 09:05:39 - [TEST_STEP][PASSED] - out.println(dirContenidos): null

2023-04-10 09:05:39 - [TEST_STEP][PASSED] - if (getName().equals(Archivo6)): null

2023-04-10 09:05:39 - [TEST_STEP][PASSED] - dirContenidos[i].delete(): null

2023-04-10 09:05:39 - [TEST_STEP][PASSED] - out.println(dirContenidos): null

2023-04-10 09:05:39 - [TEST_STEP][PASSED] - if (getName().equals(Archivo6)): null

2023-04-10 09:05:39 - [TEST_STEP][PASSED] - dirContenidos[i].delete(): null

2023-04-10 09:05:39 - [TEST_STEP][PASSED] - out.println(dirContenidos): null

2023-04-10 09:05:39 - [TEST_STEP][PASSED] - if (getName().equals(Archivo6)): null

2023-04-10 09:05:39 - [TEST_STEP][PASSED] - dirContenidos[i].delete(): null

2023-04-10 09:05:39 - [TEST_STEP][PASSED] - out.println(dirContenidos): null

2023-04-10 09:05:39 - [TEST_STEP][PASSED] - if (getName().equals(Archivo6)): null

2023-04-10 09:05:39 - [TEST_STEP][PASSED] - dirContenidos[i].delete(): null

2023-04-10 09:05:39 - [TEST_STEP][PASSED] - out.println(dirContenidos): null

2023-04-10 09:05:39 - [TEST_STEP][PASSED] - if (getName().equals(Archivo6)): null

2023-04-10 09:05:39 - [TEST_STEP][PASSED] - dirContenidos[i].delete(): null

2023-04-10 09:05:39 - [TEST_STEP][PASSED] - out.println(dirContenidos): null

2023-04-10 09:05:39 - [TEST_STEP][PASSED] - if (getName().equals(Archivo6)): null

2023-04-10 09:05:39 - [TEST_STEP][PASSED] - dirContenidos[i].delete(): null

2023-04-10 09:05:39 - [TEST_STEP][PASSED] - out.println(dirContenidos): null

2023-04-10 09:05:39 - [TEST_STEP][PASSED] - if (getName().equals(Archivo6)): null

2023-04-10 09:05:39 - [TEST_STEP][PASSED] - dirContenidos[i].delete(): null

2023-04-10 09:05:39 - [TEST_STEP][PASSED] - out.println(dirContenidos): null

2023-04-10 09:05:39 - [TEST_STEP][PASSED] - if (getName().equals(Archivo6)): null

2023-04-10 09:05:39 - [TEST_STEP][PASSED] - dirContenidos[i].delete(): null

2023-04-10 09:05:39 - [TEST_STEP][PASSED] - out.println(dirContenidos): null

2023-04-10 09:05:39 - [TEST_STEP][PASSED] - if (getName().equals(Archivo6)): null

2023-04-10 09:05:39 - [TEST_STEP][PASSED] - dirContenidos[i].delete(): null

2023-04-10 09:05:39 - [TEST_STEP][PASSED] - out.println(dirContenidos): null

2023-04-10 09:05:39 - [TEST_STEP][PASSED] - if (getName().equals(Archivo6)): null

2023-04-10 09:05:39 - [TEST_STEP][PASSED] - dirContenidos[i].delete(): null

2023-04-10 09:05:39 - [TEST_STEP][PASSED] - out.println(dirContenidos): null

2023-04-10 09:05:39 - [TEST_STEP][PASSED] - if (getName().equals(Archivo6)): null

2023-04-10 09:05:39 - [TEST_STEP][PASSED] - dirContenidos[i].delete(): null

2023-04-10 09:05:39 - [TEST_STEP][PASSED] - out.println(dirContenidos): null

2023-04-10 09:05:39 - [TEST_STEP][PASSED] - if (getName().equals(Archivo6)): null

2023-04-10 09:05:39 - [TEST_STEP][PASSED] - dirContenidos[i].delete(): null

2023-04-10 09:05:39 - [TEST_STEP][PASSED] - out.println(dirContenidos): null

2023-04-10 09:05:39 - [TEST_STEP][PASSED] - if (getName().equals(Archivo6)): null

2023-04-10 09:05:39 - [TEST_STEP][PASSED] - dirContenidos[i].delete(): null

2023-04-10 09:05:39 - [TEST_STEP][PASSED] - out.println(dirContenidos): null

2023-04-10 09:05:39 - [TEST_STEP][PASSED] - if (getName().equals(Archivo6)): null

2023-04-10 09:05:39 - [TEST_STEP][PASSED] - dirContenidos[i].delete(): null

2023-04-10 09:05:39 - [TEST_STEP][PASSED] - out.println(dirContenidos): null

2023-04-10 09:05:39 - [TEST_STEP][PASSED] - if (getName().equals(Archivo6)): null

2023-04-10 09:05:39 - [TEST_STEP][PASSED] - dirContenidos[i].delete(): null

2023-04-10 09:05:39 - [TEST_STEP][PASSED] - out.println(dirContenidos): null

2023-04-10 09:05:39 - [TEST_STEP][PASSED] - if (getName().equals(Archivo6)): null

2023-04-10 09:05:39 - [TEST_STEP][PASSED] - dirContenidos[i].delete(): null

2023-04-10 09:05:39 - [TEST_STEP][PASSED] - out.println(dirContenidos): null

2023-04-10 09:05:39 - [TEST_STEP][PASSED] - if (getName().equals(Archivo6)): null

2023-04-10 09:05:39 - [TEST_STEP][PASSED] - dirContenidos[i].delete(): null

2023-04-10 09:05:39 - [TEST_STEP][PASSED] - out.println(dirContenidos): null

2023-04-10 09:05:39 - [TEST_STEP][PASSED] - if (getName().equals(Archivo6)): null

2023-04-10 09:05:39 - [TEST_STEP][PASSED] - dirContenidos[i].delete(): null

2023-04-10 09:05:39 - [TEST_STEP][PASSED] - out.println(dirContenidos): null

2023-04-10 09:05:39 - [TEST_STEP][PASSED] - if (getName().equals(Archivo6)): null

2023-04-10 09:05:39 - [TEST_STEP][PASSED] - for ([i = 0, i < length, (i++)]): null

2023-04-10 09:05:39 - [TEST_STEP][PASSED] - dirContenidos[i].delete(): null

2023-04-10 09:05:39 - [TEST_STEP][PASSED] - out.println(dirContenidos): null

2023-04-10 09:05:39 - [TEST_STEP][PASSED] - if (getName().equals(Archivo7)): null

2023-04-10 09:05:39 - [TEST_STEP][PASSED] - dirContenidos[i].delete(): null

2023-04-10 09:05:39 - [TEST_STEP][PASSED] - out.println(dirContenidos): null

2023-04-10 09:05:39 - [TEST_STEP][PASSED] - if (getName().equals(Archivo7)): null

2023-04-10 09:05:39 - [TEST_STEP][PASSED] - dirContenidos[i].delete(): null

2023-04-10 09:05:39 - [TEST_STEP][PASSED] - out.println(dirContenidos): null

2023-04-10 09:05:39 - [TEST_STEP][PASSED] - if (getName().equals(Archivo7)): null

2023-04-10 09:05:39 - [TEST_STEP][PASSED] - dirContenidos[i].delete(): null

2023-04-10 09:05:39 - [TEST_STEP][PASSED] - out.println(dirContenidos): null

2023-04-10 09:05:39 - [TEST_STEP][PASSED] - if (getName().equals(Archivo7)): null

2023-04-10 09:05:39 - [TEST_STEP][PASSED] - dirContenidos[i].delete(): null

2023-04-10 09:05:39 - [TEST_STEP][PASSED] - out.println(dirContenidos): null

2023-04-10 09:05:39 - [TEST_STEP][PASSED] - if (getName().equals(Archivo7)): null

2023-04-10 09:05:39 - [TEST_STEP][PASSED] - dirContenidos[i].delete(): null

2023-04-10 09:05:39 - [TEST_STEP][PASSED] - out.println(dirContenidos): null

2023-04-10 09:05:39 - [TEST_STEP][PASSED] - if (getName().equals(Archivo7)): null

2023-04-10 09:05:39 - [TEST_STEP][PASSED] - dirContenidos[i].delete(): null

2023-04-10 09:05:39 - [TEST_STEP][PASSED] - out.println(dirContenidos): null

2023-04-10 09:05:39 - [TEST_STEP][PASSED] - if (getName().equals(Archivo7)): null

2023-04-10 09:05:39 - [TEST_STEP][PASSED] - dirContenidos[i].delete(): null

2023-04-10 09:05:39 - [TEST_STEP][PASSED] - r8 = "ok": null

2023-04-10 09:05:39 - [TEST_STEP][PASSED] - out.println(r8): null

2023-04-10 09:05:39 - [TEST_STEP][PASSED] - dirContenidos[i].delete(): null

2023-04-10 09:05:39 - [TEST_STEP][PASSED] - out.println(dirContenidos): null

2023-04-10 09:05:39 - [TEST_STEP][PASSED] - if (getName().equals(Archivo7)): null

2023-04-10 09:05:39 - [TEST_STEP][PASSED] - dirContenidos[i].delete(): null

2023-04-10 09:05:39 - [TEST_STEP][PASSED] - out.println(dirContenidos): null

2023-04-10 09:05:39 - [TEST_STEP][PASSED] - if (getName().equals(Archivo7)): null

2023-04-10 09:05:39 - [TEST_STEP][PASSED] - dirContenidos[i].delete(): null

2023-04-10 09:05:39 - [TEST_STEP][PASSED] - out.println(dirContenidos): null

2023-04-10 09:05:39 - [TEST_STEP][PASSED] - if (getName().equals(Archivo7)): null

2023-04-10 09:05:39 - [TEST_STEP][PASSED] - dirContenidos[i].delete(): null

2023-04-10 09:05:39 - [TEST_STEP][PASSED] - out.println(dirContenidos): null

2023-04-10 09:05:39 - [TEST_STEP][PASSED] - if (getName().equals(Archivo7)): null

2023-04-10 09:05:39 - [TEST_STEP][PASSED] - dirContenidos[i].delete(): null

2023-04-10 09:05:39 - [TEST_STEP][PASSED] - out.println(dirContenidos): null

2023-04-10 09:05:39 - [TEST_STEP][PASSED] - if (getName().equals(Archivo7)): null

2023-04-10 09:05:39 - [TEST_STEP][PASSED] - dirContenidos[i].delete(): null

2023-04-10 09:05:39 - [TEST_STEP][PASSED] - out.println(dirContenidos): null

2023-04-10 09:05:39 - [TEST_STEP][PASSED] - if (getName().equals(Archivo7)): null

2023-04-10 09:05:39 - [TEST_STEP][PASSED] - dirContenidos[i].delete(): null

2023-04-10 09:05:39 - [TEST_STEP][PASSED] - out.println(dirContenidos): null

2023-04-10 09:05:39 - [TEST_STEP][PASSED] - if (getName().equals(Archivo7)): null

2023-04-10 09:05:39 - [TEST_STEP][PASSED] - dirContenidos[i].delete(): null

2023-04-10 09:05:39 - [TEST_STEP][PASSED] - out.println(dirContenidos): null

2023-04-10 09:05:39 - [TEST_STEP][PASSED] - if (getName().equals(Archivo7)): null

2023-04-10 09:05:39 - [TEST_STEP][PASSED] - dirContenidos[i].delete(): null

2023-04-10 09:05:39 - [TEST_STEP][PASSED] - out.println(dirContenidos): null

2023-04-10 09:05:39 - [TEST_STEP][PASSED] - if (getName().equals(Archivo7)): null

2023-04-10 09:05:39 - [TEST_STEP][PASSED] - dirContenidos[i].delete(): null

2023-04-10 09:05:39 - [TEST_STEP][PASSED] - out.println(dirContenidos): null

2023-04-10 09:05:39 - [TEST_STEP][PASSED] - if (getName().equals(Archivo7)): null

2023-04-10 09:05:39 - [TEST_STEP][PASSED] - dirContenidos[i].delete(): null

2023-04-10 09:05:39 - [TEST_STEP][PASSED] - out.println(dirContenidos): null

2023-04-10 09:05:39 - [TEST_STEP][PASSED] - if (getName().equals(Archivo7)): null

2023-04-10 09:05:39 - [TEST_STEP][PASSED] - dirContenidos[i].delete(): null

2023-04-10 09:05:39 - [TEST_STEP][PASSED] - out.println(dirContenidos): null

2023-04-10 09:05:39 - [TEST_STEP][PASSED] - if (getName().equals(Archivo7)): null

2023-04-10 09:05:39 - [TEST_STEP][PASSED] - dirContenidos[i].delete(): null

2023-04-10 09:05:39 - [TEST_STEP][PASSED] - out.println(dirContenidos): null

2023-04-10 09:05:39 - [TEST_STEP][PASSED] - if (getName().equals(Archivo7)): null

2023-04-10 09:05:39 - [TEST_STEP][PASSED] - dirContenidos[i].delete(): null

2023-04-10 09:05:39 - [TEST_STEP][PASSED] - out.println(dirContenidos): null

2023-04-10 09:05:39 - [TEST_STEP][PASSED] - if (getName().equals(Archivo7)): null

2023-04-10 09:05:39 - [TEST_STEP][PASSED] - dirContenidos[i].delete(): null

2023-04-10 09:05:39 - [TEST_STEP][PASSED] - out.println(dirContenidos): null

2023-04-10 09:05:39 - [TEST_STEP][PASSED] - if (getName().equals(Archivo7)): null

2023-04-10 09:05:39 - [TEST_STEP][PASSED] - dirContenidos[i].delete(): null

2023-04-10 09:05:39 - [TEST_STEP][PASSED] - out.println(dirContenidos): null

2023-04-10 09:05:39 - [TEST_STEP][PASSED] - if (getName().equals(Archivo7)): null

2023-04-10 09:05:39 - [TEST_STEP][PASSED] - dirContenidos[i].delete(): null

2023-04-10 09:05:39 - [TEST_STEP][PASSED] - out.println(dirContenidos): null

2023-04-10 09:05:39 - [TEST_STEP][PASSED] - if (getName().equals(Archivo7)): null

2023-04-10 09:05:39 - [TEST_STEP][PASSED] - dirContenidos[i].delete(): null

2023-04-10 09:05:39 - [TEST_STEP][PASSED] - out.println(dirContenidos): null

2023-04-10 09:05:39 - [TEST_STEP][PASSED] - if (getName().equals(Archivo7)): null

2023-04-10 09:05:39 - [TEST_STEP][PASSED] - dirContenidos[i].delete(): null

2023-04-10 09:05:39 - [TEST_STEP][PASSED] - out.println(dirContenidos): null

2023-04-10 09:05:39 - [TEST_STEP][PASSED] - if (getName().equals(Archivo7)): null

2023-04-10 09:05:39 - [TEST_STEP][PASSED] - dirContenidos[i].delete(): null

2023-04-10 09:05:39 - [TEST_STEP][PASSED] - out.println(dirContenidos): null

2023-04-10 09:05:39 - [TEST_STEP][PASSED] - if (getName().equals(Archivo7)): null

2023-04-10 09:05:39 - [TEST_STEP][PASSED] - dirContenidos[i].delete(): null

2023-04-10 09:05:39 - [TEST_STEP][PASSED] - out.println(dirContenidos): null

2023-04-10 09:05:39 - [TEST_STEP][PASSED] - if (getName().equals(Archivo7)): null

2023-04-10 09:05:39 - [TEST_STEP][PASSED] - dirContenidos[i].delete(): null

2023-04-10 09:05:39 - [TEST_STEP][PASSED] - out.println(dirContenidos): null

2023-04-10 09:05:39 - [TEST_STEP][PASSED] - if (getName().equals(Archivo7)): null

2023-04-10 09:05:39 - [TEST_STEP][PASSED] - dirContenidos[i].delete(): null

2023-04-10 09:05:39 - [TEST_STEP][PASSED] - out.println(dirContenidos): null

2023-04-10 09:05:39 - [TEST_STEP][PASSED] - if (getName().equals(Archivo7)): null

2023-04-10 09:05:39 - [TEST_STEP][PASSED] - dirContenidos[i].delete(): null

2023-04-10 09:05:39 - [TEST_STEP][PASSED] - out.println(dirContenidos): null

2023-04-10 09:05:39 - [TEST_STEP][PASSED] - if (getName().equals(Archivo7)): null

2023-04-10 09:05:39 - [TEST_STEP][PASSED] - dirContenidos[i].delete(): null

2023-04-10 09:05:39 - [TEST_STEP][PASSED] - out.println(dirContenidos): null

2023-04-10 09:05:39 - [TEST_STEP][PASSED] - if (getName().equals(Archivo7)): null

2023-04-10 09:05:39 - [TEST_STEP][PASSED] - dirContenidos[i].delete(): null

2023-04-10 09:05:39 - [TEST_STEP][PASSED] - out.println(dirContenidos): null

2023-04-10 09:05:39 - [TEST_STEP][PASSED] - if (getName().equals(Archivo7)): null

2023-04-10 09:05:39 - [TEST_STEP][PASSED] - for ([i = 0, i < length, (i++)]): null

2023-04-10 09:05:39 - [TEST_STEP][PASSED] - dirContenidos[i].delete(): null

2023-04-10 09:05:39 - [TEST_STEP][PASSED] - out.println(dirContenidos): null

2023-04-10 09:05:39 - [TEST_STEP][PASSED] - if (getName().equals(Archivo8)): null

2023-04-10 09:05:39 - [TEST_STEP][PASSED] - dirContenidos[i].delete(): null

2023-04-10 09:05:39 - [TEST_STEP][PASSED] - out.println(dirContenidos): null

2023-04-10 09:05:39 - [TEST_STEP][PASSED] - if (getName().equals(Archivo8)): null

2023-04-10 09:05:39 - [TEST_STEP][PASSED] - dirContenidos[i].delete(): null

2023-04-10 09:05:39 - [TEST_STEP][PASSED] - out.println(dirContenidos): null

2023-04-10 09:05:39 - [TEST_STEP][PASSED] - if (getName().equals(Archivo8)): null

2023-04-10 09:05:39 - [TEST_STEP][PASSED] - dirContenidos[i].delete(): null

2023-04-10 09:05:39 - [TEST_STEP][PASSED] - out.println(dirContenidos): null

2023-04-10 09:05:39 - [TEST_STEP][PASSED] - if (getName().equals(Archivo8)): null

2023-04-10 09:05:39 - [TEST_STEP][PASSED] - dirContenidos[i].delete(): null

2023-04-10 09:05:39 - [TEST_STEP][PASSED] - out.println(dirContenidos): null

2023-04-10 09:05:39 - [TEST_STEP][PASSED] - if (getName().equals(Archivo8)): null

2023-04-10 09:05:39 - [TEST_STEP][PASSED] - dirContenidos[i].delete(): null

2023-04-10 09:05:39 - [TEST_STEP][PASSED] - out.println(dirContenidos): null

2023-04-10 09:05:39 - [TEST_STEP][PASSED] - if (getName().equals(Archivo8)): null

2023-04-10 09:05:39 - [TEST_STEP][PASSED] - dirContenidos[i].delete(): null

2023-04-10 09:05:39 - [TEST_STEP][PASSED] - out.println(dirContenidos): null

2023-04-10 09:05:39 - [TEST_STEP][PASSED] - if (getName().equals(Archivo8)): null

2023-04-10 09:05:39 - [TEST_STEP][PASSED] - dirContenidos[i].delete(): null

2023-04-10 09:05:39 - [TEST_STEP][PASSED] - out.println(dirContenidos): null

2023-04-10 09:05:39 - [TEST_STEP][PASSED] - if (getName().equals(Archivo8)): null

2023-04-10 09:05:39 - [TEST_STEP][PASSED] - dirContenidos[i].delete(): null

2023-04-10 09:05:39 - [TEST_STEP][PASSED] - out.println(dirContenidos): null

2023-04-10 09:05:39 - [TEST_STEP][PASSED] - if (getName().equals(Archivo8)): null

2023-04-10 09:05:39 - [TEST_STEP][PASSED] - dirContenidos[i].delete(): null

2023-04-10 09:05:39 - [TEST_STEP][PASSED] - out.println(dirContenidos): null

2023-04-10 09:05:39 - [TEST_STEP][PASSED] - if (getName().equals(Archivo8)): null

2023-04-10 09:05:39 - [TEST_STEP][PASSED] - dirContenidos[i].delete(): null

2023-04-10 09:05:39 - [TEST_STEP][PASSED] - out.println(dirContenidos): null

2023-04-10 09:05:39 - [TEST_STEP][PASSED] - if (getName().equals(Archivo8)): null

2023-04-10 09:05:39 - [TEST_STEP][PASSED] - dirContenidos[i].delete(): null

2023-04-10 09:05:39 - [TEST_STEP][PASSED] - out.println(dirContenidos): null

2023-04-10 09:05:39 - [TEST_STEP][PASSED] - if (getName().equals(Archivo8)): null

2023-04-10 09:05:39 - [TEST_STEP][PASSED] - dirContenidos[i].delete(): null

2023-04-10 09:05:39 - [TEST_STEP][PASSED] - out.println(dirContenidos): null

2023-04-10 09:05:39 - [TEST_STEP][PASSED] - if (getName().equals(Archivo8)): null

2023-04-10 09:05:39 - [TEST_STEP][PASSED] - dirContenidos[i].delete(): null

2023-04-10 09:05:39 - [TEST_STEP][PASSED] - out.println(dirContenidos): null

2023-04-10 09:05:39 - [TEST_STEP][PASSED] - if (getName().equals(Archivo8)): null

2023-04-10 09:05:39 - [TEST_STEP][PASSED] - dirContenidos[i].delete(): null

2023-04-10 09:05:39 - [TEST_STEP][PASSED] - out.println(dirContenidos): null

2023-04-10 09:05:40 - [TEST_STEP][PASSED] - if (getName().equals(Archivo8)): null

2023-04-10 09:05:40 - [TEST_STEP][PASSED] - dirContenidos[i].delete(): null

2023-04-10 09:05:40 - [TEST_STEP][PASSED] - out.println(dirContenidos): null

2023-04-10 09:05:40 - [TEST_STEP][PASSED] - if (getName().equals(Archivo8)): null

2023-04-10 09:05:40 - [TEST_STEP][PASSED] - dirContenidos[i].delete(): null

2023-04-10 09:05:40 - [TEST_STEP][PASSED] - out.println(dirContenidos): null

2023-04-10 09:05:40 - [TEST_STEP][PASSED] - if (getName().equals(Archivo8)): null

2023-04-10 09:05:40 - [TEST_STEP][PASSED] - dirContenidos[i].delete(): null

2023-04-10 09:05:40 - [TEST_STEP][PASSED] - out.println(dirContenidos): null

2023-04-10 09:05:40 - [TEST_STEP][PASSED] - if (getName().equals(Archivo8)): null

2023-04-10 09:05:40 - [TEST_STEP][PASSED] - dirContenidos[i].delete(): null

2023-04-10 09:05:40 - [TEST_STEP][PASSED] - out.println(dirContenidos): null

2023-04-10 09:05:40 - [TEST_STEP][PASSED] - if (getName().equals(Archivo8)): null

2023-04-10 09:05:40 - [TEST_STEP][PASSED] - dirContenidos[i].delete(): null

2023-04-10 09:05:40 - [TEST_STEP][PASSED] - r9 = "ok": null

2023-04-10 09:05:40 - [TEST_STEP][PASSED] - out.println(r9): null

2023-04-10 09:05:40 - [TEST_STEP][PASSED] - dirContenidos[i].delete(): null

2023-04-10 09:05:40 - [TEST_STEP][PASSED] - out.println(dirContenidos): null

2023-04-10 09:05:40 - [TEST_STEP][PASSED] - if (getName().equals(Archivo8)): null

2023-04-10 09:05:40 - [TEST_STEP][PASSED] - dirContenidos[i].delete(): null

2023-04-10 09:05:40 - [TEST_STEP][PASSED] - out.println(dirContenidos): null

2023-04-10 09:05:40 - [TEST_STEP][PASSED] - if (getName().equals(Archivo8)): null

2023-04-10 09:05:40 - [TEST_STEP][PASSED] - dirContenidos[i].delete(): null

2023-04-10 09:05:40 - [TEST_STEP][PASSED] - out.println(dirContenidos): null

2023-04-10 09:05:40 - [TEST_STEP][PASSED] - if (getName().equals(Archivo8)): null

2023-04-10 09:05:40 - [TEST_STEP][PASSED] - dirContenidos[i].delete(): null

2023-04-10 09:05:40 - [TEST_STEP][PASSED] - out.println(dirContenidos): null

2023-04-10 09:05:40 - [TEST_STEP][PASSED] - if (getName().equals(Archivo8)): null

2023-04-10 09:05:40 - [TEST_STEP][PASSED] - dirContenidos[i].delete(): null

2023-04-10 09:05:40 - [TEST_STEP][PASSED] - out.println(dirContenidos): null

2023-04-10 09:05:40 - [TEST_STEP][PASSED] - if (getName().equals(Archivo8)): null

2023-04-10 09:05:40 - [TEST_STEP][PASSED] - dirContenidos[i].delete(): null

2023-04-10 09:05:40 - [TEST_STEP][PASSED] - out.println(dirContenidos): null

2023-04-10 09:05:40 - [TEST_STEP][PASSED] - if (getName().equals(Archivo8)): null

2023-04-10 09:05:40 - [TEST_STEP][PASSED] - dirContenidos[i].delete(): null

2023-04-10 09:05:40 - [TEST_STEP][PASSED] - out.println(dirContenidos): null

2023-04-10 09:05:40 - [TEST_STEP][PASSED] - if (getName().equals(Archivo8)): null

2023-04-10 09:05:40 - [TEST_STEP][PASSED] - dirContenidos[i].delete(): null

2023-04-10 09:05:40 - [TEST_STEP][PASSED] - out.println(dirContenidos): null

2023-04-10 09:05:40 - [TEST_STEP][PASSED] - if (getName().equals(Archivo8)): null

2023-04-10 09:05:40 - [TEST_STEP][PASSED] - dirContenidos[i].delete(): null

2023-04-10 09:05:40 - [TEST_STEP][PASSED] - out.println(dirContenidos): null

2023-04-10 09:05:40 - [TEST_STEP][PASSED] - if (getName().equals(Archivo8)): null

2023-04-10 09:05:40 - [TEST_STEP][PASSED] - dirContenidos[i].delete(): null

2023-04-10 09:05:40 - [TEST_STEP][PASSED] - out.println(dirContenidos): null

2023-04-10 09:05:40 - [TEST_STEP][PASSED] - if (getName().equals(Archivo8)): null

2023-04-10 09:05:40 - [TEST_STEP][PASSED] - dirContenidos[i].delete(): null

2023-04-10 09:05:40 - [TEST_STEP][PASSED] - out.println(dirContenidos): null

2023-04-10 09:05:40 - [TEST_STEP][PASSED] - if (getName().equals(Archivo8)): null

2023-04-10 09:05:40 - [TEST_STEP][PASSED] - dirContenidos[i].delete(): null

2023-04-10 09:05:40 - [TEST_STEP][PASSED] - out.println(dirContenidos): null

2023-04-10 09:05:40 - [TEST_STEP][PASSED] - if (getName().equals(Archivo8)): null

2023-04-10 09:05:40 - [TEST_STEP][PASSED] - dirContenidos[i].delete(): null

2023-04-10 09:05:40 - [TEST_STEP][PASSED] - out.println(dirContenidos): null

2023-04-10 09:05:40 - [TEST_STEP][PASSED] - if (getName().equals(Archivo8)): null

2023-04-10 09:05:40 - [TEST_STEP][PASSED] - dirContenidos[i].delete(): null

2023-04-10 09:05:40 - [TEST_STEP][PASSED] - out.println(dirContenidos): null

2023-04-10 09:05:40 - [TEST_STEP][PASSED] - if (getName().equals(Archivo8)): null

2023-04-10 09:05:40 - [TEST_STEP][PASSED] - for ([i = 0, i < length, (i++)]): null

2023-04-10 09:05:40 - [TEST_STEP][PASSED] - dirContenidos[i].delete(): null

2023-04-10 09:05:40 - [TEST_STEP][PASSED] - out.println(dirContenidos): null

2023-04-10 09:05:40 - [TEST_STEP][PASSED] - if (getName().equals(Archivo9)): null

2023-04-10 09:05:40 - [TEST_STEP][PASSED] - dirContenidos[i].delete(): null

2023-04-10 09:05:40 - [TEST_STEP][PASSED] - out.println(dirContenidos): null

2023-04-10 09:05:40 - [TEST_STEP][PASSED] - if (getName().equals(Archivo9)): null

2023-04-10 09:05:40 - [TEST_STEP][PASSED] - dirContenidos[i].delete(): null

2023-04-10 09:05:40 - [TEST_STEP][PASSED] - out.println(dirContenidos): null

2023-04-10 09:05:40 - [TEST_STEP][PASSED] - if (getName().equals(Archivo9)): null

2023-04-10 09:05:40 - [TEST_STEP][PASSED] - dirContenidos[i].delete(): null

2023-04-10 09:05:40 - [TEST_STEP][PASSED] - out.println(dirContenidos): null

2023-04-10 09:05:40 - [TEST_STEP][PASSED] - if (getName().equals(Archivo9)): null

2023-04-10 09:05:40 - [TEST_STEP][PASSED] - dirContenidos[i].delete(): null

2023-04-10 09:05:40 - [TEST_STEP][PASSED] - out.println(dirContenidos): null

2023-04-10 09:05:40 - [TEST_STEP][PASSED] - if (getName().equals(Archivo9)): null

2023-04-10 09:05:40 - [TEST_STEP][PASSED] - dirContenidos[i].delete(): null

2023-04-10 09:05:40 - [TEST_STEP][PASSED] - out.println(dirContenidos): null

2023-04-10 09:05:40 - [TEST_STEP][PASSED] - if (getName().equals(Archivo9)): null

2023-04-10 09:05:40 - [TEST_STEP][PASSED] - dirContenidos[i].delete(): null

2023-04-10 09:05:40 - [TEST_STEP][PASSED] - out.println(dirContenidos): null

2023-04-10 09:05:40 - [TEST_STEP][PASSED] - if (getName().equals(Archivo9)): null

2023-04-10 09:05:40 - [TEST_STEP][PASSED] - dirContenidos[i].delete(): null

2023-04-10 09:05:40 - [TEST_STEP][PASSED] - out.println(dirContenidos): null

2023-04-10 09:05:40 - [TEST_STEP][PASSED] - if (getName().equals(Archivo9)): null

2023-04-10 09:05:40 - [TEST_STEP][PASSED] - dirContenidos[i].delete(): null

2023-04-10 09:05:40 - [TEST_STEP][PASSED] - out.println(dirContenidos): null

2023-04-10 09:05:40 - [TEST_STEP][PASSED] - if (getName().equals(Archivo9)): null

2023-04-10 09:05:40 - [TEST_STEP][PASSED] - dirContenidos[i].delete(): null

2023-04-10 09:05:40 - [TEST_STEP][PASSED] - out.println(dirContenidos): null

2023-04-10 09:05:40 - [TEST_STEP][PASSED] - if (getName().equals(Archivo9)): null

2023-04-10 09:05:40 - [TEST_STEP][PASSED] - dirContenidos[i].delete(): null

2023-04-10 09:05:40 - [TEST_STEP][PASSED] - out.println(dirContenidos): null

2023-04-10 09:05:40 - [TEST_STEP][PASSED] - if (getName().equals(Archivo9)): null

2023-04-10 09:05:40 - [TEST_STEP][PASSED] - dirContenidos[i].delete(): null

2023-04-10 09:05:40 - [TEST_STEP][PASSED] - out.println(dirContenidos): null

2023-04-10 09:05:40 - [TEST_STEP][PASSED] - if (getName().equals(Archivo9)): null

2023-04-10 09:05:40 - [TEST_STEP][PASSED] - dirContenidos[i].delete(): null

2023-04-10 09:05:40 - [TEST_STEP][PASSED] - out.println(dirContenidos): null

2023-04-10 09:05:40 - [TEST_STEP][PASSED] - if (getName().equals(Archivo9)): null

2023-04-10 09:05:40 - [TEST_STEP][PASSED] - dirContenidos[i].delete(): null

2023-04-10 09:05:40 - [TEST_STEP][PASSED] - out.println(dirContenidos): null

2023-04-10 09:05:40 - [TEST_STEP][PASSED] - if (getName().equals(Archivo9)): null

2023-04-10 09:05:40 - [TEST_STEP][PASSED] - dirContenidos[i].delete(): null

2023-04-10 09:05:40 - [TEST_STEP][PASSED] - out.println(dirContenidos): null

2023-04-10 09:05:40 - [TEST_STEP][PASSED] - if (getName().equals(Archivo9)): null

2023-04-10 09:05:40 - [TEST_STEP][PASSED] - dirContenidos[i].delete(): null

2023-04-10 09:05:40 - [TEST_STEP][PASSED] - out.println(dirContenidos): null

2023-04-10 09:05:40 - [TEST_STEP][PASSED] - if (getName().equals(Archivo9)): null

2023-04-10 09:05:40 - [TEST_STEP][PASSED] - dirContenidos[i].delete(): null

2023-04-10 09:05:40 - [TEST_STEP][PASSED] - out.println(dirContenidos): null

2023-04-10 09:05:40 - [TEST_STEP][PASSED] - if (getName().equals(Archivo9)): null

2023-04-10 09:05:40 - [TEST_STEP][PASSED] - dirContenidos[i].delete(): null

2023-04-10 09:05:40 - [TEST_STEP][PASSED] - out.println(dirContenidos): null

2023-04-10 09:05:40 - [TEST_STEP][PASSED] - if (getName().equals(Archivo9)): null

2023-04-10 09:05:40 - [TEST_STEP][PASSED] - dirContenidos[i].delete(): null

2023-04-10 09:05:40 - [TEST_STEP][PASSED] - out.println(dirContenidos): null

2023-04-10 09:05:40 - [TEST_STEP][PASSED] - if (getName().equals(Archivo9)): null

2023-04-10 09:05:40 - [TEST_STEP][PASSED] - dirContenidos[i].delete(): null

2023-04-10 09:05:40 - [TEST_STEP][PASSED] - out.println(dirContenidos): null

2023-04-10 09:05:40 - [TEST_STEP][PASSED] - if (getName().equals(Archivo9)): null

2023-04-10 09:05:40 - [TEST_STEP][PASSED] - dirContenidos[i].delete(): null

2023-04-10 09:05:40 - [TEST_STEP][PASSED] - r10 = "ok": null

2023-04-10 09:05:40 - [TEST_STEP][PASSED] - out.println(r10): null

2023-04-10 09:05:40 - [TEST_STEP][PASSED] - dirContenidos[i].delete(): null

2023-04-10 09:05:40 - [TEST_STEP][PASSED] - out.println(dirContenidos): null

2023-04-10 09:05:40 - [TEST_STEP][PASSED] - if (getName().equals(Archivo9)): null

2023-04-10 09:05:40 - [TEST_STEP][PASSED] - dirContenidos[i].delete(): null

2023-04-10 09:05:40 - [TEST_STEP][PASSED] - out.println(dirContenidos): null

2023-04-10 09:05:40 - [TEST_STEP][PASSED] - if (getName().equals(Archivo9)): null

2023-04-10 09:05:40 - [TEST_STEP][PASSED] - dirContenidos[i].delete(): null

2023-04-10 09:05:40 - [TEST_STEP][PASSED] - out.println(dirContenidos): null

2023-04-10 09:05:40 - [TEST_STEP][PASSED] - if (getName().equals(Archivo9)): null

2023-04-10 09:05:40 - [TEST_STEP][PASSED] - dirContenidos[i].delete(): null

2023-04-10 09:05:40 - [TEST_STEP][PASSED] - out.println(dirContenidos): null

2023-04-10 09:05:40 - [TEST_STEP][PASSED] - if (getName().equals(Archivo9)): null

2023-04-10 09:05:40 - [TEST_STEP][PASSED] - dirContenidos[i].delete(): null

2023-04-10 09:05:40 - [TEST_STEP][PASSED] - out.println(dirContenidos): null

2023-04-10 09:05:40 - [TEST_STEP][PASSED] - if (getName().equals(Archivo9)): null

2023-04-10 09:05:40 - [TEST_STEP][PASSED] - dirContenidos[i].delete(): null

2023-04-10 09:05:40 - [TEST_STEP][PASSED] - out.println(dirContenidos): null

2023-04-10 09:05:40 - [TEST_STEP][PASSED] - if (getName().equals(Archivo9)): null

2023-04-10 09:05:40 - [TEST_STEP][PASSED] - dirContenidos[i].delete(): null

2023-04-10 09:05:40 - [TEST_STEP][PASSED] - out.println(dirContenidos): null

2023-04-10 09:05:40 - [TEST_STEP][PASSED] - if (getName().equals(Archivo9)): null

2023-04-10 09:05:40 - [TEST_STEP][PASSED] - dirContenidos[i].delete(): null

2023-04-10 09:05:40 - [TEST_STEP][PASSED] - out.println(dirContenidos): null

2023-04-10 09:05:40 - [TEST_STEP][PASSED] - if (getName().equals(Archivo9)): null

2023-04-10 09:05:40 - [TEST_STEP][PASSED] - dirContenidos[i].delete(): null

2023-04-10 09:05:40 - [TEST_STEP][PASSED] - out.println(dirContenidos): null

2023-04-10 09:05:40 - [TEST_STEP][PASSED] - if (getName().equals(Archivo9)): null

2023-04-10 09:05:40 - [TEST_STEP][PASSED] - dirContenidos[i].delete(): null

2023-04-10 09:05:40 - [TEST_STEP][PASSED] - out.println(dirContenidos): null

2023-04-10 09:05:40 - [TEST_STEP][PASSED] - if (getName().equals(Archivo9)): null

2023-04-10 09:05:40 - [TEST_STEP][PASSED] - dirContenidos[i].delete(): null

2023-04-10 09:05:40 - [TEST_STEP][PASSED] - out.println(dirContenidos): null

2023-04-10 09:05:40 - [TEST_STEP][PASSED] - if (getName().equals(Archivo9)): null

2023-04-10 09:05:40 - [TEST_STEP][PASSED] - dirContenidos[i].delete(): null

2023-04-10 09:05:40 - [TEST_STEP][PASSED] - out.println(dirContenidos): null

2023-04-10 09:05:40 - [TEST_STEP][PASSED] - if (getName().equals(Archivo9)): null

2023-04-10 09:05:40 - [TEST_STEP][PASSED] - dirContenidos[i].delete(): null

2023-04-10 09:05:40 - [TEST_STEP][PASSED] - out.println(dirContenidos): null

2023-04-10 09:05:40 - [TEST_STEP][PASSED] - if (getName().equals(Archivo9)): null

2023-04-10 09:05:40 - [TEST_STEP][PASSED] - for ([i = 0, i < length, (i++)]): null

2023-04-10 09:05:40 - [TEST_STEP][PASSED] - dirContenidos[i].delete(): null

2023-04-10 09:05:40 - [TEST_STEP][PASSED] - out.println(dirContenidos): null

2023-04-10 09:05:40 - [TEST_STEP][PASSED] - if (getName().equals(Archivo10)): null

2023-04-10 09:05:40 - [TEST_STEP][PASSED] - dirContenidos[i].delete(): null

2023-04-10 09:05:40 - [TEST_STEP][PASSED] - out.println(dirContenidos): null

2023-04-10 09:05:40 - [TEST_STEP][PASSED] - if (getName().equals(Archivo10)): null

2023-04-10 09:05:40 - [TEST_STEP][PASSED] - dirContenidos[i].delete(): null

2023-04-10 09:05:40 - [TEST_STEP][PASSED] - out.println(dirContenidos): null

2023-04-10 09:05:40 - [TEST_STEP][PASSED] - if (getName().equals(Archivo10)): null

2023-04-10 09:05:40 - [TEST_STEP][PASSED] - dirContenidos[i].delete(): null

2023-04-10 09:05:40 - [TEST_STEP][PASSED] - out.println(dirContenidos): null

2023-04-10 09:05:40 - [TEST_STEP][PASSED] - if (getName().equals(Archivo10)): null

2023-04-10 09:05:40 - [TEST_STEP][PASSED] - dirContenidos[i].delete(): null

2023-04-10 09:05:40 - [TEST_STEP][PASSED] - out.println(dirContenidos): null

2023-04-10 09:05:40 - [TEST_STEP][PASSED] - if (getName().equals(Archivo10)): null

2023-04-10 09:05:40 - [TEST_STEP][PASSED] - dirContenidos[i].delete(): null

2023-04-10 09:05:40 - [TEST_STEP][PASSED] - out.println(dirContenidos): null

2023-04-10 09:05:40 - [TEST_STEP][PASSED] - if (getName().equals(Archivo10)): null

2023-04-10 09:05:40 - [TEST_STEP][PASSED] - dirContenidos[i].delete(): null

2023-04-10 09:05:40 - [TEST_STEP][PASSED] - out.println(dirContenidos): null

2023-04-10 09:05:40 - [TEST_STEP][PASSED] - if (getName().equals(Archivo10)): null

2023-04-10 09:05:40 - [TEST_STEP][PASSED] - dirContenidos[i].delete(): null

2023-04-10 09:05:40 - [TEST_STEP][PASSED] - out.println(dirContenidos): null

2023-04-10 09:05:40 - [TEST_STEP][PASSED] - if (getName().equals(Archivo10)): null

2023-04-10 09:05:40 - [TEST_STEP][PASSED] - dirContenidos[i].delete(): null

2023-04-10 09:05:40 - [TEST_STEP][PASSED] - out.println(dirContenidos): null

2023-04-10 09:05:40 - [TEST_STEP][PASSED] - if (getName().equals(Archivo10)): null

2023-04-10 09:05:40 - [TEST_STEP][PASSED] - dirContenidos[i].delete(): null

2023-04-10 09:05:40 - [TEST_STEP][PASSED] - out.println(dirContenidos): null

2023-04-10 09:05:40 - [TEST_STEP][PASSED] - if (getName().equals(Archivo10)): null

2023-04-10 09:05:40 - [TEST_STEP][PASSED] - dirContenidos[i].delete(): null

2023-04-10 09:05:40 - [TEST_STEP][PASSED] - out.println(dirContenidos): null

2023-04-10 09:05:40 - [TEST_STEP][PASSED] - if (getName().equals(Archivo10)): null

2023-04-10 09:05:40 - [TEST_STEP][PASSED] - dirContenidos[i].delete(): null

2023-04-10 09:05:40 - [TEST_STEP][PASSED] - out.println(dirContenidos): null

2023-04-10 09:05:40 - [TEST_STEP][PASSED] - if (getName().equals(Archivo10)): null

2023-04-10 09:05:40 - [TEST_STEP][PASSED] - dirContenidos[i].delete(): null

2023-04-10 09:05:40 - [TEST_STEP][PASSED] - out.println(dirContenidos): null

2023-04-10 09:05:40 - [TEST_STEP][PASSED] - if (getName().equals(Archivo10)): null

2023-04-10 09:05:40 - [TEST_STEP][PASSED] - dirContenidos[i].delete(): null

2023-04-10 09:05:40 - [TEST_STEP][PASSED] - out.println(dirContenidos): null

2023-04-10 09:05:40 - [TEST_STEP][PASSED] - if (getName().equals(Archivo10)): null

2023-04-10 09:05:40 - [TEST_STEP][PASSED] - dirContenidos[i].delete(): null

2023-04-10 09:05:40 - [TEST_STEP][PASSED] - out.println(dirContenidos): null

2023-04-10 09:05:40 - [TEST_STEP][PASSED] - if (getName().equals(Archivo10)): null

2023-04-10 09:05:40 - [TEST_STEP][PASSED] - dirContenidos[i].delete(): null

2023-04-10 09:05:40 - [TEST_STEP][PASSED] - out.println(dirContenidos): null

2023-04-10 09:05:40 - [TEST_STEP][PASSED] - if (getName().equals(Archivo10)): null

2023-04-10 09:05:40 - [TEST_STEP][PASSED] - dirContenidos[i].delete(): null

2023-04-10 09:05:40 - [TEST_STEP][PASSED] - out.println(dirContenidos): null

2023-04-10 09:05:40 - [TEST_STEP][PASSED] - if (getName().equals(Archivo10)): null

2023-04-10 09:05:40 - [TEST_STEP][PASSED] - dirContenidos[i].delete(): null

2023-04-10 09:05:40 - [TEST_STEP][PASSED] - out.println(dirContenidos): null

2023-04-10 09:05:40 - [TEST_STEP][PASSED] - if (getName().equals(Archivo10)): null

2023-04-10 09:05:40 - [TEST_STEP][PASSED] - dirContenidos[i].delete(): null

2023-04-10 09:05:40 - [TEST_STEP][PASSED] - out.println(dirContenidos): null

2023-04-10 09:05:40 - [TEST_STEP][PASSED] - if (getName().equals(Archivo10)): null

2023-04-10 09:05:40 - [TEST_STEP][PASSED] - dirContenidos[i].delete(): null

2023-04-10 09:05:40 - [TEST_STEP][PASSED] - out.println(dirContenidos): null

2023-04-10 09:05:40 - [TEST_STEP][PASSED] - if (getName().equals(Archivo10)): null

2023-04-10 09:05:40 - [TEST_STEP][PASSED] - dirContenidos[i].delete(): null

2023-04-10 09:05:40 - [TEST_STEP][PASSED] - out.println(dirContenidos): null

2023-04-10 09:05:40 - [TEST_STEP][PASSED] - if (getName().equals(Archivo10)): null

2023-04-10 09:05:40 - [TEST_STEP][PASSED] - dirContenidos[i].delete(): null

2023-04-10 09:05:40 - [TEST_STEP][PASSED] - r11 = "ok": null

2023-04-10 09:05:40 - [TEST_STEP][PASSED] - out.println(r11): null

2023-04-10 09:05:40 - [TEST_STEP][PASSED] - dirContenidos[i].delete(): null

2023-04-10 09:05:40 - [TEST_STEP][PASSED] - out.println(dirContenidos): null

2023-04-10 09:05:40 - [TEST_STEP][PASSED] - if (getName().equals(Archivo10)): null

2023-04-10 09:05:40 - [TEST_STEP][PASSED] - dirContenidos[i].delete(): null

2023-04-10 09:05:40 - [TEST_STEP][PASSED] - out.println(dirContenidos): null

2023-04-10 09:05:40 - [TEST_STEP][PASSED] - if (getName().equals(Archivo10)): null

2023-04-10 09:05:40 - [TEST_STEP][PASSED] - dirContenidos[i].delete(): null

2023-04-10 09:05:40 - [TEST_STEP][PASSED] - out.println(dirContenidos): null

2023-04-10 09:05:40 - [TEST_STEP][PASSED] - if (getName().equals(Archivo10)): null

2023-04-10 09:05:40 - [TEST_STEP][PASSED] - dirContenidos[i].delete(): null

2023-04-10 09:05:40 - [TEST_STEP][PASSED] - out.println(dirContenidos): null

2023-04-10 09:05:40 - [TEST_STEP][PASSED] - if (getName().equals(Archivo10)): null

2023-04-10 09:05:40 - [TEST_STEP][PASSED] - dirContenidos[i].delete(): null

2023-04-10 09:05:40 - [TEST_STEP][PASSED] - out.println(dirContenidos): null

2023-04-10 09:05:40 - [TEST_STEP][PASSED] - if (getName().equals(Archivo10)): null

2023-04-10 09:05:40 - [TEST_STEP][PASSED] - dirContenidos[i].delete(): null

2023-04-10 09:05:40 - [TEST_STEP][PASSED] - out.println(dirContenidos): null

2023-04-10 09:05:40 - [TEST_STEP][PASSED] - if (getName().equals(Archivo10)): null

2023-04-10 09:05:40 - [TEST_STEP][PASSED] - dirContenidos[i].delete(): null

2023-04-10 09:05:40 - [TEST_STEP][PASSED] - out.println(dirContenidos): null

2023-04-10 09:05:40 - [TEST_STEP][PASSED] - if (getName().equals(Archivo10)): null

2023-04-10 09:05:40 - [TEST_STEP][PASSED] - dirContenidos[i].delete(): null

2023-04-10 09:05:40 - [TEST_STEP][PASSED] - out.println(dirContenidos): null

2023-04-10 09:05:40 - [TEST_STEP][PASSED] - if (getName().equals(Archivo10)): null

2023-04-10 09:05:40 - [TEST_STEP][PASSED] - dirContenidos[i].delete(): null

2023-04-10 09:05:40 - [TEST_STEP][PASSED] - out.println(dirContenidos): null

2023-04-10 09:05:40 - [TEST_STEP][PASSED] - if (getName().equals(Archivo10)): null

2023-04-10 09:05:40 - [TEST_STEP][PASSED] - dirContenidos[i].delete(): null

2023-04-10 09:05:40 - [TEST_STEP][PASSED] - out.println(dirContenidos): null

2023-04-10 09:05:40 - [TEST_STEP][PASSED] - if (getName().equals(Archivo10)): null

2023-04-10 09:05:40 - [TEST_STEP][PASSED] - dirContenidos[i].delete(): null

2023-04-10 09:05:40 - [TEST_STEP][PASSED] - out.println(dirContenidos): null

2023-04-10 09:05:40 - [TEST_STEP][PASSED] - if (getName().equals(Archivo10)): null

2023-04-10 09:05:40 - [TEST_STEP][PASSED] - dirContenidos[i].delete(): null

2023-04-10 09:05:40 - [TEST_STEP][PASSED] - out.println(dirContenidos): null

2023-04-10 09:05:40 - [TEST_STEP][PASSED] - if (getName().equals(Archivo10)): null

2023-04-10 09:05:40 - [TEST_STEP][PASSED] - for ([i = 0, i < length, (i++)]): null

2023-04-10 09:05:40 - [TEST_STEP][PASSED] - dirContenidos[i].delete(): null

2023-04-10 09:05:40 - [TEST_STEP][PASSED] - out.println(dirContenidos): null

2023-04-10 09:05:40 - [TEST_STEP][PASSED] - if (getName().equals(Archivo11)): null

2023-04-10 09:05:40 - [TEST_STEP][PASSED] - dirContenidos[i].delete(): null

2023-04-10 09:05:40 - [TEST_STEP][PASSED] - out.println(dirContenidos): null

2023-04-10 09:05:40 - [TEST_STEP][PASSED] - if (getName().equals(Archivo11)): null

2023-04-10 09:05:40 - [TEST_STEP][PASSED] - dirContenidos[i].delete(): null

2023-04-10 09:05:40 - [TEST_STEP][PASSED] - out.println(dirContenidos): null

2023-04-10 09:05:40 - [TEST_STEP][PASSED] - if (getName().equals(Archivo11)): null

2023-04-10 09:05:40 - [TEST_STEP][PASSED] - dirContenidos[i].delete(): null

2023-04-10 09:05:40 - [TEST_STEP][PASSED] - out.println(dirContenidos): null

2023-04-10 09:05:40 - [TEST_STEP][PASSED] - if (getName().equals(Archivo11)): null

2023-04-10 09:05:40 - [TEST_STEP][PASSED] - dirContenidos[i].delete(): null

2023-04-10 09:05:40 - [TEST_STEP][PASSED] - out.println(dirContenidos): null

2023-04-10 09:05:40 - [TEST_STEP][PASSED] - if (getName().equals(Archivo11)): null

2023-04-10 09:05:40 - [TEST_STEP][PASSED] - dirContenidos[i].delete(): null

2023-04-10 09:05:40 - [TEST_STEP][PASSED] - out.println(dirContenidos): null

2023-04-10 09:05:40 - [TEST_STEP][PASSED] - if (getName().equals(Archivo11)): null

2023-04-10 09:05:40 - [TEST_STEP][PASSED] - dirContenidos[i].delete(): null

2023-04-10 09:05:40 - [TEST_STEP][PASSED] - out.println(dirContenidos): null

2023-04-10 09:05:40 - [TEST_STEP][PASSED] - if (getName().equals(Archivo11)): null

2023-04-10 09:05:40 - [TEST_STEP][PASSED] - dirContenidos[i].delete(): null

2023-04-10 09:05:40 - [TEST_STEP][PASSED] - out.println(dirContenidos): null

2023-04-10 09:05:40 - [TEST_STEP][PASSED] - if (getName().equals(Archivo11)): null

2023-04-10 09:05:40 - [TEST_STEP][PASSED] - dirContenidos[i].delete(): null

2023-04-10 09:05:40 - [TEST_STEP][PASSED] - out.println(dirContenidos): null

2023-04-10 09:05:40 - [TEST_STEP][PASSED] - if (getName().equals(Archivo11)): null

2023-04-10 09:05:40 - [TEST_STEP][PASSED] - dirContenidos[i].delete(): null

2023-04-10 09:05:40 - [TEST_STEP][PASSED] - out.println(dirContenidos): null

2023-04-10 09:05:40 - [TEST_STEP][PASSED] - if (getName().equals(Archivo11)): null

2023-04-10 09:05:40 - [TEST_STEP][PASSED] - dirContenidos[i].delete(): null

2023-04-10 09:05:40 - [TEST_STEP][PASSED] - out.println(dirContenidos): null

2023-04-10 09:05:40 - [TEST_STEP][PASSED] - if (getName().equals(Archivo11)): null

2023-04-10 09:05:40 - [TEST_STEP][PASSED] - dirContenidos[i].delete(): null

2023-04-10 09:05:40 - [TEST_STEP][PASSED] - out.println(dirContenidos): null

2023-04-10 09:05:40 - [TEST_STEP][PASSED] - if (getName().equals(Archivo11)): null

2023-04-10 09:05:40 - [TEST_STEP][PASSED] - dirContenidos[i].delete(): null

2023-04-10 09:05:40 - [TEST_STEP][PASSED] - out.println(dirContenidos): null

2023-04-10 09:05:40 - [TEST_STEP][PASSED] - if (getName().equals(Archivo11)): null

2023-04-10 09:05:40 - [TEST_STEP][PASSED] - dirContenidos[i].delete(): null

2023-04-10 09:05:40 - [TEST_STEP][PASSED] - out.println(dirContenidos): null

2023-04-10 09:05:40 - [TEST_STEP][PASSED] - if (getName().equals(Archivo11)): null

2023-04-10 09:05:40 - [TEST_STEP][PASSED] - dirContenidos[i].delete(): null

2023-04-10 09:05:40 - [TEST_STEP][PASSED] - out.println(dirContenidos): null

2023-04-10 09:05:40 - [TEST_STEP][PASSED] - if (getName().equals(Archivo11)): null

2023-04-10 09:05:40 - [TEST_STEP][PASSED] - dirContenidos[i].delete(): null

2023-04-10 09:05:40 - [TEST_STEP][PASSED] - out.println(dirContenidos): null

2023-04-10 09:05:40 - [TEST_STEP][PASSED] - if (getName().equals(Archivo11)): null

2023-04-10 09:05:40 - [TEST_STEP][PASSED] - dirContenidos[i].delete(): null

2023-04-10 09:05:40 - [TEST_STEP][PASSED] - out.println(dirContenidos): null

2023-04-10 09:05:40 - [TEST_STEP][PASSED] - if (getName().equals(Archivo11)): null

2023-04-10 09:05:40 - [TEST_STEP][PASSED] - dirContenidos[i].delete(): null

2023-04-10 09:05:40 - [TEST_STEP][PASSED] - out.println(dirContenidos): null

2023-04-10 09:05:40 - [TEST_STEP][PASSED] - if (getName().equals(Archivo11)): null

2023-04-10 09:05:40 - [TEST_STEP][PASSED] - dirContenidos[i].delete(): null

2023-04-10 09:05:40 - [TEST_STEP][PASSED] - out.println(dirContenidos): null

2023-04-10 09:05:40 - [TEST_STEP][PASSED] - if (getName().equals(Archivo11)): null

2023-04-10 09:05:40 - [TEST_STEP][PASSED] - dirContenidos[i].delete(): null

2023-04-10 09:05:40 - [TEST_STEP][PASSED] - out.println(dirContenidos): null

2023-04-10 09:05:40 - [TEST_STEP][PASSED] - if (getName().equals(Archivo11)): null

2023-04-10 09:05:40 - [TEST_STEP][PASSED] - dirContenidos[i].delete(): null

2023-04-10 09:05:40 - [TEST_STEP][PASSED] - out.println(dirContenidos): null

2023-04-10 09:05:40 - [TEST_STEP][PASSED] - if (getName().equals(Archivo11)): null

2023-04-10 09:05:40 - [TEST_STEP][PASSED] - dirContenidos[i].delete(): null

2023-04-10 09:05:40 - [TEST_STEP][PASSED] - out.println(dirContenidos): null

2023-04-10 09:05:40 - [TEST_STEP][PASSED] - if (getName().equals(Archivo11)): null

2023-04-10 09:05:40 - [TEST_STEP][PASSED] - dirContenidos[i].delete(): null

2023-04-10 09:05:40 - [TEST_STEP][PASSED] - r12 = "ok": null

2023-04-10 09:05:40 - [TEST_STEP][PASSED] - out.println(r12): null

2023-04-10 09:05:40 - [TEST_STEP][PASSED] - dirContenidos[i].delete(): null

2023-04-10 09:05:40 - [TEST_STEP][PASSED] - out.println(dirContenidos): null

2023-04-10 09:05:40 - [TEST_STEP][PASSED] - if (getName().equals(Archivo11)): null

2023-04-10 09:05:40 - [TEST_STEP][PASSED] - dirContenidos[i].delete(): null

2023-04-10 09:05:40 - [TEST_STEP][PASSED] - out.println(dirContenidos): null

2023-04-10 09:05:40 - [TEST_STEP][PASSED] - if (getName().equals(Archivo11)): null

2023-04-10 09:05:40 - [TEST_STEP][PASSED] - dirContenidos[i].delete(): null

2023-04-10 09:05:40 - [TEST_STEP][PASSED] - out.println(dirContenidos): null

2023-04-10 09:05:40 - [TEST_STEP][PASSED] - if (getName().equals(Archivo11)): null

2023-04-10 09:05:40 - [TEST_STEP][PASSED] - dirContenidos[i].delete(): null

2023-04-10 09:05:40 - [TEST_STEP][PASSED] - out.println(dirContenidos): null

2023-04-10 09:05:40 - [TEST_STEP][PASSED] - if (getName().equals(Archivo11)): null

2023-04-10 09:05:40 - [TEST_STEP][PASSED] - dirContenidos[i].delete(): null

2023-04-10 09:05:40 - [TEST_STEP][PASSED] - out.println(dirContenidos): null

2023-04-10 09:05:40 - [TEST_STEP][PASSED] - if (getName().equals(Archivo11)): null

2023-04-10 09:05:40 - [TEST_STEP][PASSED] - dirContenidos[i].delete(): null

2023-04-10 09:05:40 - [TEST_STEP][PASSED] - out.println(dirContenidos): null

2023-04-10 09:05:40 - [TEST_STEP][PASSED] - if (getName().equals(Archivo11)): null

2023-04-10 09:05:40 - [TEST_STEP][PASSED] - dirContenidos[i].delete(): null

2023-04-10 09:05:40 - [TEST_STEP][PASSED] - out.println(dirContenidos): null

2023-04-10 09:05:40 - [TEST_STEP][PASSED] - if (getName().equals(Archivo11)): null

2023-04-10 09:05:40 - [TEST_STEP][PASSED] - dirContenidos[i].delete(): null

2023-04-10 09:05:40 - [TEST_STEP][PASSED] - out.println(dirContenidos): null

2023-04-10 09:05:40 - [TEST_STEP][PASSED] - if (getName().equals(Archivo11)): null

2023-04-10 09:05:40 - [TEST_STEP][PASSED] - dirContenidos[i].delete(): null

2023-04-10 09:05:40 - [TEST_STEP][PASSED] - out.println(dirContenidos): null

2023-04-10 09:05:40 - [TEST_STEP][PASSED] - if (getName().equals(Archivo11)): null

2023-04-10 09:05:40 - [TEST_STEP][PASSED] - dirContenidos[i].delete(): null

2023-04-10 09:05:40 - [TEST_STEP][PASSED] - out.println(dirContenidos): null

2023-04-10 09:05:40 - [TEST_STEP][PASSED] - if (getName().equals(Archivo11)): null

2023-04-10 09:05:40 - [TEST_STEP][PASSED] - dirContenidos[i].delete(): null

2023-04-10 09:05:40 - [TEST_STEP][PASSED] - out.println(dirContenidos): null

2023-04-10 09:05:40 - [TEST_STEP][PASSED] - if (getName().equals(Archivo11)): null

2023-04-10 09:05:40 - [TEST_STEP][PASSED] - for ([i = 0, i < length, (i++)]): null

2023-04-10 09:05:40 - [TEST_STEP][PASSED] - dirContenidos[i].delete(): null

2023-04-10 09:05:40 - [TEST_STEP][PASSED] - out.println(dirContenidos): null

2023-04-10 09:05:40 - [TEST_STEP][PASSED] - if (getName().equals(Archivo12)): null

2023-04-10 09:05:40 - [TEST_STEP][PASSED] - dirContenidos[i].delete(): null

2023-04-10 09:05:40 - [TEST_STEP][PASSED] - out.println(dirContenidos): null

2023-04-10 09:05:40 - [TEST_STEP][PASSED] - if (getName().equals(Archivo12)): null

2023-04-10 09:05:40 - [TEST_STEP][PASSED] - dirContenidos[i].delete(): null

2023-04-10 09:05:40 - [TEST_STEP][PASSED] - out.println(dirContenidos): null

2023-04-10 09:05:40 - [TEST_STEP][PASSED] - if (getName().equals(Archivo12)): null

2023-04-10 09:05:40 - [TEST_STEP][PASSED] - dirContenidos[i].delete(): null

2023-04-10 09:05:40 - [TEST_STEP][PASSED] - out.println(dirContenidos): null

2023-04-10 09:05:40 - [TEST_STEP][PASSED] - if (getName().equals(Archivo12)): null

2023-04-10 09:05:40 - [TEST_STEP][PASSED] - dirContenidos[i].delete(): null

2023-04-10 09:05:40 - [TEST_STEP][PASSED] - out.println(dirContenidos): null

2023-04-10 09:05:40 - [TEST_STEP][PASSED] - if (getName().equals(Archivo12)): null

2023-04-10 09:05:40 - [TEST_STEP][PASSED] - dirContenidos[i].delete(): null

2023-04-10 09:05:40 - [TEST_STEP][PASSED] - out.println(dirContenidos): null

2023-04-10 09:05:40 - [TEST_STEP][PASSED] - if (getName().equals(Archivo12)): null

2023-04-10 09:05:40 - [TEST_STEP][PASSED] - dirContenidos[i].delete(): null

2023-04-10 09:05:40 - [TEST_STEP][PASSED] - out.println(dirContenidos): null

2023-04-10 09:05:40 - [TEST_STEP][PASSED] - if (getName().equals(Archivo12)): null

2023-04-10 09:05:40 - [TEST_STEP][PASSED] - dirContenidos[i].delete(): null

2023-04-10 09:05:40 - [TEST_STEP][PASSED] - out.println(dirContenidos): null

2023-04-10 09:05:40 - [TEST_STEP][PASSED] - if (getName().equals(Archivo12)): null

2023-04-10 09:05:40 - [TEST_STEP][PASSED] - dirContenidos[i].delete(): null

2023-04-10 09:05:40 - [TEST_STEP][PASSED] - r13 = "ok": null

2023-04-10 09:05:40 - [TEST_STEP][PASSED] - out.println(r13): null

2023-04-10 09:05:40 - [TEST_STEP][PASSED] - dirContenidos[i].delete(): null

2023-04-10 09:05:40 - [TEST_STEP][PASSED] - out.println(dirContenidos): null

2023-04-10 09:05:40 - [TEST_STEP][PASSED] - if (getName().equals(Archivo12)): null

2023-04-10 09:05:40 - [TEST_STEP][PASSED] - dirContenidos[i].delete(): null

2023-04-10 09:05:40 - [TEST_STEP][PASSED] - out.println(dirContenidos): null

2023-04-10 09:05:40 - [TEST_STEP][PASSED] - if (getName().equals(Archivo12)): null

2023-04-10 09:05:40 - [TEST_STEP][PASSED] - dirContenidos[i].delete(): null

2023-04-10 09:05:40 - [TEST_STEP][PASSED] - out.println(dirContenidos): null

2023-04-10 09:05:40 - [TEST_STEP][PASSED] - if (getName().equals(Archivo12)): null

2023-04-10 09:05:40 - [TEST_STEP][PASSED] - dirContenidos[i].delete(): null

2023-04-10 09:05:40 - [TEST_STEP][PASSED] - out.println(dirContenidos): null

2023-04-10 09:05:40 - [TEST_STEP][PASSED] - if (getName().equals(Archivo12)): null

2023-04-10 09:05:40 - [TEST_STEP][PASSED] - dirContenidos[i].delete(): null

2023-04-10 09:05:40 - [TEST_STEP][PASSED] - out.println(dirContenidos): null

2023-04-10 09:05:40 - [TEST_STEP][PASSED] - if (getName().equals(Archivo12)): null

2023-04-10 09:05:40 - [TEST_STEP][PASSED] - dirContenidos[i].delete(): null

2023-04-10 09:05:40 - [TEST_STEP][PASSED] - out.println(dirContenidos): null

2023-04-10 09:05:40 - [TEST_STEP][PASSED] - if (getName().equals(Archivo12)): null

2023-04-10 09:05:40 - [TEST_STEP][PASSED] - dirContenidos[i].delete(): null

2023-04-10 09:05:40 - [TEST_STEP][PASSED] - out.println(dirContenidos): null

2023-04-10 09:05:40 - [TEST_STEP][PASSED] - if (getName().equals(Archivo12)): null

2023-04-10 09:05:40 - [TEST_STEP][PASSED] - dirContenidos[i].delete(): null

2023-04-10 09:05:40 - [TEST_STEP][PASSED] - out.println(dirContenidos): null

2023-04-10 09:05:40 - [TEST_STEP][PASSED] - if (getName().equals(Archivo12)): null

2023-04-10 09:05:40 - [TEST_STEP][PASSED] - dirContenidos[i].delete(): null

2023-04-10 09:05:40 - [TEST_STEP][PASSED] - out.println(dirContenidos): null

2023-04-10 09:05:40 - [TEST_STEP][PASSED] - if (getName().equals(Archivo12)): null

2023-04-10 09:05:40 - [TEST_STEP][PASSED] - dirContenidos[i].delete(): null

2023-04-10 09:05:40 - [TEST_STEP][PASSED] - out.println(dirContenidos): null

2023-04-10 09:05:40 - [TEST_STEP][PASSED] - if (getName().equals(Archivo12)): null

2023-04-10 09:05:40 - [TEST_STEP][PASSED] - dirContenidos[i].delete(): null

2023-04-10 09:05:40 - [TEST_STEP][PASSED] - out.println(dirContenidos): null

2023-04-10 09:05:40 - [TEST_STEP][PASSED] - if (getName().equals(Archivo12)): null

2023-04-10 09:05:40 - [TEST_STEP][PASSED] - dirContenidos[i].delete(): null

2023-04-10 09:05:40 - [TEST_STEP][PASSED] - out.println(dirContenidos): null

2023-04-10 09:05:40 - [TEST_STEP][PASSED] - if (getName().equals(Archivo12)): null

2023-04-10 09:05:40 - [TEST_STEP][PASSED] - dirContenidos[i].delete(): null

2023-04-10 09:05:40 - [TEST_STEP][PASSED] - out.println(dirContenidos): null

2023-04-10 09:05:40 - [TEST_STEP][PASSED] - if (getName().equals(Archivo12)): null

2023-04-10 09:05:40 - [TEST_STEP][PASSED] - dirContenidos[i].delete(): null

2023-04-10 09:05:40 - [TEST_STEP][PASSED] - out.println(dirContenidos): null

2023-04-10 09:05:40 - [TEST_STEP][PASSED] - if (getName().equals(Archivo12)): null

2023-04-10 09:05:40 - [TEST_STEP][PASSED] - dirContenidos[i].delete(): null

2023-04-10 09:05:40 - [TEST_STEP][PASSED] - out.println(dirContenidos): null

2023-04-10 09:05:40 - [TEST_STEP][PASSED] - if (getName().equals(Archivo12)): null

2023-04-10 09:05:40 - [TEST_STEP][PASSED] - dirContenidos[i].delete(): null

2023-04-10 09:05:40 - [TEST_STEP][PASSED] - out.println(dirContenidos): null

2023-04-10 09:05:40 - [TEST_STEP][PASSED] - if (getName().equals(Archivo12)): null

2023-04-10 09:05:40 - [TEST_STEP][PASSED] - dirContenidos[i].delete(): null

2023-04-10 09:05:40 - [TEST_STEP][PASSED] - out.println(dirContenidos): null

2023-04-10 09:05:40 - [TEST_STEP][PASSED] - if (getName().equals(Archivo12)): null

2023-04-10 09:05:40 - [TEST_STEP][PASSED] - dirContenidos[i].delete(): null

2023-04-10 09:05:40 - [TEST_STEP][PASSED] - out.println(dirContenidos): null

2023-04-10 09:05:40 - [TEST_STEP][PASSED] - if (getName().equals(Archivo12)): null

2023-04-10 09:05:40 - [TEST_STEP][PASSED] - dirContenidos[i].delete(): null

2023-04-10 09:05:40 - [TEST_STEP][PASSED] - out.println(dirContenidos): null

2023-04-10 09:05:40 - [TEST_STEP][PASSED] - if (getName().equals(Archivo12)): null

2023-04-10 09:05:40 - [TEST_STEP][PASSED] - dirContenidos[i].delete(): null

2023-04-10 09:05:40 - [TEST_STEP][PASSED] - out.println(dirContenidos): null

2023-04-10 09:05:40 - [TEST_STEP][PASSED] - if (getName().equals(Archivo12)): null

2023-04-10 09:05:40 - [TEST_STEP][PASSED] - dirContenidos[i].delete(): null

2023-04-10 09:05:40 - [TEST_STEP][PASSED] - out.println(dirContenidos): null

2023-04-10 09:05:40 - [TEST_STEP][PASSED] - if (getName().equals(Archivo12)): null

2023-04-10 09:05:40 - [TEST_STEP][PASSED] - dirContenidos[i].delete(): null

2023-04-10 09:05:40 - [TEST_STEP][PASSED] - out.println(dirContenidos): null

2023-04-10 09:05:40 - [TEST_STEP][PASSED] - if (getName().equals(Archivo12)): null

2023-04-10 09:05:40 - [TEST_STEP][PASSED] - dirContenidos[i].delete(): null

2023-04-10 09:05:40 - [TEST_STEP][PASSED] - out.println(dirContenidos): null

2023-04-10 09:05:40 - [TEST_STEP][PASSED] - if (getName().equals(Archivo12)): null

2023-04-10 09:05:40 - [TEST_STEP][PASSED] - dirContenidos[i].delete(): null

2023-04-10 09:05:40 - [TEST_STEP][PASSED] - out.println(dirContenidos): null

2023-04-10 09:05:40 - [TEST_STEP][PASSED] - if (getName().equals(Archivo12)): null

2023-04-10 09:05:40 - [TEST_STEP][PASSED] - dirContenidos[i].delete(): null

2023-04-10 09:05:40 - [TEST_STEP][PASSED] - out.println(dirContenidos): null

2023-04-10 09:05:40 - [TEST_STEP][PASSED] - if (getName().equals(Archivo12)): null

2023-04-10 09:05:40 - [TEST_STEP][PASSED] - for ([i = 0, i < length, (i++)]): null

2023-04-10 09:05:40 - [TEST_STEP][PASSED] - dirContenidos[i].delete(): null

2023-04-10 09:05:40 - [TEST_STEP][PASSED] - out.println(dirContenidos): null

2023-04-10 09:05:40 - [TEST_STEP][PASSED] - if (getName().equals(Archivo13)): null

2023-04-10 09:05:40 - [TEST_STEP][PASSED] - dirContenidos[i].delete(): null

2023-04-10 09:05:40 - [TEST_STEP][PASSED] - out.println(dirContenidos): null

2023-04-10 09:05:40 - [TEST_STEP][PASSED] - if (getName().equals(Archivo13)): null

2023-04-10 09:05:40 - [TEST_STEP][PASSED] - dirContenidos[i].delete(): null

2023-04-10 09:05:40 - [TEST_STEP][PASSED] - out.println(dirContenidos): null

2023-04-10 09:05:40 - [TEST_STEP][PASSED] - if (getName().equals(Archivo13)): null

2023-04-10 09:05:40 - [TEST_STEP][PASSED] - dirContenidos[i].delete(): null

2023-04-10 09:05:40 - [TEST_STEP][PASSED] - out.println(dirContenidos): null

2023-04-10 09:05:40 - [TEST_STEP][PASSED] - if (getName().equals(Archivo13)): null

2023-04-10 09:05:40 - [TEST_STEP][PASSED] - dirContenidos[i].delete(): null

2023-04-10 09:05:40 - [TEST_STEP][PASSED] - out.println(dirContenidos): null

2023-04-10 09:05:40 - [TEST_STEP][PASSED] - if (getName().equals(Archivo13)): null

2023-04-10 09:05:40 - [TEST_STEP][PASSED] - dirContenidos[i].delete(): null

2023-04-10 09:05:40 - [TEST_STEP][PASSED] - out.println(dirContenidos): null

2023-04-10 09:05:40 - [TEST_STEP][PASSED] - if (getName().equals(Archivo13)): null

2023-04-10 09:05:40 - [TEST_STEP][PASSED] - dirContenidos[i].delete(): null

2023-04-10 09:05:40 - [TEST_STEP][PASSED] - out.println(dirContenidos): null

2023-04-10 09:05:40 - [TEST_STEP][PASSED] - if (getName().equals(Archivo13)): null

2023-04-10 09:05:40 - [TEST_STEP][PASSED] - dirContenidos[i].delete(): null

2023-04-10 09:05:40 - [TEST_STEP][PASSED] - out.println(dirContenidos): null

2023-04-10 09:05:40 - [TEST_STEP][PASSED] - if (getName().equals(Archivo13)): null

2023-04-10 09:05:40 - [TEST_STEP][PASSED] - dirContenidos[i].delete(): null

2023-04-10 09:05:40 - [TEST_STEP][PASSED] - out.println(dirContenidos): null

2023-04-10 09:05:40 - [TEST_STEP][PASSED] - if (getName().equals(Archivo13)): null

2023-04-10 09:05:40 - [TEST_STEP][PASSED] - dirContenidos[i].delete(): null

2023-04-10 09:05:40 - [TEST_STEP][PASSED] - r14 = "ok": null

2023-04-10 09:05:40 - [TEST_STEP][PASSED] - out.println(r14): null

2023-04-10 09:05:40 - [TEST_STEP][PASSED] - dirContenidos[i].delete(): null

2023-04-10 09:05:40 - [TEST_STEP][PASSED] - out.println(dirContenidos): null

2023-04-10 09:05:40 - [TEST_STEP][PASSED] - if (getName().equals(Archivo13)): null

2023-04-10 09:05:40 - [TEST_STEP][PASSED] - dirContenidos[i].delete(): null

2023-04-10 09:05:40 - [TEST_STEP][PASSED] - out.println(dirContenidos): null

2023-04-10 09:05:40 - [TEST_STEP][PASSED] - if (getName().equals(Archivo13)): null

2023-04-10 09:05:40 - [TEST_STEP][PASSED] - dirContenidos[i].delete(): null

2023-04-10 09:05:40 - [TEST_STEP][PASSED] - out.println(dirContenidos): null

2023-04-10 09:05:40 - [TEST_STEP][PASSED] - if (getName().equals(Archivo13)): null

2023-04-10 09:05:40 - [TEST_STEP][PASSED] - dirContenidos[i].delete(): null

2023-04-10 09:05:40 - [TEST_STEP][PASSED] - out.println(dirContenidos): null

2023-04-10 09:05:40 - [TEST_STEP][PASSED] - if (getName().equals(Archivo13)): null

2023-04-10 09:05:40 - [TEST_STEP][PASSED] - dirContenidos[i].delete(): null

2023-04-10 09:05:40 - [TEST_STEP][PASSED] - out.println(dirContenidos): null

2023-04-10 09:05:40 - [TEST_STEP][PASSED] - if (getName().equals(Archivo13)): null

2023-04-10 09:05:40 - [TEST_STEP][PASSED] - dirContenidos[i].delete(): null

2023-04-10 09:05:40 - [TEST_STEP][PASSED] - out.println(dirContenidos): null

2023-04-10 09:05:40 - [TEST_STEP][PASSED] - if (getName().equals(Archivo13)): null

2023-04-10 09:05:40 - [TEST_STEP][PASSED] - dirContenidos[i].delete(): null

2023-04-10 09:05:40 - [TEST_STEP][PASSED] - out.println(dirContenidos): null

2023-04-10 09:05:40 - [TEST_STEP][PASSED] - if (getName().equals(Archivo13)): null

2023-04-10 09:05:40 - [TEST_STEP][PASSED] - dirContenidos[i].delete(): null

2023-04-10 09:05:40 - [TEST_STEP][PASSED] - out.println(dirContenidos): null

2023-04-10 09:05:40 - [TEST_STEP][PASSED] - if (getName().equals(Archivo13)): null

2023-04-10 09:05:40 - [TEST_STEP][PASSED] - dirContenidos[i].delete(): null

2023-04-10 09:05:40 - [TEST_STEP][PASSED] - out.println(dirContenidos): null

2023-04-10 09:05:40 - [TEST_STEP][PASSED] - if (getName().equals(Archivo13)): null

2023-04-10 09:05:40 - [TEST_STEP][PASSED] - dirContenidos[i].delete(): null

2023-04-10 09:05:40 - [TEST_STEP][PASSED] - out.println(dirContenidos): null

2023-04-10 09:05:40 - [TEST_STEP][PASSED] - if (getName().equals(Archivo13)): null

2023-04-10 09:05:40 - [TEST_STEP][PASSED] - dirContenidos[i].delete(): null

2023-04-10 09:05:40 - [TEST_STEP][PASSED] - out.println(dirContenidos): null

2023-04-10 09:05:40 - [TEST_STEP][PASSED] - if (getName().equals(Archivo13)): null

2023-04-10 09:05:40 - [TEST_STEP][PASSED] - dirContenidos[i].delete(): null

2023-04-10 09:05:40 - [TEST_STEP][PASSED] - out.println(dirContenidos): null

2023-04-10 09:05:40 - [TEST_STEP][PASSED] - if (getName().equals(Archivo13)): null

2023-04-10 09:05:40 - [TEST_STEP][PASSED] - dirContenidos[i].delete(): null

2023-04-10 09:05:40 - [TEST_STEP][PASSED] - out.println(dirContenidos): null

2023-04-10 09:05:40 - [TEST_STEP][PASSED] - if (getName().equals(Archivo13)): null

2023-04-10 09:05:40 - [TEST_STEP][PASSED] - dirContenidos[i].delete(): null

2023-04-10 09:05:40 - [TEST_STEP][PASSED] - out.println(dirContenidos): null

2023-04-10 09:05:40 - [TEST_STEP][PASSED] - if (getName().equals(Archivo13)): null

2023-04-10 09:05:40 - [TEST_STEP][PASSED] - dirContenidos[i].delete(): null

2023-04-10 09:05:40 - [TEST_STEP][PASSED] - out.println(dirContenidos): null

2023-04-10 09:05:40 - [TEST_STEP][PASSED] - if (getName().equals(Archivo13)): null

2023-04-10 09:05:40 - [TEST_STEP][PASSED] - dirContenidos[i].delete(): null

2023-04-10 09:05:40 - [TEST_STEP][PASSED] - out.println(dirContenidos): null

2023-04-10 09:05:40 - [TEST_STEP][PASSED] - if (getName().equals(Archivo13)): null

2023-04-10 09:05:40 - [TEST_STEP][PASSED] - dirContenidos[i].delete(): null

2023-04-10 09:05:40 - [TEST_STEP][PASSED] - out.println(dirContenidos): null

2023-04-10 09:05:40 - [TEST_STEP][PASSED] - if (getName().equals(Archivo13)): null

2023-04-10 09:05:40 - [TEST_STEP][PASSED] - dirContenidos[i].delete(): null

2023-04-10 09:05:40 - [TEST_STEP][PASSED] - out.println(dirContenidos): null

2023-04-10 09:05:40 - [TEST_STEP][PASSED] - if (getName().equals(Archivo13)): null

2023-04-10 09:05:40 - [TEST_STEP][PASSED] - dirContenidos[i].delete(): null

2023-04-10 09:05:40 - [TEST_STEP][PASSED] - out.println(dirContenidos): null

2023-04-10 09:05:40 - [TEST_STEP][PASSED] - if (getName().equals(Archivo13)): null

2023-04-10 09:05:40 - [TEST_STEP][PASSED] - dirContenidos[i].delete(): null

2023-04-10 09:05:40 - [TEST_STEP][PASSED] - out.println(dirContenidos): null

2023-04-10 09:05:40 - [TEST_STEP][PASSED] - if (getName().equals(Archivo13)): null

2023-04-10 09:05:40 - [TEST_STEP][PASSED] - dirContenidos[i].delete(): null

2023-04-10 09:05:40 - [TEST_STEP][PASSED] - out.println(dirContenidos): null

2023-04-10 09:05:40 - [TEST_STEP][PASSED] - if (getName().equals(Archivo13)): null

2023-04-10 09:05:40 - [TEST_STEP][PASSED] - dirContenidos[i].delete(): null

2023-04-10 09:05:40 - [TEST_STEP][PASSED] - out.println(dirContenidos): null

2023-04-10 09:05:40 - [TEST_STEP][PASSED] - if (getName().equals(Archivo13)): null

2023-04-10 09:05:40 - [TEST_STEP][PASSED] - dirContenidos[i].delete(): null

2023-04-10 09:05:40 - [TEST_STEP][PASSED] - out.println(dirContenidos): null

2023-04-10 09:05:40 - [TEST_STEP][PASSED] - if (getName().equals(Archivo13)): null

2023-04-10 09:05:40 - [TEST_STEP][PASSED] - dirContenidos[i].delete(): null

2023-04-10 09:05:40 - [TEST_STEP][PASSED] - out.println(dirContenidos): null

2023-04-10 09:05:40 - [TEST_STEP][PASSED] - if (getName().equals(Archivo13)): null

2023-04-10 09:05:40 - [TEST_STEP][PASSED] - println(" r1= " + r1 + " r2= " + r2 + " r3= " + r3 + " r4= " + r4 + " r5= " + r5 + " r6= " + r6 + " r7= " + r7 + " r8= " + r8 + " r9= " + r9 + " r10= " + r10 + " r11= " + r11 + " r12= " + r12 + " r13= " + r13 + " r14= " + r14): null

2023-04-10 09:05:40 - [TEST_STEP][PASSED] - if (r1 == "ok" && r2 == "ok" && r3 == "ok" && r4 == "ok" && r5 == "ok" && r6 == "ok" && r7 == "ok" && r8 == "ok" && r9 == "ok" && r10 == "ok" && r11 == "ok" && r12 == "ok" && r13 == "ok" && r14 == "ok"): null

2023-04-10 09:05:40 - [TEST_STEP][PASSED] - Resultado = "PRUEBA OK": null

2023-04-10 09:05:40 - [TEST_STEP][PASSED] - closeBrowser(): Browser is closed

2023-04-10 09:05:40 - [MESSAGE][PASSED] - Browser is closed

2023-04-10 09:05:40 - [TEST_STEP][PASSED] - return true: null]]></system-out>
         <system-err><![CDATA[]]></system-err>
      </testcase>
      <testcase name="Test Cases/1.1-Tareas Principales/1.5.5- Crear Nomina Electrónica" time="37.507" classname="Test Cases/1.1-Tareas Principales/1.5.5- Crear Nomina Electrónica" status="PASSED">
         <system-out><![CDATA[2023-04-10 09:05:41 - [TEST_CASE][PASSED] - Test Cases/1.1-Tareas Principales/1.5.5- Crear Nomina Electrónica: Test Cases/1.1-Tareas Principales/1.5.5- Crear Nomina Electrónica

2023-04-10 09:05:41 - [TEST_STEP][PASSED] - callTestCase(findTestCase("0.1-Login"), [:], STOP_ON_FAILURE): Call Test Case 'Test Cases/0.1-Login' successfully

2023-04-10 09:05:41 - [TEST_CASE][PASSED] - Test Cases/0.1-Login: Test Cases/0.1-Login

2023-04-10 09:05:41 - [TEST_STEP][PASSED] - openBrowser(""): Browser is opened with url: ''

2023-04-10 09:05:41 - [MESSAGE][INFO] - Starting 'Chrome' driver

2023-04-10 09:05:41 - [MESSAGE][INFO] - Action delay is set to 0 milliseconds

2023-04-10 09:05:42 - [MESSAGE][PASSED] - Browser is opened with url: ''

2023-04-10 09:05:42 - [TEST_STEP][PASSED] - maximizeWindow(): Current window maximized

2023-04-10 09:05:42 - [MESSAGE][PASSED] - Current window maximized

2023-04-10 09:05:42 - [TEST_STEP][PASSED] - i = G_Login: null

2023-04-10 09:05:42 - [TEST_STEP][PASSED] - url = new java.net.URL(i): null

2023-04-10 09:05:42 - [TEST_STEP][PASSED] - println("URL: " + url.toString()): null

2023-04-10 09:05:42 - [TEST_STEP][PASSED] - connection = url.openConnection(): null

2023-04-10 09:05:42 - [TEST_STEP][PASSED] - connection.setRequestMethod("GET"): null

2023-04-10 09:05:42 - [TEST_STEP][PASSED] - connection.setReadTimeout(2 * 1000): null

2023-04-10 09:05:42 - [TEST_STEP][PASSED] - try: null

2023-04-10 09:05:42 - [TEST_STEP][PASSED] - connection.connect(): null

2023-04-10 09:05:42 - [TEST_STEP][PASSED] - flag = connected: null

2023-04-10 09:05:42 - [TEST_STEP][PASSED] - println("Valor_ori: " + flag): null

2023-04-10 09:05:42 - [TEST_STEP][PASSED] - if (flag): null

2023-04-10 09:05:42 - [TEST_STEP][PASSED] - navigateToUrl(i): Navigate to 'http://192.168.2.19:8380/saraweb' successfully

2023-04-10 09:05:43 - [MESSAGE][PASSED] - Navigate to 'http://192.168.2.19:8380/saraweb' successfully

2023-04-10 09:05:43 - [TEST_STEP][PASSED] - a(): null

2023-04-10 09:05:43 - [TEST_STEP][PASSED] - if (waitForElementVisible(findTestObject("3-OBJECTS UTILIDADES/Login/input_USUARIO_loginusuario"), 0)): null

2023-04-10 09:05:43 - [MESSAGE][WARNING] - Timeout '0' is invalid. Using default page load timeout: '37'

2023-04-10 09:05:43 - [MESSAGE][PASSED] - Object 'Object Repository/3-OBJECTS UTILIDADES/Login/input_USUARIO_loginusuario' is visible

2023-04-10 09:05:43 - [TEST_STEP][PASSED] - switchToWindowTitle("SARA"): Switched to window with title: 'SARA'

2023-04-10 09:05:43 - [MESSAGE][PASSED] - Switched to window with title: 'SARA'

2023-04-10 09:05:43 - [TEST_STEP][PASSED] - zoom(): null

2023-04-10 09:05:43 - [TEST_STEP][PASSED] - robot = new java.awt.Robot(): null

2023-04-10 09:05:43 - [TEST_STEP][PASSED] - robot.keyPress(VK_CONTROL): null

2023-04-10 09:05:43 - [TEST_STEP][PASSED] - robot.keyPress(VK_SUBTRACT): null

2023-04-10 09:05:43 - [TEST_STEP][PASSED] - robot.keyRelease(VK_CONTROL): null

2023-04-10 09:05:43 - [TEST_STEP][PASSED] - robot.keyRelease(VK_SUBTRACT): null

2023-04-10 09:05:43 - [TEST_STEP][PASSED] - robot.keyPress(VK_CONTROL): null

2023-04-10 09:05:43 - [TEST_STEP][PASSED] - robot.keyPress(VK_SUBTRACT): null

2023-04-10 09:05:43 - [TEST_STEP][PASSED] - robot.keyRelease(VK_CONTROL): null

2023-04-10 09:05:43 - [TEST_STEP][PASSED] - robot.keyRelease(VK_SUBTRACT): null

2023-04-10 09:05:43 - [TEST_STEP][PASSED] - robot.keyPress(VK_CONTROL): null

2023-04-10 09:05:43 - [TEST_STEP][PASSED] - robot.keyPress(VK_SUBTRACT): null

2023-04-10 09:05:43 - [TEST_STEP][PASSED] - robot.keyRelease(VK_CONTROL): null

2023-04-10 09:05:43 - [TEST_STEP][PASSED] - robot.keyRelease(VK_SUBTRACT): null

2023-04-10 09:05:43 - [TEST_STEP][PASSED] - robot.keyRelease(VK_CONTROL): null

2023-04-10 09:05:43 - [TEST_STEP][PASSED] - robot.keyRelease(VK_SUBTRACT): null

2023-04-10 09:05:43 - [TEST_STEP][PASSED] - setText(findTestObject("3-OBJECTS UTILIDADES/Login/input_USUARIO_loginusuario"), G_Usuario): Text 'saraadmin' is set on object 'Object Repository/3-OBJECTS UTILIDADES/Login/input_USUARIO_loginusuario'

2023-04-10 09:05:44 - [MESSAGE][PASSED] - Text 'saraadmin' is set on object 'Object Repository/3-OBJECTS UTILIDADES/Login/input_USUARIO_loginusuario'

2023-04-10 09:05:44 - [TEST_STEP][PASSED] - setEncryptedText(findTestObject("3-OBJECTS UTILIDADES/Login/input_CLAVE_loginpassword"), "SlAwMcyRKqrwbnzhAs8HhT6NnI7sEyng"): Text ****** has been set on object 'Object Repository/3-OBJECTS UTILIDADES/Login/input_CLAVE_loginpassword'

2023-04-10 09:05:45 - [MESSAGE][PASSED] - Text ****** has been set on object 'Object Repository/3-OBJECTS UTILIDADES/Login/input_CLAVE_loginpassword'

2023-04-10 09:05:45 - [TEST_STEP][PASSED] - while (waitForElementClickable(findTestObject("3-OBJECTS UTILIDADES/Login/a_Ingresar"), 1)): Web element with id: 'Object Repository/3-OBJECTS UTILIDADES/Login/a_Ingresar' located by '//a[contains(text(),'Ingresar')]' not found

2023-04-10 09:05:47 - [MESSAGE][INFO] - Unable to find the element located by 'By.xpath: //a[contains(text(),'Ingresar')]'. Please recheck the objects properties to make sure the desired element is located. 

2023-04-10 09:05:47 - [MESSAGE][WARNING] - Web element with id: 'Object Repository/3-OBJECTS UTILIDADES/Login/a_Ingresar' located by '//a[contains(text(),'Ingresar')]' not found

2023-04-10 09:05:47 - [MESSAGE][PASSED] - Call Test Case 'Test Cases/0.1-Login' successfully

2023-04-10 09:05:47 - [TEST_STEP][PASSED] - waitForElementClickable(findTestObject("1-OBJECTS TAREAS PRINCIPALES/Modulo Tarea Compensacion/Crear Nomina Electronica (1)/Page_SARA/input_ADMINISTRADOR DEL SISTEMA - SARA_form_templatej_idt24_input"), G_TimeOut): Object 'Object Repository/1-OBJECTS TAREAS PRINCIPALES/Modulo Tarea Compensacion/Crear Nomina Electronica (1)/Page_SARA/input_ADMINISTRADOR DEL SISTEMA - SARA_form_templatej_idt24_input' is clickable

2023-04-10 09:05:48 - [MESSAGE][PASSED] - Object 'Object Repository/1-OBJECTS TAREAS PRINCIPALES/Modulo Tarea Compensacion/Crear Nomina Electronica (1)/Page_SARA/input_ADMINISTRADOR DEL SISTEMA - SARA_form_templatej_idt24_input' is clickable

2023-04-10 09:05:48 - [TEST_STEP][PASSED] - setText(findTestObject("1-OBJECTS TAREAS PRINCIPALES/Modulo Tarea Compensacion/Crear Nomina Electronica (1)/Page_SARA/input_ADMINISTRADOR DEL SISTEMA - SARA_form_templatej_idt24_input"), "Nomina Electronica (com)"): Text 'Nomina Electronica (com)' is set on object 'Object Repository/1-OBJECTS TAREAS PRINCIPALES/Modulo Tarea Compensacion/Crear Nomina Electronica (1)/Page_SARA/input_ADMINISTRADOR DEL SISTEMA - SARA_form_templatej_idt24_input'

2023-04-10 09:05:48 - [MESSAGE][PASSED] - Text 'Nomina Electronica (com)' is set on object 'Object Repository/1-OBJECTS TAREAS PRINCIPALES/Modulo Tarea Compensacion/Crear Nomina Electronica (1)/Page_SARA/input_ADMINISTRADOR DEL SISTEMA - SARA_form_templatej_idt24_input'

2023-04-10 09:05:48 - [TEST_STEP][PASSED] - waitForElementClickable(findTestObject("1-OBJECTS TAREAS PRINCIPALES/Modulo Tarea Compensacion/Crear Nomina Electronica (1)/Page_SARA/li_Nomina Electronica (com)"), 0): Object 'Object Repository/1-OBJECTS TAREAS PRINCIPALES/Modulo Tarea Compensacion/Crear Nomina Electronica (1)/Page_SARA/li_Nomina Electronica (com)' is clickable

2023-04-10 09:05:48 - [MESSAGE][WARNING] - Timeout '0' is invalid. Using default page load timeout: '37'

2023-04-10 09:05:50 - [MESSAGE][PASSED] - Object 'Object Repository/1-OBJECTS TAREAS PRINCIPALES/Modulo Tarea Compensacion/Crear Nomina Electronica (1)/Page_SARA/li_Nomina Electronica (com)' is clickable

2023-04-10 09:05:50 - [TEST_STEP][PASSED] - click(findTestObject("1-OBJECTS TAREAS PRINCIPALES/Modulo Tarea Compensacion/Crear Nomina Electronica (1)/Page_SARA/li_Nomina Electronica (com)")): Object: 'Object Repository/1-OBJECTS TAREAS PRINCIPALES/Modulo Tarea Compensacion/Crear Nomina Electronica (1)/Page_SARA/li_Nomina Electronica (com)' is clicked on

2023-04-10 09:05:50 - [MESSAGE][PASSED] - Object: 'Object Repository/1-OBJECTS TAREAS PRINCIPALES/Modulo Tarea Compensacion/Crear Nomina Electronica (1)/Page_SARA/li_Nomina Electronica (com)' is clicked on

2023-04-10 09:05:50 - [TEST_STEP][PASSED] - setText(findTestObject("1-OBJECTS TAREAS PRINCIPALES/Modulo Tarea Compensacion/Crear Nomina Electronica (1)/input_Fecha Corte_listado_nominaelectronicaj_idt72"), "2021"): Text '2021' is set on object 'Object Repository/1-OBJECTS TAREAS PRINCIPALES/Modulo Tarea Compensacion/Crear Nomina Electronica (1)/input_Fecha Corte_listado_nominaelectronicaj_idt72'

2023-04-10 09:05:52 - [MESSAGE][PASSED] - Text '2021' is set on object 'Object Repository/1-OBJECTS TAREAS PRINCIPALES/Modulo Tarea Compensacion/Crear Nomina Electronica (1)/input_Fecha Corte_listado_nominaelectronicaj_idt72'

2023-04-10 09:05:52 - [TEST_STEP][PASSED] - sendKeys(findTestObject("1-OBJECTS TAREAS PRINCIPALES/Modulo Tarea Compensacion/Crear Nomina Electronica (1)/input_Fecha Corte_listado_nominaelectronicaj_idt72"), Keys.chord(ENTER)): Keys 'ENTER + ' sent to object: 'Object Repository/1-OBJECTS TAREAS PRINCIPALES/Modulo Tarea Compensacion/Crear Nomina Electronica (1)/input_Fecha Corte_listado_nominaelectronicaj_idt72'

2023-04-10 09:05:53 - [MESSAGE][PASSED] - Keys 'ENTER + ' sent to object: 'Object Repository/1-OBJECTS TAREAS PRINCIPALES/Modulo Tarea Compensacion/Crear Nomina Electronica (1)/input_Fecha Corte_listado_nominaelectronicaj_idt72'

2023-04-10 09:05:53 - [TEST_STEP][PASSED] - if (waitForElementClickable(findTestObject("1-OBJECTS TAREAS PRINCIPALES/Modulo Tarea Compensacion/Crear Nomina Electronica/Page_SARA/td_2021-07-01"), 1)): null

2023-04-10 09:05:53 - [MESSAGE][PASSED] - Object 'Object Repository/1-OBJECTS TAREAS PRINCIPALES/Modulo Tarea Compensacion/Crear Nomina Electronica/Page_SARA/td_2021-07-01' is clickable

2023-04-10 09:05:53 - [TEST_STEP][PASSED] - click(findTestObject("1-OBJECTS TAREAS PRINCIPALES/Modulo Tarea Compensacion/Crear Nomina Electronica/Page_SARA/td_2021-07-01")): Object: 'Object Repository/1-OBJECTS TAREAS PRINCIPALES/Modulo Tarea Compensacion/Crear Nomina Electronica/Page_SARA/td_2021-07-01' is clicked on

2023-04-10 09:05:54 - [MESSAGE][PASSED] - Object: 'Object Repository/1-OBJECTS TAREAS PRINCIPALES/Modulo Tarea Compensacion/Crear Nomina Electronica/Page_SARA/td_2021-07-01' is clicked on

2023-04-10 09:05:54 - [TEST_STEP][PASSED] - click(findTestObject("1-OBJECTS TAREAS PRINCIPALES/Modulo Tarea Compensacion/Crear Nomina Electronica (1)/Page_SARA/a_Reversar Nomina")): Object: 'Object Repository/1-OBJECTS TAREAS PRINCIPALES/Modulo Tarea Compensacion/Crear Nomina Electronica (1)/Page_SARA/a_Reversar Nomina' is clicked on

2023-04-10 09:05:55 - [MESSAGE][PASSED] - Object: 'Object Repository/1-OBJECTS TAREAS PRINCIPALES/Modulo Tarea Compensacion/Crear Nomina Electronica (1)/Page_SARA/a_Reversar Nomina' is clicked on

2023-04-10 09:05:55 - [TEST_STEP][PASSED] - click(findTestObject("1-OBJECTS TAREAS PRINCIPALES/Modulo Tarea Compensacion/Crear Nomina Electronica/Page_SARA/span_Si_Reversar Nomina")): Object: 'Object Repository/1-OBJECTS TAREAS PRINCIPALES/Modulo Tarea Compensacion/Crear Nomina Electronica/Page_SARA/span_Si_Reversar Nomina' is clicked on

2023-04-10 09:05:56 - [MESSAGE][PASSED] - Object: 'Object Repository/1-OBJECTS TAREAS PRINCIPALES/Modulo Tarea Compensacion/Crear Nomina Electronica/Page_SARA/span_Si_Reversar Nomina' is clicked on

2023-04-10 09:05:56 - [TEST_STEP][PASSED] - waitForElementClickable(findTestObject("1-OBJECTS TAREAS PRINCIPALES/Modulo Tarea Compensacion/Crear Nomina Electronica (1)/Page_SARA/a_Nuevo"), 0): Object 'Object Repository/1-OBJECTS TAREAS PRINCIPALES/Modulo Tarea Compensacion/Crear Nomina Electronica (1)/Page_SARA/a_Nuevo' is clickable

2023-04-10 09:05:56 - [MESSAGE][WARNING] - Timeout '0' is invalid. Using default page load timeout: '37'

2023-04-10 09:05:57 - [MESSAGE][PASSED] - Object 'Object Repository/1-OBJECTS TAREAS PRINCIPALES/Modulo Tarea Compensacion/Crear Nomina Electronica (1)/Page_SARA/a_Nuevo' is clickable

2023-04-10 09:05:57 - [TEST_STEP][PASSED] - click(findTestObject("1-OBJECTS TAREAS PRINCIPALES/Modulo Tarea Compensacion/Crear Nomina Electronica (1)/Page_SARA/a_Nuevo"), STOP_ON_FAILURE): Object: 'Object Repository/1-OBJECTS TAREAS PRINCIPALES/Modulo Tarea Compensacion/Crear Nomina Electronica (1)/Page_SARA/a_Nuevo' is clicked on

2023-04-10 09:05:57 - [MESSAGE][PASSED] - Object: 'Object Repository/1-OBJECTS TAREAS PRINCIPALES/Modulo Tarea Compensacion/Crear Nomina Electronica (1)/Page_SARA/a_Nuevo' is clicked on

2023-04-10 09:05:57 - [TEST_STEP][PASSED] - waitForElementClickable(findTestObject("1-OBJECTS TAREAS PRINCIPALES/Modulo Tarea Compensacion/Crear Nomina Electronica/Page_SARA/select_-- seleccione --Nmina IndividualNmina Individual de Ajuste"), 0): Object 'Object Repository/1-OBJECTS TAREAS PRINCIPALES/Modulo Tarea Compensacion/Crear Nomina Electronica/Page_SARA/select_-- seleccione --Nmina IndividualNmina Individual de Ajuste' is clickable

2023-04-10 09:05:57 - [MESSAGE][WARNING] - Timeout '0' is invalid. Using default page load timeout: '37'

2023-04-10 09:05:58 - [MESSAGE][PASSED] - Object 'Object Repository/1-OBJECTS TAREAS PRINCIPALES/Modulo Tarea Compensacion/Crear Nomina Electronica/Page_SARA/select_-- seleccione --Nmina IndividualNmina Individual de Ajuste' is clickable

2023-04-10 09:05:58 - [TEST_STEP][PASSED] - setText(findTestObject("1-OBJECTS TAREAS PRINCIPALES/Modulo Tarea Compensacion/Crear Nomina Electronica (1)/input_Ao_popup_nominaelectronicaanno"), "2021"): Text '2021' is set on object 'Object Repository/1-OBJECTS TAREAS PRINCIPALES/Modulo Tarea Compensacion/Crear Nomina Electronica (1)/input_Ao_popup_nominaelectronicaanno'

2023-04-10 09:05:58 - [MESSAGE][PASSED] - Text '2021' is set on object 'Object Repository/1-OBJECTS TAREAS PRINCIPALES/Modulo Tarea Compensacion/Crear Nomina Electronica (1)/input_Ao_popup_nominaelectronicaanno'

2023-04-10 09:05:58 - [TEST_STEP][PASSED] - selectOptionByIndex(findTestObject("1-OBJECTS TAREAS PRINCIPALES/Modulo Tarea Compensacion/Crear Nomina Electronica/Page_SARA/select_-- seleccione --Nmina IndividualNmina Individual de Ajuste"), "1"): All options with index in [1] are selected on object 'Object Repository/1-OBJECTS TAREAS PRINCIPALES/Modulo Tarea Compensacion/Crear Nomina Electronica/Page_SARA/select_-- seleccione --Nmina IndividualNmina Individual de Ajuste'

2023-04-10 09:05:59 - [MESSAGE][PASSED] - All options with index in [1] are selected on object 'Object Repository/1-OBJECTS TAREAS PRINCIPALES/Modulo Tarea Compensacion/Crear Nomina Electronica/Page_SARA/select_-- seleccione --Nmina IndividualNmina Individual de Ajuste'

2023-04-10 09:05:59 - [TEST_STEP][PASSED] - selectOptionByIndex(findTestObject("1-OBJECTS TAREAS PRINCIPALES/Modulo Tarea Compensacion/Crear Nomina Electronica (1)/Page_SARA/select_-- seleccione --EneroFebreroMarzoAbrilMayoJunioJulioAgostoSeptiembreOctubreNoviembreDiciembre"), "8"): All options with index in [8] are selected on object 'Object Repository/1-OBJECTS TAREAS PRINCIPALES/Modulo Tarea Compensacion/Crear Nomina Electronica (1)/Page_SARA/select_-- seleccione --EneroFebreroMarzoAbrilMayoJunioJulioAgostoSeptiembreOctubreNoviembreDiciembre'

2023-04-10 09:06:00 - [MESSAGE][PASSED] - All options with index in [8] are selected on object 'Object Repository/1-OBJECTS TAREAS PRINCIPALES/Modulo Tarea Compensacion/Crear Nomina Electronica (1)/Page_SARA/select_-- seleccione --EneroFebreroMarzoAbrilMayoJunioJulioAgostoSeptiembreOctubreNoviembreDiciembre'

2023-04-10 09:06:00 - [TEST_STEP][PASSED] - selectOptionByIndex(findTestObject("1-OBJECTS TAREAS PRINCIPALES/Modulo Tarea Compensacion/Crear Nomina Electronica/Page_SARA/select_CUNDINAMARCASANTANDERBOGOTANo Usar"), "3"): All options with index in [3] are selected on object 'Object Repository/1-OBJECTS TAREAS PRINCIPALES/Modulo Tarea Compensacion/Crear Nomina Electronica/Page_SARA/select_CUNDINAMARCASANTANDERBOGOTANo Usar'

2023-04-10 09:06:01 - [MESSAGE][PASSED] - All options with index in [3] are selected on object 'Object Repository/1-OBJECTS TAREAS PRINCIPALES/Modulo Tarea Compensacion/Crear Nomina Electronica/Page_SARA/select_CUNDINAMARCASANTANDERBOGOTANo Usar'

2023-04-10 09:06:01 - [TEST_STEP][PASSED] - selectOptionByIndex(findTestObject("1-OBJECTS TAREAS PRINCIPALES/Modulo Tarea Compensacion/Crear Nomina Electronica (1)/Page_SARA/select_-- seleccione --EneroFebreroMarzoAbrilMayoJunioJulioAgostoSeptiembreOctubreNoviembreDiciembre"), "7"): All options with index in [7] are selected on object 'Object Repository/1-OBJECTS TAREAS PRINCIPALES/Modulo Tarea Compensacion/Crear Nomina Electronica (1)/Page_SARA/select_-- seleccione --EneroFebreroMarzoAbrilMayoJunioJulioAgostoSeptiembreOctubreNoviembreDiciembre'

2023-04-10 09:06:03 - [MESSAGE][PASSED] - All options with index in [7] are selected on object 'Object Repository/1-OBJECTS TAREAS PRINCIPALES/Modulo Tarea Compensacion/Crear Nomina Electronica (1)/Page_SARA/select_-- seleccione --EneroFebreroMarzoAbrilMayoJunioJulioAgostoSeptiembreOctubreNoviembreDiciembre'

2023-04-10 09:06:03 - [TEST_STEP][PASSED] - waitForElementVisible(findTestObject("1-OBJECTS TAREAS PRINCIPALES/Modulo Tarea Compensacion/Crear Nomina Electronica (1)/Page_SARA/a_Guardar"), 0): Object 'Object Repository/1-OBJECTS TAREAS PRINCIPALES/Modulo Tarea Compensacion/Crear Nomina Electronica (1)/Page_SARA/a_Guardar' is visible

2023-04-10 09:06:03 - [MESSAGE][WARNING] - Timeout '0' is invalid. Using default page load timeout: '37'

2023-04-10 09:06:03 - [MESSAGE][PASSED] - Object 'Object Repository/1-OBJECTS TAREAS PRINCIPALES/Modulo Tarea Compensacion/Crear Nomina Electronica (1)/Page_SARA/a_Guardar' is visible

2023-04-10 09:06:03 - [TEST_STEP][PASSED] - click(findTestObject("1-OBJECTS TAREAS PRINCIPALES/Modulo Tarea Compensacion/Crear Nomina Electronica (1)/Page_SARA/a_Guardar")): Object: 'Object Repository/1-OBJECTS TAREAS PRINCIPALES/Modulo Tarea Compensacion/Crear Nomina Electronica (1)/Page_SARA/a_Guardar' is clicked on

2023-04-10 09:06:03 - [MESSAGE][PASSED] - Object: 'Object Repository/1-OBJECTS TAREAS PRINCIPALES/Modulo Tarea Compensacion/Crear Nomina Electronica (1)/Page_SARA/a_Guardar' is clicked on

2023-04-10 09:06:03 - [TEST_STEP][PASSED] - waitForElementClickable(findTestObject("1-OBJECTS TAREAS PRINCIPALES/Modulo Tarea Compensacion/Crear Nomina Electronica (1)/Page_SARA/a_Generar"), 0): Object 'Object Repository/1-OBJECTS TAREAS PRINCIPALES/Modulo Tarea Compensacion/Crear Nomina Electronica (1)/Page_SARA/a_Generar' is clickable

2023-04-10 09:06:03 - [MESSAGE][WARNING] - Timeout '0' is invalid. Using default page load timeout: '37'

2023-04-10 09:06:04 - [MESSAGE][PASSED] - Object 'Object Repository/1-OBJECTS TAREAS PRINCIPALES/Modulo Tarea Compensacion/Crear Nomina Electronica (1)/Page_SARA/a_Generar' is clickable

2023-04-10 09:06:04 - [TEST_STEP][PASSED] - click(findTestObject("1-OBJECTS TAREAS PRINCIPALES/Modulo Tarea Compensacion/Crear Nomina Electronica (1)/Page_SARA/a_Generar")): Object: 'Object Repository/1-OBJECTS TAREAS PRINCIPALES/Modulo Tarea Compensacion/Crear Nomina Electronica (1)/Page_SARA/a_Generar' is clicked on

2023-04-10 09:06:04 - [MESSAGE][PASSED] - Object: 'Object Repository/1-OBJECTS TAREAS PRINCIPALES/Modulo Tarea Compensacion/Crear Nomina Electronica (1)/Page_SARA/a_Generar' is clicked on

2023-04-10 09:06:04 - [TEST_STEP][PASSED] - waitForElementClickable(findTestObject("1-OBJECTS TAREAS PRINCIPALES/Modulo Tarea Compensacion/Crear Nomina Electronica (1)/Page_SARA/a_Generar2"), 0): Object 'Object Repository/1-OBJECTS TAREAS PRINCIPALES/Modulo Tarea Compensacion/Crear Nomina Electronica (1)/Page_SARA/a_Generar2' is clickable

2023-04-10 09:06:05 - [MESSAGE][WARNING] - Timeout '0' is invalid. Using default page load timeout: '37'

2023-04-10 09:06:05 - [MESSAGE][PASSED] - Object 'Object Repository/1-OBJECTS TAREAS PRINCIPALES/Modulo Tarea Compensacion/Crear Nomina Electronica (1)/Page_SARA/a_Generar2' is clickable

2023-04-10 09:06:05 - [TEST_STEP][PASSED] - click(findTestObject("1-OBJECTS TAREAS PRINCIPALES/Modulo Tarea Compensacion/Crear Nomina Electronica (1)/Page_SARA/a_Generar2")): Object: 'Object Repository/1-OBJECTS TAREAS PRINCIPALES/Modulo Tarea Compensacion/Crear Nomina Electronica (1)/Page_SARA/a_Generar2' is clicked on

2023-04-10 09:06:05 - [MESSAGE][PASSED] - Object: 'Object Repository/1-OBJECTS TAREAS PRINCIPALES/Modulo Tarea Compensacion/Crear Nomina Electronica (1)/Page_SARA/a_Generar2' is clicked on

2023-04-10 09:06:05 - [TEST_STEP][PASSED] - if (waitForElementVisible(findTestObject("1-OBJECTS TAREAS PRINCIPALES/Modulo Tarea Compensacion/Crear Nomina Electronica (1)/td_Aguilar Ardila Simon Andres"), 0)): null

2023-04-10 09:06:05 - [MESSAGE][WARNING] - Timeout '0' is invalid. Using default page load timeout: '37'

2023-04-10 09:06:18 - [MESSAGE][PASSED] - Object 'Object Repository/1-OBJECTS TAREAS PRINCIPALES/Modulo Tarea Compensacion/Crear Nomina Electronica (1)/td_Aguilar Ardila Simon Andres' is visible

2023-04-10 09:06:18 - [TEST_STEP][PASSED] - Result = "PRUEBA OK": null]]></system-out>
         <system-err><![CDATA[]]></system-err>
      </testcase>
      <testcase name="Test Cases/1.1-Tareas Principales/1.5.6 Reporte Nomina Electronica" time="28.531" classname="Test Cases/1.1-Tareas Principales/1.5.6 Reporte Nomina Electronica" status="PASSED">
         <system-out><![CDATA[2023-04-10 09:06:18 - [TEST_CASE][PASSED] - Test Cases/1.1-Tareas Principales/1.5.6 Reporte Nomina Electronica: Test Cases/1.1-Tareas Principales/1.5.6 Reporte Nomina Electronica

2023-04-10 09:06:19 - [TEST_STEP][PASSED] - callTestCase(findTestCase("0.1-Login"), [:], STOP_ON_FAILURE): Call Test Case 'Test Cases/0.1-Login' successfully

2023-04-10 09:06:19 - [TEST_CASE][PASSED] - Test Cases/0.1-Login: Test Cases/0.1-Login

2023-04-10 09:06:19 - [TEST_STEP][PASSED] - openBrowser(""): Browser is opened with url: ''

2023-04-10 09:06:19 - [MESSAGE][WARNING] - A browser is already opened. Closing browser and opening a new one

2023-04-10 09:06:19 - [MESSAGE][INFO] - Starting 'Chrome' driver

2023-04-10 09:06:19 - [MESSAGE][INFO] - Action delay is set to 0 milliseconds

2023-04-10 09:06:21 - [MESSAGE][PASSED] - Browser is opened with url: ''

2023-04-10 09:06:21 - [TEST_STEP][PASSED] - maximizeWindow(): Current window maximized

2023-04-10 09:06:21 - [MESSAGE][PASSED] - Current window maximized

2023-04-10 09:06:21 - [TEST_STEP][PASSED] - i = G_Login: null

2023-04-10 09:06:21 - [TEST_STEP][PASSED] - url = new java.net.URL(i): null

2023-04-10 09:06:21 - [TEST_STEP][PASSED] - println("URL: " + url.toString()): null

2023-04-10 09:06:21 - [TEST_STEP][PASSED] - connection = url.openConnection(): null

2023-04-10 09:06:21 - [TEST_STEP][PASSED] - connection.setRequestMethod("GET"): null

2023-04-10 09:06:21 - [TEST_STEP][PASSED] - connection.setReadTimeout(2 * 1000): null

2023-04-10 09:06:21 - [TEST_STEP][PASSED] - try: null

2023-04-10 09:06:21 - [TEST_STEP][PASSED] - connection.connect(): null

2023-04-10 09:06:21 - [TEST_STEP][PASSED] - flag = connected: null

2023-04-10 09:06:21 - [TEST_STEP][PASSED] - println("Valor_ori: " + flag): null

2023-04-10 09:06:21 - [TEST_STEP][PASSED] - if (flag): null

2023-04-10 09:06:21 - [TEST_STEP][PASSED] - navigateToUrl(i): Navigate to 'http://192.168.2.19:8380/saraweb' successfully

2023-04-10 09:06:21 - [MESSAGE][PASSED] - Navigate to 'http://192.168.2.19:8380/saraweb' successfully

2023-04-10 09:06:21 - [TEST_STEP][PASSED] - a(): null

2023-04-10 09:06:21 - [TEST_STEP][PASSED] - if (waitForElementVisible(findTestObject("3-OBJECTS UTILIDADES/Login/input_USUARIO_loginusuario"), 0)): null

2023-04-10 09:06:21 - [MESSAGE][WARNING] - Timeout '0' is invalid. Using default page load timeout: '37'

2023-04-10 09:06:21 - [MESSAGE][PASSED] - Object 'Object Repository/3-OBJECTS UTILIDADES/Login/input_USUARIO_loginusuario' is visible

2023-04-10 09:06:21 - [TEST_STEP][PASSED] - switchToWindowTitle("SARA"): Switched to window with title: 'SARA'

2023-04-10 09:06:21 - [MESSAGE][PASSED] - Switched to window with title: 'SARA'

2023-04-10 09:06:21 - [TEST_STEP][PASSED] - zoom(): null

2023-04-10 09:06:21 - [TEST_STEP][PASSED] - robot = new java.awt.Robot(): null

2023-04-10 09:06:21 - [TEST_STEP][PASSED] - robot.keyPress(VK_CONTROL): null

2023-04-10 09:06:21 - [TEST_STEP][PASSED] - robot.keyPress(VK_SUBTRACT): null

2023-04-10 09:06:21 - [TEST_STEP][PASSED] - robot.keyRelease(VK_CONTROL): null

2023-04-10 09:06:21 - [TEST_STEP][PASSED] - robot.keyRelease(VK_SUBTRACT): null

2023-04-10 09:06:21 - [TEST_STEP][PASSED] - robot.keyPress(VK_CONTROL): null

2023-04-10 09:06:21 - [TEST_STEP][PASSED] - robot.keyPress(VK_SUBTRACT): null

2023-04-10 09:06:21 - [TEST_STEP][PASSED] - robot.keyRelease(VK_CONTROL): null

2023-04-10 09:06:21 - [TEST_STEP][PASSED] - robot.keyRelease(VK_SUBTRACT): null

2023-04-10 09:06:21 - [TEST_STEP][PASSED] - robot.keyPress(VK_CONTROL): null

2023-04-10 09:06:21 - [TEST_STEP][PASSED] - robot.keyPress(VK_SUBTRACT): null

2023-04-10 09:06:21 - [TEST_STEP][PASSED] - robot.keyRelease(VK_CONTROL): null

2023-04-10 09:06:21 - [TEST_STEP][PASSED] - robot.keyRelease(VK_SUBTRACT): null

2023-04-10 09:06:21 - [TEST_STEP][PASSED] - robot.keyRelease(VK_CONTROL): null

2023-04-10 09:06:21 - [TEST_STEP][PASSED] - robot.keyRelease(VK_SUBTRACT): null

2023-04-10 09:06:21 - [TEST_STEP][PASSED] - setText(findTestObject("3-OBJECTS UTILIDADES/Login/input_USUARIO_loginusuario"), G_Usuario): Text 'saraadmin' is set on object 'Object Repository/3-OBJECTS UTILIDADES/Login/input_USUARIO_loginusuario'

2023-04-10 09:06:22 - [MESSAGE][PASSED] - Text 'saraadmin' is set on object 'Object Repository/3-OBJECTS UTILIDADES/Login/input_USUARIO_loginusuario'

2023-04-10 09:06:22 - [TEST_STEP][PASSED] - setEncryptedText(findTestObject("3-OBJECTS UTILIDADES/Login/input_CLAVE_loginpassword"), "SlAwMcyRKqrwbnzhAs8HhT6NnI7sEyng"): Text ****** has been set on object 'Object Repository/3-OBJECTS UTILIDADES/Login/input_CLAVE_loginpassword'

2023-04-10 09:06:23 - [MESSAGE][PASSED] - Text ****** has been set on object 'Object Repository/3-OBJECTS UTILIDADES/Login/input_CLAVE_loginpassword'

2023-04-10 09:06:23 - [TEST_STEP][PASSED] - while (waitForElementClickable(findTestObject("3-OBJECTS UTILIDADES/Login/a_Ingresar"), 1)): Web element with id: 'Object Repository/3-OBJECTS UTILIDADES/Login/a_Ingresar' located by '//a[contains(text(),'Ingresar')]' not found

2023-04-10 09:06:26 - [MESSAGE][INFO] - Unable to find the element located by 'By.xpath: //a[contains(text(),'Ingresar')]'. Please recheck the objects properties to make sure the desired element is located. 

2023-04-10 09:06:26 - [MESSAGE][WARNING] - Web element with id: 'Object Repository/3-OBJECTS UTILIDADES/Login/a_Ingresar' located by '//a[contains(text(),'Ingresar')]' not found

2023-04-10 09:06:26 - [MESSAGE][PASSED] - Call Test Case 'Test Cases/0.1-Login' successfully

2023-04-10 09:06:26 - [TEST_STEP][PASSED] - waitForElementClickable(findTestObject("1-OBJECTS TAREAS PRINCIPALES/Modulo Tarea Compensacion/Reporte Nomina Electronica/Page_SARA/input_Nomina Electronica_form_templatej_idt24_input"), 0): Object 'Object Repository/1-OBJECTS TAREAS PRINCIPALES/Modulo Tarea Compensacion/Reporte Nomina Electronica/Page_SARA/input_Nomina Electronica_form_templatej_idt24_input' is clickable

2023-04-10 09:06:26 - [MESSAGE][WARNING] - Timeout '0' is invalid. Using default page load timeout: '37'

2023-04-10 09:06:26 - [MESSAGE][PASSED] - Object 'Object Repository/1-OBJECTS TAREAS PRINCIPALES/Modulo Tarea Compensacion/Reporte Nomina Electronica/Page_SARA/input_Nomina Electronica_form_templatej_idt24_input' is clickable

2023-04-10 09:06:26 - [TEST_STEP][PASSED] - setText(findTestObject("1-OBJECTS TAREAS PRINCIPALES/Modulo Tarea Compensacion/Reporte Nomina Electronica/Page_SARA/input_Nomina Electronica_form_templatej_idt24_input"), "Nomina Electronica"): Text 'Nomina Electronica' is set on object 'Object Repository/1-OBJECTS TAREAS PRINCIPALES/Modulo Tarea Compensacion/Reporte Nomina Electronica/Page_SARA/input_Nomina Electronica_form_templatej_idt24_input'

2023-04-10 09:06:27 - [MESSAGE][PASSED] - Text 'Nomina Electronica' is set on object 'Object Repository/1-OBJECTS TAREAS PRINCIPALES/Modulo Tarea Compensacion/Reporte Nomina Electronica/Page_SARA/input_Nomina Electronica_form_templatej_idt24_input'

2023-04-10 09:06:27 - [TEST_STEP][PASSED] - waitForElementClickable(findTestObject("1-OBJECTS TAREAS PRINCIPALES/Modulo Tarea Compensacion/Reporte Nomina Electronica/Page_SARA/span_Nomina Electronica"), 0): Object 'Object Repository/1-OBJECTS TAREAS PRINCIPALES/Modulo Tarea Compensacion/Reporte Nomina Electronica/Page_SARA/span_Nomina Electronica' is clickable

2023-04-10 09:06:27 - [MESSAGE][WARNING] - Timeout '0' is invalid. Using default page load timeout: '37'

2023-04-10 09:06:28 - [MESSAGE][PASSED] - Object 'Object Repository/1-OBJECTS TAREAS PRINCIPALES/Modulo Tarea Compensacion/Reporte Nomina Electronica/Page_SARA/span_Nomina Electronica' is clickable

2023-04-10 09:06:28 - [TEST_STEP][PASSED] - click(findTestObject("1-OBJECTS TAREAS PRINCIPALES/Modulo Tarea Compensacion/Reporte Nomina Electronica/Page_SARA/span_Nomina Electronica"), STOP_ON_FAILURE): Object: 'Object Repository/1-OBJECTS TAREAS PRINCIPALES/Modulo Tarea Compensacion/Reporte Nomina Electronica/Page_SARA/span_Nomina Electronica' is clicked on

2023-04-10 09:06:28 - [MESSAGE][PASSED] - Object: 'Object Repository/1-OBJECTS TAREAS PRINCIPALES/Modulo Tarea Compensacion/Reporte Nomina Electronica/Page_SARA/span_Nomina Electronica' is clicked on

2023-04-10 09:06:28 - [TEST_STEP][PASSED] - setText(findTestObject("1-OBJECTS TAREAS PRINCIPALES/Modulo Tarea Compensacion/Reporte Nomina Electronica/input_Fecha Corte_listado_nominaelectronicaj_idt72"), "2021"): Text '2021' is set on object 'Object Repository/1-OBJECTS TAREAS PRINCIPALES/Modulo Tarea Compensacion/Reporte Nomina Electronica/input_Fecha Corte_listado_nominaelectronicaj_idt72'

2023-04-10 09:06:30 - [MESSAGE][PASSED] - Text '2021' is set on object 'Object Repository/1-OBJECTS TAREAS PRINCIPALES/Modulo Tarea Compensacion/Reporte Nomina Electronica/input_Fecha Corte_listado_nominaelectronicaj_idt72'

2023-04-10 09:06:30 - [TEST_STEP][PASSED] - sendKeys(findTestObject("1-OBJECTS TAREAS PRINCIPALES/Modulo Tarea Compensacion/Reporte Nomina Electronica/input_Fecha Corte_listado_nominaelectronicaj_idt72"), Keys.chord(ENTER)): Keys 'ENTER + ' sent to object: 'Object Repository/1-OBJECTS TAREAS PRINCIPALES/Modulo Tarea Compensacion/Reporte Nomina Electronica/input_Fecha Corte_listado_nominaelectronicaj_idt72'

2023-04-10 09:06:31 - [MESSAGE][PASSED] - Keys 'ENTER + ' sent to object: 'Object Repository/1-OBJECTS TAREAS PRINCIPALES/Modulo Tarea Compensacion/Reporte Nomina Electronica/input_Fecha Corte_listado_nominaelectronicaj_idt72'

2023-04-10 09:06:31 - [TEST_STEP][PASSED] - if (waitForElementClickable(findTestObject("1-OBJECTS TAREAS PRINCIPALES/Modulo Tarea Compensacion/Reporte Nomina Electronica/Page_SARA/td_2021-07-01"), 1)): null

2023-04-10 09:06:31 - [MESSAGE][PASSED] - Object 'Object Repository/1-OBJECTS TAREAS PRINCIPALES/Modulo Tarea Compensacion/Reporte Nomina Electronica/Page_SARA/td_2021-07-01' is clickable

2023-04-10 09:06:31 - [TEST_STEP][PASSED] - click(findTestObject("1-OBJECTS TAREAS PRINCIPALES/Modulo Tarea Compensacion/Reporte Nomina Electronica/Page_SARA/td_2021-07-01")): Object: 'Object Repository/1-OBJECTS TAREAS PRINCIPALES/Modulo Tarea Compensacion/Reporte Nomina Electronica/Page_SARA/td_2021-07-01' is clicked on

2023-04-10 09:06:32 - [MESSAGE][PASSED] - Object: 'Object Repository/1-OBJECTS TAREAS PRINCIPALES/Modulo Tarea Compensacion/Reporte Nomina Electronica/Page_SARA/td_2021-07-01' is clicked on

2023-04-10 09:06:32 - [TEST_STEP][PASSED] - click(findTestObject("1-OBJECTS TAREAS PRINCIPALES/Modulo Tarea Compensacion/Reporte Nomina Electronica/Page_SARA/a_Reporte")): Object: 'Object Repository/1-OBJECTS TAREAS PRINCIPALES/Modulo Tarea Compensacion/Reporte Nomina Electronica/Page_SARA/a_Reporte' is clicked on

2023-04-10 09:06:33 - [MESSAGE][PASSED] - Object: 'Object Repository/1-OBJECTS TAREAS PRINCIPALES/Modulo Tarea Compensacion/Reporte Nomina Electronica/Page_SARA/a_Reporte' is clicked on

2023-04-10 09:06:33 - [TEST_STEP][PASSED] - click(findTestObject("1-OBJECTS TAREAS PRINCIPALES/Modulo Tarea Compensacion/Reporte Nomina Electronica/Page_SARA/td_Reporte Nomina Electrnica")): Object: 'Object Repository/1-OBJECTS TAREAS PRINCIPALES/Modulo Tarea Compensacion/Reporte Nomina Electronica/Page_SARA/td_Reporte Nomina Electrnica' is clicked on

2023-04-10 09:06:33 - [MESSAGE][PASSED] - Object: 'Object Repository/1-OBJECTS TAREAS PRINCIPALES/Modulo Tarea Compensacion/Reporte Nomina Electronica/Page_SARA/td_Reporte Nomina Electrnica' is clicked on

2023-04-10 09:06:33 - [TEST_STEP][PASSED] - click(findTestObject("1-OBJECTS TAREAS PRINCIPALES/Modulo Tarea Compensacion/Reporte Nomina Electronica/Page_SARA/span_Que desea hacer_ui-radiobutton-icon ui-icon ui-icon-blank ui-c")): Object: 'Object Repository/1-OBJECTS TAREAS PRINCIPALES/Modulo Tarea Compensacion/Reporte Nomina Electronica/Page_SARA/span_Que desea hacer_ui-radiobutton-icon ui-icon ui-icon-blank ui-c' is clicked on

2023-04-10 09:06:35 - [MESSAGE][PASSED] - Object: 'Object Repository/1-OBJECTS TAREAS PRINCIPALES/Modulo Tarea Compensacion/Reporte Nomina Electronica/Page_SARA/span_Que desea hacer_ui-radiobutton-icon ui-icon ui-icon-blank ui-c' is clicked on

2023-04-10 09:06:35 - [TEST_STEP][PASSED] - waitForElementClickable(findTestObject("1-OBJECTS TAREAS PRINCIPALES/Modulo Tarea Compensacion/Reporte Nomina Electronica/Page_SARA/a_Generar"), 0): Object 'Object Repository/1-OBJECTS TAREAS PRINCIPALES/Modulo Tarea Compensacion/Reporte Nomina Electronica/Page_SARA/a_Generar' is clickable

2023-04-10 09:06:35 - [MESSAGE][WARNING] - Timeout '0' is invalid. Using default page load timeout: '37'

2023-04-10 09:06:35 - [MESSAGE][PASSED] - Object 'Object Repository/1-OBJECTS TAREAS PRINCIPALES/Modulo Tarea Compensacion/Reporte Nomina Electronica/Page_SARA/a_Generar' is clickable

2023-04-10 09:06:35 - [TEST_STEP][PASSED] - click(findTestObject("1-OBJECTS TAREAS PRINCIPALES/Modulo Tarea Compensacion/Reporte Nomina Electronica/Page_SARA/a_Generar")): Object: 'Object Repository/1-OBJECTS TAREAS PRINCIPALES/Modulo Tarea Compensacion/Reporte Nomina Electronica/Page_SARA/a_Generar' is clicked on

2023-04-10 09:06:35 - [MESSAGE][PASSED] - Object: 'Object Repository/1-OBJECTS TAREAS PRINCIPALES/Modulo Tarea Compensacion/Reporte Nomina Electronica/Page_SARA/a_Generar' is clicked on

2023-04-10 09:06:35 - [TEST_STEP][PASSED] - waitForElementClickable(findTestObject("1-OBJECTS TAREAS PRINCIPALES/Modulo Tarea Compensacion/Reporte Nomina Electronica/Page_SARA/a_Continuar"), 0): Object 'Object Repository/1-OBJECTS TAREAS PRINCIPALES/Modulo Tarea Compensacion/Reporte Nomina Electronica/Page_SARA/a_Continuar' is clickable

2023-04-10 09:06:36 - [MESSAGE][WARNING] - Timeout '0' is invalid. Using default page load timeout: '37'

2023-04-10 09:06:39 - [MESSAGE][PASSED] - Object 'Object Repository/1-OBJECTS TAREAS PRINCIPALES/Modulo Tarea Compensacion/Reporte Nomina Electronica/Page_SARA/a_Continuar' is clickable

2023-04-10 09:06:39 - [TEST_STEP][PASSED] - click(findTestObject("1-OBJECTS TAREAS PRINCIPALES/Modulo Tarea Compensacion/Reporte Nomina Electronica/Page_SARA/a_Continuar")): Object: 'Object Repository/1-OBJECTS TAREAS PRINCIPALES/Modulo Tarea Compensacion/Reporte Nomina Electronica/Page_SARA/a_Continuar' is clicked on

2023-04-10 09:06:40 - [MESSAGE][PASSED] - Object: 'Object Repository/1-OBJECTS TAREAS PRINCIPALES/Modulo Tarea Compensacion/Reporte Nomina Electronica/Page_SARA/a_Continuar' is clicked on

2023-04-10 09:06:40 - [TEST_STEP][PASSED] - if (waitForElementClickable(findTestObject("1-OBJECTS TAREAS PRINCIPALES/Modulo Tarea Compensacion/Reporte Nomina Electronica/Page_SARA/a_Descargar"), 1)): null

2023-04-10 09:06:40 - [MESSAGE][PASSED] - Object 'Object Repository/1-OBJECTS TAREAS PRINCIPALES/Modulo Tarea Compensacion/Reporte Nomina Electronica/Page_SARA/a_Descargar' is clickable

2023-04-10 09:06:40 - [TEST_STEP][PASSED] - click(findTestObject("1-OBJECTS TAREAS PRINCIPALES/Modulo Tarea Compensacion/Reporte Nomina Electronica/Page_SARA/a_Descargar")): Object: 'Object Repository/1-OBJECTS TAREAS PRINCIPALES/Modulo Tarea Compensacion/Reporte Nomina Electronica/Page_SARA/a_Descargar' is clicked on

2023-04-10 09:06:41 - [MESSAGE][PASSED] - Object: 'Object Repository/1-OBJECTS TAREAS PRINCIPALES/Modulo Tarea Compensacion/Reporte Nomina Electronica/Page_SARA/a_Descargar' is clicked on

2023-04-10 09:06:41 - [TEST_STEP][PASSED] - RutaA = Systema(): null

2023-04-10 09:06:41 - [TEST_STEP][PASSED] - RutaA = System.getProperty("os.name"): null

2023-04-10 09:06:41 - [TEST_STEP][PASSED] - if (RutaA == "Windows 10"): null

2023-04-10 09:06:41 - [TEST_STEP][PASSED] - rutaW = System.getProperty("user.home") + "/Downloads/": null

2023-04-10 09:06:41 - [TEST_STEP][PASSED] - rutaW = rutaW.replace("/", "\"): null

2023-04-10 09:06:41 - [TEST_STEP][PASSED] - println("ESTA ES LA RUTA" + rutaW): null

2023-04-10 09:06:41 - [TEST_STEP][PASSED] - RutaA = rutaW: null

2023-04-10 09:06:41 - [TEST_STEP][PASSED] - rutaA = RutaA: null

2023-04-10 09:06:41 - [TEST_STEP][PASSED] - println(rutaA): null

2023-04-10 09:06:41 - [TEST_STEP][PASSED] - Archivo = "Reporte_Nomina_Electrónica.xlsx": null

2023-04-10 09:06:41 - [TEST_STEP][PASSED] - Assert.assertTrue(archivoDescargado(rutaA, Archivo)): null

2023-04-10 09:06:41 - [TEST_STEP][PASSED] - delay(2): Delayed 2 second(s)

2023-04-10 09:06:43 - [MESSAGE][PASSED] - Delayed 2 second(s)

2023-04-10 09:06:43 - [TEST_STEP][PASSED] - dir = new java.io.File(rutaA): null

2023-04-10 09:06:43 - [TEST_STEP][PASSED] - dirContenidos = dir.listFiles(): null

2023-04-10 09:06:43 - [TEST_STEP][PASSED] - r1 = "": null

2023-04-10 09:06:43 - [TEST_STEP][PASSED] - out.println(dirContenidos): null

2023-04-10 09:06:43 - [TEST_STEP][PASSED] - for ([i = 0, i < length, (i++)]): null

2023-04-10 09:06:43 - [TEST_STEP][PASSED] - delay(1): Delayed 1 second(s)

2023-04-10 09:06:44 - [MESSAGE][PASSED] - Delayed 1 second(s)

2023-04-10 09:06:44 - [TEST_STEP][PASSED] - if (getName().equals(Archivo)): null

2023-04-10 09:06:44 - [TEST_STEP][PASSED] - delay(1): Delayed 1 second(s)

2023-04-10 09:06:45 - [MESSAGE][PASSED] - Delayed 1 second(s)

2023-04-10 09:06:45 - [TEST_STEP][PASSED] - if (getName().equals(Archivo)): null

2023-04-10 09:06:45 - [TEST_STEP][PASSED] - delay(1): Delayed 1 second(s)

2023-04-10 09:06:46 - [MESSAGE][PASSED] - Delayed 1 second(s)

2023-04-10 09:06:46 - [TEST_STEP][PASSED] - if (getName().equals(Archivo)): null

2023-04-10 09:06:46 - [TEST_STEP][PASSED] - dirContenidos[i].delete(): null

2023-04-10 09:06:46 - [TEST_STEP][PASSED] - r1 = "ok": null

2023-04-10 09:06:46 - [TEST_STEP][PASSED] - out.println(dirContenidos): null

2023-04-10 09:06:46 - [TEST_STEP][PASSED] - closeBrowser(): Browser is closed

2023-04-10 09:06:47 - [MESSAGE][PASSED] - Browser is closed

2023-04-10 09:06:47 - [TEST_STEP][PASSED] - return true: null]]></system-out>
         <system-err><![CDATA[]]></system-err>
      </testcase>
      <testcase name="Test Cases/1.1-Tareas Principales/1.5.7 Descargar Nomina Electronica" time="21.915" classname="Test Cases/1.1-Tareas Principales/1.5.7 Descargar Nomina Electronica" status="PASSED">
         <system-out><![CDATA[2023-04-10 09:06:47 - [TEST_CASE][PASSED] - Test Cases/1.1-Tareas Principales/1.5.7 Descargar Nomina Electronica: Test Cases/1.1-Tareas Principales/1.5.7 Descargar Nomina Electronica

2023-04-10 09:06:47 - [TEST_STEP][PASSED] - callTestCase(findTestCase("0.1-Login"), [:], STOP_ON_FAILURE): Call Test Case 'Test Cases/0.1-Login' successfully

2023-04-10 09:06:47 - [TEST_CASE][PASSED] - Test Cases/0.1-Login: Test Cases/0.1-Login

2023-04-10 09:06:47 - [TEST_STEP][PASSED] - openBrowser(""): Browser is opened with url: ''

2023-04-10 09:06:47 - [MESSAGE][INFO] - Starting 'Chrome' driver

2023-04-10 09:06:47 - [MESSAGE][INFO] - Action delay is set to 0 milliseconds

2023-04-10 09:06:48 - [MESSAGE][PASSED] - Browser is opened with url: ''

2023-04-10 09:06:48 - [TEST_STEP][PASSED] - maximizeWindow(): Current window maximized

2023-04-10 09:06:48 - [MESSAGE][PASSED] - Current window maximized

2023-04-10 09:06:48 - [TEST_STEP][PASSED] - i = G_Login: null

2023-04-10 09:06:48 - [TEST_STEP][PASSED] - url = new java.net.URL(i): null

2023-04-10 09:06:48 - [TEST_STEP][PASSED] - println("URL: " + url.toString()): null

2023-04-10 09:06:48 - [TEST_STEP][PASSED] - connection = url.openConnection(): null

2023-04-10 09:06:48 - [TEST_STEP][PASSED] - connection.setRequestMethod("GET"): null

2023-04-10 09:06:48 - [TEST_STEP][PASSED] - connection.setReadTimeout(2 * 1000): null

2023-04-10 09:06:48 - [TEST_STEP][PASSED] - try: null

2023-04-10 09:06:48 - [TEST_STEP][PASSED] - connection.connect(): null

2023-04-10 09:06:48 - [TEST_STEP][PASSED] - flag = connected: null

2023-04-10 09:06:48 - [TEST_STEP][PASSED] - println("Valor_ori: " + flag): null

2023-04-10 09:06:48 - [TEST_STEP][PASSED] - if (flag): null

2023-04-10 09:06:48 - [TEST_STEP][PASSED] - navigateToUrl(i): Navigate to 'http://192.168.2.19:8380/saraweb' successfully

2023-04-10 09:06:49 - [MESSAGE][PASSED] - Navigate to 'http://192.168.2.19:8380/saraweb' successfully

2023-04-10 09:06:49 - [TEST_STEP][PASSED] - a(): null

2023-04-10 09:06:49 - [TEST_STEP][PASSED] - if (waitForElementVisible(findTestObject("3-OBJECTS UTILIDADES/Login/input_USUARIO_loginusuario"), 0)): null

2023-04-10 09:06:49 - [MESSAGE][WARNING] - Timeout '0' is invalid. Using default page load timeout: '37'

2023-04-10 09:06:49 - [MESSAGE][PASSED] - Object 'Object Repository/3-OBJECTS UTILIDADES/Login/input_USUARIO_loginusuario' is visible

2023-04-10 09:06:49 - [TEST_STEP][PASSED] - switchToWindowTitle("SARA"): Switched to window with title: 'SARA'

2023-04-10 09:06:49 - [MESSAGE][PASSED] - Switched to window with title: 'SARA'

2023-04-10 09:06:49 - [TEST_STEP][PASSED] - zoom(): null

2023-04-10 09:06:49 - [TEST_STEP][PASSED] - robot = new java.awt.Robot(): null

2023-04-10 09:06:49 - [TEST_STEP][PASSED] - robot.keyPress(VK_CONTROL): null

2023-04-10 09:06:49 - [TEST_STEP][PASSED] - robot.keyPress(VK_SUBTRACT): null

2023-04-10 09:06:49 - [TEST_STEP][PASSED] - robot.keyRelease(VK_CONTROL): null

2023-04-10 09:06:49 - [TEST_STEP][PASSED] - robot.keyRelease(VK_SUBTRACT): null

2023-04-10 09:06:49 - [TEST_STEP][PASSED] - robot.keyPress(VK_CONTROL): null

2023-04-10 09:06:49 - [TEST_STEP][PASSED] - robot.keyPress(VK_SUBTRACT): null

2023-04-10 09:06:49 - [TEST_STEP][PASSED] - robot.keyRelease(VK_CONTROL): null

2023-04-10 09:06:49 - [TEST_STEP][PASSED] - robot.keyRelease(VK_SUBTRACT): null

2023-04-10 09:06:49 - [TEST_STEP][PASSED] - robot.keyPress(VK_CONTROL): null

2023-04-10 09:06:49 - [TEST_STEP][PASSED] - robot.keyPress(VK_SUBTRACT): null

2023-04-10 09:06:49 - [TEST_STEP][PASSED] - robot.keyRelease(VK_CONTROL): null

2023-04-10 09:06:49 - [TEST_STEP][PASSED] - robot.keyRelease(VK_SUBTRACT): null

2023-04-10 09:06:49 - [TEST_STEP][PASSED] - robot.keyRelease(VK_CONTROL): null

2023-04-10 09:06:49 - [TEST_STEP][PASSED] - robot.keyRelease(VK_SUBTRACT): null

2023-04-10 09:06:49 - [TEST_STEP][PASSED] - setText(findTestObject("3-OBJECTS UTILIDADES/Login/input_USUARIO_loginusuario"), G_Usuario): Text 'saraadmin' is set on object 'Object Repository/3-OBJECTS UTILIDADES/Login/input_USUARIO_loginusuario'

2023-04-10 09:06:50 - [MESSAGE][PASSED] - Text 'saraadmin' is set on object 'Object Repository/3-OBJECTS UTILIDADES/Login/input_USUARIO_loginusuario'

2023-04-10 09:06:50 - [TEST_STEP][PASSED] - setEncryptedText(findTestObject("3-OBJECTS UTILIDADES/Login/input_CLAVE_loginpassword"), "SlAwMcyRKqrwbnzhAs8HhT6NnI7sEyng"): Text ****** has been set on object 'Object Repository/3-OBJECTS UTILIDADES/Login/input_CLAVE_loginpassword'

2023-04-10 09:06:52 - [MESSAGE][PASSED] - Text ****** has been set on object 'Object Repository/3-OBJECTS UTILIDADES/Login/input_CLAVE_loginpassword'

2023-04-10 09:06:52 - [TEST_STEP][PASSED] - while (waitForElementClickable(findTestObject("3-OBJECTS UTILIDADES/Login/a_Ingresar"), 1)): Web element with id: 'Object Repository/3-OBJECTS UTILIDADES/Login/a_Ingresar' located by '//a[contains(text(),'Ingresar')]' not found

2023-04-10 09:06:54 - [MESSAGE][INFO] - Unable to find the element located by 'By.xpath: //a[contains(text(),'Ingresar')]'. Please recheck the objects properties to make sure the desired element is located. 

2023-04-10 09:06:54 - [MESSAGE][WARNING] - Web element with id: 'Object Repository/3-OBJECTS UTILIDADES/Login/a_Ingresar' located by '//a[contains(text(),'Ingresar')]' not found

2023-04-10 09:06:54 - [MESSAGE][PASSED] - Call Test Case 'Test Cases/0.1-Login' successfully

2023-04-10 09:06:54 - [TEST_STEP][PASSED] - waitForElementClickable(findTestObject("1-OBJECTS TAREAS PRINCIPALES/Modulo Tarea Compensacion/Descargar Nomina Electronica/Page_SARA/input_Nomina Electronica_form_templatej_idt24_input"), 0): Object 'Object Repository/1-OBJECTS TAREAS PRINCIPALES/Modulo Tarea Compensacion/Descargar Nomina Electronica/Page_SARA/input_Nomina Electronica_form_templatej_idt24_input' is clickable

2023-04-10 09:06:54 - [MESSAGE][WARNING] - Timeout '0' is invalid. Using default page load timeout: '37'

2023-04-10 09:06:54 - [MESSAGE][PASSED] - Object 'Object Repository/1-OBJECTS TAREAS PRINCIPALES/Modulo Tarea Compensacion/Descargar Nomina Electronica/Page_SARA/input_Nomina Electronica_form_templatej_idt24_input' is clickable

2023-04-10 09:06:54 - [TEST_STEP][PASSED] - setText(findTestObject("1-OBJECTS TAREAS PRINCIPALES/Modulo Tarea Compensacion/Descargar Nomina Electronica/Page_SARA/input_Nomina Electronica_form_templatej_idt24_input"), "Nomina Electronica"): Text 'Nomina Electronica' is set on object 'Object Repository/1-OBJECTS TAREAS PRINCIPALES/Modulo Tarea Compensacion/Descargar Nomina Electronica/Page_SARA/input_Nomina Electronica_form_templatej_idt24_input'

2023-04-10 09:06:55 - [MESSAGE][PASSED] - Text 'Nomina Electronica' is set on object 'Object Repository/1-OBJECTS TAREAS PRINCIPALES/Modulo Tarea Compensacion/Descargar Nomina Electronica/Page_SARA/input_Nomina Electronica_form_templatej_idt24_input'

2023-04-10 09:06:55 - [TEST_STEP][PASSED] - waitForElementClickable(findTestObject("1-OBJECTS TAREAS PRINCIPALES/Modulo Tarea Compensacion/Descargar Nomina Electronica/Page_SARA/span_Nomina Electronica"), 0): Object 'Object Repository/1-OBJECTS TAREAS PRINCIPALES/Modulo Tarea Compensacion/Descargar Nomina Electronica/Page_SARA/span_Nomina Electronica' is clickable

2023-04-10 09:06:55 - [MESSAGE][WARNING] - Timeout '0' is invalid. Using default page load timeout: '37'

2023-04-10 09:06:56 - [MESSAGE][PASSED] - Object 'Object Repository/1-OBJECTS TAREAS PRINCIPALES/Modulo Tarea Compensacion/Descargar Nomina Electronica/Page_SARA/span_Nomina Electronica' is clickable

2023-04-10 09:06:56 - [TEST_STEP][PASSED] - sendKeys(findTestObject("1-OBJECTS TAREAS PRINCIPALES/Modulo Tarea Compensacion/Descargar Nomina Electronica/Page_SARA/input_Nomina Electronica_form_templatej_idt24_input"), Keys.chord(ENTER)): Keys 'ENTER + ' sent to object: 'Object Repository/1-OBJECTS TAREAS PRINCIPALES/Modulo Tarea Compensacion/Descargar Nomina Electronica/Page_SARA/input_Nomina Electronica_form_templatej_idt24_input'

2023-04-10 09:06:57 - [MESSAGE][PASSED] - Keys 'ENTER + ' sent to object: 'Object Repository/1-OBJECTS TAREAS PRINCIPALES/Modulo Tarea Compensacion/Descargar Nomina Electronica/Page_SARA/input_Nomina Electronica_form_templatej_idt24_input'

2023-04-10 09:06:57 - [TEST_STEP][PASSED] - setText(findTestObject("1-OBJECTS TAREAS PRINCIPALES/Modulo Tarea Compensacion/Descargar Nomina Electronica/input_Fecha Corte_listado_nominaelectronicaj_idt72"), "2021"): Text '2021' is set on object 'Object Repository/1-OBJECTS TAREAS PRINCIPALES/Modulo Tarea Compensacion/Descargar Nomina Electronica/input_Fecha Corte_listado_nominaelectronicaj_idt72'

2023-04-10 09:06:58 - [MESSAGE][PASSED] - Text '2021' is set on object 'Object Repository/1-OBJECTS TAREAS PRINCIPALES/Modulo Tarea Compensacion/Descargar Nomina Electronica/input_Fecha Corte_listado_nominaelectronicaj_idt72'

2023-04-10 09:06:58 - [TEST_STEP][PASSED] - sendKeys(findTestObject("1-OBJECTS TAREAS PRINCIPALES/Modulo Tarea Compensacion/Descargar Nomina Electronica/input_Fecha Corte_listado_nominaelectronicaj_idt72"), Keys.chord(ENTER)): Keys 'ENTER + ' sent to object: 'Object Repository/1-OBJECTS TAREAS PRINCIPALES/Modulo Tarea Compensacion/Descargar Nomina Electronica/input_Fecha Corte_listado_nominaelectronicaj_idt72'

2023-04-10 09:06:59 - [MESSAGE][PASSED] - Keys 'ENTER + ' sent to object: 'Object Repository/1-OBJECTS TAREAS PRINCIPALES/Modulo Tarea Compensacion/Descargar Nomina Electronica/input_Fecha Corte_listado_nominaelectronicaj_idt72'

2023-04-10 09:06:59 - [TEST_STEP][PASSED] - click(findTestObject("1-OBJECTS TAREAS PRINCIPALES/Modulo Tarea Compensacion/Descargar Nomina Electronica/td_Con inconsistencia")): Object: 'Object Repository/1-OBJECTS TAREAS PRINCIPALES/Modulo Tarea Compensacion/Descargar Nomina Electronica/td_Con inconsistencia' is clicked on

2023-04-10 09:06:59 - [MESSAGE][PASSED] - Object: 'Object Repository/1-OBJECTS TAREAS PRINCIPALES/Modulo Tarea Compensacion/Descargar Nomina Electronica/td_Con inconsistencia' is clicked on

2023-04-10 09:06:59 - [TEST_STEP][PASSED] - setText(findTestObject("1-OBJECTS TAREAS PRINCIPALES/Modulo Tarea Compensacion/Descargar Nomina Electronica/input_Operador_j_idt96j_idt127"), "MENDOZA 2727"): Text 'MENDOZA 2727' is set on object 'Object Repository/1-OBJECTS TAREAS PRINCIPALES/Modulo Tarea Compensacion/Descargar Nomina Electronica/input_Operador_j_idt96j_idt127'

2023-04-10 09:07:00 - [MESSAGE][PASSED] - Text 'MENDOZA 2727' is set on object 'Object Repository/1-OBJECTS TAREAS PRINCIPALES/Modulo Tarea Compensacion/Descargar Nomina Electronica/input_Operador_j_idt96j_idt127'

2023-04-10 09:07:00 - [TEST_STEP][PASSED] - sendKeys(findTestObject("1-OBJECTS TAREAS PRINCIPALES/Modulo Tarea Compensacion/Descargar Nomina Electronica/input_Operador_j_idt96j_idt127"), Keys.chord(ENTER)): Keys 'ENTER + ' sent to object: 'Object Repository/1-OBJECTS TAREAS PRINCIPALES/Modulo Tarea Compensacion/Descargar Nomina Electronica/input_Operador_j_idt96j_idt127'

2023-04-10 09:07:01 - [MESSAGE][PASSED] - Keys 'ENTER + ' sent to object: 'Object Repository/1-OBJECTS TAREAS PRINCIPALES/Modulo Tarea Compensacion/Descargar Nomina Electronica/input_Operador_j_idt96j_idt127'

2023-04-10 09:07:01 - [TEST_STEP][PASSED] - if (waitForElementClickable(findTestObject("1-OBJECTS TAREAS PRINCIPALES/Modulo Tarea Compensacion/Descargar Nomina Electronica/Page_SARA/span_Mendoza 2727 Empleado"), 1)): null

2023-04-10 09:07:02 - [MESSAGE][PASSED] - Object 'Object Repository/1-OBJECTS TAREAS PRINCIPALES/Modulo Tarea Compensacion/Descargar Nomina Electronica/Page_SARA/span_Mendoza 2727 Empleado' is clickable

2023-04-10 09:07:02 - [TEST_STEP][PASSED] - click(findTestObject("1-OBJECTS TAREAS PRINCIPALES/Modulo Tarea Compensacion/Descargar Nomina Electronica/Page_SARA/span_Mendoza 2727 Empleado")): Object: 'Object Repository/1-OBJECTS TAREAS PRINCIPALES/Modulo Tarea Compensacion/Descargar Nomina Electronica/Page_SARA/span_Mendoza 2727 Empleado' is clicked on

2023-04-10 09:07:02 - [MESSAGE][PASSED] - Object: 'Object Repository/1-OBJECTS TAREAS PRINCIPALES/Modulo Tarea Compensacion/Descargar Nomina Electronica/Page_SARA/span_Mendoza 2727 Empleado' is clicked on

2023-04-10 09:07:02 - [TEST_STEP][PASSED] - click(findTestObject("1-OBJECTS TAREAS PRINCIPALES/Modulo Tarea Compensacion/Descargar Nomina Electronica/Page_SARA/a_Descargar1")): Object: 'Object Repository/1-OBJECTS TAREAS PRINCIPALES/Modulo Tarea Compensacion/Descargar Nomina Electronica/Page_SARA/a_Descargar1' is clicked on

2023-04-10 09:07:03 - [MESSAGE][PASSED] - Object: 'Object Repository/1-OBJECTS TAREAS PRINCIPALES/Modulo Tarea Compensacion/Descargar Nomina Electronica/Page_SARA/a_Descargar1' is clicked on

2023-04-10 09:07:03 - [TEST_STEP][PASSED] - waitForElementClickable(findTestObject("1-OBJECTS TAREAS PRINCIPALES/Modulo Tarea Compensacion/Descargar Nomina Electronica/Page_SARA/span_Si"), 0): Object 'Object Repository/1-OBJECTS TAREAS PRINCIPALES/Modulo Tarea Compensacion/Descargar Nomina Electronica/Page_SARA/span_Si' is clickable

2023-04-10 09:07:03 - [MESSAGE][WARNING] - Timeout '0' is invalid. Using default page load timeout: '37'

2023-04-10 09:07:03 - [MESSAGE][PASSED] - Object 'Object Repository/1-OBJECTS TAREAS PRINCIPALES/Modulo Tarea Compensacion/Descargar Nomina Electronica/Page_SARA/span_Si' is clickable

2023-04-10 09:07:03 - [TEST_STEP][PASSED] - click(findTestObject("1-OBJECTS TAREAS PRINCIPALES/Modulo Tarea Compensacion/Descargar Nomina Electronica/Page_SARA/span_Si")): Object: 'Object Repository/1-OBJECTS TAREAS PRINCIPALES/Modulo Tarea Compensacion/Descargar Nomina Electronica/Page_SARA/span_Si' is clicked on

2023-04-10 09:07:03 - [MESSAGE][PASSED] - Object: 'Object Repository/1-OBJECTS TAREAS PRINCIPALES/Modulo Tarea Compensacion/Descargar Nomina Electronica/Page_SARA/span_Si' is clicked on

2023-04-10 09:07:03 - [TEST_STEP][PASSED] - waitForElementClickable(findTestObject("1-OBJECTS TAREAS PRINCIPALES/Modulo Tarea Compensacion/Descargar Nomina Electronica/Page_SARA/a_Descargar2"), 0): Object 'Object Repository/1-OBJECTS TAREAS PRINCIPALES/Modulo Tarea Compensacion/Descargar Nomina Electronica/Page_SARA/a_Descargar2' is clickable

2023-04-10 09:07:03 - [MESSAGE][WARNING] - Timeout '0' is invalid. Using default page load timeout: '37'

2023-04-10 09:07:05 - [MESSAGE][PASSED] - Object 'Object Repository/1-OBJECTS TAREAS PRINCIPALES/Modulo Tarea Compensacion/Descargar Nomina Electronica/Page_SARA/a_Descargar2' is clickable

2023-04-10 09:07:05 - [TEST_STEP][PASSED] - click(findTestObject("1-OBJECTS TAREAS PRINCIPALES/Modulo Tarea Compensacion/Descargar Nomina Electronica/Page_SARA/a_Descargar2")): Object: 'Object Repository/1-OBJECTS TAREAS PRINCIPALES/Modulo Tarea Compensacion/Descargar Nomina Electronica/Page_SARA/a_Descargar2' is clicked on

2023-04-10 09:07:06 - [MESSAGE][PASSED] - Object: 'Object Repository/1-OBJECTS TAREAS PRINCIPALES/Modulo Tarea Compensacion/Descargar Nomina Electronica/Page_SARA/a_Descargar2' is clicked on

2023-04-10 09:07:06 - [TEST_STEP][PASSED] - click(findTestObject("1-OBJECTS TAREAS PRINCIPALES/Modulo Tarea Compensacion/Descargar Nomina Electronica/Page_SARA/a_Descargar2"), STOP_ON_FAILURE): Object: 'Object Repository/1-OBJECTS TAREAS PRINCIPALES/Modulo Tarea Compensacion/Descargar Nomina Electronica/Page_SARA/a_Descargar2' is clicked on

2023-04-10 09:07:08 - [MESSAGE][PASSED] - Object: 'Object Repository/1-OBJECTS TAREAS PRINCIPALES/Modulo Tarea Compensacion/Descargar Nomina Electronica/Page_SARA/a_Descargar2' is clicked on

2023-04-10 09:07:08 - [TEST_STEP][PASSED] - closeBrowser(): Browser is closed

2023-04-10 09:07:08 - [MESSAGE][PASSED] - Browser is closed]]></system-out>
         <system-err><![CDATA[]]></system-err>
      </testcase>
      <testcase name="Test Cases/1.1-Tareas Principales/1.5.8 Reversar Nomina Electronica" time="14.926" classname="Test Cases/1.1-Tareas Principales/1.5.8 Reversar Nomina Electronica" status="PASSED">
         <system-out><![CDATA[2023-04-10 09:07:08 - [TEST_CASE][PASSED] - Test Cases/1.1-Tareas Principales/1.5.8 Reversar Nomina Electronica: Test Cases/1.1-Tareas Principales/1.5.8 Reversar Nomina Electronica

2023-04-10 09:07:09 - [TEST_STEP][PASSED] - callTestCase(findTestCase("0.1-Login"), [:], STOP_ON_FAILURE): Call Test Case 'Test Cases/0.1-Login' successfully

2023-04-10 09:07:09 - [TEST_CASE][PASSED] - Test Cases/0.1-Login: Test Cases/0.1-Login

2023-04-10 09:07:09 - [TEST_STEP][PASSED] - openBrowser(""): Browser is opened with url: ''

2023-04-10 09:07:09 - [MESSAGE][INFO] - Starting 'Chrome' driver

2023-04-10 09:07:09 - [MESSAGE][INFO] - Action delay is set to 0 milliseconds

2023-04-10 09:07:10 - [MESSAGE][PASSED] - Browser is opened with url: ''

2023-04-10 09:07:10 - [TEST_STEP][PASSED] - maximizeWindow(): Current window maximized

2023-04-10 09:07:10 - [MESSAGE][PASSED] - Current window maximized

2023-04-10 09:07:10 - [TEST_STEP][PASSED] - i = G_Login: null

2023-04-10 09:07:10 - [TEST_STEP][PASSED] - url = new java.net.URL(i): null

2023-04-10 09:07:10 - [TEST_STEP][PASSED] - println("URL: " + url.toString()): null

2023-04-10 09:07:10 - [TEST_STEP][PASSED] - connection = url.openConnection(): null

2023-04-10 09:07:10 - [TEST_STEP][PASSED] - connection.setRequestMethod("GET"): null

2023-04-10 09:07:10 - [TEST_STEP][PASSED] - connection.setReadTimeout(2 * 1000): null

2023-04-10 09:07:10 - [TEST_STEP][PASSED] - try: null

2023-04-10 09:07:10 - [TEST_STEP][PASSED] - connection.connect(): null

2023-04-10 09:07:10 - [TEST_STEP][PASSED] - flag = connected: null

2023-04-10 09:07:10 - [TEST_STEP][PASSED] - println("Valor_ori: " + flag): null

2023-04-10 09:07:10 - [TEST_STEP][PASSED] - if (flag): null

2023-04-10 09:07:10 - [TEST_STEP][PASSED] - navigateToUrl(i): Navigate to 'http://192.168.2.19:8380/saraweb' successfully

2023-04-10 09:07:11 - [MESSAGE][PASSED] - Navigate to 'http://192.168.2.19:8380/saraweb' successfully

2023-04-10 09:07:11 - [TEST_STEP][PASSED] - a(): null

2023-04-10 09:07:11 - [TEST_STEP][PASSED] - if (waitForElementVisible(findTestObject("3-OBJECTS UTILIDADES/Login/input_USUARIO_loginusuario"), 0)): null

2023-04-10 09:07:11 - [MESSAGE][WARNING] - Timeout '0' is invalid. Using default page load timeout: '37'

2023-04-10 09:07:11 - [MESSAGE][PASSED] - Object 'Object Repository/3-OBJECTS UTILIDADES/Login/input_USUARIO_loginusuario' is visible

2023-04-10 09:07:11 - [TEST_STEP][PASSED] - switchToWindowTitle("SARA"): Switched to window with title: 'SARA'

2023-04-10 09:07:11 - [MESSAGE][PASSED] - Switched to window with title: 'SARA'

2023-04-10 09:07:11 - [TEST_STEP][PASSED] - zoom(): null

2023-04-10 09:07:11 - [TEST_STEP][PASSED] - robot = new java.awt.Robot(): null

2023-04-10 09:07:11 - [TEST_STEP][PASSED] - robot.keyPress(VK_CONTROL): null

2023-04-10 09:07:11 - [TEST_STEP][PASSED] - robot.keyPress(VK_SUBTRACT): null

2023-04-10 09:07:11 - [TEST_STEP][PASSED] - robot.keyRelease(VK_CONTROL): null

2023-04-10 09:07:11 - [TEST_STEP][PASSED] - robot.keyRelease(VK_SUBTRACT): null

2023-04-10 09:07:11 - [TEST_STEP][PASSED] - robot.keyPress(VK_CONTROL): null

2023-04-10 09:07:11 - [TEST_STEP][PASSED] - robot.keyPress(VK_SUBTRACT): null

2023-04-10 09:07:11 - [TEST_STEP][PASSED] - robot.keyRelease(VK_CONTROL): null

2023-04-10 09:07:11 - [TEST_STEP][PASSED] - robot.keyRelease(VK_SUBTRACT): null

2023-04-10 09:07:11 - [TEST_STEP][PASSED] - robot.keyPress(VK_CONTROL): null

2023-04-10 09:07:11 - [TEST_STEP][PASSED] - robot.keyPress(VK_SUBTRACT): null

2023-04-10 09:07:11 - [TEST_STEP][PASSED] - robot.keyRelease(VK_CONTROL): null

2023-04-10 09:07:11 - [TEST_STEP][PASSED] - robot.keyRelease(VK_SUBTRACT): null

2023-04-10 09:07:11 - [TEST_STEP][PASSED] - robot.keyRelease(VK_CONTROL): null

2023-04-10 09:07:11 - [TEST_STEP][PASSED] - robot.keyRelease(VK_SUBTRACT): null

2023-04-10 09:07:11 - [TEST_STEP][PASSED] - setText(findTestObject("3-OBJECTS UTILIDADES/Login/input_USUARIO_loginusuario"), G_Usuario): Text 'saraadmin' is set on object 'Object Repository/3-OBJECTS UTILIDADES/Login/input_USUARIO_loginusuario'

2023-04-10 09:07:12 - [MESSAGE][PASSED] - Text 'saraadmin' is set on object 'Object Repository/3-OBJECTS UTILIDADES/Login/input_USUARIO_loginusuario'

2023-04-10 09:07:12 - [TEST_STEP][PASSED] - setEncryptedText(findTestObject("3-OBJECTS UTILIDADES/Login/input_CLAVE_loginpassword"), "SlAwMcyRKqrwbnzhAs8HhT6NnI7sEyng"): Text ****** has been set on object 'Object Repository/3-OBJECTS UTILIDADES/Login/input_CLAVE_loginpassword'

2023-04-10 09:07:14 - [MESSAGE][PASSED] - Text ****** has been set on object 'Object Repository/3-OBJECTS UTILIDADES/Login/input_CLAVE_loginpassword'

2023-04-10 09:07:14 - [TEST_STEP][PASSED] - while (waitForElementClickable(findTestObject("3-OBJECTS UTILIDADES/Login/a_Ingresar"), 1)): Web element with id: 'Object Repository/3-OBJECTS UTILIDADES/Login/a_Ingresar' located by '//a[contains(text(),'Ingresar')]' not found

2023-04-10 09:07:16 - [MESSAGE][INFO] - Unable to find the element located by 'By.xpath: //a[contains(text(),'Ingresar')]'. Please recheck the objects properties to make sure the desired element is located. 

2023-04-10 09:07:16 - [MESSAGE][WARNING] - Web element with id: 'Object Repository/3-OBJECTS UTILIDADES/Login/a_Ingresar' located by '//a[contains(text(),'Ingresar')]' not found

2023-04-10 09:07:16 - [MESSAGE][PASSED] - Call Test Case 'Test Cases/0.1-Login' successfully

2023-04-10 09:07:16 - [TEST_STEP][PASSED] - waitForElementClickable(findTestObject("1-OBJECTS TAREAS PRINCIPALES/Modulo Tarea Compensacion/Reversar Nomina Electronica/Page_SARA/input_Nomina Electronica_form_templatej_idt24_input"), 0): Object 'Object Repository/1-OBJECTS TAREAS PRINCIPALES/Modulo Tarea Compensacion/Reversar Nomina Electronica/Page_SARA/input_Nomina Electronica_form_templatej_idt24_input' is clickable

2023-04-10 09:07:16 - [MESSAGE][WARNING] - Timeout '0' is invalid. Using default page load timeout: '37'

2023-04-10 09:07:16 - [MESSAGE][PASSED] - Object 'Object Repository/1-OBJECTS TAREAS PRINCIPALES/Modulo Tarea Compensacion/Reversar Nomina Electronica/Page_SARA/input_Nomina Electronica_form_templatej_idt24_input' is clickable

2023-04-10 09:07:16 - [TEST_STEP][PASSED] - setText(findTestObject("1-OBJECTS TAREAS PRINCIPALES/Modulo Tarea Compensacion/Reversar Nomina Electronica/Page_SARA/input_Nomina Electronica_form_templatej_idt24_input"), "Nomina Electronica"): Text 'Nomina Electronica' is set on object 'Object Repository/1-OBJECTS TAREAS PRINCIPALES/Modulo Tarea Compensacion/Reversar Nomina Electronica/Page_SARA/input_Nomina Electronica_form_templatej_idt24_input'

2023-04-10 09:07:17 - [MESSAGE][PASSED] - Text 'Nomina Electronica' is set on object 'Object Repository/1-OBJECTS TAREAS PRINCIPALES/Modulo Tarea Compensacion/Reversar Nomina Electronica/Page_SARA/input_Nomina Electronica_form_templatej_idt24_input'

2023-04-10 09:07:17 - [TEST_STEP][PASSED] - waitForElementClickable(findTestObject("1-OBJECTS TAREAS PRINCIPALES/Modulo Tarea Compensacion/Reversar Nomina Electronica/Page_SARA/span_Nomina Electronica"), 0): Object 'Object Repository/1-OBJECTS TAREAS PRINCIPALES/Modulo Tarea Compensacion/Reversar Nomina Electronica/Page_SARA/span_Nomina Electronica' is clickable

2023-04-10 09:07:17 - [MESSAGE][WARNING] - Timeout '0' is invalid. Using default page load timeout: '37'

2023-04-10 09:07:18 - [MESSAGE][PASSED] - Object 'Object Repository/1-OBJECTS TAREAS PRINCIPALES/Modulo Tarea Compensacion/Reversar Nomina Electronica/Page_SARA/span_Nomina Electronica' is clickable

2023-04-10 09:07:18 - [TEST_STEP][PASSED] - sendKeys(findTestObject("1-OBJECTS TAREAS PRINCIPALES/Modulo Tarea Compensacion/Reversar Nomina Electronica/Page_SARA/input_Nomina Electronica_form_templatej_idt24_input"), Keys.chord(ENTER)): Keys 'ENTER + ' sent to object: 'Object Repository/1-OBJECTS TAREAS PRINCIPALES/Modulo Tarea Compensacion/Reversar Nomina Electronica/Page_SARA/input_Nomina Electronica_form_templatej_idt24_input'

2023-04-10 09:07:19 - [MESSAGE][PASSED] - Keys 'ENTER + ' sent to object: 'Object Repository/1-OBJECTS TAREAS PRINCIPALES/Modulo Tarea Compensacion/Reversar Nomina Electronica/Page_SARA/input_Nomina Electronica_form_templatej_idt24_input'

2023-04-10 09:07:19 - [TEST_STEP][PASSED] - setText(findTestObject("1-OBJECTS TAREAS PRINCIPALES/Modulo Tarea Compensacion/Reversar Nomina Electronica/input_Fecha Corte_listado_nominaelectronicaj_idt72"), "2021"): Text '2021' is set on object 'Object Repository/1-OBJECTS TAREAS PRINCIPALES/Modulo Tarea Compensacion/Reversar Nomina Electronica/input_Fecha Corte_listado_nominaelectronicaj_idt72'

2023-04-10 09:07:20 - [MESSAGE][PASSED] - Text '2021' is set on object 'Object Repository/1-OBJECTS TAREAS PRINCIPALES/Modulo Tarea Compensacion/Reversar Nomina Electronica/input_Fecha Corte_listado_nominaelectronicaj_idt72'

2023-04-10 09:07:20 - [TEST_STEP][PASSED] - sendKeys(findTestObject("1-OBJECTS TAREAS PRINCIPALES/Modulo Tarea Compensacion/Reversar Nomina Electronica/input_Fecha Corte_listado_nominaelectronicaj_idt72"), Keys.chord(ENTER)): Keys 'ENTER + ' sent to object: 'Object Repository/1-OBJECTS TAREAS PRINCIPALES/Modulo Tarea Compensacion/Reversar Nomina Electronica/input_Fecha Corte_listado_nominaelectronicaj_idt72'

2023-04-10 09:07:20 - [MESSAGE][PASSED] - Keys 'ENTER + ' sent to object: 'Object Repository/1-OBJECTS TAREAS PRINCIPALES/Modulo Tarea Compensacion/Reversar Nomina Electronica/input_Fecha Corte_listado_nominaelectronicaj_idt72'

2023-04-10 09:07:20 - [TEST_STEP][PASSED] - waitForElementClickable(findTestObject("1-OBJECTS TAREAS PRINCIPALES/Modulo Tarea Compensacion/Reversar Nomina Electronica/Page_SARA/td_2021-07-01"), 0): Object 'Object Repository/1-OBJECTS TAREAS PRINCIPALES/Modulo Tarea Compensacion/Reversar Nomina Electronica/Page_SARA/td_2021-07-01' is clickable

2023-04-10 09:07:20 - [MESSAGE][WARNING] - Timeout '0' is invalid. Using default page load timeout: '37'

2023-04-10 09:07:21 - [MESSAGE][PASSED] - Object 'Object Repository/1-OBJECTS TAREAS PRINCIPALES/Modulo Tarea Compensacion/Reversar Nomina Electronica/Page_SARA/td_2021-07-01' is clickable

2023-04-10 09:07:21 - [TEST_STEP][PASSED] - click(findTestObject("1-OBJECTS TAREAS PRINCIPALES/Modulo Tarea Compensacion/Reversar Nomina Electronica/Page_SARA/td_2021-07-01")): Object: 'Object Repository/1-OBJECTS TAREAS PRINCIPALES/Modulo Tarea Compensacion/Reversar Nomina Electronica/Page_SARA/td_2021-07-01' is clicked on

2023-04-10 09:07:21 - [MESSAGE][PASSED] - Object: 'Object Repository/1-OBJECTS TAREAS PRINCIPALES/Modulo Tarea Compensacion/Reversar Nomina Electronica/Page_SARA/td_2021-07-01' is clicked on

2023-04-10 09:07:21 - [TEST_STEP][PASSED] - click(findTestObject("1-OBJECTS TAREAS PRINCIPALES/Modulo Tarea Compensacion/Reversar Nomina Electronica/Page_SARA/a_reversar")): Object: 'Object Repository/1-OBJECTS TAREAS PRINCIPALES/Modulo Tarea Compensacion/Reversar Nomina Electronica/Page_SARA/a_reversar' is clicked on

2023-04-10 09:07:22 - [MESSAGE][PASSED] - Object: 'Object Repository/1-OBJECTS TAREAS PRINCIPALES/Modulo Tarea Compensacion/Reversar Nomina Electronica/Page_SARA/a_reversar' is clicked on

2023-04-10 09:07:22 - [TEST_STEP][PASSED] - click(findTestObject("1-OBJECTS TAREAS PRINCIPALES/Modulo Tarea Compensacion/Reversar Nomina Electronica/Page_SARA/span_Si")): Object: 'Object Repository/1-OBJECTS TAREAS PRINCIPALES/Modulo Tarea Compensacion/Reversar Nomina Electronica/Page_SARA/span_Si' is clicked on

2023-04-10 09:07:23 - [MESSAGE][PASSED] - Object: 'Object Repository/1-OBJECTS TAREAS PRINCIPALES/Modulo Tarea Compensacion/Reversar Nomina Electronica/Page_SARA/span_Si' is clicked on

2023-04-10 09:07:23 - [TEST_STEP][PASSED] - closeBrowser(): Browser is closed

2023-04-10 09:07:23 - [MESSAGE][PASSED] - Browser is closed]]></system-out>
         <system-err><![CDATA[]]></system-err>
      </testcase>
      <testcase name="Test Cases/1.1-Tareas Principales/1.5.9 Crear Viáticos" time="74.641" classname="Test Cases/1.1-Tareas Principales/1.5.9 Crear Viáticos" status="PASSED">
         <system-out><![CDATA[2023-04-10 09:07:23 - [TEST_CASE][PASSED] - Test Cases/1.1-Tareas Principales/1.5.9 Crear Viáticos: Test Cases/1.1-Tareas Principales/1.5.9 Crear Viáticos

2023-04-10 09:07:24 - [TEST_STEP][PASSED] - callTestCase(findTestCase("0.1-Login"), [:], STOP_ON_FAILURE): Call Test Case 'Test Cases/0.1-Login' successfully

2023-04-10 09:07:24 - [TEST_CASE][PASSED] - Test Cases/0.1-Login: Test Cases/0.1-Login

2023-04-10 09:07:24 - [TEST_STEP][PASSED] - openBrowser(""): Browser is opened with url: ''

2023-04-10 09:07:24 - [MESSAGE][INFO] - Starting 'Chrome' driver

2023-04-10 09:07:24 - [MESSAGE][INFO] - Action delay is set to 0 milliseconds

2023-04-10 09:07:25 - [MESSAGE][PASSED] - Browser is opened with url: ''

2023-04-10 09:07:25 - [TEST_STEP][PASSED] - maximizeWindow(): Current window maximized

2023-04-10 09:07:25 - [MESSAGE][PASSED] - Current window maximized

2023-04-10 09:07:25 - [TEST_STEP][PASSED] - i = G_Login: null

2023-04-10 09:07:25 - [TEST_STEP][PASSED] - url = new java.net.URL(i): null

2023-04-10 09:07:25 - [TEST_STEP][PASSED] - println("URL: " + url.toString()): null

2023-04-10 09:07:25 - [TEST_STEP][PASSED] - connection = url.openConnection(): null

2023-04-10 09:07:25 - [TEST_STEP][PASSED] - connection.setRequestMethod("GET"): null

2023-04-10 09:07:25 - [TEST_STEP][PASSED] - connection.setReadTimeout(2 * 1000): null

2023-04-10 09:07:25 - [TEST_STEP][PASSED] - try: null

2023-04-10 09:07:25 - [TEST_STEP][PASSED] - connection.connect(): null

2023-04-10 09:07:25 - [TEST_STEP][PASSED] - flag = connected: null

2023-04-10 09:07:25 - [TEST_STEP][PASSED] - println("Valor_ori: " + flag): null

2023-04-10 09:07:25 - [TEST_STEP][PASSED] - if (flag): null

2023-04-10 09:07:25 - [TEST_STEP][PASSED] - navigateToUrl(i): Navigate to 'http://192.168.2.19:8380/saraweb' successfully

2023-04-10 09:07:26 - [MESSAGE][PASSED] - Navigate to 'http://192.168.2.19:8380/saraweb' successfully

2023-04-10 09:07:26 - [TEST_STEP][PASSED] - a(): null

2023-04-10 09:07:26 - [TEST_STEP][PASSED] - if (waitForElementVisible(findTestObject("3-OBJECTS UTILIDADES/Login/input_USUARIO_loginusuario"), 0)): null

2023-04-10 09:07:26 - [MESSAGE][WARNING] - Timeout '0' is invalid. Using default page load timeout: '37'

2023-04-10 09:07:26 - [MESSAGE][PASSED] - Object 'Object Repository/3-OBJECTS UTILIDADES/Login/input_USUARIO_loginusuario' is visible

2023-04-10 09:07:26 - [TEST_STEP][PASSED] - switchToWindowTitle("SARA"): Switched to window with title: 'SARA'

2023-04-10 09:07:26 - [MESSAGE][PASSED] - Switched to window with title: 'SARA'

2023-04-10 09:07:26 - [TEST_STEP][PASSED] - zoom(): null

2023-04-10 09:07:26 - [TEST_STEP][PASSED] - robot = new java.awt.Robot(): null

2023-04-10 09:07:26 - [TEST_STEP][PASSED] - robot.keyPress(VK_CONTROL): null

2023-04-10 09:07:26 - [TEST_STEP][PASSED] - robot.keyPress(VK_SUBTRACT): null

2023-04-10 09:07:26 - [TEST_STEP][PASSED] - robot.keyRelease(VK_CONTROL): null

2023-04-10 09:07:26 - [TEST_STEP][PASSED] - robot.keyRelease(VK_SUBTRACT): null

2023-04-10 09:07:26 - [TEST_STEP][PASSED] - robot.keyPress(VK_CONTROL): null

2023-04-10 09:07:26 - [TEST_STEP][PASSED] - robot.keyPress(VK_SUBTRACT): null

2023-04-10 09:07:26 - [TEST_STEP][PASSED] - robot.keyRelease(VK_CONTROL): null

2023-04-10 09:07:26 - [TEST_STEP][PASSED] - robot.keyRelease(VK_SUBTRACT): null

2023-04-10 09:07:26 - [TEST_STEP][PASSED] - robot.keyPress(VK_CONTROL): null

2023-04-10 09:07:26 - [TEST_STEP][PASSED] - robot.keyPress(VK_SUBTRACT): null

2023-04-10 09:07:26 - [TEST_STEP][PASSED] - robot.keyRelease(VK_CONTROL): null

2023-04-10 09:07:26 - [TEST_STEP][PASSED] - robot.keyRelease(VK_SUBTRACT): null

2023-04-10 09:07:26 - [TEST_STEP][PASSED] - robot.keyRelease(VK_CONTROL): null

2023-04-10 09:07:26 - [TEST_STEP][PASSED] - robot.keyRelease(VK_SUBTRACT): null

2023-04-10 09:07:26 - [TEST_STEP][PASSED] - setText(findTestObject("3-OBJECTS UTILIDADES/Login/input_USUARIO_loginusuario"), G_Usuario): Text 'saraadmin' is set on object 'Object Repository/3-OBJECTS UTILIDADES/Login/input_USUARIO_loginusuario'

2023-04-10 09:07:27 - [MESSAGE][PASSED] - Text 'saraadmin' is set on object 'Object Repository/3-OBJECTS UTILIDADES/Login/input_USUARIO_loginusuario'

2023-04-10 09:07:27 - [TEST_STEP][PASSED] - setEncryptedText(findTestObject("3-OBJECTS UTILIDADES/Login/input_CLAVE_loginpassword"), "SlAwMcyRKqrwbnzhAs8HhT6NnI7sEyng"): Text ****** has been set on object 'Object Repository/3-OBJECTS UTILIDADES/Login/input_CLAVE_loginpassword'

2023-04-10 09:07:28 - [MESSAGE][PASSED] - Text ****** has been set on object 'Object Repository/3-OBJECTS UTILIDADES/Login/input_CLAVE_loginpassword'

2023-04-10 09:07:28 - [TEST_STEP][PASSED] - while (waitForElementClickable(findTestObject("3-OBJECTS UTILIDADES/Login/a_Ingresar"), 1)): Web element with id: 'Object Repository/3-OBJECTS UTILIDADES/Login/a_Ingresar' located by '//a[contains(text(),'Ingresar')]' not found

2023-04-10 09:07:30 - [MESSAGE][INFO] - Unable to find the element located by 'By.xpath: //a[contains(text(),'Ingresar')]'. Please recheck the objects properties to make sure the desired element is located. 

2023-04-10 09:07:30 - [MESSAGE][WARNING] - Web element with id: 'Object Repository/3-OBJECTS UTILIDADES/Login/a_Ingresar' located by '//a[contains(text(),'Ingresar')]' not found

2023-04-10 09:07:30 - [MESSAGE][PASSED] - Call Test Case 'Test Cases/0.1-Login' successfully

2023-04-10 09:07:30 - [TEST_STEP][PASSED] - waitForElementVisible(findTestObject("1-OBJECTS TAREAS PRINCIPALES/Modulo Actos Administrativos/Modulo Viáticos/Crear viatico/Page_SARA/input_ADMINISTRADOR DEL SISTEMA - SARA_form_templatej_idt24_input"), 0): Object 'Object Repository/1-OBJECTS TAREAS PRINCIPALES/Modulo Actos Administrativos/Modulo Viáticos/Crear viatico/Page_SARA/input_ADMINISTRADOR DEL SISTEMA - SARA_form_templatej_idt24_input' is visible

2023-04-10 09:07:30 - [MESSAGE][WARNING] - Timeout '0' is invalid. Using default page load timeout: '37'

2023-04-10 09:07:30 - [MESSAGE][PASSED] - Object 'Object Repository/1-OBJECTS TAREAS PRINCIPALES/Modulo Actos Administrativos/Modulo Viáticos/Crear viatico/Page_SARA/input_ADMINISTRADOR DEL SISTEMA - SARA_form_templatej_idt24_input' is visible

2023-04-10 09:07:30 - [TEST_STEP][PASSED] - setText(findTestObject("1-OBJECTS TAREAS PRINCIPALES/Modulo Actos Administrativos/Modulo Viáticos/Crear viatico/Page_SARA/input_ADMINISTRADOR DEL SISTEMA - SARA_form_templatej_idt24_input"), "listado de viaticos"): Text 'listado de viaticos' is set on object 'Object Repository/1-OBJECTS TAREAS PRINCIPALES/Modulo Actos Administrativos/Modulo Viáticos/Crear viatico/Page_SARA/input_ADMINISTRADOR DEL SISTEMA - SARA_form_templatej_idt24_input'

2023-04-10 09:07:31 - [MESSAGE][PASSED] - Text 'listado de viaticos' is set on object 'Object Repository/1-OBJECTS TAREAS PRINCIPALES/Modulo Actos Administrativos/Modulo Viáticos/Crear viatico/Page_SARA/input_ADMINISTRADOR DEL SISTEMA - SARA_form_templatej_idt24_input'

2023-04-10 09:07:31 - [TEST_STEP][PASSED] - waitForElementClickable(findTestObject("1-OBJECTS TAREAS PRINCIPALES/Modulo Actos Administrativos/Modulo Viáticos/Crear viatico/Page_SARA/li_Listado de Viaticos (act)"), 0): Object 'Object Repository/1-OBJECTS TAREAS PRINCIPALES/Modulo Actos Administrativos/Modulo Viáticos/Crear viatico/Page_SARA/li_Listado de Viaticos (act)' is clickable

2023-04-10 09:07:31 - [MESSAGE][WARNING] - Timeout '0' is invalid. Using default page load timeout: '37'

2023-04-10 09:07:33 - [MESSAGE][PASSED] - Object 'Object Repository/1-OBJECTS TAREAS PRINCIPALES/Modulo Actos Administrativos/Modulo Viáticos/Crear viatico/Page_SARA/li_Listado de Viaticos (act)' is clickable

2023-04-10 09:07:33 - [TEST_STEP][PASSED] - sendKeys(findTestObject("1-OBJECTS TAREAS PRINCIPALES/Modulo Actos Administrativos/Modulo Viáticos/Crear viatico/Page_SARA/input_ADMINISTRADOR DEL SISTEMA - SARA_form_templatej_idt24_input"), Keys.chord(ENTER)): Keys 'ENTER + ' sent to object: 'Object Repository/1-OBJECTS TAREAS PRINCIPALES/Modulo Actos Administrativos/Modulo Viáticos/Crear viatico/Page_SARA/input_ADMINISTRADOR DEL SISTEMA - SARA_form_templatej_idt24_input'

2023-04-10 09:07:33 - [MESSAGE][PASSED] - Keys 'ENTER + ' sent to object: 'Object Repository/1-OBJECTS TAREAS PRINCIPALES/Modulo Actos Administrativos/Modulo Viáticos/Crear viatico/Page_SARA/input_ADMINISTRADOR DEL SISTEMA - SARA_form_templatej_idt24_input'

2023-04-10 09:07:33 - [TEST_STEP][PASSED] - setText(findTestObject("1-OBJECTS TAREAS PRINCIPALES/Modulo Actos Administrativos/Modulo Viáticos/Crear viatico/input_Ao_form_listadoviaticosanio"), "2021"): Text '2021' is set on object 'Object Repository/1-OBJECTS TAREAS PRINCIPALES/Modulo Actos Administrativos/Modulo Viáticos/Crear viatico/input_Ao_form_listadoviaticosanio'

2023-04-10 09:07:36 - [MESSAGE][PASSED] - Text '2021' is set on object 'Object Repository/1-OBJECTS TAREAS PRINCIPALES/Modulo Actos Administrativos/Modulo Viáticos/Crear viatico/input_Ao_form_listadoviaticosanio'

2023-04-10 09:07:36 - [TEST_STEP][PASSED] - sendKeys(findTestObject("1-OBJECTS TAREAS PRINCIPALES/Modulo Actos Administrativos/Modulo Viáticos/Crear viatico/input_Ao_form_listadoviaticosanio"), Keys.chord(ENTER)): Keys 'ENTER + ' sent to object: 'Object Repository/1-OBJECTS TAREAS PRINCIPALES/Modulo Actos Administrativos/Modulo Viáticos/Crear viatico/input_Ao_form_listadoviaticosanio'

2023-04-10 09:07:36 - [MESSAGE][PASSED] - Keys 'ENTER + ' sent to object: 'Object Repository/1-OBJECTS TAREAS PRINCIPALES/Modulo Actos Administrativos/Modulo Viáticos/Crear viatico/input_Ao_form_listadoviaticosanio'

2023-04-10 09:07:36 - [TEST_STEP][PASSED] - click(findTestObject("1-OBJECTS TAREAS PRINCIPALES/Modulo Actos Administrativos/Modulo Viáticos/Crear viatico/a_Nuevo_modificar")): Object: 'Object Repository/1-OBJECTS TAREAS PRINCIPALES/Modulo Actos Administrativos/Modulo Viáticos/Crear viatico/a_Nuevo_modificar' is clicked on

2023-04-10 09:07:37 - [MESSAGE][PASSED] - Object: 'Object Repository/1-OBJECTS TAREAS PRINCIPALES/Modulo Actos Administrativos/Modulo Viáticos/Crear viatico/a_Nuevo_modificar' is clicked on

2023-04-10 09:07:37 - [TEST_STEP][PASSED] - click(findTestObject("1-OBJECTS TAREAS PRINCIPALES/Modulo Actos Administrativos/Modulo Viáticos/Crear viatico/span_Modificar una solicitud de vitico")): Object: 'Object Repository/1-OBJECTS TAREAS PRINCIPALES/Modulo Actos Administrativos/Modulo Viáticos/Crear viatico/span_Modificar una solicitud de vitico' is clicked on

2023-04-10 09:07:38 - [MESSAGE][PASSED] - Object: 'Object Repository/1-OBJECTS TAREAS PRINCIPALES/Modulo Actos Administrativos/Modulo Viáticos/Crear viatico/span_Modificar una solicitud de vitico' is clicked on

2023-04-10 09:07:38 - [TEST_STEP][PASSED] - setText(findTestObject("1-OBJECTS TAREAS PRINCIPALES/Modulo Actos Administrativos/Modulo Viáticos/Crear viatico/input_Documento_popupViaticoProgramadoFormfechaViat_input"), "01/07/2021"): Text '01/07/2021' is set on object 'Object Repository/1-OBJECTS TAREAS PRINCIPALES/Modulo Actos Administrativos/Modulo Viáticos/Crear viatico/input_Documento_popupViaticoProgramadoFormfechaViat_input'

2023-04-10 09:07:39 - [MESSAGE][PASSED] - Text '01/07/2021' is set on object 'Object Repository/1-OBJECTS TAREAS PRINCIPALES/Modulo Actos Administrativos/Modulo Viáticos/Crear viatico/input_Documento_popupViaticoProgramadoFormfechaViat_input'

2023-04-10 09:07:39 - [TEST_STEP][PASSED] - if (waitForElementVisible(findTestObject("1-OBJECTS TAREAS PRINCIPALES/Modulo Actos Administrativos/Modulo Viáticos/Crear viatico/td_Programada"), 1)): Web element with id: 'Object Repository/1-OBJECTS TAREAS PRINCIPALES/Modulo Actos Administrativos/Modulo Viáticos/Crear viatico/td_Programada' located by '(.//*[normalize-space(text()) and normalize-space(.)='Diaz Blanco Guisell'])[10]/following::td[1]' not found

2023-04-10 09:07:41 - [MESSAGE][INFO] - Unable to find the element located by 'By.xpath: (.//*[normalize-space(text()) and normalize-space(.)='Diaz Blanco Guisell'])[10]/following::td[1]'. Please recheck the objects properties to make sure the desired element is located. 

2023-04-10 09:07:41 - [MESSAGE][WARNING] - Web element with id: 'Object Repository/1-OBJECTS TAREAS PRINCIPALES/Modulo Actos Administrativos/Modulo Viáticos/Crear viatico/td_Programada' located by '(.//*[normalize-space(text()) and normalize-space(.)='Diaz Blanco Guisell'])[10]/following::td[1]' not found

2023-04-10 09:07:41 - [TEST_STEP][PASSED] - else: Object: 'Object Repository/1-OBJECTS TAREAS PRINCIPALES/Modulo Actos Administrativos/Modulo Viáticos/Crear viatico/span_Derogada_ui-icon ui-icon-closethick' is clicked on

2023-04-10 09:07:41 - [TEST_STEP][PASSED] - click(findTestObject("1-OBJECTS TAREAS PRINCIPALES/Modulo Actos Administrativos/Modulo Viáticos/Crear viatico/span_Derogada_ui-icon ui-icon-closethick")): Object: 'Object Repository/1-OBJECTS TAREAS PRINCIPALES/Modulo Actos Administrativos/Modulo Viáticos/Crear viatico/span_Derogada_ui-icon ui-icon-closethick' is clicked on

2023-04-10 09:07:42 - [MESSAGE][PASSED] - Object: 'Object Repository/1-OBJECTS TAREAS PRINCIPALES/Modulo Actos Administrativos/Modulo Viáticos/Crear viatico/span_Derogada_ui-icon ui-icon-closethick' is clicked on

2023-04-10 09:07:42 - [TEST_STEP][PASSED] - selectOptionByIndex(findTestObject("1-OBJECTS TAREAS PRINCIPALES/Modulo Actos Administrativos/Modulo Viáticos/Crear viatico/select_--Seleccione--Estado"), 2): All options with index in [2] are selected on object 'Object Repository/1-OBJECTS TAREAS PRINCIPALES/Modulo Actos Administrativos/Modulo Viáticos/Crear viatico/select_--Seleccione--Estado'

2023-04-10 09:07:43 - [MESSAGE][PASSED] - All options with index in [2] are selected on object 'Object Repository/1-OBJECTS TAREAS PRINCIPALES/Modulo Actos Administrativos/Modulo Viáticos/Crear viatico/select_--Seleccione--Estado'

2023-04-10 09:07:43 - [TEST_STEP][PASSED] - if (waitForElementClickable(findTestObject("1-OBJECTS TAREAS PRINCIPALES/Modulo Actos Administrativos/Modulo Viáticos/Crear viatico/span_01.07.2021"), 1)): Web element with id: 'Object Repository/1-OBJECTS TAREAS PRINCIPALES/Modulo Actos Administrativos/Modulo Viáticos/Crear viatico/span_01.07.2021' located by '//*/text()[normalize-space(.)='01/07/2021']/parent::*' not found

2023-04-10 09:07:45 - [MESSAGE][INFO] - Unable to find the element located by 'By.xpath: //*/text()[normalize-space(.)='01/07/2021']/parent::*'. Please recheck the objects properties to make sure the desired element is located. 

2023-04-10 09:07:45 - [MESSAGE][WARNING] - Web element with id: 'Object Repository/1-OBJECTS TAREAS PRINCIPALES/Modulo Actos Administrativos/Modulo Viáticos/Crear viatico/span_01.07.2021' located by '//*/text()[normalize-space(.)='01/07/2021']/parent::*' not found

2023-04-10 09:07:45 - [TEST_STEP][PASSED] - else: null

2023-04-10 09:07:45 - [TEST_STEP][PASSED] - click(findTestObject("1-OBJECTS TAREAS PRINCIPALES/Modulo Actos Administrativos/Modulo Viáticos/Crear viatico/Page_SARA/a_Nuevo")): Object: 'Object Repository/1-OBJECTS TAREAS PRINCIPALES/Modulo Actos Administrativos/Modulo Viáticos/Crear viatico/Page_SARA/a_Nuevo' is clicked on

2023-04-10 09:07:46 - [MESSAGE][PASSED] - Object: 'Object Repository/1-OBJECTS TAREAS PRINCIPALES/Modulo Actos Administrativos/Modulo Viáticos/Crear viatico/Page_SARA/a_Nuevo' is clicked on

2023-04-10 09:07:46 - [TEST_STEP][PASSED] - waitForElementClickable(findTestObject("1-OBJECTS TAREAS PRINCIPALES/Modulo Actos Administrativos/Modulo Viáticos/Crear viatico/Page_SARA/span_Creacin de una solicitud de vitico"), 0): Object 'Object Repository/1-OBJECTS TAREAS PRINCIPALES/Modulo Actos Administrativos/Modulo Viáticos/Crear viatico/Page_SARA/span_Creacin de una solicitud de vitico' is clickable

2023-04-10 09:07:46 - [MESSAGE][WARNING] - Timeout '0' is invalid. Using default page load timeout: '37'

2023-04-10 09:07:46 - [MESSAGE][PASSED] - Object 'Object Repository/1-OBJECTS TAREAS PRINCIPALES/Modulo Actos Administrativos/Modulo Viáticos/Crear viatico/Page_SARA/span_Creacin de una solicitud de vitico' is clickable

2023-04-10 09:07:46 - [TEST_STEP][PASSED] - doubleClick(findTestObject("1-OBJECTS TAREAS PRINCIPALES/Modulo Actos Administrativos/Modulo Viáticos/Crear viatico/Page_SARA/span_Creacin de una solicitud de vitico")): Object: 'Object Repository/1-OBJECTS TAREAS PRINCIPALES/Modulo Actos Administrativos/Modulo Viáticos/Crear viatico/Page_SARA/span_Creacin de una solicitud de vitico' is double clicked on

2023-04-10 09:07:47 - [MESSAGE][PASSED] - Object: 'Object Repository/1-OBJECTS TAREAS PRINCIPALES/Modulo Actos Administrativos/Modulo Viáticos/Crear viatico/Page_SARA/span_Creacin de una solicitud de vitico' is double clicked on

2023-04-10 09:07:47 - [TEST_STEP][PASSED] - setText(findTestObject("1-OBJECTS TAREAS PRINCIPALES/Modulo Actos Administrativos/Modulo Viáticos/Crear viatico/Page_SARA/input_Fecha_form_detalleviaticosFechaNumero_input"), "01/07/2021"): Text '01/07/2021' is set on object 'Object Repository/1-OBJECTS TAREAS PRINCIPALES/Modulo Actos Administrativos/Modulo Viáticos/Crear viatico/Page_SARA/input_Fecha_form_detalleviaticosFechaNumero_input'

2023-04-10 09:07:48 - [MESSAGE][PASSED] - Text '01/07/2021' is set on object 'Object Repository/1-OBJECTS TAREAS PRINCIPALES/Modulo Actos Administrativos/Modulo Viáticos/Crear viatico/Page_SARA/input_Fecha_form_detalleviaticosFechaNumero_input'

2023-04-10 09:07:48 - [TEST_STEP][PASSED] - setText(findTestObject("1-OBJECTS TAREAS PRINCIPALES/Modulo Actos Administrativos/Modulo Viáticos/Crear viatico/Page_SARA/input_Nmero_form_detalleviaticosNumero"), "5"): Text '5' is set on object 'Object Repository/1-OBJECTS TAREAS PRINCIPALES/Modulo Actos Administrativos/Modulo Viáticos/Crear viatico/Page_SARA/input_Nmero_form_detalleviaticosNumero'

2023-04-10 09:07:49 - [MESSAGE][PASSED] - Text '5' is set on object 'Object Repository/1-OBJECTS TAREAS PRINCIPALES/Modulo Actos Administrativos/Modulo Viáticos/Crear viatico/Page_SARA/input_Nmero_form_detalleviaticosNumero'

2023-04-10 09:07:49 - [TEST_STEP][PASSED] - sendKeys(findTestObject("1-OBJECTS TAREAS PRINCIPALES/Modulo Actos Administrativos/Modulo Viáticos/Crear viatico/Page_SARA/input_Fecha_form_detalleviaticosFechaNumero_input"), Keys.chord(ESCAPE)): Keys 'ESCAPE + ' sent to object: 'Object Repository/1-OBJECTS TAREAS PRINCIPALES/Modulo Actos Administrativos/Modulo Viáticos/Crear viatico/Page_SARA/input_Fecha_form_detalleviaticosFechaNumero_input'

2023-04-10 09:07:49 - [MESSAGE][PASSED] - Keys 'ESCAPE + ' sent to object: 'Object Repository/1-OBJECTS TAREAS PRINCIPALES/Modulo Actos Administrativos/Modulo Viáticos/Crear viatico/Page_SARA/input_Fecha_form_detalleviaticosFechaNumero_input'

2023-04-10 09:07:49 - [TEST_STEP][PASSED] - selectOptionByIndex(findTestObject("1-OBJECTS TAREAS PRINCIPALES/Modulo Actos Administrativos/Modulo Viáticos/Crear viatico/Page_SARA/select_--- Seleccione Destino --Barranquilla"), "3"): All options with index in [3] are selected on object 'Object Repository/1-OBJECTS TAREAS PRINCIPALES/Modulo Actos Administrativos/Modulo Viáticos/Crear viatico/Page_SARA/select_--- Seleccione Destino --Barranquilla'

2023-04-10 09:07:50 - [MESSAGE][PASSED] - All options with index in [3] are selected on object 'Object Repository/1-OBJECTS TAREAS PRINCIPALES/Modulo Actos Administrativos/Modulo Viáticos/Crear viatico/Page_SARA/select_--- Seleccione Destino --Barranquilla'

2023-04-10 09:07:50 - [TEST_STEP][PASSED] - waitForElementClickable(findTestObject("1-OBJECTS TAREAS PRINCIPALES/Modulo Actos Administrativos/Modulo Viáticos/Crear viatico/Page_SARA/select_-- Seleccione Tipo Comisin --ADMINISTRATIVO"), 0): Object 'Object Repository/1-OBJECTS TAREAS PRINCIPALES/Modulo Actos Administrativos/Modulo Viáticos/Crear viatico/Page_SARA/select_-- Seleccione Tipo Comisin --ADMINISTRATIVO' is clickable

2023-04-10 09:07:50 - [MESSAGE][WARNING] - Timeout '0' is invalid. Using default page load timeout: '37'

2023-04-10 09:07:50 - [MESSAGE][PASSED] - Object 'Object Repository/1-OBJECTS TAREAS PRINCIPALES/Modulo Actos Administrativos/Modulo Viáticos/Crear viatico/Page_SARA/select_-- Seleccione Tipo Comisin --ADMINISTRATIVO' is clickable

2023-04-10 09:07:50 - [TEST_STEP][PASSED] - selectOptionByIndex(findTestObject("1-OBJECTS TAREAS PRINCIPALES/Modulo Actos Administrativos/Modulo Viáticos/Crear viatico/Page_SARA/select_-- Seleccione Tipo Comisin --ADMINISTRATIVO"), "1"): All options with index in [1] are selected on object 'Object Repository/1-OBJECTS TAREAS PRINCIPALES/Modulo Actos Administrativos/Modulo Viáticos/Crear viatico/Page_SARA/select_-- Seleccione Tipo Comisin --ADMINISTRATIVO'

2023-04-10 09:07:51 - [MESSAGE][PASSED] - All options with index in [1] are selected on object 'Object Repository/1-OBJECTS TAREAS PRINCIPALES/Modulo Actos Administrativos/Modulo Viáticos/Crear viatico/Page_SARA/select_-- Seleccione Tipo Comisin --ADMINISTRATIVO'

2023-04-10 09:07:51 - [TEST_STEP][PASSED] - waitForElementClickable(findTestObject("1-OBJECTS TAREAS PRINCIPALES/Modulo Actos Administrativos/Modulo Viáticos/Crear viatico/Page_SARA/select_-- Seleccione Tipo Comisin --ADMINISTRATIVO"), 0): Object 'Object Repository/1-OBJECTS TAREAS PRINCIPALES/Modulo Actos Administrativos/Modulo Viáticos/Crear viatico/Page_SARA/select_-- Seleccione Tipo Comisin --ADMINISTRATIVO' is clickable

2023-04-10 09:07:51 - [MESSAGE][WARNING] - Timeout '0' is invalid. Using default page load timeout: '37'

2023-04-10 09:07:52 - [MESSAGE][PASSED] - Object 'Object Repository/1-OBJECTS TAREAS PRINCIPALES/Modulo Actos Administrativos/Modulo Viáticos/Crear viatico/Page_SARA/select_-- Seleccione Tipo Comisin --ADMINISTRATIVO' is clickable

2023-04-10 09:07:52 - [TEST_STEP][PASSED] - selectOptionByIndex(findTestObject("1-OBJECTS TAREAS PRINCIPALES/Modulo Actos Administrativos/Modulo Viáticos/Crear viatico/Page_SARA/select_--- Seleccione Ambito --NACIONAL 1"), "3"): All options with index in [3] are selected on object 'Object Repository/1-OBJECTS TAREAS PRINCIPALES/Modulo Actos Administrativos/Modulo Viáticos/Crear viatico/Page_SARA/select_--- Seleccione Ambito --NACIONAL 1'

2023-04-10 09:07:53 - [MESSAGE][PASSED] - All options with index in [3] are selected on object 'Object Repository/1-OBJECTS TAREAS PRINCIPALES/Modulo Actos Administrativos/Modulo Viáticos/Crear viatico/Page_SARA/select_--- Seleccione Ambito --NACIONAL 1'

2023-04-10 09:07:53 - [TEST_STEP][PASSED] - click(findTestObject("1-OBJECTS TAREAS PRINCIPALES/Modulo Actos Administrativos/Modulo Viáticos/Crear viatico/Page_SARA/a_Rubro_form_detalleviaticosj_idt1295")): Object: 'Object Repository/1-OBJECTS TAREAS PRINCIPALES/Modulo Actos Administrativos/Modulo Viáticos/Crear viatico/Page_SARA/a_Rubro_form_detalleviaticosj_idt1295' is clicked on

2023-04-10 09:07:53 - [MESSAGE][PASSED] - Object: 'Object Repository/1-OBJECTS TAREAS PRINCIPALES/Modulo Actos Administrativos/Modulo Viáticos/Crear viatico/Page_SARA/a_Rubro_form_detalleviaticosj_idt1295' is clicked on

2023-04-10 09:07:53 - [TEST_STEP][PASSED] - waitForElementClickable(findTestObject("1-OBJECTS TAREAS PRINCIPALES/Modulo Actos Administrativos/Modulo Viáticos/Crear viatico/Page_SARA/td_Prueba Plan Inversin"), 0): Object 'Object Repository/1-OBJECTS TAREAS PRINCIPALES/Modulo Actos Administrativos/Modulo Viáticos/Crear viatico/Page_SARA/td_Prueba Plan Inversin' is clickable

2023-04-10 09:07:53 - [MESSAGE][WARNING] - Timeout '0' is invalid. Using default page load timeout: '37'

2023-04-10 09:07:54 - [MESSAGE][PASSED] - Object 'Object Repository/1-OBJECTS TAREAS PRINCIPALES/Modulo Actos Administrativos/Modulo Viáticos/Crear viatico/Page_SARA/td_Prueba Plan Inversin' is clickable

2023-04-10 09:07:54 - [TEST_STEP][PASSED] - click(findTestObject("1-OBJECTS TAREAS PRINCIPALES/Modulo Actos Administrativos/Modulo Viáticos/Crear viatico/Page_SARA/td_Prueba Plan Inversin")): Object: 'Object Repository/1-OBJECTS TAREAS PRINCIPALES/Modulo Actos Administrativos/Modulo Viáticos/Crear viatico/Page_SARA/td_Prueba Plan Inversin' is clicked on

2023-04-10 09:07:55 - [MESSAGE][PASSED] - Object: 'Object Repository/1-OBJECTS TAREAS PRINCIPALES/Modulo Actos Administrativos/Modulo Viáticos/Crear viatico/Page_SARA/td_Prueba Plan Inversin' is clicked on

2023-04-10 09:07:55 - [TEST_STEP][PASSED] - click(findTestObject("1-OBJECTS TAREAS PRINCIPALES/Modulo Actos Administrativos/Modulo Viáticos/Crear viatico/Page_SARA/a_Unidad Solicita_form_detalleviaticosj_idt1299")): Object: 'Object Repository/1-OBJECTS TAREAS PRINCIPALES/Modulo Actos Administrativos/Modulo Viáticos/Crear viatico/Page_SARA/a_Unidad Solicita_form_detalleviaticosj_idt1299' is clicked on

2023-04-10 09:07:55 - [MESSAGE][PASSED] - Object: 'Object Repository/1-OBJECTS TAREAS PRINCIPALES/Modulo Actos Administrativos/Modulo Viáticos/Crear viatico/Page_SARA/a_Unidad Solicita_form_detalleviaticosj_idt1299' is clicked on

2023-04-10 09:07:55 - [TEST_STEP][PASSED] - waitForElementClickable(findTestObject("1-OBJECTS TAREAS PRINCIPALES/Modulo Actos Administrativos/Modulo Viáticos/Crear viatico/Page_SARA/input_Unidad_form_detalleviaticosj_idt1487"), 0): Object 'Object Repository/1-OBJECTS TAREAS PRINCIPALES/Modulo Actos Administrativos/Modulo Viáticos/Crear viatico/Page_SARA/input_Unidad_form_detalleviaticosj_idt1487' is clickable

2023-04-10 09:07:55 - [MESSAGE][WARNING] - Timeout '0' is invalid. Using default page load timeout: '37'

2023-04-10 09:07:56 - [MESSAGE][PASSED] - Object 'Object Repository/1-OBJECTS TAREAS PRINCIPALES/Modulo Actos Administrativos/Modulo Viáticos/Crear viatico/Page_SARA/input_Unidad_form_detalleviaticosj_idt1487' is clickable

2023-04-10 09:07:56 - [TEST_STEP][PASSED] - setText(findTestObject("1-OBJECTS TAREAS PRINCIPALES/Modulo Actos Administrativos/Modulo Viáticos/Crear viatico/Page_SARA/input_Unidad_form_detalleviaticosj_idt1487"), "A1"): Text 'A1' is set on object 'Object Repository/1-OBJECTS TAREAS PRINCIPALES/Modulo Actos Administrativos/Modulo Viáticos/Crear viatico/Page_SARA/input_Unidad_form_detalleviaticosj_idt1487'

2023-04-10 09:07:56 - [MESSAGE][PASSED] - Text 'A1' is set on object 'Object Repository/1-OBJECTS TAREAS PRINCIPALES/Modulo Actos Administrativos/Modulo Viáticos/Crear viatico/Page_SARA/input_Unidad_form_detalleviaticosj_idt1487'

2023-04-10 09:07:56 - [TEST_STEP][PASSED] - sendKeys(findTestObject("1-OBJECTS TAREAS PRINCIPALES/Modulo Actos Administrativos/Modulo Viáticos/Crear viatico/Page_SARA/input_Unidad_form_detalleviaticosj_idt1487"), Keys.chord(ENTER)): Keys 'ENTER + ' sent to object: 'Object Repository/1-OBJECTS TAREAS PRINCIPALES/Modulo Actos Administrativos/Modulo Viáticos/Crear viatico/Page_SARA/input_Unidad_form_detalleviaticosj_idt1487'

2023-04-10 09:07:57 - [MESSAGE][PASSED] - Keys 'ENTER + ' sent to object: 'Object Repository/1-OBJECTS TAREAS PRINCIPALES/Modulo Actos Administrativos/Modulo Viáticos/Crear viatico/Page_SARA/input_Unidad_form_detalleviaticosj_idt1487'

2023-04-10 09:07:57 - [TEST_STEP][PASSED] - waitForElementClickable(findTestObject("1-OBJECTS TAREAS PRINCIPALES/Modulo Actos Administrativos/Modulo Viáticos/Crear viatico/Page_SARA/span_ADMINISTRACION"), 0): Object 'Object Repository/1-OBJECTS TAREAS PRINCIPALES/Modulo Actos Administrativos/Modulo Viáticos/Crear viatico/Page_SARA/span_ADMINISTRACION' is clickable

2023-04-10 09:07:57 - [MESSAGE][WARNING] - Timeout '0' is invalid. Using default page load timeout: '37'

2023-04-10 09:07:58 - [MESSAGE][PASSED] - Object 'Object Repository/1-OBJECTS TAREAS PRINCIPALES/Modulo Actos Administrativos/Modulo Viáticos/Crear viatico/Page_SARA/span_ADMINISTRACION' is clickable

2023-04-10 09:07:58 - [TEST_STEP][PASSED] - click(findTestObject("1-OBJECTS TAREAS PRINCIPALES/Modulo Actos Administrativos/Modulo Viáticos/Crear viatico/Page_SARA/span_ADMINISTRACION")): Object: 'Object Repository/1-OBJECTS TAREAS PRINCIPALES/Modulo Actos Administrativos/Modulo Viáticos/Crear viatico/Page_SARA/span_ADMINISTRACION' is clicked on

2023-04-10 09:07:58 - [MESSAGE][PASSED] - Object: 'Object Repository/1-OBJECTS TAREAS PRINCIPALES/Modulo Actos Administrativos/Modulo Viáticos/Crear viatico/Page_SARA/span_ADMINISTRACION' is clicked on

2023-04-10 09:07:58 - [TEST_STEP][PASSED] - waitForElementClickable(findTestObject("1-OBJECTS TAREAS PRINCIPALES/Modulo Actos Administrativos/Modulo Viáticos/Crear viatico/Page_SARA/a_Centro Costo_form_detalleviaticosj_idt1307"), 0): Object 'Object Repository/1-OBJECTS TAREAS PRINCIPALES/Modulo Actos Administrativos/Modulo Viáticos/Crear viatico/Page_SARA/a_Centro Costo_form_detalleviaticosj_idt1307' is clickable

2023-04-10 09:07:58 - [MESSAGE][WARNING] - Timeout '0' is invalid. Using default page load timeout: '37'

2023-04-10 09:07:59 - [MESSAGE][PASSED] - Object 'Object Repository/1-OBJECTS TAREAS PRINCIPALES/Modulo Actos Administrativos/Modulo Viáticos/Crear viatico/Page_SARA/a_Centro Costo_form_detalleviaticosj_idt1307' is clickable

2023-04-10 09:07:59 - [TEST_STEP][PASSED] - click(findTestObject("1-OBJECTS TAREAS PRINCIPALES/Modulo Actos Administrativos/Modulo Viáticos/Crear viatico/Page_SARA/a_Centro Costo_form_detalleviaticosj_idt1307")): Object: 'Object Repository/1-OBJECTS TAREAS PRINCIPALES/Modulo Actos Administrativos/Modulo Viáticos/Crear viatico/Page_SARA/a_Centro Costo_form_detalleviaticosj_idt1307' is clicked on

2023-04-10 09:07:59 - [MESSAGE][PASSED] - Object: 'Object Repository/1-OBJECTS TAREAS PRINCIPALES/Modulo Actos Administrativos/Modulo Viáticos/Crear viatico/Page_SARA/a_Centro Costo_form_detalleviaticosj_idt1307' is clicked on

2023-04-10 09:07:59 - [TEST_STEP][PASSED] - waitForElementClickable(findTestObject("1-OBJECTS TAREAS PRINCIPALES/Modulo Actos Administrativos/Modulo Viáticos/Crear viatico/Page_SARA/span_Centro Costo de Prueba"), 0): Object 'Object Repository/1-OBJECTS TAREAS PRINCIPALES/Modulo Actos Administrativos/Modulo Viáticos/Crear viatico/Page_SARA/span_Centro Costo de Prueba' is clickable

2023-04-10 09:07:59 - [MESSAGE][WARNING] - Timeout '0' is invalid. Using default page load timeout: '37'

2023-04-10 09:08:00 - [MESSAGE][PASSED] - Object 'Object Repository/1-OBJECTS TAREAS PRINCIPALES/Modulo Actos Administrativos/Modulo Viáticos/Crear viatico/Page_SARA/span_Centro Costo de Prueba' is clickable

2023-04-10 09:08:00 - [TEST_STEP][PASSED] - click(findTestObject("1-OBJECTS TAREAS PRINCIPALES/Modulo Actos Administrativos/Modulo Viáticos/Crear viatico/Page_SARA/span_Centro Costo de Prueba")): Object: 'Object Repository/1-OBJECTS TAREAS PRINCIPALES/Modulo Actos Administrativos/Modulo Viáticos/Crear viatico/Page_SARA/span_Centro Costo de Prueba' is clicked on

2023-04-10 09:08:00 - [MESSAGE][PASSED] - Object: 'Object Repository/1-OBJECTS TAREAS PRINCIPALES/Modulo Actos Administrativos/Modulo Viáticos/Crear viatico/Page_SARA/span_Centro Costo de Prueba' is clicked on

2023-04-10 09:08:00 - [TEST_STEP][PASSED] - waitForElementClickable(findTestObject("1-OBJECTS TAREAS PRINCIPALES/Modulo Actos Administrativos/Modulo Viáticos/Crear viatico/Page_SARA/textarea_Objeto_form_detalleviaticosObjeto"), 0): Object 'Object Repository/1-OBJECTS TAREAS PRINCIPALES/Modulo Actos Administrativos/Modulo Viáticos/Crear viatico/Page_SARA/textarea_Objeto_form_detalleviaticosObjeto' is clickable

2023-04-10 09:08:00 - [MESSAGE][WARNING] - Timeout '0' is invalid. Using default page load timeout: '37'

2023-04-10 09:08:00 - [MESSAGE][PASSED] - Object 'Object Repository/1-OBJECTS TAREAS PRINCIPALES/Modulo Actos Administrativos/Modulo Viáticos/Crear viatico/Page_SARA/textarea_Objeto_form_detalleviaticosObjeto' is clickable

2023-04-10 09:08:00 - [TEST_STEP][PASSED] - setText(findTestObject("1-OBJECTS TAREAS PRINCIPALES/Modulo Actos Administrativos/Modulo Viáticos/Crear viatico/Page_SARA/textarea_Objeto_form_detalleviaticosObjeto"), "prueba"): Text 'prueba' is set on object 'Object Repository/1-OBJECTS TAREAS PRINCIPALES/Modulo Actos Administrativos/Modulo Viáticos/Crear viatico/Page_SARA/textarea_Objeto_form_detalleviaticosObjeto'

2023-04-10 09:08:01 - [MESSAGE][PASSED] - Text 'prueba' is set on object 'Object Repository/1-OBJECTS TAREAS PRINCIPALES/Modulo Actos Administrativos/Modulo Viáticos/Crear viatico/Page_SARA/textarea_Objeto_form_detalleviaticosObjeto'

2023-04-10 09:08:01 - [TEST_STEP][PASSED] - selectAllOption(findTestObject("1-OBJECTS TAREAS PRINCIPALES/Modulo Actos Administrativos/Modulo Viáticos/Crear viatico/Page_SARA/select_-- Seleccione --BUITRAGO BUITRAGO ANDREA")): All options are selected on object 'Object Repository/1-OBJECTS TAREAS PRINCIPALES/Modulo Actos Administrativos/Modulo Viáticos/Crear viatico/Page_SARA/select_-- Seleccione --BUITRAGO BUITRAGO ANDREA'

2023-04-10 09:08:04 - [MESSAGE][PASSED] - All options are selected on object 'Object Repository/1-OBJECTS TAREAS PRINCIPALES/Modulo Actos Administrativos/Modulo Viáticos/Crear viatico/Page_SARA/select_-- Seleccione --BUITRAGO BUITRAGO ANDREA'

2023-04-10 09:08:04 - [TEST_STEP][PASSED] - selectOptionByIndex(findTestObject("1-OBJECTS TAREAS PRINCIPALES/Modulo Actos Administrativos/Modulo Viáticos/Crear viatico/Page_SARA/select_-- Seleccione --COQUINTERO 5 EMPLEADO"), 2): All options with index in [2] are selected on object 'Object Repository/1-OBJECTS TAREAS PRINCIPALES/Modulo Actos Administrativos/Modulo Viáticos/Crear viatico/Page_SARA/select_-- Seleccione --COQUINTERO 5 EMPLEADO'

2023-04-10 09:08:05 - [MESSAGE][PASSED] - All options with index in [2] are selected on object 'Object Repository/1-OBJECTS TAREAS PRINCIPALES/Modulo Actos Administrativos/Modulo Viáticos/Crear viatico/Page_SARA/select_-- Seleccione --COQUINTERO 5 EMPLEADO'

2023-04-10 09:08:05 - [TEST_STEP][PASSED] - setText(findTestObject("1-OBJECTS TAREAS PRINCIPALES/Modulo Actos Administrativos/Modulo Viáticos/Crear viatico/Page_SARA/textarea_Observacin_form_detalleviaticosObservacion"), "prueba"): Text 'prueba' is set on object 'Object Repository/1-OBJECTS TAREAS PRINCIPALES/Modulo Actos Administrativos/Modulo Viáticos/Crear viatico/Page_SARA/textarea_Observacin_form_detalleviaticosObservacion'

2023-04-10 09:08:06 - [MESSAGE][PASSED] - Text 'prueba' is set on object 'Object Repository/1-OBJECTS TAREAS PRINCIPALES/Modulo Actos Administrativos/Modulo Viáticos/Crear viatico/Page_SARA/textarea_Observacin_form_detalleviaticosObservacion'

2023-04-10 09:08:06 - [TEST_STEP][PASSED] - click(findTestObject("1-OBJECTS TAREAS PRINCIPALES/Modulo Actos Administrativos/Modulo Viáticos/Crear viatico/Page_SARA/a_Guardar")): Object: 'Object Repository/1-OBJECTS TAREAS PRINCIPALES/Modulo Actos Administrativos/Modulo Viáticos/Crear viatico/Page_SARA/a_Guardar' is clicked on

2023-04-10 09:08:06 - [MESSAGE][PASSED] - Object: 'Object Repository/1-OBJECTS TAREAS PRINCIPALES/Modulo Actos Administrativos/Modulo Viáticos/Crear viatico/Page_SARA/a_Guardar' is clicked on

2023-04-10 09:08:06 - [TEST_STEP][PASSED] - waitForElementClickable(findTestObject("1-OBJECTS TAREAS PRINCIPALES/Modulo Actos Administrativos/Modulo Viáticos/Crear viatico/Page_SARA/a_Programacin"), 0): Object 'Object Repository/1-OBJECTS TAREAS PRINCIPALES/Modulo Actos Administrativos/Modulo Viáticos/Crear viatico/Page_SARA/a_Programacin' is clickable

2023-04-10 09:08:06 - [MESSAGE][WARNING] - Timeout '0' is invalid. Using default page load timeout: '37'

2023-04-10 09:08:08 - [MESSAGE][PASSED] - Object 'Object Repository/1-OBJECTS TAREAS PRINCIPALES/Modulo Actos Administrativos/Modulo Viáticos/Crear viatico/Page_SARA/a_Programacin' is clickable

2023-04-10 09:08:08 - [TEST_STEP][PASSED] - click(findTestObject("1-OBJECTS TAREAS PRINCIPALES/Modulo Actos Administrativos/Modulo Viáticos/Crear viatico/Page_SARA/a_Programacin")): Object: 'Object Repository/1-OBJECTS TAREAS PRINCIPALES/Modulo Actos Administrativos/Modulo Viáticos/Crear viatico/Page_SARA/a_Programacin' is clicked on

2023-04-10 09:08:08 - [MESSAGE][PASSED] - Object: 'Object Repository/1-OBJECTS TAREAS PRINCIPALES/Modulo Actos Administrativos/Modulo Viáticos/Crear viatico/Page_SARA/a_Programacin' is clicked on

2023-04-10 09:08:08 - [TEST_STEP][PASSED] - waitForElementNotHasAttribute(findTestObject("1-OBJECTS TAREAS PRINCIPALES/Modulo Actos Administrativos/Modulo Viáticos/Crear viatico/Page_SARA/a_Nuevo2"), "", 0): Object 'Object Repository/1-OBJECTS TAREAS PRINCIPALES/Modulo Actos Administrativos/Modulo Viáticos/Crear viatico/Page_SARA/a_Nuevo2' does not have attribute ''

2023-04-10 09:08:08 - [MESSAGE][WARNING] - Timeout '0' is invalid. Using default page load timeout: '37'

2023-04-10 09:08:09 - [MESSAGE][PASSED] - Object 'Object Repository/1-OBJECTS TAREAS PRINCIPALES/Modulo Actos Administrativos/Modulo Viáticos/Crear viatico/Page_SARA/a_Nuevo2' does not have attribute ''

2023-04-10 09:08:09 - [TEST_STEP][PASSED] - click(findTestObject("1-OBJECTS TAREAS PRINCIPALES/Modulo Actos Administrativos/Modulo Viáticos/Crear viatico/Page_SARA/a_Nuevo2")): Object: 'Object Repository/1-OBJECTS TAREAS PRINCIPALES/Modulo Actos Administrativos/Modulo Viáticos/Crear viatico/Page_SARA/a_Nuevo2' is clicked on

2023-04-10 09:08:09 - [MESSAGE][PASSED] - Object: 'Object Repository/1-OBJECTS TAREAS PRINCIPALES/Modulo Actos Administrativos/Modulo Viáticos/Crear viatico/Page_SARA/a_Nuevo2' is clicked on

2023-04-10 09:08:09 - [TEST_STEP][PASSED] - waitForElementClickable(findTestObject("1-OBJECTS TAREAS PRINCIPALES/Modulo Actos Administrativos/Modulo Viáticos/Crear viatico/Page_SARA/a_Funcionario_form_popupprogramacionviaticospestaniasj_idt1559"), 0): Object 'Object Repository/1-OBJECTS TAREAS PRINCIPALES/Modulo Actos Administrativos/Modulo Viáticos/Crear viatico/Page_SARA/a_Funcionario_form_popupprogramacionviaticospestaniasj_idt1559' is clickable

2023-04-10 09:08:09 - [MESSAGE][WARNING] - Timeout '0' is invalid. Using default page load timeout: '37'

2023-04-10 09:08:09 - [MESSAGE][PASSED] - Object 'Object Repository/1-OBJECTS TAREAS PRINCIPALES/Modulo Actos Administrativos/Modulo Viáticos/Crear viatico/Page_SARA/a_Funcionario_form_popupprogramacionviaticospestaniasj_idt1559' is clickable

2023-04-10 09:08:09 - [TEST_STEP][PASSED] - click(findTestObject("1-OBJECTS TAREAS PRINCIPALES/Modulo Actos Administrativos/Modulo Viáticos/Crear viatico/Page_SARA/a_Funcionario_form_popupprogramacionviaticospestaniasj_idt1559")): Object: 'Object Repository/1-OBJECTS TAREAS PRINCIPALES/Modulo Actos Administrativos/Modulo Viáticos/Crear viatico/Page_SARA/a_Funcionario_form_popupprogramacionviaticospestaniasj_idt1559' is clicked on

2023-04-10 09:08:10 - [MESSAGE][PASSED] - Object: 'Object Repository/1-OBJECTS TAREAS PRINCIPALES/Modulo Actos Administrativos/Modulo Viáticos/Crear viatico/Page_SARA/a_Funcionario_form_popupprogramacionviaticospestaniasj_idt1559' is clicked on

2023-04-10 09:08:10 - [TEST_STEP][PASSED] - waitForElementClickable(findTestObject("1-OBJECTS TAREAS PRINCIPALES/Modulo Actos Administrativos/Modulo Viáticos/Crear viatico/Page_SARA/input_Filtro Empleado_form_popupEmpleadoj_idt561"), 0): Object 'Object Repository/1-OBJECTS TAREAS PRINCIPALES/Modulo Actos Administrativos/Modulo Viáticos/Crear viatico/Page_SARA/input_Filtro Empleado_form_popupEmpleadoj_idt561' is clickable

2023-04-10 09:08:10 - [MESSAGE][WARNING] - Timeout '0' is invalid. Using default page load timeout: '37'

2023-04-10 09:08:11 - [MESSAGE][PASSED] - Object 'Object Repository/1-OBJECTS TAREAS PRINCIPALES/Modulo Actos Administrativos/Modulo Viáticos/Crear viatico/Page_SARA/input_Filtro Empleado_form_popupEmpleadoj_idt561' is clickable

2023-04-10 09:08:11 - [TEST_STEP][PASSED] - setText(findTestObject("1-OBJECTS TAREAS PRINCIPALES/Modulo Actos Administrativos/Modulo Viáticos/Crear viatico/Page_SARA/input_Filtro Empleado_form_popupEmpleadoj_idt561"), "Quintero 5 Empleado"): Text 'Quintero 5 Empleado' is set on object 'Object Repository/1-OBJECTS TAREAS PRINCIPALES/Modulo Actos Administrativos/Modulo Viáticos/Crear viatico/Page_SARA/input_Filtro Empleado_form_popupEmpleadoj_idt561'

2023-04-10 09:08:12 - [MESSAGE][PASSED] - Text 'Quintero 5 Empleado' is set on object 'Object Repository/1-OBJECTS TAREAS PRINCIPALES/Modulo Actos Administrativos/Modulo Viáticos/Crear viatico/Page_SARA/input_Filtro Empleado_form_popupEmpleadoj_idt561'

2023-04-10 09:08:12 - [TEST_STEP][PASSED] - sendKeys(findTestObject("1-OBJECTS TAREAS PRINCIPALES/Modulo Actos Administrativos/Modulo Viáticos/Crear viatico/Page_SARA/input_Filtro Empleado_form_popupEmpleadoj_idt561"), Keys.chord(ENTER)): Keys 'ENTER + ' sent to object: 'Object Repository/1-OBJECTS TAREAS PRINCIPALES/Modulo Actos Administrativos/Modulo Viáticos/Crear viatico/Page_SARA/input_Filtro Empleado_form_popupEmpleadoj_idt561'

2023-04-10 09:08:12 - [MESSAGE][PASSED] - Keys 'ENTER + ' sent to object: 'Object Repository/1-OBJECTS TAREAS PRINCIPALES/Modulo Actos Administrativos/Modulo Viáticos/Crear viatico/Page_SARA/input_Filtro Empleado_form_popupEmpleadoj_idt561'

2023-04-10 09:08:12 - [TEST_STEP][PASSED] - waitForElementClickable(findTestObject("1-OBJECTS TAREAS PRINCIPALES/Modulo Actos Administrativos/Modulo Viáticos/Crear viatico/Page_SARA/span_Quintero 5 Empleado"), 0): Object 'Object Repository/1-OBJECTS TAREAS PRINCIPALES/Modulo Actos Administrativos/Modulo Viáticos/Crear viatico/Page_SARA/span_Quintero 5 Empleado' is clickable

2023-04-10 09:08:12 - [MESSAGE][WARNING] - Timeout '0' is invalid. Using default page load timeout: '37'

2023-04-10 09:08:13 - [MESSAGE][PASSED] - Object 'Object Repository/1-OBJECTS TAREAS PRINCIPALES/Modulo Actos Administrativos/Modulo Viáticos/Crear viatico/Page_SARA/span_Quintero 5 Empleado' is clickable

2023-04-10 09:08:13 - [TEST_STEP][PASSED] - click(findTestObject("1-OBJECTS TAREAS PRINCIPALES/Modulo Actos Administrativos/Modulo Viáticos/Crear viatico/Page_SARA/span_Quintero 5 Empleado")): Object: 'Object Repository/1-OBJECTS TAREAS PRINCIPALES/Modulo Actos Administrativos/Modulo Viáticos/Crear viatico/Page_SARA/span_Quintero 5 Empleado' is clicked on

2023-04-10 09:08:13 - [MESSAGE][PASSED] - Object: 'Object Repository/1-OBJECTS TAREAS PRINCIPALES/Modulo Actos Administrativos/Modulo Viáticos/Crear viatico/Page_SARA/span_Quintero 5 Empleado' is clicked on

2023-04-10 09:08:13 - [TEST_STEP][PASSED] - waitForElementClickable(findTestObject("1-OBJECTS TAREAS PRINCIPALES/Modulo Actos Administrativos/Modulo Viáticos/Crear viatico/input_Fecha Inicial_form_popupprogramacionviaticospestaniasfechainicial_input"), 0): Object 'Object Repository/1-OBJECTS TAREAS PRINCIPALES/Modulo Actos Administrativos/Modulo Viáticos/Crear viatico/input_Fecha Inicial_form_popupprogramacionviaticospestaniasfechainicial_input' is clickable

2023-04-10 09:08:13 - [MESSAGE][WARNING] - Timeout '0' is invalid. Using default page load timeout: '37'

2023-04-10 09:08:14 - [MESSAGE][PASSED] - Object 'Object Repository/1-OBJECTS TAREAS PRINCIPALES/Modulo Actos Administrativos/Modulo Viáticos/Crear viatico/input_Fecha Inicial_form_popupprogramacionviaticospestaniasfechainicial_input' is clickable

2023-04-10 09:08:14 - [TEST_STEP][PASSED] - setText(findTestObject("1-OBJECTS TAREAS PRINCIPALES/Modulo Actos Administrativos/Modulo Viáticos/Crear viatico/input_Fecha Inicial_form_popupprogramacionviaticospestaniasfechainicial_input"), "01/07/2021"): Text '01/07/2021' is set on object 'Object Repository/1-OBJECTS TAREAS PRINCIPALES/Modulo Actos Administrativos/Modulo Viáticos/Crear viatico/input_Fecha Inicial_form_popupprogramacionviaticospestaniasfechainicial_input'

2023-04-10 09:08:14 - [MESSAGE][PASSED] - Text '01/07/2021' is set on object 'Object Repository/1-OBJECTS TAREAS PRINCIPALES/Modulo Actos Administrativos/Modulo Viáticos/Crear viatico/input_Fecha Inicial_form_popupprogramacionviaticospestaniasfechainicial_input'

2023-04-10 09:08:14 - [TEST_STEP][PASSED] - setText(findTestObject("1-OBJECTS TAREAS PRINCIPALES/Modulo Actos Administrativos/Modulo Viáticos/Crear viatico/input_Fecha Final_form_popupprogramacionviaticospestaniasfechafinal_input"), "01/10/2021"): Text '01/10/2021' is set on object 'Object Repository/1-OBJECTS TAREAS PRINCIPALES/Modulo Actos Administrativos/Modulo Viáticos/Crear viatico/input_Fecha Final_form_popupprogramacionviaticospestaniasfechafinal_input'

2023-04-10 09:08:15 - [MESSAGE][PASSED] - Text '01/10/2021' is set on object 'Object Repository/1-OBJECTS TAREAS PRINCIPALES/Modulo Actos Administrativos/Modulo Viáticos/Crear viatico/input_Fecha Final_form_popupprogramacionviaticospestaniasfechafinal_input'

2023-04-10 09:08:15 - [TEST_STEP][PASSED] - selectOptionByIndex(findTestObject("1-OBJECTS TAREAS PRINCIPALES/Modulo Actos Administrativos/Modulo Viáticos/Crear viatico/Page_SARA/select_--- Seleccione Destino --Barranquilla"), "3"): All options with index in [3] are selected on object 'Object Repository/1-OBJECTS TAREAS PRINCIPALES/Modulo Actos Administrativos/Modulo Viáticos/Crear viatico/Page_SARA/select_--- Seleccione Destino --Barranquilla'

2023-04-10 09:08:16 - [MESSAGE][PASSED] - All options with index in [3] are selected on object 'Object Repository/1-OBJECTS TAREAS PRINCIPALES/Modulo Actos Administrativos/Modulo Viáticos/Crear viatico/Page_SARA/select_--- Seleccione Destino --Barranquilla'

2023-04-10 09:08:16 - [TEST_STEP][PASSED] - selectOptionByIndex(findTestObject("1-OBJECTS TAREAS PRINCIPALES/Modulo Actos Administrativos/Modulo Viáticos/Crear viatico/Page_SARA/select_-- Seleccione Tipo Comisin --ADMINISTRATIVO2"), "1"): All options with index in [1] are selected on object 'Object Repository/1-OBJECTS TAREAS PRINCIPALES/Modulo Actos Administrativos/Modulo Viáticos/Crear viatico/Page_SARA/select_-- Seleccione Tipo Comisin --ADMINISTRATIVO2'

2023-04-10 09:08:17 - [MESSAGE][PASSED] - All options with index in [1] are selected on object 'Object Repository/1-OBJECTS TAREAS PRINCIPALES/Modulo Actos Administrativos/Modulo Viáticos/Crear viatico/Page_SARA/select_-- Seleccione Tipo Comisin --ADMINISTRATIVO2'

2023-04-10 09:08:17 - [TEST_STEP][PASSED] - click(findTestObject("1-OBJECTS TAREAS PRINCIPALES/Modulo Actos Administrativos/Modulo Viáticos/Crear viatico/Page_SARA/a_Entidad_form_popupprogramacionviaticospestaniasj_idt1581")): Object: 'Object Repository/1-OBJECTS TAREAS PRINCIPALES/Modulo Actos Administrativos/Modulo Viáticos/Crear viatico/Page_SARA/a_Entidad_form_popupprogramacionviaticospestaniasj_idt1581' is clicked on

2023-04-10 09:08:18 - [MESSAGE][PASSED] - Object: 'Object Repository/1-OBJECTS TAREAS PRINCIPALES/Modulo Actos Administrativos/Modulo Viáticos/Crear viatico/Page_SARA/a_Entidad_form_popupprogramacionviaticospestaniasj_idt1581' is clicked on

2023-04-10 09:08:18 - [TEST_STEP][PASSED] - setText(findTestObject("1-OBJECTS TAREAS PRINCIPALES/Modulo Actos Administrativos/Modulo Viáticos/Crear viatico/input_Entidad Viatico_popupSeleccionEntidadViaticoFormfiltro"), "00123"): Text '00123' is set on object 'Object Repository/1-OBJECTS TAREAS PRINCIPALES/Modulo Actos Administrativos/Modulo Viáticos/Crear viatico/input_Entidad Viatico_popupSeleccionEntidadViaticoFormfiltro'

2023-04-10 09:08:19 - [MESSAGE][PASSED] - Text '00123' is set on object 'Object Repository/1-OBJECTS TAREAS PRINCIPALES/Modulo Actos Administrativos/Modulo Viáticos/Crear viatico/input_Entidad Viatico_popupSeleccionEntidadViaticoFormfiltro'

2023-04-10 09:08:19 - [TEST_STEP][PASSED] - sendKeys(findTestObject("1-OBJECTS TAREAS PRINCIPALES/Modulo Actos Administrativos/Modulo Viáticos/Crear viatico/input_Entidad Viatico_popupSeleccionEntidadViaticoFormfiltro"), Keys.chord(ENTER)): Keys 'ENTER + ' sent to object: 'Object Repository/1-OBJECTS TAREAS PRINCIPALES/Modulo Actos Administrativos/Modulo Viáticos/Crear viatico/input_Entidad Viatico_popupSeleccionEntidadViaticoFormfiltro'

2023-04-10 09:08:19 - [MESSAGE][PASSED] - Keys 'ENTER + ' sent to object: 'Object Repository/1-OBJECTS TAREAS PRINCIPALES/Modulo Actos Administrativos/Modulo Viáticos/Crear viatico/input_Entidad Viatico_popupSeleccionEntidadViaticoFormfiltro'

2023-04-10 09:08:19 - [TEST_STEP][PASSED] - waitForElementClickable(findTestObject("1-OBJECTS TAREAS PRINCIPALES/Modulo Actos Administrativos/Modulo Viáticos/Crear viatico/Page_SARA/td_123"), 0): Object 'Object Repository/1-OBJECTS TAREAS PRINCIPALES/Modulo Actos Administrativos/Modulo Viáticos/Crear viatico/Page_SARA/td_123' is clickable

2023-04-10 09:08:19 - [MESSAGE][WARNING] - Timeout '0' is invalid. Using default page load timeout: '37'

2023-04-10 09:08:20 - [MESSAGE][PASSED] - Object 'Object Repository/1-OBJECTS TAREAS PRINCIPALES/Modulo Actos Administrativos/Modulo Viáticos/Crear viatico/Page_SARA/td_123' is clickable

2023-04-10 09:08:20 - [TEST_STEP][PASSED] - click(findTestObject("1-OBJECTS TAREAS PRINCIPALES/Modulo Actos Administrativos/Modulo Viáticos/Crear viatico/Page_SARA/td_123")): Object: 'Object Repository/1-OBJECTS TAREAS PRINCIPALES/Modulo Actos Administrativos/Modulo Viáticos/Crear viatico/Page_SARA/td_123' is clicked on

2023-04-10 09:08:20 - [MESSAGE][PASSED] - Object: 'Object Repository/1-OBJECTS TAREAS PRINCIPALES/Modulo Actos Administrativos/Modulo Viáticos/Crear viatico/Page_SARA/td_123' is clicked on

2023-04-10 09:08:20 - [TEST_STEP][PASSED] - waitForElementClickable(findTestObject("1-OBJECTS TAREAS PRINCIPALES/Modulo Actos Administrativos/Modulo Viáticos/Crear viatico/Page_SARA/select_--- Seleccione Ambito --EXTERIOR 1EXTERIOR 2NACIONAL 1"), 0): Object 'Object Repository/1-OBJECTS TAREAS PRINCIPALES/Modulo Actos Administrativos/Modulo Viáticos/Crear viatico/Page_SARA/select_--- Seleccione Ambito --EXTERIOR 1EXTERIOR 2NACIONAL 1' is clickable

2023-04-10 09:08:20 - [MESSAGE][WARNING] - Timeout '0' is invalid. Using default page load timeout: '37'

2023-04-10 09:08:21 - [MESSAGE][PASSED] - Object 'Object Repository/1-OBJECTS TAREAS PRINCIPALES/Modulo Actos Administrativos/Modulo Viáticos/Crear viatico/Page_SARA/select_--- Seleccione Ambito --EXTERIOR 1EXTERIOR 2NACIONAL 1' is clickable

2023-04-10 09:08:21 - [TEST_STEP][PASSED] - selectOptionByIndex(findTestObject("1-OBJECTS TAREAS PRINCIPALES/Modulo Actos Administrativos/Modulo Viáticos/Crear viatico/Page_SARA/select_--- Seleccione Ambito --EXTERIOR 1EXTERIOR 2NACIONAL 1"), "3"): All options with index in [3] are selected on object 'Object Repository/1-OBJECTS TAREAS PRINCIPALES/Modulo Actos Administrativos/Modulo Viáticos/Crear viatico/Page_SARA/select_--- Seleccione Ambito --EXTERIOR 1EXTERIOR 2NACIONAL 1'

2023-04-10 09:08:22 - [MESSAGE][PASSED] - All options with index in [3] are selected on object 'Object Repository/1-OBJECTS TAREAS PRINCIPALES/Modulo Actos Administrativos/Modulo Viáticos/Crear viatico/Page_SARA/select_--- Seleccione Ambito --EXTERIOR 1EXTERIOR 2NACIONAL 1'

2023-04-10 09:08:22 - [TEST_STEP][PASSED] - waitForElementClickable(findTestObject("1-OBJECTS TAREAS PRINCIPALES/Modulo Actos Administrativos/Modulo Viáticos/Crear viatico/Page_SARA/a_Guardar2"), 0): Object 'Object Repository/1-OBJECTS TAREAS PRINCIPALES/Modulo Actos Administrativos/Modulo Viáticos/Crear viatico/Page_SARA/a_Guardar2' is clickable

2023-04-10 09:08:22 - [MESSAGE][WARNING] - Timeout '0' is invalid. Using default page load timeout: '37'

2023-04-10 09:08:22 - [MESSAGE][PASSED] - Object 'Object Repository/1-OBJECTS TAREAS PRINCIPALES/Modulo Actos Administrativos/Modulo Viáticos/Crear viatico/Page_SARA/a_Guardar2' is clickable

2023-04-10 09:08:22 - [TEST_STEP][PASSED] - click(findTestObject("1-OBJECTS TAREAS PRINCIPALES/Modulo Actos Administrativos/Modulo Viáticos/Crear viatico/Page_SARA/a_Guardar2")): Object: 'Object Repository/1-OBJECTS TAREAS PRINCIPALES/Modulo Actos Administrativos/Modulo Viáticos/Crear viatico/Page_SARA/a_Guardar2' is clicked on

2023-04-10 09:08:22 - [MESSAGE][PASSED] - Object: 'Object Repository/1-OBJECTS TAREAS PRINCIPALES/Modulo Actos Administrativos/Modulo Viáticos/Crear viatico/Page_SARA/a_Guardar2' is clicked on

2023-04-10 09:08:22 - [TEST_STEP][PASSED] - waitForElementClickable(findTestObject("1-OBJECTS TAREAS PRINCIPALES/Modulo Actos Administrativos/Modulo Viáticos/Crear viatico/Page_SARA/a_Entidades Vigiladas"), 0): Object 'Object Repository/1-OBJECTS TAREAS PRINCIPALES/Modulo Actos Administrativos/Modulo Viáticos/Crear viatico/Page_SARA/a_Entidades Vigiladas' is clickable

2023-04-10 09:08:22 - [MESSAGE][WARNING] - Timeout '0' is invalid. Using default page load timeout: '37'

2023-04-10 09:08:24 - [MESSAGE][PASSED] - Object 'Object Repository/1-OBJECTS TAREAS PRINCIPALES/Modulo Actos Administrativos/Modulo Viáticos/Crear viatico/Page_SARA/a_Entidades Vigiladas' is clickable

2023-04-10 09:08:24 - [TEST_STEP][PASSED] - click(findTestObject("1-OBJECTS TAREAS PRINCIPALES/Modulo Actos Administrativos/Modulo Viáticos/Crear viatico/Page_SARA/a_Entidades Vigiladas")): Object: 'Object Repository/1-OBJECTS TAREAS PRINCIPALES/Modulo Actos Administrativos/Modulo Viáticos/Crear viatico/Page_SARA/a_Entidades Vigiladas' is clicked on

2023-04-10 09:08:24 - [MESSAGE][PASSED] - Object: 'Object Repository/1-OBJECTS TAREAS PRINCIPALES/Modulo Actos Administrativos/Modulo Viáticos/Crear viatico/Page_SARA/a_Entidades Vigiladas' is clicked on

2023-04-10 09:08:24 - [TEST_STEP][PASSED] - click(findTestObject("1-OBJECTS TAREAS PRINCIPALES/Modulo Actos Administrativos/Modulo Viáticos/Crear viatico/Page_SARA/a_Fecha Final_form_Entidad_entidades_vigiladas")): Object: 'Object Repository/1-OBJECTS TAREAS PRINCIPALES/Modulo Actos Administrativos/Modulo Viáticos/Crear viatico/Page_SARA/a_Fecha Final_form_Entidad_entidades_vigiladas' is clicked on

2023-04-10 09:08:25 - [MESSAGE][PASSED] - Object: 'Object Repository/1-OBJECTS TAREAS PRINCIPALES/Modulo Actos Administrativos/Modulo Viáticos/Crear viatico/Page_SARA/a_Fecha Final_form_Entidad_entidades_vigiladas' is clicked on

2023-04-10 09:08:25 - [TEST_STEP][PASSED] - waitForElementClickable(findTestObject("1-OBJECTS TAREAS PRINCIPALES/Modulo Actos Administrativos/Modulo Viáticos/Crear viatico/Page_SARA/td_123_entidades vigiladas"), 0): Object 'Object Repository/1-OBJECTS TAREAS PRINCIPALES/Modulo Actos Administrativos/Modulo Viáticos/Crear viatico/Page_SARA/td_123_entidades vigiladas' is clickable

2023-04-10 09:08:25 - [MESSAGE][WARNING] - Timeout '0' is invalid. Using default page load timeout: '37'

2023-04-10 09:08:25 - [MESSAGE][PASSED] - Object 'Object Repository/1-OBJECTS TAREAS PRINCIPALES/Modulo Actos Administrativos/Modulo Viáticos/Crear viatico/Page_SARA/td_123_entidades vigiladas' is clickable

2023-04-10 09:08:25 - [TEST_STEP][PASSED] - click(findTestObject("1-OBJECTS TAREAS PRINCIPALES/Modulo Actos Administrativos/Modulo Viáticos/Crear viatico/Page_SARA/td_123_entidades vigiladas")): Object: 'Object Repository/1-OBJECTS TAREAS PRINCIPALES/Modulo Actos Administrativos/Modulo Viáticos/Crear viatico/Page_SARA/td_123_entidades vigiladas' is clicked on

2023-04-10 09:08:26 - [MESSAGE][PASSED] - Object: 'Object Repository/1-OBJECTS TAREAS PRINCIPALES/Modulo Actos Administrativos/Modulo Viáticos/Crear viatico/Page_SARA/td_123_entidades vigiladas' is clicked on

2023-04-10 09:08:26 - [TEST_STEP][PASSED] - waitForElementClickable(findTestObject("1-OBJECTS TAREAS PRINCIPALES/Modulo Actos Administrativos/Modulo Viáticos/Crear viatico/Page_SARA/input_Fecha Inicial_form_entidades vigiladas"), 0): Object 'Object Repository/1-OBJECTS TAREAS PRINCIPALES/Modulo Actos Administrativos/Modulo Viáticos/Crear viatico/Page_SARA/input_Fecha Inicial_form_entidades vigiladas' is clickable

2023-04-10 09:08:26 - [MESSAGE][WARNING] - Timeout '0' is invalid. Using default page load timeout: '37'

2023-04-10 09:08:26 - [MESSAGE][PASSED] - Object 'Object Repository/1-OBJECTS TAREAS PRINCIPALES/Modulo Actos Administrativos/Modulo Viáticos/Crear viatico/Page_SARA/input_Fecha Inicial_form_entidades vigiladas' is clickable

2023-04-10 09:08:26 - [TEST_STEP][PASSED] - setText(findTestObject("1-OBJECTS TAREAS PRINCIPALES/Modulo Actos Administrativos/Modulo Viáticos/Crear viatico/Page_SARA/input_Fecha Inicial_form_entidades vigiladas"), "01/07/2021"): Text '01/07/2021' is set on object 'Object Repository/1-OBJECTS TAREAS PRINCIPALES/Modulo Actos Administrativos/Modulo Viáticos/Crear viatico/Page_SARA/input_Fecha Inicial_form_entidades vigiladas'

2023-04-10 09:08:27 - [MESSAGE][PASSED] - Text '01/07/2021' is set on object 'Object Repository/1-OBJECTS TAREAS PRINCIPALES/Modulo Actos Administrativos/Modulo Viáticos/Crear viatico/Page_SARA/input_Fecha Inicial_form_entidades vigiladas'

2023-04-10 09:08:27 - [TEST_STEP][PASSED] - setText(findTestObject("1-OBJECTS TAREAS PRINCIPALES/Modulo Actos Administrativos/Modulo Viáticos/Crear viatico/Page_SARA/input_Fecha Final_form_entidades vigiladas"), "01/11/2021"): Text '01/11/2021' is set on object 'Object Repository/1-OBJECTS TAREAS PRINCIPALES/Modulo Actos Administrativos/Modulo Viáticos/Crear viatico/Page_SARA/input_Fecha Final_form_entidades vigiladas'

2023-04-10 09:08:28 - [MESSAGE][PASSED] - Text '01/11/2021' is set on object 'Object Repository/1-OBJECTS TAREAS PRINCIPALES/Modulo Actos Administrativos/Modulo Viáticos/Crear viatico/Page_SARA/input_Fecha Final_form_entidades vigiladas'

2023-04-10 09:08:28 - [TEST_STEP][PASSED] - click(findTestObject("1-OBJECTS TAREAS PRINCIPALES/Modulo Actos Administrativos/Modulo Viáticos/Crear viatico/Page_SARA/a_Fecha Final_form_popupprogramacionviaticospestaniasotrasEntidadesTablaj")): Object: 'Object Repository/1-OBJECTS TAREAS PRINCIPALES/Modulo Actos Administrativos/Modulo Viáticos/Crear viatico/Page_SARA/a_Fecha Final_form_popupprogramacionviaticospestaniasotrasEntidadesTablaj' is clicked on

2023-04-10 09:08:28 - [MESSAGE][PASSED] - Object: 'Object Repository/1-OBJECTS TAREAS PRINCIPALES/Modulo Actos Administrativos/Modulo Viáticos/Crear viatico/Page_SARA/a_Fecha Final_form_popupprogramacionviaticospestaniasotrasEntidadesTablaj' is clicked on

2023-04-10 09:08:28 - [TEST_STEP][PASSED] - click(findTestObject("1-OBJECTS TAREAS PRINCIPALES/Modulo Actos Administrativos/Modulo Viáticos/Crear viatico/Page_SARA/a_Otras Entidades")): Object: 'Object Repository/1-OBJECTS TAREAS PRINCIPALES/Modulo Actos Administrativos/Modulo Viáticos/Crear viatico/Page_SARA/a_Otras Entidades' is clicked on

2023-04-10 09:08:29 - [MESSAGE][PASSED] - Object: 'Object Repository/1-OBJECTS TAREAS PRINCIPALES/Modulo Actos Administrativos/Modulo Viáticos/Crear viatico/Page_SARA/a_Otras Entidades' is clicked on

2023-04-10 09:08:29 - [TEST_STEP][PASSED] - waitForElementClickable(findTestObject("1-OBJECTS TAREAS PRINCIPALES/Modulo Actos Administrativos/Modulo Viáticos/Crear viatico/Page_SARA/input_Fecha entidad_form"), 0): Object 'Object Repository/1-OBJECTS TAREAS PRINCIPALES/Modulo Actos Administrativos/Modulo Viáticos/Crear viatico/Page_SARA/input_Fecha entidad_form' is clickable

2023-04-10 09:08:29 - [MESSAGE][WARNING] - Timeout '0' is invalid. Using default page load timeout: '37'

2023-04-10 09:08:30 - [MESSAGE][PASSED] - Object 'Object Repository/1-OBJECTS TAREAS PRINCIPALES/Modulo Actos Administrativos/Modulo Viáticos/Crear viatico/Page_SARA/input_Fecha entidad_form' is clickable

2023-04-10 09:08:30 - [TEST_STEP][PASSED] - setText(findTestObject("1-OBJECTS TAREAS PRINCIPALES/Modulo Actos Administrativos/Modulo Viáticos/Crear viatico/Page_SARA/input_Fecha entidad_form"), "5"): Text '5' is set on object 'Object Repository/1-OBJECTS TAREAS PRINCIPALES/Modulo Actos Administrativos/Modulo Viáticos/Crear viatico/Page_SARA/input_Fecha entidad_form'

2023-04-10 09:08:30 - [MESSAGE][PASSED] - Text '5' is set on object 'Object Repository/1-OBJECTS TAREAS PRINCIPALES/Modulo Actos Administrativos/Modulo Viáticos/Crear viatico/Page_SARA/input_Fecha entidad_form'

2023-04-10 09:08:30 - [TEST_STEP][PASSED] - setText(findTestObject("1-OBJECTS TAREAS PRINCIPALES/Modulo Actos Administrativos/Modulo Viáticos/Crear viatico/Page_SARA/input_Fecha Inicial_form_otras_entidades"), "01/07/2021"): Text '01/07/2021' is set on object 'Object Repository/1-OBJECTS TAREAS PRINCIPALES/Modulo Actos Administrativos/Modulo Viáticos/Crear viatico/Page_SARA/input_Fecha Inicial_form_otras_entidades'

2023-04-10 09:08:31 - [MESSAGE][PASSED] - Text '01/07/2021' is set on object 'Object Repository/1-OBJECTS TAREAS PRINCIPALES/Modulo Actos Administrativos/Modulo Viáticos/Crear viatico/Page_SARA/input_Fecha Inicial_form_otras_entidades'

2023-04-10 09:08:31 - [TEST_STEP][PASSED] - setText(findTestObject("1-OBJECTS TAREAS PRINCIPALES/Modulo Actos Administrativos/Modulo Viáticos/Crear viatico/Page_SARA/input_Fecha Final_form_otras_entidades"), "01/11/2021"): Text '01/11/2021' is set on object 'Object Repository/1-OBJECTS TAREAS PRINCIPALES/Modulo Actos Administrativos/Modulo Viáticos/Crear viatico/Page_SARA/input_Fecha Final_form_otras_entidades'

2023-04-10 09:08:32 - [MESSAGE][PASSED] - Text '01/11/2021' is set on object 'Object Repository/1-OBJECTS TAREAS PRINCIPALES/Modulo Actos Administrativos/Modulo Viáticos/Crear viatico/Page_SARA/input_Fecha Final_form_otras_entidades'

2023-04-10 09:08:32 - [TEST_STEP][PASSED] - click(findTestObject("1-OBJECTS TAREAS PRINCIPALES/Modulo Actos Administrativos/Modulo Viáticos/Crear viatico/Page_SARA/a_Fecha Final_form_")): Object: 'Object Repository/1-OBJECTS TAREAS PRINCIPALES/Modulo Actos Administrativos/Modulo Viáticos/Crear viatico/Page_SARA/a_Fecha Final_form_' is clicked on

2023-04-10 09:08:32 - [MESSAGE][PASSED] - Object: 'Object Repository/1-OBJECTS TAREAS PRINCIPALES/Modulo Actos Administrativos/Modulo Viáticos/Crear viatico/Page_SARA/a_Fecha Final_form_' is clicked on

2023-04-10 09:08:32 - [TEST_STEP][PASSED] - click(findTestObject("1-OBJECTS TAREAS PRINCIPALES/Modulo Actos Administrativos/Modulo Viáticos/Crear viatico/Page_SARA/a_Nuevo_Archivo")): Object: 'Object Repository/1-OBJECTS TAREAS PRINCIPALES/Modulo Actos Administrativos/Modulo Viáticos/Crear viatico/Page_SARA/a_Nuevo_Archivo' is clicked on

2023-04-10 09:08:33 - [MESSAGE][PASSED] - Object: 'Object Repository/1-OBJECTS TAREAS PRINCIPALES/Modulo Actos Administrativos/Modulo Viáticos/Crear viatico/Page_SARA/a_Nuevo_Archivo' is clicked on

2023-04-10 09:08:33 - [TEST_STEP][PASSED] - click(findTestObject("1-OBJECTS TAREAS PRINCIPALES/Modulo Actos Administrativos/Modulo Viáticos/Crear viatico/Page_SARA/a_Archivo")): Object: 'Object Repository/1-OBJECTS TAREAS PRINCIPALES/Modulo Actos Administrativos/Modulo Viáticos/Crear viatico/Page_SARA/a_Archivo' is clicked on

2023-04-10 09:08:34 - [MESSAGE][PASSED] - Object: 'Object Repository/1-OBJECTS TAREAS PRINCIPALES/Modulo Actos Administrativos/Modulo Viáticos/Crear viatico/Page_SARA/a_Archivo' is clicked on

2023-04-10 09:08:34 - [TEST_STEP][PASSED] - waitForElementClickable(findTestObject("1-OBJECTS TAREAS PRINCIPALES/Modulo Actos Administrativos/Modulo Viáticos/Crear viatico/Page_SARA/a_Nuevo_Archivo"), 1): Object 'Object Repository/1-OBJECTS TAREAS PRINCIPALES/Modulo Actos Administrativos/Modulo Viáticos/Crear viatico/Page_SARA/a_Nuevo_Archivo' is clickable

2023-04-10 09:08:34 - [MESSAGE][PASSED] - Object 'Object Repository/1-OBJECTS TAREAS PRINCIPALES/Modulo Actos Administrativos/Modulo Viáticos/Crear viatico/Page_SARA/a_Nuevo_Archivo' is clickable

2023-04-10 09:08:34 - [TEST_STEP][PASSED] - click(findTestObject("1-OBJECTS TAREAS PRINCIPALES/Modulo Actos Administrativos/Modulo Viáticos/Crear viatico/Page_SARA/a_Nuevo_Archivo")): Object: 'Object Repository/1-OBJECTS TAREAS PRINCIPALES/Modulo Actos Administrativos/Modulo Viáticos/Crear viatico/Page_SARA/a_Nuevo_Archivo' is clicked on

2023-04-10 09:08:35 - [MESSAGE][PASSED] - Object: 'Object Repository/1-OBJECTS TAREAS PRINCIPALES/Modulo Actos Administrativos/Modulo Viáticos/Crear viatico/Page_SARA/a_Nuevo_Archivo' is clicked on

2023-04-10 09:08:35 - [TEST_STEP][PASSED] - click(findTestObject("1-OBJECTS TAREAS PRINCIPALES/Modulo Actos Administrativos/Modulo Viáticos/Crear viatico/Page_SARA/input_Se ha cargado el archivo_popupAnexoArchivosubir")): Object: 'Object Repository/1-OBJECTS TAREAS PRINCIPALES/Modulo Actos Administrativos/Modulo Viáticos/Crear viatico/Page_SARA/input_Se ha cargado el archivo_popupAnexoArchivosubir' is clicked on

2023-04-10 09:08:35 - [MESSAGE][PASSED] - Object: 'Object Repository/1-OBJECTS TAREAS PRINCIPALES/Modulo Actos Administrativos/Modulo Viáticos/Crear viatico/Page_SARA/input_Se ha cargado el archivo_popupAnexoArchivosubir' is clicked on

2023-04-10 09:08:35 - [TEST_STEP][PASSED] - waitForElementClickable(findTestObject("1-OBJECTS TAREAS PRINCIPALES/Modulo Actos Administrativos/Modulo Viáticos/Crear viatico/Page_SARA/input_Descripcin_popupAnexoArchivodescripcion"), 0): Object 'Object Repository/1-OBJECTS TAREAS PRINCIPALES/Modulo Actos Administrativos/Modulo Viáticos/Crear viatico/Page_SARA/input_Descripcin_popupAnexoArchivodescripcion' is clickable

2023-04-10 09:08:35 - [MESSAGE][WARNING] - Timeout '0' is invalid. Using default page load timeout: '37'

2023-04-10 09:08:36 - [MESSAGE][PASSED] - Object 'Object Repository/1-OBJECTS TAREAS PRINCIPALES/Modulo Actos Administrativos/Modulo Viáticos/Crear viatico/Page_SARA/input_Descripcin_popupAnexoArchivodescripcion' is clickable

2023-04-10 09:08:36 - [TEST_STEP][PASSED] - setText(findTestObject("1-OBJECTS TAREAS PRINCIPALES/Modulo Actos Administrativos/Modulo Viáticos/Crear viatico/Page_SARA/input_Descripcin_popupAnexoArchivodescripcion"), "prueba"): Text 'prueba' is set on object 'Object Repository/1-OBJECTS TAREAS PRINCIPALES/Modulo Actos Administrativos/Modulo Viáticos/Crear viatico/Page_SARA/input_Descripcin_popupAnexoArchivodescripcion'

2023-04-10 09:08:36 - [MESSAGE][PASSED] - Text 'prueba' is set on object 'Object Repository/1-OBJECTS TAREAS PRINCIPALES/Modulo Actos Administrativos/Modulo Viáticos/Crear viatico/Page_SARA/input_Descripcin_popupAnexoArchivodescripcion'

2023-04-10 09:08:36 - [TEST_STEP][PASSED] - sendKeys(findTestObject("1-OBJECTS TAREAS PRINCIPALES/Modulo Actos Administrativos/Modulo Viáticos/Crear viatico/Page_SARA/input_Descripcin_popupAnexoArchivodescripcion"), Keys.chord(ENTER)): Keys 'ENTER + ' sent to object: 'Object Repository/1-OBJECTS TAREAS PRINCIPALES/Modulo Actos Administrativos/Modulo Viáticos/Crear viatico/Page_SARA/input_Descripcin_popupAnexoArchivodescripcion'

2023-04-10 09:08:37 - [MESSAGE][PASSED] - Keys 'ENTER + ' sent to object: 'Object Repository/1-OBJECTS TAREAS PRINCIPALES/Modulo Actos Administrativos/Modulo Viáticos/Crear viatico/Page_SARA/input_Descripcin_popupAnexoArchivodescripcion'

2023-04-10 09:08:37 - [TEST_STEP][PASSED] - ra = "": null

2023-04-10 09:08:37 - [TEST_STEP][PASSED] - ruta = Systema(ra) + "viaticos.pdf": null

2023-04-10 09:08:37 - [TEST_STEP][PASSED] - RutaA = System.getProperty("os.name"): null

2023-04-10 09:08:37 - [TEST_STEP][PASSED] - if (RutaA == "Windows 10"): null

2023-04-10 09:08:37 - [TEST_STEP][PASSED] - rutaW = getProjectDir() + "/1.Requerimientos/Documento para pruebas/": null

2023-04-10 09:08:37 - [TEST_STEP][PASSED] - rutaW = rutaW.replace("/", "\"): null

2023-04-10 09:08:37 - [TEST_STEP][PASSED] - println("Esta es la ruta:" + rutaW): null

2023-04-10 09:08:37 - [TEST_STEP][PASSED] - ra = rutaW: null

2023-04-10 09:08:37 - [TEST_STEP][PASSED] - println(ruta): null

2023-04-10 09:08:37 - [TEST_STEP][PASSED] - uploadFile(findTestObject("1-OBJECTS TAREAS PRINCIPALES/Modulo Actos Administrativos/Modulo Viáticos/Crear viatico/Page_SARA/input_Se ha cargado el archivo_popupAnexoArchivoinputFileNameArchivo_input"), ruta): File 'C:\Users\diego.rojas\git\Pruebas-Minimas\1.Requerimientos\Documento para pruebas\viaticos.pdf' sent to object: 'Object Repository/1-OBJECTS TAREAS PRINCIPALES/Modulo Actos Administrativos/Modulo Viáticos/Crear viatico/Page_SARA/input_Se ha cargado el archivo_popupAnexoArchivoinputFileNameArchivo_input'

2023-04-10 09:08:37 - [MESSAGE][PASSED] - File 'C:\Users\diego.rojas\git\Pruebas-Minimas\1.Requerimientos\Documento para pruebas\viaticos.pdf' sent to object: 'Object Repository/1-OBJECTS TAREAS PRINCIPALES/Modulo Actos Administrativos/Modulo Viáticos/Crear viatico/Page_SARA/input_Se ha cargado el archivo_popupAnexoArchivoinputFileNameArchivo_input'

2023-04-10 09:08:37 - [TEST_STEP][PASSED] - Result0 = getText(findTestObject("3-OBJECTS UTILIDADES/Alerta/Alerta")): Text of object 'Object Repository/3-OBJECTS UTILIDADES/Alerta/Alerta' is: 'Se Ingreso anexo exitosamente'

2023-04-10 09:08:38 - [MESSAGE][PASSED] - Text of object 'Object Repository/3-OBJECTS UTILIDADES/Alerta/Alerta' is: 'Se Ingreso anexo exitosamente'

2023-04-10 09:08:38 - [TEST_STEP][PASSED] - if (Result0 == "Se Ingreso anexo exitosamente"): null

2023-04-10 09:08:38 - [TEST_STEP][PASSED] - Resultado1 = "Prueba ok": null]]></system-out>
         <system-err><![CDATA[]]></system-err>
      </testcase>
      <testcase name="Test Cases/1.1-Tareas Principales/1.6.1 Costos de Viáticos" time="32.105" classname="Test Cases/1.1-Tareas Principales/1.6.1 Costos de Viáticos" status="PASSED">
         <system-out><![CDATA[2023-04-10 09:08:38 - [TEST_CASE][PASSED] - Test Cases/1.1-Tareas Principales/1.6.1 Costos de Viáticos: Test Cases/1.1-Tareas Principales/1.6.1 Costos de Viáticos

2023-04-10 09:08:38 - [TEST_STEP][PASSED] - callTestCase(findTestCase("0.1-Login"), [:], STOP_ON_FAILURE): Call Test Case 'Test Cases/0.1-Login' successfully

2023-04-10 09:08:38 - [TEST_CASE][PASSED] - Test Cases/0.1-Login: Test Cases/0.1-Login

2023-04-10 09:08:38 - [TEST_STEP][PASSED] - openBrowser(""): Browser is opened with url: ''

2023-04-10 09:08:38 - [MESSAGE][WARNING] - A browser is already opened. Closing browser and opening a new one

2023-04-10 09:08:39 - [MESSAGE][INFO] - Starting 'Chrome' driver

2023-04-10 09:08:39 - [MESSAGE][INFO] - Action delay is set to 0 milliseconds

2023-04-10 09:08:40 - [MESSAGE][PASSED] - Browser is opened with url: ''

2023-04-10 09:08:40 - [TEST_STEP][PASSED] - maximizeWindow(): Current window maximized

2023-04-10 09:08:40 - [MESSAGE][PASSED] - Current window maximized

2023-04-10 09:08:40 - [TEST_STEP][PASSED] - i = G_Login: null

2023-04-10 09:08:40 - [TEST_STEP][PASSED] - url = new java.net.URL(i): null

2023-04-10 09:08:40 - [TEST_STEP][PASSED] - println("URL: " + url.toString()): null

2023-04-10 09:08:40 - [TEST_STEP][PASSED] - connection = url.openConnection(): null

2023-04-10 09:08:40 - [TEST_STEP][PASSED] - connection.setRequestMethod("GET"): null

2023-04-10 09:08:40 - [TEST_STEP][PASSED] - connection.setReadTimeout(2 * 1000): null

2023-04-10 09:08:40 - [TEST_STEP][PASSED] - try: null

2023-04-10 09:08:40 - [TEST_STEP][PASSED] - connection.connect(): null

2023-04-10 09:08:40 - [TEST_STEP][PASSED] - flag = connected: null

2023-04-10 09:08:40 - [TEST_STEP][PASSED] - println("Valor_ori: " + flag): null

2023-04-10 09:08:40 - [TEST_STEP][PASSED] - if (flag): null

2023-04-10 09:08:40 - [TEST_STEP][PASSED] - navigateToUrl(i): Navigate to 'http://192.168.2.19:8380/saraweb' successfully

2023-04-10 09:08:41 - [MESSAGE][PASSED] - Navigate to 'http://192.168.2.19:8380/saraweb' successfully

2023-04-10 09:08:41 - [TEST_STEP][PASSED] - a(): null

2023-04-10 09:08:41 - [TEST_STEP][PASSED] - if (waitForElementVisible(findTestObject("3-OBJECTS UTILIDADES/Login/input_USUARIO_loginusuario"), 0)): null

2023-04-10 09:08:41 - [MESSAGE][WARNING] - Timeout '0' is invalid. Using default page load timeout: '37'

2023-04-10 09:08:41 - [MESSAGE][PASSED] - Object 'Object Repository/3-OBJECTS UTILIDADES/Login/input_USUARIO_loginusuario' is visible

2023-04-10 09:08:41 - [TEST_STEP][PASSED] - switchToWindowTitle("SARA"): Switched to window with title: 'SARA'

2023-04-10 09:08:41 - [MESSAGE][PASSED] - Switched to window with title: 'SARA'

2023-04-10 09:08:41 - [TEST_STEP][PASSED] - zoom(): null

2023-04-10 09:08:41 - [TEST_STEP][PASSED] - robot = new java.awt.Robot(): null

2023-04-10 09:08:41 - [TEST_STEP][PASSED] - robot.keyPress(VK_CONTROL): null

2023-04-10 09:08:41 - [TEST_STEP][PASSED] - robot.keyPress(VK_SUBTRACT): null

2023-04-10 09:08:41 - [TEST_STEP][PASSED] - robot.keyRelease(VK_CONTROL): null

2023-04-10 09:08:41 - [TEST_STEP][PASSED] - robot.keyRelease(VK_SUBTRACT): null

2023-04-10 09:08:41 - [TEST_STEP][PASSED] - robot.keyPress(VK_CONTROL): null

2023-04-10 09:08:41 - [TEST_STEP][PASSED] - robot.keyPress(VK_SUBTRACT): null

2023-04-10 09:08:41 - [TEST_STEP][PASSED] - robot.keyRelease(VK_CONTROL): null

2023-04-10 09:08:41 - [TEST_STEP][PASSED] - robot.keyRelease(VK_SUBTRACT): null

2023-04-10 09:08:41 - [TEST_STEP][PASSED] - robot.keyPress(VK_CONTROL): null

2023-04-10 09:08:41 - [TEST_STEP][PASSED] - robot.keyPress(VK_SUBTRACT): null

2023-04-10 09:08:41 - [TEST_STEP][PASSED] - robot.keyRelease(VK_CONTROL): null

2023-04-10 09:08:41 - [TEST_STEP][PASSED] - robot.keyRelease(VK_SUBTRACT): null

2023-04-10 09:08:41 - [TEST_STEP][PASSED] - robot.keyRelease(VK_CONTROL): null

2023-04-10 09:08:41 - [TEST_STEP][PASSED] - robot.keyRelease(VK_SUBTRACT): null

2023-04-10 09:08:41 - [TEST_STEP][PASSED] - setText(findTestObject("3-OBJECTS UTILIDADES/Login/input_USUARIO_loginusuario"), G_Usuario): Text 'saraadmin' is set on object 'Object Repository/3-OBJECTS UTILIDADES/Login/input_USUARIO_loginusuario'

2023-04-10 09:08:42 - [MESSAGE][PASSED] - Text 'saraadmin' is set on object 'Object Repository/3-OBJECTS UTILIDADES/Login/input_USUARIO_loginusuario'

2023-04-10 09:08:42 - [TEST_STEP][PASSED] - setEncryptedText(findTestObject("3-OBJECTS UTILIDADES/Login/input_CLAVE_loginpassword"), "SlAwMcyRKqrwbnzhAs8HhT6NnI7sEyng"): Text ****** has been set on object 'Object Repository/3-OBJECTS UTILIDADES/Login/input_CLAVE_loginpassword'

2023-04-10 09:08:44 - [MESSAGE][PASSED] - Text ****** has been set on object 'Object Repository/3-OBJECTS UTILIDADES/Login/input_CLAVE_loginpassword'

2023-04-10 09:08:44 - [TEST_STEP][PASSED] - while (waitForElementClickable(findTestObject("3-OBJECTS UTILIDADES/Login/a_Ingresar"), 1)): Web element with id: 'Object Repository/3-OBJECTS UTILIDADES/Login/a_Ingresar' located by '//a[contains(text(),'Ingresar')]' not found

2023-04-10 09:08:46 - [MESSAGE][INFO] - Unable to find the element located by 'By.xpath: //a[contains(text(),'Ingresar')]'. Please recheck the objects properties to make sure the desired element is located. 

2023-04-10 09:08:46 - [MESSAGE][WARNING] - Web element with id: 'Object Repository/3-OBJECTS UTILIDADES/Login/a_Ingresar' located by '//a[contains(text(),'Ingresar')]' not found

2023-04-10 09:08:46 - [MESSAGE][PASSED] - Call Test Case 'Test Cases/0.1-Login' successfully

2023-04-10 09:08:46 - [TEST_STEP][PASSED] - Result0 = "": null

2023-04-10 09:08:46 - [TEST_STEP][PASSED] - waitForElementClickable(findTestObject("1-OBJECTS TAREAS PRINCIPALES/Modulo Actos Administrativos/Modulo Viáticos/Costos de Viáticos/input_ADMINISTRADOR DEL SISTEMA - SARA_form_templatej_idt24_input"), 0): Object 'Object Repository/1-OBJECTS TAREAS PRINCIPALES/Modulo Actos Administrativos/Modulo Viáticos/Costos de Viáticos/input_ADMINISTRADOR DEL SISTEMA - SARA_form_templatej_idt24_input' is clickable

2023-04-10 09:08:46 - [MESSAGE][WARNING] - Timeout '0' is invalid. Using default page load timeout: '37'

2023-04-10 09:08:46 - [MESSAGE][PASSED] - Object 'Object Repository/1-OBJECTS TAREAS PRINCIPALES/Modulo Actos Administrativos/Modulo Viáticos/Costos de Viáticos/input_ADMINISTRADOR DEL SISTEMA - SARA_form_templatej_idt24_input' is clickable

2023-04-10 09:08:46 - [TEST_STEP][PASSED] - setText(findTestObject("1-OBJECTS TAREAS PRINCIPALES/Modulo Actos Administrativos/Modulo Viáticos/Costos de Viáticos/input_ADMINISTRADOR DEL SISTEMA - SARA_form_templatej_idt24_input"), "listado de viaticos"): Text 'listado de viaticos' is set on object 'Object Repository/1-OBJECTS TAREAS PRINCIPALES/Modulo Actos Administrativos/Modulo Viáticos/Costos de Viáticos/input_ADMINISTRADOR DEL SISTEMA - SARA_form_templatej_idt24_input'

2023-04-10 09:08:47 - [MESSAGE][PASSED] - Text 'listado de viaticos' is set on object 'Object Repository/1-OBJECTS TAREAS PRINCIPALES/Modulo Actos Administrativos/Modulo Viáticos/Costos de Viáticos/input_ADMINISTRADOR DEL SISTEMA - SARA_form_templatej_idt24_input'

2023-04-10 09:08:47 - [TEST_STEP][PASSED] - waitForElementClickable(findTestObject("1-OBJECTS TAREAS PRINCIPALES/Modulo Actos Administrativos/Modulo Viáticos/Costos de Viáticos/li_Listado de Viaticos (act)"), 0): Object 'Object Repository/1-OBJECTS TAREAS PRINCIPALES/Modulo Actos Administrativos/Modulo Viáticos/Costos de Viáticos/li_Listado de Viaticos (act)' is clickable

2023-04-10 09:08:47 - [MESSAGE][WARNING] - Timeout '0' is invalid. Using default page load timeout: '37'

2023-04-10 09:08:48 - [MESSAGE][PASSED] - Object 'Object Repository/1-OBJECTS TAREAS PRINCIPALES/Modulo Actos Administrativos/Modulo Viáticos/Costos de Viáticos/li_Listado de Viaticos (act)' is clickable

2023-04-10 09:08:48 - [TEST_STEP][PASSED] - sendKeys(findTestObject("1-OBJECTS TAREAS PRINCIPALES/Modulo Actos Administrativos/Modulo Viáticos/Costos de Viáticos/input_ADMINISTRADOR DEL SISTEMA - SARA_form_templatej_idt24_input"), Keys.chord(ENTER)): Keys 'ENTER + ' sent to object: 'Object Repository/1-OBJECTS TAREAS PRINCIPALES/Modulo Actos Administrativos/Modulo Viáticos/Costos de Viáticos/input_ADMINISTRADOR DEL SISTEMA - SARA_form_templatej_idt24_input'

2023-04-10 09:08:49 - [MESSAGE][PASSED] - Keys 'ENTER + ' sent to object: 'Object Repository/1-OBJECTS TAREAS PRINCIPALES/Modulo Actos Administrativos/Modulo Viáticos/Costos de Viáticos/input_ADMINISTRADOR DEL SISTEMA - SARA_form_templatej_idt24_input'

2023-04-10 09:08:49 - [TEST_STEP][PASSED] - setText(findTestObject("1-OBJECTS TAREAS PRINCIPALES/Modulo Actos Administrativos/Modulo Viáticos/Crear viatico/input_Ao_form_listadoviaticosanio"), "2021"): Text '2021' is set on object 'Object Repository/1-OBJECTS TAREAS PRINCIPALES/Modulo Actos Administrativos/Modulo Viáticos/Crear viatico/input_Ao_form_listadoviaticosanio'

2023-04-10 09:08:51 - [MESSAGE][PASSED] - Text '2021' is set on object 'Object Repository/1-OBJECTS TAREAS PRINCIPALES/Modulo Actos Administrativos/Modulo Viáticos/Crear viatico/input_Ao_form_listadoviaticosanio'

2023-04-10 09:08:51 - [TEST_STEP][PASSED] - sendKeys(findTestObject("1-OBJECTS TAREAS PRINCIPALES/Modulo Actos Administrativos/Modulo Viáticos/Crear viatico/input_Ao_form_listadoviaticosanio"), Keys.chord(ENTER)): Keys 'ENTER + ' sent to object: 'Object Repository/1-OBJECTS TAREAS PRINCIPALES/Modulo Actos Administrativos/Modulo Viáticos/Crear viatico/input_Ao_form_listadoviaticosanio'

2023-04-10 09:08:51 - [MESSAGE][PASSED] - Keys 'ENTER + ' sent to object: 'Object Repository/1-OBJECTS TAREAS PRINCIPALES/Modulo Actos Administrativos/Modulo Viáticos/Crear viatico/input_Ao_form_listadoviaticosanio'

2023-04-10 09:08:51 - [TEST_STEP][PASSED] - selectOptionByIndex(findTestObject("1-OBJECTS TAREAS PRINCIPALES/Modulo Actos Administrativos/Modulo Viáticos/Costos de Viáticos/select_--Seleccione--Estado"), 2): All options with index in [2] are selected on object 'Object Repository/1-OBJECTS TAREAS PRINCIPALES/Modulo Actos Administrativos/Modulo Viáticos/Costos de Viáticos/select_--Seleccione--Estado'

2023-04-10 09:08:52 - [MESSAGE][PASSED] - All options with index in [2] are selected on object 'Object Repository/1-OBJECTS TAREAS PRINCIPALES/Modulo Actos Administrativos/Modulo Viáticos/Costos de Viáticos/select_--Seleccione--Estado'

2023-04-10 09:08:52 - [TEST_STEP][PASSED] - if (waitForElementClickable(findTestObject("1-OBJECTS TAREAS PRINCIPALES/Modulo Actos Administrativos/Modulo Viáticos/Complementario de Viáticos/span_5"), 2)): null

2023-04-10 09:08:53 - [MESSAGE][PASSED] - Object 'Object Repository/1-OBJECTS TAREAS PRINCIPALES/Modulo Actos Administrativos/Modulo Viáticos/Complementario de Viáticos/span_5' is clickable

2023-04-10 09:08:53 - [TEST_STEP][PASSED] - click(findTestObject("1-OBJECTS TAREAS PRINCIPALES/Modulo Actos Administrativos/Modulo Viáticos/Complementario de Viáticos/span_5")): Object: 'Object Repository/1-OBJECTS TAREAS PRINCIPALES/Modulo Actos Administrativos/Modulo Viáticos/Complementario de Viáticos/span_5' is clicked on

2023-04-10 09:08:53 - [MESSAGE][PASSED] - Object: 'Object Repository/1-OBJECTS TAREAS PRINCIPALES/Modulo Actos Administrativos/Modulo Viáticos/Complementario de Viáticos/span_5' is clicked on

2023-04-10 09:08:53 - [TEST_STEP][PASSED] - waitForElementClickable(findTestObject("1-OBJECTS TAREAS PRINCIPALES/Modulo Actos Administrativos/Modulo Viáticos/Costos de Viáticos/a_Costos"), 0): Object 'Object Repository/1-OBJECTS TAREAS PRINCIPALES/Modulo Actos Administrativos/Modulo Viáticos/Costos de Viáticos/a_Costos' is clickable

2023-04-10 09:08:53 - [MESSAGE][WARNING] - Timeout '0' is invalid. Using default page load timeout: '37'

2023-04-10 09:08:54 - [MESSAGE][PASSED] - Object 'Object Repository/1-OBJECTS TAREAS PRINCIPALES/Modulo Actos Administrativos/Modulo Viáticos/Costos de Viáticos/a_Costos' is clickable

2023-04-10 09:08:54 - [TEST_STEP][PASSED] - click(findTestObject("1-OBJECTS TAREAS PRINCIPALES/Modulo Actos Administrativos/Modulo Viáticos/Costos de Viáticos/a_Costos")): Object: 'Object Repository/1-OBJECTS TAREAS PRINCIPALES/Modulo Actos Administrativos/Modulo Viáticos/Costos de Viáticos/a_Costos' is clicked on

2023-04-10 09:08:55 - [MESSAGE][PASSED] - Object: 'Object Repository/1-OBJECTS TAREAS PRINCIPALES/Modulo Actos Administrativos/Modulo Viáticos/Costos de Viáticos/a_Costos' is clicked on

2023-04-10 09:08:55 - [TEST_STEP][PASSED] - sendKeys(findTestObject("1-OBJECTS TAREAS PRINCIPALES/Modulo Actos Administrativos/Modulo Viáticos/Costos de Viáticos/a_Costos"), Keys.chord(DOWN, DOWN, DOWN, DOWN, DOWN, DOWN, DOWN)): Keys 'DOWN + DOWN + DOWN + DOWN + DOWN + DOWN + DOWN + ' sent to object: 'Object Repository/1-OBJECTS TAREAS PRINCIPALES/Modulo Actos Administrativos/Modulo Viáticos/Costos de Viáticos/a_Costos'

2023-04-10 09:08:55 - [MESSAGE][PASSED] - Keys 'DOWN + DOWN + DOWN + DOWN + DOWN + DOWN + DOWN + ' sent to object: 'Object Repository/1-OBJECTS TAREAS PRINCIPALES/Modulo Actos Administrativos/Modulo Viáticos/Costos de Viáticos/a_Costos'

2023-04-10 09:08:55 - [TEST_STEP][PASSED] - while (waitForElementClickable(findTestObject("1-OBJECTS TAREAS PRINCIPALES/Modulo Actos Administrativos/Modulo Viáticos/Costos de Viáticos/td_QUINTERO 5 EMPLEADO - Copy"), 2)): Web element with id: 'Object Repository/1-OBJECTS TAREAS PRINCIPALES/Modulo Actos Administrativos/Modulo Viáticos/Costos de Viáticos/td_QUINTERO 5 EMPLEADO - Copy' located by '
/html/body/div[1]/div[3]/div/table/tbody/tr[3]/td/table/tbody/tr/td/div/table/tbody/tr/td[2]/form/div/span/div/div/table/tbody/tr/td[2]' not found

2023-04-10 09:08:58 - [MESSAGE][INFO] - Unable to find the element located by 'By.xpath: 
/html/body/div[1]/div[3]/div/table/tbody/tr[3]/td/table/tbody/tr/td/div/table/tbody/tr/td[2]/form/div/span/div/div/table/tbody/tr/td[2]'. Please recheck the objects properties to make sure the desired element is located. 

2023-04-10 09:08:58 - [MESSAGE][WARNING] - Web element with id: 'Object Repository/1-OBJECTS TAREAS PRINCIPALES/Modulo Actos Administrativos/Modulo Viáticos/Costos de Viáticos/td_QUINTERO 5 EMPLEADO - Copy' located by '
/html/body/div[1]/div[3]/div/table/tbody/tr[3]/td/table/tbody/tr/td/div/table/tbody/tr/td[2]/form/div/span/div/div/table/tbody/tr/td[2]' not found

2023-04-10 09:08:58 - [TEST_STEP][PASSED] - waitForElementClickable(findTestObject("1-OBJECTS TAREAS PRINCIPALES/Modulo Actos Administrativos/Modulo Viáticos/Costos de Viáticos/a_Nuevo1_costo"), 0): Object 'Object Repository/1-OBJECTS TAREAS PRINCIPALES/Modulo Actos Administrativos/Modulo Viáticos/Costos de Viáticos/a_Nuevo1_costo' is clickable

2023-04-10 09:08:58 - [MESSAGE][WARNING] - Timeout '0' is invalid. Using default page load timeout: '37'

2023-04-10 09:08:59 - [MESSAGE][PASSED] - Object 'Object Repository/1-OBJECTS TAREAS PRINCIPALES/Modulo Actos Administrativos/Modulo Viáticos/Costos de Viáticos/a_Nuevo1_costo' is clickable

2023-04-10 09:08:59 - [TEST_STEP][PASSED] - click(findTestObject("1-OBJECTS TAREAS PRINCIPALES/Modulo Actos Administrativos/Modulo Viáticos/Costos de Viáticos/a_Nuevo1_costo")): Object: 'Object Repository/1-OBJECTS TAREAS PRINCIPALES/Modulo Actos Administrativos/Modulo Viáticos/Costos de Viáticos/a_Nuevo1_costo' is clicked on

2023-04-10 09:08:59 - [MESSAGE][PASSED] - Object: 'Object Repository/1-OBJECTS TAREAS PRINCIPALES/Modulo Actos Administrativos/Modulo Viáticos/Costos de Viáticos/a_Nuevo1_costo' is clicked on

2023-04-10 09:08:59 - [TEST_STEP][PASSED] - waitForElementClickable(findTestObject("1-OBJECTS TAREAS PRINCIPALES/Modulo Actos Administrativos/Modulo Viáticos/Costos de Viáticos/a_Funcionario_form_popupComplementarioViaticoj_idt332"), 0): Object 'Object Repository/1-OBJECTS TAREAS PRINCIPALES/Modulo Actos Administrativos/Modulo Viáticos/Costos de Viáticos/a_Funcionario_form_popupComplementarioViaticoj_idt332' is clickable

2023-04-10 09:08:59 - [MESSAGE][WARNING] - Timeout '0' is invalid. Using default page load timeout: '37'

2023-04-10 09:09:00 - [MESSAGE][PASSED] - Object 'Object Repository/1-OBJECTS TAREAS PRINCIPALES/Modulo Actos Administrativos/Modulo Viáticos/Costos de Viáticos/a_Funcionario_form_popupComplementarioViaticoj_idt332' is clickable

2023-04-10 09:09:00 - [TEST_STEP][PASSED] - click(findTestObject("1-OBJECTS TAREAS PRINCIPALES/Modulo Actos Administrativos/Modulo Viáticos/Costos de Viáticos/a_Funcionario_form_popupComplementarioViaticoj_idt332")): Object: 'Object Repository/1-OBJECTS TAREAS PRINCIPALES/Modulo Actos Administrativos/Modulo Viáticos/Costos de Viáticos/a_Funcionario_form_popupComplementarioViaticoj_idt332' is clicked on

2023-04-10 09:09:00 - [MESSAGE][PASSED] - Object: 'Object Repository/1-OBJECTS TAREAS PRINCIPALES/Modulo Actos Administrativos/Modulo Viáticos/Costos de Viáticos/a_Funcionario_form_popupComplementarioViaticoj_idt332' is clicked on

2023-04-10 09:09:00 - [TEST_STEP][PASSED] - waitForElementClickable(findTestObject("1-OBJECTS TAREAS PRINCIPALES/Modulo Actos Administrativos/Modulo Viáticos/Costos de Viáticos/td_QUINTERO 5 EMPLEADO"), 0): Object 'Object Repository/1-OBJECTS TAREAS PRINCIPALES/Modulo Actos Administrativos/Modulo Viáticos/Costos de Viáticos/td_QUINTERO 5 EMPLEADO' is clickable

2023-04-10 09:09:00 - [MESSAGE][WARNING] - Timeout '0' is invalid. Using default page load timeout: '37'

2023-04-10 09:09:01 - [MESSAGE][PASSED] - Object 'Object Repository/1-OBJECTS TAREAS PRINCIPALES/Modulo Actos Administrativos/Modulo Viáticos/Costos de Viáticos/td_QUINTERO 5 EMPLEADO' is clickable

2023-04-10 09:09:01 - [TEST_STEP][PASSED] - click(findTestObject("1-OBJECTS TAREAS PRINCIPALES/Modulo Actos Administrativos/Modulo Viáticos/Costos de Viáticos/td_QUINTERO 5 EMPLEADO")): Object: 'Object Repository/1-OBJECTS TAREAS PRINCIPALES/Modulo Actos Administrativos/Modulo Viáticos/Costos de Viáticos/td_QUINTERO 5 EMPLEADO' is clicked on

2023-04-10 09:09:01 - [MESSAGE][PASSED] - Object: 'Object Repository/1-OBJECTS TAREAS PRINCIPALES/Modulo Actos Administrativos/Modulo Viáticos/Costos de Viáticos/td_QUINTERO 5 EMPLEADO' is clicked on

2023-04-10 09:09:01 - [TEST_STEP][PASSED] - waitForElementVisible(findTestObject("1-OBJECTS TAREAS PRINCIPALES/Modulo Actos Administrativos/Modulo Viáticos/Complementario de Viáticos/select_--- Seleccione Tipo Costo --Viatico prueba--complementario"), 0): Object 'Object Repository/1-OBJECTS TAREAS PRINCIPALES/Modulo Actos Administrativos/Modulo Viáticos/Complementario de Viáticos/select_--- Seleccione Tipo Costo --Viatico prueba--complementario' is visible

2023-04-10 09:09:02 - [MESSAGE][WARNING] - Timeout '0' is invalid. Using default page load timeout: '37'

2023-04-10 09:09:02 - [MESSAGE][PASSED] - Object 'Object Repository/1-OBJECTS TAREAS PRINCIPALES/Modulo Actos Administrativos/Modulo Viáticos/Complementario de Viáticos/select_--- Seleccione Tipo Costo --Viatico prueba--complementario' is visible

2023-04-10 09:09:02 - [TEST_STEP][PASSED] - selectOptionByIndex(findTestObject("1-OBJECTS TAREAS PRINCIPALES/Modulo Actos Administrativos/Modulo Viáticos/Complementario de Viáticos/select_--- Seleccione Tipo Costo --Viatico prueba--complementario"), "2"): All options with index in [2] are selected on object 'Object Repository/1-OBJECTS TAREAS PRINCIPALES/Modulo Actos Administrativos/Modulo Viáticos/Complementario de Viáticos/select_--- Seleccione Tipo Costo --Viatico prueba--complementario'

2023-04-10 09:09:03 - [MESSAGE][PASSED] - All options with index in [2] are selected on object 'Object Repository/1-OBJECTS TAREAS PRINCIPALES/Modulo Actos Administrativos/Modulo Viáticos/Complementario de Viáticos/select_--- Seleccione Tipo Costo --Viatico prueba--complementario'

2023-04-10 09:09:03 - [TEST_STEP][PASSED] - setText(findTestObject("1-OBJECTS TAREAS PRINCIPALES/Modulo Actos Administrativos/Modulo Viáticos/Costos de Viáticos/input_Valor Pagado UD_form_popupcostoviaticosvalorPagadoUD"), "1500000"): Text '1500000' is set on object 'Object Repository/1-OBJECTS TAREAS PRINCIPALES/Modulo Actos Administrativos/Modulo Viáticos/Costos de Viáticos/input_Valor Pagado UD_form_popupcostoviaticosvalorPagadoUD'

2023-04-10 09:09:04 - [MESSAGE][PASSED] - Text '1500000' is set on object 'Object Repository/1-OBJECTS TAREAS PRINCIPALES/Modulo Actos Administrativos/Modulo Viáticos/Costos de Viáticos/input_Valor Pagado UD_form_popupcostoviaticosvalorPagadoUD'

2023-04-10 09:09:04 - [TEST_STEP][PASSED] - setText(findTestObject("1-OBJECTS TAREAS PRINCIPALES/Modulo Actos Administrativos/Modulo Viáticos/Costos de Viáticos/input_Excedente_form_popupcostoviaticosvalorExcedente"), "10000"): Text '10000' is set on object 'Object Repository/1-OBJECTS TAREAS PRINCIPALES/Modulo Actos Administrativos/Modulo Viáticos/Costos de Viáticos/input_Excedente_form_popupcostoviaticosvalorExcedente'

2023-04-10 09:09:05 - [MESSAGE][PASSED] - Text '10000' is set on object 'Object Repository/1-OBJECTS TAREAS PRINCIPALES/Modulo Actos Administrativos/Modulo Viáticos/Costos de Viáticos/input_Excedente_form_popupcostoviaticosvalorExcedente'

2023-04-10 09:09:05 - [TEST_STEP][PASSED] - setText(findTestObject("1-OBJECTS TAREAS PRINCIPALES/Modulo Actos Administrativos/Modulo Viáticos/Costos de Viáticos/input_Factura_form_popupcostoviaticosfactura"), "5"): Text '5' is set on object 'Object Repository/1-OBJECTS TAREAS PRINCIPALES/Modulo Actos Administrativos/Modulo Viáticos/Costos de Viáticos/input_Factura_form_popupcostoviaticosfactura'

2023-04-10 09:09:06 - [MESSAGE][PASSED] - Text '5' is set on object 'Object Repository/1-OBJECTS TAREAS PRINCIPALES/Modulo Actos Administrativos/Modulo Viáticos/Costos de Viáticos/input_Factura_form_popupcostoviaticosfactura'

2023-04-10 09:09:06 - [TEST_STEP][PASSED] - setText(findTestObject("1-OBJECTS TAREAS PRINCIPALES/Modulo Actos Administrativos/Modulo Viáticos/Costos de Viáticos/input_Factura_form_popupcostoviaticosfechafactura_input"), "01/07/2021"): Text '01/07/2021' is set on object 'Object Repository/1-OBJECTS TAREAS PRINCIPALES/Modulo Actos Administrativos/Modulo Viáticos/Costos de Viáticos/input_Factura_form_popupcostoviaticosfechafactura_input'

2023-04-10 09:09:07 - [MESSAGE][PASSED] - Text '01/07/2021' is set on object 'Object Repository/1-OBJECTS TAREAS PRINCIPALES/Modulo Actos Administrativos/Modulo Viáticos/Costos de Viáticos/input_Factura_form_popupcostoviaticosfechafactura_input'

2023-04-10 09:09:07 - [TEST_STEP][PASSED] - if (waitForElementVisible(findTestObject("1-OBJECTS TAREAS PRINCIPALES/Modulo Actos Administrativos/Modulo Viáticos/Costos de Viáticos/input_viatico_form_popupcostoviaticosdestino"), 1)): null

2023-04-10 09:09:07 - [MESSAGE][PASSED] - Object 'Object Repository/1-OBJECTS TAREAS PRINCIPALES/Modulo Actos Administrativos/Modulo Viáticos/Costos de Viáticos/input_viatico_form_popupcostoviaticosdestino' is visible

2023-04-10 09:09:07 - [TEST_STEP][PASSED] - setText(findTestObject("1-OBJECTS TAREAS PRINCIPALES/Modulo Actos Administrativos/Modulo Viáticos/Costos de Viáticos/input_viatico_form_popupcostoviaticosdestino"), "1"): Text '1' is set on object 'Object Repository/1-OBJECTS TAREAS PRINCIPALES/Modulo Actos Administrativos/Modulo Viáticos/Costos de Viáticos/input_viatico_form_popupcostoviaticosdestino'

2023-04-10 09:09:08 - [MESSAGE][PASSED] - Text '1' is set on object 'Object Repository/1-OBJECTS TAREAS PRINCIPALES/Modulo Actos Administrativos/Modulo Viáticos/Costos de Viáticos/input_viatico_form_popupcostoviaticosdestino'

2023-04-10 09:09:08 - [TEST_STEP][PASSED] - click(findTestObject("1-OBJECTS TAREAS PRINCIPALES/Modulo Actos Administrativos/Modulo Viáticos/Costos de Viáticos/input_viatico_form_popupcostoviaticosdestino")): Object: 'Object Repository/1-OBJECTS TAREAS PRINCIPALES/Modulo Actos Administrativos/Modulo Viáticos/Costos de Viáticos/input_viatico_form_popupcostoviaticosdestino' is clicked on

2023-04-10 09:09:08 - [MESSAGE][PASSED] - Object: 'Object Repository/1-OBJECTS TAREAS PRINCIPALES/Modulo Actos Administrativos/Modulo Viáticos/Costos de Viáticos/input_viatico_form_popupcostoviaticosdestino' is clicked on

2023-04-10 09:09:08 - [TEST_STEP][PASSED] - click(findTestObject("1-OBJECTS TAREAS PRINCIPALES/Modulo Actos Administrativos/Modulo Viáticos/Costos de Viáticos/a_Guardar_costo")): Object: 'Object Repository/1-OBJECTS TAREAS PRINCIPALES/Modulo Actos Administrativos/Modulo Viáticos/Costos de Viáticos/a_Guardar_costo' is clicked on

2023-04-10 09:09:09 - [MESSAGE][PASSED] - Object: 'Object Repository/1-OBJECTS TAREAS PRINCIPALES/Modulo Actos Administrativos/Modulo Viáticos/Costos de Viáticos/a_Guardar_costo' is clicked on

2023-04-10 09:09:09 - [TEST_STEP][PASSED] - waitForElementClickable(findTestObject("1-OBJECTS TAREAS PRINCIPALES/Modulo Actos Administrativos/Modulo Viáticos/Costos de Viáticos/p_El registro se ha insertado correctamente"), 0): Object 'Object Repository/1-OBJECTS TAREAS PRINCIPALES/Modulo Actos Administrativos/Modulo Viáticos/Costos de Viáticos/p_El registro se ha insertado correctamente' is clickable

2023-04-10 09:09:09 - [MESSAGE][WARNING] - Timeout '0' is invalid. Using default page load timeout: '37'

2023-04-10 09:09:09 - [MESSAGE][PASSED] - Object 'Object Repository/1-OBJECTS TAREAS PRINCIPALES/Modulo Actos Administrativos/Modulo Viáticos/Costos de Viáticos/p_El registro se ha insertado correctamente' is clickable

2023-04-10 09:09:09 - [TEST_STEP][PASSED] - Result0 = getText(findTestObject("3-OBJECTS UTILIDADES/Alerta/Alerta")): Text of object 'Object Repository/3-OBJECTS UTILIDADES/Alerta/Alerta' is: 'El registro se ha insertado correctamente'

2023-04-10 09:09:10 - [MESSAGE][PASSED] - Text of object 'Object Repository/3-OBJECTS UTILIDADES/Alerta/Alerta' is: 'El registro se ha insertado correctamente'

2023-04-10 09:09:10 - [TEST_STEP][PASSED] - click(findTestObject("1-OBJECTS TAREAS PRINCIPALES/Modulo Actos Administrativos/Modulo Viáticos/Costos de Viáticos/span_Cerrar_ Costo viatico")): Object: 'Object Repository/1-OBJECTS TAREAS PRINCIPALES/Modulo Actos Administrativos/Modulo Viáticos/Costos de Viáticos/span_Cerrar_ Costo viatico' is clicked on

2023-04-10 09:09:10 - [MESSAGE][PASSED] - Object: 'Object Repository/1-OBJECTS TAREAS PRINCIPALES/Modulo Actos Administrativos/Modulo Viáticos/Costos de Viáticos/span_Cerrar_ Costo viatico' is clicked on

2023-04-10 09:09:10 - [TEST_STEP][PASSED] - if (Result0 == "El registro se ha insertado correctamente"): null

2023-04-10 09:09:10 - [TEST_STEP][PASSED] - Resultado = "PRUEBA OK": null]]></system-out>
         <system-err><![CDATA[]]></system-err>
      </testcase>
      <testcase name="Test Cases/1.1-Tareas Principales/1.6.2 Complementario de Viáticos" time="36.401" classname="Test Cases/1.1-Tareas Principales/1.6.2 Complementario de Viáticos" status="PASSED">
         <system-out><![CDATA[2023-04-10 09:09:10 - [TEST_CASE][PASSED] - Test Cases/1.1-Tareas Principales/1.6.2 Complementario de Viáticos: Test Cases/1.1-Tareas Principales/1.6.2 Complementario de Viáticos

2023-04-10 09:09:11 - [TEST_STEP][PASSED] - callTestCase(findTestCase("0.1-Login"), [:], STOP_ON_FAILURE): Call Test Case 'Test Cases/0.1-Login' successfully

2023-04-10 09:09:11 - [TEST_CASE][PASSED] - Test Cases/0.1-Login: Test Cases/0.1-Login

2023-04-10 09:09:11 - [TEST_STEP][PASSED] - openBrowser(""): Browser is opened with url: ''

2023-04-10 09:09:11 - [MESSAGE][WARNING] - A browser is already opened. Closing browser and opening a new one

2023-04-10 09:09:11 - [MESSAGE][INFO] - Starting 'Chrome' driver

2023-04-10 09:09:11 - [MESSAGE][INFO] - Action delay is set to 0 milliseconds

2023-04-10 09:09:13 - [MESSAGE][PASSED] - Browser is opened with url: ''

2023-04-10 09:09:13 - [TEST_STEP][PASSED] - maximizeWindow(): Current window maximized

2023-04-10 09:09:13 - [MESSAGE][PASSED] - Current window maximized

2023-04-10 09:09:13 - [TEST_STEP][PASSED] - i = G_Login: null

2023-04-10 09:09:13 - [TEST_STEP][PASSED] - url = new java.net.URL(i): null

2023-04-10 09:09:13 - [TEST_STEP][PASSED] - println("URL: " + url.toString()): null

2023-04-10 09:09:13 - [TEST_STEP][PASSED] - connection = url.openConnection(): null

2023-04-10 09:09:13 - [TEST_STEP][PASSED] - connection.setRequestMethod("GET"): null

2023-04-10 09:09:13 - [TEST_STEP][PASSED] - connection.setReadTimeout(2 * 1000): null

2023-04-10 09:09:13 - [TEST_STEP][PASSED] - try: null

2023-04-10 09:09:13 - [TEST_STEP][PASSED] - connection.connect(): null

2023-04-10 09:09:13 - [TEST_STEP][PASSED] - flag = connected: null

2023-04-10 09:09:13 - [TEST_STEP][PASSED] - println("Valor_ori: " + flag): null

2023-04-10 09:09:13 - [TEST_STEP][PASSED] - if (flag): null

2023-04-10 09:09:13 - [TEST_STEP][PASSED] - navigateToUrl(i): Navigate to 'http://192.168.2.19:8380/saraweb' successfully

2023-04-10 09:09:13 - [MESSAGE][PASSED] - Navigate to 'http://192.168.2.19:8380/saraweb' successfully

2023-04-10 09:09:13 - [TEST_STEP][PASSED] - a(): null

2023-04-10 09:09:13 - [TEST_STEP][PASSED] - if (waitForElementVisible(findTestObject("3-OBJECTS UTILIDADES/Login/input_USUARIO_loginusuario"), 0)): null

2023-04-10 09:09:13 - [MESSAGE][WARNING] - Timeout '0' is invalid. Using default page load timeout: '37'

2023-04-10 09:09:14 - [MESSAGE][PASSED] - Object 'Object Repository/3-OBJECTS UTILIDADES/Login/input_USUARIO_loginusuario' is visible

2023-04-10 09:09:14 - [TEST_STEP][PASSED] - switchToWindowTitle("SARA"): Switched to window with title: 'SARA'

2023-04-10 09:09:14 - [MESSAGE][PASSED] - Switched to window with title: 'SARA'

2023-04-10 09:09:14 - [TEST_STEP][PASSED] - zoom(): null

2023-04-10 09:09:14 - [TEST_STEP][PASSED] - robot = new java.awt.Robot(): null

2023-04-10 09:09:14 - [TEST_STEP][PASSED] - robot.keyPress(VK_CONTROL): null

2023-04-10 09:09:14 - [TEST_STEP][PASSED] - robot.keyPress(VK_SUBTRACT): null

2023-04-10 09:09:14 - [TEST_STEP][PASSED] - robot.keyRelease(VK_CONTROL): null

2023-04-10 09:09:14 - [TEST_STEP][PASSED] - robot.keyRelease(VK_SUBTRACT): null

2023-04-10 09:09:14 - [TEST_STEP][PASSED] - robot.keyPress(VK_CONTROL): null

2023-04-10 09:09:14 - [TEST_STEP][PASSED] - robot.keyPress(VK_SUBTRACT): null

2023-04-10 09:09:14 - [TEST_STEP][PASSED] - robot.keyRelease(VK_CONTROL): null

2023-04-10 09:09:14 - [TEST_STEP][PASSED] - robot.keyRelease(VK_SUBTRACT): null

2023-04-10 09:09:14 - [TEST_STEP][PASSED] - robot.keyPress(VK_CONTROL): null

2023-04-10 09:09:14 - [TEST_STEP][PASSED] - robot.keyPress(VK_SUBTRACT): null

2023-04-10 09:09:14 - [TEST_STEP][PASSED] - robot.keyRelease(VK_CONTROL): null

2023-04-10 09:09:14 - [TEST_STEP][PASSED] - robot.keyRelease(VK_SUBTRACT): null

2023-04-10 09:09:14 - [TEST_STEP][PASSED] - robot.keyRelease(VK_CONTROL): null

2023-04-10 09:09:14 - [TEST_STEP][PASSED] - robot.keyRelease(VK_SUBTRACT): null

2023-04-10 09:09:14 - [TEST_STEP][PASSED] - setText(findTestObject("3-OBJECTS UTILIDADES/Login/input_USUARIO_loginusuario"), G_Usuario): Text 'saraadmin' is set on object 'Object Repository/3-OBJECTS UTILIDADES/Login/input_USUARIO_loginusuario'

2023-04-10 09:09:15 - [MESSAGE][PASSED] - Text 'saraadmin' is set on object 'Object Repository/3-OBJECTS UTILIDADES/Login/input_USUARIO_loginusuario'

2023-04-10 09:09:15 - [TEST_STEP][PASSED] - setEncryptedText(findTestObject("3-OBJECTS UTILIDADES/Login/input_CLAVE_loginpassword"), "SlAwMcyRKqrwbnzhAs8HhT6NnI7sEyng"): Text ****** has been set on object 'Object Repository/3-OBJECTS UTILIDADES/Login/input_CLAVE_loginpassword'

2023-04-10 09:09:16 - [MESSAGE][PASSED] - Text ****** has been set on object 'Object Repository/3-OBJECTS UTILIDADES/Login/input_CLAVE_loginpassword'

2023-04-10 09:09:16 - [TEST_STEP][PASSED] - while (waitForElementClickable(findTestObject("3-OBJECTS UTILIDADES/Login/a_Ingresar"), 1)): Web element with id: 'Object Repository/3-OBJECTS UTILIDADES/Login/a_Ingresar' located by '//a[contains(text(),'Ingresar')]' not found

2023-04-10 09:09:18 - [MESSAGE][INFO] - Unable to find the element located by 'By.xpath: //a[contains(text(),'Ingresar')]'. Please recheck the objects properties to make sure the desired element is located. 

2023-04-10 09:09:18 - [MESSAGE][WARNING] - Web element with id: 'Object Repository/3-OBJECTS UTILIDADES/Login/a_Ingresar' located by '//a[contains(text(),'Ingresar')]' not found

2023-04-10 09:09:18 - [MESSAGE][PASSED] - Call Test Case 'Test Cases/0.1-Login' successfully

2023-04-10 09:09:18 - [TEST_STEP][PASSED] - waitForElementVisible(findTestObject("1-OBJECTS TAREAS PRINCIPALES/Modulo Actos Administrativos/Modulo Viáticos/Complementario de Viáticos/input_ADMINISTRADOR DEL SISTEMA - SARA_form_templatej_idt24_input"), 0): Object 'Object Repository/1-OBJECTS TAREAS PRINCIPALES/Modulo Actos Administrativos/Modulo Viáticos/Complementario de Viáticos/input_ADMINISTRADOR DEL SISTEMA - SARA_form_templatej_idt24_input' is visible

2023-04-10 09:09:18 - [MESSAGE][WARNING] - Timeout '0' is invalid. Using default page load timeout: '37'

2023-04-10 09:09:19 - [MESSAGE][PASSED] - Object 'Object Repository/1-OBJECTS TAREAS PRINCIPALES/Modulo Actos Administrativos/Modulo Viáticos/Complementario de Viáticos/input_ADMINISTRADOR DEL SISTEMA - SARA_form_templatej_idt24_input' is visible

2023-04-10 09:09:19 - [TEST_STEP][PASSED] - setText(findTestObject("1-OBJECTS TAREAS PRINCIPALES/Modulo Actos Administrativos/Modulo Viáticos/Complementario de Viáticos/input_ADMINISTRADOR DEL SISTEMA - SARA_form_templatej_idt24_input"), "listado de viaticos"): Text 'listado de viaticos' is set on object 'Object Repository/1-OBJECTS TAREAS PRINCIPALES/Modulo Actos Administrativos/Modulo Viáticos/Complementario de Viáticos/input_ADMINISTRADOR DEL SISTEMA - SARA_form_templatej_idt24_input'

2023-04-10 09:09:19 - [MESSAGE][PASSED] - Text 'listado de viaticos' is set on object 'Object Repository/1-OBJECTS TAREAS PRINCIPALES/Modulo Actos Administrativos/Modulo Viáticos/Complementario de Viáticos/input_ADMINISTRADOR DEL SISTEMA - SARA_form_templatej_idt24_input'

2023-04-10 09:09:19 - [TEST_STEP][PASSED] - waitForElementClickable(findTestObject("1-OBJECTS TAREAS PRINCIPALES/Modulo Actos Administrativos/Modulo Viáticos/Complementario de Viáticos/li_Listado de Viaticos (act)"), 0): Object 'Object Repository/1-OBJECTS TAREAS PRINCIPALES/Modulo Actos Administrativos/Modulo Viáticos/Complementario de Viáticos/li_Listado de Viaticos (act)' is clickable

2023-04-10 09:09:19 - [MESSAGE][WARNING] - Timeout '0' is invalid. Using default page load timeout: '37'

2023-04-10 09:09:21 - [MESSAGE][PASSED] - Object 'Object Repository/1-OBJECTS TAREAS PRINCIPALES/Modulo Actos Administrativos/Modulo Viáticos/Complementario de Viáticos/li_Listado de Viaticos (act)' is clickable

2023-04-10 09:09:21 - [TEST_STEP][PASSED] - sendKeys(findTestObject("1-OBJECTS TAREAS PRINCIPALES/Modulo Actos Administrativos/Modulo Viáticos/Complementario de Viáticos/input_ADMINISTRADOR DEL SISTEMA - SARA_form_templatej_idt24_input"), Keys.chord(ENTER)): Keys 'ENTER + ' sent to object: 'Object Repository/1-OBJECTS TAREAS PRINCIPALES/Modulo Actos Administrativos/Modulo Viáticos/Complementario de Viáticos/input_ADMINISTRADOR DEL SISTEMA - SARA_form_templatej_idt24_input'

2023-04-10 09:09:21 - [MESSAGE][PASSED] - Keys 'ENTER + ' sent to object: 'Object Repository/1-OBJECTS TAREAS PRINCIPALES/Modulo Actos Administrativos/Modulo Viáticos/Complementario de Viáticos/input_ADMINISTRADOR DEL SISTEMA - SARA_form_templatej_idt24_input'

2023-04-10 09:09:21 - [TEST_STEP][PASSED] - setText(findTestObject("1-OBJECTS TAREAS PRINCIPALES/Modulo Actos Administrativos/Modulo Viáticos/Crear viatico/input_Ao_form_listadoviaticosanio"), "2021"): Text '2021' is set on object 'Object Repository/1-OBJECTS TAREAS PRINCIPALES/Modulo Actos Administrativos/Modulo Viáticos/Crear viatico/input_Ao_form_listadoviaticosanio'

2023-04-10 09:09:23 - [MESSAGE][PASSED] - Text '2021' is set on object 'Object Repository/1-OBJECTS TAREAS PRINCIPALES/Modulo Actos Administrativos/Modulo Viáticos/Crear viatico/input_Ao_form_listadoviaticosanio'

2023-04-10 09:09:23 - [TEST_STEP][PASSED] - sendKeys(findTestObject("1-OBJECTS TAREAS PRINCIPALES/Modulo Actos Administrativos/Modulo Viáticos/Crear viatico/input_Ao_form_listadoviaticosanio"), Keys.chord(ENTER)): Keys 'ENTER + ' sent to object: 'Object Repository/1-OBJECTS TAREAS PRINCIPALES/Modulo Actos Administrativos/Modulo Viáticos/Crear viatico/input_Ao_form_listadoviaticosanio'

2023-04-10 09:09:23 - [MESSAGE][PASSED] - Keys 'ENTER + ' sent to object: 'Object Repository/1-OBJECTS TAREAS PRINCIPALES/Modulo Actos Administrativos/Modulo Viáticos/Crear viatico/input_Ao_form_listadoviaticosanio'

2023-04-10 09:09:23 - [TEST_STEP][PASSED] - selectOptionByIndex(findTestObject("1-OBJECTS TAREAS PRINCIPALES/Modulo Actos Administrativos/Modulo Viáticos/Complementario de Viáticos/select_--Seleccione--AnuladoAutorizadaDerogadaNo AutorizadaProgramadaSolicitado"), 2): All options with index in [2] are selected on object 'Object Repository/1-OBJECTS TAREAS PRINCIPALES/Modulo Actos Administrativos/Modulo Viáticos/Complementario de Viáticos/select_--Seleccione--AnuladoAutorizadaDerogadaNo AutorizadaProgramadaSolicitado'

2023-04-10 09:09:24 - [MESSAGE][PASSED] - All options with index in [2] are selected on object 'Object Repository/1-OBJECTS TAREAS PRINCIPALES/Modulo Actos Administrativos/Modulo Viáticos/Complementario de Viáticos/select_--Seleccione--AnuladoAutorizadaDerogadaNo AutorizadaProgramadaSolicitado'

2023-04-10 09:09:24 - [TEST_STEP][PASSED] - if (waitForElementClickable(findTestObject("1-OBJECTS TAREAS PRINCIPALES/Modulo Actos Administrativos/Modulo Viáticos/Complementario de Viáticos/span_5"), 1)): null

2023-04-10 09:09:25 - [MESSAGE][PASSED] - Object 'Object Repository/1-OBJECTS TAREAS PRINCIPALES/Modulo Actos Administrativos/Modulo Viáticos/Complementario de Viáticos/span_5' is clickable

2023-04-10 09:09:25 - [TEST_STEP][PASSED] - click(findTestObject("1-OBJECTS TAREAS PRINCIPALES/Modulo Actos Administrativos/Modulo Viáticos/Complementario de Viáticos/span_5")): Object: 'Object Repository/1-OBJECTS TAREAS PRINCIPALES/Modulo Actos Administrativos/Modulo Viáticos/Complementario de Viáticos/span_5' is clicked on

2023-04-10 09:09:25 - [MESSAGE][PASSED] - Object: 'Object Repository/1-OBJECTS TAREAS PRINCIPALES/Modulo Actos Administrativos/Modulo Viáticos/Complementario de Viáticos/span_5' is clicked on

2023-04-10 09:09:25 - [TEST_STEP][PASSED] - waitForElementClickable(findTestObject("1-OBJECTS TAREAS PRINCIPALES/Modulo Actos Administrativos/Modulo Viáticos/Complementario de Viáticos/a_Complementario"), 0): Object 'Object Repository/1-OBJECTS TAREAS PRINCIPALES/Modulo Actos Administrativos/Modulo Viáticos/Complementario de Viáticos/a_Complementario' is clickable

2023-04-10 09:09:26 - [MESSAGE][WARNING] - Timeout '0' is invalid. Using default page load timeout: '37'

2023-04-10 09:09:26 - [MESSAGE][PASSED] - Object 'Object Repository/1-OBJECTS TAREAS PRINCIPALES/Modulo Actos Administrativos/Modulo Viáticos/Complementario de Viáticos/a_Complementario' is clickable

2023-04-10 09:09:26 - [TEST_STEP][PASSED] - click(findTestObject("1-OBJECTS TAREAS PRINCIPALES/Modulo Actos Administrativos/Modulo Viáticos/Complementario de Viáticos/a_Complementario")): Object: 'Object Repository/1-OBJECTS TAREAS PRINCIPALES/Modulo Actos Administrativos/Modulo Viáticos/Complementario de Viáticos/a_Complementario' is clicked on

2023-04-10 09:09:27 - [MESSAGE][PASSED] - Object: 'Object Repository/1-OBJECTS TAREAS PRINCIPALES/Modulo Actos Administrativos/Modulo Viáticos/Complementario de Viáticos/a_Complementario' is clicked on

2023-04-10 09:09:27 - [TEST_STEP][PASSED] - if (waitForElementClickable(findTestObject("1-OBJECTS TAREAS PRINCIPALES/Modulo Actos Administrativos/Modulo Viáticos/Complementario de Viáticos/span_Quintero 45 Empleado"), 1)): Web element with id: 'Object Repository/1-OBJECTS TAREAS PRINCIPALES/Modulo Actos Administrativos/Modulo Viáticos/Complementario de Viáticos/span_Quintero 45 Empleado' located by '//*/text()[normalize-space(.)='QUINTERO 45 EMPLEADO']/parent::*' not found

2023-04-10 09:09:29 - [MESSAGE][INFO] - Unable to find the element located by 'By.xpath: //*/text()[normalize-space(.)='QUINTERO 45 EMPLEADO']/parent::*'. Please recheck the objects properties to make sure the desired element is located. 

2023-04-10 09:09:29 - [MESSAGE][WARNING] - Web element with id: 'Object Repository/1-OBJECTS TAREAS PRINCIPALES/Modulo Actos Administrativos/Modulo Viáticos/Complementario de Viáticos/span_Quintero 45 Empleado' located by '//*/text()[normalize-space(.)='QUINTERO 45 EMPLEADO']/parent::*' not found

2023-04-10 09:09:29 - [TEST_STEP][PASSED] - click(findTestObject("1-OBJECTS TAREAS PRINCIPALES/Modulo Actos Administrativos/Modulo Viáticos/Complementario de Viáticos/a_Nuevo")): Object: 'Object Repository/1-OBJECTS TAREAS PRINCIPALES/Modulo Actos Administrativos/Modulo Viáticos/Complementario de Viáticos/a_Nuevo' is clicked on

2023-04-10 09:09:29 - [MESSAGE][PASSED] - Object: 'Object Repository/1-OBJECTS TAREAS PRINCIPALES/Modulo Actos Administrativos/Modulo Viáticos/Complementario de Viáticos/a_Nuevo' is clicked on

2023-04-10 09:09:29 - [TEST_STEP][PASSED] - click(findTestObject("1-OBJECTS TAREAS PRINCIPALES/Modulo Actos Administrativos/Modulo Viáticos/Complementario de Viáticos/a_Funcionario_form_popupComplementarioViaticoj_idt332")): Object: 'Object Repository/1-OBJECTS TAREAS PRINCIPALES/Modulo Actos Administrativos/Modulo Viáticos/Complementario de Viáticos/a_Funcionario_form_popupComplementarioViaticoj_idt332' is clicked on

2023-04-10 09:09:30 - [MESSAGE][PASSED] - Object: 'Object Repository/1-OBJECTS TAREAS PRINCIPALES/Modulo Actos Administrativos/Modulo Viáticos/Complementario de Viáticos/a_Funcionario_form_popupComplementarioViaticoj_idt332' is clicked on

2023-04-10 09:09:30 - [TEST_STEP][PASSED] - setText(findTestObject("1-OBJECTS TAREAS PRINCIPALES/Modulo Actos Administrativos/Modulo Viáticos/Complementario de Viáticos/input_Filtro Empleado_form_popupEmpleadoj_idt561"), "QUINTERO 45 EMPLEADO"): Text 'QUINTERO 45 EMPLEADO' is set on object 'Object Repository/1-OBJECTS TAREAS PRINCIPALES/Modulo Actos Administrativos/Modulo Viáticos/Complementario de Viáticos/input_Filtro Empleado_form_popupEmpleadoj_idt561'

2023-04-10 09:09:32 - [MESSAGE][PASSED] - Text 'QUINTERO 45 EMPLEADO' is set on object 'Object Repository/1-OBJECTS TAREAS PRINCIPALES/Modulo Actos Administrativos/Modulo Viáticos/Complementario de Viáticos/input_Filtro Empleado_form_popupEmpleadoj_idt561'

2023-04-10 09:09:32 - [TEST_STEP][PASSED] - sendKeys(findTestObject("1-OBJECTS TAREAS PRINCIPALES/Modulo Actos Administrativos/Modulo Viáticos/Complementario de Viáticos/input_Filtro Empleado_form_popupEmpleadoj_idt561"), Keys.chord(ENTER)): Keys 'ENTER + ' sent to object: 'Object Repository/1-OBJECTS TAREAS PRINCIPALES/Modulo Actos Administrativos/Modulo Viáticos/Complementario de Viáticos/input_Filtro Empleado_form_popupEmpleadoj_idt561'

2023-04-10 09:09:32 - [MESSAGE][PASSED] - Keys 'ENTER + ' sent to object: 'Object Repository/1-OBJECTS TAREAS PRINCIPALES/Modulo Actos Administrativos/Modulo Viáticos/Complementario de Viáticos/input_Filtro Empleado_form_popupEmpleadoj_idt561'

2023-04-10 09:09:32 - [TEST_STEP][PASSED] - click(findTestObject("1-OBJECTS TAREAS PRINCIPALES/Modulo Actos Administrativos/Modulo Viáticos/Complementario de Viáticos/span_Quintero 45 Empleado_Complementario")): Object: 'Object Repository/1-OBJECTS TAREAS PRINCIPALES/Modulo Actos Administrativos/Modulo Viáticos/Complementario de Viáticos/span_Quintero 45 Empleado_Complementario' is clicked on

2023-04-10 09:09:33 - [MESSAGE][PASSED] - Object: 'Object Repository/1-OBJECTS TAREAS PRINCIPALES/Modulo Actos Administrativos/Modulo Viáticos/Complementario de Viáticos/span_Quintero 45 Empleado_Complementario' is clicked on

2023-04-10 09:09:33 - [TEST_STEP][PASSED] - setText(findTestObject("1-OBJECTS TAREAS PRINCIPALES/Modulo Actos Administrativos/Modulo Viáticos/Complementario de Viáticos/input_Fecha Inicial_form_popupComplementarioViaticofechainicial_input"), "01/07/2021"): Text '01/07/2021' is set on object 'Object Repository/1-OBJECTS TAREAS PRINCIPALES/Modulo Actos Administrativos/Modulo Viáticos/Complementario de Viáticos/input_Fecha Inicial_form_popupComplementarioViaticofechainicial_input'

2023-04-10 09:09:34 - [MESSAGE][PASSED] - Text '01/07/2021' is set on object 'Object Repository/1-OBJECTS TAREAS PRINCIPALES/Modulo Actos Administrativos/Modulo Viáticos/Complementario de Viáticos/input_Fecha Inicial_form_popupComplementarioViaticofechainicial_input'

2023-04-10 09:09:34 - [TEST_STEP][PASSED] - setText(findTestObject("1-OBJECTS TAREAS PRINCIPALES/Modulo Actos Administrativos/Modulo Viáticos/Complementario de Viáticos/input_Fecha Final_form_popupComplementarioViaticofechafinal_input"), "01/11/2021"): Text '01/11/2021' is set on object 'Object Repository/1-OBJECTS TAREAS PRINCIPALES/Modulo Actos Administrativos/Modulo Viáticos/Complementario de Viáticos/input_Fecha Final_form_popupComplementarioViaticofechafinal_input'

2023-04-10 09:09:35 - [MESSAGE][PASSED] - Text '01/11/2021' is set on object 'Object Repository/1-OBJECTS TAREAS PRINCIPALES/Modulo Actos Administrativos/Modulo Viáticos/Complementario de Viáticos/input_Fecha Final_form_popupComplementarioViaticofechafinal_input'

2023-04-10 09:09:35 - [TEST_STEP][PASSED] - setText(findTestObject("1-OBJECTS TAREAS PRINCIPALES/Modulo Actos Administrativos/Modulo Viáticos/Complementario de Viáticos/input_Cantidad_form_popupComplementarioViaticocantidad"), "10"): Text '10' is set on object 'Object Repository/1-OBJECTS TAREAS PRINCIPALES/Modulo Actos Administrativos/Modulo Viáticos/Complementario de Viáticos/input_Cantidad_form_popupComplementarioViaticocantidad'

2023-04-10 09:09:36 - [MESSAGE][PASSED] - Text '10' is set on object 'Object Repository/1-OBJECTS TAREAS PRINCIPALES/Modulo Actos Administrativos/Modulo Viáticos/Complementario de Viáticos/input_Cantidad_form_popupComplementarioViaticocantidad'

2023-04-10 09:09:36 - [TEST_STEP][PASSED] - selectOptionByIndex(findTestObject("1-OBJECTS TAREAS PRINCIPALES/Modulo Actos Administrativos/Modulo Viáticos/Complementario de Viáticos/select_--- Seleccione Tipo Costo --Viatico prueba--comple"), "1"): All options with index in [1] are selected on object 'Object Repository/1-OBJECTS TAREAS PRINCIPALES/Modulo Actos Administrativos/Modulo Viáticos/Complementario de Viáticos/select_--- Seleccione Tipo Costo --Viatico prueba--comple'

2023-04-10 09:09:37 - [MESSAGE][PASSED] - All options with index in [1] are selected on object 'Object Repository/1-OBJECTS TAREAS PRINCIPALES/Modulo Actos Administrativos/Modulo Viáticos/Complementario de Viáticos/select_--- Seleccione Tipo Costo --Viatico prueba--comple'

2023-04-10 09:09:37 - [TEST_STEP][PASSED] - setText(findTestObject("1-OBJECTS TAREAS PRINCIPALES/Modulo Actos Administrativos/Modulo Viáticos/Complementario de Viáticos/input_Cdp_form_popupComplementarioViaticodocumento"), "1019"): Text '1019' is set on object 'Object Repository/1-OBJECTS TAREAS PRINCIPALES/Modulo Actos Administrativos/Modulo Viáticos/Complementario de Viáticos/input_Cdp_form_popupComplementarioViaticodocumento'

2023-04-10 09:09:38 - [MESSAGE][PASSED] - Text '1019' is set on object 'Object Repository/1-OBJECTS TAREAS PRINCIPALES/Modulo Actos Administrativos/Modulo Viáticos/Complementario de Viáticos/input_Cdp_form_popupComplementarioViaticodocumento'

2023-04-10 09:09:38 - [TEST_STEP][PASSED] - setText(findTestObject("1-OBJECTS TAREAS PRINCIPALES/Modulo Actos Administrativos/Modulo Viáticos/Complementario de Viáticos/input_TRM Proyectada_form_popupComplementarioViaticotrm"), "5"): Text '5' is set on object 'Object Repository/1-OBJECTS TAREAS PRINCIPALES/Modulo Actos Administrativos/Modulo Viáticos/Complementario de Viáticos/input_TRM Proyectada_form_popupComplementarioViaticotrm'

2023-04-10 09:09:38 - [MESSAGE][PASSED] - Text '5' is set on object 'Object Repository/1-OBJECTS TAREAS PRINCIPALES/Modulo Actos Administrativos/Modulo Viáticos/Complementario de Viáticos/input_TRM Proyectada_form_popupComplementarioViaticotrm'

2023-04-10 09:09:38 - [TEST_STEP][PASSED] - click(findTestObject("1-OBJECTS TAREAS PRINCIPALES/Modulo Actos Administrativos/Modulo Viáticos/Complementario de Viáticos/a_Guardar_complemento")): Object: 'Object Repository/1-OBJECTS TAREAS PRINCIPALES/Modulo Actos Administrativos/Modulo Viáticos/Complementario de Viáticos/a_Guardar_complemento' is clicked on

2023-04-10 09:09:39 - [MESSAGE][PASSED] - Object: 'Object Repository/1-OBJECTS TAREAS PRINCIPALES/Modulo Actos Administrativos/Modulo Viáticos/Complementario de Viáticos/a_Guardar_complemento' is clicked on

2023-04-10 09:09:39 - [TEST_STEP][PASSED] - Result0 = getText(findTestObject("3-OBJECTS UTILIDADES/Alerta/Alerta")): Text of object 'Object Repository/3-OBJECTS UTILIDADES/Alerta/Alerta' is: 'Se ha creado el registro.'

2023-04-10 09:09:40 - [MESSAGE][PASSED] - Text of object 'Object Repository/3-OBJECTS UTILIDADES/Alerta/Alerta' is: 'Se ha creado el registro.'

2023-04-10 09:09:40 - [TEST_STEP][PASSED] - click(findTestObject("1-OBJECTS TAREAS PRINCIPALES/Modulo Actos Administrativos/Modulo Viáticos/Complementario de Viáticos/span_E_ui-icon ui-icon-closethick")): Object: 'Object Repository/1-OBJECTS TAREAS PRINCIPALES/Modulo Actos Administrativos/Modulo Viáticos/Complementario de Viáticos/span_E_ui-icon ui-icon-closethick' is clicked on

2023-04-10 09:09:40 - [MESSAGE][PASSED] - Object: 'Object Repository/1-OBJECTS TAREAS PRINCIPALES/Modulo Actos Administrativos/Modulo Viáticos/Complementario de Viáticos/span_E_ui-icon ui-icon-closethick' is clicked on

2023-04-10 09:09:40 - [TEST_STEP][PASSED] - waitForElementClickable(findTestObject("1-OBJECTS TAREAS PRINCIPALES/Modulo Actos Administrativos/Modulo Viáticos/Complementario de Viáticos/a_Registro"), 0): Object 'Object Repository/1-OBJECTS TAREAS PRINCIPALES/Modulo Actos Administrativos/Modulo Viáticos/Complementario de Viáticos/a_Registro' is clickable

2023-04-10 09:09:40 - [MESSAGE][WARNING] - Timeout '0' is invalid. Using default page load timeout: '37'

2023-04-10 09:09:41 - [MESSAGE][PASSED] - Object 'Object Repository/1-OBJECTS TAREAS PRINCIPALES/Modulo Actos Administrativos/Modulo Viáticos/Complementario de Viáticos/a_Registro' is clickable

2023-04-10 09:09:41 - [TEST_STEP][PASSED] - click(findTestObject("1-OBJECTS TAREAS PRINCIPALES/Modulo Actos Administrativos/Modulo Viáticos/Complementario de Viáticos/a_Registro")): Object: 'Object Repository/1-OBJECTS TAREAS PRINCIPALES/Modulo Actos Administrativos/Modulo Viáticos/Complementario de Viáticos/a_Registro' is clicked on

2023-04-10 09:09:41 - [MESSAGE][PASSED] - Object: 'Object Repository/1-OBJECTS TAREAS PRINCIPALES/Modulo Actos Administrativos/Modulo Viáticos/Complementario de Viáticos/a_Registro' is clicked on

2023-04-10 09:09:41 - [TEST_STEP][PASSED] - if (waitForElementClickable(findTestObject("1-OBJECTS TAREAS PRINCIPALES/Modulo Actos Administrativos/Modulo Viáticos/Complementario de Viáticos/a_Nuevo"), 1)): Web element with id: 'Object Repository/1-OBJECTS TAREAS PRINCIPALES/Modulo Actos Administrativos/Modulo Viáticos/Complementario de Viáticos/a_Nuevo' located by '//a[contains(text(),'Nuevo')]' not found

2023-04-10 09:09:43 - [MESSAGE][INFO] - Unable to find the element located by 'By.xpath: //a[contains(text(),'Nuevo')]'. Please recheck the objects properties to make sure the desired element is located. 

2023-04-10 09:09:43 - [MESSAGE][WARNING] - Web element with id: 'Object Repository/1-OBJECTS TAREAS PRINCIPALES/Modulo Actos Administrativos/Modulo Viáticos/Complementario de Viáticos/a_Nuevo' located by '//a[contains(text(),'Nuevo')]' not found

2023-04-10 09:09:43 - [TEST_STEP][PASSED] - if (waitForElementClickable(findTestObject("1-OBJECTS TAREAS PRINCIPALES/Modulo Actos Administrativos/Modulo Viáticos/Complementario de Viáticos/span_Autorizada_ui-icon ui-icon-closethick"), 1)): Web element with id: 'Object Repository/1-OBJECTS TAREAS PRINCIPALES/Modulo Actos Administrativos/Modulo Viáticos/Complementario de Viáticos/span_Autorizada_ui-icon ui-icon-closethick' located by '//div[2]/div/a/span' not found

2023-04-10 09:09:45 - [MESSAGE][INFO] - Unable to find the element located by 'By.xpath: //div[2]/div/a/span'. Please recheck the objects properties to make sure the desired element is located. 

2023-04-10 09:09:45 - [MESSAGE][WARNING] - Web element with id: 'Object Repository/1-OBJECTS TAREAS PRINCIPALES/Modulo Actos Administrativos/Modulo Viáticos/Complementario de Viáticos/span_Autorizada_ui-icon ui-icon-closethick' located by '//div[2]/div/a/span' not found

2023-04-10 09:09:45 - [TEST_STEP][PASSED] - if (waitForElementVisible(findTestObject("1-OBJECTS TAREAS PRINCIPALES/Modulo Actos Administrativos/Modulo Viáticos/Complementario de Viáticos/a_Eliminar"), 1)): null

2023-04-10 09:09:46 - [MESSAGE][PASSED] - Object 'Object Repository/1-OBJECTS TAREAS PRINCIPALES/Modulo Actos Administrativos/Modulo Viáticos/Complementario de Viáticos/a_Eliminar' is visible

2023-04-10 09:09:46 - [TEST_STEP][PASSED] - closeBrowser(): Browser is closed

2023-04-10 09:09:47 - [MESSAGE][PASSED] - Browser is closed]]></system-out>
         <system-err><![CDATA[]]></system-err>
      </testcase>
      <testcase name="Test Cases/1.1-Tareas Principales/1.6.3 Desembolsar Viático" time="29.701" classname="Test Cases/1.1-Tareas Principales/1.6.3 Desembolsar Viático" status="PASSED">
         <system-out><![CDATA[2023-04-10 09:09:47 - [TEST_CASE][PASSED] - Test Cases/1.1-Tareas Principales/1.6.3 Desembolsar Viático: Test Cases/1.1-Tareas Principales/1.6.3 Desembolsar Viático

2023-04-10 09:09:47 - [TEST_STEP][PASSED] - callTestCase(findTestCase("0.1-Login"), [:], STOP_ON_FAILURE): Call Test Case 'Test Cases/0.1-Login' successfully

2023-04-10 09:09:47 - [TEST_CASE][PASSED] - Test Cases/0.1-Login: Test Cases/0.1-Login

2023-04-10 09:09:47 - [TEST_STEP][PASSED] - openBrowser(""): Browser is opened with url: ''

2023-04-10 09:09:47 - [MESSAGE][INFO] - Starting 'Chrome' driver

2023-04-10 09:09:47 - [MESSAGE][INFO] - Action delay is set to 0 milliseconds

2023-04-10 09:09:48 - [MESSAGE][PASSED] - Browser is opened with url: ''

2023-04-10 09:09:48 - [TEST_STEP][PASSED] - maximizeWindow(): Current window maximized

2023-04-10 09:09:49 - [MESSAGE][PASSED] - Current window maximized

2023-04-10 09:09:49 - [TEST_STEP][PASSED] - i = G_Login: null

2023-04-10 09:09:49 - [TEST_STEP][PASSED] - url = new java.net.URL(i): null

2023-04-10 09:09:49 - [TEST_STEP][PASSED] - println("URL: " + url.toString()): null

2023-04-10 09:09:49 - [TEST_STEP][PASSED] - connection = url.openConnection(): null

2023-04-10 09:09:49 - [TEST_STEP][PASSED] - connection.setRequestMethod("GET"): null

2023-04-10 09:09:49 - [TEST_STEP][PASSED] - connection.setReadTimeout(2 * 1000): null

2023-04-10 09:09:49 - [TEST_STEP][PASSED] - try: null

2023-04-10 09:09:49 - [TEST_STEP][PASSED] - connection.connect(): null

2023-04-10 09:09:49 - [TEST_STEP][PASSED] - flag = connected: null

2023-04-10 09:09:49 - [TEST_STEP][PASSED] - println("Valor_ori: " + flag): null

2023-04-10 09:09:49 - [TEST_STEP][PASSED] - if (flag): null

2023-04-10 09:09:49 - [TEST_STEP][PASSED] - navigateToUrl(i): Navigate to 'http://192.168.2.19:8380/saraweb' successfully

2023-04-10 09:09:49 - [MESSAGE][PASSED] - Navigate to 'http://192.168.2.19:8380/saraweb' successfully

2023-04-10 09:09:49 - [TEST_STEP][PASSED] - a(): null

2023-04-10 09:09:49 - [TEST_STEP][PASSED] - if (waitForElementVisible(findTestObject("3-OBJECTS UTILIDADES/Login/input_USUARIO_loginusuario"), 0)): null

2023-04-10 09:09:49 - [MESSAGE][WARNING] - Timeout '0' is invalid. Using default page load timeout: '37'

2023-04-10 09:09:49 - [MESSAGE][PASSED] - Object 'Object Repository/3-OBJECTS UTILIDADES/Login/input_USUARIO_loginusuario' is visible

2023-04-10 09:09:49 - [TEST_STEP][PASSED] - switchToWindowTitle("SARA"): Switched to window with title: 'SARA'

2023-04-10 09:09:49 - [MESSAGE][PASSED] - Switched to window with title: 'SARA'

2023-04-10 09:09:49 - [TEST_STEP][PASSED] - zoom(): null

2023-04-10 09:09:49 - [TEST_STEP][PASSED] - robot = new java.awt.Robot(): null

2023-04-10 09:09:49 - [TEST_STEP][PASSED] - robot.keyPress(VK_CONTROL): null

2023-04-10 09:09:49 - [TEST_STEP][PASSED] - robot.keyPress(VK_SUBTRACT): null

2023-04-10 09:09:49 - [TEST_STEP][PASSED] - robot.keyRelease(VK_CONTROL): null

2023-04-10 09:09:49 - [TEST_STEP][PASSED] - robot.keyRelease(VK_SUBTRACT): null

2023-04-10 09:09:49 - [TEST_STEP][PASSED] - robot.keyPress(VK_CONTROL): null

2023-04-10 09:09:49 - [TEST_STEP][PASSED] - robot.keyPress(VK_SUBTRACT): null

2023-04-10 09:09:49 - [TEST_STEP][PASSED] - robot.keyRelease(VK_CONTROL): null

2023-04-10 09:09:49 - [TEST_STEP][PASSED] - robot.keyRelease(VK_SUBTRACT): null

2023-04-10 09:09:49 - [TEST_STEP][PASSED] - robot.keyPress(VK_CONTROL): null

2023-04-10 09:09:49 - [TEST_STEP][PASSED] - robot.keyPress(VK_SUBTRACT): null

2023-04-10 09:09:49 - [TEST_STEP][PASSED] - robot.keyRelease(VK_CONTROL): null

2023-04-10 09:09:49 - [TEST_STEP][PASSED] - robot.keyRelease(VK_SUBTRACT): null

2023-04-10 09:09:49 - [TEST_STEP][PASSED] - robot.keyRelease(VK_CONTROL): null

2023-04-10 09:09:49 - [TEST_STEP][PASSED] - robot.keyRelease(VK_SUBTRACT): null

2023-04-10 09:09:49 - [TEST_STEP][PASSED] - setText(findTestObject("3-OBJECTS UTILIDADES/Login/input_USUARIO_loginusuario"), G_Usuario): Text 'saraadmin' is set on object 'Object Repository/3-OBJECTS UTILIDADES/Login/input_USUARIO_loginusuario'

2023-04-10 09:09:50 - [MESSAGE][PASSED] - Text 'saraadmin' is set on object 'Object Repository/3-OBJECTS UTILIDADES/Login/input_USUARIO_loginusuario'

2023-04-10 09:09:50 - [TEST_STEP][PASSED] - setEncryptedText(findTestObject("3-OBJECTS UTILIDADES/Login/input_CLAVE_loginpassword"), "SlAwMcyRKqrwbnzhAs8HhT6NnI7sEyng"): Text ****** has been set on object 'Object Repository/3-OBJECTS UTILIDADES/Login/input_CLAVE_loginpassword'

2023-04-10 09:09:52 - [MESSAGE][PASSED] - Text ****** has been set on object 'Object Repository/3-OBJECTS UTILIDADES/Login/input_CLAVE_loginpassword'

2023-04-10 09:09:52 - [TEST_STEP][PASSED] - while (waitForElementClickable(findTestObject("3-OBJECTS UTILIDADES/Login/a_Ingresar"), 1)): Web element with id: 'Object Repository/3-OBJECTS UTILIDADES/Login/a_Ingresar' located by '//a[contains(text(),'Ingresar')]' not found

2023-04-10 09:09:54 - [MESSAGE][INFO] - Unable to find the element located by 'By.xpath: //a[contains(text(),'Ingresar')]'. Please recheck the objects properties to make sure the desired element is located. 

2023-04-10 09:09:54 - [MESSAGE][WARNING] - Web element with id: 'Object Repository/3-OBJECTS UTILIDADES/Login/a_Ingresar' located by '//a[contains(text(),'Ingresar')]' not found

2023-04-10 09:09:54 - [MESSAGE][PASSED] - Call Test Case 'Test Cases/0.1-Login' successfully

2023-04-10 09:09:54 - [TEST_STEP][PASSED] - waitForElementClickable(findTestObject("1-OBJECTS TAREAS PRINCIPALES/Modulo Actos Administrativos/Modulo Viáticos/Desembolsar viáticos/input_ADMINISTRADOR DEL SISTEMA - SARA_form_templatej_idt24_input"), 0): Object 'Object Repository/1-OBJECTS TAREAS PRINCIPALES/Modulo Actos Administrativos/Modulo Viáticos/Desembolsar viáticos/input_ADMINISTRADOR DEL SISTEMA - SARA_form_templatej_idt24_input' is clickable

2023-04-10 09:09:54 - [MESSAGE][WARNING] - Timeout '0' is invalid. Using default page load timeout: '37'

2023-04-10 09:09:54 - [MESSAGE][PASSED] - Object 'Object Repository/1-OBJECTS TAREAS PRINCIPALES/Modulo Actos Administrativos/Modulo Viáticos/Desembolsar viáticos/input_ADMINISTRADOR DEL SISTEMA - SARA_form_templatej_idt24_input' is clickable

2023-04-10 09:09:54 - [TEST_STEP][PASSED] - setText(findTestObject("1-OBJECTS TAREAS PRINCIPALES/Modulo Actos Administrativos/Modulo Viáticos/Desembolsar viáticos/input_ADMINISTRADOR DEL SISTEMA - SARA_form_templatej_idt24_input"), "listado de viaticos"): Text 'listado de viaticos' is set on object 'Object Repository/1-OBJECTS TAREAS PRINCIPALES/Modulo Actos Administrativos/Modulo Viáticos/Desembolsar viáticos/input_ADMINISTRADOR DEL SISTEMA - SARA_form_templatej_idt24_input'

2023-04-10 09:09:55 - [MESSAGE][PASSED] - Text 'listado de viaticos' is set on object 'Object Repository/1-OBJECTS TAREAS PRINCIPALES/Modulo Actos Administrativos/Modulo Viáticos/Desembolsar viáticos/input_ADMINISTRADOR DEL SISTEMA - SARA_form_templatej_idt24_input'

2023-04-10 09:09:55 - [TEST_STEP][PASSED] - waitForElementClickable(findTestObject("1-OBJECTS TAREAS PRINCIPALES/Modulo Actos Administrativos/Modulo Viáticos/Desembolsar viáticos/li_Listado de Viaticos (act)"), 0): Object 'Object Repository/1-OBJECTS TAREAS PRINCIPALES/Modulo Actos Administrativos/Modulo Viáticos/Desembolsar viáticos/li_Listado de Viaticos (act)' is clickable

2023-04-10 09:09:55 - [MESSAGE][WARNING] - Timeout '0' is invalid. Using default page load timeout: '37'

2023-04-10 09:09:56 - [MESSAGE][PASSED] - Object 'Object Repository/1-OBJECTS TAREAS PRINCIPALES/Modulo Actos Administrativos/Modulo Viáticos/Desembolsar viáticos/li_Listado de Viaticos (act)' is clickable

2023-04-10 09:09:56 - [TEST_STEP][PASSED] - sendKeys(findTestObject("1-OBJECTS TAREAS PRINCIPALES/Modulo Actos Administrativos/Modulo Viáticos/Desembolsar viáticos/input_ADMINISTRADOR DEL SISTEMA - SARA_form_templatej_idt24_input"), Keys.chord(ENTER)): Keys 'ENTER + ' sent to object: 'Object Repository/1-OBJECTS TAREAS PRINCIPALES/Modulo Actos Administrativos/Modulo Viáticos/Desembolsar viáticos/input_ADMINISTRADOR DEL SISTEMA - SARA_form_templatej_idt24_input'

2023-04-10 09:09:57 - [MESSAGE][PASSED] - Keys 'ENTER + ' sent to object: 'Object Repository/1-OBJECTS TAREAS PRINCIPALES/Modulo Actos Administrativos/Modulo Viáticos/Desembolsar viáticos/input_ADMINISTRADOR DEL SISTEMA - SARA_form_templatej_idt24_input'

2023-04-10 09:09:57 - [TEST_STEP][PASSED] - setText(findTestObject("1-OBJECTS TAREAS PRINCIPALES/Modulo Actos Administrativos/Modulo Viáticos/Crear viatico/input_Ao_form_listadoviaticosanio"), "2021"): Text '2021' is set on object 'Object Repository/1-OBJECTS TAREAS PRINCIPALES/Modulo Actos Administrativos/Modulo Viáticos/Crear viatico/input_Ao_form_listadoviaticosanio'

2023-04-10 09:09:59 - [MESSAGE][PASSED] - Text '2021' is set on object 'Object Repository/1-OBJECTS TAREAS PRINCIPALES/Modulo Actos Administrativos/Modulo Viáticos/Crear viatico/input_Ao_form_listadoviaticosanio'

2023-04-10 09:09:59 - [TEST_STEP][PASSED] - sendKeys(findTestObject("1-OBJECTS TAREAS PRINCIPALES/Modulo Actos Administrativos/Modulo Viáticos/Crear viatico/input_Ao_form_listadoviaticosanio"), Keys.chord(ENTER)): Keys 'ENTER + ' sent to object: 'Object Repository/1-OBJECTS TAREAS PRINCIPALES/Modulo Actos Administrativos/Modulo Viáticos/Crear viatico/input_Ao_form_listadoviaticosanio'

2023-04-10 09:09:59 - [MESSAGE][PASSED] - Keys 'ENTER + ' sent to object: 'Object Repository/1-OBJECTS TAREAS PRINCIPALES/Modulo Actos Administrativos/Modulo Viáticos/Crear viatico/input_Ao_form_listadoviaticosanio'

2023-04-10 09:09:59 - [TEST_STEP][PASSED] - selectOptionByIndex(findTestObject("1-OBJECTS TAREAS PRINCIPALES/Modulo Actos Administrativos/Modulo Viáticos/Desembolsar viáticos/select_--Seleccione--AnuladoAutorizadaDerogadaNo AutorizadaProgramadaSolicitado"), 2): All options with index in [2] are selected on object 'Object Repository/1-OBJECTS TAREAS PRINCIPALES/Modulo Actos Administrativos/Modulo Viáticos/Desembolsar viáticos/select_--Seleccione--AnuladoAutorizadaDerogadaNo AutorizadaProgramadaSolicitado'

2023-04-10 09:10:00 - [MESSAGE][PASSED] - All options with index in [2] are selected on object 'Object Repository/1-OBJECTS TAREAS PRINCIPALES/Modulo Actos Administrativos/Modulo Viáticos/Desembolsar viáticos/select_--Seleccione--AnuladoAutorizadaDerogadaNo AutorizadaProgramadaSolicitado'

2023-04-10 09:10:00 - [TEST_STEP][PASSED] - if (waitForElementClickable(findTestObject("1-OBJECTS TAREAS PRINCIPALES/Modulo Actos Administrativos/Modulo Viáticos/Desembolsar viáticos/span_5_autorizado"), 1)): null

2023-04-10 09:10:01 - [MESSAGE][PASSED] - Object 'Object Repository/1-OBJECTS TAREAS PRINCIPALES/Modulo Actos Administrativos/Modulo Viáticos/Desembolsar viáticos/span_5_autorizado' is clickable

2023-04-10 09:10:01 - [TEST_STEP][PASSED] - click(findTestObject("1-OBJECTS TAREAS PRINCIPALES/Modulo Actos Administrativos/Modulo Viáticos/Desembolsar viáticos/span_5_autorizado")): Object: 'Object Repository/1-OBJECTS TAREAS PRINCIPALES/Modulo Actos Administrativos/Modulo Viáticos/Desembolsar viáticos/span_5_autorizado' is clicked on

2023-04-10 09:10:01 - [MESSAGE][PASSED] - Object: 'Object Repository/1-OBJECTS TAREAS PRINCIPALES/Modulo Actos Administrativos/Modulo Viáticos/Desembolsar viáticos/span_5_autorizado' is clicked on

2023-04-10 09:10:01 - [TEST_STEP][PASSED] - waitForElementClickable(findTestObject("1-OBJECTS TAREAS PRINCIPALES/Modulo Actos Administrativos/Modulo Viáticos/Desembolsar viáticos/a_Cerrar Desembolsar"), 1): Object 'Object Repository/1-OBJECTS TAREAS PRINCIPALES/Modulo Actos Administrativos/Modulo Viáticos/Desembolsar viáticos/a_Cerrar Desembolsar' is clickable

2023-04-10 09:10:02 - [MESSAGE][PASSED] - Object 'Object Repository/1-OBJECTS TAREAS PRINCIPALES/Modulo Actos Administrativos/Modulo Viáticos/Desembolsar viáticos/a_Cerrar Desembolsar' is clickable

2023-04-10 09:10:02 - [TEST_STEP][PASSED] - click(findTestObject("1-OBJECTS TAREAS PRINCIPALES/Modulo Actos Administrativos/Modulo Viáticos/Desembolsar viáticos/a_Cerrar Desembolsar")): Object: 'Object Repository/1-OBJECTS TAREAS PRINCIPALES/Modulo Actos Administrativos/Modulo Viáticos/Desembolsar viáticos/a_Cerrar Desembolsar' is clicked on

2023-04-10 09:10:02 - [MESSAGE][PASSED] - Object: 'Object Repository/1-OBJECTS TAREAS PRINCIPALES/Modulo Actos Administrativos/Modulo Viáticos/Desembolsar viáticos/a_Cerrar Desembolsar' is clicked on

2023-04-10 09:10:02 - [TEST_STEP][PASSED] - waitForElementClickable(findTestObject("1-OBJECTS TAREAS PRINCIPALES/Modulo Actos Administrativos/Modulo Viáticos/Desembolsar viáticos/input_Nmero Resolucin_form_popupViaticoCierreDesembolsonumero"), 0): Object 'Object Repository/1-OBJECTS TAREAS PRINCIPALES/Modulo Actos Administrativos/Modulo Viáticos/Desembolsar viáticos/input_Nmero Resolucin_form_popupViaticoCierreDesembolsonumero' is clickable

2023-04-10 09:10:02 - [MESSAGE][WARNING] - Timeout '0' is invalid. Using default page load timeout: '37'

2023-04-10 09:10:03 - [MESSAGE][PASSED] - Object 'Object Repository/1-OBJECTS TAREAS PRINCIPALES/Modulo Actos Administrativos/Modulo Viáticos/Desembolsar viáticos/input_Nmero Resolucin_form_popupViaticoCierreDesembolsonumero' is clickable

2023-04-10 09:10:03 - [TEST_STEP][PASSED] - setText(findTestObject("1-OBJECTS TAREAS PRINCIPALES/Modulo Actos Administrativos/Modulo Viáticos/Desembolsar viáticos/input_Nmero Resolucin_form_popupViaticoCierreDesembolsonumero"), "5"): Text '5' is set on object 'Object Repository/1-OBJECTS TAREAS PRINCIPALES/Modulo Actos Administrativos/Modulo Viáticos/Desembolsar viáticos/input_Nmero Resolucin_form_popupViaticoCierreDesembolsonumero'

2023-04-10 09:10:04 - [MESSAGE][PASSED] - Text '5' is set on object 'Object Repository/1-OBJECTS TAREAS PRINCIPALES/Modulo Actos Administrativos/Modulo Viáticos/Desembolsar viáticos/input_Nmero Resolucin_form_popupViaticoCierreDesembolsonumero'

2023-04-10 09:10:04 - [TEST_STEP][PASSED] - setText(findTestObject("1-OBJECTS TAREAS PRINCIPALES/Modulo Actos Administrativos/Modulo Viáticos/Desembolsar viáticos/input_Fecha_form_popupViaticoCierreDesembolsofecha_input"), "01/07/2021"): Text '01/07/2021' is set on object 'Object Repository/1-OBJECTS TAREAS PRINCIPALES/Modulo Actos Administrativos/Modulo Viáticos/Desembolsar viáticos/input_Fecha_form_popupViaticoCierreDesembolsofecha_input'

2023-04-10 09:10:05 - [MESSAGE][PASSED] - Text '01/07/2021' is set on object 'Object Repository/1-OBJECTS TAREAS PRINCIPALES/Modulo Actos Administrativos/Modulo Viáticos/Desembolsar viáticos/input_Fecha_form_popupViaticoCierreDesembolsofecha_input'

2023-04-10 09:10:05 - [TEST_STEP][PASSED] - setText(findTestObject("1-OBJECTS TAREAS PRINCIPALES/Modulo Actos Administrativos/Modulo Viáticos/Desembolsar viáticos/input_TRM_form_popupViaticoCierreDesembolsotrm"), "5"): Text '5' is set on object 'Object Repository/1-OBJECTS TAREAS PRINCIPALES/Modulo Actos Administrativos/Modulo Viáticos/Desembolsar viáticos/input_TRM_form_popupViaticoCierreDesembolsotrm'

2023-04-10 09:10:05 - [MESSAGE][PASSED] - Text '5' is set on object 'Object Repository/1-OBJECTS TAREAS PRINCIPALES/Modulo Actos Administrativos/Modulo Viáticos/Desembolsar viáticos/input_TRM_form_popupViaticoCierreDesembolsotrm'

2023-04-10 09:10:05 - [TEST_STEP][PASSED] - click(findTestObject("1-OBJECTS TAREAS PRINCIPALES/Modulo Actos Administrativos/Modulo Viáticos/Desembolsar viáticos/a_Aplicar1")): Object: 'Object Repository/1-OBJECTS TAREAS PRINCIPALES/Modulo Actos Administrativos/Modulo Viáticos/Desembolsar viáticos/a_Aplicar1' is clicked on

2023-04-10 09:10:06 - [MESSAGE][PASSED] - Object: 'Object Repository/1-OBJECTS TAREAS PRINCIPALES/Modulo Actos Administrativos/Modulo Viáticos/Desembolsar viáticos/a_Aplicar1' is clicked on

2023-04-10 09:10:06 - [TEST_STEP][PASSED] - waitForElementClickable(findTestObject("1-OBJECTS TAREAS PRINCIPALES/Modulo Actos Administrativos/Modulo Viáticos/Desembolsar viáticos/a_Desembolso"), 0): Object 'Object Repository/1-OBJECTS TAREAS PRINCIPALES/Modulo Actos Administrativos/Modulo Viáticos/Desembolsar viáticos/a_Desembolso' is clickable

2023-04-10 09:10:06 - [MESSAGE][WARNING] - Timeout '0' is invalid. Using default page load timeout: '37'

2023-04-10 09:10:07 - [MESSAGE][PASSED] - Object 'Object Repository/1-OBJECTS TAREAS PRINCIPALES/Modulo Actos Administrativos/Modulo Viáticos/Desembolsar viáticos/a_Desembolso' is clickable

2023-04-10 09:10:07 - [TEST_STEP][PASSED] - click(findTestObject("1-OBJECTS TAREAS PRINCIPALES/Modulo Actos Administrativos/Modulo Viáticos/Desembolsar viáticos/a_Desembolso")): Object: 'Object Repository/1-OBJECTS TAREAS PRINCIPALES/Modulo Actos Administrativos/Modulo Viáticos/Desembolsar viáticos/a_Desembolso' is clicked on

2023-04-10 09:10:07 - [MESSAGE][PASSED] - Object: 'Object Repository/1-OBJECTS TAREAS PRINCIPALES/Modulo Actos Administrativos/Modulo Viáticos/Desembolsar viáticos/a_Desembolso' is clicked on

2023-04-10 09:10:07 - [TEST_STEP][PASSED] - if (waitForElementClickable(findTestObject("1-OBJECTS TAREAS PRINCIPALES/Modulo Actos Administrativos/Modulo Viáticos/Desembolsar viáticos/a_Nuevo_Modificar"), 1)): Web element with id: 'Object Repository/1-OBJECTS TAREAS PRINCIPALES/Modulo Actos Administrativos/Modulo Viáticos/Desembolsar viáticos/a_Nuevo_Modificar' located by '
//*/text()[normalize-space(.)='Nuevo']/parent::*' not found

2023-04-10 09:10:09 - [MESSAGE][INFO] - Unable to find the element located by 'By.xpath: 
//*/text()[normalize-space(.)='Nuevo']/parent::*'. Please recheck the objects properties to make sure the desired element is located. 

2023-04-10 09:10:09 - [MESSAGE][WARNING] - Web element with id: 'Object Repository/1-OBJECTS TAREAS PRINCIPALES/Modulo Actos Administrativos/Modulo Viáticos/Desembolsar viáticos/a_Nuevo_Modificar' located by '
//*/text()[normalize-space(.)='Nuevo']/parent::*' not found

2023-04-10 09:10:09 - [TEST_STEP][PASSED] - if (waitForElementClickable(findTestObject("1-OBJECTS TAREAS PRINCIPALES/Modulo Actos Administrativos/Modulo Viáticos/Desembolsar viáticos/td_seleccion_01072021"), 1)): Web element with id: 'Object Repository/1-OBJECTS TAREAS PRINCIPALES/Modulo Actos Administrativos/Modulo Viáticos/Desembolsar viáticos/td_seleccion_01072021' located by '//*/text()[normalize-space(.)='01/07/2021']/parent::*' not found

2023-04-10 09:10:12 - [MESSAGE][INFO] - Unable to find the element located by 'By.xpath: //*/text()[normalize-space(.)='01/07/2021']/parent::*'. Please recheck the objects properties to make sure the desired element is located. 

2023-04-10 09:10:12 - [MESSAGE][WARNING] - Web element with id: 'Object Repository/1-OBJECTS TAREAS PRINCIPALES/Modulo Actos Administrativos/Modulo Viáticos/Desembolsar viáticos/td_seleccion_01072021' located by '//*/text()[normalize-space(.)='01/07/2021']/parent::*' not found

2023-04-10 09:10:12 - [TEST_STEP][PASSED] - if (waitForElementClickable(findTestObject("1-OBJECTS TAREAS PRINCIPALES/Modulo Actos Administrativos/Modulo Viáticos/Desembolsar viáticos/span_No se encontr registros_ui-icon ui-icon-closethick"), 1)): Web element with id: 'Object Repository/1-OBJECTS TAREAS PRINCIPALES/Modulo Actos Administrativos/Modulo Viáticos/Desembolsar viáticos/span_No se encontr registros_ui-icon ui-icon-closethick' located by '//div[@id='form_listadoviaticos:j_idt127']/div/a/span' not found

2023-04-10 09:10:14 - [MESSAGE][INFO] - Unable to find the element located by 'By.xpath: //div[@id='form_listadoviaticos:j_idt127']/div/a/span'. Please recheck the objects properties to make sure the desired element is located. 

2023-04-10 09:10:14 - [MESSAGE][WARNING] - Web element with id: 'Object Repository/1-OBJECTS TAREAS PRINCIPALES/Modulo Actos Administrativos/Modulo Viáticos/Desembolsar viáticos/span_No se encontr registros_ui-icon ui-icon-closethick' located by '//div[@id='form_listadoviaticos:j_idt127']/div/a/span' not found

2023-04-10 09:10:14 - [TEST_STEP][PASSED] - salir(): null

2023-04-10 09:10:14 - [TEST_STEP][PASSED] - click(findTestObject("1-OBJECTS TAREAS PRINCIPALES/Modulo Actos Administrativos/Modulo Viáticos/Desembolsar viáticos/a_Empresa 1_cerrar_menu")): Object: 'Object Repository/1-OBJECTS TAREAS PRINCIPALES/Modulo Actos Administrativos/Modulo Viáticos/Desembolsar viáticos/a_Empresa 1_cerrar_menu' is clicked on

2023-04-10 09:10:14 - [MESSAGE][PASSED] - Object: 'Object Repository/1-OBJECTS TAREAS PRINCIPALES/Modulo Actos Administrativos/Modulo Viáticos/Desembolsar viáticos/a_Empresa 1_cerrar_menu' is clicked on

2023-04-10 09:10:14 - [TEST_STEP][PASSED] - click(findTestObject("1-OBJECTS TAREAS PRINCIPALES/Modulo Actos Administrativos/Modulo Viáticos/Desembolsar viáticos/a_Administrador_glyphicons glyphicons-exit")): Object: 'Object Repository/1-OBJECTS TAREAS PRINCIPALES/Modulo Actos Administrativos/Modulo Viáticos/Desembolsar viáticos/a_Administrador_glyphicons glyphicons-exit' is clicked on

2023-04-10 09:10:15 - [MESSAGE][PASSED] - Object: 'Object Repository/1-OBJECTS TAREAS PRINCIPALES/Modulo Actos Administrativos/Modulo Viáticos/Desembolsar viáticos/a_Administrador_glyphicons glyphicons-exit' is clicked on

2023-04-10 09:10:15 - [TEST_STEP][PASSED] - waitForElementVisible(findTestObject("1-OBJECTS TAREAS PRINCIPALES/Modulo Actos Administrativos/Modulo Viáticos/Desembolsar viáticos/div_Ingresar Olvide Mi Clave"), 0): Object 'Object Repository/1-OBJECTS TAREAS PRINCIPALES/Modulo Actos Administrativos/Modulo Viáticos/Desembolsar viáticos/div_Ingresar Olvide Mi Clave' is visible

2023-04-10 09:10:15 - [MESSAGE][WARNING] - Timeout '0' is invalid. Using default page load timeout: '37'

2023-04-10 09:10:16 - [MESSAGE][PASSED] - Object 'Object Repository/1-OBJECTS TAREAS PRINCIPALES/Modulo Actos Administrativos/Modulo Viáticos/Desembolsar viáticos/div_Ingresar Olvide Mi Clave' is visible

2023-04-10 09:10:16 - [TEST_STEP][PASSED] - closeBrowser(): Browser is closed

2023-04-10 09:10:16 - [MESSAGE][PASSED] - Browser is closed]]></system-out>
         <system-err><![CDATA[]]></system-err>
      </testcase>
      <testcase name="Test Cases/1.1-Tareas Principales/1.6.5 Modificar Solicitud de Viáticos" time="39.678" classname="Test Cases/1.1-Tareas Principales/1.6.5 Modificar Solicitud de Viáticos" status="PASSED">
         <system-out><![CDATA[2023-04-10 09:10:16 - [TEST_CASE][PASSED] - Test Cases/1.1-Tareas Principales/1.6.5 Modificar Solicitud de Viáticos: Test Cases/1.1-Tareas Principales/1.6.5 Modificar Solicitud de Viáticos

2023-04-10 09:10:17 - [TEST_STEP][PASSED] - callTestCase(findTestCase("0.1-Login"), [:], STOP_ON_FAILURE): Call Test Case 'Test Cases/0.1-Login' successfully

2023-04-10 09:10:17 - [TEST_CASE][PASSED] - Test Cases/0.1-Login: Test Cases/0.1-Login

2023-04-10 09:10:17 - [TEST_STEP][PASSED] - openBrowser(""): Browser is opened with url: ''

2023-04-10 09:10:17 - [MESSAGE][INFO] - Starting 'Chrome' driver

2023-04-10 09:10:17 - [MESSAGE][INFO] - Action delay is set to 0 milliseconds

2023-04-10 09:10:18 - [MESSAGE][PASSED] - Browser is opened with url: ''

2023-04-10 09:10:18 - [TEST_STEP][PASSED] - maximizeWindow(): Current window maximized

2023-04-10 09:10:18 - [MESSAGE][PASSED] - Current window maximized

2023-04-10 09:10:18 - [TEST_STEP][PASSED] - i = G_Login: null

2023-04-10 09:10:18 - [TEST_STEP][PASSED] - url = new java.net.URL(i): null

2023-04-10 09:10:18 - [TEST_STEP][PASSED] - println("URL: " + url.toString()): null

2023-04-10 09:10:18 - [TEST_STEP][PASSED] - connection = url.openConnection(): null

2023-04-10 09:10:18 - [TEST_STEP][PASSED] - connection.setRequestMethod("GET"): null

2023-04-10 09:10:18 - [TEST_STEP][PASSED] - connection.setReadTimeout(2 * 1000): null

2023-04-10 09:10:18 - [TEST_STEP][PASSED] - try: null

2023-04-10 09:10:18 - [TEST_STEP][PASSED] - connection.connect(): null

2023-04-10 09:10:18 - [TEST_STEP][PASSED] - flag = connected: null

2023-04-10 09:10:18 - [TEST_STEP][PASSED] - println("Valor_ori: " + flag): null

2023-04-10 09:10:18 - [TEST_STEP][PASSED] - if (flag): null

2023-04-10 09:10:18 - [TEST_STEP][PASSED] - navigateToUrl(i): Navigate to 'http://192.168.2.19:8380/saraweb' successfully

2023-04-10 09:10:18 - [MESSAGE][PASSED] - Navigate to 'http://192.168.2.19:8380/saraweb' successfully

2023-04-10 09:10:18 - [TEST_STEP][PASSED] - a(): null

2023-04-10 09:10:18 - [TEST_STEP][PASSED] - if (waitForElementVisible(findTestObject("3-OBJECTS UTILIDADES/Login/input_USUARIO_loginusuario"), 0)): null

2023-04-10 09:10:19 - [MESSAGE][WARNING] - Timeout '0' is invalid. Using default page load timeout: '37'

2023-04-10 09:10:19 - [MESSAGE][PASSED] - Object 'Object Repository/3-OBJECTS UTILIDADES/Login/input_USUARIO_loginusuario' is visible

2023-04-10 09:10:19 - [TEST_STEP][PASSED] - switchToWindowTitle("SARA"): Switched to window with title: 'SARA'

2023-04-10 09:10:19 - [MESSAGE][PASSED] - Switched to window with title: 'SARA'

2023-04-10 09:10:19 - [TEST_STEP][PASSED] - zoom(): null

2023-04-10 09:10:19 - [TEST_STEP][PASSED] - robot = new java.awt.Robot(): null

2023-04-10 09:10:19 - [TEST_STEP][PASSED] - robot.keyPress(VK_CONTROL): null

2023-04-10 09:10:19 - [TEST_STEP][PASSED] - robot.keyPress(VK_SUBTRACT): null

2023-04-10 09:10:19 - [TEST_STEP][PASSED] - robot.keyRelease(VK_CONTROL): null

2023-04-10 09:10:19 - [TEST_STEP][PASSED] - robot.keyRelease(VK_SUBTRACT): null

2023-04-10 09:10:19 - [TEST_STEP][PASSED] - robot.keyPress(VK_CONTROL): null

2023-04-10 09:10:19 - [TEST_STEP][PASSED] - robot.keyPress(VK_SUBTRACT): null

2023-04-10 09:10:19 - [TEST_STEP][PASSED] - robot.keyRelease(VK_CONTROL): null

2023-04-10 09:10:19 - [TEST_STEP][PASSED] - robot.keyRelease(VK_SUBTRACT): null

2023-04-10 09:10:19 - [TEST_STEP][PASSED] - robot.keyPress(VK_CONTROL): null

2023-04-10 09:10:19 - [TEST_STEP][PASSED] - robot.keyPress(VK_SUBTRACT): null

2023-04-10 09:10:19 - [TEST_STEP][PASSED] - robot.keyRelease(VK_CONTROL): null

2023-04-10 09:10:19 - [TEST_STEP][PASSED] - robot.keyRelease(VK_SUBTRACT): null

2023-04-10 09:10:19 - [TEST_STEP][PASSED] - robot.keyRelease(VK_CONTROL): null

2023-04-10 09:10:19 - [TEST_STEP][PASSED] - robot.keyRelease(VK_SUBTRACT): null

2023-04-10 09:10:19 - [TEST_STEP][PASSED] - setText(findTestObject("3-OBJECTS UTILIDADES/Login/input_USUARIO_loginusuario"), G_Usuario): Text 'saraadmin' is set on object 'Object Repository/3-OBJECTS UTILIDADES/Login/input_USUARIO_loginusuario'

2023-04-10 09:10:20 - [MESSAGE][PASSED] - Text 'saraadmin' is set on object 'Object Repository/3-OBJECTS UTILIDADES/Login/input_USUARIO_loginusuario'

2023-04-10 09:10:20 - [TEST_STEP][PASSED] - setEncryptedText(findTestObject("3-OBJECTS UTILIDADES/Login/input_CLAVE_loginpassword"), "SlAwMcyRKqrwbnzhAs8HhT6NnI7sEyng"): Text ****** has been set on object 'Object Repository/3-OBJECTS UTILIDADES/Login/input_CLAVE_loginpassword'

2023-04-10 09:10:21 - [MESSAGE][PASSED] - Text ****** has been set on object 'Object Repository/3-OBJECTS UTILIDADES/Login/input_CLAVE_loginpassword'

2023-04-10 09:10:21 - [TEST_STEP][PASSED] - while (waitForElementClickable(findTestObject("3-OBJECTS UTILIDADES/Login/a_Ingresar"), 1)): Web element with id: 'Object Repository/3-OBJECTS UTILIDADES/Login/a_Ingresar' located by '//a[contains(text(),'Ingresar')]' not found

2023-04-10 09:10:23 - [MESSAGE][INFO] - Unable to find the element located by 'By.xpath: //a[contains(text(),'Ingresar')]'. Please recheck the objects properties to make sure the desired element is located. 

2023-04-10 09:10:23 - [MESSAGE][WARNING] - Web element with id: 'Object Repository/3-OBJECTS UTILIDADES/Login/a_Ingresar' located by '//a[contains(text(),'Ingresar')]' not found

2023-04-10 09:10:23 - [MESSAGE][PASSED] - Call Test Case 'Test Cases/0.1-Login' successfully

2023-04-10 09:10:23 - [TEST_STEP][PASSED] - waitForElementClickable(findTestObject("1-OBJECTS TAREAS PRINCIPALES/Modulo Actos Administrativos/Modulo Viáticos/Modificar Solicitud de Viáticos/input_ADMINISTRADOR DEL SISTEMA - SARA_form_templatej_idt24_input"), 0): Object 'Object Repository/1-OBJECTS TAREAS PRINCIPALES/Modulo Actos Administrativos/Modulo Viáticos/Modificar Solicitud de Viáticos/input_ADMINISTRADOR DEL SISTEMA - SARA_form_templatej_idt24_input' is clickable

2023-04-10 09:10:23 - [MESSAGE][WARNING] - Timeout '0' is invalid. Using default page load timeout: '37'

2023-04-10 09:10:24 - [MESSAGE][PASSED] - Object 'Object Repository/1-OBJECTS TAREAS PRINCIPALES/Modulo Actos Administrativos/Modulo Viáticos/Modificar Solicitud de Viáticos/input_ADMINISTRADOR DEL SISTEMA - SARA_form_templatej_idt24_input' is clickable

2023-04-10 09:10:24 - [TEST_STEP][PASSED] - setText(findTestObject("1-OBJECTS TAREAS PRINCIPALES/Modulo Actos Administrativos/Modulo Viáticos/Modificar Solicitud de Viáticos/input_ADMINISTRADOR DEL SISTEMA - SARA_form_templatej_idt24_input"), "listado de viaticos"): Text 'listado de viaticos' is set on object 'Object Repository/1-OBJECTS TAREAS PRINCIPALES/Modulo Actos Administrativos/Modulo Viáticos/Modificar Solicitud de Viáticos/input_ADMINISTRADOR DEL SISTEMA - SARA_form_templatej_idt24_input'

2023-04-10 09:10:24 - [MESSAGE][PASSED] - Text 'listado de viaticos' is set on object 'Object Repository/1-OBJECTS TAREAS PRINCIPALES/Modulo Actos Administrativos/Modulo Viáticos/Modificar Solicitud de Viáticos/input_ADMINISTRADOR DEL SISTEMA - SARA_form_templatej_idt24_input'

2023-04-10 09:10:24 - [TEST_STEP][PASSED] - waitForElementClickable(findTestObject("1-OBJECTS TAREAS PRINCIPALES/Modulo Actos Administrativos/Modulo Viáticos/Modificar Solicitud de Viáticos/li_Listado de Viaticos (act)"), 0): Object 'Object Repository/1-OBJECTS TAREAS PRINCIPALES/Modulo Actos Administrativos/Modulo Viáticos/Modificar Solicitud de Viáticos/li_Listado de Viaticos (act)' is clickable

2023-04-10 09:10:24 - [MESSAGE][WARNING] - Timeout '0' is invalid. Using default page load timeout: '37'

2023-04-10 09:10:26 - [MESSAGE][PASSED] - Object 'Object Repository/1-OBJECTS TAREAS PRINCIPALES/Modulo Actos Administrativos/Modulo Viáticos/Modificar Solicitud de Viáticos/li_Listado de Viaticos (act)' is clickable

2023-04-10 09:10:26 - [TEST_STEP][PASSED] - sendKeys(findTestObject("1-OBJECTS TAREAS PRINCIPALES/Modulo Actos Administrativos/Modulo Viáticos/Modificar Solicitud de Viáticos/input_ADMINISTRADOR DEL SISTEMA - SARA_form_templatej_idt24_input"), Keys.chord(ENTER)): Keys 'ENTER + ' sent to object: 'Object Repository/1-OBJECTS TAREAS PRINCIPALES/Modulo Actos Administrativos/Modulo Viáticos/Modificar Solicitud de Viáticos/input_ADMINISTRADOR DEL SISTEMA - SARA_form_templatej_idt24_input'

2023-04-10 09:10:26 - [MESSAGE][PASSED] - Keys 'ENTER + ' sent to object: 'Object Repository/1-OBJECTS TAREAS PRINCIPALES/Modulo Actos Administrativos/Modulo Viáticos/Modificar Solicitud de Viáticos/input_ADMINISTRADOR DEL SISTEMA - SARA_form_templatej_idt24_input'

2023-04-10 09:10:26 - [TEST_STEP][PASSED] - waitForElementClickable(findTestObject("1-OBJECTS TAREAS PRINCIPALES/Modulo Actos Administrativos/Modulo Viáticos/Modificar Solicitud de Viáticos/a_Nuevo"), 0): Object 'Object Repository/1-OBJECTS TAREAS PRINCIPALES/Modulo Actos Administrativos/Modulo Viáticos/Modificar Solicitud de Viáticos/a_Nuevo' is clickable

2023-04-10 09:10:26 - [MESSAGE][WARNING] - Timeout '0' is invalid. Using default page load timeout: '37'

2023-04-10 09:10:27 - [MESSAGE][PASSED] - Object 'Object Repository/1-OBJECTS TAREAS PRINCIPALES/Modulo Actos Administrativos/Modulo Viáticos/Modificar Solicitud de Viáticos/a_Nuevo' is clickable

2023-04-10 09:10:27 - [TEST_STEP][PASSED] - click(findTestObject("1-OBJECTS TAREAS PRINCIPALES/Modulo Actos Administrativos/Modulo Viáticos/Modificar Solicitud de Viáticos/a_Nuevo")): Object: 'Object Repository/1-OBJECTS TAREAS PRINCIPALES/Modulo Actos Administrativos/Modulo Viáticos/Modificar Solicitud de Viáticos/a_Nuevo' is clicked on

2023-04-10 09:10:28 - [MESSAGE][PASSED] - Object: 'Object Repository/1-OBJECTS TAREAS PRINCIPALES/Modulo Actos Administrativos/Modulo Viáticos/Modificar Solicitud de Viáticos/a_Nuevo' is clicked on

2023-04-10 09:10:28 - [TEST_STEP][PASSED] - click(findTestObject("1-OBJECTS TAREAS PRINCIPALES/Modulo Actos Administrativos/Modulo Viáticos/Modificar Solicitud de Viáticos/span_Modificar una solicitud de vitico")): Object: 'Object Repository/1-OBJECTS TAREAS PRINCIPALES/Modulo Actos Administrativos/Modulo Viáticos/Modificar Solicitud de Viáticos/span_Modificar una solicitud de vitico' is clicked on

2023-04-10 09:10:28 - [MESSAGE][PASSED] - Object: 'Object Repository/1-OBJECTS TAREAS PRINCIPALES/Modulo Actos Administrativos/Modulo Viáticos/Modificar Solicitud de Viáticos/span_Modificar una solicitud de vitico' is clicked on

2023-04-10 09:10:28 - [TEST_STEP][PASSED] - waitForElementClickable(findTestObject("1-OBJECTS TAREAS PRINCIPALES/Modulo Actos Administrativos/Modulo Viáticos/Modificar Solicitud de Viáticos/input_Documento_form_listadoviaticosfechaViat_input"), 0): Object 'Object Repository/1-OBJECTS TAREAS PRINCIPALES/Modulo Actos Administrativos/Modulo Viáticos/Modificar Solicitud de Viáticos/input_Documento_form_listadoviaticosfechaViat_input' is clickable

2023-04-10 09:10:28 - [MESSAGE][WARNING] - Timeout '0' is invalid. Using default page load timeout: '37'

2023-04-10 09:10:29 - [MESSAGE][PASSED] - Object 'Object Repository/1-OBJECTS TAREAS PRINCIPALES/Modulo Actos Administrativos/Modulo Viáticos/Modificar Solicitud de Viáticos/input_Documento_form_listadoviaticosfechaViat_input' is clickable

2023-04-10 09:10:29 - [TEST_STEP][PASSED] - setText(findTestObject("1-OBJECTS TAREAS PRINCIPALES/Modulo Actos Administrativos/Modulo Viáticos/Modificar Solicitud de Viáticos/input_Documento_form_listadoviaticosfechaViat_input"), "01/07/2021"): Text '01/07/2021' is set on object 'Object Repository/1-OBJECTS TAREAS PRINCIPALES/Modulo Actos Administrativos/Modulo Viáticos/Modificar Solicitud de Viáticos/input_Documento_form_listadoviaticosfechaViat_input'

2023-04-10 09:10:30 - [MESSAGE][PASSED] - Text '01/07/2021' is set on object 'Object Repository/1-OBJECTS TAREAS PRINCIPALES/Modulo Actos Administrativos/Modulo Viáticos/Modificar Solicitud de Viáticos/input_Documento_form_listadoviaticosfechaViat_input'

2023-04-10 09:10:30 - [TEST_STEP][PASSED] - sendKeys(findTestObject("1-OBJECTS TAREAS PRINCIPALES/Modulo Actos Administrativos/Modulo Viáticos/Modificar Solicitud de Viáticos/input_Documento_form_listadoviaticosfechaViat_input"), Keys.chord(ENTER)): Keys 'ENTER + ' sent to object: 'Object Repository/1-OBJECTS TAREAS PRINCIPALES/Modulo Actos Administrativos/Modulo Viáticos/Modificar Solicitud de Viáticos/input_Documento_form_listadoviaticosfechaViat_input'

2023-04-10 09:10:30 - [MESSAGE][PASSED] - Keys 'ENTER + ' sent to object: 'Object Repository/1-OBJECTS TAREAS PRINCIPALES/Modulo Actos Administrativos/Modulo Viáticos/Modificar Solicitud de Viáticos/input_Documento_form_listadoviaticosfechaViat_input'

2023-04-10 09:10:30 - [TEST_STEP][PASSED] - sendKeys(findTestObject("1-OBJECTS TAREAS PRINCIPALES/Modulo Actos Administrativos/Modulo Viáticos/Modificar Solicitud de Viáticos/input_Documento_form_listadoviaticosfechaViat_input"), Keys.chord(ESCAPE)): Keys 'ESCAPE + ' sent to object: 'Object Repository/1-OBJECTS TAREAS PRINCIPALES/Modulo Actos Administrativos/Modulo Viáticos/Modificar Solicitud de Viáticos/input_Documento_form_listadoviaticosfechaViat_input'

2023-04-10 09:10:31 - [MESSAGE][PASSED] - Keys 'ESCAPE + ' sent to object: 'Object Repository/1-OBJECTS TAREAS PRINCIPALES/Modulo Actos Administrativos/Modulo Viáticos/Modificar Solicitud de Viáticos/input_Documento_form_listadoviaticosfechaViat_input'

2023-04-10 09:10:31 - [TEST_STEP][PASSED] - if (waitForElementClickable(findTestObject("1-OBJECTS TAREAS PRINCIPALES/Modulo Actos Administrativos/Modulo Viáticos/Modificar Solicitud de Viáticos/td_01072021"), 1)): null

2023-04-10 09:10:32 - [MESSAGE][PASSED] - Object 'Object Repository/1-OBJECTS TAREAS PRINCIPALES/Modulo Actos Administrativos/Modulo Viáticos/Modificar Solicitud de Viáticos/td_01072021' is clickable

2023-04-10 09:10:32 - [TEST_STEP][PASSED] - click(findTestObject("1-OBJECTS TAREAS PRINCIPALES/Modulo Actos Administrativos/Modulo Viáticos/Modificar Solicitud de Viáticos/td_01072021")): Object: 'Object Repository/1-OBJECTS TAREAS PRINCIPALES/Modulo Actos Administrativos/Modulo Viáticos/Modificar Solicitud de Viáticos/td_01072021' is clicked on

2023-04-10 09:10:32 - [MESSAGE][PASSED] - Object: 'Object Repository/1-OBJECTS TAREAS PRINCIPALES/Modulo Actos Administrativos/Modulo Viáticos/Modificar Solicitud de Viáticos/td_01072021' is clicked on

2023-04-10 09:10:32 - [TEST_STEP][PASSED] - waitForElementClickable(findTestObject("1-OBJECTS TAREAS PRINCIPALES/Modulo Actos Administrativos/Modulo Viáticos/Modificar Solicitud de Viáticos/input_Fecha_form_detalleviaticosFechaNumero_input"), 0): Object 'Object Repository/1-OBJECTS TAREAS PRINCIPALES/Modulo Actos Administrativos/Modulo Viáticos/Modificar Solicitud de Viáticos/input_Fecha_form_detalleviaticosFechaNumero_input' is clickable

2023-04-10 09:10:32 - [MESSAGE][WARNING] - Timeout '0' is invalid. Using default page load timeout: '37'

2023-04-10 09:10:33 - [MESSAGE][PASSED] - Object 'Object Repository/1-OBJECTS TAREAS PRINCIPALES/Modulo Actos Administrativos/Modulo Viáticos/Modificar Solicitud de Viáticos/input_Fecha_form_detalleviaticosFechaNumero_input' is clickable

2023-04-10 09:10:33 - [TEST_STEP][PASSED] - setText(findTestObject("1-OBJECTS TAREAS PRINCIPALES/Modulo Actos Administrativos/Modulo Viáticos/Modificar Solicitud de Viáticos/input_Fecha_form_detalleviaticosFechaNumero_input"), "01/07/2021"): Text '01/07/2021' is set on object 'Object Repository/1-OBJECTS TAREAS PRINCIPALES/Modulo Actos Administrativos/Modulo Viáticos/Modificar Solicitud de Viáticos/input_Fecha_form_detalleviaticosFechaNumero_input'

2023-04-10 09:10:34 - [MESSAGE][PASSED] - Text '01/07/2021' is set on object 'Object Repository/1-OBJECTS TAREAS PRINCIPALES/Modulo Actos Administrativos/Modulo Viáticos/Modificar Solicitud de Viáticos/input_Fecha_form_detalleviaticosFechaNumero_input'

2023-04-10 09:10:34 - [TEST_STEP][PASSED] - setText(findTestObject("1-OBJECTS TAREAS PRINCIPALES/Modulo Actos Administrativos/Modulo Viáticos/Modificar Solicitud de Viáticos/input_Nmero_form_detalleviaticosNumero"), "5"): Text '5' is set on object 'Object Repository/1-OBJECTS TAREAS PRINCIPALES/Modulo Actos Administrativos/Modulo Viáticos/Modificar Solicitud de Viáticos/input_Nmero_form_detalleviaticosNumero'

2023-04-10 09:10:35 - [MESSAGE][PASSED] - Text '5' is set on object 'Object Repository/1-OBJECTS TAREAS PRINCIPALES/Modulo Actos Administrativos/Modulo Viáticos/Modificar Solicitud de Viáticos/input_Nmero_form_detalleviaticosNumero'

2023-04-10 09:10:35 - [TEST_STEP][PASSED] - setText(findTestObject("1-OBJECTS TAREAS PRINCIPALES/Modulo Actos Administrativos/Modulo Viáticos/Modificar Solicitud de Viáticos/textarea_Motivo Modificacin_form_detalleviaticosmotivoModificacion"), "prueba"): Text 'prueba' is set on object 'Object Repository/1-OBJECTS TAREAS PRINCIPALES/Modulo Actos Administrativos/Modulo Viáticos/Modificar Solicitud de Viáticos/textarea_Motivo Modificacin_form_detalleviaticosmotivoModificacion'

2023-04-10 09:10:36 - [MESSAGE][PASSED] - Text 'prueba' is set on object 'Object Repository/1-OBJECTS TAREAS PRINCIPALES/Modulo Actos Administrativos/Modulo Viáticos/Modificar Solicitud de Viáticos/textarea_Motivo Modificacin_form_detalleviaticosmotivoModificacion'

2023-04-10 09:10:36 - [TEST_STEP][PASSED] - click(findTestObject("1-OBJECTS TAREAS PRINCIPALES/Modulo Actos Administrativos/Modulo Viáticos/Modificar Solicitud de Viáticos/a_Guardar_modficar")): Object: 'Object Repository/1-OBJECTS TAREAS PRINCIPALES/Modulo Actos Administrativos/Modulo Viáticos/Modificar Solicitud de Viáticos/a_Guardar_modficar' is clicked on

2023-04-10 09:10:36 - [MESSAGE][PASSED] - Object: 'Object Repository/1-OBJECTS TAREAS PRINCIPALES/Modulo Actos Administrativos/Modulo Viáticos/Modificar Solicitud de Viáticos/a_Guardar_modficar' is clicked on

2023-04-10 09:10:36 - [TEST_STEP][PASSED] - getText(findTestObject("3-OBJECTS UTILIDADES/Alerta/Alerta")): Text of object 'Object Repository/3-OBJECTS UTILIDADES/Alerta/Alerta' is: 'El viatico ha sido insertado correctamente'

2023-04-10 09:10:37 - [MESSAGE][PASSED] - Text of object 'Object Repository/3-OBJECTS UTILIDADES/Alerta/Alerta' is: 'El viatico ha sido insertado correctamente'

2023-04-10 09:10:37 - [TEST_STEP][PASSED] - click(findTestObject("1-OBJECTS TAREAS PRINCIPALES/Modulo Actos Administrativos/Modulo Viáticos/Modificar Solicitud de Viáticos/a_Regresar")): Object: 'Object Repository/1-OBJECTS TAREAS PRINCIPALES/Modulo Actos Administrativos/Modulo Viáticos/Modificar Solicitud de Viáticos/a_Regresar' is clicked on

2023-04-10 09:10:37 - [MESSAGE][PASSED] - Object: 'Object Repository/1-OBJECTS TAREAS PRINCIPALES/Modulo Actos Administrativos/Modulo Viáticos/Modificar Solicitud de Viáticos/a_Regresar' is clicked on

2023-04-10 09:10:37 - [TEST_STEP][PASSED] - selectOptionByIndex(findTestObject("1-OBJECTS TAREAS PRINCIPALES/Modulo Actos Administrativos/Modulo Viáticos/Modificar Solicitud de Viáticos/select_--Seleccione--AnuladoAutorizadaDerogadaNo AutorizadaProgramadaSolicitado"), 2): All options with index in [2] are selected on object 'Object Repository/1-OBJECTS TAREAS PRINCIPALES/Modulo Actos Administrativos/Modulo Viáticos/Modificar Solicitud de Viáticos/select_--Seleccione--AnuladoAutorizadaDerogadaNo AutorizadaProgramadaSolicitado'

2023-04-10 09:10:38 - [MESSAGE][PASSED] - All options with index in [2] are selected on object 'Object Repository/1-OBJECTS TAREAS PRINCIPALES/Modulo Actos Administrativos/Modulo Viáticos/Modificar Solicitud de Viáticos/select_--Seleccione--AnuladoAutorizadaDerogadaNo AutorizadaProgramadaSolicitado'

2023-04-10 09:10:38 - [TEST_STEP][PASSED] - setText(findTestObject("1-OBJECTS TAREAS PRINCIPALES/Modulo Actos Administrativos/Modulo Viáticos/Crear viatico/input_Ao_form_listadoviaticosanio"), "2021"): Text '2021' is set on object 'Object Repository/1-OBJECTS TAREAS PRINCIPALES/Modulo Actos Administrativos/Modulo Viáticos/Crear viatico/input_Ao_form_listadoviaticosanio'

2023-04-10 09:10:40 - [MESSAGE][PASSED] - Text '2021' is set on object 'Object Repository/1-OBJECTS TAREAS PRINCIPALES/Modulo Actos Administrativos/Modulo Viáticos/Crear viatico/input_Ao_form_listadoviaticosanio'

2023-04-10 09:10:40 - [TEST_STEP][PASSED] - sendKeys(findTestObject("1-OBJECTS TAREAS PRINCIPALES/Modulo Actos Administrativos/Modulo Viáticos/Crear viatico/input_Ao_form_listadoviaticosanio"), Keys.chord(ENTER)): Keys 'ENTER + ' sent to object: 'Object Repository/1-OBJECTS TAREAS PRINCIPALES/Modulo Actos Administrativos/Modulo Viáticos/Crear viatico/input_Ao_form_listadoviaticosanio'

2023-04-10 09:10:40 - [MESSAGE][PASSED] - Keys 'ENTER + ' sent to object: 'Object Repository/1-OBJECTS TAREAS PRINCIPALES/Modulo Actos Administrativos/Modulo Viáticos/Crear viatico/input_Ao_form_listadoviaticosanio'

2023-04-10 09:10:40 - [TEST_STEP][PASSED] - if (waitForElementClickable(findTestObject("1-OBJECTS TAREAS PRINCIPALES/Modulo Actos Administrativos/Modulo Viáticos/Modificar Solicitud de Viáticos/span_01072021"), 1)): null

2023-04-10 09:10:41 - [MESSAGE][PASSED] - Object 'Object Repository/1-OBJECTS TAREAS PRINCIPALES/Modulo Actos Administrativos/Modulo Viáticos/Modificar Solicitud de Viáticos/span_01072021' is clickable

2023-04-10 09:10:41 - [TEST_STEP][PASSED] - click(findTestObject("1-OBJECTS TAREAS PRINCIPALES/Modulo Actos Administrativos/Modulo Viáticos/Modificar Solicitud de Viáticos/span_01072021")): Object: 'Object Repository/1-OBJECTS TAREAS PRINCIPALES/Modulo Actos Administrativos/Modulo Viáticos/Modificar Solicitud de Viáticos/span_01072021' is clicked on

2023-04-10 09:10:41 - [MESSAGE][PASSED] - Object: 'Object Repository/1-OBJECTS TAREAS PRINCIPALES/Modulo Actos Administrativos/Modulo Viáticos/Modificar Solicitud de Viáticos/span_01072021' is clicked on

2023-04-10 09:10:41 - [TEST_STEP][PASSED] - click(findTestObject("1-OBJECTS TAREAS PRINCIPALES/Modulo Actos Administrativos/Modulo Viáticos/Modificar Solicitud de Viáticos/a_Cerrar Desembolsar")): Object: 'Object Repository/1-OBJECTS TAREAS PRINCIPALES/Modulo Actos Administrativos/Modulo Viáticos/Modificar Solicitud de Viáticos/a_Cerrar Desembolsar' is clicked on

2023-04-10 09:10:42 - [MESSAGE][PASSED] - Object: 'Object Repository/1-OBJECTS TAREAS PRINCIPALES/Modulo Actos Administrativos/Modulo Viáticos/Modificar Solicitud de Viáticos/a_Cerrar Desembolsar' is clicked on

2023-04-10 09:10:42 - [TEST_STEP][PASSED] - setText(findTestObject("1-OBJECTS TAREAS PRINCIPALES/Modulo Actos Administrativos/Modulo Viáticos/Modificar Solicitud de Viáticos/input_Fecha_form_popupViaticoCierreDesembolsofecha_input"), "01/07/2021"): Text '01/07/2021' is set on object 'Object Repository/1-OBJECTS TAREAS PRINCIPALES/Modulo Actos Administrativos/Modulo Viáticos/Modificar Solicitud de Viáticos/input_Fecha_form_popupViaticoCierreDesembolsofecha_input'

2023-04-10 09:10:43 - [MESSAGE][PASSED] - Text '01/07/2021' is set on object 'Object Repository/1-OBJECTS TAREAS PRINCIPALES/Modulo Actos Administrativos/Modulo Viáticos/Modificar Solicitud de Viáticos/input_Fecha_form_popupViaticoCierreDesembolsofecha_input'

2023-04-10 09:10:43 - [TEST_STEP][PASSED] - setText(findTestObject("1-OBJECTS TAREAS PRINCIPALES/Modulo Actos Administrativos/Modulo Viáticos/Modificar Solicitud de Viáticos/input_TRM_form_popupViaticoCierreDesembolsotrm"), "5"): Text '5' is set on object 'Object Repository/1-OBJECTS TAREAS PRINCIPALES/Modulo Actos Administrativos/Modulo Viáticos/Modificar Solicitud de Viáticos/input_TRM_form_popupViaticoCierreDesembolsotrm'

2023-04-10 09:10:44 - [MESSAGE][PASSED] - Text '5' is set on object 'Object Repository/1-OBJECTS TAREAS PRINCIPALES/Modulo Actos Administrativos/Modulo Viáticos/Modificar Solicitud de Viáticos/input_TRM_form_popupViaticoCierreDesembolsotrm'

2023-04-10 09:10:44 - [TEST_STEP][PASSED] - click(findTestObject("1-OBJECTS TAREAS PRINCIPALES/Modulo Actos Administrativos/Modulo Viáticos/Modificar Solicitud de Viáticos/a_Aplicar")): Object: 'Object Repository/1-OBJECTS TAREAS PRINCIPALES/Modulo Actos Administrativos/Modulo Viáticos/Modificar Solicitud de Viáticos/a_Aplicar' is clicked on

2023-04-10 09:10:44 - [MESSAGE][PASSED] - Object: 'Object Repository/1-OBJECTS TAREAS PRINCIPALES/Modulo Actos Administrativos/Modulo Viáticos/Modificar Solicitud de Viáticos/a_Aplicar' is clicked on

2023-04-10 09:10:44 - [TEST_STEP][PASSED] - click(findTestObject("1-OBJECTS TAREAS PRINCIPALES/Modulo Actos Administrativos/Modulo Viáticos/Modificar Solicitud de Viáticos/a_Regresar")): Object: 'Object Repository/1-OBJECTS TAREAS PRINCIPALES/Modulo Actos Administrativos/Modulo Viáticos/Modificar Solicitud de Viáticos/a_Regresar' is clicked on

2023-04-10 09:10:45 - [MESSAGE][PASSED] - Object: 'Object Repository/1-OBJECTS TAREAS PRINCIPALES/Modulo Actos Administrativos/Modulo Viáticos/Modificar Solicitud de Viáticos/a_Regresar' is clicked on

2023-04-10 09:10:45 - [TEST_STEP][PASSED] - waitForElementClickable(findTestObject("1-OBJECTS TAREAS PRINCIPALES/Modulo Actos Administrativos/Modulo Viáticos/Modificar Solicitud de Viáticos/a_Nuevo"), 0): Object 'Object Repository/1-OBJECTS TAREAS PRINCIPALES/Modulo Actos Administrativos/Modulo Viáticos/Modificar Solicitud de Viáticos/a_Nuevo' is clickable

2023-04-10 09:10:45 - [MESSAGE][WARNING] - Timeout '0' is invalid. Using default page load timeout: '37'

2023-04-10 09:10:46 - [MESSAGE][PASSED] - Object 'Object Repository/1-OBJECTS TAREAS PRINCIPALES/Modulo Actos Administrativos/Modulo Viáticos/Modificar Solicitud de Viáticos/a_Nuevo' is clickable

2023-04-10 09:10:46 - [TEST_STEP][PASSED] - click(findTestObject("1-OBJECTS TAREAS PRINCIPALES/Modulo Actos Administrativos/Modulo Viáticos/Modificar Solicitud de Viáticos/a_Nuevo")): Object: 'Object Repository/1-OBJECTS TAREAS PRINCIPALES/Modulo Actos Administrativos/Modulo Viáticos/Modificar Solicitud de Viáticos/a_Nuevo' is clicked on

2023-04-10 09:10:46 - [MESSAGE][PASSED] - Object: 'Object Repository/1-OBJECTS TAREAS PRINCIPALES/Modulo Actos Administrativos/Modulo Viáticos/Modificar Solicitud de Viáticos/a_Nuevo' is clicked on

2023-04-10 09:10:46 - [TEST_STEP][PASSED] - click(findTestObject("1-OBJECTS TAREAS PRINCIPALES/Modulo Actos Administrativos/Modulo Viáticos/Modificar Solicitud de Viáticos/span_Modificar una solicitud de vitico")): Object: 'Object Repository/1-OBJECTS TAREAS PRINCIPALES/Modulo Actos Administrativos/Modulo Viáticos/Modificar Solicitud de Viáticos/span_Modificar una solicitud de vitico' is clicked on

2023-04-10 09:10:47 - [MESSAGE][PASSED] - Object: 'Object Repository/1-OBJECTS TAREAS PRINCIPALES/Modulo Actos Administrativos/Modulo Viáticos/Modificar Solicitud de Viáticos/span_Modificar una solicitud de vitico' is clicked on

2023-04-10 09:10:47 - [TEST_STEP][PASSED] - waitForElementClickable(findTestObject("1-OBJECTS TAREAS PRINCIPALES/Modulo Actos Administrativos/Modulo Viáticos/Modificar Solicitud de Viáticos/input_Documento_form_listadoviaticosfechaViat_input"), 0): Object 'Object Repository/1-OBJECTS TAREAS PRINCIPALES/Modulo Actos Administrativos/Modulo Viáticos/Modificar Solicitud de Viáticos/input_Documento_form_listadoviaticosfechaViat_input' is clickable

2023-04-10 09:10:47 - [MESSAGE][WARNING] - Timeout '0' is invalid. Using default page load timeout: '37'

2023-04-10 09:10:48 - [MESSAGE][PASSED] - Object 'Object Repository/1-OBJECTS TAREAS PRINCIPALES/Modulo Actos Administrativos/Modulo Viáticos/Modificar Solicitud de Viáticos/input_Documento_form_listadoviaticosfechaViat_input' is clickable

2023-04-10 09:10:48 - [TEST_STEP][PASSED] - setText(findTestObject("1-OBJECTS TAREAS PRINCIPALES/Modulo Actos Administrativos/Modulo Viáticos/Modificar Solicitud de Viáticos/input_Documento_form_listadoviaticosfechaViat_input"), "01/07/2021"): Text '01/07/2021' is set on object 'Object Repository/1-OBJECTS TAREAS PRINCIPALES/Modulo Actos Administrativos/Modulo Viáticos/Modificar Solicitud de Viáticos/input_Documento_form_listadoviaticosfechaViat_input'

2023-04-10 09:10:48 - [MESSAGE][PASSED] - Text '01/07/2021' is set on object 'Object Repository/1-OBJECTS TAREAS PRINCIPALES/Modulo Actos Administrativos/Modulo Viáticos/Modificar Solicitud de Viáticos/input_Documento_form_listadoviaticosfechaViat_input'

2023-04-10 09:10:48 - [TEST_STEP][PASSED] - sendKeys(findTestObject("1-OBJECTS TAREAS PRINCIPALES/Modulo Actos Administrativos/Modulo Viáticos/Modificar Solicitud de Viáticos/input_Documento_form_listadoviaticosfechaViat_input"), Keys.chord(ENTER)): Keys 'ENTER + ' sent to object: 'Object Repository/1-OBJECTS TAREAS PRINCIPALES/Modulo Actos Administrativos/Modulo Viáticos/Modificar Solicitud de Viáticos/input_Documento_form_listadoviaticosfechaViat_input'

2023-04-10 09:10:49 - [MESSAGE][PASSED] - Keys 'ENTER + ' sent to object: 'Object Repository/1-OBJECTS TAREAS PRINCIPALES/Modulo Actos Administrativos/Modulo Viáticos/Modificar Solicitud de Viáticos/input_Documento_form_listadoviaticosfechaViat_input'

2023-04-10 09:10:49 - [TEST_STEP][PASSED] - sendKeys(findTestObject("1-OBJECTS TAREAS PRINCIPALES/Modulo Actos Administrativos/Modulo Viáticos/Modificar Solicitud de Viáticos/input_Documento_form_listadoviaticosfechaViat_input"), Keys.chord(ESCAPE)): Keys 'ESCAPE + ' sent to object: 'Object Repository/1-OBJECTS TAREAS PRINCIPALES/Modulo Actos Administrativos/Modulo Viáticos/Modificar Solicitud de Viáticos/input_Documento_form_listadoviaticosfechaViat_input'

2023-04-10 09:10:50 - [MESSAGE][PASSED] - Keys 'ESCAPE + ' sent to object: 'Object Repository/1-OBJECTS TAREAS PRINCIPALES/Modulo Actos Administrativos/Modulo Viáticos/Modificar Solicitud de Viáticos/input_Documento_form_listadoviaticosfechaViat_input'

2023-04-10 09:10:50 - [TEST_STEP][PASSED] - click(findTestObject("1-OBJECTS TAREAS PRINCIPALES/Modulo Actos Administrativos/Modulo Viáticos/Modificar Solicitud de Viáticos/td_01072021")): Object: 'Object Repository/1-OBJECTS TAREAS PRINCIPALES/Modulo Actos Administrativos/Modulo Viáticos/Modificar Solicitud de Viáticos/td_01072021' is clicked on

2023-04-10 09:10:50 - [MESSAGE][PASSED] - Object: 'Object Repository/1-OBJECTS TAREAS PRINCIPALES/Modulo Actos Administrativos/Modulo Viáticos/Modificar Solicitud de Viáticos/td_01072021' is clicked on

2023-04-10 09:10:50 - [TEST_STEP][PASSED] - waitForElementClickable(findTestObject("1-OBJECTS TAREAS PRINCIPALES/Modulo Actos Administrativos/Modulo Viáticos/Modificar Solicitud de Viáticos/input_Fecha_form_detalleviaticosFechaNumero_input"), 0): Object 'Object Repository/1-OBJECTS TAREAS PRINCIPALES/Modulo Actos Administrativos/Modulo Viáticos/Modificar Solicitud de Viáticos/input_Fecha_form_detalleviaticosFechaNumero_input' is clickable

2023-04-10 09:10:50 - [MESSAGE][WARNING] - Timeout '0' is invalid. Using default page load timeout: '37'

2023-04-10 09:10:51 - [MESSAGE][PASSED] - Object 'Object Repository/1-OBJECTS TAREAS PRINCIPALES/Modulo Actos Administrativos/Modulo Viáticos/Modificar Solicitud de Viáticos/input_Fecha_form_detalleviaticosFechaNumero_input' is clickable

2023-04-10 09:10:51 - [TEST_STEP][PASSED] - setText(findTestObject("1-OBJECTS TAREAS PRINCIPALES/Modulo Actos Administrativos/Modulo Viáticos/Modificar Solicitud de Viáticos/input_Fecha_form_detalleviaticosFechaNumero_input"), "01/07/2021"): Text '01/07/2021' is set on object 'Object Repository/1-OBJECTS TAREAS PRINCIPALES/Modulo Actos Administrativos/Modulo Viáticos/Modificar Solicitud de Viáticos/input_Fecha_form_detalleviaticosFechaNumero_input'

2023-04-10 09:10:52 - [MESSAGE][PASSED] - Text '01/07/2021' is set on object 'Object Repository/1-OBJECTS TAREAS PRINCIPALES/Modulo Actos Administrativos/Modulo Viáticos/Modificar Solicitud de Viáticos/input_Fecha_form_detalleviaticosFechaNumero_input'

2023-04-10 09:10:52 - [TEST_STEP][PASSED] - setText(findTestObject("1-OBJECTS TAREAS PRINCIPALES/Modulo Actos Administrativos/Modulo Viáticos/Modificar Solicitud de Viáticos/input_Nmero_form_detalleviaticosNumero"), "5"): Text '5' is set on object 'Object Repository/1-OBJECTS TAREAS PRINCIPALES/Modulo Actos Administrativos/Modulo Viáticos/Modificar Solicitud de Viáticos/input_Nmero_form_detalleviaticosNumero'

2023-04-10 09:10:53 - [MESSAGE][PASSED] - Text '5' is set on object 'Object Repository/1-OBJECTS TAREAS PRINCIPALES/Modulo Actos Administrativos/Modulo Viáticos/Modificar Solicitud de Viáticos/input_Nmero_form_detalleviaticosNumero'

2023-04-10 09:10:53 - [TEST_STEP][PASSED] - setText(findTestObject("1-OBJECTS TAREAS PRINCIPALES/Modulo Actos Administrativos/Modulo Viáticos/Modificar Solicitud de Viáticos/textarea_Motivo Modificacin_form_detalleviaticosmotivoModificacion"), "prueba"): Text 'prueba' is set on object 'Object Repository/1-OBJECTS TAREAS PRINCIPALES/Modulo Actos Administrativos/Modulo Viáticos/Modificar Solicitud de Viáticos/textarea_Motivo Modificacin_form_detalleviaticosmotivoModificacion'

2023-04-10 09:10:54 - [MESSAGE][PASSED] - Text 'prueba' is set on object 'Object Repository/1-OBJECTS TAREAS PRINCIPALES/Modulo Actos Administrativos/Modulo Viáticos/Modificar Solicitud de Viáticos/textarea_Motivo Modificacin_form_detalleviaticosmotivoModificacion'

2023-04-10 09:10:54 - [TEST_STEP][PASSED] - click(findTestObject("1-OBJECTS TAREAS PRINCIPALES/Modulo Actos Administrativos/Modulo Viáticos/Modificar Solicitud de Viáticos/a_Guardar_modficar")): Object: 'Object Repository/1-OBJECTS TAREAS PRINCIPALES/Modulo Actos Administrativos/Modulo Viáticos/Modificar Solicitud de Viáticos/a_Guardar_modficar' is clicked on

2023-04-10 09:10:54 - [MESSAGE][PASSED] - Object: 'Object Repository/1-OBJECTS TAREAS PRINCIPALES/Modulo Actos Administrativos/Modulo Viáticos/Modificar Solicitud de Viáticos/a_Guardar_modficar' is clicked on

2023-04-10 09:10:54 - [TEST_STEP][PASSED] - Result0 = getText(findTestObject("3-OBJECTS UTILIDADES/Alerta/Alerta")): Text of object 'Object Repository/3-OBJECTS UTILIDADES/Alerta/Alerta' is: 'El viatico ha sido insertado correctamente'

2023-04-10 09:10:55 - [MESSAGE][PASSED] - Text of object 'Object Repository/3-OBJECTS UTILIDADES/Alerta/Alerta' is: 'El viatico ha sido insertado correctamente'

2023-04-10 09:10:55 - [TEST_STEP][PASSED] - if (Result0 == "El viatico ha sido insertado correctamente"): Browser is closed

2023-04-10 09:10:55 - [TEST_STEP][PASSED] - closeBrowser(): Browser is closed

2023-04-10 09:10:56 - [MESSAGE][PASSED] - Browser is closed]]></system-out>
         <system-err><![CDATA[]]></system-err>
      </testcase>
      <testcase name="Test Cases/1.1-Tareas Principales/1.6.6 Anulación y Legalización de viáticos" time="92.304" classname="Test Cases/1.1-Tareas Principales/1.6.6 Anulación y Legalización de viáticos" status="PASSED">
         <system-out><![CDATA[2023-04-10 09:10:56 - [TEST_CASE][PASSED] - Test Cases/1.1-Tareas Principales/1.6.6 Anulación y Legalización de viáticos: Test Cases/1.1-Tareas Principales/1.6.6 Anulación y Legalización de viáticos

2023-04-10 09:10:56 - [TEST_STEP][PASSED] - callTestCase(findTestCase("0.1-Login"), [:], STOP_ON_FAILURE): Call Test Case 'Test Cases/0.1-Login' successfully

2023-04-10 09:10:56 - [TEST_CASE][PASSED] - Test Cases/0.1-Login: Test Cases/0.1-Login

2023-04-10 09:10:56 - [TEST_STEP][PASSED] - openBrowser(""): Browser is opened with url: ''

2023-04-10 09:10:56 - [MESSAGE][INFO] - Starting 'Chrome' driver

2023-04-10 09:10:56 - [MESSAGE][INFO] - Action delay is set to 0 milliseconds

2023-04-10 09:10:58 - [MESSAGE][PASSED] - Browser is opened with url: ''

2023-04-10 09:10:58 - [TEST_STEP][PASSED] - maximizeWindow(): Current window maximized

2023-04-10 09:10:58 - [MESSAGE][PASSED] - Current window maximized

2023-04-10 09:10:58 - [TEST_STEP][PASSED] - i = G_Login: null

2023-04-10 09:10:58 - [TEST_STEP][PASSED] - url = new java.net.URL(i): null

2023-04-10 09:10:58 - [TEST_STEP][PASSED] - println("URL: " + url.toString()): null

2023-04-10 09:10:58 - [TEST_STEP][PASSED] - connection = url.openConnection(): null

2023-04-10 09:10:58 - [TEST_STEP][PASSED] - connection.setRequestMethod("GET"): null

2023-04-10 09:10:58 - [TEST_STEP][PASSED] - connection.setReadTimeout(2 * 1000): null

2023-04-10 09:10:58 - [TEST_STEP][PASSED] - try: null

2023-04-10 09:10:58 - [TEST_STEP][PASSED] - connection.connect(): null

2023-04-10 09:10:58 - [TEST_STEP][PASSED] - flag = connected: null

2023-04-10 09:10:58 - [TEST_STEP][PASSED] - println("Valor_ori: " + flag): null

2023-04-10 09:10:58 - [TEST_STEP][PASSED] - if (flag): null

2023-04-10 09:10:58 - [TEST_STEP][PASSED] - navigateToUrl(i): Navigate to 'http://192.168.2.19:8380/saraweb' successfully

2023-04-10 09:10:58 - [MESSAGE][PASSED] - Navigate to 'http://192.168.2.19:8380/saraweb' successfully

2023-04-10 09:10:58 - [TEST_STEP][PASSED] - a(): null

2023-04-10 09:10:58 - [TEST_STEP][PASSED] - if (waitForElementVisible(findTestObject("3-OBJECTS UTILIDADES/Login/input_USUARIO_loginusuario"), 0)): null

2023-04-10 09:10:58 - [MESSAGE][WARNING] - Timeout '0' is invalid. Using default page load timeout: '37'

2023-04-10 09:10:59 - [MESSAGE][PASSED] - Object 'Object Repository/3-OBJECTS UTILIDADES/Login/input_USUARIO_loginusuario' is visible

2023-04-10 09:10:59 - [TEST_STEP][PASSED] - switchToWindowTitle("SARA"): Switched to window with title: 'SARA'

2023-04-10 09:10:59 - [MESSAGE][PASSED] - Switched to window with title: 'SARA'

2023-04-10 09:10:59 - [TEST_STEP][PASSED] - zoom(): null

2023-04-10 09:10:59 - [TEST_STEP][PASSED] - robot = new java.awt.Robot(): null

2023-04-10 09:10:59 - [TEST_STEP][PASSED] - robot.keyPress(VK_CONTROL): null

2023-04-10 09:10:59 - [TEST_STEP][PASSED] - robot.keyPress(VK_SUBTRACT): null

2023-04-10 09:10:59 - [TEST_STEP][PASSED] - robot.keyRelease(VK_CONTROL): null

2023-04-10 09:10:59 - [TEST_STEP][PASSED] - robot.keyRelease(VK_SUBTRACT): null

2023-04-10 09:10:59 - [TEST_STEP][PASSED] - robot.keyPress(VK_CONTROL): null

2023-04-10 09:10:59 - [TEST_STEP][PASSED] - robot.keyPress(VK_SUBTRACT): null

2023-04-10 09:10:59 - [TEST_STEP][PASSED] - robot.keyRelease(VK_CONTROL): null

2023-04-10 09:10:59 - [TEST_STEP][PASSED] - robot.keyRelease(VK_SUBTRACT): null

2023-04-10 09:10:59 - [TEST_STEP][PASSED] - robot.keyPress(VK_CONTROL): null

2023-04-10 09:10:59 - [TEST_STEP][PASSED] - robot.keyPress(VK_SUBTRACT): null

2023-04-10 09:10:59 - [TEST_STEP][PASSED] - robot.keyRelease(VK_CONTROL): null

2023-04-10 09:10:59 - [TEST_STEP][PASSED] - robot.keyRelease(VK_SUBTRACT): null

2023-04-10 09:10:59 - [TEST_STEP][PASSED] - robot.keyRelease(VK_CONTROL): null

2023-04-10 09:10:59 - [TEST_STEP][PASSED] - robot.keyRelease(VK_SUBTRACT): null

2023-04-10 09:10:59 - [TEST_STEP][PASSED] - setText(findTestObject("3-OBJECTS UTILIDADES/Login/input_USUARIO_loginusuario"), G_Usuario): Text 'saraadmin' is set on object 'Object Repository/3-OBJECTS UTILIDADES/Login/input_USUARIO_loginusuario'

2023-04-10 09:10:59 - [MESSAGE][PASSED] - Text 'saraadmin' is set on object 'Object Repository/3-OBJECTS UTILIDADES/Login/input_USUARIO_loginusuario'

2023-04-10 09:10:59 - [TEST_STEP][PASSED] - setEncryptedText(findTestObject("3-OBJECTS UTILIDADES/Login/input_CLAVE_loginpassword"), "SlAwMcyRKqrwbnzhAs8HhT6NnI7sEyng"): Text ****** has been set on object 'Object Repository/3-OBJECTS UTILIDADES/Login/input_CLAVE_loginpassword'

2023-04-10 09:11:01 - [MESSAGE][PASSED] - Text ****** has been set on object 'Object Repository/3-OBJECTS UTILIDADES/Login/input_CLAVE_loginpassword'

2023-04-10 09:11:01 - [TEST_STEP][PASSED] - while (waitForElementClickable(findTestObject("3-OBJECTS UTILIDADES/Login/a_Ingresar"), 1)): Web element with id: 'Object Repository/3-OBJECTS UTILIDADES/Login/a_Ingresar' located by '//a[contains(text(),'Ingresar')]' not found

2023-04-10 09:11:03 - [MESSAGE][INFO] - Unable to find the element located by 'By.xpath: //a[contains(text(),'Ingresar')]'. Please recheck the objects properties to make sure the desired element is located. 

2023-04-10 09:11:03 - [MESSAGE][WARNING] - Web element with id: 'Object Repository/3-OBJECTS UTILIDADES/Login/a_Ingresar' located by '//a[contains(text(),'Ingresar')]' not found

2023-04-10 09:11:03 - [MESSAGE][PASSED] - Call Test Case 'Test Cases/0.1-Login' successfully

2023-04-10 09:11:03 - [TEST_STEP][PASSED] - waitForElementClickable(findTestObject("1-OBJECTS TAREAS PRINCIPALES/Modulo Actos Administrativos/Modulo Viáticos/Anulación y Legalización de viáticos/input_ADMINISTRADOR DEL SISTEMA - SARA_form_templatej_idt24_input"), 0): Object 'Object Repository/1-OBJECTS TAREAS PRINCIPALES/Modulo Actos Administrativos/Modulo Viáticos/Anulación y Legalización de viáticos/input_ADMINISTRADOR DEL SISTEMA - SARA_form_templatej_idt24_input' is clickable

2023-04-10 09:11:03 - [MESSAGE][WARNING] - Timeout '0' is invalid. Using default page load timeout: '37'

2023-04-10 09:11:04 - [MESSAGE][PASSED] - Object 'Object Repository/1-OBJECTS TAREAS PRINCIPALES/Modulo Actos Administrativos/Modulo Viáticos/Anulación y Legalización de viáticos/input_ADMINISTRADOR DEL SISTEMA - SARA_form_templatej_idt24_input' is clickable

2023-04-10 09:11:04 - [TEST_STEP][PASSED] - setText(findTestObject("1-OBJECTS TAREAS PRINCIPALES/Modulo Actos Administrativos/Modulo Viáticos/Anulación y Legalización de viáticos/input_ADMINISTRADOR DEL SISTEMA - SARA_form_templatej_idt24_input"), "listado de viaticos"): Text 'listado de viaticos' is set on object 'Object Repository/1-OBJECTS TAREAS PRINCIPALES/Modulo Actos Administrativos/Modulo Viáticos/Anulación y Legalización de viáticos/input_ADMINISTRADOR DEL SISTEMA - SARA_form_templatej_idt24_input'

2023-04-10 09:11:04 - [MESSAGE][PASSED] - Text 'listado de viaticos' is set on object 'Object Repository/1-OBJECTS TAREAS PRINCIPALES/Modulo Actos Administrativos/Modulo Viáticos/Anulación y Legalización de viáticos/input_ADMINISTRADOR DEL SISTEMA - SARA_form_templatej_idt24_input'

2023-04-10 09:11:04 - [TEST_STEP][PASSED] - waitForElementClickable(findTestObject("1-OBJECTS TAREAS PRINCIPALES/Modulo Actos Administrativos/Modulo Viáticos/Anulación y Legalización de viáticos/span_Listado de Viaticos"), 0): Object 'Object Repository/1-OBJECTS TAREAS PRINCIPALES/Modulo Actos Administrativos/Modulo Viáticos/Anulación y Legalización de viáticos/span_Listado de Viaticos' is clickable

2023-04-10 09:11:04 - [MESSAGE][WARNING] - Timeout '0' is invalid. Using default page load timeout: '37'

2023-04-10 09:11:06 - [MESSAGE][PASSED] - Object 'Object Repository/1-OBJECTS TAREAS PRINCIPALES/Modulo Actos Administrativos/Modulo Viáticos/Anulación y Legalización de viáticos/span_Listado de Viaticos' is clickable

2023-04-10 09:11:06 - [TEST_STEP][PASSED] - sendKeys(findTestObject("1-OBJECTS TAREAS PRINCIPALES/Modulo Actos Administrativos/Modulo Viáticos/Anulación y Legalización de viáticos/input_ADMINISTRADOR DEL SISTEMA - SARA_form_templatej_idt24_input"), Keys.chord(ENTER)): Keys 'ENTER + ' sent to object: 'Object Repository/1-OBJECTS TAREAS PRINCIPALES/Modulo Actos Administrativos/Modulo Viáticos/Anulación y Legalización de viáticos/input_ADMINISTRADOR DEL SISTEMA - SARA_form_templatej_idt24_input'

2023-04-10 09:11:06 - [MESSAGE][PASSED] - Keys 'ENTER + ' sent to object: 'Object Repository/1-OBJECTS TAREAS PRINCIPALES/Modulo Actos Administrativos/Modulo Viáticos/Anulación y Legalización de viáticos/input_ADMINISTRADOR DEL SISTEMA - SARA_form_templatej_idt24_input'

2023-04-10 09:11:06 - [TEST_STEP][PASSED] - setText(findTestObject("1-OBJECTS TAREAS PRINCIPALES/Modulo Actos Administrativos/Modulo Viáticos/Crear viatico/input_Ao_form_listadoviaticosanio"), "2021"): Text '2021' is set on object 'Object Repository/1-OBJECTS TAREAS PRINCIPALES/Modulo Actos Administrativos/Modulo Viáticos/Crear viatico/input_Ao_form_listadoviaticosanio'

2023-04-10 09:11:08 - [MESSAGE][PASSED] - Text '2021' is set on object 'Object Repository/1-OBJECTS TAREAS PRINCIPALES/Modulo Actos Administrativos/Modulo Viáticos/Crear viatico/input_Ao_form_listadoviaticosanio'

2023-04-10 09:11:08 - [TEST_STEP][PASSED] - sendKeys(findTestObject("1-OBJECTS TAREAS PRINCIPALES/Modulo Actos Administrativos/Modulo Viáticos/Crear viatico/input_Ao_form_listadoviaticosanio"), Keys.chord(ENTER)): Keys 'ENTER + ' sent to object: 'Object Repository/1-OBJECTS TAREAS PRINCIPALES/Modulo Actos Administrativos/Modulo Viáticos/Crear viatico/input_Ao_form_listadoviaticosanio'

2023-04-10 09:11:08 - [MESSAGE][PASSED] - Keys 'ENTER + ' sent to object: 'Object Repository/1-OBJECTS TAREAS PRINCIPALES/Modulo Actos Administrativos/Modulo Viáticos/Crear viatico/input_Ao_form_listadoviaticosanio'

2023-04-10 09:11:08 - [TEST_STEP][PASSED] - selectOptionByIndex(findTestObject("1-OBJECTS TAREAS PRINCIPALES/Modulo Actos Administrativos/Modulo Viáticos/Crear viatico/select_--Seleccione--AnuladoAutorizadaDerogadaNo AutorizadaProgramadaSolicitado"), 5): All options with index in [5] are selected on object 'Object Repository/1-OBJECTS TAREAS PRINCIPALES/Modulo Actos Administrativos/Modulo Viáticos/Crear viatico/select_--Seleccione--AnuladoAutorizadaDerogadaNo AutorizadaProgramadaSolicitado'

2023-04-10 09:11:10 - [MESSAGE][PASSED] - All options with index in [5] are selected on object 'Object Repository/1-OBJECTS TAREAS PRINCIPALES/Modulo Actos Administrativos/Modulo Viáticos/Crear viatico/select_--Seleccione--AnuladoAutorizadaDerogadaNo AutorizadaProgramadaSolicitado'

2023-04-10 09:11:10 - [TEST_STEP][PASSED] - if (waitForElementClickable(findTestObject("1-OBJECTS TAREAS PRINCIPALES/Modulo Actos Administrativos/Modulo Viáticos/Anulación y Legalización de viáticos/td_01072021"), 1)): Web element with id: 'Object Repository/1-OBJECTS TAREAS PRINCIPALES/Modulo Actos Administrativos/Modulo Viáticos/Anulación y Legalización de viáticos/td_01072021' located by '//*/text()[normalize-space(.)='01/07/2021']/parent::*' not found

2023-04-10 09:11:12 - [MESSAGE][INFO] - Unable to find the element located by 'By.xpath: //*/text()[normalize-space(.)='01/07/2021']/parent::*'. Please recheck the objects properties to make sure the desired element is located. 

2023-04-10 09:11:12 - [MESSAGE][WARNING] - Web element with id: 'Object Repository/1-OBJECTS TAREAS PRINCIPALES/Modulo Actos Administrativos/Modulo Viáticos/Anulación y Legalización de viáticos/td_01072021' located by '//*/text()[normalize-space(.)='01/07/2021']/parent::*' not found

2023-04-10 09:11:12 - [TEST_STEP][PASSED] - else: null

2023-04-10 09:11:12 - [TEST_STEP][PASSED] - selectOptionByIndex(findTestObject("1-OBJECTS TAREAS PRINCIPALES/Modulo Actos Administrativos/Modulo Viáticos/Anulación y Legalización de viáticos/select_--Seleccione--AnuladoAutorizadaDerogadaNo AutorizadaProgramadaSolicitado"), 2): All options with index in [2] are selected on object 'Object Repository/1-OBJECTS TAREAS PRINCIPALES/Modulo Actos Administrativos/Modulo Viáticos/Anulación y Legalización de viáticos/select_--Seleccione--AnuladoAutorizadaDerogadaNo AutorizadaProgramadaSolicitado'

2023-04-10 09:11:13 - [MESSAGE][PASSED] - All options with index in [2] are selected on object 'Object Repository/1-OBJECTS TAREAS PRINCIPALES/Modulo Actos Administrativos/Modulo Viáticos/Anulación y Legalización de viáticos/select_--Seleccione--AnuladoAutorizadaDerogadaNo AutorizadaProgramadaSolicitado'

2023-04-10 09:11:13 - [TEST_STEP][PASSED] - setText(findTestObject("1-OBJECTS TAREAS PRINCIPALES/Modulo Actos Administrativos/Modulo Viáticos/Crear viatico/input_Ao_form_listadoviaticosanio"), "2021"): Text '2021' is set on object 'Object Repository/1-OBJECTS TAREAS PRINCIPALES/Modulo Actos Administrativos/Modulo Viáticos/Crear viatico/input_Ao_form_listadoviaticosanio'

2023-04-10 09:11:14 - [MESSAGE][PASSED] - Text '2021' is set on object 'Object Repository/1-OBJECTS TAREAS PRINCIPALES/Modulo Actos Administrativos/Modulo Viáticos/Crear viatico/input_Ao_form_listadoviaticosanio'

2023-04-10 09:11:14 - [TEST_STEP][PASSED] - sendKeys(findTestObject("1-OBJECTS TAREAS PRINCIPALES/Modulo Actos Administrativos/Modulo Viáticos/Crear viatico/input_Ao_form_listadoviaticosanio"), Keys.chord(ENTER)): Keys 'ENTER + ' sent to object: 'Object Repository/1-OBJECTS TAREAS PRINCIPALES/Modulo Actos Administrativos/Modulo Viáticos/Crear viatico/input_Ao_form_listadoviaticosanio'

2023-04-10 09:11:14 - [MESSAGE][PASSED] - Keys 'ENTER + ' sent to object: 'Object Repository/1-OBJECTS TAREAS PRINCIPALES/Modulo Actos Administrativos/Modulo Viáticos/Crear viatico/input_Ao_form_listadoviaticosanio'

2023-04-10 09:11:14 - [TEST_STEP][PASSED] - if (waitForElementClickable(findTestObject("1-OBJECTS TAREAS PRINCIPALES/Modulo Actos Administrativos/Modulo Viáticos/Anulación y Legalización de viáticos/td_01072021"), 1)): null

2023-04-10 09:11:15 - [MESSAGE][PASSED] - Object 'Object Repository/1-OBJECTS TAREAS PRINCIPALES/Modulo Actos Administrativos/Modulo Viáticos/Anulación y Legalización de viáticos/td_01072021' is clickable

2023-04-10 09:11:15 - [TEST_STEP][PASSED] - click(findTestObject("1-OBJECTS TAREAS PRINCIPALES/Modulo Actos Administrativos/Modulo Viáticos/Anulación y Legalización de viáticos/td_01072021")): Object: 'Object Repository/1-OBJECTS TAREAS PRINCIPALES/Modulo Actos Administrativos/Modulo Viáticos/Anulación y Legalización de viáticos/td_01072021' is clicked on

2023-04-10 09:11:15 - [MESSAGE][PASSED] - Object: 'Object Repository/1-OBJECTS TAREAS PRINCIPALES/Modulo Actos Administrativos/Modulo Viáticos/Anulación y Legalización de viáticos/td_01072021' is clicked on

2023-04-10 09:11:15 - [TEST_STEP][PASSED] - waitForElementClickable(findTestObject("1-OBJECTS TAREAS PRINCIPALES/Modulo Actos Administrativos/Modulo Viáticos/Anulación y Legalización de viáticos/a_Cerrar Desembolsar"), 0): Object 'Object Repository/1-OBJECTS TAREAS PRINCIPALES/Modulo Actos Administrativos/Modulo Viáticos/Anulación y Legalización de viáticos/a_Cerrar Desembolsar' is clickable

2023-04-10 09:11:16 - [MESSAGE][WARNING] - Timeout '0' is invalid. Using default page load timeout: '37'

2023-04-10 09:11:17 - [MESSAGE][PASSED] - Object 'Object Repository/1-OBJECTS TAREAS PRINCIPALES/Modulo Actos Administrativos/Modulo Viáticos/Anulación y Legalización de viáticos/a_Cerrar Desembolsar' is clickable

2023-04-10 09:11:17 - [TEST_STEP][PASSED] - click(findTestObject("1-OBJECTS TAREAS PRINCIPALES/Modulo Actos Administrativos/Modulo Viáticos/Anulación y Legalización de viáticos/a_Cerrar Desembolsar")): Object: 'Object Repository/1-OBJECTS TAREAS PRINCIPALES/Modulo Actos Administrativos/Modulo Viáticos/Anulación y Legalización de viáticos/a_Cerrar Desembolsar' is clicked on

2023-04-10 09:11:17 - [MESSAGE][PASSED] - Object: 'Object Repository/1-OBJECTS TAREAS PRINCIPALES/Modulo Actos Administrativos/Modulo Viáticos/Anulación y Legalización de viáticos/a_Cerrar Desembolsar' is clicked on

2023-04-10 09:11:17 - [TEST_STEP][PASSED] - setText(findTestObject("1-OBJECTS TAREAS PRINCIPALES/Modulo Actos Administrativos/Modulo Viáticos/Anulación y Legalización de viáticos/input_Fecha_Cierre desembolso"), "01/07/2021"): Text '01/07/2021' is set on object 'Object Repository/1-OBJECTS TAREAS PRINCIPALES/Modulo Actos Administrativos/Modulo Viáticos/Anulación y Legalización de viáticos/input_Fecha_Cierre desembolso'

2023-04-10 09:11:18 - [MESSAGE][PASSED] - Text '01/07/2021' is set on object 'Object Repository/1-OBJECTS TAREAS PRINCIPALES/Modulo Actos Administrativos/Modulo Viáticos/Anulación y Legalización de viáticos/input_Fecha_Cierre desembolso'

2023-04-10 09:11:18 - [TEST_STEP][PASSED] - setText(findTestObject("1-OBJECTS TAREAS PRINCIPALES/Modulo Actos Administrativos/Modulo Viáticos/Anulación y Legalización de viáticos/input_TRM_Cierre desembolso"), "5"): Text '5' is set on object 'Object Repository/1-OBJECTS TAREAS PRINCIPALES/Modulo Actos Administrativos/Modulo Viáticos/Anulación y Legalización de viáticos/input_TRM_Cierre desembolso'

2023-04-10 09:11:19 - [MESSAGE][PASSED] - Text '5' is set on object 'Object Repository/1-OBJECTS TAREAS PRINCIPALES/Modulo Actos Administrativos/Modulo Viáticos/Anulación y Legalización de viáticos/input_TRM_Cierre desembolso'

2023-04-10 09:11:19 - [TEST_STEP][PASSED] - click(findTestObject("1-OBJECTS TAREAS PRINCIPALES/Modulo Actos Administrativos/Modulo Viáticos/Anulación y Legalización de viáticos/a_Aplicar_Cierre desembolso")): Object: 'Object Repository/1-OBJECTS TAREAS PRINCIPALES/Modulo Actos Administrativos/Modulo Viáticos/Anulación y Legalización de viáticos/a_Aplicar_Cierre desembolso' is clicked on

2023-04-10 09:11:20 - [MESSAGE][PASSED] - Object: 'Object Repository/1-OBJECTS TAREAS PRINCIPALES/Modulo Actos Administrativos/Modulo Viáticos/Anulación y Legalización de viáticos/a_Aplicar_Cierre desembolso' is clicked on

2023-04-10 09:11:20 - [TEST_STEP][PASSED] - click(findTestObject("1-OBJECTS TAREAS PRINCIPALES/Modulo Actos Administrativos/Modulo Viáticos/Anulación y Legalización de viáticos/a_Costos_Anulacion")): Object: 'Object Repository/1-OBJECTS TAREAS PRINCIPALES/Modulo Actos Administrativos/Modulo Viáticos/Anulación y Legalización de viáticos/a_Costos_Anulacion' is clicked on

2023-04-10 09:11:20 - [MESSAGE][PASSED] - Object: 'Object Repository/1-OBJECTS TAREAS PRINCIPALES/Modulo Actos Administrativos/Modulo Viáticos/Anulación y Legalización de viáticos/a_Costos_Anulacion' is clicked on

2023-04-10 09:11:20 - [TEST_STEP][PASSED] - sendKeys(findTestObject("1-OBJECTS TAREAS PRINCIPALES/Modulo Actos Administrativos/Modulo Viáticos/Anulación y Legalización de viáticos/a_Costos_Anulacion"), Keys.chord(F5)): Keys 'F5 + ' sent to object: 'Object Repository/1-OBJECTS TAREAS PRINCIPALES/Modulo Actos Administrativos/Modulo Viáticos/Anulación y Legalización de viáticos/a_Costos_Anulacion'

2023-04-10 09:11:21 - [MESSAGE][PASSED] - Keys 'F5 + ' sent to object: 'Object Repository/1-OBJECTS TAREAS PRINCIPALES/Modulo Actos Administrativos/Modulo Viáticos/Anulación y Legalización de viáticos/a_Costos_Anulacion'

2023-04-10 09:11:21 - [TEST_STEP][PASSED] - waitForElementClickable(findTestObject("1-OBJECTS TAREAS PRINCIPALES/Modulo Actos Administrativos/Modulo Viáticos/Costos de Viáticos/a_Nuevo1_costo"), 0): Object 'Object Repository/1-OBJECTS TAREAS PRINCIPALES/Modulo Actos Administrativos/Modulo Viáticos/Costos de Viáticos/a_Nuevo1_costo' is clickable

2023-04-10 09:11:21 - [MESSAGE][WARNING] - Timeout '0' is invalid. Using default page load timeout: '37'

2023-04-10 09:11:21 - [MESSAGE][PASSED] - Object 'Object Repository/1-OBJECTS TAREAS PRINCIPALES/Modulo Actos Administrativos/Modulo Viáticos/Costos de Viáticos/a_Nuevo1_costo' is clickable

2023-04-10 09:11:21 - [TEST_STEP][PASSED] - click(findTestObject("1-OBJECTS TAREAS PRINCIPALES/Modulo Actos Administrativos/Modulo Viáticos/Costos de Viáticos/a_Nuevo1_costo")): Object: 'Object Repository/1-OBJECTS TAREAS PRINCIPALES/Modulo Actos Administrativos/Modulo Viáticos/Costos de Viáticos/a_Nuevo1_costo' is clicked on

2023-04-10 09:11:22 - [MESSAGE][PASSED] - Object: 'Object Repository/1-OBJECTS TAREAS PRINCIPALES/Modulo Actos Administrativos/Modulo Viáticos/Costos de Viáticos/a_Nuevo1_costo' is clicked on

2023-04-10 09:11:22 - [TEST_STEP][PASSED] - waitForElementClickable(findTestObject("1-OBJECTS TAREAS PRINCIPALES/Modulo Actos Administrativos/Modulo Viáticos/Costos de Viáticos/a_Funcionario_form_popupComplementarioViaticoj_idt332"), 0): Object 'Object Repository/1-OBJECTS TAREAS PRINCIPALES/Modulo Actos Administrativos/Modulo Viáticos/Costos de Viáticos/a_Funcionario_form_popupComplementarioViaticoj_idt332' is clickable

2023-04-10 09:11:22 - [MESSAGE][WARNING] - Timeout '0' is invalid. Using default page load timeout: '37'

2023-04-10 09:11:22 - [MESSAGE][PASSED] - Object 'Object Repository/1-OBJECTS TAREAS PRINCIPALES/Modulo Actos Administrativos/Modulo Viáticos/Costos de Viáticos/a_Funcionario_form_popupComplementarioViaticoj_idt332' is clickable

2023-04-10 09:11:22 - [TEST_STEP][PASSED] - click(findTestObject("1-OBJECTS TAREAS PRINCIPALES/Modulo Actos Administrativos/Modulo Viáticos/Costos de Viáticos/a_Funcionario_form_popupComplementarioViaticoj_idt332")): Object: 'Object Repository/1-OBJECTS TAREAS PRINCIPALES/Modulo Actos Administrativos/Modulo Viáticos/Costos de Viáticos/a_Funcionario_form_popupComplementarioViaticoj_idt332' is clicked on

2023-04-10 09:11:23 - [MESSAGE][PASSED] - Object: 'Object Repository/1-OBJECTS TAREAS PRINCIPALES/Modulo Actos Administrativos/Modulo Viáticos/Costos de Viáticos/a_Funcionario_form_popupComplementarioViaticoj_idt332' is clicked on

2023-04-10 09:11:23 - [TEST_STEP][PASSED] - waitForElementClickable(findTestObject("1-OBJECTS TAREAS PRINCIPALES/Modulo Actos Administrativos/Modulo Viáticos/Anulación y Legalización de viáticos/td_QUINTERO 5 EMPLEADO2"), 0): Object 'Object Repository/1-OBJECTS TAREAS PRINCIPALES/Modulo Actos Administrativos/Modulo Viáticos/Anulación y Legalización de viáticos/td_QUINTERO 5 EMPLEADO2' is clickable

2023-04-10 09:11:23 - [MESSAGE][WARNING] - Timeout '0' is invalid. Using default page load timeout: '37'

2023-04-10 09:11:24 - [MESSAGE][PASSED] - Object 'Object Repository/1-OBJECTS TAREAS PRINCIPALES/Modulo Actos Administrativos/Modulo Viáticos/Anulación y Legalización de viáticos/td_QUINTERO 5 EMPLEADO2' is clickable

2023-04-10 09:11:24 - [TEST_STEP][PASSED] - click(findTestObject("1-OBJECTS TAREAS PRINCIPALES/Modulo Actos Administrativos/Modulo Viáticos/Anulación y Legalización de viáticos/td_QUINTERO 5 EMPLEADO2")): Object: 'Object Repository/1-OBJECTS TAREAS PRINCIPALES/Modulo Actos Administrativos/Modulo Viáticos/Anulación y Legalización de viáticos/td_QUINTERO 5 EMPLEADO2' is clicked on

2023-04-10 09:11:24 - [MESSAGE][PASSED] - Object: 'Object Repository/1-OBJECTS TAREAS PRINCIPALES/Modulo Actos Administrativos/Modulo Viáticos/Anulación y Legalización de viáticos/td_QUINTERO 5 EMPLEADO2' is clicked on

2023-04-10 09:11:24 - [TEST_STEP][PASSED] - waitForElementVisible(findTestObject("1-OBJECTS TAREAS PRINCIPALES/Modulo Actos Administrativos/Modulo Viáticos/Complementario de Viáticos/select_--- Seleccione Tipo Costo --Viatico prueba--complementario"), 0): Object 'Object Repository/1-OBJECTS TAREAS PRINCIPALES/Modulo Actos Administrativos/Modulo Viáticos/Complementario de Viáticos/select_--- Seleccione Tipo Costo --Viatico prueba--complementario' is visible

2023-04-10 09:11:24 - [MESSAGE][WARNING] - Timeout '0' is invalid. Using default page load timeout: '37'

2023-04-10 09:11:25 - [MESSAGE][PASSED] - Object 'Object Repository/1-OBJECTS TAREAS PRINCIPALES/Modulo Actos Administrativos/Modulo Viáticos/Complementario de Viáticos/select_--- Seleccione Tipo Costo --Viatico prueba--complementario' is visible

2023-04-10 09:11:25 - [TEST_STEP][PASSED] - selectOptionByIndex(findTestObject("1-OBJECTS TAREAS PRINCIPALES/Modulo Actos Administrativos/Modulo Viáticos/Complementario de Viáticos/select_--- Seleccione Tipo Costo --Viatico prueba--complementario"), "2"): All options with index in [2] are selected on object 'Object Repository/1-OBJECTS TAREAS PRINCIPALES/Modulo Actos Administrativos/Modulo Viáticos/Complementario de Viáticos/select_--- Seleccione Tipo Costo --Viatico prueba--complementario'

2023-04-10 09:11:26 - [MESSAGE][PASSED] - All options with index in [2] are selected on object 'Object Repository/1-OBJECTS TAREAS PRINCIPALES/Modulo Actos Administrativos/Modulo Viáticos/Complementario de Viáticos/select_--- Seleccione Tipo Costo --Viatico prueba--complementario'

2023-04-10 09:11:26 - [TEST_STEP][PASSED] - setText(findTestObject("1-OBJECTS TAREAS PRINCIPALES/Modulo Actos Administrativos/Modulo Viáticos/Costos de Viáticos/input_Valor Pagado UD_form_popupcostoviaticosvalorPagadoUD"), "1500000"): Text '1500000' is set on object 'Object Repository/1-OBJECTS TAREAS PRINCIPALES/Modulo Actos Administrativos/Modulo Viáticos/Costos de Viáticos/input_Valor Pagado UD_form_popupcostoviaticosvalorPagadoUD'

2023-04-10 09:11:27 - [MESSAGE][PASSED] - Text '1500000' is set on object 'Object Repository/1-OBJECTS TAREAS PRINCIPALES/Modulo Actos Administrativos/Modulo Viáticos/Costos de Viáticos/input_Valor Pagado UD_form_popupcostoviaticosvalorPagadoUD'

2023-04-10 09:11:27 - [TEST_STEP][PASSED] - setText(findTestObject("1-OBJECTS TAREAS PRINCIPALES/Modulo Actos Administrativos/Modulo Viáticos/Costos de Viáticos/input_Excedente_form_popupcostoviaticosvalorExcedente"), "10000"): Text '10000' is set on object 'Object Repository/1-OBJECTS TAREAS PRINCIPALES/Modulo Actos Administrativos/Modulo Viáticos/Costos de Viáticos/input_Excedente_form_popupcostoviaticosvalorExcedente'

2023-04-10 09:11:28 - [MESSAGE][PASSED] - Text '10000' is set on object 'Object Repository/1-OBJECTS TAREAS PRINCIPALES/Modulo Actos Administrativos/Modulo Viáticos/Costos de Viáticos/input_Excedente_form_popupcostoviaticosvalorExcedente'

2023-04-10 09:11:28 - [TEST_STEP][PASSED] - setText(findTestObject("1-OBJECTS TAREAS PRINCIPALES/Modulo Actos Administrativos/Modulo Viáticos/Costos de Viáticos/input_Factura_form_popupcostoviaticosfactura"), "5"): Text '5' is set on object 'Object Repository/1-OBJECTS TAREAS PRINCIPALES/Modulo Actos Administrativos/Modulo Viáticos/Costos de Viáticos/input_Factura_form_popupcostoviaticosfactura'

2023-04-10 09:11:29 - [MESSAGE][PASSED] - Text '5' is set on object 'Object Repository/1-OBJECTS TAREAS PRINCIPALES/Modulo Actos Administrativos/Modulo Viáticos/Costos de Viáticos/input_Factura_form_popupcostoviaticosfactura'

2023-04-10 09:11:29 - [TEST_STEP][PASSED] - setText(findTestObject("1-OBJECTS TAREAS PRINCIPALES/Modulo Actos Administrativos/Modulo Viáticos/Costos de Viáticos/input_Factura_form_popupcostoviaticosfechafactura_input"), "01/07/2021"): Text '01/07/2021' is set on object 'Object Repository/1-OBJECTS TAREAS PRINCIPALES/Modulo Actos Administrativos/Modulo Viáticos/Costos de Viáticos/input_Factura_form_popupcostoviaticosfechafactura_input'

2023-04-10 09:11:30 - [MESSAGE][PASSED] - Text '01/07/2021' is set on object 'Object Repository/1-OBJECTS TAREAS PRINCIPALES/Modulo Actos Administrativos/Modulo Viáticos/Costos de Viáticos/input_Factura_form_popupcostoviaticosfechafactura_input'

2023-04-10 09:11:30 - [TEST_STEP][PASSED] - setText(findTestObject("1-OBJECTS TAREAS PRINCIPALES/Modulo Actos Administrativos/Modulo Viáticos/Costos de Viáticos/input_viatico_form_popupcostoviaticosdestino"), "1"): Text '1' is set on object 'Object Repository/1-OBJECTS TAREAS PRINCIPALES/Modulo Actos Administrativos/Modulo Viáticos/Costos de Viáticos/input_viatico_form_popupcostoviaticosdestino'

2023-04-10 09:11:30 - [MESSAGE][PASSED] - Text '1' is set on object 'Object Repository/1-OBJECTS TAREAS PRINCIPALES/Modulo Actos Administrativos/Modulo Viáticos/Costos de Viáticos/input_viatico_form_popupcostoviaticosdestino'

2023-04-10 09:11:30 - [TEST_STEP][PASSED] - click(findTestObject("1-OBJECTS TAREAS PRINCIPALES/Modulo Actos Administrativos/Modulo Viáticos/Costos de Viáticos/input_viatico_form_popupcostoviaticosdestino")): Object: 'Object Repository/1-OBJECTS TAREAS PRINCIPALES/Modulo Actos Administrativos/Modulo Viáticos/Costos de Viáticos/input_viatico_form_popupcostoviaticosdestino' is clicked on

2023-04-10 09:11:31 - [MESSAGE][PASSED] - Object: 'Object Repository/1-OBJECTS TAREAS PRINCIPALES/Modulo Actos Administrativos/Modulo Viáticos/Costos de Viáticos/input_viatico_form_popupcostoviaticosdestino' is clicked on

2023-04-10 09:11:31 - [TEST_STEP][PASSED] - click(findTestObject("1-OBJECTS TAREAS PRINCIPALES/Modulo Actos Administrativos/Modulo Viáticos/Costos de Viáticos/a_Guardar_costo")): Object: 'Object Repository/1-OBJECTS TAREAS PRINCIPALES/Modulo Actos Administrativos/Modulo Viáticos/Costos de Viáticos/a_Guardar_costo' is clicked on

2023-04-10 09:11:31 - [MESSAGE][PASSED] - Object: 'Object Repository/1-OBJECTS TAREAS PRINCIPALES/Modulo Actos Administrativos/Modulo Viáticos/Costos de Viáticos/a_Guardar_costo' is clicked on

2023-04-10 09:11:31 - [TEST_STEP][PASSED] - click(findTestObject("1-OBJECTS TAREAS PRINCIPALES/Modulo Actos Administrativos/Modulo Viáticos/Anulación y Legalización de viáticos/span_Cerrar_ventana_ Crear costos")): Object: 'Object Repository/1-OBJECTS TAREAS PRINCIPALES/Modulo Actos Administrativos/Modulo Viáticos/Anulación y Legalización de viáticos/span_Cerrar_ventana_ Crear costos' is clicked on

2023-04-10 09:11:32 - [MESSAGE][PASSED] - Object: 'Object Repository/1-OBJECTS TAREAS PRINCIPALES/Modulo Actos Administrativos/Modulo Viáticos/Anulación y Legalización de viáticos/span_Cerrar_ventana_ Crear costos' is clicked on

2023-04-10 09:11:32 - [TEST_STEP][PASSED] - click(findTestObject("1-OBJECTS TAREAS PRINCIPALES/Modulo Actos Administrativos/Modulo Viáticos/Anulación y Legalización de viáticos/td_estado_null")): Object: 'Object Repository/1-OBJECTS TAREAS PRINCIPALES/Modulo Actos Administrativos/Modulo Viáticos/Anulación y Legalización de viáticos/td_estado_null' is clicked on

2023-04-10 09:11:33 - [MESSAGE][PASSED] - Object: 'Object Repository/1-OBJECTS TAREAS PRINCIPALES/Modulo Actos Administrativos/Modulo Viáticos/Anulación y Legalización de viáticos/td_estado_null' is clicked on

2023-04-10 09:11:33 - [TEST_STEP][PASSED] - if (waitForElementClickable(findTestObject("1-OBJECTS TAREAS PRINCIPALES/Modulo Actos Administrativos/Modulo Viáticos/Anulación y Legalización de viáticos/a_Anular_Costo"), 1)): null

2023-04-10 09:11:34 - [MESSAGE][PASSED] - Object 'Object Repository/1-OBJECTS TAREAS PRINCIPALES/Modulo Actos Administrativos/Modulo Viáticos/Anulación y Legalización de viáticos/a_Anular_Costo' is clickable

2023-04-10 09:11:34 - [TEST_STEP][PASSED] - click(findTestObject("1-OBJECTS TAREAS PRINCIPALES/Modulo Actos Administrativos/Modulo Viáticos/Anulación y Legalización de viáticos/a_Anular_Costo")): Object: 'Object Repository/1-OBJECTS TAREAS PRINCIPALES/Modulo Actos Administrativos/Modulo Viáticos/Anulación y Legalización de viáticos/a_Anular_Costo' is clicked on

2023-04-10 09:11:34 - [MESSAGE][PASSED] - Object: 'Object Repository/1-OBJECTS TAREAS PRINCIPALES/Modulo Actos Administrativos/Modulo Viáticos/Anulación y Legalización de viáticos/a_Anular_Costo' is clicked on

2023-04-10 09:11:34 - [TEST_STEP][PASSED] - waitForElementClickable(findTestObject("1-OBJECTS TAREAS PRINCIPALES/Modulo Actos Administrativos/Modulo Viáticos/Anulación y Legalización de viáticos/select_--Seleccione--Nota CreditoReembolsoRevisin"), 0): Object 'Object Repository/1-OBJECTS TAREAS PRINCIPALES/Modulo Actos Administrativos/Modulo Viáticos/Anulación y Legalización de viáticos/select_--Seleccione--Nota CreditoReembolsoRevisin' is clickable

2023-04-10 09:11:34 - [MESSAGE][WARNING] - Timeout '0' is invalid. Using default page load timeout: '37'

2023-04-10 09:11:35 - [MESSAGE][PASSED] - Object 'Object Repository/1-OBJECTS TAREAS PRINCIPALES/Modulo Actos Administrativos/Modulo Viáticos/Anulación y Legalización de viáticos/select_--Seleccione--Nota CreditoReembolsoRevisin' is clickable

2023-04-10 09:11:35 - [TEST_STEP][PASSED] - selectOptionByIndex(findTestObject("1-OBJECTS TAREAS PRINCIPALES/Modulo Actos Administrativos/Modulo Viáticos/Anulación y Legalización de viáticos/select_--Seleccione--Nota CreditoReembolsoRevisin"), "1"): All options with index in [1] are selected on object 'Object Repository/1-OBJECTS TAREAS PRINCIPALES/Modulo Actos Administrativos/Modulo Viáticos/Anulación y Legalización de viáticos/select_--Seleccione--Nota CreditoReembolsoRevisin'

2023-04-10 09:11:36 - [MESSAGE][PASSED] - All options with index in [1] are selected on object 'Object Repository/1-OBJECTS TAREAS PRINCIPALES/Modulo Actos Administrativos/Modulo Viáticos/Anulación y Legalización de viáticos/select_--Seleccione--Nota CreditoReembolsoRevisin'

2023-04-10 09:11:36 - [TEST_STEP][PASSED] - setText(findTestObject("1-OBJECTS TAREAS PRINCIPALES/Modulo Actos Administrativos/Modulo Viáticos/Anulación y Legalización de viáticos/input_Nmero Nota Credito_form"), "5"): Text '5' is set on object 'Object Repository/1-OBJECTS TAREAS PRINCIPALES/Modulo Actos Administrativos/Modulo Viáticos/Anulación y Legalización de viáticos/input_Nmero Nota Credito_form'

2023-04-10 09:11:37 - [MESSAGE][PASSED] - Text '5' is set on object 'Object Repository/1-OBJECTS TAREAS PRINCIPALES/Modulo Actos Administrativos/Modulo Viáticos/Anulación y Legalización de viáticos/input_Nmero Nota Credito_form'

2023-04-10 09:11:37 - [TEST_STEP][PASSED] - setText(findTestObject("1-OBJECTS TAREAS PRINCIPALES/Modulo Actos Administrativos/Modulo Viáticos/Anulación y Legalización de viáticos/input_Fecha De Nota Crdito_form_Nota credito"), "01/07/2021"): Text '01/07/2021' is set on object 'Object Repository/1-OBJECTS TAREAS PRINCIPALES/Modulo Actos Administrativos/Modulo Viáticos/Anulación y Legalización de viáticos/input_Fecha De Nota Crdito_form_Nota credito'

2023-04-10 09:11:38 - [MESSAGE][PASSED] - Text '01/07/2021' is set on object 'Object Repository/1-OBJECTS TAREAS PRINCIPALES/Modulo Actos Administrativos/Modulo Viáticos/Anulación y Legalización de viáticos/input_Fecha De Nota Crdito_form_Nota credito'

2023-04-10 09:11:38 - [TEST_STEP][PASSED] - setText(findTestObject("1-OBJECTS TAREAS PRINCIPALES/Modulo Actos Administrativos/Modulo Viáticos/Anulación y Legalización de viáticos/input_Fecha Resolucin_form_Nota_credito"), "01/07/2021"): Text '01/07/2021' is set on object 'Object Repository/1-OBJECTS TAREAS PRINCIPALES/Modulo Actos Administrativos/Modulo Viáticos/Anulación y Legalización de viáticos/input_Fecha Resolucin_form_Nota_credito'

2023-04-10 09:11:39 - [MESSAGE][PASSED] - Text '01/07/2021' is set on object 'Object Repository/1-OBJECTS TAREAS PRINCIPALES/Modulo Actos Administrativos/Modulo Viáticos/Anulación y Legalización de viáticos/input_Fecha Resolucin_form_Nota_credito'

2023-04-10 09:11:39 - [TEST_STEP][PASSED] - setText(findTestObject("1-OBJECTS TAREAS PRINCIPALES/Modulo Actos Administrativos/Modulo Viáticos/Anulación y Legalización de viáticos/input_Valor_form_Nota_credito"), "10"): Text '10' is set on object 'Object Repository/1-OBJECTS TAREAS PRINCIPALES/Modulo Actos Administrativos/Modulo Viáticos/Anulación y Legalización de viáticos/input_Valor_form_Nota_credito'

2023-04-10 09:11:40 - [MESSAGE][PASSED] - Text '10' is set on object 'Object Repository/1-OBJECTS TAREAS PRINCIPALES/Modulo Actos Administrativos/Modulo Viáticos/Anulación y Legalización de viáticos/input_Valor_form_Nota_credito'

2023-04-10 09:11:40 - [TEST_STEP][PASSED] - setText(findTestObject("1-OBJECTS TAREAS PRINCIPALES/Modulo Actos Administrativos/Modulo Viáticos/Anulación y Legalización de viáticos/input_Nmero Resolucin_Nota_credito"), "5"): Text '5' is set on object 'Object Repository/1-OBJECTS TAREAS PRINCIPALES/Modulo Actos Administrativos/Modulo Viáticos/Anulación y Legalización de viáticos/input_Nmero Resolucin_Nota_credito'

2023-04-10 09:11:40 - [MESSAGE][PASSED] - Text '5' is set on object 'Object Repository/1-OBJECTS TAREAS PRINCIPALES/Modulo Actos Administrativos/Modulo Viáticos/Anulación y Legalización de viáticos/input_Nmero Resolucin_Nota_credito'

2023-04-10 09:11:40 - [TEST_STEP][PASSED] - click(findTestObject("1-OBJECTS TAREAS PRINCIPALES/Modulo Actos Administrativos/Modulo Viáticos/Anulación y Legalización de viáticos/a_Aplicar_Nota_credito")): Object: 'Object Repository/1-OBJECTS TAREAS PRINCIPALES/Modulo Actos Administrativos/Modulo Viáticos/Anulación y Legalización de viáticos/a_Aplicar_Nota_credito' is clicked on

2023-04-10 09:11:41 - [MESSAGE][PASSED] - Object: 'Object Repository/1-OBJECTS TAREAS PRINCIPALES/Modulo Actos Administrativos/Modulo Viáticos/Anulación y Legalización de viáticos/a_Aplicar_Nota_credito' is clicked on

2023-04-10 09:11:41 - [TEST_STEP][PASSED] - element3 = findWebElement(findTestObject("1-OBJECTS TAREAS PRINCIPALES/Modulo Actos Administrativos/Modulo Viáticos/Anulación y Legalización de viáticos/a_Cambiar estado"), 30): null

2023-04-10 09:11:42 - [TEST_STEP][PASSED] - executeJavaScript("arguments[0].click()", Arrays.asList(element3)): Execute JavaScript 'arguments[0].click()' successfully

2023-04-10 09:11:42 - [MESSAGE][PASSED] - Execute JavaScript 'arguments[0].click()' successfully

2023-04-10 09:11:42 - [TEST_STEP][PASSED] - waitForElementClickable(findTestObject("1-OBJECTS TAREAS PRINCIPALES/Modulo Actos Administrativos/Modulo Viáticos/Anulación y Legalización de viáticos/select_--Seleccione--Nota CreditoReembolsoRevisin"), 0): Object 'Object Repository/1-OBJECTS TAREAS PRINCIPALES/Modulo Actos Administrativos/Modulo Viáticos/Anulación y Legalización de viáticos/select_--Seleccione--Nota CreditoReembolsoRevisin' is clickable

2023-04-10 09:11:42 - [MESSAGE][WARNING] - Timeout '0' is invalid. Using default page load timeout: '37'

2023-04-10 09:11:42 - [MESSAGE][PASSED] - Object 'Object Repository/1-OBJECTS TAREAS PRINCIPALES/Modulo Actos Administrativos/Modulo Viáticos/Anulación y Legalización de viáticos/select_--Seleccione--Nota CreditoReembolsoRevisin' is clickable

2023-04-10 09:11:42 - [TEST_STEP][PASSED] - selectOptionByIndex(findTestObject("1-OBJECTS TAREAS PRINCIPALES/Modulo Actos Administrativos/Modulo Viáticos/Anulación y Legalización de viáticos/select_--Seleccione--Nota CreditoReembolsoRevisin"), "2"): All options with index in [2] are selected on object 'Object Repository/1-OBJECTS TAREAS PRINCIPALES/Modulo Actos Administrativos/Modulo Viáticos/Anulación y Legalización de viáticos/select_--Seleccione--Nota CreditoReembolsoRevisin'

2023-04-10 09:11:44 - [MESSAGE][PASSED] - All options with index in [2] are selected on object 'Object Repository/1-OBJECTS TAREAS PRINCIPALES/Modulo Actos Administrativos/Modulo Viáticos/Anulación y Legalización de viáticos/select_--Seleccione--Nota CreditoReembolsoRevisin'

2023-04-10 09:11:44 - [TEST_STEP][PASSED] - click(findTestObject("1-OBJECTS TAREAS PRINCIPALES/Modulo Actos Administrativos/Modulo Viáticos/Anulación y Legalización de viáticos/a_Aplicar_Reembolso")): Object: 'Object Repository/1-OBJECTS TAREAS PRINCIPALES/Modulo Actos Administrativos/Modulo Viáticos/Anulación y Legalización de viáticos/a_Aplicar_Reembolso' is clicked on

2023-04-10 09:11:44 - [MESSAGE][PASSED] - Object: 'Object Repository/1-OBJECTS TAREAS PRINCIPALES/Modulo Actos Administrativos/Modulo Viáticos/Anulación y Legalización de viáticos/a_Aplicar_Reembolso' is clicked on

2023-04-10 09:11:44 - [TEST_STEP][PASSED] - waitForElementClickable(findTestObject("1-OBJECTS TAREAS PRINCIPALES/Modulo Actos Administrativos/Modulo Viáticos/Anulación y Legalización de viáticos/a_cerrar_costo_viaticos"), 0): Object 'Object Repository/1-OBJECTS TAREAS PRINCIPALES/Modulo Actos Administrativos/Modulo Viáticos/Anulación y Legalización de viáticos/a_cerrar_costo_viaticos' is clickable

2023-04-10 09:11:44 - [MESSAGE][WARNING] - Timeout '0' is invalid. Using default page load timeout: '37'

2023-04-10 09:11:45 - [MESSAGE][PASSED] - Object 'Object Repository/1-OBJECTS TAREAS PRINCIPALES/Modulo Actos Administrativos/Modulo Viáticos/Anulación y Legalización de viáticos/a_cerrar_costo_viaticos' is clickable

2023-04-10 09:11:45 - [TEST_STEP][PASSED] - click(findTestObject("1-OBJECTS TAREAS PRINCIPALES/Modulo Actos Administrativos/Modulo Viáticos/Anulación y Legalización de viáticos/a_cerrar_costo_viaticos")): Object: 'Object Repository/1-OBJECTS TAREAS PRINCIPALES/Modulo Actos Administrativos/Modulo Viáticos/Anulación y Legalización de viáticos/a_cerrar_costo_viaticos' is clicked on

2023-04-10 09:11:45 - [MESSAGE][PASSED] - Object: 'Object Repository/1-OBJECTS TAREAS PRINCIPALES/Modulo Actos Administrativos/Modulo Viáticos/Anulación y Legalización de viáticos/a_cerrar_costo_viaticos' is clicked on

2023-04-10 09:11:45 - [TEST_STEP][PASSED] - click(findTestObject("1-OBJECTS TAREAS PRINCIPALES/Modulo Actos Administrativos/Modulo Viáticos/Anulación y Legalización de viáticos/a_Actos administrativos")): Object: 'Object Repository/1-OBJECTS TAREAS PRINCIPALES/Modulo Actos Administrativos/Modulo Viáticos/Anulación y Legalización de viáticos/a_Actos administrativos' is clicked on

2023-04-10 09:11:46 - [MESSAGE][PASSED] - Object: 'Object Repository/1-OBJECTS TAREAS PRINCIPALES/Modulo Actos Administrativos/Modulo Viáticos/Anulación y Legalización de viáticos/a_Actos administrativos' is clicked on

2023-04-10 09:11:46 - [TEST_STEP][PASSED] - click(findTestObject("1-OBJECTS TAREAS PRINCIPALES/Modulo Actos Administrativos/Modulo Viáticos/Anulación y Legalización de viáticos/a_Listado Viticos_cerrar_menu")): Object: 'Object Repository/1-OBJECTS TAREAS PRINCIPALES/Modulo Actos Administrativos/Modulo Viáticos/Anulación y Legalización de viáticos/a_Listado Viticos_cerrar_menu' is clicked on

2023-04-10 09:11:47 - [MESSAGE][PASSED] - Object: 'Object Repository/1-OBJECTS TAREAS PRINCIPALES/Modulo Actos Administrativos/Modulo Viáticos/Anulación y Legalización de viáticos/a_Listado Viticos_cerrar_menu' is clicked on

2023-04-10 09:11:47 - [TEST_STEP][PASSED] - click(findTestObject("1-OBJECTS TAREAS PRINCIPALES/Modulo Actos Administrativos/Modulo Viáticos/Anulación y Legalización de viáticos/label_Viaticos")): Object: 'Object Repository/1-OBJECTS TAREAS PRINCIPALES/Modulo Actos Administrativos/Modulo Viáticos/Anulación y Legalización de viáticos/label_Viaticos' is clicked on

2023-04-10 09:11:47 - [MESSAGE][PASSED] - Object: 'Object Repository/1-OBJECTS TAREAS PRINCIPALES/Modulo Actos Administrativos/Modulo Viáticos/Anulación y Legalización de viáticos/label_Viaticos' is clicked on

2023-04-10 09:11:47 - [TEST_STEP][PASSED] - click(findTestObject("1-OBJECTS TAREAS PRINCIPALES/Modulo Actos Administrativos/Modulo Viáticos/Anulación y Legalización de viáticos/a_Listado Costos Pendientes")): Object: 'Object Repository/1-OBJECTS TAREAS PRINCIPALES/Modulo Actos Administrativos/Modulo Viáticos/Anulación y Legalización de viáticos/a_Listado Costos Pendientes' is clicked on

2023-04-10 09:11:48 - [MESSAGE][PASSED] - Object: 'Object Repository/1-OBJECTS TAREAS PRINCIPALES/Modulo Actos Administrativos/Modulo Viáticos/Anulación y Legalización de viáticos/a_Listado Costos Pendientes' is clicked on

2023-04-10 09:11:48 - [TEST_STEP][PASSED] - waitForElementClickable(findTestObject("1-OBJECTS TAREAS PRINCIPALES/Modulo Actos Administrativos/Modulo Viáticos/Anulación y Legalización de viáticos/input_ADMINISTRADOR DEL SISTEMA - SARA_form_templatej_idt24_input"), 0): Object 'Object Repository/1-OBJECTS TAREAS PRINCIPALES/Modulo Actos Administrativos/Modulo Viáticos/Anulación y Legalización de viáticos/input_ADMINISTRADOR DEL SISTEMA - SARA_form_templatej_idt24_input' is clickable

2023-04-10 09:11:48 - [MESSAGE][WARNING] - Timeout '0' is invalid. Using default page load timeout: '37'

2023-04-10 09:11:49 - [MESSAGE][PASSED] - Object 'Object Repository/1-OBJECTS TAREAS PRINCIPALES/Modulo Actos Administrativos/Modulo Viáticos/Anulación y Legalización de viáticos/input_ADMINISTRADOR DEL SISTEMA - SARA_form_templatej_idt24_input' is clickable

2023-04-10 09:11:49 - [TEST_STEP][PASSED] - setText(findTestObject("1-OBJECTS TAREAS PRINCIPALES/Modulo Actos Administrativos/Modulo Viáticos/Anulación y Legalización de viáticos/input_ADMINISTRADOR DEL SISTEMA - SARA_form_templatej_idt24_input"), "listado de viaticos"): Text 'listado de viaticos' is set on object 'Object Repository/1-OBJECTS TAREAS PRINCIPALES/Modulo Actos Administrativos/Modulo Viáticos/Anulación y Legalización de viáticos/input_ADMINISTRADOR DEL SISTEMA - SARA_form_templatej_idt24_input'

2023-04-10 09:11:50 - [MESSAGE][PASSED] - Text 'listado de viaticos' is set on object 'Object Repository/1-OBJECTS TAREAS PRINCIPALES/Modulo Actos Administrativos/Modulo Viáticos/Anulación y Legalización de viáticos/input_ADMINISTRADOR DEL SISTEMA - SARA_form_templatej_idt24_input'

2023-04-10 09:11:50 - [TEST_STEP][PASSED] - waitForElementClickable(findTestObject("1-OBJECTS TAREAS PRINCIPALES/Modulo Actos Administrativos/Modulo Viáticos/Anulación y Legalización de viáticos/li_Listado de Viaticos (act)"), 0): Object 'Object Repository/1-OBJECTS TAREAS PRINCIPALES/Modulo Actos Administrativos/Modulo Viáticos/Anulación y Legalización de viáticos/li_Listado de Viaticos (act)' is clickable

2023-04-10 09:11:50 - [MESSAGE][WARNING] - Timeout '0' is invalid. Using default page load timeout: '37'

2023-04-10 09:11:51 - [MESSAGE][PASSED] - Object 'Object Repository/1-OBJECTS TAREAS PRINCIPALES/Modulo Actos Administrativos/Modulo Viáticos/Anulación y Legalización de viáticos/li_Listado de Viaticos (act)' is clickable

2023-04-10 09:11:51 - [TEST_STEP][PASSED] - sendKeys(findTestObject("1-OBJECTS TAREAS PRINCIPALES/Modulo Actos Administrativos/Modulo Viáticos/Anulación y Legalización de viáticos/input_ADMINISTRADOR DEL SISTEMA - SARA_form_templatej_idt24_input"), Keys.chord(ENTER)): Keys 'ENTER + ' sent to object: 'Object Repository/1-OBJECTS TAREAS PRINCIPALES/Modulo Actos Administrativos/Modulo Viáticos/Anulación y Legalización de viáticos/input_ADMINISTRADOR DEL SISTEMA - SARA_form_templatej_idt24_input'

2023-04-10 09:11:52 - [MESSAGE][PASSED] - Keys 'ENTER + ' sent to object: 'Object Repository/1-OBJECTS TAREAS PRINCIPALES/Modulo Actos Administrativos/Modulo Viáticos/Anulación y Legalización de viáticos/input_ADMINISTRADOR DEL SISTEMA - SARA_form_templatej_idt24_input'

2023-04-10 09:11:52 - [TEST_STEP][PASSED] - selectOptionByIndex(findTestObject("1-OBJECTS TAREAS PRINCIPALES/Modulo Actos Administrativos/Modulo Viáticos/Anulación y Legalización de viáticos/select_--Seleccione--AnuladoAutorizadaDerogadaNo AutorizadaProgramadaSolicitado"), 5): All options with index in [5] are selected on object 'Object Repository/1-OBJECTS TAREAS PRINCIPALES/Modulo Actos Administrativos/Modulo Viáticos/Anulación y Legalización de viáticos/select_--Seleccione--AnuladoAutorizadaDerogadaNo AutorizadaProgramadaSolicitado'

2023-04-10 09:11:54 - [MESSAGE][PASSED] - All options with index in [5] are selected on object 'Object Repository/1-OBJECTS TAREAS PRINCIPALES/Modulo Actos Administrativos/Modulo Viáticos/Anulación y Legalización de viáticos/select_--Seleccione--AnuladoAutorizadaDerogadaNo AutorizadaProgramadaSolicitado'

2023-04-10 09:11:54 - [TEST_STEP][PASSED] - setText(findTestObject("1-OBJECTS TAREAS PRINCIPALES/Modulo Actos Administrativos/Modulo Viáticos/Crear viatico/input_Ao_form_listadoviaticosanio"), "2021"): Text '2021' is set on object 'Object Repository/1-OBJECTS TAREAS PRINCIPALES/Modulo Actos Administrativos/Modulo Viáticos/Crear viatico/input_Ao_form_listadoviaticosanio'

2023-04-10 09:11:55 - [MESSAGE][PASSED] - Text '2021' is set on object 'Object Repository/1-OBJECTS TAREAS PRINCIPALES/Modulo Actos Administrativos/Modulo Viáticos/Crear viatico/input_Ao_form_listadoviaticosanio'

2023-04-10 09:11:55 - [TEST_STEP][PASSED] - sendKeys(findTestObject("1-OBJECTS TAREAS PRINCIPALES/Modulo Actos Administrativos/Modulo Viáticos/Crear viatico/input_Ao_form_listadoviaticosanio"), Keys.chord(ENTER)): Keys 'ENTER + ' sent to object: 'Object Repository/1-OBJECTS TAREAS PRINCIPALES/Modulo Actos Administrativos/Modulo Viáticos/Crear viatico/input_Ao_form_listadoviaticosanio'

2023-04-10 09:11:56 - [MESSAGE][PASSED] - Keys 'ENTER + ' sent to object: 'Object Repository/1-OBJECTS TAREAS PRINCIPALES/Modulo Actos Administrativos/Modulo Viáticos/Crear viatico/input_Ao_form_listadoviaticosanio'

2023-04-10 09:11:56 - [TEST_STEP][PASSED] - click(findTestObject("1-OBJECTS TAREAS PRINCIPALES/Modulo Actos Administrativos/Modulo Viáticos/Anulación y Legalización de viáticos/td_01072021")): Object: 'Object Repository/1-OBJECTS TAREAS PRINCIPALES/Modulo Actos Administrativos/Modulo Viáticos/Anulación y Legalización de viáticos/td_01072021' is clicked on

2023-04-10 09:11:56 - [MESSAGE][PASSED] - Object: 'Object Repository/1-OBJECTS TAREAS PRINCIPALES/Modulo Actos Administrativos/Modulo Viáticos/Anulación y Legalización de viáticos/td_01072021' is clicked on

2023-04-10 09:11:56 - [TEST_STEP][PASSED] - click(findTestObject("1-OBJECTS TAREAS PRINCIPALES/Modulo Actos Administrativos/Modulo Viáticos/Anulación y Legalización de viáticos/a_Costos_Anulacion")): Object: 'Object Repository/1-OBJECTS TAREAS PRINCIPALES/Modulo Actos Administrativos/Modulo Viáticos/Anulación y Legalización de viáticos/a_Costos_Anulacion' is clicked on

2023-04-10 09:11:57 - [MESSAGE][PASSED] - Object: 'Object Repository/1-OBJECTS TAREAS PRINCIPALES/Modulo Actos Administrativos/Modulo Viáticos/Anulación y Legalización de viáticos/a_Costos_Anulacion' is clicked on

2023-04-10 09:11:57 - [TEST_STEP][PASSED] - waitForElementClickable(findTestObject("1-OBJECTS TAREAS PRINCIPALES/Modulo Actos Administrativos/Modulo Viáticos/Anulación y Legalización de viáticos/td_estado_null"), 0): Object 'Object Repository/1-OBJECTS TAREAS PRINCIPALES/Modulo Actos Administrativos/Modulo Viáticos/Anulación y Legalización de viáticos/td_estado_null' is clickable

2023-04-10 09:11:57 - [MESSAGE][WARNING] - Timeout '0' is invalid. Using default page load timeout: '37'

2023-04-10 09:11:58 - [MESSAGE][PASSED] - Object 'Object Repository/1-OBJECTS TAREAS PRINCIPALES/Modulo Actos Administrativos/Modulo Viáticos/Anulación y Legalización de viáticos/td_estado_null' is clickable

2023-04-10 09:11:58 - [TEST_STEP][PASSED] - click(findTestObject("1-OBJECTS TAREAS PRINCIPALES/Modulo Actos Administrativos/Modulo Viáticos/Anulación y Legalización de viáticos/td_estado_null")): Object: 'Object Repository/1-OBJECTS TAREAS PRINCIPALES/Modulo Actos Administrativos/Modulo Viáticos/Anulación y Legalización de viáticos/td_estado_null' is clicked on

2023-04-10 09:11:58 - [MESSAGE][PASSED] - Object: 'Object Repository/1-OBJECTS TAREAS PRINCIPALES/Modulo Actos Administrativos/Modulo Viáticos/Anulación y Legalización de viáticos/td_estado_null' is clicked on

2023-04-10 09:11:58 - [TEST_STEP][PASSED] - if (waitForElementClickable(findTestObject("1-OBJECTS TAREAS PRINCIPALES/Modulo Actos Administrativos/Modulo Viáticos/Anulación y Legalización de viáticos/a_Anular_Costo"), 1)): Web element with id: 'Object Repository/1-OBJECTS TAREAS PRINCIPALES/Modulo Actos Administrativos/Modulo Viáticos/Anulación y Legalización de viáticos/a_Anular_Costo' located by '//a[contains(text(),'Anular')]' not found

2023-04-10 09:12:00 - [MESSAGE][INFO] - Unable to find the element located by 'By.xpath: //a[contains(text(),'Anular')]'. Please recheck the objects properties to make sure the desired element is located. 

2023-04-10 09:12:00 - [MESSAGE][WARNING] - Web element with id: 'Object Repository/1-OBJECTS TAREAS PRINCIPALES/Modulo Actos Administrativos/Modulo Viáticos/Anulación y Legalización de viáticos/a_Anular_Costo' located by '//a[contains(text(),'Anular')]' not found

2023-04-10 09:12:00 - [TEST_STEP][PASSED] - else: Execute JavaScript 'arguments[0].click()' successfully

2023-04-10 09:12:00 - [TEST_STEP][PASSED] - element2 = findWebElement(findTestObject("1-OBJECTS TAREAS PRINCIPALES/Modulo Actos Administrativos/Modulo Viáticos/Anulación y Legalización de viáticos/a_Cambiar estado"), 30): null

2023-04-10 09:12:01 - [TEST_STEP][PASSED] - executeJavaScript("arguments[0].click()", Arrays.asList(element2)): Execute JavaScript 'arguments[0].click()' successfully

2023-04-10 09:12:01 - [MESSAGE][PASSED] - Execute JavaScript 'arguments[0].click()' successfully

2023-04-10 09:12:01 - [TEST_STEP][PASSED] - waitForElementClickable(findTestObject("1-OBJECTS TAREAS PRINCIPALES/Modulo Actos Administrativos/Modulo Viáticos/Anulación y Legalización de viáticos/select_--Seleccione--Nota CreditoReembolsoRevisin"), 0): Object 'Object Repository/1-OBJECTS TAREAS PRINCIPALES/Modulo Actos Administrativos/Modulo Viáticos/Anulación y Legalización de viáticos/select_--Seleccione--Nota CreditoReembolsoRevisin' is clickable

2023-04-10 09:12:01 - [MESSAGE][WARNING] - Timeout '0' is invalid. Using default page load timeout: '37'

2023-04-10 09:12:01 - [MESSAGE][PASSED] - Object 'Object Repository/1-OBJECTS TAREAS PRINCIPALES/Modulo Actos Administrativos/Modulo Viáticos/Anulación y Legalización de viáticos/select_--Seleccione--Nota CreditoReembolsoRevisin' is clickable

2023-04-10 09:12:01 - [TEST_STEP][PASSED] - selectOptionByIndex(findTestObject("1-OBJECTS TAREAS PRINCIPALES/Modulo Actos Administrativos/Modulo Viáticos/Anulación y Legalización de viáticos/select_--Seleccione--Nota CreditoReembolsoRevisin"), "3"): All options with index in [3] are selected on object 'Object Repository/1-OBJECTS TAREAS PRINCIPALES/Modulo Actos Administrativos/Modulo Viáticos/Anulación y Legalización de viáticos/select_--Seleccione--Nota CreditoReembolsoRevisin'

2023-04-10 09:12:03 - [MESSAGE][PASSED] - All options with index in [3] are selected on object 'Object Repository/1-OBJECTS TAREAS PRINCIPALES/Modulo Actos Administrativos/Modulo Viáticos/Anulación y Legalización de viáticos/select_--Seleccione--Nota CreditoReembolsoRevisin'

2023-04-10 09:12:03 - [TEST_STEP][PASSED] - click(findTestObject("1-OBJECTS TAREAS PRINCIPALES/Modulo Actos Administrativos/Modulo Viáticos/Anulación y Legalización de viáticos/a_Aplicar_revision")): Object: 'Object Repository/1-OBJECTS TAREAS PRINCIPALES/Modulo Actos Administrativos/Modulo Viáticos/Anulación y Legalización de viáticos/a_Aplicar_revision' is clicked on

2023-04-10 09:12:03 - [MESSAGE][PASSED] - Object: 'Object Repository/1-OBJECTS TAREAS PRINCIPALES/Modulo Actos Administrativos/Modulo Viáticos/Anulación y Legalización de viáticos/a_Aplicar_revision' is clicked on

2023-04-10 09:12:03 - [TEST_STEP][PASSED] - click(findTestObject("1-OBJECTS TAREAS PRINCIPALES/Modulo Actos Administrativos/Modulo Viáticos/Anulación y Legalización de viáticos/a_cerrar_costo_viaticos")): Object: 'Object Repository/1-OBJECTS TAREAS PRINCIPALES/Modulo Actos Administrativos/Modulo Viáticos/Anulación y Legalización de viáticos/a_cerrar_costo_viaticos' is clicked on

2023-04-10 09:12:04 - [MESSAGE][PASSED] - Object: 'Object Repository/1-OBJECTS TAREAS PRINCIPALES/Modulo Actos Administrativos/Modulo Viáticos/Anulación y Legalización de viáticos/a_cerrar_costo_viaticos' is clicked on

2023-04-10 09:12:04 - [TEST_STEP][PASSED] - click(findTestObject("1-OBJECTS TAREAS PRINCIPALES/Modulo Actos Administrativos/Modulo Viáticos/Anulación y Legalización de viáticos/a_Listado Viticos_cerrar_menu")): Object: 'Object Repository/1-OBJECTS TAREAS PRINCIPALES/Modulo Actos Administrativos/Modulo Viáticos/Anulación y Legalización de viáticos/a_Listado Viticos_cerrar_menu' is clicked on

2023-04-10 09:12:05 - [MESSAGE][PASSED] - Object: 'Object Repository/1-OBJECTS TAREAS PRINCIPALES/Modulo Actos Administrativos/Modulo Viáticos/Anulación y Legalización de viáticos/a_Listado Viticos_cerrar_menu' is clicked on

2023-04-10 09:12:05 - [TEST_STEP][PASSED] - click(findTestObject("1-OBJECTS TAREAS PRINCIPALES/Modulo Actos Administrativos/Modulo Viáticos/Anulación y Legalización de viáticos/label_Viaticos")): Object: 'Object Repository/1-OBJECTS TAREAS PRINCIPALES/Modulo Actos Administrativos/Modulo Viáticos/Anulación y Legalización de viáticos/label_Viaticos' is clicked on

2023-04-10 09:12:05 - [MESSAGE][PASSED] - Object: 'Object Repository/1-OBJECTS TAREAS PRINCIPALES/Modulo Actos Administrativos/Modulo Viáticos/Anulación y Legalización de viáticos/label_Viaticos' is clicked on

2023-04-10 09:12:05 - [TEST_STEP][PASSED] - waitForElementClickable(findTestObject("1-OBJECTS TAREAS PRINCIPALES/Modulo Actos Administrativos/Modulo Viáticos/Anulación y Legalización de viáticos/a_Listado Costos Pendientes"), 0): Object 'Object Repository/1-OBJECTS TAREAS PRINCIPALES/Modulo Actos Administrativos/Modulo Viáticos/Anulación y Legalización de viáticos/a_Listado Costos Pendientes' is clickable

2023-04-10 09:12:05 - [MESSAGE][WARNING] - Timeout '0' is invalid. Using default page load timeout: '37'

2023-04-10 09:12:05 - [MESSAGE][PASSED] - Object 'Object Repository/1-OBJECTS TAREAS PRINCIPALES/Modulo Actos Administrativos/Modulo Viáticos/Anulación y Legalización de viáticos/a_Listado Costos Pendientes' is clickable

2023-04-10 09:12:05 - [TEST_STEP][PASSED] - click(findTestObject("1-OBJECTS TAREAS PRINCIPALES/Modulo Actos Administrativos/Modulo Viáticos/Anulación y Legalización de viáticos/a_Listado Costos Pendientes")): Object: 'Object Repository/1-OBJECTS TAREAS PRINCIPALES/Modulo Actos Administrativos/Modulo Viáticos/Anulación y Legalización de viáticos/a_Listado Costos Pendientes' is clicked on

2023-04-10 09:12:06 - [MESSAGE][PASSED] - Object: 'Object Repository/1-OBJECTS TAREAS PRINCIPALES/Modulo Actos Administrativos/Modulo Viáticos/Anulación y Legalización de viáticos/a_Listado Costos Pendientes' is clicked on

2023-04-10 09:12:06 - [TEST_STEP][PASSED] - waitForElementClickable(findTestObject("1-OBJECTS TAREAS PRINCIPALES/Modulo Actos Administrativos/Modulo Viáticos/Anulación y Legalización de viáticos/select_--Seleccione--revision"), 0): Object 'Object Repository/1-OBJECTS TAREAS PRINCIPALES/Modulo Actos Administrativos/Modulo Viáticos/Anulación y Legalización de viáticos/select_--Seleccione--revision' is clickable

2023-04-10 09:12:06 - [MESSAGE][WARNING] - Timeout '0' is invalid. Using default page load timeout: '37'

2023-04-10 09:12:07 - [MESSAGE][PASSED] - Object 'Object Repository/1-OBJECTS TAREAS PRINCIPALES/Modulo Actos Administrativos/Modulo Viáticos/Anulación y Legalización de viáticos/select_--Seleccione--revision' is clickable

2023-04-10 09:12:07 - [TEST_STEP][PASSED] - selectOptionByIndex(findTestObject("1-OBJECTS TAREAS PRINCIPALES/Modulo Actos Administrativos/Modulo Viáticos/Anulación y Legalización de viáticos/select_--Seleccione--revision"), "3"): All options with index in [3] are selected on object 'Object Repository/1-OBJECTS TAREAS PRINCIPALES/Modulo Actos Administrativos/Modulo Viáticos/Anulación y Legalización de viáticos/select_--Seleccione--revision'

2023-04-10 09:12:08 - [MESSAGE][PASSED] - All options with index in [3] are selected on object 'Object Repository/1-OBJECTS TAREAS PRINCIPALES/Modulo Actos Administrativos/Modulo Viáticos/Anulación y Legalización de viáticos/select_--Seleccione--revision'

2023-04-10 09:12:08 - [TEST_STEP][PASSED] - waitForElementClickable(findTestObject("1-OBJECTS TAREAS PRINCIPALES/Modulo Actos Administrativos/Modulo Viáticos/Anulación y Legalización de viáticos/input_ADMINISTRADOR DEL SISTEMA - SARA_form_templatej_idt24_input"), 0): Object 'Object Repository/1-OBJECTS TAREAS PRINCIPALES/Modulo Actos Administrativos/Modulo Viáticos/Anulación y Legalización de viáticos/input_ADMINISTRADOR DEL SISTEMA - SARA_form_templatej_idt24_input' is clickable

2023-04-10 09:12:08 - [MESSAGE][WARNING] - Timeout '0' is invalid. Using default page load timeout: '37'

2023-04-10 09:12:08 - [MESSAGE][PASSED] - Object 'Object Repository/1-OBJECTS TAREAS PRINCIPALES/Modulo Actos Administrativos/Modulo Viáticos/Anulación y Legalización de viáticos/input_ADMINISTRADOR DEL SISTEMA - SARA_form_templatej_idt24_input' is clickable

2023-04-10 09:12:08 - [TEST_STEP][PASSED] - setText(findTestObject("1-OBJECTS TAREAS PRINCIPALES/Modulo Actos Administrativos/Modulo Viáticos/Anulación y Legalización de viáticos/input_ADMINISTRADOR DEL SISTEMA - SARA_form_templatej_idt24_input"), "listado de viaticos"): Text 'listado de viaticos' is set on object 'Object Repository/1-OBJECTS TAREAS PRINCIPALES/Modulo Actos Administrativos/Modulo Viáticos/Anulación y Legalización de viáticos/input_ADMINISTRADOR DEL SISTEMA - SARA_form_templatej_idt24_input'

2023-04-10 09:12:09 - [MESSAGE][PASSED] - Text 'listado de viaticos' is set on object 'Object Repository/1-OBJECTS TAREAS PRINCIPALES/Modulo Actos Administrativos/Modulo Viáticos/Anulación y Legalización de viáticos/input_ADMINISTRADOR DEL SISTEMA - SARA_form_templatej_idt24_input'

2023-04-10 09:12:09 - [TEST_STEP][PASSED] - waitForElementClickable(findTestObject("1-OBJECTS TAREAS PRINCIPALES/Modulo Actos Administrativos/Modulo Viáticos/Anulación y Legalización de viáticos/li_Listado de Viaticos (act)"), 0): Object 'Object Repository/1-OBJECTS TAREAS PRINCIPALES/Modulo Actos Administrativos/Modulo Viáticos/Anulación y Legalización de viáticos/li_Listado de Viaticos (act)' is clickable

2023-04-10 09:12:09 - [MESSAGE][WARNING] - Timeout '0' is invalid. Using default page load timeout: '37'

2023-04-10 09:12:11 - [MESSAGE][PASSED] - Object 'Object Repository/1-OBJECTS TAREAS PRINCIPALES/Modulo Actos Administrativos/Modulo Viáticos/Anulación y Legalización de viáticos/li_Listado de Viaticos (act)' is clickable

2023-04-10 09:12:11 - [TEST_STEP][PASSED] - sendKeys(findTestObject("1-OBJECTS TAREAS PRINCIPALES/Modulo Actos Administrativos/Modulo Viáticos/Anulación y Legalización de viáticos/input_ADMINISTRADOR DEL SISTEMA - SARA_form_templatej_idt24_input"), Keys.chord(ENTER)): Keys 'ENTER + ' sent to object: 'Object Repository/1-OBJECTS TAREAS PRINCIPALES/Modulo Actos Administrativos/Modulo Viáticos/Anulación y Legalización de viáticos/input_ADMINISTRADOR DEL SISTEMA - SARA_form_templatej_idt24_input'

2023-04-10 09:12:11 - [MESSAGE][PASSED] - Keys 'ENTER + ' sent to object: 'Object Repository/1-OBJECTS TAREAS PRINCIPALES/Modulo Actos Administrativos/Modulo Viáticos/Anulación y Legalización de viáticos/input_ADMINISTRADOR DEL SISTEMA - SARA_form_templatej_idt24_input'

2023-04-10 09:12:11 - [TEST_STEP][PASSED] - setText(findTestObject("1-OBJECTS TAREAS PRINCIPALES/Modulo Actos Administrativos/Modulo Viáticos/Crear viatico/input_Ao_form_listadoviaticosanio"), "2021"): Text '2021' is set on object 'Object Repository/1-OBJECTS TAREAS PRINCIPALES/Modulo Actos Administrativos/Modulo Viáticos/Crear viatico/input_Ao_form_listadoviaticosanio'

2023-04-10 09:12:14 - [MESSAGE][PASSED] - Text '2021' is set on object 'Object Repository/1-OBJECTS TAREAS PRINCIPALES/Modulo Actos Administrativos/Modulo Viáticos/Crear viatico/input_Ao_form_listadoviaticosanio'

2023-04-10 09:12:14 - [TEST_STEP][PASSED] - sendKeys(findTestObject("1-OBJECTS TAREAS PRINCIPALES/Modulo Actos Administrativos/Modulo Viáticos/Crear viatico/input_Ao_form_listadoviaticosanio"), Keys.chord(ENTER)): Keys 'ENTER + ' sent to object: 'Object Repository/1-OBJECTS TAREAS PRINCIPALES/Modulo Actos Administrativos/Modulo Viáticos/Crear viatico/input_Ao_form_listadoviaticosanio'

2023-04-10 09:12:14 - [MESSAGE][PASSED] - Keys 'ENTER + ' sent to object: 'Object Repository/1-OBJECTS TAREAS PRINCIPALES/Modulo Actos Administrativos/Modulo Viáticos/Crear viatico/input_Ao_form_listadoviaticosanio'

2023-04-10 09:12:14 - [TEST_STEP][PASSED] - waitForElementClickable(findTestObject("1-OBJECTS TAREAS PRINCIPALES/Modulo Actos Administrativos/Modulo Viáticos/Anulación y Legalización de viáticos/span_Programada_Anulacion"), 0): Object 'Object Repository/1-OBJECTS TAREAS PRINCIPALES/Modulo Actos Administrativos/Modulo Viáticos/Anulación y Legalización de viáticos/span_Programada_Anulacion' is clickable

2023-04-10 09:12:14 - [MESSAGE][WARNING] - Timeout '0' is invalid. Using default page load timeout: '37'

2023-04-10 09:12:14 - [MESSAGE][PASSED] - Object 'Object Repository/1-OBJECTS TAREAS PRINCIPALES/Modulo Actos Administrativos/Modulo Viáticos/Anulación y Legalización de viáticos/span_Programada_Anulacion' is clickable

2023-04-10 09:12:14 - [TEST_STEP][PASSED] - click(findTestObject("1-OBJECTS TAREAS PRINCIPALES/Modulo Actos Administrativos/Modulo Viáticos/Anulación y Legalización de viáticos/span_Barranquilla (cerrejonn)")): Object: 'Object Repository/1-OBJECTS TAREAS PRINCIPALES/Modulo Actos Administrativos/Modulo Viáticos/Anulación y Legalización de viáticos/span_Barranquilla (cerrejonn)' is clicked on

2023-04-10 09:12:15 - [MESSAGE][PASSED] - Object: 'Object Repository/1-OBJECTS TAREAS PRINCIPALES/Modulo Actos Administrativos/Modulo Viáticos/Anulación y Legalización de viáticos/span_Barranquilla (cerrejonn)' is clicked on

2023-04-10 09:12:15 - [TEST_STEP][PASSED] - click(findTestObject("1-OBJECTS TAREAS PRINCIPALES/Modulo Actos Administrativos/Modulo Viáticos/Anulación y Legalización de viáticos/a_Costos_Anulacion")): Object: 'Object Repository/1-OBJECTS TAREAS PRINCIPALES/Modulo Actos Administrativos/Modulo Viáticos/Anulación y Legalización de viáticos/a_Costos_Anulacion' is clicked on

2023-04-10 09:12:16 - [MESSAGE][PASSED] - Object: 'Object Repository/1-OBJECTS TAREAS PRINCIPALES/Modulo Actos Administrativos/Modulo Viáticos/Anulación y Legalización de viáticos/a_Costos_Anulacion' is clicked on

2023-04-10 09:12:16 - [TEST_STEP][PASSED] - click(findTestObject("1-OBJECTS TAREAS PRINCIPALES/Modulo Actos Administrativos/Modulo Viáticos/Anulación y Legalización de viáticos/a_Nuevo Reutilizar")): Object: 'Object Repository/1-OBJECTS TAREAS PRINCIPALES/Modulo Actos Administrativos/Modulo Viáticos/Anulación y Legalización de viáticos/a_Nuevo Reutilizar' is clicked on

2023-04-10 09:12:16 - [MESSAGE][PASSED] - Object: 'Object Repository/1-OBJECTS TAREAS PRINCIPALES/Modulo Actos Administrativos/Modulo Viáticos/Anulación y Legalización de viáticos/a_Nuevo Reutilizar' is clicked on

2023-04-10 09:12:16 - [TEST_STEP][PASSED] - waitForElementClickable(findTestObject("1-OBJECTS TAREAS PRINCIPALES/Modulo Actos Administrativos/Modulo Viáticos/Anulación y Legalización de viáticos/select_--Seleccione--Nota CreditoRevisin"), 0): Object 'Object Repository/1-OBJECTS TAREAS PRINCIPALES/Modulo Actos Administrativos/Modulo Viáticos/Anulación y Legalización de viáticos/select_--Seleccione--Nota CreditoRevisin' is clickable

2023-04-10 09:12:16 - [MESSAGE][WARNING] - Timeout '0' is invalid. Using default page load timeout: '37'

2023-04-10 09:12:17 - [MESSAGE][PASSED] - Object 'Object Repository/1-OBJECTS TAREAS PRINCIPALES/Modulo Actos Administrativos/Modulo Viáticos/Anulación y Legalización de viáticos/select_--Seleccione--Nota CreditoRevisin' is clickable

2023-04-10 09:12:17 - [TEST_STEP][PASSED] - selectOptionByIndex(findTestObject("1-OBJECTS TAREAS PRINCIPALES/Modulo Actos Administrativos/Modulo Viáticos/Anulación y Legalización de viáticos/select_--Seleccione--Nota CreditoRevisin"), "2"): All options with index in [2] are selected on object 'Object Repository/1-OBJECTS TAREAS PRINCIPALES/Modulo Actos Administrativos/Modulo Viáticos/Anulación y Legalización de viáticos/select_--Seleccione--Nota CreditoRevisin'

2023-04-10 09:12:18 - [MESSAGE][PASSED] - All options with index in [2] are selected on object 'Object Repository/1-OBJECTS TAREAS PRINCIPALES/Modulo Actos Administrativos/Modulo Viáticos/Anulación y Legalización de viáticos/select_--Seleccione--Nota CreditoRevisin'

2023-04-10 09:12:18 - [TEST_STEP][PASSED] - waitForElementClickable(findTestObject("1-OBJECTS TAREAS PRINCIPALES/Modulo Actos Administrativos/Modulo Viáticos/Anulación y Legalización de viáticos/td_01072021"), 0): Object 'Object Repository/1-OBJECTS TAREAS PRINCIPALES/Modulo Actos Administrativos/Modulo Viáticos/Anulación y Legalización de viáticos/td_01072021' is clickable

2023-04-10 09:12:18 - [MESSAGE][WARNING] - Timeout '0' is invalid. Using default page load timeout: '37'

2023-04-10 09:12:19 - [MESSAGE][PASSED] - Object 'Object Repository/1-OBJECTS TAREAS PRINCIPALES/Modulo Actos Administrativos/Modulo Viáticos/Anulación y Legalización de viáticos/td_01072021' is clickable

2023-04-10 09:12:19 - [TEST_STEP][PASSED] - click(findTestObject("1-OBJECTS TAREAS PRINCIPALES/Modulo Actos Administrativos/Modulo Viáticos/Anulación y Legalización de viáticos/td_01072021")): Object: 'Object Repository/1-OBJECTS TAREAS PRINCIPALES/Modulo Actos Administrativos/Modulo Viáticos/Anulación y Legalización de viáticos/td_01072021' is clicked on

2023-04-10 09:12:19 - [MESSAGE][PASSED] - Object: 'Object Repository/1-OBJECTS TAREAS PRINCIPALES/Modulo Actos Administrativos/Modulo Viáticos/Anulación y Legalización de viáticos/td_01072021' is clicked on

2023-04-10 09:12:19 - [TEST_STEP][PASSED] - waitForElementClickable(findTestObject("1-OBJECTS TAREAS PRINCIPALES/Modulo Actos Administrativos/Modulo Viáticos/Anulación y Legalización de viáticos/a_Programacin_form_popupcostoviaticosj_idt150"), 0): Object 'Object Repository/1-OBJECTS TAREAS PRINCIPALES/Modulo Actos Administrativos/Modulo Viáticos/Anulación y Legalización de viáticos/a_Programacin_form_popupcostoviaticosj_idt150' is clickable

2023-04-10 09:12:19 - [MESSAGE][WARNING] - Timeout '0' is invalid. Using default page load timeout: '37'

2023-04-10 09:12:20 - [MESSAGE][PASSED] - Object 'Object Repository/1-OBJECTS TAREAS PRINCIPALES/Modulo Actos Administrativos/Modulo Viáticos/Anulación y Legalización de viáticos/a_Programacin_form_popupcostoviaticosj_idt150' is clickable

2023-04-10 09:12:20 - [TEST_STEP][PASSED] - click(findTestObject("1-OBJECTS TAREAS PRINCIPALES/Modulo Actos Administrativos/Modulo Viáticos/Anulación y Legalización de viáticos/a_Programacin_form_popupcostoviaticosj_idt150")): Object: 'Object Repository/1-OBJECTS TAREAS PRINCIPALES/Modulo Actos Administrativos/Modulo Viáticos/Anulación y Legalización de viáticos/a_Programacin_form_popupcostoviaticosj_idt150' is clicked on

2023-04-10 09:12:20 - [MESSAGE][PASSED] - Object: 'Object Repository/1-OBJECTS TAREAS PRINCIPALES/Modulo Actos Administrativos/Modulo Viáticos/Anulación y Legalización de viáticos/a_Programacin_form_popupcostoviaticosj_idt150' is clicked on

2023-04-10 09:12:20 - [TEST_STEP][PASSED] - waitForElementClickable(findTestObject("1-OBJECTS TAREAS PRINCIPALES/Modulo Actos Administrativos/Modulo Viáticos/Anulación y Legalización de viáticos/td_QUINTERO 5 EMPLEADO"), 0): Object 'Object Repository/1-OBJECTS TAREAS PRINCIPALES/Modulo Actos Administrativos/Modulo Viáticos/Anulación y Legalización de viáticos/td_QUINTERO 5 EMPLEADO' is clickable

2023-04-10 09:12:20 - [MESSAGE][WARNING] - Timeout '0' is invalid. Using default page load timeout: '37'

2023-04-10 09:12:21 - [MESSAGE][PASSED] - Object 'Object Repository/1-OBJECTS TAREAS PRINCIPALES/Modulo Actos Administrativos/Modulo Viáticos/Anulación y Legalización de viáticos/td_QUINTERO 5 EMPLEADO' is clickable

2023-04-10 09:12:21 - [TEST_STEP][PASSED] - click(findTestObject("1-OBJECTS TAREAS PRINCIPALES/Modulo Actos Administrativos/Modulo Viáticos/Anulación y Legalización de viáticos/td_QUINTERO 5 EMPLEADO")): Object: 'Object Repository/1-OBJECTS TAREAS PRINCIPALES/Modulo Actos Administrativos/Modulo Viáticos/Anulación y Legalización de viáticos/td_QUINTERO 5 EMPLEADO' is clicked on

2023-04-10 09:12:21 - [MESSAGE][PASSED] - Object: 'Object Repository/1-OBJECTS TAREAS PRINCIPALES/Modulo Actos Administrativos/Modulo Viáticos/Anulación y Legalización de viáticos/td_QUINTERO 5 EMPLEADO' is clicked on

2023-04-10 09:12:21 - [TEST_STEP][PASSED] - waitForElementClickable(findTestObject("1-OBJECTS TAREAS PRINCIPALES/Modulo Actos Administrativos/Modulo Viáticos/Anulación y Legalización de viáticos/a_Guardar_Nuevo_Reutilizar"), 0): Object 'Object Repository/1-OBJECTS TAREAS PRINCIPALES/Modulo Actos Administrativos/Modulo Viáticos/Anulación y Legalización de viáticos/a_Guardar_Nuevo_Reutilizar' is clickable

2023-04-10 09:12:21 - [MESSAGE][WARNING] - Timeout '0' is invalid. Using default page load timeout: '37'

2023-04-10 09:12:22 - [MESSAGE][PASSED] - Object 'Object Repository/1-OBJECTS TAREAS PRINCIPALES/Modulo Actos Administrativos/Modulo Viáticos/Anulación y Legalización de viáticos/a_Guardar_Nuevo_Reutilizar' is clickable

2023-04-10 09:12:22 - [TEST_STEP][PASSED] - click(findTestObject("1-OBJECTS TAREAS PRINCIPALES/Modulo Actos Administrativos/Modulo Viáticos/Anulación y Legalización de viáticos/a_Guardar_Nuevo_Reutilizar")): Object: 'Object Repository/1-OBJECTS TAREAS PRINCIPALES/Modulo Actos Administrativos/Modulo Viáticos/Anulación y Legalización de viáticos/a_Guardar_Nuevo_Reutilizar' is clicked on

2023-04-10 09:12:22 - [MESSAGE][PASSED] - Object: 'Object Repository/1-OBJECTS TAREAS PRINCIPALES/Modulo Actos Administrativos/Modulo Viáticos/Anulación y Legalización de viáticos/a_Guardar_Nuevo_Reutilizar' is clicked on

2023-04-10 09:12:22 - [TEST_STEP][PASSED] - element2 = findWebElement(findTestObject("1-OBJECTS TAREAS PRINCIPALES/Modulo Actos Administrativos/Modulo Viáticos/Anulación y Legalización de viáticos/a_Cambiar estado"), 30): null

2023-04-10 09:12:23 - [TEST_STEP][PASSED] - executeJavaScript("arguments[0].click()", Arrays.asList(element2)): Execute JavaScript 'arguments[0].click()' successfully

2023-04-10 09:12:23 - [MESSAGE][PASSED] - Execute JavaScript 'arguments[0].click()' successfully

2023-04-10 09:12:23 - [TEST_STEP][PASSED] - waitForElementClickable(findTestObject("1-OBJECTS TAREAS PRINCIPALES/Modulo Actos Administrativos/Modulo Viáticos/Anulación y Legalización de viáticos/select_--Seleccione--Nota CreditoReembolsoRevisin"), 0): Object 'Object Repository/1-OBJECTS TAREAS PRINCIPALES/Modulo Actos Administrativos/Modulo Viáticos/Anulación y Legalización de viáticos/select_--Seleccione--Nota CreditoReembolsoRevisin' is clickable

2023-04-10 09:12:23 - [MESSAGE][WARNING] - Timeout '0' is invalid. Using default page load timeout: '37'

2023-04-10 09:12:24 - [MESSAGE][PASSED] - Object 'Object Repository/1-OBJECTS TAREAS PRINCIPALES/Modulo Actos Administrativos/Modulo Viáticos/Anulación y Legalización de viáticos/select_--Seleccione--Nota CreditoReembolsoRevisin' is clickable

2023-04-10 09:12:24 - [TEST_STEP][PASSED] - selectOptionByIndex(findTestObject("1-OBJECTS TAREAS PRINCIPALES/Modulo Actos Administrativos/Modulo Viáticos/Anulación y Legalización de viáticos/select_--Seleccione--Nota CreditoReembolsoRevisin"), "3"): All options with index in [3] are selected on object 'Object Repository/1-OBJECTS TAREAS PRINCIPALES/Modulo Actos Administrativos/Modulo Viáticos/Anulación y Legalización de viáticos/select_--Seleccione--Nota CreditoReembolsoRevisin'

2023-04-10 09:12:25 - [MESSAGE][PASSED] - All options with index in [3] are selected on object 'Object Repository/1-OBJECTS TAREAS PRINCIPALES/Modulo Actos Administrativos/Modulo Viáticos/Anulación y Legalización de viáticos/select_--Seleccione--Nota CreditoReembolsoRevisin'

2023-04-10 09:12:25 - [TEST_STEP][PASSED] - setText(findTestObject("1-OBJECTS TAREAS PRINCIPALES/Modulo Actos Administrativos/Modulo Viáticos/Anulación y Legalización de viáticos/input_Fecha_revision"), "01/07/2021"): Text '01/07/2021' is set on object 'Object Repository/1-OBJECTS TAREAS PRINCIPALES/Modulo Actos Administrativos/Modulo Viáticos/Anulación y Legalización de viáticos/input_Fecha_revision'

2023-04-10 09:12:26 - [MESSAGE][PASSED] - Text '01/07/2021' is set on object 'Object Repository/1-OBJECTS TAREAS PRINCIPALES/Modulo Actos Administrativos/Modulo Viáticos/Anulación y Legalización de viáticos/input_Fecha_revision'

2023-04-10 09:12:26 - [TEST_STEP][PASSED] - setText(findTestObject("1-OBJECTS TAREAS PRINCIPALES/Modulo Actos Administrativos/Modulo Viáticos/Anulación y Legalización de viáticos/input_Valor A Revisar_revision"), "10"): Text '10' is set on object 'Object Repository/1-OBJECTS TAREAS PRINCIPALES/Modulo Actos Administrativos/Modulo Viáticos/Anulación y Legalización de viáticos/input_Valor A Revisar_revision'

2023-04-10 09:12:26 - [MESSAGE][PASSED] - Text '10' is set on object 'Object Repository/1-OBJECTS TAREAS PRINCIPALES/Modulo Actos Administrativos/Modulo Viáticos/Anulación y Legalización de viáticos/input_Valor A Revisar_revision'

2023-04-10 09:12:26 - [TEST_STEP][PASSED] - click(findTestObject("1-OBJECTS TAREAS PRINCIPALES/Modulo Actos Administrativos/Modulo Viáticos/Anulación y Legalización de viáticos/a_Aplicar_Reembolso")): Object: 'Object Repository/1-OBJECTS TAREAS PRINCIPALES/Modulo Actos Administrativos/Modulo Viáticos/Anulación y Legalización de viáticos/a_Aplicar_Reembolso' is clicked on

2023-04-10 09:12:27 - [MESSAGE][PASSED] - Object: 'Object Repository/1-OBJECTS TAREAS PRINCIPALES/Modulo Actos Administrativos/Modulo Viáticos/Anulación y Legalización de viáticos/a_Aplicar_Reembolso' is clicked on

2023-04-10 09:12:27 - [TEST_STEP][PASSED] - getText(findTestObject("3-OBJECTS UTILIDADES/Alerta/Alerta")): Text of object 'Object Repository/3-OBJECTS UTILIDADES/Alerta/Alerta' is: 'Se aplico el proceso.'

2023-04-10 09:12:27 - [MESSAGE][PASSED] - Text of object 'Object Repository/3-OBJECTS UTILIDADES/Alerta/Alerta' is: 'Se aplico el proceso.'

2023-04-10 09:12:27 - [TEST_STEP][PASSED] - closeBrowser(): Browser is closed

2023-04-10 09:12:28 - [MESSAGE][PASSED] - Browser is closed]]></system-out>
         <system-err><![CDATA[]]></system-err>
      </testcase>
      <testcase name="Test Cases/1.1-Tareas Principales/1.6.7 Modificar retroactivos viáticos" time="19.288" classname="Test Cases/1.1-Tareas Principales/1.6.7 Modificar retroactivos viáticos" status="PASSED">
         <system-out><![CDATA[2023-04-10 09:12:28 - [TEST_CASE][PASSED] - Test Cases/1.1-Tareas Principales/1.6.7 Modificar retroactivos viáticos: Test Cases/1.1-Tareas Principales/1.6.7 Modificar retroactivos viáticos

2023-04-10 09:12:29 - [TEST_STEP][PASSED] - callTestCase(findTestCase("0.1-Login"), [:], STOP_ON_FAILURE): Call Test Case 'Test Cases/0.1-Login' successfully

2023-04-10 09:12:29 - [TEST_CASE][PASSED] - Test Cases/0.1-Login: Test Cases/0.1-Login

2023-04-10 09:12:29 - [TEST_STEP][PASSED] - openBrowser(""): Browser is opened with url: ''

2023-04-10 09:12:29 - [MESSAGE][INFO] - Starting 'Chrome' driver

2023-04-10 09:12:29 - [MESSAGE][INFO] - Action delay is set to 0 milliseconds

2023-04-10 09:12:30 - [MESSAGE][PASSED] - Browser is opened with url: ''

2023-04-10 09:12:30 - [TEST_STEP][PASSED] - maximizeWindow(): Current window maximized

2023-04-10 09:12:30 - [MESSAGE][PASSED] - Current window maximized

2023-04-10 09:12:30 - [TEST_STEP][PASSED] - i = G_Login: null

2023-04-10 09:12:30 - [TEST_STEP][PASSED] - url = new java.net.URL(i): null

2023-04-10 09:12:30 - [TEST_STEP][PASSED] - println("URL: " + url.toString()): null

2023-04-10 09:12:30 - [TEST_STEP][PASSED] - connection = url.openConnection(): null

2023-04-10 09:12:30 - [TEST_STEP][PASSED] - connection.setRequestMethod("GET"): null

2023-04-10 09:12:30 - [TEST_STEP][PASSED] - connection.setReadTimeout(2 * 1000): null

2023-04-10 09:12:30 - [TEST_STEP][PASSED] - try: null

2023-04-10 09:12:30 - [TEST_STEP][PASSED] - connection.connect(): null

2023-04-10 09:12:30 - [TEST_STEP][PASSED] - flag = connected: null

2023-04-10 09:12:30 - [TEST_STEP][PASSED] - println("Valor_ori: " + flag): null

2023-04-10 09:12:30 - [TEST_STEP][PASSED] - if (flag): null

2023-04-10 09:12:30 - [TEST_STEP][PASSED] - navigateToUrl(i): Navigate to 'http://192.168.2.19:8380/saraweb' successfully

2023-04-10 09:12:31 - [MESSAGE][PASSED] - Navigate to 'http://192.168.2.19:8380/saraweb' successfully

2023-04-10 09:12:31 - [TEST_STEP][PASSED] - a(): null

2023-04-10 09:12:31 - [TEST_STEP][PASSED] - if (waitForElementVisible(findTestObject("3-OBJECTS UTILIDADES/Login/input_USUARIO_loginusuario"), 0)): null

2023-04-10 09:12:31 - [MESSAGE][WARNING] - Timeout '0' is invalid. Using default page load timeout: '37'

2023-04-10 09:12:31 - [MESSAGE][PASSED] - Object 'Object Repository/3-OBJECTS UTILIDADES/Login/input_USUARIO_loginusuario' is visible

2023-04-10 09:12:31 - [TEST_STEP][PASSED] - switchToWindowTitle("SARA"): Switched to window with title: 'SARA'

2023-04-10 09:12:31 - [MESSAGE][PASSED] - Switched to window with title: 'SARA'

2023-04-10 09:12:31 - [TEST_STEP][PASSED] - zoom(): null

2023-04-10 09:12:31 - [TEST_STEP][PASSED] - robot = new java.awt.Robot(): null

2023-04-10 09:12:31 - [TEST_STEP][PASSED] - robot.keyPress(VK_CONTROL): null

2023-04-10 09:12:31 - [TEST_STEP][PASSED] - robot.keyPress(VK_SUBTRACT): null

2023-04-10 09:12:31 - [TEST_STEP][PASSED] - robot.keyRelease(VK_CONTROL): null

2023-04-10 09:12:31 - [TEST_STEP][PASSED] - robot.keyRelease(VK_SUBTRACT): null

2023-04-10 09:12:31 - [TEST_STEP][PASSED] - robot.keyPress(VK_CONTROL): null

2023-04-10 09:12:31 - [TEST_STEP][PASSED] - robot.keyPress(VK_SUBTRACT): null

2023-04-10 09:12:31 - [TEST_STEP][PASSED] - robot.keyRelease(VK_CONTROL): null

2023-04-10 09:12:31 - [TEST_STEP][PASSED] - robot.keyRelease(VK_SUBTRACT): null

2023-04-10 09:12:31 - [TEST_STEP][PASSED] - robot.keyPress(VK_CONTROL): null

2023-04-10 09:12:31 - [TEST_STEP][PASSED] - robot.keyPress(VK_SUBTRACT): null

2023-04-10 09:12:31 - [TEST_STEP][PASSED] - robot.keyRelease(VK_CONTROL): null

2023-04-10 09:12:31 - [TEST_STEP][PASSED] - robot.keyRelease(VK_SUBTRACT): null

2023-04-10 09:12:31 - [TEST_STEP][PASSED] - robot.keyRelease(VK_CONTROL): null

2023-04-10 09:12:31 - [TEST_STEP][PASSED] - robot.keyRelease(VK_SUBTRACT): null

2023-04-10 09:12:31 - [TEST_STEP][PASSED] - setText(findTestObject("3-OBJECTS UTILIDADES/Login/input_USUARIO_loginusuario"), G_Usuario): Text 'saraadmin' is set on object 'Object Repository/3-OBJECTS UTILIDADES/Login/input_USUARIO_loginusuario'

2023-04-10 09:12:32 - [MESSAGE][PASSED] - Text 'saraadmin' is set on object 'Object Repository/3-OBJECTS UTILIDADES/Login/input_USUARIO_loginusuario'

2023-04-10 09:12:32 - [TEST_STEP][PASSED] - setEncryptedText(findTestObject("3-OBJECTS UTILIDADES/Login/input_CLAVE_loginpassword"), "SlAwMcyRKqrwbnzhAs8HhT6NnI7sEyng"): Text ****** has been set on object 'Object Repository/3-OBJECTS UTILIDADES/Login/input_CLAVE_loginpassword'

2023-04-10 09:12:34 - [MESSAGE][PASSED] - Text ****** has been set on object 'Object Repository/3-OBJECTS UTILIDADES/Login/input_CLAVE_loginpassword'

2023-04-10 09:12:34 - [TEST_STEP][PASSED] - while (waitForElementClickable(findTestObject("3-OBJECTS UTILIDADES/Login/a_Ingresar"), 1)): Web element with id: 'Object Repository/3-OBJECTS UTILIDADES/Login/a_Ingresar' located by '//a[contains(text(),'Ingresar')]' not found

2023-04-10 09:12:36 - [MESSAGE][INFO] - Unable to find the element located by 'By.xpath: //a[contains(text(),'Ingresar')]'. Please recheck the objects properties to make sure the desired element is located. 

2023-04-10 09:12:36 - [MESSAGE][WARNING] - Web element with id: 'Object Repository/3-OBJECTS UTILIDADES/Login/a_Ingresar' located by '//a[contains(text(),'Ingresar')]' not found

2023-04-10 09:12:36 - [MESSAGE][PASSED] - Call Test Case 'Test Cases/0.1-Login' successfully

2023-04-10 09:12:36 - [TEST_STEP][PASSED] - waitForElementClickable(findTestObject("1-OBJECTS TAREAS PRINCIPALES/Modulo Actos Administrativos/Modulo Viáticos/Anulación y Legalización de viáticos/input_ADMINISTRADOR DEL SISTEMA - SARA_form_templatej_idt24_input"), 0): Object 'Object Repository/1-OBJECTS TAREAS PRINCIPALES/Modulo Actos Administrativos/Modulo Viáticos/Anulación y Legalización de viáticos/input_ADMINISTRADOR DEL SISTEMA - SARA_form_templatej_idt24_input' is clickable

2023-04-10 09:12:36 - [MESSAGE][WARNING] - Timeout '0' is invalid. Using default page load timeout: '37'

2023-04-10 09:12:36 - [MESSAGE][PASSED] - Object 'Object Repository/1-OBJECTS TAREAS PRINCIPALES/Modulo Actos Administrativos/Modulo Viáticos/Anulación y Legalización de viáticos/input_ADMINISTRADOR DEL SISTEMA - SARA_form_templatej_idt24_input' is clickable

2023-04-10 09:12:36 - [TEST_STEP][PASSED] - setText(findTestObject("1-OBJECTS TAREAS PRINCIPALES/Modulo Actos Administrativos/Modulo Viáticos/Anulación y Legalización de viáticos/input_ADMINISTRADOR DEL SISTEMA - SARA_form_templatej_idt24_input"), "Listado de Viaticos (act)"): Text 'Listado de Viaticos (act)' is set on object 'Object Repository/1-OBJECTS TAREAS PRINCIPALES/Modulo Actos Administrativos/Modulo Viáticos/Anulación y Legalización de viáticos/input_ADMINISTRADOR DEL SISTEMA - SARA_form_templatej_idt24_input'

2023-04-10 09:12:37 - [MESSAGE][PASSED] - Text 'Listado de Viaticos (act)' is set on object 'Object Repository/1-OBJECTS TAREAS PRINCIPALES/Modulo Actos Administrativos/Modulo Viáticos/Anulación y Legalización de viáticos/input_ADMINISTRADOR DEL SISTEMA - SARA_form_templatej_idt24_input'

2023-04-10 09:12:37 - [TEST_STEP][PASSED] - waitForElementClickable(findTestObject("1-OBJECTS TAREAS PRINCIPALES/Modulo Actos Administrativos/Modulo Viáticos/Anulación y Legalización de viáticos/li_Listado de Viaticos (act)"), 0): Object 'Object Repository/1-OBJECTS TAREAS PRINCIPALES/Modulo Actos Administrativos/Modulo Viáticos/Anulación y Legalización de viáticos/li_Listado de Viaticos (act)' is clickable

2023-04-10 09:12:37 - [MESSAGE][WARNING] - Timeout '0' is invalid. Using default page load timeout: '37'

2023-04-10 09:12:38 - [MESSAGE][PASSED] - Object 'Object Repository/1-OBJECTS TAREAS PRINCIPALES/Modulo Actos Administrativos/Modulo Viáticos/Anulación y Legalización de viáticos/li_Listado de Viaticos (act)' is clickable

2023-04-10 09:12:38 - [TEST_STEP][PASSED] - sendKeys(findTestObject("1-OBJECTS TAREAS PRINCIPALES/Modulo Actos Administrativos/Modulo Viáticos/Anulación y Legalización de viáticos/input_ADMINISTRADOR DEL SISTEMA - SARA_form_templatej_idt24_input"), Keys.chord(ENTER)): Keys 'ENTER + ' sent to object: 'Object Repository/1-OBJECTS TAREAS PRINCIPALES/Modulo Actos Administrativos/Modulo Viáticos/Anulación y Legalización de viáticos/input_ADMINISTRADOR DEL SISTEMA - SARA_form_templatej_idt24_input'

2023-04-10 09:12:39 - [MESSAGE][PASSED] - Keys 'ENTER + ' sent to object: 'Object Repository/1-OBJECTS TAREAS PRINCIPALES/Modulo Actos Administrativos/Modulo Viáticos/Anulación y Legalización de viáticos/input_ADMINISTRADOR DEL SISTEMA - SARA_form_templatej_idt24_input'

2023-04-10 09:12:39 - [TEST_STEP][PASSED] - waitForElementClickable(findTestObject("1-OBJECTS TAREAS PRINCIPALES/Modulo Actos Administrativos/Modulo Viáticos/Modificar retroactivos/a_Listado Viticos_cerrar_menu"), 0): Object 'Object Repository/1-OBJECTS TAREAS PRINCIPALES/Modulo Actos Administrativos/Modulo Viáticos/Modificar retroactivos/a_Listado Viticos_cerrar_menu' is clickable

2023-04-10 09:12:39 - [MESSAGE][WARNING] - Timeout '0' is invalid. Using default page load timeout: '37'

2023-04-10 09:12:40 - [MESSAGE][PASSED] - Object 'Object Repository/1-OBJECTS TAREAS PRINCIPALES/Modulo Actos Administrativos/Modulo Viáticos/Modificar retroactivos/a_Listado Viticos_cerrar_menu' is clickable

2023-04-10 09:12:40 - [TEST_STEP][PASSED] - click(findTestObject("1-OBJECTS TAREAS PRINCIPALES/Modulo Actos Administrativos/Modulo Viáticos/Modificar retroactivos/a_Listado Viticos_cerrar_menu")): Object: 'Object Repository/1-OBJECTS TAREAS PRINCIPALES/Modulo Actos Administrativos/Modulo Viáticos/Modificar retroactivos/a_Listado Viticos_cerrar_menu' is clicked on

2023-04-10 09:12:40 - [MESSAGE][PASSED] - Object: 'Object Repository/1-OBJECTS TAREAS PRINCIPALES/Modulo Actos Administrativos/Modulo Viáticos/Modificar retroactivos/a_Listado Viticos_cerrar_menu' is clicked on

2023-04-10 09:12:40 - [TEST_STEP][PASSED] - setText(findTestObject("1-OBJECTS TAREAS PRINCIPALES/Modulo Actos Administrativos/Modulo Viáticos/Anulación y Legalización de viáticos/input_ADMINISTRADOR DEL SISTEMA - SARA_form_templatej_idt24_input"), "Listado Costos Pendientes (act)"): Text 'Listado Costos Pendientes (act)' is set on object 'Object Repository/1-OBJECTS TAREAS PRINCIPALES/Modulo Actos Administrativos/Modulo Viáticos/Anulación y Legalización de viáticos/input_ADMINISTRADOR DEL SISTEMA - SARA_form_templatej_idt24_input'

2023-04-10 09:12:41 - [MESSAGE][PASSED] - Text 'Listado Costos Pendientes (act)' is set on object 'Object Repository/1-OBJECTS TAREAS PRINCIPALES/Modulo Actos Administrativos/Modulo Viáticos/Anulación y Legalización de viáticos/input_ADMINISTRADOR DEL SISTEMA - SARA_form_templatej_idt24_input'

2023-04-10 09:12:41 - [TEST_STEP][PASSED] - waitForElementVisible(findTestObject("1-OBJECTS TAREAS PRINCIPALES/Modulo Actos Administrativos/Modulo Viáticos/Modificar Solicitud de Viáticos/Span_selec menu"), 0): Object 'Object Repository/1-OBJECTS TAREAS PRINCIPALES/Modulo Actos Administrativos/Modulo Viáticos/Modificar Solicitud de Viáticos/Span_selec menu' is visible

2023-04-10 09:12:41 - [MESSAGE][WARNING] - Timeout '0' is invalid. Using default page load timeout: '37'

2023-04-10 09:12:42 - [MESSAGE][PASSED] - Object 'Object Repository/1-OBJECTS TAREAS PRINCIPALES/Modulo Actos Administrativos/Modulo Viáticos/Modificar Solicitud de Viáticos/Span_selec menu' is visible

2023-04-10 09:12:42 - [TEST_STEP][PASSED] - click(findTestObject("1-OBJECTS TAREAS PRINCIPALES/Modulo Actos Administrativos/Modulo Viáticos/Modificar Solicitud de Viáticos/Span_selec menu")): Object: 'Object Repository/1-OBJECTS TAREAS PRINCIPALES/Modulo Actos Administrativos/Modulo Viáticos/Modificar Solicitud de Viáticos/Span_selec menu' is clicked on

2023-04-10 09:12:43 - [MESSAGE][PASSED] - Object: 'Object Repository/1-OBJECTS TAREAS PRINCIPALES/Modulo Actos Administrativos/Modulo Viáticos/Modificar Solicitud de Viáticos/Span_selec menu' is clicked on

2023-04-10 09:12:43 - [TEST_STEP][PASSED] - waitForElementClickable(findTestObject("1-OBJECTS TAREAS PRINCIPALES/Modulo Actos Administrativos/Modulo Viáticos/Modificar retroactivos/select_--Seleccione--Nota Reembolso"), 0): Object 'Object Repository/1-OBJECTS TAREAS PRINCIPALES/Modulo Actos Administrativos/Modulo Viáticos/Modificar retroactivos/select_--Seleccione--Nota Reembolso' is clickable

2023-04-10 09:12:43 - [MESSAGE][WARNING] - Timeout '0' is invalid. Using default page load timeout: '37'

2023-04-10 09:12:44 - [MESSAGE][PASSED] - Object 'Object Repository/1-OBJECTS TAREAS PRINCIPALES/Modulo Actos Administrativos/Modulo Viáticos/Modificar retroactivos/select_--Seleccione--Nota Reembolso' is clickable

2023-04-10 09:12:44 - [TEST_STEP][PASSED] - selectOptionByIndex(findTestObject("1-OBJECTS TAREAS PRINCIPALES/Modulo Actos Administrativos/Modulo Viáticos/Modificar retroactivos/select_--Seleccione--Nota Reembolso"), "2"): All options with index in [2] are selected on object 'Object Repository/1-OBJECTS TAREAS PRINCIPALES/Modulo Actos Administrativos/Modulo Viáticos/Modificar retroactivos/select_--Seleccione--Nota Reembolso'

2023-04-10 09:12:45 - [MESSAGE][PASSED] - All options with index in [2] are selected on object 'Object Repository/1-OBJECTS TAREAS PRINCIPALES/Modulo Actos Administrativos/Modulo Viáticos/Modificar retroactivos/select_--Seleccione--Nota Reembolso'

2023-04-10 09:12:45 - [TEST_STEP][PASSED] - if (waitForElementClickable(findTestObject("1-OBJECTS TAREAS PRINCIPALES/Modulo Actos Administrativos/Modulo Viáticos/Modificar retroactivos/td_QUINTERO 5 EMPLEADO"), 1)): null

2023-04-10 09:12:45 - [MESSAGE][PASSED] - Object 'Object Repository/1-OBJECTS TAREAS PRINCIPALES/Modulo Actos Administrativos/Modulo Viáticos/Modificar retroactivos/td_QUINTERO 5 EMPLEADO' is clickable

2023-04-10 09:12:45 - [TEST_STEP][PASSED] - click(findTestObject("1-OBJECTS TAREAS PRINCIPALES/Modulo Actos Administrativos/Modulo Viáticos/Modificar retroactivos/td_QUINTERO 5 EMPLEADO")): Object: 'Object Repository/1-OBJECTS TAREAS PRINCIPALES/Modulo Actos Administrativos/Modulo Viáticos/Modificar retroactivos/td_QUINTERO 5 EMPLEADO' is clicked on

2023-04-10 09:12:46 - [MESSAGE][PASSED] - Object: 'Object Repository/1-OBJECTS TAREAS PRINCIPALES/Modulo Actos Administrativos/Modulo Viáticos/Modificar retroactivos/td_QUINTERO 5 EMPLEADO' is clicked on

2023-04-10 09:12:46 - [TEST_STEP][PASSED] - element = findWebElement(findTestObject("1-OBJECTS TAREAS PRINCIPALES/Modulo Actos Administrativos/Modulo Viáticos/Modificar retroactivos/a_Aplicar Reembolso"), 30): null

2023-04-10 09:12:46 - [TEST_STEP][PASSED] - executeJavaScript("arguments[0].click()", Arrays.asList(element)): Execute JavaScript 'arguments[0].click()' successfully

2023-04-10 09:12:46 - [MESSAGE][PASSED] - Execute JavaScript 'arguments[0].click()' successfully

2023-04-10 09:12:46 - [TEST_STEP][PASSED] - closeBrowser(): Browser is closed

2023-04-10 09:12:48 - [MESSAGE][PASSED] - Browser is closed]]></system-out>
         <system-err><![CDATA[]]></system-err>
      </testcase>
      <testcase name="Test Cases/1.1-Tareas Principales/1.6.8 Guardar retroactivo de viáticos" time="31.777" classname="Test Cases/1.1-Tareas Principales/1.6.8 Guardar retroactivo de viáticos" status="PASSED">
         <system-out><![CDATA[2023-04-10 09:12:48 - [TEST_CASE][PASSED] - Test Cases/1.1-Tareas Principales/1.6.8 Guardar retroactivo de viáticos: Test Cases/1.1-Tareas Principales/1.6.8 Guardar retroactivo de viáticos

2023-04-10 09:12:48 - [TEST_STEP][PASSED] - callTestCase(findTestCase("0.1-Login"), [:], STOP_ON_FAILURE): Call Test Case 'Test Cases/0.1-Login' successfully

2023-04-10 09:12:48 - [TEST_CASE][PASSED] - Test Cases/0.1-Login: Test Cases/0.1-Login

2023-04-10 09:12:48 - [TEST_STEP][PASSED] - openBrowser(""): Browser is opened with url: ''

2023-04-10 09:12:48 - [MESSAGE][INFO] - Starting 'Chrome' driver

2023-04-10 09:12:48 - [MESSAGE][INFO] - Action delay is set to 0 milliseconds

2023-04-10 09:12:49 - [MESSAGE][PASSED] - Browser is opened with url: ''

2023-04-10 09:12:49 - [TEST_STEP][PASSED] - maximizeWindow(): Current window maximized

2023-04-10 09:12:49 - [MESSAGE][PASSED] - Current window maximized

2023-04-10 09:12:49 - [TEST_STEP][PASSED] - i = G_Login: null

2023-04-10 09:12:49 - [TEST_STEP][PASSED] - url = new java.net.URL(i): null

2023-04-10 09:12:49 - [TEST_STEP][PASSED] - println("URL: " + url.toString()): null

2023-04-10 09:12:49 - [TEST_STEP][PASSED] - connection = url.openConnection(): null

2023-04-10 09:12:49 - [TEST_STEP][PASSED] - connection.setRequestMethod("GET"): null

2023-04-10 09:12:49 - [TEST_STEP][PASSED] - connection.setReadTimeout(2 * 1000): null

2023-04-10 09:12:49 - [TEST_STEP][PASSED] - try: null

2023-04-10 09:12:49 - [TEST_STEP][PASSED] - connection.connect(): null

2023-04-10 09:12:49 - [TEST_STEP][PASSED] - flag = connected: null

2023-04-10 09:12:49 - [TEST_STEP][PASSED] - println("Valor_ori: " + flag): null

2023-04-10 09:12:49 - [TEST_STEP][PASSED] - if (flag): null

2023-04-10 09:12:49 - [TEST_STEP][PASSED] - navigateToUrl(i): Navigate to 'http://192.168.2.19:8380/saraweb' successfully

2023-04-10 09:12:50 - [MESSAGE][PASSED] - Navigate to 'http://192.168.2.19:8380/saraweb' successfully

2023-04-10 09:12:50 - [TEST_STEP][PASSED] - a(): null

2023-04-10 09:12:50 - [TEST_STEP][PASSED] - if (waitForElementVisible(findTestObject("3-OBJECTS UTILIDADES/Login/input_USUARIO_loginusuario"), 0)): null

2023-04-10 09:12:50 - [MESSAGE][WARNING] - Timeout '0' is invalid. Using default page load timeout: '37'

2023-04-10 09:12:50 - [MESSAGE][PASSED] - Object 'Object Repository/3-OBJECTS UTILIDADES/Login/input_USUARIO_loginusuario' is visible

2023-04-10 09:12:50 - [TEST_STEP][PASSED] - switchToWindowTitle("SARA"): Switched to window with title: 'SARA'

2023-04-10 09:12:50 - [MESSAGE][PASSED] - Switched to window with title: 'SARA'

2023-04-10 09:12:50 - [TEST_STEP][PASSED] - zoom(): null

2023-04-10 09:12:50 - [TEST_STEP][PASSED] - robot = new java.awt.Robot(): null

2023-04-10 09:12:50 - [TEST_STEP][PASSED] - robot.keyPress(VK_CONTROL): null

2023-04-10 09:12:50 - [TEST_STEP][PASSED] - robot.keyPress(VK_SUBTRACT): null

2023-04-10 09:12:50 - [TEST_STEP][PASSED] - robot.keyRelease(VK_CONTROL): null

2023-04-10 09:12:50 - [TEST_STEP][PASSED] - robot.keyRelease(VK_SUBTRACT): null

2023-04-10 09:12:50 - [TEST_STEP][PASSED] - robot.keyPress(VK_CONTROL): null

2023-04-10 09:12:50 - [TEST_STEP][PASSED] - robot.keyPress(VK_SUBTRACT): null

2023-04-10 09:12:50 - [TEST_STEP][PASSED] - robot.keyRelease(VK_CONTROL): null

2023-04-10 09:12:50 - [TEST_STEP][PASSED] - robot.keyRelease(VK_SUBTRACT): null

2023-04-10 09:12:50 - [TEST_STEP][PASSED] - robot.keyPress(VK_CONTROL): null

2023-04-10 09:12:50 - [TEST_STEP][PASSED] - robot.keyPress(VK_SUBTRACT): null

2023-04-10 09:12:50 - [TEST_STEP][PASSED] - robot.keyRelease(VK_CONTROL): null

2023-04-10 09:12:50 - [TEST_STEP][PASSED] - robot.keyRelease(VK_SUBTRACT): null

2023-04-10 09:12:50 - [TEST_STEP][PASSED] - robot.keyRelease(VK_CONTROL): null

2023-04-10 09:12:50 - [TEST_STEP][PASSED] - robot.keyRelease(VK_SUBTRACT): null

2023-04-10 09:12:50 - [TEST_STEP][PASSED] - setText(findTestObject("3-OBJECTS UTILIDADES/Login/input_USUARIO_loginusuario"), G_Usuario): Text 'saraadmin' is set on object 'Object Repository/3-OBJECTS UTILIDADES/Login/input_USUARIO_loginusuario'

2023-04-10 09:12:51 - [MESSAGE][PASSED] - Text 'saraadmin' is set on object 'Object Repository/3-OBJECTS UTILIDADES/Login/input_USUARIO_loginusuario'

2023-04-10 09:12:51 - [TEST_STEP][PASSED] - setEncryptedText(findTestObject("3-OBJECTS UTILIDADES/Login/input_CLAVE_loginpassword"), "SlAwMcyRKqrwbnzhAs8HhT6NnI7sEyng"): Text ****** has been set on object 'Object Repository/3-OBJECTS UTILIDADES/Login/input_CLAVE_loginpassword'

2023-04-10 09:12:53 - [MESSAGE][PASSED] - Text ****** has been set on object 'Object Repository/3-OBJECTS UTILIDADES/Login/input_CLAVE_loginpassword'

2023-04-10 09:12:53 - [TEST_STEP][PASSED] - while (waitForElementClickable(findTestObject("3-OBJECTS UTILIDADES/Login/a_Ingresar"), 1)): Web element with id: 'Object Repository/3-OBJECTS UTILIDADES/Login/a_Ingresar' located by '//a[contains(text(),'Ingresar')]' not found

2023-04-10 09:12:55 - [MESSAGE][INFO] - Unable to find the element located by 'By.xpath: //a[contains(text(),'Ingresar')]'. Please recheck the objects properties to make sure the desired element is located. 

2023-04-10 09:12:55 - [MESSAGE][WARNING] - Web element with id: 'Object Repository/3-OBJECTS UTILIDADES/Login/a_Ingresar' located by '//a[contains(text(),'Ingresar')]' not found

2023-04-10 09:12:55 - [MESSAGE][PASSED] - Call Test Case 'Test Cases/0.1-Login' successfully

2023-04-10 09:12:55 - [TEST_STEP][PASSED] - waitForElementClickable(findTestObject("1-OBJECTS TAREAS PRINCIPALES/Modulo Actos Administrativos/Modulo Viáticos/Guardar retroactivo de viáticos/input_ADMINISTRADOR DEL SISTEMA - SARA_form_templatej_idt24_input"), 0): Object 'Object Repository/1-OBJECTS TAREAS PRINCIPALES/Modulo Actos Administrativos/Modulo Viáticos/Guardar retroactivo de viáticos/input_ADMINISTRADOR DEL SISTEMA - SARA_form_templatej_idt24_input' is clickable

2023-04-10 09:12:55 - [MESSAGE][WARNING] - Timeout '0' is invalid. Using default page load timeout: '37'

2023-04-10 09:12:55 - [MESSAGE][PASSED] - Object 'Object Repository/1-OBJECTS TAREAS PRINCIPALES/Modulo Actos Administrativos/Modulo Viáticos/Guardar retroactivo de viáticos/input_ADMINISTRADOR DEL SISTEMA - SARA_form_templatej_idt24_input' is clickable

2023-04-10 09:12:55 - [TEST_STEP][PASSED] - setText(findTestObject("1-OBJECTS TAREAS PRINCIPALES/Modulo Actos Administrativos/Modulo Viáticos/Guardar retroactivo de viáticos/input_ADMINISTRADOR DEL SISTEMA - SARA_form_templatej_idt24_input"), "listado de viaticos"): Text 'listado de viaticos' is set on object 'Object Repository/1-OBJECTS TAREAS PRINCIPALES/Modulo Actos Administrativos/Modulo Viáticos/Guardar retroactivo de viáticos/input_ADMINISTRADOR DEL SISTEMA - SARA_form_templatej_idt24_input'

2023-04-10 09:12:56 - [MESSAGE][PASSED] - Text 'listado de viaticos' is set on object 'Object Repository/1-OBJECTS TAREAS PRINCIPALES/Modulo Actos Administrativos/Modulo Viáticos/Guardar retroactivo de viáticos/input_ADMINISTRADOR DEL SISTEMA - SARA_form_templatej_idt24_input'

2023-04-10 09:12:56 - [TEST_STEP][PASSED] - waitForElementClickable(findTestObject("1-OBJECTS TAREAS PRINCIPALES/Modulo Actos Administrativos/Modulo Viáticos/Guardar retroactivo de viáticos/li_Listado de Viaticos (act)"), 0): Object 'Object Repository/1-OBJECTS TAREAS PRINCIPALES/Modulo Actos Administrativos/Modulo Viáticos/Guardar retroactivo de viáticos/li_Listado de Viaticos (act)' is clickable

2023-04-10 09:12:56 - [MESSAGE][WARNING] - Timeout '0' is invalid. Using default page load timeout: '37'

2023-04-10 09:12:58 - [MESSAGE][PASSED] - Object 'Object Repository/1-OBJECTS TAREAS PRINCIPALES/Modulo Actos Administrativos/Modulo Viáticos/Guardar retroactivo de viáticos/li_Listado de Viaticos (act)' is clickable

2023-04-10 09:12:58 - [TEST_STEP][PASSED] - sendKeys(findTestObject("1-OBJECTS TAREAS PRINCIPALES/Modulo Actos Administrativos/Modulo Viáticos/Guardar retroactivo de viáticos/input_ADMINISTRADOR DEL SISTEMA - SARA_form_templatej_idt24_input"), Keys.chord(ENTER)): Keys 'ENTER + ' sent to object: 'Object Repository/1-OBJECTS TAREAS PRINCIPALES/Modulo Actos Administrativos/Modulo Viáticos/Guardar retroactivo de viáticos/input_ADMINISTRADOR DEL SISTEMA - SARA_form_templatej_idt24_input'

2023-04-10 09:12:58 - [MESSAGE][PASSED] - Keys 'ENTER + ' sent to object: 'Object Repository/1-OBJECTS TAREAS PRINCIPALES/Modulo Actos Administrativos/Modulo Viáticos/Guardar retroactivo de viáticos/input_ADMINISTRADOR DEL SISTEMA - SARA_form_templatej_idt24_input'

2023-04-10 09:12:58 - [TEST_STEP][PASSED] - waitForElementClickable(findTestObject("1-OBJECTS TAREAS PRINCIPALES/Modulo Actos Administrativos/Modulo Viáticos/Guardar retroactivo de viáticos/a_Listado Costos Pendientes_cerrar_menu_guardar"), 0): Object 'Object Repository/1-OBJECTS TAREAS PRINCIPALES/Modulo Actos Administrativos/Modulo Viáticos/Guardar retroactivo de viáticos/a_Listado Costos Pendientes_cerrar_menu_guardar' is clickable

2023-04-10 09:12:58 - [MESSAGE][WARNING] - Timeout '0' is invalid. Using default page load timeout: '37'

2023-04-10 09:12:59 - [MESSAGE][PASSED] - Object 'Object Repository/1-OBJECTS TAREAS PRINCIPALES/Modulo Actos Administrativos/Modulo Viáticos/Guardar retroactivo de viáticos/a_Listado Costos Pendientes_cerrar_menu_guardar' is clickable

2023-04-10 09:12:59 - [TEST_STEP][PASSED] - click(findTestObject("1-OBJECTS TAREAS PRINCIPALES/Modulo Actos Administrativos/Modulo Viáticos/Guardar retroactivo de viáticos/a_Listado Costos Pendientes_cerrar_menu_guardar")): Object: 'Object Repository/1-OBJECTS TAREAS PRINCIPALES/Modulo Actos Administrativos/Modulo Viáticos/Guardar retroactivo de viáticos/a_Listado Costos Pendientes_cerrar_menu_guardar' is clicked on

2023-04-10 09:13:00 - [MESSAGE][PASSED] - Object: 'Object Repository/1-OBJECTS TAREAS PRINCIPALES/Modulo Actos Administrativos/Modulo Viáticos/Guardar retroactivo de viáticos/a_Listado Costos Pendientes_cerrar_menu_guardar' is clicked on

2023-04-10 09:13:00 - [TEST_STEP][PASSED] - setText(findTestObject("1-OBJECTS TAREAS PRINCIPALES/Modulo Actos Administrativos/Modulo Viáticos/Guardar retroactivo de viáticos/input_ADMINISTRADOR DEL SISTEMA - SARA_form_templatej_idt24_input"), "Retroactivo viaticos"): Text 'Retroactivo viaticos' is set on object 'Object Repository/1-OBJECTS TAREAS PRINCIPALES/Modulo Actos Administrativos/Modulo Viáticos/Guardar retroactivo de viáticos/input_ADMINISTRADOR DEL SISTEMA - SARA_form_templatej_idt24_input'

2023-04-10 09:13:00 - [MESSAGE][PASSED] - Text 'Retroactivo viaticos' is set on object 'Object Repository/1-OBJECTS TAREAS PRINCIPALES/Modulo Actos Administrativos/Modulo Viáticos/Guardar retroactivo de viáticos/input_ADMINISTRADOR DEL SISTEMA - SARA_form_templatej_idt24_input'

2023-04-10 09:13:00 - [TEST_STEP][PASSED] - waitForElementVisible(findTestObject("1-OBJECTS TAREAS PRINCIPALES/Modulo Actos Administrativos/Modulo Viáticos/Guardar retroactivo de viáticos/span_Retroactivo Viaticos"), 0): Object 'Object Repository/1-OBJECTS TAREAS PRINCIPALES/Modulo Actos Administrativos/Modulo Viáticos/Guardar retroactivo de viáticos/span_Retroactivo Viaticos' is visible

2023-04-10 09:13:00 - [MESSAGE][WARNING] - Timeout '0' is invalid. Using default page load timeout: '37'

2023-04-10 09:13:02 - [MESSAGE][PASSED] - Object 'Object Repository/1-OBJECTS TAREAS PRINCIPALES/Modulo Actos Administrativos/Modulo Viáticos/Guardar retroactivo de viáticos/span_Retroactivo Viaticos' is visible

2023-04-10 09:13:02 - [TEST_STEP][PASSED] - click(findTestObject("1-OBJECTS TAREAS PRINCIPALES/Modulo Actos Administrativos/Modulo Viáticos/Guardar retroactivo de viáticos/span_Retroactivo Viaticos")): Object: 'Object Repository/1-OBJECTS TAREAS PRINCIPALES/Modulo Actos Administrativos/Modulo Viáticos/Guardar retroactivo de viáticos/span_Retroactivo Viaticos' is clicked on

2023-04-10 09:13:02 - [MESSAGE][PASSED] - Object: 'Object Repository/1-OBJECTS TAREAS PRINCIPALES/Modulo Actos Administrativos/Modulo Viáticos/Guardar retroactivo de viáticos/span_Retroactivo Viaticos' is clicked on

2023-04-10 09:13:02 - [TEST_STEP][PASSED] - waitForElementClickable(findTestObject("1-OBJECTS TAREAS PRINCIPALES/Modulo Actos Administrativos/Modulo Viáticos/Guardar retroactivo de viáticos/a_Nuevo_Guardar"), 0): Object 'Object Repository/1-OBJECTS TAREAS PRINCIPALES/Modulo Actos Administrativos/Modulo Viáticos/Guardar retroactivo de viáticos/a_Nuevo_Guardar' is clickable

2023-04-10 09:13:02 - [MESSAGE][WARNING] - Timeout '0' is invalid. Using default page load timeout: '37'

2023-04-10 09:13:03 - [MESSAGE][PASSED] - Object 'Object Repository/1-OBJECTS TAREAS PRINCIPALES/Modulo Actos Administrativos/Modulo Viáticos/Guardar retroactivo de viáticos/a_Nuevo_Guardar' is clickable

2023-04-10 09:13:03 - [TEST_STEP][PASSED] - click(findTestObject("1-OBJECTS TAREAS PRINCIPALES/Modulo Actos Administrativos/Modulo Viáticos/Guardar retroactivo de viáticos/a_Nuevo_Guardar")): Object: 'Object Repository/1-OBJECTS TAREAS PRINCIPALES/Modulo Actos Administrativos/Modulo Viáticos/Guardar retroactivo de viáticos/a_Nuevo_Guardar' is clicked on

2023-04-10 09:13:03 - [MESSAGE][PASSED] - Object: 'Object Repository/1-OBJECTS TAREAS PRINCIPALES/Modulo Actos Administrativos/Modulo Viáticos/Guardar retroactivo de viáticos/a_Nuevo_Guardar' is clicked on

2023-04-10 09:13:03 - [TEST_STEP][PASSED] - waitForElementClickable(findTestObject("1-OBJECTS TAREAS PRINCIPALES/Modulo Actos Administrativos/Modulo Viáticos/Guardar retroactivo de viáticos/input_Aplicacin_Guardar"), 0): Object 'Object Repository/1-OBJECTS TAREAS PRINCIPALES/Modulo Actos Administrativos/Modulo Viáticos/Guardar retroactivo de viáticos/input_Aplicacin_Guardar' is clickable

2023-04-10 09:13:03 - [MESSAGE][WARNING] - Timeout '0' is invalid. Using default page load timeout: '37'

2023-04-10 09:13:04 - [MESSAGE][PASSED] - Object 'Object Repository/1-OBJECTS TAREAS PRINCIPALES/Modulo Actos Administrativos/Modulo Viáticos/Guardar retroactivo de viáticos/input_Aplicacin_Guardar' is clickable

2023-04-10 09:13:04 - [TEST_STEP][PASSED] - setText(findTestObject("1-OBJECTS TAREAS PRINCIPALES/Modulo Actos Administrativos/Modulo Viáticos/Guardar retroactivo de viáticos/input_Aplicacin_Guardar"), "01/07/2021"): Text '01/07/2021' is set on object 'Object Repository/1-OBJECTS TAREAS PRINCIPALES/Modulo Actos Administrativos/Modulo Viáticos/Guardar retroactivo de viáticos/input_Aplicacin_Guardar'

2023-04-10 09:13:05 - [MESSAGE][PASSED] - Text '01/07/2021' is set on object 'Object Repository/1-OBJECTS TAREAS PRINCIPALES/Modulo Actos Administrativos/Modulo Viáticos/Guardar retroactivo de viáticos/input_Aplicacin_Guardar'

2023-04-10 09:13:05 - [TEST_STEP][PASSED] - setText(findTestObject("1-OBJECTS TAREAS PRINCIPALES/Modulo Actos Administrativos/Modulo Viáticos/Guardar retroactivo de viáticos/input_Desde_Guardar"), "01/07/2021"): Text '01/07/2021' is set on object 'Object Repository/1-OBJECTS TAREAS PRINCIPALES/Modulo Actos Administrativos/Modulo Viáticos/Guardar retroactivo de viáticos/input_Desde_Guardar'

2023-04-10 09:13:06 - [MESSAGE][PASSED] - Text '01/07/2021' is set on object 'Object Repository/1-OBJECTS TAREAS PRINCIPALES/Modulo Actos Administrativos/Modulo Viáticos/Guardar retroactivo de viáticos/input_Desde_Guardar'

2023-04-10 09:13:06 - [TEST_STEP][PASSED] - setText(findTestObject("1-OBJECTS TAREAS PRINCIPALES/Modulo Actos Administrativos/Modulo Viáticos/Guardar retroactivo de viáticos/input_Hasta_Guardar"), "01/07/2021"): Text '01/07/2021' is set on object 'Object Repository/1-OBJECTS TAREAS PRINCIPALES/Modulo Actos Administrativos/Modulo Viáticos/Guardar retroactivo de viáticos/input_Hasta_Guardar'

2023-04-10 09:13:06 - [MESSAGE][PASSED] - Text '01/07/2021' is set on object 'Object Repository/1-OBJECTS TAREAS PRINCIPALES/Modulo Actos Administrativos/Modulo Viáticos/Guardar retroactivo de viáticos/input_Hasta_Guardar'

2023-04-10 09:13:06 - [TEST_STEP][PASSED] - setText(findTestObject("1-OBJECTS TAREAS PRINCIPALES/Modulo Actos Administrativos/Modulo Viáticos/Guardar retroactivo de viáticos/input_Descripcin_Guardar"), "prueba"): Text 'prueba' is set on object 'Object Repository/1-OBJECTS TAREAS PRINCIPALES/Modulo Actos Administrativos/Modulo Viáticos/Guardar retroactivo de viáticos/input_Descripcin_Guardar'

2023-04-10 09:13:07 - [MESSAGE][PASSED] - Text 'prueba' is set on object 'Object Repository/1-OBJECTS TAREAS PRINCIPALES/Modulo Actos Administrativos/Modulo Viáticos/Guardar retroactivo de viáticos/input_Descripcin_Guardar'

2023-04-10 09:13:07 - [TEST_STEP][PASSED] - click(findTestObject("1-OBJECTS TAREAS PRINCIPALES/Modulo Actos Administrativos/Modulo Viáticos/Guardar retroactivo de viáticos/a_Guardar_guardar")): Object: 'Object Repository/1-OBJECTS TAREAS PRINCIPALES/Modulo Actos Administrativos/Modulo Viáticos/Guardar retroactivo de viáticos/a_Guardar_guardar' is clicked on

2023-04-10 09:13:08 - [MESSAGE][PASSED] - Object: 'Object Repository/1-OBJECTS TAREAS PRINCIPALES/Modulo Actos Administrativos/Modulo Viáticos/Guardar retroactivo de viáticos/a_Guardar_guardar' is clicked on

2023-04-10 09:13:08 - [TEST_STEP][PASSED] - waitForElementClickable(findTestObject("1-OBJECTS TAREAS PRINCIPALES/Modulo Actos Administrativos/Modulo Viáticos/Guardar retroactivo de viáticos/a_Liquidacin_Guardar"), 0): Object 'Object Repository/1-OBJECTS TAREAS PRINCIPALES/Modulo Actos Administrativos/Modulo Viáticos/Guardar retroactivo de viáticos/a_Liquidacin_Guardar' is clickable

2023-04-10 09:13:08 - [MESSAGE][WARNING] - Timeout '0' is invalid. Using default page load timeout: '37'

2023-04-10 09:13:08 - [MESSAGE][PASSED] - Object 'Object Repository/1-OBJECTS TAREAS PRINCIPALES/Modulo Actos Administrativos/Modulo Viáticos/Guardar retroactivo de viáticos/a_Liquidacin_Guardar' is clickable

2023-04-10 09:13:08 - [TEST_STEP][PASSED] - click(findTestObject("1-OBJECTS TAREAS PRINCIPALES/Modulo Actos Administrativos/Modulo Viáticos/Guardar retroactivo de viáticos/a_Liquidacin_Guardar")): Object: 'Object Repository/1-OBJECTS TAREAS PRINCIPALES/Modulo Actos Administrativos/Modulo Viáticos/Guardar retroactivo de viáticos/a_Liquidacin_Guardar' is clicked on

2023-04-10 09:13:09 - [MESSAGE][PASSED] - Object: 'Object Repository/1-OBJECTS TAREAS PRINCIPALES/Modulo Actos Administrativos/Modulo Viáticos/Guardar retroactivo de viáticos/a_Liquidacin_Guardar' is clicked on

2023-04-10 09:13:09 - [TEST_STEP][PASSED] - click(findTestObject("1-OBJECTS TAREAS PRINCIPALES/Modulo Actos Administrativos/Modulo Viáticos/Guardar retroactivo de viáticos/span_Si_Guardar")): Object: 'Object Repository/1-OBJECTS TAREAS PRINCIPALES/Modulo Actos Administrativos/Modulo Viáticos/Guardar retroactivo de viáticos/span_Si_Guardar' is clicked on

2023-04-10 09:13:09 - [MESSAGE][PASSED] - Object: 'Object Repository/1-OBJECTS TAREAS PRINCIPALES/Modulo Actos Administrativos/Modulo Viáticos/Guardar retroactivo de viáticos/span_Si_Guardar' is clicked on

2023-04-10 09:13:09 - [TEST_STEP][PASSED] - waitForElementClickable(findTestObject("1-OBJECTS TAREAS PRINCIPALES/Modulo Actos Administrativos/Modulo Viáticos/Guardar retroactivo de viáticos/a_Regresar_guardar"), 0): Object 'Object Repository/1-OBJECTS TAREAS PRINCIPALES/Modulo Actos Administrativos/Modulo Viáticos/Guardar retroactivo de viáticos/a_Regresar_guardar' is clickable

2023-04-10 09:13:10 - [MESSAGE][WARNING] - Timeout '0' is invalid. Using default page load timeout: '37'

2023-04-10 09:13:11 - [MESSAGE][PASSED] - Object 'Object Repository/1-OBJECTS TAREAS PRINCIPALES/Modulo Actos Administrativos/Modulo Viáticos/Guardar retroactivo de viáticos/a_Regresar_guardar' is clickable

2023-04-10 09:13:11 - [TEST_STEP][PASSED] - click(findTestObject("1-OBJECTS TAREAS PRINCIPALES/Modulo Actos Administrativos/Modulo Viáticos/Guardar retroactivo de viáticos/a_Regresar_guardar")): Object: 'Object Repository/1-OBJECTS TAREAS PRINCIPALES/Modulo Actos Administrativos/Modulo Viáticos/Guardar retroactivo de viáticos/a_Regresar_guardar' is clicked on

2023-04-10 09:13:12 - [MESSAGE][PASSED] - Object: 'Object Repository/1-OBJECTS TAREAS PRINCIPALES/Modulo Actos Administrativos/Modulo Viáticos/Guardar retroactivo de viáticos/a_Regresar_guardar' is clicked on

2023-04-10 09:13:12 - [TEST_STEP][PASSED] - waitForElementClickable(findTestObject("1-OBJECTS TAREAS PRINCIPALES/Modulo Actos Administrativos/Modulo Viáticos/Guardar retroactivo de viáticos/span_01072021"), 0): Object 'Object Repository/1-OBJECTS TAREAS PRINCIPALES/Modulo Actos Administrativos/Modulo Viáticos/Guardar retroactivo de viáticos/span_01072021' is clickable

2023-04-10 09:13:12 - [MESSAGE][WARNING] - Timeout '0' is invalid. Using default page load timeout: '37'

2023-04-10 09:13:12 - [MESSAGE][PASSED] - Object 'Object Repository/1-OBJECTS TAREAS PRINCIPALES/Modulo Actos Administrativos/Modulo Viáticos/Guardar retroactivo de viáticos/span_01072021' is clickable

2023-04-10 09:13:12 - [TEST_STEP][PASSED] - click(findTestObject("1-OBJECTS TAREAS PRINCIPALES/Modulo Actos Administrativos/Modulo Viáticos/Guardar retroactivo de viáticos/span_01072021")): Object: 'Object Repository/1-OBJECTS TAREAS PRINCIPALES/Modulo Actos Administrativos/Modulo Viáticos/Guardar retroactivo de viáticos/span_01072021' is clicked on

2023-04-10 09:13:13 - [MESSAGE][PASSED] - Object: 'Object Repository/1-OBJECTS TAREAS PRINCIPALES/Modulo Actos Administrativos/Modulo Viáticos/Guardar retroactivo de viáticos/span_01072021' is clicked on

2023-04-10 09:13:13 - [TEST_STEP][PASSED] - if (waitForElementClickable(findTestObject("1-OBJECTS TAREAS PRINCIPALES/Modulo Actos Administrativos/Modulo Viáticos/Guardar retroactivo de viáticos/a_Cerrar Proceso"), 1)): null

2023-04-10 09:13:14 - [MESSAGE][PASSED] - Object 'Object Repository/1-OBJECTS TAREAS PRINCIPALES/Modulo Actos Administrativos/Modulo Viáticos/Guardar retroactivo de viáticos/a_Cerrar Proceso' is clickable

2023-04-10 09:13:14 - [TEST_STEP][PASSED] - click(findTestObject("1-OBJECTS TAREAS PRINCIPALES/Modulo Actos Administrativos/Modulo Viáticos/Guardar retroactivo de viáticos/a_Cerrar Proceso")): Object: 'Object Repository/1-OBJECTS TAREAS PRINCIPALES/Modulo Actos Administrativos/Modulo Viáticos/Guardar retroactivo de viáticos/a_Cerrar Proceso' is clicked on

2023-04-10 09:13:14 - [MESSAGE][PASSED] - Object: 'Object Repository/1-OBJECTS TAREAS PRINCIPALES/Modulo Actos Administrativos/Modulo Viáticos/Guardar retroactivo de viáticos/a_Cerrar Proceso' is clicked on

2023-04-10 09:13:14 - [TEST_STEP][PASSED] - click(findTestObject("1-OBJECTS TAREAS PRINCIPALES/Modulo Actos Administrativos/Modulo Viáticos/Guardar retroactivo de viáticos/span_Si_cerrar proceso")): Object: 'Object Repository/1-OBJECTS TAREAS PRINCIPALES/Modulo Actos Administrativos/Modulo Viáticos/Guardar retroactivo de viáticos/span_Si_cerrar proceso' is clicked on

2023-04-10 09:13:14 - [MESSAGE][PASSED] - Object: 'Object Repository/1-OBJECTS TAREAS PRINCIPALES/Modulo Actos Administrativos/Modulo Viáticos/Guardar retroactivo de viáticos/span_Si_cerrar proceso' is clicked on

2023-04-10 09:13:14 - [TEST_STEP][PASSED] - click(findTestObject("1-OBJECTS TAREAS PRINCIPALES/Modulo Actos Administrativos/Modulo Viáticos/Guardar retroactivo de viáticos/a_Regresar_guardar")): Object: 'Object Repository/1-OBJECTS TAREAS PRINCIPALES/Modulo Actos Administrativos/Modulo Viáticos/Guardar retroactivo de viáticos/a_Regresar_guardar' is clicked on

2023-04-10 09:13:16 - [MESSAGE][PASSED] - Object: 'Object Repository/1-OBJECTS TAREAS PRINCIPALES/Modulo Actos Administrativos/Modulo Viáticos/Guardar retroactivo de viáticos/a_Regresar_guardar' is clicked on

2023-04-10 09:13:16 - [TEST_STEP][PASSED] - waitForElementClickable(findTestObject("1-OBJECTS TAREAS PRINCIPALES/Modulo Actos Administrativos/Modulo Viáticos/Guardar retroactivo de viáticos/span_01072021"), 0): Object 'Object Repository/1-OBJECTS TAREAS PRINCIPALES/Modulo Actos Administrativos/Modulo Viáticos/Guardar retroactivo de viáticos/span_01072021' is clickable

2023-04-10 09:13:16 - [MESSAGE][WARNING] - Timeout '0' is invalid. Using default page load timeout: '37'

2023-04-10 09:13:16 - [MESSAGE][PASSED] - Object 'Object Repository/1-OBJECTS TAREAS PRINCIPALES/Modulo Actos Administrativos/Modulo Viáticos/Guardar retroactivo de viáticos/span_01072021' is clickable

2023-04-10 09:13:16 - [TEST_STEP][PASSED] - click(findTestObject("1-OBJECTS TAREAS PRINCIPALES/Modulo Actos Administrativos/Modulo Viáticos/Guardar retroactivo de viáticos/span_01072021")): Object: 'Object Repository/1-OBJECTS TAREAS PRINCIPALES/Modulo Actos Administrativos/Modulo Viáticos/Guardar retroactivo de viáticos/span_01072021' is clicked on

2023-04-10 09:13:16 - [MESSAGE][PASSED] - Object: 'Object Repository/1-OBJECTS TAREAS PRINCIPALES/Modulo Actos Administrativos/Modulo Viáticos/Guardar retroactivo de viáticos/span_01072021' is clicked on

2023-04-10 09:13:16 - [TEST_STEP][PASSED] - waitForElementClickable(findTestObject("1-OBJECTS TAREAS PRINCIPALES/Modulo Actos Administrativos/Modulo Viáticos/Guardar retroactivo de viáticos/a_Reversar_retroactivo"), 0): Object 'Object Repository/1-OBJECTS TAREAS PRINCIPALES/Modulo Actos Administrativos/Modulo Viáticos/Guardar retroactivo de viáticos/a_Reversar_retroactivo' is clickable

2023-04-10 09:13:17 - [MESSAGE][WARNING] - Timeout '0' is invalid. Using default page load timeout: '37'

2023-04-10 09:13:17 - [MESSAGE][PASSED] - Object 'Object Repository/1-OBJECTS TAREAS PRINCIPALES/Modulo Actos Administrativos/Modulo Viáticos/Guardar retroactivo de viáticos/a_Reversar_retroactivo' is clickable

2023-04-10 09:13:17 - [TEST_STEP][PASSED] - click(findTestObject("1-OBJECTS TAREAS PRINCIPALES/Modulo Actos Administrativos/Modulo Viáticos/Guardar retroactivo de viáticos/a_Reversar_retroactivo")): Object: 'Object Repository/1-OBJECTS TAREAS PRINCIPALES/Modulo Actos Administrativos/Modulo Viáticos/Guardar retroactivo de viáticos/a_Reversar_retroactivo' is clicked on

2023-04-10 09:13:18 - [MESSAGE][PASSED] - Object: 'Object Repository/1-OBJECTS TAREAS PRINCIPALES/Modulo Actos Administrativos/Modulo Viáticos/Guardar retroactivo de viáticos/a_Reversar_retroactivo' is clicked on

2023-04-10 09:13:18 - [TEST_STEP][PASSED] - waitForElementClickable(findTestObject("1-OBJECTS TAREAS PRINCIPALES/Modulo Actos Administrativos/Modulo Viáticos/Guardar retroactivo de viáticos/span_Si_reversar"), 0): Object 'Object Repository/1-OBJECTS TAREAS PRINCIPALES/Modulo Actos Administrativos/Modulo Viáticos/Guardar retroactivo de viáticos/span_Si_reversar' is clickable

2023-04-10 09:13:18 - [MESSAGE][WARNING] - Timeout '0' is invalid. Using default page load timeout: '37'

2023-04-10 09:13:18 - [MESSAGE][PASSED] - Object 'Object Repository/1-OBJECTS TAREAS PRINCIPALES/Modulo Actos Administrativos/Modulo Viáticos/Guardar retroactivo de viáticos/span_Si_reversar' is clickable

2023-04-10 09:13:18 - [TEST_STEP][PASSED] - click(findTestObject("1-OBJECTS TAREAS PRINCIPALES/Modulo Actos Administrativos/Modulo Viáticos/Guardar retroactivo de viáticos/span_Si_reversar")): Object: 'Object Repository/1-OBJECTS TAREAS PRINCIPALES/Modulo Actos Administrativos/Modulo Viáticos/Guardar retroactivo de viáticos/span_Si_reversar' is clicked on

2023-04-10 09:13:19 - [MESSAGE][PASSED] - Object: 'Object Repository/1-OBJECTS TAREAS PRINCIPALES/Modulo Actos Administrativos/Modulo Viáticos/Guardar retroactivo de viáticos/span_Si_reversar' is clicked on

2023-04-10 09:13:19 - [TEST_STEP][PASSED] - closeBrowser(): Browser is closed

2023-04-10 09:13:19 - [MESSAGE][PASSED] - Browser is closed]]></system-out>
         <system-err><![CDATA[]]></system-err>
      </testcase>
      <testcase name="Test Cases/1.1-Tareas Principales/1.6.9 Reporte Entidades Liquidadas Viáticos" time="28.654" classname="Test Cases/1.1-Tareas Principales/1.6.9 Reporte Entidades Liquidadas Viáticos" status="PASSED">
         <system-out><![CDATA[2023-04-10 09:13:19 - [TEST_CASE][PASSED] - Test Cases/1.1-Tareas Principales/1.6.9 Reporte Entidades Liquidadas Viáticos: Test Cases/1.1-Tareas Principales/1.6.9 Reporte Entidades Liquidadas Viáticos

2023-04-10 09:13:20 - [TEST_STEP][PASSED] - callTestCase(findTestCase("0.1-Login"), [:], STOP_ON_FAILURE): Call Test Case 'Test Cases/0.1-Login' successfully

2023-04-10 09:13:20 - [TEST_CASE][PASSED] - Test Cases/0.1-Login: Test Cases/0.1-Login

2023-04-10 09:13:20 - [TEST_STEP][PASSED] - openBrowser(""): Browser is opened with url: ''

2023-04-10 09:13:20 - [MESSAGE][INFO] - Starting 'Chrome' driver

2023-04-10 09:13:20 - [MESSAGE][INFO] - Action delay is set to 0 milliseconds

2023-04-10 09:13:21 - [MESSAGE][PASSED] - Browser is opened with url: ''

2023-04-10 09:13:21 - [TEST_STEP][PASSED] - maximizeWindow(): Current window maximized

2023-04-10 09:13:21 - [MESSAGE][PASSED] - Current window maximized

2023-04-10 09:13:21 - [TEST_STEP][PASSED] - i = G_Login: null

2023-04-10 09:13:21 - [TEST_STEP][PASSED] - url = new java.net.URL(i): null

2023-04-10 09:13:21 - [TEST_STEP][PASSED] - println("URL: " + url.toString()): null

2023-04-10 09:13:21 - [TEST_STEP][PASSED] - connection = url.openConnection(): null

2023-04-10 09:13:21 - [TEST_STEP][PASSED] - connection.setRequestMethod("GET"): null

2023-04-10 09:13:21 - [TEST_STEP][PASSED] - connection.setReadTimeout(2 * 1000): null

2023-04-10 09:13:21 - [TEST_STEP][PASSED] - try: null

2023-04-10 09:13:21 - [TEST_STEP][PASSED] - connection.connect(): null

2023-04-10 09:13:21 - [TEST_STEP][PASSED] - flag = connected: null

2023-04-10 09:13:21 - [TEST_STEP][PASSED] - println("Valor_ori: " + flag): null

2023-04-10 09:13:21 - [TEST_STEP][PASSED] - if (flag): null

2023-04-10 09:13:21 - [TEST_STEP][PASSED] - navigateToUrl(i): Navigate to 'http://192.168.2.19:8380/saraweb' successfully

2023-04-10 09:13:22 - [MESSAGE][PASSED] - Navigate to 'http://192.168.2.19:8380/saraweb' successfully

2023-04-10 09:13:22 - [TEST_STEP][PASSED] - a(): null

2023-04-10 09:13:22 - [TEST_STEP][PASSED] - if (waitForElementVisible(findTestObject("3-OBJECTS UTILIDADES/Login/input_USUARIO_loginusuario"), 0)): null

2023-04-10 09:13:22 - [MESSAGE][WARNING] - Timeout '0' is invalid. Using default page load timeout: '37'

2023-04-10 09:13:22 - [MESSAGE][PASSED] - Object 'Object Repository/3-OBJECTS UTILIDADES/Login/input_USUARIO_loginusuario' is visible

2023-04-10 09:13:22 - [TEST_STEP][PASSED] - switchToWindowTitle("SARA"): Switched to window with title: 'SARA'

2023-04-10 09:13:22 - [MESSAGE][PASSED] - Switched to window with title: 'SARA'

2023-04-10 09:13:22 - [TEST_STEP][PASSED] - zoom(): null

2023-04-10 09:13:22 - [TEST_STEP][PASSED] - robot = new java.awt.Robot(): null

2023-04-10 09:13:22 - [TEST_STEP][PASSED] - robot.keyPress(VK_CONTROL): null

2023-04-10 09:13:22 - [TEST_STEP][PASSED] - robot.keyPress(VK_SUBTRACT): null

2023-04-10 09:13:22 - [TEST_STEP][PASSED] - robot.keyRelease(VK_CONTROL): null

2023-04-10 09:13:22 - [TEST_STEP][PASSED] - robot.keyRelease(VK_SUBTRACT): null

2023-04-10 09:13:22 - [TEST_STEP][PASSED] - robot.keyPress(VK_CONTROL): null

2023-04-10 09:13:22 - [TEST_STEP][PASSED] - robot.keyPress(VK_SUBTRACT): null

2023-04-10 09:13:22 - [TEST_STEP][PASSED] - robot.keyRelease(VK_CONTROL): null

2023-04-10 09:13:22 - [TEST_STEP][PASSED] - robot.keyRelease(VK_SUBTRACT): null

2023-04-10 09:13:22 - [TEST_STEP][PASSED] - robot.keyPress(VK_CONTROL): null

2023-04-10 09:13:22 - [TEST_STEP][PASSED] - robot.keyPress(VK_SUBTRACT): null

2023-04-10 09:13:22 - [TEST_STEP][PASSED] - robot.keyRelease(VK_CONTROL): null

2023-04-10 09:13:22 - [TEST_STEP][PASSED] - robot.keyRelease(VK_SUBTRACT): null

2023-04-10 09:13:22 - [TEST_STEP][PASSED] - robot.keyRelease(VK_CONTROL): null

2023-04-10 09:13:22 - [TEST_STEP][PASSED] - robot.keyRelease(VK_SUBTRACT): null

2023-04-10 09:13:22 - [TEST_STEP][PASSED] - setText(findTestObject("3-OBJECTS UTILIDADES/Login/input_USUARIO_loginusuario"), G_Usuario): Text 'saraadmin' is set on object 'Object Repository/3-OBJECTS UTILIDADES/Login/input_USUARIO_loginusuario'

2023-04-10 09:13:23 - [MESSAGE][PASSED] - Text 'saraadmin' is set on object 'Object Repository/3-OBJECTS UTILIDADES/Login/input_USUARIO_loginusuario'

2023-04-10 09:13:23 - [TEST_STEP][PASSED] - setEncryptedText(findTestObject("3-OBJECTS UTILIDADES/Login/input_CLAVE_loginpassword"), "SlAwMcyRKqrwbnzhAs8HhT6NnI7sEyng"): Text ****** has been set on object 'Object Repository/3-OBJECTS UTILIDADES/Login/input_CLAVE_loginpassword'

2023-04-10 09:13:24 - [MESSAGE][PASSED] - Text ****** has been set on object 'Object Repository/3-OBJECTS UTILIDADES/Login/input_CLAVE_loginpassword'

2023-04-10 09:13:24 - [TEST_STEP][PASSED] - while (waitForElementClickable(findTestObject("3-OBJECTS UTILIDADES/Login/a_Ingresar"), 1)): Web element with id: 'Object Repository/3-OBJECTS UTILIDADES/Login/a_Ingresar' located by '//a[contains(text(),'Ingresar')]' not found

2023-04-10 09:13:27 - [MESSAGE][INFO] - Unable to find the element located by 'By.xpath: //a[contains(text(),'Ingresar')]'. Please recheck the objects properties to make sure the desired element is located. 

2023-04-10 09:13:27 - [MESSAGE][WARNING] - Web element with id: 'Object Repository/3-OBJECTS UTILIDADES/Login/a_Ingresar' located by '//a[contains(text(),'Ingresar')]' not found

2023-04-10 09:13:27 - [MESSAGE][PASSED] - Call Test Case 'Test Cases/0.1-Login' successfully

2023-04-10 09:13:27 - [TEST_STEP][PASSED] - waitForElementClickable(findTestObject("1-OBJECTS TAREAS PRINCIPALES/Modulo Actos Administrativos/Modulo Viáticos/Reporte Entidades Liquidadas/input_ADMINISTRADOR DEL SISTEMA - SARA_form_templatej_idt24_input"), 0): Object 'Object Repository/1-OBJECTS TAREAS PRINCIPALES/Modulo Actos Administrativos/Modulo Viáticos/Reporte Entidades Liquidadas/input_ADMINISTRADOR DEL SISTEMA - SARA_form_templatej_idt24_input' is clickable

2023-04-10 09:13:27 - [MESSAGE][WARNING] - Timeout '0' is invalid. Using default page load timeout: '37'

2023-04-10 09:13:27 - [MESSAGE][PASSED] - Object 'Object Repository/1-OBJECTS TAREAS PRINCIPALES/Modulo Actos Administrativos/Modulo Viáticos/Reporte Entidades Liquidadas/input_ADMINISTRADOR DEL SISTEMA - SARA_form_templatej_idt24_input' is clickable

2023-04-10 09:13:27 - [TEST_STEP][PASSED] - setText(findTestObject("1-OBJECTS TAREAS PRINCIPALES/Modulo Actos Administrativos/Modulo Viáticos/Reporte Entidades Liquidadas/input_ADMINISTRADOR DEL SISTEMA - SARA_form_templatej_idt24_input"), "generacion Entidad Pago Viaticos"): Text 'generacion Entidad Pago Viaticos' is set on object 'Object Repository/1-OBJECTS TAREAS PRINCIPALES/Modulo Actos Administrativos/Modulo Viáticos/Reporte Entidades Liquidadas/input_ADMINISTRADOR DEL SISTEMA - SARA_form_templatej_idt24_input'

2023-04-10 09:13:28 - [MESSAGE][PASSED] - Text 'generacion Entidad Pago Viaticos' is set on object 'Object Repository/1-OBJECTS TAREAS PRINCIPALES/Modulo Actos Administrativos/Modulo Viáticos/Reporte Entidades Liquidadas/input_ADMINISTRADOR DEL SISTEMA - SARA_form_templatej_idt24_input'

2023-04-10 09:13:28 - [TEST_STEP][PASSED] - waitForElementClickable(findTestObject("1-OBJECTS TAREAS PRINCIPALES/Modulo Actos Administrativos/Modulo Viáticos/Reporte Entidades Liquidadas/li_Listado de Viaticos (act)"), 0): Object 'Object Repository/1-OBJECTS TAREAS PRINCIPALES/Modulo Actos Administrativos/Modulo Viáticos/Reporte Entidades Liquidadas/li_Listado de Viaticos (act)' is clickable

2023-04-10 09:13:28 - [MESSAGE][WARNING] - Timeout '0' is invalid. Using default page load timeout: '37'

2023-04-10 09:13:29 - [MESSAGE][PASSED] - Object 'Object Repository/1-OBJECTS TAREAS PRINCIPALES/Modulo Actos Administrativos/Modulo Viáticos/Reporte Entidades Liquidadas/li_Listado de Viaticos (act)' is clickable

2023-04-10 09:13:29 - [TEST_STEP][PASSED] - sendKeys(findTestObject("1-OBJECTS TAREAS PRINCIPALES/Modulo Actos Administrativos/Modulo Viáticos/Reporte Entidades Liquidadas/input_ADMINISTRADOR DEL SISTEMA - SARA_form_templatej_idt24_input"), Keys.chord(ENTER)): Keys 'ENTER + ' sent to object: 'Object Repository/1-OBJECTS TAREAS PRINCIPALES/Modulo Actos Administrativos/Modulo Viáticos/Reporte Entidades Liquidadas/input_ADMINISTRADOR DEL SISTEMA - SARA_form_templatej_idt24_input'

2023-04-10 09:13:30 - [MESSAGE][PASSED] - Keys 'ENTER + ' sent to object: 'Object Repository/1-OBJECTS TAREAS PRINCIPALES/Modulo Actos Administrativos/Modulo Viáticos/Reporte Entidades Liquidadas/input_ADMINISTRADOR DEL SISTEMA - SARA_form_templatej_idt24_input'

2023-04-10 09:13:30 - [TEST_STEP][PASSED] - click(findTestObject("1-OBJECTS TAREAS PRINCIPALES/Modulo Actos Administrativos/Modulo Viáticos/Reporte Entidades Liquidadas/a_Traer")): Object: 'Object Repository/1-OBJECTS TAREAS PRINCIPALES/Modulo Actos Administrativos/Modulo Viáticos/Reporte Entidades Liquidadas/a_Traer' is clicked on

2023-04-10 09:13:31 - [MESSAGE][PASSED] - Object: 'Object Repository/1-OBJECTS TAREAS PRINCIPALES/Modulo Actos Administrativos/Modulo Viáticos/Reporte Entidades Liquidadas/a_Traer' is clicked on

2023-04-10 09:13:31 - [TEST_STEP][PASSED] - waitForElementClickable(findTestObject("1-OBJECTS TAREAS PRINCIPALES/Modulo Actos Administrativos/Modulo Viáticos/Reporte Entidades Liquidadas/label_Viaticos2"), 0): Object 'Object Repository/1-OBJECTS TAREAS PRINCIPALES/Modulo Actos Administrativos/Modulo Viáticos/Reporte Entidades Liquidadas/label_Viaticos2' is clickable

2023-04-10 09:13:31 - [MESSAGE][WARNING] - Timeout '0' is invalid. Using default page load timeout: '37'

2023-04-10 09:13:32 - [MESSAGE][PASSED] - Object 'Object Repository/1-OBJECTS TAREAS PRINCIPALES/Modulo Actos Administrativos/Modulo Viáticos/Reporte Entidades Liquidadas/label_Viaticos2' is clickable

2023-04-10 09:13:32 - [TEST_STEP][PASSED] - click(findTestObject("1-OBJECTS TAREAS PRINCIPALES/Modulo Actos Administrativos/Modulo Viáticos/Reporte Entidades Liquidadas/label_Viaticos2")): Object: 'Object Repository/1-OBJECTS TAREAS PRINCIPALES/Modulo Actos Administrativos/Modulo Viáticos/Reporte Entidades Liquidadas/label_Viaticos2' is clicked on

2023-04-10 09:13:32 - [MESSAGE][PASSED] - Object: 'Object Repository/1-OBJECTS TAREAS PRINCIPALES/Modulo Actos Administrativos/Modulo Viáticos/Reporte Entidades Liquidadas/label_Viaticos2' is clicked on

2023-04-10 09:13:32 - [TEST_STEP][PASSED] - setText(findTestObject("1-OBJECTS TAREAS PRINCIPALES/Modulo Actos Administrativos/Modulo Viáticos/Reporte Entidades Liquidadas/input_Fecha_form_viaticos2"), "01/07/2021"): Text '01/07/2021' is set on object 'Object Repository/1-OBJECTS TAREAS PRINCIPALES/Modulo Actos Administrativos/Modulo Viáticos/Reporte Entidades Liquidadas/input_Fecha_form_viaticos2'

2023-04-10 09:13:33 - [MESSAGE][PASSED] - Text '01/07/2021' is set on object 'Object Repository/1-OBJECTS TAREAS PRINCIPALES/Modulo Actos Administrativos/Modulo Viáticos/Reporte Entidades Liquidadas/input_Fecha_form_viaticos2'

2023-04-10 09:13:33 - [TEST_STEP][PASSED] - click(findTestObject("1-OBJECTS TAREAS PRINCIPALES/Modulo Actos Administrativos/Modulo Viáticos/Reporte Entidades Liquidadas/a_Aplicar_viaticos2")): Object: 'Object Repository/1-OBJECTS TAREAS PRINCIPALES/Modulo Actos Administrativos/Modulo Viáticos/Reporte Entidades Liquidadas/a_Aplicar_viaticos2' is clicked on

2023-04-10 09:13:34 - [MESSAGE][PASSED] - Object: 'Object Repository/1-OBJECTS TAREAS PRINCIPALES/Modulo Actos Administrativos/Modulo Viáticos/Reporte Entidades Liquidadas/a_Aplicar_viaticos2' is clicked on

2023-04-10 09:13:34 - [TEST_STEP][PASSED] - waitForElementClickable(findTestObject("1-OBJECTS TAREAS PRINCIPALES/Modulo Actos Administrativos/Modulo Viáticos/Reporte Entidades Liquidadas/span_Medicina Prepagada Colsanitas"), 0): Object 'Object Repository/1-OBJECTS TAREAS PRINCIPALES/Modulo Actos Administrativos/Modulo Viáticos/Reporte Entidades Liquidadas/span_Medicina Prepagada Colsanitas' is clickable

2023-04-10 09:13:34 - [MESSAGE][WARNING] - Timeout '0' is invalid. Using default page load timeout: '37'

2023-04-10 09:13:34 - [MESSAGE][PASSED] - Object 'Object Repository/1-OBJECTS TAREAS PRINCIPALES/Modulo Actos Administrativos/Modulo Viáticos/Reporte Entidades Liquidadas/span_Medicina Prepagada Colsanitas' is clickable

2023-04-10 09:13:34 - [TEST_STEP][PASSED] - click(findTestObject("1-OBJECTS TAREAS PRINCIPALES/Modulo Actos Administrativos/Modulo Viáticos/Reporte Entidades Liquidadas/div_Sucursal_ui-chkbox-box ui-widget ui-corner-all ui-state-default")): Object: 'Object Repository/1-OBJECTS TAREAS PRINCIPALES/Modulo Actos Administrativos/Modulo Viáticos/Reporte Entidades Liquidadas/div_Sucursal_ui-chkbox-box ui-widget ui-corner-all ui-state-default' is clicked on

2023-04-10 09:13:35 - [MESSAGE][PASSED] - Object: 'Object Repository/1-OBJECTS TAREAS PRINCIPALES/Modulo Actos Administrativos/Modulo Viáticos/Reporte Entidades Liquidadas/div_Sucursal_ui-chkbox-box ui-widget ui-corner-all ui-state-default' is clicked on

2023-04-10 09:13:35 - [TEST_STEP][PASSED] - click(findTestObject("1-OBJECTS TAREAS PRINCIPALES/Modulo Actos Administrativos/Modulo Viáticos/Reporte Entidades Liquidadas/a_Liquidar")): Object: 'Object Repository/1-OBJECTS TAREAS PRINCIPALES/Modulo Actos Administrativos/Modulo Viáticos/Reporte Entidades Liquidadas/a_Liquidar' is clicked on

2023-04-10 09:13:35 - [MESSAGE][PASSED] - Object: 'Object Repository/1-OBJECTS TAREAS PRINCIPALES/Modulo Actos Administrativos/Modulo Viáticos/Reporte Entidades Liquidadas/a_Liquidar' is clicked on

2023-04-10 09:13:35 - [TEST_STEP][PASSED] - waitForElementClickable(findTestObject("1-OBJECTS TAREAS PRINCIPALES/Modulo Actos Administrativos/Modulo Viáticos/Reporte Entidades Liquidadas/a_Aceptar_Liquidar"), 0): Object 'Object Repository/1-OBJECTS TAREAS PRINCIPALES/Modulo Actos Administrativos/Modulo Viáticos/Reporte Entidades Liquidadas/a_Aceptar_Liquidar' is clickable

2023-04-10 09:13:35 - [MESSAGE][WARNING] - Timeout '0' is invalid. Using default page load timeout: '37'

2023-04-10 09:13:36 - [MESSAGE][PASSED] - Object 'Object Repository/1-OBJECTS TAREAS PRINCIPALES/Modulo Actos Administrativos/Modulo Viáticos/Reporte Entidades Liquidadas/a_Aceptar_Liquidar' is clickable

2023-04-10 09:13:36 - [TEST_STEP][PASSED] - click(findTestObject("1-OBJECTS TAREAS PRINCIPALES/Modulo Actos Administrativos/Modulo Viáticos/Reporte Entidades Liquidadas/a_Aceptar_Liquidar")): Object: 'Object Repository/1-OBJECTS TAREAS PRINCIPALES/Modulo Actos Administrativos/Modulo Viáticos/Reporte Entidades Liquidadas/a_Aceptar_Liquidar' is clicked on

2023-04-10 09:13:36 - [MESSAGE][PASSED] - Object: 'Object Repository/1-OBJECTS TAREAS PRINCIPALES/Modulo Actos Administrativos/Modulo Viáticos/Reporte Entidades Liquidadas/a_Aceptar_Liquidar' is clicked on

2023-04-10 09:13:36 - [TEST_STEP][PASSED] - waitForElementClickable(findTestObject("1-OBJECTS TAREAS PRINCIPALES/Modulo Actos Administrativos/Modulo Viáticos/Reporte Entidades Liquidadas/a_Continuar"), 0): Object 'Object Repository/1-OBJECTS TAREAS PRINCIPALES/Modulo Actos Administrativos/Modulo Viáticos/Reporte Entidades Liquidadas/a_Continuar' is clickable

2023-04-10 09:13:36 - [MESSAGE][WARNING] - Timeout '0' is invalid. Using default page load timeout: '37'

2023-04-10 09:13:40 - [MESSAGE][PASSED] - Object 'Object Repository/1-OBJECTS TAREAS PRINCIPALES/Modulo Actos Administrativos/Modulo Viáticos/Reporte Entidades Liquidadas/a_Continuar' is clickable

2023-04-10 09:13:40 - [TEST_STEP][PASSED] - click(findTestObject("1-OBJECTS TAREAS PRINCIPALES/Modulo Actos Administrativos/Modulo Viáticos/Reporte Entidades Liquidadas/a_Continuar")): Object: 'Object Repository/1-OBJECTS TAREAS PRINCIPALES/Modulo Actos Administrativos/Modulo Viáticos/Reporte Entidades Liquidadas/a_Continuar' is clicked on

2023-04-10 09:13:40 - [MESSAGE][PASSED] - Object: 'Object Repository/1-OBJECTS TAREAS PRINCIPALES/Modulo Actos Administrativos/Modulo Viáticos/Reporte Entidades Liquidadas/a_Continuar' is clicked on

2023-04-10 09:13:40 - [TEST_STEP][PASSED] - waitForElementClickable(findTestObject("1-OBJECTS TAREAS PRINCIPALES/Modulo Actos Administrativos/Modulo Viáticos/Reporte Entidades Liquidadas/a_Imprimir"), 0): Object 'Object Repository/1-OBJECTS TAREAS PRINCIPALES/Modulo Actos Administrativos/Modulo Viáticos/Reporte Entidades Liquidadas/a_Imprimir' is clickable

2023-04-10 09:13:40 - [MESSAGE][WARNING] - Timeout '0' is invalid. Using default page load timeout: '37'

2023-04-10 09:13:41 - [MESSAGE][PASSED] - Object 'Object Repository/1-OBJECTS TAREAS PRINCIPALES/Modulo Actos Administrativos/Modulo Viáticos/Reporte Entidades Liquidadas/a_Imprimir' is clickable

2023-04-10 09:13:41 - [TEST_STEP][PASSED] - click(findTestObject("1-OBJECTS TAREAS PRINCIPALES/Modulo Actos Administrativos/Modulo Viáticos/Reporte Entidades Liquidadas/a_Imprimir")): Object: 'Object Repository/1-OBJECTS TAREAS PRINCIPALES/Modulo Actos Administrativos/Modulo Viáticos/Reporte Entidades Liquidadas/a_Imprimir' is clicked on

2023-04-10 09:13:42 - [MESSAGE][PASSED] - Object: 'Object Repository/1-OBJECTS TAREAS PRINCIPALES/Modulo Actos Administrativos/Modulo Viáticos/Reporte Entidades Liquidadas/a_Imprimir' is clicked on

2023-04-10 09:13:42 - [TEST_STEP][PASSED] - waitForElementClickable(findTestObject("1-OBJECTS TAREAS PRINCIPALES/Modulo Actos Administrativos/Modulo Viáticos/Reporte Entidades Liquidadas/label_Csv_informe"), 0): Object 'Object Repository/1-OBJECTS TAREAS PRINCIPALES/Modulo Actos Administrativos/Modulo Viáticos/Reporte Entidades Liquidadas/label_Csv_informe' is clickable

2023-04-10 09:13:42 - [MESSAGE][WARNING] - Timeout '0' is invalid. Using default page load timeout: '37'

2023-04-10 09:13:42 - [MESSAGE][PASSED] - Object 'Object Repository/1-OBJECTS TAREAS PRINCIPALES/Modulo Actos Administrativos/Modulo Viáticos/Reporte Entidades Liquidadas/label_Csv_informe' is clickable

2023-04-10 09:13:42 - [TEST_STEP][PASSED] - click(findTestObject("1-OBJECTS TAREAS PRINCIPALES/Modulo Actos Administrativos/Modulo Viáticos/Reporte Entidades Liquidadas/label_Csv_informe")): Object: 'Object Repository/1-OBJECTS TAREAS PRINCIPALES/Modulo Actos Administrativos/Modulo Viáticos/Reporte Entidades Liquidadas/label_Csv_informe' is clicked on

2023-04-10 09:13:43 - [MESSAGE][PASSED] - Object: 'Object Repository/1-OBJECTS TAREAS PRINCIPALES/Modulo Actos Administrativos/Modulo Viáticos/Reporte Entidades Liquidadas/label_Csv_informe' is clicked on

2023-04-10 09:13:43 - [TEST_STEP][PASSED] - waitForElementClickable(findTestObject("1-OBJECTS TAREAS PRINCIPALES/Modulo Actos Administrativos/Modulo Viáticos/Reporte Entidades Liquidadas/a_Generar_Reporte"), 0): Object 'Object Repository/1-OBJECTS TAREAS PRINCIPALES/Modulo Actos Administrativos/Modulo Viáticos/Reporte Entidades Liquidadas/a_Generar_Reporte' is clickable

2023-04-10 09:13:43 - [MESSAGE][WARNING] - Timeout '0' is invalid. Using default page load timeout: '37'

2023-04-10 09:13:43 - [MESSAGE][PASSED] - Object 'Object Repository/1-OBJECTS TAREAS PRINCIPALES/Modulo Actos Administrativos/Modulo Viáticos/Reporte Entidades Liquidadas/a_Generar_Reporte' is clickable

2023-04-10 09:13:43 - [TEST_STEP][PASSED] - click(findTestObject("1-OBJECTS TAREAS PRINCIPALES/Modulo Actos Administrativos/Modulo Viáticos/Reporte Entidades Liquidadas/a_Generar_Reporte")): Object: 'Object Repository/1-OBJECTS TAREAS PRINCIPALES/Modulo Actos Administrativos/Modulo Viáticos/Reporte Entidades Liquidadas/a_Generar_Reporte' is clicked on

2023-04-10 09:13:44 - [MESSAGE][PASSED] - Object: 'Object Repository/1-OBJECTS TAREAS PRINCIPALES/Modulo Actos Administrativos/Modulo Viáticos/Reporte Entidades Liquidadas/a_Generar_Reporte' is clicked on

2023-04-10 09:13:44 - [TEST_STEP][PASSED] - click(findTestObject("1-OBJECTS TAREAS PRINCIPALES/Modulo Actos Administrativos/Modulo Viáticos/Reporte Entidades Liquidadas/a_Descargar_reporte medicina prepagada colsanitas")): Object: 'Object Repository/1-OBJECTS TAREAS PRINCIPALES/Modulo Actos Administrativos/Modulo Viáticos/Reporte Entidades Liquidadas/a_Descargar_reporte medicina prepagada colsanitas' is clicked on

2023-04-10 09:13:45 - [MESSAGE][PASSED] - Object: 'Object Repository/1-OBJECTS TAREAS PRINCIPALES/Modulo Actos Administrativos/Modulo Viáticos/Reporte Entidades Liquidadas/a_Descargar_reporte medicina prepagada colsanitas' is clicked on

2023-04-10 09:13:45 - [TEST_STEP][PASSED] - waitForElementClickable(findTestObject("1-OBJECTS TAREAS PRINCIPALES/Modulo Actos Administrativos/Modulo Viáticos/Reporte Entidades Liquidadas/span_Fecha_ui-icon ui-icon-closethick"), 0): Object 'Object Repository/1-OBJECTS TAREAS PRINCIPALES/Modulo Actos Administrativos/Modulo Viáticos/Reporte Entidades Liquidadas/span_Fecha_ui-icon ui-icon-closethick' is clickable

2023-04-10 09:13:45 - [MESSAGE][WARNING] - Timeout '0' is invalid. Using default page load timeout: '37'

2023-04-10 09:13:45 - [MESSAGE][PASSED] - Object 'Object Repository/1-OBJECTS TAREAS PRINCIPALES/Modulo Actos Administrativos/Modulo Viáticos/Reporte Entidades Liquidadas/span_Fecha_ui-icon ui-icon-closethick' is clickable

2023-04-10 09:13:45 - [TEST_STEP][PASSED] - click(findTestObject("1-OBJECTS TAREAS PRINCIPALES/Modulo Actos Administrativos/Modulo Viáticos/Reporte Entidades Liquidadas/span_Fecha_ui-icon ui-icon-closethick")): Object: 'Object Repository/1-OBJECTS TAREAS PRINCIPALES/Modulo Actos Administrativos/Modulo Viáticos/Reporte Entidades Liquidadas/span_Fecha_ui-icon ui-icon-closethick' is clicked on

2023-04-10 09:13:45 - [MESSAGE][PASSED] - Object: 'Object Repository/1-OBJECTS TAREAS PRINCIPALES/Modulo Actos Administrativos/Modulo Viáticos/Reporte Entidades Liquidadas/span_Fecha_ui-icon ui-icon-closethick' is clicked on

2023-04-10 09:13:45 - [TEST_STEP][PASSED] - click(findTestObject("1-OBJECTS TAREAS PRINCIPALES/Modulo Actos Administrativos/Modulo Viáticos/Reporte Entidades Liquidadas/a_Reversar_viaticos")): Object: 'Object Repository/1-OBJECTS TAREAS PRINCIPALES/Modulo Actos Administrativos/Modulo Viáticos/Reporte Entidades Liquidadas/a_Reversar_viaticos' is clicked on

2023-04-10 09:13:46 - [MESSAGE][PASSED] - Object: 'Object Repository/1-OBJECTS TAREAS PRINCIPALES/Modulo Actos Administrativos/Modulo Viáticos/Reporte Entidades Liquidadas/a_Reversar_viaticos' is clicked on

2023-04-10 09:13:46 - [TEST_STEP][PASSED] - click(findTestObject("1-OBJECTS TAREAS PRINCIPALES/Modulo Actos Administrativos/Modulo Viáticos/Reporte Entidades Liquidadas/a_Aceptar_viaticos")): Object: 'Object Repository/1-OBJECTS TAREAS PRINCIPALES/Modulo Actos Administrativos/Modulo Viáticos/Reporte Entidades Liquidadas/a_Aceptar_viaticos' is clicked on

2023-04-10 09:13:47 - [MESSAGE][PASSED] - Object: 'Object Repository/1-OBJECTS TAREAS PRINCIPALES/Modulo Actos Administrativos/Modulo Viáticos/Reporte Entidades Liquidadas/a_Aceptar_viaticos' is clicked on

2023-04-10 09:13:47 - [TEST_STEP][PASSED] - Result = getText(findTestObject("3-OBJECTS UTILIDADES/Alerta/Alerta")): Text of object 'Object Repository/3-OBJECTS UTILIDADES/Alerta/Alerta' is: 'Reversión Satisfactoria'

2023-04-10 09:13:47 - [MESSAGE][PASSED] - Text of object 'Object Repository/3-OBJECTS UTILIDADES/Alerta/Alerta' is: 'Reversión Satisfactoria'

2023-04-10 09:13:47 - [TEST_STEP][PASSED] - RutaA = Systema(): null

2023-04-10 09:13:47 - [TEST_STEP][PASSED] - RutaA = System.getProperty("os.name"): null

2023-04-10 09:13:47 - [TEST_STEP][PASSED] - if (RutaA == "Windows 10"): null

2023-04-10 09:13:47 - [TEST_STEP][PASSED] - rutaW = System.getProperty("user.home") + "/Downloads/": null

2023-04-10 09:13:47 - [TEST_STEP][PASSED] - rutaW = rutaW.replace("/", "\"): null

2023-04-10 09:13:47 - [TEST_STEP][PASSED] - println("ESTA ES LA RUTA" + rutaW): null

2023-04-10 09:13:47 - [TEST_STEP][PASSED] - RutaA = rutaW: null

2023-04-10 09:13:47 - [TEST_STEP][PASSED] - rutaA = RutaA: null

2023-04-10 09:13:47 - [TEST_STEP][PASSED] - println(rutaA): null

2023-04-10 09:13:47 - [TEST_STEP][PASSED] - Archivo = "Reporte_Entidad_Pago.csv": null

2023-04-10 09:13:47 - [TEST_STEP][PASSED] - out.println(rutaA): null

2023-04-10 09:13:47 - [TEST_STEP][PASSED] - Assert.assertTrue(archivoDescargado(rutaA, Archivo)): null

2023-04-10 09:13:47 - [TEST_STEP][PASSED] - dir = new java.io.File(RutaA): null

2023-04-10 09:13:47 - [TEST_STEP][PASSED] - dirContenidos = dir.listFiles(): null

2023-04-10 09:13:47 - [TEST_STEP][PASSED] - R = "": null

2023-04-10 09:13:47 - [TEST_STEP][PASSED] - out.println(dirContenidos): null

2023-04-10 09:13:47 - [TEST_STEP][PASSED] - for ([i = 0, i < length, (i++)]): null

2023-04-10 09:13:47 - [TEST_STEP][PASSED] - if (getName().equals(Archivo)): null

2023-04-10 09:13:47 - [TEST_STEP][PASSED] - if (getName().equals(Archivo)): null

2023-04-10 09:13:47 - [TEST_STEP][PASSED] - if (getName().equals(Archivo)): null

2023-04-10 09:13:47 - [TEST_STEP][PASSED] - if (dirContenidos[i].isFile()): null

2023-04-10 09:13:47 - [TEST_STEP][PASSED] - dirContenidos[i].delete(): null

2023-04-10 09:13:47 - [TEST_STEP][PASSED] - ResultF = "prueba ok": null

2023-04-10 09:13:47 - [TEST_STEP][PASSED] - out.println(R): null

2023-04-10 09:13:47 - [TEST_STEP][PASSED] - closeBrowser(): Browser is closed

2023-04-10 09:13:48 - [MESSAGE][PASSED] - Browser is closed

2023-04-10 09:13:48 - [TEST_STEP][PASSED] - return true: null]]></system-out>
         <system-err><![CDATA[]]></system-err>
      </testcase>
      <testcase name="Test Cases/1.1-Tareas Principales/1.6.4 Derogación Viático" time="19.887" classname="Test Cases/1.1-Tareas Principales/1.6.4 Derogación Viático" status="PASSED">
         <system-out><![CDATA[2023-04-10 09:13:48 - [TEST_CASE][PASSED] - Test Cases/1.1-Tareas Principales/1.6.4 Derogación Viático: Test Cases/1.1-Tareas Principales/1.6.4 Derogación Viático

2023-04-10 09:13:48 - [TEST_STEP][PASSED] - callTestCase(findTestCase("0.1-Login"), [:], STOP_ON_FAILURE): Call Test Case 'Test Cases/0.1-Login' successfully

2023-04-10 09:13:48 - [TEST_CASE][PASSED] - Test Cases/0.1-Login: Test Cases/0.1-Login

2023-04-10 09:13:48 - [TEST_STEP][PASSED] - openBrowser(""): Browser is opened with url: ''

2023-04-10 09:13:48 - [MESSAGE][INFO] - Starting 'Chrome' driver

2023-04-10 09:13:48 - [MESSAGE][INFO] - Action delay is set to 0 milliseconds

2023-04-10 09:13:50 - [MESSAGE][PASSED] - Browser is opened with url: ''

2023-04-10 09:13:50 - [TEST_STEP][PASSED] - maximizeWindow(): Current window maximized

2023-04-10 09:13:50 - [MESSAGE][PASSED] - Current window maximized

2023-04-10 09:13:50 - [TEST_STEP][PASSED] - i = G_Login: null

2023-04-10 09:13:50 - [TEST_STEP][PASSED] - url = new java.net.URL(i): null

2023-04-10 09:13:50 - [TEST_STEP][PASSED] - println("URL: " + url.toString()): null

2023-04-10 09:13:50 - [TEST_STEP][PASSED] - connection = url.openConnection(): null

2023-04-10 09:13:50 - [TEST_STEP][PASSED] - connection.setRequestMethod("GET"): null

2023-04-10 09:13:50 - [TEST_STEP][PASSED] - connection.setReadTimeout(2 * 1000): null

2023-04-10 09:13:50 - [TEST_STEP][PASSED] - try: null

2023-04-10 09:13:50 - [TEST_STEP][PASSED] - connection.connect(): null

2023-04-10 09:13:50 - [TEST_STEP][PASSED] - flag = connected: null

2023-04-10 09:13:50 - [TEST_STEP][PASSED] - println("Valor_ori: " + flag): null

2023-04-10 09:13:50 - [TEST_STEP][PASSED] - if (flag): null

2023-04-10 09:13:50 - [TEST_STEP][PASSED] - navigateToUrl(i): Navigate to 'http://192.168.2.19:8380/saraweb' successfully

2023-04-10 09:13:50 - [MESSAGE][PASSED] - Navigate to 'http://192.168.2.19:8380/saraweb' successfully

2023-04-10 09:13:50 - [TEST_STEP][PASSED] - a(): null

2023-04-10 09:13:50 - [TEST_STEP][PASSED] - if (waitForElementVisible(findTestObject("3-OBJECTS UTILIDADES/Login/input_USUARIO_loginusuario"), 0)): null

2023-04-10 09:13:50 - [MESSAGE][WARNING] - Timeout '0' is invalid. Using default page load timeout: '37'

2023-04-10 09:13:51 - [MESSAGE][PASSED] - Object 'Object Repository/3-OBJECTS UTILIDADES/Login/input_USUARIO_loginusuario' is visible

2023-04-10 09:13:51 - [TEST_STEP][PASSED] - switchToWindowTitle("SARA"): Switched to window with title: 'SARA'

2023-04-10 09:13:51 - [MESSAGE][PASSED] - Switched to window with title: 'SARA'

2023-04-10 09:13:51 - [TEST_STEP][PASSED] - zoom(): null

2023-04-10 09:13:51 - [TEST_STEP][PASSED] - robot = new java.awt.Robot(): null

2023-04-10 09:13:51 - [TEST_STEP][PASSED] - robot.keyPress(VK_CONTROL): null

2023-04-10 09:13:51 - [TEST_STEP][PASSED] - robot.keyPress(VK_SUBTRACT): null

2023-04-10 09:13:51 - [TEST_STEP][PASSED] - robot.keyRelease(VK_CONTROL): null

2023-04-10 09:13:51 - [TEST_STEP][PASSED] - robot.keyRelease(VK_SUBTRACT): null

2023-04-10 09:13:51 - [TEST_STEP][PASSED] - robot.keyPress(VK_CONTROL): null

2023-04-10 09:13:51 - [TEST_STEP][PASSED] - robot.keyPress(VK_SUBTRACT): null

2023-04-10 09:13:51 - [TEST_STEP][PASSED] - robot.keyRelease(VK_CONTROL): null

2023-04-10 09:13:51 - [TEST_STEP][PASSED] - robot.keyRelease(VK_SUBTRACT): null

2023-04-10 09:13:51 - [TEST_STEP][PASSED] - robot.keyPress(VK_CONTROL): null

2023-04-10 09:13:51 - [TEST_STEP][PASSED] - robot.keyPress(VK_SUBTRACT): null

2023-04-10 09:13:51 - [TEST_STEP][PASSED] - robot.keyRelease(VK_CONTROL): null

2023-04-10 09:13:51 - [TEST_STEP][PASSED] - robot.keyRelease(VK_SUBTRACT): null

2023-04-10 09:13:51 - [TEST_STEP][PASSED] - robot.keyRelease(VK_CONTROL): null

2023-04-10 09:13:51 - [TEST_STEP][PASSED] - robot.keyRelease(VK_SUBTRACT): null

2023-04-10 09:13:51 - [TEST_STEP][PASSED] - setText(findTestObject("3-OBJECTS UTILIDADES/Login/input_USUARIO_loginusuario"), G_Usuario): Text 'saraadmin' is set on object 'Object Repository/3-OBJECTS UTILIDADES/Login/input_USUARIO_loginusuario'

2023-04-10 09:13:52 - [MESSAGE][PASSED] - Text 'saraadmin' is set on object 'Object Repository/3-OBJECTS UTILIDADES/Login/input_USUARIO_loginusuario'

2023-04-10 09:13:52 - [TEST_STEP][PASSED] - setEncryptedText(findTestObject("3-OBJECTS UTILIDADES/Login/input_CLAVE_loginpassword"), "SlAwMcyRKqrwbnzhAs8HhT6NnI7sEyng"): Text ****** has been set on object 'Object Repository/3-OBJECTS UTILIDADES/Login/input_CLAVE_loginpassword'

2023-04-10 09:13:53 - [MESSAGE][PASSED] - Text ****** has been set on object 'Object Repository/3-OBJECTS UTILIDADES/Login/input_CLAVE_loginpassword'

2023-04-10 09:13:53 - [TEST_STEP][PASSED] - while (waitForElementClickable(findTestObject("3-OBJECTS UTILIDADES/Login/a_Ingresar"), 1)): Web element with id: 'Object Repository/3-OBJECTS UTILIDADES/Login/a_Ingresar' located by '//a[contains(text(),'Ingresar')]' not found

2023-04-10 09:13:56 - [MESSAGE][INFO] - Unable to find the element located by 'By.xpath: //a[contains(text(),'Ingresar')]'. Please recheck the objects properties to make sure the desired element is located. 

2023-04-10 09:13:56 - [MESSAGE][WARNING] - Web element with id: 'Object Repository/3-OBJECTS UTILIDADES/Login/a_Ingresar' located by '//a[contains(text(),'Ingresar')]' not found

2023-04-10 09:13:56 - [MESSAGE][PASSED] - Call Test Case 'Test Cases/0.1-Login' successfully

2023-04-10 09:13:56 - [TEST_STEP][PASSED] - waitForElementClickable(findTestObject("1-OBJECTS TAREAS PRINCIPALES/Modulo Actos Administrativos/Modulo Viáticos/Derrogacion viatico/input_ADMINISTRADOR DEL SISTEMA - SARA_form_templatej_idt24_input"), 0): Object 'Object Repository/1-OBJECTS TAREAS PRINCIPALES/Modulo Actos Administrativos/Modulo Viáticos/Derrogacion viatico/input_ADMINISTRADOR DEL SISTEMA - SARA_form_templatej_idt24_input' is clickable

2023-04-10 09:13:56 - [MESSAGE][WARNING] - Timeout '0' is invalid. Using default page load timeout: '37'

2023-04-10 09:13:56 - [MESSAGE][PASSED] - Object 'Object Repository/1-OBJECTS TAREAS PRINCIPALES/Modulo Actos Administrativos/Modulo Viáticos/Derrogacion viatico/input_ADMINISTRADOR DEL SISTEMA - SARA_form_templatej_idt24_input' is clickable

2023-04-10 09:13:56 - [TEST_STEP][PASSED] - setText(findTestObject("1-OBJECTS TAREAS PRINCIPALES/Modulo Actos Administrativos/Modulo Viáticos/Derrogacion viatico/input_ADMINISTRADOR DEL SISTEMA - SARA_form_templatej_idt24_input"), "listado de viaticos"): Text 'listado de viaticos' is set on object 'Object Repository/1-OBJECTS TAREAS PRINCIPALES/Modulo Actos Administrativos/Modulo Viáticos/Derrogacion viatico/input_ADMINISTRADOR DEL SISTEMA - SARA_form_templatej_idt24_input'

2023-04-10 09:13:57 - [MESSAGE][PASSED] - Text 'listado de viaticos' is set on object 'Object Repository/1-OBJECTS TAREAS PRINCIPALES/Modulo Actos Administrativos/Modulo Viáticos/Derrogacion viatico/input_ADMINISTRADOR DEL SISTEMA - SARA_form_templatej_idt24_input'

2023-04-10 09:13:57 - [TEST_STEP][PASSED] - waitForElementClickable(findTestObject("1-OBJECTS TAREAS PRINCIPALES/Modulo Actos Administrativos/Modulo Viáticos/Derrogacion viatico/li_Listado de Viaticos (act)"), 0): Object 'Object Repository/1-OBJECTS TAREAS PRINCIPALES/Modulo Actos Administrativos/Modulo Viáticos/Derrogacion viatico/li_Listado de Viaticos (act)' is clickable

2023-04-10 09:13:57 - [MESSAGE][WARNING] - Timeout '0' is invalid. Using default page load timeout: '37'

2023-04-10 09:13:58 - [MESSAGE][PASSED] - Object 'Object Repository/1-OBJECTS TAREAS PRINCIPALES/Modulo Actos Administrativos/Modulo Viáticos/Derrogacion viatico/li_Listado de Viaticos (act)' is clickable

2023-04-10 09:13:58 - [TEST_STEP][PASSED] - sendKeys(findTestObject("1-OBJECTS TAREAS PRINCIPALES/Modulo Actos Administrativos/Modulo Viáticos/Derrogacion viatico/input_ADMINISTRADOR DEL SISTEMA - SARA_form_templatej_idt24_input"), Keys.chord(ENTER)): Keys 'ENTER + ' sent to object: 'Object Repository/1-OBJECTS TAREAS PRINCIPALES/Modulo Actos Administrativos/Modulo Viáticos/Derrogacion viatico/input_ADMINISTRADOR DEL SISTEMA - SARA_form_templatej_idt24_input'

2023-04-10 09:13:59 - [MESSAGE][PASSED] - Keys 'ENTER + ' sent to object: 'Object Repository/1-OBJECTS TAREAS PRINCIPALES/Modulo Actos Administrativos/Modulo Viáticos/Derrogacion viatico/input_ADMINISTRADOR DEL SISTEMA - SARA_form_templatej_idt24_input'

2023-04-10 09:13:59 - [TEST_STEP][PASSED] - setText(findTestObject("1-OBJECTS TAREAS PRINCIPALES/Modulo Actos Administrativos/Modulo Viáticos/Crear viatico/input_Ao_form_listadoviaticosanio"), "2021"): Text '2021' is set on object 'Object Repository/1-OBJECTS TAREAS PRINCIPALES/Modulo Actos Administrativos/Modulo Viáticos/Crear viatico/input_Ao_form_listadoviaticosanio'

2023-04-10 09:14:01 - [MESSAGE][PASSED] - Text '2021' is set on object 'Object Repository/1-OBJECTS TAREAS PRINCIPALES/Modulo Actos Administrativos/Modulo Viáticos/Crear viatico/input_Ao_form_listadoviaticosanio'

2023-04-10 09:14:01 - [TEST_STEP][PASSED] - sendKeys(findTestObject("1-OBJECTS TAREAS PRINCIPALES/Modulo Actos Administrativos/Modulo Viáticos/Crear viatico/input_Ao_form_listadoviaticosanio"), Keys.chord(ENTER)): Keys 'ENTER + ' sent to object: 'Object Repository/1-OBJECTS TAREAS PRINCIPALES/Modulo Actos Administrativos/Modulo Viáticos/Crear viatico/input_Ao_form_listadoviaticosanio'

2023-04-10 09:14:01 - [MESSAGE][PASSED] - Keys 'ENTER + ' sent to object: 'Object Repository/1-OBJECTS TAREAS PRINCIPALES/Modulo Actos Administrativos/Modulo Viáticos/Crear viatico/input_Ao_form_listadoviaticosanio'

2023-04-10 09:14:01 - [TEST_STEP][PASSED] - click(findTestObject("1-OBJECTS TAREAS PRINCIPALES/Modulo Actos Administrativos/Modulo Viáticos/Derrogacion viatico/a_Nuevo")): Object: 'Object Repository/1-OBJECTS TAREAS PRINCIPALES/Modulo Actos Administrativos/Modulo Viáticos/Derrogacion viatico/a_Nuevo' is clicked on

2023-04-10 09:14:02 - [MESSAGE][PASSED] - Object: 'Object Repository/1-OBJECTS TAREAS PRINCIPALES/Modulo Actos Administrativos/Modulo Viáticos/Derrogacion viatico/a_Nuevo' is clicked on

2023-04-10 09:14:02 - [TEST_STEP][PASSED] - waitForElementClickable(findTestObject("1-OBJECTS TAREAS PRINCIPALES/Modulo Actos Administrativos/Modulo Viáticos/Derrogacion viatico/span_Solicita derogacin de una solicitud"), 0): Object 'Object Repository/1-OBJECTS TAREAS PRINCIPALES/Modulo Actos Administrativos/Modulo Viáticos/Derrogacion viatico/span_Solicita derogacin de una solicitud' is clickable

2023-04-10 09:14:02 - [MESSAGE][WARNING] - Timeout '0' is invalid. Using default page load timeout: '37'

2023-04-10 09:14:02 - [MESSAGE][PASSED] - Object 'Object Repository/1-OBJECTS TAREAS PRINCIPALES/Modulo Actos Administrativos/Modulo Viáticos/Derrogacion viatico/span_Solicita derogacin de una solicitud' is clickable

2023-04-10 09:14:02 - [TEST_STEP][PASSED] - click(findTestObject("1-OBJECTS TAREAS PRINCIPALES/Modulo Actos Administrativos/Modulo Viáticos/Derrogacion viatico/span_Solicita derogacin de una solicitud")): Object: 'Object Repository/1-OBJECTS TAREAS PRINCIPALES/Modulo Actos Administrativos/Modulo Viáticos/Derrogacion viatico/span_Solicita derogacin de una solicitud' is clicked on

2023-04-10 09:14:03 - [MESSAGE][PASSED] - Object: 'Object Repository/1-OBJECTS TAREAS PRINCIPALES/Modulo Actos Administrativos/Modulo Viáticos/Derrogacion viatico/span_Solicita derogacin de una solicitud' is clicked on

2023-04-10 09:14:03 - [TEST_STEP][PASSED] - waitForElementClickable(findTestObject("1-OBJECTS TAREAS PRINCIPALES/Modulo Actos Administrativos/Modulo Viáticos/Derrogacion viatico/input_Documento_form_listadoviaticosfechaViat_input"), 0): Object 'Object Repository/1-OBJECTS TAREAS PRINCIPALES/Modulo Actos Administrativos/Modulo Viáticos/Derrogacion viatico/input_Documento_form_listadoviaticosfechaViat_input' is clickable

2023-04-10 09:14:03 - [MESSAGE][WARNING] - Timeout '0' is invalid. Using default page load timeout: '37'

2023-04-10 09:14:03 - [MESSAGE][PASSED] - Object 'Object Repository/1-OBJECTS TAREAS PRINCIPALES/Modulo Actos Administrativos/Modulo Viáticos/Derrogacion viatico/input_Documento_form_listadoviaticosfechaViat_input' is clickable

2023-04-10 09:14:03 - [TEST_STEP][PASSED] - setText(findTestObject("1-OBJECTS TAREAS PRINCIPALES/Modulo Actos Administrativos/Modulo Viáticos/Derrogacion viatico/input_Documento_form_listadoviaticosfechaViat_input"), "01/07/2021"): Text '01/07/2021' is set on object 'Object Repository/1-OBJECTS TAREAS PRINCIPALES/Modulo Actos Administrativos/Modulo Viáticos/Derrogacion viatico/input_Documento_form_listadoviaticosfechaViat_input'

2023-04-10 09:14:04 - [MESSAGE][PASSED] - Text '01/07/2021' is set on object 'Object Repository/1-OBJECTS TAREAS PRINCIPALES/Modulo Actos Administrativos/Modulo Viáticos/Derrogacion viatico/input_Documento_form_listadoviaticosfechaViat_input'

2023-04-10 09:14:04 - [TEST_STEP][PASSED] - sendKeys(findTestObject("1-OBJECTS TAREAS PRINCIPALES/Modulo Actos Administrativos/Modulo Viáticos/Derrogacion viatico/input_Documento_form_listadoviaticosfechaViat_input"), Keys.chord(ENTER)): Keys 'ENTER + ' sent to object: 'Object Repository/1-OBJECTS TAREAS PRINCIPALES/Modulo Actos Administrativos/Modulo Viáticos/Derrogacion viatico/input_Documento_form_listadoviaticosfechaViat_input'

2023-04-10 09:14:05 - [MESSAGE][PASSED] - Keys 'ENTER + ' sent to object: 'Object Repository/1-OBJECTS TAREAS PRINCIPALES/Modulo Actos Administrativos/Modulo Viáticos/Derrogacion viatico/input_Documento_form_listadoviaticosfechaViat_input'

2023-04-10 09:14:05 - [TEST_STEP][PASSED] - sendKeys(findTestObject("1-OBJECTS TAREAS PRINCIPALES/Modulo Actos Administrativos/Modulo Viáticos/Derrogacion viatico/input_Documento_form_listadoviaticosfechaViat_input"), Keys.chord(ESCAPE)): Keys 'ESCAPE + ' sent to object: 'Object Repository/1-OBJECTS TAREAS PRINCIPALES/Modulo Actos Administrativos/Modulo Viáticos/Derrogacion viatico/input_Documento_form_listadoviaticosfechaViat_input'

2023-04-10 09:14:05 - [MESSAGE][PASSED] - Keys 'ESCAPE + ' sent to object: 'Object Repository/1-OBJECTS TAREAS PRINCIPALES/Modulo Actos Administrativos/Modulo Viáticos/Derrogacion viatico/input_Documento_form_listadoviaticosfechaViat_input'

2023-04-10 09:14:05 - [TEST_STEP][PASSED] - waitForElementClickable(findTestObject("1-OBJECTS TAREAS PRINCIPALES/Modulo Actos Administrativos/Modulo Viáticos/Derrogacion viatico/td_01072021"), 0): Object 'Object Repository/1-OBJECTS TAREAS PRINCIPALES/Modulo Actos Administrativos/Modulo Viáticos/Derrogacion viatico/td_01072021' is clickable

2023-04-10 09:14:05 - [MESSAGE][WARNING] - Timeout '0' is invalid. Using default page load timeout: '37'

2023-04-10 09:14:06 - [MESSAGE][PASSED] - Object 'Object Repository/1-OBJECTS TAREAS PRINCIPALES/Modulo Actos Administrativos/Modulo Viáticos/Derrogacion viatico/td_01072021' is clickable

2023-04-10 09:14:06 - [TEST_STEP][PASSED] - click(findTestObject("1-OBJECTS TAREAS PRINCIPALES/Modulo Actos Administrativos/Modulo Viáticos/Derrogacion viatico/td_01072021")): Object: 'Object Repository/1-OBJECTS TAREAS PRINCIPALES/Modulo Actos Administrativos/Modulo Viáticos/Derrogacion viatico/td_01072021' is clicked on

2023-04-10 09:14:06 - [MESSAGE][PASSED] - Object: 'Object Repository/1-OBJECTS TAREAS PRINCIPALES/Modulo Actos Administrativos/Modulo Viáticos/Derrogacion viatico/td_01072021' is clicked on

2023-04-10 09:14:06 - [TEST_STEP][PASSED] - if (waitForElementVisible(findTestObject("1-OBJECTS TAREAS PRINCIPALES/Modulo Actos Administrativos/Modulo Viáticos/Derrogacion viatico/a_Derogar"), 1)): null

2023-04-10 09:14:07 - [MESSAGE][PASSED] - Object 'Object Repository/1-OBJECTS TAREAS PRINCIPALES/Modulo Actos Administrativos/Modulo Viáticos/Derrogacion viatico/a_Derogar' is visible

2023-04-10 09:14:07 - [TEST_STEP][PASSED] - click(findTestObject("1-OBJECTS TAREAS PRINCIPALES/Modulo Actos Administrativos/Modulo Viáticos/Derrogacion viatico/a_Derogar")): Object: 'Object Repository/1-OBJECTS TAREAS PRINCIPALES/Modulo Actos Administrativos/Modulo Viáticos/Derrogacion viatico/a_Derogar' is clicked on

2023-04-10 09:14:07 - [MESSAGE][PASSED] - Object: 'Object Repository/1-OBJECTS TAREAS PRINCIPALES/Modulo Actos Administrativos/Modulo Viáticos/Derrogacion viatico/a_Derogar' is clicked on

2023-04-10 09:14:07 - [TEST_STEP][PASSED] - closeBrowser(): Browser is closed

2023-04-10 09:14:08 - [MESSAGE][PASSED] - Browser is closed]]></system-out>
         <system-err><![CDATA[]]></system-err>
      </testcase>
      <testcase name="Test Cases/1.1-Tareas Principales/1.7.1 Crear Histórico Vacaciones" time="36.185" classname="Test Cases/1.1-Tareas Principales/1.7.1 Crear Histórico Vacaciones" status="PASSED">
         <system-out><![CDATA[2023-04-10 09:14:08 - [TEST_CASE][PASSED] - Test Cases/1.1-Tareas Principales/1.7.1 Crear Histórico Vacaciones: Test Cases/1.1-Tareas Principales/1.7.1 Crear Histórico Vacaciones

2023-04-10 09:14:08 - [TEST_STEP][PASSED] - callTestCase(findTestCase("0.1-Login"), [:], STOP_ON_FAILURE): Call Test Case 'Test Cases/0.1-Login' successfully

2023-04-10 09:14:08 - [TEST_CASE][PASSED] - Test Cases/0.1-Login: Test Cases/0.1-Login

2023-04-10 09:14:08 - [TEST_STEP][PASSED] - openBrowser(""): Browser is opened with url: ''

2023-04-10 09:14:08 - [MESSAGE][INFO] - Starting 'Chrome' driver

2023-04-10 09:14:08 - [MESSAGE][INFO] - Action delay is set to 0 milliseconds

2023-04-10 09:14:10 - [MESSAGE][PASSED] - Browser is opened with url: ''

2023-04-10 09:14:10 - [TEST_STEP][PASSED] - maximizeWindow(): Current window maximized

2023-04-10 09:14:10 - [MESSAGE][PASSED] - Current window maximized

2023-04-10 09:14:10 - [TEST_STEP][PASSED] - i = G_Login: null

2023-04-10 09:14:10 - [TEST_STEP][PASSED] - url = new java.net.URL(i): null

2023-04-10 09:14:10 - [TEST_STEP][PASSED] - println("URL: " + url.toString()): null

2023-04-10 09:14:10 - [TEST_STEP][PASSED] - connection = url.openConnection(): null

2023-04-10 09:14:10 - [TEST_STEP][PASSED] - connection.setRequestMethod("GET"): null

2023-04-10 09:14:10 - [TEST_STEP][PASSED] - connection.setReadTimeout(2 * 1000): null

2023-04-10 09:14:10 - [TEST_STEP][PASSED] - try: null

2023-04-10 09:14:10 - [TEST_STEP][PASSED] - connection.connect(): null

2023-04-10 09:14:10 - [TEST_STEP][PASSED] - flag = connected: null

2023-04-10 09:14:10 - [TEST_STEP][PASSED] - println("Valor_ori: " + flag): null

2023-04-10 09:14:10 - [TEST_STEP][PASSED] - if (flag): null

2023-04-10 09:14:10 - [TEST_STEP][PASSED] - navigateToUrl(i): Navigate to 'http://192.168.2.19:8380/saraweb' successfully

2023-04-10 09:14:10 - [MESSAGE][PASSED] - Navigate to 'http://192.168.2.19:8380/saraweb' successfully

2023-04-10 09:14:10 - [TEST_STEP][PASSED] - a(): null

2023-04-10 09:14:10 - [TEST_STEP][PASSED] - if (waitForElementVisible(findTestObject("3-OBJECTS UTILIDADES/Login/input_USUARIO_loginusuario"), 0)): null

2023-04-10 09:14:10 - [MESSAGE][WARNING] - Timeout '0' is invalid. Using default page load timeout: '37'

2023-04-10 09:14:11 - [MESSAGE][PASSED] - Object 'Object Repository/3-OBJECTS UTILIDADES/Login/input_USUARIO_loginusuario' is visible

2023-04-10 09:14:11 - [TEST_STEP][PASSED] - switchToWindowTitle("SARA"): Switched to window with title: 'SARA'

2023-04-10 09:14:11 - [MESSAGE][PASSED] - Switched to window with title: 'SARA'

2023-04-10 09:14:11 - [TEST_STEP][PASSED] - zoom(): null

2023-04-10 09:14:11 - [TEST_STEP][PASSED] - robot = new java.awt.Robot(): null

2023-04-10 09:14:11 - [TEST_STEP][PASSED] - robot.keyPress(VK_CONTROL): null

2023-04-10 09:14:11 - [TEST_STEP][PASSED] - robot.keyPress(VK_SUBTRACT): null

2023-04-10 09:14:11 - [TEST_STEP][PASSED] - robot.keyRelease(VK_CONTROL): null

2023-04-10 09:14:11 - [TEST_STEP][PASSED] - robot.keyRelease(VK_SUBTRACT): null

2023-04-10 09:14:11 - [TEST_STEP][PASSED] - robot.keyPress(VK_CONTROL): null

2023-04-10 09:14:11 - [TEST_STEP][PASSED] - robot.keyPress(VK_SUBTRACT): null

2023-04-10 09:14:11 - [TEST_STEP][PASSED] - robot.keyRelease(VK_CONTROL): null

2023-04-10 09:14:11 - [TEST_STEP][PASSED] - robot.keyRelease(VK_SUBTRACT): null

2023-04-10 09:14:11 - [TEST_STEP][PASSED] - robot.keyPress(VK_CONTROL): null

2023-04-10 09:14:11 - [TEST_STEP][PASSED] - robot.keyPress(VK_SUBTRACT): null

2023-04-10 09:14:11 - [TEST_STEP][PASSED] - robot.keyRelease(VK_CONTROL): null

2023-04-10 09:14:11 - [TEST_STEP][PASSED] - robot.keyRelease(VK_SUBTRACT): null

2023-04-10 09:14:11 - [TEST_STEP][PASSED] - robot.keyRelease(VK_CONTROL): null

2023-04-10 09:14:11 - [TEST_STEP][PASSED] - robot.keyRelease(VK_SUBTRACT): null

2023-04-10 09:14:11 - [TEST_STEP][PASSED] - setText(findTestObject("3-OBJECTS UTILIDADES/Login/input_USUARIO_loginusuario"), G_Usuario): Text 'saraadmin' is set on object 'Object Repository/3-OBJECTS UTILIDADES/Login/input_USUARIO_loginusuario'

2023-04-10 09:14:11 - [MESSAGE][PASSED] - Text 'saraadmin' is set on object 'Object Repository/3-OBJECTS UTILIDADES/Login/input_USUARIO_loginusuario'

2023-04-10 09:14:11 - [TEST_STEP][PASSED] - setEncryptedText(findTestObject("3-OBJECTS UTILIDADES/Login/input_CLAVE_loginpassword"), "SlAwMcyRKqrwbnzhAs8HhT6NnI7sEyng"): Text ****** has been set on object 'Object Repository/3-OBJECTS UTILIDADES/Login/input_CLAVE_loginpassword'

2023-04-10 09:14:13 - [MESSAGE][PASSED] - Text ****** has been set on object 'Object Repository/3-OBJECTS UTILIDADES/Login/input_CLAVE_loginpassword'

2023-04-10 09:14:13 - [TEST_STEP][PASSED] - while (waitForElementClickable(findTestObject("3-OBJECTS UTILIDADES/Login/a_Ingresar"), 1)): Web element with id: 'Object Repository/3-OBJECTS UTILIDADES/Login/a_Ingresar' located by '//a[contains(text(),'Ingresar')]' not found

2023-04-10 09:14:15 - [MESSAGE][INFO] - Unable to find the element located by 'By.xpath: //a[contains(text(),'Ingresar')]'. Please recheck the objects properties to make sure the desired element is located. 

2023-04-10 09:14:15 - [MESSAGE][WARNING] - Web element with id: 'Object Repository/3-OBJECTS UTILIDADES/Login/a_Ingresar' located by '//a[contains(text(),'Ingresar')]' not found

2023-04-10 09:14:15 - [MESSAGE][PASSED] - Call Test Case 'Test Cases/0.1-Login' successfully

2023-04-10 09:14:15 - [TEST_STEP][PASSED] - waitForElementClickable(findTestObject("1-OBJECTS TAREAS PRINCIPALES/Modulo Tarea Compensacion/Crear Histórico Vacaciones/input_ADMINISTRADOR DEL SISTEMA - SARA_form_templatej_idt24_input"), 0): Object 'Object Repository/1-OBJECTS TAREAS PRINCIPALES/Modulo Tarea Compensacion/Crear Histórico Vacaciones/input_ADMINISTRADOR DEL SISTEMA - SARA_form_templatej_idt24_input' is clickable

2023-04-10 09:14:15 - [MESSAGE][WARNING] - Timeout '0' is invalid. Using default page load timeout: '37'

2023-04-10 09:14:16 - [MESSAGE][PASSED] - Object 'Object Repository/1-OBJECTS TAREAS PRINCIPALES/Modulo Tarea Compensacion/Crear Histórico Vacaciones/input_ADMINISTRADOR DEL SISTEMA - SARA_form_templatej_idt24_input' is clickable

2023-04-10 09:14:16 - [TEST_STEP][PASSED] - setText(findTestObject("1-OBJECTS TAREAS PRINCIPALES/Modulo Tarea Compensacion/Crear Histórico Vacaciones/input_ADMINISTRADOR DEL SISTEMA - SARA_form_templatej_idt24_input"), "Listado de Empleados"): Text 'Listado de Empleados' is set on object 'Object Repository/1-OBJECTS TAREAS PRINCIPALES/Modulo Tarea Compensacion/Crear Histórico Vacaciones/input_ADMINISTRADOR DEL SISTEMA - SARA_form_templatej_idt24_input'

2023-04-10 09:14:16 - [MESSAGE][PASSED] - Text 'Listado de Empleados' is set on object 'Object Repository/1-OBJECTS TAREAS PRINCIPALES/Modulo Tarea Compensacion/Crear Histórico Vacaciones/input_ADMINISTRADOR DEL SISTEMA - SARA_form_templatej_idt24_input'

2023-04-10 09:14:16 - [TEST_STEP][PASSED] - waitForElementClickable(findTestObject("1-OBJECTS TAREAS PRINCIPALES/Modulo Tarea Compensacion/Crear Histórico Vacaciones/span_Listado de Empleados"), 0): Object 'Object Repository/1-OBJECTS TAREAS PRINCIPALES/Modulo Tarea Compensacion/Crear Histórico Vacaciones/span_Listado de Empleados' is clickable

2023-04-10 09:14:16 - [MESSAGE][WARNING] - Timeout '0' is invalid. Using default page load timeout: '37'

2023-04-10 09:14:18 - [MESSAGE][PASSED] - Object 'Object Repository/1-OBJECTS TAREAS PRINCIPALES/Modulo Tarea Compensacion/Crear Histórico Vacaciones/span_Listado de Empleados' is clickable

2023-04-10 09:14:18 - [TEST_STEP][PASSED] - sendKeys(findTestObject("1-OBJECTS TAREAS PRINCIPALES/Modulo Tarea Compensacion/Crear Histórico Vacaciones/input_ADMINISTRADOR DEL SISTEMA - SARA_form_templatej_idt24_input"), Keys.chord(ENTER)): Keys 'ENTER + ' sent to object: 'Object Repository/1-OBJECTS TAREAS PRINCIPALES/Modulo Tarea Compensacion/Crear Histórico Vacaciones/input_ADMINISTRADOR DEL SISTEMA - SARA_form_templatej_idt24_input'

2023-04-10 09:14:18 - [MESSAGE][PASSED] - Keys 'ENTER + ' sent to object: 'Object Repository/1-OBJECTS TAREAS PRINCIPALES/Modulo Tarea Compensacion/Crear Histórico Vacaciones/input_ADMINISTRADOR DEL SISTEMA - SARA_form_templatej_idt24_input'

2023-04-10 09:14:18 - [TEST_STEP][PASSED] - setText(findTestObject("1-OBJECTS TAREAS PRINCIPALES/Modulo Tarea Compensacion/Crear Histórico Vacaciones/input_Identificacin_1234567890"), "1234567890"): Text '1234567890' is set on object 'Object Repository/1-OBJECTS TAREAS PRINCIPALES/Modulo Tarea Compensacion/Crear Histórico Vacaciones/input_Identificacin_1234567890'

2023-04-10 09:14:19 - [MESSAGE][PASSED] - Text '1234567890' is set on object 'Object Repository/1-OBJECTS TAREAS PRINCIPALES/Modulo Tarea Compensacion/Crear Histórico Vacaciones/input_Identificacin_1234567890'

2023-04-10 09:14:19 - [TEST_STEP][PASSED] - sendKeys(findTestObject("1-OBJECTS TAREAS PRINCIPALES/Modulo Tarea Compensacion/Crear Histórico Vacaciones/input_Identificacin_1234567890"), Keys.chord(ENTER)): Keys 'ENTER + ' sent to object: 'Object Repository/1-OBJECTS TAREAS PRINCIPALES/Modulo Tarea Compensacion/Crear Histórico Vacaciones/input_Identificacin_1234567890'

2023-04-10 09:14:20 - [MESSAGE][PASSED] - Keys 'ENTER + ' sent to object: 'Object Repository/1-OBJECTS TAREAS PRINCIPALES/Modulo Tarea Compensacion/Crear Histórico Vacaciones/input_Identificacin_1234567890'

2023-04-10 09:14:20 - [TEST_STEP][PASSED] - click(findTestObject("1-OBJECTS TAREAS PRINCIPALES/Modulo Tarea Compensacion/Crear Histórico Vacaciones/span_Gomez Jose")): Object: 'Object Repository/1-OBJECTS TAREAS PRINCIPALES/Modulo Tarea Compensacion/Crear Histórico Vacaciones/span_Gomez Jose' is clicked on

2023-04-10 09:14:21 - [MESSAGE][PASSED] - Object: 'Object Repository/1-OBJECTS TAREAS PRINCIPALES/Modulo Tarea Compensacion/Crear Histórico Vacaciones/span_Gomez Jose' is clicked on

2023-04-10 09:14:21 - [TEST_STEP][PASSED] - click(findTestObject("1-OBJECTS TAREAS PRINCIPALES/Modulo Tarea Compensacion/Crear Histórico Vacaciones/a_Vacacin")): Object: 'Object Repository/1-OBJECTS TAREAS PRINCIPALES/Modulo Tarea Compensacion/Crear Histórico Vacaciones/a_Vacacin' is clicked on

2023-04-10 09:14:21 - [MESSAGE][PASSED] - Object: 'Object Repository/1-OBJECTS TAREAS PRINCIPALES/Modulo Tarea Compensacion/Crear Histórico Vacaciones/a_Vacacin' is clicked on

2023-04-10 09:14:21 - [TEST_STEP][PASSED] - if (waitForElementClickable(findTestObject("1-OBJECTS TAREAS PRINCIPALES/Modulo Tarea Compensacion/Crear Histórico Vacaciones/span_Programacion De Vacaciones"), 1)): null

2023-04-10 09:14:22 - [MESSAGE][PASSED] - Object 'Object Repository/1-OBJECTS TAREAS PRINCIPALES/Modulo Tarea Compensacion/Crear Histórico Vacaciones/span_Programacion De Vacaciones' is clickable

2023-04-10 09:14:22 - [TEST_STEP][PASSED] - click(findTestObject("1-OBJECTS TAREAS PRINCIPALES/Modulo Tarea Compensacion/Crear Histórico Vacaciones/span_Programacion De Vacaciones")): Object: 'Object Repository/1-OBJECTS TAREAS PRINCIPALES/Modulo Tarea Compensacion/Crear Histórico Vacaciones/span_Programacion De Vacaciones' is clicked on

2023-04-10 09:14:22 - [MESSAGE][PASSED] - Object: 'Object Repository/1-OBJECTS TAREAS PRINCIPALES/Modulo Tarea Compensacion/Crear Histórico Vacaciones/span_Programacion De Vacaciones' is clicked on

2023-04-10 09:14:22 - [TEST_STEP][PASSED] - click(findTestObject("1-OBJECTS TAREAS PRINCIPALES/Modulo Tarea Compensacion/Crear Histórico Vacaciones/a_Eliminar_Programacion")): Object: 'Object Repository/1-OBJECTS TAREAS PRINCIPALES/Modulo Tarea Compensacion/Crear Histórico Vacaciones/a_Eliminar_Programacion' is clicked on

2023-04-10 09:14:23 - [MESSAGE][PASSED] - Object: 'Object Repository/1-OBJECTS TAREAS PRINCIPALES/Modulo Tarea Compensacion/Crear Histórico Vacaciones/a_Eliminar_Programacion' is clicked on

2023-04-10 09:14:23 - [TEST_STEP][PASSED] - click(findTestObject("1-OBJECTS TAREAS PRINCIPALES/Modulo Tarea Compensacion/Crear Histórico Vacaciones/a_Aceptar_Eliminar_Programacion")): Object: 'Object Repository/1-OBJECTS TAREAS PRINCIPALES/Modulo Tarea Compensacion/Crear Histórico Vacaciones/a_Aceptar_Eliminar_Programacion' is clicked on

2023-04-10 09:14:24 - [MESSAGE][PASSED] - Object: 'Object Repository/1-OBJECTS TAREAS PRINCIPALES/Modulo Tarea Compensacion/Crear Histórico Vacaciones/a_Aceptar_Eliminar_Programacion' is clicked on

2023-04-10 09:14:24 - [TEST_STEP][PASSED] - if (waitForElementClickable(findTestObject("1-OBJECTS TAREAS PRINCIPALES/Modulo Tarea Compensacion/Crear Histórico Vacaciones/td_Programada"), 1)): null

2023-04-10 09:14:24 - [MESSAGE][PASSED] - Object 'Object Repository/1-OBJECTS TAREAS PRINCIPALES/Modulo Tarea Compensacion/Crear Histórico Vacaciones/td_Programada' is clickable

2023-04-10 09:14:24 - [TEST_STEP][PASSED] - click(findTestObject("1-OBJECTS TAREAS PRINCIPALES/Modulo Tarea Compensacion/Crear Histórico Vacaciones/td_Programada")): Object: 'Object Repository/1-OBJECTS TAREAS PRINCIPALES/Modulo Tarea Compensacion/Crear Histórico Vacaciones/td_Programada' is clicked on

2023-04-10 09:14:25 - [MESSAGE][PASSED] - Object: 'Object Repository/1-OBJECTS TAREAS PRINCIPALES/Modulo Tarea Compensacion/Crear Histórico Vacaciones/td_Programada' is clicked on

2023-04-10 09:14:25 - [TEST_STEP][PASSED] - waitForElementClickable(findTestObject("1-OBJECTS TAREAS PRINCIPALES/Modulo Tarea Compensacion/Crear Histórico Vacaciones/a_Eliminar Directo_Programada"), 0): Object 'Object Repository/1-OBJECTS TAREAS PRINCIPALES/Modulo Tarea Compensacion/Crear Histórico Vacaciones/a_Eliminar Directo_Programada' is clickable

2023-04-10 09:14:25 - [MESSAGE][WARNING] - Timeout '0' is invalid. Using default page load timeout: '37'

2023-04-10 09:14:25 - [MESSAGE][PASSED] - Object 'Object Repository/1-OBJECTS TAREAS PRINCIPALES/Modulo Tarea Compensacion/Crear Histórico Vacaciones/a_Eliminar Directo_Programada' is clickable

2023-04-10 09:14:25 - [TEST_STEP][PASSED] - click(findTestObject("1-OBJECTS TAREAS PRINCIPALES/Modulo Tarea Compensacion/Crear Histórico Vacaciones/a_Eliminar Directo_Programada")): Object: 'Object Repository/1-OBJECTS TAREAS PRINCIPALES/Modulo Tarea Compensacion/Crear Histórico Vacaciones/a_Eliminar Directo_Programada' is clicked on

2023-04-10 09:14:26 - [MESSAGE][PASSED] - Object: 'Object Repository/1-OBJECTS TAREAS PRINCIPALES/Modulo Tarea Compensacion/Crear Histórico Vacaciones/a_Eliminar Directo_Programada' is clicked on

2023-04-10 09:14:26 - [TEST_STEP][PASSED] - click(findTestObject("1-OBJECTS TAREAS PRINCIPALES/Modulo Tarea Compensacion/Crear Histórico Vacaciones/a_Aceptar_Programada")): Object: 'Object Repository/1-OBJECTS TAREAS PRINCIPALES/Modulo Tarea Compensacion/Crear Histórico Vacaciones/a_Aceptar_Programada' is clicked on

2023-04-10 09:14:26 - [MESSAGE][PASSED] - Object: 'Object Repository/1-OBJECTS TAREAS PRINCIPALES/Modulo Tarea Compensacion/Crear Histórico Vacaciones/a_Aceptar_Programada' is clicked on

2023-04-10 09:14:26 - [TEST_STEP][PASSED] - waitForElementClickable(findTestObject("1-OBJECTS TAREAS PRINCIPALES/Modulo Tarea Compensacion/Crear Histórico Vacaciones/a_Pestaa_Histrico"), 0): Object 'Object Repository/1-OBJECTS TAREAS PRINCIPALES/Modulo Tarea Compensacion/Crear Histórico Vacaciones/a_Pestaa_Histrico' is clickable

2023-04-10 09:14:26 - [MESSAGE][WARNING] - Timeout '0' is invalid. Using default page load timeout: '37'

2023-04-10 09:14:27 - [MESSAGE][PASSED] - Object 'Object Repository/1-OBJECTS TAREAS PRINCIPALES/Modulo Tarea Compensacion/Crear Histórico Vacaciones/a_Pestaa_Histrico' is clickable

2023-04-10 09:14:27 - [TEST_STEP][PASSED] - click(findTestObject("1-OBJECTS TAREAS PRINCIPALES/Modulo Tarea Compensacion/Crear Histórico Vacaciones/a_Pestaa_Histrico")): Object: 'Object Repository/1-OBJECTS TAREAS PRINCIPALES/Modulo Tarea Compensacion/Crear Histórico Vacaciones/a_Pestaa_Histrico' is clicked on

2023-04-10 09:14:28 - [MESSAGE][PASSED] - Object: 'Object Repository/1-OBJECTS TAREAS PRINCIPALES/Modulo Tarea Compensacion/Crear Histórico Vacaciones/a_Pestaa_Histrico' is clicked on

2023-04-10 09:14:28 - [TEST_STEP][PASSED] - click(findTestObject("1-OBJECTS TAREAS PRINCIPALES/Modulo Tarea Compensacion/Crear Histórico Vacaciones/a_Nuevo historico")): Object: 'Object Repository/1-OBJECTS TAREAS PRINCIPALES/Modulo Tarea Compensacion/Crear Histórico Vacaciones/a_Nuevo historico' is clicked on

2023-04-10 09:14:28 - [MESSAGE][PASSED] - Object: 'Object Repository/1-OBJECTS TAREAS PRINCIPALES/Modulo Tarea Compensacion/Crear Histórico Vacaciones/a_Nuevo historico' is clicked on

2023-04-10 09:14:28 - [TEST_STEP][PASSED] - waitForElementClickable(findTestObject("1-OBJECTS TAREAS PRINCIPALES/Modulo Tarea Compensacion/Crear Histórico Vacaciones/select_Seleccione_PROGRAMACION DE VACACIONES"), 0): Object 'Object Repository/1-OBJECTS TAREAS PRINCIPALES/Modulo Tarea Compensacion/Crear Histórico Vacaciones/select_Seleccione_PROGRAMACION DE VACACIONES' is clickable

2023-04-10 09:14:28 - [MESSAGE][WARNING] - Timeout '0' is invalid. Using default page load timeout: '37'

2023-04-10 09:14:29 - [MESSAGE][PASSED] - Object 'Object Repository/1-OBJECTS TAREAS PRINCIPALES/Modulo Tarea Compensacion/Crear Histórico Vacaciones/select_Seleccione_PROGRAMACION DE VACACIONES' is clickable

2023-04-10 09:14:29 - [TEST_STEP][PASSED] - selectOptionByIndex(findTestObject("1-OBJECTS TAREAS PRINCIPALES/Modulo Tarea Compensacion/Crear Histórico Vacaciones/select_Seleccione_PROGRAMACION DE VACACIONES"), "2"): All options with index in [2] are selected on object 'Object Repository/1-OBJECTS TAREAS PRINCIPALES/Modulo Tarea Compensacion/Crear Histórico Vacaciones/select_Seleccione_PROGRAMACION DE VACACIONES'

2023-04-10 09:14:30 - [MESSAGE][PASSED] - All options with index in [2] are selected on object 'Object Repository/1-OBJECTS TAREAS PRINCIPALES/Modulo Tarea Compensacion/Crear Histórico Vacaciones/select_Seleccione_PROGRAMACION DE VACACIONES'

2023-04-10 09:14:30 - [TEST_STEP][PASSED] - selectOptionByIndex(findTestObject("1-OBJECTS TAREAS PRINCIPALES/Modulo Tarea Compensacion/Crear Histórico Vacaciones/select_Seleccione_No Aplica"), "2"): All options with index in [2] are selected on object 'Object Repository/1-OBJECTS TAREAS PRINCIPALES/Modulo Tarea Compensacion/Crear Histórico Vacaciones/select_Seleccione_No Aplica'

2023-04-10 09:14:31 - [MESSAGE][PASSED] - All options with index in [2] are selected on object 'Object Repository/1-OBJECTS TAREAS PRINCIPALES/Modulo Tarea Compensacion/Crear Histórico Vacaciones/select_Seleccione_No Aplica'

2023-04-10 09:14:31 - [TEST_STEP][PASSED] - selectOptionByIndex(findTestObject("1-OBJECTS TAREAS PRINCIPALES/Modulo Tarea Compensacion/Crear Histórico Vacaciones/select_Seleccione_AUSENTISMO"), "1"): All options with index in [1] are selected on object 'Object Repository/1-OBJECTS TAREAS PRINCIPALES/Modulo Tarea Compensacion/Crear Histórico Vacaciones/select_Seleccione_AUSENTISMO'

2023-04-10 09:14:32 - [MESSAGE][PASSED] - All options with index in [1] are selected on object 'Object Repository/1-OBJECTS TAREAS PRINCIPALES/Modulo Tarea Compensacion/Crear Histórico Vacaciones/select_Seleccione_AUSENTISMO'

2023-04-10 09:14:32 - [TEST_STEP][PASSED] - setText(findTestObject("1-OBJECTS TAREAS PRINCIPALES/Modulo Tarea Compensacion/Crear Histórico Vacaciones/input_Periodo Disfrute_form_vacaciones_Comienzo"), "01/07/2021"): Text '01/07/2021' is set on object 'Object Repository/1-OBJECTS TAREAS PRINCIPALES/Modulo Tarea Compensacion/Crear Histórico Vacaciones/input_Periodo Disfrute_form_vacaciones_Comienzo'

2023-04-10 09:14:33 - [MESSAGE][PASSED] - Text '01/07/2021' is set on object 'Object Repository/1-OBJECTS TAREAS PRINCIPALES/Modulo Tarea Compensacion/Crear Histórico Vacaciones/input_Periodo Disfrute_form_vacaciones_Comienzo'

2023-04-10 09:14:33 - [TEST_STEP][PASSED] - setText(findTestObject("1-OBJECTS TAREAS PRINCIPALES/Modulo Tarea Compensacion/Crear Histórico Vacaciones/input_Periodo Disfrute_form_vacaciones_Final"), "07/07/2021"): Text '07/07/2021' is set on object 'Object Repository/1-OBJECTS TAREAS PRINCIPALES/Modulo Tarea Compensacion/Crear Histórico Vacaciones/input_Periodo Disfrute_form_vacaciones_Final'

2023-04-10 09:14:34 - [MESSAGE][PASSED] - Text '07/07/2021' is set on object 'Object Repository/1-OBJECTS TAREAS PRINCIPALES/Modulo Tarea Compensacion/Crear Histórico Vacaciones/input_Periodo Disfrute_form_vacaciones_Final'

2023-04-10 09:14:34 - [TEST_STEP][PASSED] - setText(findTestObject("1-OBJECTS TAREAS PRINCIPALES/Modulo Tarea Compensacion/Crear Histórico Vacaciones/input_Fecha Regreso Nomina"), "08/07/2021"): Text '08/07/2021' is set on object 'Object Repository/1-OBJECTS TAREAS PRINCIPALES/Modulo Tarea Compensacion/Crear Histórico Vacaciones/input_Fecha Regreso Nomina'

2023-04-10 09:14:35 - [MESSAGE][PASSED] - Text '08/07/2021' is set on object 'Object Repository/1-OBJECTS TAREAS PRINCIPALES/Modulo Tarea Compensacion/Crear Histórico Vacaciones/input_Fecha Regreso Nomina'

2023-04-10 09:14:35 - [TEST_STEP][PASSED] - setText(findTestObject("1-OBJECTS TAREAS PRINCIPALES/Modulo Tarea Compensacion/Crear Histórico Vacaciones/input_Dias"), "6"): Text '6' is set on object 'Object Repository/1-OBJECTS TAREAS PRINCIPALES/Modulo Tarea Compensacion/Crear Histórico Vacaciones/input_Dias'

2023-04-10 09:14:36 - [MESSAGE][PASSED] - Text '6' is set on object 'Object Repository/1-OBJECTS TAREAS PRINCIPALES/Modulo Tarea Compensacion/Crear Histórico Vacaciones/input_Dias'

2023-04-10 09:14:36 - [TEST_STEP][PASSED] - setText(findTestObject("1-OBJECTS TAREAS PRINCIPALES/Modulo Tarea Compensacion/Crear Histórico Vacaciones/input_Periodo Servicio_Inicio"), "01/07/2021"): Text '01/07/2021' is set on object 'Object Repository/1-OBJECTS TAREAS PRINCIPALES/Modulo Tarea Compensacion/Crear Histórico Vacaciones/input_Periodo Servicio_Inicio'

2023-04-10 09:14:37 - [MESSAGE][PASSED] - Text '01/07/2021' is set on object 'Object Repository/1-OBJECTS TAREAS PRINCIPALES/Modulo Tarea Compensacion/Crear Histórico Vacaciones/input_Periodo Servicio_Inicio'

2023-04-10 09:14:37 - [TEST_STEP][PASSED] - setText(findTestObject("1-OBJECTS TAREAS PRINCIPALES/Modulo Tarea Compensacion/Crear Histórico Vacaciones/input_Periodo Servicio_Final"), "07/07/2021"): Text '07/07/2021' is set on object 'Object Repository/1-OBJECTS TAREAS PRINCIPALES/Modulo Tarea Compensacion/Crear Histórico Vacaciones/input_Periodo Servicio_Final'

2023-04-10 09:14:38 - [MESSAGE][PASSED] - Text '07/07/2021' is set on object 'Object Repository/1-OBJECTS TAREAS PRINCIPALES/Modulo Tarea Compensacion/Crear Histórico Vacaciones/input_Periodo Servicio_Final'

2023-04-10 09:14:38 - [TEST_STEP][PASSED] - sendKeys(findTestObject("1-OBJECTS TAREAS PRINCIPALES/Modulo Tarea Compensacion/Crear Histórico Vacaciones/input_Periodo Servicio_Final"), Keys.chord(ESCAPE)): Keys 'ESCAPE + ' sent to object: 'Object Repository/1-OBJECTS TAREAS PRINCIPALES/Modulo Tarea Compensacion/Crear Histórico Vacaciones/input_Periodo Servicio_Final'

2023-04-10 09:14:38 - [MESSAGE][PASSED] - Keys 'ESCAPE + ' sent to object: 'Object Repository/1-OBJECTS TAREAS PRINCIPALES/Modulo Tarea Compensacion/Crear Histórico Vacaciones/input_Periodo Servicio_Final'

2023-04-10 09:14:38 - [TEST_STEP][PASSED] - setText(findTestObject("1-OBJECTS TAREAS PRINCIPALES/Modulo Tarea Compensacion/Crear Histórico Vacaciones/textarea_Observacin"), "PRUEBA"): Text 'PRUEBA' is set on object 'Object Repository/1-OBJECTS TAREAS PRINCIPALES/Modulo Tarea Compensacion/Crear Histórico Vacaciones/textarea_Observacin'

2023-04-10 09:14:39 - [MESSAGE][PASSED] - Text 'PRUEBA' is set on object 'Object Repository/1-OBJECTS TAREAS PRINCIPALES/Modulo Tarea Compensacion/Crear Histórico Vacaciones/textarea_Observacin'

2023-04-10 09:14:39 - [TEST_STEP][PASSED] - waitForElementClickable(findTestObject("1-OBJECTS TAREAS PRINCIPALES/Modulo Tarea Compensacion/Crear Histórico Vacaciones/a_Guardar"), 0): Object 'Object Repository/1-OBJECTS TAREAS PRINCIPALES/Modulo Tarea Compensacion/Crear Histórico Vacaciones/a_Guardar' is clickable

2023-04-10 09:14:39 - [MESSAGE][WARNING] - Timeout '0' is invalid. Using default page load timeout: '37'

2023-04-10 09:14:40 - [MESSAGE][PASSED] - Object 'Object Repository/1-OBJECTS TAREAS PRINCIPALES/Modulo Tarea Compensacion/Crear Histórico Vacaciones/a_Guardar' is clickable

2023-04-10 09:14:40 - [TEST_STEP][PASSED] - click(findTestObject("1-OBJECTS TAREAS PRINCIPALES/Modulo Tarea Compensacion/Crear Histórico Vacaciones/a_Guardar")): Object: 'Object Repository/1-OBJECTS TAREAS PRINCIPALES/Modulo Tarea Compensacion/Crear Histórico Vacaciones/a_Guardar' is clicked on

2023-04-10 09:14:40 - [MESSAGE][PASSED] - Object: 'Object Repository/1-OBJECTS TAREAS PRINCIPALES/Modulo Tarea Compensacion/Crear Histórico Vacaciones/a_Guardar' is clicked on

2023-04-10 09:14:40 - [TEST_STEP][PASSED] - Result = getText(findTestObject("3-OBJECTS UTILIDADES/Alerta/Alerta")): Text of object 'Object Repository/3-OBJECTS UTILIDADES/Alerta/Alerta' is: 'Se Ingreso el registro'

2023-04-10 09:14:41 - [MESSAGE][PASSED] - Text of object 'Object Repository/3-OBJECTS UTILIDADES/Alerta/Alerta' is: 'Se Ingreso el registro'

2023-04-10 09:14:41 - [TEST_STEP][PASSED] - waitForElementClickable(findTestObject("1-OBJECTS TAREAS PRINCIPALES/Modulo Tarea Compensacion/Crear Histórico Vacaciones/a_Eliminar_Historico"), 0): Object 'Object Repository/1-OBJECTS TAREAS PRINCIPALES/Modulo Tarea Compensacion/Crear Histórico Vacaciones/a_Eliminar_Historico' is clickable

2023-04-10 09:14:41 - [MESSAGE][WARNING] - Timeout '0' is invalid. Using default page load timeout: '37'

2023-04-10 09:14:42 - [MESSAGE][PASSED] - Object 'Object Repository/1-OBJECTS TAREAS PRINCIPALES/Modulo Tarea Compensacion/Crear Histórico Vacaciones/a_Eliminar_Historico' is clickable

2023-04-10 09:14:42 - [TEST_STEP][PASSED] - click(findTestObject("1-OBJECTS TAREAS PRINCIPALES/Modulo Tarea Compensacion/Crear Histórico Vacaciones/a_Eliminar_Historico")): Object: 'Object Repository/1-OBJECTS TAREAS PRINCIPALES/Modulo Tarea Compensacion/Crear Histórico Vacaciones/a_Eliminar_Historico' is clicked on

2023-04-10 09:14:42 - [MESSAGE][PASSED] - Object: 'Object Repository/1-OBJECTS TAREAS PRINCIPALES/Modulo Tarea Compensacion/Crear Histórico Vacaciones/a_Eliminar_Historico' is clicked on

2023-04-10 09:14:42 - [TEST_STEP][PASSED] - waitForElementClickable(findTestObject("1-OBJECTS TAREAS PRINCIPALES/Modulo Tarea Compensacion/Crear Histórico Vacaciones/a_Aceptar_Eliminar_ Historico"), 0): Object 'Object Repository/1-OBJECTS TAREAS PRINCIPALES/Modulo Tarea Compensacion/Crear Histórico Vacaciones/a_Aceptar_Eliminar_ Historico' is clickable

2023-04-10 09:14:42 - [MESSAGE][WARNING] - Timeout '0' is invalid. Using default page load timeout: '37'

2023-04-10 09:14:43 - [MESSAGE][PASSED] - Object 'Object Repository/1-OBJECTS TAREAS PRINCIPALES/Modulo Tarea Compensacion/Crear Histórico Vacaciones/a_Aceptar_Eliminar_ Historico' is clickable

2023-04-10 09:14:43 - [TEST_STEP][PASSED] - click(findTestObject("1-OBJECTS TAREAS PRINCIPALES/Modulo Tarea Compensacion/Crear Histórico Vacaciones/a_Aceptar_Eliminar_ Historico")): Object: 'Object Repository/1-OBJECTS TAREAS PRINCIPALES/Modulo Tarea Compensacion/Crear Histórico Vacaciones/a_Aceptar_Eliminar_ Historico' is clicked on

2023-04-10 09:14:43 - [MESSAGE][PASSED] - Object: 'Object Repository/1-OBJECTS TAREAS PRINCIPALES/Modulo Tarea Compensacion/Crear Histórico Vacaciones/a_Aceptar_Eliminar_ Historico' is clicked on

2023-04-10 09:14:43 - [TEST_STEP][PASSED] - getText(findTestObject("3-OBJECTS UTILIDADES/Alerta/Alerta")): Text of object 'Object Repository/3-OBJECTS UTILIDADES/Alerta/Alerta' is: 'Se elimino el registro'

2023-04-10 09:14:44 - [MESSAGE][PASSED] - Text of object 'Object Repository/3-OBJECTS UTILIDADES/Alerta/Alerta' is: 'Se elimino el registro'

2023-04-10 09:14:44 - [TEST_STEP][PASSED] - if (Result == "Se Ingreso el registro"): null

2023-04-10 09:14:44 - [TEST_STEP][PASSED] - Resultado = "Prueba ok": null]]></system-out>
         <system-err><![CDATA[]]></system-err>
      </testcase>
      <testcase name="Test Cases/1.1-Tareas Principales/1.7.2 Crear Histórica Incapacidad" time="34.574" classname="Test Cases/1.1-Tareas Principales/1.7.2 Crear Histórica Incapacidad" status="PASSED">
         <system-out><![CDATA[2023-04-10 09:14:44 - [TEST_CASE][PASSED] - Test Cases/1.1-Tareas Principales/1.7.2 Crear Histórica Incapacidad: Test Cases/1.1-Tareas Principales/1.7.2 Crear Histórica Incapacidad

2023-04-10 09:14:44 - [TEST_STEP][PASSED] - callTestCase(findTestCase("0.1-Login"), [:], STOP_ON_FAILURE): Call Test Case 'Test Cases/0.1-Login' successfully

2023-04-10 09:14:45 - [TEST_CASE][PASSED] - Test Cases/0.1-Login: Test Cases/0.1-Login

2023-04-10 09:14:45 - [TEST_STEP][PASSED] - openBrowser(""): Browser is opened with url: ''

2023-04-10 09:14:45 - [MESSAGE][WARNING] - A browser is already opened. Closing browser and opening a new one

2023-04-10 09:14:45 - [MESSAGE][INFO] - Starting 'Chrome' driver

2023-04-10 09:14:45 - [MESSAGE][INFO] - Action delay is set to 0 milliseconds

2023-04-10 09:14:47 - [MESSAGE][PASSED] - Browser is opened with url: ''

2023-04-10 09:14:47 - [TEST_STEP][PASSED] - maximizeWindow(): Current window maximized

2023-04-10 09:14:47 - [MESSAGE][PASSED] - Current window maximized

2023-04-10 09:14:47 - [TEST_STEP][PASSED] - i = G_Login: null

2023-04-10 09:14:47 - [TEST_STEP][PASSED] - url = new java.net.URL(i): null

2023-04-10 09:14:47 - [TEST_STEP][PASSED] - println("URL: " + url.toString()): null

2023-04-10 09:14:47 - [TEST_STEP][PASSED] - connection = url.openConnection(): null

2023-04-10 09:14:47 - [TEST_STEP][PASSED] - connection.setRequestMethod("GET"): null

2023-04-10 09:14:47 - [TEST_STEP][PASSED] - connection.setReadTimeout(2 * 1000): null

2023-04-10 09:14:47 - [TEST_STEP][PASSED] - try: null

2023-04-10 09:14:47 - [TEST_STEP][PASSED] - connection.connect(): null

2023-04-10 09:14:47 - [TEST_STEP][PASSED] - flag = connected: null

2023-04-10 09:14:47 - [TEST_STEP][PASSED] - println("Valor_ori: " + flag): null

2023-04-10 09:14:47 - [TEST_STEP][PASSED] - if (flag): null

2023-04-10 09:14:47 - [TEST_STEP][PASSED] - navigateToUrl(i): Navigate to 'http://192.168.2.19:8380/saraweb' successfully

2023-04-10 09:14:47 - [MESSAGE][PASSED] - Navigate to 'http://192.168.2.19:8380/saraweb' successfully

2023-04-10 09:14:47 - [TEST_STEP][PASSED] - a(): null

2023-04-10 09:14:47 - [TEST_STEP][PASSED] - if (waitForElementVisible(findTestObject("3-OBJECTS UTILIDADES/Login/input_USUARIO_loginusuario"), 0)): null

2023-04-10 09:14:47 - [MESSAGE][WARNING] - Timeout '0' is invalid. Using default page load timeout: '37'

2023-04-10 09:14:47 - [MESSAGE][PASSED] - Object 'Object Repository/3-OBJECTS UTILIDADES/Login/input_USUARIO_loginusuario' is visible

2023-04-10 09:14:47 - [TEST_STEP][PASSED] - switchToWindowTitle("SARA"): Switched to window with title: 'SARA'

2023-04-10 09:14:47 - [MESSAGE][PASSED] - Switched to window with title: 'SARA'

2023-04-10 09:14:47 - [TEST_STEP][PASSED] - zoom(): null

2023-04-10 09:14:47 - [TEST_STEP][PASSED] - robot = new java.awt.Robot(): null

2023-04-10 09:14:47 - [TEST_STEP][PASSED] - robot.keyPress(VK_CONTROL): null

2023-04-10 09:14:47 - [TEST_STEP][PASSED] - robot.keyPress(VK_SUBTRACT): null

2023-04-10 09:14:47 - [TEST_STEP][PASSED] - robot.keyRelease(VK_CONTROL): null

2023-04-10 09:14:47 - [TEST_STEP][PASSED] - robot.keyRelease(VK_SUBTRACT): null

2023-04-10 09:14:47 - [TEST_STEP][PASSED] - robot.keyPress(VK_CONTROL): null

2023-04-10 09:14:47 - [TEST_STEP][PASSED] - robot.keyPress(VK_SUBTRACT): null

2023-04-10 09:14:47 - [TEST_STEP][PASSED] - robot.keyRelease(VK_CONTROL): null

2023-04-10 09:14:47 - [TEST_STEP][PASSED] - robot.keyRelease(VK_SUBTRACT): null

2023-04-10 09:14:47 - [TEST_STEP][PASSED] - robot.keyPress(VK_CONTROL): null

2023-04-10 09:14:47 - [TEST_STEP][PASSED] - robot.keyPress(VK_SUBTRACT): null

2023-04-10 09:14:47 - [TEST_STEP][PASSED] - robot.keyRelease(VK_CONTROL): null

2023-04-10 09:14:47 - [TEST_STEP][PASSED] - robot.keyRelease(VK_SUBTRACT): null

2023-04-10 09:14:47 - [TEST_STEP][PASSED] - robot.keyRelease(VK_CONTROL): null

2023-04-10 09:14:47 - [TEST_STEP][PASSED] - robot.keyRelease(VK_SUBTRACT): null

2023-04-10 09:14:47 - [TEST_STEP][PASSED] - setText(findTestObject("3-OBJECTS UTILIDADES/Login/input_USUARIO_loginusuario"), G_Usuario): Text 'saraadmin' is set on object 'Object Repository/3-OBJECTS UTILIDADES/Login/input_USUARIO_loginusuario'

2023-04-10 09:14:48 - [MESSAGE][PASSED] - Text 'saraadmin' is set on object 'Object Repository/3-OBJECTS UTILIDADES/Login/input_USUARIO_loginusuario'

2023-04-10 09:14:48 - [TEST_STEP][PASSED] - setEncryptedText(findTestObject("3-OBJECTS UTILIDADES/Login/input_CLAVE_loginpassword"), "SlAwMcyRKqrwbnzhAs8HhT6NnI7sEyng"): Text ****** has been set on object 'Object Repository/3-OBJECTS UTILIDADES/Login/input_CLAVE_loginpassword'

2023-04-10 09:14:49 - [MESSAGE][PASSED] - Text ****** has been set on object 'Object Repository/3-OBJECTS UTILIDADES/Login/input_CLAVE_loginpassword'

2023-04-10 09:14:49 - [TEST_STEP][PASSED] - while (waitForElementClickable(findTestObject("3-OBJECTS UTILIDADES/Login/a_Ingresar"), 1)): Web element with id: 'Object Repository/3-OBJECTS UTILIDADES/Login/a_Ingresar' located by '//a[contains(text(),'Ingresar')]' not found

2023-04-10 09:14:52 - [MESSAGE][INFO] - Unable to find the element located by 'By.xpath: //a[contains(text(),'Ingresar')]'. Please recheck the objects properties to make sure the desired element is located. 

2023-04-10 09:14:52 - [MESSAGE][WARNING] - Web element with id: 'Object Repository/3-OBJECTS UTILIDADES/Login/a_Ingresar' located by '//a[contains(text(),'Ingresar')]' not found

2023-04-10 09:14:52 - [MESSAGE][PASSED] - Call Test Case 'Test Cases/0.1-Login' successfully

2023-04-10 09:14:52 - [TEST_STEP][PASSED] - waitForElementClickable(findTestObject("1-OBJECTS TAREAS PRINCIPALES/Modulo Tarea Compensacion/Crear Histórica Incapacidad/input_ADMINISTRADOR DEL SISTEMA - SARA_form_templatej_idt24_input"), 0): Object 'Object Repository/1-OBJECTS TAREAS PRINCIPALES/Modulo Tarea Compensacion/Crear Histórica Incapacidad/input_ADMINISTRADOR DEL SISTEMA - SARA_form_templatej_idt24_input' is clickable

2023-04-10 09:14:52 - [MESSAGE][WARNING] - Timeout '0' is invalid. Using default page load timeout: '37'

2023-04-10 09:14:52 - [MESSAGE][PASSED] - Object 'Object Repository/1-OBJECTS TAREAS PRINCIPALES/Modulo Tarea Compensacion/Crear Histórica Incapacidad/input_ADMINISTRADOR DEL SISTEMA - SARA_form_templatej_idt24_input' is clickable

2023-04-10 09:14:52 - [TEST_STEP][PASSED] - setText(findTestObject("1-OBJECTS TAREAS PRINCIPALES/Modulo Tarea Compensacion/Crear Histórica Incapacidad/input_ADMINISTRADOR DEL SISTEMA - SARA_form_templatej_idt24_input"), "Listado de empleados"): Text 'Listado de empleados' is set on object 'Object Repository/1-OBJECTS TAREAS PRINCIPALES/Modulo Tarea Compensacion/Crear Histórica Incapacidad/input_ADMINISTRADOR DEL SISTEMA - SARA_form_templatej_idt24_input'

2023-04-10 09:14:53 - [MESSAGE][PASSED] - Text 'Listado de empleados' is set on object 'Object Repository/1-OBJECTS TAREAS PRINCIPALES/Modulo Tarea Compensacion/Crear Histórica Incapacidad/input_ADMINISTRADOR DEL SISTEMA - SARA_form_templatej_idt24_input'

2023-04-10 09:14:53 - [TEST_STEP][PASSED] - waitForElementClickable(findTestObject("1-OBJECTS TAREAS PRINCIPALES/Modulo Tarea Compensacion/Crear Histórica Incapacidad/span_Listado de Empleados"), 0): Object 'Object Repository/1-OBJECTS TAREAS PRINCIPALES/Modulo Tarea Compensacion/Crear Histórica Incapacidad/span_Listado de Empleados' is clickable

2023-04-10 09:14:53 - [MESSAGE][WARNING] - Timeout '0' is invalid. Using default page load timeout: '37'

2023-04-10 09:14:54 - [MESSAGE][PASSED] - Object 'Object Repository/1-OBJECTS TAREAS PRINCIPALES/Modulo Tarea Compensacion/Crear Histórica Incapacidad/span_Listado de Empleados' is clickable

2023-04-10 09:14:54 - [TEST_STEP][PASSED] - sendKeys(findTestObject("1-OBJECTS TAREAS PRINCIPALES/Modulo Tarea Compensacion/Crear Histórica Incapacidad/input_ADMINISTRADOR DEL SISTEMA - SARA_form_templatej_idt24_input"), Keys.chord(ENTER)): Keys 'ENTER + ' sent to object: 'Object Repository/1-OBJECTS TAREAS PRINCIPALES/Modulo Tarea Compensacion/Crear Histórica Incapacidad/input_ADMINISTRADOR DEL SISTEMA - SARA_form_templatej_idt24_input'

2023-04-10 09:14:54 - [MESSAGE][PASSED] - Keys 'ENTER + ' sent to object: 'Object Repository/1-OBJECTS TAREAS PRINCIPALES/Modulo Tarea Compensacion/Crear Histórica Incapacidad/input_ADMINISTRADOR DEL SISTEMA - SARA_form_templatej_idt24_input'

2023-04-10 09:14:54 - [TEST_STEP][PASSED] - setText(findTestObject("1-OBJECTS TAREAS PRINCIPALES/Modulo Tarea Compensacion/Crear Histórica Incapacidad/input_Identificacin_1234567890"), "1234567890"): Text '1234567890' is set on object 'Object Repository/1-OBJECTS TAREAS PRINCIPALES/Modulo Tarea Compensacion/Crear Histórica Incapacidad/input_Identificacin_1234567890'

2023-04-10 09:14:57 - [MESSAGE][PASSED] - Text '1234567890' is set on object 'Object Repository/1-OBJECTS TAREAS PRINCIPALES/Modulo Tarea Compensacion/Crear Histórica Incapacidad/input_Identificacin_1234567890'

2023-04-10 09:14:57 - [TEST_STEP][PASSED] - sendKeys(findTestObject("1-OBJECTS TAREAS PRINCIPALES/Modulo Tarea Compensacion/Crear Histórica Incapacidad/input_Identificacin_1234567890"), Keys.chord(ENTER)): Keys 'ENTER + ' sent to object: 'Object Repository/1-OBJECTS TAREAS PRINCIPALES/Modulo Tarea Compensacion/Crear Histórica Incapacidad/input_Identificacin_1234567890'

2023-04-10 09:14:57 - [MESSAGE][PASSED] - Keys 'ENTER + ' sent to object: 'Object Repository/1-OBJECTS TAREAS PRINCIPALES/Modulo Tarea Compensacion/Crear Histórica Incapacidad/input_Identificacin_1234567890'

2023-04-10 09:14:57 - [TEST_STEP][PASSED] - click(findTestObject("1-OBJECTS TAREAS PRINCIPALES/Modulo Tarea Compensacion/Crear Histórica Incapacidad/span_Gomez Jose")): Object: 'Object Repository/1-OBJECTS TAREAS PRINCIPALES/Modulo Tarea Compensacion/Crear Histórica Incapacidad/span_Gomez Jose' is clicked on

2023-04-10 09:14:58 - [MESSAGE][PASSED] - Object: 'Object Repository/1-OBJECTS TAREAS PRINCIPALES/Modulo Tarea Compensacion/Crear Histórica Incapacidad/span_Gomez Jose' is clicked on

2023-04-10 09:14:58 - [TEST_STEP][PASSED] - click(findTestObject("1-OBJECTS TAREAS PRINCIPALES/Modulo Tarea Compensacion/Crear Histórica Incapacidad/a_Incapacidad")): Object: 'Object Repository/1-OBJECTS TAREAS PRINCIPALES/Modulo Tarea Compensacion/Crear Histórica Incapacidad/a_Incapacidad' is clicked on

2023-04-10 09:14:58 - [MESSAGE][PASSED] - Object: 'Object Repository/1-OBJECTS TAREAS PRINCIPALES/Modulo Tarea Compensacion/Crear Histórica Incapacidad/a_Incapacidad' is clicked on

2023-04-10 09:14:58 - [TEST_STEP][PASSED] - waitForElementClickable(findTestObject("1-OBJECTS TAREAS PRINCIPALES/Modulo Tarea Compensacion/Crear Histórica Incapacidad/a_Histrico_Pestaa"), 0): Object 'Object Repository/1-OBJECTS TAREAS PRINCIPALES/Modulo Tarea Compensacion/Crear Histórica Incapacidad/a_Histrico_Pestaa' is clickable

2023-04-10 09:14:58 - [MESSAGE][WARNING] - Timeout '0' is invalid. Using default page load timeout: '37'

2023-04-10 09:14:59 - [MESSAGE][PASSED] - Object 'Object Repository/1-OBJECTS TAREAS PRINCIPALES/Modulo Tarea Compensacion/Crear Histórica Incapacidad/a_Histrico_Pestaa' is clickable

2023-04-10 09:14:59 - [TEST_STEP][PASSED] - click(findTestObject("1-OBJECTS TAREAS PRINCIPALES/Modulo Tarea Compensacion/Crear Histórica Incapacidad/a_Histrico_Pestaa")): Object: 'Object Repository/1-OBJECTS TAREAS PRINCIPALES/Modulo Tarea Compensacion/Crear Histórica Incapacidad/a_Histrico_Pestaa' is clicked on

2023-04-10 09:14:59 - [MESSAGE][PASSED] - Object: 'Object Repository/1-OBJECTS TAREAS PRINCIPALES/Modulo Tarea Compensacion/Crear Histórica Incapacidad/a_Histrico_Pestaa' is clicked on

2023-04-10 09:14:59 - [TEST_STEP][PASSED] - if (waitForElementClickable(findTestObject("1-OBJECTS TAREAS PRINCIPALES/Modulo Tarea Compensacion/Crear Histórica Incapacidad/span_Enfermedad General 21"), 1)): Web element with id: 'Object Repository/1-OBJECTS TAREAS PRINCIPALES/Modulo Tarea Compensacion/Crear Histórica Incapacidad/span_Enfermedad General 21' located by '//*/text()[normalize-space(.)='ENFERMEDAD GENERAL 21']/parent::*' not found

2023-04-10 09:15:02 - [MESSAGE][INFO] - Unable to find the element located by 'By.xpath: //*/text()[normalize-space(.)='ENFERMEDAD GENERAL 21']/parent::*'. Please recheck the objects properties to make sure the desired element is located. 

2023-04-10 09:15:02 - [MESSAGE][WARNING] - Web element with id: 'Object Repository/1-OBJECTS TAREAS PRINCIPALES/Modulo Tarea Compensacion/Crear Histórica Incapacidad/span_Enfermedad General 21' located by '//*/text()[normalize-space(.)='ENFERMEDAD GENERAL 21']/parent::*' not found

2023-04-10 09:15:02 - [TEST_STEP][PASSED] - click(findTestObject("1-OBJECTS TAREAS PRINCIPALES/Modulo Tarea Compensacion/Crear Histórica Incapacidad/a_Nuevo")): Object: 'Object Repository/1-OBJECTS TAREAS PRINCIPALES/Modulo Tarea Compensacion/Crear Histórica Incapacidad/a_Nuevo' is clicked on

2023-04-10 09:15:02 - [MESSAGE][PASSED] - Object: 'Object Repository/1-OBJECTS TAREAS PRINCIPALES/Modulo Tarea Compensacion/Crear Histórica Incapacidad/a_Nuevo' is clicked on

2023-04-10 09:15:02 - [TEST_STEP][PASSED] - waitForElementClickable(findTestObject("1-OBJECTS TAREAS PRINCIPALES/Modulo Tarea Compensacion/Crear Histórica Incapacidad/span_Enfermedad General 21"), 0): Object 'Object Repository/1-OBJECTS TAREAS PRINCIPALES/Modulo Tarea Compensacion/Crear Histórica Incapacidad/span_Enfermedad General 21' is clickable

2023-04-10 09:15:02 - [MESSAGE][WARNING] - Timeout '0' is invalid. Using default page load timeout: '37'

2023-04-10 09:15:02 - [MESSAGE][PASSED] - Object 'Object Repository/1-OBJECTS TAREAS PRINCIPALES/Modulo Tarea Compensacion/Crear Histórica Incapacidad/span_Enfermedad General 21' is clickable

2023-04-10 09:15:02 - [TEST_STEP][PASSED] - click(findTestObject("1-OBJECTS TAREAS PRINCIPALES/Modulo Tarea Compensacion/Crear Histórica Incapacidad/span_Enfermedad General 21")): Object: 'Object Repository/1-OBJECTS TAREAS PRINCIPALES/Modulo Tarea Compensacion/Crear Histórica Incapacidad/span_Enfermedad General 21' is clicked on

2023-04-10 09:15:03 - [MESSAGE][PASSED] - Object: 'Object Repository/1-OBJECTS TAREAS PRINCIPALES/Modulo Tarea Compensacion/Crear Histórica Incapacidad/span_Enfermedad General 21' is clicked on

2023-04-10 09:15:03 - [TEST_STEP][PASSED] - click(findTestObject("1-OBJECTS TAREAS PRINCIPALES/Modulo Tarea Compensacion/Crear Histórica Incapacidad/label_NO")): Object: 'Object Repository/1-OBJECTS TAREAS PRINCIPALES/Modulo Tarea Compensacion/Crear Histórica Incapacidad/label_NO' is clicked on

2023-04-10 09:15:04 - [MESSAGE][PASSED] - Object: 'Object Repository/1-OBJECTS TAREAS PRINCIPALES/Modulo Tarea Compensacion/Crear Histórica Incapacidad/label_NO' is clicked on

2023-04-10 09:15:04 - [TEST_STEP][PASSED] - setText(findTestObject("1-OBJECTS TAREAS PRINCIPALES/Modulo Tarea Compensacion/Crear Histórica Incapacidad/input_Salida"), "01/01/2021"): Text '01/01/2021' is set on object 'Object Repository/1-OBJECTS TAREAS PRINCIPALES/Modulo Tarea Compensacion/Crear Histórica Incapacidad/input_Salida'

2023-04-10 09:15:05 - [MESSAGE][PASSED] - Text '01/01/2021' is set on object 'Object Repository/1-OBJECTS TAREAS PRINCIPALES/Modulo Tarea Compensacion/Crear Histórica Incapacidad/input_Salida'

2023-04-10 09:15:05 - [TEST_STEP][PASSED] - setText(findTestObject("1-OBJECTS TAREAS PRINCIPALES/Modulo Tarea Compensacion/Crear Histórica Incapacidad/input_Termina"), "02/01/2021"): Text '02/01/2021' is set on object 'Object Repository/1-OBJECTS TAREAS PRINCIPALES/Modulo Tarea Compensacion/Crear Histórica Incapacidad/input_Termina'

2023-04-10 09:15:06 - [MESSAGE][PASSED] - Text '02/01/2021' is set on object 'Object Repository/1-OBJECTS TAREAS PRINCIPALES/Modulo Tarea Compensacion/Crear Histórica Incapacidad/input_Termina'

2023-04-10 09:15:06 - [TEST_STEP][PASSED] - setText(findTestObject("1-OBJECTS TAREAS PRINCIPALES/Modulo Tarea Compensacion/Crear Histórica Incapacidad/input_Regreso"), "03/01/2021"): Text '03/01/2021' is set on object 'Object Repository/1-OBJECTS TAREAS PRINCIPALES/Modulo Tarea Compensacion/Crear Histórica Incapacidad/input_Regreso'

2023-04-10 09:15:07 - [MESSAGE][PASSED] - Text '03/01/2021' is set on object 'Object Repository/1-OBJECTS TAREAS PRINCIPALES/Modulo Tarea Compensacion/Crear Histórica Incapacidad/input_Regreso'

2023-04-10 09:15:07 - [TEST_STEP][PASSED] - setText(findTestObject("1-OBJECTS TAREAS PRINCIPALES/Modulo Tarea Compensacion/Crear Histórica Incapacidad/input_Salida Nomina"), "28/02/2021"): Text '28/02/2021' is set on object 'Object Repository/1-OBJECTS TAREAS PRINCIPALES/Modulo Tarea Compensacion/Crear Histórica Incapacidad/input_Salida Nomina'

2023-04-10 09:15:08 - [MESSAGE][PASSED] - Text '28/02/2021' is set on object 'Object Repository/1-OBJECTS TAREAS PRINCIPALES/Modulo Tarea Compensacion/Crear Histórica Incapacidad/input_Salida Nomina'

2023-04-10 09:15:08 - [TEST_STEP][PASSED] - setText(findTestObject("1-OBJECTS TAREAS PRINCIPALES/Modulo Tarea Compensacion/Crear Histórica Incapacidad/input_Regreso Nomina"), "02/03/2021"): Text '02/03/2021' is set on object 'Object Repository/1-OBJECTS TAREAS PRINCIPALES/Modulo Tarea Compensacion/Crear Histórica Incapacidad/input_Regreso Nomina'

2023-04-10 09:15:09 - [MESSAGE][PASSED] - Text '02/03/2021' is set on object 'Object Repository/1-OBJECTS TAREAS PRINCIPALES/Modulo Tarea Compensacion/Crear Histórica Incapacidad/input_Regreso Nomina'

2023-04-10 09:15:09 - [TEST_STEP][PASSED] - setText(findTestObject("1-OBJECTS TAREAS PRINCIPALES/Modulo Tarea Compensacion/Crear Histórica Incapacidad/input_Reales"), "2"): Text '2' is set on object 'Object Repository/1-OBJECTS TAREAS PRINCIPALES/Modulo Tarea Compensacion/Crear Histórica Incapacidad/input_Reales'

2023-04-10 09:15:10 - [MESSAGE][PASSED] - Text '2' is set on object 'Object Repository/1-OBJECTS TAREAS PRINCIPALES/Modulo Tarea Compensacion/Crear Histórica Incapacidad/input_Reales'

2023-04-10 09:15:10 - [TEST_STEP][PASSED] - setText(findTestObject("1-OBJECTS TAREAS PRINCIPALES/Modulo Tarea Compensacion/Crear Histórica Incapacidad/input_Horas Adicionales"), "500"): Text '500' is set on object 'Object Repository/1-OBJECTS TAREAS PRINCIPALES/Modulo Tarea Compensacion/Crear Histórica Incapacidad/input_Horas Adicionales'

2023-04-10 09:15:10 - [MESSAGE][PASSED] - Text '500' is set on object 'Object Repository/1-OBJECTS TAREAS PRINCIPALES/Modulo Tarea Compensacion/Crear Histórica Incapacidad/input_Horas Adicionales'

2023-04-10 09:15:10 - [TEST_STEP][PASSED] - setText(findTestObject("1-OBJECTS TAREAS PRINCIPALES/Modulo Tarea Compensacion/Crear Histórica Incapacidad/input_Das Acumulados"), "0"): Text '0' is set on object 'Object Repository/1-OBJECTS TAREAS PRINCIPALES/Modulo Tarea Compensacion/Crear Histórica Incapacidad/input_Das Acumulados'

2023-04-10 09:15:11 - [MESSAGE][PASSED] - Text '0' is set on object 'Object Repository/1-OBJECTS TAREAS PRINCIPALES/Modulo Tarea Compensacion/Crear Histórica Incapacidad/input_Das Acumulados'

2023-04-10 09:15:11 - [TEST_STEP][PASSED] - setText(findTestObject("1-OBJECTS TAREAS PRINCIPALES/Modulo Tarea Compensacion/Crear Histórica Incapacidad/input_Inicio_form_incapacidadesEmpleadotabsIncapacidadestabfechaInicioIng_input"), "01/01/2021"): Text '01/01/2021' is set on object 'Object Repository/1-OBJECTS TAREAS PRINCIPALES/Modulo Tarea Compensacion/Crear Histórica Incapacidad/input_Inicio_form_incapacidadesEmpleadotabsIncapacidadestabfechaInicioIng_input'

2023-04-10 09:15:12 - [MESSAGE][PASSED] - Text '01/01/2021' is set on object 'Object Repository/1-OBJECTS TAREAS PRINCIPALES/Modulo Tarea Compensacion/Crear Histórica Incapacidad/input_Inicio_form_incapacidadesEmpleadotabsIncapacidadestabfechaInicioIng_input'

2023-04-10 09:15:12 - [TEST_STEP][PASSED] - selectOptionByIndex(findTestObject("1-OBJECTS TAREAS PRINCIPALES/Modulo Tarea Compensacion/Crear Histórica Incapacidad/select_Entidad"), "11"): All options with index in [11] are selected on object 'Object Repository/1-OBJECTS TAREAS PRINCIPALES/Modulo Tarea Compensacion/Crear Histórica Incapacidad/select_Entidad'

2023-04-10 09:15:14 - [MESSAGE][PASSED] - All options with index in [11] are selected on object 'Object Repository/1-OBJECTS TAREAS PRINCIPALES/Modulo Tarea Compensacion/Crear Histórica Incapacidad/select_Entidad'

2023-04-10 09:15:14 - [TEST_STEP][PASSED] - setText(findTestObject("1-OBJECTS TAREAS PRINCIPALES/Modulo Tarea Compensacion/Crear Histórica Incapacidad/textarea_Observacin"), "PRUEBA"): Text 'PRUEBA' is set on object 'Object Repository/1-OBJECTS TAREAS PRINCIPALES/Modulo Tarea Compensacion/Crear Histórica Incapacidad/textarea_Observacin'

2023-04-10 09:15:15 - [MESSAGE][PASSED] - Text 'PRUEBA' is set on object 'Object Repository/1-OBJECTS TAREAS PRINCIPALES/Modulo Tarea Compensacion/Crear Histórica Incapacidad/textarea_Observacin'

2023-04-10 09:15:15 - [TEST_STEP][PASSED] - click(findTestObject("1-OBJECTS TAREAS PRINCIPALES/Modulo Tarea Compensacion/Crear Histórica Incapacidad/a_Guardar")): Object: 'Object Repository/1-OBJECTS TAREAS PRINCIPALES/Modulo Tarea Compensacion/Crear Histórica Incapacidad/a_Guardar' is clicked on

2023-04-10 09:15:15 - [MESSAGE][PASSED] - Object: 'Object Repository/1-OBJECTS TAREAS PRINCIPALES/Modulo Tarea Compensacion/Crear Histórica Incapacidad/a_Guardar' is clicked on

2023-04-10 09:15:15 - [TEST_STEP][PASSED] - Result = getText(findTestObject("3-OBJECTS UTILIDADES/Alerta/Alerta")): Text of object 'Object Repository/3-OBJECTS UTILIDADES/Alerta/Alerta' is: 'Se adicionó el registro...'

2023-04-10 09:15:16 - [MESSAGE][PASSED] - Text of object 'Object Repository/3-OBJECTS UTILIDADES/Alerta/Alerta' is: 'Se adicionó el registro...'

2023-04-10 09:15:16 - [TEST_STEP][PASSED] - waitForElementClickable(findTestObject("1-OBJECTS TAREAS PRINCIPALES/Modulo Tarea Compensacion/Crear Histórica Incapacidad/a_Eliminar_Incapacidad"), 0): Object 'Object Repository/1-OBJECTS TAREAS PRINCIPALES/Modulo Tarea Compensacion/Crear Histórica Incapacidad/a_Eliminar_Incapacidad' is clickable

2023-04-10 09:15:16 - [MESSAGE][WARNING] - Timeout '0' is invalid. Using default page load timeout: '37'

2023-04-10 09:15:17 - [MESSAGE][PASSED] - Object 'Object Repository/1-OBJECTS TAREAS PRINCIPALES/Modulo Tarea Compensacion/Crear Histórica Incapacidad/a_Eliminar_Incapacidad' is clickable

2023-04-10 09:15:17 - [TEST_STEP][PASSED] - click(findTestObject("1-OBJECTS TAREAS PRINCIPALES/Modulo Tarea Compensacion/Crear Histórica Incapacidad/a_Eliminar_Incapacidad")): Object: 'Object Repository/1-OBJECTS TAREAS PRINCIPALES/Modulo Tarea Compensacion/Crear Histórica Incapacidad/a_Eliminar_Incapacidad' is clicked on

2023-04-10 09:15:17 - [MESSAGE][PASSED] - Object: 'Object Repository/1-OBJECTS TAREAS PRINCIPALES/Modulo Tarea Compensacion/Crear Histórica Incapacidad/a_Eliminar_Incapacidad' is clicked on

2023-04-10 09:15:17 - [TEST_STEP][PASSED] - click(findTestObject("1-OBJECTS TAREAS PRINCIPALES/Modulo Tarea Compensacion/Crear Histórica Incapacidad/a_Aceptar_Eliminar_Incapacidad")): Object: 'Object Repository/1-OBJECTS TAREAS PRINCIPALES/Modulo Tarea Compensacion/Crear Histórica Incapacidad/a_Aceptar_Eliminar_Incapacidad' is clicked on

2023-04-10 09:15:18 - [MESSAGE][PASSED] - Object: 'Object Repository/1-OBJECTS TAREAS PRINCIPALES/Modulo Tarea Compensacion/Crear Histórica Incapacidad/a_Aceptar_Eliminar_Incapacidad' is clicked on

2023-04-10 09:15:18 - [TEST_STEP][PASSED] - if (Result == "Se adicionó el registro..."): Browser is closed

2023-04-10 09:15:18 - [TEST_STEP][PASSED] - closeBrowser(): Browser is closed

2023-04-10 09:15:19 - [MESSAGE][PASSED] - Browser is closed]]></system-out>
         <system-err><![CDATA[]]></system-err>
      </testcase>
      <testcase name="Test Cases/1.1-Tareas Principales/1.7.4-Datos_Básicos_del_Empleado" time="53.77" classname="Test Cases/1.1-Tareas Principales/1.7.4-Datos_Básicos_del_Empleado" status="PASSED">
         <system-out><![CDATA[2023-04-10 09:15:19 - [TEST_CASE][PASSED] - Test Cases/1.1-Tareas Principales/1.7.4-Datos_Básicos_del_Empleado: Test Cases/1.1-Tareas Principales/1.7.4-Datos_Básicos_del_Empleado

2023-04-10 09:15:19 - [TEST_STEP][PASSED] - callTestCase(findTestCase("0.1-Login"), [:], STOP_ON_FAILURE): Call Test Case 'Test Cases/0.1-Login' successfully

2023-04-10 09:15:19 - [TEST_CASE][PASSED] - Test Cases/0.1-Login: Test Cases/0.1-Login

2023-04-10 09:15:19 - [TEST_STEP][PASSED] - openBrowser(""): Browser is opened with url: ''

2023-04-10 09:15:19 - [MESSAGE][INFO] - Starting 'Chrome' driver

2023-04-10 09:15:19 - [MESSAGE][INFO] - Action delay is set to 0 milliseconds

2023-04-10 09:15:20 - [MESSAGE][PASSED] - Browser is opened with url: ''

2023-04-10 09:15:20 - [TEST_STEP][PASSED] - maximizeWindow(): Current window maximized

2023-04-10 09:15:20 - [MESSAGE][PASSED] - Current window maximized

2023-04-10 09:15:20 - [TEST_STEP][PASSED] - i = G_Login: null

2023-04-10 09:15:20 - [TEST_STEP][PASSED] - url = new java.net.URL(i): null

2023-04-10 09:15:20 - [TEST_STEP][PASSED] - println("URL: " + url.toString()): null

2023-04-10 09:15:20 - [TEST_STEP][PASSED] - connection = url.openConnection(): null

2023-04-10 09:15:20 - [TEST_STEP][PASSED] - connection.setRequestMethod("GET"): null

2023-04-10 09:15:20 - [TEST_STEP][PASSED] - connection.setReadTimeout(2 * 1000): null

2023-04-10 09:15:20 - [TEST_STEP][PASSED] - try: null

2023-04-10 09:15:20 - [TEST_STEP][PASSED] - connection.connect(): null

2023-04-10 09:15:21 - [TEST_STEP][PASSED] - flag = connected: null

2023-04-10 09:15:21 - [TEST_STEP][PASSED] - println("Valor_ori: " + flag): null

2023-04-10 09:15:21 - [TEST_STEP][PASSED] - if (flag): null

2023-04-10 09:15:21 - [TEST_STEP][PASSED] - navigateToUrl(i): Navigate to 'http://192.168.2.19:8380/saraweb' successfully

2023-04-10 09:15:21 - [MESSAGE][PASSED] - Navigate to 'http://192.168.2.19:8380/saraweb' successfully

2023-04-10 09:15:21 - [TEST_STEP][PASSED] - a(): null

2023-04-10 09:15:21 - [TEST_STEP][PASSED] - if (waitForElementVisible(findTestObject("3-OBJECTS UTILIDADES/Login/input_USUARIO_loginusuario"), 0)): null

2023-04-10 09:15:21 - [MESSAGE][WARNING] - Timeout '0' is invalid. Using default page load timeout: '37'

2023-04-10 09:15:21 - [MESSAGE][PASSED] - Object 'Object Repository/3-OBJECTS UTILIDADES/Login/input_USUARIO_loginusuario' is visible

2023-04-10 09:15:21 - [TEST_STEP][PASSED] - switchToWindowTitle("SARA"): Switched to window with title: 'SARA'

2023-04-10 09:15:21 - [MESSAGE][PASSED] - Switched to window with title: 'SARA'

2023-04-10 09:15:21 - [TEST_STEP][PASSED] - zoom(): null

2023-04-10 09:15:21 - [TEST_STEP][PASSED] - robot = new java.awt.Robot(): null

2023-04-10 09:15:21 - [TEST_STEP][PASSED] - robot.keyPress(VK_CONTROL): null

2023-04-10 09:15:21 - [TEST_STEP][PASSED] - robot.keyPress(VK_SUBTRACT): null

2023-04-10 09:15:21 - [TEST_STEP][PASSED] - robot.keyRelease(VK_CONTROL): null

2023-04-10 09:15:21 - [TEST_STEP][PASSED] - robot.keyRelease(VK_SUBTRACT): null

2023-04-10 09:15:21 - [TEST_STEP][PASSED] - robot.keyPress(VK_CONTROL): null

2023-04-10 09:15:21 - [TEST_STEP][PASSED] - robot.keyPress(VK_SUBTRACT): null

2023-04-10 09:15:21 - [TEST_STEP][PASSED] - robot.keyRelease(VK_CONTROL): null

2023-04-10 09:15:21 - [TEST_STEP][PASSED] - robot.keyRelease(VK_SUBTRACT): null

2023-04-10 09:15:21 - [TEST_STEP][PASSED] - robot.keyPress(VK_CONTROL): null

2023-04-10 09:15:21 - [TEST_STEP][PASSED] - robot.keyPress(VK_SUBTRACT): null

2023-04-10 09:15:21 - [TEST_STEP][PASSED] - robot.keyRelease(VK_CONTROL): null

2023-04-10 09:15:21 - [TEST_STEP][PASSED] - robot.keyRelease(VK_SUBTRACT): null

2023-04-10 09:15:21 - [TEST_STEP][PASSED] - robot.keyRelease(VK_CONTROL): null

2023-04-10 09:15:21 - [TEST_STEP][PASSED] - robot.keyRelease(VK_SUBTRACT): null

2023-04-10 09:15:21 - [TEST_STEP][PASSED] - setText(findTestObject("3-OBJECTS UTILIDADES/Login/input_USUARIO_loginusuario"), G_Usuario): Text 'saraadmin' is set on object 'Object Repository/3-OBJECTS UTILIDADES/Login/input_USUARIO_loginusuario'

2023-04-10 09:15:22 - [MESSAGE][PASSED] - Text 'saraadmin' is set on object 'Object Repository/3-OBJECTS UTILIDADES/Login/input_USUARIO_loginusuario'

2023-04-10 09:15:22 - [TEST_STEP][PASSED] - setEncryptedText(findTestObject("3-OBJECTS UTILIDADES/Login/input_CLAVE_loginpassword"), "SlAwMcyRKqrwbnzhAs8HhT6NnI7sEyng"): Text ****** has been set on object 'Object Repository/3-OBJECTS UTILIDADES/Login/input_CLAVE_loginpassword'

2023-04-10 09:15:23 - [MESSAGE][PASSED] - Text ****** has been set on object 'Object Repository/3-OBJECTS UTILIDADES/Login/input_CLAVE_loginpassword'

2023-04-10 09:15:23 - [TEST_STEP][PASSED] - while (waitForElementClickable(findTestObject("3-OBJECTS UTILIDADES/Login/a_Ingresar"), 1)): Web element with id: 'Object Repository/3-OBJECTS UTILIDADES/Login/a_Ingresar' located by '//a[contains(text(),'Ingresar')]' not found

2023-04-10 09:15:25 - [MESSAGE][INFO] - Unable to find the element located by 'By.xpath: //a[contains(text(),'Ingresar')]'. Please recheck the objects properties to make sure the desired element is located. 

2023-04-10 09:15:25 - [MESSAGE][WARNING] - Web element with id: 'Object Repository/3-OBJECTS UTILIDADES/Login/a_Ingresar' located by '//a[contains(text(),'Ingresar')]' not found

2023-04-10 09:15:25 - [MESSAGE][PASSED] - Call Test Case 'Test Cases/0.1-Login' successfully

2023-04-10 09:15:25 - [TEST_STEP][PASSED] - waitForElementClickable(findTestObject("1-OBJECTS TAREAS PRINCIPALES/Modulo Actos Administrativos/Datos_Básicos_del_Empleado/input_Evento Bienestar_form_templatej_idt24_input"), 0): Object 'Object Repository/1-OBJECTS TAREAS PRINCIPALES/Modulo Actos Administrativos/Datos_Básicos_del_Empleado/input_Evento Bienestar_form_templatej_idt24_input' is clickable

2023-04-10 09:15:25 - [MESSAGE][WARNING] - Timeout '0' is invalid. Using default page load timeout: '37'

2023-04-10 09:15:26 - [MESSAGE][PASSED] - Object 'Object Repository/1-OBJECTS TAREAS PRINCIPALES/Modulo Actos Administrativos/Datos_Básicos_del_Empleado/input_Evento Bienestar_form_templatej_idt24_input' is clickable

2023-04-10 09:15:26 - [TEST_STEP][PASSED] - setText(findTestObject("1-OBJECTS TAREAS PRINCIPALES/Modulo Actos Administrativos/Datos_Básicos_del_Empleado/input_Evento Bienestar_form_templatej_idt24_input"), "Listado de Empleados (com)"): Text 'Listado de Empleados (com)' is set on object 'Object Repository/1-OBJECTS TAREAS PRINCIPALES/Modulo Actos Administrativos/Datos_Básicos_del_Empleado/input_Evento Bienestar_form_templatej_idt24_input'

2023-04-10 09:15:26 - [MESSAGE][PASSED] - Text 'Listado de Empleados (com)' is set on object 'Object Repository/1-OBJECTS TAREAS PRINCIPALES/Modulo Actos Administrativos/Datos_Básicos_del_Empleado/input_Evento Bienestar_form_templatej_idt24_input'

2023-04-10 09:15:26 - [TEST_STEP][PASSED] - click(findTestObject("1-OBJECTS TAREAS PRINCIPALES/Modulo Actos Administrativos/Datos_Básicos_del_Empleado/span_Listado de Empleados (com)")): Object: 'Object Repository/1-OBJECTS TAREAS PRINCIPALES/Modulo Actos Administrativos/Datos_Básicos_del_Empleado/span_Listado de Empleados (com)' is clicked on

2023-04-10 09:15:28 - [MESSAGE][PASSED] - Object: 'Object Repository/1-OBJECTS TAREAS PRINCIPALES/Modulo Actos Administrativos/Datos_Básicos_del_Empleado/span_Listado de Empleados (com)' is clicked on

2023-04-10 09:15:28 - [TEST_STEP][PASSED] - waitForElementVisible(findTestObject("1-OBJECTS TAREAS PRINCIPALES/Modulo Actos Administrativos/Datos_Básicos_del_Empleado/span_Listado de Empleados (com)"), 1): Web element with id: 'Object Repository/1-OBJECTS TAREAS PRINCIPALES/Modulo Actos Administrativos/Datos_Básicos_del_Empleado/span_Listado de Empleados (com)' located by '//span/ul/li/span' not found

2023-04-10 09:15:30 - [MESSAGE][INFO] - Unable to find the element located by 'By.xpath: //span/ul/li/span'. Please recheck the objects properties to make sure the desired element is located. 

2023-04-10 09:15:30 - [MESSAGE][WARNING] - Web element with id: 'Object Repository/1-OBJECTS TAREAS PRINCIPALES/Modulo Actos Administrativos/Datos_Básicos_del_Empleado/span_Listado de Empleados (com)' located by '//span/ul/li/span' not found

2023-04-10 09:15:30 - [TEST_STEP][PASSED] - setText(findTestObject("1-OBJECTS TAREAS PRINCIPALES/Modulo Actos Administrativos/Datos_Básicos_del_Empleado/input_Identificacin_listadoEmpleadoIdentificacionEmpleado"), "1234567890"): Text '1234567890' is set on object 'Object Repository/1-OBJECTS TAREAS PRINCIPALES/Modulo Actos Administrativos/Datos_Básicos_del_Empleado/input_Identificacin_listadoEmpleadoIdentificacionEmpleado'

2023-04-10 09:15:31 - [MESSAGE][PASSED] - Text '1234567890' is set on object 'Object Repository/1-OBJECTS TAREAS PRINCIPALES/Modulo Actos Administrativos/Datos_Básicos_del_Empleado/input_Identificacin_listadoEmpleadoIdentificacionEmpleado'

2023-04-10 09:15:31 - [TEST_STEP][PASSED] - sendKeys(findTestObject("1-OBJECTS TAREAS PRINCIPALES/Modulo Actos Administrativos/Datos_Básicos_del_Empleado/input_Identificacin_listadoEmpleadoIdentificacionEmpleado"), Keys.chord(ENTER)): Keys 'ENTER + ' sent to object: 'Object Repository/1-OBJECTS TAREAS PRINCIPALES/Modulo Actos Administrativos/Datos_Básicos_del_Empleado/input_Identificacin_listadoEmpleadoIdentificacionEmpleado'

2023-04-10 09:15:31 - [MESSAGE][PASSED] - Keys 'ENTER + ' sent to object: 'Object Repository/1-OBJECTS TAREAS PRINCIPALES/Modulo Actos Administrativos/Datos_Básicos_del_Empleado/input_Identificacin_listadoEmpleadoIdentificacionEmpleado'

2023-04-10 09:15:31 - [TEST_STEP][PASSED] - click(findTestObject("1-OBJECTS TAREAS PRINCIPALES/Modulo Actos Administrativos/Datos_Básicos_del_Empleado/span_1234567890")): Object: 'Object Repository/1-OBJECTS TAREAS PRINCIPALES/Modulo Actos Administrativos/Datos_Básicos_del_Empleado/span_1234567890' is clicked on

2023-04-10 09:15:33 - [MESSAGE][PASSED] - Object: 'Object Repository/1-OBJECTS TAREAS PRINCIPALES/Modulo Actos Administrativos/Datos_Básicos_del_Empleado/span_1234567890' is clicked on

2023-04-10 09:15:33 - [TEST_STEP][PASSED] - click(findTestObject("1-OBJECTS TAREAS PRINCIPALES/Modulo Actos Administrativos/Datos_Básicos_del_Empleado/a_Datos Empleado")): Object: 'Object Repository/1-OBJECTS TAREAS PRINCIPALES/Modulo Actos Administrativos/Datos_Básicos_del_Empleado/a_Datos Empleado' is clicked on

2023-04-10 09:15:34 - [MESSAGE][PASSED] - Object: 'Object Repository/1-OBJECTS TAREAS PRINCIPALES/Modulo Actos Administrativos/Datos_Básicos_del_Empleado/a_Datos Empleado' is clicked on

2023-04-10 09:15:34 - [TEST_STEP][PASSED] - click(findTestObject("1-OBJECTS TAREAS PRINCIPALES/Modulo Actos Administrativos/Datos_Básicos_del_Empleado/a_Pestaa_Variable")): Object: 'Object Repository/1-OBJECTS TAREAS PRINCIPALES/Modulo Actos Administrativos/Datos_Básicos_del_Empleado/a_Pestaa_Variable' is clicked on

2023-04-10 09:15:34 - [MESSAGE][PASSED] - Object: 'Object Repository/1-OBJECTS TAREAS PRINCIPALES/Modulo Actos Administrativos/Datos_Básicos_del_Empleado/a_Pestaa_Variable' is clicked on

2023-04-10 09:15:34 - [TEST_STEP][PASSED] - if (waitForElementClickable(findTestObject("1-OBJECTS TAREAS PRINCIPALES/Modulo Actos Administrativos/Datos_Básicos_del_Empleado/span_Metodo De Retencion En La Fuen"), 1)): null

2023-04-10 09:15:35 - [MESSAGE][PASSED] - Object 'Object Repository/1-OBJECTS TAREAS PRINCIPALES/Modulo Actos Administrativos/Datos_Básicos_del_Empleado/span_Metodo De Retencion En La Fuen' is clickable

2023-04-10 09:15:35 - [TEST_STEP][PASSED] - click(findTestObject("1-OBJECTS TAREAS PRINCIPALES/Modulo Actos Administrativos/Datos_Básicos_del_Empleado/span_Metodo De Retencion En La Fuen")): Object: 'Object Repository/1-OBJECTS TAREAS PRINCIPALES/Modulo Actos Administrativos/Datos_Básicos_del_Empleado/span_Metodo De Retencion En La Fuen' is clicked on

2023-04-10 09:15:35 - [MESSAGE][PASSED] - Object: 'Object Repository/1-OBJECTS TAREAS PRINCIPALES/Modulo Actos Administrativos/Datos_Básicos_del_Empleado/span_Metodo De Retencion En La Fuen' is clicked on

2023-04-10 09:15:35 - [TEST_STEP][PASSED] - sendKeys(findTestObject("1-OBJECTS TAREAS PRINCIPALES/Modulo Actos Administrativos/Datos_Básicos_del_Empleado/input_Hasta_variableempleado_formfechaHasta_input"), Keys.chord(ESCAPE)): Keys 'ESCAPE + ' sent to object: 'Object Repository/1-OBJECTS TAREAS PRINCIPALES/Modulo Actos Administrativos/Datos_Básicos_del_Empleado/input_Hasta_variableempleado_formfechaHasta_input'

2023-04-10 09:15:36 - [MESSAGE][PASSED] - Keys 'ESCAPE + ' sent to object: 'Object Repository/1-OBJECTS TAREAS PRINCIPALES/Modulo Actos Administrativos/Datos_Básicos_del_Empleado/input_Hasta_variableempleado_formfechaHasta_input'

2023-04-10 09:15:36 - [TEST_STEP][PASSED] - click(findTestObject("1-OBJECTS TAREAS PRINCIPALES/Modulo Actos Administrativos/Datos_Básicos_del_Empleado/a_Eliminar_Variable")): Object: 'Object Repository/1-OBJECTS TAREAS PRINCIPALES/Modulo Actos Administrativos/Datos_Básicos_del_Empleado/a_Eliminar_Variable' is clicked on

2023-04-10 09:15:36 - [MESSAGE][PASSED] - Object: 'Object Repository/1-OBJECTS TAREAS PRINCIPALES/Modulo Actos Administrativos/Datos_Básicos_del_Empleado/a_Eliminar_Variable' is clicked on

2023-04-10 09:15:36 - [TEST_STEP][PASSED] - click(findTestObject("1-OBJECTS TAREAS PRINCIPALES/Modulo Actos Administrativos/Datos_Básicos_del_Empleado/span_Si")): Object: 'Object Repository/1-OBJECTS TAREAS PRINCIPALES/Modulo Actos Administrativos/Datos_Básicos_del_Empleado/span_Si' is clicked on

2023-04-10 09:15:37 - [MESSAGE][PASSED] - Object: 'Object Repository/1-OBJECTS TAREAS PRINCIPALES/Modulo Actos Administrativos/Datos_Básicos_del_Empleado/span_Si' is clicked on

2023-04-10 09:15:37 - [TEST_STEP][PASSED] - click(findTestObject("1-OBJECTS TAREAS PRINCIPALES/Modulo Actos Administrativos/Datos_Básicos_del_Empleado/a_Nuevo_Variable")): Object: 'Object Repository/1-OBJECTS TAREAS PRINCIPALES/Modulo Actos Administrativos/Datos_Básicos_del_Empleado/a_Nuevo_Variable' is clicked on

2023-04-10 09:15:38 - [MESSAGE][PASSED] - Object: 'Object Repository/1-OBJECTS TAREAS PRINCIPALES/Modulo Actos Administrativos/Datos_Básicos_del_Empleado/a_Nuevo_Variable' is clicked on

2023-04-10 09:15:38 - [TEST_STEP][PASSED] - selectOptionByIndex(findTestObject("1-OBJECTS TAREAS PRINCIPALES/Modulo Actos Administrativos/Datos_Básicos_del_Empleado/select_Variable"), 43): All options with index in [43] are selected on object 'Object Repository/1-OBJECTS TAREAS PRINCIPALES/Modulo Actos Administrativos/Datos_Básicos_del_Empleado/select_Variable'

2023-04-10 09:15:40 - [MESSAGE][PASSED] - All options with index in [43] are selected on object 'Object Repository/1-OBJECTS TAREAS PRINCIPALES/Modulo Actos Administrativos/Datos_Básicos_del_Empleado/select_Variable'

2023-04-10 09:15:40 - [TEST_STEP][PASSED] - setText(findTestObject("1-OBJECTS TAREAS PRINCIPALES/Modulo Actos Administrativos/Datos_Básicos_del_Empleado/input_Vigencia_variableempleado_formfechaVigencia_input"), "01/08/2018"): Text '01/08/2018' is set on object 'Object Repository/1-OBJECTS TAREAS PRINCIPALES/Modulo Actos Administrativos/Datos_Básicos_del_Empleado/input_Vigencia_variableempleado_formfechaVigencia_input'

2023-04-10 09:15:41 - [MESSAGE][PASSED] - Text '01/08/2018' is set on object 'Object Repository/1-OBJECTS TAREAS PRINCIPALES/Modulo Actos Administrativos/Datos_Básicos_del_Empleado/input_Vigencia_variableempleado_formfechaVigencia_input'

2023-04-10 09:15:41 - [TEST_STEP][PASSED] - setText(findTestObject("1-OBJECTS TAREAS PRINCIPALES/Modulo Actos Administrativos/Datos_Básicos_del_Empleado/input_Valor_variableempleado_formvalor"), "0"): Text '0' is set on object 'Object Repository/1-OBJECTS TAREAS PRINCIPALES/Modulo Actos Administrativos/Datos_Básicos_del_Empleado/input_Valor_variableempleado_formvalor'

2023-04-10 09:15:42 - [MESSAGE][PASSED] - Text '0' is set on object 'Object Repository/1-OBJECTS TAREAS PRINCIPALES/Modulo Actos Administrativos/Datos_Básicos_del_Empleado/input_Valor_variableempleado_formvalor'

2023-04-10 09:15:42 - [TEST_STEP][PASSED] - selectOptionByIndex(findTestObject("1-OBJECTS TAREAS PRINCIPALES/Modulo Actos Administrativos/Datos_Básicos_del_Empleado/select_-- seleccione --Ciclo 0Ciclo 1Ciclo 2"), "1"): All options with index in [1] are selected on object 'Object Repository/1-OBJECTS TAREAS PRINCIPALES/Modulo Actos Administrativos/Datos_Básicos_del_Empleado/select_-- seleccione --Ciclo 0Ciclo 1Ciclo 2'

2023-04-10 09:15:43 - [MESSAGE][PASSED] - All options with index in [1] are selected on object 'Object Repository/1-OBJECTS TAREAS PRINCIPALES/Modulo Actos Administrativos/Datos_Básicos_del_Empleado/select_-- seleccione --Ciclo 0Ciclo 1Ciclo 2'

2023-04-10 09:15:43 - [TEST_STEP][PASSED] - click(findTestObject("1-OBJECTS TAREAS PRINCIPALES/Modulo Actos Administrativos/Datos_Básicos_del_Empleado/a_Aplicar_variable")): Object: 'Object Repository/1-OBJECTS TAREAS PRINCIPALES/Modulo Actos Administrativos/Datos_Básicos_del_Empleado/a_Aplicar_variable' is clicked on

2023-04-10 09:15:44 - [MESSAGE][PASSED] - Object: 'Object Repository/1-OBJECTS TAREAS PRINCIPALES/Modulo Actos Administrativos/Datos_Básicos_del_Empleado/a_Aplicar_variable' is clicked on

2023-04-10 09:15:44 - [TEST_STEP][PASSED] - waitForElementClickable(findTestObject("1-OBJECTS TAREAS PRINCIPALES/Modulo Actos Administrativos/Datos_Básicos_del_Empleado/a_Novedad Fecha"), 0): Object 'Object Repository/1-OBJECTS TAREAS PRINCIPALES/Modulo Actos Administrativos/Datos_Básicos_del_Empleado/a_Novedad Fecha' is clickable

2023-04-10 09:15:44 - [MESSAGE][WARNING] - Timeout '0' is invalid. Using default page load timeout: '37'

2023-04-10 09:15:44 - [MESSAGE][PASSED] - Object 'Object Repository/1-OBJECTS TAREAS PRINCIPALES/Modulo Actos Administrativos/Datos_Básicos_del_Empleado/a_Novedad Fecha' is clickable

2023-04-10 09:15:44 - [TEST_STEP][PASSED] - click(findTestObject("1-OBJECTS TAREAS PRINCIPALES/Modulo Actos Administrativos/Datos_Básicos_del_Empleado/a_Novedad Fecha")): Object: 'Object Repository/1-OBJECTS TAREAS PRINCIPALES/Modulo Actos Administrativos/Datos_Básicos_del_Empleado/a_Novedad Fecha' is clicked on

2023-04-10 09:15:45 - [MESSAGE][PASSED] - Object: 'Object Repository/1-OBJECTS TAREAS PRINCIPALES/Modulo Actos Administrativos/Datos_Básicos_del_Empleado/a_Novedad Fecha' is clicked on

2023-04-10 09:15:45 - [TEST_STEP][PASSED] - if (waitForElementClickable(findTestObject("1-OBJECTS TAREAS PRINCIPALES/Modulo Actos Administrativos/Datos_Básicos_del_Empleado/span_Recargo Nocturno"), 1)): null

2023-04-10 09:15:45 - [MESSAGE][PASSED] - Object 'Object Repository/1-OBJECTS TAREAS PRINCIPALES/Modulo Actos Administrativos/Datos_Básicos_del_Empleado/span_Recargo Nocturno' is clickable

2023-04-10 09:15:45 - [TEST_STEP][PASSED] - click(findTestObject("1-OBJECTS TAREAS PRINCIPALES/Modulo Actos Administrativos/Datos_Básicos_del_Empleado/span_Recargo Nocturno")): Object: 'Object Repository/1-OBJECTS TAREAS PRINCIPALES/Modulo Actos Administrativos/Datos_Básicos_del_Empleado/span_Recargo Nocturno' is clicked on

2023-04-10 09:15:46 - [MESSAGE][PASSED] - Object: 'Object Repository/1-OBJECTS TAREAS PRINCIPALES/Modulo Actos Administrativos/Datos_Básicos_del_Empleado/span_Recargo Nocturno' is clicked on

2023-04-10 09:15:46 - [TEST_STEP][PASSED] - click(findTestObject("1-OBJECTS TAREAS PRINCIPALES/Modulo Actos Administrativos/Datos_Básicos_del_Empleado/a_Eliminar_Novedad")): Object: 'Object Repository/1-OBJECTS TAREAS PRINCIPALES/Modulo Actos Administrativos/Datos_Básicos_del_Empleado/a_Eliminar_Novedad' is clicked on

2023-04-10 09:15:46 - [MESSAGE][PASSED] - Object: 'Object Repository/1-OBJECTS TAREAS PRINCIPALES/Modulo Actos Administrativos/Datos_Básicos_del_Empleado/a_Eliminar_Novedad' is clicked on

2023-04-10 09:15:46 - [TEST_STEP][PASSED] - click(findTestObject("1-OBJECTS TAREAS PRINCIPALES/Modulo Actos Administrativos/Datos_Básicos_del_Empleado/span_Si_Novedad")): Object: 'Object Repository/1-OBJECTS TAREAS PRINCIPALES/Modulo Actos Administrativos/Datos_Básicos_del_Empleado/span_Si_Novedad' is clicked on

2023-04-10 09:15:47 - [MESSAGE][PASSED] - Object: 'Object Repository/1-OBJECTS TAREAS PRINCIPALES/Modulo Actos Administrativos/Datos_Básicos_del_Empleado/span_Si_Novedad' is clicked on

2023-04-10 09:15:47 - [TEST_STEP][PASSED] - click(findTestObject("1-OBJECTS TAREAS PRINCIPALES/Modulo Actos Administrativos/Datos_Básicos_del_Empleado/a_Nuevo_Novedad")): Object: 'Object Repository/1-OBJECTS TAREAS PRINCIPALES/Modulo Actos Administrativos/Datos_Básicos_del_Empleado/a_Nuevo_Novedad' is clicked on

2023-04-10 09:15:48 - [MESSAGE][PASSED] - Object: 'Object Repository/1-OBJECTS TAREAS PRINCIPALES/Modulo Actos Administrativos/Datos_Básicos_del_Empleado/a_Nuevo_Novedad' is clicked on

2023-04-10 09:15:48 - [TEST_STEP][PASSED] - selectOptionByIndex(findTestObject("1-OBJECTS TAREAS PRINCIPALES/Modulo Actos Administrativos/Datos_Básicos_del_Empleado/select_Auxilio Subsidio Familiar"), 9): All options with index in [9] are selected on object 'Object Repository/1-OBJECTS TAREAS PRINCIPALES/Modulo Actos Administrativos/Datos_Básicos_del_Empleado/select_Auxilio Subsidio Familiar'

2023-04-10 09:15:50 - [MESSAGE][PASSED] - All options with index in [9] are selected on object 'Object Repository/1-OBJECTS TAREAS PRINCIPALES/Modulo Actos Administrativos/Datos_Básicos_del_Empleado/select_Auxilio Subsidio Familiar'

2023-04-10 09:15:50 - [TEST_STEP][PASSED] - setText(findTestObject("1-OBJECTS TAREAS PRINCIPALES/Modulo Actos Administrativos/Datos_Básicos_del_Empleado/input_Vigencia_"), "01/07/2018"): Text '01/07/2018' is set on object 'Object Repository/1-OBJECTS TAREAS PRINCIPALES/Modulo Actos Administrativos/Datos_Básicos_del_Empleado/input_Vigencia_'

2023-04-10 09:15:51 - [MESSAGE][PASSED] - Text '01/07/2018' is set on object 'Object Repository/1-OBJECTS TAREAS PRINCIPALES/Modulo Actos Administrativos/Datos_Básicos_del_Empleado/input_Vigencia_'

2023-04-10 09:15:51 - [TEST_STEP][PASSED] - setText(findTestObject("1-OBJECTS TAREAS PRINCIPALES/Modulo Actos Administrativos/Datos_Básicos_del_Empleado/input_Valor_"), "1"): Text '1' is set on object 'Object Repository/1-OBJECTS TAREAS PRINCIPALES/Modulo Actos Administrativos/Datos_Básicos_del_Empleado/input_Valor_'

2023-04-10 09:15:52 - [MESSAGE][PASSED] - Text '1' is set on object 'Object Repository/1-OBJECTS TAREAS PRINCIPALES/Modulo Actos Administrativos/Datos_Básicos_del_Empleado/input_Valor_'

2023-04-10 09:15:52 - [TEST_STEP][PASSED] - click(findTestObject("1-OBJECTS TAREAS PRINCIPALES/Modulo Actos Administrativos/Datos_Básicos_del_Empleado/a_Zona Econmica_variableempleado_formj_idt2653")): Object: 'Object Repository/1-OBJECTS TAREAS PRINCIPALES/Modulo Actos Administrativos/Datos_Básicos_del_Empleado/a_Zona Econmica_variableempleado_formj_idt2653' is clicked on

2023-04-10 09:15:53 - [MESSAGE][PASSED] - Object: 'Object Repository/1-OBJECTS TAREAS PRINCIPALES/Modulo Actos Administrativos/Datos_Básicos_del_Empleado/a_Zona Econmica_variableempleado_formj_idt2653' is clicked on

2023-04-10 09:15:53 - [TEST_STEP][PASSED] - click(findTestObject("1-OBJECTS TAREAS PRINCIPALES/Modulo Actos Administrativos/Datos_Básicos_del_Empleado/span_ADMINISTRATIVA")): Object: 'Object Repository/1-OBJECTS TAREAS PRINCIPALES/Modulo Actos Administrativos/Datos_Básicos_del_Empleado/span_ADMINISTRATIVA' is clicked on

2023-04-10 09:15:54 - [MESSAGE][PASSED] - Object: 'Object Repository/1-OBJECTS TAREAS PRINCIPALES/Modulo Actos Administrativos/Datos_Básicos_del_Empleado/span_ADMINISTRATIVA' is clicked on

2023-04-10 09:15:54 - [TEST_STEP][PASSED] - selectOptionByIndex(findTestObject("1-OBJECTS TAREAS PRINCIPALES/Modulo Actos Administrativos/Datos_Básicos_del_Empleado/select_1 - ADMINISTRATIVO. - NO RELACIONADA9999 - SUBCENTROS"), 1): All options with index in [1] are selected on object 'Object Repository/1-OBJECTS TAREAS PRINCIPALES/Modulo Actos Administrativos/Datos_Básicos_del_Empleado/select_1 - ADMINISTRATIVO. - NO RELACIONADA9999 - SUBCENTROS'

2023-04-10 09:15:55 - [MESSAGE][PASSED] - All options with index in [1] are selected on object 'Object Repository/1-OBJECTS TAREAS PRINCIPALES/Modulo Actos Administrativos/Datos_Básicos_del_Empleado/select_1 - ADMINISTRATIVO. - NO RELACIONADA9999 - SUBCENTROS'

2023-04-10 09:15:55 - [TEST_STEP][PASSED] - setText(findTestObject("1-OBJECTS TAREAS PRINCIPALES/Modulo Actos Administrativos/Datos_Básicos_del_Empleado/input_Cantidad_variableempleado_formcantidad"), "10"): Text '10' is set on object 'Object Repository/1-OBJECTS TAREAS PRINCIPALES/Modulo Actos Administrativos/Datos_Básicos_del_Empleado/input_Cantidad_variableempleado_formcantidad'

2023-04-10 09:15:56 - [MESSAGE][PASSED] - Text '10' is set on object 'Object Repository/1-OBJECTS TAREAS PRINCIPALES/Modulo Actos Administrativos/Datos_Básicos_del_Empleado/input_Cantidad_variableempleado_formcantidad'

2023-04-10 09:15:56 - [TEST_STEP][PASSED] - selectOptionByIndex(findTestObject("1-OBJECTS TAREAS PRINCIPALES/Modulo Actos Administrativos/Datos_Básicos_del_Empleado/select_-- seleccione"), "1"): All options with index in [1] are selected on object 'Object Repository/1-OBJECTS TAREAS PRINCIPALES/Modulo Actos Administrativos/Datos_Básicos_del_Empleado/select_-- seleccione'

2023-04-10 09:15:57 - [MESSAGE][PASSED] - All options with index in [1] are selected on object 'Object Repository/1-OBJECTS TAREAS PRINCIPALES/Modulo Actos Administrativos/Datos_Básicos_del_Empleado/select_-- seleccione'

2023-04-10 09:15:57 - [TEST_STEP][PASSED] - setText(findTestObject("1-OBJECTS TAREAS PRINCIPALES/Modulo Actos Administrativos/Datos_Básicos_del_Empleado/input_Presupuestal_variableempleado_formpresupuestal"), "100"): Text '100' is set on object 'Object Repository/1-OBJECTS TAREAS PRINCIPALES/Modulo Actos Administrativos/Datos_Básicos_del_Empleado/input_Presupuestal_variableempleado_formpresupuestal'

2023-04-10 09:15:58 - [MESSAGE][PASSED] - Text '100' is set on object 'Object Repository/1-OBJECTS TAREAS PRINCIPALES/Modulo Actos Administrativos/Datos_Básicos_del_Empleado/input_Presupuestal_variableempleado_formpresupuestal'

2023-04-10 09:15:58 - [TEST_STEP][PASSED] - click(findTestObject("1-OBJECTS TAREAS PRINCIPALES/Modulo Actos Administrativos/Datos_Básicos_del_Empleado/a_Aplicar_Novedad Fecha")): Object: 'Object Repository/1-OBJECTS TAREAS PRINCIPALES/Modulo Actos Administrativos/Datos_Básicos_del_Empleado/a_Aplicar_Novedad Fecha' is clicked on

2023-04-10 09:15:58 - [MESSAGE][PASSED] - Object: 'Object Repository/1-OBJECTS TAREAS PRINCIPALES/Modulo Actos Administrativos/Datos_Básicos_del_Empleado/a_Aplicar_Novedad Fecha' is clicked on

2023-04-10 09:15:58 - [TEST_STEP][PASSED] - click(findTestObject("1-OBJECTS TAREAS PRINCIPALES/Modulo Actos Administrativos/Datos_Básicos_del_Empleado/a_Concepto")): Object: 'Object Repository/1-OBJECTS TAREAS PRINCIPALES/Modulo Actos Administrativos/Datos_Básicos_del_Empleado/a_Concepto' is clicked on

2023-04-10 09:15:59 - [MESSAGE][PASSED] - Object: 'Object Repository/1-OBJECTS TAREAS PRINCIPALES/Modulo Actos Administrativos/Datos_Básicos_del_Empleado/a_Concepto' is clicked on

2023-04-10 09:15:59 - [TEST_STEP][PASSED] - if (waitForElementClickable(findTestObject("1-OBJECTS TAREAS PRINCIPALES/Modulo Actos Administrativos/Datos_Básicos_del_Empleado/span_Hora Extra Diurna Festiva_Concepto"), 1)): null

2023-04-10 09:16:00 - [MESSAGE][PASSED] - Object 'Object Repository/1-OBJECTS TAREAS PRINCIPALES/Modulo Actos Administrativos/Datos_Básicos_del_Empleado/span_Hora Extra Diurna Festiva_Concepto' is clickable

2023-04-10 09:16:00 - [TEST_STEP][PASSED] - click(findTestObject("1-OBJECTS TAREAS PRINCIPALES/Modulo Actos Administrativos/Datos_Básicos_del_Empleado/span_Hora Extra Diurna Festiva_Concepto")): Object: 'Object Repository/1-OBJECTS TAREAS PRINCIPALES/Modulo Actos Administrativos/Datos_Básicos_del_Empleado/span_Hora Extra Diurna Festiva_Concepto' is clicked on

2023-04-10 09:16:00 - [MESSAGE][PASSED] - Object: 'Object Repository/1-OBJECTS TAREAS PRINCIPALES/Modulo Actos Administrativos/Datos_Básicos_del_Empleado/span_Hora Extra Diurna Festiva_Concepto' is clicked on

2023-04-10 09:16:00 - [TEST_STEP][PASSED] - sendKeys(findTestObject("1-OBJECTS TAREAS PRINCIPALES/Modulo Actos Administrativos/Datos_Básicos_del_Empleado/input_Hasta_conceptoempleado_formfechaHasta_input_Concepto"), Keys.chord(ESCAPE)): Keys 'ESCAPE + ' sent to object: 'Object Repository/1-OBJECTS TAREAS PRINCIPALES/Modulo Actos Administrativos/Datos_Básicos_del_Empleado/input_Hasta_conceptoempleado_formfechaHasta_input_Concepto'

2023-04-10 09:16:01 - [MESSAGE][PASSED] - Keys 'ESCAPE + ' sent to object: 'Object Repository/1-OBJECTS TAREAS PRINCIPALES/Modulo Actos Administrativos/Datos_Básicos_del_Empleado/input_Hasta_conceptoempleado_formfechaHasta_input_Concepto'

2023-04-10 09:16:01 - [TEST_STEP][PASSED] - click(findTestObject("1-OBJECTS TAREAS PRINCIPALES/Modulo Actos Administrativos/Datos_Básicos_del_Empleado/a_Eliminar_concepto")): Object: 'Object Repository/1-OBJECTS TAREAS PRINCIPALES/Modulo Actos Administrativos/Datos_Básicos_del_Empleado/a_Eliminar_concepto' is clicked on

2023-04-10 09:16:01 - [MESSAGE][PASSED] - Object: 'Object Repository/1-OBJECTS TAREAS PRINCIPALES/Modulo Actos Administrativos/Datos_Básicos_del_Empleado/a_Eliminar_concepto' is clicked on

2023-04-10 09:16:01 - [TEST_STEP][PASSED] - click(findTestObject("1-OBJECTS TAREAS PRINCIPALES/Modulo Actos Administrativos/Datos_Básicos_del_Empleado/span_Si_concepto")): Object: 'Object Repository/1-OBJECTS TAREAS PRINCIPALES/Modulo Actos Administrativos/Datos_Básicos_del_Empleado/span_Si_concepto' is clicked on

2023-04-10 09:16:01 - [MESSAGE][PASSED] - Object: 'Object Repository/1-OBJECTS TAREAS PRINCIPALES/Modulo Actos Administrativos/Datos_Básicos_del_Empleado/span_Si_concepto' is clicked on

2023-04-10 09:16:01 - [TEST_STEP][PASSED] - click(findTestObject("1-OBJECTS TAREAS PRINCIPALES/Modulo Actos Administrativos/Datos_Básicos_del_Empleado/a_Nuevo_Concepto")): Object: 'Object Repository/1-OBJECTS TAREAS PRINCIPALES/Modulo Actos Administrativos/Datos_Básicos_del_Empleado/a_Nuevo_Concepto' is clicked on

2023-04-10 09:16:02 - [MESSAGE][PASSED] - Object: 'Object Repository/1-OBJECTS TAREAS PRINCIPALES/Modulo Actos Administrativos/Datos_Básicos_del_Empleado/a_Nuevo_Concepto' is clicked on

2023-04-10 09:16:02 - [TEST_STEP][PASSED] - click(findTestObject("1-OBJECTS TAREAS PRINCIPALES/Modulo Actos Administrativos/Datos_Básicos_del_Empleado/a_Concepto_conceptoempleado_formj_idt453")): Object: 'Object Repository/1-OBJECTS TAREAS PRINCIPALES/Modulo Actos Administrativos/Datos_Básicos_del_Empleado/a_Concepto_conceptoempleado_formj_idt453' is clicked on

2023-04-10 09:16:03 - [MESSAGE][PASSED] - Object: 'Object Repository/1-OBJECTS TAREAS PRINCIPALES/Modulo Actos Administrativos/Datos_Básicos_del_Empleado/a_Concepto_conceptoempleado_formj_idt453' is clicked on

2023-04-10 09:16:03 - [TEST_STEP][PASSED] - click(findTestObject("1-OBJECTS TAREAS PRINCIPALES/Modulo Actos Administrativos/Datos_Básicos_del_Empleado/label_Concepto")): Object: 'Object Repository/1-OBJECTS TAREAS PRINCIPALES/Modulo Actos Administrativos/Datos_Básicos_del_Empleado/label_Concepto' is clicked on

2023-04-10 09:16:04 - [MESSAGE][PASSED] - Object: 'Object Repository/1-OBJECTS TAREAS PRINCIPALES/Modulo Actos Administrativos/Datos_Básicos_del_Empleado/label_Concepto' is clicked on

2023-04-10 09:16:04 - [TEST_STEP][PASSED] - setText(findTestObject("1-OBJECTS TAREAS PRINCIPALES/Modulo Actos Administrativos/Datos_Básicos_del_Empleado/input_concepto"), "HORA EXTRA DIURNA FESTIVA"): Text 'HORA EXTRA DIURNA FESTIVA' is set on object 'Object Repository/1-OBJECTS TAREAS PRINCIPALES/Modulo Actos Administrativos/Datos_Básicos_del_Empleado/input_concepto'

2023-04-10 09:16:05 - [MESSAGE][PASSED] - Text 'HORA EXTRA DIURNA FESTIVA' is set on object 'Object Repository/1-OBJECTS TAREAS PRINCIPALES/Modulo Actos Administrativos/Datos_Básicos_del_Empleado/input_concepto'

2023-04-10 09:16:05 - [TEST_STEP][PASSED] - sendKeys(findTestObject("1-OBJECTS TAREAS PRINCIPALES/Modulo Actos Administrativos/Datos_Básicos_del_Empleado/input_concepto"), Keys.chord(ENTER)): Keys 'ENTER + ' sent to object: 'Object Repository/1-OBJECTS TAREAS PRINCIPALES/Modulo Actos Administrativos/Datos_Básicos_del_Empleado/input_concepto'

2023-04-10 09:16:05 - [MESSAGE][PASSED] - Keys 'ENTER + ' sent to object: 'Object Repository/1-OBJECTS TAREAS PRINCIPALES/Modulo Actos Administrativos/Datos_Básicos_del_Empleado/input_concepto'

2023-04-10 09:16:05 - [TEST_STEP][PASSED] - click(findTestObject("1-OBJECTS TAREAS PRINCIPALES/Modulo Actos Administrativos/Datos_Básicos_del_Empleado/span_HORA EXTRA DIURNA FESTIVA")): Object: 'Object Repository/1-OBJECTS TAREAS PRINCIPALES/Modulo Actos Administrativos/Datos_Básicos_del_Empleado/span_HORA EXTRA DIURNA FESTIVA' is clicked on

2023-04-10 09:16:06 - [MESSAGE][PASSED] - Object: 'Object Repository/1-OBJECTS TAREAS PRINCIPALES/Modulo Actos Administrativos/Datos_Básicos_del_Empleado/span_HORA EXTRA DIURNA FESTIVA' is clicked on

2023-04-10 09:16:06 - [TEST_STEP][PASSED] - setText(findTestObject("1-OBJECTS TAREAS PRINCIPALES/Modulo Actos Administrativos/Datos_Básicos_del_Empleado/input_Vigencia_conceptoempleado_formfechaVigencia_input"), "01/07/2018"): Text '01/07/2018' is set on object 'Object Repository/1-OBJECTS TAREAS PRINCIPALES/Modulo Actos Administrativos/Datos_Básicos_del_Empleado/input_Vigencia_conceptoempleado_formfechaVigencia_input'

2023-04-10 09:16:07 - [MESSAGE][PASSED] - Text '01/07/2018' is set on object 'Object Repository/1-OBJECTS TAREAS PRINCIPALES/Modulo Actos Administrativos/Datos_Básicos_del_Empleado/input_Vigencia_conceptoempleado_formfechaVigencia_input'

2023-04-10 09:16:07 - [TEST_STEP][PASSED] - selectOptionByIndex(findTestObject("1-OBJECTS TAREAS PRINCIPALES/Modulo Actos Administrativos/Datos_Básicos_del_Empleado/select_-- SELECCIONAR LIQUIDACION"), "2"): All options with index in [2] are selected on object 'Object Repository/1-OBJECTS TAREAS PRINCIPALES/Modulo Actos Administrativos/Datos_Básicos_del_Empleado/select_-- SELECCIONAR LIQUIDACION'

2023-04-10 09:16:08 - [MESSAGE][PASSED] - All options with index in [2] are selected on object 'Object Repository/1-OBJECTS TAREAS PRINCIPALES/Modulo Actos Administrativos/Datos_Básicos_del_Empleado/select_-- SELECCIONAR LIQUIDACION'

2023-04-10 09:16:08 - [TEST_STEP][PASSED] - setText(findTestObject("1-OBJECTS TAREAS PRINCIPALES/Modulo Actos Administrativos/Datos_Básicos_del_Empleado/input_Valor_conceptoempleado_formvalor"), "100"): Text '100' is set on object 'Object Repository/1-OBJECTS TAREAS PRINCIPALES/Modulo Actos Administrativos/Datos_Básicos_del_Empleado/input_Valor_conceptoempleado_formvalor'

2023-04-10 09:16:09 - [MESSAGE][PASSED] - Text '100' is set on object 'Object Repository/1-OBJECTS TAREAS PRINCIPALES/Modulo Actos Administrativos/Datos_Básicos_del_Empleado/input_Valor_conceptoempleado_formvalor'

2023-04-10 09:16:09 - [TEST_STEP][PASSED] - selectOptionByIndex(findTestObject("1-OBJECTS TAREAS PRINCIPALES/Modulo Actos Administrativos/Datos_Básicos_del_Empleado/select_-- seleccione --Ciclo 0"), 1): All options with index in [1] are selected on object 'Object Repository/1-OBJECTS TAREAS PRINCIPALES/Modulo Actos Administrativos/Datos_Básicos_del_Empleado/select_-- seleccione --Ciclo 0'

2023-04-10 09:16:10 - [MESSAGE][PASSED] - All options with index in [1] are selected on object 'Object Repository/1-OBJECTS TAREAS PRINCIPALES/Modulo Actos Administrativos/Datos_Básicos_del_Empleado/select_-- seleccione --Ciclo 0'

2023-04-10 09:16:10 - [TEST_STEP][PASSED] - click(findTestObject("1-OBJECTS TAREAS PRINCIPALES/Modulo Actos Administrativos/Datos_Básicos_del_Empleado/a_Aplicar_Concepto")): Object: 'Object Repository/1-OBJECTS TAREAS PRINCIPALES/Modulo Actos Administrativos/Datos_Básicos_del_Empleado/a_Aplicar_Concepto' is clicked on

2023-04-10 09:16:11 - [MESSAGE][PASSED] - Object: 'Object Repository/1-OBJECTS TAREAS PRINCIPALES/Modulo Actos Administrativos/Datos_Básicos_del_Empleado/a_Aplicar_Concepto' is clicked on

2023-04-10 09:16:11 - [TEST_STEP][PASSED] - Result = getText(findTestObject("3-OBJECTS UTILIDADES/Alerta/Alerta")): Text of object 'Object Repository/3-OBJECTS UTILIDADES/Alerta/Alerta' is: 'El concepto ha sido ingresado correctamente'

2023-04-10 09:16:12 - [MESSAGE][PASSED] - Text of object 'Object Repository/3-OBJECTS UTILIDADES/Alerta/Alerta' is: 'El concepto ha sido ingresado correctamente'

2023-04-10 09:16:12 - [TEST_STEP][PASSED] - if (Result == "El concepto ha sido ingresado correctamente"): Browser is closed

2023-04-10 09:16:12 - [TEST_STEP][PASSED] - closeBrowser(): Browser is closed

2023-04-10 09:16:12 - [MESSAGE][PASSED] - Browser is closed]]></system-out>
         <system-err><![CDATA[]]></system-err>
      </testcase>
      <testcase name="Test Cases/1.1-Tareas Principales/1.7.5 Ejecucion Diseño Reporte" time="22.273" classname="Test Cases/1.1-Tareas Principales/1.7.5 Ejecucion Diseño Reporte" status="PASSED">
         <system-out><![CDATA[2023-04-10 09:16:12 - [TEST_CASE][PASSED] - Test Cases/1.1-Tareas Principales/1.7.5 Ejecucion Diseño Reporte: Test Cases/1.1-Tareas Principales/1.7.5 Ejecucion Diseño Reporte

2023-04-10 09:16:13 - [TEST_STEP][PASSED] - callTestCase(findTestCase("0.1-Login"), [:], STOP_ON_FAILURE): Call Test Case 'Test Cases/0.1-Login' successfully

2023-04-10 09:16:13 - [TEST_CASE][PASSED] - Test Cases/0.1-Login: Test Cases/0.1-Login

2023-04-10 09:16:13 - [TEST_STEP][PASSED] - openBrowser(""): Browser is opened with url: ''

2023-04-10 09:16:13 - [MESSAGE][INFO] - Starting 'Chrome' driver

2023-04-10 09:16:13 - [MESSAGE][INFO] - Action delay is set to 0 milliseconds

2023-04-10 09:16:14 - [MESSAGE][PASSED] - Browser is opened with url: ''

2023-04-10 09:16:14 - [TEST_STEP][PASSED] - maximizeWindow(): Current window maximized

2023-04-10 09:16:14 - [MESSAGE][PASSED] - Current window maximized

2023-04-10 09:16:14 - [TEST_STEP][PASSED] - i = G_Login: null

2023-04-10 09:16:14 - [TEST_STEP][PASSED] - url = new java.net.URL(i): null

2023-04-10 09:16:14 - [TEST_STEP][PASSED] - println("URL: " + url.toString()): null

2023-04-10 09:16:14 - [TEST_STEP][PASSED] - connection = url.openConnection(): null

2023-04-10 09:16:14 - [TEST_STEP][PASSED] - connection.setRequestMethod("GET"): null

2023-04-10 09:16:14 - [TEST_STEP][PASSED] - connection.setReadTimeout(2 * 1000): null

2023-04-10 09:16:14 - [TEST_STEP][PASSED] - try: null

2023-04-10 09:16:14 - [TEST_STEP][PASSED] - connection.connect(): null

2023-04-10 09:16:14 - [TEST_STEP][PASSED] - flag = connected: null

2023-04-10 09:16:14 - [TEST_STEP][PASSED] - println("Valor_ori: " + flag): null

2023-04-10 09:16:14 - [TEST_STEP][PASSED] - if (flag): null

2023-04-10 09:16:14 - [TEST_STEP][PASSED] - navigateToUrl(i): Navigate to 'http://192.168.2.19:8380/saraweb' successfully

2023-04-10 09:16:15 - [MESSAGE][PASSED] - Navigate to 'http://192.168.2.19:8380/saraweb' successfully

2023-04-10 09:16:15 - [TEST_STEP][PASSED] - a(): null

2023-04-10 09:16:15 - [TEST_STEP][PASSED] - if (waitForElementVisible(findTestObject("3-OBJECTS UTILIDADES/Login/input_USUARIO_loginusuario"), 0)): null

2023-04-10 09:16:15 - [MESSAGE][WARNING] - Timeout '0' is invalid. Using default page load timeout: '37'

2023-04-10 09:16:15 - [MESSAGE][PASSED] - Object 'Object Repository/3-OBJECTS UTILIDADES/Login/input_USUARIO_loginusuario' is visible

2023-04-10 09:16:15 - [TEST_STEP][PASSED] - switchToWindowTitle("SARA"): Switched to window with title: 'SARA'

2023-04-10 09:16:15 - [MESSAGE][PASSED] - Switched to window with title: 'SARA'

2023-04-10 09:16:15 - [TEST_STEP][PASSED] - zoom(): null

2023-04-10 09:16:15 - [TEST_STEP][PASSED] - robot = new java.awt.Robot(): null

2023-04-10 09:16:15 - [TEST_STEP][PASSED] - robot.keyPress(VK_CONTROL): null

2023-04-10 09:16:15 - [TEST_STEP][PASSED] - robot.keyPress(VK_SUBTRACT): null

2023-04-10 09:16:15 - [TEST_STEP][PASSED] - robot.keyRelease(VK_CONTROL): null

2023-04-10 09:16:15 - [TEST_STEP][PASSED] - robot.keyRelease(VK_SUBTRACT): null

2023-04-10 09:16:15 - [TEST_STEP][PASSED] - robot.keyPress(VK_CONTROL): null

2023-04-10 09:16:15 - [TEST_STEP][PASSED] - robot.keyPress(VK_SUBTRACT): null

2023-04-10 09:16:15 - [TEST_STEP][PASSED] - robot.keyRelease(VK_CONTROL): null

2023-04-10 09:16:15 - [TEST_STEP][PASSED] - robot.keyRelease(VK_SUBTRACT): null

2023-04-10 09:16:15 - [TEST_STEP][PASSED] - robot.keyPress(VK_CONTROL): null

2023-04-10 09:16:15 - [TEST_STEP][PASSED] - robot.keyPress(VK_SUBTRACT): null

2023-04-10 09:16:15 - [TEST_STEP][PASSED] - robot.keyRelease(VK_CONTROL): null

2023-04-10 09:16:15 - [TEST_STEP][PASSED] - robot.keyRelease(VK_SUBTRACT): null

2023-04-10 09:16:15 - [TEST_STEP][PASSED] - robot.keyRelease(VK_CONTROL): null

2023-04-10 09:16:15 - [TEST_STEP][PASSED] - robot.keyRelease(VK_SUBTRACT): null

2023-04-10 09:16:15 - [TEST_STEP][PASSED] - setText(findTestObject("3-OBJECTS UTILIDADES/Login/input_USUARIO_loginusuario"), G_Usuario): Text 'saraadmin' is set on object 'Object Repository/3-OBJECTS UTILIDADES/Login/input_USUARIO_loginusuario'

2023-04-10 09:16:16 - [MESSAGE][PASSED] - Text 'saraadmin' is set on object 'Object Repository/3-OBJECTS UTILIDADES/Login/input_USUARIO_loginusuario'

2023-04-10 09:16:16 - [TEST_STEP][PASSED] - setEncryptedText(findTestObject("3-OBJECTS UTILIDADES/Login/input_CLAVE_loginpassword"), "SlAwMcyRKqrwbnzhAs8HhT6NnI7sEyng"): Text ****** has been set on object 'Object Repository/3-OBJECTS UTILIDADES/Login/input_CLAVE_loginpassword'

2023-04-10 09:16:17 - [MESSAGE][PASSED] - Text ****** has been set on object 'Object Repository/3-OBJECTS UTILIDADES/Login/input_CLAVE_loginpassword'

2023-04-10 09:16:17 - [TEST_STEP][PASSED] - while (waitForElementClickable(findTestObject("3-OBJECTS UTILIDADES/Login/a_Ingresar"), 1)): Web element with id: 'Object Repository/3-OBJECTS UTILIDADES/Login/a_Ingresar' located by '//a[contains(text(),'Ingresar')]' not found

2023-04-10 09:16:19 - [MESSAGE][INFO] - Unable to find the element located by 'By.xpath: //a[contains(text(),'Ingresar')]'. Please recheck the objects properties to make sure the desired element is located. 

2023-04-10 09:16:19 - [MESSAGE][WARNING] - Web element with id: 'Object Repository/3-OBJECTS UTILIDADES/Login/a_Ingresar' located by '//a[contains(text(),'Ingresar')]' not found

2023-04-10 09:16:19 - [MESSAGE][PASSED] - Call Test Case 'Test Cases/0.1-Login' successfully

2023-04-10 09:16:19 - [TEST_STEP][PASSED] - setText(findTestObject("1-OBJECTS TAREAS PRINCIPALES/Modulo Tarea Compensacion/Modulo_Ejecucion_Diseño_Reporte/input_Ejecutar Diseo Reporte_form_templatej_idt24_input"), "Ejecutar Diseño De Reporte"): Text 'Ejecutar Diseño De Reporte' is set on object 'Object Repository/1-OBJECTS TAREAS PRINCIPALES/Modulo Tarea Compensacion/Modulo_Ejecucion_Diseño_Reporte/input_Ejecutar Diseo Reporte_form_templatej_idt24_input'

2023-04-10 09:16:20 - [MESSAGE][PASSED] - Text 'Ejecutar Diseño De Reporte' is set on object 'Object Repository/1-OBJECTS TAREAS PRINCIPALES/Modulo Tarea Compensacion/Modulo_Ejecucion_Diseño_Reporte/input_Ejecutar Diseo Reporte_form_templatej_idt24_input'

2023-04-10 09:16:20 - [TEST_STEP][PASSED] - click(findTestObject("1-OBJECTS TAREAS PRINCIPALES/Modulo Tarea Compensacion/Modulo_Ejecucion_Diseño_Reporte/li_Ejecutar Diseo De Reporte (com)")): Object: 'Object Repository/1-OBJECTS TAREAS PRINCIPALES/Modulo Tarea Compensacion/Modulo_Ejecucion_Diseño_Reporte/li_Ejecutar Diseo De Reporte (com)' is clicked on

2023-04-10 09:16:22 - [MESSAGE][PASSED] - Object: 'Object Repository/1-OBJECTS TAREAS PRINCIPALES/Modulo Tarea Compensacion/Modulo_Ejecucion_Diseño_Reporte/li_Ejecutar Diseo De Reporte (com)' is clicked on

2023-04-10 09:16:22 - [TEST_STEP][PASSED] - click(findTestObject("1-OBJECTS TAREAS PRINCIPALES/Modulo Tarea Compensacion/Modulo_Ejecucion_Diseño_Reporte/td_CAUSACION CESANTIAS (FCORTE)")): Object: 'Object Repository/1-OBJECTS TAREAS PRINCIPALES/Modulo Tarea Compensacion/Modulo_Ejecucion_Diseño_Reporte/td_CAUSACION CESANTIAS (FCORTE)' is clicked on

2023-04-10 09:16:23 - [MESSAGE][PASSED] - Object: 'Object Repository/1-OBJECTS TAREAS PRINCIPALES/Modulo Tarea Compensacion/Modulo_Ejecucion_Diseño_Reporte/td_CAUSACION CESANTIAS (FCORTE)' is clicked on

2023-04-10 09:16:23 - [TEST_STEP][PASSED] - click(findTestObject("1-OBJECTS TAREAS PRINCIPALES/Modulo Tarea Compensacion/Modulo_Ejecucion_Diseño_Reporte/a_Generacin")): Object: 'Object Repository/1-OBJECTS TAREAS PRINCIPALES/Modulo Tarea Compensacion/Modulo_Ejecucion_Diseño_Reporte/a_Generacin' is clicked on

2023-04-10 09:16:24 - [MESSAGE][PASSED] - Object: 'Object Repository/1-OBJECTS TAREAS PRINCIPALES/Modulo Tarea Compensacion/Modulo_Ejecucion_Diseño_Reporte/a_Generacin' is clicked on

2023-04-10 09:16:24 - [TEST_STEP][PASSED] - click(findTestObject("1-OBJECTS TAREAS PRINCIPALES/Modulo Tarea Compensacion/Modulo_Ejecucion_Diseño_Reporte/span_Generar Tabla")): Object: 'Object Repository/1-OBJECTS TAREAS PRINCIPALES/Modulo Tarea Compensacion/Modulo_Ejecucion_Diseño_Reporte/span_Generar Tabla' is clicked on

2023-04-10 09:16:25 - [MESSAGE][PASSED] - Object: 'Object Repository/1-OBJECTS TAREAS PRINCIPALES/Modulo Tarea Compensacion/Modulo_Ejecucion_Diseño_Reporte/span_Generar Tabla' is clicked on

2023-04-10 09:16:25 - [TEST_STEP][PASSED] - click(findTestObject("1-OBJECTS TAREAS PRINCIPALES/Modulo Tarea Compensacion/Modulo_Ejecucion_Diseño_Reporte/a_Si")): Object: 'Object Repository/1-OBJECTS TAREAS PRINCIPALES/Modulo Tarea Compensacion/Modulo_Ejecucion_Diseño_Reporte/a_Si' is clicked on

2023-04-10 09:16:25 - [MESSAGE][PASSED] - Object: 'Object Repository/1-OBJECTS TAREAS PRINCIPALES/Modulo Tarea Compensacion/Modulo_Ejecucion_Diseño_Reporte/a_Si' is clicked on

2023-04-10 09:16:25 - [TEST_STEP][PASSED] - click(findTestObject("1-OBJECTS TAREAS PRINCIPALES/Modulo Tarea Compensacion/Modulo_Ejecucion_Diseño_Reporte/a_Continuar")): Object: 'Object Repository/1-OBJECTS TAREAS PRINCIPALES/Modulo Tarea Compensacion/Modulo_Ejecucion_Diseño_Reporte/a_Continuar' is clicked on

2023-04-10 09:16:29 - [MESSAGE][PASSED] - Object: 'Object Repository/1-OBJECTS TAREAS PRINCIPALES/Modulo Tarea Compensacion/Modulo_Ejecucion_Diseño_Reporte/a_Continuar' is clicked on

2023-04-10 09:16:29 - [TEST_STEP][PASSED] - click(findTestObject("1-OBJECTS TAREAS PRINCIPALES/Modulo Tarea Compensacion/Modulo_Ejecucion_Diseño_Reporte/a_Imprimir")): Object: 'Object Repository/1-OBJECTS TAREAS PRINCIPALES/Modulo Tarea Compensacion/Modulo_Ejecucion_Diseño_Reporte/a_Imprimir' is clicked on

2023-04-10 09:16:31 - [MESSAGE][PASSED] - Object: 'Object Repository/1-OBJECTS TAREAS PRINCIPALES/Modulo Tarea Compensacion/Modulo_Ejecucion_Diseño_Reporte/a_Imprimir' is clicked on

2023-04-10 09:16:31 - [TEST_STEP][PASSED] - click(findTestObject("1-OBJECTS TAREAS PRINCIPALES/Modulo Tarea Compensacion/Modulo_Ejecucion_Diseño_Reporte/label_Xlsdata")): Object: 'Object Repository/1-OBJECTS TAREAS PRINCIPALES/Modulo Tarea Compensacion/Modulo_Ejecucion_Diseño_Reporte/label_Xlsdata' is clicked on

2023-04-10 09:16:31 - [MESSAGE][PASSED] - Object: 'Object Repository/1-OBJECTS TAREAS PRINCIPALES/Modulo Tarea Compensacion/Modulo_Ejecucion_Diseño_Reporte/label_Xlsdata' is clicked on

2023-04-10 09:16:31 - [TEST_STEP][PASSED] - click(findTestObject("1-OBJECTS TAREAS PRINCIPALES/Modulo Tarea Compensacion/Modulo_Ejecucion_Diseño_Reporte/a_Reporte")): Object: 'Object Repository/1-OBJECTS TAREAS PRINCIPALES/Modulo Tarea Compensacion/Modulo_Ejecucion_Diseño_Reporte/a_Reporte' is clicked on

2023-04-10 09:16:32 - [MESSAGE][PASSED] - Object: 'Object Repository/1-OBJECTS TAREAS PRINCIPALES/Modulo Tarea Compensacion/Modulo_Ejecucion_Diseño_Reporte/a_Reporte' is clicked on

2023-04-10 09:16:32 - [TEST_STEP][PASSED] - click(findTestObject("1-OBJECTS TAREAS PRINCIPALES/Modulo Tarea Compensacion/Modulo_Ejecucion_Diseño_Reporte/span_E_ui-icon ui-icon-closethick")): Object: 'Object Repository/1-OBJECTS TAREAS PRINCIPALES/Modulo Tarea Compensacion/Modulo_Ejecucion_Diseño_Reporte/span_E_ui-icon ui-icon-closethick' is clicked on

2023-04-10 09:16:33 - [MESSAGE][PASSED] - Object: 'Object Repository/1-OBJECTS TAREAS PRINCIPALES/Modulo Tarea Compensacion/Modulo_Ejecucion_Diseño_Reporte/span_E_ui-icon ui-icon-closethick' is clicked on

2023-04-10 09:16:33 - [TEST_STEP][PASSED] - closeBrowser(): Browser is closed

2023-04-10 09:16:35 - [MESSAGE][PASSED] - Browser is closed]]></system-out>
         <system-err><![CDATA[]]></system-err>
      </testcase>
      <testcase name="Test Cases/1.1-Tareas Principales/1.7.6-Generacion_Interfaz_Contable" time="39.717" classname="Test Cases/1.1-Tareas Principales/1.7.6-Generacion_Interfaz_Contable" status="PASSED">
         <system-out><![CDATA[2023-04-10 09:16:35 - [TEST_CASE][PASSED] - Test Cases/1.1-Tareas Principales/1.7.6-Generacion_Interfaz_Contable: Test Cases/1.1-Tareas Principales/1.7.6-Generacion_Interfaz_Contable

2023-04-10 09:16:35 - [TEST_STEP][PASSED] - callTestCase(findTestCase("0.1-Login"), [:], STOP_ON_FAILURE): Call Test Case 'Test Cases/0.1-Login' successfully

2023-04-10 09:16:35 - [TEST_CASE][PASSED] - Test Cases/0.1-Login: Test Cases/0.1-Login

2023-04-10 09:16:35 - [TEST_STEP][PASSED] - openBrowser(""): Browser is opened with url: ''

2023-04-10 09:16:35 - [MESSAGE][INFO] - Starting 'Chrome' driver

2023-04-10 09:16:35 - [MESSAGE][INFO] - Action delay is set to 0 milliseconds

2023-04-10 09:16:37 - [MESSAGE][PASSED] - Browser is opened with url: ''

2023-04-10 09:16:37 - [TEST_STEP][PASSED] - maximizeWindow(): Current window maximized

2023-04-10 09:16:37 - [MESSAGE][PASSED] - Current window maximized

2023-04-10 09:16:37 - [TEST_STEP][PASSED] - i = G_Login: null

2023-04-10 09:16:37 - [TEST_STEP][PASSED] - url = new java.net.URL(i): null

2023-04-10 09:16:37 - [TEST_STEP][PASSED] - println("URL: " + url.toString()): null

2023-04-10 09:16:37 - [TEST_STEP][PASSED] - connection = url.openConnection(): null

2023-04-10 09:16:37 - [TEST_STEP][PASSED] - connection.setRequestMethod("GET"): null

2023-04-10 09:16:37 - [TEST_STEP][PASSED] - connection.setReadTimeout(2 * 1000): null

2023-04-10 09:16:37 - [TEST_STEP][PASSED] - try: null

2023-04-10 09:16:37 - [TEST_STEP][PASSED] - connection.connect(): null

2023-04-10 09:16:37 - [TEST_STEP][PASSED] - flag = connected: null

2023-04-10 09:16:37 - [TEST_STEP][PASSED] - println("Valor_ori: " + flag): null

2023-04-10 09:16:37 - [TEST_STEP][PASSED] - if (flag): null

2023-04-10 09:16:37 - [TEST_STEP][PASSED] - navigateToUrl(i): Navigate to 'http://192.168.2.19:8380/saraweb' successfully

2023-04-10 09:16:37 - [MESSAGE][PASSED] - Navigate to 'http://192.168.2.19:8380/saraweb' successfully

2023-04-10 09:16:37 - [TEST_STEP][PASSED] - a(): null

2023-04-10 09:16:37 - [TEST_STEP][PASSED] - if (waitForElementVisible(findTestObject("3-OBJECTS UTILIDADES/Login/input_USUARIO_loginusuario"), 0)): null

2023-04-10 09:16:37 - [MESSAGE][WARNING] - Timeout '0' is invalid. Using default page load timeout: '37'

2023-04-10 09:16:38 - [MESSAGE][PASSED] - Object 'Object Repository/3-OBJECTS UTILIDADES/Login/input_USUARIO_loginusuario' is visible

2023-04-10 09:16:38 - [TEST_STEP][PASSED] - switchToWindowTitle("SARA"): Switched to window with title: 'SARA'

2023-04-10 09:16:38 - [MESSAGE][PASSED] - Switched to window with title: 'SARA'

2023-04-10 09:16:38 - [TEST_STEP][PASSED] - zoom(): null

2023-04-10 09:16:38 - [TEST_STEP][PASSED] - robot = new java.awt.Robot(): null

2023-04-10 09:16:38 - [TEST_STEP][PASSED] - robot.keyPress(VK_CONTROL): null

2023-04-10 09:16:38 - [TEST_STEP][PASSED] - robot.keyPress(VK_SUBTRACT): null

2023-04-10 09:16:38 - [TEST_STEP][PASSED] - robot.keyRelease(VK_CONTROL): null

2023-04-10 09:16:38 - [TEST_STEP][PASSED] - robot.keyRelease(VK_SUBTRACT): null

2023-04-10 09:16:38 - [TEST_STEP][PASSED] - robot.keyPress(VK_CONTROL): null

2023-04-10 09:16:38 - [TEST_STEP][PASSED] - robot.keyPress(VK_SUBTRACT): null

2023-04-10 09:16:38 - [TEST_STEP][PASSED] - robot.keyRelease(VK_CONTROL): null

2023-04-10 09:16:38 - [TEST_STEP][PASSED] - robot.keyRelease(VK_SUBTRACT): null

2023-04-10 09:16:38 - [TEST_STEP][PASSED] - robot.keyPress(VK_CONTROL): null

2023-04-10 09:16:38 - [TEST_STEP][PASSED] - robot.keyPress(VK_SUBTRACT): null

2023-04-10 09:16:38 - [TEST_STEP][PASSED] - robot.keyRelease(VK_CONTROL): null

2023-04-10 09:16:38 - [TEST_STEP][PASSED] - robot.keyRelease(VK_SUBTRACT): null

2023-04-10 09:16:38 - [TEST_STEP][PASSED] - robot.keyRelease(VK_CONTROL): null

2023-04-10 09:16:38 - [TEST_STEP][PASSED] - robot.keyRelease(VK_SUBTRACT): null

2023-04-10 09:16:38 - [TEST_STEP][PASSED] - setText(findTestObject("3-OBJECTS UTILIDADES/Login/input_USUARIO_loginusuario"), G_Usuario): Text 'saraadmin' is set on object 'Object Repository/3-OBJECTS UTILIDADES/Login/input_USUARIO_loginusuario'

2023-04-10 09:16:38 - [MESSAGE][PASSED] - Text 'saraadmin' is set on object 'Object Repository/3-OBJECTS UTILIDADES/Login/input_USUARIO_loginusuario'

2023-04-10 09:16:38 - [TEST_STEP][PASSED] - setEncryptedText(findTestObject("3-OBJECTS UTILIDADES/Login/input_CLAVE_loginpassword"), "SlAwMcyRKqrwbnzhAs8HhT6NnI7sEyng"): Text ****** has been set on object 'Object Repository/3-OBJECTS UTILIDADES/Login/input_CLAVE_loginpassword'

2023-04-10 09:16:40 - [MESSAGE][PASSED] - Text ****** has been set on object 'Object Repository/3-OBJECTS UTILIDADES/Login/input_CLAVE_loginpassword'

2023-04-10 09:16:40 - [TEST_STEP][PASSED] - while (waitForElementClickable(findTestObject("3-OBJECTS UTILIDADES/Login/a_Ingresar"), 1)): Web element with id: 'Object Repository/3-OBJECTS UTILIDADES/Login/a_Ingresar' located by '//a[contains(text(),'Ingresar')]' not found

2023-04-10 09:16:42 - [MESSAGE][INFO] - Unable to find the element located by 'By.xpath: //a[contains(text(),'Ingresar')]'. Please recheck the objects properties to make sure the desired element is located. 

2023-04-10 09:16:42 - [MESSAGE][WARNING] - Web element with id: 'Object Repository/3-OBJECTS UTILIDADES/Login/a_Ingresar' located by '//a[contains(text(),'Ingresar')]' not found

2023-04-10 09:16:42 - [MESSAGE][PASSED] - Call Test Case 'Test Cases/0.1-Login' successfully

2023-04-10 09:16:42 - [TEST_STEP][PASSED] - Navegador = getExecutedBrowser(): null

2023-04-10 09:16:42 - [TEST_STEP][PASSED] - println(Navegador): null

2023-04-10 09:16:42 - [TEST_STEP][PASSED] - setText(findTestObject("1-OBJECTS TAREAS PRINCIPALES/Modulo Tarea Compensacion/Generacion_Interfaz_Contable/input_Generacion Interfaz_form_templatej_idt24_input"), "Generacion Interfaz"): Text 'Generacion Interfaz' is set on object 'Object Repository/1-OBJECTS TAREAS PRINCIPALES/Modulo Tarea Compensacion/Generacion_Interfaz_Contable/input_Generacion Interfaz_form_templatej_idt24_input'

2023-04-10 09:16:43 - [MESSAGE][PASSED] - Text 'Generacion Interfaz' is set on object 'Object Repository/1-OBJECTS TAREAS PRINCIPALES/Modulo Tarea Compensacion/Generacion_Interfaz_Contable/input_Generacion Interfaz_form_templatej_idt24_input'

2023-04-10 09:16:43 - [TEST_STEP][PASSED] - click(findTestObject("1-OBJECTS TAREAS PRINCIPALES/Modulo Tarea Compensacion/Generacion_Interfaz_Contable/li_Generacion interfaz (com)")): Object: 'Object Repository/1-OBJECTS TAREAS PRINCIPALES/Modulo Tarea Compensacion/Generacion_Interfaz_Contable/li_Generacion interfaz (com)' is clicked on

2023-04-10 09:16:44 - [MESSAGE][PASSED] - Object: 'Object Repository/1-OBJECTS TAREAS PRINCIPALES/Modulo Tarea Compensacion/Generacion_Interfaz_Contable/li_Generacion interfaz (com)' is clicked on

2023-04-10 09:16:44 - [TEST_STEP][PASSED] - click(findTestObject("1-OBJECTS TAREAS PRINCIPALES/Modulo Tarea Compensacion/Generacion_Interfaz_Contable/span_INTERFAZ PROVISIONES")): Object: 'Object Repository/1-OBJECTS TAREAS PRINCIPALES/Modulo Tarea Compensacion/Generacion_Interfaz_Contable/span_INTERFAZ PROVISIONES' is clicked on

2023-04-10 09:16:45 - [MESSAGE][PASSED] - Object: 'Object Repository/1-OBJECTS TAREAS PRINCIPALES/Modulo Tarea Compensacion/Generacion_Interfaz_Contable/span_INTERFAZ PROVISIONES' is clicked on

2023-04-10 09:16:45 - [TEST_STEP][PASSED] - setText(findTestObject("1-OBJECTS TAREAS PRINCIPALES/Modulo Tarea Compensacion/Generacion_Interfaz_Contable/input_Fecha_generacionInterfazfechacomprobante_input"), "01/07/2017"): Text '01/07/2017' is set on object 'Object Repository/1-OBJECTS TAREAS PRINCIPALES/Modulo Tarea Compensacion/Generacion_Interfaz_Contable/input_Fecha_generacionInterfazfechacomprobante_input'

2023-04-10 09:16:46 - [MESSAGE][PASSED] - Text '01/07/2017' is set on object 'Object Repository/1-OBJECTS TAREAS PRINCIPALES/Modulo Tarea Compensacion/Generacion_Interfaz_Contable/input_Fecha_generacionInterfazfechacomprobante_input'

2023-04-10 09:16:46 - [TEST_STEP][PASSED] - click(findTestObject("1-OBJECTS TAREAS PRINCIPALES/Modulo Tarea Compensacion/Generacion_Interfaz_Contable/span_Filtrar")): Object: 'Object Repository/1-OBJECTS TAREAS PRINCIPALES/Modulo Tarea Compensacion/Generacion_Interfaz_Contable/span_Filtrar' is clicked on

2023-04-10 09:16:47 - [MESSAGE][PASSED] - Object: 'Object Repository/1-OBJECTS TAREAS PRINCIPALES/Modulo Tarea Compensacion/Generacion_Interfaz_Contable/span_Filtrar' is clicked on

2023-04-10 09:16:47 - [TEST_STEP][PASSED] - if (waitForElementPresent(findTestObject("1-OBJECTS TAREAS PRINCIPALES/Modulo Tarea Compensacion/Generacion_Interfaz_Contable/span_01072017"), 1)): null

2023-04-10 09:16:47 - [MESSAGE][PASSED] - Object 'Object Repository/1-OBJECTS TAREAS PRINCIPALES/Modulo Tarea Compensacion/Generacion_Interfaz_Contable/span_01072017' is present

2023-04-10 09:16:47 - [TEST_STEP][PASSED] - check(findTestObject("1-OBJECTS TAREAS PRINCIPALES/Modulo Tarea Compensacion/Generacion_Interfaz_Contable/div_-_ui-chkbox-box ui-widget ui-corner-all ui-state-default ui-state-hover0")): Object 'Object Repository/1-OBJECTS TAREAS PRINCIPALES/Modulo Tarea Compensacion/Generacion_Interfaz_Contable/div_-_ui-chkbox-box ui-widget ui-corner-all ui-state-default ui-state-hover0' is checked

2023-04-10 09:16:48 - [MESSAGE][PASSED] - Object 'Object Repository/1-OBJECTS TAREAS PRINCIPALES/Modulo Tarea Compensacion/Generacion_Interfaz_Contable/div_-_ui-chkbox-box ui-widget ui-corner-all ui-state-default ui-state-hover0' is checked

2023-04-10 09:16:48 - [TEST_STEP][PASSED] - click(findTestObject("1-OBJECTS TAREAS PRINCIPALES/Modulo Tarea Compensacion/Generacion_Interfaz_Contable/a_Ver")): Object: 'Object Repository/1-OBJECTS TAREAS PRINCIPALES/Modulo Tarea Compensacion/Generacion_Interfaz_Contable/a_Ver' is clicked on

2023-04-10 09:16:48 - [MESSAGE][PASSED] - Object: 'Object Repository/1-OBJECTS TAREAS PRINCIPALES/Modulo Tarea Compensacion/Generacion_Interfaz_Contable/a_Ver' is clicked on

2023-04-10 09:16:48 - [TEST_STEP][PASSED] - click(findTestObject("1-OBJECTS TAREAS PRINCIPALES/Modulo Tarea Compensacion/Generacion_Interfaz_Contable/a_Reversar")): Object: 'Object Repository/1-OBJECTS TAREAS PRINCIPALES/Modulo Tarea Compensacion/Generacion_Interfaz_Contable/a_Reversar' is clicked on

2023-04-10 09:16:51 - [MESSAGE][PASSED] - Object: 'Object Repository/1-OBJECTS TAREAS PRINCIPALES/Modulo Tarea Compensacion/Generacion_Interfaz_Contable/a_Reversar' is clicked on

2023-04-10 09:16:51 - [TEST_STEP][PASSED] - click(findTestObject("1-OBJECTS TAREAS PRINCIPALES/Modulo Tarea Compensacion/Generacion_Interfaz_Contable/a_Aceptar")): Object: 'Object Repository/1-OBJECTS TAREAS PRINCIPALES/Modulo Tarea Compensacion/Generacion_Interfaz_Contable/a_Aceptar' is clicked on

2023-04-10 09:16:52 - [MESSAGE][PASSED] - Object: 'Object Repository/1-OBJECTS TAREAS PRINCIPALES/Modulo Tarea Compensacion/Generacion_Interfaz_Contable/a_Aceptar' is clicked on

2023-04-10 09:16:52 - [TEST_STEP][PASSED] - waitForElementPresent(findTestObject("1-OBJECTS TAREAS PRINCIPALES/Modulo Tarea Compensacion/Generacion_Interfaz_Contable/a_Generar"), 0): Object 'Object Repository/1-OBJECTS TAREAS PRINCIPALES/Modulo Tarea Compensacion/Generacion_Interfaz_Contable/a_Generar' is present

2023-04-10 09:16:52 - [MESSAGE][WARNING] - Timeout '0' is invalid. Using default page load timeout: '37'

2023-04-10 09:16:53 - [MESSAGE][PASSED] - Object 'Object Repository/1-OBJECTS TAREAS PRINCIPALES/Modulo Tarea Compensacion/Generacion_Interfaz_Contable/a_Generar' is present

2023-04-10 09:16:53 - [TEST_STEP][PASSED] - waitForElementPresent(findTestObject("1-OBJECTS TAREAS PRINCIPALES/Modulo Tarea Compensacion/Generacion_Interfaz_Contable/a_Generar"), 0): Object 'Object Repository/1-OBJECTS TAREAS PRINCIPALES/Modulo Tarea Compensacion/Generacion_Interfaz_Contable/a_Generar' is present

2023-04-10 09:16:53 - [MESSAGE][WARNING] - Timeout '0' is invalid. Using default page load timeout: '37'

2023-04-10 09:16:53 - [MESSAGE][PASSED] - Object 'Object Repository/1-OBJECTS TAREAS PRINCIPALES/Modulo Tarea Compensacion/Generacion_Interfaz_Contable/a_Generar' is present

2023-04-10 09:16:53 - [TEST_STEP][PASSED] - waitForElementPresent(findTestObject("1-OBJECTS TAREAS PRINCIPALES/Modulo Tarea Compensacion/Generacion_Interfaz_Contable/a_Generar"), 0): Object 'Object Repository/1-OBJECTS TAREAS PRINCIPALES/Modulo Tarea Compensacion/Generacion_Interfaz_Contable/a_Generar' is present

2023-04-10 09:16:53 - [MESSAGE][WARNING] - Timeout '0' is invalid. Using default page load timeout: '37'

2023-04-10 09:16:53 - [MESSAGE][PASSED] - Object 'Object Repository/1-OBJECTS TAREAS PRINCIPALES/Modulo Tarea Compensacion/Generacion_Interfaz_Contable/a_Generar' is present

2023-04-10 09:16:53 - [TEST_STEP][PASSED] - click(findTestObject("1-OBJECTS TAREAS PRINCIPALES/Modulo Tarea Compensacion/Generacion_Interfaz_Contable/a_Generar")): Object: 'Object Repository/1-OBJECTS TAREAS PRINCIPALES/Modulo Tarea Compensacion/Generacion_Interfaz_Contable/a_Generar' is clicked on

2023-04-10 09:16:54 - [MESSAGE][PASSED] - Object: 'Object Repository/1-OBJECTS TAREAS PRINCIPALES/Modulo Tarea Compensacion/Generacion_Interfaz_Contable/a_Generar' is clicked on

2023-04-10 09:16:54 - [TEST_STEP][PASSED] - selectOptionByIndex(findTestObject("1-OBJECTS TAREAS PRINCIPALES/Modulo Tarea Compensacion/Generacion_Interfaz_Contable/select_NOMINA MENSUALNOMINA QUINCENAL"), 2): All options with index in [2] are selected on object 'Object Repository/1-OBJECTS TAREAS PRINCIPALES/Modulo Tarea Compensacion/Generacion_Interfaz_Contable/select_NOMINA MENSUALNOMINA QUINCENAL'

2023-04-10 09:16:55 - [MESSAGE][PASSED] - All options with index in [2] are selected on object 'Object Repository/1-OBJECTS TAREAS PRINCIPALES/Modulo Tarea Compensacion/Generacion_Interfaz_Contable/select_NOMINA MENSUALNOMINA QUINCENAL'

2023-04-10 09:16:55 - [TEST_STEP][PASSED] - setText(findTestObject("1-OBJECTS TAREAS PRINCIPALES/Modulo Tarea Compensacion/Generacion_Interfaz_Contable/input_Fecha Inicial_popupGeneracionInterfazinicial_input"), "01/07/2017"): Text '01/07/2017' is set on object 'Object Repository/1-OBJECTS TAREAS PRINCIPALES/Modulo Tarea Compensacion/Generacion_Interfaz_Contable/input_Fecha Inicial_popupGeneracionInterfazinicial_input'

2023-04-10 09:16:56 - [MESSAGE][PASSED] - Text '01/07/2017' is set on object 'Object Repository/1-OBJECTS TAREAS PRINCIPALES/Modulo Tarea Compensacion/Generacion_Interfaz_Contable/input_Fecha Inicial_popupGeneracionInterfazinicial_input'

2023-04-10 09:16:56 - [TEST_STEP][PASSED] - setText(findTestObject("1-OBJECTS TAREAS PRINCIPALES/Modulo Tarea Compensacion/Generacion_Interfaz_Contable/input_Fecha Final_popupGeneracionInterfazfinal_input"), "31/07/2017"): Text '31/07/2017' is set on object 'Object Repository/1-OBJECTS TAREAS PRINCIPALES/Modulo Tarea Compensacion/Generacion_Interfaz_Contable/input_Fecha Final_popupGeneracionInterfazfinal_input'

2023-04-10 09:16:57 - [MESSAGE][PASSED] - Text '31/07/2017' is set on object 'Object Repository/1-OBJECTS TAREAS PRINCIPALES/Modulo Tarea Compensacion/Generacion_Interfaz_Contable/input_Fecha Final_popupGeneracionInterfazfinal_input'

2023-04-10 09:16:57 - [TEST_STEP][PASSED] - setText(findTestObject("1-OBJECTS TAREAS PRINCIPALES/Modulo Tarea Compensacion/Generacion_Interfaz_Contable/input_Fecha Proceso_popupGeneracionInterfazfechaProceso_input"), "01/07/2017"): Text '01/07/2017' is set on object 'Object Repository/1-OBJECTS TAREAS PRINCIPALES/Modulo Tarea Compensacion/Generacion_Interfaz_Contable/input_Fecha Proceso_popupGeneracionInterfazfechaProceso_input'

2023-04-10 09:16:58 - [MESSAGE][PASSED] - Text '01/07/2017' is set on object 'Object Repository/1-OBJECTS TAREAS PRINCIPALES/Modulo Tarea Compensacion/Generacion_Interfaz_Contable/input_Fecha Proceso_popupGeneracionInterfazfechaProceso_input'

2023-04-10 09:16:58 - [TEST_STEP][PASSED] - click(findTestObject("1-OBJECTS TAREAS PRINCIPALES/Modulo Tarea Compensacion/Generacion_Interfaz_Contable/span_Generar")): Object: 'Object Repository/1-OBJECTS TAREAS PRINCIPALES/Modulo Tarea Compensacion/Generacion_Interfaz_Contable/span_Generar' is clicked on

2023-04-10 09:16:59 - [MESSAGE][PASSED] - Object: 'Object Repository/1-OBJECTS TAREAS PRINCIPALES/Modulo Tarea Compensacion/Generacion_Interfaz_Contable/span_Generar' is clicked on

2023-04-10 09:16:59 - [TEST_STEP][PASSED] - click(findTestObject("1-OBJECTS TAREAS PRINCIPALES/Modulo Tarea Compensacion/Generacion_Interfaz_Contable/button_Si")): Object: 'Object Repository/1-OBJECTS TAREAS PRINCIPALES/Modulo Tarea Compensacion/Generacion_Interfaz_Contable/button_Si' is clicked on

2023-04-10 09:16:59 - [MESSAGE][PASSED] - Object: 'Object Repository/1-OBJECTS TAREAS PRINCIPALES/Modulo Tarea Compensacion/Generacion_Interfaz_Contable/button_Si' is clicked on

2023-04-10 09:16:59 - [TEST_STEP][PASSED] - click(findTestObject("1-OBJECTS TAREAS PRINCIPALES/Modulo Tarea Compensacion/Generacion_Interfaz_Contable/a_Continuar")): Object: 'Object Repository/1-OBJECTS TAREAS PRINCIPALES/Modulo Tarea Compensacion/Generacion_Interfaz_Contable/a_Continuar' is clicked on

2023-04-10 09:17:03 - [MESSAGE][PASSED] - Object: 'Object Repository/1-OBJECTS TAREAS PRINCIPALES/Modulo Tarea Compensacion/Generacion_Interfaz_Contable/a_Continuar' is clicked on

2023-04-10 09:17:03 - [TEST_STEP][PASSED] - click(findTestObject("1-OBJECTS TAREAS PRINCIPALES/Modulo Tarea Compensacion/Generacion_Interfaz_Contable/a_Exportar")): Object: 'Object Repository/1-OBJECTS TAREAS PRINCIPALES/Modulo Tarea Compensacion/Generacion_Interfaz_Contable/a_Exportar' is clicked on

2023-04-10 09:17:04 - [MESSAGE][PASSED] - Object: 'Object Repository/1-OBJECTS TAREAS PRINCIPALES/Modulo Tarea Compensacion/Generacion_Interfaz_Contable/a_Exportar' is clicked on

2023-04-10 09:17:04 - [TEST_STEP][PASSED] - if (waitForElementVisible(findTestObject("1-OBJECTS TAREAS PRINCIPALES/Modulo Tarea Compensacion/Generacion_Interfaz_Contable/span_Reporte_glyphicons glyphicons-article"), 1)): null

2023-04-10 09:17:04 - [MESSAGE][PASSED] - Object 'Object Repository/1-OBJECTS TAREAS PRINCIPALES/Modulo Tarea Compensacion/Generacion_Interfaz_Contable/span_Reporte_glyphicons glyphicons-article' is visible

2023-04-10 09:17:04 - [TEST_STEP][PASSED] - click(findTestObject("1-OBJECTS TAREAS PRINCIPALES/Modulo Tarea Compensacion/Generacion_Interfaz_Contable/span_Reporte_glyphicons glyphicons-article")): Object: 'Object Repository/1-OBJECTS TAREAS PRINCIPALES/Modulo Tarea Compensacion/Generacion_Interfaz_Contable/span_Reporte_glyphicons glyphicons-article' is clicked on

2023-04-10 09:17:05 - [MESSAGE][PASSED] - Object: 'Object Repository/1-OBJECTS TAREAS PRINCIPALES/Modulo Tarea Compensacion/Generacion_Interfaz_Contable/span_Reporte_glyphicons glyphicons-article' is clicked on

2023-04-10 09:17:05 - [TEST_STEP][PASSED] - click(findTestObject("1-OBJECTS TAREAS PRINCIPALES/Modulo Tarea Compensacion/Generacion_Interfaz_Contable/label_pdf")): Object: 'Object Repository/1-OBJECTS TAREAS PRINCIPALES/Modulo Tarea Compensacion/Generacion_Interfaz_Contable/label_pdf' is clicked on

2023-04-10 09:17:06 - [MESSAGE][PASSED] - Object: 'Object Repository/1-OBJECTS TAREAS PRINCIPALES/Modulo Tarea Compensacion/Generacion_Interfaz_Contable/label_pdf' is clicked on

2023-04-10 09:17:06 - [TEST_STEP][PASSED] - click(findTestObject("1-OBJECTS TAREAS PRINCIPALES/Modulo Tarea Compensacion/Generacion_Interfaz_Contable/a_Generar Reporte")): Object: 'Object Repository/1-OBJECTS TAREAS PRINCIPALES/Modulo Tarea Compensacion/Generacion_Interfaz_Contable/a_Generar Reporte' is clicked on

2023-04-10 09:17:06 - [MESSAGE][PASSED] - Object: 'Object Repository/1-OBJECTS TAREAS PRINCIPALES/Modulo Tarea Compensacion/Generacion_Interfaz_Contable/a_Generar Reporte' is clicked on

2023-04-10 09:17:06 - [TEST_STEP][PASSED] - click(findTestObject("1-OBJECTS TAREAS PRINCIPALES/Modulo Tarea Compensacion/Generacion_Interfaz_Contable/a_Descargar")): Object: 'Object Repository/1-OBJECTS TAREAS PRINCIPALES/Modulo Tarea Compensacion/Generacion_Interfaz_Contable/a_Descargar' is clicked on

2023-04-10 09:17:07 - [MESSAGE][PASSED] - Object: 'Object Repository/1-OBJECTS TAREAS PRINCIPALES/Modulo Tarea Compensacion/Generacion_Interfaz_Contable/a_Descargar' is clicked on

2023-04-10 09:17:07 - [TEST_STEP][PASSED] - switchToWindowTitle("SARA"): Switched to window with title: 'SARA'

2023-04-10 09:17:07 - [MESSAGE][PASSED] - Switched to window with title: 'SARA'

2023-04-10 09:17:07 - [TEST_STEP][PASSED] - waitForElementVisible(findTestObject("1-OBJECTS TAREAS PRINCIPALES/Modulo Tarea Compensacion/Generacion_Interfaz_Contable/a_Total Otro_ui-dialog-titlebar-icon ui-dialog-titlebar-close ui-corner-all ui-state-hover"), 0): Object 'Object Repository/1-OBJECTS TAREAS PRINCIPALES/Modulo Tarea Compensacion/Generacion_Interfaz_Contable/a_Total Otro_ui-dialog-titlebar-icon ui-dialog-titlebar-close ui-corner-all ui-state-hover' is visible

2023-04-10 09:17:07 - [MESSAGE][WARNING] - Timeout '0' is invalid. Using default page load timeout: '37'

2023-04-10 09:17:08 - [MESSAGE][PASSED] - Object 'Object Repository/1-OBJECTS TAREAS PRINCIPALES/Modulo Tarea Compensacion/Generacion_Interfaz_Contable/a_Total Otro_ui-dialog-titlebar-icon ui-dialog-titlebar-close ui-corner-all ui-state-hover' is visible

2023-04-10 09:17:08 - [TEST_STEP][PASSED] - click(findTestObject("1-OBJECTS TAREAS PRINCIPALES/Modulo Tarea Compensacion/Generacion_Interfaz_Contable/a_Total Otro_ui-dialog-titlebar-icon ui-dialog-titlebar-close ui-corner-all ui-state-hover")): Object: 'Object Repository/1-OBJECTS TAREAS PRINCIPALES/Modulo Tarea Compensacion/Generacion_Interfaz_Contable/a_Total Otro_ui-dialog-titlebar-icon ui-dialog-titlebar-close ui-corner-all ui-state-hover' is clicked on

2023-04-10 09:17:08 - [MESSAGE][PASSED] - Object: 'Object Repository/1-OBJECTS TAREAS PRINCIPALES/Modulo Tarea Compensacion/Generacion_Interfaz_Contable/a_Total Otro_ui-dialog-titlebar-icon ui-dialog-titlebar-close ui-corner-all ui-state-hover' is clicked on

2023-04-10 09:17:08 - [TEST_STEP][PASSED] - click(findTestObject("1-OBJECTS TAREAS PRINCIPALES/Modulo Tarea Compensacion/Generacion_Interfaz_Contable/a_Exportar")): Object: 'Object Repository/1-OBJECTS TAREAS PRINCIPALES/Modulo Tarea Compensacion/Generacion_Interfaz_Contable/a_Exportar' is clicked on

2023-04-10 09:17:09 - [MESSAGE][PASSED] - Object: 'Object Repository/1-OBJECTS TAREAS PRINCIPALES/Modulo Tarea Compensacion/Generacion_Interfaz_Contable/a_Exportar' is clicked on

2023-04-10 09:17:09 - [TEST_STEP][PASSED] - if (waitForElementVisible(findTestObject("1-OBJECTS TAREAS PRINCIPALES/Modulo Tarea Compensacion/Generacion_Interfaz_Contable/span_Reporte_glyphicons glyphicons-article"), 1)): null

2023-04-10 09:17:09 - [MESSAGE][PASSED] - Object 'Object Repository/1-OBJECTS TAREAS PRINCIPALES/Modulo Tarea Compensacion/Generacion_Interfaz_Contable/span_Reporte_glyphicons glyphicons-article' is visible

2023-04-10 09:17:09 - [TEST_STEP][PASSED] - click(findTestObject("1-OBJECTS TAREAS PRINCIPALES/Modulo Tarea Compensacion/Generacion_Interfaz_Contable/span_Reporte_glyphicons glyphicons-article")): Object: 'Object Repository/1-OBJECTS TAREAS PRINCIPALES/Modulo Tarea Compensacion/Generacion_Interfaz_Contable/span_Reporte_glyphicons glyphicons-article' is clicked on

2023-04-10 09:17:10 - [MESSAGE][PASSED] - Object: 'Object Repository/1-OBJECTS TAREAS PRINCIPALES/Modulo Tarea Compensacion/Generacion_Interfaz_Contable/span_Reporte_glyphicons glyphicons-article' is clicked on

2023-04-10 09:17:10 - [TEST_STEP][PASSED] - click(findTestObject("1-OBJECTS TAREAS PRINCIPALES/Modulo Tarea Compensacion/Generacion_Interfaz_Contable/label_xlsData")): Object: 'Object Repository/1-OBJECTS TAREAS PRINCIPALES/Modulo Tarea Compensacion/Generacion_Interfaz_Contable/label_xlsData' is clicked on

2023-04-10 09:17:10 - [MESSAGE][PASSED] - Object: 'Object Repository/1-OBJECTS TAREAS PRINCIPALES/Modulo Tarea Compensacion/Generacion_Interfaz_Contable/label_xlsData' is clicked on

2023-04-10 09:17:10 - [TEST_STEP][PASSED] - click(findTestObject("1-OBJECTS TAREAS PRINCIPALES/Modulo Tarea Compensacion/Generacion_Interfaz_Contable/a_Generar Reporte")): Object: 'Object Repository/1-OBJECTS TAREAS PRINCIPALES/Modulo Tarea Compensacion/Generacion_Interfaz_Contable/a_Generar Reporte' is clicked on

2023-04-10 09:17:11 - [MESSAGE][PASSED] - Object: 'Object Repository/1-OBJECTS TAREAS PRINCIPALES/Modulo Tarea Compensacion/Generacion_Interfaz_Contable/a_Generar Reporte' is clicked on

2023-04-10 09:17:11 - [TEST_STEP][PASSED] - click(findTestObject("1-OBJECTS TAREAS PRINCIPALES/Modulo Tarea Compensacion/Generacion_Interfaz_Contable/a_Descargar")): Object: 'Object Repository/1-OBJECTS TAREAS PRINCIPALES/Modulo Tarea Compensacion/Generacion_Interfaz_Contable/a_Descargar' is clicked on

2023-04-10 09:17:12 - [MESSAGE][PASSED] - Object: 'Object Repository/1-OBJECTS TAREAS PRINCIPALES/Modulo Tarea Compensacion/Generacion_Interfaz_Contable/a_Descargar' is clicked on

2023-04-10 09:17:12 - [TEST_STEP][PASSED] - RutaA = Systema(): null

2023-04-10 09:17:12 - [TEST_STEP][PASSED] - RutaA = System.getProperty("os.name"): null

2023-04-10 09:17:12 - [TEST_STEP][PASSED] - if (RutaA == "Windows 10"): null

2023-04-10 09:17:12 - [TEST_STEP][PASSED] - rutaW = System.getProperty("user.home") + "/Downloads/": null

2023-04-10 09:17:12 - [TEST_STEP][PASSED] - rutaW = rutaW.replace("/", "\"): null

2023-04-10 09:17:12 - [TEST_STEP][PASSED] - println("ESTA ES LA RUTA" + rutaW): null

2023-04-10 09:17:12 - [TEST_STEP][PASSED] - RutaA = rutaW: null

2023-04-10 09:17:12 - [TEST_STEP][PASSED] - rutaA = RutaA: null

2023-04-10 09:17:12 - [TEST_STEP][PASSED] - println(rutaA): null

2023-04-10 09:17:12 - [TEST_STEP][PASSED] - Archivo = "Reporte.pdf": null

2023-04-10 09:17:12 - [TEST_STEP][PASSED] - Archivo1 = "Reporte.xlsx": null

2023-04-10 09:17:12 - [TEST_STEP][PASSED] - Assert.assertTrue(archivoDescargado(rutaA, Archivo, Archivo1, Navegador)): null

2023-04-10 09:17:12 - [TEST_STEP][PASSED] - delay(2): Delayed 2 second(s)

2023-04-10 09:17:14 - [MESSAGE][PASSED] - Delayed 2 second(s)

2023-04-10 09:17:14 - [TEST_STEP][PASSED] - dir = new java.io.File(rutaA): null

2023-04-10 09:17:14 - [TEST_STEP][PASSED] - dirContenidos = dir.listFiles(): null

2023-04-10 09:17:14 - [TEST_STEP][PASSED] - out.println(dirContenidos): null

2023-04-10 09:17:14 - [TEST_STEP][PASSED] - for ([i = 0, i < length, (i++)]): null

2023-04-10 09:17:14 - [TEST_STEP][PASSED] - if (getName().equals(Archivo1)): null

2023-04-10 09:17:14 - [TEST_STEP][PASSED] - if (getName().equals(Archivo1)): null

2023-04-10 09:17:14 - [TEST_STEP][PASSED] - if (getName().equals(Archivo1)): null

2023-04-10 09:17:14 - [TEST_STEP][PASSED] - if (getName().equals(Archivo1)): null

2023-04-10 09:17:14 - [TEST_STEP][PASSED] - if (getName().equals(Archivo1)): null

2023-04-10 09:17:14 - [TEST_STEP][PASSED] - if (dirContenidos[i].isFile()): null

2023-04-10 09:17:14 - [TEST_STEP][PASSED] - dirContenidos[i].delete(): null

2023-04-10 09:17:14 - [TEST_STEP][PASSED] - ResultF = "archivo1 ok": null

2023-04-10 09:17:14 - [TEST_STEP][PASSED] - out.println(ResultF): null

2023-04-10 09:17:14 - [TEST_STEP][PASSED] - println(Navegador): null

2023-04-10 09:17:14 - [TEST_STEP][PASSED] - if (Navegador != "Firefox"): null

2023-04-10 09:17:14 - [TEST_STEP][PASSED] - dir1 = new java.io.File(rutaA): null

2023-04-10 09:17:14 - [TEST_STEP][PASSED] - dirContenidos1 = dir1.listFiles(): null

2023-04-10 09:17:14 - [TEST_STEP][PASSED] - out.println(dirContenidos1): null

2023-04-10 09:17:14 - [TEST_STEP][PASSED] - for ([i = 0, i < length, (i++)]): null

2023-04-10 09:17:14 - [TEST_STEP][PASSED] - if (getName().equals(Archivo)): null

2023-04-10 09:17:14 - [TEST_STEP][PASSED] - if (getName().equals(Archivo)): null

2023-04-10 09:17:14 - [TEST_STEP][PASSED] - if (getName().equals(Archivo)): null

2023-04-10 09:17:14 - [TEST_STEP][PASSED] - if (getName().equals(Archivo)): null

2023-04-10 09:17:14 - [TEST_STEP][PASSED] - if (dirContenidos1[i].isFile()): null

2023-04-10 09:17:14 - [TEST_STEP][PASSED] - dirContenidos1[i].delete(): null

2023-04-10 09:17:14 - [TEST_STEP][PASSED] - ResultF1 = "prueba ok": null

2023-04-10 09:17:14 - [TEST_STEP][PASSED] - out.println(ResultF1): null

2023-04-10 09:17:14 - [TEST_STEP][PASSED] - closeBrowser(): Browser is closed

2023-04-10 09:17:14 - [MESSAGE][PASSED] - Browser is closed

2023-04-10 09:17:14 - [TEST_STEP][PASSED] - return true: null]]></system-out>
         <system-err><![CDATA[]]></system-err>
      </testcase>
      <testcase name="Test Cases/1.1-Tareas Principales/1.7.7-Crear_Días_Festivos" time="49.72" classname="Test Cases/1.1-Tareas Principales/1.7.7-Crear_Días_Festivos" status="PASSED">
         <system-out><![CDATA[2023-04-10 09:17:14 - [TEST_CASE][PASSED] - Test Cases/1.1-Tareas Principales/1.7.7-Crear_Días_Festivos: Test Cases/1.1-Tareas Principales/1.7.7-Crear_Días_Festivos

2023-04-10 09:17:15 - [TEST_STEP][PASSED] - callTestCase(findTestCase("0.1-Login"), [:], STOP_ON_FAILURE): Call Test Case 'Test Cases/0.1-Login' successfully

2023-04-10 09:17:15 - [TEST_CASE][PASSED] - Test Cases/0.1-Login: Test Cases/0.1-Login

2023-04-10 09:17:15 - [TEST_STEP][PASSED] - openBrowser(""): Browser is opened with url: ''

2023-04-10 09:17:15 - [MESSAGE][INFO] - Starting 'Chrome' driver

2023-04-10 09:17:15 - [MESSAGE][INFO] - Action delay is set to 0 milliseconds

2023-04-10 09:17:16 - [MESSAGE][PASSED] - Browser is opened with url: ''

2023-04-10 09:17:16 - [TEST_STEP][PASSED] - maximizeWindow(): Current window maximized

2023-04-10 09:17:16 - [MESSAGE][PASSED] - Current window maximized

2023-04-10 09:17:16 - [TEST_STEP][PASSED] - i = G_Login: null

2023-04-10 09:17:16 - [TEST_STEP][PASSED] - url = new java.net.URL(i): null

2023-04-10 09:17:16 - [TEST_STEP][PASSED] - println("URL: " + url.toString()): null

2023-04-10 09:17:16 - [TEST_STEP][PASSED] - connection = url.openConnection(): null

2023-04-10 09:17:16 - [TEST_STEP][PASSED] - connection.setRequestMethod("GET"): null

2023-04-10 09:17:16 - [TEST_STEP][PASSED] - connection.setReadTimeout(2 * 1000): null

2023-04-10 09:17:16 - [TEST_STEP][PASSED] - try: null

2023-04-10 09:17:16 - [TEST_STEP][PASSED] - connection.connect(): null

2023-04-10 09:17:16 - [TEST_STEP][PASSED] - flag = connected: null

2023-04-10 09:17:16 - [TEST_STEP][PASSED] - println("Valor_ori: " + flag): null

2023-04-10 09:17:16 - [TEST_STEP][PASSED] - if (flag): null

2023-04-10 09:17:16 - [TEST_STEP][PASSED] - navigateToUrl(i): Navigate to 'http://192.168.2.19:8380/saraweb' successfully

2023-04-10 09:17:17 - [MESSAGE][PASSED] - Navigate to 'http://192.168.2.19:8380/saraweb' successfully

2023-04-10 09:17:17 - [TEST_STEP][PASSED] - a(): null

2023-04-10 09:17:17 - [TEST_STEP][PASSED] - if (waitForElementVisible(findTestObject("3-OBJECTS UTILIDADES/Login/input_USUARIO_loginusuario"), 0)): null

2023-04-10 09:17:17 - [MESSAGE][WARNING] - Timeout '0' is invalid. Using default page load timeout: '37'

2023-04-10 09:17:17 - [MESSAGE][PASSED] - Object 'Object Repository/3-OBJECTS UTILIDADES/Login/input_USUARIO_loginusuario' is visible

2023-04-10 09:17:17 - [TEST_STEP][PASSED] - switchToWindowTitle("SARA"): Switched to window with title: 'SARA'

2023-04-10 09:17:17 - [MESSAGE][PASSED] - Switched to window with title: 'SARA'

2023-04-10 09:17:17 - [TEST_STEP][PASSED] - zoom(): null

2023-04-10 09:17:17 - [TEST_STEP][PASSED] - robot = new java.awt.Robot(): null

2023-04-10 09:17:17 - [TEST_STEP][PASSED] - robot.keyPress(VK_CONTROL): null

2023-04-10 09:17:17 - [TEST_STEP][PASSED] - robot.keyPress(VK_SUBTRACT): null

2023-04-10 09:17:17 - [TEST_STEP][PASSED] - robot.keyRelease(VK_CONTROL): null

2023-04-10 09:17:17 - [TEST_STEP][PASSED] - robot.keyRelease(VK_SUBTRACT): null

2023-04-10 09:17:17 - [TEST_STEP][PASSED] - robot.keyPress(VK_CONTROL): null

2023-04-10 09:17:17 - [TEST_STEP][PASSED] - robot.keyPress(VK_SUBTRACT): null

2023-04-10 09:17:17 - [TEST_STEP][PASSED] - robot.keyRelease(VK_CONTROL): null

2023-04-10 09:17:17 - [TEST_STEP][PASSED] - robot.keyRelease(VK_SUBTRACT): null

2023-04-10 09:17:17 - [TEST_STEP][PASSED] - robot.keyPress(VK_CONTROL): null

2023-04-10 09:17:17 - [TEST_STEP][PASSED] - robot.keyPress(VK_SUBTRACT): null

2023-04-10 09:17:17 - [TEST_STEP][PASSED] - robot.keyRelease(VK_CONTROL): null

2023-04-10 09:17:17 - [TEST_STEP][PASSED] - robot.keyRelease(VK_SUBTRACT): null

2023-04-10 09:17:17 - [TEST_STEP][PASSED] - robot.keyRelease(VK_CONTROL): null

2023-04-10 09:17:17 - [TEST_STEP][PASSED] - robot.keyRelease(VK_SUBTRACT): null

2023-04-10 09:17:17 - [TEST_STEP][PASSED] - setText(findTestObject("3-OBJECTS UTILIDADES/Login/input_USUARIO_loginusuario"), G_Usuario): Text 'saraadmin' is set on object 'Object Repository/3-OBJECTS UTILIDADES/Login/input_USUARIO_loginusuario'

2023-04-10 09:17:18 - [MESSAGE][PASSED] - Text 'saraadmin' is set on object 'Object Repository/3-OBJECTS UTILIDADES/Login/input_USUARIO_loginusuario'

2023-04-10 09:17:18 - [TEST_STEP][PASSED] - setEncryptedText(findTestObject("3-OBJECTS UTILIDADES/Login/input_CLAVE_loginpassword"), "SlAwMcyRKqrwbnzhAs8HhT6NnI7sEyng"): Text ****** has been set on object 'Object Repository/3-OBJECTS UTILIDADES/Login/input_CLAVE_loginpassword'

2023-04-10 09:17:19 - [MESSAGE][PASSED] - Text ****** has been set on object 'Object Repository/3-OBJECTS UTILIDADES/Login/input_CLAVE_loginpassword'

2023-04-10 09:17:19 - [TEST_STEP][PASSED] - while (waitForElementClickable(findTestObject("3-OBJECTS UTILIDADES/Login/a_Ingresar"), 1)): Web element with id: 'Object Repository/3-OBJECTS UTILIDADES/Login/a_Ingresar' located by '//a[contains(text(),'Ingresar')]' not found

2023-04-10 09:17:22 - [MESSAGE][INFO] - Unable to find the element located by 'By.xpath: //a[contains(text(),'Ingresar')]'. Please recheck the objects properties to make sure the desired element is located. 

2023-04-10 09:17:22 - [MESSAGE][WARNING] - Web element with id: 'Object Repository/3-OBJECTS UTILIDADES/Login/a_Ingresar' located by '//a[contains(text(),'Ingresar')]' not found

2023-04-10 09:17:22 - [MESSAGE][PASSED] - Call Test Case 'Test Cases/0.1-Login' successfully

2023-04-10 09:17:22 - [TEST_STEP][PASSED] - setText(findTestObject("1-OBJECTS TAREAS PRINCIPALES/Modulo Tarea Compensacion/Crear_Días_Festivos/input_Empresa 1_form_templatej_idt24_input"), "Dias Festivos"): Text 'Dias Festivos' is set on object 'Object Repository/1-OBJECTS TAREAS PRINCIPALES/Modulo Tarea Compensacion/Crear_Días_Festivos/input_Empresa 1_form_templatej_idt24_input'

2023-04-10 09:17:22 - [MESSAGE][PASSED] - Text 'Dias Festivos' is set on object 'Object Repository/1-OBJECTS TAREAS PRINCIPALES/Modulo Tarea Compensacion/Crear_Días_Festivos/input_Empresa 1_form_templatej_idt24_input'

2023-04-10 09:17:22 - [TEST_STEP][PASSED] - click(findTestObject("1-OBJECTS TAREAS PRINCIPALES/Modulo Tarea Compensacion/Crear_Días_Festivos/li_Dias Festivos (com)")): Object: 'Object Repository/1-OBJECTS TAREAS PRINCIPALES/Modulo Tarea Compensacion/Crear_Días_Festivos/li_Dias Festivos (com)' is clicked on

2023-04-10 09:17:24 - [MESSAGE][PASSED] - Object: 'Object Repository/1-OBJECTS TAREAS PRINCIPALES/Modulo Tarea Compensacion/Crear_Días_Festivos/li_Dias Festivos (com)' is clicked on

2023-04-10 09:17:24 - [TEST_STEP][PASSED] - setText(findTestObject("1-OBJECTS TAREAS PRINCIPALES/Modulo Tarea Compensacion/Crear_Días_Festivos/input_Actos Administrativos_form_diasfestivosdescripcionFiltroConcepto"), "pruebas katalon"): Text 'pruebas katalon' is set on object 'Object Repository/1-OBJECTS TAREAS PRINCIPALES/Modulo Tarea Compensacion/Crear_Días_Festivos/input_Actos Administrativos_form_diasfestivosdescripcionFiltroConcepto'

2023-04-10 09:17:25 - [MESSAGE][PASSED] - Text 'pruebas katalon' is set on object 'Object Repository/1-OBJECTS TAREAS PRINCIPALES/Modulo Tarea Compensacion/Crear_Días_Festivos/input_Actos Administrativos_form_diasfestivosdescripcionFiltroConcepto'

2023-04-10 09:17:25 - [TEST_STEP][PASSED] - sendKeys(findTestObject("1-OBJECTS TAREAS PRINCIPALES/Modulo Tarea Compensacion/Crear_Días_Festivos/input_Actos Administrativos_form_diasfestivosdescripcionFiltroConcepto"), Keys.chord(ENTER)): Keys 'ENTER + ' sent to object: 'Object Repository/1-OBJECTS TAREAS PRINCIPALES/Modulo Tarea Compensacion/Crear_Días_Festivos/input_Actos Administrativos_form_diasfestivosdescripcionFiltroConcepto'

2023-04-10 09:17:26 - [MESSAGE][PASSED] - Keys 'ENTER + ' sent to object: 'Object Repository/1-OBJECTS TAREAS PRINCIPALES/Modulo Tarea Compensacion/Crear_Días_Festivos/input_Actos Administrativos_form_diasfestivosdescripcionFiltroConcepto'

2023-04-10 09:17:26 - [TEST_STEP][PASSED] - if (waitForElementVisible(findTestObject("1-OBJECTS TAREAS PRINCIPALES/Modulo Tarea Compensacion/Crear_Días_Festivos/td_Pruebas katalon"), 1)): null

2023-04-10 09:17:27 - [MESSAGE][PASSED] - Object 'Object Repository/1-OBJECTS TAREAS PRINCIPALES/Modulo Tarea Compensacion/Crear_Días_Festivos/td_Pruebas katalon' is visible

2023-04-10 09:17:27 - [TEST_STEP][PASSED] - click(findTestObject("1-OBJECTS TAREAS PRINCIPALES/Modulo Tarea Compensacion/Crear_Días_Festivos/td_Pruebas katalon"), STOP_ON_FAILURE): Object: 'Object Repository/1-OBJECTS TAREAS PRINCIPALES/Modulo Tarea Compensacion/Crear_Días_Festivos/td_Pruebas katalon' is clicked on

2023-04-10 09:17:27 - [MESSAGE][PASSED] - Object: 'Object Repository/1-OBJECTS TAREAS PRINCIPALES/Modulo Tarea Compensacion/Crear_Días_Festivos/td_Pruebas katalon' is clicked on

2023-04-10 09:17:27 - [TEST_STEP][PASSED] - leerMes = getText(findTestObject("1-OBJECTS TAREAS PRINCIPALES/Modulo Tarea Compensacion/Crear_Días_Festivos/h2_enero 2021")): Text of object 'Object Repository/1-OBJECTS TAREAS PRINCIPALES/Modulo Tarea Compensacion/Crear_Días_Festivos/h2_enero 2021' is: 'abril de 2023'

2023-04-10 09:17:28 - [MESSAGE][PASSED] - Text of object 'Object Repository/1-OBJECTS TAREAS PRINCIPALES/Modulo Tarea Compensacion/Crear_Días_Festivos/h2_enero 2021' is: 'abril de 2023'

2023-04-10 09:17:28 - [TEST_STEP][PASSED] - Mes = leerMes: null

2023-04-10 09:17:28 - [TEST_STEP][PASSED] - while (Mes != "enero de 2021"): null

2023-04-10 09:17:28 - [TEST_STEP][PASSED] - click(findTestObject("1-OBJECTS TAREAS PRINCIPALES/Modulo Tarea Compensacion/Crear_Días_Festivos/span_Modo_fc-icon fc-icon-left-single-arrow_regresarMes"), STOP_ON_FAILURE): Object: 'Object Repository/1-OBJECTS TAREAS PRINCIPALES/Modulo Tarea Compensacion/Crear_Días_Festivos/span_Modo_fc-icon fc-icon-left-single-arrow_regresarMes' is clicked on

2023-04-10 09:17:28 - [MESSAGE][PASSED] - Object: 'Object Repository/1-OBJECTS TAREAS PRINCIPALES/Modulo Tarea Compensacion/Crear_Días_Festivos/span_Modo_fc-icon fc-icon-left-single-arrow_regresarMes' is clicked on

2023-04-10 09:17:28 - [TEST_STEP][PASSED] - Mes1 = getText(findTestObject("1-OBJECTS TAREAS PRINCIPALES/Modulo Tarea Compensacion/Crear_Días_Festivos/h2_enero 2021")): Text of object 'Object Repository/1-OBJECTS TAREAS PRINCIPALES/Modulo Tarea Compensacion/Crear_Días_Festivos/h2_enero 2021' is: 'marzo de 2023'

2023-04-10 09:17:29 - [MESSAGE][PASSED] - Text of object 'Object Repository/1-OBJECTS TAREAS PRINCIPALES/Modulo Tarea Compensacion/Crear_Días_Festivos/h2_enero 2021' is: 'marzo de 2023'

2023-04-10 09:17:29 - [TEST_STEP][PASSED] - Mes = Mes1: null

2023-04-10 09:17:29 - [TEST_STEP][PASSED] - click(findTestObject("1-OBJECTS TAREAS PRINCIPALES/Modulo Tarea Compensacion/Crear_Días_Festivos/span_Modo_fc-icon fc-icon-left-single-arrow_regresarMes"), STOP_ON_FAILURE): Object: 'Object Repository/1-OBJECTS TAREAS PRINCIPALES/Modulo Tarea Compensacion/Crear_Días_Festivos/span_Modo_fc-icon fc-icon-left-single-arrow_regresarMes' is clicked on

2023-04-10 09:17:29 - [MESSAGE][PASSED] - Object: 'Object Repository/1-OBJECTS TAREAS PRINCIPALES/Modulo Tarea Compensacion/Crear_Días_Festivos/span_Modo_fc-icon fc-icon-left-single-arrow_regresarMes' is clicked on

2023-04-10 09:17:29 - [TEST_STEP][PASSED] - Mes1 = getText(findTestObject("1-OBJECTS TAREAS PRINCIPALES/Modulo Tarea Compensacion/Crear_Días_Festivos/h2_enero 2021")): Text of object 'Object Repository/1-OBJECTS TAREAS PRINCIPALES/Modulo Tarea Compensacion/Crear_Días_Festivos/h2_enero 2021' is: 'febrero de 2023'

2023-04-10 09:17:30 - [MESSAGE][PASSED] - Text of object 'Object Repository/1-OBJECTS TAREAS PRINCIPALES/Modulo Tarea Compensacion/Crear_Días_Festivos/h2_enero 2021' is: 'febrero de 2023'

2023-04-10 09:17:30 - [TEST_STEP][PASSED] - Mes = Mes1: null

2023-04-10 09:17:30 - [TEST_STEP][PASSED] - click(findTestObject("1-OBJECTS TAREAS PRINCIPALES/Modulo Tarea Compensacion/Crear_Días_Festivos/span_Modo_fc-icon fc-icon-left-single-arrow_regresarMes"), STOP_ON_FAILURE): Object: 'Object Repository/1-OBJECTS TAREAS PRINCIPALES/Modulo Tarea Compensacion/Crear_Días_Festivos/span_Modo_fc-icon fc-icon-left-single-arrow_regresarMes' is clicked on

2023-04-10 09:17:30 - [MESSAGE][PASSED] - Object: 'Object Repository/1-OBJECTS TAREAS PRINCIPALES/Modulo Tarea Compensacion/Crear_Días_Festivos/span_Modo_fc-icon fc-icon-left-single-arrow_regresarMes' is clicked on

2023-04-10 09:17:30 - [TEST_STEP][PASSED] - Mes1 = getText(findTestObject("1-OBJECTS TAREAS PRINCIPALES/Modulo Tarea Compensacion/Crear_Días_Festivos/h2_enero 2021")): Text of object 'Object Repository/1-OBJECTS TAREAS PRINCIPALES/Modulo Tarea Compensacion/Crear_Días_Festivos/h2_enero 2021' is: 'enero de 2023'

2023-04-10 09:17:31 - [MESSAGE][PASSED] - Text of object 'Object Repository/1-OBJECTS TAREAS PRINCIPALES/Modulo Tarea Compensacion/Crear_Días_Festivos/h2_enero 2021' is: 'enero de 2023'

2023-04-10 09:17:31 - [TEST_STEP][PASSED] - Mes = Mes1: null

2023-04-10 09:17:31 - [TEST_STEP][PASSED] - click(findTestObject("1-OBJECTS TAREAS PRINCIPALES/Modulo Tarea Compensacion/Crear_Días_Festivos/span_Modo_fc-icon fc-icon-left-single-arrow_regresarMes"), STOP_ON_FAILURE): Object: 'Object Repository/1-OBJECTS TAREAS PRINCIPALES/Modulo Tarea Compensacion/Crear_Días_Festivos/span_Modo_fc-icon fc-icon-left-single-arrow_regresarMes' is clicked on

2023-04-10 09:17:31 - [MESSAGE][PASSED] - Object: 'Object Repository/1-OBJECTS TAREAS PRINCIPALES/Modulo Tarea Compensacion/Crear_Días_Festivos/span_Modo_fc-icon fc-icon-left-single-arrow_regresarMes' is clicked on

2023-04-10 09:17:31 - [TEST_STEP][PASSED] - Mes1 = getText(findTestObject("1-OBJECTS TAREAS PRINCIPALES/Modulo Tarea Compensacion/Crear_Días_Festivos/h2_enero 2021")): Text of object 'Object Repository/1-OBJECTS TAREAS PRINCIPALES/Modulo Tarea Compensacion/Crear_Días_Festivos/h2_enero 2021' is: 'diciembre de 2022'

2023-04-10 09:17:32 - [MESSAGE][PASSED] - Text of object 'Object Repository/1-OBJECTS TAREAS PRINCIPALES/Modulo Tarea Compensacion/Crear_Días_Festivos/h2_enero 2021' is: 'diciembre de 2022'

2023-04-10 09:17:32 - [TEST_STEP][PASSED] - Mes = Mes1: null

2023-04-10 09:17:32 - [TEST_STEP][PASSED] - click(findTestObject("1-OBJECTS TAREAS PRINCIPALES/Modulo Tarea Compensacion/Crear_Días_Festivos/span_Modo_fc-icon fc-icon-left-single-arrow_regresarMes"), STOP_ON_FAILURE): Object: 'Object Repository/1-OBJECTS TAREAS PRINCIPALES/Modulo Tarea Compensacion/Crear_Días_Festivos/span_Modo_fc-icon fc-icon-left-single-arrow_regresarMes' is clicked on

2023-04-10 09:17:32 - [MESSAGE][PASSED] - Object: 'Object Repository/1-OBJECTS TAREAS PRINCIPALES/Modulo Tarea Compensacion/Crear_Días_Festivos/span_Modo_fc-icon fc-icon-left-single-arrow_regresarMes' is clicked on

2023-04-10 09:17:32 - [TEST_STEP][PASSED] - Mes1 = getText(findTestObject("1-OBJECTS TAREAS PRINCIPALES/Modulo Tarea Compensacion/Crear_Días_Festivos/h2_enero 2021")): Text of object 'Object Repository/1-OBJECTS TAREAS PRINCIPALES/Modulo Tarea Compensacion/Crear_Días_Festivos/h2_enero 2021' is: 'noviembre de 2022'

2023-04-10 09:17:33 - [MESSAGE][PASSED] - Text of object 'Object Repository/1-OBJECTS TAREAS PRINCIPALES/Modulo Tarea Compensacion/Crear_Días_Festivos/h2_enero 2021' is: 'noviembre de 2022'

2023-04-10 09:17:33 - [TEST_STEP][PASSED] - Mes = Mes1: null

2023-04-10 09:17:33 - [TEST_STEP][PASSED] - click(findTestObject("1-OBJECTS TAREAS PRINCIPALES/Modulo Tarea Compensacion/Crear_Días_Festivos/span_Modo_fc-icon fc-icon-left-single-arrow_regresarMes"), STOP_ON_FAILURE): Object: 'Object Repository/1-OBJECTS TAREAS PRINCIPALES/Modulo Tarea Compensacion/Crear_Días_Festivos/span_Modo_fc-icon fc-icon-left-single-arrow_regresarMes' is clicked on

2023-04-10 09:17:33 - [MESSAGE][PASSED] - Object: 'Object Repository/1-OBJECTS TAREAS PRINCIPALES/Modulo Tarea Compensacion/Crear_Días_Festivos/span_Modo_fc-icon fc-icon-left-single-arrow_regresarMes' is clicked on

2023-04-10 09:17:33 - [TEST_STEP][PASSED] - Mes1 = getText(findTestObject("1-OBJECTS TAREAS PRINCIPALES/Modulo Tarea Compensacion/Crear_Días_Festivos/h2_enero 2021")): Text of object 'Object Repository/1-OBJECTS TAREAS PRINCIPALES/Modulo Tarea Compensacion/Crear_Días_Festivos/h2_enero 2021' is: 'octubre de 2022'

2023-04-10 09:17:33 - [MESSAGE][PASSED] - Text of object 'Object Repository/1-OBJECTS TAREAS PRINCIPALES/Modulo Tarea Compensacion/Crear_Días_Festivos/h2_enero 2021' is: 'octubre de 2022'

2023-04-10 09:17:33 - [TEST_STEP][PASSED] - Mes = Mes1: null

2023-04-10 09:17:33 - [TEST_STEP][PASSED] - click(findTestObject("1-OBJECTS TAREAS PRINCIPALES/Modulo Tarea Compensacion/Crear_Días_Festivos/span_Modo_fc-icon fc-icon-left-single-arrow_regresarMes"), STOP_ON_FAILURE): Object: 'Object Repository/1-OBJECTS TAREAS PRINCIPALES/Modulo Tarea Compensacion/Crear_Días_Festivos/span_Modo_fc-icon fc-icon-left-single-arrow_regresarMes' is clicked on

2023-04-10 09:17:34 - [MESSAGE][PASSED] - Object: 'Object Repository/1-OBJECTS TAREAS PRINCIPALES/Modulo Tarea Compensacion/Crear_Días_Festivos/span_Modo_fc-icon fc-icon-left-single-arrow_regresarMes' is clicked on

2023-04-10 09:17:34 - [TEST_STEP][PASSED] - Mes1 = getText(findTestObject("1-OBJECTS TAREAS PRINCIPALES/Modulo Tarea Compensacion/Crear_Días_Festivos/h2_enero 2021")): Text of object 'Object Repository/1-OBJECTS TAREAS PRINCIPALES/Modulo Tarea Compensacion/Crear_Días_Festivos/h2_enero 2021' is: 'septiembre de 2022'

2023-04-10 09:17:34 - [MESSAGE][PASSED] - Text of object 'Object Repository/1-OBJECTS TAREAS PRINCIPALES/Modulo Tarea Compensacion/Crear_Días_Festivos/h2_enero 2021' is: 'septiembre de 2022'

2023-04-10 09:17:34 - [TEST_STEP][PASSED] - Mes = Mes1: null

2023-04-10 09:17:34 - [TEST_STEP][PASSED] - click(findTestObject("1-OBJECTS TAREAS PRINCIPALES/Modulo Tarea Compensacion/Crear_Días_Festivos/span_Modo_fc-icon fc-icon-left-single-arrow_regresarMes"), STOP_ON_FAILURE): Object: 'Object Repository/1-OBJECTS TAREAS PRINCIPALES/Modulo Tarea Compensacion/Crear_Días_Festivos/span_Modo_fc-icon fc-icon-left-single-arrow_regresarMes' is clicked on

2023-04-10 09:17:35 - [MESSAGE][PASSED] - Object: 'Object Repository/1-OBJECTS TAREAS PRINCIPALES/Modulo Tarea Compensacion/Crear_Días_Festivos/span_Modo_fc-icon fc-icon-left-single-arrow_regresarMes' is clicked on

2023-04-10 09:17:35 - [TEST_STEP][PASSED] - Mes1 = getText(findTestObject("1-OBJECTS TAREAS PRINCIPALES/Modulo Tarea Compensacion/Crear_Días_Festivos/h2_enero 2021")): Text of object 'Object Repository/1-OBJECTS TAREAS PRINCIPALES/Modulo Tarea Compensacion/Crear_Días_Festivos/h2_enero 2021' is: 'agosto de 2022'

2023-04-10 09:17:35 - [MESSAGE][PASSED] - Text of object 'Object Repository/1-OBJECTS TAREAS PRINCIPALES/Modulo Tarea Compensacion/Crear_Días_Festivos/h2_enero 2021' is: 'agosto de 2022'

2023-04-10 09:17:35 - [TEST_STEP][PASSED] - Mes = Mes1: null

2023-04-10 09:17:35 - [TEST_STEP][PASSED] - click(findTestObject("1-OBJECTS TAREAS PRINCIPALES/Modulo Tarea Compensacion/Crear_Días_Festivos/span_Modo_fc-icon fc-icon-left-single-arrow_regresarMes"), STOP_ON_FAILURE): Object: 'Object Repository/1-OBJECTS TAREAS PRINCIPALES/Modulo Tarea Compensacion/Crear_Días_Festivos/span_Modo_fc-icon fc-icon-left-single-arrow_regresarMes' is clicked on

2023-04-10 09:17:36 - [MESSAGE][PASSED] - Object: 'Object Repository/1-OBJECTS TAREAS PRINCIPALES/Modulo Tarea Compensacion/Crear_Días_Festivos/span_Modo_fc-icon fc-icon-left-single-arrow_regresarMes' is clicked on

2023-04-10 09:17:36 - [TEST_STEP][PASSED] - Mes1 = getText(findTestObject("1-OBJECTS TAREAS PRINCIPALES/Modulo Tarea Compensacion/Crear_Días_Festivos/h2_enero 2021")): Text of object 'Object Repository/1-OBJECTS TAREAS PRINCIPALES/Modulo Tarea Compensacion/Crear_Días_Festivos/h2_enero 2021' is: 'julio de 2022'

2023-04-10 09:17:36 - [MESSAGE][PASSED] - Text of object 'Object Repository/1-OBJECTS TAREAS PRINCIPALES/Modulo Tarea Compensacion/Crear_Días_Festivos/h2_enero 2021' is: 'julio de 2022'

2023-04-10 09:17:36 - [TEST_STEP][PASSED] - Mes = Mes1: null

2023-04-10 09:17:36 - [TEST_STEP][PASSED] - click(findTestObject("1-OBJECTS TAREAS PRINCIPALES/Modulo Tarea Compensacion/Crear_Días_Festivos/span_Modo_fc-icon fc-icon-left-single-arrow_regresarMes"), STOP_ON_FAILURE): Object: 'Object Repository/1-OBJECTS TAREAS PRINCIPALES/Modulo Tarea Compensacion/Crear_Días_Festivos/span_Modo_fc-icon fc-icon-left-single-arrow_regresarMes' is clicked on

2023-04-10 09:17:37 - [MESSAGE][PASSED] - Object: 'Object Repository/1-OBJECTS TAREAS PRINCIPALES/Modulo Tarea Compensacion/Crear_Días_Festivos/span_Modo_fc-icon fc-icon-left-single-arrow_regresarMes' is clicked on

2023-04-10 09:17:37 - [TEST_STEP][PASSED] - Mes1 = getText(findTestObject("1-OBJECTS TAREAS PRINCIPALES/Modulo Tarea Compensacion/Crear_Días_Festivos/h2_enero 2021")): Text of object 'Object Repository/1-OBJECTS TAREAS PRINCIPALES/Modulo Tarea Compensacion/Crear_Días_Festivos/h2_enero 2021' is: 'junio de 2022'

2023-04-10 09:17:37 - [MESSAGE][PASSED] - Text of object 'Object Repository/1-OBJECTS TAREAS PRINCIPALES/Modulo Tarea Compensacion/Crear_Días_Festivos/h2_enero 2021' is: 'junio de 2022'

2023-04-10 09:17:37 - [TEST_STEP][PASSED] - Mes = Mes1: null

2023-04-10 09:17:37 - [TEST_STEP][PASSED] - click(findTestObject("1-OBJECTS TAREAS PRINCIPALES/Modulo Tarea Compensacion/Crear_Días_Festivos/span_Modo_fc-icon fc-icon-left-single-arrow_regresarMes"), STOP_ON_FAILURE): Object: 'Object Repository/1-OBJECTS TAREAS PRINCIPALES/Modulo Tarea Compensacion/Crear_Días_Festivos/span_Modo_fc-icon fc-icon-left-single-arrow_regresarMes' is clicked on

2023-04-10 09:17:38 - [MESSAGE][PASSED] - Object: 'Object Repository/1-OBJECTS TAREAS PRINCIPALES/Modulo Tarea Compensacion/Crear_Días_Festivos/span_Modo_fc-icon fc-icon-left-single-arrow_regresarMes' is clicked on

2023-04-10 09:17:38 - [TEST_STEP][PASSED] - Mes1 = getText(findTestObject("1-OBJECTS TAREAS PRINCIPALES/Modulo Tarea Compensacion/Crear_Días_Festivos/h2_enero 2021")): Text of object 'Object Repository/1-OBJECTS TAREAS PRINCIPALES/Modulo Tarea Compensacion/Crear_Días_Festivos/h2_enero 2021' is: 'mayo de 2022'

2023-04-10 09:17:38 - [MESSAGE][PASSED] - Text of object 'Object Repository/1-OBJECTS TAREAS PRINCIPALES/Modulo Tarea Compensacion/Crear_Días_Festivos/h2_enero 2021' is: 'mayo de 2022'

2023-04-10 09:17:38 - [TEST_STEP][PASSED] - Mes = Mes1: null

2023-04-10 09:17:38 - [TEST_STEP][PASSED] - click(findTestObject("1-OBJECTS TAREAS PRINCIPALES/Modulo Tarea Compensacion/Crear_Días_Festivos/span_Modo_fc-icon fc-icon-left-single-arrow_regresarMes"), STOP_ON_FAILURE): Object: 'Object Repository/1-OBJECTS TAREAS PRINCIPALES/Modulo Tarea Compensacion/Crear_Días_Festivos/span_Modo_fc-icon fc-icon-left-single-arrow_regresarMes' is clicked on

2023-04-10 09:17:39 - [MESSAGE][PASSED] - Object: 'Object Repository/1-OBJECTS TAREAS PRINCIPALES/Modulo Tarea Compensacion/Crear_Días_Festivos/span_Modo_fc-icon fc-icon-left-single-arrow_regresarMes' is clicked on

2023-04-10 09:17:39 - [TEST_STEP][PASSED] - Mes1 = getText(findTestObject("1-OBJECTS TAREAS PRINCIPALES/Modulo Tarea Compensacion/Crear_Días_Festivos/h2_enero 2021")): Text of object 'Object Repository/1-OBJECTS TAREAS PRINCIPALES/Modulo Tarea Compensacion/Crear_Días_Festivos/h2_enero 2021' is: 'abril de 2022'

2023-04-10 09:17:39 - [MESSAGE][PASSED] - Text of object 'Object Repository/1-OBJECTS TAREAS PRINCIPALES/Modulo Tarea Compensacion/Crear_Días_Festivos/h2_enero 2021' is: 'abril de 2022'

2023-04-10 09:17:39 - [TEST_STEP][PASSED] - Mes = Mes1: null

2023-04-10 09:17:39 - [TEST_STEP][PASSED] - click(findTestObject("1-OBJECTS TAREAS PRINCIPALES/Modulo Tarea Compensacion/Crear_Días_Festivos/span_Modo_fc-icon fc-icon-left-single-arrow_regresarMes"), STOP_ON_FAILURE): Object: 'Object Repository/1-OBJECTS TAREAS PRINCIPALES/Modulo Tarea Compensacion/Crear_Días_Festivos/span_Modo_fc-icon fc-icon-left-single-arrow_regresarMes' is clicked on

2023-04-10 09:17:40 - [MESSAGE][PASSED] - Object: 'Object Repository/1-OBJECTS TAREAS PRINCIPALES/Modulo Tarea Compensacion/Crear_Días_Festivos/span_Modo_fc-icon fc-icon-left-single-arrow_regresarMes' is clicked on

2023-04-10 09:17:40 - [TEST_STEP][PASSED] - Mes1 = getText(findTestObject("1-OBJECTS TAREAS PRINCIPALES/Modulo Tarea Compensacion/Crear_Días_Festivos/h2_enero 2021")): Text of object 'Object Repository/1-OBJECTS TAREAS PRINCIPALES/Modulo Tarea Compensacion/Crear_Días_Festivos/h2_enero 2021' is: 'marzo de 2022'

2023-04-10 09:17:40 - [MESSAGE][PASSED] - Text of object 'Object Repository/1-OBJECTS TAREAS PRINCIPALES/Modulo Tarea Compensacion/Crear_Días_Festivos/h2_enero 2021' is: 'marzo de 2022'

2023-04-10 09:17:40 - [TEST_STEP][PASSED] - Mes = Mes1: null

2023-04-10 09:17:40 - [TEST_STEP][PASSED] - click(findTestObject("1-OBJECTS TAREAS PRINCIPALES/Modulo Tarea Compensacion/Crear_Días_Festivos/span_Modo_fc-icon fc-icon-left-single-arrow_regresarMes"), STOP_ON_FAILURE): Object: 'Object Repository/1-OBJECTS TAREAS PRINCIPALES/Modulo Tarea Compensacion/Crear_Días_Festivos/span_Modo_fc-icon fc-icon-left-single-arrow_regresarMes' is clicked on

2023-04-10 09:17:41 - [MESSAGE][PASSED] - Object: 'Object Repository/1-OBJECTS TAREAS PRINCIPALES/Modulo Tarea Compensacion/Crear_Días_Festivos/span_Modo_fc-icon fc-icon-left-single-arrow_regresarMes' is clicked on

2023-04-10 09:17:41 - [TEST_STEP][PASSED] - Mes1 = getText(findTestObject("1-OBJECTS TAREAS PRINCIPALES/Modulo Tarea Compensacion/Crear_Días_Festivos/h2_enero 2021")): Text of object 'Object Repository/1-OBJECTS TAREAS PRINCIPALES/Modulo Tarea Compensacion/Crear_Días_Festivos/h2_enero 2021' is: 'febrero de 2022'

2023-04-10 09:17:41 - [MESSAGE][PASSED] - Text of object 'Object Repository/1-OBJECTS TAREAS PRINCIPALES/Modulo Tarea Compensacion/Crear_Días_Festivos/h2_enero 2021' is: 'febrero de 2022'

2023-04-10 09:17:41 - [TEST_STEP][PASSED] - Mes = Mes1: null

2023-04-10 09:17:41 - [TEST_STEP][PASSED] - click(findTestObject("1-OBJECTS TAREAS PRINCIPALES/Modulo Tarea Compensacion/Crear_Días_Festivos/span_Modo_fc-icon fc-icon-left-single-arrow_regresarMes"), STOP_ON_FAILURE): Object: 'Object Repository/1-OBJECTS TAREAS PRINCIPALES/Modulo Tarea Compensacion/Crear_Días_Festivos/span_Modo_fc-icon fc-icon-left-single-arrow_regresarMes' is clicked on

2023-04-10 09:17:41 - [MESSAGE][PASSED] - Object: 'Object Repository/1-OBJECTS TAREAS PRINCIPALES/Modulo Tarea Compensacion/Crear_Días_Festivos/span_Modo_fc-icon fc-icon-left-single-arrow_regresarMes' is clicked on

2023-04-10 09:17:41 - [TEST_STEP][PASSED] - Mes1 = getText(findTestObject("1-OBJECTS TAREAS PRINCIPALES/Modulo Tarea Compensacion/Crear_Días_Festivos/h2_enero 2021")): Text of object 'Object Repository/1-OBJECTS TAREAS PRINCIPALES/Modulo Tarea Compensacion/Crear_Días_Festivos/h2_enero 2021' is: 'enero de 2022'

2023-04-10 09:17:42 - [MESSAGE][PASSED] - Text of object 'Object Repository/1-OBJECTS TAREAS PRINCIPALES/Modulo Tarea Compensacion/Crear_Días_Festivos/h2_enero 2021' is: 'enero de 2022'

2023-04-10 09:17:42 - [TEST_STEP][PASSED] - Mes = Mes1: null

2023-04-10 09:17:42 - [TEST_STEP][PASSED] - click(findTestObject("1-OBJECTS TAREAS PRINCIPALES/Modulo Tarea Compensacion/Crear_Días_Festivos/span_Modo_fc-icon fc-icon-left-single-arrow_regresarMes"), STOP_ON_FAILURE): Object: 'Object Repository/1-OBJECTS TAREAS PRINCIPALES/Modulo Tarea Compensacion/Crear_Días_Festivos/span_Modo_fc-icon fc-icon-left-single-arrow_regresarMes' is clicked on

2023-04-10 09:17:42 - [MESSAGE][PASSED] - Object: 'Object Repository/1-OBJECTS TAREAS PRINCIPALES/Modulo Tarea Compensacion/Crear_Días_Festivos/span_Modo_fc-icon fc-icon-left-single-arrow_regresarMes' is clicked on

2023-04-10 09:17:42 - [TEST_STEP][PASSED] - Mes1 = getText(findTestObject("1-OBJECTS TAREAS PRINCIPALES/Modulo Tarea Compensacion/Crear_Días_Festivos/h2_enero 2021")): Text of object 'Object Repository/1-OBJECTS TAREAS PRINCIPALES/Modulo Tarea Compensacion/Crear_Días_Festivos/h2_enero 2021' is: 'diciembre de 2021'

2023-04-10 09:17:43 - [MESSAGE][PASSED] - Text of object 'Object Repository/1-OBJECTS TAREAS PRINCIPALES/Modulo Tarea Compensacion/Crear_Días_Festivos/h2_enero 2021' is: 'diciembre de 2021'

2023-04-10 09:17:43 - [TEST_STEP][PASSED] - Mes = Mes1: null

2023-04-10 09:17:43 - [TEST_STEP][PASSED] - click(findTestObject("1-OBJECTS TAREAS PRINCIPALES/Modulo Tarea Compensacion/Crear_Días_Festivos/span_Modo_fc-icon fc-icon-left-single-arrow_regresarMes"), STOP_ON_FAILURE): Object: 'Object Repository/1-OBJECTS TAREAS PRINCIPALES/Modulo Tarea Compensacion/Crear_Días_Festivos/span_Modo_fc-icon fc-icon-left-single-arrow_regresarMes' is clicked on

2023-04-10 09:17:43 - [MESSAGE][PASSED] - Object: 'Object Repository/1-OBJECTS TAREAS PRINCIPALES/Modulo Tarea Compensacion/Crear_Días_Festivos/span_Modo_fc-icon fc-icon-left-single-arrow_regresarMes' is clicked on

2023-04-10 09:17:43 - [TEST_STEP][PASSED] - Mes1 = getText(findTestObject("1-OBJECTS TAREAS PRINCIPALES/Modulo Tarea Compensacion/Crear_Días_Festivos/h2_enero 2021")): Text of object 'Object Repository/1-OBJECTS TAREAS PRINCIPALES/Modulo Tarea Compensacion/Crear_Días_Festivos/h2_enero 2021' is: 'noviembre de 2021'

2023-04-10 09:17:44 - [MESSAGE][PASSED] - Text of object 'Object Repository/1-OBJECTS TAREAS PRINCIPALES/Modulo Tarea Compensacion/Crear_Días_Festivos/h2_enero 2021' is: 'noviembre de 2021'

2023-04-10 09:17:44 - [TEST_STEP][PASSED] - Mes = Mes1: null

2023-04-10 09:17:44 - [TEST_STEP][PASSED] - click(findTestObject("1-OBJECTS TAREAS PRINCIPALES/Modulo Tarea Compensacion/Crear_Días_Festivos/span_Modo_fc-icon fc-icon-left-single-arrow_regresarMes"), STOP_ON_FAILURE): Object: 'Object Repository/1-OBJECTS TAREAS PRINCIPALES/Modulo Tarea Compensacion/Crear_Días_Festivos/span_Modo_fc-icon fc-icon-left-single-arrow_regresarMes' is clicked on

2023-04-10 09:17:44 - [MESSAGE][PASSED] - Object: 'Object Repository/1-OBJECTS TAREAS PRINCIPALES/Modulo Tarea Compensacion/Crear_Días_Festivos/span_Modo_fc-icon fc-icon-left-single-arrow_regresarMes' is clicked on

2023-04-10 09:17:44 - [TEST_STEP][PASSED] - Mes1 = getText(findTestObject("1-OBJECTS TAREAS PRINCIPALES/Modulo Tarea Compensacion/Crear_Días_Festivos/h2_enero 2021")): Text of object 'Object Repository/1-OBJECTS TAREAS PRINCIPALES/Modulo Tarea Compensacion/Crear_Días_Festivos/h2_enero 2021' is: 'octubre de 2021'

2023-04-10 09:17:45 - [MESSAGE][PASSED] - Text of object 'Object Repository/1-OBJECTS TAREAS PRINCIPALES/Modulo Tarea Compensacion/Crear_Días_Festivos/h2_enero 2021' is: 'octubre de 2021'

2023-04-10 09:17:45 - [TEST_STEP][PASSED] - Mes = Mes1: null

2023-04-10 09:17:45 - [TEST_STEP][PASSED] - click(findTestObject("1-OBJECTS TAREAS PRINCIPALES/Modulo Tarea Compensacion/Crear_Días_Festivos/span_Modo_fc-icon fc-icon-left-single-arrow_regresarMes"), STOP_ON_FAILURE): Object: 'Object Repository/1-OBJECTS TAREAS PRINCIPALES/Modulo Tarea Compensacion/Crear_Días_Festivos/span_Modo_fc-icon fc-icon-left-single-arrow_regresarMes' is clicked on

2023-04-10 09:17:45 - [MESSAGE][PASSED] - Object: 'Object Repository/1-OBJECTS TAREAS PRINCIPALES/Modulo Tarea Compensacion/Crear_Días_Festivos/span_Modo_fc-icon fc-icon-left-single-arrow_regresarMes' is clicked on

2023-04-10 09:17:45 - [TEST_STEP][PASSED] - Mes1 = getText(findTestObject("1-OBJECTS TAREAS PRINCIPALES/Modulo Tarea Compensacion/Crear_Días_Festivos/h2_enero 2021")): Text of object 'Object Repository/1-OBJECTS TAREAS PRINCIPALES/Modulo Tarea Compensacion/Crear_Días_Festivos/h2_enero 2021' is: 'septiembre de 2021'

2023-04-10 09:17:46 - [MESSAGE][PASSED] - Text of object 'Object Repository/1-OBJECTS TAREAS PRINCIPALES/Modulo Tarea Compensacion/Crear_Días_Festivos/h2_enero 2021' is: 'septiembre de 2021'

2023-04-10 09:17:46 - [TEST_STEP][PASSED] - Mes = Mes1: null

2023-04-10 09:17:46 - [TEST_STEP][PASSED] - click(findTestObject("1-OBJECTS TAREAS PRINCIPALES/Modulo Tarea Compensacion/Crear_Días_Festivos/span_Modo_fc-icon fc-icon-left-single-arrow_regresarMes"), STOP_ON_FAILURE): Object: 'Object Repository/1-OBJECTS TAREAS PRINCIPALES/Modulo Tarea Compensacion/Crear_Días_Festivos/span_Modo_fc-icon fc-icon-left-single-arrow_regresarMes' is clicked on

2023-04-10 09:17:46 - [MESSAGE][PASSED] - Object: 'Object Repository/1-OBJECTS TAREAS PRINCIPALES/Modulo Tarea Compensacion/Crear_Días_Festivos/span_Modo_fc-icon fc-icon-left-single-arrow_regresarMes' is clicked on

2023-04-10 09:17:46 - [TEST_STEP][PASSED] - Mes1 = getText(findTestObject("1-OBJECTS TAREAS PRINCIPALES/Modulo Tarea Compensacion/Crear_Días_Festivos/h2_enero 2021")): Text of object 'Object Repository/1-OBJECTS TAREAS PRINCIPALES/Modulo Tarea Compensacion/Crear_Días_Festivos/h2_enero 2021' is: 'agosto de 2021'

2023-04-10 09:17:47 - [MESSAGE][PASSED] - Text of object 'Object Repository/1-OBJECTS TAREAS PRINCIPALES/Modulo Tarea Compensacion/Crear_Días_Festivos/h2_enero 2021' is: 'agosto de 2021'

2023-04-10 09:17:47 - [TEST_STEP][PASSED] - Mes = Mes1: null

2023-04-10 09:17:47 - [TEST_STEP][PASSED] - click(findTestObject("1-OBJECTS TAREAS PRINCIPALES/Modulo Tarea Compensacion/Crear_Días_Festivos/span_Modo_fc-icon fc-icon-left-single-arrow_regresarMes"), STOP_ON_FAILURE): Object: 'Object Repository/1-OBJECTS TAREAS PRINCIPALES/Modulo Tarea Compensacion/Crear_Días_Festivos/span_Modo_fc-icon fc-icon-left-single-arrow_regresarMes' is clicked on

2023-04-10 09:17:47 - [MESSAGE][PASSED] - Object: 'Object Repository/1-OBJECTS TAREAS PRINCIPALES/Modulo Tarea Compensacion/Crear_Días_Festivos/span_Modo_fc-icon fc-icon-left-single-arrow_regresarMes' is clicked on

2023-04-10 09:17:47 - [TEST_STEP][PASSED] - Mes1 = getText(findTestObject("1-OBJECTS TAREAS PRINCIPALES/Modulo Tarea Compensacion/Crear_Días_Festivos/h2_enero 2021")): Text of object 'Object Repository/1-OBJECTS TAREAS PRINCIPALES/Modulo Tarea Compensacion/Crear_Días_Festivos/h2_enero 2021' is: 'julio de 2021'

2023-04-10 09:17:48 - [MESSAGE][PASSED] - Text of object 'Object Repository/1-OBJECTS TAREAS PRINCIPALES/Modulo Tarea Compensacion/Crear_Días_Festivos/h2_enero 2021' is: 'julio de 2021'

2023-04-10 09:17:48 - [TEST_STEP][PASSED] - Mes = Mes1: null

2023-04-10 09:17:48 - [TEST_STEP][PASSED] - click(findTestObject("1-OBJECTS TAREAS PRINCIPALES/Modulo Tarea Compensacion/Crear_Días_Festivos/span_Modo_fc-icon fc-icon-left-single-arrow_regresarMes"), STOP_ON_FAILURE): Object: 'Object Repository/1-OBJECTS TAREAS PRINCIPALES/Modulo Tarea Compensacion/Crear_Días_Festivos/span_Modo_fc-icon fc-icon-left-single-arrow_regresarMes' is clicked on

2023-04-10 09:17:48 - [MESSAGE][PASSED] - Object: 'Object Repository/1-OBJECTS TAREAS PRINCIPALES/Modulo Tarea Compensacion/Crear_Días_Festivos/span_Modo_fc-icon fc-icon-left-single-arrow_regresarMes' is clicked on

2023-04-10 09:17:48 - [TEST_STEP][PASSED] - Mes1 = getText(findTestObject("1-OBJECTS TAREAS PRINCIPALES/Modulo Tarea Compensacion/Crear_Días_Festivos/h2_enero 2021")): Text of object 'Object Repository/1-OBJECTS TAREAS PRINCIPALES/Modulo Tarea Compensacion/Crear_Días_Festivos/h2_enero 2021' is: 'junio de 2021'

2023-04-10 09:17:48 - [MESSAGE][PASSED] - Text of object 'Object Repository/1-OBJECTS TAREAS PRINCIPALES/Modulo Tarea Compensacion/Crear_Días_Festivos/h2_enero 2021' is: 'junio de 2021'

2023-04-10 09:17:48 - [TEST_STEP][PASSED] - Mes = Mes1: null

2023-04-10 09:17:48 - [TEST_STEP][PASSED] - click(findTestObject("1-OBJECTS TAREAS PRINCIPALES/Modulo Tarea Compensacion/Crear_Días_Festivos/span_Modo_fc-icon fc-icon-left-single-arrow_regresarMes"), STOP_ON_FAILURE): Object: 'Object Repository/1-OBJECTS TAREAS PRINCIPALES/Modulo Tarea Compensacion/Crear_Días_Festivos/span_Modo_fc-icon fc-icon-left-single-arrow_regresarMes' is clicked on

2023-04-10 09:17:49 - [MESSAGE][PASSED] - Object: 'Object Repository/1-OBJECTS TAREAS PRINCIPALES/Modulo Tarea Compensacion/Crear_Días_Festivos/span_Modo_fc-icon fc-icon-left-single-arrow_regresarMes' is clicked on

2023-04-10 09:17:49 - [TEST_STEP][PASSED] - Mes1 = getText(findTestObject("1-OBJECTS TAREAS PRINCIPALES/Modulo Tarea Compensacion/Crear_Días_Festivos/h2_enero 2021")): Text of object 'Object Repository/1-OBJECTS TAREAS PRINCIPALES/Modulo Tarea Compensacion/Crear_Días_Festivos/h2_enero 2021' is: 'mayo de 2021'

2023-04-10 09:17:49 - [MESSAGE][PASSED] - Text of object 'Object Repository/1-OBJECTS TAREAS PRINCIPALES/Modulo Tarea Compensacion/Crear_Días_Festivos/h2_enero 2021' is: 'mayo de 2021'

2023-04-10 09:17:49 - [TEST_STEP][PASSED] - Mes = Mes1: null

2023-04-10 09:17:49 - [TEST_STEP][PASSED] - click(findTestObject("1-OBJECTS TAREAS PRINCIPALES/Modulo Tarea Compensacion/Crear_Días_Festivos/span_Modo_fc-icon fc-icon-left-single-arrow_regresarMes"), STOP_ON_FAILURE): Object: 'Object Repository/1-OBJECTS TAREAS PRINCIPALES/Modulo Tarea Compensacion/Crear_Días_Festivos/span_Modo_fc-icon fc-icon-left-single-arrow_regresarMes' is clicked on

2023-04-10 09:17:50 - [MESSAGE][PASSED] - Object: 'Object Repository/1-OBJECTS TAREAS PRINCIPALES/Modulo Tarea Compensacion/Crear_Días_Festivos/span_Modo_fc-icon fc-icon-left-single-arrow_regresarMes' is clicked on

2023-04-10 09:17:50 - [TEST_STEP][PASSED] - Mes1 = getText(findTestObject("1-OBJECTS TAREAS PRINCIPALES/Modulo Tarea Compensacion/Crear_Días_Festivos/h2_enero 2021")): Text of object 'Object Repository/1-OBJECTS TAREAS PRINCIPALES/Modulo Tarea Compensacion/Crear_Días_Festivos/h2_enero 2021' is: 'abril de 2021'

2023-04-10 09:17:51 - [MESSAGE][PASSED] - Text of object 'Object Repository/1-OBJECTS TAREAS PRINCIPALES/Modulo Tarea Compensacion/Crear_Días_Festivos/h2_enero 2021' is: 'abril de 2021'

2023-04-10 09:17:51 - [TEST_STEP][PASSED] - Mes = Mes1: null

2023-04-10 09:17:51 - [TEST_STEP][PASSED] - click(findTestObject("1-OBJECTS TAREAS PRINCIPALES/Modulo Tarea Compensacion/Crear_Días_Festivos/span_Modo_fc-icon fc-icon-left-single-arrow_regresarMes"), STOP_ON_FAILURE): Object: 'Object Repository/1-OBJECTS TAREAS PRINCIPALES/Modulo Tarea Compensacion/Crear_Días_Festivos/span_Modo_fc-icon fc-icon-left-single-arrow_regresarMes' is clicked on

2023-04-10 09:17:51 - [MESSAGE][PASSED] - Object: 'Object Repository/1-OBJECTS TAREAS PRINCIPALES/Modulo Tarea Compensacion/Crear_Días_Festivos/span_Modo_fc-icon fc-icon-left-single-arrow_regresarMes' is clicked on

2023-04-10 09:17:51 - [TEST_STEP][PASSED] - Mes1 = getText(findTestObject("1-OBJECTS TAREAS PRINCIPALES/Modulo Tarea Compensacion/Crear_Días_Festivos/h2_enero 2021")): Text of object 'Object Repository/1-OBJECTS TAREAS PRINCIPALES/Modulo Tarea Compensacion/Crear_Días_Festivos/h2_enero 2021' is: 'marzo de 2021'

2023-04-10 09:17:52 - [MESSAGE][PASSED] - Text of object 'Object Repository/1-OBJECTS TAREAS PRINCIPALES/Modulo Tarea Compensacion/Crear_Días_Festivos/h2_enero 2021' is: 'marzo de 2021'

2023-04-10 09:17:52 - [TEST_STEP][PASSED] - Mes = Mes1: null

2023-04-10 09:17:52 - [TEST_STEP][PASSED] - click(findTestObject("1-OBJECTS TAREAS PRINCIPALES/Modulo Tarea Compensacion/Crear_Días_Festivos/span_Modo_fc-icon fc-icon-left-single-arrow_regresarMes"), STOP_ON_FAILURE): Object: 'Object Repository/1-OBJECTS TAREAS PRINCIPALES/Modulo Tarea Compensacion/Crear_Días_Festivos/span_Modo_fc-icon fc-icon-left-single-arrow_regresarMes' is clicked on

2023-04-10 09:17:52 - [MESSAGE][PASSED] - Object: 'Object Repository/1-OBJECTS TAREAS PRINCIPALES/Modulo Tarea Compensacion/Crear_Días_Festivos/span_Modo_fc-icon fc-icon-left-single-arrow_regresarMes' is clicked on

2023-04-10 09:17:52 - [TEST_STEP][PASSED] - Mes1 = getText(findTestObject("1-OBJECTS TAREAS PRINCIPALES/Modulo Tarea Compensacion/Crear_Días_Festivos/h2_enero 2021")): Text of object 'Object Repository/1-OBJECTS TAREAS PRINCIPALES/Modulo Tarea Compensacion/Crear_Días_Festivos/h2_enero 2021' is: 'febrero de 2021'

2023-04-10 09:17:53 - [MESSAGE][PASSED] - Text of object 'Object Repository/1-OBJECTS TAREAS PRINCIPALES/Modulo Tarea Compensacion/Crear_Días_Festivos/h2_enero 2021' is: 'febrero de 2021'

2023-04-10 09:17:53 - [TEST_STEP][PASSED] - Mes = Mes1: null

2023-04-10 09:17:53 - [TEST_STEP][PASSED] - click(findTestObject("1-OBJECTS TAREAS PRINCIPALES/Modulo Tarea Compensacion/Crear_Días_Festivos/span_Modo_fc-icon fc-icon-left-single-arrow_regresarMes"), STOP_ON_FAILURE): Object: 'Object Repository/1-OBJECTS TAREAS PRINCIPALES/Modulo Tarea Compensacion/Crear_Días_Festivos/span_Modo_fc-icon fc-icon-left-single-arrow_regresarMes' is clicked on

2023-04-10 09:17:53 - [MESSAGE][PASSED] - Object: 'Object Repository/1-OBJECTS TAREAS PRINCIPALES/Modulo Tarea Compensacion/Crear_Días_Festivos/span_Modo_fc-icon fc-icon-left-single-arrow_regresarMes' is clicked on

2023-04-10 09:17:53 - [TEST_STEP][PASSED] - Mes1 = getText(findTestObject("1-OBJECTS TAREAS PRINCIPALES/Modulo Tarea Compensacion/Crear_Días_Festivos/h2_enero 2021")): Text of object 'Object Repository/1-OBJECTS TAREAS PRINCIPALES/Modulo Tarea Compensacion/Crear_Días_Festivos/h2_enero 2021' is: 'enero de 2021'

2023-04-10 09:17:54 - [MESSAGE][PASSED] - Text of object 'Object Repository/1-OBJECTS TAREAS PRINCIPALES/Modulo Tarea Compensacion/Crear_Días_Festivos/h2_enero 2021' is: 'enero de 2021'

2023-04-10 09:17:54 - [TEST_STEP][PASSED] - Mes = Mes1: null

2023-04-10 09:17:54 - [TEST_STEP][PASSED] - if (waitForElementVisible(findTestObject("1-OBJECTS TAREAS PRINCIPALES/Modulo Tarea Compensacion/Crear_Días_Festivos/div_0 FESTIVO"), 1)): null

2023-04-10 09:17:54 - [MESSAGE][PASSED] - Object 'Object Repository/1-OBJECTS TAREAS PRINCIPALES/Modulo Tarea Compensacion/Crear_Días_Festivos/div_0 FESTIVO' is visible

2023-04-10 09:17:54 - [TEST_STEP][PASSED] - click(findTestObject("1-OBJECTS TAREAS PRINCIPALES/Modulo Tarea Compensacion/Crear_Días_Festivos/div_0 FESTIVO"), STOP_ON_FAILURE): Object: 'Object Repository/1-OBJECTS TAREAS PRINCIPALES/Modulo Tarea Compensacion/Crear_Días_Festivos/div_0 FESTIVO' is clicked on

2023-04-10 09:17:54 - [MESSAGE][PASSED] - Object: 'Object Repository/1-OBJECTS TAREAS PRINCIPALES/Modulo Tarea Compensacion/Crear_Días_Festivos/div_0 FESTIVO' is clicked on

2023-04-10 09:17:54 - [TEST_STEP][PASSED] - click(findTestObject("1-OBJECTS TAREAS PRINCIPALES/Modulo Tarea Compensacion/Crear_Días_Festivos/a_Eliminar Registro")): Object: 'Object Repository/1-OBJECTS TAREAS PRINCIPALES/Modulo Tarea Compensacion/Crear_Días_Festivos/a_Eliminar Registro' is clicked on

2023-04-10 09:17:55 - [MESSAGE][PASSED] - Object: 'Object Repository/1-OBJECTS TAREAS PRINCIPALES/Modulo Tarea Compensacion/Crear_Días_Festivos/a_Eliminar Registro' is clicked on

2023-04-10 09:17:55 - [TEST_STEP][PASSED] - click(findTestObject("1-OBJECTS TAREAS PRINCIPALES/Modulo Tarea Compensacion/Crear_Días_Festivos/a_Aceptar_EliminarFes")): Object: 'Object Repository/1-OBJECTS TAREAS PRINCIPALES/Modulo Tarea Compensacion/Crear_Días_Festivos/a_Aceptar_EliminarFes' is clicked on

2023-04-10 09:17:56 - [MESSAGE][PASSED] - Object: 'Object Repository/1-OBJECTS TAREAS PRINCIPALES/Modulo Tarea Compensacion/Crear_Días_Festivos/a_Aceptar_EliminarFes' is clicked on

2023-04-10 09:17:56 - [TEST_STEP][PASSED] - click(findTestObject("1-OBJECTS TAREAS PRINCIPALES/Modulo Tarea Compensacion/Crear_Días_Festivos/a_Eliminar_general")): Object: 'Object Repository/1-OBJECTS TAREAS PRINCIPALES/Modulo Tarea Compensacion/Crear_Días_Festivos/a_Eliminar_general' is clicked on

2023-04-10 09:17:57 - [MESSAGE][PASSED] - Object: 'Object Repository/1-OBJECTS TAREAS PRINCIPALES/Modulo Tarea Compensacion/Crear_Días_Festivos/a_Eliminar_general' is clicked on

2023-04-10 09:17:57 - [TEST_STEP][PASSED] - click(findTestObject("1-OBJECTS TAREAS PRINCIPALES/Modulo Tarea Compensacion/Crear_Días_Festivos/a_Aceptar_eliminar general")): Object: 'Object Repository/1-OBJECTS TAREAS PRINCIPALES/Modulo Tarea Compensacion/Crear_Días_Festivos/a_Aceptar_eliminar general' is clicked on

2023-04-10 09:17:58 - [MESSAGE][PASSED] - Object: 'Object Repository/1-OBJECTS TAREAS PRINCIPALES/Modulo Tarea Compensacion/Crear_Días_Festivos/a_Aceptar_eliminar general' is clicked on

2023-04-10 09:17:58 - [TEST_STEP][PASSED] - click(findTestObject("1-OBJECTS TAREAS PRINCIPALES/Modulo Tarea Compensacion/Crear_Días_Festivos/a_Nuevo")): Object: 'Object Repository/1-OBJECTS TAREAS PRINCIPALES/Modulo Tarea Compensacion/Crear_Días_Festivos/a_Nuevo' is clicked on

2023-04-10 09:17:58 - [MESSAGE][PASSED] - Object: 'Object Repository/1-OBJECTS TAREAS PRINCIPALES/Modulo Tarea Compensacion/Crear_Días_Festivos/a_Nuevo' is clicked on

2023-04-10 09:17:58 - [TEST_STEP][PASSED] - setText(findTestObject("1-OBJECTS TAREAS PRINCIPALES/Modulo Tarea Compensacion/Crear_Días_Festivos/input_Cdigo_form_diasfestivoscodigo"), "5"): Text '5' is set on object 'Object Repository/1-OBJECTS TAREAS PRINCIPALES/Modulo Tarea Compensacion/Crear_Días_Festivos/input_Cdigo_form_diasfestivoscodigo'

2023-04-10 09:17:59 - [MESSAGE][PASSED] - Text '5' is set on object 'Object Repository/1-OBJECTS TAREAS PRINCIPALES/Modulo Tarea Compensacion/Crear_Días_Festivos/input_Cdigo_form_diasfestivoscodigo'

2023-04-10 09:17:59 - [TEST_STEP][PASSED] - setText(findTestObject("1-OBJECTS TAREAS PRINCIPALES/Modulo Tarea Compensacion/Crear_Días_Festivos/input_Descripcin_form_diasfestivosdescripcion"), "Pruebas katalon"): Text 'Pruebas katalon' is set on object 'Object Repository/1-OBJECTS TAREAS PRINCIPALES/Modulo Tarea Compensacion/Crear_Días_Festivos/input_Descripcin_form_diasfestivosdescripcion'

2023-04-10 09:18:00 - [MESSAGE][PASSED] - Text 'Pruebas katalon' is set on object 'Object Repository/1-OBJECTS TAREAS PRINCIPALES/Modulo Tarea Compensacion/Crear_Días_Festivos/input_Descripcin_form_diasfestivosdescripcion'

2023-04-10 09:18:00 - [TEST_STEP][PASSED] - click(findTestObject("1-OBJECTS TAREAS PRINCIPALES/Modulo Tarea Compensacion/Crear_Días_Festivos/a_Actualizar")): Object: 'Object Repository/1-OBJECTS TAREAS PRINCIPALES/Modulo Tarea Compensacion/Crear_Días_Festivos/a_Actualizar' is clicked on

2023-04-10 09:18:01 - [MESSAGE][PASSED] - Object: 'Object Repository/1-OBJECTS TAREAS PRINCIPALES/Modulo Tarea Compensacion/Crear_Días_Festivos/a_Actualizar' is clicked on

2023-04-10 09:18:01 - [TEST_STEP][PASSED] - leerMes = getText(findTestObject("1-OBJECTS TAREAS PRINCIPALES/Modulo Tarea Compensacion/Crear_Días_Festivos/h2_enero 2021")): Text of object 'Object Repository/1-OBJECTS TAREAS PRINCIPALES/Modulo Tarea Compensacion/Crear_Días_Festivos/h2_enero 2021' is: 'enero de 2021'

2023-04-10 09:18:01 - [MESSAGE][PASSED] - Text of object 'Object Repository/1-OBJECTS TAREAS PRINCIPALES/Modulo Tarea Compensacion/Crear_Días_Festivos/h2_enero 2021' is: 'enero de 2021'

2023-04-10 09:18:01 - [TEST_STEP][PASSED] - Mes = leerMes: null

2023-04-10 09:18:01 - [TEST_STEP][PASSED] - while (Mes != "enero de 2021"): null

2023-04-10 09:18:01 - [TEST_STEP][PASSED] - Result = getText(findTestObject("3-OBJECTS UTILIDADES/Alerta/Alerta")): Text of object 'Object Repository/3-OBJECTS UTILIDADES/Alerta/Alerta' is: 'Registro Actualizado'

2023-04-10 09:18:02 - [MESSAGE][PASSED] - Text of object 'Object Repository/3-OBJECTS UTILIDADES/Alerta/Alerta' is: 'Registro Actualizado'

2023-04-10 09:18:02 - [TEST_STEP][PASSED] - click(findTestObject("1-OBJECTS TAREAS PRINCIPALES/Modulo Tarea Compensacion/Crear_Días_Festivos/td_dom_fc-day fc-widget-content fc-fri fc-future_31-dic-2021")): Object: 'Object Repository/1-OBJECTS TAREAS PRINCIPALES/Modulo Tarea Compensacion/Crear_Días_Festivos/td_dom_fc-day fc-widget-content fc-fri fc-future_31-dic-2021' is clicked on

2023-04-10 09:18:02 - [MESSAGE][PASSED] - Object: 'Object Repository/1-OBJECTS TAREAS PRINCIPALES/Modulo Tarea Compensacion/Crear_Días_Festivos/td_dom_fc-day fc-widget-content fc-fri fc-future_31-dic-2021' is clicked on

2023-04-10 09:18:02 - [TEST_STEP][PASSED] - click(findTestObject("1-OBJECTS TAREAS PRINCIPALES/Modulo Tarea Compensacion/Crear_Días_Festivos/a_Aceptar0")): Object: 'Object Repository/1-OBJECTS TAREAS PRINCIPALES/Modulo Tarea Compensacion/Crear_Días_Festivos/a_Aceptar0' is clicked on

2023-04-10 09:18:03 - [MESSAGE][PASSED] - Object: 'Object Repository/1-OBJECTS TAREAS PRINCIPALES/Modulo Tarea Compensacion/Crear_Días_Festivos/a_Aceptar0' is clicked on

2023-04-10 09:18:03 - [TEST_STEP][PASSED] - scrollToElement(findTestObject("1-OBJECTS TAREAS PRINCIPALES/Modulo Tarea Compensacion/Crear_Días_Festivos/div_0 FESTIVO"), 0): Scroll to object 'Object Repository/1-OBJECTS TAREAS PRINCIPALES/Modulo Tarea Compensacion/Crear_Días_Festivos/div_0 FESTIVO' successfully

2023-04-10 09:18:03 - [MESSAGE][WARNING] - Timeout '0' is invalid. Using default page load timeout: '37'

2023-04-10 09:18:03 - [MESSAGE][PASSED] - Scroll to object 'Object Repository/1-OBJECTS TAREAS PRINCIPALES/Modulo Tarea Compensacion/Crear_Días_Festivos/div_0 FESTIVO' successfully

2023-04-10 09:18:03 - [TEST_STEP][PASSED] - if (Result == "Registro Actualizado"): Browser is closed

2023-04-10 09:18:03 - [TEST_STEP][PASSED] - Resultado = "PRUEBAS OK": null

2023-04-10 09:18:03 - [TEST_STEP][PASSED] - closeBrowser(): Browser is closed

2023-04-10 09:18:04 - [MESSAGE][PASSED] - Browser is closed]]></system-out>
         <system-err><![CDATA[]]></system-err>
      </testcase>
      <testcase name="Test Cases/1.1-Tareas Principales/1.7.8-cargue_fuente_general" time="60.008" classname="Test Cases/1.1-Tareas Principales/1.7.8-cargue_fuente_general" status="PASSED">
         <system-out><![CDATA[2023-04-10 09:18:04 - [TEST_CASE][PASSED] - Test Cases/1.1-Tareas Principales/1.7.8-cargue_fuente_general: Test Cases/1.1-Tareas Principales/1.7.8-cargue_fuente_general

2023-04-10 09:18:05 - [TEST_STEP][PASSED] - callTestCase(findTestCase("0.1-Login"), [:], STOP_ON_FAILURE): Call Test Case 'Test Cases/0.1-Login' successfully

2023-04-10 09:18:05 - [TEST_CASE][PASSED] - Test Cases/0.1-Login: Test Cases/0.1-Login

2023-04-10 09:18:05 - [TEST_STEP][PASSED] - openBrowser(""): Browser is opened with url: ''

2023-04-10 09:18:05 - [MESSAGE][INFO] - Starting 'Chrome' driver

2023-04-10 09:18:05 - [MESSAGE][INFO] - Action delay is set to 0 milliseconds

2023-04-10 09:18:06 - [MESSAGE][PASSED] - Browser is opened with url: ''

2023-04-10 09:18:06 - [TEST_STEP][PASSED] - maximizeWindow(): Current window maximized

2023-04-10 09:18:06 - [MESSAGE][PASSED] - Current window maximized

2023-04-10 09:18:06 - [TEST_STEP][PASSED] - i = G_Login: null

2023-04-10 09:18:06 - [TEST_STEP][PASSED] - url = new java.net.URL(i): null

2023-04-10 09:18:06 - [TEST_STEP][PASSED] - println("URL: " + url.toString()): null

2023-04-10 09:18:06 - [TEST_STEP][PASSED] - connection = url.openConnection(): null

2023-04-10 09:18:06 - [TEST_STEP][PASSED] - connection.setRequestMethod("GET"): null

2023-04-10 09:18:06 - [TEST_STEP][PASSED] - connection.setReadTimeout(2 * 1000): null

2023-04-10 09:18:06 - [TEST_STEP][PASSED] - try: null

2023-04-10 09:18:06 - [TEST_STEP][PASSED] - connection.connect(): null

2023-04-10 09:18:06 - [TEST_STEP][PASSED] - flag = connected: null

2023-04-10 09:18:06 - [TEST_STEP][PASSED] - println("Valor_ori: " + flag): null

2023-04-10 09:18:06 - [TEST_STEP][PASSED] - if (flag): null

2023-04-10 09:18:06 - [TEST_STEP][PASSED] - navigateToUrl(i): Navigate to 'http://192.168.2.19:8380/saraweb' successfully

2023-04-10 09:18:06 - [MESSAGE][PASSED] - Navigate to 'http://192.168.2.19:8380/saraweb' successfully

2023-04-10 09:18:06 - [TEST_STEP][PASSED] - a(): null

2023-04-10 09:18:06 - [TEST_STEP][PASSED] - if (waitForElementVisible(findTestObject("3-OBJECTS UTILIDADES/Login/input_USUARIO_loginusuario"), 0)): null

2023-04-10 09:18:06 - [MESSAGE][WARNING] - Timeout '0' is invalid. Using default page load timeout: '37'

2023-04-10 09:18:07 - [MESSAGE][PASSED] - Object 'Object Repository/3-OBJECTS UTILIDADES/Login/input_USUARIO_loginusuario' is visible

2023-04-10 09:18:07 - [TEST_STEP][PASSED] - switchToWindowTitle("SARA"): Switched to window with title: 'SARA'

2023-04-10 09:18:07 - [MESSAGE][PASSED] - Switched to window with title: 'SARA'

2023-04-10 09:18:07 - [TEST_STEP][PASSED] - zoom(): null

2023-04-10 09:18:07 - [TEST_STEP][PASSED] - robot = new java.awt.Robot(): null

2023-04-10 09:18:07 - [TEST_STEP][PASSED] - robot.keyPress(VK_CONTROL): null

2023-04-10 09:18:07 - [TEST_STEP][PASSED] - robot.keyPress(VK_SUBTRACT): null

2023-04-10 09:18:07 - [TEST_STEP][PASSED] - robot.keyRelease(VK_CONTROL): null

2023-04-10 09:18:07 - [TEST_STEP][PASSED] - robot.keyRelease(VK_SUBTRACT): null

2023-04-10 09:18:07 - [TEST_STEP][PASSED] - robot.keyPress(VK_CONTROL): null

2023-04-10 09:18:07 - [TEST_STEP][PASSED] - robot.keyPress(VK_SUBTRACT): null

2023-04-10 09:18:07 - [TEST_STEP][PASSED] - robot.keyRelease(VK_CONTROL): null

2023-04-10 09:18:07 - [TEST_STEP][PASSED] - robot.keyRelease(VK_SUBTRACT): null

2023-04-10 09:18:07 - [TEST_STEP][PASSED] - robot.keyPress(VK_CONTROL): null

2023-04-10 09:18:07 - [TEST_STEP][PASSED] - robot.keyPress(VK_SUBTRACT): null

2023-04-10 09:18:07 - [TEST_STEP][PASSED] - robot.keyRelease(VK_CONTROL): null

2023-04-10 09:18:07 - [TEST_STEP][PASSED] - robot.keyRelease(VK_SUBTRACT): null

2023-04-10 09:18:07 - [TEST_STEP][PASSED] - robot.keyRelease(VK_CONTROL): null

2023-04-10 09:18:07 - [TEST_STEP][PASSED] - robot.keyRelease(VK_SUBTRACT): null

2023-04-10 09:18:07 - [TEST_STEP][PASSED] - setText(findTestObject("3-OBJECTS UTILIDADES/Login/input_USUARIO_loginusuario"), G_Usuario): Text 'saraadmin' is set on object 'Object Repository/3-OBJECTS UTILIDADES/Login/input_USUARIO_loginusuario'

2023-04-10 09:18:08 - [MESSAGE][PASSED] - Text 'saraadmin' is set on object 'Object Repository/3-OBJECTS UTILIDADES/Login/input_USUARIO_loginusuario'

2023-04-10 09:18:08 - [TEST_STEP][PASSED] - setEncryptedText(findTestObject("3-OBJECTS UTILIDADES/Login/input_CLAVE_loginpassword"), "SlAwMcyRKqrwbnzhAs8HhT6NnI7sEyng"): Text ****** has been set on object 'Object Repository/3-OBJECTS UTILIDADES/Login/input_CLAVE_loginpassword'

2023-04-10 09:18:09 - [MESSAGE][PASSED] - Text ****** has been set on object 'Object Repository/3-OBJECTS UTILIDADES/Login/input_CLAVE_loginpassword'

2023-04-10 09:18:09 - [TEST_STEP][PASSED] - while (waitForElementClickable(findTestObject("3-OBJECTS UTILIDADES/Login/a_Ingresar"), 1)): Web element with id: 'Object Repository/3-OBJECTS UTILIDADES/Login/a_Ingresar' located by '//a[contains(text(),'Ingresar')]' not found

2023-04-10 09:18:11 - [MESSAGE][INFO] - Unable to find the element located by 'By.xpath: //a[contains(text(),'Ingresar')]'. Please recheck the objects properties to make sure the desired element is located. 

2023-04-10 09:18:11 - [MESSAGE][WARNING] - Web element with id: 'Object Repository/3-OBJECTS UTILIDADES/Login/a_Ingresar' located by '//a[contains(text(),'Ingresar')]' not found

2023-04-10 09:18:11 - [MESSAGE][PASSED] - Call Test Case 'Test Cases/0.1-Login' successfully

2023-04-10 09:18:11 - [TEST_STEP][PASSED] - setText(findTestObject("1-OBJECTS TAREAS PRINCIPALES/Modulo Tarea Sara General/cargue fuente general/input_Empresa 1_form_templatej_idt24_input"), "Fuente general"): Text 'Fuente general' is set on object 'Object Repository/1-OBJECTS TAREAS PRINCIPALES/Modulo Tarea Sara General/cargue fuente general/input_Empresa 1_form_templatej_idt24_input'

2023-04-10 09:18:12 - [MESSAGE][PASSED] - Text 'Fuente general' is set on object 'Object Repository/1-OBJECTS TAREAS PRINCIPALES/Modulo Tarea Sara General/cargue fuente general/input_Empresa 1_form_templatej_idt24_input'

2023-04-10 09:18:12 - [TEST_STEP][PASSED] - click(findTestObject("1-OBJECTS TAREAS PRINCIPALES/Modulo Tarea Sara General/cargue fuente general/li_fuente general (gna)"), STOP_ON_FAILURE): Object: 'Object Repository/1-OBJECTS TAREAS PRINCIPALES/Modulo Tarea Sara General/cargue fuente general/li_fuente general (gna)' is clicked on

2023-04-10 09:18:14 - [MESSAGE][PASSED] - Object: 'Object Repository/1-OBJECTS TAREAS PRINCIPALES/Modulo Tarea Sara General/cargue fuente general/li_fuente general (gna)' is clicked on

2023-04-10 09:18:14 - [TEST_STEP][PASSED] - setText(findTestObject("1-OBJECTS TAREAS PRINCIPALES/Modulo Tarea Sara General/cargue fuente general/input_Fuente_form_FuenteGeneralfiltroFuenteGeneral"), "Actualizar Entidad empl"): Text 'Actualizar Entidad empl' is set on object 'Object Repository/1-OBJECTS TAREAS PRINCIPALES/Modulo Tarea Sara General/cargue fuente general/input_Fuente_form_FuenteGeneralfiltroFuenteGeneral'

2023-04-10 09:18:15 - [MESSAGE][PASSED] - Text 'Actualizar Entidad empl' is set on object 'Object Repository/1-OBJECTS TAREAS PRINCIPALES/Modulo Tarea Sara General/cargue fuente general/input_Fuente_form_FuenteGeneralfiltroFuenteGeneral'

2023-04-10 09:18:15 - [TEST_STEP][PASSED] - sendKeys(findTestObject("1-OBJECTS TAREAS PRINCIPALES/Modulo Tarea Sara General/cargue fuente general/input_Fuente_form_FuenteGeneralfiltroFuenteGeneral"), Keys.chord(ENTER)): Keys 'ENTER + ' sent to object: 'Object Repository/1-OBJECTS TAREAS PRINCIPALES/Modulo Tarea Sara General/cargue fuente general/input_Fuente_form_FuenteGeneralfiltroFuenteGeneral'

2023-04-10 09:18:16 - [MESSAGE][PASSED] - Keys 'ENTER + ' sent to object: 'Object Repository/1-OBJECTS TAREAS PRINCIPALES/Modulo Tarea Sara General/cargue fuente general/input_Fuente_form_FuenteGeneralfiltroFuenteGeneral'

2023-04-10 09:18:16 - [TEST_STEP][PASSED] - if (waitForElementVisible(findTestObject("1-OBJECTS TAREAS PRINCIPALES/Modulo Tarea Sara General/cargue fuente general/td_actualizar entidad empl"), 1)): Web element with id: 'Object Repository/1-OBJECTS TAREAS PRINCIPALES/Modulo Tarea Sara General/cargue fuente general/td_actualizar entidad empl' located by '//*/text()[normalize-space(.)='Actualizar Entidad empl']/parent::*' not found

2023-04-10 09:18:18 - [MESSAGE][INFO] - Unable to find the element located by 'By.xpath: //*/text()[normalize-space(.)='Actualizar Entidad empl']/parent::*'. Please recheck the objects properties to make sure the desired element is located. 

2023-04-10 09:18:18 - [MESSAGE][WARNING] - Web element with id: 'Object Repository/1-OBJECTS TAREAS PRINCIPALES/Modulo Tarea Sara General/cargue fuente general/td_actualizar entidad empl' located by '//*/text()[normalize-space(.)='Actualizar Entidad empl']/parent::*' not found

2023-04-10 09:18:18 - [TEST_STEP][PASSED] - click(findTestObject("1-OBJECTS TAREAS PRINCIPALES/Modulo Tarea Sara General/cargue fuente general/a_Nuevo"), STOP_ON_FAILURE): Object: 'Object Repository/1-OBJECTS TAREAS PRINCIPALES/Modulo Tarea Sara General/cargue fuente general/a_Nuevo' is clicked on

2023-04-10 09:18:19 - [MESSAGE][PASSED] - Object: 'Object Repository/1-OBJECTS TAREAS PRINCIPALES/Modulo Tarea Sara General/cargue fuente general/a_Nuevo' is clicked on

2023-04-10 09:18:19 - [TEST_STEP][PASSED] - selectOptionByIndex(findTestObject("1-OBJECTS TAREAS PRINCIPALES/Modulo Tarea Sara General/cargue fuente general/select_SeleccioneArchivo PlanoServicio Web"), 1): All options with index in [1] are selected on object 'Object Repository/1-OBJECTS TAREAS PRINCIPALES/Modulo Tarea Sara General/cargue fuente general/select_SeleccioneArchivo PlanoServicio Web'

2023-04-10 09:18:20 - [MESSAGE][PASSED] - All options with index in [1] are selected on object 'Object Repository/1-OBJECTS TAREAS PRINCIPALES/Modulo Tarea Sara General/cargue fuente general/select_SeleccioneArchivo PlanoServicio Web'

2023-04-10 09:18:20 - [TEST_STEP][PASSED] - setText(findTestObject("1-OBJECTS TAREAS PRINCIPALES/Modulo Tarea Sara General/cargue fuente general/input_Descripcin_form_FuenteGeneraltabdescripcion"), "Actualizar Entidad empl"): Text 'Actualizar Entidad empl' is set on object 'Object Repository/1-OBJECTS TAREAS PRINCIPALES/Modulo Tarea Sara General/cargue fuente general/input_Descripcin_form_FuenteGeneraltabdescripcion'

2023-04-10 09:18:20 - [MESSAGE][PASSED] - Text 'Actualizar Entidad empl' is set on object 'Object Repository/1-OBJECTS TAREAS PRINCIPALES/Modulo Tarea Sara General/cargue fuente general/input_Descripcin_form_FuenteGeneraltabdescripcion'

2023-04-10 09:18:20 - [TEST_STEP][PASSED] - selectOptionByIndex(findTestObject("1-OBJECTS TAREAS PRINCIPALES/Modulo Tarea Sara General/cargue fuente general/select_SeleccioneAGRUPAMIENTOROMPIMIENTOUNICO REGISTRO"), 3): All options with index in [3] are selected on object 'Object Repository/1-OBJECTS TAREAS PRINCIPALES/Modulo Tarea Sara General/cargue fuente general/select_SeleccioneAGRUPAMIENTOROMPIMIENTOUNICO REGISTRO'

2023-04-10 09:18:21 - [MESSAGE][PASSED] - All options with index in [3] are selected on object 'Object Repository/1-OBJECTS TAREAS PRINCIPALES/Modulo Tarea Sara General/cargue fuente general/select_SeleccioneAGRUPAMIENTOROMPIMIENTOUNICO REGISTRO'

2023-04-10 09:18:21 - [TEST_STEP][PASSED] - selectOptionByIndex(findTestObject("1-OBJECTS TAREAS PRINCIPALES/Modulo Tarea Sara General/cargue fuente general/select_--Seleccione--COMAPIPELINEPUNTO COMASIN SEPARADORTAB"), 5): All options with index in [5] are selected on object 'Object Repository/1-OBJECTS TAREAS PRINCIPALES/Modulo Tarea Sara General/cargue fuente general/select_--Seleccione--COMAPIPELINEPUNTO COMASIN SEPARADORTAB'

2023-04-10 09:18:22 - [MESSAGE][PASSED] - All options with index in [5] are selected on object 'Object Repository/1-OBJECTS TAREAS PRINCIPALES/Modulo Tarea Sara General/cargue fuente general/select_--Seleccione--COMAPIPELINEPUNTO COMASIN SEPARADORTAB'

2023-04-10 09:18:22 - [TEST_STEP][PASSED] - selectOptionByIndex(findTestObject("1-OBJECTS TAREAS PRINCIPALES/Modulo Tarea Sara General/cargue fuente general/select_--Seleccione--Por el orden de los gruposPor el orden de los servicios"), 1): All options with index in [1] are selected on object 'Object Repository/1-OBJECTS TAREAS PRINCIPALES/Modulo Tarea Sara General/cargue fuente general/select_--Seleccione--Por el orden de los gruposPor el orden de los servicios'

2023-04-10 09:18:23 - [MESSAGE][PASSED] - All options with index in [1] are selected on object 'Object Repository/1-OBJECTS TAREAS PRINCIPALES/Modulo Tarea Sara General/cargue fuente general/select_--Seleccione--Por el orden de los gruposPor el orden de los servicios'

2023-04-10 09:18:23 - [TEST_STEP][PASSED] - selectOptionByIndex(findTestObject("1-OBJECTS TAREAS PRINCIPALES/Modulo Tarea Sara General/cargue fuente general/select_--Seleccione--NOSI"), 2): All options with index in [2] are selected on object 'Object Repository/1-OBJECTS TAREAS PRINCIPALES/Modulo Tarea Sara General/cargue fuente general/select_--Seleccione--NOSI'

2023-04-10 09:18:25 - [MESSAGE][PASSED] - All options with index in [2] are selected on object 'Object Repository/1-OBJECTS TAREAS PRINCIPALES/Modulo Tarea Sara General/cargue fuente general/select_--Seleccione--NOSI'

2023-04-10 09:18:25 - [TEST_STEP][PASSED] - click(findTestObject("1-OBJECTS TAREAS PRINCIPALES/Modulo Tarea Sara General/cargue fuente general/a_Guardar")): Object: 'Object Repository/1-OBJECTS TAREAS PRINCIPALES/Modulo Tarea Sara General/cargue fuente general/a_Guardar' is clicked on

2023-04-10 09:18:25 - [MESSAGE][PASSED] - Object: 'Object Repository/1-OBJECTS TAREAS PRINCIPALES/Modulo Tarea Sara General/cargue fuente general/a_Guardar' is clicked on

2023-04-10 09:18:25 - [TEST_STEP][PASSED] - selectOptionByIndex(findTestObject("1-OBJECTS TAREAS PRINCIPALES/Modulo Tarea Sara General/cargue fuente general/select_--Seleccione--Proceso por aplicacionProceso por base datos(segundo plano)Proceso por base de datos"), 3): All options with index in [3] are selected on object 'Object Repository/1-OBJECTS TAREAS PRINCIPALES/Modulo Tarea Sara General/cargue fuente general/select_--Seleccione--Proceso por aplicacionProceso por base datos(segundo plano)Proceso por base de datos'

2023-04-10 09:18:26 - [MESSAGE][PASSED] - All options with index in [3] are selected on object 'Object Repository/1-OBJECTS TAREAS PRINCIPALES/Modulo Tarea Sara General/cargue fuente general/select_--Seleccione--Proceso por aplicacionProceso por base datos(segundo plano)Proceso por base de datos'

2023-04-10 09:18:26 - [TEST_STEP][PASSED] - click(findTestObject("1-OBJECTS TAREAS PRINCIPALES/Modulo Tarea Sara General/cargue fuente general/a_Guardar")): Object: 'Object Repository/1-OBJECTS TAREAS PRINCIPALES/Modulo Tarea Sara General/cargue fuente general/a_Guardar' is clicked on

2023-04-10 09:18:27 - [MESSAGE][PASSED] - Object: 'Object Repository/1-OBJECTS TAREAS PRINCIPALES/Modulo Tarea Sara General/cargue fuente general/a_Guardar' is clicked on

2023-04-10 09:18:27 - [TEST_STEP][PASSED] - setText(findTestObject("1-OBJECTS TAREAS PRINCIPALES/Modulo Tarea Sara General/cargue fuente general/input_Cdigo_form_FuenteGeneraltabcodigo"), "Actual"): Text 'Actual' is set on object 'Object Repository/1-OBJECTS TAREAS PRINCIPALES/Modulo Tarea Sara General/cargue fuente general/input_Cdigo_form_FuenteGeneraltabcodigo'

2023-04-10 09:18:28 - [MESSAGE][PASSED] - Text 'Actual' is set on object 'Object Repository/1-OBJECTS TAREAS PRINCIPALES/Modulo Tarea Sara General/cargue fuente general/input_Cdigo_form_FuenteGeneraltabcodigo'

2023-04-10 09:18:28 - [TEST_STEP][PASSED] - selectOptionByIndex(findTestObject("1-OBJECTS TAREAS PRINCIPALES/Modulo Tarea Sara General/cargue fuente general/select_SeleccioneNoSi3"), 1): All options with index in [1] are selected on object 'Object Repository/1-OBJECTS TAREAS PRINCIPALES/Modulo Tarea Sara General/cargue fuente general/select_SeleccioneNoSi3'

2023-04-10 09:18:29 - [MESSAGE][PASSED] - All options with index in [1] are selected on object 'Object Repository/1-OBJECTS TAREAS PRINCIPALES/Modulo Tarea Sara General/cargue fuente general/select_SeleccioneNoSi3'

2023-04-10 09:18:29 - [TEST_STEP][PASSED] - click(findTestObject("1-OBJECTS TAREAS PRINCIPALES/Modulo Tarea Sara General/cargue fuente general/a_Guardar")): Object: 'Object Repository/1-OBJECTS TAREAS PRINCIPALES/Modulo Tarea Sara General/cargue fuente general/a_Guardar' is clicked on

2023-04-10 09:18:30 - [MESSAGE][PASSED] - Object: 'Object Repository/1-OBJECTS TAREAS PRINCIPALES/Modulo Tarea Sara General/cargue fuente general/a_Guardar' is clicked on

2023-04-10 09:18:30 - [TEST_STEP][PASSED] - waitForElementVisible(findTestObject("1-OBJECTS TAREAS PRINCIPALES/Modulo Tarea Sara General/cargue fuente general/a_Entrada"), 0): Object 'Object Repository/1-OBJECTS TAREAS PRINCIPALES/Modulo Tarea Sara General/cargue fuente general/a_Entrada' is visible

2023-04-10 09:18:30 - [MESSAGE][WARNING] - Timeout '0' is invalid. Using default page load timeout: '37'

2023-04-10 09:18:31 - [MESSAGE][PASSED] - Object 'Object Repository/1-OBJECTS TAREAS PRINCIPALES/Modulo Tarea Sara General/cargue fuente general/a_Entrada' is visible

2023-04-10 09:18:31 - [TEST_STEP][PASSED] - click(findTestObject("1-OBJECTS TAREAS PRINCIPALES/Modulo Tarea Sara General/cargue fuente general/a_Entrada"), STOP_ON_FAILURE): Object: 'Object Repository/1-OBJECTS TAREAS PRINCIPALES/Modulo Tarea Sara General/cargue fuente general/a_Entrada' is clicked on

2023-04-10 09:18:31 - [MESSAGE][PASSED] - Object: 'Object Repository/1-OBJECTS TAREAS PRINCIPALES/Modulo Tarea Sara General/cargue fuente general/a_Entrada' is clicked on

2023-04-10 09:18:31 - [TEST_STEP][PASSED] - setText(findTestObject("1-OBJECTS TAREAS PRINCIPALES/Modulo Tarea Sara General/cargue fuente general/input_No se encontr registros_form_FuenteGeneraltabtabla_entradadescripcion"), "Pru1"): Text 'Pru1' is set on object 'Object Repository/1-OBJECTS TAREAS PRINCIPALES/Modulo Tarea Sara General/cargue fuente general/input_No se encontr registros_form_FuenteGeneraltabtabla_entradadescripcion'

2023-04-10 09:18:32 - [MESSAGE][PASSED] - Text 'Pru1' is set on object 'Object Repository/1-OBJECTS TAREAS PRINCIPALES/Modulo Tarea Sara General/cargue fuente general/input_No se encontr registros_form_FuenteGeneraltabtabla_entradadescripcion'

2023-04-10 09:18:32 - [TEST_STEP][PASSED] - selectOptionByIndex(findTestObject("1-OBJECTS TAREAS PRINCIPALES/Modulo Tarea Sara General/cargue fuente general/select_SeleccioneDecimalFechaLlave GeneradaLoginNumeroTexto"), 6): All options with index in [6] are selected on object 'Object Repository/1-OBJECTS TAREAS PRINCIPALES/Modulo Tarea Sara General/cargue fuente general/select_SeleccioneDecimalFechaLlave GeneradaLoginNumeroTexto'

2023-04-10 09:18:33 - [MESSAGE][PASSED] - All options with index in [6] are selected on object 'Object Repository/1-OBJECTS TAREAS PRINCIPALES/Modulo Tarea Sara General/cargue fuente general/select_SeleccioneDecimalFechaLlave GeneradaLoginNumeroTexto'

2023-04-10 09:18:33 - [TEST_STEP][PASSED] - selectOptionByIndex(findTestObject("1-OBJECTS TAREAS PRINCIPALES/Modulo Tarea Sara General/cargue fuente general/select_SeleccioneNoSi1"), 1): All options with index in [1] are selected on object 'Object Repository/1-OBJECTS TAREAS PRINCIPALES/Modulo Tarea Sara General/cargue fuente general/select_SeleccioneNoSi1'

2023-04-10 09:18:35 - [MESSAGE][PASSED] - All options with index in [1] are selected on object 'Object Repository/1-OBJECTS TAREAS PRINCIPALES/Modulo Tarea Sara General/cargue fuente general/select_SeleccioneNoSi1'

2023-04-10 09:18:35 - [TEST_STEP][PASSED] - click(findTestObject("1-OBJECTS TAREAS PRINCIPALES/Modulo Tarea Sara General/cargue fuente general/a_No se encontr registros_btn-miniadicionar")): Object: 'Object Repository/1-OBJECTS TAREAS PRINCIPALES/Modulo Tarea Sara General/cargue fuente general/a_No se encontr registros_btn-miniadicionar' is clicked on

2023-04-10 09:18:36 - [MESSAGE][PASSED] - Object: 'Object Repository/1-OBJECTS TAREAS PRINCIPALES/Modulo Tarea Sara General/cargue fuente general/a_No se encontr registros_btn-miniadicionar' is clicked on

2023-04-10 09:18:36 - [TEST_STEP][PASSED] - click(findTestObject("1-OBJECTS TAREAS PRINCIPALES/Modulo Tarea Sara General/cargue fuente general/a_Campos")): Object: 'Object Repository/1-OBJECTS TAREAS PRINCIPALES/Modulo Tarea Sara General/cargue fuente general/a_Campos' is clicked on

2023-04-10 09:18:36 - [MESSAGE][PASSED] - Object: 'Object Repository/1-OBJECTS TAREAS PRINCIPALES/Modulo Tarea Sara General/cargue fuente general/a_Campos' is clicked on

2023-04-10 09:18:36 - [TEST_STEP][PASSED] - click(findTestObject("1-OBJECTS TAREAS PRINCIPALES/Modulo Tarea Sara General/cargue fuente general/a_Nuevo_Campo")): Object: 'Object Repository/1-OBJECTS TAREAS PRINCIPALES/Modulo Tarea Sara General/cargue fuente general/a_Nuevo_Campo' is clicked on

2023-04-10 09:18:37 - [MESSAGE][PASSED] - Object: 'Object Repository/1-OBJECTS TAREAS PRINCIPALES/Modulo Tarea Sara General/cargue fuente general/a_Nuevo_Campo' is clicked on

2023-04-10 09:18:37 - [TEST_STEP][PASSED] - setText(findTestObject("1-OBJECTS TAREAS PRINCIPALES/Modulo Tarea Sara General/cargue fuente general/input_Descripcin_form_popupfuentecampodescripcion"), "camp1"): Text 'camp1' is set on object 'Object Repository/1-OBJECTS TAREAS PRINCIPALES/Modulo Tarea Sara General/cargue fuente general/input_Descripcin_form_popupfuentecampodescripcion'

2023-04-10 09:18:38 - [MESSAGE][PASSED] - Text 'camp1' is set on object 'Object Repository/1-OBJECTS TAREAS PRINCIPALES/Modulo Tarea Sara General/cargue fuente general/input_Descripcin_form_popupfuentecampodescripcion'

2023-04-10 09:18:38 - [TEST_STEP][PASSED] - selectOptionByIndex(findTestObject("1-OBJECTS TAREAS PRINCIPALES/Modulo Tarea Sara General/cargue fuente general/select_--Seleccione--DecimalFechaLlave GeneradaLoginNumeroTexto"), 5): All options with index in [5] are selected on object 'Object Repository/1-OBJECTS TAREAS PRINCIPALES/Modulo Tarea Sara General/cargue fuente general/select_--Seleccione--DecimalFechaLlave GeneradaLoginNumeroTexto'

2023-04-10 09:18:39 - [MESSAGE][PASSED] - All options with index in [5] are selected on object 'Object Repository/1-OBJECTS TAREAS PRINCIPALES/Modulo Tarea Sara General/cargue fuente general/select_--Seleccione--DecimalFechaLlave GeneradaLoginNumeroTexto'

2023-04-10 09:18:39 - [TEST_STEP][PASSED] - setText(findTestObject("1-OBJECTS TAREAS PRINCIPALES/Modulo Tarea Sara General/cargue fuente general/input_Columna_form_popupfuentecampocolumna"), "1"): Text '1' is set on object 'Object Repository/1-OBJECTS TAREAS PRINCIPALES/Modulo Tarea Sara General/cargue fuente general/input_Columna_form_popupfuentecampocolumna'

2023-04-10 09:18:40 - [MESSAGE][PASSED] - Text '1' is set on object 'Object Repository/1-OBJECTS TAREAS PRINCIPALES/Modulo Tarea Sara General/cargue fuente general/input_Columna_form_popupfuentecampocolumna'

2023-04-10 09:18:40 - [TEST_STEP][PASSED] - selectOptionByIndex(findTestObject("1-OBJECTS TAREAS PRINCIPALES/Modulo Tarea Sara General/cargue fuente general/select_NoSi2"), 1): All options with index in [1] are selected on object 'Object Repository/1-OBJECTS TAREAS PRINCIPALES/Modulo Tarea Sara General/cargue fuente general/select_NoSi2'

2023-04-10 09:18:41 - [MESSAGE][PASSED] - All options with index in [1] are selected on object 'Object Repository/1-OBJECTS TAREAS PRINCIPALES/Modulo Tarea Sara General/cargue fuente general/select_NoSi2'

2023-04-10 09:18:41 - [TEST_STEP][PASSED] - click(findTestObject("1-OBJECTS TAREAS PRINCIPALES/Modulo Tarea Sara General/cargue fuente general/a_Guardar")): Object: 'Object Repository/1-OBJECTS TAREAS PRINCIPALES/Modulo Tarea Sara General/cargue fuente general/a_Guardar' is clicked on

2023-04-10 09:18:42 - [MESSAGE][PASSED] - Object: 'Object Repository/1-OBJECTS TAREAS PRINCIPALES/Modulo Tarea Sara General/cargue fuente general/a_Guardar' is clicked on

2023-04-10 09:18:42 - [TEST_STEP][PASSED] - click(findTestObject("1-OBJECTS TAREAS PRINCIPALES/Modulo Tarea Sara General/cargue fuente general/a_Servicios")): Object: 'Object Repository/1-OBJECTS TAREAS PRINCIPALES/Modulo Tarea Sara General/cargue fuente general/a_Servicios' is clicked on

2023-04-10 09:18:42 - [MESSAGE][PASSED] - Object: 'Object Repository/1-OBJECTS TAREAS PRINCIPALES/Modulo Tarea Sara General/cargue fuente general/a_Servicios' is clicked on

2023-04-10 09:18:42 - [TEST_STEP][PASSED] - click(findTestObject("1-OBJECTS TAREAS PRINCIPALES/Modulo Tarea Sara General/cargue fuente general/a_Nuevo_Servicio")): Object: 'Object Repository/1-OBJECTS TAREAS PRINCIPALES/Modulo Tarea Sara General/cargue fuente general/a_Nuevo_Servicio' is clicked on

2023-04-10 09:18:43 - [MESSAGE][PASSED] - Object: 'Object Repository/1-OBJECTS TAREAS PRINCIPALES/Modulo Tarea Sara General/cargue fuente general/a_Nuevo_Servicio' is clicked on

2023-04-10 09:18:43 - [TEST_STEP][PASSED] - selectOptionByIndex(findTestObject("1-OBJECTS TAREAS PRINCIPALES/Modulo Tarea Sara General/cargue fuente general/select_SeleccioneActo Cambio Empleado - Accion (No Aplica)"), 12): All options with index in [12] are selected on object 'Object Repository/1-OBJECTS TAREAS PRINCIPALES/Modulo Tarea Sara General/cargue fuente general/select_SeleccioneActo Cambio Empleado - Accion (No Aplica)'

2023-04-10 09:18:45 - [MESSAGE][PASSED] - All options with index in [12] are selected on object 'Object Repository/1-OBJECTS TAREAS PRINCIPALES/Modulo Tarea Sara General/cargue fuente general/select_SeleccioneActo Cambio Empleado - Accion (No Aplica)'

2023-04-10 09:18:45 - [TEST_STEP][PASSED] - setText(findTestObject("1-OBJECTS TAREAS PRINCIPALES/Modulo Tarea Sara General/cargue fuente general/input_Orden_form_popupServiciotaborden"), "2"): Text '2' is set on object 'Object Repository/1-OBJECTS TAREAS PRINCIPALES/Modulo Tarea Sara General/cargue fuente general/input_Orden_form_popupServiciotaborden'

2023-04-10 09:18:45 - [MESSAGE][PASSED] - Text '2' is set on object 'Object Repository/1-OBJECTS TAREAS PRINCIPALES/Modulo Tarea Sara General/cargue fuente general/input_Orden_form_popupServiciotaborden'

2023-04-10 09:18:45 - [TEST_STEP][PASSED] - selectOptionByIndex(findTestObject("1-OBJECTS TAREAS PRINCIPALES/Modulo Tarea Sara General/cargue fuente general/select_SeleccioneAl final del procesoEn cada Item"), 1): All options with index in [1] are selected on object 'Object Repository/1-OBJECTS TAREAS PRINCIPALES/Modulo Tarea Sara General/cargue fuente general/select_SeleccioneAl final del procesoEn cada Item'

2023-04-10 09:18:46 - [MESSAGE][PASSED] - All options with index in [1] are selected on object 'Object Repository/1-OBJECTS TAREAS PRINCIPALES/Modulo Tarea Sara General/cargue fuente general/select_SeleccioneAl final del procesoEn cada Item'

2023-04-10 09:18:46 - [TEST_STEP][PASSED] - click(findTestObject("1-OBJECTS TAREAS PRINCIPALES/Modulo Tarea Sara General/cargue fuente general/label_No")): Object: 'Object Repository/1-OBJECTS TAREAS PRINCIPALES/Modulo Tarea Sara General/cargue fuente general/label_No' is clicked on

2023-04-10 09:18:47 - [MESSAGE][PASSED] - Object: 'Object Repository/1-OBJECTS TAREAS PRINCIPALES/Modulo Tarea Sara General/cargue fuente general/label_No' is clicked on

2023-04-10 09:18:47 - [TEST_STEP][PASSED] - click(findTestObject("1-OBJECTS TAREAS PRINCIPALES/Modulo Tarea Sara General/cargue fuente general/a_Guardar")): Object: 'Object Repository/1-OBJECTS TAREAS PRINCIPALES/Modulo Tarea Sara General/cargue fuente general/a_Guardar' is clicked on

2023-04-10 09:18:48 - [MESSAGE][PASSED] - Object: 'Object Repository/1-OBJECTS TAREAS PRINCIPALES/Modulo Tarea Sara General/cargue fuente general/a_Guardar' is clicked on

2023-04-10 09:18:48 - [TEST_STEP][PASSED] - click(findTestObject("1-OBJECTS TAREAS PRINCIPALES/Modulo Tarea Sara General/cargue fuente general/a_CamposSUB")): Object: 'Object Repository/1-OBJECTS TAREAS PRINCIPALES/Modulo Tarea Sara General/cargue fuente general/a_CamposSUB' is clicked on

2023-04-10 09:18:48 - [MESSAGE][PASSED] - Object: 'Object Repository/1-OBJECTS TAREAS PRINCIPALES/Modulo Tarea Sara General/cargue fuente general/a_CamposSUB' is clicked on

2023-04-10 09:18:48 - [TEST_STEP][PASSED] - selectOptionByIndex(findTestObject("1-OBJECTS TAREAS PRINCIPALES/Modulo Tarea Sara General/cargue fuente general/select_--Seleccione--ARCOSD-ENTIDADESARCOSD"), 10): All options with index in [10] are selected on object 'Object Repository/1-OBJECTS TAREAS PRINCIPALES/Modulo Tarea Sara General/cargue fuente general/select_--Seleccione--ARCOSD-ENTIDADESARCOSD'

2023-04-10 09:18:49 - [MESSAGE][PASSED] - All options with index in [10] are selected on object 'Object Repository/1-OBJECTS TAREAS PRINCIPALES/Modulo Tarea Sara General/cargue fuente general/select_--Seleccione--ARCOSD-ENTIDADESARCOSD'

2023-04-10 09:18:49 - [TEST_STEP][PASSED] - setText(findTestObject("1-OBJECTS TAREAS PRINCIPALES/Modulo Tarea Sara General/cargue fuente general/textarea_Codigo de la empresa a la que pertenece el empleado_form_popupServiciotabtabla_campos_serv3j_idt316"), "{Campo1}"): Text '{Campo1}' is set on object 'Object Repository/1-OBJECTS TAREAS PRINCIPALES/Modulo Tarea Sara General/cargue fuente general/textarea_Codigo de la empresa a la que pertenece el empleado_form_popupServiciotabtabla_campos_serv3j_idt316'

2023-04-10 09:18:50 - [MESSAGE][PASSED] - Text '{Campo1}' is set on object 'Object Repository/1-OBJECTS TAREAS PRINCIPALES/Modulo Tarea Sara General/cargue fuente general/textarea_Codigo de la empresa a la que pertenece el empleado_form_popupServiciotabtabla_campos_serv3j_idt316'

2023-04-10 09:18:50 - [TEST_STEP][PASSED] - selectOptionByIndex(findTestObject("1-OBJECTS TAREAS PRINCIPALES/Modulo Tarea Sara General/cargue fuente general/select_--Seleccione--ARCOSD-ENTIDADESARCOSD-ESTADO CIVILHomologacin"), 11): All options with index in [11] are selected on object 'Object Repository/1-OBJECTS TAREAS PRINCIPALES/Modulo Tarea Sara General/cargue fuente general/select_--Seleccione--ARCOSD-ENTIDADESARCOSD-ESTADO CIVILHomologacin'

2023-04-10 09:18:51 - [MESSAGE][PASSED] - All options with index in [11] are selected on object 'Object Repository/1-OBJECTS TAREAS PRINCIPALES/Modulo Tarea Sara General/cargue fuente general/select_--Seleccione--ARCOSD-ENTIDADESARCOSD-ESTADO CIVILHomologacin'

2023-04-10 09:18:51 - [TEST_STEP][PASSED] - setText(findTestObject("1-OBJECTS TAREAS PRINCIPALES/Modulo Tarea Sara General/cargue fuente general/textarea_Nmero de cdula del nuevo Jefe_form_popupServiciotabtabla_campos_serv4j_idt316"), "{Campo2}"): Text '{Campo2}' is set on object 'Object Repository/1-OBJECTS TAREAS PRINCIPALES/Modulo Tarea Sara General/cargue fuente general/textarea_Nmero de cdula del nuevo Jefe_form_popupServiciotabtabla_campos_serv4j_idt316'

2023-04-10 09:18:52 - [MESSAGE][PASSED] - Text '{Campo2}' is set on object 'Object Repository/1-OBJECTS TAREAS PRINCIPALES/Modulo Tarea Sara General/cargue fuente general/textarea_Nmero de cdula del nuevo Jefe_form_popupServiciotabtabla_campos_serv4j_idt316'

2023-04-10 09:18:52 - [TEST_STEP][PASSED] - element = findWebElement(findTestObject("1-OBJECTS TAREAS PRINCIPALES/Modulo Tarea Sara General/cargue fuente general/a_Guardar"), 30): null

2023-04-10 09:18:53 - [TEST_STEP][PASSED] - executeJavaScript("arguments[0].click()", Arrays.asList(element)): Execute JavaScript 'arguments[0].click()' successfully

2023-04-10 09:18:54 - [MESSAGE][PASSED] - Execute JavaScript 'arguments[0].click()' successfully

2023-04-10 09:18:54 - [TEST_STEP][PASSED] - click(findTestObject("1-OBJECTS TAREAS PRINCIPALES/Modulo Tarea Sara General/cargue fuente general/a_No se encontr registros_ui-dialog-titlebar-icon ui-dialog-titlebar-close ui-corner-all ui-state-hover")): Object: 'Object Repository/1-OBJECTS TAREAS PRINCIPALES/Modulo Tarea Sara General/cargue fuente general/a_No se encontr registros_ui-dialog-titlebar-icon ui-dialog-titlebar-close ui-corner-all ui-state-hover' is clicked on

2023-04-10 09:18:54 - [MESSAGE][PASSED] - Object: 'Object Repository/1-OBJECTS TAREAS PRINCIPALES/Modulo Tarea Sara General/cargue fuente general/a_No se encontr registros_ui-dialog-titlebar-icon ui-dialog-titlebar-close ui-corner-all ui-state-hover' is clicked on

2023-04-10 09:18:54 - [TEST_STEP][PASSED] - click(findTestObject("1-OBJECTS TAREAS PRINCIPALES/Modulo Tarea Sara General/cargue fuente general/a_Servicios")): Object: 'Object Repository/1-OBJECTS TAREAS PRINCIPALES/Modulo Tarea Sara General/cargue fuente general/a_Servicios' is clicked on

2023-04-10 09:18:55 - [MESSAGE][PASSED] - Object: 'Object Repository/1-OBJECTS TAREAS PRINCIPALES/Modulo Tarea Sara General/cargue fuente general/a_Servicios' is clicked on

2023-04-10 09:18:55 - [TEST_STEP][PASSED] - if (waitForElementVisible(findTestObject("1-OBJECTS TAREAS PRINCIPALES/Modulo Tarea Sara General/cargue fuente general/td_Actualizar Jefe"), 1)): null

2023-04-10 09:18:55 - [MESSAGE][PASSED] - Object 'Object Repository/1-OBJECTS TAREAS PRINCIPALES/Modulo Tarea Sara General/cargue fuente general/td_Actualizar Jefe' is visible

2023-04-10 09:18:55 - [TEST_STEP][PASSED] - click(findTestObject("1-OBJECTS TAREAS PRINCIPALES/Modulo Tarea Sara General/cargue fuente general/td_Actualizar Jefe")): Object: 'Object Repository/1-OBJECTS TAREAS PRINCIPALES/Modulo Tarea Sara General/cargue fuente general/td_Actualizar Jefe' is clicked on

2023-04-10 09:18:56 - [MESSAGE][PASSED] - Object: 'Object Repository/1-OBJECTS TAREAS PRINCIPALES/Modulo Tarea Sara General/cargue fuente general/td_Actualizar Jefe' is clicked on

2023-04-10 09:18:56 - [TEST_STEP][PASSED] - click(findTestObject("1-OBJECTS TAREAS PRINCIPALES/Modulo Tarea Sara General/cargue fuente general/a_Eliminar_Servicio")): Object: 'Object Repository/1-OBJECTS TAREAS PRINCIPALES/Modulo Tarea Sara General/cargue fuente general/a_Eliminar_Servicio' is clicked on

2023-04-10 09:18:56 - [MESSAGE][PASSED] - Object: 'Object Repository/1-OBJECTS TAREAS PRINCIPALES/Modulo Tarea Sara General/cargue fuente general/a_Eliminar_Servicio' is clicked on

2023-04-10 09:18:56 - [TEST_STEP][PASSED] - click(findTestObject("1-OBJECTS TAREAS PRINCIPALES/Modulo Tarea Sara General/cargue fuente general/a_Aceptar_eliminar servicio")): Object: 'Object Repository/1-OBJECTS TAREAS PRINCIPALES/Modulo Tarea Sara General/cargue fuente general/a_Aceptar_eliminar servicio' is clicked on

2023-04-10 09:18:57 - [MESSAGE][PASSED] - Object: 'Object Repository/1-OBJECTS TAREAS PRINCIPALES/Modulo Tarea Sara General/cargue fuente general/a_Aceptar_eliminar servicio' is clicked on

2023-04-10 09:18:57 - [TEST_STEP][PASSED] - click(findTestObject("1-OBJECTS TAREAS PRINCIPALES/Modulo Tarea Sara General/cargue fuente general/a_Campos")): Object: 'Object Repository/1-OBJECTS TAREAS PRINCIPALES/Modulo Tarea Sara General/cargue fuente general/a_Campos' is clicked on

2023-04-10 09:18:58 - [MESSAGE][PASSED] - Object: 'Object Repository/1-OBJECTS TAREAS PRINCIPALES/Modulo Tarea Sara General/cargue fuente general/a_Campos' is clicked on

2023-04-10 09:18:58 - [TEST_STEP][PASSED] - if (waitForElementVisible(findTestObject("1-OBJECTS TAREAS PRINCIPALES/Modulo Tarea Sara General/cargue fuente general/td_camp1"), 1)): null

2023-04-10 09:18:58 - [MESSAGE][PASSED] - Object 'Object Repository/1-OBJECTS TAREAS PRINCIPALES/Modulo Tarea Sara General/cargue fuente general/td_camp1' is visible

2023-04-10 09:18:58 - [TEST_STEP][PASSED] - click(findTestObject("1-OBJECTS TAREAS PRINCIPALES/Modulo Tarea Sara General/cargue fuente general/td_camp1")): Object: 'Object Repository/1-OBJECTS TAREAS PRINCIPALES/Modulo Tarea Sara General/cargue fuente general/td_camp1' is clicked on

2023-04-10 09:18:59 - [MESSAGE][PASSED] - Object: 'Object Repository/1-OBJECTS TAREAS PRINCIPALES/Modulo Tarea Sara General/cargue fuente general/td_camp1' is clicked on

2023-04-10 09:18:59 - [TEST_STEP][PASSED] - click(findTestObject("1-OBJECTS TAREAS PRINCIPALES/Modulo Tarea Sara General/cargue fuente general/a_Eliminar_campos")): Object: 'Object Repository/1-OBJECTS TAREAS PRINCIPALES/Modulo Tarea Sara General/cargue fuente general/a_Eliminar_campos' is clicked on

2023-04-10 09:18:59 - [MESSAGE][PASSED] - Object: 'Object Repository/1-OBJECTS TAREAS PRINCIPALES/Modulo Tarea Sara General/cargue fuente general/a_Eliminar_campos' is clicked on

2023-04-10 09:18:59 - [TEST_STEP][PASSED] - click(findTestObject("1-OBJECTS TAREAS PRINCIPALES/Modulo Tarea Sara General/cargue fuente general/a_Aceptar_eliminar campos")): Object: 'Object Repository/1-OBJECTS TAREAS PRINCIPALES/Modulo Tarea Sara General/cargue fuente general/a_Aceptar_eliminar campos' is clicked on

2023-04-10 09:19:00 - [MESSAGE][PASSED] - Object: 'Object Repository/1-OBJECTS TAREAS PRINCIPALES/Modulo Tarea Sara General/cargue fuente general/a_Aceptar_eliminar campos' is clicked on

2023-04-10 09:19:00 - [TEST_STEP][PASSED] - click(findTestObject("1-OBJECTS TAREAS PRINCIPALES/Modulo Tarea Sara General/cargue fuente general/a_Entrada")): Object: 'Object Repository/1-OBJECTS TAREAS PRINCIPALES/Modulo Tarea Sara General/cargue fuente general/a_Entrada' is clicked on

2023-04-10 09:19:01 - [MESSAGE][PASSED] - Object: 'Object Repository/1-OBJECTS TAREAS PRINCIPALES/Modulo Tarea Sara General/cargue fuente general/a_Entrada' is clicked on

2023-04-10 09:19:01 - [TEST_STEP][PASSED] - if (waitForElementVisible(findTestObject("1-OBJECTS TAREAS PRINCIPALES/Modulo Tarea Sara General/cargue fuente general/td_Pru1"), 1)): null

2023-04-10 09:19:01 - [MESSAGE][PASSED] - Object 'Object Repository/1-OBJECTS TAREAS PRINCIPALES/Modulo Tarea Sara General/cargue fuente general/td_Pru1' is visible

2023-04-10 09:19:01 - [TEST_STEP][PASSED] - click(findTestObject("1-OBJECTS TAREAS PRINCIPALES/Modulo Tarea Sara General/cargue fuente general/a_N_btn-minieliminar")): Object: 'Object Repository/1-OBJECTS TAREAS PRINCIPALES/Modulo Tarea Sara General/cargue fuente general/a_N_btn-minieliminar' is clicked on

2023-04-10 09:19:02 - [MESSAGE][PASSED] - Object: 'Object Repository/1-OBJECTS TAREAS PRINCIPALES/Modulo Tarea Sara General/cargue fuente general/a_N_btn-minieliminar' is clicked on

2023-04-10 09:19:02 - [TEST_STEP][PASSED] - click(findTestObject("1-OBJECTS TAREAS PRINCIPALES/Modulo Tarea Sara General/cargue fuente general/a_Aceptar_eliminar entrada")): Object: 'Object Repository/1-OBJECTS TAREAS PRINCIPALES/Modulo Tarea Sara General/cargue fuente general/a_Aceptar_eliminar entrada' is clicked on

2023-04-10 09:19:02 - [MESSAGE][PASSED] - Object: 'Object Repository/1-OBJECTS TAREAS PRINCIPALES/Modulo Tarea Sara General/cargue fuente general/a_Aceptar_eliminar entrada' is clicked on

2023-04-10 09:19:02 - [TEST_STEP][PASSED] - click(findTestObject("1-OBJECTS TAREAS PRINCIPALES/Modulo Tarea Sara General/cargue fuente general/a_Bsica")): Object: 'Object Repository/1-OBJECTS TAREAS PRINCIPALES/Modulo Tarea Sara General/cargue fuente general/a_Bsica' is clicked on

2023-04-10 09:19:03 - [MESSAGE][PASSED] - Object: 'Object Repository/1-OBJECTS TAREAS PRINCIPALES/Modulo Tarea Sara General/cargue fuente general/a_Bsica' is clicked on

2023-04-10 09:19:03 - [TEST_STEP][PASSED] - click(findTestObject("1-OBJECTS TAREAS PRINCIPALES/Modulo Tarea Sara General/cargue fuente general/a_Eliminar_basica")): Object: 'Object Repository/1-OBJECTS TAREAS PRINCIPALES/Modulo Tarea Sara General/cargue fuente general/a_Eliminar_basica' is clicked on

2023-04-10 09:19:04 - [MESSAGE][PASSED] - Object: 'Object Repository/1-OBJECTS TAREAS PRINCIPALES/Modulo Tarea Sara General/cargue fuente general/a_Eliminar_basica' is clicked on

2023-04-10 09:19:04 - [TEST_STEP][PASSED] - click(findTestObject("1-OBJECTS TAREAS PRINCIPALES/Modulo Tarea Sara General/cargue fuente general/a_Aceptar_eliminar servicio")): Object: 'Object Repository/1-OBJECTS TAREAS PRINCIPALES/Modulo Tarea Sara General/cargue fuente general/a_Aceptar_eliminar servicio' is clicked on

2023-04-10 09:19:04 - [MESSAGE][PASSED] - Object: 'Object Repository/1-OBJECTS TAREAS PRINCIPALES/Modulo Tarea Sara General/cargue fuente general/a_Aceptar_eliminar servicio' is clicked on]]></system-out>
         <system-err><![CDATA[]]></system-err>
      </testcase>
      <testcase name="Test Cases/1.1-Tareas Principales/1.7.9-Ejecucion_reporte_general" time="62.509" classname="Test Cases/1.1-Tareas Principales/1.7.9-Ejecucion_reporte_general" status="PASSED">
         <system-out><![CDATA[2023-04-10 09:19:04 - [TEST_CASE][PASSED] - Test Cases/1.1-Tareas Principales/1.7.9-Ejecucion_reporte_general: Test Cases/1.1-Tareas Principales/1.7.9-Ejecucion_reporte_general

2023-04-10 09:19:05 - [TEST_STEP][PASSED] - callTestCase(findTestCase("0.1-Login"), [:], STOP_ON_FAILURE): Call Test Case 'Test Cases/0.1-Login' successfully

2023-04-10 09:19:05 - [TEST_CASE][PASSED] - Test Cases/0.1-Login: Test Cases/0.1-Login

2023-04-10 09:19:05 - [TEST_STEP][PASSED] - openBrowser(""): Browser is opened with url: ''

2023-04-10 09:19:05 - [MESSAGE][WARNING] - A browser is already opened. Closing browser and opening a new one

2023-04-10 09:19:06 - [MESSAGE][INFO] - Starting 'Chrome' driver

2023-04-10 09:19:06 - [MESSAGE][INFO] - Action delay is set to 0 milliseconds

2023-04-10 09:19:07 - [MESSAGE][PASSED] - Browser is opened with url: ''

2023-04-10 09:19:07 - [TEST_STEP][PASSED] - maximizeWindow(): Current window maximized

2023-04-10 09:19:07 - [MESSAGE][PASSED] - Current window maximized

2023-04-10 09:19:07 - [TEST_STEP][PASSED] - i = G_Login: null

2023-04-10 09:19:07 - [TEST_STEP][PASSED] - url = new java.net.URL(i): null

2023-04-10 09:19:07 - [TEST_STEP][PASSED] - println("URL: " + url.toString()): null

2023-04-10 09:19:07 - [TEST_STEP][PASSED] - connection = url.openConnection(): null

2023-04-10 09:19:07 - [TEST_STEP][PASSED] - connection.setRequestMethod("GET"): null

2023-04-10 09:19:07 - [TEST_STEP][PASSED] - connection.setReadTimeout(2 * 1000): null

2023-04-10 09:19:07 - [TEST_STEP][PASSED] - try: null

2023-04-10 09:19:07 - [TEST_STEP][PASSED] - connection.connect(): null

2023-04-10 09:19:07 - [TEST_STEP][PASSED] - flag = connected: null

2023-04-10 09:19:07 - [TEST_STEP][PASSED] - println("Valor_ori: " + flag): null

2023-04-10 09:19:07 - [TEST_STEP][PASSED] - if (flag): null

2023-04-10 09:19:07 - [TEST_STEP][PASSED] - navigateToUrl(i): Navigate to 'http://192.168.2.19:8380/saraweb' successfully

2023-04-10 09:19:07 - [MESSAGE][PASSED] - Navigate to 'http://192.168.2.19:8380/saraweb' successfully

2023-04-10 09:19:07 - [TEST_STEP][PASSED] - a(): null

2023-04-10 09:19:07 - [TEST_STEP][PASSED] - if (waitForElementVisible(findTestObject("3-OBJECTS UTILIDADES/Login/input_USUARIO_loginusuario"), 0)): null

2023-04-10 09:19:07 - [MESSAGE][WARNING] - Timeout '0' is invalid. Using default page load timeout: '37'

2023-04-10 09:19:08 - [MESSAGE][PASSED] - Object 'Object Repository/3-OBJECTS UTILIDADES/Login/input_USUARIO_loginusuario' is visible

2023-04-10 09:19:08 - [TEST_STEP][PASSED] - switchToWindowTitle("SARA"): Switched to window with title: 'SARA'

2023-04-10 09:19:08 - [MESSAGE][PASSED] - Switched to window with title: 'SARA'

2023-04-10 09:19:08 - [TEST_STEP][PASSED] - zoom(): null

2023-04-10 09:19:08 - [TEST_STEP][PASSED] - robot = new java.awt.Robot(): null

2023-04-10 09:19:08 - [TEST_STEP][PASSED] - robot.keyPress(VK_CONTROL): null

2023-04-10 09:19:08 - [TEST_STEP][PASSED] - robot.keyPress(VK_SUBTRACT): null

2023-04-10 09:19:08 - [TEST_STEP][PASSED] - robot.keyRelease(VK_CONTROL): null

2023-04-10 09:19:08 - [TEST_STEP][PASSED] - robot.keyRelease(VK_SUBTRACT): null

2023-04-10 09:19:08 - [TEST_STEP][PASSED] - robot.keyPress(VK_CONTROL): null

2023-04-10 09:19:08 - [TEST_STEP][PASSED] - robot.keyPress(VK_SUBTRACT): null

2023-04-10 09:19:08 - [TEST_STEP][PASSED] - robot.keyRelease(VK_CONTROL): null

2023-04-10 09:19:08 - [TEST_STEP][PASSED] - robot.keyRelease(VK_SUBTRACT): null

2023-04-10 09:19:08 - [TEST_STEP][PASSED] - robot.keyPress(VK_CONTROL): null

2023-04-10 09:19:08 - [TEST_STEP][PASSED] - robot.keyPress(VK_SUBTRACT): null

2023-04-10 09:19:08 - [TEST_STEP][PASSED] - robot.keyRelease(VK_CONTROL): null

2023-04-10 09:19:08 - [TEST_STEP][PASSED] - robot.keyRelease(VK_SUBTRACT): null

2023-04-10 09:19:08 - [TEST_STEP][PASSED] - robot.keyRelease(VK_CONTROL): null

2023-04-10 09:19:08 - [TEST_STEP][PASSED] - robot.keyRelease(VK_SUBTRACT): null

2023-04-10 09:19:08 - [TEST_STEP][PASSED] - setText(findTestObject("3-OBJECTS UTILIDADES/Login/input_USUARIO_loginusuario"), G_Usuario): Text 'saraadmin' is set on object 'Object Repository/3-OBJECTS UTILIDADES/Login/input_USUARIO_loginusuario'

2023-04-10 09:19:08 - [MESSAGE][PASSED] - Text 'saraadmin' is set on object 'Object Repository/3-OBJECTS UTILIDADES/Login/input_USUARIO_loginusuario'

2023-04-10 09:19:08 - [TEST_STEP][PASSED] - setEncryptedText(findTestObject("3-OBJECTS UTILIDADES/Login/input_CLAVE_loginpassword"), "SlAwMcyRKqrwbnzhAs8HhT6NnI7sEyng"): Text ****** has been set on object 'Object Repository/3-OBJECTS UTILIDADES/Login/input_CLAVE_loginpassword'

2023-04-10 09:19:10 - [MESSAGE][PASSED] - Text ****** has been set on object 'Object Repository/3-OBJECTS UTILIDADES/Login/input_CLAVE_loginpassword'

2023-04-10 09:19:10 - [TEST_STEP][PASSED] - while (waitForElementClickable(findTestObject("3-OBJECTS UTILIDADES/Login/a_Ingresar"), 1)): Web element with id: 'Object Repository/3-OBJECTS UTILIDADES/Login/a_Ingresar' located by '//a[contains(text(),'Ingresar')]' not found

2023-04-10 09:19:13 - [MESSAGE][INFO] - Unable to find the element located by 'By.xpath: //a[contains(text(),'Ingresar')]'. Please recheck the objects properties to make sure the desired element is located. 

2023-04-10 09:19:13 - [MESSAGE][WARNING] - Web element with id: 'Object Repository/3-OBJECTS UTILIDADES/Login/a_Ingresar' located by '//a[contains(text(),'Ingresar')]' not found

2023-04-10 09:19:13 - [MESSAGE][PASSED] - Call Test Case 'Test Cases/0.1-Login' successfully

2023-04-10 09:19:13 - [TEST_STEP][PASSED] - setText(findTestObject("1-OBJECTS TAREAS PRINCIPALES/Modulo Tarea Sara General/Ejecucion reporte general/input_Empresa 1_form_templatej_idt24_input"), "ejecucion reporte (gna)"): Text 'ejecucion reporte (gna)' is set on object 'Object Repository/1-OBJECTS TAREAS PRINCIPALES/Modulo Tarea Sara General/Ejecucion reporte general/input_Empresa 1_form_templatej_idt24_input'

2023-04-10 09:19:13 - [MESSAGE][PASSED] - Text 'ejecucion reporte (gna)' is set on object 'Object Repository/1-OBJECTS TAREAS PRINCIPALES/Modulo Tarea Sara General/Ejecucion reporte general/input_Empresa 1_form_templatej_idt24_input'

2023-04-10 09:19:13 - [TEST_STEP][PASSED] - click(findTestObject("1-OBJECTS TAREAS PRINCIPALES/Modulo Tarea Sara General/Ejecucion reporte general/li_Ejecucion Reporte (gna)")): Object: 'Object Repository/1-OBJECTS TAREAS PRINCIPALES/Modulo Tarea Sara General/Ejecucion reporte general/li_Ejecucion Reporte (gna)' is clicked on

2023-04-10 09:19:15 - [MESSAGE][PASSED] - Object: 'Object Repository/1-OBJECTS TAREAS PRINCIPALES/Modulo Tarea Sara General/Ejecucion reporte general/li_Ejecucion Reporte (gna)' is clicked on

2023-04-10 09:19:15 - [TEST_STEP][PASSED] - setText(findTestObject("1-OBJECTS TAREAS PRINCIPALES/Modulo Tarea Sara General/Ejecucion reporte general/input_Actos Administrativos_listaReporteFormj_idt63"), "pruebas  automaticas"): Text 'pruebas  automaticas' is set on object 'Object Repository/1-OBJECTS TAREAS PRINCIPALES/Modulo Tarea Sara General/Ejecucion reporte general/input_Actos Administrativos_listaReporteFormj_idt63'

2023-04-10 09:19:16 - [MESSAGE][PASSED] - Text 'pruebas  automaticas' is set on object 'Object Repository/1-OBJECTS TAREAS PRINCIPALES/Modulo Tarea Sara General/Ejecucion reporte general/input_Actos Administrativos_listaReporteFormj_idt63'

2023-04-10 09:19:16 - [TEST_STEP][PASSED] - sendKeys(findTestObject("1-OBJECTS TAREAS PRINCIPALES/Modulo Tarea Sara General/Ejecucion reporte general/input_Actos Administrativos_listaReporteFormj_idt63"), Keys.chord(ENTER)): Keys 'ENTER + ' sent to object: 'Object Repository/1-OBJECTS TAREAS PRINCIPALES/Modulo Tarea Sara General/Ejecucion reporte general/input_Actos Administrativos_listaReporteFormj_idt63'

2023-04-10 09:19:17 - [MESSAGE][PASSED] - Keys 'ENTER + ' sent to object: 'Object Repository/1-OBJECTS TAREAS PRINCIPALES/Modulo Tarea Sara General/Ejecucion reporte general/input_Actos Administrativos_listaReporteFormj_idt63'

2023-04-10 09:19:17 - [TEST_STEP][PASSED] - if (waitForElementVisible(findTestObject("1-OBJECTS TAREAS PRINCIPALES/Modulo Tarea Sara General/Ejecucion reporte general/td_pruebas  automaticas"), 1)): Web element with id: 'Object Repository/1-OBJECTS TAREAS PRINCIPALES/Modulo Tarea Sara General/Ejecucion reporte general/td_pruebas  automaticas' located by '//td[(text() = 'pruebas  automaticas' or . = 'pruebas  automaticas')]' not found

2023-04-10 09:19:19 - [MESSAGE][INFO] - Unable to find the element located by 'By.xpath: //td[(text() = 'pruebas  automaticas' or . = 'pruebas  automaticas')]'. Please recheck the objects properties to make sure the desired element is located. 

2023-04-10 09:19:19 - [MESSAGE][WARNING] - Web element with id: 'Object Repository/1-OBJECTS TAREAS PRINCIPALES/Modulo Tarea Sara General/Ejecucion reporte general/td_pruebas  automaticas' located by '//td[(text() = 'pruebas  automaticas' or . = 'pruebas  automaticas')]' not found

2023-04-10 09:19:19 - [TEST_STEP][PASSED] - if (waitForElementVisible(findTestObject("1-OBJECTS TAREAS PRINCIPALES/Modulo Tarea Sara General/Ejecucion reporte general/a_Nuevo"), 2)): null

2023-04-10 09:19:19 - [MESSAGE][PASSED] - Object 'Object Repository/1-OBJECTS TAREAS PRINCIPALES/Modulo Tarea Sara General/Ejecucion reporte general/a_Nuevo' is visible

2023-04-10 09:19:19 - [TEST_STEP][PASSED] - click(findTestObject("1-OBJECTS TAREAS PRINCIPALES/Modulo Tarea Sara General/Ejecucion reporte general/a_Nuevo")): Object: 'Object Repository/1-OBJECTS TAREAS PRINCIPALES/Modulo Tarea Sara General/Ejecucion reporte general/a_Nuevo' is clicked on

2023-04-10 09:19:20 - [MESSAGE][PASSED] - Object: 'Object Repository/1-OBJECTS TAREAS PRINCIPALES/Modulo Tarea Sara General/Ejecucion reporte general/a_Nuevo' is clicked on

2023-04-10 09:19:20 - [TEST_STEP][PASSED] - click(findTestObject("1-OBJECTS TAREAS PRINCIPALES/Modulo Tarea Sara General/Ejecucion reporte general/input_Descripcin_reporteFormdescripcion"), STOP_ON_FAILURE): Object: 'Object Repository/1-OBJECTS TAREAS PRINCIPALES/Modulo Tarea Sara General/Ejecucion reporte general/input_Descripcin_reporteFormdescripcion' is clicked on

2023-04-10 09:19:21 - [MESSAGE][PASSED] - Object: 'Object Repository/1-OBJECTS TAREAS PRINCIPALES/Modulo Tarea Sara General/Ejecucion reporte general/input_Descripcin_reporteFormdescripcion' is clicked on

2023-04-10 09:19:21 - [TEST_STEP][PASSED] - setText(findTestObject("1-OBJECTS TAREAS PRINCIPALES/Modulo Tarea Sara General/Ejecucion reporte general/input_Descripcin_reporteFormdescripcion"), "pruebas  automaticas"): Text 'pruebas  automaticas' is set on object 'Object Repository/1-OBJECTS TAREAS PRINCIPALES/Modulo Tarea Sara General/Ejecucion reporte general/input_Descripcin_reporteFormdescripcion'

2023-04-10 09:19:21 - [MESSAGE][PASSED] - Text 'pruebas  automaticas' is set on object 'Object Repository/1-OBJECTS TAREAS PRINCIPALES/Modulo Tarea Sara General/Ejecucion reporte general/input_Descripcin_reporteFormdescripcion'

2023-04-10 09:19:21 - [TEST_STEP][PASSED] - setText(findTestObject("1-OBJECTS TAREAS PRINCIPALES/Modulo Tarea Sara General/Ejecucion reporte general/input_Titulo_reporteFormtitulo"), "Pruebas  katalon"): Text 'Pruebas  katalon' is set on object 'Object Repository/1-OBJECTS TAREAS PRINCIPALES/Modulo Tarea Sara General/Ejecucion reporte general/input_Titulo_reporteFormtitulo'

2023-04-10 09:19:22 - [MESSAGE][PASSED] - Text 'Pruebas  katalon' is set on object 'Object Repository/1-OBJECTS TAREAS PRINCIPALES/Modulo Tarea Sara General/Ejecucion reporte general/input_Titulo_reporteFormtitulo'

2023-04-10 09:19:22 - [TEST_STEP][PASSED] - selectOptionByIndex(findTestObject("1-OBJECTS TAREAS PRINCIPALES/Modulo Tarea Sara General/Ejecucion reporte general/select_SeleccioneFIJOFUENTESQL"), 3): All options with index in [3] are selected on object 'Object Repository/1-OBJECTS TAREAS PRINCIPALES/Modulo Tarea Sara General/Ejecucion reporte general/select_SeleccioneFIJOFUENTESQL'

2023-04-10 09:19:23 - [MESSAGE][PASSED] - All options with index in [3] are selected on object 'Object Repository/1-OBJECTS TAREAS PRINCIPALES/Modulo Tarea Sara General/Ejecucion reporte general/select_SeleccioneFIJOFUENTESQL'

2023-04-10 09:19:23 - [TEST_STEP][PASSED] - selectOptionByIndex(findTestObject("1-OBJECTS TAREAS PRINCIPALES/Modulo Tarea Sara General/Ejecucion reporte general/select_--Seleccione--NoSi"), 2): All options with index in [2] are selected on object 'Object Repository/1-OBJECTS TAREAS PRINCIPALES/Modulo Tarea Sara General/Ejecucion reporte general/select_--Seleccione--NoSi'

2023-04-10 09:19:24 - [MESSAGE][PASSED] - All options with index in [2] are selected on object 'Object Repository/1-OBJECTS TAREAS PRINCIPALES/Modulo Tarea Sara General/Ejecucion reporte general/select_--Seleccione--NoSi'

2023-04-10 09:19:24 - [TEST_STEP][PASSED] - selectOptionByIndex(findTestObject("1-OBJECTS TAREAS PRINCIPALES/Modulo Tarea Sara General/Ejecucion reporte general/select_SeleccioneEjecutar limite de tiempo de la sesion"), 1): All options with index in [1] are selected on object 'Object Repository/1-OBJECTS TAREAS PRINCIPALES/Modulo Tarea Sara General/Ejecucion reporte general/select_SeleccioneEjecutar limite de tiempo de la sesion'

2023-04-10 09:19:25 - [MESSAGE][PASSED] - All options with index in [1] are selected on object 'Object Repository/1-OBJECTS TAREAS PRINCIPALES/Modulo Tarea Sara General/Ejecucion reporte general/select_SeleccioneEjecutar limite de tiempo de la sesion'

2023-04-10 09:19:25 - [TEST_STEP][PASSED] - setText(findTestObject("1-OBJECTS TAREAS PRINCIPALES/Modulo Tarea Sara General/Ejecucion reporte general/textarea_Sql_reporteFormsql"), "SELECT  nemp_empresa "codigo", cemp_nombre "Nombre", memp_nit "NIT" FROM EMPRESA_EMP"): Text 'SELECT  nemp_empresa "codigo", cemp_nombre "Nombre", memp_nit "NIT" FROM EMPRESA_EMP' is set on object 'Object Repository/1-OBJECTS TAREAS PRINCIPALES/Modulo Tarea Sara General/Ejecucion reporte general/textarea_Sql_reporteFormsql'

2023-04-10 09:19:26 - [MESSAGE][PASSED] - Text 'SELECT  nemp_empresa "codigo", cemp_nombre "Nombre", memp_nit "NIT" FROM EMPRESA_EMP' is set on object 'Object Repository/1-OBJECTS TAREAS PRINCIPALES/Modulo Tarea Sara General/Ejecucion reporte general/textarea_Sql_reporteFormsql'

2023-04-10 09:19:26 - [TEST_STEP][PASSED] - click(findTestObject("1-OBJECTS TAREAS PRINCIPALES/Modulo Tarea Sara General/Ejecucion reporte general/a_Guardar")): Object: 'Object Repository/1-OBJECTS TAREAS PRINCIPALES/Modulo Tarea Sara General/Ejecucion reporte general/a_Guardar' is clicked on

2023-04-10 09:19:27 - [MESSAGE][PASSED] - Object: 'Object Repository/1-OBJECTS TAREAS PRINCIPALES/Modulo Tarea Sara General/Ejecucion reporte general/a_Guardar' is clicked on

2023-04-10 09:19:27 - [TEST_STEP][PASSED] - click(findTestObject("1-OBJECTS TAREAS PRINCIPALES/Modulo Tarea Sara General/Ejecucion reporte general/a_Entrada")): Object: 'Object Repository/1-OBJECTS TAREAS PRINCIPALES/Modulo Tarea Sara General/Ejecucion reporte general/a_Entrada' is clicked on

2023-04-10 09:19:27 - [MESSAGE][PASSED] - Object: 'Object Repository/1-OBJECTS TAREAS PRINCIPALES/Modulo Tarea Sara General/Ejecucion reporte general/a_Entrada' is clicked on

2023-04-10 09:19:27 - [TEST_STEP][PASSED] - click(findTestObject("1-OBJECTS TAREAS PRINCIPALES/Modulo Tarea Sara General/Ejecucion reporte general/a_Nuevo1")): Object: 'Object Repository/1-OBJECTS TAREAS PRINCIPALES/Modulo Tarea Sara General/Ejecucion reporte general/a_Nuevo1' is clicked on

2023-04-10 09:19:28 - [MESSAGE][PASSED] - Object: 'Object Repository/1-OBJECTS TAREAS PRINCIPALES/Modulo Tarea Sara General/Ejecucion reporte general/a_Nuevo1' is clicked on

2023-04-10 09:19:28 - [TEST_STEP][PASSED] - setText(findTestObject("1-OBJECTS TAREAS PRINCIPALES/Modulo Tarea Sara General/Ejecucion reporte general/input_Descripcin_formPopUpEntradaReporteentradaDescripcion"), "Empresa"): Text 'Empresa' is set on object 'Object Repository/1-OBJECTS TAREAS PRINCIPALES/Modulo Tarea Sara General/Ejecucion reporte general/input_Descripcin_formPopUpEntradaReporteentradaDescripcion'

2023-04-10 09:19:29 - [MESSAGE][PASSED] - Text 'Empresa' is set on object 'Object Repository/1-OBJECTS TAREAS PRINCIPALES/Modulo Tarea Sara General/Ejecucion reporte general/input_Descripcin_formPopUpEntradaReporteentradaDescripcion'

2023-04-10 09:19:29 - [TEST_STEP][PASSED] - setText(findTestObject("1-OBJECTS TAREAS PRINCIPALES/Modulo Tarea Sara General/Ejecucion reporte general/input_Parmetro_formPopUpEntradaReporteentradaParametro"), "Codempresa"): Text 'Codempresa' is set on object 'Object Repository/1-OBJECTS TAREAS PRINCIPALES/Modulo Tarea Sara General/Ejecucion reporte general/input_Parmetro_formPopUpEntradaReporteentradaParametro'

2023-04-10 09:19:30 - [MESSAGE][PASSED] - Text 'Codempresa' is set on object 'Object Repository/1-OBJECTS TAREAS PRINCIPALES/Modulo Tarea Sara General/Ejecucion reporte general/input_Parmetro_formPopUpEntradaReporteentradaParametro'

2023-04-10 09:19:30 - [TEST_STEP][PASSED] - selectOptionByIndex(findTestObject("1-OBJECTS TAREAS PRINCIPALES/Modulo Tarea Sara General/Ejecucion reporte general/select_DirectoLista"), 0): All options with index in [0] are selected on object 'Object Repository/1-OBJECTS TAREAS PRINCIPALES/Modulo Tarea Sara General/Ejecucion reporte general/select_DirectoLista'

2023-04-10 09:19:31 - [MESSAGE][PASSED] - All options with index in [0] are selected on object 'Object Repository/1-OBJECTS TAREAS PRINCIPALES/Modulo Tarea Sara General/Ejecucion reporte general/select_DirectoLista'

2023-04-10 09:19:31 - [TEST_STEP][PASSED] - selectOptionByIndex(findTestObject("1-OBJECTS TAREAS PRINCIPALES/Modulo Tarea Sara General/Ejecucion reporte general/select_- Seleccione -FechaNumero DecimalNumero EnteroSerie NumeroSerie TextoTexto"), 3): All options with index in [3] are selected on object 'Object Repository/1-OBJECTS TAREAS PRINCIPALES/Modulo Tarea Sara General/Ejecucion reporte general/select_- Seleccione -FechaNumero DecimalNumero EnteroSerie NumeroSerie TextoTexto'

2023-04-10 09:19:32 - [MESSAGE][PASSED] - All options with index in [3] are selected on object 'Object Repository/1-OBJECTS TAREAS PRINCIPALES/Modulo Tarea Sara General/Ejecucion reporte general/select_- Seleccione -FechaNumero DecimalNumero EnteroSerie NumeroSerie TextoTexto'

2023-04-10 09:19:32 - [TEST_STEP][PASSED] - setText(findTestObject("1-OBJECTS TAREAS PRINCIPALES/Modulo Tarea Sara General/Ejecucion reporte general/input_Orden_formPopUpEntradaReporteentradaOrden"), "1"): Text '1' is set on object 'Object Repository/1-OBJECTS TAREAS PRINCIPALES/Modulo Tarea Sara General/Ejecucion reporte general/input_Orden_formPopUpEntradaReporteentradaOrden'

2023-04-10 09:19:33 - [MESSAGE][PASSED] - Text '1' is set on object 'Object Repository/1-OBJECTS TAREAS PRINCIPALES/Modulo Tarea Sara General/Ejecucion reporte general/input_Orden_formPopUpEntradaReporteentradaOrden'

2023-04-10 09:19:33 - [TEST_STEP][PASSED] - click(findTestObject("1-OBJECTS TAREAS PRINCIPALES/Modulo Tarea Sara General/Ejecucion reporte general/label_Si")): Object: 'Object Repository/1-OBJECTS TAREAS PRINCIPALES/Modulo Tarea Sara General/Ejecucion reporte general/label_Si' is clicked on

2023-04-10 09:19:33 - [MESSAGE][PASSED] - Object: 'Object Repository/1-OBJECTS TAREAS PRINCIPALES/Modulo Tarea Sara General/Ejecucion reporte general/label_Si' is clicked on

2023-04-10 09:19:33 - [TEST_STEP][PASSED] - click(findTestObject("1-OBJECTS TAREAS PRINCIPALES/Modulo Tarea Sara General/Ejecucion reporte general/a_Guardar1")): Object: 'Object Repository/1-OBJECTS TAREAS PRINCIPALES/Modulo Tarea Sara General/Ejecucion reporte general/a_Guardar1' is clicked on

2023-04-10 09:19:34 - [MESSAGE][PASSED] - Object: 'Object Repository/1-OBJECTS TAREAS PRINCIPALES/Modulo Tarea Sara General/Ejecucion reporte general/a_Guardar1' is clicked on

2023-04-10 09:19:34 - [TEST_STEP][PASSED] - click(findTestObject("1-OBJECTS TAREAS PRINCIPALES/Modulo Tarea Sara General/Ejecucion reporte general/span_No se encontr registros_ui-icon ui-icon-closethick")): Object: 'Object Repository/1-OBJECTS TAREAS PRINCIPALES/Modulo Tarea Sara General/Ejecucion reporte general/span_No se encontr registros_ui-icon ui-icon-closethick' is clicked on

2023-04-10 09:19:35 - [MESSAGE][PASSED] - Object: 'Object Repository/1-OBJECTS TAREAS PRINCIPALES/Modulo Tarea Sara General/Ejecucion reporte general/span_No se encontr registros_ui-icon ui-icon-closethick' is clicked on

2023-04-10 09:19:35 - [TEST_STEP][PASSED] - click(findTestObject("1-OBJECTS TAREAS PRINCIPALES/Modulo Tarea Sara General/Ejecucion reporte general/a_Campo")): Object: 'Object Repository/1-OBJECTS TAREAS PRINCIPALES/Modulo Tarea Sara General/Ejecucion reporte general/a_Campo' is clicked on

2023-04-10 09:19:35 - [MESSAGE][PASSED] - Object: 'Object Repository/1-OBJECTS TAREAS PRINCIPALES/Modulo Tarea Sara General/Ejecucion reporte general/a_Campo' is clicked on

2023-04-10 09:19:35 - [TEST_STEP][PASSED] - click(findTestObject("1-OBJECTS TAREAS PRINCIPALES/Modulo Tarea Sara General/Ejecucion reporte general/a_Generar")): Object: 'Object Repository/1-OBJECTS TAREAS PRINCIPALES/Modulo Tarea Sara General/Ejecucion reporte general/a_Generar' is clicked on

2023-04-10 09:19:36 - [MESSAGE][PASSED] - Object: 'Object Repository/1-OBJECTS TAREAS PRINCIPALES/Modulo Tarea Sara General/Ejecucion reporte general/a_Generar' is clicked on

2023-04-10 09:19:36 - [TEST_STEP][PASSED] - click(findTestObject("1-OBJECTS TAREAS PRINCIPALES/Modulo Tarea Sara General/Ejecucion reporte general/a_Tipo")): Object: 'Object Repository/1-OBJECTS TAREAS PRINCIPALES/Modulo Tarea Sara General/Ejecucion reporte general/a_Tipo' is clicked on

2023-04-10 09:19:37 - [MESSAGE][PASSED] - Object: 'Object Repository/1-OBJECTS TAREAS PRINCIPALES/Modulo Tarea Sara General/Ejecucion reporte general/a_Tipo' is clicked on

2023-04-10 09:19:37 - [TEST_STEP][PASSED] - click(findTestObject("1-OBJECTS TAREAS PRINCIPALES/Modulo Tarea Sara General/Ejecucion reporte general/a_Plantilla_btn_popupInformacion")): Object: 'Object Repository/1-OBJECTS TAREAS PRINCIPALES/Modulo Tarea Sara General/Ejecucion reporte general/a_Plantilla_btn_popupInformacion' is clicked on

2023-04-10 09:19:38 - [MESSAGE][PASSED] - Object: 'Object Repository/1-OBJECTS TAREAS PRINCIPALES/Modulo Tarea Sara General/Ejecucion reporte general/a_Plantilla_btn_popupInformacion' is clicked on

2023-04-10 09:19:38 - [TEST_STEP][PASSED] - setText(findTestObject("1-OBJECTS TAREAS PRINCIPALES/Modulo Tarea Sara General/Ejecucion reporte general/input_Buscar_form_PopupPlantillasj_idt74"), "descargar.xlsx"): Text 'descargar.xlsx' is set on object 'Object Repository/1-OBJECTS TAREAS PRINCIPALES/Modulo Tarea Sara General/Ejecucion reporte general/input_Buscar_form_PopupPlantillasj_idt74'

2023-04-10 09:19:39 - [MESSAGE][PASSED] - Text 'descargar.xlsx' is set on object 'Object Repository/1-OBJECTS TAREAS PRINCIPALES/Modulo Tarea Sara General/Ejecucion reporte general/input_Buscar_form_PopupPlantillasj_idt74'

2023-04-10 09:19:39 - [TEST_STEP][PASSED] - element = findWebElement(findTestObject("1-OBJECTS TAREAS PRINCIPALES/Modulo Tarea Sara General/Ejecucion reporte general/a_descargar.xlsx"), 30): null

2023-04-10 09:19:39 - [TEST_STEP][PASSED] - executeJavaScript("arguments[0].click()", Arrays.asList(element)): Execute JavaScript 'arguments[0].click()' successfully

2023-04-10 09:19:40 - [MESSAGE][PASSED] - Execute JavaScript 'arguments[0].click()' successfully

2023-04-10 09:19:40 - [TEST_STEP][PASSED] - setText(findTestObject("1-OBJECTS TAREAS PRINCIPALES/Modulo Tarea Sara General/Ejecucion reporte general/input_Nombre De La  Hoja_reporteFormexcel"), "Hoja1"): Text 'Hoja1' is set on object 'Object Repository/1-OBJECTS TAREAS PRINCIPALES/Modulo Tarea Sara General/Ejecucion reporte general/input_Nombre De La  Hoja_reporteFormexcel'

2023-04-10 09:19:41 - [MESSAGE][PASSED] - Text 'Hoja1' is set on object 'Object Repository/1-OBJECTS TAREAS PRINCIPALES/Modulo Tarea Sara General/Ejecucion reporte general/input_Nombre De La  Hoja_reporteFormexcel'

2023-04-10 09:19:41 - [TEST_STEP][PASSED] - selectOptionByIndex(findTestObject("1-OBJECTS TAREAS PRINCIPALES/Modulo Tarea Sara General/Ejecucion reporte general/select_SeleccioneSin CifrarEncripcion DaviviendaEncripcion Citibank"), 1): All options with index in [1] are selected on object 'Object Repository/1-OBJECTS TAREAS PRINCIPALES/Modulo Tarea Sara General/Ejecucion reporte general/select_SeleccioneSin CifrarEncripcion DaviviendaEncripcion Citibank'

2023-04-10 09:19:42 - [MESSAGE][PASSED] - All options with index in [1] are selected on object 'Object Repository/1-OBJECTS TAREAS PRINCIPALES/Modulo Tarea Sara General/Ejecucion reporte general/select_SeleccioneSin CifrarEncripcion DaviviendaEncripcion Citibank'

2023-04-10 09:19:42 - [TEST_STEP][PASSED] - click(findTestObject("1-OBJECTS TAREAS PRINCIPALES/Modulo Tarea Sara General/Ejecucion reporte general/a_Guardar2")): Object: 'Object Repository/1-OBJECTS TAREAS PRINCIPALES/Modulo Tarea Sara General/Ejecucion reporte general/a_Guardar2' is clicked on

2023-04-10 09:19:43 - [MESSAGE][PASSED] - Object: 'Object Repository/1-OBJECTS TAREAS PRINCIPALES/Modulo Tarea Sara General/Ejecucion reporte general/a_Guardar2' is clicked on

2023-04-10 09:19:43 - [TEST_STEP][PASSED] - click(findTestObject("2-OBJECTS TAREAS SECUNDARIAS/Pruebas capacitacion/Comprobar Parametros/a_Ejecutar")): Object: 'Object Repository/2-OBJECTS TAREAS SECUNDARIAS/Pruebas capacitacion/Comprobar Parametros/a_Ejecutar' is clicked on

2023-04-10 09:19:43 - [MESSAGE][PASSED] - Object: 'Object Repository/2-OBJECTS TAREAS SECUNDARIAS/Pruebas capacitacion/Comprobar Parametros/a_Ejecutar' is clicked on

2023-04-10 09:19:43 - [TEST_STEP][PASSED] - setText(findTestObject("1-OBJECTS TAREAS PRINCIPALES/Modulo Tarea Sara General/Ejecucion reporte general/input_Empresa_popupReportetablaParametroReporte0j_idt477"), "1"): Text '1' is set on object 'Object Repository/1-OBJECTS TAREAS PRINCIPALES/Modulo Tarea Sara General/Ejecucion reporte general/input_Empresa_popupReportetablaParametroReporte0j_idt477'

2023-04-10 09:19:44 - [MESSAGE][PASSED] - Text '1' is set on object 'Object Repository/1-OBJECTS TAREAS PRINCIPALES/Modulo Tarea Sara General/Ejecucion reporte general/input_Empresa_popupReportetablaParametroReporte0j_idt477'

2023-04-10 09:19:44 - [TEST_STEP][PASSED] - click(findTestObject("1-OBJECTS TAREAS PRINCIPALES/Modulo Tarea Sara General/Ejecucion reporte general/div_Generar_ui-radiobutton-box ui-widget ui-corner-all ui-state-default ui-state-active ui-state-hover")): Object: 'Object Repository/1-OBJECTS TAREAS PRINCIPALES/Modulo Tarea Sara General/Ejecucion reporte general/div_Generar_ui-radiobutton-box ui-widget ui-corner-all ui-state-default ui-state-active ui-state-hover' is clicked on

2023-04-10 09:19:45 - [MESSAGE][PASSED] - Object: 'Object Repository/1-OBJECTS TAREAS PRINCIPALES/Modulo Tarea Sara General/Ejecucion reporte general/div_Generar_ui-radiobutton-box ui-widget ui-corner-all ui-state-default ui-state-active ui-state-hover' is clicked on

2023-04-10 09:19:45 - [TEST_STEP][PASSED] - click(findTestObject("1-OBJECTS TAREAS PRINCIPALES/Modulo Tarea Sara General/Ejecucion reporte general/span_Que desea hacer_ui-radiobutton-icon ui-icon ui-icon-blank ui-c")): Object: 'Object Repository/1-OBJECTS TAREAS PRINCIPALES/Modulo Tarea Sara General/Ejecucion reporte general/span_Que desea hacer_ui-radiobutton-icon ui-icon ui-icon-blank ui-c' is clicked on

2023-04-10 09:19:45 - [MESSAGE][PASSED] - Object: 'Object Repository/1-OBJECTS TAREAS PRINCIPALES/Modulo Tarea Sara General/Ejecucion reporte general/span_Que desea hacer_ui-radiobutton-icon ui-icon ui-icon-blank ui-c' is clicked on

2023-04-10 09:19:45 - [TEST_STEP][PASSED] - click(findTestObject("1-OBJECTS TAREAS PRINCIPALES/Modulo Tarea Sara General/Ejecucion reporte general/a_Generar")): Object: 'Object Repository/1-OBJECTS TAREAS PRINCIPALES/Modulo Tarea Sara General/Ejecucion reporte general/a_Generar' is clicked on

2023-04-10 09:19:46 - [MESSAGE][PASSED] - Object: 'Object Repository/1-OBJECTS TAREAS PRINCIPALES/Modulo Tarea Sara General/Ejecucion reporte general/a_Generar' is clicked on

2023-04-10 09:19:46 - [TEST_STEP][PASSED] - click(findTestObject("1-OBJECTS TAREAS PRINCIPALES/Modulo Tarea Sara General/Ejecucion reporte general/a_Descargar")): Object: 'Object Repository/1-OBJECTS TAREAS PRINCIPALES/Modulo Tarea Sara General/Ejecucion reporte general/a_Descargar' is clicked on

2023-04-10 09:19:47 - [MESSAGE][PASSED] - Object: 'Object Repository/1-OBJECTS TAREAS PRINCIPALES/Modulo Tarea Sara General/Ejecucion reporte general/a_Descargar' is clicked on

2023-04-10 09:19:47 - [TEST_STEP][PASSED] - click(findTestObject("1-OBJECTS TAREAS PRINCIPALES/Modulo Tarea Sara General/Ejecucion reporte general/span_No se encontr registros_ui-icon ui-icon-closethick1")): Object: 'Object Repository/1-OBJECTS TAREAS PRINCIPALES/Modulo Tarea Sara General/Ejecucion reporte general/span_No se encontr registros_ui-icon ui-icon-closethick1' is clicked on

2023-04-10 09:19:47 - [MESSAGE][PASSED] - Object: 'Object Repository/1-OBJECTS TAREAS PRINCIPALES/Modulo Tarea Sara General/Ejecucion reporte general/span_No se encontr registros_ui-icon ui-icon-closethick1' is clicked on

2023-04-10 09:19:47 - [TEST_STEP][PASSED] - click(findTestObject("1-OBJECTS TAREAS PRINCIPALES/Modulo Tarea Sara General/Ejecucion reporte general/a_Campo")): Object: 'Object Repository/1-OBJECTS TAREAS PRINCIPALES/Modulo Tarea Sara General/Ejecucion reporte general/a_Campo' is clicked on

2023-04-10 09:19:48 - [MESSAGE][PASSED] - Object: 'Object Repository/1-OBJECTS TAREAS PRINCIPALES/Modulo Tarea Sara General/Ejecucion reporte general/a_Campo' is clicked on

2023-04-10 09:19:48 - [TEST_STEP][PASSED] - if (waitForElementVisible(findTestObject("1-OBJECTS TAREAS PRINCIPALES/Modulo Tarea Sara General/Ejecucion reporte general/td_NIT"), 1)): null

2023-04-10 09:19:48 - [MESSAGE][PASSED] - Object 'Object Repository/1-OBJECTS TAREAS PRINCIPALES/Modulo Tarea Sara General/Ejecucion reporte general/td_NIT' is visible

2023-04-10 09:19:48 - [TEST_STEP][PASSED] - click(findTestObject("1-OBJECTS TAREAS PRINCIPALES/Modulo Tarea Sara General/Ejecucion reporte general/td_NIT")): Object: 'Object Repository/1-OBJECTS TAREAS PRINCIPALES/Modulo Tarea Sara General/Ejecucion reporte general/td_NIT' is clicked on

2023-04-10 09:19:49 - [MESSAGE][PASSED] - Object: 'Object Repository/1-OBJECTS TAREAS PRINCIPALES/Modulo Tarea Sara General/Ejecucion reporte general/td_NIT' is clicked on

2023-04-10 09:19:49 - [TEST_STEP][PASSED] - click(findTestObject("1-OBJECTS TAREAS PRINCIPALES/Modulo Tarea Sara General/Ejecucion reporte general/a_Eliminar_campo")): Object: 'Object Repository/1-OBJECTS TAREAS PRINCIPALES/Modulo Tarea Sara General/Ejecucion reporte general/a_Eliminar_campo' is clicked on

2023-04-10 09:19:50 - [MESSAGE][PASSED] - Object: 'Object Repository/1-OBJECTS TAREAS PRINCIPALES/Modulo Tarea Sara General/Ejecucion reporte general/a_Eliminar_campo' is clicked on

2023-04-10 09:19:50 - [TEST_STEP][PASSED] - click(findTestObject("1-OBJECTS TAREAS PRINCIPALES/Modulo Tarea Sara General/Ejecucion reporte general/a_Aceptar_eliminar")): Object: 'Object Repository/1-OBJECTS TAREAS PRINCIPALES/Modulo Tarea Sara General/Ejecucion reporte general/a_Aceptar_eliminar' is clicked on

2023-04-10 09:19:51 - [MESSAGE][PASSED] - Object: 'Object Repository/1-OBJECTS TAREAS PRINCIPALES/Modulo Tarea Sara General/Ejecucion reporte general/a_Aceptar_eliminar' is clicked on

2023-04-10 09:19:51 - [TEST_STEP][PASSED] - if (waitForElementVisible(findTestObject("1-OBJECTS TAREAS PRINCIPALES/Modulo Tarea Sara General/Ejecucion reporte general/td_codigo"), 1)): null

2023-04-10 09:19:51 - [MESSAGE][PASSED] - Object 'Object Repository/1-OBJECTS TAREAS PRINCIPALES/Modulo Tarea Sara General/Ejecucion reporte general/td_codigo' is visible

2023-04-10 09:19:51 - [TEST_STEP][PASSED] - click(findTestObject("1-OBJECTS TAREAS PRINCIPALES/Modulo Tarea Sara General/Ejecucion reporte general/td_codigo")): Object: 'Object Repository/1-OBJECTS TAREAS PRINCIPALES/Modulo Tarea Sara General/Ejecucion reporte general/td_codigo' is clicked on

2023-04-10 09:19:52 - [MESSAGE][PASSED] - Object: 'Object Repository/1-OBJECTS TAREAS PRINCIPALES/Modulo Tarea Sara General/Ejecucion reporte general/td_codigo' is clicked on

2023-04-10 09:19:52 - [TEST_STEP][PASSED] - click(findTestObject("1-OBJECTS TAREAS PRINCIPALES/Modulo Tarea Sara General/Ejecucion reporte general/a_Eliminar_campo")): Object: 'Object Repository/1-OBJECTS TAREAS PRINCIPALES/Modulo Tarea Sara General/Ejecucion reporte general/a_Eliminar_campo' is clicked on

2023-04-10 09:19:53 - [MESSAGE][PASSED] - Object: 'Object Repository/1-OBJECTS TAREAS PRINCIPALES/Modulo Tarea Sara General/Ejecucion reporte general/a_Eliminar_campo' is clicked on

2023-04-10 09:19:53 - [TEST_STEP][PASSED] - click(findTestObject("1-OBJECTS TAREAS PRINCIPALES/Modulo Tarea Sara General/Ejecucion reporte general/a_Aceptar_eliminar")): Object: 'Object Repository/1-OBJECTS TAREAS PRINCIPALES/Modulo Tarea Sara General/Ejecucion reporte general/a_Aceptar_eliminar' is clicked on

2023-04-10 09:19:53 - [MESSAGE][PASSED] - Object: 'Object Repository/1-OBJECTS TAREAS PRINCIPALES/Modulo Tarea Sara General/Ejecucion reporte general/a_Aceptar_eliminar' is clicked on

2023-04-10 09:19:53 - [TEST_STEP][PASSED] - if (waitForElementVisible(findTestObject("1-OBJECTS TAREAS PRINCIPALES/Modulo Tarea Sara General/Ejecucion reporte general/td_Nombre"), 1)): null

2023-04-10 09:19:54 - [MESSAGE][PASSED] - Object 'Object Repository/1-OBJECTS TAREAS PRINCIPALES/Modulo Tarea Sara General/Ejecucion reporte general/td_Nombre' is visible

2023-04-10 09:19:54 - [TEST_STEP][PASSED] - click(findTestObject("1-OBJECTS TAREAS PRINCIPALES/Modulo Tarea Sara General/Ejecucion reporte general/td_Nombre")): Object: 'Object Repository/1-OBJECTS TAREAS PRINCIPALES/Modulo Tarea Sara General/Ejecucion reporte general/td_Nombre' is clicked on

2023-04-10 09:19:54 - [MESSAGE][PASSED] - Object: 'Object Repository/1-OBJECTS TAREAS PRINCIPALES/Modulo Tarea Sara General/Ejecucion reporte general/td_Nombre' is clicked on

2023-04-10 09:19:54 - [TEST_STEP][PASSED] - click(findTestObject("1-OBJECTS TAREAS PRINCIPALES/Modulo Tarea Sara General/Ejecucion reporte general/a_Eliminar_campo")): Object: 'Object Repository/1-OBJECTS TAREAS PRINCIPALES/Modulo Tarea Sara General/Ejecucion reporte general/a_Eliminar_campo' is clicked on

2023-04-10 09:19:55 - [MESSAGE][PASSED] - Object: 'Object Repository/1-OBJECTS TAREAS PRINCIPALES/Modulo Tarea Sara General/Ejecucion reporte general/a_Eliminar_campo' is clicked on

2023-04-10 09:19:55 - [TEST_STEP][PASSED] - click(findTestObject("1-OBJECTS TAREAS PRINCIPALES/Modulo Tarea Sara General/Ejecucion reporte general/a_Aceptar_eliminar")): Object: 'Object Repository/1-OBJECTS TAREAS PRINCIPALES/Modulo Tarea Sara General/Ejecucion reporte general/a_Aceptar_eliminar' is clicked on

2023-04-10 09:19:56 - [MESSAGE][PASSED] - Object: 'Object Repository/1-OBJECTS TAREAS PRINCIPALES/Modulo Tarea Sara General/Ejecucion reporte general/a_Aceptar_eliminar' is clicked on

2023-04-10 09:19:56 - [TEST_STEP][PASSED] - click(findTestObject("1-OBJECTS TAREAS PRINCIPALES/Modulo Tarea Sara General/Ejecucion reporte general/a_Entrada")): Object: 'Object Repository/1-OBJECTS TAREAS PRINCIPALES/Modulo Tarea Sara General/Ejecucion reporte general/a_Entrada' is clicked on

2023-04-10 09:19:57 - [MESSAGE][PASSED] - Object: 'Object Repository/1-OBJECTS TAREAS PRINCIPALES/Modulo Tarea Sara General/Ejecucion reporte general/a_Entrada' is clicked on

2023-04-10 09:19:57 - [TEST_STEP][PASSED] - if (waitForElementVisible(findTestObject("1-OBJECTS TAREAS PRINCIPALES/Modulo Tarea Sara General/Ejecucion reporte general/td_Numero Entero"), 1)): null

2023-04-10 09:19:57 - [MESSAGE][PASSED] - Object 'Object Repository/1-OBJECTS TAREAS PRINCIPALES/Modulo Tarea Sara General/Ejecucion reporte general/td_Numero Entero' is visible

2023-04-10 09:19:57 - [TEST_STEP][PASSED] - click(findTestObject("1-OBJECTS TAREAS PRINCIPALES/Modulo Tarea Sara General/Ejecucion reporte general/td_Numero Entero")): Object: 'Object Repository/1-OBJECTS TAREAS PRINCIPALES/Modulo Tarea Sara General/Ejecucion reporte general/td_Numero Entero' is clicked on

2023-04-10 09:19:58 - [MESSAGE][PASSED] - Object: 'Object Repository/1-OBJECTS TAREAS PRINCIPALES/Modulo Tarea Sara General/Ejecucion reporte general/td_Numero Entero' is clicked on

2023-04-10 09:19:58 - [TEST_STEP][PASSED] - click(findTestObject("1-OBJECTS TAREAS PRINCIPALES/Modulo Tarea Sara General/Ejecucion reporte general/a_Eliminar_entrada")): Object: 'Object Repository/1-OBJECTS TAREAS PRINCIPALES/Modulo Tarea Sara General/Ejecucion reporte general/a_Eliminar_entrada' is clicked on

2023-04-10 09:19:59 - [MESSAGE][PASSED] - Object: 'Object Repository/1-OBJECTS TAREAS PRINCIPALES/Modulo Tarea Sara General/Ejecucion reporte general/a_Eliminar_entrada' is clicked on

2023-04-10 09:19:59 - [TEST_STEP][PASSED] - click(findTestObject("1-OBJECTS TAREAS PRINCIPALES/Modulo Tarea Sara General/Ejecucion reporte general/a_Aceptar_eliminar entrada")): Object: 'Object Repository/1-OBJECTS TAREAS PRINCIPALES/Modulo Tarea Sara General/Ejecucion reporte general/a_Aceptar_eliminar entrada' is clicked on

2023-04-10 09:19:59 - [MESSAGE][PASSED] - Object: 'Object Repository/1-OBJECTS TAREAS PRINCIPALES/Modulo Tarea Sara General/Ejecucion reporte general/a_Aceptar_eliminar entrada' is clicked on

2023-04-10 09:19:59 - [TEST_STEP][PASSED] - click(findTestObject("1-OBJECTS TAREAS PRINCIPALES/Modulo Tarea Sara General/Ejecucion reporte general/a_Reporte")): Object: 'Object Repository/1-OBJECTS TAREAS PRINCIPALES/Modulo Tarea Sara General/Ejecucion reporte general/a_Reporte' is clicked on

2023-04-10 09:20:00 - [MESSAGE][PASSED] - Object: 'Object Repository/1-OBJECTS TAREAS PRINCIPALES/Modulo Tarea Sara General/Ejecucion reporte general/a_Reporte' is clicked on

2023-04-10 09:20:00 - [TEST_STEP][PASSED] - click(findTestObject("1-OBJECTS TAREAS PRINCIPALES/Modulo Tarea Sara General/Ejecucion reporte general/a_Eliminar_reporte")): Object: 'Object Repository/1-OBJECTS TAREAS PRINCIPALES/Modulo Tarea Sara General/Ejecucion reporte general/a_Eliminar_reporte' is clicked on

2023-04-10 09:20:01 - [MESSAGE][PASSED] - Object: 'Object Repository/1-OBJECTS TAREAS PRINCIPALES/Modulo Tarea Sara General/Ejecucion reporte general/a_Eliminar_reporte' is clicked on

2023-04-10 09:20:01 - [TEST_STEP][PASSED] - click(findTestObject("1-OBJECTS TAREAS PRINCIPALES/Modulo Tarea Sara General/Ejecucion reporte general/a_Aceptar_eliminar reporte")): Object: 'Object Repository/1-OBJECTS TAREAS PRINCIPALES/Modulo Tarea Sara General/Ejecucion reporte general/a_Aceptar_eliminar reporte' is clicked on

2023-04-10 09:20:01 - [MESSAGE][PASSED] - Object: 'Object Repository/1-OBJECTS TAREAS PRINCIPALES/Modulo Tarea Sara General/Ejecucion reporte general/a_Aceptar_eliminar reporte' is clicked on

2023-04-10 09:20:01 - [TEST_STEP][PASSED] - if (waitForElementVisible(findTestObject("1-OBJECTS TAREAS PRINCIPALES/Modulo Tarea Sara General/Ejecucion reporte general/a_Eliminar_reporte"), 1)): Web element with id: 'Object Repository/1-OBJECTS TAREAS PRINCIPALES/Modulo Tarea Sara General/Ejecucion reporte general/a_Eliminar_reporte' located by '//a[contains(text(),'Eliminar')]' not found

2023-04-10 09:20:03 - [MESSAGE][INFO] - Unable to find the element located by 'By.xpath: //a[contains(text(),'Eliminar')]'. Please recheck the objects properties to make sure the desired element is located. 

2023-04-10 09:20:03 - [MESSAGE][WARNING] - Web element with id: 'Object Repository/1-OBJECTS TAREAS PRINCIPALES/Modulo Tarea Sara General/Ejecucion reporte general/a_Eliminar_reporte' located by '//a[contains(text(),'Eliminar')]' not found

2023-04-10 09:20:03 - [TEST_STEP][PASSED] - else: Web element with id: 'Object Repository/1-OBJECTS TAREAS PRINCIPALES/Modulo Tarea Sara General/Ejecucion reporte general/a_Regresar' located by '//a[contains(text(),'Regresar')]' not found

2023-04-10 09:20:03 - [TEST_STEP][PASSED] - if (waitForElementVisible(findTestObject("1-OBJECTS TAREAS PRINCIPALES/Modulo Tarea Sara General/Ejecucion reporte general/a_Regresar"), 1)): Web element with id: 'Object Repository/1-OBJECTS TAREAS PRINCIPALES/Modulo Tarea Sara General/Ejecucion reporte general/a_Regresar' located by '//a[contains(text(),'Regresar')]' not found

2023-04-10 09:20:06 - [MESSAGE][INFO] - Unable to find the element located by 'By.xpath: //a[contains(text(),'Regresar')]'. Please recheck the objects properties to make sure the desired element is located. 

2023-04-10 09:20:06 - [MESSAGE][WARNING] - Web element with id: 'Object Repository/1-OBJECTS TAREAS PRINCIPALES/Modulo Tarea Sara General/Ejecucion reporte general/a_Regresar' located by '//a[contains(text(),'Regresar')]' not found

2023-04-10 09:20:06 - [TEST_STEP][PASSED] - RutaA = Systema(): null

2023-04-10 09:20:06 - [TEST_STEP][PASSED] - RutaA = System.getProperty("os.name"): null

2023-04-10 09:20:06 - [TEST_STEP][PASSED] - if (RutaA == "Windows 10"): null

2023-04-10 09:20:06 - [TEST_STEP][PASSED] - rutaW = System.getProperty("user.home") + "/Downloads/": null

2023-04-10 09:20:06 - [TEST_STEP][PASSED] - rutaW = rutaW.replace("/", "\"): null

2023-04-10 09:20:06 - [TEST_STEP][PASSED] - println("ESTA ES LA RUTA" + rutaW): null

2023-04-10 09:20:06 - [TEST_STEP][PASSED] - RutaA = rutaW: null

2023-04-10 09:20:06 - [TEST_STEP][PASSED] - rutaA = RutaA: null

2023-04-10 09:20:06 - [TEST_STEP][PASSED] - println(rutaA): null

2023-04-10 09:20:06 - [TEST_STEP][PASSED] - Archivo = "Pruebas__katalon.xlsx": null

2023-04-10 09:20:06 - [TEST_STEP][PASSED] - out.println(rutaA): null

2023-04-10 09:20:06 - [TEST_STEP][PASSED] - Assert.assertTrue(archivoDescargado(rutaA, Archivo)): null

2023-04-10 09:20:06 - [TEST_STEP][PASSED] - dir = new java.io.File(rutaA): null

2023-04-10 09:20:06 - [TEST_STEP][PASSED] - dirContenidos = dir.listFiles(): null

2023-04-10 09:20:06 - [TEST_STEP][PASSED] - out.println(dirContenidos): null

2023-04-10 09:20:06 - [TEST_STEP][PASSED] - for ([i = 0, i < length, (i++)]): null

2023-04-10 09:20:06 - [TEST_STEP][PASSED] - if (getName().equals(Archivo)): null

2023-04-10 09:20:06 - [TEST_STEP][PASSED] - if (getName().equals(Archivo)): null

2023-04-10 09:20:06 - [TEST_STEP][PASSED] - if (getName().equals(Archivo)): null

2023-04-10 09:20:06 - [TEST_STEP][PASSED] - if (dirContenidos[i].isFile()): null

2023-04-10 09:20:06 - [TEST_STEP][PASSED] - dirContenidos[i].delete(): null

2023-04-10 09:20:06 - [TEST_STEP][PASSED] - ResultF = "archivo ok": null

2023-04-10 09:20:06 - [TEST_STEP][PASSED] - out.println(ResultF): null

2023-04-10 09:20:06 - [TEST_STEP][PASSED] - closeBrowser(): Browser is closed

2023-04-10 09:20:07 - [MESSAGE][PASSED] - Browser is closed

2023-04-10 09:20:07 - [TEST_STEP][PASSED] - return true: null]]></system-out>
         <system-err><![CDATA[]]></system-err>
      </testcase>
      <testcase name="Test Cases/1.1-Tareas Principales/1.8.1-Seleccionar Empresa" time="137.74" classname="Test Cases/1.1-Tareas Principales/1.8.1-Seleccionar Empresa" status="FAILED">
         <failure type="FAILED" message="Test Cases/1.1-Tareas Principales/1.8.1-Seleccionar Empresa FAILED.
Reason:
com.kms.katalon.core.exception.StepFailedException: Unable to set text 'Pruebas Katalon' of object 'Object Repository/2-OBJECTS TAREAS SECUNDARIAS/Pruebas Seguridad/6.1.7-Seleccionar Empresa/input_Perfil_popupMopdulotablaBusquedaglobalFilter'
	at com.kms.katalon.core.webui.keyword.internal.WebUIKeywordMain.stepFailed(WebUIKeywordMain.groovy:64)
	at com.kms.katalon.core.webui.keyword.internal.WebUIKeywordMain.runKeyword(WebUIKeywordMain.groovy:26)
	at com.kms.katalon.core.webui.keyword.builtin.SetTextKeyword.setText(SetTextKeyword.groovy:66)
	at com.kms.katalon.core.webui.keyword.builtin.SetTextKeyword.execute(SetTextKeyword.groovy:37)
	at com.kms.katalon.core.keyword.internal.KeywordExecutor.executeKeywordForPlatform(KeywordExecutor.groovy:74)
	at com.kms.katalon.core.webui.keyword.WebUiBuiltInKeywords.setText(WebUiBuiltInKeywords.groovy:980)
	at com.kms.katalon.core.webui.keyword.WebUiBuiltInKeywords$setText$2.call(Unknown Source)
	at 1.8.1-Seleccionar Empresa.run(1.8.1-Seleccionar Empresa:114)
	at com.kms.katalon.core.main.ScriptEngine.run(ScriptEngine.java:194)
	at com.kms.katalon.core.main.ScriptEngine.runScriptAsRawText(ScriptEngine.java:119)
	at com.kms.katalon.core.main.TestCaseExecutor.runScript(TestCaseExecutor.java:448)
	at com.kms.katalon.core.main.TestCaseExecutor.doExecute(TestCaseExecutor.java:439)
	at com.kms.katalon.core.main.TestCaseExecutor.processExecutionPhase(TestCaseExecutor.java:418)
	at com.kms.katalon.core.main.TestCaseExecutor.accessMainPhase(TestCaseExecutor.java:410)
	at com.kms.katalon.core.main.TestCaseExecutor.execute(TestCaseExecutor.java:285)
	at com.kms.katalon.core.common.CommonExecutor.accessTestCaseMainPhase(CommonExecutor.java:65)
	at com.kms.katalon.core.main.TestSuiteExecutor.accessTestSuiteMainPhase(TestSuiteExecutor.java:148)
	at com.kms.katalon.core.main.TestSuiteExecutor.execute(TestSuiteExecutor.java:106)
	at com.kms.katalon.core.main.TestCaseMain.startTestSuite(TestCaseMain.java:187)
	at com.kms.katalon.core.main.TestCaseMain$startTestSuite$0.call(Unknown Source)
	at TempTestSuite1681133572502.run(TempTestSuite1681133572502.groovy:36)
Caused by: com.kms.katalon.core.webui.exception.WebElementNotFoundException: Web element with id: 'Object Repository/2-OBJECTS TAREAS SECUNDARIAS/Pruebas Seguridad/6.1.7-Seleccionar Empresa/input_Perfil_popupMopdulotablaBusquedaglobalFilter' located by '//input[@id='popupMopdulo:tablaBusqueda:globalFilter']' not found
	at com.kms.katalon.core.webui.common.WebUiCommonHelper.findWebElement(WebUiCommonHelper.java:1376)
	at com.kms.katalon.core.webui.keyword.internal.WebUIAbstractKeyword.findWebElement(WebUIAbstractKeyword.groovy:27)
	at com.kms.katalon.core.webui.keyword.internal.WebUIAbstractKeyword.findWebElement(WebUIAbstractKeyword.groovy:26)
	at com.kms.katalon.core.webui.keyword.builtin.SetTextKeyword$_setText_closure1.doCall(SetTextKeyword.groovy:51)
	at com.kms.katalon.core.webui.keyword.builtin.SetTextKeyword$_setText_closure1.call(SetTextKeyword.groovy)
	at com.kms.katalon.core.webui.keyword.internal.WebUIKeywordMain.runKeyword(WebUIKeywordMain.groovy:20)
	... 19 more
"/>
         <system-out><![CDATA[2023-04-10 09:20:07 - [TEST_CASE][FAILED] - Test Cases/1.1-Tareas Principales/1.8.1-Seleccionar Empresa: Test Cases/1.1-Tareas Principales/1.8.1-Seleccionar Empresa FAILED.
Reason:
com.kms.katalon.core.exception.StepFailedException: Unable to set text 'Pruebas Katalon' of object 'Object Repository/2-OBJECTS TAREAS SECUNDARIAS/Pruebas Seguridad/6.1.7-Seleccionar Empresa/input_Perfil_popupMopdulotablaBusquedaglobalFilter'
	at com.kms.katalon.core.webui.keyword.internal.WebUIKeywordMain.stepFailed(WebUIKeywordMain.groovy:64)
	at com.kms.katalon.core.webui.keyword.internal.WebUIKeywordMain.runKeyword(WebUIKeywordMain.groovy:26)
	at com.kms.katalon.core.webui.keyword.builtin.SetTextKeyword.setText(SetTextKeyword.groovy:66)
	at com.kms.katalon.core.webui.keyword.builtin.SetTextKeyword.execute(SetTextKeyword.groovy:37)
	at com.kms.katalon.core.keyword.internal.KeywordExecutor.executeKeywordForPlatform(KeywordExecutor.groovy:74)
	at com.kms.katalon.core.webui.keyword.WebUiBuiltInKeywords.setText(WebUiBuiltInKeywords.groovy:980)
	at com.kms.katalon.core.webui.keyword.WebUiBuiltInKeywords$setText$2.call(Unknown Source)
	at 1.8.1-Seleccionar Empresa.run(1.8.1-Seleccionar Empresa:114)
	at com.kms.katalon.core.main.ScriptEngine.run(ScriptEngine.java:194)
	at com.kms.katalon.core.main.ScriptEngine.runScriptAsRawText(ScriptEngine.java:119)
	at com.kms.katalon.core.main.TestCaseExecutor.runScript(TestCaseExecutor.java:448)
	at com.kms.katalon.core.main.TestCaseExecutor.doExecute(TestCaseExecutor.java:439)
	at com.kms.katalon.core.main.TestCaseExecutor.processExecutionPhase(TestCaseExecutor.java:418)
	at com.kms.katalon.core.main.TestCaseExecutor.accessMainPhase(TestCaseExecutor.java:410)
	at com.kms.katalon.core.main.TestCaseExecutor.execute(TestCaseExecutor.java:285)
	at com.kms.katalon.core.common.CommonExecutor.accessTestCaseMainPhase(CommonExecutor.java:65)
	at com.kms.katalon.core.main.TestSuiteExecutor.accessTestSuiteMainPhase(TestSuiteExecutor.java:148)
	at com.kms.katalon.core.main.TestSuiteExecutor.execute(TestSuiteExecutor.java:106)
	at com.kms.katalon.core.main.TestCaseMain.startTestSuite(TestCaseMain.java:187)
	at com.kms.katalon.core.main.TestCaseMain$startTestSuite$0.call(Unknown Source)
	at TempTestSuite1681133572502.run(TempTestSuite1681133572502.groovy:36)
Caused by: com.kms.katalon.core.webui.exception.WebElementNotFoundException: Web element with id: 'Object Repository/2-OBJECTS TAREAS SECUNDARIAS/Pruebas Seguridad/6.1.7-Seleccionar Empresa/input_Perfil_popupMopdulotablaBusquedaglobalFilter' located by '//input[@id='popupMopdulo:tablaBusqueda:globalFilter']' not found
	at com.kms.katalon.core.webui.common.WebUiCommonHelper.findWebElement(WebUiCommonHelper.java:1376)
	at com.kms.katalon.core.webui.keyword.internal.WebUIAbstractKeyword.findWebElement(WebUIAbstractKeyword.groovy:27)
	at com.kms.katalon.core.webui.keyword.internal.WebUIAbstractKeyword.findWebElement(WebUIAbstractKeyword.groovy:26)
	at com.kms.katalon.core.webui.keyword.builtin.SetTextKeyword$_setText_closure1.doCall(SetTextKeyword.groovy:51)
	at com.kms.katalon.core.webui.keyword.builtin.SetTextKeyword$_setText_closure1.call(SetTextKeyword.groovy)
	at com.kms.katalon.core.webui.keyword.internal.WebUIKeywordMain.runKeyword(WebUIKeywordMain.groovy:20)
	... 19 more


2023-04-10 09:20:07 - [TEST_STEP][PASSED] - callTestCase(findTestCase("Utilidades-(atajos_para _tareas)/Login_Seguridad/Login-Seguridad"), [:], STOP_ON_FAILURE): Call Test Case 'Test Cases/Utilidades-(atajos_para _tareas)/Login_Seguridad/Login-Seguridad' successfully

2023-04-10 09:20:07 - [TEST_CASE][PASSED] - Test Cases/Utilidades-(atajos_para _tareas)/Login_Seguridad/Login-Seguridad: Test Cases/Utilidades-(atajos_para _tareas)/Login_Seguridad/Login-Seguridad

2023-04-10 09:20:08 - [TEST_STEP][PASSED] - openBrowser(""): Browser is opened with url: ''

2023-04-10 09:20:08 - [MESSAGE][INFO] - Starting 'Chrome' driver

2023-04-10 09:20:08 - [MESSAGE][INFO] - Action delay is set to 0 milliseconds

2023-04-10 09:20:09 - [MESSAGE][PASSED] - Browser is opened with url: ''

2023-04-10 09:20:09 - [TEST_STEP][PASSED] - maximizeWindow(): Current window maximized

2023-04-10 09:20:09 - [MESSAGE][PASSED] - Current window maximized

2023-04-10 09:20:09 - [TEST_STEP][PASSED] - i = G_Login_Seguridad: null

2023-04-10 09:20:09 - [TEST_STEP][PASSED] - url = new java.net.URL(i): null

2023-04-10 09:20:09 - [TEST_STEP][PASSED] - println("URL: " + url.toString()): null

2023-04-10 09:20:09 - [TEST_STEP][PASSED] - connection = url.openConnection(): null

2023-04-10 09:20:09 - [TEST_STEP][PASSED] - connection.setRequestMethod("GET"): null

2023-04-10 09:20:09 - [TEST_STEP][PASSED] - connection.setReadTimeout(2 * 1000): null

2023-04-10 09:20:09 - [TEST_STEP][PASSED] - try: null

2023-04-10 09:20:09 - [TEST_STEP][PASSED] - connection.connect(): null

2023-04-10 09:20:09 - [TEST_STEP][PASSED] - flag = connected: null

2023-04-10 09:20:09 - [TEST_STEP][PASSED] - println("Valor_ori: " + flag): null

2023-04-10 09:20:09 - [TEST_STEP][PASSED] - if (flag): null

2023-04-10 09:20:09 - [TEST_STEP][PASSED] - navigateToUrl(i): Navigate to 'http://192.168.2.19:8380/seguridadweb/' successfully

2023-04-10 09:20:09 - [MESSAGE][PASSED] - Navigate to 'http://192.168.2.19:8380/seguridadweb/' successfully

2023-04-10 09:20:09 - [TEST_STEP][PASSED] - a(): null

2023-04-10 09:20:09 - [TEST_STEP][PASSED] - setText(findTestObject("3-OBJECTS UTILIDADES/Login/input_USUARIO_loginusuario"), G_Usuario): Text 'saraadmin' is set on object 'Object Repository/3-OBJECTS UTILIDADES/Login/input_USUARIO_loginusuario'

2023-04-10 09:20:10 - [MESSAGE][PASSED] - Text 'saraadmin' is set on object 'Object Repository/3-OBJECTS UTILIDADES/Login/input_USUARIO_loginusuario'

2023-04-10 09:20:10 - [TEST_STEP][PASSED] - setEncryptedText(findTestObject("3-OBJECTS UTILIDADES/Login/input_CLAVE_loginpassword"), "SlAwMcyRKqrwbnzhAs8HhdIg46CWr/2Q"): Text ****** has been set on object 'Object Repository/3-OBJECTS UTILIDADES/Login/input_CLAVE_loginpassword'

2023-04-10 09:20:11 - [MESSAGE][PASSED] - Text ****** has been set on object 'Object Repository/3-OBJECTS UTILIDADES/Login/input_CLAVE_loginpassword'

2023-04-10 09:20:11 - [TEST_STEP][PASSED] - waitForElementClickable(findTestObject("3-OBJECTS UTILIDADES/Login/a_Ingresar"), G_TimeOut): Object 'Object Repository/3-OBJECTS UTILIDADES/Login/a_Ingresar' is clickable

2023-04-10 09:20:11 - [MESSAGE][PASSED] - Object 'Object Repository/3-OBJECTS UTILIDADES/Login/a_Ingresar' is clickable

2023-04-10 09:20:11 - [TEST_STEP][PASSED] - click(findTestObject("3-OBJECTS UTILIDADES/Login/a_Ingresar")): Object: 'Object Repository/3-OBJECTS UTILIDADES/Login/a_Ingresar' is clicked on

2023-04-10 09:20:12 - [MESSAGE][PASSED] - Object: 'Object Repository/3-OBJECTS UTILIDADES/Login/a_Ingresar' is clicked on

2023-04-10 09:20:12 - [MESSAGE][PASSED] - Call Test Case 'Test Cases/Utilidades-(atajos_para _tareas)/Login_Seguridad/Login-Seguridad' successfully

2023-04-10 09:20:12 - [TEST_STEP][PASSED] - setText(findTestObject("2-OBJECTS TAREAS SECUNDARIAS/Pruebas Seguridad/6.1.7-Seleccionar Empresa/input_Empresa 1_form_templatej_idt24_input"), "Usuario"): Text 'Usuario' is set on object 'Object Repository/2-OBJECTS TAREAS SECUNDARIAS/Pruebas Seguridad/6.1.7-Seleccionar Empresa/input_Empresa 1_form_templatej_idt24_input'

2023-04-10 09:20:13 - [MESSAGE][PASSED] - Text 'Usuario' is set on object 'Object Repository/2-OBJECTS TAREAS SECUNDARIAS/Pruebas Seguridad/6.1.7-Seleccionar Empresa/input_Empresa 1_form_templatej_idt24_input'

2023-04-10 09:20:13 - [TEST_STEP][PASSED] - click(findTestObject("2-OBJECTS TAREAS SECUNDARIAS/Pruebas Seguridad/6.1.7-Seleccionar Empresa/li_Usuario"), STOP_ON_FAILURE): Object: 'Object Repository/2-OBJECTS TAREAS SECUNDARIAS/Pruebas Seguridad/6.1.7-Seleccionar Empresa/li_Usuario' is clicked on

2023-04-10 09:20:14 - [MESSAGE][PASSED] - Object: 'Object Repository/2-OBJECTS TAREAS SECUNDARIAS/Pruebas Seguridad/6.1.7-Seleccionar Empresa/li_Usuario' is clicked on

2023-04-10 09:20:14 - [TEST_STEP][PASSED] - setText(findTestObject("2-OBJECTS TAREAS SECUNDARIAS/Pruebas Seguridad/6.1.7-Seleccionar Empresa/input_Portal_usuarioformaparametroBusqueda"), "Usuario"): Text 'Usuario' is set on object 'Object Repository/2-OBJECTS TAREAS SECUNDARIAS/Pruebas Seguridad/6.1.7-Seleccionar Empresa/input_Portal_usuarioformaparametroBusqueda'

2023-04-10 09:20:16 - [MESSAGE][PASSED] - Text 'Usuario' is set on object 'Object Repository/2-OBJECTS TAREAS SECUNDARIAS/Pruebas Seguridad/6.1.7-Seleccionar Empresa/input_Portal_usuarioformaparametroBusqueda'

2023-04-10 09:20:16 - [TEST_STEP][PASSED] - sendKeys(findTestObject("2-OBJECTS TAREAS SECUNDARIAS/Pruebas Seguridad/6.1.7-Seleccionar Empresa/input_Portal_usuarioformaparametroBusqueda"), Keys.chord(ENTER)): Keys 'ENTER + ' sent to object: 'Object Repository/2-OBJECTS TAREAS SECUNDARIAS/Pruebas Seguridad/6.1.7-Seleccionar Empresa/input_Portal_usuarioformaparametroBusqueda'

2023-04-10 09:20:16 - [MESSAGE][PASSED] - Keys 'ENTER + ' sent to object: 'Object Repository/2-OBJECTS TAREAS SECUNDARIAS/Pruebas Seguridad/6.1.7-Seleccionar Empresa/input_Portal_usuarioformaparametroBusqueda'

2023-04-10 09:20:16 - [TEST_STEP][PASSED] - if (waitForElementVisible(findTestObject("2-OBJECTS TAREAS SECUNDARIAS/Pruebas Seguridad/6.1.7-Seleccionar Empresa/span_Usuario"), 1)): null

2023-04-10 09:20:17 - [MESSAGE][PASSED] - Object 'Object Repository/2-OBJECTS TAREAS SECUNDARIAS/Pruebas Seguridad/6.1.7-Seleccionar Empresa/span_Usuario' is visible

2023-04-10 09:20:17 - [TEST_STEP][PASSED] - click(findTestObject("2-OBJECTS TAREAS SECUNDARIAS/Pruebas Seguridad/6.1.7-Seleccionar Empresa/span_Usuario")): Object: 'Object Repository/2-OBJECTS TAREAS SECUNDARIAS/Pruebas Seguridad/6.1.7-Seleccionar Empresa/span_Usuario' is clicked on

2023-04-10 09:20:17 - [MESSAGE][PASSED] - Object: 'Object Repository/2-OBJECTS TAREAS SECUNDARIAS/Pruebas Seguridad/6.1.7-Seleccionar Empresa/span_Usuario' is clicked on

2023-04-10 09:20:17 - [TEST_STEP][PASSED] - click(findTestObject("2-OBJECTS TAREAS SECUNDARIAS/Pruebas Seguridad/6.1.7-Seleccionar Empresa/a_Acceso Roles")): Object: 'Object Repository/2-OBJECTS TAREAS SECUNDARIAS/Pruebas Seguridad/6.1.7-Seleccionar Empresa/a_Acceso Roles' is clicked on

2023-04-10 09:20:18 - [MESSAGE][PASSED] - Object: 'Object Repository/2-OBJECTS TAREAS SECUNDARIAS/Pruebas Seguridad/6.1.7-Seleccionar Empresa/a_Acceso Roles' is clicked on

2023-04-10 09:20:18 - [TEST_STEP][PASSED] - while (waitForElementVisible(findTestObject("2-OBJECTS TAREAS SECUNDARIAS/Pruebas Seguridad/6.1.7-Seleccionar Empresa/a_administrador_usuarioformatabtabla_roles_individual0j_idt160"), 1)): null

2023-04-10 09:20:19 - [MESSAGE][PASSED] - Object 'Object Repository/2-OBJECTS TAREAS SECUNDARIAS/Pruebas Seguridad/6.1.7-Seleccionar Empresa/a_administrador_usuarioformatabtabla_roles_individual0j_idt160' is visible

2023-04-10 09:20:19 - [TEST_STEP][PASSED] - click(findTestObject("2-OBJECTS TAREAS SECUNDARIAS/Pruebas Seguridad/6.1.7-Seleccionar Empresa/a_administrador_usuarioformatabtabla_roles_individual0j_idt160")): Object: 'Object Repository/2-OBJECTS TAREAS SECUNDARIAS/Pruebas Seguridad/6.1.7-Seleccionar Empresa/a_administrador_usuarioformatabtabla_roles_individual0j_idt160' is clicked on

2023-04-10 09:20:19 - [MESSAGE][PASSED] - Object: 'Object Repository/2-OBJECTS TAREAS SECUNDARIAS/Pruebas Seguridad/6.1.7-Seleccionar Empresa/a_administrador_usuarioformatabtabla_roles_individual0j_idt160' is clicked on

2023-04-10 09:20:19 - [TEST_STEP][PASSED] - click(findTestObject("2-OBJECTS TAREAS SECUNDARIAS/Pruebas Seguridad/6.1.7-Seleccionar Empresa/a_Aceptar_Acceso Roles")): Object 'Object Repository/2-OBJECTS TAREAS SECUNDARIAS/Pruebas Seguridad/6.1.7-Seleccionar Empresa/a_administrador_usuarioformatabtabla_roles_individual0j_idt160' is visible

2023-04-10 09:20:20 - [MESSAGE][PASSED] - Object: 'Object Repository/2-OBJECTS TAREAS SECUNDARIAS/Pruebas Seguridad/6.1.7-Seleccionar Empresa/a_Aceptar_Acceso Roles' is clicked on

2023-04-10 09:20:20 - [MESSAGE][PASSED] - Object 'Object Repository/2-OBJECTS TAREAS SECUNDARIAS/Pruebas Seguridad/6.1.7-Seleccionar Empresa/a_administrador_usuarioformatabtabla_roles_individual0j_idt160' is visible

2023-04-10 09:20:20 - [TEST_STEP][PASSED] - click(findTestObject("2-OBJECTS TAREAS SECUNDARIAS/Pruebas Seguridad/6.1.7-Seleccionar Empresa/a_administrador_usuarioformatabtabla_roles_individual0j_idt160")): Object: 'Object Repository/2-OBJECTS TAREAS SECUNDARIAS/Pruebas Seguridad/6.1.7-Seleccionar Empresa/a_administrador_usuarioformatabtabla_roles_individual0j_idt160' is clicked on

2023-04-10 09:20:21 - [MESSAGE][PASSED] - Object: 'Object Repository/2-OBJECTS TAREAS SECUNDARIAS/Pruebas Seguridad/6.1.7-Seleccionar Empresa/a_administrador_usuarioformatabtabla_roles_individual0j_idt160' is clicked on

2023-04-10 09:20:21 - [TEST_STEP][PASSED] - click(findTestObject("2-OBJECTS TAREAS SECUNDARIAS/Pruebas Seguridad/6.1.7-Seleccionar Empresa/a_Aceptar_Acceso Roles")): Web element with id: 'Object Repository/2-OBJECTS TAREAS SECUNDARIAS/Pruebas Seguridad/6.1.7-Seleccionar Empresa/a_administrador_usuarioformatabtabla_roles_individual0j_idt160' located by '//tbody[@id='usuarioforma:tab:tabla_roles_individual_data']/tr/td[2]/a' not found

2023-04-10 09:20:21 - [MESSAGE][PASSED] - Object: 'Object Repository/2-OBJECTS TAREAS SECUNDARIAS/Pruebas Seguridad/6.1.7-Seleccionar Empresa/a_Aceptar_Acceso Roles' is clicked on

2023-04-10 09:20:24 - [MESSAGE][INFO] - Unable to find the element located by 'By.xpath: //tbody[@id='usuarioforma:tab:tabla_roles_individual_data']/tr/td[2]/a'. Please recheck the objects properties to make sure the desired element is located. 

2023-04-10 09:20:24 - [MESSAGE][WARNING] - Web element with id: 'Object Repository/2-OBJECTS TAREAS SECUNDARIAS/Pruebas Seguridad/6.1.7-Seleccionar Empresa/a_administrador_usuarioformatabtabla_roles_individual0j_idt160' located by '//tbody[@id='usuarioforma:tab:tabla_roles_individual_data']/tr/td[2]/a' not found

2023-04-10 09:20:24 - [TEST_STEP][PASSED] - click(findTestObject("2-OBJECTS TAREAS SECUNDARIAS/Pruebas Seguridad/6.1.7-Seleccionar Empresa/a_Acceso Particular")): Object: 'Object Repository/2-OBJECTS TAREAS SECUNDARIAS/Pruebas Seguridad/6.1.7-Seleccionar Empresa/a_Acceso Particular' is clicked on

2023-04-10 09:20:24 - [MESSAGE][PASSED] - Object: 'Object Repository/2-OBJECTS TAREAS SECUNDARIAS/Pruebas Seguridad/6.1.7-Seleccionar Empresa/a_Acceso Particular' is clicked on

2023-04-10 09:20:24 - [TEST_STEP][PASSED] - while (waitForElementVisible(findTestObject("2-OBJECTS TAREAS SECUNDARIAS/Pruebas Seguridad/6.1.7-Seleccionar Empresa/a_SARA_usuarioformatabtabla_roles0j_idt151"), 1)): null

2023-04-10 09:20:24 - [MESSAGE][PASSED] - Object 'Object Repository/2-OBJECTS TAREAS SECUNDARIAS/Pruebas Seguridad/6.1.7-Seleccionar Empresa/a_SARA_usuarioformatabtabla_roles0j_idt151' is visible

2023-04-10 09:20:24 - [TEST_STEP][PASSED] - click(findTestObject("2-OBJECTS TAREAS SECUNDARIAS/Pruebas Seguridad/6.1.7-Seleccionar Empresa/a_SARA_usuarioformatabtabla_roles0j_idt151")): Object: 'Object Repository/2-OBJECTS TAREAS SECUNDARIAS/Pruebas Seguridad/6.1.7-Seleccionar Empresa/a_SARA_usuarioformatabtabla_roles0j_idt151' is clicked on

2023-04-10 09:20:25 - [MESSAGE][PASSED] - Object: 'Object Repository/2-OBJECTS TAREAS SECUNDARIAS/Pruebas Seguridad/6.1.7-Seleccionar Empresa/a_SARA_usuarioformatabtabla_roles0j_idt151' is clicked on

2023-04-10 09:20:25 - [TEST_STEP][PASSED] - click(findTestObject("2-OBJECTS TAREAS SECUNDARIAS/Pruebas Seguridad/6.1.7-Seleccionar Empresa/a_Aceptar_Acceso particular")): Web element with id: 'Object Repository/2-OBJECTS TAREAS SECUNDARIAS/Pruebas Seguridad/6.1.7-Seleccionar Empresa/a_SARA_usuarioformatabtabla_roles0j_idt151' located by '//a[@id='usuarioforma:tab:tabla_roles:0:j_idt152']
' not found

2023-04-10 09:20:25 - [MESSAGE][PASSED] - Object: 'Object Repository/2-OBJECTS TAREAS SECUNDARIAS/Pruebas Seguridad/6.1.7-Seleccionar Empresa/a_Aceptar_Acceso particular' is clicked on

2023-04-10 09:20:28 - [MESSAGE][INFO] - Unable to find the element located by 'By.xpath: //a[@id='usuarioforma:tab:tabla_roles:0:j_idt152']
'. Please recheck the objects properties to make sure the desired element is located. 

2023-04-10 09:20:28 - [MESSAGE][WARNING] - Web element with id: 'Object Repository/2-OBJECTS TAREAS SECUNDARIAS/Pruebas Seguridad/6.1.7-Seleccionar Empresa/a_SARA_usuarioformatabtabla_roles0j_idt151' located by '//a[@id='usuarioforma:tab:tabla_roles:0:j_idt152']
' not found

2023-04-10 09:20:28 - [TEST_STEP][PASSED] - click(findTestObject("2-OBJECTS TAREAS SECUNDARIAS/Pruebas Seguridad/6.1.7-Seleccionar Empresa/a_Informacin")): Object: 'Object Repository/2-OBJECTS TAREAS SECUNDARIAS/Pruebas Seguridad/6.1.7-Seleccionar Empresa/a_Informacin' is clicked on

2023-04-10 09:20:28 - [MESSAGE][PASSED] - Object: 'Object Repository/2-OBJECTS TAREAS SECUNDARIAS/Pruebas Seguridad/6.1.7-Seleccionar Empresa/a_Informacin' is clicked on

2023-04-10 09:20:28 - [TEST_STEP][PASSED] - click(findTestObject("2-OBJECTS TAREAS SECUNDARIAS/Pruebas Seguridad/6.1.7-Seleccionar Empresa/a_Eliminar")): Object: 'Object Repository/2-OBJECTS TAREAS SECUNDARIAS/Pruebas Seguridad/6.1.7-Seleccionar Empresa/a_Eliminar' is clicked on

2023-04-10 09:20:28 - [MESSAGE][PASSED] - Object: 'Object Repository/2-OBJECTS TAREAS SECUNDARIAS/Pruebas Seguridad/6.1.7-Seleccionar Empresa/a_Eliminar' is clicked on

2023-04-10 09:20:28 - [TEST_STEP][PASSED] - click(findTestObject("2-OBJECTS TAREAS SECUNDARIAS/Pruebas Seguridad/6.1.7-Seleccionar Empresa/a_Aceptar_informacion")): Object: 'Object Repository/2-OBJECTS TAREAS SECUNDARIAS/Pruebas Seguridad/6.1.7-Seleccionar Empresa/a_Aceptar_informacion' is clicked on

2023-04-10 09:20:29 - [MESSAGE][PASSED] - Object: 'Object Repository/2-OBJECTS TAREAS SECUNDARIAS/Pruebas Seguridad/6.1.7-Seleccionar Empresa/a_Aceptar_informacion' is clicked on

2023-04-10 09:20:29 - [TEST_STEP][PASSED] - click(findTestObject("2-OBJECTS TAREAS SECUNDARIAS/Pruebas Seguridad/6.1.7-Seleccionar Empresa/a_Nuevo"), STOP_ON_FAILURE): Object: 'Object Repository/2-OBJECTS TAREAS SECUNDARIAS/Pruebas Seguridad/6.1.7-Seleccionar Empresa/a_Nuevo' is clicked on

2023-04-10 09:20:30 - [MESSAGE][PASSED] - Object: 'Object Repository/2-OBJECTS TAREAS SECUNDARIAS/Pruebas Seguridad/6.1.7-Seleccionar Empresa/a_Nuevo' is clicked on

2023-04-10 09:20:30 - [TEST_STEP][PASSED] - setText(findTestObject("2-OBJECTS TAREAS SECUNDARIAS/Pruebas Seguridad/6.1.7-Seleccionar Empresa/input_Sesin_usuarioformatablogin"), "Usuario"): Text 'Usuario' is set on object 'Object Repository/2-OBJECTS TAREAS SECUNDARIAS/Pruebas Seguridad/6.1.7-Seleccionar Empresa/input_Sesin_usuarioformatablogin'

2023-04-10 09:20:31 - [MESSAGE][PASSED] - Text 'Usuario' is set on object 'Object Repository/2-OBJECTS TAREAS SECUNDARIAS/Pruebas Seguridad/6.1.7-Seleccionar Empresa/input_Sesin_usuarioformatablogin'

2023-04-10 09:20:31 - [TEST_STEP][PASSED] - setText(findTestObject("2-OBJECTS TAREAS SECUNDARIAS/Pruebas Seguridad/6.1.7-Seleccionar Empresa/input_Documento_usuarioformatabdocumento"), identificacion()): null

2023-04-10 09:20:31 - [TEST_STEP][PASSED] - random_double = Math.random() * 9999 + 999: null

2023-04-10 09:20:31 - [TEST_STEP][PASSED] - random_double = Math.round(random_double * 1000): null

2023-04-10 09:20:31 - [TEST_STEP][PASSED] - id = toString().replace(".0", ""): Text '5234616' is set on object 'Object Repository/2-OBJECTS TAREAS SECUNDARIAS/Pruebas Seguridad/6.1.7-Seleccionar Empresa/input_Documento_usuarioformatabdocumento'

2023-04-10 09:20:32 - [MESSAGE][PASSED] - Text '5234616' is set on object 'Object Repository/2-OBJECTS TAREAS SECUNDARIAS/Pruebas Seguridad/6.1.7-Seleccionar Empresa/input_Documento_usuarioformatabdocumento'

2023-04-10 09:20:32 - [TEST_STEP][PASSED] - setText(findTestObject("2-OBJECTS TAREAS SECUNDARIAS/Pruebas Seguridad/6.1.7-Seleccionar Empresa/input_Nombre_usuarioformatabnombre"), "Usuario"): Text 'Usuario' is set on object 'Object Repository/2-OBJECTS TAREAS SECUNDARIAS/Pruebas Seguridad/6.1.7-Seleccionar Empresa/input_Nombre_usuarioformatabnombre'

2023-04-10 09:20:33 - [MESSAGE][PASSED] - Text 'Usuario' is set on object 'Object Repository/2-OBJECTS TAREAS SECUNDARIAS/Pruebas Seguridad/6.1.7-Seleccionar Empresa/input_Nombre_usuarioformatabnombre'

2023-04-10 09:20:33 - [TEST_STEP][PASSED] - setText(findTestObject("2-OBJECTS TAREAS SECUNDARIAS/Pruebas Seguridad/6.1.7-Seleccionar Empresa/input_Correo_usuarioformatabemail"), identificacion() + "noodle@gmail.com"): null

2023-04-10 09:20:33 - [TEST_STEP][PASSED] - random_double = Math.random() * 9999 + 999: null

2023-04-10 09:20:33 - [TEST_STEP][PASSED] - random_double = Math.round(random_double * 1000): null

2023-04-10 09:20:33 - [TEST_STEP][PASSED] - id = toString().replace(".0", ""): Text '7892288noodle@gmail.com' is set on object 'Object Repository/2-OBJECTS TAREAS SECUNDARIAS/Pruebas Seguridad/6.1.7-Seleccionar Empresa/input_Correo_usuarioformatabemail'

2023-04-10 09:20:33 - [MESSAGE][PASSED] - Text '7892288noodle@gmail.com' is set on object 'Object Repository/2-OBJECTS TAREAS SECUNDARIAS/Pruebas Seguridad/6.1.7-Seleccionar Empresa/input_Correo_usuarioformatabemail'

2023-04-10 09:20:33 - [TEST_STEP][PASSED] - click(findTestObject("2-OBJECTS TAREAS SECUNDARIAS/Pruebas Seguridad/6.1.7-Seleccionar Empresa/label_Activo"), STOP_ON_FAILURE): Object: 'Object Repository/2-OBJECTS TAREAS SECUNDARIAS/Pruebas Seguridad/6.1.7-Seleccionar Empresa/label_Activo' is clicked on

2023-04-10 09:20:34 - [MESSAGE][PASSED] - Object: 'Object Repository/2-OBJECTS TAREAS SECUNDARIAS/Pruebas Seguridad/6.1.7-Seleccionar Empresa/label_Activo' is clicked on

2023-04-10 09:20:34 - [TEST_STEP][PASSED] - selectOptionByIndex(findTestObject("2-OBJECTS TAREAS SECUNDARIAS/Pruebas Seguridad/6.1.7-Seleccionar Empresa/select_-- Seleccione --acceso empresa calidad2Grupo a"), 2): All options with index in [2] are selected on object 'Object Repository/2-OBJECTS TAREAS SECUNDARIAS/Pruebas Seguridad/6.1.7-Seleccionar Empresa/select_-- Seleccione --acceso empresa calidad2Grupo a'

2023-04-10 09:20:35 - [MESSAGE][PASSED] - All options with index in [2] are selected on object 'Object Repository/2-OBJECTS TAREAS SECUNDARIAS/Pruebas Seguridad/6.1.7-Seleccionar Empresa/select_-- Seleccione --acceso empresa calidad2Grupo a'

2023-04-10 09:20:35 - [TEST_STEP][PASSED] - click(findTestObject("2-OBJECTS TAREAS SECUNDARIAS/Pruebas Seguridad/6.1.7-Seleccionar Empresa/a_Guardar")): Object: 'Object Repository/2-OBJECTS TAREAS SECUNDARIAS/Pruebas Seguridad/6.1.7-Seleccionar Empresa/a_Guardar' is clicked on

2023-04-10 09:20:35 - [MESSAGE][PASSED] - Object: 'Object Repository/2-OBJECTS TAREAS SECUNDARIAS/Pruebas Seguridad/6.1.7-Seleccionar Empresa/a_Guardar' is clicked on

2023-04-10 09:20:35 - [TEST_STEP][PASSED] - click(findTestObject("2-OBJECTS TAREAS SECUNDARIAS/Pruebas Seguridad/6.1.7-Seleccionar Empresa/a_Contrasea")): Object: 'Object Repository/2-OBJECTS TAREAS SECUNDARIAS/Pruebas Seguridad/6.1.7-Seleccionar Empresa/a_Contrasea' is clicked on

2023-04-10 09:20:36 - [MESSAGE][PASSED] - Object: 'Object Repository/2-OBJECTS TAREAS SECUNDARIAS/Pruebas Seguridad/6.1.7-Seleccionar Empresa/a_Contrasea' is clicked on

2023-04-10 09:20:36 - [TEST_STEP][PASSED] - setEncryptedText(findTestObject("2-OBJECTS TAREAS SECUNDARIAS/Pruebas Seguridad/6.1.7-Seleccionar Empresa/input_Contrasea_usuarioformatabpasswordNuevo"), "SlAwMcyRKqrwbnzhAs8HhdIg46CWr/2Q"): Text ****** has been set on object 'Object Repository/2-OBJECTS TAREAS SECUNDARIAS/Pruebas Seguridad/6.1.7-Seleccionar Empresa/input_Contrasea_usuarioformatabpasswordNuevo'

2023-04-10 09:20:37 - [MESSAGE][PASSED] - Text ****** has been set on object 'Object Repository/2-OBJECTS TAREAS SECUNDARIAS/Pruebas Seguridad/6.1.7-Seleccionar Empresa/input_Contrasea_usuarioformatabpasswordNuevo'

2023-04-10 09:20:37 - [TEST_STEP][PASSED] - setEncryptedText(findTestObject("2-OBJECTS TAREAS SECUNDARIAS/Pruebas Seguridad/6.1.7-Seleccionar Empresa/input_Confirmar_usuarioformatabpasswordConfirma"), "SlAwMcyRKqrwbnzhAs8HhdIg46CWr/2Q"): Text ****** has been set on object 'Object Repository/2-OBJECTS TAREAS SECUNDARIAS/Pruebas Seguridad/6.1.7-Seleccionar Empresa/input_Confirmar_usuarioformatabpasswordConfirma'

2023-04-10 09:20:37 - [MESSAGE][PASSED] - Text ****** has been set on object 'Object Repository/2-OBJECTS TAREAS SECUNDARIAS/Pruebas Seguridad/6.1.7-Seleccionar Empresa/input_Confirmar_usuarioformatabpasswordConfirma'

2023-04-10 09:20:37 - [TEST_STEP][PASSED] - click(findTestObject("2-OBJECTS TAREAS SECUNDARIAS/Pruebas Seguridad/6.1.7-Seleccionar Empresa/a_Actualizar")): Object: 'Object Repository/2-OBJECTS TAREAS SECUNDARIAS/Pruebas Seguridad/6.1.7-Seleccionar Empresa/a_Actualizar' is clicked on

2023-04-10 09:20:38 - [MESSAGE][PASSED] - Object: 'Object Repository/2-OBJECTS TAREAS SECUNDARIAS/Pruebas Seguridad/6.1.7-Seleccionar Empresa/a_Actualizar' is clicked on

2023-04-10 09:20:38 - [TEST_STEP][PASSED] - waitForElementVisible(findTestObject("3-OBJECTS UTILIDADES/Alerta/Alerta"), 0): Object 'Object Repository/3-OBJECTS UTILIDADES/Alerta/Alerta' is visible

2023-04-10 09:20:38 - [MESSAGE][WARNING] - Timeout '0' is invalid. Using default page load timeout: '37'

2023-04-10 09:20:38 - [MESSAGE][PASSED] - Object 'Object Repository/3-OBJECTS UTILIDADES/Alerta/Alerta' is visible

2023-04-10 09:20:38 - [TEST_STEP][PASSED] - Empresas(): null

2023-04-10 09:20:38 - [TEST_STEP][PASSED] - click(findTestObject("2-OBJECTS TAREAS SECUNDARIAS/Pruebas Seguridad/6.1.7-Seleccionar Empresa/a_Acceso Particular")): Object: 'Object Repository/2-OBJECTS TAREAS SECUNDARIAS/Pruebas Seguridad/6.1.7-Seleccionar Empresa/a_Acceso Particular' is clicked on

2023-04-10 09:20:39 - [MESSAGE][PASSED] - Object: 'Object Repository/2-OBJECTS TAREAS SECUNDARIAS/Pruebas Seguridad/6.1.7-Seleccionar Empresa/a_Acceso Particular' is clicked on

2023-04-10 09:20:39 - [TEST_STEP][PASSED] - selectOptionByIndex(findTestObject("2-OBJECTS TAREAS SECUNDARIAS/Pruebas Seguridad/6.1.7-Seleccionar Empresa/select_Seleccione1234234administradorAdministrador Calidad 3ADMONAspirantesAspirantesjjAuditoriaCAPACITACIONCOLABORADOR"), 3): All options with index in [3] are selected on object 'Object Repository/2-OBJECTS TAREAS SECUNDARIAS/Pruebas Seguridad/6.1.7-Seleccionar Empresa/select_Seleccione1234234administradorAdministrador Calidad 3ADMONAspirantesAspirantesjjAuditoriaCAPACITACIONCOLABORADOR'

2023-04-10 09:20:40 - [MESSAGE][PASSED] - All options with index in [3] are selected on object 'Object Repository/2-OBJECTS TAREAS SECUNDARIAS/Pruebas Seguridad/6.1.7-Seleccionar Empresa/select_Seleccione1234234administradorAdministrador Calidad 3ADMONAspirantesAspirantesjjAuditoriaCAPACITACIONCOLABORADOR'

2023-04-10 09:20:40 - [TEST_STEP][PASSED] - selectOptionByIndex(findTestObject("2-OBJECTS TAREAS SECUNDARIAS/Pruebas Seguridad/6.1.7-Seleccionar Empresa/select_SeleccioneCALIDADEmpresa 1Pruebas katalon"), 1): All options with index in [1] are selected on object 'Object Repository/2-OBJECTS TAREAS SECUNDARIAS/Pruebas Seguridad/6.1.7-Seleccionar Empresa/select_SeleccioneCALIDADEmpresa 1Pruebas katalon'

2023-04-10 09:20:41 - [MESSAGE][PASSED] - All options with index in [1] are selected on object 'Object Repository/2-OBJECTS TAREAS SECUNDARIAS/Pruebas Seguridad/6.1.7-Seleccionar Empresa/select_SeleccioneCALIDADEmpresa 1Pruebas katalon'

2023-04-10 09:20:41 - [TEST_STEP][PASSED] - selectOptionByIndex(findTestObject("2-OBJECTS TAREAS SECUNDARIAS/Pruebas Seguridad/6.1.7-Seleccionar Empresa/select_SeleccioneaspirantesempleadosDSflexoPruebasFlexoPruebasJboosInformixjavaSaraDS"), 1): All options with index in [1] are selected on object 'Object Repository/2-OBJECTS TAREAS SECUNDARIAS/Pruebas Seguridad/6.1.7-Seleccionar Empresa/select_SeleccioneaspirantesempleadosDSflexoPruebasFlexoPruebasJboosInformixjavaSaraDS'

2023-04-10 09:20:43 - [MESSAGE][PASSED] - All options with index in [1] are selected on object 'Object Repository/2-OBJECTS TAREAS SECUNDARIAS/Pruebas Seguridad/6.1.7-Seleccionar Empresa/select_SeleccioneaspirantesempleadosDSflexoPruebasFlexoPruebasJboosInformixjavaSaraDS'

2023-04-10 09:20:43 - [TEST_STEP][PASSED] - selectOptionByIndex(findTestObject("2-OBJECTS TAREAS SECUNDARIAS/Pruebas Seguridad/6.1.7-Seleccionar Empresa/select_--Seleccione--NUCLEO SISTEMASARAPORTAL SARASARA APPSARA APPSOFIASEGURIDADLMSSERVICIOSREGISTRO PERSONA"), 2): All options with index in [2] are selected on object 'Object Repository/2-OBJECTS TAREAS SECUNDARIAS/Pruebas Seguridad/6.1.7-Seleccionar Empresa/select_--Seleccione--NUCLEO SISTEMASARAPORTAL SARASARA APPSARA APPSOFIASEGURIDADLMSSERVICIOSREGISTRO PERSONA'

2023-04-10 09:20:44 - [MESSAGE][PASSED] - All options with index in [2] are selected on object 'Object Repository/2-OBJECTS TAREAS SECUNDARIAS/Pruebas Seguridad/6.1.7-Seleccionar Empresa/select_--Seleccione--NUCLEO SISTEMASARAPORTAL SARASARA APPSARA APPSOFIASEGURIDADLMSSERVICIOSREGISTRO PERSONA'

2023-04-10 09:20:44 - [TEST_STEP][PASSED] - click(findTestObject("2-OBJECTS TAREAS SECUNDARIAS/Pruebas Seguridad/6.1.7-Seleccionar Empresa/a_No se encontr registros_usuarioformatabtabla_rolesj_idt152")): Object: 'Object Repository/2-OBJECTS TAREAS SECUNDARIAS/Pruebas Seguridad/6.1.7-Seleccionar Empresa/a_No se encontr registros_usuarioformatabtabla_rolesj_idt152' is clicked on

2023-04-10 09:20:44 - [MESSAGE][PASSED] - Object: 'Object Repository/2-OBJECTS TAREAS SECUNDARIAS/Pruebas Seguridad/6.1.7-Seleccionar Empresa/a_No se encontr registros_usuarioformatabtabla_rolesj_idt152' is clicked on

2023-04-10 09:20:44 - [TEST_STEP][PASSED] - selectOptionByIndex(findTestObject("2-OBJECTS TAREAS SECUNDARIAS/Pruebas Seguridad/6.1.7-Seleccionar Empresa/select_Seleccione1234234administradorAdministrador Calidad 3ADMONAspirantesAspirantesjjAuditoriaCAPACITACIONCOLABORADOR"), 13): All options with index in [13] are selected on object 'Object Repository/2-OBJECTS TAREAS SECUNDARIAS/Pruebas Seguridad/6.1.7-Seleccionar Empresa/select_Seleccione1234234administradorAdministrador Calidad 3ADMONAspirantesAspirantesjjAuditoriaCAPACITACIONCOLABORADOR'

2023-04-10 09:20:46 - [MESSAGE][PASSED] - All options with index in [13] are selected on object 'Object Repository/2-OBJECTS TAREAS SECUNDARIAS/Pruebas Seguridad/6.1.7-Seleccionar Empresa/select_Seleccione1234234administradorAdministrador Calidad 3ADMONAspirantesAspirantesjjAuditoriaCAPACITACIONCOLABORADOR'

2023-04-10 09:20:46 - [TEST_STEP][PASSED] - selectOptionByIndex(findTestObject("2-OBJECTS TAREAS SECUNDARIAS/Pruebas Seguridad/6.1.7-Seleccionar Empresa/select_SeleccioneCALIDADEmpresa 1Pruebas katalon"), 2): All options with index in [2] are selected on object 'Object Repository/2-OBJECTS TAREAS SECUNDARIAS/Pruebas Seguridad/6.1.7-Seleccionar Empresa/select_SeleccioneCALIDADEmpresa 1Pruebas katalon'

2023-04-10 09:20:47 - [MESSAGE][PASSED] - All options with index in [2] are selected on object 'Object Repository/2-OBJECTS TAREAS SECUNDARIAS/Pruebas Seguridad/6.1.7-Seleccionar Empresa/select_SeleccioneCALIDADEmpresa 1Pruebas katalon'

2023-04-10 09:20:47 - [TEST_STEP][PASSED] - selectOptionByIndex(findTestObject("2-OBJECTS TAREAS SECUNDARIAS/Pruebas Seguridad/6.1.7-Seleccionar Empresa/select_SeleccioneaspirantesempleadosDSflexoPruebasFlexoPruebasJboosInformixjavaSaraDS"), 3): All options with index in [3] are selected on object 'Object Repository/2-OBJECTS TAREAS SECUNDARIAS/Pruebas Seguridad/6.1.7-Seleccionar Empresa/select_SeleccioneaspirantesempleadosDSflexoPruebasFlexoPruebasJboosInformixjavaSaraDS'

2023-04-10 09:20:48 - [MESSAGE][PASSED] - All options with index in [3] are selected on object 'Object Repository/2-OBJECTS TAREAS SECUNDARIAS/Pruebas Seguridad/6.1.7-Seleccionar Empresa/select_SeleccioneaspirantesempleadosDSflexoPruebasFlexoPruebasJboosInformixjavaSaraDS'

2023-04-10 09:20:48 - [TEST_STEP][PASSED] - selectOptionByIndex(findTestObject("2-OBJECTS TAREAS SECUNDARIAS/Pruebas Seguridad/6.1.7-Seleccionar Empresa/select_--Seleccione--NUCLEO SISTEMASARAPORTAL SARASARA APPSARA APPSOFIASEGURIDADLMSSERVICIOSREGISTRO PERSONA"), 2): All options with index in [2] are selected on object 'Object Repository/2-OBJECTS TAREAS SECUNDARIAS/Pruebas Seguridad/6.1.7-Seleccionar Empresa/select_--Seleccione--NUCLEO SISTEMASARAPORTAL SARASARA APPSARA APPSOFIASEGURIDADLMSSERVICIOSREGISTRO PERSONA'

2023-04-10 09:20:50 - [MESSAGE][PASSED] - All options with index in [2] are selected on object 'Object Repository/2-OBJECTS TAREAS SECUNDARIAS/Pruebas Seguridad/6.1.7-Seleccionar Empresa/select_--Seleccione--NUCLEO SISTEMASARAPORTAL SARASARA APPSARA APPSOFIASEGURIDADLMSSERVICIOSREGISTRO PERSONA'

2023-04-10 09:20:50 - [TEST_STEP][PASSED] - click(findTestObject("2-OBJECTS TAREAS SECUNDARIAS/Pruebas Seguridad/6.1.7-Seleccionar Empresa/a_No se encontr registros_usuarioformatabtabla_rolesj_idt152 - Copy")): Object: 'Object Repository/2-OBJECTS TAREAS SECUNDARIAS/Pruebas Seguridad/6.1.7-Seleccionar Empresa/a_No se encontr registros_usuarioformatabtabla_rolesj_idt152 - Copy' is clicked on

2023-04-10 09:20:50 - [MESSAGE][PASSED] - Object: 'Object Repository/2-OBJECTS TAREAS SECUNDARIAS/Pruebas Seguridad/6.1.7-Seleccionar Empresa/a_No se encontr registros_usuarioformatabtabla_rolesj_idt152 - Copy' is clicked on

2023-04-10 09:20:50 - [TEST_STEP][PASSED] - selectOptionByIndex(findTestObject("2-OBJECTS TAREAS SECUNDARIAS/Pruebas Seguridad/6.1.7-Seleccionar Empresa/select_Seleccione1234234administradorAdministrador Calidad 3ADMONAspirantesAspirantesjjAuditoriaCAPACITACIONCOLABORADOR"), 14): All options with index in [14] are selected on object 'Object Repository/2-OBJECTS TAREAS SECUNDARIAS/Pruebas Seguridad/6.1.7-Seleccionar Empresa/select_Seleccione1234234administradorAdministrador Calidad 3ADMONAspirantesAspirantesjjAuditoriaCAPACITACIONCOLABORADOR'

2023-04-10 09:20:52 - [MESSAGE][PASSED] - All options with index in [14] are selected on object 'Object Repository/2-OBJECTS TAREAS SECUNDARIAS/Pruebas Seguridad/6.1.7-Seleccionar Empresa/select_Seleccione1234234administradorAdministrador Calidad 3ADMONAspirantesAspirantesjjAuditoriaCAPACITACIONCOLABORADOR'

2023-04-10 09:20:52 - [TEST_STEP][PASSED] - selectOptionByIndex(findTestObject("2-OBJECTS TAREAS SECUNDARIAS/Pruebas Seguridad/6.1.7-Seleccionar Empresa/select_SeleccioneCALIDADEmpresa 1Pruebas katalon"), 3): All options with index in [3] are selected on object 'Object Repository/2-OBJECTS TAREAS SECUNDARIAS/Pruebas Seguridad/6.1.7-Seleccionar Empresa/select_SeleccioneCALIDADEmpresa 1Pruebas katalon'

2023-04-10 09:20:53 - [MESSAGE][PASSED] - All options with index in [3] are selected on object 'Object Repository/2-OBJECTS TAREAS SECUNDARIAS/Pruebas Seguridad/6.1.7-Seleccionar Empresa/select_SeleccioneCALIDADEmpresa 1Pruebas katalon'

2023-04-10 09:20:53 - [TEST_STEP][PASSED] - selectOptionByIndex(findTestObject("2-OBJECTS TAREAS SECUNDARIAS/Pruebas Seguridad/6.1.7-Seleccionar Empresa/select_SeleccioneaspirantesempleadosDSflexoPruebasFlexoPruebasJboosInformixjavaSaraDS"), 5): All options with index in [5] are selected on object 'Object Repository/2-OBJECTS TAREAS SECUNDARIAS/Pruebas Seguridad/6.1.7-Seleccionar Empresa/select_SeleccioneaspirantesempleadosDSflexoPruebasFlexoPruebasJboosInformixjavaSaraDS'

2023-04-10 09:20:54 - [MESSAGE][PASSED] - All options with index in [5] are selected on object 'Object Repository/2-OBJECTS TAREAS SECUNDARIAS/Pruebas Seguridad/6.1.7-Seleccionar Empresa/select_SeleccioneaspirantesempleadosDSflexoPruebasFlexoPruebasJboosInformixjavaSaraDS'

2023-04-10 09:20:54 - [TEST_STEP][PASSED] - selectOptionByIndex(findTestObject("2-OBJECTS TAREAS SECUNDARIAS/Pruebas Seguridad/6.1.7-Seleccionar Empresa/select_--Seleccione--NUCLEO SISTEMASARAPORTAL SARASARA APPSARA APPSOFIASEGURIDADLMSSERVICIOSREGISTRO PERSONA"), 2): All options with index in [2] are selected on object 'Object Repository/2-OBJECTS TAREAS SECUNDARIAS/Pruebas Seguridad/6.1.7-Seleccionar Empresa/select_--Seleccione--NUCLEO SISTEMASARAPORTAL SARASARA APPSARA APPSOFIASEGURIDADLMSSERVICIOSREGISTRO PERSONA'

2023-04-10 09:20:56 - [MESSAGE][PASSED] - All options with index in [2] are selected on object 'Object Repository/2-OBJECTS TAREAS SECUNDARIAS/Pruebas Seguridad/6.1.7-Seleccionar Empresa/select_--Seleccione--NUCLEO SISTEMASARAPORTAL SARASARA APPSARA APPSOFIASEGURIDADLMSSERVICIOSREGISTRO PERSONA'

2023-04-10 09:20:56 - [TEST_STEP][PASSED] - click(findTestObject("2-OBJECTS TAREAS SECUNDARIAS/Pruebas Seguridad/6.1.7-Seleccionar Empresa/a_No se encontr registros_usuarioformatabtabla_rolesj_idt152 - Copy (1)")): Object: 'Object Repository/2-OBJECTS TAREAS SECUNDARIAS/Pruebas Seguridad/6.1.7-Seleccionar Empresa/a_No se encontr registros_usuarioformatabtabla_rolesj_idt152 - Copy (1)' is clicked on

2023-04-10 09:20:56 - [MESSAGE][PASSED] - Object: 'Object Repository/2-OBJECTS TAREAS SECUNDARIAS/Pruebas Seguridad/6.1.7-Seleccionar Empresa/a_No se encontr registros_usuarioformatabtabla_rolesj_idt152 - Copy (1)' is clicked on

2023-04-10 09:20:56 - [TEST_STEP][PASSED] - selectOptionByIndex(findTestObject("2-OBJECTS TAREAS SECUNDARIAS/Pruebas Seguridad/6.1.7-Seleccionar Empresa/select_Seleccione1234234administradorAdministrador Calidad 3ADMONAspirantesAspirantesjjAuditoriaCAPACITACIONCOLABORADOR"), 9): All options with index in [9] are selected on object 'Object Repository/2-OBJECTS TAREAS SECUNDARIAS/Pruebas Seguridad/6.1.7-Seleccionar Empresa/select_Seleccione1234234administradorAdministrador Calidad 3ADMONAspirantesAspirantesjjAuditoriaCAPACITACIONCOLABORADOR'

2023-04-10 09:20:58 - [MESSAGE][PASSED] - All options with index in [9] are selected on object 'Object Repository/2-OBJECTS TAREAS SECUNDARIAS/Pruebas Seguridad/6.1.7-Seleccionar Empresa/select_Seleccione1234234administradorAdministrador Calidad 3ADMONAspirantesAspirantesjjAuditoriaCAPACITACIONCOLABORADOR'

2023-04-10 09:20:58 - [TEST_STEP][PASSED] - selectOptionByIndex(findTestObject("2-OBJECTS TAREAS SECUNDARIAS/Pruebas Seguridad/6.1.7-Seleccionar Empresa/select_SeleccioneCALIDADEmpresa 1Pruebas katalon"), 1): All options with index in [1] are selected on object 'Object Repository/2-OBJECTS TAREAS SECUNDARIAS/Pruebas Seguridad/6.1.7-Seleccionar Empresa/select_SeleccioneCALIDADEmpresa 1Pruebas katalon'

2023-04-10 09:20:59 - [MESSAGE][PASSED] - All options with index in [1] are selected on object 'Object Repository/2-OBJECTS TAREAS SECUNDARIAS/Pruebas Seguridad/6.1.7-Seleccionar Empresa/select_SeleccioneCALIDADEmpresa 1Pruebas katalon'

2023-04-10 09:20:59 - [TEST_STEP][PASSED] - selectOptionByIndex(findTestObject("2-OBJECTS TAREAS SECUNDARIAS/Pruebas Seguridad/6.1.7-Seleccionar Empresa/select_SeleccioneaspirantesempleadosDSflexoPruebasFlexoPruebasJboosInformixjavaSaraDS"), 4): All options with index in [4] are selected on object 'Object Repository/2-OBJECTS TAREAS SECUNDARIAS/Pruebas Seguridad/6.1.7-Seleccionar Empresa/select_SeleccioneaspirantesempleadosDSflexoPruebasFlexoPruebasJboosInformixjavaSaraDS'

2023-04-10 09:21:00 - [MESSAGE][PASSED] - All options with index in [4] are selected on object 'Object Repository/2-OBJECTS TAREAS SECUNDARIAS/Pruebas Seguridad/6.1.7-Seleccionar Empresa/select_SeleccioneaspirantesempleadosDSflexoPruebasFlexoPruebasJboosInformixjavaSaraDS'

2023-04-10 09:21:00 - [TEST_STEP][PASSED] - selectOptionByIndex(findTestObject("2-OBJECTS TAREAS SECUNDARIAS/Pruebas Seguridad/6.1.7-Seleccionar Empresa/select_--Seleccione--NUCLEO SISTEMASARAPORTAL SARASARA APPSARA APPSOFIASEGURIDADLMSSERVICIOSREGISTRO PERSONA"), 2): All options with index in [2] are selected on object 'Object Repository/2-OBJECTS TAREAS SECUNDARIAS/Pruebas Seguridad/6.1.7-Seleccionar Empresa/select_--Seleccione--NUCLEO SISTEMASARAPORTAL SARASARA APPSARA APPSOFIASEGURIDADLMSSERVICIOSREGISTRO PERSONA'

2023-04-10 09:21:02 - [MESSAGE][PASSED] - All options with index in [2] are selected on object 'Object Repository/2-OBJECTS TAREAS SECUNDARIAS/Pruebas Seguridad/6.1.7-Seleccionar Empresa/select_--Seleccione--NUCLEO SISTEMASARAPORTAL SARASARA APPSARA APPSOFIASEGURIDADLMSSERVICIOSREGISTRO PERSONA'

2023-04-10 09:21:02 - [TEST_STEP][PASSED] - click(findTestObject("2-OBJECTS TAREAS SECUNDARIAS/Pruebas Seguridad/6.1.7-Seleccionar Empresa/a_SARA_usuarioformatabtabla_rolesj_idt1523")): Object: 'Object Repository/2-OBJECTS TAREAS SECUNDARIAS/Pruebas Seguridad/6.1.7-Seleccionar Empresa/a_SARA_usuarioformatabtabla_rolesj_idt1523' is clicked on

2023-04-10 09:21:02 - [MESSAGE][PASSED] - Object: 'Object Repository/2-OBJECTS TAREAS SECUNDARIAS/Pruebas Seguridad/6.1.7-Seleccionar Empresa/a_SARA_usuarioformatabtabla_rolesj_idt1523' is clicked on

2023-04-10 09:21:02 - [TEST_STEP][PASSED] - selectOptionByIndex(findTestObject("2-OBJECTS TAREAS SECUNDARIAS/Pruebas Seguridad/6.1.7-Seleccionar Empresa/select_Seleccione1234234administradorAdministrador Calidad 3ADMONAspirantesAspirantesjjAuditoriaCAPACITACIONCOLABORADOR"), 8): All options with index in [8] are selected on object 'Object Repository/2-OBJECTS TAREAS SECUNDARIAS/Pruebas Seguridad/6.1.7-Seleccionar Empresa/select_Seleccione1234234administradorAdministrador Calidad 3ADMONAspirantesAspirantesjjAuditoriaCAPACITACIONCOLABORADOR'

2023-04-10 09:21:04 - [MESSAGE][PASSED] - All options with index in [8] are selected on object 'Object Repository/2-OBJECTS TAREAS SECUNDARIAS/Pruebas Seguridad/6.1.7-Seleccionar Empresa/select_Seleccione1234234administradorAdministrador Calidad 3ADMONAspirantesAspirantesjjAuditoriaCAPACITACIONCOLABORADOR'

2023-04-10 09:21:04 - [TEST_STEP][PASSED] - selectOptionByIndex(findTestObject("2-OBJECTS TAREAS SECUNDARIAS/Pruebas Seguridad/6.1.7-Seleccionar Empresa/select_SeleccioneCALIDADEmpresa 1Pruebas katalon"), 2): All options with index in [2] are selected on object 'Object Repository/2-OBJECTS TAREAS SECUNDARIAS/Pruebas Seguridad/6.1.7-Seleccionar Empresa/select_SeleccioneCALIDADEmpresa 1Pruebas katalon'

2023-04-10 09:21:05 - [MESSAGE][PASSED] - All options with index in [2] are selected on object 'Object Repository/2-OBJECTS TAREAS SECUNDARIAS/Pruebas Seguridad/6.1.7-Seleccionar Empresa/select_SeleccioneCALIDADEmpresa 1Pruebas katalon'

2023-04-10 09:21:05 - [TEST_STEP][PASSED] - selectOptionByIndex(findTestObject("2-OBJECTS TAREAS SECUNDARIAS/Pruebas Seguridad/6.1.7-Seleccionar Empresa/select_SeleccioneaspirantesempleadosDSflexoPruebasFlexoPruebasJboosInformixjavaSaraDS"), 3): All options with index in [3] are selected on object 'Object Repository/2-OBJECTS TAREAS SECUNDARIAS/Pruebas Seguridad/6.1.7-Seleccionar Empresa/select_SeleccioneaspirantesempleadosDSflexoPruebasFlexoPruebasJboosInformixjavaSaraDS'

2023-04-10 09:21:06 - [MESSAGE][PASSED] - All options with index in [3] are selected on object 'Object Repository/2-OBJECTS TAREAS SECUNDARIAS/Pruebas Seguridad/6.1.7-Seleccionar Empresa/select_SeleccioneaspirantesempleadosDSflexoPruebasFlexoPruebasJboosInformixjavaSaraDS'

2023-04-10 09:21:06 - [TEST_STEP][PASSED] - selectOptionByIndex(findTestObject("2-OBJECTS TAREAS SECUNDARIAS/Pruebas Seguridad/6.1.7-Seleccionar Empresa/select_--Seleccione--NUCLEO SISTEMASARAPORTAL SARASARA APPSARA APPSOFIASEGURIDADLMSSERVICIOSREGISTRO PERSONA"), 2): All options with index in [2] are selected on object 'Object Repository/2-OBJECTS TAREAS SECUNDARIAS/Pruebas Seguridad/6.1.7-Seleccionar Empresa/select_--Seleccione--NUCLEO SISTEMASARAPORTAL SARASARA APPSARA APPSOFIASEGURIDADLMSSERVICIOSREGISTRO PERSONA'

2023-04-10 09:21:08 - [MESSAGE][PASSED] - All options with index in [2] are selected on object 'Object Repository/2-OBJECTS TAREAS SECUNDARIAS/Pruebas Seguridad/6.1.7-Seleccionar Empresa/select_--Seleccione--NUCLEO SISTEMASARAPORTAL SARASARA APPSARA APPSOFIASEGURIDADLMSSERVICIOSREGISTRO PERSONA'

2023-04-10 09:21:08 - [TEST_STEP][PASSED] - click(findTestObject("2-OBJECTS TAREAS SECUNDARIAS/Pruebas Seguridad/6.1.7-Seleccionar Empresa/a_SARA_usuarioformatabtabla_rolesj_idt1524")): Object: 'Object Repository/2-OBJECTS TAREAS SECUNDARIAS/Pruebas Seguridad/6.1.7-Seleccionar Empresa/a_SARA_usuarioformatabtabla_rolesj_idt1524' is clicked on

2023-04-10 09:21:08 - [MESSAGE][PASSED] - Object: 'Object Repository/2-OBJECTS TAREAS SECUNDARIAS/Pruebas Seguridad/6.1.7-Seleccionar Empresa/a_SARA_usuarioformatabtabla_rolesj_idt1524' is clicked on

2023-04-10 09:21:08 - [TEST_STEP][PASSED] - selectOptionByIndex(findTestObject("2-OBJECTS TAREAS SECUNDARIAS/Pruebas Seguridad/6.1.7-Seleccionar Empresa/select_Seleccione1234234administradorAdministrador Calidad 3ADMONAspirantesAspirantesjjAuditoriaCAPACITACIONCOLABORADOR"), 7): All options with index in [7] are selected on object 'Object Repository/2-OBJECTS TAREAS SECUNDARIAS/Pruebas Seguridad/6.1.7-Seleccionar Empresa/select_Seleccione1234234administradorAdministrador Calidad 3ADMONAspirantesAspirantesjjAuditoriaCAPACITACIONCOLABORADOR'

2023-04-10 09:21:09 - [MESSAGE][PASSED] - All options with index in [7] are selected on object 'Object Repository/2-OBJECTS TAREAS SECUNDARIAS/Pruebas Seguridad/6.1.7-Seleccionar Empresa/select_Seleccione1234234administradorAdministrador Calidad 3ADMONAspirantesAspirantesjjAuditoriaCAPACITACIONCOLABORADOR'

2023-04-10 09:21:09 - [TEST_STEP][PASSED] - selectOptionByIndex(findTestObject("2-OBJECTS TAREAS SECUNDARIAS/Pruebas Seguridad/6.1.7-Seleccionar Empresa/select_SeleccioneCALIDADEmpresa 1Pruebas katalon"), 3): All options with index in [3] are selected on object 'Object Repository/2-OBJECTS TAREAS SECUNDARIAS/Pruebas Seguridad/6.1.7-Seleccionar Empresa/select_SeleccioneCALIDADEmpresa 1Pruebas katalon'

2023-04-10 09:21:11 - [MESSAGE][PASSED] - All options with index in [3] are selected on object 'Object Repository/2-OBJECTS TAREAS SECUNDARIAS/Pruebas Seguridad/6.1.7-Seleccionar Empresa/select_SeleccioneCALIDADEmpresa 1Pruebas katalon'

2023-04-10 09:21:11 - [TEST_STEP][PASSED] - selectOptionByIndex(findTestObject("2-OBJECTS TAREAS SECUNDARIAS/Pruebas Seguridad/6.1.7-Seleccionar Empresa/select_SeleccioneaspirantesempleadosDSflexoPruebasFlexoPruebasJboosInformixjavaSaraDS"), 2): All options with index in [2] are selected on object 'Object Repository/2-OBJECTS TAREAS SECUNDARIAS/Pruebas Seguridad/6.1.7-Seleccionar Empresa/select_SeleccioneaspirantesempleadosDSflexoPruebasFlexoPruebasJboosInformixjavaSaraDS'

2023-04-10 09:21:12 - [MESSAGE][PASSED] - All options with index in [2] are selected on object 'Object Repository/2-OBJECTS TAREAS SECUNDARIAS/Pruebas Seguridad/6.1.7-Seleccionar Empresa/select_SeleccioneaspirantesempleadosDSflexoPruebasFlexoPruebasJboosInformixjavaSaraDS'

2023-04-10 09:21:12 - [TEST_STEP][PASSED] - selectOptionByIndex(findTestObject("2-OBJECTS TAREAS SECUNDARIAS/Pruebas Seguridad/6.1.7-Seleccionar Empresa/select_--Seleccione--NUCLEO SISTEMASARAPORTAL SARASARA APPSARA APPSOFIASEGURIDADLMSSERVICIOSREGISTRO PERSONA"), 2): All options with index in [2] are selected on object 'Object Repository/2-OBJECTS TAREAS SECUNDARIAS/Pruebas Seguridad/6.1.7-Seleccionar Empresa/select_--Seleccione--NUCLEO SISTEMASARAPORTAL SARASARA APPSARA APPSOFIASEGURIDADLMSSERVICIOSREGISTRO PERSONA'

2023-04-10 09:21:13 - [MESSAGE][PASSED] - All options with index in [2] are selected on object 'Object Repository/2-OBJECTS TAREAS SECUNDARIAS/Pruebas Seguridad/6.1.7-Seleccionar Empresa/select_--Seleccione--NUCLEO SISTEMASARAPORTAL SARASARA APPSARA APPSOFIASEGURIDADLMSSERVICIOSREGISTRO PERSONA'

2023-04-10 09:21:13 - [TEST_STEP][PASSED] - click(findTestObject("2-OBJECTS TAREAS SECUNDARIAS/Pruebas Seguridad/6.1.7-Seleccionar Empresa/a_SARA_usuarioformatabtabla_rolesj_idt1525")): Object: 'Object Repository/2-OBJECTS TAREAS SECUNDARIAS/Pruebas Seguridad/6.1.7-Seleccionar Empresa/a_SARA_usuarioformatabtabla_rolesj_idt1525' is clicked on

2023-04-10 09:21:14 - [MESSAGE][PASSED] - Object: 'Object Repository/2-OBJECTS TAREAS SECUNDARIAS/Pruebas Seguridad/6.1.7-Seleccionar Empresa/a_SARA_usuarioformatabtabla_rolesj_idt1525' is clicked on

2023-04-10 09:21:14 - [TEST_STEP][PASSED] - selectOptionByIndex(findTestObject("2-OBJECTS TAREAS SECUNDARIAS/Pruebas Seguridad/6.1.7-Seleccionar Empresa/select_Seleccione1234234administradorAdministrador Calidad 3ADMONAspirantesAspirantesjjAuditoriaCAPACITACIONCOLABORADOR"), 6): All options with index in [6] are selected on object 'Object Repository/2-OBJECTS TAREAS SECUNDARIAS/Pruebas Seguridad/6.1.7-Seleccionar Empresa/select_Seleccione1234234administradorAdministrador Calidad 3ADMONAspirantesAspirantesjjAuditoriaCAPACITACIONCOLABORADOR'

2023-04-10 09:21:16 - [MESSAGE][PASSED] - All options with index in [6] are selected on object 'Object Repository/2-OBJECTS TAREAS SECUNDARIAS/Pruebas Seguridad/6.1.7-Seleccionar Empresa/select_Seleccione1234234administradorAdministrador Calidad 3ADMONAspirantesAspirantesjjAuditoriaCAPACITACIONCOLABORADOR'

2023-04-10 09:21:16 - [TEST_STEP][PASSED] - selectOptionByIndex(findTestObject("2-OBJECTS TAREAS SECUNDARIAS/Pruebas Seguridad/6.1.7-Seleccionar Empresa/select_SeleccioneCALIDADEmpresa 1Pruebas katalon"), 1): All options with index in [1] are selected on object 'Object Repository/2-OBJECTS TAREAS SECUNDARIAS/Pruebas Seguridad/6.1.7-Seleccionar Empresa/select_SeleccioneCALIDADEmpresa 1Pruebas katalon'

2023-04-10 09:21:17 - [MESSAGE][PASSED] - All options with index in [1] are selected on object 'Object Repository/2-OBJECTS TAREAS SECUNDARIAS/Pruebas Seguridad/6.1.7-Seleccionar Empresa/select_SeleccioneCALIDADEmpresa 1Pruebas katalon'

2023-04-10 09:21:17 - [TEST_STEP][PASSED] - selectOptionByIndex(findTestObject("2-OBJECTS TAREAS SECUNDARIAS/Pruebas Seguridad/6.1.7-Seleccionar Empresa/select_SeleccioneaspirantesempleadosDSflexoPruebasFlexoPruebasJboosInformixjavaSaraDS"), 1): All options with index in [1] are selected on object 'Object Repository/2-OBJECTS TAREAS SECUNDARIAS/Pruebas Seguridad/6.1.7-Seleccionar Empresa/select_SeleccioneaspirantesempleadosDSflexoPruebasFlexoPruebasJboosInformixjavaSaraDS'

2023-04-10 09:21:18 - [MESSAGE][PASSED] - All options with index in [1] are selected on object 'Object Repository/2-OBJECTS TAREAS SECUNDARIAS/Pruebas Seguridad/6.1.7-Seleccionar Empresa/select_SeleccioneaspirantesempleadosDSflexoPruebasFlexoPruebasJboosInformixjavaSaraDS'

2023-04-10 09:21:18 - [TEST_STEP][PASSED] - selectOptionByIndex(findTestObject("2-OBJECTS TAREAS SECUNDARIAS/Pruebas Seguridad/6.1.7-Seleccionar Empresa/select_--Seleccione--NUCLEO SISTEMASARAPORTAL SARASARA APPSARA APPSOFIASEGURIDADLMSSERVICIOSREGISTRO PERSONA"), 2): All options with index in [2] are selected on object 'Object Repository/2-OBJECTS TAREAS SECUNDARIAS/Pruebas Seguridad/6.1.7-Seleccionar Empresa/select_--Seleccione--NUCLEO SISTEMASARAPORTAL SARASARA APPSARA APPSOFIASEGURIDADLMSSERVICIOSREGISTRO PERSONA'

2023-04-10 09:21:19 - [MESSAGE][PASSED] - All options with index in [2] are selected on object 'Object Repository/2-OBJECTS TAREAS SECUNDARIAS/Pruebas Seguridad/6.1.7-Seleccionar Empresa/select_--Seleccione--NUCLEO SISTEMASARAPORTAL SARASARA APPSARA APPSOFIASEGURIDADLMSSERVICIOSREGISTRO PERSONA'

2023-04-10 09:21:19 - [TEST_STEP][PASSED] - click(findTestObject("2-OBJECTS TAREAS SECUNDARIAS/Pruebas Seguridad/6.1.7-Seleccionar Empresa/a_SARA_usuarioformatabtabla_rolesj_idt1526")): Object: 'Object Repository/2-OBJECTS TAREAS SECUNDARIAS/Pruebas Seguridad/6.1.7-Seleccionar Empresa/a_SARA_usuarioformatabtabla_rolesj_idt1526' is clicked on

2023-04-10 09:21:20 - [MESSAGE][PASSED] - Object: 'Object Repository/2-OBJECTS TAREAS SECUNDARIAS/Pruebas Seguridad/6.1.7-Seleccionar Empresa/a_SARA_usuarioformatabtabla_rolesj_idt1526' is clicked on

2023-04-10 09:21:20 - [TEST_STEP][PASSED] - selectOptionByIndex(findTestObject("2-OBJECTS TAREAS SECUNDARIAS/Pruebas Seguridad/6.1.7-Seleccionar Empresa/select_Seleccione1234234administradorAdministrador Calidad 3ADMONAspirantesAspirantesjjAuditoriaCAPACITACIONCOLABORADOR"), 5): All options with index in [5] are selected on object 'Object Repository/2-OBJECTS TAREAS SECUNDARIAS/Pruebas Seguridad/6.1.7-Seleccionar Empresa/select_Seleccione1234234administradorAdministrador Calidad 3ADMONAspirantesAspirantesjjAuditoriaCAPACITACIONCOLABORADOR'

2023-04-10 09:21:21 - [MESSAGE][PASSED] - All options with index in [5] are selected on object 'Object Repository/2-OBJECTS TAREAS SECUNDARIAS/Pruebas Seguridad/6.1.7-Seleccionar Empresa/select_Seleccione1234234administradorAdministrador Calidad 3ADMONAspirantesAspirantesjjAuditoriaCAPACITACIONCOLABORADOR'

2023-04-10 09:21:21 - [TEST_STEP][PASSED] - selectOptionByIndex(findTestObject("2-OBJECTS TAREAS SECUNDARIAS/Pruebas Seguridad/6.1.7-Seleccionar Empresa/select_SeleccioneCALIDADEmpresa 1Pruebas katalon"), 2): All options with index in [2] are selected on object 'Object Repository/2-OBJECTS TAREAS SECUNDARIAS/Pruebas Seguridad/6.1.7-Seleccionar Empresa/select_SeleccioneCALIDADEmpresa 1Pruebas katalon'

2023-04-10 09:21:22 - [MESSAGE][PASSED] - All options with index in [2] are selected on object 'Object Repository/2-OBJECTS TAREAS SECUNDARIAS/Pruebas Seguridad/6.1.7-Seleccionar Empresa/select_SeleccioneCALIDADEmpresa 1Pruebas katalon'

2023-04-10 09:21:22 - [TEST_STEP][PASSED] - selectOptionByIndex(findTestObject("2-OBJECTS TAREAS SECUNDARIAS/Pruebas Seguridad/6.1.7-Seleccionar Empresa/select_SeleccioneaspirantesempleadosDSflexoPruebasFlexoPruebasJboosInformixjavaSaraDS"), 5): All options with index in [5] are selected on object 'Object Repository/2-OBJECTS TAREAS SECUNDARIAS/Pruebas Seguridad/6.1.7-Seleccionar Empresa/select_SeleccioneaspirantesempleadosDSflexoPruebasFlexoPruebasJboosInformixjavaSaraDS'

2023-04-10 09:21:23 - [MESSAGE][PASSED] - All options with index in [5] are selected on object 'Object Repository/2-OBJECTS TAREAS SECUNDARIAS/Pruebas Seguridad/6.1.7-Seleccionar Empresa/select_SeleccioneaspirantesempleadosDSflexoPruebasFlexoPruebasJboosInformixjavaSaraDS'

2023-04-10 09:21:23 - [TEST_STEP][PASSED] - selectOptionByIndex(findTestObject("2-OBJECTS TAREAS SECUNDARIAS/Pruebas Seguridad/6.1.7-Seleccionar Empresa/select_--Seleccione--NUCLEO SISTEMASARAPORTAL SARASARA APPSARA APPSOFIASEGURIDADLMSSERVICIOSREGISTRO PERSONA"), 2): All options with index in [2] are selected on object 'Object Repository/2-OBJECTS TAREAS SECUNDARIAS/Pruebas Seguridad/6.1.7-Seleccionar Empresa/select_--Seleccione--NUCLEO SISTEMASARAPORTAL SARASARA APPSARA APPSOFIASEGURIDADLMSSERVICIOSREGISTRO PERSONA'

2023-04-10 09:21:25 - [MESSAGE][PASSED] - All options with index in [2] are selected on object 'Object Repository/2-OBJECTS TAREAS SECUNDARIAS/Pruebas Seguridad/6.1.7-Seleccionar Empresa/select_--Seleccione--NUCLEO SISTEMASARAPORTAL SARASARA APPSARA APPSOFIASEGURIDADLMSSERVICIOSREGISTRO PERSONA'

2023-04-10 09:21:25 - [TEST_STEP][PASSED] - click(findTestObject("2-OBJECTS TAREAS SECUNDARIAS/Pruebas Seguridad/6.1.7-Seleccionar Empresa/a_SARA_usuarioformatabtabla_rolesj_idt1527")): Object: 'Object Repository/2-OBJECTS TAREAS SECUNDARIAS/Pruebas Seguridad/6.1.7-Seleccionar Empresa/a_SARA_usuarioformatabtabla_rolesj_idt1527' is clicked on

2023-04-10 09:21:25 - [MESSAGE][PASSED] - Object: 'Object Repository/2-OBJECTS TAREAS SECUNDARIAS/Pruebas Seguridad/6.1.7-Seleccionar Empresa/a_SARA_usuarioformatabtabla_rolesj_idt1527' is clicked on

2023-04-10 09:21:25 - [TEST_STEP][PASSED] - selectOptionByIndex(findTestObject("2-OBJECTS TAREAS SECUNDARIAS/Pruebas Seguridad/6.1.7-Seleccionar Empresa/select_Seleccione1234234administradorAdministrador Calidad 3ADMONAspirantesAspirantesjjAuditoriaCAPACITACIONCOLABORADOR"), 4): All options with index in [4] are selected on object 'Object Repository/2-OBJECTS TAREAS SECUNDARIAS/Pruebas Seguridad/6.1.7-Seleccionar Empresa/select_Seleccione1234234administradorAdministrador Calidad 3ADMONAspirantesAspirantesjjAuditoriaCAPACITACIONCOLABORADOR'

2023-04-10 09:21:27 - [MESSAGE][PASSED] - All options with index in [4] are selected on object 'Object Repository/2-OBJECTS TAREAS SECUNDARIAS/Pruebas Seguridad/6.1.7-Seleccionar Empresa/select_Seleccione1234234administradorAdministrador Calidad 3ADMONAspirantesAspirantesjjAuditoriaCAPACITACIONCOLABORADOR'

2023-04-10 09:21:27 - [TEST_STEP][PASSED] - selectOptionByIndex(findTestObject("2-OBJECTS TAREAS SECUNDARIAS/Pruebas Seguridad/6.1.7-Seleccionar Empresa/select_SeleccioneCALIDADEmpresa 1Pruebas katalon"), 3): All options with index in [3] are selected on object 'Object Repository/2-OBJECTS TAREAS SECUNDARIAS/Pruebas Seguridad/6.1.7-Seleccionar Empresa/select_SeleccioneCALIDADEmpresa 1Pruebas katalon'

2023-04-10 09:21:28 - [MESSAGE][PASSED] - All options with index in [3] are selected on object 'Object Repository/2-OBJECTS TAREAS SECUNDARIAS/Pruebas Seguridad/6.1.7-Seleccionar Empresa/select_SeleccioneCALIDADEmpresa 1Pruebas katalon'

2023-04-10 09:21:28 - [TEST_STEP][PASSED] - selectOptionByIndex(findTestObject("2-OBJECTS TAREAS SECUNDARIAS/Pruebas Seguridad/6.1.7-Seleccionar Empresa/select_SeleccioneaspirantesempleadosDSflexoPruebasFlexoPruebasJboosInformixjavaSaraDS"), 4): All options with index in [4] are selected on object 'Object Repository/2-OBJECTS TAREAS SECUNDARIAS/Pruebas Seguridad/6.1.7-Seleccionar Empresa/select_SeleccioneaspirantesempleadosDSflexoPruebasFlexoPruebasJboosInformixjavaSaraDS'

2023-04-10 09:21:29 - [MESSAGE][PASSED] - All options with index in [4] are selected on object 'Object Repository/2-OBJECTS TAREAS SECUNDARIAS/Pruebas Seguridad/6.1.7-Seleccionar Empresa/select_SeleccioneaspirantesempleadosDSflexoPruebasFlexoPruebasJboosInformixjavaSaraDS'

2023-04-10 09:21:29 - [TEST_STEP][PASSED] - selectOptionByIndex(findTestObject("2-OBJECTS TAREAS SECUNDARIAS/Pruebas Seguridad/6.1.7-Seleccionar Empresa/select_--Seleccione--NUCLEO SISTEMASARAPORTAL SARASARA APPSARA APPSOFIASEGURIDADLMSSERVICIOSREGISTRO PERSONA"), 2): All options with index in [2] are selected on object 'Object Repository/2-OBJECTS TAREAS SECUNDARIAS/Pruebas Seguridad/6.1.7-Seleccionar Empresa/select_--Seleccione--NUCLEO SISTEMASARAPORTAL SARASARA APPSARA APPSOFIASEGURIDADLMSSERVICIOSREGISTRO PERSONA'

2023-04-10 09:21:31 - [MESSAGE][PASSED] - All options with index in [2] are selected on object 'Object Repository/2-OBJECTS TAREAS SECUNDARIAS/Pruebas Seguridad/6.1.7-Seleccionar Empresa/select_--Seleccione--NUCLEO SISTEMASARAPORTAL SARASARA APPSARA APPSOFIASEGURIDADLMSSERVICIOSREGISTRO PERSONA'

2023-04-10 09:21:31 - [TEST_STEP][PASSED] - click(findTestObject("2-OBJECTS TAREAS SECUNDARIAS/Pruebas Seguridad/6.1.7-Seleccionar Empresa/a_SARA_usuarioformatabtabla_rolesj_idt1528")): Object: 'Object Repository/2-OBJECTS TAREAS SECUNDARIAS/Pruebas Seguridad/6.1.7-Seleccionar Empresa/a_SARA_usuarioformatabtabla_rolesj_idt1528' is clicked on

2023-04-10 09:21:31 - [MESSAGE][PASSED] - Object: 'Object Repository/2-OBJECTS TAREAS SECUNDARIAS/Pruebas Seguridad/6.1.7-Seleccionar Empresa/a_SARA_usuarioformatabtabla_rolesj_idt1528' is clicked on

2023-04-10 09:21:31 - [TEST_STEP][PASSED] - selectOptionByIndex(findTestObject("2-OBJECTS TAREAS SECUNDARIAS/Pruebas Seguridad/6.1.7-Seleccionar Empresa/select_Seleccione1234234administradorAdministrador Calidad 3ADMONAspirantesAspirantesjjAuditoriaCAPACITACIONCOLABORADOR"), 3): All options with index in [3] are selected on object 'Object Repository/2-OBJECTS TAREAS SECUNDARIAS/Pruebas Seguridad/6.1.7-Seleccionar Empresa/select_Seleccione1234234administradorAdministrador Calidad 3ADMONAspirantesAspirantesjjAuditoriaCAPACITACIONCOLABORADOR'

2023-04-10 09:21:33 - [MESSAGE][PASSED] - All options with index in [3] are selected on object 'Object Repository/2-OBJECTS TAREAS SECUNDARIAS/Pruebas Seguridad/6.1.7-Seleccionar Empresa/select_Seleccione1234234administradorAdministrador Calidad 3ADMONAspirantesAspirantesjjAuditoriaCAPACITACIONCOLABORADOR'

2023-04-10 09:21:33 - [TEST_STEP][PASSED] - selectOptionByIndex(findTestObject("2-OBJECTS TAREAS SECUNDARIAS/Pruebas Seguridad/6.1.7-Seleccionar Empresa/select_SeleccioneCALIDADEmpresa 1Pruebas katalon"), 1): All options with index in [1] are selected on object 'Object Repository/2-OBJECTS TAREAS SECUNDARIAS/Pruebas Seguridad/6.1.7-Seleccionar Empresa/select_SeleccioneCALIDADEmpresa 1Pruebas katalon'

2023-04-10 09:21:34 - [MESSAGE][PASSED] - All options with index in [1] are selected on object 'Object Repository/2-OBJECTS TAREAS SECUNDARIAS/Pruebas Seguridad/6.1.7-Seleccionar Empresa/select_SeleccioneCALIDADEmpresa 1Pruebas katalon'

2023-04-10 09:21:34 - [TEST_STEP][PASSED] - selectOptionByIndex(findTestObject("2-OBJECTS TAREAS SECUNDARIAS/Pruebas Seguridad/6.1.7-Seleccionar Empresa/select_SeleccioneaspirantesempleadosDSflexoPruebasFlexoPruebasJboosInformixjavaSaraDS"), 3): All options with index in [3] are selected on object 'Object Repository/2-OBJECTS TAREAS SECUNDARIAS/Pruebas Seguridad/6.1.7-Seleccionar Empresa/select_SeleccioneaspirantesempleadosDSflexoPruebasFlexoPruebasJboosInformixjavaSaraDS'

2023-04-10 09:21:35 - [MESSAGE][PASSED] - All options with index in [3] are selected on object 'Object Repository/2-OBJECTS TAREAS SECUNDARIAS/Pruebas Seguridad/6.1.7-Seleccionar Empresa/select_SeleccioneaspirantesempleadosDSflexoPruebasFlexoPruebasJboosInformixjavaSaraDS'

2023-04-10 09:21:35 - [TEST_STEP][PASSED] - selectOptionByIndex(findTestObject("2-OBJECTS TAREAS SECUNDARIAS/Pruebas Seguridad/6.1.7-Seleccionar Empresa/select_--Seleccione--NUCLEO SISTEMASARAPORTAL SARASARA APPSARA APPSOFIASEGURIDADLMSSERVICIOSREGISTRO PERSONA"), 2): All options with index in [2] are selected on object 'Object Repository/2-OBJECTS TAREAS SECUNDARIAS/Pruebas Seguridad/6.1.7-Seleccionar Empresa/select_--Seleccione--NUCLEO SISTEMASARAPORTAL SARASARA APPSARA APPSOFIASEGURIDADLMSSERVICIOSREGISTRO PERSONA'

2023-04-10 09:21:36 - [MESSAGE][PASSED] - All options with index in [2] are selected on object 'Object Repository/2-OBJECTS TAREAS SECUNDARIAS/Pruebas Seguridad/6.1.7-Seleccionar Empresa/select_--Seleccione--NUCLEO SISTEMASARAPORTAL SARASARA APPSARA APPSOFIASEGURIDADLMSSERVICIOSREGISTRO PERSONA'

2023-04-10 09:21:36 - [TEST_STEP][PASSED] - click(findTestObject("2-OBJECTS TAREAS SECUNDARIAS/Pruebas Seguridad/6.1.7-Seleccionar Empresa/a_SARA_usuarioformatabtabla_rolesj_idt1529")): Object: 'Object Repository/2-OBJECTS TAREAS SECUNDARIAS/Pruebas Seguridad/6.1.7-Seleccionar Empresa/a_SARA_usuarioformatabtabla_rolesj_idt1529' is clicked on

2023-04-10 09:21:37 - [MESSAGE][PASSED] - Object: 'Object Repository/2-OBJECTS TAREAS SECUNDARIAS/Pruebas Seguridad/6.1.7-Seleccionar Empresa/a_SARA_usuarioformatabtabla_rolesj_idt1529' is clicked on

2023-04-10 09:21:37 - [TEST_STEP][PASSED] - click(findTestObject("2-OBJECTS TAREAS SECUNDARIAS/Pruebas Seguridad/6.1.7-Seleccionar Empresa/a_Acceso Roles")): Object: 'Object Repository/2-OBJECTS TAREAS SECUNDARIAS/Pruebas Seguridad/6.1.7-Seleccionar Empresa/a_Acceso Roles' is clicked on

2023-04-10 09:21:37 - [MESSAGE][PASSED] - Object: 'Object Repository/2-OBJECTS TAREAS SECUNDARIAS/Pruebas Seguridad/6.1.7-Seleccionar Empresa/a_Acceso Roles' is clicked on

2023-04-10 09:21:37 - [TEST_STEP][PASSED] - selectOptionByIndex(findTestObject("2-OBJECTS TAREAS SECUNDARIAS/Pruebas Seguridad/6.1.7-Seleccionar Empresa/select_Seleccione1234234administradorAdministrador Calidad 3ADMONA"), 3): All options with index in [3] are selected on object 'Object Repository/2-OBJECTS TAREAS SECUNDARIAS/Pruebas Seguridad/6.1.7-Seleccionar Empresa/select_Seleccione1234234administradorAdministrador Calidad 3ADMONA'

2023-04-10 09:21:38 - [MESSAGE][PASSED] - All options with index in [3] are selected on object 'Object Repository/2-OBJECTS TAREAS SECUNDARIAS/Pruebas Seguridad/6.1.7-Seleccionar Empresa/select_Seleccione1234234administradorAdministrador Calidad 3ADMONA'

2023-04-10 09:21:38 - [TEST_STEP][PASSED] - click(findTestObject("2-OBJECTS TAREAS SECUNDARIAS/Pruebas Seguridad/6.1.7-Seleccionar Empresa/a_No se encontr registros_usuarioformatabtabla_roles_individualj_idt1610")): Object: 'Object Repository/2-OBJECTS TAREAS SECUNDARIAS/Pruebas Seguridad/6.1.7-Seleccionar Empresa/a_No se encontr registros_usuarioformatabtabla_roles_individualj_idt1610' is clicked on

2023-04-10 09:21:39 - [MESSAGE][PASSED] - Object: 'Object Repository/2-OBJECTS TAREAS SECUNDARIAS/Pruebas Seguridad/6.1.7-Seleccionar Empresa/a_No se encontr registros_usuarioformatabtabla_roles_individualj_idt1610' is clicked on

2023-04-10 09:21:39 - [TEST_STEP][PASSED] - click(findTestObject("2-OBJECTS TAREAS SECUNDARIAS/Pruebas Seguridad/6.1.7-Seleccionar Empresa/select_Seleccione1234234administradorAdministrador Calidad 3ADMONA"), STOP_ON_FAILURE): Object: 'Object Repository/2-OBJECTS TAREAS SECUNDARIAS/Pruebas Seguridad/6.1.7-Seleccionar Empresa/select_Seleccione1234234administradorAdministrador Calidad 3ADMONA' is clicked on

2023-04-10 09:21:40 - [MESSAGE][PASSED] - Object: 'Object Repository/2-OBJECTS TAREAS SECUNDARIAS/Pruebas Seguridad/6.1.7-Seleccionar Empresa/select_Seleccione1234234administradorAdministrador Calidad 3ADMONA' is clicked on

2023-04-10 09:21:40 - [TEST_STEP][PASSED] - selectOptionByLabel(findTestObject("2-OBJECTS TAREAS SECUNDARIAS/Pruebas Seguridad/6.1.7-Seleccionar Empresa/select_Seleccione1234234administradorAdministrador Calidad 3ADMONA"), "EMPLEADO", false): All options with label 'EMPLEADO' are selected in object 'Object Repository/2-OBJECTS TAREAS SECUNDARIAS/Pruebas Seguridad/6.1.7-Seleccionar Empresa/select_Seleccione1234234administradorAdministrador Calidad 3ADMONA' 

2023-04-10 09:21:40 - [MESSAGE][PASSED] - All options with label 'EMPLEADO' are selected in object 'Object Repository/2-OBJECTS TAREAS SECUNDARIAS/Pruebas Seguridad/6.1.7-Seleccionar Empresa/select_Seleccione1234234administradorAdministrador Calidad 3ADMONA' 

2023-04-10 09:21:40 - [TEST_STEP][PASSED] - click(findTestObject("2-OBJECTS TAREAS SECUNDARIAS/Pruebas Seguridad/6.1.7-Seleccionar Empresa/a_administrador_usuarioformatabtabla_roles_individualj_idt1611")): Object: 'Object Repository/2-OBJECTS TAREAS SECUNDARIAS/Pruebas Seguridad/6.1.7-Seleccionar Empresa/a_administrador_usuarioformatabtabla_roles_individualj_idt1611' is clicked on

2023-04-10 09:21:41 - [MESSAGE][PASSED] - Object: 'Object Repository/2-OBJECTS TAREAS SECUNDARIAS/Pruebas Seguridad/6.1.7-Seleccionar Empresa/a_administrador_usuarioformatabtabla_roles_individualj_idt1611' is clicked on

2023-04-10 09:21:41 - [TEST_STEP][PASSED] - callTestCase(findTestCase("Utilidades-(atajos_para _tareas)/Login_Seguridad/Login-Seleccionar_Empresa"), [:], STOP_ON_FAILURE): Call Test Case 'Test Cases/Utilidades-(atajos_para _tareas)/Login_Seguridad/Login-Seleccionar_Empresa' successfully

2023-04-10 09:21:41 - [TEST_CASE][PASSED] - Test Cases/Utilidades-(atajos_para _tareas)/Login_Seguridad/Login-Seleccionar_Empresa: Test Cases/Utilidades-(atajos_para _tareas)/Login_Seguridad/Login-Seleccionar_Empresa

2023-04-10 09:21:41 - [TEST_STEP][PASSED] - openBrowser(""): Browser is opened with url: ''

2023-04-10 09:21:41 - [MESSAGE][WARNING] - A browser is already opened. Closing browser and opening a new one

2023-04-10 09:21:42 - [MESSAGE][INFO] - Starting 'Chrome' driver

2023-04-10 09:21:42 - [MESSAGE][INFO] - Action delay is set to 0 milliseconds

2023-04-10 09:21:43 - [MESSAGE][PASSED] - Browser is opened with url: ''

2023-04-10 09:21:43 - [TEST_STEP][PASSED] - maximizeWindow(): Current window maximized

2023-04-10 09:21:43 - [MESSAGE][PASSED] - Current window maximized

2023-04-10 09:21:43 - [TEST_STEP][PASSED] - i = G_Login: null

2023-04-10 09:21:43 - [TEST_STEP][PASSED] - url = new java.net.URL(i): null

2023-04-10 09:21:43 - [TEST_STEP][PASSED] - println("URL: " + url.toString()): null

2023-04-10 09:21:43 - [TEST_STEP][PASSED] - connection = url.openConnection(): null

2023-04-10 09:21:43 - [TEST_STEP][PASSED] - connection.setRequestMethod("GET"): null

2023-04-10 09:21:43 - [TEST_STEP][PASSED] - connection.setReadTimeout(2 * 1000): null

2023-04-10 09:21:43 - [TEST_STEP][PASSED] - try: null

2023-04-10 09:21:43 - [TEST_STEP][PASSED] - connection.connect(): null

2023-04-10 09:21:43 - [TEST_STEP][PASSED] - flag = connected: null

2023-04-10 09:21:43 - [TEST_STEP][PASSED] - println("Valor_ori: " + flag): null

2023-04-10 09:21:43 - [TEST_STEP][PASSED] - if (flag): null

2023-04-10 09:21:43 - [TEST_STEP][PASSED] - navigateToUrl(i): Navigate to 'http://192.168.2.19:8380/saraweb' successfully

2023-04-10 09:21:44 - [MESSAGE][PASSED] - Navigate to 'http://192.168.2.19:8380/saraweb' successfully

2023-04-10 09:21:44 - [TEST_STEP][PASSED] - a(): null

2023-04-10 09:21:44 - [TEST_STEP][PASSED] - setText(findTestObject("3-OBJECTS UTILIDADES/Login/input_USUARIO_loginusuario"), G_Usuario_617): Text 'Usuario' is set on object 'Object Repository/3-OBJECTS UTILIDADES/Login/input_USUARIO_loginusuario'

2023-04-10 09:21:45 - [MESSAGE][PASSED] - Text 'Usuario' is set on object 'Object Repository/3-OBJECTS UTILIDADES/Login/input_USUARIO_loginusuario'

2023-04-10 09:21:45 - [TEST_STEP][PASSED] - setEncryptedText(findTestObject("3-OBJECTS UTILIDADES/Login/input_CLAVE_loginpassword"), "SlAwMcyRKqrwbnzhAs8HhdIg46CWr/2Q"): Text ****** has been set on object 'Object Repository/3-OBJECTS UTILIDADES/Login/input_CLAVE_loginpassword'

2023-04-10 09:21:45 - [MESSAGE][PASSED] - Text ****** has been set on object 'Object Repository/3-OBJECTS UTILIDADES/Login/input_CLAVE_loginpassword'

2023-04-10 09:21:45 - [TEST_STEP][PASSED] - waitForElementClickable(findTestObject("3-OBJECTS UTILIDADES/Login/a_Ingresar"), G_TimeOut): Object 'Object Repository/3-OBJECTS UTILIDADES/Login/a_Ingresar' is clickable

2023-04-10 09:21:45 - [MESSAGE][PASSED] - Object 'Object Repository/3-OBJECTS UTILIDADES/Login/a_Ingresar' is clickable

2023-04-10 09:21:45 - [TEST_STEP][PASSED] - click(findTestObject("3-OBJECTS UTILIDADES/Login/a_Ingresar")): Object: 'Object Repository/3-OBJECTS UTILIDADES/Login/a_Ingresar' is clicked on

2023-04-10 09:21:46 - [MESSAGE][PASSED] - Object: 'Object Repository/3-OBJECTS UTILIDADES/Login/a_Ingresar' is clicked on

2023-04-10 09:21:46 - [MESSAGE][PASSED] - Call Test Case 'Test Cases/Utilidades-(atajos_para _tareas)/Login_Seguridad/Login-Seleccionar_Empresa' successfully

2023-04-10 09:21:46 - [TEST_STEP][FAILED] - setText(findTestObject("2-OBJECTS TAREAS SECUNDARIAS/Pruebas Seguridad/6.1.7-Seleccionar Empresa/input_Perfil_popupMopdulotablaBusquedaglobalFilter"), "Pruebas Katalon"): Unable to set text 'Pruebas Katalon' of object 'Object Repository/2-OBJECTS TAREAS SECUNDARIAS/Pruebas Seguridad/6.1.7-Seleccionar Empresa/input_Perfil_popupMopdulotablaBusquedaglobalFilter' (Root cause: com.kms.katalon.core.exception.StepFailedException: Unable to set text 'Pruebas Katalon' of object 'Object Repository/2-OBJECTS TAREAS SECUNDARIAS/Pruebas Seguridad/6.1.7-Seleccionar Empresa/input_Perfil_popupMopdulotablaBusquedaglobalFilter'
	at com.kms.katalon.core.webui.keyword.internal.WebUIKeywordMain.stepFailed(WebUIKeywordMain.groovy:64)
	at com.kms.katalon.core.webui.keyword.internal.WebUIKeywordMain.runKeyword(WebUIKeywordMain.groovy:26)
	at com.kms.katalon.core.webui.keyword.builtin.SetTextKeyword.setText(SetTextKeyword.groovy:66)
	at com.kms.katalon.core.webui.keyword.builtin.SetTextKeyword.execute(SetTextKeyword.groovy:37)
	at com.kms.katalon.core.keyword.internal.KeywordExecutor.executeKeywordForPlatform(KeywordExecutor.groovy:74)
	at com.kms.katalon.core.webui.keyword.WebUiBuiltInKeywords.setText(WebUiBuiltInKeywords.groovy:980)
	at com.kms.katalon.core.webui.keyword.WebUiBuiltInKeywords$setText$2.call(Unknown Source)
	at 1.8.1-Seleccionar Empresa.run(1.8.1-Seleccionar Empresa:114)
	at com.kms.katalon.core.main.ScriptEngine.run(ScriptEngine.java:194)
	at com.kms.katalon.core.main.ScriptEngine.runScriptAsRawText(ScriptEngine.java:119)
	at com.kms.katalon.core.main.TestCaseExecutor.runScript(TestCaseExecutor.java:448)
	at com.kms.katalon.core.main.TestCaseExecutor.doExecute(TestCaseExecutor.java:439)
	at com.kms.katalon.core.main.TestCaseExecutor.processExecutionPhase(TestCaseExecutor.java:418)
	at com.kms.katalon.core.main.TestCaseExecutor.accessMainPhase(TestCaseExecutor.java:410)
	at com.kms.katalon.core.main.TestCaseExecutor.execute(TestCaseExecutor.java:285)
	at com.kms.katalon.core.common.CommonExecutor.accessTestCaseMainPhase(CommonExecutor.java:65)
	at com.kms.katalon.core.main.TestSuiteExecutor.accessTestSuiteMainPhase(TestSuiteExecutor.java:148)
	at com.kms.katalon.core.main.TestSuiteExecutor.execute(TestSuiteExecutor.java:106)
	at com.kms.katalon.core.main.TestCaseMain.startTestSuite(TestCaseMain.java:187)
	at com.kms.katalon.core.main.TestCaseMain$startTestSuite$0.call(Unknown Source)
	at TempTestSuite1681133572502.run(TempTestSuite1681133572502.groovy:36)
Caused by: com.kms.katalon.core.webui.exception.WebElementNotFoundException: Web element with id: 'Object Repository/2-OBJECTS TAREAS SECUNDARIAS/Pruebas Seguridad/6.1.7-Seleccionar Empresa/input_Perfil_popupMopdulotablaBusquedaglobalFilter' located by '//input[@id='popupMopdulo:tablaBusqueda:globalFilter']' not found
	at com.kms.katalon.core.webui.common.WebUiCommonHelper.findWebElement(WebUiCommonHelper.java:1376)
	at com.kms.katalon.core.webui.keyword.internal.WebUIAbstractKeyword.findWebElement(WebUIAbstractKeyword.groovy:27)
	at com.kms.katalon.core.webui.keyword.internal.WebUIAbstractKeyword.findWebElement(WebUIAbstractKeyword.groovy:26)
	at com.kms.katalon.core.webui.keyword.builtin.SetTextKeyword$_setText_closure1.doCall(SetTextKeyword.groovy:51)
	at com.kms.katalon.core.webui.keyword.builtin.SetTextKeyword$_setText_closure1.call(SetTextKeyword.groovy)
	at com.kms.katalon.core.webui.keyword.internal.WebUIKeywordMain.runKeyword(WebUIKeywordMain.groovy:20)
	at com.kms.katalon.core.webui.keyword.builtin.SetTextKeyword.setText(SetTextKeyword.groovy:66)
	at com.kms.katalon.core.webui.keyword.builtin.SetTextKeyword.execute(SetTextKeyword.groovy:37)
	at com.kms.katalon.core.keyword.internal.KeywordExecutor.executeKeywordForPlatform(KeywordExecutor.groovy:74)
	at com.kms.katalon.core.webui.keyword.WebUiBuiltInKeywords.setText(WebUiBuiltInKeywords.groovy:980)
	at com.kms.katalon.core.webui.keyword.WebUiBuiltInKeywords$setText$2.call(Unknown Source)
	at Script1649705871820.run(Script1649705871820.groovy:114)
	... 13 more
)

2023-04-10 09:22:24 - [MESSAGE][INFO] - Unable to find the element located by 'By.xpath: //input[@id='popupMopdulo:tablaBusqueda:globalFilter']'. Please recheck the objects properties to make sure the desired element is located. 

2023-04-10 09:22:24 - [MESSAGE][FAILED] - Unable to set text 'Pruebas Katalon' of object 'Object Repository/2-OBJECTS TAREAS SECUNDARIAS/Pruebas Seguridad/6.1.7-Seleccionar Empresa/input_Perfil_popupMopdulotablaBusquedaglobalFilter' (Root cause: com.kms.katalon.core.exception.StepFailedException: Unable to set text 'Pruebas Katalon' of object 'Object Repository/2-OBJECTS TAREAS SECUNDARIAS/Pruebas Seguridad/6.1.7-Seleccionar Empresa/input_Perfil_popupMopdulotablaBusquedaglobalFilter'
	at com.kms.katalon.core.webui.keyword.internal.WebUIKeywordMain.stepFailed(WebUIKeywordMain.groovy:64)
	at com.kms.katalon.core.webui.keyword.internal.WebUIKeywordMain.runKeyword(WebUIKeywordMain.groovy:26)
	at com.kms.katalon.core.webui.keyword.builtin.SetTextKeyword.setText(SetTextKeyword.groovy:66)
	at com.kms.katalon.core.webui.keyword.builtin.SetTextKeyword.execute(SetTextKeyword.groovy:37)
	at com.kms.katalon.core.keyword.internal.KeywordExecutor.executeKeywordForPlatform(KeywordExecutor.groovy:74)
	at com.kms.katalon.core.webui.keyword.WebUiBuiltInKeywords.setText(WebUiBuiltInKeywords.groovy:980)
	at com.kms.katalon.core.webui.keyword.WebUiBuiltInKeywords$setText$2.call(Unknown Source)
	at 1.8.1-Seleccionar Empresa.run(1.8.1-Seleccionar Empresa:114)
	at com.kms.katalon.core.main.ScriptEngine.run(ScriptEngine.java:194)
	at com.kms.katalon.core.main.ScriptEngine.runScriptAsRawText(ScriptEngine.java:119)
	at com.kms.katalon.core.main.TestCaseExecutor.runScript(TestCaseExecutor.java:448)
	at com.kms.katalon.core.main.TestCaseExecutor.doExecute(TestCaseExecutor.java:439)
	at com.kms.katalon.core.main.TestCaseExecutor.processExecutionPhase(TestCaseExecutor.java:418)
	at com.kms.katalon.core.main.TestCaseExecutor.accessMainPhase(TestCaseExecutor.java:410)
	at com.kms.katalon.core.main.TestCaseExecutor.execute(TestCaseExecutor.java:285)
	at com.kms.katalon.core.common.CommonExecutor.accessTestCaseMainPhase(CommonExecutor.java:65)
	at com.kms.katalon.core.main.TestSuiteExecutor.accessTestSuiteMainPhase(TestSuiteExecutor.java:148)
	at com.kms.katalon.core.main.TestSuiteExecutor.execute(TestSuiteExecutor.java:106)
	at com.kms.katalon.core.main.TestCaseMain.startTestSuite(TestCaseMain.java:187)
	at com.kms.katalon.core.main.TestCaseMain$startTestSuite$0.call(Unknown Source)
	at TempTestSuite1681133572502.run(TempTestSuite1681133572502.groovy:36)
Caused by: com.kms.katalon.core.webui.exception.WebElementNotFoundException: Web element with id: 'Object Repository/2-OBJECTS TAREAS SECUNDARIAS/Pruebas Seguridad/6.1.7-Seleccionar Empresa/input_Perfil_popupMopdulotablaBusquedaglobalFilter' located by '//input[@id='popupMopdulo:tablaBusqueda:globalFilter']' not found
	at com.kms.katalon.core.webui.common.WebUiCommonHelper.findWebElement(WebUiCommonHelper.java:1376)
	at com.kms.katalon.core.webui.keyword.internal.WebUIAbstractKeyword.findWebElement(WebUIAbstractKeyword.groovy:27)
	at com.kms.katalon.core.webui.keyword.internal.WebUIAbstractKeyword.findWebElement(WebUIAbstractKeyword.groovy:26)
	at com.kms.katalon.core.webui.keyword.builtin.SetTextKeyword$_setText_closure1.doCall(SetTextKeyword.groovy:51)
	at com.kms.katalon.core.webui.keyword.builtin.SetTextKeyword$_setText_closure1.call(SetTextKeyword.groovy)
	at com.kms.katalon.core.webui.keyword.internal.WebUIKeywordMain.runKeyword(WebUIKeywordMain.groovy:20)
	at com.kms.katalon.core.webui.keyword.builtin.SetTextKeyword.setText(SetTextKeyword.groovy:66)
	at com.kms.katalon.core.webui.keyword.builtin.SetTextKeyword.execute(SetTextKeyword.groovy:37)
	at com.kms.katalon.core.keyword.internal.KeywordExecutor.executeKeywordForPlatform(KeywordExecutor.groovy:74)
	at com.kms.katalon.core.webui.keyword.WebUiBuiltInKeywords.setText(WebUiBuiltInKeywords.groovy:980)
	at com.kms.katalon.core.webui.keyword.WebUiBuiltInKeywords$setText$2.call(Unknown Source)
	at Script1649705871820.run(Script1649705871820.groovy:114)
	... 13 more
)
[[ATTACHMENT|C:\\Users\\diego.rojas\\git\\Pruebas-Minimas\\Reports\\20230410_083252\\Test_Suite_Principales\\1-Tareas Principales\\20230410_083252\\1681136544786.png]]]]></system-out>
         <system-err><![CDATA[2023-04-10 09:20:07 - [TEST_CASE][FAILED] - Test Cases/1.1-Tareas Principales/1.8.1-Seleccionar Empresa: Test Cases/1.1-Tareas Principales/1.8.1-Seleccionar Empresa FAILED.
Reason:
com.kms.katalon.core.exception.StepFailedException: Unable to set text 'Pruebas Katalon' of object 'Object Repository/2-OBJECTS TAREAS SECUNDARIAS/Pruebas Seguridad/6.1.7-Seleccionar Empresa/input_Perfil_popupMopdulotablaBusquedaglobalFilter'
	at com.kms.katalon.core.webui.keyword.internal.WebUIKeywordMain.stepFailed(WebUIKeywordMain.groovy:64)
	at com.kms.katalon.core.webui.keyword.internal.WebUIKeywordMain.runKeyword(WebUIKeywordMain.groovy:26)
	at com.kms.katalon.core.webui.keyword.builtin.SetTextKeyword.setText(SetTextKeyword.groovy:66)
	at com.kms.katalon.core.webui.keyword.builtin.SetTextKeyword.execute(SetTextKeyword.groovy:37)
	at com.kms.katalon.core.keyword.internal.KeywordExecutor.executeKeywordForPlatform(KeywordExecutor.groovy:74)
	at com.kms.katalon.core.webui.keyword.WebUiBuiltInKeywords.setText(WebUiBuiltInKeywords.groovy:980)
	at com.kms.katalon.core.webui.keyword.WebUiBuiltInKeywords$setText$2.call(Unknown Source)
	at 1.8.1-Seleccionar Empresa.run(1.8.1-Seleccionar Empresa:114)
	at com.kms.katalon.core.main.ScriptEngine.run(ScriptEngine.java:194)
	at com.kms.katalon.core.main.ScriptEngine.runScriptAsRawText(ScriptEngine.java:119)
	at com.kms.katalon.core.main.TestCaseExecutor.runScript(TestCaseExecutor.java:448)
	at com.kms.katalon.core.main.TestCaseExecutor.doExecute(TestCaseExecutor.java:439)
	at com.kms.katalon.core.main.TestCaseExecutor.processExecutionPhase(TestCaseExecutor.java:418)
	at com.kms.katalon.core.main.TestCaseExecutor.accessMainPhase(TestCaseExecutor.java:410)
	at com.kms.katalon.core.main.TestCaseExecutor.execute(TestCaseExecutor.java:285)
	at com.kms.katalon.core.common.CommonExecutor.accessTestCaseMainPhase(CommonExecutor.java:65)
	at com.kms.katalon.core.main.TestSuiteExecutor.accessTestSuiteMainPhase(TestSuiteExecutor.java:148)
	at com.kms.katalon.core.main.TestSuiteExecutor.execute(TestSuiteExecutor.java:106)
	at com.kms.katalon.core.main.TestCaseMain.startTestSuite(TestCaseMain.java:187)
	at com.kms.katalon.core.main.TestCaseMain$startTestSuite$0.call(Unknown Source)
	at TempTestSuite1681133572502.run(TempTestSuite1681133572502.groovy:36)
Caused by: com.kms.katalon.core.webui.exception.WebElementNotFoundException: Web element with id: 'Object Repository/2-OBJECTS TAREAS SECUNDARIAS/Pruebas Seguridad/6.1.7-Seleccionar Empresa/input_Perfil_popupMopdulotablaBusquedaglobalFilter' located by '//input[@id='popupMopdulo:tablaBusqueda:globalFilter']' not found
	at com.kms.katalon.core.webui.common.WebUiCommonHelper.findWebElement(WebUiCommonHelper.java:1376)
	at com.kms.katalon.core.webui.keyword.internal.WebUIAbstractKeyword.findWebElement(WebUIAbstractKeyword.groovy:27)
	at com.kms.katalon.core.webui.keyword.internal.WebUIAbstractKeyword.findWebElement(WebUIAbstractKeyword.groovy:26)
	at com.kms.katalon.core.webui.keyword.builtin.SetTextKeyword$_setText_closure1.doCall(SetTextKeyword.groovy:51)
	at com.kms.katalon.core.webui.keyword.builtin.SetTextKeyword$_setText_closure1.call(SetTextKeyword.groovy)
	at com.kms.katalon.core.webui.keyword.internal.WebUIKeywordMain.runKeyword(WebUIKeywordMain.groovy:20)
	... 19 more]]></system-err>
      </testcase>
      <testcase name="Test Cases/1.1-Tareas Principales/1.8.2-Ejecucion_de_Reportes" time="110.923" classname="Test Cases/1.1-Tareas Principales/1.8.2-Ejecucion_de_Reportes" status="PASSED">
         <system-out><![CDATA[2023-04-10 09:22:24 - [TEST_CASE][PASSED] - Test Cases/1.1-Tareas Principales/1.8.2-Ejecucion_de_Reportes: Test Cases/1.1-Tareas Principales/1.8.2-Ejecucion_de_Reportes

2023-04-10 09:22:25 - [TEST_STEP][PASSED] - callTestCase(findTestCase("0.1-Login"), [:], STOP_ON_FAILURE): Call Test Case 'Test Cases/0.1-Login' successfully

2023-04-10 09:22:25 - [TEST_CASE][PASSED] - Test Cases/0.1-Login: Test Cases/0.1-Login

2023-04-10 09:22:25 - [TEST_STEP][PASSED] - openBrowser(""): Browser is opened with url: ''

2023-04-10 09:22:25 - [MESSAGE][WARNING] - A browser is already opened. Closing browser and opening a new one

2023-04-10 09:22:26 - [MESSAGE][INFO] - Starting 'Chrome' driver

2023-04-10 09:22:26 - [MESSAGE][INFO] - Action delay is set to 0 milliseconds

2023-04-10 09:22:27 - [MESSAGE][PASSED] - Browser is opened with url: ''

2023-04-10 09:22:27 - [TEST_STEP][PASSED] - maximizeWindow(): Current window maximized

2023-04-10 09:22:27 - [MESSAGE][PASSED] - Current window maximized

2023-04-10 09:22:27 - [TEST_STEP][PASSED] - i = G_Login: null

2023-04-10 09:22:27 - [TEST_STEP][PASSED] - url = new java.net.URL(i): null

2023-04-10 09:22:27 - [TEST_STEP][PASSED] - println("URL: " + url.toString()): null

2023-04-10 09:22:27 - [TEST_STEP][PASSED] - connection = url.openConnection(): null

2023-04-10 09:22:27 - [TEST_STEP][PASSED] - connection.setRequestMethod("GET"): null

2023-04-10 09:22:27 - [TEST_STEP][PASSED] - connection.setReadTimeout(2 * 1000): null

2023-04-10 09:22:27 - [TEST_STEP][PASSED] - try: null

2023-04-10 09:22:27 - [TEST_STEP][PASSED] - connection.connect(): null

2023-04-10 09:22:27 - [TEST_STEP][PASSED] - flag = connected: null

2023-04-10 09:22:27 - [TEST_STEP][PASSED] - println("Valor_ori: " + flag): null

2023-04-10 09:22:27 - [TEST_STEP][PASSED] - if (flag): null

2023-04-10 09:22:27 - [TEST_STEP][PASSED] - navigateToUrl(i): Navigate to 'http://192.168.2.19:8380/saraweb' successfully

2023-04-10 09:22:27 - [MESSAGE][PASSED] - Navigate to 'http://192.168.2.19:8380/saraweb' successfully

2023-04-10 09:22:27 - [TEST_STEP][PASSED] - a(): null

2023-04-10 09:22:27 - [TEST_STEP][PASSED] - if (waitForElementVisible(findTestObject("3-OBJECTS UTILIDADES/Login/input_USUARIO_loginusuario"), 0)): null

2023-04-10 09:22:27 - [MESSAGE][WARNING] - Timeout '0' is invalid. Using default page load timeout: '37'

2023-04-10 09:22:28 - [MESSAGE][PASSED] - Object 'Object Repository/3-OBJECTS UTILIDADES/Login/input_USUARIO_loginusuario' is visible

2023-04-10 09:22:28 - [TEST_STEP][PASSED] - switchToWindowTitle("SARA"): Switched to window with title: 'SARA'

2023-04-10 09:22:28 - [MESSAGE][PASSED] - Switched to window with title: 'SARA'

2023-04-10 09:22:28 - [TEST_STEP][PASSED] - zoom(): null

2023-04-10 09:22:28 - [TEST_STEP][PASSED] - robot = new java.awt.Robot(): null

2023-04-10 09:22:28 - [TEST_STEP][PASSED] - robot.keyPress(VK_CONTROL): null

2023-04-10 09:22:28 - [TEST_STEP][PASSED] - robot.keyPress(VK_SUBTRACT): null

2023-04-10 09:22:28 - [TEST_STEP][PASSED] - robot.keyRelease(VK_CONTROL): null

2023-04-10 09:22:28 - [TEST_STEP][PASSED] - robot.keyRelease(VK_SUBTRACT): null

2023-04-10 09:22:28 - [TEST_STEP][PASSED] - robot.keyPress(VK_CONTROL): null

2023-04-10 09:22:28 - [TEST_STEP][PASSED] - robot.keyPress(VK_SUBTRACT): null

2023-04-10 09:22:28 - [TEST_STEP][PASSED] - robot.keyRelease(VK_CONTROL): null

2023-04-10 09:22:28 - [TEST_STEP][PASSED] - robot.keyRelease(VK_SUBTRACT): null

2023-04-10 09:22:28 - [TEST_STEP][PASSED] - robot.keyPress(VK_CONTROL): null

2023-04-10 09:22:28 - [TEST_STEP][PASSED] - robot.keyPress(VK_SUBTRACT): null

2023-04-10 09:22:28 - [TEST_STEP][PASSED] - robot.keyRelease(VK_CONTROL): null

2023-04-10 09:22:28 - [TEST_STEP][PASSED] - robot.keyRelease(VK_SUBTRACT): null

2023-04-10 09:22:28 - [TEST_STEP][PASSED] - robot.keyRelease(VK_CONTROL): null

2023-04-10 09:22:28 - [TEST_STEP][PASSED] - robot.keyRelease(VK_SUBTRACT): null

2023-04-10 09:22:28 - [TEST_STEP][PASSED] - setText(findTestObject("3-OBJECTS UTILIDADES/Login/input_USUARIO_loginusuario"), G_Usuario): Text 'saraadmin' is set on object 'Object Repository/3-OBJECTS UTILIDADES/Login/input_USUARIO_loginusuario'

2023-04-10 09:22:29 - [MESSAGE][PASSED] - Text 'saraadmin' is set on object 'Object Repository/3-OBJECTS UTILIDADES/Login/input_USUARIO_loginusuario'

2023-04-10 09:22:29 - [TEST_STEP][PASSED] - setEncryptedText(findTestObject("3-OBJECTS UTILIDADES/Login/input_CLAVE_loginpassword"), "SlAwMcyRKqrwbnzhAs8HhT6NnI7sEyng"): Text ****** has been set on object 'Object Repository/3-OBJECTS UTILIDADES/Login/input_CLAVE_loginpassword'

2023-04-10 09:22:31 - [MESSAGE][PASSED] - Text ****** has been set on object 'Object Repository/3-OBJECTS UTILIDADES/Login/input_CLAVE_loginpassword'

2023-04-10 09:22:31 - [TEST_STEP][PASSED] - while (waitForElementClickable(findTestObject("3-OBJECTS UTILIDADES/Login/a_Ingresar"), 1)): Web element with id: 'Object Repository/3-OBJECTS UTILIDADES/Login/a_Ingresar' located by '//a[contains(text(),'Ingresar')]' not found

2023-04-10 09:22:33 - [MESSAGE][INFO] - Unable to find the element located by 'By.xpath: //a[contains(text(),'Ingresar')]'. Please recheck the objects properties to make sure the desired element is located. 

2023-04-10 09:22:33 - [MESSAGE][WARNING] - Web element with id: 'Object Repository/3-OBJECTS UTILIDADES/Login/a_Ingresar' located by '//a[contains(text(),'Ingresar')]' not found

2023-04-10 09:22:33 - [MESSAGE][PASSED] - Call Test Case 'Test Cases/0.1-Login' successfully

2023-04-10 09:22:33 - [TEST_STEP][PASSED] - setText(findTestObject("1-OBJECTS TAREAS PRINCIPALES/Modulo Tarea Sara General/Ejecucion_de_Reportes/input_Empresa 1_form_templatej_idt24_input"), "Ejecucion Reporte (gna)"): Text 'Ejecucion Reporte (gna)' is set on object 'Object Repository/1-OBJECTS TAREAS PRINCIPALES/Modulo Tarea Sara General/Ejecucion_de_Reportes/input_Empresa 1_form_templatej_idt24_input'

2023-04-10 09:22:34 - [MESSAGE][PASSED] - Text 'Ejecucion Reporte (gna)' is set on object 'Object Repository/1-OBJECTS TAREAS PRINCIPALES/Modulo Tarea Sara General/Ejecucion_de_Reportes/input_Empresa 1_form_templatej_idt24_input'

2023-04-10 09:22:34 - [TEST_STEP][PASSED] - click(findTestObject("1-OBJECTS TAREAS PRINCIPALES/Modulo Tarea Sara General/Ejecucion_de_Reportes/span_Ejecucion Reporte (gna)")): Object: 'Object Repository/1-OBJECTS TAREAS PRINCIPALES/Modulo Tarea Sara General/Ejecucion_de_Reportes/span_Ejecucion Reporte (gna)' is clicked on

2023-04-10 09:22:35 - [MESSAGE][PASSED] - Object: 'Object Repository/1-OBJECTS TAREAS PRINCIPALES/Modulo Tarea Sara General/Ejecucion_de_Reportes/span_Ejecucion Reporte (gna)' is clicked on

2023-04-10 09:22:35 - [TEST_STEP][PASSED] - setText(findTestObject("1-OBJECTS TAREAS PRINCIPALES/Modulo Tarea Sara General/Ejecucion_de_Reportes/input_Parmetros_listaReporteFormj_idt64"), "Katalon"): Text 'Katalon' is set on object 'Object Repository/1-OBJECTS TAREAS PRINCIPALES/Modulo Tarea Sara General/Ejecucion_de_Reportes/input_Parmetros_listaReporteFormj_idt64'

2023-04-10 09:22:36 - [MESSAGE][PASSED] - Text 'Katalon' is set on object 'Object Repository/1-OBJECTS TAREAS PRINCIPALES/Modulo Tarea Sara General/Ejecucion_de_Reportes/input_Parmetros_listaReporteFormj_idt64'

2023-04-10 09:22:36 - [TEST_STEP][PASSED] - sendKeys(findTestObject("1-OBJECTS TAREAS PRINCIPALES/Modulo Tarea Sara General/Ejecucion_de_Reportes/input_Parmetros_listaReporteFormj_idt64"), Keys.chord(ENTER)): Keys 'ENTER + ' sent to object: 'Object Repository/1-OBJECTS TAREAS PRINCIPALES/Modulo Tarea Sara General/Ejecucion_de_Reportes/input_Parmetros_listaReporteFormj_idt64'

2023-04-10 09:22:37 - [MESSAGE][PASSED] - Keys 'ENTER + ' sent to object: 'Object Repository/1-OBJECTS TAREAS PRINCIPALES/Modulo Tarea Sara General/Ejecucion_de_Reportes/input_Parmetros_listaReporteFormj_idt64'

2023-04-10 09:22:37 - [TEST_STEP][PASSED] - click(findTestObject("1-OBJECTS TAREAS PRINCIPALES/Modulo Tarea Sara General/Ejecucion_de_Reportes/td_Reporte Vencimiento de Contratos Pruebas Katalon")): Object: 'Object Repository/1-OBJECTS TAREAS PRINCIPALES/Modulo Tarea Sara General/Ejecucion_de_Reportes/td_Reporte Vencimiento de Contratos Pruebas Katalon' is clicked on

2023-04-10 09:22:38 - [MESSAGE][PASSED] - Object: 'Object Repository/1-OBJECTS TAREAS PRINCIPALES/Modulo Tarea Sara General/Ejecucion_de_Reportes/td_Reporte Vencimiento de Contratos Pruebas Katalon' is clicked on

2023-04-10 09:22:38 - [TEST_STEP][PASSED] - click(findTestObject("1-OBJECTS TAREAS PRINCIPALES/Modulo Tarea Sara General/Ejecucion_de_Reportes/a_Ejecutar0")): Object: 'Object Repository/1-OBJECTS TAREAS PRINCIPALES/Modulo Tarea Sara General/Ejecucion_de_Reportes/a_Ejecutar0' is clicked on

2023-04-10 09:22:38 - [MESSAGE][PASSED] - Object: 'Object Repository/1-OBJECTS TAREAS PRINCIPALES/Modulo Tarea Sara General/Ejecucion_de_Reportes/a_Ejecutar0' is clicked on

2023-04-10 09:22:38 - [TEST_STEP][PASSED] - click(findTestObject("1-OBJECTS TAREAS PRINCIPALES/Modulo Tarea Sara General/Ejecucion_de_Reportes/a_Ver sentencia")): Object: 'Object Repository/1-OBJECTS TAREAS PRINCIPALES/Modulo Tarea Sara General/Ejecucion_de_Reportes/a_Ver sentencia' is clicked on

2023-04-10 09:22:39 - [MESSAGE][PASSED] - Object: 'Object Repository/1-OBJECTS TAREAS PRINCIPALES/Modulo Tarea Sara General/Ejecucion_de_Reportes/a_Ver sentencia' is clicked on

2023-04-10 09:22:39 - [TEST_STEP][PASSED] - waitForElementVisible(findTestObject("1-OBJECTS TAREAS PRINCIPALES/Modulo Tarea Sara General/Ejecucion_de_Reportes/textarea_select meml_hojavida, ceml_unidad, ceml_zonaeconomica, ceml_centrocosto, ceml_cargo,neml_vinculacion"), 1): Object 'Object Repository/1-OBJECTS TAREAS PRINCIPALES/Modulo Tarea Sara General/Ejecucion_de_Reportes/textarea_select meml_hojavida, ceml_unidad, ceml_zonaeconomica, ceml_centrocosto, ceml_cargo,neml_vinculacion' is visible

2023-04-10 09:22:39 - [MESSAGE][PASSED] - Object 'Object Repository/1-OBJECTS TAREAS PRINCIPALES/Modulo Tarea Sara General/Ejecucion_de_Reportes/textarea_select meml_hojavida, ceml_unidad, ceml_zonaeconomica, ceml_centrocosto, ceml_cargo,neml_vinculacion' is visible

2023-04-10 09:22:39 - [TEST_STEP][PASSED] - click(findTestObject("1-OBJECTS TAREAS PRINCIPALES/Modulo Tarea Sara General/Ejecucion_de_Reportes/span_Plantilla_ui-icon ui-icon-closethick")): Object: 'Object Repository/1-OBJECTS TAREAS PRINCIPALES/Modulo Tarea Sara General/Ejecucion_de_Reportes/span_Plantilla_ui-icon ui-icon-closethick' is clicked on

2023-04-10 09:22:40 - [MESSAGE][PASSED] - Object: 'Object Repository/1-OBJECTS TAREAS PRINCIPALES/Modulo Tarea Sara General/Ejecucion_de_Reportes/span_Plantilla_ui-icon ui-icon-closethick' is clicked on

2023-04-10 09:22:40 - [TEST_STEP][PASSED] - click(findTestObject("1-OBJECTS TAREAS PRINCIPALES/Modulo Tarea Sara General/Ejecucion_de_Reportes/label_Excel")): Object: 'Object Repository/1-OBJECTS TAREAS PRINCIPALES/Modulo Tarea Sara General/Ejecucion_de_Reportes/label_Excel' is clicked on

2023-04-10 09:22:40 - [MESSAGE][PASSED] - Object: 'Object Repository/1-OBJECTS TAREAS PRINCIPALES/Modulo Tarea Sara General/Ejecucion_de_Reportes/label_Excel' is clicked on

2023-04-10 09:22:40 - [TEST_STEP][PASSED] - element10 = findWebElement(findTestObject("1-OBJECTS TAREAS PRINCIPALES/Modulo Tarea Sara General/Ejecucion_de_Reportes/label_Descargar"), 30): null

2023-04-10 09:22:41 - [TEST_STEP][PASSED] - executeJavaScript("arguments[0].click()", Arrays.asList(element10)): Execute JavaScript 'arguments[0].click()' successfully

2023-04-10 09:22:41 - [MESSAGE][PASSED] - Execute JavaScript 'arguments[0].click()' successfully

2023-04-10 09:22:41 - [TEST_STEP][PASSED] - click(findTestObject("1-OBJECTS TAREAS PRINCIPALES/Modulo Tarea Sara General/Ejecucion_de_Reportes/input_Fecha Terminacion_popupReportetablaParametroReporte0fecha_input"), STOP_ON_FAILURE): Object: 'Object Repository/1-OBJECTS TAREAS PRINCIPALES/Modulo Tarea Sara General/Ejecucion_de_Reportes/input_Fecha Terminacion_popupReportetablaParametroReporte0fecha_input' is clicked on

2023-04-10 09:22:42 - [MESSAGE][PASSED] - Object: 'Object Repository/1-OBJECTS TAREAS PRINCIPALES/Modulo Tarea Sara General/Ejecucion_de_Reportes/input_Fecha Terminacion_popupReportetablaParametroReporte0fecha_input' is clicked on

2023-04-10 09:22:42 - [TEST_STEP][PASSED] - if (waitForElementVisible(findTestObject("1-OBJECTS TAREAS PRINCIPALES/Modulo Tarea Sara General/Ejecucion_de_Reportes/FECHA"), 0)): null

2023-04-10 09:22:42 - [MESSAGE][WARNING] - Timeout '0' is invalid. Using default page load timeout: '37'

2023-04-10 09:22:42 - [MESSAGE][PASSED] - Object 'Object Repository/1-OBJECTS TAREAS PRINCIPALES/Modulo Tarea Sara General/Ejecucion_de_Reportes/FECHA' is visible

2023-04-10 09:22:42 - [TEST_STEP][PASSED] - click(findTestObject("1-OBJECTS TAREAS PRINCIPALES/Modulo Tarea Sara General/Ejecucion_de_Reportes/FECHA")): Object: 'Object Repository/1-OBJECTS TAREAS PRINCIPALES/Modulo Tarea Sara General/Ejecucion_de_Reportes/FECHA' is clicked on

2023-04-10 09:22:42 - [MESSAGE][PASSED] - Object: 'Object Repository/1-OBJECTS TAREAS PRINCIPALES/Modulo Tarea Sara General/Ejecucion_de_Reportes/FECHA' is clicked on

2023-04-10 09:22:42 - [TEST_STEP][PASSED] - click(findTestObject("1-OBJECTS TAREAS PRINCIPALES/Modulo Tarea Sara General/Ejecucion_de_Reportes/input_Fecha Terminacion_popupReportetablaParametroReporte0fecha_input")): Object: 'Object Repository/1-OBJECTS TAREAS PRINCIPALES/Modulo Tarea Sara General/Ejecucion_de_Reportes/input_Fecha Terminacion_popupReportetablaParametroReporte0fecha_input' is clicked on

2023-04-10 09:22:43 - [MESSAGE][PASSED] - Object: 'Object Repository/1-OBJECTS TAREAS PRINCIPALES/Modulo Tarea Sara General/Ejecucion_de_Reportes/input_Fecha Terminacion_popupReportetablaParametroReporte0fecha_input' is clicked on

2023-04-10 09:22:43 - [TEST_STEP][PASSED] - fecha0 = getAttribute(findTestObject("1-OBJECTS TAREAS PRINCIPALES/Modulo Tarea Sara General/Ejecucion_de_Reportes/FECHA1"), "value"): Attribute 'value' of object 'Object Repository/1-OBJECTS TAREAS PRINCIPALES/Modulo Tarea Sara General/Ejecucion_de_Reportes/FECHA1' is: ''

2023-04-10 09:22:43 - [MESSAGE][PASSED] - Attribute 'value' of object 'Object Repository/1-OBJECTS TAREAS PRINCIPALES/Modulo Tarea Sara General/Ejecucion_de_Reportes/FECHA1' is: ''

2023-04-10 09:22:43 - [TEST_STEP][PASSED] - click(findTestObject("1-OBJECTS TAREAS PRINCIPALES/Modulo Tarea Sara General/Ejecucion_de_Reportes/FECHA")): Object: 'Object Repository/1-OBJECTS TAREAS PRINCIPALES/Modulo Tarea Sara General/Ejecucion_de_Reportes/FECHA' is clicked on

2023-04-10 09:22:43 - [MESSAGE][PASSED] - Object: 'Object Repository/1-OBJECTS TAREAS PRINCIPALES/Modulo Tarea Sara General/Ejecucion_de_Reportes/FECHA' is clicked on

2023-04-10 09:22:43 - [TEST_STEP][PASSED] - selectOptionByIndex(findTestObject("1-OBJECTS TAREAS PRINCIPALES/Modulo Tarea Sara General/Ejecucion_de_Reportes/select_CALIDADMENSUAL ABCMODELO EMPRESA QUINCENALPANSIONADOSPENSIONADOS BASEPRUEBAS"), "1"): All options with index in [1] are selected on object 'Object Repository/1-OBJECTS TAREAS PRINCIPALES/Modulo Tarea Sara General/Ejecucion_de_Reportes/select_CALIDADMENSUAL ABCMODELO EMPRESA QUINCENALPANSIONADOSPENSIONADOS BASEPRUEBAS'

2023-04-10 09:22:44 - [MESSAGE][PASSED] - All options with index in [1] are selected on object 'Object Repository/1-OBJECTS TAREAS PRINCIPALES/Modulo Tarea Sara General/Ejecucion_de_Reportes/select_CALIDADMENSUAL ABCMODELO EMPRESA QUINCENALPANSIONADOSPENSIONADOS BASEPRUEBAS'

2023-04-10 09:22:44 - [TEST_STEP][PASSED] - selectOptionByIndex(findTestObject("1-OBJECTS TAREAS PRINCIPALES/Modulo Tarea Sara General/Ejecucion_de_Reportes/select_Lista Cargo Empresa_popupReportetablaParametroReporte5j_idt1304"), 2): All options with index in [2] are selected on object 'Object Repository/1-OBJECTS TAREAS PRINCIPALES/Modulo Tarea Sara General/Ejecucion_de_Reportes/select_Lista Cargo Empresa_popupReportetablaParametroReporte5j_idt1304'

2023-04-10 09:22:46 - [MESSAGE][PASSED] - All options with index in [2] are selected on object 'Object Repository/1-OBJECTS TAREAS PRINCIPALES/Modulo Tarea Sara General/Ejecucion_de_Reportes/select_Lista Cargo Empresa_popupReportetablaParametroReporte5j_idt1304'

2023-04-10 09:22:46 - [TEST_STEP][PASSED] - fecha1 = getAttribute(findTestObject("1-OBJECTS TAREAS PRINCIPALES/Modulo Tarea Sara General/Ejecucion_de_Reportes/FECHA1"), "value"): Attribute 'value' of object 'Object Repository/1-OBJECTS TAREAS PRINCIPALES/Modulo Tarea Sara General/Ejecucion_de_Reportes/FECHA1' is: ''

2023-04-10 09:22:46 - [MESSAGE][PASSED] - Attribute 'value' of object 'Object Repository/1-OBJECTS TAREAS PRINCIPALES/Modulo Tarea Sara General/Ejecucion_de_Reportes/FECHA1' is: ''

2023-04-10 09:22:46 - [TEST_STEP][PASSED] - if (fecha1 != fecha0): null

2023-04-10 09:22:46 - [TEST_STEP][PASSED] - setText(findTestObject("1-OBJECTS TAREAS PRINCIPALES/Modulo Tarea Sara General/Ejecucion_de_Reportes/input_Fecha Terminacion_popupReportetablaParametroReporte0fecha_input"), Fecha()): null

2023-04-10 09:22:46 - [TEST_STEP][PASSED] - today = new java.util.Date(): null

2023-04-10 09:22:46 - [TEST_STEP][PASSED] - Dia = today.format("dd"): null

2023-04-10 09:22:46 - [TEST_STEP][PASSED] - Mes = today.format("MM"): null

2023-04-10 09:22:46 - [TEST_STEP][PASSED] - Año = today.format("yyyy"): null

2023-04-10 09:22:46 - [TEST_STEP][PASSED] - Añom = Año - 2: null

2023-04-10 09:22:46 - [TEST_STEP][PASSED] - FechaI = Dia + "/" + Mes + "/" + Añom: Text '10/04/2021' is set on object 'Object Repository/1-OBJECTS TAREAS PRINCIPALES/Modulo Tarea Sara General/Ejecucion_de_Reportes/input_Fecha Terminacion_popupReportetablaParametroReporte0fecha_input'

2023-04-10 09:22:47 - [MESSAGE][PASSED] - Text '10/04/2021' is set on object 'Object Repository/1-OBJECTS TAREAS PRINCIPALES/Modulo Tarea Sara General/Ejecucion_de_Reportes/input_Fecha Terminacion_popupReportetablaParametroReporte0fecha_input'

2023-04-10 09:22:47 - [TEST_STEP][PASSED] - click(findTestObject("1-OBJECTS TAREAS PRINCIPALES/Modulo Tarea Sara General/Ejecucion_de_Reportes/input_Estado Texto_popupReportetablaParametroReporte1j_idt1300"), STOP_ON_FAILURE): Object: 'Object Repository/1-OBJECTS TAREAS PRINCIPALES/Modulo Tarea Sara General/Ejecucion_de_Reportes/input_Estado Texto_popupReportetablaParametroReporte1j_idt1300' is clicked on

2023-04-10 09:22:48 - [MESSAGE][PASSED] - Object: 'Object Repository/1-OBJECTS TAREAS PRINCIPALES/Modulo Tarea Sara General/Ejecucion_de_Reportes/input_Estado Texto_popupReportetablaParametroReporte1j_idt1300' is clicked on

2023-04-10 09:22:48 - [TEST_STEP][PASSED] - setText(findTestObject("1-OBJECTS TAREAS PRINCIPALES/Modulo Tarea Sara General/Ejecucion_de_Reportes/input_Estado Texto_popupReportetablaParametroReporte1j_idt1300"), "A"): Text 'A' is set on object 'Object Repository/1-OBJECTS TAREAS PRINCIPALES/Modulo Tarea Sara General/Ejecucion_de_Reportes/input_Estado Texto_popupReportetablaParametroReporte1j_idt1300'

2023-04-10 09:22:49 - [MESSAGE][PASSED] - Text 'A' is set on object 'Object Repository/1-OBJECTS TAREAS PRINCIPALES/Modulo Tarea Sara General/Ejecucion_de_Reportes/input_Estado Texto_popupReportetablaParametroReporte1j_idt1300'

2023-04-10 09:22:49 - [TEST_STEP][PASSED] - setText(findTestObject("1-OBJECTS TAREAS PRINCIPALES/Modulo Tarea Sara General/Ejecucion_de_Reportes/input_Empresa Numero_popupReportetablaParametroReporte2j_idt1302"), "1"): Text '1' is set on object 'Object Repository/1-OBJECTS TAREAS PRINCIPALES/Modulo Tarea Sara General/Ejecucion_de_Reportes/input_Empresa Numero_popupReportetablaParametroReporte2j_idt1302'

2023-04-10 09:22:49 - [MESSAGE][PASSED] - Text '1' is set on object 'Object Repository/1-OBJECTS TAREAS PRINCIPALES/Modulo Tarea Sara General/Ejecucion_de_Reportes/input_Empresa Numero_popupReportetablaParametroReporte2j_idt1302'

2023-04-10 09:22:49 - [TEST_STEP][PASSED] - setText(findTestObject("1-OBJECTS TAREAS PRINCIPALES/Modulo Tarea Sara General/Ejecucion_de_Reportes/input_Empresa Decimal_popupReportetablaParametroReporte3j_idt1303"), "2"): Text '2' is set on object 'Object Repository/1-OBJECTS TAREAS PRINCIPALES/Modulo Tarea Sara General/Ejecucion_de_Reportes/input_Empresa Decimal_popupReportetablaParametroReporte3j_idt1303'

2023-04-10 09:22:51 - [MESSAGE][PASSED] - Text '2' is set on object 'Object Repository/1-OBJECTS TAREAS PRINCIPALES/Modulo Tarea Sara General/Ejecucion_de_Reportes/input_Empresa Decimal_popupReportetablaParametroReporte3j_idt1303'

2023-04-10 09:22:51 - [TEST_STEP][PASSED] - selectOptionByIndex(findTestObject("1-OBJECTS TAREAS PRINCIPALES/Modulo Tarea Sara General/Ejecucion_de_Reportes/select_CALIDADMENSUAL ABCMODELO EMPRESA QUINCENALPANSIONADOSPENSIONADOS BASEPRUEBAS"), "1"): All options with index in [1] are selected on object 'Object Repository/1-OBJECTS TAREAS PRINCIPALES/Modulo Tarea Sara General/Ejecucion_de_Reportes/select_CALIDADMENSUAL ABCMODELO EMPRESA QUINCENALPANSIONADOSPENSIONADOS BASEPRUEBAS'

2023-04-10 09:22:52 - [MESSAGE][PASSED] - All options with index in [1] are selected on object 'Object Repository/1-OBJECTS TAREAS PRINCIPALES/Modulo Tarea Sara General/Ejecucion_de_Reportes/select_CALIDADMENSUAL ABCMODELO EMPRESA QUINCENALPANSIONADOSPENSIONADOS BASEPRUEBAS'

2023-04-10 09:22:52 - [TEST_STEP][PASSED] - selectOptionByIndex(findTestObject("1-OBJECTS TAREAS PRINCIPALES/Modulo Tarea Sara General/Ejecucion_de_Reportes/select_Lista Cargo Empresa_popupReportetablaParametroReporte5j_idt1304"), 2): All options with index in [2] are selected on object 'Object Repository/1-OBJECTS TAREAS PRINCIPALES/Modulo Tarea Sara General/Ejecucion_de_Reportes/select_Lista Cargo Empresa_popupReportetablaParametroReporte5j_idt1304'

2023-04-10 09:22:53 - [MESSAGE][PASSED] - All options with index in [2] are selected on object 'Object Repository/1-OBJECTS TAREAS PRINCIPALES/Modulo Tarea Sara General/Ejecucion_de_Reportes/select_Lista Cargo Empresa_popupReportetablaParametroReporte5j_idt1304'

2023-04-10 09:22:53 - [TEST_STEP][PASSED] - while (waitForElementVisible(findTestObject("1-OBJECTS TAREAS PRINCIPALES/Modulo Tarea Sara General/Ejecucion_de_Reportes/a_Generar"), 1)): null

2023-04-10 09:22:53 - [MESSAGE][PASSED] - Object 'Object Repository/1-OBJECTS TAREAS PRINCIPALES/Modulo Tarea Sara General/Ejecucion_de_Reportes/a_Generar' is visible

2023-04-10 09:22:53 - [TEST_STEP][PASSED] - doubleClick(findTestObject("1-OBJECTS TAREAS PRINCIPALES/Modulo Tarea Sara General/Ejecucion_de_Reportes/a_Generar")): Object 'Object Repository/1-OBJECTS TAREAS PRINCIPALES/Modulo Tarea Sara General/Ejecucion_de_Reportes/a_Generar' is visible

2023-04-10 09:22:54 - [MESSAGE][PASSED] - Object: 'Object Repository/1-OBJECTS TAREAS PRINCIPALES/Modulo Tarea Sara General/Ejecucion_de_Reportes/a_Generar' is double clicked on

2023-04-10 09:22:55 - [MESSAGE][PASSED] - Object 'Object Repository/1-OBJECTS TAREAS PRINCIPALES/Modulo Tarea Sara General/Ejecucion_de_Reportes/a_Generar' is visible

2023-04-10 09:22:55 - [TEST_STEP][PASSED] - doubleClick(findTestObject("1-OBJECTS TAREAS PRINCIPALES/Modulo Tarea Sara General/Ejecucion_de_Reportes/a_Generar")): Web element with id: 'Object Repository/1-OBJECTS TAREAS PRINCIPALES/Modulo Tarea Sara General/Ejecucion_de_Reportes/a_Generar' located by '//table[@id='popupReporte:idEjecutar']/tbody/tr/td[2]/a' not found

2023-04-10 09:22:55 - [MESSAGE][PASSED] - Object: 'Object Repository/1-OBJECTS TAREAS PRINCIPALES/Modulo Tarea Sara General/Ejecucion_de_Reportes/a_Generar' is double clicked on

2023-04-10 09:22:57 - [MESSAGE][INFO] - Unable to find the element located by 'By.xpath: //table[@id='popupReporte:idEjecutar']/tbody/tr/td[2]/a'. Please recheck the objects properties to make sure the desired element is located. 

2023-04-10 09:22:57 - [MESSAGE][WARNING] - Web element with id: 'Object Repository/1-OBJECTS TAREAS PRINCIPALES/Modulo Tarea Sara General/Ejecucion_de_Reportes/a_Generar' located by '//table[@id='popupReporte:idEjecutar']/tbody/tr/td[2]/a' not found

2023-04-10 09:22:57 - [TEST_STEP][PASSED] - click(findTestObject("1-OBJECTS TAREAS PRINCIPALES/Modulo Tarea Sara General/Ejecucion_de_Reportes/a_Continuar")): Object: 'Object Repository/1-OBJECTS TAREAS PRINCIPALES/Modulo Tarea Sara General/Ejecucion_de_Reportes/a_Continuar' is clicked on

2023-04-10 09:22:59 - [MESSAGE][PASSED] - Object: 'Object Repository/1-OBJECTS TAREAS PRINCIPALES/Modulo Tarea Sara General/Ejecucion_de_Reportes/a_Continuar' is clicked on

2023-04-10 09:22:59 - [TEST_STEP][PASSED] - click(findTestObject("1-OBJECTS TAREAS PRINCIPALES/Modulo Tarea Sara General/Ejecucion_de_Reportes/a_Descargar")): Object: 'Object Repository/1-OBJECTS TAREAS PRINCIPALES/Modulo Tarea Sara General/Ejecucion_de_Reportes/a_Descargar' is clicked on

2023-04-10 09:22:59 - [MESSAGE][PASSED] - Object: 'Object Repository/1-OBJECTS TAREAS PRINCIPALES/Modulo Tarea Sara General/Ejecucion_de_Reportes/a_Descargar' is clicked on

2023-04-10 09:22:59 - [TEST_STEP][PASSED] - click(findTestObject("1-OBJECTS TAREAS PRINCIPALES/Modulo Tarea Sara General/Ejecucion_de_Reportes/span_Procedimiento_ui-icon ui-icon-closethick")): Object: 'Object Repository/1-OBJECTS TAREAS PRINCIPALES/Modulo Tarea Sara General/Ejecucion_de_Reportes/span_Procedimiento_ui-icon ui-icon-closethick' is clicked on

2023-04-10 09:23:00 - [MESSAGE][PASSED] - Object: 'Object Repository/1-OBJECTS TAREAS PRINCIPALES/Modulo Tarea Sara General/Ejecucion_de_Reportes/span_Procedimiento_ui-icon ui-icon-closethick' is clicked on

2023-04-10 09:23:00 - [TEST_STEP][PASSED] - click(findTestObject("1-OBJECTS TAREAS PRINCIPALES/Modulo Tarea Sara General/Ejecucion_de_Reportes/a_Ejecutar0")): Object: 'Object Repository/1-OBJECTS TAREAS PRINCIPALES/Modulo Tarea Sara General/Ejecucion_de_Reportes/a_Ejecutar0' is clicked on

2023-04-10 09:23:00 - [MESSAGE][PASSED] - Object: 'Object Repository/1-OBJECTS TAREAS PRINCIPALES/Modulo Tarea Sara General/Ejecucion_de_Reportes/a_Ejecutar0' is clicked on

2023-04-10 09:23:00 - [TEST_STEP][PASSED] - click(findTestObject("1-OBJECTS TAREAS PRINCIPALES/Modulo Tarea Sara General/Ejecucion_de_Reportes/div_plantilla")): Object: 'Object Repository/1-OBJECTS TAREAS PRINCIPALES/Modulo Tarea Sara General/Ejecucion_de_Reportes/div_plantilla' is clicked on

2023-04-10 09:23:01 - [MESSAGE][PASSED] - Object: 'Object Repository/1-OBJECTS TAREAS PRINCIPALES/Modulo Tarea Sara General/Ejecucion_de_Reportes/div_plantilla' is clicked on

2023-04-10 09:23:01 - [TEST_STEP][PASSED] - zoom(): null

2023-04-10 09:23:01 - [TEST_STEP][PASSED] - robot = new java.awt.Robot(): null

2023-04-10 09:23:01 - [TEST_STEP][PASSED] - robot.keyPress(VK_CONTROL): null

2023-04-10 09:23:01 - [TEST_STEP][PASSED] - robot.keyPress(VK_SUBTRACT): null

2023-04-10 09:23:01 - [TEST_STEP][PASSED] - robot.keyRelease(VK_CONTROL): null

2023-04-10 09:23:01 - [TEST_STEP][PASSED] - robot.keyRelease(VK_SUBTRACT): null

2023-04-10 09:23:01 - [TEST_STEP][PASSED] - robot.keyPress(VK_CONTROL): null

2023-04-10 09:23:01 - [TEST_STEP][PASSED] - robot.keyPress(VK_SUBTRACT): null

2023-04-10 09:23:01 - [TEST_STEP][PASSED] - element100 = findWebElement(findTestObject("1-OBJECTS TAREAS PRINCIPALES/Modulo Tarea Sara General/Ejecucion_de_Reportes/label_Descargar"), 30): null

2023-04-10 09:23:02 - [TEST_STEP][PASSED] - executeJavaScript("arguments[0].click()", Arrays.asList(element100)): Execute JavaScript 'arguments[0].click()' successfully

2023-04-10 09:23:02 - [MESSAGE][PASSED] - Execute JavaScript 'arguments[0].click()' successfully

2023-04-10 09:23:02 - [TEST_STEP][PASSED] - setText(findTestObject("1-OBJECTS TAREAS PRINCIPALES/Modulo Tarea Sara General/Ejecucion_de_Reportes/input_Fecha Terminacion_popupReportetablaParametroReporte0fecha_input"), Fecha()): null

2023-04-10 09:23:02 - [TEST_STEP][PASSED] - today = new java.util.Date(): null

2023-04-10 09:23:02 - [TEST_STEP][PASSED] - Dia = today.format("dd"): null

2023-04-10 09:23:02 - [TEST_STEP][PASSED] - Mes = today.format("MM"): null

2023-04-10 09:23:02 - [TEST_STEP][PASSED] - Año = today.format("yyyy"): null

2023-04-10 09:23:02 - [TEST_STEP][PASSED] - Añom = Año - 2: null

2023-04-10 09:23:02 - [TEST_STEP][PASSED] - FechaI = Dia + "/" + Mes + "/" + Añom: Text '10/04/2021' is set on object 'Object Repository/1-OBJECTS TAREAS PRINCIPALES/Modulo Tarea Sara General/Ejecucion_de_Reportes/input_Fecha Terminacion_popupReportetablaParametroReporte0fecha_input'

2023-04-10 09:23:03 - [MESSAGE][PASSED] - Text '10/04/2021' is set on object 'Object Repository/1-OBJECTS TAREAS PRINCIPALES/Modulo Tarea Sara General/Ejecucion_de_Reportes/input_Fecha Terminacion_popupReportetablaParametroReporte0fecha_input'

2023-04-10 09:23:03 - [TEST_STEP][PASSED] - click(findTestObject("1-OBJECTS TAREAS PRINCIPALES/Modulo Tarea Sara General/Ejecucion_de_Reportes/input_Estado Texto_popupReportetablaParametroReporte1j_idt1300"), STOP_ON_FAILURE): Object: 'Object Repository/1-OBJECTS TAREAS PRINCIPALES/Modulo Tarea Sara General/Ejecucion_de_Reportes/input_Estado Texto_popupReportetablaParametroReporte1j_idt1300' is clicked on

2023-04-10 09:23:03 - [MESSAGE][PASSED] - Object: 'Object Repository/1-OBJECTS TAREAS PRINCIPALES/Modulo Tarea Sara General/Ejecucion_de_Reportes/input_Estado Texto_popupReportetablaParametroReporte1j_idt1300' is clicked on

2023-04-10 09:23:03 - [TEST_STEP][PASSED] - setText(findTestObject("1-OBJECTS TAREAS PRINCIPALES/Modulo Tarea Sara General/Ejecucion_de_Reportes/input_Estado Texto_popupReportetablaParametroReporte1j_idt1300"), "A"): Text 'A' is set on object 'Object Repository/1-OBJECTS TAREAS PRINCIPALES/Modulo Tarea Sara General/Ejecucion_de_Reportes/input_Estado Texto_popupReportetablaParametroReporte1j_idt1300'

2023-04-10 09:23:04 - [MESSAGE][PASSED] - Text 'A' is set on object 'Object Repository/1-OBJECTS TAREAS PRINCIPALES/Modulo Tarea Sara General/Ejecucion_de_Reportes/input_Estado Texto_popupReportetablaParametroReporte1j_idt1300'

2023-04-10 09:23:04 - [TEST_STEP][PASSED] - selectOptionByIndex(findTestObject("1-OBJECTS TAREAS PRINCIPALES/Modulo Tarea Sara General/Ejecucion_de_Reportes/select_CALIDADMENSUAL ABCMODELO EMPRESA QUINCENALPANSIONADOSPENSIONADOS BASEPRUEBAS"), "1"): All options with index in [1] are selected on object 'Object Repository/1-OBJECTS TAREAS PRINCIPALES/Modulo Tarea Sara General/Ejecucion_de_Reportes/select_CALIDADMENSUAL ABCMODELO EMPRESA QUINCENALPANSIONADOSPENSIONADOS BASEPRUEBAS'

2023-04-10 09:23:05 - [MESSAGE][PASSED] - All options with index in [1] are selected on object 'Object Repository/1-OBJECTS TAREAS PRINCIPALES/Modulo Tarea Sara General/Ejecucion_de_Reportes/select_CALIDADMENSUAL ABCMODELO EMPRESA QUINCENALPANSIONADOSPENSIONADOS BASEPRUEBAS'

2023-04-10 09:23:05 - [TEST_STEP][PASSED] - selectOptionByIndex(findTestObject("1-OBJECTS TAREAS PRINCIPALES/Modulo Tarea Sara General/Ejecucion_de_Reportes/select_Lista Cargo Empresa_popupReportetablaParametroReporte5j_idt1304"), 2): All options with index in [2] are selected on object 'Object Repository/1-OBJECTS TAREAS PRINCIPALES/Modulo Tarea Sara General/Ejecucion_de_Reportes/select_Lista Cargo Empresa_popupReportetablaParametroReporte5j_idt1304'

2023-04-10 09:23:07 - [MESSAGE][PASSED] - All options with index in [2] are selected on object 'Object Repository/1-OBJECTS TAREAS PRINCIPALES/Modulo Tarea Sara General/Ejecucion_de_Reportes/select_Lista Cargo Empresa_popupReportetablaParametroReporte5j_idt1304'

2023-04-10 09:23:07 - [TEST_STEP][PASSED] - zoom(): null

2023-04-10 09:23:07 - [TEST_STEP][PASSED] - robot = new java.awt.Robot(): null

2023-04-10 09:23:07 - [TEST_STEP][PASSED] - robot.keyPress(VK_CONTROL): null

2023-04-10 09:23:07 - [TEST_STEP][PASSED] - robot.keyPress(VK_SUBTRACT): null

2023-04-10 09:23:07 - [TEST_STEP][PASSED] - robot.keyRelease(VK_CONTROL): null

2023-04-10 09:23:07 - [TEST_STEP][PASSED] - robot.keyRelease(VK_SUBTRACT): null

2023-04-10 09:23:07 - [TEST_STEP][PASSED] - robot.keyPress(VK_CONTROL): null

2023-04-10 09:23:07 - [TEST_STEP][PASSED] - robot.keyPress(VK_SUBTRACT): null

2023-04-10 09:23:07 - [TEST_STEP][PASSED] - doubleClick(findTestObject("1-OBJECTS TAREAS PRINCIPALES/Modulo Tarea Sara General/Ejecucion_de_Reportes/a_Generar")): Object: 'Object Repository/1-OBJECTS TAREAS PRINCIPALES/Modulo Tarea Sara General/Ejecucion_de_Reportes/a_Generar' is double clicked on

2023-04-10 09:23:08 - [MESSAGE][PASSED] - Object: 'Object Repository/1-OBJECTS TAREAS PRINCIPALES/Modulo Tarea Sara General/Ejecucion_de_Reportes/a_Generar' is double clicked on

2023-04-10 09:23:08 - [TEST_STEP][PASSED] - waitForElementVisible(findTestObject("1-OBJECTS TAREAS PRINCIPALES/Modulo Tarea Sara General/Ejecucion_de_Reportes/a_Continuar"), 0): Object 'Object Repository/1-OBJECTS TAREAS PRINCIPALES/Modulo Tarea Sara General/Ejecucion_de_Reportes/a_Continuar' is visible

2023-04-10 09:23:08 - [MESSAGE][WARNING] - Timeout '0' is invalid. Using default page load timeout: '37'

2023-04-10 09:23:21 - [MESSAGE][PASSED] - Object 'Object Repository/1-OBJECTS TAREAS PRINCIPALES/Modulo Tarea Sara General/Ejecucion_de_Reportes/a_Continuar' is visible

2023-04-10 09:23:21 - [TEST_STEP][PASSED] - getText(findTestObject("1-OBJECTS TAREAS PRINCIPALES/Modulo Tarea Sara General/Ejecucion_de_Reportes/div_El proceso fue ejecutado correctamente")): Text of object 'Object Repository/1-OBJECTS TAREAS PRINCIPALES/Modulo Tarea Sara General/Ejecucion_de_Reportes/div_El proceso fue ejecutado correctamente' is: 'El proceso fue ejecutado correctamente'

2023-04-10 09:23:22 - [MESSAGE][PASSED] - Text of object 'Object Repository/1-OBJECTS TAREAS PRINCIPALES/Modulo Tarea Sara General/Ejecucion_de_Reportes/div_El proceso fue ejecutado correctamente' is: 'El proceso fue ejecutado correctamente'

2023-04-10 09:23:22 - [TEST_STEP][PASSED] - click(findTestObject("1-OBJECTS TAREAS PRINCIPALES/Modulo Tarea Sara General/Ejecucion_de_Reportes/a_Continuar")): Object: 'Object Repository/1-OBJECTS TAREAS PRINCIPALES/Modulo Tarea Sara General/Ejecucion_de_Reportes/a_Continuar' is clicked on

2023-04-10 09:23:22 - [MESSAGE][PASSED] - Object: 'Object Repository/1-OBJECTS TAREAS PRINCIPALES/Modulo Tarea Sara General/Ejecucion_de_Reportes/a_Continuar' is clicked on

2023-04-10 09:23:22 - [TEST_STEP][PASSED] - click(findTestObject("1-OBJECTS TAREAS PRINCIPALES/Modulo Tarea Sara General/Ejecucion_de_Reportes/a_Descargar")): Object: 'Object Repository/1-OBJECTS TAREAS PRINCIPALES/Modulo Tarea Sara General/Ejecucion_de_Reportes/a_Descargar' is clicked on

2023-04-10 09:23:23 - [MESSAGE][PASSED] - Object: 'Object Repository/1-OBJECTS TAREAS PRINCIPALES/Modulo Tarea Sara General/Ejecucion_de_Reportes/a_Descargar' is clicked on

2023-04-10 09:23:23 - [TEST_STEP][PASSED] - click(findTestObject("1-OBJECTS TAREAS PRINCIPALES/Modulo Tarea Sara General/Ejecucion_de_Reportes/span_Procedimiento_ui-icon ui-icon-closethick")): Object: 'Object Repository/1-OBJECTS TAREAS PRINCIPALES/Modulo Tarea Sara General/Ejecucion_de_Reportes/span_Procedimiento_ui-icon ui-icon-closethick' is clicked on

2023-04-10 09:23:25 - [MESSAGE][PASSED] - Object: 'Object Repository/1-OBJECTS TAREAS PRINCIPALES/Modulo Tarea Sara General/Ejecucion_de_Reportes/span_Procedimiento_ui-icon ui-icon-closethick' is clicked on

2023-04-10 09:23:25 - [TEST_STEP][PASSED] - switchToWindowTitle("SARA"): Switched to window with title: 'SARA'

2023-04-10 09:23:25 - [MESSAGE][PASSED] - Switched to window with title: 'SARA'

2023-04-10 09:23:25 - [TEST_STEP][PASSED] - click(findTestObject("1-OBJECTS TAREAS PRINCIPALES/Modulo Tarea Sara General/Ejecucion_de_Reportes/a_Ejecutar0")): Object: 'Object Repository/1-OBJECTS TAREAS PRINCIPALES/Modulo Tarea Sara General/Ejecucion_de_Reportes/a_Ejecutar0' is clicked on

2023-04-10 09:23:25 - [MESSAGE][PASSED] - Object: 'Object Repository/1-OBJECTS TAREAS PRINCIPALES/Modulo Tarea Sara General/Ejecucion_de_Reportes/a_Ejecutar0' is clicked on

2023-04-10 09:23:25 - [TEST_STEP][PASSED] - setText(findTestObject("1-OBJECTS TAREAS PRINCIPALES/Modulo Tarea Sara General/Ejecucion_de_Reportes/input_Fecha Terminacion_popupReportetablaParametroReporte0fecha_input"), Fecha()): null

2023-04-10 09:23:25 - [TEST_STEP][PASSED] - today = new java.util.Date(): null

2023-04-10 09:23:25 - [TEST_STEP][PASSED] - Dia = today.format("dd"): null

2023-04-10 09:23:25 - [TEST_STEP][PASSED] - Mes = today.format("MM"): null

2023-04-10 09:23:25 - [TEST_STEP][PASSED] - Año = today.format("yyyy"): null

2023-04-10 09:23:25 - [TEST_STEP][PASSED] - Añom = Año - 2: null

2023-04-10 09:23:25 - [TEST_STEP][PASSED] - FechaI = Dia + "/" + Mes + "/" + Añom: Text '10/04/2021' is set on object 'Object Repository/1-OBJECTS TAREAS PRINCIPALES/Modulo Tarea Sara General/Ejecucion_de_Reportes/input_Fecha Terminacion_popupReportetablaParametroReporte0fecha_input'

2023-04-10 09:23:27 - [MESSAGE][PASSED] - Text '10/04/2021' is set on object 'Object Repository/1-OBJECTS TAREAS PRINCIPALES/Modulo Tarea Sara General/Ejecucion_de_Reportes/input_Fecha Terminacion_popupReportetablaParametroReporte0fecha_input'

2023-04-10 09:23:27 - [TEST_STEP][PASSED] - click(findTestObject("1-OBJECTS TAREAS PRINCIPALES/Modulo Tarea Sara General/Ejecucion_de_Reportes/input_Estado Texto_popupReportetablaParametroReporte1j_idt1300"), STOP_ON_FAILURE): Object: 'Object Repository/1-OBJECTS TAREAS PRINCIPALES/Modulo Tarea Sara General/Ejecucion_de_Reportes/input_Estado Texto_popupReportetablaParametroReporte1j_idt1300' is clicked on

2023-04-10 09:23:27 - [MESSAGE][PASSED] - Object: 'Object Repository/1-OBJECTS TAREAS PRINCIPALES/Modulo Tarea Sara General/Ejecucion_de_Reportes/input_Estado Texto_popupReportetablaParametroReporte1j_idt1300' is clicked on

2023-04-10 09:23:27 - [TEST_STEP][PASSED] - setText(findTestObject("1-OBJECTS TAREAS PRINCIPALES/Modulo Tarea Sara General/Ejecucion_de_Reportes/input_Estado Texto_popupReportetablaParametroReporte1j_idt1300"), "A"): Text 'A' is set on object 'Object Repository/1-OBJECTS TAREAS PRINCIPALES/Modulo Tarea Sara General/Ejecucion_de_Reportes/input_Estado Texto_popupReportetablaParametroReporte1j_idt1300'

2023-04-10 09:23:28 - [MESSAGE][PASSED] - Text 'A' is set on object 'Object Repository/1-OBJECTS TAREAS PRINCIPALES/Modulo Tarea Sara General/Ejecucion_de_Reportes/input_Estado Texto_popupReportetablaParametroReporte1j_idt1300'

2023-04-10 09:23:28 - [TEST_STEP][PASSED] - selectOptionByIndex(findTestObject("1-OBJECTS TAREAS PRINCIPALES/Modulo Tarea Sara General/Ejecucion_de_Reportes/select_CALIDADMENSUAL ABCMODELO EMPRESA QUINCENALPANSIONADOSPENSIONADOS BASEPRUEBAS"), "1"): All options with index in [1] are selected on object 'Object Repository/1-OBJECTS TAREAS PRINCIPALES/Modulo Tarea Sara General/Ejecucion_de_Reportes/select_CALIDADMENSUAL ABCMODELO EMPRESA QUINCENALPANSIONADOSPENSIONADOS BASEPRUEBAS'

2023-04-10 09:23:29 - [MESSAGE][PASSED] - All options with index in [1] are selected on object 'Object Repository/1-OBJECTS TAREAS PRINCIPALES/Modulo Tarea Sara General/Ejecucion_de_Reportes/select_CALIDADMENSUAL ABCMODELO EMPRESA QUINCENALPANSIONADOSPENSIONADOS BASEPRUEBAS'

2023-04-10 09:23:29 - [TEST_STEP][PASSED] - selectOptionByIndex(findTestObject("1-OBJECTS TAREAS PRINCIPALES/Modulo Tarea Sara General/Ejecucion_de_Reportes/select_Lista Cargo Empresa_popupReportetablaParametroReporte5j_idt1304"), 2): All options with index in [2] are selected on object 'Object Repository/1-OBJECTS TAREAS PRINCIPALES/Modulo Tarea Sara General/Ejecucion_de_Reportes/select_Lista Cargo Empresa_popupReportetablaParametroReporte5j_idt1304'

2023-04-10 09:23:31 - [MESSAGE][PASSED] - All options with index in [2] are selected on object 'Object Repository/1-OBJECTS TAREAS PRINCIPALES/Modulo Tarea Sara General/Ejecucion_de_Reportes/select_Lista Cargo Empresa_popupReportetablaParametroReporte5j_idt1304'

2023-04-10 09:23:31 - [TEST_STEP][PASSED] - element13 = findWebElement(findTestObject("1-OBJECTS TAREAS PRINCIPALES/Modulo Tarea Sara General/Ejecucion_de_Reportes/div_plantilla"), 30): null

2023-04-10 09:23:32 - [TEST_STEP][PASSED] - executeJavaScript("arguments[0].click()", Arrays.asList(element13)): Execute JavaScript 'arguments[0].click()' successfully

2023-04-10 09:23:32 - [MESSAGE][PASSED] - Execute JavaScript 'arguments[0].click()' successfully

2023-04-10 09:23:32 - [TEST_STEP][PASSED] - click(findTestObject("1-OBJECTS TAREAS PRINCIPALES/Modulo Tarea Sara General/Ejecucion_de_Reportes/div_Publicar_ui-rabiobutto")): Object: 'Object Repository/1-OBJECTS TAREAS PRINCIPALES/Modulo Tarea Sara General/Ejecucion_de_Reportes/div_Publicar_ui-rabiobutto' is clicked on

2023-04-10 09:23:33 - [MESSAGE][PASSED] - Object: 'Object Repository/1-OBJECTS TAREAS PRINCIPALES/Modulo Tarea Sara General/Ejecucion_de_Reportes/div_Publicar_ui-rabiobutto' is clicked on

2023-04-10 09:23:33 - [TEST_STEP][PASSED] - click(findTestObject("1-OBJECTS TAREAS PRINCIPALES/Modulo Tarea Sara General/Ejecucion_de_Reportes/a_Boton_Publicar")): Object: 'Object Repository/1-OBJECTS TAREAS PRINCIPALES/Modulo Tarea Sara General/Ejecucion_de_Reportes/a_Boton_Publicar' is clicked on

2023-04-10 09:23:33 - [MESSAGE][PASSED] - Object: 'Object Repository/1-OBJECTS TAREAS PRINCIPALES/Modulo Tarea Sara General/Ejecucion_de_Reportes/a_Boton_Publicar' is clicked on

2023-04-10 09:23:33 - [TEST_STEP][PASSED] - click(findTestObject("1-OBJECTS TAREAS PRINCIPALES/Modulo Tarea Sara General/Ejecucion_de_Reportes/a_Continuar")): Object: 'Object Repository/1-OBJECTS TAREAS PRINCIPALES/Modulo Tarea Sara General/Ejecucion_de_Reportes/a_Continuar' is clicked on

2023-04-10 09:23:34 - [MESSAGE][PASSED] - Object: 'Object Repository/1-OBJECTS TAREAS PRINCIPALES/Modulo Tarea Sara General/Ejecucion_de_Reportes/a_Continuar' is clicked on

2023-04-10 09:23:34 - [TEST_STEP][PASSED] - switchToWindowTitle("SARA"): Switched to window with title: 'SARA'

2023-04-10 09:23:34 - [MESSAGE][PASSED] - Switched to window with title: 'SARA'

2023-04-10 09:23:34 - [TEST_STEP][PASSED] - click(findTestObject("1-OBJECTS TAREAS PRINCIPALES/Modulo Tarea Sara General/Ejecucion_de_Reportes/a_Ejecutar0")): Object: 'Object Repository/1-OBJECTS TAREAS PRINCIPALES/Modulo Tarea Sara General/Ejecucion_de_Reportes/a_Ejecutar0' is clicked on

2023-04-10 09:23:34 - [MESSAGE][PASSED] - Object: 'Object Repository/1-OBJECTS TAREAS PRINCIPALES/Modulo Tarea Sara General/Ejecucion_de_Reportes/a_Ejecutar0' is clicked on

2023-04-10 09:23:34 - [TEST_STEP][PASSED] - setText(findTestObject("1-OBJECTS TAREAS PRINCIPALES/Modulo Tarea Sara General/Ejecucion_de_Reportes/input_Fecha Terminacion_popupReportetablaParametroReporte0fecha_input"), Fecha()): null

2023-04-10 09:23:35 - [TEST_STEP][PASSED] - today = new java.util.Date(): null

2023-04-10 09:23:35 - [TEST_STEP][PASSED] - Dia = today.format("dd"): null

2023-04-10 09:23:35 - [TEST_STEP][PASSED] - Mes = today.format("MM"): null

2023-04-10 09:23:35 - [TEST_STEP][PASSED] - Año = today.format("yyyy"): null

2023-04-10 09:23:35 - [TEST_STEP][PASSED] - Añom = Año - 2: null

2023-04-10 09:23:35 - [TEST_STEP][PASSED] - FechaI = Dia + "/" + Mes + "/" + Añom: Text '10/04/2021' is set on object 'Object Repository/1-OBJECTS TAREAS PRINCIPALES/Modulo Tarea Sara General/Ejecucion_de_Reportes/input_Fecha Terminacion_popupReportetablaParametroReporte0fecha_input'

2023-04-10 09:23:35 - [MESSAGE][PASSED] - Text '10/04/2021' is set on object 'Object Repository/1-OBJECTS TAREAS PRINCIPALES/Modulo Tarea Sara General/Ejecucion_de_Reportes/input_Fecha Terminacion_popupReportetablaParametroReporte0fecha_input'

2023-04-10 09:23:35 - [TEST_STEP][PASSED] - click(findTestObject("1-OBJECTS TAREAS PRINCIPALES/Modulo Tarea Sara General/Ejecucion_de_Reportes/input_Estado Texto_popupReportetablaParametroReporte1j_idt1300"), STOP_ON_FAILURE): Object: 'Object Repository/1-OBJECTS TAREAS PRINCIPALES/Modulo Tarea Sara General/Ejecucion_de_Reportes/input_Estado Texto_popupReportetablaParametroReporte1j_idt1300' is clicked on

2023-04-10 09:23:36 - [MESSAGE][PASSED] - Object: 'Object Repository/1-OBJECTS TAREAS PRINCIPALES/Modulo Tarea Sara General/Ejecucion_de_Reportes/input_Estado Texto_popupReportetablaParametroReporte1j_idt1300' is clicked on

2023-04-10 09:23:36 - [TEST_STEP][PASSED] - setText(findTestObject("1-OBJECTS TAREAS PRINCIPALES/Modulo Tarea Sara General/Ejecucion_de_Reportes/input_Estado Texto_popupReportetablaParametroReporte1j_idt1300"), "A"): Text 'A' is set on object 'Object Repository/1-OBJECTS TAREAS PRINCIPALES/Modulo Tarea Sara General/Ejecucion_de_Reportes/input_Estado Texto_popupReportetablaParametroReporte1j_idt1300'

2023-04-10 09:23:37 - [MESSAGE][PASSED] - Text 'A' is set on object 'Object Repository/1-OBJECTS TAREAS PRINCIPALES/Modulo Tarea Sara General/Ejecucion_de_Reportes/input_Estado Texto_popupReportetablaParametroReporte1j_idt1300'

2023-04-10 09:23:37 - [TEST_STEP][PASSED] - selectOptionByIndex(findTestObject("1-OBJECTS TAREAS PRINCIPALES/Modulo Tarea Sara General/Ejecucion_de_Reportes/select_CALIDADMENSUAL ABCMODELO EMPRESA QUINCENALPANSIONADOSPENSIONADOS BASEPRUEBAS"), "1"): All options with index in [1] are selected on object 'Object Repository/1-OBJECTS TAREAS PRINCIPALES/Modulo Tarea Sara General/Ejecucion_de_Reportes/select_CALIDADMENSUAL ABCMODELO EMPRESA QUINCENALPANSIONADOSPENSIONADOS BASEPRUEBAS'

2023-04-10 09:23:38 - [MESSAGE][PASSED] - All options with index in [1] are selected on object 'Object Repository/1-OBJECTS TAREAS PRINCIPALES/Modulo Tarea Sara General/Ejecucion_de_Reportes/select_CALIDADMENSUAL ABCMODELO EMPRESA QUINCENALPANSIONADOSPENSIONADOS BASEPRUEBAS'

2023-04-10 09:23:38 - [TEST_STEP][PASSED] - selectOptionByIndex(findTestObject("1-OBJECTS TAREAS PRINCIPALES/Modulo Tarea Sara General/Ejecucion_de_Reportes/select_Lista Cargo Empresa_popupReportetablaParametroReporte5j_idt1304"), 2): All options with index in [2] are selected on object 'Object Repository/1-OBJECTS TAREAS PRINCIPALES/Modulo Tarea Sara General/Ejecucion_de_Reportes/select_Lista Cargo Empresa_popupReportetablaParametroReporte5j_idt1304'

2023-04-10 09:23:40 - [MESSAGE][PASSED] - All options with index in [2] are selected on object 'Object Repository/1-OBJECTS TAREAS PRINCIPALES/Modulo Tarea Sara General/Ejecucion_de_Reportes/select_Lista Cargo Empresa_popupReportetablaParametroReporte5j_idt1304'

2023-04-10 09:23:40 - [TEST_STEP][PASSED] - click(findTestObject("1-OBJECTS TAREAS PRINCIPALES/Modulo Tarea Sara General/Ejecucion_de_Reportes/div_plantilla")): Object: 'Object Repository/1-OBJECTS TAREAS PRINCIPALES/Modulo Tarea Sara General/Ejecucion_de_Reportes/div_plantilla' is clicked on

2023-04-10 09:23:40 - [MESSAGE][PASSED] - Object: 'Object Repository/1-OBJECTS TAREAS PRINCIPALES/Modulo Tarea Sara General/Ejecucion_de_Reportes/div_plantilla' is clicked on

2023-04-10 09:23:40 - [TEST_STEP][PASSED] - click(findTestObject("1-OBJECTS TAREAS PRINCIPALES/Modulo Tarea Sara General/Ejecucion_de_Reportes/div_Descargar_ui-radiobutton ui-widget")): Object: 'Object Repository/1-OBJECTS TAREAS PRINCIPALES/Modulo Tarea Sara General/Ejecucion_de_Reportes/div_Descargar_ui-radiobutton ui-widget' is clicked on

2023-04-10 09:23:41 - [MESSAGE][PASSED] - Object: 'Object Repository/1-OBJECTS TAREAS PRINCIPALES/Modulo Tarea Sara General/Ejecucion_de_Reportes/div_Descargar_ui-radiobutton ui-widget' is clicked on

2023-04-10 09:23:41 - [TEST_STEP][PASSED] - setText(findTestObject("1-OBJECTS TAREAS PRINCIPALES/Modulo Tarea Sara General/Ejecucion_de_Reportes/input_Correo_popupReportej_idt1323"), RamdomNum() + "noodle@gmail.com"): null

2023-04-10 09:23:41 - [TEST_STEP][PASSED] - random_double = Math.random() * 9999 + 999: null

2023-04-10 09:23:41 - [TEST_STEP][PASSED] - random_double = Math.round(random_double * 1000): null

2023-04-10 09:23:41 - [TEST_STEP][PASSED] - identificacion = toString().replace(".0", ""): Text '5675834noodle@gmail.com' is set on object 'Object Repository/1-OBJECTS TAREAS PRINCIPALES/Modulo Tarea Sara General/Ejecucion_de_Reportes/input_Correo_popupReportej_idt1323'

2023-04-10 09:23:42 - [MESSAGE][PASSED] - Text '5675834noodle@gmail.com' is set on object 'Object Repository/1-OBJECTS TAREAS PRINCIPALES/Modulo Tarea Sara General/Ejecucion_de_Reportes/input_Correo_popupReportej_idt1323'

2023-04-10 09:23:42 - [TEST_STEP][PASSED] - click(findTestObject("1-OBJECTS TAREAS PRINCIPALES/Modulo Tarea Sara General/Ejecucion_de_Reportes/a_Enviar")): Object: 'Object Repository/1-OBJECTS TAREAS PRINCIPALES/Modulo Tarea Sara General/Ejecucion_de_Reportes/a_Enviar' is clicked on

2023-04-10 09:23:43 - [MESSAGE][PASSED] - Object: 'Object Repository/1-OBJECTS TAREAS PRINCIPALES/Modulo Tarea Sara General/Ejecucion_de_Reportes/a_Enviar' is clicked on

2023-04-10 09:23:43 - [TEST_STEP][PASSED] - click(findTestObject("1-OBJECTS TAREAS PRINCIPALES/Modulo Tarea Sara General/Ejecucion_de_Reportes/a_Continuar")): Object: 'Object Repository/1-OBJECTS TAREAS PRINCIPALES/Modulo Tarea Sara General/Ejecucion_de_Reportes/a_Continuar' is clicked on

2023-04-10 09:23:43 - [MESSAGE][PASSED] - Object: 'Object Repository/1-OBJECTS TAREAS PRINCIPALES/Modulo Tarea Sara General/Ejecucion_de_Reportes/a_Continuar' is clicked on

2023-04-10 09:23:43 - [TEST_STEP][PASSED] - click(findTestObject("1-OBJECTS TAREAS PRINCIPALES/Modulo Tarea Sara General/Ejecucion_de_Reportes/div_Regresar")): Object: 'Object Repository/1-OBJECTS TAREAS PRINCIPALES/Modulo Tarea Sara General/Ejecucion_de_Reportes/div_Regresar' is clicked on

2023-04-10 09:23:44 - [MESSAGE][PASSED] - Object: 'Object Repository/1-OBJECTS TAREAS PRINCIPALES/Modulo Tarea Sara General/Ejecucion_de_Reportes/div_Regresar' is clicked on

2023-04-10 09:23:44 - [TEST_STEP][PASSED] - click(findTestObject("1-OBJECTS TAREAS PRINCIPALES/Modulo Tarea Sara General/Ejecucion_de_Reportes/td_Reporte dinamico Prueba Katalon")): Object: 'Object Repository/1-OBJECTS TAREAS PRINCIPALES/Modulo Tarea Sara General/Ejecucion_de_Reportes/td_Reporte dinamico Prueba Katalon' is clicked on

2023-04-10 09:23:45 - [MESSAGE][PASSED] - Object: 'Object Repository/1-OBJECTS TAREAS PRINCIPALES/Modulo Tarea Sara General/Ejecucion_de_Reportes/td_Reporte dinamico Prueba Katalon' is clicked on

2023-04-10 09:23:45 - [TEST_STEP][PASSED] - click(findTestObject("1-OBJECTS TAREAS PRINCIPALES/Modulo Tarea Sara General/Ejecucion_de_Reportes/a_Ejecutar0")): Object: 'Object Repository/1-OBJECTS TAREAS PRINCIPALES/Modulo Tarea Sara General/Ejecucion_de_Reportes/a_Ejecutar0' is clicked on

2023-04-10 09:23:45 - [MESSAGE][PASSED] - Object: 'Object Repository/1-OBJECTS TAREAS PRINCIPALES/Modulo Tarea Sara General/Ejecucion_de_Reportes/a_Ejecutar0' is clicked on

2023-04-10 09:23:45 - [TEST_STEP][PASSED] - click(findTestObject("1-OBJECTS TAREAS PRINCIPALES/Modulo Tarea Sara General/Ejecucion_de_Reportes/span_Que desea hacer_ui-radiobutton-icon ui-icon ui-icon-blank ui-c0")): Object: 'Object Repository/1-OBJECTS TAREAS PRINCIPALES/Modulo Tarea Sara General/Ejecucion_de_Reportes/span_Que desea hacer_ui-radiobutton-icon ui-icon ui-icon-blank ui-c0' is clicked on

2023-04-10 09:23:46 - [MESSAGE][PASSED] - Object: 'Object Repository/1-OBJECTS TAREAS PRINCIPALES/Modulo Tarea Sara General/Ejecucion_de_Reportes/span_Que desea hacer_ui-radiobutton-icon ui-icon ui-icon-blank ui-c0' is clicked on

2023-04-10 09:23:46 - [TEST_STEP][PASSED] - click(findTestObject("1-OBJECTS TAREAS PRINCIPALES/Modulo Tarea Sara General/Ejecucion_de_Reportes/a_Generar")): Object: 'Object Repository/1-OBJECTS TAREAS PRINCIPALES/Modulo Tarea Sara General/Ejecucion_de_Reportes/a_Generar' is clicked on

2023-04-10 09:23:46 - [MESSAGE][PASSED] - Object: 'Object Repository/1-OBJECTS TAREAS PRINCIPALES/Modulo Tarea Sara General/Ejecucion_de_Reportes/a_Generar' is clicked on

2023-04-10 09:23:46 - [TEST_STEP][PASSED] - click(findTestObject("1-OBJECTS TAREAS PRINCIPALES/Modulo Tarea Sara General/Ejecucion_de_Reportes/a_Continuar")): Object: 'Object Repository/1-OBJECTS TAREAS PRINCIPALES/Modulo Tarea Sara General/Ejecucion_de_Reportes/a_Continuar' is clicked on

2023-04-10 09:23:50 - [MESSAGE][PASSED] - Object: 'Object Repository/1-OBJECTS TAREAS PRINCIPALES/Modulo Tarea Sara General/Ejecucion_de_Reportes/a_Continuar' is clicked on

2023-04-10 09:23:50 - [TEST_STEP][PASSED] - click(findTestObject("1-OBJECTS TAREAS PRINCIPALES/Modulo Tarea Sara General/Ejecucion_de_Reportes/a_Descargar")): Object: 'Object Repository/1-OBJECTS TAREAS PRINCIPALES/Modulo Tarea Sara General/Ejecucion_de_Reportes/a_Descargar' is clicked on

2023-04-10 09:23:51 - [MESSAGE][PASSED] - Object: 'Object Repository/1-OBJECTS TAREAS PRINCIPALES/Modulo Tarea Sara General/Ejecucion_de_Reportes/a_Descargar' is clicked on

2023-04-10 09:23:51 - [TEST_STEP][PASSED] - switchToWindowTitle("SARA"): Switched to window with title: 'SARA'

2023-04-10 09:23:51 - [MESSAGE][PASSED] - Switched to window with title: 'SARA'

2023-04-10 09:23:51 - [TEST_STEP][PASSED] - click(findTestObject("1-OBJECTS TAREAS PRINCIPALES/Modulo Tarea Sara General/Ejecucion_de_Reportes/a_Cerrar popup")): Object: 'Object Repository/1-OBJECTS TAREAS PRINCIPALES/Modulo Tarea Sara General/Ejecucion_de_Reportes/a_Cerrar popup' is clicked on

2023-04-10 09:23:51 - [MESSAGE][PASSED] - Object: 'Object Repository/1-OBJECTS TAREAS PRINCIPALES/Modulo Tarea Sara General/Ejecucion_de_Reportes/a_Cerrar popup' is clicked on

2023-04-10 09:23:51 - [TEST_STEP][PASSED] - click(findTestObject("1-OBJECTS TAREAS PRINCIPALES/Modulo Tarea Sara General/Ejecucion_de_Reportes/a_Ejecutar0")): Object: 'Object Repository/1-OBJECTS TAREAS PRINCIPALES/Modulo Tarea Sara General/Ejecucion_de_Reportes/a_Ejecutar0' is clicked on

2023-04-10 09:23:52 - [MESSAGE][PASSED] - Object: 'Object Repository/1-OBJECTS TAREAS PRINCIPALES/Modulo Tarea Sara General/Ejecucion_de_Reportes/a_Ejecutar0' is clicked on

2023-04-10 09:23:52 - [TEST_STEP][PASSED] - click(findTestObject("1-OBJECTS TAREAS PRINCIPALES/Modulo Tarea Sara General/Ejecucion_de_Reportes/td_Enviar correo")): Object: 'Object Repository/1-OBJECTS TAREAS PRINCIPALES/Modulo Tarea Sara General/Ejecucion_de_Reportes/td_Enviar correo' is clicked on

2023-04-10 09:23:53 - [MESSAGE][PASSED] - Object: 'Object Repository/1-OBJECTS TAREAS PRINCIPALES/Modulo Tarea Sara General/Ejecucion_de_Reportes/td_Enviar correo' is clicked on

2023-04-10 09:23:53 - [TEST_STEP][PASSED] - setText(findTestObject("1-OBJECTS TAREAS PRINCIPALES/Modulo Tarea Sara General/Ejecucion_de_Reportes/input_Correo_popupReportej_idt13230"), RamdomNum() + "noodle@gmail.com"): null

2023-04-10 09:23:53 - [TEST_STEP][PASSED] - random_double = Math.random() * 9999 + 999: null

2023-04-10 09:23:53 - [TEST_STEP][PASSED] - random_double = Math.round(random_double * 1000): null

2023-04-10 09:23:53 - [TEST_STEP][PASSED] - identificacion = toString().replace(".0", ""): Text '6172481noodle@gmail.com' is set on object 'Object Repository/1-OBJECTS TAREAS PRINCIPALES/Modulo Tarea Sara General/Ejecucion_de_Reportes/input_Correo_popupReportej_idt13230'

2023-04-10 09:23:54 - [MESSAGE][PASSED] - Text '6172481noodle@gmail.com' is set on object 'Object Repository/1-OBJECTS TAREAS PRINCIPALES/Modulo Tarea Sara General/Ejecucion_de_Reportes/input_Correo_popupReportej_idt13230'

2023-04-10 09:23:54 - [TEST_STEP][PASSED] - click(findTestObject("1-OBJECTS TAREAS PRINCIPALES/Modulo Tarea Sara General/Ejecucion_de_Reportes/a_Enviar")): Object: 'Object Repository/1-OBJECTS TAREAS PRINCIPALES/Modulo Tarea Sara General/Ejecucion_de_Reportes/a_Enviar' is clicked on

2023-04-10 09:23:54 - [MESSAGE][PASSED] - Object: 'Object Repository/1-OBJECTS TAREAS PRINCIPALES/Modulo Tarea Sara General/Ejecucion_de_Reportes/a_Enviar' is clicked on

2023-04-10 09:23:54 - [TEST_STEP][PASSED] - click(findTestObject("1-OBJECTS TAREAS PRINCIPALES/Modulo Tarea Sara General/Ejecucion_de_Reportes/a_Continuar")): Object: 'Object Repository/1-OBJECTS TAREAS PRINCIPALES/Modulo Tarea Sara General/Ejecucion_de_Reportes/a_Continuar' is clicked on

2023-04-10 09:23:55 - [MESSAGE][PASSED] - Object: 'Object Repository/1-OBJECTS TAREAS PRINCIPALES/Modulo Tarea Sara General/Ejecucion_de_Reportes/a_Continuar' is clicked on

2023-04-10 09:23:55 - [TEST_STEP][PASSED] - comment("-----prueba de calendario-----"): -----prueba de calendario-----

2023-04-10 09:23:55 - [MESSAGE][INFO] - -----prueba de calendario-----

2023-04-10 09:23:55 - [TEST_STEP][PASSED] - comment("-------------------------------------------------"): -------------------------------------------------

2023-04-10 09:23:55 - [MESSAGE][INFO] - -------------------------------------------------

2023-04-10 09:23:55 - [TEST_STEP][PASSED] - click(findTestObject("1-OBJECTS TAREAS PRINCIPALES/Modulo Tarea Sara General/Ejecucion_de_Reportes/div_Regresar")): Object: 'Object Repository/1-OBJECTS TAREAS PRINCIPALES/Modulo Tarea Sara General/Ejecucion_de_Reportes/div_Regresar' is clicked on

2023-04-10 09:23:55 - [MESSAGE][PASSED] - Object: 'Object Repository/1-OBJECTS TAREAS PRINCIPALES/Modulo Tarea Sara General/Ejecucion_de_Reportes/div_Regresar' is clicked on

2023-04-10 09:23:55 - [TEST_STEP][PASSED] - setText(findTestObject("1-OBJECTS TAREAS PRINCIPALES/Modulo Tarea Sara General/Ejecucion_de_Reportes/input_Parmetros_listaReporteFormj_idt64"), "xlsm"): Text 'xlsm' is set on object 'Object Repository/1-OBJECTS TAREAS PRINCIPALES/Modulo Tarea Sara General/Ejecucion_de_Reportes/input_Parmetros_listaReporteFormj_idt64'

2023-04-10 09:23:57 - [MESSAGE][PASSED] - Text 'xlsm' is set on object 'Object Repository/1-OBJECTS TAREAS PRINCIPALES/Modulo Tarea Sara General/Ejecucion_de_Reportes/input_Parmetros_listaReporteFormj_idt64'

2023-04-10 09:23:57 - [TEST_STEP][PASSED] - sendKeys(findTestObject("1-OBJECTS TAREAS PRINCIPALES/Modulo Tarea Sara General/Ejecucion_de_Reportes/input_Parmetros_listaReporteFormj_idt64"), Keys.chord(ENTER)): Keys 'ENTER + ' sent to object: 'Object Repository/1-OBJECTS TAREAS PRINCIPALES/Modulo Tarea Sara General/Ejecucion_de_Reportes/input_Parmetros_listaReporteFormj_idt64'

2023-04-10 09:23:57 - [MESSAGE][PASSED] - Keys 'ENTER + ' sent to object: 'Object Repository/1-OBJECTS TAREAS PRINCIPALES/Modulo Tarea Sara General/Ejecucion_de_Reportes/input_Parmetros_listaReporteFormj_idt64'

2023-04-10 09:23:57 - [TEST_STEP][PASSED] - click(findTestObject("1-OBJECTS TAREAS PRINCIPALES/Modulo Tarea Sara General/Ejecucion_de_Reportes/td_columnario xlsm SAGE-000608")): Object: 'Object Repository/1-OBJECTS TAREAS PRINCIPALES/Modulo Tarea Sara General/Ejecucion_de_Reportes/td_columnario xlsm SAGE-000608' is clicked on

2023-04-10 09:23:58 - [MESSAGE][PASSED] - Object: 'Object Repository/1-OBJECTS TAREAS PRINCIPALES/Modulo Tarea Sara General/Ejecucion_de_Reportes/td_columnario xlsm SAGE-000608' is clicked on

2023-04-10 09:23:58 - [TEST_STEP][PASSED] - click(findTestObject("1-OBJECTS TAREAS PRINCIPALES/Modulo Tarea Sara General/Ejecucion_de_Reportes/a_Ejecutar0")): Object: 'Object Repository/1-OBJECTS TAREAS PRINCIPALES/Modulo Tarea Sara General/Ejecucion_de_Reportes/a_Ejecutar0' is clicked on

2023-04-10 09:23:59 - [MESSAGE][PASSED] - Object: 'Object Repository/1-OBJECTS TAREAS PRINCIPALES/Modulo Tarea Sara General/Ejecucion_de_Reportes/a_Ejecutar0' is clicked on

2023-04-10 09:23:59 - [TEST_STEP][PASSED] - click(findTestObject("1-OBJECTS TAREAS PRINCIPALES/Modulo Tarea Sara General/Ejecucion_de_Reportes/div_Que desea hacer_ui-radiobutton-box ui-widget ui-corner-all ui-state-default ui-state-active ui-state-hover")): Object: 'Object Repository/1-OBJECTS TAREAS PRINCIPALES/Modulo Tarea Sara General/Ejecucion_de_Reportes/div_Que desea hacer_ui-radiobutton-box ui-widget ui-corner-all ui-state-default ui-state-active ui-state-hover' is clicked on

2023-04-10 09:23:59 - [MESSAGE][PASSED] - Object: 'Object Repository/1-OBJECTS TAREAS PRINCIPALES/Modulo Tarea Sara General/Ejecucion_de_Reportes/div_Que desea hacer_ui-radiobutton-box ui-widget ui-corner-all ui-state-default ui-state-active ui-state-hover' is clicked on

2023-04-10 09:23:59 - [TEST_STEP][PASSED] - click(findTestObject("1-OBJECTS TAREAS PRINCIPALES/Modulo Tarea Sara General/Ejecucion_de_Reportes/a_Generar")): Object: 'Object Repository/1-OBJECTS TAREAS PRINCIPALES/Modulo Tarea Sara General/Ejecucion_de_Reportes/a_Generar' is clicked on

2023-04-10 09:24:00 - [MESSAGE][PASSED] - Object: 'Object Repository/1-OBJECTS TAREAS PRINCIPALES/Modulo Tarea Sara General/Ejecucion_de_Reportes/a_Generar' is clicked on

2023-04-10 09:24:00 - [TEST_STEP][PASSED] - click(findTestObject("1-OBJECTS TAREAS PRINCIPALES/Modulo Tarea Sara General/Ejecucion_de_Reportes/a_Continuar")): Object: 'Object Repository/1-OBJECTS TAREAS PRINCIPALES/Modulo Tarea Sara General/Ejecucion_de_Reportes/a_Continuar' is clicked on

2023-04-10 09:24:09 - [MESSAGE][PASSED] - Object: 'Object Repository/1-OBJECTS TAREAS PRINCIPALES/Modulo Tarea Sara General/Ejecucion_de_Reportes/a_Continuar' is clicked on

2023-04-10 09:24:09 - [TEST_STEP][PASSED] - click(findTestObject("1-OBJECTS TAREAS PRINCIPALES/Modulo Tarea Sara General/Ejecucion_de_Reportes/a_Descargar")): Object: 'Object Repository/1-OBJECTS TAREAS PRINCIPALES/Modulo Tarea Sara General/Ejecucion_de_Reportes/a_Descargar' is clicked on

2023-04-10 09:24:09 - [MESSAGE][PASSED] - Object: 'Object Repository/1-OBJECTS TAREAS PRINCIPALES/Modulo Tarea Sara General/Ejecucion_de_Reportes/a_Descargar' is clicked on

2023-04-10 09:24:09 - [TEST_STEP][PASSED] - switchToWindowTitle("SARA"): Switched to window with title: 'SARA'

2023-04-10 09:24:09 - [MESSAGE][PASSED] - Switched to window with title: 'SARA'

2023-04-10 09:24:09 - [TEST_STEP][PASSED] - click(findTestObject("1-OBJECTS TAREAS PRINCIPALES/Modulo Tarea Sara General/Ejecucion_de_Reportes/a_Cerrar popup")): Object: 'Object Repository/1-OBJECTS TAREAS PRINCIPALES/Modulo Tarea Sara General/Ejecucion_de_Reportes/a_Cerrar popup' is clicked on

2023-04-10 09:24:10 - [MESSAGE][PASSED] - Object: 'Object Repository/1-OBJECTS TAREAS PRINCIPALES/Modulo Tarea Sara General/Ejecucion_de_Reportes/a_Cerrar popup' is clicked on

2023-04-10 09:24:10 - [TEST_STEP][PASSED] - click(findTestObject("1-OBJECTS TAREAS PRINCIPALES/Modulo Tarea Sara General/Ejecucion_de_Reportes/a_Ejecutar0")): Object: 'Object Repository/1-OBJECTS TAREAS PRINCIPALES/Modulo Tarea Sara General/Ejecucion_de_Reportes/a_Ejecutar0' is clicked on

2023-04-10 09:24:10 - [MESSAGE][PASSED] - Object: 'Object Repository/1-OBJECTS TAREAS PRINCIPALES/Modulo Tarea Sara General/Ejecucion_de_Reportes/a_Ejecutar0' is clicked on

2023-04-10 09:24:10 - [TEST_STEP][PASSED] - click(findTestObject("1-OBJECTS TAREAS PRINCIPALES/Modulo Tarea Sara General/Ejecucion_de_Reportes/div_Descargar_ui-radiobutton-box ui-widget ui-corner-all ui-state-default ui-state-active ui-state-hover")): Object: 'Object Repository/1-OBJECTS TAREAS PRINCIPALES/Modulo Tarea Sara General/Ejecucion_de_Reportes/div_Descargar_ui-radiobutton-box ui-widget ui-corner-all ui-state-default ui-state-active ui-state-hover' is clicked on

2023-04-10 09:24:11 - [MESSAGE][PASSED] - Object: 'Object Repository/1-OBJECTS TAREAS PRINCIPALES/Modulo Tarea Sara General/Ejecucion_de_Reportes/div_Descargar_ui-radiobutton-box ui-widget ui-corner-all ui-state-default ui-state-active ui-state-hover' is clicked on

2023-04-10 09:24:11 - [TEST_STEP][PASSED] - setText(findTestObject("1-OBJECTS TAREAS PRINCIPALES/Modulo Tarea Sara General/Ejecucion_de_Reportes/input_Correo_popupReportej_idt13231"), RamdomNum() + "noodle@gmail.com"): null

2023-04-10 09:24:11 - [TEST_STEP][PASSED] - random_double = Math.random() * 9999 + 999: null

2023-04-10 09:24:11 - [TEST_STEP][PASSED] - random_double = Math.round(random_double * 1000): null

2023-04-10 09:24:11 - [TEST_STEP][PASSED] - identificacion = toString().replace(".0", ""): Text '5617341noodle@gmail.com' is set on object 'Object Repository/1-OBJECTS TAREAS PRINCIPALES/Modulo Tarea Sara General/Ejecucion_de_Reportes/input_Correo_popupReportej_idt13231'

2023-04-10 09:24:12 - [MESSAGE][PASSED] - Text '5617341noodle@gmail.com' is set on object 'Object Repository/1-OBJECTS TAREAS PRINCIPALES/Modulo Tarea Sara General/Ejecucion_de_Reportes/input_Correo_popupReportej_idt13231'

2023-04-10 09:24:12 - [TEST_STEP][PASSED] - click(findTestObject("1-OBJECTS TAREAS PRINCIPALES/Modulo Tarea Sara General/Ejecucion_de_Reportes/a_Enviar")): Object: 'Object Repository/1-OBJECTS TAREAS PRINCIPALES/Modulo Tarea Sara General/Ejecucion_de_Reportes/a_Enviar' is clicked on

2023-04-10 09:24:13 - [MESSAGE][PASSED] - Object: 'Object Repository/1-OBJECTS TAREAS PRINCIPALES/Modulo Tarea Sara General/Ejecucion_de_Reportes/a_Enviar' is clicked on

2023-04-10 09:24:13 - [TEST_STEP][PASSED] - waitForElementVisible(findTestObject("1-OBJECTS TAREAS PRINCIPALES/Modulo Tarea Sara General/Ejecucion_de_Reportes/a_Continuar"), 0): Object 'Object Repository/1-OBJECTS TAREAS PRINCIPALES/Modulo Tarea Sara General/Ejecucion_de_Reportes/a_Continuar' is visible

2023-04-10 09:24:13 - [MESSAGE][WARNING] - Timeout '0' is invalid. Using default page load timeout: '37'

2023-04-10 09:24:13 - [MESSAGE][PASSED] - Object 'Object Repository/1-OBJECTS TAREAS PRINCIPALES/Modulo Tarea Sara General/Ejecucion_de_Reportes/a_Continuar' is visible

2023-04-10 09:24:13 - [TEST_STEP][PASSED] - mensaje = getText(findTestObject("1-OBJECTS TAREAS PRINCIPALES/Modulo Tarea Sara General/Ejecucion_de_Reportes/a_mensaje_final")): Text of object 'Object Repository/1-OBJECTS TAREAS PRINCIPALES/Modulo Tarea Sara General/Ejecucion_de_Reportes/a_mensaje_final' is: 'Proceso se genera en segundo plano y enviara el correo'

2023-04-10 09:24:13 - [MESSAGE][PASSED] - Text of object 'Object Repository/1-OBJECTS TAREAS PRINCIPALES/Modulo Tarea Sara General/Ejecucion_de_Reportes/a_mensaje_final' is: 'Proceso se genera en segundo plano y enviara el correo'

2023-04-10 09:24:13 - [TEST_STEP][PASSED] - if (mensaje == "Proceso se genera en segundo plano y enviara el correo"): Object: 'Object Repository/1-OBJECTS TAREAS PRINCIPALES/Modulo Tarea Sara General/Ejecucion_de_Reportes/div_Regresar' is clicked on

2023-04-10 09:24:13 - [TEST_STEP][PASSED] - click(findTestObject("1-OBJECTS TAREAS PRINCIPALES/Modulo Tarea Sara General/Ejecucion_de_Reportes/a_Continuar")): Object: 'Object Repository/1-OBJECTS TAREAS PRINCIPALES/Modulo Tarea Sara General/Ejecucion_de_Reportes/a_Continuar' is clicked on

2023-04-10 09:24:14 - [MESSAGE][PASSED] - Object: 'Object Repository/1-OBJECTS TAREAS PRINCIPALES/Modulo Tarea Sara General/Ejecucion_de_Reportes/a_Continuar' is clicked on

2023-04-10 09:24:14 - [TEST_STEP][PASSED] - click(findTestObject("1-OBJECTS TAREAS PRINCIPALES/Modulo Tarea Sara General/Ejecucion_de_Reportes/div_Regresar")): Object: 'Object Repository/1-OBJECTS TAREAS PRINCIPALES/Modulo Tarea Sara General/Ejecucion_de_Reportes/div_Regresar' is clicked on

2023-04-10 09:24:14 - [MESSAGE][PASSED] - Object: 'Object Repository/1-OBJECTS TAREAS PRINCIPALES/Modulo Tarea Sara General/Ejecucion_de_Reportes/div_Regresar' is clicked on

2023-04-10 09:24:14 - [TEST_STEP][PASSED] - RutaA = Systema(): null

2023-04-10 09:24:14 - [TEST_STEP][PASSED] - RutaA = System.getProperty("os.name"): null

2023-04-10 09:24:14 - [TEST_STEP][PASSED] - if (RutaA == "Windows 10"): null

2023-04-10 09:24:14 - [TEST_STEP][PASSED] - rutaW = System.getProperty("user.home") + "/Downloads/": null

2023-04-10 09:24:14 - [TEST_STEP][PASSED] - rutaW = rutaW.replace("/", "\"): null

2023-04-10 09:24:14 - [TEST_STEP][PASSED] - println("ESTA ES LA RUTA" + rutaW): null

2023-04-10 09:24:14 - [TEST_STEP][PASSED] - RutaA = rutaW: null

2023-04-10 09:24:14 - [TEST_STEP][PASSED] - rutaA = RutaA: null

2023-04-10 09:24:14 - [TEST_STEP][PASSED] - println(rutaA): null

2023-04-10 09:24:14 - [TEST_STEP][PASSED] - Archivo = "columnario_xlsm_SAGE-000608.xlsm": null

2023-04-10 09:24:14 - [TEST_STEP][PASSED] - Archivo1 = "Reporte_Vencimiento_de_Contratos.xls": null

2023-04-10 09:24:14 - [TEST_STEP][PASSED] - out.println(rutaA): null

2023-04-10 09:24:14 - [TEST_STEP][PASSED] - Assert.assertTrue(archivoDescargado(rutaA, Archivo, Archivo1)): null

2023-04-10 09:24:14 - [TEST_STEP][PASSED] - dir = new java.io.File(rutaA): null

2023-04-10 09:24:14 - [TEST_STEP][PASSED] - dirContenidos = dir.listFiles(): null

2023-04-10 09:24:14 - [TEST_STEP][PASSED] - out.println(dirContenidos): null

2023-04-10 09:24:14 - [TEST_STEP][PASSED] - for ([i = 0, i < length, (i++)]): null

2023-04-10 09:24:14 - [TEST_STEP][PASSED] - if (getName().equals(Archivo)): null

2023-04-10 09:24:14 - [TEST_STEP][PASSED] - if (getName().equals(Archivo)): Browser is closed

2023-04-10 09:24:14 - [TEST_STEP][PASSED] - if (dirContenidos[i].isFile()): Browser is closed

2023-04-10 09:24:14 - [TEST_STEP][PASSED] - dirContenidos[i].delete(): null

2023-04-10 09:24:15 - [TEST_STEP][PASSED] - ResultF = "archivo borrado": null

2023-04-10 09:24:15 - [TEST_STEP][PASSED] - out.println(ResultF): null

2023-04-10 09:24:15 - [TEST_STEP][PASSED] - closeBrowser(): Browser is closed

2023-04-10 09:24:15 - [MESSAGE][PASSED] - Browser is closed

2023-04-10 09:24:15 - [TEST_STEP][PASSED] - if (getName().equals(Archivo)): null

2023-04-10 09:24:15 - [TEST_STEP][PASSED] - if (getName().equals(Archivo)): null

2023-04-10 09:24:15 - [TEST_STEP][PASSED] - if (getName().equals(Archivo)): null

2023-04-10 09:24:15 - [TEST_STEP][PASSED] - for ([i = 0, i < length, (i++)]): null

2023-04-10 09:24:15 - [TEST_STEP][PASSED] - if (getName().equals(Archivo1)): null

2023-04-10 09:24:15 - [TEST_STEP][PASSED] - if (getName().equals(Archivo1)): null

2023-04-10 09:24:15 - [TEST_STEP][PASSED] - if (getName().equals(Archivo1)): null

2023-04-10 09:24:15 - [TEST_STEP][PASSED] - if (getName().equals(Archivo1)): null

2023-04-10 09:24:15 - [TEST_STEP][PASSED] - if (getName().equals(Archivo1)): null

2023-04-10 09:24:15 - [TEST_STEP][PASSED] - if (dirContenidos[i].isFile()): null

2023-04-10 09:24:15 - [TEST_STEP][PASSED] - dirContenidos[i].delete(): null

2023-04-10 09:24:15 - [TEST_STEP][PASSED] - ResultF1 = "PRUEBA OK": null

2023-04-10 09:24:15 - [TEST_STEP][PASSED] - out.println(ResultF1): null

2023-04-10 09:24:15 - [TEST_STEP][PASSED] - return true: null]]></system-out>
         <system-err><![CDATA[]]></system-err>
      </testcase>
      <testcase name="Test Cases/1.1-Tareas Principales/Listado hojas de Vida" time="9.958" classname="Test Cases/1.1-Tareas Principales/Listado hojas de Vida" status="PASSED">
         <system-out><![CDATA[2023-04-10 09:24:15 - [TEST_CASE][PASSED] - Test Cases/1.1-Tareas Principales/Listado hojas de Vida: Test Cases/1.1-Tareas Principales/Listado hojas de Vida

2023-04-10 09:24:15 - [TEST_STEP][PASSED] - callTestCase(findTestCase("0.1-Login"), [:], STOP_ON_FAILURE): Call Test Case 'Test Cases/0.1-Login' successfully

2023-04-10 09:24:15 - [TEST_CASE][PASSED] - Test Cases/0.1-Login: Test Cases/0.1-Login

2023-04-10 09:24:15 - [TEST_STEP][PASSED] - openBrowser(""): Browser is opened with url: ''

2023-04-10 09:24:15 - [MESSAGE][INFO] - Starting 'Chrome' driver

2023-04-10 09:24:15 - [MESSAGE][INFO] - Action delay is set to 0 milliseconds

2023-04-10 09:24:17 - [MESSAGE][PASSED] - Browser is opened with url: ''

2023-04-10 09:24:17 - [TEST_STEP][PASSED] - maximizeWindow(): Current window maximized

2023-04-10 09:24:17 - [MESSAGE][PASSED] - Current window maximized

2023-04-10 09:24:17 - [TEST_STEP][PASSED] - i = G_Login: null

2023-04-10 09:24:17 - [TEST_STEP][PASSED] - url = new java.net.URL(i): null

2023-04-10 09:24:17 - [TEST_STEP][PASSED] - println("URL: " + url.toString()): null

2023-04-10 09:24:17 - [TEST_STEP][PASSED] - connection = url.openConnection(): null

2023-04-10 09:24:17 - [TEST_STEP][PASSED] - connection.setRequestMethod("GET"): null

2023-04-10 09:24:17 - [TEST_STEP][PASSED] - connection.setReadTimeout(2 * 1000): null

2023-04-10 09:24:17 - [TEST_STEP][PASSED] - try: null

2023-04-10 09:24:17 - [TEST_STEP][PASSED] - connection.connect(): null

2023-04-10 09:24:17 - [TEST_STEP][PASSED] - flag = connected: null

2023-04-10 09:24:17 - [TEST_STEP][PASSED] - println("Valor_ori: " + flag): null

2023-04-10 09:24:17 - [TEST_STEP][PASSED] - if (flag): null

2023-04-10 09:24:17 - [TEST_STEP][PASSED] - navigateToUrl(i): Navigate to 'http://192.168.2.19:8380/saraweb' successfully

2023-04-10 09:24:17 - [MESSAGE][PASSED] - Navigate to 'http://192.168.2.19:8380/saraweb' successfully

2023-04-10 09:24:17 - [TEST_STEP][PASSED] - a(): null

2023-04-10 09:24:17 - [TEST_STEP][PASSED] - if (waitForElementVisible(findTestObject("3-OBJECTS UTILIDADES/Login/input_USUARIO_loginusuario"), 0)): null

2023-04-10 09:24:17 - [MESSAGE][WARNING] - Timeout '0' is invalid. Using default page load timeout: '37'

2023-04-10 09:24:18 - [MESSAGE][PASSED] - Object 'Object Repository/3-OBJECTS UTILIDADES/Login/input_USUARIO_loginusuario' is visible

2023-04-10 09:24:18 - [TEST_STEP][PASSED] - switchToWindowTitle("SARA"): Switched to window with title: 'SARA'

2023-04-10 09:24:18 - [MESSAGE][PASSED] - Switched to window with title: 'SARA'

2023-04-10 09:24:18 - [TEST_STEP][PASSED] - zoom(): null

2023-04-10 09:24:18 - [TEST_STEP][PASSED] - robot = new java.awt.Robot(): null

2023-04-10 09:24:18 - [TEST_STEP][PASSED] - robot.keyPress(VK_CONTROL): null

2023-04-10 09:24:18 - [TEST_STEP][PASSED] - robot.keyPress(VK_SUBTRACT): null

2023-04-10 09:24:18 - [TEST_STEP][PASSED] - robot.keyRelease(VK_CONTROL): null

2023-04-10 09:24:18 - [TEST_STEP][PASSED] - robot.keyRelease(VK_SUBTRACT): null

2023-04-10 09:24:18 - [TEST_STEP][PASSED] - robot.keyPress(VK_CONTROL): null

2023-04-10 09:24:18 - [TEST_STEP][PASSED] - robot.keyPress(VK_SUBTRACT): null

2023-04-10 09:24:18 - [TEST_STEP][PASSED] - robot.keyRelease(VK_CONTROL): null

2023-04-10 09:24:18 - [TEST_STEP][PASSED] - robot.keyRelease(VK_SUBTRACT): null

2023-04-10 09:24:18 - [TEST_STEP][PASSED] - robot.keyPress(VK_CONTROL): null

2023-04-10 09:24:18 - [TEST_STEP][PASSED] - robot.keyPress(VK_SUBTRACT): null

2023-04-10 09:24:18 - [TEST_STEP][PASSED] - robot.keyRelease(VK_CONTROL): null

2023-04-10 09:24:18 - [TEST_STEP][PASSED] - robot.keyRelease(VK_SUBTRACT): null

2023-04-10 09:24:18 - [TEST_STEP][PASSED] - robot.keyRelease(VK_CONTROL): null

2023-04-10 09:24:18 - [TEST_STEP][PASSED] - robot.keyRelease(VK_SUBTRACT): null

2023-04-10 09:24:18 - [TEST_STEP][PASSED] - setText(findTestObject("3-OBJECTS UTILIDADES/Login/input_USUARIO_loginusuario"), G_Usuario): Text 'saraadmin' is set on object 'Object Repository/3-OBJECTS UTILIDADES/Login/input_USUARIO_loginusuario'

2023-04-10 09:24:19 - [MESSAGE][PASSED] - Text 'saraadmin' is set on object 'Object Repository/3-OBJECTS UTILIDADES/Login/input_USUARIO_loginusuario'

2023-04-10 09:24:19 - [TEST_STEP][PASSED] - setEncryptedText(findTestObject("3-OBJECTS UTILIDADES/Login/input_CLAVE_loginpassword"), "SlAwMcyRKqrwbnzhAs8HhT6NnI7sEyng"): Text ****** has been set on object 'Object Repository/3-OBJECTS UTILIDADES/Login/input_CLAVE_loginpassword'

2023-04-10 09:24:20 - [MESSAGE][PASSED] - Text ****** has been set on object 'Object Repository/3-OBJECTS UTILIDADES/Login/input_CLAVE_loginpassword'

2023-04-10 09:24:20 - [TEST_STEP][PASSED] - while (waitForElementClickable(findTestObject("3-OBJECTS UTILIDADES/Login/a_Ingresar"), 1)): Web element with id: 'Object Repository/3-OBJECTS UTILIDADES/Login/a_Ingresar' located by '//a[contains(text(),'Ingresar')]' not found

2023-04-10 09:24:23 - [MESSAGE][INFO] - Unable to find the element located by 'By.xpath: //a[contains(text(),'Ingresar')]'. Please recheck the objects properties to make sure the desired element is located. 

2023-04-10 09:24:23 - [MESSAGE][WARNING] - Web element with id: 'Object Repository/3-OBJECTS UTILIDADES/Login/a_Ingresar' located by '//a[contains(text(),'Ingresar')]' not found

2023-04-10 09:24:23 - [MESSAGE][PASSED] - Call Test Case 'Test Cases/0.1-Login' successfully

2023-04-10 09:24:23 - [TEST_STEP][PASSED] - waitForElementClickable(findTestObject("1-OBJECTS TAREAS PRINCIPALES/Modulo Tarea Listado Hojas de Vida/Tareas Listado Hojas de Vida/input_Listado Hojas De Vida_form_templatej_idt24_input"), G_TimeOut): Object 'Object Repository/1-OBJECTS TAREAS PRINCIPALES/Modulo Tarea Listado Hojas de Vida/Tareas Listado Hojas de Vida/input_Listado Hojas De Vida_form_templatej_idt24_input' is clickable

2023-04-10 09:24:23 - [MESSAGE][PASSED] - Object 'Object Repository/1-OBJECTS TAREAS PRINCIPALES/Modulo Tarea Listado Hojas de Vida/Tareas Listado Hojas de Vida/input_Listado Hojas De Vida_form_templatej_idt24_input' is clickable

2023-04-10 09:24:23 - [TEST_STEP][PASSED] - setText(findTestObject("1-OBJECTS TAREAS PRINCIPALES/Modulo Tarea Listado Hojas de Vida/Tareas Listado Hojas de Vida/input_Listado Hojas De Vida_form_templatej_idt24_input"), "Listado Hojas de Vida (hoj)"): Text 'Listado Hojas de Vida (hoj)' is set on object 'Object Repository/1-OBJECTS TAREAS PRINCIPALES/Modulo Tarea Listado Hojas de Vida/Tareas Listado Hojas de Vida/input_Listado Hojas De Vida_form_templatej_idt24_input'

2023-04-10 09:24:24 - [MESSAGE][PASSED] - Text 'Listado Hojas de Vida (hoj)' is set on object 'Object Repository/1-OBJECTS TAREAS PRINCIPALES/Modulo Tarea Listado Hojas de Vida/Tareas Listado Hojas de Vida/input_Listado Hojas De Vida_form_templatej_idt24_input'

2023-04-10 09:24:24 - [TEST_STEP][PASSED] - waitForElementVisible(findTestObject("1-OBJECTS TAREAS PRINCIPALES/Modulo Tarea Listado Hojas de Vida/Tareas Listado Hojas de Vida/span_Listado Hojas de Vida (hoj)"), 0): Object 'Object Repository/1-OBJECTS TAREAS PRINCIPALES/Modulo Tarea Listado Hojas de Vida/Tareas Listado Hojas de Vida/span_Listado Hojas de Vida (hoj)' is visible

2023-04-10 09:24:24 - [MESSAGE][WARNING] - Timeout '0' is invalid. Using default page load timeout: '37'

2023-04-10 09:24:25 - [MESSAGE][PASSED] - Object 'Object Repository/1-OBJECTS TAREAS PRINCIPALES/Modulo Tarea Listado Hojas de Vida/Tareas Listado Hojas de Vida/span_Listado Hojas de Vida (hoj)' is visible

2023-04-10 09:24:25 - [TEST_STEP][PASSED] - element = findWebElement(findTestObject("1-OBJECTS TAREAS PRINCIPALES/Modulo Tarea Listado Hojas de Vida/Tareas Listado Hojas de Vida/span_Listado Hojas de Vida (hoj)"), 30): null

2023-04-10 09:24:25 - [TEST_STEP][PASSED] - executeJavaScript("arguments[0].click()", Arrays.asList(element)): Execute JavaScript 'arguments[0].click()' successfully

2023-04-10 09:24:25 - [MESSAGE][PASSED] - Execute JavaScript 'arguments[0].click()' successfully]]></system-out>
         <system-err><![CDATA[]]></system-err>
      </testcase>
      <testcase name="Test Cases/1.2-Tareas_Secundarias/6.1-Pruebas_Seguridad/6.1.1-Crear_Usuario,_contraseña,_Accesos_Particulares" time="24.19" classname="Test Cases/1.2-Tareas_Secundarias/6.1-Pruebas_Seguridad/6.1.1-Crear_Usuario,_contraseña,_Accesos_Particulares" status="PASSED">
         <system-out><![CDATA[2023-04-10 09:24:25 - [TEST_CASE][PASSED] - Test Cases/1.2-Tareas_Secundarias/6.1-Pruebas_Seguridad/6.1.1-Crear_Usuario,_contraseña,_Accesos_Particulares: Test Cases/1.2-Tareas_Secundarias/6.1-Pruebas_Seguridad/6.1.1-Crear_Usuario,_contraseña,_Accesos_Particulares

2023-04-10 09:24:26 - [TEST_STEP][PASSED] - today = new java.util.Date(): null

2023-04-10 09:24:26 - [TEST_STEP][PASSED] - todaysDate = today.format("dd/MM/yyyy HH:mm"): null

2023-04-10 09:24:26 - [TEST_STEP][PASSED] - random_double = Math.random() * 9999 + 999: null

2023-04-10 09:24:26 - [TEST_STEP][PASSED] - random_double = Math.round(random_double * 1000): null

2023-04-10 09:24:26 - [TEST_STEP][PASSED] - identificacion = toString().replace(".0", ""): null

2023-04-10 09:24:26 - [TEST_STEP][PASSED] - callTestCase(findTestCase("Utilidades-(atajos_para _tareas)/Login_Seguridad/Login-Seguridad"), [:], STOP_ON_FAILURE): Call Test Case 'Test Cases/Utilidades-(atajos_para _tareas)/Login_Seguridad/Login-Seguridad' successfully

2023-04-10 09:24:26 - [TEST_CASE][PASSED] - Test Cases/Utilidades-(atajos_para _tareas)/Login_Seguridad/Login-Seguridad: Test Cases/Utilidades-(atajos_para _tareas)/Login_Seguridad/Login-Seguridad

2023-04-10 09:24:26 - [TEST_STEP][PASSED] - openBrowser(""): Browser is opened with url: ''

2023-04-10 09:24:26 - [MESSAGE][WARNING] - A browser is already opened. Closing browser and opening a new one

2023-04-10 09:24:27 - [MESSAGE][INFO] - Starting 'Chrome' driver

2023-04-10 09:24:27 - [MESSAGE][INFO] - Action delay is set to 0 milliseconds

2023-04-10 09:24:28 - [MESSAGE][PASSED] - Browser is opened with url: ''

2023-04-10 09:24:28 - [TEST_STEP][PASSED] - maximizeWindow(): Current window maximized

2023-04-10 09:24:28 - [MESSAGE][PASSED] - Current window maximized

2023-04-10 09:24:28 - [TEST_STEP][PASSED] - i = G_Login_Seguridad: null

2023-04-10 09:24:28 - [TEST_STEP][PASSED] - url = new java.net.URL(i): null

2023-04-10 09:24:28 - [TEST_STEP][PASSED] - println("URL: " + url.toString()): null

2023-04-10 09:24:28 - [TEST_STEP][PASSED] - connection = url.openConnection(): null

2023-04-10 09:24:28 - [TEST_STEP][PASSED] - connection.setRequestMethod("GET"): null

2023-04-10 09:24:28 - [TEST_STEP][PASSED] - connection.setReadTimeout(2 * 1000): null

2023-04-10 09:24:28 - [TEST_STEP][PASSED] - try: null

2023-04-10 09:24:28 - [TEST_STEP][PASSED] - connection.connect(): null

2023-04-10 09:24:28 - [TEST_STEP][PASSED] - flag = connected: null

2023-04-10 09:24:28 - [TEST_STEP][PASSED] - println("Valor_ori: " + flag): null

2023-04-10 09:24:28 - [TEST_STEP][PASSED] - if (flag): null

2023-04-10 09:24:28 - [TEST_STEP][PASSED] - navigateToUrl(i): Navigate to 'http://192.168.2.19:8380/seguridadweb/' successfully

2023-04-10 09:24:28 - [MESSAGE][PASSED] - Navigate to 'http://192.168.2.19:8380/seguridadweb/' successfully

2023-04-10 09:24:28 - [TEST_STEP][PASSED] - a(): null

2023-04-10 09:24:28 - [TEST_STEP][PASSED] - setText(findTestObject("3-OBJECTS UTILIDADES/Login/input_USUARIO_loginusuario"), G_Usuario): Text 'saraadmin' is set on object 'Object Repository/3-OBJECTS UTILIDADES/Login/input_USUARIO_loginusuario'

2023-04-10 09:24:29 - [MESSAGE][PASSED] - Text 'saraadmin' is set on object 'Object Repository/3-OBJECTS UTILIDADES/Login/input_USUARIO_loginusuario'

2023-04-10 09:24:29 - [TEST_STEP][PASSED] - setEncryptedText(findTestObject("3-OBJECTS UTILIDADES/Login/input_CLAVE_loginpassword"), "SlAwMcyRKqrwbnzhAs8HhdIg46CWr/2Q"): Text ****** has been set on object 'Object Repository/3-OBJECTS UTILIDADES/Login/input_CLAVE_loginpassword'

2023-04-10 09:24:29 - [MESSAGE][PASSED] - Text ****** has been set on object 'Object Repository/3-OBJECTS UTILIDADES/Login/input_CLAVE_loginpassword'

2023-04-10 09:24:29 - [TEST_STEP][PASSED] - waitForElementClickable(findTestObject("3-OBJECTS UTILIDADES/Login/a_Ingresar"), G_TimeOut): Object 'Object Repository/3-OBJECTS UTILIDADES/Login/a_Ingresar' is clickable

2023-04-10 09:24:30 - [MESSAGE][PASSED] - Object 'Object Repository/3-OBJECTS UTILIDADES/Login/a_Ingresar' is clickable

2023-04-10 09:24:30 - [TEST_STEP][PASSED] - click(findTestObject("3-OBJECTS UTILIDADES/Login/a_Ingresar")): Object: 'Object Repository/3-OBJECTS UTILIDADES/Login/a_Ingresar' is clicked on

2023-04-10 09:24:31 - [MESSAGE][PASSED] - Object: 'Object Repository/3-OBJECTS UTILIDADES/Login/a_Ingresar' is clicked on

2023-04-10 09:24:31 - [MESSAGE][PASSED] - Call Test Case 'Test Cases/Utilidades-(atajos_para _tareas)/Login_Seguridad/Login-Seguridad' successfully

2023-04-10 09:24:31 - [TEST_STEP][PASSED] - setText(findTestObject("2-OBJECTS TAREAS SECUNDARIAS/Pruebas Seguridad/Crear_Usuario,_contraseña,_Accesos_Particulares/input_Usuario_form_templatej_idt24_input"), "Usuario"): Text 'Usuario' is set on object 'Object Repository/2-OBJECTS TAREAS SECUNDARIAS/Pruebas Seguridad/Crear_Usuario,_contraseña,_Accesos_Particulares/input_Usuario_form_templatej_idt24_input'

2023-04-10 09:24:32 - [MESSAGE][PASSED] - Text 'Usuario' is set on object 'Object Repository/2-OBJECTS TAREAS SECUNDARIAS/Pruebas Seguridad/Crear_Usuario,_contraseña,_Accesos_Particulares/input_Usuario_form_templatej_idt24_input'

2023-04-10 09:24:32 - [TEST_STEP][PASSED] - click(findTestObject("2-OBJECTS TAREAS SECUNDARIAS/Pruebas Seguridad/Crear_Usuario,_contraseña,_Accesos_Particulares (1)/span_Usuario")): Object: 'Object Repository/2-OBJECTS TAREAS SECUNDARIAS/Pruebas Seguridad/Crear_Usuario,_contraseña,_Accesos_Particulares (1)/span_Usuario' is clicked on

2023-04-10 09:24:33 - [MESSAGE][PASSED] - Object: 'Object Repository/2-OBJECTS TAREAS SECUNDARIAS/Pruebas Seguridad/Crear_Usuario,_contraseña,_Accesos_Particulares (1)/span_Usuario' is clicked on

2023-04-10 09:24:33 - [TEST_STEP][PASSED] - if (waitForElementVisible(findTestObject("2-OBJECTS TAREAS SECUNDARIAS/Pruebas Seguridad/Crear_Usuario,_contraseña,_Accesos_Particulares (1)/span_Pruebas Katalon"), 1)): Web element with id: 'Object Repository/2-OBJECTS TAREAS SECUNDARIAS/Pruebas Seguridad/Crear_Usuario,_contraseña,_Accesos_Particulares (1)/span_Pruebas Katalon' located by '//*/text()[normalize-space(.)='Pruebas Katalon']/parent::*' not found

2023-04-10 09:24:35 - [MESSAGE][INFO] - Unable to find the element located by 'By.xpath: //*/text()[normalize-space(.)='Pruebas Katalon']/parent::*'. Please recheck the objects properties to make sure the desired element is located. 

2023-04-10 09:24:35 - [MESSAGE][WARNING] - Web element with id: 'Object Repository/2-OBJECTS TAREAS SECUNDARIAS/Pruebas Seguridad/Crear_Usuario,_contraseña,_Accesos_Particulares (1)/span_Pruebas Katalon' located by '//*/text()[normalize-space(.)='Pruebas Katalon']/parent::*' not found

2023-04-10 09:24:35 - [TEST_STEP][PASSED] - click(findTestObject("2-OBJECTS TAREAS SECUNDARIAS/Pruebas Seguridad/Crear_Usuario,_contraseña,_Accesos_Particulares/a_Nuevo")): Object: 'Object Repository/2-OBJECTS TAREAS SECUNDARIAS/Pruebas Seguridad/Crear_Usuario,_contraseña,_Accesos_Particulares/a_Nuevo' is clicked on

2023-04-10 09:24:36 - [MESSAGE][PASSED] - Object: 'Object Repository/2-OBJECTS TAREAS SECUNDARIAS/Pruebas Seguridad/Crear_Usuario,_contraseña,_Accesos_Particulares/a_Nuevo' is clicked on

2023-04-10 09:24:36 - [TEST_STEP][PASSED] - setText(findTestObject("2-OBJECTS TAREAS SECUNDARIAS/Pruebas Seguridad/Crear_Usuario,_contraseña,_Accesos_Particulares/input_Sesin_usuarioformatablogin"), todaysDate): Text '10/04/2023 09:24' is set on object 'Object Repository/2-OBJECTS TAREAS SECUNDARIAS/Pruebas Seguridad/Crear_Usuario,_contraseña,_Accesos_Particulares/input_Sesin_usuarioformatablogin'

2023-04-10 09:24:37 - [MESSAGE][PASSED] - Text '10/04/2023 09:24' is set on object 'Object Repository/2-OBJECTS TAREAS SECUNDARIAS/Pruebas Seguridad/Crear_Usuario,_contraseña,_Accesos_Particulares/input_Sesin_usuarioformatablogin'

2023-04-10 09:24:37 - [TEST_STEP][PASSED] - setText(findTestObject("2-OBJECTS TAREAS SECUNDARIAS/Pruebas Seguridad/Crear_Usuario,_contraseña,_Accesos_Particulares/input_Documento_usuarioformatabdocumento"), identificacion): Text '8896077' is set on object 'Object Repository/2-OBJECTS TAREAS SECUNDARIAS/Pruebas Seguridad/Crear_Usuario,_contraseña,_Accesos_Particulares/input_Documento_usuarioformatabdocumento'

2023-04-10 09:24:38 - [MESSAGE][PASSED] - Text '8896077' is set on object 'Object Repository/2-OBJECTS TAREAS SECUNDARIAS/Pruebas Seguridad/Crear_Usuario,_contraseña,_Accesos_Particulares/input_Documento_usuarioformatabdocumento'

2023-04-10 09:24:38 - [TEST_STEP][PASSED] - setText(findTestObject("2-OBJECTS TAREAS SECUNDARIAS/Pruebas Seguridad/Crear_Usuario,_contraseña,_Accesos_Particulares/input_Nombre_usuarioformatabnombre"), "Pruebas Katalon"): Text 'Pruebas Katalon' is set on object 'Object Repository/2-OBJECTS TAREAS SECUNDARIAS/Pruebas Seguridad/Crear_Usuario,_contraseña,_Accesos_Particulares/input_Nombre_usuarioformatabnombre'

2023-04-10 09:24:38 - [MESSAGE][PASSED] - Text 'Pruebas Katalon' is set on object 'Object Repository/2-OBJECTS TAREAS SECUNDARIAS/Pruebas Seguridad/Crear_Usuario,_contraseña,_Accesos_Particulares/input_Nombre_usuarioformatabnombre'

2023-04-10 09:24:38 - [TEST_STEP][PASSED] - setText(findTestObject("2-OBJECTS TAREAS SECUNDARIAS/Pruebas Seguridad/Crear_Usuario,_contraseña,_Accesos_Particulares/input_Correo_usuarioformatabemail"), identificacion + "noodle@gmail.com"): Text '8896077noodle@gmail.com' is set on object 'Object Repository/2-OBJECTS TAREAS SECUNDARIAS/Pruebas Seguridad/Crear_Usuario,_contraseña,_Accesos_Particulares/input_Correo_usuarioformatabemail'

2023-04-10 09:24:39 - [MESSAGE][PASSED] - Text '8896077noodle@gmail.com' is set on object 'Object Repository/2-OBJECTS TAREAS SECUNDARIAS/Pruebas Seguridad/Crear_Usuario,_contraseña,_Accesos_Particulares/input_Correo_usuarioformatabemail'

2023-04-10 09:24:39 - [TEST_STEP][PASSED] - click(findTestObject("2-OBJECTS TAREAS SECUNDARIAS/Pruebas Seguridad/Crear_Usuario,_contraseña,_Accesos_Particulares/label_Activo")): Object: 'Object Repository/2-OBJECTS TAREAS SECUNDARIAS/Pruebas Seguridad/Crear_Usuario,_contraseña,_Accesos_Particulares/label_Activo' is clicked on

2023-04-10 09:24:40 - [MESSAGE][PASSED] - Object: 'Object Repository/2-OBJECTS TAREAS SECUNDARIAS/Pruebas Seguridad/Crear_Usuario,_contraseña,_Accesos_Particulares/label_Activo' is clicked on

2023-04-10 09:24:40 - [TEST_STEP][PASSED] - selectOptionByIndex(findTestObject("2-OBJECTS TAREAS SECUNDARIAS/Pruebas Seguridad/Crear_Usuario,_contraseña,_Accesos_Particulares/select_-- Seleccione --Grupo a"), 1): All options with index in [1] are selected on object 'Object Repository/2-OBJECTS TAREAS SECUNDARIAS/Pruebas Seguridad/Crear_Usuario,_contraseña,_Accesos_Particulares/select_-- Seleccione --Grupo a'

2023-04-10 09:24:41 - [MESSAGE][PASSED] - All options with index in [1] are selected on object 'Object Repository/2-OBJECTS TAREAS SECUNDARIAS/Pruebas Seguridad/Crear_Usuario,_contraseña,_Accesos_Particulares/select_-- Seleccione --Grupo a'

2023-04-10 09:24:41 - [TEST_STEP][PASSED] - click(findTestObject("2-OBJECTS TAREAS SECUNDARIAS/Pruebas Seguridad/Crear_Usuario,_contraseña,_Accesos_Particulares/a_Guardar")): Object: 'Object Repository/2-OBJECTS TAREAS SECUNDARIAS/Pruebas Seguridad/Crear_Usuario,_contraseña,_Accesos_Particulares/a_Guardar' is clicked on

2023-04-10 09:24:41 - [MESSAGE][PASSED] - Object: 'Object Repository/2-OBJECTS TAREAS SECUNDARIAS/Pruebas Seguridad/Crear_Usuario,_contraseña,_Accesos_Particulares/a_Guardar' is clicked on

2023-04-10 09:24:41 - [TEST_STEP][PASSED] - click(findTestObject("2-OBJECTS TAREAS SECUNDARIAS/Pruebas Seguridad/Crear_Usuario,_contraseña,_Accesos_Particulares/a_Contrasea")): Object: 'Object Repository/2-OBJECTS TAREAS SECUNDARIAS/Pruebas Seguridad/Crear_Usuario,_contraseña,_Accesos_Particulares/a_Contrasea' is clicked on

2023-04-10 09:24:42 - [MESSAGE][PASSED] - Object: 'Object Repository/2-OBJECTS TAREAS SECUNDARIAS/Pruebas Seguridad/Crear_Usuario,_contraseña,_Accesos_Particulares/a_Contrasea' is clicked on

2023-04-10 09:24:42 - [TEST_STEP][PASSED] - setEncryptedText(findTestObject("2-OBJECTS TAREAS SECUNDARIAS/Pruebas Seguridad/Crear_Usuario,_contraseña,_Accesos_Particulares/input_Contrasea_usuarioformatabpasswordNuevo"), "MkG4/TYiCFC3cb2driP7+Q=="): Text ****** has been set on object 'Object Repository/2-OBJECTS TAREAS SECUNDARIAS/Pruebas Seguridad/Crear_Usuario,_contraseña,_Accesos_Particulares/input_Contrasea_usuarioformatabpasswordNuevo'

2023-04-10 09:24:42 - [MESSAGE][PASSED] - Text ****** has been set on object 'Object Repository/2-OBJECTS TAREAS SECUNDARIAS/Pruebas Seguridad/Crear_Usuario,_contraseña,_Accesos_Particulares/input_Contrasea_usuarioformatabpasswordNuevo'

2023-04-10 09:24:42 - [TEST_STEP][PASSED] - setEncryptedText(findTestObject("2-OBJECTS TAREAS SECUNDARIAS/Pruebas Seguridad/Crear_Usuario,_contraseña,_Accesos_Particulares/input_Confirmar_usuarioformatabpasswordConfirma"), "MkG4/TYiCFC3cb2driP7+Q=="): Text ****** has been set on object 'Object Repository/2-OBJECTS TAREAS SECUNDARIAS/Pruebas Seguridad/Crear_Usuario,_contraseña,_Accesos_Particulares/input_Confirmar_usuarioformatabpasswordConfirma'

2023-04-10 09:24:43 - [MESSAGE][PASSED] - Text ****** has been set on object 'Object Repository/2-OBJECTS TAREAS SECUNDARIAS/Pruebas Seguridad/Crear_Usuario,_contraseña,_Accesos_Particulares/input_Confirmar_usuarioformatabpasswordConfirma'

2023-04-10 09:24:43 - [TEST_STEP][PASSED] - click(findTestObject("2-OBJECTS TAREAS SECUNDARIAS/Pruebas Seguridad/Crear_Usuario,_contraseña,_Accesos_Particulares/a_Actualizar")): Object: 'Object Repository/2-OBJECTS TAREAS SECUNDARIAS/Pruebas Seguridad/Crear_Usuario,_contraseña,_Accesos_Particulares/a_Actualizar' is clicked on

2023-04-10 09:24:43 - [MESSAGE][PASSED] - Object: 'Object Repository/2-OBJECTS TAREAS SECUNDARIAS/Pruebas Seguridad/Crear_Usuario,_contraseña,_Accesos_Particulares/a_Actualizar' is clicked on

2023-04-10 09:24:43 - [TEST_STEP][PASSED] - click(findTestObject("2-OBJECTS TAREAS SECUNDARIAS/Pruebas Seguridad/Crear_Usuario,_contraseña,_Accesos_Particulares/a_Acceso Particular")): Object: 'Object Repository/2-OBJECTS TAREAS SECUNDARIAS/Pruebas Seguridad/Crear_Usuario,_contraseña,_Accesos_Particulares/a_Acceso Particular' is clicked on

2023-04-10 09:24:44 - [MESSAGE][PASSED] - Object: 'Object Repository/2-OBJECTS TAREAS SECUNDARIAS/Pruebas Seguridad/Crear_Usuario,_contraseña,_Accesos_Particulares/a_Acceso Particular' is clicked on

2023-04-10 09:24:44 - [TEST_STEP][PASSED] - selectOptionByIndex(findTestObject("2-OBJECTS TAREAS SECUNDARIAS/Pruebas Seguridad/Crear_Usuario,_contraseña,_Accesos_Particulares/select_Seleccione1ADMINISTRADORADMINISTRADOR_MASIVO"), 15): All options with index in [15] are selected on object 'Object Repository/2-OBJECTS TAREAS SECUNDARIAS/Pruebas Seguridad/Crear_Usuario,_contraseña,_Accesos_Particulares/select_Seleccione1ADMINISTRADORADMINISTRADOR_MASIVO'

2023-04-10 09:24:45 - [MESSAGE][PASSED] - All options with index in [15] are selected on object 'Object Repository/2-OBJECTS TAREAS SECUNDARIAS/Pruebas Seguridad/Crear_Usuario,_contraseña,_Accesos_Particulares/select_Seleccione1ADMINISTRADORADMINISTRADOR_MASIVO'

2023-04-10 09:24:45 - [TEST_STEP][PASSED] - selectOptionByIndex(findTestObject("2-OBJECTS TAREAS SECUNDARIAS/Pruebas Seguridad/Crear_Usuario,_contraseña,_Accesos_Particulares/select_SeleccioneEmpresa 1Empresa 1"), 1): All options with index in [1] are selected on object 'Object Repository/2-OBJECTS TAREAS SECUNDARIAS/Pruebas Seguridad/Crear_Usuario,_contraseña,_Accesos_Particulares/select_SeleccioneEmpresa 1Empresa 1'

2023-04-10 09:24:46 - [MESSAGE][PASSED] - All options with index in [1] are selected on object 'Object Repository/2-OBJECTS TAREAS SECUNDARIAS/Pruebas Seguridad/Crear_Usuario,_contraseña,_Accesos_Particulares/select_SeleccioneEmpresa 1Empresa 1'

2023-04-10 09:24:46 - [TEST_STEP][PASSED] - selectOptionByIndex(findTestObject("2-OBJECTS TAREAS SECUNDARIAS/Pruebas Seguridad/Crear_Usuario,_contraseña,_Accesos_Particulares/select_SeleccioneSaraDS_Jboss (CompensacionDS)SaraDS_weblogic (CompensacionDS)seguridad jdbcSeguridadDS_Jboss"), 1): All options with index in [1] are selected on object 'Object Repository/2-OBJECTS TAREAS SECUNDARIAS/Pruebas Seguridad/Crear_Usuario,_contraseña,_Accesos_Particulares/select_SeleccioneSaraDS_Jboss (CompensacionDS)SaraDS_weblogic (CompensacionDS)seguridad jdbcSeguridadDS_Jboss'

2023-04-10 09:24:47 - [MESSAGE][PASSED] - All options with index in [1] are selected on object 'Object Repository/2-OBJECTS TAREAS SECUNDARIAS/Pruebas Seguridad/Crear_Usuario,_contraseña,_Accesos_Particulares/select_SeleccioneSaraDS_Jboss (CompensacionDS)SaraDS_weblogic (CompensacionDS)seguridad jdbcSeguridadDS_Jboss'

2023-04-10 09:24:47 - [TEST_STEP][PASSED] - selectOptionByIndex(findTestObject("2-OBJECTS TAREAS SECUNDARIAS/Pruebas Seguridad/Crear_Usuario,_contraseña,_Accesos_Particulares/select_--Seleccione--NUCLEO SISTEMASARAPORTAL SARASARA PRIMESARA APPSOFIASEGURIDADLMSSERVICIOSREGISTRO PERSONA"), 2): All options with index in [2] are selected on object 'Object Repository/2-OBJECTS TAREAS SECUNDARIAS/Pruebas Seguridad/Crear_Usuario,_contraseña,_Accesos_Particulares/select_--Seleccione--NUCLEO SISTEMASARAPORTAL SARASARA PRIMESARA APPSOFIASEGURIDADLMSSERVICIOSREGISTRO PERSONA'

2023-04-10 09:24:48 - [MESSAGE][PASSED] - All options with index in [2] are selected on object 'Object Repository/2-OBJECTS TAREAS SECUNDARIAS/Pruebas Seguridad/Crear_Usuario,_contraseña,_Accesos_Particulares/select_--Seleccione--NUCLEO SISTEMASARAPORTAL SARASARA PRIMESARA APPSOFIASEGURIDADLMSSERVICIOSREGISTRO PERSONA'

2023-04-10 09:24:48 - [TEST_STEP][PASSED] - click(findTestObject("2-OBJECTS TAREAS SECUNDARIAS/Pruebas Seguridad/Crear_Usuario,_contraseña,_Accesos_Particulares/a_Aplicacin_usuarioformatabtabla_rolesj_idt148")): Object: 'Object Repository/2-OBJECTS TAREAS SECUNDARIAS/Pruebas Seguridad/Crear_Usuario,_contraseña,_Accesos_Particulares/a_Aplicacin_usuarioformatabtabla_rolesj_idt148' is clicked on

2023-04-10 09:24:49 - [MESSAGE][PASSED] - Object: 'Object Repository/2-OBJECTS TAREAS SECUNDARIAS/Pruebas Seguridad/Crear_Usuario,_contraseña,_Accesos_Particulares/a_Aplicacin_usuarioformatabtabla_rolesj_idt148' is clicked on

2023-04-10 09:24:49 - [TEST_STEP][PASSED] - Result = getText(findTestObject("3-OBJECTS UTILIDADES/Alerta/Alerta")): Text of object 'Object Repository/3-OBJECTS UTILIDADES/Alerta/Alerta' is: 'Se adicionó el registro satisfactoriamente'

2023-04-10 09:24:50 - [MESSAGE][PASSED] - Text of object 'Object Repository/3-OBJECTS UTILIDADES/Alerta/Alerta' is: 'Se adicionó el registro satisfactoriamente'

2023-04-10 09:24:50 - [TEST_STEP][PASSED] - if (Result == "Se adicionó el registro satisfactoriamente"): null

2023-04-10 09:24:50 - [TEST_STEP][PASSED] - Resultado = "PRUEBA OK": null]]></system-out>
         <system-err><![CDATA[]]></system-err>
      </testcase>
      <testcase name="Test Cases/1.2-Tareas_Secundarias/6.1-Pruebas_Seguridad/6.1.2-Crear_Rol_y_Acceso_Roles" time="27.517" classname="Test Cases/1.2-Tareas_Secundarias/6.1-Pruebas_Seguridad/6.1.2-Crear_Rol_y_Acceso_Roles" status="PASSED">
         <system-out><![CDATA[2023-04-10 09:24:50 - [TEST_CASE][PASSED] - Test Cases/1.2-Tareas_Secundarias/6.1-Pruebas_Seguridad/6.1.2-Crear_Rol_y_Acceso_Roles: Test Cases/1.2-Tareas_Secundarias/6.1-Pruebas_Seguridad/6.1.2-Crear_Rol_y_Acceso_Roles

2023-04-10 09:24:50 - [TEST_STEP][PASSED] - callTestCase(findTestCase("Utilidades-(atajos_para _tareas)/Login_Seguridad/Login-Seguridad"), [:], STOP_ON_FAILURE): Call Test Case 'Test Cases/Utilidades-(atajos_para _tareas)/Login_Seguridad/Login-Seguridad' successfully

2023-04-10 09:24:50 - [TEST_CASE][PASSED] - Test Cases/Utilidades-(atajos_para _tareas)/Login_Seguridad/Login-Seguridad: Test Cases/Utilidades-(atajos_para _tareas)/Login_Seguridad/Login-Seguridad

2023-04-10 09:24:50 - [TEST_STEP][PASSED] - openBrowser(""): Browser is opened with url: ''

2023-04-10 09:24:50 - [MESSAGE][WARNING] - A browser is already opened. Closing browser and opening a new one

2023-04-10 09:24:51 - [MESSAGE][INFO] - Starting 'Chrome' driver

2023-04-10 09:24:51 - [MESSAGE][INFO] - Action delay is set to 0 milliseconds

2023-04-10 09:24:52 - [MESSAGE][PASSED] - Browser is opened with url: ''

2023-04-10 09:24:52 - [TEST_STEP][PASSED] - maximizeWindow(): Current window maximized

2023-04-10 09:24:52 - [MESSAGE][PASSED] - Current window maximized

2023-04-10 09:24:52 - [TEST_STEP][PASSED] - i = G_Login_Seguridad: null

2023-04-10 09:24:52 - [TEST_STEP][PASSED] - url = new java.net.URL(i): null

2023-04-10 09:24:52 - [TEST_STEP][PASSED] - println("URL: " + url.toString()): null

2023-04-10 09:24:52 - [TEST_STEP][PASSED] - connection = url.openConnection(): null

2023-04-10 09:24:52 - [TEST_STEP][PASSED] - connection.setRequestMethod("GET"): null

2023-04-10 09:24:52 - [TEST_STEP][PASSED] - connection.setReadTimeout(2 * 1000): null

2023-04-10 09:24:52 - [TEST_STEP][PASSED] - try: null

2023-04-10 09:24:52 - [TEST_STEP][PASSED] - connection.connect(): null

2023-04-10 09:24:52 - [TEST_STEP][PASSED] - flag = connected: null

2023-04-10 09:24:52 - [TEST_STEP][PASSED] - println("Valor_ori: " + flag): null

2023-04-10 09:24:52 - [TEST_STEP][PASSED] - if (flag): null

2023-04-10 09:24:52 - [TEST_STEP][PASSED] - navigateToUrl(i): Navigate to 'http://192.168.2.19:8380/seguridadweb/' successfully

2023-04-10 09:24:53 - [MESSAGE][PASSED] - Navigate to 'http://192.168.2.19:8380/seguridadweb/' successfully

2023-04-10 09:24:53 - [TEST_STEP][PASSED] - a(): null

2023-04-10 09:24:53 - [TEST_STEP][PASSED] - setText(findTestObject("3-OBJECTS UTILIDADES/Login/input_USUARIO_loginusuario"), G_Usuario): Text 'saraadmin' is set on object 'Object Repository/3-OBJECTS UTILIDADES/Login/input_USUARIO_loginusuario'

2023-04-10 09:24:54 - [MESSAGE][PASSED] - Text 'saraadmin' is set on object 'Object Repository/3-OBJECTS UTILIDADES/Login/input_USUARIO_loginusuario'

2023-04-10 09:24:54 - [TEST_STEP][PASSED] - setEncryptedText(findTestObject("3-OBJECTS UTILIDADES/Login/input_CLAVE_loginpassword"), "SlAwMcyRKqrwbnzhAs8HhdIg46CWr/2Q"): Text ****** has been set on object 'Object Repository/3-OBJECTS UTILIDADES/Login/input_CLAVE_loginpassword'

2023-04-10 09:24:54 - [MESSAGE][PASSED] - Text ****** has been set on object 'Object Repository/3-OBJECTS UTILIDADES/Login/input_CLAVE_loginpassword'

2023-04-10 09:24:54 - [TEST_STEP][PASSED] - waitForElementClickable(findTestObject("3-OBJECTS UTILIDADES/Login/a_Ingresar"), G_TimeOut): Object 'Object Repository/3-OBJECTS UTILIDADES/Login/a_Ingresar' is clickable

2023-04-10 09:24:55 - [MESSAGE][PASSED] - Object 'Object Repository/3-OBJECTS UTILIDADES/Login/a_Ingresar' is clickable

2023-04-10 09:24:55 - [TEST_STEP][PASSED] - click(findTestObject("3-OBJECTS UTILIDADES/Login/a_Ingresar")): Object: 'Object Repository/3-OBJECTS UTILIDADES/Login/a_Ingresar' is clicked on

2023-04-10 09:24:56 - [MESSAGE][PASSED] - Object: 'Object Repository/3-OBJECTS UTILIDADES/Login/a_Ingresar' is clicked on

2023-04-10 09:24:56 - [MESSAGE][PASSED] - Call Test Case 'Test Cases/Utilidades-(atajos_para _tareas)/Login_Seguridad/Login-Seguridad' successfully

2023-04-10 09:24:56 - [TEST_STEP][PASSED] - setText(findTestObject("2-OBJECTS TAREAS SECUNDARIAS/Pruebas Seguridad/Crear_Rol_y_Acceso_Roles/input_Usuario_form_templatej_idt24_input"), "Roles"): Text 'Roles' is set on object 'Object Repository/2-OBJECTS TAREAS SECUNDARIAS/Pruebas Seguridad/Crear_Rol_y_Acceso_Roles/input_Usuario_form_templatej_idt24_input'

2023-04-10 09:24:57 - [MESSAGE][PASSED] - Text 'Roles' is set on object 'Object Repository/2-OBJECTS TAREAS SECUNDARIAS/Pruebas Seguridad/Crear_Rol_y_Acceso_Roles/input_Usuario_form_templatej_idt24_input'

2023-04-10 09:24:57 - [TEST_STEP][PASSED] - click(findTestObject("2-OBJECTS TAREAS SECUNDARIAS/Pruebas Seguridad/Crear_Rol_y_Acceso_Roles/li_Roles")): Object: 'Object Repository/2-OBJECTS TAREAS SECUNDARIAS/Pruebas Seguridad/Crear_Rol_y_Acceso_Roles/li_Roles' is clicked on

2023-04-10 09:24:58 - [MESSAGE][PASSED] - Object: 'Object Repository/2-OBJECTS TAREAS SECUNDARIAS/Pruebas Seguridad/Crear_Rol_y_Acceso_Roles/li_Roles' is clicked on

2023-04-10 09:24:58 - [TEST_STEP][PASSED] - setText(findTestObject("2-OBJECTS TAREAS SECUNDARIAS/Pruebas Seguridad/Crear_Rol_y_Acceso_Roles/input_Portal_formj_idt61"), "pruebas katalon"): Text 'pruebas katalon' is set on object 'Object Repository/2-OBJECTS TAREAS SECUNDARIAS/Pruebas Seguridad/Crear_Rol_y_Acceso_Roles/input_Portal_formj_idt61'

2023-04-10 09:25:00 - [MESSAGE][PASSED] - Text 'pruebas katalon' is set on object 'Object Repository/2-OBJECTS TAREAS SECUNDARIAS/Pruebas Seguridad/Crear_Rol_y_Acceso_Roles/input_Portal_formj_idt61'

2023-04-10 09:25:00 - [TEST_STEP][PASSED] - sendKeys(findTestObject("2-OBJECTS TAREAS SECUNDARIAS/Pruebas Seguridad/Crear_Rol_y_Acceso_Roles/input_Portal_formj_idt61"), Keys.chord(ENTER)): Keys 'ENTER + ' sent to object: 'Object Repository/2-OBJECTS TAREAS SECUNDARIAS/Pruebas Seguridad/Crear_Rol_y_Acceso_Roles/input_Portal_formj_idt61'

2023-04-10 09:25:00 - [MESSAGE][PASSED] - Keys 'ENTER + ' sent to object: 'Object Repository/2-OBJECTS TAREAS SECUNDARIAS/Pruebas Seguridad/Crear_Rol_y_Acceso_Roles/input_Portal_formj_idt61'

2023-04-10 09:25:00 - [TEST_STEP][PASSED] - if (waitForElementVisible(findTestObject("2-OBJECTS TAREAS SECUNDARIAS/Pruebas Seguridad/Crear_Rol_y_Acceso_Roles/td_Pruebas katalon"), 1)): null

2023-04-10 09:25:01 - [MESSAGE][PASSED] - Object 'Object Repository/2-OBJECTS TAREAS SECUNDARIAS/Pruebas Seguridad/Crear_Rol_y_Acceso_Roles/td_Pruebas katalon' is visible

2023-04-10 09:25:01 - [TEST_STEP][PASSED] - click(findTestObject("2-OBJECTS TAREAS SECUNDARIAS/Pruebas Seguridad/Crear_Rol_y_Acceso_Roles/td_Pruebas katalon")): Object: 'Object Repository/2-OBJECTS TAREAS SECUNDARIAS/Pruebas Seguridad/Crear_Rol_y_Acceso_Roles/td_Pruebas katalon' is clicked on

2023-04-10 09:25:01 - [MESSAGE][PASSED] - Object: 'Object Repository/2-OBJECTS TAREAS SECUNDARIAS/Pruebas Seguridad/Crear_Rol_y_Acceso_Roles/td_Pruebas katalon' is clicked on

2023-04-10 09:25:01 - [TEST_STEP][PASSED] - click(findTestObject("2-OBJECTS TAREAS SECUNDARIAS/Pruebas Seguridad/Crear_Rol_y_Acceso_Roles/a_Acceso Roles")): Object: 'Object Repository/2-OBJECTS TAREAS SECUNDARIAS/Pruebas Seguridad/Crear_Rol_y_Acceso_Roles/a_Acceso Roles' is clicked on

2023-04-10 09:25:02 - [MESSAGE][PASSED] - Object: 'Object Repository/2-OBJECTS TAREAS SECUNDARIAS/Pruebas Seguridad/Crear_Rol_y_Acceso_Roles/a_Acceso Roles' is clicked on

2023-04-10 09:25:02 - [TEST_STEP][PASSED] - if (waitForElementClickable(findTestObject("2-OBJECTS TAREAS SECUNDARIAS/Pruebas Seguridad/Crear_Rol_y_Acceso_Roles/a_SARA_formtabtabla_roles0j_idt134"), 1)): null

2023-04-10 09:25:03 - [MESSAGE][PASSED] - Object 'Object Repository/2-OBJECTS TAREAS SECUNDARIAS/Pruebas Seguridad/Crear_Rol_y_Acceso_Roles/a_SARA_formtabtabla_roles0j_idt134' is clickable

2023-04-10 09:25:03 - [TEST_STEP][PASSED] - click(findTestObject("2-OBJECTS TAREAS SECUNDARIAS/Pruebas Seguridad/Crear_Rol_y_Acceso_Roles/a_SARA_formtabtabla_roles0j_idt134")): Object: 'Object Repository/2-OBJECTS TAREAS SECUNDARIAS/Pruebas Seguridad/Crear_Rol_y_Acceso_Roles/a_SARA_formtabtabla_roles0j_idt134' is clicked on

2023-04-10 09:25:03 - [MESSAGE][PASSED] - Object: 'Object Repository/2-OBJECTS TAREAS SECUNDARIAS/Pruebas Seguridad/Crear_Rol_y_Acceso_Roles/a_SARA_formtabtabla_roles0j_idt134' is clicked on

2023-04-10 09:25:03 - [TEST_STEP][PASSED] - click(findTestObject("2-OBJECTS TAREAS SECUNDARIAS/Pruebas Seguridad/Crear_Rol_y_Acceso_Roles/a_link_aceptar")): Object: 'Object Repository/2-OBJECTS TAREAS SECUNDARIAS/Pruebas Seguridad/Crear_Rol_y_Acceso_Roles/a_link_aceptar' is clicked on

2023-04-10 09:25:04 - [MESSAGE][PASSED] - Object: 'Object Repository/2-OBJECTS TAREAS SECUNDARIAS/Pruebas Seguridad/Crear_Rol_y_Acceso_Roles/a_link_aceptar' is clicked on

2023-04-10 09:25:04 - [TEST_STEP][PASSED] - click(findTestObject("2-OBJECTS TAREAS SECUNDARIAS/Pruebas Seguridad/Crear_Rol_y_Acceso_Roles/a_Roles")): Object: 'Object Repository/2-OBJECTS TAREAS SECUNDARIAS/Pruebas Seguridad/Crear_Rol_y_Acceso_Roles/a_Roles' is clicked on

2023-04-10 09:25:04 - [MESSAGE][PASSED] - Object: 'Object Repository/2-OBJECTS TAREAS SECUNDARIAS/Pruebas Seguridad/Crear_Rol_y_Acceso_Roles/a_Roles' is clicked on

2023-04-10 09:25:04 - [TEST_STEP][PASSED] - click(findTestObject("2-OBJECTS TAREAS SECUNDARIAS/Pruebas Seguridad/Crear_Rol_y_Acceso_Roles/a_Eliminar")): Object: 'Object Repository/2-OBJECTS TAREAS SECUNDARIAS/Pruebas Seguridad/Crear_Rol_y_Acceso_Roles/a_Eliminar' is clicked on

2023-04-10 09:25:05 - [MESSAGE][PASSED] - Object: 'Object Repository/2-OBJECTS TAREAS SECUNDARIAS/Pruebas Seguridad/Crear_Rol_y_Acceso_Roles/a_Eliminar' is clicked on

2023-04-10 09:25:05 - [TEST_STEP][PASSED] - click(findTestObject("2-OBJECTS TAREAS SECUNDARIAS/Pruebas Seguridad/Crear_Rol_y_Acceso_Roles/a_link_aceptar")): Object: 'Object Repository/2-OBJECTS TAREAS SECUNDARIAS/Pruebas Seguridad/Crear_Rol_y_Acceso_Roles/a_link_aceptar' is clicked on

2023-04-10 09:25:06 - [MESSAGE][PASSED] - Object: 'Object Repository/2-OBJECTS TAREAS SECUNDARIAS/Pruebas Seguridad/Crear_Rol_y_Acceso_Roles/a_link_aceptar' is clicked on

2023-04-10 09:25:06 - [TEST_STEP][PASSED] - click(findTestObject("2-OBJECTS TAREAS SECUNDARIAS/Pruebas Seguridad/Crear_Rol_y_Acceso_Roles/a_Nuevo")): Object: 'Object Repository/2-OBJECTS TAREAS SECUNDARIAS/Pruebas Seguridad/Crear_Rol_y_Acceso_Roles/a_Nuevo' is clicked on

2023-04-10 09:25:06 - [MESSAGE][PASSED] - Object: 'Object Repository/2-OBJECTS TAREAS SECUNDARIAS/Pruebas Seguridad/Crear_Rol_y_Acceso_Roles/a_Nuevo' is clicked on

2023-04-10 09:25:06 - [TEST_STEP][PASSED] - setText(findTestObject("2-OBJECTS TAREAS SECUNDARIAS/Pruebas Seguridad/Crear_Rol_y_Acceso_Roles/input_Descripcin_formtabdescripcion"), "Pruebas katalon"): Text 'Pruebas katalon' is set on object 'Object Repository/2-OBJECTS TAREAS SECUNDARIAS/Pruebas Seguridad/Crear_Rol_y_Acceso_Roles/input_Descripcin_formtabdescripcion'

2023-04-10 09:25:07 - [MESSAGE][PASSED] - Text 'Pruebas katalon' is set on object 'Object Repository/2-OBJECTS TAREAS SECUNDARIAS/Pruebas Seguridad/Crear_Rol_y_Acceso_Roles/input_Descripcin_formtabdescripcion'

2023-04-10 09:25:07 - [TEST_STEP][PASSED] - selectOptionByIndex(findTestObject("2-OBJECTS TAREAS SECUNDARIAS/Pruebas Seguridad/Crear_Rol_y_Acceso_Roles/select_Seleccin Tipo TolRol ClienteRol Funcional"), 2): All options with index in [2] are selected on object 'Object Repository/2-OBJECTS TAREAS SECUNDARIAS/Pruebas Seguridad/Crear_Rol_y_Acceso_Roles/select_Seleccin Tipo TolRol ClienteRol Funcional'

2023-04-10 09:25:08 - [MESSAGE][PASSED] - All options with index in [2] are selected on object 'Object Repository/2-OBJECTS TAREAS SECUNDARIAS/Pruebas Seguridad/Crear_Rol_y_Acceso_Roles/select_Seleccin Tipo TolRol ClienteRol Funcional'

2023-04-10 09:25:08 - [TEST_STEP][PASSED] - setText(findTestObject("2-OBJECTS TAREAS SECUNDARIAS/Pruebas Seguridad/Crear_Rol_y_Acceso_Roles/input_Alias_formtabalias"), "pruebas k"): Text 'pruebas k' is set on object 'Object Repository/2-OBJECTS TAREAS SECUNDARIAS/Pruebas Seguridad/Crear_Rol_y_Acceso_Roles/input_Alias_formtabalias'

2023-04-10 09:25:09 - [MESSAGE][PASSED] - Text 'pruebas k' is set on object 'Object Repository/2-OBJECTS TAREAS SECUNDARIAS/Pruebas Seguridad/Crear_Rol_y_Acceso_Roles/input_Alias_formtabalias'

2023-04-10 09:25:09 - [TEST_STEP][PASSED] - selectOptionByIndex(findTestObject("2-OBJECTS TAREAS SECUNDARIAS/Pruebas Seguridad/Crear_Rol_y_Acceso_Roles/select_-- Seleccione --Grupo a"), 1): All options with index in [1] are selected on object 'Object Repository/2-OBJECTS TAREAS SECUNDARIAS/Pruebas Seguridad/Crear_Rol_y_Acceso_Roles/select_-- Seleccione --Grupo a'

2023-04-10 09:25:10 - [MESSAGE][PASSED] - All options with index in [1] are selected on object 'Object Repository/2-OBJECTS TAREAS SECUNDARIAS/Pruebas Seguridad/Crear_Rol_y_Acceso_Roles/select_-- Seleccione --Grupo a'

2023-04-10 09:25:10 - [TEST_STEP][PASSED] - click(findTestObject("2-OBJECTS TAREAS SECUNDARIAS/Pruebas Seguridad/Crear_Rol_y_Acceso_Roles/a_Guardar")): Object: 'Object Repository/2-OBJECTS TAREAS SECUNDARIAS/Pruebas Seguridad/Crear_Rol_y_Acceso_Roles/a_Guardar' is clicked on

2023-04-10 09:25:10 - [MESSAGE][PASSED] - Object: 'Object Repository/2-OBJECTS TAREAS SECUNDARIAS/Pruebas Seguridad/Crear_Rol_y_Acceso_Roles/a_Guardar' is clicked on

2023-04-10 09:25:10 - [TEST_STEP][PASSED] - click(findTestObject("2-OBJECTS TAREAS SECUNDARIAS/Pruebas Seguridad/Crear_Rol_y_Acceso_Roles/a_Acceso Roles")): Object: 'Object Repository/2-OBJECTS TAREAS SECUNDARIAS/Pruebas Seguridad/Crear_Rol_y_Acceso_Roles/a_Acceso Roles' is clicked on

2023-04-10 09:25:11 - [MESSAGE][PASSED] - Object: 'Object Repository/2-OBJECTS TAREAS SECUNDARIAS/Pruebas Seguridad/Crear_Rol_y_Acceso_Roles/a_Acceso Roles' is clicked on

2023-04-10 09:25:11 - [TEST_STEP][PASSED] - selectOptionByIndex(findTestObject("2-OBJECTS TAREAS SECUNDARIAS/Pruebas Seguridad/Crear_Rol_y_Acceso_Roles/select_SeleccioneEmpresa 1Empresa 1"), 1): All options with index in [1] are selected on object 'Object Repository/2-OBJECTS TAREAS SECUNDARIAS/Pruebas Seguridad/Crear_Rol_y_Acceso_Roles/select_SeleccioneEmpresa 1Empresa 1'

2023-04-10 09:25:13 - [MESSAGE][PASSED] - All options with index in [1] are selected on object 'Object Repository/2-OBJECTS TAREAS SECUNDARIAS/Pruebas Seguridad/Crear_Rol_y_Acceso_Roles/select_SeleccioneEmpresa 1Empresa 1'

2023-04-10 09:25:13 - [TEST_STEP][PASSED] - selectOptionByIndex(findTestObject("2-OBJECTS TAREAS SECUNDARIAS/Pruebas Seguridad/Crear_Rol_y_Acceso_Roles/select_SeleccioneSaraDS_Jboss (CompensacionDS)SaraDS_weblogic (CompensacionDS)seguridad jdbcSeguridadDS_Jboss"), 1): All options with index in [1] are selected on object 'Object Repository/2-OBJECTS TAREAS SECUNDARIAS/Pruebas Seguridad/Crear_Rol_y_Acceso_Roles/select_SeleccioneSaraDS_Jboss (CompensacionDS)SaraDS_weblogic (CompensacionDS)seguridad jdbcSeguridadDS_Jboss'

2023-04-10 09:25:14 - [MESSAGE][PASSED] - All options with index in [1] are selected on object 'Object Repository/2-OBJECTS TAREAS SECUNDARIAS/Pruebas Seguridad/Crear_Rol_y_Acceso_Roles/select_SeleccioneSaraDS_Jboss (CompensacionDS)SaraDS_weblogic (CompensacionDS)seguridad jdbcSeguridadDS_Jboss'

2023-04-10 09:25:14 - [TEST_STEP][PASSED] - selectOptionByIndex(findTestObject("2-OBJECTS TAREAS SECUNDARIAS/Pruebas Seguridad/Crear_Rol_y_Acceso_Roles/select_--Seleccione--NUCLEO SISTEMASARAPORTAL SARASARA PRIMESARA APPSOFIASEGURIDADLMSSERVICIOSREGISTRO PERSONA"), 2): All options with index in [2] are selected on object 'Object Repository/2-OBJECTS TAREAS SECUNDARIAS/Pruebas Seguridad/Crear_Rol_y_Acceso_Roles/select_--Seleccione--NUCLEO SISTEMASARAPORTAL SARASARA PRIMESARA APPSOFIASEGURIDADLMSSERVICIOSREGISTRO PERSONA'

2023-04-10 09:25:15 - [MESSAGE][PASSED] - All options with index in [2] are selected on object 'Object Repository/2-OBJECTS TAREAS SECUNDARIAS/Pruebas Seguridad/Crear_Rol_y_Acceso_Roles/select_--Seleccione--NUCLEO SISTEMASARAPORTAL SARASARA PRIMESARA APPSOFIASEGURIDADLMSSERVICIOSREGISTRO PERSONA'

2023-04-10 09:25:15 - [TEST_STEP][PASSED] - click(findTestObject("2-OBJECTS TAREAS SECUNDARIAS/Pruebas Seguridad/Crear_Rol_y_Acceso_Roles/a_Filter by Aplicacin_formtabtabla_rolesj_idt135")): Object: 'Object Repository/2-OBJECTS TAREAS SECUNDARIAS/Pruebas Seguridad/Crear_Rol_y_Acceso_Roles/a_Filter by Aplicacin_formtabtabla_rolesj_idt135' is clicked on

2023-04-10 09:25:16 - [MESSAGE][PASSED] - Object: 'Object Repository/2-OBJECTS TAREAS SECUNDARIAS/Pruebas Seguridad/Crear_Rol_y_Acceso_Roles/a_Filter by Aplicacin_formtabtabla_rolesj_idt135' is clicked on

2023-04-10 09:25:16 - [TEST_STEP][PASSED] - Result = getText(findTestObject("3-OBJECTS UTILIDADES/Alerta/Alerta")): Text of object 'Object Repository/3-OBJECTS UTILIDADES/Alerta/Alerta' is: 'Se adicionó el registro satisfactoriamente'

2023-04-10 09:25:16 - [MESSAGE][PASSED] - Text of object 'Object Repository/3-OBJECTS UTILIDADES/Alerta/Alerta' is: 'Se adicionó el registro satisfactoriamente'

2023-04-10 09:25:16 - [TEST_STEP][PASSED] - if (Result == "Se adicionó el registro satisfactoriamente"): Browser is closed

2023-04-10 09:25:16 - [TEST_STEP][PASSED] - Resultado = "Prueba ok": null

2023-04-10 09:25:16 - [TEST_STEP][PASSED] - closeBrowser(): Browser is closed

2023-04-10 09:25:17 - [MESSAGE][PASSED] - Browser is closed]]></system-out>
         <system-err><![CDATA[]]></system-err>
      </testcase>
      <testcase name="Test Cases/1.1-Tareas Principales/1.8.4-Crear_empresa_y_suario" time="61.339" classname="Test Cases/1.1-Tareas Principales/1.8.4-Crear_empresa_y_suario" status="FAILED">
         <failure type="FAILED" message="Test Cases/1.1-Tareas Principales/1.8.4-Crear_empresa_y_suario FAILED.
Reason:
com.kms.katalon.core.exception.StepFailedException: Unable to click on object 'Object Repository/2-OBJECTS TAREAS SECUNDARIAS/Pruebas Seguridad/Crear_Empresa/td_Pruebas katalon'
	at com.kms.katalon.core.webui.keyword.internal.WebUIKeywordMain.stepFailed(WebUIKeywordMain.groovy:64)
	at com.kms.katalon.core.webui.keyword.internal.WebUIKeywordMain.runKeyword(WebUIKeywordMain.groovy:26)
	at com.kms.katalon.core.webui.keyword.builtin.ClickKeyword.click(ClickKeyword.groovy:74)
	at com.kms.katalon.core.webui.keyword.builtin.ClickKeyword.execute(ClickKeyword.groovy:40)
	at com.kms.katalon.core.keyword.internal.KeywordExecutor.executeKeywordForPlatform(KeywordExecutor.groovy:74)
	at com.kms.katalon.core.webui.keyword.WebUiBuiltInKeywords.click(WebUiBuiltInKeywords.groovy:620)
	at com.kms.katalon.core.webui.keyword.WebUiBuiltInKeywords$click$6.call(Unknown Source)
	at 1.8.4-Crear_empresa_y_suario.borrarEmpresa(1.8.4-Crear_empresa_y_suario:200)
	at 1.8.4-Crear_empresa_y_suario.run(1.8.4-Crear_empresa_y_suario:25)
	at com.kms.katalon.core.main.ScriptEngine.run(ScriptEngine.java:194)
	at com.kms.katalon.core.main.ScriptEngine.runScriptAsRawText(ScriptEngine.java:119)
	at com.kms.katalon.core.main.TestCaseExecutor.runScript(TestCaseExecutor.java:448)
	at com.kms.katalon.core.main.TestCaseExecutor.doExecute(TestCaseExecutor.java:439)
	at com.kms.katalon.core.main.TestCaseExecutor.processExecutionPhase(TestCaseExecutor.java:418)
	at com.kms.katalon.core.main.TestCaseExecutor.accessMainPhase(TestCaseExecutor.java:410)
	at com.kms.katalon.core.main.TestCaseExecutor.execute(TestCaseExecutor.java:285)
	at com.kms.katalon.core.common.CommonExecutor.accessTestCaseMainPhase(CommonExecutor.java:65)
	at com.kms.katalon.core.main.TestSuiteExecutor.accessTestSuiteMainPhase(TestSuiteExecutor.java:148)
	at com.kms.katalon.core.main.TestSuiteExecutor.execute(TestSuiteExecutor.java:106)
	at com.kms.katalon.core.main.TestCaseMain.startTestSuite(TestCaseMain.java:187)
	at com.kms.katalon.core.main.TestCaseMain$startTestSuite$0.call(Unknown Source)
	at TempTestSuite1681133572502.run(TempTestSuite1681133572502.groovy:36)
Caused by: org.openqa.selenium.ElementClickInterceptedException: element click intercepted: Element &lt;td role=&quot;gridcell&quot; class=&quot;&quot;>...&lt;/td> is not clickable at point (253, 304). Other element would receive the click: &lt;div id=&quot;popupErrorDialog:dialog_popupFoto_modal&quot; class=&quot;ui-widget-overlay ui-dialog-mask&quot; style=&quot;z-index: 1009;&quot;>&lt;/div>
  (Session info: chrome=111.0.5563.147)
Build info: version: '3.141.59', revision: 'e82be7d358', time: '2018-11-14T08:25:53'
System info: host: 'US-AF-000371', ip: '192.168.56.1', os.name: 'Windows 10', os.arch: 'amd64', os.version: '10.0', java.version: '1.8.0_282'
Driver info: com.kms.katalon.selenium.driver.CChromeDriver
Capabilities {acceptInsecureCerts: false, browserName: chrome, browserVersion: 111.0.5563.147, chrome: {chromedriverVersion: 110.0.5481.77 (65ed616c6e8e..., userDataDir: C:\Users\DIEGO~1.ROJ\AppDat...}, goog:chromeOptions: {debuggerAddress: localhost:53596}, javascriptEnabled: true, networkConnectionEnabled: false, pageLoadStrategy: normal, platform: WINDOWS, platformName: WINDOWS, proxy: Proxy(), setWindowRect: true, strictFileInteractability: false, timeouts: {implicit: 0, pageLoad: 300000, script: 30000}, unhandledPromptBehavior: dismiss and notify, webauthn:extension:credBlob: true, webauthn:extension:largeBlob: true, webauthn:virtualAuthenticators: true}
Session ID: 23f91b23e379ef4da8eb76d3c8c43bb0
	at org.openqa.selenium.remote.http.W3CHttpResponseCodec.createException(W3CHttpResponseCodec.java:187)
	at org.openqa.selenium.remote.http.W3CHttpResponseCodec.decode(W3CHttpResponseCodec.java:122)
	at org.openqa.selenium.remote.http.W3CHttpResponseCodec.decode(W3CHttpResponseCodec.java:49)
	at org.openqa.selenium.remote.HttpCommandExecutor.execute(HttpCommandExecutor.java:158)
	at org.openqa.selenium.remote.service.DriverCommandExecutor.execute(DriverCommandExecutor.java:83)
	at org.openqa.selenium.remote.RemoteWebDriver.execute(RemoteWebDriver.java:552)
	at com.kms.katalon.selenium.driver.CChromeDriver.execute(CChromeDriver.java:19)
	at org.openqa.selenium.remote.RemoteWebElement.execute(RemoteWebElement.java:285)
	at org.openqa.selenium.remote.RemoteWebElement.click(RemoteWebElement.java:84)
	at org.openqa.selenium.support.events.EventFiringWebDriver$EventFiringWebElement.lambda$new$0(EventFiringWebDriver.java:404)
	at com.sun.proxy.$Proxy11.click(Unknown Source)
	at org.openqa.selenium.support.events.EventFiringWebDriver$EventFiringWebElement.click(EventFiringWebDriver.java:417)
	at org.openqa.selenium.WebElement$click$0.call(Unknown Source)
	at com.kms.katalon.core.webui.keyword.builtin.ClickKeyword.clickUntilSuccessWithTimeout(ClickKeyword.groovy:81)
	at com.kms.katalon.core.webui.keyword.builtin.ClickKeyword.clickUntilSuccessWithTimeout(ClickKeyword.groovy)
	at com.kms.katalon.core.webui.keyword.builtin.ClickKeyword$_click_closure1.doCall(ClickKeyword.groovy:67)
	at com.kms.katalon.core.webui.keyword.builtin.ClickKeyword$_click_closure1.call(ClickKeyword.groovy)
	at com.kms.katalon.core.webui.keyword.internal.WebUIKeywordMain.runKeyword(WebUIKeywordMain.groovy:20)
	... 20 more
"/>
         <system-out><![CDATA[2023-04-10 09:25:17 - [TEST_CASE][FAILED] - Test Cases/1.1-Tareas Principales/1.8.4-Crear_empresa_y_suario: Test Cases/1.1-Tareas Principales/1.8.4-Crear_empresa_y_suario FAILED.
Reason:
com.kms.katalon.core.exception.StepFailedException: Unable to click on object 'Object Repository/2-OBJECTS TAREAS SECUNDARIAS/Pruebas Seguridad/Crear_Empresa/td_Pruebas katalon'
	at com.kms.katalon.core.webui.keyword.internal.WebUIKeywordMain.stepFailed(WebUIKeywordMain.groovy:64)
	at com.kms.katalon.core.webui.keyword.internal.WebUIKeywordMain.runKeyword(WebUIKeywordMain.groovy:26)
	at com.kms.katalon.core.webui.keyword.builtin.ClickKeyword.click(ClickKeyword.groovy:74)
	at com.kms.katalon.core.webui.keyword.builtin.ClickKeyword.execute(ClickKeyword.groovy:40)
	at com.kms.katalon.core.keyword.internal.KeywordExecutor.executeKeywordForPlatform(KeywordExecutor.groovy:74)
	at com.kms.katalon.core.webui.keyword.WebUiBuiltInKeywords.click(WebUiBuiltInKeywords.groovy:620)
	at com.kms.katalon.core.webui.keyword.WebUiBuiltInKeywords$click$6.call(Unknown Source)
	at 1.8.4-Crear_empresa_y_suario.borrarEmpresa(1.8.4-Crear_empresa_y_suario:200)
	at 1.8.4-Crear_empresa_y_suario.run(1.8.4-Crear_empresa_y_suario:25)
	at com.kms.katalon.core.main.ScriptEngine.run(ScriptEngine.java:194)
	at com.kms.katalon.core.main.ScriptEngine.runScriptAsRawText(ScriptEngine.java:119)
	at com.kms.katalon.core.main.TestCaseExecutor.runScript(TestCaseExecutor.java:448)
	at com.kms.katalon.core.main.TestCaseExecutor.doExecute(TestCaseExecutor.java:439)
	at com.kms.katalon.core.main.TestCaseExecutor.processExecutionPhase(TestCaseExecutor.java:418)
	at com.kms.katalon.core.main.TestCaseExecutor.accessMainPhase(TestCaseExecutor.java:410)
	at com.kms.katalon.core.main.TestCaseExecutor.execute(TestCaseExecutor.java:285)
	at com.kms.katalon.core.common.CommonExecutor.accessTestCaseMainPhase(CommonExecutor.java:65)
	at com.kms.katalon.core.main.TestSuiteExecutor.accessTestSuiteMainPhase(TestSuiteExecutor.java:148)
	at com.kms.katalon.core.main.TestSuiteExecutor.execute(TestSuiteExecutor.java:106)
	at com.kms.katalon.core.main.TestCaseMain.startTestSuite(TestCaseMain.java:187)
	at com.kms.katalon.core.main.TestCaseMain$startTestSuite$0.call(Unknown Source)
	at TempTestSuite1681133572502.run(TempTestSuite1681133572502.groovy:36)
Caused by: org.openqa.selenium.ElementClickInterceptedException: element click intercepted: Element <td role="gridcell" class="">...</td> is not clickable at point (253, 304). Other element would receive the click: <div id="popupErrorDialog:dialog_popupFoto_modal" class="ui-widget-overlay ui-dialog-mask" style="z-index: 1009;"></div>
  (Session info: chrome=111.0.5563.147)
Build info: version: '3.141.59', revision: 'e82be7d358', time: '2018-11-14T08:25:53'
System info: host: 'US-AF-000371', ip: '192.168.56.1', os.name: 'Windows 10', os.arch: 'amd64', os.version: '10.0', java.version: '1.8.0_282'
Driver info: com.kms.katalon.selenium.driver.CChromeDriver
Capabilities {acceptInsecureCerts: false, browserName: chrome, browserVersion: 111.0.5563.147, chrome: {chromedriverVersion: 110.0.5481.77 (65ed616c6e8e..., userDataDir: C:\Users\DIEGO~1.ROJ\AppDat...}, goog:chromeOptions: {debuggerAddress: localhost:53596}, javascriptEnabled: true, networkConnectionEnabled: false, pageLoadStrategy: normal, platform: WINDOWS, platformName: WINDOWS, proxy: Proxy(), setWindowRect: true, strictFileInteractability: false, timeouts: {implicit: 0, pageLoad: 300000, script: 30000}, unhandledPromptBehavior: dismiss and notify, webauthn:extension:credBlob: true, webauthn:extension:largeBlob: true, webauthn:virtualAuthenticators: true}
Session ID: 23f91b23e379ef4da8eb76d3c8c43bb0
	at org.openqa.selenium.remote.http.W3CHttpResponseCodec.createException(W3CHttpResponseCodec.java:187)
	at org.openqa.selenium.remote.http.W3CHttpResponseCodec.decode(W3CHttpResponseCodec.java:122)
	at org.openqa.selenium.remote.http.W3CHttpResponseCodec.decode(W3CHttpResponseCodec.java:49)
	at org.openqa.selenium.remote.HttpCommandExecutor.execute(HttpCommandExecutor.java:158)
	at org.openqa.selenium.remote.service.DriverCommandExecutor.execute(DriverCommandExecutor.java:83)
	at org.openqa.selenium.remote.RemoteWebDriver.execute(RemoteWebDriver.java:552)
	at com.kms.katalon.selenium.driver.CChromeDriver.execute(CChromeDriver.java:19)
	at org.openqa.selenium.remote.RemoteWebElement.execute(RemoteWebElement.java:285)
	at org.openqa.selenium.remote.RemoteWebElement.click(RemoteWebElement.java:84)
	at org.openqa.selenium.support.events.EventFiringWebDriver$EventFiringWebElement.lambda$new$0(EventFiringWebDriver.java:404)
	at com.sun.proxy.$Proxy11.click(Unknown Source)
	at org.openqa.selenium.support.events.EventFiringWebDriver$EventFiringWebElement.click(EventFiringWebDriver.java:417)
	at org.openqa.selenium.WebElement$click$0.call(Unknown Source)
	at com.kms.katalon.core.webui.keyword.builtin.ClickKeyword.clickUntilSuccessWithTimeout(ClickKeyword.groovy:81)
	at com.kms.katalon.core.webui.keyword.builtin.ClickKeyword.clickUntilSuccessWithTimeout(ClickKeyword.groovy)
	at com.kms.katalon.core.webui.keyword.builtin.ClickKeyword$_click_closure1.doCall(ClickKeyword.groovy:67)
	at com.kms.katalon.core.webui.keyword.builtin.ClickKeyword$_click_closure1.call(ClickKeyword.groovy)
	at com.kms.katalon.core.webui.keyword.internal.WebUIKeywordMain.runKeyword(WebUIKeywordMain.groovy:20)
	... 20 more


2023-04-10 09:25:17 - [TEST_STEP][PASSED] - callTestCase(findTestCase("Utilidades-(atajos_para _tareas)/Login_Seguridad/Login-Seguridad"), [:], STOP_ON_FAILURE): Call Test Case 'Test Cases/Utilidades-(atajos_para _tareas)/Login_Seguridad/Login-Seguridad' successfully

2023-04-10 09:25:18 - [TEST_CASE][PASSED] - Test Cases/Utilidades-(atajos_para _tareas)/Login_Seguridad/Login-Seguridad: Test Cases/Utilidades-(atajos_para _tareas)/Login_Seguridad/Login-Seguridad

2023-04-10 09:25:18 - [TEST_STEP][PASSED] - openBrowser(""): Browser is opened with url: ''

2023-04-10 09:25:18 - [MESSAGE][INFO] - Starting 'Chrome' driver

2023-04-10 09:25:18 - [MESSAGE][INFO] - Action delay is set to 0 milliseconds

2023-04-10 09:25:19 - [MESSAGE][PASSED] - Browser is opened with url: ''

2023-04-10 09:25:19 - [TEST_STEP][PASSED] - maximizeWindow(): Current window maximized

2023-04-10 09:25:19 - [MESSAGE][PASSED] - Current window maximized

2023-04-10 09:25:19 - [TEST_STEP][PASSED] - i = G_Login_Seguridad: null

2023-04-10 09:25:19 - [TEST_STEP][PASSED] - url = new java.net.URL(i): null

2023-04-10 09:25:19 - [TEST_STEP][PASSED] - println("URL: " + url.toString()): null

2023-04-10 09:25:19 - [TEST_STEP][PASSED] - connection = url.openConnection(): null

2023-04-10 09:25:19 - [TEST_STEP][PASSED] - connection.setRequestMethod("GET"): null

2023-04-10 09:25:19 - [TEST_STEP][PASSED] - connection.setReadTimeout(2 * 1000): null

2023-04-10 09:25:19 - [TEST_STEP][PASSED] - try: null

2023-04-10 09:25:19 - [TEST_STEP][PASSED] - connection.connect(): null

2023-04-10 09:25:19 - [TEST_STEP][PASSED] - flag = connected: null

2023-04-10 09:25:19 - [TEST_STEP][PASSED] - println("Valor_ori: " + flag): null

2023-04-10 09:25:19 - [TEST_STEP][PASSED] - if (flag): null

2023-04-10 09:25:19 - [TEST_STEP][PASSED] - navigateToUrl(i): Navigate to 'http://192.168.2.19:8380/seguridadweb/' successfully

2023-04-10 09:25:19 - [MESSAGE][PASSED] - Navigate to 'http://192.168.2.19:8380/seguridadweb/' successfully

2023-04-10 09:25:19 - [TEST_STEP][PASSED] - a(): null

2023-04-10 09:25:19 - [TEST_STEP][PASSED] - setText(findTestObject("3-OBJECTS UTILIDADES/Login/input_USUARIO_loginusuario"), G_Usuario): Text 'saraadmin' is set on object 'Object Repository/3-OBJECTS UTILIDADES/Login/input_USUARIO_loginusuario'

2023-04-10 09:25:20 - [MESSAGE][PASSED] - Text 'saraadmin' is set on object 'Object Repository/3-OBJECTS UTILIDADES/Login/input_USUARIO_loginusuario'

2023-04-10 09:25:20 - [TEST_STEP][PASSED] - setEncryptedText(findTestObject("3-OBJECTS UTILIDADES/Login/input_CLAVE_loginpassword"), "SlAwMcyRKqrwbnzhAs8HhdIg46CWr/2Q"): Text ****** has been set on object 'Object Repository/3-OBJECTS UTILIDADES/Login/input_CLAVE_loginpassword'

2023-04-10 09:25:20 - [MESSAGE][PASSED] - Text ****** has been set on object 'Object Repository/3-OBJECTS UTILIDADES/Login/input_CLAVE_loginpassword'

2023-04-10 09:25:20 - [TEST_STEP][PASSED] - waitForElementClickable(findTestObject("3-OBJECTS UTILIDADES/Login/a_Ingresar"), G_TimeOut): Object 'Object Repository/3-OBJECTS UTILIDADES/Login/a_Ingresar' is clickable

2023-04-10 09:25:21 - [MESSAGE][PASSED] - Object 'Object Repository/3-OBJECTS UTILIDADES/Login/a_Ingresar' is clickable

2023-04-10 09:25:21 - [TEST_STEP][PASSED] - click(findTestObject("3-OBJECTS UTILIDADES/Login/a_Ingresar")): Object: 'Object Repository/3-OBJECTS UTILIDADES/Login/a_Ingresar' is clicked on

2023-04-10 09:25:22 - [MESSAGE][PASSED] - Object: 'Object Repository/3-OBJECTS UTILIDADES/Login/a_Ingresar' is clicked on

2023-04-10 09:25:22 - [MESSAGE][PASSED] - Call Test Case 'Test Cases/Utilidades-(atajos_para _tareas)/Login_Seguridad/Login-Seguridad' successfully

2023-04-10 09:25:22 - [TEST_STEP][PASSED] - borrarUsuario(): null

2023-04-10 09:25:22 - [TEST_STEP][PASSED] - setText(findTestObject("2-OBJECTS TAREAS SECUNDARIAS/Pruebas Seguridad/Crear_Usuario,_contraseña,_Accesos_Particulares/input_Usuario_form_templatej_idt24_input"), "Usuario"): Text 'Usuario' is set on object 'Object Repository/2-OBJECTS TAREAS SECUNDARIAS/Pruebas Seguridad/Crear_Usuario,_contraseña,_Accesos_Particulares/input_Usuario_form_templatej_idt24_input'

2023-04-10 09:25:22 - [MESSAGE][PASSED] - Text 'Usuario' is set on object 'Object Repository/2-OBJECTS TAREAS SECUNDARIAS/Pruebas Seguridad/Crear_Usuario,_contraseña,_Accesos_Particulares/input_Usuario_form_templatej_idt24_input'

2023-04-10 09:25:22 - [TEST_STEP][PASSED] - click(findTestObject("2-OBJECTS TAREAS SECUNDARIAS/Pruebas Seguridad/Crear_Usuario,_contraseña,_Accesos_Particulares (1)/span_Usuario")): Object: 'Object Repository/2-OBJECTS TAREAS SECUNDARIAS/Pruebas Seguridad/Crear_Usuario,_contraseña,_Accesos_Particulares (1)/span_Usuario' is clicked on

2023-04-10 09:25:24 - [MESSAGE][PASSED] - Object: 'Object Repository/2-OBJECTS TAREAS SECUNDARIAS/Pruebas Seguridad/Crear_Usuario,_contraseña,_Accesos_Particulares (1)/span_Usuario' is clicked on

2023-04-10 09:25:24 - [TEST_STEP][PASSED] - setText(findTestObject("2-OBJECTS TAREAS SECUNDARIAS/Pruebas Seguridad/Crear_Usuario,_contraseña,_Accesos_Particulares (1)/input_usuario"), "Pruebas Katalon"): Text 'Pruebas Katalon' is set on object 'Object Repository/2-OBJECTS TAREAS SECUNDARIAS/Pruebas Seguridad/Crear_Usuario,_contraseña,_Accesos_Particulares (1)/input_usuario'

2023-04-10 09:25:25 - [MESSAGE][PASSED] - Text 'Pruebas Katalon' is set on object 'Object Repository/2-OBJECTS TAREAS SECUNDARIAS/Pruebas Seguridad/Crear_Usuario,_contraseña,_Accesos_Particulares (1)/input_usuario'

2023-04-10 09:25:25 - [TEST_STEP][PASSED] - sendKeys(findTestObject("2-OBJECTS TAREAS SECUNDARIAS/Pruebas Seguridad/Crear_Usuario,_contraseña,_Accesos_Particulares (1)/input_usuario"), Keys.chord(ENTER)): Keys 'ENTER + ' sent to object: 'Object Repository/2-OBJECTS TAREAS SECUNDARIAS/Pruebas Seguridad/Crear_Usuario,_contraseña,_Accesos_Particulares (1)/input_usuario'

2023-04-10 09:25:25 - [MESSAGE][PASSED] - Keys 'ENTER + ' sent to object: 'Object Repository/2-OBJECTS TAREAS SECUNDARIAS/Pruebas Seguridad/Crear_Usuario,_contraseña,_Accesos_Particulares (1)/input_usuario'

2023-04-10 09:25:25 - [TEST_STEP][PASSED] - while (waitForElementVisible(findTestObject("2-OBJECTS TAREAS SECUNDARIAS/Pruebas Seguridad/Crear_Usuario,_contraseña,_Accesos_Particulares (1)/span_Pruebas Katalon"), 1)): null

2023-04-10 09:25:26 - [MESSAGE][PASSED] - Object 'Object Repository/2-OBJECTS TAREAS SECUNDARIAS/Pruebas Seguridad/Crear_Usuario,_contraseña,_Accesos_Particulares (1)/span_Pruebas Katalon' is visible

2023-04-10 09:25:26 - [TEST_STEP][PASSED] - click(findTestObject("2-OBJECTS TAREAS SECUNDARIAS/Pruebas Seguridad/Crear_Usuario,_contraseña,_Accesos_Particulares (1)/span_Pruebas Katalon")): Object: 'Object Repository/2-OBJECTS TAREAS SECUNDARIAS/Pruebas Seguridad/Crear_Usuario,_contraseña,_Accesos_Particulares (1)/span_Pruebas Katalon' is clicked on

2023-04-10 09:25:26 - [MESSAGE][PASSED] - Object: 'Object Repository/2-OBJECTS TAREAS SECUNDARIAS/Pruebas Seguridad/Crear_Usuario,_contraseña,_Accesos_Particulares (1)/span_Pruebas Katalon' is clicked on

2023-04-10 09:25:26 - [TEST_STEP][PASSED] - click(findTestObject("2-OBJECTS TAREAS SECUNDARIAS/Pruebas Seguridad/Crear_Usuario,_contraseña,_Accesos_Particulares/a_Acceso Particular")): Object: 'Object Repository/2-OBJECTS TAREAS SECUNDARIAS/Pruebas Seguridad/Crear_Usuario,_contraseña,_Accesos_Particulares/a_Acceso Particular' is clicked on

2023-04-10 09:25:27 - [MESSAGE][PASSED] - Object: 'Object Repository/2-OBJECTS TAREAS SECUNDARIAS/Pruebas Seguridad/Crear_Usuario,_contraseña,_Accesos_Particulares/a_Acceso Particular' is clicked on

2023-04-10 09:25:27 - [TEST_STEP][PASSED] - if (waitForElementPresent(findTestObject("2-OBJECTS TAREAS SECUNDARIAS/Pruebas Seguridad/Crear_Usuario,_contraseña,_Accesos_Particulares/a_SARA_usuarioformatabtabla_roles0j_idt147"), 1)): null

2023-04-10 09:25:27 - [MESSAGE][PASSED] - Object 'Object Repository/2-OBJECTS TAREAS SECUNDARIAS/Pruebas Seguridad/Crear_Usuario,_contraseña,_Accesos_Particulares/a_SARA_usuarioformatabtabla_roles0j_idt147' is present

2023-04-10 09:25:27 - [TEST_STEP][PASSED] - click(findTestObject("2-OBJECTS TAREAS SECUNDARIAS/Pruebas Seguridad/Crear_Usuario,_contraseña,_Accesos_Particulares/a_SARA_usuarioformatabtabla_roles0j_idt147")): Object: 'Object Repository/2-OBJECTS TAREAS SECUNDARIAS/Pruebas Seguridad/Crear_Usuario,_contraseña,_Accesos_Particulares/a_SARA_usuarioformatabtabla_roles0j_idt147' is clicked on

2023-04-10 09:25:28 - [MESSAGE][PASSED] - Object: 'Object Repository/2-OBJECTS TAREAS SECUNDARIAS/Pruebas Seguridad/Crear_Usuario,_contraseña,_Accesos_Particulares/a_SARA_usuarioformatabtabla_roles0j_idt147' is clicked on

2023-04-10 09:25:28 - [TEST_STEP][PASSED] - click(findTestObject("2-OBJECTS TAREAS SECUNDARIAS/Pruebas Seguridad/Crear_Usuario,_contraseña,_Accesos_Particulares/a_link_aceptar")): Object: 'Object Repository/2-OBJECTS TAREAS SECUNDARIAS/Pruebas Seguridad/Crear_Usuario,_contraseña,_Accesos_Particulares/a_link_aceptar' is clicked on

2023-04-10 09:25:29 - [MESSAGE][PASSED] - Object: 'Object Repository/2-OBJECTS TAREAS SECUNDARIAS/Pruebas Seguridad/Crear_Usuario,_contraseña,_Accesos_Particulares/a_link_aceptar' is clicked on

2023-04-10 09:25:29 - [TEST_STEP][PASSED] - click(findTestObject("2-OBJECTS TAREAS SECUNDARIAS/Pruebas Seguridad/Crear_Usuario,_contraseña,_Accesos_Particulares/a_Informacin")): Object: 'Object Repository/2-OBJECTS TAREAS SECUNDARIAS/Pruebas Seguridad/Crear_Usuario,_contraseña,_Accesos_Particulares/a_Informacin' is clicked on

2023-04-10 09:25:29 - [MESSAGE][PASSED] - Object: 'Object Repository/2-OBJECTS TAREAS SECUNDARIAS/Pruebas Seguridad/Crear_Usuario,_contraseña,_Accesos_Particulares/a_Informacin' is clicked on

2023-04-10 09:25:29 - [TEST_STEP][PASSED] - click(findTestObject("2-OBJECTS TAREAS SECUNDARIAS/Pruebas Seguridad/Crear_Usuario,_contraseña,_Accesos_Particulares/a_Eliminar")): Object: 'Object Repository/2-OBJECTS TAREAS SECUNDARIAS/Pruebas Seguridad/Crear_Usuario,_contraseña,_Accesos_Particulares/a_Eliminar' is clicked on

2023-04-10 09:25:30 - [MESSAGE][PASSED] - Object: 'Object Repository/2-OBJECTS TAREAS SECUNDARIAS/Pruebas Seguridad/Crear_Usuario,_contraseña,_Accesos_Particulares/a_Eliminar' is clicked on

2023-04-10 09:25:30 - [TEST_STEP][PASSED] - click(findTestObject("2-OBJECTS TAREAS SECUNDARIAS/Pruebas Seguridad/Crear_Usuario,_contraseña,_Accesos_Particulares/a_link_aceptar")): Web element with id: 'Object Repository/2-OBJECTS TAREAS SECUNDARIAS/Pruebas Seguridad/Crear_Usuario,_contraseña,_Accesos_Particulares (1)/span_Pruebas Katalon' located by '//*/text()[normalize-space(.)='Pruebas Katalon']/parent::*' not found

2023-04-10 09:25:30 - [MESSAGE][PASSED] - Object: 'Object Repository/2-OBJECTS TAREAS SECUNDARIAS/Pruebas Seguridad/Crear_Usuario,_contraseña,_Accesos_Particulares/a_link_aceptar' is clicked on

2023-04-10 09:25:33 - [MESSAGE][INFO] - Unable to find the element located by 'By.xpath: //*/text()[normalize-space(.)='Pruebas Katalon']/parent::*'. Please recheck the objects properties to make sure the desired element is located. 

2023-04-10 09:25:33 - [MESSAGE][WARNING] - Web element with id: 'Object Repository/2-OBJECTS TAREAS SECUNDARIAS/Pruebas Seguridad/Crear_Usuario,_contraseña,_Accesos_Particulares (1)/span_Pruebas Katalon' located by '//*/text()[normalize-space(.)='Pruebas Katalon']/parent::*' not found

2023-04-10 09:25:33 - [TEST_STEP][PASSED] - borrarEmpresa(): null

2023-04-10 09:25:33 - [TEST_STEP][PASSED] - setText(findTestObject("2-OBJECTS TAREAS SECUNDARIAS/Pruebas Seguridad/Crear_Empresa/input_ADMINISTRADOR DEL SISTEMA - SARA_form_templatej_idt24_input"), "Empresa"): Text 'Empresa' is set on object 'Object Repository/2-OBJECTS TAREAS SECUNDARIAS/Pruebas Seguridad/Crear_Empresa/input_ADMINISTRADOR DEL SISTEMA - SARA_form_templatej_idt24_input'

2023-04-10 09:25:33 - [MESSAGE][PASSED] - Text 'Empresa' is set on object 'Object Repository/2-OBJECTS TAREAS SECUNDARIAS/Pruebas Seguridad/Crear_Empresa/input_ADMINISTRADOR DEL SISTEMA - SARA_form_templatej_idt24_input'

2023-04-10 09:25:33 - [TEST_STEP][PASSED] - click(findTestObject("2-OBJECTS TAREAS SECUNDARIAS/Pruebas Seguridad/Crear_Empresa/span_Empresa")): Object: 'Object Repository/2-OBJECTS TAREAS SECUNDARIAS/Pruebas Seguridad/Crear_Empresa/span_Empresa' is clicked on

2023-04-10 09:25:35 - [MESSAGE][PASSED] - Object: 'Object Repository/2-OBJECTS TAREAS SECUNDARIAS/Pruebas Seguridad/Crear_Empresa/span_Empresa' is clicked on

2023-04-10 09:25:35 - [TEST_STEP][PASSED] - while (waitForElementVisible(findTestObject("2-OBJECTS TAREAS SECUNDARIAS/Pruebas Seguridad/Crear_Empresa/td_Pruebas katalon"), 1)): null

2023-04-10 09:25:36 - [MESSAGE][PASSED] - Object 'Object Repository/2-OBJECTS TAREAS SECUNDARIAS/Pruebas Seguridad/Crear_Empresa/td_Pruebas katalon' is visible

2023-04-10 09:25:36 - [TEST_STEP][PASSED] - click(findTestObject("2-OBJECTS TAREAS SECUNDARIAS/Pruebas Seguridad/Crear_Empresa/td_Pruebas katalon")): Object: 'Object Repository/2-OBJECTS TAREAS SECUNDARIAS/Pruebas Seguridad/Crear_Empresa/td_Pruebas katalon' is clicked on

2023-04-10 09:25:36 - [MESSAGE][PASSED] - Object: 'Object Repository/2-OBJECTS TAREAS SECUNDARIAS/Pruebas Seguridad/Crear_Empresa/td_Pruebas katalon' is clicked on

2023-04-10 09:25:36 - [TEST_STEP][PASSED] - click(findTestObject("2-OBJECTS TAREAS SECUNDARIAS/Pruebas Seguridad/Crear_Empresa/a_Eliminar")): Object: 'Object Repository/2-OBJECTS TAREAS SECUNDARIAS/Pruebas Seguridad/Crear_Empresa/a_Eliminar' is clicked on

2023-04-10 09:25:37 - [MESSAGE][PASSED] - Object: 'Object Repository/2-OBJECTS TAREAS SECUNDARIAS/Pruebas Seguridad/Crear_Empresa/a_Eliminar' is clicked on

2023-04-10 09:25:37 - [TEST_STEP][PASSED] - click(findTestObject("2-OBJECTS TAREAS SECUNDARIAS/Pruebas Seguridad/Crear_Empresa/a_link_aceptar")): Object 'Object Repository/2-OBJECTS TAREAS SECUNDARIAS/Pruebas Seguridad/Crear_Empresa/td_Pruebas katalon' is visible

2023-04-10 09:25:38 - [MESSAGE][PASSED] - Object: 'Object Repository/2-OBJECTS TAREAS SECUNDARIAS/Pruebas Seguridad/Crear_Empresa/a_link_aceptar' is clicked on

2023-04-10 09:25:38 - [MESSAGE][PASSED] - Object 'Object Repository/2-OBJECTS TAREAS SECUNDARIAS/Pruebas Seguridad/Crear_Empresa/td_Pruebas katalon' is visible

2023-04-10 09:25:38 - [TEST_STEP][FAILED] - click(findTestObject("2-OBJECTS TAREAS SECUNDARIAS/Pruebas Seguridad/Crear_Empresa/td_Pruebas katalon")): Unable to click on object 'Object Repository/2-OBJECTS TAREAS SECUNDARIAS/Pruebas Seguridad/Crear_Empresa/td_Pruebas katalon' (Root cause: com.kms.katalon.core.exception.StepFailedException: Unable to click on object 'Object Repository/2-OBJECTS TAREAS SECUNDARIAS/Pruebas Seguridad/Crear_Empresa/td_Pruebas katalon'
	at com.kms.katalon.core.webui.keyword.internal.WebUIKeywordMain.stepFailed(WebUIKeywordMain.groovy:64)
	at com.kms.katalon.core.webui.keyword.internal.WebUIKeywordMain.runKeyword(WebUIKeywordMain.groovy:26)
	at com.kms.katalon.core.webui.keyword.builtin.ClickKeyword.click(ClickKeyword.groovy:74)
	at com.kms.katalon.core.webui.keyword.builtin.ClickKeyword.execute(ClickKeyword.groovy:40)
	at com.kms.katalon.core.keyword.internal.KeywordExecutor.executeKeywordForPlatform(KeywordExecutor.groovy:74)
	at com.kms.katalon.core.webui.keyword.WebUiBuiltInKeywords.click(WebUiBuiltInKeywords.groovy:620)
	at com.kms.katalon.core.webui.keyword.WebUiBuiltInKeywords$click$6.call(Unknown Source)
	at 1.8.4-Crear_empresa_y_suario.borrarEmpresa(1.8.4-Crear_empresa_y_suario:200)
	at 1.8.4-Crear_empresa_y_suario.run(1.8.4-Crear_empresa_y_suario:25)
	at com.kms.katalon.core.main.ScriptEngine.run(ScriptEngine.java:194)
	at com.kms.katalon.core.main.ScriptEngine.runScriptAsRawText(ScriptEngine.java:119)
	at com.kms.katalon.core.main.TestCaseExecutor.runScript(TestCaseExecutor.java:448)
	at com.kms.katalon.core.main.TestCaseExecutor.doExecute(TestCaseExecutor.java:439)
	at com.kms.katalon.core.main.TestCaseExecutor.processExecutionPhase(TestCaseExecutor.java:418)
	at com.kms.katalon.core.main.TestCaseExecutor.accessMainPhase(TestCaseExecutor.java:410)
	at com.kms.katalon.core.main.TestCaseExecutor.execute(TestCaseExecutor.java:285)
	at com.kms.katalon.core.common.CommonExecutor.accessTestCaseMainPhase(CommonExecutor.java:65)
	at com.kms.katalon.core.main.TestSuiteExecutor.accessTestSuiteMainPhase(TestSuiteExecutor.java:148)
	at com.kms.katalon.core.main.TestSuiteExecutor.execute(TestSuiteExecutor.java:106)
	at com.kms.katalon.core.main.TestCaseMain.startTestSuite(TestCaseMain.java:187)
	at com.kms.katalon.core.main.TestCaseMain$startTestSuite$0.call(Unknown Source)
	at TempTestSuite1681133572502.run(TempTestSuite1681133572502.groovy:36)
Caused by: org.openqa.selenium.ElementClickInterceptedException: element click intercepted: Element <td role="gridcell" class="">...</td> is not clickable at point (253, 304). Other element would receive the click: <div id="popupErrorDialog:dialog_popupFoto_modal" class="ui-widget-overlay ui-dialog-mask" style="z-index: 1009;"></div>
  (Session info: chrome=111.0.5563.147)
Build info: version: '3.141.59', revision: 'e82be7d358', time: '2018-11-14T08:25:53'
System info: host: 'US-AF-000371', ip: '192.168.56.1', os.name: 'Windows 10', os.arch: 'amd64', os.version: '10.0', java.version: '1.8.0_282'
Driver info: com.kms.katalon.selenium.driver.CChromeDriver
Capabilities {acceptInsecureCerts: false, browserName: chrome, browserVersion: 111.0.5563.147, chrome: {chromedriverVersion: 110.0.5481.77 (65ed616c6e8e..., userDataDir: C:\Users\DIEGO~1.ROJ\AppDat...}, goog:chromeOptions: {debuggerAddress: localhost:53596}, javascriptEnabled: true, networkConnectionEnabled: false, pageLoadStrategy: normal, platform: WINDOWS, platformName: WINDOWS, proxy: Proxy(), setWindowRect: true, strictFileInteractability: false, timeouts: {implicit: 0, pageLoad: 300000, script: 30000}, unhandledPromptBehavior: dismiss and notify, webauthn:extension:credBlob: true, webauthn:extension:largeBlob: true, webauthn:virtualAuthenticators: true}
Session ID: 23f91b23e379ef4da8eb76d3c8c43bb0
	at org.openqa.selenium.remote.http.W3CHttpResponseCodec.createException(W3CHttpResponseCodec.java:187)
	at org.openqa.selenium.remote.http.W3CHttpResponseCodec.decode(W3CHttpResponseCodec.java:122)
	at org.openqa.selenium.remote.http.W3CHttpResponseCodec.decode(W3CHttpResponseCodec.java:49)
	at org.openqa.selenium.remote.HttpCommandExecutor.execute(HttpCommandExecutor.java:158)
	at org.openqa.selenium.remote.service.DriverCommandExecutor.execute(DriverCommandExecutor.java:83)
	at org.openqa.selenium.remote.RemoteWebDriver.execute(RemoteWebDriver.java:552)
	at com.kms.katalon.selenium.driver.CChromeDriver.execute(CChromeDriver.java:19)
	at org.openqa.selenium.remote.RemoteWebElement.execute(RemoteWebElement.java:285)
	at org.openqa.selenium.remote.RemoteWebElement.click(RemoteWebElement.java:84)
	at org.openqa.selenium.support.events.EventFiringWebDriver$EventFiringWebElement.lambda$new$0(EventFiringWebDriver.java:404)
	at com.sun.proxy.$Proxy11.click(Unknown Source)
	at org.openqa.selenium.support.events.EventFiringWebDriver$EventFiringWebElement.click(EventFiringWebDriver.java:417)
	at org.openqa.selenium.WebElement$click$0.call(Unknown Source)
	at com.kms.katalon.core.webui.keyword.builtin.ClickKeyword.clickUntilSuccessWithTimeout(ClickKeyword.groovy:81)
	at com.kms.katalon.core.webui.keyword.builtin.ClickKeyword.clickUntilSuccessWithTimeout(ClickKeyword.groovy)
	at com.kms.katalon.core.webui.keyword.builtin.ClickKeyword$_click_closure1.doCall(ClickKeyword.groovy:67)
	at com.kms.katalon.core.webui.keyword.builtin.ClickKeyword$_click_closure1.call(ClickKeyword.groovy)
	at com.kms.katalon.core.webui.keyword.internal.WebUIKeywordMain.runKeyword(WebUIKeywordMain.groovy:20)
	at com.kms.katalon.core.webui.keyword.builtin.ClickKeyword.click(ClickKeyword.groovy:74)
	at com.kms.katalon.core.webui.keyword.builtin.ClickKeyword.execute(ClickKeyword.groovy:40)
	at com.kms.katalon.core.keyword.internal.KeywordExecutor.executeKeywordForPlatform(KeywordExecutor.groovy:74)
	at com.kms.katalon.core.webui.keyword.WebUiBuiltInKeywords.click(WebUiBuiltInKeywords.groovy:620)
	at com.kms.katalon.core.webui.keyword.WebUiBuiltInKeywords$click$6.call(Unknown Source)
	at Script1660314131510.borrarEmpresa(Script1660314131510.groovy:200)
	at Script1660314131510.run(Script1660314131510.groovy:25)
	... 13 more
)

2023-04-10 09:26:18 - [MESSAGE][FAILED] - Unable to click on object 'Object Repository/2-OBJECTS TAREAS SECUNDARIAS/Pruebas Seguridad/Crear_Empresa/td_Pruebas katalon' (Root cause: com.kms.katalon.core.exception.StepFailedException: Unable to click on object 'Object Repository/2-OBJECTS TAREAS SECUNDARIAS/Pruebas Seguridad/Crear_Empresa/td_Pruebas katalon'
	at com.kms.katalon.core.webui.keyword.internal.WebUIKeywordMain.stepFailed(WebUIKeywordMain.groovy:64)
	at com.kms.katalon.core.webui.keyword.internal.WebUIKeywordMain.runKeyword(WebUIKeywordMain.groovy:26)
	at com.kms.katalon.core.webui.keyword.builtin.ClickKeyword.click(ClickKeyword.groovy:74)
	at com.kms.katalon.core.webui.keyword.builtin.ClickKeyword.execute(ClickKeyword.groovy:40)
	at com.kms.katalon.core.keyword.internal.KeywordExecutor.executeKeywordForPlatform(KeywordExecutor.groovy:74)
	at com.kms.katalon.core.webui.keyword.WebUiBuiltInKeywords.click(WebUiBuiltInKeywords.groovy:620)
	at com.kms.katalon.core.webui.keyword.WebUiBuiltInKeywords$click$6.call(Unknown Source)
	at 1.8.4-Crear_empresa_y_suario.borrarEmpresa(1.8.4-Crear_empresa_y_suario:200)
	at 1.8.4-Crear_empresa_y_suario.run(1.8.4-Crear_empresa_y_suario:25)
	at com.kms.katalon.core.main.ScriptEngine.run(ScriptEngine.java:194)
	at com.kms.katalon.core.main.ScriptEngine.runScriptAsRawText(ScriptEngine.java:119)
	at com.kms.katalon.core.main.TestCaseExecutor.runScript(TestCaseExecutor.java:448)
	at com.kms.katalon.core.main.TestCaseExecutor.doExecute(TestCaseExecutor.java:439)
	at com.kms.katalon.core.main.TestCaseExecutor.processExecutionPhase(TestCaseExecutor.java:418)
	at com.kms.katalon.core.main.TestCaseExecutor.accessMainPhase(TestCaseExecutor.java:410)
	at com.kms.katalon.core.main.TestCaseExecutor.execute(TestCaseExecutor.java:285)
	at com.kms.katalon.core.common.CommonExecutor.accessTestCaseMainPhase(CommonExecutor.java:65)
	at com.kms.katalon.core.main.TestSuiteExecutor.accessTestSuiteMainPhase(TestSuiteExecutor.java:148)
	at com.kms.katalon.core.main.TestSuiteExecutor.execute(TestSuiteExecutor.java:106)
	at com.kms.katalon.core.main.TestCaseMain.startTestSuite(TestCaseMain.java:187)
	at com.kms.katalon.core.main.TestCaseMain$startTestSuite$0.call(Unknown Source)
	at TempTestSuite1681133572502.run(TempTestSuite1681133572502.groovy:36)
Caused by: org.openqa.selenium.ElementClickInterceptedException: element click intercepted: Element <td role="gridcell" class="">...</td> is not clickable at point (253, 304). Other element would receive the click: <div id="popupErrorDialog:dialog_popupFoto_modal" class="ui-widget-overlay ui-dialog-mask" style="z-index: 1009;"></div>
  (Session info: chrome=111.0.5563.147)
Build info: version: '3.141.59', revision: 'e82be7d358', time: '2018-11-14T08:25:53'
System info: host: 'US-AF-000371', ip: '192.168.56.1', os.name: 'Windows 10', os.arch: 'amd64', os.version: '10.0', java.version: '1.8.0_282'
Driver info: com.kms.katalon.selenium.driver.CChromeDriver
Capabilities {acceptInsecureCerts: false, browserName: chrome, browserVersion: 111.0.5563.147, chrome: {chromedriverVersion: 110.0.5481.77 (65ed616c6e8e..., userDataDir: C:\Users\DIEGO~1.ROJ\AppDat...}, goog:chromeOptions: {debuggerAddress: localhost:53596}, javascriptEnabled: true, networkConnectionEnabled: false, pageLoadStrategy: normal, platform: WINDOWS, platformName: WINDOWS, proxy: Proxy(), setWindowRect: true, strictFileInteractability: false, timeouts: {implicit: 0, pageLoad: 300000, script: 30000}, unhandledPromptBehavior: dismiss and notify, webauthn:extension:credBlob: true, webauthn:extension:largeBlob: true, webauthn:virtualAuthenticators: true}
Session ID: 23f91b23e379ef4da8eb76d3c8c43bb0
	at org.openqa.selenium.remote.http.W3CHttpResponseCodec.createException(W3CHttpResponseCodec.java:187)
	at org.openqa.selenium.remote.http.W3CHttpResponseCodec.decode(W3CHttpResponseCodec.java:122)
	at org.openqa.selenium.remote.http.W3CHttpResponseCodec.decode(W3CHttpResponseCodec.java:49)
	at org.openqa.selenium.remote.HttpCommandExecutor.execute(HttpCommandExecutor.java:158)
	at org.openqa.selenium.remote.service.DriverCommandExecutor.execute(DriverCommandExecutor.java:83)
	at org.openqa.selenium.remote.RemoteWebDriver.execute(RemoteWebDriver.java:552)
	at com.kms.katalon.selenium.driver.CChromeDriver.execute(CChromeDriver.java:19)
	at org.openqa.selenium.remote.RemoteWebElement.execute(RemoteWebElement.java:285)
	at org.openqa.selenium.remote.RemoteWebElement.click(RemoteWebElement.java:84)
	at org.openqa.selenium.support.events.EventFiringWebDriver$EventFiringWebElement.lambda$new$0(EventFiringWebDriver.java:404)
	at com.sun.proxy.$Proxy11.click(Unknown Source)
	at org.openqa.selenium.support.events.EventFiringWebDriver$EventFiringWebElement.click(EventFiringWebDriver.java:417)
	at org.openqa.selenium.WebElement$click$0.call(Unknown Source)
	at com.kms.katalon.core.webui.keyword.builtin.ClickKeyword.clickUntilSuccessWithTimeout(ClickKeyword.groovy:81)
	at com.kms.katalon.core.webui.keyword.builtin.ClickKeyword.clickUntilSuccessWithTimeout(ClickKeyword.groovy)
	at com.kms.katalon.core.webui.keyword.builtin.ClickKeyword$_click_closure1.doCall(ClickKeyword.groovy:67)
	at com.kms.katalon.core.webui.keyword.builtin.ClickKeyword$_click_closure1.call(ClickKeyword.groovy)
	at com.kms.katalon.core.webui.keyword.internal.WebUIKeywordMain.runKeyword(WebUIKeywordMain.groovy:20)
	at com.kms.katalon.core.webui.keyword.builtin.ClickKeyword.click(ClickKeyword.groovy:74)
	at com.kms.katalon.core.webui.keyword.builtin.ClickKeyword.execute(ClickKeyword.groovy:40)
	at com.kms.katalon.core.keyword.internal.KeywordExecutor.executeKeywordForPlatform(KeywordExecutor.groovy:74)
	at com.kms.katalon.core.webui.keyword.WebUiBuiltInKeywords.click(WebUiBuiltInKeywords.groovy:620)
	at com.kms.katalon.core.webui.keyword.WebUiBuiltInKeywords$click$6.call(Unknown Source)
	at Script1660314131510.borrarEmpresa(Script1660314131510.groovy:200)
	at Script1660314131510.run(Script1660314131510.groovy:25)
	... 13 more
)
[[ATTACHMENT|C:\\Users\\diego.rojas\\git\\Pruebas-Minimas\\Reports\\20230410_083252\\Test_Suite_Principales\\1-Tareas Principales\\20230410_083252\\1681136778747.png]]]]></system-out>
         <system-err><![CDATA[2023-04-10 09:25:17 - [TEST_CASE][FAILED] - Test Cases/1.1-Tareas Principales/1.8.4-Crear_empresa_y_suario: Test Cases/1.1-Tareas Principales/1.8.4-Crear_empresa_y_suario FAILED.
Reason:
com.kms.katalon.core.exception.StepFailedException: Unable to click on object 'Object Repository/2-OBJECTS TAREAS SECUNDARIAS/Pruebas Seguridad/Crear_Empresa/td_Pruebas katalon'
	at com.kms.katalon.core.webui.keyword.internal.WebUIKeywordMain.stepFailed(WebUIKeywordMain.groovy:64)
	at com.kms.katalon.core.webui.keyword.internal.WebUIKeywordMain.runKeyword(WebUIKeywordMain.groovy:26)
	at com.kms.katalon.core.webui.keyword.builtin.ClickKeyword.click(ClickKeyword.groovy:74)
	at com.kms.katalon.core.webui.keyword.builtin.ClickKeyword.execute(ClickKeyword.groovy:40)
	at com.kms.katalon.core.keyword.internal.KeywordExecutor.executeKeywordForPlatform(KeywordExecutor.groovy:74)
	at com.kms.katalon.core.webui.keyword.WebUiBuiltInKeywords.click(WebUiBuiltInKeywords.groovy:620)
	at com.kms.katalon.core.webui.keyword.WebUiBuiltInKeywords$click$6.call(Unknown Source)
	at 1.8.4-Crear_empresa_y_suario.borrarEmpresa(1.8.4-Crear_empresa_y_suario:200)
	at 1.8.4-Crear_empresa_y_suario.run(1.8.4-Crear_empresa_y_suario:25)
	at com.kms.katalon.core.main.ScriptEngine.run(ScriptEngine.java:194)
	at com.kms.katalon.core.main.ScriptEngine.runScriptAsRawText(ScriptEngine.java:119)
	at com.kms.katalon.core.main.TestCaseExecutor.runScript(TestCaseExecutor.java:448)
	at com.kms.katalon.core.main.TestCaseExecutor.doExecute(TestCaseExecutor.java:439)
	at com.kms.katalon.core.main.TestCaseExecutor.processExecutionPhase(TestCaseExecutor.java:418)
	at com.kms.katalon.core.main.TestCaseExecutor.accessMainPhase(TestCaseExecutor.java:410)
	at com.kms.katalon.core.main.TestCaseExecutor.execute(TestCaseExecutor.java:285)
	at com.kms.katalon.core.common.CommonExecutor.accessTestCaseMainPhase(CommonExecutor.java:65)
	at com.kms.katalon.core.main.TestSuiteExecutor.accessTestSuiteMainPhase(TestSuiteExecutor.java:148)
	at com.kms.katalon.core.main.TestSuiteExecutor.execute(TestSuiteExecutor.java:106)
	at com.kms.katalon.core.main.TestCaseMain.startTestSuite(TestCaseMain.java:187)
	at com.kms.katalon.core.main.TestCaseMain$startTestSuite$0.call(Unknown Source)
	at TempTestSuite1681133572502.run(TempTestSuite1681133572502.groovy:36)
Caused by: org.openqa.selenium.ElementClickInterceptedException: element click intercepted: Element <td role="gridcell" class="">...</td> is not clickable at point (253, 304). Other element would receive the click: <div id="popupErrorDialog:dialog_popupFoto_modal" class="ui-widget-overlay ui-dialog-mask" style="z-index: 1009;"></div>
  (Session info: chrome=111.0.5563.147)
Build info: version: '3.141.59', revision: 'e82be7d358', time: '2018-11-14T08:25:53'
System info: host: 'US-AF-000371', ip: '192.168.56.1', os.name: 'Windows 10', os.arch: 'amd64', os.version: '10.0', java.version: '1.8.0_282'
Driver info: com.kms.katalon.selenium.driver.CChromeDriver
Capabilities {acceptInsecureCerts: false, browserName: chrome, browserVersion: 111.0.5563.147, chrome: {chromedriverVersion: 110.0.5481.77 (65ed616c6e8e..., userDataDir: C:\Users\DIEGO~1.ROJ\AppDat...}, goog:chromeOptions: {debuggerAddress: localhost:53596}, javascriptEnabled: true, networkConnectionEnabled: false, pageLoadStrategy: normal, platform: WINDOWS, platformName: WINDOWS, proxy: Proxy(), setWindowRect: true, strictFileInteractability: false, timeouts: {implicit: 0, pageLoad: 300000, script: 30000}, unhandledPromptBehavior: dismiss and notify, webauthn:extension:credBlob: true, webauthn:extension:largeBlob: true, webauthn:virtualAuthenticators: true}
Session ID: 23f91b23e379ef4da8eb76d3c8c43bb0
	at org.openqa.selenium.remote.http.W3CHttpResponseCodec.createException(W3CHttpResponseCodec.java:187)
	at org.openqa.selenium.remote.http.W3CHttpResponseCodec.decode(W3CHttpResponseCodec.java:122)
	at org.openqa.selenium.remote.http.W3CHttpResponseCodec.decode(W3CHttpResponseCodec.java:49)
	at org.openqa.selenium.remote.HttpCommandExecutor.execute(HttpCommandExecutor.java:158)
	at org.openqa.selenium.remote.service.DriverCommandExecutor.execute(DriverCommandExecutor.java:83)
	at org.openqa.selenium.remote.RemoteWebDriver.execute(RemoteWebDriver.java:552)
	at com.kms.katalon.selenium.driver.CChromeDriver.execute(CChromeDriver.java:19)
	at org.openqa.selenium.remote.RemoteWebElement.execute(RemoteWebElement.java:285)
	at org.openqa.selenium.remote.RemoteWebElement.click(RemoteWebElement.java:84)
	at org.openqa.selenium.support.events.EventFiringWebDriver$EventFiringWebElement.lambda$new$0(EventFiringWebDriver.java:404)
	at com.sun.proxy.$Proxy11.click(Unknown Source)
	at org.openqa.selenium.support.events.EventFiringWebDriver$EventFiringWebElement.click(EventFiringWebDriver.java:417)
	at org.openqa.selenium.WebElement$click$0.call(Unknown Source)
	at com.kms.katalon.core.webui.keyword.builtin.ClickKeyword.clickUntilSuccessWithTimeout(ClickKeyword.groovy:81)
	at com.kms.katalon.core.webui.keyword.builtin.ClickKeyword.clickUntilSuccessWithTimeout(ClickKeyword.groovy)
	at com.kms.katalon.core.webui.keyword.builtin.ClickKeyword$_click_closure1.doCall(ClickKeyword.groovy:67)
	at com.kms.katalon.core.webui.keyword.builtin.ClickKeyword$_click_closure1.call(ClickKeyword.groovy)
	at com.kms.katalon.core.webui.keyword.internal.WebUIKeywordMain.runKeyword(WebUIKeywordMain.groovy:20)
	... 20 more]]></system-err>
      </testcase>
      <testcase name="Test Cases/1.1-Tareas Principales/1.8.3-Recordar_Contraseña" time="83.873" classname="Test Cases/1.1-Tareas Principales/1.8.3-Recordar_Contraseña" status="FAILED">
         <failure type="FAILED" message="Test Cases/1.1-Tareas Principales/1.8.3-Recordar_Contraseña FAILED.
Reason:
com.kms.katalon.core.exception.StepFailedException: Unable to click on object 'Object Repository/1-OBJECTS TAREAS PRINCIPALES/Modulo Tarea Sara General/Recordar_Contraseña/a_No_cerrar_menu'
	at com.kms.katalon.core.webui.keyword.internal.WebUIKeywordMain.stepFailed(WebUIKeywordMain.groovy:64)
	at com.kms.katalon.core.webui.keyword.internal.WebUIKeywordMain.runKeyword(WebUIKeywordMain.groovy:26)
	at com.kms.katalon.core.webui.keyword.builtin.ClickKeyword.click(ClickKeyword.groovy:74)
	at com.kms.katalon.core.webui.keyword.builtin.ClickKeyword.execute(ClickKeyword.groovy:40)
	at com.kms.katalon.core.keyword.internal.KeywordExecutor.executeKeywordForPlatform(KeywordExecutor.groovy:74)
	at com.kms.katalon.core.webui.keyword.WebUiBuiltInKeywords.click(WebUiBuiltInKeywords.groovy:620)
	at com.kms.katalon.core.webui.keyword.WebUiBuiltInKeywords$click$6.call(Unknown Source)
	at 1.8.3-Recordar_Contraseña.run(1.8.3-Recordar_Contraseña:237)
	at com.kms.katalon.core.main.ScriptEngine.run(ScriptEngine.java:194)
	at com.kms.katalon.core.main.ScriptEngine.runScriptAsRawText(ScriptEngine.java:119)
	at com.kms.katalon.core.main.TestCaseExecutor.runScript(TestCaseExecutor.java:448)
	at com.kms.katalon.core.main.TestCaseExecutor.doExecute(TestCaseExecutor.java:439)
	at com.kms.katalon.core.main.TestCaseExecutor.processExecutionPhase(TestCaseExecutor.java:418)
	at com.kms.katalon.core.main.TestCaseExecutor.accessMainPhase(TestCaseExecutor.java:410)
	at com.kms.katalon.core.main.TestCaseExecutor.execute(TestCaseExecutor.java:285)
	at com.kms.katalon.core.common.CommonExecutor.accessTestCaseMainPhase(CommonExecutor.java:65)
	at com.kms.katalon.core.main.TestSuiteExecutor.accessTestSuiteMainPhase(TestSuiteExecutor.java:148)
	at com.kms.katalon.core.main.TestSuiteExecutor.execute(TestSuiteExecutor.java:106)
	at com.kms.katalon.core.main.TestCaseMain.startTestSuite(TestCaseMain.java:187)
	at com.kms.katalon.core.main.TestCaseMain$startTestSuite$0.call(Unknown Source)
	at TempTestSuite1681133572502.run(TempTestSuite1681133572502.groovy:36)
Caused by: com.kms.katalon.core.webui.exception.WebElementNotFoundException: Web element with id: 'Object Repository/1-OBJECTS TAREAS PRINCIPALES/Modulo Tarea Sara General/Recordar_Contraseña/a_No_cerrar_menu' located by '//form/div/a' not found
	at com.kms.katalon.core.webui.common.WebUiCommonHelper.findWebElement(WebUiCommonHelper.java:1376)
	at com.kms.katalon.core.webui.keyword.internal.WebUIAbstractKeyword.findWebElement(WebUIAbstractKeyword.groovy:27)
	at com.kms.katalon.core.webui.keyword.builtin.ClickKeyword$_click_closure1.doCall(ClickKeyword.groovy:65)
	at com.kms.katalon.core.webui.keyword.builtin.ClickKeyword$_click_closure1.call(ClickKeyword.groovy)
	at com.kms.katalon.core.webui.keyword.internal.WebUIKeywordMain.runKeyword(WebUIKeywordMain.groovy:20)
	... 19 more
"/>
         <system-out><![CDATA[2023-04-10 09:26:18 - [TEST_CASE][FAILED] - Test Cases/1.1-Tareas Principales/1.8.3-Recordar_Contraseña: Test Cases/1.1-Tareas Principales/1.8.3-Recordar_Contraseña FAILED.
Reason:
com.kms.katalon.core.exception.StepFailedException: Unable to click on object 'Object Repository/1-OBJECTS TAREAS PRINCIPALES/Modulo Tarea Sara General/Recordar_Contraseña/a_No_cerrar_menu'
	at com.kms.katalon.core.webui.keyword.internal.WebUIKeywordMain.stepFailed(WebUIKeywordMain.groovy:64)
	at com.kms.katalon.core.webui.keyword.internal.WebUIKeywordMain.runKeyword(WebUIKeywordMain.groovy:26)
	at com.kms.katalon.core.webui.keyword.builtin.ClickKeyword.click(ClickKeyword.groovy:74)
	at com.kms.katalon.core.webui.keyword.builtin.ClickKeyword.execute(ClickKeyword.groovy:40)
	at com.kms.katalon.core.keyword.internal.KeywordExecutor.executeKeywordForPlatform(KeywordExecutor.groovy:74)
	at com.kms.katalon.core.webui.keyword.WebUiBuiltInKeywords.click(WebUiBuiltInKeywords.groovy:620)
	at com.kms.katalon.core.webui.keyword.WebUiBuiltInKeywords$click$6.call(Unknown Source)
	at 1.8.3-Recordar_Contraseña.run(1.8.3-Recordar_Contraseña:237)
	at com.kms.katalon.core.main.ScriptEngine.run(ScriptEngine.java:194)
	at com.kms.katalon.core.main.ScriptEngine.runScriptAsRawText(ScriptEngine.java:119)
	at com.kms.katalon.core.main.TestCaseExecutor.runScript(TestCaseExecutor.java:448)
	at com.kms.katalon.core.main.TestCaseExecutor.doExecute(TestCaseExecutor.java:439)
	at com.kms.katalon.core.main.TestCaseExecutor.processExecutionPhase(TestCaseExecutor.java:418)
	at com.kms.katalon.core.main.TestCaseExecutor.accessMainPhase(TestCaseExecutor.java:410)
	at com.kms.katalon.core.main.TestCaseExecutor.execute(TestCaseExecutor.java:285)
	at com.kms.katalon.core.common.CommonExecutor.accessTestCaseMainPhase(CommonExecutor.java:65)
	at com.kms.katalon.core.main.TestSuiteExecutor.accessTestSuiteMainPhase(TestSuiteExecutor.java:148)
	at com.kms.katalon.core.main.TestSuiteExecutor.execute(TestSuiteExecutor.java:106)
	at com.kms.katalon.core.main.TestCaseMain.startTestSuite(TestCaseMain.java:187)
	at com.kms.katalon.core.main.TestCaseMain$startTestSuite$0.call(Unknown Source)
	at TempTestSuite1681133572502.run(TempTestSuite1681133572502.groovy:36)
Caused by: com.kms.katalon.core.webui.exception.WebElementNotFoundException: Web element with id: 'Object Repository/1-OBJECTS TAREAS PRINCIPALES/Modulo Tarea Sara General/Recordar_Contraseña/a_No_cerrar_menu' located by '//form/div/a' not found
	at com.kms.katalon.core.webui.common.WebUiCommonHelper.findWebElement(WebUiCommonHelper.java:1376)
	at com.kms.katalon.core.webui.keyword.internal.WebUIAbstractKeyword.findWebElement(WebUIAbstractKeyword.groovy:27)
	at com.kms.katalon.core.webui.keyword.builtin.ClickKeyword$_click_closure1.doCall(ClickKeyword.groovy:65)
	at com.kms.katalon.core.webui.keyword.builtin.ClickKeyword$_click_closure1.call(ClickKeyword.groovy)
	at com.kms.katalon.core.webui.keyword.internal.WebUIKeywordMain.runKeyword(WebUIKeywordMain.groovy:20)
	... 19 more


2023-04-10 09:26:19 - [TEST_STEP][PASSED] - link = G_Login_Seguridad: null

2023-04-10 09:26:19 - [TEST_STEP][PASSED] - login = G_Login: null

2023-04-10 09:26:19 - [TEST_STEP][PASSED] - comment("No Aparece el correo pendiente"): No Aparece el correo pendiente

2023-04-10 09:26:19 - [MESSAGE][INFO] - No Aparece el correo pendiente

2023-04-10 09:26:19 - [TEST_STEP][PASSED] - openBrowser(link): Browser is opened with url: 'http://192.168.2.19:8380/seguridadweb/'

2023-04-10 09:26:19 - [MESSAGE][WARNING] - A browser is already opened. Closing browser and opening a new one

2023-04-10 09:26:20 - [MESSAGE][INFO] - Starting 'Chrome' driver

2023-04-10 09:26:20 - [MESSAGE][INFO] - Action delay is set to 0 milliseconds

2023-04-10 09:26:21 - [MESSAGE][PASSED] - Browser is opened with url: 'http://192.168.2.19:8380/seguridadweb/'

2023-04-10 09:26:21 - [TEST_STEP][PASSED] - setText(findTestObject("1-OBJECTS TAREAS PRINCIPALES/Modulo Tarea Sara General/Recordar_Contraseña/input_Olvide Mi Clave_loginusuario"), G_Usuario): Text 'saraadmin' is set on object 'Object Repository/1-OBJECTS TAREAS PRINCIPALES/Modulo Tarea Sara General/Recordar_Contraseña/input_Olvide Mi Clave_loginusuario'

2023-04-10 09:26:22 - [MESSAGE][PASSED] - Text 'saraadmin' is set on object 'Object Repository/1-OBJECTS TAREAS PRINCIPALES/Modulo Tarea Sara General/Recordar_Contraseña/input_Olvide Mi Clave_loginusuario'

2023-04-10 09:26:22 - [TEST_STEP][PASSED] - setEncryptedText(findTestObject("1-OBJECTS TAREAS PRINCIPALES/Modulo Tarea Sara General/Recordar_Contraseña/input_Olvide Mi Clave_loginpassword"), "SlAwMcyRKqrwbnzhAs8HhdIg46CWr/2Q"): Text ****** has been set on object 'Object Repository/1-OBJECTS TAREAS PRINCIPALES/Modulo Tarea Sara General/Recordar_Contraseña/input_Olvide Mi Clave_loginpassword'

2023-04-10 09:26:23 - [MESSAGE][PASSED] - Text ****** has been set on object 'Object Repository/1-OBJECTS TAREAS PRINCIPALES/Modulo Tarea Sara General/Recordar_Contraseña/input_Olvide Mi Clave_loginpassword'

2023-04-10 09:26:23 - [TEST_STEP][PASSED] - click(findTestObject("1-OBJECTS TAREAS PRINCIPALES/Modulo Tarea Sara General/Recordar_Contraseña/a_Ingresar")): Object: 'Object Repository/1-OBJECTS TAREAS PRINCIPALES/Modulo Tarea Sara General/Recordar_Contraseña/a_Ingresar' is clicked on

2023-04-10 09:26:23 - [MESSAGE][PASSED] - Object: 'Object Repository/1-OBJECTS TAREAS PRINCIPALES/Modulo Tarea Sara General/Recordar_Contraseña/a_Ingresar' is clicked on

2023-04-10 09:26:23 - [TEST_STEP][PASSED] - setText(findTestObject("1-OBJECTS TAREAS PRINCIPALES/Modulo Tarea Sara General/Recordar_Contraseña/input_Empresa 1_form_templatej_idt24_input"), "Usuario"): Text 'Usuario' is set on object 'Object Repository/1-OBJECTS TAREAS PRINCIPALES/Modulo Tarea Sara General/Recordar_Contraseña/input_Empresa 1_form_templatej_idt24_input'

2023-04-10 09:26:24 - [MESSAGE][PASSED] - Text 'Usuario' is set on object 'Object Repository/1-OBJECTS TAREAS PRINCIPALES/Modulo Tarea Sara General/Recordar_Contraseña/input_Empresa 1_form_templatej_idt24_input'

2023-04-10 09:26:24 - [TEST_STEP][PASSED] - click(findTestObject("1-OBJECTS TAREAS PRINCIPALES/Modulo Tarea Sara General/Recordar_Contraseña/li_Usuario")): Object: 'Object Repository/1-OBJECTS TAREAS PRINCIPALES/Modulo Tarea Sara General/Recordar_Contraseña/li_Usuario' is clicked on

2023-04-10 09:26:26 - [MESSAGE][PASSED] - Object: 'Object Repository/1-OBJECTS TAREAS PRINCIPALES/Modulo Tarea Sara General/Recordar_Contraseña/li_Usuario' is clicked on

2023-04-10 09:26:26 - [TEST_STEP][PASSED] - setText(findTestObject("1-OBJECTS TAREAS PRINCIPALES/Modulo Tarea Sara General/Recordar_Contraseña/input_Portal_usuarioformaparametroBusqueda"), "Prueba_Contraseña"): Text 'Prueba_Contraseña' is set on object 'Object Repository/1-OBJECTS TAREAS PRINCIPALES/Modulo Tarea Sara General/Recordar_Contraseña/input_Portal_usuarioformaparametroBusqueda'

2023-04-10 09:26:27 - [MESSAGE][PASSED] - Text 'Prueba_Contraseña' is set on object 'Object Repository/1-OBJECTS TAREAS PRINCIPALES/Modulo Tarea Sara General/Recordar_Contraseña/input_Portal_usuarioformaparametroBusqueda'

2023-04-10 09:26:27 - [TEST_STEP][PASSED] - sendKeys(findTestObject("1-OBJECTS TAREAS PRINCIPALES/Modulo Tarea Sara General/Recordar_Contraseña/input_Portal_usuarioformaparametroBusqueda"), Keys.chord(ENTER)): Keys 'ENTER + ' sent to object: 'Object Repository/1-OBJECTS TAREAS PRINCIPALES/Modulo Tarea Sara General/Recordar_Contraseña/input_Portal_usuarioformaparametroBusqueda'

2023-04-10 09:26:27 - [MESSAGE][PASSED] - Keys 'ENTER + ' sent to object: 'Object Repository/1-OBJECTS TAREAS PRINCIPALES/Modulo Tarea Sara General/Recordar_Contraseña/input_Portal_usuarioformaparametroBusqueda'

2023-04-10 09:26:27 - [TEST_STEP][PASSED] - if (waitForElementVisible(findTestObject("1-OBJECTS TAREAS PRINCIPALES/Modulo Tarea Sara General/Recordar_Contraseña/span_Prueba_Contrasea"), 2)): null

2023-04-10 09:26:28 - [MESSAGE][PASSED] - Object 'Object Repository/1-OBJECTS TAREAS PRINCIPALES/Modulo Tarea Sara General/Recordar_Contraseña/span_Prueba_Contrasea' is visible

2023-04-10 09:26:28 - [TEST_STEP][PASSED] - click(findTestObject("1-OBJECTS TAREAS PRINCIPALES/Modulo Tarea Sara General/Recordar_Contraseña/span_Prueba_Contrasea")): Object: 'Object Repository/1-OBJECTS TAREAS PRINCIPALES/Modulo Tarea Sara General/Recordar_Contraseña/span_Prueba_Contrasea' is clicked on

2023-04-10 09:26:28 - [MESSAGE][PASSED] - Object: 'Object Repository/1-OBJECTS TAREAS PRINCIPALES/Modulo Tarea Sara General/Recordar_Contraseña/span_Prueba_Contrasea' is clicked on

2023-04-10 09:26:28 - [TEST_STEP][PASSED] - click(findTestObject("1-OBJECTS TAREAS PRINCIPALES/Modulo Tarea Sara General/Recordar_Contraseña/a_Eliminar")): Object: 'Object Repository/1-OBJECTS TAREAS PRINCIPALES/Modulo Tarea Sara General/Recordar_Contraseña/a_Eliminar' is clicked on

2023-04-10 09:26:29 - [MESSAGE][PASSED] - Object: 'Object Repository/1-OBJECTS TAREAS PRINCIPALES/Modulo Tarea Sara General/Recordar_Contraseña/a_Eliminar' is clicked on

2023-04-10 09:26:29 - [TEST_STEP][PASSED] - click(findTestObject("1-OBJECTS TAREAS PRINCIPALES/Modulo Tarea Sara General/Recordar_Contraseña/a_Aceptar")): Object: 'Object Repository/1-OBJECTS TAREAS PRINCIPALES/Modulo Tarea Sara General/Recordar_Contraseña/a_Aceptar' is clicked on

2023-04-10 09:26:30 - [MESSAGE][PASSED] - Object: 'Object Repository/1-OBJECTS TAREAS PRINCIPALES/Modulo Tarea Sara General/Recordar_Contraseña/a_Aceptar' is clicked on

2023-04-10 09:26:30 - [TEST_STEP][PASSED] - if (waitForElementVisible(findTestObject("1-OBJECTS TAREAS PRINCIPALES/Modulo Tarea Sara General/Recordar_Contraseña/span_esta pagina no funciona"), 1)): Web element with id: 'Object Repository/1-OBJECTS TAREAS PRINCIPALES/Modulo Tarea Sara General/Recordar_Contraseña/span_esta pagina no funciona' located by '/html/body/div[1]/div[1]/div[2]/h1/span' not found

2023-04-10 09:26:32 - [MESSAGE][INFO] - Unable to find the element located by 'By.xpath: /html/body/div[1]/div[1]/div[2]/h1/span'. Please recheck the objects properties to make sure the desired element is located. 

2023-04-10 09:26:32 - [MESSAGE][WARNING] - Web element with id: 'Object Repository/1-OBJECTS TAREAS PRINCIPALES/Modulo Tarea Sara General/Recordar_Contraseña/span_esta pagina no funciona' located by '/html/body/div[1]/div[1]/div[2]/h1/span' not found

2023-04-10 09:26:32 - [TEST_STEP][PASSED] - else: Object: 'Object Repository/1-OBJECTS TAREAS PRINCIPALES/Modulo Tarea Sara General/Recordar_Contraseña/a_Nuevo' is clicked on

2023-04-10 09:26:32 - [TEST_STEP][PASSED] - click(findTestObject("1-OBJECTS TAREAS PRINCIPALES/Modulo Tarea Sara General/Recordar_Contraseña/a_Nuevo")): Object: 'Object Repository/1-OBJECTS TAREAS PRINCIPALES/Modulo Tarea Sara General/Recordar_Contraseña/a_Nuevo' is clicked on

2023-04-10 09:26:32 - [MESSAGE][PASSED] - Object: 'Object Repository/1-OBJECTS TAREAS PRINCIPALES/Modulo Tarea Sara General/Recordar_Contraseña/a_Nuevo' is clicked on

2023-04-10 09:26:32 - [TEST_STEP][PASSED] - setText(findTestObject("1-OBJECTS TAREAS PRINCIPALES/Modulo Tarea Sara General/Recordar_Contraseña/input_Sesin_usuarioformatablogin"), "Prueba"): Text 'Prueba' is set on object 'Object Repository/1-OBJECTS TAREAS PRINCIPALES/Modulo Tarea Sara General/Recordar_Contraseña/input_Sesin_usuarioformatablogin'

2023-04-10 09:26:33 - [MESSAGE][PASSED] - Text 'Prueba' is set on object 'Object Repository/1-OBJECTS TAREAS PRINCIPALES/Modulo Tarea Sara General/Recordar_Contraseña/input_Sesin_usuarioformatablogin'

2023-04-10 09:26:33 - [TEST_STEP][PASSED] - setText(findTestObject("1-OBJECTS TAREAS PRINCIPALES/Modulo Tarea Sara General/Recordar_Contraseña/input_Documento_usuarioformatabdocumento"), "2237"): Text '2237' is set on object 'Object Repository/1-OBJECTS TAREAS PRINCIPALES/Modulo Tarea Sara General/Recordar_Contraseña/input_Documento_usuarioformatabdocumento'

2023-04-10 09:26:34 - [MESSAGE][PASSED] - Text '2237' is set on object 'Object Repository/1-OBJECTS TAREAS PRINCIPALES/Modulo Tarea Sara General/Recordar_Contraseña/input_Documento_usuarioformatabdocumento'

2023-04-10 09:26:34 - [TEST_STEP][PASSED] - setText(findTestObject("1-OBJECTS TAREAS PRINCIPALES/Modulo Tarea Sara General/Recordar_Contraseña/input_Nombre_usuarioformatabnombre"), "Prueba_Contraseña"): Text 'Prueba_Contraseña' is set on object 'Object Repository/1-OBJECTS TAREAS PRINCIPALES/Modulo Tarea Sara General/Recordar_Contraseña/input_Nombre_usuarioformatabnombre'

2023-04-10 09:26:35 - [MESSAGE][PASSED] - Text 'Prueba_Contraseña' is set on object 'Object Repository/1-OBJECTS TAREAS PRINCIPALES/Modulo Tarea Sara General/Recordar_Contraseña/input_Nombre_usuarioformatabnombre'

2023-04-10 09:26:35 - [TEST_STEP][PASSED] - setText(findTestObject("1-OBJECTS TAREAS PRINCIPALES/Modulo Tarea Sara General/Recordar_Contraseña/input_Correo_usuarioformatabemail"), "pruebas.automaticas.union@gmail.com"): Text 'pruebas.automaticas.union@gmail.com' is set on object 'Object Repository/1-OBJECTS TAREAS PRINCIPALES/Modulo Tarea Sara General/Recordar_Contraseña/input_Correo_usuarioformatabemail'

2023-04-10 09:26:35 - [MESSAGE][PASSED] - Text 'pruebas.automaticas.union@gmail.com' is set on object 'Object Repository/1-OBJECTS TAREAS PRINCIPALES/Modulo Tarea Sara General/Recordar_Contraseña/input_Correo_usuarioformatabemail'

2023-04-10 09:26:35 - [TEST_STEP][PASSED] - setText(findTestObject("1-OBJECTS TAREAS PRINCIPALES/Modulo Tarea Sara General/Recordar_Contraseña/input_Habilitar_usuarioformatabfechaabilitar_input"), Fecha()): null

2023-04-10 09:26:35 - [TEST_STEP][PASSED] - today = new java.util.Date(): null

2023-04-10 09:26:35 - [TEST_STEP][PASSED] - Fecha = today.format("dd/MM/yyyy"): null

2023-04-10 09:26:35 - [TEST_STEP][PASSED] - Hora = today.format("hh:mm"): null

2023-04-10 09:26:35 - [TEST_STEP][PASSED] - Total = Fecha + " " + Hora: Text '10/04/2023 09:26' is set on object 'Object Repository/1-OBJECTS TAREAS PRINCIPALES/Modulo Tarea Sara General/Recordar_Contraseña/input_Habilitar_usuarioformatabfechaabilitar_input'

2023-04-10 09:26:36 - [MESSAGE][PASSED] - Text '10/04/2023 09:26' is set on object 'Object Repository/1-OBJECTS TAREAS PRINCIPALES/Modulo Tarea Sara General/Recordar_Contraseña/input_Habilitar_usuarioformatabfechaabilitar_input'

2023-04-10 09:26:36 - [TEST_STEP][PASSED] - click(findTestObject("1-OBJECTS TAREAS PRINCIPALES/Modulo Tarea Sara General/Recordar_Contraseña/label_Activo")): Object: 'Object Repository/1-OBJECTS TAREAS PRINCIPALES/Modulo Tarea Sara General/Recordar_Contraseña/label_Activo' is clicked on

2023-04-10 09:26:37 - [MESSAGE][PASSED] - Object: 'Object Repository/1-OBJECTS TAREAS PRINCIPALES/Modulo Tarea Sara General/Recordar_Contraseña/label_Activo' is clicked on

2023-04-10 09:26:37 - [TEST_STEP][PASSED] - selectOptionByIndex(findTestObject("1-OBJECTS TAREAS PRINCIPALES/Modulo Tarea Sara General/Recordar_Contraseña/select_-- Seleccione --acceso empresa calidad2Grupo a"), 2): All options with index in [2] are selected on object 'Object Repository/1-OBJECTS TAREAS PRINCIPALES/Modulo Tarea Sara General/Recordar_Contraseña/select_-- Seleccione --acceso empresa calidad2Grupo a'

2023-04-10 09:26:38 - [MESSAGE][PASSED] - All options with index in [2] are selected on object 'Object Repository/1-OBJECTS TAREAS PRINCIPALES/Modulo Tarea Sara General/Recordar_Contraseña/select_-- Seleccione --acceso empresa calidad2Grupo a'

2023-04-10 09:26:38 - [TEST_STEP][PASSED] - click(findTestObject("1-OBJECTS TAREAS PRINCIPALES/Modulo Tarea Sara General/Recordar_Contraseña/a_Guardar")): Object: 'Object Repository/1-OBJECTS TAREAS PRINCIPALES/Modulo Tarea Sara General/Recordar_Contraseña/a_Guardar' is clicked on

2023-04-10 09:26:38 - [MESSAGE][PASSED] - Object: 'Object Repository/1-OBJECTS TAREAS PRINCIPALES/Modulo Tarea Sara General/Recordar_Contraseña/a_Guardar' is clicked on

2023-04-10 09:26:38 - [TEST_STEP][PASSED] - click(findTestObject("1-OBJECTS TAREAS PRINCIPALES/Modulo Tarea Sara General/Recordar_Contraseña/a_Contrasea")): Object: 'Object Repository/1-OBJECTS TAREAS PRINCIPALES/Modulo Tarea Sara General/Recordar_Contraseña/a_Contrasea' is clicked on

2023-04-10 09:26:39 - [MESSAGE][PASSED] - Object: 'Object Repository/1-OBJECTS TAREAS PRINCIPALES/Modulo Tarea Sara General/Recordar_Contraseña/a_Contrasea' is clicked on

2023-04-10 09:26:39 - [TEST_STEP][PASSED] - setText(findTestObject("1-OBJECTS TAREAS PRINCIPALES/Modulo Tarea Sara General/Recordar_Contraseña/input_Contrasea_usuarioformatabpasswordNuevo"), "saraadmin1"): Text 'saraadmin1' is set on object 'Object Repository/1-OBJECTS TAREAS PRINCIPALES/Modulo Tarea Sara General/Recordar_Contraseña/input_Contrasea_usuarioformatabpasswordNuevo'

2023-04-10 09:26:39 - [MESSAGE][PASSED] - Text 'saraadmin1' is set on object 'Object Repository/1-OBJECTS TAREAS PRINCIPALES/Modulo Tarea Sara General/Recordar_Contraseña/input_Contrasea_usuarioformatabpasswordNuevo'

2023-04-10 09:26:39 - [TEST_STEP][PASSED] - setText(findTestObject("1-OBJECTS TAREAS PRINCIPALES/Modulo Tarea Sara General/Recordar_Contraseña/input_Confirmar_usuarioformatabpasswordConfirma"), "saraadmin1"): Text 'saraadmin1' is set on object 'Object Repository/1-OBJECTS TAREAS PRINCIPALES/Modulo Tarea Sara General/Recordar_Contraseña/input_Confirmar_usuarioformatabpasswordConfirma'

2023-04-10 09:26:40 - [MESSAGE][PASSED] - Text 'saraadmin1' is set on object 'Object Repository/1-OBJECTS TAREAS PRINCIPALES/Modulo Tarea Sara General/Recordar_Contraseña/input_Confirmar_usuarioformatabpasswordConfirma'

2023-04-10 09:26:40 - [TEST_STEP][PASSED] - click(findTestObject("1-OBJECTS TAREAS PRINCIPALES/Modulo Tarea Sara General/Recordar_Contraseña/a_Actualizar")): Object: 'Object Repository/1-OBJECTS TAREAS PRINCIPALES/Modulo Tarea Sara General/Recordar_Contraseña/a_Actualizar' is clicked on

2023-04-10 09:26:41 - [MESSAGE][PASSED] - Object: 'Object Repository/1-OBJECTS TAREAS PRINCIPALES/Modulo Tarea Sara General/Recordar_Contraseña/a_Actualizar' is clicked on

2023-04-10 09:26:41 - [TEST_STEP][PASSED] - openBrowser(login): Browser is opened with url: 'http://192.168.2.19:8380/saraweb'

2023-04-10 09:26:41 - [MESSAGE][WARNING] - A browser is already opened. Closing browser and opening a new one

2023-04-10 09:26:41 - [MESSAGE][INFO] - Starting 'Chrome' driver

2023-04-10 09:26:41 - [MESSAGE][INFO] - Action delay is set to 0 milliseconds

2023-04-10 09:26:43 - [MESSAGE][PASSED] - Browser is opened with url: 'http://192.168.2.19:8380/saraweb'

2023-04-10 09:26:43 - [TEST_STEP][PASSED] - click(findTestObject("1-OBJECTS TAREAS PRINCIPALES/Modulo Tarea Sara General/Recordar_Contraseña/span_Olvide Mi Clave")): Object: 'Object Repository/1-OBJECTS TAREAS PRINCIPALES/Modulo Tarea Sara General/Recordar_Contraseña/span_Olvide Mi Clave' is clicked on

2023-04-10 09:26:44 - [MESSAGE][PASSED] - Object: 'Object Repository/1-OBJECTS TAREAS PRINCIPALES/Modulo Tarea Sara General/Recordar_Contraseña/span_Olvide Mi Clave' is clicked on

2023-04-10 09:26:44 - [TEST_STEP][PASSED] - setText(findTestObject("1-OBJECTS TAREAS PRINCIPALES/Modulo Tarea Sara General/Recordar_Contraseña/input_Ingrese Login o Correo_form_recordarClaveloginEmail"), "pruebas.automaticas.union@gmail.com"): Text 'pruebas.automaticas.union@gmail.com' is set on object 'Object Repository/1-OBJECTS TAREAS PRINCIPALES/Modulo Tarea Sara General/Recordar_Contraseña/input_Ingrese Login o Correo_form_recordarClaveloginEmail'

2023-04-10 09:26:45 - [MESSAGE][PASSED] - Text 'pruebas.automaticas.union@gmail.com' is set on object 'Object Repository/1-OBJECTS TAREAS PRINCIPALES/Modulo Tarea Sara General/Recordar_Contraseña/input_Ingrese Login o Correo_form_recordarClaveloginEmail'

2023-04-10 09:26:45 - [TEST_STEP][PASSED] - click(findTestObject("1-OBJECTS TAREAS PRINCIPALES/Modulo Tarea Sara General/Recordar_Contraseña/a_Enviar")): Object: 'Object Repository/1-OBJECTS TAREAS PRINCIPALES/Modulo Tarea Sara General/Recordar_Contraseña/a_Enviar' is clicked on

2023-04-10 09:26:45 - [MESSAGE][PASSED] - Object: 'Object Repository/1-OBJECTS TAREAS PRINCIPALES/Modulo Tarea Sara General/Recordar_Contraseña/a_Enviar' is clicked on

2023-04-10 09:26:45 - [TEST_STEP][PASSED] - Result1 = getText(findTestObject("3-OBJECTS UTILIDADES/Alerta/Alerta")): Text of object 'Object Repository/3-OBJECTS UTILIDADES/Alerta/Alerta' is: 'Señor usuario, se ha remitido un correo electrónico al correo asociado.'

2023-04-10 09:26:46 - [MESSAGE][PASSED] - Text of object 'Object Repository/3-OBJECTS UTILIDADES/Alerta/Alerta' is: 'Señor usuario, se ha remitido un correo electrónico al correo asociado.'

2023-04-10 09:26:46 - [TEST_STEP][PASSED] - openBrowser(link): Browser is opened with url: 'http://192.168.2.19:8380/seguridadweb/'

2023-04-10 09:26:46 - [MESSAGE][WARNING] - A browser is already opened. Closing browser and opening a new one

2023-04-10 09:26:47 - [MESSAGE][INFO] - Starting 'Chrome' driver

2023-04-10 09:26:47 - [MESSAGE][INFO] - Action delay is set to 0 milliseconds

2023-04-10 09:26:48 - [MESSAGE][PASSED] - Browser is opened with url: 'http://192.168.2.19:8380/seguridadweb/'

2023-04-10 09:26:48 - [TEST_STEP][PASSED] - setText(findTestObject("1-OBJECTS TAREAS PRINCIPALES/Modulo Tarea Sara General/Recordar_Contraseña/input_Olvide Mi Clave_loginusuario"), G_Usuario): Text 'saraadmin' is set on object 'Object Repository/1-OBJECTS TAREAS PRINCIPALES/Modulo Tarea Sara General/Recordar_Contraseña/input_Olvide Mi Clave_loginusuario'

2023-04-10 09:26:49 - [MESSAGE][PASSED] - Text 'saraadmin' is set on object 'Object Repository/1-OBJECTS TAREAS PRINCIPALES/Modulo Tarea Sara General/Recordar_Contraseña/input_Olvide Mi Clave_loginusuario'

2023-04-10 09:26:49 - [TEST_STEP][PASSED] - setEncryptedText(findTestObject("1-OBJECTS TAREAS PRINCIPALES/Modulo Tarea Sara General/Recordar_Contraseña/input_Olvide Mi Clave_loginpassword"), "SlAwMcyRKqrwbnzhAs8HhdIg46CWr/2Q"): Text ****** has been set on object 'Object Repository/1-OBJECTS TAREAS PRINCIPALES/Modulo Tarea Sara General/Recordar_Contraseña/input_Olvide Mi Clave_loginpassword'

2023-04-10 09:26:50 - [MESSAGE][PASSED] - Text ****** has been set on object 'Object Repository/1-OBJECTS TAREAS PRINCIPALES/Modulo Tarea Sara General/Recordar_Contraseña/input_Olvide Mi Clave_loginpassword'

2023-04-10 09:26:50 - [TEST_STEP][PASSED] - click(findTestObject("1-OBJECTS TAREAS PRINCIPALES/Modulo Tarea Sara General/Recordar_Contraseña/a_Ingresar")): Object: 'Object Repository/1-OBJECTS TAREAS PRINCIPALES/Modulo Tarea Sara General/Recordar_Contraseña/a_Ingresar' is clicked on

2023-04-10 09:26:51 - [MESSAGE][PASSED] - Object: 'Object Repository/1-OBJECTS TAREAS PRINCIPALES/Modulo Tarea Sara General/Recordar_Contraseña/a_Ingresar' is clicked on

2023-04-10 09:26:51 - [TEST_STEP][PASSED] - setText(findTestObject("1-OBJECTS TAREAS PRINCIPALES/Modulo Tarea Sara General/Recordar_Contraseña/input_Empresa 1_form_templatej_idt24_input"), "Administrador de correos"): Text 'Administrador de correos' is set on object 'Object Repository/1-OBJECTS TAREAS PRINCIPALES/Modulo Tarea Sara General/Recordar_Contraseña/input_Empresa 1_form_templatej_idt24_input'

2023-04-10 09:26:51 - [MESSAGE][PASSED] - Text 'Administrador de correos' is set on object 'Object Repository/1-OBJECTS TAREAS PRINCIPALES/Modulo Tarea Sara General/Recordar_Contraseña/input_Empresa 1_form_templatej_idt24_input'

2023-04-10 09:26:51 - [TEST_STEP][PASSED] - click(findTestObject("1-OBJECTS TAREAS PRINCIPALES/Modulo Tarea Sara General/Recordar_Contraseña/li_Usuario")): Object: 'Object Repository/1-OBJECTS TAREAS PRINCIPALES/Modulo Tarea Sara General/Recordar_Contraseña/li_Usuario' is clicked on

2023-04-10 09:26:53 - [MESSAGE][PASSED] - Object: 'Object Repository/1-OBJECTS TAREAS PRINCIPALES/Modulo Tarea Sara General/Recordar_Contraseña/li_Usuario' is clicked on

2023-04-10 09:26:53 - [TEST_STEP][PASSED] - setText(findTestObject("1-OBJECTS TAREAS PRINCIPALES/Modulo Tarea Sara General/Recordar_Contraseña/input_Destinatario_listado_correoj_idt69"), "pruebas.automaticas.union@gmail.com"): Text 'pruebas.automaticas.union@gmail.com' is set on object 'Object Repository/1-OBJECTS TAREAS PRINCIPALES/Modulo Tarea Sara General/Recordar_Contraseña/input_Destinatario_listado_correoj_idt69'

2023-04-10 09:26:55 - [MESSAGE][PASSED] - Text 'pruebas.automaticas.union@gmail.com' is set on object 'Object Repository/1-OBJECTS TAREAS PRINCIPALES/Modulo Tarea Sara General/Recordar_Contraseña/input_Destinatario_listado_correoj_idt69'

2023-04-10 09:26:55 - [TEST_STEP][PASSED] - setText(findTestObject("1-OBJECTS TAREAS PRINCIPALES/Modulo Tarea Sara General/Recordar_Contraseña/input_Asunto_listado_correoj_idt71"), "Generar Claves Usuario"): Text 'Generar Claves Usuario' is set on object 'Object Repository/1-OBJECTS TAREAS PRINCIPALES/Modulo Tarea Sara General/Recordar_Contraseña/input_Asunto_listado_correoj_idt71'

2023-04-10 09:26:56 - [MESSAGE][PASSED] - Text 'Generar Claves Usuario' is set on object 'Object Repository/1-OBJECTS TAREAS PRINCIPALES/Modulo Tarea Sara General/Recordar_Contraseña/input_Asunto_listado_correoj_idt71'

2023-04-10 09:26:56 - [TEST_STEP][PASSED] - sendKeys(findTestObject("1-OBJECTS TAREAS PRINCIPALES/Modulo Tarea Sara General/Recordar_Contraseña/input_Asunto_listado_correoj_idt71"), Keys.chord(ENTER)): Keys 'ENTER + ' sent to object: 'Object Repository/1-OBJECTS TAREAS PRINCIPALES/Modulo Tarea Sara General/Recordar_Contraseña/input_Asunto_listado_correoj_idt71'

2023-04-10 09:26:57 - [MESSAGE][PASSED] - Keys 'ENTER + ' sent to object: 'Object Repository/1-OBJECTS TAREAS PRINCIPALES/Modulo Tarea Sara General/Recordar_Contraseña/input_Asunto_listado_correoj_idt71'

2023-04-10 09:26:57 - [TEST_STEP][PASSED] - Contador = 0: null

2023-04-10 09:26:57 - [TEST_STEP][PASSED] - while (waitForElementVisible(findTestObject("1-OBJECTS TAREAS PRINCIPALES/Modulo Tarea Sara General/Recordar_Contraseña/span_Prueba_Contrasea"), 1)): Web element with id: 'Object Repository/1-OBJECTS TAREAS PRINCIPALES/Modulo Tarea Sara General/Recordar_Contraseña/span_Prueba_Contrasea' located by '//*/text()[normalize-space(.)='Prueba_Contraseña']/parent::*' not found

2023-04-10 09:26:59 - [MESSAGE][INFO] - Unable to find the element located by 'By.xpath: //*/text()[normalize-space(.)='Prueba_Contraseña']/parent::*'. Please recheck the objects properties to make sure the desired element is located. 

2023-04-10 09:26:59 - [MESSAGE][WARNING] - Web element with id: 'Object Repository/1-OBJECTS TAREAS PRINCIPALES/Modulo Tarea Sara General/Recordar_Contraseña/span_Prueba_Contrasea' located by '//*/text()[normalize-space(.)='Prueba_Contraseña']/parent::*' not found

2023-04-10 09:26:59 - [TEST_STEP][PASSED] - if (waitForElementVisible(findTestObject("1-OBJECTS TAREAS PRINCIPALES/Modulo Tarea Sara General/Recordar_Contraseña/span_20052022 0949"), 1)): null

2023-04-10 09:26:59 - [MESSAGE][PASSED] - Object 'Object Repository/1-OBJECTS TAREAS PRINCIPALES/Modulo Tarea Sara General/Recordar_Contraseña/span_20052022 0949' is visible

2023-04-10 09:26:59 - [TEST_STEP][PASSED] - getText(findTestObject("1-OBJECTS TAREAS PRINCIPALES/Modulo Tarea Sara General/Recordar_Contraseña/span_20052022 0949")): Text of object 'Object Repository/1-OBJECTS TAREAS PRINCIPALES/Modulo Tarea Sara General/Recordar_Contraseña/span_20052022 0949' is: '23/03/2023 17:47'

2023-04-10 09:27:00 - [MESSAGE][PASSED] - Text of object 'Object Repository/1-OBJECTS TAREAS PRINCIPALES/Modulo Tarea Sara General/Recordar_Contraseña/span_20052022 0949' is: '23/03/2023 17:47'

2023-04-10 09:27:00 - [TEST_STEP][FAILED] - if (Result1 == "Señor usuario, se ha remitido un correo electrónico al correo asociado."): Unable to click on object 'Object Repository/1-OBJECTS TAREAS PRINCIPALES/Modulo Tarea Sara General/Recordar_Contraseña/a_No_cerrar_menu' (Root cause: com.kms.katalon.core.exception.StepFailedException: Unable to click on object 'Object Repository/1-OBJECTS TAREAS PRINCIPALES/Modulo Tarea Sara General/Recordar_Contraseña/a_No_cerrar_menu'
	at com.kms.katalon.core.webui.keyword.internal.WebUIKeywordMain.stepFailed(WebUIKeywordMain.groovy:64)
	at com.kms.katalon.core.webui.keyword.internal.WebUIKeywordMain.runKeyword(WebUIKeywordMain.groovy:26)
	at com.kms.katalon.core.webui.keyword.builtin.ClickKeyword.click(ClickKeyword.groovy:74)
	at com.kms.katalon.core.webui.keyword.builtin.ClickKeyword.execute(ClickKeyword.groovy:40)
	at com.kms.katalon.core.keyword.internal.KeywordExecutor.executeKeywordForPlatform(KeywordExecutor.groovy:74)
	at com.kms.katalon.core.webui.keyword.WebUiBuiltInKeywords.click(WebUiBuiltInKeywords.groovy:620)
	at com.kms.katalon.core.webui.keyword.WebUiBuiltInKeywords$click$6.call(Unknown Source)
	at 1.8.3-Recordar_Contraseña.run(1.8.3-Recordar_Contraseña:237)
	at com.kms.katalon.core.main.ScriptEngine.run(ScriptEngine.java:194)
	at com.kms.katalon.core.main.ScriptEngine.runScriptAsRawText(ScriptEngine.java:119)
	at com.kms.katalon.core.main.TestCaseExecutor.runScript(TestCaseExecutor.java:448)
	at com.kms.katalon.core.main.TestCaseExecutor.doExecute(TestCaseExecutor.java:439)
	at com.kms.katalon.core.main.TestCaseExecutor.processExecutionPhase(TestCaseExecutor.java:418)
	at com.kms.katalon.core.main.TestCaseExecutor.accessMainPhase(TestCaseExecutor.java:410)
	at com.kms.katalon.core.main.TestCaseExecutor.execute(TestCaseExecutor.java:285)
	at com.kms.katalon.core.common.CommonExecutor.accessTestCaseMainPhase(CommonExecutor.java:65)
	at com.kms.katalon.core.main.TestSuiteExecutor.accessTestSuiteMainPhase(TestSuiteExecutor.java:148)
	at com.kms.katalon.core.main.TestSuiteExecutor.execute(TestSuiteExecutor.java:106)
	at com.kms.katalon.core.main.TestCaseMain.startTestSuite(TestCaseMain.java:187)
	at com.kms.katalon.core.main.TestCaseMain$startTestSuite$0.call(Unknown Source)
	at TempTestSuite1681133572502.run(TempTestSuite1681133572502.groovy:36)
Caused by: com.kms.katalon.core.webui.exception.WebElementNotFoundException: Web element with id: 'Object Repository/1-OBJECTS TAREAS PRINCIPALES/Modulo Tarea Sara General/Recordar_Contraseña/a_No_cerrar_menu' located by '//form/div/a' not found
	at com.kms.katalon.core.webui.common.WebUiCommonHelper.findWebElement(WebUiCommonHelper.java:1376)
	at com.kms.katalon.core.webui.keyword.internal.WebUIAbstractKeyword.findWebElement(WebUIAbstractKeyword.groovy:27)
	at com.kms.katalon.core.webui.keyword.builtin.ClickKeyword$_click_closure1.doCall(ClickKeyword.groovy:65)
	at com.kms.katalon.core.webui.keyword.builtin.ClickKeyword$_click_closure1.call(ClickKeyword.groovy)
	at com.kms.katalon.core.webui.keyword.internal.WebUIKeywordMain.runKeyword(WebUIKeywordMain.groovy:20)
	at com.kms.katalon.core.webui.keyword.builtin.ClickKeyword.click(ClickKeyword.groovy:74)
	at com.kms.katalon.core.webui.keyword.builtin.ClickKeyword.execute(ClickKeyword.groovy:40)
	at com.kms.katalon.core.keyword.internal.KeywordExecutor.executeKeywordForPlatform(KeywordExecutor.groovy:74)
	at com.kms.katalon.core.webui.keyword.WebUiBuiltInKeywords.click(WebUiBuiltInKeywords.groovy:620)
	at com.kms.katalon.core.webui.keyword.WebUiBuiltInKeywords$click$6.call(Unknown Source)
	at Script1652981216746.run(Script1652981216746.groovy:237)
	... 13 more
)

2023-04-10 09:27:00 - [TEST_STEP][PASSED] - openBrowser("http://192.168.2.19:8380/saraweb/"): Browser is opened with url: 'http://192.168.2.19:8380/saraweb/'

2023-04-10 09:27:00 - [MESSAGE][WARNING] - A browser is already opened. Closing browser and opening a new one

2023-04-10 09:27:00 - [MESSAGE][INFO] - Starting 'Chrome' driver

2023-04-10 09:27:00 - [MESSAGE][INFO] - Action delay is set to 0 milliseconds

2023-04-10 09:27:02 - [MESSAGE][PASSED] - Browser is opened with url: 'http://192.168.2.19:8380/saraweb/'

2023-04-10 09:27:02 - [TEST_STEP][PASSED] - setText(findTestObject("1-OBJECTS TAREAS PRINCIPALES/Modulo Tarea Sara General/Recordar_Contraseña/input_Olvide Mi Clave_loginusuario1"), "Prueba"): Text 'Prueba' is set on object 'Object Repository/1-OBJECTS TAREAS PRINCIPALES/Modulo Tarea Sara General/Recordar_Contraseña/input_Olvide Mi Clave_loginusuario1'

2023-04-10 09:27:03 - [MESSAGE][PASSED] - Text 'Prueba' is set on object 'Object Repository/1-OBJECTS TAREAS PRINCIPALES/Modulo Tarea Sara General/Recordar_Contraseña/input_Olvide Mi Clave_loginusuario1'

2023-04-10 09:27:03 - [TEST_STEP][PASSED] - setText(findTestObject("1-OBJECTS TAREAS PRINCIPALES/Modulo Tarea Sara General/Recordar_Contraseña/input_Olvide Mi Clave_loginpassword1"), "SoloAutomaticas2023*"): Text 'SoloAutomaticas2023*' is set on object 'Object Repository/1-OBJECTS TAREAS PRINCIPALES/Modulo Tarea Sara General/Recordar_Contraseña/input_Olvide Mi Clave_loginpassword1'

2023-04-10 09:27:03 - [MESSAGE][PASSED] - Text 'SoloAutomaticas2023*' is set on object 'Object Repository/1-OBJECTS TAREAS PRINCIPALES/Modulo Tarea Sara General/Recordar_Contraseña/input_Olvide Mi Clave_loginpassword1'

2023-04-10 09:27:03 - [TEST_STEP][PASSED] - click(findTestObject("1-OBJECTS TAREAS PRINCIPALES/Modulo Tarea Sara General/Recordar_Contraseña/a_Ingresar1")): Object: 'Object Repository/1-OBJECTS TAREAS PRINCIPALES/Modulo Tarea Sara General/Recordar_Contraseña/a_Ingresar1' is clicked on

2023-04-10 09:27:04 - [MESSAGE][PASSED] - Object: 'Object Repository/1-OBJECTS TAREAS PRINCIPALES/Modulo Tarea Sara General/Recordar_Contraseña/a_Ingresar1' is clicked on

2023-04-10 09:27:04 - [TEST_STEP][FAILED] - click(findTestObject("1-OBJECTS TAREAS PRINCIPALES/Modulo Tarea Sara General/Recordar_Contraseña/a_No_cerrar_menu")): Unable to click on object 'Object Repository/1-OBJECTS TAREAS PRINCIPALES/Modulo Tarea Sara General/Recordar_Contraseña/a_No_cerrar_menu' (Root cause: com.kms.katalon.core.exception.StepFailedException: Unable to click on object 'Object Repository/1-OBJECTS TAREAS PRINCIPALES/Modulo Tarea Sara General/Recordar_Contraseña/a_No_cerrar_menu'
	at com.kms.katalon.core.webui.keyword.internal.WebUIKeywordMain.stepFailed(WebUIKeywordMain.groovy:64)
	at com.kms.katalon.core.webui.keyword.internal.WebUIKeywordMain.runKeyword(WebUIKeywordMain.groovy:26)
	at com.kms.katalon.core.webui.keyword.builtin.ClickKeyword.click(ClickKeyword.groovy:74)
	at com.kms.katalon.core.webui.keyword.builtin.ClickKeyword.execute(ClickKeyword.groovy:40)
	at com.kms.katalon.core.keyword.internal.KeywordExecutor.executeKeywordForPlatform(KeywordExecutor.groovy:74)
	at com.kms.katalon.core.webui.keyword.WebUiBuiltInKeywords.click(WebUiBuiltInKeywords.groovy:620)
	at com.kms.katalon.core.webui.keyword.WebUiBuiltInKeywords$click$6.call(Unknown Source)
	at 1.8.3-Recordar_Contraseña.run(1.8.3-Recordar_Contraseña:237)
	at com.kms.katalon.core.main.ScriptEngine.run(ScriptEngine.java:194)
	at com.kms.katalon.core.main.ScriptEngine.runScriptAsRawText(ScriptEngine.java:119)
	at com.kms.katalon.core.main.TestCaseExecutor.runScript(TestCaseExecutor.java:448)
	at com.kms.katalon.core.main.TestCaseExecutor.doExecute(TestCaseExecutor.java:439)
	at com.kms.katalon.core.main.TestCaseExecutor.processExecutionPhase(TestCaseExecutor.java:418)
	at com.kms.katalon.core.main.TestCaseExecutor.accessMainPhase(TestCaseExecutor.java:410)
	at com.kms.katalon.core.main.TestCaseExecutor.execute(TestCaseExecutor.java:285)
	at com.kms.katalon.core.common.CommonExecutor.accessTestCaseMainPhase(CommonExecutor.java:65)
	at com.kms.katalon.core.main.TestSuiteExecutor.accessTestSuiteMainPhase(TestSuiteExecutor.java:148)
	at com.kms.katalon.core.main.TestSuiteExecutor.execute(TestSuiteExecutor.java:106)
	at com.kms.katalon.core.main.TestCaseMain.startTestSuite(TestCaseMain.java:187)
	at com.kms.katalon.core.main.TestCaseMain$startTestSuite$0.call(Unknown Source)
	at TempTestSuite1681133572502.run(TempTestSuite1681133572502.groovy:36)
Caused by: com.kms.katalon.core.webui.exception.WebElementNotFoundException: Web element with id: 'Object Repository/1-OBJECTS TAREAS PRINCIPALES/Modulo Tarea Sara General/Recordar_Contraseña/a_No_cerrar_menu' located by '//form/div/a' not found
	at com.kms.katalon.core.webui.common.WebUiCommonHelper.findWebElement(WebUiCommonHelper.java:1376)
	at com.kms.katalon.core.webui.keyword.internal.WebUIAbstractKeyword.findWebElement(WebUIAbstractKeyword.groovy:27)
	at com.kms.katalon.core.webui.keyword.builtin.ClickKeyword$_click_closure1.doCall(ClickKeyword.groovy:65)
	at com.kms.katalon.core.webui.keyword.builtin.ClickKeyword$_click_closure1.call(ClickKeyword.groovy)
	at com.kms.katalon.core.webui.keyword.internal.WebUIKeywordMain.runKeyword(WebUIKeywordMain.groovy:20)
	at com.kms.katalon.core.webui.keyword.builtin.ClickKeyword.click(ClickKeyword.groovy:74)
	at com.kms.katalon.core.webui.keyword.builtin.ClickKeyword.execute(ClickKeyword.groovy:40)
	at com.kms.katalon.core.keyword.internal.KeywordExecutor.executeKeywordForPlatform(KeywordExecutor.groovy:74)
	at com.kms.katalon.core.webui.keyword.WebUiBuiltInKeywords.click(WebUiBuiltInKeywords.groovy:620)
	at com.kms.katalon.core.webui.keyword.WebUiBuiltInKeywords$click$6.call(Unknown Source)
	at Script1652981216746.run(Script1652981216746.groovy:237)
	... 13 more
)

2023-04-10 09:27:42 - [MESSAGE][INFO] - Unable to find the element located by 'By.xpath: //form/div/a'. Please recheck the objects properties to make sure the desired element is located. 

2023-04-10 09:27:42 - [MESSAGE][FAILED] - Unable to click on object 'Object Repository/1-OBJECTS TAREAS PRINCIPALES/Modulo Tarea Sara General/Recordar_Contraseña/a_No_cerrar_menu' (Root cause: com.kms.katalon.core.exception.StepFailedException: Unable to click on object 'Object Repository/1-OBJECTS TAREAS PRINCIPALES/Modulo Tarea Sara General/Recordar_Contraseña/a_No_cerrar_menu'
	at com.kms.katalon.core.webui.keyword.internal.WebUIKeywordMain.stepFailed(WebUIKeywordMain.groovy:64)
	at com.kms.katalon.core.webui.keyword.internal.WebUIKeywordMain.runKeyword(WebUIKeywordMain.groovy:26)
	at com.kms.katalon.core.webui.keyword.builtin.ClickKeyword.click(ClickKeyword.groovy:74)
	at com.kms.katalon.core.webui.keyword.builtin.ClickKeyword.execute(ClickKeyword.groovy:40)
	at com.kms.katalon.core.keyword.internal.KeywordExecutor.executeKeywordForPlatform(KeywordExecutor.groovy:74)
	at com.kms.katalon.core.webui.keyword.WebUiBuiltInKeywords.click(WebUiBuiltInKeywords.groovy:620)
	at com.kms.katalon.core.webui.keyword.WebUiBuiltInKeywords$click$6.call(Unknown Source)
	at 1.8.3-Recordar_Contraseña.run(1.8.3-Recordar_Contraseña:237)
	at com.kms.katalon.core.main.ScriptEngine.run(ScriptEngine.java:194)
	at com.kms.katalon.core.main.ScriptEngine.runScriptAsRawText(ScriptEngine.java:119)
	at com.kms.katalon.core.main.TestCaseExecutor.runScript(TestCaseExecutor.java:448)
	at com.kms.katalon.core.main.TestCaseExecutor.doExecute(TestCaseExecutor.java:439)
	at com.kms.katalon.core.main.TestCaseExecutor.processExecutionPhase(TestCaseExecutor.java:418)
	at com.kms.katalon.core.main.TestCaseExecutor.accessMainPhase(TestCaseExecutor.java:410)
	at com.kms.katalon.core.main.TestCaseExecutor.execute(TestCaseExecutor.java:285)
	at com.kms.katalon.core.common.CommonExecutor.accessTestCaseMainPhase(CommonExecutor.java:65)
	at com.kms.katalon.core.main.TestSuiteExecutor.accessTestSuiteMainPhase(TestSuiteExecutor.java:148)
	at com.kms.katalon.core.main.TestSuiteExecutor.execute(TestSuiteExecutor.java:106)
	at com.kms.katalon.core.main.TestCaseMain.startTestSuite(TestCaseMain.java:187)
	at com.kms.katalon.core.main.TestCaseMain$startTestSuite$0.call(Unknown Source)
	at TempTestSuite1681133572502.run(TempTestSuite1681133572502.groovy:36)
Caused by: com.kms.katalon.core.webui.exception.WebElementNotFoundException: Web element with id: 'Object Repository/1-OBJECTS TAREAS PRINCIPALES/Modulo Tarea Sara General/Recordar_Contraseña/a_No_cerrar_menu' located by '//form/div/a' not found
	at com.kms.katalon.core.webui.common.WebUiCommonHelper.findWebElement(WebUiCommonHelper.java:1376)
	at com.kms.katalon.core.webui.keyword.internal.WebUIAbstractKeyword.findWebElement(WebUIAbstractKeyword.groovy:27)
	at com.kms.katalon.core.webui.keyword.builtin.ClickKeyword$_click_closure1.doCall(ClickKeyword.groovy:65)
	at com.kms.katalon.core.webui.keyword.builtin.ClickKeyword$_click_closure1.call(ClickKeyword.groovy)
	at com.kms.katalon.core.webui.keyword.internal.WebUIKeywordMain.runKeyword(WebUIKeywordMain.groovy:20)
	at com.kms.katalon.core.webui.keyword.builtin.ClickKeyword.click(ClickKeyword.groovy:74)
	at com.kms.katalon.core.webui.keyword.builtin.ClickKeyword.execute(ClickKeyword.groovy:40)
	at com.kms.katalon.core.keyword.internal.KeywordExecutor.executeKeywordForPlatform(KeywordExecutor.groovy:74)
	at com.kms.katalon.core.webui.keyword.WebUiBuiltInKeywords.click(WebUiBuiltInKeywords.groovy:620)
	at com.kms.katalon.core.webui.keyword.WebUiBuiltInKeywords$click$6.call(Unknown Source)
	at Script1652981216746.run(Script1652981216746.groovy:237)
	... 13 more
)
[[ATTACHMENT|C:\\Users\\diego.rojas\\git\\Pruebas-Minimas\\Reports\\20230410_083252\\Test_Suite_Principales\\1-Tareas Principales\\20230410_083252\\1681136862626.png]]]]></system-out>
         <system-err><![CDATA[2023-04-10 09:26:18 - [TEST_CASE][FAILED] - Test Cases/1.1-Tareas Principales/1.8.3-Recordar_Contraseña: Test Cases/1.1-Tareas Principales/1.8.3-Recordar_Contraseña FAILED.
Reason:
com.kms.katalon.core.exception.StepFailedException: Unable to click on object 'Object Repository/1-OBJECTS TAREAS PRINCIPALES/Modulo Tarea Sara General/Recordar_Contraseña/a_No_cerrar_menu'
	at com.kms.katalon.core.webui.keyword.internal.WebUIKeywordMain.stepFailed(WebUIKeywordMain.groovy:64)
	at com.kms.katalon.core.webui.keyword.internal.WebUIKeywordMain.runKeyword(WebUIKeywordMain.groovy:26)
	at com.kms.katalon.core.webui.keyword.builtin.ClickKeyword.click(ClickKeyword.groovy:74)
	at com.kms.katalon.core.webui.keyword.builtin.ClickKeyword.execute(ClickKeyword.groovy:40)
	at com.kms.katalon.core.keyword.internal.KeywordExecutor.executeKeywordForPlatform(KeywordExecutor.groovy:74)
	at com.kms.katalon.core.webui.keyword.WebUiBuiltInKeywords.click(WebUiBuiltInKeywords.groovy:620)
	at com.kms.katalon.core.webui.keyword.WebUiBuiltInKeywords$click$6.call(Unknown Source)
	at 1.8.3-Recordar_Contraseña.run(1.8.3-Recordar_Contraseña:237)
	at com.kms.katalon.core.main.ScriptEngine.run(ScriptEngine.java:194)
	at com.kms.katalon.core.main.ScriptEngine.runScriptAsRawText(ScriptEngine.java:119)
	at com.kms.katalon.core.main.TestCaseExecutor.runScript(TestCaseExecutor.java:448)
	at com.kms.katalon.core.main.TestCaseExecutor.doExecute(TestCaseExecutor.java:439)
	at com.kms.katalon.core.main.TestCaseExecutor.processExecutionPhase(TestCaseExecutor.java:418)
	at com.kms.katalon.core.main.TestCaseExecutor.accessMainPhase(TestCaseExecutor.java:410)
	at com.kms.katalon.core.main.TestCaseExecutor.execute(TestCaseExecutor.java:285)
	at com.kms.katalon.core.common.CommonExecutor.accessTestCaseMainPhase(CommonExecutor.java:65)
	at com.kms.katalon.core.main.TestSuiteExecutor.accessTestSuiteMainPhase(TestSuiteExecutor.java:148)
	at com.kms.katalon.core.main.TestSuiteExecutor.execute(TestSuiteExecutor.java:106)
	at com.kms.katalon.core.main.TestCaseMain.startTestSuite(TestCaseMain.java:187)
	at com.kms.katalon.core.main.TestCaseMain$startTestSuite$0.call(Unknown Source)
	at TempTestSuite1681133572502.run(TempTestSuite1681133572502.groovy:36)
Caused by: com.kms.katalon.core.webui.exception.WebElementNotFoundException: Web element with id: 'Object Repository/1-OBJECTS TAREAS PRINCIPALES/Modulo Tarea Sara General/Recordar_Contraseña/a_No_cerrar_menu' located by '//form/div/a' not found
	at com.kms.katalon.core.webui.common.WebUiCommonHelper.findWebElement(WebUiCommonHelper.java:1376)
	at com.kms.katalon.core.webui.keyword.internal.WebUIAbstractKeyword.findWebElement(WebUIAbstractKeyword.groovy:27)
	at com.kms.katalon.core.webui.keyword.builtin.ClickKeyword$_click_closure1.doCall(ClickKeyword.groovy:65)
	at com.kms.katalon.core.webui.keyword.builtin.ClickKeyword$_click_closure1.call(ClickKeyword.groovy)
	at com.kms.katalon.core.webui.keyword.internal.WebUIKeywordMain.runKeyword(WebUIKeywordMain.groovy:20)
	... 19 more]]></system-err>
      </testcase>
      <testcase name="Test Cases/1.1-Tareas Principales/1.8.5-Permisos_Rol_Acceso" time="49.736" classname="Test Cases/1.1-Tareas Principales/1.8.5-Permisos_Rol_Acceso" status="PASSED">
         <system-out><![CDATA[2023-04-10 09:27:42 - [TEST_CASE][PASSED] - Test Cases/1.1-Tareas Principales/1.8.5-Permisos_Rol_Acceso: Test Cases/1.1-Tareas Principales/1.8.5-Permisos_Rol_Acceso

2023-04-10 09:27:43 - [TEST_STEP][PASSED] - callTestCase(findTestCase("0.1-Login"), [:], STOP_ON_FAILURE): Call Test Case 'Test Cases/0.1-Login' successfully

2023-04-10 09:27:43 - [TEST_CASE][PASSED] - Test Cases/0.1-Login: Test Cases/0.1-Login

2023-04-10 09:27:43 - [TEST_STEP][PASSED] - openBrowser(""): Browser is opened with url: ''

2023-04-10 09:27:43 - [MESSAGE][WARNING] - A browser is already opened. Closing browser and opening a new one

2023-04-10 09:27:43 - [MESSAGE][INFO] - Starting 'Chrome' driver

2023-04-10 09:27:43 - [MESSAGE][INFO] - Action delay is set to 0 milliseconds

2023-04-10 09:27:45 - [MESSAGE][PASSED] - Browser is opened with url: ''

2023-04-10 09:27:45 - [TEST_STEP][PASSED] - maximizeWindow(): Current window maximized

2023-04-10 09:27:45 - [MESSAGE][PASSED] - Current window maximized

2023-04-10 09:27:45 - [TEST_STEP][PASSED] - i = G_Login: null

2023-04-10 09:27:45 - [TEST_STEP][PASSED] - url = new java.net.URL(i): null

2023-04-10 09:27:45 - [TEST_STEP][PASSED] - println("URL: " + url.toString()): null

2023-04-10 09:27:45 - [TEST_STEP][PASSED] - connection = url.openConnection(): null

2023-04-10 09:27:45 - [TEST_STEP][PASSED] - connection.setRequestMethod("GET"): null

2023-04-10 09:27:45 - [TEST_STEP][PASSED] - connection.setReadTimeout(2 * 1000): null

2023-04-10 09:27:45 - [TEST_STEP][PASSED] - try: null

2023-04-10 09:27:45 - [TEST_STEP][PASSED] - connection.connect(): null

2023-04-10 09:27:45 - [TEST_STEP][PASSED] - flag = connected: null

2023-04-10 09:27:45 - [TEST_STEP][PASSED] - println("Valor_ori: " + flag): null

2023-04-10 09:27:45 - [TEST_STEP][PASSED] - if (flag): null

2023-04-10 09:27:45 - [TEST_STEP][PASSED] - navigateToUrl(i): Navigate to 'http://192.168.2.19:8380/saraweb' successfully

2023-04-10 09:27:45 - [MESSAGE][PASSED] - Navigate to 'http://192.168.2.19:8380/saraweb' successfully

2023-04-10 09:27:45 - [TEST_STEP][PASSED] - a(): null

2023-04-10 09:27:45 - [TEST_STEP][PASSED] - if (waitForElementVisible(findTestObject("3-OBJECTS UTILIDADES/Login/input_USUARIO_loginusuario"), 0)): null

2023-04-10 09:27:45 - [MESSAGE][WARNING] - Timeout '0' is invalid. Using default page load timeout: '37'

2023-04-10 09:27:46 - [MESSAGE][PASSED] - Object 'Object Repository/3-OBJECTS UTILIDADES/Login/input_USUARIO_loginusuario' is visible

2023-04-10 09:27:46 - [TEST_STEP][PASSED] - switchToWindowTitle("SARA"): Switched to window with title: 'SARA'

2023-04-10 09:27:46 - [MESSAGE][PASSED] - Switched to window with title: 'SARA'

2023-04-10 09:27:46 - [TEST_STEP][PASSED] - zoom(): null

2023-04-10 09:27:46 - [TEST_STEP][PASSED] - robot = new java.awt.Robot(): null

2023-04-10 09:27:46 - [TEST_STEP][PASSED] - robot.keyPress(VK_CONTROL): null

2023-04-10 09:27:46 - [TEST_STEP][PASSED] - robot.keyPress(VK_SUBTRACT): null

2023-04-10 09:27:46 - [TEST_STEP][PASSED] - robot.keyRelease(VK_CONTROL): null

2023-04-10 09:27:46 - [TEST_STEP][PASSED] - robot.keyRelease(VK_SUBTRACT): null

2023-04-10 09:27:46 - [TEST_STEP][PASSED] - robot.keyPress(VK_CONTROL): null

2023-04-10 09:27:46 - [TEST_STEP][PASSED] - robot.keyPress(VK_SUBTRACT): null

2023-04-10 09:27:46 - [TEST_STEP][PASSED] - robot.keyRelease(VK_CONTROL): null

2023-04-10 09:27:46 - [TEST_STEP][PASSED] - robot.keyRelease(VK_SUBTRACT): null

2023-04-10 09:27:46 - [TEST_STEP][PASSED] - robot.keyPress(VK_CONTROL): null

2023-04-10 09:27:46 - [TEST_STEP][PASSED] - robot.keyPress(VK_SUBTRACT): null

2023-04-10 09:27:46 - [TEST_STEP][PASSED] - robot.keyRelease(VK_CONTROL): null

2023-04-10 09:27:46 - [TEST_STEP][PASSED] - robot.keyRelease(VK_SUBTRACT): null

2023-04-10 09:27:46 - [TEST_STEP][PASSED] - robot.keyRelease(VK_CONTROL): null

2023-04-10 09:27:46 - [TEST_STEP][PASSED] - robot.keyRelease(VK_SUBTRACT): null

2023-04-10 09:27:46 - [TEST_STEP][PASSED] - setText(findTestObject("3-OBJECTS UTILIDADES/Login/input_USUARIO_loginusuario"), G_Usuario): Text 'saraadmin' is set on object 'Object Repository/3-OBJECTS UTILIDADES/Login/input_USUARIO_loginusuario'

2023-04-10 09:27:47 - [MESSAGE][PASSED] - Text 'saraadmin' is set on object 'Object Repository/3-OBJECTS UTILIDADES/Login/input_USUARIO_loginusuario'

2023-04-10 09:27:47 - [TEST_STEP][PASSED] - setEncryptedText(findTestObject("3-OBJECTS UTILIDADES/Login/input_CLAVE_loginpassword"), "SlAwMcyRKqrwbnzhAs8HhT6NnI7sEyng"): Text ****** has been set on object 'Object Repository/3-OBJECTS UTILIDADES/Login/input_CLAVE_loginpassword'

2023-04-10 09:27:48 - [MESSAGE][PASSED] - Text ****** has been set on object 'Object Repository/3-OBJECTS UTILIDADES/Login/input_CLAVE_loginpassword'

2023-04-10 09:27:48 - [TEST_STEP][PASSED] - while (waitForElementClickable(findTestObject("3-OBJECTS UTILIDADES/Login/a_Ingresar"), 1)): Web element with id: 'Object Repository/3-OBJECTS UTILIDADES/Login/a_Ingresar' located by '//a[contains(text(),'Ingresar')]' not found

2023-04-10 09:27:51 - [MESSAGE][INFO] - Unable to find the element located by 'By.xpath: //a[contains(text(),'Ingresar')]'. Please recheck the objects properties to make sure the desired element is located. 

2023-04-10 09:27:51 - [MESSAGE][WARNING] - Web element with id: 'Object Repository/3-OBJECTS UTILIDADES/Login/a_Ingresar' located by '//a[contains(text(),'Ingresar')]' not found

2023-04-10 09:27:51 - [MESSAGE][PASSED] - Call Test Case 'Test Cases/0.1-Login' successfully

2023-04-10 09:27:51 - [TEST_STEP][PASSED] - setText(findTestObject("1-OBJECTS TAREAS PRINCIPALES/Modulo Tarea Sara General/Permisos Rol Acceso/input_Empresa 1_form_templatej_idt24_input"), "Rol Acceso (gna)"): Text 'Rol Acceso (gna)' is set on object 'Object Repository/1-OBJECTS TAREAS PRINCIPALES/Modulo Tarea Sara General/Permisos Rol Acceso/input_Empresa 1_form_templatej_idt24_input'

2023-04-10 09:27:51 - [MESSAGE][PASSED] - Text 'Rol Acceso (gna)' is set on object 'Object Repository/1-OBJECTS TAREAS PRINCIPALES/Modulo Tarea Sara General/Permisos Rol Acceso/input_Empresa 1_form_templatej_idt24_input'

2023-04-10 09:27:51 - [TEST_STEP][PASSED] - click(findTestObject("1-OBJECTS TAREAS PRINCIPALES/Modulo Tarea Sara General/Permisos Rol Acceso/span_Rol Acceso (gna)")): Object: 'Object Repository/1-OBJECTS TAREAS PRINCIPALES/Modulo Tarea Sara General/Permisos Rol Acceso/span_Rol Acceso (gna)' is clicked on

2023-04-10 09:27:53 - [MESSAGE][PASSED] - Object: 'Object Repository/1-OBJECTS TAREAS PRINCIPALES/Modulo Tarea Sara General/Permisos Rol Acceso/span_Rol Acceso (gna)' is clicked on

2023-04-10 09:27:53 - [TEST_STEP][PASSED] - click(findTestObject("1-OBJECTS TAREAS PRINCIPALES/Modulo Tarea Sara General/Permisos Rol Acceso/a_Permisos Por Login Usuario")): Object: 'Object Repository/1-OBJECTS TAREAS PRINCIPALES/Modulo Tarea Sara General/Permisos Rol Acceso/a_Permisos Por Login Usuario' is clicked on

2023-04-10 09:27:54 - [MESSAGE][PASSED] - Object: 'Object Repository/1-OBJECTS TAREAS PRINCIPALES/Modulo Tarea Sara General/Permisos Rol Acceso/a_Permisos Por Login Usuario' is clicked on

2023-04-10 09:27:54 - [TEST_STEP][PASSED] - setText(findTestObject("1-OBJECTS TAREAS PRINCIPALES/Modulo Tarea Sara General/Permisos Rol Acceso/a_filtro"), "PruebasKatalon"): Text 'PruebasKatalon' is set on object 'Object Repository/1-OBJECTS TAREAS PRINCIPALES/Modulo Tarea Sara General/Permisos Rol Acceso/a_filtro'

2023-04-10 09:27:55 - [MESSAGE][PASSED] - Text 'PruebasKatalon' is set on object 'Object Repository/1-OBJECTS TAREAS PRINCIPALES/Modulo Tarea Sara General/Permisos Rol Acceso/a_filtro'

2023-04-10 09:27:55 - [TEST_STEP][PASSED] - sendKeys(findTestObject("1-OBJECTS TAREAS PRINCIPALES/Modulo Tarea Sara General/Permisos Rol Acceso/a_filtro"), Keys.chord(ENTER)): Keys 'ENTER + ' sent to object: 'Object Repository/1-OBJECTS TAREAS PRINCIPALES/Modulo Tarea Sara General/Permisos Rol Acceso/a_filtro'

2023-04-10 09:27:56 - [MESSAGE][PASSED] - Keys 'ENTER + ' sent to object: 'Object Repository/1-OBJECTS TAREAS PRINCIPALES/Modulo Tarea Sara General/Permisos Rol Acceso/a_filtro'

2023-04-10 09:27:56 - [TEST_STEP][PASSED] - if (waitForElementVisible(findTestObject("1-OBJECTS TAREAS PRINCIPALES/Modulo Tarea Sara General/Permisos Rol Acceso/td_PruebasKatalon"), 1)): Web element with id: 'Object Repository/1-OBJECTS TAREAS PRINCIPALES/Modulo Tarea Sara General/Permisos Rol Acceso/td_PruebasKatalon' located by '//*/text()[normalize-space(.)='PruebasKatalon']/parent::*' not found

2023-04-10 09:27:58 - [MESSAGE][INFO] - Unable to find the element located by 'By.xpath: //*/text()[normalize-space(.)='PruebasKatalon']/parent::*'. Please recheck the objects properties to make sure the desired element is located. 

2023-04-10 09:27:58 - [MESSAGE][WARNING] - Web element with id: 'Object Repository/1-OBJECTS TAREAS PRINCIPALES/Modulo Tarea Sara General/Permisos Rol Acceso/td_PruebasKatalon' located by '//*/text()[normalize-space(.)='PruebasKatalon']/parent::*' not found

2023-04-10 09:27:58 - [TEST_STEP][PASSED] - click(findTestObject("1-OBJECTS TAREAS PRINCIPALES/Modulo Tarea Sara General/Permisos Rol Acceso/a_Permisos Por Login Usuario")): Object: 'Object Repository/1-OBJECTS TAREAS PRINCIPALES/Modulo Tarea Sara General/Permisos Rol Acceso/a_Permisos Por Login Usuario' is clicked on

2023-04-10 09:27:58 - [MESSAGE][PASSED] - Object: 'Object Repository/1-OBJECTS TAREAS PRINCIPALES/Modulo Tarea Sara General/Permisos Rol Acceso/a_Permisos Por Login Usuario' is clicked on

2023-04-10 09:27:58 - [TEST_STEP][PASSED] - click(findTestObject("1-OBJECTS TAREAS PRINCIPALES/Modulo Tarea Sara General/Permisos Rol Acceso/a_Nuevo")): Object: 'Object Repository/1-OBJECTS TAREAS PRINCIPALES/Modulo Tarea Sara General/Permisos Rol Acceso/a_Nuevo' is clicked on

2023-04-10 09:27:59 - [MESSAGE][PASSED] - Object: 'Object Repository/1-OBJECTS TAREAS PRINCIPALES/Modulo Tarea Sara General/Permisos Rol Acceso/a_Nuevo' is clicked on

2023-04-10 09:27:59 - [TEST_STEP][PASSED] - setText(findTestObject("1-OBJECTS TAREAS PRINCIPALES/Modulo Tarea Sara General/Permisos Rol Acceso/input_Control Acceso_rolAccesousuario"), "PruebasKatalon"): Text 'PruebasKatalon' is set on object 'Object Repository/1-OBJECTS TAREAS PRINCIPALES/Modulo Tarea Sara General/Permisos Rol Acceso/input_Control Acceso_rolAccesousuario'

2023-04-10 09:28:00 - [MESSAGE][PASSED] - Text 'PruebasKatalon' is set on object 'Object Repository/1-OBJECTS TAREAS PRINCIPALES/Modulo Tarea Sara General/Permisos Rol Acceso/input_Control Acceso_rolAccesousuario'

2023-04-10 09:28:00 - [TEST_STEP][PASSED] - setText(findTestObject("1-OBJECTS TAREAS PRINCIPALES/Modulo Tarea Sara General/Permisos Rol Acceso/input_Login Par_rolAccesologinAutoriza"), "saraadmin"): Text 'saraadmin' is set on object 'Object Repository/1-OBJECTS TAREAS PRINCIPALES/Modulo Tarea Sara General/Permisos Rol Acceso/input_Login Par_rolAccesologinAutoriza'

2023-04-10 09:28:01 - [MESSAGE][PASSED] - Text 'saraadmin' is set on object 'Object Repository/1-OBJECTS TAREAS PRINCIPALES/Modulo Tarea Sara General/Permisos Rol Acceso/input_Login Par_rolAccesologinAutoriza'

2023-04-10 09:28:01 - [TEST_STEP][PASSED] - click(findTestObject("1-OBJECTS TAREAS PRINCIPALES/Modulo Tarea Sara General/Permisos Rol Acceso/a_Actualizar")): Object: 'Object Repository/1-OBJECTS TAREAS PRINCIPALES/Modulo Tarea Sara General/Permisos Rol Acceso/a_Actualizar' is clicked on

2023-04-10 09:28:01 - [MESSAGE][PASSED] - Object: 'Object Repository/1-OBJECTS TAREAS PRINCIPALES/Modulo Tarea Sara General/Permisos Rol Acceso/a_Actualizar' is clicked on

2023-04-10 09:28:01 - [TEST_STEP][PASSED] - click(findTestObject("1-OBJECTS TAREAS PRINCIPALES/Modulo Tarea Sara General/Permisos Rol Acceso/a_Periodo")): Object: 'Object Repository/1-OBJECTS TAREAS PRINCIPALES/Modulo Tarea Sara General/Permisos Rol Acceso/a_Periodo' is clicked on

2023-04-10 09:28:02 - [MESSAGE][PASSED] - Object: 'Object Repository/1-OBJECTS TAREAS PRINCIPALES/Modulo Tarea Sara General/Permisos Rol Acceso/a_Periodo' is clicked on

2023-04-10 09:28:02 - [TEST_STEP][PASSED] - click(findTestObject("1-OBJECTS TAREAS PRINCIPALES/Modulo Tarea Sara General/Permisos Rol Acceso/a_Asociar todo")): Object: 'Object Repository/1-OBJECTS TAREAS PRINCIPALES/Modulo Tarea Sara General/Permisos Rol Acceso/a_Asociar todo' is clicked on

2023-04-10 09:28:02 - [MESSAGE][PASSED] - Object: 'Object Repository/1-OBJECTS TAREAS PRINCIPALES/Modulo Tarea Sara General/Permisos Rol Acceso/a_Asociar todo' is clicked on

2023-04-10 09:28:02 - [TEST_STEP][PASSED] - click(findTestObject("1-OBJECTS TAREAS PRINCIPALES/Modulo Tarea Sara General/Permisos Rol Acceso/a_Si")): Object: 'Object Repository/1-OBJECTS TAREAS PRINCIPALES/Modulo Tarea Sara General/Permisos Rol Acceso/a_Si' is clicked on

2023-04-10 09:28:03 - [MESSAGE][PASSED] - Object: 'Object Repository/1-OBJECTS TAREAS PRINCIPALES/Modulo Tarea Sara General/Permisos Rol Acceso/a_Si' is clicked on

2023-04-10 09:28:03 - [TEST_STEP][PASSED] - click(findTestObject("1-OBJECTS TAREAS PRINCIPALES/Modulo Tarea Sara General/Permisos Rol Acceso/a_DesasociarTodo")): Object: 'Object Repository/1-OBJECTS TAREAS PRINCIPALES/Modulo Tarea Sara General/Permisos Rol Acceso/a_DesasociarTodo' is clicked on

2023-04-10 09:28:04 - [MESSAGE][PASSED] - Object: 'Object Repository/1-OBJECTS TAREAS PRINCIPALES/Modulo Tarea Sara General/Permisos Rol Acceso/a_DesasociarTodo' is clicked on

2023-04-10 09:28:04 - [TEST_STEP][PASSED] - click(findTestObject("1-OBJECTS TAREAS PRINCIPALES/Modulo Tarea Sara General/Permisos Rol Acceso/a_Si")): Object: 'Object Repository/1-OBJECTS TAREAS PRINCIPALES/Modulo Tarea Sara General/Permisos Rol Acceso/a_Si' is clicked on

2023-04-10 09:28:04 - [MESSAGE][PASSED] - Object: 'Object Repository/1-OBJECTS TAREAS PRINCIPALES/Modulo Tarea Sara General/Permisos Rol Acceso/a_Si' is clicked on

2023-04-10 09:28:04 - [TEST_STEP][PASSED] - setText(findTestObject("1-OBJECTS TAREAS PRINCIPALES/Modulo Tarea Sara General/Permisos Rol Acceso/input_Filtrar por Cdigo_rolAccesotablaDisponiblej_idt979filter"), "36363"): Text '36363' is set on object 'Object Repository/1-OBJECTS TAREAS PRINCIPALES/Modulo Tarea Sara General/Permisos Rol Acceso/input_Filtrar por Cdigo_rolAccesotablaDisponiblej_idt979filter'

2023-04-10 09:28:06 - [MESSAGE][PASSED] - Text '36363' is set on object 'Object Repository/1-OBJECTS TAREAS PRINCIPALES/Modulo Tarea Sara General/Permisos Rol Acceso/input_Filtrar por Cdigo_rolAccesotablaDisponiblej_idt979filter'

2023-04-10 09:28:06 - [TEST_STEP][PASSED] - sendKeys(findTestObject("1-OBJECTS TAREAS PRINCIPALES/Modulo Tarea Sara General/Permisos Rol Acceso/input_Filtrar por Cdigo_rolAccesotablaDisponiblej_idt979filter"), Keys.chord(ENTER)): Keys 'ENTER + ' sent to object: 'Object Repository/1-OBJECTS TAREAS PRINCIPALES/Modulo Tarea Sara General/Permisos Rol Acceso/input_Filtrar por Cdigo_rolAccesotablaDisponiblej_idt979filter'

2023-04-10 09:28:06 - [MESSAGE][PASSED] - Keys 'ENTER + ' sent to object: 'Object Repository/1-OBJECTS TAREAS PRINCIPALES/Modulo Tarea Sara General/Permisos Rol Acceso/input_Filtrar por Cdigo_rolAccesotablaDisponiblej_idt979filter'

2023-04-10 09:28:06 - [TEST_STEP][PASSED] - doubleClick(findTestObject("1-OBJECTS TAREAS PRINCIPALES/Modulo Tarea Sara General/Permisos Rol Acceso/td_36363")): Object: 'Object Repository/1-OBJECTS TAREAS PRINCIPALES/Modulo Tarea Sara General/Permisos Rol Acceso/td_36363' is double clicked on

2023-04-10 09:28:07 - [MESSAGE][PASSED] - Object: 'Object Repository/1-OBJECTS TAREAS PRINCIPALES/Modulo Tarea Sara General/Permisos Rol Acceso/td_36363' is double clicked on

2023-04-10 09:28:07 - [TEST_STEP][PASSED] - doubleClick(findTestObject("1-OBJECTS TAREAS PRINCIPALES/Modulo Tarea Sara General/Permisos Rol Acceso/td_kataloon")): Object: 'Object Repository/1-OBJECTS TAREAS PRINCIPALES/Modulo Tarea Sara General/Permisos Rol Acceso/td_kataloon' is double clicked on

2023-04-10 09:28:07 - [MESSAGE][PASSED] - Object: 'Object Repository/1-OBJECTS TAREAS PRINCIPALES/Modulo Tarea Sara General/Permisos Rol Acceso/td_kataloon' is double clicked on

2023-04-10 09:28:07 - [TEST_STEP][PASSED] - click(findTestObject("1-OBJECTS TAREAS PRINCIPALES/Modulo Tarea Sara General/Permisos Rol Acceso/a_Eliminar Permisos")): Object: 'Object Repository/1-OBJECTS TAREAS PRINCIPALES/Modulo Tarea Sara General/Permisos Rol Acceso/a_Eliminar Permisos' is clicked on

2023-04-10 09:28:08 - [MESSAGE][PASSED] - Object: 'Object Repository/1-OBJECTS TAREAS PRINCIPALES/Modulo Tarea Sara General/Permisos Rol Acceso/a_Eliminar Permisos' is clicked on

2023-04-10 09:28:08 - [TEST_STEP][PASSED] - click(findTestObject("1-OBJECTS TAREAS PRINCIPALES/Modulo Tarea Sara General/Permisos Rol Acceso/a_Aceptar")): Object: 'Object Repository/1-OBJECTS TAREAS PRINCIPALES/Modulo Tarea Sara General/Permisos Rol Acceso/a_Aceptar' is clicked on

2023-04-10 09:28:09 - [MESSAGE][PASSED] - Object: 'Object Repository/1-OBJECTS TAREAS PRINCIPALES/Modulo Tarea Sara General/Permisos Rol Acceso/a_Aceptar' is clicked on

2023-04-10 09:28:09 - [TEST_STEP][PASSED] - waitForElementVisible(findTestObject("1-OBJECTS TAREAS PRINCIPALES/Modulo Tarea Sara General/Permisos Rol Acceso/a_Permisos Por Rol"), 0): Object 'Object Repository/1-OBJECTS TAREAS PRINCIPALES/Modulo Tarea Sara General/Permisos Rol Acceso/a_Permisos Por Rol' is visible

2023-04-10 09:28:09 - [MESSAGE][WARNING] - Timeout '0' is invalid. Using default page load timeout: '37'

2023-04-10 09:28:09 - [MESSAGE][PASSED] - Object 'Object Repository/1-OBJECTS TAREAS PRINCIPALES/Modulo Tarea Sara General/Permisos Rol Acceso/a_Permisos Por Rol' is visible

2023-04-10 09:28:09 - [TEST_STEP][PASSED] - click(findTestObject("1-OBJECTS TAREAS PRINCIPALES/Modulo Tarea Sara General/Permisos Rol Acceso/a_Permisos Por Rol"), STOP_ON_FAILURE): Object: 'Object Repository/1-OBJECTS TAREAS PRINCIPALES/Modulo Tarea Sara General/Permisos Rol Acceso/a_Permisos Por Rol' is clicked on

2023-04-10 09:28:10 - [MESSAGE][PASSED] - Object: 'Object Repository/1-OBJECTS TAREAS PRINCIPALES/Modulo Tarea Sara General/Permisos Rol Acceso/a_Permisos Por Rol' is clicked on

2023-04-10 09:28:10 - [TEST_STEP][PASSED] - setText(findTestObject("1-OBJECTS TAREAS PRINCIPALES/Modulo Tarea Sara General/Permisos Rol Acceso/a_filtro"), "PruebasKatalonPorRol"): Text 'PruebasKatalonPorRol' is set on object 'Object Repository/1-OBJECTS TAREAS PRINCIPALES/Modulo Tarea Sara General/Permisos Rol Acceso/a_filtro'

2023-04-10 09:28:11 - [MESSAGE][PASSED] - Text 'PruebasKatalonPorRol' is set on object 'Object Repository/1-OBJECTS TAREAS PRINCIPALES/Modulo Tarea Sara General/Permisos Rol Acceso/a_filtro'

2023-04-10 09:28:11 - [TEST_STEP][PASSED] - sendKeys(findTestObject("1-OBJECTS TAREAS PRINCIPALES/Modulo Tarea Sara General/Permisos Rol Acceso/a_filtro"), Keys.chord(ENTER)): Keys 'ENTER + ' sent to object: 'Object Repository/1-OBJECTS TAREAS PRINCIPALES/Modulo Tarea Sara General/Permisos Rol Acceso/a_filtro'

2023-04-10 09:28:12 - [MESSAGE][PASSED] - Keys 'ENTER + ' sent to object: 'Object Repository/1-OBJECTS TAREAS PRINCIPALES/Modulo Tarea Sara General/Permisos Rol Acceso/a_filtro'

2023-04-10 09:28:12 - [TEST_STEP][PASSED] - if (waitForElementVisible(findTestObject("1-OBJECTS TAREAS PRINCIPALES/Modulo Tarea Sara General/Permisos Rol Acceso/td_pruebasKatalonPorPeriodo"), 1)): Web element with id: 'Object Repository/1-OBJECTS TAREAS PRINCIPALES/Modulo Tarea Sara General/Permisos Rol Acceso/td_pruebasKatalonPorPeriodo' located by '//*/text()[normalize-space(.)='PruebasKatalonPorRol']/parent::*' not found

2023-04-10 09:28:14 - [MESSAGE][INFO] - Unable to find the element located by 'By.xpath: //*/text()[normalize-space(.)='PruebasKatalonPorRol']/parent::*'. Please recheck the objects properties to make sure the desired element is located. 

2023-04-10 09:28:14 - [MESSAGE][WARNING] - Web element with id: 'Object Repository/1-OBJECTS TAREAS PRINCIPALES/Modulo Tarea Sara General/Permisos Rol Acceso/td_pruebasKatalonPorPeriodo' located by '//*/text()[normalize-space(.)='PruebasKatalonPorRol']/parent::*' not found

2023-04-10 09:28:14 - [TEST_STEP][PASSED] - click(findTestObject("1-OBJECTS TAREAS PRINCIPALES/Modulo Tarea Sara General/Permisos Rol Acceso/a_Nuevo")): Object: 'Object Repository/1-OBJECTS TAREAS PRINCIPALES/Modulo Tarea Sara General/Permisos Rol Acceso/a_Nuevo' is clicked on

2023-04-10 09:28:14 - [MESSAGE][PASSED] - Object: 'Object Repository/1-OBJECTS TAREAS PRINCIPALES/Modulo Tarea Sara General/Permisos Rol Acceso/a_Nuevo' is clicked on

2023-04-10 09:28:14 - [TEST_STEP][PASSED] - setText(findTestObject("1-OBJECTS TAREAS PRINCIPALES/Modulo Tarea Sara General/Permisos Rol Acceso/input_Control Acceso_rolAccesousuario"), "PruebasKatalonPorRol"): Text 'PruebasKatalonPorRol' is set on object 'Object Repository/1-OBJECTS TAREAS PRINCIPALES/Modulo Tarea Sara General/Permisos Rol Acceso/input_Control Acceso_rolAccesousuario'

2023-04-10 09:28:15 - [MESSAGE][PASSED] - Text 'PruebasKatalonPorRol' is set on object 'Object Repository/1-OBJECTS TAREAS PRINCIPALES/Modulo Tarea Sara General/Permisos Rol Acceso/input_Control Acceso_rolAccesousuario'

2023-04-10 09:28:15 - [TEST_STEP][PASSED] - click(findTestObject("1-OBJECTS TAREAS PRINCIPALES/Modulo Tarea Sara General/Permisos Rol Acceso/a_Aplicar")): Object: 'Object Repository/1-OBJECTS TAREAS PRINCIPALES/Modulo Tarea Sara General/Permisos Rol Acceso/a_Aplicar' is clicked on

2023-04-10 09:28:16 - [MESSAGE][PASSED] - Object: 'Object Repository/1-OBJECTS TAREAS PRINCIPALES/Modulo Tarea Sara General/Permisos Rol Acceso/a_Aplicar' is clicked on

2023-04-10 09:28:16 - [TEST_STEP][PASSED] - click(findTestObject("1-OBJECTS TAREAS PRINCIPALES/Modulo Tarea Sara General/Permisos Rol Acceso/a_Copiar Permisos")): Object: 'Object Repository/1-OBJECTS TAREAS PRINCIPALES/Modulo Tarea Sara General/Permisos Rol Acceso/a_Copiar Permisos' is clicked on

2023-04-10 09:28:16 - [MESSAGE][PASSED] - Object: 'Object Repository/1-OBJECTS TAREAS PRINCIPALES/Modulo Tarea Sara General/Permisos Rol Acceso/a_Copiar Permisos' is clicked on

2023-04-10 09:28:16 - [TEST_STEP][PASSED] - click(findTestObject("1-OBJECTS TAREAS PRINCIPALES/Modulo Tarea Sara General/Permisos Rol Acceso/label_Borrar Permisos Actuales y Copiar Todo")): Object: 'Object Repository/1-OBJECTS TAREAS PRINCIPALES/Modulo Tarea Sara General/Permisos Rol Acceso/label_Borrar Permisos Actuales y Copiar Todo' is clicked on

2023-04-10 09:28:17 - [MESSAGE][PASSED] - Object: 'Object Repository/1-OBJECTS TAREAS PRINCIPALES/Modulo Tarea Sara General/Permisos Rol Acceso/label_Borrar Permisos Actuales y Copiar Todo' is clicked on

2023-04-10 09:28:17 - [TEST_STEP][PASSED] - click(findTestObject("1-OBJECTS TAREAS PRINCIPALES/Modulo Tarea Sara General/Permisos Rol Acceso/td_saraadmin")): Object: 'Object Repository/1-OBJECTS TAREAS PRINCIPALES/Modulo Tarea Sara General/Permisos Rol Acceso/td_saraadmin' is clicked on

2023-04-10 09:28:18 - [MESSAGE][PASSED] - Object: 'Object Repository/1-OBJECTS TAREAS PRINCIPALES/Modulo Tarea Sara General/Permisos Rol Acceso/td_saraadmin' is clicked on

2023-04-10 09:28:18 - [TEST_STEP][PASSED] - doubleClick(findTestObject("1-OBJECTS TAREAS PRINCIPALES/Modulo Tarea Sara General/Permisos Rol Acceso/a_Tipo Copia_form_popupCopiarPermisosRolAccesolistadoPermisosj_idt233")): Object: 'Object Repository/1-OBJECTS TAREAS PRINCIPALES/Modulo Tarea Sara General/Permisos Rol Acceso/a_Tipo Copia_form_popupCopiarPermisosRolAccesolistadoPermisosj_idt233' is double clicked on

2023-04-10 09:28:18 - [MESSAGE][PASSED] - Object: 'Object Repository/1-OBJECTS TAREAS PRINCIPALES/Modulo Tarea Sara General/Permisos Rol Acceso/a_Tipo Copia_form_popupCopiarPermisosRolAccesolistadoPermisosj_idt233' is double clicked on

2023-04-10 09:28:18 - [TEST_STEP][PASSED] - click(findTestObject("1-OBJECTS TAREAS PRINCIPALES/Modulo Tarea Sara General/Permisos Rol Acceso/a_Copiar")): Object: 'Object Repository/1-OBJECTS TAREAS PRINCIPALES/Modulo Tarea Sara General/Permisos Rol Acceso/a_Copiar' is clicked on

2023-04-10 09:28:19 - [MESSAGE][PASSED] - Object: 'Object Repository/1-OBJECTS TAREAS PRINCIPALES/Modulo Tarea Sara General/Permisos Rol Acceso/a_Copiar' is clicked on

2023-04-10 09:28:19 - [TEST_STEP][PASSED] - click(findTestObject("1-OBJECTS TAREAS PRINCIPALES/Modulo Tarea Sara General/Permisos Rol Acceso/a_Aceptar")): Object: 'Object Repository/1-OBJECTS TAREAS PRINCIPALES/Modulo Tarea Sara General/Permisos Rol Acceso/a_Aceptar' is clicked on

2023-04-10 09:28:20 - [MESSAGE][PASSED] - Object: 'Object Repository/1-OBJECTS TAREAS PRINCIPALES/Modulo Tarea Sara General/Permisos Rol Acceso/a_Aceptar' is clicked on

2023-04-10 09:28:20 - [TEST_STEP][PASSED] - result = getText(findTestObject("3-OBJECTS UTILIDADES/Alerta/Alerta")): Text of object 'Object Repository/3-OBJECTS UTILIDADES/Alerta/Alerta' is: 'Se ha realizado la copia de permisos'

2023-04-10 09:28:22 - [MESSAGE][PASSED] - Text of object 'Object Repository/3-OBJECTS UTILIDADES/Alerta/Alerta' is: 'Se ha realizado la copia de permisos'

2023-04-10 09:28:22 - [TEST_STEP][PASSED] - click(findTestObject("1-OBJECTS TAREAS PRINCIPALES/Modulo Tarea Sara General/Permisos Rol Acceso/a_Regresar")): Object: 'Object Repository/1-OBJECTS TAREAS PRINCIPALES/Modulo Tarea Sara General/Permisos Rol Acceso/a_Regresar' is clicked on

2023-04-10 09:28:22 - [MESSAGE][PASSED] - Object: 'Object Repository/1-OBJECTS TAREAS PRINCIPALES/Modulo Tarea Sara General/Permisos Rol Acceso/a_Regresar' is clicked on

2023-04-10 09:28:22 - [TEST_STEP][PASSED] - click(findTestObject("1-OBJECTS TAREAS PRINCIPALES/Modulo Tarea Sara General/Permisos Rol Acceso/span_Para asociar o desasociar realice clic sobre el registro_ui-icon ui-icon-closethick")): Object: 'Object Repository/1-OBJECTS TAREAS PRINCIPALES/Modulo Tarea Sara General/Permisos Rol Acceso/span_Para asociar o desasociar realice clic sobre el registro_ui-icon ui-icon-closethick' is clicked on

2023-04-10 09:28:23 - [MESSAGE][PASSED] - Object: 'Object Repository/1-OBJECTS TAREAS PRINCIPALES/Modulo Tarea Sara General/Permisos Rol Acceso/span_Para asociar o desasociar realice clic sobre el registro_ui-icon ui-icon-closethick' is clicked on

2023-04-10 09:28:23 - [TEST_STEP][PASSED] - click(findTestObject("1-OBJECTS TAREAS PRINCIPALES/Modulo Tarea Sara General/Permisos Rol Acceso/a_Periodo")): Object: 'Object Repository/1-OBJECTS TAREAS PRINCIPALES/Modulo Tarea Sara General/Permisos Rol Acceso/a_Periodo' is clicked on

2023-04-10 09:28:23 - [MESSAGE][PASSED] - Object: 'Object Repository/1-OBJECTS TAREAS PRINCIPALES/Modulo Tarea Sara General/Permisos Rol Acceso/a_Periodo' is clicked on

2023-04-10 09:28:23 - [TEST_STEP][PASSED] - click(findTestObject("1-OBJECTS TAREAS PRINCIPALES/Modulo Tarea Sara General/Permisos Rol Acceso/a_Asociar todo")): Object: 'Object Repository/1-OBJECTS TAREAS PRINCIPALES/Modulo Tarea Sara General/Permisos Rol Acceso/a_Asociar todo' is clicked on

2023-04-10 09:28:24 - [MESSAGE][PASSED] - Object: 'Object Repository/1-OBJECTS TAREAS PRINCIPALES/Modulo Tarea Sara General/Permisos Rol Acceso/a_Asociar todo' is clicked on

2023-04-10 09:28:24 - [TEST_STEP][PASSED] - click(findTestObject("1-OBJECTS TAREAS PRINCIPALES/Modulo Tarea Sara General/Permisos Rol Acceso/a_Si")): Object: 'Object Repository/1-OBJECTS TAREAS PRINCIPALES/Modulo Tarea Sara General/Permisos Rol Acceso/a_Si' is clicked on

2023-04-10 09:28:25 - [MESSAGE][PASSED] - Object: 'Object Repository/1-OBJECTS TAREAS PRINCIPALES/Modulo Tarea Sara General/Permisos Rol Acceso/a_Si' is clicked on

2023-04-10 09:28:25 - [TEST_STEP][PASSED] - click(findTestObject("1-OBJECTS TAREAS PRINCIPALES/Modulo Tarea Sara General/Permisos Rol Acceso/a_DesasociarTodo")): Object: 'Object Repository/1-OBJECTS TAREAS PRINCIPALES/Modulo Tarea Sara General/Permisos Rol Acceso/a_DesasociarTodo' is clicked on

2023-04-10 09:28:26 - [MESSAGE][PASSED] - Object: 'Object Repository/1-OBJECTS TAREAS PRINCIPALES/Modulo Tarea Sara General/Permisos Rol Acceso/a_DesasociarTodo' is clicked on

2023-04-10 09:28:26 - [TEST_STEP][PASSED] - click(findTestObject("1-OBJECTS TAREAS PRINCIPALES/Modulo Tarea Sara General/Permisos Rol Acceso/a_Si")): Object: 'Object Repository/1-OBJECTS TAREAS PRINCIPALES/Modulo Tarea Sara General/Permisos Rol Acceso/a_Si' is clicked on

2023-04-10 09:28:27 - [MESSAGE][PASSED] - Object: 'Object Repository/1-OBJECTS TAREAS PRINCIPALES/Modulo Tarea Sara General/Permisos Rol Acceso/a_Si' is clicked on

2023-04-10 09:28:27 - [TEST_STEP][PASSED] - setText(findTestObject("1-OBJECTS TAREAS PRINCIPALES/Modulo Tarea Sara General/Permisos Rol Acceso/input_Filtrar por Cdigo_rolAccesotablaDisponiblej_idt979filter"), "36363"): Text '36363' is set on object 'Object Repository/1-OBJECTS TAREAS PRINCIPALES/Modulo Tarea Sara General/Permisos Rol Acceso/input_Filtrar por Cdigo_rolAccesotablaDisponiblej_idt979filter'

2023-04-10 09:28:28 - [MESSAGE][PASSED] - Text '36363' is set on object 'Object Repository/1-OBJECTS TAREAS PRINCIPALES/Modulo Tarea Sara General/Permisos Rol Acceso/input_Filtrar por Cdigo_rolAccesotablaDisponiblej_idt979filter'

2023-04-10 09:28:28 - [TEST_STEP][PASSED] - sendKeys(findTestObject("1-OBJECTS TAREAS PRINCIPALES/Modulo Tarea Sara General/Permisos Rol Acceso/input_Filtrar por Cdigo_rolAccesotablaDisponiblej_idt979filter"), Keys.chord(ENTER)): Keys 'ENTER + ' sent to object: 'Object Repository/1-OBJECTS TAREAS PRINCIPALES/Modulo Tarea Sara General/Permisos Rol Acceso/input_Filtrar por Cdigo_rolAccesotablaDisponiblej_idt979filter'

2023-04-10 09:28:28 - [MESSAGE][PASSED] - Keys 'ENTER + ' sent to object: 'Object Repository/1-OBJECTS TAREAS PRINCIPALES/Modulo Tarea Sara General/Permisos Rol Acceso/input_Filtrar por Cdigo_rolAccesotablaDisponiblej_idt979filter'

2023-04-10 09:28:28 - [TEST_STEP][PASSED] - doubleClick(findTestObject("1-OBJECTS TAREAS PRINCIPALES/Modulo Tarea Sara General/Permisos Rol Acceso/td_36363")): Object: 'Object Repository/1-OBJECTS TAREAS PRINCIPALES/Modulo Tarea Sara General/Permisos Rol Acceso/td_36363' is double clicked on

2023-04-10 09:28:29 - [MESSAGE][PASSED] - Object: 'Object Repository/1-OBJECTS TAREAS PRINCIPALES/Modulo Tarea Sara General/Permisos Rol Acceso/td_36363' is double clicked on

2023-04-10 09:28:29 - [TEST_STEP][PASSED] - doubleClick(findTestObject("1-OBJECTS TAREAS PRINCIPALES/Modulo Tarea Sara General/Permisos Rol Acceso/td_kataloon")): Object: 'Object Repository/1-OBJECTS TAREAS PRINCIPALES/Modulo Tarea Sara General/Permisos Rol Acceso/td_kataloon' is double clicked on

2023-04-10 09:28:30 - [MESSAGE][PASSED] - Object: 'Object Repository/1-OBJECTS TAREAS PRINCIPALES/Modulo Tarea Sara General/Permisos Rol Acceso/td_kataloon' is double clicked on

2023-04-10 09:28:30 - [TEST_STEP][PASSED] - click(findTestObject("1-OBJECTS TAREAS PRINCIPALES/Modulo Tarea Sara General/Permisos Rol Acceso/a_Eliminar Permisos")): Object: 'Object Repository/1-OBJECTS TAREAS PRINCIPALES/Modulo Tarea Sara General/Permisos Rol Acceso/a_Eliminar Permisos' is clicked on

2023-04-10 09:28:31 - [MESSAGE][PASSED] - Object: 'Object Repository/1-OBJECTS TAREAS PRINCIPALES/Modulo Tarea Sara General/Permisos Rol Acceso/a_Eliminar Permisos' is clicked on

2023-04-10 09:28:31 - [TEST_STEP][PASSED] - click(findTestObject("1-OBJECTS TAREAS PRINCIPALES/Modulo Tarea Sara General/Permisos Rol Acceso/a_Aceptar")): Object: 'Object Repository/1-OBJECTS TAREAS PRINCIPALES/Modulo Tarea Sara General/Permisos Rol Acceso/a_Aceptar' is clicked on

2023-04-10 09:28:31 - [MESSAGE][PASSED] - Object: 'Object Repository/1-OBJECTS TAREAS PRINCIPALES/Modulo Tarea Sara General/Permisos Rol Acceso/a_Aceptar' is clicked on

2023-04-10 09:28:31 - [TEST_STEP][PASSED] - if (result == "Se ha realizado la copia de permisos"): Browser is closed

2023-04-10 09:28:31 - [TEST_STEP][PASSED] - Resultado = "PRUEBA OK": null

2023-04-10 09:28:31 - [TEST_STEP][PASSED] - closeBrowser(): Browser is closed

2023-04-10 09:28:32 - [MESSAGE][PASSED] - Browser is closed]]></system-out>
         <system-err><![CDATA[]]></system-err>
      </testcase>
      <testcase name="Test Cases/1.2-Tareas_Secundarias/A.1-Pruebas_compensaciones/11.1.9-situacion_adminitrativa-(situacion-actos)" time="83.714" classname="Test Cases/1.2-Tareas_Secundarias/A.1-Pruebas_compensaciones/11.1.9-situacion_adminitrativa-(situacion-actos)" status="PASSED">
         <system-out><![CDATA[2023-04-10 09:28:32 - [TEST_CASE][PASSED] - Test Cases/1.2-Tareas_Secundarias/A.1-Pruebas_compensaciones/11.1.9-situacion_adminitrativa-(situacion-actos): Test Cases/1.2-Tareas_Secundarias/A.1-Pruebas_compensaciones/11.1.9-situacion_adminitrativa-(situacion-actos)

2023-04-10 09:28:32 - [TEST_STEP][PASSED] - callTestCase(findTestCase("0.1-Login"), [:], STOP_ON_FAILURE): Call Test Case 'Test Cases/0.1-Login' successfully

2023-04-10 09:28:33 - [TEST_CASE][PASSED] - Test Cases/0.1-Login: Test Cases/0.1-Login

2023-04-10 09:28:33 - [TEST_STEP][PASSED] - openBrowser(""): Browser is opened with url: ''

2023-04-10 09:28:33 - [MESSAGE][INFO] - Starting 'Chrome' driver

2023-04-10 09:28:33 - [MESSAGE][INFO] - Action delay is set to 0 milliseconds

2023-04-10 09:28:34 - [MESSAGE][PASSED] - Browser is opened with url: ''

2023-04-10 09:28:34 - [TEST_STEP][PASSED] - maximizeWindow(): Current window maximized

2023-04-10 09:28:34 - [MESSAGE][PASSED] - Current window maximized

2023-04-10 09:28:34 - [TEST_STEP][PASSED] - i = G_Login: null

2023-04-10 09:28:34 - [TEST_STEP][PASSED] - url = new java.net.URL(i): null

2023-04-10 09:28:34 - [TEST_STEP][PASSED] - println("URL: " + url.toString()): null

2023-04-10 09:28:34 - [TEST_STEP][PASSED] - connection = url.openConnection(): null

2023-04-10 09:28:34 - [TEST_STEP][PASSED] - connection.setRequestMethod("GET"): null

2023-04-10 09:28:34 - [TEST_STEP][PASSED] - connection.setReadTimeout(2 * 1000): null

2023-04-10 09:28:34 - [TEST_STEP][PASSED] - try: null

2023-04-10 09:28:34 - [TEST_STEP][PASSED] - connection.connect(): null

2023-04-10 09:28:34 - [TEST_STEP][PASSED] - flag = connected: null

2023-04-10 09:28:34 - [TEST_STEP][PASSED] - println("Valor_ori: " + flag): null

2023-04-10 09:28:34 - [TEST_STEP][PASSED] - if (flag): null

2023-04-10 09:28:34 - [TEST_STEP][PASSED] - navigateToUrl(i): Navigate to 'http://192.168.2.19:8380/saraweb' successfully

2023-04-10 09:28:34 - [MESSAGE][PASSED] - Navigate to 'http://192.168.2.19:8380/saraweb' successfully

2023-04-10 09:28:34 - [TEST_STEP][PASSED] - a(): null

2023-04-10 09:28:34 - [TEST_STEP][PASSED] - if (waitForElementVisible(findTestObject("3-OBJECTS UTILIDADES/Login/input_USUARIO_loginusuario"), 0)): null

2023-04-10 09:28:34 - [MESSAGE][WARNING] - Timeout '0' is invalid. Using default page load timeout: '37'

2023-04-10 09:28:35 - [MESSAGE][PASSED] - Object 'Object Repository/3-OBJECTS UTILIDADES/Login/input_USUARIO_loginusuario' is visible

2023-04-10 09:28:35 - [TEST_STEP][PASSED] - switchToWindowTitle("SARA"): Switched to window with title: 'SARA'

2023-04-10 09:28:35 - [MESSAGE][PASSED] - Switched to window with title: 'SARA'

2023-04-10 09:28:35 - [TEST_STEP][PASSED] - zoom(): null

2023-04-10 09:28:35 - [TEST_STEP][PASSED] - robot = new java.awt.Robot(): null

2023-04-10 09:28:35 - [TEST_STEP][PASSED] - robot.keyPress(VK_CONTROL): null

2023-04-10 09:28:35 - [TEST_STEP][PASSED] - robot.keyPress(VK_SUBTRACT): null

2023-04-10 09:28:35 - [TEST_STEP][PASSED] - robot.keyRelease(VK_CONTROL): null

2023-04-10 09:28:35 - [TEST_STEP][PASSED] - robot.keyRelease(VK_SUBTRACT): null

2023-04-10 09:28:35 - [TEST_STEP][PASSED] - robot.keyPress(VK_CONTROL): null

2023-04-10 09:28:35 - [TEST_STEP][PASSED] - robot.keyPress(VK_SUBTRACT): null

2023-04-10 09:28:35 - [TEST_STEP][PASSED] - robot.keyRelease(VK_CONTROL): null

2023-04-10 09:28:35 - [TEST_STEP][PASSED] - robot.keyRelease(VK_SUBTRACT): null

2023-04-10 09:28:35 - [TEST_STEP][PASSED] - robot.keyPress(VK_CONTROL): null

2023-04-10 09:28:35 - [TEST_STEP][PASSED] - robot.keyPress(VK_SUBTRACT): null

2023-04-10 09:28:35 - [TEST_STEP][PASSED] - robot.keyRelease(VK_CONTROL): null

2023-04-10 09:28:35 - [TEST_STEP][PASSED] - robot.keyRelease(VK_SUBTRACT): null

2023-04-10 09:28:35 - [TEST_STEP][PASSED] - robot.keyRelease(VK_CONTROL): null

2023-04-10 09:28:35 - [TEST_STEP][PASSED] - robot.keyRelease(VK_SUBTRACT): null

2023-04-10 09:28:35 - [TEST_STEP][PASSED] - setText(findTestObject("3-OBJECTS UTILIDADES/Login/input_USUARIO_loginusuario"), G_Usuario): Text 'saraadmin' is set on object 'Object Repository/3-OBJECTS UTILIDADES/Login/input_USUARIO_loginusuario'

2023-04-10 09:28:35 - [MESSAGE][PASSED] - Text 'saraadmin' is set on object 'Object Repository/3-OBJECTS UTILIDADES/Login/input_USUARIO_loginusuario'

2023-04-10 09:28:35 - [TEST_STEP][PASSED] - setEncryptedText(findTestObject("3-OBJECTS UTILIDADES/Login/input_CLAVE_loginpassword"), "SlAwMcyRKqrwbnzhAs8HhT6NnI7sEyng"): Text ****** has been set on object 'Object Repository/3-OBJECTS UTILIDADES/Login/input_CLAVE_loginpassword'

2023-04-10 09:28:37 - [MESSAGE][PASSED] - Text ****** has been set on object 'Object Repository/3-OBJECTS UTILIDADES/Login/input_CLAVE_loginpassword'

2023-04-10 09:28:37 - [TEST_STEP][PASSED] - while (waitForElementClickable(findTestObject("3-OBJECTS UTILIDADES/Login/a_Ingresar"), 1)): Web element with id: 'Object Repository/3-OBJECTS UTILIDADES/Login/a_Ingresar' located by '//a[contains(text(),'Ingresar')]' not found

2023-04-10 09:28:39 - [MESSAGE][INFO] - Unable to find the element located by 'By.xpath: //a[contains(text(),'Ingresar')]'. Please recheck the objects properties to make sure the desired element is located. 

2023-04-10 09:28:39 - [MESSAGE][WARNING] - Web element with id: 'Object Repository/3-OBJECTS UTILIDADES/Login/a_Ingresar' located by '//a[contains(text(),'Ingresar')]' not found

2023-04-10 09:28:39 - [MESSAGE][PASSED] - Call Test Case 'Test Cases/0.1-Login' successfully

2023-04-10 09:28:39 - [TEST_STEP][PASSED] - verificador(): null

2023-04-10 09:28:39 - [TEST_STEP][PASSED] - setText(findTestObject("2-OBJECTS TAREAS SECUNDARIAS/Pruebas Compensación/situacion_adminitrativa-(situacion-actos)/input_Empresa 1_form_templatej_idt24_input"), "actos administrativos"): Text 'actos administrativos' is set on object 'Object Repository/2-OBJECTS TAREAS SECUNDARIAS/Pruebas Compensación/situacion_adminitrativa-(situacion-actos)/input_Empresa 1_form_templatej_idt24_input'

2023-04-10 09:28:40 - [MESSAGE][PASSED] - Text 'actos administrativos' is set on object 'Object Repository/2-OBJECTS TAREAS SECUNDARIAS/Pruebas Compensación/situacion_adminitrativa-(situacion-actos)/input_Empresa 1_form_templatej_idt24_input'

2023-04-10 09:28:40 - [TEST_STEP][PASSED] - click(findTestObject("2-OBJECTS TAREAS SECUNDARIAS/Pruebas Compensación/situacion_adminitrativa-(situacion-actos)/span_Listado de Empleados")): Object: 'Object Repository/2-OBJECTS TAREAS SECUNDARIAS/Pruebas Compensación/situacion_adminitrativa-(situacion-actos)/span_Listado de Empleados' is clicked on

2023-04-10 09:28:42 - [MESSAGE][PASSED] - Object: 'Object Repository/2-OBJECTS TAREAS SECUNDARIAS/Pruebas Compensación/situacion_adminitrativa-(situacion-actos)/span_Listado de Empleados' is clicked on

2023-04-10 09:28:42 - [TEST_STEP][PASSED] - click(findTestObject("2-OBJECTS TAREAS SECUNDARIAS/Pruebas Compensación/situacion_adminitrativa-(situacion-actos)/i_Actos_glyphicons glyphicons-group x3 icon-acto")): Object: 'Object Repository/2-OBJECTS TAREAS SECUNDARIAS/Pruebas Compensación/situacion_adminitrativa-(situacion-actos)/i_Actos_glyphicons glyphicons-group x3 icon-acto' is clicked on

2023-04-10 09:28:43 - [MESSAGE][PASSED] - Object: 'Object Repository/2-OBJECTS TAREAS SECUNDARIAS/Pruebas Compensación/situacion_adminitrativa-(situacion-actos)/i_Actos_glyphicons glyphicons-group x3 icon-acto' is clicked on

2023-04-10 09:28:43 - [TEST_STEP][PASSED] - opcion1 = getText(findTestObject("2-OBJECTS TAREAS SECUNDARIAS/Pruebas Compensación/situacion_adminitrativa-(situacion-actos)/verificarActoAdministrativos_cambio_DE_Sueldo/span_opcion1")): Text of object 'Object Repository/2-OBJECTS TAREAS SECUNDARIAS/Pruebas Compensación/situacion_adminitrativa-(situacion-actos)/verificarActoAdministrativos_cambio_DE_Sueldo/span_opcion1' is: 'Elaborar'

2023-04-10 09:28:43 - [MESSAGE][PASSED] - Text of object 'Object Repository/2-OBJECTS TAREAS SECUNDARIAS/Pruebas Compensación/situacion_adminitrativa-(situacion-actos)/verificarActoAdministrativos_cambio_DE_Sueldo/span_opcion1' is: 'Elaborar'

2023-04-10 09:28:43 - [TEST_STEP][PASSED] - opcion2 = getText(findTestObject("2-OBJECTS TAREAS SECUNDARIAS/Pruebas Compensación/situacion_adminitrativa-(situacion-actos)/verificarActoAdministrativos_cambio_DE_Sueldo/span_opcion2")): Text of object 'Object Repository/2-OBJECTS TAREAS SECUNDARIAS/Pruebas Compensación/situacion_adminitrativa-(situacion-actos)/verificarActoAdministrativos_cambio_DE_Sueldo/span_opcion2' is: 'Eliminar'

2023-04-10 09:28:44 - [MESSAGE][PASSED] - Text of object 'Object Repository/2-OBJECTS TAREAS SECUNDARIAS/Pruebas Compensación/situacion_adminitrativa-(situacion-actos)/verificarActoAdministrativos_cambio_DE_Sueldo/span_opcion2' is: 'Eliminar'

2023-04-10 09:28:44 - [TEST_STEP][PASSED] - opcion3 = getText(findTestObject("2-OBJECTS TAREAS SECUNDARIAS/Pruebas Compensación/situacion_adminitrativa-(situacion-actos)/verificarActoAdministrativos_cambio_DE_Sueldo/span_opcion3")): Text of object 'Object Repository/2-OBJECTS TAREAS SECUNDARIAS/Pruebas Compensación/situacion_adminitrativa-(situacion-actos)/verificarActoAdministrativos_cambio_DE_Sueldo/span_opcion3' is: 'Legalizar'

2023-04-10 09:28:44 - [MESSAGE][PASSED] - Text of object 'Object Repository/2-OBJECTS TAREAS SECUNDARIAS/Pruebas Compensación/situacion_adminitrativa-(situacion-actos)/verificarActoAdministrativos_cambio_DE_Sueldo/span_opcion3' is: 'Legalizar'

2023-04-10 09:28:44 - [TEST_STEP][PASSED] - opcion4 = getText(findTestObject("2-OBJECTS TAREAS SECUNDARIAS/Pruebas Compensación/situacion_adminitrativa-(situacion-actos)/verificarActoAdministrativos_cambio_DE_Sueldo/span_opcion4")): Text of object 'Object Repository/2-OBJECTS TAREAS SECUNDARIAS/Pruebas Compensación/situacion_adminitrativa-(situacion-actos)/verificarActoAdministrativos_cambio_DE_Sueldo/span_opcion4' is: 'Modificar'

2023-04-10 09:28:44 - [MESSAGE][PASSED] - Text of object 'Object Repository/2-OBJECTS TAREAS SECUNDARIAS/Pruebas Compensación/situacion_adminitrativa-(situacion-actos)/verificarActoAdministrativos_cambio_DE_Sueldo/span_opcion4' is: 'Modificar'

2023-04-10 09:28:44 - [TEST_STEP][PASSED] - switch (opcion1 && opcion2 && opcion3 && opcion4): null

2023-04-10 09:28:44 - [TEST_STEP][PASSED] - case opcion2 == "Eliminar":: null

2023-04-10 09:28:44 - [TEST_STEP][PASSED] - click(findTestObject("2-OBJECTS TAREAS SECUNDARIAS/Pruebas Compensación/situacion_adminitrativa-(situacion-actos)/verificarActoAdministrativos_cambio_DE_Sueldo/a_icono2")): Object: 'Object Repository/2-OBJECTS TAREAS SECUNDARIAS/Pruebas Compensación/situacion_adminitrativa-(situacion-actos)/verificarActoAdministrativos_cambio_DE_Sueldo/a_icono2' is clicked on

2023-04-10 09:28:45 - [MESSAGE][PASSED] - Object: 'Object Repository/2-OBJECTS TAREAS SECUNDARIAS/Pruebas Compensación/situacion_adminitrativa-(situacion-actos)/verificarActoAdministrativos_cambio_DE_Sueldo/a_icono2' is clicked on

2023-04-10 09:28:45 - [TEST_STEP][PASSED] - break: null

2023-04-10 09:28:45 - [TEST_STEP][PASSED] - while (waitForElementVisible(findTestObject("2-OBJECTS TAREAS SECUNDARIAS/Pruebas Compensación/situacion_adminitrativa-(situacion-actos)/verificarActoAdministrativos_cambio_DE_Sueldo/input_Filtrar por Actos Administrativos"), 1)): null

2023-04-10 09:28:46 - [MESSAGE][PASSED] - Object 'Object Repository/2-OBJECTS TAREAS SECUNDARIAS/Pruebas Compensación/situacion_adminitrativa-(situacion-actos)/verificarActoAdministrativos_cambio_DE_Sueldo/input_Filtrar por Actos Administrativos' is visible

2023-04-10 09:28:46 - [TEST_STEP][PASSED] - setText(findTestObject("2-OBJECTS TAREAS SECUNDARIAS/Pruebas Compensación/situacion_adminitrativa-(situacion-actos)/verificarActoAdministrativos_cambio_DE_Sueldo/input_Filtrar por Actos Administrativos"), "Cambio De Sueldo"): Text 'Cambio De Sueldo' is set on object 'Object Repository/2-OBJECTS TAREAS SECUNDARIAS/Pruebas Compensación/situacion_adminitrativa-(situacion-actos)/verificarActoAdministrativos_cambio_DE_Sueldo/input_Filtrar por Actos Administrativos'

2023-04-10 09:28:46 - [MESSAGE][PASSED] - Text 'Cambio De Sueldo' is set on object 'Object Repository/2-OBJECTS TAREAS SECUNDARIAS/Pruebas Compensación/situacion_adminitrativa-(situacion-actos)/verificarActoAdministrativos_cambio_DE_Sueldo/input_Filtrar por Actos Administrativos'

2023-04-10 09:28:46 - [TEST_STEP][PASSED] - sendKeys(findTestObject("2-OBJECTS TAREAS SECUNDARIAS/Pruebas Compensación/situacion_adminitrativa-(situacion-actos)/verificarActoAdministrativos_cambio_DE_Sueldo/input_Filtrar por Actos Administrativos"), Keys.chord(ENTER)): Keys 'ENTER + ' sent to object: 'Object Repository/2-OBJECTS TAREAS SECUNDARIAS/Pruebas Compensación/situacion_adminitrativa-(situacion-actos)/verificarActoAdministrativos_cambio_DE_Sueldo/input_Filtrar por Actos Administrativos'

2023-04-10 09:28:47 - [MESSAGE][PASSED] - Keys 'ENTER + ' sent to object: 'Object Repository/2-OBJECTS TAREAS SECUNDARIAS/Pruebas Compensación/situacion_adminitrativa-(situacion-actos)/verificarActoAdministrativos_cambio_DE_Sueldo/input_Filtrar por Actos Administrativos'

2023-04-10 09:28:47 - [TEST_STEP][PASSED] - if (waitForElementVisible(findTestObject("2-OBJECTS TAREAS SECUNDARIAS/Pruebas Compensación/situacion_adminitrativa-(situacion-actos)/verificarActoAdministrativos_cambio_DE_Sueldo/td_Cambio De Sueldo"), 1)): Web element with id: 'Object Repository/2-OBJECTS TAREAS SECUNDARIAS/Pruebas Compensación/situacion_adminitrativa-(situacion-actos)/verificarActoAdministrativos_cambio_DE_Sueldo/td_Cambio De Sueldo' located by '//*/text()[normalize-space(.)='Cambio De Sueldo']/parent::*' not found

2023-04-10 09:28:49 - [MESSAGE][INFO] - Unable to find the element located by 'By.xpath: //*/text()[normalize-space(.)='Cambio De Sueldo']/parent::*'. Please recheck the objects properties to make sure the desired element is located. 

2023-04-10 09:28:49 - [MESSAGE][WARNING] - Web element with id: 'Object Repository/2-OBJECTS TAREAS SECUNDARIAS/Pruebas Compensación/situacion_adminitrativa-(situacion-actos)/verificarActoAdministrativos_cambio_DE_Sueldo/td_Cambio De Sueldo' located by '//*/text()[normalize-space(.)='Cambio De Sueldo']/parent::*' not found

2023-04-10 09:28:49 - [TEST_STEP][PASSED] - else: null

2023-04-10 09:28:49 - [TEST_STEP][PASSED] - break: null

2023-04-10 09:28:49 - [TEST_STEP][PASSED] - setText(findTestObject("2-OBJECTS TAREAS SECUNDARIAS/Pruebas Compensación/situacion_adminitrativa-(situacion-actos)/input_Empresa 1_form_templatej_idt24_input"), "listado de empleados (com)"): Text 'listado de empleados (com)' is set on object 'Object Repository/2-OBJECTS TAREAS SECUNDARIAS/Pruebas Compensación/situacion_adminitrativa-(situacion-actos)/input_Empresa 1_form_templatej_idt24_input'

2023-04-10 09:28:50 - [MESSAGE][PASSED] - Text 'listado de empleados (com)' is set on object 'Object Repository/2-OBJECTS TAREAS SECUNDARIAS/Pruebas Compensación/situacion_adminitrativa-(situacion-actos)/input_Empresa 1_form_templatej_idt24_input'

2023-04-10 09:28:50 - [TEST_STEP][PASSED] - click(findTestObject("2-OBJECTS TAREAS SECUNDARIAS/Pruebas Compensación/situacion_adminitrativa-(situacion-actos)/span_Listado de Empleados")): Object: 'Object Repository/2-OBJECTS TAREAS SECUNDARIAS/Pruebas Compensación/situacion_adminitrativa-(situacion-actos)/span_Listado de Empleados' is clicked on

2023-04-10 09:28:51 - [MESSAGE][PASSED] - Object: 'Object Repository/2-OBJECTS TAREAS SECUNDARIAS/Pruebas Compensación/situacion_adminitrativa-(situacion-actos)/span_Listado de Empleados' is clicked on

2023-04-10 09:28:51 - [TEST_STEP][PASSED] - setText(findTestObject("2-OBJECTS TAREAS SECUNDARIAS/Pruebas Compensación/situacion_adminitrativa-(situacion-actos)/input_Identificacin_listadoEmpleadoIdentificacionEmpleado"), "1252462"): Text '1252462' is set on object 'Object Repository/2-OBJECTS TAREAS SECUNDARIAS/Pruebas Compensación/situacion_adminitrativa-(situacion-actos)/input_Identificacin_listadoEmpleadoIdentificacionEmpleado'

2023-04-10 09:28:54 - [MESSAGE][PASSED] - Text '1252462' is set on object 'Object Repository/2-OBJECTS TAREAS SECUNDARIAS/Pruebas Compensación/situacion_adminitrativa-(situacion-actos)/input_Identificacin_listadoEmpleadoIdentificacionEmpleado'

2023-04-10 09:28:54 - [TEST_STEP][PASSED] - sendKeys(findTestObject("2-OBJECTS TAREAS SECUNDARIAS/Pruebas Compensación/situacion_adminitrativa-(situacion-actos)/input_Identificacin_listadoEmpleadoIdentificacionEmpleado"), Keys.chord(ENTER)): Keys 'ENTER + ' sent to object: 'Object Repository/2-OBJECTS TAREAS SECUNDARIAS/Pruebas Compensación/situacion_adminitrativa-(situacion-actos)/input_Identificacin_listadoEmpleadoIdentificacionEmpleado'

2023-04-10 09:28:54 - [MESSAGE][PASSED] - Keys 'ENTER + ' sent to object: 'Object Repository/2-OBJECTS TAREAS SECUNDARIAS/Pruebas Compensación/situacion_adminitrativa-(situacion-actos)/input_Identificacin_listadoEmpleadoIdentificacionEmpleado'

2023-04-10 09:28:54 - [TEST_STEP][PASSED] - click(findTestObject("2-OBJECTS TAREAS SECUNDARIAS/Pruebas Compensación/situacion_adminitrativa-(situacion-actos)/span_1252462")): Object: 'Object Repository/2-OBJECTS TAREAS SECUNDARIAS/Pruebas Compensación/situacion_adminitrativa-(situacion-actos)/span_1252462' is clicked on

2023-04-10 09:28:55 - [MESSAGE][PASSED] - Object: 'Object Repository/2-OBJECTS TAREAS SECUNDARIAS/Pruebas Compensación/situacion_adminitrativa-(situacion-actos)/span_1252462' is clicked on

2023-04-10 09:28:55 - [TEST_STEP][PASSED] - click(findTestObject("2-OBJECTS TAREAS SECUNDARIAS/Pruebas Compensación/situacion_adminitrativa-(situacion-actos)/a_Situacin Administrativa")): Object: 'Object Repository/2-OBJECTS TAREAS SECUNDARIAS/Pruebas Compensación/situacion_adminitrativa-(situacion-actos)/a_Situacin Administrativa' is clicked on

2023-04-10 09:28:56 - [MESSAGE][PASSED] - Object: 'Object Repository/2-OBJECTS TAREAS SECUNDARIAS/Pruebas Compensación/situacion_adminitrativa-(situacion-actos)/a_Situacin Administrativa' is clicked on

2023-04-10 09:28:56 - [TEST_STEP][PASSED] - click(findTestObject("2-OBJECTS TAREAS SECUNDARIAS/Pruebas Compensación/situacion_adminitrativa-(situacion-actos)/span_CAMBIO DE SUELDO")): Object: 'Object Repository/2-OBJECTS TAREAS SECUNDARIAS/Pruebas Compensación/situacion_adminitrativa-(situacion-actos)/span_CAMBIO DE SUELDO' is clicked on

2023-04-10 09:28:57 - [MESSAGE][PASSED] - Object: 'Object Repository/2-OBJECTS TAREAS SECUNDARIAS/Pruebas Compensación/situacion_adminitrativa-(situacion-actos)/span_CAMBIO DE SUELDO' is clicked on

2023-04-10 09:28:57 - [TEST_STEP][PASSED] - click(findTestObject("2-OBJECTS TAREAS SECUNDARIAS/Pruebas Compensación/situacion_adminitrativa-(situacion-actos)/a_Continuar0")): Object: 'Object Repository/2-OBJECTS TAREAS SECUNDARIAS/Pruebas Compensación/situacion_adminitrativa-(situacion-actos)/a_Continuar0' is clicked on

2023-04-10 09:28:57 - [MESSAGE][PASSED] - Object: 'Object Repository/2-OBJECTS TAREAS SECUNDARIAS/Pruebas Compensación/situacion_adminitrativa-(situacion-actos)/a_Continuar0' is clicked on

2023-04-10 09:28:57 - [TEST_STEP][PASSED] - setText(findTestObject("2-OBJECTS TAREAS SECUNDARIAS/Pruebas Compensación/situacion_adminitrativa-(situacion-actos)/input__form_actosDirectosEmpleadoj_idt25340fecha_input"), Fecha()): null

2023-04-10 09:28:58 - [TEST_STEP][PASSED] - today = new java.util.Date(): null

2023-04-10 09:28:58 - [TEST_STEP][PASSED] - Fecha = today.format("dd/MM/yyyy"): null

2023-04-10 09:28:58 - [TEST_STEP][PASSED] - FechaF = Fecha: Text '10/04/2023' is set on object 'Object Repository/2-OBJECTS TAREAS SECUNDARIAS/Pruebas Compensación/situacion_adminitrativa-(situacion-actos)/input__form_actosDirectosEmpleadoj_idt25340fecha_input'

2023-04-10 09:28:59 - [MESSAGE][PASSED] - Text '10/04/2023' is set on object 'Object Repository/2-OBJECTS TAREAS SECUNDARIAS/Pruebas Compensación/situacion_adminitrativa-(situacion-actos)/input__form_actosDirectosEmpleadoj_idt25340fecha_input'

2023-04-10 09:28:59 - [TEST_STEP][PASSED] - selectOptionByIndex(findTestObject("2-OBJECTS TAREAS SECUNDARIAS/Pruebas Compensación/situacion_adminitrativa-(situacion-actos)/select_11 - Redistribucion Flexible4  - Aumento Directo5  - Nivelacion6  - Cambio Sueldo Masivo"), 2): All options with index in [2] are selected on object 'Object Repository/2-OBJECTS TAREAS SECUNDARIAS/Pruebas Compensación/situacion_adminitrativa-(situacion-actos)/select_11 - Redistribucion Flexible4  - Aumento Directo5  - Nivelacion6  - Cambio Sueldo Masivo'

2023-04-10 09:29:00 - [MESSAGE][PASSED] - All options with index in [2] are selected on object 'Object Repository/2-OBJECTS TAREAS SECUNDARIAS/Pruebas Compensación/situacion_adminitrativa-(situacion-actos)/select_11 - Redistribucion Flexible4  - Aumento Directo5  - Nivelacion6  - Cambio Sueldo Masivo'

2023-04-10 09:29:00 - [TEST_STEP][PASSED] - setText(findTestObject("2-OBJECTS TAREAS SECUNDARIAS/Pruebas Compensación/situacion_adminitrativa-(situacion-actos)/input__form_actosDirectosEmpleadoj_idt25342fecha_input"), Fecha()): null

2023-04-10 09:29:00 - [TEST_STEP][PASSED] - today = new java.util.Date(): null

2023-04-10 09:29:00 - [TEST_STEP][PASSED] - Fecha = today.format("dd/MM/yyyy"): null

2023-04-10 09:29:00 - [TEST_STEP][PASSED] - FechaF = Fecha: Text '10/04/2023' is set on object 'Object Repository/2-OBJECTS TAREAS SECUNDARIAS/Pruebas Compensación/situacion_adminitrativa-(situacion-actos)/input__form_actosDirectosEmpleadoj_idt25342fecha_input'

2023-04-10 09:29:01 - [MESSAGE][PASSED] - Text '10/04/2023' is set on object 'Object Repository/2-OBJECTS TAREAS SECUNDARIAS/Pruebas Compensación/situacion_adminitrativa-(situacion-actos)/input__form_actosDirectosEmpleadoj_idt25342fecha_input'

2023-04-10 09:29:01 - [TEST_STEP][PASSED] - element = findWebElement(findTestObject("2-OBJECTS TAREAS SECUNDARIAS/Pruebas Compensación/situacion_adminitrativa-(situacion-actos)/a_Continuar"), 30): null

2023-04-10 09:29:01 - [TEST_STEP][PASSED] - executeJavaScript("arguments[0].click()", Arrays.asList(element)): Execute JavaScript 'arguments[0].click()' successfully

2023-04-10 09:29:01 - [MESSAGE][PASSED] - Execute JavaScript 'arguments[0].click()' successfully

2023-04-10 09:29:01 - [TEST_STEP][PASSED] - filepath = getAttribute(findTestObject("2-OBJECTS TAREAS SECUNDARIAS/Pruebas Compensación/situacion_adminitrativa-(situacion-actos)/input_Sueldo_form_actosDirectosEmpleadosueldo"), "value"): Attribute 'value' of object 'Object Repository/2-OBJECTS TAREAS SECUNDARIAS/Pruebas Compensación/situacion_adminitrativa-(situacion-actos)/input_Sueldo_form_actosDirectosEmpleadosueldo' is: '689455.00'

2023-04-10 09:29:02 - [MESSAGE][PASSED] - Attribute 'value' of object 'Object Repository/2-OBJECTS TAREAS SECUNDARIAS/Pruebas Compensación/situacion_adminitrativa-(situacion-actos)/input_Sueldo_form_actosDirectosEmpleadosueldo' is: '689455.00'

2023-04-10 09:29:02 - [TEST_STEP][PASSED] - if (filepath == "689455.00"): Text '700000' is set on object 'Object Repository/2-OBJECTS TAREAS SECUNDARIAS/Pruebas Compensación/situacion_adminitrativa-(situacion-actos)/input_Sueldo_form_actosDirectosEmpleadosueldo'

2023-04-10 09:29:02 - [TEST_STEP][PASSED] - setText(findTestObject("2-OBJECTS TAREAS SECUNDARIAS/Pruebas Compensación/situacion_adminitrativa-(situacion-actos)/input_Sueldo_form_actosDirectosEmpleadosueldo"), "700000"): Text '700000' is set on object 'Object Repository/2-OBJECTS TAREAS SECUNDARIAS/Pruebas Compensación/situacion_adminitrativa-(situacion-actos)/input_Sueldo_form_actosDirectosEmpleadosueldo'

2023-04-10 09:29:03 - [MESSAGE][PASSED] - Text '700000' is set on object 'Object Repository/2-OBJECTS TAREAS SECUNDARIAS/Pruebas Compensación/situacion_adminitrativa-(situacion-actos)/input_Sueldo_form_actosDirectosEmpleadosueldo'

2023-04-10 09:29:03 - [TEST_STEP][PASSED] - click(findTestObject("2-OBJECTS TAREAS SECUNDARIAS/Pruebas Compensación/situacion_adminitrativa-(situacion-actos)/a_Continuar")): Object: 'Object Repository/2-OBJECTS TAREAS SECUNDARIAS/Pruebas Compensación/situacion_adminitrativa-(situacion-actos)/a_Continuar' is clicked on

2023-04-10 09:29:03 - [MESSAGE][PASSED] - Object: 'Object Repository/2-OBJECTS TAREAS SECUNDARIAS/Pruebas Compensación/situacion_adminitrativa-(situacion-actos)/a_Continuar' is clicked on

2023-04-10 09:29:03 - [TEST_STEP][PASSED] - click(findTestObject("2-OBJECTS TAREAS SECUNDARIAS/Pruebas Compensación/situacion_adminitrativa-(situacion-actos)/a_Aplicar")): Object: 'Object Repository/2-OBJECTS TAREAS SECUNDARIAS/Pruebas Compensación/situacion_adminitrativa-(situacion-actos)/a_Aplicar' is clicked on

2023-04-10 09:29:04 - [MESSAGE][PASSED] - Object: 'Object Repository/2-OBJECTS TAREAS SECUNDARIAS/Pruebas Compensación/situacion_adminitrativa-(situacion-actos)/a_Aplicar' is clicked on

2023-04-10 09:29:04 - [TEST_STEP][PASSED] - click(findTestObject("2-OBJECTS TAREAS SECUNDARIAS/Pruebas Compensación/situacion_adminitrativa-(situacion-actos)/a_SI")): Object: 'Object Repository/2-OBJECTS TAREAS SECUNDARIAS/Pruebas Compensación/situacion_adminitrativa-(situacion-actos)/a_SI' is clicked on

2023-04-10 09:29:05 - [MESSAGE][PASSED] - Object: 'Object Repository/2-OBJECTS TAREAS SECUNDARIAS/Pruebas Compensación/situacion_adminitrativa-(situacion-actos)/a_SI' is clicked on

2023-04-10 09:29:05 - [TEST_STEP][PASSED] - click(findTestObject("2-OBJECTS TAREAS SECUNDARIAS/Pruebas Compensación/situacion_adminitrativa-(situacion-actos)/a_Aceptar")): Object: 'Object Repository/2-OBJECTS TAREAS SECUNDARIAS/Pruebas Compensación/situacion_adminitrativa-(situacion-actos)/a_Aceptar' is clicked on

2023-04-10 09:29:06 - [MESSAGE][PASSED] - Object: 'Object Repository/2-OBJECTS TAREAS SECUNDARIAS/Pruebas Compensación/situacion_adminitrativa-(situacion-actos)/a_Aceptar' is clicked on

2023-04-10 09:29:06 - [TEST_STEP][PASSED] - setText(findTestObject("2-OBJECTS TAREAS SECUNDARIAS/Pruebas Compensación/situacion_adminitrativa-(situacion-actos)/input_Empresa 1_form_templatej_idt24_input"), "actos administrativos"): Text 'actos administrativos' is set on object 'Object Repository/2-OBJECTS TAREAS SECUNDARIAS/Pruebas Compensación/situacion_adminitrativa-(situacion-actos)/input_Empresa 1_form_templatej_idt24_input'

2023-04-10 09:29:07 - [MESSAGE][PASSED] - Text 'actos administrativos' is set on object 'Object Repository/2-OBJECTS TAREAS SECUNDARIAS/Pruebas Compensación/situacion_adminitrativa-(situacion-actos)/input_Empresa 1_form_templatej_idt24_input'

2023-04-10 09:29:07 - [TEST_STEP][PASSED] - click(findTestObject("2-OBJECTS TAREAS SECUNDARIAS/Pruebas Compensación/situacion_adminitrativa-(situacion-actos)/span_Listado de Empleados")): Object: 'Object Repository/2-OBJECTS TAREAS SECUNDARIAS/Pruebas Compensación/situacion_adminitrativa-(situacion-actos)/span_Listado de Empleados' is clicked on

2023-04-10 09:29:08 - [MESSAGE][PASSED] - Object: 'Object Repository/2-OBJECTS TAREAS SECUNDARIAS/Pruebas Compensación/situacion_adminitrativa-(situacion-actos)/span_Listado de Empleados' is clicked on

2023-04-10 09:29:08 - [TEST_STEP][PASSED] - click(findTestObject("2-OBJECTS TAREAS SECUNDARIAS/Pruebas Compensación/situacion_adminitrativa-(situacion-actos)/i_Actos_glyphicons glyphicons-group x3 icon-acto")): Object: 'Object Repository/2-OBJECTS TAREAS SECUNDARIAS/Pruebas Compensación/situacion_adminitrativa-(situacion-actos)/i_Actos_glyphicons glyphicons-group x3 icon-acto' is clicked on

2023-04-10 09:29:09 - [MESSAGE][PASSED] - Object: 'Object Repository/2-OBJECTS TAREAS SECUNDARIAS/Pruebas Compensación/situacion_adminitrativa-(situacion-actos)/i_Actos_glyphicons glyphicons-group x3 icon-acto' is clicked on

2023-04-10 09:29:09 - [TEST_STEP][PASSED] - click(findTestObject("2-OBJECTS TAREAS SECUNDARIAS/Pruebas Compensación/situacion_adminitrativa-(situacion-actos)/a_Acto cambio del Empleado_form_ActosAdministrativostabla_principal_10j_idt79")): Object: 'Object Repository/2-OBJECTS TAREAS SECUNDARIAS/Pruebas Compensación/situacion_adminitrativa-(situacion-actos)/a_Acto cambio del Empleado_form_ActosAdministrativostabla_principal_10j_idt79' is clicked on

2023-04-10 09:29:10 - [MESSAGE][PASSED] - Object: 'Object Repository/2-OBJECTS TAREAS SECUNDARIAS/Pruebas Compensación/situacion_adminitrativa-(situacion-actos)/a_Acto cambio del Empleado_form_ActosAdministrativostabla_principal_10j_idt79' is clicked on

2023-04-10 09:29:10 - [TEST_STEP][PASSED] - click(findTestObject("2-OBJECTS TAREAS SECUNDARIAS/Pruebas Compensación/situacion_adminitrativa-(situacion-actos)/span_Nomina")): Object: 'Object Repository/2-OBJECTS TAREAS SECUNDARIAS/Pruebas Compensación/situacion_adminitrativa-(situacion-actos)/span_Nomina' is clicked on

2023-04-10 09:29:11 - [MESSAGE][PASSED] - Object: 'Object Repository/2-OBJECTS TAREAS SECUNDARIAS/Pruebas Compensación/situacion_adminitrativa-(situacion-actos)/span_Nomina' is clicked on

2023-04-10 09:29:11 - [TEST_STEP][PASSED] - setText(findTestObject("2-OBJECTS TAREAS SECUNDARIAS/Pruebas Compensación/situacion_adminitrativa-(situacion-actos)/input_Empleados_form_ActosAdministrativosj_idt104"), "Cambio De Sueldo"): Text 'Cambio De Sueldo' is set on object 'Object Repository/2-OBJECTS TAREAS SECUNDARIAS/Pruebas Compensación/situacion_adminitrativa-(situacion-actos)/input_Empleados_form_ActosAdministrativosj_idt104'

2023-04-10 09:29:12 - [MESSAGE][PASSED] - Text 'Cambio De Sueldo' is set on object 'Object Repository/2-OBJECTS TAREAS SECUNDARIAS/Pruebas Compensación/situacion_adminitrativa-(situacion-actos)/input_Empleados_form_ActosAdministrativosj_idt104'

2023-04-10 09:29:12 - [TEST_STEP][PASSED] - sendKeys(findTestObject("2-OBJECTS TAREAS SECUNDARIAS/Pruebas Compensación/situacion_adminitrativa-(situacion-actos)/input_Empleados_form_ActosAdministrativosj_idt104"), Keys.chord(ENTER)): Keys 'ENTER + ' sent to object: 'Object Repository/2-OBJECTS TAREAS SECUNDARIAS/Pruebas Compensación/situacion_adminitrativa-(situacion-actos)/input_Empleados_form_ActosAdministrativosj_idt104'

2023-04-10 09:29:12 - [MESSAGE][PASSED] - Keys 'ENTER + ' sent to object: 'Object Repository/2-OBJECTS TAREAS SECUNDARIAS/Pruebas Compensación/situacion_adminitrativa-(situacion-actos)/input_Empleados_form_ActosAdministrativosj_idt104'

2023-04-10 09:29:12 - [TEST_STEP][PASSED] - click(findTestObject("2-OBJECTS TAREAS SECUNDARIAS/Pruebas Compensación/situacion_adminitrativa-(situacion-actos)/span_cambio de sueldo_")): Object: 'Object Repository/2-OBJECTS TAREAS SECUNDARIAS/Pruebas Compensación/situacion_adminitrativa-(situacion-actos)/span_cambio de sueldo_' is clicked on

2023-04-10 09:29:13 - [MESSAGE][PASSED] - Object: 'Object Repository/2-OBJECTS TAREAS SECUNDARIAS/Pruebas Compensación/situacion_adminitrativa-(situacion-actos)/span_cambio de sueldo_' is clicked on

2023-04-10 09:29:13 - [TEST_STEP][PASSED] - click(findTestObject("2-OBJECTS TAREAS SECUNDARIAS/Pruebas Compensación/situacion_adminitrativa-(situacion-actos)/a_Elaboracin_form_popupSeleccionDerogarj_idt408")): Object: 'Object Repository/2-OBJECTS TAREAS SECUNDARIAS/Pruebas Compensación/situacion_adminitrativa-(situacion-actos)/a_Elaboracin_form_popupSeleccionDerogarj_idt408' is clicked on

2023-04-10 09:29:14 - [MESSAGE][PASSED] - Object: 'Object Repository/2-OBJECTS TAREAS SECUNDARIAS/Pruebas Compensación/situacion_adminitrativa-(situacion-actos)/a_Elaboracin_form_popupSeleccionDerogarj_idt408' is clicked on

2023-04-10 09:29:14 - [TEST_STEP][PASSED] - click(findTestObject("2-OBJECTS TAREAS SECUNDARIAS/Pruebas Compensación/situacion_adminitrativa-(situacion-actos)/a_Contrato_form_popupSeleccionDerogarTrasladoj_idt372")): Object: 'Object Repository/2-OBJECTS TAREAS SECUNDARIAS/Pruebas Compensación/situacion_adminitrativa-(situacion-actos)/a_Contrato_form_popupSeleccionDerogarTrasladoj_idt372' is clicked on

2023-04-10 09:29:15 - [MESSAGE][PASSED] - Object: 'Object Repository/2-OBJECTS TAREAS SECUNDARIAS/Pruebas Compensación/situacion_adminitrativa-(situacion-actos)/a_Contrato_form_popupSeleccionDerogarTrasladoj_idt372' is clicked on

2023-04-10 09:29:15 - [TEST_STEP][PASSED] - setText(findTestObject("2-OBJECTS TAREAS SECUNDARIAS/Pruebas Compensación/situacion_adminitrativa-(situacion-actos)/input_Filtro Empleado_form_popupEmpleadoj_idt895"), "1252462"): Text '1252462' is set on object 'Object Repository/2-OBJECTS TAREAS SECUNDARIAS/Pruebas Compensación/situacion_adminitrativa-(situacion-actos)/input_Filtro Empleado_form_popupEmpleadoj_idt895'

2023-04-10 09:29:16 - [MESSAGE][PASSED] - Text '1252462' is set on object 'Object Repository/2-OBJECTS TAREAS SECUNDARIAS/Pruebas Compensación/situacion_adminitrativa-(situacion-actos)/input_Filtro Empleado_form_popupEmpleadoj_idt895'

2023-04-10 09:29:16 - [TEST_STEP][PASSED] - sendKeys(findTestObject("2-OBJECTS TAREAS SECUNDARIAS/Pruebas Compensación/situacion_adminitrativa-(situacion-actos)/input_Filtro Empleado_form_popupEmpleadoj_idt895"), Keys.chord(ENTER)): Keys 'ENTER + ' sent to object: 'Object Repository/2-OBJECTS TAREAS SECUNDARIAS/Pruebas Compensación/situacion_adminitrativa-(situacion-actos)/input_Filtro Empleado_form_popupEmpleadoj_idt895'

2023-04-10 09:29:16 - [MESSAGE][PASSED] - Keys 'ENTER + ' sent to object: 'Object Repository/2-OBJECTS TAREAS SECUNDARIAS/Pruebas Compensación/situacion_adminitrativa-(situacion-actos)/input_Filtro Empleado_form_popupEmpleadoj_idt895'

2023-04-10 09:29:16 - [TEST_STEP][PASSED] - click(findTestObject("2-OBJECTS TAREAS SECUNDARIAS/Pruebas Compensación/situacion_adminitrativa-(situacion-actos)/span_1252462_")): Object: 'Object Repository/2-OBJECTS TAREAS SECUNDARIAS/Pruebas Compensación/situacion_adminitrativa-(situacion-actos)/span_1252462_' is clicked on

2023-04-10 09:29:17 - [MESSAGE][PASSED] - Object: 'Object Repository/2-OBJECTS TAREAS SECUNDARIAS/Pruebas Compensación/situacion_adminitrativa-(situacion-actos)/span_1252462_' is clicked on

2023-04-10 09:29:17 - [TEST_STEP][PASSED] - click(findTestObject("2-OBJECTS TAREAS SECUNDARIAS/Pruebas Compensación/situacion_adminitrativa-(situacion-actos)/td_03062022")): Object: 'Object Repository/2-OBJECTS TAREAS SECUNDARIAS/Pruebas Compensación/situacion_adminitrativa-(situacion-actos)/td_03062022' is clicked on

2023-04-10 09:29:18 - [MESSAGE][PASSED] - Object: 'Object Repository/2-OBJECTS TAREAS SECUNDARIAS/Pruebas Compensación/situacion_adminitrativa-(situacion-actos)/td_03062022' is clicked on

2023-04-10 09:29:18 - [TEST_STEP][PASSED] - selectOptionByIndex(findTestObject("2-OBJECTS TAREAS SECUNDARIAS/Pruebas Compensación/situacion_adminitrativa-(situacion-actos)/select_- No Relacionado1  - Cambio Datos Del Puesto10 - Ingreso Puesto Nuevo11"), 2): All options with index in [2] are selected on object 'Object Repository/2-OBJECTS TAREAS SECUNDARIAS/Pruebas Compensación/situacion_adminitrativa-(situacion-actos)/select_- No Relacionado1  - Cambio Datos Del Puesto10 - Ingreso Puesto Nuevo11'

2023-04-10 09:29:20 - [MESSAGE][PASSED] - All options with index in [2] are selected on object 'Object Repository/2-OBJECTS TAREAS SECUNDARIAS/Pruebas Compensación/situacion_adminitrativa-(situacion-actos)/select_- No Relacionado1  - Cambio Datos Del Puesto10 - Ingreso Puesto Nuevo11'

2023-04-10 09:29:20 - [TEST_STEP][PASSED] - setText(findTestObject("2-OBJECTS TAREAS SECUNDARIAS/Pruebas Compensación/situacion_adminitrativa-(situacion-actos)/input__form_actoIngresoj_idt9841fecha_input"), Fecha()): null

2023-04-10 09:29:20 - [TEST_STEP][PASSED] - today = new java.util.Date(): null

2023-04-10 09:29:20 - [TEST_STEP][PASSED] - Fecha = today.format("dd/MM/yyyy"): null

2023-04-10 09:29:20 - [TEST_STEP][PASSED] - FechaF = Fecha: Text '10/04/2023' is set on object 'Object Repository/2-OBJECTS TAREAS SECUNDARIAS/Pruebas Compensación/situacion_adminitrativa-(situacion-actos)/input__form_actoIngresoj_idt9841fecha_input'

2023-04-10 09:29:21 - [MESSAGE][PASSED] - Text '10/04/2023' is set on object 'Object Repository/2-OBJECTS TAREAS SECUNDARIAS/Pruebas Compensación/situacion_adminitrativa-(situacion-actos)/input__form_actoIngresoj_idt9841fecha_input'

2023-04-10 09:29:21 - [TEST_STEP][PASSED] - click(findTestObject("2-OBJECTS TAREAS SECUNDARIAS/Pruebas Compensación/situacion_adminitrativa-(situacion-actos)/a_Continuar2")): Object: 'Object Repository/2-OBJECTS TAREAS SECUNDARIAS/Pruebas Compensación/situacion_adminitrativa-(situacion-actos)/a_Continuar2' is clicked on

2023-04-10 09:29:21 - [MESSAGE][PASSED] - Object: 'Object Repository/2-OBJECTS TAREAS SECUNDARIAS/Pruebas Compensación/situacion_adminitrativa-(situacion-actos)/a_Continuar2' is clicked on

2023-04-10 09:29:21 - [TEST_STEP][PASSED] - click(findTestObject("2-OBJECTS TAREAS SECUNDARIAS/Pruebas Compensación/situacion_adminitrativa-(situacion-actos)/a_Aplicar2")): Object: 'Object Repository/2-OBJECTS TAREAS SECUNDARIAS/Pruebas Compensación/situacion_adminitrativa-(situacion-actos)/a_Aplicar2' is clicked on

2023-04-10 09:29:22 - [MESSAGE][PASSED] - Object: 'Object Repository/2-OBJECTS TAREAS SECUNDARIAS/Pruebas Compensación/situacion_adminitrativa-(situacion-actos)/a_Aplicar2' is clicked on

2023-04-10 09:29:22 - [TEST_STEP][PASSED] - Result = getText(findTestObject("3-OBJECTS UTILIDADES/Alerta/Alerta")): Text of object 'Object Repository/3-OBJECTS UTILIDADES/Alerta/Alerta' is: 'EL SISTEMA HA GENERADO EL ACTO ADMINISTRATIVO CORRECTAMENTE'

2023-04-10 09:29:22 - [MESSAGE][PASSED] - Text of object 'Object Repository/3-OBJECTS UTILIDADES/Alerta/Alerta' is: 'EL SISTEMA HA GENERADO EL ACTO ADMINISTRATIVO CORRECTAMENTE'

2023-04-10 09:29:22 - [TEST_STEP][PASSED] - verificador(): null

2023-04-10 09:29:22 - [TEST_STEP][PASSED] - setText(findTestObject("2-OBJECTS TAREAS SECUNDARIAS/Pruebas Compensación/situacion_adminitrativa-(situacion-actos)/input_Empresa 1_form_templatej_idt24_input"), "actos administrativos"): Text 'actos administrativos' is set on object 'Object Repository/2-OBJECTS TAREAS SECUNDARIAS/Pruebas Compensación/situacion_adminitrativa-(situacion-actos)/input_Empresa 1_form_templatej_idt24_input'

2023-04-10 09:29:23 - [MESSAGE][PASSED] - Text 'actos administrativos' is set on object 'Object Repository/2-OBJECTS TAREAS SECUNDARIAS/Pruebas Compensación/situacion_adminitrativa-(situacion-actos)/input_Empresa 1_form_templatej_idt24_input'

2023-04-10 09:29:23 - [TEST_STEP][PASSED] - click(findTestObject("2-OBJECTS TAREAS SECUNDARIAS/Pruebas Compensación/situacion_adminitrativa-(situacion-actos)/span_Listado de Empleados")): Object: 'Object Repository/2-OBJECTS TAREAS SECUNDARIAS/Pruebas Compensación/situacion_adminitrativa-(situacion-actos)/span_Listado de Empleados' is clicked on

2023-04-10 09:29:25 - [MESSAGE][PASSED] - Object: 'Object Repository/2-OBJECTS TAREAS SECUNDARIAS/Pruebas Compensación/situacion_adminitrativa-(situacion-actos)/span_Listado de Empleados' is clicked on

2023-04-10 09:29:25 - [TEST_STEP][PASSED] - click(findTestObject("2-OBJECTS TAREAS SECUNDARIAS/Pruebas Compensación/situacion_adminitrativa-(situacion-actos)/i_Actos_glyphicons glyphicons-group x3 icon-acto")): Object: 'Object Repository/2-OBJECTS TAREAS SECUNDARIAS/Pruebas Compensación/situacion_adminitrativa-(situacion-actos)/i_Actos_glyphicons glyphicons-group x3 icon-acto' is clicked on

2023-04-10 09:29:25 - [MESSAGE][PASSED] - Object: 'Object Repository/2-OBJECTS TAREAS SECUNDARIAS/Pruebas Compensación/situacion_adminitrativa-(situacion-actos)/i_Actos_glyphicons glyphicons-group x3 icon-acto' is clicked on

2023-04-10 09:29:25 - [TEST_STEP][PASSED] - opcion1 = getText(findTestObject("2-OBJECTS TAREAS SECUNDARIAS/Pruebas Compensación/situacion_adminitrativa-(situacion-actos)/verificarActoAdministrativos_cambio_DE_Sueldo/span_opcion1")): Text of object 'Object Repository/2-OBJECTS TAREAS SECUNDARIAS/Pruebas Compensación/situacion_adminitrativa-(situacion-actos)/verificarActoAdministrativos_cambio_DE_Sueldo/span_opcion1' is: 'Elaborar'

2023-04-10 09:29:26 - [MESSAGE][PASSED] - Text of object 'Object Repository/2-OBJECTS TAREAS SECUNDARIAS/Pruebas Compensación/situacion_adminitrativa-(situacion-actos)/verificarActoAdministrativos_cambio_DE_Sueldo/span_opcion1' is: 'Elaborar'

2023-04-10 09:29:26 - [TEST_STEP][PASSED] - opcion2 = getText(findTestObject("2-OBJECTS TAREAS SECUNDARIAS/Pruebas Compensación/situacion_adminitrativa-(situacion-actos)/verificarActoAdministrativos_cambio_DE_Sueldo/span_opcion2")): Text of object 'Object Repository/2-OBJECTS TAREAS SECUNDARIAS/Pruebas Compensación/situacion_adminitrativa-(situacion-actos)/verificarActoAdministrativos_cambio_DE_Sueldo/span_opcion2' is: 'Eliminar'

2023-04-10 09:29:26 - [MESSAGE][PASSED] - Text of object 'Object Repository/2-OBJECTS TAREAS SECUNDARIAS/Pruebas Compensación/situacion_adminitrativa-(situacion-actos)/verificarActoAdministrativos_cambio_DE_Sueldo/span_opcion2' is: 'Eliminar'

2023-04-10 09:29:26 - [TEST_STEP][PASSED] - opcion3 = getText(findTestObject("2-OBJECTS TAREAS SECUNDARIAS/Pruebas Compensación/situacion_adminitrativa-(situacion-actos)/verificarActoAdministrativos_cambio_DE_Sueldo/span_opcion3")): Text of object 'Object Repository/2-OBJECTS TAREAS SECUNDARIAS/Pruebas Compensación/situacion_adminitrativa-(situacion-actos)/verificarActoAdministrativos_cambio_DE_Sueldo/span_opcion3' is: 'Legalizar'

2023-04-10 09:29:27 - [MESSAGE][PASSED] - Text of object 'Object Repository/2-OBJECTS TAREAS SECUNDARIAS/Pruebas Compensación/situacion_adminitrativa-(situacion-actos)/verificarActoAdministrativos_cambio_DE_Sueldo/span_opcion3' is: 'Legalizar'

2023-04-10 09:29:27 - [TEST_STEP][PASSED] - opcion4 = getText(findTestObject("2-OBJECTS TAREAS SECUNDARIAS/Pruebas Compensación/situacion_adminitrativa-(situacion-actos)/verificarActoAdministrativos_cambio_DE_Sueldo/span_opcion4")): Text of object 'Object Repository/2-OBJECTS TAREAS SECUNDARIAS/Pruebas Compensación/situacion_adminitrativa-(situacion-actos)/verificarActoAdministrativos_cambio_DE_Sueldo/span_opcion4' is: 'Modificar'

2023-04-10 09:29:27 - [MESSAGE][PASSED] - Text of object 'Object Repository/2-OBJECTS TAREAS SECUNDARIAS/Pruebas Compensación/situacion_adminitrativa-(situacion-actos)/verificarActoAdministrativos_cambio_DE_Sueldo/span_opcion4' is: 'Modificar'

2023-04-10 09:29:27 - [TEST_STEP][PASSED] - switch (opcion1 && opcion2 && opcion3 && opcion4): null

2023-04-10 09:29:27 - [TEST_STEP][PASSED] - case opcion2 == "Eliminar":: null

2023-04-10 09:29:27 - [TEST_STEP][PASSED] - click(findTestObject("2-OBJECTS TAREAS SECUNDARIAS/Pruebas Compensación/situacion_adminitrativa-(situacion-actos)/verificarActoAdministrativos_cambio_DE_Sueldo/a_icono2")): Object: 'Object Repository/2-OBJECTS TAREAS SECUNDARIAS/Pruebas Compensación/situacion_adminitrativa-(situacion-actos)/verificarActoAdministrativos_cambio_DE_Sueldo/a_icono2' is clicked on

2023-04-10 09:29:28 - [MESSAGE][PASSED] - Object: 'Object Repository/2-OBJECTS TAREAS SECUNDARIAS/Pruebas Compensación/situacion_adminitrativa-(situacion-actos)/verificarActoAdministrativos_cambio_DE_Sueldo/a_icono2' is clicked on

2023-04-10 09:29:28 - [TEST_STEP][PASSED] - break: null

2023-04-10 09:29:28 - [TEST_STEP][PASSED] - while (waitForElementVisible(findTestObject("2-OBJECTS TAREAS SECUNDARIAS/Pruebas Compensación/situacion_adminitrativa-(situacion-actos)/verificarActoAdministrativos_cambio_DE_Sueldo/input_Filtrar por Actos Administrativos"), 1)): null

2023-04-10 09:29:28 - [MESSAGE][PASSED] - Object 'Object Repository/2-OBJECTS TAREAS SECUNDARIAS/Pruebas Compensación/situacion_adminitrativa-(situacion-actos)/verificarActoAdministrativos_cambio_DE_Sueldo/input_Filtrar por Actos Administrativos' is visible

2023-04-10 09:29:28 - [TEST_STEP][PASSED] - setText(findTestObject("2-OBJECTS TAREAS SECUNDARIAS/Pruebas Compensación/situacion_adminitrativa-(situacion-actos)/verificarActoAdministrativos_cambio_DE_Sueldo/input_Filtrar por Actos Administrativos"), "Cambio De Sueldo"): Text 'Cambio De Sueldo' is set on object 'Object Repository/2-OBJECTS TAREAS SECUNDARIAS/Pruebas Compensación/situacion_adminitrativa-(situacion-actos)/verificarActoAdministrativos_cambio_DE_Sueldo/input_Filtrar por Actos Administrativos'

2023-04-10 09:29:29 - [MESSAGE][PASSED] - Text 'Cambio De Sueldo' is set on object 'Object Repository/2-OBJECTS TAREAS SECUNDARIAS/Pruebas Compensación/situacion_adminitrativa-(situacion-actos)/verificarActoAdministrativos_cambio_DE_Sueldo/input_Filtrar por Actos Administrativos'

2023-04-10 09:29:29 - [TEST_STEP][PASSED] - sendKeys(findTestObject("2-OBJECTS TAREAS SECUNDARIAS/Pruebas Compensación/situacion_adminitrativa-(situacion-actos)/verificarActoAdministrativos_cambio_DE_Sueldo/input_Filtrar por Actos Administrativos"), Keys.chord(ENTER)): Keys 'ENTER + ' sent to object: 'Object Repository/2-OBJECTS TAREAS SECUNDARIAS/Pruebas Compensación/situacion_adminitrativa-(situacion-actos)/verificarActoAdministrativos_cambio_DE_Sueldo/input_Filtrar por Actos Administrativos'

2023-04-10 09:29:29 - [MESSAGE][PASSED] - Keys 'ENTER + ' sent to object: 'Object Repository/2-OBJECTS TAREAS SECUNDARIAS/Pruebas Compensación/situacion_adminitrativa-(situacion-actos)/verificarActoAdministrativos_cambio_DE_Sueldo/input_Filtrar por Actos Administrativos'

2023-04-10 09:29:29 - [TEST_STEP][PASSED] - if (waitForElementVisible(findTestObject("2-OBJECTS TAREAS SECUNDARIAS/Pruebas Compensación/situacion_adminitrativa-(situacion-actos)/verificarActoAdministrativos_cambio_DE_Sueldo/td_Cambio De Sueldo"), 1)): null

2023-04-10 09:29:30 - [MESSAGE][PASSED] - Object 'Object Repository/2-OBJECTS TAREAS SECUNDARIAS/Pruebas Compensación/situacion_adminitrativa-(situacion-actos)/verificarActoAdministrativos_cambio_DE_Sueldo/td_Cambio De Sueldo' is visible

2023-04-10 09:29:30 - [TEST_STEP][PASSED] - click(findTestObject("2-OBJECTS TAREAS SECUNDARIAS/Pruebas Compensación/situacion_adminitrativa-(situacion-actos)/verificarActoAdministrativos_cambio_DE_Sueldo/td_Cambio De Sueldo")): Object: 'Object Repository/2-OBJECTS TAREAS SECUNDARIAS/Pruebas Compensación/situacion_adminitrativa-(situacion-actos)/verificarActoAdministrativos_cambio_DE_Sueldo/td_Cambio De Sueldo' is clicked on

2023-04-10 09:29:31 - [MESSAGE][PASSED] - Object: 'Object Repository/2-OBJECTS TAREAS SECUNDARIAS/Pruebas Compensación/situacion_adminitrativa-(situacion-actos)/verificarActoAdministrativos_cambio_DE_Sueldo/td_Cambio De Sueldo' is clicked on

2023-04-10 09:29:31 - [TEST_STEP][PASSED] - click(findTestObject("2-OBJECTS TAREAS SECUNDARIAS/Pruebas Compensación/situacion_adminitrativa-(situacion-actos)/verificarActoAdministrativos_cambio_DE_Sueldo/a_Aplicar")): Object: 'Object Repository/2-OBJECTS TAREAS SECUNDARIAS/Pruebas Compensación/situacion_adminitrativa-(situacion-actos)/verificarActoAdministrativos_cambio_DE_Sueldo/a_Aplicar' is clicked on

2023-04-10 09:29:32 - [MESSAGE][PASSED] - Object: 'Object Repository/2-OBJECTS TAREAS SECUNDARIAS/Pruebas Compensación/situacion_adminitrativa-(situacion-actos)/verificarActoAdministrativos_cambio_DE_Sueldo/a_Aplicar' is clicked on

2023-04-10 09:29:32 - [TEST_STEP][PASSED] - if (waitForElementVisible(findTestObject("2-OBJECTS TAREAS SECUNDARIAS/Pruebas Compensación/situacion_adminitrativa-(situacion-actos)/verificarActoAdministrativos_cambio_DE_Sueldo/span_Si"), 1)): null

2023-04-10 09:29:33 - [MESSAGE][PASSED] - Object 'Object Repository/2-OBJECTS TAREAS SECUNDARIAS/Pruebas Compensación/situacion_adminitrativa-(situacion-actos)/verificarActoAdministrativos_cambio_DE_Sueldo/span_Si' is visible

2023-04-10 09:29:33 - [TEST_STEP][PASSED] - click(findTestObject("2-OBJECTS TAREAS SECUNDARIAS/Pruebas Compensación/situacion_adminitrativa-(situacion-actos)/verificarActoAdministrativos_cambio_DE_Sueldo/span_Si")): Object: 'Object Repository/2-OBJECTS TAREAS SECUNDARIAS/Pruebas Compensación/situacion_adminitrativa-(situacion-actos)/verificarActoAdministrativos_cambio_DE_Sueldo/span_Si' is clicked on

2023-04-10 09:29:33 - [MESSAGE][PASSED] - Object: 'Object Repository/2-OBJECTS TAREAS SECUNDARIAS/Pruebas Compensación/situacion_adminitrativa-(situacion-actos)/verificarActoAdministrativos_cambio_DE_Sueldo/span_Si' is clicked on

2023-04-10 09:29:33 - [TEST_STEP][PASSED] - if (waitForElementVisible(findTestObject("2-OBJECTS TAREAS SECUNDARIAS/Pruebas Compensación/situacion_adminitrativa-(situacion-actos)/verificarActoAdministrativos_cambio_DE_Sueldo/a_Aceptar"), 1)): null

2023-04-10 09:29:34 - [MESSAGE][PASSED] - Object 'Object Repository/2-OBJECTS TAREAS SECUNDARIAS/Pruebas Compensación/situacion_adminitrativa-(situacion-actos)/verificarActoAdministrativos_cambio_DE_Sueldo/a_Aceptar' is visible

2023-04-10 09:29:34 - [TEST_STEP][PASSED] - click(findTestObject("2-OBJECTS TAREAS SECUNDARIAS/Pruebas Compensación/situacion_adminitrativa-(situacion-actos)/verificarActoAdministrativos_cambio_DE_Sueldo/a_Aceptar")): Object 'Object Repository/2-OBJECTS TAREAS SECUNDARIAS/Pruebas Compensación/situacion_adminitrativa-(situacion-actos)/verificarActoAdministrativos_cambio_DE_Sueldo/input_Filtrar por Actos Administrativos' is visible

2023-04-10 09:29:35 - [MESSAGE][PASSED] - Object: 'Object Repository/2-OBJECTS TAREAS SECUNDARIAS/Pruebas Compensación/situacion_adminitrativa-(situacion-actos)/verificarActoAdministrativos_cambio_DE_Sueldo/a_Aceptar' is clicked on

2023-04-10 09:29:35 - [MESSAGE][PASSED] - Object 'Object Repository/2-OBJECTS TAREAS SECUNDARIAS/Pruebas Compensación/situacion_adminitrativa-(situacion-actos)/verificarActoAdministrativos_cambio_DE_Sueldo/input_Filtrar por Actos Administrativos' is visible

2023-04-10 09:29:35 - [TEST_STEP][PASSED] - setText(findTestObject("2-OBJECTS TAREAS SECUNDARIAS/Pruebas Compensación/situacion_adminitrativa-(situacion-actos)/verificarActoAdministrativos_cambio_DE_Sueldo/input_Filtrar por Actos Administrativos"), "Cambio De Sueldo"): Text 'Cambio De Sueldo' is set on object 'Object Repository/2-OBJECTS TAREAS SECUNDARIAS/Pruebas Compensación/situacion_adminitrativa-(situacion-actos)/verificarActoAdministrativos_cambio_DE_Sueldo/input_Filtrar por Actos Administrativos'

2023-04-10 09:29:36 - [MESSAGE][PASSED] - Text 'Cambio De Sueldo' is set on object 'Object Repository/2-OBJECTS TAREAS SECUNDARIAS/Pruebas Compensación/situacion_adminitrativa-(situacion-actos)/verificarActoAdministrativos_cambio_DE_Sueldo/input_Filtrar por Actos Administrativos'

2023-04-10 09:29:36 - [TEST_STEP][PASSED] - sendKeys(findTestObject("2-OBJECTS TAREAS SECUNDARIAS/Pruebas Compensación/situacion_adminitrativa-(situacion-actos)/verificarActoAdministrativos_cambio_DE_Sueldo/input_Filtrar por Actos Administrativos"), Keys.chord(ENTER)): Keys 'ENTER + ' sent to object: 'Object Repository/2-OBJECTS TAREAS SECUNDARIAS/Pruebas Compensación/situacion_adminitrativa-(situacion-actos)/verificarActoAdministrativos_cambio_DE_Sueldo/input_Filtrar por Actos Administrativos'

2023-04-10 09:29:37 - [MESSAGE][PASSED] - Keys 'ENTER + ' sent to object: 'Object Repository/2-OBJECTS TAREAS SECUNDARIAS/Pruebas Compensación/situacion_adminitrativa-(situacion-actos)/verificarActoAdministrativos_cambio_DE_Sueldo/input_Filtrar por Actos Administrativos'

2023-04-10 09:29:37 - [TEST_STEP][PASSED] - if (waitForElementVisible(findTestObject("2-OBJECTS TAREAS SECUNDARIAS/Pruebas Compensación/situacion_adminitrativa-(situacion-actos)/verificarActoAdministrativos_cambio_DE_Sueldo/td_Cambio De Sueldo"), 1)): null

2023-04-10 09:29:37 - [MESSAGE][PASSED] - Object 'Object Repository/2-OBJECTS TAREAS SECUNDARIAS/Pruebas Compensación/situacion_adminitrativa-(situacion-actos)/verificarActoAdministrativos_cambio_DE_Sueldo/td_Cambio De Sueldo' is visible

2023-04-10 09:29:37 - [TEST_STEP][PASSED] - click(findTestObject("2-OBJECTS TAREAS SECUNDARIAS/Pruebas Compensación/situacion_adminitrativa-(situacion-actos)/verificarActoAdministrativos_cambio_DE_Sueldo/td_Cambio De Sueldo")): Object: 'Object Repository/2-OBJECTS TAREAS SECUNDARIAS/Pruebas Compensación/situacion_adminitrativa-(situacion-actos)/verificarActoAdministrativos_cambio_DE_Sueldo/td_Cambio De Sueldo' is clicked on

2023-04-10 09:29:38 - [MESSAGE][PASSED] - Object: 'Object Repository/2-OBJECTS TAREAS SECUNDARIAS/Pruebas Compensación/situacion_adminitrativa-(situacion-actos)/verificarActoAdministrativos_cambio_DE_Sueldo/td_Cambio De Sueldo' is clicked on

2023-04-10 09:29:38 - [TEST_STEP][PASSED] - click(findTestObject("2-OBJECTS TAREAS SECUNDARIAS/Pruebas Compensación/situacion_adminitrativa-(situacion-actos)/verificarActoAdministrativos_cambio_DE_Sueldo/a_Aplicar")): Object: 'Object Repository/2-OBJECTS TAREAS SECUNDARIAS/Pruebas Compensación/situacion_adminitrativa-(situacion-actos)/verificarActoAdministrativos_cambio_DE_Sueldo/a_Aplicar' is clicked on

2023-04-10 09:29:39 - [MESSAGE][PASSED] - Object: 'Object Repository/2-OBJECTS TAREAS SECUNDARIAS/Pruebas Compensación/situacion_adminitrativa-(situacion-actos)/verificarActoAdministrativos_cambio_DE_Sueldo/a_Aplicar' is clicked on

2023-04-10 09:29:39 - [TEST_STEP][PASSED] - if (waitForElementVisible(findTestObject("2-OBJECTS TAREAS SECUNDARIAS/Pruebas Compensación/situacion_adminitrativa-(situacion-actos)/verificarActoAdministrativos_cambio_DE_Sueldo/span_Si"), 1)): Object 'Object Repository/2-OBJECTS TAREAS SECUNDARIAS/Pruebas Compensación/situacion_adminitrativa-(situacion-actos)/verificarActoAdministrativos_cambio_DE_Sueldo/span_Si' is not visible after 1 second(s)

2023-04-10 09:29:40 - [MESSAGE][WARNING] - Object 'Object Repository/2-OBJECTS TAREAS SECUNDARIAS/Pruebas Compensación/situacion_adminitrativa-(situacion-actos)/verificarActoAdministrativos_cambio_DE_Sueldo/span_Si' is not visible after 1 second(s)

2023-04-10 09:29:40 - [TEST_STEP][PASSED] - if (waitForElementVisible(findTestObject("2-OBJECTS TAREAS SECUNDARIAS/Pruebas Compensación/situacion_adminitrativa-(situacion-actos)/verificarActoAdministrativos_cambio_DE_Sueldo/a_Aceptar"), 1)): Object 'Object Repository/2-OBJECTS TAREAS SECUNDARIAS/Pruebas Compensación/situacion_adminitrativa-(situacion-actos)/verificarActoAdministrativos_cambio_DE_Sueldo/input_Filtrar por Actos Administrativos' is visible

2023-04-10 09:29:42 - [MESSAGE][INFO] - Unable to find the element located by 'By.xpath: //a[contains(text(),'Aceptar')]'. Please recheck the objects properties to make sure the desired element is located. 

2023-04-10 09:29:42 - [MESSAGE][WARNING] - Web element with id: 'Object Repository/2-OBJECTS TAREAS SECUNDARIAS/Pruebas Compensación/situacion_adminitrativa-(situacion-actos)/verificarActoAdministrativos_cambio_DE_Sueldo/a_Aceptar' located by '//a[contains(text(),'Aceptar')]' not found

2023-04-10 09:29:43 - [MESSAGE][PASSED] - Object 'Object Repository/2-OBJECTS TAREAS SECUNDARIAS/Pruebas Compensación/situacion_adminitrativa-(situacion-actos)/verificarActoAdministrativos_cambio_DE_Sueldo/input_Filtrar por Actos Administrativos' is visible

2023-04-10 09:29:43 - [TEST_STEP][PASSED] - setText(findTestObject("2-OBJECTS TAREAS SECUNDARIAS/Pruebas Compensación/situacion_adminitrativa-(situacion-actos)/verificarActoAdministrativos_cambio_DE_Sueldo/input_Filtrar por Actos Administrativos"), "Cambio De Sueldo"): Text 'Cambio De Sueldo' is set on object 'Object Repository/2-OBJECTS TAREAS SECUNDARIAS/Pruebas Compensación/situacion_adminitrativa-(situacion-actos)/verificarActoAdministrativos_cambio_DE_Sueldo/input_Filtrar por Actos Administrativos'

2023-04-10 09:29:44 - [MESSAGE][PASSED] - Text 'Cambio De Sueldo' is set on object 'Object Repository/2-OBJECTS TAREAS SECUNDARIAS/Pruebas Compensación/situacion_adminitrativa-(situacion-actos)/verificarActoAdministrativos_cambio_DE_Sueldo/input_Filtrar por Actos Administrativos'

2023-04-10 09:29:44 - [TEST_STEP][PASSED] - sendKeys(findTestObject("2-OBJECTS TAREAS SECUNDARIAS/Pruebas Compensación/situacion_adminitrativa-(situacion-actos)/verificarActoAdministrativos_cambio_DE_Sueldo/input_Filtrar por Actos Administrativos"), Keys.chord(ENTER)): Keys 'ENTER + ' sent to object: 'Object Repository/2-OBJECTS TAREAS SECUNDARIAS/Pruebas Compensación/situacion_adminitrativa-(situacion-actos)/verificarActoAdministrativos_cambio_DE_Sueldo/input_Filtrar por Actos Administrativos'

2023-04-10 09:29:44 - [MESSAGE][PASSED] - Keys 'ENTER + ' sent to object: 'Object Repository/2-OBJECTS TAREAS SECUNDARIAS/Pruebas Compensación/situacion_adminitrativa-(situacion-actos)/verificarActoAdministrativos_cambio_DE_Sueldo/input_Filtrar por Actos Administrativos'

2023-04-10 09:29:44 - [TEST_STEP][PASSED] - if (waitForElementVisible(findTestObject("2-OBJECTS TAREAS SECUNDARIAS/Pruebas Compensación/situacion_adminitrativa-(situacion-actos)/verificarActoAdministrativos_cambio_DE_Sueldo/td_Cambio De Sueldo"), 1)): Web element with id: 'Object Repository/2-OBJECTS TAREAS SECUNDARIAS/Pruebas Compensación/situacion_adminitrativa-(situacion-actos)/verificarActoAdministrativos_cambio_DE_Sueldo/td_Cambio De Sueldo' located by '//*/text()[normalize-space(.)='Cambio De Sueldo']/parent::*' not found

2023-04-10 09:29:46 - [MESSAGE][INFO] - Unable to find the element located by 'By.xpath: //*/text()[normalize-space(.)='Cambio De Sueldo']/parent::*'. Please recheck the objects properties to make sure the desired element is located. 

2023-04-10 09:29:46 - [MESSAGE][WARNING] - Web element with id: 'Object Repository/2-OBJECTS TAREAS SECUNDARIAS/Pruebas Compensación/situacion_adminitrativa-(situacion-actos)/verificarActoAdministrativos_cambio_DE_Sueldo/td_Cambio De Sueldo' located by '//*/text()[normalize-space(.)='Cambio De Sueldo']/parent::*' not found

2023-04-10 09:29:46 - [TEST_STEP][PASSED] - else: null

2023-04-10 09:29:46 - [TEST_STEP][PASSED] - break: null

2023-04-10 09:29:46 - [TEST_STEP][PASSED] - legalizar(): null

2023-04-10 09:29:46 - [TEST_STEP][PASSED] - legalizar = getText(findTestObject("2-OBJECTS TAREAS SECUNDARIAS/Pruebas Compensación/Regresion/a_textico")): Text of object 'Object Repository/2-OBJECTS TAREAS SECUNDARIAS/Pruebas Compensación/Regresion/a_textico' is: 'Elaborar'

2023-04-10 09:29:47 - [MESSAGE][PASSED] - Text of object 'Object Repository/2-OBJECTS TAREAS SECUNDARIAS/Pruebas Compensación/Regresion/a_textico' is: 'Elaborar'

2023-04-10 09:29:47 - [TEST_STEP][PASSED] - legalizar1 = getText(findTestObject("2-OBJECTS TAREAS SECUNDARIAS/Pruebas Compensación/Regresion/a_textico1")): Text of object 'Object Repository/2-OBJECTS TAREAS SECUNDARIAS/Pruebas Compensación/Regresion/a_textico1' is: 'Eliminar'

2023-04-10 09:29:47 - [MESSAGE][PASSED] - Text of object 'Object Repository/2-OBJECTS TAREAS SECUNDARIAS/Pruebas Compensación/Regresion/a_textico1' is: 'Eliminar'

2023-04-10 09:29:47 - [TEST_STEP][PASSED] - legalizar2 = getText(findTestObject("2-OBJECTS TAREAS SECUNDARIAS/Pruebas Compensación/Regresion/a_textico2")): Text of object 'Object Repository/2-OBJECTS TAREAS SECUNDARIAS/Pruebas Compensación/Regresion/a_textico2' is: 'Legalizar'

2023-04-10 09:29:48 - [MESSAGE][PASSED] - Text of object 'Object Repository/2-OBJECTS TAREAS SECUNDARIAS/Pruebas Compensación/Regresion/a_textico2' is: 'Legalizar'

2023-04-10 09:29:48 - [TEST_STEP][PASSED] - legalizar3 = getText(findTestObject("2-OBJECTS TAREAS SECUNDARIAS/Pruebas Compensación/Regresion/a_textico3")): Text of object 'Object Repository/2-OBJECTS TAREAS SECUNDARIAS/Pruebas Compensación/Regresion/a_textico3' is: 'Modificar'

2023-04-10 09:29:48 - [MESSAGE][PASSED] - Text of object 'Object Repository/2-OBJECTS TAREAS SECUNDARIAS/Pruebas Compensación/Regresion/a_textico3' is: 'Modificar'

2023-04-10 09:29:48 - [TEST_STEP][PASSED] - if (legalizar == "Legalizar"): null

2023-04-10 09:29:48 - [TEST_STEP][PASSED] - else if (legalizar1 == "Legalizar"): null

2023-04-10 09:29:48 - [TEST_STEP][PASSED] - else if (legalizar2 == "Legalizar"): Object: 'Object Repository/2-OBJECTS TAREAS SECUNDARIAS/Pruebas Compensación/Regresion/a_iconEliminar2' is clicked on

2023-04-10 09:29:48 - [TEST_STEP][PASSED] - click(findTestObject("2-OBJECTS TAREAS SECUNDARIAS/Pruebas Compensación/Regresion/a_iconEliminar2")): Object: 'Object Repository/2-OBJECTS TAREAS SECUNDARIAS/Pruebas Compensación/Regresion/a_iconEliminar2' is clicked on

2023-04-10 09:29:48 - [MESSAGE][PASSED] - Object: 'Object Repository/2-OBJECTS TAREAS SECUNDARIAS/Pruebas Compensación/Regresion/a_iconEliminar2' is clicked on

2023-04-10 09:29:48 - [TEST_STEP][PASSED] - setText(findTestObject("2-OBJECTS TAREAS SECUNDARIAS/Pruebas Compensación/Regresion/input_Actos Administrativos"), "Cambio De Sueldo"): Text 'Cambio De Sueldo' is set on object 'Object Repository/2-OBJECTS TAREAS SECUNDARIAS/Pruebas Compensación/Regresion/input_Actos Administrativos'

2023-04-10 09:29:49 - [MESSAGE][PASSED] - Text 'Cambio De Sueldo' is set on object 'Object Repository/2-OBJECTS TAREAS SECUNDARIAS/Pruebas Compensación/Regresion/input_Actos Administrativos'

2023-04-10 09:29:49 - [TEST_STEP][PASSED] - sendKeys(findTestObject("2-OBJECTS TAREAS SECUNDARIAS/Pruebas Compensación/Regresion/input_Actos Administrativos"), Keys.chord(ENTER)): Keys 'ENTER + ' sent to object: 'Object Repository/2-OBJECTS TAREAS SECUNDARIAS/Pruebas Compensación/Regresion/input_Actos Administrativos'

2023-04-10 09:29:50 - [MESSAGE][PASSED] - Keys 'ENTER + ' sent to object: 'Object Repository/2-OBJECTS TAREAS SECUNDARIAS/Pruebas Compensación/Regresion/input_Actos Administrativos'

2023-04-10 09:29:50 - [TEST_STEP][PASSED] - resultado = "": null

2023-04-10 09:29:50 - [TEST_STEP][PASSED] - if (waitForElementVisible(findTestObject("2-OBJECTS TAREAS SECUNDARIAS/Pruebas Compensación/Regresion/a_registro1"), 2)): Web element with id: 'Object Repository/2-OBJECTS TAREAS SECUNDARIAS/Pruebas Compensación/Regresion/a_registro1' located by '/html/body/div[1]/div[3]/div/table/tbody/tr[3]/td/table/tbody/tr/td/div/form[1]/div/table/tbody/tr/td[2]/table/tbody/tr/td/table/tbody/tr[3]/td/table/tbody/tr/td/table/tbody/tr/td/table/tbody/tr/td/div/div/table/tbody/tr/td[2]' not found

2023-04-10 09:29:53 - [MESSAGE][INFO] - Unable to find the element located by 'By.xpath: /html/body/div[1]/div[3]/div/table/tbody/tr[3]/td/table/tbody/tr/td/div/form[1]/div/table/tbody/tr/td[2]/table/tbody/tr/td/table/tbody/tr[3]/td/table/tbody/tr/td/table/tbody/tr/td/table/tbody/tr/td/div/div/table/tbody/tr/td[2]'. Please recheck the objects properties to make sure the desired element is located. 

2023-04-10 09:29:53 - [MESSAGE][WARNING] - Web element with id: 'Object Repository/2-OBJECTS TAREAS SECUNDARIAS/Pruebas Compensación/Regresion/a_registro1' located by '/html/body/div[1]/div[3]/div/table/tbody/tr[3]/td/table/tbody/tr/td/div/form[1]/div/table/tbody/tr/td[2]/table/tbody/tr/td/table/tbody/tr[3]/td/table/tbody/tr/td/table/tbody/tr/td/table/tbody/tr/td/div/div/table/tbody/tr/td[2]' not found

2023-04-10 09:29:53 - [TEST_STEP][PASSED] - if (waitForElementVisible(findTestObject("2-OBJECTS TAREAS SECUNDARIAS/Pruebas Compensación/Regresion/a_registro1"), 1)): Web element with id: 'Object Repository/2-OBJECTS TAREAS SECUNDARIAS/Pruebas Compensación/Regresion/a_registro1' located by '/html/body/div[1]/div[3]/div/table/tbody/tr[3]/td/table/tbody/tr/td/div/form[1]/div/table/tbody/tr/td[2]/table/tbody/tr/td/table/tbody/tr[3]/td/table/tbody/tr/td/table/tbody/tr/td/table/tbody/tr/td/div/div/table/tbody/tr/td[2]' not found

2023-04-10 09:29:55 - [MESSAGE][INFO] - Unable to find the element located by 'By.xpath: /html/body/div[1]/div[3]/div/table/tbody/tr[3]/td/table/tbody/tr/td/div/form[1]/div/table/tbody/tr/td[2]/table/tbody/tr/td/table/tbody/tr[3]/td/table/tbody/tr/td/table/tbody/tr/td/table/tbody/tr/td/div/div/table/tbody/tr/td[2]'. Please recheck the objects properties to make sure the desired element is located. 

2023-04-10 09:29:55 - [MESSAGE][WARNING] - Web element with id: 'Object Repository/2-OBJECTS TAREAS SECUNDARIAS/Pruebas Compensación/Regresion/a_registro1' located by '/html/body/div[1]/div[3]/div/table/tbody/tr[3]/td/table/tbody/tr/td/div/form[1]/div/table/tbody/tr/td[2]/table/tbody/tr/td/table/tbody/tr[3]/td/table/tbody/tr/td/table/tbody/tr/td/table/tbody/tr/td/div/div/table/tbody/tr/td[2]' not found

2023-04-10 09:29:55 - [TEST_STEP][PASSED] - if (Result == "EL SISTEMA HA GENERADO EL ACTO ADMINISTRATIVO CORRECTAMENTE"): Browser is closed

2023-04-10 09:29:55 - [TEST_STEP][PASSED] - Resultado = "PRUEBA OK": null

2023-04-10 09:29:55 - [TEST_STEP][PASSED] - closeBrowser(): Browser is closed

2023-04-10 09:29:56 - [MESSAGE][PASSED] - Browser is closed

2023-04-10 09:29:56 - [TEST_STEP][PASSED] - out.println(Fecha()): null

2023-04-10 09:29:56 - [TEST_STEP][PASSED] - today = new java.util.Date(): null

2023-04-10 09:29:56 - [TEST_STEP][PASSED] - Fecha = today.format("dd/MM/yyyy"): null

2023-04-10 09:29:56 - [TEST_STEP][PASSED] - FechaF = Fecha: null]]></system-out>
         <system-err><![CDATA[]]></system-err>
      </testcase>
      <system-out><![CDATA[2023-04-10 08:32:56 - [TEST_SUITE][FAILED] - 1-Tareas Principales: Test Cases/1.1-Tareas Principales/1.8.1-Seleccionar Empresa FAILED.
Reason:
com.kms.katalon.core.exception.StepFailedException: Unable to set text 'Pruebas Katalon' of object 'Object Repository/2-OBJECTS TAREAS SECUNDARIAS/Pruebas Seguridad/6.1.7-Seleccionar Empresa/input_Perfil_popupMopdulotablaBusquedaglobalFilter'
	at com.kms.katalon.core.webui.keyword.internal.WebUIKeywordMain.stepFailed(WebUIKeywordMain.groovy:64)
	at com.kms.katalon.core.webui.keyword.internal.WebUIKeywordMain.runKeyword(WebUIKeywordMain.groovy:26)
	at com.kms.katalon.core.webui.keyword.builtin.SetTextKeyword.setText(SetTextKeyword.groovy:66)
	at com.kms.katalon.core.webui.keyword.builtin.SetTextKeyword.execute(SetTextKeyword.groovy:37)
	at com.kms.katalon.core.keyword.internal.KeywordExecutor.executeKeywordForPlatform(KeywordExecutor.groovy:74)
	at com.kms.katalon.core.webui.keyword.WebUiBuiltInKeywords.setText(WebUiBuiltInKeywords.groovy:980)
	at com.kms.katalon.core.webui.keyword.WebUiBuiltInKeywords$setText$2.call(Unknown Source)
	at 1.8.1-Seleccionar Empresa.run(1.8.1-Seleccionar Empresa:114)
	at com.kms.katalon.core.main.ScriptEngine.run(ScriptEngine.java:194)
	at com.kms.katalon.core.main.ScriptEngine.runScriptAsRawText(ScriptEngine.java:119)
	at com.kms.katalon.core.main.TestCaseExecutor.runScript(TestCaseExecutor.java:448)
	at com.kms.katalon.core.main.TestCaseExecutor.doExecute(TestCaseExecutor.java:439)
	at com.kms.katalon.core.main.TestCaseExecutor.processExecutionPhase(TestCaseExecutor.java:418)
	at com.kms.katalon.core.main.TestCaseExecutor.accessMainPhase(TestCaseExecutor.java:410)
	at com.kms.katalon.core.main.TestCaseExecutor.execute(TestCaseExecutor.java:285)
	at com.kms.katalon.core.common.CommonExecutor.accessTestCaseMainPhase(CommonExecutor.java:65)
	at com.kms.katalon.core.main.TestSuiteExecutor.accessTestSuiteMainPhase(TestSuiteExecutor.java:148)
	at com.kms.katalon.core.main.TestSuiteExecutor.execute(TestSuiteExecutor.java:106)
	at com.kms.katalon.core.main.TestCaseMain.startTestSuite(TestCaseMain.java:187)
	at com.kms.katalon.core.main.TestCaseMain$startTestSuite$0.call(Unknown Source)
	at TempTestSuite1681133572502.run(TempTestSuite1681133572502.groovy:36)
Caused by: com.kms.katalon.core.webui.exception.WebElementNotFoundException: Web element with id: 'Object Repository/2-OBJECTS TAREAS SECUNDARIAS/Pruebas Seguridad/6.1.7-Seleccionar Empresa/input_Perfil_popupMopdulotablaBusquedaglobalFilter' located by '//input[@id='popupMopdulo:tablaBusqueda:globalFilter']' not found
	at com.kms.katalon.core.webui.common.WebUiCommonHelper.findWebElement(WebUiCommonHelper.java:1376)
	at com.kms.katalon.core.webui.keyword.internal.WebUIAbstractKeyword.findWebElement(WebUIAbstractKeyword.groovy:27)
	at com.kms.katalon.core.webui.keyword.internal.WebUIAbstractKeyword.findWebElement(WebUIAbstractKeyword.groovy:26)
	at com.kms.katalon.core.webui.keyword.builtin.SetTextKeyword$_setText_closure1.doCall(SetTextKeyword.groovy:51)
	at com.kms.katalon.core.webui.keyword.builtin.SetTextKeyword$_setText_closure1.call(SetTextKeyword.groovy)
	at com.kms.katalon.core.webui.keyword.internal.WebUIKeywordMain.runKeyword(WebUIKeywordMain.groovy:20)
	... 19 more]]></system-out>
      <system-err><![CDATA[2023-04-10 08:32:56 - [TEST_SUITE][FAILED] - 1-Tareas Principales: Test Cases/1.1-Tareas Principales/1.8.1-Seleccionar Empresa FAILED.
Reason:
com.kms.katalon.core.exception.StepFailedException: Unable to set text 'Pruebas Katalon' of object 'Object Repository/2-OBJECTS TAREAS SECUNDARIAS/Pruebas Seguridad/6.1.7-Seleccionar Empresa/input_Perfil_popupMopdulotablaBusquedaglobalFilter'
	at com.kms.katalon.core.webui.keyword.internal.WebUIKeywordMain.stepFailed(WebUIKeywordMain.groovy:64)
	at com.kms.katalon.core.webui.keyword.internal.WebUIKeywordMain.runKeyword(WebUIKeywordMain.groovy:26)
	at com.kms.katalon.core.webui.keyword.builtin.SetTextKeyword.setText(SetTextKeyword.groovy:66)
	at com.kms.katalon.core.webui.keyword.builtin.SetTextKeyword.execute(SetTextKeyword.groovy:37)
	at com.kms.katalon.core.keyword.internal.KeywordExecutor.executeKeywordForPlatform(KeywordExecutor.groovy:74)
	at com.kms.katalon.core.webui.keyword.WebUiBuiltInKeywords.setText(WebUiBuiltInKeywords.groovy:980)
	at com.kms.katalon.core.webui.keyword.WebUiBuiltInKeywords$setText$2.call(Unknown Source)
	at 1.8.1-Seleccionar Empresa.run(1.8.1-Seleccionar Empresa:114)
	at com.kms.katalon.core.main.ScriptEngine.run(ScriptEngine.java:194)
	at com.kms.katalon.core.main.ScriptEngine.runScriptAsRawText(ScriptEngine.java:119)
	at com.kms.katalon.core.main.TestCaseExecutor.runScript(TestCaseExecutor.java:448)
	at com.kms.katalon.core.main.TestCaseExecutor.doExecute(TestCaseExecutor.java:439)
	at com.kms.katalon.core.main.TestCaseExecutor.processExecutionPhase(TestCaseExecutor.java:418)
	at com.kms.katalon.core.main.TestCaseExecutor.accessMainPhase(TestCaseExecutor.java:410)
	at com.kms.katalon.core.main.TestCaseExecutor.execute(TestCaseExecutor.java:285)
	at com.kms.katalon.core.common.CommonExecutor.accessTestCaseMainPhase(CommonExecutor.java:65)
	at com.kms.katalon.core.main.TestSuiteExecutor.accessTestSuiteMainPhase(TestSuiteExecutor.java:148)
	at com.kms.katalon.core.main.TestSuiteExecutor.execute(TestSuiteExecutor.java:106)
	at com.kms.katalon.core.main.TestCaseMain.startTestSuite(TestCaseMain.java:187)
	at com.kms.katalon.core.main.TestCaseMain$startTestSuite$0.call(Unknown Source)
	at TempTestSuite1681133572502.run(TempTestSuite1681133572502.groovy:36)
Caused by: com.kms.katalon.core.webui.exception.WebElementNotFoundException: Web element with id: 'Object Repository/2-OBJECTS TAREAS SECUNDARIAS/Pruebas Seguridad/6.1.7-Seleccionar Empresa/input_Perfil_popupMopdulotablaBusquedaglobalFilter' located by '//input[@id='popupMopdulo:tablaBusqueda:globalFilter']' not found
	at com.kms.katalon.core.webui.common.WebUiCommonHelper.findWebElement(WebUiCommonHelper.java:1376)
	at com.kms.katalon.core.webui.keyword.internal.WebUIAbstractKeyword.findWebElement(WebUIAbstractKeyword.groovy:27)
	at com.kms.katalon.core.webui.keyword.internal.WebUIAbstractKeyword.findWebElement(WebUIAbstractKeyword.groovy:26)
	at com.kms.katalon.core.webui.keyword.builtin.SetTextKeyword$_setText_closure1.doCall(SetTextKeyword.groovy:51)
	at com.kms.katalon.core.webui.keyword.builtin.SetTextKeyword$_setText_closure1.call(SetTextKeyword.groovy)
	at com.kms.katalon.core.webui.keyword.internal.WebUIKeywordMain.runKeyword(WebUIKeywordMain.groovy:20)
	... 19 more]]></system-err>
   </testsuite>
</testsuites>
