<?xml version="1.0" encoding="UTF-8"?>
<testsuites name="5-Pruebas SST" time="618.362" tests="9" failures="9" errors="0">
   <testsuite name="5-Pruebas SST" tests="9" failures="9" errors="0" time="618.362" skipped="0" timestamp="2021-12-21 16:26:04" hostname="diego.rojas - US-AF-000371" id="Test Suites/5-Pruebas SST">
      <properties>
         <property name="deviceName" value=""/>
         <property name="devicePlatform" value=""/>
         <property name="logFolder" value="C:\\Users\\diego.rojas\\git\\Pruebas-Minimas\\Reports\\20211221_161251\\5-Pruebas SST\\20211221_161313"/>
         <property name="logFiles" value="C:\\Users\\diego.rojas\\git\\Pruebas-Minimas\\Reports\\20211221_161251\\5-Pruebas SST\\20211221_161313\\execution0.log"/>
         <property name="attachments" value="C:\\Users\\diego.rojas\\git\\Pruebas-Minimas\\Reports\\20211221_161251\\5-Pruebas SST\\20211221_161313\\1640122027128.png, C:\\Users\\diego.rojas\\git\\Pruebas-Minimas\\Reports\\20211221_161251\\5-Pruebas SST\\20211221_161313\\1640122077348.png, C:\\Users\\diego.rojas\\git\\Pruebas-Minimas\\Reports\\20211221_161251\\5-Pruebas SST\\20211221_161313\\1640122132389.png, C:\\Users\\diego.rojas\\git\\Pruebas-Minimas\\Reports\\20211221_161251\\5-Pruebas SST\\20211221_161313\\1640122195267.png, C:\\Users\\diego.rojas\\git\\Pruebas-Minimas\\Reports\\20211221_161251\\5-Pruebas SST\\20211221_161313\\1640122274197.png, C:\\Users\\diego.rojas\\git\\Pruebas-Minimas\\Reports\\20211221_161251\\5-Pruebas SST\\20211221_161313\\1640122325909.png, C:\\Users\\diego.rojas\\git\\Pruebas-Minimas\\Reports\\20211221_161251\\5-Pruebas SST\\20211221_161313\\1640122431435.png, C:\\Users\\diego.rojas\\git\\Pruebas-Minimas\\Reports\\20211221_161251\\5-Pruebas SST\\20211221_161313\\1640122488050.png, C:\\Users\\diego.rojas\\git\\Pruebas-Minimas\\Reports\\20211221_161251\\5-Pruebas SST\\20211221_161313\\1640122582494.png"/>
         <property name="hostName" value="diego.rojas - US-AF-000371"/>
         <property name="os" value="Windows 10 64bit"/>
         <property name="katalonVersion" value="8.2.0.208"/>
         <property name="browser" value="Chrome 96.0.4664.110"/>
         <property name="hostAddress" value="192.168.56.1"/>
         <property name="sessionId" value="f7f0adcc48700b00b0fcc189d99b0fe5"/>
         <property name="seleniumVersion" value="3.141.59"/>
         <property name="proxyInformation" value="ProxyInformation { proxyOption=NO_PROXY, proxyServerType=HTTP, username=, password=********, proxyServerAddress=, proxyServerPort=0, executionList=&quot;&quot;, isApplyToDesiredCapabilities=true }"/>
         <property name="platform" value="Windows 10"/>
      </properties>
      <testcase name="Test Cases/5.1-Pruebas_SST/5.1.1-Reporte_de_accidente_de_trabajo" time="62.681" classname="Test Cases/5.1-Pruebas_SST/5.1.1-Reporte_de_accidente_de_trabajo" status="FAILED">
         <failure type="FAILED" message="Test Cases/5.1-Pruebas_SST/5.1.1-Reporte_de_accidente_de_trabajo FAILED.
Reason:
com.kms.katalon.core.exception.StepFailedException: Unable to click on object 'Object Repository/Modulo Pruebas SST/Reporte_de_accidente_de_trabajo/a_Accidente'
	at com.kms.katalon.core.webui.keyword.internal.WebUIKeywordMain.stepFailed(WebUIKeywordMain.groovy:64)
	at com.kms.katalon.core.webui.keyword.internal.WebUIKeywordMain.runKeyword(WebUIKeywordMain.groovy:26)
	at com.kms.katalon.core.webui.keyword.builtin.ClickKeyword.click(ClickKeyword.groovy:74)
	at com.kms.katalon.core.webui.keyword.builtin.ClickKeyword.execute(ClickKeyword.groovy:40)
	at com.kms.katalon.core.keyword.internal.KeywordExecutor.executeKeywordForPlatform(KeywordExecutor.groovy:74)
	at com.kms.katalon.core.webui.keyword.WebUiBuiltInKeywords.click(WebUiBuiltInKeywords.groovy:620)
	at com.kms.katalon.core.webui.keyword.WebUiBuiltInKeywords$click$5.call(Unknown Source)
	at 5.1.1-Reporte_de_accidente_de_trabajo.run(5.1.1-Reporte_de_accidente_de_trabajo:62)
	at com.kms.katalon.core.main.ScriptEngine.run(ScriptEngine.java:194)
	at com.kms.katalon.core.main.ScriptEngine.runScriptAsRawText(ScriptEngine.java:119)
	at com.kms.katalon.core.main.TestCaseExecutor.runScript(TestCaseExecutor.java:442)
	at com.kms.katalon.core.main.TestCaseExecutor.doExecute(TestCaseExecutor.java:433)
	at com.kms.katalon.core.main.TestCaseExecutor.processExecutionPhase(TestCaseExecutor.java:412)
	at com.kms.katalon.core.main.TestCaseExecutor.accessMainPhase(TestCaseExecutor.java:404)
	at com.kms.katalon.core.main.TestCaseExecutor.execute(TestCaseExecutor.java:281)
	at com.kms.katalon.core.main.TestSuiteExecutor.accessTestCaseMainPhase(TestSuiteExecutor.java:202)
	at com.kms.katalon.core.main.TestSuiteExecutor.accessTestSuiteMainPhase(TestSuiteExecutor.java:164)
	at com.kms.katalon.core.main.TestSuiteExecutor.execute(TestSuiteExecutor.java:105)
	at com.kms.katalon.core.main.TestCaseMain.startTestSuite(TestCaseMain.java:181)
	at com.kms.katalon.core.main.TestCaseMain$startTestSuite$0.call(Unknown Source)
	at TempTestSuite1640121193910.run(TempTestSuite1640121193910.groovy:36)
Caused by: org.openqa.selenium.ElementClickInterceptedException: element click intercepted: Element &lt;a id=&quot;form_menuAccidentado:j_idt1625:j_idt1627:j_idt1633&quot; href=&quot;#&quot; class=&quot;ui-commandlink ui-widget&quot; onclick=&quot;PrimeFaces.ab({s:&amp;quot;form_menuAccidentado:j_idt1625:j_idt1627:j_idt1633&amp;quot;,f:&amp;quot;form_menuAccidentado&amp;quot;,u:&amp;quot;areaAplicacion&amp;quot;,onco:function(xhr,status,args,data){;}});return false;&quot; style=&quot;display: inline-block;&quot;>...&lt;/a> is not clickable at point (126, 182). Other element would receive the click: &lt;div id=&quot;popupErrorDialog:dialog_popupFoto_modal&quot; class=&quot;ui-widget-overlay ui-dialog-mask&quot; style=&quot;z-index: 1000;&quot;>&lt;/div>
  (Session info: chrome=96.0.4664.110)
Build info: version: '3.141.59', revision: 'e82be7d358', time: '2018-11-14T08:25:53'
System info: host: 'US-AF-000371', ip: '192.168.56.1', os.name: 'Windows 10', os.arch: 'amd64', os.version: '10.0', java.version: '1.8.0_282'
Driver info: com.kms.katalon.selenium.driver.CChromeDriver
Capabilities {acceptInsecureCerts: false, browserName: chrome, browserVersion: 96.0.4664.110, chrome: {chromedriverVersion: 95.0.4638.17 (a9d0719444d4b..., userDataDir: C:\Users\DIEGO~1.ROJ\AppDat...}, goog:chromeOptions: {debuggerAddress: localhost:60353}, javascriptEnabled: true, networkConnectionEnabled: false, pageLoadStrategy: normal, platform: WINDOWS, platformName: WINDOWS, proxy: Proxy(), setWindowRect: true, strictFileInteractability: false, timeouts: {implicit: 0, pageLoad: 300000, script: 30000}, unhandledPromptBehavior: dismiss and notify, webauthn:extension:credBlob: true, webauthn:extension:largeBlob: true, webauthn:virtualAuthenticators: true}
Session ID: 8013ea6d484d8810c918c6b4547b1b79
	at org.openqa.selenium.remote.http.W3CHttpResponseCodec.createException(W3CHttpResponseCodec.java:187)
	at org.openqa.selenium.remote.http.W3CHttpResponseCodec.decode(W3CHttpResponseCodec.java:122)
	at org.openqa.selenium.remote.http.W3CHttpResponseCodec.decode(W3CHttpResponseCodec.java:49)
	at org.openqa.selenium.remote.HttpCommandExecutor.execute(HttpCommandExecutor.java:158)
	at org.openqa.selenium.remote.service.DriverCommandExecutor.execute(DriverCommandExecutor.java:83)
	at org.openqa.selenium.remote.RemoteWebDriver.execute(RemoteWebDriver.java:552)
	at com.kms.katalon.selenium.driver.CChromeDriver.execute(CChromeDriver.java:19)
	at org.openqa.selenium.remote.RemoteWebElement.execute(RemoteWebElement.java:285)
	at org.openqa.selenium.remote.RemoteWebElement.click(RemoteWebElement.java:84)
	at org.openqa.selenium.support.events.EventFiringWebDriver$EventFiringWebElement.lambda$new$0(EventFiringWebDriver.java:404)
	at com.sun.proxy.$Proxy11.click(Unknown Source)
	at org.openqa.selenium.support.events.EventFiringWebDriver$EventFiringWebElement.click(EventFiringWebDriver.java:417)
	at org.openqa.selenium.WebElement$click$0.call(Unknown Source)
	at com.kms.katalon.core.webui.keyword.builtin.ClickKeyword.clickUntilSuccessWithTimeout(ClickKeyword.groovy:81)
	at com.kms.katalon.core.webui.keyword.builtin.ClickKeyword.clickUntilSuccessWithTimeout(ClickKeyword.groovy)
	at com.kms.katalon.core.webui.keyword.builtin.ClickKeyword$_click_closure1.doCall(ClickKeyword.groovy:67)
	at com.kms.katalon.core.webui.keyword.builtin.ClickKeyword$_click_closure1.call(ClickKeyword.groovy)
	at com.kms.katalon.core.webui.keyword.internal.WebUIKeywordMain.runKeyword(WebUIKeywordMain.groovy:20)
	... 19 more
"/>
         <system-out><![CDATA[2021-12-21 16:26:04 - [TEST_CASE][FAILED] - Test Cases/5.1-Pruebas_SST/5.1.1-Reporte_de_accidente_de_trabajo: Test Cases/5.1-Pruebas_SST/5.1.1-Reporte_de_accidente_de_trabajo FAILED.
Reason:
com.kms.katalon.core.exception.StepFailedException: Unable to click on object 'Object Repository/Modulo Pruebas SST/Reporte_de_accidente_de_trabajo/a_Accidente'
	at com.kms.katalon.core.webui.keyword.internal.WebUIKeywordMain.stepFailed(WebUIKeywordMain.groovy:64)
	at com.kms.katalon.core.webui.keyword.internal.WebUIKeywordMain.runKeyword(WebUIKeywordMain.groovy:26)
	at com.kms.katalon.core.webui.keyword.builtin.ClickKeyword.click(ClickKeyword.groovy:74)
	at com.kms.katalon.core.webui.keyword.builtin.ClickKeyword.execute(ClickKeyword.groovy:40)
	at com.kms.katalon.core.keyword.internal.KeywordExecutor.executeKeywordForPlatform(KeywordExecutor.groovy:74)
	at com.kms.katalon.core.webui.keyword.WebUiBuiltInKeywords.click(WebUiBuiltInKeywords.groovy:620)
	at com.kms.katalon.core.webui.keyword.WebUiBuiltInKeywords$click$5.call(Unknown Source)
	at 5.1.1-Reporte_de_accidente_de_trabajo.run(5.1.1-Reporte_de_accidente_de_trabajo:62)
	at com.kms.katalon.core.main.ScriptEngine.run(ScriptEngine.java:194)
	at com.kms.katalon.core.main.ScriptEngine.runScriptAsRawText(ScriptEngine.java:119)
	at com.kms.katalon.core.main.TestCaseExecutor.runScript(TestCaseExecutor.java:442)
	at com.kms.katalon.core.main.TestCaseExecutor.doExecute(TestCaseExecutor.java:433)
	at com.kms.katalon.core.main.TestCaseExecutor.processExecutionPhase(TestCaseExecutor.java:412)
	at com.kms.katalon.core.main.TestCaseExecutor.accessMainPhase(TestCaseExecutor.java:404)
	at com.kms.katalon.core.main.TestCaseExecutor.execute(TestCaseExecutor.java:281)
	at com.kms.katalon.core.main.TestSuiteExecutor.accessTestCaseMainPhase(TestSuiteExecutor.java:202)
	at com.kms.katalon.core.main.TestSuiteExecutor.accessTestSuiteMainPhase(TestSuiteExecutor.java:164)
	at com.kms.katalon.core.main.TestSuiteExecutor.execute(TestSuiteExecutor.java:105)
	at com.kms.katalon.core.main.TestCaseMain.startTestSuite(TestCaseMain.java:181)
	at com.kms.katalon.core.main.TestCaseMain$startTestSuite$0.call(Unknown Source)
	at TempTestSuite1640121193910.run(TempTestSuite1640121193910.groovy:36)
Caused by: org.openqa.selenium.ElementClickInterceptedException: element click intercepted: Element <a id="form_menuAccidentado:j_idt1625:j_idt1627:j_idt1633" href="#" class="ui-commandlink ui-widget" onclick="PrimeFaces.ab({s:&quot;form_menuAccidentado:j_idt1625:j_idt1627:j_idt1633&quot;,f:&quot;form_menuAccidentado&quot;,u:&quot;areaAplicacion&quot;,onco:function(xhr,status,args,data){;}});return false;" style="display: inline-block;">...</a> is not clickable at point (126, 182). Other element would receive the click: <div id="popupErrorDialog:dialog_popupFoto_modal" class="ui-widget-overlay ui-dialog-mask" style="z-index: 1000;"></div>
  (Session info: chrome=96.0.4664.110)
Build info: version: '3.141.59', revision: 'e82be7d358', time: '2018-11-14T08:25:53'
System info: host: 'US-AF-000371', ip: '192.168.56.1', os.name: 'Windows 10', os.arch: 'amd64', os.version: '10.0', java.version: '1.8.0_282'
Driver info: com.kms.katalon.selenium.driver.CChromeDriver
Capabilities {acceptInsecureCerts: false, browserName: chrome, browserVersion: 96.0.4664.110, chrome: {chromedriverVersion: 95.0.4638.17 (a9d0719444d4b..., userDataDir: C:\Users\DIEGO~1.ROJ\AppDat...}, goog:chromeOptions: {debuggerAddress: localhost:60353}, javascriptEnabled: true, networkConnectionEnabled: false, pageLoadStrategy: normal, platform: WINDOWS, platformName: WINDOWS, proxy: Proxy(), setWindowRect: true, strictFileInteractability: false, timeouts: {implicit: 0, pageLoad: 300000, script: 30000}, unhandledPromptBehavior: dismiss and notify, webauthn:extension:credBlob: true, webauthn:extension:largeBlob: true, webauthn:virtualAuthenticators: true}
Session ID: 8013ea6d484d8810c918c6b4547b1b79
	at org.openqa.selenium.remote.http.W3CHttpResponseCodec.createException(W3CHttpResponseCodec.java:187)
	at org.openqa.selenium.remote.http.W3CHttpResponseCodec.decode(W3CHttpResponseCodec.java:122)
	at org.openqa.selenium.remote.http.W3CHttpResponseCodec.decode(W3CHttpResponseCodec.java:49)
	at org.openqa.selenium.remote.HttpCommandExecutor.execute(HttpCommandExecutor.java:158)
	at org.openqa.selenium.remote.service.DriverCommandExecutor.execute(DriverCommandExecutor.java:83)
	at org.openqa.selenium.remote.RemoteWebDriver.execute(RemoteWebDriver.java:552)
	at com.kms.katalon.selenium.driver.CChromeDriver.execute(CChromeDriver.java:19)
	at org.openqa.selenium.remote.RemoteWebElement.execute(RemoteWebElement.java:285)
	at org.openqa.selenium.remote.RemoteWebElement.click(RemoteWebElement.java:84)
	at org.openqa.selenium.support.events.EventFiringWebDriver$EventFiringWebElement.lambda$new$0(EventFiringWebDriver.java:404)
	at com.sun.proxy.$Proxy11.click(Unknown Source)
	at org.openqa.selenium.support.events.EventFiringWebDriver$EventFiringWebElement.click(EventFiringWebDriver.java:417)
	at org.openqa.selenium.WebElement$click$0.call(Unknown Source)
	at com.kms.katalon.core.webui.keyword.builtin.ClickKeyword.clickUntilSuccessWithTimeout(ClickKeyword.groovy:81)
	at com.kms.katalon.core.webui.keyword.builtin.ClickKeyword.clickUntilSuccessWithTimeout(ClickKeyword.groovy)
	at com.kms.katalon.core.webui.keyword.builtin.ClickKeyword$_click_closure1.doCall(ClickKeyword.groovy:67)
	at com.kms.katalon.core.webui.keyword.builtin.ClickKeyword$_click_closure1.call(ClickKeyword.groovy)
	at com.kms.katalon.core.webui.keyword.internal.WebUIKeywordMain.runKeyword(WebUIKeywordMain.groovy:20)
	... 19 more


2021-12-21 16:26:05 - [TEST_STEP][PASSED] - callTestCase(findTestCase("0.1-Login"), [:], STOP_ON_FAILURE): Call Test Case 'Test Cases/0.1-Login' successfully

2021-12-21 16:26:05 - [TEST_CASE][PASSED] - Test Cases/0.1-Login: Test Cases/0.1-Login

2021-12-21 16:26:05 - [TEST_STEP][PASSED] - openBrowser(""): Browser is opened with url: ''

2021-12-21 16:26:06 - [MESSAGE][INFO] - Starting 'Chrome' driver

2021-12-21 16:26:06 - [MESSAGE][INFO] - Action delay is set to 0 milliseconds

2021-12-21 16:26:07 - [MESSAGE][PASSED] - Browser is opened with url: ''

2021-12-21 16:26:07 - [TEST_STEP][PASSED] - maximizeWindow(): Current window maximized

2021-12-21 16:26:08 - [MESSAGE][PASSED] - Current window maximized

2021-12-21 16:26:08 - [TEST_STEP][PASSED] - i = G_Login: null

2021-12-21 16:26:08 - [TEST_STEP][PASSED] - url = new java.net.URL(i): null

2021-12-21 16:26:08 - [TEST_STEP][PASSED] - println("URL: " + url.toString()): null

2021-12-21 16:26:08 - [TEST_STEP][PASSED] - connection = url.openConnection(): null

2021-12-21 16:26:08 - [TEST_STEP][PASSED] - connection.setRequestMethod("GET"): null

2021-12-21 16:26:08 - [TEST_STEP][PASSED] - connection.setReadTimeout(2 * 1000): null

2021-12-21 16:26:08 - [TEST_STEP][PASSED] - try: null

2021-12-21 16:26:08 - [TEST_STEP][PASSED] - connection.connect(): null

2021-12-21 16:26:08 - [TEST_STEP][PASSED] - flag = connected: null

2021-12-21 16:26:08 - [TEST_STEP][PASSED] - println("Valor_ori: " + flag): null

2021-12-21 16:26:08 - [TEST_STEP][PASSED] - if (flag): null

2021-12-21 16:26:08 - [TEST_STEP][PASSED] - navigateToUrl(i): Navigate to 'http://192.168.2.80:8380/saraweb' successfully

2021-12-21 16:26:08 - [MESSAGE][PASSED] - Navigate to 'http://192.168.2.80:8380/saraweb' successfully

2021-12-21 16:26:08 - [TEST_STEP][PASSED] - a(): null

2021-12-21 16:26:08 - [TEST_STEP][PASSED] - setText(findTestObject("Login/input_USUARIO_loginusuario"), G_Usuario): Text 'saraadmin' is set on object 'Object Repository/Login/input_USUARIO_loginusuario'

2021-12-21 16:26:09 - [MESSAGE][PASSED] - Text 'saraadmin' is set on object 'Object Repository/Login/input_USUARIO_loginusuario'

2021-12-21 16:26:09 - [TEST_STEP][PASSED] - setEncryptedText(findTestObject("Login/input_CLAVE_loginpassword"), "MkG4/TYiCFC3cb2driP7+Q=="): Text ****** has been set on object 'Object Repository/Login/input_CLAVE_loginpassword'

2021-12-21 16:26:10 - [MESSAGE][PASSED] - Text ****** has been set on object 'Object Repository/Login/input_CLAVE_loginpassword'

2021-12-21 16:26:10 - [TEST_STEP][PASSED] - waitForElementClickable(findTestObject("Login/a_Ingresar"), G_TimeOut): Object 'Object Repository/Login/a_Ingresar' is clickable

2021-12-21 16:26:10 - [MESSAGE][PASSED] - Object 'Object Repository/Login/a_Ingresar' is clickable

2021-12-21 16:26:10 - [TEST_STEP][PASSED] - click(findTestObject("Login/a_Ingresar")): Object: 'Object Repository/Login/a_Ingresar' is clicked on

2021-12-21 16:26:12 - [MESSAGE][PASSED] - Object: 'Object Repository/Login/a_Ingresar' is clicked on

2021-12-21 16:26:12 - [TEST_STEP][PASSED] - element = findWebElement(findTestObject("Login/a_Ir"), 30): null

2021-12-21 16:26:12 - [TEST_STEP][PASSED] - executeJavaScript("arguments[0].click()", Arrays.asList(element)): Execute JavaScript 'arguments[0].click()' successfully

2021-12-21 16:26:12 - [MESSAGE][PASSED] - Execute JavaScript 'arguments[0].click()' successfully

2021-12-21 16:26:12 - [MESSAGE][PASSED] - Call Test Case 'Test Cases/0.1-Login' successfully

2021-12-21 16:26:12 - [TEST_STEP][PASSED] - setText(findTestObject("Modulo Pruebas SST/Reporte_de_accidente_de_trabajo/input_ADMINISTRADOR DEL SISTEMA - SARA_form_templatej_idt24_input"), "Informe accidente de trabajo"): Text 'Informe accidente de trabajo' is set on object 'Object Repository/Modulo Pruebas SST/Reporte_de_accidente_de_trabajo/input_ADMINISTRADOR DEL SISTEMA - SARA_form_templatej_idt24_input'

2021-12-21 16:26:14 - [MESSAGE][PASSED] - Text 'Informe accidente de trabajo' is set on object 'Object Repository/Modulo Pruebas SST/Reporte_de_accidente_de_trabajo/input_ADMINISTRADOR DEL SISTEMA - SARA_form_templatej_idt24_input'

2021-12-21 16:26:14 - [TEST_STEP][PASSED] - click(findTestObject("Modulo Pruebas SST/Reporte_de_accidente_de_trabajo/li_Informe Accidente de Trabajo (sst)")): Object: 'Object Repository/Modulo Pruebas SST/Reporte_de_accidente_de_trabajo/li_Informe Accidente de Trabajo (sst)' is clicked on

2021-12-21 16:26:15 - [MESSAGE][PASSED] - Object: 'Object Repository/Modulo Pruebas SST/Reporte_de_accidente_de_trabajo/li_Informe Accidente de Trabajo (sst)' is clicked on

2021-12-21 16:26:15 - [TEST_STEP][PASSED] - if (waitForElementPresent(findTestObject("Modulo Pruebas SST/Reporte_de_accidente_de_trabajo/span_Prueba"), 1)): null

2021-12-21 16:26:20 - [MESSAGE][PASSED] - Object 'Object Repository/Modulo Pruebas SST/Reporte_de_accidente_de_trabajo/span_Prueba' is present

2021-12-21 16:26:20 - [TEST_STEP][PASSED] - click(findTestObject("Modulo Pruebas SST/Reporte_de_accidente_de_trabajo/span_Prueba")): Object: 'Object Repository/Modulo Pruebas SST/Reporte_de_accidente_de_trabajo/span_Prueba' is clicked on

2021-12-21 16:26:20 - [MESSAGE][PASSED] - Object: 'Object Repository/Modulo Pruebas SST/Reporte_de_accidente_de_trabajo/span_Prueba' is clicked on

2021-12-21 16:26:20 - [TEST_STEP][PASSED] - click(findTestObject("Modulo Pruebas SST/Reporte_de_accidente_de_trabajo/a_Recomendaciones_Eliminar")): Object: 'Object Repository/Modulo Pruebas SST/Reporte_de_accidente_de_trabajo/a_Recomendaciones_Eliminar' is clicked on

2021-12-21 16:26:21 - [MESSAGE][PASSED] - Object: 'Object Repository/Modulo Pruebas SST/Reporte_de_accidente_de_trabajo/a_Recomendaciones_Eliminar' is clicked on

2021-12-21 16:26:21 - [TEST_STEP][PASSED] - if (waitForElementPresent(findTestObject("Modulo Pruebas SST/Reporte_de_accidente_de_trabajo/span_Camine con Precaucin_eliminar"), 1)): null

2021-12-21 16:26:22 - [MESSAGE][PASSED] - Object 'Object Repository/Modulo Pruebas SST/Reporte_de_accidente_de_trabajo/span_Camine con Precaucin_eliminar' is present

2021-12-21 16:26:22 - [TEST_STEP][PASSED] - click(findTestObject("Modulo Pruebas SST/Reporte_de_accidente_de_trabajo/span_Camine con Precaucin_eliminar")): Object: 'Object Repository/Modulo Pruebas SST/Reporte_de_accidente_de_trabajo/span_Camine con Precaucin_eliminar' is clicked on

2021-12-21 16:26:23 - [MESSAGE][PASSED] - Object: 'Object Repository/Modulo Pruebas SST/Reporte_de_accidente_de_trabajo/span_Camine con Precaucin_eliminar' is clicked on

2021-12-21 16:26:23 - [TEST_STEP][PASSED] - click(findTestObject("Modulo Pruebas SST/Reporte_de_accidente_de_trabajo/a_Eliminar0")): Object: 'Object Repository/Modulo Pruebas SST/Reporte_de_accidente_de_trabajo/a_Eliminar0' is clicked on

2021-12-21 16:26:24 - [MESSAGE][PASSED] - Object: 'Object Repository/Modulo Pruebas SST/Reporte_de_accidente_de_trabajo/a_Eliminar0' is clicked on

2021-12-21 16:26:24 - [TEST_STEP][PASSED] - click(findTestObject("Modulo Pruebas SST/Reporte_de_accidente_de_trabajo/a_Aceptar_Eliminar0")): Object: 'Object Repository/Modulo Pruebas SST/Reporte_de_accidente_de_trabajo/a_Aceptar_Eliminar0' is clicked on

2021-12-21 16:26:25 - [MESSAGE][PASSED] - Object: 'Object Repository/Modulo Pruebas SST/Reporte_de_accidente_de_trabajo/a_Aceptar_Eliminar0' is clicked on

2021-12-21 16:26:25 - [TEST_STEP][PASSED] - click(findTestObject("Modulo Pruebas SST/Reporte_de_accidente_de_trabajo/a_Testigo_Eliminar")): Object: 'Object Repository/Modulo Pruebas SST/Reporte_de_accidente_de_trabajo/a_Testigo_Eliminar' is clicked on

2021-12-21 16:26:26 - [MESSAGE][PASSED] - Object: 'Object Repository/Modulo Pruebas SST/Reporte_de_accidente_de_trabajo/a_Testigo_Eliminar' is clicked on

2021-12-21 16:26:26 - [TEST_STEP][PASSED] - if (waitForElementPresent(findTestObject("Modulo Pruebas SST/Reporte_de_accidente_de_trabajo/td_DIAZ BLANCO GUISELL"), 1)): null

2021-12-21 16:26:26 - [MESSAGE][PASSED] - Object 'Object Repository/Modulo Pruebas SST/Reporte_de_accidente_de_trabajo/td_DIAZ BLANCO GUISELL' is present

2021-12-21 16:26:26 - [TEST_STEP][PASSED] - click(findTestObject("Modulo Pruebas SST/Reporte_de_accidente_de_trabajo/td_DIAZ BLANCO GUISELL")): Object: 'Object Repository/Modulo Pruebas SST/Reporte_de_accidente_de_trabajo/td_DIAZ BLANCO GUISELL' is clicked on

2021-12-21 16:26:27 - [MESSAGE][PASSED] - Object: 'Object Repository/Modulo Pruebas SST/Reporte_de_accidente_de_trabajo/td_DIAZ BLANCO GUISELL' is clicked on

2021-12-21 16:26:27 - [TEST_STEP][PASSED] - click(findTestObject("Modulo Pruebas SST/Reporte_de_accidente_de_trabajo/a_Eliminar1")): Object: 'Object Repository/Modulo Pruebas SST/Reporte_de_accidente_de_trabajo/a_Eliminar1' is clicked on

2021-12-21 16:26:27 - [MESSAGE][PASSED] - Object: 'Object Repository/Modulo Pruebas SST/Reporte_de_accidente_de_trabajo/a_Eliminar1' is clicked on

2021-12-21 16:26:27 - [TEST_STEP][PASSED] - click(findTestObject("Modulo Pruebas SST/Reporte_de_accidente_de_trabajo/a_Aceptar_Eliminar1")): Object: 'Object Repository/Modulo Pruebas SST/Reporte_de_accidente_de_trabajo/a_Aceptar_Eliminar1' is clicked on

2021-12-21 16:26:28 - [MESSAGE][PASSED] - Object: 'Object Repository/Modulo Pruebas SST/Reporte_de_accidente_de_trabajo/a_Aceptar_Eliminar1' is clicked on

2021-12-21 16:26:28 - [TEST_STEP][PASSED] - click(findTestObject("Modulo Pruebas SST/Reporte_de_accidente_de_trabajo/a_Accidentado_Eliminar")): Object: 'Object Repository/Modulo Pruebas SST/Reporte_de_accidente_de_trabajo/a_Accidentado_Eliminar' is clicked on

2021-12-21 16:26:29 - [MESSAGE][PASSED] - Object: 'Object Repository/Modulo Pruebas SST/Reporte_de_accidente_de_trabajo/a_Accidentado_Eliminar' is clicked on

2021-12-21 16:26:29 - [TEST_STEP][PASSED] - if (waitForElementPresent(findTestObject("Modulo Pruebas SST/Reporte_de_accidente_de_trabajo/span_DIAZ BLANCO GUISELL_Eliminar"), 1)): null

2021-12-21 16:26:30 - [MESSAGE][PASSED] - Object 'Object Repository/Modulo Pruebas SST/Reporte_de_accidente_de_trabajo/span_DIAZ BLANCO GUISELL_Eliminar' is present

2021-12-21 16:26:30 - [TEST_STEP][PASSED] - click(findTestObject("Modulo Pruebas SST/Reporte_de_accidente_de_trabajo/span_DIAZ BLANCO GUISELL_Eliminar")): Object: 'Object Repository/Modulo Pruebas SST/Reporte_de_accidente_de_trabajo/span_DIAZ BLANCO GUISELL_Eliminar' is clicked on

2021-12-21 16:26:30 - [MESSAGE][PASSED] - Object: 'Object Repository/Modulo Pruebas SST/Reporte_de_accidente_de_trabajo/span_DIAZ BLANCO GUISELL_Eliminar' is clicked on

2021-12-21 16:26:30 - [TEST_STEP][PASSED] - click(findTestObject("Modulo Pruebas SST/Reporte_de_accidente_de_trabajo/a_Eliminar2")): Object: 'Object Repository/Modulo Pruebas SST/Reporte_de_accidente_de_trabajo/a_Eliminar2' is clicked on

2021-12-21 16:26:31 - [MESSAGE][PASSED] - Object: 'Object Repository/Modulo Pruebas SST/Reporte_de_accidente_de_trabajo/a_Eliminar2' is clicked on

2021-12-21 16:26:31 - [TEST_STEP][PASSED] - click(findTestObject("Modulo Pruebas SST/Reporte_de_accidente_de_trabajo/a_Aceptar_Eliminar2")): Object: 'Object Repository/Modulo Pruebas SST/Reporte_de_accidente_de_trabajo/a_Aceptar_Eliminar2' is clicked on

2021-12-21 16:26:33 - [MESSAGE][PASSED] - Object: 'Object Repository/Modulo Pruebas SST/Reporte_de_accidente_de_trabajo/a_Aceptar_Eliminar2' is clicked on

2021-12-21 16:26:33 - [TEST_STEP][FAILED] - click(findTestObject("Modulo Pruebas SST/Reporte_de_accidente_de_trabajo/a_Accidente")): Unable to click on object 'Object Repository/Modulo Pruebas SST/Reporte_de_accidente_de_trabajo/a_Accidente' (Root cause: com.kms.katalon.core.exception.StepFailedException: Unable to click on object 'Object Repository/Modulo Pruebas SST/Reporte_de_accidente_de_trabajo/a_Accidente'
	at com.kms.katalon.core.webui.keyword.internal.WebUIKeywordMain.stepFailed(WebUIKeywordMain.groovy:64)
	at com.kms.katalon.core.webui.keyword.internal.WebUIKeywordMain.runKeyword(WebUIKeywordMain.groovy:26)
	at com.kms.katalon.core.webui.keyword.builtin.ClickKeyword.click(ClickKeyword.groovy:74)
	at com.kms.katalon.core.webui.keyword.builtin.ClickKeyword.execute(ClickKeyword.groovy:40)
	at com.kms.katalon.core.keyword.internal.KeywordExecutor.executeKeywordForPlatform(KeywordExecutor.groovy:74)
	at com.kms.katalon.core.webui.keyword.WebUiBuiltInKeywords.click(WebUiBuiltInKeywords.groovy:620)
	at com.kms.katalon.core.webui.keyword.WebUiBuiltInKeywords$click$5.call(Unknown Source)
	at 5.1.1-Reporte_de_accidente_de_trabajo.run(5.1.1-Reporte_de_accidente_de_trabajo:62)
	at com.kms.katalon.core.main.ScriptEngine.run(ScriptEngine.java:194)
	at com.kms.katalon.core.main.ScriptEngine.runScriptAsRawText(ScriptEngine.java:119)
	at com.kms.katalon.core.main.TestCaseExecutor.runScript(TestCaseExecutor.java:442)
	at com.kms.katalon.core.main.TestCaseExecutor.doExecute(TestCaseExecutor.java:433)
	at com.kms.katalon.core.main.TestCaseExecutor.processExecutionPhase(TestCaseExecutor.java:412)
	at com.kms.katalon.core.main.TestCaseExecutor.accessMainPhase(TestCaseExecutor.java:404)
	at com.kms.katalon.core.main.TestCaseExecutor.execute(TestCaseExecutor.java:281)
	at com.kms.katalon.core.main.TestSuiteExecutor.accessTestCaseMainPhase(TestSuiteExecutor.java:202)
	at com.kms.katalon.core.main.TestSuiteExecutor.accessTestSuiteMainPhase(TestSuiteExecutor.java:164)
	at com.kms.katalon.core.main.TestSuiteExecutor.execute(TestSuiteExecutor.java:105)
	at com.kms.katalon.core.main.TestCaseMain.startTestSuite(TestCaseMain.java:181)
	at com.kms.katalon.core.main.TestCaseMain$startTestSuite$0.call(Unknown Source)
	at TempTestSuite1640121193910.run(TempTestSuite1640121193910.groovy:36)
Caused by: org.openqa.selenium.ElementClickInterceptedException: element click intercepted: Element <a id="form_menuAccidentado:j_idt1625:j_idt1627:j_idt1633" href="#" class="ui-commandlink ui-widget" onclick="PrimeFaces.ab({s:&quot;form_menuAccidentado:j_idt1625:j_idt1627:j_idt1633&quot;,f:&quot;form_menuAccidentado&quot;,u:&quot;areaAplicacion&quot;,onco:function(xhr,status,args,data){;}});return false;" style="display: inline-block;">...</a> is not clickable at point (126, 182). Other element would receive the click: <div id="popupErrorDialog:dialog_popupFoto_modal" class="ui-widget-overlay ui-dialog-mask" style="z-index: 1000;"></div>
  (Session info: chrome=96.0.4664.110)
Build info: version: '3.141.59', revision: 'e82be7d358', time: '2018-11-14T08:25:53'
System info: host: 'US-AF-000371', ip: '192.168.56.1', os.name: 'Windows 10', os.arch: 'amd64', os.version: '10.0', java.version: '1.8.0_282'
Driver info: com.kms.katalon.selenium.driver.CChromeDriver
Capabilities {acceptInsecureCerts: false, browserName: chrome, browserVersion: 96.0.4664.110, chrome: {chromedriverVersion: 95.0.4638.17 (a9d0719444d4b..., userDataDir: C:\Users\DIEGO~1.ROJ\AppDat...}, goog:chromeOptions: {debuggerAddress: localhost:60353}, javascriptEnabled: true, networkConnectionEnabled: false, pageLoadStrategy: normal, platform: WINDOWS, platformName: WINDOWS, proxy: Proxy(), setWindowRect: true, strictFileInteractability: false, timeouts: {implicit: 0, pageLoad: 300000, script: 30000}, unhandledPromptBehavior: dismiss and notify, webauthn:extension:credBlob: true, webauthn:extension:largeBlob: true, webauthn:virtualAuthenticators: true}
Session ID: 8013ea6d484d8810c918c6b4547b1b79
	at org.openqa.selenium.remote.http.W3CHttpResponseCodec.createException(W3CHttpResponseCodec.java:187)
	at org.openqa.selenium.remote.http.W3CHttpResponseCodec.decode(W3CHttpResponseCodec.java:122)
	at org.openqa.selenium.remote.http.W3CHttpResponseCodec.decode(W3CHttpResponseCodec.java:49)
	at org.openqa.selenium.remote.HttpCommandExecutor.execute(HttpCommandExecutor.java:158)
	at org.openqa.selenium.remote.service.DriverCommandExecutor.execute(DriverCommandExecutor.java:83)
	at org.openqa.selenium.remote.RemoteWebDriver.execute(RemoteWebDriver.java:552)
	at com.kms.katalon.selenium.driver.CChromeDriver.execute(CChromeDriver.java:19)
	at org.openqa.selenium.remote.RemoteWebElement.execute(RemoteWebElement.java:285)
	at org.openqa.selenium.remote.RemoteWebElement.click(RemoteWebElement.java:84)
	at org.openqa.selenium.support.events.EventFiringWebDriver$EventFiringWebElement.lambda$new$0(EventFiringWebDriver.java:404)
	at com.sun.proxy.$Proxy11.click(Unknown Source)
	at org.openqa.selenium.support.events.EventFiringWebDriver$EventFiringWebElement.click(EventFiringWebDriver.java:417)
	at org.openqa.selenium.WebElement$click$0.call(Unknown Source)
	at com.kms.katalon.core.webui.keyword.builtin.ClickKeyword.clickUntilSuccessWithTimeout(ClickKeyword.groovy:81)
	at com.kms.katalon.core.webui.keyword.builtin.ClickKeyword.clickUntilSuccessWithTimeout(ClickKeyword.groovy)
	at com.kms.katalon.core.webui.keyword.builtin.ClickKeyword$_click_closure1.doCall(ClickKeyword.groovy:67)
	at com.kms.katalon.core.webui.keyword.builtin.ClickKeyword$_click_closure1.call(ClickKeyword.groovy)
	at com.kms.katalon.core.webui.keyword.internal.WebUIKeywordMain.runKeyword(WebUIKeywordMain.groovy:20)
	at com.kms.katalon.core.webui.keyword.builtin.ClickKeyword.click(ClickKeyword.groovy:74)
	at com.kms.katalon.core.webui.keyword.builtin.ClickKeyword.execute(ClickKeyword.groovy:40)
	at com.kms.katalon.core.keyword.internal.KeywordExecutor.executeKeywordForPlatform(KeywordExecutor.groovy:74)
	at com.kms.katalon.core.webui.keyword.WebUiBuiltInKeywords.click(WebUiBuiltInKeywords.groovy:620)
	at com.kms.katalon.core.webui.keyword.WebUiBuiltInKeywords$click$5.call(Unknown Source)
	at Script1637609109922.run(Script1637609109922.groovy:62)
	... 13 more
)

2021-12-21 16:27:07 - [MESSAGE][FAILED] - Unable to click on object 'Object Repository/Modulo Pruebas SST/Reporte_de_accidente_de_trabajo/a_Accidente' (Root cause: com.kms.katalon.core.exception.StepFailedException: Unable to click on object 'Object Repository/Modulo Pruebas SST/Reporte_de_accidente_de_trabajo/a_Accidente'
	at com.kms.katalon.core.webui.keyword.internal.WebUIKeywordMain.stepFailed(WebUIKeywordMain.groovy:64)
	at com.kms.katalon.core.webui.keyword.internal.WebUIKeywordMain.runKeyword(WebUIKeywordMain.groovy:26)
	at com.kms.katalon.core.webui.keyword.builtin.ClickKeyword.click(ClickKeyword.groovy:74)
	at com.kms.katalon.core.webui.keyword.builtin.ClickKeyword.execute(ClickKeyword.groovy:40)
	at com.kms.katalon.core.keyword.internal.KeywordExecutor.executeKeywordForPlatform(KeywordExecutor.groovy:74)
	at com.kms.katalon.core.webui.keyword.WebUiBuiltInKeywords.click(WebUiBuiltInKeywords.groovy:620)
	at com.kms.katalon.core.webui.keyword.WebUiBuiltInKeywords$click$5.call(Unknown Source)
	at 5.1.1-Reporte_de_accidente_de_trabajo.run(5.1.1-Reporte_de_accidente_de_trabajo:62)
	at com.kms.katalon.core.main.ScriptEngine.run(ScriptEngine.java:194)
	at com.kms.katalon.core.main.ScriptEngine.runScriptAsRawText(ScriptEngine.java:119)
	at com.kms.katalon.core.main.TestCaseExecutor.runScript(TestCaseExecutor.java:442)
	at com.kms.katalon.core.main.TestCaseExecutor.doExecute(TestCaseExecutor.java:433)
	at com.kms.katalon.core.main.TestCaseExecutor.processExecutionPhase(TestCaseExecutor.java:412)
	at com.kms.katalon.core.main.TestCaseExecutor.accessMainPhase(TestCaseExecutor.java:404)
	at com.kms.katalon.core.main.TestCaseExecutor.execute(TestCaseExecutor.java:281)
	at com.kms.katalon.core.main.TestSuiteExecutor.accessTestCaseMainPhase(TestSuiteExecutor.java:202)
	at com.kms.katalon.core.main.TestSuiteExecutor.accessTestSuiteMainPhase(TestSuiteExecutor.java:164)
	at com.kms.katalon.core.main.TestSuiteExecutor.execute(TestSuiteExecutor.java:105)
	at com.kms.katalon.core.main.TestCaseMain.startTestSuite(TestCaseMain.java:181)
	at com.kms.katalon.core.main.TestCaseMain$startTestSuite$0.call(Unknown Source)
	at TempTestSuite1640121193910.run(TempTestSuite1640121193910.groovy:36)
Caused by: org.openqa.selenium.ElementClickInterceptedException: element click intercepted: Element <a id="form_menuAccidentado:j_idt1625:j_idt1627:j_idt1633" href="#" class="ui-commandlink ui-widget" onclick="PrimeFaces.ab({s:&quot;form_menuAccidentado:j_idt1625:j_idt1627:j_idt1633&quot;,f:&quot;form_menuAccidentado&quot;,u:&quot;areaAplicacion&quot;,onco:function(xhr,status,args,data){;}});return false;" style="display: inline-block;">...</a> is not clickable at point (126, 182). Other element would receive the click: <div id="popupErrorDialog:dialog_popupFoto_modal" class="ui-widget-overlay ui-dialog-mask" style="z-index: 1000;"></div>
  (Session info: chrome=96.0.4664.110)
Build info: version: '3.141.59', revision: 'e82be7d358', time: '2018-11-14T08:25:53'
System info: host: 'US-AF-000371', ip: '192.168.56.1', os.name: 'Windows 10', os.arch: 'amd64', os.version: '10.0', java.version: '1.8.0_282'
Driver info: com.kms.katalon.selenium.driver.CChromeDriver
Capabilities {acceptInsecureCerts: false, browserName: chrome, browserVersion: 96.0.4664.110, chrome: {chromedriverVersion: 95.0.4638.17 (a9d0719444d4b..., userDataDir: C:\Users\DIEGO~1.ROJ\AppDat...}, goog:chromeOptions: {debuggerAddress: localhost:60353}, javascriptEnabled: true, networkConnectionEnabled: false, pageLoadStrategy: normal, platform: WINDOWS, platformName: WINDOWS, proxy: Proxy(), setWindowRect: true, strictFileInteractability: false, timeouts: {implicit: 0, pageLoad: 300000, script: 30000}, unhandledPromptBehavior: dismiss and notify, webauthn:extension:credBlob: true, webauthn:extension:largeBlob: true, webauthn:virtualAuthenticators: true}
Session ID: 8013ea6d484d8810c918c6b4547b1b79
	at org.openqa.selenium.remote.http.W3CHttpResponseCodec.createException(W3CHttpResponseCodec.java:187)
	at org.openqa.selenium.remote.http.W3CHttpResponseCodec.decode(W3CHttpResponseCodec.java:122)
	at org.openqa.selenium.remote.http.W3CHttpResponseCodec.decode(W3CHttpResponseCodec.java:49)
	at org.openqa.selenium.remote.HttpCommandExecutor.execute(HttpCommandExecutor.java:158)
	at org.openqa.selenium.remote.service.DriverCommandExecutor.execute(DriverCommandExecutor.java:83)
	at org.openqa.selenium.remote.RemoteWebDriver.execute(RemoteWebDriver.java:552)
	at com.kms.katalon.selenium.driver.CChromeDriver.execute(CChromeDriver.java:19)
	at org.openqa.selenium.remote.RemoteWebElement.execute(RemoteWebElement.java:285)
	at org.openqa.selenium.remote.RemoteWebElement.click(RemoteWebElement.java:84)
	at org.openqa.selenium.support.events.EventFiringWebDriver$EventFiringWebElement.lambda$new$0(EventFiringWebDriver.java:404)
	at com.sun.proxy.$Proxy11.click(Unknown Source)
	at org.openqa.selenium.support.events.EventFiringWebDriver$EventFiringWebElement.click(EventFiringWebDriver.java:417)
	at org.openqa.selenium.WebElement$click$0.call(Unknown Source)
	at com.kms.katalon.core.webui.keyword.builtin.ClickKeyword.clickUntilSuccessWithTimeout(ClickKeyword.groovy:81)
	at com.kms.katalon.core.webui.keyword.builtin.ClickKeyword.clickUntilSuccessWithTimeout(ClickKeyword.groovy)
	at com.kms.katalon.core.webui.keyword.builtin.ClickKeyword$_click_closure1.doCall(ClickKeyword.groovy:67)
	at com.kms.katalon.core.webui.keyword.builtin.ClickKeyword$_click_closure1.call(ClickKeyword.groovy)
	at com.kms.katalon.core.webui.keyword.internal.WebUIKeywordMain.runKeyword(WebUIKeywordMain.groovy:20)
	at com.kms.katalon.core.webui.keyword.builtin.ClickKeyword.click(ClickKeyword.groovy:74)
	at com.kms.katalon.core.webui.keyword.builtin.ClickKeyword.execute(ClickKeyword.groovy:40)
	at com.kms.katalon.core.keyword.internal.KeywordExecutor.executeKeywordForPlatform(KeywordExecutor.groovy:74)
	at com.kms.katalon.core.webui.keyword.WebUiBuiltInKeywords.click(WebUiBuiltInKeywords.groovy:620)
	at com.kms.katalon.core.webui.keyword.WebUiBuiltInKeywords$click$5.call(Unknown Source)
	at Script1637609109922.run(Script1637609109922.groovy:62)
	... 13 more
)
[[ATTACHMENT|C:\\Users\\diego.rojas\\git\\Pruebas-Minimas\\Reports\\20211221_161251\\5-Pruebas SST\\20211221_161313\\1640122027128.png]]]]></system-out>
         <system-err><![CDATA[2021-12-21 16:26:04 - [TEST_CASE][FAILED] - Test Cases/5.1-Pruebas_SST/5.1.1-Reporte_de_accidente_de_trabajo: Test Cases/5.1-Pruebas_SST/5.1.1-Reporte_de_accidente_de_trabajo FAILED.
Reason:
com.kms.katalon.core.exception.StepFailedException: Unable to click on object 'Object Repository/Modulo Pruebas SST/Reporte_de_accidente_de_trabajo/a_Accidente'
	at com.kms.katalon.core.webui.keyword.internal.WebUIKeywordMain.stepFailed(WebUIKeywordMain.groovy:64)
	at com.kms.katalon.core.webui.keyword.internal.WebUIKeywordMain.runKeyword(WebUIKeywordMain.groovy:26)
	at com.kms.katalon.core.webui.keyword.builtin.ClickKeyword.click(ClickKeyword.groovy:74)
	at com.kms.katalon.core.webui.keyword.builtin.ClickKeyword.execute(ClickKeyword.groovy:40)
	at com.kms.katalon.core.keyword.internal.KeywordExecutor.executeKeywordForPlatform(KeywordExecutor.groovy:74)
	at com.kms.katalon.core.webui.keyword.WebUiBuiltInKeywords.click(WebUiBuiltInKeywords.groovy:620)
	at com.kms.katalon.core.webui.keyword.WebUiBuiltInKeywords$click$5.call(Unknown Source)
	at 5.1.1-Reporte_de_accidente_de_trabajo.run(5.1.1-Reporte_de_accidente_de_trabajo:62)
	at com.kms.katalon.core.main.ScriptEngine.run(ScriptEngine.java:194)
	at com.kms.katalon.core.main.ScriptEngine.runScriptAsRawText(ScriptEngine.java:119)
	at com.kms.katalon.core.main.TestCaseExecutor.runScript(TestCaseExecutor.java:442)
	at com.kms.katalon.core.main.TestCaseExecutor.doExecute(TestCaseExecutor.java:433)
	at com.kms.katalon.core.main.TestCaseExecutor.processExecutionPhase(TestCaseExecutor.java:412)
	at com.kms.katalon.core.main.TestCaseExecutor.accessMainPhase(TestCaseExecutor.java:404)
	at com.kms.katalon.core.main.TestCaseExecutor.execute(TestCaseExecutor.java:281)
	at com.kms.katalon.core.main.TestSuiteExecutor.accessTestCaseMainPhase(TestSuiteExecutor.java:202)
	at com.kms.katalon.core.main.TestSuiteExecutor.accessTestSuiteMainPhase(TestSuiteExecutor.java:164)
	at com.kms.katalon.core.main.TestSuiteExecutor.execute(TestSuiteExecutor.java:105)
	at com.kms.katalon.core.main.TestCaseMain.startTestSuite(TestCaseMain.java:181)
	at com.kms.katalon.core.main.TestCaseMain$startTestSuite$0.call(Unknown Source)
	at TempTestSuite1640121193910.run(TempTestSuite1640121193910.groovy:36)
Caused by: org.openqa.selenium.ElementClickInterceptedException: element click intercepted: Element <a id="form_menuAccidentado:j_idt1625:j_idt1627:j_idt1633" href="#" class="ui-commandlink ui-widget" onclick="PrimeFaces.ab({s:&quot;form_menuAccidentado:j_idt1625:j_idt1627:j_idt1633&quot;,f:&quot;form_menuAccidentado&quot;,u:&quot;areaAplicacion&quot;,onco:function(xhr,status,args,data){;}});return false;" style="display: inline-block;">...</a> is not clickable at point (126, 182). Other element would receive the click: <div id="popupErrorDialog:dialog_popupFoto_modal" class="ui-widget-overlay ui-dialog-mask" style="z-index: 1000;"></div>
  (Session info: chrome=96.0.4664.110)
Build info: version: '3.141.59', revision: 'e82be7d358', time: '2018-11-14T08:25:53'
System info: host: 'US-AF-000371', ip: '192.168.56.1', os.name: 'Windows 10', os.arch: 'amd64', os.version: '10.0', java.version: '1.8.0_282'
Driver info: com.kms.katalon.selenium.driver.CChromeDriver
Capabilities {acceptInsecureCerts: false, browserName: chrome, browserVersion: 96.0.4664.110, chrome: {chromedriverVersion: 95.0.4638.17 (a9d0719444d4b..., userDataDir: C:\Users\DIEGO~1.ROJ\AppDat...}, goog:chromeOptions: {debuggerAddress: localhost:60353}, javascriptEnabled: true, networkConnectionEnabled: false, pageLoadStrategy: normal, platform: WINDOWS, platformName: WINDOWS, proxy: Proxy(), setWindowRect: true, strictFileInteractability: false, timeouts: {implicit: 0, pageLoad: 300000, script: 30000}, unhandledPromptBehavior: dismiss and notify, webauthn:extension:credBlob: true, webauthn:extension:largeBlob: true, webauthn:virtualAuthenticators: true}
Session ID: 8013ea6d484d8810c918c6b4547b1b79
	at org.openqa.selenium.remote.http.W3CHttpResponseCodec.createException(W3CHttpResponseCodec.java:187)
	at org.openqa.selenium.remote.http.W3CHttpResponseCodec.decode(W3CHttpResponseCodec.java:122)
	at org.openqa.selenium.remote.http.W3CHttpResponseCodec.decode(W3CHttpResponseCodec.java:49)
	at org.openqa.selenium.remote.HttpCommandExecutor.execute(HttpCommandExecutor.java:158)
	at org.openqa.selenium.remote.service.DriverCommandExecutor.execute(DriverCommandExecutor.java:83)
	at org.openqa.selenium.remote.RemoteWebDriver.execute(RemoteWebDriver.java:552)
	at com.kms.katalon.selenium.driver.CChromeDriver.execute(CChromeDriver.java:19)
	at org.openqa.selenium.remote.RemoteWebElement.execute(RemoteWebElement.java:285)
	at org.openqa.selenium.remote.RemoteWebElement.click(RemoteWebElement.java:84)
	at org.openqa.selenium.support.events.EventFiringWebDriver$EventFiringWebElement.lambda$new$0(EventFiringWebDriver.java:404)
	at com.sun.proxy.$Proxy11.click(Unknown Source)
	at org.openqa.selenium.support.events.EventFiringWebDriver$EventFiringWebElement.click(EventFiringWebDriver.java:417)
	at org.openqa.selenium.WebElement$click$0.call(Unknown Source)
	at com.kms.katalon.core.webui.keyword.builtin.ClickKeyword.clickUntilSuccessWithTimeout(ClickKeyword.groovy:81)
	at com.kms.katalon.core.webui.keyword.builtin.ClickKeyword.clickUntilSuccessWithTimeout(ClickKeyword.groovy)
	at com.kms.katalon.core.webui.keyword.builtin.ClickKeyword$_click_closure1.doCall(ClickKeyword.groovy:67)
	at com.kms.katalon.core.webui.keyword.builtin.ClickKeyword$_click_closure1.call(ClickKeyword.groovy)
	at com.kms.katalon.core.webui.keyword.internal.WebUIKeywordMain.runKeyword(WebUIKeywordMain.groovy:20)
	... 19 more]]></system-err>
      </testcase>
      <testcase name="Test Cases/5.1-Pruebas_SST/5.1.2-Investigación_Accidente_de_Trabajo" time="50.157" classname="Test Cases/5.1-Pruebas_SST/5.1.2-Investigación_Accidente_de_Trabajo" status="FAILED">
         <failure type="FAILED" message="Test Cases/5.1-Pruebas_SST/5.1.2-Investigación_Accidente_de_Trabajo FAILED.
Reason:
com.kms.katalon.core.exception.StepFailedException: Unable to click on object 'Object Repository/Modulo Pruebas SST/Investigación_Accidente_de_Trabajo/a_Aceptar_Eliminar'
	at com.kms.katalon.core.webui.keyword.internal.WebUIKeywordMain.stepFailed(WebUIKeywordMain.groovy:64)
	at com.kms.katalon.core.webui.keyword.internal.WebUIKeywordMain.runKeyword(WebUIKeywordMain.groovy:26)
	at com.kms.katalon.core.webui.keyword.builtin.ClickKeyword.click(ClickKeyword.groovy:74)
	at com.kms.katalon.core.webui.keyword.builtin.ClickKeyword.execute(ClickKeyword.groovy:40)
	at com.kms.katalon.core.keyword.internal.KeywordExecutor.executeKeywordForPlatform(KeywordExecutor.groovy:74)
	at com.kms.katalon.core.webui.keyword.WebUiBuiltInKeywords.click(WebUiBuiltInKeywords.groovy:620)
	at com.kms.katalon.core.webui.keyword.WebUiBuiltInKeywords$click$5.call(Unknown Source)
	at 5.1.2-Investigación_Accidente_de_Trabajo.run(5.1.2-Investigación_Accidente_de_Trabajo:48)
	at com.kms.katalon.core.main.ScriptEngine.run(ScriptEngine.java:194)
	at com.kms.katalon.core.main.ScriptEngine.runScriptAsRawText(ScriptEngine.java:119)
	at com.kms.katalon.core.main.TestCaseExecutor.runScript(TestCaseExecutor.java:442)
	at com.kms.katalon.core.main.TestCaseExecutor.doExecute(TestCaseExecutor.java:433)
	at com.kms.katalon.core.main.TestCaseExecutor.processExecutionPhase(TestCaseExecutor.java:412)
	at com.kms.katalon.core.main.TestCaseExecutor.accessMainPhase(TestCaseExecutor.java:404)
	at com.kms.katalon.core.main.TestCaseExecutor.execute(TestCaseExecutor.java:281)
	at com.kms.katalon.core.main.TestSuiteExecutor.accessTestCaseMainPhase(TestSuiteExecutor.java:202)
	at com.kms.katalon.core.main.TestSuiteExecutor.accessTestSuiteMainPhase(TestSuiteExecutor.java:164)
	at com.kms.katalon.core.main.TestSuiteExecutor.execute(TestSuiteExecutor.java:105)
	at com.kms.katalon.core.main.TestCaseMain.startTestSuite(TestCaseMain.java:181)
	at com.kms.katalon.core.main.TestCaseMain$startTestSuite$0.call(Unknown Source)
	at TempTestSuite1640121193910.run(TempTestSuite1640121193910.groovy:36)
Caused by: com.kms.katalon.core.webui.exception.WebElementNotFoundException: Web element with id: 'Object Repository/Modulo Pruebas SST/Investigación_Accidente_de_Trabajo/a_Aceptar_Eliminar' located by '//a[contains(text(),'Aceptar')]' not found
	at com.kms.katalon.core.webui.common.WebUiCommonHelper.findWebElement(WebUiCommonHelper.java:1368)
	at com.kms.katalon.core.webui.keyword.internal.WebUIAbstractKeyword.findWebElement(WebUIAbstractKeyword.groovy:27)
	at com.kms.katalon.core.webui.keyword.builtin.ClickKeyword$_click_closure1.doCall(ClickKeyword.groovy:65)
	at com.kms.katalon.core.webui.keyword.builtin.ClickKeyword$_click_closure1.call(ClickKeyword.groovy)
	at com.kms.katalon.core.webui.keyword.internal.WebUIKeywordMain.runKeyword(WebUIKeywordMain.groovy:20)
	... 19 more
"/>
         <system-out><![CDATA[2021-12-21 16:27:07 - [TEST_CASE][FAILED] - Test Cases/5.1-Pruebas_SST/5.1.2-Investigación_Accidente_de_Trabajo: Test Cases/5.1-Pruebas_SST/5.1.2-Investigación_Accidente_de_Trabajo FAILED.
Reason:
com.kms.katalon.core.exception.StepFailedException: Unable to click on object 'Object Repository/Modulo Pruebas SST/Investigación_Accidente_de_Trabajo/a_Aceptar_Eliminar'
	at com.kms.katalon.core.webui.keyword.internal.WebUIKeywordMain.stepFailed(WebUIKeywordMain.groovy:64)
	at com.kms.katalon.core.webui.keyword.internal.WebUIKeywordMain.runKeyword(WebUIKeywordMain.groovy:26)
	at com.kms.katalon.core.webui.keyword.builtin.ClickKeyword.click(ClickKeyword.groovy:74)
	at com.kms.katalon.core.webui.keyword.builtin.ClickKeyword.execute(ClickKeyword.groovy:40)
	at com.kms.katalon.core.keyword.internal.KeywordExecutor.executeKeywordForPlatform(KeywordExecutor.groovy:74)
	at com.kms.katalon.core.webui.keyword.WebUiBuiltInKeywords.click(WebUiBuiltInKeywords.groovy:620)
	at com.kms.katalon.core.webui.keyword.WebUiBuiltInKeywords$click$5.call(Unknown Source)
	at 5.1.2-Investigación_Accidente_de_Trabajo.run(5.1.2-Investigación_Accidente_de_Trabajo:48)
	at com.kms.katalon.core.main.ScriptEngine.run(ScriptEngine.java:194)
	at com.kms.katalon.core.main.ScriptEngine.runScriptAsRawText(ScriptEngine.java:119)
	at com.kms.katalon.core.main.TestCaseExecutor.runScript(TestCaseExecutor.java:442)
	at com.kms.katalon.core.main.TestCaseExecutor.doExecute(TestCaseExecutor.java:433)
	at com.kms.katalon.core.main.TestCaseExecutor.processExecutionPhase(TestCaseExecutor.java:412)
	at com.kms.katalon.core.main.TestCaseExecutor.accessMainPhase(TestCaseExecutor.java:404)
	at com.kms.katalon.core.main.TestCaseExecutor.execute(TestCaseExecutor.java:281)
	at com.kms.katalon.core.main.TestSuiteExecutor.accessTestCaseMainPhase(TestSuiteExecutor.java:202)
	at com.kms.katalon.core.main.TestSuiteExecutor.accessTestSuiteMainPhase(TestSuiteExecutor.java:164)
	at com.kms.katalon.core.main.TestSuiteExecutor.execute(TestSuiteExecutor.java:105)
	at com.kms.katalon.core.main.TestCaseMain.startTestSuite(TestCaseMain.java:181)
	at com.kms.katalon.core.main.TestCaseMain$startTestSuite$0.call(Unknown Source)
	at TempTestSuite1640121193910.run(TempTestSuite1640121193910.groovy:36)
Caused by: com.kms.katalon.core.webui.exception.WebElementNotFoundException: Web element with id: 'Object Repository/Modulo Pruebas SST/Investigación_Accidente_de_Trabajo/a_Aceptar_Eliminar' located by '//a[contains(text(),'Aceptar')]' not found
	at com.kms.katalon.core.webui.common.WebUiCommonHelper.findWebElement(WebUiCommonHelper.java:1368)
	at com.kms.katalon.core.webui.keyword.internal.WebUIAbstractKeyword.findWebElement(WebUIAbstractKeyword.groovy:27)
	at com.kms.katalon.core.webui.keyword.builtin.ClickKeyword$_click_closure1.doCall(ClickKeyword.groovy:65)
	at com.kms.katalon.core.webui.keyword.builtin.ClickKeyword$_click_closure1.call(ClickKeyword.groovy)
	at com.kms.katalon.core.webui.keyword.internal.WebUIKeywordMain.runKeyword(WebUIKeywordMain.groovy:20)
	... 19 more


2021-12-21 16:27:07 - [TEST_STEP][PASSED] - callTestCase(findTestCase("0.1-Login"), [:], STOP_ON_FAILURE): Call Test Case 'Test Cases/0.1-Login' successfully

2021-12-21 16:27:07 - [TEST_CASE][PASSED] - Test Cases/0.1-Login: Test Cases/0.1-Login

2021-12-21 16:27:07 - [TEST_STEP][PASSED] - openBrowser(""): Browser is opened with url: ''

2021-12-21 16:27:07 - [MESSAGE][WARNING] - A browser is already opened. Closing browser and opening a new one

2021-12-21 16:27:08 - [MESSAGE][INFO] - Starting 'Chrome' driver

2021-12-21 16:27:08 - [MESSAGE][INFO] - Action delay is set to 0 milliseconds

2021-12-21 16:27:09 - [MESSAGE][PASSED] - Browser is opened with url: ''

2021-12-21 16:27:09 - [TEST_STEP][PASSED] - maximizeWindow(): Current window maximized

2021-12-21 16:27:10 - [MESSAGE][PASSED] - Current window maximized

2021-12-21 16:27:10 - [TEST_STEP][PASSED] - i = G_Login: null

2021-12-21 16:27:10 - [TEST_STEP][PASSED] - url = new java.net.URL(i): null

2021-12-21 16:27:10 - [TEST_STEP][PASSED] - println("URL: " + url.toString()): null

2021-12-21 16:27:10 - [TEST_STEP][PASSED] - connection = url.openConnection(): null

2021-12-21 16:27:10 - [TEST_STEP][PASSED] - connection.setRequestMethod("GET"): null

2021-12-21 16:27:10 - [TEST_STEP][PASSED] - connection.setReadTimeout(2 * 1000): null

2021-12-21 16:27:10 - [TEST_STEP][PASSED] - try: null

2021-12-21 16:27:10 - [TEST_STEP][PASSED] - connection.connect(): null

2021-12-21 16:27:10 - [TEST_STEP][PASSED] - flag = connected: null

2021-12-21 16:27:10 - [TEST_STEP][PASSED] - println("Valor_ori: " + flag): null

2021-12-21 16:27:10 - [TEST_STEP][PASSED] - if (flag): null

2021-12-21 16:27:10 - [TEST_STEP][PASSED] - navigateToUrl(i): Navigate to 'http://192.168.2.80:8380/saraweb' successfully

2021-12-21 16:27:10 - [MESSAGE][PASSED] - Navigate to 'http://192.168.2.80:8380/saraweb' successfully

2021-12-21 16:27:10 - [TEST_STEP][PASSED] - a(): null

2021-12-21 16:27:10 - [TEST_STEP][PASSED] - setText(findTestObject("Login/input_USUARIO_loginusuario"), G_Usuario): Text 'saraadmin' is set on object 'Object Repository/Login/input_USUARIO_loginusuario'

2021-12-21 16:27:11 - [MESSAGE][PASSED] - Text 'saraadmin' is set on object 'Object Repository/Login/input_USUARIO_loginusuario'

2021-12-21 16:27:11 - [TEST_STEP][PASSED] - setEncryptedText(findTestObject("Login/input_CLAVE_loginpassword"), "MkG4/TYiCFC3cb2driP7+Q=="): Text ****** has been set on object 'Object Repository/Login/input_CLAVE_loginpassword'

2021-12-21 16:27:12 - [MESSAGE][PASSED] - Text ****** has been set on object 'Object Repository/Login/input_CLAVE_loginpassword'

2021-12-21 16:27:12 - [TEST_STEP][PASSED] - waitForElementClickable(findTestObject("Login/a_Ingresar"), G_TimeOut): Object 'Object Repository/Login/a_Ingresar' is clickable

2021-12-21 16:27:12 - [MESSAGE][PASSED] - Object 'Object Repository/Login/a_Ingresar' is clickable

2021-12-21 16:27:12 - [TEST_STEP][PASSED] - click(findTestObject("Login/a_Ingresar")): Object: 'Object Repository/Login/a_Ingresar' is clicked on

2021-12-21 16:27:15 - [MESSAGE][PASSED] - Object: 'Object Repository/Login/a_Ingresar' is clicked on

2021-12-21 16:27:15 - [TEST_STEP][PASSED] - element = findWebElement(findTestObject("Login/a_Ir"), 30): null

2021-12-21 16:27:15 - [TEST_STEP][PASSED] - executeJavaScript("arguments[0].click()", Arrays.asList(element)): Execute JavaScript 'arguments[0].click()' successfully

2021-12-21 16:27:15 - [MESSAGE][PASSED] - Execute JavaScript 'arguments[0].click()' successfully

2021-12-21 16:27:15 - [MESSAGE][PASSED] - Call Test Case 'Test Cases/0.1-Login' successfully

2021-12-21 16:27:15 - [TEST_STEP][PASSED] - executeJavaScript("document.body.style.zoom='98%'", null): Execute JavaScript 'document.body.style.zoom='98%'' successfully

2021-12-21 16:27:16 - [MESSAGE][PASSED] - Execute JavaScript 'document.body.style.zoom='98%'' successfully

2021-12-21 16:27:16 - [TEST_STEP][PASSED] - delay(1): Delayed 1 second(s)

2021-12-21 16:27:17 - [MESSAGE][PASSED] - Delayed 1 second(s)

2021-12-21 16:27:17 - [TEST_STEP][PASSED] - setText(findTestObject("Modulo Pruebas SST/Investigación_Accidente_de_Trabajo/input_Informes de Accidentes e Incidentes de Trabajo_form_templatej_idt24_input"), "Informe Accidente de Trabajo"): Text 'Informe Accidente de Trabajo' is set on object 'Object Repository/Modulo Pruebas SST/Investigación_Accidente_de_Trabajo/input_Informes de Accidentes e Incidentes de Trabajo_form_templatej_idt24_input'

2021-12-21 16:27:18 - [MESSAGE][PASSED] - Text 'Informe Accidente de Trabajo' is set on object 'Object Repository/Modulo Pruebas SST/Investigación_Accidente_de_Trabajo/input_Informes de Accidentes e Incidentes de Trabajo_form_templatej_idt24_input'

2021-12-21 16:27:18 - [TEST_STEP][PASSED] - waitForElementPresent(findTestObject("Modulo Pruebas SST/Investigación_Accidente_de_Trabajo/span_Informe Accidente de Trabajo (sst)"), 0): Object 'Object Repository/Modulo Pruebas SST/Investigación_Accidente_de_Trabajo/span_Informe Accidente de Trabajo (sst)' is present

2021-12-21 16:27:18 - [MESSAGE][WARNING] - Timeout '0' is invalid. Using default page load timeout: '30'

2021-12-21 16:27:19 - [MESSAGE][PASSED] - Object 'Object Repository/Modulo Pruebas SST/Investigación_Accidente_de_Trabajo/span_Informe Accidente de Trabajo (sst)' is present

2021-12-21 16:27:19 - [TEST_STEP][PASSED] - click(findTestObject("Modulo Pruebas SST/Investigación_Accidente_de_Trabajo/span_Informe Accidente de Trabajo (sst)")): Object: 'Object Repository/Modulo Pruebas SST/Investigación_Accidente_de_Trabajo/span_Informe Accidente de Trabajo (sst)' is clicked on

2021-12-21 16:27:19 - [MESSAGE][PASSED] - Object: 'Object Repository/Modulo Pruebas SST/Investigación_Accidente_de_Trabajo/span_Informe Accidente de Trabajo (sst)' is clicked on

2021-12-21 16:27:19 - [TEST_STEP][PASSED] - click(findTestObject("Modulo Pruebas SST/Investigación_Accidente_de_Trabajo/span_Prueba")): Object: 'Object Repository/Modulo Pruebas SST/Investigación_Accidente_de_Trabajo/span_Prueba' is clicked on

2021-12-21 16:27:21 - [MESSAGE][PASSED] - Object: 'Object Repository/Modulo Pruebas SST/Investigación_Accidente_de_Trabajo/span_Prueba' is clicked on

2021-12-21 16:27:21 - [TEST_STEP][PASSED] - click(findTestObject("Modulo Pruebas SST/Investigación_Accidente_de_Trabajo/a_Accidentado")): Object: 'Object Repository/Modulo Pruebas SST/Investigación_Accidente_de_Trabajo/a_Accidentado' is clicked on

2021-12-21 16:27:22 - [MESSAGE][PASSED] - Object: 'Object Repository/Modulo Pruebas SST/Investigación_Accidente_de_Trabajo/a_Accidentado' is clicked on

2021-12-21 16:27:22 - [TEST_STEP][PASSED] - click(findTestObject("Modulo Pruebas SST/Investigación_Accidente_de_Trabajo/span_DIAZ BLANCO GUISELL")): Object: 'Object Repository/Modulo Pruebas SST/Investigación_Accidente_de_Trabajo/span_DIAZ BLANCO GUISELL' is clicked on

2021-12-21 16:27:23 - [MESSAGE][PASSED] - Object: 'Object Repository/Modulo Pruebas SST/Investigación_Accidente_de_Trabajo/span_DIAZ BLANCO GUISELL' is clicked on

2021-12-21 16:27:23 - [TEST_STEP][PASSED] - click(findTestObject("Modulo Pruebas SST/Investigación_Accidente_de_Trabajo/a_Investigaciones")): Object: 'Object Repository/Modulo Pruebas SST/Investigación_Accidente_de_Trabajo/a_Investigaciones' is clicked on

2021-12-21 16:27:23 - [MESSAGE][PASSED] - Object: 'Object Repository/Modulo Pruebas SST/Investigación_Accidente_de_Trabajo/a_Investigaciones' is clicked on

2021-12-21 16:27:23 - [TEST_STEP][PASSED] - if (waitForElementPresent(findTestObject("Modulo Pruebas SST/Investigación_Accidente_de_Trabajo/span_Prueba2"), 1)): null

2021-12-21 16:27:24 - [MESSAGE][PASSED] - Object 'Object Repository/Modulo Pruebas SST/Investigación_Accidente_de_Trabajo/span_Prueba2' is present

2021-12-21 16:27:24 - [TEST_STEP][PASSED] - click(findTestObject("Modulo Pruebas SST/Investigación_Accidente_de_Trabajo/span_Prueba2")): Object: 'Object Repository/Modulo Pruebas SST/Investigación_Accidente_de_Trabajo/span_Prueba2' is clicked on

2021-12-21 16:27:24 - [MESSAGE][PASSED] - Object: 'Object Repository/Modulo Pruebas SST/Investigación_Accidente_de_Trabajo/span_Prueba2' is clicked on

2021-12-21 16:27:24 - [TEST_STEP][PASSED] - click(findTestObject("Modulo Pruebas SST/Investigación_Accidente_de_Trabajo/a_Eliminar")): Object: 'Object Repository/Modulo Pruebas SST/Investigación_Accidente_de_Trabajo/a_Eliminar' is clicked on

2021-12-21 16:27:26 - [MESSAGE][PASSED] - Object: 'Object Repository/Modulo Pruebas SST/Investigación_Accidente_de_Trabajo/a_Eliminar' is clicked on

2021-12-21 16:27:26 - [TEST_STEP][FAILED] - click(findTestObject("Modulo Pruebas SST/Investigación_Accidente_de_Trabajo/a_Aceptar_Eliminar")): Unable to click on object 'Object Repository/Modulo Pruebas SST/Investigación_Accidente_de_Trabajo/a_Aceptar_Eliminar' (Root cause: com.kms.katalon.core.exception.StepFailedException: Unable to click on object 'Object Repository/Modulo Pruebas SST/Investigación_Accidente_de_Trabajo/a_Aceptar_Eliminar'
	at com.kms.katalon.core.webui.keyword.internal.WebUIKeywordMain.stepFailed(WebUIKeywordMain.groovy:64)
	at com.kms.katalon.core.webui.keyword.internal.WebUIKeywordMain.runKeyword(WebUIKeywordMain.groovy:26)
	at com.kms.katalon.core.webui.keyword.builtin.ClickKeyword.click(ClickKeyword.groovy:74)
	at com.kms.katalon.core.webui.keyword.builtin.ClickKeyword.execute(ClickKeyword.groovy:40)
	at com.kms.katalon.core.keyword.internal.KeywordExecutor.executeKeywordForPlatform(KeywordExecutor.groovy:74)
	at com.kms.katalon.core.webui.keyword.WebUiBuiltInKeywords.click(WebUiBuiltInKeywords.groovy:620)
	at com.kms.katalon.core.webui.keyword.WebUiBuiltInKeywords$click$5.call(Unknown Source)
	at 5.1.2-Investigación_Accidente_de_Trabajo.run(5.1.2-Investigación_Accidente_de_Trabajo:48)
	at com.kms.katalon.core.main.ScriptEngine.run(ScriptEngine.java:194)
	at com.kms.katalon.core.main.ScriptEngine.runScriptAsRawText(ScriptEngine.java:119)
	at com.kms.katalon.core.main.TestCaseExecutor.runScript(TestCaseExecutor.java:442)
	at com.kms.katalon.core.main.TestCaseExecutor.doExecute(TestCaseExecutor.java:433)
	at com.kms.katalon.core.main.TestCaseExecutor.processExecutionPhase(TestCaseExecutor.java:412)
	at com.kms.katalon.core.main.TestCaseExecutor.accessMainPhase(TestCaseExecutor.java:404)
	at com.kms.katalon.core.main.TestCaseExecutor.execute(TestCaseExecutor.java:281)
	at com.kms.katalon.core.main.TestSuiteExecutor.accessTestCaseMainPhase(TestSuiteExecutor.java:202)
	at com.kms.katalon.core.main.TestSuiteExecutor.accessTestSuiteMainPhase(TestSuiteExecutor.java:164)
	at com.kms.katalon.core.main.TestSuiteExecutor.execute(TestSuiteExecutor.java:105)
	at com.kms.katalon.core.main.TestCaseMain.startTestSuite(TestCaseMain.java:181)
	at com.kms.katalon.core.main.TestCaseMain$startTestSuite$0.call(Unknown Source)
	at TempTestSuite1640121193910.run(TempTestSuite1640121193910.groovy:36)
Caused by: com.kms.katalon.core.webui.exception.WebElementNotFoundException: Web element with id: 'Object Repository/Modulo Pruebas SST/Investigación_Accidente_de_Trabajo/a_Aceptar_Eliminar' located by '//a[contains(text(),'Aceptar')]' not found
	at com.kms.katalon.core.webui.common.WebUiCommonHelper.findWebElement(WebUiCommonHelper.java:1368)
	at com.kms.katalon.core.webui.keyword.internal.WebUIAbstractKeyword.findWebElement(WebUIAbstractKeyword.groovy:27)
	at com.kms.katalon.core.webui.keyword.builtin.ClickKeyword$_click_closure1.doCall(ClickKeyword.groovy:65)
	at com.kms.katalon.core.webui.keyword.builtin.ClickKeyword$_click_closure1.call(ClickKeyword.groovy)
	at com.kms.katalon.core.webui.keyword.internal.WebUIKeywordMain.runKeyword(WebUIKeywordMain.groovy:20)
	at com.kms.katalon.core.webui.keyword.builtin.ClickKeyword.click(ClickKeyword.groovy:74)
	at com.kms.katalon.core.webui.keyword.builtin.ClickKeyword.execute(ClickKeyword.groovy:40)
	at com.kms.katalon.core.keyword.internal.KeywordExecutor.executeKeywordForPlatform(KeywordExecutor.groovy:74)
	at com.kms.katalon.core.webui.keyword.WebUiBuiltInKeywords.click(WebUiBuiltInKeywords.groovy:620)
	at com.kms.katalon.core.webui.keyword.WebUiBuiltInKeywords$click$5.call(Unknown Source)
	at Script1637672124826.run(Script1637672124826.groovy:48)
	... 13 more
)

2021-12-21 16:27:57 - [MESSAGE][INFO] - Unable to find the element located by 'By.xpath: //a[contains(text(),'Aceptar')]'. Please recheck the objects properties to make sure the desired element is located. 

2021-12-21 16:27:57 - [MESSAGE][FAILED] - Unable to click on object 'Object Repository/Modulo Pruebas SST/Investigación_Accidente_de_Trabajo/a_Aceptar_Eliminar' (Root cause: com.kms.katalon.core.exception.StepFailedException: Unable to click on object 'Object Repository/Modulo Pruebas SST/Investigación_Accidente_de_Trabajo/a_Aceptar_Eliminar'
	at com.kms.katalon.core.webui.keyword.internal.WebUIKeywordMain.stepFailed(WebUIKeywordMain.groovy:64)
	at com.kms.katalon.core.webui.keyword.internal.WebUIKeywordMain.runKeyword(WebUIKeywordMain.groovy:26)
	at com.kms.katalon.core.webui.keyword.builtin.ClickKeyword.click(ClickKeyword.groovy:74)
	at com.kms.katalon.core.webui.keyword.builtin.ClickKeyword.execute(ClickKeyword.groovy:40)
	at com.kms.katalon.core.keyword.internal.KeywordExecutor.executeKeywordForPlatform(KeywordExecutor.groovy:74)
	at com.kms.katalon.core.webui.keyword.WebUiBuiltInKeywords.click(WebUiBuiltInKeywords.groovy:620)
	at com.kms.katalon.core.webui.keyword.WebUiBuiltInKeywords$click$5.call(Unknown Source)
	at 5.1.2-Investigación_Accidente_de_Trabajo.run(5.1.2-Investigación_Accidente_de_Trabajo:48)
	at com.kms.katalon.core.main.ScriptEngine.run(ScriptEngine.java:194)
	at com.kms.katalon.core.main.ScriptEngine.runScriptAsRawText(ScriptEngine.java:119)
	at com.kms.katalon.core.main.TestCaseExecutor.runScript(TestCaseExecutor.java:442)
	at com.kms.katalon.core.main.TestCaseExecutor.doExecute(TestCaseExecutor.java:433)
	at com.kms.katalon.core.main.TestCaseExecutor.processExecutionPhase(TestCaseExecutor.java:412)
	at com.kms.katalon.core.main.TestCaseExecutor.accessMainPhase(TestCaseExecutor.java:404)
	at com.kms.katalon.core.main.TestCaseExecutor.execute(TestCaseExecutor.java:281)
	at com.kms.katalon.core.main.TestSuiteExecutor.accessTestCaseMainPhase(TestSuiteExecutor.java:202)
	at com.kms.katalon.core.main.TestSuiteExecutor.accessTestSuiteMainPhase(TestSuiteExecutor.java:164)
	at com.kms.katalon.core.main.TestSuiteExecutor.execute(TestSuiteExecutor.java:105)
	at com.kms.katalon.core.main.TestCaseMain.startTestSuite(TestCaseMain.java:181)
	at com.kms.katalon.core.main.TestCaseMain$startTestSuite$0.call(Unknown Source)
	at TempTestSuite1640121193910.run(TempTestSuite1640121193910.groovy:36)
Caused by: com.kms.katalon.core.webui.exception.WebElementNotFoundException: Web element with id: 'Object Repository/Modulo Pruebas SST/Investigación_Accidente_de_Trabajo/a_Aceptar_Eliminar' located by '//a[contains(text(),'Aceptar')]' not found
	at com.kms.katalon.core.webui.common.WebUiCommonHelper.findWebElement(WebUiCommonHelper.java:1368)
	at com.kms.katalon.core.webui.keyword.internal.WebUIAbstractKeyword.findWebElement(WebUIAbstractKeyword.groovy:27)
	at com.kms.katalon.core.webui.keyword.builtin.ClickKeyword$_click_closure1.doCall(ClickKeyword.groovy:65)
	at com.kms.katalon.core.webui.keyword.builtin.ClickKeyword$_click_closure1.call(ClickKeyword.groovy)
	at com.kms.katalon.core.webui.keyword.internal.WebUIKeywordMain.runKeyword(WebUIKeywordMain.groovy:20)
	at com.kms.katalon.core.webui.keyword.builtin.ClickKeyword.click(ClickKeyword.groovy:74)
	at com.kms.katalon.core.webui.keyword.builtin.ClickKeyword.execute(ClickKeyword.groovy:40)
	at com.kms.katalon.core.keyword.internal.KeywordExecutor.executeKeywordForPlatform(KeywordExecutor.groovy:74)
	at com.kms.katalon.core.webui.keyword.WebUiBuiltInKeywords.click(WebUiBuiltInKeywords.groovy:620)
	at com.kms.katalon.core.webui.keyword.WebUiBuiltInKeywords$click$5.call(Unknown Source)
	at Script1637672124826.run(Script1637672124826.groovy:48)
	... 13 more
)
[[ATTACHMENT|C:\\Users\\diego.rojas\\git\\Pruebas-Minimas\\Reports\\20211221_161251\\5-Pruebas SST\\20211221_161313\\1640122077348.png]]]]></system-out>
         <system-err><![CDATA[2021-12-21 16:27:07 - [TEST_CASE][FAILED] - Test Cases/5.1-Pruebas_SST/5.1.2-Investigación_Accidente_de_Trabajo: Test Cases/5.1-Pruebas_SST/5.1.2-Investigación_Accidente_de_Trabajo FAILED.
Reason:
com.kms.katalon.core.exception.StepFailedException: Unable to click on object 'Object Repository/Modulo Pruebas SST/Investigación_Accidente_de_Trabajo/a_Aceptar_Eliminar'
	at com.kms.katalon.core.webui.keyword.internal.WebUIKeywordMain.stepFailed(WebUIKeywordMain.groovy:64)
	at com.kms.katalon.core.webui.keyword.internal.WebUIKeywordMain.runKeyword(WebUIKeywordMain.groovy:26)
	at com.kms.katalon.core.webui.keyword.builtin.ClickKeyword.click(ClickKeyword.groovy:74)
	at com.kms.katalon.core.webui.keyword.builtin.ClickKeyword.execute(ClickKeyword.groovy:40)
	at com.kms.katalon.core.keyword.internal.KeywordExecutor.executeKeywordForPlatform(KeywordExecutor.groovy:74)
	at com.kms.katalon.core.webui.keyword.WebUiBuiltInKeywords.click(WebUiBuiltInKeywords.groovy:620)
	at com.kms.katalon.core.webui.keyword.WebUiBuiltInKeywords$click$5.call(Unknown Source)
	at 5.1.2-Investigación_Accidente_de_Trabajo.run(5.1.2-Investigación_Accidente_de_Trabajo:48)
	at com.kms.katalon.core.main.ScriptEngine.run(ScriptEngine.java:194)
	at com.kms.katalon.core.main.ScriptEngine.runScriptAsRawText(ScriptEngine.java:119)
	at com.kms.katalon.core.main.TestCaseExecutor.runScript(TestCaseExecutor.java:442)
	at com.kms.katalon.core.main.TestCaseExecutor.doExecute(TestCaseExecutor.java:433)
	at com.kms.katalon.core.main.TestCaseExecutor.processExecutionPhase(TestCaseExecutor.java:412)
	at com.kms.katalon.core.main.TestCaseExecutor.accessMainPhase(TestCaseExecutor.java:404)
	at com.kms.katalon.core.main.TestCaseExecutor.execute(TestCaseExecutor.java:281)
	at com.kms.katalon.core.main.TestSuiteExecutor.accessTestCaseMainPhase(TestSuiteExecutor.java:202)
	at com.kms.katalon.core.main.TestSuiteExecutor.accessTestSuiteMainPhase(TestSuiteExecutor.java:164)
	at com.kms.katalon.core.main.TestSuiteExecutor.execute(TestSuiteExecutor.java:105)
	at com.kms.katalon.core.main.TestCaseMain.startTestSuite(TestCaseMain.java:181)
	at com.kms.katalon.core.main.TestCaseMain$startTestSuite$0.call(Unknown Source)
	at TempTestSuite1640121193910.run(TempTestSuite1640121193910.groovy:36)
Caused by: com.kms.katalon.core.webui.exception.WebElementNotFoundException: Web element with id: 'Object Repository/Modulo Pruebas SST/Investigación_Accidente_de_Trabajo/a_Aceptar_Eliminar' located by '//a[contains(text(),'Aceptar')]' not found
	at com.kms.katalon.core.webui.common.WebUiCommonHelper.findWebElement(WebUiCommonHelper.java:1368)
	at com.kms.katalon.core.webui.keyword.internal.WebUIAbstractKeyword.findWebElement(WebUIAbstractKeyword.groovy:27)
	at com.kms.katalon.core.webui.keyword.builtin.ClickKeyword$_click_closure1.doCall(ClickKeyword.groovy:65)
	at com.kms.katalon.core.webui.keyword.builtin.ClickKeyword$_click_closure1.call(ClickKeyword.groovy)
	at com.kms.katalon.core.webui.keyword.internal.WebUIKeywordMain.runKeyword(WebUIKeywordMain.groovy:20)
	... 19 more]]></system-err>
      </testcase>
      <testcase name="Test Cases/5.1-Pruebas_SST/5.1.3-Seguimiento_a_accidente laborales_enfermedades_laborales_y_comunes" time="55.029" classname="Test Cases/5.1-Pruebas_SST/5.1.3-Seguimiento_a_accidente laborales_enfermedades_laborales_y_comunes" status="FAILED">
         <failure type="FAILED" message="Test Cases/5.1-Pruebas_SST/5.1.3-Seguimiento_a_accidente laborales_enfermedades_laborales_y_comunes FAILED.
Reason:
com.kms.katalon.core.exception.StepFailedException: Unable to click on object 'Object Repository/Modulo Pruebas SST/Seguimiento_a_accidente laborales_enfermedades_laborales_y_comunes/a_Nombre_form_listadoSolicitudElementoj_idt65'
	at com.kms.katalon.core.webui.keyword.internal.WebUIKeywordMain.stepFailed(WebUIKeywordMain.groovy:64)
	at com.kms.katalon.core.webui.keyword.internal.WebUIKeywordMain.runKeyword(WebUIKeywordMain.groovy:26)
	at com.kms.katalon.core.webui.keyword.builtin.ClickKeyword.click(ClickKeyword.groovy:74)
	at com.kms.katalon.core.webui.keyword.builtin.ClickKeyword.execute(ClickKeyword.groovy:40)
	at com.kms.katalon.core.keyword.internal.KeywordExecutor.executeKeywordForPlatform(KeywordExecutor.groovy:74)
	at com.kms.katalon.core.webui.keyword.WebUiBuiltInKeywords.click(WebUiBuiltInKeywords.groovy:620)
	at com.kms.katalon.core.webui.keyword.WebUiBuiltInKeywords$click$5.call(Unknown Source)
	at 5.1.3-Seguimiento_a_accidente laborales_enfermedades_laborales_y_comunes.run(5.1.3-Seguimiento_a_accidente laborales_enfermedades_laborales_y_comunes:60)
	at com.kms.katalon.core.main.ScriptEngine.run(ScriptEngine.java:194)
	at com.kms.katalon.core.main.ScriptEngine.runScriptAsRawText(ScriptEngine.java:119)
	at com.kms.katalon.core.main.TestCaseExecutor.runScript(TestCaseExecutor.java:442)
	at com.kms.katalon.core.main.TestCaseExecutor.doExecute(TestCaseExecutor.java:433)
	at com.kms.katalon.core.main.TestCaseExecutor.processExecutionPhase(TestCaseExecutor.java:412)
	at com.kms.katalon.core.main.TestCaseExecutor.accessMainPhase(TestCaseExecutor.java:404)
	at com.kms.katalon.core.main.TestCaseExecutor.execute(TestCaseExecutor.java:281)
	at com.kms.katalon.core.main.TestSuiteExecutor.accessTestCaseMainPhase(TestSuiteExecutor.java:202)
	at com.kms.katalon.core.main.TestSuiteExecutor.accessTestSuiteMainPhase(TestSuiteExecutor.java:164)
	at com.kms.katalon.core.main.TestSuiteExecutor.execute(TestSuiteExecutor.java:105)
	at com.kms.katalon.core.main.TestCaseMain.startTestSuite(TestCaseMain.java:181)
	at com.kms.katalon.core.main.TestCaseMain$startTestSuite$0.call(Unknown Source)
	at TempTestSuite1640121193910.run(TempTestSuite1640121193910.groovy:36)
Caused by: com.kms.katalon.core.webui.exception.WebElementNotFoundException: Web element with id: 'Object Repository/Modulo Pruebas SST/Seguimiento_a_accidente laborales_enfermedades_laborales_y_comunes/a_Nombre_form_listadoSolicitudElementoj_idt65' located by '//a[@id='form_listadoSolicitudElemento:j_idt65']' not found
	at com.kms.katalon.core.webui.common.WebUiCommonHelper.findWebElement(WebUiCommonHelper.java:1368)
	at com.kms.katalon.core.webui.keyword.internal.WebUIAbstractKeyword.findWebElement(WebUIAbstractKeyword.groovy:27)
	at com.kms.katalon.core.webui.keyword.builtin.ClickKeyword$_click_closure1.doCall(ClickKeyword.groovy:65)
	at com.kms.katalon.core.webui.keyword.builtin.ClickKeyword$_click_closure1.call(ClickKeyword.groovy)
	at com.kms.katalon.core.webui.keyword.internal.WebUIKeywordMain.runKeyword(WebUIKeywordMain.groovy:20)
	... 19 more
"/>
         <system-out><![CDATA[2021-12-21 16:27:57 - [TEST_CASE][FAILED] - Test Cases/5.1-Pruebas_SST/5.1.3-Seguimiento_a_accidente laborales_enfermedades_laborales_y_comunes: Test Cases/5.1-Pruebas_SST/5.1.3-Seguimiento_a_accidente laborales_enfermedades_laborales_y_comunes FAILED.
Reason:
com.kms.katalon.core.exception.StepFailedException: Unable to click on object 'Object Repository/Modulo Pruebas SST/Seguimiento_a_accidente laborales_enfermedades_laborales_y_comunes/a_Nombre_form_listadoSolicitudElementoj_idt65'
	at com.kms.katalon.core.webui.keyword.internal.WebUIKeywordMain.stepFailed(WebUIKeywordMain.groovy:64)
	at com.kms.katalon.core.webui.keyword.internal.WebUIKeywordMain.runKeyword(WebUIKeywordMain.groovy:26)
	at com.kms.katalon.core.webui.keyword.builtin.ClickKeyword.click(ClickKeyword.groovy:74)
	at com.kms.katalon.core.webui.keyword.builtin.ClickKeyword.execute(ClickKeyword.groovy:40)
	at com.kms.katalon.core.keyword.internal.KeywordExecutor.executeKeywordForPlatform(KeywordExecutor.groovy:74)
	at com.kms.katalon.core.webui.keyword.WebUiBuiltInKeywords.click(WebUiBuiltInKeywords.groovy:620)
	at com.kms.katalon.core.webui.keyword.WebUiBuiltInKeywords$click$5.call(Unknown Source)
	at 5.1.3-Seguimiento_a_accidente laborales_enfermedades_laborales_y_comunes.run(5.1.3-Seguimiento_a_accidente laborales_enfermedades_laborales_y_comunes:60)
	at com.kms.katalon.core.main.ScriptEngine.run(ScriptEngine.java:194)
	at com.kms.katalon.core.main.ScriptEngine.runScriptAsRawText(ScriptEngine.java:119)
	at com.kms.katalon.core.main.TestCaseExecutor.runScript(TestCaseExecutor.java:442)
	at com.kms.katalon.core.main.TestCaseExecutor.doExecute(TestCaseExecutor.java:433)
	at com.kms.katalon.core.main.TestCaseExecutor.processExecutionPhase(TestCaseExecutor.java:412)
	at com.kms.katalon.core.main.TestCaseExecutor.accessMainPhase(TestCaseExecutor.java:404)
	at com.kms.katalon.core.main.TestCaseExecutor.execute(TestCaseExecutor.java:281)
	at com.kms.katalon.core.main.TestSuiteExecutor.accessTestCaseMainPhase(TestSuiteExecutor.java:202)
	at com.kms.katalon.core.main.TestSuiteExecutor.accessTestSuiteMainPhase(TestSuiteExecutor.java:164)
	at com.kms.katalon.core.main.TestSuiteExecutor.execute(TestSuiteExecutor.java:105)
	at com.kms.katalon.core.main.TestCaseMain.startTestSuite(TestCaseMain.java:181)
	at com.kms.katalon.core.main.TestCaseMain$startTestSuite$0.call(Unknown Source)
	at TempTestSuite1640121193910.run(TempTestSuite1640121193910.groovy:36)
Caused by: com.kms.katalon.core.webui.exception.WebElementNotFoundException: Web element with id: 'Object Repository/Modulo Pruebas SST/Seguimiento_a_accidente laborales_enfermedades_laborales_y_comunes/a_Nombre_form_listadoSolicitudElementoj_idt65' located by '//a[@id='form_listadoSolicitudElemento:j_idt65']' not found
	at com.kms.katalon.core.webui.common.WebUiCommonHelper.findWebElement(WebUiCommonHelper.java:1368)
	at com.kms.katalon.core.webui.keyword.internal.WebUIAbstractKeyword.findWebElement(WebUIAbstractKeyword.groovy:27)
	at com.kms.katalon.core.webui.keyword.builtin.ClickKeyword$_click_closure1.doCall(ClickKeyword.groovy:65)
	at com.kms.katalon.core.webui.keyword.builtin.ClickKeyword$_click_closure1.call(ClickKeyword.groovy)
	at com.kms.katalon.core.webui.keyword.internal.WebUIKeywordMain.runKeyword(WebUIKeywordMain.groovy:20)
	... 19 more


2021-12-21 16:27:57 - [TEST_STEP][PASSED] - callTestCase(findTestCase("0.1-Login"), [:], STOP_ON_FAILURE): Call Test Case 'Test Cases/0.1-Login' successfully

2021-12-21 16:27:57 - [TEST_CASE][PASSED] - Test Cases/0.1-Login: Test Cases/0.1-Login

2021-12-21 16:27:57 - [TEST_STEP][PASSED] - openBrowser(""): Browser is opened with url: ''

2021-12-21 16:27:57 - [MESSAGE][WARNING] - A browser is already opened. Closing browser and opening a new one

2021-12-21 16:27:58 - [MESSAGE][INFO] - Starting 'Chrome' driver

2021-12-21 16:27:58 - [MESSAGE][INFO] - Action delay is set to 0 milliseconds

2021-12-21 16:27:59 - [MESSAGE][PASSED] - Browser is opened with url: ''

2021-12-21 16:27:59 - [TEST_STEP][PASSED] - maximizeWindow(): Current window maximized

2021-12-21 16:27:59 - [MESSAGE][PASSED] - Current window maximized

2021-12-21 16:27:59 - [TEST_STEP][PASSED] - i = G_Login: null

2021-12-21 16:27:59 - [TEST_STEP][PASSED] - url = new java.net.URL(i): null

2021-12-21 16:27:59 - [TEST_STEP][PASSED] - println("URL: " + url.toString()): null

2021-12-21 16:27:59 - [TEST_STEP][PASSED] - connection = url.openConnection(): null

2021-12-21 16:27:59 - [TEST_STEP][PASSED] - connection.setRequestMethod("GET"): null

2021-12-21 16:27:59 - [TEST_STEP][PASSED] - connection.setReadTimeout(2 * 1000): null

2021-12-21 16:27:59 - [TEST_STEP][PASSED] - try: null

2021-12-21 16:27:59 - [TEST_STEP][PASSED] - connection.connect(): null

2021-12-21 16:27:59 - [TEST_STEP][PASSED] - flag = connected: null

2021-12-21 16:27:59 - [TEST_STEP][PASSED] - println("Valor_ori: " + flag): null

2021-12-21 16:27:59 - [TEST_STEP][PASSED] - if (flag): null

2021-12-21 16:27:59 - [TEST_STEP][PASSED] - navigateToUrl(i): Navigate to 'http://192.168.2.80:8380/saraweb' successfully

2021-12-21 16:28:00 - [MESSAGE][PASSED] - Navigate to 'http://192.168.2.80:8380/saraweb' successfully

2021-12-21 16:28:00 - [TEST_STEP][PASSED] - a(): null

2021-12-21 16:28:00 - [TEST_STEP][PASSED] - setText(findTestObject("Login/input_USUARIO_loginusuario"), G_Usuario): Text 'saraadmin' is set on object 'Object Repository/Login/input_USUARIO_loginusuario'

2021-12-21 16:28:01 - [MESSAGE][PASSED] - Text 'saraadmin' is set on object 'Object Repository/Login/input_USUARIO_loginusuario'

2021-12-21 16:28:01 - [TEST_STEP][PASSED] - setEncryptedText(findTestObject("Login/input_CLAVE_loginpassword"), "MkG4/TYiCFC3cb2driP7+Q=="): Text ****** has been set on object 'Object Repository/Login/input_CLAVE_loginpassword'

2021-12-21 16:28:01 - [MESSAGE][PASSED] - Text ****** has been set on object 'Object Repository/Login/input_CLAVE_loginpassword'

2021-12-21 16:28:01 - [TEST_STEP][PASSED] - waitForElementClickable(findTestObject("Login/a_Ingresar"), G_TimeOut): Object 'Object Repository/Login/a_Ingresar' is clickable

2021-12-21 16:28:01 - [MESSAGE][PASSED] - Object 'Object Repository/Login/a_Ingresar' is clickable

2021-12-21 16:28:01 - [TEST_STEP][PASSED] - click(findTestObject("Login/a_Ingresar")): Object: 'Object Repository/Login/a_Ingresar' is clicked on

2021-12-21 16:28:04 - [MESSAGE][PASSED] - Object: 'Object Repository/Login/a_Ingresar' is clicked on

2021-12-21 16:28:04 - [TEST_STEP][PASSED] - element = findWebElement(findTestObject("Login/a_Ir"), 30): null

2021-12-21 16:28:05 - [TEST_STEP][PASSED] - executeJavaScript("arguments[0].click()", Arrays.asList(element)): Execute JavaScript 'arguments[0].click()' successfully

2021-12-21 16:28:05 - [MESSAGE][PASSED] - Execute JavaScript 'arguments[0].click()' successfully

2021-12-21 16:28:05 - [MESSAGE][PASSED] - Call Test Case 'Test Cases/0.1-Login' successfully

2021-12-21 16:28:05 - [TEST_STEP][PASSED] - setText(findTestObject("Modulo Pruebas SST/Seguimiento_a_accidente laborales_enfermedades_laborales_y_comunes/input_ADMINISTRADOR DEL SISTEMA - SARA_form_templatej_idt24_input"), "Registrar / Nov"): Text 'Registrar / Nov' is set on object 'Object Repository/Modulo Pruebas SST/Seguimiento_a_accidente laborales_enfermedades_laborales_y_comunes/input_ADMINISTRADOR DEL SISTEMA - SARA_form_templatej_idt24_input'

2021-12-21 16:28:06 - [MESSAGE][PASSED] - Text 'Registrar / Nov' is set on object 'Object Repository/Modulo Pruebas SST/Seguimiento_a_accidente laborales_enfermedades_laborales_y_comunes/input_ADMINISTRADOR DEL SISTEMA - SARA_form_templatej_idt24_input'

2021-12-21 16:28:06 - [TEST_STEP][PASSED] - click(findTestObject("Modulo Pruebas SST/Seguimiento_a_accidente laborales_enfermedades_laborales_y_comunes/li_Registrar  Nov. Caso Atep (sst)")): Object: 'Object Repository/Modulo Pruebas SST/Seguimiento_a_accidente laborales_enfermedades_laborales_y_comunes/li_Registrar  Nov. Caso Atep (sst)' is clicked on

2021-12-21 16:28:07 - [MESSAGE][PASSED] - Object: 'Object Repository/Modulo Pruebas SST/Seguimiento_a_accidente laborales_enfermedades_laborales_y_comunes/li_Registrar  Nov. Caso Atep (sst)' is clicked on

2021-12-21 16:28:07 - [TEST_STEP][PASSED] - selectOptionByIndex(findTestObject("Modulo Pruebas SST/Seguimiento_a_accidente laborales_enfermedades_laborales_y_comunes/select_-- SELECCIONAR --SEDE NORTESEDE OCCIDENTESEDE SUR1"), 1): All options with index in [1] are selected on object 'Object Repository/Modulo Pruebas SST/Seguimiento_a_accidente laborales_enfermedades_laborales_y_comunes/select_-- SELECCIONAR --SEDE NORTESEDE OCCIDENTESEDE SUR1'

2021-12-21 16:28:10 - [MESSAGE][PASSED] - All options with index in [1] are selected on object 'Object Repository/Modulo Pruebas SST/Seguimiento_a_accidente laborales_enfermedades_laborales_y_comunes/select_-- SELECCIONAR --SEDE NORTESEDE OCCIDENTESEDE SUR1'

2021-12-21 16:28:10 - [TEST_STEP][PASSED] - click(findTestObject("Modulo Pruebas SST/Seguimiento_a_accidente laborales_enfermedades_laborales_y_comunes/a_Nombre_form_listadoSolicitudElementoj_idt65")): Object: 'Object Repository/Modulo Pruebas SST/Seguimiento_a_accidente laborales_enfermedades_laborales_y_comunes/a_Nombre_form_listadoSolicitudElementoj_idt65' is clicked on

2021-12-21 16:28:11 - [MESSAGE][PASSED] - Object: 'Object Repository/Modulo Pruebas SST/Seguimiento_a_accidente laborales_enfermedades_laborales_y_comunes/a_Nombre_form_listadoSolicitudElementoj_idt65' is clicked on

2021-12-21 16:28:11 - [TEST_STEP][PASSED] - setText(findTestObject("Modulo Pruebas SST/Seguimiento_a_accidente laborales_enfermedades_laborales_y_comunes/input_Filtro Hoja de Vida_formPopupHojaVidaj_idt7951"), "A A A"): Text 'A A A' is set on object 'Object Repository/Modulo Pruebas SST/Seguimiento_a_accidente laborales_enfermedades_laborales_y_comunes/input_Filtro Hoja de Vida_formPopupHojaVidaj_idt7951'

2021-12-21 16:28:12 - [MESSAGE][PASSED] - Text 'A A A' is set on object 'Object Repository/Modulo Pruebas SST/Seguimiento_a_accidente laborales_enfermedades_laborales_y_comunes/input_Filtro Hoja de Vida_formPopupHojaVidaj_idt7951'

2021-12-21 16:28:12 - [TEST_STEP][PASSED] - sendKeys(findTestObject("Modulo Pruebas SST/Seguimiento_a_accidente laborales_enfermedades_laborales_y_comunes/input_Filtro Hoja de Vida_formPopupHojaVidaj_idt7951"), Keys.chord(ENTER)): Keys 'ENTER + ' sent to object: 'Object Repository/Modulo Pruebas SST/Seguimiento_a_accidente laborales_enfermedades_laborales_y_comunes/input_Filtro Hoja de Vida_formPopupHojaVidaj_idt7951'

2021-12-21 16:28:13 - [MESSAGE][PASSED] - Keys 'ENTER + ' sent to object: 'Object Repository/Modulo Pruebas SST/Seguimiento_a_accidente laborales_enfermedades_laborales_y_comunes/input_Filtro Hoja de Vida_formPopupHojaVidaj_idt7951'

2021-12-21 16:28:13 - [TEST_STEP][PASSED] - if (waitForElementClickable(findTestObject("Modulo Pruebas SST/Seguimiento_a_accidente laborales_enfermedades_laborales_y_comunes/span_A A A"), 1)): null

2021-12-21 16:28:14 - [MESSAGE][PASSED] - Object 'Object Repository/Modulo Pruebas SST/Seguimiento_a_accidente laborales_enfermedades_laborales_y_comunes/span_A A A' is clickable

2021-12-21 16:28:14 - [TEST_STEP][PASSED] - click(findTestObject("Modulo Pruebas SST/Seguimiento_a_accidente laborales_enfermedades_laborales_y_comunes/span_A A A")): Object: 'Object Repository/Modulo Pruebas SST/Seguimiento_a_accidente laborales_enfermedades_laborales_y_comunes/span_A A A' is clicked on

2021-12-21 16:28:15 - [MESSAGE][PASSED] - Object: 'Object Repository/Modulo Pruebas SST/Seguimiento_a_accidente laborales_enfermedades_laborales_y_comunes/span_A A A' is clicked on

2021-12-21 16:28:15 - [TEST_STEP][PASSED] - if (waitForElementPresent(findTestObject("Modulo Pruebas SST/Seguimiento_a_accidente laborales_enfermedades_laborales_y_comunes/td_1010220596 - A A A"), 1)): null

2021-12-21 16:28:16 - [MESSAGE][PASSED] - Object 'Object Repository/Modulo Pruebas SST/Seguimiento_a_accidente laborales_enfermedades_laborales_y_comunes/td_1010220596 - A A A' is present

2021-12-21 16:28:16 - [TEST_STEP][PASSED] - click(findTestObject("Modulo Pruebas SST/Seguimiento_a_accidente laborales_enfermedades_laborales_y_comunes/td_1010220596 - A A A"), STOP_ON_FAILURE): Object: 'Object Repository/Modulo Pruebas SST/Seguimiento_a_accidente laborales_enfermedades_laborales_y_comunes/td_1010220596 - A A A' is clicked on

2021-12-21 16:28:17 - [MESSAGE][PASSED] - Object: 'Object Repository/Modulo Pruebas SST/Seguimiento_a_accidente laborales_enfermedades_laborales_y_comunes/td_1010220596 - A A A' is clicked on

2021-12-21 16:28:17 - [TEST_STEP][PASSED] - click(findTestObject("Modulo Pruebas SST/Seguimiento_a_accidente laborales_enfermedades_laborales_y_comunes/a_Dictamen")): Object: 'Object Repository/Modulo Pruebas SST/Seguimiento_a_accidente laborales_enfermedades_laborales_y_comunes/a_Dictamen' is clicked on

2021-12-21 16:28:17 - [MESSAGE][PASSED] - Object: 'Object Repository/Modulo Pruebas SST/Seguimiento_a_accidente laborales_enfermedades_laborales_y_comunes/a_Dictamen' is clicked on

2021-12-21 16:28:17 - [TEST_STEP][PASSED] - if (waitForElementPresent(findTestObject("Modulo Pruebas SST/Seguimiento_a_accidente laborales_enfermedades_laborales_y_comunes/td_ALMANZA NOVOA JOHN ALEXANDRE"), 1)): null

2021-12-21 16:28:18 - [MESSAGE][PASSED] - Object 'Object Repository/Modulo Pruebas SST/Seguimiento_a_accidente laborales_enfermedades_laborales_y_comunes/td_ALMANZA NOVOA JOHN ALEXANDRE' is present

2021-12-21 16:28:18 - [TEST_STEP][PASSED] - click(findTestObject("Modulo Pruebas SST/Seguimiento_a_accidente laborales_enfermedades_laborales_y_comunes/td_ALMANZA NOVOA JOHN ALEXANDRE")): Object: 'Object Repository/Modulo Pruebas SST/Seguimiento_a_accidente laborales_enfermedades_laborales_y_comunes/td_ALMANZA NOVOA JOHN ALEXANDRE' is clicked on

2021-12-21 16:28:18 - [MESSAGE][PASSED] - Object: 'Object Repository/Modulo Pruebas SST/Seguimiento_a_accidente laborales_enfermedades_laborales_y_comunes/td_ALMANZA NOVOA JOHN ALEXANDRE' is clicked on

2021-12-21 16:28:18 - [TEST_STEP][PASSED] - click(findTestObject("Modulo Pruebas SST/Seguimiento_a_accidente laborales_enfermedades_laborales_y_comunes/a_Eliminar2")): Object: 'Object Repository/Modulo Pruebas SST/Seguimiento_a_accidente laborales_enfermedades_laborales_y_comunes/a_Eliminar2' is clicked on

2021-12-21 16:28:19 - [MESSAGE][PASSED] - Object: 'Object Repository/Modulo Pruebas SST/Seguimiento_a_accidente laborales_enfermedades_laborales_y_comunes/a_Eliminar2' is clicked on

2021-12-21 16:28:19 - [TEST_STEP][PASSED] - click(findTestObject("Modulo Pruebas SST/Seguimiento_a_accidente laborales_enfermedades_laborales_y_comunes/span_Si2")): Object: 'Object Repository/Modulo Pruebas SST/Seguimiento_a_accidente laborales_enfermedades_laborales_y_comunes/span_Si2' is clicked on

2021-12-21 16:28:20 - [MESSAGE][PASSED] - Object: 'Object Repository/Modulo Pruebas SST/Seguimiento_a_accidente laborales_enfermedades_laborales_y_comunes/span_Si2' is clicked on

2021-12-21 16:28:20 - [TEST_STEP][PASSED] - click(findTestObject("Modulo Pruebas SST/Seguimiento_a_accidente laborales_enfermedades_laborales_y_comunes/a_Regresar")): Object: 'Object Repository/Modulo Pruebas SST/Seguimiento_a_accidente laborales_enfermedades_laborales_y_comunes/a_Regresar' is clicked on

2021-12-21 16:28:21 - [MESSAGE][PASSED] - Object: 'Object Repository/Modulo Pruebas SST/Seguimiento_a_accidente laborales_enfermedades_laborales_y_comunes/a_Regresar' is clicked on

2021-12-21 16:28:21 - [TEST_STEP][FAILED] - click(findTestObject("Modulo Pruebas SST/Seguimiento_a_accidente laborales_enfermedades_laborales_y_comunes/a_Nombre_form_listadoSolicitudElementoj_idt65")): Unable to click on object 'Object Repository/Modulo Pruebas SST/Seguimiento_a_accidente laborales_enfermedades_laborales_y_comunes/a_Nombre_form_listadoSolicitudElementoj_idt65' (Root cause: com.kms.katalon.core.exception.StepFailedException: Unable to click on object 'Object Repository/Modulo Pruebas SST/Seguimiento_a_accidente laborales_enfermedades_laborales_y_comunes/a_Nombre_form_listadoSolicitudElementoj_idt65'
	at com.kms.katalon.core.webui.keyword.internal.WebUIKeywordMain.stepFailed(WebUIKeywordMain.groovy:64)
	at com.kms.katalon.core.webui.keyword.internal.WebUIKeywordMain.runKeyword(WebUIKeywordMain.groovy:26)
	at com.kms.katalon.core.webui.keyword.builtin.ClickKeyword.click(ClickKeyword.groovy:74)
	at com.kms.katalon.core.webui.keyword.builtin.ClickKeyword.execute(ClickKeyword.groovy:40)
	at com.kms.katalon.core.keyword.internal.KeywordExecutor.executeKeywordForPlatform(KeywordExecutor.groovy:74)
	at com.kms.katalon.core.webui.keyword.WebUiBuiltInKeywords.click(WebUiBuiltInKeywords.groovy:620)
	at com.kms.katalon.core.webui.keyword.WebUiBuiltInKeywords$click$5.call(Unknown Source)
	at 5.1.3-Seguimiento_a_accidente laborales_enfermedades_laborales_y_comunes.run(5.1.3-Seguimiento_a_accidente laborales_enfermedades_laborales_y_comunes:60)
	at com.kms.katalon.core.main.ScriptEngine.run(ScriptEngine.java:194)
	at com.kms.katalon.core.main.ScriptEngine.runScriptAsRawText(ScriptEngine.java:119)
	at com.kms.katalon.core.main.TestCaseExecutor.runScript(TestCaseExecutor.java:442)
	at com.kms.katalon.core.main.TestCaseExecutor.doExecute(TestCaseExecutor.java:433)
	at com.kms.katalon.core.main.TestCaseExecutor.processExecutionPhase(TestCaseExecutor.java:412)
	at com.kms.katalon.core.main.TestCaseExecutor.accessMainPhase(TestCaseExecutor.java:404)
	at com.kms.katalon.core.main.TestCaseExecutor.execute(TestCaseExecutor.java:281)
	at com.kms.katalon.core.main.TestSuiteExecutor.accessTestCaseMainPhase(TestSuiteExecutor.java:202)
	at com.kms.katalon.core.main.TestSuiteExecutor.accessTestSuiteMainPhase(TestSuiteExecutor.java:164)
	at com.kms.katalon.core.main.TestSuiteExecutor.execute(TestSuiteExecutor.java:105)
	at com.kms.katalon.core.main.TestCaseMain.startTestSuite(TestCaseMain.java:181)
	at com.kms.katalon.core.main.TestCaseMain$startTestSuite$0.call(Unknown Source)
	at TempTestSuite1640121193910.run(TempTestSuite1640121193910.groovy:36)
Caused by: com.kms.katalon.core.webui.exception.WebElementNotFoundException: Web element with id: 'Object Repository/Modulo Pruebas SST/Seguimiento_a_accidente laborales_enfermedades_laborales_y_comunes/a_Nombre_form_listadoSolicitudElementoj_idt65' located by '//a[@id='form_listadoSolicitudElemento:j_idt65']' not found
	at com.kms.katalon.core.webui.common.WebUiCommonHelper.findWebElement(WebUiCommonHelper.java:1368)
	at com.kms.katalon.core.webui.keyword.internal.WebUIAbstractKeyword.findWebElement(WebUIAbstractKeyword.groovy:27)
	at com.kms.katalon.core.webui.keyword.builtin.ClickKeyword$_click_closure1.doCall(ClickKeyword.groovy:65)
	at com.kms.katalon.core.webui.keyword.builtin.ClickKeyword$_click_closure1.call(ClickKeyword.groovy)
	at com.kms.katalon.core.webui.keyword.internal.WebUIKeywordMain.runKeyword(WebUIKeywordMain.groovy:20)
	at com.kms.katalon.core.webui.keyword.builtin.ClickKeyword.click(ClickKeyword.groovy:74)
	at com.kms.katalon.core.webui.keyword.builtin.ClickKeyword.execute(ClickKeyword.groovy:40)
	at com.kms.katalon.core.keyword.internal.KeywordExecutor.executeKeywordForPlatform(KeywordExecutor.groovy:74)
	at com.kms.katalon.core.webui.keyword.WebUiBuiltInKeywords.click(WebUiBuiltInKeywords.groovy:620)
	at com.kms.katalon.core.webui.keyword.WebUiBuiltInKeywords$click$5.call(Unknown Source)
	at Script1637858574132.run(Script1637858574132.groovy:60)
	... 13 more
)

2021-12-21 16:28:52 - [MESSAGE][INFO] - Unable to find the element located by 'By.xpath: //a[@id='form_listadoSolicitudElemento:j_idt65']'. Please recheck the objects properties to make sure the desired element is located. 

2021-12-21 16:28:52 - [MESSAGE][FAILED] - Unable to click on object 'Object Repository/Modulo Pruebas SST/Seguimiento_a_accidente laborales_enfermedades_laborales_y_comunes/a_Nombre_form_listadoSolicitudElementoj_idt65' (Root cause: com.kms.katalon.core.exception.StepFailedException: Unable to click on object 'Object Repository/Modulo Pruebas SST/Seguimiento_a_accidente laborales_enfermedades_laborales_y_comunes/a_Nombre_form_listadoSolicitudElementoj_idt65'
	at com.kms.katalon.core.webui.keyword.internal.WebUIKeywordMain.stepFailed(WebUIKeywordMain.groovy:64)
	at com.kms.katalon.core.webui.keyword.internal.WebUIKeywordMain.runKeyword(WebUIKeywordMain.groovy:26)
	at com.kms.katalon.core.webui.keyword.builtin.ClickKeyword.click(ClickKeyword.groovy:74)
	at com.kms.katalon.core.webui.keyword.builtin.ClickKeyword.execute(ClickKeyword.groovy:40)
	at com.kms.katalon.core.keyword.internal.KeywordExecutor.executeKeywordForPlatform(KeywordExecutor.groovy:74)
	at com.kms.katalon.core.webui.keyword.WebUiBuiltInKeywords.click(WebUiBuiltInKeywords.groovy:620)
	at com.kms.katalon.core.webui.keyword.WebUiBuiltInKeywords$click$5.call(Unknown Source)
	at 5.1.3-Seguimiento_a_accidente laborales_enfermedades_laborales_y_comunes.run(5.1.3-Seguimiento_a_accidente laborales_enfermedades_laborales_y_comunes:60)
	at com.kms.katalon.core.main.ScriptEngine.run(ScriptEngine.java:194)
	at com.kms.katalon.core.main.ScriptEngine.runScriptAsRawText(ScriptEngine.java:119)
	at com.kms.katalon.core.main.TestCaseExecutor.runScript(TestCaseExecutor.java:442)
	at com.kms.katalon.core.main.TestCaseExecutor.doExecute(TestCaseExecutor.java:433)
	at com.kms.katalon.core.main.TestCaseExecutor.processExecutionPhase(TestCaseExecutor.java:412)
	at com.kms.katalon.core.main.TestCaseExecutor.accessMainPhase(TestCaseExecutor.java:404)
	at com.kms.katalon.core.main.TestCaseExecutor.execute(TestCaseExecutor.java:281)
	at com.kms.katalon.core.main.TestSuiteExecutor.accessTestCaseMainPhase(TestSuiteExecutor.java:202)
	at com.kms.katalon.core.main.TestSuiteExecutor.accessTestSuiteMainPhase(TestSuiteExecutor.java:164)
	at com.kms.katalon.core.main.TestSuiteExecutor.execute(TestSuiteExecutor.java:105)
	at com.kms.katalon.core.main.TestCaseMain.startTestSuite(TestCaseMain.java:181)
	at com.kms.katalon.core.main.TestCaseMain$startTestSuite$0.call(Unknown Source)
	at TempTestSuite1640121193910.run(TempTestSuite1640121193910.groovy:36)
Caused by: com.kms.katalon.core.webui.exception.WebElementNotFoundException: Web element with id: 'Object Repository/Modulo Pruebas SST/Seguimiento_a_accidente laborales_enfermedades_laborales_y_comunes/a_Nombre_form_listadoSolicitudElementoj_idt65' located by '//a[@id='form_listadoSolicitudElemento:j_idt65']' not found
	at com.kms.katalon.core.webui.common.WebUiCommonHelper.findWebElement(WebUiCommonHelper.java:1368)
	at com.kms.katalon.core.webui.keyword.internal.WebUIAbstractKeyword.findWebElement(WebUIAbstractKeyword.groovy:27)
	at com.kms.katalon.core.webui.keyword.builtin.ClickKeyword$_click_closure1.doCall(ClickKeyword.groovy:65)
	at com.kms.katalon.core.webui.keyword.builtin.ClickKeyword$_click_closure1.call(ClickKeyword.groovy)
	at com.kms.katalon.core.webui.keyword.internal.WebUIKeywordMain.runKeyword(WebUIKeywordMain.groovy:20)
	at com.kms.katalon.core.webui.keyword.builtin.ClickKeyword.click(ClickKeyword.groovy:74)
	at com.kms.katalon.core.webui.keyword.builtin.ClickKeyword.execute(ClickKeyword.groovy:40)
	at com.kms.katalon.core.keyword.internal.KeywordExecutor.executeKeywordForPlatform(KeywordExecutor.groovy:74)
	at com.kms.katalon.core.webui.keyword.WebUiBuiltInKeywords.click(WebUiBuiltInKeywords.groovy:620)
	at com.kms.katalon.core.webui.keyword.WebUiBuiltInKeywords$click$5.call(Unknown Source)
	at Script1637858574132.run(Script1637858574132.groovy:60)
	... 13 more
)
[[ATTACHMENT|C:\\Users\\diego.rojas\\git\\Pruebas-Minimas\\Reports\\20211221_161251\\5-Pruebas SST\\20211221_161313\\1640122132389.png]]]]></system-out>
         <system-err><![CDATA[2021-12-21 16:27:57 - [TEST_CASE][FAILED] - Test Cases/5.1-Pruebas_SST/5.1.3-Seguimiento_a_accidente laborales_enfermedades_laborales_y_comunes: Test Cases/5.1-Pruebas_SST/5.1.3-Seguimiento_a_accidente laborales_enfermedades_laborales_y_comunes FAILED.
Reason:
com.kms.katalon.core.exception.StepFailedException: Unable to click on object 'Object Repository/Modulo Pruebas SST/Seguimiento_a_accidente laborales_enfermedades_laborales_y_comunes/a_Nombre_form_listadoSolicitudElementoj_idt65'
	at com.kms.katalon.core.webui.keyword.internal.WebUIKeywordMain.stepFailed(WebUIKeywordMain.groovy:64)
	at com.kms.katalon.core.webui.keyword.internal.WebUIKeywordMain.runKeyword(WebUIKeywordMain.groovy:26)
	at com.kms.katalon.core.webui.keyword.builtin.ClickKeyword.click(ClickKeyword.groovy:74)
	at com.kms.katalon.core.webui.keyword.builtin.ClickKeyword.execute(ClickKeyword.groovy:40)
	at com.kms.katalon.core.keyword.internal.KeywordExecutor.executeKeywordForPlatform(KeywordExecutor.groovy:74)
	at com.kms.katalon.core.webui.keyword.WebUiBuiltInKeywords.click(WebUiBuiltInKeywords.groovy:620)
	at com.kms.katalon.core.webui.keyword.WebUiBuiltInKeywords$click$5.call(Unknown Source)
	at 5.1.3-Seguimiento_a_accidente laborales_enfermedades_laborales_y_comunes.run(5.1.3-Seguimiento_a_accidente laborales_enfermedades_laborales_y_comunes:60)
	at com.kms.katalon.core.main.ScriptEngine.run(ScriptEngine.java:194)
	at com.kms.katalon.core.main.ScriptEngine.runScriptAsRawText(ScriptEngine.java:119)
	at com.kms.katalon.core.main.TestCaseExecutor.runScript(TestCaseExecutor.java:442)
	at com.kms.katalon.core.main.TestCaseExecutor.doExecute(TestCaseExecutor.java:433)
	at com.kms.katalon.core.main.TestCaseExecutor.processExecutionPhase(TestCaseExecutor.java:412)
	at com.kms.katalon.core.main.TestCaseExecutor.accessMainPhase(TestCaseExecutor.java:404)
	at com.kms.katalon.core.main.TestCaseExecutor.execute(TestCaseExecutor.java:281)
	at com.kms.katalon.core.main.TestSuiteExecutor.accessTestCaseMainPhase(TestSuiteExecutor.java:202)
	at com.kms.katalon.core.main.TestSuiteExecutor.accessTestSuiteMainPhase(TestSuiteExecutor.java:164)
	at com.kms.katalon.core.main.TestSuiteExecutor.execute(TestSuiteExecutor.java:105)
	at com.kms.katalon.core.main.TestCaseMain.startTestSuite(TestCaseMain.java:181)
	at com.kms.katalon.core.main.TestCaseMain$startTestSuite$0.call(Unknown Source)
	at TempTestSuite1640121193910.run(TempTestSuite1640121193910.groovy:36)
Caused by: com.kms.katalon.core.webui.exception.WebElementNotFoundException: Web element with id: 'Object Repository/Modulo Pruebas SST/Seguimiento_a_accidente laborales_enfermedades_laborales_y_comunes/a_Nombre_form_listadoSolicitudElementoj_idt65' located by '//a[@id='form_listadoSolicitudElemento:j_idt65']' not found
	at com.kms.katalon.core.webui.common.WebUiCommonHelper.findWebElement(WebUiCommonHelper.java:1368)
	at com.kms.katalon.core.webui.keyword.internal.WebUIAbstractKeyword.findWebElement(WebUIAbstractKeyword.groovy:27)
	at com.kms.katalon.core.webui.keyword.builtin.ClickKeyword$_click_closure1.doCall(ClickKeyword.groovy:65)
	at com.kms.katalon.core.webui.keyword.builtin.ClickKeyword$_click_closure1.call(ClickKeyword.groovy)
	at com.kms.katalon.core.webui.keyword.internal.WebUIKeywordMain.runKeyword(WebUIKeywordMain.groovy:20)
	... 19 more]]></system-err>
      </testcase>
      <testcase name="Test Cases/5.1-Pruebas_SST/5.1.4-Creación_de_Matriz_de_Peligros" time="62.9" classname="Test Cases/5.1-Pruebas_SST/5.1.4-Creación_de_Matriz_de_Peligros" status="FAILED">
         <failure type="FAILED" message="Test Cases/5.1-Pruebas_SST/5.1.4-Creación_de_Matriz_de_Peligros FAILED.
Reason:
com.kms.katalon.core.exception.StepFailedException: Unable to click on object 'Object Repository/Modulo Pruebas SST/Creación_de_Matriz_de_Peligros/a_Aceptar_Eliminar3'
	at com.kms.katalon.core.webui.keyword.internal.WebUIKeywordMain.stepFailed(WebUIKeywordMain.groovy:64)
	at com.kms.katalon.core.webui.keyword.internal.WebUIKeywordMain.runKeyword(WebUIKeywordMain.groovy:26)
	at com.kms.katalon.core.webui.keyword.builtin.ClickKeyword.click(ClickKeyword.groovy:74)
	at com.kms.katalon.core.webui.keyword.builtin.ClickKeyword.execute(ClickKeyword.groovy:40)
	at com.kms.katalon.core.keyword.internal.KeywordExecutor.executeKeywordForPlatform(KeywordExecutor.groovy:74)
	at com.kms.katalon.core.webui.keyword.WebUiBuiltInKeywords.click(WebUiBuiltInKeywords.groovy:620)
	at com.kms.katalon.core.webui.keyword.WebUiBuiltInKeywords$click$5.call(Unknown Source)
	at 5.1.4-Creación_de_Matriz_de_Peligros.run(5.1.4-Creación_de_Matriz_de_Peligros:81)
	at com.kms.katalon.core.main.ScriptEngine.run(ScriptEngine.java:194)
	at com.kms.katalon.core.main.ScriptEngine.runScriptAsRawText(ScriptEngine.java:119)
	at com.kms.katalon.core.main.TestCaseExecutor.runScript(TestCaseExecutor.java:442)
	at com.kms.katalon.core.main.TestCaseExecutor.doExecute(TestCaseExecutor.java:433)
	at com.kms.katalon.core.main.TestCaseExecutor.processExecutionPhase(TestCaseExecutor.java:412)
	at com.kms.katalon.core.main.TestCaseExecutor.accessMainPhase(TestCaseExecutor.java:404)
	at com.kms.katalon.core.main.TestCaseExecutor.execute(TestCaseExecutor.java:281)
	at com.kms.katalon.core.main.TestSuiteExecutor.accessTestCaseMainPhase(TestSuiteExecutor.java:202)
	at com.kms.katalon.core.main.TestSuiteExecutor.accessTestSuiteMainPhase(TestSuiteExecutor.java:164)
	at com.kms.katalon.core.main.TestSuiteExecutor.execute(TestSuiteExecutor.java:105)
	at com.kms.katalon.core.main.TestCaseMain.startTestSuite(TestCaseMain.java:181)
	at com.kms.katalon.core.main.TestCaseMain$startTestSuite$0.call(Unknown Source)
	at TempTestSuite1640121193910.run(TempTestSuite1640121193910.groovy:36)
Caused by: com.kms.katalon.core.webui.exception.WebElementNotFoundException: Web element with id: 'Object Repository/Modulo Pruebas SST/Creación_de_Matriz_de_Peligros/a_Aceptar_Eliminar3' located by '//a[contains(text(),'Aceptar')]' not found
	at com.kms.katalon.core.webui.common.WebUiCommonHelper.findWebElement(WebUiCommonHelper.java:1368)
	at com.kms.katalon.core.webui.keyword.internal.WebUIAbstractKeyword.findWebElement(WebUIAbstractKeyword.groovy:27)
	at com.kms.katalon.core.webui.keyword.builtin.ClickKeyword$_click_closure1.doCall(ClickKeyword.groovy:65)
	at com.kms.katalon.core.webui.keyword.builtin.ClickKeyword$_click_closure1.call(ClickKeyword.groovy)
	at com.kms.katalon.core.webui.keyword.internal.WebUIKeywordMain.runKeyword(WebUIKeywordMain.groovy:20)
	... 19 more
"/>
         <system-out><![CDATA[2021-12-21 16:28:52 - [TEST_CASE][FAILED] - Test Cases/5.1-Pruebas_SST/5.1.4-Creación_de_Matriz_de_Peligros: Test Cases/5.1-Pruebas_SST/5.1.4-Creación_de_Matriz_de_Peligros FAILED.
Reason:
com.kms.katalon.core.exception.StepFailedException: Unable to click on object 'Object Repository/Modulo Pruebas SST/Creación_de_Matriz_de_Peligros/a_Aceptar_Eliminar3'
	at com.kms.katalon.core.webui.keyword.internal.WebUIKeywordMain.stepFailed(WebUIKeywordMain.groovy:64)
	at com.kms.katalon.core.webui.keyword.internal.WebUIKeywordMain.runKeyword(WebUIKeywordMain.groovy:26)
	at com.kms.katalon.core.webui.keyword.builtin.ClickKeyword.click(ClickKeyword.groovy:74)
	at com.kms.katalon.core.webui.keyword.builtin.ClickKeyword.execute(ClickKeyword.groovy:40)
	at com.kms.katalon.core.keyword.internal.KeywordExecutor.executeKeywordForPlatform(KeywordExecutor.groovy:74)
	at com.kms.katalon.core.webui.keyword.WebUiBuiltInKeywords.click(WebUiBuiltInKeywords.groovy:620)
	at com.kms.katalon.core.webui.keyword.WebUiBuiltInKeywords$click$5.call(Unknown Source)
	at 5.1.4-Creación_de_Matriz_de_Peligros.run(5.1.4-Creación_de_Matriz_de_Peligros:81)
	at com.kms.katalon.core.main.ScriptEngine.run(ScriptEngine.java:194)
	at com.kms.katalon.core.main.ScriptEngine.runScriptAsRawText(ScriptEngine.java:119)
	at com.kms.katalon.core.main.TestCaseExecutor.runScript(TestCaseExecutor.java:442)
	at com.kms.katalon.core.main.TestCaseExecutor.doExecute(TestCaseExecutor.java:433)
	at com.kms.katalon.core.main.TestCaseExecutor.processExecutionPhase(TestCaseExecutor.java:412)
	at com.kms.katalon.core.main.TestCaseExecutor.accessMainPhase(TestCaseExecutor.java:404)
	at com.kms.katalon.core.main.TestCaseExecutor.execute(TestCaseExecutor.java:281)
	at com.kms.katalon.core.main.TestSuiteExecutor.accessTestCaseMainPhase(TestSuiteExecutor.java:202)
	at com.kms.katalon.core.main.TestSuiteExecutor.accessTestSuiteMainPhase(TestSuiteExecutor.java:164)
	at com.kms.katalon.core.main.TestSuiteExecutor.execute(TestSuiteExecutor.java:105)
	at com.kms.katalon.core.main.TestCaseMain.startTestSuite(TestCaseMain.java:181)
	at com.kms.katalon.core.main.TestCaseMain$startTestSuite$0.call(Unknown Source)
	at TempTestSuite1640121193910.run(TempTestSuite1640121193910.groovy:36)
Caused by: com.kms.katalon.core.webui.exception.WebElementNotFoundException: Web element with id: 'Object Repository/Modulo Pruebas SST/Creación_de_Matriz_de_Peligros/a_Aceptar_Eliminar3' located by '//a[contains(text(),'Aceptar')]' not found
	at com.kms.katalon.core.webui.common.WebUiCommonHelper.findWebElement(WebUiCommonHelper.java:1368)
	at com.kms.katalon.core.webui.keyword.internal.WebUIAbstractKeyword.findWebElement(WebUIAbstractKeyword.groovy:27)
	at com.kms.katalon.core.webui.keyword.builtin.ClickKeyword$_click_closure1.doCall(ClickKeyword.groovy:65)
	at com.kms.katalon.core.webui.keyword.builtin.ClickKeyword$_click_closure1.call(ClickKeyword.groovy)
	at com.kms.katalon.core.webui.keyword.internal.WebUIKeywordMain.runKeyword(WebUIKeywordMain.groovy:20)
	... 19 more


2021-12-21 16:28:52 - [TEST_STEP][PASSED] - callTestCase(findTestCase("0.1-Login"), [:], STOP_ON_FAILURE): Call Test Case 'Test Cases/0.1-Login' successfully

2021-12-21 16:28:52 - [TEST_CASE][PASSED] - Test Cases/0.1-Login: Test Cases/0.1-Login

2021-12-21 16:28:52 - [TEST_STEP][PASSED] - openBrowser(""): Browser is opened with url: ''

2021-12-21 16:28:52 - [MESSAGE][WARNING] - A browser is already opened. Closing browser and opening a new one

2021-12-21 16:28:53 - [MESSAGE][INFO] - Starting 'Chrome' driver

2021-12-21 16:28:53 - [MESSAGE][INFO] - Action delay is set to 0 milliseconds

2021-12-21 16:28:54 - [MESSAGE][PASSED] - Browser is opened with url: ''

2021-12-21 16:28:54 - [TEST_STEP][PASSED] - maximizeWindow(): Current window maximized

2021-12-21 16:28:55 - [MESSAGE][PASSED] - Current window maximized

2021-12-21 16:28:55 - [TEST_STEP][PASSED] - i = G_Login: null

2021-12-21 16:28:55 - [TEST_STEP][PASSED] - url = new java.net.URL(i): null

2021-12-21 16:28:55 - [TEST_STEP][PASSED] - println("URL: " + url.toString()): null

2021-12-21 16:28:55 - [TEST_STEP][PASSED] - connection = url.openConnection(): null

2021-12-21 16:28:55 - [TEST_STEP][PASSED] - connection.setRequestMethod("GET"): null

2021-12-21 16:28:55 - [TEST_STEP][PASSED] - connection.setReadTimeout(2 * 1000): null

2021-12-21 16:28:55 - [TEST_STEP][PASSED] - try: null

2021-12-21 16:28:55 - [TEST_STEP][PASSED] - connection.connect(): null

2021-12-21 16:28:55 - [TEST_STEP][PASSED] - flag = connected: null

2021-12-21 16:28:55 - [TEST_STEP][PASSED] - println("Valor_ori: " + flag): null

2021-12-21 16:28:55 - [TEST_STEP][PASSED] - if (flag): null

2021-12-21 16:28:55 - [TEST_STEP][PASSED] - navigateToUrl(i): Navigate to 'http://192.168.2.80:8380/saraweb' successfully

2021-12-21 16:28:55 - [MESSAGE][PASSED] - Navigate to 'http://192.168.2.80:8380/saraweb' successfully

2021-12-21 16:28:55 - [TEST_STEP][PASSED] - a(): null

2021-12-21 16:28:55 - [TEST_STEP][PASSED] - setText(findTestObject("Login/input_USUARIO_loginusuario"), G_Usuario): Text 'saraadmin' is set on object 'Object Repository/Login/input_USUARIO_loginusuario'

2021-12-21 16:28:56 - [MESSAGE][PASSED] - Text 'saraadmin' is set on object 'Object Repository/Login/input_USUARIO_loginusuario'

2021-12-21 16:28:56 - [TEST_STEP][PASSED] - setEncryptedText(findTestObject("Login/input_CLAVE_loginpassword"), "MkG4/TYiCFC3cb2driP7+Q=="): Text ****** has been set on object 'Object Repository/Login/input_CLAVE_loginpassword'

2021-12-21 16:28:57 - [MESSAGE][PASSED] - Text ****** has been set on object 'Object Repository/Login/input_CLAVE_loginpassword'

2021-12-21 16:28:57 - [TEST_STEP][PASSED] - waitForElementClickable(findTestObject("Login/a_Ingresar"), G_TimeOut): Object 'Object Repository/Login/a_Ingresar' is clickable

2021-12-21 16:28:57 - [MESSAGE][PASSED] - Object 'Object Repository/Login/a_Ingresar' is clickable

2021-12-21 16:28:57 - [TEST_STEP][PASSED] - click(findTestObject("Login/a_Ingresar")): Object: 'Object Repository/Login/a_Ingresar' is clicked on

2021-12-21 16:28:59 - [MESSAGE][PASSED] - Object: 'Object Repository/Login/a_Ingresar' is clicked on

2021-12-21 16:28:59 - [TEST_STEP][PASSED] - element = findWebElement(findTestObject("Login/a_Ir"), 30): null

2021-12-21 16:29:00 - [TEST_STEP][PASSED] - executeJavaScript("arguments[0].click()", Arrays.asList(element)): Execute JavaScript 'arguments[0].click()' successfully

2021-12-21 16:29:00 - [MESSAGE][PASSED] - Execute JavaScript 'arguments[0].click()' successfully

2021-12-21 16:29:00 - [MESSAGE][PASSED] - Call Test Case 'Test Cases/0.1-Login' successfully

2021-12-21 16:29:00 - [TEST_STEP][PASSED] - setText(findTestObject("Modulo Pruebas SST/Creación_de_Matriz_de_Peligros/input_Listado Caso Atep_form_templatej_idt24_input"), "Matriz de peligros"): Text 'Matriz de peligros' is set on object 'Object Repository/Modulo Pruebas SST/Creación_de_Matriz_de_Peligros/input_Listado Caso Atep_form_templatej_idt24_input'

2021-12-21 16:29:01 - [MESSAGE][PASSED] - Text 'Matriz de peligros' is set on object 'Object Repository/Modulo Pruebas SST/Creación_de_Matriz_de_Peligros/input_Listado Caso Atep_form_templatej_idt24_input'

2021-12-21 16:29:01 - [TEST_STEP][PASSED] - click(findTestObject("Modulo Pruebas SST/Creación_de_Matriz_de_Peligros/li_Matriz de peligros (sst)")): Object: 'Object Repository/Modulo Pruebas SST/Creación_de_Matriz_de_Peligros/li_Matriz de peligros (sst)' is clicked on

2021-12-21 16:29:02 - [MESSAGE][PASSED] - Object: 'Object Repository/Modulo Pruebas SST/Creación_de_Matriz_de_Peligros/li_Matriz de peligros (sst)' is clicked on

2021-12-21 16:29:02 - [TEST_STEP][PASSED] - selectOptionByIndex(findTestObject("Modulo Pruebas SST/Creación_de_Matriz_de_Peligros/select_Periodo_principal"), 2): All options with index in [2] are selected on object 'Object Repository/Modulo Pruebas SST/Creación_de_Matriz_de_Peligros/select_Periodo_principal'

2021-12-21 16:29:05 - [MESSAGE][PASSED] - All options with index in [2] are selected on object 'Object Repository/Modulo Pruebas SST/Creación_de_Matriz_de_Peligros/select_Periodo_principal'

2021-12-21 16:29:05 - [TEST_STEP][PASSED] - selectOptionByIndex(findTestObject("Modulo Pruebas SST/Creación_de_Matriz_de_Peligros/select_Empresa_principal"), 1): All options with index in [1] are selected on object 'Object Repository/Modulo Pruebas SST/Creación_de_Matriz_de_Peligros/select_Empresa_principal'

2021-12-21 16:29:07 - [MESSAGE][PASSED] - All options with index in [1] are selected on object 'Object Repository/Modulo Pruebas SST/Creación_de_Matriz_de_Peligros/select_Empresa_principal'

2021-12-21 16:29:07 - [TEST_STEP][PASSED] - if (waitForElementPresent(findTestObject("Modulo Pruebas SST/Creación_de_Matriz_de_Peligros/td_PRUEBA KATALON"), 1)): null

2021-12-21 16:29:08 - [MESSAGE][PASSED] - Object 'Object Repository/Modulo Pruebas SST/Creación_de_Matriz_de_Peligros/td_PRUEBA KATALON' is present

2021-12-21 16:29:08 - [TEST_STEP][PASSED] - click(findTestObject("Modulo Pruebas SST/Creación_de_Matriz_de_Peligros/a_Fsico. - Riesgo Fsico_form_listadoMatrizPeligrotablaMatrizPeligroDetalle1j_idt138")): Object: 'Object Repository/Modulo Pruebas SST/Creación_de_Matriz_de_Peligros/a_Fsico. - Riesgo Fsico_form_listadoMatrizPeligrotablaMatrizPeligroDetalle1j_idt138' is clicked on

2021-12-21 16:29:08 - [MESSAGE][PASSED] - Object: 'Object Repository/Modulo Pruebas SST/Creación_de_Matriz_de_Peligros/a_Fsico. - Riesgo Fsico_form_listadoMatrizPeligrotablaMatrizPeligroDetalle1j_idt138' is clicked on

2021-12-21 16:29:08 - [TEST_STEP][PASSED] - click(findTestObject("Modulo Pruebas SST/Creación_de_Matriz_de_Peligros/a_Anexos_Eliminar")): Object: 'Object Repository/Modulo Pruebas SST/Creación_de_Matriz_de_Peligros/a_Anexos_Eliminar' is clicked on

2021-12-21 16:29:09 - [MESSAGE][PASSED] - Object: 'Object Repository/Modulo Pruebas SST/Creación_de_Matriz_de_Peligros/a_Anexos_Eliminar' is clicked on

2021-12-21 16:29:09 - [TEST_STEP][PASSED] - if (waitForElementPresent(findTestObject("Modulo Pruebas SST/Creación_de_Matriz_de_Peligros/td_Pruebas k"), 1)): null

2021-12-21 16:29:10 - [MESSAGE][PASSED] - Object 'Object Repository/Modulo Pruebas SST/Creación_de_Matriz_de_Peligros/td_Pruebas k' is present

2021-12-21 16:29:10 - [TEST_STEP][PASSED] - click(findTestObject("Modulo Pruebas SST/Creación_de_Matriz_de_Peligros/td_Pruebas k")): Object: 'Object Repository/Modulo Pruebas SST/Creación_de_Matriz_de_Peligros/td_Pruebas k' is clicked on

2021-12-21 16:29:11 - [MESSAGE][PASSED] - Object: 'Object Repository/Modulo Pruebas SST/Creación_de_Matriz_de_Peligros/td_Pruebas k' is clicked on

2021-12-21 16:29:11 - [TEST_STEP][PASSED] - click(findTestObject("Modulo Pruebas SST/Creación_de_Matriz_de_Peligros/a_prueba.pdf_Eliminar")): Object: 'Object Repository/Modulo Pruebas SST/Creación_de_Matriz_de_Peligros/a_prueba.pdf_Eliminar' is clicked on

2021-12-21 16:29:11 - [MESSAGE][PASSED] - Object: 'Object Repository/Modulo Pruebas SST/Creación_de_Matriz_de_Peligros/a_prueba.pdf_Eliminar' is clicked on

2021-12-21 16:29:11 - [TEST_STEP][PASSED] - click(findTestObject("Modulo Pruebas SST/Creación_de_Matriz_de_Peligros/span_Si")): Object: 'Object Repository/Modulo Pruebas SST/Creación_de_Matriz_de_Peligros/span_Si' is clicked on

2021-12-21 16:29:11 - [MESSAGE][PASSED] - Object: 'Object Repository/Modulo Pruebas SST/Creación_de_Matriz_de_Peligros/span_Si' is clicked on

2021-12-21 16:29:11 - [TEST_STEP][PASSED] - click(findTestObject("Modulo Pruebas SST/Creación_de_Matriz_de_Peligros/a_Medida de intervencin_Eliminar"), STOP_ON_FAILURE): Object: 'Object Repository/Modulo Pruebas SST/Creación_de_Matriz_de_Peligros/a_Medida de intervencin_Eliminar' is clicked on

2021-12-21 16:29:12 - [MESSAGE][PASSED] - Object: 'Object Repository/Modulo Pruebas SST/Creación_de_Matriz_de_Peligros/a_Medida de intervencin_Eliminar' is clicked on

2021-12-21 16:29:12 - [TEST_STEP][PASSED] - if (waitForElementPresent(findTestObject("Modulo Pruebas SST/Creación_de_Matriz_de_Peligros/td_PRUEBAS K (1)"), 1)): null

2021-12-21 16:29:14 - [MESSAGE][PASSED] - Object 'Object Repository/Modulo Pruebas SST/Creación_de_Matriz_de_Peligros/td_PRUEBAS K (1)' is present

2021-12-21 16:29:14 - [TEST_STEP][PASSED] - click(findTestObject("Modulo Pruebas SST/Creación_de_Matriz_de_Peligros/td_PRUEBAS K (1)")): Object: 'Object Repository/Modulo Pruebas SST/Creación_de_Matriz_de_Peligros/td_PRUEBAS K (1)' is clicked on

2021-12-21 16:29:14 - [MESSAGE][PASSED] - Object: 'Object Repository/Modulo Pruebas SST/Creación_de_Matriz_de_Peligros/td_PRUEBAS K (1)' is clicked on

2021-12-21 16:29:14 - [TEST_STEP][PASSED] - click(findTestObject("Modulo Pruebas SST/Creación_de_Matriz_de_Peligros/a_Eliminar0")): Object: 'Object Repository/Modulo Pruebas SST/Creación_de_Matriz_de_Peligros/a_Eliminar0' is clicked on

2021-12-21 16:29:15 - [MESSAGE][PASSED] - Object: 'Object Repository/Modulo Pruebas SST/Creación_de_Matriz_de_Peligros/a_Eliminar0' is clicked on

2021-12-21 16:29:15 - [TEST_STEP][PASSED] - click(findTestObject("Modulo Pruebas SST/Creación_de_Matriz_de_Peligros/a_Aceptar_Eliminar0")): Object: 'Object Repository/Modulo Pruebas SST/Creación_de_Matriz_de_Peligros/a_Aceptar_Eliminar0' is clicked on

2021-12-21 16:29:16 - [MESSAGE][PASSED] - Object: 'Object Repository/Modulo Pruebas SST/Creación_de_Matriz_de_Peligros/a_Aceptar_Eliminar0' is clicked on

2021-12-21 16:29:16 - [TEST_STEP][PASSED] - click(findTestObject("Modulo Pruebas SST/Creación_de_Matriz_de_Peligros/a_Niveles de Riesgo_Eliminar")): Object: 'Object Repository/Modulo Pruebas SST/Creación_de_Matriz_de_Peligros/a_Niveles de Riesgo_Eliminar' is clicked on

2021-12-21 16:29:17 - [MESSAGE][PASSED] - Object: 'Object Repository/Modulo Pruebas SST/Creación_de_Matriz_de_Peligros/a_Niveles de Riesgo_Eliminar' is clicked on

2021-12-21 16:29:17 - [TEST_STEP][PASSED] - if (waitForElementVisible(findTestObject("Modulo Pruebas SST/Creación_de_Matriz_de_Peligros/td_1"), 1)): null

2021-12-21 16:29:17 - [MESSAGE][PASSED] - Object 'Object Repository/Modulo Pruebas SST/Creación_de_Matriz_de_Peligros/td_1' is visible

2021-12-21 16:29:17 - [TEST_STEP][PASSED] - click(findTestObject("Modulo Pruebas SST/Creación_de_Matriz_de_Peligros/td_1")): Object: 'Object Repository/Modulo Pruebas SST/Creación_de_Matriz_de_Peligros/td_1' is clicked on

2021-12-21 16:29:18 - [MESSAGE][PASSED] - Object: 'Object Repository/Modulo Pruebas SST/Creación_de_Matriz_de_Peligros/td_1' is clicked on

2021-12-21 16:29:18 - [TEST_STEP][PASSED] - click(findTestObject("Modulo Pruebas SST/Creación_de_Matriz_de_Peligros/a_Eliminar1")): Object: 'Object Repository/Modulo Pruebas SST/Creación_de_Matriz_de_Peligros/a_Eliminar1' is clicked on

2021-12-21 16:29:18 - [MESSAGE][PASSED] - Object: 'Object Repository/Modulo Pruebas SST/Creación_de_Matriz_de_Peligros/a_Eliminar1' is clicked on

2021-12-21 16:29:18 - [TEST_STEP][PASSED] - click(findTestObject("Modulo Pruebas SST/Creación_de_Matriz_de_Peligros/a_Aceptar_Eliminar1")): Object: 'Object Repository/Modulo Pruebas SST/Creación_de_Matriz_de_Peligros/a_Aceptar_Eliminar1' is clicked on

2021-12-21 16:29:19 - [MESSAGE][PASSED] - Object: 'Object Repository/Modulo Pruebas SST/Creación_de_Matriz_de_Peligros/a_Aceptar_Eliminar1' is clicked on

2021-12-21 16:29:19 - [TEST_STEP][PASSED] - click(findTestObject("Modulo Pruebas SST/Creación_de_Matriz_de_Peligros/a_Controles Existentes_Eliminar")): Object: 'Object Repository/Modulo Pruebas SST/Creación_de_Matriz_de_Peligros/a_Controles Existentes_Eliminar' is clicked on

2021-12-21 16:29:20 - [MESSAGE][PASSED] - Object: 'Object Repository/Modulo Pruebas SST/Creación_de_Matriz_de_Peligros/a_Controles Existentes_Eliminar' is clicked on

2021-12-21 16:29:20 - [TEST_STEP][PASSED] - if (waitForElementPresent(findTestObject("Modulo Pruebas SST/Creación_de_Matriz_de_Peligros/td_Individuo"), 1)): null

2021-12-21 16:29:20 - [MESSAGE][PASSED] - Object 'Object Repository/Modulo Pruebas SST/Creación_de_Matriz_de_Peligros/td_Individuo' is present

2021-12-21 16:29:20 - [TEST_STEP][PASSED] - click(findTestObject("Modulo Pruebas SST/Creación_de_Matriz_de_Peligros/td_Individuo")): Object: 'Object Repository/Modulo Pruebas SST/Creación_de_Matriz_de_Peligros/td_Individuo' is clicked on

2021-12-21 16:29:21 - [MESSAGE][PASSED] - Object: 'Object Repository/Modulo Pruebas SST/Creación_de_Matriz_de_Peligros/td_Individuo' is clicked on

2021-12-21 16:29:21 - [TEST_STEP][PASSED] - click(findTestObject("Modulo Pruebas SST/Creación_de_Matriz_de_Peligros/a_Eliminar2")): Object: 'Object Repository/Modulo Pruebas SST/Creación_de_Matriz_de_Peligros/a_Eliminar2' is clicked on

2021-12-21 16:29:22 - [MESSAGE][PASSED] - Object: 'Object Repository/Modulo Pruebas SST/Creación_de_Matriz_de_Peligros/a_Eliminar2' is clicked on

2021-12-21 16:29:22 - [TEST_STEP][PASSED] - click(findTestObject("Modulo Pruebas SST/Creación_de_Matriz_de_Peligros/a_Aceptar_Eliminar2")): Object: 'Object Repository/Modulo Pruebas SST/Creación_de_Matriz_de_Peligros/a_Aceptar_Eliminar2' is clicked on

2021-12-21 16:29:23 - [MESSAGE][PASSED] - Object: 'Object Repository/Modulo Pruebas SST/Creación_de_Matriz_de_Peligros/a_Aceptar_Eliminar2' is clicked on

2021-12-21 16:29:23 - [TEST_STEP][PASSED] - click(findTestObject("Modulo Pruebas SST/Creación_de_Matriz_de_Peligros/a_Detalle")): Object: 'Object Repository/Modulo Pruebas SST/Creación_de_Matriz_de_Peligros/a_Detalle' is clicked on

2021-12-21 16:29:23 - [MESSAGE][PASSED] - Object: 'Object Repository/Modulo Pruebas SST/Creación_de_Matriz_de_Peligros/a_Detalle' is clicked on

2021-12-21 16:29:23 - [TEST_STEP][PASSED] - click(findTestObject("Modulo Pruebas SST/Creación_de_Matriz_de_Peligros/a_Eliminar3")): Object: 'Object Repository/Modulo Pruebas SST/Creación_de_Matriz_de_Peligros/a_Eliminar3' is clicked on

2021-12-21 16:29:24 - [MESSAGE][PASSED] - Object: 'Object Repository/Modulo Pruebas SST/Creación_de_Matriz_de_Peligros/a_Eliminar3' is clicked on

2021-12-21 16:29:24 - [TEST_STEP][FAILED] - click(findTestObject("Modulo Pruebas SST/Creación_de_Matriz_de_Peligros/a_Aceptar_Eliminar3")): Unable to click on object 'Object Repository/Modulo Pruebas SST/Creación_de_Matriz_de_Peligros/a_Aceptar_Eliminar3' (Root cause: com.kms.katalon.core.exception.StepFailedException: Unable to click on object 'Object Repository/Modulo Pruebas SST/Creación_de_Matriz_de_Peligros/a_Aceptar_Eliminar3'
	at com.kms.katalon.core.webui.keyword.internal.WebUIKeywordMain.stepFailed(WebUIKeywordMain.groovy:64)
	at com.kms.katalon.core.webui.keyword.internal.WebUIKeywordMain.runKeyword(WebUIKeywordMain.groovy:26)
	at com.kms.katalon.core.webui.keyword.builtin.ClickKeyword.click(ClickKeyword.groovy:74)
	at com.kms.katalon.core.webui.keyword.builtin.ClickKeyword.execute(ClickKeyword.groovy:40)
	at com.kms.katalon.core.keyword.internal.KeywordExecutor.executeKeywordForPlatform(KeywordExecutor.groovy:74)
	at com.kms.katalon.core.webui.keyword.WebUiBuiltInKeywords.click(WebUiBuiltInKeywords.groovy:620)
	at com.kms.katalon.core.webui.keyword.WebUiBuiltInKeywords$click$5.call(Unknown Source)
	at 5.1.4-Creación_de_Matriz_de_Peligros.run(5.1.4-Creación_de_Matriz_de_Peligros:81)
	at com.kms.katalon.core.main.ScriptEngine.run(ScriptEngine.java:194)
	at com.kms.katalon.core.main.ScriptEngine.runScriptAsRawText(ScriptEngine.java:119)
	at com.kms.katalon.core.main.TestCaseExecutor.runScript(TestCaseExecutor.java:442)
	at com.kms.katalon.core.main.TestCaseExecutor.doExecute(TestCaseExecutor.java:433)
	at com.kms.katalon.core.main.TestCaseExecutor.processExecutionPhase(TestCaseExecutor.java:412)
	at com.kms.katalon.core.main.TestCaseExecutor.accessMainPhase(TestCaseExecutor.java:404)
	at com.kms.katalon.core.main.TestCaseExecutor.execute(TestCaseExecutor.java:281)
	at com.kms.katalon.core.main.TestSuiteExecutor.accessTestCaseMainPhase(TestSuiteExecutor.java:202)
	at com.kms.katalon.core.main.TestSuiteExecutor.accessTestSuiteMainPhase(TestSuiteExecutor.java:164)
	at com.kms.katalon.core.main.TestSuiteExecutor.execute(TestSuiteExecutor.java:105)
	at com.kms.katalon.core.main.TestCaseMain.startTestSuite(TestCaseMain.java:181)
	at com.kms.katalon.core.main.TestCaseMain$startTestSuite$0.call(Unknown Source)
	at TempTestSuite1640121193910.run(TempTestSuite1640121193910.groovy:36)
Caused by: com.kms.katalon.core.webui.exception.WebElementNotFoundException: Web element with id: 'Object Repository/Modulo Pruebas SST/Creación_de_Matriz_de_Peligros/a_Aceptar_Eliminar3' located by '//a[contains(text(),'Aceptar')]' not found
	at com.kms.katalon.core.webui.common.WebUiCommonHelper.findWebElement(WebUiCommonHelper.java:1368)
	at com.kms.katalon.core.webui.keyword.internal.WebUIAbstractKeyword.findWebElement(WebUIAbstractKeyword.groovy:27)
	at com.kms.katalon.core.webui.keyword.builtin.ClickKeyword$_click_closure1.doCall(ClickKeyword.groovy:65)
	at com.kms.katalon.core.webui.keyword.builtin.ClickKeyword$_click_closure1.call(ClickKeyword.groovy)
	at com.kms.katalon.core.webui.keyword.internal.WebUIKeywordMain.runKeyword(WebUIKeywordMain.groovy:20)
	at com.kms.katalon.core.webui.keyword.builtin.ClickKeyword.click(ClickKeyword.groovy:74)
	at com.kms.katalon.core.webui.keyword.builtin.ClickKeyword.execute(ClickKeyword.groovy:40)
	at com.kms.katalon.core.keyword.internal.KeywordExecutor.executeKeywordForPlatform(KeywordExecutor.groovy:74)
	at com.kms.katalon.core.webui.keyword.WebUiBuiltInKeywords.click(WebUiBuiltInKeywords.groovy:620)
	at com.kms.katalon.core.webui.keyword.WebUiBuiltInKeywords$click$5.call(Unknown Source)
	at Script1637871030329.run(Script1637871030329.groovy:81)
	... 13 more
)

2021-12-21 16:29:55 - [MESSAGE][INFO] - Unable to find the element located by 'By.xpath: //a[contains(text(),'Aceptar')]'. Please recheck the objects properties to make sure the desired element is located. 

2021-12-21 16:29:55 - [MESSAGE][FAILED] - Unable to click on object 'Object Repository/Modulo Pruebas SST/Creación_de_Matriz_de_Peligros/a_Aceptar_Eliminar3' (Root cause: com.kms.katalon.core.exception.StepFailedException: Unable to click on object 'Object Repository/Modulo Pruebas SST/Creación_de_Matriz_de_Peligros/a_Aceptar_Eliminar3'
	at com.kms.katalon.core.webui.keyword.internal.WebUIKeywordMain.stepFailed(WebUIKeywordMain.groovy:64)
	at com.kms.katalon.core.webui.keyword.internal.WebUIKeywordMain.runKeyword(WebUIKeywordMain.groovy:26)
	at com.kms.katalon.core.webui.keyword.builtin.ClickKeyword.click(ClickKeyword.groovy:74)
	at com.kms.katalon.core.webui.keyword.builtin.ClickKeyword.execute(ClickKeyword.groovy:40)
	at com.kms.katalon.core.keyword.internal.KeywordExecutor.executeKeywordForPlatform(KeywordExecutor.groovy:74)
	at com.kms.katalon.core.webui.keyword.WebUiBuiltInKeywords.click(WebUiBuiltInKeywords.groovy:620)
	at com.kms.katalon.core.webui.keyword.WebUiBuiltInKeywords$click$5.call(Unknown Source)
	at 5.1.4-Creación_de_Matriz_de_Peligros.run(5.1.4-Creación_de_Matriz_de_Peligros:81)
	at com.kms.katalon.core.main.ScriptEngine.run(ScriptEngine.java:194)
	at com.kms.katalon.core.main.ScriptEngine.runScriptAsRawText(ScriptEngine.java:119)
	at com.kms.katalon.core.main.TestCaseExecutor.runScript(TestCaseExecutor.java:442)
	at com.kms.katalon.core.main.TestCaseExecutor.doExecute(TestCaseExecutor.java:433)
	at com.kms.katalon.core.main.TestCaseExecutor.processExecutionPhase(TestCaseExecutor.java:412)
	at com.kms.katalon.core.main.TestCaseExecutor.accessMainPhase(TestCaseExecutor.java:404)
	at com.kms.katalon.core.main.TestCaseExecutor.execute(TestCaseExecutor.java:281)
	at com.kms.katalon.core.main.TestSuiteExecutor.accessTestCaseMainPhase(TestSuiteExecutor.java:202)
	at com.kms.katalon.core.main.TestSuiteExecutor.accessTestSuiteMainPhase(TestSuiteExecutor.java:164)
	at com.kms.katalon.core.main.TestSuiteExecutor.execute(TestSuiteExecutor.java:105)
	at com.kms.katalon.core.main.TestCaseMain.startTestSuite(TestCaseMain.java:181)
	at com.kms.katalon.core.main.TestCaseMain$startTestSuite$0.call(Unknown Source)
	at TempTestSuite1640121193910.run(TempTestSuite1640121193910.groovy:36)
Caused by: com.kms.katalon.core.webui.exception.WebElementNotFoundException: Web element with id: 'Object Repository/Modulo Pruebas SST/Creación_de_Matriz_de_Peligros/a_Aceptar_Eliminar3' located by '//a[contains(text(),'Aceptar')]' not found
	at com.kms.katalon.core.webui.common.WebUiCommonHelper.findWebElement(WebUiCommonHelper.java:1368)
	at com.kms.katalon.core.webui.keyword.internal.WebUIAbstractKeyword.findWebElement(WebUIAbstractKeyword.groovy:27)
	at com.kms.katalon.core.webui.keyword.builtin.ClickKeyword$_click_closure1.doCall(ClickKeyword.groovy:65)
	at com.kms.katalon.core.webui.keyword.builtin.ClickKeyword$_click_closure1.call(ClickKeyword.groovy)
	at com.kms.katalon.core.webui.keyword.internal.WebUIKeywordMain.runKeyword(WebUIKeywordMain.groovy:20)
	at com.kms.katalon.core.webui.keyword.builtin.ClickKeyword.click(ClickKeyword.groovy:74)
	at com.kms.katalon.core.webui.keyword.builtin.ClickKeyword.execute(ClickKeyword.groovy:40)
	at com.kms.katalon.core.keyword.internal.KeywordExecutor.executeKeywordForPlatform(KeywordExecutor.groovy:74)
	at com.kms.katalon.core.webui.keyword.WebUiBuiltInKeywords.click(WebUiBuiltInKeywords.groovy:620)
	at com.kms.katalon.core.webui.keyword.WebUiBuiltInKeywords$click$5.call(Unknown Source)
	at Script1637871030329.run(Script1637871030329.groovy:81)
	... 13 more
)
[[ATTACHMENT|C:\\Users\\diego.rojas\\git\\Pruebas-Minimas\\Reports\\20211221_161251\\5-Pruebas SST\\20211221_161313\\1640122195267.png]]]]></system-out>
         <system-err><![CDATA[2021-12-21 16:28:52 - [TEST_CASE][FAILED] - Test Cases/5.1-Pruebas_SST/5.1.4-Creación_de_Matriz_de_Peligros: Test Cases/5.1-Pruebas_SST/5.1.4-Creación_de_Matriz_de_Peligros FAILED.
Reason:
com.kms.katalon.core.exception.StepFailedException: Unable to click on object 'Object Repository/Modulo Pruebas SST/Creación_de_Matriz_de_Peligros/a_Aceptar_Eliminar3'
	at com.kms.katalon.core.webui.keyword.internal.WebUIKeywordMain.stepFailed(WebUIKeywordMain.groovy:64)
	at com.kms.katalon.core.webui.keyword.internal.WebUIKeywordMain.runKeyword(WebUIKeywordMain.groovy:26)
	at com.kms.katalon.core.webui.keyword.builtin.ClickKeyword.click(ClickKeyword.groovy:74)
	at com.kms.katalon.core.webui.keyword.builtin.ClickKeyword.execute(ClickKeyword.groovy:40)
	at com.kms.katalon.core.keyword.internal.KeywordExecutor.executeKeywordForPlatform(KeywordExecutor.groovy:74)
	at com.kms.katalon.core.webui.keyword.WebUiBuiltInKeywords.click(WebUiBuiltInKeywords.groovy:620)
	at com.kms.katalon.core.webui.keyword.WebUiBuiltInKeywords$click$5.call(Unknown Source)
	at 5.1.4-Creación_de_Matriz_de_Peligros.run(5.1.4-Creación_de_Matriz_de_Peligros:81)
	at com.kms.katalon.core.main.ScriptEngine.run(ScriptEngine.java:194)
	at com.kms.katalon.core.main.ScriptEngine.runScriptAsRawText(ScriptEngine.java:119)
	at com.kms.katalon.core.main.TestCaseExecutor.runScript(TestCaseExecutor.java:442)
	at com.kms.katalon.core.main.TestCaseExecutor.doExecute(TestCaseExecutor.java:433)
	at com.kms.katalon.core.main.TestCaseExecutor.processExecutionPhase(TestCaseExecutor.java:412)
	at com.kms.katalon.core.main.TestCaseExecutor.accessMainPhase(TestCaseExecutor.java:404)
	at com.kms.katalon.core.main.TestCaseExecutor.execute(TestCaseExecutor.java:281)
	at com.kms.katalon.core.main.TestSuiteExecutor.accessTestCaseMainPhase(TestSuiteExecutor.java:202)
	at com.kms.katalon.core.main.TestSuiteExecutor.accessTestSuiteMainPhase(TestSuiteExecutor.java:164)
	at com.kms.katalon.core.main.TestSuiteExecutor.execute(TestSuiteExecutor.java:105)
	at com.kms.katalon.core.main.TestCaseMain.startTestSuite(TestCaseMain.java:181)
	at com.kms.katalon.core.main.TestCaseMain$startTestSuite$0.call(Unknown Source)
	at TempTestSuite1640121193910.run(TempTestSuite1640121193910.groovy:36)
Caused by: com.kms.katalon.core.webui.exception.WebElementNotFoundException: Web element with id: 'Object Repository/Modulo Pruebas SST/Creación_de_Matriz_de_Peligros/a_Aceptar_Eliminar3' located by '//a[contains(text(),'Aceptar')]' not found
	at com.kms.katalon.core.webui.common.WebUiCommonHelper.findWebElement(WebUiCommonHelper.java:1368)
	at com.kms.katalon.core.webui.keyword.internal.WebUIAbstractKeyword.findWebElement(WebUIAbstractKeyword.groovy:27)
	at com.kms.katalon.core.webui.keyword.builtin.ClickKeyword$_click_closure1.doCall(ClickKeyword.groovy:65)
	at com.kms.katalon.core.webui.keyword.builtin.ClickKeyword$_click_closure1.call(ClickKeyword.groovy)
	at com.kms.katalon.core.webui.keyword.internal.WebUIKeywordMain.runKeyword(WebUIKeywordMain.groovy:20)
	... 19 more]]></system-err>
      </testcase>
      <testcase name="Test Cases/5.1-Pruebas_SST/5.1.5-Diligenciar_una_inspección" time="78.916" classname="Test Cases/5.1-Pruebas_SST/5.1.5-Diligenciar_una_inspección" status="FAILED">
         <failure type="FAILED" message="Test Cases/5.1-Pruebas_SST/5.1.5-Diligenciar_una_inspección FAILED.
Reason:
com.kms.katalon.core.exception.StepFailedException: Unable to click on object 'Object Repository/Modulo Pruebas SST/Diligenciar_una_inspección/a_Descargar_form_evidenciastablaj_idt776'
	at com.kms.katalon.core.webui.keyword.internal.WebUIKeywordMain.stepFailed(WebUIKeywordMain.groovy:64)
	at com.kms.katalon.core.webui.keyword.internal.WebUIKeywordMain.runKeyword(WebUIKeywordMain.groovy:26)
	at com.kms.katalon.core.webui.keyword.builtin.ClickKeyword.click(ClickKeyword.groovy:74)
	at com.kms.katalon.core.webui.keyword.builtin.ClickKeyword.execute(ClickKeyword.groovy:40)
	at com.kms.katalon.core.keyword.internal.KeywordExecutor.executeKeywordForPlatform(KeywordExecutor.groovy:74)
	at com.kms.katalon.core.webui.keyword.WebUiBuiltInKeywords.click(WebUiBuiltInKeywords.groovy:620)
	at com.kms.katalon.core.webui.keyword.WebUiBuiltInKeywords$click$5.call(Unknown Source)
	at 5.1.5-Diligenciar_una_inspección.run(5.1.5-Diligenciar_una_inspección:130)
	at com.kms.katalon.core.main.ScriptEngine.run(ScriptEngine.java:194)
	at com.kms.katalon.core.main.ScriptEngine.runScriptAsRawText(ScriptEngine.java:119)
	at com.kms.katalon.core.main.TestCaseExecutor.runScript(TestCaseExecutor.java:442)
	at com.kms.katalon.core.main.TestCaseExecutor.doExecute(TestCaseExecutor.java:433)
	at com.kms.katalon.core.main.TestCaseExecutor.processExecutionPhase(TestCaseExecutor.java:412)
	at com.kms.katalon.core.main.TestCaseExecutor.accessMainPhase(TestCaseExecutor.java:404)
	at com.kms.katalon.core.main.TestCaseExecutor.execute(TestCaseExecutor.java:281)
	at com.kms.katalon.core.main.TestSuiteExecutor.accessTestCaseMainPhase(TestSuiteExecutor.java:202)
	at com.kms.katalon.core.main.TestSuiteExecutor.accessTestSuiteMainPhase(TestSuiteExecutor.java:164)
	at com.kms.katalon.core.main.TestSuiteExecutor.execute(TestSuiteExecutor.java:105)
	at com.kms.katalon.core.main.TestCaseMain.startTestSuite(TestCaseMain.java:181)
	at com.kms.katalon.core.main.TestCaseMain$startTestSuite$0.call(Unknown Source)
	at TempTestSuite1640121193910.run(TempTestSuite1640121193910.groovy:36)
Caused by: org.openqa.selenium.ElementClickInterceptedException: element click intercepted: Element &lt;a id=&quot;form_evidencias:tabla:j_idt801&quot; href=&quot;#&quot; class=&quot;ui-commandlink ui-widget btn-miniadicionar&quot; onclick=&quot;PrimeFaces.ab({s:&amp;quot;form_evidencias:tabla:j_idt801&amp;quot;,f:&amp;quot;form_evidencias&amp;quot;,u:&amp;quot;areaAplicacion&amp;quot;});return false;&quot;>&lt;/a> is not clickable at point (1301, 446). Other element would receive the click: &lt;div id=&quot;popupCargarArchivoForm:j_idt966_modal&quot; class=&quot;ui-widget-overlay ui-dialog-mask&quot; style=&quot;z-index: 1047;&quot;>&lt;/div>
  (Session info: chrome=96.0.4664.110)
Build info: version: '3.141.59', revision: 'e82be7d358', time: '2018-11-14T08:25:53'
System info: host: 'US-AF-000371', ip: '192.168.56.1', os.name: 'Windows 10', os.arch: 'amd64', os.version: '10.0', java.version: '1.8.0_282'
Driver info: com.kms.katalon.selenium.driver.CChromeDriver
Capabilities {acceptInsecureCerts: false, browserName: chrome, browserVersion: 96.0.4664.110, chrome: {chromedriverVersion: 95.0.4638.17 (a9d0719444d4b..., userDataDir: C:\Users\DIEGO~1.ROJ\AppDat...}, goog:chromeOptions: {debuggerAddress: localhost:60533}, javascriptEnabled: true, networkConnectionEnabled: false, pageLoadStrategy: normal, platform: WINDOWS, platformName: WINDOWS, proxy: Proxy(), setWindowRect: true, strictFileInteractability: false, timeouts: {implicit: 0, pageLoad: 300000, script: 30000}, unhandledPromptBehavior: dismiss and notify, webauthn:extension:credBlob: true, webauthn:extension:largeBlob: true, webauthn:virtualAuthenticators: true}
Session ID: 4d5a11d283e58c814361a18e36a24269
	at org.openqa.selenium.remote.http.W3CHttpResponseCodec.createException(W3CHttpResponseCodec.java:187)
	at org.openqa.selenium.remote.http.W3CHttpResponseCodec.decode(W3CHttpResponseCodec.java:122)
	at org.openqa.selenium.remote.http.W3CHttpResponseCodec.decode(W3CHttpResponseCodec.java:49)
	at org.openqa.selenium.remote.HttpCommandExecutor.execute(HttpCommandExecutor.java:158)
	at org.openqa.selenium.remote.service.DriverCommandExecutor.execute(DriverCommandExecutor.java:83)
	at org.openqa.selenium.remote.RemoteWebDriver.execute(RemoteWebDriver.java:552)
	at com.kms.katalon.selenium.driver.CChromeDriver.execute(CChromeDriver.java:19)
	at org.openqa.selenium.remote.RemoteWebElement.execute(RemoteWebElement.java:285)
	at org.openqa.selenium.remote.RemoteWebElement.click(RemoteWebElement.java:84)
	at org.openqa.selenium.support.events.EventFiringWebDriver$EventFiringWebElement.lambda$new$0(EventFiringWebDriver.java:404)
	at com.sun.proxy.$Proxy11.click(Unknown Source)
	at org.openqa.selenium.support.events.EventFiringWebDriver$EventFiringWebElement.click(EventFiringWebDriver.java:417)
	at org.openqa.selenium.WebElement$click$0.call(Unknown Source)
	at com.kms.katalon.core.webui.keyword.builtin.ClickKeyword.clickUntilSuccessWithTimeout(ClickKeyword.groovy:81)
	at com.kms.katalon.core.webui.keyword.builtin.ClickKeyword.clickUntilSuccessWithTimeout(ClickKeyword.groovy)
	at com.kms.katalon.core.webui.keyword.builtin.ClickKeyword$_click_closure1.doCall(ClickKeyword.groovy:67)
	at com.kms.katalon.core.webui.keyword.builtin.ClickKeyword$_click_closure1.call(ClickKeyword.groovy)
	at com.kms.katalon.core.webui.keyword.internal.WebUIKeywordMain.runKeyword(WebUIKeywordMain.groovy:20)
	... 19 more
"/>
         <system-out><![CDATA[2021-12-21 16:29:55 - [TEST_CASE][FAILED] - Test Cases/5.1-Pruebas_SST/5.1.5-Diligenciar_una_inspección: Test Cases/5.1-Pruebas_SST/5.1.5-Diligenciar_una_inspección FAILED.
Reason:
com.kms.katalon.core.exception.StepFailedException: Unable to click on object 'Object Repository/Modulo Pruebas SST/Diligenciar_una_inspección/a_Descargar_form_evidenciastablaj_idt776'
	at com.kms.katalon.core.webui.keyword.internal.WebUIKeywordMain.stepFailed(WebUIKeywordMain.groovy:64)
	at com.kms.katalon.core.webui.keyword.internal.WebUIKeywordMain.runKeyword(WebUIKeywordMain.groovy:26)
	at com.kms.katalon.core.webui.keyword.builtin.ClickKeyword.click(ClickKeyword.groovy:74)
	at com.kms.katalon.core.webui.keyword.builtin.ClickKeyword.execute(ClickKeyword.groovy:40)
	at com.kms.katalon.core.keyword.internal.KeywordExecutor.executeKeywordForPlatform(KeywordExecutor.groovy:74)
	at com.kms.katalon.core.webui.keyword.WebUiBuiltInKeywords.click(WebUiBuiltInKeywords.groovy:620)
	at com.kms.katalon.core.webui.keyword.WebUiBuiltInKeywords$click$5.call(Unknown Source)
	at 5.1.5-Diligenciar_una_inspección.run(5.1.5-Diligenciar_una_inspección:130)
	at com.kms.katalon.core.main.ScriptEngine.run(ScriptEngine.java:194)
	at com.kms.katalon.core.main.ScriptEngine.runScriptAsRawText(ScriptEngine.java:119)
	at com.kms.katalon.core.main.TestCaseExecutor.runScript(TestCaseExecutor.java:442)
	at com.kms.katalon.core.main.TestCaseExecutor.doExecute(TestCaseExecutor.java:433)
	at com.kms.katalon.core.main.TestCaseExecutor.processExecutionPhase(TestCaseExecutor.java:412)
	at com.kms.katalon.core.main.TestCaseExecutor.accessMainPhase(TestCaseExecutor.java:404)
	at com.kms.katalon.core.main.TestCaseExecutor.execute(TestCaseExecutor.java:281)
	at com.kms.katalon.core.main.TestSuiteExecutor.accessTestCaseMainPhase(TestSuiteExecutor.java:202)
	at com.kms.katalon.core.main.TestSuiteExecutor.accessTestSuiteMainPhase(TestSuiteExecutor.java:164)
	at com.kms.katalon.core.main.TestSuiteExecutor.execute(TestSuiteExecutor.java:105)
	at com.kms.katalon.core.main.TestCaseMain.startTestSuite(TestCaseMain.java:181)
	at com.kms.katalon.core.main.TestCaseMain$startTestSuite$0.call(Unknown Source)
	at TempTestSuite1640121193910.run(TempTestSuite1640121193910.groovy:36)
Caused by: org.openqa.selenium.ElementClickInterceptedException: element click intercepted: Element <a id="form_evidencias:tabla:j_idt801" href="#" class="ui-commandlink ui-widget btn-miniadicionar" onclick="PrimeFaces.ab({s:&quot;form_evidencias:tabla:j_idt801&quot;,f:&quot;form_evidencias&quot;,u:&quot;areaAplicacion&quot;});return false;"></a> is not clickable at point (1301, 446). Other element would receive the click: <div id="popupCargarArchivoForm:j_idt966_modal" class="ui-widget-overlay ui-dialog-mask" style="z-index: 1047;"></div>
  (Session info: chrome=96.0.4664.110)
Build info: version: '3.141.59', revision: 'e82be7d358', time: '2018-11-14T08:25:53'
System info: host: 'US-AF-000371', ip: '192.168.56.1', os.name: 'Windows 10', os.arch: 'amd64', os.version: '10.0', java.version: '1.8.0_282'
Driver info: com.kms.katalon.selenium.driver.CChromeDriver
Capabilities {acceptInsecureCerts: false, browserName: chrome, browserVersion: 96.0.4664.110, chrome: {chromedriverVersion: 95.0.4638.17 (a9d0719444d4b..., userDataDir: C:\Users\DIEGO~1.ROJ\AppDat...}, goog:chromeOptions: {debuggerAddress: localhost:60533}, javascriptEnabled: true, networkConnectionEnabled: false, pageLoadStrategy: normal, platform: WINDOWS, platformName: WINDOWS, proxy: Proxy(), setWindowRect: true, strictFileInteractability: false, timeouts: {implicit: 0, pageLoad: 300000, script: 30000}, unhandledPromptBehavior: dismiss and notify, webauthn:extension:credBlob: true, webauthn:extension:largeBlob: true, webauthn:virtualAuthenticators: true}
Session ID: 4d5a11d283e58c814361a18e36a24269
	at org.openqa.selenium.remote.http.W3CHttpResponseCodec.createException(W3CHttpResponseCodec.java:187)
	at org.openqa.selenium.remote.http.W3CHttpResponseCodec.decode(W3CHttpResponseCodec.java:122)
	at org.openqa.selenium.remote.http.W3CHttpResponseCodec.decode(W3CHttpResponseCodec.java:49)
	at org.openqa.selenium.remote.HttpCommandExecutor.execute(HttpCommandExecutor.java:158)
	at org.openqa.selenium.remote.service.DriverCommandExecutor.execute(DriverCommandExecutor.java:83)
	at org.openqa.selenium.remote.RemoteWebDriver.execute(RemoteWebDriver.java:552)
	at com.kms.katalon.selenium.driver.CChromeDriver.execute(CChromeDriver.java:19)
	at org.openqa.selenium.remote.RemoteWebElement.execute(RemoteWebElement.java:285)
	at org.openqa.selenium.remote.RemoteWebElement.click(RemoteWebElement.java:84)
	at org.openqa.selenium.support.events.EventFiringWebDriver$EventFiringWebElement.lambda$new$0(EventFiringWebDriver.java:404)
	at com.sun.proxy.$Proxy11.click(Unknown Source)
	at org.openqa.selenium.support.events.EventFiringWebDriver$EventFiringWebElement.click(EventFiringWebDriver.java:417)
	at org.openqa.selenium.WebElement$click$0.call(Unknown Source)
	at com.kms.katalon.core.webui.keyword.builtin.ClickKeyword.clickUntilSuccessWithTimeout(ClickKeyword.groovy:81)
	at com.kms.katalon.core.webui.keyword.builtin.ClickKeyword.clickUntilSuccessWithTimeout(ClickKeyword.groovy)
	at com.kms.katalon.core.webui.keyword.builtin.ClickKeyword$_click_closure1.doCall(ClickKeyword.groovy:67)
	at com.kms.katalon.core.webui.keyword.builtin.ClickKeyword$_click_closure1.call(ClickKeyword.groovy)
	at com.kms.katalon.core.webui.keyword.internal.WebUIKeywordMain.runKeyword(WebUIKeywordMain.groovy:20)
	... 19 more


2021-12-21 16:29:55 - [TEST_STEP][PASSED] - callTestCase(findTestCase("0.1-Login"), [:], STOP_ON_FAILURE): Call Test Case 'Test Cases/0.1-Login' successfully

2021-12-21 16:29:55 - [TEST_CASE][PASSED] - Test Cases/0.1-Login: Test Cases/0.1-Login

2021-12-21 16:29:55 - [TEST_STEP][PASSED] - openBrowser(""): Browser is opened with url: ''

2021-12-21 16:29:55 - [MESSAGE][WARNING] - A browser is already opened. Closing browser and opening a new one

2021-12-21 16:29:56 - [MESSAGE][INFO] - Starting 'Chrome' driver

2021-12-21 16:29:56 - [MESSAGE][INFO] - Action delay is set to 0 milliseconds

2021-12-21 16:29:57 - [MESSAGE][PASSED] - Browser is opened with url: ''

2021-12-21 16:29:57 - [TEST_STEP][PASSED] - maximizeWindow(): Current window maximized

2021-12-21 16:29:57 - [MESSAGE][PASSED] - Current window maximized

2021-12-21 16:29:57 - [TEST_STEP][PASSED] - i = G_Login: null

2021-12-21 16:29:57 - [TEST_STEP][PASSED] - url = new java.net.URL(i): null

2021-12-21 16:29:57 - [TEST_STEP][PASSED] - println("URL: " + url.toString()): null

2021-12-21 16:29:57 - [TEST_STEP][PASSED] - connection = url.openConnection(): null

2021-12-21 16:29:57 - [TEST_STEP][PASSED] - connection.setRequestMethod("GET"): null

2021-12-21 16:29:57 - [TEST_STEP][PASSED] - connection.setReadTimeout(2 * 1000): null

2021-12-21 16:29:57 - [TEST_STEP][PASSED] - try: null

2021-12-21 16:29:57 - [TEST_STEP][PASSED] - connection.connect(): null

2021-12-21 16:29:57 - [TEST_STEP][PASSED] - flag = connected: null

2021-12-21 16:29:57 - [TEST_STEP][PASSED] - println("Valor_ori: " + flag): null

2021-12-21 16:29:57 - [TEST_STEP][PASSED] - if (flag): null

2021-12-21 16:29:57 - [TEST_STEP][PASSED] - navigateToUrl(i): Navigate to 'http://192.168.2.80:8380/saraweb' successfully

2021-12-21 16:29:58 - [MESSAGE][PASSED] - Navigate to 'http://192.168.2.80:8380/saraweb' successfully

2021-12-21 16:29:58 - [TEST_STEP][PASSED] - a(): null

2021-12-21 16:29:58 - [TEST_STEP][PASSED] - setText(findTestObject("Login/input_USUARIO_loginusuario"), G_Usuario): Text 'saraadmin' is set on object 'Object Repository/Login/input_USUARIO_loginusuario'

2021-12-21 16:29:58 - [MESSAGE][PASSED] - Text 'saraadmin' is set on object 'Object Repository/Login/input_USUARIO_loginusuario'

2021-12-21 16:29:58 - [TEST_STEP][PASSED] - setEncryptedText(findTestObject("Login/input_CLAVE_loginpassword"), "MkG4/TYiCFC3cb2driP7+Q=="): Text ****** has been set on object 'Object Repository/Login/input_CLAVE_loginpassword'

2021-12-21 16:29:59 - [MESSAGE][PASSED] - Text ****** has been set on object 'Object Repository/Login/input_CLAVE_loginpassword'

2021-12-21 16:29:59 - [TEST_STEP][PASSED] - waitForElementClickable(findTestObject("Login/a_Ingresar"), G_TimeOut): Object 'Object Repository/Login/a_Ingresar' is clickable

2021-12-21 16:29:59 - [MESSAGE][PASSED] - Object 'Object Repository/Login/a_Ingresar' is clickable

2021-12-21 16:29:59 - [TEST_STEP][PASSED] - click(findTestObject("Login/a_Ingresar")): Object: 'Object Repository/Login/a_Ingresar' is clicked on

2021-12-21 16:30:01 - [MESSAGE][PASSED] - Object: 'Object Repository/Login/a_Ingresar' is clicked on

2021-12-21 16:30:01 - [TEST_STEP][PASSED] - element = findWebElement(findTestObject("Login/a_Ir"), 30): null

2021-12-21 16:30:02 - [TEST_STEP][PASSED] - executeJavaScript("arguments[0].click()", Arrays.asList(element)): Execute JavaScript 'arguments[0].click()' successfully

2021-12-21 16:30:02 - [MESSAGE][PASSED] - Execute JavaScript 'arguments[0].click()' successfully

2021-12-21 16:30:02 - [MESSAGE][PASSED] - Call Test Case 'Test Cases/0.1-Login' successfully

2021-12-21 16:30:02 - [TEST_STEP][PASSED] - setText(findTestObject("Modulo Pruebas SST/Diligenciar_una_inspección/input_ADMINISTRADOR DEL SISTEMA - SARA_form_templatej_idt24_input"), "Inspecciones"): Text 'Inspecciones' is set on object 'Object Repository/Modulo Pruebas SST/Diligenciar_una_inspección/input_ADMINISTRADOR DEL SISTEMA - SARA_form_templatej_idt24_input'

2021-12-21 16:30:03 - [MESSAGE][PASSED] - Text 'Inspecciones' is set on object 'Object Repository/Modulo Pruebas SST/Diligenciar_una_inspección/input_ADMINISTRADOR DEL SISTEMA - SARA_form_templatej_idt24_input'

2021-12-21 16:30:03 - [TEST_STEP][PASSED] - click(findTestObject("Modulo Pruebas SST/Diligenciar_una_inspección/li_Inspecciones (sst)")): Object: 'Object Repository/Modulo Pruebas SST/Diligenciar_una_inspección/li_Inspecciones (sst)' is clicked on

2021-12-21 16:30:05 - [MESSAGE][PASSED] - Object: 'Object Repository/Modulo Pruebas SST/Diligenciar_una_inspección/li_Inspecciones (sst)' is clicked on

2021-12-21 16:30:05 - [TEST_STEP][PASSED] - if (waitForElementPresent(findTestObject("Modulo Pruebas SST/Diligenciar_una_inspección/td_PRUEBAS KATALON"), 1)): null

2021-12-21 16:30:06 - [MESSAGE][PASSED] - Object 'Object Repository/Modulo Pruebas SST/Diligenciar_una_inspección/td_PRUEBAS KATALON' is present

2021-12-21 16:30:06 - [TEST_STEP][PASSED] - click(findTestObject("Modulo Pruebas SST/Diligenciar_una_inspección/td_PRUEBAS KATALON")): Object: 'Object Repository/Modulo Pruebas SST/Diligenciar_una_inspección/td_PRUEBAS KATALON' is clicked on

2021-12-21 16:30:07 - [MESSAGE][PASSED] - Object: 'Object Repository/Modulo Pruebas SST/Diligenciar_una_inspección/td_PRUEBAS KATALON' is clicked on

2021-12-21 16:30:07 - [TEST_STEP][PASSED] - click(findTestObject("Modulo Pruebas SST/Diligenciar_una_inspección/a_Programacin1")): Object: 'Object Repository/Modulo Pruebas SST/Diligenciar_una_inspección/a_Programacin1' is clicked on

2021-12-21 16:30:08 - [MESSAGE][PASSED] - Object: 'Object Repository/Modulo Pruebas SST/Diligenciar_una_inspección/a_Programacin1' is clicked on

2021-12-21 16:30:08 - [TEST_STEP][PASSED] - if (waitForElementPresent(findTestObject("Modulo Pruebas SST/Diligenciar_una_inspección/td_1010220596"), 1)): null

2021-12-21 16:30:09 - [MESSAGE][PASSED] - Object 'Object Repository/Modulo Pruebas SST/Diligenciar_una_inspección/td_1010220596' is present

2021-12-21 16:30:09 - [TEST_STEP][PASSED] - click(findTestObject("Modulo Pruebas SST/Diligenciar_una_inspección/td_1010220596")): Object: 'Object Repository/Modulo Pruebas SST/Diligenciar_una_inspección/td_1010220596' is clicked on

2021-12-21 16:30:09 - [MESSAGE][PASSED] - Object: 'Object Repository/Modulo Pruebas SST/Diligenciar_una_inspección/td_1010220596' is clicked on

2021-12-21 16:30:09 - [TEST_STEP][PASSED] - click(findTestObject("Modulo Pruebas SST/Diligenciar_una_inspección/a_Eliminar")): Object: 'Object Repository/Modulo Pruebas SST/Diligenciar_una_inspección/a_Eliminar' is clicked on

2021-12-21 16:30:10 - [MESSAGE][PASSED] - Object: 'Object Repository/Modulo Pruebas SST/Diligenciar_una_inspección/a_Eliminar' is clicked on

2021-12-21 16:30:10 - [TEST_STEP][PASSED] - click(findTestObject("Modulo Pruebas SST/Diligenciar_una_inspección/button_Si")): Object: 'Object Repository/Modulo Pruebas SST/Diligenciar_una_inspección/button_Si' is clicked on

2021-12-21 16:30:10 - [MESSAGE][PASSED] - Object: 'Object Repository/Modulo Pruebas SST/Diligenciar_una_inspección/button_Si' is clicked on

2021-12-21 16:30:10 - [TEST_STEP][PASSED] - click(findTestObject("Modulo Pruebas SST/Diligenciar_una_inspección/a_Detalle_principal")): Object: 'Object Repository/Modulo Pruebas SST/Diligenciar_una_inspección/a_Detalle_principal' is clicked on

2021-12-21 16:30:11 - [MESSAGE][PASSED] - Object: 'Object Repository/Modulo Pruebas SST/Diligenciar_una_inspección/a_Detalle_principal' is clicked on

2021-12-21 16:30:11 - [TEST_STEP][PASSED] - click(findTestObject("Modulo Pruebas SST/Diligenciar_una_inspección/a_Eliminar2")): Object: 'Object Repository/Modulo Pruebas SST/Diligenciar_una_inspección/a_Eliminar2' is clicked on

2021-12-21 16:30:12 - [MESSAGE][PASSED] - Object: 'Object Repository/Modulo Pruebas SST/Diligenciar_una_inspección/a_Eliminar2' is clicked on

2021-12-21 16:30:12 - [TEST_STEP][PASSED] - click(findTestObject("Modulo Pruebas SST/Diligenciar_una_inspección/a_Aceptar2")): Object: 'Object Repository/Modulo Pruebas SST/Diligenciar_una_inspección/a_Aceptar2' is clicked on

2021-12-21 16:30:14 - [MESSAGE][PASSED] - Object: 'Object Repository/Modulo Pruebas SST/Diligenciar_una_inspección/a_Aceptar2' is clicked on

2021-12-21 16:30:14 - [TEST_STEP][PASSED] - click(findTestObject("Modulo Pruebas SST/Diligenciar_una_inspección/a_Nuevo")): Object: 'Object Repository/Modulo Pruebas SST/Diligenciar_una_inspección/a_Nuevo' is clicked on

2021-12-21 16:30:15 - [MESSAGE][PASSED] - Object: 'Object Repository/Modulo Pruebas SST/Diligenciar_una_inspección/a_Nuevo' is clicked on

2021-12-21 16:30:15 - [TEST_STEP][PASSED] - setText(findTestObject("Modulo Pruebas SST/Diligenciar_una_inspección/textarea_Descripcin_form_datobasicoinspecciondescripcion"), "PRUEBAS KATALON"): Text 'PRUEBAS KATALON' is set on object 'Object Repository/Modulo Pruebas SST/Diligenciar_una_inspección/textarea_Descripcin_form_datobasicoinspecciondescripcion'

2021-12-21 16:30:16 - [MESSAGE][PASSED] - Text 'PRUEBAS KATALON' is set on object 'Object Repository/Modulo Pruebas SST/Diligenciar_una_inspección/textarea_Descripcin_form_datobasicoinspecciondescripcion'

2021-12-21 16:30:16 - [TEST_STEP][PASSED] - selectOptionByIndex(findTestObject("Modulo Pruebas SST/Diligenciar_una_inspección/select_SeleccionarDe rea o punto crticoNo planeadaPlaneada"), 1): All options with index in [1] are selected on object 'Object Repository/Modulo Pruebas SST/Diligenciar_una_inspección/select_SeleccionarDe rea o punto crticoNo planeadaPlaneada'

2021-12-21 16:30:17 - [MESSAGE][PASSED] - All options with index in [1] are selected on object 'Object Repository/Modulo Pruebas SST/Diligenciar_una_inspección/select_SeleccionarDe rea o punto crticoNo planeadaPlaneada'

2021-12-21 16:30:17 - [TEST_STEP][PASSED] - selectOptionByIndex(findTestObject("Modulo Pruebas SST/Diligenciar_una_inspección/select_SeleccionarSEDE NORTESEDE OCCIDENTESEDE SUR"), 1): All options with index in [1] are selected on object 'Object Repository/Modulo Pruebas SST/Diligenciar_una_inspección/select_SeleccionarSEDE NORTESEDE OCCIDENTESEDE SUR'

2021-12-21 16:30:18 - [MESSAGE][PASSED] - All options with index in [1] are selected on object 'Object Repository/Modulo Pruebas SST/Diligenciar_una_inspección/select_SeleccionarSEDE NORTESEDE OCCIDENTESEDE SUR'

2021-12-21 16:30:18 - [TEST_STEP][PASSED] - selectOptionByIndex(findTestObject("Modulo Pruebas SST/Diligenciar_una_inspección/select_SeleccionarMENSUALBIMESTRALANUALSEMANALTRIMESTRALSEMESTRALDIARIA"), 1): All options with index in [1] are selected on object 'Object Repository/Modulo Pruebas SST/Diligenciar_una_inspección/select_SeleccionarMENSUALBIMESTRALANUALSEMANALTRIMESTRALSEMESTRALDIARIA'

2021-12-21 16:30:19 - [MESSAGE][PASSED] - All options with index in [1] are selected on object 'Object Repository/Modulo Pruebas SST/Diligenciar_una_inspección/select_SeleccionarMENSUALBIMESTRALANUALSEMANALTRIMESTRALSEMESTRALDIARIA'

2021-12-21 16:30:19 - [TEST_STEP][PASSED] - setText(findTestObject("Modulo Pruebas SST/Diligenciar_una_inspección/input_Fecha Inicial_form_datobasicoinspeccionfechaInPeriodicidad_input"), "01/07/2021"): Text '01/07/2021' is set on object 'Object Repository/Modulo Pruebas SST/Diligenciar_una_inspección/input_Fecha Inicial_form_datobasicoinspeccionfechaInPeriodicidad_input'

2021-12-21 16:30:20 - [MESSAGE][PASSED] - Text '01/07/2021' is set on object 'Object Repository/Modulo Pruebas SST/Diligenciar_una_inspección/input_Fecha Inicial_form_datobasicoinspeccionfechaInPeriodicidad_input'

2021-12-21 16:30:20 - [TEST_STEP][PASSED] - setText(findTestObject("Modulo Pruebas SST/Diligenciar_una_inspección/input_Fecha Final_form_datobasicoinspeccionfechaFnPeriodicidad_input"), "10/07/2021"): Text '10/07/2021' is set on object 'Object Repository/Modulo Pruebas SST/Diligenciar_una_inspección/input_Fecha Final_form_datobasicoinspeccionfechaFnPeriodicidad_input'

2021-12-21 16:30:21 - [MESSAGE][PASSED] - Text '10/07/2021' is set on object 'Object Repository/Modulo Pruebas SST/Diligenciar_una_inspección/input_Fecha Final_form_datobasicoinspeccionfechaFnPeriodicidad_input'

2021-12-21 16:30:21 - [TEST_STEP][PASSED] - click(findTestObject("Modulo Pruebas SST/Diligenciar_una_inspección/a_Responsable_form_datobasicoinspeccionj_idt599")): Object: 'Object Repository/Modulo Pruebas SST/Diligenciar_una_inspección/a_Responsable_form_datobasicoinspeccionj_idt599' is clicked on

2021-12-21 16:30:21 - [MESSAGE][PASSED] - Object: 'Object Repository/Modulo Pruebas SST/Diligenciar_una_inspección/a_Responsable_form_datobasicoinspeccionj_idt599' is clicked on

2021-12-21 16:30:21 - [TEST_STEP][PASSED] - setText(findTestObject("Modulo Pruebas SST/Diligenciar_una_inspección/input_Filtro Hoja de Vida_formPopupHojaVidaj_idt895"), "A A A"): Text 'A A A' is set on object 'Object Repository/Modulo Pruebas SST/Diligenciar_una_inspección/input_Filtro Hoja de Vida_formPopupHojaVidaj_idt895'

2021-12-21 16:30:22 - [MESSAGE][PASSED] - Text 'A A A' is set on object 'Object Repository/Modulo Pruebas SST/Diligenciar_una_inspección/input_Filtro Hoja de Vida_formPopupHojaVidaj_idt895'

2021-12-21 16:30:22 - [TEST_STEP][PASSED] - sendKeys(findTestObject("Modulo Pruebas SST/Diligenciar_una_inspección/input_Filtro Hoja de Vida_formPopupHojaVidaj_idt895"), Keys.chord(ENTER)): Keys 'ENTER + ' sent to object: 'Object Repository/Modulo Pruebas SST/Diligenciar_una_inspección/input_Filtro Hoja de Vida_formPopupHojaVidaj_idt895'

2021-12-21 16:30:23 - [MESSAGE][PASSED] - Keys 'ENTER + ' sent to object: 'Object Repository/Modulo Pruebas SST/Diligenciar_una_inspección/input_Filtro Hoja de Vida_formPopupHojaVidaj_idt895'

2021-12-21 16:30:23 - [TEST_STEP][PASSED] - click(findTestObject("Modulo Pruebas SST/Diligenciar_una_inspección/span_A A A")): Object: 'Object Repository/Modulo Pruebas SST/Diligenciar_una_inspección/span_A A A' is clicked on

2021-12-21 16:30:24 - [MESSAGE][PASSED] - Object: 'Object Repository/Modulo Pruebas SST/Diligenciar_una_inspección/span_A A A' is clicked on

2021-12-21 16:30:24 - [TEST_STEP][PASSED] - selectOptionByIndex(findTestObject("Modulo Pruebas SST/Diligenciar_una_inspección/select_Seleccionar001002003GESTIN HSE1"), 1): All options with index in [1] are selected on object 'Object Repository/Modulo Pruebas SST/Diligenciar_una_inspección/select_Seleccionar001002003GESTIN HSE1'

2021-12-21 16:30:25 - [MESSAGE][PASSED] - All options with index in [1] are selected on object 'Object Repository/Modulo Pruebas SST/Diligenciar_una_inspección/select_Seleccionar001002003GESTIN HSE1'

2021-12-21 16:30:25 - [TEST_STEP][PASSED] - click(findTestObject("Modulo Pruebas SST/Diligenciar_una_inspección/a_Formulario_form_datobasicoinspeccionj_idt6181")): Object: 'Object Repository/Modulo Pruebas SST/Diligenciar_una_inspección/a_Formulario_form_datobasicoinspeccionj_idt6181' is clicked on

2021-12-21 16:30:26 - [MESSAGE][PASSED] - Object: 'Object Repository/Modulo Pruebas SST/Diligenciar_una_inspección/a_Formulario_form_datobasicoinspeccionj_idt6181' is clicked on

2021-12-21 16:30:26 - [TEST_STEP][PASSED] - setText(findTestObject("Modulo Pruebas SST/Diligenciar_una_inspección/input_Filtro Hoja de Vida_formPopupHojaVidaj_idt8951"), " A A A"): Text ' A A A' is set on object 'Object Repository/Modulo Pruebas SST/Diligenciar_una_inspección/input_Filtro Hoja de Vida_formPopupHojaVidaj_idt8951'

2021-12-21 16:30:27 - [MESSAGE][PASSED] - Text ' A A A' is set on object 'Object Repository/Modulo Pruebas SST/Diligenciar_una_inspección/input_Filtro Hoja de Vida_formPopupHojaVidaj_idt8951'

2021-12-21 16:30:27 - [TEST_STEP][PASSED] - sendKeys(findTestObject("Modulo Pruebas SST/Diligenciar_una_inspección/input_Filtro Hoja de Vida_formPopupHojaVidaj_idt8951"), Keys.chord(ENTER)): Keys 'ENTER + ' sent to object: 'Object Repository/Modulo Pruebas SST/Diligenciar_una_inspección/input_Filtro Hoja de Vida_formPopupHojaVidaj_idt8951'

2021-12-21 16:30:27 - [MESSAGE][PASSED] - Keys 'ENTER + ' sent to object: 'Object Repository/Modulo Pruebas SST/Diligenciar_una_inspección/input_Filtro Hoja de Vida_formPopupHojaVidaj_idt8951'

2021-12-21 16:30:27 - [TEST_STEP][PASSED] - click(findTestObject("Modulo Pruebas SST/Diligenciar_una_inspección/span_A A A")): Object: 'Object Repository/Modulo Pruebas SST/Diligenciar_una_inspección/span_A A A' is clicked on

2021-12-21 16:30:28 - [MESSAGE][PASSED] - Object: 'Object Repository/Modulo Pruebas SST/Diligenciar_una_inspección/span_A A A' is clicked on

2021-12-21 16:30:28 - [TEST_STEP][PASSED] - setText(findTestObject("Modulo Pruebas SST/Diligenciar_una_inspección/input_Fecha_form_datobasicoinspeccionfecha_input"), "01/07/2021"): Text '01/07/2021' is set on object 'Object Repository/Modulo Pruebas SST/Diligenciar_una_inspección/input_Fecha_form_datobasicoinspeccionfecha_input'

2021-12-21 16:30:29 - [MESSAGE][PASSED] - Text '01/07/2021' is set on object 'Object Repository/Modulo Pruebas SST/Diligenciar_una_inspección/input_Fecha_form_datobasicoinspeccionfecha_input'

2021-12-21 16:30:29 - [TEST_STEP][PASSED] - click(findTestObject("Modulo Pruebas SST/Diligenciar_una_inspección/a_Guardar")): Object: 'Object Repository/Modulo Pruebas SST/Diligenciar_una_inspección/a_Guardar' is clicked on

2021-12-21 16:30:30 - [MESSAGE][PASSED] - Object: 'Object Repository/Modulo Pruebas SST/Diligenciar_una_inspección/a_Guardar' is clicked on

2021-12-21 16:30:30 - [TEST_STEP][PASSED] - click(findTestObject("Modulo Pruebas SST/Diligenciar_una_inspección/a_Programacin")): Object: 'Object Repository/Modulo Pruebas SST/Diligenciar_una_inspección/a_Programacin' is clicked on

2021-12-21 16:30:31 - [MESSAGE][PASSED] - Object: 'Object Repository/Modulo Pruebas SST/Diligenciar_una_inspección/a_Programacin' is clicked on

2021-12-21 16:30:31 - [TEST_STEP][PASSED] - click(findTestObject("Modulo Pruebas SST/Diligenciar_una_inspección/a_Nuevo1")): Object: 'Object Repository/Modulo Pruebas SST/Diligenciar_una_inspección/a_Nuevo1' is clicked on

2021-12-21 16:30:31 - [MESSAGE][PASSED] - Object: 'Object Repository/Modulo Pruebas SST/Diligenciar_una_inspección/a_Nuevo1' is clicked on

2021-12-21 16:30:31 - [TEST_STEP][PASSED] - click(findTestObject("Modulo Pruebas SST/Diligenciar_una_inspección/a_Responsable_form_detalleProgramacionXj_idt714")): Object: 'Object Repository/Modulo Pruebas SST/Diligenciar_una_inspección/a_Responsable_form_detalleProgramacionXj_idt714' is clicked on

2021-12-21 16:30:32 - [MESSAGE][PASSED] - Object: 'Object Repository/Modulo Pruebas SST/Diligenciar_una_inspección/a_Responsable_form_detalleProgramacionXj_idt714' is clicked on

2021-12-21 16:30:32 - [TEST_STEP][PASSED] - setText(findTestObject("Modulo Pruebas SST/Diligenciar_una_inspección/input_Filtro Hoja de Vida_formPopupHojaVidaj_idt8953"), "A A A"): Text 'A A A' is set on object 'Object Repository/Modulo Pruebas SST/Diligenciar_una_inspección/input_Filtro Hoja de Vida_formPopupHojaVidaj_idt8953'

2021-12-21 16:30:34 - [MESSAGE][PASSED] - Text 'A A A' is set on object 'Object Repository/Modulo Pruebas SST/Diligenciar_una_inspección/input_Filtro Hoja de Vida_formPopupHojaVidaj_idt8953'

2021-12-21 16:30:34 - [TEST_STEP][PASSED] - sendKeys(findTestObject("Modulo Pruebas SST/Diligenciar_una_inspección/input_Filtro Hoja de Vida_formPopupHojaVidaj_idt8953"), Keys.chord(ENTER)): Keys 'ENTER + ' sent to object: 'Object Repository/Modulo Pruebas SST/Diligenciar_una_inspección/input_Filtro Hoja de Vida_formPopupHojaVidaj_idt8953'

2021-12-21 16:30:34 - [MESSAGE][PASSED] - Keys 'ENTER + ' sent to object: 'Object Repository/Modulo Pruebas SST/Diligenciar_una_inspección/input_Filtro Hoja de Vida_formPopupHojaVidaj_idt8953'

2021-12-21 16:30:34 - [TEST_STEP][PASSED] - click(findTestObject("Modulo Pruebas SST/Diligenciar_una_inspección/span_A A A3")): Object: 'Object Repository/Modulo Pruebas SST/Diligenciar_una_inspección/span_A A A3' is clicked on

2021-12-21 16:30:35 - [MESSAGE][PASSED] - Object: 'Object Repository/Modulo Pruebas SST/Diligenciar_una_inspección/span_A A A3' is clicked on

2021-12-21 16:30:35 - [TEST_STEP][PASSED] - setText(findTestObject("Modulo Pruebas SST/Diligenciar_una_inspección/input_Fecha Programacin_form_detalleProgramacionXprogramacionf_input"), "01/07/2021"): Text '01/07/2021' is set on object 'Object Repository/Modulo Pruebas SST/Diligenciar_una_inspección/input_Fecha Programacin_form_detalleProgramacionXprogramacionf_input'

2021-12-21 16:30:36 - [MESSAGE][PASSED] - Text '01/07/2021' is set on object 'Object Repository/Modulo Pruebas SST/Diligenciar_una_inspección/input_Fecha Programacin_form_detalleProgramacionXprogramacionf_input'

2021-12-21 16:30:36 - [TEST_STEP][PASSED] - setText(findTestObject("Modulo Pruebas SST/Diligenciar_una_inspección/input_Nmero_form_detalleProgramacionXnumero"), "5"): Text '5' is set on object 'Object Repository/Modulo Pruebas SST/Diligenciar_una_inspección/input_Nmero_form_detalleProgramacionXnumero'

2021-12-21 16:30:37 - [MESSAGE][PASSED] - Text '5' is set on object 'Object Repository/Modulo Pruebas SST/Diligenciar_una_inspección/input_Nmero_form_detalleProgramacionXnumero'

2021-12-21 16:30:37 - [TEST_STEP][PASSED] - click(findTestObject("Modulo Pruebas SST/Diligenciar_una_inspección/a_Guardar1")): Object: 'Object Repository/Modulo Pruebas SST/Diligenciar_una_inspección/a_Guardar1' is clicked on

2021-12-21 16:30:37 - [MESSAGE][PASSED] - Object: 'Object Repository/Modulo Pruebas SST/Diligenciar_una_inspección/a_Guardar1' is clicked on

2021-12-21 16:30:37 - [TEST_STEP][PASSED] - click(findTestObject("Modulo Pruebas SST/Diligenciar_una_inspección/a_Evidencias")): Object: 'Object Repository/Modulo Pruebas SST/Diligenciar_una_inspección/a_Evidencias' is clicked on

2021-12-21 16:30:38 - [MESSAGE][PASSED] - Object: 'Object Repository/Modulo Pruebas SST/Diligenciar_una_inspección/a_Evidencias' is clicked on

2021-12-21 16:30:38 - [TEST_STEP][PASSED] - click(findTestObject("Modulo Pruebas SST/Diligenciar_una_inspección/a_subir")): Object: 'Object Repository/Modulo Pruebas SST/Diligenciar_una_inspección/a_subir' is clicked on

2021-12-21 16:30:39 - [MESSAGE][PASSED] - Object: 'Object Repository/Modulo Pruebas SST/Diligenciar_una_inspección/a_subir' is clicked on

2021-12-21 16:30:39 - [TEST_STEP][PASSED] - ruta = G_rutaarchivos + "prueba.pdf": null

2021-12-21 16:30:39 - [TEST_STEP][PASSED] - uploadFile(findTestObject("Modulo Pruebas SST/Diligenciar_una_inspección/input_Cargar Archivo_popupCargarArchivoForminputFileName_input"), ruta): File 'E:\unionweb14\prueba.pdf' sent to object: 'Object Repository/Modulo Pruebas SST/Diligenciar_una_inspección/input_Cargar Archivo_popupCargarArchivoForminputFileName_input'

2021-12-21 16:30:40 - [MESSAGE][PASSED] - File 'E:\unionweb14\prueba.pdf' sent to object: 'Object Repository/Modulo Pruebas SST/Diligenciar_una_inspección/input_Cargar Archivo_popupCargarArchivoForminputFileName_input'

2021-12-21 16:30:40 - [TEST_STEP][PASSED] - setText(findTestObject("Modulo Pruebas SST/Diligenciar_una_inspección/input_Descargar_form_evidenciastabladescripcion"), "pruebas k"): Text 'pruebas k' is set on object 'Object Repository/Modulo Pruebas SST/Diligenciar_una_inspección/input_Descargar_form_evidenciastabladescripcion'

2021-12-21 16:30:41 - [MESSAGE][PASSED] - Text 'pruebas k' is set on object 'Object Repository/Modulo Pruebas SST/Diligenciar_una_inspección/input_Descargar_form_evidenciastabladescripcion'

2021-12-21 16:30:41 - [TEST_STEP][FAILED] - click(findTestObject("Modulo Pruebas SST/Diligenciar_una_inspección/a_Descargar_form_evidenciastablaj_idt776")): Unable to click on object 'Object Repository/Modulo Pruebas SST/Diligenciar_una_inspección/a_Descargar_form_evidenciastablaj_idt776' (Root cause: com.kms.katalon.core.exception.StepFailedException: Unable to click on object 'Object Repository/Modulo Pruebas SST/Diligenciar_una_inspección/a_Descargar_form_evidenciastablaj_idt776'
	at com.kms.katalon.core.webui.keyword.internal.WebUIKeywordMain.stepFailed(WebUIKeywordMain.groovy:64)
	at com.kms.katalon.core.webui.keyword.internal.WebUIKeywordMain.runKeyword(WebUIKeywordMain.groovy:26)
	at com.kms.katalon.core.webui.keyword.builtin.ClickKeyword.click(ClickKeyword.groovy:74)
	at com.kms.katalon.core.webui.keyword.builtin.ClickKeyword.execute(ClickKeyword.groovy:40)
	at com.kms.katalon.core.keyword.internal.KeywordExecutor.executeKeywordForPlatform(KeywordExecutor.groovy:74)
	at com.kms.katalon.core.webui.keyword.WebUiBuiltInKeywords.click(WebUiBuiltInKeywords.groovy:620)
	at com.kms.katalon.core.webui.keyword.WebUiBuiltInKeywords$click$5.call(Unknown Source)
	at 5.1.5-Diligenciar_una_inspección.run(5.1.5-Diligenciar_una_inspección:130)
	at com.kms.katalon.core.main.ScriptEngine.run(ScriptEngine.java:194)
	at com.kms.katalon.core.main.ScriptEngine.runScriptAsRawText(ScriptEngine.java:119)
	at com.kms.katalon.core.main.TestCaseExecutor.runScript(TestCaseExecutor.java:442)
	at com.kms.katalon.core.main.TestCaseExecutor.doExecute(TestCaseExecutor.java:433)
	at com.kms.katalon.core.main.TestCaseExecutor.processExecutionPhase(TestCaseExecutor.java:412)
	at com.kms.katalon.core.main.TestCaseExecutor.accessMainPhase(TestCaseExecutor.java:404)
	at com.kms.katalon.core.main.TestCaseExecutor.execute(TestCaseExecutor.java:281)
	at com.kms.katalon.core.main.TestSuiteExecutor.accessTestCaseMainPhase(TestSuiteExecutor.java:202)
	at com.kms.katalon.core.main.TestSuiteExecutor.accessTestSuiteMainPhase(TestSuiteExecutor.java:164)
	at com.kms.katalon.core.main.TestSuiteExecutor.execute(TestSuiteExecutor.java:105)
	at com.kms.katalon.core.main.TestCaseMain.startTestSuite(TestCaseMain.java:181)
	at com.kms.katalon.core.main.TestCaseMain$startTestSuite$0.call(Unknown Source)
	at TempTestSuite1640121193910.run(TempTestSuite1640121193910.groovy:36)
Caused by: org.openqa.selenium.ElementClickInterceptedException: element click intercepted: Element <a id="form_evidencias:tabla:j_idt801" href="#" class="ui-commandlink ui-widget btn-miniadicionar" onclick="PrimeFaces.ab({s:&quot;form_evidencias:tabla:j_idt801&quot;,f:&quot;form_evidencias&quot;,u:&quot;areaAplicacion&quot;});return false;"></a> is not clickable at point (1301, 446). Other element would receive the click: <div id="popupCargarArchivoForm:j_idt966_modal" class="ui-widget-overlay ui-dialog-mask" style="z-index: 1047;"></div>
  (Session info: chrome=96.0.4664.110)
Build info: version: '3.141.59', revision: 'e82be7d358', time: '2018-11-14T08:25:53'
System info: host: 'US-AF-000371', ip: '192.168.56.1', os.name: 'Windows 10', os.arch: 'amd64', os.version: '10.0', java.version: '1.8.0_282'
Driver info: com.kms.katalon.selenium.driver.CChromeDriver
Capabilities {acceptInsecureCerts: false, browserName: chrome, browserVersion: 96.0.4664.110, chrome: {chromedriverVersion: 95.0.4638.17 (a9d0719444d4b..., userDataDir: C:\Users\DIEGO~1.ROJ\AppDat...}, goog:chromeOptions: {debuggerAddress: localhost:60533}, javascriptEnabled: true, networkConnectionEnabled: false, pageLoadStrategy: normal, platform: WINDOWS, platformName: WINDOWS, proxy: Proxy(), setWindowRect: true, strictFileInteractability: false, timeouts: {implicit: 0, pageLoad: 300000, script: 30000}, unhandledPromptBehavior: dismiss and notify, webauthn:extension:credBlob: true, webauthn:extension:largeBlob: true, webauthn:virtualAuthenticators: true}
Session ID: 4d5a11d283e58c814361a18e36a24269
	at org.openqa.selenium.remote.http.W3CHttpResponseCodec.createException(W3CHttpResponseCodec.java:187)
	at org.openqa.selenium.remote.http.W3CHttpResponseCodec.decode(W3CHttpResponseCodec.java:122)
	at org.openqa.selenium.remote.http.W3CHttpResponseCodec.decode(W3CHttpResponseCodec.java:49)
	at org.openqa.selenium.remote.HttpCommandExecutor.execute(HttpCommandExecutor.java:158)
	at org.openqa.selenium.remote.service.DriverCommandExecutor.execute(DriverCommandExecutor.java:83)
	at org.openqa.selenium.remote.RemoteWebDriver.execute(RemoteWebDriver.java:552)
	at com.kms.katalon.selenium.driver.CChromeDriver.execute(CChromeDriver.java:19)
	at org.openqa.selenium.remote.RemoteWebElement.execute(RemoteWebElement.java:285)
	at org.openqa.selenium.remote.RemoteWebElement.click(RemoteWebElement.java:84)
	at org.openqa.selenium.support.events.EventFiringWebDriver$EventFiringWebElement.lambda$new$0(EventFiringWebDriver.java:404)
	at com.sun.proxy.$Proxy11.click(Unknown Source)
	at org.openqa.selenium.support.events.EventFiringWebDriver$EventFiringWebElement.click(EventFiringWebDriver.java:417)
	at org.openqa.selenium.WebElement$click$0.call(Unknown Source)
	at com.kms.katalon.core.webui.keyword.builtin.ClickKeyword.clickUntilSuccessWithTimeout(ClickKeyword.groovy:81)
	at com.kms.katalon.core.webui.keyword.builtin.ClickKeyword.clickUntilSuccessWithTimeout(ClickKeyword.groovy)
	at com.kms.katalon.core.webui.keyword.builtin.ClickKeyword$_click_closure1.doCall(ClickKeyword.groovy:67)
	at com.kms.katalon.core.webui.keyword.builtin.ClickKeyword$_click_closure1.call(ClickKeyword.groovy)
	at com.kms.katalon.core.webui.keyword.internal.WebUIKeywordMain.runKeyword(WebUIKeywordMain.groovy:20)
	at com.kms.katalon.core.webui.keyword.builtin.ClickKeyword.click(ClickKeyword.groovy:74)
	at com.kms.katalon.core.webui.keyword.builtin.ClickKeyword.execute(ClickKeyword.groovy:40)
	at com.kms.katalon.core.keyword.internal.KeywordExecutor.executeKeywordForPlatform(KeywordExecutor.groovy:74)
	at com.kms.katalon.core.webui.keyword.WebUiBuiltInKeywords.click(WebUiBuiltInKeywords.groovy:620)
	at com.kms.katalon.core.webui.keyword.WebUiBuiltInKeywords$click$5.call(Unknown Source)
	at Script1638198908573.run(Script1638198908573.groovy:130)
	... 13 more
)

2021-12-21 16:31:14 - [MESSAGE][FAILED] - Unable to click on object 'Object Repository/Modulo Pruebas SST/Diligenciar_una_inspección/a_Descargar_form_evidenciastablaj_idt776' (Root cause: com.kms.katalon.core.exception.StepFailedException: Unable to click on object 'Object Repository/Modulo Pruebas SST/Diligenciar_una_inspección/a_Descargar_form_evidenciastablaj_idt776'
	at com.kms.katalon.core.webui.keyword.internal.WebUIKeywordMain.stepFailed(WebUIKeywordMain.groovy:64)
	at com.kms.katalon.core.webui.keyword.internal.WebUIKeywordMain.runKeyword(WebUIKeywordMain.groovy:26)
	at com.kms.katalon.core.webui.keyword.builtin.ClickKeyword.click(ClickKeyword.groovy:74)
	at com.kms.katalon.core.webui.keyword.builtin.ClickKeyword.execute(ClickKeyword.groovy:40)
	at com.kms.katalon.core.keyword.internal.KeywordExecutor.executeKeywordForPlatform(KeywordExecutor.groovy:74)
	at com.kms.katalon.core.webui.keyword.WebUiBuiltInKeywords.click(WebUiBuiltInKeywords.groovy:620)
	at com.kms.katalon.core.webui.keyword.WebUiBuiltInKeywords$click$5.call(Unknown Source)
	at 5.1.5-Diligenciar_una_inspección.run(5.1.5-Diligenciar_una_inspección:130)
	at com.kms.katalon.core.main.ScriptEngine.run(ScriptEngine.java:194)
	at com.kms.katalon.core.main.ScriptEngine.runScriptAsRawText(ScriptEngine.java:119)
	at com.kms.katalon.core.main.TestCaseExecutor.runScript(TestCaseExecutor.java:442)
	at com.kms.katalon.core.main.TestCaseExecutor.doExecute(TestCaseExecutor.java:433)
	at com.kms.katalon.core.main.TestCaseExecutor.processExecutionPhase(TestCaseExecutor.java:412)
	at com.kms.katalon.core.main.TestCaseExecutor.accessMainPhase(TestCaseExecutor.java:404)
	at com.kms.katalon.core.main.TestCaseExecutor.execute(TestCaseExecutor.java:281)
	at com.kms.katalon.core.main.TestSuiteExecutor.accessTestCaseMainPhase(TestSuiteExecutor.java:202)
	at com.kms.katalon.core.main.TestSuiteExecutor.accessTestSuiteMainPhase(TestSuiteExecutor.java:164)
	at com.kms.katalon.core.main.TestSuiteExecutor.execute(TestSuiteExecutor.java:105)
	at com.kms.katalon.core.main.TestCaseMain.startTestSuite(TestCaseMain.java:181)
	at com.kms.katalon.core.main.TestCaseMain$startTestSuite$0.call(Unknown Source)
	at TempTestSuite1640121193910.run(TempTestSuite1640121193910.groovy:36)
Caused by: org.openqa.selenium.ElementClickInterceptedException: element click intercepted: Element <a id="form_evidencias:tabla:j_idt801" href="#" class="ui-commandlink ui-widget btn-miniadicionar" onclick="PrimeFaces.ab({s:&quot;form_evidencias:tabla:j_idt801&quot;,f:&quot;form_evidencias&quot;,u:&quot;areaAplicacion&quot;});return false;"></a> is not clickable at point (1301, 446). Other element would receive the click: <div id="popupCargarArchivoForm:j_idt966_modal" class="ui-widget-overlay ui-dialog-mask" style="z-index: 1047;"></div>
  (Session info: chrome=96.0.4664.110)
Build info: version: '3.141.59', revision: 'e82be7d358', time: '2018-11-14T08:25:53'
System info: host: 'US-AF-000371', ip: '192.168.56.1', os.name: 'Windows 10', os.arch: 'amd64', os.version: '10.0', java.version: '1.8.0_282'
Driver info: com.kms.katalon.selenium.driver.CChromeDriver
Capabilities {acceptInsecureCerts: false, browserName: chrome, browserVersion: 96.0.4664.110, chrome: {chromedriverVersion: 95.0.4638.17 (a9d0719444d4b..., userDataDir: C:\Users\DIEGO~1.ROJ\AppDat...}, goog:chromeOptions: {debuggerAddress: localhost:60533}, javascriptEnabled: true, networkConnectionEnabled: false, pageLoadStrategy: normal, platform: WINDOWS, platformName: WINDOWS, proxy: Proxy(), setWindowRect: true, strictFileInteractability: false, timeouts: {implicit: 0, pageLoad: 300000, script: 30000}, unhandledPromptBehavior: dismiss and notify, webauthn:extension:credBlob: true, webauthn:extension:largeBlob: true, webauthn:virtualAuthenticators: true}
Session ID: 4d5a11d283e58c814361a18e36a24269
	at org.openqa.selenium.remote.http.W3CHttpResponseCodec.createException(W3CHttpResponseCodec.java:187)
	at org.openqa.selenium.remote.http.W3CHttpResponseCodec.decode(W3CHttpResponseCodec.java:122)
	at org.openqa.selenium.remote.http.W3CHttpResponseCodec.decode(W3CHttpResponseCodec.java:49)
	at org.openqa.selenium.remote.HttpCommandExecutor.execute(HttpCommandExecutor.java:158)
	at org.openqa.selenium.remote.service.DriverCommandExecutor.execute(DriverCommandExecutor.java:83)
	at org.openqa.selenium.remote.RemoteWebDriver.execute(RemoteWebDriver.java:552)
	at com.kms.katalon.selenium.driver.CChromeDriver.execute(CChromeDriver.java:19)
	at org.openqa.selenium.remote.RemoteWebElement.execute(RemoteWebElement.java:285)
	at org.openqa.selenium.remote.RemoteWebElement.click(RemoteWebElement.java:84)
	at org.openqa.selenium.support.events.EventFiringWebDriver$EventFiringWebElement.lambda$new$0(EventFiringWebDriver.java:404)
	at com.sun.proxy.$Proxy11.click(Unknown Source)
	at org.openqa.selenium.support.events.EventFiringWebDriver$EventFiringWebElement.click(EventFiringWebDriver.java:417)
	at org.openqa.selenium.WebElement$click$0.call(Unknown Source)
	at com.kms.katalon.core.webui.keyword.builtin.ClickKeyword.clickUntilSuccessWithTimeout(ClickKeyword.groovy:81)
	at com.kms.katalon.core.webui.keyword.builtin.ClickKeyword.clickUntilSuccessWithTimeout(ClickKeyword.groovy)
	at com.kms.katalon.core.webui.keyword.builtin.ClickKeyword$_click_closure1.doCall(ClickKeyword.groovy:67)
	at com.kms.katalon.core.webui.keyword.builtin.ClickKeyword$_click_closure1.call(ClickKeyword.groovy)
	at com.kms.katalon.core.webui.keyword.internal.WebUIKeywordMain.runKeyword(WebUIKeywordMain.groovy:20)
	at com.kms.katalon.core.webui.keyword.builtin.ClickKeyword.click(ClickKeyword.groovy:74)
	at com.kms.katalon.core.webui.keyword.builtin.ClickKeyword.execute(ClickKeyword.groovy:40)
	at com.kms.katalon.core.keyword.internal.KeywordExecutor.executeKeywordForPlatform(KeywordExecutor.groovy:74)
	at com.kms.katalon.core.webui.keyword.WebUiBuiltInKeywords.click(WebUiBuiltInKeywords.groovy:620)
	at com.kms.katalon.core.webui.keyword.WebUiBuiltInKeywords$click$5.call(Unknown Source)
	at Script1638198908573.run(Script1638198908573.groovy:130)
	... 13 more
)
[[ATTACHMENT|C:\\Users\\diego.rojas\\git\\Pruebas-Minimas\\Reports\\20211221_161251\\5-Pruebas SST\\20211221_161313\\1640122274197.png]]]]></system-out>
         <system-err><![CDATA[2021-12-21 16:29:55 - [TEST_CASE][FAILED] - Test Cases/5.1-Pruebas_SST/5.1.5-Diligenciar_una_inspección: Test Cases/5.1-Pruebas_SST/5.1.5-Diligenciar_una_inspección FAILED.
Reason:
com.kms.katalon.core.exception.StepFailedException: Unable to click on object 'Object Repository/Modulo Pruebas SST/Diligenciar_una_inspección/a_Descargar_form_evidenciastablaj_idt776'
	at com.kms.katalon.core.webui.keyword.internal.WebUIKeywordMain.stepFailed(WebUIKeywordMain.groovy:64)
	at com.kms.katalon.core.webui.keyword.internal.WebUIKeywordMain.runKeyword(WebUIKeywordMain.groovy:26)
	at com.kms.katalon.core.webui.keyword.builtin.ClickKeyword.click(ClickKeyword.groovy:74)
	at com.kms.katalon.core.webui.keyword.builtin.ClickKeyword.execute(ClickKeyword.groovy:40)
	at com.kms.katalon.core.keyword.internal.KeywordExecutor.executeKeywordForPlatform(KeywordExecutor.groovy:74)
	at com.kms.katalon.core.webui.keyword.WebUiBuiltInKeywords.click(WebUiBuiltInKeywords.groovy:620)
	at com.kms.katalon.core.webui.keyword.WebUiBuiltInKeywords$click$5.call(Unknown Source)
	at 5.1.5-Diligenciar_una_inspección.run(5.1.5-Diligenciar_una_inspección:130)
	at com.kms.katalon.core.main.ScriptEngine.run(ScriptEngine.java:194)
	at com.kms.katalon.core.main.ScriptEngine.runScriptAsRawText(ScriptEngine.java:119)
	at com.kms.katalon.core.main.TestCaseExecutor.runScript(TestCaseExecutor.java:442)
	at com.kms.katalon.core.main.TestCaseExecutor.doExecute(TestCaseExecutor.java:433)
	at com.kms.katalon.core.main.TestCaseExecutor.processExecutionPhase(TestCaseExecutor.java:412)
	at com.kms.katalon.core.main.TestCaseExecutor.accessMainPhase(TestCaseExecutor.java:404)
	at com.kms.katalon.core.main.TestCaseExecutor.execute(TestCaseExecutor.java:281)
	at com.kms.katalon.core.main.TestSuiteExecutor.accessTestCaseMainPhase(TestSuiteExecutor.java:202)
	at com.kms.katalon.core.main.TestSuiteExecutor.accessTestSuiteMainPhase(TestSuiteExecutor.java:164)
	at com.kms.katalon.core.main.TestSuiteExecutor.execute(TestSuiteExecutor.java:105)
	at com.kms.katalon.core.main.TestCaseMain.startTestSuite(TestCaseMain.java:181)
	at com.kms.katalon.core.main.TestCaseMain$startTestSuite$0.call(Unknown Source)
	at TempTestSuite1640121193910.run(TempTestSuite1640121193910.groovy:36)
Caused by: org.openqa.selenium.ElementClickInterceptedException: element click intercepted: Element <a id="form_evidencias:tabla:j_idt801" href="#" class="ui-commandlink ui-widget btn-miniadicionar" onclick="PrimeFaces.ab({s:&quot;form_evidencias:tabla:j_idt801&quot;,f:&quot;form_evidencias&quot;,u:&quot;areaAplicacion&quot;});return false;"></a> is not clickable at point (1301, 446). Other element would receive the click: <div id="popupCargarArchivoForm:j_idt966_modal" class="ui-widget-overlay ui-dialog-mask" style="z-index: 1047;"></div>
  (Session info: chrome=96.0.4664.110)
Build info: version: '3.141.59', revision: 'e82be7d358', time: '2018-11-14T08:25:53'
System info: host: 'US-AF-000371', ip: '192.168.56.1', os.name: 'Windows 10', os.arch: 'amd64', os.version: '10.0', java.version: '1.8.0_282'
Driver info: com.kms.katalon.selenium.driver.CChromeDriver
Capabilities {acceptInsecureCerts: false, browserName: chrome, browserVersion: 96.0.4664.110, chrome: {chromedriverVersion: 95.0.4638.17 (a9d0719444d4b..., userDataDir: C:\Users\DIEGO~1.ROJ\AppDat...}, goog:chromeOptions: {debuggerAddress: localhost:60533}, javascriptEnabled: true, networkConnectionEnabled: false, pageLoadStrategy: normal, platform: WINDOWS, platformName: WINDOWS, proxy: Proxy(), setWindowRect: true, strictFileInteractability: false, timeouts: {implicit: 0, pageLoad: 300000, script: 30000}, unhandledPromptBehavior: dismiss and notify, webauthn:extension:credBlob: true, webauthn:extension:largeBlob: true, webauthn:virtualAuthenticators: true}
Session ID: 4d5a11d283e58c814361a18e36a24269
	at org.openqa.selenium.remote.http.W3CHttpResponseCodec.createException(W3CHttpResponseCodec.java:187)
	at org.openqa.selenium.remote.http.W3CHttpResponseCodec.decode(W3CHttpResponseCodec.java:122)
	at org.openqa.selenium.remote.http.W3CHttpResponseCodec.decode(W3CHttpResponseCodec.java:49)
	at org.openqa.selenium.remote.HttpCommandExecutor.execute(HttpCommandExecutor.java:158)
	at org.openqa.selenium.remote.service.DriverCommandExecutor.execute(DriverCommandExecutor.java:83)
	at org.openqa.selenium.remote.RemoteWebDriver.execute(RemoteWebDriver.java:552)
	at com.kms.katalon.selenium.driver.CChromeDriver.execute(CChromeDriver.java:19)
	at org.openqa.selenium.remote.RemoteWebElement.execute(RemoteWebElement.java:285)
	at org.openqa.selenium.remote.RemoteWebElement.click(RemoteWebElement.java:84)
	at org.openqa.selenium.support.events.EventFiringWebDriver$EventFiringWebElement.lambda$new$0(EventFiringWebDriver.java:404)
	at com.sun.proxy.$Proxy11.click(Unknown Source)
	at org.openqa.selenium.support.events.EventFiringWebDriver$EventFiringWebElement.click(EventFiringWebDriver.java:417)
	at org.openqa.selenium.WebElement$click$0.call(Unknown Source)
	at com.kms.katalon.core.webui.keyword.builtin.ClickKeyword.clickUntilSuccessWithTimeout(ClickKeyword.groovy:81)
	at com.kms.katalon.core.webui.keyword.builtin.ClickKeyword.clickUntilSuccessWithTimeout(ClickKeyword.groovy)
	at com.kms.katalon.core.webui.keyword.builtin.ClickKeyword$_click_closure1.doCall(ClickKeyword.groovy:67)
	at com.kms.katalon.core.webui.keyword.builtin.ClickKeyword$_click_closure1.call(ClickKeyword.groovy)
	at com.kms.katalon.core.webui.keyword.internal.WebUIKeywordMain.runKeyword(WebUIKeywordMain.groovy:20)
	... 19 more]]></system-err>
      </testcase>
      <testcase name="Test Cases/5.1-Pruebas_SST/5.1.6-Crear_una_entidad_de_riesgo_sst" time="51.702" classname="Test Cases/5.1-Pruebas_SST/5.1.6-Crear_una_entidad_de_riesgo_sst" status="FAILED">
         <failure type="FAILED" message="Test Cases/5.1-Pruebas_SST/5.1.6-Crear_una_entidad_de_riesgo_sst FAILED.
Reason:
com.kms.katalon.core.exception.StepFailedException: Unable to click on object 'Object Repository/Modulo Pruebas SST/Crear_una_entidad_de_riesgo_sst/a_Eliminar1'
	at com.kms.katalon.core.webui.keyword.internal.WebUIKeywordMain.stepFailed(WebUIKeywordMain.groovy:64)
	at com.kms.katalon.core.webui.keyword.internal.WebUIKeywordMain.runKeyword(WebUIKeywordMain.groovy:26)
	at com.kms.katalon.core.webui.keyword.builtin.ClickKeyword.click(ClickKeyword.groovy:74)
	at com.kms.katalon.core.webui.keyword.builtin.ClickKeyword.execute(ClickKeyword.groovy:40)
	at com.kms.katalon.core.keyword.internal.KeywordExecutor.executeKeywordForPlatform(KeywordExecutor.groovy:74)
	at com.kms.katalon.core.webui.keyword.WebUiBuiltInKeywords.click(WebUiBuiltInKeywords.groovy:620)
	at com.kms.katalon.core.webui.keyword.WebUiBuiltInKeywords$click$5.call(Unknown Source)
	at 5.1.6-Crear_una_entidad_de_riesgo_sst.run(5.1.6-Crear_una_entidad_de_riesgo_sst:51)
	at com.kms.katalon.core.main.ScriptEngine.run(ScriptEngine.java:194)
	at com.kms.katalon.core.main.ScriptEngine.runScriptAsRawText(ScriptEngine.java:119)
	at com.kms.katalon.core.main.TestCaseExecutor.runScript(TestCaseExecutor.java:442)
	at com.kms.katalon.core.main.TestCaseExecutor.doExecute(TestCaseExecutor.java:433)
	at com.kms.katalon.core.main.TestCaseExecutor.processExecutionPhase(TestCaseExecutor.java:412)
	at com.kms.katalon.core.main.TestCaseExecutor.accessMainPhase(TestCaseExecutor.java:404)
	at com.kms.katalon.core.main.TestCaseExecutor.execute(TestCaseExecutor.java:281)
	at com.kms.katalon.core.main.TestSuiteExecutor.accessTestCaseMainPhase(TestSuiteExecutor.java:202)
	at com.kms.katalon.core.main.TestSuiteExecutor.accessTestSuiteMainPhase(TestSuiteExecutor.java:164)
	at com.kms.katalon.core.main.TestSuiteExecutor.execute(TestSuiteExecutor.java:105)
	at com.kms.katalon.core.main.TestCaseMain.startTestSuite(TestCaseMain.java:181)
	at com.kms.katalon.core.main.TestCaseMain$startTestSuite$0.call(Unknown Source)
	at TempTestSuite1640121193910.run(TempTestSuite1640121193910.groovy:36)
Caused by: com.kms.katalon.core.webui.exception.WebElementNotFoundException: Web element with id: 'Object Repository/Modulo Pruebas SST/Crear_una_entidad_de_riesgo_sst/a_Eliminar1' located by '//a[contains(text(),'Eliminar')]' not found
	at com.kms.katalon.core.webui.common.WebUiCommonHelper.findWebElement(WebUiCommonHelper.java:1368)
	at com.kms.katalon.core.webui.keyword.internal.WebUIAbstractKeyword.findWebElement(WebUIAbstractKeyword.groovy:27)
	at com.kms.katalon.core.webui.keyword.builtin.ClickKeyword$_click_closure1.doCall(ClickKeyword.groovy:65)
	at com.kms.katalon.core.webui.keyword.builtin.ClickKeyword$_click_closure1.call(ClickKeyword.groovy)
	at com.kms.katalon.core.webui.keyword.internal.WebUIKeywordMain.runKeyword(WebUIKeywordMain.groovy:20)
	... 19 more
"/>
         <system-out><![CDATA[2021-12-21 16:31:14 - [TEST_CASE][FAILED] - Test Cases/5.1-Pruebas_SST/5.1.6-Crear_una_entidad_de_riesgo_sst: Test Cases/5.1-Pruebas_SST/5.1.6-Crear_una_entidad_de_riesgo_sst FAILED.
Reason:
com.kms.katalon.core.exception.StepFailedException: Unable to click on object 'Object Repository/Modulo Pruebas SST/Crear_una_entidad_de_riesgo_sst/a_Eliminar1'
	at com.kms.katalon.core.webui.keyword.internal.WebUIKeywordMain.stepFailed(WebUIKeywordMain.groovy:64)
	at com.kms.katalon.core.webui.keyword.internal.WebUIKeywordMain.runKeyword(WebUIKeywordMain.groovy:26)
	at com.kms.katalon.core.webui.keyword.builtin.ClickKeyword.click(ClickKeyword.groovy:74)
	at com.kms.katalon.core.webui.keyword.builtin.ClickKeyword.execute(ClickKeyword.groovy:40)
	at com.kms.katalon.core.keyword.internal.KeywordExecutor.executeKeywordForPlatform(KeywordExecutor.groovy:74)
	at com.kms.katalon.core.webui.keyword.WebUiBuiltInKeywords.click(WebUiBuiltInKeywords.groovy:620)
	at com.kms.katalon.core.webui.keyword.WebUiBuiltInKeywords$click$5.call(Unknown Source)
	at 5.1.6-Crear_una_entidad_de_riesgo_sst.run(5.1.6-Crear_una_entidad_de_riesgo_sst:51)
	at com.kms.katalon.core.main.ScriptEngine.run(ScriptEngine.java:194)
	at com.kms.katalon.core.main.ScriptEngine.runScriptAsRawText(ScriptEngine.java:119)
	at com.kms.katalon.core.main.TestCaseExecutor.runScript(TestCaseExecutor.java:442)
	at com.kms.katalon.core.main.TestCaseExecutor.doExecute(TestCaseExecutor.java:433)
	at com.kms.katalon.core.main.TestCaseExecutor.processExecutionPhase(TestCaseExecutor.java:412)
	at com.kms.katalon.core.main.TestCaseExecutor.accessMainPhase(TestCaseExecutor.java:404)
	at com.kms.katalon.core.main.TestCaseExecutor.execute(TestCaseExecutor.java:281)
	at com.kms.katalon.core.main.TestSuiteExecutor.accessTestCaseMainPhase(TestSuiteExecutor.java:202)
	at com.kms.katalon.core.main.TestSuiteExecutor.accessTestSuiteMainPhase(TestSuiteExecutor.java:164)
	at com.kms.katalon.core.main.TestSuiteExecutor.execute(TestSuiteExecutor.java:105)
	at com.kms.katalon.core.main.TestCaseMain.startTestSuite(TestCaseMain.java:181)
	at com.kms.katalon.core.main.TestCaseMain$startTestSuite$0.call(Unknown Source)
	at TempTestSuite1640121193910.run(TempTestSuite1640121193910.groovy:36)
Caused by: com.kms.katalon.core.webui.exception.WebElementNotFoundException: Web element with id: 'Object Repository/Modulo Pruebas SST/Crear_una_entidad_de_riesgo_sst/a_Eliminar1' located by '//a[contains(text(),'Eliminar')]' not found
	at com.kms.katalon.core.webui.common.WebUiCommonHelper.findWebElement(WebUiCommonHelper.java:1368)
	at com.kms.katalon.core.webui.keyword.internal.WebUIAbstractKeyword.findWebElement(WebUIAbstractKeyword.groovy:27)
	at com.kms.katalon.core.webui.keyword.builtin.ClickKeyword$_click_closure1.doCall(ClickKeyword.groovy:65)
	at com.kms.katalon.core.webui.keyword.builtin.ClickKeyword$_click_closure1.call(ClickKeyword.groovy)
	at com.kms.katalon.core.webui.keyword.internal.WebUIKeywordMain.runKeyword(WebUIKeywordMain.groovy:20)
	... 19 more


2021-12-21 16:31:14 - [TEST_STEP][PASSED] - callTestCase(findTestCase("0.1-Login"), [:], STOP_ON_FAILURE): Call Test Case 'Test Cases/0.1-Login' successfully

2021-12-21 16:31:14 - [TEST_CASE][PASSED] - Test Cases/0.1-Login: Test Cases/0.1-Login

2021-12-21 16:31:14 - [TEST_STEP][PASSED] - openBrowser(""): Browser is opened with url: ''

2021-12-21 16:31:14 - [MESSAGE][WARNING] - A browser is already opened. Closing browser and opening a new one

2021-12-21 16:31:15 - [MESSAGE][INFO] - Starting 'Chrome' driver

2021-12-21 16:31:15 - [MESSAGE][INFO] - Action delay is set to 0 milliseconds

2021-12-21 16:31:16 - [MESSAGE][PASSED] - Browser is opened with url: ''

2021-12-21 16:31:16 - [TEST_STEP][PASSED] - maximizeWindow(): Current window maximized

2021-12-21 16:31:16 - [MESSAGE][PASSED] - Current window maximized

2021-12-21 16:31:16 - [TEST_STEP][PASSED] - i = G_Login: null

2021-12-21 16:31:16 - [TEST_STEP][PASSED] - url = new java.net.URL(i): null

2021-12-21 16:31:16 - [TEST_STEP][PASSED] - println("URL: " + url.toString()): null

2021-12-21 16:31:16 - [TEST_STEP][PASSED] - connection = url.openConnection(): null

2021-12-21 16:31:16 - [TEST_STEP][PASSED] - connection.setRequestMethod("GET"): null

2021-12-21 16:31:16 - [TEST_STEP][PASSED] - connection.setReadTimeout(2 * 1000): null

2021-12-21 16:31:16 - [TEST_STEP][PASSED] - try: null

2021-12-21 16:31:16 - [TEST_STEP][PASSED] - connection.connect(): null

2021-12-21 16:31:16 - [TEST_STEP][PASSED] - flag = connected: null

2021-12-21 16:31:16 - [TEST_STEP][PASSED] - println("Valor_ori: " + flag): null

2021-12-21 16:31:16 - [TEST_STEP][PASSED] - if (flag): null

2021-12-21 16:31:16 - [TEST_STEP][PASSED] - navigateToUrl(i): Navigate to 'http://192.168.2.80:8380/saraweb' successfully

2021-12-21 16:31:17 - [MESSAGE][PASSED] - Navigate to 'http://192.168.2.80:8380/saraweb' successfully

2021-12-21 16:31:17 - [TEST_STEP][PASSED] - a(): null

2021-12-21 16:31:17 - [TEST_STEP][PASSED] - setText(findTestObject("Login/input_USUARIO_loginusuario"), G_Usuario): Text 'saraadmin' is set on object 'Object Repository/Login/input_USUARIO_loginusuario'

2021-12-21 16:31:18 - [MESSAGE][PASSED] - Text 'saraadmin' is set on object 'Object Repository/Login/input_USUARIO_loginusuario'

2021-12-21 16:31:18 - [TEST_STEP][PASSED] - setEncryptedText(findTestObject("Login/input_CLAVE_loginpassword"), "MkG4/TYiCFC3cb2driP7+Q=="): Text ****** has been set on object 'Object Repository/Login/input_CLAVE_loginpassword'

2021-12-21 16:31:18 - [MESSAGE][PASSED] - Text ****** has been set on object 'Object Repository/Login/input_CLAVE_loginpassword'

2021-12-21 16:31:18 - [TEST_STEP][PASSED] - waitForElementClickable(findTestObject("Login/a_Ingresar"), G_TimeOut): Object 'Object Repository/Login/a_Ingresar' is clickable

2021-12-21 16:31:19 - [MESSAGE][PASSED] - Object 'Object Repository/Login/a_Ingresar' is clickable

2021-12-21 16:31:19 - [TEST_STEP][PASSED] - click(findTestObject("Login/a_Ingresar")): Object: 'Object Repository/Login/a_Ingresar' is clicked on

2021-12-21 16:31:21 - [MESSAGE][PASSED] - Object: 'Object Repository/Login/a_Ingresar' is clicked on

2021-12-21 16:31:21 - [TEST_STEP][PASSED] - element = findWebElement(findTestObject("Login/a_Ir"), 30): null

2021-12-21 16:31:21 - [TEST_STEP][PASSED] - executeJavaScript("arguments[0].click()", Arrays.asList(element)): Execute JavaScript 'arguments[0].click()' successfully

2021-12-21 16:31:21 - [MESSAGE][PASSED] - Execute JavaScript 'arguments[0].click()' successfully

2021-12-21 16:31:21 - [MESSAGE][PASSED] - Call Test Case 'Test Cases/0.1-Login' successfully

2021-12-21 16:31:21 - [TEST_STEP][PASSED] - setText(findTestObject("Modulo Pruebas SST/Reporte_de_accidente_de_trabajo/input_ADMINISTRADOR DEL SISTEMA - SARA_form_templatej_idt24_input"), "entidades riesgo"): Text 'entidades riesgo' is set on object 'Object Repository/Modulo Pruebas SST/Reporte_de_accidente_de_trabajo/input_ADMINISTRADOR DEL SISTEMA - SARA_form_templatej_idt24_input'

2021-12-21 16:31:23 - [MESSAGE][PASSED] - Text 'entidades riesgo' is set on object 'Object Repository/Modulo Pruebas SST/Reporte_de_accidente_de_trabajo/input_ADMINISTRADOR DEL SISTEMA - SARA_form_templatej_idt24_input'

2021-12-21 16:31:23 - [TEST_STEP][PASSED] - delay(2): Delayed 2 second(s)

2021-12-21 16:31:25 - [MESSAGE][PASSED] - Delayed 2 second(s)

2021-12-21 16:31:25 - [TEST_STEP][PASSED] - click(findTestObject("Modulo Pruebas SST/Crear_una_entidad_de_riesgo_sst/li_Entidades Riesgo (sst)")): Object: 'Object Repository/Modulo Pruebas SST/Crear_una_entidad_de_riesgo_sst/li_Entidades Riesgo (sst)' is clicked on

2021-12-21 16:31:25 - [MESSAGE][PASSED] - Object: 'Object Repository/Modulo Pruebas SST/Crear_una_entidad_de_riesgo_sst/li_Entidades Riesgo (sst)' is clicked on

2021-12-21 16:31:25 - [TEST_STEP][PASSED] - setText(findTestObject("Modulo Pruebas SST/Crear_una_entidad_de_riesgo_sst/input_Nombre_form_entidadRiesgoj_idt59"), "pruebas k"): Text 'pruebas k' is set on object 'Object Repository/Modulo Pruebas SST/Crear_una_entidad_de_riesgo_sst/input_Nombre_form_entidadRiesgoj_idt59'

2021-12-21 16:31:27 - [MESSAGE][PASSED] - Text 'pruebas k' is set on object 'Object Repository/Modulo Pruebas SST/Crear_una_entidad_de_riesgo_sst/input_Nombre_form_entidadRiesgoj_idt59'

2021-12-21 16:31:27 - [TEST_STEP][PASSED] - sendKeys(findTestObject("Modulo Pruebas SST/Crear_una_entidad_de_riesgo_sst/input_Nombre_form_entidadRiesgoj_idt59"), Keys.chord(ENTER)): Keys 'ENTER + ' sent to object: 'Object Repository/Modulo Pruebas SST/Crear_una_entidad_de_riesgo_sst/input_Nombre_form_entidadRiesgoj_idt59'

2021-12-21 16:31:27 - [MESSAGE][PASSED] - Keys 'ENTER + ' sent to object: 'Object Repository/Modulo Pruebas SST/Crear_una_entidad_de_riesgo_sst/input_Nombre_form_entidadRiesgoj_idt59'

2021-12-21 16:31:27 - [TEST_STEP][PASSED] - if (waitForElementPresent(findTestObject("Modulo Pruebas SST/Crear_una_entidad_de_riesgo_sst/td_PRUEBAS K"), 1)): null

2021-12-21 16:31:28 - [MESSAGE][PASSED] - Object 'Object Repository/Modulo Pruebas SST/Crear_una_entidad_de_riesgo_sst/td_PRUEBAS K' is present

2021-12-21 16:31:28 - [TEST_STEP][PASSED] - click(findTestObject("Modulo Pruebas SST/Crear_una_entidad_de_riesgo_sst/td_PRUEBAS K")): Object: 'Object Repository/Modulo Pruebas SST/Crear_una_entidad_de_riesgo_sst/td_PRUEBAS K' is clicked on

2021-12-21 16:31:28 - [MESSAGE][PASSED] - Object: 'Object Repository/Modulo Pruebas SST/Crear_una_entidad_de_riesgo_sst/td_PRUEBAS K' is clicked on

2021-12-21 16:31:28 - [TEST_STEP][PASSED] - click(findTestObject("Modulo Pruebas SST/Crear_una_entidad_de_riesgo_sst/a_Seguimiento")): Object: 'Object Repository/Modulo Pruebas SST/Crear_una_entidad_de_riesgo_sst/a_Seguimiento' is clicked on

2021-12-21 16:31:30 - [MESSAGE][PASSED] - Object: 'Object Repository/Modulo Pruebas SST/Crear_una_entidad_de_riesgo_sst/a_Seguimiento' is clicked on

2021-12-21 16:31:30 - [TEST_STEP][PASSED] - if (waitForElementPresent(findTestObject("Modulo Pruebas SST/Crear_una_entidad_de_riesgo_sst/td_DIAZ BLANCO GUISELL"), 1)): null

2021-12-21 16:31:30 - [MESSAGE][PASSED] - Object 'Object Repository/Modulo Pruebas SST/Crear_una_entidad_de_riesgo_sst/td_DIAZ BLANCO GUISELL' is present

2021-12-21 16:31:30 - [TEST_STEP][PASSED] - click(findTestObject("Modulo Pruebas SST/Crear_una_entidad_de_riesgo_sst/td_DIAZ BLANCO GUISELL")): Object: 'Object Repository/Modulo Pruebas SST/Crear_una_entidad_de_riesgo_sst/td_DIAZ BLANCO GUISELL' is clicked on

2021-12-21 16:31:31 - [MESSAGE][PASSED] - Object: 'Object Repository/Modulo Pruebas SST/Crear_una_entidad_de_riesgo_sst/td_DIAZ BLANCO GUISELL' is clicked on

2021-12-21 16:31:31 - [TEST_STEP][PASSED] - click(findTestObject("Modulo Pruebas SST/Crear_una_entidad_de_riesgo_sst/a_Eliminar1")): Object: 'Object Repository/Modulo Pruebas SST/Crear_una_entidad_de_riesgo_sst/a_Eliminar1' is clicked on

2021-12-21 16:31:32 - [MESSAGE][PASSED] - Object: 'Object Repository/Modulo Pruebas SST/Crear_una_entidad_de_riesgo_sst/a_Eliminar1' is clicked on

2021-12-21 16:31:32 - [TEST_STEP][PASSED] - click(findTestObject("Modulo Pruebas SST/Crear_una_entidad_de_riesgo_sst/a_Aceptar1")): Object: 'Object Repository/Modulo Pruebas SST/Crear_una_entidad_de_riesgo_sst/a_Aceptar1' is clicked on

2021-12-21 16:31:34 - [MESSAGE][PASSED] - Object: 'Object Repository/Modulo Pruebas SST/Crear_una_entidad_de_riesgo_sst/a_Aceptar1' is clicked on

2021-12-21 16:31:34 - [TEST_STEP][PASSED] - click(findTestObject("Modulo Pruebas SST/Crear_una_entidad_de_riesgo_sst/a_Entidad de Riesgo")): Object: 'Object Repository/Modulo Pruebas SST/Crear_una_entidad_de_riesgo_sst/a_Entidad de Riesgo' is clicked on

2021-12-21 16:31:34 - [MESSAGE][PASSED] - Object: 'Object Repository/Modulo Pruebas SST/Crear_una_entidad_de_riesgo_sst/a_Entidad de Riesgo' is clicked on

2021-12-21 16:31:34 - [TEST_STEP][FAILED] - click(findTestObject("Modulo Pruebas SST/Crear_una_entidad_de_riesgo_sst/a_Eliminar1")): Unable to click on object 'Object Repository/Modulo Pruebas SST/Crear_una_entidad_de_riesgo_sst/a_Eliminar1' (Root cause: com.kms.katalon.core.exception.StepFailedException: Unable to click on object 'Object Repository/Modulo Pruebas SST/Crear_una_entidad_de_riesgo_sst/a_Eliminar1'
	at com.kms.katalon.core.webui.keyword.internal.WebUIKeywordMain.stepFailed(WebUIKeywordMain.groovy:64)
	at com.kms.katalon.core.webui.keyword.internal.WebUIKeywordMain.runKeyword(WebUIKeywordMain.groovy:26)
	at com.kms.katalon.core.webui.keyword.builtin.ClickKeyword.click(ClickKeyword.groovy:74)
	at com.kms.katalon.core.webui.keyword.builtin.ClickKeyword.execute(ClickKeyword.groovy:40)
	at com.kms.katalon.core.keyword.internal.KeywordExecutor.executeKeywordForPlatform(KeywordExecutor.groovy:74)
	at com.kms.katalon.core.webui.keyword.WebUiBuiltInKeywords.click(WebUiBuiltInKeywords.groovy:620)
	at com.kms.katalon.core.webui.keyword.WebUiBuiltInKeywords$click$5.call(Unknown Source)
	at 5.1.6-Crear_una_entidad_de_riesgo_sst.run(5.1.6-Crear_una_entidad_de_riesgo_sst:51)
	at com.kms.katalon.core.main.ScriptEngine.run(ScriptEngine.java:194)
	at com.kms.katalon.core.main.ScriptEngine.runScriptAsRawText(ScriptEngine.java:119)
	at com.kms.katalon.core.main.TestCaseExecutor.runScript(TestCaseExecutor.java:442)
	at com.kms.katalon.core.main.TestCaseExecutor.doExecute(TestCaseExecutor.java:433)
	at com.kms.katalon.core.main.TestCaseExecutor.processExecutionPhase(TestCaseExecutor.java:412)
	at com.kms.katalon.core.main.TestCaseExecutor.accessMainPhase(TestCaseExecutor.java:404)
	at com.kms.katalon.core.main.TestCaseExecutor.execute(TestCaseExecutor.java:281)
	at com.kms.katalon.core.main.TestSuiteExecutor.accessTestCaseMainPhase(TestSuiteExecutor.java:202)
	at com.kms.katalon.core.main.TestSuiteExecutor.accessTestSuiteMainPhase(TestSuiteExecutor.java:164)
	at com.kms.katalon.core.main.TestSuiteExecutor.execute(TestSuiteExecutor.java:105)
	at com.kms.katalon.core.main.TestCaseMain.startTestSuite(TestCaseMain.java:181)
	at com.kms.katalon.core.main.TestCaseMain$startTestSuite$0.call(Unknown Source)
	at TempTestSuite1640121193910.run(TempTestSuite1640121193910.groovy:36)
Caused by: com.kms.katalon.core.webui.exception.WebElementNotFoundException: Web element with id: 'Object Repository/Modulo Pruebas SST/Crear_una_entidad_de_riesgo_sst/a_Eliminar1' located by '//a[contains(text(),'Eliminar')]' not found
	at com.kms.katalon.core.webui.common.WebUiCommonHelper.findWebElement(WebUiCommonHelper.java:1368)
	at com.kms.katalon.core.webui.keyword.internal.WebUIAbstractKeyword.findWebElement(WebUIAbstractKeyword.groovy:27)
	at com.kms.katalon.core.webui.keyword.builtin.ClickKeyword$_click_closure1.doCall(ClickKeyword.groovy:65)
	at com.kms.katalon.core.webui.keyword.builtin.ClickKeyword$_click_closure1.call(ClickKeyword.groovy)
	at com.kms.katalon.core.webui.keyword.internal.WebUIKeywordMain.runKeyword(WebUIKeywordMain.groovy:20)
	at com.kms.katalon.core.webui.keyword.builtin.ClickKeyword.click(ClickKeyword.groovy:74)
	at com.kms.katalon.core.webui.keyword.builtin.ClickKeyword.execute(ClickKeyword.groovy:40)
	at com.kms.katalon.core.keyword.internal.KeywordExecutor.executeKeywordForPlatform(KeywordExecutor.groovy:74)
	at com.kms.katalon.core.webui.keyword.WebUiBuiltInKeywords.click(WebUiBuiltInKeywords.groovy:620)
	at com.kms.katalon.core.webui.keyword.WebUiBuiltInKeywords$click$5.call(Unknown Source)
	at Script1639075665186.run(Script1639075665186.groovy:51)
	... 13 more
)

2021-12-21 16:32:05 - [MESSAGE][INFO] - Unable to find the element located by 'By.xpath: //a[contains(text(),'Eliminar')]'. Please recheck the objects properties to make sure the desired element is located. 

2021-12-21 16:32:06 - [MESSAGE][FAILED] - Unable to click on object 'Object Repository/Modulo Pruebas SST/Crear_una_entidad_de_riesgo_sst/a_Eliminar1' (Root cause: com.kms.katalon.core.exception.StepFailedException: Unable to click on object 'Object Repository/Modulo Pruebas SST/Crear_una_entidad_de_riesgo_sst/a_Eliminar1'
	at com.kms.katalon.core.webui.keyword.internal.WebUIKeywordMain.stepFailed(WebUIKeywordMain.groovy:64)
	at com.kms.katalon.core.webui.keyword.internal.WebUIKeywordMain.runKeyword(WebUIKeywordMain.groovy:26)
	at com.kms.katalon.core.webui.keyword.builtin.ClickKeyword.click(ClickKeyword.groovy:74)
	at com.kms.katalon.core.webui.keyword.builtin.ClickKeyword.execute(ClickKeyword.groovy:40)
	at com.kms.katalon.core.keyword.internal.KeywordExecutor.executeKeywordForPlatform(KeywordExecutor.groovy:74)
	at com.kms.katalon.core.webui.keyword.WebUiBuiltInKeywords.click(WebUiBuiltInKeywords.groovy:620)
	at com.kms.katalon.core.webui.keyword.WebUiBuiltInKeywords$click$5.call(Unknown Source)
	at 5.1.6-Crear_una_entidad_de_riesgo_sst.run(5.1.6-Crear_una_entidad_de_riesgo_sst:51)
	at com.kms.katalon.core.main.ScriptEngine.run(ScriptEngine.java:194)
	at com.kms.katalon.core.main.ScriptEngine.runScriptAsRawText(ScriptEngine.java:119)
	at com.kms.katalon.core.main.TestCaseExecutor.runScript(TestCaseExecutor.java:442)
	at com.kms.katalon.core.main.TestCaseExecutor.doExecute(TestCaseExecutor.java:433)
	at com.kms.katalon.core.main.TestCaseExecutor.processExecutionPhase(TestCaseExecutor.java:412)
	at com.kms.katalon.core.main.TestCaseExecutor.accessMainPhase(TestCaseExecutor.java:404)
	at com.kms.katalon.core.main.TestCaseExecutor.execute(TestCaseExecutor.java:281)
	at com.kms.katalon.core.main.TestSuiteExecutor.accessTestCaseMainPhase(TestSuiteExecutor.java:202)
	at com.kms.katalon.core.main.TestSuiteExecutor.accessTestSuiteMainPhase(TestSuiteExecutor.java:164)
	at com.kms.katalon.core.main.TestSuiteExecutor.execute(TestSuiteExecutor.java:105)
	at com.kms.katalon.core.main.TestCaseMain.startTestSuite(TestCaseMain.java:181)
	at com.kms.katalon.core.main.TestCaseMain$startTestSuite$0.call(Unknown Source)
	at TempTestSuite1640121193910.run(TempTestSuite1640121193910.groovy:36)
Caused by: com.kms.katalon.core.webui.exception.WebElementNotFoundException: Web element with id: 'Object Repository/Modulo Pruebas SST/Crear_una_entidad_de_riesgo_sst/a_Eliminar1' located by '//a[contains(text(),'Eliminar')]' not found
	at com.kms.katalon.core.webui.common.WebUiCommonHelper.findWebElement(WebUiCommonHelper.java:1368)
	at com.kms.katalon.core.webui.keyword.internal.WebUIAbstractKeyword.findWebElement(WebUIAbstractKeyword.groovy:27)
	at com.kms.katalon.core.webui.keyword.builtin.ClickKeyword$_click_closure1.doCall(ClickKeyword.groovy:65)
	at com.kms.katalon.core.webui.keyword.builtin.ClickKeyword$_click_closure1.call(ClickKeyword.groovy)
	at com.kms.katalon.core.webui.keyword.internal.WebUIKeywordMain.runKeyword(WebUIKeywordMain.groovy:20)
	at com.kms.katalon.core.webui.keyword.builtin.ClickKeyword.click(ClickKeyword.groovy:74)
	at com.kms.katalon.core.webui.keyword.builtin.ClickKeyword.execute(ClickKeyword.groovy:40)
	at com.kms.katalon.core.keyword.internal.KeywordExecutor.executeKeywordForPlatform(KeywordExecutor.groovy:74)
	at com.kms.katalon.core.webui.keyword.WebUiBuiltInKeywords.click(WebUiBuiltInKeywords.groovy:620)
	at com.kms.katalon.core.webui.keyword.WebUiBuiltInKeywords$click$5.call(Unknown Source)
	at Script1639075665186.run(Script1639075665186.groovy:51)
	... 13 more
)
[[ATTACHMENT|C:\\Users\\diego.rojas\\git\\Pruebas-Minimas\\Reports\\20211221_161251\\5-Pruebas SST\\20211221_161313\\1640122325909.png]]]]></system-out>
         <system-err><![CDATA[2021-12-21 16:31:14 - [TEST_CASE][FAILED] - Test Cases/5.1-Pruebas_SST/5.1.6-Crear_una_entidad_de_riesgo_sst: Test Cases/5.1-Pruebas_SST/5.1.6-Crear_una_entidad_de_riesgo_sst FAILED.
Reason:
com.kms.katalon.core.exception.StepFailedException: Unable to click on object 'Object Repository/Modulo Pruebas SST/Crear_una_entidad_de_riesgo_sst/a_Eliminar1'
	at com.kms.katalon.core.webui.keyword.internal.WebUIKeywordMain.stepFailed(WebUIKeywordMain.groovy:64)
	at com.kms.katalon.core.webui.keyword.internal.WebUIKeywordMain.runKeyword(WebUIKeywordMain.groovy:26)
	at com.kms.katalon.core.webui.keyword.builtin.ClickKeyword.click(ClickKeyword.groovy:74)
	at com.kms.katalon.core.webui.keyword.builtin.ClickKeyword.execute(ClickKeyword.groovy:40)
	at com.kms.katalon.core.keyword.internal.KeywordExecutor.executeKeywordForPlatform(KeywordExecutor.groovy:74)
	at com.kms.katalon.core.webui.keyword.WebUiBuiltInKeywords.click(WebUiBuiltInKeywords.groovy:620)
	at com.kms.katalon.core.webui.keyword.WebUiBuiltInKeywords$click$5.call(Unknown Source)
	at 5.1.6-Crear_una_entidad_de_riesgo_sst.run(5.1.6-Crear_una_entidad_de_riesgo_sst:51)
	at com.kms.katalon.core.main.ScriptEngine.run(ScriptEngine.java:194)
	at com.kms.katalon.core.main.ScriptEngine.runScriptAsRawText(ScriptEngine.java:119)
	at com.kms.katalon.core.main.TestCaseExecutor.runScript(TestCaseExecutor.java:442)
	at com.kms.katalon.core.main.TestCaseExecutor.doExecute(TestCaseExecutor.java:433)
	at com.kms.katalon.core.main.TestCaseExecutor.processExecutionPhase(TestCaseExecutor.java:412)
	at com.kms.katalon.core.main.TestCaseExecutor.accessMainPhase(TestCaseExecutor.java:404)
	at com.kms.katalon.core.main.TestCaseExecutor.execute(TestCaseExecutor.java:281)
	at com.kms.katalon.core.main.TestSuiteExecutor.accessTestCaseMainPhase(TestSuiteExecutor.java:202)
	at com.kms.katalon.core.main.TestSuiteExecutor.accessTestSuiteMainPhase(TestSuiteExecutor.java:164)
	at com.kms.katalon.core.main.TestSuiteExecutor.execute(TestSuiteExecutor.java:105)
	at com.kms.katalon.core.main.TestCaseMain.startTestSuite(TestCaseMain.java:181)
	at com.kms.katalon.core.main.TestCaseMain$startTestSuite$0.call(Unknown Source)
	at TempTestSuite1640121193910.run(TempTestSuite1640121193910.groovy:36)
Caused by: com.kms.katalon.core.webui.exception.WebElementNotFoundException: Web element with id: 'Object Repository/Modulo Pruebas SST/Crear_una_entidad_de_riesgo_sst/a_Eliminar1' located by '//a[contains(text(),'Eliminar')]' not found
	at com.kms.katalon.core.webui.common.WebUiCommonHelper.findWebElement(WebUiCommonHelper.java:1368)
	at com.kms.katalon.core.webui.keyword.internal.WebUIAbstractKeyword.findWebElement(WebUIAbstractKeyword.groovy:27)
	at com.kms.katalon.core.webui.keyword.builtin.ClickKeyword$_click_closure1.doCall(ClickKeyword.groovy:65)
	at com.kms.katalon.core.webui.keyword.builtin.ClickKeyword$_click_closure1.call(ClickKeyword.groovy)
	at com.kms.katalon.core.webui.keyword.internal.WebUIKeywordMain.runKeyword(WebUIKeywordMain.groovy:20)
	... 19 more]]></system-err>
      </testcase>
      <testcase name="Test Cases/5.1-Pruebas_SST/5.1.7-Crear_un_Sistema_de_Vigilancia_Epidemiologica" time="105.528" classname="Test Cases/5.1-Pruebas_SST/5.1.7-Crear_un_Sistema_de_Vigilancia_Epidemiologica" status="FAILED">
         <failure type="FAILED" message="Test Cases/5.1-Pruebas_SST/5.1.7-Crear_un_Sistema_de_Vigilancia_Epidemiologica FAILED.
Reason:
com.kms.katalon.core.exception.StepFailedException: Unable to click on object 'Object Repository/Modulo Pruebas SST/Crear_un_Sistema_de_Vigilancia_Epidemiologica/a_Finalizar Encuesta'
	at com.kms.katalon.core.webui.keyword.internal.WebUIKeywordMain.stepFailed(WebUIKeywordMain.groovy:64)
	at com.kms.katalon.core.webui.keyword.internal.WebUIKeywordMain.runKeyword(WebUIKeywordMain.groovy:26)
	at com.kms.katalon.core.webui.keyword.builtin.ClickKeyword.click(ClickKeyword.groovy:74)
	at com.kms.katalon.core.webui.keyword.builtin.ClickKeyword.execute(ClickKeyword.groovy:40)
	at com.kms.katalon.core.keyword.internal.KeywordExecutor.executeKeywordForPlatform(KeywordExecutor.groovy:74)
	at com.kms.katalon.core.webui.keyword.WebUiBuiltInKeywords.click(WebUiBuiltInKeywords.groovy:620)
	at com.kms.katalon.core.webui.keyword.WebUiBuiltInKeywords$click$5.call(Unknown Source)
	at 5.1.7-Crear_un_Sistema_de_Vigilancia_Epidemiologica.run(5.1.7-Crear_un_Sistema_de_Vigilancia_Epidemiologica:178)
	at com.kms.katalon.core.main.ScriptEngine.run(ScriptEngine.java:194)
	at com.kms.katalon.core.main.ScriptEngine.runScriptAsRawText(ScriptEngine.java:119)
	at com.kms.katalon.core.main.TestCaseExecutor.runScript(TestCaseExecutor.java:442)
	at com.kms.katalon.core.main.TestCaseExecutor.doExecute(TestCaseExecutor.java:433)
	at com.kms.katalon.core.main.TestCaseExecutor.processExecutionPhase(TestCaseExecutor.java:412)
	at com.kms.katalon.core.main.TestCaseExecutor.accessMainPhase(TestCaseExecutor.java:404)
	at com.kms.katalon.core.main.TestCaseExecutor.execute(TestCaseExecutor.java:281)
	at com.kms.katalon.core.main.TestSuiteExecutor.accessTestCaseMainPhase(TestSuiteExecutor.java:202)
	at com.kms.katalon.core.main.TestSuiteExecutor.accessTestSuiteMainPhase(TestSuiteExecutor.java:164)
	at com.kms.katalon.core.main.TestSuiteExecutor.execute(TestSuiteExecutor.java:105)
	at com.kms.katalon.core.main.TestCaseMain.startTestSuite(TestCaseMain.java:181)
	at com.kms.katalon.core.main.TestCaseMain$startTestSuite$0.call(Unknown Source)
	at TempTestSuite1640121193910.run(TempTestSuite1640121193910.groovy:36)
Caused by: com.kms.katalon.core.webui.exception.WebElementNotFoundException: Web element with id: 'Object Repository/Modulo Pruebas SST/Crear_un_Sistema_de_Vigilancia_Epidemiologica/a_Finalizar Encuesta' located by '//a[contains(text(),'Finalizar Encuesta')]' not found
	at com.kms.katalon.core.webui.common.WebUiCommonHelper.findWebElement(WebUiCommonHelper.java:1368)
	at com.kms.katalon.core.webui.keyword.internal.WebUIAbstractKeyword.findWebElement(WebUIAbstractKeyword.groovy:27)
	at com.kms.katalon.core.webui.keyword.builtin.ClickKeyword$_click_closure1.doCall(ClickKeyword.groovy:65)
	at com.kms.katalon.core.webui.keyword.builtin.ClickKeyword$_click_closure1.call(ClickKeyword.groovy)
	at com.kms.katalon.core.webui.keyword.internal.WebUIKeywordMain.runKeyword(WebUIKeywordMain.groovy:20)
	... 19 more
"/>
         <system-out><![CDATA[2021-12-21 16:32:06 - [TEST_CASE][FAILED] - Test Cases/5.1-Pruebas_SST/5.1.7-Crear_un_Sistema_de_Vigilancia_Epidemiologica: Test Cases/5.1-Pruebas_SST/5.1.7-Crear_un_Sistema_de_Vigilancia_Epidemiologica FAILED.
Reason:
com.kms.katalon.core.exception.StepFailedException: Unable to click on object 'Object Repository/Modulo Pruebas SST/Crear_un_Sistema_de_Vigilancia_Epidemiologica/a_Finalizar Encuesta'
	at com.kms.katalon.core.webui.keyword.internal.WebUIKeywordMain.stepFailed(WebUIKeywordMain.groovy:64)
	at com.kms.katalon.core.webui.keyword.internal.WebUIKeywordMain.runKeyword(WebUIKeywordMain.groovy:26)
	at com.kms.katalon.core.webui.keyword.builtin.ClickKeyword.click(ClickKeyword.groovy:74)
	at com.kms.katalon.core.webui.keyword.builtin.ClickKeyword.execute(ClickKeyword.groovy:40)
	at com.kms.katalon.core.keyword.internal.KeywordExecutor.executeKeywordForPlatform(KeywordExecutor.groovy:74)
	at com.kms.katalon.core.webui.keyword.WebUiBuiltInKeywords.click(WebUiBuiltInKeywords.groovy:620)
	at com.kms.katalon.core.webui.keyword.WebUiBuiltInKeywords$click$5.call(Unknown Source)
	at 5.1.7-Crear_un_Sistema_de_Vigilancia_Epidemiologica.run(5.1.7-Crear_un_Sistema_de_Vigilancia_Epidemiologica:178)
	at com.kms.katalon.core.main.ScriptEngine.run(ScriptEngine.java:194)
	at com.kms.katalon.core.main.ScriptEngine.runScriptAsRawText(ScriptEngine.java:119)
	at com.kms.katalon.core.main.TestCaseExecutor.runScript(TestCaseExecutor.java:442)
	at com.kms.katalon.core.main.TestCaseExecutor.doExecute(TestCaseExecutor.java:433)
	at com.kms.katalon.core.main.TestCaseExecutor.processExecutionPhase(TestCaseExecutor.java:412)
	at com.kms.katalon.core.main.TestCaseExecutor.accessMainPhase(TestCaseExecutor.java:404)
	at com.kms.katalon.core.main.TestCaseExecutor.execute(TestCaseExecutor.java:281)
	at com.kms.katalon.core.main.TestSuiteExecutor.accessTestCaseMainPhase(TestSuiteExecutor.java:202)
	at com.kms.katalon.core.main.TestSuiteExecutor.accessTestSuiteMainPhase(TestSuiteExecutor.java:164)
	at com.kms.katalon.core.main.TestSuiteExecutor.execute(TestSuiteExecutor.java:105)
	at com.kms.katalon.core.main.TestCaseMain.startTestSuite(TestCaseMain.java:181)
	at com.kms.katalon.core.main.TestCaseMain$startTestSuite$0.call(Unknown Source)
	at TempTestSuite1640121193910.run(TempTestSuite1640121193910.groovy:36)
Caused by: com.kms.katalon.core.webui.exception.WebElementNotFoundException: Web element with id: 'Object Repository/Modulo Pruebas SST/Crear_un_Sistema_de_Vigilancia_Epidemiologica/a_Finalizar Encuesta' located by '//a[contains(text(),'Finalizar Encuesta')]' not found
	at com.kms.katalon.core.webui.common.WebUiCommonHelper.findWebElement(WebUiCommonHelper.java:1368)
	at com.kms.katalon.core.webui.keyword.internal.WebUIAbstractKeyword.findWebElement(WebUIAbstractKeyword.groovy:27)
	at com.kms.katalon.core.webui.keyword.builtin.ClickKeyword$_click_closure1.doCall(ClickKeyword.groovy:65)
	at com.kms.katalon.core.webui.keyword.builtin.ClickKeyword$_click_closure1.call(ClickKeyword.groovy)
	at com.kms.katalon.core.webui.keyword.internal.WebUIKeywordMain.runKeyword(WebUIKeywordMain.groovy:20)
	... 19 more


2021-12-21 16:32:06 - [TEST_STEP][PASSED] - today = new java.util.Date(): null

2021-12-21 16:32:06 - [TEST_STEP][PASSED] - todaysDate = today.format("dd/MM/yyyy HH:mm"): null

2021-12-21 16:32:06 - [TEST_STEP][PASSED] - comment("FALTA CONDICION PARA ELIMINAR REGISTRO."): FALTA CONDICION PARA ELIMINAR REGISTRO.

2021-12-21 16:32:06 - [MESSAGE][INFO] - FALTA CONDICION PARA ELIMINAR REGISTRO.

2021-12-21 16:32:06 - [TEST_STEP][PASSED] - comment("conflicto con base de datos no permite eliminar registro"): conflicto con base de datos no permite eliminar registro

2021-12-21 16:32:06 - [MESSAGE][INFO] - conflicto con base de datos no permite eliminar registro

2021-12-21 16:32:06 - [TEST_STEP][PASSED] - callTestCase(findTestCase("0.1-Login"), [:], STOP_ON_FAILURE): Call Test Case 'Test Cases/0.1-Login' successfully

2021-12-21 16:32:06 - [TEST_CASE][PASSED] - Test Cases/0.1-Login: Test Cases/0.1-Login

2021-12-21 16:32:06 - [TEST_STEP][PASSED] - openBrowser(""): Browser is opened with url: ''

2021-12-21 16:32:06 - [MESSAGE][WARNING] - A browser is already opened. Closing browser and opening a new one

2021-12-21 16:32:07 - [MESSAGE][INFO] - Starting 'Chrome' driver

2021-12-21 16:32:07 - [MESSAGE][INFO] - Action delay is set to 0 milliseconds

2021-12-21 16:32:08 - [MESSAGE][PASSED] - Browser is opened with url: ''

2021-12-21 16:32:08 - [TEST_STEP][PASSED] - maximizeWindow(): Current window maximized

2021-12-21 16:32:08 - [MESSAGE][PASSED] - Current window maximized

2021-12-21 16:32:08 - [TEST_STEP][PASSED] - i = G_Login: null

2021-12-21 16:32:08 - [TEST_STEP][PASSED] - url = new java.net.URL(i): null

2021-12-21 16:32:08 - [TEST_STEP][PASSED] - println("URL: " + url.toString()): null

2021-12-21 16:32:08 - [TEST_STEP][PASSED] - connection = url.openConnection(): null

2021-12-21 16:32:08 - [TEST_STEP][PASSED] - connection.setRequestMethod("GET"): null

2021-12-21 16:32:08 - [TEST_STEP][PASSED] - connection.setReadTimeout(2 * 1000): null

2021-12-21 16:32:08 - [TEST_STEP][PASSED] - try: null

2021-12-21 16:32:08 - [TEST_STEP][PASSED] - connection.connect(): null

2021-12-21 16:32:08 - [TEST_STEP][PASSED] - flag = connected: null

2021-12-21 16:32:08 - [TEST_STEP][PASSED] - println("Valor_ori: " + flag): null

2021-12-21 16:32:08 - [TEST_STEP][PASSED] - if (flag): null

2021-12-21 16:32:08 - [TEST_STEP][PASSED] - navigateToUrl(i): Navigate to 'http://192.168.2.80:8380/saraweb' successfully

2021-12-21 16:32:09 - [MESSAGE][PASSED] - Navigate to 'http://192.168.2.80:8380/saraweb' successfully

2021-12-21 16:32:09 - [TEST_STEP][PASSED] - a(): null

2021-12-21 16:32:09 - [TEST_STEP][PASSED] - setText(findTestObject("Login/input_USUARIO_loginusuario"), G_Usuario): Text 'saraadmin' is set on object 'Object Repository/Login/input_USUARIO_loginusuario'

2021-12-21 16:32:10 - [MESSAGE][PASSED] - Text 'saraadmin' is set on object 'Object Repository/Login/input_USUARIO_loginusuario'

2021-12-21 16:32:10 - [TEST_STEP][PASSED] - setEncryptedText(findTestObject("Login/input_CLAVE_loginpassword"), "MkG4/TYiCFC3cb2driP7+Q=="): Text ****** has been set on object 'Object Repository/Login/input_CLAVE_loginpassword'

2021-12-21 16:32:11 - [MESSAGE][PASSED] - Text ****** has been set on object 'Object Repository/Login/input_CLAVE_loginpassword'

2021-12-21 16:32:11 - [TEST_STEP][PASSED] - waitForElementClickable(findTestObject("Login/a_Ingresar"), G_TimeOut): Object 'Object Repository/Login/a_Ingresar' is clickable

2021-12-21 16:32:11 - [MESSAGE][PASSED] - Object 'Object Repository/Login/a_Ingresar' is clickable

2021-12-21 16:32:11 - [TEST_STEP][PASSED] - click(findTestObject("Login/a_Ingresar")): Object: 'Object Repository/Login/a_Ingresar' is clicked on

2021-12-21 16:32:14 - [MESSAGE][PASSED] - Object: 'Object Repository/Login/a_Ingresar' is clicked on

2021-12-21 16:32:14 - [TEST_STEP][PASSED] - element = findWebElement(findTestObject("Login/a_Ir"), 30): null

2021-12-21 16:32:14 - [TEST_STEP][PASSED] - executeJavaScript("arguments[0].click()", Arrays.asList(element)): Execute JavaScript 'arguments[0].click()' successfully

2021-12-21 16:32:14 - [MESSAGE][PASSED] - Execute JavaScript 'arguments[0].click()' successfully

2021-12-21 16:32:14 - [MESSAGE][PASSED] - Call Test Case 'Test Cases/0.1-Login' successfully

2021-12-21 16:32:14 - [TEST_STEP][PASSED] - setText(findTestObject("Modulo Pruebas SST/Crear_un_Sistema_de_Vigilancia_Epidemiologica/input_Entidad de Riesgo_form_templatej_idt24_input"), "vigilancia epidemiologica"): Text 'vigilancia epidemiologica' is set on object 'Object Repository/Modulo Pruebas SST/Crear_un_Sistema_de_Vigilancia_Epidemiologica/input_Entidad de Riesgo_form_templatej_idt24_input'

2021-12-21 16:32:15 - [MESSAGE][PASSED] - Text 'vigilancia epidemiologica' is set on object 'Object Repository/Modulo Pruebas SST/Crear_un_Sistema_de_Vigilancia_Epidemiologica/input_Entidad de Riesgo_form_templatej_idt24_input'

2021-12-21 16:32:15 - [TEST_STEP][PASSED] - click(findTestObject("Modulo Pruebas SST/Crear_un_Sistema_de_Vigilancia_Epidemiologica/li_Programas de Vigilancia Epidemiologica (sst)")): Object: 'Object Repository/Modulo Pruebas SST/Crear_un_Sistema_de_Vigilancia_Epidemiologica/li_Programas de Vigilancia Epidemiologica (sst)' is clicked on

2021-12-21 16:32:17 - [MESSAGE][PASSED] - Object: 'Object Repository/Modulo Pruebas SST/Crear_un_Sistema_de_Vigilancia_Epidemiologica/li_Programas de Vigilancia Epidemiologica (sst)' is clicked on

2021-12-21 16:32:17 - [TEST_STEP][PASSED] - click(findTestObject("Modulo Pruebas SST/Crear_un_Sistema_de_Vigilancia_Epidemiologica/td_PRUEBAS K")): Object: 'Object Repository/Modulo Pruebas SST/Crear_un_Sistema_de_Vigilancia_Epidemiologica/td_PRUEBAS K' is clicked on

2021-12-21 16:32:20 - [MESSAGE][PASSED] - Object: 'Object Repository/Modulo Pruebas SST/Crear_un_Sistema_de_Vigilancia_Epidemiologica/td_PRUEBAS K' is clicked on

2021-12-21 16:32:20 - [TEST_STEP][PASSED] - click(findTestObject("Modulo Pruebas SST/Crear_un_Sistema_de_Vigilancia_Epidemiologica/a_Nuevo0")): Object: 'Object Repository/Modulo Pruebas SST/Crear_un_Sistema_de_Vigilancia_Epidemiologica/a_Nuevo0' is clicked on

2021-12-21 16:32:21 - [MESSAGE][PASSED] - Object: 'Object Repository/Modulo Pruebas SST/Crear_un_Sistema_de_Vigilancia_Epidemiologica/a_Nuevo0' is clicked on

2021-12-21 16:32:21 - [TEST_STEP][PASSED] - selectOptionByIndex(findTestObject("Modulo Pruebas SST/Crear_un_Sistema_de_Vigilancia_Epidemiologica/select_--Seleccione--PRUEBAS KATALON"), "1"): All options with index in [1] are selected on object 'Object Repository/Modulo Pruebas SST/Crear_un_Sistema_de_Vigilancia_Epidemiologica/select_--Seleccione--PRUEBAS KATALON'

2021-12-21 16:32:22 - [MESSAGE][PASSED] - All options with index in [1] are selected on object 'Object Repository/Modulo Pruebas SST/Crear_un_Sistema_de_Vigilancia_Epidemiologica/select_--Seleccione--PRUEBAS KATALON'

2021-12-21 16:32:22 - [TEST_STEP][PASSED] - setText(findTestObject("Modulo Pruebas SST/Crear_un_Sistema_de_Vigilancia_Epidemiologica/input_Descripcin_form_programaVigilanciatabdescripcion"), "pruebas k " + todaysDate): Text 'pruebas k 21/12/2021 16:32' is set on object 'Object Repository/Modulo Pruebas SST/Crear_un_Sistema_de_Vigilancia_Epidemiologica/input_Descripcin_form_programaVigilanciatabdescripcion'

2021-12-21 16:32:23 - [MESSAGE][PASSED] - Text 'pruebas k 21/12/2021 16:32' is set on object 'Object Repository/Modulo Pruebas SST/Crear_un_Sistema_de_Vigilancia_Epidemiologica/input_Descripcin_form_programaVigilanciatabdescripcion'

2021-12-21 16:32:23 - [TEST_STEP][PASSED] - click(findTestObject("Modulo Pruebas SST/Crear_un_Sistema_de_Vigilancia_Epidemiologica/label_SI")): Object: 'Object Repository/Modulo Pruebas SST/Crear_un_Sistema_de_Vigilancia_Epidemiologica/label_SI' is clicked on

2021-12-21 16:32:23 - [MESSAGE][PASSED] - Object: 'Object Repository/Modulo Pruebas SST/Crear_un_Sistema_de_Vigilancia_Epidemiologica/label_SI' is clicked on

2021-12-21 16:32:23 - [TEST_STEP][PASSED] - click(findTestObject("Modulo Pruebas SST/Crear_un_Sistema_de_Vigilancia_Epidemiologica/a_Guardar")): Object: 'Object Repository/Modulo Pruebas SST/Crear_un_Sistema_de_Vigilancia_Epidemiologica/a_Guardar' is clicked on

2021-12-21 16:32:23 - [MESSAGE][PASSED] - Object: 'Object Repository/Modulo Pruebas SST/Crear_un_Sistema_de_Vigilancia_Epidemiologica/a_Guardar' is clicked on

2021-12-21 16:32:23 - [TEST_STEP][PASSED] - click(findTestObject("Modulo Pruebas SST/Crear_un_Sistema_de_Vigilancia_Epidemiologica/a_Personas")): Object: 'Object Repository/Modulo Pruebas SST/Crear_un_Sistema_de_Vigilancia_Epidemiologica/a_Personas' is clicked on

2021-12-21 16:32:24 - [MESSAGE][PASSED] - Object: 'Object Repository/Modulo Pruebas SST/Crear_un_Sistema_de_Vigilancia_Epidemiologica/a_Personas' is clicked on

2021-12-21 16:32:24 - [TEST_STEP][PASSED] - click(findTestObject("Modulo Pruebas SST/Crear_un_Sistema_de_Vigilancia_Epidemiologica/a_Nuevo_personas")): Object: 'Object Repository/Modulo Pruebas SST/Crear_un_Sistema_de_Vigilancia_Epidemiologica/a_Nuevo_personas' is clicked on

2021-12-21 16:32:25 - [MESSAGE][PASSED] - Object: 'Object Repository/Modulo Pruebas SST/Crear_un_Sistema_de_Vigilancia_Epidemiologica/a_Nuevo_personas' is clicked on

2021-12-21 16:32:25 - [TEST_STEP][PASSED] - selectOptionByIndex(findTestObject("Modulo Pruebas SST/Crear_un_Sistema_de_Vigilancia_Epidemiologica/select_SeleccioneSEDE NORTESEDE OCCIDENTESEDE SUR"), 1): All options with index in [1] are selected on object 'Object Repository/Modulo Pruebas SST/Crear_un_Sistema_de_Vigilancia_Epidemiologica/select_SeleccioneSEDE NORTESEDE OCCIDENTESEDE SUR'

2021-12-21 16:32:27 - [MESSAGE][PASSED] - All options with index in [1] are selected on object 'Object Repository/Modulo Pruebas SST/Crear_un_Sistema_de_Vigilancia_Epidemiologica/select_SeleccioneSEDE NORTESEDE OCCIDENTESEDE SUR'

2021-12-21 16:32:27 - [TEST_STEP][PASSED] - click(findTestObject("Modulo Pruebas SST/Crear_un_Sistema_de_Vigilancia_Epidemiologica/a_Identificacin_form_popupInscritostabj_idt117")): Object: 'Object Repository/Modulo Pruebas SST/Crear_un_Sistema_de_Vigilancia_Epidemiologica/a_Identificacin_form_popupInscritostabj_idt117' is clicked on

2021-12-21 16:32:27 - [MESSAGE][PASSED] - Object: 'Object Repository/Modulo Pruebas SST/Crear_un_Sistema_de_Vigilancia_Epidemiologica/a_Identificacin_form_popupInscritostabj_idt117' is clicked on

2021-12-21 16:32:27 - [TEST_STEP][PASSED] - setText(findTestObject("Modulo Pruebas SST/Crear_un_Sistema_de_Vigilancia_Epidemiologica/input_Filtro Hoja de Vida_formPopupHojaVidaj_idt1722"), "A A A"): Text 'A A A' is set on object 'Object Repository/Modulo Pruebas SST/Crear_un_Sistema_de_Vigilancia_Epidemiologica/input_Filtro Hoja de Vida_formPopupHojaVidaj_idt1722'

2021-12-21 16:32:28 - [MESSAGE][PASSED] - Text 'A A A' is set on object 'Object Repository/Modulo Pruebas SST/Crear_un_Sistema_de_Vigilancia_Epidemiologica/input_Filtro Hoja de Vida_formPopupHojaVidaj_idt1722'

2021-12-21 16:32:28 - [TEST_STEP][PASSED] - sendKeys(findTestObject("Modulo Pruebas SST/Crear_un_Sistema_de_Vigilancia_Epidemiologica/input_Filtro Hoja de Vida_formPopupHojaVidaj_idt1722"), Keys.chord(ENTER)): Keys 'ENTER + ' sent to object: 'Object Repository/Modulo Pruebas SST/Crear_un_Sistema_de_Vigilancia_Epidemiologica/input_Filtro Hoja de Vida_formPopupHojaVidaj_idt1722'

2021-12-21 16:32:29 - [MESSAGE][PASSED] - Keys 'ENTER + ' sent to object: 'Object Repository/Modulo Pruebas SST/Crear_un_Sistema_de_Vigilancia_Epidemiologica/input_Filtro Hoja de Vida_formPopupHojaVidaj_idt1722'

2021-12-21 16:32:29 - [TEST_STEP][PASSED] - click(findTestObject("Modulo Pruebas SST/Crear_un_Sistema_de_Vigilancia_Epidemiologica/td_A A A")): Object: 'Object Repository/Modulo Pruebas SST/Crear_un_Sistema_de_Vigilancia_Epidemiologica/td_A A A' is clicked on

2021-12-21 16:32:29 - [MESSAGE][PASSED] - Object: 'Object Repository/Modulo Pruebas SST/Crear_un_Sistema_de_Vigilancia_Epidemiologica/td_A A A' is clicked on

2021-12-21 16:32:29 - [TEST_STEP][PASSED] - selectOptionByIndex(findTestObject("Modulo Pruebas SST/Crear_un_Sistema_de_Vigilancia_Epidemiologica/select_SeleccioneAula InteligenteSala de JuntasSalon ExternoSalon Principal"), 1): All options with index in [1] are selected on object 'Object Repository/Modulo Pruebas SST/Crear_un_Sistema_de_Vigilancia_Epidemiologica/select_SeleccioneAula InteligenteSala de JuntasSalon ExternoSalon Principal'

2021-12-21 16:32:31 - [MESSAGE][PASSED] - All options with index in [1] are selected on object 'Object Repository/Modulo Pruebas SST/Crear_un_Sistema_de_Vigilancia_Epidemiologica/select_SeleccioneAula InteligenteSala de JuntasSalon ExternoSalon Principal'

2021-12-21 16:32:31 - [TEST_STEP][PASSED] - click(findTestObject("Modulo Pruebas SST/Crear_un_Sistema_de_Vigilancia_Epidemiologica/span_Remitido EPS_ui-chkbox-icon ui-icon ui-icon-blank ui-c")): Object: 'Object Repository/Modulo Pruebas SST/Crear_un_Sistema_de_Vigilancia_Epidemiologica/span_Remitido EPS_ui-chkbox-icon ui-icon ui-icon-blank ui-c' is clicked on

2021-12-21 16:32:31 - [MESSAGE][PASSED] - Object: 'Object Repository/Modulo Pruebas SST/Crear_un_Sistema_de_Vigilancia_Epidemiologica/span_Remitido EPS_ui-chkbox-icon ui-icon ui-icon-blank ui-c' is clicked on

2021-12-21 16:32:31 - [TEST_STEP][PASSED] - setText(findTestObject("Modulo Pruebas SST/Crear_un_Sistema_de_Vigilancia_Epidemiologica/textarea_Observacin_form_popupInscritostabobservacion"), "pruebas k"): Text 'pruebas k' is set on object 'Object Repository/Modulo Pruebas SST/Crear_un_Sistema_de_Vigilancia_Epidemiologica/textarea_Observacin_form_popupInscritostabobservacion'

2021-12-21 16:32:32 - [MESSAGE][PASSED] - Text 'pruebas k' is set on object 'Object Repository/Modulo Pruebas SST/Crear_un_Sistema_de_Vigilancia_Epidemiologica/textarea_Observacin_form_popupInscritostabobservacion'

2021-12-21 16:32:32 - [TEST_STEP][PASSED] - click(findTestObject("Modulo Pruebas SST/Crear_un_Sistema_de_Vigilancia_Epidemiologica/a_Guardar")): Object: 'Object Repository/Modulo Pruebas SST/Crear_un_Sistema_de_Vigilancia_Epidemiologica/a_Guardar' is clicked on

2021-12-21 16:32:32 - [MESSAGE][PASSED] - Object: 'Object Repository/Modulo Pruebas SST/Crear_un_Sistema_de_Vigilancia_Epidemiologica/a_Guardar' is clicked on

2021-12-21 16:32:32 - [TEST_STEP][PASSED] - click(findTestObject("Modulo Pruebas SST/Crear_un_Sistema_de_Vigilancia_Epidemiologica/a_Grupos")): Object: 'Object Repository/Modulo Pruebas SST/Crear_un_Sistema_de_Vigilancia_Epidemiologica/a_Grupos' is clicked on

2021-12-21 16:32:34 - [MESSAGE][PASSED] - Object: 'Object Repository/Modulo Pruebas SST/Crear_un_Sistema_de_Vigilancia_Epidemiologica/a_Grupos' is clicked on

2021-12-21 16:32:34 - [TEST_STEP][PASSED] - click(findTestObject("Modulo Pruebas SST/Crear_un_Sistema_de_Vigilancia_Epidemiologica/a_Personas Entidad de Riesgo")): Object: 'Object Repository/Modulo Pruebas SST/Crear_un_Sistema_de_Vigilancia_Epidemiologica/a_Personas Entidad de Riesgo' is clicked on

2021-12-21 16:32:35 - [MESSAGE][PASSED] - Object: 'Object Repository/Modulo Pruebas SST/Crear_un_Sistema_de_Vigilancia_Epidemiologica/a_Personas Entidad de Riesgo' is clicked on

2021-12-21 16:32:35 - [TEST_STEP][PASSED] - selectOptionByIndex(findTestObject("Modulo Pruebas SST/Crear_un_Sistema_de_Vigilancia_Epidemiologica/select_Seleccione234ENTIDAD DE RIESGO 01idad y Salud en el Trabajo"), 26): All options with index in [26] are selected on object 'Object Repository/Modulo Pruebas SST/Crear_un_Sistema_de_Vigilancia_Epidemiologica/select_Seleccione234ENTIDAD DE RIESGO 01idad y Salud en el Trabajo'

2021-12-21 16:32:37 - [MESSAGE][PASSED] - All options with index in [26] are selected on object 'Object Repository/Modulo Pruebas SST/Crear_un_Sistema_de_Vigilancia_Epidemiologica/select_Seleccione234ENTIDAD DE RIESGO 01idad y Salud en el Trabajo'

2021-12-21 16:32:37 - [TEST_STEP][PASSED] - click(findTestObject("Modulo Pruebas SST/Crear_un_Sistema_de_Vigilancia_Epidemiologica/div_DIAZ BLANCO GUISELL_ui-chkbox-box ui-widget ui-corner-all ui-state-default ui-state-hover")): Object: 'Object Repository/Modulo Pruebas SST/Crear_un_Sistema_de_Vigilancia_Epidemiologica/div_DIAZ BLANCO GUISELL_ui-chkbox-box ui-widget ui-corner-all ui-state-default ui-state-hover' is clicked on

2021-12-21 16:32:38 - [MESSAGE][PASSED] - Object: 'Object Repository/Modulo Pruebas SST/Crear_un_Sistema_de_Vigilancia_Epidemiologica/div_DIAZ BLANCO GUISELL_ui-chkbox-box ui-widget ui-corner-all ui-state-default ui-state-hover' is clicked on

2021-12-21 16:32:38 - [TEST_STEP][PASSED] - click(findTestObject("Modulo Pruebas SST/Crear_un_Sistema_de_Vigilancia_Epidemiologica/div_CONSTA BELFEGORD  JHON1393138_ui-chkbox-box ui-widget ui-corner-all ui-state-default ui-state-hover")): Object: 'Object Repository/Modulo Pruebas SST/Crear_un_Sistema_de_Vigilancia_Epidemiologica/div_CONSTA BELFEGORD  JHON1393138_ui-chkbox-box ui-widget ui-corner-all ui-state-default ui-state-hover' is clicked on

2021-12-21 16:32:38 - [MESSAGE][PASSED] - Object: 'Object Repository/Modulo Pruebas SST/Crear_un_Sistema_de_Vigilancia_Epidemiologica/div_CONSTA BELFEGORD  JHON1393138_ui-chkbox-box ui-widget ui-corner-all ui-state-default ui-state-hover' is clicked on

2021-12-21 16:32:38 - [TEST_STEP][PASSED] - click(findTestObject("Modulo Pruebas SST/Crear_un_Sistema_de_Vigilancia_Epidemiologica/a_Enviar")): Object: 'Object Repository/Modulo Pruebas SST/Crear_un_Sistema_de_Vigilancia_Epidemiologica/a_Enviar' is clicked on

2021-12-21 16:32:39 - [MESSAGE][PASSED] - Object: 'Object Repository/Modulo Pruebas SST/Crear_un_Sistema_de_Vigilancia_Epidemiologica/a_Enviar' is clicked on

2021-12-21 16:32:39 - [TEST_STEP][PASSED] - sendKeys(findTestObject("Modulo Pruebas SST/Crear_un_Sistema_de_Vigilancia_Epidemiologica/input_Fecha Inscripcin_form_popupInscritostabinicio_input"), Keys.chord(ESCAPE)): Keys 'ESCAPE + ' sent to object: 'Object Repository/Modulo Pruebas SST/Crear_un_Sistema_de_Vigilancia_Epidemiologica/input_Fecha Inscripcin_form_popupInscritostabinicio_input'

2021-12-21 16:32:40 - [MESSAGE][PASSED] - Keys 'ESCAPE + ' sent to object: 'Object Repository/Modulo Pruebas SST/Crear_un_Sistema_de_Vigilancia_Epidemiologica/input_Fecha Inscripcin_form_popupInscritostabinicio_input'

2021-12-21 16:32:40 - [TEST_STEP][PASSED] - setText(findTestObject("Modulo Pruebas SST/Crear_un_Sistema_de_Vigilancia_Epidemiologica/textarea_Observacin_form_popupInscritostabobservacion"), "pruebas k"): Text 'pruebas k' is set on object 'Object Repository/Modulo Pruebas SST/Crear_un_Sistema_de_Vigilancia_Epidemiologica/textarea_Observacin_form_popupInscritostabobservacion'

2021-12-21 16:32:41 - [MESSAGE][PASSED] - Text 'pruebas k' is set on object 'Object Repository/Modulo Pruebas SST/Crear_un_Sistema_de_Vigilancia_Epidemiologica/textarea_Observacin_form_popupInscritostabobservacion'

2021-12-21 16:32:41 - [TEST_STEP][PASSED] - click(findTestObject("Modulo Pruebas SST/Crear_un_Sistema_de_Vigilancia_Epidemiologica/a_Guardar")): Object: 'Object Repository/Modulo Pruebas SST/Crear_un_Sistema_de_Vigilancia_Epidemiologica/a_Guardar' is clicked on

2021-12-21 16:32:42 - [MESSAGE][PASSED] - Object: 'Object Repository/Modulo Pruebas SST/Crear_un_Sistema_de_Vigilancia_Epidemiologica/a_Guardar' is clicked on

2021-12-21 16:32:42 - [TEST_STEP][PASSED] - click(findTestObject("Modulo Pruebas SST/Crear_un_Sistema_de_Vigilancia_Epidemiologica/td_PRUEBAS K")): Object: 'Object Repository/Modulo Pruebas SST/Crear_un_Sistema_de_Vigilancia_Epidemiologica/td_PRUEBAS K' is clicked on

2021-12-21 16:32:42 - [MESSAGE][PASSED] - Object: 'Object Repository/Modulo Pruebas SST/Crear_un_Sistema_de_Vigilancia_Epidemiologica/td_PRUEBAS K' is clicked on

2021-12-21 16:32:42 - [TEST_STEP][PASSED] - click(findTestObject("Modulo Pruebas SST/Crear_un_Sistema_de_Vigilancia_Epidemiologica/a_Recomendaciones")): Object: 'Object Repository/Modulo Pruebas SST/Crear_un_Sistema_de_Vigilancia_Epidemiologica/a_Recomendaciones' is clicked on

2021-12-21 16:32:43 - [MESSAGE][PASSED] - Object: 'Object Repository/Modulo Pruebas SST/Crear_un_Sistema_de_Vigilancia_Epidemiologica/a_Recomendaciones' is clicked on

2021-12-21 16:32:43 - [TEST_STEP][PASSED] - click(findTestObject("Modulo Pruebas SST/Crear_un_Sistema_de_Vigilancia_Epidemiologica/a_Nuevo")): Object: 'Object Repository/Modulo Pruebas SST/Crear_un_Sistema_de_Vigilancia_Epidemiologica/a_Nuevo' is clicked on

2021-12-21 16:32:45 - [MESSAGE][PASSED] - Object: 'Object Repository/Modulo Pruebas SST/Crear_un_Sistema_de_Vigilancia_Epidemiologica/a_Nuevo' is clicked on

2021-12-21 16:32:45 - [TEST_STEP][PASSED] - selectOptionByIndex(findTestObject("Modulo Pruebas SST/Crear_un_Sistema_de_Vigilancia_Epidemiologica/select_ActivoCanceladoCumplidoNo Cumplido"), 0): All options with index in [0] are selected on object 'Object Repository/Modulo Pruebas SST/Crear_un_Sistema_de_Vigilancia_Epidemiologica/select_ActivoCanceladoCumplidoNo Cumplido'

2021-12-21 16:32:46 - [MESSAGE][PASSED] - All options with index in [0] are selected on object 'Object Repository/Modulo Pruebas SST/Crear_un_Sistema_de_Vigilancia_Epidemiologica/select_ActivoCanceladoCumplidoNo Cumplido'

2021-12-21 16:32:46 - [TEST_STEP][PASSED] - selectOptionByIndex(findTestObject("Modulo Pruebas SST/Crear_un_Sistema_de_Vigilancia_Epidemiologica/select_-- SELECCIONAR --Trate de no correr"), 1): All options with index in [1] are selected on object 'Object Repository/Modulo Pruebas SST/Crear_un_Sistema_de_Vigilancia_Epidemiologica/select_-- SELECCIONAR --Trate de no correr'

2021-12-21 16:32:47 - [MESSAGE][PASSED] - All options with index in [1] are selected on object 'Object Repository/Modulo Pruebas SST/Crear_un_Sistema_de_Vigilancia_Epidemiologica/select_-- SELECCIONAR --Trate de no correr'

2021-12-21 16:32:47 - [TEST_STEP][PASSED] - selectOptionByIndex(findTestObject("Modulo Pruebas SST/Crear_un_Sistema_de_Vigilancia_Epidemiologica/select_-- SELECCIONAR --Recomendacin Atep 2Recomendacin Atep 1"), 1): All options with index in [1] are selected on object 'Object Repository/Modulo Pruebas SST/Crear_un_Sistema_de_Vigilancia_Epidemiologica/select_-- SELECCIONAR --Recomendacin Atep 2Recomendacin Atep 1'

2021-12-21 16:32:49 - [MESSAGE][PASSED] - All options with index in [1] are selected on object 'Object Repository/Modulo Pruebas SST/Crear_un_Sistema_de_Vigilancia_Epidemiologica/select_-- SELECCIONAR --Recomendacin Atep 2Recomendacin Atep 1'

2021-12-21 16:32:49 - [TEST_STEP][PASSED] - click(findTestObject("Modulo Pruebas SST/Crear_un_Sistema_de_Vigilancia_Epidemiologica/a_Responsable Recomendaciones_form_popupSeguimientotabRecomendacionj_idt607")): Object: 'Object Repository/Modulo Pruebas SST/Crear_un_Sistema_de_Vigilancia_Epidemiologica/a_Responsable Recomendaciones_form_popupSeguimientotabRecomendacionj_idt607' is clicked on

2021-12-21 16:32:49 - [MESSAGE][PASSED] - Object: 'Object Repository/Modulo Pruebas SST/Crear_un_Sistema_de_Vigilancia_Epidemiologica/a_Responsable Recomendaciones_form_popupSeguimientotabRecomendacionj_idt607' is clicked on

2021-12-21 16:32:49 - [TEST_STEP][PASSED] - setText(findTestObject("Modulo Pruebas SST/Crear_un_Sistema_de_Vigilancia_Epidemiologica/input_Filtro Hoja de Vida_formPopupHojaVidaj_idt1722"), "A A A"): Text 'A A A' is set on object 'Object Repository/Modulo Pruebas SST/Crear_un_Sistema_de_Vigilancia_Epidemiologica/input_Filtro Hoja de Vida_formPopupHojaVidaj_idt1722'

2021-12-21 16:32:50 - [MESSAGE][PASSED] - Text 'A A A' is set on object 'Object Repository/Modulo Pruebas SST/Crear_un_Sistema_de_Vigilancia_Epidemiologica/input_Filtro Hoja de Vida_formPopupHojaVidaj_idt1722'

2021-12-21 16:32:50 - [TEST_STEP][PASSED] - sendKeys(findTestObject("Modulo Pruebas SST/Crear_un_Sistema_de_Vigilancia_Epidemiologica/input_Filtro Hoja de Vida_formPopupHojaVidaj_idt1722"), Keys.chord(ENTER)): Keys 'ENTER + ' sent to object: 'Object Repository/Modulo Pruebas SST/Crear_un_Sistema_de_Vigilancia_Epidemiologica/input_Filtro Hoja de Vida_formPopupHojaVidaj_idt1722'

2021-12-21 16:32:50 - [MESSAGE][PASSED] - Keys 'ENTER + ' sent to object: 'Object Repository/Modulo Pruebas SST/Crear_un_Sistema_de_Vigilancia_Epidemiologica/input_Filtro Hoja de Vida_formPopupHojaVidaj_idt1722'

2021-12-21 16:32:50 - [TEST_STEP][PASSED] - click(findTestObject("Modulo Pruebas SST/Crear_un_Sistema_de_Vigilancia_Epidemiologica/td_A A A")): Object: 'Object Repository/Modulo Pruebas SST/Crear_un_Sistema_de_Vigilancia_Epidemiologica/td_A A A' is clicked on

2021-12-21 16:32:51 - [MESSAGE][PASSED] - Object: 'Object Repository/Modulo Pruebas SST/Crear_un_Sistema_de_Vigilancia_Epidemiologica/td_A A A' is clicked on

2021-12-21 16:32:51 - [TEST_STEP][PASSED] - click(findTestObject("Modulo Pruebas SST/Crear_un_Sistema_de_Vigilancia_Epidemiologica/a_Guardar")): Object: 'Object Repository/Modulo Pruebas SST/Crear_un_Sistema_de_Vigilancia_Epidemiologica/a_Guardar' is clicked on

2021-12-21 16:32:52 - [MESSAGE][PASSED] - Object: 'Object Repository/Modulo Pruebas SST/Crear_un_Sistema_de_Vigilancia_Epidemiologica/a_Guardar' is clicked on

2021-12-21 16:32:52 - [TEST_STEP][PASSED] - click(findTestObject("Modulo Pruebas SST/Crear_un_Sistema_de_Vigilancia_Epidemiologica/a_Seguimiento")): Object: 'Object Repository/Modulo Pruebas SST/Crear_un_Sistema_de_Vigilancia_Epidemiologica/a_Seguimiento' is clicked on

2021-12-21 16:32:54 - [MESSAGE][PASSED] - Object: 'Object Repository/Modulo Pruebas SST/Crear_un_Sistema_de_Vigilancia_Epidemiologica/a_Seguimiento' is clicked on

2021-12-21 16:32:54 - [TEST_STEP][PASSED] - click(findTestObject("Modulo Pruebas SST/Crear_un_Sistema_de_Vigilancia_Epidemiologica/a_Fecha Seguimiento_form_popupInscritostabtablaSeguimientoj_idt192")): Object: 'Object Repository/Modulo Pruebas SST/Crear_un_Sistema_de_Vigilancia_Epidemiologica/a_Fecha Seguimiento_form_popupInscritostabtablaSeguimientoj_idt192' is clicked on

2021-12-21 16:32:55 - [MESSAGE][PASSED] - Object: 'Object Repository/Modulo Pruebas SST/Crear_un_Sistema_de_Vigilancia_Epidemiologica/a_Fecha Seguimiento_form_popupInscritostabtablaSeguimientoj_idt192' is clicked on

2021-12-21 16:32:55 - [TEST_STEP][PASSED] - selectOptionByIndex(findTestObject("Modulo Pruebas SST/Crear_un_Sistema_de_Vigilancia_Epidemiologica/select_-- SELECCIONAR --Trate de no correr0"), 1): All options with index in [1] are selected on object 'Object Repository/Modulo Pruebas SST/Crear_un_Sistema_de_Vigilancia_Epidemiologica/select_-- SELECCIONAR --Trate de no correr0'

2021-12-21 16:32:56 - [MESSAGE][PASSED] - All options with index in [1] are selected on object 'Object Repository/Modulo Pruebas SST/Crear_un_Sistema_de_Vigilancia_Epidemiologica/select_-- SELECCIONAR --Trate de no correr0'

2021-12-21 16:32:56 - [TEST_STEP][PASSED] - click(findTestObject("Modulo Pruebas SST/Crear_un_Sistema_de_Vigilancia_Epidemiologica/span_Trate de no correr")): Object: 'Object Repository/Modulo Pruebas SST/Crear_un_Sistema_de_Vigilancia_Epidemiologica/span_Trate de no correr' is clicked on

2021-12-21 16:32:57 - [MESSAGE][PASSED] - Object: 'Object Repository/Modulo Pruebas SST/Crear_un_Sistema_de_Vigilancia_Epidemiologica/span_Trate de no correr' is clicked on

2021-12-21 16:32:57 - [TEST_STEP][PASSED] - setText(findTestObject("Modulo Pruebas SST/Crear_un_Sistema_de_Vigilancia_Epidemiologica/textarea_Fecha Seguimiento_form_popupInscritostabtablaSeguimientoj_idt197"), "pruebas k"): Text 'pruebas k' is set on object 'Object Repository/Modulo Pruebas SST/Crear_un_Sistema_de_Vigilancia_Epidemiologica/textarea_Fecha Seguimiento_form_popupInscritostabtablaSeguimientoj_idt197'

2021-12-21 16:32:58 - [MESSAGE][PASSED] - Text 'pruebas k' is set on object 'Object Repository/Modulo Pruebas SST/Crear_un_Sistema_de_Vigilancia_Epidemiologica/textarea_Fecha Seguimiento_form_popupInscritostabtablaSeguimientoj_idt197'

2021-12-21 16:32:58 - [TEST_STEP][PASSED] - setText(findTestObject("Modulo Pruebas SST/Crear_un_Sistema_de_Vigilancia_Epidemiologica/input_Fecha Seguimiento_form_popupInscritostabtablaSeguimientoj_idt202_input"), "15/12/2021"): Text '15/12/2021' is set on object 'Object Repository/Modulo Pruebas SST/Crear_un_Sistema_de_Vigilancia_Epidemiologica/input_Fecha Seguimiento_form_popupInscritostabtablaSeguimientoj_idt202_input'

2021-12-21 16:32:59 - [MESSAGE][PASSED] - Text '15/12/2021' is set on object 'Object Repository/Modulo Pruebas SST/Crear_un_Sistema_de_Vigilancia_Epidemiologica/input_Fecha Seguimiento_form_popupInscritostabtablaSeguimientoj_idt202_input'

2021-12-21 16:32:59 - [TEST_STEP][PASSED] - click(findTestObject("Modulo Pruebas SST/Crear_un_Sistema_de_Vigilancia_Epidemiologica/a_Fecha Seguimiento_form_popupInscritostabtablaSeguimientoj_idt206")): Object: 'Object Repository/Modulo Pruebas SST/Crear_un_Sistema_de_Vigilancia_Epidemiologica/a_Fecha Seguimiento_form_popupInscritostabtablaSeguimientoj_idt206' is clicked on

2021-12-21 16:33:00 - [MESSAGE][PASSED] - Object: 'Object Repository/Modulo Pruebas SST/Crear_un_Sistema_de_Vigilancia_Epidemiologica/a_Fecha Seguimiento_form_popupInscritostabtablaSeguimientoj_idt206' is clicked on

2021-12-21 16:33:00 - [TEST_STEP][PASSED] - click(findTestObject("Modulo Pruebas SST/Crear_un_Sistema_de_Vigilancia_Epidemiologica/span_SEDE NORTE_ui-icon ui-icon-closethick")): Object: 'Object Repository/Modulo Pruebas SST/Crear_un_Sistema_de_Vigilancia_Epidemiologica/span_SEDE NORTE_ui-icon ui-icon-closethick' is clicked on

2021-12-21 16:33:05 - [MESSAGE][PASSED] - Object: 'Object Repository/Modulo Pruebas SST/Crear_un_Sistema_de_Vigilancia_Epidemiologica/span_SEDE NORTE_ui-icon ui-icon-closethick' is clicked on

2021-12-21 16:33:05 - [TEST_STEP][PASSED] - click(findTestObject("Modulo Pruebas SST/Crear_un_Sistema_de_Vigilancia_Epidemiologica/a_Examen")): Object: 'Object Repository/Modulo Pruebas SST/Crear_un_Sistema_de_Vigilancia_Epidemiologica/a_Examen' is clicked on

2021-12-21 16:33:06 - [MESSAGE][PASSED] - Object: 'Object Repository/Modulo Pruebas SST/Crear_un_Sistema_de_Vigilancia_Epidemiologica/a_Examen' is clicked on

2021-12-21 16:33:06 - [TEST_STEP][PASSED] - click(findTestObject("Modulo Pruebas SST/Crear_un_Sistema_de_Vigilancia_Epidemiologica/a_Nuevo")): Object: 'Object Repository/Modulo Pruebas SST/Crear_un_Sistema_de_Vigilancia_Epidemiologica/a_Nuevo' is clicked on

2021-12-21 16:33:06 - [MESSAGE][PASSED] - Object: 'Object Repository/Modulo Pruebas SST/Crear_un_Sistema_de_Vigilancia_Epidemiologica/a_Nuevo' is clicked on

2021-12-21 16:33:06 - [TEST_STEP][PASSED] - selectOptionByIndex(findTestObject("Modulo Pruebas SST/Crear_un_Sistema_de_Vigilancia_Epidemiologica/select_SeleccioneSEDE NORTESEDE OCCIDENTESEDE SUR1"), 1): All options with index in [1] are selected on object 'Object Repository/Modulo Pruebas SST/Crear_un_Sistema_de_Vigilancia_Epidemiologica/select_SeleccioneSEDE NORTESEDE OCCIDENTESEDE SUR1'

2021-12-21 16:33:08 - [MESSAGE][PASSED] - All options with index in [1] are selected on object 'Object Repository/Modulo Pruebas SST/Crear_un_Sistema_de_Vigilancia_Epidemiologica/select_SeleccioneSEDE NORTESEDE OCCIDENTESEDE SUR1'

2021-12-21 16:33:08 - [TEST_STEP][PASSED] - selectOptionByIndex(findTestObject("Modulo Pruebas SST/Crear_un_Sistema_de_Vigilancia_Epidemiologica/select_SeleccioneALMANZA NOVOA JOHN"), 1): All options with index in [1] are selected on object 'Object Repository/Modulo Pruebas SST/Crear_un_Sistema_de_Vigilancia_Epidemiologica/select_SeleccioneALMANZA NOVOA JOHN'

2021-12-21 16:33:09 - [MESSAGE][PASSED] - All options with index in [1] are selected on object 'Object Repository/Modulo Pruebas SST/Crear_un_Sistema_de_Vigilancia_Epidemiologica/select_SeleccioneALMANZA NOVOA JOHN'

2021-12-21 16:33:09 - [TEST_STEP][PASSED] - click(findTestObject("Modulo Pruebas SST/Crear_un_Sistema_de_Vigilancia_Epidemiologica/a_Examinado_form_popupExamenesj_idt286")): Object: 'Object Repository/Modulo Pruebas SST/Crear_un_Sistema_de_Vigilancia_Epidemiologica/a_Examinado_form_popupExamenesj_idt286' is clicked on

2021-12-21 16:33:09 - [MESSAGE][PASSED] - Object: 'Object Repository/Modulo Pruebas SST/Crear_un_Sistema_de_Vigilancia_Epidemiologica/a_Examinado_form_popupExamenesj_idt286' is clicked on

2021-12-21 16:33:09 - [TEST_STEP][PASSED] - click(findTestObject("Modulo Pruebas SST/Crear_un_Sistema_de_Vigilancia_Epidemiologica/span_A A A")): Object: 'Object Repository/Modulo Pruebas SST/Crear_un_Sistema_de_Vigilancia_Epidemiologica/span_A A A' is clicked on

2021-12-21 16:33:10 - [MESSAGE][PASSED] - Object: 'Object Repository/Modulo Pruebas SST/Crear_un_Sistema_de_Vigilancia_Epidemiologica/span_A A A' is clicked on

2021-12-21 16:33:10 - [TEST_STEP][PASSED] - selectOptionByIndex(findTestObject("Modulo Pruebas SST/Crear_un_Sistema_de_Vigilancia_Epidemiologica/select_SeleccioneCuadro HematicoExamen de OrinaExamen Medico de RutinaExamen Medico de Rutina"), 3): All options with index in [3] are selected on object 'Object Repository/Modulo Pruebas SST/Crear_un_Sistema_de_Vigilancia_Epidemiologica/select_SeleccioneCuadro HematicoExamen de OrinaExamen Medico de RutinaExamen Medico de Rutina'

2021-12-21 16:33:12 - [MESSAGE][PASSED] - All options with index in [3] are selected on object 'Object Repository/Modulo Pruebas SST/Crear_un_Sistema_de_Vigilancia_Epidemiologica/select_SeleccioneCuadro HematicoExamen de OrinaExamen Medico de RutinaExamen Medico de Rutina'

2021-12-21 16:33:12 - [TEST_STEP][PASSED] - click(findTestObject("Modulo Pruebas SST/Crear_un_Sistema_de_Vigilancia_Epidemiologica/a_Guardar")): Object: 'Object Repository/Modulo Pruebas SST/Crear_un_Sistema_de_Vigilancia_Epidemiologica/a_Guardar' is clicked on

2021-12-21 16:33:12 - [MESSAGE][PASSED] - Object: 'Object Repository/Modulo Pruebas SST/Crear_un_Sistema_de_Vigilancia_Epidemiologica/a_Guardar' is clicked on

2021-12-21 16:33:12 - [TEST_STEP][PASSED] - click(findTestObject("Modulo Pruebas SST/Crear_un_Sistema_de_Vigilancia_Epidemiologica/a_Programar Encuestas")): Object: 'Object Repository/Modulo Pruebas SST/Crear_un_Sistema_de_Vigilancia_Epidemiologica/a_Programar Encuestas' is clicked on

2021-12-21 16:33:14 - [MESSAGE][PASSED] - Object: 'Object Repository/Modulo Pruebas SST/Crear_un_Sistema_de_Vigilancia_Epidemiologica/a_Programar Encuestas' is clicked on

2021-12-21 16:33:14 - [TEST_STEP][PASSED] - selectOptionByIndex(findTestObject("Modulo Pruebas SST/Crear_un_Sistema_de_Vigilancia_Epidemiologica/select_-- SELECCIONAR --EntidadListado Chequeo encuesta"), 2): All options with index in [2] are selected on object 'Object Repository/Modulo Pruebas SST/Crear_un_Sistema_de_Vigilancia_Epidemiologica/select_-- SELECCIONAR --EntidadListado Chequeo encuesta'

2021-12-21 16:33:15 - [MESSAGE][PASSED] - All options with index in [2] are selected on object 'Object Repository/Modulo Pruebas SST/Crear_un_Sistema_de_Vigilancia_Epidemiologica/select_-- SELECCIONAR --EntidadListado Chequeo encuesta'

2021-12-21 16:33:15 - [TEST_STEP][PASSED] - click(findTestObject("Modulo Pruebas SST/Crear_un_Sistema_de_Vigilancia_Epidemiologica/a_Adicionar Personas")): Object: 'Object Repository/Modulo Pruebas SST/Crear_un_Sistema_de_Vigilancia_Epidemiologica/a_Adicionar Personas' is clicked on

2021-12-21 16:33:16 - [MESSAGE][PASSED] - Object: 'Object Repository/Modulo Pruebas SST/Crear_un_Sistema_de_Vigilancia_Epidemiologica/a_Adicionar Personas' is clicked on

2021-12-21 16:33:16 - [TEST_STEP][PASSED] - click(findTestObject("Modulo Pruebas SST/Crear_un_Sistema_de_Vigilancia_Epidemiologica/span_CONSTA BELFEGORD  JHON1393138")): Object: 'Object Repository/Modulo Pruebas SST/Crear_un_Sistema_de_Vigilancia_Epidemiologica/span_CONSTA BELFEGORD  JHON1393138' is clicked on

2021-12-21 16:33:17 - [MESSAGE][PASSED] - Object: 'Object Repository/Modulo Pruebas SST/Crear_un_Sistema_de_Vigilancia_Epidemiologica/span_CONSTA BELFEGORD  JHON1393138' is clicked on

2021-12-21 16:33:17 - [TEST_STEP][PASSED] - click(findTestObject("Modulo Pruebas SST/Crear_un_Sistema_de_Vigilancia_Epidemiologica/a_Guardar")): Object: 'Object Repository/Modulo Pruebas SST/Crear_un_Sistema_de_Vigilancia_Epidemiologica/a_Guardar' is clicked on

2021-12-21 16:33:18 - [MESSAGE][PASSED] - Object: 'Object Repository/Modulo Pruebas SST/Crear_un_Sistema_de_Vigilancia_Epidemiologica/a_Guardar' is clicked on

2021-12-21 16:33:18 - [TEST_STEP][PASSED] - click(findTestObject("Modulo Pruebas SST/Crear_un_Sistema_de_Vigilancia_Epidemiologica/a_Resultado Encuestas")): Object: 'Object Repository/Modulo Pruebas SST/Crear_un_Sistema_de_Vigilancia_Epidemiologica/a_Resultado Encuestas' is clicked on

2021-12-21 16:33:19 - [MESSAGE][PASSED] - Object: 'Object Repository/Modulo Pruebas SST/Crear_un_Sistema_de_Vigilancia_Epidemiologica/a_Resultado Encuestas' is clicked on

2021-12-21 16:33:19 - [TEST_STEP][PASSED] - click(findTestObject("Modulo Pruebas SST/Crear_un_Sistema_de_Vigilancia_Epidemiologica/td_1393138 - CONSTA BELFEGORD  JHON1393138")): Object: 'Object Repository/Modulo Pruebas SST/Crear_un_Sistema_de_Vigilancia_Epidemiologica/td_1393138 - CONSTA BELFEGORD  JHON1393138' is clicked on

2021-12-21 16:33:20 - [MESSAGE][PASSED] - Object: 'Object Repository/Modulo Pruebas SST/Crear_un_Sistema_de_Vigilancia_Epidemiologica/td_1393138 - CONSTA BELFEGORD  JHON1393138' is clicked on

2021-12-21 16:33:20 - [TEST_STEP][FAILED] - click(findTestObject("Modulo Pruebas SST/Crear_un_Sistema_de_Vigilancia_Epidemiologica/a_Finalizar Encuesta")): Unable to click on object 'Object Repository/Modulo Pruebas SST/Crear_un_Sistema_de_Vigilancia_Epidemiologica/a_Finalizar Encuesta' (Root cause: com.kms.katalon.core.exception.StepFailedException: Unable to click on object 'Object Repository/Modulo Pruebas SST/Crear_un_Sistema_de_Vigilancia_Epidemiologica/a_Finalizar Encuesta'
	at com.kms.katalon.core.webui.keyword.internal.WebUIKeywordMain.stepFailed(WebUIKeywordMain.groovy:64)
	at com.kms.katalon.core.webui.keyword.internal.WebUIKeywordMain.runKeyword(WebUIKeywordMain.groovy:26)
	at com.kms.katalon.core.webui.keyword.builtin.ClickKeyword.click(ClickKeyword.groovy:74)
	at com.kms.katalon.core.webui.keyword.builtin.ClickKeyword.execute(ClickKeyword.groovy:40)
	at com.kms.katalon.core.keyword.internal.KeywordExecutor.executeKeywordForPlatform(KeywordExecutor.groovy:74)
	at com.kms.katalon.core.webui.keyword.WebUiBuiltInKeywords.click(WebUiBuiltInKeywords.groovy:620)
	at com.kms.katalon.core.webui.keyword.WebUiBuiltInKeywords$click$5.call(Unknown Source)
	at 5.1.7-Crear_un_Sistema_de_Vigilancia_Epidemiologica.run(5.1.7-Crear_un_Sistema_de_Vigilancia_Epidemiologica:178)
	at com.kms.katalon.core.main.ScriptEngine.run(ScriptEngine.java:194)
	at com.kms.katalon.core.main.ScriptEngine.runScriptAsRawText(ScriptEngine.java:119)
	at com.kms.katalon.core.main.TestCaseExecutor.runScript(TestCaseExecutor.java:442)
	at com.kms.katalon.core.main.TestCaseExecutor.doExecute(TestCaseExecutor.java:433)
	at com.kms.katalon.core.main.TestCaseExecutor.processExecutionPhase(TestCaseExecutor.java:412)
	at com.kms.katalon.core.main.TestCaseExecutor.accessMainPhase(TestCaseExecutor.java:404)
	at com.kms.katalon.core.main.TestCaseExecutor.execute(TestCaseExecutor.java:281)
	at com.kms.katalon.core.main.TestSuiteExecutor.accessTestCaseMainPhase(TestSuiteExecutor.java:202)
	at com.kms.katalon.core.main.TestSuiteExecutor.accessTestSuiteMainPhase(TestSuiteExecutor.java:164)
	at com.kms.katalon.core.main.TestSuiteExecutor.execute(TestSuiteExecutor.java:105)
	at com.kms.katalon.core.main.TestCaseMain.startTestSuite(TestCaseMain.java:181)
	at com.kms.katalon.core.main.TestCaseMain$startTestSuite$0.call(Unknown Source)
	at TempTestSuite1640121193910.run(TempTestSuite1640121193910.groovy:36)
Caused by: com.kms.katalon.core.webui.exception.WebElementNotFoundException: Web element with id: 'Object Repository/Modulo Pruebas SST/Crear_un_Sistema_de_Vigilancia_Epidemiologica/a_Finalizar Encuesta' located by '//a[contains(text(),'Finalizar Encuesta')]' not found
	at com.kms.katalon.core.webui.common.WebUiCommonHelper.findWebElement(WebUiCommonHelper.java:1368)
	at com.kms.katalon.core.webui.keyword.internal.WebUIAbstractKeyword.findWebElement(WebUIAbstractKeyword.groovy:27)
	at com.kms.katalon.core.webui.keyword.builtin.ClickKeyword$_click_closure1.doCall(ClickKeyword.groovy:65)
	at com.kms.katalon.core.webui.keyword.builtin.ClickKeyword$_click_closure1.call(ClickKeyword.groovy)
	at com.kms.katalon.core.webui.keyword.internal.WebUIKeywordMain.runKeyword(WebUIKeywordMain.groovy:20)
	at com.kms.katalon.core.webui.keyword.builtin.ClickKeyword.click(ClickKeyword.groovy:74)
	at com.kms.katalon.core.webui.keyword.builtin.ClickKeyword.execute(ClickKeyword.groovy:40)
	at com.kms.katalon.core.keyword.internal.KeywordExecutor.executeKeywordForPlatform(KeywordExecutor.groovy:74)
	at com.kms.katalon.core.webui.keyword.WebUiBuiltInKeywords.click(WebUiBuiltInKeywords.groovy:620)
	at com.kms.katalon.core.webui.keyword.WebUiBuiltInKeywords$click$5.call(Unknown Source)
	at Script1639093749148.run(Script1639093749148.groovy:178)
	... 13 more
)

2021-12-21 16:33:51 - [MESSAGE][INFO] - Unable to find the element located by 'By.xpath: //a[contains(text(),'Finalizar Encuesta')]'. Please recheck the objects properties to make sure the desired element is located. 

2021-12-21 16:33:51 - [MESSAGE][FAILED] - Unable to click on object 'Object Repository/Modulo Pruebas SST/Crear_un_Sistema_de_Vigilancia_Epidemiologica/a_Finalizar Encuesta' (Root cause: com.kms.katalon.core.exception.StepFailedException: Unable to click on object 'Object Repository/Modulo Pruebas SST/Crear_un_Sistema_de_Vigilancia_Epidemiologica/a_Finalizar Encuesta'
	at com.kms.katalon.core.webui.keyword.internal.WebUIKeywordMain.stepFailed(WebUIKeywordMain.groovy:64)
	at com.kms.katalon.core.webui.keyword.internal.WebUIKeywordMain.runKeyword(WebUIKeywordMain.groovy:26)
	at com.kms.katalon.core.webui.keyword.builtin.ClickKeyword.click(ClickKeyword.groovy:74)
	at com.kms.katalon.core.webui.keyword.builtin.ClickKeyword.execute(ClickKeyword.groovy:40)
	at com.kms.katalon.core.keyword.internal.KeywordExecutor.executeKeywordForPlatform(KeywordExecutor.groovy:74)
	at com.kms.katalon.core.webui.keyword.WebUiBuiltInKeywords.click(WebUiBuiltInKeywords.groovy:620)
	at com.kms.katalon.core.webui.keyword.WebUiBuiltInKeywords$click$5.call(Unknown Source)
	at 5.1.7-Crear_un_Sistema_de_Vigilancia_Epidemiologica.run(5.1.7-Crear_un_Sistema_de_Vigilancia_Epidemiologica:178)
	at com.kms.katalon.core.main.ScriptEngine.run(ScriptEngine.java:194)
	at com.kms.katalon.core.main.ScriptEngine.runScriptAsRawText(ScriptEngine.java:119)
	at com.kms.katalon.core.main.TestCaseExecutor.runScript(TestCaseExecutor.java:442)
	at com.kms.katalon.core.main.TestCaseExecutor.doExecute(TestCaseExecutor.java:433)
	at com.kms.katalon.core.main.TestCaseExecutor.processExecutionPhase(TestCaseExecutor.java:412)
	at com.kms.katalon.core.main.TestCaseExecutor.accessMainPhase(TestCaseExecutor.java:404)
	at com.kms.katalon.core.main.TestCaseExecutor.execute(TestCaseExecutor.java:281)
	at com.kms.katalon.core.main.TestSuiteExecutor.accessTestCaseMainPhase(TestSuiteExecutor.java:202)
	at com.kms.katalon.core.main.TestSuiteExecutor.accessTestSuiteMainPhase(TestSuiteExecutor.java:164)
	at com.kms.katalon.core.main.TestSuiteExecutor.execute(TestSuiteExecutor.java:105)
	at com.kms.katalon.core.main.TestCaseMain.startTestSuite(TestCaseMain.java:181)
	at com.kms.katalon.core.main.TestCaseMain$startTestSuite$0.call(Unknown Source)
	at TempTestSuite1640121193910.run(TempTestSuite1640121193910.groovy:36)
Caused by: com.kms.katalon.core.webui.exception.WebElementNotFoundException: Web element with id: 'Object Repository/Modulo Pruebas SST/Crear_un_Sistema_de_Vigilancia_Epidemiologica/a_Finalizar Encuesta' located by '//a[contains(text(),'Finalizar Encuesta')]' not found
	at com.kms.katalon.core.webui.common.WebUiCommonHelper.findWebElement(WebUiCommonHelper.java:1368)
	at com.kms.katalon.core.webui.keyword.internal.WebUIAbstractKeyword.findWebElement(WebUIAbstractKeyword.groovy:27)
	at com.kms.katalon.core.webui.keyword.builtin.ClickKeyword$_click_closure1.doCall(ClickKeyword.groovy:65)
	at com.kms.katalon.core.webui.keyword.builtin.ClickKeyword$_click_closure1.call(ClickKeyword.groovy)
	at com.kms.katalon.core.webui.keyword.internal.WebUIKeywordMain.runKeyword(WebUIKeywordMain.groovy:20)
	at com.kms.katalon.core.webui.keyword.builtin.ClickKeyword.click(ClickKeyword.groovy:74)
	at com.kms.katalon.core.webui.keyword.builtin.ClickKeyword.execute(ClickKeyword.groovy:40)
	at com.kms.katalon.core.keyword.internal.KeywordExecutor.executeKeywordForPlatform(KeywordExecutor.groovy:74)
	at com.kms.katalon.core.webui.keyword.WebUiBuiltInKeywords.click(WebUiBuiltInKeywords.groovy:620)
	at com.kms.katalon.core.webui.keyword.WebUiBuiltInKeywords$click$5.call(Unknown Source)
	at Script1639093749148.run(Script1639093749148.groovy:178)
	... 13 more
)
[[ATTACHMENT|C:\\Users\\diego.rojas\\git\\Pruebas-Minimas\\Reports\\20211221_161251\\5-Pruebas SST\\20211221_161313\\1640122431435.png]]]]></system-out>
         <system-err><![CDATA[2021-12-21 16:32:06 - [TEST_CASE][FAILED] - Test Cases/5.1-Pruebas_SST/5.1.7-Crear_un_Sistema_de_Vigilancia_Epidemiologica: Test Cases/5.1-Pruebas_SST/5.1.7-Crear_un_Sistema_de_Vigilancia_Epidemiologica FAILED.
Reason:
com.kms.katalon.core.exception.StepFailedException: Unable to click on object 'Object Repository/Modulo Pruebas SST/Crear_un_Sistema_de_Vigilancia_Epidemiologica/a_Finalizar Encuesta'
	at com.kms.katalon.core.webui.keyword.internal.WebUIKeywordMain.stepFailed(WebUIKeywordMain.groovy:64)
	at com.kms.katalon.core.webui.keyword.internal.WebUIKeywordMain.runKeyword(WebUIKeywordMain.groovy:26)
	at com.kms.katalon.core.webui.keyword.builtin.ClickKeyword.click(ClickKeyword.groovy:74)
	at com.kms.katalon.core.webui.keyword.builtin.ClickKeyword.execute(ClickKeyword.groovy:40)
	at com.kms.katalon.core.keyword.internal.KeywordExecutor.executeKeywordForPlatform(KeywordExecutor.groovy:74)
	at com.kms.katalon.core.webui.keyword.WebUiBuiltInKeywords.click(WebUiBuiltInKeywords.groovy:620)
	at com.kms.katalon.core.webui.keyword.WebUiBuiltInKeywords$click$5.call(Unknown Source)
	at 5.1.7-Crear_un_Sistema_de_Vigilancia_Epidemiologica.run(5.1.7-Crear_un_Sistema_de_Vigilancia_Epidemiologica:178)
	at com.kms.katalon.core.main.ScriptEngine.run(ScriptEngine.java:194)
	at com.kms.katalon.core.main.ScriptEngine.runScriptAsRawText(ScriptEngine.java:119)
	at com.kms.katalon.core.main.TestCaseExecutor.runScript(TestCaseExecutor.java:442)
	at com.kms.katalon.core.main.TestCaseExecutor.doExecute(TestCaseExecutor.java:433)
	at com.kms.katalon.core.main.TestCaseExecutor.processExecutionPhase(TestCaseExecutor.java:412)
	at com.kms.katalon.core.main.TestCaseExecutor.accessMainPhase(TestCaseExecutor.java:404)
	at com.kms.katalon.core.main.TestCaseExecutor.execute(TestCaseExecutor.java:281)
	at com.kms.katalon.core.main.TestSuiteExecutor.accessTestCaseMainPhase(TestSuiteExecutor.java:202)
	at com.kms.katalon.core.main.TestSuiteExecutor.accessTestSuiteMainPhase(TestSuiteExecutor.java:164)
	at com.kms.katalon.core.main.TestSuiteExecutor.execute(TestSuiteExecutor.java:105)
	at com.kms.katalon.core.main.TestCaseMain.startTestSuite(TestCaseMain.java:181)
	at com.kms.katalon.core.main.TestCaseMain$startTestSuite$0.call(Unknown Source)
	at TempTestSuite1640121193910.run(TempTestSuite1640121193910.groovy:36)
Caused by: com.kms.katalon.core.webui.exception.WebElementNotFoundException: Web element with id: 'Object Repository/Modulo Pruebas SST/Crear_un_Sistema_de_Vigilancia_Epidemiologica/a_Finalizar Encuesta' located by '//a[contains(text(),'Finalizar Encuesta')]' not found
	at com.kms.katalon.core.webui.common.WebUiCommonHelper.findWebElement(WebUiCommonHelper.java:1368)
	at com.kms.katalon.core.webui.keyword.internal.WebUIAbstractKeyword.findWebElement(WebUIAbstractKeyword.groovy:27)
	at com.kms.katalon.core.webui.keyword.builtin.ClickKeyword$_click_closure1.doCall(ClickKeyword.groovy:65)
	at com.kms.katalon.core.webui.keyword.builtin.ClickKeyword$_click_closure1.call(ClickKeyword.groovy)
	at com.kms.katalon.core.webui.keyword.internal.WebUIKeywordMain.runKeyword(WebUIKeywordMain.groovy:20)
	... 19 more]]></system-err>
      </testcase>
      <testcase name="Test Cases/5.1-Pruebas_SST/5.1.8-Crear_plan_de_trabajo_anual" time="56.577" classname="Test Cases/5.1-Pruebas_SST/5.1.8-Crear_plan_de_trabajo_anual" status="FAILED">
         <failure type="FAILED" message="Test Cases/5.1-Pruebas_SST/5.1.8-Crear_plan_de_trabajo_anual FAILED.
Reason:
com.kms.katalon.core.exception.StepFailedException: Unable to click on object 'Object Repository/Modulo Pruebas SST/Crear_plan_de_trabajo_anual/a_Aceptar'
	at com.kms.katalon.core.webui.keyword.internal.WebUIKeywordMain.stepFailed(WebUIKeywordMain.groovy:64)
	at com.kms.katalon.core.webui.keyword.internal.WebUIKeywordMain.runKeyword(WebUIKeywordMain.groovy:26)
	at com.kms.katalon.core.webui.keyword.builtin.ClickKeyword.click(ClickKeyword.groovy:74)
	at com.kms.katalon.core.webui.keyword.builtin.ClickKeyword.execute(ClickKeyword.groovy:40)
	at com.kms.katalon.core.keyword.internal.KeywordExecutor.executeKeywordForPlatform(KeywordExecutor.groovy:74)
	at com.kms.katalon.core.webui.keyword.WebUiBuiltInKeywords.click(WebUiBuiltInKeywords.groovy:620)
	at com.kms.katalon.core.webui.keyword.WebUiBuiltInKeywords$click$5.call(Unknown Source)
	at 5.1.8-Crear_plan_de_trabajo_anual.run(5.1.8-Crear_plan_de_trabajo_anual:74)
	at com.kms.katalon.core.main.ScriptEngine.run(ScriptEngine.java:194)
	at com.kms.katalon.core.main.ScriptEngine.runScriptAsRawText(ScriptEngine.java:119)
	at com.kms.katalon.core.main.TestCaseExecutor.runScript(TestCaseExecutor.java:442)
	at com.kms.katalon.core.main.TestCaseExecutor.doExecute(TestCaseExecutor.java:433)
	at com.kms.katalon.core.main.TestCaseExecutor.processExecutionPhase(TestCaseExecutor.java:412)
	at com.kms.katalon.core.main.TestCaseExecutor.accessMainPhase(TestCaseExecutor.java:404)
	at com.kms.katalon.core.main.TestCaseExecutor.execute(TestCaseExecutor.java:281)
	at com.kms.katalon.core.main.TestSuiteExecutor.accessTestCaseMainPhase(TestSuiteExecutor.java:202)
	at com.kms.katalon.core.main.TestSuiteExecutor.accessTestSuiteMainPhase(TestSuiteExecutor.java:164)
	at com.kms.katalon.core.main.TestSuiteExecutor.execute(TestSuiteExecutor.java:105)
	at com.kms.katalon.core.main.TestCaseMain.startTestSuite(TestCaseMain.java:181)
	at com.kms.katalon.core.main.TestCaseMain$startTestSuite$0.call(Unknown Source)
	at TempTestSuite1640121193910.run(TempTestSuite1640121193910.groovy:36)
Caused by: com.kms.katalon.core.webui.exception.WebElementNotFoundException: Web element with id: 'Object Repository/Modulo Pruebas SST/Crear_plan_de_trabajo_anual/a_Aceptar' located by '//a[contains(text(),'Aceptar')]' not found
	at com.kms.katalon.core.webui.common.WebUiCommonHelper.findWebElement(WebUiCommonHelper.java:1368)
	at com.kms.katalon.core.webui.keyword.internal.WebUIAbstractKeyword.findWebElement(WebUIAbstractKeyword.groovy:27)
	at com.kms.katalon.core.webui.keyword.builtin.ClickKeyword$_click_closure1.doCall(ClickKeyword.groovy:65)
	at com.kms.katalon.core.webui.keyword.builtin.ClickKeyword$_click_closure1.call(ClickKeyword.groovy)
	at com.kms.katalon.core.webui.keyword.internal.WebUIKeywordMain.runKeyword(WebUIKeywordMain.groovy:20)
	... 19 more
"/>
         <system-out><![CDATA[2021-12-21 16:33:51 - [TEST_CASE][FAILED] - Test Cases/5.1-Pruebas_SST/5.1.8-Crear_plan_de_trabajo_anual: Test Cases/5.1-Pruebas_SST/5.1.8-Crear_plan_de_trabajo_anual FAILED.
Reason:
com.kms.katalon.core.exception.StepFailedException: Unable to click on object 'Object Repository/Modulo Pruebas SST/Crear_plan_de_trabajo_anual/a_Aceptar'
	at com.kms.katalon.core.webui.keyword.internal.WebUIKeywordMain.stepFailed(WebUIKeywordMain.groovy:64)
	at com.kms.katalon.core.webui.keyword.internal.WebUIKeywordMain.runKeyword(WebUIKeywordMain.groovy:26)
	at com.kms.katalon.core.webui.keyword.builtin.ClickKeyword.click(ClickKeyword.groovy:74)
	at com.kms.katalon.core.webui.keyword.builtin.ClickKeyword.execute(ClickKeyword.groovy:40)
	at com.kms.katalon.core.keyword.internal.KeywordExecutor.executeKeywordForPlatform(KeywordExecutor.groovy:74)
	at com.kms.katalon.core.webui.keyword.WebUiBuiltInKeywords.click(WebUiBuiltInKeywords.groovy:620)
	at com.kms.katalon.core.webui.keyword.WebUiBuiltInKeywords$click$5.call(Unknown Source)
	at 5.1.8-Crear_plan_de_trabajo_anual.run(5.1.8-Crear_plan_de_trabajo_anual:74)
	at com.kms.katalon.core.main.ScriptEngine.run(ScriptEngine.java:194)
	at com.kms.katalon.core.main.ScriptEngine.runScriptAsRawText(ScriptEngine.java:119)
	at com.kms.katalon.core.main.TestCaseExecutor.runScript(TestCaseExecutor.java:442)
	at com.kms.katalon.core.main.TestCaseExecutor.doExecute(TestCaseExecutor.java:433)
	at com.kms.katalon.core.main.TestCaseExecutor.processExecutionPhase(TestCaseExecutor.java:412)
	at com.kms.katalon.core.main.TestCaseExecutor.accessMainPhase(TestCaseExecutor.java:404)
	at com.kms.katalon.core.main.TestCaseExecutor.execute(TestCaseExecutor.java:281)
	at com.kms.katalon.core.main.TestSuiteExecutor.accessTestCaseMainPhase(TestSuiteExecutor.java:202)
	at com.kms.katalon.core.main.TestSuiteExecutor.accessTestSuiteMainPhase(TestSuiteExecutor.java:164)
	at com.kms.katalon.core.main.TestSuiteExecutor.execute(TestSuiteExecutor.java:105)
	at com.kms.katalon.core.main.TestCaseMain.startTestSuite(TestCaseMain.java:181)
	at com.kms.katalon.core.main.TestCaseMain$startTestSuite$0.call(Unknown Source)
	at TempTestSuite1640121193910.run(TempTestSuite1640121193910.groovy:36)
Caused by: com.kms.katalon.core.webui.exception.WebElementNotFoundException: Web element with id: 'Object Repository/Modulo Pruebas SST/Crear_plan_de_trabajo_anual/a_Aceptar' located by '//a[contains(text(),'Aceptar')]' not found
	at com.kms.katalon.core.webui.common.WebUiCommonHelper.findWebElement(WebUiCommonHelper.java:1368)
	at com.kms.katalon.core.webui.keyword.internal.WebUIAbstractKeyword.findWebElement(WebUIAbstractKeyword.groovy:27)
	at com.kms.katalon.core.webui.keyword.builtin.ClickKeyword$_click_closure1.doCall(ClickKeyword.groovy:65)
	at com.kms.katalon.core.webui.keyword.builtin.ClickKeyword$_click_closure1.call(ClickKeyword.groovy)
	at com.kms.katalon.core.webui.keyword.internal.WebUIKeywordMain.runKeyword(WebUIKeywordMain.groovy:20)
	... 19 more


2021-12-21 16:33:51 - [TEST_STEP][PASSED] - callTestCase(findTestCase("0.1-Login"), [:], STOP_ON_FAILURE): Call Test Case 'Test Cases/0.1-Login' successfully

2021-12-21 16:33:52 - [TEST_CASE][PASSED] - Test Cases/0.1-Login: Test Cases/0.1-Login

2021-12-21 16:33:52 - [TEST_STEP][PASSED] - openBrowser(""): Browser is opened with url: ''

2021-12-21 16:33:52 - [MESSAGE][WARNING] - A browser is already opened. Closing browser and opening a new one

2021-12-21 16:33:52 - [MESSAGE][INFO] - Starting 'Chrome' driver

2021-12-21 16:33:52 - [MESSAGE][INFO] - Action delay is set to 0 milliseconds

2021-12-21 16:33:54 - [MESSAGE][PASSED] - Browser is opened with url: ''

2021-12-21 16:33:54 - [TEST_STEP][PASSED] - maximizeWindow(): Current window maximized

2021-12-21 16:33:54 - [MESSAGE][PASSED] - Current window maximized

2021-12-21 16:33:54 - [TEST_STEP][PASSED] - i = G_Login: null

2021-12-21 16:33:54 - [TEST_STEP][PASSED] - url = new java.net.URL(i): null

2021-12-21 16:33:54 - [TEST_STEP][PASSED] - println("URL: " + url.toString()): null

2021-12-21 16:33:54 - [TEST_STEP][PASSED] - connection = url.openConnection(): null

2021-12-21 16:33:54 - [TEST_STEP][PASSED] - connection.setRequestMethod("GET"): null

2021-12-21 16:33:54 - [TEST_STEP][PASSED] - connection.setReadTimeout(2 * 1000): null

2021-12-21 16:33:54 - [TEST_STEP][PASSED] - try: null

2021-12-21 16:33:54 - [TEST_STEP][PASSED] - connection.connect(): null

2021-12-21 16:33:54 - [TEST_STEP][PASSED] - flag = connected: null

2021-12-21 16:33:54 - [TEST_STEP][PASSED] - println("Valor_ori: " + flag): null

2021-12-21 16:33:54 - [TEST_STEP][PASSED] - if (flag): null

2021-12-21 16:33:54 - [TEST_STEP][PASSED] - navigateToUrl(i): Navigate to 'http://192.168.2.80:8380/saraweb' successfully

2021-12-21 16:33:55 - [MESSAGE][PASSED] - Navigate to 'http://192.168.2.80:8380/saraweb' successfully

2021-12-21 16:33:55 - [TEST_STEP][PASSED] - a(): null

2021-12-21 16:33:55 - [TEST_STEP][PASSED] - setText(findTestObject("Login/input_USUARIO_loginusuario"), G_Usuario): Text 'saraadmin' is set on object 'Object Repository/Login/input_USUARIO_loginusuario'

2021-12-21 16:33:55 - [MESSAGE][PASSED] - Text 'saraadmin' is set on object 'Object Repository/Login/input_USUARIO_loginusuario'

2021-12-21 16:33:55 - [TEST_STEP][PASSED] - setEncryptedText(findTestObject("Login/input_CLAVE_loginpassword"), "MkG4/TYiCFC3cb2driP7+Q=="): Text ****** has been set on object 'Object Repository/Login/input_CLAVE_loginpassword'

2021-12-21 16:33:56 - [MESSAGE][PASSED] - Text ****** has been set on object 'Object Repository/Login/input_CLAVE_loginpassword'

2021-12-21 16:33:56 - [TEST_STEP][PASSED] - waitForElementClickable(findTestObject("Login/a_Ingresar"), G_TimeOut): Object 'Object Repository/Login/a_Ingresar' is clickable

2021-12-21 16:33:56 - [MESSAGE][PASSED] - Object 'Object Repository/Login/a_Ingresar' is clickable

2021-12-21 16:33:56 - [TEST_STEP][PASSED] - click(findTestObject("Login/a_Ingresar")): Object: 'Object Repository/Login/a_Ingresar' is clicked on

2021-12-21 16:33:58 - [MESSAGE][PASSED] - Object: 'Object Repository/Login/a_Ingresar' is clicked on

2021-12-21 16:33:58 - [TEST_STEP][PASSED] - element = findWebElement(findTestObject("Login/a_Ir"), 30): null

2021-12-21 16:33:59 - [TEST_STEP][PASSED] - executeJavaScript("arguments[0].click()", Arrays.asList(element)): Execute JavaScript 'arguments[0].click()' successfully

2021-12-21 16:33:59 - [MESSAGE][PASSED] - Execute JavaScript 'arguments[0].click()' successfully

2021-12-21 16:33:59 - [MESSAGE][PASSED] - Call Test Case 'Test Cases/0.1-Login' successfully

2021-12-21 16:33:59 - [TEST_STEP][PASSED] - setText(findTestObject("Modulo Pruebas SST/Crear_plan_de_trabajo_anual/input_ADMINISTRADOR DEL SISTEMA - SARA_form_templatej_idt24_input"), "Plan de trabajo anual"): Text 'Plan de trabajo anual' is set on object 'Object Repository/Modulo Pruebas SST/Crear_plan_de_trabajo_anual/input_ADMINISTRADOR DEL SISTEMA - SARA_form_templatej_idt24_input'

2021-12-21 16:34:00 - [MESSAGE][PASSED] - Text 'Plan de trabajo anual' is set on object 'Object Repository/Modulo Pruebas SST/Crear_plan_de_trabajo_anual/input_ADMINISTRADOR DEL SISTEMA - SARA_form_templatej_idt24_input'

2021-12-21 16:34:00 - [TEST_STEP][PASSED] - click(findTestObject("Modulo Pruebas SST/Crear_plan_de_trabajo_anual/li_Plan de Trabajo Anual (sst)")): Object: 'Object Repository/Modulo Pruebas SST/Crear_plan_de_trabajo_anual/li_Plan de Trabajo Anual (sst)' is clicked on

2021-12-21 16:34:01 - [MESSAGE][PASSED] - Object: 'Object Repository/Modulo Pruebas SST/Crear_plan_de_trabajo_anual/li_Plan de Trabajo Anual (sst)' is clicked on

2021-12-21 16:34:01 - [TEST_STEP][PASSED] - if (waitForElementPresent(findTestObject("Modulo Pruebas SST/Crear_plan_de_trabajo_anual/td_pruebas katalon"), 1)): null

2021-12-21 16:34:03 - [MESSAGE][PASSED] - Object 'Object Repository/Modulo Pruebas SST/Crear_plan_de_trabajo_anual/td_pruebas katalon' is present

2021-12-21 16:34:03 - [TEST_STEP][PASSED] - click(findTestObject("Modulo Pruebas SST/Crear_plan_de_trabajo_anual/td_pruebas katalon")): Object: 'Object Repository/Modulo Pruebas SST/Crear_plan_de_trabajo_anual/td_pruebas katalon' is clicked on

2021-12-21 16:34:03 - [MESSAGE][PASSED] - Object: 'Object Repository/Modulo Pruebas SST/Crear_plan_de_trabajo_anual/td_pruebas katalon' is clicked on

2021-12-21 16:34:03 - [TEST_STEP][PASSED] - click(findTestObject("Modulo Pruebas SST/Crear_plan_de_trabajo_anual/a_Objetivos")): Object: 'Object Repository/Modulo Pruebas SST/Crear_plan_de_trabajo_anual/a_Objetivos' is clicked on

2021-12-21 16:34:04 - [MESSAGE][PASSED] - Object: 'Object Repository/Modulo Pruebas SST/Crear_plan_de_trabajo_anual/a_Objetivos' is clicked on

2021-12-21 16:34:04 - [TEST_STEP][PASSED] - if (waitForElementPresent(findTestObject("Modulo Pruebas SST/Crear_plan_de_trabajo_anual/td_BASE LEGAL"), 1)): null

2021-12-21 16:34:05 - [MESSAGE][PASSED] - Object 'Object Repository/Modulo Pruebas SST/Crear_plan_de_trabajo_anual/td_BASE LEGAL' is present

2021-12-21 16:34:05 - [TEST_STEP][PASSED] - click(findTestObject("Modulo Pruebas SST/Crear_plan_de_trabajo_anual/td_BASE LEGAL")): Object: 'Object Repository/Modulo Pruebas SST/Crear_plan_de_trabajo_anual/td_BASE LEGAL' is clicked on

2021-12-21 16:34:05 - [MESSAGE][PASSED] - Object: 'Object Repository/Modulo Pruebas SST/Crear_plan_de_trabajo_anual/td_BASE LEGAL' is clicked on

2021-12-21 16:34:05 - [TEST_STEP][PASSED] - click(findTestObject("Modulo Pruebas SST/Crear_plan_de_trabajo_anual/a_Actividades")): Object: 'Object Repository/Modulo Pruebas SST/Crear_plan_de_trabajo_anual/a_Actividades' is clicked on

2021-12-21 16:34:06 - [MESSAGE][PASSED] - Object: 'Object Repository/Modulo Pruebas SST/Crear_plan_de_trabajo_anual/a_Actividades' is clicked on

2021-12-21 16:34:06 - [TEST_STEP][PASSED] - if (waitForElementPresent(findTestObject("Modulo Pruebas SST/Crear_plan_de_trabajo_anual/td_pruebas k"), 1)): null

2021-12-21 16:34:06 - [MESSAGE][PASSED] - Object 'Object Repository/Modulo Pruebas SST/Crear_plan_de_trabajo_anual/td_pruebas k' is present

2021-12-21 16:34:06 - [TEST_STEP][PASSED] - click(findTestObject("Modulo Pruebas SST/Crear_plan_de_trabajo_anual/td_pruebas k")): Object: 'Object Repository/Modulo Pruebas SST/Crear_plan_de_trabajo_anual/td_pruebas k' is clicked on

2021-12-21 16:34:07 - [MESSAGE][PASSED] - Object: 'Object Repository/Modulo Pruebas SST/Crear_plan_de_trabajo_anual/td_pruebas k' is clicked on

2021-12-21 16:34:07 - [TEST_STEP][PASSED] - if (waitForElementPresent(findTestObject("Modulo Pruebas SST/Crear_plan_de_trabajo_anual/a_Anexos"), 1)): null

2021-12-21 16:34:07 - [MESSAGE][PASSED] - Object 'Object Repository/Modulo Pruebas SST/Crear_plan_de_trabajo_anual/a_Anexos' is present

2021-12-21 16:34:07 - [TEST_STEP][PASSED] - click(findTestObject("Modulo Pruebas SST/Crear_plan_de_trabajo_anual/a_Anexos")): Object: 'Object Repository/Modulo Pruebas SST/Crear_plan_de_trabajo_anual/a_Anexos' is clicked on

2021-12-21 16:34:08 - [MESSAGE][PASSED] - Object: 'Object Repository/Modulo Pruebas SST/Crear_plan_de_trabajo_anual/a_Anexos' is clicked on

2021-12-21 16:34:08 - [TEST_STEP][PASSED] - if (waitForElementPresent(findTestObject("Modulo Pruebas SST/Crear_plan_de_trabajo_anual/a_prueba.pdf_form_actividadesObjetivosPlanTrabajotabsActividadestablaAnexos0j_idt769"), 1)): Object 'Object Repository/Modulo Pruebas SST/Crear_plan_de_trabajo_anual/a_prueba.pdf_form_actividadesObjetivosPlanTrabajotabsActividadestablaAnexos0j_idt769' is not present after 1 second(s)

2021-12-21 16:34:10 - [MESSAGE][INFO] - Unable to find the element located by 'By.xpath: //a[@id='form_actividadesObjetivosPlanTrabajo:tabsActividades:tablaAnexos:0:j_idt769']'. Please recheck the objects properties to make sure the desired element is located. 

2021-12-21 16:34:10 - [MESSAGE][WARNING] - Object 'Object Repository/Modulo Pruebas SST/Crear_plan_de_trabajo_anual/a_prueba.pdf_form_actividadesObjetivosPlanTrabajotabsActividadestablaAnexos0j_idt769' is not present after 1 second(s)

2021-12-21 16:34:10 - [TEST_STEP][PASSED] - if (waitForElementPresent(findTestObject("Modulo Pruebas SST/Crear_plan_de_trabajo_anual/a_Cronograma"), 1)): null

2021-12-21 16:34:10 - [MESSAGE][PASSED] - Object 'Object Repository/Modulo Pruebas SST/Crear_plan_de_trabajo_anual/a_Cronograma' is present

2021-12-21 16:34:10 - [TEST_STEP][PASSED] - click(findTestObject("Modulo Pruebas SST/Crear_plan_de_trabajo_anual/a_Cronograma")): Object: 'Object Repository/Modulo Pruebas SST/Crear_plan_de_trabajo_anual/a_Cronograma' is clicked on

2021-12-21 16:34:10 - [MESSAGE][PASSED] - Object: 'Object Repository/Modulo Pruebas SST/Crear_plan_de_trabajo_anual/a_Cronograma' is clicked on

2021-12-21 16:34:10 - [TEST_STEP][PASSED] - if (waitForElementPresent(findTestObject("Modulo Pruebas SST/Crear_plan_de_trabajo_anual/td_Programado0"), 1)): null

2021-12-21 16:34:11 - [MESSAGE][PASSED] - Object 'Object Repository/Modulo Pruebas SST/Crear_plan_de_trabajo_anual/td_Programado0' is present

2021-12-21 16:34:11 - [TEST_STEP][PASSED] - click(findTestObject("Modulo Pruebas SST/Crear_plan_de_trabajo_anual/td_Programado0")): Object: 'Object Repository/Modulo Pruebas SST/Crear_plan_de_trabajo_anual/td_Programado0' is clicked on

2021-12-21 16:34:12 - [MESSAGE][PASSED] - Object: 'Object Repository/Modulo Pruebas SST/Crear_plan_de_trabajo_anual/td_Programado0' is clicked on

2021-12-21 16:34:12 - [TEST_STEP][PASSED] - click(findTestObject("Modulo Pruebas SST/Crear_plan_de_trabajo_anual/a_Eliminar")): Object: 'Object Repository/Modulo Pruebas SST/Crear_plan_de_trabajo_anual/a_Eliminar' is clicked on

2021-12-21 16:34:12 - [MESSAGE][PASSED] - Object: 'Object Repository/Modulo Pruebas SST/Crear_plan_de_trabajo_anual/a_Eliminar' is clicked on

2021-12-21 16:34:12 - [TEST_STEP][PASSED] - click(findTestObject("Modulo Pruebas SST/Crear_plan_de_trabajo_anual/a_Aceptar")): Object: 'Object Repository/Modulo Pruebas SST/Crear_plan_de_trabajo_anual/a_Aceptar' is clicked on

2021-12-21 16:34:14 - [MESSAGE][PASSED] - Object: 'Object Repository/Modulo Pruebas SST/Crear_plan_de_trabajo_anual/a_Aceptar' is clicked on

2021-12-21 16:34:14 - [TEST_STEP][PASSED] - if (waitForElementPresent(findTestObject("Modulo Pruebas SST/Crear_plan_de_trabajo_anual/a_Responsable"), 1)): null

2021-12-21 16:34:15 - [MESSAGE][PASSED] - Object 'Object Repository/Modulo Pruebas SST/Crear_plan_de_trabajo_anual/a_Responsable' is present

2021-12-21 16:34:15 - [TEST_STEP][PASSED] - click(findTestObject("Modulo Pruebas SST/Crear_plan_de_trabajo_anual/a_Responsable")): Object: 'Object Repository/Modulo Pruebas SST/Crear_plan_de_trabajo_anual/a_Responsable' is clicked on

2021-12-21 16:34:15 - [MESSAGE][PASSED] - Object: 'Object Repository/Modulo Pruebas SST/Crear_plan_de_trabajo_anual/a_Responsable' is clicked on

2021-12-21 16:34:15 - [TEST_STEP][PASSED] - if (waitForElementPresent(findTestObject("Modulo Pruebas SST/Crear_plan_de_trabajo_anual/a_A A A_form_actividadesObjetivosPlanTrabajotabsActividadestabla_responsables0j_idt714"), 1)): null

2021-12-21 16:34:16 - [MESSAGE][PASSED] - Object 'Object Repository/Modulo Pruebas SST/Crear_plan_de_trabajo_anual/a_A A A_form_actividadesObjetivosPlanTrabajotabsActividadestabla_responsables0j_idt714' is present

2021-12-21 16:34:16 - [TEST_STEP][PASSED] - click(findTestObject("Modulo Pruebas SST/Crear_plan_de_trabajo_anual/a_A A A_form_actividadesObjetivosPlanTrabajotabsActividadestabla_responsables0j_idt714")): Object: 'Object Repository/Modulo Pruebas SST/Crear_plan_de_trabajo_anual/a_A A A_form_actividadesObjetivosPlanTrabajotabsActividadestabla_responsables0j_idt714' is clicked on

2021-12-21 16:34:16 - [MESSAGE][PASSED] - Object: 'Object Repository/Modulo Pruebas SST/Crear_plan_de_trabajo_anual/a_A A A_form_actividadesObjetivosPlanTrabajotabsActividadestabla_responsables0j_idt714' is clicked on

2021-12-21 16:34:16 - [TEST_STEP][FAILED] - click(findTestObject("Modulo Pruebas SST/Crear_plan_de_trabajo_anual/a_Aceptar")): Unable to click on object 'Object Repository/Modulo Pruebas SST/Crear_plan_de_trabajo_anual/a_Aceptar' (Root cause: com.kms.katalon.core.exception.StepFailedException: Unable to click on object 'Object Repository/Modulo Pruebas SST/Crear_plan_de_trabajo_anual/a_Aceptar'
	at com.kms.katalon.core.webui.keyword.internal.WebUIKeywordMain.stepFailed(WebUIKeywordMain.groovy:64)
	at com.kms.katalon.core.webui.keyword.internal.WebUIKeywordMain.runKeyword(WebUIKeywordMain.groovy:26)
	at com.kms.katalon.core.webui.keyword.builtin.ClickKeyword.click(ClickKeyword.groovy:74)
	at com.kms.katalon.core.webui.keyword.builtin.ClickKeyword.execute(ClickKeyword.groovy:40)
	at com.kms.katalon.core.keyword.internal.KeywordExecutor.executeKeywordForPlatform(KeywordExecutor.groovy:74)
	at com.kms.katalon.core.webui.keyword.WebUiBuiltInKeywords.click(WebUiBuiltInKeywords.groovy:620)
	at com.kms.katalon.core.webui.keyword.WebUiBuiltInKeywords$click$5.call(Unknown Source)
	at 5.1.8-Crear_plan_de_trabajo_anual.run(5.1.8-Crear_plan_de_trabajo_anual:74)
	at com.kms.katalon.core.main.ScriptEngine.run(ScriptEngine.java:194)
	at com.kms.katalon.core.main.ScriptEngine.runScriptAsRawText(ScriptEngine.java:119)
	at com.kms.katalon.core.main.TestCaseExecutor.runScript(TestCaseExecutor.java:442)
	at com.kms.katalon.core.main.TestCaseExecutor.doExecute(TestCaseExecutor.java:433)
	at com.kms.katalon.core.main.TestCaseExecutor.processExecutionPhase(TestCaseExecutor.java:412)
	at com.kms.katalon.core.main.TestCaseExecutor.accessMainPhase(TestCaseExecutor.java:404)
	at com.kms.katalon.core.main.TestCaseExecutor.execute(TestCaseExecutor.java:281)
	at com.kms.katalon.core.main.TestSuiteExecutor.accessTestCaseMainPhase(TestSuiteExecutor.java:202)
	at com.kms.katalon.core.main.TestSuiteExecutor.accessTestSuiteMainPhase(TestSuiteExecutor.java:164)
	at com.kms.katalon.core.main.TestSuiteExecutor.execute(TestSuiteExecutor.java:105)
	at com.kms.katalon.core.main.TestCaseMain.startTestSuite(TestCaseMain.java:181)
	at com.kms.katalon.core.main.TestCaseMain$startTestSuite$0.call(Unknown Source)
	at TempTestSuite1640121193910.run(TempTestSuite1640121193910.groovy:36)
Caused by: com.kms.katalon.core.webui.exception.WebElementNotFoundException: Web element with id: 'Object Repository/Modulo Pruebas SST/Crear_plan_de_trabajo_anual/a_Aceptar' located by '//a[contains(text(),'Aceptar')]' not found
	at com.kms.katalon.core.webui.common.WebUiCommonHelper.findWebElement(WebUiCommonHelper.java:1368)
	at com.kms.katalon.core.webui.keyword.internal.WebUIAbstractKeyword.findWebElement(WebUIAbstractKeyword.groovy:27)
	at com.kms.katalon.core.webui.keyword.builtin.ClickKeyword$_click_closure1.doCall(ClickKeyword.groovy:65)
	at com.kms.katalon.core.webui.keyword.builtin.ClickKeyword$_click_closure1.call(ClickKeyword.groovy)
	at com.kms.katalon.core.webui.keyword.internal.WebUIKeywordMain.runKeyword(WebUIKeywordMain.groovy:20)
	at com.kms.katalon.core.webui.keyword.builtin.ClickKeyword.click(ClickKeyword.groovy:74)
	at com.kms.katalon.core.webui.keyword.builtin.ClickKeyword.execute(ClickKeyword.groovy:40)
	at com.kms.katalon.core.keyword.internal.KeywordExecutor.executeKeywordForPlatform(KeywordExecutor.groovy:74)
	at com.kms.katalon.core.webui.keyword.WebUiBuiltInKeywords.click(WebUiBuiltInKeywords.groovy:620)
	at com.kms.katalon.core.webui.keyword.WebUiBuiltInKeywords$click$5.call(Unknown Source)
	at Script1639146962548.run(Script1639146962548.groovy:74)
	... 13 more
)

2021-12-21 16:34:48 - [MESSAGE][INFO] - Unable to find the element located by 'By.xpath: //a[contains(text(),'Aceptar')]'. Please recheck the objects properties to make sure the desired element is located. 

2021-12-21 16:34:48 - [MESSAGE][FAILED] - Unable to click on object 'Object Repository/Modulo Pruebas SST/Crear_plan_de_trabajo_anual/a_Aceptar' (Root cause: com.kms.katalon.core.exception.StepFailedException: Unable to click on object 'Object Repository/Modulo Pruebas SST/Crear_plan_de_trabajo_anual/a_Aceptar'
	at com.kms.katalon.core.webui.keyword.internal.WebUIKeywordMain.stepFailed(WebUIKeywordMain.groovy:64)
	at com.kms.katalon.core.webui.keyword.internal.WebUIKeywordMain.runKeyword(WebUIKeywordMain.groovy:26)
	at com.kms.katalon.core.webui.keyword.builtin.ClickKeyword.click(ClickKeyword.groovy:74)
	at com.kms.katalon.core.webui.keyword.builtin.ClickKeyword.execute(ClickKeyword.groovy:40)
	at com.kms.katalon.core.keyword.internal.KeywordExecutor.executeKeywordForPlatform(KeywordExecutor.groovy:74)
	at com.kms.katalon.core.webui.keyword.WebUiBuiltInKeywords.click(WebUiBuiltInKeywords.groovy:620)
	at com.kms.katalon.core.webui.keyword.WebUiBuiltInKeywords$click$5.call(Unknown Source)
	at 5.1.8-Crear_plan_de_trabajo_anual.run(5.1.8-Crear_plan_de_trabajo_anual:74)
	at com.kms.katalon.core.main.ScriptEngine.run(ScriptEngine.java:194)
	at com.kms.katalon.core.main.ScriptEngine.runScriptAsRawText(ScriptEngine.java:119)
	at com.kms.katalon.core.main.TestCaseExecutor.runScript(TestCaseExecutor.java:442)
	at com.kms.katalon.core.main.TestCaseExecutor.doExecute(TestCaseExecutor.java:433)
	at com.kms.katalon.core.main.TestCaseExecutor.processExecutionPhase(TestCaseExecutor.java:412)
	at com.kms.katalon.core.main.TestCaseExecutor.accessMainPhase(TestCaseExecutor.java:404)
	at com.kms.katalon.core.main.TestCaseExecutor.execute(TestCaseExecutor.java:281)
	at com.kms.katalon.core.main.TestSuiteExecutor.accessTestCaseMainPhase(TestSuiteExecutor.java:202)
	at com.kms.katalon.core.main.TestSuiteExecutor.accessTestSuiteMainPhase(TestSuiteExecutor.java:164)
	at com.kms.katalon.core.main.TestSuiteExecutor.execute(TestSuiteExecutor.java:105)
	at com.kms.katalon.core.main.TestCaseMain.startTestSuite(TestCaseMain.java:181)
	at com.kms.katalon.core.main.TestCaseMain$startTestSuite$0.call(Unknown Source)
	at TempTestSuite1640121193910.run(TempTestSuite1640121193910.groovy:36)
Caused by: com.kms.katalon.core.webui.exception.WebElementNotFoundException: Web element with id: 'Object Repository/Modulo Pruebas SST/Crear_plan_de_trabajo_anual/a_Aceptar' located by '//a[contains(text(),'Aceptar')]' not found
	at com.kms.katalon.core.webui.common.WebUiCommonHelper.findWebElement(WebUiCommonHelper.java:1368)
	at com.kms.katalon.core.webui.keyword.internal.WebUIAbstractKeyword.findWebElement(WebUIAbstractKeyword.groovy:27)
	at com.kms.katalon.core.webui.keyword.builtin.ClickKeyword$_click_closure1.doCall(ClickKeyword.groovy:65)
	at com.kms.katalon.core.webui.keyword.builtin.ClickKeyword$_click_closure1.call(ClickKeyword.groovy)
	at com.kms.katalon.core.webui.keyword.internal.WebUIKeywordMain.runKeyword(WebUIKeywordMain.groovy:20)
	at com.kms.katalon.core.webui.keyword.builtin.ClickKeyword.click(ClickKeyword.groovy:74)
	at com.kms.katalon.core.webui.keyword.builtin.ClickKeyword.execute(ClickKeyword.groovy:40)
	at com.kms.katalon.core.keyword.internal.KeywordExecutor.executeKeywordForPlatform(KeywordExecutor.groovy:74)
	at com.kms.katalon.core.webui.keyword.WebUiBuiltInKeywords.click(WebUiBuiltInKeywords.groovy:620)
	at com.kms.katalon.core.webui.keyword.WebUiBuiltInKeywords$click$5.call(Unknown Source)
	at Script1639146962548.run(Script1639146962548.groovy:74)
	... 13 more
)
[[ATTACHMENT|C:\\Users\\diego.rojas\\git\\Pruebas-Minimas\\Reports\\20211221_161251\\5-Pruebas SST\\20211221_161313\\1640122488050.png]]]]></system-out>
         <system-err><![CDATA[2021-12-21 16:33:51 - [TEST_CASE][FAILED] - Test Cases/5.1-Pruebas_SST/5.1.8-Crear_plan_de_trabajo_anual: Test Cases/5.1-Pruebas_SST/5.1.8-Crear_plan_de_trabajo_anual FAILED.
Reason:
com.kms.katalon.core.exception.StepFailedException: Unable to click on object 'Object Repository/Modulo Pruebas SST/Crear_plan_de_trabajo_anual/a_Aceptar'
	at com.kms.katalon.core.webui.keyword.internal.WebUIKeywordMain.stepFailed(WebUIKeywordMain.groovy:64)
	at com.kms.katalon.core.webui.keyword.internal.WebUIKeywordMain.runKeyword(WebUIKeywordMain.groovy:26)
	at com.kms.katalon.core.webui.keyword.builtin.ClickKeyword.click(ClickKeyword.groovy:74)
	at com.kms.katalon.core.webui.keyword.builtin.ClickKeyword.execute(ClickKeyword.groovy:40)
	at com.kms.katalon.core.keyword.internal.KeywordExecutor.executeKeywordForPlatform(KeywordExecutor.groovy:74)
	at com.kms.katalon.core.webui.keyword.WebUiBuiltInKeywords.click(WebUiBuiltInKeywords.groovy:620)
	at com.kms.katalon.core.webui.keyword.WebUiBuiltInKeywords$click$5.call(Unknown Source)
	at 5.1.8-Crear_plan_de_trabajo_anual.run(5.1.8-Crear_plan_de_trabajo_anual:74)
	at com.kms.katalon.core.main.ScriptEngine.run(ScriptEngine.java:194)
	at com.kms.katalon.core.main.ScriptEngine.runScriptAsRawText(ScriptEngine.java:119)
	at com.kms.katalon.core.main.TestCaseExecutor.runScript(TestCaseExecutor.java:442)
	at com.kms.katalon.core.main.TestCaseExecutor.doExecute(TestCaseExecutor.java:433)
	at com.kms.katalon.core.main.TestCaseExecutor.processExecutionPhase(TestCaseExecutor.java:412)
	at com.kms.katalon.core.main.TestCaseExecutor.accessMainPhase(TestCaseExecutor.java:404)
	at com.kms.katalon.core.main.TestCaseExecutor.execute(TestCaseExecutor.java:281)
	at com.kms.katalon.core.main.TestSuiteExecutor.accessTestCaseMainPhase(TestSuiteExecutor.java:202)
	at com.kms.katalon.core.main.TestSuiteExecutor.accessTestSuiteMainPhase(TestSuiteExecutor.java:164)
	at com.kms.katalon.core.main.TestSuiteExecutor.execute(TestSuiteExecutor.java:105)
	at com.kms.katalon.core.main.TestCaseMain.startTestSuite(TestCaseMain.java:181)
	at com.kms.katalon.core.main.TestCaseMain$startTestSuite$0.call(Unknown Source)
	at TempTestSuite1640121193910.run(TempTestSuite1640121193910.groovy:36)
Caused by: com.kms.katalon.core.webui.exception.WebElementNotFoundException: Web element with id: 'Object Repository/Modulo Pruebas SST/Crear_plan_de_trabajo_anual/a_Aceptar' located by '//a[contains(text(),'Aceptar')]' not found
	at com.kms.katalon.core.webui.common.WebUiCommonHelper.findWebElement(WebUiCommonHelper.java:1368)
	at com.kms.katalon.core.webui.keyword.internal.WebUIAbstractKeyword.findWebElement(WebUIAbstractKeyword.groovy:27)
	at com.kms.katalon.core.webui.keyword.builtin.ClickKeyword$_click_closure1.doCall(ClickKeyword.groovy:65)
	at com.kms.katalon.core.webui.keyword.builtin.ClickKeyword$_click_closure1.call(ClickKeyword.groovy)
	at com.kms.katalon.core.webui.keyword.internal.WebUIKeywordMain.runKeyword(WebUIKeywordMain.groovy:20)
	... 19 more]]></system-err>
      </testcase>
      <testcase name="Test Cases/5.1-Pruebas_SST/5.1.9-Creación_de_Grupos_de_Apoyo" time="94.539" classname="Test Cases/5.1-Pruebas_SST/5.1.9-Creación_de_Grupos_de_Apoyo" status="FAILED">
         <failure type="FAILED" message="Test Cases/5.1-Pruebas_SST/5.1.9-Creación_de_Grupos_de_Apoyo FAILED.
Reason:
com.kms.katalon.core.exception.StepFailedException: Unable to click on object 'Object Repository/Modulo Pruebas SST/Creación de Grupos de Apoyo/a_Descargar_form_equipoTrabajoSaltabtablaAnexosj_idt209'
	at com.kms.katalon.core.webui.keyword.internal.WebUIKeywordMain.stepFailed(WebUIKeywordMain.groovy:64)
	at com.kms.katalon.core.webui.keyword.internal.WebUIKeywordMain.runKeyword(WebUIKeywordMain.groovy:26)
	at com.kms.katalon.core.webui.keyword.builtin.ClickKeyword.click(ClickKeyword.groovy:74)
	at com.kms.katalon.core.webui.keyword.builtin.ClickKeyword.execute(ClickKeyword.groovy:40)
	at com.kms.katalon.core.keyword.internal.KeywordExecutor.executeKeywordForPlatform(KeywordExecutor.groovy:74)
	at com.kms.katalon.core.webui.keyword.WebUiBuiltInKeywords.click(WebUiBuiltInKeywords.groovy:620)
	at com.kms.katalon.core.webui.keyword.WebUiBuiltInKeywords$click$5.call(Unknown Source)
	at 5.1.9-Creación_de_Grupos_de_Apoyo.run(5.1.9-Creación_de_Grupos_de_Apoyo:231)
	at com.kms.katalon.core.main.ScriptEngine.run(ScriptEngine.java:194)
	at com.kms.katalon.core.main.ScriptEngine.runScriptAsRawText(ScriptEngine.java:119)
	at com.kms.katalon.core.main.TestCaseExecutor.runScript(TestCaseExecutor.java:442)
	at com.kms.katalon.core.main.TestCaseExecutor.doExecute(TestCaseExecutor.java:433)
	at com.kms.katalon.core.main.TestCaseExecutor.processExecutionPhase(TestCaseExecutor.java:412)
	at com.kms.katalon.core.main.TestCaseExecutor.accessMainPhase(TestCaseExecutor.java:404)
	at com.kms.katalon.core.main.TestCaseExecutor.execute(TestCaseExecutor.java:281)
	at com.kms.katalon.core.main.TestSuiteExecutor.accessTestCaseMainPhase(TestSuiteExecutor.java:202)
	at com.kms.katalon.core.main.TestSuiteExecutor.accessTestSuiteMainPhase(TestSuiteExecutor.java:164)
	at com.kms.katalon.core.main.TestSuiteExecutor.execute(TestSuiteExecutor.java:105)
	at com.kms.katalon.core.main.TestCaseMain.startTestSuite(TestCaseMain.java:181)
	at com.kms.katalon.core.main.TestCaseMain$startTestSuite$0.call(Unknown Source)
	at TempTestSuite1640121193910.run(TempTestSuite1640121193910.groovy:36)
Caused by: org.openqa.selenium.ElementClickInterceptedException: element click intercepted: Element &lt;a id=&quot;form_equipoTrabajoSal:tab:tablaAnexos:j_idt209&quot; href=&quot;#&quot; class=&quot;ui-commandlink ui-widget btn-miniadicionar&quot; onclick=&quot;PrimeFaces.ab({s:&amp;quot;form_equipoTrabajoSal:tab:tablaAnexos:j_idt209&amp;quot;,f:&amp;quot;form_equipoTrabajoSal&amp;quot;,u:&amp;quot;areaAplicacion&amp;quot;});return false;&quot;>&lt;/a> is not clickable at point (1271, 310). Other element would receive the click: &lt;div id=&quot;popupCargarArchivoForm:j_idt850_modal&quot; class=&quot;ui-widget-overlay ui-dialog-mask&quot; style=&quot;z-index: 1038;&quot;>&lt;/div>
  (Session info: chrome=96.0.4664.110)
Build info: version: '3.141.59', revision: 'e82be7d358', time: '2018-11-14T08:25:53'
System info: host: 'US-AF-000371', ip: '192.168.56.1', os.name: 'Windows 10', os.arch: 'amd64', os.version: '10.0', java.version: '1.8.0_282'
Driver info: com.kms.katalon.selenium.driver.CChromeDriver
Capabilities {acceptInsecureCerts: false, browserName: chrome, browserVersion: 96.0.4664.110, chrome: {chromedriverVersion: 95.0.4638.17 (a9d0719444d4b..., userDataDir: C:\Users\DIEGO~1.ROJ\AppDat...}, goog:chromeOptions: {debuggerAddress: localhost:60740}, javascriptEnabled: true, networkConnectionEnabled: false, pageLoadStrategy: normal, platform: WINDOWS, platformName: WINDOWS, proxy: Proxy(), setWindowRect: true, strictFileInteractability: false, timeouts: {implicit: 0, pageLoad: 300000, script: 30000}, unhandledPromptBehavior: dismiss and notify, webauthn:extension:credBlob: true, webauthn:extension:largeBlob: true, webauthn:virtualAuthenticators: true}
Session ID: f7f0adcc48700b00b0fcc189d99b0fe5
	at org.openqa.selenium.remote.http.W3CHttpResponseCodec.createException(W3CHttpResponseCodec.java:187)
	at org.openqa.selenium.remote.http.W3CHttpResponseCodec.decode(W3CHttpResponseCodec.java:122)
	at org.openqa.selenium.remote.http.W3CHttpResponseCodec.decode(W3CHttpResponseCodec.java:49)
	at org.openqa.selenium.remote.HttpCommandExecutor.execute(HttpCommandExecutor.java:158)
	at org.openqa.selenium.remote.service.DriverCommandExecutor.execute(DriverCommandExecutor.java:83)
	at org.openqa.selenium.remote.RemoteWebDriver.execute(RemoteWebDriver.java:552)
	at com.kms.katalon.selenium.driver.CChromeDriver.execute(CChromeDriver.java:19)
	at org.openqa.selenium.remote.RemoteWebElement.execute(RemoteWebElement.java:285)
	at org.openqa.selenium.remote.RemoteWebElement.click(RemoteWebElement.java:84)
	at org.openqa.selenium.support.events.EventFiringWebDriver$EventFiringWebElement.lambda$new$0(EventFiringWebDriver.java:404)
	at com.sun.proxy.$Proxy11.click(Unknown Source)
	at org.openqa.selenium.support.events.EventFiringWebDriver$EventFiringWebElement.click(EventFiringWebDriver.java:417)
	at org.openqa.selenium.WebElement$click$0.call(Unknown Source)
	at com.kms.katalon.core.webui.keyword.builtin.ClickKeyword.clickUntilSuccessWithTimeout(ClickKeyword.groovy:81)
	at com.kms.katalon.core.webui.keyword.builtin.ClickKeyword.clickUntilSuccessWithTimeout(ClickKeyword.groovy)
	at com.kms.katalon.core.webui.keyword.builtin.ClickKeyword$_click_closure1.doCall(ClickKeyword.groovy:67)
	at com.kms.katalon.core.webui.keyword.builtin.ClickKeyword$_click_closure1.call(ClickKeyword.groovy)
	at com.kms.katalon.core.webui.keyword.internal.WebUIKeywordMain.runKeyword(WebUIKeywordMain.groovy:20)
	... 19 more
"/>
         <system-out><![CDATA[2021-12-21 16:34:48 - [TEST_CASE][FAILED] - Test Cases/5.1-Pruebas_SST/5.1.9-Creación_de_Grupos_de_Apoyo: Test Cases/5.1-Pruebas_SST/5.1.9-Creación_de_Grupos_de_Apoyo FAILED.
Reason:
com.kms.katalon.core.exception.StepFailedException: Unable to click on object 'Object Repository/Modulo Pruebas SST/Creación de Grupos de Apoyo/a_Descargar_form_equipoTrabajoSaltabtablaAnexosj_idt209'
	at com.kms.katalon.core.webui.keyword.internal.WebUIKeywordMain.stepFailed(WebUIKeywordMain.groovy:64)
	at com.kms.katalon.core.webui.keyword.internal.WebUIKeywordMain.runKeyword(WebUIKeywordMain.groovy:26)
	at com.kms.katalon.core.webui.keyword.builtin.ClickKeyword.click(ClickKeyword.groovy:74)
	at com.kms.katalon.core.webui.keyword.builtin.ClickKeyword.execute(ClickKeyword.groovy:40)
	at com.kms.katalon.core.keyword.internal.KeywordExecutor.executeKeywordForPlatform(KeywordExecutor.groovy:74)
	at com.kms.katalon.core.webui.keyword.WebUiBuiltInKeywords.click(WebUiBuiltInKeywords.groovy:620)
	at com.kms.katalon.core.webui.keyword.WebUiBuiltInKeywords$click$5.call(Unknown Source)
	at 5.1.9-Creación_de_Grupos_de_Apoyo.run(5.1.9-Creación_de_Grupos_de_Apoyo:231)
	at com.kms.katalon.core.main.ScriptEngine.run(ScriptEngine.java:194)
	at com.kms.katalon.core.main.ScriptEngine.runScriptAsRawText(ScriptEngine.java:119)
	at com.kms.katalon.core.main.TestCaseExecutor.runScript(TestCaseExecutor.java:442)
	at com.kms.katalon.core.main.TestCaseExecutor.doExecute(TestCaseExecutor.java:433)
	at com.kms.katalon.core.main.TestCaseExecutor.processExecutionPhase(TestCaseExecutor.java:412)
	at com.kms.katalon.core.main.TestCaseExecutor.accessMainPhase(TestCaseExecutor.java:404)
	at com.kms.katalon.core.main.TestCaseExecutor.execute(TestCaseExecutor.java:281)
	at com.kms.katalon.core.main.TestSuiteExecutor.accessTestCaseMainPhase(TestSuiteExecutor.java:202)
	at com.kms.katalon.core.main.TestSuiteExecutor.accessTestSuiteMainPhase(TestSuiteExecutor.java:164)
	at com.kms.katalon.core.main.TestSuiteExecutor.execute(TestSuiteExecutor.java:105)
	at com.kms.katalon.core.main.TestCaseMain.startTestSuite(TestCaseMain.java:181)
	at com.kms.katalon.core.main.TestCaseMain$startTestSuite$0.call(Unknown Source)
	at TempTestSuite1640121193910.run(TempTestSuite1640121193910.groovy:36)
Caused by: org.openqa.selenium.ElementClickInterceptedException: element click intercepted: Element <a id="form_equipoTrabajoSal:tab:tablaAnexos:j_idt209" href="#" class="ui-commandlink ui-widget btn-miniadicionar" onclick="PrimeFaces.ab({s:&quot;form_equipoTrabajoSal:tab:tablaAnexos:j_idt209&quot;,f:&quot;form_equipoTrabajoSal&quot;,u:&quot;areaAplicacion&quot;});return false;"></a> is not clickable at point (1271, 310). Other element would receive the click: <div id="popupCargarArchivoForm:j_idt850_modal" class="ui-widget-overlay ui-dialog-mask" style="z-index: 1038;"></div>
  (Session info: chrome=96.0.4664.110)
Build info: version: '3.141.59', revision: 'e82be7d358', time: '2018-11-14T08:25:53'
System info: host: 'US-AF-000371', ip: '192.168.56.1', os.name: 'Windows 10', os.arch: 'amd64', os.version: '10.0', java.version: '1.8.0_282'
Driver info: com.kms.katalon.selenium.driver.CChromeDriver
Capabilities {acceptInsecureCerts: false, browserName: chrome, browserVersion: 96.0.4664.110, chrome: {chromedriverVersion: 95.0.4638.17 (a9d0719444d4b..., userDataDir: C:\Users\DIEGO~1.ROJ\AppDat...}, goog:chromeOptions: {debuggerAddress: localhost:60740}, javascriptEnabled: true, networkConnectionEnabled: false, pageLoadStrategy: normal, platform: WINDOWS, platformName: WINDOWS, proxy: Proxy(), setWindowRect: true, strictFileInteractability: false, timeouts: {implicit: 0, pageLoad: 300000, script: 30000}, unhandledPromptBehavior: dismiss and notify, webauthn:extension:credBlob: true, webauthn:extension:largeBlob: true, webauthn:virtualAuthenticators: true}
Session ID: f7f0adcc48700b00b0fcc189d99b0fe5
	at org.openqa.selenium.remote.http.W3CHttpResponseCodec.createException(W3CHttpResponseCodec.java:187)
	at org.openqa.selenium.remote.http.W3CHttpResponseCodec.decode(W3CHttpResponseCodec.java:122)
	at org.openqa.selenium.remote.http.W3CHttpResponseCodec.decode(W3CHttpResponseCodec.java:49)
	at org.openqa.selenium.remote.HttpCommandExecutor.execute(HttpCommandExecutor.java:158)
	at org.openqa.selenium.remote.service.DriverCommandExecutor.execute(DriverCommandExecutor.java:83)
	at org.openqa.selenium.remote.RemoteWebDriver.execute(RemoteWebDriver.java:552)
	at com.kms.katalon.selenium.driver.CChromeDriver.execute(CChromeDriver.java:19)
	at org.openqa.selenium.remote.RemoteWebElement.execute(RemoteWebElement.java:285)
	at org.openqa.selenium.remote.RemoteWebElement.click(RemoteWebElement.java:84)
	at org.openqa.selenium.support.events.EventFiringWebDriver$EventFiringWebElement.lambda$new$0(EventFiringWebDriver.java:404)
	at com.sun.proxy.$Proxy11.click(Unknown Source)
	at org.openqa.selenium.support.events.EventFiringWebDriver$EventFiringWebElement.click(EventFiringWebDriver.java:417)
	at org.openqa.selenium.WebElement$click$0.call(Unknown Source)
	at com.kms.katalon.core.webui.keyword.builtin.ClickKeyword.clickUntilSuccessWithTimeout(ClickKeyword.groovy:81)
	at com.kms.katalon.core.webui.keyword.builtin.ClickKeyword.clickUntilSuccessWithTimeout(ClickKeyword.groovy)
	at com.kms.katalon.core.webui.keyword.builtin.ClickKeyword$_click_closure1.doCall(ClickKeyword.groovy:67)
	at com.kms.katalon.core.webui.keyword.builtin.ClickKeyword$_click_closure1.call(ClickKeyword.groovy)
	at com.kms.katalon.core.webui.keyword.internal.WebUIKeywordMain.runKeyword(WebUIKeywordMain.groovy:20)
	... 19 more


2021-12-21 16:34:48 - [TEST_STEP][PASSED] - callTestCase(findTestCase("0.1-Login"), [:], STOP_ON_FAILURE): Call Test Case 'Test Cases/0.1-Login' successfully

2021-12-21 16:34:48 - [TEST_CASE][PASSED] - Test Cases/0.1-Login: Test Cases/0.1-Login

2021-12-21 16:34:48 - [TEST_STEP][PASSED] - openBrowser(""): Browser is opened with url: ''

2021-12-21 16:34:48 - [MESSAGE][WARNING] - A browser is already opened. Closing browser and opening a new one

2021-12-21 16:34:49 - [MESSAGE][INFO] - Starting 'Chrome' driver

2021-12-21 16:34:49 - [MESSAGE][INFO] - Action delay is set to 0 milliseconds

2021-12-21 16:34:50 - [MESSAGE][PASSED] - Browser is opened with url: ''

2021-12-21 16:34:50 - [TEST_STEP][PASSED] - maximizeWindow(): Current window maximized

2021-12-21 16:34:50 - [MESSAGE][PASSED] - Current window maximized

2021-12-21 16:34:50 - [TEST_STEP][PASSED] - i = G_Login: null

2021-12-21 16:34:50 - [TEST_STEP][PASSED] - url = new java.net.URL(i): null

2021-12-21 16:34:50 - [TEST_STEP][PASSED] - println("URL: " + url.toString()): null

2021-12-21 16:34:50 - [TEST_STEP][PASSED] - connection = url.openConnection(): null

2021-12-21 16:34:50 - [TEST_STEP][PASSED] - connection.setRequestMethod("GET"): null

2021-12-21 16:34:50 - [TEST_STEP][PASSED] - connection.setReadTimeout(2 * 1000): null

2021-12-21 16:34:50 - [TEST_STEP][PASSED] - try: null

2021-12-21 16:34:50 - [TEST_STEP][PASSED] - connection.connect(): null

2021-12-21 16:34:50 - [TEST_STEP][PASSED] - flag = connected: null

2021-12-21 16:34:50 - [TEST_STEP][PASSED] - println("Valor_ori: " + flag): null

2021-12-21 16:34:50 - [TEST_STEP][PASSED] - if (flag): null

2021-12-21 16:34:50 - [TEST_STEP][PASSED] - navigateToUrl(i): Navigate to 'http://192.168.2.80:8380/saraweb' successfully

2021-12-21 16:34:51 - [MESSAGE][PASSED] - Navigate to 'http://192.168.2.80:8380/saraweb' successfully

2021-12-21 16:34:51 - [TEST_STEP][PASSED] - a(): null

2021-12-21 16:34:51 - [TEST_STEP][PASSED] - setText(findTestObject("Login/input_USUARIO_loginusuario"), G_Usuario): Text 'saraadmin' is set on object 'Object Repository/Login/input_USUARIO_loginusuario'

2021-12-21 16:34:52 - [MESSAGE][PASSED] - Text 'saraadmin' is set on object 'Object Repository/Login/input_USUARIO_loginusuario'

2021-12-21 16:34:52 - [TEST_STEP][PASSED] - setEncryptedText(findTestObject("Login/input_CLAVE_loginpassword"), "MkG4/TYiCFC3cb2driP7+Q=="): Text ****** has been set on object 'Object Repository/Login/input_CLAVE_loginpassword'

2021-12-21 16:34:52 - [MESSAGE][PASSED] - Text ****** has been set on object 'Object Repository/Login/input_CLAVE_loginpassword'

2021-12-21 16:34:52 - [TEST_STEP][PASSED] - waitForElementClickable(findTestObject("Login/a_Ingresar"), G_TimeOut): Object 'Object Repository/Login/a_Ingresar' is clickable

2021-12-21 16:34:53 - [MESSAGE][PASSED] - Object 'Object Repository/Login/a_Ingresar' is clickable

2021-12-21 16:34:53 - [TEST_STEP][PASSED] - click(findTestObject("Login/a_Ingresar")): Object: 'Object Repository/Login/a_Ingresar' is clicked on

2021-12-21 16:34:55 - [MESSAGE][PASSED] - Object: 'Object Repository/Login/a_Ingresar' is clicked on

2021-12-21 16:34:55 - [TEST_STEP][PASSED] - element = findWebElement(findTestObject("Login/a_Ir"), 30): null

2021-12-21 16:34:56 - [TEST_STEP][PASSED] - executeJavaScript("arguments[0].click()", Arrays.asList(element)): Execute JavaScript 'arguments[0].click()' successfully

2021-12-21 16:34:56 - [MESSAGE][PASSED] - Execute JavaScript 'arguments[0].click()' successfully

2021-12-21 16:34:56 - [MESSAGE][PASSED] - Call Test Case 'Test Cases/0.1-Login' successfully

2021-12-21 16:34:56 - [TEST_STEP][PASSED] - setText(findTestObject("Modulo Pruebas SST/Creación de Grupos de Apoyo/input_ADMINISTRADOR DEL SISTEMA - SARA_form_templatej_idt24_input"), "grupos de apoyo"): Text 'grupos de apoyo' is set on object 'Object Repository/Modulo Pruebas SST/Creación de Grupos de Apoyo/input_ADMINISTRADOR DEL SISTEMA - SARA_form_templatej_idt24_input'

2021-12-21 16:34:57 - [MESSAGE][PASSED] - Text 'grupos de apoyo' is set on object 'Object Repository/Modulo Pruebas SST/Creación de Grupos de Apoyo/input_ADMINISTRADOR DEL SISTEMA - SARA_form_templatej_idt24_input'

2021-12-21 16:34:57 - [TEST_STEP][PASSED] - click(findTestObject("Modulo Pruebas SST/Creación de Grupos de Apoyo/li_Grupos de Apoyo (sst)")): Object: 'Object Repository/Modulo Pruebas SST/Creación de Grupos de Apoyo/li_Grupos de Apoyo (sst)' is clicked on

2021-12-21 16:34:59 - [MESSAGE][PASSED] - Object: 'Object Repository/Modulo Pruebas SST/Creación de Grupos de Apoyo/li_Grupos de Apoyo (sst)' is clicked on

2021-12-21 16:34:59 - [TEST_STEP][PASSED] - setText(findTestObject("Modulo Pruebas SST/Creación de Grupos de Apoyo/input_Descripcin_form_equipoTrabajoSalfiltroGrupoApoyo0"), "Katalon"): Text 'Katalon' is set on object 'Object Repository/Modulo Pruebas SST/Creación de Grupos de Apoyo/input_Descripcin_form_equipoTrabajoSalfiltroGrupoApoyo0'

2021-12-21 16:35:00 - [MESSAGE][PASSED] - Text 'Katalon' is set on object 'Object Repository/Modulo Pruebas SST/Creación de Grupos de Apoyo/input_Descripcin_form_equipoTrabajoSalfiltroGrupoApoyo0'

2021-12-21 16:35:00 - [TEST_STEP][PASSED] - if (waitForElementPresent(findTestObject("Modulo Pruebas SST/Creación de Grupos de Apoyo/td_PRUEBAS KATALON0"), 1)): Object 'Object Repository/Modulo Pruebas SST/Creación de Grupos de Apoyo/td_PRUEBAS KATALON0' is not present after 1 second(s)

2021-12-21 16:35:03 - [MESSAGE][INFO] - Unable to find the element located by 'By.xpath: //*/text()[normalize-space(.)='PRUEBAS KATALON']/parent::*'. Please recheck the objects properties to make sure the desired element is located. 

2021-12-21 16:35:03 - [MESSAGE][WARNING] - Object 'Object Repository/Modulo Pruebas SST/Creación de Grupos de Apoyo/td_PRUEBAS KATALON0' is not present after 1 second(s)

2021-12-21 16:35:03 - [TEST_STEP][PASSED] - click(findTestObject("Modulo Pruebas SST/Creación de Grupos de Apoyo/a_Nuevo")): Object: 'Object Repository/Modulo Pruebas SST/Creación de Grupos de Apoyo/a_Nuevo' is clicked on

2021-12-21 16:35:03 - [MESSAGE][PASSED] - Object: 'Object Repository/Modulo Pruebas SST/Creación de Grupos de Apoyo/a_Nuevo' is clicked on

2021-12-21 16:35:03 - [TEST_STEP][PASSED] - setText(findTestObject("Modulo Pruebas SST/Creación de Grupos de Apoyo/input_Nombre Grupo Apoyo_form_equipoTrabajoSaltabdescripcion"), "PRUEBAS KATALON"): Text 'PRUEBAS KATALON' is set on object 'Object Repository/Modulo Pruebas SST/Creación de Grupos de Apoyo/input_Nombre Grupo Apoyo_form_equipoTrabajoSaltabdescripcion'

2021-12-21 16:35:04 - [MESSAGE][PASSED] - Text 'PRUEBAS KATALON' is set on object 'Object Repository/Modulo Pruebas SST/Creación de Grupos de Apoyo/input_Nombre Grupo Apoyo_form_equipoTrabajoSaltabdescripcion'

2021-12-21 16:35:04 - [TEST_STEP][PASSED] - selectOptionByIndex(findTestObject("Modulo Pruebas SST/Creación de Grupos de Apoyo/select_-- SELECCIONAR --BRIGADA DE PRIMEROS AUXILIOS"), 4): All options with index in [4] are selected on object 'Object Repository/Modulo Pruebas SST/Creación de Grupos de Apoyo/select_-- SELECCIONAR --BRIGADA DE PRIMEROS AUXILIOS'

2021-12-21 16:35:05 - [MESSAGE][PASSED] - All options with index in [4] are selected on object 'Object Repository/Modulo Pruebas SST/Creación de Grupos de Apoyo/select_-- SELECCIONAR --BRIGADA DE PRIMEROS AUXILIOS'

2021-12-21 16:35:05 - [TEST_STEP][PASSED] - selectOptionByIndex(findTestObject("Modulo Pruebas SST/Creación de Grupos de Apoyo/select_SeleccioneSEDE NORTESEDE OCCIDENTESEDE SUR"), 1): All options with index in [1] are selected on object 'Object Repository/Modulo Pruebas SST/Creación de Grupos de Apoyo/select_SeleccioneSEDE NORTESEDE OCCIDENTESEDE SUR'

2021-12-21 16:35:07 - [MESSAGE][PASSED] - All options with index in [1] are selected on object 'Object Repository/Modulo Pruebas SST/Creación de Grupos de Apoyo/select_SeleccioneSEDE NORTESEDE OCCIDENTESEDE SUR'

2021-12-21 16:35:07 - [TEST_STEP][PASSED] - setText(findTestObject("Modulo Pruebas SST/Creación de Grupos de Apoyo/textarea_Objetivo_form_equipoTrabajoSaltabobjetivo"), "null"): Text 'null' is set on object 'Object Repository/Modulo Pruebas SST/Creación de Grupos de Apoyo/textarea_Objetivo_form_equipoTrabajoSaltabobjetivo'

2021-12-21 16:35:07 - [MESSAGE][PASSED] - Text 'null' is set on object 'Object Repository/Modulo Pruebas SST/Creación de Grupos de Apoyo/textarea_Objetivo_form_equipoTrabajoSaltabobjetivo'

2021-12-21 16:35:07 - [TEST_STEP][PASSED] - click(findTestObject("Modulo Pruebas SST/Creación de Grupos de Apoyo/a_Guardar")): Object: 'Object Repository/Modulo Pruebas SST/Creación de Grupos de Apoyo/a_Guardar' is clicked on

2021-12-21 16:35:08 - [MESSAGE][PASSED] - Object: 'Object Repository/Modulo Pruebas SST/Creación de Grupos de Apoyo/a_Guardar' is clicked on

2021-12-21 16:35:08 - [TEST_STEP][PASSED] - click(findTestObject("Modulo Pruebas SST/Creación de Grupos de Apoyo/a_Integrantes")): Object: 'Object Repository/Modulo Pruebas SST/Creación de Grupos de Apoyo/a_Integrantes' is clicked on

2021-12-21 16:35:08 - [MESSAGE][PASSED] - Object: 'Object Repository/Modulo Pruebas SST/Creación de Grupos de Apoyo/a_Integrantes' is clicked on

2021-12-21 16:35:08 - [TEST_STEP][PASSED] - click(findTestObject("Modulo Pruebas SST/Creación de Grupos de Apoyo/a_Nuevo0")): Object: 'Object Repository/Modulo Pruebas SST/Creación de Grupos de Apoyo/a_Nuevo0' is clicked on

2021-12-21 16:35:09 - [MESSAGE][PASSED] - Object: 'Object Repository/Modulo Pruebas SST/Creación de Grupos de Apoyo/a_Nuevo0' is clicked on

2021-12-21 16:35:09 - [TEST_STEP][PASSED] - click(findTestObject("Modulo Pruebas SST/Creación de Grupos de Apoyo/a_Identificacin_form_popupGrupoApoyoIntegrantej_idt217")): Object: 'Object Repository/Modulo Pruebas SST/Creación de Grupos de Apoyo/a_Identificacin_form_popupGrupoApoyoIntegrantej_idt217' is clicked on

2021-12-21 16:35:10 - [MESSAGE][PASSED] - Object: 'Object Repository/Modulo Pruebas SST/Creación de Grupos de Apoyo/a_Identificacin_form_popupGrupoApoyoIntegrantej_idt217' is clicked on

2021-12-21 16:35:10 - [TEST_STEP][PASSED] - setText(findTestObject("Modulo Pruebas SST/Creación de Grupos de Apoyo/input_Filtro Hoja de Vida_formPopupHojaVidaj_idt840"), "Diaz Blanco Guisell"): Text 'Diaz Blanco Guisell' is set on object 'Object Repository/Modulo Pruebas SST/Creación de Grupos de Apoyo/input_Filtro Hoja de Vida_formPopupHojaVidaj_idt840'

2021-12-21 16:35:11 - [MESSAGE][PASSED] - Text 'Diaz Blanco Guisell' is set on object 'Object Repository/Modulo Pruebas SST/Creación de Grupos de Apoyo/input_Filtro Hoja de Vida_formPopupHojaVidaj_idt840'

2021-12-21 16:35:11 - [TEST_STEP][PASSED] - sendKeys(findTestObject("Modulo Pruebas SST/Creación de Grupos de Apoyo/input_Filtro Hoja de Vida_formPopupHojaVidaj_idt840"), Keys.chord(ENTER)): Keys 'ENTER + ' sent to object: 'Object Repository/Modulo Pruebas SST/Creación de Grupos de Apoyo/input_Filtro Hoja de Vida_formPopupHojaVidaj_idt840'

2021-12-21 16:35:12 - [MESSAGE][PASSED] - Keys 'ENTER + ' sent to object: 'Object Repository/Modulo Pruebas SST/Creación de Grupos de Apoyo/input_Filtro Hoja de Vida_formPopupHojaVidaj_idt840'

2021-12-21 16:35:12 - [TEST_STEP][PASSED] - click(findTestObject("Modulo Pruebas SST/Creación de Grupos de Apoyo/span_Diaz Blanco Guisell")): Object: 'Object Repository/Modulo Pruebas SST/Creación de Grupos de Apoyo/span_Diaz Blanco Guisell' is clicked on

2021-12-21 16:35:12 - [MESSAGE][PASSED] - Object: 'Object Repository/Modulo Pruebas SST/Creación de Grupos de Apoyo/span_Diaz Blanco Guisell' is clicked on

2021-12-21 16:35:12 - [TEST_STEP][PASSED] - selectOptionByIndex(findTestObject("Modulo Pruebas SST/Creación de Grupos de Apoyo/select_-- SELECCIONAR --SEDE NORTESEDE OCCIDENTESEDE SUR"), 1): All options with index in [1] are selected on object 'Object Repository/Modulo Pruebas SST/Creación de Grupos de Apoyo/select_-- SELECCIONAR --SEDE NORTESEDE OCCIDENTESEDE SUR'

2021-12-21 16:35:15 - [MESSAGE][PASSED] - All options with index in [1] are selected on object 'Object Repository/Modulo Pruebas SST/Creación de Grupos de Apoyo/select_-- SELECCIONAR --SEDE NORTESEDE OCCIDENTESEDE SUR'

2021-12-21 16:35:15 - [TEST_STEP][PASSED] - selectOptionByIndex(findTestObject("Modulo Pruebas SST/Creación de Grupos de Apoyo/select_-- SELECCIONAR --ADMINISTRADOR SSTBRIGADISTAJEFE DE BRIGADAPRESIDENTEREPRESENTATE DE LOS TRABAJADORESSECRETARIA"), 3): All options with index in [3] are selected on object 'Object Repository/Modulo Pruebas SST/Creación de Grupos de Apoyo/select_-- SELECCIONAR --ADMINISTRADOR SSTBRIGADISTAJEFE DE BRIGADAPRESIDENTEREPRESENTATE DE LOS TRABAJADORESSECRETARIA'

2021-12-21 16:35:17 - [MESSAGE][PASSED] - All options with index in [3] are selected on object 'Object Repository/Modulo Pruebas SST/Creación de Grupos de Apoyo/select_-- SELECCIONAR --ADMINISTRADOR SSTBRIGADISTAJEFE DE BRIGADAPRESIDENTEREPRESENTATE DE LOS TRABAJADORESSECRETARIA'

2021-12-21 16:35:17 - [TEST_STEP][PASSED] - setText(findTestObject("Modulo Pruebas SST/Creación de Grupos de Apoyo/textarea_Detalle Ingreso_form_popupGrupoApoyoIntegranteobjetivo"), "pruebas katalon"): Text 'pruebas katalon' is set on object 'Object Repository/Modulo Pruebas SST/Creación de Grupos de Apoyo/textarea_Detalle Ingreso_form_popupGrupoApoyoIntegranteobjetivo'

2021-12-21 16:35:17 - [MESSAGE][PASSED] - Text 'pruebas katalon' is set on object 'Object Repository/Modulo Pruebas SST/Creación de Grupos de Apoyo/textarea_Detalle Ingreso_form_popupGrupoApoyoIntegranteobjetivo'

2021-12-21 16:35:17 - [TEST_STEP][PASSED] - click(findTestObject("Modulo Pruebas SST/Creación de Grupos de Apoyo/a_Guardar")): Object: 'Object Repository/Modulo Pruebas SST/Creación de Grupos de Apoyo/a_Guardar' is clicked on

2021-12-21 16:35:18 - [MESSAGE][PASSED] - Object: 'Object Repository/Modulo Pruebas SST/Creación de Grupos de Apoyo/a_Guardar' is clicked on

2021-12-21 16:35:18 - [TEST_STEP][PASSED] - click(findTestObject("Modulo Pruebas SST/Creación de Grupos de Apoyo/a_Actividades")): Object: 'Object Repository/Modulo Pruebas SST/Creación de Grupos de Apoyo/a_Actividades' is clicked on

2021-12-21 16:35:18 - [MESSAGE][PASSED] - Object: 'Object Repository/Modulo Pruebas SST/Creación de Grupos de Apoyo/a_Actividades' is clicked on

2021-12-21 16:35:18 - [TEST_STEP][PASSED] - click(findTestObject("Modulo Pruebas SST/Creación de Grupos de Apoyo/a_Nuevo1"), STOP_ON_FAILURE): Object: 'Object Repository/Modulo Pruebas SST/Creación de Grupos de Apoyo/a_Nuevo1' is clicked on

2021-12-21 16:35:19 - [MESSAGE][PASSED] - Object: 'Object Repository/Modulo Pruebas SST/Creación de Grupos de Apoyo/a_Nuevo1' is clicked on

2021-12-21 16:35:19 - [TEST_STEP][PASSED] - click(findTestObject("Modulo Pruebas SST/Creación de Grupos de Apoyo/a_Responsable_form_popupSeguimientotabPopupSeguimientoj_idt276")): Object: 'Object Repository/Modulo Pruebas SST/Creación de Grupos de Apoyo/a_Responsable_form_popupSeguimientotabPopupSeguimientoj_idt276' is clicked on

2021-12-21 16:35:20 - [MESSAGE][PASSED] - Object: 'Object Repository/Modulo Pruebas SST/Creación de Grupos de Apoyo/a_Responsable_form_popupSeguimientotabPopupSeguimientoj_idt276' is clicked on

2021-12-21 16:35:20 - [TEST_STEP][PASSED] - setText(findTestObject("Modulo Pruebas SST/Creación de Grupos de Apoyo/input_Filtro Hoja de Vida_formPopupHojaVidaj_idt8401"), "A A A"): Text 'A A A' is set on object 'Object Repository/Modulo Pruebas SST/Creación de Grupos de Apoyo/input_Filtro Hoja de Vida_formPopupHojaVidaj_idt8401'

2021-12-21 16:35:21 - [MESSAGE][PASSED] - Text 'A A A' is set on object 'Object Repository/Modulo Pruebas SST/Creación de Grupos de Apoyo/input_Filtro Hoja de Vida_formPopupHojaVidaj_idt8401'

2021-12-21 16:35:21 - [TEST_STEP][PASSED] - sendKeys(findTestObject("Modulo Pruebas SST/Creación de Grupos de Apoyo/input_Filtro Hoja de Vida_formPopupHojaVidaj_idt8401"), Keys.chord(ENTER)): Keys 'ENTER + ' sent to object: 'Object Repository/Modulo Pruebas SST/Creación de Grupos de Apoyo/input_Filtro Hoja de Vida_formPopupHojaVidaj_idt8401'

2021-12-21 16:35:22 - [MESSAGE][PASSED] - Keys 'ENTER + ' sent to object: 'Object Repository/Modulo Pruebas SST/Creación de Grupos de Apoyo/input_Filtro Hoja de Vida_formPopupHojaVidaj_idt8401'

2021-12-21 16:35:22 - [TEST_STEP][PASSED] - click(findTestObject("Modulo Pruebas SST/Creación de Grupos de Apoyo/span_A A A")): Object: 'Object Repository/Modulo Pruebas SST/Creación de Grupos de Apoyo/span_A A A' is clicked on

2021-12-21 16:35:22 - [MESSAGE][PASSED] - Object: 'Object Repository/Modulo Pruebas SST/Creación de Grupos de Apoyo/span_A A A' is clicked on

2021-12-21 16:35:22 - [TEST_STEP][PASSED] - selectOptionByIndex(findTestObject("Modulo Pruebas SST/Creación de Grupos de Apoyo/select_ProgramadoCumplidoCancelado"), 0): All options with index in [0] are selected on object 'Object Repository/Modulo Pruebas SST/Creación de Grupos de Apoyo/select_ProgramadoCumplidoCancelado'

2021-12-21 16:35:24 - [MESSAGE][PASSED] - All options with index in [0] are selected on object 'Object Repository/Modulo Pruebas SST/Creación de Grupos de Apoyo/select_ProgramadoCumplidoCancelado'

2021-12-21 16:35:24 - [TEST_STEP][PASSED] - setText(findTestObject("Modulo Pruebas SST/Creación de Grupos de Apoyo/textarea_Objetivo_form_popupSeguimientotabPopupSeguimientoobjetivo"), "pruebas k"): Text 'pruebas k' is set on object 'Object Repository/Modulo Pruebas SST/Creación de Grupos de Apoyo/textarea_Objetivo_form_popupSeguimientotabPopupSeguimientoobjetivo'

2021-12-21 16:35:25 - [MESSAGE][PASSED] - Text 'pruebas k' is set on object 'Object Repository/Modulo Pruebas SST/Creación de Grupos de Apoyo/textarea_Objetivo_form_popupSeguimientotabPopupSeguimientoobjetivo'

2021-12-21 16:35:25 - [TEST_STEP][PASSED] - setText(findTestObject("Modulo Pruebas SST/Creación de Grupos de Apoyo/textarea_Detalle Actividad_form_popupSeguimientotabPopupSeguimientoobservacion"), "pruebas k"): Text 'pruebas k' is set on object 'Object Repository/Modulo Pruebas SST/Creación de Grupos de Apoyo/textarea_Detalle Actividad_form_popupSeguimientotabPopupSeguimientoobservacion'

2021-12-21 16:35:26 - [MESSAGE][PASSED] - Text 'pruebas k' is set on object 'Object Repository/Modulo Pruebas SST/Creación de Grupos de Apoyo/textarea_Detalle Actividad_form_popupSeguimientotabPopupSeguimientoobservacion'

2021-12-21 16:35:26 - [TEST_STEP][PASSED] - setText(findTestObject("Modulo Pruebas SST/Creación de Grupos de Apoyo/textarea_Detalle Cumplimiento_form_popupSeguimientotabPopupSeguimientodetallecump"), "pruebas k"): Text 'pruebas k' is set on object 'Object Repository/Modulo Pruebas SST/Creación de Grupos de Apoyo/textarea_Detalle Cumplimiento_form_popupSeguimientotabPopupSeguimientodetallecump'

2021-12-21 16:35:26 - [MESSAGE][PASSED] - Text 'pruebas k' is set on object 'Object Repository/Modulo Pruebas SST/Creación de Grupos de Apoyo/textarea_Detalle Cumplimiento_form_popupSeguimientotabPopupSeguimientodetallecump'

2021-12-21 16:35:26 - [TEST_STEP][PASSED] - selectOptionByIndex(findTestObject("Modulo Pruebas SST/Creación de Grupos de Apoyo/select_-- SELECCIONAR --Trate de no correr"), 1): All options with index in [1] are selected on object 'Object Repository/Modulo Pruebas SST/Creación de Grupos de Apoyo/select_-- SELECCIONAR --Trate de no correr'

2021-12-21 16:35:27 - [MESSAGE][PASSED] - All options with index in [1] are selected on object 'Object Repository/Modulo Pruebas SST/Creación de Grupos de Apoyo/select_-- SELECCIONAR --Trate de no correr'

2021-12-21 16:35:27 - [TEST_STEP][PASSED] - element = findWebElement(findTestObject("Modulo Pruebas SST/Creación de Grupos de Apoyo/a_Guardar"), 30): null

2021-12-21 16:35:28 - [TEST_STEP][PASSED] - executeJavaScript("arguments[0].click()", Arrays.asList(element)): Execute JavaScript 'arguments[0].click()' successfully

2021-12-21 16:35:28 - [MESSAGE][PASSED] - Execute JavaScript 'arguments[0].click()' successfully

2021-12-21 16:35:28 - [TEST_STEP][PASSED] - click(findTestObject("Modulo Pruebas SST/Creación de Grupos de Apoyo/td_Trate de no correr")): Object: 'Object Repository/Modulo Pruebas SST/Creación de Grupos de Apoyo/td_Trate de no correr' is clicked on

2021-12-21 16:35:29 - [MESSAGE][PASSED] - Object: 'Object Repository/Modulo Pruebas SST/Creación de Grupos de Apoyo/td_Trate de no correr' is clicked on

2021-12-21 16:35:29 - [TEST_STEP][PASSED] - click(findTestObject("Modulo Pruebas SST/Creación de Grupos de Apoyo/a_Asistentes")): Object: 'Object Repository/Modulo Pruebas SST/Creación de Grupos de Apoyo/a_Asistentes' is clicked on

2021-12-21 16:35:30 - [MESSAGE][PASSED] - Object: 'Object Repository/Modulo Pruebas SST/Creación de Grupos de Apoyo/a_Asistentes' is clicked on

2021-12-21 16:35:30 - [TEST_STEP][PASSED] - click(findTestObject("Modulo Pruebas SST/Creación de Grupos de Apoyo/a_Rol_form_popupSeguimientotabPopupSeguimientolistaAsistentesIntegrantesj_idt304")): Object: 'Object Repository/Modulo Pruebas SST/Creación de Grupos de Apoyo/a_Rol_form_popupSeguimientotabPopupSeguimientolistaAsistentesIntegrantesj_idt304' is clicked on

2021-12-21 16:35:31 - [MESSAGE][PASSED] - Object: 'Object Repository/Modulo Pruebas SST/Creación de Grupos de Apoyo/a_Rol_form_popupSeguimientotabPopupSeguimientolistaAsistentesIntegrantesj_idt304' is clicked on

2021-12-21 16:35:31 - [TEST_STEP][PASSED] - setText(findTestObject("Modulo Pruebas SST/Creación de Grupos de Apoyo/input_Filtro Inscritos_form_AsistenteGrupoApoyoPopUpj_idt350"), "guisell"): Text 'guisell' is set on object 'Object Repository/Modulo Pruebas SST/Creación de Grupos de Apoyo/input_Filtro Inscritos_form_AsistenteGrupoApoyoPopUpj_idt350'

2021-12-21 16:35:32 - [MESSAGE][PASSED] - Text 'guisell' is set on object 'Object Repository/Modulo Pruebas SST/Creación de Grupos de Apoyo/input_Filtro Inscritos_form_AsistenteGrupoApoyoPopUpj_idt350'

2021-12-21 16:35:32 - [TEST_STEP][PASSED] - sendKeys(findTestObject("Modulo Pruebas SST/Creación de Grupos de Apoyo/input_Filtro Inscritos_form_AsistenteGrupoApoyoPopUpj_idt350"), Keys.chord(ENTER)): Keys 'ENTER + ' sent to object: 'Object Repository/Modulo Pruebas SST/Creación de Grupos de Apoyo/input_Filtro Inscritos_form_AsistenteGrupoApoyoPopUpj_idt350'

2021-12-21 16:35:34 - [MESSAGE][PASSED] - Keys 'ENTER + ' sent to object: 'Object Repository/Modulo Pruebas SST/Creación de Grupos de Apoyo/input_Filtro Inscritos_form_AsistenteGrupoApoyoPopUpj_idt350'

2021-12-21 16:35:34 - [TEST_STEP][PASSED] - click(findTestObject("Modulo Pruebas SST/Creación de Grupos de Apoyo/span_1057596487")): Object: 'Object Repository/Modulo Pruebas SST/Creación de Grupos de Apoyo/span_1057596487' is clicked on

2021-12-21 16:35:34 - [MESSAGE][PASSED] - Object: 'Object Repository/Modulo Pruebas SST/Creación de Grupos de Apoyo/span_1057596487' is clicked on

2021-12-21 16:35:34 - [TEST_STEP][PASSED] - click(findTestObject("Modulo Pruebas SST/Creación de Grupos de Apoyo/a_Rol_form_popupSeguimientotabPopupSeguimientolistaAsistentesIntegrantesj_idt310")): Object: 'Object Repository/Modulo Pruebas SST/Creación de Grupos de Apoyo/a_Rol_form_popupSeguimientotabPopupSeguimientolistaAsistentesIntegrantesj_idt310' is clicked on

2021-12-21 16:35:35 - [MESSAGE][PASSED] - Object: 'Object Repository/Modulo Pruebas SST/Creación de Grupos de Apoyo/a_Rol_form_popupSeguimientotabPopupSeguimientolistaAsistentesIntegrantesj_idt310' is clicked on

2021-12-21 16:35:35 - [TEST_STEP][PASSED] - click(findTestObject("Modulo Pruebas SST/Creación de Grupos de Apoyo/a_Grupo Actividad")): Object: 'Object Repository/Modulo Pruebas SST/Creación de Grupos de Apoyo/a_Grupo Actividad' is clicked on

2021-12-21 16:35:36 - [MESSAGE][PASSED] - Object: 'Object Repository/Modulo Pruebas SST/Creación de Grupos de Apoyo/a_Grupo Actividad' is clicked on

2021-12-21 16:35:36 - [TEST_STEP][PASSED] - click(findTestObject("Modulo Pruebas SST/Creación de Grupos de Apoyo/span_No se encontr registros_ui-icon ui-icon-closethick")): Object: 'Object Repository/Modulo Pruebas SST/Creación de Grupos de Apoyo/span_No se encontr registros_ui-icon ui-icon-closethick' is clicked on

2021-12-21 16:35:36 - [MESSAGE][PASSED] - Object: 'Object Repository/Modulo Pruebas SST/Creación de Grupos de Apoyo/span_No se encontr registros_ui-icon ui-icon-closethick' is clicked on

2021-12-21 16:35:36 - [TEST_STEP][PASSED] - click(findTestObject("Modulo Pruebas SST/Creación de Grupos de Apoyo/a_Compromisos")): Object: 'Object Repository/Modulo Pruebas SST/Creación de Grupos de Apoyo/a_Compromisos' is clicked on

2021-12-21 16:35:37 - [MESSAGE][PASSED] - Object: 'Object Repository/Modulo Pruebas SST/Creación de Grupos de Apoyo/a_Compromisos' is clicked on

2021-12-21 16:35:37 - [TEST_STEP][PASSED] - click(findTestObject("Modulo Pruebas SST/Creación de Grupos de Apoyo/a_Nuevo3")): Object: 'Object Repository/Modulo Pruebas SST/Creación de Grupos de Apoyo/a_Nuevo3' is clicked on

2021-12-21 16:35:38 - [MESSAGE][PASSED] - Object: 'Object Repository/Modulo Pruebas SST/Creación de Grupos de Apoyo/a_Nuevo3' is clicked on

2021-12-21 16:35:38 - [TEST_STEP][PASSED] - click(findTestObject("Modulo Pruebas SST/Creación de Grupos de Apoyo/a_Responsable_form_popupSeguimientoComj_idt323")): Object: 'Object Repository/Modulo Pruebas SST/Creación de Grupos de Apoyo/a_Responsable_form_popupSeguimientoComj_idt323' is clicked on

2021-12-21 16:35:38 - [MESSAGE][PASSED] - Object: 'Object Repository/Modulo Pruebas SST/Creación de Grupos de Apoyo/a_Responsable_form_popupSeguimientoComj_idt323' is clicked on

2021-12-21 16:35:38 - [TEST_STEP][PASSED] - setText(findTestObject("Modulo Pruebas SST/Creación de Grupos de Apoyo/input_Filtro Hoja de Vida_formPopupHojaVidaj_idt8402"), "guisell"): Text 'guisell' is set on object 'Object Repository/Modulo Pruebas SST/Creación de Grupos de Apoyo/input_Filtro Hoja de Vida_formPopupHojaVidaj_idt8402'

2021-12-21 16:35:40 - [MESSAGE][PASSED] - Text 'guisell' is set on object 'Object Repository/Modulo Pruebas SST/Creación de Grupos de Apoyo/input_Filtro Hoja de Vida_formPopupHojaVidaj_idt8402'

2021-12-21 16:35:40 - [TEST_STEP][PASSED] - sendKeys(findTestObject("Modulo Pruebas SST/Creación de Grupos de Apoyo/input_Filtro Hoja de Vida_formPopupHojaVidaj_idt8402"), Keys.chord(ENTER)): Keys 'ENTER + ' sent to object: 'Object Repository/Modulo Pruebas SST/Creación de Grupos de Apoyo/input_Filtro Hoja de Vida_formPopupHojaVidaj_idt8402'

2021-12-21 16:35:40 - [MESSAGE][PASSED] - Keys 'ENTER + ' sent to object: 'Object Repository/Modulo Pruebas SST/Creación de Grupos de Apoyo/input_Filtro Hoja de Vida_formPopupHojaVidaj_idt8402'

2021-12-21 16:35:40 - [TEST_STEP][PASSED] - click(findTestObject("Modulo Pruebas SST/Creación de Grupos de Apoyo/span_Diaz Blanco Guisell2")): Object: 'Object Repository/Modulo Pruebas SST/Creación de Grupos de Apoyo/span_Diaz Blanco Guisell2' is clicked on

2021-12-21 16:35:41 - [MESSAGE][PASSED] - Object: 'Object Repository/Modulo Pruebas SST/Creación de Grupos de Apoyo/span_Diaz Blanco Guisell2' is clicked on

2021-12-21 16:35:41 - [TEST_STEP][PASSED] - selectOptionByIndex(findTestObject("Modulo Pruebas SST/Creación de Grupos de Apoyo/select_-- SELECCIONAR --Trate de no correr2"), 1): All options with index in [1] are selected on object 'Object Repository/Modulo Pruebas SST/Creación de Grupos de Apoyo/select_-- SELECCIONAR --Trate de no correr2'

2021-12-21 16:35:42 - [MESSAGE][PASSED] - All options with index in [1] are selected on object 'Object Repository/Modulo Pruebas SST/Creación de Grupos de Apoyo/select_-- SELECCIONAR --Trate de no correr2'

2021-12-21 16:35:42 - [TEST_STEP][PASSED] - selectOptionByIndex(findTestObject("Modulo Pruebas SST/Creación de Grupos de Apoyo/select_-- SELECCIONAR --ProgramadoCumplidoCancelado"), 1): All options with index in [1] are selected on object 'Object Repository/Modulo Pruebas SST/Creación de Grupos de Apoyo/select_-- SELECCIONAR --ProgramadoCumplidoCancelado'

2021-12-21 16:35:43 - [MESSAGE][PASSED] - All options with index in [1] are selected on object 'Object Repository/Modulo Pruebas SST/Creación de Grupos de Apoyo/select_-- SELECCIONAR --ProgramadoCumplidoCancelado'

2021-12-21 16:35:43 - [TEST_STEP][PASSED] - setText(findTestObject("Modulo Pruebas SST/Creación de Grupos de Apoyo/textarea_Observacin_form_popupSeguimientoComobservacion"), "pruebas katalon"): Text 'pruebas katalon' is set on object 'Object Repository/Modulo Pruebas SST/Creación de Grupos de Apoyo/textarea_Observacin_form_popupSeguimientoComobservacion'

2021-12-21 16:35:44 - [MESSAGE][PASSED] - Text 'pruebas katalon' is set on object 'Object Repository/Modulo Pruebas SST/Creación de Grupos de Apoyo/textarea_Observacin_form_popupSeguimientoComobservacion'

2021-12-21 16:35:44 - [TEST_STEP][PASSED] - click(findTestObject("Modulo Pruebas SST/Creación de Grupos de Apoyo/a_Guardar")): Object: 'Object Repository/Modulo Pruebas SST/Creación de Grupos de Apoyo/a_Guardar' is clicked on

2021-12-21 16:35:45 - [MESSAGE][PASSED] - Object: 'Object Repository/Modulo Pruebas SST/Creación de Grupos de Apoyo/a_Guardar' is clicked on

2021-12-21 16:35:45 - [TEST_STEP][PASSED] - click(findTestObject("Modulo Pruebas SST/Creación de Grupos de Apoyo/a_Anexos")): Object: 'Object Repository/Modulo Pruebas SST/Creación de Grupos de Apoyo/a_Anexos' is clicked on

2021-12-21 16:35:45 - [MESSAGE][PASSED] - Object: 'Object Repository/Modulo Pruebas SST/Creación de Grupos de Apoyo/a_Anexos' is clicked on

2021-12-21 16:35:45 - [TEST_STEP][PASSED] - click(findTestObject("Modulo Pruebas SST/Creación de Grupos de Apoyo/a_Descargar_form_equipoTrabajoSaltabtablaAnexosj_idt202")): Object: 'Object Repository/Modulo Pruebas SST/Creación de Grupos de Apoyo/a_Descargar_form_equipoTrabajoSaltabtablaAnexosj_idt202' is clicked on

2021-12-21 16:35:46 - [MESSAGE][PASSED] - Object: 'Object Repository/Modulo Pruebas SST/Creación de Grupos de Apoyo/a_Descargar_form_equipoTrabajoSaltabtablaAnexosj_idt202' is clicked on

2021-12-21 16:35:46 - [TEST_STEP][PASSED] - ruta = G_rutaarchivos + "prueba.pdf": null

2021-12-21 16:35:46 - [TEST_STEP][PASSED] - uploadFile(findTestObject("Modulo Pruebas SST/Creación de Grupos de Apoyo/input_Cargar Archivo_popupCargarArchivoForminputFileName_input"), ruta): File 'E:\unionweb14\prueba.pdf' sent to object: 'Object Repository/Modulo Pruebas SST/Creación de Grupos de Apoyo/input_Cargar Archivo_popupCargarArchivoForminputFileName_input'

2021-12-21 16:35:47 - [MESSAGE][PASSED] - File 'E:\unionweb14\prueba.pdf' sent to object: 'Object Repository/Modulo Pruebas SST/Creación de Grupos de Apoyo/input_Cargar Archivo_popupCargarArchivoForminputFileName_input'

2021-12-21 16:35:47 - [TEST_STEP][PASSED] - setText(findTestObject("Modulo Pruebas SST/Creación de Grupos de Apoyo/input_Descargar_form_equipoTrabajoSaltabtablaAnexosfecha_input"), "01/07/2021"): Text '01/07/2021' is set on object 'Object Repository/Modulo Pruebas SST/Creación de Grupos de Apoyo/input_Descargar_form_equipoTrabajoSaltabtablaAnexosfecha_input'

2021-12-21 16:35:48 - [MESSAGE][PASSED] - Text '01/07/2021' is set on object 'Object Repository/Modulo Pruebas SST/Creación de Grupos de Apoyo/input_Descargar_form_equipoTrabajoSaltabtablaAnexosfecha_input'

2021-12-21 16:35:48 - [TEST_STEP][PASSED] - setText(findTestObject("Modulo Pruebas SST/Creación de Grupos de Apoyo/input_Descargar_form_equipoTrabajoSaltabtablaAnexosdescripcionAnexo"), "pruebas k"): Text 'pruebas k' is set on object 'Object Repository/Modulo Pruebas SST/Creación de Grupos de Apoyo/input_Descargar_form_equipoTrabajoSaltabtablaAnexosdescripcionAnexo'

2021-12-21 16:35:49 - [MESSAGE][PASSED] - Text 'pruebas k' is set on object 'Object Repository/Modulo Pruebas SST/Creación de Grupos de Apoyo/input_Descargar_form_equipoTrabajoSaltabtablaAnexosdescripcionAnexo'

2021-12-21 16:35:49 - [TEST_STEP][FAILED] - click(findTestObject("Modulo Pruebas SST/Creación de Grupos de Apoyo/a_Descargar_form_equipoTrabajoSaltabtablaAnexosj_idt209")): Unable to click on object 'Object Repository/Modulo Pruebas SST/Creación de Grupos de Apoyo/a_Descargar_form_equipoTrabajoSaltabtablaAnexosj_idt209' (Root cause: com.kms.katalon.core.exception.StepFailedException: Unable to click on object 'Object Repository/Modulo Pruebas SST/Creación de Grupos de Apoyo/a_Descargar_form_equipoTrabajoSaltabtablaAnexosj_idt209'
	at com.kms.katalon.core.webui.keyword.internal.WebUIKeywordMain.stepFailed(WebUIKeywordMain.groovy:64)
	at com.kms.katalon.core.webui.keyword.internal.WebUIKeywordMain.runKeyword(WebUIKeywordMain.groovy:26)
	at com.kms.katalon.core.webui.keyword.builtin.ClickKeyword.click(ClickKeyword.groovy:74)
	at com.kms.katalon.core.webui.keyword.builtin.ClickKeyword.execute(ClickKeyword.groovy:40)
	at com.kms.katalon.core.keyword.internal.KeywordExecutor.executeKeywordForPlatform(KeywordExecutor.groovy:74)
	at com.kms.katalon.core.webui.keyword.WebUiBuiltInKeywords.click(WebUiBuiltInKeywords.groovy:620)
	at com.kms.katalon.core.webui.keyword.WebUiBuiltInKeywords$click$5.call(Unknown Source)
	at 5.1.9-Creación_de_Grupos_de_Apoyo.run(5.1.9-Creación_de_Grupos_de_Apoyo:231)
	at com.kms.katalon.core.main.ScriptEngine.run(ScriptEngine.java:194)
	at com.kms.katalon.core.main.ScriptEngine.runScriptAsRawText(ScriptEngine.java:119)
	at com.kms.katalon.core.main.TestCaseExecutor.runScript(TestCaseExecutor.java:442)
	at com.kms.katalon.core.main.TestCaseExecutor.doExecute(TestCaseExecutor.java:433)
	at com.kms.katalon.core.main.TestCaseExecutor.processExecutionPhase(TestCaseExecutor.java:412)
	at com.kms.katalon.core.main.TestCaseExecutor.accessMainPhase(TestCaseExecutor.java:404)
	at com.kms.katalon.core.main.TestCaseExecutor.execute(TestCaseExecutor.java:281)
	at com.kms.katalon.core.main.TestSuiteExecutor.accessTestCaseMainPhase(TestSuiteExecutor.java:202)
	at com.kms.katalon.core.main.TestSuiteExecutor.accessTestSuiteMainPhase(TestSuiteExecutor.java:164)
	at com.kms.katalon.core.main.TestSuiteExecutor.execute(TestSuiteExecutor.java:105)
	at com.kms.katalon.core.main.TestCaseMain.startTestSuite(TestCaseMain.java:181)
	at com.kms.katalon.core.main.TestCaseMain$startTestSuite$0.call(Unknown Source)
	at TempTestSuite1640121193910.run(TempTestSuite1640121193910.groovy:36)
Caused by: org.openqa.selenium.ElementClickInterceptedException: element click intercepted: Element <a id="form_equipoTrabajoSal:tab:tablaAnexos:j_idt209" href="#" class="ui-commandlink ui-widget btn-miniadicionar" onclick="PrimeFaces.ab({s:&quot;form_equipoTrabajoSal:tab:tablaAnexos:j_idt209&quot;,f:&quot;form_equipoTrabajoSal&quot;,u:&quot;areaAplicacion&quot;});return false;"></a> is not clickable at point (1271, 310). Other element would receive the click: <div id="popupCargarArchivoForm:j_idt850_modal" class="ui-widget-overlay ui-dialog-mask" style="z-index: 1038;"></div>
  (Session info: chrome=96.0.4664.110)
Build info: version: '3.141.59', revision: 'e82be7d358', time: '2018-11-14T08:25:53'
System info: host: 'US-AF-000371', ip: '192.168.56.1', os.name: 'Windows 10', os.arch: 'amd64', os.version: '10.0', java.version: '1.8.0_282'
Driver info: com.kms.katalon.selenium.driver.CChromeDriver
Capabilities {acceptInsecureCerts: false, browserName: chrome, browserVersion: 96.0.4664.110, chrome: {chromedriverVersion: 95.0.4638.17 (a9d0719444d4b..., userDataDir: C:\Users\DIEGO~1.ROJ\AppDat...}, goog:chromeOptions: {debuggerAddress: localhost:60740}, javascriptEnabled: true, networkConnectionEnabled: false, pageLoadStrategy: normal, platform: WINDOWS, platformName: WINDOWS, proxy: Proxy(), setWindowRect: true, strictFileInteractability: false, timeouts: {implicit: 0, pageLoad: 300000, script: 30000}, unhandledPromptBehavior: dismiss and notify, webauthn:extension:credBlob: true, webauthn:extension:largeBlob: true, webauthn:virtualAuthenticators: true}
Session ID: f7f0adcc48700b00b0fcc189d99b0fe5
	at org.openqa.selenium.remote.http.W3CHttpResponseCodec.createException(W3CHttpResponseCodec.java:187)
	at org.openqa.selenium.remote.http.W3CHttpResponseCodec.decode(W3CHttpResponseCodec.java:122)
	at org.openqa.selenium.remote.http.W3CHttpResponseCodec.decode(W3CHttpResponseCodec.java:49)
	at org.openqa.selenium.remote.HttpCommandExecutor.execute(HttpCommandExecutor.java:158)
	at org.openqa.selenium.remote.service.DriverCommandExecutor.execute(DriverCommandExecutor.java:83)
	at org.openqa.selenium.remote.RemoteWebDriver.execute(RemoteWebDriver.java:552)
	at com.kms.katalon.selenium.driver.CChromeDriver.execute(CChromeDriver.java:19)
	at org.openqa.selenium.remote.RemoteWebElement.execute(RemoteWebElement.java:285)
	at org.openqa.selenium.remote.RemoteWebElement.click(RemoteWebElement.java:84)
	at org.openqa.selenium.support.events.EventFiringWebDriver$EventFiringWebElement.lambda$new$0(EventFiringWebDriver.java:404)
	at com.sun.proxy.$Proxy11.click(Unknown Source)
	at org.openqa.selenium.support.events.EventFiringWebDriver$EventFiringWebElement.click(EventFiringWebDriver.java:417)
	at org.openqa.selenium.WebElement$click$0.call(Unknown Source)
	at com.kms.katalon.core.webui.keyword.builtin.ClickKeyword.clickUntilSuccessWithTimeout(ClickKeyword.groovy:81)
	at com.kms.katalon.core.webui.keyword.builtin.ClickKeyword.clickUntilSuccessWithTimeout(ClickKeyword.groovy)
	at com.kms.katalon.core.webui.keyword.builtin.ClickKeyword$_click_closure1.doCall(ClickKeyword.groovy:67)
	at com.kms.katalon.core.webui.keyword.builtin.ClickKeyword$_click_closure1.call(ClickKeyword.groovy)
	at com.kms.katalon.core.webui.keyword.internal.WebUIKeywordMain.runKeyword(WebUIKeywordMain.groovy:20)
	at com.kms.katalon.core.webui.keyword.builtin.ClickKeyword.click(ClickKeyword.groovy:74)
	at com.kms.katalon.core.webui.keyword.builtin.ClickKeyword.execute(ClickKeyword.groovy:40)
	at com.kms.katalon.core.keyword.internal.KeywordExecutor.executeKeywordForPlatform(KeywordExecutor.groovy:74)
	at com.kms.katalon.core.webui.keyword.WebUiBuiltInKeywords.click(WebUiBuiltInKeywords.groovy:620)
	at com.kms.katalon.core.webui.keyword.WebUiBuiltInKeywords$click$5.call(Unknown Source)
	at Script1639319449028.run(Script1639319449028.groovy:231)
	... 13 more
)

2021-12-21 16:36:22 - [MESSAGE][FAILED] - Unable to click on object 'Object Repository/Modulo Pruebas SST/Creación de Grupos de Apoyo/a_Descargar_form_equipoTrabajoSaltabtablaAnexosj_idt209' (Root cause: com.kms.katalon.core.exception.StepFailedException: Unable to click on object 'Object Repository/Modulo Pruebas SST/Creación de Grupos de Apoyo/a_Descargar_form_equipoTrabajoSaltabtablaAnexosj_idt209'
	at com.kms.katalon.core.webui.keyword.internal.WebUIKeywordMain.stepFailed(WebUIKeywordMain.groovy:64)
	at com.kms.katalon.core.webui.keyword.internal.WebUIKeywordMain.runKeyword(WebUIKeywordMain.groovy:26)
	at com.kms.katalon.core.webui.keyword.builtin.ClickKeyword.click(ClickKeyword.groovy:74)
	at com.kms.katalon.core.webui.keyword.builtin.ClickKeyword.execute(ClickKeyword.groovy:40)
	at com.kms.katalon.core.keyword.internal.KeywordExecutor.executeKeywordForPlatform(KeywordExecutor.groovy:74)
	at com.kms.katalon.core.webui.keyword.WebUiBuiltInKeywords.click(WebUiBuiltInKeywords.groovy:620)
	at com.kms.katalon.core.webui.keyword.WebUiBuiltInKeywords$click$5.call(Unknown Source)
	at 5.1.9-Creación_de_Grupos_de_Apoyo.run(5.1.9-Creación_de_Grupos_de_Apoyo:231)
	at com.kms.katalon.core.main.ScriptEngine.run(ScriptEngine.java:194)
	at com.kms.katalon.core.main.ScriptEngine.runScriptAsRawText(ScriptEngine.java:119)
	at com.kms.katalon.core.main.TestCaseExecutor.runScript(TestCaseExecutor.java:442)
	at com.kms.katalon.core.main.TestCaseExecutor.doExecute(TestCaseExecutor.java:433)
	at com.kms.katalon.core.main.TestCaseExecutor.processExecutionPhase(TestCaseExecutor.java:412)
	at com.kms.katalon.core.main.TestCaseExecutor.accessMainPhase(TestCaseExecutor.java:404)
	at com.kms.katalon.core.main.TestCaseExecutor.execute(TestCaseExecutor.java:281)
	at com.kms.katalon.core.main.TestSuiteExecutor.accessTestCaseMainPhase(TestSuiteExecutor.java:202)
	at com.kms.katalon.core.main.TestSuiteExecutor.accessTestSuiteMainPhase(TestSuiteExecutor.java:164)
	at com.kms.katalon.core.main.TestSuiteExecutor.execute(TestSuiteExecutor.java:105)
	at com.kms.katalon.core.main.TestCaseMain.startTestSuite(TestCaseMain.java:181)
	at com.kms.katalon.core.main.TestCaseMain$startTestSuite$0.call(Unknown Source)
	at TempTestSuite1640121193910.run(TempTestSuite1640121193910.groovy:36)
Caused by: org.openqa.selenium.ElementClickInterceptedException: element click intercepted: Element <a id="form_equipoTrabajoSal:tab:tablaAnexos:j_idt209" href="#" class="ui-commandlink ui-widget btn-miniadicionar" onclick="PrimeFaces.ab({s:&quot;form_equipoTrabajoSal:tab:tablaAnexos:j_idt209&quot;,f:&quot;form_equipoTrabajoSal&quot;,u:&quot;areaAplicacion&quot;});return false;"></a> is not clickable at point (1271, 310). Other element would receive the click: <div id="popupCargarArchivoForm:j_idt850_modal" class="ui-widget-overlay ui-dialog-mask" style="z-index: 1038;"></div>
  (Session info: chrome=96.0.4664.110)
Build info: version: '3.141.59', revision: 'e82be7d358', time: '2018-11-14T08:25:53'
System info: host: 'US-AF-000371', ip: '192.168.56.1', os.name: 'Windows 10', os.arch: 'amd64', os.version: '10.0', java.version: '1.8.0_282'
Driver info: com.kms.katalon.selenium.driver.CChromeDriver
Capabilities {acceptInsecureCerts: false, browserName: chrome, browserVersion: 96.0.4664.110, chrome: {chromedriverVersion: 95.0.4638.17 (a9d0719444d4b..., userDataDir: C:\Users\DIEGO~1.ROJ\AppDat...}, goog:chromeOptions: {debuggerAddress: localhost:60740}, javascriptEnabled: true, networkConnectionEnabled: false, pageLoadStrategy: normal, platform: WINDOWS, platformName: WINDOWS, proxy: Proxy(), setWindowRect: true, strictFileInteractability: false, timeouts: {implicit: 0, pageLoad: 300000, script: 30000}, unhandledPromptBehavior: dismiss and notify, webauthn:extension:credBlob: true, webauthn:extension:largeBlob: true, webauthn:virtualAuthenticators: true}
Session ID: f7f0adcc48700b00b0fcc189d99b0fe5
	at org.openqa.selenium.remote.http.W3CHttpResponseCodec.createException(W3CHttpResponseCodec.java:187)
	at org.openqa.selenium.remote.http.W3CHttpResponseCodec.decode(W3CHttpResponseCodec.java:122)
	at org.openqa.selenium.remote.http.W3CHttpResponseCodec.decode(W3CHttpResponseCodec.java:49)
	at org.openqa.selenium.remote.HttpCommandExecutor.execute(HttpCommandExecutor.java:158)
	at org.openqa.selenium.remote.service.DriverCommandExecutor.execute(DriverCommandExecutor.java:83)
	at org.openqa.selenium.remote.RemoteWebDriver.execute(RemoteWebDriver.java:552)
	at com.kms.katalon.selenium.driver.CChromeDriver.execute(CChromeDriver.java:19)
	at org.openqa.selenium.remote.RemoteWebElement.execute(RemoteWebElement.java:285)
	at org.openqa.selenium.remote.RemoteWebElement.click(RemoteWebElement.java:84)
	at org.openqa.selenium.support.events.EventFiringWebDriver$EventFiringWebElement.lambda$new$0(EventFiringWebDriver.java:404)
	at com.sun.proxy.$Proxy11.click(Unknown Source)
	at org.openqa.selenium.support.events.EventFiringWebDriver$EventFiringWebElement.click(EventFiringWebDriver.java:417)
	at org.openqa.selenium.WebElement$click$0.call(Unknown Source)
	at com.kms.katalon.core.webui.keyword.builtin.ClickKeyword.clickUntilSuccessWithTimeout(ClickKeyword.groovy:81)
	at com.kms.katalon.core.webui.keyword.builtin.ClickKeyword.clickUntilSuccessWithTimeout(ClickKeyword.groovy)
	at com.kms.katalon.core.webui.keyword.builtin.ClickKeyword$_click_closure1.doCall(ClickKeyword.groovy:67)
	at com.kms.katalon.core.webui.keyword.builtin.ClickKeyword$_click_closure1.call(ClickKeyword.groovy)
	at com.kms.katalon.core.webui.keyword.internal.WebUIKeywordMain.runKeyword(WebUIKeywordMain.groovy:20)
	at com.kms.katalon.core.webui.keyword.builtin.ClickKeyword.click(ClickKeyword.groovy:74)
	at com.kms.katalon.core.webui.keyword.builtin.ClickKeyword.execute(ClickKeyword.groovy:40)
	at com.kms.katalon.core.keyword.internal.KeywordExecutor.executeKeywordForPlatform(KeywordExecutor.groovy:74)
	at com.kms.katalon.core.webui.keyword.WebUiBuiltInKeywords.click(WebUiBuiltInKeywords.groovy:620)
	at com.kms.katalon.core.webui.keyword.WebUiBuiltInKeywords$click$5.call(Unknown Source)
	at Script1639319449028.run(Script1639319449028.groovy:231)
	... 13 more
)
[[ATTACHMENT|C:\\Users\\diego.rojas\\git\\Pruebas-Minimas\\Reports\\20211221_161251\\5-Pruebas SST\\20211221_161313\\1640122582494.png]]]]></system-out>
         <system-err><![CDATA[2021-12-21 16:34:48 - [TEST_CASE][FAILED] - Test Cases/5.1-Pruebas_SST/5.1.9-Creación_de_Grupos_de_Apoyo: Test Cases/5.1-Pruebas_SST/5.1.9-Creación_de_Grupos_de_Apoyo FAILED.
Reason:
com.kms.katalon.core.exception.StepFailedException: Unable to click on object 'Object Repository/Modulo Pruebas SST/Creación de Grupos de Apoyo/a_Descargar_form_equipoTrabajoSaltabtablaAnexosj_idt209'
	at com.kms.katalon.core.webui.keyword.internal.WebUIKeywordMain.stepFailed(WebUIKeywordMain.groovy:64)
	at com.kms.katalon.core.webui.keyword.internal.WebUIKeywordMain.runKeyword(WebUIKeywordMain.groovy:26)
	at com.kms.katalon.core.webui.keyword.builtin.ClickKeyword.click(ClickKeyword.groovy:74)
	at com.kms.katalon.core.webui.keyword.builtin.ClickKeyword.execute(ClickKeyword.groovy:40)
	at com.kms.katalon.core.keyword.internal.KeywordExecutor.executeKeywordForPlatform(KeywordExecutor.groovy:74)
	at com.kms.katalon.core.webui.keyword.WebUiBuiltInKeywords.click(WebUiBuiltInKeywords.groovy:620)
	at com.kms.katalon.core.webui.keyword.WebUiBuiltInKeywords$click$5.call(Unknown Source)
	at 5.1.9-Creación_de_Grupos_de_Apoyo.run(5.1.9-Creación_de_Grupos_de_Apoyo:231)
	at com.kms.katalon.core.main.ScriptEngine.run(ScriptEngine.java:194)
	at com.kms.katalon.core.main.ScriptEngine.runScriptAsRawText(ScriptEngine.java:119)
	at com.kms.katalon.core.main.TestCaseExecutor.runScript(TestCaseExecutor.java:442)
	at com.kms.katalon.core.main.TestCaseExecutor.doExecute(TestCaseExecutor.java:433)
	at com.kms.katalon.core.main.TestCaseExecutor.processExecutionPhase(TestCaseExecutor.java:412)
	at com.kms.katalon.core.main.TestCaseExecutor.accessMainPhase(TestCaseExecutor.java:404)
	at com.kms.katalon.core.main.TestCaseExecutor.execute(TestCaseExecutor.java:281)
	at com.kms.katalon.core.main.TestSuiteExecutor.accessTestCaseMainPhase(TestSuiteExecutor.java:202)
	at com.kms.katalon.core.main.TestSuiteExecutor.accessTestSuiteMainPhase(TestSuiteExecutor.java:164)
	at com.kms.katalon.core.main.TestSuiteExecutor.execute(TestSuiteExecutor.java:105)
	at com.kms.katalon.core.main.TestCaseMain.startTestSuite(TestCaseMain.java:181)
	at com.kms.katalon.core.main.TestCaseMain$startTestSuite$0.call(Unknown Source)
	at TempTestSuite1640121193910.run(TempTestSuite1640121193910.groovy:36)
Caused by: org.openqa.selenium.ElementClickInterceptedException: element click intercepted: Element <a id="form_equipoTrabajoSal:tab:tablaAnexos:j_idt209" href="#" class="ui-commandlink ui-widget btn-miniadicionar" onclick="PrimeFaces.ab({s:&quot;form_equipoTrabajoSal:tab:tablaAnexos:j_idt209&quot;,f:&quot;form_equipoTrabajoSal&quot;,u:&quot;areaAplicacion&quot;});return false;"></a> is not clickable at point (1271, 310). Other element would receive the click: <div id="popupCargarArchivoForm:j_idt850_modal" class="ui-widget-overlay ui-dialog-mask" style="z-index: 1038;"></div>
  (Session info: chrome=96.0.4664.110)
Build info: version: '3.141.59', revision: 'e82be7d358', time: '2018-11-14T08:25:53'
System info: host: 'US-AF-000371', ip: '192.168.56.1', os.name: 'Windows 10', os.arch: 'amd64', os.version: '10.0', java.version: '1.8.0_282'
Driver info: com.kms.katalon.selenium.driver.CChromeDriver
Capabilities {acceptInsecureCerts: false, browserName: chrome, browserVersion: 96.0.4664.110, chrome: {chromedriverVersion: 95.0.4638.17 (a9d0719444d4b..., userDataDir: C:\Users\DIEGO~1.ROJ\AppDat...}, goog:chromeOptions: {debuggerAddress: localhost:60740}, javascriptEnabled: true, networkConnectionEnabled: false, pageLoadStrategy: normal, platform: WINDOWS, platformName: WINDOWS, proxy: Proxy(), setWindowRect: true, strictFileInteractability: false, timeouts: {implicit: 0, pageLoad: 300000, script: 30000}, unhandledPromptBehavior: dismiss and notify, webauthn:extension:credBlob: true, webauthn:extension:largeBlob: true, webauthn:virtualAuthenticators: true}
Session ID: f7f0adcc48700b00b0fcc189d99b0fe5
	at org.openqa.selenium.remote.http.W3CHttpResponseCodec.createException(W3CHttpResponseCodec.java:187)
	at org.openqa.selenium.remote.http.W3CHttpResponseCodec.decode(W3CHttpResponseCodec.java:122)
	at org.openqa.selenium.remote.http.W3CHttpResponseCodec.decode(W3CHttpResponseCodec.java:49)
	at org.openqa.selenium.remote.HttpCommandExecutor.execute(HttpCommandExecutor.java:158)
	at org.openqa.selenium.remote.service.DriverCommandExecutor.execute(DriverCommandExecutor.java:83)
	at org.openqa.selenium.remote.RemoteWebDriver.execute(RemoteWebDriver.java:552)
	at com.kms.katalon.selenium.driver.CChromeDriver.execute(CChromeDriver.java:19)
	at org.openqa.selenium.remote.RemoteWebElement.execute(RemoteWebElement.java:285)
	at org.openqa.selenium.remote.RemoteWebElement.click(RemoteWebElement.java:84)
	at org.openqa.selenium.support.events.EventFiringWebDriver$EventFiringWebElement.lambda$new$0(EventFiringWebDriver.java:404)
	at com.sun.proxy.$Proxy11.click(Unknown Source)
	at org.openqa.selenium.support.events.EventFiringWebDriver$EventFiringWebElement.click(EventFiringWebDriver.java:417)
	at org.openqa.selenium.WebElement$click$0.call(Unknown Source)
	at com.kms.katalon.core.webui.keyword.builtin.ClickKeyword.clickUntilSuccessWithTimeout(ClickKeyword.groovy:81)
	at com.kms.katalon.core.webui.keyword.builtin.ClickKeyword.clickUntilSuccessWithTimeout(ClickKeyword.groovy)
	at com.kms.katalon.core.webui.keyword.builtin.ClickKeyword$_click_closure1.doCall(ClickKeyword.groovy:67)
	at com.kms.katalon.core.webui.keyword.builtin.ClickKeyword$_click_closure1.call(ClickKeyword.groovy)
	at com.kms.katalon.core.webui.keyword.internal.WebUIKeywordMain.runKeyword(WebUIKeywordMain.groovy:20)
	... 19 more]]></system-err>
      </testcase>
      <system-out><![CDATA[2021-12-21 16:26:04 - [TEST_SUITE][FAILED] - 5-Pruebas SST: Test Cases/5.1-Pruebas_SST/5.1.1-Reporte_de_accidente_de_trabajo FAILED.
Reason:
com.kms.katalon.core.exception.StepFailedException: Unable to click on object 'Object Repository/Modulo Pruebas SST/Reporte_de_accidente_de_trabajo/a_Accidente'
	at com.kms.katalon.core.webui.keyword.internal.WebUIKeywordMain.stepFailed(WebUIKeywordMain.groovy:64)
	at com.kms.katalon.core.webui.keyword.internal.WebUIKeywordMain.runKeyword(WebUIKeywordMain.groovy:26)
	at com.kms.katalon.core.webui.keyword.builtin.ClickKeyword.click(ClickKeyword.groovy:74)
	at com.kms.katalon.core.webui.keyword.builtin.ClickKeyword.execute(ClickKeyword.groovy:40)
	at com.kms.katalon.core.keyword.internal.KeywordExecutor.executeKeywordForPlatform(KeywordExecutor.groovy:74)
	at com.kms.katalon.core.webui.keyword.WebUiBuiltInKeywords.click(WebUiBuiltInKeywords.groovy:620)
	at com.kms.katalon.core.webui.keyword.WebUiBuiltInKeywords$click$5.call(Unknown Source)
	at 5.1.1-Reporte_de_accidente_de_trabajo.run(5.1.1-Reporte_de_accidente_de_trabajo:62)
	at com.kms.katalon.core.main.ScriptEngine.run(ScriptEngine.java:194)
	at com.kms.katalon.core.main.ScriptEngine.runScriptAsRawText(ScriptEngine.java:119)
	at com.kms.katalon.core.main.TestCaseExecutor.runScript(TestCaseExecutor.java:442)
	at com.kms.katalon.core.main.TestCaseExecutor.doExecute(TestCaseExecutor.java:433)
	at com.kms.katalon.core.main.TestCaseExecutor.processExecutionPhase(TestCaseExecutor.java:412)
	at com.kms.katalon.core.main.TestCaseExecutor.accessMainPhase(TestCaseExecutor.java:404)
	at com.kms.katalon.core.main.TestCaseExecutor.execute(TestCaseExecutor.java:281)
	at com.kms.katalon.core.main.TestSuiteExecutor.accessTestCaseMainPhase(TestSuiteExecutor.java:202)
	at com.kms.katalon.core.main.TestSuiteExecutor.accessTestSuiteMainPhase(TestSuiteExecutor.java:164)
	at com.kms.katalon.core.main.TestSuiteExecutor.execute(TestSuiteExecutor.java:105)
	at com.kms.katalon.core.main.TestCaseMain.startTestSuite(TestCaseMain.java:181)
	at com.kms.katalon.core.main.TestCaseMain$startTestSuite$0.call(Unknown Source)
	at TempTestSuite1640121193910.run(TempTestSuite1640121193910.groovy:36)
Caused by: org.openqa.selenium.ElementClickInterceptedException: element click intercepted: Element <a id="form_menuAccidentado:j_idt1625:j_idt1627:j_idt1633" href="#" class="ui-commandlink ui-widget" onclick="PrimeFaces.ab({s:&quot;form_menuAccidentado:j_idt1625:j_idt1627:j_idt1633&quot;,f:&quot;form_menuAccidentado&quot;,u:&quot;areaAplicacion&quot;,onco:function(xhr,status,args,data){;}});return false;" style="display: inline-block;">...</a> is not clickable at point (126, 182). Other element would receive the click: <div id="popupErrorDialog:dialog_popupFoto_modal" class="ui-widget-overlay ui-dialog-mask" style="z-index: 1000;"></div>
  (Session info: chrome=96.0.4664.110)
Build info: version: '3.141.59', revision: 'e82be7d358', time: '2018-11-14T08:25:53'
System info: host: 'US-AF-000371', ip: '192.168.56.1', os.name: 'Windows 10', os.arch: 'amd64', os.version: '10.0', java.version: '1.8.0_282'
Driver info: com.kms.katalon.selenium.driver.CChromeDriver
Capabilities {acceptInsecureCerts: false, browserName: chrome, browserVersion: 96.0.4664.110, chrome: {chromedriverVersion: 95.0.4638.17 (a9d0719444d4b..., userDataDir: C:\Users\DIEGO~1.ROJ\AppDat...}, goog:chromeOptions: {debuggerAddress: localhost:60353}, javascriptEnabled: true, networkConnectionEnabled: false, pageLoadStrategy: normal, platform: WINDOWS, platformName: WINDOWS, proxy: Proxy(), setWindowRect: true, strictFileInteractability: false, timeouts: {implicit: 0, pageLoad: 300000, script: 30000}, unhandledPromptBehavior: dismiss and notify, webauthn:extension:credBlob: true, webauthn:extension:largeBlob: true, webauthn:virtualAuthenticators: true}
Session ID: 8013ea6d484d8810c918c6b4547b1b79
	at org.openqa.selenium.remote.http.W3CHttpResponseCodec.createException(W3CHttpResponseCodec.java:187)
	at org.openqa.selenium.remote.http.W3CHttpResponseCodec.decode(W3CHttpResponseCodec.java:122)
	at org.openqa.selenium.remote.http.W3CHttpResponseCodec.decode(W3CHttpResponseCodec.java:49)
	at org.openqa.selenium.remote.HttpCommandExecutor.execute(HttpCommandExecutor.java:158)
	at org.openqa.selenium.remote.service.DriverCommandExecutor.execute(DriverCommandExecutor.java:83)
	at org.openqa.selenium.remote.RemoteWebDriver.execute(RemoteWebDriver.java:552)
	at com.kms.katalon.selenium.driver.CChromeDriver.execute(CChromeDriver.java:19)
	at org.openqa.selenium.remote.RemoteWebElement.execute(RemoteWebElement.java:285)
	at org.openqa.selenium.remote.RemoteWebElement.click(RemoteWebElement.java:84)
	at org.openqa.selenium.support.events.EventFiringWebDriver$EventFiringWebElement.lambda$new$0(EventFiringWebDriver.java:404)
	at com.sun.proxy.$Proxy11.click(Unknown Source)
	at org.openqa.selenium.support.events.EventFiringWebDriver$EventFiringWebElement.click(EventFiringWebDriver.java:417)
	at org.openqa.selenium.WebElement$click$0.call(Unknown Source)
	at com.kms.katalon.core.webui.keyword.builtin.ClickKeyword.clickUntilSuccessWithTimeout(ClickKeyword.groovy:81)
	at com.kms.katalon.core.webui.keyword.builtin.ClickKeyword.clickUntilSuccessWithTimeout(ClickKeyword.groovy)
	at com.kms.katalon.core.webui.keyword.builtin.ClickKeyword$_click_closure1.doCall(ClickKeyword.groovy:67)
	at com.kms.katalon.core.webui.keyword.builtin.ClickKeyword$_click_closure1.call(ClickKeyword.groovy)
	at com.kms.katalon.core.webui.keyword.internal.WebUIKeywordMain.runKeyword(WebUIKeywordMain.groovy:20)
	... 19 more]]></system-out>
      <system-err><![CDATA[2021-12-21 16:26:04 - [TEST_SUITE][FAILED] - 5-Pruebas SST: Test Cases/5.1-Pruebas_SST/5.1.1-Reporte_de_accidente_de_trabajo FAILED.
Reason:
com.kms.katalon.core.exception.StepFailedException: Unable to click on object 'Object Repository/Modulo Pruebas SST/Reporte_de_accidente_de_trabajo/a_Accidente'
	at com.kms.katalon.core.webui.keyword.internal.WebUIKeywordMain.stepFailed(WebUIKeywordMain.groovy:64)
	at com.kms.katalon.core.webui.keyword.internal.WebUIKeywordMain.runKeyword(WebUIKeywordMain.groovy:26)
	at com.kms.katalon.core.webui.keyword.builtin.ClickKeyword.click(ClickKeyword.groovy:74)
	at com.kms.katalon.core.webui.keyword.builtin.ClickKeyword.execute(ClickKeyword.groovy:40)
	at com.kms.katalon.core.keyword.internal.KeywordExecutor.executeKeywordForPlatform(KeywordExecutor.groovy:74)
	at com.kms.katalon.core.webui.keyword.WebUiBuiltInKeywords.click(WebUiBuiltInKeywords.groovy:620)
	at com.kms.katalon.core.webui.keyword.WebUiBuiltInKeywords$click$5.call(Unknown Source)
	at 5.1.1-Reporte_de_accidente_de_trabajo.run(5.1.1-Reporte_de_accidente_de_trabajo:62)
	at com.kms.katalon.core.main.ScriptEngine.run(ScriptEngine.java:194)
	at com.kms.katalon.core.main.ScriptEngine.runScriptAsRawText(ScriptEngine.java:119)
	at com.kms.katalon.core.main.TestCaseExecutor.runScript(TestCaseExecutor.java:442)
	at com.kms.katalon.core.main.TestCaseExecutor.doExecute(TestCaseExecutor.java:433)
	at com.kms.katalon.core.main.TestCaseExecutor.processExecutionPhase(TestCaseExecutor.java:412)
	at com.kms.katalon.core.main.TestCaseExecutor.accessMainPhase(TestCaseExecutor.java:404)
	at com.kms.katalon.core.main.TestCaseExecutor.execute(TestCaseExecutor.java:281)
	at com.kms.katalon.core.main.TestSuiteExecutor.accessTestCaseMainPhase(TestSuiteExecutor.java:202)
	at com.kms.katalon.core.main.TestSuiteExecutor.accessTestSuiteMainPhase(TestSuiteExecutor.java:164)
	at com.kms.katalon.core.main.TestSuiteExecutor.execute(TestSuiteExecutor.java:105)
	at com.kms.katalon.core.main.TestCaseMain.startTestSuite(TestCaseMain.java:181)
	at com.kms.katalon.core.main.TestCaseMain$startTestSuite$0.call(Unknown Source)
	at TempTestSuite1640121193910.run(TempTestSuite1640121193910.groovy:36)
Caused by: org.openqa.selenium.ElementClickInterceptedException: element click intercepted: Element <a id="form_menuAccidentado:j_idt1625:j_idt1627:j_idt1633" href="#" class="ui-commandlink ui-widget" onclick="PrimeFaces.ab({s:&quot;form_menuAccidentado:j_idt1625:j_idt1627:j_idt1633&quot;,f:&quot;form_menuAccidentado&quot;,u:&quot;areaAplicacion&quot;,onco:function(xhr,status,args,data){;}});return false;" style="display: inline-block;">...</a> is not clickable at point (126, 182). Other element would receive the click: <div id="popupErrorDialog:dialog_popupFoto_modal" class="ui-widget-overlay ui-dialog-mask" style="z-index: 1000;"></div>
  (Session info: chrome=96.0.4664.110)
Build info: version: '3.141.59', revision: 'e82be7d358', time: '2018-11-14T08:25:53'
System info: host: 'US-AF-000371', ip: '192.168.56.1', os.name: 'Windows 10', os.arch: 'amd64', os.version: '10.0', java.version: '1.8.0_282'
Driver info: com.kms.katalon.selenium.driver.CChromeDriver
Capabilities {acceptInsecureCerts: false, browserName: chrome, browserVersion: 96.0.4664.110, chrome: {chromedriverVersion: 95.0.4638.17 (a9d0719444d4b..., userDataDir: C:\Users\DIEGO~1.ROJ\AppDat...}, goog:chromeOptions: {debuggerAddress: localhost:60353}, javascriptEnabled: true, networkConnectionEnabled: false, pageLoadStrategy: normal, platform: WINDOWS, platformName: WINDOWS, proxy: Proxy(), setWindowRect: true, strictFileInteractability: false, timeouts: {implicit: 0, pageLoad: 300000, script: 30000}, unhandledPromptBehavior: dismiss and notify, webauthn:extension:credBlob: true, webauthn:extension:largeBlob: true, webauthn:virtualAuthenticators: true}
Session ID: 8013ea6d484d8810c918c6b4547b1b79
	at org.openqa.selenium.remote.http.W3CHttpResponseCodec.createException(W3CHttpResponseCodec.java:187)
	at org.openqa.selenium.remote.http.W3CHttpResponseCodec.decode(W3CHttpResponseCodec.java:122)
	at org.openqa.selenium.remote.http.W3CHttpResponseCodec.decode(W3CHttpResponseCodec.java:49)
	at org.openqa.selenium.remote.HttpCommandExecutor.execute(HttpCommandExecutor.java:158)
	at org.openqa.selenium.remote.service.DriverCommandExecutor.execute(DriverCommandExecutor.java:83)
	at org.openqa.selenium.remote.RemoteWebDriver.execute(RemoteWebDriver.java:552)
	at com.kms.katalon.selenium.driver.CChromeDriver.execute(CChromeDriver.java:19)
	at org.openqa.selenium.remote.RemoteWebElement.execute(RemoteWebElement.java:285)
	at org.openqa.selenium.remote.RemoteWebElement.click(RemoteWebElement.java:84)
	at org.openqa.selenium.support.events.EventFiringWebDriver$EventFiringWebElement.lambda$new$0(EventFiringWebDriver.java:404)
	at com.sun.proxy.$Proxy11.click(Unknown Source)
	at org.openqa.selenium.support.events.EventFiringWebDriver$EventFiringWebElement.click(EventFiringWebDriver.java:417)
	at org.openqa.selenium.WebElement$click$0.call(Unknown Source)
	at com.kms.katalon.core.webui.keyword.builtin.ClickKeyword.clickUntilSuccessWithTimeout(ClickKeyword.groovy:81)
	at com.kms.katalon.core.webui.keyword.builtin.ClickKeyword.clickUntilSuccessWithTimeout(ClickKeyword.groovy)
	at com.kms.katalon.core.webui.keyword.builtin.ClickKeyword$_click_closure1.doCall(ClickKeyword.groovy:67)
	at com.kms.katalon.core.webui.keyword.builtin.ClickKeyword$_click_closure1.call(ClickKeyword.groovy)
	at com.kms.katalon.core.webui.keyword.internal.WebUIKeywordMain.runKeyword(WebUIKeywordMain.groovy:20)
	... 19 more]]></system-err>
   </testsuite>
</testsuites>
