<?xml version="1.0" encoding="UTF-8"?>
<testsuites name="4-pruebas capacitación" time="348.312" tests="14" failures="0" errors="0">
   <testsuite name="4-pruebas capacitación" tests="14" failures="0" errors="0" time="348.312" skipped="0" timestamp="2022-04-06 11:25:08" hostname="diego.rojas - US-AF-000371" id="Test Suites/Test_Suite_Secundaria/4-pruebas capacitación">
      <properties>
         <property name="deviceName" value=""/>
         <property name="devicePlatform" value=""/>
         <property name="logFolder" value="C:\\Users\\diego.rojas\\git\\Pruebas-Minimas\\Reports\\20220406_112500\\Test_Suite_Secundaria\\4-pruebas capacitaci\u00F3n\\20220406_112500"/>
         <property name="logFiles" value="C:\\Users\\diego.rojas\\git\\Pruebas-Minimas\\Reports\\20220406_112500\\Test_Suite_Secundaria\\4-pruebas capacitaci\u00F3n\\20220406_112500\\execution0.log"/>
         <property name="attachments" value=""/>
         <property name="hostName" value="diego.rojas - US-AF-000371"/>
         <property name="os" value="Windows 10 64bit"/>
         <property name="katalonVersion" value="8.2.5.208"/>
         <property name="browser" value="Chrome 99.0.4844.84"/>
         <property name="hostAddress" value="192.168.56.1"/>
         <property name="sessionId" value="4229a9a99c09f7e4675646bf580ff7fa"/>
         <property name="seleniumVersion" value="3.141.59"/>
         <property name="proxyInformation" value="ProxyInformation { proxyOption=NO_PROXY, proxyServerType=HTTP, username=, password=********, proxyServerAddress=, proxyServerPort=0, executionList=&quot;&quot;, isApplyToDesiredCapabilities=true }"/>
         <property name="platform" value="Windows 10"/>
      </properties>
      <testcase name="Test Cases/1.2-Tareas_Secundarias/4.1-Pruebas_Capacitación/4.1.1-Nuevo_Curso" time="33.99" classname="Test Cases/1.2-Tareas_Secundarias/4.1-Pruebas_Capacitación/4.1.1-Nuevo_Curso" status="PASSED">
         <system-out><![CDATA[2022-04-06 11:25:08 - [TEST_CASE][PASSED] - Test Cases/1.2-Tareas_Secundarias/4.1-Pruebas_Capacitación/4.1.1-Nuevo_Curso: Test Cases/1.2-Tareas_Secundarias/4.1-Pruebas_Capacitación/4.1.1-Nuevo_Curso

2022-04-06 11:25:09 - [TEST_STEP][PASSED] - callTestCase(findTestCase("0.1-Login"), [:], STOP_ON_FAILURE): Call Test Case 'Test Cases/0.1-Login' successfully

2022-04-06 11:25:09 - [TEST_CASE][PASSED] - Test Cases/0.1-Login: Test Cases/0.1-Login

2022-04-06 11:25:10 - [TEST_STEP][PASSED] - openBrowser(""): Browser is opened with url: ''

2022-04-06 11:25:10 - [MESSAGE][INFO] - Starting 'Chrome' driver

2022-04-06 11:25:10 - [MESSAGE][INFO] - Action delay is set to 0 milliseconds

2022-04-06 11:25:12 - [MESSAGE][PASSED] - Browser is opened with url: ''

2022-04-06 11:25:12 - [TEST_STEP][PASSED] - maximizeWindow(): Current window maximized

2022-04-06 11:25:13 - [MESSAGE][PASSED] - Current window maximized

2022-04-06 11:25:13 - [TEST_STEP][PASSED] - i = G_Login: null

2022-04-06 11:25:13 - [TEST_STEP][PASSED] - url = new java.net.URL(i): null

2022-04-06 11:25:13 - [TEST_STEP][PASSED] - println("URL: " + url.toString()): null

2022-04-06 11:25:13 - [TEST_STEP][PASSED] - connection = url.openConnection(): null

2022-04-06 11:25:13 - [TEST_STEP][PASSED] - connection.setRequestMethod("GET"): null

2022-04-06 11:25:13 - [TEST_STEP][PASSED] - connection.setReadTimeout(2 * 1000): null

2022-04-06 11:25:13 - [TEST_STEP][PASSED] - try: null

2022-04-06 11:25:13 - [TEST_STEP][PASSED] - connection.connect(): null

2022-04-06 11:25:13 - [TEST_STEP][PASSED] - flag = connected: null

2022-04-06 11:25:13 - [TEST_STEP][PASSED] - println("Valor_ori: " + flag): null

2022-04-06 11:25:13 - [TEST_STEP][PASSED] - if (flag): null

2022-04-06 11:25:13 - [TEST_STEP][PASSED] - navigateToUrl(i): Navigate to 'http://192.168.2.19:8380/saraweb' successfully

2022-04-06 11:25:14 - [MESSAGE][PASSED] - Navigate to 'http://192.168.2.19:8380/saraweb' successfully

2022-04-06 11:25:14 - [TEST_STEP][PASSED] - a(): null

2022-04-06 11:25:14 - [TEST_STEP][PASSED] - setText(findTestObject("Login/input_USUARIO_loginusuario"), G_Usuario): Text 'saraadmin' is set on object 'Object Repository/Login/input_USUARIO_loginusuario'

2022-04-06 11:25:14 - [MESSAGE][PASSED] - Text 'saraadmin' is set on object 'Object Repository/Login/input_USUARIO_loginusuario'

2022-04-06 11:25:14 - [TEST_STEP][PASSED] - setEncryptedText(findTestObject("Login/input_CLAVE_loginpassword"), "MkG4/TYiCFC3cb2driP7+Q=="): Text ****** has been set on object 'Object Repository/Login/input_CLAVE_loginpassword'

2022-04-06 11:25:15 - [MESSAGE][PASSED] - Text ****** has been set on object 'Object Repository/Login/input_CLAVE_loginpassword'

2022-04-06 11:25:15 - [TEST_STEP][PASSED] - waitForElementClickable(findTestObject("Login/a_Ingresar"), G_TimeOut): Object 'Object Repository/Login/a_Ingresar' is clickable

2022-04-06 11:25:15 - [MESSAGE][PASSED] - Object 'Object Repository/Login/a_Ingresar' is clickable

2022-04-06 11:25:15 - [TEST_STEP][PASSED] - click(findTestObject("Login/a_Ingresar")): Object: 'Object Repository/Login/a_Ingresar' is clicked on

2022-04-06 11:25:17 - [MESSAGE][PASSED] - Object: 'Object Repository/Login/a_Ingresar' is clicked on

2022-04-06 11:25:17 - [TEST_STEP][PASSED] - element = findWebElement(findTestObject("Login/a_Ir"), 30): null

2022-04-06 11:25:17 - [TEST_STEP][PASSED] - executeJavaScript("arguments[0].click()", Arrays.asList(element)): Execute JavaScript 'arguments[0].click()' successfully

2022-04-06 11:25:17 - [MESSAGE][PASSED] - Execute JavaScript 'arguments[0].click()' successfully

2022-04-06 11:25:17 - [MESSAGE][PASSED] - Call Test Case 'Test Cases/0.1-Login' successfully

2022-04-06 11:25:17 - [TEST_STEP][PASSED] - setText(findTestObject("M-OBJECTS TAREAS SECUNDARIAS/Pruebas capacitacion/Nuevo_Curso/input_ADMINISTRADOR DEL SISTEMA - SARA_form_templatej_idt24_input"), "Cursos (cap)"): Text 'Cursos (cap)' is set on object 'Object Repository/M-OBJECTS TAREAS SECUNDARIAS/Pruebas capacitacion/Nuevo_Curso/input_ADMINISTRADOR DEL SISTEMA - SARA_form_templatej_idt24_input'

2022-04-06 11:25:19 - [MESSAGE][PASSED] - Text 'Cursos (cap)' is set on object 'Object Repository/M-OBJECTS TAREAS SECUNDARIAS/Pruebas capacitacion/Nuevo_Curso/input_ADMINISTRADOR DEL SISTEMA - SARA_form_templatej_idt24_input'

2022-04-06 11:25:19 - [TEST_STEP][PASSED] - waitForElementClickable(findTestObject("M-OBJECTS TAREAS SECUNDARIAS/Pruebas capacitacion/Nuevo_Curso/li_Cursos (cap)"), 0): Object 'Object Repository/M-OBJECTS TAREAS SECUNDARIAS/Pruebas capacitacion/Nuevo_Curso/li_Cursos (cap)' is clickable

2022-04-06 11:25:19 - [MESSAGE][WARNING] - Timeout '0' is invalid. Using default page load timeout: '45'

2022-04-06 11:25:20 - [MESSAGE][PASSED] - Object 'Object Repository/M-OBJECTS TAREAS SECUNDARIAS/Pruebas capacitacion/Nuevo_Curso/li_Cursos (cap)' is clickable

2022-04-06 11:25:20 - [TEST_STEP][PASSED] - click(findTestObject("M-OBJECTS TAREAS SECUNDARIAS/Pruebas capacitacion/Nuevo_Curso/li_Cursos (cap)"), STOP_ON_FAILURE): Object: 'Object Repository/M-OBJECTS TAREAS SECUNDARIAS/Pruebas capacitacion/Nuevo_Curso/li_Cursos (cap)' is clicked on

2022-04-06 11:25:20 - [MESSAGE][PASSED] - Object: 'Object Repository/M-OBJECTS TAREAS SECUNDARIAS/Pruebas capacitacion/Nuevo_Curso/li_Cursos (cap)' is clicked on

2022-04-06 11:25:20 - [TEST_STEP][PASSED] - if (waitForElementPresent(findTestObject("M-OBJECTS TAREAS SECUNDARIAS/Pruebas capacitacion/Nuevo_Curso/td_Prueba"), 1)): null

2022-04-06 11:25:21 - [MESSAGE][PASSED] - Object 'Object Repository/M-OBJECTS TAREAS SECUNDARIAS/Pruebas capacitacion/Nuevo_Curso/td_Prueba' is present

2022-04-06 11:25:21 - [TEST_STEP][PASSED] - click(findTestObject("M-OBJECTS TAREAS SECUNDARIAS/Pruebas capacitacion/Nuevo_Curso/td_Prueba")): Object: 'Object Repository/M-OBJECTS TAREAS SECUNDARIAS/Pruebas capacitacion/Nuevo_Curso/td_Prueba' is clicked on

2022-04-06 11:25:21 - [MESSAGE][PASSED] - Object: 'Object Repository/M-OBJECTS TAREAS SECUNDARIAS/Pruebas capacitacion/Nuevo_Curso/td_Prueba' is clicked on

2022-04-06 11:25:21 - [TEST_STEP][PASSED] - click(findTestObject("M-OBJECTS TAREAS SECUNDARIAS/Pruebas capacitacion/Nuevo_Curso/a_Tema")): Object: 'Object Repository/M-OBJECTS TAREAS SECUNDARIAS/Pruebas capacitacion/Nuevo_Curso/a_Tema' is clicked on

2022-04-06 11:25:22 - [MESSAGE][PASSED] - Object: 'Object Repository/M-OBJECTS TAREAS SECUNDARIAS/Pruebas capacitacion/Nuevo_Curso/a_Tema' is clicked on

2022-04-06 11:25:22 - [TEST_STEP][PASSED] - if (waitForElementPresent(findTestObject("M-OBJECTS TAREAS SECUNDARIAS/Pruebas capacitacion/Nuevo_Curso/span_Tema"), 1)): null

2022-04-06 11:25:23 - [MESSAGE][PASSED] - Object 'Object Repository/M-OBJECTS TAREAS SECUNDARIAS/Pruebas capacitacion/Nuevo_Curso/span_Tema' is present

2022-04-06 11:25:23 - [TEST_STEP][PASSED] - click(findTestObject("M-OBJECTS TAREAS SECUNDARIAS/Pruebas capacitacion/Nuevo_Curso/a_Tema_form_cursopestaniaslistaTemas0j_idt608")): Object: 'Object Repository/M-OBJECTS TAREAS SECUNDARIAS/Pruebas capacitacion/Nuevo_Curso/a_Tema_form_cursopestaniaslistaTemas0j_idt608' is clicked on

2022-04-06 11:25:23 - [MESSAGE][PASSED] - Object: 'Object Repository/M-OBJECTS TAREAS SECUNDARIAS/Pruebas capacitacion/Nuevo_Curso/a_Tema_form_cursopestaniaslistaTemas0j_idt608' is clicked on

2022-04-06 11:25:23 - [TEST_STEP][PASSED] - click(findTestObject("M-OBJECTS TAREAS SECUNDARIAS/Pruebas capacitacion/Nuevo_Curso/a_Datos Bsicos")): Object: 'Object Repository/M-OBJECTS TAREAS SECUNDARIAS/Pruebas capacitacion/Nuevo_Curso/a_Datos Bsicos' is clicked on

2022-04-06 11:25:24 - [MESSAGE][PASSED] - Object: 'Object Repository/M-OBJECTS TAREAS SECUNDARIAS/Pruebas capacitacion/Nuevo_Curso/a_Datos Bsicos' is clicked on

2022-04-06 11:25:24 - [TEST_STEP][PASSED] - click(findTestObject("M-OBJECTS TAREAS SECUNDARIAS/Pruebas capacitacion/Nuevo_Curso/a_Eliminar")): Object: 'Object Repository/M-OBJECTS TAREAS SECUNDARIAS/Pruebas capacitacion/Nuevo_Curso/a_Eliminar' is clicked on

2022-04-06 11:25:24 - [MESSAGE][PASSED] - Object: 'Object Repository/M-OBJECTS TAREAS SECUNDARIAS/Pruebas capacitacion/Nuevo_Curso/a_Eliminar' is clicked on

2022-04-06 11:25:24 - [TEST_STEP][PASSED] - click(findTestObject("M-OBJECTS TAREAS SECUNDARIAS/Pruebas capacitacion/Nuevo_Curso/a_Aceptar")): Object: 'Object Repository/M-OBJECTS TAREAS SECUNDARIAS/Pruebas capacitacion/Nuevo_Curso/a_Aceptar' is clicked on

2022-04-06 11:25:25 - [MESSAGE][PASSED] - Object: 'Object Repository/M-OBJECTS TAREAS SECUNDARIAS/Pruebas capacitacion/Nuevo_Curso/a_Aceptar' is clicked on

2022-04-06 11:25:25 - [TEST_STEP][PASSED] - click(findTestObject("M-OBJECTS TAREAS SECUNDARIAS/Pruebas capacitacion/Nuevo_Curso/a_Nuevo"), STOP_ON_FAILURE): Object: 'Object Repository/M-OBJECTS TAREAS SECUNDARIAS/Pruebas capacitacion/Nuevo_Curso/a_Nuevo' is clicked on

2022-04-06 11:25:26 - [MESSAGE][PASSED] - Object: 'Object Repository/M-OBJECTS TAREAS SECUNDARIAS/Pruebas capacitacion/Nuevo_Curso/a_Nuevo' is clicked on

2022-04-06 11:25:26 - [TEST_STEP][PASSED] - setText(findTestObject("M-OBJECTS TAREAS SECUNDARIAS/Pruebas capacitacion/Nuevo_Curso/textarea_Curso_form_cursopestaniasdescripcion"), "Prueba"): Text 'Prueba' is set on object 'Object Repository/M-OBJECTS TAREAS SECUNDARIAS/Pruebas capacitacion/Nuevo_Curso/textarea_Curso_form_cursopestaniasdescripcion'

2022-04-06 11:25:27 - [MESSAGE][PASSED] - Text 'Prueba' is set on object 'Object Repository/M-OBJECTS TAREAS SECUNDARIAS/Pruebas capacitacion/Nuevo_Curso/textarea_Curso_form_cursopestaniasdescripcion'

2022-04-06 11:25:27 - [TEST_STEP][PASSED] - setText(findTestObject("M-OBJECTS TAREAS SECUNDARIAS/Pruebas capacitacion/Nuevo_Curso/input_Intensidad Horaria_form_cursopestaniasintensidad"), "12"): Text '12' is set on object 'Object Repository/M-OBJECTS TAREAS SECUNDARIAS/Pruebas capacitacion/Nuevo_Curso/input_Intensidad Horaria_form_cursopestaniasintensidad'

2022-04-06 11:25:28 - [MESSAGE][PASSED] - Text '12' is set on object 'Object Repository/M-OBJECTS TAREAS SECUNDARIAS/Pruebas capacitacion/Nuevo_Curso/input_Intensidad Horaria_form_cursopestaniasintensidad'

2022-04-06 11:25:28 - [TEST_STEP][PASSED] - check(findTestObject("M-OBJECTS TAREAS SECUNDARIAS/Pruebas capacitacion/Nuevo_Curso/label_Ambas"), STOP_ON_FAILURE): Object 'Object Repository/M-OBJECTS TAREAS SECUNDARIAS/Pruebas capacitacion/Nuevo_Curso/label_Ambas' is checked

2022-04-06 11:25:28 - [MESSAGE][PASSED] - Object 'Object Repository/M-OBJECTS TAREAS SECUNDARIAS/Pruebas capacitacion/Nuevo_Curso/label_Ambas' is checked

2022-04-06 11:25:28 - [TEST_STEP][PASSED] - setText(findTestObject("M-OBJECTS TAREAS SECUNDARIAS/Pruebas capacitacion/Nuevo_Curso/input_Puntaje Minimo_form_cursopestaniaspuntajeminimo"), "10"): Text '10' is set on object 'Object Repository/M-OBJECTS TAREAS SECUNDARIAS/Pruebas capacitacion/Nuevo_Curso/input_Puntaje Minimo_form_cursopestaniaspuntajeminimo'

2022-04-06 11:25:29 - [MESSAGE][PASSED] - Text '10' is set on object 'Object Repository/M-OBJECTS TAREAS SECUNDARIAS/Pruebas capacitacion/Nuevo_Curso/input_Puntaje Minimo_form_cursopestaniaspuntajeminimo'

2022-04-06 11:25:29 - [TEST_STEP][PASSED] - setText(findTestObject("M-OBJECTS TAREAS SECUNDARIAS/Pruebas capacitacion/Nuevo_Curso/input_Puntaje Aprobacin_form_cursopestaniaspuntajeaproba"), "31"): Text '31' is set on object 'Object Repository/M-OBJECTS TAREAS SECUNDARIAS/Pruebas capacitacion/Nuevo_Curso/input_Puntaje Aprobacin_form_cursopestaniaspuntajeaproba'

2022-04-06 11:25:30 - [MESSAGE][PASSED] - Text '31' is set on object 'Object Repository/M-OBJECTS TAREAS SECUNDARIAS/Pruebas capacitacion/Nuevo_Curso/input_Puntaje Aprobacin_form_cursopestaniaspuntajeaproba'

2022-04-06 11:25:30 - [TEST_STEP][PASSED] - setText(findTestObject("M-OBJECTS TAREAS SECUNDARIAS/Pruebas capacitacion/Nuevo_Curso/textarea_Prerrequisito_form_cursopestaniasprerequisito"), "null"): Text 'null' is set on object 'Object Repository/M-OBJECTS TAREAS SECUNDARIAS/Pruebas capacitacion/Nuevo_Curso/textarea_Prerrequisito_form_cursopestaniasprerequisito'

2022-04-06 11:25:31 - [MESSAGE][PASSED] - Text 'null' is set on object 'Object Repository/M-OBJECTS TAREAS SECUNDARIAS/Pruebas capacitacion/Nuevo_Curso/textarea_Prerrequisito_form_cursopestaniasprerequisito'

2022-04-06 11:25:31 - [TEST_STEP][PASSED] - setText(findTestObject("M-OBJECTS TAREAS SECUNDARIAS/Pruebas capacitacion/Nuevo_Curso/textarea_Metodologa_form_cursopestaniasmetodologia"), "virtual"): Text 'virtual' is set on object 'Object Repository/M-OBJECTS TAREAS SECUNDARIAS/Pruebas capacitacion/Nuevo_Curso/textarea_Metodologa_form_cursopestaniasmetodologia'

2022-04-06 11:25:31 - [MESSAGE][PASSED] - Text 'virtual' is set on object 'Object Repository/M-OBJECTS TAREAS SECUNDARIAS/Pruebas capacitacion/Nuevo_Curso/textarea_Metodologa_form_cursopestaniasmetodologia'

2022-04-06 11:25:31 - [TEST_STEP][PASSED] - selectOptionByIndex(findTestObject("M-OBJECTS TAREAS SECUNDARIAS/Pruebas capacitacion/Nuevo_Curso/select_-- Seleccione --CARTAS DE RETIROCERT"), "1"): All options with index in [1] are selected on object 'Object Repository/M-OBJECTS TAREAS SECUNDARIAS/Pruebas capacitacion/Nuevo_Curso/select_-- Seleccione --CARTAS DE RETIROCERT'

2022-04-06 11:25:32 - [MESSAGE][PASSED] - All options with index in [1] are selected on object 'Object Repository/M-OBJECTS TAREAS SECUNDARIAS/Pruebas capacitacion/Nuevo_Curso/select_-- Seleccione --CARTAS DE RETIROCERT'

2022-04-06 11:25:32 - [TEST_STEP][PASSED] - selectOptionByIndex(findTestObject("M-OBJECTS TAREAS SECUNDARIAS/Pruebas capacitacion/Nuevo_Curso/select_SeleccioneNINGUNOIcetexInstituto Caro y Cuervo.PositivaSena"), 5): All options with index in [5] are selected on object 'Object Repository/M-OBJECTS TAREAS SECUNDARIAS/Pruebas capacitacion/Nuevo_Curso/select_SeleccioneNINGUNOIcetexInstituto Caro y Cuervo.PositivaSena'

2022-04-06 11:25:33 - [MESSAGE][PASSED] - All options with index in [5] are selected on object 'Object Repository/M-OBJECTS TAREAS SECUNDARIAS/Pruebas capacitacion/Nuevo_Curso/select_SeleccioneNINGUNOIcetexInstituto Caro y Cuervo.PositivaSena'

2022-04-06 11:25:33 - [TEST_STEP][PASSED] - selectOptionByIndex(findTestObject("M-OBJECTS TAREAS SECUNDARIAS/Pruebas capacitacion/Nuevo_Curso/select_ActivoCancelado"), 1): All options with index in [1] are selected on object 'Object Repository/M-OBJECTS TAREAS SECUNDARIAS/Pruebas capacitacion/Nuevo_Curso/select_ActivoCancelado'

2022-04-06 11:25:34 - [MESSAGE][PASSED] - All options with index in [1] are selected on object 'Object Repository/M-OBJECTS TAREAS SECUNDARIAS/Pruebas capacitacion/Nuevo_Curso/select_ActivoCancelado'

2022-04-06 11:25:34 - [TEST_STEP][PASSED] - setText(findTestObject("M-OBJECTS TAREAS SECUNDARIAS/Pruebas capacitacion/Nuevo_Curso/input_Asistencia Mnima Horas_form_cursopestaniasasistenciamin"), "8"): Text '8' is set on object 'Object Repository/M-OBJECTS TAREAS SECUNDARIAS/Pruebas capacitacion/Nuevo_Curso/input_Asistencia Mnima Horas_form_cursopestaniasasistenciamin'

2022-04-06 11:25:35 - [MESSAGE][PASSED] - Text '8' is set on object 'Object Repository/M-OBJECTS TAREAS SECUNDARIAS/Pruebas capacitacion/Nuevo_Curso/input_Asistencia Mnima Horas_form_cursopestaniasasistenciamin'

2022-04-06 11:25:35 - [TEST_STEP][PASSED] - setText(findTestObject("M-OBJECTS TAREAS SECUNDARIAS/Pruebas capacitacion/Nuevo_Curso/input_Puntaje Mximo_form_cursopestaniaspuntajemaximo"), "50"): Text '50' is set on object 'Object Repository/M-OBJECTS TAREAS SECUNDARIAS/Pruebas capacitacion/Nuevo_Curso/input_Puntaje Mximo_form_cursopestaniaspuntajemaximo'

2022-04-06 11:25:35 - [MESSAGE][PASSED] - Text '50' is set on object 'Object Repository/M-OBJECTS TAREAS SECUNDARIAS/Pruebas capacitacion/Nuevo_Curso/input_Puntaje Mximo_form_cursopestaniaspuntajemaximo'

2022-04-06 11:25:35 - [TEST_STEP][PASSED] - setText(findTestObject("M-OBJECTS TAREAS SECUNDARIAS/Pruebas capacitacion/Nuevo_Curso/textarea_Poblacin Objeto_form_cursopestaniascobertura"), "null"): Text 'null' is set on object 'Object Repository/M-OBJECTS TAREAS SECUNDARIAS/Pruebas capacitacion/Nuevo_Curso/textarea_Poblacin Objeto_form_cursopestaniascobertura'

2022-04-06 11:25:36 - [MESSAGE][PASSED] - Text 'null' is set on object 'Object Repository/M-OBJECTS TAREAS SECUNDARIAS/Pruebas capacitacion/Nuevo_Curso/textarea_Poblacin Objeto_form_cursopestaniascobertura'

2022-04-06 11:25:36 - [TEST_STEP][PASSED] - setText(findTestObject("M-OBJECTS TAREAS SECUNDARIAS/Pruebas capacitacion/Nuevo_Curso/textarea_Objetivo_form_cursopestaniasimpacto"), "null"): Text 'null' is set on object 'Object Repository/M-OBJECTS TAREAS SECUNDARIAS/Pruebas capacitacion/Nuevo_Curso/textarea_Objetivo_form_cursopestaniasimpacto'

2022-04-06 11:25:37 - [MESSAGE][PASSED] - Text 'null' is set on object 'Object Repository/M-OBJECTS TAREAS SECUNDARIAS/Pruebas capacitacion/Nuevo_Curso/textarea_Objetivo_form_cursopestaniasimpacto'

2022-04-06 11:25:37 - [TEST_STEP][PASSED] - setText(findTestObject("M-OBJECTS TAREAS SECUNDARIAS/Pruebas capacitacion/Nuevo_Curso/textarea_Contenido_form_cursopestaniascontenido"), "null"): Text 'null' is set on object 'Object Repository/M-OBJECTS TAREAS SECUNDARIAS/Pruebas capacitacion/Nuevo_Curso/textarea_Contenido_form_cursopestaniascontenido'

2022-04-06 11:25:37 - [MESSAGE][PASSED] - Text 'null' is set on object 'Object Repository/M-OBJECTS TAREAS SECUNDARIAS/Pruebas capacitacion/Nuevo_Curso/textarea_Contenido_form_cursopestaniascontenido'

2022-04-06 11:25:37 - [TEST_STEP][PASSED] - click(findTestObject("M-OBJECTS TAREAS SECUNDARIAS/Pruebas capacitacion/Nuevo_Curso/a_Guardar")): Object: 'Object Repository/M-OBJECTS TAREAS SECUNDARIAS/Pruebas capacitacion/Nuevo_Curso/a_Guardar' is clicked on

2022-04-06 11:25:38 - [MESSAGE][PASSED] - Object: 'Object Repository/M-OBJECTS TAREAS SECUNDARIAS/Pruebas capacitacion/Nuevo_Curso/a_Guardar' is clicked on

2022-04-06 11:25:38 - [TEST_STEP][PASSED] - click(findTestObject("M-OBJECTS TAREAS SECUNDARIAS/Pruebas capacitacion/Nuevo_Curso/a_Tema")): Object: 'Object Repository/M-OBJECTS TAREAS SECUNDARIAS/Pruebas capacitacion/Nuevo_Curso/a_Tema' is clicked on

2022-04-06 11:25:38 - [MESSAGE][PASSED] - Object: 'Object Repository/M-OBJECTS TAREAS SECUNDARIAS/Pruebas capacitacion/Nuevo_Curso/a_Tema' is clicked on

2022-04-06 11:25:38 - [TEST_STEP][PASSED] - selectOptionByIndex(findTestObject("M-OBJECTS TAREAS SECUNDARIAS/Pruebas capacitacion/Nuevo_Curso/select_-- SELECCIONAR --GERENCIA DE PROYECTOSPLANMEACINPRUEBA DE MODULOSEGURIDAD EN EL SISTEMA DE INFORMACINTema"), 5): All options with index in [5] are selected on object 'Object Repository/M-OBJECTS TAREAS SECUNDARIAS/Pruebas capacitacion/Nuevo_Curso/select_-- SELECCIONAR --GERENCIA DE PROYECTOSPLANMEACINPRUEBA DE MODULOSEGURIDAD EN EL SISTEMA DE INFORMACINTema'

2022-04-06 11:25:40 - [MESSAGE][PASSED] - All options with index in [5] are selected on object 'Object Repository/M-OBJECTS TAREAS SECUNDARIAS/Pruebas capacitacion/Nuevo_Curso/select_-- SELECCIONAR --GERENCIA DE PROYECTOSPLANMEACINPRUEBA DE MODULOSEGURIDAD EN EL SISTEMA DE INFORMACINTema'

2022-04-06 11:25:40 - [TEST_STEP][PASSED] - setText(findTestObject("M-OBJECTS TAREAS SECUNDARIAS/Pruebas capacitacion/Nuevo_Curso/input_Orden_form_cursopestaniaslistaTemasorden"), "1"): Text '1' is set on object 'Object Repository/M-OBJECTS TAREAS SECUNDARIAS/Pruebas capacitacion/Nuevo_Curso/input_Orden_form_cursopestaniaslistaTemasorden'

2022-04-06 11:25:40 - [MESSAGE][PASSED] - Text '1' is set on object 'Object Repository/M-OBJECTS TAREAS SECUNDARIAS/Pruebas capacitacion/Nuevo_Curso/input_Orden_form_cursopestaniaslistaTemasorden'

2022-04-06 11:25:40 - [TEST_STEP][PASSED] - click(findTestObject("M-OBJECTS TAREAS SECUNDARIAS/Pruebas capacitacion/Nuevo_Curso/a_Orden_form_cursopestaniaslistaTemasj_idt609")): Object: 'Object Repository/M-OBJECTS TAREAS SECUNDARIAS/Pruebas capacitacion/Nuevo_Curso/a_Orden_form_cursopestaniaslistaTemasj_idt609' is clicked on

2022-04-06 11:25:41 - [MESSAGE][PASSED] - Object: 'Object Repository/M-OBJECTS TAREAS SECUNDARIAS/Pruebas capacitacion/Nuevo_Curso/a_Orden_form_cursopestaniaslistaTemasj_idt609' is clicked on

2022-04-06 11:25:41 - [TEST_STEP][PASSED] - click(findTestObject("M-OBJECTS TAREAS SECUNDARIAS/Pruebas capacitacion/Nuevo_Curso/a_Regresar")): Object: 'Object Repository/M-OBJECTS TAREAS SECUNDARIAS/Pruebas capacitacion/Nuevo_Curso/a_Regresar' is clicked on

2022-04-06 11:25:41 - [MESSAGE][PASSED] - Object: 'Object Repository/M-OBJECTS TAREAS SECUNDARIAS/Pruebas capacitacion/Nuevo_Curso/a_Regresar' is clicked on

2022-04-06 11:25:41 - [TEST_STEP][PASSED] - closeBrowser(): Browser is closed

2022-04-06 11:25:42 - [MESSAGE][PASSED] - Browser is closed]]></system-out>
         <system-err><![CDATA[]]></system-err>
      </testcase>
      <testcase name="Test Cases/1.2-Tareas_Secundarias/4.1-Pruebas_Capacitación/4.1.2-Nuevo _Instructor-Entidad" time="21.704" classname="Test Cases/1.2-Tareas_Secundarias/4.1-Pruebas_Capacitación/4.1.2-Nuevo _Instructor-Entidad" status="PASSED">
         <system-out><![CDATA[2022-04-06 11:25:42 - [TEST_CASE][PASSED] - Test Cases/1.2-Tareas_Secundarias/4.1-Pruebas_Capacitación/4.1.2-Nuevo _Instructor-Entidad: Test Cases/1.2-Tareas_Secundarias/4.1-Pruebas_Capacitación/4.1.2-Nuevo _Instructor-Entidad

2022-04-06 11:25:43 - [TEST_STEP][PASSED] - today = new java.util.Date(): null

2022-04-06 11:25:43 - [TEST_STEP][PASSED] - Dia = today.format("dd"): null

2022-04-06 11:25:43 - [TEST_STEP][PASSED] - Mes = today.format("MM"): null

2022-04-06 11:25:43 - [TEST_STEP][PASSED] - MesN = today.format("MM"): null

2022-04-06 11:25:43 - [TEST_STEP][PASSED] - Año = today.format("yyyy"): null

2022-04-06 11:25:43 - [TEST_STEP][PASSED] - sumaD = Dia + 10: null

2022-04-06 11:25:43 - [TEST_STEP][PASSED] - sumaM = Mes + 1: null

2022-04-06 11:25:43 - [TEST_STEP][PASSED] - sumaA = Año + 1: null

2022-04-06 11:25:43 - [TEST_STEP][PASSED] - if (sumaD > 30): null

2022-04-06 11:25:43 - [TEST_STEP][PASSED] - else: null

2022-04-06 11:25:43 - [TEST_STEP][PASSED] - sumaD: null

2022-04-06 11:25:43 - [TEST_STEP][PASSED] - Mes: null

2022-04-06 11:25:43 - [TEST_STEP][PASSED] - if (sumaM > 12): null

2022-04-06 11:25:43 - [TEST_STEP][PASSED] - FechaI = Dia + "/" + MesN + "/" + Año: null

2022-04-06 11:25:43 - [TEST_STEP][PASSED] - FechaF = sumaD + "/" + Mes + "/" + Año: null

2022-04-06 11:25:43 - [TEST_STEP][PASSED] - callTestCase(findTestCase("0.1-Login"), [:], STOP_ON_FAILURE): Call Test Case 'Test Cases/0.1-Login' successfully

2022-04-06 11:25:43 - [TEST_CASE][PASSED] - Test Cases/0.1-Login: Test Cases/0.1-Login

2022-04-06 11:25:43 - [TEST_STEP][PASSED] - openBrowser(""): Browser is opened with url: ''

2022-04-06 11:25:43 - [MESSAGE][INFO] - Starting 'Chrome' driver

2022-04-06 11:25:43 - [MESSAGE][INFO] - Action delay is set to 0 milliseconds

2022-04-06 11:25:44 - [MESSAGE][PASSED] - Browser is opened with url: ''

2022-04-06 11:25:44 - [TEST_STEP][PASSED] - maximizeWindow(): Current window maximized

2022-04-06 11:25:44 - [MESSAGE][PASSED] - Current window maximized

2022-04-06 11:25:44 - [TEST_STEP][PASSED] - i = G_Login: null

2022-04-06 11:25:44 - [TEST_STEP][PASSED] - url = new java.net.URL(i): null

2022-04-06 11:25:44 - [TEST_STEP][PASSED] - println("URL: " + url.toString()): null

2022-04-06 11:25:44 - [TEST_STEP][PASSED] - connection = url.openConnection(): null

2022-04-06 11:25:44 - [TEST_STEP][PASSED] - connection.setRequestMethod("GET"): null

2022-04-06 11:25:44 - [TEST_STEP][PASSED] - connection.setReadTimeout(2 * 1000): null

2022-04-06 11:25:44 - [TEST_STEP][PASSED] - try: null

2022-04-06 11:25:44 - [TEST_STEP][PASSED] - connection.connect(): null

2022-04-06 11:25:44 - [TEST_STEP][PASSED] - flag = connected: null

2022-04-06 11:25:44 - [TEST_STEP][PASSED] - println("Valor_ori: " + flag): null

2022-04-06 11:25:44 - [TEST_STEP][PASSED] - if (flag): null

2022-04-06 11:25:44 - [TEST_STEP][PASSED] - navigateToUrl(i): Navigate to 'http://192.168.2.19:8380/saraweb' successfully

2022-04-06 11:25:45 - [MESSAGE][PASSED] - Navigate to 'http://192.168.2.19:8380/saraweb' successfully

2022-04-06 11:25:45 - [TEST_STEP][PASSED] - a(): null

2022-04-06 11:25:45 - [TEST_STEP][PASSED] - setText(findTestObject("Login/input_USUARIO_loginusuario"), G_Usuario): Text 'saraadmin' is set on object 'Object Repository/Login/input_USUARIO_loginusuario'

2022-04-06 11:25:46 - [MESSAGE][PASSED] - Text 'saraadmin' is set on object 'Object Repository/Login/input_USUARIO_loginusuario'

2022-04-06 11:25:46 - [TEST_STEP][PASSED] - setEncryptedText(findTestObject("Login/input_CLAVE_loginpassword"), "MkG4/TYiCFC3cb2driP7+Q=="): Text ****** has been set on object 'Object Repository/Login/input_CLAVE_loginpassword'

2022-04-06 11:25:46 - [MESSAGE][PASSED] - Text ****** has been set on object 'Object Repository/Login/input_CLAVE_loginpassword'

2022-04-06 11:25:46 - [TEST_STEP][PASSED] - waitForElementClickable(findTestObject("Login/a_Ingresar"), G_TimeOut): Object 'Object Repository/Login/a_Ingresar' is clickable

2022-04-06 11:25:46 - [MESSAGE][PASSED] - Object 'Object Repository/Login/a_Ingresar' is clickable

2022-04-06 11:25:46 - [TEST_STEP][PASSED] - click(findTestObject("Login/a_Ingresar")): Object: 'Object Repository/Login/a_Ingresar' is clicked on

2022-04-06 11:25:48 - [MESSAGE][PASSED] - Object: 'Object Repository/Login/a_Ingresar' is clicked on

2022-04-06 11:25:48 - [TEST_STEP][PASSED] - element = findWebElement(findTestObject("Login/a_Ir"), 30): null

2022-04-06 11:25:48 - [TEST_STEP][PASSED] - executeJavaScript("arguments[0].click()", Arrays.asList(element)): Execute JavaScript 'arguments[0].click()' successfully

2022-04-06 11:25:48 - [MESSAGE][PASSED] - Execute JavaScript 'arguments[0].click()' successfully

2022-04-06 11:25:48 - [MESSAGE][PASSED] - Call Test Case 'Test Cases/0.1-Login' successfully

2022-04-06 11:25:48 - [TEST_STEP][PASSED] - setText(findTestObject("M-OBJECTS TAREAS SECUNDARIAS/Pruebas capacitacion/Nuevo _Instructor-Entidad/input_Parmetros EntidadInstructor_form_templatej_idt24_input"), "Parametros Entidad/Instructor"): Text 'Parametros Entidad/Instructor' is set on object 'Object Repository/M-OBJECTS TAREAS SECUNDARIAS/Pruebas capacitacion/Nuevo _Instructor-Entidad/input_Parmetros EntidadInstructor_form_templatej_idt24_input'

2022-04-06 11:25:49 - [MESSAGE][PASSED] - Text 'Parametros Entidad/Instructor' is set on object 'Object Repository/M-OBJECTS TAREAS SECUNDARIAS/Pruebas capacitacion/Nuevo _Instructor-Entidad/input_Parmetros EntidadInstructor_form_templatej_idt24_input'

2022-04-06 11:25:49 - [TEST_STEP][PASSED] - click(findTestObject("M-OBJECTS TAREAS SECUNDARIAS/Pruebas capacitacion/Nuevo _Instructor-Entidad/li_Parametros EntidadInstructor (bie)")): Object: 'Object Repository/M-OBJECTS TAREAS SECUNDARIAS/Pruebas capacitacion/Nuevo _Instructor-Entidad/li_Parametros EntidadInstructor (bie)' is clicked on

2022-04-06 11:25:50 - [MESSAGE][PASSED] - Object: 'Object Repository/M-OBJECTS TAREAS SECUNDARIAS/Pruebas capacitacion/Nuevo _Instructor-Entidad/li_Parametros EntidadInstructor (bie)' is clicked on

2022-04-06 11:25:50 - [TEST_STEP][PASSED] - click(findTestObject("M-OBJECTS TAREAS SECUNDARIAS/Pruebas capacitacion/Nuevo _Instructor-Entidad/a_Entidad")): Object: 'Object Repository/M-OBJECTS TAREAS SECUNDARIAS/Pruebas capacitacion/Nuevo _Instructor-Entidad/a_Entidad' is clicked on

2022-04-06 11:25:51 - [MESSAGE][PASSED] - Object: 'Object Repository/M-OBJECTS TAREAS SECUNDARIAS/Pruebas capacitacion/Nuevo _Instructor-Entidad/a_Entidad' is clicked on

2022-04-06 11:25:51 - [TEST_STEP][PASSED] - if (waitForElementClickable(findTestObject("M-OBJECTS TAREAS SECUNDARIAS/Pruebas capacitacion/Nuevo _Instructor-Entidad/td_123456789"), 1)): null

2022-04-06 11:25:52 - [MESSAGE][PASSED] - Object 'Object Repository/M-OBJECTS TAREAS SECUNDARIAS/Pruebas capacitacion/Nuevo _Instructor-Entidad/td_123456789' is clickable

2022-04-06 11:25:52 - [TEST_STEP][PASSED] - click(findTestObject("M-OBJECTS TAREAS SECUNDARIAS/Pruebas capacitacion/Nuevo _Instructor-Entidad/td_123456789")): Object: 'Object Repository/M-OBJECTS TAREAS SECUNDARIAS/Pruebas capacitacion/Nuevo _Instructor-Entidad/td_123456789' is clicked on

2022-04-06 11:25:52 - [MESSAGE][PASSED] - Object: 'Object Repository/M-OBJECTS TAREAS SECUNDARIAS/Pruebas capacitacion/Nuevo _Instructor-Entidad/td_123456789' is clicked on

2022-04-06 11:25:52 - [TEST_STEP][PASSED] - click(findTestObject("M-OBJECTS TAREAS SECUNDARIAS/Pruebas capacitacion/Nuevo _Instructor-Entidad/a_Eliminar")): Object: 'Object Repository/M-OBJECTS TAREAS SECUNDARIAS/Pruebas capacitacion/Nuevo _Instructor-Entidad/a_Eliminar' is clicked on

2022-04-06 11:25:53 - [MESSAGE][PASSED] - Object: 'Object Repository/M-OBJECTS TAREAS SECUNDARIAS/Pruebas capacitacion/Nuevo _Instructor-Entidad/a_Eliminar' is clicked on

2022-04-06 11:25:53 - [TEST_STEP][PASSED] - click(findTestObject("M-OBJECTS TAREAS SECUNDARIAS/Pruebas capacitacion/Nuevo _Instructor-Entidad/a_Aceptar")): Object: 'Object Repository/M-OBJECTS TAREAS SECUNDARIAS/Pruebas capacitacion/Nuevo _Instructor-Entidad/a_Aceptar' is clicked on

2022-04-06 11:25:54 - [MESSAGE][PASSED] - Object: 'Object Repository/M-OBJECTS TAREAS SECUNDARIAS/Pruebas capacitacion/Nuevo _Instructor-Entidad/a_Aceptar' is clicked on

2022-04-06 11:25:54 - [TEST_STEP][PASSED] - click(findTestObject("M-OBJECTS TAREAS SECUNDARIAS/Pruebas capacitacion/Nuevo _Instructor-Entidad/a_Nuevo")): Object: 'Object Repository/M-OBJECTS TAREAS SECUNDARIAS/Pruebas capacitacion/Nuevo _Instructor-Entidad/a_Nuevo' is clicked on

2022-04-06 11:25:54 - [MESSAGE][PASSED] - Object: 'Object Repository/M-OBJECTS TAREAS SECUNDARIAS/Pruebas capacitacion/Nuevo _Instructor-Entidad/a_Nuevo' is clicked on

2022-04-06 11:25:54 - [TEST_STEP][PASSED] - setText(findTestObject("M-OBJECTS TAREAS SECUNDARIAS/Pruebas capacitacion/Nuevo _Instructor-Entidad/input_Identificacin_form_entidadtabidentificacionEntidad"), "123456789"): Text '123456789' is set on object 'Object Repository/M-OBJECTS TAREAS SECUNDARIAS/Pruebas capacitacion/Nuevo _Instructor-Entidad/input_Identificacin_form_entidadtabidentificacionEntidad'

2022-04-06 11:25:55 - [MESSAGE][PASSED] - Text '123456789' is set on object 'Object Repository/M-OBJECTS TAREAS SECUNDARIAS/Pruebas capacitacion/Nuevo _Instructor-Entidad/input_Identificacin_form_entidadtabidentificacionEntidad'

2022-04-06 11:25:55 - [TEST_STEP][PASSED] - selectOptionByIndex(findTestObject("M-OBJECTS TAREAS SECUNDARIAS/Pruebas capacitacion/Nuevo _Instructor-Entidad/select_--Seleccione--ActivoNo Disponible"), 1): All options with index in [1] are selected on object 'Object Repository/M-OBJECTS TAREAS SECUNDARIAS/Pruebas capacitacion/Nuevo _Instructor-Entidad/select_--Seleccione--ActivoNo Disponible'

2022-04-06 11:25:56 - [MESSAGE][PASSED] - All options with index in [1] are selected on object 'Object Repository/M-OBJECTS TAREAS SECUNDARIAS/Pruebas capacitacion/Nuevo _Instructor-Entidad/select_--Seleccione--ActivoNo Disponible'

2022-04-06 11:25:56 - [TEST_STEP][PASSED] - setText(findTestObject("M-OBJECTS TAREAS SECUNDARIAS/Pruebas capacitacion/Nuevo _Instructor-Entidad/textarea_Razn Social_form_entidadtabrazonsocial"), "Prueba"): Text 'Prueba' is set on object 'Object Repository/M-OBJECTS TAREAS SECUNDARIAS/Pruebas capacitacion/Nuevo _Instructor-Entidad/textarea_Razn Social_form_entidadtabrazonsocial'

2022-04-06 11:25:57 - [MESSAGE][PASSED] - Text 'Prueba' is set on object 'Object Repository/M-OBJECTS TAREAS SECUNDARIAS/Pruebas capacitacion/Nuevo _Instructor-Entidad/textarea_Razn Social_form_entidadtabrazonsocial'

2022-04-06 11:25:57 - [TEST_STEP][PASSED] - setText(findTestObject("M-OBJECTS TAREAS SECUNDARIAS/Pruebas capacitacion/Nuevo _Instructor-Entidad/input_Contacto_form_entidadtabcontacto"), "ninguno"): Text 'ninguno' is set on object 'Object Repository/M-OBJECTS TAREAS SECUNDARIAS/Pruebas capacitacion/Nuevo _Instructor-Entidad/input_Contacto_form_entidadtabcontacto'

2022-04-06 11:25:57 - [MESSAGE][PASSED] - Text 'ninguno' is set on object 'Object Repository/M-OBJECTS TAREAS SECUNDARIAS/Pruebas capacitacion/Nuevo _Instructor-Entidad/input_Contacto_form_entidadtabcontacto'

2022-04-06 11:25:57 - [TEST_STEP][PASSED] - setText(findTestObject("M-OBJECTS TAREAS SECUNDARIAS/Pruebas capacitacion/Nuevo _Instructor-Entidad/input_Direccin_form_entidadtabdireccion"), "carrera 132 # 152 c-10"): Text 'carrera 132 # 152 c-10' is set on object 'Object Repository/M-OBJECTS TAREAS SECUNDARIAS/Pruebas capacitacion/Nuevo _Instructor-Entidad/input_Direccin_form_entidadtabdireccion'

2022-04-06 11:25:58 - [MESSAGE][PASSED] - Text 'carrera 132 # 152 c-10' is set on object 'Object Repository/M-OBJECTS TAREAS SECUNDARIAS/Pruebas capacitacion/Nuevo _Instructor-Entidad/input_Direccin_form_entidadtabdireccion'

2022-04-06 11:25:58 - [TEST_STEP][PASSED] - setText(findTestObject("M-OBJECTS TAREAS SECUNDARIAS/Pruebas capacitacion/Nuevo _Instructor-Entidad/input_Barrio_form_entidadtabbarrio"), "ninguno"): Text 'ninguno' is set on object 'Object Repository/M-OBJECTS TAREAS SECUNDARIAS/Pruebas capacitacion/Nuevo _Instructor-Entidad/input_Barrio_form_entidadtabbarrio'

2022-04-06 11:25:59 - [MESSAGE][PASSED] - Text 'ninguno' is set on object 'Object Repository/M-OBJECTS TAREAS SECUNDARIAS/Pruebas capacitacion/Nuevo _Instructor-Entidad/input_Barrio_form_entidadtabbarrio'

2022-04-06 11:25:59 - [TEST_STEP][PASSED] - setText(findTestObject("M-OBJECTS TAREAS SECUNDARIAS/Pruebas capacitacion/Nuevo _Instructor-Entidad/input_Telfono_form_entidadtabtelefono"), "319388299"): Text '319388299' is set on object 'Object Repository/M-OBJECTS TAREAS SECUNDARIAS/Pruebas capacitacion/Nuevo _Instructor-Entidad/input_Telfono_form_entidadtabtelefono'

2022-04-06 11:25:59 - [MESSAGE][PASSED] - Text '319388299' is set on object 'Object Repository/M-OBJECTS TAREAS SECUNDARIAS/Pruebas capacitacion/Nuevo _Instructor-Entidad/input_Telfono_form_entidadtabtelefono'

2022-04-06 11:25:59 - [TEST_STEP][PASSED] - setText(findTestObject("M-OBJECTS TAREAS SECUNDARIAS/Pruebas capacitacion/Nuevo _Instructor-Entidad/input_Fecha de Ingreso_form_entidadtabfechaingreso_input"), FechaI): Text '6/4/2022' is set on object 'Object Repository/M-OBJECTS TAREAS SECUNDARIAS/Pruebas capacitacion/Nuevo _Instructor-Entidad/input_Fecha de Ingreso_form_entidadtabfechaingreso_input'

2022-04-06 11:26:00 - [MESSAGE][PASSED] - Text '6/4/2022' is set on object 'Object Repository/M-OBJECTS TAREAS SECUNDARIAS/Pruebas capacitacion/Nuevo _Instructor-Entidad/input_Fecha de Ingreso_form_entidadtabfechaingreso_input'

2022-04-06 11:26:00 - [TEST_STEP][PASSED] - sendKeys(findTestObject("M-OBJECTS TAREAS SECUNDARIAS/Pruebas capacitacion/Nuevo _Instructor-Entidad/input_Fecha de Ingreso_form_entidadtabfechaingreso_input"), Keys.chord(ESCAPE)): Keys 'ESCAPE + ' sent to object: 'Object Repository/M-OBJECTS TAREAS SECUNDARIAS/Pruebas capacitacion/Nuevo _Instructor-Entidad/input_Fecha de Ingreso_form_entidadtabfechaingreso_input'

2022-04-06 11:26:01 - [MESSAGE][PASSED] - Keys 'ESCAPE + ' sent to object: 'Object Repository/M-OBJECTS TAREAS SECUNDARIAS/Pruebas capacitacion/Nuevo _Instructor-Entidad/input_Fecha de Ingreso_form_entidadtabfechaingreso_input'

2022-04-06 11:26:01 - [TEST_STEP][PASSED] - waitForElementClickable(findTestObject("M-OBJECTS TAREAS SECUNDARIAS/Pruebas capacitacion/Nuevo _Instructor-Entidad/input_Fecha de Retiro_form_entidadtabfecharetiro_input"), 0): Object 'Object Repository/M-OBJECTS TAREAS SECUNDARIAS/Pruebas capacitacion/Nuevo _Instructor-Entidad/input_Fecha de Retiro_form_entidadtabfecharetiro_input' is clickable

2022-04-06 11:26:01 - [MESSAGE][WARNING] - Timeout '0' is invalid. Using default page load timeout: '45'

2022-04-06 11:26:01 - [MESSAGE][PASSED] - Object 'Object Repository/M-OBJECTS TAREAS SECUNDARIAS/Pruebas capacitacion/Nuevo _Instructor-Entidad/input_Fecha de Retiro_form_entidadtabfecharetiro_input' is clickable

2022-04-06 11:26:01 - [TEST_STEP][PASSED] - setText(findTestObject("M-OBJECTS TAREAS SECUNDARIAS/Pruebas capacitacion/Nuevo _Instructor-Entidad/input_Fecha de Retiro_form_entidadtabfecharetiro_input"), FechaF): Text '16/4/2022' is set on object 'Object Repository/M-OBJECTS TAREAS SECUNDARIAS/Pruebas capacitacion/Nuevo _Instructor-Entidad/input_Fecha de Retiro_form_entidadtabfecharetiro_input'

2022-04-06 11:26:02 - [MESSAGE][PASSED] - Text '16/4/2022' is set on object 'Object Repository/M-OBJECTS TAREAS SECUNDARIAS/Pruebas capacitacion/Nuevo _Instructor-Entidad/input_Fecha de Retiro_form_entidadtabfecharetiro_input'

2022-04-06 11:26:02 - [TEST_STEP][PASSED] - sendKeys(findTestObject("M-OBJECTS TAREAS SECUNDARIAS/Pruebas capacitacion/Nuevo _Instructor-Entidad/input_Fecha de Retiro_form_entidadtabfecharetiro_input"), Keys.chord(ESCAPE)): Keys 'ESCAPE + ' sent to object: 'Object Repository/M-OBJECTS TAREAS SECUNDARIAS/Pruebas capacitacion/Nuevo _Instructor-Entidad/input_Fecha de Retiro_form_entidadtabfecharetiro_input'

2022-04-06 11:26:02 - [MESSAGE][PASSED] - Keys 'ESCAPE + ' sent to object: 'Object Repository/M-OBJECTS TAREAS SECUNDARIAS/Pruebas capacitacion/Nuevo _Instructor-Entidad/input_Fecha de Retiro_form_entidadtabfecharetiro_input'

2022-04-06 11:26:02 - [TEST_STEP][PASSED] - setText(findTestObject("M-OBJECTS TAREAS SECUNDARIAS/Pruebas capacitacion/Nuevo _Instructor-Entidad/textarea_Observacin_form_entidadtabobservacion"), "ninguna"): Text 'ninguna' is set on object 'Object Repository/M-OBJECTS TAREAS SECUNDARIAS/Pruebas capacitacion/Nuevo _Instructor-Entidad/textarea_Observacin_form_entidadtabobservacion'

2022-04-06 11:26:03 - [MESSAGE][PASSED] - Text 'ninguna' is set on object 'Object Repository/M-OBJECTS TAREAS SECUNDARIAS/Pruebas capacitacion/Nuevo _Instructor-Entidad/textarea_Observacin_form_entidadtabobservacion'

2022-04-06 11:26:03 - [TEST_STEP][PASSED] - setText(findTestObject("M-OBJECTS TAREAS SECUNDARIAS/Pruebas capacitacion/Nuevo _Instructor-Entidad/input_Motivo de Retiro_form_entidadtabmotivo"), "ninguna"): Text 'ninguna' is set on object 'Object Repository/M-OBJECTS TAREAS SECUNDARIAS/Pruebas capacitacion/Nuevo _Instructor-Entidad/input_Motivo de Retiro_form_entidadtabmotivo'

2022-04-06 11:26:04 - [MESSAGE][PASSED] - Text 'ninguna' is set on object 'Object Repository/M-OBJECTS TAREAS SECUNDARIAS/Pruebas capacitacion/Nuevo _Instructor-Entidad/input_Motivo de Retiro_form_entidadtabmotivo'

2022-04-06 11:26:04 - [TEST_STEP][PASSED] - click(findTestObject("M-OBJECTS TAREAS SECUNDARIAS/Pruebas capacitacion/Nuevo _Instructor-Entidad/a_Guardar")): Object: 'Object Repository/M-OBJECTS TAREAS SECUNDARIAS/Pruebas capacitacion/Nuevo _Instructor-Entidad/a_Guardar' is clicked on

2022-04-06 11:26:04 - [MESSAGE][PASSED] - Object: 'Object Repository/M-OBJECTS TAREAS SECUNDARIAS/Pruebas capacitacion/Nuevo _Instructor-Entidad/a_Guardar' is clicked on]]></system-out>
         <system-err><![CDATA[]]></system-err>
      </testcase>
      <testcase name="Test Cases/1.2-Tareas_Secundarias/4.1-Pruebas_Capacitación/4.1.3-Evento_de_Capacitación" time="64.247" classname="Test Cases/1.2-Tareas_Secundarias/4.1-Pruebas_Capacitación/4.1.3-Evento_de_Capacitación" status="PASSED">
         <system-out><![CDATA[2022-04-06 11:26:04 - [TEST_CASE][PASSED] - Test Cases/1.2-Tareas_Secundarias/4.1-Pruebas_Capacitación/4.1.3-Evento_de_Capacitación: Test Cases/1.2-Tareas_Secundarias/4.1-Pruebas_Capacitación/4.1.3-Evento_de_Capacitación

2022-04-06 11:26:04 - [TEST_STEP][PASSED] - callTestCase(findTestCase("Utilidades-(atajos_para _tareas)/Modulos/Modulo Control Evento Capacitacion"), [:], STOP_ON_FAILURE): Call Test Case 'Test Cases/Utilidades-(atajos_para _tareas)/Modulos/Modulo Control Evento Capacitacion' successfully

2022-04-06 11:26:05 - [TEST_CASE][PASSED] - Test Cases/Utilidades-(atajos_para _tareas)/Modulos/Modulo Control Evento Capacitacion: Test Cases/Utilidades-(atajos_para _tareas)/Modulos/Modulo Control Evento Capacitacion

2022-04-06 11:26:05 - [TEST_STEP][PASSED] - callTestCase(findTestCase("0.1-Login"), [:], STOP_ON_FAILURE): Call Test Case 'Test Cases/0.1-Login' successfully

2022-04-06 11:26:05 - [TEST_CASE][PASSED] - Test Cases/0.1-Login: Test Cases/0.1-Login

2022-04-06 11:26:05 - [TEST_STEP][PASSED] - openBrowser(""): Browser is opened with url: ''

2022-04-06 11:26:05 - [MESSAGE][WARNING] - A browser is already opened. Closing browser and opening a new one

2022-04-06 11:26:06 - [MESSAGE][INFO] - Starting 'Chrome' driver

2022-04-06 11:26:06 - [MESSAGE][INFO] - Action delay is set to 0 milliseconds

2022-04-06 11:26:07 - [MESSAGE][PASSED] - Browser is opened with url: ''

2022-04-06 11:26:07 - [TEST_STEP][PASSED] - maximizeWindow(): Current window maximized

2022-04-06 11:26:07 - [MESSAGE][PASSED] - Current window maximized

2022-04-06 11:26:07 - [TEST_STEP][PASSED] - i = G_Login: null

2022-04-06 11:26:07 - [TEST_STEP][PASSED] - url = new java.net.URL(i): null

2022-04-06 11:26:07 - [TEST_STEP][PASSED] - println("URL: " + url.toString()): null

2022-04-06 11:26:07 - [TEST_STEP][PASSED] - connection = url.openConnection(): null

2022-04-06 11:26:07 - [TEST_STEP][PASSED] - connection.setRequestMethod("GET"): null

2022-04-06 11:26:07 - [TEST_STEP][PASSED] - connection.setReadTimeout(2 * 1000): null

2022-04-06 11:26:07 - [TEST_STEP][PASSED] - try: null

2022-04-06 11:26:07 - [TEST_STEP][PASSED] - connection.connect(): null

2022-04-06 11:26:07 - [TEST_STEP][PASSED] - flag = connected: null

2022-04-06 11:26:07 - [TEST_STEP][PASSED] - println("Valor_ori: " + flag): null

2022-04-06 11:26:07 - [TEST_STEP][PASSED] - if (flag): null

2022-04-06 11:26:07 - [TEST_STEP][PASSED] - navigateToUrl(i): Navigate to 'http://192.168.2.19:8380/saraweb' successfully

2022-04-06 11:26:08 - [MESSAGE][PASSED] - Navigate to 'http://192.168.2.19:8380/saraweb' successfully

2022-04-06 11:26:08 - [TEST_STEP][PASSED] - a(): null

2022-04-06 11:26:08 - [TEST_STEP][PASSED] - setText(findTestObject("Login/input_USUARIO_loginusuario"), G_Usuario): Text 'saraadmin' is set on object 'Object Repository/Login/input_USUARIO_loginusuario'

2022-04-06 11:26:09 - [MESSAGE][PASSED] - Text 'saraadmin' is set on object 'Object Repository/Login/input_USUARIO_loginusuario'

2022-04-06 11:26:09 - [TEST_STEP][PASSED] - setEncryptedText(findTestObject("Login/input_CLAVE_loginpassword"), "MkG4/TYiCFC3cb2driP7+Q=="): Text ****** has been set on object 'Object Repository/Login/input_CLAVE_loginpassword'

2022-04-06 11:26:09 - [MESSAGE][PASSED] - Text ****** has been set on object 'Object Repository/Login/input_CLAVE_loginpassword'

2022-04-06 11:26:09 - [TEST_STEP][PASSED] - waitForElementClickable(findTestObject("Login/a_Ingresar"), G_TimeOut): Object 'Object Repository/Login/a_Ingresar' is clickable

2022-04-06 11:26:09 - [MESSAGE][PASSED] - Object 'Object Repository/Login/a_Ingresar' is clickable

2022-04-06 11:26:09 - [TEST_STEP][PASSED] - click(findTestObject("Login/a_Ingresar")): Object: 'Object Repository/Login/a_Ingresar' is clicked on

2022-04-06 11:26:11 - [MESSAGE][PASSED] - Object: 'Object Repository/Login/a_Ingresar' is clicked on

2022-04-06 11:26:11 - [TEST_STEP][PASSED] - element = findWebElement(findTestObject("Login/a_Ir"), 30): null

2022-04-06 11:26:11 - [TEST_STEP][PASSED] - executeJavaScript("arguments[0].click()", Arrays.asList(element)): Execute JavaScript 'arguments[0].click()' successfully

2022-04-06 11:26:11 - [MESSAGE][PASSED] - Execute JavaScript 'arguments[0].click()' successfully

2022-04-06 11:26:11 - [MESSAGE][PASSED] - Call Test Case 'Test Cases/0.1-Login' successfully

2022-04-06 11:26:11 - [TEST_STEP][PASSED] - setText(findTestObject("Modulo Control Evento Capacitacion/input_ADMINISTRADOR DEL SISTEMA - SARA_form_templatej_idt24_input"), "Control Evento"): Text 'Control Evento' is set on object 'Object Repository/Modulo Control Evento Capacitacion/input_ADMINISTRADOR DEL SISTEMA - SARA_form_templatej_idt24_input'

2022-04-06 11:26:12 - [MESSAGE][PASSED] - Text 'Control Evento' is set on object 'Object Repository/Modulo Control Evento Capacitacion/input_ADMINISTRADOR DEL SISTEMA - SARA_form_templatej_idt24_input'

2022-04-06 11:26:12 - [TEST_STEP][PASSED] - click(findTestObject("Modulo Control Evento Capacitacion/li_Control Evento Capacitacion (cap)")): Object: 'Object Repository/Modulo Control Evento Capacitacion/li_Control Evento Capacitacion (cap)' is clicked on

2022-04-06 11:26:13 - [MESSAGE][PASSED] - Object: 'Object Repository/Modulo Control Evento Capacitacion/li_Control Evento Capacitacion (cap)' is clicked on

2022-04-06 11:26:13 - [MESSAGE][PASSED] - Call Test Case 'Test Cases/Utilidades-(atajos_para _tareas)/Modulos/Modulo Control Evento Capacitacion' successfully

2022-04-06 11:26:13 - [TEST_STEP][PASSED] - if (waitForElementClickable(findTestObject("M-OBJECTS TAREAS SECUNDARIAS/Pruebas capacitacion/Evento_de_Capacitacion/td_prueba"), 1)): null

2022-04-06 11:26:15 - [MESSAGE][PASSED] - Object 'Object Repository/M-OBJECTS TAREAS SECUNDARIAS/Pruebas capacitacion/Evento_de_Capacitacion/td_prueba' is clickable

2022-04-06 11:26:15 - [TEST_STEP][PASSED] - click(findTestObject("M-OBJECTS TAREAS SECUNDARIAS/Pruebas capacitacion/Evento_de_Capacitacion/td_prueba")): Object: 'Object Repository/M-OBJECTS TAREAS SECUNDARIAS/Pruebas capacitacion/Evento_de_Capacitacion/td_prueba' is clicked on

2022-04-06 11:26:15 - [MESSAGE][PASSED] - Object: 'Object Repository/M-OBJECTS TAREAS SECUNDARIAS/Pruebas capacitacion/Evento_de_Capacitacion/td_prueba' is clicked on

2022-04-06 11:26:15 - [TEST_STEP][PASSED] - click(findTestObject("M-OBJECTS TAREAS SECUNDARIAS/Pruebas capacitacion/Evento_de_Capacitacion/div_Evaluacin")): Object: 'Object Repository/M-OBJECTS TAREAS SECUNDARIAS/Pruebas capacitacion/Evento_de_Capacitacion/div_Evaluacin' is clicked on

2022-04-06 11:26:16 - [MESSAGE][PASSED] - Object: 'Object Repository/M-OBJECTS TAREAS SECUNDARIAS/Pruebas capacitacion/Evento_de_Capacitacion/div_Evaluacin' is clicked on

2022-04-06 11:26:16 - [TEST_STEP][PASSED] - click(findTestObject("M-OBJECTS TAREAS SECUNDARIAS/Pruebas capacitacion/Evento_de_Capacitacion/a_Evento")): Object: 'Object Repository/M-OBJECTS TAREAS SECUNDARIAS/Pruebas capacitacion/Evento_de_Capacitacion/a_Evento' is clicked on

2022-04-06 11:26:16 - [MESSAGE][PASSED] - Object: 'Object Repository/M-OBJECTS TAREAS SECUNDARIAS/Pruebas capacitacion/Evento_de_Capacitacion/a_Evento' is clicked on

2022-04-06 11:26:16 - [TEST_STEP][PASSED] - if (waitForElementPresent(findTestObject("M-OBJECTS TAREAS SECUNDARIAS/Pruebas capacitacion/Evento_de_Capacitacion/a_No Diligenciada_formEventoEvaluacionpanel_eventotablaEvaluacion0j_idt766"), 1)): Object 'Object Repository/M-OBJECTS TAREAS SECUNDARIAS/Pruebas capacitacion/Evento_de_Capacitacion/a_No Diligenciada_formEventoEvaluacionpanel_eventotablaEvaluacion0j_idt766' is not present after 1 second(s)

2022-04-06 11:26:18 - [MESSAGE][INFO] - Unable to find the element located by 'By.xpath: //td[10]/a'. Please recheck the objects properties to make sure the desired element is located. 

2022-04-06 11:26:18 - [MESSAGE][WARNING] - Object 'Object Repository/M-OBJECTS TAREAS SECUNDARIAS/Pruebas capacitacion/Evento_de_Capacitacion/a_No Diligenciada_formEventoEvaluacionpanel_eventotablaEvaluacion0j_idt766' is not present after 1 second(s)

2022-04-06 11:26:18 - [TEST_STEP][PASSED] - click(findTestObject("M-OBJECTS TAREAS SECUNDARIAS/Pruebas capacitacion/Evento_de_Capacitacion/div_Programacin")): Object: 'Object Repository/M-OBJECTS TAREAS SECUNDARIAS/Pruebas capacitacion/Evento_de_Capacitacion/div_Programacin' is clicked on

2022-04-06 11:26:19 - [MESSAGE][PASSED] - Object: 'Object Repository/M-OBJECTS TAREAS SECUNDARIAS/Pruebas capacitacion/Evento_de_Capacitacion/div_Programacin' is clicked on

2022-04-06 11:26:19 - [TEST_STEP][PASSED] - click(findTestObject("M-OBJECTS TAREAS SECUNDARIAS/Pruebas capacitacion/Evento_de_Capacitacion/a_Programacin0")): Object: 'Object Repository/M-OBJECTS TAREAS SECUNDARIAS/Pruebas capacitacion/Evento_de_Capacitacion/a_Programacin0' is clicked on

2022-04-06 11:26:19 - [MESSAGE][PASSED] - Object: 'Object Repository/M-OBJECTS TAREAS SECUNDARIAS/Pruebas capacitacion/Evento_de_Capacitacion/a_Programacin0' is clicked on

2022-04-06 11:26:19 - [TEST_STEP][PASSED] - if (waitForElementVisible(findTestObject("M-OBJECTS TAREAS SECUNDARIAS/Pruebas capacitacion/Evento_de_Capacitacion/td_24122021"), 1)): Object 'Object Repository/M-OBJECTS TAREAS SECUNDARIAS/Pruebas capacitacion/Evento_de_Capacitacion/td_24122021' is not visible after 1 second(s)

2022-04-06 11:26:21 - [MESSAGE][WARNING] - Object 'Object Repository/M-OBJECTS TAREAS SECUNDARIAS/Pruebas capacitacion/Evento_de_Capacitacion/td_24122021' is not visible after 1 second(s)

2022-04-06 11:26:21 - [TEST_STEP][PASSED] - click(findTestObject("M-OBJECTS TAREAS SECUNDARIAS/Pruebas capacitacion/Evento_de_Capacitacion/div_Costo")): Object: 'Object Repository/M-OBJECTS TAREAS SECUNDARIAS/Pruebas capacitacion/Evento_de_Capacitacion/div_Costo' is clicked on

2022-04-06 11:26:21 - [MESSAGE][PASSED] - Object: 'Object Repository/M-OBJECTS TAREAS SECUNDARIAS/Pruebas capacitacion/Evento_de_Capacitacion/div_Costo' is clicked on

2022-04-06 11:26:21 - [TEST_STEP][PASSED] - click(findTestObject("M-OBJECTS TAREAS SECUNDARIAS/Pruebas capacitacion/Evento_de_Capacitacion/a_Registro2")): Object: 'Object Repository/M-OBJECTS TAREAS SECUNDARIAS/Pruebas capacitacion/Evento_de_Capacitacion/a_Registro2' is clicked on

2022-04-06 11:26:22 - [MESSAGE][PASSED] - Object: 'Object Repository/M-OBJECTS TAREAS SECUNDARIAS/Pruebas capacitacion/Evento_de_Capacitacion/a_Registro2' is clicked on

2022-04-06 11:26:22 - [TEST_STEP][PASSED] - if (waitForElementPresent(findTestObject("M-OBJECTS TAREAS SECUNDARIAS/Pruebas capacitacion/Evento_de_Capacitacion/a_REFRIGERIO_formCostoEventopanel_costostabla_costos0j_idt634"), 1)): Object 'Object Repository/M-OBJECTS TAREAS SECUNDARIAS/Pruebas capacitacion/Evento_de_Capacitacion/a_REFRIGERIO_formCostoEventopanel_costostabla_costos0j_idt634' is not present after 1 second(s)

2022-04-06 11:26:24 - [MESSAGE][INFO] - Unable to find the element located by 'By.xpath: //tbody/tr/td[5]/a'. Please recheck the objects properties to make sure the desired element is located. 

2022-04-06 11:26:24 - [MESSAGE][WARNING] - Object 'Object Repository/M-OBJECTS TAREAS SECUNDARIAS/Pruebas capacitacion/Evento_de_Capacitacion/a_REFRIGERIO_formCostoEventopanel_costostabla_costos0j_idt634' is not present after 1 second(s)

2022-04-06 11:26:24 - [TEST_STEP][PASSED] - click(findTestObject("M-OBJECTS TAREAS SECUNDARIAS/Pruebas capacitacion/Evento_de_Capacitacion/div_Recursos")): Object: 'Object Repository/M-OBJECTS TAREAS SECUNDARIAS/Pruebas capacitacion/Evento_de_Capacitacion/div_Recursos' is clicked on

2022-04-06 11:26:24 - [MESSAGE][PASSED] - Object: 'Object Repository/M-OBJECTS TAREAS SECUNDARIAS/Pruebas capacitacion/Evento_de_Capacitacion/div_Recursos' is clicked on

2022-04-06 11:26:24 - [TEST_STEP][PASSED] - click(findTestObject("M-OBJECTS TAREAS SECUNDARIAS/Pruebas capacitacion/Evento_de_Capacitacion/a_Logsticos")): Object: 'Object Repository/M-OBJECTS TAREAS SECUNDARIAS/Pruebas capacitacion/Evento_de_Capacitacion/a_Logsticos' is clicked on

2022-04-06 11:26:24 - [MESSAGE][PASSED] - Object: 'Object Repository/M-OBJECTS TAREAS SECUNDARIAS/Pruebas capacitacion/Evento_de_Capacitacion/a_Logsticos' is clicked on

2022-04-06 11:26:24 - [TEST_STEP][PASSED] - if (waitForElementPresent(findTestObject("M-OBJECTS TAREAS SECUNDARIAS/Pruebas capacitacion/Evento_de_Capacitacion/a_INDISPENSABLE_formRecursoLogisticopanel_recursostabla_recursos0j_idt606"), 1)): Object 'Object Repository/M-OBJECTS TAREAS SECUNDARIAS/Pruebas capacitacion/Evento_de_Capacitacion/a_INDISPENSABLE_formRecursoLogisticopanel_recursostabla_recursos0j_idt606' is not present after 1 second(s)

2022-04-06 11:26:27 - [MESSAGE][INFO] - Unable to find the element located by 'By.xpath: //div/div/table/tbody/tr/td[3]/a'. Please recheck the objects properties to make sure the desired element is located. 

2022-04-06 11:26:27 - [MESSAGE][WARNING] - Object 'Object Repository/M-OBJECTS TAREAS SECUNDARIAS/Pruebas capacitacion/Evento_de_Capacitacion/a_INDISPENSABLE_formRecursoLogisticopanel_recursostabla_recursos0j_idt606' is not present after 1 second(s)

2022-04-06 11:26:27 - [TEST_STEP][PASSED] - click(findTestObject("M-OBJECTS TAREAS SECUNDARIAS/Pruebas capacitacion/Evento_de_Capacitacion/div_Asistentes")): Object: 'Object Repository/M-OBJECTS TAREAS SECUNDARIAS/Pruebas capacitacion/Evento_de_Capacitacion/div_Asistentes' is clicked on

2022-04-06 11:26:27 - [MESSAGE][PASSED] - Object: 'Object Repository/M-OBJECTS TAREAS SECUNDARIAS/Pruebas capacitacion/Evento_de_Capacitacion/div_Asistentes' is clicked on

2022-04-06 11:26:27 - [TEST_STEP][PASSED] - click(findTestObject("M-OBJECTS TAREAS SECUNDARIAS/Pruebas capacitacion/Evento_de_Capacitacion/a_Registro1")): Object: 'Object Repository/M-OBJECTS TAREAS SECUNDARIAS/Pruebas capacitacion/Evento_de_Capacitacion/a_Registro1' is clicked on

2022-04-06 11:26:27 - [MESSAGE][PASSED] - Object: 'Object Repository/M-OBJECTS TAREAS SECUNDARIAS/Pruebas capacitacion/Evento_de_Capacitacion/a_Registro1' is clicked on

2022-04-06 11:26:27 - [TEST_STEP][PASSED] - while (waitForElementPresent(findTestObject("M-OBJECTS TAREAS SECUNDARIAS/Pruebas capacitacion/Evento_de_Capacitacion/td_prueba ka Pruebas"), 1)): null

2022-04-06 11:26:28 - [MESSAGE][PASSED] - Object 'Object Repository/M-OBJECTS TAREAS SECUNDARIAS/Pruebas capacitacion/Evento_de_Capacitacion/td_prueba ka Pruebas' is present

2022-04-06 11:26:28 - [TEST_STEP][PASSED] - click(findTestObject("M-OBJECTS TAREAS SECUNDARIAS/Pruebas capacitacion/Evento_de_Capacitacion/td_prueba ka Pruebas")): Object: 'Object Repository/M-OBJECTS TAREAS SECUNDARIAS/Pruebas capacitacion/Evento_de_Capacitacion/td_prueba ka Pruebas' is clicked on

2022-04-06 11:26:29 - [MESSAGE][PASSED] - Object: 'Object Repository/M-OBJECTS TAREAS SECUNDARIAS/Pruebas capacitacion/Evento_de_Capacitacion/td_prueba ka Pruebas' is clicked on

2022-04-06 11:26:29 - [TEST_STEP][PASSED] - click(findTestObject("M-OBJECTS TAREAS SECUNDARIAS/Pruebas capacitacion/Evento_de_Capacitacion/a_Eliminar1")): Object: 'Object Repository/M-OBJECTS TAREAS SECUNDARIAS/Pruebas capacitacion/Evento_de_Capacitacion/a_Eliminar1' is clicked on

2022-04-06 11:26:30 - [MESSAGE][PASSED] - Object: 'Object Repository/M-OBJECTS TAREAS SECUNDARIAS/Pruebas capacitacion/Evento_de_Capacitacion/a_Eliminar1' is clicked on

2022-04-06 11:26:30 - [TEST_STEP][PASSED] - click(findTestObject("M-OBJECTS TAREAS SECUNDARIAS/Pruebas capacitacion/Evento_de_Capacitacion/a_Aceptar1")): Object 'Object Repository/M-OBJECTS TAREAS SECUNDARIAS/Pruebas capacitacion/Evento_de_Capacitacion/td_prueba ka Pruebas' is not present after 1 second(s)

2022-04-06 11:26:31 - [MESSAGE][PASSED] - Object: 'Object Repository/M-OBJECTS TAREAS SECUNDARIAS/Pruebas capacitacion/Evento_de_Capacitacion/a_Aceptar1' is clicked on

2022-04-06 11:26:33 - [MESSAGE][INFO] - Unable to find the element located by 'By.xpath: 
//tr[2]/td/div/div/table/tbody/tr/td[3]'. Please recheck the objects properties to make sure the desired element is located. 

2022-04-06 11:26:33 - [MESSAGE][WARNING] - Object 'Object Repository/M-OBJECTS TAREAS SECUNDARIAS/Pruebas capacitacion/Evento_de_Capacitacion/td_prueba ka Pruebas' is not present after 1 second(s)

2022-04-06 11:26:33 - [TEST_STEP][PASSED] - click(findTestObject("M-OBJECTS TAREAS SECUNDARIAS/Pruebas capacitacion/Evento_de_Capacitacion/div_Grupos")): Object: 'Object Repository/M-OBJECTS TAREAS SECUNDARIAS/Pruebas capacitacion/Evento_de_Capacitacion/div_Grupos' is clicked on

2022-04-06 11:26:33 - [MESSAGE][PASSED] - Object: 'Object Repository/M-OBJECTS TAREAS SECUNDARIAS/Pruebas capacitacion/Evento_de_Capacitacion/div_Grupos' is clicked on

2022-04-06 11:26:33 - [TEST_STEP][PASSED] - click(findTestObject("M-OBJECTS TAREAS SECUNDARIAS/Pruebas capacitacion/Evento_de_Capacitacion/a_Registro0")): Object: 'Object Repository/M-OBJECTS TAREAS SECUNDARIAS/Pruebas capacitacion/Evento_de_Capacitacion/a_Registro0' is clicked on

2022-04-06 11:26:34 - [MESSAGE][PASSED] - Object: 'Object Repository/M-OBJECTS TAREAS SECUNDARIAS/Pruebas capacitacion/Evento_de_Capacitacion/a_Registro0' is clicked on

2022-04-06 11:26:34 - [TEST_STEP][PASSED] - if (waitForElementClickable(findTestObject("M-OBJECTS TAREAS SECUNDARIAS/Pruebas capacitacion/Evento_de_Capacitacion/td_Pruebas k - Copy"), 1)): null

2022-04-06 11:26:34 - [MESSAGE][PASSED] - Object 'Object Repository/M-OBJECTS TAREAS SECUNDARIAS/Pruebas capacitacion/Evento_de_Capacitacion/td_Pruebas k - Copy' is clickable

2022-04-06 11:26:34 - [TEST_STEP][PASSED] - click(findTestObject("M-OBJECTS TAREAS SECUNDARIAS/Pruebas capacitacion/Evento_de_Capacitacion/td_pruebas k")): Object: 'Object Repository/M-OBJECTS TAREAS SECUNDARIAS/Pruebas capacitacion/Evento_de_Capacitacion/td_pruebas k' is clicked on

2022-04-06 11:26:35 - [MESSAGE][PASSED] - Object: 'Object Repository/M-OBJECTS TAREAS SECUNDARIAS/Pruebas capacitacion/Evento_de_Capacitacion/td_pruebas k' is clicked on

2022-04-06 11:26:35 - [TEST_STEP][PASSED] - click(findTestObject("M-OBJECTS TAREAS SECUNDARIAS/Pruebas capacitacion/Evento_de_Capacitacion/a_Eliminar0")): Object: 'Object Repository/M-OBJECTS TAREAS SECUNDARIAS/Pruebas capacitacion/Evento_de_Capacitacion/a_Eliminar0' is clicked on

2022-04-06 11:26:35 - [MESSAGE][PASSED] - Object: 'Object Repository/M-OBJECTS TAREAS SECUNDARIAS/Pruebas capacitacion/Evento_de_Capacitacion/a_Eliminar0' is clicked on

2022-04-06 11:26:35 - [TEST_STEP][PASSED] - click(findTestObject("M-OBJECTS TAREAS SECUNDARIAS/Pruebas capacitacion/Evento_de_Capacitacion/a_Aceptar0")): Object: 'Object Repository/M-OBJECTS TAREAS SECUNDARIAS/Pruebas capacitacion/Evento_de_Capacitacion/a_Aceptar0' is clicked on

2022-04-06 11:26:36 - [MESSAGE][PASSED] - Object: 'Object Repository/M-OBJECTS TAREAS SECUNDARIAS/Pruebas capacitacion/Evento_de_Capacitacion/a_Aceptar0' is clicked on

2022-04-06 11:26:36 - [TEST_STEP][PASSED] - click(findTestObject("M-OBJECTS TAREAS SECUNDARIAS/Pruebas capacitacion/Evento_de_Capacitacion/div_Evento")): Object: 'Object Repository/M-OBJECTS TAREAS SECUNDARIAS/Pruebas capacitacion/Evento_de_Capacitacion/div_Evento' is clicked on

2022-04-06 11:26:37 - [MESSAGE][PASSED] - Object: 'Object Repository/M-OBJECTS TAREAS SECUNDARIAS/Pruebas capacitacion/Evento_de_Capacitacion/div_Evento' is clicked on

2022-04-06 11:26:37 - [TEST_STEP][PASSED] - click(findTestObject("M-OBJECTS TAREAS SECUNDARIAS/Pruebas capacitacion/Evento_de_Capacitacion/a_Registro3")): Object: 'Object Repository/M-OBJECTS TAREAS SECUNDARIAS/Pruebas capacitacion/Evento_de_Capacitacion/a_Registro3' is clicked on

2022-04-06 11:26:37 - [MESSAGE][PASSED] - Object: 'Object Repository/M-OBJECTS TAREAS SECUNDARIAS/Pruebas capacitacion/Evento_de_Capacitacion/a_Registro3' is clicked on

2022-04-06 11:26:37 - [TEST_STEP][PASSED] - click(findTestObject("M-OBJECTS TAREAS SECUNDARIAS/Pruebas capacitacion/Evento_de_Capacitacion/a_Eliminar3")): Object: 'Object Repository/M-OBJECTS TAREAS SECUNDARIAS/Pruebas capacitacion/Evento_de_Capacitacion/a_Eliminar3' is clicked on

2022-04-06 11:26:38 - [MESSAGE][PASSED] - Object: 'Object Repository/M-OBJECTS TAREAS SECUNDARIAS/Pruebas capacitacion/Evento_de_Capacitacion/a_Eliminar3' is clicked on

2022-04-06 11:26:38 - [TEST_STEP][PASSED] - click(findTestObject("M-OBJECTS TAREAS SECUNDARIAS/Pruebas capacitacion/Evento_de_Capacitacion/a_Aceptar5")): Object: 'Object Repository/M-OBJECTS TAREAS SECUNDARIAS/Pruebas capacitacion/Evento_de_Capacitacion/a_Aceptar5' is clicked on

2022-04-06 11:26:39 - [MESSAGE][PASSED] - Object: 'Object Repository/M-OBJECTS TAREAS SECUNDARIAS/Pruebas capacitacion/Evento_de_Capacitacion/a_Aceptar5' is clicked on

2022-04-06 11:26:39 - [TEST_STEP][PASSED] - click(findTestObject("M-OBJECTS TAREAS SECUNDARIAS/Pruebas capacitacion/Evento_de_Capacitacion/a_Regresar")): Object: 'Object Repository/M-OBJECTS TAREAS SECUNDARIAS/Pruebas capacitacion/Evento_de_Capacitacion/a_Regresar' is clicked on

2022-04-06 11:26:40 - [MESSAGE][PASSED] - Object: 'Object Repository/M-OBJECTS TAREAS SECUNDARIAS/Pruebas capacitacion/Evento_de_Capacitacion/a_Regresar' is clicked on

2022-04-06 11:26:40 - [TEST_STEP][PASSED] - if (waitForElementPresent(findTestObject("M-OBJECTS TAREAS SECUNDARIAS/Pruebas capacitacion/Evento_de_Capacitacion/a_Nuevo"), 1)): null

2022-04-06 11:26:40 - [MESSAGE][PASSED] - Object 'Object Repository/M-OBJECTS TAREAS SECUNDARIAS/Pruebas capacitacion/Evento_de_Capacitacion/a_Nuevo' is present

2022-04-06 11:26:40 - [TEST_STEP][PASSED] - click(findTestObject("M-OBJECTS TAREAS SECUNDARIAS/Pruebas capacitacion/Evento_de_Capacitacion/a_Nuevo")): Object: 'Object Repository/M-OBJECTS TAREAS SECUNDARIAS/Pruebas capacitacion/Evento_de_Capacitacion/a_Nuevo' is clicked on

2022-04-06 11:26:41 - [MESSAGE][PASSED] - Object: 'Object Repository/M-OBJECTS TAREAS SECUNDARIAS/Pruebas capacitacion/Evento_de_Capacitacion/a_Nuevo' is clicked on

2022-04-06 11:26:41 - [TEST_STEP][PASSED] - selectOptionByIndex(findTestObject("M-OBJECTS TAREAS SECUNDARIAS/Pruebas capacitacion/Evento_de_Capacitacion/select_-- Seleccione --Evento CapacitacinEvento Capacitacin Grupal"), 2): All options with index in [2] are selected on object 'Object Repository/M-OBJECTS TAREAS SECUNDARIAS/Pruebas capacitacion/Evento_de_Capacitacion/select_-- Seleccione --Evento CapacitacinEvento Capacitacin Grupal'

2022-04-06 11:26:42 - [MESSAGE][PASSED] - All options with index in [2] are selected on object 'Object Repository/M-OBJECTS TAREAS SECUNDARIAS/Pruebas capacitacion/Evento_de_Capacitacion/select_-- Seleccione --Evento CapacitacinEvento Capacitacin Grupal'

2022-04-06 11:26:42 - [TEST_STEP][PASSED] - click(findTestObject("M-OBJECTS TAREAS SECUNDARIAS/Pruebas capacitacion/Evento_de_Capacitacion/a_Aplicar")): Object: 'Object Repository/M-OBJECTS TAREAS SECUNDARIAS/Pruebas capacitacion/Evento_de_Capacitacion/a_Aplicar' is clicked on

2022-04-06 11:26:43 - [MESSAGE][PASSED] - Object: 'Object Repository/M-OBJECTS TAREAS SECUNDARIAS/Pruebas capacitacion/Evento_de_Capacitacion/a_Aplicar' is clicked on

2022-04-06 11:26:43 - [TEST_STEP][PASSED] - selectOptionByIndex(findTestObject("M-OBJECTS TAREAS SECUNDARIAS/Pruebas capacitacion/Evento_de_Capacitacion/select_--Seleccione--Aplicacin SaraCurso De Alturas"), 9): All options with index in [9] are selected on object 'Object Repository/M-OBJECTS TAREAS SECUNDARIAS/Pruebas capacitacion/Evento_de_Capacitacion/select_--Seleccione--Aplicacin SaraCurso De Alturas'

2022-04-06 11:26:44 - [MESSAGE][PASSED] - All options with index in [9] are selected on object 'Object Repository/M-OBJECTS TAREAS SECUNDARIAS/Pruebas capacitacion/Evento_de_Capacitacion/select_--Seleccione--Aplicacin SaraCurso De Alturas'

2022-04-06 11:26:44 - [TEST_STEP][PASSED] - selectOptionByIndex(findTestObject("M-OBJECTS TAREAS SECUNDARIAS/Pruebas capacitacion/Evento_de_Capacitacion/select_--Seleccione--BloqueadoEjecucinFinalizadoProgramado"), 4): All options with index in [4] are selected on object 'Object Repository/M-OBJECTS TAREAS SECUNDARIAS/Pruebas capacitacion/Evento_de_Capacitacion/select_--Seleccione--BloqueadoEjecucinFinalizadoProgramado'

2022-04-06 11:26:45 - [MESSAGE][PASSED] - All options with index in [4] are selected on object 'Object Repository/M-OBJECTS TAREAS SECUNDARIAS/Pruebas capacitacion/Evento_de_Capacitacion/select_--Seleccione--BloqueadoEjecucinFinalizadoProgramado'

2022-04-06 11:26:45 - [TEST_STEP][PASSED] - click(findTestObject("M-OBJECTS TAREAS SECUNDARIAS/Pruebas capacitacion/Evento_de_Capacitacion/a_Plan de Inversin_formRegistroEventoj_idt180")): Object: 'Object Repository/M-OBJECTS TAREAS SECUNDARIAS/Pruebas capacitacion/Evento_de_Capacitacion/a_Plan de Inversin_formRegistroEventoj_idt180' is clicked on

2022-04-06 11:26:46 - [MESSAGE][PASSED] - Object: 'Object Repository/M-OBJECTS TAREAS SECUNDARIAS/Pruebas capacitacion/Evento_de_Capacitacion/a_Plan de Inversin_formRegistroEventoj_idt180' is clicked on

2022-04-06 11:26:46 - [TEST_STEP][PASSED] - click(findTestObject("M-OBJECTS TAREAS SECUNDARIAS/Pruebas capacitacion/Evento_de_Capacitacion/td_prueba1")): Object: 'Object Repository/M-OBJECTS TAREAS SECUNDARIAS/Pruebas capacitacion/Evento_de_Capacitacion/td_prueba1' is clicked on

2022-04-06 11:26:47 - [MESSAGE][PASSED] - Object: 'Object Repository/M-OBJECTS TAREAS SECUNDARIAS/Pruebas capacitacion/Evento_de_Capacitacion/td_prueba1' is clicked on

2022-04-06 11:26:47 - [TEST_STEP][PASSED] - setText(findTestObject("M-OBJECTS TAREAS SECUNDARIAS/Pruebas capacitacion/Evento_de_Capacitacion/input_Fecha Rango_formRegistroEventofechaInicial_input"), "17/11/2021"): Text '17/11/2021' is set on object 'Object Repository/M-OBJECTS TAREAS SECUNDARIAS/Pruebas capacitacion/Evento_de_Capacitacion/input_Fecha Rango_formRegistroEventofechaInicial_input'

2022-04-06 11:26:48 - [MESSAGE][PASSED] - Text '17/11/2021' is set on object 'Object Repository/M-OBJECTS TAREAS SECUNDARIAS/Pruebas capacitacion/Evento_de_Capacitacion/input_Fecha Rango_formRegistroEventofechaInicial_input'

2022-04-06 11:26:48 - [TEST_STEP][PASSED] - setText(findTestObject("M-OBJECTS TAREAS SECUNDARIAS/Pruebas capacitacion/Evento_de_Capacitacion/input_Fecha Rango_formRegistroEventofechaFinal_input"), "27/11/2021"): Text '27/11/2021' is set on object 'Object Repository/M-OBJECTS TAREAS SECUNDARIAS/Pruebas capacitacion/Evento_de_Capacitacion/input_Fecha Rango_formRegistroEventofechaFinal_input'

2022-04-06 11:26:49 - [MESSAGE][PASSED] - Text '27/11/2021' is set on object 'Object Repository/M-OBJECTS TAREAS SECUNDARIAS/Pruebas capacitacion/Evento_de_Capacitacion/input_Fecha Rango_formRegistroEventofechaFinal_input'

2022-04-06 11:26:49 - [TEST_STEP][PASSED] - sendKeys(findTestObject("M-OBJECTS TAREAS SECUNDARIAS/Pruebas capacitacion/Evento_de_Capacitacion/input_Fecha Rango_formRegistroEventofechaFinal_input"), Keys.chord(ESCAPE)): Keys 'ESCAPE + ' sent to object: 'Object Repository/M-OBJECTS TAREAS SECUNDARIAS/Pruebas capacitacion/Evento_de_Capacitacion/input_Fecha Rango_formRegistroEventofechaFinal_input'

2022-04-06 11:26:49 - [MESSAGE][PASSED] - Keys 'ESCAPE + ' sent to object: 'Object Repository/M-OBJECTS TAREAS SECUNDARIAS/Pruebas capacitacion/Evento_de_Capacitacion/input_Fecha Rango_formRegistroEventofechaFinal_input'

2022-04-06 11:26:49 - [TEST_STEP][PASSED] - setText(findTestObject("M-OBJECTS TAREAS SECUNDARIAS/Pruebas capacitacion/Evento_de_Capacitacion/textarea_Descripcin del evento_formRegistroEventoj_idt1890idTexto5"), "Prueba"): Text 'Prueba' is set on object 'Object Repository/M-OBJECTS TAREAS SECUNDARIAS/Pruebas capacitacion/Evento_de_Capacitacion/textarea_Descripcin del evento_formRegistroEventoj_idt1890idTexto5'

2022-04-06 11:26:50 - [MESSAGE][PASSED] - Text 'Prueba' is set on object 'Object Repository/M-OBJECTS TAREAS SECUNDARIAS/Pruebas capacitacion/Evento_de_Capacitacion/textarea_Descripcin del evento_formRegistroEventoj_idt1890idTexto5'

2022-04-06 11:26:50 - [TEST_STEP][PASSED] - selectOptionByIndex(findTestObject("M-OBJECTS TAREAS SECUNDARIAS/Pruebas capacitacion/Evento_de_Capacitacion/select_--Seleccione--CALIDADMENSUAL ABCMODELO EMPRESA QUINCENALPANSIONADOSPENSIONADOS BASEPRUEBAS"), "7"): All options with index in [7] are selected on object 'Object Repository/M-OBJECTS TAREAS SECUNDARIAS/Pruebas capacitacion/Evento_de_Capacitacion/select_--Seleccione--CALIDADMENSUAL ABCMODELO EMPRESA QUINCENALPANSIONADOSPENSIONADOS BASEPRUEBAS'

2022-04-06 11:26:51 - [MESSAGE][PASSED] - All options with index in [7] are selected on object 'Object Repository/M-OBJECTS TAREAS SECUNDARIAS/Pruebas capacitacion/Evento_de_Capacitacion/select_--Seleccione--CALIDADMENSUAL ABCMODELO EMPRESA QUINCENALPANSIONADOSPENSIONADOS BASEPRUEBAS'

2022-04-06 11:26:51 - [TEST_STEP][PASSED] - setText(findTestObject("M-OBJECTS TAREAS SECUNDARIAS/Pruebas capacitacion/Evento_de_Capacitacion/input_Publicacion Inicial_formRegistroEventoj_idt1892fecha_input"), "17/11/2021"): Text '17/11/2021' is set on object 'Object Repository/M-OBJECTS TAREAS SECUNDARIAS/Pruebas capacitacion/Evento_de_Capacitacion/input_Publicacion Inicial_formRegistroEventoj_idt1892fecha_input'

2022-04-06 11:26:51 - [MESSAGE][PASSED] - Text '17/11/2021' is set on object 'Object Repository/M-OBJECTS TAREAS SECUNDARIAS/Pruebas capacitacion/Evento_de_Capacitacion/input_Publicacion Inicial_formRegistroEventoj_idt1892fecha_input'

2022-04-06 11:26:51 - [TEST_STEP][PASSED] - setText(findTestObject("M-OBJECTS TAREAS SECUNDARIAS/Pruebas capacitacion/Evento_de_Capacitacion/input_Publicacion Final_formRegistroEventoj_idt1893fecha_input"), "27/11/2021"): Text '27/11/2021' is set on object 'Object Repository/M-OBJECTS TAREAS SECUNDARIAS/Pruebas capacitacion/Evento_de_Capacitacion/input_Publicacion Final_formRegistroEventoj_idt1893fecha_input'

2022-04-06 11:26:52 - [MESSAGE][PASSED] - Text '27/11/2021' is set on object 'Object Repository/M-OBJECTS TAREAS SECUNDARIAS/Pruebas capacitacion/Evento_de_Capacitacion/input_Publicacion Final_formRegistroEventoj_idt1893fecha_input'

2022-04-06 11:26:52 - [TEST_STEP][PASSED] - setText(findTestObject("M-OBJECTS TAREAS SECUNDARIAS/Pruebas capacitacion/Evento_de_Capacitacion/input__formRegistroEventoj_idt1894idTexto6"), "100"): Text '100' is set on object 'Object Repository/M-OBJECTS TAREAS SECUNDARIAS/Pruebas capacitacion/Evento_de_Capacitacion/input__formRegistroEventoj_idt1894idTexto6'

2022-04-06 11:26:53 - [MESSAGE][PASSED] - Text '100' is set on object 'Object Repository/M-OBJECTS TAREAS SECUNDARIAS/Pruebas capacitacion/Evento_de_Capacitacion/input__formRegistroEventoj_idt1894idTexto6'

2022-04-06 11:26:53 - [TEST_STEP][PASSED] - setText(findTestObject("M-OBJECTS TAREAS SECUNDARIAS/Pruebas capacitacion/Evento_de_Capacitacion/input__formRegistroEventoj_idt1895idNumero1"), "2"): Text '2' is set on object 'Object Repository/M-OBJECTS TAREAS SECUNDARIAS/Pruebas capacitacion/Evento_de_Capacitacion/input__formRegistroEventoj_idt1895idNumero1'

2022-04-06 11:26:53 - [MESSAGE][PASSED] - Text '2' is set on object 'Object Repository/M-OBJECTS TAREAS SECUNDARIAS/Pruebas capacitacion/Evento_de_Capacitacion/input__formRegistroEventoj_idt1895idNumero1'

2022-04-06 11:26:53 - [TEST_STEP][PASSED] - selectOptionByIndex(findTestObject("M-OBJECTS TAREAS SECUNDARIAS/Pruebas capacitacion/Evento_de_Capacitacion/select_Diagnstico de Necesidades de CapacitacinEstrategiaEvaluacin del desempeoOrigen Evento"), 1): All options with index in [1] are selected on object 'Object Repository/M-OBJECTS TAREAS SECUNDARIAS/Pruebas capacitacion/Evento_de_Capacitacion/select_Diagnstico de Necesidades de CapacitacinEstrategiaEvaluacin del desempeoOrigen Evento'

2022-04-06 11:26:54 - [MESSAGE][PASSED] - All options with index in [1] are selected on object 'Object Repository/M-OBJECTS TAREAS SECUNDARIAS/Pruebas capacitacion/Evento_de_Capacitacion/select_Diagnstico de Necesidades de CapacitacinEstrategiaEvaluacin del desempeoOrigen Evento'

2022-04-06 11:26:54 - [TEST_STEP][PASSED] - selectOptionByIndex(findTestObject("M-OBJECTS TAREAS SECUNDARIAS/Pruebas capacitacion/Evento_de_Capacitacion/select_MixtaPresencialVirtual"), 3): All options with index in [3] are selected on object 'Object Repository/M-OBJECTS TAREAS SECUNDARIAS/Pruebas capacitacion/Evento_de_Capacitacion/select_MixtaPresencialVirtual'

2022-04-06 11:26:55 - [MESSAGE][PASSED] - All options with index in [3] are selected on object 'Object Repository/M-OBJECTS TAREAS SECUNDARIAS/Pruebas capacitacion/Evento_de_Capacitacion/select_MixtaPresencialVirtual'

2022-04-06 11:26:55 - [TEST_STEP][PASSED] - selectOptionByIndex(findTestObject("M-OBJECTS TAREAS SECUNDARIAS/Pruebas capacitacion/Evento_de_Capacitacion/select_NOSI"), 1): All options with index in [1] are selected on object 'Object Repository/M-OBJECTS TAREAS SECUNDARIAS/Pruebas capacitacion/Evento_de_Capacitacion/select_NOSI'

2022-04-06 11:26:56 - [MESSAGE][PASSED] - All options with index in [1] are selected on object 'Object Repository/M-OBJECTS TAREAS SECUNDARIAS/Pruebas capacitacion/Evento_de_Capacitacion/select_NOSI'

2022-04-06 11:26:56 - [TEST_STEP][PASSED] - selectOptionByIndex(findTestObject("M-OBJECTS TAREAS SECUNDARIAS/Pruebas capacitacion/Evento_de_Capacitacion/select_123456PRUEBA SILVIAUS654US23913781"), 2): All options with index in [2] are selected on object 'Object Repository/M-OBJECTS TAREAS SECUNDARIAS/Pruebas capacitacion/Evento_de_Capacitacion/select_123456PRUEBA SILVIAUS654US23913781'

2022-04-06 11:26:57 - [MESSAGE][PASSED] - All options with index in [2] are selected on object 'Object Repository/M-OBJECTS TAREAS SECUNDARIAS/Pruebas capacitacion/Evento_de_Capacitacion/select_123456PRUEBA SILVIAUS654US23913781'

2022-04-06 11:26:57 - [TEST_STEP][PASSED] - selectOptionByIndex(findTestObject("M-OBJECTS TAREAS SECUNDARIAS/Pruebas capacitacion/Evento_de_Capacitacion/select_BARRANQUILLABOGOTACALIFRANCIAIBIZA"), 3): All options with index in [3] are selected on object 'Object Repository/M-OBJECTS TAREAS SECUNDARIAS/Pruebas capacitacion/Evento_de_Capacitacion/select_BARRANQUILLABOGOTACALIFRANCIAIBIZA'

2022-04-06 11:26:58 - [MESSAGE][PASSED] - All options with index in [3] are selected on object 'Object Repository/M-OBJECTS TAREAS SECUNDARIAS/Pruebas capacitacion/Evento_de_Capacitacion/select_BARRANQUILLABOGOTACALIFRANCIAIBIZA'

2022-04-06 11:26:58 - [TEST_STEP][PASSED] - setText(findTestObject("M-OBJECTS TAREAS SECUNDARIAS/Pruebas capacitacion/Evento_de_Capacitacion/input_Nmeromero Autorizacin_formRegistroEventoj_idt18915idTexto"), "100000"): Text '100000' is set on object 'Object Repository/M-OBJECTS TAREAS SECUNDARIAS/Pruebas capacitacion/Evento_de_Capacitacion/input_Nmeromero Autorizacin_formRegistroEventoj_idt18915idTexto'

2022-04-06 11:26:59 - [MESSAGE][PASSED] - Text '100000' is set on object 'Object Repository/M-OBJECTS TAREAS SECUNDARIAS/Pruebas capacitacion/Evento_de_Capacitacion/input_Nmeromero Autorizacin_formRegistroEventoj_idt18915idTexto'

2022-04-06 11:26:59 - [TEST_STEP][PASSED] - setText(findTestObject("M-OBJECTS TAREAS SECUNDARIAS/Pruebas capacitacion/Evento_de_Capacitacion/input_Costo Evento_formRegistroEventoj_idt18914idTexto6"), "10000"): Text '10000' is set on object 'Object Repository/M-OBJECTS TAREAS SECUNDARIAS/Pruebas capacitacion/Evento_de_Capacitacion/input_Costo Evento_formRegistroEventoj_idt18914idTexto6'

2022-04-06 11:26:59 - [MESSAGE][PASSED] - Text '10000' is set on object 'Object Repository/M-OBJECTS TAREAS SECUNDARIAS/Pruebas capacitacion/Evento_de_Capacitacion/input_Costo Evento_formRegistroEventoj_idt18914idTexto6'

2022-04-06 11:26:59 - [TEST_STEP][PASSED] - setText(findTestObject("M-OBJECTS TAREAS SECUNDARIAS/Pruebas capacitacion/Evento_de_Capacitacion/input_Nmeromero Autorizacin_formRegistroEventoj_idt18915idTexto"), "5"): Text '5' is set on object 'Object Repository/M-OBJECTS TAREAS SECUNDARIAS/Pruebas capacitacion/Evento_de_Capacitacion/input_Nmeromero Autorizacin_formRegistroEventoj_idt18915idTexto'

2022-04-06 11:27:00 - [MESSAGE][PASSED] - Text '5' is set on object 'Object Repository/M-OBJECTS TAREAS SECUNDARIAS/Pruebas capacitacion/Evento_de_Capacitacion/input_Nmeromero Autorizacin_formRegistroEventoj_idt18915idTexto'

2022-04-06 11:27:00 - [TEST_STEP][PASSED] - setText(findTestObject("M-OBJECTS TAREAS SECUNDARIAS/Pruebas capacitacion/Evento_de_Capacitacion/textarea_Observacin_formRegistroEventoj_idt18917idTexto5"), "Prueba"): Text 'Prueba' is set on object 'Object Repository/M-OBJECTS TAREAS SECUNDARIAS/Pruebas capacitacion/Evento_de_Capacitacion/textarea_Observacin_formRegistroEventoj_idt18917idTexto5'

2022-04-06 11:27:01 - [MESSAGE][PASSED] - Text 'Prueba' is set on object 'Object Repository/M-OBJECTS TAREAS SECUNDARIAS/Pruebas capacitacion/Evento_de_Capacitacion/textarea_Observacin_formRegistroEventoj_idt18917idTexto5'

2022-04-06 11:27:01 - [TEST_STEP][PASSED] - selectOptionByIndex(findTestObject("M-OBJECTS TAREAS SECUNDARIAS/Pruebas capacitacion/Evento_de_Capacitacion/select_AmbosNo AplicaPor AsistenciaPor Puntaje"), 1): All options with index in [1] are selected on object 'Object Repository/M-OBJECTS TAREAS SECUNDARIAS/Pruebas capacitacion/Evento_de_Capacitacion/select_AmbosNo AplicaPor AsistenciaPor Puntaje'

2022-04-06 11:27:02 - [MESSAGE][PASSED] - All options with index in [1] are selected on object 'Object Repository/M-OBJECTS TAREAS SECUNDARIAS/Pruebas capacitacion/Evento_de_Capacitacion/select_AmbosNo AplicaPor AsistenciaPor Puntaje'

2022-04-06 11:27:02 - [TEST_STEP][PASSED] - click(findTestObject("M-OBJECTS TAREAS SECUNDARIAS/Pruebas capacitacion/Evento_de_Capacitacion/a__formRegistroEventoj_idt18910j_idt229")): Object: 'Object Repository/M-OBJECTS TAREAS SECUNDARIAS/Pruebas capacitacion/Evento_de_Capacitacion/a__formRegistroEventoj_idt18910j_idt229' is clicked on

2022-04-06 11:27:02 - [MESSAGE][PASSED] - Object: 'Object Repository/M-OBJECTS TAREAS SECUNDARIAS/Pruebas capacitacion/Evento_de_Capacitacion/a__formRegistroEventoj_idt18910j_idt229' is clicked on

2022-04-06 11:27:02 - [TEST_STEP][PASSED] - setText(findTestObject("M-OBJECTS TAREAS SECUNDARIAS/Pruebas capacitacion/Evento_de_Capacitacion/input_Filtro Hoja de Vida_formPopupHojaVidaj_idt23111"), "A"): Text 'A' is set on object 'Object Repository/M-OBJECTS TAREAS SECUNDARIAS/Pruebas capacitacion/Evento_de_Capacitacion/input_Filtro Hoja de Vida_formPopupHojaVidaj_idt23111'

2022-04-06 11:27:03 - [MESSAGE][PASSED] - Text 'A' is set on object 'Object Repository/M-OBJECTS TAREAS SECUNDARIAS/Pruebas capacitacion/Evento_de_Capacitacion/input_Filtro Hoja de Vida_formPopupHojaVidaj_idt23111'

2022-04-06 11:27:03 - [TEST_STEP][PASSED] - sendKeys(findTestObject("M-OBJECTS TAREAS SECUNDARIAS/Pruebas capacitacion/Evento_de_Capacitacion/input_Filtro Hoja de Vida_formPopupHojaVidaj_idt23111"), Keys.chord(ENTER)): Keys 'ENTER + ' sent to object: 'Object Repository/M-OBJECTS TAREAS SECUNDARIAS/Pruebas capacitacion/Evento_de_Capacitacion/input_Filtro Hoja de Vida_formPopupHojaVidaj_idt23111'

2022-04-06 11:27:04 - [MESSAGE][PASSED] - Keys 'ENTER + ' sent to object: 'Object Repository/M-OBJECTS TAREAS SECUNDARIAS/Pruebas capacitacion/Evento_de_Capacitacion/input_Filtro Hoja de Vida_formPopupHojaVidaj_idt23111'

2022-04-06 11:27:04 - [TEST_STEP][PASSED] - click(findTestObject("M-OBJECTS TAREAS SECUNDARIAS/Pruebas capacitacion/Evento_de_Capacitacion/span_A A A")): Object: 'Object Repository/M-OBJECTS TAREAS SECUNDARIAS/Pruebas capacitacion/Evento_de_Capacitacion/span_A A A' is clicked on

2022-04-06 11:27:04 - [MESSAGE][PASSED] - Object: 'Object Repository/M-OBJECTS TAREAS SECUNDARIAS/Pruebas capacitacion/Evento_de_Capacitacion/span_A A A' is clicked on

2022-04-06 11:27:04 - [TEST_STEP][PASSED] - click(findTestObject("M-OBJECTS TAREAS SECUNDARIAS/Pruebas capacitacion/Evento_de_Capacitacion/a_Guardar")): Object: 'Object Repository/M-OBJECTS TAREAS SECUNDARIAS/Pruebas capacitacion/Evento_de_Capacitacion/a_Guardar' is clicked on

2022-04-06 11:27:05 - [MESSAGE][PASSED] - Object: 'Object Repository/M-OBJECTS TAREAS SECUNDARIAS/Pruebas capacitacion/Evento_de_Capacitacion/a_Guardar' is clicked on

2022-04-06 11:27:05 - [TEST_STEP][PASSED] - setText(findTestObject("M-OBJECTS TAREAS SECUNDARIAS/Pruebas capacitacion/Evento_de_Capacitacion/input_Puntaje Minimo_formRegistroEventominimoPuntaje"), "3"): Text '3' is set on object 'Object Repository/M-OBJECTS TAREAS SECUNDARIAS/Pruebas capacitacion/Evento_de_Capacitacion/input_Puntaje Minimo_formRegistroEventominimoPuntaje'

2022-04-06 11:27:06 - [MESSAGE][PASSED] - Text '3' is set on object 'Object Repository/M-OBJECTS TAREAS SECUNDARIAS/Pruebas capacitacion/Evento_de_Capacitacion/input_Puntaje Minimo_formRegistroEventominimoPuntaje'

2022-04-06 11:27:06 - [TEST_STEP][PASSED] - setText(findTestObject("M-OBJECTS TAREAS SECUNDARIAS/Pruebas capacitacion/Evento_de_Capacitacion/input_Mximo Horas Ausencia_formRegistroEventomaximoHorasAusencia"), "4"): Text '4' is set on object 'Object Repository/M-OBJECTS TAREAS SECUNDARIAS/Pruebas capacitacion/Evento_de_Capacitacion/input_Mximo Horas Ausencia_formRegistroEventomaximoHorasAusencia'

2022-04-06 11:27:07 - [MESSAGE][PASSED] - Text '4' is set on object 'Object Repository/M-OBJECTS TAREAS SECUNDARIAS/Pruebas capacitacion/Evento_de_Capacitacion/input_Mximo Horas Ausencia_formRegistroEventomaximoHorasAusencia'

2022-04-06 11:27:07 - [TEST_STEP][PASSED] - click(findTestObject("M-OBJECTS TAREAS SECUNDARIAS/Pruebas capacitacion/Evento_de_Capacitacion/a_Guardar")): Object: 'Object Repository/M-OBJECTS TAREAS SECUNDARIAS/Pruebas capacitacion/Evento_de_Capacitacion/a_Guardar' is clicked on

2022-04-06 11:27:07 - [MESSAGE][PASSED] - Object: 'Object Repository/M-OBJECTS TAREAS SECUNDARIAS/Pruebas capacitacion/Evento_de_Capacitacion/a_Guardar' is clicked on

2022-04-06 11:27:07 - [TEST_STEP][PASSED] - closeBrowser(): Browser is closed

2022-04-06 11:27:08 - [MESSAGE][PASSED] - Browser is closed

2022-04-06 11:27:08 - [TEST_STEP][PASSED] - comment("no se esta verificando bien para eliminar los registros"): no se esta verificando bien para eliminar los registros

2022-04-06 11:27:08 - [MESSAGE][INFO] - no se esta verificando bien para eliminar los registros]]></system-out>
         <system-err><![CDATA[]]></system-err>
      </testcase>
      <testcase name="Test Cases/1.2-Tareas_Secundarias/4.1-Pruebas_Capacitación/4.1.4-Crear_un_Grupo-Curso_Tipo_Evento_Grupal" time="17.098" classname="Test Cases/1.2-Tareas_Secundarias/4.1-Pruebas_Capacitación/4.1.4-Crear_un_Grupo-Curso_Tipo_Evento_Grupal" status="PASSED">
         <system-out><![CDATA[2022-04-06 11:27:08 - [TEST_CASE][PASSED] - Test Cases/1.2-Tareas_Secundarias/4.1-Pruebas_Capacitación/4.1.4-Crear_un_Grupo-Curso_Tipo_Evento_Grupal: Test Cases/1.2-Tareas_Secundarias/4.1-Pruebas_Capacitación/4.1.4-Crear_un_Grupo-Curso_Tipo_Evento_Grupal

2022-04-06 11:27:09 - [TEST_STEP][PASSED] - callTestCase(findTestCase("Utilidades-(atajos_para _tareas)/Modulos/Modulo Control Evento Capacitacion"), [:], STOP_ON_FAILURE): Call Test Case 'Test Cases/Utilidades-(atajos_para _tareas)/Modulos/Modulo Control Evento Capacitacion' successfully

2022-04-06 11:27:09 - [TEST_CASE][PASSED] - Test Cases/Utilidades-(atajos_para _tareas)/Modulos/Modulo Control Evento Capacitacion: Test Cases/Utilidades-(atajos_para _tareas)/Modulos/Modulo Control Evento Capacitacion

2022-04-06 11:27:09 - [TEST_STEP][PASSED] - callTestCase(findTestCase("0.1-Login"), [:], STOP_ON_FAILURE): Call Test Case 'Test Cases/0.1-Login' successfully

2022-04-06 11:27:09 - [TEST_CASE][PASSED] - Test Cases/0.1-Login: Test Cases/0.1-Login

2022-04-06 11:27:09 - [TEST_STEP][PASSED] - openBrowser(""): Browser is opened with url: ''

2022-04-06 11:27:09 - [MESSAGE][INFO] - Starting 'Chrome' driver

2022-04-06 11:27:09 - [MESSAGE][INFO] - Action delay is set to 0 milliseconds

2022-04-06 11:27:10 - [MESSAGE][PASSED] - Browser is opened with url: ''

2022-04-06 11:27:10 - [TEST_STEP][PASSED] - maximizeWindow(): Current window maximized

2022-04-06 11:27:10 - [MESSAGE][PASSED] - Current window maximized

2022-04-06 11:27:10 - [TEST_STEP][PASSED] - i = G_Login: null

2022-04-06 11:27:10 - [TEST_STEP][PASSED] - url = new java.net.URL(i): null

2022-04-06 11:27:10 - [TEST_STEP][PASSED] - println("URL: " + url.toString()): null

2022-04-06 11:27:10 - [TEST_STEP][PASSED] - connection = url.openConnection(): null

2022-04-06 11:27:10 - [TEST_STEP][PASSED] - connection.setRequestMethod("GET"): null

2022-04-06 11:27:10 - [TEST_STEP][PASSED] - connection.setReadTimeout(2 * 1000): null

2022-04-06 11:27:10 - [TEST_STEP][PASSED] - try: null

2022-04-06 11:27:10 - [TEST_STEP][PASSED] - connection.connect(): null

2022-04-06 11:27:10 - [TEST_STEP][PASSED] - flag = connected: null

2022-04-06 11:27:10 - [TEST_STEP][PASSED] - println("Valor_ori: " + flag): null

2022-04-06 11:27:10 - [TEST_STEP][PASSED] - if (flag): null

2022-04-06 11:27:10 - [TEST_STEP][PASSED] - navigateToUrl(i): Navigate to 'http://192.168.2.19:8380/saraweb' successfully

2022-04-06 11:27:10 - [MESSAGE][PASSED] - Navigate to 'http://192.168.2.19:8380/saraweb' successfully

2022-04-06 11:27:10 - [TEST_STEP][PASSED] - a(): null

2022-04-06 11:27:10 - [TEST_STEP][PASSED] - setText(findTestObject("Login/input_USUARIO_loginusuario"), G_Usuario): Text 'saraadmin' is set on object 'Object Repository/Login/input_USUARIO_loginusuario'

2022-04-06 11:27:11 - [MESSAGE][PASSED] - Text 'saraadmin' is set on object 'Object Repository/Login/input_USUARIO_loginusuario'

2022-04-06 11:27:11 - [TEST_STEP][PASSED] - setEncryptedText(findTestObject("Login/input_CLAVE_loginpassword"), "MkG4/TYiCFC3cb2driP7+Q=="): Text ****** has been set on object 'Object Repository/Login/input_CLAVE_loginpassword'

2022-04-06 11:27:12 - [MESSAGE][PASSED] - Text ****** has been set on object 'Object Repository/Login/input_CLAVE_loginpassword'

2022-04-06 11:27:12 - [TEST_STEP][PASSED] - waitForElementClickable(findTestObject("Login/a_Ingresar"), G_TimeOut): Object 'Object Repository/Login/a_Ingresar' is clickable

2022-04-06 11:27:12 - [MESSAGE][PASSED] - Object 'Object Repository/Login/a_Ingresar' is clickable

2022-04-06 11:27:12 - [TEST_STEP][PASSED] - click(findTestObject("Login/a_Ingresar")): Object: 'Object Repository/Login/a_Ingresar' is clicked on

2022-04-06 11:27:13 - [MESSAGE][PASSED] - Object: 'Object Repository/Login/a_Ingresar' is clicked on

2022-04-06 11:27:13 - [TEST_STEP][PASSED] - element = findWebElement(findTestObject("Login/a_Ir"), 30): null

2022-04-06 11:27:14 - [TEST_STEP][PASSED] - executeJavaScript("arguments[0].click()", Arrays.asList(element)): Execute JavaScript 'arguments[0].click()' successfully

2022-04-06 11:27:14 - [MESSAGE][PASSED] - Execute JavaScript 'arguments[0].click()' successfully

2022-04-06 11:27:14 - [MESSAGE][PASSED] - Call Test Case 'Test Cases/0.1-Login' successfully

2022-04-06 11:27:14 - [TEST_STEP][PASSED] - setText(findTestObject("Modulo Control Evento Capacitacion/input_ADMINISTRADOR DEL SISTEMA - SARA_form_templatej_idt24_input"), "Control Evento"): Text 'Control Evento' is set on object 'Object Repository/Modulo Control Evento Capacitacion/input_ADMINISTRADOR DEL SISTEMA - SARA_form_templatej_idt24_input'

2022-04-06 11:27:15 - [MESSAGE][PASSED] - Text 'Control Evento' is set on object 'Object Repository/Modulo Control Evento Capacitacion/input_ADMINISTRADOR DEL SISTEMA - SARA_form_templatej_idt24_input'

2022-04-06 11:27:15 - [TEST_STEP][PASSED] - click(findTestObject("Modulo Control Evento Capacitacion/li_Control Evento Capacitacion (cap)")): Object: 'Object Repository/Modulo Control Evento Capacitacion/li_Control Evento Capacitacion (cap)' is clicked on

2022-04-06 11:27:16 - [MESSAGE][PASSED] - Object: 'Object Repository/Modulo Control Evento Capacitacion/li_Control Evento Capacitacion (cap)' is clicked on

2022-04-06 11:27:16 - [MESSAGE][PASSED] - Call Test Case 'Test Cases/Utilidades-(atajos_para _tareas)/Modulos/Modulo Control Evento Capacitacion' successfully

2022-04-06 11:27:16 - [TEST_STEP][PASSED] - if (waitForElementClickable(findTestObject("M-OBJECTS TAREAS SECUNDARIAS/Pruebas capacitacion/Crear_un_Grupo-Curso_Tipo_Evento_Grupal/td_Prueba"), 1)): null

2022-04-06 11:27:17 - [MESSAGE][PASSED] - Object 'Object Repository/M-OBJECTS TAREAS SECUNDARIAS/Pruebas capacitacion/Crear_un_Grupo-Curso_Tipo_Evento_Grupal/td_Prueba' is clickable

2022-04-06 11:27:17 - [TEST_STEP][PASSED] - click(findTestObject("M-OBJECTS TAREAS SECUNDARIAS/Pruebas capacitacion/Crear_un_Grupo-Curso_Tipo_Evento_Grupal/td_Prueba")): Object: 'Object Repository/M-OBJECTS TAREAS SECUNDARIAS/Pruebas capacitacion/Crear_un_Grupo-Curso_Tipo_Evento_Grupal/td_Prueba' is clicked on

2022-04-06 11:27:18 - [MESSAGE][PASSED] - Object: 'Object Repository/M-OBJECTS TAREAS SECUNDARIAS/Pruebas capacitacion/Crear_un_Grupo-Curso_Tipo_Evento_Grupal/td_Prueba' is clicked on

2022-04-06 11:27:18 - [TEST_STEP][PASSED] - click(findTestObject("M-OBJECTS TAREAS SECUNDARIAS/Pruebas capacitacion/Crear_un_Grupo-Curso_Tipo_Evento_Grupal/div_Grupos")): Object: 'Object Repository/M-OBJECTS TAREAS SECUNDARIAS/Pruebas capacitacion/Crear_un_Grupo-Curso_Tipo_Evento_Grupal/div_Grupos' is clicked on

2022-04-06 11:27:18 - [MESSAGE][PASSED] - Object: 'Object Repository/M-OBJECTS TAREAS SECUNDARIAS/Pruebas capacitacion/Crear_un_Grupo-Curso_Tipo_Evento_Grupal/div_Grupos' is clicked on

2022-04-06 11:27:18 - [TEST_STEP][PASSED] - click(findTestObject("M-OBJECTS TAREAS SECUNDARIAS/Pruebas capacitacion/Crear_un_Grupo-Curso_Tipo_Evento_Grupal/a_Registro")): Object: 'Object Repository/M-OBJECTS TAREAS SECUNDARIAS/Pruebas capacitacion/Crear_un_Grupo-Curso_Tipo_Evento_Grupal/a_Registro' is clicked on

2022-04-06 11:27:19 - [MESSAGE][PASSED] - Object: 'Object Repository/M-OBJECTS TAREAS SECUNDARIAS/Pruebas capacitacion/Crear_un_Grupo-Curso_Tipo_Evento_Grupal/a_Registro' is clicked on

2022-04-06 11:27:19 - [TEST_STEP][PASSED] - if (waitForElementVisible(findTestObject("M-OBJECTS TAREAS SECUNDARIAS/Pruebas capacitacion/Crear_un_Grupo-Curso_Tipo_Evento_Grupal/td_Prueba1"), 1)): Object 'Object Repository/M-OBJECTS TAREAS SECUNDARIAS/Pruebas capacitacion/Crear_un_Grupo-Curso_Tipo_Evento_Grupal/td_Prueba1' is not visible after 1 second(s)

2022-04-06 11:27:21 - [MESSAGE][WARNING] - Object 'Object Repository/M-OBJECTS TAREAS SECUNDARIAS/Pruebas capacitacion/Crear_un_Grupo-Curso_Tipo_Evento_Grupal/td_Prueba1' is not visible after 1 second(s)

2022-04-06 11:27:21 - [TEST_STEP][PASSED] - click(findTestObject("M-OBJECTS TAREAS SECUNDARIAS/Pruebas capacitacion/Crear_un_Grupo-Curso_Tipo_Evento_Grupal/a_Nuevo")): Object: 'Object Repository/M-OBJECTS TAREAS SECUNDARIAS/Pruebas capacitacion/Crear_un_Grupo-Curso_Tipo_Evento_Grupal/a_Nuevo' is clicked on

2022-04-06 11:27:21 - [MESSAGE][PASSED] - Object: 'Object Repository/M-OBJECTS TAREAS SECUNDARIAS/Pruebas capacitacion/Crear_un_Grupo-Curso_Tipo_Evento_Grupal/a_Nuevo' is clicked on

2022-04-06 11:27:21 - [TEST_STEP][PASSED] - setText(findTestObject("M-OBJECTS TAREAS SECUNDARIAS/Pruebas capacitacion/Crear_un_Grupo-Curso_Tipo_Evento_Grupal/input_Cdigo_popupGruposEvento_formcodigo"), "5"): Text '5' is set on object 'Object Repository/M-OBJECTS TAREAS SECUNDARIAS/Pruebas capacitacion/Crear_un_Grupo-Curso_Tipo_Evento_Grupal/input_Cdigo_popupGruposEvento_formcodigo'

2022-04-06 11:27:22 - [MESSAGE][PASSED] - Text '5' is set on object 'Object Repository/M-OBJECTS TAREAS SECUNDARIAS/Pruebas capacitacion/Crear_un_Grupo-Curso_Tipo_Evento_Grupal/input_Cdigo_popupGruposEvento_formcodigo'

2022-04-06 11:27:22 - [TEST_STEP][PASSED] - setText(findTestObject("M-OBJECTS TAREAS SECUNDARIAS/Pruebas capacitacion/Crear_un_Grupo-Curso_Tipo_Evento_Grupal/input_Descripcin_popupGruposEvento_formdescripcion"), "Pruebas k"): Text 'Pruebas k' is set on object 'Object Repository/M-OBJECTS TAREAS SECUNDARIAS/Pruebas capacitacion/Crear_un_Grupo-Curso_Tipo_Evento_Grupal/input_Descripcin_popupGruposEvento_formdescripcion'

2022-04-06 11:27:23 - [MESSAGE][PASSED] - Text 'Pruebas k' is set on object 'Object Repository/M-OBJECTS TAREAS SECUNDARIAS/Pruebas capacitacion/Crear_un_Grupo-Curso_Tipo_Evento_Grupal/input_Descripcin_popupGruposEvento_formdescripcion'

2022-04-06 11:27:23 - [TEST_STEP][PASSED] - setText(findTestObject("M-OBJECTS TAREAS SECUNDARIAS/Pruebas capacitacion/Crear_un_Grupo-Curso_Tipo_Evento_Grupal/input_Horario_popupGruposEvento_formhorario"), "16:00"): Text '16:00' is set on object 'Object Repository/M-OBJECTS TAREAS SECUNDARIAS/Pruebas capacitacion/Crear_un_Grupo-Curso_Tipo_Evento_Grupal/input_Horario_popupGruposEvento_formhorario'

2022-04-06 11:27:23 - [MESSAGE][PASSED] - Text '16:00' is set on object 'Object Repository/M-OBJECTS TAREAS SECUNDARIAS/Pruebas capacitacion/Crear_un_Grupo-Curso_Tipo_Evento_Grupal/input_Horario_popupGruposEvento_formhorario'

2022-04-06 11:27:23 - [TEST_STEP][PASSED] - setText(findTestObject("M-OBJECTS TAREAS SECUNDARIAS/Pruebas capacitacion/Crear_un_Grupo-Curso_Tipo_Evento_Grupal/input_Cupo_popupGruposEvento_formcupo"), "100"): Text '100' is set on object 'Object Repository/M-OBJECTS TAREAS SECUNDARIAS/Pruebas capacitacion/Crear_un_Grupo-Curso_Tipo_Evento_Grupal/input_Cupo_popupGruposEvento_formcupo'

2022-04-06 11:27:24 - [MESSAGE][PASSED] - Text '100' is set on object 'Object Repository/M-OBJECTS TAREAS SECUNDARIAS/Pruebas capacitacion/Crear_un_Grupo-Curso_Tipo_Evento_Grupal/input_Cupo_popupGruposEvento_formcupo'

2022-04-06 11:27:24 - [TEST_STEP][PASSED] - click(findTestObject("M-OBJECTS TAREAS SECUNDARIAS/Pruebas capacitacion/Crear_un_Grupo-Curso_Tipo_Evento_Grupal/a_Guardar")): Object: 'Object Repository/M-OBJECTS TAREAS SECUNDARIAS/Pruebas capacitacion/Crear_un_Grupo-Curso_Tipo_Evento_Grupal/a_Guardar' is clicked on

2022-04-06 11:27:24 - [MESSAGE][PASSED] - Object: 'Object Repository/M-OBJECTS TAREAS SECUNDARIAS/Pruebas capacitacion/Crear_un_Grupo-Curso_Tipo_Evento_Grupal/a_Guardar' is clicked on

2022-04-06 11:27:24 - [TEST_STEP][PASSED] - closeBrowser(): Browser is closed

2022-04-06 11:27:25 - [MESSAGE][PASSED] - Browser is closed]]></system-out>
         <system-err><![CDATA[]]></system-err>
      </testcase>
      <testcase name="Test Cases/1.2-Tareas_Secundarias/4.1-Pruebas_Capacitación/4.1.5-Insribir_un_asistente" time="22.604" classname="Test Cases/1.2-Tareas_Secundarias/4.1-Pruebas_Capacitación/4.1.5-Insribir_un_asistente" status="PASSED">
         <system-out><![CDATA[2022-04-06 11:27:25 - [TEST_CASE][PASSED] - Test Cases/1.2-Tareas_Secundarias/4.1-Pruebas_Capacitación/4.1.5-Insribir_un_asistente: Test Cases/1.2-Tareas_Secundarias/4.1-Pruebas_Capacitación/4.1.5-Insribir_un_asistente

2022-04-06 11:27:26 - [TEST_STEP][PASSED] - comment("PENDIENTE POR REPARAR FALLA SE PUEDE EJECUTAR PERO FALLA"): PENDIENTE POR REPARAR FALLA SE PUEDE EJECUTAR PERO FALLA

2022-04-06 11:27:26 - [MESSAGE][INFO] - PENDIENTE POR REPARAR FALLA SE PUEDE EJECUTAR PERO FALLA

2022-04-06 11:27:26 - [TEST_STEP][PASSED] - callTestCase(findTestCase("Utilidades-(atajos_para _tareas)/Modulos/Modulo Control Evento Capacitacion"), [:], STOP_ON_FAILURE): Call Test Case 'Test Cases/Utilidades-(atajos_para _tareas)/Modulos/Modulo Control Evento Capacitacion' successfully

2022-04-06 11:27:26 - [TEST_CASE][PASSED] - Test Cases/Utilidades-(atajos_para _tareas)/Modulos/Modulo Control Evento Capacitacion: Test Cases/Utilidades-(atajos_para _tareas)/Modulos/Modulo Control Evento Capacitacion

2022-04-06 11:27:26 - [TEST_STEP][PASSED] - callTestCase(findTestCase("0.1-Login"), [:], STOP_ON_FAILURE): Call Test Case 'Test Cases/0.1-Login' successfully

2022-04-06 11:27:26 - [TEST_CASE][PASSED] - Test Cases/0.1-Login: Test Cases/0.1-Login

2022-04-06 11:27:26 - [TEST_STEP][PASSED] - openBrowser(""): Browser is opened with url: ''

2022-04-06 11:27:26 - [MESSAGE][INFO] - Starting 'Chrome' driver

2022-04-06 11:27:26 - [MESSAGE][INFO] - Action delay is set to 0 milliseconds

2022-04-06 11:27:28 - [MESSAGE][PASSED] - Browser is opened with url: ''

2022-04-06 11:27:28 - [TEST_STEP][PASSED] - maximizeWindow(): Current window maximized

2022-04-06 11:27:28 - [MESSAGE][PASSED] - Current window maximized

2022-04-06 11:27:28 - [TEST_STEP][PASSED] - i = G_Login: null

2022-04-06 11:27:28 - [TEST_STEP][PASSED] - url = new java.net.URL(i): null

2022-04-06 11:27:28 - [TEST_STEP][PASSED] - println("URL: " + url.toString()): null

2022-04-06 11:27:28 - [TEST_STEP][PASSED] - connection = url.openConnection(): null

2022-04-06 11:27:28 - [TEST_STEP][PASSED] - connection.setRequestMethod("GET"): null

2022-04-06 11:27:28 - [TEST_STEP][PASSED] - connection.setReadTimeout(2 * 1000): null

2022-04-06 11:27:28 - [TEST_STEP][PASSED] - try: null

2022-04-06 11:27:28 - [TEST_STEP][PASSED] - connection.connect(): null

2022-04-06 11:27:28 - [TEST_STEP][PASSED] - flag = connected: null

2022-04-06 11:27:28 - [TEST_STEP][PASSED] - println("Valor_ori: " + flag): null

2022-04-06 11:27:28 - [TEST_STEP][PASSED] - if (flag): null

2022-04-06 11:27:28 - [TEST_STEP][PASSED] - navigateToUrl(i): Navigate to 'http://192.168.2.19:8380/saraweb' successfully

2022-04-06 11:27:28 - [MESSAGE][PASSED] - Navigate to 'http://192.168.2.19:8380/saraweb' successfully

2022-04-06 11:27:28 - [TEST_STEP][PASSED] - a(): null

2022-04-06 11:27:28 - [TEST_STEP][PASSED] - setText(findTestObject("Login/input_USUARIO_loginusuario"), G_Usuario): Text 'saraadmin' is set on object 'Object Repository/Login/input_USUARIO_loginusuario'

2022-04-06 11:27:29 - [MESSAGE][PASSED] - Text 'saraadmin' is set on object 'Object Repository/Login/input_USUARIO_loginusuario'

2022-04-06 11:27:29 - [TEST_STEP][PASSED] - setEncryptedText(findTestObject("Login/input_CLAVE_loginpassword"), "MkG4/TYiCFC3cb2driP7+Q=="): Text ****** has been set on object 'Object Repository/Login/input_CLAVE_loginpassword'

2022-04-06 11:27:29 - [MESSAGE][PASSED] - Text ****** has been set on object 'Object Repository/Login/input_CLAVE_loginpassword'

2022-04-06 11:27:29 - [TEST_STEP][PASSED] - waitForElementClickable(findTestObject("Login/a_Ingresar"), G_TimeOut): Object 'Object Repository/Login/a_Ingresar' is clickable

2022-04-06 11:27:30 - [MESSAGE][PASSED] - Object 'Object Repository/Login/a_Ingresar' is clickable

2022-04-06 11:27:30 - [TEST_STEP][PASSED] - click(findTestObject("Login/a_Ingresar")): Object: 'Object Repository/Login/a_Ingresar' is clicked on

2022-04-06 11:27:31 - [MESSAGE][PASSED] - Object: 'Object Repository/Login/a_Ingresar' is clicked on

2022-04-06 11:27:31 - [TEST_STEP][PASSED] - element = findWebElement(findTestObject("Login/a_Ir"), 30): null

2022-04-06 11:27:31 - [TEST_STEP][PASSED] - executeJavaScript("arguments[0].click()", Arrays.asList(element)): Execute JavaScript 'arguments[0].click()' successfully

2022-04-06 11:27:32 - [MESSAGE][PASSED] - Execute JavaScript 'arguments[0].click()' successfully

2022-04-06 11:27:32 - [MESSAGE][PASSED] - Call Test Case 'Test Cases/0.1-Login' successfully

2022-04-06 11:27:32 - [TEST_STEP][PASSED] - setText(findTestObject("Modulo Control Evento Capacitacion/input_ADMINISTRADOR DEL SISTEMA - SARA_form_templatej_idt24_input"), "Control Evento"): Text 'Control Evento' is set on object 'Object Repository/Modulo Control Evento Capacitacion/input_ADMINISTRADOR DEL SISTEMA - SARA_form_templatej_idt24_input'

2022-04-06 11:27:33 - [MESSAGE][PASSED] - Text 'Control Evento' is set on object 'Object Repository/Modulo Control Evento Capacitacion/input_ADMINISTRADOR DEL SISTEMA - SARA_form_templatej_idt24_input'

2022-04-06 11:27:33 - [TEST_STEP][PASSED] - click(findTestObject("Modulo Control Evento Capacitacion/li_Control Evento Capacitacion (cap)")): Object: 'Object Repository/Modulo Control Evento Capacitacion/li_Control Evento Capacitacion (cap)' is clicked on

2022-04-06 11:27:34 - [MESSAGE][PASSED] - Object: 'Object Repository/Modulo Control Evento Capacitacion/li_Control Evento Capacitacion (cap)' is clicked on

2022-04-06 11:27:34 - [MESSAGE][PASSED] - Call Test Case 'Test Cases/Utilidades-(atajos_para _tareas)/Modulos/Modulo Control Evento Capacitacion' successfully

2022-04-06 11:27:34 - [TEST_STEP][PASSED] - click(findTestObject("M-OBJECTS TAREAS SECUNDARIAS/Pruebas capacitacion/Inscribir_un_asistente/td_Prueba")): Object: 'Object Repository/M-OBJECTS TAREAS SECUNDARIAS/Pruebas capacitacion/Inscribir_un_asistente/td_Prueba' is clicked on

2022-04-06 11:27:35 - [MESSAGE][PASSED] - Object: 'Object Repository/M-OBJECTS TAREAS SECUNDARIAS/Pruebas capacitacion/Inscribir_un_asistente/td_Prueba' is clicked on

2022-04-06 11:27:35 - [TEST_STEP][PASSED] - click(findTestObject("M-OBJECTS TAREAS SECUNDARIAS/Pruebas capacitacion/Inscribir_un_asistente/div_Asistentes")): Object: 'Object Repository/M-OBJECTS TAREAS SECUNDARIAS/Pruebas capacitacion/Inscribir_un_asistente/div_Asistentes' is clicked on

2022-04-06 11:27:36 - [MESSAGE][PASSED] - Object: 'Object Repository/M-OBJECTS TAREAS SECUNDARIAS/Pruebas capacitacion/Inscribir_un_asistente/div_Asistentes' is clicked on

2022-04-06 11:27:36 - [TEST_STEP][PASSED] - click(findTestObject("M-OBJECTS TAREAS SECUNDARIAS/Pruebas capacitacion/Inscribir_un_asistente/a_Registro")): Object: 'Object Repository/M-OBJECTS TAREAS SECUNDARIAS/Pruebas capacitacion/Inscribir_un_asistente/a_Registro' is clicked on

2022-04-06 11:27:36 - [MESSAGE][PASSED] - Object: 'Object Repository/M-OBJECTS TAREAS SECUNDARIAS/Pruebas capacitacion/Inscribir_un_asistente/a_Registro' is clicked on

2022-04-06 11:27:36 - [TEST_STEP][PASSED] - if (waitForElementPresent(findTestObject("M-OBJECTS TAREAS SECUNDARIAS/Pruebas capacitacion/Inscribir_un_asistente/td_prueba ka Pruebas"), 1)): Object 'Object Repository/M-OBJECTS TAREAS SECUNDARIAS/Pruebas capacitacion/Inscribir_un_asistente/td_prueba ka Pruebas' is not present after 1 second(s)

2022-04-06 11:27:39 - [MESSAGE][INFO] - Unable to find the element located by 'By.xpath: //*/text()[normalize-space(.)='prueba ka Pruebas']/parent::*'. Please recheck the objects properties to make sure the desired element is located. 

2022-04-06 11:27:39 - [MESSAGE][WARNING] - Object 'Object Repository/M-OBJECTS TAREAS SECUNDARIAS/Pruebas capacitacion/Inscribir_un_asistente/td_prueba ka Pruebas' is not present after 1 second(s)

2022-04-06 11:27:39 - [TEST_STEP][PASSED] - click(findTestObject("M-OBJECTS TAREAS SECUNDARIAS/Pruebas capacitacion/Inscribir_un_asistente/a_Nuevo")): Object: 'Object Repository/M-OBJECTS TAREAS SECUNDARIAS/Pruebas capacitacion/Inscribir_un_asistente/a_Nuevo' is clicked on

2022-04-06 11:27:39 - [MESSAGE][PASSED] - Object: 'Object Repository/M-OBJECTS TAREAS SECUNDARIAS/Pruebas capacitacion/Inscribir_un_asistente/a_Nuevo' is clicked on

2022-04-06 11:27:39 - [TEST_STEP][PASSED] - selectOptionByIndex(findTestObject("M-OBJECTS TAREAS SECUNDARIAS/Pruebas capacitacion/Inscribir_un_asistente/select_SeleccioneExternoInterno"), 1): All options with index in [1] are selected on object 'Object Repository/M-OBJECTS TAREAS SECUNDARIAS/Pruebas capacitacion/Inscribir_un_asistente/select_SeleccioneExternoInterno'

2022-04-06 11:27:40 - [MESSAGE][PASSED] - All options with index in [1] are selected on object 'Object Repository/M-OBJECTS TAREAS SECUNDARIAS/Pruebas capacitacion/Inscribir_un_asistente/select_SeleccioneExternoInterno'

2022-04-06 11:27:40 - [TEST_STEP][PASSED] - setText(findTestObject("M-OBJECTS TAREAS SECUNDARIAS/Pruebas capacitacion/Inscribir_un_asistente/input_Documento_formAsistenteEventopanelTabAsistenteEvendocumentoAsistenteAlfaNumerico"), "123456789"): Text '123456789' is set on object 'Object Repository/M-OBJECTS TAREAS SECUNDARIAS/Pruebas capacitacion/Inscribir_un_asistente/input_Documento_formAsistenteEventopanelTabAsistenteEvendocumentoAsistenteAlfaNumerico'

2022-04-06 11:27:41 - [MESSAGE][PASSED] - Text '123456789' is set on object 'Object Repository/M-OBJECTS TAREAS SECUNDARIAS/Pruebas capacitacion/Inscribir_un_asistente/input_Documento_formAsistenteEventopanelTabAsistenteEvendocumentoAsistenteAlfaNumerico'

2022-04-06 11:27:41 - [TEST_STEP][PASSED] - setText(findTestObject("M-OBJECTS TAREAS SECUNDARIAS/Pruebas capacitacion/Inscribir_un_asistente/input_Nombres_formAsistenteEventopanelTabAsistenteEvennombresAsistente"), "Pruebas"): Text 'Pruebas' is set on object 'Object Repository/M-OBJECTS TAREAS SECUNDARIAS/Pruebas capacitacion/Inscribir_un_asistente/input_Nombres_formAsistenteEventopanelTabAsistenteEvennombresAsistente'

2022-04-06 11:27:42 - [MESSAGE][PASSED] - Text 'Pruebas' is set on object 'Object Repository/M-OBJECTS TAREAS SECUNDARIAS/Pruebas capacitacion/Inscribir_un_asistente/input_Nombres_formAsistenteEventopanelTabAsistenteEvennombresAsistente'

2022-04-06 11:27:42 - [TEST_STEP][PASSED] - setText(findTestObject("M-OBJECTS TAREAS SECUNDARIAS/Pruebas capacitacion/Inscribir_un_asistente/input_Primer Apellido_formAsistenteEventopanelTabAsistenteEvenprimerApellidoAsistente"), "prueba"): Text 'prueba' is set on object 'Object Repository/M-OBJECTS TAREAS SECUNDARIAS/Pruebas capacitacion/Inscribir_un_asistente/input_Primer Apellido_formAsistenteEventopanelTabAsistenteEvenprimerApellidoAsistente'

2022-04-06 11:27:42 - [MESSAGE][PASSED] - Text 'prueba' is set on object 'Object Repository/M-OBJECTS TAREAS SECUNDARIAS/Pruebas capacitacion/Inscribir_un_asistente/input_Primer Apellido_formAsistenteEventopanelTabAsistenteEvenprimerApellidoAsistente'

2022-04-06 11:27:42 - [TEST_STEP][PASSED] - setText(findTestObject("M-OBJECTS TAREAS SECUNDARIAS/Pruebas capacitacion/Inscribir_un_asistente/input_Segundo Apellido_formAsistenteEventopanelTabAsistenteEvensegundoApellidoAsistente"), "ka"): Text 'ka' is set on object 'Object Repository/M-OBJECTS TAREAS SECUNDARIAS/Pruebas capacitacion/Inscribir_un_asistente/input_Segundo Apellido_formAsistenteEventopanelTabAsistenteEvensegundoApellidoAsistente'

2022-04-06 11:27:43 - [MESSAGE][PASSED] - Text 'ka' is set on object 'Object Repository/M-OBJECTS TAREAS SECUNDARIAS/Pruebas capacitacion/Inscribir_un_asistente/input_Segundo Apellido_formAsistenteEventopanelTabAsistenteEvensegundoApellidoAsistente'

2022-04-06 11:27:43 - [TEST_STEP][PASSED] - setText(findTestObject("M-OBJECTS TAREAS SECUNDARIAS/Pruebas capacitacion/Inscribir_un_asistente/input_Email_formAsistenteEventopanelTabAsistenteEvenemail"), "autotestus1994@gmail.com"): Text 'autotestus1994@gmail.com' is set on object 'Object Repository/M-OBJECTS TAREAS SECUNDARIAS/Pruebas capacitacion/Inscribir_un_asistente/input_Email_formAsistenteEventopanelTabAsistenteEvenemail'

2022-04-06 11:27:44 - [MESSAGE][PASSED] - Text 'autotestus1994@gmail.com' is set on object 'Object Repository/M-OBJECTS TAREAS SECUNDARIAS/Pruebas capacitacion/Inscribir_un_asistente/input_Email_formAsistenteEventopanelTabAsistenteEvenemail'

2022-04-06 11:27:44 - [TEST_STEP][PASSED] - setText(findTestObject("M-OBJECTS TAREAS SECUNDARIAS/Pruebas capacitacion/Inscribir_un_asistente/input_Tipo de Vinculacin_formAsistenteEventopanelTabAsistenteEventipovinculacion"), "null"): Text 'null' is set on object 'Object Repository/M-OBJECTS TAREAS SECUNDARIAS/Pruebas capacitacion/Inscribir_un_asistente/input_Tipo de Vinculacin_formAsistenteEventopanelTabAsistenteEventipovinculacion'

2022-04-06 11:27:44 - [MESSAGE][PASSED] - Text 'null' is set on object 'Object Repository/M-OBJECTS TAREAS SECUNDARIAS/Pruebas capacitacion/Inscribir_un_asistente/input_Tipo de Vinculacin_formAsistenteEventopanelTabAsistenteEventipovinculacion'

2022-04-06 11:27:44 - [TEST_STEP][PASSED] - selectOptionByIndex(findTestObject("M-OBJECTS TAREAS SECUNDARIAS/Pruebas capacitacion/Inscribir_un_asistente/select_SeleccioneACEPTADOFINALIZADOINSCRITONO ACEPTADONO APROBADONO ASISTIO"), "3"): All options with index in [3] are selected on object 'Object Repository/M-OBJECTS TAREAS SECUNDARIAS/Pruebas capacitacion/Inscribir_un_asistente/select_SeleccioneACEPTADOFINALIZADOINSCRITONO ACEPTADONO APROBADONO ASISTIO'

2022-04-06 11:27:45 - [MESSAGE][PASSED] - All options with index in [3] are selected on object 'Object Repository/M-OBJECTS TAREAS SECUNDARIAS/Pruebas capacitacion/Inscribir_un_asistente/select_SeleccioneACEPTADOFINALIZADOINSCRITONO ACEPTADONO APROBADONO ASISTIO'

2022-04-06 11:27:45 - [TEST_STEP][PASSED] - selectOptionByIndex(findTestObject("M-OBJECTS TAREAS SECUNDARIAS/Pruebas capacitacion/Inscribir_un_asistente/select_SeleccionePrueba"), "1"): All options with index in [1] are selected on object 'Object Repository/M-OBJECTS TAREAS SECUNDARIAS/Pruebas capacitacion/Inscribir_un_asistente/select_SeleccionePrueba'

2022-04-06 11:27:46 - [MESSAGE][PASSED] - All options with index in [1] are selected on object 'Object Repository/M-OBJECTS TAREAS SECUNDARIAS/Pruebas capacitacion/Inscribir_un_asistente/select_SeleccionePrueba'

2022-04-06 11:27:46 - [TEST_STEP][PASSED] - selectOptionByIndex(findTestObject("M-OBJECTS TAREAS SECUNDARIAS/Pruebas capacitacion/Inscribir_un_asistente/select_SeleccionePrueba1pruebaPRUEBA PLAN CAPACITACIONPRUEBA SILVIA"), "1"): All options with index in [1] are selected on object 'Object Repository/M-OBJECTS TAREAS SECUNDARIAS/Pruebas capacitacion/Inscribir_un_asistente/select_SeleccionePrueba1pruebaPRUEBA PLAN CAPACITACIONPRUEBA SILVIA'

2022-04-06 11:27:47 - [MESSAGE][PASSED] - All options with index in [1] are selected on object 'Object Repository/M-OBJECTS TAREAS SECUNDARIAS/Pruebas capacitacion/Inscribir_un_asistente/select_SeleccionePrueba1pruebaPRUEBA PLAN CAPACITACIONPRUEBA SILVIA'

2022-04-06 11:27:47 - [TEST_STEP][PASSED] - setText(findTestObject("M-OBJECTS TAREAS SECUNDARIAS/Pruebas capacitacion/Inscribir_un_asistente/textarea_Observacin_formAsistenteEventopanelTabAsistenteEvenobservacion"), "Pruebas"): Text 'Pruebas' is set on object 'Object Repository/M-OBJECTS TAREAS SECUNDARIAS/Pruebas capacitacion/Inscribir_un_asistente/textarea_Observacin_formAsistenteEventopanelTabAsistenteEvenobservacion'

2022-04-06 11:27:48 - [MESSAGE][PASSED] - Text 'Pruebas' is set on object 'Object Repository/M-OBJECTS TAREAS SECUNDARIAS/Pruebas capacitacion/Inscribir_un_asistente/textarea_Observacin_formAsistenteEventopanelTabAsistenteEvenobservacion'

2022-04-06 11:27:48 - [TEST_STEP][PASSED] - click(findTestObject("M-OBJECTS TAREAS SECUNDARIAS/Pruebas capacitacion/Inscribir_un_asistente/a_Guardar")): Object: 'Object Repository/M-OBJECTS TAREAS SECUNDARIAS/Pruebas capacitacion/Inscribir_un_asistente/a_Guardar' is clicked on

2022-04-06 11:27:48 - [MESSAGE][PASSED] - Object: 'Object Repository/M-OBJECTS TAREAS SECUNDARIAS/Pruebas capacitacion/Inscribir_un_asistente/a_Guardar' is clicked on]]></system-out>
         <system-err><![CDATA[]]></system-err>
      </testcase>
      <testcase name="Test Cases/1.2-Tareas_Secundarias/4.1-Pruebas_Capacitación/4.1.6-Enviar_una_invitación" time="24.426" classname="Test Cases/1.2-Tareas_Secundarias/4.1-Pruebas_Capacitación/4.1.6-Enviar_una_invitación" status="PASSED">
         <system-out><![CDATA[2022-04-06 11:27:48 - [TEST_CASE][PASSED] - Test Cases/1.2-Tareas_Secundarias/4.1-Pruebas_Capacitación/4.1.6-Enviar_una_invitación: Test Cases/1.2-Tareas_Secundarias/4.1-Pruebas_Capacitación/4.1.6-Enviar_una_invitación

2022-04-06 11:27:48 - [TEST_STEP][PASSED] - callTestCase(findTestCase("Utilidades-(atajos_para _tareas)/Modulos/Modulo Control Evento Capacitacion"), [:], STOP_ON_FAILURE): Call Test Case 'Test Cases/Utilidades-(atajos_para _tareas)/Modulos/Modulo Control Evento Capacitacion' successfully

2022-04-06 11:27:48 - [TEST_CASE][PASSED] - Test Cases/Utilidades-(atajos_para _tareas)/Modulos/Modulo Control Evento Capacitacion: Test Cases/Utilidades-(atajos_para _tareas)/Modulos/Modulo Control Evento Capacitacion

2022-04-06 11:27:48 - [TEST_STEP][PASSED] - callTestCase(findTestCase("0.1-Login"), [:], STOP_ON_FAILURE): Call Test Case 'Test Cases/0.1-Login' successfully

2022-04-06 11:27:49 - [TEST_CASE][PASSED] - Test Cases/0.1-Login: Test Cases/0.1-Login

2022-04-06 11:27:49 - [TEST_STEP][PASSED] - openBrowser(""): Browser is opened with url: ''

2022-04-06 11:27:49 - [MESSAGE][WARNING] - A browser is already opened. Closing browser and opening a new one

2022-04-06 11:27:49 - [MESSAGE][INFO] - Starting 'Chrome' driver

2022-04-06 11:27:49 - [MESSAGE][INFO] - Action delay is set to 0 milliseconds

2022-04-06 11:27:51 - [MESSAGE][PASSED] - Browser is opened with url: ''

2022-04-06 11:27:51 - [TEST_STEP][PASSED] - maximizeWindow(): Current window maximized

2022-04-06 11:27:51 - [MESSAGE][PASSED] - Current window maximized

2022-04-06 11:27:51 - [TEST_STEP][PASSED] - i = G_Login: null

2022-04-06 11:27:51 - [TEST_STEP][PASSED] - url = new java.net.URL(i): null

2022-04-06 11:27:51 - [TEST_STEP][PASSED] - println("URL: " + url.toString()): null

2022-04-06 11:27:51 - [TEST_STEP][PASSED] - connection = url.openConnection(): null

2022-04-06 11:27:51 - [TEST_STEP][PASSED] - connection.setRequestMethod("GET"): null

2022-04-06 11:27:51 - [TEST_STEP][PASSED] - connection.setReadTimeout(2 * 1000): null

2022-04-06 11:27:51 - [TEST_STEP][PASSED] - try: null

2022-04-06 11:27:51 - [TEST_STEP][PASSED] - connection.connect(): null

2022-04-06 11:27:51 - [TEST_STEP][PASSED] - flag = connected: null

2022-04-06 11:27:51 - [TEST_STEP][PASSED] - println("Valor_ori: " + flag): null

2022-04-06 11:27:51 - [TEST_STEP][PASSED] - if (flag): null

2022-04-06 11:27:51 - [TEST_STEP][PASSED] - navigateToUrl(i): Navigate to 'http://192.168.2.19:8380/saraweb' successfully

2022-04-06 11:27:51 - [MESSAGE][PASSED] - Navigate to 'http://192.168.2.19:8380/saraweb' successfully

2022-04-06 11:27:51 - [TEST_STEP][PASSED] - a(): null

2022-04-06 11:27:51 - [TEST_STEP][PASSED] - setText(findTestObject("Login/input_USUARIO_loginusuario"), G_Usuario): Text 'saraadmin' is set on object 'Object Repository/Login/input_USUARIO_loginusuario'

2022-04-06 11:27:52 - [MESSAGE][PASSED] - Text 'saraadmin' is set on object 'Object Repository/Login/input_USUARIO_loginusuario'

2022-04-06 11:27:52 - [TEST_STEP][PASSED] - setEncryptedText(findTestObject("Login/input_CLAVE_loginpassword"), "MkG4/TYiCFC3cb2driP7+Q=="): Text ****** has been set on object 'Object Repository/Login/input_CLAVE_loginpassword'

2022-04-06 11:27:52 - [MESSAGE][PASSED] - Text ****** has been set on object 'Object Repository/Login/input_CLAVE_loginpassword'

2022-04-06 11:27:52 - [TEST_STEP][PASSED] - waitForElementClickable(findTestObject("Login/a_Ingresar"), G_TimeOut): Object 'Object Repository/Login/a_Ingresar' is clickable

2022-04-06 11:27:53 - [MESSAGE][PASSED] - Object 'Object Repository/Login/a_Ingresar' is clickable

2022-04-06 11:27:53 - [TEST_STEP][PASSED] - click(findTestObject("Login/a_Ingresar")): Object: 'Object Repository/Login/a_Ingresar' is clicked on

2022-04-06 11:27:54 - [MESSAGE][PASSED] - Object: 'Object Repository/Login/a_Ingresar' is clicked on

2022-04-06 11:27:54 - [TEST_STEP][PASSED] - element = findWebElement(findTestObject("Login/a_Ir"), 30): null

2022-04-06 11:27:54 - [TEST_STEP][PASSED] - executeJavaScript("arguments[0].click()", Arrays.asList(element)): Execute JavaScript 'arguments[0].click()' successfully

2022-04-06 11:27:54 - [MESSAGE][PASSED] - Execute JavaScript 'arguments[0].click()' successfully

2022-04-06 11:27:54 - [MESSAGE][PASSED] - Call Test Case 'Test Cases/0.1-Login' successfully

2022-04-06 11:27:54 - [TEST_STEP][PASSED] - setText(findTestObject("Modulo Control Evento Capacitacion/input_ADMINISTRADOR DEL SISTEMA - SARA_form_templatej_idt24_input"), "Control Evento"): Text 'Control Evento' is set on object 'Object Repository/Modulo Control Evento Capacitacion/input_ADMINISTRADOR DEL SISTEMA - SARA_form_templatej_idt24_input'

2022-04-06 11:27:56 - [MESSAGE][PASSED] - Text 'Control Evento' is set on object 'Object Repository/Modulo Control Evento Capacitacion/input_ADMINISTRADOR DEL SISTEMA - SARA_form_templatej_idt24_input'

2022-04-06 11:27:56 - [TEST_STEP][PASSED] - click(findTestObject("Modulo Control Evento Capacitacion/li_Control Evento Capacitacion (cap)")): Object: 'Object Repository/Modulo Control Evento Capacitacion/li_Control Evento Capacitacion (cap)' is clicked on

2022-04-06 11:27:57 - [MESSAGE][PASSED] - Object: 'Object Repository/Modulo Control Evento Capacitacion/li_Control Evento Capacitacion (cap)' is clicked on

2022-04-06 11:27:57 - [MESSAGE][PASSED] - Call Test Case 'Test Cases/Utilidades-(atajos_para _tareas)/Modulos/Modulo Control Evento Capacitacion' successfully

2022-04-06 11:27:57 - [TEST_STEP][PASSED] - click(findTestObject("M-OBJECTS TAREAS SECUNDARIAS/Pruebas capacitacion/Enviar_una_invitación/td_Prueba")): Object: 'Object Repository/M-OBJECTS TAREAS SECUNDARIAS/Pruebas capacitacion/Enviar_una_invitación/td_Prueba' is clicked on

2022-04-06 11:27:58 - [MESSAGE][PASSED] - Object: 'Object Repository/M-OBJECTS TAREAS SECUNDARIAS/Pruebas capacitacion/Enviar_una_invitación/td_Prueba' is clicked on

2022-04-06 11:27:58 - [TEST_STEP][PASSED] - click(findTestObject("M-OBJECTS TAREAS SECUNDARIAS/Pruebas capacitacion/Enviar_una_invitación/div_Asistentes")): Object: 'Object Repository/M-OBJECTS TAREAS SECUNDARIAS/Pruebas capacitacion/Enviar_una_invitación/div_Asistentes' is clicked on

2022-04-06 11:27:59 - [MESSAGE][PASSED] - Object: 'Object Repository/M-OBJECTS TAREAS SECUNDARIAS/Pruebas capacitacion/Enviar_una_invitación/div_Asistentes' is clicked on

2022-04-06 11:27:59 - [TEST_STEP][PASSED] - click(findTestObject("M-OBJECTS TAREAS SECUNDARIAS/Pruebas capacitacion/Enviar_una_invitación/a_Invitacin")): Object: 'Object Repository/M-OBJECTS TAREAS SECUNDARIAS/Pruebas capacitacion/Enviar_una_invitación/a_Invitacin' is clicked on

2022-04-06 11:27:59 - [MESSAGE][PASSED] - Object: 'Object Repository/M-OBJECTS TAREAS SECUNDARIAS/Pruebas capacitacion/Enviar_una_invitación/a_Invitacin' is clicked on

2022-04-06 11:27:59 - [TEST_STEP][PASSED] - click(findTestObject("M-OBJECTS TAREAS SECUNDARIAS/Pruebas capacitacion/Enviar_una_invitación/span_PLANTA")): Object: 'Object Repository/M-OBJECTS TAREAS SECUNDARIAS/Pruebas capacitacion/Enviar_una_invitación/span_PLANTA' is clicked on

2022-04-06 11:28:00 - [MESSAGE][PASSED] - Object: 'Object Repository/M-OBJECTS TAREAS SECUNDARIAS/Pruebas capacitacion/Enviar_una_invitación/span_PLANTA' is clicked on

2022-04-06 11:28:00 - [TEST_STEP][PASSED] - selectOptionByIndex(findTestObject("M-OBJECTS TAREAS SECUNDARIAS/Pruebas capacitacion/Enviar_una_invitación/select_SeleccioneCALIDADMENSUAL ABCMODELO EMPRESA QUINCENALPANSIONADOSPENSIONADOS BASEPRUEBAS"), 1): All options with index in [1] are selected on object 'Object Repository/M-OBJECTS TAREAS SECUNDARIAS/Pruebas capacitacion/Enviar_una_invitación/select_SeleccioneCALIDADMENSUAL ABCMODELO EMPRESA QUINCENALPANSIONADOSPENSIONADOS BASEPRUEBAS'

2022-04-06 11:28:01 - [MESSAGE][PASSED] - All options with index in [1] are selected on object 'Object Repository/M-OBJECTS TAREAS SECUNDARIAS/Pruebas capacitacion/Enviar_una_invitación/select_SeleccioneCALIDADMENSUAL ABCMODELO EMPRESA QUINCENALPANSIONADOSPENSIONADOS BASEPRUEBAS'

2022-04-06 11:28:01 - [TEST_STEP][PASSED] - click(findTestObject("M-OBJECTS TAREAS SECUNDARIAS/Pruebas capacitacion/Enviar_una_invitación/a_Unidad_invitacioneventoPopup_formlinkPopupUnidad")): Object: 'Object Repository/M-OBJECTS TAREAS SECUNDARIAS/Pruebas capacitacion/Enviar_una_invitación/a_Unidad_invitacioneventoPopup_formlinkPopupUnidad' is clicked on

2022-04-06 11:28:02 - [MESSAGE][PASSED] - Object: 'Object Repository/M-OBJECTS TAREAS SECUNDARIAS/Pruebas capacitacion/Enviar_una_invitación/a_Unidad_invitacioneventoPopup_formlinkPopupUnidad' is clicked on

2022-04-06 11:28:02 - [TEST_STEP][PASSED] - setText(findTestObject("M-OBJECTS TAREAS SECUNDARIAS/Pruebas capacitacion/Enviar_una_invitación/input_Unidad Organizacional_invitacioneventoPopup_formdescripciones"), "a"): Text 'a' is set on object 'Object Repository/M-OBJECTS TAREAS SECUNDARIAS/Pruebas capacitacion/Enviar_una_invitación/input_Unidad Organizacional_invitacioneventoPopup_formdescripciones'

2022-04-06 11:28:03 - [MESSAGE][PASSED] - Text 'a' is set on object 'Object Repository/M-OBJECTS TAREAS SECUNDARIAS/Pruebas capacitacion/Enviar_una_invitación/input_Unidad Organizacional_invitacioneventoPopup_formdescripciones'

2022-04-06 11:28:03 - [TEST_STEP][PASSED] - sendKeys(findTestObject("M-OBJECTS TAREAS SECUNDARIAS/Pruebas capacitacion/Enviar_una_invitación/input_Unidad Organizacional_invitacioneventoPopup_formdescripciones"), Keys.chord(ENTER)): Keys 'ENTER + ' sent to object: 'Object Repository/M-OBJECTS TAREAS SECUNDARIAS/Pruebas capacitacion/Enviar_una_invitación/input_Unidad Organizacional_invitacioneventoPopup_formdescripciones'

2022-04-06 11:28:04 - [MESSAGE][PASSED] - Keys 'ENTER + ' sent to object: 'Object Repository/M-OBJECTS TAREAS SECUNDARIAS/Pruebas capacitacion/Enviar_una_invitación/input_Unidad Organizacional_invitacioneventoPopup_formdescripciones'

2022-04-06 11:28:04 - [TEST_STEP][PASSED] - click(findTestObject("M-OBJECTS TAREAS SECUNDARIAS/Pruebas capacitacion/Enviar_una_invitación/span_A1")): Object: 'Object Repository/M-OBJECTS TAREAS SECUNDARIAS/Pruebas capacitacion/Enviar_una_invitación/span_A1' is clicked on

2022-04-06 11:28:04 - [MESSAGE][PASSED] - Object: 'Object Repository/M-OBJECTS TAREAS SECUNDARIAS/Pruebas capacitacion/Enviar_una_invitación/span_A1' is clicked on

2022-04-06 11:28:04 - [TEST_STEP][PASSED] - click(findTestObject("M-OBJECTS TAREAS SECUNDARIAS/Pruebas capacitacion/Enviar_una_invitación/a_Cargo_invitacioneventoPopup_formfiltroPopupCargo")): Object: 'Object Repository/M-OBJECTS TAREAS SECUNDARIAS/Pruebas capacitacion/Enviar_una_invitación/a_Cargo_invitacioneventoPopup_formfiltroPopupCargo' is clicked on

2022-04-06 11:28:05 - [MESSAGE][PASSED] - Object: 'Object Repository/M-OBJECTS TAREAS SECUNDARIAS/Pruebas capacitacion/Enviar_una_invitación/a_Cargo_invitacioneventoPopup_formfiltroPopupCargo' is clicked on

2022-04-06 11:28:05 - [TEST_STEP][PASSED] - click(findTestObject("M-OBJECTS TAREAS SECUNDARIAS/Pruebas capacitacion/Enviar_una_invitación/span_ANALISTA DE SISTEMAS")): Object: 'Object Repository/M-OBJECTS TAREAS SECUNDARIAS/Pruebas capacitacion/Enviar_una_invitación/span_ANALISTA DE SISTEMAS' is clicked on

2022-04-06 11:28:06 - [MESSAGE][PASSED] - Object: 'Object Repository/M-OBJECTS TAREAS SECUNDARIAS/Pruebas capacitacion/Enviar_una_invitación/span_ANALISTA DE SISTEMAS' is clicked on

2022-04-06 11:28:06 - [TEST_STEP][PASSED] - click(findTestObject("M-OBJECTS TAREAS SECUNDARIAS/Pruebas capacitacion/Enviar_una_invitación/a_Empleado_invitacioneventoPopup_formlinkPopupCoordinador")): Object: 'Object Repository/M-OBJECTS TAREAS SECUNDARIAS/Pruebas capacitacion/Enviar_una_invitación/a_Empleado_invitacioneventoPopup_formlinkPopupCoordinador' is clicked on

2022-04-06 11:28:07 - [MESSAGE][PASSED] - Object: 'Object Repository/M-OBJECTS TAREAS SECUNDARIAS/Pruebas capacitacion/Enviar_una_invitación/a_Empleado_invitacioneventoPopup_formlinkPopupCoordinador' is clicked on

2022-04-06 11:28:07 - [TEST_STEP][PASSED] - setText(findTestObject("M-OBJECTS TAREAS SECUNDARIAS/Pruebas capacitacion/Enviar_una_invitación/input_Filtro Hoja de Vida_formPopupHojaVidaj_idt1714"), "a"): Text 'a' is set on object 'Object Repository/M-OBJECTS TAREAS SECUNDARIAS/Pruebas capacitacion/Enviar_una_invitación/input_Filtro Hoja de Vida_formPopupHojaVidaj_idt1714'

2022-04-06 11:28:08 - [MESSAGE][PASSED] - Text 'a' is set on object 'Object Repository/M-OBJECTS TAREAS SECUNDARIAS/Pruebas capacitacion/Enviar_una_invitación/input_Filtro Hoja de Vida_formPopupHojaVidaj_idt1714'

2022-04-06 11:28:08 - [TEST_STEP][PASSED] - sendKeys(findTestObject("M-OBJECTS TAREAS SECUNDARIAS/Pruebas capacitacion/Enviar_una_invitación/input_Filtro Hoja de Vida_formPopupHojaVidaj_idt1714"), Keys.chord(ENTER)): Keys 'ENTER + ' sent to object: 'Object Repository/M-OBJECTS TAREAS SECUNDARIAS/Pruebas capacitacion/Enviar_una_invitación/input_Filtro Hoja de Vida_formPopupHojaVidaj_idt1714'

2022-04-06 11:28:08 - [MESSAGE][PASSED] - Keys 'ENTER + ' sent to object: 'Object Repository/M-OBJECTS TAREAS SECUNDARIAS/Pruebas capacitacion/Enviar_una_invitación/input_Filtro Hoja de Vida_formPopupHojaVidaj_idt1714'

2022-04-06 11:28:08 - [TEST_STEP][PASSED] - click(findTestObject("M-OBJECTS TAREAS SECUNDARIAS/Pruebas capacitacion/Enviar_una_invitación/span_A A A")): Object: 'Object Repository/M-OBJECTS TAREAS SECUNDARIAS/Pruebas capacitacion/Enviar_una_invitación/span_A A A' is clicked on

2022-04-06 11:28:09 - [MESSAGE][PASSED] - Object: 'Object Repository/M-OBJECTS TAREAS SECUNDARIAS/Pruebas capacitacion/Enviar_una_invitación/span_A A A' is clicked on

2022-04-06 11:28:09 - [TEST_STEP][PASSED] - selectOptionByIndex(findTestObject("M-OBJECTS TAREAS SECUNDARIAS/Pruebas capacitacion/Enviar_una_invitación/select_SeleccionePrueba"), 1): All options with index in [1] are selected on object 'Object Repository/M-OBJECTS TAREAS SECUNDARIAS/Pruebas capacitacion/Enviar_una_invitación/select_SeleccionePrueba'

2022-04-06 11:28:11 - [MESSAGE][PASSED] - All options with index in [1] are selected on object 'Object Repository/M-OBJECTS TAREAS SECUNDARIAS/Pruebas capacitacion/Enviar_una_invitación/select_SeleccionePrueba'

2022-04-06 11:28:11 - [TEST_STEP][PASSED] - setText(findTestObject("M-OBJECTS TAREAS SECUNDARIAS/Pruebas capacitacion/Enviar_una_invitación/input_Asunto_invitacioneventoPopup_formasunto"), "null"): Text 'null' is set on object 'Object Repository/M-OBJECTS TAREAS SECUNDARIAS/Pruebas capacitacion/Enviar_una_invitación/input_Asunto_invitacioneventoPopup_formasunto'

2022-04-06 11:28:11 - [MESSAGE][PASSED] - Text 'null' is set on object 'Object Repository/M-OBJECTS TAREAS SECUNDARIAS/Pruebas capacitacion/Enviar_una_invitación/input_Asunto_invitacioneventoPopup_formasunto'

2022-04-06 11:28:11 - [TEST_STEP][PASSED] - click(findTestObject("M-OBJECTS TAREAS SECUNDARIAS/Pruebas capacitacion/Enviar_una_invitación/a_Invitacin1")): Object: 'Object Repository/M-OBJECTS TAREAS SECUNDARIAS/Pruebas capacitacion/Enviar_una_invitación/a_Invitacin1' is clicked on

2022-04-06 11:28:12 - [MESSAGE][PASSED] - Object: 'Object Repository/M-OBJECTS TAREAS SECUNDARIAS/Pruebas capacitacion/Enviar_una_invitación/a_Invitacin1' is clicked on

2022-04-06 11:28:12 - [TEST_STEP][PASSED] - closeBrowser(): Browser is closed

2022-04-06 11:28:12 - [MESSAGE][PASSED] - Browser is closed]]></system-out>
         <system-err><![CDATA[]]></system-err>
      </testcase>
      <testcase name="Test Cases/1.2-Tareas_Secundarias/4.1-Pruebas_Capacitación/4.1.7-Cambiar_estado_de_un_asistente" time="13.825" classname="Test Cases/1.2-Tareas_Secundarias/4.1-Pruebas_Capacitación/4.1.7-Cambiar_estado_de_un_asistente" status="PASSED">
         <system-out><![CDATA[2022-04-06 11:28:12 - [TEST_CASE][PASSED] - Test Cases/1.2-Tareas_Secundarias/4.1-Pruebas_Capacitación/4.1.7-Cambiar_estado_de_un_asistente: Test Cases/1.2-Tareas_Secundarias/4.1-Pruebas_Capacitación/4.1.7-Cambiar_estado_de_un_asistente

2022-04-06 11:28:13 - [TEST_STEP][PASSED] - callTestCase(findTestCase("Utilidades-(atajos_para _tareas)/Modulos/Modulo Control Evento Capacitacion"), [:], STOP_ON_FAILURE): Call Test Case 'Test Cases/Utilidades-(atajos_para _tareas)/Modulos/Modulo Control Evento Capacitacion' successfully

2022-04-06 11:28:13 - [TEST_CASE][PASSED] - Test Cases/Utilidades-(atajos_para _tareas)/Modulos/Modulo Control Evento Capacitacion: Test Cases/Utilidades-(atajos_para _tareas)/Modulos/Modulo Control Evento Capacitacion

2022-04-06 11:28:13 - [TEST_STEP][PASSED] - callTestCase(findTestCase("0.1-Login"), [:], STOP_ON_FAILURE): Call Test Case 'Test Cases/0.1-Login' successfully

2022-04-06 11:28:13 - [TEST_CASE][PASSED] - Test Cases/0.1-Login: Test Cases/0.1-Login

2022-04-06 11:28:13 - [TEST_STEP][PASSED] - openBrowser(""): Browser is opened with url: ''

2022-04-06 11:28:13 - [MESSAGE][INFO] - Starting 'Chrome' driver

2022-04-06 11:28:13 - [MESSAGE][INFO] - Action delay is set to 0 milliseconds

2022-04-06 11:28:14 - [MESSAGE][PASSED] - Browser is opened with url: ''

2022-04-06 11:28:14 - [TEST_STEP][PASSED] - maximizeWindow(): Current window maximized

2022-04-06 11:28:14 - [MESSAGE][PASSED] - Current window maximized

2022-04-06 11:28:14 - [TEST_STEP][PASSED] - i = G_Login: null

2022-04-06 11:28:14 - [TEST_STEP][PASSED] - url = new java.net.URL(i): null

2022-04-06 11:28:14 - [TEST_STEP][PASSED] - println("URL: " + url.toString()): null

2022-04-06 11:28:14 - [TEST_STEP][PASSED] - connection = url.openConnection(): null

2022-04-06 11:28:14 - [TEST_STEP][PASSED] - connection.setRequestMethod("GET"): null

2022-04-06 11:28:14 - [TEST_STEP][PASSED] - connection.setReadTimeout(2 * 1000): null

2022-04-06 11:28:14 - [TEST_STEP][PASSED] - try: null

2022-04-06 11:28:14 - [TEST_STEP][PASSED] - connection.connect(): null

2022-04-06 11:28:14 - [TEST_STEP][PASSED] - flag = connected: null

2022-04-06 11:28:14 - [TEST_STEP][PASSED] - println("Valor_ori: " + flag): null

2022-04-06 11:28:14 - [TEST_STEP][PASSED] - if (flag): null

2022-04-06 11:28:14 - [TEST_STEP][PASSED] - navigateToUrl(i): Navigate to 'http://192.168.2.19:8380/saraweb' successfully

2022-04-06 11:28:15 - [MESSAGE][PASSED] - Navigate to 'http://192.168.2.19:8380/saraweb' successfully

2022-04-06 11:28:15 - [TEST_STEP][PASSED] - a(): null

2022-04-06 11:28:15 - [TEST_STEP][PASSED] - setText(findTestObject("Login/input_USUARIO_loginusuario"), G_Usuario): Text 'saraadmin' is set on object 'Object Repository/Login/input_USUARIO_loginusuario'

2022-04-06 11:28:15 - [MESSAGE][PASSED] - Text 'saraadmin' is set on object 'Object Repository/Login/input_USUARIO_loginusuario'

2022-04-06 11:28:15 - [TEST_STEP][PASSED] - setEncryptedText(findTestObject("Login/input_CLAVE_loginpassword"), "MkG4/TYiCFC3cb2driP7+Q=="): Text ****** has been set on object 'Object Repository/Login/input_CLAVE_loginpassword'

2022-04-06 11:28:16 - [MESSAGE][PASSED] - Text ****** has been set on object 'Object Repository/Login/input_CLAVE_loginpassword'

2022-04-06 11:28:16 - [TEST_STEP][PASSED] - waitForElementClickable(findTestObject("Login/a_Ingresar"), G_TimeOut): Object 'Object Repository/Login/a_Ingresar' is clickable

2022-04-06 11:28:16 - [MESSAGE][PASSED] - Object 'Object Repository/Login/a_Ingresar' is clickable

2022-04-06 11:28:16 - [TEST_STEP][PASSED] - click(findTestObject("Login/a_Ingresar")): Object: 'Object Repository/Login/a_Ingresar' is clicked on

2022-04-06 11:28:17 - [MESSAGE][PASSED] - Object: 'Object Repository/Login/a_Ingresar' is clicked on

2022-04-06 11:28:17 - [TEST_STEP][PASSED] - element = findWebElement(findTestObject("Login/a_Ir"), 30): null

2022-04-06 11:28:18 - [TEST_STEP][PASSED] - executeJavaScript("arguments[0].click()", Arrays.asList(element)): Execute JavaScript 'arguments[0].click()' successfully

2022-04-06 11:28:18 - [MESSAGE][PASSED] - Execute JavaScript 'arguments[0].click()' successfully

2022-04-06 11:28:18 - [MESSAGE][PASSED] - Call Test Case 'Test Cases/0.1-Login' successfully

2022-04-06 11:28:18 - [TEST_STEP][PASSED] - setText(findTestObject("Modulo Control Evento Capacitacion/input_ADMINISTRADOR DEL SISTEMA - SARA_form_templatej_idt24_input"), "Control Evento"): Text 'Control Evento' is set on object 'Object Repository/Modulo Control Evento Capacitacion/input_ADMINISTRADOR DEL SISTEMA - SARA_form_templatej_idt24_input'

2022-04-06 11:28:19 - [MESSAGE][PASSED] - Text 'Control Evento' is set on object 'Object Repository/Modulo Control Evento Capacitacion/input_ADMINISTRADOR DEL SISTEMA - SARA_form_templatej_idt24_input'

2022-04-06 11:28:19 - [TEST_STEP][PASSED] - click(findTestObject("Modulo Control Evento Capacitacion/li_Control Evento Capacitacion (cap)")): Object: 'Object Repository/Modulo Control Evento Capacitacion/li_Control Evento Capacitacion (cap)' is clicked on

2022-04-06 11:28:20 - [MESSAGE][PASSED] - Object: 'Object Repository/Modulo Control Evento Capacitacion/li_Control Evento Capacitacion (cap)' is clicked on

2022-04-06 11:28:20 - [MESSAGE][PASSED] - Call Test Case 'Test Cases/Utilidades-(atajos_para _tareas)/Modulos/Modulo Control Evento Capacitacion' successfully

2022-04-06 11:28:20 - [TEST_STEP][PASSED] - click(findTestObject("M-OBJECTS TAREAS SECUNDARIAS/Pruebas capacitacion/Cambiar_estado_de_un_asistente/td_Prueba")): Object: 'Object Repository/M-OBJECTS TAREAS SECUNDARIAS/Pruebas capacitacion/Cambiar_estado_de_un_asistente/td_Prueba' is clicked on

2022-04-06 11:28:22 - [MESSAGE][PASSED] - Object: 'Object Repository/M-OBJECTS TAREAS SECUNDARIAS/Pruebas capacitacion/Cambiar_estado_de_un_asistente/td_Prueba' is clicked on

2022-04-06 11:28:22 - [TEST_STEP][PASSED] - click(findTestObject("M-OBJECTS TAREAS SECUNDARIAS/Pruebas capacitacion/Cambiar_estado_de_un_asistente/div_Asistentes")): Object: 'Object Repository/M-OBJECTS TAREAS SECUNDARIAS/Pruebas capacitacion/Cambiar_estado_de_un_asistente/div_Asistentes' is clicked on

2022-04-06 11:28:22 - [MESSAGE][PASSED] - Object: 'Object Repository/M-OBJECTS TAREAS SECUNDARIAS/Pruebas capacitacion/Cambiar_estado_de_un_asistente/div_Asistentes' is clicked on

2022-04-06 11:28:22 - [TEST_STEP][PASSED] - click(findTestObject("M-OBJECTS TAREAS SECUNDARIAS/Pruebas capacitacion/Cambiar_estado_de_un_asistente/a_Registro")): Object: 'Object Repository/M-OBJECTS TAREAS SECUNDARIAS/Pruebas capacitacion/Cambiar_estado_de_un_asistente/a_Registro' is clicked on

2022-04-06 11:28:23 - [MESSAGE][PASSED] - Object: 'Object Repository/M-OBJECTS TAREAS SECUNDARIAS/Pruebas capacitacion/Cambiar_estado_de_un_asistente/a_Registro' is clicked on

2022-04-06 11:28:23 - [TEST_STEP][PASSED] - if (waitForElementPresent(findTestObject("M-OBJECTS TAREAS SECUNDARIAS/Pruebas capacitacion/Cambiar_estado_de_un_asistente/td_prueba ka Pruebas"), 1)): null

2022-04-06 11:28:23 - [MESSAGE][PASSED] - Object 'Object Repository/M-OBJECTS TAREAS SECUNDARIAS/Pruebas capacitacion/Cambiar_estado_de_un_asistente/td_prueba ka Pruebas' is present

2022-04-06 11:28:23 - [TEST_STEP][PASSED] - click(findTestObject("M-OBJECTS TAREAS SECUNDARIAS/Pruebas capacitacion/Cambiar_estado_de_un_asistente/td_prueba ka Pruebas")): Object: 'Object Repository/M-OBJECTS TAREAS SECUNDARIAS/Pruebas capacitacion/Cambiar_estado_de_un_asistente/td_prueba ka Pruebas' is clicked on

2022-04-06 11:28:24 - [MESSAGE][PASSED] - Object: 'Object Repository/M-OBJECTS TAREAS SECUNDARIAS/Pruebas capacitacion/Cambiar_estado_de_un_asistente/td_prueba ka Pruebas' is clicked on

2022-04-06 11:28:24 - [TEST_STEP][PASSED] - selectOptionByIndex(findTestObject("M-OBJECTS TAREAS SECUNDARIAS/Pruebas capacitacion/Cambiar_estado_de_un_asistente/select_SeleccioneACEPTADOFINALIZADOINSCRITONO ACEPTADONO APROBADONO ASISTIO"), 1): All options with index in [1] are selected on object 'Object Repository/M-OBJECTS TAREAS SECUNDARIAS/Pruebas capacitacion/Cambiar_estado_de_un_asistente/select_SeleccioneACEPTADOFINALIZADOINSCRITONO ACEPTADONO APROBADONO ASISTIO'

2022-04-06 11:28:25 - [MESSAGE][PASSED] - All options with index in [1] are selected on object 'Object Repository/M-OBJECTS TAREAS SECUNDARIAS/Pruebas capacitacion/Cambiar_estado_de_un_asistente/select_SeleccioneACEPTADOFINALIZADOINSCRITONO ACEPTADONO APROBADONO ASISTIO'

2022-04-06 11:28:25 - [TEST_STEP][PASSED] - click(findTestObject("M-OBJECTS TAREAS SECUNDARIAS/Pruebas capacitacion/Cambiar_estado_de_un_asistente/a_Actualizar")): Object: 'Object Repository/M-OBJECTS TAREAS SECUNDARIAS/Pruebas capacitacion/Cambiar_estado_de_un_asistente/a_Actualizar' is clicked on

2022-04-06 11:28:25 - [MESSAGE][PASSED] - Object: 'Object Repository/M-OBJECTS TAREAS SECUNDARIAS/Pruebas capacitacion/Cambiar_estado_de_un_asistente/a_Actualizar' is clicked on

2022-04-06 11:28:25 - [TEST_STEP][PASSED] - closeBrowser(): Browser is closed

2022-04-06 11:28:26 - [MESSAGE][PASSED] - Browser is closed]]></system-out>
         <system-err><![CDATA[]]></system-err>
      </testcase>
      <testcase name="Test Cases/1.2-Tareas_Secundarias/4.1-Pruebas_Capacitación/4.1.8-Asociar_Recursos" time="14.788" classname="Test Cases/1.2-Tareas_Secundarias/4.1-Pruebas_Capacitación/4.1.8-Asociar_Recursos" status="PASSED">
         <system-out><![CDATA[2022-04-06 11:28:26 - [TEST_CASE][PASSED] - Test Cases/1.2-Tareas_Secundarias/4.1-Pruebas_Capacitación/4.1.8-Asociar_Recursos: Test Cases/1.2-Tareas_Secundarias/4.1-Pruebas_Capacitación/4.1.8-Asociar_Recursos

2022-04-06 11:28:27 - [TEST_STEP][PASSED] - callTestCase(findTestCase("Utilidades-(atajos_para _tareas)/Modulos/Modulo Control Evento Capacitacion"), [:], STOP_ON_FAILURE): Call Test Case 'Test Cases/Utilidades-(atajos_para _tareas)/Modulos/Modulo Control Evento Capacitacion' successfully

2022-04-06 11:28:27 - [TEST_CASE][PASSED] - Test Cases/Utilidades-(atajos_para _tareas)/Modulos/Modulo Control Evento Capacitacion: Test Cases/Utilidades-(atajos_para _tareas)/Modulos/Modulo Control Evento Capacitacion

2022-04-06 11:28:27 - [TEST_STEP][PASSED] - callTestCase(findTestCase("0.1-Login"), [:], STOP_ON_FAILURE): Call Test Case 'Test Cases/0.1-Login' successfully

2022-04-06 11:28:27 - [TEST_CASE][PASSED] - Test Cases/0.1-Login: Test Cases/0.1-Login

2022-04-06 11:28:27 - [TEST_STEP][PASSED] - openBrowser(""): Browser is opened with url: ''

2022-04-06 11:28:27 - [MESSAGE][INFO] - Starting 'Chrome' driver

2022-04-06 11:28:27 - [MESSAGE][INFO] - Action delay is set to 0 milliseconds

2022-04-06 11:28:28 - [MESSAGE][PASSED] - Browser is opened with url: ''

2022-04-06 11:28:28 - [TEST_STEP][PASSED] - maximizeWindow(): Current window maximized

2022-04-06 11:28:28 - [MESSAGE][PASSED] - Current window maximized

2022-04-06 11:28:28 - [TEST_STEP][PASSED] - i = G_Login: null

2022-04-06 11:28:28 - [TEST_STEP][PASSED] - url = new java.net.URL(i): null

2022-04-06 11:28:28 - [TEST_STEP][PASSED] - println("URL: " + url.toString()): null

2022-04-06 11:28:28 - [TEST_STEP][PASSED] - connection = url.openConnection(): null

2022-04-06 11:28:28 - [TEST_STEP][PASSED] - connection.setRequestMethod("GET"): null

2022-04-06 11:28:28 - [TEST_STEP][PASSED] - connection.setReadTimeout(2 * 1000): null

2022-04-06 11:28:28 - [TEST_STEP][PASSED] - try: null

2022-04-06 11:28:28 - [TEST_STEP][PASSED] - connection.connect(): null

2022-04-06 11:28:28 - [TEST_STEP][PASSED] - flag = connected: null

2022-04-06 11:28:28 - [TEST_STEP][PASSED] - println("Valor_ori: " + flag): null

2022-04-06 11:28:28 - [TEST_STEP][PASSED] - if (flag): null

2022-04-06 11:28:28 - [TEST_STEP][PASSED] - navigateToUrl(i): Navigate to 'http://192.168.2.19:8380/saraweb' successfully

2022-04-06 11:28:29 - [MESSAGE][PASSED] - Navigate to 'http://192.168.2.19:8380/saraweb' successfully

2022-04-06 11:28:29 - [TEST_STEP][PASSED] - a(): null

2022-04-06 11:28:29 - [TEST_STEP][PASSED] - setText(findTestObject("Login/input_USUARIO_loginusuario"), G_Usuario): Text 'saraadmin' is set on object 'Object Repository/Login/input_USUARIO_loginusuario'

2022-04-06 11:28:29 - [MESSAGE][PASSED] - Text 'saraadmin' is set on object 'Object Repository/Login/input_USUARIO_loginusuario'

2022-04-06 11:28:29 - [TEST_STEP][PASSED] - setEncryptedText(findTestObject("Login/input_CLAVE_loginpassword"), "MkG4/TYiCFC3cb2driP7+Q=="): Text ****** has been set on object 'Object Repository/Login/input_CLAVE_loginpassword'

2022-04-06 11:28:30 - [MESSAGE][PASSED] - Text ****** has been set on object 'Object Repository/Login/input_CLAVE_loginpassword'

2022-04-06 11:28:30 - [TEST_STEP][PASSED] - waitForElementClickable(findTestObject("Login/a_Ingresar"), G_TimeOut): Object 'Object Repository/Login/a_Ingresar' is clickable

2022-04-06 11:28:30 - [MESSAGE][PASSED] - Object 'Object Repository/Login/a_Ingresar' is clickable

2022-04-06 11:28:30 - [TEST_STEP][PASSED] - click(findTestObject("Login/a_Ingresar")): Object: 'Object Repository/Login/a_Ingresar' is clicked on

2022-04-06 11:28:32 - [MESSAGE][PASSED] - Object: 'Object Repository/Login/a_Ingresar' is clicked on

2022-04-06 11:28:32 - [TEST_STEP][PASSED] - element = findWebElement(findTestObject("Login/a_Ir"), 30): null

2022-04-06 11:28:32 - [TEST_STEP][PASSED] - executeJavaScript("arguments[0].click()", Arrays.asList(element)): Execute JavaScript 'arguments[0].click()' successfully

2022-04-06 11:28:32 - [MESSAGE][PASSED] - Execute JavaScript 'arguments[0].click()' successfully

2022-04-06 11:28:32 - [MESSAGE][PASSED] - Call Test Case 'Test Cases/0.1-Login' successfully

2022-04-06 11:28:32 - [TEST_STEP][PASSED] - setText(findTestObject("Modulo Control Evento Capacitacion/input_ADMINISTRADOR DEL SISTEMA - SARA_form_templatej_idt24_input"), "Control Evento"): Text 'Control Evento' is set on object 'Object Repository/Modulo Control Evento Capacitacion/input_ADMINISTRADOR DEL SISTEMA - SARA_form_templatej_idt24_input'

2022-04-06 11:28:33 - [MESSAGE][PASSED] - Text 'Control Evento' is set on object 'Object Repository/Modulo Control Evento Capacitacion/input_ADMINISTRADOR DEL SISTEMA - SARA_form_templatej_idt24_input'

2022-04-06 11:28:33 - [TEST_STEP][PASSED] - click(findTestObject("Modulo Control Evento Capacitacion/li_Control Evento Capacitacion (cap)")): Object: 'Object Repository/Modulo Control Evento Capacitacion/li_Control Evento Capacitacion (cap)' is clicked on

2022-04-06 11:28:35 - [MESSAGE][PASSED] - Object: 'Object Repository/Modulo Control Evento Capacitacion/li_Control Evento Capacitacion (cap)' is clicked on

2022-04-06 11:28:35 - [MESSAGE][PASSED] - Call Test Case 'Test Cases/Utilidades-(atajos_para _tareas)/Modulos/Modulo Control Evento Capacitacion' successfully

2022-04-06 11:28:35 - [TEST_STEP][PASSED] - click(findTestObject("M-OBJECTS TAREAS SECUNDARIAS/Pruebas capacitacion/Asociar_Recursos/td_Prueba")): Object: 'Object Repository/M-OBJECTS TAREAS SECUNDARIAS/Pruebas capacitacion/Asociar_Recursos/td_Prueba' is clicked on

2022-04-06 11:28:36 - [MESSAGE][PASSED] - Object: 'Object Repository/M-OBJECTS TAREAS SECUNDARIAS/Pruebas capacitacion/Asociar_Recursos/td_Prueba' is clicked on

2022-04-06 11:28:36 - [TEST_STEP][PASSED] - click(findTestObject("M-OBJECTS TAREAS SECUNDARIAS/Pruebas capacitacion/Asociar_Recursos/div_Recursos")): Object: 'Object Repository/M-OBJECTS TAREAS SECUNDARIAS/Pruebas capacitacion/Asociar_Recursos/div_Recursos' is clicked on

2022-04-06 11:28:36 - [MESSAGE][PASSED] - Object: 'Object Repository/M-OBJECTS TAREAS SECUNDARIAS/Pruebas capacitacion/Asociar_Recursos/div_Recursos' is clicked on

2022-04-06 11:28:36 - [TEST_STEP][PASSED] - click(findTestObject("M-OBJECTS TAREAS SECUNDARIAS/Pruebas capacitacion/Asociar_Recursos/a_Logsticos")): Object: 'Object Repository/M-OBJECTS TAREAS SECUNDARIAS/Pruebas capacitacion/Asociar_Recursos/a_Logsticos' is clicked on

2022-04-06 11:28:37 - [MESSAGE][PASSED] - Object: 'Object Repository/M-OBJECTS TAREAS SECUNDARIAS/Pruebas capacitacion/Asociar_Recursos/a_Logsticos' is clicked on

2022-04-06 11:28:37 - [TEST_STEP][PASSED] - if (waitForElementPresent(findTestObject("M-OBJECTS TAREAS SECUNDARIAS/Pruebas capacitacion/Asociar_Recursos/td_DVD"), 1)): Object 'Object Repository/M-OBJECTS TAREAS SECUNDARIAS/Pruebas capacitacion/Asociar_Recursos/td_DVD' is not present after 1 second(s)

2022-04-06 11:28:39 - [MESSAGE][INFO] - Unable to find the element located by 'By.xpath: (.//*[normalize-space(text()) and normalize-space(.)='INDISPENSABLE'])[2]/preceding::td[1]'. Please recheck the objects properties to make sure the desired element is located. 

2022-04-06 11:28:39 - [MESSAGE][WARNING] - Object 'Object Repository/M-OBJECTS TAREAS SECUNDARIAS/Pruebas capacitacion/Asociar_Recursos/td_DVD' is not present after 1 second(s)

2022-04-06 11:28:39 - [TEST_STEP][PASSED] - selectOptionByIndex(findTestObject("M-OBJECTS TAREAS SECUNDARIAS/Pruebas capacitacion/Asociar_Recursos/select_SeleccioneDVDTV"), 1): All options with index in [1] are selected on object 'Object Repository/M-OBJECTS TAREAS SECUNDARIAS/Pruebas capacitacion/Asociar_Recursos/select_SeleccioneDVDTV'

2022-04-06 11:28:40 - [MESSAGE][PASSED] - All options with index in [1] are selected on object 'Object Repository/M-OBJECTS TAREAS SECUNDARIAS/Pruebas capacitacion/Asociar_Recursos/select_SeleccioneDVDTV'

2022-04-06 11:28:40 - [TEST_STEP][PASSED] - selectOptionByIndex(findTestObject("M-OBJECTS TAREAS SECUNDARIAS/Pruebas capacitacion/Asociar_Recursos/select_SeleccioneINDISPENSABLEOPCIONAL"), 1): All options with index in [1] are selected on object 'Object Repository/M-OBJECTS TAREAS SECUNDARIAS/Pruebas capacitacion/Asociar_Recursos/select_SeleccioneINDISPENSABLEOPCIONAL'

2022-04-06 11:28:41 - [MESSAGE][PASSED] - All options with index in [1] are selected on object 'Object Repository/M-OBJECTS TAREAS SECUNDARIAS/Pruebas capacitacion/Asociar_Recursos/select_SeleccioneINDISPENSABLEOPCIONAL'

2022-04-06 11:28:41 - [TEST_STEP][PASSED] - click(findTestObject("M-OBJECTS TAREAS SECUNDARIAS/Pruebas capacitacion/Asociar_Recursos/a_Necesidad_formRecursoLogisticopanel_recursostabla_recursosj_idt608")): Object: 'Object Repository/M-OBJECTS TAREAS SECUNDARIAS/Pruebas capacitacion/Asociar_Recursos/a_Necesidad_formRecursoLogisticopanel_recursostabla_recursosj_idt608' is clicked on

2022-04-06 11:28:41 - [MESSAGE][PASSED] - Object: 'Object Repository/M-OBJECTS TAREAS SECUNDARIAS/Pruebas capacitacion/Asociar_Recursos/a_Necesidad_formRecursoLogisticopanel_recursostabla_recursosj_idt608' is clicked on]]></system-out>
         <system-err><![CDATA[]]></system-err>
      </testcase>
      <testcase name="Test Cases/1.2-Tareas_Secundarias/4.1-Pruebas_Capacitación/4.1.9-Registrar_los_costos" time="16.797" classname="Test Cases/1.2-Tareas_Secundarias/4.1-Pruebas_Capacitación/4.1.9-Registrar_los_costos" status="PASSED">
         <system-out><![CDATA[2022-04-06 11:28:41 - [TEST_CASE][PASSED] - Test Cases/1.2-Tareas_Secundarias/4.1-Pruebas_Capacitación/4.1.9-Registrar_los_costos: Test Cases/1.2-Tareas_Secundarias/4.1-Pruebas_Capacitación/4.1.9-Registrar_los_costos

2022-04-06 11:28:41 - [TEST_STEP][PASSED] - callTestCase(findTestCase("Utilidades-(atajos_para _tareas)/Modulos/Modulo Control Evento Capacitacion"), [:], STOP_ON_FAILURE): Call Test Case 'Test Cases/Utilidades-(atajos_para _tareas)/Modulos/Modulo Control Evento Capacitacion' successfully

2022-04-06 11:28:42 - [TEST_CASE][PASSED] - Test Cases/Utilidades-(atajos_para _tareas)/Modulos/Modulo Control Evento Capacitacion: Test Cases/Utilidades-(atajos_para _tareas)/Modulos/Modulo Control Evento Capacitacion

2022-04-06 11:28:42 - [TEST_STEP][PASSED] - callTestCase(findTestCase("0.1-Login"), [:], STOP_ON_FAILURE): Call Test Case 'Test Cases/0.1-Login' successfully

2022-04-06 11:28:42 - [TEST_CASE][PASSED] - Test Cases/0.1-Login: Test Cases/0.1-Login

2022-04-06 11:28:42 - [TEST_STEP][PASSED] - openBrowser(""): Browser is opened with url: ''

2022-04-06 11:28:42 - [MESSAGE][WARNING] - A browser is already opened. Closing browser and opening a new one

2022-04-06 11:28:42 - [MESSAGE][INFO] - Starting 'Chrome' driver

2022-04-06 11:28:42 - [MESSAGE][INFO] - Action delay is set to 0 milliseconds

2022-04-06 11:28:44 - [MESSAGE][PASSED] - Browser is opened with url: ''

2022-04-06 11:28:44 - [TEST_STEP][PASSED] - maximizeWindow(): Current window maximized

2022-04-06 11:28:44 - [MESSAGE][PASSED] - Current window maximized

2022-04-06 11:28:44 - [TEST_STEP][PASSED] - i = G_Login: null

2022-04-06 11:28:44 - [TEST_STEP][PASSED] - url = new java.net.URL(i): null

2022-04-06 11:28:44 - [TEST_STEP][PASSED] - println("URL: " + url.toString()): null

2022-04-06 11:28:44 - [TEST_STEP][PASSED] - connection = url.openConnection(): null

2022-04-06 11:28:44 - [TEST_STEP][PASSED] - connection.setRequestMethod("GET"): null

2022-04-06 11:28:44 - [TEST_STEP][PASSED] - connection.setReadTimeout(2 * 1000): null

2022-04-06 11:28:44 - [TEST_STEP][PASSED] - try: null

2022-04-06 11:28:44 - [TEST_STEP][PASSED] - connection.connect(): null

2022-04-06 11:28:44 - [TEST_STEP][PASSED] - flag = connected: null

2022-04-06 11:28:44 - [TEST_STEP][PASSED] - println("Valor_ori: " + flag): null

2022-04-06 11:28:44 - [TEST_STEP][PASSED] - if (flag): null

2022-04-06 11:28:44 - [TEST_STEP][PASSED] - navigateToUrl(i): Navigate to 'http://192.168.2.19:8380/saraweb' successfully

2022-04-06 11:28:44 - [MESSAGE][PASSED] - Navigate to 'http://192.168.2.19:8380/saraweb' successfully

2022-04-06 11:28:44 - [TEST_STEP][PASSED] - a(): null

2022-04-06 11:28:44 - [TEST_STEP][PASSED] - setText(findTestObject("Login/input_USUARIO_loginusuario"), G_Usuario): Text 'saraadmin' is set on object 'Object Repository/Login/input_USUARIO_loginusuario'

2022-04-06 11:28:45 - [MESSAGE][PASSED] - Text 'saraadmin' is set on object 'Object Repository/Login/input_USUARIO_loginusuario'

2022-04-06 11:28:45 - [TEST_STEP][PASSED] - setEncryptedText(findTestObject("Login/input_CLAVE_loginpassword"), "MkG4/TYiCFC3cb2driP7+Q=="): Text ****** has been set on object 'Object Repository/Login/input_CLAVE_loginpassword'

2022-04-06 11:28:45 - [MESSAGE][PASSED] - Text ****** has been set on object 'Object Repository/Login/input_CLAVE_loginpassword'

2022-04-06 11:28:45 - [TEST_STEP][PASSED] - waitForElementClickable(findTestObject("Login/a_Ingresar"), G_TimeOut): Object 'Object Repository/Login/a_Ingresar' is clickable

2022-04-06 11:28:46 - [MESSAGE][PASSED] - Object 'Object Repository/Login/a_Ingresar' is clickable

2022-04-06 11:28:46 - [TEST_STEP][PASSED] - click(findTestObject("Login/a_Ingresar")): Object: 'Object Repository/Login/a_Ingresar' is clicked on

2022-04-06 11:28:47 - [MESSAGE][PASSED] - Object: 'Object Repository/Login/a_Ingresar' is clicked on

2022-04-06 11:28:47 - [TEST_STEP][PASSED] - element = findWebElement(findTestObject("Login/a_Ir"), 30): null

2022-04-06 11:28:48 - [TEST_STEP][PASSED] - executeJavaScript("arguments[0].click()", Arrays.asList(element)): Execute JavaScript 'arguments[0].click()' successfully

2022-04-06 11:28:48 - [MESSAGE][PASSED] - Execute JavaScript 'arguments[0].click()' successfully

2022-04-06 11:28:48 - [MESSAGE][PASSED] - Call Test Case 'Test Cases/0.1-Login' successfully

2022-04-06 11:28:48 - [TEST_STEP][PASSED] - setText(findTestObject("Modulo Control Evento Capacitacion/input_ADMINISTRADOR DEL SISTEMA - SARA_form_templatej_idt24_input"), "Control Evento"): Text 'Control Evento' is set on object 'Object Repository/Modulo Control Evento Capacitacion/input_ADMINISTRADOR DEL SISTEMA - SARA_form_templatej_idt24_input'

2022-04-06 11:28:49 - [MESSAGE][PASSED] - Text 'Control Evento' is set on object 'Object Repository/Modulo Control Evento Capacitacion/input_ADMINISTRADOR DEL SISTEMA - SARA_form_templatej_idt24_input'

2022-04-06 11:28:49 - [TEST_STEP][PASSED] - click(findTestObject("Modulo Control Evento Capacitacion/li_Control Evento Capacitacion (cap)")): Object: 'Object Repository/Modulo Control Evento Capacitacion/li_Control Evento Capacitacion (cap)' is clicked on

2022-04-06 11:28:50 - [MESSAGE][PASSED] - Object: 'Object Repository/Modulo Control Evento Capacitacion/li_Control Evento Capacitacion (cap)' is clicked on

2022-04-06 11:28:50 - [MESSAGE][PASSED] - Call Test Case 'Test Cases/Utilidades-(atajos_para _tareas)/Modulos/Modulo Control Evento Capacitacion' successfully

2022-04-06 11:28:50 - [TEST_STEP][PASSED] - click(findTestObject("M-OBJECTS TAREAS SECUNDARIAS/Pruebas capacitacion/Registrar_los_costos/td_Prueba")): Object: 'Object Repository/M-OBJECTS TAREAS SECUNDARIAS/Pruebas capacitacion/Registrar_los_costos/td_Prueba' is clicked on

2022-04-06 11:28:51 - [MESSAGE][PASSED] - Object: 'Object Repository/M-OBJECTS TAREAS SECUNDARIAS/Pruebas capacitacion/Registrar_los_costos/td_Prueba' is clicked on

2022-04-06 11:28:51 - [TEST_STEP][PASSED] - click(findTestObject("M-OBJECTS TAREAS SECUNDARIAS/Pruebas capacitacion/Registrar_los_costos/div_Costo")): Object: 'Object Repository/M-OBJECTS TAREAS SECUNDARIAS/Pruebas capacitacion/Registrar_los_costos/div_Costo' is clicked on

2022-04-06 11:28:52 - [MESSAGE][PASSED] - Object: 'Object Repository/M-OBJECTS TAREAS SECUNDARIAS/Pruebas capacitacion/Registrar_los_costos/div_Costo' is clicked on

2022-04-06 11:28:52 - [TEST_STEP][PASSED] - click(findTestObject("M-OBJECTS TAREAS SECUNDARIAS/Pruebas capacitacion/Registrar_los_costos/a_Registro")): Object: 'Object Repository/M-OBJECTS TAREAS SECUNDARIAS/Pruebas capacitacion/Registrar_los_costos/a_Registro' is clicked on

2022-04-06 11:28:52 - [MESSAGE][PASSED] - Object: 'Object Repository/M-OBJECTS TAREAS SECUNDARIAS/Pruebas capacitacion/Registrar_los_costos/a_Registro' is clicked on

2022-04-06 11:28:52 - [TEST_STEP][PASSED] - if (waitForElementVisible(findTestObject("M-OBJECTS TAREAS SECUNDARIAS/Pruebas capacitacion/Registrar_los_costos/a_REFRIGERIO_formCostoEventopanel_costostabla_costos0j_idt634"), 1)): Web element with id: 'Object Repository/M-OBJECTS TAREAS SECUNDARIAS/Pruebas capacitacion/Registrar_los_costos/a_REFRIGERIO_formCostoEventopanel_costostabla_costos0j_idt634' located by '//tbody/tr/td[5]/a' not found

2022-04-06 11:28:55 - [MESSAGE][INFO] - Unable to find the element located by 'By.xpath: //tbody/tr/td[5]/a'. Please recheck the objects properties to make sure the desired element is located. 

2022-04-06 11:28:55 - [MESSAGE][WARNING] - Web element with id: 'Object Repository/M-OBJECTS TAREAS SECUNDARIAS/Pruebas capacitacion/Registrar_los_costos/a_REFRIGERIO_formCostoEventopanel_costostabla_costos0j_idt634' located by '//tbody/tr/td[5]/a' not found

2022-04-06 11:28:55 - [TEST_STEP][PASSED] - selectOptionByIndex(findTestObject("M-OBJECTS TAREAS SECUNDARIAS/Pruebas capacitacion/Registrar_los_costos/select_SeleccioneALOJAMIENTOMATERIALESREFRIGERIOSALONTRANSPORTE"), 3): All options with index in [3] are selected on object 'Object Repository/M-OBJECTS TAREAS SECUNDARIAS/Pruebas capacitacion/Registrar_los_costos/select_SeleccioneALOJAMIENTOMATERIALESREFRIGERIOSALONTRANSPORTE'

2022-04-06 11:28:55 - [MESSAGE][PASSED] - All options with index in [3] are selected on object 'Object Repository/M-OBJECTS TAREAS SECUNDARIAS/Pruebas capacitacion/Registrar_los_costos/select_SeleccioneALOJAMIENTOMATERIALESREFRIGERIOSALONTRANSPORTE'

2022-04-06 11:28:55 - [TEST_STEP][PASSED] - setText(findTestObject("M-OBJECTS TAREAS SECUNDARIAS/Pruebas capacitacion/Registrar_los_costos/input_Valor_formCostoEventopanel_costostabla_costosnumero"), "100"): Text '100' is set on object 'Object Repository/M-OBJECTS TAREAS SECUNDARIAS/Pruebas capacitacion/Registrar_los_costos/input_Valor_formCostoEventopanel_costostabla_costosnumero'

2022-04-06 11:28:56 - [MESSAGE][PASSED] - Text '100' is set on object 'Object Repository/M-OBJECTS TAREAS SECUNDARIAS/Pruebas capacitacion/Registrar_los_costos/input_Valor_formCostoEventopanel_costostabla_costosnumero'

2022-04-06 11:28:56 - [TEST_STEP][PASSED] - setText(findTestObject("M-OBJECTS TAREAS SECUNDARIAS/Pruebas capacitacion/Registrar_los_costos/input_Valor_formCostoEventopanel_costostabla_costosfechaPago_input"), "07/05/2021"): Text '07/05/2021' is set on object 'Object Repository/M-OBJECTS TAREAS SECUNDARIAS/Pruebas capacitacion/Registrar_los_costos/input_Valor_formCostoEventopanel_costostabla_costosfechaPago_input'

2022-04-06 11:28:57 - [MESSAGE][PASSED] - Text '07/05/2021' is set on object 'Object Repository/M-OBJECTS TAREAS SECUNDARIAS/Pruebas capacitacion/Registrar_los_costos/input_Valor_formCostoEventopanel_costostabla_costosfechaPago_input'

2022-04-06 11:28:57 - [TEST_STEP][PASSED] - setText(findTestObject("M-OBJECTS TAREAS SECUNDARIAS/Pruebas capacitacion/Registrar_los_costos/input_Valor_formCostoEventopanel_costostabla_costosvalor"), "1000000"): Text '1000000' is set on object 'Object Repository/M-OBJECTS TAREAS SECUNDARIAS/Pruebas capacitacion/Registrar_los_costos/input_Valor_formCostoEventopanel_costostabla_costosvalor'

2022-04-06 11:28:57 - [MESSAGE][PASSED] - Text '1000000' is set on object 'Object Repository/M-OBJECTS TAREAS SECUNDARIAS/Pruebas capacitacion/Registrar_los_costos/input_Valor_formCostoEventopanel_costostabla_costosvalor'

2022-04-06 11:28:57 - [TEST_STEP][PASSED] - click(findTestObject("M-OBJECTS TAREAS SECUNDARIAS/Pruebas capacitacion/Registrar_los_costos/a_Valor_formCostoEventopanel_costostabla_costosj_idt637")): Object: 'Object Repository/M-OBJECTS TAREAS SECUNDARIAS/Pruebas capacitacion/Registrar_los_costos/a_Valor_formCostoEventopanel_costostabla_costosj_idt637' is clicked on

2022-04-06 11:28:58 - [MESSAGE][PASSED] - Object: 'Object Repository/M-OBJECTS TAREAS SECUNDARIAS/Pruebas capacitacion/Registrar_los_costos/a_Valor_formCostoEventopanel_costostabla_costosj_idt637' is clicked on]]></system-out>
         <system-err><![CDATA[]]></system-err>
      </testcase>
      <testcase name="Test Cases/1.2-Tareas_Secundarias/4.1-Pruebas_Capacitación/4.2.1-Programar_un_evento" time="24.378" classname="Test Cases/1.2-Tareas_Secundarias/4.1-Pruebas_Capacitación/4.2.1-Programar_un_evento" status="PASSED">
         <system-out><![CDATA[2022-04-06 11:28:58 - [TEST_CASE][PASSED] - Test Cases/1.2-Tareas_Secundarias/4.1-Pruebas_Capacitación/4.2.1-Programar_un_evento: Test Cases/1.2-Tareas_Secundarias/4.1-Pruebas_Capacitación/4.2.1-Programar_un_evento

2022-04-06 11:28:58 - [TEST_STEP][PASSED] - callTestCase(findTestCase("Utilidades-(atajos_para _tareas)/Modulos/Modulo Control Evento Capacitacion"), [:], STOP_ON_FAILURE): Call Test Case 'Test Cases/Utilidades-(atajos_para _tareas)/Modulos/Modulo Control Evento Capacitacion' successfully

2022-04-06 11:28:58 - [TEST_CASE][PASSED] - Test Cases/Utilidades-(atajos_para _tareas)/Modulos/Modulo Control Evento Capacitacion: Test Cases/Utilidades-(atajos_para _tareas)/Modulos/Modulo Control Evento Capacitacion

2022-04-06 11:28:58 - [TEST_STEP][PASSED] - callTestCase(findTestCase("0.1-Login"), [:], STOP_ON_FAILURE): Call Test Case 'Test Cases/0.1-Login' successfully

2022-04-06 11:28:58 - [TEST_CASE][PASSED] - Test Cases/0.1-Login: Test Cases/0.1-Login

2022-04-06 11:28:58 - [TEST_STEP][PASSED] - openBrowser(""): Browser is opened with url: ''

2022-04-06 11:28:58 - [MESSAGE][WARNING] - A browser is already opened. Closing browser and opening a new one

2022-04-06 11:28:59 - [MESSAGE][INFO] - Starting 'Chrome' driver

2022-04-06 11:28:59 - [MESSAGE][INFO] - Action delay is set to 0 milliseconds

2022-04-06 11:29:00 - [MESSAGE][PASSED] - Browser is opened with url: ''

2022-04-06 11:29:00 - [TEST_STEP][PASSED] - maximizeWindow(): Current window maximized

2022-04-06 11:29:01 - [MESSAGE][PASSED] - Current window maximized

2022-04-06 11:29:01 - [TEST_STEP][PASSED] - i = G_Login: null

2022-04-06 11:29:01 - [TEST_STEP][PASSED] - url = new java.net.URL(i): null

2022-04-06 11:29:01 - [TEST_STEP][PASSED] - println("URL: " + url.toString()): null

2022-04-06 11:29:01 - [TEST_STEP][PASSED] - connection = url.openConnection(): null

2022-04-06 11:29:01 - [TEST_STEP][PASSED] - connection.setRequestMethod("GET"): null

2022-04-06 11:29:01 - [TEST_STEP][PASSED] - connection.setReadTimeout(2 * 1000): null

2022-04-06 11:29:01 - [TEST_STEP][PASSED] - try: null

2022-04-06 11:29:01 - [TEST_STEP][PASSED] - connection.connect(): null

2022-04-06 11:29:01 - [TEST_STEP][PASSED] - flag = connected: null

2022-04-06 11:29:01 - [TEST_STEP][PASSED] - println("Valor_ori: " + flag): null

2022-04-06 11:29:01 - [TEST_STEP][PASSED] - if (flag): null

2022-04-06 11:29:01 - [TEST_STEP][PASSED] - navigateToUrl(i): Navigate to 'http://192.168.2.19:8380/saraweb' successfully

2022-04-06 11:29:01 - [MESSAGE][PASSED] - Navigate to 'http://192.168.2.19:8380/saraweb' successfully

2022-04-06 11:29:01 - [TEST_STEP][PASSED] - a(): null

2022-04-06 11:29:01 - [TEST_STEP][PASSED] - setText(findTestObject("Login/input_USUARIO_loginusuario"), G_Usuario): Text 'saraadmin' is set on object 'Object Repository/Login/input_USUARIO_loginusuario'

2022-04-06 11:29:02 - [MESSAGE][PASSED] - Text 'saraadmin' is set on object 'Object Repository/Login/input_USUARIO_loginusuario'

2022-04-06 11:29:02 - [TEST_STEP][PASSED] - setEncryptedText(findTestObject("Login/input_CLAVE_loginpassword"), "MkG4/TYiCFC3cb2driP7+Q=="): Text ****** has been set on object 'Object Repository/Login/input_CLAVE_loginpassword'

2022-04-06 11:29:02 - [MESSAGE][PASSED] - Text ****** has been set on object 'Object Repository/Login/input_CLAVE_loginpassword'

2022-04-06 11:29:02 - [TEST_STEP][PASSED] - waitForElementClickable(findTestObject("Login/a_Ingresar"), G_TimeOut): Object 'Object Repository/Login/a_Ingresar' is clickable

2022-04-06 11:29:03 - [MESSAGE][PASSED] - Object 'Object Repository/Login/a_Ingresar' is clickable

2022-04-06 11:29:03 - [TEST_STEP][PASSED] - click(findTestObject("Login/a_Ingresar")): Object: 'Object Repository/Login/a_Ingresar' is clicked on

2022-04-06 11:29:03 - [MESSAGE][PASSED] - Object: 'Object Repository/Login/a_Ingresar' is clicked on

2022-04-06 11:29:03 - [TEST_STEP][PASSED] - element = findWebElement(findTestObject("Login/a_Ir"), 30): null

2022-04-06 11:29:04 - [TEST_STEP][PASSED] - executeJavaScript("arguments[0].click()", Arrays.asList(element)): Execute JavaScript 'arguments[0].click()' successfully

2022-04-06 11:29:04 - [MESSAGE][PASSED] - Execute JavaScript 'arguments[0].click()' successfully

2022-04-06 11:29:04 - [MESSAGE][PASSED] - Call Test Case 'Test Cases/0.1-Login' successfully

2022-04-06 11:29:04 - [TEST_STEP][PASSED] - setText(findTestObject("Modulo Control Evento Capacitacion/input_ADMINISTRADOR DEL SISTEMA - SARA_form_templatej_idt24_input"), "Control Evento"): Text 'Control Evento' is set on object 'Object Repository/Modulo Control Evento Capacitacion/input_ADMINISTRADOR DEL SISTEMA - SARA_form_templatej_idt24_input'

2022-04-06 11:29:05 - [MESSAGE][PASSED] - Text 'Control Evento' is set on object 'Object Repository/Modulo Control Evento Capacitacion/input_ADMINISTRADOR DEL SISTEMA - SARA_form_templatej_idt24_input'

2022-04-06 11:29:05 - [TEST_STEP][PASSED] - click(findTestObject("Modulo Control Evento Capacitacion/li_Control Evento Capacitacion (cap)")): Object: 'Object Repository/Modulo Control Evento Capacitacion/li_Control Evento Capacitacion (cap)' is clicked on

2022-04-06 11:29:06 - [MESSAGE][PASSED] - Object: 'Object Repository/Modulo Control Evento Capacitacion/li_Control Evento Capacitacion (cap)' is clicked on

2022-04-06 11:29:06 - [MESSAGE][PASSED] - Call Test Case 'Test Cases/Utilidades-(atajos_para _tareas)/Modulos/Modulo Control Evento Capacitacion' successfully

2022-04-06 11:29:06 - [TEST_STEP][PASSED] - click(findTestObject("M-OBJECTS TAREAS SECUNDARIAS/Pruebas capacitacion/Programar_un_evento/td_Prueba")): Object: 'Object Repository/M-OBJECTS TAREAS SECUNDARIAS/Pruebas capacitacion/Programar_un_evento/td_Prueba' is clicked on

2022-04-06 11:29:08 - [MESSAGE][PASSED] - Object: 'Object Repository/M-OBJECTS TAREAS SECUNDARIAS/Pruebas capacitacion/Programar_un_evento/td_Prueba' is clicked on

2022-04-06 11:29:08 - [TEST_STEP][PASSED] - click(findTestObject("M-OBJECTS TAREAS SECUNDARIAS/Pruebas capacitacion/Programar_un_evento/div_Programacin")): Object: 'Object Repository/M-OBJECTS TAREAS SECUNDARIAS/Pruebas capacitacion/Programar_un_evento/div_Programacin' is clicked on

2022-04-06 11:29:09 - [MESSAGE][PASSED] - Object: 'Object Repository/M-OBJECTS TAREAS SECUNDARIAS/Pruebas capacitacion/Programar_un_evento/div_Programacin' is clicked on

2022-04-06 11:29:09 - [TEST_STEP][PASSED] - click(findTestObject("M-OBJECTS TAREAS SECUNDARIAS/Pruebas capacitacion/Programar_un_evento/a_Programacin")): Object: 'Object Repository/M-OBJECTS TAREAS SECUNDARIAS/Pruebas capacitacion/Programar_un_evento/a_Programacin' is clicked on

2022-04-06 11:29:09 - [MESSAGE][PASSED] - Object: 'Object Repository/M-OBJECTS TAREAS SECUNDARIAS/Pruebas capacitacion/Programar_un_evento/a_Programacin' is clicked on

2022-04-06 11:29:09 - [TEST_STEP][PASSED] - if (waitForElementVisible(findTestObject("M-OBJECTS TAREAS SECUNDARIAS/Pruebas capacitacion/Programar_un_evento/td_24122021"), 1)): Object 'Object Repository/M-OBJECTS TAREAS SECUNDARIAS/Pruebas capacitacion/Programar_un_evento/td_24122021' is not visible after 1 second(s)

2022-04-06 11:29:11 - [MESSAGE][WARNING] - Object 'Object Repository/M-OBJECTS TAREAS SECUNDARIAS/Pruebas capacitacion/Programar_un_evento/td_24122021' is not visible after 1 second(s)

2022-04-06 11:29:11 - [TEST_STEP][PASSED] - click(findTestObject("M-OBJECTS TAREAS SECUNDARIAS/Pruebas capacitacion/Programar_un_evento/a_Nuevo")): Object: 'Object Repository/M-OBJECTS TAREAS SECUNDARIAS/Pruebas capacitacion/Programar_un_evento/a_Nuevo' is clicked on

2022-04-06 11:29:11 - [MESSAGE][PASSED] - Object: 'Object Repository/M-OBJECTS TAREAS SECUNDARIAS/Pruebas capacitacion/Programar_un_evento/a_Nuevo' is clicked on

2022-04-06 11:29:11 - [TEST_STEP][PASSED] - setText(findTestObject("M-OBJECTS TAREAS SECUNDARIAS/Pruebas capacitacion/Programar_un_evento/input_Das_diaeventoPopup_formdia_input"), "24/12/2021"): Text '24/12/2021' is set on object 'Object Repository/M-OBJECTS TAREAS SECUNDARIAS/Pruebas capacitacion/Programar_un_evento/input_Das_diaeventoPopup_formdia_input'

2022-04-06 11:29:12 - [MESSAGE][PASSED] - Text '24/12/2021' is set on object 'Object Repository/M-OBJECTS TAREAS SECUNDARIAS/Pruebas capacitacion/Programar_un_evento/input_Das_diaeventoPopup_formdia_input'

2022-04-06 11:29:12 - [TEST_STEP][PASSED] - sendKeys(findTestObject("M-OBJECTS TAREAS SECUNDARIAS/Pruebas capacitacion/Programar_un_evento/input_Das_diaeventoPopup_formdia_input"), Keys.chord(ESCAPE)): Keys 'ESCAPE + ' sent to object: 'Object Repository/M-OBJECTS TAREAS SECUNDARIAS/Pruebas capacitacion/Programar_un_evento/input_Das_diaeventoPopup_formdia_input'

2022-04-06 11:29:13 - [MESSAGE][PASSED] - Keys 'ESCAPE + ' sent to object: 'Object Repository/M-OBJECTS TAREAS SECUNDARIAS/Pruebas capacitacion/Programar_un_evento/input_Das_diaeventoPopup_formdia_input'

2022-04-06 11:29:13 - [TEST_STEP][PASSED] - selectOptionByIndex(findTestObject("M-OBJECTS TAREAS SECUNDARIAS/Pruebas capacitacion/Programar_un_evento/select_010203040506070809101112_1"), 0): All options with index in [0] are selected on object 'Object Repository/M-OBJECTS TAREAS SECUNDARIAS/Pruebas capacitacion/Programar_un_evento/select_010203040506070809101112_1'

2022-04-06 11:29:14 - [MESSAGE][PASSED] - All options with index in [0] are selected on object 'Object Repository/M-OBJECTS TAREAS SECUNDARIAS/Pruebas capacitacion/Programar_un_evento/select_010203040506070809101112_1'

2022-04-06 11:29:14 - [TEST_STEP][PASSED] - selectOptionByIndex(findTestObject("M-OBJECTS TAREAS SECUNDARIAS/Pruebas capacitacion/Programar_un_evento/select_00153045_1"), 2): All options with index in [2] are selected on object 'Object Repository/M-OBJECTS TAREAS SECUNDARIAS/Pruebas capacitacion/Programar_un_evento/select_00153045_1'

2022-04-06 11:29:15 - [MESSAGE][PASSED] - All options with index in [2] are selected on object 'Object Repository/M-OBJECTS TAREAS SECUNDARIAS/Pruebas capacitacion/Programar_un_evento/select_00153045_1'

2022-04-06 11:29:15 - [TEST_STEP][PASSED] - selectOptionByIndex(findTestObject("M-OBJECTS TAREAS SECUNDARIAS/Pruebas capacitacion/Programar_un_evento/select_AMPM_1"), 1): All options with index in [1] are selected on object 'Object Repository/M-OBJECTS TAREAS SECUNDARIAS/Pruebas capacitacion/Programar_un_evento/select_AMPM_1'

2022-04-06 11:29:16 - [MESSAGE][PASSED] - All options with index in [1] are selected on object 'Object Repository/M-OBJECTS TAREAS SECUNDARIAS/Pruebas capacitacion/Programar_un_evento/select_AMPM_1'

2022-04-06 11:29:16 - [TEST_STEP][PASSED] - selectOptionByIndex(findTestObject("M-OBJECTS TAREAS SECUNDARIAS/Pruebas capacitacion/Programar_un_evento/select_010203040506070809101112_2"), 2): All options with index in [2] are selected on object 'Object Repository/M-OBJECTS TAREAS SECUNDARIAS/Pruebas capacitacion/Programar_un_evento/select_010203040506070809101112_2'

2022-04-06 11:29:17 - [MESSAGE][PASSED] - All options with index in [2] are selected on object 'Object Repository/M-OBJECTS TAREAS SECUNDARIAS/Pruebas capacitacion/Programar_un_evento/select_010203040506070809101112_2'

2022-04-06 11:29:17 - [TEST_STEP][PASSED] - selectOptionByIndex(findTestObject("M-OBJECTS TAREAS SECUNDARIAS/Pruebas capacitacion/Programar_un_evento/select_00153045_2"), 3): All options with index in [3] are selected on object 'Object Repository/M-OBJECTS TAREAS SECUNDARIAS/Pruebas capacitacion/Programar_un_evento/select_00153045_2'

2022-04-06 11:29:17 - [MESSAGE][PASSED] - All options with index in [3] are selected on object 'Object Repository/M-OBJECTS TAREAS SECUNDARIAS/Pruebas capacitacion/Programar_un_evento/select_00153045_2'

2022-04-06 11:29:17 - [TEST_STEP][PASSED] - selectOptionByIndex(findTestObject("M-OBJECTS TAREAS SECUNDARIAS/Pruebas capacitacion/Programar_un_evento/select_AMPM_2"), 1): All options with index in [1] are selected on object 'Object Repository/M-OBJECTS TAREAS SECUNDARIAS/Pruebas capacitacion/Programar_un_evento/select_AMPM_2'

2022-04-06 11:29:18 - [MESSAGE][PASSED] - All options with index in [1] are selected on object 'Object Repository/M-OBJECTS TAREAS SECUNDARIAS/Pruebas capacitacion/Programar_un_evento/select_AMPM_2'

2022-04-06 11:29:18 - [TEST_STEP][PASSED] - selectOptionByIndex(findTestObject("M-OBJECTS TAREAS SECUNDARIAS/Pruebas capacitacion/Programar_un_evento/select_SeleccionePrueba"), 1): All options with index in [1] are selected on object 'Object Repository/M-OBJECTS TAREAS SECUNDARIAS/Pruebas capacitacion/Programar_un_evento/select_SeleccionePrueba'

2022-04-06 11:29:19 - [MESSAGE][PASSED] - All options with index in [1] are selected on object 'Object Repository/M-OBJECTS TAREAS SECUNDARIAS/Pruebas capacitacion/Programar_un_evento/select_SeleccionePrueba'

2022-04-06 11:29:19 - [TEST_STEP][PASSED] - selectOptionByIndex(findTestObject("M-OBJECTS TAREAS SECUNDARIAS/Pruebas capacitacion/Programar_un_evento/select_SeleccioneAula InteligenteSala de JuntasSalon ExternoSalon Principal"), 4): All options with index in [4] are selected on object 'Object Repository/M-OBJECTS TAREAS SECUNDARIAS/Pruebas capacitacion/Programar_un_evento/select_SeleccioneAula InteligenteSala de JuntasSalon ExternoSalon Principal'

2022-04-06 11:29:20 - [MESSAGE][PASSED] - All options with index in [4] are selected on object 'Object Repository/M-OBJECTS TAREAS SECUNDARIAS/Pruebas capacitacion/Programar_un_evento/select_SeleccioneAula InteligenteSala de JuntasSalon ExternoSalon Principal'

2022-04-06 11:29:20 - [TEST_STEP][PASSED] - selectOptionByIndex(findTestObject("M-OBJECTS TAREAS SECUNDARIAS/Pruebas capacitacion/Programar_un_evento/select_SeleccionePRUEBA DE MODULO"), 1): All options with index in [1] are selected on object 'Object Repository/M-OBJECTS TAREAS SECUNDARIAS/Pruebas capacitacion/Programar_un_evento/select_SeleccionePRUEBA DE MODULO'

2022-04-06 11:29:21 - [MESSAGE][PASSED] - All options with index in [1] are selected on object 'Object Repository/M-OBJECTS TAREAS SECUNDARIAS/Pruebas capacitacion/Programar_un_evento/select_SeleccionePRUEBA DE MODULO'

2022-04-06 11:29:21 - [TEST_STEP][PASSED] - selectOptionByIndex(findTestObject("M-OBJECTS TAREAS SECUNDARIAS/Pruebas capacitacion/Programar_un_evento/select_Seleccione23913781ALMANZA ROSAS SILVISGUISELLGUTIERREZ ALVAREZ FERNANDA LUCIA"), 1): All options with index in [1] are selected on object 'Object Repository/M-OBJECTS TAREAS SECUNDARIAS/Pruebas capacitacion/Programar_un_evento/select_Seleccione23913781ALMANZA ROSAS SILVISGUISELLGUTIERREZ ALVAREZ FERNANDA LUCIA'

2022-04-06 11:29:22 - [MESSAGE][PASSED] - All options with index in [1] are selected on object 'Object Repository/M-OBJECTS TAREAS SECUNDARIAS/Pruebas capacitacion/Programar_un_evento/select_Seleccione23913781ALMANZA ROSAS SILVISGUISELLGUTIERREZ ALVAREZ FERNANDA LUCIA'

2022-04-06 11:29:22 - [TEST_STEP][PASSED] - click(findTestObject("M-OBJECTS TAREAS SECUNDARIAS/Pruebas capacitacion/Programar_un_evento/a_Guardar")): Object: 'Object Repository/M-OBJECTS TAREAS SECUNDARIAS/Pruebas capacitacion/Programar_un_evento/a_Guardar' is clicked on

2022-04-06 11:29:22 - [MESSAGE][PASSED] - Object: 'Object Repository/M-OBJECTS TAREAS SECUNDARIAS/Pruebas capacitacion/Programar_un_evento/a_Guardar' is clicked on]]></system-out>
         <system-err><![CDATA[]]></system-err>
      </testcase>
      <testcase name="Test Cases/1.2-Tareas_Secundarias/4.1-Pruebas_Capacitación/4.2.2-Programar_una_Evaluación_de_un_evento" time="19.599" classname="Test Cases/1.2-Tareas_Secundarias/4.1-Pruebas_Capacitación/4.2.2-Programar_una_Evaluación_de_un_evento" status="PASSED">
         <system-out><![CDATA[2022-04-06 11:29:22 - [TEST_CASE][PASSED] - Test Cases/1.2-Tareas_Secundarias/4.1-Pruebas_Capacitación/4.2.2-Programar_una_Evaluación_de_un_evento: Test Cases/1.2-Tareas_Secundarias/4.1-Pruebas_Capacitación/4.2.2-Programar_una_Evaluación_de_un_evento

2022-04-06 11:29:23 - [TEST_STEP][PASSED] - callTestCase(findTestCase("Utilidades-(atajos_para _tareas)/Modulos/Modulo Control Evento Capacitacion"), [:], STOP_ON_FAILURE): Call Test Case 'Test Cases/Utilidades-(atajos_para _tareas)/Modulos/Modulo Control Evento Capacitacion' successfully

2022-04-06 11:29:23 - [TEST_CASE][PASSED] - Test Cases/Utilidades-(atajos_para _tareas)/Modulos/Modulo Control Evento Capacitacion: Test Cases/Utilidades-(atajos_para _tareas)/Modulos/Modulo Control Evento Capacitacion

2022-04-06 11:29:23 - [TEST_STEP][PASSED] - callTestCase(findTestCase("0.1-Login"), [:], STOP_ON_FAILURE): Call Test Case 'Test Cases/0.1-Login' successfully

2022-04-06 11:29:23 - [TEST_CASE][PASSED] - Test Cases/0.1-Login: Test Cases/0.1-Login

2022-04-06 11:29:23 - [TEST_STEP][PASSED] - openBrowser(""): Browser is opened with url: ''

2022-04-06 11:29:23 - [MESSAGE][WARNING] - A browser is already opened. Closing browser and opening a new one

2022-04-06 11:29:24 - [MESSAGE][INFO] - Starting 'Chrome' driver

2022-04-06 11:29:24 - [MESSAGE][INFO] - Action delay is set to 0 milliseconds

2022-04-06 11:29:25 - [MESSAGE][PASSED] - Browser is opened with url: ''

2022-04-06 11:29:25 - [TEST_STEP][PASSED] - maximizeWindow(): Current window maximized

2022-04-06 11:29:25 - [MESSAGE][PASSED] - Current window maximized

2022-04-06 11:29:25 - [TEST_STEP][PASSED] - i = G_Login: null

2022-04-06 11:29:25 - [TEST_STEP][PASSED] - url = new java.net.URL(i): null

2022-04-06 11:29:25 - [TEST_STEP][PASSED] - println("URL: " + url.toString()): null

2022-04-06 11:29:25 - [TEST_STEP][PASSED] - connection = url.openConnection(): null

2022-04-06 11:29:25 - [TEST_STEP][PASSED] - connection.setRequestMethod("GET"): null

2022-04-06 11:29:25 - [TEST_STEP][PASSED] - connection.setReadTimeout(2 * 1000): null

2022-04-06 11:29:25 - [TEST_STEP][PASSED] - try: null

2022-04-06 11:29:25 - [TEST_STEP][PASSED] - connection.connect(): null

2022-04-06 11:29:25 - [TEST_STEP][PASSED] - flag = connected: null

2022-04-06 11:29:25 - [TEST_STEP][PASSED] - println("Valor_ori: " + flag): null

2022-04-06 11:29:25 - [TEST_STEP][PASSED] - if (flag): null

2022-04-06 11:29:25 - [TEST_STEP][PASSED] - navigateToUrl(i): Navigate to 'http://192.168.2.19:8380/saraweb' successfully

2022-04-06 11:29:26 - [MESSAGE][PASSED] - Navigate to 'http://192.168.2.19:8380/saraweb' successfully

2022-04-06 11:29:26 - [TEST_STEP][PASSED] - a(): null

2022-04-06 11:29:26 - [TEST_STEP][PASSED] - setText(findTestObject("Login/input_USUARIO_loginusuario"), G_Usuario): Text 'saraadmin' is set on object 'Object Repository/Login/input_USUARIO_loginusuario'

2022-04-06 11:29:26 - [MESSAGE][PASSED] - Text 'saraadmin' is set on object 'Object Repository/Login/input_USUARIO_loginusuario'

2022-04-06 11:29:26 - [TEST_STEP][PASSED] - setEncryptedText(findTestObject("Login/input_CLAVE_loginpassword"), "MkG4/TYiCFC3cb2driP7+Q=="): Text ****** has been set on object 'Object Repository/Login/input_CLAVE_loginpassword'

2022-04-06 11:29:27 - [MESSAGE][PASSED] - Text ****** has been set on object 'Object Repository/Login/input_CLAVE_loginpassword'

2022-04-06 11:29:27 - [TEST_STEP][PASSED] - waitForElementClickable(findTestObject("Login/a_Ingresar"), G_TimeOut): Object 'Object Repository/Login/a_Ingresar' is clickable

2022-04-06 11:29:27 - [MESSAGE][PASSED] - Object 'Object Repository/Login/a_Ingresar' is clickable

2022-04-06 11:29:27 - [TEST_STEP][PASSED] - click(findTestObject("Login/a_Ingresar")): Object: 'Object Repository/Login/a_Ingresar' is clicked on

2022-04-06 11:29:29 - [MESSAGE][PASSED] - Object: 'Object Repository/Login/a_Ingresar' is clicked on

2022-04-06 11:29:29 - [TEST_STEP][PASSED] - element = findWebElement(findTestObject("Login/a_Ir"), 30): null

2022-04-06 11:29:29 - [TEST_STEP][PASSED] - executeJavaScript("arguments[0].click()", Arrays.asList(element)): Execute JavaScript 'arguments[0].click()' successfully

2022-04-06 11:29:29 - [MESSAGE][PASSED] - Execute JavaScript 'arguments[0].click()' successfully

2022-04-06 11:29:29 - [MESSAGE][PASSED] - Call Test Case 'Test Cases/0.1-Login' successfully

2022-04-06 11:29:29 - [TEST_STEP][PASSED] - setText(findTestObject("Modulo Control Evento Capacitacion/input_ADMINISTRADOR DEL SISTEMA - SARA_form_templatej_idt24_input"), "Control Evento"): Text 'Control Evento' is set on object 'Object Repository/Modulo Control Evento Capacitacion/input_ADMINISTRADOR DEL SISTEMA - SARA_form_templatej_idt24_input'

2022-04-06 11:29:30 - [MESSAGE][PASSED] - Text 'Control Evento' is set on object 'Object Repository/Modulo Control Evento Capacitacion/input_ADMINISTRADOR DEL SISTEMA - SARA_form_templatej_idt24_input'

2022-04-06 11:29:30 - [TEST_STEP][PASSED] - click(findTestObject("Modulo Control Evento Capacitacion/li_Control Evento Capacitacion (cap)")): Object: 'Object Repository/Modulo Control Evento Capacitacion/li_Control Evento Capacitacion (cap)' is clicked on

2022-04-06 11:29:31 - [MESSAGE][PASSED] - Object: 'Object Repository/Modulo Control Evento Capacitacion/li_Control Evento Capacitacion (cap)' is clicked on

2022-04-06 11:29:31 - [MESSAGE][PASSED] - Call Test Case 'Test Cases/Utilidades-(atajos_para _tareas)/Modulos/Modulo Control Evento Capacitacion' successfully

2022-04-06 11:29:31 - [TEST_STEP][PASSED] - click(findTestObject("M-OBJECTS TAREAS SECUNDARIAS/Pruebas capacitacion/Programar_una_Evaluación_de_un_evento/td_Prueba")): Object: 'Object Repository/M-OBJECTS TAREAS SECUNDARIAS/Pruebas capacitacion/Programar_una_Evaluación_de_un_evento/td_Prueba' is clicked on

2022-04-06 11:29:33 - [MESSAGE][PASSED] - Object: 'Object Repository/M-OBJECTS TAREAS SECUNDARIAS/Pruebas capacitacion/Programar_una_Evaluación_de_un_evento/td_Prueba' is clicked on

2022-04-06 11:29:33 - [TEST_STEP][PASSED] - click(findTestObject("M-OBJECTS TAREAS SECUNDARIAS/Pruebas capacitacion/Programar_una_Evaluación_de_un_evento/div_Evaluacin")): Object: 'Object Repository/M-OBJECTS TAREAS SECUNDARIAS/Pruebas capacitacion/Programar_una_Evaluación_de_un_evento/div_Evaluacin' is clicked on

2022-04-06 11:29:34 - [MESSAGE][PASSED] - Object: 'Object Repository/M-OBJECTS TAREAS SECUNDARIAS/Pruebas capacitacion/Programar_una_Evaluación_de_un_evento/div_Evaluacin' is clicked on

2022-04-06 11:29:34 - [TEST_STEP][PASSED] - click(findTestObject("M-OBJECTS TAREAS SECUNDARIAS/Pruebas capacitacion/Programar_una_Evaluación_de_un_evento/a_Evento")): Object: 'Object Repository/M-OBJECTS TAREAS SECUNDARIAS/Pruebas capacitacion/Programar_una_Evaluación_de_un_evento/a_Evento' is clicked on

2022-04-06 11:29:34 - [MESSAGE][PASSED] - Object: 'Object Repository/M-OBJECTS TAREAS SECUNDARIAS/Pruebas capacitacion/Programar_una_Evaluación_de_un_evento/a_Evento' is clicked on

2022-04-06 11:29:34 - [TEST_STEP][PASSED] - if (waitForElementPresent(findTestObject("M-OBJECTS TAREAS SECUNDARIAS/Pruebas capacitacion/Programar_una_Evaluación_de_un_evento/td_Encuesta De Satisfaccion Capacitacion"), 1)): Object 'Object Repository/M-OBJECTS TAREAS SECUNDARIAS/Pruebas capacitacion/Programar_una_Evaluación_de_un_evento/td_Encuesta De Satisfaccion Capacitacion' is not present after 1 second(s)

2022-04-06 11:29:36 - [MESSAGE][INFO] - Unable to find the element located by 'By.xpath: //*/text()[normalize-space(.)='Encuesta De Satisfaccion Capacitacion']/parent::*'. Please recheck the objects properties to make sure the desired element is located. 

2022-04-06 11:29:36 - [MESSAGE][WARNING] - Object 'Object Repository/M-OBJECTS TAREAS SECUNDARIAS/Pruebas capacitacion/Programar_una_Evaluación_de_un_evento/td_Encuesta De Satisfaccion Capacitacion' is not present after 1 second(s)

2022-04-06 11:29:36 - [TEST_STEP][PASSED] - click(findTestObject("M-OBJECTS TAREAS SECUNDARIAS/Pruebas capacitacion/Programar_una_Evaluación_de_un_evento/a_Programar")): Object: 'Object Repository/M-OBJECTS TAREAS SECUNDARIAS/Pruebas capacitacion/Programar_una_Evaluación_de_un_evento/a_Programar' is clicked on

2022-04-06 11:29:36 - [MESSAGE][PASSED] - Object: 'Object Repository/M-OBJECTS TAREAS SECUNDARIAS/Pruebas capacitacion/Programar_una_Evaluación_de_un_evento/a_Programar' is clicked on

2022-04-06 11:29:36 - [TEST_STEP][PASSED] - selectOptionByIndex(findTestObject("M-OBJECTS TAREAS SECUNDARIAS/Pruebas capacitacion/Programar_una_Evaluación_de_un_evento/select_SeleccioneENCUESTA DE SATISFACCION CAPACITACION"), 0): All options with index in [0] are selected on object 'Object Repository/M-OBJECTS TAREAS SECUNDARIAS/Pruebas capacitacion/Programar_una_Evaluación_de_un_evento/select_SeleccioneENCUESTA DE SATISFACCION CAPACITACION'

2022-04-06 11:29:38 - [MESSAGE][PASSED] - All options with index in [0] are selected on object 'Object Repository/M-OBJECTS TAREAS SECUNDARIAS/Pruebas capacitacion/Programar_una_Evaluación_de_un_evento/select_SeleccioneENCUESTA DE SATISFACCION CAPACITACION'

2022-04-06 11:29:38 - [TEST_STEP][PASSED] - selectOptionByIndex(findTestObject("M-OBJECTS TAREAS SECUNDARIAS/Pruebas capacitacion/Programar_una_Evaluación_de_un_evento/select_SeleccioneACEPTADOFINALIZADOINSCRITONO ACEPTADONO APROBADONO ASISTIO"), 1): All options with index in [1] are selected on object 'Object Repository/M-OBJECTS TAREAS SECUNDARIAS/Pruebas capacitacion/Programar_una_Evaluación_de_un_evento/select_SeleccioneACEPTADOFINALIZADOINSCRITONO ACEPTADONO APROBADONO ASISTIO'

2022-04-06 11:29:39 - [MESSAGE][PASSED] - All options with index in [1] are selected on object 'Object Repository/M-OBJECTS TAREAS SECUNDARIAS/Pruebas capacitacion/Programar_una_Evaluación_de_un_evento/select_SeleccioneACEPTADOFINALIZADOINSCRITONO ACEPTADONO APROBADONO ASISTIO'

2022-04-06 11:29:39 - [TEST_STEP][PASSED] - check(findTestObject("M-OBJECTS TAREAS SECUNDARIAS/Pruebas capacitacion/Programar_una_Evaluación_de_un_evento/div_Grupo_ui-chkbox-box ui-widget ui-corner-all ui-state-default ui-state-hover")): Object 'Object Repository/M-OBJECTS TAREAS SECUNDARIAS/Pruebas capacitacion/Programar_una_Evaluación_de_un_evento/div_Grupo_ui-chkbox-box ui-widget ui-corner-all ui-state-default ui-state-hover' is checked

2022-04-06 11:29:39 - [MESSAGE][PASSED] - Object 'Object Repository/M-OBJECTS TAREAS SECUNDARIAS/Pruebas capacitacion/Programar_una_Evaluación_de_un_evento/div_Grupo_ui-chkbox-box ui-widget ui-corner-all ui-state-default ui-state-hover' is checked

2022-04-06 11:29:39 - [TEST_STEP][PASSED] - setText(findTestObject("M-OBJECTS TAREAS SECUNDARIAS/Pruebas capacitacion/Programar_una_Evaluación_de_un_evento/input_Fecha Limite_popupProgramarEvento_formfechaIn_input"), "31/12/2021"): Text '31/12/2021' is set on object 'Object Repository/M-OBJECTS TAREAS SECUNDARIAS/Pruebas capacitacion/Programar_una_Evaluación_de_un_evento/input_Fecha Limite_popupProgramarEvento_formfechaIn_input'

2022-04-06 11:29:40 - [MESSAGE][PASSED] - Text '31/12/2021' is set on object 'Object Repository/M-OBJECTS TAREAS SECUNDARIAS/Pruebas capacitacion/Programar_una_Evaluación_de_un_evento/input_Fecha Limite_popupProgramarEvento_formfechaIn_input'

2022-04-06 11:29:40 - [TEST_STEP][PASSED] - sendKeys(findTestObject("M-OBJECTS TAREAS SECUNDARIAS/Pruebas capacitacion/Programar_una_Evaluación_de_un_evento/input_Fecha Limite_popupProgramarEvento_formfechaIn_input"), Keys.chord(ESCAPE)): Keys 'ESCAPE + ' sent to object: 'Object Repository/M-OBJECTS TAREAS SECUNDARIAS/Pruebas capacitacion/Programar_una_Evaluación_de_un_evento/input_Fecha Limite_popupProgramarEvento_formfechaIn_input'

2022-04-06 11:29:41 - [MESSAGE][PASSED] - Keys 'ESCAPE + ' sent to object: 'Object Repository/M-OBJECTS TAREAS SECUNDARIAS/Pruebas capacitacion/Programar_una_Evaluación_de_un_evento/input_Fecha Limite_popupProgramarEvento_formfechaIn_input'

2022-04-06 11:29:41 - [TEST_STEP][PASSED] - click(findTestObject("M-OBJECTS TAREAS SECUNDARIAS/Pruebas capacitacion/Programar_una_Evaluación_de_un_evento/a_Aplicar")): Object: 'Object Repository/M-OBJECTS TAREAS SECUNDARIAS/Pruebas capacitacion/Programar_una_Evaluación_de_un_evento/a_Aplicar' is clicked on

2022-04-06 11:29:41 - [MESSAGE][PASSED] - Object: 'Object Repository/M-OBJECTS TAREAS SECUNDARIAS/Pruebas capacitacion/Programar_una_Evaluación_de_un_evento/a_Aplicar' is clicked on

2022-04-06 11:29:41 - [TEST_STEP][PASSED] - closeBrowser(): Browser is closed

2022-04-06 11:29:42 - [MESSAGE][PASSED] - Browser is closed]]></system-out>
         <system-err><![CDATA[]]></system-err>
      </testcase>
      <testcase name="Test Cases/1.2-Tareas_Secundarias/4.1-Pruebas_Capacitación/4.2.3-Crear_una_Necesidad_de_Capacitación" time="20.383" classname="Test Cases/1.2-Tareas_Secundarias/4.1-Pruebas_Capacitación/4.2.3-Crear_una_Necesidad_de_Capacitación" status="PASSED">
         <system-out><![CDATA[2022-04-06 11:29:42 - [TEST_CASE][PASSED] - Test Cases/1.2-Tareas_Secundarias/4.1-Pruebas_Capacitación/4.2.3-Crear_una_Necesidad_de_Capacitación: Test Cases/1.2-Tareas_Secundarias/4.1-Pruebas_Capacitación/4.2.3-Crear_una_Necesidad_de_Capacitación

2022-04-06 11:29:42 - [TEST_STEP][PASSED] - callTestCase(findTestCase("0.1-Login"), [:], STOP_ON_FAILURE): Call Test Case 'Test Cases/0.1-Login' successfully

2022-04-06 11:29:42 - [TEST_CASE][PASSED] - Test Cases/0.1-Login: Test Cases/0.1-Login

2022-04-06 11:29:42 - [TEST_STEP][PASSED] - openBrowser(""): Browser is opened with url: ''

2022-04-06 11:29:42 - [MESSAGE][INFO] - Starting 'Chrome' driver

2022-04-06 11:29:42 - [MESSAGE][INFO] - Action delay is set to 0 milliseconds

2022-04-06 11:29:44 - [MESSAGE][PASSED] - Browser is opened with url: ''

2022-04-06 11:29:44 - [TEST_STEP][PASSED] - maximizeWindow(): Current window maximized

2022-04-06 11:29:44 - [MESSAGE][PASSED] - Current window maximized

2022-04-06 11:29:44 - [TEST_STEP][PASSED] - i = G_Login: null

2022-04-06 11:29:44 - [TEST_STEP][PASSED] - url = new java.net.URL(i): null

2022-04-06 11:29:44 - [TEST_STEP][PASSED] - println("URL: " + url.toString()): null

2022-04-06 11:29:44 - [TEST_STEP][PASSED] - connection = url.openConnection(): null

2022-04-06 11:29:44 - [TEST_STEP][PASSED] - connection.setRequestMethod("GET"): null

2022-04-06 11:29:44 - [TEST_STEP][PASSED] - connection.setReadTimeout(2 * 1000): null

2022-04-06 11:29:44 - [TEST_STEP][PASSED] - try: null

2022-04-06 11:29:44 - [TEST_STEP][PASSED] - connection.connect(): null

2022-04-06 11:29:44 - [TEST_STEP][PASSED] - flag = connected: null

2022-04-06 11:29:44 - [TEST_STEP][PASSED] - println("Valor_ori: " + flag): null

2022-04-06 11:29:44 - [TEST_STEP][PASSED] - if (flag): null

2022-04-06 11:29:44 - [TEST_STEP][PASSED] - navigateToUrl(i): Navigate to 'http://192.168.2.19:8380/saraweb' successfully

2022-04-06 11:29:44 - [MESSAGE][PASSED] - Navigate to 'http://192.168.2.19:8380/saraweb' successfully

2022-04-06 11:29:44 - [TEST_STEP][PASSED] - a(): null

2022-04-06 11:29:44 - [TEST_STEP][PASSED] - setText(findTestObject("Login/input_USUARIO_loginusuario"), G_Usuario): Text 'saraadmin' is set on object 'Object Repository/Login/input_USUARIO_loginusuario'

2022-04-06 11:29:45 - [MESSAGE][PASSED] - Text 'saraadmin' is set on object 'Object Repository/Login/input_USUARIO_loginusuario'

2022-04-06 11:29:45 - [TEST_STEP][PASSED] - setEncryptedText(findTestObject("Login/input_CLAVE_loginpassword"), "MkG4/TYiCFC3cb2driP7+Q=="): Text ****** has been set on object 'Object Repository/Login/input_CLAVE_loginpassword'

2022-04-06 11:29:45 - [MESSAGE][PASSED] - Text ****** has been set on object 'Object Repository/Login/input_CLAVE_loginpassword'

2022-04-06 11:29:45 - [TEST_STEP][PASSED] - waitForElementClickable(findTestObject("Login/a_Ingresar"), G_TimeOut): Object 'Object Repository/Login/a_Ingresar' is clickable

2022-04-06 11:29:46 - [MESSAGE][PASSED] - Object 'Object Repository/Login/a_Ingresar' is clickable

2022-04-06 11:29:46 - [TEST_STEP][PASSED] - click(findTestObject("Login/a_Ingresar")): Object: 'Object Repository/Login/a_Ingresar' is clicked on

2022-04-06 11:29:47 - [MESSAGE][PASSED] - Object: 'Object Repository/Login/a_Ingresar' is clicked on

2022-04-06 11:29:47 - [TEST_STEP][PASSED] - element = findWebElement(findTestObject("Login/a_Ir"), 30): null

2022-04-06 11:29:48 - [TEST_STEP][PASSED] - executeJavaScript("arguments[0].click()", Arrays.asList(element)): Execute JavaScript 'arguments[0].click()' successfully

2022-04-06 11:29:48 - [MESSAGE][PASSED] - Execute JavaScript 'arguments[0].click()' successfully

2022-04-06 11:29:48 - [MESSAGE][PASSED] - Call Test Case 'Test Cases/0.1-Login' successfully

2022-04-06 11:29:48 - [TEST_STEP][PASSED] - setText(findTestObject("M-OBJECTS TAREAS SECUNDARIAS/Pruebas capacitacion/Crear_una_Necesidad_de_Capacitación/input_Evento Capacitacin_form_templatej_idt24_input"), "Listado necesidad de capacitacion"): Text 'Listado necesidad de capacitacion' is set on object 'Object Repository/M-OBJECTS TAREAS SECUNDARIAS/Pruebas capacitacion/Crear_una_Necesidad_de_Capacitación/input_Evento Capacitacin_form_templatej_idt24_input'

2022-04-06 11:29:49 - [MESSAGE][PASSED] - Text 'Listado necesidad de capacitacion' is set on object 'Object Repository/M-OBJECTS TAREAS SECUNDARIAS/Pruebas capacitacion/Crear_una_Necesidad_de_Capacitación/input_Evento Capacitacin_form_templatej_idt24_input'

2022-04-06 11:29:49 - [TEST_STEP][PASSED] - click(findTestObject("M-OBJECTS TAREAS SECUNDARIAS/Pruebas capacitacion/Crear_una_Necesidad_de_Capacitación/li_Listado necesidad de capacitacion (cap)")): Object: 'Object Repository/M-OBJECTS TAREAS SECUNDARIAS/Pruebas capacitacion/Crear_una_Necesidad_de_Capacitación/li_Listado necesidad de capacitacion (cap)' is clicked on

2022-04-06 11:29:50 - [MESSAGE][PASSED] - Object: 'Object Repository/M-OBJECTS TAREAS SECUNDARIAS/Pruebas capacitacion/Crear_una_Necesidad_de_Capacitación/li_Listado necesidad de capacitacion (cap)' is clicked on

2022-04-06 11:29:50 - [TEST_STEP][PASSED] - if (waitForElementPresent(findTestObject("M-OBJECTS TAREAS SECUNDARIAS/Pruebas capacitacion/Crear_una_Necesidad_de_Capacitación/td_A A A"), 1)): null

2022-04-06 11:29:51 - [MESSAGE][PASSED] - Object 'Object Repository/M-OBJECTS TAREAS SECUNDARIAS/Pruebas capacitacion/Crear_una_Necesidad_de_Capacitación/td_A A A' is present

2022-04-06 11:29:51 - [TEST_STEP][PASSED] - click(findTestObject("M-OBJECTS TAREAS SECUNDARIAS/Pruebas capacitacion/Crear_una_Necesidad_de_Capacitación/td_A A A")): Object: 'Object Repository/M-OBJECTS TAREAS SECUNDARIAS/Pruebas capacitacion/Crear_una_Necesidad_de_Capacitación/td_A A A' is clicked on

2022-04-06 11:29:52 - [MESSAGE][PASSED] - Object: 'Object Repository/M-OBJECTS TAREAS SECUNDARIAS/Pruebas capacitacion/Crear_una_Necesidad_de_Capacitación/td_A A A' is clicked on

2022-04-06 11:29:52 - [TEST_STEP][PASSED] - if (waitForElementPresent(findTestObject("M-OBJECTS TAREAS SECUNDARIAS/Pruebas capacitacion/Crear_una_Necesidad_de_Capacitación/a_Cambiar Datos"), 1)): null

2022-04-06 11:29:52 - [MESSAGE][PASSED] - Object 'Object Repository/M-OBJECTS TAREAS SECUNDARIAS/Pruebas capacitacion/Crear_una_Necesidad_de_Capacitación/a_Cambiar Datos' is present

2022-04-06 11:29:52 - [TEST_STEP][PASSED] - click(findTestObject("M-OBJECTS TAREAS SECUNDARIAS/Pruebas capacitacion/Crear_una_Necesidad_de_Capacitación/a_Cambiar Datos")): Object: 'Object Repository/M-OBJECTS TAREAS SECUNDARIAS/Pruebas capacitacion/Crear_una_Necesidad_de_Capacitación/a_Cambiar Datos' is clicked on

2022-04-06 11:29:53 - [MESSAGE][PASSED] - Object: 'Object Repository/M-OBJECTS TAREAS SECUNDARIAS/Pruebas capacitacion/Crear_una_Necesidad_de_Capacitación/a_Cambiar Datos' is clicked on

2022-04-06 11:29:53 - [TEST_STEP][PASSED] - click(findTestObject("M-OBJECTS TAREAS SECUNDARIAS/Pruebas capacitacion/Crear_una_Necesidad_de_Capacitación/a_Eliminar")): Object: 'Object Repository/M-OBJECTS TAREAS SECUNDARIAS/Pruebas capacitacion/Crear_una_Necesidad_de_Capacitación/a_Eliminar' is clicked on

2022-04-06 11:29:53 - [MESSAGE][PASSED] - Object: 'Object Repository/M-OBJECTS TAREAS SECUNDARIAS/Pruebas capacitacion/Crear_una_Necesidad_de_Capacitación/a_Eliminar' is clicked on

2022-04-06 11:29:53 - [TEST_STEP][PASSED] - click(findTestObject("M-OBJECTS TAREAS SECUNDARIAS/Pruebas capacitacion/Crear_una_Necesidad_de_Capacitación/span_Si")): Object: 'Object Repository/M-OBJECTS TAREAS SECUNDARIAS/Pruebas capacitacion/Crear_una_Necesidad_de_Capacitación/span_Si' is clicked on

2022-04-06 11:29:54 - [MESSAGE][PASSED] - Object: 'Object Repository/M-OBJECTS TAREAS SECUNDARIAS/Pruebas capacitacion/Crear_una_Necesidad_de_Capacitación/span_Si' is clicked on

2022-04-06 11:29:54 - [TEST_STEP][PASSED] - click(findTestObject("M-OBJECTS TAREAS SECUNDARIAS/Pruebas capacitacion/Crear_una_Necesidad_de_Capacitación/a_Aceptar_Eliminar")): Object: 'Object Repository/M-OBJECTS TAREAS SECUNDARIAS/Pruebas capacitacion/Crear_una_Necesidad_de_Capacitación/a_Aceptar_Eliminar' is clicked on

2022-04-06 11:29:55 - [MESSAGE][PASSED] - Object: 'Object Repository/M-OBJECTS TAREAS SECUNDARIAS/Pruebas capacitacion/Crear_una_Necesidad_de_Capacitación/a_Aceptar_Eliminar' is clicked on

2022-04-06 11:29:55 - [TEST_STEP][PASSED] - click(findTestObject("M-OBJECTS TAREAS SECUNDARIAS/Pruebas capacitacion/Crear_una_Necesidad_de_Capacitación/a_Nuevo")): Object: 'Object Repository/M-OBJECTS TAREAS SECUNDARIAS/Pruebas capacitacion/Crear_una_Necesidad_de_Capacitación/a_Nuevo' is clicked on

2022-04-06 11:29:55 - [MESSAGE][PASSED] - Object: 'Object Repository/M-OBJECTS TAREAS SECUNDARIAS/Pruebas capacitacion/Crear_una_Necesidad_de_Capacitación/a_Nuevo' is clicked on

2022-04-06 11:29:55 - [TEST_STEP][PASSED] - click(findTestObject("M-OBJECTS TAREAS SECUNDARIAS/Pruebas capacitacion/Crear_una_Necesidad_de_Capacitación/span_prueba np")): Object: 'Object Repository/M-OBJECTS TAREAS SECUNDARIAS/Pruebas capacitacion/Crear_una_Necesidad_de_Capacitación/span_prueba np' is clicked on

2022-04-06 11:29:56 - [MESSAGE][PASSED] - Object: 'Object Repository/M-OBJECTS TAREAS SECUNDARIAS/Pruebas capacitacion/Crear_una_Necesidad_de_Capacitación/span_prueba np' is clicked on

2022-04-06 11:29:56 - [TEST_STEP][PASSED] - click(findTestObject("M-OBJECTS TAREAS SECUNDARIAS/Pruebas capacitacion/Crear_una_Necesidad_de_Capacitación/a_Nombre_formj_idt628")): Object: 'Object Repository/M-OBJECTS TAREAS SECUNDARIAS/Pruebas capacitacion/Crear_una_Necesidad_de_Capacitación/a_Nombre_formj_idt628' is clicked on

2022-04-06 11:29:57 - [MESSAGE][PASSED] - Object: 'Object Repository/M-OBJECTS TAREAS SECUNDARIAS/Pruebas capacitacion/Crear_una_Necesidad_de_Capacitación/a_Nombre_formj_idt628' is clicked on

2022-04-06 11:29:57 - [TEST_STEP][PASSED] - setText(findTestObject("M-OBJECTS TAREAS SECUNDARIAS/Pruebas capacitacion/Crear_una_Necesidad_de_Capacitación/input_Filtro Hoja de Vida_formPopupHojaVidaj_idt1726"), "a"): Text 'a' is set on object 'Object Repository/M-OBJECTS TAREAS SECUNDARIAS/Pruebas capacitacion/Crear_una_Necesidad_de_Capacitación/input_Filtro Hoja de Vida_formPopupHojaVidaj_idt1726'

2022-04-06 11:29:57 - [MESSAGE][PASSED] - Text 'a' is set on object 'Object Repository/M-OBJECTS TAREAS SECUNDARIAS/Pruebas capacitacion/Crear_una_Necesidad_de_Capacitación/input_Filtro Hoja de Vida_formPopupHojaVidaj_idt1726'

2022-04-06 11:29:57 - [TEST_STEP][PASSED] - sendKeys(findTestObject("M-OBJECTS TAREAS SECUNDARIAS/Pruebas capacitacion/Crear_una_Necesidad_de_Capacitación/input_Filtro Hoja de Vida_formPopupHojaVidaj_idt1726"), Keys.chord(ENTER)): Keys 'ENTER + ' sent to object: 'Object Repository/M-OBJECTS TAREAS SECUNDARIAS/Pruebas capacitacion/Crear_una_Necesidad_de_Capacitación/input_Filtro Hoja de Vida_formPopupHojaVidaj_idt1726'

2022-04-06 11:29:58 - [MESSAGE][PASSED] - Keys 'ENTER + ' sent to object: 'Object Repository/M-OBJECTS TAREAS SECUNDARIAS/Pruebas capacitacion/Crear_una_Necesidad_de_Capacitación/input_Filtro Hoja de Vida_formPopupHojaVidaj_idt1726'

2022-04-06 11:29:58 - [TEST_STEP][PASSED] - click(findTestObject("M-OBJECTS TAREAS SECUNDARIAS/Pruebas capacitacion/Crear_una_Necesidad_de_Capacitación/span_A A A"), STOP_ON_FAILURE): Object: 'Object Repository/M-OBJECTS TAREAS SECUNDARIAS/Pruebas capacitacion/Crear_una_Necesidad_de_Capacitación/span_A A A' is clicked on

2022-04-06 11:29:58 - [MESSAGE][PASSED] - Object: 'Object Repository/M-OBJECTS TAREAS SECUNDARIAS/Pruebas capacitacion/Crear_una_Necesidad_de_Capacitación/span_A A A' is clicked on

2022-04-06 11:29:58 - [TEST_STEP][PASSED] - click(findTestObject("M-OBJECTS TAREAS SECUNDARIAS/Pruebas capacitacion/Crear_una_Necesidad_de_Capacitación/a_Solicitado Por_formj_idt661")): Object: 'Object Repository/M-OBJECTS TAREAS SECUNDARIAS/Pruebas capacitacion/Crear_una_Necesidad_de_Capacitación/a_Solicitado Por_formj_idt661' is clicked on

2022-04-06 11:29:59 - [MESSAGE][PASSED] - Object: 'Object Repository/M-OBJECTS TAREAS SECUNDARIAS/Pruebas capacitacion/Crear_una_Necesidad_de_Capacitación/a_Solicitado Por_formj_idt661' is clicked on

2022-04-06 11:29:59 - [TEST_STEP][PASSED] - setText(findTestObject("M-OBJECTS TAREAS SECUNDARIAS/Pruebas capacitacion/Crear_una_Necesidad_de_Capacitación/input_Filtro Hoja de Vida_formj_idt723"), "a"): Text 'a' is set on object 'Object Repository/M-OBJECTS TAREAS SECUNDARIAS/Pruebas capacitacion/Crear_una_Necesidad_de_Capacitación/input_Filtro Hoja de Vida_formj_idt723'

2022-04-06 11:30:00 - [MESSAGE][PASSED] - Text 'a' is set on object 'Object Repository/M-OBJECTS TAREAS SECUNDARIAS/Pruebas capacitacion/Crear_una_Necesidad_de_Capacitación/input_Filtro Hoja de Vida_formj_idt723'

2022-04-06 11:30:00 - [TEST_STEP][PASSED] - sendKeys(findTestObject("M-OBJECTS TAREAS SECUNDARIAS/Pruebas capacitacion/Crear_una_Necesidad_de_Capacitación/input_Filtro Hoja de Vida_formj_idt723"), Keys.chord(ENTER)): Keys 'ENTER + ' sent to object: 'Object Repository/M-OBJECTS TAREAS SECUNDARIAS/Pruebas capacitacion/Crear_una_Necesidad_de_Capacitación/input_Filtro Hoja de Vida_formj_idt723'

2022-04-06 11:30:00 - [MESSAGE][PASSED] - Keys 'ENTER + ' sent to object: 'Object Repository/M-OBJECTS TAREAS SECUNDARIAS/Pruebas capacitacion/Crear_una_Necesidad_de_Capacitación/input_Filtro Hoja de Vida_formj_idt723'

2022-04-06 11:30:00 - [TEST_STEP][PASSED] - click(findTestObject("M-OBJECTS TAREAS SECUNDARIAS/Pruebas capacitacion/Crear_una_Necesidad_de_Capacitación/span_Aalfalfa Aalfalfa Aalfalfa")): Object: 'Object Repository/M-OBJECTS TAREAS SECUNDARIAS/Pruebas capacitacion/Crear_una_Necesidad_de_Capacitación/span_Aalfalfa Aalfalfa Aalfalfa' is clicked on

2022-04-06 11:30:01 - [MESSAGE][PASSED] - Object: 'Object Repository/M-OBJECTS TAREAS SECUNDARIAS/Pruebas capacitacion/Crear_una_Necesidad_de_Capacitación/span_Aalfalfa Aalfalfa Aalfalfa' is clicked on

2022-04-06 11:30:01 - [TEST_STEP][PASSED] - click(findTestObject("M-OBJECTS TAREAS SECUNDARIAS/Pruebas capacitacion/Crear_una_Necesidad_de_Capacitación/a_Guardar")): Object: 'Object Repository/M-OBJECTS TAREAS SECUNDARIAS/Pruebas capacitacion/Crear_una_Necesidad_de_Capacitación/a_Guardar' is clicked on

2022-04-06 11:30:01 - [MESSAGE][PASSED] - Object: 'Object Repository/M-OBJECTS TAREAS SECUNDARIAS/Pruebas capacitacion/Crear_una_Necesidad_de_Capacitación/a_Guardar' is clicked on

2022-04-06 11:30:01 - [TEST_STEP][PASSED] - closeBrowser(): Browser is closed

2022-04-06 11:30:02 - [MESSAGE][PASSED] - Browser is closed]]></system-out>
         <system-err><![CDATA[]]></system-err>
      </testcase>
      <testcase name="Test Cases/1.2-Tareas_Secundarias/4.1-Pruebas_Capacitación/4.2.4-Reserva_de_Salones" time="23.91" classname="Test Cases/1.2-Tareas_Secundarias/4.1-Pruebas_Capacitación/4.2.4-Reserva_de_Salones" status="PASSED">
         <system-out><![CDATA[2022-04-06 11:30:02 - [TEST_CASE][PASSED] - Test Cases/1.2-Tareas_Secundarias/4.1-Pruebas_Capacitación/4.2.4-Reserva_de_Salones: Test Cases/1.2-Tareas_Secundarias/4.1-Pruebas_Capacitación/4.2.4-Reserva_de_Salones

2022-04-06 11:30:03 - [TEST_STEP][PASSED] - callTestCase(findTestCase("0.1-Login"), [:], STOP_ON_FAILURE): Call Test Case 'Test Cases/0.1-Login' successfully

2022-04-06 11:30:03 - [TEST_CASE][PASSED] - Test Cases/0.1-Login: Test Cases/0.1-Login

2022-04-06 11:30:03 - [TEST_STEP][PASSED] - openBrowser(""): Browser is opened with url: ''

2022-04-06 11:30:03 - [MESSAGE][INFO] - Starting 'Chrome' driver

2022-04-06 11:30:03 - [MESSAGE][INFO] - Action delay is set to 0 milliseconds

2022-04-06 11:30:04 - [MESSAGE][PASSED] - Browser is opened with url: ''

2022-04-06 11:30:04 - [TEST_STEP][PASSED] - maximizeWindow(): Current window maximized

2022-04-06 11:30:04 - [MESSAGE][PASSED] - Current window maximized

2022-04-06 11:30:04 - [TEST_STEP][PASSED] - i = G_Login: null

2022-04-06 11:30:04 - [TEST_STEP][PASSED] - url = new java.net.URL(i): null

2022-04-06 11:30:04 - [TEST_STEP][PASSED] - println("URL: " + url.toString()): null

2022-04-06 11:30:04 - [TEST_STEP][PASSED] - connection = url.openConnection(): null

2022-04-06 11:30:04 - [TEST_STEP][PASSED] - connection.setRequestMethod("GET"): null

2022-04-06 11:30:04 - [TEST_STEP][PASSED] - connection.setReadTimeout(2 * 1000): null

2022-04-06 11:30:04 - [TEST_STEP][PASSED] - try: null

2022-04-06 11:30:04 - [TEST_STEP][PASSED] - connection.connect(): null

2022-04-06 11:30:04 - [TEST_STEP][PASSED] - flag = connected: null

2022-04-06 11:30:04 - [TEST_STEP][PASSED] - println("Valor_ori: " + flag): null

2022-04-06 11:30:04 - [TEST_STEP][PASSED] - if (flag): null

2022-04-06 11:30:04 - [TEST_STEP][PASSED] - navigateToUrl(i): Navigate to 'http://192.168.2.19:8380/saraweb' successfully

2022-04-06 11:30:05 - [MESSAGE][PASSED] - Navigate to 'http://192.168.2.19:8380/saraweb' successfully

2022-04-06 11:30:05 - [TEST_STEP][PASSED] - a(): null

2022-04-06 11:30:05 - [TEST_STEP][PASSED] - setText(findTestObject("Login/input_USUARIO_loginusuario"), G_Usuario): Text 'saraadmin' is set on object 'Object Repository/Login/input_USUARIO_loginusuario'

2022-04-06 11:30:05 - [MESSAGE][PASSED] - Text 'saraadmin' is set on object 'Object Repository/Login/input_USUARIO_loginusuario'

2022-04-06 11:30:05 - [TEST_STEP][PASSED] - setEncryptedText(findTestObject("Login/input_CLAVE_loginpassword"), "MkG4/TYiCFC3cb2driP7+Q=="): Text ****** has been set on object 'Object Repository/Login/input_CLAVE_loginpassword'

2022-04-06 11:30:06 - [MESSAGE][PASSED] - Text ****** has been set on object 'Object Repository/Login/input_CLAVE_loginpassword'

2022-04-06 11:30:06 - [TEST_STEP][PASSED] - waitForElementClickable(findTestObject("Login/a_Ingresar"), G_TimeOut): Object 'Object Repository/Login/a_Ingresar' is clickable

2022-04-06 11:30:06 - [MESSAGE][PASSED] - Object 'Object Repository/Login/a_Ingresar' is clickable

2022-04-06 11:30:06 - [TEST_STEP][PASSED] - click(findTestObject("Login/a_Ingresar")): Object: 'Object Repository/Login/a_Ingresar' is clicked on

2022-04-06 11:30:08 - [MESSAGE][PASSED] - Object: 'Object Repository/Login/a_Ingresar' is clicked on

2022-04-06 11:30:08 - [TEST_STEP][PASSED] - element = findWebElement(findTestObject("Login/a_Ir"), 30): null

2022-04-06 11:30:08 - [TEST_STEP][PASSED] - executeJavaScript("arguments[0].click()", Arrays.asList(element)): Execute JavaScript 'arguments[0].click()' successfully

2022-04-06 11:30:08 - [MESSAGE][PASSED] - Execute JavaScript 'arguments[0].click()' successfully

2022-04-06 11:30:08 - [MESSAGE][PASSED] - Call Test Case 'Test Cases/0.1-Login' successfully

2022-04-06 11:30:08 - [TEST_STEP][PASSED] - setText(findTestObject("M-OBJECTS TAREAS SECUNDARIAS/Pruebas capacitacion/Reserva_de_Salones/input_Listado Necesidad Capacitacin_form_templatej_idt24_input"), "Reserva de Salones"): Text 'Reserva de Salones' is set on object 'Object Repository/M-OBJECTS TAREAS SECUNDARIAS/Pruebas capacitacion/Reserva_de_Salones/input_Listado Necesidad Capacitacin_form_templatej_idt24_input'

2022-04-06 11:30:09 - [MESSAGE][PASSED] - Text 'Reserva de Salones' is set on object 'Object Repository/M-OBJECTS TAREAS SECUNDARIAS/Pruebas capacitacion/Reserva_de_Salones/input_Listado Necesidad Capacitacin_form_templatej_idt24_input'

2022-04-06 11:30:09 - [TEST_STEP][PASSED] - click(findTestObject("M-OBJECTS TAREAS SECUNDARIAS/Pruebas capacitacion/Reserva_de_Salones/span_Reserva de Salones")): Object: 'Object Repository/M-OBJECTS TAREAS SECUNDARIAS/Pruebas capacitacion/Reserva_de_Salones/span_Reserva de Salones' is clicked on

2022-04-06 11:30:10 - [MESSAGE][PASSED] - Object: 'Object Repository/M-OBJECTS TAREAS SECUNDARIAS/Pruebas capacitacion/Reserva_de_Salones/span_Reserva de Salones' is clicked on

2022-04-06 11:30:10 - [TEST_STEP][PASSED] - click(findTestObject("M-OBJECTS TAREAS SECUNDARIAS/Pruebas capacitacion/Reserva_de_Salones/td_Sala de Juntas")): Object: 'Object Repository/M-OBJECTS TAREAS SECUNDARIAS/Pruebas capacitacion/Reserva_de_Salones/td_Sala de Juntas' is clicked on

2022-04-06 11:30:11 - [MESSAGE][PASSED] - Object: 'Object Repository/M-OBJECTS TAREAS SECUNDARIAS/Pruebas capacitacion/Reserva_de_Salones/td_Sala de Juntas' is clicked on

2022-04-06 11:30:11 - [TEST_STEP][PASSED] - if (waitForElementPresent(findTestObject("M-OBJECTS TAREAS SECUNDARIAS/Pruebas capacitacion/Reserva_de_Salones/span_Pruebas ka"), 1)): null

2022-04-06 11:30:12 - [MESSAGE][PASSED] - Object 'Object Repository/M-OBJECTS TAREAS SECUNDARIAS/Pruebas capacitacion/Reserva_de_Salones/span_Pruebas ka' is present

2022-04-06 11:30:12 - [TEST_STEP][PASSED] - click(findTestObject("M-OBJECTS TAREAS SECUNDARIAS/Pruebas capacitacion/Reserva_de_Salones/span_Pruebas ka")): Object: 'Object Repository/M-OBJECTS TAREAS SECUNDARIAS/Pruebas capacitacion/Reserva_de_Salones/span_Pruebas ka' is clicked on

2022-04-06 11:30:12 - [MESSAGE][PASSED] - Object: 'Object Repository/M-OBJECTS TAREAS SECUNDARIAS/Pruebas capacitacion/Reserva_de_Salones/span_Pruebas ka' is clicked on

2022-04-06 11:30:12 - [TEST_STEP][PASSED] - element = findWebElement(findTestObject("M-OBJECTS TAREAS SECUNDARIAS/Pruebas capacitacion/Reserva_de_Salones/a_Eliminar"), 30): null

2022-04-06 11:30:13 - [TEST_STEP][PASSED] - executeJavaScript("arguments[0].click()", Arrays.asList(element)): Execute JavaScript 'arguments[0].click()' successfully

2022-04-06 11:30:13 - [MESSAGE][PASSED] - Execute JavaScript 'arguments[0].click()' successfully

2022-04-06 11:30:13 - [TEST_STEP][PASSED] - click(findTestObject("M-OBJECTS TAREAS SECUNDARIAS/Pruebas capacitacion/Reserva_de_Salones/a_Aceptar")): Object: 'Object Repository/M-OBJECTS TAREAS SECUNDARIAS/Pruebas capacitacion/Reserva_de_Salones/a_Aceptar' is clicked on

2022-04-06 11:30:14 - [MESSAGE][PASSED] - Object: 'Object Repository/M-OBJECTS TAREAS SECUNDARIAS/Pruebas capacitacion/Reserva_de_Salones/a_Aceptar' is clicked on

2022-04-06 11:30:14 - [TEST_STEP][PASSED] - click(findTestObject("M-OBJECTS TAREAS SECUNDARIAS/Pruebas capacitacion/Reserva_de_Salones/span_----")): Object: 'Object Repository/M-OBJECTS TAREAS SECUNDARIAS/Pruebas capacitacion/Reserva_de_Salones/span_----' is clicked on

2022-04-06 11:30:15 - [MESSAGE][PASSED] - Object: 'Object Repository/M-OBJECTS TAREAS SECUNDARIAS/Pruebas capacitacion/Reserva_de_Salones/span_----' is clicked on

2022-04-06 11:30:15 - [TEST_STEP][PASSED] - setText(findTestObject("M-OBJECTS TAREAS SECUNDARIAS/Pruebas capacitacion/Reserva_de_Salones/textarea_Tema_popup_form_reservaSalonestema"), "Pruebas ka"): Text 'Pruebas ka' is set on object 'Object Repository/M-OBJECTS TAREAS SECUNDARIAS/Pruebas capacitacion/Reserva_de_Salones/textarea_Tema_popup_form_reservaSalonestema'

2022-04-06 11:30:16 - [MESSAGE][PASSED] - Text 'Pruebas ka' is set on object 'Object Repository/M-OBJECTS TAREAS SECUNDARIAS/Pruebas capacitacion/Reserva_de_Salones/textarea_Tema_popup_form_reservaSalonestema'

2022-04-06 11:30:16 - [TEST_STEP][PASSED] - selectOptionByIndex(findTestObject("M-OBJECTS TAREAS SECUNDARIAS/Pruebas capacitacion/Reserva_de_Salones/select_0830 AM0900 AM0930"), 1): All options with index in [1] are selected on object 'Object Repository/M-OBJECTS TAREAS SECUNDARIAS/Pruebas capacitacion/Reserva_de_Salones/select_0830 AM0900 AM0930'

2022-04-06 11:30:17 - [MESSAGE][PASSED] - All options with index in [1] are selected on object 'Object Repository/M-OBJECTS TAREAS SECUNDARIAS/Pruebas capacitacion/Reserva_de_Salones/select_0830 AM0900 AM0930'

2022-04-06 11:30:17 - [TEST_STEP][PASSED] - setText(findTestObject("M-OBJECTS TAREAS SECUNDARIAS/Pruebas capacitacion/Reserva_de_Salones/input_Nmero Asistentes_popup_form_reservaSalonescantidad"), "20"): Text '20' is set on object 'Object Repository/M-OBJECTS TAREAS SECUNDARIAS/Pruebas capacitacion/Reserva_de_Salones/input_Nmero Asistentes_popup_form_reservaSalonescantidad'

2022-04-06 11:30:17 - [MESSAGE][PASSED] - Text '20' is set on object 'Object Repository/M-OBJECTS TAREAS SECUNDARIAS/Pruebas capacitacion/Reserva_de_Salones/input_Nmero Asistentes_popup_form_reservaSalonescantidad'

2022-04-06 11:30:17 - [TEST_STEP][PASSED] - setText(findTestObject("M-OBJECTS TAREAS SECUNDARIAS/Pruebas capacitacion/Reserva_de_Salones/textarea_Requerimiento_popup_form_reservaSalonesrequerimiento"), "Ninguno"): Text 'Ninguno' is set on object 'Object Repository/M-OBJECTS TAREAS SECUNDARIAS/Pruebas capacitacion/Reserva_de_Salones/textarea_Requerimiento_popup_form_reservaSalonesrequerimiento'

2022-04-06 11:30:18 - [MESSAGE][PASSED] - Text 'Ninguno' is set on object 'Object Repository/M-OBJECTS TAREAS SECUNDARIAS/Pruebas capacitacion/Reserva_de_Salones/textarea_Requerimiento_popup_form_reservaSalonesrequerimiento'

2022-04-06 11:30:18 - [TEST_STEP][PASSED] - setText(findTestObject("M-OBJECTS TAREAS SECUNDARIAS/Pruebas capacitacion/Reserva_de_Salones/textarea_Observacin_popup_form_reservaSalonesobservacion"), "Ninguna"): Text 'Ninguna' is set on object 'Object Repository/M-OBJECTS TAREAS SECUNDARIAS/Pruebas capacitacion/Reserva_de_Salones/textarea_Observacin_popup_form_reservaSalonesobservacion'

2022-04-06 11:30:19 - [MESSAGE][PASSED] - Text 'Ninguna' is set on object 'Object Repository/M-OBJECTS TAREAS SECUNDARIAS/Pruebas capacitacion/Reserva_de_Salones/textarea_Observacin_popup_form_reservaSalonesobservacion'

2022-04-06 11:30:19 - [TEST_STEP][PASSED] - click(findTestObject("M-OBJECTS TAREAS SECUNDARIAS/Pruebas capacitacion/Reserva_de_Salones/a_Solicitante_popup_form_reservaSalonesj_idt173")): Object: 'Object Repository/M-OBJECTS TAREAS SECUNDARIAS/Pruebas capacitacion/Reserva_de_Salones/a_Solicitante_popup_form_reservaSalonesj_idt173' is clicked on

2022-04-06 11:30:19 - [MESSAGE][PASSED] - Object: 'Object Repository/M-OBJECTS TAREAS SECUNDARIAS/Pruebas capacitacion/Reserva_de_Salones/a_Solicitante_popup_form_reservaSalonesj_idt173' is clicked on

2022-04-06 11:30:19 - [TEST_STEP][PASSED] - setText(findTestObject("M-OBJECTS TAREAS SECUNDARIAS/Pruebas capacitacion/Reserva_de_Salones/input_Filtro Hoja de Vida_formPopupHojaVidaj_idt205"), "a"): Text 'a' is set on object 'Object Repository/M-OBJECTS TAREAS SECUNDARIAS/Pruebas capacitacion/Reserva_de_Salones/input_Filtro Hoja de Vida_formPopupHojaVidaj_idt205'

2022-04-06 11:30:20 - [MESSAGE][PASSED] - Text 'a' is set on object 'Object Repository/M-OBJECTS TAREAS SECUNDARIAS/Pruebas capacitacion/Reserva_de_Salones/input_Filtro Hoja de Vida_formPopupHojaVidaj_idt205'

2022-04-06 11:30:20 - [TEST_STEP][PASSED] - sendKeys(findTestObject("M-OBJECTS TAREAS SECUNDARIAS/Pruebas capacitacion/Reserva_de_Salones/input_Filtro Hoja de Vida_formPopupHojaVidaj_idt205"), Keys.chord(ENTER)): Keys 'ENTER + ' sent to object: 'Object Repository/M-OBJECTS TAREAS SECUNDARIAS/Pruebas capacitacion/Reserva_de_Salones/input_Filtro Hoja de Vida_formPopupHojaVidaj_idt205'

2022-04-06 11:30:21 - [MESSAGE][PASSED] - Keys 'ENTER + ' sent to object: 'Object Repository/M-OBJECTS TAREAS SECUNDARIAS/Pruebas capacitacion/Reserva_de_Salones/input_Filtro Hoja de Vida_formPopupHojaVidaj_idt205'

2022-04-06 11:30:21 - [TEST_STEP][PASSED] - click(findTestObject("M-OBJECTS TAREAS SECUNDARIAS/Pruebas capacitacion/Reserva_de_Salones/td_A A A")): Object: 'Object Repository/M-OBJECTS TAREAS SECUNDARIAS/Pruebas capacitacion/Reserva_de_Salones/td_A A A' is clicked on

2022-04-06 11:30:21 - [MESSAGE][PASSED] - Object: 'Object Repository/M-OBJECTS TAREAS SECUNDARIAS/Pruebas capacitacion/Reserva_de_Salones/td_A A A' is clicked on

2022-04-06 11:30:21 - [TEST_STEP][PASSED] - click(findTestObject("M-OBJECTS TAREAS SECUNDARIAS/Pruebas capacitacion/Reserva_de_Salones/a_Responsable de reservacin_popup_form_reservaSalonesj_idt177")): Object: 'Object Repository/M-OBJECTS TAREAS SECUNDARIAS/Pruebas capacitacion/Reserva_de_Salones/a_Responsable de reservacin_popup_form_reservaSalonesj_idt177' is clicked on

2022-04-06 11:30:22 - [MESSAGE][PASSED] - Object: 'Object Repository/M-OBJECTS TAREAS SECUNDARIAS/Pruebas capacitacion/Reserva_de_Salones/a_Responsable de reservacin_popup_form_reservaSalonesj_idt177' is clicked on

2022-04-06 11:30:22 - [TEST_STEP][PASSED] - setText(findTestObject("M-OBJECTS TAREAS SECUNDARIAS/Pruebas capacitacion/Reserva_de_Salones/input_Filtro Hoja de Vida_formPopupHojaVidaj_idt205"), "a"): Text 'a' is set on object 'Object Repository/M-OBJECTS TAREAS SECUNDARIAS/Pruebas capacitacion/Reserva_de_Salones/input_Filtro Hoja de Vida_formPopupHojaVidaj_idt205'

2022-04-06 11:30:24 - [MESSAGE][PASSED] - Text 'a' is set on object 'Object Repository/M-OBJECTS TAREAS SECUNDARIAS/Pruebas capacitacion/Reserva_de_Salones/input_Filtro Hoja de Vida_formPopupHojaVidaj_idt205'

2022-04-06 11:30:24 - [TEST_STEP][PASSED] - sendKeys(findTestObject("M-OBJECTS TAREAS SECUNDARIAS/Pruebas capacitacion/Reserva_de_Salones/input_Filtro Hoja de Vida_formPopupHojaVidaj_idt205"), Keys.chord(ENTER)): Keys 'ENTER + ' sent to object: 'Object Repository/M-OBJECTS TAREAS SECUNDARIAS/Pruebas capacitacion/Reserva_de_Salones/input_Filtro Hoja de Vida_formPopupHojaVidaj_idt205'

2022-04-06 11:30:24 - [MESSAGE][PASSED] - Keys 'ENTER + ' sent to object: 'Object Repository/M-OBJECTS TAREAS SECUNDARIAS/Pruebas capacitacion/Reserva_de_Salones/input_Filtro Hoja de Vida_formPopupHojaVidaj_idt205'

2022-04-06 11:30:24 - [TEST_STEP][PASSED] - click(findTestObject("M-OBJECTS TAREAS SECUNDARIAS/Pruebas capacitacion/Reserva_de_Salones/span_A A A"), STOP_ON_FAILURE): Object: 'Object Repository/M-OBJECTS TAREAS SECUNDARIAS/Pruebas capacitacion/Reserva_de_Salones/span_A A A' is clicked on

2022-04-06 11:30:25 - [MESSAGE][PASSED] - Object: 'Object Repository/M-OBJECTS TAREAS SECUNDARIAS/Pruebas capacitacion/Reserva_de_Salones/span_A A A' is clicked on

2022-04-06 11:30:25 - [TEST_STEP][PASSED] - executeJavaScript("document.body.style.zoom='100%'", null): Execute JavaScript 'document.body.style.zoom='100%'' successfully

2022-04-06 11:30:25 - [MESSAGE][PASSED] - Execute JavaScript 'document.body.style.zoom='100%'' successfully

2022-04-06 11:30:25 - [TEST_STEP][PASSED] - scrollToPosition(400, 4000): Browser is scrolled to position x = 400, y = 4000

2022-04-06 11:30:25 - [MESSAGE][PASSED] - Browser is scrolled to position x = 400, y = 4000

2022-04-06 11:30:25 - [TEST_STEP][PASSED] - element = findWebElement(findTestObject("M-OBJECTS TAREAS SECUNDARIAS/Pruebas capacitacion/Reserva_de_Salones/a_Guardar"), 30): null

2022-04-06 11:30:26 - [TEST_STEP][PASSED] - executeJavaScript("arguments[0].click()", Arrays.asList(element)): Execute JavaScript 'arguments[0].click()' successfully

2022-04-06 11:30:26 - [MESSAGE][PASSED] - Execute JavaScript 'arguments[0].click()' successfully]]></system-out>
         <system-err><![CDATA[]]></system-err>
      </testcase>
      <testcase name="Test Cases/1.2-Tareas_Secundarias/4.1-Pruebas_Capacitación/4.2.5-Enviar_y_imprimir_Diploma" time="30.027" classname="Test Cases/1.2-Tareas_Secundarias/4.1-Pruebas_Capacitación/4.2.5-Enviar_y_imprimir_Diploma" status="PASSED">
         <system-out><![CDATA[2022-04-06 11:30:26 - [TEST_CASE][PASSED] - Test Cases/1.2-Tareas_Secundarias/4.1-Pruebas_Capacitación/4.2.5-Enviar_y_imprimir_Diploma: Test Cases/1.2-Tareas_Secundarias/4.1-Pruebas_Capacitación/4.2.5-Enviar_y_imprimir_Diploma

2022-04-06 11:30:27 - [TEST_STEP][PASSED] - callTestCase(findTestCase("0.1-Login"), [:], STOP_ON_FAILURE): Call Test Case 'Test Cases/0.1-Login' successfully

2022-04-06 11:30:27 - [TEST_CASE][PASSED] - Test Cases/0.1-Login: Test Cases/0.1-Login

2022-04-06 11:30:27 - [TEST_STEP][PASSED] - openBrowser(""): Browser is opened with url: ''

2022-04-06 11:30:27 - [MESSAGE][WARNING] - A browser is already opened. Closing browser and opening a new one

2022-04-06 11:30:27 - [MESSAGE][INFO] - Starting 'Chrome' driver

2022-04-06 11:30:27 - [MESSAGE][INFO] - Action delay is set to 0 milliseconds

2022-04-06 11:30:29 - [MESSAGE][PASSED] - Browser is opened with url: ''

2022-04-06 11:30:29 - [TEST_STEP][PASSED] - maximizeWindow(): Current window maximized

2022-04-06 11:30:29 - [MESSAGE][PASSED] - Current window maximized

2022-04-06 11:30:29 - [TEST_STEP][PASSED] - i = G_Login: null

2022-04-06 11:30:29 - [TEST_STEP][PASSED] - url = new java.net.URL(i): null

2022-04-06 11:30:29 - [TEST_STEP][PASSED] - println("URL: " + url.toString()): null

2022-04-06 11:30:29 - [TEST_STEP][PASSED] - connection = url.openConnection(): null

2022-04-06 11:30:29 - [TEST_STEP][PASSED] - connection.setRequestMethod("GET"): null

2022-04-06 11:30:29 - [TEST_STEP][PASSED] - connection.setReadTimeout(2 * 1000): null

2022-04-06 11:30:29 - [TEST_STEP][PASSED] - try: null

2022-04-06 11:30:29 - [TEST_STEP][PASSED] - connection.connect(): null

2022-04-06 11:30:29 - [TEST_STEP][PASSED] - flag = connected: null

2022-04-06 11:30:29 - [TEST_STEP][PASSED] - println("Valor_ori: " + flag): null

2022-04-06 11:30:29 - [TEST_STEP][PASSED] - if (flag): null

2022-04-06 11:30:29 - [TEST_STEP][PASSED] - navigateToUrl(i): Navigate to 'http://192.168.2.19:8380/saraweb' successfully

2022-04-06 11:30:30 - [MESSAGE][PASSED] - Navigate to 'http://192.168.2.19:8380/saraweb' successfully

2022-04-06 11:30:30 - [TEST_STEP][PASSED] - a(): null

2022-04-06 11:30:30 - [TEST_STEP][PASSED] - setText(findTestObject("Login/input_USUARIO_loginusuario"), G_Usuario): Text 'saraadmin' is set on object 'Object Repository/Login/input_USUARIO_loginusuario'

2022-04-06 11:30:30 - [MESSAGE][PASSED] - Text 'saraadmin' is set on object 'Object Repository/Login/input_USUARIO_loginusuario'

2022-04-06 11:30:30 - [TEST_STEP][PASSED] - setEncryptedText(findTestObject("Login/input_CLAVE_loginpassword"), "MkG4/TYiCFC3cb2driP7+Q=="): Text ****** has been set on object 'Object Repository/Login/input_CLAVE_loginpassword'

2022-04-06 11:30:31 - [MESSAGE][PASSED] - Text ****** has been set on object 'Object Repository/Login/input_CLAVE_loginpassword'

2022-04-06 11:30:31 - [TEST_STEP][PASSED] - waitForElementClickable(findTestObject("Login/a_Ingresar"), G_TimeOut): Object 'Object Repository/Login/a_Ingresar' is clickable

2022-04-06 11:30:31 - [MESSAGE][PASSED] - Object 'Object Repository/Login/a_Ingresar' is clickable

2022-04-06 11:30:31 - [TEST_STEP][PASSED] - click(findTestObject("Login/a_Ingresar")): Object: 'Object Repository/Login/a_Ingresar' is clicked on

2022-04-06 11:30:34 - [MESSAGE][PASSED] - Object: 'Object Repository/Login/a_Ingresar' is clicked on

2022-04-06 11:30:34 - [TEST_STEP][PASSED] - element = findWebElement(findTestObject("Login/a_Ir"), 30): null

2022-04-06 11:30:34 - [TEST_STEP][PASSED] - executeJavaScript("arguments[0].click()", Arrays.asList(element)): Execute JavaScript 'arguments[0].click()' successfully

2022-04-06 11:30:34 - [MESSAGE][PASSED] - Execute JavaScript 'arguments[0].click()' successfully

2022-04-06 11:30:34 - [MESSAGE][PASSED] - Call Test Case 'Test Cases/0.1-Login' successfully

2022-04-06 11:30:34 - [TEST_STEP][PASSED] - setText(findTestObject("M-OBJECTS TAREAS SECUNDARIAS/Pruebas capacitacion/Enviar_Diploma/input_Empresa 1_form_templatej_idt24_input"), "Control Evento Capacitacion"): Text 'Control Evento Capacitacion' is set on object 'Object Repository/M-OBJECTS TAREAS SECUNDARIAS/Pruebas capacitacion/Enviar_Diploma/input_Empresa 1_form_templatej_idt24_input'

2022-04-06 11:30:36 - [MESSAGE][PASSED] - Text 'Control Evento Capacitacion' is set on object 'Object Repository/M-OBJECTS TAREAS SECUNDARIAS/Pruebas capacitacion/Enviar_Diploma/input_Empresa 1_form_templatej_idt24_input'

2022-04-06 11:30:36 - [TEST_STEP][PASSED] - click(findTestObject("M-OBJECTS TAREAS SECUNDARIAS/Pruebas capacitacion/Enviar_Diploma/li_Control Evento Capacitacion (cap)")): Object: 'Object Repository/M-OBJECTS TAREAS SECUNDARIAS/Pruebas capacitacion/Enviar_Diploma/li_Control Evento Capacitacion (cap)' is clicked on

2022-04-06 11:30:37 - [MESSAGE][PASSED] - Object: 'Object Repository/M-OBJECTS TAREAS SECUNDARIAS/Pruebas capacitacion/Enviar_Diploma/li_Control Evento Capacitacion (cap)' is clicked on

2022-04-06 11:30:37 - [TEST_STEP][PASSED] - click(findTestObject("M-OBJECTS TAREAS SECUNDARIAS/Pruebas capacitacion/Enviar_Diploma/td_Prueba")): Object: 'Object Repository/M-OBJECTS TAREAS SECUNDARIAS/Pruebas capacitacion/Enviar_Diploma/td_Prueba' is clicked on

2022-04-06 11:30:39 - [MESSAGE][PASSED] - Object: 'Object Repository/M-OBJECTS TAREAS SECUNDARIAS/Pruebas capacitacion/Enviar_Diploma/td_Prueba' is clicked on

2022-04-06 11:30:39 - [TEST_STEP][PASSED] - click(findTestObject("M-OBJECTS TAREAS SECUNDARIAS/Pruebas capacitacion/Enviar_Diploma/div_Asistentes")): Object: 'Object Repository/M-OBJECTS TAREAS SECUNDARIAS/Pruebas capacitacion/Enviar_Diploma/div_Asistentes' is clicked on

2022-04-06 11:30:40 - [MESSAGE][PASSED] - Object: 'Object Repository/M-OBJECTS TAREAS SECUNDARIAS/Pruebas capacitacion/Enviar_Diploma/div_Asistentes' is clicked on

2022-04-06 11:30:40 - [TEST_STEP][PASSED] - click(findTestObject("M-OBJECTS TAREAS SECUNDARIAS/Pruebas capacitacion/Enviar_Diploma/a_Registro")): Object: 'Object Repository/M-OBJECTS TAREAS SECUNDARIAS/Pruebas capacitacion/Enviar_Diploma/a_Registro' is clicked on

2022-04-06 11:30:40 - [MESSAGE][PASSED] - Object: 'Object Repository/M-OBJECTS TAREAS SECUNDARIAS/Pruebas capacitacion/Enviar_Diploma/a_Registro' is clicked on

2022-04-06 11:30:40 - [TEST_STEP][PASSED] - click(findTestObject("M-OBJECTS TAREAS SECUNDARIAS/Pruebas capacitacion/Enviar_Diploma/a_Agregar Asistentes")): Object: 'Object Repository/M-OBJECTS TAREAS SECUNDARIAS/Pruebas capacitacion/Enviar_Diploma/a_Agregar Asistentes' is clicked on

2022-04-06 11:30:41 - [MESSAGE][PASSED] - Object: 'Object Repository/M-OBJECTS TAREAS SECUNDARIAS/Pruebas capacitacion/Enviar_Diploma/a_Agregar Asistentes' is clicked on

2022-04-06 11:30:41 - [TEST_STEP][PASSED] - click(findTestObject("M-OBJECTS TAREAS SECUNDARIAS/Pruebas capacitacion/Enviar_Diploma/a_Identificacin_form_filtro_EmpleadosfiltroPopupEmpleado")): Object: 'Object Repository/M-OBJECTS TAREAS SECUNDARIAS/Pruebas capacitacion/Enviar_Diploma/a_Identificacin_form_filtro_EmpleadosfiltroPopupEmpleado' is clicked on

2022-04-06 11:30:42 - [MESSAGE][PASSED] - Object: 'Object Repository/M-OBJECTS TAREAS SECUNDARIAS/Pruebas capacitacion/Enviar_Diploma/a_Identificacin_form_filtro_EmpleadosfiltroPopupEmpleado' is clicked on

2022-04-06 11:30:42 - [TEST_STEP][PASSED] - setText(findTestObject("M-OBJECTS TAREAS SECUNDARIAS/Pruebas capacitacion/Enviar_Diploma/input_Filtro Empleado_form_popupEmpleadoj_idt2269"), "80097770"): Text '80097770' is set on object 'Object Repository/M-OBJECTS TAREAS SECUNDARIAS/Pruebas capacitacion/Enviar_Diploma/input_Filtro Empleado_form_popupEmpleadoj_idt2269'

2022-04-06 11:30:42 - [MESSAGE][PASSED] - Text '80097770' is set on object 'Object Repository/M-OBJECTS TAREAS SECUNDARIAS/Pruebas capacitacion/Enviar_Diploma/input_Filtro Empleado_form_popupEmpleadoj_idt2269'

2022-04-06 11:30:42 - [TEST_STEP][PASSED] - sendKeys(findTestObject("M-OBJECTS TAREAS SECUNDARIAS/Pruebas capacitacion/Enviar_Diploma/input_Filtro Empleado_form_popupEmpleadoj_idt2269"), Keys.chord(ENTER)): Keys 'ENTER + ' sent to object: 'Object Repository/M-OBJECTS TAREAS SECUNDARIAS/Pruebas capacitacion/Enviar_Diploma/input_Filtro Empleado_form_popupEmpleadoj_idt2269'

2022-04-06 11:30:43 - [MESSAGE][PASSED] - Keys 'ENTER + ' sent to object: 'Object Repository/M-OBJECTS TAREAS SECUNDARIAS/Pruebas capacitacion/Enviar_Diploma/input_Filtro Empleado_form_popupEmpleadoj_idt2269'

2022-04-06 11:30:43 - [TEST_STEP][PASSED] - click(findTestObject("M-OBJECTS TAREAS SECUNDARIAS/Pruebas capacitacion/Enviar_Diploma/span_80097770")): Object: 'Object Repository/M-OBJECTS TAREAS SECUNDARIAS/Pruebas capacitacion/Enviar_Diploma/span_80097770' is clicked on

2022-04-06 11:30:43 - [MESSAGE][PASSED] - Object: 'Object Repository/M-OBJECTS TAREAS SECUNDARIAS/Pruebas capacitacion/Enviar_Diploma/span_80097770' is clicked on

2022-04-06 11:30:43 - [TEST_STEP][PASSED] - click(findTestObject("M-OBJECTS TAREAS SECUNDARIAS/Pruebas capacitacion/Enviar_Diploma/div_Almanza Novoa John Alexandre_ui-chkbox-box ui-widget ui-corner-all ui-state-default ui-state-hover")): Object: 'Object Repository/M-OBJECTS TAREAS SECUNDARIAS/Pruebas capacitacion/Enviar_Diploma/div_Almanza Novoa John Alexandre_ui-chkbox-box ui-widget ui-corner-all ui-state-default ui-state-hover' is clicked on

2022-04-06 11:30:44 - [MESSAGE][PASSED] - Object: 'Object Repository/M-OBJECTS TAREAS SECUNDARIAS/Pruebas capacitacion/Enviar_Diploma/div_Almanza Novoa John Alexandre_ui-chkbox-box ui-widget ui-corner-all ui-state-default ui-state-hover' is clicked on

2022-04-06 11:30:44 - [TEST_STEP][PASSED] - selectOptionByIndex(findTestObject("M-OBJECTS TAREAS SECUNDARIAS/Pruebas capacitacion/Enviar_Diploma/select_--SeleccionePruebas k"), 1): All options with index in [1] are selected on object 'Object Repository/M-OBJECTS TAREAS SECUNDARIAS/Pruebas capacitacion/Enviar_Diploma/select_--SeleccionePruebas k'

2022-04-06 11:30:45 - [MESSAGE][PASSED] - All options with index in [1] are selected on object 'Object Repository/M-OBJECTS TAREAS SECUNDARIAS/Pruebas capacitacion/Enviar_Diploma/select_--SeleccionePruebas k'

2022-04-06 11:30:45 - [TEST_STEP][PASSED] - selectOptionByIndex(findTestObject("M-OBJECTS TAREAS SECUNDARIAS/Pruebas capacitacion/Enviar_Diploma/select_--SeleccionePrueba1pruebaPRUEBA PLAN CAPACITACIONPRUEBA SILVIA"), 1): All options with index in [1] are selected on object 'Object Repository/M-OBJECTS TAREAS SECUNDARIAS/Pruebas capacitacion/Enviar_Diploma/select_--SeleccionePrueba1pruebaPRUEBA PLAN CAPACITACIONPRUEBA SILVIA'

2022-04-06 11:30:46 - [MESSAGE][PASSED] - All options with index in [1] are selected on object 'Object Repository/M-OBJECTS TAREAS SECUNDARIAS/Pruebas capacitacion/Enviar_Diploma/select_--SeleccionePrueba1pruebaPRUEBA PLAN CAPACITACIONPRUEBA SILVIA'

2022-04-06 11:30:46 - [TEST_STEP][PASSED] - click(findTestObject("M-OBJECTS TAREAS SECUNDARIAS/Pruebas capacitacion/Enviar_Diploma/a_Aceptar")): Object: 'Object Repository/M-OBJECTS TAREAS SECUNDARIAS/Pruebas capacitacion/Enviar_Diploma/a_Aceptar' is clicked on

2022-04-06 11:30:46 - [MESSAGE][PASSED] - Object: 'Object Repository/M-OBJECTS TAREAS SECUNDARIAS/Pruebas capacitacion/Enviar_Diploma/a_Aceptar' is clicked on

2022-04-06 11:30:46 - [TEST_STEP][PASSED] - click(findTestObject("M-OBJECTS TAREAS SECUNDARIAS/Pruebas capacitacion/Enviar_Diploma/td_FINALIZADO")): Object: 'Object Repository/M-OBJECTS TAREAS SECUNDARIAS/Pruebas capacitacion/Enviar_Diploma/td_FINALIZADO' is clicked on

2022-04-06 11:30:47 - [MESSAGE][PASSED] - Object: 'Object Repository/M-OBJECTS TAREAS SECUNDARIAS/Pruebas capacitacion/Enviar_Diploma/td_FINALIZADO' is clicked on

2022-04-06 11:30:47 - [TEST_STEP][PASSED] - selectOptionByIndex(findTestObject("M-OBJECTS TAREAS SECUNDARIAS/Pruebas capacitacion/Enviar_Diploma/select_SeleccioneACEPTADOFINALIZADOINSCRITONO ACEPTADONO APROBADONO ASISTIO"), 2): All options with index in [2] are selected on object 'Object Repository/M-OBJECTS TAREAS SECUNDARIAS/Pruebas capacitacion/Enviar_Diploma/select_SeleccioneACEPTADOFINALIZADOINSCRITONO ACEPTADONO APROBADONO ASISTIO'

2022-04-06 11:30:49 - [MESSAGE][PASSED] - All options with index in [2] are selected on object 'Object Repository/M-OBJECTS TAREAS SECUNDARIAS/Pruebas capacitacion/Enviar_Diploma/select_SeleccioneACEPTADOFINALIZADOINSCRITONO ACEPTADONO APROBADONO ASISTIO'

2022-04-06 11:30:49 - [TEST_STEP][PASSED] - setText(findTestObject("M-OBJECTS TAREAS SECUNDARIAS/Pruebas capacitacion/Enviar_Diploma/input_Puntaje_formAsistenteEventopanelTabAsistenteEvenpuntaje"), "5"): Text '5' is set on object 'Object Repository/M-OBJECTS TAREAS SECUNDARIAS/Pruebas capacitacion/Enviar_Diploma/input_Puntaje_formAsistenteEventopanelTabAsistenteEvenpuntaje'

2022-04-06 11:30:50 - [MESSAGE][PASSED] - Text '5' is set on object 'Object Repository/M-OBJECTS TAREAS SECUNDARIAS/Pruebas capacitacion/Enviar_Diploma/input_Puntaje_formAsistenteEventopanelTabAsistenteEvenpuntaje'

2022-04-06 11:30:50 - [TEST_STEP][PASSED] - click(findTestObject("M-OBJECTS TAREAS SECUNDARIAS/Pruebas capacitacion/Enviar_Diploma/a_Actualizar")): Object: 'Object Repository/M-OBJECTS TAREAS SECUNDARIAS/Pruebas capacitacion/Enviar_Diploma/a_Actualizar' is clicked on

2022-04-06 11:30:51 - [MESSAGE][PASSED] - Object: 'Object Repository/M-OBJECTS TAREAS SECUNDARIAS/Pruebas capacitacion/Enviar_Diploma/a_Actualizar' is clicked on

2022-04-06 11:30:51 - [TEST_STEP][PASSED] - click(findTestObject("M-OBJECTS TAREAS SECUNDARIAS/Pruebas capacitacion/Enviar_Diploma/span_Externo_ui-icon ui-icon-closethick")): Object: 'Object Repository/M-OBJECTS TAREAS SECUNDARIAS/Pruebas capacitacion/Enviar_Diploma/span_Externo_ui-icon ui-icon-closethick' is clicked on

2022-04-06 11:30:51 - [MESSAGE][PASSED] - Object: 'Object Repository/M-OBJECTS TAREAS SECUNDARIAS/Pruebas capacitacion/Enviar_Diploma/span_Externo_ui-icon ui-icon-closethick' is clicked on

2022-04-06 11:30:51 - [TEST_STEP][PASSED] - check(findTestObject("M-OBJECTS TAREAS SECUNDARIAS/Pruebas capacitacion/Enviar_Diploma/span_Origen_ui-chkbox-icon ui-icon ui-icon-check ui-c")): Object 'Object Repository/M-OBJECTS TAREAS SECUNDARIAS/Pruebas capacitacion/Enviar_Diploma/span_Origen_ui-chkbox-icon ui-icon ui-icon-check ui-c' is checked

2022-04-06 11:30:52 - [MESSAGE][PASSED] - Object 'Object Repository/M-OBJECTS TAREAS SECUNDARIAS/Pruebas capacitacion/Enviar_Diploma/span_Origen_ui-chkbox-icon ui-icon ui-icon-check ui-c' is checked

2022-04-06 11:30:52 - [TEST_STEP][PASSED] - click(findTestObject("M-OBJECTS TAREAS SECUNDARIAS/Pruebas capacitacion/Enviar_Diploma/a_Enviar Diploma")): Object: 'Object Repository/M-OBJECTS TAREAS SECUNDARIAS/Pruebas capacitacion/Enviar_Diploma/a_Enviar Diploma' is clicked on

2022-04-06 11:30:53 - [MESSAGE][PASSED] - Object: 'Object Repository/M-OBJECTS TAREAS SECUNDARIAS/Pruebas capacitacion/Enviar_Diploma/a_Enviar Diploma' is clicked on

2022-04-06 11:30:53 - [TEST_STEP][PASSED] - click(findTestObject("M-OBJECTS TAREAS SECUNDARIAS/Pruebas capacitacion/Enviar_Diploma/a_Imprimir Diploma")): Object: 'Object Repository/M-OBJECTS TAREAS SECUNDARIAS/Pruebas capacitacion/Enviar_Diploma/a_Imprimir Diploma' is clicked on

2022-04-06 11:30:53 - [MESSAGE][PASSED] - Object: 'Object Repository/M-OBJECTS TAREAS SECUNDARIAS/Pruebas capacitacion/Enviar_Diploma/a_Imprimir Diploma' is clicked on

2022-04-06 11:30:53 - [TEST_STEP][PASSED] - click(findTestObject("M-OBJECTS TAREAS SECUNDARIAS/Pruebas capacitacion/Enviar_Diploma/div_Grupo_ui-chkbox-box ui-widget ui-corner-all ui-state-default ui-state-hover")): Object: 'Object Repository/M-OBJECTS TAREAS SECUNDARIAS/Pruebas capacitacion/Enviar_Diploma/div_Grupo_ui-chkbox-box ui-widget ui-corner-all ui-state-default ui-state-hover' is clicked on

2022-04-06 11:30:54 - [MESSAGE][PASSED] - Object: 'Object Repository/M-OBJECTS TAREAS SECUNDARIAS/Pruebas capacitacion/Enviar_Diploma/div_Grupo_ui-chkbox-box ui-widget ui-corner-all ui-state-default ui-state-hover' is clicked on

2022-04-06 11:30:54 - [TEST_STEP][PASSED] - click(findTestObject("M-OBJECTS TAREAS SECUNDARIAS/Pruebas capacitacion/Enviar_Diploma/a_Generar")): Object: 'Object Repository/M-OBJECTS TAREAS SECUNDARIAS/Pruebas capacitacion/Enviar_Diploma/a_Generar' is clicked on

2022-04-06 11:30:55 - [MESSAGE][PASSED] - Object: 'Object Repository/M-OBJECTS TAREAS SECUNDARIAS/Pruebas capacitacion/Enviar_Diploma/a_Generar' is clicked on

2022-04-06 11:30:55 - [TEST_STEP][PASSED] - click(findTestObject("M-OBJECTS TAREAS SECUNDARIAS/Pruebas capacitacion/Enviar_Diploma/span_Cupo_ui-icon ui-icon-closethick")): Object: 'Object Repository/M-OBJECTS TAREAS SECUNDARIAS/Pruebas capacitacion/Enviar_Diploma/span_Cupo_ui-icon ui-icon-closethick' is clicked on

2022-04-06 11:30:55 - [MESSAGE][PASSED] - Object: 'Object Repository/M-OBJECTS TAREAS SECUNDARIAS/Pruebas capacitacion/Enviar_Diploma/span_Cupo_ui-icon ui-icon-closethick' is clicked on

2022-04-06 11:30:55 - [TEST_STEP][PASSED] - closeBrowser(): Browser is closed

2022-04-06 11:30:56 - [MESSAGE][PASSED] - Browser is closed]]></system-out>
         <system-err><![CDATA[]]></system-err>
      </testcase>
      <system-out><![CDATA[2022-04-06 11:25:08 - [TEST_SUITE][PASSED] - 4-pruebas capacitación: Test Cases/1.2-Tareas_Secundarias/4.1-Pruebas_Capacitación/4.2.5-Enviar_y_imprimir_Diploma]]></system-out>
      <system-err><![CDATA[]]></system-err>
   </testsuite>
</testsuites>
