<?xml version="1.0" encoding="UTF-8"?>
<testsuites name="6-Pruebas_seguridad" time="202.95" tests="4" failures="1" errors="0">
   <testsuite name="6-Pruebas_seguridad" tests="4" failures="1" errors="0" time="202.95" skipped="0" timestamp="2022-04-11 12:34:24" hostname="diego.rojas - US-AF-000371" id="Test Suites/Test_Suite_Secundaria/6-Pruebas_seguridad">
      <properties>
         <property name="deviceName" value=""/>
         <property name="devicePlatform" value=""/>
         <property name="logFolder" value="C:\\Users\\diego.rojas\\git\\Pruebas-Minimas\\Reports\\20220411_123417\\Test_Suite_Secundaria\\6-Pruebas_seguridad\\20220411_123417"/>
         <property name="logFiles" value="C:\\Users\\diego.rojas\\git\\Pruebas-Minimas\\Reports\\20220411_123417\\Test_Suite_Secundaria\\6-Pruebas_seguridad\\20220411_123417\\execution0.log"/>
         <property name="attachments" value="C:\\Users\\diego.rojas\\git\\Pruebas-Minimas\\Reports\\20220411_123417\\Test_Suite_Secundaria\\6-Pruebas_seguridad\\20220411_123417\\1649698493728.png"/>
         <property name="hostName" value="diego.rojas - US-AF-000371"/>
         <property name="os" value="Windows 10 64bit"/>
         <property name="katalonVersion" value="8.2.5.208"/>
         <property name="browser" value="Chrome 100.0.4896.75"/>
         <property name="hostAddress" value="192.168.56.1"/>
         <property name="sessionId" value="fb2afb47eb30d289835c714aff6ac417"/>
         <property name="seleniumVersion" value="3.141.59"/>
         <property name="proxyInformation" value="ProxyInformation { proxyOption=NO_PROXY, proxyServerType=HTTP, username=, password=********, proxyServerAddress=, proxyServerPort=0, executionList=&quot;&quot;, isApplyToDesiredCapabilities=true }"/>
         <property name="platform" value="Windows 10"/>
      </properties>
      <testcase name="Test Cases/1.2-Tareas_Secundarias/6.1-Pruebas_Seguridad/6.1.1-Crear_Usuario,_contraseña,_Accesos_Particulares" time="28.666" classname="Test Cases/1.2-Tareas_Secundarias/6.1-Pruebas_Seguridad/6.1.1-Crear_Usuario,_contraseña,_Accesos_Particulares" status="FAILED">
         <failure type="FAILED" message="Test Cases/1.2-Tareas_Secundarias/6.1-Pruebas_Seguridad/6.1.1-Crear_Usuario,_contraseña,_Accesos_Particulares FAILED.
Reason:
com.kms.katalon.core.exception.StepFailedException: Unable to select option by index
	at com.kms.katalon.core.webui.keyword.internal.WebUIKeywordMain.stepFailed(WebUIKeywordMain.groovy:64)
	at com.kms.katalon.core.webui.keyword.internal.WebUIKeywordMain.runKeyword(WebUIKeywordMain.groovy:26)
	at com.kms.katalon.core.webui.keyword.builtin.SelectOptionByIndexKeyword.selectOptionByIndex(SelectOptionByIndexKeyword.groovy:93)
	at com.kms.katalon.core.webui.keyword.builtin.SelectOptionByIndexKeyword.execute(SelectOptionByIndexKeyword.groovy:68)
	at com.kms.katalon.core.keyword.internal.KeywordExecutor.executeKeywordForPlatform(KeywordExecutor.groovy:74)
	at com.kms.katalon.core.webui.keyword.WebUiBuiltInKeywords.selectOptionByIndex(WebUiBuiltInKeywords.groovy:1133)
	at com.kms.katalon.core.webui.keyword.WebUiBuiltInKeywords$selectOptionByIndex$9.call(Unknown Source)
	at 6.1.1-Crear_Usuario,_contraseña,_Accesos_Particulares.run(6.1.1-Crear_Usuario,_contraseña,_Accesos_Particulares:101)
	at com.kms.katalon.core.main.ScriptEngine.run(ScriptEngine.java:194)
	at com.kms.katalon.core.main.ScriptEngine.runScriptAsRawText(ScriptEngine.java:119)
	at com.kms.katalon.core.main.TestCaseExecutor.runScript(TestCaseExecutor.java:442)
	at com.kms.katalon.core.main.TestCaseExecutor.doExecute(TestCaseExecutor.java:433)
	at com.kms.katalon.core.main.TestCaseExecutor.processExecutionPhase(TestCaseExecutor.java:412)
	at com.kms.katalon.core.main.TestCaseExecutor.accessMainPhase(TestCaseExecutor.java:404)
	at com.kms.katalon.core.main.TestCaseExecutor.execute(TestCaseExecutor.java:281)
	at com.kms.katalon.core.main.TestSuiteExecutor.accessTestCaseMainPhase(TestSuiteExecutor.java:202)
	at com.kms.katalon.core.main.TestSuiteExecutor.accessTestSuiteMainPhase(TestSuiteExecutor.java:164)
	at com.kms.katalon.core.main.TestSuiteExecutor.execute(TestSuiteExecutor.java:105)
	at com.kms.katalon.core.main.TestCaseMain.startTestSuite(TestCaseMain.java:185)
	at com.kms.katalon.core.main.TestCaseMain$startTestSuite$0.call(Unknown Source)
	at TempTestSuite1649698457255.run(TempTestSuite1649698457255.groovy:36)
Caused by: java.lang.IllegalArgumentException: Object is null
	at com.kms.katalon.core.helper.KeywordHelper.checkTestObjectParameter(KeywordHelper.java:33)
	at com.kms.katalon.core.webui.keyword.builtin.SelectOptionByIndexKeyword$_selectOptionByIndex_closure1.doCall(SelectOptionByIndexKeyword.groovy:76)
	at com.kms.katalon.core.webui.keyword.builtin.SelectOptionByIndexKeyword$_selectOptionByIndex_closure1.call(SelectOptionByIndexKeyword.groovy)
	at com.kms.katalon.core.webui.keyword.internal.WebUIKeywordMain.runKeyword(WebUIKeywordMain.groovy:20)
	... 19 more
"/>
         <system-out><![CDATA[2022-04-11 12:34:25 - [TEST_CASE][FAILED] - Test Cases/1.2-Tareas_Secundarias/6.1-Pruebas_Seguridad/6.1.1-Crear_Usuario,_contraseña,_Accesos_Particulares: Test Cases/1.2-Tareas_Secundarias/6.1-Pruebas_Seguridad/6.1.1-Crear_Usuario,_contraseña,_Accesos_Particulares FAILED.
Reason:
com.kms.katalon.core.exception.StepFailedException: Unable to select option by index
	at com.kms.katalon.core.webui.keyword.internal.WebUIKeywordMain.stepFailed(WebUIKeywordMain.groovy:64)
	at com.kms.katalon.core.webui.keyword.internal.WebUIKeywordMain.runKeyword(WebUIKeywordMain.groovy:26)
	at com.kms.katalon.core.webui.keyword.builtin.SelectOptionByIndexKeyword.selectOptionByIndex(SelectOptionByIndexKeyword.groovy:93)
	at com.kms.katalon.core.webui.keyword.builtin.SelectOptionByIndexKeyword.execute(SelectOptionByIndexKeyword.groovy:68)
	at com.kms.katalon.core.keyword.internal.KeywordExecutor.executeKeywordForPlatform(KeywordExecutor.groovy:74)
	at com.kms.katalon.core.webui.keyword.WebUiBuiltInKeywords.selectOptionByIndex(WebUiBuiltInKeywords.groovy:1133)
	at com.kms.katalon.core.webui.keyword.WebUiBuiltInKeywords$selectOptionByIndex$9.call(Unknown Source)
	at 6.1.1-Crear_Usuario,_contraseña,_Accesos_Particulares.run(6.1.1-Crear_Usuario,_contraseña,_Accesos_Particulares:101)
	at com.kms.katalon.core.main.ScriptEngine.run(ScriptEngine.java:194)
	at com.kms.katalon.core.main.ScriptEngine.runScriptAsRawText(ScriptEngine.java:119)
	at com.kms.katalon.core.main.TestCaseExecutor.runScript(TestCaseExecutor.java:442)
	at com.kms.katalon.core.main.TestCaseExecutor.doExecute(TestCaseExecutor.java:433)
	at com.kms.katalon.core.main.TestCaseExecutor.processExecutionPhase(TestCaseExecutor.java:412)
	at com.kms.katalon.core.main.TestCaseExecutor.accessMainPhase(TestCaseExecutor.java:404)
	at com.kms.katalon.core.main.TestCaseExecutor.execute(TestCaseExecutor.java:281)
	at com.kms.katalon.core.main.TestSuiteExecutor.accessTestCaseMainPhase(TestSuiteExecutor.java:202)
	at com.kms.katalon.core.main.TestSuiteExecutor.accessTestSuiteMainPhase(TestSuiteExecutor.java:164)
	at com.kms.katalon.core.main.TestSuiteExecutor.execute(TestSuiteExecutor.java:105)
	at com.kms.katalon.core.main.TestCaseMain.startTestSuite(TestCaseMain.java:185)
	at com.kms.katalon.core.main.TestCaseMain$startTestSuite$0.call(Unknown Source)
	at TempTestSuite1649698457255.run(TempTestSuite1649698457255.groovy:36)
Caused by: java.lang.IllegalArgumentException: Object is null
	at com.kms.katalon.core.helper.KeywordHelper.checkTestObjectParameter(KeywordHelper.java:33)
	at com.kms.katalon.core.webui.keyword.builtin.SelectOptionByIndexKeyword$_selectOptionByIndex_closure1.doCall(SelectOptionByIndexKeyword.groovy:76)
	at com.kms.katalon.core.webui.keyword.builtin.SelectOptionByIndexKeyword$_selectOptionByIndex_closure1.call(SelectOptionByIndexKeyword.groovy)
	at com.kms.katalon.core.webui.keyword.internal.WebUIKeywordMain.runKeyword(WebUIKeywordMain.groovy:20)
	... 19 more


2022-04-11 12:34:25 - [TEST_STEP][PASSED] - today = new java.util.Date(): null

2022-04-11 12:34:25 - [TEST_STEP][PASSED] - todaysDate = today.format("dd/MM/yyyy HH:mm"): null

2022-04-11 12:34:25 - [TEST_STEP][PASSED] - random_double = Math.random() * 9999 + 999: null

2022-04-11 12:34:25 - [TEST_STEP][PASSED] - random_double = Math.round(random_double * 1000): null

2022-04-11 12:34:25 - [TEST_STEP][PASSED] - identificacion = toString().replace(".0", ""): null

2022-04-11 12:34:25 - [TEST_STEP][PASSED] - callTestCase(findTestCase("Utilidades-(atajos_para _tareas)/Login_Seguridad/Login-Seguridad"), [:], STOP_ON_FAILURE): Call Test Case 'Test Cases/Utilidades-(atajos_para _tareas)/Login_Seguridad/Login-Seguridad' successfully

2022-04-11 12:34:25 - [TEST_CASE][PASSED] - Test Cases/Utilidades-(atajos_para _tareas)/Login_Seguridad/Login-Seguridad: Test Cases/Utilidades-(atajos_para _tareas)/Login_Seguridad/Login-Seguridad

2022-04-11 12:34:26 - [TEST_STEP][PASSED] - openBrowser(""): Browser is opened with url: ''

2022-04-11 12:34:26 - [MESSAGE][INFO] - Starting 'Chrome' driver

2022-04-11 12:34:26 - [MESSAGE][INFO] - Action delay is set to 0 milliseconds

2022-04-11 12:34:29 - [MESSAGE][PASSED] - Browser is opened with url: ''

2022-04-11 12:34:29 - [TEST_STEP][PASSED] - maximizeWindow(): Current window maximized

2022-04-11 12:34:29 - [MESSAGE][PASSED] - Current window maximized

2022-04-11 12:34:29 - [TEST_STEP][PASSED] - i = G_Login_Seguridad: null

2022-04-11 12:34:29 - [TEST_STEP][PASSED] - url = new java.net.URL(i): null

2022-04-11 12:34:29 - [TEST_STEP][PASSED] - println("URL: " + url.toString()): null

2022-04-11 12:34:29 - [TEST_STEP][PASSED] - connection = url.openConnection(): null

2022-04-11 12:34:29 - [TEST_STEP][PASSED] - connection.setRequestMethod("GET"): null

2022-04-11 12:34:29 - [TEST_STEP][PASSED] - connection.setReadTimeout(2 * 1000): null

2022-04-11 12:34:29 - [TEST_STEP][PASSED] - try: null

2022-04-11 12:34:29 - [TEST_STEP][PASSED] - connection.connect(): null

2022-04-11 12:34:29 - [TEST_STEP][PASSED] - flag = connected: null

2022-04-11 12:34:29 - [TEST_STEP][PASSED] - println("Valor_ori: " + flag): null

2022-04-11 12:34:29 - [TEST_STEP][PASSED] - if (flag): null

2022-04-11 12:34:29 - [TEST_STEP][PASSED] - navigateToUrl(i): Navigate to 'http://192.168.2.19:8380/seguridadweb/' successfully

2022-04-11 12:34:30 - [MESSAGE][PASSED] - Navigate to 'http://192.168.2.19:8380/seguridadweb/' successfully

2022-04-11 12:34:30 - [TEST_STEP][PASSED] - a(): null

2022-04-11 12:34:30 - [TEST_STEP][PASSED] - setText(findTestObject("3-OBJECTS UTILIDADES/Login/input_USUARIO_loginusuario"), G_Usuario): Text 'saraadmin' is set on object 'Object Repository/3-OBJECTS UTILIDADES/Login/input_USUARIO_loginusuario'

2022-04-11 12:34:31 - [MESSAGE][PASSED] - Text 'saraadmin' is set on object 'Object Repository/3-OBJECTS UTILIDADES/Login/input_USUARIO_loginusuario'

2022-04-11 12:34:31 - [TEST_STEP][PASSED] - setEncryptedText(findTestObject("3-OBJECTS UTILIDADES/Login/input_CLAVE_loginpassword"), "MkG4/TYiCFC3cb2driP7+Q=="): Text ****** has been set on object 'Object Repository/3-OBJECTS UTILIDADES/Login/input_CLAVE_loginpassword'

2022-04-11 12:34:32 - [MESSAGE][PASSED] - Text ****** has been set on object 'Object Repository/3-OBJECTS UTILIDADES/Login/input_CLAVE_loginpassword'

2022-04-11 12:34:32 - [TEST_STEP][PASSED] - waitForElementClickable(findTestObject("3-OBJECTS UTILIDADES/Login/a_Ingresar"), G_TimeOut): Object 'Object Repository/3-OBJECTS UTILIDADES/Login/a_Ingresar' is clickable

2022-04-11 12:34:32 - [MESSAGE][PASSED] - Object 'Object Repository/3-OBJECTS UTILIDADES/Login/a_Ingresar' is clickable

2022-04-11 12:34:32 - [TEST_STEP][PASSED] - click(findTestObject("3-OBJECTS UTILIDADES/Login/a_Ingresar")): Object: 'Object Repository/3-OBJECTS UTILIDADES/Login/a_Ingresar' is clicked on

2022-04-11 12:34:33 - [MESSAGE][PASSED] - Object: 'Object Repository/3-OBJECTS UTILIDADES/Login/a_Ingresar' is clicked on

2022-04-11 12:34:33 - [TEST_STEP][PASSED] - element = findWebElement(findTestObject("3-OBJECTS UTILIDADES/Login/a_Ir"), 30): null

2022-04-11 12:34:34 - [TEST_STEP][PASSED] - executeJavaScript("arguments[0].click()", Arrays.asList(element)): Execute JavaScript 'arguments[0].click()' successfully

2022-04-11 12:34:34 - [MESSAGE][PASSED] - Execute JavaScript 'arguments[0].click()' successfully

2022-04-11 12:34:34 - [MESSAGE][PASSED] - Call Test Case 'Test Cases/Utilidades-(atajos_para _tareas)/Login_Seguridad/Login-Seguridad' successfully

2022-04-11 12:34:34 - [TEST_STEP][PASSED] - setText(findTestObject("2-OBJECTS TAREAS SECUNDARIAS/Pruebas Seguridad/Crear_Usuario,_contraseña,_Accesos_Particulares/input_Usuario_form_templatej_idt24_input"), "Usuario"): Text 'Usuario' is set on object 'Object Repository/2-OBJECTS TAREAS SECUNDARIAS/Pruebas Seguridad/Crear_Usuario,_contraseña,_Accesos_Particulares/input_Usuario_form_templatej_idt24_input'

2022-04-11 12:34:34 - [MESSAGE][PASSED] - Text 'Usuario' is set on object 'Object Repository/2-OBJECTS TAREAS SECUNDARIAS/Pruebas Seguridad/Crear_Usuario,_contraseña,_Accesos_Particulares/input_Usuario_form_templatej_idt24_input'

2022-04-11 12:34:34 - [TEST_STEP][PASSED] - click(findTestObject("2-OBJECTS TAREAS SECUNDARIAS/Pruebas Seguridad/Crear_Usuario,_contraseña,_Accesos_Particulares (1)/span_Usuario")): Object: 'Object Repository/2-OBJECTS TAREAS SECUNDARIAS/Pruebas Seguridad/Crear_Usuario,_contraseña,_Accesos_Particulares (1)/span_Usuario' is clicked on

2022-04-11 12:34:36 - [MESSAGE][PASSED] - Object: 'Object Repository/2-OBJECTS TAREAS SECUNDARIAS/Pruebas Seguridad/Crear_Usuario,_contraseña,_Accesos_Particulares (1)/span_Usuario' is clicked on

2022-04-11 12:34:36 - [TEST_STEP][PASSED] - if (waitForElementVisible(findTestObject("2-OBJECTS TAREAS SECUNDARIAS/Pruebas Seguridad/Crear_Usuario,_contraseña,_Accesos_Particulares (1)/span_Pruebas Katalon"), 1)): null

2022-04-11 12:34:37 - [MESSAGE][PASSED] - Object 'Object Repository/2-OBJECTS TAREAS SECUNDARIAS/Pruebas Seguridad/Crear_Usuario,_contraseña,_Accesos_Particulares (1)/span_Pruebas Katalon' is visible

2022-04-11 12:34:37 - [TEST_STEP][PASSED] - click(findTestObject("2-OBJECTS TAREAS SECUNDARIAS/Pruebas Seguridad/Crear_Usuario,_contraseña,_Accesos_Particulares (1)/span_Pruebas Katalon")): Object: 'Object Repository/2-OBJECTS TAREAS SECUNDARIAS/Pruebas Seguridad/Crear_Usuario,_contraseña,_Accesos_Particulares (1)/span_Pruebas Katalon' is clicked on

2022-04-11 12:34:37 - [MESSAGE][PASSED] - Object: 'Object Repository/2-OBJECTS TAREAS SECUNDARIAS/Pruebas Seguridad/Crear_Usuario,_contraseña,_Accesos_Particulares (1)/span_Pruebas Katalon' is clicked on

2022-04-11 12:34:37 - [TEST_STEP][PASSED] - click(findTestObject("2-OBJECTS TAREAS SECUNDARIAS/Pruebas Seguridad/Crear_Usuario,_contraseña,_Accesos_Particulares/a_Acceso Particular")): Object: 'Object Repository/2-OBJECTS TAREAS SECUNDARIAS/Pruebas Seguridad/Crear_Usuario,_contraseña,_Accesos_Particulares/a_Acceso Particular' is clicked on

2022-04-11 12:34:38 - [MESSAGE][PASSED] - Object: 'Object Repository/2-OBJECTS TAREAS SECUNDARIAS/Pruebas Seguridad/Crear_Usuario,_contraseña,_Accesos_Particulares/a_Acceso Particular' is clicked on

2022-04-11 12:34:38 - [TEST_STEP][PASSED] - if (waitForElementPresent(findTestObject("2-OBJECTS TAREAS SECUNDARIAS/Pruebas Seguridad/Crear_Usuario,_contraseña,_Accesos_Particulares/a_SARA_usuarioformatabtabla_roles0j_idt147"), 1)): Object 'Object Repository/2-OBJECTS TAREAS SECUNDARIAS/Pruebas Seguridad/Crear_Usuario,_contraseña,_Accesos_Particulares/a_SARA_usuarioformatabtabla_roles0j_idt147' is not present after 1 second(s)

2022-04-11 12:34:40 - [MESSAGE][INFO] - Unable to find the element located by 'By.xpath: //tbody/tr/td[5]/a'. Please recheck the objects properties to make sure the desired element is located. 

2022-04-11 12:34:40 - [MESSAGE][WARNING] - Object 'Object Repository/2-OBJECTS TAREAS SECUNDARIAS/Pruebas Seguridad/Crear_Usuario,_contraseña,_Accesos_Particulares/a_SARA_usuarioformatabtabla_roles0j_idt147' is not present after 1 second(s)

2022-04-11 12:34:40 - [TEST_STEP][PASSED] - click(findTestObject("2-OBJECTS TAREAS SECUNDARIAS/Pruebas Seguridad/Crear_Usuario,_contraseña,_Accesos_Particulares/a_Informacin")): Object: 'Object Repository/2-OBJECTS TAREAS SECUNDARIAS/Pruebas Seguridad/Crear_Usuario,_contraseña,_Accesos_Particulares/a_Informacin' is clicked on

2022-04-11 12:34:40 - [MESSAGE][PASSED] - Object: 'Object Repository/2-OBJECTS TAREAS SECUNDARIAS/Pruebas Seguridad/Crear_Usuario,_contraseña,_Accesos_Particulares/a_Informacin' is clicked on

2022-04-11 12:34:40 - [TEST_STEP][PASSED] - click(findTestObject("2-OBJECTS TAREAS SECUNDARIAS/Pruebas Seguridad/Crear_Usuario,_contraseña,_Accesos_Particulares/a_Eliminar")): Object: 'Object Repository/2-OBJECTS TAREAS SECUNDARIAS/Pruebas Seguridad/Crear_Usuario,_contraseña,_Accesos_Particulares/a_Eliminar' is clicked on

2022-04-11 12:34:41 - [MESSAGE][PASSED] - Object: 'Object Repository/2-OBJECTS TAREAS SECUNDARIAS/Pruebas Seguridad/Crear_Usuario,_contraseña,_Accesos_Particulares/a_Eliminar' is clicked on

2022-04-11 12:34:41 - [TEST_STEP][PASSED] - click(findTestObject("2-OBJECTS TAREAS SECUNDARIAS/Pruebas Seguridad/Crear_Usuario,_contraseña,_Accesos_Particulares/a_link_aceptar")): Object: 'Object Repository/2-OBJECTS TAREAS SECUNDARIAS/Pruebas Seguridad/Crear_Usuario,_contraseña,_Accesos_Particulares/a_link_aceptar' is clicked on

2022-04-11 12:34:42 - [MESSAGE][PASSED] - Object: 'Object Repository/2-OBJECTS TAREAS SECUNDARIAS/Pruebas Seguridad/Crear_Usuario,_contraseña,_Accesos_Particulares/a_link_aceptar' is clicked on

2022-04-11 12:34:42 - [TEST_STEP][PASSED] - click(findTestObject("2-OBJECTS TAREAS SECUNDARIAS/Pruebas Seguridad/Crear_Usuario,_contraseña,_Accesos_Particulares/a_Nuevo")): Object: 'Object Repository/2-OBJECTS TAREAS SECUNDARIAS/Pruebas Seguridad/Crear_Usuario,_contraseña,_Accesos_Particulares/a_Nuevo' is clicked on

2022-04-11 12:34:42 - [MESSAGE][PASSED] - Object: 'Object Repository/2-OBJECTS TAREAS SECUNDARIAS/Pruebas Seguridad/Crear_Usuario,_contraseña,_Accesos_Particulares/a_Nuevo' is clicked on

2022-04-11 12:34:42 - [TEST_STEP][PASSED] - setText(findTestObject("2-OBJECTS TAREAS SECUNDARIAS/Pruebas Seguridad/Crear_Usuario,_contraseña,_Accesos_Particulares/input_Sesin_usuarioformatablogin"), todaysDate): Text '11/04/2022 12:34' is set on object 'Object Repository/2-OBJECTS TAREAS SECUNDARIAS/Pruebas Seguridad/Crear_Usuario,_contraseña,_Accesos_Particulares/input_Sesin_usuarioformatablogin'

2022-04-11 12:34:43 - [MESSAGE][PASSED] - Text '11/04/2022 12:34' is set on object 'Object Repository/2-OBJECTS TAREAS SECUNDARIAS/Pruebas Seguridad/Crear_Usuario,_contraseña,_Accesos_Particulares/input_Sesin_usuarioformatablogin'

2022-04-11 12:34:43 - [TEST_STEP][PASSED] - setText(findTestObject("2-OBJECTS TAREAS SECUNDARIAS/Pruebas Seguridad/Crear_Usuario,_contraseña,_Accesos_Particulares/input_Documento_usuarioformatabdocumento"), identificacion): Text '5525404' is set on object 'Object Repository/2-OBJECTS TAREAS SECUNDARIAS/Pruebas Seguridad/Crear_Usuario,_contraseña,_Accesos_Particulares/input_Documento_usuarioformatabdocumento'

2022-04-11 12:34:44 - [MESSAGE][PASSED] - Text '5525404' is set on object 'Object Repository/2-OBJECTS TAREAS SECUNDARIAS/Pruebas Seguridad/Crear_Usuario,_contraseña,_Accesos_Particulares/input_Documento_usuarioformatabdocumento'

2022-04-11 12:34:44 - [TEST_STEP][PASSED] - setText(findTestObject("2-OBJECTS TAREAS SECUNDARIAS/Pruebas Seguridad/Crear_Usuario,_contraseña,_Accesos_Particulares/input_Nombre_usuarioformatabnombre"), "Pruebas Katalon"): Text 'Pruebas Katalon' is set on object 'Object Repository/2-OBJECTS TAREAS SECUNDARIAS/Pruebas Seguridad/Crear_Usuario,_contraseña,_Accesos_Particulares/input_Nombre_usuarioformatabnombre'

2022-04-11 12:34:45 - [MESSAGE][PASSED] - Text 'Pruebas Katalon' is set on object 'Object Repository/2-OBJECTS TAREAS SECUNDARIAS/Pruebas Seguridad/Crear_Usuario,_contraseña,_Accesos_Particulares/input_Nombre_usuarioformatabnombre'

2022-04-11 12:34:45 - [TEST_STEP][PASSED] - setText(findTestObject("2-OBJECTS TAREAS SECUNDARIAS/Pruebas Seguridad/Crear_Usuario,_contraseña,_Accesos_Particulares/input_Correo_usuarioformatabemail"), identificacion + "noodle@gmail.com"): Text '5525404noodle@gmail.com' is set on object 'Object Repository/2-OBJECTS TAREAS SECUNDARIAS/Pruebas Seguridad/Crear_Usuario,_contraseña,_Accesos_Particulares/input_Correo_usuarioformatabemail'

2022-04-11 12:34:46 - [MESSAGE][PASSED] - Text '5525404noodle@gmail.com' is set on object 'Object Repository/2-OBJECTS TAREAS SECUNDARIAS/Pruebas Seguridad/Crear_Usuario,_contraseña,_Accesos_Particulares/input_Correo_usuarioformatabemail'

2022-04-11 12:34:46 - [TEST_STEP][PASSED] - click(findTestObject("2-OBJECTS TAREAS SECUNDARIAS/Pruebas Seguridad/Crear_Usuario,_contraseña,_Accesos_Particulares/label_Activo")): Object: 'Object Repository/2-OBJECTS TAREAS SECUNDARIAS/Pruebas Seguridad/Crear_Usuario,_contraseña,_Accesos_Particulares/label_Activo' is clicked on

2022-04-11 12:34:46 - [MESSAGE][PASSED] - Object: 'Object Repository/2-OBJECTS TAREAS SECUNDARIAS/Pruebas Seguridad/Crear_Usuario,_contraseña,_Accesos_Particulares/label_Activo' is clicked on

2022-04-11 12:34:46 - [TEST_STEP][PASSED] - selectOptionByIndex(findTestObject("2-OBJECTS TAREAS SECUNDARIAS/Pruebas Seguridad/Crear_Usuario,_contraseña,_Accesos_Particulares/select_-- Seleccione --Grupo a"), 1): All options with index in [1] are selected on object 'Object Repository/2-OBJECTS TAREAS SECUNDARIAS/Pruebas Seguridad/Crear_Usuario,_contraseña,_Accesos_Particulares/select_-- Seleccione --Grupo a'

2022-04-11 12:34:47 - [MESSAGE][PASSED] - All options with index in [1] are selected on object 'Object Repository/2-OBJECTS TAREAS SECUNDARIAS/Pruebas Seguridad/Crear_Usuario,_contraseña,_Accesos_Particulares/select_-- Seleccione --Grupo a'

2022-04-11 12:34:47 - [TEST_STEP][PASSED] - click(findTestObject("2-OBJECTS TAREAS SECUNDARIAS/Pruebas Seguridad/Crear_Usuario,_contraseña,_Accesos_Particulares/a_Guardar")): Object: 'Object Repository/2-OBJECTS TAREAS SECUNDARIAS/Pruebas Seguridad/Crear_Usuario,_contraseña,_Accesos_Particulares/a_Guardar' is clicked on

2022-04-11 12:34:48 - [MESSAGE][PASSED] - Object: 'Object Repository/2-OBJECTS TAREAS SECUNDARIAS/Pruebas Seguridad/Crear_Usuario,_contraseña,_Accesos_Particulares/a_Guardar' is clicked on

2022-04-11 12:34:48 - [TEST_STEP][PASSED] - click(findTestObject("2-OBJECTS TAREAS SECUNDARIAS/Pruebas Seguridad/Crear_Usuario,_contraseña,_Accesos_Particulares/a_Contrasea")): Object: 'Object Repository/2-OBJECTS TAREAS SECUNDARIAS/Pruebas Seguridad/Crear_Usuario,_contraseña,_Accesos_Particulares/a_Contrasea' is clicked on

2022-04-11 12:34:49 - [MESSAGE][PASSED] - Object: 'Object Repository/2-OBJECTS TAREAS SECUNDARIAS/Pruebas Seguridad/Crear_Usuario,_contraseña,_Accesos_Particulares/a_Contrasea' is clicked on

2022-04-11 12:34:49 - [TEST_STEP][PASSED] - setEncryptedText(findTestObject("2-OBJECTS TAREAS SECUNDARIAS/Pruebas Seguridad/Crear_Usuario,_contraseña,_Accesos_Particulares/input_Contrasea_usuarioformatabpasswordNuevo"), "MkG4/TYiCFC3cb2driP7+Q=="): Text ****** has been set on object 'Object Repository/2-OBJECTS TAREAS SECUNDARIAS/Pruebas Seguridad/Crear_Usuario,_contraseña,_Accesos_Particulares/input_Contrasea_usuarioformatabpasswordNuevo'

2022-04-11 12:34:49 - [MESSAGE][PASSED] - Text ****** has been set on object 'Object Repository/2-OBJECTS TAREAS SECUNDARIAS/Pruebas Seguridad/Crear_Usuario,_contraseña,_Accesos_Particulares/input_Contrasea_usuarioformatabpasswordNuevo'

2022-04-11 12:34:49 - [TEST_STEP][PASSED] - setEncryptedText(findTestObject("2-OBJECTS TAREAS SECUNDARIAS/Pruebas Seguridad/Crear_Usuario,_contraseña,_Accesos_Particulares/input_Confirmar_usuarioformatabpasswordConfirma"), "MkG4/TYiCFC3cb2driP7+Q=="): Text ****** has been set on object 'Object Repository/2-OBJECTS TAREAS SECUNDARIAS/Pruebas Seguridad/Crear_Usuario,_contraseña,_Accesos_Particulares/input_Confirmar_usuarioformatabpasswordConfirma'

2022-04-11 12:34:50 - [MESSAGE][PASSED] - Text ****** has been set on object 'Object Repository/2-OBJECTS TAREAS SECUNDARIAS/Pruebas Seguridad/Crear_Usuario,_contraseña,_Accesos_Particulares/input_Confirmar_usuarioformatabpasswordConfirma'

2022-04-11 12:34:50 - [TEST_STEP][PASSED] - click(findTestObject("2-OBJECTS TAREAS SECUNDARIAS/Pruebas Seguridad/Crear_Usuario,_contraseña,_Accesos_Particulares/a_Actualizar")): Object: 'Object Repository/2-OBJECTS TAREAS SECUNDARIAS/Pruebas Seguridad/Crear_Usuario,_contraseña,_Accesos_Particulares/a_Actualizar' is clicked on

2022-04-11 12:34:50 - [MESSAGE][PASSED] - Object: 'Object Repository/2-OBJECTS TAREAS SECUNDARIAS/Pruebas Seguridad/Crear_Usuario,_contraseña,_Accesos_Particulares/a_Actualizar' is clicked on

2022-04-11 12:34:50 - [TEST_STEP][PASSED] - click(findTestObject("2-OBJECTS TAREAS SECUNDARIAS/Pruebas Seguridad/Crear_Usuario,_contraseña,_Accesos_Particulares/a_Acceso Particular")): Object: 'Object Repository/2-OBJECTS TAREAS SECUNDARIAS/Pruebas Seguridad/Crear_Usuario,_contraseña,_Accesos_Particulares/a_Acceso Particular' is clicked on

2022-04-11 12:34:51 - [MESSAGE][PASSED] - Object: 'Object Repository/2-OBJECTS TAREAS SECUNDARIAS/Pruebas Seguridad/Crear_Usuario,_contraseña,_Accesos_Particulares/a_Acceso Particular' is clicked on

2022-04-11 12:34:51 - [TEST_STEP][PASSED] - selectOptionByIndex(findTestObject("2-OBJECTS TAREAS SECUNDARIAS/Pruebas Seguridad/Crear_Usuario,_contraseña,_Accesos_Particulares/select_Seleccione1ADMINISTRADORADMINISTRADOR_MASIVO"), 15): All options with index in [15] are selected on object 'Object Repository/2-OBJECTS TAREAS SECUNDARIAS/Pruebas Seguridad/Crear_Usuario,_contraseña,_Accesos_Particulares/select_Seleccione1ADMINISTRADORADMINISTRADOR_MASIVO'

2022-04-11 12:34:52 - [MESSAGE][PASSED] - All options with index in [15] are selected on object 'Object Repository/2-OBJECTS TAREAS SECUNDARIAS/Pruebas Seguridad/Crear_Usuario,_contraseña,_Accesos_Particulares/select_Seleccione1ADMINISTRADORADMINISTRADOR_MASIVO'

2022-04-11 12:34:52 - [TEST_STEP][PASSED] - selectOptionByIndex(findTestObject("2-OBJECTS TAREAS SECUNDARIAS/Pruebas Seguridad/Crear_Usuario,_contraseña,_Accesos_Particulares/select_SeleccioneEmpresa 1Empresa 1"), 1): All options with index in [1] are selected on object 'Object Repository/2-OBJECTS TAREAS SECUNDARIAS/Pruebas Seguridad/Crear_Usuario,_contraseña,_Accesos_Particulares/select_SeleccioneEmpresa 1Empresa 1'

2022-04-11 12:34:53 - [MESSAGE][PASSED] - All options with index in [1] are selected on object 'Object Repository/2-OBJECTS TAREAS SECUNDARIAS/Pruebas Seguridad/Crear_Usuario,_contraseña,_Accesos_Particulares/select_SeleccioneEmpresa 1Empresa 1'

2022-04-11 12:34:53 - [TEST_STEP][FAILED] - selectOptionByIndex(findTestObject("2-OBJECTS TAREAS SECUNDARIAS/Crear_Usuario,_contraseña,_Accesos_Particulares/select_SeleccioneSaraDS_Jboss (CompensacionDS)SaraDS_weblogic (CompensacionDS)seguridad jdbcSeguridadDS_Jboss"), 1): Unable to select option by index (Root cause: com.kms.katalon.core.exception.StepFailedException: Unable to select option by index
	at com.kms.katalon.core.webui.keyword.internal.WebUIKeywordMain.stepFailed(WebUIKeywordMain.groovy:64)
	at com.kms.katalon.core.webui.keyword.internal.WebUIKeywordMain.runKeyword(WebUIKeywordMain.groovy:26)
	at com.kms.katalon.core.webui.keyword.builtin.SelectOptionByIndexKeyword.selectOptionByIndex(SelectOptionByIndexKeyword.groovy:93)
	at com.kms.katalon.core.webui.keyword.builtin.SelectOptionByIndexKeyword.execute(SelectOptionByIndexKeyword.groovy:68)
	at com.kms.katalon.core.keyword.internal.KeywordExecutor.executeKeywordForPlatform(KeywordExecutor.groovy:74)
	at com.kms.katalon.core.webui.keyword.WebUiBuiltInKeywords.selectOptionByIndex(WebUiBuiltInKeywords.groovy:1133)
	at com.kms.katalon.core.webui.keyword.WebUiBuiltInKeywords$selectOptionByIndex$9.call(Unknown Source)
	at 6.1.1-Crear_Usuario,_contraseña,_Accesos_Particulares.run(6.1.1-Crear_Usuario,_contraseña,_Accesos_Particulares:101)
	at com.kms.katalon.core.main.ScriptEngine.run(ScriptEngine.java:194)
	at com.kms.katalon.core.main.ScriptEngine.runScriptAsRawText(ScriptEngine.java:119)
	at com.kms.katalon.core.main.TestCaseExecutor.runScript(TestCaseExecutor.java:442)
	at com.kms.katalon.core.main.TestCaseExecutor.doExecute(TestCaseExecutor.java:433)
	at com.kms.katalon.core.main.TestCaseExecutor.processExecutionPhase(TestCaseExecutor.java:412)
	at com.kms.katalon.core.main.TestCaseExecutor.accessMainPhase(TestCaseExecutor.java:404)
	at com.kms.katalon.core.main.TestCaseExecutor.execute(TestCaseExecutor.java:281)
	at com.kms.katalon.core.main.TestSuiteExecutor.accessTestCaseMainPhase(TestSuiteExecutor.java:202)
	at com.kms.katalon.core.main.TestSuiteExecutor.accessTestSuiteMainPhase(TestSuiteExecutor.java:164)
	at com.kms.katalon.core.main.TestSuiteExecutor.execute(TestSuiteExecutor.java:105)
	at com.kms.katalon.core.main.TestCaseMain.startTestSuite(TestCaseMain.java:185)
	at com.kms.katalon.core.main.TestCaseMain$startTestSuite$0.call(Unknown Source)
	at TempTestSuite1649698457255.run(TempTestSuite1649698457255.groovy:36)
Caused by: java.lang.IllegalArgumentException: Object is null
	at com.kms.katalon.core.helper.KeywordHelper.checkTestObjectParameter(KeywordHelper.java:33)
	at com.kms.katalon.core.webui.keyword.builtin.SelectOptionByIndexKeyword$_selectOptionByIndex_closure1.doCall(SelectOptionByIndexKeyword.groovy:76)
	at com.kms.katalon.core.webui.keyword.builtin.SelectOptionByIndexKeyword$_selectOptionByIndex_closure1.call(SelectOptionByIndexKeyword.groovy)
	at com.kms.katalon.core.webui.keyword.internal.WebUIKeywordMain.runKeyword(WebUIKeywordMain.groovy:20)
	at com.kms.katalon.core.webui.keyword.builtin.SelectOptionByIndexKeyword.selectOptionByIndex(SelectOptionByIndexKeyword.groovy:93)
	at com.kms.katalon.core.webui.keyword.builtin.SelectOptionByIndexKeyword.execute(SelectOptionByIndexKeyword.groovy:68)
	at com.kms.katalon.core.keyword.internal.KeywordExecutor.executeKeywordForPlatform(KeywordExecutor.groovy:74)
	at com.kms.katalon.core.webui.keyword.WebUiBuiltInKeywords.selectOptionByIndex(WebUiBuiltInKeywords.groovy:1133)
	at com.kms.katalon.core.webui.keyword.WebUiBuiltInKeywords$selectOptionByIndex$9.call(Unknown Source)
	at Script1639671621527.run(Script1639671621527.groovy:101)
	... 13 more
)

2022-04-11 12:34:53 - [MESSAGE][WARNING] - Test object with id 'Object Repository/2-OBJECTS TAREAS SECUNDARIAS/Crear_Usuario,_contraseña,_Accesos_Particulares/select_SeleccioneSaraDS_Jboss (CompensacionDS)SaraDS_weblogic (CompensacionDS)seguridad jdbcSeguridadDS_Jboss' does not exist

2022-04-11 12:34:53 - [MESSAGE][WARNING] - Test object with id 'Object Repository/' does not exist

2022-04-11 12:34:53 - [MESSAGE][FAILED] - Unable to select option by index (Root cause: com.kms.katalon.core.exception.StepFailedException: Unable to select option by index
	at com.kms.katalon.core.webui.keyword.internal.WebUIKeywordMain.stepFailed(WebUIKeywordMain.groovy:64)
	at com.kms.katalon.core.webui.keyword.internal.WebUIKeywordMain.runKeyword(WebUIKeywordMain.groovy:26)
	at com.kms.katalon.core.webui.keyword.builtin.SelectOptionByIndexKeyword.selectOptionByIndex(SelectOptionByIndexKeyword.groovy:93)
	at com.kms.katalon.core.webui.keyword.builtin.SelectOptionByIndexKeyword.execute(SelectOptionByIndexKeyword.groovy:68)
	at com.kms.katalon.core.keyword.internal.KeywordExecutor.executeKeywordForPlatform(KeywordExecutor.groovy:74)
	at com.kms.katalon.core.webui.keyword.WebUiBuiltInKeywords.selectOptionByIndex(WebUiBuiltInKeywords.groovy:1133)
	at com.kms.katalon.core.webui.keyword.WebUiBuiltInKeywords$selectOptionByIndex$9.call(Unknown Source)
	at 6.1.1-Crear_Usuario,_contraseña,_Accesos_Particulares.run(6.1.1-Crear_Usuario,_contraseña,_Accesos_Particulares:101)
	at com.kms.katalon.core.main.ScriptEngine.run(ScriptEngine.java:194)
	at com.kms.katalon.core.main.ScriptEngine.runScriptAsRawText(ScriptEngine.java:119)
	at com.kms.katalon.core.main.TestCaseExecutor.runScript(TestCaseExecutor.java:442)
	at com.kms.katalon.core.main.TestCaseExecutor.doExecute(TestCaseExecutor.java:433)
	at com.kms.katalon.core.main.TestCaseExecutor.processExecutionPhase(TestCaseExecutor.java:412)
	at com.kms.katalon.core.main.TestCaseExecutor.accessMainPhase(TestCaseExecutor.java:404)
	at com.kms.katalon.core.main.TestCaseExecutor.execute(TestCaseExecutor.java:281)
	at com.kms.katalon.core.main.TestSuiteExecutor.accessTestCaseMainPhase(TestSuiteExecutor.java:202)
	at com.kms.katalon.core.main.TestSuiteExecutor.accessTestSuiteMainPhase(TestSuiteExecutor.java:164)
	at com.kms.katalon.core.main.TestSuiteExecutor.execute(TestSuiteExecutor.java:105)
	at com.kms.katalon.core.main.TestCaseMain.startTestSuite(TestCaseMain.java:185)
	at com.kms.katalon.core.main.TestCaseMain$startTestSuite$0.call(Unknown Source)
	at TempTestSuite1649698457255.run(TempTestSuite1649698457255.groovy:36)
Caused by: java.lang.IllegalArgumentException: Object is null
	at com.kms.katalon.core.helper.KeywordHelper.checkTestObjectParameter(KeywordHelper.java:33)
	at com.kms.katalon.core.webui.keyword.builtin.SelectOptionByIndexKeyword$_selectOptionByIndex_closure1.doCall(SelectOptionByIndexKeyword.groovy:76)
	at com.kms.katalon.core.webui.keyword.builtin.SelectOptionByIndexKeyword$_selectOptionByIndex_closure1.call(SelectOptionByIndexKeyword.groovy)
	at com.kms.katalon.core.webui.keyword.internal.WebUIKeywordMain.runKeyword(WebUIKeywordMain.groovy:20)
	at com.kms.katalon.core.webui.keyword.builtin.SelectOptionByIndexKeyword.selectOptionByIndex(SelectOptionByIndexKeyword.groovy:93)
	at com.kms.katalon.core.webui.keyword.builtin.SelectOptionByIndexKeyword.execute(SelectOptionByIndexKeyword.groovy:68)
	at com.kms.katalon.core.keyword.internal.KeywordExecutor.executeKeywordForPlatform(KeywordExecutor.groovy:74)
	at com.kms.katalon.core.webui.keyword.WebUiBuiltInKeywords.selectOptionByIndex(WebUiBuiltInKeywords.groovy:1133)
	at com.kms.katalon.core.webui.keyword.WebUiBuiltInKeywords$selectOptionByIndex$9.call(Unknown Source)
	at Script1639671621527.run(Script1639671621527.groovy:101)
	... 13 more
)
[[ATTACHMENT|C:\\Users\\diego.rojas\\git\\Pruebas-Minimas\\Reports\\20220411_123417\\Test_Suite_Secundaria\\6-Pruebas_seguridad\\20220411_123417\\1649698493728.png]]]]></system-out>
         <system-err><![CDATA[2022-04-11 12:34:25 - [TEST_CASE][FAILED] - Test Cases/1.2-Tareas_Secundarias/6.1-Pruebas_Seguridad/6.1.1-Crear_Usuario,_contraseña,_Accesos_Particulares: Test Cases/1.2-Tareas_Secundarias/6.1-Pruebas_Seguridad/6.1.1-Crear_Usuario,_contraseña,_Accesos_Particulares FAILED.
Reason:
com.kms.katalon.core.exception.StepFailedException: Unable to select option by index
	at com.kms.katalon.core.webui.keyword.internal.WebUIKeywordMain.stepFailed(WebUIKeywordMain.groovy:64)
	at com.kms.katalon.core.webui.keyword.internal.WebUIKeywordMain.runKeyword(WebUIKeywordMain.groovy:26)
	at com.kms.katalon.core.webui.keyword.builtin.SelectOptionByIndexKeyword.selectOptionByIndex(SelectOptionByIndexKeyword.groovy:93)
	at com.kms.katalon.core.webui.keyword.builtin.SelectOptionByIndexKeyword.execute(SelectOptionByIndexKeyword.groovy:68)
	at com.kms.katalon.core.keyword.internal.KeywordExecutor.executeKeywordForPlatform(KeywordExecutor.groovy:74)
	at com.kms.katalon.core.webui.keyword.WebUiBuiltInKeywords.selectOptionByIndex(WebUiBuiltInKeywords.groovy:1133)
	at com.kms.katalon.core.webui.keyword.WebUiBuiltInKeywords$selectOptionByIndex$9.call(Unknown Source)
	at 6.1.1-Crear_Usuario,_contraseña,_Accesos_Particulares.run(6.1.1-Crear_Usuario,_contraseña,_Accesos_Particulares:101)
	at com.kms.katalon.core.main.ScriptEngine.run(ScriptEngine.java:194)
	at com.kms.katalon.core.main.ScriptEngine.runScriptAsRawText(ScriptEngine.java:119)
	at com.kms.katalon.core.main.TestCaseExecutor.runScript(TestCaseExecutor.java:442)
	at com.kms.katalon.core.main.TestCaseExecutor.doExecute(TestCaseExecutor.java:433)
	at com.kms.katalon.core.main.TestCaseExecutor.processExecutionPhase(TestCaseExecutor.java:412)
	at com.kms.katalon.core.main.TestCaseExecutor.accessMainPhase(TestCaseExecutor.java:404)
	at com.kms.katalon.core.main.TestCaseExecutor.execute(TestCaseExecutor.java:281)
	at com.kms.katalon.core.main.TestSuiteExecutor.accessTestCaseMainPhase(TestSuiteExecutor.java:202)
	at com.kms.katalon.core.main.TestSuiteExecutor.accessTestSuiteMainPhase(TestSuiteExecutor.java:164)
	at com.kms.katalon.core.main.TestSuiteExecutor.execute(TestSuiteExecutor.java:105)
	at com.kms.katalon.core.main.TestCaseMain.startTestSuite(TestCaseMain.java:185)
	at com.kms.katalon.core.main.TestCaseMain$startTestSuite$0.call(Unknown Source)
	at TempTestSuite1649698457255.run(TempTestSuite1649698457255.groovy:36)
Caused by: java.lang.IllegalArgumentException: Object is null
	at com.kms.katalon.core.helper.KeywordHelper.checkTestObjectParameter(KeywordHelper.java:33)
	at com.kms.katalon.core.webui.keyword.builtin.SelectOptionByIndexKeyword$_selectOptionByIndex_closure1.doCall(SelectOptionByIndexKeyword.groovy:76)
	at com.kms.katalon.core.webui.keyword.builtin.SelectOptionByIndexKeyword$_selectOptionByIndex_closure1.call(SelectOptionByIndexKeyword.groovy)
	at com.kms.katalon.core.webui.keyword.internal.WebUIKeywordMain.runKeyword(WebUIKeywordMain.groovy:20)
	... 19 more]]></system-err>
      </testcase>
      <testcase name="Test Cases/1.2-Tareas_Secundarias/6.1-Pruebas_Seguridad/6.1.2-Crear_Rol_y_Acceso_Roles" time="26.397" classname="Test Cases/1.2-Tareas_Secundarias/6.1-Pruebas_Seguridad/6.1.2-Crear_Rol_y_Acceso_Roles" status="PASSED">
         <system-out><![CDATA[2022-04-11 12:34:53 - [TEST_CASE][PASSED] - Test Cases/1.2-Tareas_Secundarias/6.1-Pruebas_Seguridad/6.1.2-Crear_Rol_y_Acceso_Roles: Test Cases/1.2-Tareas_Secundarias/6.1-Pruebas_Seguridad/6.1.2-Crear_Rol_y_Acceso_Roles

2022-04-11 12:34:54 - [TEST_STEP][PASSED] - callTestCase(findTestCase("Utilidades-(atajos_para _tareas)/Login_Seguridad/Login-Seguridad"), [:], STOP_ON_FAILURE): Call Test Case 'Test Cases/Utilidades-(atajos_para _tareas)/Login_Seguridad/Login-Seguridad' successfully

2022-04-11 12:34:54 - [TEST_CASE][PASSED] - Test Cases/Utilidades-(atajos_para _tareas)/Login_Seguridad/Login-Seguridad: Test Cases/Utilidades-(atajos_para _tareas)/Login_Seguridad/Login-Seguridad

2022-04-11 12:34:54 - [TEST_STEP][PASSED] - openBrowser(""): Browser is opened with url: ''

2022-04-11 12:34:54 - [MESSAGE][WARNING] - A browser is already opened. Closing browser and opening a new one

2022-04-11 12:34:55 - [MESSAGE][INFO] - Starting 'Chrome' driver

2022-04-11 12:34:55 - [MESSAGE][INFO] - Action delay is set to 0 milliseconds

2022-04-11 12:34:56 - [MESSAGE][PASSED] - Browser is opened with url: ''

2022-04-11 12:34:56 - [TEST_STEP][PASSED] - maximizeWindow(): Current window maximized

2022-04-11 12:34:56 - [MESSAGE][PASSED] - Current window maximized

2022-04-11 12:34:56 - [TEST_STEP][PASSED] - i = G_Login_Seguridad: null

2022-04-11 12:34:56 - [TEST_STEP][PASSED] - url = new java.net.URL(i): null

2022-04-11 12:34:56 - [TEST_STEP][PASSED] - println("URL: " + url.toString()): null

2022-04-11 12:34:56 - [TEST_STEP][PASSED] - connection = url.openConnection(): null

2022-04-11 12:34:56 - [TEST_STEP][PASSED] - connection.setRequestMethod("GET"): null

2022-04-11 12:34:56 - [TEST_STEP][PASSED] - connection.setReadTimeout(2 * 1000): null

2022-04-11 12:34:56 - [TEST_STEP][PASSED] - try: null

2022-04-11 12:34:56 - [TEST_STEP][PASSED] - connection.connect(): null

2022-04-11 12:34:56 - [TEST_STEP][PASSED] - flag = connected: null

2022-04-11 12:34:56 - [TEST_STEP][PASSED] - println("Valor_ori: " + flag): null

2022-04-11 12:34:56 - [TEST_STEP][PASSED] - if (flag): null

2022-04-11 12:34:56 - [TEST_STEP][PASSED] - navigateToUrl(i): Navigate to 'http://192.168.2.19:8380/seguridadweb/' successfully

2022-04-11 12:34:56 - [MESSAGE][PASSED] - Navigate to 'http://192.168.2.19:8380/seguridadweb/' successfully

2022-04-11 12:34:56 - [TEST_STEP][PASSED] - a(): null

2022-04-11 12:34:56 - [TEST_STEP][PASSED] - setText(findTestObject("3-OBJECTS UTILIDADES/Login/input_USUARIO_loginusuario"), G_Usuario): Text 'saraadmin' is set on object 'Object Repository/3-OBJECTS UTILIDADES/Login/input_USUARIO_loginusuario'

2022-04-11 12:34:57 - [MESSAGE][PASSED] - Text 'saraadmin' is set on object 'Object Repository/3-OBJECTS UTILIDADES/Login/input_USUARIO_loginusuario'

2022-04-11 12:34:57 - [TEST_STEP][PASSED] - setEncryptedText(findTestObject("3-OBJECTS UTILIDADES/Login/input_CLAVE_loginpassword"), "MkG4/TYiCFC3cb2driP7+Q=="): Text ****** has been set on object 'Object Repository/3-OBJECTS UTILIDADES/Login/input_CLAVE_loginpassword'

2022-04-11 12:34:58 - [MESSAGE][PASSED] - Text ****** has been set on object 'Object Repository/3-OBJECTS UTILIDADES/Login/input_CLAVE_loginpassword'

2022-04-11 12:34:58 - [TEST_STEP][PASSED] - waitForElementClickable(findTestObject("3-OBJECTS UTILIDADES/Login/a_Ingresar"), G_TimeOut): Object 'Object Repository/3-OBJECTS UTILIDADES/Login/a_Ingresar' is clickable

2022-04-11 12:34:58 - [MESSAGE][PASSED] - Object 'Object Repository/3-OBJECTS UTILIDADES/Login/a_Ingresar' is clickable

2022-04-11 12:34:58 - [TEST_STEP][PASSED] - click(findTestObject("3-OBJECTS UTILIDADES/Login/a_Ingresar")): Object: 'Object Repository/3-OBJECTS UTILIDADES/Login/a_Ingresar' is clicked on

2022-04-11 12:34:59 - [MESSAGE][PASSED] - Object: 'Object Repository/3-OBJECTS UTILIDADES/Login/a_Ingresar' is clicked on

2022-04-11 12:34:59 - [TEST_STEP][PASSED] - element = findWebElement(findTestObject("3-OBJECTS UTILIDADES/Login/a_Ir"), 30): null

2022-04-11 12:34:59 - [TEST_STEP][PASSED] - executeJavaScript("arguments[0].click()", Arrays.asList(element)): Execute JavaScript 'arguments[0].click()' successfully

2022-04-11 12:34:59 - [MESSAGE][PASSED] - Execute JavaScript 'arguments[0].click()' successfully

2022-04-11 12:34:59 - [MESSAGE][PASSED] - Call Test Case 'Test Cases/Utilidades-(atajos_para _tareas)/Login_Seguridad/Login-Seguridad' successfully

2022-04-11 12:34:59 - [TEST_STEP][PASSED] - setText(findTestObject("2-OBJECTS TAREAS SECUNDARIAS/Pruebas Seguridad/Crear_Rol_y_Acceso_Roles/input_Usuario_form_templatej_idt24_input"), "Roles"): Text 'Roles' is set on object 'Object Repository/2-OBJECTS TAREAS SECUNDARIAS/Pruebas Seguridad/Crear_Rol_y_Acceso_Roles/input_Usuario_form_templatej_idt24_input'

2022-04-11 12:35:00 - [MESSAGE][PASSED] - Text 'Roles' is set on object 'Object Repository/2-OBJECTS TAREAS SECUNDARIAS/Pruebas Seguridad/Crear_Rol_y_Acceso_Roles/input_Usuario_form_templatej_idt24_input'

2022-04-11 12:35:00 - [TEST_STEP][PASSED] - click(findTestObject("2-OBJECTS TAREAS SECUNDARIAS/Pruebas Seguridad/Crear_Rol_y_Acceso_Roles/li_Roles")): Object: 'Object Repository/2-OBJECTS TAREAS SECUNDARIAS/Pruebas Seguridad/Crear_Rol_y_Acceso_Roles/li_Roles' is clicked on

2022-04-11 12:35:02 - [MESSAGE][PASSED] - Object: 'Object Repository/2-OBJECTS TAREAS SECUNDARIAS/Pruebas Seguridad/Crear_Rol_y_Acceso_Roles/li_Roles' is clicked on

2022-04-11 12:35:02 - [TEST_STEP][PASSED] - setText(findTestObject("2-OBJECTS TAREAS SECUNDARIAS/Pruebas Seguridad/Crear_Rol_y_Acceso_Roles/input_Portal_formj_idt61"), "pruebas katalon"): Text 'pruebas katalon' is set on object 'Object Repository/2-OBJECTS TAREAS SECUNDARIAS/Pruebas Seguridad/Crear_Rol_y_Acceso_Roles/input_Portal_formj_idt61'

2022-04-11 12:35:03 - [MESSAGE][PASSED] - Text 'pruebas katalon' is set on object 'Object Repository/2-OBJECTS TAREAS SECUNDARIAS/Pruebas Seguridad/Crear_Rol_y_Acceso_Roles/input_Portal_formj_idt61'

2022-04-11 12:35:03 - [TEST_STEP][PASSED] - sendKeys(findTestObject("2-OBJECTS TAREAS SECUNDARIAS/Pruebas Seguridad/Crear_Rol_y_Acceso_Roles/input_Portal_formj_idt61"), Keys.chord(ENTER)): Keys 'ENTER + ' sent to object: 'Object Repository/2-OBJECTS TAREAS SECUNDARIAS/Pruebas Seguridad/Crear_Rol_y_Acceso_Roles/input_Portal_formj_idt61'

2022-04-11 12:35:03 - [MESSAGE][PASSED] - Keys 'ENTER + ' sent to object: 'Object Repository/2-OBJECTS TAREAS SECUNDARIAS/Pruebas Seguridad/Crear_Rol_y_Acceso_Roles/input_Portal_formj_idt61'

2022-04-11 12:35:03 - [TEST_STEP][PASSED] - if (waitForElementVisible(findTestObject("2-OBJECTS TAREAS SECUNDARIAS/Pruebas Seguridad/Crear_Rol_y_Acceso_Roles/td_Pruebas katalon"), 1)): null

2022-04-11 12:35:04 - [MESSAGE][PASSED] - Object 'Object Repository/2-OBJECTS TAREAS SECUNDARIAS/Pruebas Seguridad/Crear_Rol_y_Acceso_Roles/td_Pruebas katalon' is visible

2022-04-11 12:35:04 - [TEST_STEP][PASSED] - click(findTestObject("2-OBJECTS TAREAS SECUNDARIAS/Pruebas Seguridad/Crear_Rol_y_Acceso_Roles/td_Pruebas katalon")): Object: 'Object Repository/2-OBJECTS TAREAS SECUNDARIAS/Pruebas Seguridad/Crear_Rol_y_Acceso_Roles/td_Pruebas katalon' is clicked on

2022-04-11 12:35:04 - [MESSAGE][PASSED] - Object: 'Object Repository/2-OBJECTS TAREAS SECUNDARIAS/Pruebas Seguridad/Crear_Rol_y_Acceso_Roles/td_Pruebas katalon' is clicked on

2022-04-11 12:35:04 - [TEST_STEP][PASSED] - click(findTestObject("2-OBJECTS TAREAS SECUNDARIAS/Pruebas Seguridad/Crear_Rol_y_Acceso_Roles/a_Acceso Roles")): Object: 'Object Repository/2-OBJECTS TAREAS SECUNDARIAS/Pruebas Seguridad/Crear_Rol_y_Acceso_Roles/a_Acceso Roles' is clicked on

2022-04-11 12:35:05 - [MESSAGE][PASSED] - Object: 'Object Repository/2-OBJECTS TAREAS SECUNDARIAS/Pruebas Seguridad/Crear_Rol_y_Acceso_Roles/a_Acceso Roles' is clicked on

2022-04-11 12:35:05 - [TEST_STEP][PASSED] - if (waitForElementClickable(findTestObject("2-OBJECTS TAREAS SECUNDARIAS/Pruebas Seguridad/Crear_Rol_y_Acceso_Roles/a_SARA_formtabtabla_roles0j_idt134"), 1)): null

2022-04-11 12:35:06 - [MESSAGE][PASSED] - Object 'Object Repository/2-OBJECTS TAREAS SECUNDARIAS/Pruebas Seguridad/Crear_Rol_y_Acceso_Roles/a_SARA_formtabtabla_roles0j_idt134' is clickable

2022-04-11 12:35:06 - [TEST_STEP][PASSED] - click(findTestObject("2-OBJECTS TAREAS SECUNDARIAS/Pruebas Seguridad/Crear_Rol_y_Acceso_Roles/a_SARA_formtabtabla_roles0j_idt134")): Object: 'Object Repository/2-OBJECTS TAREAS SECUNDARIAS/Pruebas Seguridad/Crear_Rol_y_Acceso_Roles/a_SARA_formtabtabla_roles0j_idt134' is clicked on

2022-04-11 12:35:06 - [MESSAGE][PASSED] - Object: 'Object Repository/2-OBJECTS TAREAS SECUNDARIAS/Pruebas Seguridad/Crear_Rol_y_Acceso_Roles/a_SARA_formtabtabla_roles0j_idt134' is clicked on

2022-04-11 12:35:06 - [TEST_STEP][PASSED] - click(findTestObject("2-OBJECTS TAREAS SECUNDARIAS/Pruebas Seguridad/Crear_Rol_y_Acceso_Roles/a_link_aceptar")): Object: 'Object Repository/2-OBJECTS TAREAS SECUNDARIAS/Pruebas Seguridad/Crear_Rol_y_Acceso_Roles/a_link_aceptar' is clicked on

2022-04-11 12:35:07 - [MESSAGE][PASSED] - Object: 'Object Repository/2-OBJECTS TAREAS SECUNDARIAS/Pruebas Seguridad/Crear_Rol_y_Acceso_Roles/a_link_aceptar' is clicked on

2022-04-11 12:35:07 - [TEST_STEP][PASSED] - click(findTestObject("2-OBJECTS TAREAS SECUNDARIAS/Pruebas Seguridad/Crear_Rol_y_Acceso_Roles/a_Roles")): Object: 'Object Repository/2-OBJECTS TAREAS SECUNDARIAS/Pruebas Seguridad/Crear_Rol_y_Acceso_Roles/a_Roles' is clicked on

2022-04-11 12:35:07 - [MESSAGE][PASSED] - Object: 'Object Repository/2-OBJECTS TAREAS SECUNDARIAS/Pruebas Seguridad/Crear_Rol_y_Acceso_Roles/a_Roles' is clicked on

2022-04-11 12:35:07 - [TEST_STEP][PASSED] - click(findTestObject("2-OBJECTS TAREAS SECUNDARIAS/Pruebas Seguridad/Crear_Rol_y_Acceso_Roles/a_Eliminar")): Object: 'Object Repository/2-OBJECTS TAREAS SECUNDARIAS/Pruebas Seguridad/Crear_Rol_y_Acceso_Roles/a_Eliminar' is clicked on

2022-04-11 12:35:08 - [MESSAGE][PASSED] - Object: 'Object Repository/2-OBJECTS TAREAS SECUNDARIAS/Pruebas Seguridad/Crear_Rol_y_Acceso_Roles/a_Eliminar' is clicked on

2022-04-11 12:35:08 - [TEST_STEP][PASSED] - click(findTestObject("2-OBJECTS TAREAS SECUNDARIAS/Pruebas Seguridad/Crear_Rol_y_Acceso_Roles/a_link_aceptar")): Object: 'Object Repository/2-OBJECTS TAREAS SECUNDARIAS/Pruebas Seguridad/Crear_Rol_y_Acceso_Roles/a_link_aceptar' is clicked on

2022-04-11 12:35:09 - [MESSAGE][PASSED] - Object: 'Object Repository/2-OBJECTS TAREAS SECUNDARIAS/Pruebas Seguridad/Crear_Rol_y_Acceso_Roles/a_link_aceptar' is clicked on

2022-04-11 12:35:09 - [TEST_STEP][PASSED] - click(findTestObject("2-OBJECTS TAREAS SECUNDARIAS/Pruebas Seguridad/Crear_Rol_y_Acceso_Roles/a_Nuevo")): Object: 'Object Repository/2-OBJECTS TAREAS SECUNDARIAS/Pruebas Seguridad/Crear_Rol_y_Acceso_Roles/a_Nuevo' is clicked on

2022-04-11 12:35:09 - [MESSAGE][PASSED] - Object: 'Object Repository/2-OBJECTS TAREAS SECUNDARIAS/Pruebas Seguridad/Crear_Rol_y_Acceso_Roles/a_Nuevo' is clicked on

2022-04-11 12:35:09 - [TEST_STEP][PASSED] - setText(findTestObject("2-OBJECTS TAREAS SECUNDARIAS/Pruebas Seguridad/Crear_Rol_y_Acceso_Roles/input_Descripcin_formtabdescripcion"), "Pruebas katalon"): Text 'Pruebas katalon' is set on object 'Object Repository/2-OBJECTS TAREAS SECUNDARIAS/Pruebas Seguridad/Crear_Rol_y_Acceso_Roles/input_Descripcin_formtabdescripcion'

2022-04-11 12:35:10 - [MESSAGE][PASSED] - Text 'Pruebas katalon' is set on object 'Object Repository/2-OBJECTS TAREAS SECUNDARIAS/Pruebas Seguridad/Crear_Rol_y_Acceso_Roles/input_Descripcin_formtabdescripcion'

2022-04-11 12:35:10 - [TEST_STEP][PASSED] - selectOptionByIndex(findTestObject("2-OBJECTS TAREAS SECUNDARIAS/Pruebas Seguridad/Crear_Rol_y_Acceso_Roles/select_Seleccin Tipo TolRol ClienteRol Funcional"), 2): All options with index in [2] are selected on object 'Object Repository/2-OBJECTS TAREAS SECUNDARIAS/Pruebas Seguridad/Crear_Rol_y_Acceso_Roles/select_Seleccin Tipo TolRol ClienteRol Funcional'

2022-04-11 12:35:11 - [MESSAGE][PASSED] - All options with index in [2] are selected on object 'Object Repository/2-OBJECTS TAREAS SECUNDARIAS/Pruebas Seguridad/Crear_Rol_y_Acceso_Roles/select_Seleccin Tipo TolRol ClienteRol Funcional'

2022-04-11 12:35:11 - [TEST_STEP][PASSED] - setText(findTestObject("2-OBJECTS TAREAS SECUNDARIAS/Pruebas Seguridad/Crear_Rol_y_Acceso_Roles/input_Alias_formtabalias"), "pruebas k"): Text 'pruebas k' is set on object 'Object Repository/2-OBJECTS TAREAS SECUNDARIAS/Pruebas Seguridad/Crear_Rol_y_Acceso_Roles/input_Alias_formtabalias'

2022-04-11 12:35:12 - [MESSAGE][PASSED] - Text 'pruebas k' is set on object 'Object Repository/2-OBJECTS TAREAS SECUNDARIAS/Pruebas Seguridad/Crear_Rol_y_Acceso_Roles/input_Alias_formtabalias'

2022-04-11 12:35:12 - [TEST_STEP][PASSED] - selectOptionByIndex(findTestObject("2-OBJECTS TAREAS SECUNDARIAS/Pruebas Seguridad/Crear_Rol_y_Acceso_Roles/select_-- Seleccione --Grupo a"), 1): All options with index in [1] are selected on object 'Object Repository/2-OBJECTS TAREAS SECUNDARIAS/Pruebas Seguridad/Crear_Rol_y_Acceso_Roles/select_-- Seleccione --Grupo a'

2022-04-11 12:35:13 - [MESSAGE][PASSED] - All options with index in [1] are selected on object 'Object Repository/2-OBJECTS TAREAS SECUNDARIAS/Pruebas Seguridad/Crear_Rol_y_Acceso_Roles/select_-- Seleccione --Grupo a'

2022-04-11 12:35:13 - [TEST_STEP][PASSED] - click(findTestObject("2-OBJECTS TAREAS SECUNDARIAS/Pruebas Seguridad/Crear_Rol_y_Acceso_Roles/a_Guardar")): Object: 'Object Repository/2-OBJECTS TAREAS SECUNDARIAS/Pruebas Seguridad/Crear_Rol_y_Acceso_Roles/a_Guardar' is clicked on

2022-04-11 12:35:14 - [MESSAGE][PASSED] - Object: 'Object Repository/2-OBJECTS TAREAS SECUNDARIAS/Pruebas Seguridad/Crear_Rol_y_Acceso_Roles/a_Guardar' is clicked on

2022-04-11 12:35:14 - [TEST_STEP][PASSED] - click(findTestObject("2-OBJECTS TAREAS SECUNDARIAS/Pruebas Seguridad/Crear_Rol_y_Acceso_Roles/a_Acceso Roles")): Object: 'Object Repository/2-OBJECTS TAREAS SECUNDARIAS/Pruebas Seguridad/Crear_Rol_y_Acceso_Roles/a_Acceso Roles' is clicked on

2022-04-11 12:35:14 - [MESSAGE][PASSED] - Object: 'Object Repository/2-OBJECTS TAREAS SECUNDARIAS/Pruebas Seguridad/Crear_Rol_y_Acceso_Roles/a_Acceso Roles' is clicked on

2022-04-11 12:35:14 - [TEST_STEP][PASSED] - selectOptionByIndex(findTestObject("2-OBJECTS TAREAS SECUNDARIAS/Pruebas Seguridad/Crear_Rol_y_Acceso_Roles/select_SeleccioneEmpresa 1Empresa 1"), 1): All options with index in [1] are selected on object 'Object Repository/2-OBJECTS TAREAS SECUNDARIAS/Pruebas Seguridad/Crear_Rol_y_Acceso_Roles/select_SeleccioneEmpresa 1Empresa 1'

2022-04-11 12:35:16 - [MESSAGE][PASSED] - All options with index in [1] are selected on object 'Object Repository/2-OBJECTS TAREAS SECUNDARIAS/Pruebas Seguridad/Crear_Rol_y_Acceso_Roles/select_SeleccioneEmpresa 1Empresa 1'

2022-04-11 12:35:16 - [TEST_STEP][PASSED] - selectOptionByIndex(findTestObject("2-OBJECTS TAREAS SECUNDARIAS/Pruebas Seguridad/Crear_Rol_y_Acceso_Roles/select_SeleccioneSaraDS_Jboss (CompensacionDS)SaraDS_weblogic (CompensacionDS)seguridad jdbcSeguridadDS_Jboss"), 1): All options with index in [1] are selected on object 'Object Repository/2-OBJECTS TAREAS SECUNDARIAS/Pruebas Seguridad/Crear_Rol_y_Acceso_Roles/select_SeleccioneSaraDS_Jboss (CompensacionDS)SaraDS_weblogic (CompensacionDS)seguridad jdbcSeguridadDS_Jboss'

2022-04-11 12:35:17 - [MESSAGE][PASSED] - All options with index in [1] are selected on object 'Object Repository/2-OBJECTS TAREAS SECUNDARIAS/Pruebas Seguridad/Crear_Rol_y_Acceso_Roles/select_SeleccioneSaraDS_Jboss (CompensacionDS)SaraDS_weblogic (CompensacionDS)seguridad jdbcSeguridadDS_Jboss'

2022-04-11 12:35:17 - [TEST_STEP][PASSED] - selectOptionByIndex(findTestObject("2-OBJECTS TAREAS SECUNDARIAS/Pruebas Seguridad/Crear_Rol_y_Acceso_Roles/select_--Seleccione--NUCLEO SISTEMASARAPORTAL SARASARA PRIMESARA APPSOFIASEGURIDADLMSSERVICIOSREGISTRO PERSONA"), 2): All options with index in [2] are selected on object 'Object Repository/2-OBJECTS TAREAS SECUNDARIAS/Pruebas Seguridad/Crear_Rol_y_Acceso_Roles/select_--Seleccione--NUCLEO SISTEMASARAPORTAL SARASARA PRIMESARA APPSOFIASEGURIDADLMSSERVICIOSREGISTRO PERSONA'

2022-04-11 12:35:19 - [MESSAGE][PASSED] - All options with index in [2] are selected on object 'Object Repository/2-OBJECTS TAREAS SECUNDARIAS/Pruebas Seguridad/Crear_Rol_y_Acceso_Roles/select_--Seleccione--NUCLEO SISTEMASARAPORTAL SARASARA PRIMESARA APPSOFIASEGURIDADLMSSERVICIOSREGISTRO PERSONA'

2022-04-11 12:35:19 - [TEST_STEP][PASSED] - click(findTestObject("2-OBJECTS TAREAS SECUNDARIAS/Pruebas Seguridad/Crear_Rol_y_Acceso_Roles/a_Filter by Aplicacin_formtabtabla_rolesj_idt135")): Object: 'Object Repository/2-OBJECTS TAREAS SECUNDARIAS/Pruebas Seguridad/Crear_Rol_y_Acceso_Roles/a_Filter by Aplicacin_formtabtabla_rolesj_idt135' is clicked on

2022-04-11 12:35:19 - [MESSAGE][PASSED] - Object: 'Object Repository/2-OBJECTS TAREAS SECUNDARIAS/Pruebas Seguridad/Crear_Rol_y_Acceso_Roles/a_Filter by Aplicacin_formtabtabla_rolesj_idt135' is clicked on

2022-04-11 12:35:19 - [TEST_STEP][PASSED] - closeBrowser(): Browser is closed

2022-04-11 12:35:20 - [MESSAGE][PASSED] - Browser is closed]]></system-out>
         <system-err><![CDATA[]]></system-err>
      </testcase>
      <testcase name="Test Cases/1.2-Tareas_Secundarias/6.1-Pruebas_Seguridad/6.1.6-Crear_Empresa" time="16.369" classname="Test Cases/1.2-Tareas_Secundarias/6.1-Pruebas_Seguridad/6.1.6-Crear_Empresa" status="PASSED">
         <system-out><![CDATA[2022-04-11 12:35:20 - [TEST_CASE][PASSED] - Test Cases/1.2-Tareas_Secundarias/6.1-Pruebas_Seguridad/6.1.6-Crear_Empresa: Test Cases/1.2-Tareas_Secundarias/6.1-Pruebas_Seguridad/6.1.6-Crear_Empresa

2022-04-11 12:35:20 - [TEST_STEP][PASSED] - callTestCase(findTestCase("Utilidades-(atajos_para _tareas)/Login_Seguridad/Login-Seguridad"), [:], STOP_ON_FAILURE): Call Test Case 'Test Cases/Utilidades-(atajos_para _tareas)/Login_Seguridad/Login-Seguridad' successfully

2022-04-11 12:35:20 - [TEST_CASE][PASSED] - Test Cases/Utilidades-(atajos_para _tareas)/Login_Seguridad/Login-Seguridad: Test Cases/Utilidades-(atajos_para _tareas)/Login_Seguridad/Login-Seguridad

2022-04-11 12:35:20 - [TEST_STEP][PASSED] - openBrowser(""): Browser is opened with url: ''

2022-04-11 12:35:20 - [MESSAGE][INFO] - Starting 'Chrome' driver

2022-04-11 12:35:20 - [MESSAGE][INFO] - Action delay is set to 0 milliseconds

2022-04-11 12:35:21 - [MESSAGE][PASSED] - Browser is opened with url: ''

2022-04-11 12:35:21 - [TEST_STEP][PASSED] - maximizeWindow(): Current window maximized

2022-04-11 12:35:22 - [MESSAGE][PASSED] - Current window maximized

2022-04-11 12:35:22 - [TEST_STEP][PASSED] - i = G_Login_Seguridad: null

2022-04-11 12:35:22 - [TEST_STEP][PASSED] - url = new java.net.URL(i): null

2022-04-11 12:35:22 - [TEST_STEP][PASSED] - println("URL: " + url.toString()): null

2022-04-11 12:35:22 - [TEST_STEP][PASSED] - connection = url.openConnection(): null

2022-04-11 12:35:22 - [TEST_STEP][PASSED] - connection.setRequestMethod("GET"): null

2022-04-11 12:35:22 - [TEST_STEP][PASSED] - connection.setReadTimeout(2 * 1000): null

2022-04-11 12:35:22 - [TEST_STEP][PASSED] - try: null

2022-04-11 12:35:22 - [TEST_STEP][PASSED] - connection.connect(): null

2022-04-11 12:35:22 - [TEST_STEP][PASSED] - flag = connected: null

2022-04-11 12:35:22 - [TEST_STEP][PASSED] - println("Valor_ori: " + flag): null

2022-04-11 12:35:22 - [TEST_STEP][PASSED] - if (flag): null

2022-04-11 12:35:22 - [TEST_STEP][PASSED] - navigateToUrl(i): Navigate to 'http://192.168.2.19:8380/seguridadweb/' successfully

2022-04-11 12:35:22 - [MESSAGE][PASSED] - Navigate to 'http://192.168.2.19:8380/seguridadweb/' successfully

2022-04-11 12:35:22 - [TEST_STEP][PASSED] - a(): null

2022-04-11 12:35:22 - [TEST_STEP][PASSED] - setText(findTestObject("3-OBJECTS UTILIDADES/Login/input_USUARIO_loginusuario"), G_Usuario): Text 'saraadmin' is set on object 'Object Repository/3-OBJECTS UTILIDADES/Login/input_USUARIO_loginusuario'

2022-04-11 12:35:23 - [MESSAGE][PASSED] - Text 'saraadmin' is set on object 'Object Repository/3-OBJECTS UTILIDADES/Login/input_USUARIO_loginusuario'

2022-04-11 12:35:23 - [TEST_STEP][PASSED] - setEncryptedText(findTestObject("3-OBJECTS UTILIDADES/Login/input_CLAVE_loginpassword"), "MkG4/TYiCFC3cb2driP7+Q=="): Text ****** has been set on object 'Object Repository/3-OBJECTS UTILIDADES/Login/input_CLAVE_loginpassword'

2022-04-11 12:35:23 - [MESSAGE][PASSED] - Text ****** has been set on object 'Object Repository/3-OBJECTS UTILIDADES/Login/input_CLAVE_loginpassword'

2022-04-11 12:35:23 - [TEST_STEP][PASSED] - waitForElementClickable(findTestObject("3-OBJECTS UTILIDADES/Login/a_Ingresar"), G_TimeOut): Object 'Object Repository/3-OBJECTS UTILIDADES/Login/a_Ingresar' is clickable

2022-04-11 12:35:24 - [MESSAGE][PASSED] - Object 'Object Repository/3-OBJECTS UTILIDADES/Login/a_Ingresar' is clickable

2022-04-11 12:35:24 - [TEST_STEP][PASSED] - click(findTestObject("3-OBJECTS UTILIDADES/Login/a_Ingresar")): Object: 'Object Repository/3-OBJECTS UTILIDADES/Login/a_Ingresar' is clicked on

2022-04-11 12:35:25 - [MESSAGE][PASSED] - Object: 'Object Repository/3-OBJECTS UTILIDADES/Login/a_Ingresar' is clicked on

2022-04-11 12:35:25 - [TEST_STEP][PASSED] - element = findWebElement(findTestObject("3-OBJECTS UTILIDADES/Login/a_Ir"), 30): null

2022-04-11 12:35:25 - [TEST_STEP][PASSED] - executeJavaScript("arguments[0].click()", Arrays.asList(element)): Execute JavaScript 'arguments[0].click()' successfully

2022-04-11 12:35:25 - [MESSAGE][PASSED] - Execute JavaScript 'arguments[0].click()' successfully

2022-04-11 12:35:25 - [MESSAGE][PASSED] - Call Test Case 'Test Cases/Utilidades-(atajos_para _tareas)/Login_Seguridad/Login-Seguridad' successfully

2022-04-11 12:35:25 - [TEST_STEP][PASSED] - setText(findTestObject("2-OBJECTS TAREAS SECUNDARIAS/Pruebas Seguridad/Crear_Empresa/input_ADMINISTRADOR DEL SISTEMA - SARA_form_templatej_idt24_input"), "Empresa"): Text 'Empresa' is set on object 'Object Repository/2-OBJECTS TAREAS SECUNDARIAS/Pruebas Seguridad/Crear_Empresa/input_ADMINISTRADOR DEL SISTEMA - SARA_form_templatej_idt24_input'

2022-04-11 12:35:26 - [MESSAGE][PASSED] - Text 'Empresa' is set on object 'Object Repository/2-OBJECTS TAREAS SECUNDARIAS/Pruebas Seguridad/Crear_Empresa/input_ADMINISTRADOR DEL SISTEMA - SARA_form_templatej_idt24_input'

2022-04-11 12:35:26 - [TEST_STEP][PASSED] - click(findTestObject("2-OBJECTS TAREAS SECUNDARIAS/Pruebas Seguridad/Crear_Empresa/span_Empresa")): Object: 'Object Repository/2-OBJECTS TAREAS SECUNDARIAS/Pruebas Seguridad/Crear_Empresa/span_Empresa' is clicked on

2022-04-11 12:35:27 - [MESSAGE][PASSED] - Object: 'Object Repository/2-OBJECTS TAREAS SECUNDARIAS/Pruebas Seguridad/Crear_Empresa/span_Empresa' is clicked on

2022-04-11 12:35:27 - [TEST_STEP][PASSED] - waitForElementVisible(findTestObject("2-OBJECTS TAREAS SECUNDARIAS/Pruebas Seguridad/Crear_Empresa/td_Pruebas katalon"), 0): Object 'Object Repository/2-OBJECTS TAREAS SECUNDARIAS/Pruebas Seguridad/Crear_Empresa/td_Pruebas katalon' is visible

2022-04-11 12:35:27 - [MESSAGE][WARNING] - Timeout '0' is invalid. Using default page load timeout: '45'

2022-04-11 12:35:28 - [MESSAGE][PASSED] - Object 'Object Repository/2-OBJECTS TAREAS SECUNDARIAS/Pruebas Seguridad/Crear_Empresa/td_Pruebas katalon' is visible

2022-04-11 12:35:28 - [TEST_STEP][PASSED] - click(findTestObject("2-OBJECTS TAREAS SECUNDARIAS/Pruebas Seguridad/Crear_Empresa/td_Pruebas katalon")): Object: 'Object Repository/2-OBJECTS TAREAS SECUNDARIAS/Pruebas Seguridad/Crear_Empresa/td_Pruebas katalon' is clicked on

2022-04-11 12:35:29 - [MESSAGE][PASSED] - Object: 'Object Repository/2-OBJECTS TAREAS SECUNDARIAS/Pruebas Seguridad/Crear_Empresa/td_Pruebas katalon' is clicked on

2022-04-11 12:35:29 - [TEST_STEP][PASSED] - click(findTestObject("2-OBJECTS TAREAS SECUNDARIAS/Pruebas Seguridad/Crear_Empresa/a_Eliminar")): Object: 'Object Repository/2-OBJECTS TAREAS SECUNDARIAS/Pruebas Seguridad/Crear_Empresa/a_Eliminar' is clicked on

2022-04-11 12:35:29 - [MESSAGE][PASSED] - Object: 'Object Repository/2-OBJECTS TAREAS SECUNDARIAS/Pruebas Seguridad/Crear_Empresa/a_Eliminar' is clicked on

2022-04-11 12:35:29 - [TEST_STEP][PASSED] - click(findTestObject("2-OBJECTS TAREAS SECUNDARIAS/Pruebas Seguridad/Crear_Empresa/a_link_aceptar")): Object: 'Object Repository/2-OBJECTS TAREAS SECUNDARIAS/Pruebas Seguridad/Crear_Empresa/a_link_aceptar' is clicked on

2022-04-11 12:35:30 - [MESSAGE][PASSED] - Object: 'Object Repository/2-OBJECTS TAREAS SECUNDARIAS/Pruebas Seguridad/Crear_Empresa/a_link_aceptar' is clicked on

2022-04-11 12:35:30 - [TEST_STEP][PASSED] - click(findTestObject("2-OBJECTS TAREAS SECUNDARIAS/Pruebas Seguridad/Crear_Empresa/a_Nuevo")): Object: 'Object Repository/2-OBJECTS TAREAS SECUNDARIAS/Pruebas Seguridad/Crear_Empresa/a_Nuevo' is clicked on

2022-04-11 12:35:31 - [MESSAGE][PASSED] - Object: 'Object Repository/2-OBJECTS TAREAS SECUNDARIAS/Pruebas Seguridad/Crear_Empresa/a_Nuevo' is clicked on

2022-04-11 12:35:31 - [TEST_STEP][PASSED] - setText(findTestObject("2-OBJECTS TAREAS SECUNDARIAS/Pruebas Seguridad/Crear_Empresa/input_Cdigo_empresa_formcodigoEmpresa"), "5"): Text '5' is set on object 'Object Repository/2-OBJECTS TAREAS SECUNDARIAS/Pruebas Seguridad/Crear_Empresa/input_Cdigo_empresa_formcodigoEmpresa'

2022-04-11 12:35:32 - [MESSAGE][PASSED] - Text '5' is set on object 'Object Repository/2-OBJECTS TAREAS SECUNDARIAS/Pruebas Seguridad/Crear_Empresa/input_Cdigo_empresa_formcodigoEmpresa'

2022-04-11 12:35:32 - [TEST_STEP][PASSED] - setText(findTestObject("2-OBJECTS TAREAS SECUNDARIAS/Pruebas Seguridad/Crear_Empresa/input_Nombre_empresa_formnombreEmpresa"), "Pruebas katalon"): Text 'Pruebas katalon' is set on object 'Object Repository/2-OBJECTS TAREAS SECUNDARIAS/Pruebas Seguridad/Crear_Empresa/input_Nombre_empresa_formnombreEmpresa'

2022-04-11 12:35:32 - [MESSAGE][PASSED] - Text 'Pruebas katalon' is set on object 'Object Repository/2-OBJECTS TAREAS SECUNDARIAS/Pruebas Seguridad/Crear_Empresa/input_Nombre_empresa_formnombreEmpresa'

2022-04-11 12:35:32 - [TEST_STEP][PASSED] - selectOptionByIndex(findTestObject("2-OBJECTS TAREAS SECUNDARIAS/Pruebas Seguridad/Crear_Empresa/select_-- Seleccione --generalMexico"), 1): All options with index in [1] are selected on object 'Object Repository/2-OBJECTS TAREAS SECUNDARIAS/Pruebas Seguridad/Crear_Empresa/select_-- Seleccione --generalMexico'

2022-04-11 12:35:33 - [MESSAGE][PASSED] - All options with index in [1] are selected on object 'Object Repository/2-OBJECTS TAREAS SECUNDARIAS/Pruebas Seguridad/Crear_Empresa/select_-- Seleccione --generalMexico'

2022-04-11 12:35:33 - [TEST_STEP][PASSED] - selectOptionByIndex(findTestObject("2-OBJECTS TAREAS SECUNDARIAS/Pruebas Seguridad/Crear_Empresa/select_-- Seleccione --Aspirantes CALIDADSitio Calidad"), 1): All options with index in [1] are selected on object 'Object Repository/2-OBJECTS TAREAS SECUNDARIAS/Pruebas Seguridad/Crear_Empresa/select_-- Seleccione --Aspirantes CALIDADSitio Calidad'

2022-04-11 12:35:35 - [MESSAGE][PASSED] - All options with index in [1] are selected on object 'Object Repository/2-OBJECTS TAREAS SECUNDARIAS/Pruebas Seguridad/Crear_Empresa/select_-- Seleccione --Aspirantes CALIDADSitio Calidad'

2022-04-11 12:35:35 - [TEST_STEP][PASSED] - selectOptionByIndex(findTestObject("2-OBJECTS TAREAS SECUNDARIAS/Pruebas Seguridad/Crear_Empresa/select_-- Seleccione --Grupo a"), 1): All options with index in [1] are selected on object 'Object Repository/2-OBJECTS TAREAS SECUNDARIAS/Pruebas Seguridad/Crear_Empresa/select_-- Seleccione --Grupo a'

2022-04-11 12:35:36 - [MESSAGE][PASSED] - All options with index in [1] are selected on object 'Object Repository/2-OBJECTS TAREAS SECUNDARIAS/Pruebas Seguridad/Crear_Empresa/select_-- Seleccione --Grupo a'

2022-04-11 12:35:36 - [TEST_STEP][PASSED] - click(findTestObject("2-OBJECTS TAREAS SECUNDARIAS/Pruebas Seguridad/Crear_Empresa/a_Actualizar")): Object: 'Object Repository/2-OBJECTS TAREAS SECUNDARIAS/Pruebas Seguridad/Crear_Empresa/a_Actualizar' is clicked on

2022-04-11 12:35:36 - [MESSAGE][PASSED] - Object: 'Object Repository/2-OBJECTS TAREAS SECUNDARIAS/Pruebas Seguridad/Crear_Empresa/a_Actualizar' is clicked on]]></system-out>
         <system-err><![CDATA[]]></system-err>
      </testcase>
      <testcase name="Test Cases/1.2-Tareas_Secundarias/6.1-Pruebas_Seguridad/6.1.7-Seleccionar Empresa" time="131.163" classname="Test Cases/1.2-Tareas_Secundarias/6.1-Pruebas_Seguridad/6.1.7-Seleccionar Empresa" status="PASSED">
         <system-out><![CDATA[2022-04-11 12:35:36 - [TEST_CASE][PASSED] - Test Cases/1.2-Tareas_Secundarias/6.1-Pruebas_Seguridad/6.1.7-Seleccionar Empresa: Test Cases/1.2-Tareas_Secundarias/6.1-Pruebas_Seguridad/6.1.7-Seleccionar Empresa

2022-04-11 12:35:37 - [TEST_STEP][PASSED] - callTestCase(findTestCase("Utilidades-(atajos_para _tareas)/Login_Seguridad/Login-Seguridad"), [:], STOP_ON_FAILURE): Call Test Case 'Test Cases/Utilidades-(atajos_para _tareas)/Login_Seguridad/Login-Seguridad' successfully

2022-04-11 12:35:37 - [TEST_CASE][PASSED] - Test Cases/Utilidades-(atajos_para _tareas)/Login_Seguridad/Login-Seguridad: Test Cases/Utilidades-(atajos_para _tareas)/Login_Seguridad/Login-Seguridad

2022-04-11 12:35:37 - [TEST_STEP][PASSED] - openBrowser(""): Browser is opened with url: ''

2022-04-11 12:35:37 - [MESSAGE][WARNING] - A browser is already opened. Closing browser and opening a new one

2022-04-11 12:35:37 - [MESSAGE][INFO] - Starting 'Chrome' driver

2022-04-11 12:35:37 - [MESSAGE][INFO] - Action delay is set to 0 milliseconds

2022-04-11 12:35:39 - [MESSAGE][PASSED] - Browser is opened with url: ''

2022-04-11 12:35:39 - [TEST_STEP][PASSED] - maximizeWindow(): Current window maximized

2022-04-11 12:35:39 - [MESSAGE][PASSED] - Current window maximized

2022-04-11 12:35:39 - [TEST_STEP][PASSED] - i = G_Login_Seguridad: null

2022-04-11 12:35:39 - [TEST_STEP][PASSED] - url = new java.net.URL(i): null

2022-04-11 12:35:39 - [TEST_STEP][PASSED] - println("URL: " + url.toString()): null

2022-04-11 12:35:39 - [TEST_STEP][PASSED] - connection = url.openConnection(): null

2022-04-11 12:35:39 - [TEST_STEP][PASSED] - connection.setRequestMethod("GET"): null

2022-04-11 12:35:39 - [TEST_STEP][PASSED] - connection.setReadTimeout(2 * 1000): null

2022-04-11 12:35:39 - [TEST_STEP][PASSED] - try: null

2022-04-11 12:35:39 - [TEST_STEP][PASSED] - connection.connect(): null

2022-04-11 12:35:39 - [TEST_STEP][PASSED] - flag = connected: null

2022-04-11 12:35:39 - [TEST_STEP][PASSED] - println("Valor_ori: " + flag): null

2022-04-11 12:35:39 - [TEST_STEP][PASSED] - if (flag): null

2022-04-11 12:35:39 - [TEST_STEP][PASSED] - navigateToUrl(i): Navigate to 'http://192.168.2.19:8380/seguridadweb/' successfully

2022-04-11 12:35:39 - [MESSAGE][PASSED] - Navigate to 'http://192.168.2.19:8380/seguridadweb/' successfully

2022-04-11 12:35:39 - [TEST_STEP][PASSED] - a(): null

2022-04-11 12:35:39 - [TEST_STEP][PASSED] - setText(findTestObject("3-OBJECTS UTILIDADES/Login/input_USUARIO_loginusuario"), G_Usuario): Text 'saraadmin' is set on object 'Object Repository/3-OBJECTS UTILIDADES/Login/input_USUARIO_loginusuario'

2022-04-11 12:35:40 - [MESSAGE][PASSED] - Text 'saraadmin' is set on object 'Object Repository/3-OBJECTS UTILIDADES/Login/input_USUARIO_loginusuario'

2022-04-11 12:35:40 - [TEST_STEP][PASSED] - setEncryptedText(findTestObject("3-OBJECTS UTILIDADES/Login/input_CLAVE_loginpassword"), "MkG4/TYiCFC3cb2driP7+Q=="): Text ****** has been set on object 'Object Repository/3-OBJECTS UTILIDADES/Login/input_CLAVE_loginpassword'

2022-04-11 12:35:41 - [MESSAGE][PASSED] - Text ****** has been set on object 'Object Repository/3-OBJECTS UTILIDADES/Login/input_CLAVE_loginpassword'

2022-04-11 12:35:41 - [TEST_STEP][PASSED] - waitForElementClickable(findTestObject("3-OBJECTS UTILIDADES/Login/a_Ingresar"), G_TimeOut): Object 'Object Repository/3-OBJECTS UTILIDADES/Login/a_Ingresar' is clickable

2022-04-11 12:35:41 - [MESSAGE][PASSED] - Object 'Object Repository/3-OBJECTS UTILIDADES/Login/a_Ingresar' is clickable

2022-04-11 12:35:41 - [TEST_STEP][PASSED] - click(findTestObject("3-OBJECTS UTILIDADES/Login/a_Ingresar")): Object: 'Object Repository/3-OBJECTS UTILIDADES/Login/a_Ingresar' is clicked on

2022-04-11 12:35:42 - [MESSAGE][PASSED] - Object: 'Object Repository/3-OBJECTS UTILIDADES/Login/a_Ingresar' is clicked on

2022-04-11 12:35:42 - [TEST_STEP][PASSED] - element = findWebElement(findTestObject("3-OBJECTS UTILIDADES/Login/a_Ir"), 30): null

2022-04-11 12:35:42 - [TEST_STEP][PASSED] - executeJavaScript("arguments[0].click()", Arrays.asList(element)): Execute JavaScript 'arguments[0].click()' successfully

2022-04-11 12:35:42 - [MESSAGE][PASSED] - Execute JavaScript 'arguments[0].click()' successfully

2022-04-11 12:35:42 - [MESSAGE][PASSED] - Call Test Case 'Test Cases/Utilidades-(atajos_para _tareas)/Login_Seguridad/Login-Seguridad' successfully

2022-04-11 12:35:42 - [TEST_STEP][PASSED] - setText(findTestObject("2-OBJECTS TAREAS SECUNDARIAS/Pruebas Seguridad/6.1.7-Seleccionar Empresa/input_Empresa 1_form_templatej_idt24_input"), "Usuario"): Text 'Usuario' is set on object 'Object Repository/2-OBJECTS TAREAS SECUNDARIAS/Pruebas Seguridad/6.1.7-Seleccionar Empresa/input_Empresa 1_form_templatej_idt24_input'

2022-04-11 12:35:43 - [MESSAGE][PASSED] - Text 'Usuario' is set on object 'Object Repository/2-OBJECTS TAREAS SECUNDARIAS/Pruebas Seguridad/6.1.7-Seleccionar Empresa/input_Empresa 1_form_templatej_idt24_input'

2022-04-11 12:35:43 - [TEST_STEP][PASSED] - click(findTestObject("2-OBJECTS TAREAS SECUNDARIAS/Pruebas Seguridad/6.1.7-Seleccionar Empresa/li_Usuario"), STOP_ON_FAILURE): Object: 'Object Repository/2-OBJECTS TAREAS SECUNDARIAS/Pruebas Seguridad/6.1.7-Seleccionar Empresa/li_Usuario' is clicked on

2022-04-11 12:35:45 - [MESSAGE][PASSED] - Object: 'Object Repository/2-OBJECTS TAREAS SECUNDARIAS/Pruebas Seguridad/6.1.7-Seleccionar Empresa/li_Usuario' is clicked on

2022-04-11 12:35:45 - [TEST_STEP][PASSED] - setText(findTestObject("2-OBJECTS TAREAS SECUNDARIAS/Pruebas Seguridad/6.1.7-Seleccionar Empresa/input_Portal_usuarioformaparametroBusqueda"), "Usuario"): Text 'Usuario' is set on object 'Object Repository/2-OBJECTS TAREAS SECUNDARIAS/Pruebas Seguridad/6.1.7-Seleccionar Empresa/input_Portal_usuarioformaparametroBusqueda'

2022-04-11 12:35:46 - [MESSAGE][PASSED] - Text 'Usuario' is set on object 'Object Repository/2-OBJECTS TAREAS SECUNDARIAS/Pruebas Seguridad/6.1.7-Seleccionar Empresa/input_Portal_usuarioformaparametroBusqueda'

2022-04-11 12:35:46 - [TEST_STEP][PASSED] - sendKeys(findTestObject("2-OBJECTS TAREAS SECUNDARIAS/Pruebas Seguridad/6.1.7-Seleccionar Empresa/input_Portal_usuarioformaparametroBusqueda"), Keys.chord(ENTER)): Keys 'ENTER + ' sent to object: 'Object Repository/2-OBJECTS TAREAS SECUNDARIAS/Pruebas Seguridad/6.1.7-Seleccionar Empresa/input_Portal_usuarioformaparametroBusqueda'

2022-04-11 12:35:46 - [MESSAGE][PASSED] - Keys 'ENTER + ' sent to object: 'Object Repository/2-OBJECTS TAREAS SECUNDARIAS/Pruebas Seguridad/6.1.7-Seleccionar Empresa/input_Portal_usuarioformaparametroBusqueda'

2022-04-11 12:35:46 - [TEST_STEP][PASSED] - if (waitForElementVisible(findTestObject("2-OBJECTS TAREAS SECUNDARIAS/Pruebas Seguridad/6.1.7-Seleccionar Empresa/span_Usuario"), 1)): Web element with id: 'Object Repository/2-OBJECTS TAREAS SECUNDARIAS/Pruebas Seguridad/6.1.7-Seleccionar Empresa/span_Usuario' located by '(.//*[normalize-space(text()) and normalize-space(.)='Usuario'])[4]/following::span[1]' not found

2022-04-11 12:35:49 - [MESSAGE][INFO] - Unable to find the element located by 'By.xpath: (.//*[normalize-space(text()) and normalize-space(.)='Usuario'])[4]/following::span[1]'. Please recheck the objects properties to make sure the desired element is located. 

2022-04-11 12:35:49 - [MESSAGE][WARNING] - Web element with id: 'Object Repository/2-OBJECTS TAREAS SECUNDARIAS/Pruebas Seguridad/6.1.7-Seleccionar Empresa/span_Usuario' located by '(.//*[normalize-space(text()) and normalize-space(.)='Usuario'])[4]/following::span[1]' not found

2022-04-11 12:35:49 - [TEST_STEP][PASSED] - click(findTestObject("2-OBJECTS TAREAS SECUNDARIAS/Pruebas Seguridad/6.1.7-Seleccionar Empresa/a_Nuevo"), STOP_ON_FAILURE): Object: 'Object Repository/2-OBJECTS TAREAS SECUNDARIAS/Pruebas Seguridad/6.1.7-Seleccionar Empresa/a_Nuevo' is clicked on

2022-04-11 12:35:49 - [MESSAGE][PASSED] - Object: 'Object Repository/2-OBJECTS TAREAS SECUNDARIAS/Pruebas Seguridad/6.1.7-Seleccionar Empresa/a_Nuevo' is clicked on

2022-04-11 12:35:49 - [TEST_STEP][PASSED] - setText(findTestObject("2-OBJECTS TAREAS SECUNDARIAS/Pruebas Seguridad/6.1.7-Seleccionar Empresa/input_Sesin_usuarioformatablogin"), "Usuario"): Text 'Usuario' is set on object 'Object Repository/2-OBJECTS TAREAS SECUNDARIAS/Pruebas Seguridad/6.1.7-Seleccionar Empresa/input_Sesin_usuarioformatablogin'

2022-04-11 12:35:50 - [MESSAGE][PASSED] - Text 'Usuario' is set on object 'Object Repository/2-OBJECTS TAREAS SECUNDARIAS/Pruebas Seguridad/6.1.7-Seleccionar Empresa/input_Sesin_usuarioformatablogin'

2022-04-11 12:35:50 - [TEST_STEP][PASSED] - setText(findTestObject("2-OBJECTS TAREAS SECUNDARIAS/Pruebas Seguridad/6.1.7-Seleccionar Empresa/input_Documento_usuarioformatabdocumento"), identificacion()): null

2022-04-11 12:35:50 - [TEST_STEP][PASSED] - random_double = Math.random() * 9999 + 999: null

2022-04-11 12:35:50 - [TEST_STEP][PASSED] - random_double = Math.round(random_double * 1000): null

2022-04-11 12:35:50 - [TEST_STEP][PASSED] - id = toString().replace(".0", ""): Text '9630397' is set on object 'Object Repository/2-OBJECTS TAREAS SECUNDARIAS/Pruebas Seguridad/6.1.7-Seleccionar Empresa/input_Documento_usuarioformatabdocumento'

2022-04-11 12:35:51 - [MESSAGE][PASSED] - Text '9630397' is set on object 'Object Repository/2-OBJECTS TAREAS SECUNDARIAS/Pruebas Seguridad/6.1.7-Seleccionar Empresa/input_Documento_usuarioformatabdocumento'

2022-04-11 12:35:51 - [TEST_STEP][PASSED] - setText(findTestObject("2-OBJECTS TAREAS SECUNDARIAS/Pruebas Seguridad/6.1.7-Seleccionar Empresa/input_Nombre_usuarioformatabnombre"), "Usuario"): Text 'Usuario' is set on object 'Object Repository/2-OBJECTS TAREAS SECUNDARIAS/Pruebas Seguridad/6.1.7-Seleccionar Empresa/input_Nombre_usuarioformatabnombre'

2022-04-11 12:35:52 - [MESSAGE][PASSED] - Text 'Usuario' is set on object 'Object Repository/2-OBJECTS TAREAS SECUNDARIAS/Pruebas Seguridad/6.1.7-Seleccionar Empresa/input_Nombre_usuarioformatabnombre'

2022-04-11 12:35:52 - [TEST_STEP][PASSED] - setText(findTestObject("2-OBJECTS TAREAS SECUNDARIAS/Pruebas Seguridad/6.1.7-Seleccionar Empresa/input_Correo_usuarioformatabemail"), identificacion() + "noodle@gmail.com"): null

2022-04-11 12:35:52 - [TEST_STEP][PASSED] - random_double = Math.random() * 9999 + 999: null

2022-04-11 12:35:52 - [TEST_STEP][PASSED] - random_double = Math.round(random_double * 1000): null

2022-04-11 12:35:52 - [TEST_STEP][PASSED] - id = toString().replace(".0", ""): Text '1130485noodle@gmail.com' is set on object 'Object Repository/2-OBJECTS TAREAS SECUNDARIAS/Pruebas Seguridad/6.1.7-Seleccionar Empresa/input_Correo_usuarioformatabemail'

2022-04-11 12:35:53 - [MESSAGE][PASSED] - Text '1130485noodle@gmail.com' is set on object 'Object Repository/2-OBJECTS TAREAS SECUNDARIAS/Pruebas Seguridad/6.1.7-Seleccionar Empresa/input_Correo_usuarioformatabemail'

2022-04-11 12:35:53 - [TEST_STEP][PASSED] - click(findTestObject("2-OBJECTS TAREAS SECUNDARIAS/Pruebas Seguridad/6.1.7-Seleccionar Empresa/label_Activo"), STOP_ON_FAILURE): Object: 'Object Repository/2-OBJECTS TAREAS SECUNDARIAS/Pruebas Seguridad/6.1.7-Seleccionar Empresa/label_Activo' is clicked on

2022-04-11 12:35:53 - [MESSAGE][PASSED] - Object: 'Object Repository/2-OBJECTS TAREAS SECUNDARIAS/Pruebas Seguridad/6.1.7-Seleccionar Empresa/label_Activo' is clicked on

2022-04-11 12:35:53 - [TEST_STEP][PASSED] - selectOptionByIndex(findTestObject("2-OBJECTS TAREAS SECUNDARIAS/Pruebas Seguridad/6.1.7-Seleccionar Empresa/select_-- Seleccione --acceso empresa calidad2Grupo a"), 2): All options with index in [2] are selected on object 'Object Repository/2-OBJECTS TAREAS SECUNDARIAS/Pruebas Seguridad/6.1.7-Seleccionar Empresa/select_-- Seleccione --acceso empresa calidad2Grupo a'

2022-04-11 12:35:54 - [MESSAGE][PASSED] - All options with index in [2] are selected on object 'Object Repository/2-OBJECTS TAREAS SECUNDARIAS/Pruebas Seguridad/6.1.7-Seleccionar Empresa/select_-- Seleccione --acceso empresa calidad2Grupo a'

2022-04-11 12:35:54 - [TEST_STEP][PASSED] - click(findTestObject("2-OBJECTS TAREAS SECUNDARIAS/Pruebas Seguridad/6.1.7-Seleccionar Empresa/a_Guardar")): Object: 'Object Repository/2-OBJECTS TAREAS SECUNDARIAS/Pruebas Seguridad/6.1.7-Seleccionar Empresa/a_Guardar' is clicked on

2022-04-11 12:35:55 - [MESSAGE][PASSED] - Object: 'Object Repository/2-OBJECTS TAREAS SECUNDARIAS/Pruebas Seguridad/6.1.7-Seleccionar Empresa/a_Guardar' is clicked on

2022-04-11 12:35:55 - [TEST_STEP][PASSED] - click(findTestObject("2-OBJECTS TAREAS SECUNDARIAS/Pruebas Seguridad/6.1.7-Seleccionar Empresa/a_Contrasea")): Object: 'Object Repository/2-OBJECTS TAREAS SECUNDARIAS/Pruebas Seguridad/6.1.7-Seleccionar Empresa/a_Contrasea' is clicked on

2022-04-11 12:35:55 - [MESSAGE][PASSED] - Object: 'Object Repository/2-OBJECTS TAREAS SECUNDARIAS/Pruebas Seguridad/6.1.7-Seleccionar Empresa/a_Contrasea' is clicked on

2022-04-11 12:35:55 - [TEST_STEP][PASSED] - setEncryptedText(findTestObject("2-OBJECTS TAREAS SECUNDARIAS/Pruebas Seguridad/6.1.7-Seleccionar Empresa/input_Contrasea_usuarioformatabpasswordNuevo"), "MkG4/TYiCFC3cb2driP7+Q=="): Text ****** has been set on object 'Object Repository/2-OBJECTS TAREAS SECUNDARIAS/Pruebas Seguridad/6.1.7-Seleccionar Empresa/input_Contrasea_usuarioformatabpasswordNuevo'

2022-04-11 12:35:56 - [MESSAGE][PASSED] - Text ****** has been set on object 'Object Repository/2-OBJECTS TAREAS SECUNDARIAS/Pruebas Seguridad/6.1.7-Seleccionar Empresa/input_Contrasea_usuarioformatabpasswordNuevo'

2022-04-11 12:35:56 - [TEST_STEP][PASSED] - setEncryptedText(findTestObject("2-OBJECTS TAREAS SECUNDARIAS/Pruebas Seguridad/6.1.7-Seleccionar Empresa/input_Confirmar_usuarioformatabpasswordConfirma"), "MkG4/TYiCFC3cb2driP7+Q=="): Text ****** has been set on object 'Object Repository/2-OBJECTS TAREAS SECUNDARIAS/Pruebas Seguridad/6.1.7-Seleccionar Empresa/input_Confirmar_usuarioformatabpasswordConfirma'

2022-04-11 12:35:56 - [MESSAGE][PASSED] - Text ****** has been set on object 'Object Repository/2-OBJECTS TAREAS SECUNDARIAS/Pruebas Seguridad/6.1.7-Seleccionar Empresa/input_Confirmar_usuarioformatabpasswordConfirma'

2022-04-11 12:35:56 - [TEST_STEP][PASSED] - click(findTestObject("2-OBJECTS TAREAS SECUNDARIAS/Pruebas Seguridad/6.1.7-Seleccionar Empresa/a_Actualizar")): Object: 'Object Repository/2-OBJECTS TAREAS SECUNDARIAS/Pruebas Seguridad/6.1.7-Seleccionar Empresa/a_Actualizar' is clicked on

2022-04-11 12:35:57 - [MESSAGE][PASSED] - Object: 'Object Repository/2-OBJECTS TAREAS SECUNDARIAS/Pruebas Seguridad/6.1.7-Seleccionar Empresa/a_Actualizar' is clicked on

2022-04-11 12:35:57 - [TEST_STEP][PASSED] - Empresas(): null

2022-04-11 12:35:57 - [TEST_STEP][PASSED] - click(findTestObject("2-OBJECTS TAREAS SECUNDARIAS/Pruebas Seguridad/6.1.7-Seleccionar Empresa/a_Acceso Particular")): Object: 'Object Repository/2-OBJECTS TAREAS SECUNDARIAS/Pruebas Seguridad/6.1.7-Seleccionar Empresa/a_Acceso Particular' is clicked on

2022-04-11 12:35:57 - [MESSAGE][PASSED] - Object: 'Object Repository/2-OBJECTS TAREAS SECUNDARIAS/Pruebas Seguridad/6.1.7-Seleccionar Empresa/a_Acceso Particular' is clicked on

2022-04-11 12:35:57 - [TEST_STEP][PASSED] - selectOptionByIndex(findTestObject("2-OBJECTS TAREAS SECUNDARIAS/Pruebas Seguridad/6.1.7-Seleccionar Empresa/select_Seleccione1234234administradorAdministrador Calidad 3ADMONAspirantesAspirantesjjAuditoriaCAPACITACIONCOLABORADOR"), 3): All options with index in [3] are selected on object 'Object Repository/2-OBJECTS TAREAS SECUNDARIAS/Pruebas Seguridad/6.1.7-Seleccionar Empresa/select_Seleccione1234234administradorAdministrador Calidad 3ADMONAspirantesAspirantesjjAuditoriaCAPACITACIONCOLABORADOR'

2022-04-11 12:35:58 - [MESSAGE][PASSED] - All options with index in [3] are selected on object 'Object Repository/2-OBJECTS TAREAS SECUNDARIAS/Pruebas Seguridad/6.1.7-Seleccionar Empresa/select_Seleccione1234234administradorAdministrador Calidad 3ADMONAspirantesAspirantesjjAuditoriaCAPACITACIONCOLABORADOR'

2022-04-11 12:35:58 - [TEST_STEP][PASSED] - selectOptionByIndex(findTestObject("2-OBJECTS TAREAS SECUNDARIAS/Pruebas Seguridad/6.1.7-Seleccionar Empresa/select_SeleccioneCALIDADEmpresa 1Pruebas katalon"), 1): All options with index in [1] are selected on object 'Object Repository/2-OBJECTS TAREAS SECUNDARIAS/Pruebas Seguridad/6.1.7-Seleccionar Empresa/select_SeleccioneCALIDADEmpresa 1Pruebas katalon'

2022-04-11 12:36:00 - [MESSAGE][PASSED] - All options with index in [1] are selected on object 'Object Repository/2-OBJECTS TAREAS SECUNDARIAS/Pruebas Seguridad/6.1.7-Seleccionar Empresa/select_SeleccioneCALIDADEmpresa 1Pruebas katalon'

2022-04-11 12:36:00 - [TEST_STEP][PASSED] - selectOptionByIndex(findTestObject("2-OBJECTS TAREAS SECUNDARIAS/Pruebas Seguridad/6.1.7-Seleccionar Empresa/select_SeleccioneaspirantesempleadosDSflexoPruebasFlexoPruebasJboosInformixjavaSaraDS"), 10): All options with index in [10] are selected on object 'Object Repository/2-OBJECTS TAREAS SECUNDARIAS/Pruebas Seguridad/6.1.7-Seleccionar Empresa/select_SeleccioneaspirantesempleadosDSflexoPruebasFlexoPruebasJboosInformixjavaSaraDS'

2022-04-11 12:36:01 - [MESSAGE][PASSED] - All options with index in [10] are selected on object 'Object Repository/2-OBJECTS TAREAS SECUNDARIAS/Pruebas Seguridad/6.1.7-Seleccionar Empresa/select_SeleccioneaspirantesempleadosDSflexoPruebasFlexoPruebasJboosInformixjavaSaraDS'

2022-04-11 12:36:01 - [TEST_STEP][PASSED] - selectOptionByIndex(findTestObject("2-OBJECTS TAREAS SECUNDARIAS/Pruebas Seguridad/6.1.7-Seleccionar Empresa/select_--Seleccione--NUCLEO SISTEMASARAPORTAL SARASARA APPSARA APPSOFIASEGURIDADLMSSERVICIOSREGISTRO PERSONA"), 2): All options with index in [2] are selected on object 'Object Repository/2-OBJECTS TAREAS SECUNDARIAS/Pruebas Seguridad/6.1.7-Seleccionar Empresa/select_--Seleccione--NUCLEO SISTEMASARAPORTAL SARASARA APPSARA APPSOFIASEGURIDADLMSSERVICIOSREGISTRO PERSONA'

2022-04-11 12:36:02 - [MESSAGE][PASSED] - All options with index in [2] are selected on object 'Object Repository/2-OBJECTS TAREAS SECUNDARIAS/Pruebas Seguridad/6.1.7-Seleccionar Empresa/select_--Seleccione--NUCLEO SISTEMASARAPORTAL SARASARA APPSARA APPSOFIASEGURIDADLMSSERVICIOSREGISTRO PERSONA'

2022-04-11 12:36:02 - [TEST_STEP][PASSED] - click(findTestObject("2-OBJECTS TAREAS SECUNDARIAS/Pruebas Seguridad/6.1.7-Seleccionar Empresa/a_No se encontr registros_usuarioformatabtabla_rolesj_idt152")): Object: 'Object Repository/2-OBJECTS TAREAS SECUNDARIAS/Pruebas Seguridad/6.1.7-Seleccionar Empresa/a_No se encontr registros_usuarioformatabtabla_rolesj_idt152' is clicked on

2022-04-11 12:36:03 - [MESSAGE][PASSED] - Object: 'Object Repository/2-OBJECTS TAREAS SECUNDARIAS/Pruebas Seguridad/6.1.7-Seleccionar Empresa/a_No se encontr registros_usuarioformatabtabla_rolesj_idt152' is clicked on

2022-04-11 12:36:03 - [TEST_STEP][PASSED] - selectOptionByIndex(findTestObject("2-OBJECTS TAREAS SECUNDARIAS/Pruebas Seguridad/6.1.7-Seleccionar Empresa/select_Seleccione1234234administradorAdministrador Calidad 3ADMONAspirantesAspirantesjjAuditoriaCAPACITACIONCOLABORADOR"), 13): All options with index in [13] are selected on object 'Object Repository/2-OBJECTS TAREAS SECUNDARIAS/Pruebas Seguridad/6.1.7-Seleccionar Empresa/select_Seleccione1234234administradorAdministrador Calidad 3ADMONAspirantesAspirantesjjAuditoriaCAPACITACIONCOLABORADOR'

2022-04-11 12:36:04 - [MESSAGE][PASSED] - All options with index in [13] are selected on object 'Object Repository/2-OBJECTS TAREAS SECUNDARIAS/Pruebas Seguridad/6.1.7-Seleccionar Empresa/select_Seleccione1234234administradorAdministrador Calidad 3ADMONAspirantesAspirantesjjAuditoriaCAPACITACIONCOLABORADOR'

2022-04-11 12:36:04 - [TEST_STEP][PASSED] - selectOptionByIndex(findTestObject("2-OBJECTS TAREAS SECUNDARIAS/Pruebas Seguridad/6.1.7-Seleccionar Empresa/select_SeleccioneCALIDADEmpresa 1Pruebas katalon"), 2): All options with index in [2] are selected on object 'Object Repository/2-OBJECTS TAREAS SECUNDARIAS/Pruebas Seguridad/6.1.7-Seleccionar Empresa/select_SeleccioneCALIDADEmpresa 1Pruebas katalon'

2022-04-11 12:36:05 - [MESSAGE][PASSED] - All options with index in [2] are selected on object 'Object Repository/2-OBJECTS TAREAS SECUNDARIAS/Pruebas Seguridad/6.1.7-Seleccionar Empresa/select_SeleccioneCALIDADEmpresa 1Pruebas katalon'

2022-04-11 12:36:05 - [TEST_STEP][PASSED] - selectOptionByIndex(findTestObject("2-OBJECTS TAREAS SECUNDARIAS/Pruebas Seguridad/6.1.7-Seleccionar Empresa/select_SeleccioneaspirantesempleadosDSflexoPruebasFlexoPruebasJboosInformixjavaSaraDS"), 9): All options with index in [9] are selected on object 'Object Repository/2-OBJECTS TAREAS SECUNDARIAS/Pruebas Seguridad/6.1.7-Seleccionar Empresa/select_SeleccioneaspirantesempleadosDSflexoPruebasFlexoPruebasJboosInformixjavaSaraDS'

2022-04-11 12:36:07 - [MESSAGE][PASSED] - All options with index in [9] are selected on object 'Object Repository/2-OBJECTS TAREAS SECUNDARIAS/Pruebas Seguridad/6.1.7-Seleccionar Empresa/select_SeleccioneaspirantesempleadosDSflexoPruebasFlexoPruebasJboosInformixjavaSaraDS'

2022-04-11 12:36:07 - [TEST_STEP][PASSED] - selectOptionByIndex(findTestObject("2-OBJECTS TAREAS SECUNDARIAS/Pruebas Seguridad/6.1.7-Seleccionar Empresa/select_--Seleccione--NUCLEO SISTEMASARAPORTAL SARASARA APPSARA APPSOFIASEGURIDADLMSSERVICIOSREGISTRO PERSONA"), 2): All options with index in [2] are selected on object 'Object Repository/2-OBJECTS TAREAS SECUNDARIAS/Pruebas Seguridad/6.1.7-Seleccionar Empresa/select_--Seleccione--NUCLEO SISTEMASARAPORTAL SARASARA APPSARA APPSOFIASEGURIDADLMSSERVICIOSREGISTRO PERSONA'

2022-04-11 12:36:08 - [MESSAGE][PASSED] - All options with index in [2] are selected on object 'Object Repository/2-OBJECTS TAREAS SECUNDARIAS/Pruebas Seguridad/6.1.7-Seleccionar Empresa/select_--Seleccione--NUCLEO SISTEMASARAPORTAL SARASARA APPSARA APPSOFIASEGURIDADLMSSERVICIOSREGISTRO PERSONA'

2022-04-11 12:36:08 - [TEST_STEP][PASSED] - click(findTestObject("2-OBJECTS TAREAS SECUNDARIAS/Pruebas Seguridad/6.1.7-Seleccionar Empresa/a_No se encontr registros_usuarioformatabtabla_rolesj_idt152 - Copy")): Object: 'Object Repository/2-OBJECTS TAREAS SECUNDARIAS/Pruebas Seguridad/6.1.7-Seleccionar Empresa/a_No se encontr registros_usuarioformatabtabla_rolesj_idt152 - Copy' is clicked on

2022-04-11 12:36:08 - [MESSAGE][PASSED] - Object: 'Object Repository/2-OBJECTS TAREAS SECUNDARIAS/Pruebas Seguridad/6.1.7-Seleccionar Empresa/a_No se encontr registros_usuarioformatabtabla_rolesj_idt152 - Copy' is clicked on

2022-04-11 12:36:08 - [TEST_STEP][PASSED] - selectOptionByIndex(findTestObject("2-OBJECTS TAREAS SECUNDARIAS/Pruebas Seguridad/6.1.7-Seleccionar Empresa/select_Seleccione1234234administradorAdministrador Calidad 3ADMONAspirantesAspirantesjjAuditoriaCAPACITACIONCOLABORADOR"), 14): All options with index in [14] are selected on object 'Object Repository/2-OBJECTS TAREAS SECUNDARIAS/Pruebas Seguridad/6.1.7-Seleccionar Empresa/select_Seleccione1234234administradorAdministrador Calidad 3ADMONAspirantesAspirantesjjAuditoriaCAPACITACIONCOLABORADOR'

2022-04-11 12:36:10 - [MESSAGE][PASSED] - All options with index in [14] are selected on object 'Object Repository/2-OBJECTS TAREAS SECUNDARIAS/Pruebas Seguridad/6.1.7-Seleccionar Empresa/select_Seleccione1234234administradorAdministrador Calidad 3ADMONAspirantesAspirantesjjAuditoriaCAPACITACIONCOLABORADOR'

2022-04-11 12:36:10 - [TEST_STEP][PASSED] - selectOptionByIndex(findTestObject("2-OBJECTS TAREAS SECUNDARIAS/Pruebas Seguridad/6.1.7-Seleccionar Empresa/select_SeleccioneCALIDADEmpresa 1Pruebas katalon"), 3): All options with index in [3] are selected on object 'Object Repository/2-OBJECTS TAREAS SECUNDARIAS/Pruebas Seguridad/6.1.7-Seleccionar Empresa/select_SeleccioneCALIDADEmpresa 1Pruebas katalon'

2022-04-11 12:36:11 - [MESSAGE][PASSED] - All options with index in [3] are selected on object 'Object Repository/2-OBJECTS TAREAS SECUNDARIAS/Pruebas Seguridad/6.1.7-Seleccionar Empresa/select_SeleccioneCALIDADEmpresa 1Pruebas katalon'

2022-04-11 12:36:11 - [TEST_STEP][PASSED] - selectOptionByIndex(findTestObject("2-OBJECTS TAREAS SECUNDARIAS/Pruebas Seguridad/6.1.7-Seleccionar Empresa/select_SeleccioneaspirantesempleadosDSflexoPruebasFlexoPruebasJboosInformixjavaSaraDS"), 8): All options with index in [8] are selected on object 'Object Repository/2-OBJECTS TAREAS SECUNDARIAS/Pruebas Seguridad/6.1.7-Seleccionar Empresa/select_SeleccioneaspirantesempleadosDSflexoPruebasFlexoPruebasJboosInformixjavaSaraDS'

2022-04-11 12:36:13 - [MESSAGE][PASSED] - All options with index in [8] are selected on object 'Object Repository/2-OBJECTS TAREAS SECUNDARIAS/Pruebas Seguridad/6.1.7-Seleccionar Empresa/select_SeleccioneaspirantesempleadosDSflexoPruebasFlexoPruebasJboosInformixjavaSaraDS'

2022-04-11 12:36:13 - [TEST_STEP][PASSED] - selectOptionByIndex(findTestObject("2-OBJECTS TAREAS SECUNDARIAS/Pruebas Seguridad/6.1.7-Seleccionar Empresa/select_--Seleccione--NUCLEO SISTEMASARAPORTAL SARASARA APPSARA APPSOFIASEGURIDADLMSSERVICIOSREGISTRO PERSONA"), 2): All options with index in [2] are selected on object 'Object Repository/2-OBJECTS TAREAS SECUNDARIAS/Pruebas Seguridad/6.1.7-Seleccionar Empresa/select_--Seleccione--NUCLEO SISTEMASARAPORTAL SARASARA APPSARA APPSOFIASEGURIDADLMSSERVICIOSREGISTRO PERSONA'

2022-04-11 12:36:14 - [MESSAGE][PASSED] - All options with index in [2] are selected on object 'Object Repository/2-OBJECTS TAREAS SECUNDARIAS/Pruebas Seguridad/6.1.7-Seleccionar Empresa/select_--Seleccione--NUCLEO SISTEMASARAPORTAL SARASARA APPSARA APPSOFIASEGURIDADLMSSERVICIOSREGISTRO PERSONA'

2022-04-11 12:36:14 - [TEST_STEP][PASSED] - click(findTestObject("2-OBJECTS TAREAS SECUNDARIAS/Pruebas Seguridad/6.1.7-Seleccionar Empresa/a_No se encontr registros_usuarioformatabtabla_rolesj_idt152 - Copy (1)")): Object: 'Object Repository/2-OBJECTS TAREAS SECUNDARIAS/Pruebas Seguridad/6.1.7-Seleccionar Empresa/a_No se encontr registros_usuarioformatabtabla_rolesj_idt152 - Copy (1)' is clicked on

2022-04-11 12:36:14 - [MESSAGE][PASSED] - Object: 'Object Repository/2-OBJECTS TAREAS SECUNDARIAS/Pruebas Seguridad/6.1.7-Seleccionar Empresa/a_No se encontr registros_usuarioformatabtabla_rolesj_idt152 - Copy (1)' is clicked on

2022-04-11 12:36:14 - [TEST_STEP][PASSED] - selectOptionByIndex(findTestObject("2-OBJECTS TAREAS SECUNDARIAS/Pruebas Seguridad/6.1.7-Seleccionar Empresa/select_Seleccione1234234administradorAdministrador Calidad 3ADMONAspirantesAspirantesjjAuditoriaCAPACITACIONCOLABORADOR"), 9): All options with index in [9] are selected on object 'Object Repository/2-OBJECTS TAREAS SECUNDARIAS/Pruebas Seguridad/6.1.7-Seleccionar Empresa/select_Seleccione1234234administradorAdministrador Calidad 3ADMONAspirantesAspirantesjjAuditoriaCAPACITACIONCOLABORADOR'

2022-04-11 12:36:16 - [MESSAGE][PASSED] - All options with index in [9] are selected on object 'Object Repository/2-OBJECTS TAREAS SECUNDARIAS/Pruebas Seguridad/6.1.7-Seleccionar Empresa/select_Seleccione1234234administradorAdministrador Calidad 3ADMONAspirantesAspirantesjjAuditoriaCAPACITACIONCOLABORADOR'

2022-04-11 12:36:16 - [TEST_STEP][PASSED] - selectOptionByIndex(findTestObject("2-OBJECTS TAREAS SECUNDARIAS/Pruebas Seguridad/6.1.7-Seleccionar Empresa/select_SeleccioneCALIDADEmpresa 1Pruebas katalon"), 1): All options with index in [1] are selected on object 'Object Repository/2-OBJECTS TAREAS SECUNDARIAS/Pruebas Seguridad/6.1.7-Seleccionar Empresa/select_SeleccioneCALIDADEmpresa 1Pruebas katalon'

2022-04-11 12:36:17 - [MESSAGE][PASSED] - All options with index in [1] are selected on object 'Object Repository/2-OBJECTS TAREAS SECUNDARIAS/Pruebas Seguridad/6.1.7-Seleccionar Empresa/select_SeleccioneCALIDADEmpresa 1Pruebas katalon'

2022-04-11 12:36:17 - [TEST_STEP][PASSED] - selectOptionByIndex(findTestObject("2-OBJECTS TAREAS SECUNDARIAS/Pruebas Seguridad/6.1.7-Seleccionar Empresa/select_SeleccioneaspirantesempleadosDSflexoPruebasFlexoPruebasJboosInformixjavaSaraDS"), 7): All options with index in [7] are selected on object 'Object Repository/2-OBJECTS TAREAS SECUNDARIAS/Pruebas Seguridad/6.1.7-Seleccionar Empresa/select_SeleccioneaspirantesempleadosDSflexoPruebasFlexoPruebasJboosInformixjavaSaraDS'

2022-04-11 12:36:18 - [MESSAGE][PASSED] - All options with index in [7] are selected on object 'Object Repository/2-OBJECTS TAREAS SECUNDARIAS/Pruebas Seguridad/6.1.7-Seleccionar Empresa/select_SeleccioneaspirantesempleadosDSflexoPruebasFlexoPruebasJboosInformixjavaSaraDS'

2022-04-11 12:36:18 - [TEST_STEP][PASSED] - selectOptionByIndex(findTestObject("2-OBJECTS TAREAS SECUNDARIAS/Pruebas Seguridad/6.1.7-Seleccionar Empresa/select_--Seleccione--NUCLEO SISTEMASARAPORTAL SARASARA APPSARA APPSOFIASEGURIDADLMSSERVICIOSREGISTRO PERSONA"), 2): All options with index in [2] are selected on object 'Object Repository/2-OBJECTS TAREAS SECUNDARIAS/Pruebas Seguridad/6.1.7-Seleccionar Empresa/select_--Seleccione--NUCLEO SISTEMASARAPORTAL SARASARA APPSARA APPSOFIASEGURIDADLMSSERVICIOSREGISTRO PERSONA'

2022-04-11 12:36:20 - [MESSAGE][PASSED] - All options with index in [2] are selected on object 'Object Repository/2-OBJECTS TAREAS SECUNDARIAS/Pruebas Seguridad/6.1.7-Seleccionar Empresa/select_--Seleccione--NUCLEO SISTEMASARAPORTAL SARASARA APPSARA APPSOFIASEGURIDADLMSSERVICIOSREGISTRO PERSONA'

2022-04-11 12:36:20 - [TEST_STEP][PASSED] - click(findTestObject("2-OBJECTS TAREAS SECUNDARIAS/Pruebas Seguridad/6.1.7-Seleccionar Empresa/a_SARA_usuarioformatabtabla_rolesj_idt1523")): Object: 'Object Repository/2-OBJECTS TAREAS SECUNDARIAS/Pruebas Seguridad/6.1.7-Seleccionar Empresa/a_SARA_usuarioformatabtabla_rolesj_idt1523' is clicked on

2022-04-11 12:36:20 - [MESSAGE][PASSED] - Object: 'Object Repository/2-OBJECTS TAREAS SECUNDARIAS/Pruebas Seguridad/6.1.7-Seleccionar Empresa/a_SARA_usuarioformatabtabla_rolesj_idt1523' is clicked on

2022-04-11 12:36:20 - [TEST_STEP][PASSED] - selectOptionByIndex(findTestObject("2-OBJECTS TAREAS SECUNDARIAS/Pruebas Seguridad/6.1.7-Seleccionar Empresa/select_Seleccione1234234administradorAdministrador Calidad 3ADMONAspirantesAspirantesjjAuditoriaCAPACITACIONCOLABORADOR"), 8): All options with index in [8] are selected on object 'Object Repository/2-OBJECTS TAREAS SECUNDARIAS/Pruebas Seguridad/6.1.7-Seleccionar Empresa/select_Seleccione1234234administradorAdministrador Calidad 3ADMONAspirantesAspirantesjjAuditoriaCAPACITACIONCOLABORADOR'

2022-04-11 12:36:22 - [MESSAGE][PASSED] - All options with index in [8] are selected on object 'Object Repository/2-OBJECTS TAREAS SECUNDARIAS/Pruebas Seguridad/6.1.7-Seleccionar Empresa/select_Seleccione1234234administradorAdministrador Calidad 3ADMONAspirantesAspirantesjjAuditoriaCAPACITACIONCOLABORADOR'

2022-04-11 12:36:22 - [TEST_STEP][PASSED] - selectOptionByIndex(findTestObject("2-OBJECTS TAREAS SECUNDARIAS/Pruebas Seguridad/6.1.7-Seleccionar Empresa/select_SeleccioneCALIDADEmpresa 1Pruebas katalon"), 2): All options with index in [2] are selected on object 'Object Repository/2-OBJECTS TAREAS SECUNDARIAS/Pruebas Seguridad/6.1.7-Seleccionar Empresa/select_SeleccioneCALIDADEmpresa 1Pruebas katalon'

2022-04-11 12:36:23 - [MESSAGE][PASSED] - All options with index in [2] are selected on object 'Object Repository/2-OBJECTS TAREAS SECUNDARIAS/Pruebas Seguridad/6.1.7-Seleccionar Empresa/select_SeleccioneCALIDADEmpresa 1Pruebas katalon'

2022-04-11 12:36:23 - [TEST_STEP][PASSED] - selectOptionByIndex(findTestObject("2-OBJECTS TAREAS SECUNDARIAS/Pruebas Seguridad/6.1.7-Seleccionar Empresa/select_SeleccioneaspirantesempleadosDSflexoPruebasFlexoPruebasJboosInformixjavaSaraDS"), 8): All options with index in [8] are selected on object 'Object Repository/2-OBJECTS TAREAS SECUNDARIAS/Pruebas Seguridad/6.1.7-Seleccionar Empresa/select_SeleccioneaspirantesempleadosDSflexoPruebasFlexoPruebasJboosInformixjavaSaraDS'

2022-04-11 12:36:24 - [MESSAGE][PASSED] - All options with index in [8] are selected on object 'Object Repository/2-OBJECTS TAREAS SECUNDARIAS/Pruebas Seguridad/6.1.7-Seleccionar Empresa/select_SeleccioneaspirantesempleadosDSflexoPruebasFlexoPruebasJboosInformixjavaSaraDS'

2022-04-11 12:36:24 - [TEST_STEP][PASSED] - selectOptionByIndex(findTestObject("2-OBJECTS TAREAS SECUNDARIAS/Pruebas Seguridad/6.1.7-Seleccionar Empresa/select_--Seleccione--NUCLEO SISTEMASARAPORTAL SARASARA APPSARA APPSOFIASEGURIDADLMSSERVICIOSREGISTRO PERSONA"), 2): All options with index in [2] are selected on object 'Object Repository/2-OBJECTS TAREAS SECUNDARIAS/Pruebas Seguridad/6.1.7-Seleccionar Empresa/select_--Seleccione--NUCLEO SISTEMASARAPORTAL SARASARA APPSARA APPSOFIASEGURIDADLMSSERVICIOSREGISTRO PERSONA'

2022-04-11 12:36:25 - [MESSAGE][PASSED] - All options with index in [2] are selected on object 'Object Repository/2-OBJECTS TAREAS SECUNDARIAS/Pruebas Seguridad/6.1.7-Seleccionar Empresa/select_--Seleccione--NUCLEO SISTEMASARAPORTAL SARASARA APPSARA APPSOFIASEGURIDADLMSSERVICIOSREGISTRO PERSONA'

2022-04-11 12:36:25 - [TEST_STEP][PASSED] - click(findTestObject("2-OBJECTS TAREAS SECUNDARIAS/Pruebas Seguridad/6.1.7-Seleccionar Empresa/a_SARA_usuarioformatabtabla_rolesj_idt1524")): Object: 'Object Repository/2-OBJECTS TAREAS SECUNDARIAS/Pruebas Seguridad/6.1.7-Seleccionar Empresa/a_SARA_usuarioformatabtabla_rolesj_idt1524' is clicked on

2022-04-11 12:36:26 - [MESSAGE][PASSED] - Object: 'Object Repository/2-OBJECTS TAREAS SECUNDARIAS/Pruebas Seguridad/6.1.7-Seleccionar Empresa/a_SARA_usuarioformatabtabla_rolesj_idt1524' is clicked on

2022-04-11 12:36:26 - [TEST_STEP][PASSED] - selectOptionByIndex(findTestObject("2-OBJECTS TAREAS SECUNDARIAS/Pruebas Seguridad/6.1.7-Seleccionar Empresa/select_Seleccione1234234administradorAdministrador Calidad 3ADMONAspirantesAspirantesjjAuditoriaCAPACITACIONCOLABORADOR"), 7): All options with index in [7] are selected on object 'Object Repository/2-OBJECTS TAREAS SECUNDARIAS/Pruebas Seguridad/6.1.7-Seleccionar Empresa/select_Seleccione1234234administradorAdministrador Calidad 3ADMONAspirantesAspirantesjjAuditoriaCAPACITACIONCOLABORADOR'

2022-04-11 12:36:28 - [MESSAGE][PASSED] - All options with index in [7] are selected on object 'Object Repository/2-OBJECTS TAREAS SECUNDARIAS/Pruebas Seguridad/6.1.7-Seleccionar Empresa/select_Seleccione1234234administradorAdministrador Calidad 3ADMONAspirantesAspirantesjjAuditoriaCAPACITACIONCOLABORADOR'

2022-04-11 12:36:28 - [TEST_STEP][PASSED] - selectOptionByIndex(findTestObject("2-OBJECTS TAREAS SECUNDARIAS/Pruebas Seguridad/6.1.7-Seleccionar Empresa/select_SeleccioneCALIDADEmpresa 1Pruebas katalon"), 3): All options with index in [3] are selected on object 'Object Repository/2-OBJECTS TAREAS SECUNDARIAS/Pruebas Seguridad/6.1.7-Seleccionar Empresa/select_SeleccioneCALIDADEmpresa 1Pruebas katalon'

2022-04-11 12:36:29 - [MESSAGE][PASSED] - All options with index in [3] are selected on object 'Object Repository/2-OBJECTS TAREAS SECUNDARIAS/Pruebas Seguridad/6.1.7-Seleccionar Empresa/select_SeleccioneCALIDADEmpresa 1Pruebas katalon'

2022-04-11 12:36:29 - [TEST_STEP][PASSED] - selectOptionByIndex(findTestObject("2-OBJECTS TAREAS SECUNDARIAS/Pruebas Seguridad/6.1.7-Seleccionar Empresa/select_SeleccioneaspirantesempleadosDSflexoPruebasFlexoPruebasJboosInformixjavaSaraDS"), 9): All options with index in [9] are selected on object 'Object Repository/2-OBJECTS TAREAS SECUNDARIAS/Pruebas Seguridad/6.1.7-Seleccionar Empresa/select_SeleccioneaspirantesempleadosDSflexoPruebasFlexoPruebasJboosInformixjavaSaraDS'

2022-04-11 12:36:30 - [MESSAGE][PASSED] - All options with index in [9] are selected on object 'Object Repository/2-OBJECTS TAREAS SECUNDARIAS/Pruebas Seguridad/6.1.7-Seleccionar Empresa/select_SeleccioneaspirantesempleadosDSflexoPruebasFlexoPruebasJboosInformixjavaSaraDS'

2022-04-11 12:36:30 - [TEST_STEP][PASSED] - selectOptionByIndex(findTestObject("2-OBJECTS TAREAS SECUNDARIAS/Pruebas Seguridad/6.1.7-Seleccionar Empresa/select_--Seleccione--NUCLEO SISTEMASARAPORTAL SARASARA APPSARA APPSOFIASEGURIDADLMSSERVICIOSREGISTRO PERSONA"), 2): All options with index in [2] are selected on object 'Object Repository/2-OBJECTS TAREAS SECUNDARIAS/Pruebas Seguridad/6.1.7-Seleccionar Empresa/select_--Seleccione--NUCLEO SISTEMASARAPORTAL SARASARA APPSARA APPSOFIASEGURIDADLMSSERVICIOSREGISTRO PERSONA'

2022-04-11 12:36:32 - [MESSAGE][PASSED] - All options with index in [2] are selected on object 'Object Repository/2-OBJECTS TAREAS SECUNDARIAS/Pruebas Seguridad/6.1.7-Seleccionar Empresa/select_--Seleccione--NUCLEO SISTEMASARAPORTAL SARASARA APPSARA APPSOFIASEGURIDADLMSSERVICIOSREGISTRO PERSONA'

2022-04-11 12:36:32 - [TEST_STEP][PASSED] - click(findTestObject("2-OBJECTS TAREAS SECUNDARIAS/Pruebas Seguridad/6.1.7-Seleccionar Empresa/a_SARA_usuarioformatabtabla_rolesj_idt1525")): Object: 'Object Repository/2-OBJECTS TAREAS SECUNDARIAS/Pruebas Seguridad/6.1.7-Seleccionar Empresa/a_SARA_usuarioformatabtabla_rolesj_idt1525' is clicked on

2022-04-11 12:36:32 - [MESSAGE][PASSED] - Object: 'Object Repository/2-OBJECTS TAREAS SECUNDARIAS/Pruebas Seguridad/6.1.7-Seleccionar Empresa/a_SARA_usuarioformatabtabla_rolesj_idt1525' is clicked on

2022-04-11 12:36:32 - [TEST_STEP][PASSED] - selectOptionByIndex(findTestObject("2-OBJECTS TAREAS SECUNDARIAS/Pruebas Seguridad/6.1.7-Seleccionar Empresa/select_Seleccione1234234administradorAdministrador Calidad 3ADMONAspirantesAspirantesjjAuditoriaCAPACITACIONCOLABORADOR"), 6): All options with index in [6] are selected on object 'Object Repository/2-OBJECTS TAREAS SECUNDARIAS/Pruebas Seguridad/6.1.7-Seleccionar Empresa/select_Seleccione1234234administradorAdministrador Calidad 3ADMONAspirantesAspirantesjjAuditoriaCAPACITACIONCOLABORADOR'

2022-04-11 12:36:33 - [MESSAGE][PASSED] - All options with index in [6] are selected on object 'Object Repository/2-OBJECTS TAREAS SECUNDARIAS/Pruebas Seguridad/6.1.7-Seleccionar Empresa/select_Seleccione1234234administradorAdministrador Calidad 3ADMONAspirantesAspirantesjjAuditoriaCAPACITACIONCOLABORADOR'

2022-04-11 12:36:33 - [TEST_STEP][PASSED] - selectOptionByIndex(findTestObject("2-OBJECTS TAREAS SECUNDARIAS/Pruebas Seguridad/6.1.7-Seleccionar Empresa/select_SeleccioneCALIDADEmpresa 1Pruebas katalon"), 1): All options with index in [1] are selected on object 'Object Repository/2-OBJECTS TAREAS SECUNDARIAS/Pruebas Seguridad/6.1.7-Seleccionar Empresa/select_SeleccioneCALIDADEmpresa 1Pruebas katalon'

2022-04-11 12:36:34 - [MESSAGE][PASSED] - All options with index in [1] are selected on object 'Object Repository/2-OBJECTS TAREAS SECUNDARIAS/Pruebas Seguridad/6.1.7-Seleccionar Empresa/select_SeleccioneCALIDADEmpresa 1Pruebas katalon'

2022-04-11 12:36:34 - [TEST_STEP][PASSED] - selectOptionByIndex(findTestObject("2-OBJECTS TAREAS SECUNDARIAS/Pruebas Seguridad/6.1.7-Seleccionar Empresa/select_SeleccioneaspirantesempleadosDSflexoPruebasFlexoPruebasJboosInformixjavaSaraDS"), 10): All options with index in [10] are selected on object 'Object Repository/2-OBJECTS TAREAS SECUNDARIAS/Pruebas Seguridad/6.1.7-Seleccionar Empresa/select_SeleccioneaspirantesempleadosDSflexoPruebasFlexoPruebasJboosInformixjavaSaraDS'

2022-04-11 12:36:36 - [MESSAGE][PASSED] - All options with index in [10] are selected on object 'Object Repository/2-OBJECTS TAREAS SECUNDARIAS/Pruebas Seguridad/6.1.7-Seleccionar Empresa/select_SeleccioneaspirantesempleadosDSflexoPruebasFlexoPruebasJboosInformixjavaSaraDS'

2022-04-11 12:36:36 - [TEST_STEP][PASSED] - selectOptionByIndex(findTestObject("2-OBJECTS TAREAS SECUNDARIAS/Pruebas Seguridad/6.1.7-Seleccionar Empresa/select_--Seleccione--NUCLEO SISTEMASARAPORTAL SARASARA APPSARA APPSOFIASEGURIDADLMSSERVICIOSREGISTRO PERSONA"), 2): All options with index in [2] are selected on object 'Object Repository/2-OBJECTS TAREAS SECUNDARIAS/Pruebas Seguridad/6.1.7-Seleccionar Empresa/select_--Seleccione--NUCLEO SISTEMASARAPORTAL SARASARA APPSARA APPSOFIASEGURIDADLMSSERVICIOSREGISTRO PERSONA'

2022-04-11 12:36:37 - [MESSAGE][PASSED] - All options with index in [2] are selected on object 'Object Repository/2-OBJECTS TAREAS SECUNDARIAS/Pruebas Seguridad/6.1.7-Seleccionar Empresa/select_--Seleccione--NUCLEO SISTEMASARAPORTAL SARASARA APPSARA APPSOFIASEGURIDADLMSSERVICIOSREGISTRO PERSONA'

2022-04-11 12:36:37 - [TEST_STEP][PASSED] - click(findTestObject("2-OBJECTS TAREAS SECUNDARIAS/Pruebas Seguridad/6.1.7-Seleccionar Empresa/a_SARA_usuarioformatabtabla_rolesj_idt1526")): Object: 'Object Repository/2-OBJECTS TAREAS SECUNDARIAS/Pruebas Seguridad/6.1.7-Seleccionar Empresa/a_SARA_usuarioformatabtabla_rolesj_idt1526' is clicked on

2022-04-11 12:36:37 - [MESSAGE][PASSED] - Object: 'Object Repository/2-OBJECTS TAREAS SECUNDARIAS/Pruebas Seguridad/6.1.7-Seleccionar Empresa/a_SARA_usuarioformatabtabla_rolesj_idt1526' is clicked on

2022-04-11 12:36:37 - [TEST_STEP][PASSED] - selectOptionByIndex(findTestObject("2-OBJECTS TAREAS SECUNDARIAS/Pruebas Seguridad/6.1.7-Seleccionar Empresa/select_Seleccione1234234administradorAdministrador Calidad 3ADMONAspirantesAspirantesjjAuditoriaCAPACITACIONCOLABORADOR"), 5): All options with index in [5] are selected on object 'Object Repository/2-OBJECTS TAREAS SECUNDARIAS/Pruebas Seguridad/6.1.7-Seleccionar Empresa/select_Seleccione1234234administradorAdministrador Calidad 3ADMONAspirantesAspirantesjjAuditoriaCAPACITACIONCOLABORADOR'

2022-04-11 12:36:39 - [MESSAGE][PASSED] - All options with index in [5] are selected on object 'Object Repository/2-OBJECTS TAREAS SECUNDARIAS/Pruebas Seguridad/6.1.7-Seleccionar Empresa/select_Seleccione1234234administradorAdministrador Calidad 3ADMONAspirantesAspirantesjjAuditoriaCAPACITACIONCOLABORADOR'

2022-04-11 12:36:39 - [TEST_STEP][PASSED] - selectOptionByIndex(findTestObject("2-OBJECTS TAREAS SECUNDARIAS/Pruebas Seguridad/6.1.7-Seleccionar Empresa/select_SeleccioneCALIDADEmpresa 1Pruebas katalon"), 2): All options with index in [2] are selected on object 'Object Repository/2-OBJECTS TAREAS SECUNDARIAS/Pruebas Seguridad/6.1.7-Seleccionar Empresa/select_SeleccioneCALIDADEmpresa 1Pruebas katalon'

2022-04-11 12:36:40 - [MESSAGE][PASSED] - All options with index in [2] are selected on object 'Object Repository/2-OBJECTS TAREAS SECUNDARIAS/Pruebas Seguridad/6.1.7-Seleccionar Empresa/select_SeleccioneCALIDADEmpresa 1Pruebas katalon'

2022-04-11 12:36:40 - [TEST_STEP][PASSED] - selectOptionByIndex(findTestObject("2-OBJECTS TAREAS SECUNDARIAS/Pruebas Seguridad/6.1.7-Seleccionar Empresa/select_SeleccioneaspirantesempleadosDSflexoPruebasFlexoPruebasJboosInformixjavaSaraDS"), 11): All options with index in [11] are selected on object 'Object Repository/2-OBJECTS TAREAS SECUNDARIAS/Pruebas Seguridad/6.1.7-Seleccionar Empresa/select_SeleccioneaspirantesempleadosDSflexoPruebasFlexoPruebasJboosInformixjavaSaraDS'

2022-04-11 12:36:41 - [MESSAGE][PASSED] - All options with index in [11] are selected on object 'Object Repository/2-OBJECTS TAREAS SECUNDARIAS/Pruebas Seguridad/6.1.7-Seleccionar Empresa/select_SeleccioneaspirantesempleadosDSflexoPruebasFlexoPruebasJboosInformixjavaSaraDS'

2022-04-11 12:36:41 - [TEST_STEP][PASSED] - selectOptionByIndex(findTestObject("2-OBJECTS TAREAS SECUNDARIAS/Pruebas Seguridad/6.1.7-Seleccionar Empresa/select_--Seleccione--NUCLEO SISTEMASARAPORTAL SARASARA APPSARA APPSOFIASEGURIDADLMSSERVICIOSREGISTRO PERSONA"), 2): All options with index in [2] are selected on object 'Object Repository/2-OBJECTS TAREAS SECUNDARIAS/Pruebas Seguridad/6.1.7-Seleccionar Empresa/select_--Seleccione--NUCLEO SISTEMASARAPORTAL SARASARA APPSARA APPSOFIASEGURIDADLMSSERVICIOSREGISTRO PERSONA'

2022-04-11 12:36:42 - [MESSAGE][PASSED] - All options with index in [2] are selected on object 'Object Repository/2-OBJECTS TAREAS SECUNDARIAS/Pruebas Seguridad/6.1.7-Seleccionar Empresa/select_--Seleccione--NUCLEO SISTEMASARAPORTAL SARASARA APPSARA APPSOFIASEGURIDADLMSSERVICIOSREGISTRO PERSONA'

2022-04-11 12:36:42 - [TEST_STEP][PASSED] - click(findTestObject("2-OBJECTS TAREAS SECUNDARIAS/Pruebas Seguridad/6.1.7-Seleccionar Empresa/a_SARA_usuarioformatabtabla_rolesj_idt1527")): Object: 'Object Repository/2-OBJECTS TAREAS SECUNDARIAS/Pruebas Seguridad/6.1.7-Seleccionar Empresa/a_SARA_usuarioformatabtabla_rolesj_idt1527' is clicked on

2022-04-11 12:36:43 - [MESSAGE][PASSED] - Object: 'Object Repository/2-OBJECTS TAREAS SECUNDARIAS/Pruebas Seguridad/6.1.7-Seleccionar Empresa/a_SARA_usuarioformatabtabla_rolesj_idt1527' is clicked on

2022-04-11 12:36:43 - [TEST_STEP][PASSED] - selectOptionByIndex(findTestObject("2-OBJECTS TAREAS SECUNDARIAS/Pruebas Seguridad/6.1.7-Seleccionar Empresa/select_Seleccione1234234administradorAdministrador Calidad 3ADMONAspirantesAspirantesjjAuditoriaCAPACITACIONCOLABORADOR"), 4): All options with index in [4] are selected on object 'Object Repository/2-OBJECTS TAREAS SECUNDARIAS/Pruebas Seguridad/6.1.7-Seleccionar Empresa/select_Seleccione1234234administradorAdministrador Calidad 3ADMONAspirantesAspirantesjjAuditoriaCAPACITACIONCOLABORADOR'

2022-04-11 12:36:44 - [MESSAGE][PASSED] - All options with index in [4] are selected on object 'Object Repository/2-OBJECTS TAREAS SECUNDARIAS/Pruebas Seguridad/6.1.7-Seleccionar Empresa/select_Seleccione1234234administradorAdministrador Calidad 3ADMONAspirantesAspirantesjjAuditoriaCAPACITACIONCOLABORADOR'

2022-04-11 12:36:44 - [TEST_STEP][PASSED] - selectOptionByIndex(findTestObject("2-OBJECTS TAREAS SECUNDARIAS/Pruebas Seguridad/6.1.7-Seleccionar Empresa/select_SeleccioneCALIDADEmpresa 1Pruebas katalon"), 3): All options with index in [3] are selected on object 'Object Repository/2-OBJECTS TAREAS SECUNDARIAS/Pruebas Seguridad/6.1.7-Seleccionar Empresa/select_SeleccioneCALIDADEmpresa 1Pruebas katalon'

2022-04-11 12:36:45 - [MESSAGE][PASSED] - All options with index in [3] are selected on object 'Object Repository/2-OBJECTS TAREAS SECUNDARIAS/Pruebas Seguridad/6.1.7-Seleccionar Empresa/select_SeleccioneCALIDADEmpresa 1Pruebas katalon'

2022-04-11 12:36:45 - [TEST_STEP][PASSED] - selectOptionByIndex(findTestObject("2-OBJECTS TAREAS SECUNDARIAS/Pruebas Seguridad/6.1.7-Seleccionar Empresa/select_SeleccioneaspirantesempleadosDSflexoPruebasFlexoPruebasJboosInformixjavaSaraDS"), 12): All options with index in [12] are selected on object 'Object Repository/2-OBJECTS TAREAS SECUNDARIAS/Pruebas Seguridad/6.1.7-Seleccionar Empresa/select_SeleccioneaspirantesempleadosDSflexoPruebasFlexoPruebasJboosInformixjavaSaraDS'

2022-04-11 12:36:46 - [MESSAGE][PASSED] - All options with index in [12] are selected on object 'Object Repository/2-OBJECTS TAREAS SECUNDARIAS/Pruebas Seguridad/6.1.7-Seleccionar Empresa/select_SeleccioneaspirantesempleadosDSflexoPruebasFlexoPruebasJboosInformixjavaSaraDS'

2022-04-11 12:36:46 - [TEST_STEP][PASSED] - selectOptionByIndex(findTestObject("2-OBJECTS TAREAS SECUNDARIAS/Pruebas Seguridad/6.1.7-Seleccionar Empresa/select_--Seleccione--NUCLEO SISTEMASARAPORTAL SARASARA APPSARA APPSOFIASEGURIDADLMSSERVICIOSREGISTRO PERSONA"), 2): All options with index in [2] are selected on object 'Object Repository/2-OBJECTS TAREAS SECUNDARIAS/Pruebas Seguridad/6.1.7-Seleccionar Empresa/select_--Seleccione--NUCLEO SISTEMASARAPORTAL SARASARA APPSARA APPSOFIASEGURIDADLMSSERVICIOSREGISTRO PERSONA'

2022-04-11 12:36:47 - [MESSAGE][PASSED] - All options with index in [2] are selected on object 'Object Repository/2-OBJECTS TAREAS SECUNDARIAS/Pruebas Seguridad/6.1.7-Seleccionar Empresa/select_--Seleccione--NUCLEO SISTEMASARAPORTAL SARASARA APPSARA APPSOFIASEGURIDADLMSSERVICIOSREGISTRO PERSONA'

2022-04-11 12:36:47 - [TEST_STEP][PASSED] - click(findTestObject("2-OBJECTS TAREAS SECUNDARIAS/Pruebas Seguridad/6.1.7-Seleccionar Empresa/a_SARA_usuarioformatabtabla_rolesj_idt1528")): Object: 'Object Repository/2-OBJECTS TAREAS SECUNDARIAS/Pruebas Seguridad/6.1.7-Seleccionar Empresa/a_SARA_usuarioformatabtabla_rolesj_idt1528' is clicked on

2022-04-11 12:36:48 - [MESSAGE][PASSED] - Object: 'Object Repository/2-OBJECTS TAREAS SECUNDARIAS/Pruebas Seguridad/6.1.7-Seleccionar Empresa/a_SARA_usuarioformatabtabla_rolesj_idt1528' is clicked on

2022-04-11 12:36:48 - [TEST_STEP][PASSED] - selectOptionByIndex(findTestObject("2-OBJECTS TAREAS SECUNDARIAS/Pruebas Seguridad/6.1.7-Seleccionar Empresa/select_Seleccione1234234administradorAdministrador Calidad 3ADMONAspirantesAspirantesjjAuditoriaCAPACITACIONCOLABORADOR"), 3): All options with index in [3] are selected on object 'Object Repository/2-OBJECTS TAREAS SECUNDARIAS/Pruebas Seguridad/6.1.7-Seleccionar Empresa/select_Seleccione1234234administradorAdministrador Calidad 3ADMONAspirantesAspirantesjjAuditoriaCAPACITACIONCOLABORADOR'

2022-04-11 12:36:49 - [MESSAGE][PASSED] - All options with index in [3] are selected on object 'Object Repository/2-OBJECTS TAREAS SECUNDARIAS/Pruebas Seguridad/6.1.7-Seleccionar Empresa/select_Seleccione1234234administradorAdministrador Calidad 3ADMONAspirantesAspirantesjjAuditoriaCAPACITACIONCOLABORADOR'

2022-04-11 12:36:49 - [TEST_STEP][PASSED] - selectOptionByIndex(findTestObject("2-OBJECTS TAREAS SECUNDARIAS/Pruebas Seguridad/6.1.7-Seleccionar Empresa/select_SeleccioneCALIDADEmpresa 1Pruebas katalon"), 1): All options with index in [1] are selected on object 'Object Repository/2-OBJECTS TAREAS SECUNDARIAS/Pruebas Seguridad/6.1.7-Seleccionar Empresa/select_SeleccioneCALIDADEmpresa 1Pruebas katalon'

2022-04-11 12:36:50 - [MESSAGE][PASSED] - All options with index in [1] are selected on object 'Object Repository/2-OBJECTS TAREAS SECUNDARIAS/Pruebas Seguridad/6.1.7-Seleccionar Empresa/select_SeleccioneCALIDADEmpresa 1Pruebas katalon'

2022-04-11 12:36:50 - [TEST_STEP][PASSED] - selectOptionByIndex(findTestObject("2-OBJECTS TAREAS SECUNDARIAS/Pruebas Seguridad/6.1.7-Seleccionar Empresa/select_SeleccioneaspirantesempleadosDSflexoPruebasFlexoPruebasJboosInformixjavaSaraDS"), 1): All options with index in [1] are selected on object 'Object Repository/2-OBJECTS TAREAS SECUNDARIAS/Pruebas Seguridad/6.1.7-Seleccionar Empresa/select_SeleccioneaspirantesempleadosDSflexoPruebasFlexoPruebasJboosInformixjavaSaraDS'

2022-04-11 12:36:51 - [MESSAGE][PASSED] - All options with index in [1] are selected on object 'Object Repository/2-OBJECTS TAREAS SECUNDARIAS/Pruebas Seguridad/6.1.7-Seleccionar Empresa/select_SeleccioneaspirantesempleadosDSflexoPruebasFlexoPruebasJboosInformixjavaSaraDS'

2022-04-11 12:36:51 - [TEST_STEP][PASSED] - selectOptionByIndex(findTestObject("2-OBJECTS TAREAS SECUNDARIAS/Pruebas Seguridad/6.1.7-Seleccionar Empresa/select_--Seleccione--NUCLEO SISTEMASARAPORTAL SARASARA APPSARA APPSOFIASEGURIDADLMSSERVICIOSREGISTRO PERSONA"), 2): All options with index in [2] are selected on object 'Object Repository/2-OBJECTS TAREAS SECUNDARIAS/Pruebas Seguridad/6.1.7-Seleccionar Empresa/select_--Seleccione--NUCLEO SISTEMASARAPORTAL SARASARA APPSARA APPSOFIASEGURIDADLMSSERVICIOSREGISTRO PERSONA'

2022-04-11 12:36:53 - [MESSAGE][PASSED] - All options with index in [2] are selected on object 'Object Repository/2-OBJECTS TAREAS SECUNDARIAS/Pruebas Seguridad/6.1.7-Seleccionar Empresa/select_--Seleccione--NUCLEO SISTEMASARAPORTAL SARASARA APPSARA APPSOFIASEGURIDADLMSSERVICIOSREGISTRO PERSONA'

2022-04-11 12:36:53 - [TEST_STEP][PASSED] - click(findTestObject("2-OBJECTS TAREAS SECUNDARIAS/Pruebas Seguridad/6.1.7-Seleccionar Empresa/a_SARA_usuarioformatabtabla_rolesj_idt1529")): Object: 'Object Repository/2-OBJECTS TAREAS SECUNDARIAS/Pruebas Seguridad/6.1.7-Seleccionar Empresa/a_SARA_usuarioformatabtabla_rolesj_idt1529' is clicked on

2022-04-11 12:36:53 - [MESSAGE][PASSED] - Object: 'Object Repository/2-OBJECTS TAREAS SECUNDARIAS/Pruebas Seguridad/6.1.7-Seleccionar Empresa/a_SARA_usuarioformatabtabla_rolesj_idt1529' is clicked on

2022-04-11 12:36:53 - [TEST_STEP][PASSED] - click(findTestObject("2-OBJECTS TAREAS SECUNDARIAS/Pruebas Seguridad/6.1.7-Seleccionar Empresa/a_Acceso Roles")): Object: 'Object Repository/2-OBJECTS TAREAS SECUNDARIAS/Pruebas Seguridad/6.1.7-Seleccionar Empresa/a_Acceso Roles' is clicked on

2022-04-11 12:36:54 - [MESSAGE][PASSED] - Object: 'Object Repository/2-OBJECTS TAREAS SECUNDARIAS/Pruebas Seguridad/6.1.7-Seleccionar Empresa/a_Acceso Roles' is clicked on

2022-04-11 12:36:54 - [TEST_STEP][PASSED] - selectOptionByIndex(findTestObject("2-OBJECTS TAREAS SECUNDARIAS/Pruebas Seguridad/6.1.7-Seleccionar Empresa/select_Seleccione1234234administradorAdministrador Calidad 3ADMONA"), 3): All options with index in [3] are selected on object 'Object Repository/2-OBJECTS TAREAS SECUNDARIAS/Pruebas Seguridad/6.1.7-Seleccionar Empresa/select_Seleccione1234234administradorAdministrador Calidad 3ADMONA'

2022-04-11 12:36:55 - [MESSAGE][PASSED] - All options with index in [3] are selected on object 'Object Repository/2-OBJECTS TAREAS SECUNDARIAS/Pruebas Seguridad/6.1.7-Seleccionar Empresa/select_Seleccione1234234administradorAdministrador Calidad 3ADMONA'

2022-04-11 12:36:55 - [TEST_STEP][PASSED] - click(findTestObject("2-OBJECTS TAREAS SECUNDARIAS/Pruebas Seguridad/6.1.7-Seleccionar Empresa/a_No se encontr registros_usuarioformatabtabla_roles_individualj_idt1610")): Object: 'Object Repository/2-OBJECTS TAREAS SECUNDARIAS/Pruebas Seguridad/6.1.7-Seleccionar Empresa/a_No se encontr registros_usuarioformatabtabla_roles_individualj_idt1610' is clicked on

2022-04-11 12:36:55 - [MESSAGE][PASSED] - Object: 'Object Repository/2-OBJECTS TAREAS SECUNDARIAS/Pruebas Seguridad/6.1.7-Seleccionar Empresa/a_No se encontr registros_usuarioformatabtabla_roles_individualj_idt1610' is clicked on

2022-04-11 12:36:55 - [TEST_STEP][PASSED] - click(findTestObject("2-OBJECTS TAREAS SECUNDARIAS/Pruebas Seguridad/6.1.7-Seleccionar Empresa/select_Seleccione1234234administradorAdministrador Calidad 3ADMONA"), STOP_ON_FAILURE): Object: 'Object Repository/2-OBJECTS TAREAS SECUNDARIAS/Pruebas Seguridad/6.1.7-Seleccionar Empresa/select_Seleccione1234234administradorAdministrador Calidad 3ADMONA' is clicked on

2022-04-11 12:36:56 - [MESSAGE][PASSED] - Object: 'Object Repository/2-OBJECTS TAREAS SECUNDARIAS/Pruebas Seguridad/6.1.7-Seleccionar Empresa/select_Seleccione1234234administradorAdministrador Calidad 3ADMONA' is clicked on

2022-04-11 12:36:56 - [TEST_STEP][PASSED] - selectOptionByLabel(findTestObject("2-OBJECTS TAREAS SECUNDARIAS/Pruebas Seguridad/6.1.7-Seleccionar Empresa/select_Seleccione1234234administradorAdministrador Calidad 3ADMONA"), "EMPLEADO", false): All options with label 'EMPLEADO' are selected in object 'Object Repository/2-OBJECTS TAREAS SECUNDARIAS/Pruebas Seguridad/6.1.7-Seleccionar Empresa/select_Seleccione1234234administradorAdministrador Calidad 3ADMONA' 

2022-04-11 12:36:57 - [MESSAGE][PASSED] - All options with label 'EMPLEADO' are selected in object 'Object Repository/2-OBJECTS TAREAS SECUNDARIAS/Pruebas Seguridad/6.1.7-Seleccionar Empresa/select_Seleccione1234234administradorAdministrador Calidad 3ADMONA' 

2022-04-11 12:36:57 - [TEST_STEP][PASSED] - click(findTestObject("2-OBJECTS TAREAS SECUNDARIAS/Pruebas Seguridad/6.1.7-Seleccionar Empresa/a_administrador_usuarioformatabtabla_roles_individualj_idt1611")): Object: 'Object Repository/2-OBJECTS TAREAS SECUNDARIAS/Pruebas Seguridad/6.1.7-Seleccionar Empresa/a_administrador_usuarioformatabtabla_roles_individualj_idt1611' is clicked on

2022-04-11 12:36:57 - [MESSAGE][PASSED] - Object: 'Object Repository/2-OBJECTS TAREAS SECUNDARIAS/Pruebas Seguridad/6.1.7-Seleccionar Empresa/a_administrador_usuarioformatabtabla_roles_individualj_idt1611' is clicked on

2022-04-11 12:36:57 - [TEST_STEP][PASSED] - callTestCase(findTestCase("Utilidades-(atajos_para _tareas)/Login_Seguridad/Login-Seleccionar_Empresa"), [:], STOP_ON_FAILURE): Call Test Case 'Test Cases/Utilidades-(atajos_para _tareas)/Login_Seguridad/Login-Seleccionar_Empresa' successfully

2022-04-11 12:36:57 - [TEST_CASE][PASSED] - Test Cases/Utilidades-(atajos_para _tareas)/Login_Seguridad/Login-Seleccionar_Empresa: Test Cases/Utilidades-(atajos_para _tareas)/Login_Seguridad/Login-Seleccionar_Empresa

2022-04-11 12:36:58 - [TEST_STEP][PASSED] - openBrowser(""): Browser is opened with url: ''

2022-04-11 12:36:58 - [MESSAGE][WARNING] - A browser is already opened. Closing browser and opening a new one

2022-04-11 12:36:58 - [MESSAGE][INFO] - Starting 'Chrome' driver

2022-04-11 12:36:58 - [MESSAGE][INFO] - Action delay is set to 0 milliseconds

2022-04-11 12:37:00 - [MESSAGE][PASSED] - Browser is opened with url: ''

2022-04-11 12:37:00 - [TEST_STEP][PASSED] - maximizeWindow(): Current window maximized

2022-04-11 12:37:00 - [MESSAGE][PASSED] - Current window maximized

2022-04-11 12:37:00 - [TEST_STEP][PASSED] - i = G_Login: null

2022-04-11 12:37:00 - [TEST_STEP][PASSED] - url = new java.net.URL(i): null

2022-04-11 12:37:00 - [TEST_STEP][PASSED] - println("URL: " + url.toString()): null

2022-04-11 12:37:00 - [TEST_STEP][PASSED] - connection = url.openConnection(): null

2022-04-11 12:37:00 - [TEST_STEP][PASSED] - connection.setRequestMethod("GET"): null

2022-04-11 12:37:00 - [TEST_STEP][PASSED] - connection.setReadTimeout(2 * 1000): null

2022-04-11 12:37:00 - [TEST_STEP][PASSED] - try: null

2022-04-11 12:37:00 - [TEST_STEP][PASSED] - connection.connect(): null

2022-04-11 12:37:00 - [TEST_STEP][PASSED] - flag = connected: null

2022-04-11 12:37:00 - [TEST_STEP][PASSED] - println("Valor_ori: " + flag): null

2022-04-11 12:37:00 - [TEST_STEP][PASSED] - if (flag): null

2022-04-11 12:37:00 - [TEST_STEP][PASSED] - navigateToUrl(i): Navigate to 'http://192.168.2.19:8380/saraweb' successfully

2022-04-11 12:37:00 - [MESSAGE][PASSED] - Navigate to 'http://192.168.2.19:8380/saraweb' successfully

2022-04-11 12:37:00 - [TEST_STEP][PASSED] - a(): null

2022-04-11 12:37:00 - [TEST_STEP][PASSED] - setText(findTestObject("3-OBJECTS UTILIDADES/Login/input_USUARIO_loginusuario"), G_Usuario_617): Text 'Usuario' is set on object 'Object Repository/3-OBJECTS UTILIDADES/Login/input_USUARIO_loginusuario'

2022-04-11 12:37:01 - [MESSAGE][PASSED] - Text 'Usuario' is set on object 'Object Repository/3-OBJECTS UTILIDADES/Login/input_USUARIO_loginusuario'

2022-04-11 12:37:01 - [TEST_STEP][PASSED] - setEncryptedText(findTestObject("3-OBJECTS UTILIDADES/Login/input_CLAVE_loginpassword"), "MkG4/TYiCFC3cb2driP7+Q=="): Text ****** has been set on object 'Object Repository/3-OBJECTS UTILIDADES/Login/input_CLAVE_loginpassword'

2022-04-11 12:37:01 - [MESSAGE][PASSED] - Text ****** has been set on object 'Object Repository/3-OBJECTS UTILIDADES/Login/input_CLAVE_loginpassword'

2022-04-11 12:37:01 - [TEST_STEP][PASSED] - waitForElementClickable(findTestObject("3-OBJECTS UTILIDADES/Login/a_Ingresar"), G_TimeOut): Object 'Object Repository/3-OBJECTS UTILIDADES/Login/a_Ingresar' is clickable

2022-04-11 12:37:02 - [MESSAGE][PASSED] - Object 'Object Repository/3-OBJECTS UTILIDADES/Login/a_Ingresar' is clickable

2022-04-11 12:37:02 - [TEST_STEP][PASSED] - click(findTestObject("3-OBJECTS UTILIDADES/Login/a_Ingresar")): Object: 'Object Repository/3-OBJECTS UTILIDADES/Login/a_Ingresar' is clicked on

2022-04-11 12:37:03 - [MESSAGE][PASSED] - Object: 'Object Repository/3-OBJECTS UTILIDADES/Login/a_Ingresar' is clicked on

2022-04-11 12:37:03 - [MESSAGE][PASSED] - Call Test Case 'Test Cases/Utilidades-(atajos_para _tareas)/Login_Seguridad/Login-Seleccionar_Empresa' successfully

2022-04-11 12:37:03 - [TEST_STEP][PASSED] - setText(findTestObject("2-OBJECTS TAREAS SECUNDARIAS/Pruebas Seguridad/6.1.7-Seleccionar Empresa/input_Perfil_popupMopdulotablaBusquedaglobalFilter"), "Pruebas Katalon"): Text 'Pruebas Katalon' is set on object 'Object Repository/2-OBJECTS TAREAS SECUNDARIAS/Pruebas Seguridad/6.1.7-Seleccionar Empresa/input_Perfil_popupMopdulotablaBusquedaglobalFilter'

2022-04-11 12:37:03 - [MESSAGE][PASSED] - Text 'Pruebas Katalon' is set on object 'Object Repository/2-OBJECTS TAREAS SECUNDARIAS/Pruebas Seguridad/6.1.7-Seleccionar Empresa/input_Perfil_popupMopdulotablaBusquedaglobalFilter'

2022-04-11 12:37:03 - [TEST_STEP][PASSED] - sendKeys(findTestObject("2-OBJECTS TAREAS SECUNDARIAS/Pruebas Seguridad/6.1.7-Seleccionar Empresa/input_Perfil_popupMopdulotablaBusquedaglobalFilter"), Keys.chord(ENTER)): Keys 'ENTER + ' sent to object: 'Object Repository/2-OBJECTS TAREAS SECUNDARIAS/Pruebas Seguridad/6.1.7-Seleccionar Empresa/input_Perfil_popupMopdulotablaBusquedaglobalFilter'

2022-04-11 12:37:04 - [MESSAGE][PASSED] - Keys 'ENTER + ' sent to object: 'Object Repository/2-OBJECTS TAREAS SECUNDARIAS/Pruebas Seguridad/6.1.7-Seleccionar Empresa/input_Perfil_popupMopdulotablaBusquedaglobalFilter'

2022-04-11 12:37:04 - [TEST_STEP][PASSED] - if (waitForElementVisible(findTestObject("2-OBJECTS TAREAS SECUNDARIAS/Pruebas Seguridad/6.1.7-Seleccionar Empresa/span_Pruebas Katalon"), 1)): null

2022-04-11 12:37:05 - [MESSAGE][PASSED] - Object 'Object Repository/2-OBJECTS TAREAS SECUNDARIAS/Pruebas Seguridad/6.1.7-Seleccionar Empresa/span_Pruebas Katalon' is visible

2022-04-11 12:37:05 - [TEST_STEP][PASSED] - setText(findTestObject("2-OBJECTS TAREAS SECUNDARIAS/Pruebas Seguridad/6.1.7-Seleccionar Empresa/input_Perfil_popupMopdulotablaBusquedaglobalFilter"), "Empresa 1"): Text 'Empresa 1' is set on object 'Object Repository/2-OBJECTS TAREAS SECUNDARIAS/Pruebas Seguridad/6.1.7-Seleccionar Empresa/input_Perfil_popupMopdulotablaBusquedaglobalFilter'

2022-04-11 12:37:06 - [MESSAGE][PASSED] - Text 'Empresa 1' is set on object 'Object Repository/2-OBJECTS TAREAS SECUNDARIAS/Pruebas Seguridad/6.1.7-Seleccionar Empresa/input_Perfil_popupMopdulotablaBusquedaglobalFilter'

2022-04-11 12:37:06 - [TEST_STEP][PASSED] - sendKeys(findTestObject("2-OBJECTS TAREAS SECUNDARIAS/Pruebas Seguridad/6.1.7-Seleccionar Empresa/input_Perfil_popupMopdulotablaBusquedaglobalFilter"), Keys.chord(ENTER)): Keys 'ENTER + ' sent to object: 'Object Repository/2-OBJECTS TAREAS SECUNDARIAS/Pruebas Seguridad/6.1.7-Seleccionar Empresa/input_Perfil_popupMopdulotablaBusquedaglobalFilter'

2022-04-11 12:37:06 - [MESSAGE][PASSED] - Keys 'ENTER + ' sent to object: 'Object Repository/2-OBJECTS TAREAS SECUNDARIAS/Pruebas Seguridad/6.1.7-Seleccionar Empresa/input_Perfil_popupMopdulotablaBusquedaglobalFilter'

2022-04-11 12:37:06 - [TEST_STEP][PASSED] - if (waitForElementVisible(findTestObject("2-OBJECTS TAREAS SECUNDARIAS/Pruebas Seguridad/6.1.7-Seleccionar Empresa/td_Empresa 1"), 1)): null

2022-04-11 12:37:06 - [MESSAGE][PASSED] - Object 'Object Repository/2-OBJECTS TAREAS SECUNDARIAS/Pruebas Seguridad/6.1.7-Seleccionar Empresa/td_Empresa 1' is visible

2022-04-11 12:37:06 - [TEST_STEP][PASSED] - setText(findTestObject("2-OBJECTS TAREAS SECUNDARIAS/Pruebas Seguridad/6.1.7-Seleccionar Empresa/input_Perfil_popupMopdulotablaBusquedaglobalFilter"), "Calidad"): Text 'Calidad' is set on object 'Object Repository/2-OBJECTS TAREAS SECUNDARIAS/Pruebas Seguridad/6.1.7-Seleccionar Empresa/input_Perfil_popupMopdulotablaBusquedaglobalFilter'

2022-04-11 12:37:07 - [MESSAGE][PASSED] - Text 'Calidad' is set on object 'Object Repository/2-OBJECTS TAREAS SECUNDARIAS/Pruebas Seguridad/6.1.7-Seleccionar Empresa/input_Perfil_popupMopdulotablaBusquedaglobalFilter'

2022-04-11 12:37:07 - [TEST_STEP][PASSED] - sendKeys(findTestObject("2-OBJECTS TAREAS SECUNDARIAS/Pruebas Seguridad/6.1.7-Seleccionar Empresa/input_Perfil_popupMopdulotablaBusquedaglobalFilter"), Keys.chord(ENTER)): Keys 'ENTER + ' sent to object: 'Object Repository/2-OBJECTS TAREAS SECUNDARIAS/Pruebas Seguridad/6.1.7-Seleccionar Empresa/input_Perfil_popupMopdulotablaBusquedaglobalFilter'

2022-04-11 12:37:08 - [MESSAGE][PASSED] - Keys 'ENTER + ' sent to object: 'Object Repository/2-OBJECTS TAREAS SECUNDARIAS/Pruebas Seguridad/6.1.7-Seleccionar Empresa/input_Perfil_popupMopdulotablaBusquedaglobalFilter'

2022-04-11 12:37:08 - [TEST_STEP][PASSED] - if (waitForElementVisible(findTestObject("2-OBJECTS TAREAS SECUNDARIAS/Pruebas Seguridad/6.1.7-Seleccionar Empresa/td_Calidad"), 1)): null

2022-04-11 12:37:08 - [MESSAGE][PASSED] - Object 'Object Repository/2-OBJECTS TAREAS SECUNDARIAS/Pruebas Seguridad/6.1.7-Seleccionar Empresa/td_Calidad' is visible

2022-04-11 12:37:08 - [TEST_STEP][PASSED] - click(findTestObject("2-OBJECTS TAREAS SECUNDARIAS/Pruebas Seguridad/6.1.7-Seleccionar Empresa/td_Calidad")): Object: 'Object Repository/2-OBJECTS TAREAS SECUNDARIAS/Pruebas Seguridad/6.1.7-Seleccionar Empresa/td_Calidad' is clicked on

2022-04-11 12:37:09 - [MESSAGE][PASSED] - Object: 'Object Repository/2-OBJECTS TAREAS SECUNDARIAS/Pruebas Seguridad/6.1.7-Seleccionar Empresa/td_Calidad' is clicked on

2022-04-11 12:37:09 - [TEST_STEP][PASSED] - callTestCase(findTestCase("Utilidades-(atajos_para _tareas)/Login_Seguridad/Login-Seguridad"), [:], STOP_ON_FAILURE): Call Test Case 'Test Cases/Utilidades-(atajos_para _tareas)/Login_Seguridad/Login-Seguridad' successfully

2022-04-11 12:37:09 - [TEST_CASE][PASSED] - Test Cases/Utilidades-(atajos_para _tareas)/Login_Seguridad/Login-Seguridad: Test Cases/Utilidades-(atajos_para _tareas)/Login_Seguridad/Login-Seguridad

2022-04-11 12:37:09 - [TEST_STEP][PASSED] - openBrowser(""): Browser is opened with url: ''

2022-04-11 12:37:09 - [MESSAGE][WARNING] - A browser is already opened. Closing browser and opening a new one

2022-04-11 12:37:09 - [MESSAGE][INFO] - Starting 'Chrome' driver

2022-04-11 12:37:09 - [MESSAGE][INFO] - Action delay is set to 0 milliseconds

2022-04-11 12:37:11 - [MESSAGE][PASSED] - Browser is opened with url: ''

2022-04-11 12:37:11 - [TEST_STEP][PASSED] - maximizeWindow(): Current window maximized

2022-04-11 12:37:11 - [MESSAGE][PASSED] - Current window maximized

2022-04-11 12:37:11 - [TEST_STEP][PASSED] - i = G_Login_Seguridad: null

2022-04-11 12:37:11 - [TEST_STEP][PASSED] - url = new java.net.URL(i): null

2022-04-11 12:37:11 - [TEST_STEP][PASSED] - println("URL: " + url.toString()): null

2022-04-11 12:37:11 - [TEST_STEP][PASSED] - connection = url.openConnection(): null

2022-04-11 12:37:11 - [TEST_STEP][PASSED] - connection.setRequestMethod("GET"): null

2022-04-11 12:37:11 - [TEST_STEP][PASSED] - connection.setReadTimeout(2 * 1000): null

2022-04-11 12:37:11 - [TEST_STEP][PASSED] - try: null

2022-04-11 12:37:11 - [TEST_STEP][PASSED] - connection.connect(): null

2022-04-11 12:37:11 - [TEST_STEP][PASSED] - flag = connected: null

2022-04-11 12:37:11 - [TEST_STEP][PASSED] - println("Valor_ori: " + flag): null

2022-04-11 12:37:11 - [TEST_STEP][PASSED] - if (flag): null

2022-04-11 12:37:11 - [TEST_STEP][PASSED] - navigateToUrl(i): Navigate to 'http://192.168.2.19:8380/seguridadweb/' successfully

2022-04-11 12:37:11 - [MESSAGE][PASSED] - Navigate to 'http://192.168.2.19:8380/seguridadweb/' successfully

2022-04-11 12:37:11 - [TEST_STEP][PASSED] - a(): null

2022-04-11 12:37:11 - [TEST_STEP][PASSED] - setText(findTestObject("3-OBJECTS UTILIDADES/Login/input_USUARIO_loginusuario"), G_Usuario): Text 'saraadmin' is set on object 'Object Repository/3-OBJECTS UTILIDADES/Login/input_USUARIO_loginusuario'

2022-04-11 12:37:12 - [MESSAGE][PASSED] - Text 'saraadmin' is set on object 'Object Repository/3-OBJECTS UTILIDADES/Login/input_USUARIO_loginusuario'

2022-04-11 12:37:12 - [TEST_STEP][PASSED] - setEncryptedText(findTestObject("3-OBJECTS UTILIDADES/Login/input_CLAVE_loginpassword"), "MkG4/TYiCFC3cb2driP7+Q=="): Text ****** has been set on object 'Object Repository/3-OBJECTS UTILIDADES/Login/input_CLAVE_loginpassword'

2022-04-11 12:37:13 - [MESSAGE][PASSED] - Text ****** has been set on object 'Object Repository/3-OBJECTS UTILIDADES/Login/input_CLAVE_loginpassword'

2022-04-11 12:37:13 - [TEST_STEP][PASSED] - waitForElementClickable(findTestObject("3-OBJECTS UTILIDADES/Login/a_Ingresar"), G_TimeOut): Object 'Object Repository/3-OBJECTS UTILIDADES/Login/a_Ingresar' is clickable

2022-04-11 12:37:13 - [MESSAGE][PASSED] - Object 'Object Repository/3-OBJECTS UTILIDADES/Login/a_Ingresar' is clickable

2022-04-11 12:37:13 - [TEST_STEP][PASSED] - click(findTestObject("3-OBJECTS UTILIDADES/Login/a_Ingresar")): Object: 'Object Repository/3-OBJECTS UTILIDADES/Login/a_Ingresar' is clicked on

2022-04-11 12:37:14 - [MESSAGE][PASSED] - Object: 'Object Repository/3-OBJECTS UTILIDADES/Login/a_Ingresar' is clicked on

2022-04-11 12:37:14 - [TEST_STEP][PASSED] - element = findWebElement(findTestObject("3-OBJECTS UTILIDADES/Login/a_Ir"), 30): null

2022-04-11 12:37:14 - [TEST_STEP][PASSED] - executeJavaScript("arguments[0].click()", Arrays.asList(element)): Execute JavaScript 'arguments[0].click()' successfully

2022-04-11 12:37:14 - [MESSAGE][PASSED] - Execute JavaScript 'arguments[0].click()' successfully

2022-04-11 12:37:14 - [MESSAGE][PASSED] - Call Test Case 'Test Cases/Utilidades-(atajos_para _tareas)/Login_Seguridad/Login-Seguridad' successfully

2022-04-11 12:37:14 - [TEST_STEP][PASSED] - setText(findTestObject("2-OBJECTS TAREAS SECUNDARIAS/Pruebas Seguridad/6.1.7-Seleccionar Empresa/input_Empresa 1_form_templatej_idt24_input"), "Usuario"): Text 'Usuario' is set on object 'Object Repository/2-OBJECTS TAREAS SECUNDARIAS/Pruebas Seguridad/6.1.7-Seleccionar Empresa/input_Empresa 1_form_templatej_idt24_input'

2022-04-11 12:37:15 - [MESSAGE][PASSED] - Text 'Usuario' is set on object 'Object Repository/2-OBJECTS TAREAS SECUNDARIAS/Pruebas Seguridad/6.1.7-Seleccionar Empresa/input_Empresa 1_form_templatej_idt24_input'

2022-04-11 12:37:15 - [TEST_STEP][PASSED] - click(findTestObject("2-OBJECTS TAREAS SECUNDARIAS/Pruebas Seguridad/6.1.7-Seleccionar Empresa/li_Usuario"), STOP_ON_FAILURE): Object: 'Object Repository/2-OBJECTS TAREAS SECUNDARIAS/Pruebas Seguridad/6.1.7-Seleccionar Empresa/li_Usuario' is clicked on

2022-04-11 12:37:16 - [MESSAGE][PASSED] - Object: 'Object Repository/2-OBJECTS TAREAS SECUNDARIAS/Pruebas Seguridad/6.1.7-Seleccionar Empresa/li_Usuario' is clicked on

2022-04-11 12:37:16 - [TEST_STEP][PASSED] - setText(findTestObject("2-OBJECTS TAREAS SECUNDARIAS/Pruebas Seguridad/6.1.7-Seleccionar Empresa/input_Portal_usuarioformaparametroBusqueda"), "Usuario"): Text 'Usuario' is set on object 'Object Repository/2-OBJECTS TAREAS SECUNDARIAS/Pruebas Seguridad/6.1.7-Seleccionar Empresa/input_Portal_usuarioformaparametroBusqueda'

2022-04-11 12:37:17 - [MESSAGE][PASSED] - Text 'Usuario' is set on object 'Object Repository/2-OBJECTS TAREAS SECUNDARIAS/Pruebas Seguridad/6.1.7-Seleccionar Empresa/input_Portal_usuarioformaparametroBusqueda'

2022-04-11 12:37:17 - [TEST_STEP][PASSED] - sendKeys(findTestObject("2-OBJECTS TAREAS SECUNDARIAS/Pruebas Seguridad/6.1.7-Seleccionar Empresa/input_Portal_usuarioformaparametroBusqueda"), Keys.chord(ENTER)): Keys 'ENTER + ' sent to object: 'Object Repository/2-OBJECTS TAREAS SECUNDARIAS/Pruebas Seguridad/6.1.7-Seleccionar Empresa/input_Portal_usuarioformaparametroBusqueda'

2022-04-11 12:37:18 - [MESSAGE][PASSED] - Keys 'ENTER + ' sent to object: 'Object Repository/2-OBJECTS TAREAS SECUNDARIAS/Pruebas Seguridad/6.1.7-Seleccionar Empresa/input_Portal_usuarioformaparametroBusqueda'

2022-04-11 12:37:18 - [TEST_STEP][PASSED] - if (waitForElementVisible(findTestObject("2-OBJECTS TAREAS SECUNDARIAS/Pruebas Seguridad/6.1.7-Seleccionar Empresa/span_Usuario"), 1)): null

2022-04-11 12:37:18 - [MESSAGE][PASSED] - Object 'Object Repository/2-OBJECTS TAREAS SECUNDARIAS/Pruebas Seguridad/6.1.7-Seleccionar Empresa/span_Usuario' is visible

2022-04-11 12:37:18 - [TEST_STEP][PASSED] - click(findTestObject("2-OBJECTS TAREAS SECUNDARIAS/Pruebas Seguridad/6.1.7-Seleccionar Empresa/span_Usuario")): Object: 'Object Repository/2-OBJECTS TAREAS SECUNDARIAS/Pruebas Seguridad/6.1.7-Seleccionar Empresa/span_Usuario' is clicked on

2022-04-11 12:37:19 - [MESSAGE][PASSED] - Object: 'Object Repository/2-OBJECTS TAREAS SECUNDARIAS/Pruebas Seguridad/6.1.7-Seleccionar Empresa/span_Usuario' is clicked on

2022-04-11 12:37:19 - [TEST_STEP][PASSED] - click(findTestObject("2-OBJECTS TAREAS SECUNDARIAS/Pruebas Seguridad/6.1.7-Seleccionar Empresa/a_Acceso Roles")): Object: 'Object Repository/2-OBJECTS TAREAS SECUNDARIAS/Pruebas Seguridad/6.1.7-Seleccionar Empresa/a_Acceso Roles' is clicked on

2022-04-11 12:37:19 - [MESSAGE][PASSED] - Object: 'Object Repository/2-OBJECTS TAREAS SECUNDARIAS/Pruebas Seguridad/6.1.7-Seleccionar Empresa/a_Acceso Roles' is clicked on

2022-04-11 12:37:19 - [TEST_STEP][PASSED] - while (waitForElementVisible(findTestObject("2-OBJECTS TAREAS SECUNDARIAS/Pruebas Seguridad/6.1.7-Seleccionar Empresa/a_administrador_usuarioformatabtabla_roles_individual0j_idt160"), 1)): null

2022-04-11 12:37:20 - [MESSAGE][PASSED] - Object 'Object Repository/2-OBJECTS TAREAS SECUNDARIAS/Pruebas Seguridad/6.1.7-Seleccionar Empresa/a_administrador_usuarioformatabtabla_roles_individual0j_idt160' is visible

2022-04-11 12:37:20 - [TEST_STEP][PASSED] - click(findTestObject("2-OBJECTS TAREAS SECUNDARIAS/Pruebas Seguridad/6.1.7-Seleccionar Empresa/a_administrador_usuarioformatabtabla_roles_individual0j_idt160")): Object: 'Object Repository/2-OBJECTS TAREAS SECUNDARIAS/Pruebas Seguridad/6.1.7-Seleccionar Empresa/a_administrador_usuarioformatabtabla_roles_individual0j_idt160' is clicked on

2022-04-11 12:37:20 - [MESSAGE][PASSED] - Object: 'Object Repository/2-OBJECTS TAREAS SECUNDARIAS/Pruebas Seguridad/6.1.7-Seleccionar Empresa/a_administrador_usuarioformatabtabla_roles_individual0j_idt160' is clicked on

2022-04-11 12:37:20 - [TEST_STEP][PASSED] - click(findTestObject("2-OBJECTS TAREAS SECUNDARIAS/Pruebas Seguridad/6.1.7-Seleccionar Empresa/a_Aceptar_Acceso Roles")): Object 'Object Repository/2-OBJECTS TAREAS SECUNDARIAS/Pruebas Seguridad/6.1.7-Seleccionar Empresa/a_administrador_usuarioformatabtabla_roles_individual0j_idt160' is visible

2022-04-11 12:37:21 - [MESSAGE][PASSED] - Object: 'Object Repository/2-OBJECTS TAREAS SECUNDARIAS/Pruebas Seguridad/6.1.7-Seleccionar Empresa/a_Aceptar_Acceso Roles' is clicked on

2022-04-11 12:37:21 - [MESSAGE][PASSED] - Object 'Object Repository/2-OBJECTS TAREAS SECUNDARIAS/Pruebas Seguridad/6.1.7-Seleccionar Empresa/a_administrador_usuarioformatabtabla_roles_individual0j_idt160' is visible

2022-04-11 12:37:21 - [TEST_STEP][PASSED] - click(findTestObject("2-OBJECTS TAREAS SECUNDARIAS/Pruebas Seguridad/6.1.7-Seleccionar Empresa/a_administrador_usuarioformatabtabla_roles_individual0j_idt160")): Object: 'Object Repository/2-OBJECTS TAREAS SECUNDARIAS/Pruebas Seguridad/6.1.7-Seleccionar Empresa/a_administrador_usuarioformatabtabla_roles_individual0j_idt160' is clicked on

2022-04-11 12:37:22 - [MESSAGE][PASSED] - Object: 'Object Repository/2-OBJECTS TAREAS SECUNDARIAS/Pruebas Seguridad/6.1.7-Seleccionar Empresa/a_administrador_usuarioformatabtabla_roles_individual0j_idt160' is clicked on

2022-04-11 12:37:22 - [TEST_STEP][PASSED] - click(findTestObject("2-OBJECTS TAREAS SECUNDARIAS/Pruebas Seguridad/6.1.7-Seleccionar Empresa/a_Aceptar_Acceso Roles")): Web element with id: 'Object Repository/2-OBJECTS TAREAS SECUNDARIAS/Pruebas Seguridad/6.1.7-Seleccionar Empresa/a_administrador_usuarioformatabtabla_roles_individual0j_idt160' located by '//tbody[@id='usuarioforma:tab:tabla_roles_individual_data']/tr/td[2]/a' not found

2022-04-11 12:37:23 - [MESSAGE][PASSED] - Object: 'Object Repository/2-OBJECTS TAREAS SECUNDARIAS/Pruebas Seguridad/6.1.7-Seleccionar Empresa/a_Aceptar_Acceso Roles' is clicked on

2022-04-11 12:37:25 - [MESSAGE][INFO] - Unable to find the element located by 'By.xpath: //tbody[@id='usuarioforma:tab:tabla_roles_individual_data']/tr/td[2]/a'. Please recheck the objects properties to make sure the desired element is located. 

2022-04-11 12:37:25 - [MESSAGE][WARNING] - Web element with id: 'Object Repository/2-OBJECTS TAREAS SECUNDARIAS/Pruebas Seguridad/6.1.7-Seleccionar Empresa/a_administrador_usuarioformatabtabla_roles_individual0j_idt160' located by '//tbody[@id='usuarioforma:tab:tabla_roles_individual_data']/tr/td[2]/a' not found

2022-04-11 12:37:25 - [TEST_STEP][PASSED] - click(findTestObject("2-OBJECTS TAREAS SECUNDARIAS/Pruebas Seguridad/6.1.7-Seleccionar Empresa/a_Acceso Particular")): Object: 'Object Repository/2-OBJECTS TAREAS SECUNDARIAS/Pruebas Seguridad/6.1.7-Seleccionar Empresa/a_Acceso Particular' is clicked on

2022-04-11 12:37:25 - [MESSAGE][PASSED] - Object: 'Object Repository/2-OBJECTS TAREAS SECUNDARIAS/Pruebas Seguridad/6.1.7-Seleccionar Empresa/a_Acceso Particular' is clicked on

2022-04-11 12:37:25 - [TEST_STEP][PASSED] - while (waitForElementVisible(findTestObject("2-OBJECTS TAREAS SECUNDARIAS/Pruebas Seguridad/6.1.7-Seleccionar Empresa/a_SARA_usuarioformatabtabla_roles0j_idt151"), 1)): null

2022-04-11 12:37:26 - [MESSAGE][PASSED] - Object 'Object Repository/2-OBJECTS TAREAS SECUNDARIAS/Pruebas Seguridad/6.1.7-Seleccionar Empresa/a_SARA_usuarioformatabtabla_roles0j_idt151' is visible

2022-04-11 12:37:26 - [TEST_STEP][PASSED] - click(findTestObject("2-OBJECTS TAREAS SECUNDARIAS/Pruebas Seguridad/6.1.7-Seleccionar Empresa/a_SARA_usuarioformatabtabla_roles0j_idt151")): Object: 'Object Repository/2-OBJECTS TAREAS SECUNDARIAS/Pruebas Seguridad/6.1.7-Seleccionar Empresa/a_SARA_usuarioformatabtabla_roles0j_idt151' is clicked on

2022-04-11 12:37:26 - [MESSAGE][PASSED] - Object: 'Object Repository/2-OBJECTS TAREAS SECUNDARIAS/Pruebas Seguridad/6.1.7-Seleccionar Empresa/a_SARA_usuarioformatabtabla_roles0j_idt151' is clicked on

2022-04-11 12:37:26 - [TEST_STEP][PASSED] - click(findTestObject("2-OBJECTS TAREAS SECUNDARIAS/Pruebas Seguridad/6.1.7-Seleccionar Empresa/a_Aceptar_Acceso particular")): Object 'Object Repository/2-OBJECTS TAREAS SECUNDARIAS/Pruebas Seguridad/6.1.7-Seleccionar Empresa/a_SARA_usuarioformatabtabla_roles0j_idt151' is visible

2022-04-11 12:37:27 - [MESSAGE][PASSED] - Object: 'Object Repository/2-OBJECTS TAREAS SECUNDARIAS/Pruebas Seguridad/6.1.7-Seleccionar Empresa/a_Aceptar_Acceso particular' is clicked on

2022-04-11 12:37:28 - [MESSAGE][PASSED] - Object 'Object Repository/2-OBJECTS TAREAS SECUNDARIAS/Pruebas Seguridad/6.1.7-Seleccionar Empresa/a_SARA_usuarioformatabtabla_roles0j_idt151' is visible

2022-04-11 12:37:28 - [TEST_STEP][PASSED] - click(findTestObject("2-OBJECTS TAREAS SECUNDARIAS/Pruebas Seguridad/6.1.7-Seleccionar Empresa/a_SARA_usuarioformatabtabla_roles0j_idt151")): Object: 'Object Repository/2-OBJECTS TAREAS SECUNDARIAS/Pruebas Seguridad/6.1.7-Seleccionar Empresa/a_SARA_usuarioformatabtabla_roles0j_idt151' is clicked on

2022-04-11 12:37:28 - [MESSAGE][PASSED] - Object: 'Object Repository/2-OBJECTS TAREAS SECUNDARIAS/Pruebas Seguridad/6.1.7-Seleccionar Empresa/a_SARA_usuarioformatabtabla_roles0j_idt151' is clicked on

2022-04-11 12:37:28 - [TEST_STEP][PASSED] - click(findTestObject("2-OBJECTS TAREAS SECUNDARIAS/Pruebas Seguridad/6.1.7-Seleccionar Empresa/a_Aceptar_Acceso particular")): Object 'Object Repository/2-OBJECTS TAREAS SECUNDARIAS/Pruebas Seguridad/6.1.7-Seleccionar Empresa/a_SARA_usuarioformatabtabla_roles0j_idt151' is visible

2022-04-11 12:37:29 - [MESSAGE][PASSED] - Object: 'Object Repository/2-OBJECTS TAREAS SECUNDARIAS/Pruebas Seguridad/6.1.7-Seleccionar Empresa/a_Aceptar_Acceso particular' is clicked on

2022-04-11 12:37:29 - [MESSAGE][PASSED] - Object 'Object Repository/2-OBJECTS TAREAS SECUNDARIAS/Pruebas Seguridad/6.1.7-Seleccionar Empresa/a_SARA_usuarioformatabtabla_roles0j_idt151' is visible

2022-04-11 12:37:29 - [TEST_STEP][PASSED] - click(findTestObject("2-OBJECTS TAREAS SECUNDARIAS/Pruebas Seguridad/6.1.7-Seleccionar Empresa/a_SARA_usuarioformatabtabla_roles0j_idt151")): Object: 'Object Repository/2-OBJECTS TAREAS SECUNDARIAS/Pruebas Seguridad/6.1.7-Seleccionar Empresa/a_SARA_usuarioformatabtabla_roles0j_idt151' is clicked on

2022-04-11 12:37:30 - [MESSAGE][PASSED] - Object: 'Object Repository/2-OBJECTS TAREAS SECUNDARIAS/Pruebas Seguridad/6.1.7-Seleccionar Empresa/a_SARA_usuarioformatabtabla_roles0j_idt151' is clicked on

2022-04-11 12:37:30 - [TEST_STEP][PASSED] - click(findTestObject("2-OBJECTS TAREAS SECUNDARIAS/Pruebas Seguridad/6.1.7-Seleccionar Empresa/a_Aceptar_Acceso particular")): Object 'Object Repository/2-OBJECTS TAREAS SECUNDARIAS/Pruebas Seguridad/6.1.7-Seleccionar Empresa/a_SARA_usuarioformatabtabla_roles0j_idt151' is visible

2022-04-11 12:37:30 - [MESSAGE][PASSED] - Object: 'Object Repository/2-OBJECTS TAREAS SECUNDARIAS/Pruebas Seguridad/6.1.7-Seleccionar Empresa/a_Aceptar_Acceso particular' is clicked on

2022-04-11 12:37:31 - [MESSAGE][PASSED] - Object 'Object Repository/2-OBJECTS TAREAS SECUNDARIAS/Pruebas Seguridad/6.1.7-Seleccionar Empresa/a_SARA_usuarioformatabtabla_roles0j_idt151' is visible

2022-04-11 12:37:31 - [TEST_STEP][PASSED] - click(findTestObject("2-OBJECTS TAREAS SECUNDARIAS/Pruebas Seguridad/6.1.7-Seleccionar Empresa/a_SARA_usuarioformatabtabla_roles0j_idt151")): Object: 'Object Repository/2-OBJECTS TAREAS SECUNDARIAS/Pruebas Seguridad/6.1.7-Seleccionar Empresa/a_SARA_usuarioformatabtabla_roles0j_idt151' is clicked on

2022-04-11 12:37:31 - [MESSAGE][PASSED] - Object: 'Object Repository/2-OBJECTS TAREAS SECUNDARIAS/Pruebas Seguridad/6.1.7-Seleccionar Empresa/a_SARA_usuarioformatabtabla_roles0j_idt151' is clicked on

2022-04-11 12:37:31 - [TEST_STEP][PASSED] - click(findTestObject("2-OBJECTS TAREAS SECUNDARIAS/Pruebas Seguridad/6.1.7-Seleccionar Empresa/a_Aceptar_Acceso particular")): Object 'Object Repository/2-OBJECTS TAREAS SECUNDARIAS/Pruebas Seguridad/6.1.7-Seleccionar Empresa/a_SARA_usuarioformatabtabla_roles0j_idt151' is visible

2022-04-11 12:37:32 - [MESSAGE][PASSED] - Object: 'Object Repository/2-OBJECTS TAREAS SECUNDARIAS/Pruebas Seguridad/6.1.7-Seleccionar Empresa/a_Aceptar_Acceso particular' is clicked on

2022-04-11 12:37:33 - [MESSAGE][PASSED] - Object 'Object Repository/2-OBJECTS TAREAS SECUNDARIAS/Pruebas Seguridad/6.1.7-Seleccionar Empresa/a_SARA_usuarioformatabtabla_roles0j_idt151' is visible

2022-04-11 12:37:33 - [TEST_STEP][PASSED] - click(findTestObject("2-OBJECTS TAREAS SECUNDARIAS/Pruebas Seguridad/6.1.7-Seleccionar Empresa/a_SARA_usuarioformatabtabla_roles0j_idt151")): Object: 'Object Repository/2-OBJECTS TAREAS SECUNDARIAS/Pruebas Seguridad/6.1.7-Seleccionar Empresa/a_SARA_usuarioformatabtabla_roles0j_idt151' is clicked on

2022-04-11 12:37:33 - [MESSAGE][PASSED] - Object: 'Object Repository/2-OBJECTS TAREAS SECUNDARIAS/Pruebas Seguridad/6.1.7-Seleccionar Empresa/a_SARA_usuarioformatabtabla_roles0j_idt151' is clicked on

2022-04-11 12:37:33 - [TEST_STEP][PASSED] - click(findTestObject("2-OBJECTS TAREAS SECUNDARIAS/Pruebas Seguridad/6.1.7-Seleccionar Empresa/a_Aceptar_Acceso particular")): Object 'Object Repository/2-OBJECTS TAREAS SECUNDARIAS/Pruebas Seguridad/6.1.7-Seleccionar Empresa/a_SARA_usuarioformatabtabla_roles0j_idt151' is visible

2022-04-11 12:37:34 - [MESSAGE][PASSED] - Object: 'Object Repository/2-OBJECTS TAREAS SECUNDARIAS/Pruebas Seguridad/6.1.7-Seleccionar Empresa/a_Aceptar_Acceso particular' is clicked on

2022-04-11 12:37:34 - [MESSAGE][PASSED] - Object 'Object Repository/2-OBJECTS TAREAS SECUNDARIAS/Pruebas Seguridad/6.1.7-Seleccionar Empresa/a_SARA_usuarioformatabtabla_roles0j_idt151' is visible

2022-04-11 12:37:34 - [TEST_STEP][PASSED] - click(findTestObject("2-OBJECTS TAREAS SECUNDARIAS/Pruebas Seguridad/6.1.7-Seleccionar Empresa/a_SARA_usuarioformatabtabla_roles0j_idt151")): Object: 'Object Repository/2-OBJECTS TAREAS SECUNDARIAS/Pruebas Seguridad/6.1.7-Seleccionar Empresa/a_SARA_usuarioformatabtabla_roles0j_idt151' is clicked on

2022-04-11 12:37:35 - [MESSAGE][PASSED] - Object: 'Object Repository/2-OBJECTS TAREAS SECUNDARIAS/Pruebas Seguridad/6.1.7-Seleccionar Empresa/a_SARA_usuarioformatabtabla_roles0j_idt151' is clicked on

2022-04-11 12:37:35 - [TEST_STEP][PASSED] - click(findTestObject("2-OBJECTS TAREAS SECUNDARIAS/Pruebas Seguridad/6.1.7-Seleccionar Empresa/a_Aceptar_Acceso particular")): Object 'Object Repository/2-OBJECTS TAREAS SECUNDARIAS/Pruebas Seguridad/6.1.7-Seleccionar Empresa/a_SARA_usuarioformatabtabla_roles0j_idt151' is visible

2022-04-11 12:37:36 - [MESSAGE][PASSED] - Object: 'Object Repository/2-OBJECTS TAREAS SECUNDARIAS/Pruebas Seguridad/6.1.7-Seleccionar Empresa/a_Aceptar_Acceso particular' is clicked on

2022-04-11 12:37:36 - [MESSAGE][PASSED] - Object 'Object Repository/2-OBJECTS TAREAS SECUNDARIAS/Pruebas Seguridad/6.1.7-Seleccionar Empresa/a_SARA_usuarioformatabtabla_roles0j_idt151' is visible

2022-04-11 12:37:36 - [TEST_STEP][PASSED] - click(findTestObject("2-OBJECTS TAREAS SECUNDARIAS/Pruebas Seguridad/6.1.7-Seleccionar Empresa/a_SARA_usuarioformatabtabla_roles0j_idt151")): Object: 'Object Repository/2-OBJECTS TAREAS SECUNDARIAS/Pruebas Seguridad/6.1.7-Seleccionar Empresa/a_SARA_usuarioformatabtabla_roles0j_idt151' is clicked on

2022-04-11 12:37:37 - [MESSAGE][PASSED] - Object: 'Object Repository/2-OBJECTS TAREAS SECUNDARIAS/Pruebas Seguridad/6.1.7-Seleccionar Empresa/a_SARA_usuarioformatabtabla_roles0j_idt151' is clicked on

2022-04-11 12:37:37 - [TEST_STEP][PASSED] - click(findTestObject("2-OBJECTS TAREAS SECUNDARIAS/Pruebas Seguridad/6.1.7-Seleccionar Empresa/a_Aceptar_Acceso particular")): Object 'Object Repository/2-OBJECTS TAREAS SECUNDARIAS/Pruebas Seguridad/6.1.7-Seleccionar Empresa/a_SARA_usuarioformatabtabla_roles0j_idt151' is visible

2022-04-11 12:37:37 - [MESSAGE][PASSED] - Object: 'Object Repository/2-OBJECTS TAREAS SECUNDARIAS/Pruebas Seguridad/6.1.7-Seleccionar Empresa/a_Aceptar_Acceso particular' is clicked on

2022-04-11 12:37:38 - [MESSAGE][PASSED] - Object 'Object Repository/2-OBJECTS TAREAS SECUNDARIAS/Pruebas Seguridad/6.1.7-Seleccionar Empresa/a_SARA_usuarioformatabtabla_roles0j_idt151' is visible

2022-04-11 12:37:38 - [TEST_STEP][PASSED] - click(findTestObject("2-OBJECTS TAREAS SECUNDARIAS/Pruebas Seguridad/6.1.7-Seleccionar Empresa/a_SARA_usuarioformatabtabla_roles0j_idt151")): Object: 'Object Repository/2-OBJECTS TAREAS SECUNDARIAS/Pruebas Seguridad/6.1.7-Seleccionar Empresa/a_SARA_usuarioformatabtabla_roles0j_idt151' is clicked on

2022-04-11 12:37:38 - [MESSAGE][PASSED] - Object: 'Object Repository/2-OBJECTS TAREAS SECUNDARIAS/Pruebas Seguridad/6.1.7-Seleccionar Empresa/a_SARA_usuarioformatabtabla_roles0j_idt151' is clicked on

2022-04-11 12:37:38 - [TEST_STEP][PASSED] - click(findTestObject("2-OBJECTS TAREAS SECUNDARIAS/Pruebas Seguridad/6.1.7-Seleccionar Empresa/a_Aceptar_Acceso particular")): Object 'Object Repository/2-OBJECTS TAREAS SECUNDARIAS/Pruebas Seguridad/6.1.7-Seleccionar Empresa/a_SARA_usuarioformatabtabla_roles0j_idt151' is visible

2022-04-11 12:37:39 - [MESSAGE][PASSED] - Object: 'Object Repository/2-OBJECTS TAREAS SECUNDARIAS/Pruebas Seguridad/6.1.7-Seleccionar Empresa/a_Aceptar_Acceso particular' is clicked on

2022-04-11 12:37:40 - [MESSAGE][PASSED] - Object 'Object Repository/2-OBJECTS TAREAS SECUNDARIAS/Pruebas Seguridad/6.1.7-Seleccionar Empresa/a_SARA_usuarioformatabtabla_roles0j_idt151' is visible

2022-04-11 12:37:40 - [TEST_STEP][PASSED] - click(findTestObject("2-OBJECTS TAREAS SECUNDARIAS/Pruebas Seguridad/6.1.7-Seleccionar Empresa/a_SARA_usuarioformatabtabla_roles0j_idt151")): Object: 'Object Repository/2-OBJECTS TAREAS SECUNDARIAS/Pruebas Seguridad/6.1.7-Seleccionar Empresa/a_SARA_usuarioformatabtabla_roles0j_idt151' is clicked on

2022-04-11 12:37:40 - [MESSAGE][PASSED] - Object: 'Object Repository/2-OBJECTS TAREAS SECUNDARIAS/Pruebas Seguridad/6.1.7-Seleccionar Empresa/a_SARA_usuarioformatabtabla_roles0j_idt151' is clicked on

2022-04-11 12:37:40 - [TEST_STEP][PASSED] - click(findTestObject("2-OBJECTS TAREAS SECUNDARIAS/Pruebas Seguridad/6.1.7-Seleccionar Empresa/a_Aceptar_Acceso particular")): Object 'Object Repository/2-OBJECTS TAREAS SECUNDARIAS/Pruebas Seguridad/6.1.7-Seleccionar Empresa/a_SARA_usuarioformatabtabla_roles0j_idt151' is visible

2022-04-11 12:37:41 - [MESSAGE][PASSED] - Object: 'Object Repository/2-OBJECTS TAREAS SECUNDARIAS/Pruebas Seguridad/6.1.7-Seleccionar Empresa/a_Aceptar_Acceso particular' is clicked on

2022-04-11 12:37:41 - [MESSAGE][PASSED] - Object 'Object Repository/2-OBJECTS TAREAS SECUNDARIAS/Pruebas Seguridad/6.1.7-Seleccionar Empresa/a_SARA_usuarioformatabtabla_roles0j_idt151' is visible

2022-04-11 12:37:41 - [TEST_STEP][PASSED] - click(findTestObject("2-OBJECTS TAREAS SECUNDARIAS/Pruebas Seguridad/6.1.7-Seleccionar Empresa/a_SARA_usuarioformatabtabla_roles0j_idt151")): Object: 'Object Repository/2-OBJECTS TAREAS SECUNDARIAS/Pruebas Seguridad/6.1.7-Seleccionar Empresa/a_SARA_usuarioformatabtabla_roles0j_idt151' is clicked on

2022-04-11 12:37:42 - [MESSAGE][PASSED] - Object: 'Object Repository/2-OBJECTS TAREAS SECUNDARIAS/Pruebas Seguridad/6.1.7-Seleccionar Empresa/a_SARA_usuarioformatabtabla_roles0j_idt151' is clicked on

2022-04-11 12:37:42 - [TEST_STEP][PASSED] - click(findTestObject("2-OBJECTS TAREAS SECUNDARIAS/Pruebas Seguridad/6.1.7-Seleccionar Empresa/a_Aceptar_Acceso particular")): Web element with id: 'Object Repository/2-OBJECTS TAREAS SECUNDARIAS/Pruebas Seguridad/6.1.7-Seleccionar Empresa/a_SARA_usuarioformatabtabla_roles0j_idt151' located by '//a[@id='usuarioforma:tab:tabla_roles:0:j_idt151']' not found

2022-04-11 12:37:43 - [MESSAGE][PASSED] - Object: 'Object Repository/2-OBJECTS TAREAS SECUNDARIAS/Pruebas Seguridad/6.1.7-Seleccionar Empresa/a_Aceptar_Acceso particular' is clicked on

2022-04-11 12:37:45 - [MESSAGE][INFO] - Unable to find the element located by 'By.xpath: //a[@id='usuarioforma:tab:tabla_roles:0:j_idt151']'. Please recheck the objects properties to make sure the desired element is located. 

2022-04-11 12:37:45 - [MESSAGE][WARNING] - Web element with id: 'Object Repository/2-OBJECTS TAREAS SECUNDARIAS/Pruebas Seguridad/6.1.7-Seleccionar Empresa/a_SARA_usuarioformatabtabla_roles0j_idt151' located by '//a[@id='usuarioforma:tab:tabla_roles:0:j_idt151']' not found

2022-04-11 12:37:45 - [TEST_STEP][PASSED] - click(findTestObject("2-OBJECTS TAREAS SECUNDARIAS/Pruebas Seguridad/6.1.7-Seleccionar Empresa/a_Informacin")): Object: 'Object Repository/2-OBJECTS TAREAS SECUNDARIAS/Pruebas Seguridad/6.1.7-Seleccionar Empresa/a_Informacin' is clicked on

2022-04-11 12:37:45 - [MESSAGE][PASSED] - Object: 'Object Repository/2-OBJECTS TAREAS SECUNDARIAS/Pruebas Seguridad/6.1.7-Seleccionar Empresa/a_Informacin' is clicked on

2022-04-11 12:37:45 - [TEST_STEP][PASSED] - click(findTestObject("2-OBJECTS TAREAS SECUNDARIAS/Pruebas Seguridad/6.1.7-Seleccionar Empresa/a_Eliminar")): Object: 'Object Repository/2-OBJECTS TAREAS SECUNDARIAS/Pruebas Seguridad/6.1.7-Seleccionar Empresa/a_Eliminar' is clicked on

2022-04-11 12:37:46 - [MESSAGE][PASSED] - Object: 'Object Repository/2-OBJECTS TAREAS SECUNDARIAS/Pruebas Seguridad/6.1.7-Seleccionar Empresa/a_Eliminar' is clicked on

2022-04-11 12:37:46 - [TEST_STEP][PASSED] - click(findTestObject("2-OBJECTS TAREAS SECUNDARIAS/Pruebas Seguridad/6.1.7-Seleccionar Empresa/a_Aceptar_informacion")): Object: 'Object Repository/2-OBJECTS TAREAS SECUNDARIAS/Pruebas Seguridad/6.1.7-Seleccionar Empresa/a_Aceptar_informacion' is clicked on

2022-04-11 12:37:47 - [MESSAGE][PASSED] - Object: 'Object Repository/2-OBJECTS TAREAS SECUNDARIAS/Pruebas Seguridad/6.1.7-Seleccionar Empresa/a_Aceptar_informacion' is clicked on

2022-04-11 12:37:47 - [TEST_STEP][PASSED] - closeBrowser(): Browser is closed

2022-04-11 12:37:47 - [MESSAGE][PASSED] - Browser is closed]]></system-out>
         <system-err><![CDATA[]]></system-err>
      </testcase>
      <system-out><![CDATA[2022-04-11 12:34:24 - [TEST_SUITE][FAILED] - 6-Pruebas_seguridad: Test Cases/1.2-Tareas_Secundarias/6.1-Pruebas_Seguridad/6.1.1-Crear_Usuario,_contraseña,_Accesos_Particulares FAILED.
Reason:
com.kms.katalon.core.exception.StepFailedException: Unable to select option by index
	at com.kms.katalon.core.webui.keyword.internal.WebUIKeywordMain.stepFailed(WebUIKeywordMain.groovy:64)
	at com.kms.katalon.core.webui.keyword.internal.WebUIKeywordMain.runKeyword(WebUIKeywordMain.groovy:26)
	at com.kms.katalon.core.webui.keyword.builtin.SelectOptionByIndexKeyword.selectOptionByIndex(SelectOptionByIndexKeyword.groovy:93)
	at com.kms.katalon.core.webui.keyword.builtin.SelectOptionByIndexKeyword.execute(SelectOptionByIndexKeyword.groovy:68)
	at com.kms.katalon.core.keyword.internal.KeywordExecutor.executeKeywordForPlatform(KeywordExecutor.groovy:74)
	at com.kms.katalon.core.webui.keyword.WebUiBuiltInKeywords.selectOptionByIndex(WebUiBuiltInKeywords.groovy:1133)
	at com.kms.katalon.core.webui.keyword.WebUiBuiltInKeywords$selectOptionByIndex$9.call(Unknown Source)
	at 6.1.1-Crear_Usuario,_contraseña,_Accesos_Particulares.run(6.1.1-Crear_Usuario,_contraseña,_Accesos_Particulares:101)
	at com.kms.katalon.core.main.ScriptEngine.run(ScriptEngine.java:194)
	at com.kms.katalon.core.main.ScriptEngine.runScriptAsRawText(ScriptEngine.java:119)
	at com.kms.katalon.core.main.TestCaseExecutor.runScript(TestCaseExecutor.java:442)
	at com.kms.katalon.core.main.TestCaseExecutor.doExecute(TestCaseExecutor.java:433)
	at com.kms.katalon.core.main.TestCaseExecutor.processExecutionPhase(TestCaseExecutor.java:412)
	at com.kms.katalon.core.main.TestCaseExecutor.accessMainPhase(TestCaseExecutor.java:404)
	at com.kms.katalon.core.main.TestCaseExecutor.execute(TestCaseExecutor.java:281)
	at com.kms.katalon.core.main.TestSuiteExecutor.accessTestCaseMainPhase(TestSuiteExecutor.java:202)
	at com.kms.katalon.core.main.TestSuiteExecutor.accessTestSuiteMainPhase(TestSuiteExecutor.java:164)
	at com.kms.katalon.core.main.TestSuiteExecutor.execute(TestSuiteExecutor.java:105)
	at com.kms.katalon.core.main.TestCaseMain.startTestSuite(TestCaseMain.java:185)
	at com.kms.katalon.core.main.TestCaseMain$startTestSuite$0.call(Unknown Source)
	at TempTestSuite1649698457255.run(TempTestSuite1649698457255.groovy:36)
Caused by: java.lang.IllegalArgumentException: Object is null
	at com.kms.katalon.core.helper.KeywordHelper.checkTestObjectParameter(KeywordHelper.java:33)
	at com.kms.katalon.core.webui.keyword.builtin.SelectOptionByIndexKeyword$_selectOptionByIndex_closure1.doCall(SelectOptionByIndexKeyword.groovy:76)
	at com.kms.katalon.core.webui.keyword.builtin.SelectOptionByIndexKeyword$_selectOptionByIndex_closure1.call(SelectOptionByIndexKeyword.groovy)
	at com.kms.katalon.core.webui.keyword.internal.WebUIKeywordMain.runKeyword(WebUIKeywordMain.groovy:20)
	... 19 more]]></system-out>
      <system-err><![CDATA[2022-04-11 12:34:24 - [TEST_SUITE][FAILED] - 6-Pruebas_seguridad: Test Cases/1.2-Tareas_Secundarias/6.1-Pruebas_Seguridad/6.1.1-Crear_Usuario,_contraseña,_Accesos_Particulares FAILED.
Reason:
com.kms.katalon.core.exception.StepFailedException: Unable to select option by index
	at com.kms.katalon.core.webui.keyword.internal.WebUIKeywordMain.stepFailed(WebUIKeywordMain.groovy:64)
	at com.kms.katalon.core.webui.keyword.internal.WebUIKeywordMain.runKeyword(WebUIKeywordMain.groovy:26)
	at com.kms.katalon.core.webui.keyword.builtin.SelectOptionByIndexKeyword.selectOptionByIndex(SelectOptionByIndexKeyword.groovy:93)
	at com.kms.katalon.core.webui.keyword.builtin.SelectOptionByIndexKeyword.execute(SelectOptionByIndexKeyword.groovy:68)
	at com.kms.katalon.core.keyword.internal.KeywordExecutor.executeKeywordForPlatform(KeywordExecutor.groovy:74)
	at com.kms.katalon.core.webui.keyword.WebUiBuiltInKeywords.selectOptionByIndex(WebUiBuiltInKeywords.groovy:1133)
	at com.kms.katalon.core.webui.keyword.WebUiBuiltInKeywords$selectOptionByIndex$9.call(Unknown Source)
	at 6.1.1-Crear_Usuario,_contraseña,_Accesos_Particulares.run(6.1.1-Crear_Usuario,_contraseña,_Accesos_Particulares:101)
	at com.kms.katalon.core.main.ScriptEngine.run(ScriptEngine.java:194)
	at com.kms.katalon.core.main.ScriptEngine.runScriptAsRawText(ScriptEngine.java:119)
	at com.kms.katalon.core.main.TestCaseExecutor.runScript(TestCaseExecutor.java:442)
	at com.kms.katalon.core.main.TestCaseExecutor.doExecute(TestCaseExecutor.java:433)
	at com.kms.katalon.core.main.TestCaseExecutor.processExecutionPhase(TestCaseExecutor.java:412)
	at com.kms.katalon.core.main.TestCaseExecutor.accessMainPhase(TestCaseExecutor.java:404)
	at com.kms.katalon.core.main.TestCaseExecutor.execute(TestCaseExecutor.java:281)
	at com.kms.katalon.core.main.TestSuiteExecutor.accessTestCaseMainPhase(TestSuiteExecutor.java:202)
	at com.kms.katalon.core.main.TestSuiteExecutor.accessTestSuiteMainPhase(TestSuiteExecutor.java:164)
	at com.kms.katalon.core.main.TestSuiteExecutor.execute(TestSuiteExecutor.java:105)
	at com.kms.katalon.core.main.TestCaseMain.startTestSuite(TestCaseMain.java:185)
	at com.kms.katalon.core.main.TestCaseMain$startTestSuite$0.call(Unknown Source)
	at TempTestSuite1649698457255.run(TempTestSuite1649698457255.groovy:36)
Caused by: java.lang.IllegalArgumentException: Object is null
	at com.kms.katalon.core.helper.KeywordHelper.checkTestObjectParameter(KeywordHelper.java:33)
	at com.kms.katalon.core.webui.keyword.builtin.SelectOptionByIndexKeyword$_selectOptionByIndex_closure1.doCall(SelectOptionByIndexKeyword.groovy:76)
	at com.kms.katalon.core.webui.keyword.builtin.SelectOptionByIndexKeyword$_selectOptionByIndex_closure1.call(SelectOptionByIndexKeyword.groovy)
	at com.kms.katalon.core.webui.keyword.internal.WebUIKeywordMain.runKeyword(WebUIKeywordMain.groovy:20)
	... 19 more]]></system-err>
   </testsuite>
</testsuites>
