<?xml version="1.0" encoding="UTF-8"?>
<testsuites name="6-Pruebas_seguridad" time="205.758" tests="4" failures="0" errors="0">
   <testsuite name="6-Pruebas_seguridad" tests="4" failures="0" errors="0" time="205.758" skipped="0" timestamp="2022-04-11 12:55:55" hostname="diego.rojas - US-AF-000371" id="Test Suites/Test_Suite_Secundaria/6-Pruebas_seguridad">
      <properties>
         <property name="deviceName" value=""/>
         <property name="devicePlatform" value=""/>
         <property name="logFolder" value="C:\\Users\\diego.rojas\\git\\Pruebas-Minimas\\Reports\\20220411_125548\\Test_Suite_Secundaria\\6-Pruebas_seguridad\\20220411_125548"/>
         <property name="logFiles" value="C:\\Users\\diego.rojas\\git\\Pruebas-Minimas\\Reports\\20220411_125548\\Test_Suite_Secundaria\\6-Pruebas_seguridad\\20220411_125548\\execution0.log"/>
         <property name="attachments" value=""/>
         <property name="hostName" value="diego.rojas - US-AF-000371"/>
         <property name="os" value="Windows 10 64bit"/>
         <property name="katalonVersion" value="8.2.5.208"/>
         <property name="browser" value="Chrome 100.0.4896.75"/>
         <property name="hostAddress" value="192.168.56.1"/>
         <property name="sessionId" value="4e2605a4dba62e50793910f68e53f1bb"/>
         <property name="seleniumVersion" value="3.141.59"/>
         <property name="proxyInformation" value="ProxyInformation { proxyOption=NO_PROXY, proxyServerType=HTTP, username=, password=********, proxyServerAddress=, proxyServerPort=0, executionList=&quot;&quot;, isApplyToDesiredCapabilities=true }"/>
         <property name="platform" value="Windows 10"/>
      </properties>
      <testcase name="Test Cases/1.2-Tareas_Secundarias/6.1-Pruebas_Seguridad/6.1.1-Crear_Usuario,_contraseña,_Accesos_Particulares" time="30.233" classname="Test Cases/1.2-Tareas_Secundarias/6.1-Pruebas_Seguridad/6.1.1-Crear_Usuario,_contraseña,_Accesos_Particulares" status="PASSED">
         <system-out><![CDATA[2022-04-11 12:55:56 - [TEST_CASE][PASSED] - Test Cases/1.2-Tareas_Secundarias/6.1-Pruebas_Seguridad/6.1.1-Crear_Usuario,_contraseña,_Accesos_Particulares: Test Cases/1.2-Tareas_Secundarias/6.1-Pruebas_Seguridad/6.1.1-Crear_Usuario,_contraseña,_Accesos_Particulares

2022-04-11 12:55:56 - [TEST_STEP][PASSED] - today = new java.util.Date(): null

2022-04-11 12:55:56 - [TEST_STEP][PASSED] - todaysDate = today.format("dd/MM/yyyy HH:mm"): null

2022-04-11 12:55:56 - [TEST_STEP][PASSED] - random_double = Math.random() * 9999 + 999: null

2022-04-11 12:55:56 - [TEST_STEP][PASSED] - random_double = Math.round(random_double * 1000): null

2022-04-11 12:55:56 - [TEST_STEP][PASSED] - identificacion = toString().replace(".0", ""): null

2022-04-11 12:55:56 - [TEST_STEP][PASSED] - callTestCase(findTestCase("Utilidades-(atajos_para _tareas)/Login_Seguridad/Login-Seguridad"), [:], STOP_ON_FAILURE): Call Test Case 'Test Cases/Utilidades-(atajos_para _tareas)/Login_Seguridad/Login-Seguridad' successfully

2022-04-11 12:55:56 - [TEST_CASE][PASSED] - Test Cases/Utilidades-(atajos_para _tareas)/Login_Seguridad/Login-Seguridad: Test Cases/Utilidades-(atajos_para _tareas)/Login_Seguridad/Login-Seguridad

2022-04-11 12:55:57 - [TEST_STEP][PASSED] - openBrowser(""): Browser is opened with url: ''

2022-04-11 12:55:57 - [MESSAGE][INFO] - Starting 'Chrome' driver

2022-04-11 12:55:57 - [MESSAGE][INFO] - Action delay is set to 0 milliseconds

2022-04-11 12:55:59 - [MESSAGE][PASSED] - Browser is opened with url: ''

2022-04-11 12:55:59 - [TEST_STEP][PASSED] - maximizeWindow(): Current window maximized

2022-04-11 12:56:00 - [MESSAGE][PASSED] - Current window maximized

2022-04-11 12:56:00 - [TEST_STEP][PASSED] - i = G_Login_Seguridad: null

2022-04-11 12:56:00 - [TEST_STEP][PASSED] - url = new java.net.URL(i): null

2022-04-11 12:56:00 - [TEST_STEP][PASSED] - println("URL: " + url.toString()): null

2022-04-11 12:56:00 - [TEST_STEP][PASSED] - connection = url.openConnection(): null

2022-04-11 12:56:00 - [TEST_STEP][PASSED] - connection.setRequestMethod("GET"): null

2022-04-11 12:56:00 - [TEST_STEP][PASSED] - connection.setReadTimeout(2 * 1000): null

2022-04-11 12:56:00 - [TEST_STEP][PASSED] - try: null

2022-04-11 12:56:00 - [TEST_STEP][PASSED] - connection.connect(): null

2022-04-11 12:56:00 - [TEST_STEP][PASSED] - flag = connected: null

2022-04-11 12:56:00 - [TEST_STEP][PASSED] - println("Valor_ori: " + flag): null

2022-04-11 12:56:00 - [TEST_STEP][PASSED] - if (flag): null

2022-04-11 12:56:00 - [TEST_STEP][PASSED] - navigateToUrl(i): Navigate to 'http://192.168.2.19:8380/seguridadweb/' successfully

2022-04-11 12:56:01 - [MESSAGE][PASSED] - Navigate to 'http://192.168.2.19:8380/seguridadweb/' successfully

2022-04-11 12:56:01 - [TEST_STEP][PASSED] - a(): null

2022-04-11 12:56:01 - [TEST_STEP][PASSED] - setText(findTestObject("3-OBJECTS UTILIDADES/Login/input_USUARIO_loginusuario"), G_Usuario): Text 'saraadmin' is set on object 'Object Repository/3-OBJECTS UTILIDADES/Login/input_USUARIO_loginusuario'

2022-04-11 12:56:01 - [MESSAGE][PASSED] - Text 'saraadmin' is set on object 'Object Repository/3-OBJECTS UTILIDADES/Login/input_USUARIO_loginusuario'

2022-04-11 12:56:01 - [TEST_STEP][PASSED] - setEncryptedText(findTestObject("3-OBJECTS UTILIDADES/Login/input_CLAVE_loginpassword"), "MkG4/TYiCFC3cb2driP7+Q=="): Text ****** has been set on object 'Object Repository/3-OBJECTS UTILIDADES/Login/input_CLAVE_loginpassword'

2022-04-11 12:56:02 - [MESSAGE][PASSED] - Text ****** has been set on object 'Object Repository/3-OBJECTS UTILIDADES/Login/input_CLAVE_loginpassword'

2022-04-11 12:56:02 - [TEST_STEP][PASSED] - waitForElementClickable(findTestObject("3-OBJECTS UTILIDADES/Login/a_Ingresar"), G_TimeOut): Object 'Object Repository/3-OBJECTS UTILIDADES/Login/a_Ingresar' is clickable

2022-04-11 12:56:03 - [MESSAGE][PASSED] - Object 'Object Repository/3-OBJECTS UTILIDADES/Login/a_Ingresar' is clickable

2022-04-11 12:56:03 - [TEST_STEP][PASSED] - click(findTestObject("3-OBJECTS UTILIDADES/Login/a_Ingresar")): Object: 'Object Repository/3-OBJECTS UTILIDADES/Login/a_Ingresar' is clicked on

2022-04-11 12:56:04 - [MESSAGE][PASSED] - Object: 'Object Repository/3-OBJECTS UTILIDADES/Login/a_Ingresar' is clicked on

2022-04-11 12:56:04 - [TEST_STEP][PASSED] - element = findWebElement(findTestObject("3-OBJECTS UTILIDADES/Login/a_Ir"), 30): null

2022-04-11 12:56:04 - [TEST_STEP][PASSED] - executeJavaScript("arguments[0].click()", Arrays.asList(element)): Execute JavaScript 'arguments[0].click()' successfully

2022-04-11 12:56:04 - [MESSAGE][PASSED] - Execute JavaScript 'arguments[0].click()' successfully

2022-04-11 12:56:04 - [MESSAGE][PASSED] - Call Test Case 'Test Cases/Utilidades-(atajos_para _tareas)/Login_Seguridad/Login-Seguridad' successfully

2022-04-11 12:56:04 - [TEST_STEP][PASSED] - setText(findTestObject("2-OBJECTS TAREAS SECUNDARIAS/Pruebas Seguridad/Crear_Usuario,_contraseña,_Accesos_Particulares/input_Usuario_form_templatej_idt24_input"), "Usuario"): Text 'Usuario' is set on object 'Object Repository/2-OBJECTS TAREAS SECUNDARIAS/Pruebas Seguridad/Crear_Usuario,_contraseña,_Accesos_Particulares/input_Usuario_form_templatej_idt24_input'

2022-04-11 12:56:05 - [MESSAGE][PASSED] - Text 'Usuario' is set on object 'Object Repository/2-OBJECTS TAREAS SECUNDARIAS/Pruebas Seguridad/Crear_Usuario,_contraseña,_Accesos_Particulares/input_Usuario_form_templatej_idt24_input'

2022-04-11 12:56:05 - [TEST_STEP][PASSED] - click(findTestObject("2-OBJECTS TAREAS SECUNDARIAS/Pruebas Seguridad/Crear_Usuario,_contraseña,_Accesos_Particulares (1)/span_Usuario")): Object: 'Object Repository/2-OBJECTS TAREAS SECUNDARIAS/Pruebas Seguridad/Crear_Usuario,_contraseña,_Accesos_Particulares (1)/span_Usuario' is clicked on

2022-04-11 12:56:07 - [MESSAGE][PASSED] - Object: 'Object Repository/2-OBJECTS TAREAS SECUNDARIAS/Pruebas Seguridad/Crear_Usuario,_contraseña,_Accesos_Particulares (1)/span_Usuario' is clicked on

2022-04-11 12:56:07 - [TEST_STEP][PASSED] - if (waitForElementVisible(findTestObject("2-OBJECTS TAREAS SECUNDARIAS/Pruebas Seguridad/Crear_Usuario,_contraseña,_Accesos_Particulares (1)/span_Pruebas Katalon"), 1)): null

2022-04-11 12:56:07 - [MESSAGE][PASSED] - Object 'Object Repository/2-OBJECTS TAREAS SECUNDARIAS/Pruebas Seguridad/Crear_Usuario,_contraseña,_Accesos_Particulares (1)/span_Pruebas Katalon' is visible

2022-04-11 12:56:07 - [TEST_STEP][PASSED] - click(findTestObject("2-OBJECTS TAREAS SECUNDARIAS/Pruebas Seguridad/Crear_Usuario,_contraseña,_Accesos_Particulares (1)/span_Pruebas Katalon")): Object: 'Object Repository/2-OBJECTS TAREAS SECUNDARIAS/Pruebas Seguridad/Crear_Usuario,_contraseña,_Accesos_Particulares (1)/span_Pruebas Katalon' is clicked on

2022-04-11 12:56:08 - [MESSAGE][PASSED] - Object: 'Object Repository/2-OBJECTS TAREAS SECUNDARIAS/Pruebas Seguridad/Crear_Usuario,_contraseña,_Accesos_Particulares (1)/span_Pruebas Katalon' is clicked on

2022-04-11 12:56:08 - [TEST_STEP][PASSED] - click(findTestObject("2-OBJECTS TAREAS SECUNDARIAS/Pruebas Seguridad/Crear_Usuario,_contraseña,_Accesos_Particulares/a_Acceso Particular")): Object: 'Object Repository/2-OBJECTS TAREAS SECUNDARIAS/Pruebas Seguridad/Crear_Usuario,_contraseña,_Accesos_Particulares/a_Acceso Particular' is clicked on

2022-04-11 12:56:08 - [MESSAGE][PASSED] - Object: 'Object Repository/2-OBJECTS TAREAS SECUNDARIAS/Pruebas Seguridad/Crear_Usuario,_contraseña,_Accesos_Particulares/a_Acceso Particular' is clicked on

2022-04-11 12:56:08 - [TEST_STEP][PASSED] - if (waitForElementPresent(findTestObject("2-OBJECTS TAREAS SECUNDARIAS/Pruebas Seguridad/Crear_Usuario,_contraseña,_Accesos_Particulares/a_SARA_usuarioformatabtabla_roles0j_idt147"), 1)): null

2022-04-11 12:56:09 - [MESSAGE][PASSED] - Object 'Object Repository/2-OBJECTS TAREAS SECUNDARIAS/Pruebas Seguridad/Crear_Usuario,_contraseña,_Accesos_Particulares/a_SARA_usuarioformatabtabla_roles0j_idt147' is present

2022-04-11 12:56:09 - [TEST_STEP][PASSED] - click(findTestObject("2-OBJECTS TAREAS SECUNDARIAS/Pruebas Seguridad/Crear_Usuario,_contraseña,_Accesos_Particulares/a_SARA_usuarioformatabtabla_roles0j_idt147")): Object: 'Object Repository/2-OBJECTS TAREAS SECUNDARIAS/Pruebas Seguridad/Crear_Usuario,_contraseña,_Accesos_Particulares/a_SARA_usuarioformatabtabla_roles0j_idt147' is clicked on

2022-04-11 12:56:09 - [MESSAGE][PASSED] - Object: 'Object Repository/2-OBJECTS TAREAS SECUNDARIAS/Pruebas Seguridad/Crear_Usuario,_contraseña,_Accesos_Particulares/a_SARA_usuarioformatabtabla_roles0j_idt147' is clicked on

2022-04-11 12:56:09 - [TEST_STEP][PASSED] - click(findTestObject("2-OBJECTS TAREAS SECUNDARIAS/Pruebas Seguridad/Crear_Usuario,_contraseña,_Accesos_Particulares/a_link_aceptar")): Object: 'Object Repository/2-OBJECTS TAREAS SECUNDARIAS/Pruebas Seguridad/Crear_Usuario,_contraseña,_Accesos_Particulares/a_link_aceptar' is clicked on

2022-04-11 12:56:10 - [MESSAGE][PASSED] - Object: 'Object Repository/2-OBJECTS TAREAS SECUNDARIAS/Pruebas Seguridad/Crear_Usuario,_contraseña,_Accesos_Particulares/a_link_aceptar' is clicked on

2022-04-11 12:56:10 - [TEST_STEP][PASSED] - click(findTestObject("2-OBJECTS TAREAS SECUNDARIAS/Pruebas Seguridad/Crear_Usuario,_contraseña,_Accesos_Particulares/a_Informacin")): Object: 'Object Repository/2-OBJECTS TAREAS SECUNDARIAS/Pruebas Seguridad/Crear_Usuario,_contraseña,_Accesos_Particulares/a_Informacin' is clicked on

2022-04-11 12:56:11 - [MESSAGE][PASSED] - Object: 'Object Repository/2-OBJECTS TAREAS SECUNDARIAS/Pruebas Seguridad/Crear_Usuario,_contraseña,_Accesos_Particulares/a_Informacin' is clicked on

2022-04-11 12:56:11 - [TEST_STEP][PASSED] - click(findTestObject("2-OBJECTS TAREAS SECUNDARIAS/Pruebas Seguridad/Crear_Usuario,_contraseña,_Accesos_Particulares/a_Eliminar")): Object: 'Object Repository/2-OBJECTS TAREAS SECUNDARIAS/Pruebas Seguridad/Crear_Usuario,_contraseña,_Accesos_Particulares/a_Eliminar' is clicked on

2022-04-11 12:56:11 - [MESSAGE][PASSED] - Object: 'Object Repository/2-OBJECTS TAREAS SECUNDARIAS/Pruebas Seguridad/Crear_Usuario,_contraseña,_Accesos_Particulares/a_Eliminar' is clicked on

2022-04-11 12:56:11 - [TEST_STEP][PASSED] - click(findTestObject("2-OBJECTS TAREAS SECUNDARIAS/Pruebas Seguridad/Crear_Usuario,_contraseña,_Accesos_Particulares/a_link_aceptar")): Object: 'Object Repository/2-OBJECTS TAREAS SECUNDARIAS/Pruebas Seguridad/Crear_Usuario,_contraseña,_Accesos_Particulares/a_link_aceptar' is clicked on

2022-04-11 12:56:12 - [MESSAGE][PASSED] - Object: 'Object Repository/2-OBJECTS TAREAS SECUNDARIAS/Pruebas Seguridad/Crear_Usuario,_contraseña,_Accesos_Particulares/a_link_aceptar' is clicked on

2022-04-11 12:56:12 - [TEST_STEP][PASSED] - click(findTestObject("2-OBJECTS TAREAS SECUNDARIAS/Pruebas Seguridad/Crear_Usuario,_contraseña,_Accesos_Particulares/a_Nuevo")): Object: 'Object Repository/2-OBJECTS TAREAS SECUNDARIAS/Pruebas Seguridad/Crear_Usuario,_contraseña,_Accesos_Particulares/a_Nuevo' is clicked on

2022-04-11 12:56:12 - [MESSAGE][PASSED] - Object: 'Object Repository/2-OBJECTS TAREAS SECUNDARIAS/Pruebas Seguridad/Crear_Usuario,_contraseña,_Accesos_Particulares/a_Nuevo' is clicked on

2022-04-11 12:56:12 - [TEST_STEP][PASSED] - setText(findTestObject("2-OBJECTS TAREAS SECUNDARIAS/Pruebas Seguridad/Crear_Usuario,_contraseña,_Accesos_Particulares/input_Sesin_usuarioformatablogin"), todaysDate): Text '11/04/2022 12:55' is set on object 'Object Repository/2-OBJECTS TAREAS SECUNDARIAS/Pruebas Seguridad/Crear_Usuario,_contraseña,_Accesos_Particulares/input_Sesin_usuarioformatablogin'

2022-04-11 12:56:13 - [MESSAGE][PASSED] - Text '11/04/2022 12:55' is set on object 'Object Repository/2-OBJECTS TAREAS SECUNDARIAS/Pruebas Seguridad/Crear_Usuario,_contraseña,_Accesos_Particulares/input_Sesin_usuarioformatablogin'

2022-04-11 12:56:13 - [TEST_STEP][PASSED] - setText(findTestObject("2-OBJECTS TAREAS SECUNDARIAS/Pruebas Seguridad/Crear_Usuario,_contraseña,_Accesos_Particulares/input_Documento_usuarioformatabdocumento"), identificacion): Text '6084450' is set on object 'Object Repository/2-OBJECTS TAREAS SECUNDARIAS/Pruebas Seguridad/Crear_Usuario,_contraseña,_Accesos_Particulares/input_Documento_usuarioformatabdocumento'

2022-04-11 12:56:14 - [MESSAGE][PASSED] - Text '6084450' is set on object 'Object Repository/2-OBJECTS TAREAS SECUNDARIAS/Pruebas Seguridad/Crear_Usuario,_contraseña,_Accesos_Particulares/input_Documento_usuarioformatabdocumento'

2022-04-11 12:56:14 - [TEST_STEP][PASSED] - setText(findTestObject("2-OBJECTS TAREAS SECUNDARIAS/Pruebas Seguridad/Crear_Usuario,_contraseña,_Accesos_Particulares/input_Nombre_usuarioformatabnombre"), "Pruebas Katalon"): Text 'Pruebas Katalon' is set on object 'Object Repository/2-OBJECTS TAREAS SECUNDARIAS/Pruebas Seguridad/Crear_Usuario,_contraseña,_Accesos_Particulares/input_Nombre_usuarioformatabnombre'

2022-04-11 12:56:15 - [MESSAGE][PASSED] - Text 'Pruebas Katalon' is set on object 'Object Repository/2-OBJECTS TAREAS SECUNDARIAS/Pruebas Seguridad/Crear_Usuario,_contraseña,_Accesos_Particulares/input_Nombre_usuarioformatabnombre'

2022-04-11 12:56:15 - [TEST_STEP][PASSED] - setText(findTestObject("2-OBJECTS TAREAS SECUNDARIAS/Pruebas Seguridad/Crear_Usuario,_contraseña,_Accesos_Particulares/input_Correo_usuarioformatabemail"), identificacion + "noodle@gmail.com"): Text '6084450noodle@gmail.com' is set on object 'Object Repository/2-OBJECTS TAREAS SECUNDARIAS/Pruebas Seguridad/Crear_Usuario,_contraseña,_Accesos_Particulares/input_Correo_usuarioformatabemail'

2022-04-11 12:56:16 - [MESSAGE][PASSED] - Text '6084450noodle@gmail.com' is set on object 'Object Repository/2-OBJECTS TAREAS SECUNDARIAS/Pruebas Seguridad/Crear_Usuario,_contraseña,_Accesos_Particulares/input_Correo_usuarioformatabemail'

2022-04-11 12:56:16 - [TEST_STEP][PASSED] - click(findTestObject("2-OBJECTS TAREAS SECUNDARIAS/Pruebas Seguridad/Crear_Usuario,_contraseña,_Accesos_Particulares/label_Activo")): Object: 'Object Repository/2-OBJECTS TAREAS SECUNDARIAS/Pruebas Seguridad/Crear_Usuario,_contraseña,_Accesos_Particulares/label_Activo' is clicked on

2022-04-11 12:56:16 - [MESSAGE][PASSED] - Object: 'Object Repository/2-OBJECTS TAREAS SECUNDARIAS/Pruebas Seguridad/Crear_Usuario,_contraseña,_Accesos_Particulares/label_Activo' is clicked on

2022-04-11 12:56:16 - [TEST_STEP][PASSED] - selectOptionByIndex(findTestObject("2-OBJECTS TAREAS SECUNDARIAS/Pruebas Seguridad/Crear_Usuario,_contraseña,_Accesos_Particulares/select_-- Seleccione --Grupo a"), 1): All options with index in [1] are selected on object 'Object Repository/2-OBJECTS TAREAS SECUNDARIAS/Pruebas Seguridad/Crear_Usuario,_contraseña,_Accesos_Particulares/select_-- Seleccione --Grupo a'

2022-04-11 12:56:17 - [MESSAGE][PASSED] - All options with index in [1] are selected on object 'Object Repository/2-OBJECTS TAREAS SECUNDARIAS/Pruebas Seguridad/Crear_Usuario,_contraseña,_Accesos_Particulares/select_-- Seleccione --Grupo a'

2022-04-11 12:56:17 - [TEST_STEP][PASSED] - click(findTestObject("2-OBJECTS TAREAS SECUNDARIAS/Pruebas Seguridad/Crear_Usuario,_contraseña,_Accesos_Particulares/a_Guardar")): Object: 'Object Repository/2-OBJECTS TAREAS SECUNDARIAS/Pruebas Seguridad/Crear_Usuario,_contraseña,_Accesos_Particulares/a_Guardar' is clicked on

2022-04-11 12:56:18 - [MESSAGE][PASSED] - Object: 'Object Repository/2-OBJECTS TAREAS SECUNDARIAS/Pruebas Seguridad/Crear_Usuario,_contraseña,_Accesos_Particulares/a_Guardar' is clicked on

2022-04-11 12:56:18 - [TEST_STEP][PASSED] - click(findTestObject("2-OBJECTS TAREAS SECUNDARIAS/Pruebas Seguridad/Crear_Usuario,_contraseña,_Accesos_Particulares/a_Contrasea")): Object: 'Object Repository/2-OBJECTS TAREAS SECUNDARIAS/Pruebas Seguridad/Crear_Usuario,_contraseña,_Accesos_Particulares/a_Contrasea' is clicked on

2022-04-11 12:56:18 - [MESSAGE][PASSED] - Object: 'Object Repository/2-OBJECTS TAREAS SECUNDARIAS/Pruebas Seguridad/Crear_Usuario,_contraseña,_Accesos_Particulares/a_Contrasea' is clicked on

2022-04-11 12:56:18 - [TEST_STEP][PASSED] - setEncryptedText(findTestObject("2-OBJECTS TAREAS SECUNDARIAS/Pruebas Seguridad/Crear_Usuario,_contraseña,_Accesos_Particulares/input_Contrasea_usuarioformatabpasswordNuevo"), "MkG4/TYiCFC3cb2driP7+Q=="): Text ****** has been set on object 'Object Repository/2-OBJECTS TAREAS SECUNDARIAS/Pruebas Seguridad/Crear_Usuario,_contraseña,_Accesos_Particulares/input_Contrasea_usuarioformatabpasswordNuevo'

2022-04-11 12:56:19 - [MESSAGE][PASSED] - Text ****** has been set on object 'Object Repository/2-OBJECTS TAREAS SECUNDARIAS/Pruebas Seguridad/Crear_Usuario,_contraseña,_Accesos_Particulares/input_Contrasea_usuarioformatabpasswordNuevo'

2022-04-11 12:56:19 - [TEST_STEP][PASSED] - setEncryptedText(findTestObject("2-OBJECTS TAREAS SECUNDARIAS/Pruebas Seguridad/Crear_Usuario,_contraseña,_Accesos_Particulares/input_Confirmar_usuarioformatabpasswordConfirma"), "MkG4/TYiCFC3cb2driP7+Q=="): Text ****** has been set on object 'Object Repository/2-OBJECTS TAREAS SECUNDARIAS/Pruebas Seguridad/Crear_Usuario,_contraseña,_Accesos_Particulares/input_Confirmar_usuarioformatabpasswordConfirma'

2022-04-11 12:56:19 - [MESSAGE][PASSED] - Text ****** has been set on object 'Object Repository/2-OBJECTS TAREAS SECUNDARIAS/Pruebas Seguridad/Crear_Usuario,_contraseña,_Accesos_Particulares/input_Confirmar_usuarioformatabpasswordConfirma'

2022-04-11 12:56:19 - [TEST_STEP][PASSED] - click(findTestObject("2-OBJECTS TAREAS SECUNDARIAS/Pruebas Seguridad/Crear_Usuario,_contraseña,_Accesos_Particulares/a_Actualizar")): Object: 'Object Repository/2-OBJECTS TAREAS SECUNDARIAS/Pruebas Seguridad/Crear_Usuario,_contraseña,_Accesos_Particulares/a_Actualizar' is clicked on

2022-04-11 12:56:20 - [MESSAGE][PASSED] - Object: 'Object Repository/2-OBJECTS TAREAS SECUNDARIAS/Pruebas Seguridad/Crear_Usuario,_contraseña,_Accesos_Particulares/a_Actualizar' is clicked on

2022-04-11 12:56:20 - [TEST_STEP][PASSED] - click(findTestObject("2-OBJECTS TAREAS SECUNDARIAS/Pruebas Seguridad/Crear_Usuario,_contraseña,_Accesos_Particulares/a_Acceso Particular")): Object: 'Object Repository/2-OBJECTS TAREAS SECUNDARIAS/Pruebas Seguridad/Crear_Usuario,_contraseña,_Accesos_Particulares/a_Acceso Particular' is clicked on

2022-04-11 12:56:21 - [MESSAGE][PASSED] - Object: 'Object Repository/2-OBJECTS TAREAS SECUNDARIAS/Pruebas Seguridad/Crear_Usuario,_contraseña,_Accesos_Particulares/a_Acceso Particular' is clicked on

2022-04-11 12:56:21 - [TEST_STEP][PASSED] - selectOptionByIndex(findTestObject("2-OBJECTS TAREAS SECUNDARIAS/Pruebas Seguridad/Crear_Usuario,_contraseña,_Accesos_Particulares/select_Seleccione1ADMINISTRADORADMINISTRADOR_MASIVO"), 15): All options with index in [15] are selected on object 'Object Repository/2-OBJECTS TAREAS SECUNDARIAS/Pruebas Seguridad/Crear_Usuario,_contraseña,_Accesos_Particulares/select_Seleccione1ADMINISTRADORADMINISTRADOR_MASIVO'

2022-04-11 12:56:22 - [MESSAGE][PASSED] - All options with index in [15] are selected on object 'Object Repository/2-OBJECTS TAREAS SECUNDARIAS/Pruebas Seguridad/Crear_Usuario,_contraseña,_Accesos_Particulares/select_Seleccione1ADMINISTRADORADMINISTRADOR_MASIVO'

2022-04-11 12:56:22 - [TEST_STEP][PASSED] - selectOptionByIndex(findTestObject("2-OBJECTS TAREAS SECUNDARIAS/Pruebas Seguridad/Crear_Usuario,_contraseña,_Accesos_Particulares/select_SeleccioneEmpresa 1Empresa 1"), 1): All options with index in [1] are selected on object 'Object Repository/2-OBJECTS TAREAS SECUNDARIAS/Pruebas Seguridad/Crear_Usuario,_contraseña,_Accesos_Particulares/select_SeleccioneEmpresa 1Empresa 1'

2022-04-11 12:56:23 - [MESSAGE][PASSED] - All options with index in [1] are selected on object 'Object Repository/2-OBJECTS TAREAS SECUNDARIAS/Pruebas Seguridad/Crear_Usuario,_contraseña,_Accesos_Particulares/select_SeleccioneEmpresa 1Empresa 1'

2022-04-11 12:56:23 - [TEST_STEP][PASSED] - selectOptionByIndex(findTestObject("2-OBJECTS TAREAS SECUNDARIAS/Pruebas Seguridad/Crear_Usuario,_contraseña,_Accesos_Particulares/select_SeleccioneSaraDS_Jboss (CompensacionDS)SaraDS_weblogic (CompensacionDS)seguridad jdbcSeguridadDS_Jboss"), 1): All options with index in [1] are selected on object 'Object Repository/2-OBJECTS TAREAS SECUNDARIAS/Pruebas Seguridad/Crear_Usuario,_contraseña,_Accesos_Particulares/select_SeleccioneSaraDS_Jboss (CompensacionDS)SaraDS_weblogic (CompensacionDS)seguridad jdbcSeguridadDS_Jboss'

2022-04-11 12:56:24 - [MESSAGE][PASSED] - All options with index in [1] are selected on object 'Object Repository/2-OBJECTS TAREAS SECUNDARIAS/Pruebas Seguridad/Crear_Usuario,_contraseña,_Accesos_Particulares/select_SeleccioneSaraDS_Jboss (CompensacionDS)SaraDS_weblogic (CompensacionDS)seguridad jdbcSeguridadDS_Jboss'

2022-04-11 12:56:24 - [TEST_STEP][PASSED] - selectOptionByIndex(findTestObject("2-OBJECTS TAREAS SECUNDARIAS/Pruebas Seguridad/Crear_Usuario,_contraseña,_Accesos_Particulares/select_--Seleccione--NUCLEO SISTEMASARAPORTAL SARASARA PRIMESARA APPSOFIASEGURIDADLMSSERVICIOSREGISTRO PERSONA"), 2): All options with index in [2] are selected on object 'Object Repository/2-OBJECTS TAREAS SECUNDARIAS/Pruebas Seguridad/Crear_Usuario,_contraseña,_Accesos_Particulares/select_--Seleccione--NUCLEO SISTEMASARAPORTAL SARASARA PRIMESARA APPSOFIASEGURIDADLMSSERVICIOSREGISTRO PERSONA'

2022-04-11 12:56:25 - [MESSAGE][PASSED] - All options with index in [2] are selected on object 'Object Repository/2-OBJECTS TAREAS SECUNDARIAS/Pruebas Seguridad/Crear_Usuario,_contraseña,_Accesos_Particulares/select_--Seleccione--NUCLEO SISTEMASARAPORTAL SARASARA PRIMESARA APPSOFIASEGURIDADLMSSERVICIOSREGISTRO PERSONA'

2022-04-11 12:56:25 - [TEST_STEP][PASSED] - click(findTestObject("2-OBJECTS TAREAS SECUNDARIAS/Pruebas Seguridad/Crear_Usuario,_contraseña,_Accesos_Particulares/a_Aplicacin_usuarioformatabtabla_rolesj_idt148")): Object: 'Object Repository/2-OBJECTS TAREAS SECUNDARIAS/Pruebas Seguridad/Crear_Usuario,_contraseña,_Accesos_Particulares/a_Aplicacin_usuarioformatabtabla_rolesj_idt148' is clicked on

2022-04-11 12:56:26 - [MESSAGE][PASSED] - Object: 'Object Repository/2-OBJECTS TAREAS SECUNDARIAS/Pruebas Seguridad/Crear_Usuario,_contraseña,_Accesos_Particulares/a_Aplicacin_usuarioformatabtabla_rolesj_idt148' is clicked on]]></system-out>
         <system-err><![CDATA[]]></system-err>
      </testcase>
      <testcase name="Test Cases/1.2-Tareas_Secundarias/6.1-Pruebas_Seguridad/6.1.2-Crear_Rol_y_Acceso_Roles" time="26.741" classname="Test Cases/1.2-Tareas_Secundarias/6.1-Pruebas_Seguridad/6.1.2-Crear_Rol_y_Acceso_Roles" status="PASSED">
         <system-out><![CDATA[2022-04-11 12:56:26 - [TEST_CASE][PASSED] - Test Cases/1.2-Tareas_Secundarias/6.1-Pruebas_Seguridad/6.1.2-Crear_Rol_y_Acceso_Roles: Test Cases/1.2-Tareas_Secundarias/6.1-Pruebas_Seguridad/6.1.2-Crear_Rol_y_Acceso_Roles

2022-04-11 12:56:26 - [TEST_STEP][PASSED] - callTestCase(findTestCase("Utilidades-(atajos_para _tareas)/Login_Seguridad/Login-Seguridad"), [:], STOP_ON_FAILURE): Call Test Case 'Test Cases/Utilidades-(atajos_para _tareas)/Login_Seguridad/Login-Seguridad' successfully

2022-04-11 12:56:26 - [TEST_CASE][PASSED] - Test Cases/Utilidades-(atajos_para _tareas)/Login_Seguridad/Login-Seguridad: Test Cases/Utilidades-(atajos_para _tareas)/Login_Seguridad/Login-Seguridad

2022-04-11 12:56:26 - [TEST_STEP][PASSED] - openBrowser(""): Browser is opened with url: ''

2022-04-11 12:56:26 - [MESSAGE][WARNING] - A browser is already opened. Closing browser and opening a new one

2022-04-11 12:56:27 - [MESSAGE][INFO] - Starting 'Chrome' driver

2022-04-11 12:56:27 - [MESSAGE][INFO] - Action delay is set to 0 milliseconds

2022-04-11 12:56:28 - [MESSAGE][PASSED] - Browser is opened with url: ''

2022-04-11 12:56:28 - [TEST_STEP][PASSED] - maximizeWindow(): Current window maximized

2022-04-11 12:56:29 - [MESSAGE][PASSED] - Current window maximized

2022-04-11 12:56:29 - [TEST_STEP][PASSED] - i = G_Login_Seguridad: null

2022-04-11 12:56:29 - [TEST_STEP][PASSED] - url = new java.net.URL(i): null

2022-04-11 12:56:29 - [TEST_STEP][PASSED] - println("URL: " + url.toString()): null

2022-04-11 12:56:29 - [TEST_STEP][PASSED] - connection = url.openConnection(): null

2022-04-11 12:56:29 - [TEST_STEP][PASSED] - connection.setRequestMethod("GET"): null

2022-04-11 12:56:29 - [TEST_STEP][PASSED] - connection.setReadTimeout(2 * 1000): null

2022-04-11 12:56:29 - [TEST_STEP][PASSED] - try: null

2022-04-11 12:56:29 - [TEST_STEP][PASSED] - connection.connect(): null

2022-04-11 12:56:29 - [TEST_STEP][PASSED] - flag = connected: null

2022-04-11 12:56:29 - [TEST_STEP][PASSED] - println("Valor_ori: " + flag): null

2022-04-11 12:56:29 - [TEST_STEP][PASSED] - if (flag): null

2022-04-11 12:56:29 - [TEST_STEP][PASSED] - navigateToUrl(i): Navigate to 'http://192.168.2.19:8380/seguridadweb/' successfully

2022-04-11 12:56:29 - [MESSAGE][PASSED] - Navigate to 'http://192.168.2.19:8380/seguridadweb/' successfully

2022-04-11 12:56:29 - [TEST_STEP][PASSED] - a(): null

2022-04-11 12:56:29 - [TEST_STEP][PASSED] - setText(findTestObject("3-OBJECTS UTILIDADES/Login/input_USUARIO_loginusuario"), G_Usuario): Text 'saraadmin' is set on object 'Object Repository/3-OBJECTS UTILIDADES/Login/input_USUARIO_loginusuario'

2022-04-11 12:56:30 - [MESSAGE][PASSED] - Text 'saraadmin' is set on object 'Object Repository/3-OBJECTS UTILIDADES/Login/input_USUARIO_loginusuario'

2022-04-11 12:56:30 - [TEST_STEP][PASSED] - setEncryptedText(findTestObject("3-OBJECTS UTILIDADES/Login/input_CLAVE_loginpassword"), "MkG4/TYiCFC3cb2driP7+Q=="): Text ****** has been set on object 'Object Repository/3-OBJECTS UTILIDADES/Login/input_CLAVE_loginpassword'

2022-04-11 12:56:30 - [MESSAGE][PASSED] - Text ****** has been set on object 'Object Repository/3-OBJECTS UTILIDADES/Login/input_CLAVE_loginpassword'

2022-04-11 12:56:30 - [TEST_STEP][PASSED] - waitForElementClickable(findTestObject("3-OBJECTS UTILIDADES/Login/a_Ingresar"), G_TimeOut): Object 'Object Repository/3-OBJECTS UTILIDADES/Login/a_Ingresar' is clickable

2022-04-11 12:56:31 - [MESSAGE][PASSED] - Object 'Object Repository/3-OBJECTS UTILIDADES/Login/a_Ingresar' is clickable

2022-04-11 12:56:31 - [TEST_STEP][PASSED] - click(findTestObject("3-OBJECTS UTILIDADES/Login/a_Ingresar")): Object: 'Object Repository/3-OBJECTS UTILIDADES/Login/a_Ingresar' is clicked on

2022-04-11 12:56:32 - [MESSAGE][PASSED] - Object: 'Object Repository/3-OBJECTS UTILIDADES/Login/a_Ingresar' is clicked on

2022-04-11 12:56:32 - [TEST_STEP][PASSED] - element = findWebElement(findTestObject("3-OBJECTS UTILIDADES/Login/a_Ir"), 30): null

2022-04-11 12:56:32 - [TEST_STEP][PASSED] - executeJavaScript("arguments[0].click()", Arrays.asList(element)): Execute JavaScript 'arguments[0].click()' successfully

2022-04-11 12:56:32 - [MESSAGE][PASSED] - Execute JavaScript 'arguments[0].click()' successfully

2022-04-11 12:56:32 - [MESSAGE][PASSED] - Call Test Case 'Test Cases/Utilidades-(atajos_para _tareas)/Login_Seguridad/Login-Seguridad' successfully

2022-04-11 12:56:32 - [TEST_STEP][PASSED] - setText(findTestObject("2-OBJECTS TAREAS SECUNDARIAS/Pruebas Seguridad/Crear_Rol_y_Acceso_Roles/input_Usuario_form_templatej_idt24_input"), "Roles"): Text 'Roles' is set on object 'Object Repository/2-OBJECTS TAREAS SECUNDARIAS/Pruebas Seguridad/Crear_Rol_y_Acceso_Roles/input_Usuario_form_templatej_idt24_input'

2022-04-11 12:56:33 - [MESSAGE][PASSED] - Text 'Roles' is set on object 'Object Repository/2-OBJECTS TAREAS SECUNDARIAS/Pruebas Seguridad/Crear_Rol_y_Acceso_Roles/input_Usuario_form_templatej_idt24_input'

2022-04-11 12:56:33 - [TEST_STEP][PASSED] - click(findTestObject("2-OBJECTS TAREAS SECUNDARIAS/Pruebas Seguridad/Crear_Rol_y_Acceso_Roles/li_Roles")): Object: 'Object Repository/2-OBJECTS TAREAS SECUNDARIAS/Pruebas Seguridad/Crear_Rol_y_Acceso_Roles/li_Roles' is clicked on

2022-04-11 12:56:34 - [MESSAGE][PASSED] - Object: 'Object Repository/2-OBJECTS TAREAS SECUNDARIAS/Pruebas Seguridad/Crear_Rol_y_Acceso_Roles/li_Roles' is clicked on

2022-04-11 12:56:34 - [TEST_STEP][PASSED] - setText(findTestObject("2-OBJECTS TAREAS SECUNDARIAS/Pruebas Seguridad/Crear_Rol_y_Acceso_Roles/input_Portal_formj_idt61"), "pruebas katalon"): Text 'pruebas katalon' is set on object 'Object Repository/2-OBJECTS TAREAS SECUNDARIAS/Pruebas Seguridad/Crear_Rol_y_Acceso_Roles/input_Portal_formj_idt61'

2022-04-11 12:56:35 - [MESSAGE][PASSED] - Text 'pruebas katalon' is set on object 'Object Repository/2-OBJECTS TAREAS SECUNDARIAS/Pruebas Seguridad/Crear_Rol_y_Acceso_Roles/input_Portal_formj_idt61'

2022-04-11 12:56:35 - [TEST_STEP][PASSED] - sendKeys(findTestObject("2-OBJECTS TAREAS SECUNDARIAS/Pruebas Seguridad/Crear_Rol_y_Acceso_Roles/input_Portal_formj_idt61"), Keys.chord(ENTER)): Keys 'ENTER + ' sent to object: 'Object Repository/2-OBJECTS TAREAS SECUNDARIAS/Pruebas Seguridad/Crear_Rol_y_Acceso_Roles/input_Portal_formj_idt61'

2022-04-11 12:56:36 - [MESSAGE][PASSED] - Keys 'ENTER + ' sent to object: 'Object Repository/2-OBJECTS TAREAS SECUNDARIAS/Pruebas Seguridad/Crear_Rol_y_Acceso_Roles/input_Portal_formj_idt61'

2022-04-11 12:56:36 - [TEST_STEP][PASSED] - if (waitForElementVisible(findTestObject("2-OBJECTS TAREAS SECUNDARIAS/Pruebas Seguridad/Crear_Rol_y_Acceso_Roles/td_Pruebas katalon"), 1)): null

2022-04-11 12:56:36 - [MESSAGE][PASSED] - Object 'Object Repository/2-OBJECTS TAREAS SECUNDARIAS/Pruebas Seguridad/Crear_Rol_y_Acceso_Roles/td_Pruebas katalon' is visible

2022-04-11 12:56:36 - [TEST_STEP][PASSED] - click(findTestObject("2-OBJECTS TAREAS SECUNDARIAS/Pruebas Seguridad/Crear_Rol_y_Acceso_Roles/td_Pruebas katalon")): Object: 'Object Repository/2-OBJECTS TAREAS SECUNDARIAS/Pruebas Seguridad/Crear_Rol_y_Acceso_Roles/td_Pruebas katalon' is clicked on

2022-04-11 12:56:37 - [MESSAGE][PASSED] - Object: 'Object Repository/2-OBJECTS TAREAS SECUNDARIAS/Pruebas Seguridad/Crear_Rol_y_Acceso_Roles/td_Pruebas katalon' is clicked on

2022-04-11 12:56:37 - [TEST_STEP][PASSED] - click(findTestObject("2-OBJECTS TAREAS SECUNDARIAS/Pruebas Seguridad/Crear_Rol_y_Acceso_Roles/a_Acceso Roles")): Object: 'Object Repository/2-OBJECTS TAREAS SECUNDARIAS/Pruebas Seguridad/Crear_Rol_y_Acceso_Roles/a_Acceso Roles' is clicked on

2022-04-11 12:56:37 - [MESSAGE][PASSED] - Object: 'Object Repository/2-OBJECTS TAREAS SECUNDARIAS/Pruebas Seguridad/Crear_Rol_y_Acceso_Roles/a_Acceso Roles' is clicked on

2022-04-11 12:56:37 - [TEST_STEP][PASSED] - if (waitForElementClickable(findTestObject("2-OBJECTS TAREAS SECUNDARIAS/Pruebas Seguridad/Crear_Rol_y_Acceso_Roles/a_SARA_formtabtabla_roles0j_idt134"), 1)): null

2022-04-11 12:56:38 - [MESSAGE][PASSED] - Object 'Object Repository/2-OBJECTS TAREAS SECUNDARIAS/Pruebas Seguridad/Crear_Rol_y_Acceso_Roles/a_SARA_formtabtabla_roles0j_idt134' is clickable

2022-04-11 12:56:38 - [TEST_STEP][PASSED] - click(findTestObject("2-OBJECTS TAREAS SECUNDARIAS/Pruebas Seguridad/Crear_Rol_y_Acceso_Roles/a_SARA_formtabtabla_roles0j_idt134")): Object: 'Object Repository/2-OBJECTS TAREAS SECUNDARIAS/Pruebas Seguridad/Crear_Rol_y_Acceso_Roles/a_SARA_formtabtabla_roles0j_idt134' is clicked on

2022-04-11 12:56:39 - [MESSAGE][PASSED] - Object: 'Object Repository/2-OBJECTS TAREAS SECUNDARIAS/Pruebas Seguridad/Crear_Rol_y_Acceso_Roles/a_SARA_formtabtabla_roles0j_idt134' is clicked on

2022-04-11 12:56:39 - [TEST_STEP][PASSED] - click(findTestObject("2-OBJECTS TAREAS SECUNDARIAS/Pruebas Seguridad/Crear_Rol_y_Acceso_Roles/a_link_aceptar")): Object: 'Object Repository/2-OBJECTS TAREAS SECUNDARIAS/Pruebas Seguridad/Crear_Rol_y_Acceso_Roles/a_link_aceptar' is clicked on

2022-04-11 12:56:39 - [MESSAGE][PASSED] - Object: 'Object Repository/2-OBJECTS TAREAS SECUNDARIAS/Pruebas Seguridad/Crear_Rol_y_Acceso_Roles/a_link_aceptar' is clicked on

2022-04-11 12:56:39 - [TEST_STEP][PASSED] - click(findTestObject("2-OBJECTS TAREAS SECUNDARIAS/Pruebas Seguridad/Crear_Rol_y_Acceso_Roles/a_Roles")): Object: 'Object Repository/2-OBJECTS TAREAS SECUNDARIAS/Pruebas Seguridad/Crear_Rol_y_Acceso_Roles/a_Roles' is clicked on

2022-04-11 12:56:40 - [MESSAGE][PASSED] - Object: 'Object Repository/2-OBJECTS TAREAS SECUNDARIAS/Pruebas Seguridad/Crear_Rol_y_Acceso_Roles/a_Roles' is clicked on

2022-04-11 12:56:40 - [TEST_STEP][PASSED] - click(findTestObject("2-OBJECTS TAREAS SECUNDARIAS/Pruebas Seguridad/Crear_Rol_y_Acceso_Roles/a_Eliminar")): Object: 'Object Repository/2-OBJECTS TAREAS SECUNDARIAS/Pruebas Seguridad/Crear_Rol_y_Acceso_Roles/a_Eliminar' is clicked on

2022-04-11 12:56:41 - [MESSAGE][PASSED] - Object: 'Object Repository/2-OBJECTS TAREAS SECUNDARIAS/Pruebas Seguridad/Crear_Rol_y_Acceso_Roles/a_Eliminar' is clicked on

2022-04-11 12:56:41 - [TEST_STEP][PASSED] - click(findTestObject("2-OBJECTS TAREAS SECUNDARIAS/Pruebas Seguridad/Crear_Rol_y_Acceso_Roles/a_link_aceptar")): Object: 'Object Repository/2-OBJECTS TAREAS SECUNDARIAS/Pruebas Seguridad/Crear_Rol_y_Acceso_Roles/a_link_aceptar' is clicked on

2022-04-11 12:56:41 - [MESSAGE][PASSED] - Object: 'Object Repository/2-OBJECTS TAREAS SECUNDARIAS/Pruebas Seguridad/Crear_Rol_y_Acceso_Roles/a_link_aceptar' is clicked on

2022-04-11 12:56:41 - [TEST_STEP][PASSED] - click(findTestObject("2-OBJECTS TAREAS SECUNDARIAS/Pruebas Seguridad/Crear_Rol_y_Acceso_Roles/a_Nuevo")): Object: 'Object Repository/2-OBJECTS TAREAS SECUNDARIAS/Pruebas Seguridad/Crear_Rol_y_Acceso_Roles/a_Nuevo' is clicked on

2022-04-11 12:56:42 - [MESSAGE][PASSED] - Object: 'Object Repository/2-OBJECTS TAREAS SECUNDARIAS/Pruebas Seguridad/Crear_Rol_y_Acceso_Roles/a_Nuevo' is clicked on

2022-04-11 12:56:42 - [TEST_STEP][PASSED] - setText(findTestObject("2-OBJECTS TAREAS SECUNDARIAS/Pruebas Seguridad/Crear_Rol_y_Acceso_Roles/input_Descripcin_formtabdescripcion"), "Pruebas katalon"): Text 'Pruebas katalon' is set on object 'Object Repository/2-OBJECTS TAREAS SECUNDARIAS/Pruebas Seguridad/Crear_Rol_y_Acceso_Roles/input_Descripcin_formtabdescripcion'

2022-04-11 12:56:43 - [MESSAGE][PASSED] - Text 'Pruebas katalon' is set on object 'Object Repository/2-OBJECTS TAREAS SECUNDARIAS/Pruebas Seguridad/Crear_Rol_y_Acceso_Roles/input_Descripcin_formtabdescripcion'

2022-04-11 12:56:43 - [TEST_STEP][PASSED] - selectOptionByIndex(findTestObject("2-OBJECTS TAREAS SECUNDARIAS/Pruebas Seguridad/Crear_Rol_y_Acceso_Roles/select_Seleccin Tipo TolRol ClienteRol Funcional"), 2): All options with index in [2] are selected on object 'Object Repository/2-OBJECTS TAREAS SECUNDARIAS/Pruebas Seguridad/Crear_Rol_y_Acceso_Roles/select_Seleccin Tipo TolRol ClienteRol Funcional'

2022-04-11 12:56:44 - [MESSAGE][PASSED] - All options with index in [2] are selected on object 'Object Repository/2-OBJECTS TAREAS SECUNDARIAS/Pruebas Seguridad/Crear_Rol_y_Acceso_Roles/select_Seleccin Tipo TolRol ClienteRol Funcional'

2022-04-11 12:56:44 - [TEST_STEP][PASSED] - setText(findTestObject("2-OBJECTS TAREAS SECUNDARIAS/Pruebas Seguridad/Crear_Rol_y_Acceso_Roles/input_Alias_formtabalias"), "pruebas k"): Text 'pruebas k' is set on object 'Object Repository/2-OBJECTS TAREAS SECUNDARIAS/Pruebas Seguridad/Crear_Rol_y_Acceso_Roles/input_Alias_formtabalias'

2022-04-11 12:56:45 - [MESSAGE][PASSED] - Text 'pruebas k' is set on object 'Object Repository/2-OBJECTS TAREAS SECUNDARIAS/Pruebas Seguridad/Crear_Rol_y_Acceso_Roles/input_Alias_formtabalias'

2022-04-11 12:56:45 - [TEST_STEP][PASSED] - selectOptionByIndex(findTestObject("2-OBJECTS TAREAS SECUNDARIAS/Pruebas Seguridad/Crear_Rol_y_Acceso_Roles/select_-- Seleccione --Grupo a"), 1): All options with index in [1] are selected on object 'Object Repository/2-OBJECTS TAREAS SECUNDARIAS/Pruebas Seguridad/Crear_Rol_y_Acceso_Roles/select_-- Seleccione --Grupo a'

2022-04-11 12:56:46 - [MESSAGE][PASSED] - All options with index in [1] are selected on object 'Object Repository/2-OBJECTS TAREAS SECUNDARIAS/Pruebas Seguridad/Crear_Rol_y_Acceso_Roles/select_-- Seleccione --Grupo a'

2022-04-11 12:56:46 - [TEST_STEP][PASSED] - click(findTestObject("2-OBJECTS TAREAS SECUNDARIAS/Pruebas Seguridad/Crear_Rol_y_Acceso_Roles/a_Guardar")): Object: 'Object Repository/2-OBJECTS TAREAS SECUNDARIAS/Pruebas Seguridad/Crear_Rol_y_Acceso_Roles/a_Guardar' is clicked on

2022-04-11 12:56:46 - [MESSAGE][PASSED] - Object: 'Object Repository/2-OBJECTS TAREAS SECUNDARIAS/Pruebas Seguridad/Crear_Rol_y_Acceso_Roles/a_Guardar' is clicked on

2022-04-11 12:56:46 - [TEST_STEP][PASSED] - click(findTestObject("2-OBJECTS TAREAS SECUNDARIAS/Pruebas Seguridad/Crear_Rol_y_Acceso_Roles/a_Acceso Roles")): Object: 'Object Repository/2-OBJECTS TAREAS SECUNDARIAS/Pruebas Seguridad/Crear_Rol_y_Acceso_Roles/a_Acceso Roles' is clicked on

2022-04-11 12:56:47 - [MESSAGE][PASSED] - Object: 'Object Repository/2-OBJECTS TAREAS SECUNDARIAS/Pruebas Seguridad/Crear_Rol_y_Acceso_Roles/a_Acceso Roles' is clicked on

2022-04-11 12:56:47 - [TEST_STEP][PASSED] - selectOptionByIndex(findTestObject("2-OBJECTS TAREAS SECUNDARIAS/Pruebas Seguridad/Crear_Rol_y_Acceso_Roles/select_SeleccioneEmpresa 1Empresa 1"), 1): All options with index in [1] are selected on object 'Object Repository/2-OBJECTS TAREAS SECUNDARIAS/Pruebas Seguridad/Crear_Rol_y_Acceso_Roles/select_SeleccioneEmpresa 1Empresa 1'

2022-04-11 12:56:49 - [MESSAGE][PASSED] - All options with index in [1] are selected on object 'Object Repository/2-OBJECTS TAREAS SECUNDARIAS/Pruebas Seguridad/Crear_Rol_y_Acceso_Roles/select_SeleccioneEmpresa 1Empresa 1'

2022-04-11 12:56:49 - [TEST_STEP][PASSED] - selectOptionByIndex(findTestObject("2-OBJECTS TAREAS SECUNDARIAS/Pruebas Seguridad/Crear_Rol_y_Acceso_Roles/select_SeleccioneSaraDS_Jboss (CompensacionDS)SaraDS_weblogic (CompensacionDS)seguridad jdbcSeguridadDS_Jboss"), 1): All options with index in [1] are selected on object 'Object Repository/2-OBJECTS TAREAS SECUNDARIAS/Pruebas Seguridad/Crear_Rol_y_Acceso_Roles/select_SeleccioneSaraDS_Jboss (CompensacionDS)SaraDS_weblogic (CompensacionDS)seguridad jdbcSeguridadDS_Jboss'

2022-04-11 12:56:50 - [MESSAGE][PASSED] - All options with index in [1] are selected on object 'Object Repository/2-OBJECTS TAREAS SECUNDARIAS/Pruebas Seguridad/Crear_Rol_y_Acceso_Roles/select_SeleccioneSaraDS_Jboss (CompensacionDS)SaraDS_weblogic (CompensacionDS)seguridad jdbcSeguridadDS_Jboss'

2022-04-11 12:56:50 - [TEST_STEP][PASSED] - selectOptionByIndex(findTestObject("2-OBJECTS TAREAS SECUNDARIAS/Pruebas Seguridad/Crear_Rol_y_Acceso_Roles/select_--Seleccione--NUCLEO SISTEMASARAPORTAL SARASARA PRIMESARA APPSOFIASEGURIDADLMSSERVICIOSREGISTRO PERSONA"), 2): All options with index in [2] are selected on object 'Object Repository/2-OBJECTS TAREAS SECUNDARIAS/Pruebas Seguridad/Crear_Rol_y_Acceso_Roles/select_--Seleccione--NUCLEO SISTEMASARAPORTAL SARASARA PRIMESARA APPSOFIASEGURIDADLMSSERVICIOSREGISTRO PERSONA'

2022-04-11 12:56:51 - [MESSAGE][PASSED] - All options with index in [2] are selected on object 'Object Repository/2-OBJECTS TAREAS SECUNDARIAS/Pruebas Seguridad/Crear_Rol_y_Acceso_Roles/select_--Seleccione--NUCLEO SISTEMASARAPORTAL SARASARA PRIMESARA APPSOFIASEGURIDADLMSSERVICIOSREGISTRO PERSONA'

2022-04-11 12:56:51 - [TEST_STEP][PASSED] - click(findTestObject("2-OBJECTS TAREAS SECUNDARIAS/Pruebas Seguridad/Crear_Rol_y_Acceso_Roles/a_Filter by Aplicacin_formtabtabla_rolesj_idt135")): Object: 'Object Repository/2-OBJECTS TAREAS SECUNDARIAS/Pruebas Seguridad/Crear_Rol_y_Acceso_Roles/a_Filter by Aplicacin_formtabtabla_rolesj_idt135' is clicked on

2022-04-11 12:56:52 - [MESSAGE][PASSED] - Object: 'Object Repository/2-OBJECTS TAREAS SECUNDARIAS/Pruebas Seguridad/Crear_Rol_y_Acceso_Roles/a_Filter by Aplicacin_formtabtabla_rolesj_idt135' is clicked on

2022-04-11 12:56:52 - [TEST_STEP][PASSED] - closeBrowser(): Browser is closed

2022-04-11 12:56:53 - [MESSAGE][PASSED] - Browser is closed]]></system-out>
         <system-err><![CDATA[]]></system-err>
      </testcase>
      <testcase name="Test Cases/1.2-Tareas_Secundarias/6.1-Pruebas_Seguridad/6.1.6-Crear_Empresa" time="16.364" classname="Test Cases/1.2-Tareas_Secundarias/6.1-Pruebas_Seguridad/6.1.6-Crear_Empresa" status="PASSED">
         <system-out><![CDATA[2022-04-11 12:56:53 - [TEST_CASE][PASSED] - Test Cases/1.2-Tareas_Secundarias/6.1-Pruebas_Seguridad/6.1.6-Crear_Empresa: Test Cases/1.2-Tareas_Secundarias/6.1-Pruebas_Seguridad/6.1.6-Crear_Empresa

2022-04-11 12:56:53 - [TEST_STEP][PASSED] - callTestCase(findTestCase("Utilidades-(atajos_para _tareas)/Login_Seguridad/Login-Seguridad"), [:], STOP_ON_FAILURE): Call Test Case 'Test Cases/Utilidades-(atajos_para _tareas)/Login_Seguridad/Login-Seguridad' successfully

2022-04-11 12:56:53 - [TEST_CASE][PASSED] - Test Cases/Utilidades-(atajos_para _tareas)/Login_Seguridad/Login-Seguridad: Test Cases/Utilidades-(atajos_para _tareas)/Login_Seguridad/Login-Seguridad

2022-04-11 12:56:53 - [TEST_STEP][PASSED] - openBrowser(""): Browser is opened with url: ''

2022-04-11 12:56:53 - [MESSAGE][INFO] - Starting 'Chrome' driver

2022-04-11 12:56:53 - [MESSAGE][INFO] - Action delay is set to 0 milliseconds

2022-04-11 12:56:54 - [MESSAGE][PASSED] - Browser is opened with url: ''

2022-04-11 12:56:54 - [TEST_STEP][PASSED] - maximizeWindow(): Current window maximized

2022-04-11 12:56:55 - [MESSAGE][PASSED] - Current window maximized

2022-04-11 12:56:55 - [TEST_STEP][PASSED] - i = G_Login_Seguridad: null

2022-04-11 12:56:55 - [TEST_STEP][PASSED] - url = new java.net.URL(i): null

2022-04-11 12:56:55 - [TEST_STEP][PASSED] - println("URL: " + url.toString()): null

2022-04-11 12:56:55 - [TEST_STEP][PASSED] - connection = url.openConnection(): null

2022-04-11 12:56:55 - [TEST_STEP][PASSED] - connection.setRequestMethod("GET"): null

2022-04-11 12:56:55 - [TEST_STEP][PASSED] - connection.setReadTimeout(2 * 1000): null

2022-04-11 12:56:55 - [TEST_STEP][PASSED] - try: null

2022-04-11 12:56:55 - [TEST_STEP][PASSED] - connection.connect(): null

2022-04-11 12:56:55 - [TEST_STEP][PASSED] - flag = connected: null

2022-04-11 12:56:55 - [TEST_STEP][PASSED] - println("Valor_ori: " + flag): null

2022-04-11 12:56:55 - [TEST_STEP][PASSED] - if (flag): null

2022-04-11 12:56:55 - [TEST_STEP][PASSED] - navigateToUrl(i): Navigate to 'http://192.168.2.19:8380/seguridadweb/' successfully

2022-04-11 12:56:55 - [MESSAGE][PASSED] - Navigate to 'http://192.168.2.19:8380/seguridadweb/' successfully

2022-04-11 12:56:55 - [TEST_STEP][PASSED] - a(): null

2022-04-11 12:56:55 - [TEST_STEP][PASSED] - setText(findTestObject("3-OBJECTS UTILIDADES/Login/input_USUARIO_loginusuario"), G_Usuario): Text 'saraadmin' is set on object 'Object Repository/3-OBJECTS UTILIDADES/Login/input_USUARIO_loginusuario'

2022-04-11 12:56:56 - [MESSAGE][PASSED] - Text 'saraadmin' is set on object 'Object Repository/3-OBJECTS UTILIDADES/Login/input_USUARIO_loginusuario'

2022-04-11 12:56:56 - [TEST_STEP][PASSED] - setEncryptedText(findTestObject("3-OBJECTS UTILIDADES/Login/input_CLAVE_loginpassword"), "MkG4/TYiCFC3cb2driP7+Q=="): Text ****** has been set on object 'Object Repository/3-OBJECTS UTILIDADES/Login/input_CLAVE_loginpassword'

2022-04-11 12:56:56 - [MESSAGE][PASSED] - Text ****** has been set on object 'Object Repository/3-OBJECTS UTILIDADES/Login/input_CLAVE_loginpassword'

2022-04-11 12:56:56 - [TEST_STEP][PASSED] - waitForElementClickable(findTestObject("3-OBJECTS UTILIDADES/Login/a_Ingresar"), G_TimeOut): Object 'Object Repository/3-OBJECTS UTILIDADES/Login/a_Ingresar' is clickable

2022-04-11 12:56:57 - [MESSAGE][PASSED] - Object 'Object Repository/3-OBJECTS UTILIDADES/Login/a_Ingresar' is clickable

2022-04-11 12:56:57 - [TEST_STEP][PASSED] - click(findTestObject("3-OBJECTS UTILIDADES/Login/a_Ingresar")): Object: 'Object Repository/3-OBJECTS UTILIDADES/Login/a_Ingresar' is clicked on

2022-04-11 12:56:57 - [MESSAGE][PASSED] - Object: 'Object Repository/3-OBJECTS UTILIDADES/Login/a_Ingresar' is clicked on

2022-04-11 12:56:57 - [TEST_STEP][PASSED] - element = findWebElement(findTestObject("3-OBJECTS UTILIDADES/Login/a_Ir"), 30): null

2022-04-11 12:56:58 - [TEST_STEP][PASSED] - executeJavaScript("arguments[0].click()", Arrays.asList(element)): Execute JavaScript 'arguments[0].click()' successfully

2022-04-11 12:56:58 - [MESSAGE][PASSED] - Execute JavaScript 'arguments[0].click()' successfully

2022-04-11 12:56:58 - [MESSAGE][PASSED] - Call Test Case 'Test Cases/Utilidades-(atajos_para _tareas)/Login_Seguridad/Login-Seguridad' successfully

2022-04-11 12:56:58 - [TEST_STEP][PASSED] - setText(findTestObject("2-OBJECTS TAREAS SECUNDARIAS/Pruebas Seguridad/Crear_Empresa/input_ADMINISTRADOR DEL SISTEMA - SARA_form_templatej_idt24_input"), "Empresa"): Text 'Empresa' is set on object 'Object Repository/2-OBJECTS TAREAS SECUNDARIAS/Pruebas Seguridad/Crear_Empresa/input_ADMINISTRADOR DEL SISTEMA - SARA_form_templatej_idt24_input'

2022-04-11 12:56:59 - [MESSAGE][PASSED] - Text 'Empresa' is set on object 'Object Repository/2-OBJECTS TAREAS SECUNDARIAS/Pruebas Seguridad/Crear_Empresa/input_ADMINISTRADOR DEL SISTEMA - SARA_form_templatej_idt24_input'

2022-04-11 12:56:59 - [TEST_STEP][PASSED] - click(findTestObject("2-OBJECTS TAREAS SECUNDARIAS/Pruebas Seguridad/Crear_Empresa/span_Empresa")): Object: 'Object Repository/2-OBJECTS TAREAS SECUNDARIAS/Pruebas Seguridad/Crear_Empresa/span_Empresa' is clicked on

2022-04-11 12:57:00 - [MESSAGE][PASSED] - Object: 'Object Repository/2-OBJECTS TAREAS SECUNDARIAS/Pruebas Seguridad/Crear_Empresa/span_Empresa' is clicked on

2022-04-11 12:57:00 - [TEST_STEP][PASSED] - waitForElementVisible(findTestObject("2-OBJECTS TAREAS SECUNDARIAS/Pruebas Seguridad/Crear_Empresa/td_Pruebas katalon"), 0): Object 'Object Repository/2-OBJECTS TAREAS SECUNDARIAS/Pruebas Seguridad/Crear_Empresa/td_Pruebas katalon' is visible

2022-04-11 12:57:00 - [MESSAGE][WARNING] - Timeout '0' is invalid. Using default page load timeout: '45'

2022-04-11 12:57:01 - [MESSAGE][PASSED] - Object 'Object Repository/2-OBJECTS TAREAS SECUNDARIAS/Pruebas Seguridad/Crear_Empresa/td_Pruebas katalon' is visible

2022-04-11 12:57:01 - [TEST_STEP][PASSED] - click(findTestObject("2-OBJECTS TAREAS SECUNDARIAS/Pruebas Seguridad/Crear_Empresa/td_Pruebas katalon")): Object: 'Object Repository/2-OBJECTS TAREAS SECUNDARIAS/Pruebas Seguridad/Crear_Empresa/td_Pruebas katalon' is clicked on

2022-04-11 12:57:01 - [MESSAGE][PASSED] - Object: 'Object Repository/2-OBJECTS TAREAS SECUNDARIAS/Pruebas Seguridad/Crear_Empresa/td_Pruebas katalon' is clicked on

2022-04-11 12:57:01 - [TEST_STEP][PASSED] - click(findTestObject("2-OBJECTS TAREAS SECUNDARIAS/Pruebas Seguridad/Crear_Empresa/a_Eliminar")): Object: 'Object Repository/2-OBJECTS TAREAS SECUNDARIAS/Pruebas Seguridad/Crear_Empresa/a_Eliminar' is clicked on

2022-04-11 12:57:02 - [MESSAGE][PASSED] - Object: 'Object Repository/2-OBJECTS TAREAS SECUNDARIAS/Pruebas Seguridad/Crear_Empresa/a_Eliminar' is clicked on

2022-04-11 12:57:02 - [TEST_STEP][PASSED] - click(findTestObject("2-OBJECTS TAREAS SECUNDARIAS/Pruebas Seguridad/Crear_Empresa/a_link_aceptar")): Object: 'Object Repository/2-OBJECTS TAREAS SECUNDARIAS/Pruebas Seguridad/Crear_Empresa/a_link_aceptar' is clicked on

2022-04-11 12:57:03 - [MESSAGE][PASSED] - Object: 'Object Repository/2-OBJECTS TAREAS SECUNDARIAS/Pruebas Seguridad/Crear_Empresa/a_link_aceptar' is clicked on

2022-04-11 12:57:03 - [TEST_STEP][PASSED] - click(findTestObject("2-OBJECTS TAREAS SECUNDARIAS/Pruebas Seguridad/Crear_Empresa/a_Nuevo")): Object: 'Object Repository/2-OBJECTS TAREAS SECUNDARIAS/Pruebas Seguridad/Crear_Empresa/a_Nuevo' is clicked on

2022-04-11 12:57:03 - [MESSAGE][PASSED] - Object: 'Object Repository/2-OBJECTS TAREAS SECUNDARIAS/Pruebas Seguridad/Crear_Empresa/a_Nuevo' is clicked on

2022-04-11 12:57:03 - [TEST_STEP][PASSED] - setText(findTestObject("2-OBJECTS TAREAS SECUNDARIAS/Pruebas Seguridad/Crear_Empresa/input_Cdigo_empresa_formcodigoEmpresa"), "5"): Text '5' is set on object 'Object Repository/2-OBJECTS TAREAS SECUNDARIAS/Pruebas Seguridad/Crear_Empresa/input_Cdigo_empresa_formcodigoEmpresa'

2022-04-11 12:57:04 - [MESSAGE][PASSED] - Text '5' is set on object 'Object Repository/2-OBJECTS TAREAS SECUNDARIAS/Pruebas Seguridad/Crear_Empresa/input_Cdigo_empresa_formcodigoEmpresa'

2022-04-11 12:57:04 - [TEST_STEP][PASSED] - setText(findTestObject("2-OBJECTS TAREAS SECUNDARIAS/Pruebas Seguridad/Crear_Empresa/input_Nombre_empresa_formnombreEmpresa"), "Pruebas katalon"): Text 'Pruebas katalon' is set on object 'Object Repository/2-OBJECTS TAREAS SECUNDARIAS/Pruebas Seguridad/Crear_Empresa/input_Nombre_empresa_formnombreEmpresa'

2022-04-11 12:57:05 - [MESSAGE][PASSED] - Text 'Pruebas katalon' is set on object 'Object Repository/2-OBJECTS TAREAS SECUNDARIAS/Pruebas Seguridad/Crear_Empresa/input_Nombre_empresa_formnombreEmpresa'

2022-04-11 12:57:05 - [TEST_STEP][PASSED] - selectOptionByIndex(findTestObject("2-OBJECTS TAREAS SECUNDARIAS/Pruebas Seguridad/Crear_Empresa/select_-- Seleccione --generalMexico"), 1): All options with index in [1] are selected on object 'Object Repository/2-OBJECTS TAREAS SECUNDARIAS/Pruebas Seguridad/Crear_Empresa/select_-- Seleccione --generalMexico'

2022-04-11 12:57:06 - [MESSAGE][PASSED] - All options with index in [1] are selected on object 'Object Repository/2-OBJECTS TAREAS SECUNDARIAS/Pruebas Seguridad/Crear_Empresa/select_-- Seleccione --generalMexico'

2022-04-11 12:57:06 - [TEST_STEP][PASSED] - selectOptionByIndex(findTestObject("2-OBJECTS TAREAS SECUNDARIAS/Pruebas Seguridad/Crear_Empresa/select_-- Seleccione --Aspirantes CALIDADSitio Calidad"), 1): All options with index in [1] are selected on object 'Object Repository/2-OBJECTS TAREAS SECUNDARIAS/Pruebas Seguridad/Crear_Empresa/select_-- Seleccione --Aspirantes CALIDADSitio Calidad'

2022-04-11 12:57:07 - [MESSAGE][PASSED] - All options with index in [1] are selected on object 'Object Repository/2-OBJECTS TAREAS SECUNDARIAS/Pruebas Seguridad/Crear_Empresa/select_-- Seleccione --Aspirantes CALIDADSitio Calidad'

2022-04-11 12:57:07 - [TEST_STEP][PASSED] - selectOptionByIndex(findTestObject("2-OBJECTS TAREAS SECUNDARIAS/Pruebas Seguridad/Crear_Empresa/select_-- Seleccione --Grupo a"), 1): All options with index in [1] are selected on object 'Object Repository/2-OBJECTS TAREAS SECUNDARIAS/Pruebas Seguridad/Crear_Empresa/select_-- Seleccione --Grupo a'

2022-04-11 12:57:09 - [MESSAGE][PASSED] - All options with index in [1] are selected on object 'Object Repository/2-OBJECTS TAREAS SECUNDARIAS/Pruebas Seguridad/Crear_Empresa/select_-- Seleccione --Grupo a'

2022-04-11 12:57:09 - [TEST_STEP][PASSED] - click(findTestObject("2-OBJECTS TAREAS SECUNDARIAS/Pruebas Seguridad/Crear_Empresa/a_Actualizar")): Object: 'Object Repository/2-OBJECTS TAREAS SECUNDARIAS/Pruebas Seguridad/Crear_Empresa/a_Actualizar' is clicked on

2022-04-11 12:57:09 - [MESSAGE][PASSED] - Object: 'Object Repository/2-OBJECTS TAREAS SECUNDARIAS/Pruebas Seguridad/Crear_Empresa/a_Actualizar' is clicked on]]></system-out>
         <system-err><![CDATA[]]></system-err>
      </testcase>
      <testcase name="Test Cases/1.2-Tareas_Secundarias/6.1-Pruebas_Seguridad/6.1.7-Seleccionar Empresa" time="132.03" classname="Test Cases/1.2-Tareas_Secundarias/6.1-Pruebas_Seguridad/6.1.7-Seleccionar Empresa" status="PASSED">
         <system-out><![CDATA[2022-04-11 12:57:09 - [TEST_CASE][PASSED] - Test Cases/1.2-Tareas_Secundarias/6.1-Pruebas_Seguridad/6.1.7-Seleccionar Empresa: Test Cases/1.2-Tareas_Secundarias/6.1-Pruebas_Seguridad/6.1.7-Seleccionar Empresa

2022-04-11 12:57:10 - [TEST_STEP][PASSED] - callTestCase(findTestCase("Utilidades-(atajos_para _tareas)/Login_Seguridad/Login-Seguridad"), [:], STOP_ON_FAILURE): Call Test Case 'Test Cases/Utilidades-(atajos_para _tareas)/Login_Seguridad/Login-Seguridad' successfully

2022-04-11 12:57:10 - [TEST_CASE][PASSED] - Test Cases/Utilidades-(atajos_para _tareas)/Login_Seguridad/Login-Seguridad: Test Cases/Utilidades-(atajos_para _tareas)/Login_Seguridad/Login-Seguridad

2022-04-11 12:57:10 - [TEST_STEP][PASSED] - openBrowser(""): Browser is opened with url: ''

2022-04-11 12:57:10 - [MESSAGE][WARNING] - A browser is already opened. Closing browser and opening a new one

2022-04-11 12:57:10 - [MESSAGE][INFO] - Starting 'Chrome' driver

2022-04-11 12:57:10 - [MESSAGE][INFO] - Action delay is set to 0 milliseconds

2022-04-11 12:57:12 - [MESSAGE][PASSED] - Browser is opened with url: ''

2022-04-11 12:57:12 - [TEST_STEP][PASSED] - maximizeWindow(): Current window maximized

2022-04-11 12:57:12 - [MESSAGE][PASSED] - Current window maximized

2022-04-11 12:57:12 - [TEST_STEP][PASSED] - i = G_Login_Seguridad: null

2022-04-11 12:57:12 - [TEST_STEP][PASSED] - url = new java.net.URL(i): null

2022-04-11 12:57:12 - [TEST_STEP][PASSED] - println("URL: " + url.toString()): null

2022-04-11 12:57:12 - [TEST_STEP][PASSED] - connection = url.openConnection(): null

2022-04-11 12:57:12 - [TEST_STEP][PASSED] - connection.setRequestMethod("GET"): null

2022-04-11 12:57:12 - [TEST_STEP][PASSED] - connection.setReadTimeout(2 * 1000): null

2022-04-11 12:57:12 - [TEST_STEP][PASSED] - try: null

2022-04-11 12:57:12 - [TEST_STEP][PASSED] - connection.connect(): null

2022-04-11 12:57:12 - [TEST_STEP][PASSED] - flag = connected: null

2022-04-11 12:57:12 - [TEST_STEP][PASSED] - println("Valor_ori: " + flag): null

2022-04-11 12:57:12 - [TEST_STEP][PASSED] - if (flag): null

2022-04-11 12:57:12 - [TEST_STEP][PASSED] - navigateToUrl(i): Navigate to 'http://192.168.2.19:8380/seguridadweb/' successfully

2022-04-11 12:57:12 - [MESSAGE][PASSED] - Navigate to 'http://192.168.2.19:8380/seguridadweb/' successfully

2022-04-11 12:57:12 - [TEST_STEP][PASSED] - a(): null

2022-04-11 12:57:12 - [TEST_STEP][PASSED] - setText(findTestObject("3-OBJECTS UTILIDADES/Login/input_USUARIO_loginusuario"), G_Usuario): Text 'saraadmin' is set on object 'Object Repository/3-OBJECTS UTILIDADES/Login/input_USUARIO_loginusuario'

2022-04-11 12:57:13 - [MESSAGE][PASSED] - Text 'saraadmin' is set on object 'Object Repository/3-OBJECTS UTILIDADES/Login/input_USUARIO_loginusuario'

2022-04-11 12:57:13 - [TEST_STEP][PASSED] - setEncryptedText(findTestObject("3-OBJECTS UTILIDADES/Login/input_CLAVE_loginpassword"), "MkG4/TYiCFC3cb2driP7+Q=="): Text ****** has been set on object 'Object Repository/3-OBJECTS UTILIDADES/Login/input_CLAVE_loginpassword'

2022-04-11 12:57:14 - [MESSAGE][PASSED] - Text ****** has been set on object 'Object Repository/3-OBJECTS UTILIDADES/Login/input_CLAVE_loginpassword'

2022-04-11 12:57:14 - [TEST_STEP][PASSED] - waitForElementClickable(findTestObject("3-OBJECTS UTILIDADES/Login/a_Ingresar"), G_TimeOut): Object 'Object Repository/3-OBJECTS UTILIDADES/Login/a_Ingresar' is clickable

2022-04-11 12:57:14 - [MESSAGE][PASSED] - Object 'Object Repository/3-OBJECTS UTILIDADES/Login/a_Ingresar' is clickable

2022-04-11 12:57:14 - [TEST_STEP][PASSED] - click(findTestObject("3-OBJECTS UTILIDADES/Login/a_Ingresar")): Object: 'Object Repository/3-OBJECTS UTILIDADES/Login/a_Ingresar' is clicked on

2022-04-11 12:57:15 - [MESSAGE][PASSED] - Object: 'Object Repository/3-OBJECTS UTILIDADES/Login/a_Ingresar' is clicked on

2022-04-11 12:57:15 - [TEST_STEP][PASSED] - element = findWebElement(findTestObject("3-OBJECTS UTILIDADES/Login/a_Ir"), 30): null

2022-04-11 12:57:15 - [TEST_STEP][PASSED] - executeJavaScript("arguments[0].click()", Arrays.asList(element)): Execute JavaScript 'arguments[0].click()' successfully

2022-04-11 12:57:15 - [MESSAGE][PASSED] - Execute JavaScript 'arguments[0].click()' successfully

2022-04-11 12:57:15 - [MESSAGE][PASSED] - Call Test Case 'Test Cases/Utilidades-(atajos_para _tareas)/Login_Seguridad/Login-Seguridad' successfully

2022-04-11 12:57:15 - [TEST_STEP][PASSED] - setText(findTestObject("2-OBJECTS TAREAS SECUNDARIAS/Pruebas Seguridad/6.1.7-Seleccionar Empresa/input_Empresa 1_form_templatej_idt24_input"), "Usuario"): Text 'Usuario' is set on object 'Object Repository/2-OBJECTS TAREAS SECUNDARIAS/Pruebas Seguridad/6.1.7-Seleccionar Empresa/input_Empresa 1_form_templatej_idt24_input'

2022-04-11 12:57:16 - [MESSAGE][PASSED] - Text 'Usuario' is set on object 'Object Repository/2-OBJECTS TAREAS SECUNDARIAS/Pruebas Seguridad/6.1.7-Seleccionar Empresa/input_Empresa 1_form_templatej_idt24_input'

2022-04-11 12:57:16 - [TEST_STEP][PASSED] - click(findTestObject("2-OBJECTS TAREAS SECUNDARIAS/Pruebas Seguridad/6.1.7-Seleccionar Empresa/li_Usuario"), STOP_ON_FAILURE): Object: 'Object Repository/2-OBJECTS TAREAS SECUNDARIAS/Pruebas Seguridad/6.1.7-Seleccionar Empresa/li_Usuario' is clicked on

2022-04-11 12:57:18 - [MESSAGE][PASSED] - Object: 'Object Repository/2-OBJECTS TAREAS SECUNDARIAS/Pruebas Seguridad/6.1.7-Seleccionar Empresa/li_Usuario' is clicked on

2022-04-11 12:57:18 - [TEST_STEP][PASSED] - setText(findTestObject("2-OBJECTS TAREAS SECUNDARIAS/Pruebas Seguridad/6.1.7-Seleccionar Empresa/input_Portal_usuarioformaparametroBusqueda"), "Usuario"): Text 'Usuario' is set on object 'Object Repository/2-OBJECTS TAREAS SECUNDARIAS/Pruebas Seguridad/6.1.7-Seleccionar Empresa/input_Portal_usuarioformaparametroBusqueda'

2022-04-11 12:57:19 - [MESSAGE][PASSED] - Text 'Usuario' is set on object 'Object Repository/2-OBJECTS TAREAS SECUNDARIAS/Pruebas Seguridad/6.1.7-Seleccionar Empresa/input_Portal_usuarioformaparametroBusqueda'

2022-04-11 12:57:19 - [TEST_STEP][PASSED] - sendKeys(findTestObject("2-OBJECTS TAREAS SECUNDARIAS/Pruebas Seguridad/6.1.7-Seleccionar Empresa/input_Portal_usuarioformaparametroBusqueda"), Keys.chord(ENTER)): Keys 'ENTER + ' sent to object: 'Object Repository/2-OBJECTS TAREAS SECUNDARIAS/Pruebas Seguridad/6.1.7-Seleccionar Empresa/input_Portal_usuarioformaparametroBusqueda'

2022-04-11 12:57:19 - [MESSAGE][PASSED] - Keys 'ENTER + ' sent to object: 'Object Repository/2-OBJECTS TAREAS SECUNDARIAS/Pruebas Seguridad/6.1.7-Seleccionar Empresa/input_Portal_usuarioformaparametroBusqueda'

2022-04-11 12:57:19 - [TEST_STEP][PASSED] - if (waitForElementVisible(findTestObject("2-OBJECTS TAREAS SECUNDARIAS/Pruebas Seguridad/6.1.7-Seleccionar Empresa/span_Usuario"), 1)): Web element with id: 'Object Repository/2-OBJECTS TAREAS SECUNDARIAS/Pruebas Seguridad/6.1.7-Seleccionar Empresa/span_Usuario' located by '(.//*[normalize-space(text()) and normalize-space(.)='Usuario'])[4]/following::span[1]' not found

2022-04-11 12:57:22 - [MESSAGE][INFO] - Unable to find the element located by 'By.xpath: (.//*[normalize-space(text()) and normalize-space(.)='Usuario'])[4]/following::span[1]'. Please recheck the objects properties to make sure the desired element is located. 

2022-04-11 12:57:22 - [MESSAGE][WARNING] - Web element with id: 'Object Repository/2-OBJECTS TAREAS SECUNDARIAS/Pruebas Seguridad/6.1.7-Seleccionar Empresa/span_Usuario' located by '(.//*[normalize-space(text()) and normalize-space(.)='Usuario'])[4]/following::span[1]' not found

2022-04-11 12:57:22 - [TEST_STEP][PASSED] - click(findTestObject("2-OBJECTS TAREAS SECUNDARIAS/Pruebas Seguridad/6.1.7-Seleccionar Empresa/a_Nuevo"), STOP_ON_FAILURE): Object: 'Object Repository/2-OBJECTS TAREAS SECUNDARIAS/Pruebas Seguridad/6.1.7-Seleccionar Empresa/a_Nuevo' is clicked on

2022-04-11 12:57:22 - [MESSAGE][PASSED] - Object: 'Object Repository/2-OBJECTS TAREAS SECUNDARIAS/Pruebas Seguridad/6.1.7-Seleccionar Empresa/a_Nuevo' is clicked on

2022-04-11 12:57:22 - [TEST_STEP][PASSED] - setText(findTestObject("2-OBJECTS TAREAS SECUNDARIAS/Pruebas Seguridad/6.1.7-Seleccionar Empresa/input_Sesin_usuarioformatablogin"), "Usuario"): Text 'Usuario' is set on object 'Object Repository/2-OBJECTS TAREAS SECUNDARIAS/Pruebas Seguridad/6.1.7-Seleccionar Empresa/input_Sesin_usuarioformatablogin'

2022-04-11 12:57:23 - [MESSAGE][PASSED] - Text 'Usuario' is set on object 'Object Repository/2-OBJECTS TAREAS SECUNDARIAS/Pruebas Seguridad/6.1.7-Seleccionar Empresa/input_Sesin_usuarioformatablogin'

2022-04-11 12:57:23 - [TEST_STEP][PASSED] - setText(findTestObject("2-OBJECTS TAREAS SECUNDARIAS/Pruebas Seguridad/6.1.7-Seleccionar Empresa/input_Documento_usuarioformatabdocumento"), identificacion()): null

2022-04-11 12:57:23 - [TEST_STEP][PASSED] - random_double = Math.random() * 9999 + 999: null

2022-04-11 12:57:23 - [TEST_STEP][PASSED] - random_double = Math.round(random_double * 1000): null

2022-04-11 12:57:23 - [TEST_STEP][PASSED] - id = toString().replace(".0", ""): Text '6327678' is set on object 'Object Repository/2-OBJECTS TAREAS SECUNDARIAS/Pruebas Seguridad/6.1.7-Seleccionar Empresa/input_Documento_usuarioformatabdocumento'

2022-04-11 12:57:24 - [MESSAGE][PASSED] - Text '6327678' is set on object 'Object Repository/2-OBJECTS TAREAS SECUNDARIAS/Pruebas Seguridad/6.1.7-Seleccionar Empresa/input_Documento_usuarioformatabdocumento'

2022-04-11 12:57:24 - [TEST_STEP][PASSED] - setText(findTestObject("2-OBJECTS TAREAS SECUNDARIAS/Pruebas Seguridad/6.1.7-Seleccionar Empresa/input_Nombre_usuarioformatabnombre"), "Usuario"): Text 'Usuario' is set on object 'Object Repository/2-OBJECTS TAREAS SECUNDARIAS/Pruebas Seguridad/6.1.7-Seleccionar Empresa/input_Nombre_usuarioformatabnombre'

2022-04-11 12:57:24 - [MESSAGE][PASSED] - Text 'Usuario' is set on object 'Object Repository/2-OBJECTS TAREAS SECUNDARIAS/Pruebas Seguridad/6.1.7-Seleccionar Empresa/input_Nombre_usuarioformatabnombre'

2022-04-11 12:57:24 - [TEST_STEP][PASSED] - setText(findTestObject("2-OBJECTS TAREAS SECUNDARIAS/Pruebas Seguridad/6.1.7-Seleccionar Empresa/input_Correo_usuarioformatabemail"), identificacion() + "noodle@gmail.com"): null

2022-04-11 12:57:25 - [TEST_STEP][PASSED] - random_double = Math.random() * 9999 + 999: null

2022-04-11 12:57:25 - [TEST_STEP][PASSED] - random_double = Math.round(random_double * 1000): null

2022-04-11 12:57:25 - [TEST_STEP][PASSED] - id = toString().replace(".0", ""): Text '1091591E7noodle@gmail.com' is set on object 'Object Repository/2-OBJECTS TAREAS SECUNDARIAS/Pruebas Seguridad/6.1.7-Seleccionar Empresa/input_Correo_usuarioformatabemail'

2022-04-11 12:57:25 - [MESSAGE][PASSED] - Text '1091591E7noodle@gmail.com' is set on object 'Object Repository/2-OBJECTS TAREAS SECUNDARIAS/Pruebas Seguridad/6.1.7-Seleccionar Empresa/input_Correo_usuarioformatabemail'

2022-04-11 12:57:25 - [TEST_STEP][PASSED] - click(findTestObject("2-OBJECTS TAREAS SECUNDARIAS/Pruebas Seguridad/6.1.7-Seleccionar Empresa/label_Activo"), STOP_ON_FAILURE): Object: 'Object Repository/2-OBJECTS TAREAS SECUNDARIAS/Pruebas Seguridad/6.1.7-Seleccionar Empresa/label_Activo' is clicked on

2022-04-11 12:57:26 - [MESSAGE][PASSED] - Object: 'Object Repository/2-OBJECTS TAREAS SECUNDARIAS/Pruebas Seguridad/6.1.7-Seleccionar Empresa/label_Activo' is clicked on

2022-04-11 12:57:26 - [TEST_STEP][PASSED] - selectOptionByIndex(findTestObject("2-OBJECTS TAREAS SECUNDARIAS/Pruebas Seguridad/6.1.7-Seleccionar Empresa/select_-- Seleccione --acceso empresa calidad2Grupo a"), 2): All options with index in [2] are selected on object 'Object Repository/2-OBJECTS TAREAS SECUNDARIAS/Pruebas Seguridad/6.1.7-Seleccionar Empresa/select_-- Seleccione --acceso empresa calidad2Grupo a'

2022-04-11 12:57:27 - [MESSAGE][PASSED] - All options with index in [2] are selected on object 'Object Repository/2-OBJECTS TAREAS SECUNDARIAS/Pruebas Seguridad/6.1.7-Seleccionar Empresa/select_-- Seleccione --acceso empresa calidad2Grupo a'

2022-04-11 12:57:27 - [TEST_STEP][PASSED] - click(findTestObject("2-OBJECTS TAREAS SECUNDARIAS/Pruebas Seguridad/6.1.7-Seleccionar Empresa/a_Guardar")): Object: 'Object Repository/2-OBJECTS TAREAS SECUNDARIAS/Pruebas Seguridad/6.1.7-Seleccionar Empresa/a_Guardar' is clicked on

2022-04-11 12:57:27 - [MESSAGE][PASSED] - Object: 'Object Repository/2-OBJECTS TAREAS SECUNDARIAS/Pruebas Seguridad/6.1.7-Seleccionar Empresa/a_Guardar' is clicked on

2022-04-11 12:57:27 - [TEST_STEP][PASSED] - click(findTestObject("2-OBJECTS TAREAS SECUNDARIAS/Pruebas Seguridad/6.1.7-Seleccionar Empresa/a_Contrasea")): Object: 'Object Repository/2-OBJECTS TAREAS SECUNDARIAS/Pruebas Seguridad/6.1.7-Seleccionar Empresa/a_Contrasea' is clicked on

2022-04-11 12:57:28 - [MESSAGE][PASSED] - Object: 'Object Repository/2-OBJECTS TAREAS SECUNDARIAS/Pruebas Seguridad/6.1.7-Seleccionar Empresa/a_Contrasea' is clicked on

2022-04-11 12:57:28 - [TEST_STEP][PASSED] - setEncryptedText(findTestObject("2-OBJECTS TAREAS SECUNDARIAS/Pruebas Seguridad/6.1.7-Seleccionar Empresa/input_Contrasea_usuarioformatabpasswordNuevo"), "MkG4/TYiCFC3cb2driP7+Q=="): Text ****** has been set on object 'Object Repository/2-OBJECTS TAREAS SECUNDARIAS/Pruebas Seguridad/6.1.7-Seleccionar Empresa/input_Contrasea_usuarioformatabpasswordNuevo'

2022-04-11 12:57:29 - [MESSAGE][PASSED] - Text ****** has been set on object 'Object Repository/2-OBJECTS TAREAS SECUNDARIAS/Pruebas Seguridad/6.1.7-Seleccionar Empresa/input_Contrasea_usuarioformatabpasswordNuevo'

2022-04-11 12:57:29 - [TEST_STEP][PASSED] - setEncryptedText(findTestObject("2-OBJECTS TAREAS SECUNDARIAS/Pruebas Seguridad/6.1.7-Seleccionar Empresa/input_Confirmar_usuarioformatabpasswordConfirma"), "MkG4/TYiCFC3cb2driP7+Q=="): Text ****** has been set on object 'Object Repository/2-OBJECTS TAREAS SECUNDARIAS/Pruebas Seguridad/6.1.7-Seleccionar Empresa/input_Confirmar_usuarioformatabpasswordConfirma'

2022-04-11 12:57:29 - [MESSAGE][PASSED] - Text ****** has been set on object 'Object Repository/2-OBJECTS TAREAS SECUNDARIAS/Pruebas Seguridad/6.1.7-Seleccionar Empresa/input_Confirmar_usuarioformatabpasswordConfirma'

2022-04-11 12:57:29 - [TEST_STEP][PASSED] - click(findTestObject("2-OBJECTS TAREAS SECUNDARIAS/Pruebas Seguridad/6.1.7-Seleccionar Empresa/a_Actualizar")): Object: 'Object Repository/2-OBJECTS TAREAS SECUNDARIAS/Pruebas Seguridad/6.1.7-Seleccionar Empresa/a_Actualizar' is clicked on

2022-04-11 12:57:30 - [MESSAGE][PASSED] - Object: 'Object Repository/2-OBJECTS TAREAS SECUNDARIAS/Pruebas Seguridad/6.1.7-Seleccionar Empresa/a_Actualizar' is clicked on

2022-04-11 12:57:30 - [TEST_STEP][PASSED] - Empresas(): null

2022-04-11 12:57:30 - [TEST_STEP][PASSED] - click(findTestObject("2-OBJECTS TAREAS SECUNDARIAS/Pruebas Seguridad/6.1.7-Seleccionar Empresa/a_Acceso Particular")): Object: 'Object Repository/2-OBJECTS TAREAS SECUNDARIAS/Pruebas Seguridad/6.1.7-Seleccionar Empresa/a_Acceso Particular' is clicked on

2022-04-11 12:57:30 - [MESSAGE][PASSED] - Object: 'Object Repository/2-OBJECTS TAREAS SECUNDARIAS/Pruebas Seguridad/6.1.7-Seleccionar Empresa/a_Acceso Particular' is clicked on

2022-04-11 12:57:30 - [TEST_STEP][PASSED] - selectOptionByIndex(findTestObject("2-OBJECTS TAREAS SECUNDARIAS/Pruebas Seguridad/6.1.7-Seleccionar Empresa/select_Seleccione1234234administradorAdministrador Calidad 3ADMONAspirantesAspirantesjjAuditoriaCAPACITACIONCOLABORADOR"), 3): All options with index in [3] are selected on object 'Object Repository/2-OBJECTS TAREAS SECUNDARIAS/Pruebas Seguridad/6.1.7-Seleccionar Empresa/select_Seleccione1234234administradorAdministrador Calidad 3ADMONAspirantesAspirantesjjAuditoriaCAPACITACIONCOLABORADOR'

2022-04-11 12:57:31 - [MESSAGE][PASSED] - All options with index in [3] are selected on object 'Object Repository/2-OBJECTS TAREAS SECUNDARIAS/Pruebas Seguridad/6.1.7-Seleccionar Empresa/select_Seleccione1234234administradorAdministrador Calidad 3ADMONAspirantesAspirantesjjAuditoriaCAPACITACIONCOLABORADOR'

2022-04-11 12:57:31 - [TEST_STEP][PASSED] - selectOptionByIndex(findTestObject("2-OBJECTS TAREAS SECUNDARIAS/Pruebas Seguridad/6.1.7-Seleccionar Empresa/select_SeleccioneCALIDADEmpresa 1Pruebas katalon"), 1): All options with index in [1] are selected on object 'Object Repository/2-OBJECTS TAREAS SECUNDARIAS/Pruebas Seguridad/6.1.7-Seleccionar Empresa/select_SeleccioneCALIDADEmpresa 1Pruebas katalon'

2022-04-11 12:57:33 - [MESSAGE][PASSED] - All options with index in [1] are selected on object 'Object Repository/2-OBJECTS TAREAS SECUNDARIAS/Pruebas Seguridad/6.1.7-Seleccionar Empresa/select_SeleccioneCALIDADEmpresa 1Pruebas katalon'

2022-04-11 12:57:33 - [TEST_STEP][PASSED] - selectOptionByIndex(findTestObject("2-OBJECTS TAREAS SECUNDARIAS/Pruebas Seguridad/6.1.7-Seleccionar Empresa/select_SeleccioneaspirantesempleadosDSflexoPruebasFlexoPruebasJboosInformixjavaSaraDS"), 10): All options with index in [10] are selected on object 'Object Repository/2-OBJECTS TAREAS SECUNDARIAS/Pruebas Seguridad/6.1.7-Seleccionar Empresa/select_SeleccioneaspirantesempleadosDSflexoPruebasFlexoPruebasJboosInformixjavaSaraDS'

2022-04-11 12:57:34 - [MESSAGE][PASSED] - All options with index in [10] are selected on object 'Object Repository/2-OBJECTS TAREAS SECUNDARIAS/Pruebas Seguridad/6.1.7-Seleccionar Empresa/select_SeleccioneaspirantesempleadosDSflexoPruebasFlexoPruebasJboosInformixjavaSaraDS'

2022-04-11 12:57:34 - [TEST_STEP][PASSED] - selectOptionByIndex(findTestObject("2-OBJECTS TAREAS SECUNDARIAS/Pruebas Seguridad/6.1.7-Seleccionar Empresa/select_--Seleccione--NUCLEO SISTEMASARAPORTAL SARASARA APPSARA APPSOFIASEGURIDADLMSSERVICIOSREGISTRO PERSONA"), 2): All options with index in [2] are selected on object 'Object Repository/2-OBJECTS TAREAS SECUNDARIAS/Pruebas Seguridad/6.1.7-Seleccionar Empresa/select_--Seleccione--NUCLEO SISTEMASARAPORTAL SARASARA APPSARA APPSOFIASEGURIDADLMSSERVICIOSREGISTRO PERSONA'

2022-04-11 12:57:35 - [MESSAGE][PASSED] - All options with index in [2] are selected on object 'Object Repository/2-OBJECTS TAREAS SECUNDARIAS/Pruebas Seguridad/6.1.7-Seleccionar Empresa/select_--Seleccione--NUCLEO SISTEMASARAPORTAL SARASARA APPSARA APPSOFIASEGURIDADLMSSERVICIOSREGISTRO PERSONA'

2022-04-11 12:57:35 - [TEST_STEP][PASSED] - click(findTestObject("2-OBJECTS TAREAS SECUNDARIAS/Pruebas Seguridad/6.1.7-Seleccionar Empresa/a_No se encontr registros_usuarioformatabtabla_rolesj_idt152")): Object: 'Object Repository/2-OBJECTS TAREAS SECUNDARIAS/Pruebas Seguridad/6.1.7-Seleccionar Empresa/a_No se encontr registros_usuarioformatabtabla_rolesj_idt152' is clicked on

2022-04-11 12:57:35 - [MESSAGE][PASSED] - Object: 'Object Repository/2-OBJECTS TAREAS SECUNDARIAS/Pruebas Seguridad/6.1.7-Seleccionar Empresa/a_No se encontr registros_usuarioformatabtabla_rolesj_idt152' is clicked on

2022-04-11 12:57:35 - [TEST_STEP][PASSED] - selectOptionByIndex(findTestObject("2-OBJECTS TAREAS SECUNDARIAS/Pruebas Seguridad/6.1.7-Seleccionar Empresa/select_Seleccione1234234administradorAdministrador Calidad 3ADMONAspirantesAspirantesjjAuditoriaCAPACITACIONCOLABORADOR"), 13): All options with index in [13] are selected on object 'Object Repository/2-OBJECTS TAREAS SECUNDARIAS/Pruebas Seguridad/6.1.7-Seleccionar Empresa/select_Seleccione1234234administradorAdministrador Calidad 3ADMONAspirantesAspirantesjjAuditoriaCAPACITACIONCOLABORADOR'

2022-04-11 12:57:37 - [MESSAGE][PASSED] - All options with index in [13] are selected on object 'Object Repository/2-OBJECTS TAREAS SECUNDARIAS/Pruebas Seguridad/6.1.7-Seleccionar Empresa/select_Seleccione1234234administradorAdministrador Calidad 3ADMONAspirantesAspirantesjjAuditoriaCAPACITACIONCOLABORADOR'

2022-04-11 12:57:37 - [TEST_STEP][PASSED] - selectOptionByIndex(findTestObject("2-OBJECTS TAREAS SECUNDARIAS/Pruebas Seguridad/6.1.7-Seleccionar Empresa/select_SeleccioneCALIDADEmpresa 1Pruebas katalon"), 2): All options with index in [2] are selected on object 'Object Repository/2-OBJECTS TAREAS SECUNDARIAS/Pruebas Seguridad/6.1.7-Seleccionar Empresa/select_SeleccioneCALIDADEmpresa 1Pruebas katalon'

2022-04-11 12:57:38 - [MESSAGE][PASSED] - All options with index in [2] are selected on object 'Object Repository/2-OBJECTS TAREAS SECUNDARIAS/Pruebas Seguridad/6.1.7-Seleccionar Empresa/select_SeleccioneCALIDADEmpresa 1Pruebas katalon'

2022-04-11 12:57:38 - [TEST_STEP][PASSED] - selectOptionByIndex(findTestObject("2-OBJECTS TAREAS SECUNDARIAS/Pruebas Seguridad/6.1.7-Seleccionar Empresa/select_SeleccioneaspirantesempleadosDSflexoPruebasFlexoPruebasJboosInformixjavaSaraDS"), 9): All options with index in [9] are selected on object 'Object Repository/2-OBJECTS TAREAS SECUNDARIAS/Pruebas Seguridad/6.1.7-Seleccionar Empresa/select_SeleccioneaspirantesempleadosDSflexoPruebasFlexoPruebasJboosInformixjavaSaraDS'

2022-04-11 12:57:39 - [MESSAGE][PASSED] - All options with index in [9] are selected on object 'Object Repository/2-OBJECTS TAREAS SECUNDARIAS/Pruebas Seguridad/6.1.7-Seleccionar Empresa/select_SeleccioneaspirantesempleadosDSflexoPruebasFlexoPruebasJboosInformixjavaSaraDS'

2022-04-11 12:57:39 - [TEST_STEP][PASSED] - selectOptionByIndex(findTestObject("2-OBJECTS TAREAS SECUNDARIAS/Pruebas Seguridad/6.1.7-Seleccionar Empresa/select_--Seleccione--NUCLEO SISTEMASARAPORTAL SARASARA APPSARA APPSOFIASEGURIDADLMSSERVICIOSREGISTRO PERSONA"), 2): All options with index in [2] are selected on object 'Object Repository/2-OBJECTS TAREAS SECUNDARIAS/Pruebas Seguridad/6.1.7-Seleccionar Empresa/select_--Seleccione--NUCLEO SISTEMASARAPORTAL SARASARA APPSARA APPSOFIASEGURIDADLMSSERVICIOSREGISTRO PERSONA'

2022-04-11 12:57:41 - [MESSAGE][PASSED] - All options with index in [2] are selected on object 'Object Repository/2-OBJECTS TAREAS SECUNDARIAS/Pruebas Seguridad/6.1.7-Seleccionar Empresa/select_--Seleccione--NUCLEO SISTEMASARAPORTAL SARASARA APPSARA APPSOFIASEGURIDADLMSSERVICIOSREGISTRO PERSONA'

2022-04-11 12:57:41 - [TEST_STEP][PASSED] - click(findTestObject("2-OBJECTS TAREAS SECUNDARIAS/Pruebas Seguridad/6.1.7-Seleccionar Empresa/a_No se encontr registros_usuarioformatabtabla_rolesj_idt152 - Copy")): Object: 'Object Repository/2-OBJECTS TAREAS SECUNDARIAS/Pruebas Seguridad/6.1.7-Seleccionar Empresa/a_No se encontr registros_usuarioformatabtabla_rolesj_idt152 - Copy' is clicked on

2022-04-11 12:57:41 - [MESSAGE][PASSED] - Object: 'Object Repository/2-OBJECTS TAREAS SECUNDARIAS/Pruebas Seguridad/6.1.7-Seleccionar Empresa/a_No se encontr registros_usuarioformatabtabla_rolesj_idt152 - Copy' is clicked on

2022-04-11 12:57:41 - [TEST_STEP][PASSED] - selectOptionByIndex(findTestObject("2-OBJECTS TAREAS SECUNDARIAS/Pruebas Seguridad/6.1.7-Seleccionar Empresa/select_Seleccione1234234administradorAdministrador Calidad 3ADMONAspirantesAspirantesjjAuditoriaCAPACITACIONCOLABORADOR"), 14): All options with index in [14] are selected on object 'Object Repository/2-OBJECTS TAREAS SECUNDARIAS/Pruebas Seguridad/6.1.7-Seleccionar Empresa/select_Seleccione1234234administradorAdministrador Calidad 3ADMONAspirantesAspirantesjjAuditoriaCAPACITACIONCOLABORADOR'

2022-04-11 12:57:43 - [MESSAGE][PASSED] - All options with index in [14] are selected on object 'Object Repository/2-OBJECTS TAREAS SECUNDARIAS/Pruebas Seguridad/6.1.7-Seleccionar Empresa/select_Seleccione1234234administradorAdministrador Calidad 3ADMONAspirantesAspirantesjjAuditoriaCAPACITACIONCOLABORADOR'

2022-04-11 12:57:43 - [TEST_STEP][PASSED] - selectOptionByIndex(findTestObject("2-OBJECTS TAREAS SECUNDARIAS/Pruebas Seguridad/6.1.7-Seleccionar Empresa/select_SeleccioneCALIDADEmpresa 1Pruebas katalon"), 3): All options with index in [3] are selected on object 'Object Repository/2-OBJECTS TAREAS SECUNDARIAS/Pruebas Seguridad/6.1.7-Seleccionar Empresa/select_SeleccioneCALIDADEmpresa 1Pruebas katalon'

2022-04-11 12:57:44 - [MESSAGE][PASSED] - All options with index in [3] are selected on object 'Object Repository/2-OBJECTS TAREAS SECUNDARIAS/Pruebas Seguridad/6.1.7-Seleccionar Empresa/select_SeleccioneCALIDADEmpresa 1Pruebas katalon'

2022-04-11 12:57:44 - [TEST_STEP][PASSED] - selectOptionByIndex(findTestObject("2-OBJECTS TAREAS SECUNDARIAS/Pruebas Seguridad/6.1.7-Seleccionar Empresa/select_SeleccioneaspirantesempleadosDSflexoPruebasFlexoPruebasJboosInformixjavaSaraDS"), 8): All options with index in [8] are selected on object 'Object Repository/2-OBJECTS TAREAS SECUNDARIAS/Pruebas Seguridad/6.1.7-Seleccionar Empresa/select_SeleccioneaspirantesempleadosDSflexoPruebasFlexoPruebasJboosInformixjavaSaraDS'

2022-04-11 12:57:45 - [MESSAGE][PASSED] - All options with index in [8] are selected on object 'Object Repository/2-OBJECTS TAREAS SECUNDARIAS/Pruebas Seguridad/6.1.7-Seleccionar Empresa/select_SeleccioneaspirantesempleadosDSflexoPruebasFlexoPruebasJboosInformixjavaSaraDS'

2022-04-11 12:57:45 - [TEST_STEP][PASSED] - selectOptionByIndex(findTestObject("2-OBJECTS TAREAS SECUNDARIAS/Pruebas Seguridad/6.1.7-Seleccionar Empresa/select_--Seleccione--NUCLEO SISTEMASARAPORTAL SARASARA APPSARA APPSOFIASEGURIDADLMSSERVICIOSREGISTRO PERSONA"), 2): All options with index in [2] are selected on object 'Object Repository/2-OBJECTS TAREAS SECUNDARIAS/Pruebas Seguridad/6.1.7-Seleccionar Empresa/select_--Seleccione--NUCLEO SISTEMASARAPORTAL SARASARA APPSARA APPSOFIASEGURIDADLMSSERVICIOSREGISTRO PERSONA'

2022-04-11 12:57:47 - [MESSAGE][PASSED] - All options with index in [2] are selected on object 'Object Repository/2-OBJECTS TAREAS SECUNDARIAS/Pruebas Seguridad/6.1.7-Seleccionar Empresa/select_--Seleccione--NUCLEO SISTEMASARAPORTAL SARASARA APPSARA APPSOFIASEGURIDADLMSSERVICIOSREGISTRO PERSONA'

2022-04-11 12:57:47 - [TEST_STEP][PASSED] - click(findTestObject("2-OBJECTS TAREAS SECUNDARIAS/Pruebas Seguridad/6.1.7-Seleccionar Empresa/a_No se encontr registros_usuarioformatabtabla_rolesj_idt152 - Copy (1)")): Object: 'Object Repository/2-OBJECTS TAREAS SECUNDARIAS/Pruebas Seguridad/6.1.7-Seleccionar Empresa/a_No se encontr registros_usuarioformatabtabla_rolesj_idt152 - Copy (1)' is clicked on

2022-04-11 12:57:47 - [MESSAGE][PASSED] - Object: 'Object Repository/2-OBJECTS TAREAS SECUNDARIAS/Pruebas Seguridad/6.1.7-Seleccionar Empresa/a_No se encontr registros_usuarioformatabtabla_rolesj_idt152 - Copy (1)' is clicked on

2022-04-11 12:57:47 - [TEST_STEP][PASSED] - selectOptionByIndex(findTestObject("2-OBJECTS TAREAS SECUNDARIAS/Pruebas Seguridad/6.1.7-Seleccionar Empresa/select_Seleccione1234234administradorAdministrador Calidad 3ADMONAspirantesAspirantesjjAuditoriaCAPACITACIONCOLABORADOR"), 9): All options with index in [9] are selected on object 'Object Repository/2-OBJECTS TAREAS SECUNDARIAS/Pruebas Seguridad/6.1.7-Seleccionar Empresa/select_Seleccione1234234administradorAdministrador Calidad 3ADMONAspirantesAspirantesjjAuditoriaCAPACITACIONCOLABORADOR'

2022-04-11 12:57:49 - [MESSAGE][PASSED] - All options with index in [9] are selected on object 'Object Repository/2-OBJECTS TAREAS SECUNDARIAS/Pruebas Seguridad/6.1.7-Seleccionar Empresa/select_Seleccione1234234administradorAdministrador Calidad 3ADMONAspirantesAspirantesjjAuditoriaCAPACITACIONCOLABORADOR'

2022-04-11 12:57:49 - [TEST_STEP][PASSED] - selectOptionByIndex(findTestObject("2-OBJECTS TAREAS SECUNDARIAS/Pruebas Seguridad/6.1.7-Seleccionar Empresa/select_SeleccioneCALIDADEmpresa 1Pruebas katalon"), 1): All options with index in [1] are selected on object 'Object Repository/2-OBJECTS TAREAS SECUNDARIAS/Pruebas Seguridad/6.1.7-Seleccionar Empresa/select_SeleccioneCALIDADEmpresa 1Pruebas katalon'

2022-04-11 12:57:50 - [MESSAGE][PASSED] - All options with index in [1] are selected on object 'Object Repository/2-OBJECTS TAREAS SECUNDARIAS/Pruebas Seguridad/6.1.7-Seleccionar Empresa/select_SeleccioneCALIDADEmpresa 1Pruebas katalon'

2022-04-11 12:57:50 - [TEST_STEP][PASSED] - selectOptionByIndex(findTestObject("2-OBJECTS TAREAS SECUNDARIAS/Pruebas Seguridad/6.1.7-Seleccionar Empresa/select_SeleccioneaspirantesempleadosDSflexoPruebasFlexoPruebasJboosInformixjavaSaraDS"), 7): All options with index in [7] are selected on object 'Object Repository/2-OBJECTS TAREAS SECUNDARIAS/Pruebas Seguridad/6.1.7-Seleccionar Empresa/select_SeleccioneaspirantesempleadosDSflexoPruebasFlexoPruebasJboosInformixjavaSaraDS'

2022-04-11 12:57:51 - [MESSAGE][PASSED] - All options with index in [7] are selected on object 'Object Repository/2-OBJECTS TAREAS SECUNDARIAS/Pruebas Seguridad/6.1.7-Seleccionar Empresa/select_SeleccioneaspirantesempleadosDSflexoPruebasFlexoPruebasJboosInformixjavaSaraDS'

2022-04-11 12:57:51 - [TEST_STEP][PASSED] - selectOptionByIndex(findTestObject("2-OBJECTS TAREAS SECUNDARIAS/Pruebas Seguridad/6.1.7-Seleccionar Empresa/select_--Seleccione--NUCLEO SISTEMASARAPORTAL SARASARA APPSARA APPSOFIASEGURIDADLMSSERVICIOSREGISTRO PERSONA"), 2): All options with index in [2] are selected on object 'Object Repository/2-OBJECTS TAREAS SECUNDARIAS/Pruebas Seguridad/6.1.7-Seleccionar Empresa/select_--Seleccione--NUCLEO SISTEMASARAPORTAL SARASARA APPSARA APPSOFIASEGURIDADLMSSERVICIOSREGISTRO PERSONA'

2022-04-11 12:57:52 - [MESSAGE][PASSED] - All options with index in [2] are selected on object 'Object Repository/2-OBJECTS TAREAS SECUNDARIAS/Pruebas Seguridad/6.1.7-Seleccionar Empresa/select_--Seleccione--NUCLEO SISTEMASARAPORTAL SARASARA APPSARA APPSOFIASEGURIDADLMSSERVICIOSREGISTRO PERSONA'

2022-04-11 12:57:52 - [TEST_STEP][PASSED] - click(findTestObject("2-OBJECTS TAREAS SECUNDARIAS/Pruebas Seguridad/6.1.7-Seleccionar Empresa/a_SARA_usuarioformatabtabla_rolesj_idt1523")): Object: 'Object Repository/2-OBJECTS TAREAS SECUNDARIAS/Pruebas Seguridad/6.1.7-Seleccionar Empresa/a_SARA_usuarioformatabtabla_rolesj_idt1523' is clicked on

2022-04-11 12:57:53 - [MESSAGE][PASSED] - Object: 'Object Repository/2-OBJECTS TAREAS SECUNDARIAS/Pruebas Seguridad/6.1.7-Seleccionar Empresa/a_SARA_usuarioformatabtabla_rolesj_idt1523' is clicked on

2022-04-11 12:57:53 - [TEST_STEP][PASSED] - selectOptionByIndex(findTestObject("2-OBJECTS TAREAS SECUNDARIAS/Pruebas Seguridad/6.1.7-Seleccionar Empresa/select_Seleccione1234234administradorAdministrador Calidad 3ADMONAspirantesAspirantesjjAuditoriaCAPACITACIONCOLABORADOR"), 8): All options with index in [8] are selected on object 'Object Repository/2-OBJECTS TAREAS SECUNDARIAS/Pruebas Seguridad/6.1.7-Seleccionar Empresa/select_Seleccione1234234administradorAdministrador Calidad 3ADMONAspirantesAspirantesjjAuditoriaCAPACITACIONCOLABORADOR'

2022-04-11 12:57:54 - [MESSAGE][PASSED] - All options with index in [8] are selected on object 'Object Repository/2-OBJECTS TAREAS SECUNDARIAS/Pruebas Seguridad/6.1.7-Seleccionar Empresa/select_Seleccione1234234administradorAdministrador Calidad 3ADMONAspirantesAspirantesjjAuditoriaCAPACITACIONCOLABORADOR'

2022-04-11 12:57:54 - [TEST_STEP][PASSED] - selectOptionByIndex(findTestObject("2-OBJECTS TAREAS SECUNDARIAS/Pruebas Seguridad/6.1.7-Seleccionar Empresa/select_SeleccioneCALIDADEmpresa 1Pruebas katalon"), 2): All options with index in [2] are selected on object 'Object Repository/2-OBJECTS TAREAS SECUNDARIAS/Pruebas Seguridad/6.1.7-Seleccionar Empresa/select_SeleccioneCALIDADEmpresa 1Pruebas katalon'

2022-04-11 12:57:55 - [MESSAGE][PASSED] - All options with index in [2] are selected on object 'Object Repository/2-OBJECTS TAREAS SECUNDARIAS/Pruebas Seguridad/6.1.7-Seleccionar Empresa/select_SeleccioneCALIDADEmpresa 1Pruebas katalon'

2022-04-11 12:57:55 - [TEST_STEP][PASSED] - selectOptionByIndex(findTestObject("2-OBJECTS TAREAS SECUNDARIAS/Pruebas Seguridad/6.1.7-Seleccionar Empresa/select_SeleccioneaspirantesempleadosDSflexoPruebasFlexoPruebasJboosInformixjavaSaraDS"), 8): All options with index in [8] are selected on object 'Object Repository/2-OBJECTS TAREAS SECUNDARIAS/Pruebas Seguridad/6.1.7-Seleccionar Empresa/select_SeleccioneaspirantesempleadosDSflexoPruebasFlexoPruebasJboosInformixjavaSaraDS'

2022-04-11 12:57:57 - [MESSAGE][PASSED] - All options with index in [8] are selected on object 'Object Repository/2-OBJECTS TAREAS SECUNDARIAS/Pruebas Seguridad/6.1.7-Seleccionar Empresa/select_SeleccioneaspirantesempleadosDSflexoPruebasFlexoPruebasJboosInformixjavaSaraDS'

2022-04-11 12:57:57 - [TEST_STEP][PASSED] - selectOptionByIndex(findTestObject("2-OBJECTS TAREAS SECUNDARIAS/Pruebas Seguridad/6.1.7-Seleccionar Empresa/select_--Seleccione--NUCLEO SISTEMASARAPORTAL SARASARA APPSARA APPSOFIASEGURIDADLMSSERVICIOSREGISTRO PERSONA"), 2): All options with index in [2] are selected on object 'Object Repository/2-OBJECTS TAREAS SECUNDARIAS/Pruebas Seguridad/6.1.7-Seleccionar Empresa/select_--Seleccione--NUCLEO SISTEMASARAPORTAL SARASARA APPSARA APPSOFIASEGURIDADLMSSERVICIOSREGISTRO PERSONA'

2022-04-11 12:57:58 - [MESSAGE][PASSED] - All options with index in [2] are selected on object 'Object Repository/2-OBJECTS TAREAS SECUNDARIAS/Pruebas Seguridad/6.1.7-Seleccionar Empresa/select_--Seleccione--NUCLEO SISTEMASARAPORTAL SARASARA APPSARA APPSOFIASEGURIDADLMSSERVICIOSREGISTRO PERSONA'

2022-04-11 12:57:58 - [TEST_STEP][PASSED] - click(findTestObject("2-OBJECTS TAREAS SECUNDARIAS/Pruebas Seguridad/6.1.7-Seleccionar Empresa/a_SARA_usuarioformatabtabla_rolesj_idt1524")): Object: 'Object Repository/2-OBJECTS TAREAS SECUNDARIAS/Pruebas Seguridad/6.1.7-Seleccionar Empresa/a_SARA_usuarioformatabtabla_rolesj_idt1524' is clicked on

2022-04-11 12:57:59 - [MESSAGE][PASSED] - Object: 'Object Repository/2-OBJECTS TAREAS SECUNDARIAS/Pruebas Seguridad/6.1.7-Seleccionar Empresa/a_SARA_usuarioformatabtabla_rolesj_idt1524' is clicked on

2022-04-11 12:57:59 - [TEST_STEP][PASSED] - selectOptionByIndex(findTestObject("2-OBJECTS TAREAS SECUNDARIAS/Pruebas Seguridad/6.1.7-Seleccionar Empresa/select_Seleccione1234234administradorAdministrador Calidad 3ADMONAspirantesAspirantesjjAuditoriaCAPACITACIONCOLABORADOR"), 7): All options with index in [7] are selected on object 'Object Repository/2-OBJECTS TAREAS SECUNDARIAS/Pruebas Seguridad/6.1.7-Seleccionar Empresa/select_Seleccione1234234administradorAdministrador Calidad 3ADMONAspirantesAspirantesjjAuditoriaCAPACITACIONCOLABORADOR'

2022-04-11 12:58:00 - [MESSAGE][PASSED] - All options with index in [7] are selected on object 'Object Repository/2-OBJECTS TAREAS SECUNDARIAS/Pruebas Seguridad/6.1.7-Seleccionar Empresa/select_Seleccione1234234administradorAdministrador Calidad 3ADMONAspirantesAspirantesjjAuditoriaCAPACITACIONCOLABORADOR'

2022-04-11 12:58:00 - [TEST_STEP][PASSED] - selectOptionByIndex(findTestObject("2-OBJECTS TAREAS SECUNDARIAS/Pruebas Seguridad/6.1.7-Seleccionar Empresa/select_SeleccioneCALIDADEmpresa 1Pruebas katalon"), 3): All options with index in [3] are selected on object 'Object Repository/2-OBJECTS TAREAS SECUNDARIAS/Pruebas Seguridad/6.1.7-Seleccionar Empresa/select_SeleccioneCALIDADEmpresa 1Pruebas katalon'

2022-04-11 12:58:01 - [MESSAGE][PASSED] - All options with index in [3] are selected on object 'Object Repository/2-OBJECTS TAREAS SECUNDARIAS/Pruebas Seguridad/6.1.7-Seleccionar Empresa/select_SeleccioneCALIDADEmpresa 1Pruebas katalon'

2022-04-11 12:58:01 - [TEST_STEP][PASSED] - selectOptionByIndex(findTestObject("2-OBJECTS TAREAS SECUNDARIAS/Pruebas Seguridad/6.1.7-Seleccionar Empresa/select_SeleccioneaspirantesempleadosDSflexoPruebasFlexoPruebasJboosInformixjavaSaraDS"), 9): All options with index in [9] are selected on object 'Object Repository/2-OBJECTS TAREAS SECUNDARIAS/Pruebas Seguridad/6.1.7-Seleccionar Empresa/select_SeleccioneaspirantesempleadosDSflexoPruebasFlexoPruebasJboosInformixjavaSaraDS'

2022-04-11 12:58:02 - [MESSAGE][PASSED] - All options with index in [9] are selected on object 'Object Repository/2-OBJECTS TAREAS SECUNDARIAS/Pruebas Seguridad/6.1.7-Seleccionar Empresa/select_SeleccioneaspirantesempleadosDSflexoPruebasFlexoPruebasJboosInformixjavaSaraDS'

2022-04-11 12:58:02 - [TEST_STEP][PASSED] - selectOptionByIndex(findTestObject("2-OBJECTS TAREAS SECUNDARIAS/Pruebas Seguridad/6.1.7-Seleccionar Empresa/select_--Seleccione--NUCLEO SISTEMASARAPORTAL SARASARA APPSARA APPSOFIASEGURIDADLMSSERVICIOSREGISTRO PERSONA"), 2): All options with index in [2] are selected on object 'Object Repository/2-OBJECTS TAREAS SECUNDARIAS/Pruebas Seguridad/6.1.7-Seleccionar Empresa/select_--Seleccione--NUCLEO SISTEMASARAPORTAL SARASARA APPSARA APPSOFIASEGURIDADLMSSERVICIOSREGISTRO PERSONA'

2022-04-11 12:58:04 - [MESSAGE][PASSED] - All options with index in [2] are selected on object 'Object Repository/2-OBJECTS TAREAS SECUNDARIAS/Pruebas Seguridad/6.1.7-Seleccionar Empresa/select_--Seleccione--NUCLEO SISTEMASARAPORTAL SARASARA APPSARA APPSOFIASEGURIDADLMSSERVICIOSREGISTRO PERSONA'

2022-04-11 12:58:04 - [TEST_STEP][PASSED] - click(findTestObject("2-OBJECTS TAREAS SECUNDARIAS/Pruebas Seguridad/6.1.7-Seleccionar Empresa/a_SARA_usuarioformatabtabla_rolesj_idt1525")): Object: 'Object Repository/2-OBJECTS TAREAS SECUNDARIAS/Pruebas Seguridad/6.1.7-Seleccionar Empresa/a_SARA_usuarioformatabtabla_rolesj_idt1525' is clicked on

2022-04-11 12:58:04 - [MESSAGE][PASSED] - Object: 'Object Repository/2-OBJECTS TAREAS SECUNDARIAS/Pruebas Seguridad/6.1.7-Seleccionar Empresa/a_SARA_usuarioformatabtabla_rolesj_idt1525' is clicked on

2022-04-11 12:58:04 - [TEST_STEP][PASSED] - selectOptionByIndex(findTestObject("2-OBJECTS TAREAS SECUNDARIAS/Pruebas Seguridad/6.1.7-Seleccionar Empresa/select_Seleccione1234234administradorAdministrador Calidad 3ADMONAspirantesAspirantesjjAuditoriaCAPACITACIONCOLABORADOR"), 6): All options with index in [6] are selected on object 'Object Repository/2-OBJECTS TAREAS SECUNDARIAS/Pruebas Seguridad/6.1.7-Seleccionar Empresa/select_Seleccione1234234administradorAdministrador Calidad 3ADMONAspirantesAspirantesjjAuditoriaCAPACITACIONCOLABORADOR'

2022-04-11 12:58:06 - [MESSAGE][PASSED] - All options with index in [6] are selected on object 'Object Repository/2-OBJECTS TAREAS SECUNDARIAS/Pruebas Seguridad/6.1.7-Seleccionar Empresa/select_Seleccione1234234administradorAdministrador Calidad 3ADMONAspirantesAspirantesjjAuditoriaCAPACITACIONCOLABORADOR'

2022-04-11 12:58:06 - [TEST_STEP][PASSED] - selectOptionByIndex(findTestObject("2-OBJECTS TAREAS SECUNDARIAS/Pruebas Seguridad/6.1.7-Seleccionar Empresa/select_SeleccioneCALIDADEmpresa 1Pruebas katalon"), 1): All options with index in [1] are selected on object 'Object Repository/2-OBJECTS TAREAS SECUNDARIAS/Pruebas Seguridad/6.1.7-Seleccionar Empresa/select_SeleccioneCALIDADEmpresa 1Pruebas katalon'

2022-04-11 12:58:07 - [MESSAGE][PASSED] - All options with index in [1] are selected on object 'Object Repository/2-OBJECTS TAREAS SECUNDARIAS/Pruebas Seguridad/6.1.7-Seleccionar Empresa/select_SeleccioneCALIDADEmpresa 1Pruebas katalon'

2022-04-11 12:58:07 - [TEST_STEP][PASSED] - selectOptionByIndex(findTestObject("2-OBJECTS TAREAS SECUNDARIAS/Pruebas Seguridad/6.1.7-Seleccionar Empresa/select_SeleccioneaspirantesempleadosDSflexoPruebasFlexoPruebasJboosInformixjavaSaraDS"), 10): All options with index in [10] are selected on object 'Object Repository/2-OBJECTS TAREAS SECUNDARIAS/Pruebas Seguridad/6.1.7-Seleccionar Empresa/select_SeleccioneaspirantesempleadosDSflexoPruebasFlexoPruebasJboosInformixjavaSaraDS'

2022-04-11 12:58:08 - [MESSAGE][PASSED] - All options with index in [10] are selected on object 'Object Repository/2-OBJECTS TAREAS SECUNDARIAS/Pruebas Seguridad/6.1.7-Seleccionar Empresa/select_SeleccioneaspirantesempleadosDSflexoPruebasFlexoPruebasJboosInformixjavaSaraDS'

2022-04-11 12:58:08 - [TEST_STEP][PASSED] - selectOptionByIndex(findTestObject("2-OBJECTS TAREAS SECUNDARIAS/Pruebas Seguridad/6.1.7-Seleccionar Empresa/select_--Seleccione--NUCLEO SISTEMASARAPORTAL SARASARA APPSARA APPSOFIASEGURIDADLMSSERVICIOSREGISTRO PERSONA"), 2): All options with index in [2] are selected on object 'Object Repository/2-OBJECTS TAREAS SECUNDARIAS/Pruebas Seguridad/6.1.7-Seleccionar Empresa/select_--Seleccione--NUCLEO SISTEMASARAPORTAL SARASARA APPSARA APPSOFIASEGURIDADLMSSERVICIOSREGISTRO PERSONA'

2022-04-11 12:58:10 - [MESSAGE][PASSED] - All options with index in [2] are selected on object 'Object Repository/2-OBJECTS TAREAS SECUNDARIAS/Pruebas Seguridad/6.1.7-Seleccionar Empresa/select_--Seleccione--NUCLEO SISTEMASARAPORTAL SARASARA APPSARA APPSOFIASEGURIDADLMSSERVICIOSREGISTRO PERSONA'

2022-04-11 12:58:10 - [TEST_STEP][PASSED] - click(findTestObject("2-OBJECTS TAREAS SECUNDARIAS/Pruebas Seguridad/6.1.7-Seleccionar Empresa/a_SARA_usuarioformatabtabla_rolesj_idt1526")): Object: 'Object Repository/2-OBJECTS TAREAS SECUNDARIAS/Pruebas Seguridad/6.1.7-Seleccionar Empresa/a_SARA_usuarioformatabtabla_rolesj_idt1526' is clicked on

2022-04-11 12:58:10 - [MESSAGE][PASSED] - Object: 'Object Repository/2-OBJECTS TAREAS SECUNDARIAS/Pruebas Seguridad/6.1.7-Seleccionar Empresa/a_SARA_usuarioformatabtabla_rolesj_idt1526' is clicked on

2022-04-11 12:58:10 - [TEST_STEP][PASSED] - selectOptionByIndex(findTestObject("2-OBJECTS TAREAS SECUNDARIAS/Pruebas Seguridad/6.1.7-Seleccionar Empresa/select_Seleccione1234234administradorAdministrador Calidad 3ADMONAspirantesAspirantesjjAuditoriaCAPACITACIONCOLABORADOR"), 5): All options with index in [5] are selected on object 'Object Repository/2-OBJECTS TAREAS SECUNDARIAS/Pruebas Seguridad/6.1.7-Seleccionar Empresa/select_Seleccione1234234administradorAdministrador Calidad 3ADMONAspirantesAspirantesjjAuditoriaCAPACITACIONCOLABORADOR'

2022-04-11 12:58:11 - [MESSAGE][PASSED] - All options with index in [5] are selected on object 'Object Repository/2-OBJECTS TAREAS SECUNDARIAS/Pruebas Seguridad/6.1.7-Seleccionar Empresa/select_Seleccione1234234administradorAdministrador Calidad 3ADMONAspirantesAspirantesjjAuditoriaCAPACITACIONCOLABORADOR'

2022-04-11 12:58:11 - [TEST_STEP][PASSED] - selectOptionByIndex(findTestObject("2-OBJECTS TAREAS SECUNDARIAS/Pruebas Seguridad/6.1.7-Seleccionar Empresa/select_SeleccioneCALIDADEmpresa 1Pruebas katalon"), 2): All options with index in [2] are selected on object 'Object Repository/2-OBJECTS TAREAS SECUNDARIAS/Pruebas Seguridad/6.1.7-Seleccionar Empresa/select_SeleccioneCALIDADEmpresa 1Pruebas katalon'

2022-04-11 12:58:12 - [MESSAGE][PASSED] - All options with index in [2] are selected on object 'Object Repository/2-OBJECTS TAREAS SECUNDARIAS/Pruebas Seguridad/6.1.7-Seleccionar Empresa/select_SeleccioneCALIDADEmpresa 1Pruebas katalon'

2022-04-11 12:58:12 - [TEST_STEP][PASSED] - selectOptionByIndex(findTestObject("2-OBJECTS TAREAS SECUNDARIAS/Pruebas Seguridad/6.1.7-Seleccionar Empresa/select_SeleccioneaspirantesempleadosDSflexoPruebasFlexoPruebasJboosInformixjavaSaraDS"), 11): All options with index in [11] are selected on object 'Object Repository/2-OBJECTS TAREAS SECUNDARIAS/Pruebas Seguridad/6.1.7-Seleccionar Empresa/select_SeleccioneaspirantesempleadosDSflexoPruebasFlexoPruebasJboosInformixjavaSaraDS'

2022-04-11 12:58:14 - [MESSAGE][PASSED] - All options with index in [11] are selected on object 'Object Repository/2-OBJECTS TAREAS SECUNDARIAS/Pruebas Seguridad/6.1.7-Seleccionar Empresa/select_SeleccioneaspirantesempleadosDSflexoPruebasFlexoPruebasJboosInformixjavaSaraDS'

2022-04-11 12:58:14 - [TEST_STEP][PASSED] - selectOptionByIndex(findTestObject("2-OBJECTS TAREAS SECUNDARIAS/Pruebas Seguridad/6.1.7-Seleccionar Empresa/select_--Seleccione--NUCLEO SISTEMASARAPORTAL SARASARA APPSARA APPSOFIASEGURIDADLMSSERVICIOSREGISTRO PERSONA"), 2): All options with index in [2] are selected on object 'Object Repository/2-OBJECTS TAREAS SECUNDARIAS/Pruebas Seguridad/6.1.7-Seleccionar Empresa/select_--Seleccione--NUCLEO SISTEMASARAPORTAL SARASARA APPSARA APPSOFIASEGURIDADLMSSERVICIOSREGISTRO PERSONA'

2022-04-11 12:58:15 - [MESSAGE][PASSED] - All options with index in [2] are selected on object 'Object Repository/2-OBJECTS TAREAS SECUNDARIAS/Pruebas Seguridad/6.1.7-Seleccionar Empresa/select_--Seleccione--NUCLEO SISTEMASARAPORTAL SARASARA APPSARA APPSOFIASEGURIDADLMSSERVICIOSREGISTRO PERSONA'

2022-04-11 12:58:15 - [TEST_STEP][PASSED] - click(findTestObject("2-OBJECTS TAREAS SECUNDARIAS/Pruebas Seguridad/6.1.7-Seleccionar Empresa/a_SARA_usuarioformatabtabla_rolesj_idt1527")): Object: 'Object Repository/2-OBJECTS TAREAS SECUNDARIAS/Pruebas Seguridad/6.1.7-Seleccionar Empresa/a_SARA_usuarioformatabtabla_rolesj_idt1527' is clicked on

2022-04-11 12:58:16 - [MESSAGE][PASSED] - Object: 'Object Repository/2-OBJECTS TAREAS SECUNDARIAS/Pruebas Seguridad/6.1.7-Seleccionar Empresa/a_SARA_usuarioformatabtabla_rolesj_idt1527' is clicked on

2022-04-11 12:58:16 - [TEST_STEP][PASSED] - selectOptionByIndex(findTestObject("2-OBJECTS TAREAS SECUNDARIAS/Pruebas Seguridad/6.1.7-Seleccionar Empresa/select_Seleccione1234234administradorAdministrador Calidad 3ADMONAspirantesAspirantesjjAuditoriaCAPACITACIONCOLABORADOR"), 4): All options with index in [4] are selected on object 'Object Repository/2-OBJECTS TAREAS SECUNDARIAS/Pruebas Seguridad/6.1.7-Seleccionar Empresa/select_Seleccione1234234administradorAdministrador Calidad 3ADMONAspirantesAspirantesjjAuditoriaCAPACITACIONCOLABORADOR'

2022-04-11 12:58:17 - [MESSAGE][PASSED] - All options with index in [4] are selected on object 'Object Repository/2-OBJECTS TAREAS SECUNDARIAS/Pruebas Seguridad/6.1.7-Seleccionar Empresa/select_Seleccione1234234administradorAdministrador Calidad 3ADMONAspirantesAspirantesjjAuditoriaCAPACITACIONCOLABORADOR'

2022-04-11 12:58:17 - [TEST_STEP][PASSED] - selectOptionByIndex(findTestObject("2-OBJECTS TAREAS SECUNDARIAS/Pruebas Seguridad/6.1.7-Seleccionar Empresa/select_SeleccioneCALIDADEmpresa 1Pruebas katalon"), 3): All options with index in [3] are selected on object 'Object Repository/2-OBJECTS TAREAS SECUNDARIAS/Pruebas Seguridad/6.1.7-Seleccionar Empresa/select_SeleccioneCALIDADEmpresa 1Pruebas katalon'

2022-04-11 12:58:18 - [MESSAGE][PASSED] - All options with index in [3] are selected on object 'Object Repository/2-OBJECTS TAREAS SECUNDARIAS/Pruebas Seguridad/6.1.7-Seleccionar Empresa/select_SeleccioneCALIDADEmpresa 1Pruebas katalon'

2022-04-11 12:58:18 - [TEST_STEP][PASSED] - selectOptionByIndex(findTestObject("2-OBJECTS TAREAS SECUNDARIAS/Pruebas Seguridad/6.1.7-Seleccionar Empresa/select_SeleccioneaspirantesempleadosDSflexoPruebasFlexoPruebasJboosInformixjavaSaraDS"), 12): All options with index in [12] are selected on object 'Object Repository/2-OBJECTS TAREAS SECUNDARIAS/Pruebas Seguridad/6.1.7-Seleccionar Empresa/select_SeleccioneaspirantesempleadosDSflexoPruebasFlexoPruebasJboosInformixjavaSaraDS'

2022-04-11 12:58:19 - [MESSAGE][PASSED] - All options with index in [12] are selected on object 'Object Repository/2-OBJECTS TAREAS SECUNDARIAS/Pruebas Seguridad/6.1.7-Seleccionar Empresa/select_SeleccioneaspirantesempleadosDSflexoPruebasFlexoPruebasJboosInformixjavaSaraDS'

2022-04-11 12:58:19 - [TEST_STEP][PASSED] - selectOptionByIndex(findTestObject("2-OBJECTS TAREAS SECUNDARIAS/Pruebas Seguridad/6.1.7-Seleccionar Empresa/select_--Seleccione--NUCLEO SISTEMASARAPORTAL SARASARA APPSARA APPSOFIASEGURIDADLMSSERVICIOSREGISTRO PERSONA"), 2): All options with index in [2] are selected on object 'Object Repository/2-OBJECTS TAREAS SECUNDARIAS/Pruebas Seguridad/6.1.7-Seleccionar Empresa/select_--Seleccione--NUCLEO SISTEMASARAPORTAL SARASARA APPSARA APPSOFIASEGURIDADLMSSERVICIOSREGISTRO PERSONA'

2022-04-11 12:58:21 - [MESSAGE][PASSED] - All options with index in [2] are selected on object 'Object Repository/2-OBJECTS TAREAS SECUNDARIAS/Pruebas Seguridad/6.1.7-Seleccionar Empresa/select_--Seleccione--NUCLEO SISTEMASARAPORTAL SARASARA APPSARA APPSOFIASEGURIDADLMSSERVICIOSREGISTRO PERSONA'

2022-04-11 12:58:21 - [TEST_STEP][PASSED] - click(findTestObject("2-OBJECTS TAREAS SECUNDARIAS/Pruebas Seguridad/6.1.7-Seleccionar Empresa/a_SARA_usuarioformatabtabla_rolesj_idt1528")): Object: 'Object Repository/2-OBJECTS TAREAS SECUNDARIAS/Pruebas Seguridad/6.1.7-Seleccionar Empresa/a_SARA_usuarioformatabtabla_rolesj_idt1528' is clicked on

2022-04-11 12:58:21 - [MESSAGE][PASSED] - Object: 'Object Repository/2-OBJECTS TAREAS SECUNDARIAS/Pruebas Seguridad/6.1.7-Seleccionar Empresa/a_SARA_usuarioformatabtabla_rolesj_idt1528' is clicked on

2022-04-11 12:58:21 - [TEST_STEP][PASSED] - selectOptionByIndex(findTestObject("2-OBJECTS TAREAS SECUNDARIAS/Pruebas Seguridad/6.1.7-Seleccionar Empresa/select_Seleccione1234234administradorAdministrador Calidad 3ADMONAspirantesAspirantesjjAuditoriaCAPACITACIONCOLABORADOR"), 3): All options with index in [3] are selected on object 'Object Repository/2-OBJECTS TAREAS SECUNDARIAS/Pruebas Seguridad/6.1.7-Seleccionar Empresa/select_Seleccione1234234administradorAdministrador Calidad 3ADMONAspirantesAspirantesjjAuditoriaCAPACITACIONCOLABORADOR'

2022-04-11 12:58:23 - [MESSAGE][PASSED] - All options with index in [3] are selected on object 'Object Repository/2-OBJECTS TAREAS SECUNDARIAS/Pruebas Seguridad/6.1.7-Seleccionar Empresa/select_Seleccione1234234administradorAdministrador Calidad 3ADMONAspirantesAspirantesjjAuditoriaCAPACITACIONCOLABORADOR'

2022-04-11 12:58:23 - [TEST_STEP][PASSED] - selectOptionByIndex(findTestObject("2-OBJECTS TAREAS SECUNDARIAS/Pruebas Seguridad/6.1.7-Seleccionar Empresa/select_SeleccioneCALIDADEmpresa 1Pruebas katalon"), 1): All options with index in [1] are selected on object 'Object Repository/2-OBJECTS TAREAS SECUNDARIAS/Pruebas Seguridad/6.1.7-Seleccionar Empresa/select_SeleccioneCALIDADEmpresa 1Pruebas katalon'

2022-04-11 12:58:24 - [MESSAGE][PASSED] - All options with index in [1] are selected on object 'Object Repository/2-OBJECTS TAREAS SECUNDARIAS/Pruebas Seguridad/6.1.7-Seleccionar Empresa/select_SeleccioneCALIDADEmpresa 1Pruebas katalon'

2022-04-11 12:58:24 - [TEST_STEP][PASSED] - selectOptionByIndex(findTestObject("2-OBJECTS TAREAS SECUNDARIAS/Pruebas Seguridad/6.1.7-Seleccionar Empresa/select_SeleccioneaspirantesempleadosDSflexoPruebasFlexoPruebasJboosInformixjavaSaraDS"), 1): All options with index in [1] are selected on object 'Object Repository/2-OBJECTS TAREAS SECUNDARIAS/Pruebas Seguridad/6.1.7-Seleccionar Empresa/select_SeleccioneaspirantesempleadosDSflexoPruebasFlexoPruebasJboosInformixjavaSaraDS'

2022-04-11 12:58:25 - [MESSAGE][PASSED] - All options with index in [1] are selected on object 'Object Repository/2-OBJECTS TAREAS SECUNDARIAS/Pruebas Seguridad/6.1.7-Seleccionar Empresa/select_SeleccioneaspirantesempleadosDSflexoPruebasFlexoPruebasJboosInformixjavaSaraDS'

2022-04-11 12:58:25 - [TEST_STEP][PASSED] - selectOptionByIndex(findTestObject("2-OBJECTS TAREAS SECUNDARIAS/Pruebas Seguridad/6.1.7-Seleccionar Empresa/select_--Seleccione--NUCLEO SISTEMASARAPORTAL SARASARA APPSARA APPSOFIASEGURIDADLMSSERVICIOSREGISTRO PERSONA"), 2): All options with index in [2] are selected on object 'Object Repository/2-OBJECTS TAREAS SECUNDARIAS/Pruebas Seguridad/6.1.7-Seleccionar Empresa/select_--Seleccione--NUCLEO SISTEMASARAPORTAL SARASARA APPSARA APPSOFIASEGURIDADLMSSERVICIOSREGISTRO PERSONA'

2022-04-11 12:58:26 - [MESSAGE][PASSED] - All options with index in [2] are selected on object 'Object Repository/2-OBJECTS TAREAS SECUNDARIAS/Pruebas Seguridad/6.1.7-Seleccionar Empresa/select_--Seleccione--NUCLEO SISTEMASARAPORTAL SARASARA APPSARA APPSOFIASEGURIDADLMSSERVICIOSREGISTRO PERSONA'

2022-04-11 12:58:26 - [TEST_STEP][PASSED] - click(findTestObject("2-OBJECTS TAREAS SECUNDARIAS/Pruebas Seguridad/6.1.7-Seleccionar Empresa/a_SARA_usuarioformatabtabla_rolesj_idt1529")): Object: 'Object Repository/2-OBJECTS TAREAS SECUNDARIAS/Pruebas Seguridad/6.1.7-Seleccionar Empresa/a_SARA_usuarioformatabtabla_rolesj_idt1529' is clicked on

2022-04-11 12:58:27 - [MESSAGE][PASSED] - Object: 'Object Repository/2-OBJECTS TAREAS SECUNDARIAS/Pruebas Seguridad/6.1.7-Seleccionar Empresa/a_SARA_usuarioformatabtabla_rolesj_idt1529' is clicked on

2022-04-11 12:58:27 - [TEST_STEP][PASSED] - click(findTestObject("2-OBJECTS TAREAS SECUNDARIAS/Pruebas Seguridad/6.1.7-Seleccionar Empresa/a_Acceso Roles")): Object: 'Object Repository/2-OBJECTS TAREAS SECUNDARIAS/Pruebas Seguridad/6.1.7-Seleccionar Empresa/a_Acceso Roles' is clicked on

2022-04-11 12:58:28 - [MESSAGE][PASSED] - Object: 'Object Repository/2-OBJECTS TAREAS SECUNDARIAS/Pruebas Seguridad/6.1.7-Seleccionar Empresa/a_Acceso Roles' is clicked on

2022-04-11 12:58:28 - [TEST_STEP][PASSED] - selectOptionByIndex(findTestObject("2-OBJECTS TAREAS SECUNDARIAS/Pruebas Seguridad/6.1.7-Seleccionar Empresa/select_Seleccione1234234administradorAdministrador Calidad 3ADMONA"), 3): All options with index in [3] are selected on object 'Object Repository/2-OBJECTS TAREAS SECUNDARIAS/Pruebas Seguridad/6.1.7-Seleccionar Empresa/select_Seleccione1234234administradorAdministrador Calidad 3ADMONA'

2022-04-11 12:58:29 - [MESSAGE][PASSED] - All options with index in [3] are selected on object 'Object Repository/2-OBJECTS TAREAS SECUNDARIAS/Pruebas Seguridad/6.1.7-Seleccionar Empresa/select_Seleccione1234234administradorAdministrador Calidad 3ADMONA'

2022-04-11 12:58:29 - [TEST_STEP][PASSED] - click(findTestObject("2-OBJECTS TAREAS SECUNDARIAS/Pruebas Seguridad/6.1.7-Seleccionar Empresa/a_No se encontr registros_usuarioformatabtabla_roles_individualj_idt1610")): Object: 'Object Repository/2-OBJECTS TAREAS SECUNDARIAS/Pruebas Seguridad/6.1.7-Seleccionar Empresa/a_No se encontr registros_usuarioformatabtabla_roles_individualj_idt1610' is clicked on

2022-04-11 12:58:29 - [MESSAGE][PASSED] - Object: 'Object Repository/2-OBJECTS TAREAS SECUNDARIAS/Pruebas Seguridad/6.1.7-Seleccionar Empresa/a_No se encontr registros_usuarioformatabtabla_roles_individualj_idt1610' is clicked on

2022-04-11 12:58:29 - [TEST_STEP][PASSED] - click(findTestObject("2-OBJECTS TAREAS SECUNDARIAS/Pruebas Seguridad/6.1.7-Seleccionar Empresa/select_Seleccione1234234administradorAdministrador Calidad 3ADMONA"), STOP_ON_FAILURE): Object: 'Object Repository/2-OBJECTS TAREAS SECUNDARIAS/Pruebas Seguridad/6.1.7-Seleccionar Empresa/select_Seleccione1234234administradorAdministrador Calidad 3ADMONA' is clicked on

2022-04-11 12:58:30 - [MESSAGE][PASSED] - Object: 'Object Repository/2-OBJECTS TAREAS SECUNDARIAS/Pruebas Seguridad/6.1.7-Seleccionar Empresa/select_Seleccione1234234administradorAdministrador Calidad 3ADMONA' is clicked on

2022-04-11 12:58:30 - [TEST_STEP][PASSED] - selectOptionByLabel(findTestObject("2-OBJECTS TAREAS SECUNDARIAS/Pruebas Seguridad/6.1.7-Seleccionar Empresa/select_Seleccione1234234administradorAdministrador Calidad 3ADMONA"), "EMPLEADO", false): All options with label 'EMPLEADO' are selected in object 'Object Repository/2-OBJECTS TAREAS SECUNDARIAS/Pruebas Seguridad/6.1.7-Seleccionar Empresa/select_Seleccione1234234administradorAdministrador Calidad 3ADMONA' 

2022-04-11 12:58:31 - [MESSAGE][PASSED] - All options with label 'EMPLEADO' are selected in object 'Object Repository/2-OBJECTS TAREAS SECUNDARIAS/Pruebas Seguridad/6.1.7-Seleccionar Empresa/select_Seleccione1234234administradorAdministrador Calidad 3ADMONA' 

2022-04-11 12:58:31 - [TEST_STEP][PASSED] - click(findTestObject("2-OBJECTS TAREAS SECUNDARIAS/Pruebas Seguridad/6.1.7-Seleccionar Empresa/a_administrador_usuarioformatabtabla_roles_individualj_idt1611")): Object: 'Object Repository/2-OBJECTS TAREAS SECUNDARIAS/Pruebas Seguridad/6.1.7-Seleccionar Empresa/a_administrador_usuarioformatabtabla_roles_individualj_idt1611' is clicked on

2022-04-11 12:58:31 - [MESSAGE][PASSED] - Object: 'Object Repository/2-OBJECTS TAREAS SECUNDARIAS/Pruebas Seguridad/6.1.7-Seleccionar Empresa/a_administrador_usuarioformatabtabla_roles_individualj_idt1611' is clicked on

2022-04-11 12:58:31 - [TEST_STEP][PASSED] - callTestCase(findTestCase("Utilidades-(atajos_para _tareas)/Login_Seguridad/Login-Seleccionar_Empresa"), [:], STOP_ON_FAILURE): Call Test Case 'Test Cases/Utilidades-(atajos_para _tareas)/Login_Seguridad/Login-Seleccionar_Empresa' successfully

2022-04-11 12:58:31 - [TEST_CASE][PASSED] - Test Cases/Utilidades-(atajos_para _tareas)/Login_Seguridad/Login-Seleccionar_Empresa: Test Cases/Utilidades-(atajos_para _tareas)/Login_Seguridad/Login-Seleccionar_Empresa

2022-04-11 12:58:32 - [TEST_STEP][PASSED] - openBrowser(""): Browser is opened with url: ''

2022-04-11 12:58:32 - [MESSAGE][WARNING] - A browser is already opened. Closing browser and opening a new one

2022-04-11 12:58:32 - [MESSAGE][INFO] - Starting 'Chrome' driver

2022-04-11 12:58:32 - [MESSAGE][INFO] - Action delay is set to 0 milliseconds

2022-04-11 12:58:34 - [MESSAGE][PASSED] - Browser is opened with url: ''

2022-04-11 12:58:34 - [TEST_STEP][PASSED] - maximizeWindow(): Current window maximized

2022-04-11 12:58:34 - [MESSAGE][PASSED] - Current window maximized

2022-04-11 12:58:34 - [TEST_STEP][PASSED] - i = G_Login: null

2022-04-11 12:58:34 - [TEST_STEP][PASSED] - url = new java.net.URL(i): null

2022-04-11 12:58:34 - [TEST_STEP][PASSED] - println("URL: " + url.toString()): null

2022-04-11 12:58:34 - [TEST_STEP][PASSED] - connection = url.openConnection(): null

2022-04-11 12:58:34 - [TEST_STEP][PASSED] - connection.setRequestMethod("GET"): null

2022-04-11 12:58:34 - [TEST_STEP][PASSED] - connection.setReadTimeout(2 * 1000): null

2022-04-11 12:58:34 - [TEST_STEP][PASSED] - try: null

2022-04-11 12:58:34 - [TEST_STEP][PASSED] - connection.connect(): null

2022-04-11 12:58:34 - [TEST_STEP][PASSED] - flag = connected: null

2022-04-11 12:58:34 - [TEST_STEP][PASSED] - println("Valor_ori: " + flag): null

2022-04-11 12:58:34 - [TEST_STEP][PASSED] - if (flag): null

2022-04-11 12:58:34 - [TEST_STEP][PASSED] - navigateToUrl(i): Navigate to 'http://192.168.2.19:8380/saraweb' successfully

2022-04-11 12:58:34 - [MESSAGE][PASSED] - Navigate to 'http://192.168.2.19:8380/saraweb' successfully

2022-04-11 12:58:34 - [TEST_STEP][PASSED] - a(): null

2022-04-11 12:58:34 - [TEST_STEP][PASSED] - setText(findTestObject("3-OBJECTS UTILIDADES/Login/input_USUARIO_loginusuario"), G_Usuario_617): Text 'Usuario' is set on object 'Object Repository/3-OBJECTS UTILIDADES/Login/input_USUARIO_loginusuario'

2022-04-11 12:58:35 - [MESSAGE][PASSED] - Text 'Usuario' is set on object 'Object Repository/3-OBJECTS UTILIDADES/Login/input_USUARIO_loginusuario'

2022-04-11 12:58:35 - [TEST_STEP][PASSED] - setEncryptedText(findTestObject("3-OBJECTS UTILIDADES/Login/input_CLAVE_loginpassword"), "MkG4/TYiCFC3cb2driP7+Q=="): Text ****** has been set on object 'Object Repository/3-OBJECTS UTILIDADES/Login/input_CLAVE_loginpassword'

2022-04-11 12:58:35 - [MESSAGE][PASSED] - Text ****** has been set on object 'Object Repository/3-OBJECTS UTILIDADES/Login/input_CLAVE_loginpassword'

2022-04-11 12:58:35 - [TEST_STEP][PASSED] - waitForElementClickable(findTestObject("3-OBJECTS UTILIDADES/Login/a_Ingresar"), G_TimeOut): Object 'Object Repository/3-OBJECTS UTILIDADES/Login/a_Ingresar' is clickable

2022-04-11 12:58:36 - [MESSAGE][PASSED] - Object 'Object Repository/3-OBJECTS UTILIDADES/Login/a_Ingresar' is clickable

2022-04-11 12:58:36 - [TEST_STEP][PASSED] - click(findTestObject("3-OBJECTS UTILIDADES/Login/a_Ingresar")): Object: 'Object Repository/3-OBJECTS UTILIDADES/Login/a_Ingresar' is clicked on

2022-04-11 12:58:37 - [MESSAGE][PASSED] - Object: 'Object Repository/3-OBJECTS UTILIDADES/Login/a_Ingresar' is clicked on

2022-04-11 12:58:37 - [MESSAGE][PASSED] - Call Test Case 'Test Cases/Utilidades-(atajos_para _tareas)/Login_Seguridad/Login-Seleccionar_Empresa' successfully

2022-04-11 12:58:37 - [TEST_STEP][PASSED] - setText(findTestObject("2-OBJECTS TAREAS SECUNDARIAS/Pruebas Seguridad/6.1.7-Seleccionar Empresa/input_Perfil_popupMopdulotablaBusquedaglobalFilter"), "Pruebas Katalon"): Text 'Pruebas Katalon' is set on object 'Object Repository/2-OBJECTS TAREAS SECUNDARIAS/Pruebas Seguridad/6.1.7-Seleccionar Empresa/input_Perfil_popupMopdulotablaBusquedaglobalFilter'

2022-04-11 12:58:37 - [MESSAGE][PASSED] - Text 'Pruebas Katalon' is set on object 'Object Repository/2-OBJECTS TAREAS SECUNDARIAS/Pruebas Seguridad/6.1.7-Seleccionar Empresa/input_Perfil_popupMopdulotablaBusquedaglobalFilter'

2022-04-11 12:58:37 - [TEST_STEP][PASSED] - sendKeys(findTestObject("2-OBJECTS TAREAS SECUNDARIAS/Pruebas Seguridad/6.1.7-Seleccionar Empresa/input_Perfil_popupMopdulotablaBusquedaglobalFilter"), Keys.chord(ENTER)): Keys 'ENTER + ' sent to object: 'Object Repository/2-OBJECTS TAREAS SECUNDARIAS/Pruebas Seguridad/6.1.7-Seleccionar Empresa/input_Perfil_popupMopdulotablaBusquedaglobalFilter'

2022-04-11 12:58:38 - [MESSAGE][PASSED] - Keys 'ENTER + ' sent to object: 'Object Repository/2-OBJECTS TAREAS SECUNDARIAS/Pruebas Seguridad/6.1.7-Seleccionar Empresa/input_Perfil_popupMopdulotablaBusquedaglobalFilter'

2022-04-11 12:58:38 - [TEST_STEP][PASSED] - if (waitForElementVisible(findTestObject("2-OBJECTS TAREAS SECUNDARIAS/Pruebas Seguridad/6.1.7-Seleccionar Empresa/span_Pruebas Katalon"), 1)): null

2022-04-11 12:58:38 - [MESSAGE][PASSED] - Object 'Object Repository/2-OBJECTS TAREAS SECUNDARIAS/Pruebas Seguridad/6.1.7-Seleccionar Empresa/span_Pruebas Katalon' is visible

2022-04-11 12:58:38 - [TEST_STEP][PASSED] - setText(findTestObject("2-OBJECTS TAREAS SECUNDARIAS/Pruebas Seguridad/6.1.7-Seleccionar Empresa/input_Perfil_popupMopdulotablaBusquedaglobalFilter"), "Empresa 1"): Text 'Empresa 1' is set on object 'Object Repository/2-OBJECTS TAREAS SECUNDARIAS/Pruebas Seguridad/6.1.7-Seleccionar Empresa/input_Perfil_popupMopdulotablaBusquedaglobalFilter'

2022-04-11 12:58:39 - [MESSAGE][PASSED] - Text 'Empresa 1' is set on object 'Object Repository/2-OBJECTS TAREAS SECUNDARIAS/Pruebas Seguridad/6.1.7-Seleccionar Empresa/input_Perfil_popupMopdulotablaBusquedaglobalFilter'

2022-04-11 12:58:39 - [TEST_STEP][PASSED] - sendKeys(findTestObject("2-OBJECTS TAREAS SECUNDARIAS/Pruebas Seguridad/6.1.7-Seleccionar Empresa/input_Perfil_popupMopdulotablaBusquedaglobalFilter"), Keys.chord(ENTER)): Keys 'ENTER + ' sent to object: 'Object Repository/2-OBJECTS TAREAS SECUNDARIAS/Pruebas Seguridad/6.1.7-Seleccionar Empresa/input_Perfil_popupMopdulotablaBusquedaglobalFilter'

2022-04-11 12:58:39 - [MESSAGE][PASSED] - Keys 'ENTER + ' sent to object: 'Object Repository/2-OBJECTS TAREAS SECUNDARIAS/Pruebas Seguridad/6.1.7-Seleccionar Empresa/input_Perfil_popupMopdulotablaBusquedaglobalFilter'

2022-04-11 12:58:39 - [TEST_STEP][PASSED] - if (waitForElementVisible(findTestObject("2-OBJECTS TAREAS SECUNDARIAS/Pruebas Seguridad/6.1.7-Seleccionar Empresa/td_Empresa 1"), 1)): null

2022-04-11 12:58:40 - [MESSAGE][PASSED] - Object 'Object Repository/2-OBJECTS TAREAS SECUNDARIAS/Pruebas Seguridad/6.1.7-Seleccionar Empresa/td_Empresa 1' is visible

2022-04-11 12:58:40 - [TEST_STEP][PASSED] - setText(findTestObject("2-OBJECTS TAREAS SECUNDARIAS/Pruebas Seguridad/6.1.7-Seleccionar Empresa/input_Perfil_popupMopdulotablaBusquedaglobalFilter"), "Calidad"): Text 'Calidad' is set on object 'Object Repository/2-OBJECTS TAREAS SECUNDARIAS/Pruebas Seguridad/6.1.7-Seleccionar Empresa/input_Perfil_popupMopdulotablaBusquedaglobalFilter'

2022-04-11 12:58:41 - [MESSAGE][PASSED] - Text 'Calidad' is set on object 'Object Repository/2-OBJECTS TAREAS SECUNDARIAS/Pruebas Seguridad/6.1.7-Seleccionar Empresa/input_Perfil_popupMopdulotablaBusquedaglobalFilter'

2022-04-11 12:58:41 - [TEST_STEP][PASSED] - sendKeys(findTestObject("2-OBJECTS TAREAS SECUNDARIAS/Pruebas Seguridad/6.1.7-Seleccionar Empresa/input_Perfil_popupMopdulotablaBusquedaglobalFilter"), Keys.chord(ENTER)): Keys 'ENTER + ' sent to object: 'Object Repository/2-OBJECTS TAREAS SECUNDARIAS/Pruebas Seguridad/6.1.7-Seleccionar Empresa/input_Perfil_popupMopdulotablaBusquedaglobalFilter'

2022-04-11 12:58:41 - [MESSAGE][PASSED] - Keys 'ENTER + ' sent to object: 'Object Repository/2-OBJECTS TAREAS SECUNDARIAS/Pruebas Seguridad/6.1.7-Seleccionar Empresa/input_Perfil_popupMopdulotablaBusquedaglobalFilter'

2022-04-11 12:58:41 - [TEST_STEP][PASSED] - if (waitForElementVisible(findTestObject("2-OBJECTS TAREAS SECUNDARIAS/Pruebas Seguridad/6.1.7-Seleccionar Empresa/td_Calidad"), 1)): null

2022-04-11 12:58:42 - [MESSAGE][PASSED] - Object 'Object Repository/2-OBJECTS TAREAS SECUNDARIAS/Pruebas Seguridad/6.1.7-Seleccionar Empresa/td_Calidad' is visible

2022-04-11 12:58:42 - [TEST_STEP][PASSED] - click(findTestObject("2-OBJECTS TAREAS SECUNDARIAS/Pruebas Seguridad/6.1.7-Seleccionar Empresa/td_Calidad")): Object: 'Object Repository/2-OBJECTS TAREAS SECUNDARIAS/Pruebas Seguridad/6.1.7-Seleccionar Empresa/td_Calidad' is clicked on

2022-04-11 12:58:42 - [MESSAGE][PASSED] - Object: 'Object Repository/2-OBJECTS TAREAS SECUNDARIAS/Pruebas Seguridad/6.1.7-Seleccionar Empresa/td_Calidad' is clicked on

2022-04-11 12:58:42 - [TEST_STEP][PASSED] - callTestCase(findTestCase("Utilidades-(atajos_para _tareas)/Login_Seguridad/Login-Seguridad"), [:], STOP_ON_FAILURE): Call Test Case 'Test Cases/Utilidades-(atajos_para _tareas)/Login_Seguridad/Login-Seguridad' successfully

2022-04-11 12:58:43 - [TEST_CASE][PASSED] - Test Cases/Utilidades-(atajos_para _tareas)/Login_Seguridad/Login-Seguridad: Test Cases/Utilidades-(atajos_para _tareas)/Login_Seguridad/Login-Seguridad

2022-04-11 12:58:43 - [TEST_STEP][PASSED] - openBrowser(""): Browser is opened with url: ''

2022-04-11 12:58:43 - [MESSAGE][WARNING] - A browser is already opened. Closing browser and opening a new one

2022-04-11 12:58:43 - [MESSAGE][INFO] - Starting 'Chrome' driver

2022-04-11 12:58:43 - [MESSAGE][INFO] - Action delay is set to 0 milliseconds

2022-04-11 12:58:44 - [MESSAGE][PASSED] - Browser is opened with url: ''

2022-04-11 12:58:44 - [TEST_STEP][PASSED] - maximizeWindow(): Current window maximized

2022-04-11 12:58:45 - [MESSAGE][PASSED] - Current window maximized

2022-04-11 12:58:45 - [TEST_STEP][PASSED] - i = G_Login_Seguridad: null

2022-04-11 12:58:45 - [TEST_STEP][PASSED] - url = new java.net.URL(i): null

2022-04-11 12:58:45 - [TEST_STEP][PASSED] - println("URL: " + url.toString()): null

2022-04-11 12:58:45 - [TEST_STEP][PASSED] - connection = url.openConnection(): null

2022-04-11 12:58:45 - [TEST_STEP][PASSED] - connection.setRequestMethod("GET"): null

2022-04-11 12:58:45 - [TEST_STEP][PASSED] - connection.setReadTimeout(2 * 1000): null

2022-04-11 12:58:45 - [TEST_STEP][PASSED] - try: null

2022-04-11 12:58:45 - [TEST_STEP][PASSED] - connection.connect(): null

2022-04-11 12:58:45 - [TEST_STEP][PASSED] - flag = connected: null

2022-04-11 12:58:45 - [TEST_STEP][PASSED] - println("Valor_ori: " + flag): null

2022-04-11 12:58:45 - [TEST_STEP][PASSED] - if (flag): null

2022-04-11 12:58:45 - [TEST_STEP][PASSED] - navigateToUrl(i): Navigate to 'http://192.168.2.19:8380/seguridadweb/' successfully

2022-04-11 12:58:45 - [MESSAGE][PASSED] - Navigate to 'http://192.168.2.19:8380/seguridadweb/' successfully

2022-04-11 12:58:45 - [TEST_STEP][PASSED] - a(): null

2022-04-11 12:58:45 - [TEST_STEP][PASSED] - setText(findTestObject("3-OBJECTS UTILIDADES/Login/input_USUARIO_loginusuario"), G_Usuario): Text 'saraadmin' is set on object 'Object Repository/3-OBJECTS UTILIDADES/Login/input_USUARIO_loginusuario'

2022-04-11 12:58:46 - [MESSAGE][PASSED] - Text 'saraadmin' is set on object 'Object Repository/3-OBJECTS UTILIDADES/Login/input_USUARIO_loginusuario'

2022-04-11 12:58:46 - [TEST_STEP][PASSED] - setEncryptedText(findTestObject("3-OBJECTS UTILIDADES/Login/input_CLAVE_loginpassword"), "MkG4/TYiCFC3cb2driP7+Q=="): Text ****** has been set on object 'Object Repository/3-OBJECTS UTILIDADES/Login/input_CLAVE_loginpassword'

2022-04-11 12:58:46 - [MESSAGE][PASSED] - Text ****** has been set on object 'Object Repository/3-OBJECTS UTILIDADES/Login/input_CLAVE_loginpassword'

2022-04-11 12:58:46 - [TEST_STEP][PASSED] - waitForElementClickable(findTestObject("3-OBJECTS UTILIDADES/Login/a_Ingresar"), G_TimeOut): Object 'Object Repository/3-OBJECTS UTILIDADES/Login/a_Ingresar' is clickable

2022-04-11 12:58:46 - [MESSAGE][PASSED] - Object 'Object Repository/3-OBJECTS UTILIDADES/Login/a_Ingresar' is clickable

2022-04-11 12:58:46 - [TEST_STEP][PASSED] - click(findTestObject("3-OBJECTS UTILIDADES/Login/a_Ingresar")): Object: 'Object Repository/3-OBJECTS UTILIDADES/Login/a_Ingresar' is clicked on

2022-04-11 12:58:47 - [MESSAGE][PASSED] - Object: 'Object Repository/3-OBJECTS UTILIDADES/Login/a_Ingresar' is clicked on

2022-04-11 12:58:47 - [TEST_STEP][PASSED] - element = findWebElement(findTestObject("3-OBJECTS UTILIDADES/Login/a_Ir"), 30): null

2022-04-11 12:58:48 - [TEST_STEP][PASSED] - executeJavaScript("arguments[0].click()", Arrays.asList(element)): Execute JavaScript 'arguments[0].click()' successfully

2022-04-11 12:58:48 - [MESSAGE][PASSED] - Execute JavaScript 'arguments[0].click()' successfully

2022-04-11 12:58:48 - [MESSAGE][PASSED] - Call Test Case 'Test Cases/Utilidades-(atajos_para _tareas)/Login_Seguridad/Login-Seguridad' successfully

2022-04-11 12:58:48 - [TEST_STEP][PASSED] - setText(findTestObject("2-OBJECTS TAREAS SECUNDARIAS/Pruebas Seguridad/6.1.7-Seleccionar Empresa/input_Empresa 1_form_templatej_idt24_input"), "Usuario"): Text 'Usuario' is set on object 'Object Repository/2-OBJECTS TAREAS SECUNDARIAS/Pruebas Seguridad/6.1.7-Seleccionar Empresa/input_Empresa 1_form_templatej_idt24_input'

2022-04-11 12:58:48 - [MESSAGE][PASSED] - Text 'Usuario' is set on object 'Object Repository/2-OBJECTS TAREAS SECUNDARIAS/Pruebas Seguridad/6.1.7-Seleccionar Empresa/input_Empresa 1_form_templatej_idt24_input'

2022-04-11 12:58:48 - [TEST_STEP][PASSED] - click(findTestObject("2-OBJECTS TAREAS SECUNDARIAS/Pruebas Seguridad/6.1.7-Seleccionar Empresa/li_Usuario"), STOP_ON_FAILURE): Object: 'Object Repository/2-OBJECTS TAREAS SECUNDARIAS/Pruebas Seguridad/6.1.7-Seleccionar Empresa/li_Usuario' is clicked on

2022-04-11 12:58:50 - [MESSAGE][PASSED] - Object: 'Object Repository/2-OBJECTS TAREAS SECUNDARIAS/Pruebas Seguridad/6.1.7-Seleccionar Empresa/li_Usuario' is clicked on

2022-04-11 12:58:50 - [TEST_STEP][PASSED] - setText(findTestObject("2-OBJECTS TAREAS SECUNDARIAS/Pruebas Seguridad/6.1.7-Seleccionar Empresa/input_Portal_usuarioformaparametroBusqueda"), "Usuario"): Text 'Usuario' is set on object 'Object Repository/2-OBJECTS TAREAS SECUNDARIAS/Pruebas Seguridad/6.1.7-Seleccionar Empresa/input_Portal_usuarioformaparametroBusqueda'

2022-04-11 12:58:51 - [MESSAGE][PASSED] - Text 'Usuario' is set on object 'Object Repository/2-OBJECTS TAREAS SECUNDARIAS/Pruebas Seguridad/6.1.7-Seleccionar Empresa/input_Portal_usuarioformaparametroBusqueda'

2022-04-11 12:58:51 - [TEST_STEP][PASSED] - sendKeys(findTestObject("2-OBJECTS TAREAS SECUNDARIAS/Pruebas Seguridad/6.1.7-Seleccionar Empresa/input_Portal_usuarioformaparametroBusqueda"), Keys.chord(ENTER)): Keys 'ENTER + ' sent to object: 'Object Repository/2-OBJECTS TAREAS SECUNDARIAS/Pruebas Seguridad/6.1.7-Seleccionar Empresa/input_Portal_usuarioformaparametroBusqueda'

2022-04-11 12:58:52 - [MESSAGE][PASSED] - Keys 'ENTER + ' sent to object: 'Object Repository/2-OBJECTS TAREAS SECUNDARIAS/Pruebas Seguridad/6.1.7-Seleccionar Empresa/input_Portal_usuarioformaparametroBusqueda'

2022-04-11 12:58:52 - [TEST_STEP][PASSED] - if (waitForElementVisible(findTestObject("2-OBJECTS TAREAS SECUNDARIAS/Pruebas Seguridad/6.1.7-Seleccionar Empresa/span_Usuario"), 1)): null

2022-04-11 12:58:52 - [MESSAGE][PASSED] - Object 'Object Repository/2-OBJECTS TAREAS SECUNDARIAS/Pruebas Seguridad/6.1.7-Seleccionar Empresa/span_Usuario' is visible

2022-04-11 12:58:52 - [TEST_STEP][PASSED] - click(findTestObject("2-OBJECTS TAREAS SECUNDARIAS/Pruebas Seguridad/6.1.7-Seleccionar Empresa/span_Usuario")): Object: 'Object Repository/2-OBJECTS TAREAS SECUNDARIAS/Pruebas Seguridad/6.1.7-Seleccionar Empresa/span_Usuario' is clicked on

2022-04-11 12:58:52 - [MESSAGE][PASSED] - Object: 'Object Repository/2-OBJECTS TAREAS SECUNDARIAS/Pruebas Seguridad/6.1.7-Seleccionar Empresa/span_Usuario' is clicked on

2022-04-11 12:58:52 - [TEST_STEP][PASSED] - click(findTestObject("2-OBJECTS TAREAS SECUNDARIAS/Pruebas Seguridad/6.1.7-Seleccionar Empresa/a_Acceso Roles")): Object: 'Object Repository/2-OBJECTS TAREAS SECUNDARIAS/Pruebas Seguridad/6.1.7-Seleccionar Empresa/a_Acceso Roles' is clicked on

2022-04-11 12:58:53 - [MESSAGE][PASSED] - Object: 'Object Repository/2-OBJECTS TAREAS SECUNDARIAS/Pruebas Seguridad/6.1.7-Seleccionar Empresa/a_Acceso Roles' is clicked on

2022-04-11 12:58:53 - [TEST_STEP][PASSED] - while (waitForElementVisible(findTestObject("2-OBJECTS TAREAS SECUNDARIAS/Pruebas Seguridad/6.1.7-Seleccionar Empresa/a_administrador_usuarioformatabtabla_roles_individual0j_idt160"), 1)): null

2022-04-11 12:58:53 - [MESSAGE][PASSED] - Object 'Object Repository/2-OBJECTS TAREAS SECUNDARIAS/Pruebas Seguridad/6.1.7-Seleccionar Empresa/a_administrador_usuarioformatabtabla_roles_individual0j_idt160' is visible

2022-04-11 12:58:53 - [TEST_STEP][PASSED] - click(findTestObject("2-OBJECTS TAREAS SECUNDARIAS/Pruebas Seguridad/6.1.7-Seleccionar Empresa/a_administrador_usuarioformatabtabla_roles_individual0j_idt160")): Object: 'Object Repository/2-OBJECTS TAREAS SECUNDARIAS/Pruebas Seguridad/6.1.7-Seleccionar Empresa/a_administrador_usuarioformatabtabla_roles_individual0j_idt160' is clicked on

2022-04-11 12:58:54 - [MESSAGE][PASSED] - Object: 'Object Repository/2-OBJECTS TAREAS SECUNDARIAS/Pruebas Seguridad/6.1.7-Seleccionar Empresa/a_administrador_usuarioformatabtabla_roles_individual0j_idt160' is clicked on

2022-04-11 12:58:54 - [TEST_STEP][PASSED] - click(findTestObject("2-OBJECTS TAREAS SECUNDARIAS/Pruebas Seguridad/6.1.7-Seleccionar Empresa/a_Aceptar_Acceso Roles")): Object 'Object Repository/2-OBJECTS TAREAS SECUNDARIAS/Pruebas Seguridad/6.1.7-Seleccionar Empresa/a_administrador_usuarioformatabtabla_roles_individual0j_idt160' is visible

2022-04-11 12:58:55 - [MESSAGE][PASSED] - Object: 'Object Repository/2-OBJECTS TAREAS SECUNDARIAS/Pruebas Seguridad/6.1.7-Seleccionar Empresa/a_Aceptar_Acceso Roles' is clicked on

2022-04-11 12:58:55 - [MESSAGE][PASSED] - Object 'Object Repository/2-OBJECTS TAREAS SECUNDARIAS/Pruebas Seguridad/6.1.7-Seleccionar Empresa/a_administrador_usuarioformatabtabla_roles_individual0j_idt160' is visible

2022-04-11 12:58:55 - [TEST_STEP][PASSED] - click(findTestObject("2-OBJECTS TAREAS SECUNDARIAS/Pruebas Seguridad/6.1.7-Seleccionar Empresa/a_administrador_usuarioformatabtabla_roles_individual0j_idt160")): Object: 'Object Repository/2-OBJECTS TAREAS SECUNDARIAS/Pruebas Seguridad/6.1.7-Seleccionar Empresa/a_administrador_usuarioformatabtabla_roles_individual0j_idt160' is clicked on

2022-04-11 12:58:56 - [MESSAGE][PASSED] - Object: 'Object Repository/2-OBJECTS TAREAS SECUNDARIAS/Pruebas Seguridad/6.1.7-Seleccionar Empresa/a_administrador_usuarioformatabtabla_roles_individual0j_idt160' is clicked on

2022-04-11 12:58:56 - [TEST_STEP][PASSED] - click(findTestObject("2-OBJECTS TAREAS SECUNDARIAS/Pruebas Seguridad/6.1.7-Seleccionar Empresa/a_Aceptar_Acceso Roles")): Web element with id: 'Object Repository/2-OBJECTS TAREAS SECUNDARIAS/Pruebas Seguridad/6.1.7-Seleccionar Empresa/a_administrador_usuarioformatabtabla_roles_individual0j_idt160' located by '//tbody[@id='usuarioforma:tab:tabla_roles_individual_data']/tr/td[2]/a' not found

2022-04-11 12:58:56 - [MESSAGE][PASSED] - Object: 'Object Repository/2-OBJECTS TAREAS SECUNDARIAS/Pruebas Seguridad/6.1.7-Seleccionar Empresa/a_Aceptar_Acceso Roles' is clicked on

2022-04-11 12:58:58 - [MESSAGE][INFO] - Unable to find the element located by 'By.xpath: //tbody[@id='usuarioforma:tab:tabla_roles_individual_data']/tr/td[2]/a'. Please recheck the objects properties to make sure the desired element is located. 

2022-04-11 12:58:58 - [MESSAGE][WARNING] - Web element with id: 'Object Repository/2-OBJECTS TAREAS SECUNDARIAS/Pruebas Seguridad/6.1.7-Seleccionar Empresa/a_administrador_usuarioformatabtabla_roles_individual0j_idt160' located by '//tbody[@id='usuarioforma:tab:tabla_roles_individual_data']/tr/td[2]/a' not found

2022-04-11 12:58:58 - [TEST_STEP][PASSED] - click(findTestObject("2-OBJECTS TAREAS SECUNDARIAS/Pruebas Seguridad/6.1.7-Seleccionar Empresa/a_Acceso Particular")): Object: 'Object Repository/2-OBJECTS TAREAS SECUNDARIAS/Pruebas Seguridad/6.1.7-Seleccionar Empresa/a_Acceso Particular' is clicked on

2022-04-11 12:58:59 - [MESSAGE][PASSED] - Object: 'Object Repository/2-OBJECTS TAREAS SECUNDARIAS/Pruebas Seguridad/6.1.7-Seleccionar Empresa/a_Acceso Particular' is clicked on

2022-04-11 12:58:59 - [TEST_STEP][PASSED] - while (waitForElementVisible(findTestObject("2-OBJECTS TAREAS SECUNDARIAS/Pruebas Seguridad/6.1.7-Seleccionar Empresa/a_SARA_usuarioformatabtabla_roles0j_idt151"), 1)): null

2022-04-11 12:58:59 - [MESSAGE][PASSED] - Object 'Object Repository/2-OBJECTS TAREAS SECUNDARIAS/Pruebas Seguridad/6.1.7-Seleccionar Empresa/a_SARA_usuarioformatabtabla_roles0j_idt151' is visible

2022-04-11 12:58:59 - [TEST_STEP][PASSED] - click(findTestObject("2-OBJECTS TAREAS SECUNDARIAS/Pruebas Seguridad/6.1.7-Seleccionar Empresa/a_SARA_usuarioformatabtabla_roles0j_idt151")): Object: 'Object Repository/2-OBJECTS TAREAS SECUNDARIAS/Pruebas Seguridad/6.1.7-Seleccionar Empresa/a_SARA_usuarioformatabtabla_roles0j_idt151' is clicked on

2022-04-11 12:59:00 - [MESSAGE][PASSED] - Object: 'Object Repository/2-OBJECTS TAREAS SECUNDARIAS/Pruebas Seguridad/6.1.7-Seleccionar Empresa/a_SARA_usuarioformatabtabla_roles0j_idt151' is clicked on

2022-04-11 12:59:00 - [TEST_STEP][PASSED] - click(findTestObject("2-OBJECTS TAREAS SECUNDARIAS/Pruebas Seguridad/6.1.7-Seleccionar Empresa/a_Aceptar_Acceso particular")): Object 'Object Repository/2-OBJECTS TAREAS SECUNDARIAS/Pruebas Seguridad/6.1.7-Seleccionar Empresa/a_SARA_usuarioformatabtabla_roles0j_idt151' is visible

2022-04-11 12:59:00 - [MESSAGE][PASSED] - Object: 'Object Repository/2-OBJECTS TAREAS SECUNDARIAS/Pruebas Seguridad/6.1.7-Seleccionar Empresa/a_Aceptar_Acceso particular' is clicked on

2022-04-11 12:59:01 - [MESSAGE][PASSED] - Object 'Object Repository/2-OBJECTS TAREAS SECUNDARIAS/Pruebas Seguridad/6.1.7-Seleccionar Empresa/a_SARA_usuarioformatabtabla_roles0j_idt151' is visible

2022-04-11 12:59:01 - [TEST_STEP][PASSED] - click(findTestObject("2-OBJECTS TAREAS SECUNDARIAS/Pruebas Seguridad/6.1.7-Seleccionar Empresa/a_SARA_usuarioformatabtabla_roles0j_idt151")): Object: 'Object Repository/2-OBJECTS TAREAS SECUNDARIAS/Pruebas Seguridad/6.1.7-Seleccionar Empresa/a_SARA_usuarioformatabtabla_roles0j_idt151' is clicked on

2022-04-11 12:59:01 - [MESSAGE][PASSED] - Object: 'Object Repository/2-OBJECTS TAREAS SECUNDARIAS/Pruebas Seguridad/6.1.7-Seleccionar Empresa/a_SARA_usuarioformatabtabla_roles0j_idt151' is clicked on

2022-04-11 12:59:01 - [TEST_STEP][PASSED] - click(findTestObject("2-OBJECTS TAREAS SECUNDARIAS/Pruebas Seguridad/6.1.7-Seleccionar Empresa/a_Aceptar_Acceso particular")): Object 'Object Repository/2-OBJECTS TAREAS SECUNDARIAS/Pruebas Seguridad/6.1.7-Seleccionar Empresa/a_SARA_usuarioformatabtabla_roles0j_idt151' is visible

2022-04-11 12:59:02 - [MESSAGE][PASSED] - Object: 'Object Repository/2-OBJECTS TAREAS SECUNDARIAS/Pruebas Seguridad/6.1.7-Seleccionar Empresa/a_Aceptar_Acceso particular' is clicked on

2022-04-11 12:59:03 - [MESSAGE][PASSED] - Object 'Object Repository/2-OBJECTS TAREAS SECUNDARIAS/Pruebas Seguridad/6.1.7-Seleccionar Empresa/a_SARA_usuarioformatabtabla_roles0j_idt151' is visible

2022-04-11 12:59:03 - [TEST_STEP][PASSED] - click(findTestObject("2-OBJECTS TAREAS SECUNDARIAS/Pruebas Seguridad/6.1.7-Seleccionar Empresa/a_SARA_usuarioformatabtabla_roles0j_idt151")): Object: 'Object Repository/2-OBJECTS TAREAS SECUNDARIAS/Pruebas Seguridad/6.1.7-Seleccionar Empresa/a_SARA_usuarioformatabtabla_roles0j_idt151' is clicked on

2022-04-11 12:59:03 - [MESSAGE][PASSED] - Object: 'Object Repository/2-OBJECTS TAREAS SECUNDARIAS/Pruebas Seguridad/6.1.7-Seleccionar Empresa/a_SARA_usuarioformatabtabla_roles0j_idt151' is clicked on

2022-04-11 12:59:03 - [TEST_STEP][PASSED] - click(findTestObject("2-OBJECTS TAREAS SECUNDARIAS/Pruebas Seguridad/6.1.7-Seleccionar Empresa/a_Aceptar_Acceso particular")): Object 'Object Repository/2-OBJECTS TAREAS SECUNDARIAS/Pruebas Seguridad/6.1.7-Seleccionar Empresa/a_SARA_usuarioformatabtabla_roles0j_idt151' is visible

2022-04-11 12:59:04 - [MESSAGE][PASSED] - Object: 'Object Repository/2-OBJECTS TAREAS SECUNDARIAS/Pruebas Seguridad/6.1.7-Seleccionar Empresa/a_Aceptar_Acceso particular' is clicked on

2022-04-11 12:59:05 - [MESSAGE][PASSED] - Object 'Object Repository/2-OBJECTS TAREAS SECUNDARIAS/Pruebas Seguridad/6.1.7-Seleccionar Empresa/a_SARA_usuarioformatabtabla_roles0j_idt151' is visible

2022-04-11 12:59:05 - [TEST_STEP][PASSED] - click(findTestObject("2-OBJECTS TAREAS SECUNDARIAS/Pruebas Seguridad/6.1.7-Seleccionar Empresa/a_SARA_usuarioformatabtabla_roles0j_idt151")): Object: 'Object Repository/2-OBJECTS TAREAS SECUNDARIAS/Pruebas Seguridad/6.1.7-Seleccionar Empresa/a_SARA_usuarioformatabtabla_roles0j_idt151' is clicked on

2022-04-11 12:59:05 - [MESSAGE][PASSED] - Object: 'Object Repository/2-OBJECTS TAREAS SECUNDARIAS/Pruebas Seguridad/6.1.7-Seleccionar Empresa/a_SARA_usuarioformatabtabla_roles0j_idt151' is clicked on

2022-04-11 12:59:05 - [TEST_STEP][PASSED] - click(findTestObject("2-OBJECTS TAREAS SECUNDARIAS/Pruebas Seguridad/6.1.7-Seleccionar Empresa/a_Aceptar_Acceso particular")): Object 'Object Repository/2-OBJECTS TAREAS SECUNDARIAS/Pruebas Seguridad/6.1.7-Seleccionar Empresa/a_SARA_usuarioformatabtabla_roles0j_idt151' is visible

2022-04-11 12:59:06 - [MESSAGE][PASSED] - Object: 'Object Repository/2-OBJECTS TAREAS SECUNDARIAS/Pruebas Seguridad/6.1.7-Seleccionar Empresa/a_Aceptar_Acceso particular' is clicked on

2022-04-11 12:59:06 - [MESSAGE][PASSED] - Object 'Object Repository/2-OBJECTS TAREAS SECUNDARIAS/Pruebas Seguridad/6.1.7-Seleccionar Empresa/a_SARA_usuarioformatabtabla_roles0j_idt151' is visible

2022-04-11 12:59:06 - [TEST_STEP][PASSED] - click(findTestObject("2-OBJECTS TAREAS SECUNDARIAS/Pruebas Seguridad/6.1.7-Seleccionar Empresa/a_SARA_usuarioformatabtabla_roles0j_idt151")): Object: 'Object Repository/2-OBJECTS TAREAS SECUNDARIAS/Pruebas Seguridad/6.1.7-Seleccionar Empresa/a_SARA_usuarioformatabtabla_roles0j_idt151' is clicked on

2022-04-11 12:59:07 - [MESSAGE][PASSED] - Object: 'Object Repository/2-OBJECTS TAREAS SECUNDARIAS/Pruebas Seguridad/6.1.7-Seleccionar Empresa/a_SARA_usuarioformatabtabla_roles0j_idt151' is clicked on

2022-04-11 12:59:07 - [TEST_STEP][PASSED] - click(findTestObject("2-OBJECTS TAREAS SECUNDARIAS/Pruebas Seguridad/6.1.7-Seleccionar Empresa/a_Aceptar_Acceso particular")): Object 'Object Repository/2-OBJECTS TAREAS SECUNDARIAS/Pruebas Seguridad/6.1.7-Seleccionar Empresa/a_SARA_usuarioformatabtabla_roles0j_idt151' is visible

2022-04-11 12:59:08 - [MESSAGE][PASSED] - Object: 'Object Repository/2-OBJECTS TAREAS SECUNDARIAS/Pruebas Seguridad/6.1.7-Seleccionar Empresa/a_Aceptar_Acceso particular' is clicked on

2022-04-11 12:59:08 - [MESSAGE][PASSED] - Object 'Object Repository/2-OBJECTS TAREAS SECUNDARIAS/Pruebas Seguridad/6.1.7-Seleccionar Empresa/a_SARA_usuarioformatabtabla_roles0j_idt151' is visible

2022-04-11 12:59:08 - [TEST_STEP][PASSED] - click(findTestObject("2-OBJECTS TAREAS SECUNDARIAS/Pruebas Seguridad/6.1.7-Seleccionar Empresa/a_SARA_usuarioformatabtabla_roles0j_idt151")): Object: 'Object Repository/2-OBJECTS TAREAS SECUNDARIAS/Pruebas Seguridad/6.1.7-Seleccionar Empresa/a_SARA_usuarioformatabtabla_roles0j_idt151' is clicked on

2022-04-11 12:59:09 - [MESSAGE][PASSED] - Object: 'Object Repository/2-OBJECTS TAREAS SECUNDARIAS/Pruebas Seguridad/6.1.7-Seleccionar Empresa/a_SARA_usuarioformatabtabla_roles0j_idt151' is clicked on

2022-04-11 12:59:09 - [TEST_STEP][PASSED] - click(findTestObject("2-OBJECTS TAREAS SECUNDARIAS/Pruebas Seguridad/6.1.7-Seleccionar Empresa/a_Aceptar_Acceso particular")): Object 'Object Repository/2-OBJECTS TAREAS SECUNDARIAS/Pruebas Seguridad/6.1.7-Seleccionar Empresa/a_SARA_usuarioformatabtabla_roles0j_idt151' is visible

2022-04-11 12:59:09 - [MESSAGE][PASSED] - Object: 'Object Repository/2-OBJECTS TAREAS SECUNDARIAS/Pruebas Seguridad/6.1.7-Seleccionar Empresa/a_Aceptar_Acceso particular' is clicked on

2022-04-11 12:59:10 - [MESSAGE][PASSED] - Object 'Object Repository/2-OBJECTS TAREAS SECUNDARIAS/Pruebas Seguridad/6.1.7-Seleccionar Empresa/a_SARA_usuarioformatabtabla_roles0j_idt151' is visible

2022-04-11 12:59:10 - [TEST_STEP][PASSED] - click(findTestObject("2-OBJECTS TAREAS SECUNDARIAS/Pruebas Seguridad/6.1.7-Seleccionar Empresa/a_SARA_usuarioformatabtabla_roles0j_idt151")): Object: 'Object Repository/2-OBJECTS TAREAS SECUNDARIAS/Pruebas Seguridad/6.1.7-Seleccionar Empresa/a_SARA_usuarioformatabtabla_roles0j_idt151' is clicked on

2022-04-11 12:59:11 - [MESSAGE][PASSED] - Object: 'Object Repository/2-OBJECTS TAREAS SECUNDARIAS/Pruebas Seguridad/6.1.7-Seleccionar Empresa/a_SARA_usuarioformatabtabla_roles0j_idt151' is clicked on

2022-04-11 12:59:11 - [TEST_STEP][PASSED] - click(findTestObject("2-OBJECTS TAREAS SECUNDARIAS/Pruebas Seguridad/6.1.7-Seleccionar Empresa/a_Aceptar_Acceso particular")): Object 'Object Repository/2-OBJECTS TAREAS SECUNDARIAS/Pruebas Seguridad/6.1.7-Seleccionar Empresa/a_SARA_usuarioformatabtabla_roles0j_idt151' is visible

2022-04-11 12:59:11 - [MESSAGE][PASSED] - Object: 'Object Repository/2-OBJECTS TAREAS SECUNDARIAS/Pruebas Seguridad/6.1.7-Seleccionar Empresa/a_Aceptar_Acceso particular' is clicked on

2022-04-11 12:59:12 - [MESSAGE][PASSED] - Object 'Object Repository/2-OBJECTS TAREAS SECUNDARIAS/Pruebas Seguridad/6.1.7-Seleccionar Empresa/a_SARA_usuarioformatabtabla_roles0j_idt151' is visible

2022-04-11 12:59:12 - [TEST_STEP][PASSED] - click(findTestObject("2-OBJECTS TAREAS SECUNDARIAS/Pruebas Seguridad/6.1.7-Seleccionar Empresa/a_SARA_usuarioformatabtabla_roles0j_idt151")): Object: 'Object Repository/2-OBJECTS TAREAS SECUNDARIAS/Pruebas Seguridad/6.1.7-Seleccionar Empresa/a_SARA_usuarioformatabtabla_roles0j_idt151' is clicked on

2022-04-11 12:59:12 - [MESSAGE][PASSED] - Object: 'Object Repository/2-OBJECTS TAREAS SECUNDARIAS/Pruebas Seguridad/6.1.7-Seleccionar Empresa/a_SARA_usuarioformatabtabla_roles0j_idt151' is clicked on

2022-04-11 12:59:12 - [TEST_STEP][PASSED] - click(findTestObject("2-OBJECTS TAREAS SECUNDARIAS/Pruebas Seguridad/6.1.7-Seleccionar Empresa/a_Aceptar_Acceso particular")): Object 'Object Repository/2-OBJECTS TAREAS SECUNDARIAS/Pruebas Seguridad/6.1.7-Seleccionar Empresa/a_SARA_usuarioformatabtabla_roles0j_idt151' is visible

2022-04-11 12:59:13 - [MESSAGE][PASSED] - Object: 'Object Repository/2-OBJECTS TAREAS SECUNDARIAS/Pruebas Seguridad/6.1.7-Seleccionar Empresa/a_Aceptar_Acceso particular' is clicked on

2022-04-11 12:59:14 - [MESSAGE][PASSED] - Object 'Object Repository/2-OBJECTS TAREAS SECUNDARIAS/Pruebas Seguridad/6.1.7-Seleccionar Empresa/a_SARA_usuarioformatabtabla_roles0j_idt151' is visible

2022-04-11 12:59:14 - [TEST_STEP][PASSED] - click(findTestObject("2-OBJECTS TAREAS SECUNDARIAS/Pruebas Seguridad/6.1.7-Seleccionar Empresa/a_SARA_usuarioformatabtabla_roles0j_idt151")): Object: 'Object Repository/2-OBJECTS TAREAS SECUNDARIAS/Pruebas Seguridad/6.1.7-Seleccionar Empresa/a_SARA_usuarioformatabtabla_roles0j_idt151' is clicked on

2022-04-11 12:59:14 - [MESSAGE][PASSED] - Object: 'Object Repository/2-OBJECTS TAREAS SECUNDARIAS/Pruebas Seguridad/6.1.7-Seleccionar Empresa/a_SARA_usuarioformatabtabla_roles0j_idt151' is clicked on

2022-04-11 12:59:14 - [TEST_STEP][PASSED] - click(findTestObject("2-OBJECTS TAREAS SECUNDARIAS/Pruebas Seguridad/6.1.7-Seleccionar Empresa/a_Aceptar_Acceso particular")): Object 'Object Repository/2-OBJECTS TAREAS SECUNDARIAS/Pruebas Seguridad/6.1.7-Seleccionar Empresa/a_SARA_usuarioformatabtabla_roles0j_idt151' is visible

2022-04-11 12:59:15 - [MESSAGE][PASSED] - Object: 'Object Repository/2-OBJECTS TAREAS SECUNDARIAS/Pruebas Seguridad/6.1.7-Seleccionar Empresa/a_Aceptar_Acceso particular' is clicked on

2022-04-11 12:59:15 - [MESSAGE][PASSED] - Object 'Object Repository/2-OBJECTS TAREAS SECUNDARIAS/Pruebas Seguridad/6.1.7-Seleccionar Empresa/a_SARA_usuarioformatabtabla_roles0j_idt151' is visible

2022-04-11 12:59:15 - [TEST_STEP][PASSED] - click(findTestObject("2-OBJECTS TAREAS SECUNDARIAS/Pruebas Seguridad/6.1.7-Seleccionar Empresa/a_SARA_usuarioformatabtabla_roles0j_idt151")): Object: 'Object Repository/2-OBJECTS TAREAS SECUNDARIAS/Pruebas Seguridad/6.1.7-Seleccionar Empresa/a_SARA_usuarioformatabtabla_roles0j_idt151' is clicked on

2022-04-11 12:59:16 - [MESSAGE][PASSED] - Object: 'Object Repository/2-OBJECTS TAREAS SECUNDARIAS/Pruebas Seguridad/6.1.7-Seleccionar Empresa/a_SARA_usuarioformatabtabla_roles0j_idt151' is clicked on

2022-04-11 12:59:16 - [TEST_STEP][PASSED] - click(findTestObject("2-OBJECTS TAREAS SECUNDARIAS/Pruebas Seguridad/6.1.7-Seleccionar Empresa/a_Aceptar_Acceso particular")): Web element with id: 'Object Repository/2-OBJECTS TAREAS SECUNDARIAS/Pruebas Seguridad/6.1.7-Seleccionar Empresa/a_SARA_usuarioformatabtabla_roles0j_idt151' located by '//a[@id='usuarioforma:tab:tabla_roles:0:j_idt151']' not found

2022-04-11 12:59:17 - [MESSAGE][PASSED] - Object: 'Object Repository/2-OBJECTS TAREAS SECUNDARIAS/Pruebas Seguridad/6.1.7-Seleccionar Empresa/a_Aceptar_Acceso particular' is clicked on

2022-04-11 12:59:19 - [MESSAGE][INFO] - Unable to find the element located by 'By.xpath: //a[@id='usuarioforma:tab:tabla_roles:0:j_idt151']'. Please recheck the objects properties to make sure the desired element is located. 

2022-04-11 12:59:19 - [MESSAGE][WARNING] - Web element with id: 'Object Repository/2-OBJECTS TAREAS SECUNDARIAS/Pruebas Seguridad/6.1.7-Seleccionar Empresa/a_SARA_usuarioformatabtabla_roles0j_idt151' located by '//a[@id='usuarioforma:tab:tabla_roles:0:j_idt151']' not found

2022-04-11 12:59:19 - [TEST_STEP][PASSED] - click(findTestObject("2-OBJECTS TAREAS SECUNDARIAS/Pruebas Seguridad/6.1.7-Seleccionar Empresa/a_Informacin")): Object: 'Object Repository/2-OBJECTS TAREAS SECUNDARIAS/Pruebas Seguridad/6.1.7-Seleccionar Empresa/a_Informacin' is clicked on

2022-04-11 12:59:19 - [MESSAGE][PASSED] - Object: 'Object Repository/2-OBJECTS TAREAS SECUNDARIAS/Pruebas Seguridad/6.1.7-Seleccionar Empresa/a_Informacin' is clicked on

2022-04-11 12:59:19 - [TEST_STEP][PASSED] - click(findTestObject("2-OBJECTS TAREAS SECUNDARIAS/Pruebas Seguridad/6.1.7-Seleccionar Empresa/a_Eliminar")): Object: 'Object Repository/2-OBJECTS TAREAS SECUNDARIAS/Pruebas Seguridad/6.1.7-Seleccionar Empresa/a_Eliminar' is clicked on

2022-04-11 12:59:20 - [MESSAGE][PASSED] - Object: 'Object Repository/2-OBJECTS TAREAS SECUNDARIAS/Pruebas Seguridad/6.1.7-Seleccionar Empresa/a_Eliminar' is clicked on

2022-04-11 12:59:20 - [TEST_STEP][PASSED] - click(findTestObject("2-OBJECTS TAREAS SECUNDARIAS/Pruebas Seguridad/6.1.7-Seleccionar Empresa/a_Aceptar_informacion")): Object: 'Object Repository/2-OBJECTS TAREAS SECUNDARIAS/Pruebas Seguridad/6.1.7-Seleccionar Empresa/a_Aceptar_informacion' is clicked on

2022-04-11 12:59:20 - [MESSAGE][PASSED] - Object: 'Object Repository/2-OBJECTS TAREAS SECUNDARIAS/Pruebas Seguridad/6.1.7-Seleccionar Empresa/a_Aceptar_informacion' is clicked on

2022-04-11 12:59:20 - [TEST_STEP][PASSED] - closeBrowser(): Browser is closed

2022-04-11 12:59:21 - [MESSAGE][PASSED] - Browser is closed]]></system-out>
         <system-err><![CDATA[]]></system-err>
      </testcase>
      <system-out><![CDATA[2022-04-11 12:55:55 - [TEST_SUITE][PASSED] - 6-Pruebas_seguridad: Test Cases/1.2-Tareas_Secundarias/6.1-Pruebas_Seguridad/6.1.7-Seleccionar Empresa]]></system-out>
      <system-err><![CDATA[]]></system-err>
   </testsuite>
</testsuites>
