<?xml version="1.0" encoding="UTF-8"?>
<testsuites name="1-Tareas Principales" time="4827.912" tests="59" failures="23" errors="0">
   <testsuite name="1-Tareas Principales" tests="59" failures="23" errors="0" time="4827.912" skipped="0" timestamp="2021-12-17 17:30:30" hostname="diego.rojas - US-AF-000371" id="Test Suites/1-Tareas Principales">
      <properties>
         <property name="deviceName" value=""/>
         <property name="devicePlatform" value=""/>
         <property name="logFolder" value="C:\\Users\\diego.rojas\\git\\Pruebas-Minimas\\Reports\\20211217_173017\\1-Tareas Principales\\20211217_173022"/>
         <property name="logFiles" value="C:\\Users\\diego.rojas\\git\\Pruebas-Minimas\\Reports\\20211217_173017\\1-Tareas Principales\\20211217_173022\\execution0.log"/>
         <property name="attachments" value="C:\\Users\\diego.rojas\\git\\Pruebas-Minimas\\Reports\\20211217_173017\\1-Tareas Principales\\20211217_173022\\1639780363556.png, C:\\Users\\diego.rojas\\git\\Pruebas-Minimas\\Reports\\20211217_173017\\1-Tareas Principales\\20211217_173022\\1639780761674.png, C:\\Users\\diego.rojas\\git\\Pruebas-Minimas\\Reports\\20211217_173017\\1-Tareas Principales\\20211217_173022\\1639781298639.png, C:\\Users\\diego.rojas\\git\\Pruebas-Minimas\\Reports\\20211217_173017\\1-Tareas Principales\\20211217_173022\\1639781458723.png, C:\\Users\\diego.rojas\\git\\Pruebas-Minimas\\Reports\\20211217_173017\\1-Tareas Principales\\20211217_173022\\1639781821686.png, C:\\Users\\diego.rojas\\git\\Pruebas-Minimas\\Reports\\20211217_173017\\1-Tareas Principales\\20211217_173022\\1639781948429.png, C:\\Users\\diego.rojas\\git\\Pruebas-Minimas\\Reports\\20211217_173017\\1-Tareas Principales\\20211217_173022\\1639782020446.png, C:\\Users\\diego.rojas\\git\\Pruebas-Minimas\\Reports\\20211217_173017\\1-Tareas Principales\\20211217_173022\\1639782442838.png, C:\\Users\\diego.rojas\\git\\Pruebas-Minimas\\Reports\\20211217_173017\\1-Tareas Principales\\20211217_173022\\1639782780162.png, C:\\Users\\diego.rojas\\git\\Pruebas-Minimas\\Reports\\20211217_173017\\1-Tareas Principales\\20211217_173022\\1639782977782.png, C:\\Users\\diego.rojas\\git\\Pruebas-Minimas\\Reports\\20211217_173017\\1-Tareas Principales\\20211217_173022\\1639783070062.png, C:\\Users\\diego.rojas\\git\\Pruebas-Minimas\\Reports\\20211217_173017\\1-Tareas Principales\\20211217_173022\\1639783154599.png, C:\\Users\\diego.rojas\\git\\Pruebas-Minimas\\Reports\\20211217_173017\\1-Tareas Principales\\20211217_173022\\1639783592029.png, C:\\Users\\diego.rojas\\git\\Pruebas-Minimas\\Reports\\20211217_173017\\1-Tareas Principales\\20211217_173022\\1639783751500.png, C:\\Users\\diego.rojas\\git\\Pruebas-Minimas\\Reports\\20211217_173017\\1-Tareas Principales\\20211217_173022\\1639783873750.png, C:\\Users\\diego.rojas\\git\\Pruebas-Minimas\\Reports\\20211217_173017\\1-Tareas Principales\\20211217_173022\\1639783965620.png, C:\\Users\\diego.rojas\\git\\Pruebas-Minimas\\Reports\\20211217_173017\\1-Tareas Principales\\20211217_173022\\1639784113422.png, C:\\Users\\diego.rojas\\git\\Pruebas-Minimas\\Reports\\20211217_173017\\1-Tareas Principales\\20211217_173022\\1639784365905.png, C:\\Users\\diego.rojas\\git\\Pruebas-Minimas\\Reports\\20211217_173017\\1-Tareas Principales\\20211217_173022\\1639784501231.png, C:\\Users\\diego.rojas\\git\\Pruebas-Minimas\\Reports\\20211217_173017\\1-Tareas Principales\\20211217_173022\\1639784671784.png, C:\\Users\\diego.rojas\\git\\Pruebas-Minimas\\Reports\\20211217_173017\\1-Tareas Principales\\20211217_173022\\1639784758082.png, C:\\Users\\diego.rojas\\git\\Pruebas-Minimas\\Reports\\20211217_173017\\1-Tareas Principales\\20211217_173022\\1639784861859.png, C:\\Users\\diego.rojas\\git\\Pruebas-Minimas\\Reports\\20211217_173017\\1-Tareas Principales\\20211217_173022\\1639785058761.png"/>
         <property name="hostName" value="diego.rojas - US-AF-000371"/>
         <property name="os" value="Windows 10 64bit"/>
         <property name="katalonVersion" value="8.2.0.208"/>
         <property name="browser" value="Chrome 96.0.4664.110"/>
         <property name="hostAddress" value="192.168.56.1"/>
         <property name="sessionId" value="22b123c3a74d56e1d0b7c83a15de42b8"/>
         <property name="seleniumVersion" value="3.141.59"/>
         <property name="proxyInformation" value="ProxyInformation { proxyOption=NO_PROXY, proxyServerType=HTTP, username=, password=********, proxyServerAddress=, proxyServerPort=0, executionList=&quot;&quot;, isApplyToDesiredCapabilities=true }"/>
         <property name="platform" value="Windows 10"/>
      </properties>
      <testcase name="Test Cases/1.1-Tareas Principales/1.1.1-Crear Nueva Hoja de Vida" time="75.155" classname="Test Cases/1.1-Tareas Principales/1.1.1-Crear Nueva Hoja de Vida" status="PASSED">
         <system-out><![CDATA[2021-12-17 17:30:31 - [TEST_CASE][PASSED] - Test Cases/1.1-Tareas Principales/1.1.1-Crear Nueva Hoja de Vida: Test Cases/1.1-Tareas Principales/1.1.1-Crear Nueva Hoja de Vida

2021-12-17 17:30:31 - [TEST_STEP][PASSED] - random_double = Math.random() * 9999 + 999: null

2021-12-17 17:30:31 - [TEST_STEP][PASSED] - random_double = Math.round(random_double * 1000): null

2021-12-17 17:30:31 - [TEST_STEP][PASSED] - identificacion = toString().replace(".0", ""): null

2021-12-17 17:30:31 - [TEST_STEP][PASSED] - callTestCase(findTestCase("0.1-Login"), [:], STOP_ON_FAILURE): Call Test Case 'Test Cases/0.1-Login' successfully

2021-12-17 17:30:32 - [TEST_CASE][PASSED] - Test Cases/0.1-Login: Test Cases/0.1-Login

2021-12-17 17:30:32 - [TEST_STEP][PASSED] - openBrowser(""): Browser is opened with url: ''

2021-12-17 17:30:32 - [MESSAGE][INFO] - Starting 'Chrome' driver

2021-12-17 17:30:32 - [MESSAGE][INFO] - Action delay is set to 0 milliseconds

2021-12-17 17:30:34 - [MESSAGE][PASSED] - Browser is opened with url: ''

2021-12-17 17:30:34 - [TEST_STEP][PASSED] - maximizeWindow(): Current window maximized

2021-12-17 17:30:35 - [MESSAGE][PASSED] - Current window maximized

2021-12-17 17:30:35 - [TEST_STEP][PASSED] - i = G_Login: null

2021-12-17 17:30:35 - [TEST_STEP][PASSED] - url = new java.net.URL(i): null

2021-12-17 17:30:35 - [TEST_STEP][PASSED] - println("URL: " + url.toString()): null

2021-12-17 17:30:35 - [TEST_STEP][PASSED] - connection = url.openConnection(): null

2021-12-17 17:30:35 - [TEST_STEP][PASSED] - connection.setRequestMethod("GET"): null

2021-12-17 17:30:35 - [TEST_STEP][PASSED] - connection.setReadTimeout(2 * 1000): null

2021-12-17 17:30:35 - [TEST_STEP][PASSED] - try: null

2021-12-17 17:30:35 - [TEST_STEP][PASSED] - connection.connect(): null

2021-12-17 17:30:35 - [TEST_STEP][PASSED] - flag = connected: null

2021-12-17 17:30:35 - [TEST_STEP][PASSED] - println("Valor_ori: " + flag): null

2021-12-17 17:30:35 - [TEST_STEP][PASSED] - if (flag): null

2021-12-17 17:30:35 - [TEST_STEP][PASSED] - navigateToUrl(i): Navigate to 'http://192.168.2.29:7001/saraweb' successfully

2021-12-17 17:30:42 - [MESSAGE][PASSED] - Navigate to 'http://192.168.2.29:7001/saraweb' successfully

2021-12-17 17:30:42 - [TEST_STEP][PASSED] - a(): null

2021-12-17 17:30:42 - [TEST_STEP][PASSED] - setText(findTestObject("Login/input_USUARIO_loginusuario"), G_Usuario): Text 'weblogic' is set on object 'Object Repository/Login/input_USUARIO_loginusuario'

2021-12-17 17:30:43 - [MESSAGE][PASSED] - Text 'weblogic' is set on object 'Object Repository/Login/input_USUARIO_loginusuario'

2021-12-17 17:30:43 - [TEST_STEP][PASSED] - setEncryptedText(findTestObject("Login/input_CLAVE_loginpassword"), "MkG4/TYiCFC3cb2driP7+Q=="): Text ****** has been set on object 'Object Repository/Login/input_CLAVE_loginpassword'

2021-12-17 17:30:43 - [MESSAGE][PASSED] - Text ****** has been set on object 'Object Repository/Login/input_CLAVE_loginpassword'

2021-12-17 17:30:43 - [TEST_STEP][PASSED] - waitForElementClickable(findTestObject("Login/a_Ingresar"), G_TimeOut): Object 'Object Repository/Login/a_Ingresar' is clickable

2021-12-17 17:30:44 - [MESSAGE][PASSED] - Object 'Object Repository/Login/a_Ingresar' is clickable

2021-12-17 17:30:44 - [TEST_STEP][PASSED] - click(findTestObject("Login/a_Ingresar")): Object: 'Object Repository/Login/a_Ingresar' is clicked on

2021-12-17 17:30:57 - [MESSAGE][PASSED] - Object: 'Object Repository/Login/a_Ingresar' is clicked on

2021-12-17 17:30:57 - [TEST_STEP][PASSED] - element = findWebElement(findTestObject("Login/a_Ir"), 30): null

2021-12-17 17:30:57 - [TEST_STEP][PASSED] - executeJavaScript("arguments[0].click()", Arrays.asList(element)): Execute JavaScript 'arguments[0].click()' successfully

2021-12-17 17:30:57 - [MESSAGE][PASSED] - Execute JavaScript 'arguments[0].click()' successfully

2021-12-17 17:30:57 - [MESSAGE][PASSED] - Call Test Case 'Test Cases/0.1-Login' successfully

2021-12-17 17:30:57 - [TEST_STEP][PASSED] - waitForElementClickable(findTestObject("Modulo Tarea Listado Hojas de Vida/Crear Nueva Hoja de Vida/input_Listado Hojas De Vida_form_templatej_idt24_input"), G_TimeOut): Object 'Object Repository/Modulo Tarea Listado Hojas de Vida/Crear Nueva Hoja de Vida/input_Listado Hojas De Vida_form_templatej_idt24_input' is clickable

2021-12-17 17:31:08 - [MESSAGE][PASSED] - Object 'Object Repository/Modulo Tarea Listado Hojas de Vida/Crear Nueva Hoja de Vida/input_Listado Hojas De Vida_form_templatej_idt24_input' is clickable

2021-12-17 17:31:08 - [TEST_STEP][PASSED] - setText(findTestObject("Modulo Tarea Listado Hojas de Vida/Crear Nueva Hoja de Vida/input_Listado Hojas De Vida_form_templatej_idt24_input"), "Listado Hojas de Vida"): Text 'Listado Hojas de Vida' is set on object 'Object Repository/Modulo Tarea Listado Hojas de Vida/Crear Nueva Hoja de Vida/input_Listado Hojas De Vida_form_templatej_idt24_input'

2021-12-17 17:31:09 - [MESSAGE][PASSED] - Text 'Listado Hojas de Vida' is set on object 'Object Repository/Modulo Tarea Listado Hojas de Vida/Crear Nueva Hoja de Vida/input_Listado Hojas De Vida_form_templatej_idt24_input'

2021-12-17 17:31:09 - [TEST_STEP][PASSED] - delay(1): Delayed 1 second(s)

2021-12-17 17:31:10 - [MESSAGE][PASSED] - Delayed 1 second(s)

2021-12-17 17:31:10 - [TEST_STEP][PASSED] - sendKeys(findTestObject("Modulo Tarea Listado Hojas de Vida/Crear Nueva Hoja de Vida/input_Listado Hojas De Vida_form_templatej_idt24_input"), Keys.chord(ENTER)): Keys 'ENTER + ' sent to object: 'Object Repository/Modulo Tarea Listado Hojas de Vida/Crear Nueva Hoja de Vida/input_Listado Hojas De Vida_form_templatej_idt24_input'

2021-12-17 17:31:11 - [MESSAGE][PASSED] - Keys 'ENTER + ' sent to object: 'Object Repository/Modulo Tarea Listado Hojas de Vida/Crear Nueva Hoja de Vida/input_Listado Hojas De Vida_form_templatej_idt24_input'

2021-12-17 17:31:11 - [TEST_STEP][PASSED] - waitForElementClickable(findTestObject("Modulo Tarea Listado Hojas de Vida/Crear Nueva Hoja de Vida/a_Nueva HojaVida"), G_TimeOut): Object 'Object Repository/Modulo Tarea Listado Hojas de Vida/Crear Nueva Hoja de Vida/a_Nueva HojaVida' is clickable

2021-12-17 17:31:23 - [MESSAGE][PASSED] - Object 'Object Repository/Modulo Tarea Listado Hojas de Vida/Crear Nueva Hoja de Vida/a_Nueva HojaVida' is clickable

2021-12-17 17:31:23 - [TEST_STEP][PASSED] - click(findTestObject("Modulo Tarea Listado Hojas de Vida/Crear Nueva Hoja de Vida/a_Nueva HojaVida")): Object: 'Object Repository/Modulo Tarea Listado Hojas de Vida/Crear Nueva Hoja de Vida/a_Nueva HojaVida' is clicked on

2021-12-17 17:31:23 - [MESSAGE][PASSED] - Object: 'Object Repository/Modulo Tarea Listado Hojas de Vida/Crear Nueva Hoja de Vida/a_Nueva HojaVida' is clicked on

2021-12-17 17:31:23 - [TEST_STEP][PASSED] - waitForElementClickable(findTestObject("Modulo Tarea Listado Hojas de Vida/Crear Nueva Hoja de Vida/input_Identificacin_nuevahoja_"), 0): Object 'Object Repository/Modulo Tarea Listado Hojas de Vida/Crear Nueva Hoja de Vida/input_Identificacin_nuevahoja_' is clickable

2021-12-17 17:31:23 - [MESSAGE][WARNING] - Timeout '0' is invalid. Using default page load timeout: '30'

2021-12-17 17:31:25 - [MESSAGE][PASSED] - Object 'Object Repository/Modulo Tarea Listado Hojas de Vida/Crear Nueva Hoja de Vida/input_Identificacin_nuevahoja_' is clickable

2021-12-17 17:31:25 - [TEST_STEP][PASSED] - setText(findTestObject("Modulo Tarea Listado Hojas de Vida/Crear Nueva Hoja de Vida/input_Identificacin_nuevahoja_"), identificacion): Text '8002189' is set on object 'Object Repository/Modulo Tarea Listado Hojas de Vida/Crear Nueva Hoja de Vida/input_Identificacin_nuevahoja_'

2021-12-17 17:31:25 - [MESSAGE][PASSED] - Text '8002189' is set on object 'Object Repository/Modulo Tarea Listado Hojas de Vida/Crear Nueva Hoja de Vida/input_Identificacin_nuevahoja_'

2021-12-17 17:31:25 - [TEST_STEP][PASSED] - selectOptionByIndex(findTestObject("Modulo Tarea Listado Hojas de Vida/Crear Nueva Hoja de Vida/select_-- Seleccione --.ASPIRA"), "4"): All options with index in [4] are selected on object 'Object Repository/Modulo Tarea Listado Hojas de Vida/Crear Nueva Hoja de Vida/select_-- Seleccione --.ASPIRA'

2021-12-17 17:31:27 - [MESSAGE][PASSED] - All options with index in [4] are selected on object 'Object Repository/Modulo Tarea Listado Hojas de Vida/Crear Nueva Hoja de Vida/select_-- Seleccione --.ASPIRA'

2021-12-17 17:31:27 - [TEST_STEP][PASSED] - click(findTestObject("Modulo Tarea Listado Hojas de Vida/Crear Nueva Hoja de Vida/a_Nueva Solicitud")): Object: 'Object Repository/Modulo Tarea Listado Hojas de Vida/Crear Nueva Hoja de Vida/a_Nueva Solicitud' is clicked on

2021-12-17 17:31:27 - [MESSAGE][PASSED] - Object: 'Object Repository/Modulo Tarea Listado Hojas de Vida/Crear Nueva Hoja de Vida/a_Nueva Solicitud' is clicked on

2021-12-17 17:31:27 - [TEST_STEP][PASSED] - waitForElementPresent(findTestObject("Modulo Tarea Listado Hojas de Vida/Crear Nueva Hoja de Vida/input__hojaVidaseccionj_idt8350j_idt845"), 0): Object 'Object Repository/Modulo Tarea Listado Hojas de Vida/Crear Nueva Hoja de Vida/input__hojaVidaseccionj_idt8350j_idt845' is present

2021-12-17 17:31:27 - [MESSAGE][WARNING] - Timeout '0' is invalid. Using default page load timeout: '30'

2021-12-17 17:31:29 - [MESSAGE][PASSED] - Object 'Object Repository/Modulo Tarea Listado Hojas de Vida/Crear Nueva Hoja de Vida/input__hojaVidaseccionj_idt8350j_idt845' is present

2021-12-17 17:31:29 - [TEST_STEP][PASSED] - setText(findTestObject("Modulo Tarea Listado Hojas de Vida/Crear Nueva Hoja de Vida/input__hojaVidaseccionj_idt8350j_idt845"), identificacion): Text '8002189' is set on object 'Object Repository/Modulo Tarea Listado Hojas de Vida/Crear Nueva Hoja de Vida/input__hojaVidaseccionj_idt8350j_idt845'

2021-12-17 17:31:29 - [MESSAGE][PASSED] - Text '8002189' is set on object 'Object Repository/Modulo Tarea Listado Hojas de Vida/Crear Nueva Hoja de Vida/input__hojaVidaseccionj_idt8350j_idt845'

2021-12-17 17:31:29 - [TEST_STEP][PASSED] - setText(findTestObject("Modulo Tarea Listado Hojas de Vida/Crear Nueva Hoja de Vida/input__hojaVidaseccionj_idt8351j_idt845"), "jhon" + identificacion): Text 'jhon8002189' is set on object 'Object Repository/Modulo Tarea Listado Hojas de Vida/Crear Nueva Hoja de Vida/input__hojaVidaseccionj_idt8351j_idt845'

2021-12-17 17:31:30 - [MESSAGE][PASSED] - Text 'jhon8002189' is set on object 'Object Repository/Modulo Tarea Listado Hojas de Vida/Crear Nueva Hoja de Vida/input__hojaVidaseccionj_idt8351j_idt845'

2021-12-17 17:31:30 - [TEST_STEP][PASSED] - setText(findTestObject("Modulo Tarea Listado Hojas de Vida/Crear Nueva Hoja de Vida/input__hojaVidaseccionj_idt8352j_idt845"), "consta belfegord"): Text 'consta belfegord' is set on object 'Object Repository/Modulo Tarea Listado Hojas de Vida/Crear Nueva Hoja de Vida/input__hojaVidaseccionj_idt8352j_idt845'

2021-12-17 17:31:31 - [MESSAGE][PASSED] - Text 'consta belfegord' is set on object 'Object Repository/Modulo Tarea Listado Hojas de Vida/Crear Nueva Hoja de Vida/input__hojaVidaseccionj_idt8352j_idt845'

2021-12-17 17:31:31 - [TEST_STEP][PASSED] - setText(findTestObject("Modulo Tarea Listado Hojas de Vida/Crear Nueva Hoja de Vida/input__hojaVidaseccionj_idt8353fecha_input"), "30/08/1995"): Text '30/08/1995' is set on object 'Object Repository/Modulo Tarea Listado Hojas de Vida/Crear Nueva Hoja de Vida/input__hojaVidaseccionj_idt8353fecha_input'

2021-12-17 17:31:32 - [MESSAGE][PASSED] - Text '30/08/1995' is set on object 'Object Repository/Modulo Tarea Listado Hojas de Vida/Crear Nueva Hoja de Vida/input__hojaVidaseccionj_idt8353fecha_input'

2021-12-17 17:31:32 - [TEST_STEP][PASSED] - sendKeys(findTestObject("Modulo Tarea Listado Hojas de Vida/Crear Nueva Hoja de Vida/input__hojaVidaseccionj_idt8353fecha_input"), Keys.chord(ENTER)): Keys 'ENTER + ' sent to object: 'Object Repository/Modulo Tarea Listado Hojas de Vida/Crear Nueva Hoja de Vida/input__hojaVidaseccionj_idt8353fecha_input'

2021-12-17 17:31:32 - [MESSAGE][PASSED] - Keys 'ENTER + ' sent to object: 'Object Repository/Modulo Tarea Listado Hojas de Vida/Crear Nueva Hoja de Vida/input__hojaVidaseccionj_idt8353fecha_input'

2021-12-17 17:31:32 - [TEST_STEP][PASSED] - waitForElementClickable(findTestObject("Modulo Tarea Listado Hojas de Vida/Crear Nueva Hoja de Vida/a__hojaVidaseccionj_idt8354j_idt865"), G_TimeOut): Object 'Object Repository/Modulo Tarea Listado Hojas de Vida/Crear Nueva Hoja de Vida/a__hojaVidaseccionj_idt8354j_idt865' is clickable

2021-12-17 17:31:33 - [MESSAGE][PASSED] - Object 'Object Repository/Modulo Tarea Listado Hojas de Vida/Crear Nueva Hoja de Vida/a__hojaVidaseccionj_idt8354j_idt865' is clickable

2021-12-17 17:31:33 - [TEST_STEP][PASSED] - click(findTestObject("Modulo Tarea Listado Hojas de Vida/Crear Nueva Hoja de Vida/a__hojaVidaseccionj_idt8354j_idt865")): Object: 'Object Repository/Modulo Tarea Listado Hojas de Vida/Crear Nueva Hoja de Vida/a__hojaVidaseccionj_idt8354j_idt865' is clicked on

2021-12-17 17:31:33 - [MESSAGE][PASSED] - Object: 'Object Repository/Modulo Tarea Listado Hojas de Vida/Crear Nueva Hoja de Vida/a__hojaVidaseccionj_idt8354j_idt865' is clicked on

2021-12-17 17:31:33 - [TEST_STEP][PASSED] - waitForElementClickable(findTestObject("Modulo Tarea Listado Hojas de Vida/Crear Nueva Hoja de Vida/span_CEDULA CIUDADANIA"), G_TimeOut): Object 'Object Repository/Modulo Tarea Listado Hojas de Vida/Crear Nueva Hoja de Vida/span_CEDULA CIUDADANIA' is clickable

2021-12-17 17:31:35 - [MESSAGE][PASSED] - Object 'Object Repository/Modulo Tarea Listado Hojas de Vida/Crear Nueva Hoja de Vida/span_CEDULA CIUDADANIA' is clickable

2021-12-17 17:31:35 - [TEST_STEP][PASSED] - click(findTestObject("Modulo Tarea Listado Hojas de Vida/Crear Nueva Hoja de Vida/span_CEDULA CIUDADANIA")): Object: 'Object Repository/Modulo Tarea Listado Hojas de Vida/Crear Nueva Hoja de Vida/span_CEDULA CIUDADANIA' is clicked on

2021-12-17 17:31:35 - [MESSAGE][PASSED] - Object: 'Object Repository/Modulo Tarea Listado Hojas de Vida/Crear Nueva Hoja de Vida/span_CEDULA CIUDADANIA' is clicked on

2021-12-17 17:31:35 - [TEST_STEP][PASSED] - waitForElementClickable(findTestObject("Modulo Tarea Listado Hojas de Vida/Crear Nueva Hoja de Vida/input_Fecha Expedicin_hojaVidas"), G_TimeOut): Object 'Object Repository/Modulo Tarea Listado Hojas de Vida/Crear Nueva Hoja de Vida/input_Fecha Expedicin_hojaVidas' is clickable

2021-12-17 17:31:36 - [MESSAGE][PASSED] - Object 'Object Repository/Modulo Tarea Listado Hojas de Vida/Crear Nueva Hoja de Vida/input_Fecha Expedicin_hojaVidas' is clickable

2021-12-17 17:31:36 - [TEST_STEP][PASSED] - setText(findTestObject("Modulo Tarea Listado Hojas de Vida/Crear Nueva Hoja de Vida/input_Fecha Expedicin_hojaVidas"), "13/09/2013"): Text '13/09/2013' is set on object 'Object Repository/Modulo Tarea Listado Hojas de Vida/Crear Nueva Hoja de Vida/input_Fecha Expedicin_hojaVidas'

2021-12-17 17:31:37 - [MESSAGE][PASSED] - Text '13/09/2013' is set on object 'Object Repository/Modulo Tarea Listado Hojas de Vida/Crear Nueva Hoja de Vida/input_Fecha Expedicin_hojaVidas'

2021-12-17 17:31:37 - [TEST_STEP][PASSED] - sendKeys(findTestObject("Modulo Tarea Listado Hojas de Vida/Crear Nueva Hoja de Vida/input_Fecha Expedicin_hojaVidas"), Keys.chord(ENTER)): Keys 'ENTER + ' sent to object: 'Object Repository/Modulo Tarea Listado Hojas de Vida/Crear Nueva Hoja de Vida/input_Fecha Expedicin_hojaVidas'

2021-12-17 17:31:37 - [MESSAGE][PASSED] - Keys 'ENTER + ' sent to object: 'Object Repository/Modulo Tarea Listado Hojas de Vida/Crear Nueva Hoja de Vida/input_Fecha Expedicin_hojaVidas'

2021-12-17 17:31:37 - [TEST_STEP][PASSED] - selectOptionByIndex(findTestObject("Modulo Tarea Listado Hojas de Vida/Crear Nueva Hoja de Vida/select_-- Seleccione--000000ABEJORRAL"), "113"): All options with index in [113] are selected on object 'Object Repository/Modulo Tarea Listado Hojas de Vida/Crear Nueva Hoja de Vida/select_-- Seleccione--000000ABEJORRAL'

2021-12-17 17:31:40 - [MESSAGE][PASSED] - All options with index in [113] are selected on object 'Object Repository/Modulo Tarea Listado Hojas de Vida/Crear Nueva Hoja de Vida/select_-- Seleccione--000000ABEJORRAL'

2021-12-17 17:31:40 - [TEST_STEP][PASSED] - setText(findTestObject("Modulo Tarea Listado Hojas de Vida/Crear Nueva Hoja de Vida/input__hojaVidaseccionj_idt8358j_idt845"), "634564654684"): Text '634564654684' is set on object 'Object Repository/Modulo Tarea Listado Hojas de Vida/Crear Nueva Hoja de Vida/input__hojaVidaseccionj_idt8358j_idt845'

2021-12-17 17:31:41 - [MESSAGE][PASSED] - Text '634564654684' is set on object 'Object Repository/Modulo Tarea Listado Hojas de Vida/Crear Nueva Hoja de Vida/input__hojaVidaseccionj_idt8358j_idt845'

2021-12-17 17:31:41 - [TEST_STEP][PASSED] - setText(findTestObject("Modulo Tarea Listado Hojas de Vida/Crear Nueva Hoja de Vida/input__hojaVidaseccionj_idt8359j_idt845"), "noodle@gmail.com"): Text 'noodle@gmail.com' is set on object 'Object Repository/Modulo Tarea Listado Hojas de Vida/Crear Nueva Hoja de Vida/input__hojaVidaseccionj_idt8359j_idt845'

2021-12-17 17:31:42 - [MESSAGE][PASSED] - Text 'noodle@gmail.com' is set on object 'Object Repository/Modulo Tarea Listado Hojas de Vida/Crear Nueva Hoja de Vida/input__hojaVidaseccionj_idt8359j_idt845'

2021-12-17 17:31:42 - [TEST_STEP][PASSED] - selectOptionByIndex(findTestObject("Modulo Tarea Listado Hojas de Vida/Crear Nueva Hoja de Vida/select_AA-ABAB-BB-OO-"), "7"): All options with index in [7] are selected on object 'Object Repository/Modulo Tarea Listado Hojas de Vida/Crear Nueva Hoja de Vida/select_AA-ABAB-BB-OO-'

2021-12-17 17:31:43 - [MESSAGE][PASSED] - All options with index in [7] are selected on object 'Object Repository/Modulo Tarea Listado Hojas de Vida/Crear Nueva Hoja de Vida/select_AA-ABAB-BB-OO-'

2021-12-17 17:31:43 - [TEST_STEP][PASSED] - waitForElementClickable(findTestObject("Modulo Tarea Listado Hojas de Vida/Crear Nueva Hoja de Vida/a_Continuar"), G_TimeOut): Object 'Object Repository/Modulo Tarea Listado Hojas de Vida/Crear Nueva Hoja de Vida/a_Continuar' is clickable

2021-12-17 17:31:43 - [MESSAGE][PASSED] - Object 'Object Repository/Modulo Tarea Listado Hojas de Vida/Crear Nueva Hoja de Vida/a_Continuar' is clickable

2021-12-17 17:31:43 - [TEST_STEP][PASSED] - click(findTestObject("Modulo Tarea Listado Hojas de Vida/Crear Nueva Hoja de Vida/a_Continuar")): Object: 'Object Repository/Modulo Tarea Listado Hojas de Vida/Crear Nueva Hoja de Vida/a_Continuar' is clicked on

2021-12-17 17:31:44 - [MESSAGE][PASSED] - Object: 'Object Repository/Modulo Tarea Listado Hojas de Vida/Crear Nueva Hoja de Vida/a_Continuar' is clicked on

2021-12-17 17:31:44 - [TEST_STEP][PASSED] - waitForElementClickable(findTestObject("Modulo Tarea Listado Hojas de Vida/Crear Nueva Hoja de Vida/a_Aceptar"), G_TimeOut): Object 'Object Repository/Modulo Tarea Listado Hojas de Vida/Crear Nueva Hoja de Vida/a_Aceptar' is clickable

2021-12-17 17:31:46 - [MESSAGE][PASSED] - Object 'Object Repository/Modulo Tarea Listado Hojas de Vida/Crear Nueva Hoja de Vida/a_Aceptar' is clickable

2021-12-17 17:31:46 - [TEST_STEP][PASSED] - click(findTestObject("Modulo Tarea Listado Hojas de Vida/Crear Nueva Hoja de Vida/a_Aceptar"), STOP_ON_FAILURE): Object: 'Object Repository/Modulo Tarea Listado Hojas de Vida/Crear Nueva Hoja de Vida/a_Aceptar' is clicked on

2021-12-17 17:31:46 - [MESSAGE][PASSED] - Object: 'Object Repository/Modulo Tarea Listado Hojas de Vida/Crear Nueva Hoja de Vida/a_Aceptar' is clicked on

2021-12-17 17:31:46 - [TEST_STEP][PASSED] - return identificacion: null]]></system-out>
         <system-err><![CDATA[]]></system-err>
      </testcase>
      <testcase name="Test Cases/1.1-Tareas Principales/1.1.2-Imprimir Hoja de Vida" time="57.196" classname="Test Cases/1.1-Tareas Principales/1.1.2-Imprimir Hoja de Vida" status="FAILED">
         <failure type="FAILED" message="Test Cases/1.1-Tareas Principales/1.1.2-Imprimir Hoja de Vida FAILED.
Reason:
com.kms.katalon.core.exception.StepFailedException: Unable to click on object 'Object Repository/Modulo Tarea Listado Hojas de Vida/Imprimir Hoja de Vida/a_Si'
	at com.kms.katalon.core.webui.keyword.internal.WebUIKeywordMain.stepFailed(WebUIKeywordMain.groovy:64)
	at com.kms.katalon.core.webui.keyword.internal.WebUIKeywordMain.runKeyword(WebUIKeywordMain.groovy:26)
	at com.kms.katalon.core.webui.keyword.builtin.ClickKeyword.click(ClickKeyword.groovy:74)
	at com.kms.katalon.core.webui.keyword.builtin.ClickKeyword.execute(ClickKeyword.groovy:40)
	at com.kms.katalon.core.keyword.internal.KeywordExecutor.executeKeywordForPlatform(KeywordExecutor.groovy:74)
	at com.kms.katalon.core.webui.keyword.WebUiBuiltInKeywords.click(WebUiBuiltInKeywords.groovy:620)
	at com.kms.katalon.core.webui.keyword.WebUiBuiltInKeywords$click$5.call(Unknown Source)
	at Listado hojas de Vida.run(Listado hojas de Vida:40)
	at com.kms.katalon.core.main.ScriptEngine.run(ScriptEngine.java:194)
	at com.kms.katalon.core.main.ScriptEngine.runScriptAsRawText(ScriptEngine.java:119)
	at com.kms.katalon.core.main.TestCaseExecutor.runScript(TestCaseExecutor.java:442)
	at com.kms.katalon.core.main.TestCaseExecutor.doExecute(TestCaseExecutor.java:433)
	at com.kms.katalon.core.main.TestCaseExecutor.processExecutionPhase(TestCaseExecutor.java:412)
	at com.kms.katalon.core.main.TestCaseExecutor.accessMainPhase(TestCaseExecutor.java:404)
	at com.kms.katalon.core.main.TestCaseExecutor.execute(TestCaseExecutor.java:281)
	at com.kms.katalon.core.main.TestSuiteExecutor.accessTestCaseMainPhase(TestSuiteExecutor.java:202)
	at com.kms.katalon.core.main.TestSuiteExecutor.accessTestSuiteMainPhase(TestSuiteExecutor.java:164)
	at com.kms.katalon.core.main.TestSuiteExecutor.execute(TestSuiteExecutor.java:105)
	at com.kms.katalon.core.main.TestCaseMain.startTestSuite(TestCaseMain.java:181)
	at com.kms.katalon.core.main.TestCaseMain$startTestSuite$0.call(Unknown Source)
	at TempTestSuite1639780222929.run(TempTestSuite1639780222929.groovy:36)
Caused by: org.openqa.selenium.ElementNotInteractableException: element not interactable
  (Session info: chrome=96.0.4664.110)
Build info: version: '3.141.59', revision: 'e82be7d358', time: '2018-11-14T08:25:53'
System info: host: 'US-AF-000371', ip: '192.168.56.1', os.name: 'Windows 10', os.arch: 'amd64', os.version: '10.0', java.version: '1.8.0_282'
Driver info: com.kms.katalon.selenium.driver.CChromeDriver
Capabilities {acceptInsecureCerts: false, browserName: chrome, browserVersion: 96.0.4664.110, chrome: {chromedriverVersion: 95.0.4638.17 (a9d0719444d4b..., userDataDir: C:\Users\DIEGO~1.ROJ\AppDat...}, goog:chromeOptions: {debuggerAddress: localhost:65384}, javascriptEnabled: true, networkConnectionEnabled: false, pageLoadStrategy: normal, platform: WINDOWS, platformName: WINDOWS, proxy: Proxy(), setWindowRect: true, strictFileInteractability: false, timeouts: {implicit: 0, pageLoad: 300000, script: 30000}, unhandledPromptBehavior: dismiss and notify, webauthn:extension:credBlob: true, webauthn:extension:largeBlob: true, webauthn:virtualAuthenticators: true}
Session ID: e0b6904e9dec8ba646e0d58c883034ee
	at org.openqa.selenium.remote.http.W3CHttpResponseCodec.createException(W3CHttpResponseCodec.java:187)
	at org.openqa.selenium.remote.http.W3CHttpResponseCodec.decode(W3CHttpResponseCodec.java:122)
	at org.openqa.selenium.remote.http.W3CHttpResponseCodec.decode(W3CHttpResponseCodec.java:49)
	at org.openqa.selenium.remote.HttpCommandExecutor.execute(HttpCommandExecutor.java:158)
	at org.openqa.selenium.remote.service.DriverCommandExecutor.execute(DriverCommandExecutor.java:83)
	at org.openqa.selenium.remote.RemoteWebDriver.execute(RemoteWebDriver.java:552)
	at com.kms.katalon.selenium.driver.CChromeDriver.execute(CChromeDriver.java:19)
	at org.openqa.selenium.remote.RemoteWebElement.execute(RemoteWebElement.java:285)
	at org.openqa.selenium.remote.RemoteWebElement.click(RemoteWebElement.java:84)
	at org.openqa.selenium.support.events.EventFiringWebDriver$EventFiringWebElement.lambda$new$0(EventFiringWebDriver.java:404)
	at com.sun.proxy.$Proxy11.click(Unknown Source)
	at org.openqa.selenium.support.events.EventFiringWebDriver$EventFiringWebElement.click(EventFiringWebDriver.java:417)
	at org.openqa.selenium.WebElement$click$0.call(Unknown Source)
	at com.kms.katalon.core.webui.keyword.builtin.ClickKeyword.clickUntilSuccessWithTimeout(ClickKeyword.groovy:81)
	at com.kms.katalon.core.webui.keyword.builtin.ClickKeyword.clickUntilSuccessWithTimeout(ClickKeyword.groovy)
	at com.kms.katalon.core.webui.keyword.builtin.ClickKeyword$_click_closure1.doCall(ClickKeyword.groovy:67)
	at com.kms.katalon.core.webui.keyword.builtin.ClickKeyword$_click_closure1.call(ClickKeyword.groovy)
	at com.kms.katalon.core.webui.keyword.internal.WebUIKeywordMain.runKeyword(WebUIKeywordMain.groovy:20)
	... 19 more
"/>
         <system-out><![CDATA[2021-12-17 17:31:46 - [TEST_CASE][FAILED] - Test Cases/1.1-Tareas Principales/1.1.2-Imprimir Hoja de Vida: Test Cases/1.1-Tareas Principales/1.1.2-Imprimir Hoja de Vida FAILED.
Reason:
com.kms.katalon.core.exception.StepFailedException: Unable to click on object 'Object Repository/Modulo Tarea Listado Hojas de Vida/Imprimir Hoja de Vida/a_Si'
	at com.kms.katalon.core.webui.keyword.internal.WebUIKeywordMain.stepFailed(WebUIKeywordMain.groovy:64)
	at com.kms.katalon.core.webui.keyword.internal.WebUIKeywordMain.runKeyword(WebUIKeywordMain.groovy:26)
	at com.kms.katalon.core.webui.keyword.builtin.ClickKeyword.click(ClickKeyword.groovy:74)
	at com.kms.katalon.core.webui.keyword.builtin.ClickKeyword.execute(ClickKeyword.groovy:40)
	at com.kms.katalon.core.keyword.internal.KeywordExecutor.executeKeywordForPlatform(KeywordExecutor.groovy:74)
	at com.kms.katalon.core.webui.keyword.WebUiBuiltInKeywords.click(WebUiBuiltInKeywords.groovy:620)
	at com.kms.katalon.core.webui.keyword.WebUiBuiltInKeywords$click$5.call(Unknown Source)
	at Listado hojas de Vida.run(Listado hojas de Vida:40)
	at com.kms.katalon.core.main.ScriptEngine.run(ScriptEngine.java:194)
	at com.kms.katalon.core.main.ScriptEngine.runScriptAsRawText(ScriptEngine.java:119)
	at com.kms.katalon.core.main.TestCaseExecutor.runScript(TestCaseExecutor.java:442)
	at com.kms.katalon.core.main.TestCaseExecutor.doExecute(TestCaseExecutor.java:433)
	at com.kms.katalon.core.main.TestCaseExecutor.processExecutionPhase(TestCaseExecutor.java:412)
	at com.kms.katalon.core.main.TestCaseExecutor.accessMainPhase(TestCaseExecutor.java:404)
	at com.kms.katalon.core.main.TestCaseExecutor.execute(TestCaseExecutor.java:281)
	at com.kms.katalon.core.main.TestSuiteExecutor.accessTestCaseMainPhase(TestSuiteExecutor.java:202)
	at com.kms.katalon.core.main.TestSuiteExecutor.accessTestSuiteMainPhase(TestSuiteExecutor.java:164)
	at com.kms.katalon.core.main.TestSuiteExecutor.execute(TestSuiteExecutor.java:105)
	at com.kms.katalon.core.main.TestCaseMain.startTestSuite(TestCaseMain.java:181)
	at com.kms.katalon.core.main.TestCaseMain$startTestSuite$0.call(Unknown Source)
	at TempTestSuite1639780222929.run(TempTestSuite1639780222929.groovy:36)
Caused by: org.openqa.selenium.ElementNotInteractableException: element not interactable
  (Session info: chrome=96.0.4664.110)
Build info: version: '3.141.59', revision: 'e82be7d358', time: '2018-11-14T08:25:53'
System info: host: 'US-AF-000371', ip: '192.168.56.1', os.name: 'Windows 10', os.arch: 'amd64', os.version: '10.0', java.version: '1.8.0_282'
Driver info: com.kms.katalon.selenium.driver.CChromeDriver
Capabilities {acceptInsecureCerts: false, browserName: chrome, browserVersion: 96.0.4664.110, chrome: {chromedriverVersion: 95.0.4638.17 (a9d0719444d4b..., userDataDir: C:\Users\DIEGO~1.ROJ\AppDat...}, goog:chromeOptions: {debuggerAddress: localhost:65384}, javascriptEnabled: true, networkConnectionEnabled: false, pageLoadStrategy: normal, platform: WINDOWS, platformName: WINDOWS, proxy: Proxy(), setWindowRect: true, strictFileInteractability: false, timeouts: {implicit: 0, pageLoad: 300000, script: 30000}, unhandledPromptBehavior: dismiss and notify, webauthn:extension:credBlob: true, webauthn:extension:largeBlob: true, webauthn:virtualAuthenticators: true}
Session ID: e0b6904e9dec8ba646e0d58c883034ee
	at org.openqa.selenium.remote.http.W3CHttpResponseCodec.createException(W3CHttpResponseCodec.java:187)
	at org.openqa.selenium.remote.http.W3CHttpResponseCodec.decode(W3CHttpResponseCodec.java:122)
	at org.openqa.selenium.remote.http.W3CHttpResponseCodec.decode(W3CHttpResponseCodec.java:49)
	at org.openqa.selenium.remote.HttpCommandExecutor.execute(HttpCommandExecutor.java:158)
	at org.openqa.selenium.remote.service.DriverCommandExecutor.execute(DriverCommandExecutor.java:83)
	at org.openqa.selenium.remote.RemoteWebDriver.execute(RemoteWebDriver.java:552)
	at com.kms.katalon.selenium.driver.CChromeDriver.execute(CChromeDriver.java:19)
	at org.openqa.selenium.remote.RemoteWebElement.execute(RemoteWebElement.java:285)
	at org.openqa.selenium.remote.RemoteWebElement.click(RemoteWebElement.java:84)
	at org.openqa.selenium.support.events.EventFiringWebDriver$EventFiringWebElement.lambda$new$0(EventFiringWebDriver.java:404)
	at com.sun.proxy.$Proxy11.click(Unknown Source)
	at org.openqa.selenium.support.events.EventFiringWebDriver$EventFiringWebElement.click(EventFiringWebDriver.java:417)
	at org.openqa.selenium.WebElement$click$0.call(Unknown Source)
	at com.kms.katalon.core.webui.keyword.builtin.ClickKeyword.clickUntilSuccessWithTimeout(ClickKeyword.groovy:81)
	at com.kms.katalon.core.webui.keyword.builtin.ClickKeyword.clickUntilSuccessWithTimeout(ClickKeyword.groovy)
	at com.kms.katalon.core.webui.keyword.builtin.ClickKeyword$_click_closure1.doCall(ClickKeyword.groovy:67)
	at com.kms.katalon.core.webui.keyword.builtin.ClickKeyword$_click_closure1.call(ClickKeyword.groovy)
	at com.kms.katalon.core.webui.keyword.internal.WebUIKeywordMain.runKeyword(WebUIKeywordMain.groovy:20)
	... 19 more


2021-12-17 17:31:46 - [TEST_STEP][PASSED] - callTestCase(findTestCase("1.1-Tareas Principales/Listado hojas de Vida"), [:], STOP_ON_FAILURE): Call Test Case 'Test Cases/1.1-Tareas Principales/Listado hojas de Vida' successfully

2021-12-17 17:31:46 - [TEST_CASE][PASSED] - Test Cases/1.1-Tareas Principales/Listado hojas de Vida: Test Cases/1.1-Tareas Principales/Listado hojas de Vida

2021-12-17 17:31:47 - [TEST_STEP][PASSED] - callTestCase(findTestCase("0.1-Login"), [:], STOP_ON_FAILURE): Call Test Case 'Test Cases/0.1-Login' successfully

2021-12-17 17:31:47 - [TEST_CASE][PASSED] - Test Cases/0.1-Login: Test Cases/0.1-Login

2021-12-17 17:31:47 - [TEST_STEP][PASSED] - openBrowser(""): Browser is opened with url: ''

2021-12-17 17:31:47 - [MESSAGE][WARNING] - A browser is already opened. Closing browser and opening a new one

2021-12-17 17:31:48 - [MESSAGE][INFO] - Starting 'Chrome' driver

2021-12-17 17:31:48 - [MESSAGE][INFO] - Action delay is set to 0 milliseconds

2021-12-17 17:31:49 - [MESSAGE][PASSED] - Browser is opened with url: ''

2021-12-17 17:31:49 - [TEST_STEP][PASSED] - maximizeWindow(): Current window maximized

2021-12-17 17:31:49 - [MESSAGE][PASSED] - Current window maximized

2021-12-17 17:31:49 - [TEST_STEP][PASSED] - i = G_Login: null

2021-12-17 17:31:49 - [TEST_STEP][PASSED] - url = new java.net.URL(i): null

2021-12-17 17:31:49 - [TEST_STEP][PASSED] - println("URL: " + url.toString()): null

2021-12-17 17:31:49 - [TEST_STEP][PASSED] - connection = url.openConnection(): null

2021-12-17 17:31:49 - [TEST_STEP][PASSED] - connection.setRequestMethod("GET"): null

2021-12-17 17:31:49 - [TEST_STEP][PASSED] - connection.setReadTimeout(2 * 1000): null

2021-12-17 17:31:49 - [TEST_STEP][PASSED] - try: null

2021-12-17 17:31:49 - [TEST_STEP][PASSED] - connection.connect(): null

2021-12-17 17:31:49 - [TEST_STEP][PASSED] - flag = connected: null

2021-12-17 17:31:49 - [TEST_STEP][PASSED] - println("Valor_ori: " + flag): null

2021-12-17 17:31:49 - [TEST_STEP][PASSED] - if (flag): null

2021-12-17 17:31:49 - [TEST_STEP][PASSED] - navigateToUrl(i): Navigate to 'http://192.168.2.29:7001/saraweb' successfully

2021-12-17 17:31:56 - [MESSAGE][PASSED] - Navigate to 'http://192.168.2.29:7001/saraweb' successfully

2021-12-17 17:31:56 - [TEST_STEP][PASSED] - a(): null

2021-12-17 17:31:56 - [TEST_STEP][PASSED] - setText(findTestObject("Login/input_USUARIO_loginusuario"), G_Usuario): Text 'weblogic' is set on object 'Object Repository/Login/input_USUARIO_loginusuario'

2021-12-17 17:31:57 - [MESSAGE][PASSED] - Text 'weblogic' is set on object 'Object Repository/Login/input_USUARIO_loginusuario'

2021-12-17 17:31:57 - [TEST_STEP][PASSED] - setEncryptedText(findTestObject("Login/input_CLAVE_loginpassword"), "MkG4/TYiCFC3cb2driP7+Q=="): Text ****** has been set on object 'Object Repository/Login/input_CLAVE_loginpassword'

2021-12-17 17:31:58 - [MESSAGE][PASSED] - Text ****** has been set on object 'Object Repository/Login/input_CLAVE_loginpassword'

2021-12-17 17:31:58 - [TEST_STEP][PASSED] - waitForElementClickable(findTestObject("Login/a_Ingresar"), G_TimeOut): Object 'Object Repository/Login/a_Ingresar' is clickable

2021-12-17 17:31:58 - [MESSAGE][PASSED] - Object 'Object Repository/Login/a_Ingresar' is clickable

2021-12-17 17:31:58 - [TEST_STEP][PASSED] - click(findTestObject("Login/a_Ingresar")): Object: 'Object Repository/Login/a_Ingresar' is clicked on

2021-12-17 17:32:11 - [MESSAGE][PASSED] - Object: 'Object Repository/Login/a_Ingresar' is clicked on

2021-12-17 17:32:11 - [TEST_STEP][PASSED] - element = findWebElement(findTestObject("Login/a_Ir"), 30): null

2021-12-17 17:32:11 - [TEST_STEP][PASSED] - executeJavaScript("arguments[0].click()", Arrays.asList(element)): Execute JavaScript 'arguments[0].click()' successfully

2021-12-17 17:32:11 - [MESSAGE][PASSED] - Execute JavaScript 'arguments[0].click()' successfully

2021-12-17 17:32:11 - [MESSAGE][PASSED] - Call Test Case 'Test Cases/0.1-Login' successfully

2021-12-17 17:32:11 - [TEST_STEP][PASSED] - waitForElementClickable(findTestObject("Modulo Tarea Listado Hojas de Vida/Tareas Listado Hojas de Vida/input_Listado Hojas De Vida_form_templatej_idt24_input"), G_TimeOut): Object 'Object Repository/Modulo Tarea Listado Hojas de Vida/Tareas Listado Hojas de Vida/input_Listado Hojas De Vida_form_templatej_idt24_input' is clickable

2021-12-17 17:32:22 - [MESSAGE][PASSED] - Object 'Object Repository/Modulo Tarea Listado Hojas de Vida/Tareas Listado Hojas de Vida/input_Listado Hojas De Vida_form_templatej_idt24_input' is clickable

2021-12-17 17:32:22 - [TEST_STEP][PASSED] - setText(findTestObject("Modulo Tarea Listado Hojas de Vida/Tareas Listado Hojas de Vida/input_Listado Hojas De Vida_form_templatej_idt24_input"), "Listado Hojas de Vida"): Text 'Listado Hojas de Vida' is set on object 'Object Repository/Modulo Tarea Listado Hojas de Vida/Tareas Listado Hojas de Vida/input_Listado Hojas De Vida_form_templatej_idt24_input'

2021-12-17 17:32:23 - [MESSAGE][PASSED] - Text 'Listado Hojas de Vida' is set on object 'Object Repository/Modulo Tarea Listado Hojas de Vida/Tareas Listado Hojas de Vida/input_Listado Hojas De Vida_form_templatej_idt24_input'

2021-12-17 17:32:23 - [TEST_STEP][PASSED] - delay(3): Delayed 3 second(s)

2021-12-17 17:32:26 - [MESSAGE][PASSED] - Delayed 3 second(s)

2021-12-17 17:32:26 - [TEST_STEP][PASSED] - sendKeys(findTestObject("Modulo Tarea Listado Hojas de Vida/Tareas Listado Hojas de Vida/input_Listado Hojas De Vida_form_templatej_idt24_input"), Keys.chord(ENTER)): Keys 'ENTER + ' sent to object: 'Object Repository/Modulo Tarea Listado Hojas de Vida/Tareas Listado Hojas de Vida/input_Listado Hojas De Vida_form_templatej_idt24_input'

2021-12-17 17:32:26 - [MESSAGE][PASSED] - Keys 'ENTER + ' sent to object: 'Object Repository/Modulo Tarea Listado Hojas de Vida/Tareas Listado Hojas de Vida/input_Listado Hojas De Vida_form_templatej_idt24_input'

2021-12-17 17:32:26 - [MESSAGE][PASSED] - Call Test Case 'Test Cases/1.1-Tareas Principales/Listado hojas de Vida' successfully

2021-12-17 17:32:26 - [TEST_STEP][PASSED] - waitForElementClickable(findTestObject("Modulo Tarea Listado Hojas de Vida/Imprimir Hoja de Vida/input_Identificacin_listado_hojaVidaj_idt62"), G_TimeOut): Object 'Object Repository/Modulo Tarea Listado Hojas de Vida/Imprimir Hoja de Vida/input_Identificacin_listado_hojaVidaj_idt62' is clickable

2021-12-17 17:32:37 - [MESSAGE][PASSED] - Object 'Object Repository/Modulo Tarea Listado Hojas de Vida/Imprimir Hoja de Vida/input_Identificacin_listado_hojaVidaj_idt62' is clickable

2021-12-17 17:32:37 - [TEST_STEP][PASSED] - setText(findTestObject("Modulo Tarea Listado Hojas de Vida/Imprimir Hoja de Vida/input_Identificacin_listado_hojaVidaj_idt62"), "355682169"): Text '355682169' is set on object 'Object Repository/Modulo Tarea Listado Hojas de Vida/Imprimir Hoja de Vida/input_Identificacin_listado_hojaVidaj_idt62'

2021-12-17 17:32:38 - [MESSAGE][PASSED] - Text '355682169' is set on object 'Object Repository/Modulo Tarea Listado Hojas de Vida/Imprimir Hoja de Vida/input_Identificacin_listado_hojaVidaj_idt62'

2021-12-17 17:32:38 - [TEST_STEP][PASSED] - sendKeys(findTestObject("Modulo Tarea Listado Hojas de Vida/Imprimir Hoja de Vida/input_Identificacin_listado_hojaVidaj_idt62"), Keys.chord(ENTER)): Keys 'ENTER + ' sent to object: 'Object Repository/Modulo Tarea Listado Hojas de Vida/Imprimir Hoja de Vida/input_Identificacin_listado_hojaVidaj_idt62'

2021-12-17 17:32:39 - [MESSAGE][PASSED] - Keys 'ENTER + ' sent to object: 'Object Repository/Modulo Tarea Listado Hojas de Vida/Imprimir Hoja de Vida/input_Identificacin_listado_hojaVidaj_idt62'

2021-12-17 17:32:39 - [TEST_STEP][PASSED] - waitForElementClickable(findTestObject("Modulo Tarea Listado Hojas de Vida/Imprimir Hoja de Vida/td_355682169"), G_TimeOut): Object 'Object Repository/Modulo Tarea Listado Hojas de Vida/Imprimir Hoja de Vida/td_355682169' is clickable

2021-12-17 17:32:40 - [MESSAGE][PASSED] - Object 'Object Repository/Modulo Tarea Listado Hojas de Vida/Imprimir Hoja de Vida/td_355682169' is clickable

2021-12-17 17:32:40 - [TEST_STEP][PASSED] - click(findTestObject("Modulo Tarea Listado Hojas de Vida/Imprimir Hoja de Vida/td_355682169")): Object: 'Object Repository/Modulo Tarea Listado Hojas de Vida/Imprimir Hoja de Vida/td_355682169' is clicked on

2021-12-17 17:32:40 - [MESSAGE][PASSED] - Object: 'Object Repository/Modulo Tarea Listado Hojas de Vida/Imprimir Hoja de Vida/td_355682169' is clicked on

2021-12-17 17:32:40 - [TEST_STEP][PASSED] - waitForElementClickable(findTestObject("Modulo Tarea Listado Hojas de Vida/Imprimir Hoja de Vida/a_Imprimir"), G_TimeOut): Object 'Object Repository/Modulo Tarea Listado Hojas de Vida/Imprimir Hoja de Vida/a_Imprimir' is clickable

2021-12-17 17:32:41 - [MESSAGE][PASSED] - Object 'Object Repository/Modulo Tarea Listado Hojas de Vida/Imprimir Hoja de Vida/a_Imprimir' is clickable

2021-12-17 17:32:41 - [TEST_STEP][PASSED] - click(findTestObject("Modulo Tarea Listado Hojas de Vida/Imprimir Hoja de Vida/a_Imprimir")): Object: 'Object Repository/Modulo Tarea Listado Hojas de Vida/Imprimir Hoja de Vida/a_Imprimir' is clicked on

2021-12-17 17:32:42 - [MESSAGE][PASSED] - Object: 'Object Repository/Modulo Tarea Listado Hojas de Vida/Imprimir Hoja de Vida/a_Imprimir' is clicked on

2021-12-17 17:32:42 - [TEST_STEP][PASSED] - waitForElementClickable(findTestObject("Modulo Tarea Listado Hojas de Vida/Imprimir Hoja de Vida/a_Si"), G_TimeOut): Object 'Object Repository/Modulo Tarea Listado Hojas de Vida/Imprimir Hoja de Vida/a_Si' is clickable

2021-12-17 17:32:43 - [MESSAGE][PASSED] - Object 'Object Repository/Modulo Tarea Listado Hojas de Vida/Imprimir Hoja de Vida/a_Si' is clickable

2021-12-17 17:32:43 - [TEST_STEP][FAILED] - click(findTestObject("Modulo Tarea Listado Hojas de Vida/Imprimir Hoja de Vida/a_Si")): Unable to click on object 'Object Repository/Modulo Tarea Listado Hojas de Vida/Imprimir Hoja de Vida/a_Si' (Root cause: com.kms.katalon.core.exception.StepFailedException: Unable to click on object 'Object Repository/Modulo Tarea Listado Hojas de Vida/Imprimir Hoja de Vida/a_Si'
	at com.kms.katalon.core.webui.keyword.internal.WebUIKeywordMain.stepFailed(WebUIKeywordMain.groovy:64)
	at com.kms.katalon.core.webui.keyword.internal.WebUIKeywordMain.runKeyword(WebUIKeywordMain.groovy:26)
	at com.kms.katalon.core.webui.keyword.builtin.ClickKeyword.click(ClickKeyword.groovy:74)
	at com.kms.katalon.core.webui.keyword.builtin.ClickKeyword.execute(ClickKeyword.groovy:40)
	at com.kms.katalon.core.keyword.internal.KeywordExecutor.executeKeywordForPlatform(KeywordExecutor.groovy:74)
	at com.kms.katalon.core.webui.keyword.WebUiBuiltInKeywords.click(WebUiBuiltInKeywords.groovy:620)
	at com.kms.katalon.core.webui.keyword.WebUiBuiltInKeywords$click$5.call(Unknown Source)
	at Listado hojas de Vida.run(Listado hojas de Vida:40)
	at com.kms.katalon.core.main.ScriptEngine.run(ScriptEngine.java:194)
	at com.kms.katalon.core.main.ScriptEngine.runScriptAsRawText(ScriptEngine.java:119)
	at com.kms.katalon.core.main.TestCaseExecutor.runScript(TestCaseExecutor.java:442)
	at com.kms.katalon.core.main.TestCaseExecutor.doExecute(TestCaseExecutor.java:433)
	at com.kms.katalon.core.main.TestCaseExecutor.processExecutionPhase(TestCaseExecutor.java:412)
	at com.kms.katalon.core.main.TestCaseExecutor.accessMainPhase(TestCaseExecutor.java:404)
	at com.kms.katalon.core.main.TestCaseExecutor.execute(TestCaseExecutor.java:281)
	at com.kms.katalon.core.main.TestSuiteExecutor.accessTestCaseMainPhase(TestSuiteExecutor.java:202)
	at com.kms.katalon.core.main.TestSuiteExecutor.accessTestSuiteMainPhase(TestSuiteExecutor.java:164)
	at com.kms.katalon.core.main.TestSuiteExecutor.execute(TestSuiteExecutor.java:105)
	at com.kms.katalon.core.main.TestCaseMain.startTestSuite(TestCaseMain.java:181)
	at com.kms.katalon.core.main.TestCaseMain$startTestSuite$0.call(Unknown Source)
	at TempTestSuite1639780222929.run(TempTestSuite1639780222929.groovy:36)
Caused by: org.openqa.selenium.ElementNotInteractableException: element not interactable
  (Session info: chrome=96.0.4664.110)
Build info: version: '3.141.59', revision: 'e82be7d358', time: '2018-11-14T08:25:53'
System info: host: 'US-AF-000371', ip: '192.168.56.1', os.name: 'Windows 10', os.arch: 'amd64', os.version: '10.0', java.version: '1.8.0_282'
Driver info: com.kms.katalon.selenium.driver.CChromeDriver
Capabilities {acceptInsecureCerts: false, browserName: chrome, browserVersion: 96.0.4664.110, chrome: {chromedriverVersion: 95.0.4638.17 (a9d0719444d4b..., userDataDir: C:\Users\DIEGO~1.ROJ\AppDat...}, goog:chromeOptions: {debuggerAddress: localhost:65384}, javascriptEnabled: true, networkConnectionEnabled: false, pageLoadStrategy: normal, platform: WINDOWS, platformName: WINDOWS, proxy: Proxy(), setWindowRect: true, strictFileInteractability: false, timeouts: {implicit: 0, pageLoad: 300000, script: 30000}, unhandledPromptBehavior: dismiss and notify, webauthn:extension:credBlob: true, webauthn:extension:largeBlob: true, webauthn:virtualAuthenticators: true}
Session ID: e0b6904e9dec8ba646e0d58c883034ee
	at org.openqa.selenium.remote.http.W3CHttpResponseCodec.createException(W3CHttpResponseCodec.java:187)
	at org.openqa.selenium.remote.http.W3CHttpResponseCodec.decode(W3CHttpResponseCodec.java:122)
	at org.openqa.selenium.remote.http.W3CHttpResponseCodec.decode(W3CHttpResponseCodec.java:49)
	at org.openqa.selenium.remote.HttpCommandExecutor.execute(HttpCommandExecutor.java:158)
	at org.openqa.selenium.remote.service.DriverCommandExecutor.execute(DriverCommandExecutor.java:83)
	at org.openqa.selenium.remote.RemoteWebDriver.execute(RemoteWebDriver.java:552)
	at com.kms.katalon.selenium.driver.CChromeDriver.execute(CChromeDriver.java:19)
	at org.openqa.selenium.remote.RemoteWebElement.execute(RemoteWebElement.java:285)
	at org.openqa.selenium.remote.RemoteWebElement.click(RemoteWebElement.java:84)
	at org.openqa.selenium.support.events.EventFiringWebDriver$EventFiringWebElement.lambda$new$0(EventFiringWebDriver.java:404)
	at com.sun.proxy.$Proxy11.click(Unknown Source)
	at org.openqa.selenium.support.events.EventFiringWebDriver$EventFiringWebElement.click(EventFiringWebDriver.java:417)
	at org.openqa.selenium.WebElement$click$0.call(Unknown Source)
	at com.kms.katalon.core.webui.keyword.builtin.ClickKeyword.clickUntilSuccessWithTimeout(ClickKeyword.groovy:81)
	at com.kms.katalon.core.webui.keyword.builtin.ClickKeyword.clickUntilSuccessWithTimeout(ClickKeyword.groovy)
	at com.kms.katalon.core.webui.keyword.builtin.ClickKeyword$_click_closure1.doCall(ClickKeyword.groovy:67)
	at com.kms.katalon.core.webui.keyword.builtin.ClickKeyword$_click_closure1.call(ClickKeyword.groovy)
	at com.kms.katalon.core.webui.keyword.internal.WebUIKeywordMain.runKeyword(WebUIKeywordMain.groovy:20)
	at com.kms.katalon.core.webui.keyword.builtin.ClickKeyword.click(ClickKeyword.groovy:74)
	at com.kms.katalon.core.webui.keyword.builtin.ClickKeyword.execute(ClickKeyword.groovy:40)
	at com.kms.katalon.core.keyword.internal.KeywordExecutor.executeKeywordForPlatform(KeywordExecutor.groovy:74)
	at com.kms.katalon.core.webui.keyword.WebUiBuiltInKeywords.click(WebUiBuiltInKeywords.groovy:620)
	at com.kms.katalon.core.webui.keyword.WebUiBuiltInKeywords$click$5.call(Unknown Source)
	at Script1548856449435.run(Script1548856449435.groovy:40)
	... 13 more
)

2021-12-17 17:32:43 - [MESSAGE][FAILED] - Unable to click on object 'Object Repository/Modulo Tarea Listado Hojas de Vida/Imprimir Hoja de Vida/a_Si' (Root cause: com.kms.katalon.core.exception.StepFailedException: Unable to click on object 'Object Repository/Modulo Tarea Listado Hojas de Vida/Imprimir Hoja de Vida/a_Si'
	at com.kms.katalon.core.webui.keyword.internal.WebUIKeywordMain.stepFailed(WebUIKeywordMain.groovy:64)
	at com.kms.katalon.core.webui.keyword.internal.WebUIKeywordMain.runKeyword(WebUIKeywordMain.groovy:26)
	at com.kms.katalon.core.webui.keyword.builtin.ClickKeyword.click(ClickKeyword.groovy:74)
	at com.kms.katalon.core.webui.keyword.builtin.ClickKeyword.execute(ClickKeyword.groovy:40)
	at com.kms.katalon.core.keyword.internal.KeywordExecutor.executeKeywordForPlatform(KeywordExecutor.groovy:74)
	at com.kms.katalon.core.webui.keyword.WebUiBuiltInKeywords.click(WebUiBuiltInKeywords.groovy:620)
	at com.kms.katalon.core.webui.keyword.WebUiBuiltInKeywords$click$5.call(Unknown Source)
	at Listado hojas de Vida.run(Listado hojas de Vida:40)
	at com.kms.katalon.core.main.ScriptEngine.run(ScriptEngine.java:194)
	at com.kms.katalon.core.main.ScriptEngine.runScriptAsRawText(ScriptEngine.java:119)
	at com.kms.katalon.core.main.TestCaseExecutor.runScript(TestCaseExecutor.java:442)
	at com.kms.katalon.core.main.TestCaseExecutor.doExecute(TestCaseExecutor.java:433)
	at com.kms.katalon.core.main.TestCaseExecutor.processExecutionPhase(TestCaseExecutor.java:412)
	at com.kms.katalon.core.main.TestCaseExecutor.accessMainPhase(TestCaseExecutor.java:404)
	at com.kms.katalon.core.main.TestCaseExecutor.execute(TestCaseExecutor.java:281)
	at com.kms.katalon.core.main.TestSuiteExecutor.accessTestCaseMainPhase(TestSuiteExecutor.java:202)
	at com.kms.katalon.core.main.TestSuiteExecutor.accessTestSuiteMainPhase(TestSuiteExecutor.java:164)
	at com.kms.katalon.core.main.TestSuiteExecutor.execute(TestSuiteExecutor.java:105)
	at com.kms.katalon.core.main.TestCaseMain.startTestSuite(TestCaseMain.java:181)
	at com.kms.katalon.core.main.TestCaseMain$startTestSuite$0.call(Unknown Source)
	at TempTestSuite1639780222929.run(TempTestSuite1639780222929.groovy:36)
Caused by: org.openqa.selenium.ElementNotInteractableException: element not interactable
  (Session info: chrome=96.0.4664.110)
Build info: version: '3.141.59', revision: 'e82be7d358', time: '2018-11-14T08:25:53'
System info: host: 'US-AF-000371', ip: '192.168.56.1', os.name: 'Windows 10', os.arch: 'amd64', os.version: '10.0', java.version: '1.8.0_282'
Driver info: com.kms.katalon.selenium.driver.CChromeDriver
Capabilities {acceptInsecureCerts: false, browserName: chrome, browserVersion: 96.0.4664.110, chrome: {chromedriverVersion: 95.0.4638.17 (a9d0719444d4b..., userDataDir: C:\Users\DIEGO~1.ROJ\AppDat...}, goog:chromeOptions: {debuggerAddress: localhost:65384}, javascriptEnabled: true, networkConnectionEnabled: false, pageLoadStrategy: normal, platform: WINDOWS, platformName: WINDOWS, proxy: Proxy(), setWindowRect: true, strictFileInteractability: false, timeouts: {implicit: 0, pageLoad: 300000, script: 30000}, unhandledPromptBehavior: dismiss and notify, webauthn:extension:credBlob: true, webauthn:extension:largeBlob: true, webauthn:virtualAuthenticators: true}
Session ID: e0b6904e9dec8ba646e0d58c883034ee
	at org.openqa.selenium.remote.http.W3CHttpResponseCodec.createException(W3CHttpResponseCodec.java:187)
	at org.openqa.selenium.remote.http.W3CHttpResponseCodec.decode(W3CHttpResponseCodec.java:122)
	at org.openqa.selenium.remote.http.W3CHttpResponseCodec.decode(W3CHttpResponseCodec.java:49)
	at org.openqa.selenium.remote.HttpCommandExecutor.execute(HttpCommandExecutor.java:158)
	at org.openqa.selenium.remote.service.DriverCommandExecutor.execute(DriverCommandExecutor.java:83)
	at org.openqa.selenium.remote.RemoteWebDriver.execute(RemoteWebDriver.java:552)
	at com.kms.katalon.selenium.driver.CChromeDriver.execute(CChromeDriver.java:19)
	at org.openqa.selenium.remote.RemoteWebElement.execute(RemoteWebElement.java:285)
	at org.openqa.selenium.remote.RemoteWebElement.click(RemoteWebElement.java:84)
	at org.openqa.selenium.support.events.EventFiringWebDriver$EventFiringWebElement.lambda$new$0(EventFiringWebDriver.java:404)
	at com.sun.proxy.$Proxy11.click(Unknown Source)
	at org.openqa.selenium.support.events.EventFiringWebDriver$EventFiringWebElement.click(EventFiringWebDriver.java:417)
	at org.openqa.selenium.WebElement$click$0.call(Unknown Source)
	at com.kms.katalon.core.webui.keyword.builtin.ClickKeyword.clickUntilSuccessWithTimeout(ClickKeyword.groovy:81)
	at com.kms.katalon.core.webui.keyword.builtin.ClickKeyword.clickUntilSuccessWithTimeout(ClickKeyword.groovy)
	at com.kms.katalon.core.webui.keyword.builtin.ClickKeyword$_click_closure1.doCall(ClickKeyword.groovy:67)
	at com.kms.katalon.core.webui.keyword.builtin.ClickKeyword$_click_closure1.call(ClickKeyword.groovy)
	at com.kms.katalon.core.webui.keyword.internal.WebUIKeywordMain.runKeyword(WebUIKeywordMain.groovy:20)
	at com.kms.katalon.core.webui.keyword.builtin.ClickKeyword.click(ClickKeyword.groovy:74)
	at com.kms.katalon.core.webui.keyword.builtin.ClickKeyword.execute(ClickKeyword.groovy:40)
	at com.kms.katalon.core.keyword.internal.KeywordExecutor.executeKeywordForPlatform(KeywordExecutor.groovy:74)
	at com.kms.katalon.core.webui.keyword.WebUiBuiltInKeywords.click(WebUiBuiltInKeywords.groovy:620)
	at com.kms.katalon.core.webui.keyword.WebUiBuiltInKeywords$click$5.call(Unknown Source)
	at Script1548856449435.run(Script1548856449435.groovy:40)
	... 13 more
)
[[ATTACHMENT|C:\\Users\\diego.rojas\\git\\Pruebas-Minimas\\Reports\\20211217_173017\\1-Tareas Principales\\20211217_173022\\1639780363556.png]]]]></system-out>
         <system-err><![CDATA[2021-12-17 17:31:46 - [TEST_CASE][FAILED] - Test Cases/1.1-Tareas Principales/1.1.2-Imprimir Hoja de Vida: Test Cases/1.1-Tareas Principales/1.1.2-Imprimir Hoja de Vida FAILED.
Reason:
com.kms.katalon.core.exception.StepFailedException: Unable to click on object 'Object Repository/Modulo Tarea Listado Hojas de Vida/Imprimir Hoja de Vida/a_Si'
	at com.kms.katalon.core.webui.keyword.internal.WebUIKeywordMain.stepFailed(WebUIKeywordMain.groovy:64)
	at com.kms.katalon.core.webui.keyword.internal.WebUIKeywordMain.runKeyword(WebUIKeywordMain.groovy:26)
	at com.kms.katalon.core.webui.keyword.builtin.ClickKeyword.click(ClickKeyword.groovy:74)
	at com.kms.katalon.core.webui.keyword.builtin.ClickKeyword.execute(ClickKeyword.groovy:40)
	at com.kms.katalon.core.keyword.internal.KeywordExecutor.executeKeywordForPlatform(KeywordExecutor.groovy:74)
	at com.kms.katalon.core.webui.keyword.WebUiBuiltInKeywords.click(WebUiBuiltInKeywords.groovy:620)
	at com.kms.katalon.core.webui.keyword.WebUiBuiltInKeywords$click$5.call(Unknown Source)
	at Listado hojas de Vida.run(Listado hojas de Vida:40)
	at com.kms.katalon.core.main.ScriptEngine.run(ScriptEngine.java:194)
	at com.kms.katalon.core.main.ScriptEngine.runScriptAsRawText(ScriptEngine.java:119)
	at com.kms.katalon.core.main.TestCaseExecutor.runScript(TestCaseExecutor.java:442)
	at com.kms.katalon.core.main.TestCaseExecutor.doExecute(TestCaseExecutor.java:433)
	at com.kms.katalon.core.main.TestCaseExecutor.processExecutionPhase(TestCaseExecutor.java:412)
	at com.kms.katalon.core.main.TestCaseExecutor.accessMainPhase(TestCaseExecutor.java:404)
	at com.kms.katalon.core.main.TestCaseExecutor.execute(TestCaseExecutor.java:281)
	at com.kms.katalon.core.main.TestSuiteExecutor.accessTestCaseMainPhase(TestSuiteExecutor.java:202)
	at com.kms.katalon.core.main.TestSuiteExecutor.accessTestSuiteMainPhase(TestSuiteExecutor.java:164)
	at com.kms.katalon.core.main.TestSuiteExecutor.execute(TestSuiteExecutor.java:105)
	at com.kms.katalon.core.main.TestCaseMain.startTestSuite(TestCaseMain.java:181)
	at com.kms.katalon.core.main.TestCaseMain$startTestSuite$0.call(Unknown Source)
	at TempTestSuite1639780222929.run(TempTestSuite1639780222929.groovy:36)
Caused by: org.openqa.selenium.ElementNotInteractableException: element not interactable
  (Session info: chrome=96.0.4664.110)
Build info: version: '3.141.59', revision: 'e82be7d358', time: '2018-11-14T08:25:53'
System info: host: 'US-AF-000371', ip: '192.168.56.1', os.name: 'Windows 10', os.arch: 'amd64', os.version: '10.0', java.version: '1.8.0_282'
Driver info: com.kms.katalon.selenium.driver.CChromeDriver
Capabilities {acceptInsecureCerts: false, browserName: chrome, browserVersion: 96.0.4664.110, chrome: {chromedriverVersion: 95.0.4638.17 (a9d0719444d4b..., userDataDir: C:\Users\DIEGO~1.ROJ\AppDat...}, goog:chromeOptions: {debuggerAddress: localhost:65384}, javascriptEnabled: true, networkConnectionEnabled: false, pageLoadStrategy: normal, platform: WINDOWS, platformName: WINDOWS, proxy: Proxy(), setWindowRect: true, strictFileInteractability: false, timeouts: {implicit: 0, pageLoad: 300000, script: 30000}, unhandledPromptBehavior: dismiss and notify, webauthn:extension:credBlob: true, webauthn:extension:largeBlob: true, webauthn:virtualAuthenticators: true}
Session ID: e0b6904e9dec8ba646e0d58c883034ee
	at org.openqa.selenium.remote.http.W3CHttpResponseCodec.createException(W3CHttpResponseCodec.java:187)
	at org.openqa.selenium.remote.http.W3CHttpResponseCodec.decode(W3CHttpResponseCodec.java:122)
	at org.openqa.selenium.remote.http.W3CHttpResponseCodec.decode(W3CHttpResponseCodec.java:49)
	at org.openqa.selenium.remote.HttpCommandExecutor.execute(HttpCommandExecutor.java:158)
	at org.openqa.selenium.remote.service.DriverCommandExecutor.execute(DriverCommandExecutor.java:83)
	at org.openqa.selenium.remote.RemoteWebDriver.execute(RemoteWebDriver.java:552)
	at com.kms.katalon.selenium.driver.CChromeDriver.execute(CChromeDriver.java:19)
	at org.openqa.selenium.remote.RemoteWebElement.execute(RemoteWebElement.java:285)
	at org.openqa.selenium.remote.RemoteWebElement.click(RemoteWebElement.java:84)
	at org.openqa.selenium.support.events.EventFiringWebDriver$EventFiringWebElement.lambda$new$0(EventFiringWebDriver.java:404)
	at com.sun.proxy.$Proxy11.click(Unknown Source)
	at org.openqa.selenium.support.events.EventFiringWebDriver$EventFiringWebElement.click(EventFiringWebDriver.java:417)
	at org.openqa.selenium.WebElement$click$0.call(Unknown Source)
	at com.kms.katalon.core.webui.keyword.builtin.ClickKeyword.clickUntilSuccessWithTimeout(ClickKeyword.groovy:81)
	at com.kms.katalon.core.webui.keyword.builtin.ClickKeyword.clickUntilSuccessWithTimeout(ClickKeyword.groovy)
	at com.kms.katalon.core.webui.keyword.builtin.ClickKeyword$_click_closure1.doCall(ClickKeyword.groovy:67)
	at com.kms.katalon.core.webui.keyword.builtin.ClickKeyword$_click_closure1.call(ClickKeyword.groovy)
	at com.kms.katalon.core.webui.keyword.internal.WebUIKeywordMain.runKeyword(WebUIKeywordMain.groovy:20)
	... 19 more]]></system-err>
      </testcase>
      <testcase name="Test Cases/1.1-Tareas Principales/1.1.3-Elaboracion Acto Cambio del Empleado" time="189.412" classname="Test Cases/1.1-Tareas Principales/1.1.3-Elaboracion Acto Cambio del Empleado" status="PASSED">
         <system-out><![CDATA[2021-12-17 17:32:43 - [TEST_CASE][PASSED] - Test Cases/1.1-Tareas Principales/1.1.3-Elaboracion Acto Cambio del Empleado: Test Cases/1.1-Tareas Principales/1.1.3-Elaboracion Acto Cambio del Empleado

2021-12-17 17:32:44 - [TEST_STEP][PASSED] - callTestCase(findTestCase("Hutilidades/Tareas Actos Administrativos/Acto Cambio del Empleado"), [:], STOP_ON_FAILURE): Call Test Case 'Test Cases/Hutilidades/Tareas Actos Administrativos/Acto Cambio del Empleado' successfully

2021-12-17 17:32:44 - [TEST_CASE][PASSED] - Test Cases/Hutilidades/Tareas Actos Administrativos/Acto Cambio del Empleado: Test Cases/Hutilidades/Tareas Actos Administrativos/Acto Cambio del Empleado

2021-12-17 17:32:44 - [TEST_STEP][PASSED] - identificacion = callTestCase(findTestCase("1.1-Tareas Principales/1.1.1-Crear Nueva Hoja de Vida"), [:], STOP_ON_FAILURE): Call Test Case 'Test Cases/1.1-Tareas Principales/1.1.1-Crear Nueva Hoja de Vida' successfully

2021-12-17 17:32:44 - [TEST_CASE][PASSED] - Test Cases/1.1-Tareas Principales/1.1.1-Crear Nueva Hoja de Vida: Test Cases/1.1-Tareas Principales/1.1.1-Crear Nueva Hoja de Vida

2021-12-17 17:32:44 - [TEST_STEP][PASSED] - random_double = Math.random() * 9999 + 999: null

2021-12-17 17:32:44 - [TEST_STEP][PASSED] - random_double = Math.round(random_double * 1000): null

2021-12-17 17:32:44 - [TEST_STEP][PASSED] - identificacion = toString().replace(".0", ""): null

2021-12-17 17:32:44 - [TEST_STEP][PASSED] - callTestCase(findTestCase("0.1-Login"), [:], STOP_ON_FAILURE): Call Test Case 'Test Cases/0.1-Login' successfully

2021-12-17 17:32:44 - [TEST_CASE][PASSED] - Test Cases/0.1-Login: Test Cases/0.1-Login

2021-12-17 17:32:44 - [TEST_STEP][PASSED] - openBrowser(""): Browser is opened with url: ''

2021-12-17 17:32:44 - [MESSAGE][WARNING] - A browser is already opened. Closing browser and opening a new one

2021-12-17 17:32:45 - [MESSAGE][INFO] - Starting 'Chrome' driver

2021-12-17 17:32:45 - [MESSAGE][INFO] - Action delay is set to 0 milliseconds

2021-12-17 17:32:46 - [MESSAGE][PASSED] - Browser is opened with url: ''

2021-12-17 17:32:46 - [TEST_STEP][PASSED] - maximizeWindow(): Current window maximized

2021-12-17 17:32:46 - [MESSAGE][PASSED] - Current window maximized

2021-12-17 17:32:46 - [TEST_STEP][PASSED] - i = G_Login: null

2021-12-17 17:32:46 - [TEST_STEP][PASSED] - url = new java.net.URL(i): null

2021-12-17 17:32:46 - [TEST_STEP][PASSED] - println("URL: " + url.toString()): null

2021-12-17 17:32:46 - [TEST_STEP][PASSED] - connection = url.openConnection(): null

2021-12-17 17:32:46 - [TEST_STEP][PASSED] - connection.setRequestMethod("GET"): null

2021-12-17 17:32:46 - [TEST_STEP][PASSED] - connection.setReadTimeout(2 * 1000): null

2021-12-17 17:32:46 - [TEST_STEP][PASSED] - try: null

2021-12-17 17:32:46 - [TEST_STEP][PASSED] - connection.connect(): null

2021-12-17 17:32:46 - [TEST_STEP][PASSED] - flag = connected: null

2021-12-17 17:32:46 - [TEST_STEP][PASSED] - println("Valor_ori: " + flag): null

2021-12-17 17:32:46 - [TEST_STEP][PASSED] - if (flag): null

2021-12-17 17:32:46 - [TEST_STEP][PASSED] - navigateToUrl(i): Navigate to 'http://192.168.2.29:7001/saraweb' successfully

2021-12-17 17:32:53 - [MESSAGE][PASSED] - Navigate to 'http://192.168.2.29:7001/saraweb' successfully

2021-12-17 17:32:53 - [TEST_STEP][PASSED] - a(): null

2021-12-17 17:32:53 - [TEST_STEP][PASSED] - setText(findTestObject("Login/input_USUARIO_loginusuario"), G_Usuario): Text 'weblogic' is set on object 'Object Repository/Login/input_USUARIO_loginusuario'

2021-12-17 17:32:54 - [MESSAGE][PASSED] - Text 'weblogic' is set on object 'Object Repository/Login/input_USUARIO_loginusuario'

2021-12-17 17:32:54 - [TEST_STEP][PASSED] - setEncryptedText(findTestObject("Login/input_CLAVE_loginpassword"), "MkG4/TYiCFC3cb2driP7+Q=="): Text ****** has been set on object 'Object Repository/Login/input_CLAVE_loginpassword'

2021-12-17 17:32:54 - [MESSAGE][PASSED] - Text ****** has been set on object 'Object Repository/Login/input_CLAVE_loginpassword'

2021-12-17 17:32:54 - [TEST_STEP][PASSED] - waitForElementClickable(findTestObject("Login/a_Ingresar"), G_TimeOut): Object 'Object Repository/Login/a_Ingresar' is clickable

2021-12-17 17:32:55 - [MESSAGE][PASSED] - Object 'Object Repository/Login/a_Ingresar' is clickable

2021-12-17 17:32:55 - [TEST_STEP][PASSED] - click(findTestObject("Login/a_Ingresar")): Object: 'Object Repository/Login/a_Ingresar' is clicked on

2021-12-17 17:33:07 - [MESSAGE][PASSED] - Object: 'Object Repository/Login/a_Ingresar' is clicked on

2021-12-17 17:33:07 - [TEST_STEP][PASSED] - element = findWebElement(findTestObject("Login/a_Ir"), 30): null

2021-12-17 17:33:07 - [TEST_STEP][PASSED] - executeJavaScript("arguments[0].click()", Arrays.asList(element)): Execute JavaScript 'arguments[0].click()' successfully

2021-12-17 17:33:07 - [MESSAGE][PASSED] - Execute JavaScript 'arguments[0].click()' successfully

2021-12-17 17:33:07 - [MESSAGE][PASSED] - Call Test Case 'Test Cases/0.1-Login' successfully

2021-12-17 17:33:07 - [TEST_STEP][PASSED] - waitForElementClickable(findTestObject("Modulo Tarea Listado Hojas de Vida/Crear Nueva Hoja de Vida/input_Listado Hojas De Vida_form_templatej_idt24_input"), G_TimeOut): Object 'Object Repository/Modulo Tarea Listado Hojas de Vida/Crear Nueva Hoja de Vida/input_Listado Hojas De Vida_form_templatej_idt24_input' is clickable

2021-12-17 17:33:18 - [MESSAGE][PASSED] - Object 'Object Repository/Modulo Tarea Listado Hojas de Vida/Crear Nueva Hoja de Vida/input_Listado Hojas De Vida_form_templatej_idt24_input' is clickable

2021-12-17 17:33:18 - [TEST_STEP][PASSED] - setText(findTestObject("Modulo Tarea Listado Hojas de Vida/Crear Nueva Hoja de Vida/input_Listado Hojas De Vida_form_templatej_idt24_input"), "Listado Hojas de Vida"): Text 'Listado Hojas de Vida' is set on object 'Object Repository/Modulo Tarea Listado Hojas de Vida/Crear Nueva Hoja de Vida/input_Listado Hojas De Vida_form_templatej_idt24_input'

2021-12-17 17:33:19 - [MESSAGE][PASSED] - Text 'Listado Hojas de Vida' is set on object 'Object Repository/Modulo Tarea Listado Hojas de Vida/Crear Nueva Hoja de Vida/input_Listado Hojas De Vida_form_templatej_idt24_input'

2021-12-17 17:33:19 - [TEST_STEP][PASSED] - delay(1): Delayed 1 second(s)

2021-12-17 17:33:20 - [MESSAGE][PASSED] - Delayed 1 second(s)

2021-12-17 17:33:20 - [TEST_STEP][PASSED] - sendKeys(findTestObject("Modulo Tarea Listado Hojas de Vida/Crear Nueva Hoja de Vida/input_Listado Hojas De Vida_form_templatej_idt24_input"), Keys.chord(ENTER)): Keys 'ENTER + ' sent to object: 'Object Repository/Modulo Tarea Listado Hojas de Vida/Crear Nueva Hoja de Vida/input_Listado Hojas De Vida_form_templatej_idt24_input'

2021-12-17 17:33:21 - [MESSAGE][PASSED] - Keys 'ENTER + ' sent to object: 'Object Repository/Modulo Tarea Listado Hojas de Vida/Crear Nueva Hoja de Vida/input_Listado Hojas De Vida_form_templatej_idt24_input'

2021-12-17 17:33:21 - [TEST_STEP][PASSED] - waitForElementClickable(findTestObject("Modulo Tarea Listado Hojas de Vida/Crear Nueva Hoja de Vida/a_Nueva HojaVida"), G_TimeOut): Object 'Object Repository/Modulo Tarea Listado Hojas de Vida/Crear Nueva Hoja de Vida/a_Nueva HojaVida' is clickable

2021-12-17 17:33:32 - [MESSAGE][PASSED] - Object 'Object Repository/Modulo Tarea Listado Hojas de Vida/Crear Nueva Hoja de Vida/a_Nueva HojaVida' is clickable

2021-12-17 17:33:32 - [TEST_STEP][PASSED] - click(findTestObject("Modulo Tarea Listado Hojas de Vida/Crear Nueva Hoja de Vida/a_Nueva HojaVida")): Object: 'Object Repository/Modulo Tarea Listado Hojas de Vida/Crear Nueva Hoja de Vida/a_Nueva HojaVida' is clicked on

2021-12-17 17:33:33 - [MESSAGE][PASSED] - Object: 'Object Repository/Modulo Tarea Listado Hojas de Vida/Crear Nueva Hoja de Vida/a_Nueva HojaVida' is clicked on

2021-12-17 17:33:33 - [TEST_STEP][PASSED] - waitForElementClickable(findTestObject("Modulo Tarea Listado Hojas de Vida/Crear Nueva Hoja de Vida/input_Identificacin_nuevahoja_"), 0): Object 'Object Repository/Modulo Tarea Listado Hojas de Vida/Crear Nueva Hoja de Vida/input_Identificacin_nuevahoja_' is clickable

2021-12-17 17:33:33 - [MESSAGE][WARNING] - Timeout '0' is invalid. Using default page load timeout: '30'

2021-12-17 17:33:33 - [MESSAGE][PASSED] - Object 'Object Repository/Modulo Tarea Listado Hojas de Vida/Crear Nueva Hoja de Vida/input_Identificacin_nuevahoja_' is clickable

2021-12-17 17:33:33 - [TEST_STEP][PASSED] - setText(findTestObject("Modulo Tarea Listado Hojas de Vida/Crear Nueva Hoja de Vida/input_Identificacin_nuevahoja_"), identificacion): Text '3553976' is set on object 'Object Repository/Modulo Tarea Listado Hojas de Vida/Crear Nueva Hoja de Vida/input_Identificacin_nuevahoja_'

2021-12-17 17:33:34 - [MESSAGE][PASSED] - Text '3553976' is set on object 'Object Repository/Modulo Tarea Listado Hojas de Vida/Crear Nueva Hoja de Vida/input_Identificacin_nuevahoja_'

2021-12-17 17:33:34 - [TEST_STEP][PASSED] - selectOptionByIndex(findTestObject("Modulo Tarea Listado Hojas de Vida/Crear Nueva Hoja de Vida/select_-- Seleccione --.ASPIRA"), "4"): All options with index in [4] are selected on object 'Object Repository/Modulo Tarea Listado Hojas de Vida/Crear Nueva Hoja de Vida/select_-- Seleccione --.ASPIRA'

2021-12-17 17:33:35 - [MESSAGE][PASSED] - All options with index in [4] are selected on object 'Object Repository/Modulo Tarea Listado Hojas de Vida/Crear Nueva Hoja de Vida/select_-- Seleccione --.ASPIRA'

2021-12-17 17:33:35 - [TEST_STEP][PASSED] - click(findTestObject("Modulo Tarea Listado Hojas de Vida/Crear Nueva Hoja de Vida/a_Nueva Solicitud")): Object: 'Object Repository/Modulo Tarea Listado Hojas de Vida/Crear Nueva Hoja de Vida/a_Nueva Solicitud' is clicked on

2021-12-17 17:33:36 - [MESSAGE][PASSED] - Object: 'Object Repository/Modulo Tarea Listado Hojas de Vida/Crear Nueva Hoja de Vida/a_Nueva Solicitud' is clicked on

2021-12-17 17:33:36 - [TEST_STEP][PASSED] - waitForElementPresent(findTestObject("Modulo Tarea Listado Hojas de Vida/Crear Nueva Hoja de Vida/input__hojaVidaseccionj_idt8350j_idt845"), 0): Object 'Object Repository/Modulo Tarea Listado Hojas de Vida/Crear Nueva Hoja de Vida/input__hojaVidaseccionj_idt8350j_idt845' is present

2021-12-17 17:33:36 - [MESSAGE][WARNING] - Timeout '0' is invalid. Using default page load timeout: '30'

2021-12-17 17:33:37 - [MESSAGE][PASSED] - Object 'Object Repository/Modulo Tarea Listado Hojas de Vida/Crear Nueva Hoja de Vida/input__hojaVidaseccionj_idt8350j_idt845' is present

2021-12-17 17:33:37 - [TEST_STEP][PASSED] - setText(findTestObject("Modulo Tarea Listado Hojas de Vida/Crear Nueva Hoja de Vida/input__hojaVidaseccionj_idt8350j_idt845"), identificacion): Text '3553976' is set on object 'Object Repository/Modulo Tarea Listado Hojas de Vida/Crear Nueva Hoja de Vida/input__hojaVidaseccionj_idt8350j_idt845'

2021-12-17 17:33:38 - [MESSAGE][PASSED] - Text '3553976' is set on object 'Object Repository/Modulo Tarea Listado Hojas de Vida/Crear Nueva Hoja de Vida/input__hojaVidaseccionj_idt8350j_idt845'

2021-12-17 17:33:38 - [TEST_STEP][PASSED] - setText(findTestObject("Modulo Tarea Listado Hojas de Vida/Crear Nueva Hoja de Vida/input__hojaVidaseccionj_idt8351j_idt845"), "jhon" + identificacion): Text 'jhon3553976' is set on object 'Object Repository/Modulo Tarea Listado Hojas de Vida/Crear Nueva Hoja de Vida/input__hojaVidaseccionj_idt8351j_idt845'

2021-12-17 17:33:39 - [MESSAGE][PASSED] - Text 'jhon3553976' is set on object 'Object Repository/Modulo Tarea Listado Hojas de Vida/Crear Nueva Hoja de Vida/input__hojaVidaseccionj_idt8351j_idt845'

2021-12-17 17:33:39 - [TEST_STEP][PASSED] - setText(findTestObject("Modulo Tarea Listado Hojas de Vida/Crear Nueva Hoja de Vida/input__hojaVidaseccionj_idt8352j_idt845"), "consta belfegord"): Text 'consta belfegord' is set on object 'Object Repository/Modulo Tarea Listado Hojas de Vida/Crear Nueva Hoja de Vida/input__hojaVidaseccionj_idt8352j_idt845'

2021-12-17 17:33:39 - [MESSAGE][PASSED] - Text 'consta belfegord' is set on object 'Object Repository/Modulo Tarea Listado Hojas de Vida/Crear Nueva Hoja de Vida/input__hojaVidaseccionj_idt8352j_idt845'

2021-12-17 17:33:39 - [TEST_STEP][PASSED] - setText(findTestObject("Modulo Tarea Listado Hojas de Vida/Crear Nueva Hoja de Vida/input__hojaVidaseccionj_idt8353fecha_input"), "30/08/1995"): Text '30/08/1995' is set on object 'Object Repository/Modulo Tarea Listado Hojas de Vida/Crear Nueva Hoja de Vida/input__hojaVidaseccionj_idt8353fecha_input'

2021-12-17 17:33:40 - [MESSAGE][PASSED] - Text '30/08/1995' is set on object 'Object Repository/Modulo Tarea Listado Hojas de Vida/Crear Nueva Hoja de Vida/input__hojaVidaseccionj_idt8353fecha_input'

2021-12-17 17:33:40 - [TEST_STEP][PASSED] - sendKeys(findTestObject("Modulo Tarea Listado Hojas de Vida/Crear Nueva Hoja de Vida/input__hojaVidaseccionj_idt8353fecha_input"), Keys.chord(ENTER)): Keys 'ENTER + ' sent to object: 'Object Repository/Modulo Tarea Listado Hojas de Vida/Crear Nueva Hoja de Vida/input__hojaVidaseccionj_idt8353fecha_input'

2021-12-17 17:33:41 - [MESSAGE][PASSED] - Keys 'ENTER + ' sent to object: 'Object Repository/Modulo Tarea Listado Hojas de Vida/Crear Nueva Hoja de Vida/input__hojaVidaseccionj_idt8353fecha_input'

2021-12-17 17:33:41 - [TEST_STEP][PASSED] - waitForElementClickable(findTestObject("Modulo Tarea Listado Hojas de Vida/Crear Nueva Hoja de Vida/a__hojaVidaseccionj_idt8354j_idt865"), G_TimeOut): Object 'Object Repository/Modulo Tarea Listado Hojas de Vida/Crear Nueva Hoja de Vida/a__hojaVidaseccionj_idt8354j_idt865' is clickable

2021-12-17 17:33:41 - [MESSAGE][PASSED] - Object 'Object Repository/Modulo Tarea Listado Hojas de Vida/Crear Nueva Hoja de Vida/a__hojaVidaseccionj_idt8354j_idt865' is clickable

2021-12-17 17:33:41 - [TEST_STEP][PASSED] - click(findTestObject("Modulo Tarea Listado Hojas de Vida/Crear Nueva Hoja de Vida/a__hojaVidaseccionj_idt8354j_idt865")): Object: 'Object Repository/Modulo Tarea Listado Hojas de Vida/Crear Nueva Hoja de Vida/a__hojaVidaseccionj_idt8354j_idt865' is clicked on

2021-12-17 17:33:42 - [MESSAGE][PASSED] - Object: 'Object Repository/Modulo Tarea Listado Hojas de Vida/Crear Nueva Hoja de Vida/a__hojaVidaseccionj_idt8354j_idt865' is clicked on

2021-12-17 17:33:42 - [TEST_STEP][PASSED] - waitForElementClickable(findTestObject("Modulo Tarea Listado Hojas de Vida/Crear Nueva Hoja de Vida/span_CEDULA CIUDADANIA"), G_TimeOut): Object 'Object Repository/Modulo Tarea Listado Hojas de Vida/Crear Nueva Hoja de Vida/span_CEDULA CIUDADANIA' is clickable

2021-12-17 17:33:42 - [MESSAGE][PASSED] - Object 'Object Repository/Modulo Tarea Listado Hojas de Vida/Crear Nueva Hoja de Vida/span_CEDULA CIUDADANIA' is clickable

2021-12-17 17:33:42 - [TEST_STEP][PASSED] - click(findTestObject("Modulo Tarea Listado Hojas de Vida/Crear Nueva Hoja de Vida/span_CEDULA CIUDADANIA")): Object: 'Object Repository/Modulo Tarea Listado Hojas de Vida/Crear Nueva Hoja de Vida/span_CEDULA CIUDADANIA' is clicked on

2021-12-17 17:33:43 - [MESSAGE][PASSED] - Object: 'Object Repository/Modulo Tarea Listado Hojas de Vida/Crear Nueva Hoja de Vida/span_CEDULA CIUDADANIA' is clicked on

2021-12-17 17:33:43 - [TEST_STEP][PASSED] - waitForElementClickable(findTestObject("Modulo Tarea Listado Hojas de Vida/Crear Nueva Hoja de Vida/input_Fecha Expedicin_hojaVidas"), G_TimeOut): Object 'Object Repository/Modulo Tarea Listado Hojas de Vida/Crear Nueva Hoja de Vida/input_Fecha Expedicin_hojaVidas' is clickable

2021-12-17 17:33:44 - [MESSAGE][PASSED] - Object 'Object Repository/Modulo Tarea Listado Hojas de Vida/Crear Nueva Hoja de Vida/input_Fecha Expedicin_hojaVidas' is clickable

2021-12-17 17:33:44 - [TEST_STEP][PASSED] - setText(findTestObject("Modulo Tarea Listado Hojas de Vida/Crear Nueva Hoja de Vida/input_Fecha Expedicin_hojaVidas"), "13/09/2013"): Text '13/09/2013' is set on object 'Object Repository/Modulo Tarea Listado Hojas de Vida/Crear Nueva Hoja de Vida/input_Fecha Expedicin_hojaVidas'

2021-12-17 17:33:45 - [MESSAGE][PASSED] - Text '13/09/2013' is set on object 'Object Repository/Modulo Tarea Listado Hojas de Vida/Crear Nueva Hoja de Vida/input_Fecha Expedicin_hojaVidas'

2021-12-17 17:33:45 - [TEST_STEP][PASSED] - sendKeys(findTestObject("Modulo Tarea Listado Hojas de Vida/Crear Nueva Hoja de Vida/input_Fecha Expedicin_hojaVidas"), Keys.chord(ENTER)): Keys 'ENTER + ' sent to object: 'Object Repository/Modulo Tarea Listado Hojas de Vida/Crear Nueva Hoja de Vida/input_Fecha Expedicin_hojaVidas'

2021-12-17 17:33:45 - [MESSAGE][PASSED] - Keys 'ENTER + ' sent to object: 'Object Repository/Modulo Tarea Listado Hojas de Vida/Crear Nueva Hoja de Vida/input_Fecha Expedicin_hojaVidas'

2021-12-17 17:33:45 - [TEST_STEP][PASSED] - selectOptionByIndex(findTestObject("Modulo Tarea Listado Hojas de Vida/Crear Nueva Hoja de Vida/select_-- Seleccione--000000ABEJORRAL"), "113"): All options with index in [113] are selected on object 'Object Repository/Modulo Tarea Listado Hojas de Vida/Crear Nueva Hoja de Vida/select_-- Seleccione--000000ABEJORRAL'

2021-12-17 17:33:48 - [MESSAGE][PASSED] - All options with index in [113] are selected on object 'Object Repository/Modulo Tarea Listado Hojas de Vida/Crear Nueva Hoja de Vida/select_-- Seleccione--000000ABEJORRAL'

2021-12-17 17:33:48 - [TEST_STEP][PASSED] - setText(findTestObject("Modulo Tarea Listado Hojas de Vida/Crear Nueva Hoja de Vida/input__hojaVidaseccionj_idt8358j_idt845"), "634564654684"): Text '634564654684' is set on object 'Object Repository/Modulo Tarea Listado Hojas de Vida/Crear Nueva Hoja de Vida/input__hojaVidaseccionj_idt8358j_idt845'

2021-12-17 17:33:49 - [MESSAGE][PASSED] - Text '634564654684' is set on object 'Object Repository/Modulo Tarea Listado Hojas de Vida/Crear Nueva Hoja de Vida/input__hojaVidaseccionj_idt8358j_idt845'

2021-12-17 17:33:49 - [TEST_STEP][PASSED] - setText(findTestObject("Modulo Tarea Listado Hojas de Vida/Crear Nueva Hoja de Vida/input__hojaVidaseccionj_idt8359j_idt845"), "noodle@gmail.com"): Text 'noodle@gmail.com' is set on object 'Object Repository/Modulo Tarea Listado Hojas de Vida/Crear Nueva Hoja de Vida/input__hojaVidaseccionj_idt8359j_idt845'

2021-12-17 17:33:50 - [MESSAGE][PASSED] - Text 'noodle@gmail.com' is set on object 'Object Repository/Modulo Tarea Listado Hojas de Vida/Crear Nueva Hoja de Vida/input__hojaVidaseccionj_idt8359j_idt845'

2021-12-17 17:33:50 - [TEST_STEP][PASSED] - selectOptionByIndex(findTestObject("Modulo Tarea Listado Hojas de Vida/Crear Nueva Hoja de Vida/select_AA-ABAB-BB-OO-"), "7"): All options with index in [7] are selected on object 'Object Repository/Modulo Tarea Listado Hojas de Vida/Crear Nueva Hoja de Vida/select_AA-ABAB-BB-OO-'

2021-12-17 17:33:51 - [MESSAGE][PASSED] - All options with index in [7] are selected on object 'Object Repository/Modulo Tarea Listado Hojas de Vida/Crear Nueva Hoja de Vida/select_AA-ABAB-BB-OO-'

2021-12-17 17:33:51 - [TEST_STEP][PASSED] - waitForElementClickable(findTestObject("Modulo Tarea Listado Hojas de Vida/Crear Nueva Hoja de Vida/a_Continuar"), G_TimeOut): Object 'Object Repository/Modulo Tarea Listado Hojas de Vida/Crear Nueva Hoja de Vida/a_Continuar' is clickable

2021-12-17 17:33:51 - [MESSAGE][PASSED] - Object 'Object Repository/Modulo Tarea Listado Hojas de Vida/Crear Nueva Hoja de Vida/a_Continuar' is clickable

2021-12-17 17:33:51 - [TEST_STEP][PASSED] - click(findTestObject("Modulo Tarea Listado Hojas de Vida/Crear Nueva Hoja de Vida/a_Continuar")): Object: 'Object Repository/Modulo Tarea Listado Hojas de Vida/Crear Nueva Hoja de Vida/a_Continuar' is clicked on

2021-12-17 17:33:51 - [MESSAGE][PASSED] - Object: 'Object Repository/Modulo Tarea Listado Hojas de Vida/Crear Nueva Hoja de Vida/a_Continuar' is clicked on

2021-12-17 17:33:51 - [TEST_STEP][PASSED] - waitForElementClickable(findTestObject("Modulo Tarea Listado Hojas de Vida/Crear Nueva Hoja de Vida/a_Aceptar"), G_TimeOut): Object 'Object Repository/Modulo Tarea Listado Hojas de Vida/Crear Nueva Hoja de Vida/a_Aceptar' is clickable

2021-12-17 17:33:52 - [MESSAGE][PASSED] - Object 'Object Repository/Modulo Tarea Listado Hojas de Vida/Crear Nueva Hoja de Vida/a_Aceptar' is clickable

2021-12-17 17:33:52 - [TEST_STEP][PASSED] - click(findTestObject("Modulo Tarea Listado Hojas de Vida/Crear Nueva Hoja de Vida/a_Aceptar"), STOP_ON_FAILURE): Object: 'Object Repository/Modulo Tarea Listado Hojas de Vida/Crear Nueva Hoja de Vida/a_Aceptar' is clicked on

2021-12-17 17:33:53 - [MESSAGE][PASSED] - Object: 'Object Repository/Modulo Tarea Listado Hojas de Vida/Crear Nueva Hoja de Vida/a_Aceptar' is clicked on

2021-12-17 17:33:53 - [TEST_STEP][PASSED] - return identificacion: null

2021-12-17 17:33:53 - [MESSAGE][PASSED] - Call Test Case 'Test Cases/1.1-Tareas Principales/1.1.1-Crear Nueva Hoja de Vida' successfully

2021-12-17 17:33:53 - [TEST_STEP][PASSED] - callTestCase(findTestCase("Hutilidades/Tareas Actos Administrativos/Tarea Actos Administrativos"), [:], STOP_ON_FAILURE): Call Test Case 'Test Cases/Hutilidades/Tareas Actos Administrativos/Tarea Actos Administrativos' successfully

2021-12-17 17:33:53 - [TEST_CASE][PASSED] - Test Cases/Hutilidades/Tareas Actos Administrativos/Tarea Actos Administrativos: Test Cases/Hutilidades/Tareas Actos Administrativos/Tarea Actos Administrativos

2021-12-17 17:33:53 - [TEST_STEP][PASSED] - callTestCase(findTestCase("0.1-Login"), [:], STOP_ON_FAILURE): Call Test Case 'Test Cases/0.1-Login' successfully

2021-12-17 17:33:53 - [TEST_CASE][PASSED] - Test Cases/0.1-Login: Test Cases/0.1-Login

2021-12-17 17:33:53 - [TEST_STEP][PASSED] - openBrowser(""): Browser is opened with url: ''

2021-12-17 17:33:53 - [MESSAGE][WARNING] - A browser is already opened. Closing browser and opening a new one

2021-12-17 17:33:54 - [MESSAGE][INFO] - Starting 'Chrome' driver

2021-12-17 17:33:54 - [MESSAGE][INFO] - Action delay is set to 0 milliseconds

2021-12-17 17:33:55 - [MESSAGE][PASSED] - Browser is opened with url: ''

2021-12-17 17:33:55 - [TEST_STEP][PASSED] - maximizeWindow(): Current window maximized

2021-12-17 17:33:56 - [MESSAGE][PASSED] - Current window maximized

2021-12-17 17:33:56 - [TEST_STEP][PASSED] - i = G_Login: null

2021-12-17 17:33:56 - [TEST_STEP][PASSED] - url = new java.net.URL(i): null

2021-12-17 17:33:56 - [TEST_STEP][PASSED] - println("URL: " + url.toString()): null

2021-12-17 17:33:56 - [TEST_STEP][PASSED] - connection = url.openConnection(): null

2021-12-17 17:33:56 - [TEST_STEP][PASSED] - connection.setRequestMethod("GET"): null

2021-12-17 17:33:56 - [TEST_STEP][PASSED] - connection.setReadTimeout(2 * 1000): null

2021-12-17 17:33:56 - [TEST_STEP][PASSED] - try: null

2021-12-17 17:33:56 - [TEST_STEP][PASSED] - connection.connect(): null

2021-12-17 17:33:56 - [TEST_STEP][PASSED] - flag = connected: null

2021-12-17 17:33:56 - [TEST_STEP][PASSED] - println("Valor_ori: " + flag): null

2021-12-17 17:33:56 - [TEST_STEP][PASSED] - if (flag): null

2021-12-17 17:33:56 - [TEST_STEP][PASSED] - navigateToUrl(i): Navigate to 'http://192.168.2.29:7001/saraweb' successfully

2021-12-17 17:34:02 - [MESSAGE][PASSED] - Navigate to 'http://192.168.2.29:7001/saraweb' successfully

2021-12-17 17:34:02 - [TEST_STEP][PASSED] - a(): null

2021-12-17 17:34:02 - [TEST_STEP][PASSED] - setText(findTestObject("Login/input_USUARIO_loginusuario"), G_Usuario): Text 'weblogic' is set on object 'Object Repository/Login/input_USUARIO_loginusuario'

2021-12-17 17:34:03 - [MESSAGE][PASSED] - Text 'weblogic' is set on object 'Object Repository/Login/input_USUARIO_loginusuario'

2021-12-17 17:34:03 - [TEST_STEP][PASSED] - setEncryptedText(findTestObject("Login/input_CLAVE_loginpassword"), "MkG4/TYiCFC3cb2driP7+Q=="): Text ****** has been set on object 'Object Repository/Login/input_CLAVE_loginpassword'

2021-12-17 17:34:04 - [MESSAGE][PASSED] - Text ****** has been set on object 'Object Repository/Login/input_CLAVE_loginpassword'

2021-12-17 17:34:04 - [TEST_STEP][PASSED] - waitForElementClickable(findTestObject("Login/a_Ingresar"), G_TimeOut): Object 'Object Repository/Login/a_Ingresar' is clickable

2021-12-17 17:34:04 - [MESSAGE][PASSED] - Object 'Object Repository/Login/a_Ingresar' is clickable

2021-12-17 17:34:04 - [TEST_STEP][PASSED] - click(findTestObject("Login/a_Ingresar")): Object: 'Object Repository/Login/a_Ingresar' is clicked on

2021-12-17 17:34:16 - [MESSAGE][PASSED] - Object: 'Object Repository/Login/a_Ingresar' is clicked on

2021-12-17 17:34:16 - [TEST_STEP][PASSED] - element = findWebElement(findTestObject("Login/a_Ir"), 30): null

2021-12-17 17:34:16 - [TEST_STEP][PASSED] - executeJavaScript("arguments[0].click()", Arrays.asList(element)): Execute JavaScript 'arguments[0].click()' successfully

2021-12-17 17:34:16 - [MESSAGE][PASSED] - Execute JavaScript 'arguments[0].click()' successfully

2021-12-17 17:34:16 - [MESSAGE][PASSED] - Call Test Case 'Test Cases/0.1-Login' successfully

2021-12-17 17:34:16 - [TEST_STEP][PASSED] - waitForElementClickable(findTestObject("Modulo Tarea Actos Administrativos/Tarea Actos Administrativos/input_ADMINISTRADOR DEL SISTEMA"), G_TimeOut): Object 'Object Repository/Modulo Tarea Actos Administrativos/Tarea Actos Administrativos/input_ADMINISTRADOR DEL SISTEMA' is clickable

2021-12-17 17:34:27 - [MESSAGE][PASSED] - Object 'Object Repository/Modulo Tarea Actos Administrativos/Tarea Actos Administrativos/input_ADMINISTRADOR DEL SISTEMA' is clickable

2021-12-17 17:34:27 - [TEST_STEP][PASSED] - setText(findTestObject("Modulo Tarea Actos Administrativos/Tarea Actos Administrativos/input_ADMINISTRADOR DEL SISTEMA"), "Actos Administrativos"): Text 'Actos Administrativos' is set on object 'Object Repository/Modulo Tarea Actos Administrativos/Tarea Actos Administrativos/input_ADMINISTRADOR DEL SISTEMA'

2021-12-17 17:34:28 - [MESSAGE][PASSED] - Text 'Actos Administrativos' is set on object 'Object Repository/Modulo Tarea Actos Administrativos/Tarea Actos Administrativos/input_ADMINISTRADOR DEL SISTEMA'

2021-12-17 17:34:28 - [TEST_STEP][PASSED] - delay(3): Delayed 3 second(s)

2021-12-17 17:34:31 - [MESSAGE][PASSED] - Delayed 3 second(s)

2021-12-17 17:34:31 - [TEST_STEP][PASSED] - sendKeys(findTestObject("Modulo Tarea Actos Administrativos/Tarea Actos Administrativos/input_ADMINISTRADOR DEL SISTEMA"), Keys.chord(ENTER)): Keys 'ENTER + ' sent to object: 'Object Repository/Modulo Tarea Actos Administrativos/Tarea Actos Administrativos/input_ADMINISTRADOR DEL SISTEMA'

2021-12-17 17:34:31 - [MESSAGE][PASSED] - Keys 'ENTER + ' sent to object: 'Object Repository/Modulo Tarea Actos Administrativos/Tarea Actos Administrativos/input_ADMINISTRADOR DEL SISTEMA'

2021-12-17 17:34:31 - [MESSAGE][PASSED] - Call Test Case 'Test Cases/Hutilidades/Tareas Actos Administrativos/Tarea Actos Administrativos' successfully

2021-12-17 17:34:31 - [TEST_STEP][PASSED] - waitForElementClickable(findTestObject("Modulo Tarea Actos Administrativos/Acto Cambio Empleado/i_Actos_glyphicons glyphicons-group"), G_TimeOut): Object 'Object Repository/Modulo Tarea Actos Administrativos/Acto Cambio Empleado/i_Actos_glyphicons glyphicons-group' is clickable

2021-12-17 17:34:42 - [MESSAGE][PASSED] - Object 'Object Repository/Modulo Tarea Actos Administrativos/Acto Cambio Empleado/i_Actos_glyphicons glyphicons-group' is clickable

2021-12-17 17:34:42 - [TEST_STEP][PASSED] - click(findTestObject("Modulo Tarea Actos Administrativos/Acto Cambio Empleado/i_Actos_glyphicons glyphicons-group")): Object: 'Object Repository/Modulo Tarea Actos Administrativos/Acto Cambio Empleado/i_Actos_glyphicons glyphicons-group' is clicked on

2021-12-17 17:34:43 - [MESSAGE][PASSED] - Object: 'Object Repository/Modulo Tarea Actos Administrativos/Acto Cambio Empleado/i_Actos_glyphicons glyphicons-group' is clicked on

2021-12-17 17:34:43 - [TEST_STEP][PASSED] - waitForElementClickable(findTestObject("Modulo Tarea Actos Administrativos/Acto Cambio Empleado/a_Acto cambio del Empleado_form"), G_TimeOut): Object 'Object Repository/Modulo Tarea Actos Administrativos/Acto Cambio Empleado/a_Acto cambio del Empleado_form' is clickable

2021-12-17 17:34:44 - [MESSAGE][PASSED] - Object 'Object Repository/Modulo Tarea Actos Administrativos/Acto Cambio Empleado/a_Acto cambio del Empleado_form' is clickable

2021-12-17 17:34:44 - [TEST_STEP][PASSED] - click(findTestObject("Modulo Tarea Actos Administrativos/Acto Cambio Empleado/a_Acto cambio del Empleado_form")): Object: 'Object Repository/Modulo Tarea Actos Administrativos/Acto Cambio Empleado/a_Acto cambio del Empleado_form' is clicked on

2021-12-17 17:34:44 - [MESSAGE][PASSED] - Object: 'Object Repository/Modulo Tarea Actos Administrativos/Acto Cambio Empleado/a_Acto cambio del Empleado_form' is clicked on

2021-12-17 17:34:44 - [TEST_STEP][PASSED] - waitForElementClickable(findTestObject("Modulo Tarea Actos Administrativos/Acto Cambio Empleado/span_Nomina"), G_TimeOut): Object 'Object Repository/Modulo Tarea Actos Administrativos/Acto Cambio Empleado/span_Nomina' is clickable

2021-12-17 17:34:45 - [MESSAGE][PASSED] - Object 'Object Repository/Modulo Tarea Actos Administrativos/Acto Cambio Empleado/span_Nomina' is clickable

2021-12-17 17:34:45 - [TEST_STEP][PASSED] - click(findTestObject("Modulo Tarea Actos Administrativos/Acto Cambio Empleado/span_Nomina")): Object: 'Object Repository/Modulo Tarea Actos Administrativos/Acto Cambio Empleado/span_Nomina' is clicked on

2021-12-17 17:34:46 - [MESSAGE][PASSED] - Object: 'Object Repository/Modulo Tarea Actos Administrativos/Acto Cambio Empleado/span_Nomina' is clicked on

2021-12-17 17:34:46 - [TEST_STEP][PASSED] - waitForElementClickable(findTestObject("Modulo Tarea Actos Administrativos/Acto Cambio Empleado/span_ingreso definitivo indefinido salario basico"), G_TimeOut): Object 'Object Repository/Modulo Tarea Actos Administrativos/Acto Cambio Empleado/span_ingreso definitivo indefinido salario basico' is clickable

2021-12-17 17:34:46 - [MESSAGE][PASSED] - Object 'Object Repository/Modulo Tarea Actos Administrativos/Acto Cambio Empleado/span_ingreso definitivo indefinido salario basico' is clickable

2021-12-17 17:34:46 - [TEST_STEP][PASSED] - click(findTestObject("Modulo Tarea Actos Administrativos/Acto Cambio Empleado/span_ingreso definitivo indefinido salario basico")): Object: 'Object Repository/Modulo Tarea Actos Administrativos/Acto Cambio Empleado/span_ingreso definitivo indefinido salario basico' is clicked on

2021-12-17 17:34:47 - [MESSAGE][PASSED] - Object: 'Object Repository/Modulo Tarea Actos Administrativos/Acto Cambio Empleado/span_ingreso definitivo indefinido salario basico' is clicked on

2021-12-17 17:34:47 - [TEST_STEP][PASSED] - waitForElementClickable(findTestObject("Modulo Tarea Actos Administrativos/Acto Cambio Empleado/a_Elaboracin_glyphicons glyphicons-chronicle x2"), G_TimeOut): Object 'Object Repository/Modulo Tarea Actos Administrativos/Acto Cambio Empleado/a_Elaboracin_glyphicons glyphicons-chronicle x2' is clickable

2021-12-17 17:34:48 - [MESSAGE][PASSED] - Object 'Object Repository/Modulo Tarea Actos Administrativos/Acto Cambio Empleado/a_Elaboracin_glyphicons glyphicons-chronicle x2' is clickable

2021-12-17 17:34:48 - [TEST_STEP][PASSED] - click(findTestObject("Modulo Tarea Actos Administrativos/Acto Cambio Empleado/a_Elaboracin_glyphicons glyphicons-chronicle x2")): Object: 'Object Repository/Modulo Tarea Actos Administrativos/Acto Cambio Empleado/a_Elaboracin_glyphicons glyphicons-chronicle x2' is clicked on

2021-12-17 17:34:48 - [MESSAGE][PASSED] - Object: 'Object Repository/Modulo Tarea Actos Administrativos/Acto Cambio Empleado/a_Elaboracin_glyphicons glyphicons-chronicle x2' is clicked on

2021-12-17 17:34:48 - [TEST_STEP][PASSED] - waitForElementClickable(findTestObject("Modulo Tarea Actos Administrativos/Acto Cambio Empleado/a_Identificacin_form_actoIngresoj_idt975"), G_TimeOut): Object 'Object Repository/Modulo Tarea Actos Administrativos/Acto Cambio Empleado/a_Identificacin_form_actoIngresoj_idt975' is clickable

2021-12-17 17:34:51 - [MESSAGE][PASSED] - Object 'Object Repository/Modulo Tarea Actos Administrativos/Acto Cambio Empleado/a_Identificacin_form_actoIngresoj_idt975' is clickable

2021-12-17 17:34:51 - [TEST_STEP][PASSED] - click(findTestObject("Modulo Tarea Actos Administrativos/Acto Cambio Empleado/a_Identificacin_form_actoIngresoj_idt975")): Object: 'Object Repository/Modulo Tarea Actos Administrativos/Acto Cambio Empleado/a_Identificacin_form_actoIngresoj_idt975' is clicked on

2021-12-17 17:34:51 - [MESSAGE][PASSED] - Object: 'Object Repository/Modulo Tarea Actos Administrativos/Acto Cambio Empleado/a_Identificacin_form_actoIngresoj_idt975' is clicked on

2021-12-17 17:34:51 - [TEST_STEP][PASSED] - setText(findTestObject("Modulo Tarea Actos Administrativos/Acto Cambio Empleado/input_Filtro Hoja de Vida_formPopupHojaVidaj_idt1696"), identificacion): Text '3553976' is set on object 'Object Repository/Modulo Tarea Actos Administrativos/Acto Cambio Empleado/input_Filtro Hoja de Vida_formPopupHojaVidaj_idt1696'

2021-12-17 17:34:52 - [MESSAGE][PASSED] - Text '3553976' is set on object 'Object Repository/Modulo Tarea Actos Administrativos/Acto Cambio Empleado/input_Filtro Hoja de Vida_formPopupHojaVidaj_idt1696'

2021-12-17 17:34:52 - [TEST_STEP][PASSED] - sendKeys(findTestObject("Modulo Tarea Actos Administrativos/Acto Cambio Empleado/input_Filtro Hoja de Vida_formPopupHojaVidaj_idt1696"), Keys.chord(ENTER)): Keys 'ENTER + ' sent to object: 'Object Repository/Modulo Tarea Actos Administrativos/Acto Cambio Empleado/input_Filtro Hoja de Vida_formPopupHojaVidaj_idt1696'

2021-12-17 17:34:53 - [MESSAGE][PASSED] - Keys 'ENTER + ' sent to object: 'Object Repository/Modulo Tarea Actos Administrativos/Acto Cambio Empleado/input_Filtro Hoja de Vida_formPopupHojaVidaj_idt1696'

2021-12-17 17:34:53 - [TEST_STEP][PASSED] - waitForElementClickable(findTestObject("Modulo Tarea Actos Administrativos/Acto Cambio Empleado/span_Consta Belfegord  Jhon5682169"), G_TimeOut): Object 'Object Repository/Modulo Tarea Actos Administrativos/Acto Cambio Empleado/span_Consta Belfegord  Jhon5682169' is clickable

2021-12-17 17:34:54 - [MESSAGE][PASSED] - Object 'Object Repository/Modulo Tarea Actos Administrativos/Acto Cambio Empleado/span_Consta Belfegord  Jhon5682169' is clickable

2021-12-17 17:34:54 - [TEST_STEP][PASSED] - click(findTestObject("Modulo Tarea Actos Administrativos/Acto Cambio Empleado/span_Consta Belfegord  Jhon5682169")): Object: 'Object Repository/Modulo Tarea Actos Administrativos/Acto Cambio Empleado/span_Consta Belfegord  Jhon5682169' is clicked on

2021-12-17 17:34:54 - [MESSAGE][PASSED] - Object: 'Object Repository/Modulo Tarea Actos Administrativos/Acto Cambio Empleado/span_Consta Belfegord  Jhon5682169' is clicked on

2021-12-17 17:34:54 - [TEST_STEP][PASSED] - waitForElementClickable(findTestObject("Modulo Tarea Actos Administrativos/Acto Cambio Empleado/a_Continuar"), G_TimeOut): Object 'Object Repository/Modulo Tarea Actos Administrativos/Acto Cambio Empleado/a_Continuar' is clickable

2021-12-17 17:34:55 - [MESSAGE][PASSED] - Object 'Object Repository/Modulo Tarea Actos Administrativos/Acto Cambio Empleado/a_Continuar' is clickable

2021-12-17 17:34:55 - [TEST_STEP][PASSED] - click(findTestObject("Modulo Tarea Actos Administrativos/Acto Cambio Empleado/a_Continuar")): Object: 'Object Repository/Modulo Tarea Actos Administrativos/Acto Cambio Empleado/a_Continuar' is clicked on

2021-12-17 17:34:56 - [MESSAGE][PASSED] - Object: 'Object Repository/Modulo Tarea Actos Administrativos/Acto Cambio Empleado/a_Continuar' is clicked on

2021-12-17 17:34:56 - [TEST_STEP][PASSED] - return identificacion: null

2021-12-17 17:34:56 - [MESSAGE][PASSED] - Call Test Case 'Test Cases/Hutilidades/Tareas Actos Administrativos/Acto Cambio del Empleado' successfully

2021-12-17 17:34:56 - [TEST_STEP][PASSED] - setText(findTestObject("Modulo Tarea Actos Administrativos/Elaboracion Acto Cambio de Empleado/input__form_actoIngresoj_idt10120fecha_input"), "01/12/2018"): Text '01/12/2018' is set on object 'Object Repository/Modulo Tarea Actos Administrativos/Elaboracion Acto Cambio de Empleado/input__form_actoIngresoj_idt10120fecha_input'

2021-12-17 17:34:58 - [MESSAGE][PASSED] - Text '01/12/2018' is set on object 'Object Repository/Modulo Tarea Actos Administrativos/Elaboracion Acto Cambio de Empleado/input__form_actoIngresoj_idt10120fecha_input'

2021-12-17 17:34:58 - [TEST_STEP][PASSED] - sendKeys(findTestObject("Modulo Tarea Actos Administrativos/Elaboracion Acto Cambio de Empleado/input__form_actoIngresoj_idt10120fecha_input"), Keys.chord(ENTER)): Keys 'ENTER + ' sent to object: 'Object Repository/Modulo Tarea Actos Administrativos/Elaboracion Acto Cambio de Empleado/input__form_actoIngresoj_idt10120fecha_input'

2021-12-17 17:34:59 - [MESSAGE][PASSED] - Keys 'ENTER + ' sent to object: 'Object Repository/Modulo Tarea Actos Administrativos/Elaboracion Acto Cambio de Empleado/input__form_actoIngresoj_idt10120fecha_input'

2021-12-17 17:34:59 - [TEST_STEP][PASSED] - setText(findTestObject("Modulo Tarea Actos Administrativos/Elaboracion Acto Cambio de Empleado/input__form_actoIngresoj_idt10121fecha_input"), "01/12/2018"): Text '01/12/2018' is set on object 'Object Repository/Modulo Tarea Actos Administrativos/Elaboracion Acto Cambio de Empleado/input__form_actoIngresoj_idt10121fecha_input'

2021-12-17 17:35:00 - [MESSAGE][PASSED] - Text '01/12/2018' is set on object 'Object Repository/Modulo Tarea Actos Administrativos/Elaboracion Acto Cambio de Empleado/input__form_actoIngresoj_idt10121fecha_input'

2021-12-17 17:35:00 - [TEST_STEP][PASSED] - sendKeys(findTestObject("Modulo Tarea Actos Administrativos/Elaboracion Acto Cambio de Empleado/input__form_actoIngresoj_idt10121fecha_input"), Keys.chord(ENTER)): Keys 'ENTER + ' sent to object: 'Object Repository/Modulo Tarea Actos Administrativos/Elaboracion Acto Cambio de Empleado/input__form_actoIngresoj_idt10121fecha_input'

2021-12-17 17:35:00 - [MESSAGE][PASSED] - Keys 'ENTER + ' sent to object: 'Object Repository/Modulo Tarea Actos Administrativos/Elaboracion Acto Cambio de Empleado/input__form_actoIngresoj_idt10121fecha_input'

2021-12-17 17:35:00 - [TEST_STEP][PASSED] - waitForElementClickable(findTestObject("Modulo Tarea Actos Administrativos/Elaboracion Acto Cambio de Empleado/span_Motivo ingreso"), G_TimeOut): Object 'Object Repository/Modulo Tarea Actos Administrativos/Elaboracion Acto Cambio de Empleado/span_Motivo ingreso' is clickable

2021-12-17 17:35:00 - [MESSAGE][PASSED] - Object 'Object Repository/Modulo Tarea Actos Administrativos/Elaboracion Acto Cambio de Empleado/span_Motivo ingreso' is clickable

2021-12-17 17:35:00 - [TEST_STEP][PASSED] - click(findTestObject("Modulo Tarea Actos Administrativos/Elaboracion Acto Cambio de Empleado/span_Motivo ingreso")): Object: 'Object Repository/Modulo Tarea Actos Administrativos/Elaboracion Acto Cambio de Empleado/span_Motivo ingreso' is clicked on

2021-12-17 17:35:01 - [MESSAGE][PASSED] - Object: 'Object Repository/Modulo Tarea Actos Administrativos/Elaboracion Acto Cambio de Empleado/span_Motivo ingreso' is clicked on

2021-12-17 17:35:01 - [TEST_STEP][PASSED] - selectOptionByIndex(findTestObject("Modulo Tarea Actos Administrativos/Elaboracion Acto Cambio de Empleado/select_10 - Ingreso Puesto Nuevo"), "1"): All options with index in [1] are selected on object 'Object Repository/Modulo Tarea Actos Administrativos/Elaboracion Acto Cambio de Empleado/select_10 - Ingreso Puesto Nuevo'

2021-12-17 17:35:02 - [MESSAGE][PASSED] - All options with index in [1] are selected on object 'Object Repository/Modulo Tarea Actos Administrativos/Elaboracion Acto Cambio de Empleado/select_10 - Ingreso Puesto Nuevo'

2021-12-17 17:35:02 - [TEST_STEP][PASSED] - selectOptionByIndex(findTestObject("Modulo Tarea Actos Administrativos/Elaboracion Acto Cambio de Empleado/select_DIAZ BLANCO GUISELL"), "1"): All options with index in [1] are selected on object 'Object Repository/Modulo Tarea Actos Administrativos/Elaboracion Acto Cambio de Empleado/select_DIAZ BLANCO GUISELL'

2021-12-17 17:35:03 - [MESSAGE][PASSED] - All options with index in [1] are selected on object 'Object Repository/Modulo Tarea Actos Administrativos/Elaboracion Acto Cambio de Empleado/select_DIAZ BLANCO GUISELL'

2021-12-17 17:35:03 - [TEST_STEP][PASSED] - setText(findTestObject("Modulo Tarea Actos Administrativos/Elaboracion Acto Cambio de Empleado/textarea__form_actoIngresoj_idt10124j_idt1025"), "Magister en derecho penal"): Text 'Magister en derecho penal' is set on object 'Object Repository/Modulo Tarea Actos Administrativos/Elaboracion Acto Cambio de Empleado/textarea__form_actoIngresoj_idt10124j_idt1025'

2021-12-17 17:35:04 - [MESSAGE][PASSED] - Text 'Magister en derecho penal' is set on object 'Object Repository/Modulo Tarea Actos Administrativos/Elaboracion Acto Cambio de Empleado/textarea__form_actoIngresoj_idt10124j_idt1025'

2021-12-17 17:35:04 - [TEST_STEP][PASSED] - selectOptionByIndex(findTestObject("Modulo Tarea Actos Administrativos/Elaboracion Acto Cambio de Empleado/select_-- Seleccione --1 Actualizacin"), "2"): All options with index in [2] are selected on object 'Object Repository/Modulo Tarea Actos Administrativos/Elaboracion Acto Cambio de Empleado/select_-- Seleccione --1 Actualizacin'

2021-12-17 17:35:05 - [MESSAGE][PASSED] - All options with index in [2] are selected on object 'Object Repository/Modulo Tarea Actos Administrativos/Elaboracion Acto Cambio de Empleado/select_-- Seleccione --1 Actualizacin'

2021-12-17 17:35:05 - [TEST_STEP][PASSED] - setText(findTestObject("Modulo Tarea Actos Administrativos/Elaboracion Acto Cambio de Empleado/input__form_actoIngresoj_idt10126j_idt1022"), "AAAAAA"): Text 'AAAAAA' is set on object 'Object Repository/Modulo Tarea Actos Administrativos/Elaboracion Acto Cambio de Empleado/input__form_actoIngresoj_idt10126j_idt1022'

2021-12-17 17:35:06 - [MESSAGE][PASSED] - Text 'AAAAAA' is set on object 'Object Repository/Modulo Tarea Actos Administrativos/Elaboracion Acto Cambio de Empleado/input__form_actoIngresoj_idt10126j_idt1022'

2021-12-17 17:35:06 - [TEST_STEP][PASSED] - waitForElementClickable(findTestObject("Modulo Tarea Actos Administrativos/Elaboracion Acto Cambio de Empleado/a__form_actoIngresoj_idt10127j_idt1042"), G_TimeOut): Object 'Object Repository/Modulo Tarea Actos Administrativos/Elaboracion Acto Cambio de Empleado/a__form_actoIngresoj_idt10127j_idt1042' is clickable

2021-12-17 17:35:06 - [MESSAGE][PASSED] - Object 'Object Repository/Modulo Tarea Actos Administrativos/Elaboracion Acto Cambio de Empleado/a__form_actoIngresoj_idt10127j_idt1042' is clickable

2021-12-17 17:35:06 - [TEST_STEP][PASSED] - click(findTestObject("Modulo Tarea Actos Administrativos/Elaboracion Acto Cambio de Empleado/a__form_actoIngresoj_idt10127j_idt1042")): Object: 'Object Repository/Modulo Tarea Actos Administrativos/Elaboracion Acto Cambio de Empleado/a__form_actoIngresoj_idt10127j_idt1042' is clicked on

2021-12-17 17:35:07 - [MESSAGE][PASSED] - Object: 'Object Repository/Modulo Tarea Actos Administrativos/Elaboracion Acto Cambio de Empleado/a__form_actoIngresoj_idt10127j_idt1042' is clicked on

2021-12-17 17:35:07 - [TEST_STEP][PASSED] - setText(findTestObject("Modulo Tarea Actos Administrativos/Elaboracion Acto Cambio de Empleado/input_Unidad_form_actoIngresoj_idt1334"), "1"): Text '1' is set on object 'Object Repository/Modulo Tarea Actos Administrativos/Elaboracion Acto Cambio de Empleado/input_Unidad_form_actoIngresoj_idt1334'

2021-12-17 17:35:08 - [MESSAGE][PASSED] - Text '1' is set on object 'Object Repository/Modulo Tarea Actos Administrativos/Elaboracion Acto Cambio de Empleado/input_Unidad_form_actoIngresoj_idt1334'

2021-12-17 17:35:08 - [TEST_STEP][PASSED] - sendKeys(findTestObject("Modulo Tarea Actos Administrativos/Elaboracion Acto Cambio de Empleado/input_Unidad_form_actoIngresoj_idt1334"), Keys.chord(ENTER)): Keys 'ENTER + ' sent to object: 'Object Repository/Modulo Tarea Actos Administrativos/Elaboracion Acto Cambio de Empleado/input_Unidad_form_actoIngresoj_idt1334'

2021-12-17 17:35:08 - [MESSAGE][PASSED] - Keys 'ENTER + ' sent to object: 'Object Repository/Modulo Tarea Actos Administrativos/Elaboracion Acto Cambio de Empleado/input_Unidad_form_actoIngresoj_idt1334'

2021-12-17 17:35:08 - [TEST_STEP][PASSED] - waitForElementClickable(findTestObject("Modulo Tarea Actos Administrativos/Elaboracion Acto Cambio de Empleado/span_ADMINISTRACION"), G_TimeOut): Object 'Object Repository/Modulo Tarea Actos Administrativos/Elaboracion Acto Cambio de Empleado/span_ADMINISTRACION' is clickable

2021-12-17 17:35:09 - [MESSAGE][PASSED] - Object 'Object Repository/Modulo Tarea Actos Administrativos/Elaboracion Acto Cambio de Empleado/span_ADMINISTRACION' is clickable

2021-12-17 17:35:09 - [TEST_STEP][PASSED] - click(findTestObject("Modulo Tarea Actos Administrativos/Elaboracion Acto Cambio de Empleado/span_ADMINISTRACION")): Object: 'Object Repository/Modulo Tarea Actos Administrativos/Elaboracion Acto Cambio de Empleado/span_ADMINISTRACION' is clicked on

2021-12-17 17:35:10 - [MESSAGE][PASSED] - Object: 'Object Repository/Modulo Tarea Actos Administrativos/Elaboracion Acto Cambio de Empleado/span_ADMINISTRACION' is clicked on

2021-12-17 17:35:10 - [TEST_STEP][PASSED] - waitForElementClickable(findTestObject("Modulo Tarea Actos Administrativos/Elaboracion Acto Cambio de Empleado/a__form_actoIngresoj_idt10128j_idt1042"), G_TimeOut): Object 'Object Repository/Modulo Tarea Actos Administrativos/Elaboracion Acto Cambio de Empleado/a__form_actoIngresoj_idt10128j_idt1042' is clickable

2021-12-17 17:35:11 - [MESSAGE][PASSED] - Object 'Object Repository/Modulo Tarea Actos Administrativos/Elaboracion Acto Cambio de Empleado/a__form_actoIngresoj_idt10128j_idt1042' is clickable

2021-12-17 17:35:11 - [TEST_STEP][PASSED] - click(findTestObject("Modulo Tarea Actos Administrativos/Elaboracion Acto Cambio de Empleado/a__form_actoIngresoj_idt10128j_idt1042")): Object: 'Object Repository/Modulo Tarea Actos Administrativos/Elaboracion Acto Cambio de Empleado/a__form_actoIngresoj_idt10128j_idt1042' is clicked on

2021-12-17 17:35:11 - [MESSAGE][PASSED] - Object: 'Object Repository/Modulo Tarea Actos Administrativos/Elaboracion Acto Cambio de Empleado/a__form_actoIngresoj_idt10128j_idt1042' is clicked on

2021-12-17 17:35:11 - [TEST_STEP][PASSED] - waitForElementClickable(findTestObject("Modulo Tarea Actos Administrativos/Elaboracion Acto Cambio de Empleado/span_ABOGADO"), 0): Object 'Object Repository/Modulo Tarea Actos Administrativos/Elaboracion Acto Cambio de Empleado/span_ABOGADO' is clickable

2021-12-17 17:35:11 - [MESSAGE][WARNING] - Timeout '0' is invalid. Using default page load timeout: '30'

2021-12-17 17:35:12 - [MESSAGE][PASSED] - Object 'Object Repository/Modulo Tarea Actos Administrativos/Elaboracion Acto Cambio de Empleado/span_ABOGADO' is clickable

2021-12-17 17:35:12 - [TEST_STEP][PASSED] - click(findTestObject("Modulo Tarea Actos Administrativos/Elaboracion Acto Cambio de Empleado/span_ABOGADO")): Object: 'Object Repository/Modulo Tarea Actos Administrativos/Elaboracion Acto Cambio de Empleado/span_ABOGADO' is clicked on

2021-12-17 17:35:12 - [MESSAGE][PASSED] - Object: 'Object Repository/Modulo Tarea Actos Administrativos/Elaboracion Acto Cambio de Empleado/span_ABOGADO' is clicked on

2021-12-17 17:35:12 - [TEST_STEP][PASSED] - setText(findTestObject("Modulo Tarea Actos Administrativos/Elaboracion Acto Cambio de Empleado/input_VALOR4_form_actoIngresoj_idt10129j_idt1028"), "3"): Text '3' is set on object 'Object Repository/Modulo Tarea Actos Administrativos/Elaboracion Acto Cambio de Empleado/input_VALOR4_form_actoIngresoj_idt10129j_idt1028'

2021-12-17 17:35:14 - [MESSAGE][PASSED] - Text '3' is set on object 'Object Repository/Modulo Tarea Actos Administrativos/Elaboracion Acto Cambio de Empleado/input_VALOR4_form_actoIngresoj_idt10129j_idt1028'

2021-12-17 17:35:14 - [TEST_STEP][PASSED] - waitForElementClickable(findTestObject("Modulo Tarea Actos Administrativos/Elaboracion Acto Cambio de Empleado/span_ENTIDAD DE SALUD"), G_TimeOut): Object 'Object Repository/Modulo Tarea Actos Administrativos/Elaboracion Acto Cambio de Empleado/span_ENTIDAD DE SALUD' is clickable

2021-12-17 17:35:14 - [MESSAGE][PASSED] - Object 'Object Repository/Modulo Tarea Actos Administrativos/Elaboracion Acto Cambio de Empleado/span_ENTIDAD DE SALUD' is clickable

2021-12-17 17:35:14 - [TEST_STEP][PASSED] - click(findTestObject("Modulo Tarea Actos Administrativos/Elaboracion Acto Cambio de Empleado/span_ENTIDAD DE SALUD")): Object: 'Object Repository/Modulo Tarea Actos Administrativos/Elaboracion Acto Cambio de Empleado/span_ENTIDAD DE SALUD' is clicked on

2021-12-17 17:35:14 - [MESSAGE][PASSED] - Object: 'Object Repository/Modulo Tarea Actos Administrativos/Elaboracion Acto Cambio de Empleado/span_ENTIDAD DE SALUD' is clicked on

2021-12-17 17:35:14 - [TEST_STEP][PASSED] - waitForElementClickable(findTestObject("Modulo Tarea Actos Administrativos/Elaboracion Acto Cambio de Empleado/span_Eps - Aliansalud Eps"), G_TimeOut): Object 'Object Repository/Modulo Tarea Actos Administrativos/Elaboracion Acto Cambio de Empleado/span_Eps - Aliansalud Eps' is clickable

2021-12-17 17:35:16 - [MESSAGE][PASSED] - Object 'Object Repository/Modulo Tarea Actos Administrativos/Elaboracion Acto Cambio de Empleado/span_Eps - Aliansalud Eps' is clickable

2021-12-17 17:35:16 - [TEST_STEP][PASSED] - click(findTestObject("Modulo Tarea Actos Administrativos/Elaboracion Acto Cambio de Empleado/span_Eps - Aliansalud Eps")): Object: 'Object Repository/Modulo Tarea Actos Administrativos/Elaboracion Acto Cambio de Empleado/span_Eps - Aliansalud Eps' is clicked on

2021-12-17 17:35:16 - [MESSAGE][PASSED] - Object: 'Object Repository/Modulo Tarea Actos Administrativos/Elaboracion Acto Cambio de Empleado/span_Eps - Aliansalud Eps' is clicked on

2021-12-17 17:35:16 - [TEST_STEP][PASSED] - waitForElementClickable(findTestObject("Modulo Tarea Actos Administrativos/Elaboracion Acto Cambio de Empleado/span_FONDO DE PENSIONES"), G_TimeOut): Object 'Object Repository/Modulo Tarea Actos Administrativos/Elaboracion Acto Cambio de Empleado/span_FONDO DE PENSIONES' is clickable

2021-12-17 17:35:17 - [MESSAGE][PASSED] - Object 'Object Repository/Modulo Tarea Actos Administrativos/Elaboracion Acto Cambio de Empleado/span_FONDO DE PENSIONES' is clickable

2021-12-17 17:35:17 - [TEST_STEP][PASSED] - click(findTestObject("Modulo Tarea Actos Administrativos/Elaboracion Acto Cambio de Empleado/span_FONDO DE PENSIONES")): Object: 'Object Repository/Modulo Tarea Actos Administrativos/Elaboracion Acto Cambio de Empleado/span_FONDO DE PENSIONES' is clicked on

2021-12-17 17:35:18 - [MESSAGE][PASSED] - Object: 'Object Repository/Modulo Tarea Actos Administrativos/Elaboracion Acto Cambio de Empleado/span_FONDO DE PENSIONES' is clicked on

2021-12-17 17:35:18 - [TEST_STEP][PASSED] - waitForElementClickable(findTestObject("Modulo Tarea Actos Administrativos/Elaboracion Acto Cambio de Empleado/span_Afp - Colfondos"), G_TimeOut): Object 'Object Repository/Modulo Tarea Actos Administrativos/Elaboracion Acto Cambio de Empleado/span_Afp - Colfondos' is clickable

2021-12-17 17:35:18 - [MESSAGE][PASSED] - Object 'Object Repository/Modulo Tarea Actos Administrativos/Elaboracion Acto Cambio de Empleado/span_Afp - Colfondos' is clickable

2021-12-17 17:35:18 - [TEST_STEP][PASSED] - click(findTestObject("Modulo Tarea Actos Administrativos/Elaboracion Acto Cambio de Empleado/span_Afp - Colfondos")): Object: 'Object Repository/Modulo Tarea Actos Administrativos/Elaboracion Acto Cambio de Empleado/span_Afp - Colfondos' is clicked on

2021-12-17 17:35:19 - [MESSAGE][PASSED] - Object: 'Object Repository/Modulo Tarea Actos Administrativos/Elaboracion Acto Cambio de Empleado/span_Afp - Colfondos' is clicked on

2021-12-17 17:35:19 - [TEST_STEP][PASSED] - waitForElementClickable(findTestObject("Modulo Tarea Actos Administrativos/Elaboracion Acto Cambio de Empleado/span_ASEG RIESGOS PROFESIONALES"), G_TimeOut): Object 'Object Repository/Modulo Tarea Actos Administrativos/Elaboracion Acto Cambio de Empleado/span_ASEG RIESGOS PROFESIONALES' is clickable

2021-12-17 17:35:20 - [MESSAGE][PASSED] - Object 'Object Repository/Modulo Tarea Actos Administrativos/Elaboracion Acto Cambio de Empleado/span_ASEG RIESGOS PROFESIONALES' is clickable

2021-12-17 17:35:20 - [TEST_STEP][PASSED] - click(findTestObject("Modulo Tarea Actos Administrativos/Elaboracion Acto Cambio de Empleado/span_ASEG RIESGOS PROFESIONALES")): Object: 'Object Repository/Modulo Tarea Actos Administrativos/Elaboracion Acto Cambio de Empleado/span_ASEG RIESGOS PROFESIONALES' is clicked on

2021-12-17 17:35:20 - [MESSAGE][PASSED] - Object: 'Object Repository/Modulo Tarea Actos Administrativos/Elaboracion Acto Cambio de Empleado/span_ASEG RIESGOS PROFESIONALES' is clicked on

2021-12-17 17:35:20 - [TEST_STEP][PASSED] - waitForElementClickable(findTestObject("Modulo Tarea Actos Administrativos/Elaboracion Acto Cambio de Empleado/span_Arl - Seguros Bolivar"), G_TimeOut): Object 'Object Repository/Modulo Tarea Actos Administrativos/Elaboracion Acto Cambio de Empleado/span_Arl - Seguros Bolivar' is clickable

2021-12-17 17:35:21 - [MESSAGE][PASSED] - Object 'Object Repository/Modulo Tarea Actos Administrativos/Elaboracion Acto Cambio de Empleado/span_Arl - Seguros Bolivar' is clickable

2021-12-17 17:35:21 - [TEST_STEP][PASSED] - click(findTestObject("Modulo Tarea Actos Administrativos/Elaboracion Acto Cambio de Empleado/span_Arl - Seguros Bolivar")): Object: 'Object Repository/Modulo Tarea Actos Administrativos/Elaboracion Acto Cambio de Empleado/span_Arl - Seguros Bolivar' is clicked on

2021-12-17 17:35:21 - [MESSAGE][PASSED] - Object: 'Object Repository/Modulo Tarea Actos Administrativos/Elaboracion Acto Cambio de Empleado/span_Arl - Seguros Bolivar' is clicked on

2021-12-17 17:35:21 - [TEST_STEP][PASSED] - waitForElementClickable(findTestObject("Modulo Tarea Actos Administrativos/Elaboracion Acto Cambio de Empleado/span_FONDO DE CESANTIAS"), G_TimeOut): Object 'Object Repository/Modulo Tarea Actos Administrativos/Elaboracion Acto Cambio de Empleado/span_FONDO DE CESANTIAS' is clickable

2021-12-17 17:35:22 - [MESSAGE][PASSED] - Object 'Object Repository/Modulo Tarea Actos Administrativos/Elaboracion Acto Cambio de Empleado/span_FONDO DE CESANTIAS' is clickable

2021-12-17 17:35:22 - [TEST_STEP][PASSED] - click(findTestObject("Modulo Tarea Actos Administrativos/Elaboracion Acto Cambio de Empleado/span_FONDO DE CESANTIAS")): Object: 'Object Repository/Modulo Tarea Actos Administrativos/Elaboracion Acto Cambio de Empleado/span_FONDO DE CESANTIAS' is clicked on

2021-12-17 17:35:23 - [MESSAGE][PASSED] - Object: 'Object Repository/Modulo Tarea Actos Administrativos/Elaboracion Acto Cambio de Empleado/span_FONDO DE CESANTIAS' is clicked on

2021-12-17 17:35:23 - [TEST_STEP][PASSED] - waitForElementClickable(findTestObject("Modulo Tarea Actos Administrativos/Elaboracion Acto Cambio de Empleado/span_Fc - Colfondos"), G_TimeOut): Object 'Object Repository/Modulo Tarea Actos Administrativos/Elaboracion Acto Cambio de Empleado/span_Fc - Colfondos' is clickable

2021-12-17 17:35:24 - [MESSAGE][PASSED] - Object 'Object Repository/Modulo Tarea Actos Administrativos/Elaboracion Acto Cambio de Empleado/span_Fc - Colfondos' is clickable

2021-12-17 17:35:24 - [TEST_STEP][PASSED] - click(findTestObject("Modulo Tarea Actos Administrativos/Elaboracion Acto Cambio de Empleado/span_Fc - Colfondos")): Object: 'Object Repository/Modulo Tarea Actos Administrativos/Elaboracion Acto Cambio de Empleado/span_Fc - Colfondos' is clicked on

2021-12-17 17:35:24 - [MESSAGE][PASSED] - Object: 'Object Repository/Modulo Tarea Actos Administrativos/Elaboracion Acto Cambio de Empleado/span_Fc - Colfondos' is clicked on

2021-12-17 17:35:24 - [TEST_STEP][PASSED] - click(findTestObject("Modulo Tarea Actos Administrativos/Elaboracion Acto Cambio de Empleado/span_PAGO DE NOMINA")): Object: 'Object Repository/Modulo Tarea Actos Administrativos/Elaboracion Acto Cambio de Empleado/span_PAGO DE NOMINA' is clicked on

2021-12-17 17:35:25 - [MESSAGE][PASSED] - Object: 'Object Repository/Modulo Tarea Actos Administrativos/Elaboracion Acto Cambio de Empleado/span_PAGO DE NOMINA' is clicked on

2021-12-17 17:35:25 - [TEST_STEP][PASSED] - click(findTestObject("Modulo Tarea Actos Administrativos/Elaboracion Acto Cambio de Empleado/a_Sucursal_entidadempleado_formtabj_idt1219")): Object: 'Object Repository/Modulo Tarea Actos Administrativos/Elaboracion Acto Cambio de Empleado/a_Sucursal_entidadempleado_formtabj_idt1219' is clicked on

2021-12-17 17:35:26 - [MESSAGE][PASSED] - Object: 'Object Repository/Modulo Tarea Actos Administrativos/Elaboracion Acto Cambio de Empleado/a_Sucursal_entidadempleado_formtabj_idt1219' is clicked on

2021-12-17 17:35:26 - [TEST_STEP][PASSED] - click(findTestObject("Modulo Tarea Actos Administrativos/Elaboracion Acto Cambio de Empleado/span_Ccf - Cafam")): Object: 'Object Repository/Modulo Tarea Actos Administrativos/Elaboracion Acto Cambio de Empleado/span_Ccf - Cafam' is clicked on

2021-12-17 17:35:27 - [MESSAGE][PASSED] - Object: 'Object Repository/Modulo Tarea Actos Administrativos/Elaboracion Acto Cambio de Empleado/span_Ccf - Cafam' is clicked on

2021-12-17 17:35:27 - [TEST_STEP][PASSED] - selectOptionByIndex(findTestObject("Modulo Tarea Actos Administrativos/Elaboracion Acto Cambio de Empleado/select_--Seleccione--003 Familia Popayan"), 2): All options with index in [2] are selected on object 'Object Repository/Modulo Tarea Actos Administrativos/Elaboracion Acto Cambio de Empleado/select_--Seleccione--003 Familia Popayan'

2021-12-17 17:35:29 - [MESSAGE][PASSED] - All options with index in [2] are selected on object 'Object Repository/Modulo Tarea Actos Administrativos/Elaboracion Acto Cambio de Empleado/select_--Seleccione--003 Familia Popayan'

2021-12-17 17:35:29 - [TEST_STEP][PASSED] - setText(findTestObject("Modulo Tarea Actos Administrativos/Elaboracion Acto Cambio de Empleado/input_Cuenta_entidadempleado_formtabtablaCampos0referencia"), "12345678910"): Text '12345678910' is set on object 'Object Repository/Modulo Tarea Actos Administrativos/Elaboracion Acto Cambio de Empleado/input_Cuenta_entidadempleado_formtabtablaCampos0referencia'

2021-12-17 17:35:29 - [MESSAGE][PASSED] - Text '12345678910' is set on object 'Object Repository/Modulo Tarea Actos Administrativos/Elaboracion Acto Cambio de Empleado/input_Cuenta_entidadempleado_formtabtablaCampos0referencia'

2021-12-17 17:35:29 - [TEST_STEP][PASSED] - setText(findTestObject("Modulo Tarea Actos Administrativos/Elaboracion Acto Cambio de Empleado/input_Bco Destino_entidadempleado_formtabtablaCampos1valor"), "5"): Text '5' is set on object 'Object Repository/Modulo Tarea Actos Administrativos/Elaboracion Acto Cambio de Empleado/input_Bco Destino_entidadempleado_formtabtablaCampos1valor'

2021-12-17 17:35:30 - [MESSAGE][PASSED] - Text '5' is set on object 'Object Repository/Modulo Tarea Actos Administrativos/Elaboracion Acto Cambio de Empleado/input_Bco Destino_entidadempleado_formtabtablaCampos1valor'

2021-12-17 17:35:30 - [TEST_STEP][PASSED] - setText(findTestObject("Modulo Tarea Actos Administrativos/Elaboracion Acto Cambio de Empleado/input_Tipo de cuenta_entidadempleado_formtabtablaCampos2sucReferencia"), "corriente"): Text 'corriente' is set on object 'Object Repository/Modulo Tarea Actos Administrativos/Elaboracion Acto Cambio de Empleado/input_Tipo de cuenta_entidadempleado_formtabtablaCampos2sucReferencia'

2021-12-17 17:35:31 - [MESSAGE][PASSED] - Text 'corriente' is set on object 'Object Repository/Modulo Tarea Actos Administrativos/Elaboracion Acto Cambio de Empleado/input_Tipo de cuenta_entidadempleado_formtabtablaCampos2sucReferencia'

2021-12-17 17:35:31 - [TEST_STEP][PASSED] - setText(findTestObject("Modulo Tarea Actos Administrativos/Elaboracion Acto Cambio de Empleado/input_Tipo Cuenta 1ahorro 2 corr_entidadempleado_formtabtablaCampos4tipo"), "1"): Text '1' is set on object 'Object Repository/Modulo Tarea Actos Administrativos/Elaboracion Acto Cambio de Empleado/input_Tipo Cuenta 1ahorro 2 corr_entidadempleado_formtabtablaCampos4tipo'

2021-12-17 17:35:32 - [MESSAGE][PASSED] - Text '1' is set on object 'Object Repository/Modulo Tarea Actos Administrativos/Elaboracion Acto Cambio de Empleado/input_Tipo Cuenta 1ahorro 2 corr_entidadempleado_formtabtablaCampos4tipo'

2021-12-17 17:35:32 - [TEST_STEP][PASSED] - click(findTestObject("Modulo Tarea Actos Administrativos/Elaboracion Acto Cambio de Empleado/a_Aplicar2")): Object: 'Object Repository/Modulo Tarea Actos Administrativos/Elaboracion Acto Cambio de Empleado/a_Aplicar2' is clicked on

2021-12-17 17:35:32 - [MESSAGE][PASSED] - Object: 'Object Repository/Modulo Tarea Actos Administrativos/Elaboracion Acto Cambio de Empleado/a_Aplicar2' is clicked on

2021-12-17 17:35:32 - [TEST_STEP][PASSED] - waitForElementClickable(findTestObject("Modulo Tarea Actos Administrativos/Elaboracion Acto Cambio de Empleado/span_CAJA DE COMPENSACION"), G_TimeOut): Object 'Object Repository/Modulo Tarea Actos Administrativos/Elaboracion Acto Cambio de Empleado/span_CAJA DE COMPENSACION' is clickable

2021-12-17 17:35:33 - [MESSAGE][PASSED] - Object 'Object Repository/Modulo Tarea Actos Administrativos/Elaboracion Acto Cambio de Empleado/span_CAJA DE COMPENSACION' is clickable

2021-12-17 17:35:33 - [TEST_STEP][PASSED] - click(findTestObject("Modulo Tarea Actos Administrativos/Elaboracion Acto Cambio de Empleado/span_CAJA DE COMPENSACION")): Object: 'Object Repository/Modulo Tarea Actos Administrativos/Elaboracion Acto Cambio de Empleado/span_CAJA DE COMPENSACION' is clicked on

2021-12-17 17:35:33 - [MESSAGE][PASSED] - Object: 'Object Repository/Modulo Tarea Actos Administrativos/Elaboracion Acto Cambio de Empleado/span_CAJA DE COMPENSACION' is clicked on

2021-12-17 17:35:33 - [TEST_STEP][PASSED] - waitForElementClickable(findTestObject("Modulo Tarea Actos Administrativos/Elaboracion Acto Cambio de Empleado/span_Ccf - Compensar"), G_TimeOut): Object 'Object Repository/Modulo Tarea Actos Administrativos/Elaboracion Acto Cambio de Empleado/span_Ccf - Compensar' is clickable

2021-12-17 17:35:35 - [MESSAGE][PASSED] - Object 'Object Repository/Modulo Tarea Actos Administrativos/Elaboracion Acto Cambio de Empleado/span_Ccf - Compensar' is clickable

2021-12-17 17:35:35 - [TEST_STEP][PASSED] - click(findTestObject("Modulo Tarea Actos Administrativos/Elaboracion Acto Cambio de Empleado/span_Ccf - Compensar")): Object: 'Object Repository/Modulo Tarea Actos Administrativos/Elaboracion Acto Cambio de Empleado/span_Ccf - Compensar' is clicked on

2021-12-17 17:35:35 - [MESSAGE][PASSED] - Object: 'Object Repository/Modulo Tarea Actos Administrativos/Elaboracion Acto Cambio de Empleado/span_Ccf - Compensar' is clicked on

2021-12-17 17:35:35 - [TEST_STEP][PASSED] - waitForElementClickable(findTestObject("Modulo Tarea Actos Administrativos/Elaboracion Acto Cambio de Empleado/a_Continuar"), G_TimeOut): Object 'Object Repository/Modulo Tarea Actos Administrativos/Elaboracion Acto Cambio de Empleado/a_Continuar' is clickable

2021-12-17 17:35:36 - [MESSAGE][PASSED] - Object 'Object Repository/Modulo Tarea Actos Administrativos/Elaboracion Acto Cambio de Empleado/a_Continuar' is clickable

2021-12-17 17:35:36 - [TEST_STEP][PASSED] - click(findTestObject("Modulo Tarea Actos Administrativos/Elaboracion Acto Cambio de Empleado/a_Continuar")): Object: 'Object Repository/Modulo Tarea Actos Administrativos/Elaboracion Acto Cambio de Empleado/a_Continuar' is clicked on

2021-12-17 17:35:36 - [MESSAGE][PASSED] - Object: 'Object Repository/Modulo Tarea Actos Administrativos/Elaboracion Acto Cambio de Empleado/a_Continuar' is clicked on

2021-12-17 17:35:36 - [TEST_STEP][PASSED] - waitForElementClickable(findTestObject("Modulo Tarea Actos Administrativos/Elaboracion Acto Cambio de Empleado/td_10247"), G_TimeOut): Object 'Object Repository/Modulo Tarea Actos Administrativos/Elaboracion Acto Cambio de Empleado/td_10247' is clickable

2021-12-17 17:35:38 - [MESSAGE][PASSED] - Object 'Object Repository/Modulo Tarea Actos Administrativos/Elaboracion Acto Cambio de Empleado/td_10247' is clickable

2021-12-17 17:35:38 - [TEST_STEP][PASSED] - click(findTestObject("Modulo Tarea Actos Administrativos/Elaboracion Acto Cambio de Empleado/td_10247")): Object: 'Object Repository/Modulo Tarea Actos Administrativos/Elaboracion Acto Cambio de Empleado/td_10247' is clicked on

2021-12-17 17:35:39 - [MESSAGE][PASSED] - Object: 'Object Repository/Modulo Tarea Actos Administrativos/Elaboracion Acto Cambio de Empleado/td_10247' is clicked on

2021-12-17 17:35:39 - [TEST_STEP][PASSED] - waitForElementClickable(findTestObject("Modulo Tarea Actos Administrativos/Elaboracion Acto Cambio de Empleado/a_Actualizar"), G_TimeOut): Object 'Object Repository/Modulo Tarea Actos Administrativos/Elaboracion Acto Cambio de Empleado/a_Actualizar' is clickable

2021-12-17 17:35:40 - [MESSAGE][PASSED] - Object 'Object Repository/Modulo Tarea Actos Administrativos/Elaboracion Acto Cambio de Empleado/a_Actualizar' is clickable

2021-12-17 17:35:40 - [TEST_STEP][PASSED] - click(findTestObject("Modulo Tarea Actos Administrativos/Elaboracion Acto Cambio de Empleado/a_Actualizar")): Object: 'Object Repository/Modulo Tarea Actos Administrativos/Elaboracion Acto Cambio de Empleado/a_Actualizar' is clicked on

2021-12-17 17:35:40 - [MESSAGE][PASSED] - Object: 'Object Repository/Modulo Tarea Actos Administrativos/Elaboracion Acto Cambio de Empleado/a_Actualizar' is clicked on

2021-12-17 17:35:40 - [TEST_STEP][PASSED] - selectOptionByValue(findTestObject("Modulo Tarea Actos Administrativos/Elaboracion Acto Cambio de Empleado/select_--- Seleccione Tipo de"), "2", true): All options with value '2' are selected in object 'Object Repository/Modulo Tarea Actos Administrativos/Elaboracion Acto Cambio de Empleado/select_--- Seleccione Tipo de'  using regular expression

2021-12-17 17:35:42 - [MESSAGE][PASSED] - All options with value '2' are selected in object 'Object Repository/Modulo Tarea Actos Administrativos/Elaboracion Acto Cambio de Empleado/select_--- Seleccione Tipo de'  using regular expression

2021-12-17 17:35:42 - [TEST_STEP][PASSED] - waitForElementClickable(findTestObject("Modulo Tarea Actos Administrativos/Elaboracion Acto Cambio de Empleado/a_Zona Econmica_form_actoIngresoj_idt11656j_idt1204"), G_TimeOut): Object 'Object Repository/Modulo Tarea Actos Administrativos/Elaboracion Acto Cambio de Empleado/a_Zona Econmica_form_actoIngresoj_idt11656j_idt1204' is clickable

2021-12-17 17:35:42 - [MESSAGE][PASSED] - Object 'Object Repository/Modulo Tarea Actos Administrativos/Elaboracion Acto Cambio de Empleado/a_Zona Econmica_form_actoIngresoj_idt11656j_idt1204' is clickable

2021-12-17 17:35:42 - [TEST_STEP][PASSED] - click(findTestObject("Modulo Tarea Actos Administrativos/Elaboracion Acto Cambio de Empleado/a_Zona Econmica_form_actoIngresoj_idt11656j_idt1204")): Object: 'Object Repository/Modulo Tarea Actos Administrativos/Elaboracion Acto Cambio de Empleado/a_Zona Econmica_form_actoIngresoj_idt11656j_idt1204' is clicked on

2021-12-17 17:35:42 - [MESSAGE][PASSED] - Object: 'Object Repository/Modulo Tarea Actos Administrativos/Elaboracion Acto Cambio de Empleado/a_Zona Econmica_form_actoIngresoj_idt11656j_idt1204' is clicked on

2021-12-17 17:35:42 - [TEST_STEP][PASSED] - waitForElementClickable(findTestObject("Modulo Tarea Actos Administrativos/Elaboracion Acto Cambio de Empleado/span_B1"), G_TimeOut): Object 'Object Repository/Modulo Tarea Actos Administrativos/Elaboracion Acto Cambio de Empleado/span_B1' is clickable

2021-12-17 17:35:43 - [MESSAGE][PASSED] - Object 'Object Repository/Modulo Tarea Actos Administrativos/Elaboracion Acto Cambio de Empleado/span_B1' is clickable

2021-12-17 17:35:43 - [TEST_STEP][PASSED] - click(findTestObject("Modulo Tarea Actos Administrativos/Elaboracion Acto Cambio de Empleado/span_B1")): Object: 'Object Repository/Modulo Tarea Actos Administrativos/Elaboracion Acto Cambio de Empleado/span_B1' is clicked on

2021-12-17 17:35:44 - [MESSAGE][PASSED] - Object: 'Object Repository/Modulo Tarea Actos Administrativos/Elaboracion Acto Cambio de Empleado/span_B1' is clicked on

2021-12-17 17:35:44 - [TEST_STEP][PASSED] - waitForElementClickable(findTestObject("Modulo Tarea Actos Administrativos/Elaboracion Acto Cambio de Empleado/a_Continuar (1)"), G_TimeOut): Object 'Object Repository/Modulo Tarea Actos Administrativos/Elaboracion Acto Cambio de Empleado/a_Continuar (1)' is clickable

2021-12-17 17:35:45 - [MESSAGE][PASSED] - Object 'Object Repository/Modulo Tarea Actos Administrativos/Elaboracion Acto Cambio de Empleado/a_Continuar (1)' is clickable

2021-12-17 17:35:45 - [TEST_STEP][PASSED] - click(findTestObject("Modulo Tarea Actos Administrativos/Elaboracion Acto Cambio de Empleado/a_Continuar (1)")): Object: 'Object Repository/Modulo Tarea Actos Administrativos/Elaboracion Acto Cambio de Empleado/a_Continuar (1)' is clicked on

2021-12-17 17:35:45 - [MESSAGE][PASSED] - Object: 'Object Repository/Modulo Tarea Actos Administrativos/Elaboracion Acto Cambio de Empleado/a_Continuar (1)' is clicked on

2021-12-17 17:35:45 - [TEST_STEP][PASSED] - waitForElementClickable(findTestObject("Modulo Tarea Actos Administrativos/Elaboracion Acto Cambio de Empleado/a_Descargar pdf"), G_TimeOut): Object 'Object Repository/Modulo Tarea Actos Administrativos/Elaboracion Acto Cambio de Empleado/a_Descargar pdf' is clickable

2021-12-17 17:35:49 - [MESSAGE][PASSED] - Object 'Object Repository/Modulo Tarea Actos Administrativos/Elaboracion Acto Cambio de Empleado/a_Descargar pdf' is clickable

2021-12-17 17:35:49 - [TEST_STEP][PASSED] - waitForElementClickable(findTestObject("Modulo Tarea Actos Administrativos/Elaboracion Acto Cambio de Empleado/a_Aplicar"), G_TimeOut): Object 'Object Repository/Modulo Tarea Actos Administrativos/Elaboracion Acto Cambio de Empleado/a_Aplicar' is clickable

2021-12-17 17:35:50 - [MESSAGE][PASSED] - Object 'Object Repository/Modulo Tarea Actos Administrativos/Elaboracion Acto Cambio de Empleado/a_Aplicar' is clickable

2021-12-17 17:35:50 - [TEST_STEP][PASSED] - click(findTestObject("Modulo Tarea Actos Administrativos/Elaboracion Acto Cambio de Empleado/a_Aplicar")): Object: 'Object Repository/Modulo Tarea Actos Administrativos/Elaboracion Acto Cambio de Empleado/a_Aplicar' is clicked on

2021-12-17 17:35:50 - [MESSAGE][PASSED] - Object: 'Object Repository/Modulo Tarea Actos Administrativos/Elaboracion Acto Cambio de Empleado/a_Aplicar' is clicked on

2021-12-17 17:35:50 - [TEST_STEP][PASSED] - getText(findTestObject("Alerta/Alerta")): Text of object 'Object Repository/Alerta/Alerta' is: 'Puesto de trabajo ocupado (A1 10276)'

2021-12-17 17:35:52 - [MESSAGE][PASSED] - Text of object 'Object Repository/Alerta/Alerta' is: 'Puesto de trabajo ocupado (A1 10276)'

2021-12-17 17:35:52 - [TEST_STEP][PASSED] - closeBrowser(): Browser is closed

2021-12-17 17:35:53 - [MESSAGE][PASSED] - Browser is closed]]></system-out>
         <system-err><![CDATA[]]></system-err>
      </testcase>
      <testcase name="Test Cases/1.1-Tareas Principales/1.1.4-Crear Periodos Internos de cada Nomina" time="0.261" classname="Test Cases/1.1-Tareas Principales/1.1.4-Crear Periodos Internos de cada Nomina" status="PASSED">
         <system-out><![CDATA[2021-12-17 17:35:53 - [TEST_CASE][PASSED] - Test Cases/1.1-Tareas Principales/1.1.4-Crear Periodos Internos de cada Nomina: Test Cases/1.1-Tareas Principales/1.1.4-Crear Periodos Internos de cada Nomina

2021-12-17 17:35:53 - [TEST_STEP][PASSED] - return null: null]]></system-out>
         <system-err><![CDATA[]]></system-err>
      </testcase>
      <testcase name="Test Cases/1.1-Tareas Principales/1.1.5-Generacion Periodos Internos de cada Nomina" time="76.361" classname="Test Cases/1.1-Tareas Principales/1.1.5-Generacion Periodos Internos de cada Nomina" status="PASSED">
         <system-out><![CDATA[2021-12-17 17:35:53 - [TEST_CASE][PASSED] - Test Cases/1.1-Tareas Principales/1.1.5-Generacion Periodos Internos de cada Nomina: Test Cases/1.1-Tareas Principales/1.1.5-Generacion Periodos Internos de cada Nomina

2021-12-17 17:35:53 - [TEST_STEP][PASSED] - today = new java.util.Date(): null

2021-12-17 17:35:53 - [TEST_STEP][PASSED] - todaysDate = today.format("dd/MM/yyyy"): null

2021-12-17 17:35:53 - [TEST_STEP][PASSED] - projectName = "Regression Project " + todaysDate: null

2021-12-17 17:35:53 - [TEST_STEP][PASSED] - callTestCase(findTestCase("Hutilidades/Tareas Administracion Compensacion/Tarea Mantenimieto Periodo Nomina"), [:], STOP_ON_FAILURE): Call Test Case 'Test Cases/Hutilidades/Tareas Administracion Compensacion/Tarea Mantenimieto Periodo Nomina' successfully

2021-12-17 17:35:53 - [TEST_CASE][PASSED] - Test Cases/Hutilidades/Tareas Administracion Compensacion/Tarea Mantenimieto Periodo Nomina: Test Cases/Hutilidades/Tareas Administracion Compensacion/Tarea Mantenimieto Periodo Nomina

2021-12-17 17:35:54 - [TEST_STEP][PASSED] - callTestCase(findTestCase("0.1-Login"), [:], STOP_ON_FAILURE): Call Test Case 'Test Cases/0.1-Login' successfully

2021-12-17 17:35:54 - [TEST_CASE][PASSED] - Test Cases/0.1-Login: Test Cases/0.1-Login

2021-12-17 17:35:54 - [TEST_STEP][PASSED] - openBrowser(""): Browser is opened with url: ''

2021-12-17 17:35:54 - [MESSAGE][INFO] - Starting 'Chrome' driver

2021-12-17 17:35:54 - [MESSAGE][INFO] - Action delay is set to 0 milliseconds

2021-12-17 17:35:55 - [MESSAGE][PASSED] - Browser is opened with url: ''

2021-12-17 17:35:55 - [TEST_STEP][PASSED] - maximizeWindow(): Current window maximized

2021-12-17 17:35:55 - [MESSAGE][PASSED] - Current window maximized

2021-12-17 17:35:55 - [TEST_STEP][PASSED] - i = G_Login: null

2021-12-17 17:35:55 - [TEST_STEP][PASSED] - url = new java.net.URL(i): null

2021-12-17 17:35:55 - [TEST_STEP][PASSED] - println("URL: " + url.toString()): null

2021-12-17 17:35:55 - [TEST_STEP][PASSED] - connection = url.openConnection(): null

2021-12-17 17:35:55 - [TEST_STEP][PASSED] - connection.setRequestMethod("GET"): null

2021-12-17 17:35:55 - [TEST_STEP][PASSED] - connection.setReadTimeout(2 * 1000): null

2021-12-17 17:35:55 - [TEST_STEP][PASSED] - try: null

2021-12-17 17:35:55 - [TEST_STEP][PASSED] - connection.connect(): null

2021-12-17 17:35:55 - [TEST_STEP][PASSED] - flag = connected: null

2021-12-17 17:35:55 - [TEST_STEP][PASSED] - println("Valor_ori: " + flag): null

2021-12-17 17:35:55 - [TEST_STEP][PASSED] - if (flag): null

2021-12-17 17:35:55 - [TEST_STEP][PASSED] - navigateToUrl(i): Navigate to 'http://192.168.2.29:7001/saraweb' successfully

2021-12-17 17:36:02 - [MESSAGE][PASSED] - Navigate to 'http://192.168.2.29:7001/saraweb' successfully

2021-12-17 17:36:02 - [TEST_STEP][PASSED] - a(): null

2021-12-17 17:36:02 - [TEST_STEP][PASSED] - setText(findTestObject("Login/input_USUARIO_loginusuario"), G_Usuario): Text 'weblogic' is set on object 'Object Repository/Login/input_USUARIO_loginusuario'

2021-12-17 17:36:03 - [MESSAGE][PASSED] - Text 'weblogic' is set on object 'Object Repository/Login/input_USUARIO_loginusuario'

2021-12-17 17:36:03 - [TEST_STEP][PASSED] - setEncryptedText(findTestObject("Login/input_CLAVE_loginpassword"), "MkG4/TYiCFC3cb2driP7+Q=="): Text ****** has been set on object 'Object Repository/Login/input_CLAVE_loginpassword'

2021-12-17 17:36:03 - [MESSAGE][PASSED] - Text ****** has been set on object 'Object Repository/Login/input_CLAVE_loginpassword'

2021-12-17 17:36:03 - [TEST_STEP][PASSED] - waitForElementClickable(findTestObject("Login/a_Ingresar"), G_TimeOut): Object 'Object Repository/Login/a_Ingresar' is clickable

2021-12-17 17:36:04 - [MESSAGE][PASSED] - Object 'Object Repository/Login/a_Ingresar' is clickable

2021-12-17 17:36:04 - [TEST_STEP][PASSED] - click(findTestObject("Login/a_Ingresar")): Object: 'Object Repository/Login/a_Ingresar' is clicked on

2021-12-17 17:36:15 - [MESSAGE][PASSED] - Object: 'Object Repository/Login/a_Ingresar' is clicked on

2021-12-17 17:36:15 - [TEST_STEP][PASSED] - element = findWebElement(findTestObject("Login/a_Ir"), 30): null

2021-12-17 17:36:16 - [TEST_STEP][PASSED] - executeJavaScript("arguments[0].click()", Arrays.asList(element)): Execute JavaScript 'arguments[0].click()' successfully

2021-12-17 17:36:16 - [MESSAGE][PASSED] - Execute JavaScript 'arguments[0].click()' successfully

2021-12-17 17:36:16 - [MESSAGE][PASSED] - Call Test Case 'Test Cases/0.1-Login' successfully

2021-12-17 17:36:16 - [TEST_STEP][PASSED] - waitForElementClickable(findTestObject("Modulo Tarea Administracion Compensacion/Tarea Mantenimieto Periodo Nomina/input_Actos Administrativos_form_templatej_idt24_input"), G_TimeOut): Object 'Object Repository/Modulo Tarea Administracion Compensacion/Tarea Mantenimieto Periodo Nomina/input_Actos Administrativos_form_templatej_idt24_input' is clickable

2021-12-17 17:36:27 - [MESSAGE][PASSED] - Object 'Object Repository/Modulo Tarea Administracion Compensacion/Tarea Mantenimieto Periodo Nomina/input_Actos Administrativos_form_templatej_idt24_input' is clickable

2021-12-17 17:36:27 - [TEST_STEP][PASSED] - setText(findTestObject("Modulo Tarea Administracion Compensacion/Tarea Mantenimieto Periodo Nomina/input_Actos Administrativos_form_templatej_idt24_input"), "Mantenimiento Periodo"): Text 'Mantenimiento Periodo' is set on object 'Object Repository/Modulo Tarea Administracion Compensacion/Tarea Mantenimieto Periodo Nomina/input_Actos Administrativos_form_templatej_idt24_input'

2021-12-17 17:36:27 - [MESSAGE][PASSED] - Text 'Mantenimiento Periodo' is set on object 'Object Repository/Modulo Tarea Administracion Compensacion/Tarea Mantenimieto Periodo Nomina/input_Actos Administrativos_form_templatej_idt24_input'

2021-12-17 17:36:27 - [TEST_STEP][PASSED] - delay(3): Delayed 3 second(s)

2021-12-17 17:36:30 - [MESSAGE][PASSED] - Delayed 3 second(s)

2021-12-17 17:36:30 - [TEST_STEP][PASSED] - sendKeys(findTestObject("Modulo Tarea Administracion Compensacion/Tarea Mantenimieto Periodo Nomina/input_Actos Administrativos_form_templatej_idt24_input"), Keys.chord(ENTER)): Keys 'ENTER + ' sent to object: 'Object Repository/Modulo Tarea Administracion Compensacion/Tarea Mantenimieto Periodo Nomina/input_Actos Administrativos_form_templatej_idt24_input'

2021-12-17 17:36:31 - [MESSAGE][PASSED] - Keys 'ENTER + ' sent to object: 'Object Repository/Modulo Tarea Administracion Compensacion/Tarea Mantenimieto Periodo Nomina/input_Actos Administrativos_form_templatej_idt24_input'

2021-12-17 17:36:31 - [MESSAGE][PASSED] - Call Test Case 'Test Cases/Hutilidades/Tareas Administracion Compensacion/Tarea Mantenimieto Periodo Nomina' successfully

2021-12-17 17:36:31 - [TEST_STEP][PASSED] - waitForElementClickable(findTestObject("Modulo Tarea Administracion Compensacion/Generacion Periodos Internos de Cada Nomina/span_NOMINA MENSUAL"), G_TimeOut): Object 'Object Repository/Modulo Tarea Administracion Compensacion/Generacion Periodos Internos de Cada Nomina/span_NOMINA MENSUAL' is clickable

2021-12-17 17:36:42 - [MESSAGE][PASSED] - Object 'Object Repository/Modulo Tarea Administracion Compensacion/Generacion Periodos Internos de Cada Nomina/span_NOMINA MENSUAL' is clickable

2021-12-17 17:36:42 - [TEST_STEP][PASSED] - click(findTestObject("Modulo Tarea Administracion Compensacion/Generacion Periodos Internos de Cada Nomina/span_NOMINA MENSUAL")): Object: 'Object Repository/Modulo Tarea Administracion Compensacion/Generacion Periodos Internos de Cada Nomina/span_NOMINA MENSUAL' is clicked on

2021-12-17 17:36:43 - [MESSAGE][PASSED] - Object: 'Object Repository/Modulo Tarea Administracion Compensacion/Generacion Periodos Internos de Cada Nomina/span_NOMINA MENSUAL' is clicked on

2021-12-17 17:36:43 - [TEST_STEP][PASSED] - if (waitForElementClickable(findTestObject("Modulo Tarea Administracion Compensacion/Generacion Periodos Internos de Cada Nomina/td_P. MensualAgosto2021"), 1)): null

2021-12-17 17:36:45 - [MESSAGE][PASSED] - Object 'Object Repository/Modulo Tarea Administracion Compensacion/Generacion Periodos Internos de Cada Nomina/td_P. MensualAgosto2021' is clickable

2021-12-17 17:36:45 - [TEST_STEP][PASSED] - click(findTestObject("Modulo Tarea Administracion Compensacion/Generacion Periodos Internos de Cada Nomina/td_P. MensualAgosto2021")): Object: 'Object Repository/Modulo Tarea Administracion Compensacion/Generacion Periodos Internos de Cada Nomina/td_P. MensualAgosto2021' is clicked on

2021-12-17 17:36:45 - [MESSAGE][PASSED] - Object: 'Object Repository/Modulo Tarea Administracion Compensacion/Generacion Periodos Internos de Cada Nomina/td_P. MensualAgosto2021' is clicked on

2021-12-17 17:36:45 - [TEST_STEP][PASSED] - waitForElementClickable(findTestObject("Modulo Tarea Administracion Compensacion/Generacion Periodos Internos de Cada Nomina/a_Eliminar_Periodo Agosto"), 0): Object 'Object Repository/Modulo Tarea Administracion Compensacion/Generacion Periodos Internos de Cada Nomina/a_Eliminar_Periodo Agosto' is clickable

2021-12-17 17:36:45 - [MESSAGE][WARNING] - Timeout '0' is invalid. Using default page load timeout: '30'

2021-12-17 17:36:46 - [MESSAGE][PASSED] - Object 'Object Repository/Modulo Tarea Administracion Compensacion/Generacion Periodos Internos de Cada Nomina/a_Eliminar_Periodo Agosto' is clickable

2021-12-17 17:36:46 - [TEST_STEP][PASSED] - click(findTestObject("Modulo Tarea Administracion Compensacion/Generacion Periodos Internos de Cada Nomina/a_Eliminar_Periodo Agosto")): Object: 'Object Repository/Modulo Tarea Administracion Compensacion/Generacion Periodos Internos de Cada Nomina/a_Eliminar_Periodo Agosto' is clicked on

2021-12-17 17:36:46 - [MESSAGE][PASSED] - Object: 'Object Repository/Modulo Tarea Administracion Compensacion/Generacion Periodos Internos de Cada Nomina/a_Eliminar_Periodo Agosto' is clicked on

2021-12-17 17:36:46 - [TEST_STEP][PASSED] - click(findTestObject("Modulo Tarea Administracion Compensacion/Generacion Periodos Internos de Cada Nomina/a_Aceptar_ELiminar_Agosto")): Object: 'Object Repository/Modulo Tarea Administracion Compensacion/Generacion Periodos Internos de Cada Nomina/a_Aceptar_ELiminar_Agosto' is clicked on

2021-12-17 17:36:58 - [MESSAGE][PASSED] - Object: 'Object Repository/Modulo Tarea Administracion Compensacion/Generacion Periodos Internos de Cada Nomina/a_Aceptar_ELiminar_Agosto' is clicked on

2021-12-17 17:36:58 - [TEST_STEP][PASSED] - waitForElementClickable(findTestObject("Modulo Tarea Administracion Compensacion/Generacion Periodos Internos de Cada Nomina/a_Generar Periodicidad"), G_TimeOut): Object 'Object Repository/Modulo Tarea Administracion Compensacion/Generacion Periodos Internos de Cada Nomina/a_Generar Periodicidad' is clickable

2021-12-17 17:36:59 - [MESSAGE][PASSED] - Object 'Object Repository/Modulo Tarea Administracion Compensacion/Generacion Periodos Internos de Cada Nomina/a_Generar Periodicidad' is clickable

2021-12-17 17:36:59 - [TEST_STEP][PASSED] - click(findTestObject("Modulo Tarea Administracion Compensacion/Generacion Periodos Internos de Cada Nomina/a_Generar Periodicidad")): Object: 'Object Repository/Modulo Tarea Administracion Compensacion/Generacion Periodos Internos de Cada Nomina/a_Generar Periodicidad' is clicked on

2021-12-17 17:36:59 - [MESSAGE][PASSED] - Object: 'Object Repository/Modulo Tarea Administracion Compensacion/Generacion Periodos Internos de Cada Nomina/a_Generar Periodicidad' is clicked on

2021-12-17 17:36:59 - [TEST_STEP][PASSED] - setText(findTestObject("Modulo Tarea Administracion Compensacion/Generacion Periodos Internos de Cada Nomina/input_Descripcin Periodo_formPoGePepoGePePeriodicidadDescripcion"), "P. Mensual"): Text 'P. Mensual' is set on object 'Object Repository/Modulo Tarea Administracion Compensacion/Generacion Periodos Internos de Cada Nomina/input_Descripcin Periodo_formPoGePepoGePePeriodicidadDescripcion'

2021-12-17 17:37:01 - [MESSAGE][PASSED] - Text 'P. Mensual' is set on object 'Object Repository/Modulo Tarea Administracion Compensacion/Generacion Periodos Internos de Cada Nomina/input_Descripcin Periodo_formPoGePepoGePePeriodicidadDescripcion'

2021-12-17 17:37:01 - [TEST_STEP][PASSED] - selectOptionByIndex(findTestObject("Modulo Tarea Administracion Compensacion/Generacion Periodos Internos de Cada Nomina/select_--Seleccione--CatorcenalMensualQuincenalSemanal"), "2"): All options with index in [2] are selected on object 'Object Repository/Modulo Tarea Administracion Compensacion/Generacion Periodos Internos de Cada Nomina/select_--Seleccione--CatorcenalMensualQuincenalSemanal'

2021-12-17 17:37:02 - [MESSAGE][PASSED] - All options with index in [2] are selected on object 'Object Repository/Modulo Tarea Administracion Compensacion/Generacion Periodos Internos de Cada Nomina/select_--Seleccione--CatorcenalMensualQuincenalSemanal'

2021-12-17 17:37:02 - [TEST_STEP][PASSED] - waitForElementClickable(findTestObject("Modulo Tarea Administracion Compensacion/Generacion Periodos Internos de Cada Nomina/input_Prefijo_formPoGePeprefijo"), G_TimeOut): Object 'Object Repository/Modulo Tarea Administracion Compensacion/Generacion Periodos Internos de Cada Nomina/input_Prefijo_formPoGePeprefijo' is clickable

2021-12-17 17:37:02 - [MESSAGE][PASSED] - Object 'Object Repository/Modulo Tarea Administracion Compensacion/Generacion Periodos Internos de Cada Nomina/input_Prefijo_formPoGePeprefijo' is clickable

2021-12-17 17:37:02 - [TEST_STEP][PASSED] - click(findTestObject("Modulo Tarea Administracion Compensacion/Generacion Periodos Internos de Cada Nomina/input_Prefijo_formPoGePeprefijo")): Object: 'Object Repository/Modulo Tarea Administracion Compensacion/Generacion Periodos Internos de Cada Nomina/input_Prefijo_formPoGePeprefijo' is clicked on

2021-12-17 17:37:03 - [MESSAGE][PASSED] - Object: 'Object Repository/Modulo Tarea Administracion Compensacion/Generacion Periodos Internos de Cada Nomina/input_Prefijo_formPoGePeprefijo' is clicked on

2021-12-17 17:37:03 - [TEST_STEP][PASSED] - setText(findTestObject("Modulo Tarea Administracion Compensacion/Generacion Periodos Internos de Cada Nomina/input_Prefijo_formPoGePeprefijo"), "PM"): Text 'PM' is set on object 'Object Repository/Modulo Tarea Administracion Compensacion/Generacion Periodos Internos de Cada Nomina/input_Prefijo_formPoGePeprefijo'

2021-12-17 17:37:04 - [MESSAGE][PASSED] - Text 'PM' is set on object 'Object Repository/Modulo Tarea Administracion Compensacion/Generacion Periodos Internos de Cada Nomina/input_Prefijo_formPoGePeprefijo'

2021-12-17 17:37:04 - [TEST_STEP][PASSED] - setText(findTestObject("Modulo Tarea Administracion Compensacion/Generacion Periodos Internos de Cada Nomina/input_Fecha Inicial_formPoGePepoGePeFechaInicial_input"), "1/08/2021"): Text '1/08/2021' is set on object 'Object Repository/Modulo Tarea Administracion Compensacion/Generacion Periodos Internos de Cada Nomina/input_Fecha Inicial_formPoGePepoGePeFechaInicial_input'

2021-12-17 17:37:04 - [MESSAGE][PASSED] - Text '1/08/2021' is set on object 'Object Repository/Modulo Tarea Administracion Compensacion/Generacion Periodos Internos de Cada Nomina/input_Fecha Inicial_formPoGePepoGePeFechaInicial_input'

2021-12-17 17:37:04 - [TEST_STEP][PASSED] - setText(findTestObject("Modulo Tarea Administracion Compensacion/Generacion Periodos Internos de Cada Nomina/input_Fecha Final_formPoGePepoGePeFechaFinal_input"), "31/08/2021"): Text '31/08/2021' is set on object 'Object Repository/Modulo Tarea Administracion Compensacion/Generacion Periodos Internos de Cada Nomina/input_Fecha Final_formPoGePepoGePeFechaFinal_input'

2021-12-17 17:37:05 - [MESSAGE][PASSED] - Text '31/08/2021' is set on object 'Object Repository/Modulo Tarea Administracion Compensacion/Generacion Periodos Internos de Cada Nomina/input_Fecha Final_formPoGePepoGePeFechaFinal_input'

2021-12-17 17:37:05 - [TEST_STEP][PASSED] - waitForElementClickable(findTestObject("Modulo Tarea Administracion Compensacion/Generacion Periodos Internos de Cada Nomina/a_Generar"), G_TimeOut): Object 'Object Repository/Modulo Tarea Administracion Compensacion/Generacion Periodos Internos de Cada Nomina/a_Generar' is clickable

2021-12-17 17:37:06 - [MESSAGE][PASSED] - Object 'Object Repository/Modulo Tarea Administracion Compensacion/Generacion Periodos Internos de Cada Nomina/a_Generar' is clickable

2021-12-17 17:37:06 - [TEST_STEP][PASSED] - click(findTestObject("Modulo Tarea Administracion Compensacion/Generacion Periodos Internos de Cada Nomina/a_Generar")): Object: 'Object Repository/Modulo Tarea Administracion Compensacion/Generacion Periodos Internos de Cada Nomina/a_Generar' is clicked on

2021-12-17 17:37:06 - [MESSAGE][PASSED] - Object: 'Object Repository/Modulo Tarea Administracion Compensacion/Generacion Periodos Internos de Cada Nomina/a_Generar' is clicked on

2021-12-17 17:37:06 - [TEST_STEP][PASSED] - waitForElementClickable(findTestObject("Modulo Tarea Administracion Compensacion/Generacion Periodos Internos de Cada Nomina/a_Guardar"), G_TimeOut): Object 'Object Repository/Modulo Tarea Administracion Compensacion/Generacion Periodos Internos de Cada Nomina/a_Guardar' is clickable

2021-12-17 17:37:07 - [MESSAGE][PASSED] - Object 'Object Repository/Modulo Tarea Administracion Compensacion/Generacion Periodos Internos de Cada Nomina/a_Guardar' is clickable

2021-12-17 17:37:07 - [TEST_STEP][PASSED] - click(findTestObject("Modulo Tarea Administracion Compensacion/Generacion Periodos Internos de Cada Nomina/a_Guardar")): Object: 'Object Repository/Modulo Tarea Administracion Compensacion/Generacion Periodos Internos de Cada Nomina/a_Guardar' is clicked on

2021-12-17 17:37:07 - [MESSAGE][PASSED] - Object: 'Object Repository/Modulo Tarea Administracion Compensacion/Generacion Periodos Internos de Cada Nomina/a_Guardar' is clicked on

2021-12-17 17:37:07 - [TEST_STEP][PASSED] - getText(findTestObject("Alerta/Alerta")): Text of object 'Object Repository/Alerta/Alerta' is: 'Proceso realizado correctamente.'

2021-12-17 17:37:08 - [MESSAGE][PASSED] - Text of object 'Object Repository/Alerta/Alerta' is: 'Proceso realizado correctamente.'

2021-12-17 17:37:08 - [TEST_STEP][PASSED] - closeBrowser(): Browser is closed

2021-12-17 17:37:09 - [MESSAGE][PASSED] - Browser is closed]]></system-out>
         <system-err><![CDATA[]]></system-err>
      </testcase>
      <testcase name="Test Cases/1.1-Tareas Principales/1.7.1 Crear Histórico Vacaciones" time="132.068" classname="Test Cases/1.1-Tareas Principales/1.7.1 Crear Histórico Vacaciones" status="FAILED">
         <failure type="FAILED" message="Test Cases/1.1-Tareas Principales/1.7.1 Crear Histórico Vacaciones FAILED.
Reason:
com.kms.katalon.core.exception.StepFailedException: Unable to get text of object 'Object Repository/Alerta/Alerta'
	at com.kms.katalon.core.webui.keyword.internal.WebUIKeywordMain.stepFailed(WebUIKeywordMain.groovy:64)
	at com.kms.katalon.core.webui.keyword.internal.WebUIKeywordMain.runKeyword(WebUIKeywordMain.groovy:26)
	at com.kms.katalon.core.webui.keyword.builtin.GetTextKeyword.getText(GetTextKeyword.groovy:88)
	at com.kms.katalon.core.webui.keyword.builtin.GetTextKeyword.execute(GetTextKeyword.groovy:67)
	at com.kms.katalon.core.keyword.internal.KeywordExecutor.executeKeywordForPlatform(KeywordExecutor.groovy:74)
	at com.kms.katalon.core.webui.keyword.WebUiBuiltInKeywords.getText(WebUiBuiltInKeywords.groovy:918)
	at com.kms.katalon.core.webui.keyword.WebUiBuiltInKeywords$getText$12.call(Unknown Source)
	at 1.7.1 Crear Histórico Vacaciones.run(1.7.1 Crear Histórico Vacaciones:124)
	at com.kms.katalon.core.main.ScriptEngine.run(ScriptEngine.java:194)
	at com.kms.katalon.core.main.ScriptEngine.runScriptAsRawText(ScriptEngine.java:119)
	at com.kms.katalon.core.main.TestCaseExecutor.runScript(TestCaseExecutor.java:442)
	at com.kms.katalon.core.main.TestCaseExecutor.doExecute(TestCaseExecutor.java:433)
	at com.kms.katalon.core.main.TestCaseExecutor.processExecutionPhase(TestCaseExecutor.java:412)
	at com.kms.katalon.core.main.TestCaseExecutor.accessMainPhase(TestCaseExecutor.java:404)
	at com.kms.katalon.core.main.TestCaseExecutor.execute(TestCaseExecutor.java:281)
	at com.kms.katalon.core.main.TestSuiteExecutor.accessTestCaseMainPhase(TestSuiteExecutor.java:202)
	at com.kms.katalon.core.main.TestSuiteExecutor.accessTestSuiteMainPhase(TestSuiteExecutor.java:164)
	at com.kms.katalon.core.main.TestSuiteExecutor.execute(TestSuiteExecutor.java:105)
	at com.kms.katalon.core.main.TestCaseMain.startTestSuite(TestCaseMain.java:181)
	at com.kms.katalon.core.main.TestCaseMain$startTestSuite$0.call(Unknown Source)
	at TempTestSuite1639780222929.run(TempTestSuite1639780222929.groovy:36)
Caused by: com.kms.katalon.core.webui.exception.WebElementNotFoundException: Web element with id: 'Object Repository/Alerta/Alerta' located by '//div[@id='growl_container']/div/div/div[2]/p' not found
	at com.kms.katalon.core.webui.common.WebUiCommonHelper.findWebElement(WebUiCommonHelper.java:1368)
	at com.kms.katalon.core.webui.keyword.internal.WebUIAbstractKeyword.findWebElement(WebUIAbstractKeyword.groovy:27)
	at com.kms.katalon.core.webui.keyword.internal.WebUIAbstractKeyword.findWebElement(WebUIAbstractKeyword.groovy:26)
	at com.kms.katalon.core.webui.keyword.builtin.GetTextKeyword$_getText_closure1.doCall(GetTextKeyword.groovy:78)
	at com.kms.katalon.core.webui.keyword.builtin.GetTextKeyword$_getText_closure1.call(GetTextKeyword.groovy)
	at com.kms.katalon.core.webui.keyword.internal.WebUIKeywordMain.runKeyword(WebUIKeywordMain.groovy:20)
	... 19 more
"/>
         <system-out><![CDATA[2021-12-17 17:37:09 - [TEST_CASE][FAILED] - Test Cases/1.1-Tareas Principales/1.7.1 Crear Histórico Vacaciones: Test Cases/1.1-Tareas Principales/1.7.1 Crear Histórico Vacaciones FAILED.
Reason:
com.kms.katalon.core.exception.StepFailedException: Unable to get text of object 'Object Repository/Alerta/Alerta'
	at com.kms.katalon.core.webui.keyword.internal.WebUIKeywordMain.stepFailed(WebUIKeywordMain.groovy:64)
	at com.kms.katalon.core.webui.keyword.internal.WebUIKeywordMain.runKeyword(WebUIKeywordMain.groovy:26)
	at com.kms.katalon.core.webui.keyword.builtin.GetTextKeyword.getText(GetTextKeyword.groovy:88)
	at com.kms.katalon.core.webui.keyword.builtin.GetTextKeyword.execute(GetTextKeyword.groovy:67)
	at com.kms.katalon.core.keyword.internal.KeywordExecutor.executeKeywordForPlatform(KeywordExecutor.groovy:74)
	at com.kms.katalon.core.webui.keyword.WebUiBuiltInKeywords.getText(WebUiBuiltInKeywords.groovy:918)
	at com.kms.katalon.core.webui.keyword.WebUiBuiltInKeywords$getText$12.call(Unknown Source)
	at 1.7.1 Crear Histórico Vacaciones.run(1.7.1 Crear Histórico Vacaciones:124)
	at com.kms.katalon.core.main.ScriptEngine.run(ScriptEngine.java:194)
	at com.kms.katalon.core.main.ScriptEngine.runScriptAsRawText(ScriptEngine.java:119)
	at com.kms.katalon.core.main.TestCaseExecutor.runScript(TestCaseExecutor.java:442)
	at com.kms.katalon.core.main.TestCaseExecutor.doExecute(TestCaseExecutor.java:433)
	at com.kms.katalon.core.main.TestCaseExecutor.processExecutionPhase(TestCaseExecutor.java:412)
	at com.kms.katalon.core.main.TestCaseExecutor.accessMainPhase(TestCaseExecutor.java:404)
	at com.kms.katalon.core.main.TestCaseExecutor.execute(TestCaseExecutor.java:281)
	at com.kms.katalon.core.main.TestSuiteExecutor.accessTestCaseMainPhase(TestSuiteExecutor.java:202)
	at com.kms.katalon.core.main.TestSuiteExecutor.accessTestSuiteMainPhase(TestSuiteExecutor.java:164)
	at com.kms.katalon.core.main.TestSuiteExecutor.execute(TestSuiteExecutor.java:105)
	at com.kms.katalon.core.main.TestCaseMain.startTestSuite(TestCaseMain.java:181)
	at com.kms.katalon.core.main.TestCaseMain$startTestSuite$0.call(Unknown Source)
	at TempTestSuite1639780222929.run(TempTestSuite1639780222929.groovy:36)
Caused by: com.kms.katalon.core.webui.exception.WebElementNotFoundException: Web element with id: 'Object Repository/Alerta/Alerta' located by '//div[@id='growl_container']/div/div/div[2]/p' not found
	at com.kms.katalon.core.webui.common.WebUiCommonHelper.findWebElement(WebUiCommonHelper.java:1368)
	at com.kms.katalon.core.webui.keyword.internal.WebUIAbstractKeyword.findWebElement(WebUIAbstractKeyword.groovy:27)
	at com.kms.katalon.core.webui.keyword.internal.WebUIAbstractKeyword.findWebElement(WebUIAbstractKeyword.groovy:26)
	at com.kms.katalon.core.webui.keyword.builtin.GetTextKeyword$_getText_closure1.doCall(GetTextKeyword.groovy:78)
	at com.kms.katalon.core.webui.keyword.builtin.GetTextKeyword$_getText_closure1.call(GetTextKeyword.groovy)
	at com.kms.katalon.core.webui.keyword.internal.WebUIKeywordMain.runKeyword(WebUIKeywordMain.groovy:20)
	... 19 more


2021-12-17 17:37:10 - [TEST_STEP][PASSED] - callTestCase(findTestCase("0.1-Login"), [:], STOP_ON_FAILURE): Call Test Case 'Test Cases/0.1-Login' successfully

2021-12-17 17:37:10 - [TEST_CASE][PASSED] - Test Cases/0.1-Login: Test Cases/0.1-Login

2021-12-17 17:37:10 - [TEST_STEP][PASSED] - openBrowser(""): Browser is opened with url: ''

2021-12-17 17:37:10 - [MESSAGE][INFO] - Starting 'Chrome' driver

2021-12-17 17:37:10 - [MESSAGE][INFO] - Action delay is set to 0 milliseconds

2021-12-17 17:37:11 - [MESSAGE][PASSED] - Browser is opened with url: ''

2021-12-17 17:37:11 - [TEST_STEP][PASSED] - maximizeWindow(): Current window maximized

2021-12-17 17:37:11 - [MESSAGE][PASSED] - Current window maximized

2021-12-17 17:37:11 - [TEST_STEP][PASSED] - i = G_Login: null

2021-12-17 17:37:11 - [TEST_STEP][PASSED] - url = new java.net.URL(i): null

2021-12-17 17:37:11 - [TEST_STEP][PASSED] - println("URL: " + url.toString()): null

2021-12-17 17:37:11 - [TEST_STEP][PASSED] - connection = url.openConnection(): null

2021-12-17 17:37:11 - [TEST_STEP][PASSED] - connection.setRequestMethod("GET"): null

2021-12-17 17:37:11 - [TEST_STEP][PASSED] - connection.setReadTimeout(2 * 1000): null

2021-12-17 17:37:11 - [TEST_STEP][PASSED] - try: null

2021-12-17 17:37:11 - [TEST_STEP][PASSED] - connection.connect(): null

2021-12-17 17:37:11 - [TEST_STEP][PASSED] - flag = connected: null

2021-12-17 17:37:11 - [TEST_STEP][PASSED] - println("Valor_ori: " + flag): null

2021-12-17 17:37:11 - [TEST_STEP][PASSED] - if (flag): null

2021-12-17 17:37:11 - [TEST_STEP][PASSED] - navigateToUrl(i): Navigate to 'http://192.168.2.29:7001/saraweb' successfully

2021-12-17 17:37:18 - [MESSAGE][PASSED] - Navigate to 'http://192.168.2.29:7001/saraweb' successfully

2021-12-17 17:37:18 - [TEST_STEP][PASSED] - a(): null

2021-12-17 17:37:18 - [TEST_STEP][PASSED] - setText(findTestObject("Login/input_USUARIO_loginusuario"), G_Usuario): Text 'weblogic' is set on object 'Object Repository/Login/input_USUARIO_loginusuario'

2021-12-17 17:37:19 - [MESSAGE][PASSED] - Text 'weblogic' is set on object 'Object Repository/Login/input_USUARIO_loginusuario'

2021-12-17 17:37:19 - [TEST_STEP][PASSED] - setEncryptedText(findTestObject("Login/input_CLAVE_loginpassword"), "MkG4/TYiCFC3cb2driP7+Q=="): Text ****** has been set on object 'Object Repository/Login/input_CLAVE_loginpassword'

2021-12-17 17:37:19 - [MESSAGE][PASSED] - Text ****** has been set on object 'Object Repository/Login/input_CLAVE_loginpassword'

2021-12-17 17:37:19 - [TEST_STEP][PASSED] - waitForElementClickable(findTestObject("Login/a_Ingresar"), G_TimeOut): Object 'Object Repository/Login/a_Ingresar' is clickable

2021-12-17 17:37:19 - [MESSAGE][PASSED] - Object 'Object Repository/Login/a_Ingresar' is clickable

2021-12-17 17:37:19 - [TEST_STEP][PASSED] - click(findTestObject("Login/a_Ingresar")): Object: 'Object Repository/Login/a_Ingresar' is clicked on

2021-12-17 17:37:32 - [MESSAGE][PASSED] - Object: 'Object Repository/Login/a_Ingresar' is clicked on

2021-12-17 17:37:32 - [TEST_STEP][PASSED] - element = findWebElement(findTestObject("Login/a_Ir"), 30): null

2021-12-17 17:37:32 - [TEST_STEP][PASSED] - executeJavaScript("arguments[0].click()", Arrays.asList(element)): Execute JavaScript 'arguments[0].click()' successfully

2021-12-17 17:37:32 - [MESSAGE][PASSED] - Execute JavaScript 'arguments[0].click()' successfully

2021-12-17 17:37:32 - [MESSAGE][PASSED] - Call Test Case 'Test Cases/0.1-Login' successfully

2021-12-17 17:37:32 - [TEST_STEP][PASSED] - waitForElementClickable(findTestObject("Modulo Tarea Administracion Compensacion/Crear Histórico Vacaciones/input_ADMINISTRADOR DEL SISTEMA - SARA_form_templatej_idt24_input"), 0): Object 'Object Repository/Modulo Tarea Administracion Compensacion/Crear Histórico Vacaciones/input_ADMINISTRADOR DEL SISTEMA - SARA_form_templatej_idt24_input' is clickable

2021-12-17 17:37:32 - [MESSAGE][WARNING] - Timeout '0' is invalid. Using default page load timeout: '30'

2021-12-17 17:37:43 - [MESSAGE][PASSED] - Object 'Object Repository/Modulo Tarea Administracion Compensacion/Crear Histórico Vacaciones/input_ADMINISTRADOR DEL SISTEMA - SARA_form_templatej_idt24_input' is clickable

2021-12-17 17:37:43 - [TEST_STEP][PASSED] - setText(findTestObject("Modulo Tarea Administracion Compensacion/Crear Histórico Vacaciones/input_ADMINISTRADOR DEL SISTEMA - SARA_form_templatej_idt24_input"), "Listado de Empleados"): Text 'Listado de Empleados' is set on object 'Object Repository/Modulo Tarea Administracion Compensacion/Crear Histórico Vacaciones/input_ADMINISTRADOR DEL SISTEMA - SARA_form_templatej_idt24_input'

2021-12-17 17:37:44 - [MESSAGE][PASSED] - Text 'Listado de Empleados' is set on object 'Object Repository/Modulo Tarea Administracion Compensacion/Crear Histórico Vacaciones/input_ADMINISTRADOR DEL SISTEMA - SARA_form_templatej_idt24_input'

2021-12-17 17:37:44 - [TEST_STEP][PASSED] - waitForElementClickable(findTestObject("Modulo Tarea Administracion Compensacion/Crear Histórico Vacaciones/span_Listado de Empleados"), 0): Object 'Object Repository/Modulo Tarea Administracion Compensacion/Crear Histórico Vacaciones/span_Listado de Empleados' is clickable

2021-12-17 17:37:44 - [MESSAGE][WARNING] - Timeout '0' is invalid. Using default page load timeout: '30'

2021-12-17 17:37:45 - [MESSAGE][PASSED] - Object 'Object Repository/Modulo Tarea Administracion Compensacion/Crear Histórico Vacaciones/span_Listado de Empleados' is clickable

2021-12-17 17:37:45 - [TEST_STEP][PASSED] - sendKeys(findTestObject("Modulo Tarea Administracion Compensacion/Crear Histórico Vacaciones/input_ADMINISTRADOR DEL SISTEMA - SARA_form_templatej_idt24_input"), Keys.chord(ENTER)): Keys 'ENTER + ' sent to object: 'Object Repository/Modulo Tarea Administracion Compensacion/Crear Histórico Vacaciones/input_ADMINISTRADOR DEL SISTEMA - SARA_form_templatej_idt24_input'

2021-12-17 17:37:45 - [MESSAGE][PASSED] - Keys 'ENTER + ' sent to object: 'Object Repository/Modulo Tarea Administracion Compensacion/Crear Histórico Vacaciones/input_ADMINISTRADOR DEL SISTEMA - SARA_form_templatej_idt24_input'

2021-12-17 17:37:45 - [TEST_STEP][PASSED] - setText(findTestObject("Modulo Tarea Administracion Compensacion/Crear Histórico Vacaciones/input_Identificacin_1234567890"), "1234567890"): Text '1234567890' is set on object 'Object Repository/Modulo Tarea Administracion Compensacion/Crear Histórico Vacaciones/input_Identificacin_1234567890'

2021-12-17 17:37:58 - [MESSAGE][PASSED] - Text '1234567890' is set on object 'Object Repository/Modulo Tarea Administracion Compensacion/Crear Histórico Vacaciones/input_Identificacin_1234567890'

2021-12-17 17:37:58 - [TEST_STEP][PASSED] - sendKeys(findTestObject("Modulo Tarea Administracion Compensacion/Crear Histórico Vacaciones/input_Identificacin_1234567890"), Keys.chord(ENTER)): Keys 'ENTER + ' sent to object: 'Object Repository/Modulo Tarea Administracion Compensacion/Crear Histórico Vacaciones/input_Identificacin_1234567890'

2021-12-17 17:37:59 - [MESSAGE][PASSED] - Keys 'ENTER + ' sent to object: 'Object Repository/Modulo Tarea Administracion Compensacion/Crear Histórico Vacaciones/input_Identificacin_1234567890'

2021-12-17 17:37:59 - [TEST_STEP][PASSED] - click(findTestObject("Modulo Tarea Administracion Compensacion/Crear Histórico Vacaciones/span_Gomez Jose")): Object: 'Object Repository/Modulo Tarea Administracion Compensacion/Crear Histórico Vacaciones/span_Gomez Jose' is clicked on

2021-12-17 17:38:01 - [MESSAGE][PASSED] - Object: 'Object Repository/Modulo Tarea Administracion Compensacion/Crear Histórico Vacaciones/span_Gomez Jose' is clicked on

2021-12-17 17:38:01 - [TEST_STEP][PASSED] - click(findTestObject("Modulo Tarea Administracion Compensacion/Crear Histórico Vacaciones/a_Vacacin")): Object: 'Object Repository/Modulo Tarea Administracion Compensacion/Crear Histórico Vacaciones/a_Vacacin' is clicked on

2021-12-17 17:38:02 - [MESSAGE][PASSED] - Object: 'Object Repository/Modulo Tarea Administracion Compensacion/Crear Histórico Vacaciones/a_Vacacin' is clicked on

2021-12-17 17:38:02 - [TEST_STEP][PASSED] - if (waitForElementClickable(findTestObject("Modulo Tarea Administracion Compensacion/Crear Histórico Vacaciones/span_Programacion De Vacaciones"), 1)): null

2021-12-17 17:38:04 - [MESSAGE][PASSED] - Object 'Object Repository/Modulo Tarea Administracion Compensacion/Crear Histórico Vacaciones/span_Programacion De Vacaciones' is clickable

2021-12-17 17:38:04 - [TEST_STEP][PASSED] - click(findTestObject("Modulo Tarea Administracion Compensacion/Crear Histórico Vacaciones/span_Programacion De Vacaciones")): Object: 'Object Repository/Modulo Tarea Administracion Compensacion/Crear Histórico Vacaciones/span_Programacion De Vacaciones' is clicked on

2021-12-17 17:38:04 - [MESSAGE][PASSED] - Object: 'Object Repository/Modulo Tarea Administracion Compensacion/Crear Histórico Vacaciones/span_Programacion De Vacaciones' is clicked on

2021-12-17 17:38:04 - [TEST_STEP][PASSED] - click(findTestObject("Modulo Tarea Administracion Compensacion/Crear Histórico Vacaciones/a_Eliminar_Programacion")): Object: 'Object Repository/Modulo Tarea Administracion Compensacion/Crear Histórico Vacaciones/a_Eliminar_Programacion' is clicked on

2021-12-17 17:38:05 - [MESSAGE][PASSED] - Object: 'Object Repository/Modulo Tarea Administracion Compensacion/Crear Histórico Vacaciones/a_Eliminar_Programacion' is clicked on

2021-12-17 17:38:05 - [TEST_STEP][PASSED] - click(findTestObject("Modulo Tarea Administracion Compensacion/Crear Histórico Vacaciones/a_Aceptar_Eliminar_Programacion")): Object: 'Object Repository/Modulo Tarea Administracion Compensacion/Crear Histórico Vacaciones/a_Aceptar_Eliminar_Programacion' is clicked on

2021-12-17 17:38:17 - [MESSAGE][PASSED] - Object: 'Object Repository/Modulo Tarea Administracion Compensacion/Crear Histórico Vacaciones/a_Aceptar_Eliminar_Programacion' is clicked on

2021-12-17 17:38:17 - [TEST_STEP][PASSED] - if (waitForElementClickable(findTestObject("Modulo Tarea Administracion Compensacion/Crear Histórico Vacaciones/td_Programada"), 1)): Web element with id: 'Object Repository/Modulo Tarea Administracion Compensacion/Crear Histórico Vacaciones/td_Programada' located by '//*/text()[normalize-space(.)='Programada']/parent::*' not found

2021-12-17 17:38:20 - [MESSAGE][INFO] - Unable to find the element located by 'By.xpath: //*/text()[normalize-space(.)='Programada']/parent::*'. Please recheck the objects properties to make sure the desired element is located. 

2021-12-17 17:38:20 - [MESSAGE][WARNING] - Web element with id: 'Object Repository/Modulo Tarea Administracion Compensacion/Crear Histórico Vacaciones/td_Programada' located by '//*/text()[normalize-space(.)='Programada']/parent::*' not found

2021-12-17 17:38:20 - [TEST_STEP][PASSED] - waitForElementClickable(findTestObject("Modulo Tarea Administracion Compensacion/Crear Histórico Vacaciones/a_Pestaa_Histrico"), 0): Object 'Object Repository/Modulo Tarea Administracion Compensacion/Crear Histórico Vacaciones/a_Pestaa_Histrico' is clickable

2021-12-17 17:38:20 - [MESSAGE][WARNING] - Timeout '0' is invalid. Using default page load timeout: '30'

2021-12-17 17:38:20 - [MESSAGE][PASSED] - Object 'Object Repository/Modulo Tarea Administracion Compensacion/Crear Histórico Vacaciones/a_Pestaa_Histrico' is clickable

2021-12-17 17:38:20 - [TEST_STEP][PASSED] - click(findTestObject("Modulo Tarea Administracion Compensacion/Crear Histórico Vacaciones/a_Pestaa_Histrico")): Object: 'Object Repository/Modulo Tarea Administracion Compensacion/Crear Histórico Vacaciones/a_Pestaa_Histrico' is clicked on

2021-12-17 17:38:21 - [MESSAGE][PASSED] - Object: 'Object Repository/Modulo Tarea Administracion Compensacion/Crear Histórico Vacaciones/a_Pestaa_Histrico' is clicked on

2021-12-17 17:38:21 - [TEST_STEP][PASSED] - click(findTestObject("Modulo Tarea Administracion Compensacion/Crear Histórico Vacaciones/a_Nuevo historico")): Object: 'Object Repository/Modulo Tarea Administracion Compensacion/Crear Histórico Vacaciones/a_Nuevo historico' is clicked on

2021-12-17 17:38:22 - [MESSAGE][PASSED] - Object: 'Object Repository/Modulo Tarea Administracion Compensacion/Crear Histórico Vacaciones/a_Nuevo historico' is clicked on

2021-12-17 17:38:22 - [TEST_STEP][PASSED] - waitForElementClickable(findTestObject("Modulo Tarea Administracion Compensacion/Crear Histórico Vacaciones/select_Seleccione_PROGRAMACION DE VACACIONES"), 0): Object 'Object Repository/Modulo Tarea Administracion Compensacion/Crear Histórico Vacaciones/select_Seleccione_PROGRAMACION DE VACACIONES' is clickable

2021-12-17 17:38:22 - [MESSAGE][WARNING] - Timeout '0' is invalid. Using default page load timeout: '30'

2021-12-17 17:38:23 - [MESSAGE][PASSED] - Object 'Object Repository/Modulo Tarea Administracion Compensacion/Crear Histórico Vacaciones/select_Seleccione_PROGRAMACION DE VACACIONES' is clickable

2021-12-17 17:38:23 - [TEST_STEP][PASSED] - selectOptionByIndex(findTestObject("Modulo Tarea Administracion Compensacion/Crear Histórico Vacaciones/select_Seleccione_PROGRAMACION DE VACACIONES"), "2"): All options with index in [2] are selected on object 'Object Repository/Modulo Tarea Administracion Compensacion/Crear Histórico Vacaciones/select_Seleccione_PROGRAMACION DE VACACIONES'

2021-12-17 17:38:24 - [MESSAGE][PASSED] - All options with index in [2] are selected on object 'Object Repository/Modulo Tarea Administracion Compensacion/Crear Histórico Vacaciones/select_Seleccione_PROGRAMACION DE VACACIONES'

2021-12-17 17:38:24 - [TEST_STEP][PASSED] - selectOptionByIndex(findTestObject("Modulo Tarea Administracion Compensacion/Crear Histórico Vacaciones/select_Seleccione_No Aplica"), "2"): All options with index in [2] are selected on object 'Object Repository/Modulo Tarea Administracion Compensacion/Crear Histórico Vacaciones/select_Seleccione_No Aplica'

2021-12-17 17:38:25 - [MESSAGE][PASSED] - All options with index in [2] are selected on object 'Object Repository/Modulo Tarea Administracion Compensacion/Crear Histórico Vacaciones/select_Seleccione_No Aplica'

2021-12-17 17:38:25 - [TEST_STEP][PASSED] - selectOptionByIndex(findTestObject("Modulo Tarea Administracion Compensacion/Crear Histórico Vacaciones/select_Seleccione_AUSENTISMO"), "1"): All options with index in [1] are selected on object 'Object Repository/Modulo Tarea Administracion Compensacion/Crear Histórico Vacaciones/select_Seleccione_AUSENTISMO'

2021-12-17 17:38:27 - [MESSAGE][PASSED] - All options with index in [1] are selected on object 'Object Repository/Modulo Tarea Administracion Compensacion/Crear Histórico Vacaciones/select_Seleccione_AUSENTISMO'

2021-12-17 17:38:27 - [TEST_STEP][PASSED] - setText(findTestObject("Modulo Tarea Administracion Compensacion/Crear Histórico Vacaciones/input_Periodo Disfrute_form_vacaciones_Comienzo"), "01/07/2021"): Text '01/07/2021' is set on object 'Object Repository/Modulo Tarea Administracion Compensacion/Crear Histórico Vacaciones/input_Periodo Disfrute_form_vacaciones_Comienzo'

2021-12-17 17:38:27 - [MESSAGE][PASSED] - Text '01/07/2021' is set on object 'Object Repository/Modulo Tarea Administracion Compensacion/Crear Histórico Vacaciones/input_Periodo Disfrute_form_vacaciones_Comienzo'

2021-12-17 17:38:27 - [TEST_STEP][PASSED] - setText(findTestObject("Modulo Tarea Administracion Compensacion/Crear Histórico Vacaciones/input_Periodo Disfrute_form_vacaciones_Final"), "07/07/2021"): Text '07/07/2021' is set on object 'Object Repository/Modulo Tarea Administracion Compensacion/Crear Histórico Vacaciones/input_Periodo Disfrute_form_vacaciones_Final'

2021-12-17 17:38:28 - [MESSAGE][PASSED] - Text '07/07/2021' is set on object 'Object Repository/Modulo Tarea Administracion Compensacion/Crear Histórico Vacaciones/input_Periodo Disfrute_form_vacaciones_Final'

2021-12-17 17:38:28 - [TEST_STEP][PASSED] - setText(findTestObject("Modulo Tarea Administracion Compensacion/Crear Histórico Vacaciones/input_Fecha Regreso Nomina"), "08/07/2021"): Text '08/07/2021' is set on object 'Object Repository/Modulo Tarea Administracion Compensacion/Crear Histórico Vacaciones/input_Fecha Regreso Nomina'

2021-12-17 17:38:30 - [MESSAGE][PASSED] - Text '08/07/2021' is set on object 'Object Repository/Modulo Tarea Administracion Compensacion/Crear Histórico Vacaciones/input_Fecha Regreso Nomina'

2021-12-17 17:38:30 - [TEST_STEP][PASSED] - setText(findTestObject("Modulo Tarea Administracion Compensacion/Crear Histórico Vacaciones/input_Dias"), "6"): Text '6' is set on object 'Object Repository/Modulo Tarea Administracion Compensacion/Crear Histórico Vacaciones/input_Dias'

2021-12-17 17:38:30 - [MESSAGE][PASSED] - Text '6' is set on object 'Object Repository/Modulo Tarea Administracion Compensacion/Crear Histórico Vacaciones/input_Dias'

2021-12-17 17:38:30 - [TEST_STEP][PASSED] - setText(findTestObject("Modulo Tarea Administracion Compensacion/Crear Histórico Vacaciones/input_Periodo Servicio_Inicio"), "01/07/2021"): Text '01/07/2021' is set on object 'Object Repository/Modulo Tarea Administracion Compensacion/Crear Histórico Vacaciones/input_Periodo Servicio_Inicio'

2021-12-17 17:38:31 - [MESSAGE][PASSED] - Text '01/07/2021' is set on object 'Object Repository/Modulo Tarea Administracion Compensacion/Crear Histórico Vacaciones/input_Periodo Servicio_Inicio'

2021-12-17 17:38:31 - [TEST_STEP][PASSED] - setText(findTestObject("Modulo Tarea Administracion Compensacion/Crear Histórico Vacaciones/input_Periodo Servicio_Final"), "07/07/2021"): Text '07/07/2021' is set on object 'Object Repository/Modulo Tarea Administracion Compensacion/Crear Histórico Vacaciones/input_Periodo Servicio_Final'

2021-12-17 17:38:33 - [MESSAGE][PASSED] - Text '07/07/2021' is set on object 'Object Repository/Modulo Tarea Administracion Compensacion/Crear Histórico Vacaciones/input_Periodo Servicio_Final'

2021-12-17 17:38:33 - [TEST_STEP][PASSED] - sendKeys(findTestObject("Modulo Tarea Administracion Compensacion/Crear Histórico Vacaciones/input_Periodo Servicio_Final"), Keys.chord(ESCAPE)): Keys 'ESCAPE + ' sent to object: 'Object Repository/Modulo Tarea Administracion Compensacion/Crear Histórico Vacaciones/input_Periodo Servicio_Final'

2021-12-17 17:38:33 - [MESSAGE][PASSED] - Keys 'ESCAPE + ' sent to object: 'Object Repository/Modulo Tarea Administracion Compensacion/Crear Histórico Vacaciones/input_Periodo Servicio_Final'

2021-12-17 17:38:33 - [TEST_STEP][PASSED] - setText(findTestObject("Modulo Tarea Administracion Compensacion/Crear Histórico Vacaciones/textarea_Observacin"), "PRUEBA"): Text 'PRUEBA' is set on object 'Object Repository/Modulo Tarea Administracion Compensacion/Crear Histórico Vacaciones/textarea_Observacin'

2021-12-17 17:38:34 - [MESSAGE][PASSED] - Text 'PRUEBA' is set on object 'Object Repository/Modulo Tarea Administracion Compensacion/Crear Histórico Vacaciones/textarea_Observacin'

2021-12-17 17:38:34 - [TEST_STEP][PASSED] - waitForElementClickable(findTestObject("Modulo Tarea Administracion Compensacion/Crear Histórico Vacaciones/a_Guardar"), 0): Object 'Object Repository/Modulo Tarea Administracion Compensacion/Crear Histórico Vacaciones/a_Guardar' is clickable

2021-12-17 17:38:34 - [MESSAGE][WARNING] - Timeout '0' is invalid. Using default page load timeout: '30'

2021-12-17 17:38:34 - [MESSAGE][PASSED] - Object 'Object Repository/Modulo Tarea Administracion Compensacion/Crear Histórico Vacaciones/a_Guardar' is clickable

2021-12-17 17:38:34 - [TEST_STEP][PASSED] - click(findTestObject("Modulo Tarea Administracion Compensacion/Crear Histórico Vacaciones/a_Guardar")): Object: 'Object Repository/Modulo Tarea Administracion Compensacion/Crear Histórico Vacaciones/a_Guardar' is clicked on

2021-12-17 17:38:34 - [MESSAGE][PASSED] - Object: 'Object Repository/Modulo Tarea Administracion Compensacion/Crear Histórico Vacaciones/a_Guardar' is clicked on

2021-12-17 17:38:34 - [TEST_STEP][PASSED] - getText(findTestObject("Alerta/Alerta")): Text of object 'Object Repository/Alerta/Alerta' is: 'Se Ingreso el registro'

2021-12-17 17:38:36 - [MESSAGE][PASSED] - Text of object 'Object Repository/Alerta/Alerta' is: 'Se Ingreso el registro'

2021-12-17 17:38:36 - [TEST_STEP][PASSED] - waitForElementClickable(findTestObject("Modulo Tarea Administracion Compensacion/Crear Histórico Vacaciones/a_Eliminar_Historico"), 0): Object 'Object Repository/Modulo Tarea Administracion Compensacion/Crear Histórico Vacaciones/a_Eliminar_Historico' is clickable

2021-12-17 17:38:36 - [MESSAGE][WARNING] - Timeout '0' is invalid. Using default page load timeout: '30'

2021-12-17 17:38:37 - [MESSAGE][PASSED] - Object 'Object Repository/Modulo Tarea Administracion Compensacion/Crear Histórico Vacaciones/a_Eliminar_Historico' is clickable

2021-12-17 17:38:37 - [TEST_STEP][PASSED] - click(findTestObject("Modulo Tarea Administracion Compensacion/Crear Histórico Vacaciones/a_Eliminar_Historico")): Object: 'Object Repository/Modulo Tarea Administracion Compensacion/Crear Histórico Vacaciones/a_Eliminar_Historico' is clicked on

2021-12-17 17:38:37 - [MESSAGE][PASSED] - Object: 'Object Repository/Modulo Tarea Administracion Compensacion/Crear Histórico Vacaciones/a_Eliminar_Historico' is clicked on

2021-12-17 17:38:37 - [TEST_STEP][PASSED] - waitForElementClickable(findTestObject("Modulo Tarea Administracion Compensacion/Crear Histórico Vacaciones/a_Aceptar_Eliminar_ Historico"), 0): Object 'Object Repository/Modulo Tarea Administracion Compensacion/Crear Histórico Vacaciones/a_Aceptar_Eliminar_ Historico' is clickable

2021-12-17 17:38:37 - [MESSAGE][WARNING] - Timeout '0' is invalid. Using default page load timeout: '30'

2021-12-17 17:38:38 - [MESSAGE][PASSED] - Object 'Object Repository/Modulo Tarea Administracion Compensacion/Crear Histórico Vacaciones/a_Aceptar_Eliminar_ Historico' is clickable

2021-12-17 17:38:38 - [TEST_STEP][PASSED] - click(findTestObject("Modulo Tarea Administracion Compensacion/Crear Histórico Vacaciones/a_Aceptar_Eliminar_ Historico")): Object: 'Object Repository/Modulo Tarea Administracion Compensacion/Crear Histórico Vacaciones/a_Aceptar_Eliminar_ Historico' is clicked on

2021-12-17 17:38:50 - [MESSAGE][PASSED] - Object: 'Object Repository/Modulo Tarea Administracion Compensacion/Crear Histórico Vacaciones/a_Aceptar_Eliminar_ Historico' is clicked on

2021-12-17 17:38:50 - [TEST_STEP][FAILED] - getText(findTestObject("Alerta/Alerta")): Unable to get text of object 'Object Repository/Alerta/Alerta' (Root cause: com.kms.katalon.core.exception.StepFailedException: Unable to get text of object 'Object Repository/Alerta/Alerta'
	at com.kms.katalon.core.webui.keyword.internal.WebUIKeywordMain.stepFailed(WebUIKeywordMain.groovy:64)
	at com.kms.katalon.core.webui.keyword.internal.WebUIKeywordMain.runKeyword(WebUIKeywordMain.groovy:26)
	at com.kms.katalon.core.webui.keyword.builtin.GetTextKeyword.getText(GetTextKeyword.groovy:88)
	at com.kms.katalon.core.webui.keyword.builtin.GetTextKeyword.execute(GetTextKeyword.groovy:67)
	at com.kms.katalon.core.keyword.internal.KeywordExecutor.executeKeywordForPlatform(KeywordExecutor.groovy:74)
	at com.kms.katalon.core.webui.keyword.WebUiBuiltInKeywords.getText(WebUiBuiltInKeywords.groovy:918)
	at com.kms.katalon.core.webui.keyword.WebUiBuiltInKeywords$getText$12.call(Unknown Source)
	at 1.7.1 Crear Histórico Vacaciones.run(1.7.1 Crear Histórico Vacaciones:124)
	at com.kms.katalon.core.main.ScriptEngine.run(ScriptEngine.java:194)
	at com.kms.katalon.core.main.ScriptEngine.runScriptAsRawText(ScriptEngine.java:119)
	at com.kms.katalon.core.main.TestCaseExecutor.runScript(TestCaseExecutor.java:442)
	at com.kms.katalon.core.main.TestCaseExecutor.doExecute(TestCaseExecutor.java:433)
	at com.kms.katalon.core.main.TestCaseExecutor.processExecutionPhase(TestCaseExecutor.java:412)
	at com.kms.katalon.core.main.TestCaseExecutor.accessMainPhase(TestCaseExecutor.java:404)
	at com.kms.katalon.core.main.TestCaseExecutor.execute(TestCaseExecutor.java:281)
	at com.kms.katalon.core.main.TestSuiteExecutor.accessTestCaseMainPhase(TestSuiteExecutor.java:202)
	at com.kms.katalon.core.main.TestSuiteExecutor.accessTestSuiteMainPhase(TestSuiteExecutor.java:164)
	at com.kms.katalon.core.main.TestSuiteExecutor.execute(TestSuiteExecutor.java:105)
	at com.kms.katalon.core.main.TestCaseMain.startTestSuite(TestCaseMain.java:181)
	at com.kms.katalon.core.main.TestCaseMain$startTestSuite$0.call(Unknown Source)
	at TempTestSuite1639780222929.run(TempTestSuite1639780222929.groovy:36)
Caused by: com.kms.katalon.core.webui.exception.WebElementNotFoundException: Web element with id: 'Object Repository/Alerta/Alerta' located by '//div[@id='growl_container']/div/div/div[2]/p' not found
	at com.kms.katalon.core.webui.common.WebUiCommonHelper.findWebElement(WebUiCommonHelper.java:1368)
	at com.kms.katalon.core.webui.keyword.internal.WebUIAbstractKeyword.findWebElement(WebUIAbstractKeyword.groovy:27)
	at com.kms.katalon.core.webui.keyword.internal.WebUIAbstractKeyword.findWebElement(WebUIAbstractKeyword.groovy:26)
	at com.kms.katalon.core.webui.keyword.builtin.GetTextKeyword$_getText_closure1.doCall(GetTextKeyword.groovy:78)
	at com.kms.katalon.core.webui.keyword.builtin.GetTextKeyword$_getText_closure1.call(GetTextKeyword.groovy)
	at com.kms.katalon.core.webui.keyword.internal.WebUIKeywordMain.runKeyword(WebUIKeywordMain.groovy:20)
	at com.kms.katalon.core.webui.keyword.builtin.GetTextKeyword.getText(GetTextKeyword.groovy:88)
	at com.kms.katalon.core.webui.keyword.builtin.GetTextKeyword.execute(GetTextKeyword.groovy:67)
	at com.kms.katalon.core.keyword.internal.KeywordExecutor.executeKeywordForPlatform(KeywordExecutor.groovy:74)
	at com.kms.katalon.core.webui.keyword.WebUiBuiltInKeywords.getText(WebUiBuiltInKeywords.groovy:918)
	at com.kms.katalon.core.webui.keyword.WebUiBuiltInKeywords$getText$12.call(Unknown Source)
	at Script1632498488588.run(Script1632498488588.groovy:124)
	... 13 more
)

2021-12-17 17:39:21 - [MESSAGE][INFO] - Unable to find the element located by 'By.xpath: //div[@id='growl_container']/div/div/div[2]/p'. Please recheck the objects properties to make sure the desired element is located. 

2021-12-17 17:39:21 - [MESSAGE][FAILED] - Unable to get text of object 'Object Repository/Alerta/Alerta' (Root cause: com.kms.katalon.core.exception.StepFailedException: Unable to get text of object 'Object Repository/Alerta/Alerta'
	at com.kms.katalon.core.webui.keyword.internal.WebUIKeywordMain.stepFailed(WebUIKeywordMain.groovy:64)
	at com.kms.katalon.core.webui.keyword.internal.WebUIKeywordMain.runKeyword(WebUIKeywordMain.groovy:26)
	at com.kms.katalon.core.webui.keyword.builtin.GetTextKeyword.getText(GetTextKeyword.groovy:88)
	at com.kms.katalon.core.webui.keyword.builtin.GetTextKeyword.execute(GetTextKeyword.groovy:67)
	at com.kms.katalon.core.keyword.internal.KeywordExecutor.executeKeywordForPlatform(KeywordExecutor.groovy:74)
	at com.kms.katalon.core.webui.keyword.WebUiBuiltInKeywords.getText(WebUiBuiltInKeywords.groovy:918)
	at com.kms.katalon.core.webui.keyword.WebUiBuiltInKeywords$getText$12.call(Unknown Source)
	at 1.7.1 Crear Histórico Vacaciones.run(1.7.1 Crear Histórico Vacaciones:124)
	at com.kms.katalon.core.main.ScriptEngine.run(ScriptEngine.java:194)
	at com.kms.katalon.core.main.ScriptEngine.runScriptAsRawText(ScriptEngine.java:119)
	at com.kms.katalon.core.main.TestCaseExecutor.runScript(TestCaseExecutor.java:442)
	at com.kms.katalon.core.main.TestCaseExecutor.doExecute(TestCaseExecutor.java:433)
	at com.kms.katalon.core.main.TestCaseExecutor.processExecutionPhase(TestCaseExecutor.java:412)
	at com.kms.katalon.core.main.TestCaseExecutor.accessMainPhase(TestCaseExecutor.java:404)
	at com.kms.katalon.core.main.TestCaseExecutor.execute(TestCaseExecutor.java:281)
	at com.kms.katalon.core.main.TestSuiteExecutor.accessTestCaseMainPhase(TestSuiteExecutor.java:202)
	at com.kms.katalon.core.main.TestSuiteExecutor.accessTestSuiteMainPhase(TestSuiteExecutor.java:164)
	at com.kms.katalon.core.main.TestSuiteExecutor.execute(TestSuiteExecutor.java:105)
	at com.kms.katalon.core.main.TestCaseMain.startTestSuite(TestCaseMain.java:181)
	at com.kms.katalon.core.main.TestCaseMain$startTestSuite$0.call(Unknown Source)
	at TempTestSuite1639780222929.run(TempTestSuite1639780222929.groovy:36)
Caused by: com.kms.katalon.core.webui.exception.WebElementNotFoundException: Web element with id: 'Object Repository/Alerta/Alerta' located by '//div[@id='growl_container']/div/div/div[2]/p' not found
	at com.kms.katalon.core.webui.common.WebUiCommonHelper.findWebElement(WebUiCommonHelper.java:1368)
	at com.kms.katalon.core.webui.keyword.internal.WebUIAbstractKeyword.findWebElement(WebUIAbstractKeyword.groovy:27)
	at com.kms.katalon.core.webui.keyword.internal.WebUIAbstractKeyword.findWebElement(WebUIAbstractKeyword.groovy:26)
	at com.kms.katalon.core.webui.keyword.builtin.GetTextKeyword$_getText_closure1.doCall(GetTextKeyword.groovy:78)
	at com.kms.katalon.core.webui.keyword.builtin.GetTextKeyword$_getText_closure1.call(GetTextKeyword.groovy)
	at com.kms.katalon.core.webui.keyword.internal.WebUIKeywordMain.runKeyword(WebUIKeywordMain.groovy:20)
	at com.kms.katalon.core.webui.keyword.builtin.GetTextKeyword.getText(GetTextKeyword.groovy:88)
	at com.kms.katalon.core.webui.keyword.builtin.GetTextKeyword.execute(GetTextKeyword.groovy:67)
	at com.kms.katalon.core.keyword.internal.KeywordExecutor.executeKeywordForPlatform(KeywordExecutor.groovy:74)
	at com.kms.katalon.core.webui.keyword.WebUiBuiltInKeywords.getText(WebUiBuiltInKeywords.groovy:918)
	at com.kms.katalon.core.webui.keyword.WebUiBuiltInKeywords$getText$12.call(Unknown Source)
	at Script1632498488588.run(Script1632498488588.groovy:124)
	... 13 more
)
[[ATTACHMENT|C:\\Users\\diego.rojas\\git\\Pruebas-Minimas\\Reports\\20211217_173017\\1-Tareas Principales\\20211217_173022\\1639780761674.png]]]]></system-out>
         <system-err><![CDATA[2021-12-17 17:37:09 - [TEST_CASE][FAILED] - Test Cases/1.1-Tareas Principales/1.7.1 Crear Histórico Vacaciones: Test Cases/1.1-Tareas Principales/1.7.1 Crear Histórico Vacaciones FAILED.
Reason:
com.kms.katalon.core.exception.StepFailedException: Unable to get text of object 'Object Repository/Alerta/Alerta'
	at com.kms.katalon.core.webui.keyword.internal.WebUIKeywordMain.stepFailed(WebUIKeywordMain.groovy:64)
	at com.kms.katalon.core.webui.keyword.internal.WebUIKeywordMain.runKeyword(WebUIKeywordMain.groovy:26)
	at com.kms.katalon.core.webui.keyword.builtin.GetTextKeyword.getText(GetTextKeyword.groovy:88)
	at com.kms.katalon.core.webui.keyword.builtin.GetTextKeyword.execute(GetTextKeyword.groovy:67)
	at com.kms.katalon.core.keyword.internal.KeywordExecutor.executeKeywordForPlatform(KeywordExecutor.groovy:74)
	at com.kms.katalon.core.webui.keyword.WebUiBuiltInKeywords.getText(WebUiBuiltInKeywords.groovy:918)
	at com.kms.katalon.core.webui.keyword.WebUiBuiltInKeywords$getText$12.call(Unknown Source)
	at 1.7.1 Crear Histórico Vacaciones.run(1.7.1 Crear Histórico Vacaciones:124)
	at com.kms.katalon.core.main.ScriptEngine.run(ScriptEngine.java:194)
	at com.kms.katalon.core.main.ScriptEngine.runScriptAsRawText(ScriptEngine.java:119)
	at com.kms.katalon.core.main.TestCaseExecutor.runScript(TestCaseExecutor.java:442)
	at com.kms.katalon.core.main.TestCaseExecutor.doExecute(TestCaseExecutor.java:433)
	at com.kms.katalon.core.main.TestCaseExecutor.processExecutionPhase(TestCaseExecutor.java:412)
	at com.kms.katalon.core.main.TestCaseExecutor.accessMainPhase(TestCaseExecutor.java:404)
	at com.kms.katalon.core.main.TestCaseExecutor.execute(TestCaseExecutor.java:281)
	at com.kms.katalon.core.main.TestSuiteExecutor.accessTestCaseMainPhase(TestSuiteExecutor.java:202)
	at com.kms.katalon.core.main.TestSuiteExecutor.accessTestSuiteMainPhase(TestSuiteExecutor.java:164)
	at com.kms.katalon.core.main.TestSuiteExecutor.execute(TestSuiteExecutor.java:105)
	at com.kms.katalon.core.main.TestCaseMain.startTestSuite(TestCaseMain.java:181)
	at com.kms.katalon.core.main.TestCaseMain$startTestSuite$0.call(Unknown Source)
	at TempTestSuite1639780222929.run(TempTestSuite1639780222929.groovy:36)
Caused by: com.kms.katalon.core.webui.exception.WebElementNotFoundException: Web element with id: 'Object Repository/Alerta/Alerta' located by '//div[@id='growl_container']/div/div/div[2]/p' not found
	at com.kms.katalon.core.webui.common.WebUiCommonHelper.findWebElement(WebUiCommonHelper.java:1368)
	at com.kms.katalon.core.webui.keyword.internal.WebUIAbstractKeyword.findWebElement(WebUIAbstractKeyword.groovy:27)
	at com.kms.katalon.core.webui.keyword.internal.WebUIAbstractKeyword.findWebElement(WebUIAbstractKeyword.groovy:26)
	at com.kms.katalon.core.webui.keyword.builtin.GetTextKeyword$_getText_closure1.doCall(GetTextKeyword.groovy:78)
	at com.kms.katalon.core.webui.keyword.builtin.GetTextKeyword$_getText_closure1.call(GetTextKeyword.groovy)
	at com.kms.katalon.core.webui.keyword.internal.WebUIKeywordMain.runKeyword(WebUIKeywordMain.groovy:20)
	... 19 more]]></system-err>
      </testcase>
      <testcase name="Test Cases/1.1-Tareas Principales/1.1.6-crear vacaciones" time="132.645" classname="Test Cases/1.1-Tareas Principales/1.1.6-crear vacaciones" status="PASSED">
         <system-out><![CDATA[2021-12-17 17:39:21 - [TEST_CASE][PASSED] - Test Cases/1.1-Tareas Principales/1.1.6-crear vacaciones: Test Cases/1.1-Tareas Principales/1.1.6-crear vacaciones

2021-12-17 17:39:22 - [TEST_STEP][PASSED] - callTestCase(findTestCase("Hutilidades/Tareas Administracion Compensacion/Tarea Listado Empleados"), [:], STOP_ON_FAILURE): Call Test Case 'Test Cases/Hutilidades/Tareas Administracion Compensacion/Tarea Listado Empleados' successfully

2021-12-17 17:39:22 - [TEST_CASE][PASSED] - Test Cases/Hutilidades/Tareas Administracion Compensacion/Tarea Listado Empleados: Test Cases/Hutilidades/Tareas Administracion Compensacion/Tarea Listado Empleados

2021-12-17 17:39:22 - [TEST_STEP][PASSED] - callTestCase(findTestCase("0.1-Login"), [:], STOP_ON_FAILURE): Call Test Case 'Test Cases/0.1-Login' successfully

2021-12-17 17:39:22 - [TEST_CASE][PASSED] - Test Cases/0.1-Login: Test Cases/0.1-Login

2021-12-17 17:39:22 - [TEST_STEP][PASSED] - openBrowser(""): Browser is opened with url: ''

2021-12-17 17:39:22 - [MESSAGE][WARNING] - A browser is already opened. Closing browser and opening a new one

2021-12-17 17:39:23 - [MESSAGE][INFO] - Starting 'Chrome' driver

2021-12-17 17:39:23 - [MESSAGE][INFO] - Action delay is set to 0 milliseconds

2021-12-17 17:39:24 - [MESSAGE][PASSED] - Browser is opened with url: ''

2021-12-17 17:39:24 - [TEST_STEP][PASSED] - maximizeWindow(): Current window maximized

2021-12-17 17:39:24 - [MESSAGE][PASSED] - Current window maximized

2021-12-17 17:39:24 - [TEST_STEP][PASSED] - i = G_Login: null

2021-12-17 17:39:24 - [TEST_STEP][PASSED] - url = new java.net.URL(i): null

2021-12-17 17:39:24 - [TEST_STEP][PASSED] - println("URL: " + url.toString()): null

2021-12-17 17:39:24 - [TEST_STEP][PASSED] - connection = url.openConnection(): null

2021-12-17 17:39:24 - [TEST_STEP][PASSED] - connection.setRequestMethod("GET"): null

2021-12-17 17:39:24 - [TEST_STEP][PASSED] - connection.setReadTimeout(2 * 1000): null

2021-12-17 17:39:24 - [TEST_STEP][PASSED] - try: null

2021-12-17 17:39:24 - [TEST_STEP][PASSED] - connection.connect(): null

2021-12-17 17:39:24 - [TEST_STEP][PASSED] - flag = connected: null

2021-12-17 17:39:24 - [TEST_STEP][PASSED] - println("Valor_ori: " + flag): null

2021-12-17 17:39:24 - [TEST_STEP][PASSED] - if (flag): null

2021-12-17 17:39:24 - [TEST_STEP][PASSED] - navigateToUrl(i): Navigate to 'http://192.168.2.29:7001/saraweb' successfully

2021-12-17 17:39:31 - [MESSAGE][PASSED] - Navigate to 'http://192.168.2.29:7001/saraweb' successfully

2021-12-17 17:39:31 - [TEST_STEP][PASSED] - a(): null

2021-12-17 17:39:31 - [TEST_STEP][PASSED] - setText(findTestObject("Login/input_USUARIO_loginusuario"), G_Usuario): Text 'weblogic' is set on object 'Object Repository/Login/input_USUARIO_loginusuario'

2021-12-17 17:39:32 - [MESSAGE][PASSED] - Text 'weblogic' is set on object 'Object Repository/Login/input_USUARIO_loginusuario'

2021-12-17 17:39:32 - [TEST_STEP][PASSED] - setEncryptedText(findTestObject("Login/input_CLAVE_loginpassword"), "MkG4/TYiCFC3cb2driP7+Q=="): Text ****** has been set on object 'Object Repository/Login/input_CLAVE_loginpassword'

2021-12-17 17:39:32 - [MESSAGE][PASSED] - Text ****** has been set on object 'Object Repository/Login/input_CLAVE_loginpassword'

2021-12-17 17:39:32 - [TEST_STEP][PASSED] - waitForElementClickable(findTestObject("Login/a_Ingresar"), G_TimeOut): Object 'Object Repository/Login/a_Ingresar' is clickable

2021-12-17 17:39:33 - [MESSAGE][PASSED] - Object 'Object Repository/Login/a_Ingresar' is clickable

2021-12-17 17:39:33 - [TEST_STEP][PASSED] - click(findTestObject("Login/a_Ingresar")): Object: 'Object Repository/Login/a_Ingresar' is clicked on

2021-12-17 17:39:45 - [MESSAGE][PASSED] - Object: 'Object Repository/Login/a_Ingresar' is clicked on

2021-12-17 17:39:45 - [TEST_STEP][PASSED] - element = findWebElement(findTestObject("Login/a_Ir"), 30): null

2021-12-17 17:39:45 - [TEST_STEP][PASSED] - executeJavaScript("arguments[0].click()", Arrays.asList(element)): Execute JavaScript 'arguments[0].click()' successfully

2021-12-17 17:39:45 - [MESSAGE][PASSED] - Execute JavaScript 'arguments[0].click()' successfully

2021-12-17 17:39:45 - [MESSAGE][PASSED] - Call Test Case 'Test Cases/0.1-Login' successfully

2021-12-17 17:39:45 - [TEST_STEP][PASSED] - setText(findTestObject("Modulo Tarea Listado Hojas de Vida/Tareas Listado Hojas de Vida/input_Listado Hojas De Vida_form_templatej_idt24_input"), "Listado de Empleados"): Text 'Listado de Empleados' is set on object 'Object Repository/Modulo Tarea Listado Hojas de Vida/Tareas Listado Hojas de Vida/input_Listado Hojas De Vida_form_templatej_idt24_input'

2021-12-17 17:39:57 - [MESSAGE][PASSED] - Text 'Listado de Empleados' is set on object 'Object Repository/Modulo Tarea Listado Hojas de Vida/Tareas Listado Hojas de Vida/input_Listado Hojas De Vida_form_templatej_idt24_input'

2021-12-17 17:39:57 - [TEST_STEP][PASSED] - delay(3): Delayed 3 second(s)

2021-12-17 17:40:00 - [MESSAGE][PASSED] - Delayed 3 second(s)

2021-12-17 17:40:00 - [TEST_STEP][PASSED] - sendKeys(findTestObject("Modulo Tarea Listado Hojas de Vida/Tareas Listado Hojas de Vida/input_Listado Hojas De Vida_form_templatej_idt24_input"), Keys.chord(ENTER)): Keys 'ENTER + ' sent to object: 'Object Repository/Modulo Tarea Listado Hojas de Vida/Tareas Listado Hojas de Vida/input_Listado Hojas De Vida_form_templatej_idt24_input'

2021-12-17 17:40:00 - [MESSAGE][PASSED] - Keys 'ENTER + ' sent to object: 'Object Repository/Modulo Tarea Listado Hojas de Vida/Tareas Listado Hojas de Vida/input_Listado Hojas De Vida_form_templatej_idt24_input'

2021-12-17 17:40:00 - [MESSAGE][PASSED] - Call Test Case 'Test Cases/Hutilidades/Tareas Administracion Compensacion/Tarea Listado Empleados' successfully

2021-12-17 17:40:00 - [TEST_STEP][PASSED] - setText(findTestObject("Modulo Tarea Administracion Compensacion/Dias con Permisos Pasivos Permitidos/input_Identificacin_listadoEmpleadoIdentificacionEmpleado"), "1234567890"): Text '1234567890' is set on object 'Object Repository/Modulo Tarea Administracion Compensacion/Dias con Permisos Pasivos Permitidos/input_Identificacin_listadoEmpleadoIdentificacionEmpleado'

2021-12-17 17:40:12 - [MESSAGE][PASSED] - Text '1234567890' is set on object 'Object Repository/Modulo Tarea Administracion Compensacion/Dias con Permisos Pasivos Permitidos/input_Identificacin_listadoEmpleadoIdentificacionEmpleado'

2021-12-17 17:40:12 - [TEST_STEP][PASSED] - sendKeys(findTestObject("Modulo Tarea Administracion Compensacion/Dias con Permisos Pasivos Permitidos/input_Identificacin_listadoEmpleadoIdentificacionEmpleado"), Keys.chord(ENTER)): Keys 'ENTER + ' sent to object: 'Object Repository/Modulo Tarea Administracion Compensacion/Dias con Permisos Pasivos Permitidos/input_Identificacin_listadoEmpleadoIdentificacionEmpleado'

2021-12-17 17:40:12 - [MESSAGE][PASSED] - Keys 'ENTER + ' sent to object: 'Object Repository/Modulo Tarea Administracion Compensacion/Dias con Permisos Pasivos Permitidos/input_Identificacin_listadoEmpleadoIdentificacionEmpleado'

2021-12-17 17:40:12 - [TEST_STEP][PASSED] - waitForElementClickable(findTestObject("Modulo Tarea Administracion Compensacion/Dias con Permisos Pasivos Permitidos/span_Consta Belfegord Jhon"), G_TimeOut): Object 'Object Repository/Modulo Tarea Administracion Compensacion/Dias con Permisos Pasivos Permitidos/span_Consta Belfegord Jhon' is clickable

2021-12-17 17:40:14 - [MESSAGE][PASSED] - Object 'Object Repository/Modulo Tarea Administracion Compensacion/Dias con Permisos Pasivos Permitidos/span_Consta Belfegord Jhon' is clickable

2021-12-17 17:40:14 - [TEST_STEP][PASSED] - click(findTestObject("Modulo Tarea Administracion Compensacion/Dias con Permisos Pasivos Permitidos/span_Consta Belfegord Jhon")): Object: 'Object Repository/Modulo Tarea Administracion Compensacion/Dias con Permisos Pasivos Permitidos/span_Consta Belfegord Jhon' is clicked on

2021-12-17 17:40:14 - [MESSAGE][PASSED] - Object: 'Object Repository/Modulo Tarea Administracion Compensacion/Dias con Permisos Pasivos Permitidos/span_Consta Belfegord Jhon' is clicked on

2021-12-17 17:40:14 - [TEST_STEP][PASSED] - waitForElementClickable(findTestObject("Modulo Tarea Administracion Compensacion/Dias con Permisos Pasivos Permitidos/a_Vacacin"), G_TimeOut): Object 'Object Repository/Modulo Tarea Administracion Compensacion/Dias con Permisos Pasivos Permitidos/a_Vacacin' is clickable

2021-12-17 17:40:16 - [MESSAGE][PASSED] - Object 'Object Repository/Modulo Tarea Administracion Compensacion/Dias con Permisos Pasivos Permitidos/a_Vacacin' is clickable

2021-12-17 17:40:16 - [TEST_STEP][PASSED] - click(findTestObject("Modulo Tarea Administracion Compensacion/Dias con Permisos Pasivos Permitidos/a_Vacacin")): Object: 'Object Repository/Modulo Tarea Administracion Compensacion/Dias con Permisos Pasivos Permitidos/a_Vacacin' is clicked on

2021-12-17 17:40:16 - [MESSAGE][PASSED] - Object: 'Object Repository/Modulo Tarea Administracion Compensacion/Dias con Permisos Pasivos Permitidos/a_Vacacin' is clicked on

2021-12-17 17:40:16 - [TEST_STEP][PASSED] - if (waitForElementClickable(findTestObject("Modulo Tarea Administracion Compensacion/Dias con Permisos Pasivos Permitidos/span_Programacion De Vacaciones"), G_TimeOut)): Web element with id: 'Object Repository/Modulo Tarea Administracion Compensacion/Dias con Permisos Pasivos Permitidos/span_Programacion De Vacaciones' located by '//*/text()[normalize-space(.)='Programacion De Vacaciones']/parent::*' not found

2021-12-17 17:40:47 - [MESSAGE][INFO] - Unable to find the element located by 'By.xpath: //*/text()[normalize-space(.)='Programacion De Vacaciones']/parent::*'. Please recheck the objects properties to make sure the desired element is located. 

2021-12-17 17:40:47 - [MESSAGE][WARNING] - Web element with id: 'Object Repository/Modulo Tarea Administracion Compensacion/Dias con Permisos Pasivos Permitidos/span_Programacion De Vacaciones' located by '//*/text()[normalize-space(.)='Programacion De Vacaciones']/parent::*' not found

2021-12-17 17:40:47 - [TEST_STEP][PASSED] - click(findTestObject("Modulo Tarea Administracion Compensacion/Dias con Permisos Pasivos Permitidos/a_Histrico")): Object: 'Object Repository/Modulo Tarea Administracion Compensacion/Dias con Permisos Pasivos Permitidos/a_Histrico' is clicked on

2021-12-17 17:40:48 - [MESSAGE][PASSED] - Object: 'Object Repository/Modulo Tarea Administracion Compensacion/Dias con Permisos Pasivos Permitidos/a_Histrico' is clicked on

2021-12-17 17:40:48 - [TEST_STEP][PASSED] - if (waitForElementClickable(findTestObject("Modulo Tarea Administracion Compensacion/Dias con Permisos Pasivos Permitidos/span_Programacion De Vacaciones"), 1)): Web element with id: 'Object Repository/Modulo Tarea Administracion Compensacion/Dias con Permisos Pasivos Permitidos/span_Programacion De Vacaciones' located by '//*/text()[normalize-space(.)='Programacion De Vacaciones']/parent::*' not found

2021-12-17 17:40:50 - [MESSAGE][INFO] - Unable to find the element located by 'By.xpath: //*/text()[normalize-space(.)='Programacion De Vacaciones']/parent::*'. Please recheck the objects properties to make sure the desired element is located. 

2021-12-17 17:40:50 - [MESSAGE][WARNING] - Web element with id: 'Object Repository/Modulo Tarea Administracion Compensacion/Dias con Permisos Pasivos Permitidos/span_Programacion De Vacaciones' located by '//*/text()[normalize-space(.)='Programacion De Vacaciones']/parent::*' not found

2021-12-17 17:40:50 - [TEST_STEP][PASSED] - click(findTestObject("Modulo Tarea Administracion Compensacion/Dias con Permisos Pasivos Permitidos/a_Vacaciones")): Object: 'Object Repository/Modulo Tarea Administracion Compensacion/Dias con Permisos Pasivos Permitidos/a_Vacaciones' is clicked on

2021-12-17 17:40:50 - [MESSAGE][PASSED] - Object: 'Object Repository/Modulo Tarea Administracion Compensacion/Dias con Permisos Pasivos Permitidos/a_Vacaciones' is clicked on

2021-12-17 17:40:50 - [TEST_STEP][PASSED] - waitForElementClickable(findTestObject("Modulo Tarea Administracion Compensacion/Dias con Permisos Pasivos Permitidos/a_Nuevo Pasivo"), G_TimeOut): Object 'Object Repository/Modulo Tarea Administracion Compensacion/Dias con Permisos Pasivos Permitidos/a_Nuevo Pasivo' is clickable

2021-12-17 17:40:51 - [MESSAGE][PASSED] - Object 'Object Repository/Modulo Tarea Administracion Compensacion/Dias con Permisos Pasivos Permitidos/a_Nuevo Pasivo' is clickable

2021-12-17 17:40:51 - [TEST_STEP][PASSED] - click(findTestObject("Modulo Tarea Administracion Compensacion/Dias con Permisos Pasivos Permitidos/a_Nuevo Pasivo")): Object: 'Object Repository/Modulo Tarea Administracion Compensacion/Dias con Permisos Pasivos Permitidos/a_Nuevo Pasivo' is clicked on

2021-12-17 17:40:51 - [MESSAGE][PASSED] - Object: 'Object Repository/Modulo Tarea Administracion Compensacion/Dias con Permisos Pasivos Permitidos/a_Nuevo Pasivo' is clicked on

2021-12-17 17:40:51 - [TEST_STEP][PASSED] - click(findTestObject("Modulo Tarea Administracion Compensacion/Dias con Permisos Pasivos Permitidos/a_pestaa Vacaciones")): Object: 'Object Repository/Modulo Tarea Administracion Compensacion/Dias con Permisos Pasivos Permitidos/a_pestaa Vacaciones' is clicked on

2021-12-17 17:40:53 - [MESSAGE][PASSED] - Object: 'Object Repository/Modulo Tarea Administracion Compensacion/Dias con Permisos Pasivos Permitidos/a_pestaa Vacaciones' is clicked on

2021-12-17 17:40:53 - [TEST_STEP][PASSED] - selectOptionByIndex(findTestObject("Modulo Tarea Administracion Compensacion/Dias con Permisos Pasivos Permitidos/select_APLAZAMIENTOPROGRAMACION DE VACACIONES"), "2"): All options with index in [2] are selected on object 'Object Repository/Modulo Tarea Administracion Compensacion/Dias con Permisos Pasivos Permitidos/select_APLAZAMIENTOPROGRAMACION DE VACACIONES'

2021-12-17 17:40:54 - [MESSAGE][PASSED] - All options with index in [2] are selected on object 'Object Repository/Modulo Tarea Administracion Compensacion/Dias con Permisos Pasivos Permitidos/select_APLAZAMIENTOPROGRAMACION DE VACACIONES'

2021-12-17 17:40:54 - [TEST_STEP][PASSED] - selectOptionByIndex(findTestObject("Modulo Tarea Administracion Compensacion/Dias con Permisos Pasivos Permitidos/select_InterrupcinNo Aplica"), "1"): All options with index in [1] are selected on object 'Object Repository/Modulo Tarea Administracion Compensacion/Dias con Permisos Pasivos Permitidos/select_InterrupcinNo Aplica'

2021-12-17 17:40:55 - [MESSAGE][PASSED] - All options with index in [1] are selected on object 'Object Repository/Modulo Tarea Administracion Compensacion/Dias con Permisos Pasivos Permitidos/select_InterrupcinNo Aplica'

2021-12-17 17:40:55 - [TEST_STEP][PASSED] - setText(findTestObject("Modulo Tarea Administracion Compensacion/Dias con Permisos Pasivos Permitidos/input_Periodo Servicio_form_"), "01/06/2021"): Text '01/06/2021' is set on object 'Object Repository/Modulo Tarea Administracion Compensacion/Dias con Permisos Pasivos Permitidos/input_Periodo Servicio_form_'

2021-12-17 17:40:56 - [MESSAGE][PASSED] - Text '01/06/2021' is set on object 'Object Repository/Modulo Tarea Administracion Compensacion/Dias con Permisos Pasivos Permitidos/input_Periodo Servicio_form_'

2021-12-17 17:40:56 - [TEST_STEP][PASSED] - click(findTestObject("Modulo Tarea Administracion Compensacion/Dias con Permisos Pasivos Permitidos/span_Periodo Servicio"), STOP_ON_FAILURE): Object: 'Object Repository/Modulo Tarea Administracion Compensacion/Dias con Permisos Pasivos Permitidos/span_Periodo Servicio' is clicked on

2021-12-17 17:40:56 - [MESSAGE][PASSED] - Object: 'Object Repository/Modulo Tarea Administracion Compensacion/Dias con Permisos Pasivos Permitidos/span_Periodo Servicio' is clicked on

2021-12-17 17:40:56 - [TEST_STEP][PASSED] - setText(findTestObject("Modulo Tarea Administracion Compensacion/Dias con Permisos Pasivos Permitidos/input_Periodo Servicio_form_vacaciones"), "06/06/2021"): Text '06/06/2021' is set on object 'Object Repository/Modulo Tarea Administracion Compensacion/Dias con Permisos Pasivos Permitidos/input_Periodo Servicio_form_vacaciones'

2021-12-17 17:40:57 - [MESSAGE][PASSED] - Text '06/06/2021' is set on object 'Object Repository/Modulo Tarea Administracion Compensacion/Dias con Permisos Pasivos Permitidos/input_Periodo Servicio_form_vacaciones'

2021-12-17 17:40:57 - [TEST_STEP][PASSED] - sendKeys(findTestObject("Modulo Tarea Administracion Compensacion/Dias con Permisos Pasivos Permitidos/input_Periodo Servicio_form_vacaciones"), Keys.chord(ENTER)): Keys 'ENTER + ' sent to object: 'Object Repository/Modulo Tarea Administracion Compensacion/Dias con Permisos Pasivos Permitidos/input_Periodo Servicio_form_vacaciones'

2021-12-17 17:40:58 - [MESSAGE][PASSED] - Keys 'ENTER + ' sent to object: 'Object Repository/Modulo Tarea Administracion Compensacion/Dias con Permisos Pasivos Permitidos/input_Periodo Servicio_form_vacaciones'

2021-12-17 17:40:58 - [TEST_STEP][PASSED] - setText(findTestObject("Modulo Tarea Administracion Compensacion/Dias con Permisos Pasivos Permitidos/input_Das_form_vacacionesEmpleadotabs"), "5"): Text '5' is set on object 'Object Repository/Modulo Tarea Administracion Compensacion/Dias con Permisos Pasivos Permitidos/input_Das_form_vacacionesEmpleadotabs'

2021-12-17 17:40:58 - [MESSAGE][PASSED] - Text '5' is set on object 'Object Repository/Modulo Tarea Administracion Compensacion/Dias con Permisos Pasivos Permitidos/input_Das_form_vacacionesEmpleadotabs'

2021-12-17 17:40:58 - [TEST_STEP][PASSED] - setText(findTestObject("Modulo Tarea Administracion Compensacion/Dias con Permisos Pasivos Permitidos/input_Fecha Origen_form_vacaciones"), "01/06/2021"): Text '01/06/2021' is set on object 'Object Repository/Modulo Tarea Administracion Compensacion/Dias con Permisos Pasivos Permitidos/input_Fecha Origen_form_vacaciones'

2021-12-17 17:40:59 - [MESSAGE][PASSED] - Text '01/06/2021' is set on object 'Object Repository/Modulo Tarea Administracion Compensacion/Dias con Permisos Pasivos Permitidos/input_Fecha Origen_form_vacaciones'

2021-12-17 17:40:59 - [TEST_STEP][PASSED] - sendKeys(findTestObject("Modulo Tarea Administracion Compensacion/Dias con Permisos Pasivos Permitidos/input_Fecha Origen_form_vacaciones"), Keys.chord(ENTER)): Keys 'ENTER + ' sent to object: 'Object Repository/Modulo Tarea Administracion Compensacion/Dias con Permisos Pasivos Permitidos/input_Fecha Origen_form_vacaciones'

2021-12-17 17:41:00 - [MESSAGE][PASSED] - Keys 'ENTER + ' sent to object: 'Object Repository/Modulo Tarea Administracion Compensacion/Dias con Permisos Pasivos Permitidos/input_Fecha Origen_form_vacaciones'

2021-12-17 17:41:00 - [TEST_STEP][PASSED] - waitForElementClickable(findTestObject("Modulo Tarea Administracion Compensacion/Dias con Permisos Pasivos Permitidos/a_Guardar"), G_TimeOut): Object 'Object Repository/Modulo Tarea Administracion Compensacion/Dias con Permisos Pasivos Permitidos/a_Guardar' is clickable

2021-12-17 17:41:00 - [MESSAGE][PASSED] - Object 'Object Repository/Modulo Tarea Administracion Compensacion/Dias con Permisos Pasivos Permitidos/a_Guardar' is clickable

2021-12-17 17:41:00 - [TEST_STEP][PASSED] - click(findTestObject("Modulo Tarea Administracion Compensacion/Dias con Permisos Pasivos Permitidos/a_Guardar")): Object: 'Object Repository/Modulo Tarea Administracion Compensacion/Dias con Permisos Pasivos Permitidos/a_Guardar' is clicked on

2021-12-17 17:41:01 - [MESSAGE][PASSED] - Object: 'Object Repository/Modulo Tarea Administracion Compensacion/Dias con Permisos Pasivos Permitidos/a_Guardar' is clicked on

2021-12-17 17:41:01 - [TEST_STEP][PASSED] - waitForElementClickable(findTestObject("Modulo Tarea Administracion Compensacion/Dias con Permisos Pasivos Permitidos/a_Regresar"), G_TimeOut): Object 'Object Repository/Modulo Tarea Administracion Compensacion/Dias con Permisos Pasivos Permitidos/a_Regresar' is clickable

2021-12-17 17:41:02 - [MESSAGE][PASSED] - Object 'Object Repository/Modulo Tarea Administracion Compensacion/Dias con Permisos Pasivos Permitidos/a_Regresar' is clickable

2021-12-17 17:41:02 - [TEST_STEP][PASSED] - click(findTestObject("Modulo Tarea Administracion Compensacion/Dias con Permisos Pasivos Permitidos/a_Regresar")): Object: 'Object Repository/Modulo Tarea Administracion Compensacion/Dias con Permisos Pasivos Permitidos/a_Regresar' is clicked on

2021-12-17 17:41:03 - [MESSAGE][PASSED] - Object: 'Object Repository/Modulo Tarea Administracion Compensacion/Dias con Permisos Pasivos Permitidos/a_Regresar' is clicked on

2021-12-17 17:41:03 - [TEST_STEP][PASSED] - delay(3): Delayed 3 second(s)

2021-12-17 17:41:06 - [MESSAGE][PASSED] - Delayed 3 second(s)

2021-12-17 17:41:06 - [TEST_STEP][PASSED] - if (waitForElementClickable(findTestObject("Modulo Tarea Administracion Compensacion/Dias con Permisos Pasivos Permitidos/td_02062021"), 1)): null

2021-12-17 17:41:06 - [MESSAGE][PASSED] - Object 'Object Repository/Modulo Tarea Administracion Compensacion/Dias con Permisos Pasivos Permitidos/td_02062021' is clickable

2021-12-17 17:41:06 - [TEST_STEP][PASSED] - click(findTestObject("Modulo Tarea Administracion Compensacion/Dias con Permisos Pasivos Permitidos/td_02062021")): Object: 'Object Repository/Modulo Tarea Administracion Compensacion/Dias con Permisos Pasivos Permitidos/td_02062021' is clicked on

2021-12-17 17:41:06 - [MESSAGE][PASSED] - Object: 'Object Repository/Modulo Tarea Administracion Compensacion/Dias con Permisos Pasivos Permitidos/td_02062021' is clicked on

2021-12-17 17:41:06 - [TEST_STEP][PASSED] - waitForElementClickable(findTestObject("Modulo Tarea Administracion Compensacion/Dias con Permisos Pasivos Permitidos/a_Eliminar Directo_Solicitud"), 0): Object 'Object Repository/Modulo Tarea Administracion Compensacion/Dias con Permisos Pasivos Permitidos/a_Eliminar Directo_Solicitud' is clickable

2021-12-17 17:41:06 - [MESSAGE][WARNING] - Timeout '0' is invalid. Using default page load timeout: '30'

2021-12-17 17:41:08 - [MESSAGE][PASSED] - Object 'Object Repository/Modulo Tarea Administracion Compensacion/Dias con Permisos Pasivos Permitidos/a_Eliminar Directo_Solicitud' is clickable

2021-12-17 17:41:08 - [TEST_STEP][PASSED] - click(findTestObject("Modulo Tarea Administracion Compensacion/Dias con Permisos Pasivos Permitidos/a_Eliminar Directo_Solicitud")): Object: 'Object Repository/Modulo Tarea Administracion Compensacion/Dias con Permisos Pasivos Permitidos/a_Eliminar Directo_Solicitud' is clicked on

2021-12-17 17:41:08 - [MESSAGE][PASSED] - Object: 'Object Repository/Modulo Tarea Administracion Compensacion/Dias con Permisos Pasivos Permitidos/a_Eliminar Directo_Solicitud' is clicked on

2021-12-17 17:41:08 - [TEST_STEP][PASSED] - click(findTestObject("Modulo Tarea Administracion Compensacion/Dias con Permisos Pasivos Permitidos/a_Aceptar")): Object: 'Object Repository/Modulo Tarea Administracion Compensacion/Dias con Permisos Pasivos Permitidos/a_Aceptar' is clicked on

2021-12-17 17:41:21 - [MESSAGE][PASSED] - Object: 'Object Repository/Modulo Tarea Administracion Compensacion/Dias con Permisos Pasivos Permitidos/a_Aceptar' is clicked on

2021-12-17 17:41:21 - [TEST_STEP][PASSED] - waitForElementClickable(findTestObject("Modulo Tarea Administracion Compensacion/Dias con Permisos Pasivos Permitidos/a_Nueva Solicitud"), G_TimeOut): Object 'Object Repository/Modulo Tarea Administracion Compensacion/Dias con Permisos Pasivos Permitidos/a_Nueva Solicitud' is clickable

2021-12-17 17:41:22 - [MESSAGE][PASSED] - Object 'Object Repository/Modulo Tarea Administracion Compensacion/Dias con Permisos Pasivos Permitidos/a_Nueva Solicitud' is clickable

2021-12-17 17:41:22 - [TEST_STEP][PASSED] - click(findTestObject("Modulo Tarea Administracion Compensacion/Dias con Permisos Pasivos Permitidos/a_Nueva Solicitud")): Object: 'Object Repository/Modulo Tarea Administracion Compensacion/Dias con Permisos Pasivos Permitidos/a_Nueva Solicitud' is clicked on

2021-12-17 17:41:22 - [MESSAGE][PASSED] - Object: 'Object Repository/Modulo Tarea Administracion Compensacion/Dias con Permisos Pasivos Permitidos/a_Nueva Solicitud' is clicked on

2021-12-17 17:41:22 - [TEST_STEP][PASSED] - setText(findTestObject("Modulo Tarea Administracion Compensacion/Dias con Permisos Pasivos Permitidos/input_Salida Nomina_form_vacaciones"), "01/06/2021"): Text '01/06/2021' is set on object 'Object Repository/Modulo Tarea Administracion Compensacion/Dias con Permisos Pasivos Permitidos/input_Salida Nomina_form_vacaciones'

2021-12-17 17:41:24 - [MESSAGE][PASSED] - Text '01/06/2021' is set on object 'Object Repository/Modulo Tarea Administracion Compensacion/Dias con Permisos Pasivos Permitidos/input_Salida Nomina_form_vacaciones'

2021-12-17 17:41:24 - [TEST_STEP][PASSED] - sendKeys(findTestObject("Modulo Tarea Administracion Compensacion/Dias con Permisos Pasivos Permitidos/input_Salida Nomina_form_vacaciones"), Keys.chord(ENTER)): Keys 'ENTER + ' sent to object: 'Object Repository/Modulo Tarea Administracion Compensacion/Dias con Permisos Pasivos Permitidos/input_Salida Nomina_form_vacaciones'

2021-12-17 17:41:25 - [MESSAGE][PASSED] - Keys 'ENTER + ' sent to object: 'Object Repository/Modulo Tarea Administracion Compensacion/Dias con Permisos Pasivos Permitidos/input_Salida Nomina_form_vacaciones'

2021-12-17 17:41:25 - [TEST_STEP][PASSED] - selectOptionByIndex(findTestObject("Modulo Tarea Administracion Compensacion/Dias con Permisos Pasivos Permitidos/select_SeleccioneChequeEntidad_"), "3"): All options with index in [3] are selected on object 'Object Repository/Modulo Tarea Administracion Compensacion/Dias con Permisos Pasivos Permitidos/select_SeleccioneChequeEntidad_'

2021-12-17 17:41:26 - [MESSAGE][PASSED] - All options with index in [3] are selected on object 'Object Repository/Modulo Tarea Administracion Compensacion/Dias con Permisos Pasivos Permitidos/select_SeleccioneChequeEntidad_'

2021-12-17 17:41:26 - [TEST_STEP][PASSED] - setText(findTestObject("Modulo Tarea Administracion Compensacion/Dias con Permisos Pasivos Permitidos/input_Pago_form_vacacionesEmpleado"), "01/06/2021"): Text '01/06/2021' is set on object 'Object Repository/Modulo Tarea Administracion Compensacion/Dias con Permisos Pasivos Permitidos/input_Pago_form_vacacionesEmpleado'

2021-12-17 17:41:27 - [MESSAGE][PASSED] - Text '01/06/2021' is set on object 'Object Repository/Modulo Tarea Administracion Compensacion/Dias con Permisos Pasivos Permitidos/input_Pago_form_vacacionesEmpleado'

2021-12-17 17:41:27 - [TEST_STEP][PASSED] - sendKeys(findTestObject("Modulo Tarea Administracion Compensacion/Dias con Permisos Pasivos Permitidos/input_Pago_form_vacacionesEmpleado"), Keys.chord(ENTER)): Keys 'ENTER + ' sent to object: 'Object Repository/Modulo Tarea Administracion Compensacion/Dias con Permisos Pasivos Permitidos/input_Pago_form_vacacionesEmpleado'

2021-12-17 17:41:27 - [MESSAGE][PASSED] - Keys 'ENTER + ' sent to object: 'Object Repository/Modulo Tarea Administracion Compensacion/Dias con Permisos Pasivos Permitidos/input_Pago_form_vacacionesEmpleado'

2021-12-17 17:41:27 - [TEST_STEP][PASSED] - setText(findTestObject("Modulo Tarea Administracion Compensacion/Dias con Permisos Pasivos Permitidos/input_Disfrute_form_vacacionesEmpleado"), "1"): Text '1' is set on object 'Object Repository/Modulo Tarea Administracion Compensacion/Dias con Permisos Pasivos Permitidos/input_Disfrute_form_vacacionesEmpleado'

2021-12-17 17:41:28 - [MESSAGE][PASSED] - Text '1' is set on object 'Object Repository/Modulo Tarea Administracion Compensacion/Dias con Permisos Pasivos Permitidos/input_Disfrute_form_vacacionesEmpleado'

2021-12-17 17:41:28 - [TEST_STEP][PASSED] - setText(findTestObject("Modulo Tarea Administracion Compensacion/Dias con Permisos Pasivos Permitidos/input_Compensados_form_vacaciones"), "1"): Text '1' is set on object 'Object Repository/Modulo Tarea Administracion Compensacion/Dias con Permisos Pasivos Permitidos/input_Compensados_form_vacaciones'

2021-12-17 17:41:29 - [MESSAGE][PASSED] - Text '1' is set on object 'Object Repository/Modulo Tarea Administracion Compensacion/Dias con Permisos Pasivos Permitidos/input_Compensados_form_vacaciones'

2021-12-17 17:41:29 - [TEST_STEP][PASSED] - setText(findTestObject("Modulo Tarea Administracion Compensacion/Dias con Permisos Pasivos Permitidos/textarea_Observacin_form_vacaciones"), "Pruebas sara"): Text 'Pruebas sara' is set on object 'Object Repository/Modulo Tarea Administracion Compensacion/Dias con Permisos Pasivos Permitidos/textarea_Observacin_form_vacaciones'

2021-12-17 17:41:30 - [MESSAGE][PASSED] - Text 'Pruebas sara' is set on object 'Object Repository/Modulo Tarea Administracion Compensacion/Dias con Permisos Pasivos Permitidos/textarea_Observacin_form_vacaciones'

2021-12-17 17:41:30 - [TEST_STEP][PASSED] - waitForElementClickable(findTestObject("Modulo Tarea Administracion Compensacion/Dias con Permisos Pasivos Permitidos/a_Verificar"), G_TimeOut): Object 'Object Repository/Modulo Tarea Administracion Compensacion/Dias con Permisos Pasivos Permitidos/a_Verificar' is clickable

2021-12-17 17:41:30 - [MESSAGE][PASSED] - Object 'Object Repository/Modulo Tarea Administracion Compensacion/Dias con Permisos Pasivos Permitidos/a_Verificar' is clickable

2021-12-17 17:41:30 - [TEST_STEP][PASSED] - click(findTestObject("Modulo Tarea Administracion Compensacion/Dias con Permisos Pasivos Permitidos/a_Verificar")): Object: 'Object Repository/Modulo Tarea Administracion Compensacion/Dias con Permisos Pasivos Permitidos/a_Verificar' is clicked on

2021-12-17 17:41:30 - [MESSAGE][PASSED] - Object: 'Object Repository/Modulo Tarea Administracion Compensacion/Dias con Permisos Pasivos Permitidos/a_Verificar' is clicked on

2021-12-17 17:41:30 - [TEST_STEP][PASSED] - waitForElementClickable(findTestObject("Modulo Tarea Administracion Compensacion/Dias con Permisos Pasivos Permitidos/a_Guardar_solicitudes"), 0): Object 'Object Repository/Modulo Tarea Administracion Compensacion/Dias con Permisos Pasivos Permitidos/a_Guardar_solicitudes' is clickable

2021-12-17 17:41:30 - [MESSAGE][WARNING] - Timeout '0' is invalid. Using default page load timeout: '30'

2021-12-17 17:41:32 - [MESSAGE][PASSED] - Object 'Object Repository/Modulo Tarea Administracion Compensacion/Dias con Permisos Pasivos Permitidos/a_Guardar_solicitudes' is clickable

2021-12-17 17:41:32 - [TEST_STEP][PASSED] - click(findTestObject("Modulo Tarea Administracion Compensacion/Dias con Permisos Pasivos Permitidos/a_Guardar_solicitudes")): Object: 'Object Repository/Modulo Tarea Administracion Compensacion/Dias con Permisos Pasivos Permitidos/a_Guardar_solicitudes' is clicked on

2021-12-17 17:41:32 - [MESSAGE][PASSED] - Object: 'Object Repository/Modulo Tarea Administracion Compensacion/Dias con Permisos Pasivos Permitidos/a_Guardar_solicitudes' is clicked on

2021-12-17 17:41:32 - [TEST_STEP][PASSED] - getText(findTestObject("Alerta/Alerta")): Text of object 'Object Repository/Alerta/Alerta' is: 'Se modifico exitosamente su solicitud'

2021-12-17 17:41:34 - [MESSAGE][PASSED] - Text of object 'Object Repository/Alerta/Alerta' is: 'Se modifico exitosamente su solicitud'

2021-12-17 17:41:34 - [TEST_STEP][PASSED] - click(findTestObject("Modulo Tarea Administracion Compensacion/Dias con Permisos Pasivos Permitidos/a_Regresar_vacaciones")): Object: 'Object Repository/Modulo Tarea Administracion Compensacion/Dias con Permisos Pasivos Permitidos/a_Regresar_vacaciones' is clicked on

2021-12-17 17:41:34 - [MESSAGE][PASSED] - Object: 'Object Repository/Modulo Tarea Administracion Compensacion/Dias con Permisos Pasivos Permitidos/a_Regresar_vacaciones' is clicked on]]></system-out>
         <system-err><![CDATA[]]></system-err>
      </testcase>
      <testcase name="Test Cases/1.1-Tareas Principales/1.1.7-Generar Vacaciones" time="147.278" classname="Test Cases/1.1-Tareas Principales/1.1.7-Generar Vacaciones" status="PASSED">
         <system-out><![CDATA[2021-12-17 17:41:34 - [TEST_CASE][PASSED] - Test Cases/1.1-Tareas Principales/1.1.7-Generar Vacaciones: Test Cases/1.1-Tareas Principales/1.1.7-Generar Vacaciones

2021-12-17 17:41:34 - [TEST_STEP][PASSED] - callTestCase(findTestCase("1.1-Tareas Principales/1.1.6-crear vacaciones"), [:], STOP_ON_FAILURE): Call Test Case 'Test Cases/1.1-Tareas Principales/1.1.6-crear vacaciones' successfully

2021-12-17 17:41:34 - [TEST_CASE][PASSED] - Test Cases/1.1-Tareas Principales/1.1.6-crear vacaciones: Test Cases/1.1-Tareas Principales/1.1.6-crear vacaciones

2021-12-17 17:41:34 - [TEST_STEP][PASSED] - callTestCase(findTestCase("Hutilidades/Tareas Administracion Compensacion/Tarea Listado Empleados"), [:], STOP_ON_FAILURE): Call Test Case 'Test Cases/Hutilidades/Tareas Administracion Compensacion/Tarea Listado Empleados' successfully

2021-12-17 17:41:34 - [TEST_CASE][PASSED] - Test Cases/Hutilidades/Tareas Administracion Compensacion/Tarea Listado Empleados: Test Cases/Hutilidades/Tareas Administracion Compensacion/Tarea Listado Empleados

2021-12-17 17:41:34 - [TEST_STEP][PASSED] - callTestCase(findTestCase("0.1-Login"), [:], STOP_ON_FAILURE): Call Test Case 'Test Cases/0.1-Login' successfully

2021-12-17 17:41:35 - [TEST_CASE][PASSED] - Test Cases/0.1-Login: Test Cases/0.1-Login

2021-12-17 17:41:35 - [TEST_STEP][PASSED] - openBrowser(""): Browser is opened with url: ''

2021-12-17 17:41:35 - [MESSAGE][WARNING] - A browser is already opened. Closing browser and opening a new one

2021-12-17 17:41:35 - [MESSAGE][INFO] - Starting 'Chrome' driver

2021-12-17 17:41:35 - [MESSAGE][INFO] - Action delay is set to 0 milliseconds

2021-12-17 17:41:37 - [MESSAGE][PASSED] - Browser is opened with url: ''

2021-12-17 17:41:37 - [TEST_STEP][PASSED] - maximizeWindow(): Current window maximized

2021-12-17 17:41:37 - [MESSAGE][PASSED] - Current window maximized

2021-12-17 17:41:37 - [TEST_STEP][PASSED] - i = G_Login: null

2021-12-17 17:41:37 - [TEST_STEP][PASSED] - url = new java.net.URL(i): null

2021-12-17 17:41:37 - [TEST_STEP][PASSED] - println("URL: " + url.toString()): null

2021-12-17 17:41:37 - [TEST_STEP][PASSED] - connection = url.openConnection(): null

2021-12-17 17:41:37 - [TEST_STEP][PASSED] - connection.setRequestMethod("GET"): null

2021-12-17 17:41:37 - [TEST_STEP][PASSED] - connection.setReadTimeout(2 * 1000): null

2021-12-17 17:41:37 - [TEST_STEP][PASSED] - try: null

2021-12-17 17:41:37 - [TEST_STEP][PASSED] - connection.connect(): null

2021-12-17 17:41:37 - [TEST_STEP][PASSED] - flag = connected: null

2021-12-17 17:41:37 - [TEST_STEP][PASSED] - println("Valor_ori: " + flag): null

2021-12-17 17:41:37 - [TEST_STEP][PASSED] - if (flag): null

2021-12-17 17:41:37 - [TEST_STEP][PASSED] - navigateToUrl(i): Navigate to 'http://192.168.2.29:7001/saraweb' successfully

2021-12-17 17:41:44 - [MESSAGE][PASSED] - Navigate to 'http://192.168.2.29:7001/saraweb' successfully

2021-12-17 17:41:44 - [TEST_STEP][PASSED] - a(): null

2021-12-17 17:41:44 - [TEST_STEP][PASSED] - setText(findTestObject("Login/input_USUARIO_loginusuario"), G_Usuario): Text 'weblogic' is set on object 'Object Repository/Login/input_USUARIO_loginusuario'

2021-12-17 17:41:45 - [MESSAGE][PASSED] - Text 'weblogic' is set on object 'Object Repository/Login/input_USUARIO_loginusuario'

2021-12-17 17:41:45 - [TEST_STEP][PASSED] - setEncryptedText(findTestObject("Login/input_CLAVE_loginpassword"), "MkG4/TYiCFC3cb2driP7+Q=="): Text ****** has been set on object 'Object Repository/Login/input_CLAVE_loginpassword'

2021-12-17 17:41:45 - [MESSAGE][PASSED] - Text ****** has been set on object 'Object Repository/Login/input_CLAVE_loginpassword'

2021-12-17 17:41:45 - [TEST_STEP][PASSED] - waitForElementClickable(findTestObject("Login/a_Ingresar"), G_TimeOut): Object 'Object Repository/Login/a_Ingresar' is clickable

2021-12-17 17:41:45 - [MESSAGE][PASSED] - Object 'Object Repository/Login/a_Ingresar' is clickable

2021-12-17 17:41:45 - [TEST_STEP][PASSED] - click(findTestObject("Login/a_Ingresar")): Object: 'Object Repository/Login/a_Ingresar' is clicked on

2021-12-17 17:41:57 - [MESSAGE][PASSED] - Object: 'Object Repository/Login/a_Ingresar' is clicked on

2021-12-17 17:41:57 - [TEST_STEP][PASSED] - element = findWebElement(findTestObject("Login/a_Ir"), 30): null

2021-12-17 17:41:58 - [TEST_STEP][PASSED] - executeJavaScript("arguments[0].click()", Arrays.asList(element)): Execute JavaScript 'arguments[0].click()' successfully

2021-12-17 17:41:58 - [MESSAGE][PASSED] - Execute JavaScript 'arguments[0].click()' successfully

2021-12-17 17:41:58 - [MESSAGE][PASSED] - Call Test Case 'Test Cases/0.1-Login' successfully

2021-12-17 17:41:58 - [TEST_STEP][PASSED] - setText(findTestObject("Modulo Tarea Listado Hojas de Vida/Tareas Listado Hojas de Vida/input_Listado Hojas De Vida_form_templatej_idt24_input"), "Listado de Empleados"): Text 'Listado de Empleados' is set on object 'Object Repository/Modulo Tarea Listado Hojas de Vida/Tareas Listado Hojas de Vida/input_Listado Hojas De Vida_form_templatej_idt24_input'

2021-12-17 17:42:09 - [MESSAGE][PASSED] - Text 'Listado de Empleados' is set on object 'Object Repository/Modulo Tarea Listado Hojas de Vida/Tareas Listado Hojas de Vida/input_Listado Hojas De Vida_form_templatej_idt24_input'

2021-12-17 17:42:09 - [TEST_STEP][PASSED] - delay(3): Delayed 3 second(s)

2021-12-17 17:42:12 - [MESSAGE][PASSED] - Delayed 3 second(s)

2021-12-17 17:42:12 - [TEST_STEP][PASSED] - sendKeys(findTestObject("Modulo Tarea Listado Hojas de Vida/Tareas Listado Hojas de Vida/input_Listado Hojas De Vida_form_templatej_idt24_input"), Keys.chord(ENTER)): Keys 'ENTER + ' sent to object: 'Object Repository/Modulo Tarea Listado Hojas de Vida/Tareas Listado Hojas de Vida/input_Listado Hojas De Vida_form_templatej_idt24_input'

2021-12-17 17:42:13 - [MESSAGE][PASSED] - Keys 'ENTER + ' sent to object: 'Object Repository/Modulo Tarea Listado Hojas de Vida/Tareas Listado Hojas de Vida/input_Listado Hojas De Vida_form_templatej_idt24_input'

2021-12-17 17:42:13 - [MESSAGE][PASSED] - Call Test Case 'Test Cases/Hutilidades/Tareas Administracion Compensacion/Tarea Listado Empleados' successfully

2021-12-17 17:42:13 - [TEST_STEP][PASSED] - setText(findTestObject("Modulo Tarea Administracion Compensacion/Dias con Permisos Pasivos Permitidos/input_Identificacin_listadoEmpleadoIdentificacionEmpleado"), "1234567890"): Text '1234567890' is set on object 'Object Repository/Modulo Tarea Administracion Compensacion/Dias con Permisos Pasivos Permitidos/input_Identificacin_listadoEmpleadoIdentificacionEmpleado'

2021-12-17 17:42:25 - [MESSAGE][PASSED] - Text '1234567890' is set on object 'Object Repository/Modulo Tarea Administracion Compensacion/Dias con Permisos Pasivos Permitidos/input_Identificacin_listadoEmpleadoIdentificacionEmpleado'

2021-12-17 17:42:25 - [TEST_STEP][PASSED] - sendKeys(findTestObject("Modulo Tarea Administracion Compensacion/Dias con Permisos Pasivos Permitidos/input_Identificacin_listadoEmpleadoIdentificacionEmpleado"), Keys.chord(ENTER)): Keys 'ENTER + ' sent to object: 'Object Repository/Modulo Tarea Administracion Compensacion/Dias con Permisos Pasivos Permitidos/input_Identificacin_listadoEmpleadoIdentificacionEmpleado'

2021-12-17 17:42:26 - [MESSAGE][PASSED] - Keys 'ENTER + ' sent to object: 'Object Repository/Modulo Tarea Administracion Compensacion/Dias con Permisos Pasivos Permitidos/input_Identificacin_listadoEmpleadoIdentificacionEmpleado'

2021-12-17 17:42:26 - [TEST_STEP][PASSED] - waitForElementClickable(findTestObject("Modulo Tarea Administracion Compensacion/Dias con Permisos Pasivos Permitidos/span_Consta Belfegord Jhon"), G_TimeOut): Object 'Object Repository/Modulo Tarea Administracion Compensacion/Dias con Permisos Pasivos Permitidos/span_Consta Belfegord Jhon' is clickable

2021-12-17 17:42:27 - [MESSAGE][PASSED] - Object 'Object Repository/Modulo Tarea Administracion Compensacion/Dias con Permisos Pasivos Permitidos/span_Consta Belfegord Jhon' is clickable

2021-12-17 17:42:27 - [TEST_STEP][PASSED] - click(findTestObject("Modulo Tarea Administracion Compensacion/Dias con Permisos Pasivos Permitidos/span_Consta Belfegord Jhon")): Object: 'Object Repository/Modulo Tarea Administracion Compensacion/Dias con Permisos Pasivos Permitidos/span_Consta Belfegord Jhon' is clicked on

2021-12-17 17:42:27 - [MESSAGE][PASSED] - Object: 'Object Repository/Modulo Tarea Administracion Compensacion/Dias con Permisos Pasivos Permitidos/span_Consta Belfegord Jhon' is clicked on

2021-12-17 17:42:27 - [TEST_STEP][PASSED] - waitForElementClickable(findTestObject("Modulo Tarea Administracion Compensacion/Dias con Permisos Pasivos Permitidos/a_Vacacin"), G_TimeOut): Object 'Object Repository/Modulo Tarea Administracion Compensacion/Dias con Permisos Pasivos Permitidos/a_Vacacin' is clickable

2021-12-17 17:42:28 - [MESSAGE][PASSED] - Object 'Object Repository/Modulo Tarea Administracion Compensacion/Dias con Permisos Pasivos Permitidos/a_Vacacin' is clickable

2021-12-17 17:42:28 - [TEST_STEP][PASSED] - click(findTestObject("Modulo Tarea Administracion Compensacion/Dias con Permisos Pasivos Permitidos/a_Vacacin")): Object: 'Object Repository/Modulo Tarea Administracion Compensacion/Dias con Permisos Pasivos Permitidos/a_Vacacin' is clicked on

2021-12-17 17:42:29 - [MESSAGE][PASSED] - Object: 'Object Repository/Modulo Tarea Administracion Compensacion/Dias con Permisos Pasivos Permitidos/a_Vacacin' is clicked on

2021-12-17 17:42:29 - [TEST_STEP][PASSED] - if (waitForElementClickable(findTestObject("Modulo Tarea Administracion Compensacion/Dias con Permisos Pasivos Permitidos/span_Programacion De Vacaciones"), G_TimeOut)): null

2021-12-17 17:42:30 - [MESSAGE][PASSED] - Object 'Object Repository/Modulo Tarea Administracion Compensacion/Dias con Permisos Pasivos Permitidos/span_Programacion De Vacaciones' is clickable

2021-12-17 17:42:30 - [TEST_STEP][PASSED] - click(findTestObject("Modulo Tarea Administracion Compensacion/Dias con Permisos Pasivos Permitidos/span_Programacion De Vacaciones")): Object: 'Object Repository/Modulo Tarea Administracion Compensacion/Dias con Permisos Pasivos Permitidos/span_Programacion De Vacaciones' is clicked on

2021-12-17 17:42:30 - [MESSAGE][PASSED] - Object: 'Object Repository/Modulo Tarea Administracion Compensacion/Dias con Permisos Pasivos Permitidos/span_Programacion De Vacaciones' is clicked on

2021-12-17 17:42:30 - [TEST_STEP][PASSED] - waitForElementClickable(findTestObject("Modulo Tarea Administracion Compensacion/Dias con Permisos Pasivos Permitidos/a_Eliminar"), G_TimeOut): Object 'Object Repository/Modulo Tarea Administracion Compensacion/Dias con Permisos Pasivos Permitidos/a_Eliminar' is clickable

2021-12-17 17:42:31 - [MESSAGE][PASSED] - Object 'Object Repository/Modulo Tarea Administracion Compensacion/Dias con Permisos Pasivos Permitidos/a_Eliminar' is clickable

2021-12-17 17:42:31 - [TEST_STEP][PASSED] - click(findTestObject("Modulo Tarea Administracion Compensacion/Dias con Permisos Pasivos Permitidos/a_Eliminar")): Object: 'Object Repository/Modulo Tarea Administracion Compensacion/Dias con Permisos Pasivos Permitidos/a_Eliminar' is clicked on

2021-12-17 17:42:32 - [MESSAGE][PASSED] - Object: 'Object Repository/Modulo Tarea Administracion Compensacion/Dias con Permisos Pasivos Permitidos/a_Eliminar' is clicked on

2021-12-17 17:42:32 - [TEST_STEP][PASSED] - waitForElementClickable(findTestObject("Modulo Tarea Administracion Compensacion/Dias con Permisos Pasivos Permitidos/a_Aceptar"), G_TimeOut): Object 'Object Repository/Modulo Tarea Administracion Compensacion/Dias con Permisos Pasivos Permitidos/a_Aceptar' is clickable

2021-12-17 17:42:32 - [MESSAGE][PASSED] - Object 'Object Repository/Modulo Tarea Administracion Compensacion/Dias con Permisos Pasivos Permitidos/a_Aceptar' is clickable

2021-12-17 17:42:32 - [TEST_STEP][PASSED] - click(findTestObject("Modulo Tarea Administracion Compensacion/Dias con Permisos Pasivos Permitidos/a_Aceptar")): Object: 'Object Repository/Modulo Tarea Administracion Compensacion/Dias con Permisos Pasivos Permitidos/a_Aceptar' is clicked on

2021-12-17 17:42:44 - [MESSAGE][PASSED] - Object: 'Object Repository/Modulo Tarea Administracion Compensacion/Dias con Permisos Pasivos Permitidos/a_Aceptar' is clicked on

2021-12-17 17:42:44 - [TEST_STEP][PASSED] - click(findTestObject("Modulo Tarea Administracion Compensacion/Dias con Permisos Pasivos Permitidos/a_Histrico")): Object: 'Object Repository/Modulo Tarea Administracion Compensacion/Dias con Permisos Pasivos Permitidos/a_Histrico' is clicked on

2021-12-17 17:42:44 - [MESSAGE][PASSED] - Object: 'Object Repository/Modulo Tarea Administracion Compensacion/Dias con Permisos Pasivos Permitidos/a_Histrico' is clicked on

2021-12-17 17:42:44 - [TEST_STEP][PASSED] - if (waitForElementClickable(findTestObject("Modulo Tarea Administracion Compensacion/Dias con Permisos Pasivos Permitidos/span_Programacion De Vacaciones"), 1)): Web element with id: 'Object Repository/Modulo Tarea Administracion Compensacion/Dias con Permisos Pasivos Permitidos/span_Programacion De Vacaciones' located by '//*/text()[normalize-space(.)='Programacion De Vacaciones']/parent::*' not found

2021-12-17 17:42:47 - [MESSAGE][INFO] - Unable to find the element located by 'By.xpath: //*/text()[normalize-space(.)='Programacion De Vacaciones']/parent::*'. Please recheck the objects properties to make sure the desired element is located. 

2021-12-17 17:42:47 - [MESSAGE][WARNING] - Web element with id: 'Object Repository/Modulo Tarea Administracion Compensacion/Dias con Permisos Pasivos Permitidos/span_Programacion De Vacaciones' located by '//*/text()[normalize-space(.)='Programacion De Vacaciones']/parent::*' not found

2021-12-17 17:42:47 - [TEST_STEP][PASSED] - click(findTestObject("Modulo Tarea Administracion Compensacion/Dias con Permisos Pasivos Permitidos/a_Vacaciones")): Object: 'Object Repository/Modulo Tarea Administracion Compensacion/Dias con Permisos Pasivos Permitidos/a_Vacaciones' is clicked on

2021-12-17 17:42:47 - [MESSAGE][PASSED] - Object: 'Object Repository/Modulo Tarea Administracion Compensacion/Dias con Permisos Pasivos Permitidos/a_Vacaciones' is clicked on

2021-12-17 17:42:47 - [TEST_STEP][PASSED] - waitForElementClickable(findTestObject("Modulo Tarea Administracion Compensacion/Dias con Permisos Pasivos Permitidos/a_Nuevo Pasivo"), G_TimeOut): Object 'Object Repository/Modulo Tarea Administracion Compensacion/Dias con Permisos Pasivos Permitidos/a_Nuevo Pasivo' is clickable

2021-12-17 17:42:48 - [MESSAGE][PASSED] - Object 'Object Repository/Modulo Tarea Administracion Compensacion/Dias con Permisos Pasivos Permitidos/a_Nuevo Pasivo' is clickable

2021-12-17 17:42:48 - [TEST_STEP][PASSED] - click(findTestObject("Modulo Tarea Administracion Compensacion/Dias con Permisos Pasivos Permitidos/a_Nuevo Pasivo")): Object: 'Object Repository/Modulo Tarea Administracion Compensacion/Dias con Permisos Pasivos Permitidos/a_Nuevo Pasivo' is clicked on

2021-12-17 17:42:48 - [MESSAGE][PASSED] - Object: 'Object Repository/Modulo Tarea Administracion Compensacion/Dias con Permisos Pasivos Permitidos/a_Nuevo Pasivo' is clicked on

2021-12-17 17:42:48 - [TEST_STEP][PASSED] - click(findTestObject("Modulo Tarea Administracion Compensacion/Dias con Permisos Pasivos Permitidos/a_pestaa Vacaciones")): Object: 'Object Repository/Modulo Tarea Administracion Compensacion/Dias con Permisos Pasivos Permitidos/a_pestaa Vacaciones' is clicked on

2021-12-17 17:42:49 - [MESSAGE][PASSED] - Object: 'Object Repository/Modulo Tarea Administracion Compensacion/Dias con Permisos Pasivos Permitidos/a_pestaa Vacaciones' is clicked on

2021-12-17 17:42:49 - [TEST_STEP][PASSED] - selectOptionByIndex(findTestObject("Modulo Tarea Administracion Compensacion/Dias con Permisos Pasivos Permitidos/select_APLAZAMIENTOPROGRAMACION DE VACACIONES"), "2"): All options with index in [2] are selected on object 'Object Repository/Modulo Tarea Administracion Compensacion/Dias con Permisos Pasivos Permitidos/select_APLAZAMIENTOPROGRAMACION DE VACACIONES'

2021-12-17 17:42:50 - [MESSAGE][PASSED] - All options with index in [2] are selected on object 'Object Repository/Modulo Tarea Administracion Compensacion/Dias con Permisos Pasivos Permitidos/select_APLAZAMIENTOPROGRAMACION DE VACACIONES'

2021-12-17 17:42:50 - [TEST_STEP][PASSED] - selectOptionByIndex(findTestObject("Modulo Tarea Administracion Compensacion/Dias con Permisos Pasivos Permitidos/select_InterrupcinNo Aplica"), "1"): All options with index in [1] are selected on object 'Object Repository/Modulo Tarea Administracion Compensacion/Dias con Permisos Pasivos Permitidos/select_InterrupcinNo Aplica'

2021-12-17 17:42:51 - [MESSAGE][PASSED] - All options with index in [1] are selected on object 'Object Repository/Modulo Tarea Administracion Compensacion/Dias con Permisos Pasivos Permitidos/select_InterrupcinNo Aplica'

2021-12-17 17:42:51 - [TEST_STEP][PASSED] - setText(findTestObject("Modulo Tarea Administracion Compensacion/Dias con Permisos Pasivos Permitidos/input_Periodo Servicio_form_"), "01/06/2021"): Text '01/06/2021' is set on object 'Object Repository/Modulo Tarea Administracion Compensacion/Dias con Permisos Pasivos Permitidos/input_Periodo Servicio_form_'

2021-12-17 17:42:52 - [MESSAGE][PASSED] - Text '01/06/2021' is set on object 'Object Repository/Modulo Tarea Administracion Compensacion/Dias con Permisos Pasivos Permitidos/input_Periodo Servicio_form_'

2021-12-17 17:42:52 - [TEST_STEP][PASSED] - click(findTestObject("Modulo Tarea Administracion Compensacion/Dias con Permisos Pasivos Permitidos/span_Periodo Servicio"), STOP_ON_FAILURE): Object: 'Object Repository/Modulo Tarea Administracion Compensacion/Dias con Permisos Pasivos Permitidos/span_Periodo Servicio' is clicked on

2021-12-17 17:42:52 - [MESSAGE][PASSED] - Object: 'Object Repository/Modulo Tarea Administracion Compensacion/Dias con Permisos Pasivos Permitidos/span_Periodo Servicio' is clicked on

2021-12-17 17:42:52 - [TEST_STEP][PASSED] - setText(findTestObject("Modulo Tarea Administracion Compensacion/Dias con Permisos Pasivos Permitidos/input_Periodo Servicio_form_vacaciones"), "06/06/2021"): Text '06/06/2021' is set on object 'Object Repository/Modulo Tarea Administracion Compensacion/Dias con Permisos Pasivos Permitidos/input_Periodo Servicio_form_vacaciones'

2021-12-17 17:42:53 - [MESSAGE][PASSED] - Text '06/06/2021' is set on object 'Object Repository/Modulo Tarea Administracion Compensacion/Dias con Permisos Pasivos Permitidos/input_Periodo Servicio_form_vacaciones'

2021-12-17 17:42:53 - [TEST_STEP][PASSED] - sendKeys(findTestObject("Modulo Tarea Administracion Compensacion/Dias con Permisos Pasivos Permitidos/input_Periodo Servicio_form_vacaciones"), Keys.chord(ENTER)): Keys 'ENTER + ' sent to object: 'Object Repository/Modulo Tarea Administracion Compensacion/Dias con Permisos Pasivos Permitidos/input_Periodo Servicio_form_vacaciones'

2021-12-17 17:42:54 - [MESSAGE][PASSED] - Keys 'ENTER + ' sent to object: 'Object Repository/Modulo Tarea Administracion Compensacion/Dias con Permisos Pasivos Permitidos/input_Periodo Servicio_form_vacaciones'

2021-12-17 17:42:54 - [TEST_STEP][PASSED] - setText(findTestObject("Modulo Tarea Administracion Compensacion/Dias con Permisos Pasivos Permitidos/input_Das_form_vacacionesEmpleadotabs"), "5"): Text '5' is set on object 'Object Repository/Modulo Tarea Administracion Compensacion/Dias con Permisos Pasivos Permitidos/input_Das_form_vacacionesEmpleadotabs'

2021-12-17 17:42:55 - [MESSAGE][PASSED] - Text '5' is set on object 'Object Repository/Modulo Tarea Administracion Compensacion/Dias con Permisos Pasivos Permitidos/input_Das_form_vacacionesEmpleadotabs'

2021-12-17 17:42:55 - [TEST_STEP][PASSED] - setText(findTestObject("Modulo Tarea Administracion Compensacion/Dias con Permisos Pasivos Permitidos/input_Fecha Origen_form_vacaciones"), "01/06/2021"): Text '01/06/2021' is set on object 'Object Repository/Modulo Tarea Administracion Compensacion/Dias con Permisos Pasivos Permitidos/input_Fecha Origen_form_vacaciones'

2021-12-17 17:42:55 - [MESSAGE][PASSED] - Text '01/06/2021' is set on object 'Object Repository/Modulo Tarea Administracion Compensacion/Dias con Permisos Pasivos Permitidos/input_Fecha Origen_form_vacaciones'

2021-12-17 17:42:55 - [TEST_STEP][PASSED] - sendKeys(findTestObject("Modulo Tarea Administracion Compensacion/Dias con Permisos Pasivos Permitidos/input_Fecha Origen_form_vacaciones"), Keys.chord(ENTER)): Keys 'ENTER + ' sent to object: 'Object Repository/Modulo Tarea Administracion Compensacion/Dias con Permisos Pasivos Permitidos/input_Fecha Origen_form_vacaciones'

2021-12-17 17:42:56 - [MESSAGE][PASSED] - Keys 'ENTER + ' sent to object: 'Object Repository/Modulo Tarea Administracion Compensacion/Dias con Permisos Pasivos Permitidos/input_Fecha Origen_form_vacaciones'

2021-12-17 17:42:56 - [TEST_STEP][PASSED] - waitForElementClickable(findTestObject("Modulo Tarea Administracion Compensacion/Dias con Permisos Pasivos Permitidos/a_Guardar"), G_TimeOut): Object 'Object Repository/Modulo Tarea Administracion Compensacion/Dias con Permisos Pasivos Permitidos/a_Guardar' is clickable

2021-12-17 17:42:56 - [MESSAGE][PASSED] - Object 'Object Repository/Modulo Tarea Administracion Compensacion/Dias con Permisos Pasivos Permitidos/a_Guardar' is clickable

2021-12-17 17:42:56 - [TEST_STEP][PASSED] - click(findTestObject("Modulo Tarea Administracion Compensacion/Dias con Permisos Pasivos Permitidos/a_Guardar")): Object: 'Object Repository/Modulo Tarea Administracion Compensacion/Dias con Permisos Pasivos Permitidos/a_Guardar' is clicked on

2021-12-17 17:42:57 - [MESSAGE][PASSED] - Object: 'Object Repository/Modulo Tarea Administracion Compensacion/Dias con Permisos Pasivos Permitidos/a_Guardar' is clicked on

2021-12-17 17:42:57 - [TEST_STEP][PASSED] - waitForElementClickable(findTestObject("Modulo Tarea Administracion Compensacion/Dias con Permisos Pasivos Permitidos/a_Regresar"), G_TimeOut): Object 'Object Repository/Modulo Tarea Administracion Compensacion/Dias con Permisos Pasivos Permitidos/a_Regresar' is clickable

2021-12-17 17:42:58 - [MESSAGE][PASSED] - Object 'Object Repository/Modulo Tarea Administracion Compensacion/Dias con Permisos Pasivos Permitidos/a_Regresar' is clickable

2021-12-17 17:42:58 - [TEST_STEP][PASSED] - click(findTestObject("Modulo Tarea Administracion Compensacion/Dias con Permisos Pasivos Permitidos/a_Regresar")): Object: 'Object Repository/Modulo Tarea Administracion Compensacion/Dias con Permisos Pasivos Permitidos/a_Regresar' is clicked on

2021-12-17 17:42:59 - [MESSAGE][PASSED] - Object: 'Object Repository/Modulo Tarea Administracion Compensacion/Dias con Permisos Pasivos Permitidos/a_Regresar' is clicked on

2021-12-17 17:42:59 - [TEST_STEP][PASSED] - delay(3): Delayed 3 second(s)

2021-12-17 17:43:02 - [MESSAGE][PASSED] - Delayed 3 second(s)

2021-12-17 17:43:02 - [TEST_STEP][PASSED] - if (waitForElementClickable(findTestObject("Modulo Tarea Administracion Compensacion/Dias con Permisos Pasivos Permitidos/td_02062021"), 1)): null

2021-12-17 17:43:02 - [MESSAGE][PASSED] - Object 'Object Repository/Modulo Tarea Administracion Compensacion/Dias con Permisos Pasivos Permitidos/td_02062021' is clickable

2021-12-17 17:43:02 - [TEST_STEP][PASSED] - click(findTestObject("Modulo Tarea Administracion Compensacion/Dias con Permisos Pasivos Permitidos/td_02062021")): Object: 'Object Repository/Modulo Tarea Administracion Compensacion/Dias con Permisos Pasivos Permitidos/td_02062021' is clicked on

2021-12-17 17:43:03 - [MESSAGE][PASSED] - Object: 'Object Repository/Modulo Tarea Administracion Compensacion/Dias con Permisos Pasivos Permitidos/td_02062021' is clicked on

2021-12-17 17:43:03 - [TEST_STEP][PASSED] - waitForElementClickable(findTestObject("Modulo Tarea Administracion Compensacion/Dias con Permisos Pasivos Permitidos/a_Eliminar Directo_Solicitud"), 0): Object 'Object Repository/Modulo Tarea Administracion Compensacion/Dias con Permisos Pasivos Permitidos/a_Eliminar Directo_Solicitud' is clickable

2021-12-17 17:43:03 - [MESSAGE][WARNING] - Timeout '0' is invalid. Using default page load timeout: '30'

2021-12-17 17:43:04 - [MESSAGE][PASSED] - Object 'Object Repository/Modulo Tarea Administracion Compensacion/Dias con Permisos Pasivos Permitidos/a_Eliminar Directo_Solicitud' is clickable

2021-12-17 17:43:04 - [TEST_STEP][PASSED] - click(findTestObject("Modulo Tarea Administracion Compensacion/Dias con Permisos Pasivos Permitidos/a_Eliminar Directo_Solicitud")): Object: 'Object Repository/Modulo Tarea Administracion Compensacion/Dias con Permisos Pasivos Permitidos/a_Eliminar Directo_Solicitud' is clicked on

2021-12-17 17:43:04 - [MESSAGE][PASSED] - Object: 'Object Repository/Modulo Tarea Administracion Compensacion/Dias con Permisos Pasivos Permitidos/a_Eliminar Directo_Solicitud' is clicked on

2021-12-17 17:43:04 - [TEST_STEP][PASSED] - click(findTestObject("Modulo Tarea Administracion Compensacion/Dias con Permisos Pasivos Permitidos/a_Aceptar")): Object: 'Object Repository/Modulo Tarea Administracion Compensacion/Dias con Permisos Pasivos Permitidos/a_Aceptar' is clicked on

2021-12-17 17:43:17 - [MESSAGE][PASSED] - Object: 'Object Repository/Modulo Tarea Administracion Compensacion/Dias con Permisos Pasivos Permitidos/a_Aceptar' is clicked on

2021-12-17 17:43:17 - [TEST_STEP][PASSED] - waitForElementClickable(findTestObject("Modulo Tarea Administracion Compensacion/Dias con Permisos Pasivos Permitidos/a_Nueva Solicitud"), G_TimeOut): Object 'Object Repository/Modulo Tarea Administracion Compensacion/Dias con Permisos Pasivos Permitidos/a_Nueva Solicitud' is clickable

2021-12-17 17:43:17 - [MESSAGE][PASSED] - Object 'Object Repository/Modulo Tarea Administracion Compensacion/Dias con Permisos Pasivos Permitidos/a_Nueva Solicitud' is clickable

2021-12-17 17:43:17 - [TEST_STEP][PASSED] - click(findTestObject("Modulo Tarea Administracion Compensacion/Dias con Permisos Pasivos Permitidos/a_Nueva Solicitud")): Object: 'Object Repository/Modulo Tarea Administracion Compensacion/Dias con Permisos Pasivos Permitidos/a_Nueva Solicitud' is clicked on

2021-12-17 17:43:18 - [MESSAGE][PASSED] - Object: 'Object Repository/Modulo Tarea Administracion Compensacion/Dias con Permisos Pasivos Permitidos/a_Nueva Solicitud' is clicked on

2021-12-17 17:43:18 - [TEST_STEP][PASSED] - setText(findTestObject("Modulo Tarea Administracion Compensacion/Dias con Permisos Pasivos Permitidos/input_Salida Nomina_form_vacaciones"), "01/06/2021"): Text '01/06/2021' is set on object 'Object Repository/Modulo Tarea Administracion Compensacion/Dias con Permisos Pasivos Permitidos/input_Salida Nomina_form_vacaciones'

2021-12-17 17:43:20 - [MESSAGE][PASSED] - Text '01/06/2021' is set on object 'Object Repository/Modulo Tarea Administracion Compensacion/Dias con Permisos Pasivos Permitidos/input_Salida Nomina_form_vacaciones'

2021-12-17 17:43:20 - [TEST_STEP][PASSED] - sendKeys(findTestObject("Modulo Tarea Administracion Compensacion/Dias con Permisos Pasivos Permitidos/input_Salida Nomina_form_vacaciones"), Keys.chord(ENTER)): Keys 'ENTER + ' sent to object: 'Object Repository/Modulo Tarea Administracion Compensacion/Dias con Permisos Pasivos Permitidos/input_Salida Nomina_form_vacaciones'

2021-12-17 17:43:21 - [MESSAGE][PASSED] - Keys 'ENTER + ' sent to object: 'Object Repository/Modulo Tarea Administracion Compensacion/Dias con Permisos Pasivos Permitidos/input_Salida Nomina_form_vacaciones'

2021-12-17 17:43:21 - [TEST_STEP][PASSED] - selectOptionByIndex(findTestObject("Modulo Tarea Administracion Compensacion/Dias con Permisos Pasivos Permitidos/select_SeleccioneChequeEntidad_"), "3"): All options with index in [3] are selected on object 'Object Repository/Modulo Tarea Administracion Compensacion/Dias con Permisos Pasivos Permitidos/select_SeleccioneChequeEntidad_'

2021-12-17 17:43:22 - [MESSAGE][PASSED] - All options with index in [3] are selected on object 'Object Repository/Modulo Tarea Administracion Compensacion/Dias con Permisos Pasivos Permitidos/select_SeleccioneChequeEntidad_'

2021-12-17 17:43:22 - [TEST_STEP][PASSED] - setText(findTestObject("Modulo Tarea Administracion Compensacion/Dias con Permisos Pasivos Permitidos/input_Pago_form_vacacionesEmpleado"), "01/06/2021"): Text '01/06/2021' is set on object 'Object Repository/Modulo Tarea Administracion Compensacion/Dias con Permisos Pasivos Permitidos/input_Pago_form_vacacionesEmpleado'

2021-12-17 17:43:23 - [MESSAGE][PASSED] - Text '01/06/2021' is set on object 'Object Repository/Modulo Tarea Administracion Compensacion/Dias con Permisos Pasivos Permitidos/input_Pago_form_vacacionesEmpleado'

2021-12-17 17:43:23 - [TEST_STEP][PASSED] - sendKeys(findTestObject("Modulo Tarea Administracion Compensacion/Dias con Permisos Pasivos Permitidos/input_Pago_form_vacacionesEmpleado"), Keys.chord(ENTER)): Keys 'ENTER + ' sent to object: 'Object Repository/Modulo Tarea Administracion Compensacion/Dias con Permisos Pasivos Permitidos/input_Pago_form_vacacionesEmpleado'

2021-12-17 17:43:23 - [MESSAGE][PASSED] - Keys 'ENTER + ' sent to object: 'Object Repository/Modulo Tarea Administracion Compensacion/Dias con Permisos Pasivos Permitidos/input_Pago_form_vacacionesEmpleado'

2021-12-17 17:43:23 - [TEST_STEP][PASSED] - setText(findTestObject("Modulo Tarea Administracion Compensacion/Dias con Permisos Pasivos Permitidos/input_Disfrute_form_vacacionesEmpleado"), "1"): Text '1' is set on object 'Object Repository/Modulo Tarea Administracion Compensacion/Dias con Permisos Pasivos Permitidos/input_Disfrute_form_vacacionesEmpleado'

2021-12-17 17:43:24 - [MESSAGE][PASSED] - Text '1' is set on object 'Object Repository/Modulo Tarea Administracion Compensacion/Dias con Permisos Pasivos Permitidos/input_Disfrute_form_vacacionesEmpleado'

2021-12-17 17:43:24 - [TEST_STEP][PASSED] - setText(findTestObject("Modulo Tarea Administracion Compensacion/Dias con Permisos Pasivos Permitidos/input_Compensados_form_vacaciones"), "1"): Text '1' is set on object 'Object Repository/Modulo Tarea Administracion Compensacion/Dias con Permisos Pasivos Permitidos/input_Compensados_form_vacaciones'

2021-12-17 17:43:25 - [MESSAGE][PASSED] - Text '1' is set on object 'Object Repository/Modulo Tarea Administracion Compensacion/Dias con Permisos Pasivos Permitidos/input_Compensados_form_vacaciones'

2021-12-17 17:43:25 - [TEST_STEP][PASSED] - setText(findTestObject("Modulo Tarea Administracion Compensacion/Dias con Permisos Pasivos Permitidos/textarea_Observacin_form_vacaciones"), "Pruebas sara"): Text 'Pruebas sara' is set on object 'Object Repository/Modulo Tarea Administracion Compensacion/Dias con Permisos Pasivos Permitidos/textarea_Observacin_form_vacaciones'

2021-12-17 17:43:26 - [MESSAGE][PASSED] - Text 'Pruebas sara' is set on object 'Object Repository/Modulo Tarea Administracion Compensacion/Dias con Permisos Pasivos Permitidos/textarea_Observacin_form_vacaciones'

2021-12-17 17:43:26 - [TEST_STEP][PASSED] - waitForElementClickable(findTestObject("Modulo Tarea Administracion Compensacion/Dias con Permisos Pasivos Permitidos/a_Verificar"), G_TimeOut): Object 'Object Repository/Modulo Tarea Administracion Compensacion/Dias con Permisos Pasivos Permitidos/a_Verificar' is clickable

2021-12-17 17:43:26 - [MESSAGE][PASSED] - Object 'Object Repository/Modulo Tarea Administracion Compensacion/Dias con Permisos Pasivos Permitidos/a_Verificar' is clickable

2021-12-17 17:43:26 - [TEST_STEP][PASSED] - click(findTestObject("Modulo Tarea Administracion Compensacion/Dias con Permisos Pasivos Permitidos/a_Verificar")): Object: 'Object Repository/Modulo Tarea Administracion Compensacion/Dias con Permisos Pasivos Permitidos/a_Verificar' is clicked on

2021-12-17 17:43:26 - [MESSAGE][PASSED] - Object: 'Object Repository/Modulo Tarea Administracion Compensacion/Dias con Permisos Pasivos Permitidos/a_Verificar' is clicked on

2021-12-17 17:43:26 - [TEST_STEP][PASSED] - waitForElementClickable(findTestObject("Modulo Tarea Administracion Compensacion/Dias con Permisos Pasivos Permitidos/a_Guardar_solicitudes"), 0): Object 'Object Repository/Modulo Tarea Administracion Compensacion/Dias con Permisos Pasivos Permitidos/a_Guardar_solicitudes' is clickable

2021-12-17 17:43:26 - [MESSAGE][WARNING] - Timeout '0' is invalid. Using default page load timeout: '30'

2021-12-17 17:43:28 - [MESSAGE][PASSED] - Object 'Object Repository/Modulo Tarea Administracion Compensacion/Dias con Permisos Pasivos Permitidos/a_Guardar_solicitudes' is clickable

2021-12-17 17:43:28 - [TEST_STEP][PASSED] - click(findTestObject("Modulo Tarea Administracion Compensacion/Dias con Permisos Pasivos Permitidos/a_Guardar_solicitudes")): Object: 'Object Repository/Modulo Tarea Administracion Compensacion/Dias con Permisos Pasivos Permitidos/a_Guardar_solicitudes' is clicked on

2021-12-17 17:43:28 - [MESSAGE][PASSED] - Object: 'Object Repository/Modulo Tarea Administracion Compensacion/Dias con Permisos Pasivos Permitidos/a_Guardar_solicitudes' is clicked on

2021-12-17 17:43:28 - [TEST_STEP][PASSED] - getText(findTestObject("Alerta/Alerta")): Text of object 'Object Repository/Alerta/Alerta' is: 'Se modifico exitosamente su solicitud'

2021-12-17 17:43:29 - [MESSAGE][PASSED] - Text of object 'Object Repository/Alerta/Alerta' is: 'Se modifico exitosamente su solicitud'

2021-12-17 17:43:29 - [TEST_STEP][PASSED] - click(findTestObject("Modulo Tarea Administracion Compensacion/Dias con Permisos Pasivos Permitidos/a_Regresar_vacaciones")): Object: 'Object Repository/Modulo Tarea Administracion Compensacion/Dias con Permisos Pasivos Permitidos/a_Regresar_vacaciones' is clicked on

2021-12-17 17:43:30 - [MESSAGE][PASSED] - Object: 'Object Repository/Modulo Tarea Administracion Compensacion/Dias con Permisos Pasivos Permitidos/a_Regresar_vacaciones' is clicked on

2021-12-17 17:43:30 - [MESSAGE][PASSED] - Call Test Case 'Test Cases/1.1-Tareas Principales/1.1.6-crear vacaciones' successfully

2021-12-17 17:43:30 - [TEST_STEP][PASSED] - delay(2): Delayed 2 second(s)

2021-12-17 17:43:32 - [MESSAGE][PASSED] - Delayed 2 second(s)

2021-12-17 17:43:32 - [TEST_STEP][PASSED] - setText(findTestObject("Modulo Tarea Administracion Compensacion/Generar Vacaciones/input_Listado de Empleados_form_templatej_idt24_input"), "Generacion Vacaciones"): Text 'Generacion Vacaciones' is set on object 'Object Repository/Modulo Tarea Administracion Compensacion/Generar Vacaciones/input_Listado de Empleados_form_templatej_idt24_input'

2021-12-17 17:43:32 - [MESSAGE][PASSED] - Text 'Generacion Vacaciones' is set on object 'Object Repository/Modulo Tarea Administracion Compensacion/Generar Vacaciones/input_Listado de Empleados_form_templatej_idt24_input'

2021-12-17 17:43:32 - [TEST_STEP][PASSED] - delay(1): Delayed 1 second(s)

2021-12-17 17:43:33 - [MESSAGE][PASSED] - Delayed 1 second(s)

2021-12-17 17:43:33 - [TEST_STEP][PASSED] - waitForElementClickable(findTestObject("Modulo Tarea Administracion Compensacion/Generar Vacaciones/a_Generacin"), G_TimeOut): Object 'Object Repository/Modulo Tarea Administracion Compensacion/Generar Vacaciones/a_Generacin' is clickable

2021-12-17 17:43:34 - [MESSAGE][PASSED] - Object 'Object Repository/Modulo Tarea Administracion Compensacion/Generar Vacaciones/a_Generacin' is clickable

2021-12-17 17:43:34 - [TEST_STEP][PASSED] - sendKeys(findTestObject("Modulo Tarea Administracion Compensacion/Generar Vacaciones/input_Listado de Empleados_form_templatej_idt24_input"), Keys.chord(ENTER)): Keys 'ENTER + ' sent to object: 'Object Repository/Modulo Tarea Administracion Compensacion/Generar Vacaciones/input_Listado de Empleados_form_templatej_idt24_input'

2021-12-17 17:43:35 - [MESSAGE][PASSED] - Keys 'ENTER + ' sent to object: 'Object Repository/Modulo Tarea Administracion Compensacion/Generar Vacaciones/input_Listado de Empleados_form_templatej_idt24_input'

2021-12-17 17:43:35 - [TEST_STEP][PASSED] - click(findTestObject("Modulo Tarea Administracion Compensacion/Generar Vacaciones/a_Generacin")): Object: 'Object Repository/Modulo Tarea Administracion Compensacion/Generar Vacaciones/a_Generacin' is clicked on

2021-12-17 17:43:47 - [MESSAGE][PASSED] - Object: 'Object Repository/Modulo Tarea Administracion Compensacion/Generar Vacaciones/a_Generacin' is clicked on

2021-12-17 17:43:47 - [TEST_STEP][PASSED] - waitForElementClickable(findTestObject("Modulo Tarea Administracion Compensacion/Generar Vacaciones/select_--Seleccione--ChequeEntidad de PagoPeriodo de Nomina"), G_TimeOut): Object 'Object Repository/Modulo Tarea Administracion Compensacion/Generar Vacaciones/select_--Seleccione--ChequeEntidad de PagoPeriodo de Nomina' is clickable

2021-12-17 17:43:47 - [MESSAGE][PASSED] - Object 'Object Repository/Modulo Tarea Administracion Compensacion/Generar Vacaciones/select_--Seleccione--ChequeEntidad de PagoPeriodo de Nomina' is clickable

2021-12-17 17:43:47 - [TEST_STEP][PASSED] - click(findTestObject("Modulo Tarea Administracion Compensacion/Generar Vacaciones/select_--Seleccione--ChequeEntidad de PagoPeriodo de Nomina")): Object: 'Object Repository/Modulo Tarea Administracion Compensacion/Generar Vacaciones/select_--Seleccione--ChequeEntidad de PagoPeriodo de Nomina' is clicked on

2021-12-17 17:43:48 - [MESSAGE][PASSED] - Object: 'Object Repository/Modulo Tarea Administracion Compensacion/Generar Vacaciones/select_--Seleccione--ChequeEntidad de PagoPeriodo de Nomina' is clicked on

2021-12-17 17:43:48 - [TEST_STEP][PASSED] - selectOptionByIndex(findTestObject("Modulo Tarea Administracion Compensacion/Generar Vacaciones/select_--Seleccione--ChequeEntidad de PagoPeriodo de Nomina"), "3"): All options with index in [3] are selected on object 'Object Repository/Modulo Tarea Administracion Compensacion/Generar Vacaciones/select_--Seleccione--ChequeEntidad de PagoPeriodo de Nomina'

2021-12-17 17:43:49 - [MESSAGE][PASSED] - All options with index in [3] are selected on object 'Object Repository/Modulo Tarea Administracion Compensacion/Generar Vacaciones/select_--Seleccione--ChequeEntidad de PagoPeriodo de Nomina'

2021-12-17 17:43:49 - [TEST_STEP][PASSED] - waitForElementClickable(findTestObject("Modulo Tarea Administracion Compensacion/Generar Vacaciones/a_Periodo Nomina_btn_popupInformacion"), G_TimeOut): Object 'Object Repository/Modulo Tarea Administracion Compensacion/Generar Vacaciones/a_Periodo Nomina_btn_popupInformacion' is clickable

2021-12-17 17:43:50 - [MESSAGE][PASSED] - Object 'Object Repository/Modulo Tarea Administracion Compensacion/Generar Vacaciones/a_Periodo Nomina_btn_popupInformacion' is clickable

2021-12-17 17:43:50 - [TEST_STEP][PASSED] - click(findTestObject("Modulo Tarea Administracion Compensacion/Generar Vacaciones/a_Periodo Nomina_btn_popupInformacion")): Object: 'Object Repository/Modulo Tarea Administracion Compensacion/Generar Vacaciones/a_Periodo Nomina_btn_popupInformacion' is clicked on

2021-12-17 17:43:50 - [MESSAGE][PASSED] - Object: 'Object Repository/Modulo Tarea Administracion Compensacion/Generar Vacaciones/a_Periodo Nomina_btn_popupInformacion' is clicked on

2021-12-17 17:43:50 - [TEST_STEP][PASSED] - waitForElementClickable(findTestObject("Modulo Tarea Administracion Compensacion/Generar Vacaciones/span_P MensualJunio2021"), G_TimeOut): Object 'Object Repository/Modulo Tarea Administracion Compensacion/Generar Vacaciones/span_P MensualJunio2021' is clickable

2021-12-17 17:43:51 - [MESSAGE][PASSED] - Object 'Object Repository/Modulo Tarea Administracion Compensacion/Generar Vacaciones/span_P MensualJunio2021' is clickable

2021-12-17 17:43:51 - [TEST_STEP][PASSED] - click(findTestObject("Modulo Tarea Administracion Compensacion/Generar Vacaciones/span_P MensualJunio2021")): Object: 'Object Repository/Modulo Tarea Administracion Compensacion/Generar Vacaciones/span_P MensualJunio2021' is clicked on

2021-12-17 17:43:51 - [MESSAGE][PASSED] - Object: 'Object Repository/Modulo Tarea Administracion Compensacion/Generar Vacaciones/span_P MensualJunio2021' is clicked on

2021-12-17 17:43:51 - [TEST_STEP][PASSED] - waitForElementClickable(findTestObject("Modulo Tarea Administracion Compensacion/Generar Vacaciones/a_Filtrar"), G_TimeOut): Object 'Object Repository/Modulo Tarea Administracion Compensacion/Generar Vacaciones/a_Filtrar' is clickable

2021-12-17 17:43:52 - [MESSAGE][PASSED] - Object 'Object Repository/Modulo Tarea Administracion Compensacion/Generar Vacaciones/a_Filtrar' is clickable

2021-12-17 17:43:52 - [TEST_STEP][PASSED] - click(findTestObject("Modulo Tarea Administracion Compensacion/Generar Vacaciones/a_Filtrar")): Object: 'Object Repository/Modulo Tarea Administracion Compensacion/Generar Vacaciones/a_Filtrar' is clicked on

2021-12-17 17:43:53 - [MESSAGE][PASSED] - Object: 'Object Repository/Modulo Tarea Administracion Compensacion/Generar Vacaciones/a_Filtrar' is clicked on

2021-12-17 17:43:53 - [TEST_STEP][PASSED] - waitForElementClickable(findTestObject("Modulo Tarea Administracion Compensacion/Generar Vacaciones/div_Detalle_ui-chkbox-box ui-widget ui-corner-all ui-state-default"), G_TimeOut): Object 'Object Repository/Modulo Tarea Administracion Compensacion/Generar Vacaciones/div_Detalle_ui-chkbox-box ui-widget ui-corner-all ui-state-default' is clickable

2021-12-17 17:43:53 - [MESSAGE][PASSED] - Object 'Object Repository/Modulo Tarea Administracion Compensacion/Generar Vacaciones/div_Detalle_ui-chkbox-box ui-widget ui-corner-all ui-state-default' is clickable

2021-12-17 17:43:53 - [TEST_STEP][PASSED] - click(findTestObject("Modulo Tarea Administracion Compensacion/Generar Vacaciones/div_Detalle_ui-chkbox-box ui-widget ui-corner-all ui-state-default")): Object: 'Object Repository/Modulo Tarea Administracion Compensacion/Generar Vacaciones/div_Detalle_ui-chkbox-box ui-widget ui-corner-all ui-state-default' is clicked on

2021-12-17 17:43:54 - [MESSAGE][PASSED] - Object: 'Object Repository/Modulo Tarea Administracion Compensacion/Generar Vacaciones/div_Detalle_ui-chkbox-box ui-widget ui-corner-all ui-state-default' is clicked on

2021-12-17 17:43:54 - [TEST_STEP][PASSED] - waitForElementClickable(findTestObject("Modulo Tarea Administracion Compensacion/Generar Vacaciones/a_Aplicar"), G_TimeOut): Object 'Object Repository/Modulo Tarea Administracion Compensacion/Generar Vacaciones/a_Aplicar' is clickable

2021-12-17 17:43:55 - [MESSAGE][PASSED] - Object 'Object Repository/Modulo Tarea Administracion Compensacion/Generar Vacaciones/a_Aplicar' is clickable

2021-12-17 17:43:55 - [TEST_STEP][PASSED] - click(findTestObject("Modulo Tarea Administracion Compensacion/Generar Vacaciones/a_Aplicar")): Object: 'Object Repository/Modulo Tarea Administracion Compensacion/Generar Vacaciones/a_Aplicar' is clicked on

2021-12-17 17:43:55 - [MESSAGE][PASSED] - Object: 'Object Repository/Modulo Tarea Administracion Compensacion/Generar Vacaciones/a_Aplicar' is clicked on

2021-12-17 17:43:55 - [TEST_STEP][PASSED] - waitForElementClickable(findTestObject("Modulo Tarea Administracion Compensacion/Generar Vacaciones/span_Si"), G_TimeOut): Object 'Object Repository/Modulo Tarea Administracion Compensacion/Generar Vacaciones/span_Si' is clickable

2021-12-17 17:43:56 - [MESSAGE][PASSED] - Object 'Object Repository/Modulo Tarea Administracion Compensacion/Generar Vacaciones/span_Si' is clickable

2021-12-17 17:43:56 - [TEST_STEP][PASSED] - click(findTestObject("Modulo Tarea Administracion Compensacion/Generar Vacaciones/span_Si")): Object: 'Object Repository/Modulo Tarea Administracion Compensacion/Generar Vacaciones/span_Si' is clicked on

2021-12-17 17:43:56 - [MESSAGE][PASSED] - Object: 'Object Repository/Modulo Tarea Administracion Compensacion/Generar Vacaciones/span_Si' is clicked on

2021-12-17 17:43:56 - [TEST_STEP][PASSED] - waitForElementClickable(findTestObject("Modulo Tarea Administracion Compensacion/Generar Vacaciones/a_Continuar"), 0): Object 'Object Repository/Modulo Tarea Administracion Compensacion/Generar Vacaciones/a_Continuar' is clickable

2021-12-17 17:43:56 - [MESSAGE][WARNING] - Timeout '0' is invalid. Using default page load timeout: '30'

2021-12-17 17:44:00 - [MESSAGE][PASSED] - Object 'Object Repository/Modulo Tarea Administracion Compensacion/Generar Vacaciones/a_Continuar' is clickable

2021-12-17 17:44:00 - [TEST_STEP][PASSED] - click(findTestObject("Modulo Tarea Administracion Compensacion/Generar Vacaciones/a_Continuar")): Object: 'Object Repository/Modulo Tarea Administracion Compensacion/Generar Vacaciones/a_Continuar' is clicked on

2021-12-17 17:44:00 - [MESSAGE][PASSED] - Object: 'Object Repository/Modulo Tarea Administracion Compensacion/Generar Vacaciones/a_Continuar' is clicked on

2021-12-17 17:44:00 - [TEST_STEP][PASSED] - getText(findTestObject("Alerta/Alerta")): Text of object 'Object Repository/Alerta/Alerta' is: 'Se Actualizo correctamente el registro'

2021-12-17 17:44:01 - [MESSAGE][PASSED] - Text of object 'Object Repository/Alerta/Alerta' is: 'Se Actualizo correctamente el registro']]></system-out>
         <system-err><![CDATA[]]></system-err>
      </testcase>
      <testcase name="Test Cases/1.1-Tareas Principales/1.1.8-Mantenimiento de Vacaciones Reliquidar" time="68.08" classname="Test Cases/1.1-Tareas Principales/1.1.8-Mantenimiento de Vacaciones Reliquidar" status="PASSED">
         <system-out><![CDATA[2021-12-17 17:44:01 - [TEST_CASE][PASSED] - Test Cases/1.1-Tareas Principales/1.1.8-Mantenimiento de Vacaciones Reliquidar: Test Cases/1.1-Tareas Principales/1.1.8-Mantenimiento de Vacaciones Reliquidar

2021-12-17 17:44:02 - [TEST_STEP][PASSED] - callTestCase(findTestCase("0.1-Login"), [:], STOP_ON_FAILURE): Call Test Case 'Test Cases/0.1-Login' successfully

2021-12-17 17:44:02 - [TEST_CASE][PASSED] - Test Cases/0.1-Login: Test Cases/0.1-Login

2021-12-17 17:44:02 - [TEST_STEP][PASSED] - openBrowser(""): Browser is opened with url: ''

2021-12-17 17:44:02 - [MESSAGE][WARNING] - A browser is already opened. Closing browser and opening a new one

2021-12-17 17:44:02 - [MESSAGE][INFO] - Starting 'Chrome' driver

2021-12-17 17:44:02 - [MESSAGE][INFO] - Action delay is set to 0 milliseconds

2021-12-17 17:44:04 - [MESSAGE][PASSED] - Browser is opened with url: ''

2021-12-17 17:44:04 - [TEST_STEP][PASSED] - maximizeWindow(): Current window maximized

2021-12-17 17:44:04 - [MESSAGE][PASSED] - Current window maximized

2021-12-17 17:44:04 - [TEST_STEP][PASSED] - i = G_Login: null

2021-12-17 17:44:04 - [TEST_STEP][PASSED] - url = new java.net.URL(i): null

2021-12-17 17:44:04 - [TEST_STEP][PASSED] - println("URL: " + url.toString()): null

2021-12-17 17:44:04 - [TEST_STEP][PASSED] - connection = url.openConnection(): null

2021-12-17 17:44:04 - [TEST_STEP][PASSED] - connection.setRequestMethod("GET"): null

2021-12-17 17:44:04 - [TEST_STEP][PASSED] - connection.setReadTimeout(2 * 1000): null

2021-12-17 17:44:04 - [TEST_STEP][PASSED] - try: null

2021-12-17 17:44:04 - [TEST_STEP][PASSED] - connection.connect(): null

2021-12-17 17:44:04 - [TEST_STEP][PASSED] - flag = connected: null

2021-12-17 17:44:04 - [TEST_STEP][PASSED] - println("Valor_ori: " + flag): null

2021-12-17 17:44:04 - [TEST_STEP][PASSED] - if (flag): null

2021-12-17 17:44:04 - [TEST_STEP][PASSED] - navigateToUrl(i): Navigate to 'http://192.168.2.29:7001/saraweb' successfully

2021-12-17 17:44:11 - [MESSAGE][PASSED] - Navigate to 'http://192.168.2.29:7001/saraweb' successfully

2021-12-17 17:44:11 - [TEST_STEP][PASSED] - a(): null

2021-12-17 17:44:11 - [TEST_STEP][PASSED] - setText(findTestObject("Login/input_USUARIO_loginusuario"), G_Usuario): Text 'weblogic' is set on object 'Object Repository/Login/input_USUARIO_loginusuario'

2021-12-17 17:44:12 - [MESSAGE][PASSED] - Text 'weblogic' is set on object 'Object Repository/Login/input_USUARIO_loginusuario'

2021-12-17 17:44:12 - [TEST_STEP][PASSED] - setEncryptedText(findTestObject("Login/input_CLAVE_loginpassword"), "MkG4/TYiCFC3cb2driP7+Q=="): Text ****** has been set on object 'Object Repository/Login/input_CLAVE_loginpassword'

2021-12-17 17:44:12 - [MESSAGE][PASSED] - Text ****** has been set on object 'Object Repository/Login/input_CLAVE_loginpassword'

2021-12-17 17:44:12 - [TEST_STEP][PASSED] - waitForElementClickable(findTestObject("Login/a_Ingresar"), G_TimeOut): Object 'Object Repository/Login/a_Ingresar' is clickable

2021-12-17 17:44:13 - [MESSAGE][PASSED] - Object 'Object Repository/Login/a_Ingresar' is clickable

2021-12-17 17:44:13 - [TEST_STEP][PASSED] - click(findTestObject("Login/a_Ingresar")): Object: 'Object Repository/Login/a_Ingresar' is clicked on

2021-12-17 17:44:25 - [MESSAGE][PASSED] - Object: 'Object Repository/Login/a_Ingresar' is clicked on

2021-12-17 17:44:25 - [TEST_STEP][PASSED] - element = findWebElement(findTestObject("Login/a_Ir"), 30): null

2021-12-17 17:44:25 - [TEST_STEP][PASSED] - executeJavaScript("arguments[0].click()", Arrays.asList(element)): Execute JavaScript 'arguments[0].click()' successfully

2021-12-17 17:44:25 - [MESSAGE][PASSED] - Execute JavaScript 'arguments[0].click()' successfully

2021-12-17 17:44:25 - [MESSAGE][PASSED] - Call Test Case 'Test Cases/0.1-Login' successfully

2021-12-17 17:44:25 - [TEST_STEP][PASSED] - waitForElementClickable(findTestObject("Modulo Tarea Administracion Compensacion/Periodo en Proceso - Archivo Plano/Mantenimiento de Vacaciones Reliquidar/input_Mantenimiento de Vacaciones_form_templatej_idt24_input"), 0): Object 'Object Repository/Modulo Tarea Administracion Compensacion/Periodo en Proceso - Archivo Plano/Mantenimiento de Vacaciones Reliquidar/input_Mantenimiento de Vacaciones_form_templatej_idt24_input' is clickable

2021-12-17 17:44:25 - [MESSAGE][WARNING] - Timeout '0' is invalid. Using default page load timeout: '30'

2021-12-17 17:44:36 - [MESSAGE][PASSED] - Object 'Object Repository/Modulo Tarea Administracion Compensacion/Periodo en Proceso - Archivo Plano/Mantenimiento de Vacaciones Reliquidar/input_Mantenimiento de Vacaciones_form_templatej_idt24_input' is clickable

2021-12-17 17:44:36 - [TEST_STEP][PASSED] - setText(findTestObject("Modulo Tarea Administracion Compensacion/Periodo en Proceso - Archivo Plano/Mantenimiento de Vacaciones Reliquidar/input_Mantenimiento de Vacaciones_form_templatej_idt24_input"), "Mantenimiento de Vacaciones"): Text 'Mantenimiento de Vacaciones' is set on object 'Object Repository/Modulo Tarea Administracion Compensacion/Periodo en Proceso - Archivo Plano/Mantenimiento de Vacaciones Reliquidar/input_Mantenimiento de Vacaciones_form_templatej_idt24_input'

2021-12-17 17:44:37 - [MESSAGE][PASSED] - Text 'Mantenimiento de Vacaciones' is set on object 'Object Repository/Modulo Tarea Administracion Compensacion/Periodo en Proceso - Archivo Plano/Mantenimiento de Vacaciones Reliquidar/input_Mantenimiento de Vacaciones_form_templatej_idt24_input'

2021-12-17 17:44:37 - [TEST_STEP][PASSED] - delay(1): Delayed 1 second(s)

2021-12-17 17:44:38 - [MESSAGE][PASSED] - Delayed 1 second(s)

2021-12-17 17:44:38 - [TEST_STEP][PASSED] - sendKeys(findTestObject("Modulo Tarea Administracion Compensacion/Periodo en Proceso - Archivo Plano/Mantenimiento de Vacaciones Reliquidar/input_Mantenimiento de Vacaciones_form_templatej_idt24_input"), Keys.chord(ENTER)): Keys 'ENTER + ' sent to object: 'Object Repository/Modulo Tarea Administracion Compensacion/Periodo en Proceso - Archivo Plano/Mantenimiento de Vacaciones Reliquidar/input_Mantenimiento de Vacaciones_form_templatej_idt24_input'

2021-12-17 17:44:39 - [MESSAGE][PASSED] - Keys 'ENTER + ' sent to object: 'Object Repository/Modulo Tarea Administracion Compensacion/Periodo en Proceso - Archivo Plano/Mantenimiento de Vacaciones Reliquidar/input_Mantenimiento de Vacaciones_form_templatej_idt24_input'

2021-12-17 17:44:39 - [TEST_STEP][PASSED] - setText(findTestObject("Modulo Tarea Administracion Compensacion/Periodo en Proceso - Archivo Plano/Mantenimiento de Vacaciones Reliquidar/input_Identificacin_form_mantenimientoVacacionj_idt66"), "1234567890"): Text '1234567890' is set on object 'Object Repository/Modulo Tarea Administracion Compensacion/Periodo en Proceso - Archivo Plano/Mantenimiento de Vacaciones Reliquidar/input_Identificacin_form_mantenimientoVacacionj_idt66'

2021-12-17 17:44:51 - [MESSAGE][PASSED] - Text '1234567890' is set on object 'Object Repository/Modulo Tarea Administracion Compensacion/Periodo en Proceso - Archivo Plano/Mantenimiento de Vacaciones Reliquidar/input_Identificacin_form_mantenimientoVacacionj_idt66'

2021-12-17 17:44:51 - [TEST_STEP][PASSED] - sendKeys(findTestObject("Modulo Tarea Administracion Compensacion/Mantenimiento de Vacaciones Reliquidar/input_Identificacin_form_mante"), Keys.chord(ENTER)): Keys 'ENTER + ' sent to object: 'tempBody'

2021-12-17 17:44:51 - [MESSAGE][WARNING] - Test object with id 'Object Repository/Modulo Tarea Administracion Compensacion/Mantenimiento de Vacaciones Reliquidar/input_Identificacin_form_mante' does not exist

2021-12-17 17:44:51 - [MESSAGE][WARNING] - Test object with id 'Object Repository/' does not exist

2021-12-17 17:44:51 - [MESSAGE][PASSED] - Keys 'ENTER + ' sent to object: 'tempBody'

2021-12-17 17:44:51 - [TEST_STEP][PASSED] - if (waitForElementVisible(findTestObject("Modulo Tarea Administracion Compensacion/Periodo en Proceso - Archivo Plano/Mantenimiento de Vacaciones Reliquidar/td_No se encontr registros"), 1)): Web element with id: 'Object Repository/Modulo Tarea Administracion Compensacion/Periodo en Proceso - Archivo Plano/Mantenimiento de Vacaciones Reliquidar/td_No se encontr registros' located by '//*/text()[normalize-space(.)='No se encontró registros']/parent::*' not found

2021-12-17 17:44:54 - [MESSAGE][INFO] - Unable to find the element located by 'By.xpath: //*/text()[normalize-space(.)='No se encontró registros']/parent::*'. Please recheck the objects properties to make sure the desired element is located. 

2021-12-17 17:44:54 - [MESSAGE][WARNING] - Web element with id: 'Object Repository/Modulo Tarea Administracion Compensacion/Periodo en Proceso - Archivo Plano/Mantenimiento de Vacaciones Reliquidar/td_No se encontr registros' located by '//*/text()[normalize-space(.)='No se encontró registros']/parent::*' not found

2021-12-17 17:44:54 - [TEST_STEP][PASSED] - selectOptionByIndex(findTestObject("Modulo Tarea Administracion Compensacion/Periodo en Proceso - Archivo Plano/Mantenimiento de Vacaciones Reliquidar/select_SeleccioneCerradaNo Cerrada"), "2"): All options with index in [2] are selected on object 'Object Repository/Modulo Tarea Administracion Compensacion/Periodo en Proceso - Archivo Plano/Mantenimiento de Vacaciones Reliquidar/select_SeleccioneCerradaNo Cerrada'

2021-12-17 17:44:55 - [MESSAGE][PASSED] - All options with index in [2] are selected on object 'Object Repository/Modulo Tarea Administracion Compensacion/Periodo en Proceso - Archivo Plano/Mantenimiento de Vacaciones Reliquidar/select_SeleccioneCerradaNo Cerrada'

2021-12-17 17:44:55 - [TEST_STEP][PASSED] - check(findTestObject("Modulo Tarea Administracion Compensacion/Periodo en Proceso - Archivo Plano/Mantenimiento de Vacaciones Reliquidar/div_Estado_ui-chkbox-")): Object 'Object Repository/Modulo Tarea Administracion Compensacion/Periodo en Proceso - Archivo Plano/Mantenimiento de Vacaciones Reliquidar/div_Estado_ui-chkbox-' is checked

2021-12-17 17:44:56 - [MESSAGE][PASSED] - Object 'Object Repository/Modulo Tarea Administracion Compensacion/Periodo en Proceso - Archivo Plano/Mantenimiento de Vacaciones Reliquidar/div_Estado_ui-chkbox-' is checked

2021-12-17 17:44:56 - [TEST_STEP][PASSED] - click(findTestObject("Modulo Tarea Administracion Compensacion/Periodo en Proceso - Archivo Plano/Mantenimiento de Vacaciones Reliquidar/a_Reliquidacion")): Object: 'Object Repository/Modulo Tarea Administracion Compensacion/Periodo en Proceso - Archivo Plano/Mantenimiento de Vacaciones Reliquidar/a_Reliquidacion' is clicked on

2021-12-17 17:44:57 - [MESSAGE][PASSED] - Object: 'Object Repository/Modulo Tarea Administracion Compensacion/Periodo en Proceso - Archivo Plano/Mantenimiento de Vacaciones Reliquidar/a_Reliquidacion' is clicked on

2021-12-17 17:44:57 - [TEST_STEP][PASSED] - click(findTestObject("Modulo Tarea Administracion Compensacion/Periodo en Proceso - Archivo Plano/Mantenimiento de Vacaciones Reliquidar/a_Aceptar_Reliquidacion")): Object: 'Object Repository/Modulo Tarea Administracion Compensacion/Periodo en Proceso - Archivo Plano/Mantenimiento de Vacaciones Reliquidar/a_Aceptar_Reliquidacion' is clicked on

2021-12-17 17:45:09 - [MESSAGE][PASSED] - Object: 'Object Repository/Modulo Tarea Administracion Compensacion/Periodo en Proceso - Archivo Plano/Mantenimiento de Vacaciones Reliquidar/a_Aceptar_Reliquidacion' is clicked on

2021-12-17 17:45:09 - [TEST_STEP][PASSED] - waitForElementClickable(findTestObject("Modulo Tarea Administracion Compensacion/Periodo en Proceso - Archivo Plano/Mantenimiento de Vacaciones Reliquidar/a_Continuar_Reliquidar"), 0): Object 'Object Repository/Modulo Tarea Administracion Compensacion/Periodo en Proceso - Archivo Plano/Mantenimiento de Vacaciones Reliquidar/a_Continuar_Reliquidar' is clickable

2021-12-17 17:45:09 - [MESSAGE][WARNING] - Timeout '0' is invalid. Using default page load timeout: '30'

2021-12-17 17:45:09 - [MESSAGE][PASSED] - Object 'Object Repository/Modulo Tarea Administracion Compensacion/Periodo en Proceso - Archivo Plano/Mantenimiento de Vacaciones Reliquidar/a_Continuar_Reliquidar' is clickable

2021-12-17 17:45:09 - [TEST_STEP][PASSED] - click(findTestObject("Modulo Tarea Administracion Compensacion/Periodo en Proceso - Archivo Plano/Mantenimiento de Vacaciones Reliquidar/a_Continuar_Reliquidar")): Object: 'Object Repository/Modulo Tarea Administracion Compensacion/Periodo en Proceso - Archivo Plano/Mantenimiento de Vacaciones Reliquidar/a_Continuar_Reliquidar' is clicked on

2021-12-17 17:45:09 - [MESSAGE][PASSED] - Object: 'Object Repository/Modulo Tarea Administracion Compensacion/Periodo en Proceso - Archivo Plano/Mantenimiento de Vacaciones Reliquidar/a_Continuar_Reliquidar' is clicked on]]></system-out>
         <system-err><![CDATA[]]></system-err>
      </testcase>
      <testcase name="Test Cases/1.1-Tareas Principales/1.1.9-Imprimir comprobante de vacaciones" time="75.46" classname="Test Cases/1.1-Tareas Principales/1.1.9-Imprimir comprobante de vacaciones" status="PASSED">
         <system-out><![CDATA[2021-12-17 17:45:09 - [TEST_CASE][PASSED] - Test Cases/1.1-Tareas Principales/1.1.9-Imprimir comprobante de vacaciones: Test Cases/1.1-Tareas Principales/1.1.9-Imprimir comprobante de vacaciones

2021-12-17 17:45:10 - [TEST_STEP][PASSED] - callTestCase(findTestCase("1.1-Tareas Principales/1.1.8-Mantenimiento de Vacaciones Reliquidar"), [:], STOP_ON_FAILURE): Call Test Case 'Test Cases/1.1-Tareas Principales/1.1.8-Mantenimiento de Vacaciones Reliquidar' successfully

2021-12-17 17:45:10 - [TEST_CASE][PASSED] - Test Cases/1.1-Tareas Principales/1.1.8-Mantenimiento de Vacaciones Reliquidar: Test Cases/1.1-Tareas Principales/1.1.8-Mantenimiento de Vacaciones Reliquidar

2021-12-17 17:45:10 - [TEST_STEP][PASSED] - callTestCase(findTestCase("0.1-Login"), [:], STOP_ON_FAILURE): Call Test Case 'Test Cases/0.1-Login' successfully

2021-12-17 17:45:10 - [TEST_CASE][PASSED] - Test Cases/0.1-Login: Test Cases/0.1-Login

2021-12-17 17:45:10 - [TEST_STEP][PASSED] - openBrowser(""): Browser is opened with url: ''

2021-12-17 17:45:10 - [MESSAGE][WARNING] - A browser is already opened. Closing browser and opening a new one

2021-12-17 17:45:11 - [MESSAGE][INFO] - Starting 'Chrome' driver

2021-12-17 17:45:11 - [MESSAGE][INFO] - Action delay is set to 0 milliseconds

2021-12-17 17:45:12 - [MESSAGE][PASSED] - Browser is opened with url: ''

2021-12-17 17:45:12 - [TEST_STEP][PASSED] - maximizeWindow(): Current window maximized

2021-12-17 17:45:12 - [MESSAGE][PASSED] - Current window maximized

2021-12-17 17:45:12 - [TEST_STEP][PASSED] - i = G_Login: null

2021-12-17 17:45:12 - [TEST_STEP][PASSED] - url = new java.net.URL(i): null

2021-12-17 17:45:12 - [TEST_STEP][PASSED] - println("URL: " + url.toString()): null

2021-12-17 17:45:12 - [TEST_STEP][PASSED] - connection = url.openConnection(): null

2021-12-17 17:45:12 - [TEST_STEP][PASSED] - connection.setRequestMethod("GET"): null

2021-12-17 17:45:12 - [TEST_STEP][PASSED] - connection.setReadTimeout(2 * 1000): null

2021-12-17 17:45:12 - [TEST_STEP][PASSED] - try: null

2021-12-17 17:45:12 - [TEST_STEP][PASSED] - connection.connect(): null

2021-12-17 17:45:12 - [TEST_STEP][PASSED] - flag = connected: null

2021-12-17 17:45:12 - [TEST_STEP][PASSED] - println("Valor_ori: " + flag): null

2021-12-17 17:45:12 - [TEST_STEP][PASSED] - if (flag): null

2021-12-17 17:45:12 - [TEST_STEP][PASSED] - navigateToUrl(i): Navigate to 'http://192.168.2.29:7001/saraweb' successfully

2021-12-17 17:45:19 - [MESSAGE][PASSED] - Navigate to 'http://192.168.2.29:7001/saraweb' successfully

2021-12-17 17:45:19 - [TEST_STEP][PASSED] - a(): null

2021-12-17 17:45:19 - [TEST_STEP][PASSED] - setText(findTestObject("Login/input_USUARIO_loginusuario"), G_Usuario): Text 'weblogic' is set on object 'Object Repository/Login/input_USUARIO_loginusuario'

2021-12-17 17:45:20 - [MESSAGE][PASSED] - Text 'weblogic' is set on object 'Object Repository/Login/input_USUARIO_loginusuario'

2021-12-17 17:45:20 - [TEST_STEP][PASSED] - setEncryptedText(findTestObject("Login/input_CLAVE_loginpassword"), "MkG4/TYiCFC3cb2driP7+Q=="): Text ****** has been set on object 'Object Repository/Login/input_CLAVE_loginpassword'

2021-12-17 17:45:20 - [MESSAGE][PASSED] - Text ****** has been set on object 'Object Repository/Login/input_CLAVE_loginpassword'

2021-12-17 17:45:20 - [TEST_STEP][PASSED] - waitForElementClickable(findTestObject("Login/a_Ingresar"), G_TimeOut): Object 'Object Repository/Login/a_Ingresar' is clickable

2021-12-17 17:45:20 - [MESSAGE][PASSED] - Object 'Object Repository/Login/a_Ingresar' is clickable

2021-12-17 17:45:20 - [TEST_STEP][PASSED] - click(findTestObject("Login/a_Ingresar")): Object: 'Object Repository/Login/a_Ingresar' is clicked on

2021-12-17 17:45:33 - [MESSAGE][PASSED] - Object: 'Object Repository/Login/a_Ingresar' is clicked on

2021-12-17 17:45:33 - [TEST_STEP][PASSED] - element = findWebElement(findTestObject("Login/a_Ir"), 30): null

2021-12-17 17:45:33 - [TEST_STEP][PASSED] - executeJavaScript("arguments[0].click()", Arrays.asList(element)): Execute JavaScript 'arguments[0].click()' successfully

2021-12-17 17:45:33 - [MESSAGE][PASSED] - Execute JavaScript 'arguments[0].click()' successfully

2021-12-17 17:45:33 - [MESSAGE][PASSED] - Call Test Case 'Test Cases/0.1-Login' successfully

2021-12-17 17:45:33 - [TEST_STEP][PASSED] - waitForElementClickable(findTestObject("Modulo Tarea Administracion Compensacion/Periodo en Proceso - Archivo Plano/Mantenimiento de Vacaciones Reliquidar/input_Mantenimiento de Vacaciones_form_templatej_idt24_input"), 0): Object 'Object Repository/Modulo Tarea Administracion Compensacion/Periodo en Proceso - Archivo Plano/Mantenimiento de Vacaciones Reliquidar/input_Mantenimiento de Vacaciones_form_templatej_idt24_input' is clickable

2021-12-17 17:45:33 - [MESSAGE][WARNING] - Timeout '0' is invalid. Using default page load timeout: '30'

2021-12-17 17:45:44 - [MESSAGE][PASSED] - Object 'Object Repository/Modulo Tarea Administracion Compensacion/Periodo en Proceso - Archivo Plano/Mantenimiento de Vacaciones Reliquidar/input_Mantenimiento de Vacaciones_form_templatej_idt24_input' is clickable

2021-12-17 17:45:44 - [TEST_STEP][PASSED] - setText(findTestObject("Modulo Tarea Administracion Compensacion/Periodo en Proceso - Archivo Plano/Mantenimiento de Vacaciones Reliquidar/input_Mantenimiento de Vacaciones_form_templatej_idt24_input"), "Mantenimiento de Vacaciones"): Text 'Mantenimiento de Vacaciones' is set on object 'Object Repository/Modulo Tarea Administracion Compensacion/Periodo en Proceso - Archivo Plano/Mantenimiento de Vacaciones Reliquidar/input_Mantenimiento de Vacaciones_form_templatej_idt24_input'

2021-12-17 17:45:45 - [MESSAGE][PASSED] - Text 'Mantenimiento de Vacaciones' is set on object 'Object Repository/Modulo Tarea Administracion Compensacion/Periodo en Proceso - Archivo Plano/Mantenimiento de Vacaciones Reliquidar/input_Mantenimiento de Vacaciones_form_templatej_idt24_input'

2021-12-17 17:45:45 - [TEST_STEP][PASSED] - delay(1): Delayed 1 second(s)

2021-12-17 17:45:46 - [MESSAGE][PASSED] - Delayed 1 second(s)

2021-12-17 17:45:46 - [TEST_STEP][PASSED] - sendKeys(findTestObject("Modulo Tarea Administracion Compensacion/Periodo en Proceso - Archivo Plano/Mantenimiento de Vacaciones Reliquidar/input_Mantenimiento de Vacaciones_form_templatej_idt24_input"), Keys.chord(ENTER)): Keys 'ENTER + ' sent to object: 'Object Repository/Modulo Tarea Administracion Compensacion/Periodo en Proceso - Archivo Plano/Mantenimiento de Vacaciones Reliquidar/input_Mantenimiento de Vacaciones_form_templatej_idt24_input'

2021-12-17 17:45:46 - [MESSAGE][PASSED] - Keys 'ENTER + ' sent to object: 'Object Repository/Modulo Tarea Administracion Compensacion/Periodo en Proceso - Archivo Plano/Mantenimiento de Vacaciones Reliquidar/input_Mantenimiento de Vacaciones_form_templatej_idt24_input'

2021-12-17 17:45:46 - [TEST_STEP][PASSED] - setText(findTestObject("Modulo Tarea Administracion Compensacion/Periodo en Proceso - Archivo Plano/Mantenimiento de Vacaciones Reliquidar/input_Identificacin_form_mantenimientoVacacionj_idt66"), "1234567890"): Text '1234567890' is set on object 'Object Repository/Modulo Tarea Administracion Compensacion/Periodo en Proceso - Archivo Plano/Mantenimiento de Vacaciones Reliquidar/input_Identificacin_form_mantenimientoVacacionj_idt66'

2021-12-17 17:45:58 - [MESSAGE][PASSED] - Text '1234567890' is set on object 'Object Repository/Modulo Tarea Administracion Compensacion/Periodo en Proceso - Archivo Plano/Mantenimiento de Vacaciones Reliquidar/input_Identificacin_form_mantenimientoVacacionj_idt66'

2021-12-17 17:45:58 - [TEST_STEP][PASSED] - sendKeys(findTestObject("Modulo Tarea Administracion Compensacion/Mantenimiento de Vacaciones Reliquidar/input_Identificacin_form_mante"), Keys.chord(ENTER)): Keys 'ENTER + ' sent to object: 'tempBody'

2021-12-17 17:45:58 - [MESSAGE][WARNING] - Test object with id 'Object Repository/Modulo Tarea Administracion Compensacion/Mantenimiento de Vacaciones Reliquidar/input_Identificacin_form_mante' does not exist

2021-12-17 17:45:58 - [MESSAGE][WARNING] - Test object with id 'Object Repository/' does not exist

2021-12-17 17:45:59 - [MESSAGE][PASSED] - Keys 'ENTER + ' sent to object: 'tempBody'

2021-12-17 17:45:59 - [TEST_STEP][PASSED] - if (waitForElementVisible(findTestObject("Modulo Tarea Administracion Compensacion/Periodo en Proceso - Archivo Plano/Mantenimiento de Vacaciones Reliquidar/td_No se encontr registros"), 1)): Web element with id: 'Object Repository/Modulo Tarea Administracion Compensacion/Periodo en Proceso - Archivo Plano/Mantenimiento de Vacaciones Reliquidar/td_No se encontr registros' located by '//*/text()[normalize-space(.)='No se encontró registros']/parent::*' not found

2021-12-17 17:46:01 - [MESSAGE][INFO] - Unable to find the element located by 'By.xpath: //*/text()[normalize-space(.)='No se encontró registros']/parent::*'. Please recheck the objects properties to make sure the desired element is located. 

2021-12-17 17:46:01 - [MESSAGE][WARNING] - Web element with id: 'Object Repository/Modulo Tarea Administracion Compensacion/Periodo en Proceso - Archivo Plano/Mantenimiento de Vacaciones Reliquidar/td_No se encontr registros' located by '//*/text()[normalize-space(.)='No se encontró registros']/parent::*' not found

2021-12-17 17:46:01 - [TEST_STEP][PASSED] - selectOptionByIndex(findTestObject("Modulo Tarea Administracion Compensacion/Periodo en Proceso - Archivo Plano/Mantenimiento de Vacaciones Reliquidar/select_SeleccioneCerradaNo Cerrada"), "2"): All options with index in [2] are selected on object 'Object Repository/Modulo Tarea Administracion Compensacion/Periodo en Proceso - Archivo Plano/Mantenimiento de Vacaciones Reliquidar/select_SeleccioneCerradaNo Cerrada'

2021-12-17 17:46:02 - [MESSAGE][PASSED] - All options with index in [2] are selected on object 'Object Repository/Modulo Tarea Administracion Compensacion/Periodo en Proceso - Archivo Plano/Mantenimiento de Vacaciones Reliquidar/select_SeleccioneCerradaNo Cerrada'

2021-12-17 17:46:02 - [TEST_STEP][PASSED] - check(findTestObject("Modulo Tarea Administracion Compensacion/Periodo en Proceso - Archivo Plano/Mantenimiento de Vacaciones Reliquidar/div_Estado_ui-chkbox-")): Object 'Object Repository/Modulo Tarea Administracion Compensacion/Periodo en Proceso - Archivo Plano/Mantenimiento de Vacaciones Reliquidar/div_Estado_ui-chkbox-' is checked

2021-12-17 17:46:03 - [MESSAGE][PASSED] - Object 'Object Repository/Modulo Tarea Administracion Compensacion/Periodo en Proceso - Archivo Plano/Mantenimiento de Vacaciones Reliquidar/div_Estado_ui-chkbox-' is checked

2021-12-17 17:46:03 - [TEST_STEP][PASSED] - click(findTestObject("Modulo Tarea Administracion Compensacion/Periodo en Proceso - Archivo Plano/Mantenimiento de Vacaciones Reliquidar/a_Reliquidacion")): Object: 'Object Repository/Modulo Tarea Administracion Compensacion/Periodo en Proceso - Archivo Plano/Mantenimiento de Vacaciones Reliquidar/a_Reliquidacion' is clicked on

2021-12-17 17:46:03 - [MESSAGE][PASSED] - Object: 'Object Repository/Modulo Tarea Administracion Compensacion/Periodo en Proceso - Archivo Plano/Mantenimiento de Vacaciones Reliquidar/a_Reliquidacion' is clicked on

2021-12-17 17:46:03 - [TEST_STEP][PASSED] - click(findTestObject("Modulo Tarea Administracion Compensacion/Periodo en Proceso - Archivo Plano/Mantenimiento de Vacaciones Reliquidar/a_Aceptar_Reliquidacion")): Object: 'Object Repository/Modulo Tarea Administracion Compensacion/Periodo en Proceso - Archivo Plano/Mantenimiento de Vacaciones Reliquidar/a_Aceptar_Reliquidacion' is clicked on

2021-12-17 17:46:15 - [MESSAGE][PASSED] - Object: 'Object Repository/Modulo Tarea Administracion Compensacion/Periodo en Proceso - Archivo Plano/Mantenimiento de Vacaciones Reliquidar/a_Aceptar_Reliquidacion' is clicked on

2021-12-17 17:46:15 - [TEST_STEP][PASSED] - waitForElementClickable(findTestObject("Modulo Tarea Administracion Compensacion/Periodo en Proceso - Archivo Plano/Mantenimiento de Vacaciones Reliquidar/a_Continuar_Reliquidar"), 0): Object 'Object Repository/Modulo Tarea Administracion Compensacion/Periodo en Proceso - Archivo Plano/Mantenimiento de Vacaciones Reliquidar/a_Continuar_Reliquidar' is clickable

2021-12-17 17:46:15 - [MESSAGE][WARNING] - Timeout '0' is invalid. Using default page load timeout: '30'

2021-12-17 17:46:15 - [MESSAGE][PASSED] - Object 'Object Repository/Modulo Tarea Administracion Compensacion/Periodo en Proceso - Archivo Plano/Mantenimiento de Vacaciones Reliquidar/a_Continuar_Reliquidar' is clickable

2021-12-17 17:46:15 - [TEST_STEP][PASSED] - click(findTestObject("Modulo Tarea Administracion Compensacion/Periodo en Proceso - Archivo Plano/Mantenimiento de Vacaciones Reliquidar/a_Continuar_Reliquidar")): Object: 'Object Repository/Modulo Tarea Administracion Compensacion/Periodo en Proceso - Archivo Plano/Mantenimiento de Vacaciones Reliquidar/a_Continuar_Reliquidar' is clicked on

2021-12-17 17:46:16 - [MESSAGE][PASSED] - Object: 'Object Repository/Modulo Tarea Administracion Compensacion/Periodo en Proceso - Archivo Plano/Mantenimiento de Vacaciones Reliquidar/a_Continuar_Reliquidar' is clicked on

2021-12-17 17:46:16 - [MESSAGE][PASSED] - Call Test Case 'Test Cases/1.1-Tareas Principales/1.1.8-Mantenimiento de Vacaciones Reliquidar' successfully

2021-12-17 17:46:16 - [TEST_STEP][PASSED] - waitForElementClickable(findTestObject("Modulo Tarea Administracion Compensacion/Imprimir comprobante de vacaciones/td_1234567890"), 0): Object 'Object Repository/Modulo Tarea Administracion Compensacion/Imprimir comprobante de vacaciones/td_1234567890' is clickable

2021-12-17 17:46:16 - [MESSAGE][WARNING] - Timeout '0' is invalid. Using default page load timeout: '30'

2021-12-17 17:46:17 - [MESSAGE][PASSED] - Object 'Object Repository/Modulo Tarea Administracion Compensacion/Imprimir comprobante de vacaciones/td_1234567890' is clickable

2021-12-17 17:46:17 - [TEST_STEP][PASSED] - click(findTestObject("Modulo Tarea Administracion Compensacion/Imprimir comprobante de vacaciones/td_1234567890")): Object: 'Object Repository/Modulo Tarea Administracion Compensacion/Imprimir comprobante de vacaciones/td_1234567890' is clicked on

2021-12-17 17:46:17 - [MESSAGE][PASSED] - Object: 'Object Repository/Modulo Tarea Administracion Compensacion/Imprimir comprobante de vacaciones/td_1234567890' is clicked on

2021-12-17 17:46:17 - [TEST_STEP][PASSED] - click(findTestObject("Modulo Tarea Administracion Compensacion/Imprimir comprobante de vacaciones/span_Imprimir")): Object: 'Object Repository/Modulo Tarea Administracion Compensacion/Imprimir comprobante de vacaciones/span_Imprimir' is clicked on

2021-12-17 17:46:19 - [MESSAGE][PASSED] - Object: 'Object Repository/Modulo Tarea Administracion Compensacion/Imprimir comprobante de vacaciones/span_Imprimir' is clicked on

2021-12-17 17:46:19 - [TEST_STEP][PASSED] - click(findTestObject("Modulo Tarea Administracion Compensacion/Imprimir comprobante de vacaciones/input_Publicar_j_idt712tipo")): Object: 'Object Repository/Modulo Tarea Administracion Compensacion/Imprimir comprobante de vacaciones/input_Publicar_j_idt712tipo' is clicked on

2021-12-17 17:46:20 - [MESSAGE][PASSED] - Object: 'Object Repository/Modulo Tarea Administracion Compensacion/Imprimir comprobante de vacaciones/input_Publicar_j_idt712tipo' is clicked on

2021-12-17 17:46:20 - [TEST_STEP][PASSED] - selectOptionByIndex(findTestObject("Modulo Tarea Administracion Compensacion/Imprimir comprobante de vacaciones/select_-- Seleccione --COMPROB"), "1"): All options with index in [1] are selected on object 'Object Repository/Modulo Tarea Administracion Compensacion/Imprimir comprobante de vacaciones/select_-- Seleccione --COMPROB'

2021-12-17 17:46:21 - [MESSAGE][PASSED] - All options with index in [1] are selected on object 'Object Repository/Modulo Tarea Administracion Compensacion/Imprimir comprobante de vacaciones/select_-- Seleccione --COMPROB'

2021-12-17 17:46:21 - [TEST_STEP][PASSED] - click(findTestObject("Modulo Tarea Administracion Compensacion/Imprimir comprobante de vacaciones/a_Publicar")): Object: 'Object Repository/Modulo Tarea Administracion Compensacion/Imprimir comprobante de vacaciones/a_Publicar' is clicked on

2021-12-17 17:46:21 - [MESSAGE][PASSED] - Object: 'Object Repository/Modulo Tarea Administracion Compensacion/Imprimir comprobante de vacaciones/a_Publicar' is clicked on

2021-12-17 17:46:21 - [TEST_STEP][PASSED] - getText(findTestObject("Alerta/Alerta")): Text of object 'Object Repository/Alerta/Alerta' is: 'Los comprobantes han sido publicados'

2021-12-17 17:46:24 - [MESSAGE][PASSED] - Text of object 'Object Repository/Alerta/Alerta' is: 'Los comprobantes han sido publicados'

2021-12-17 17:46:24 - [TEST_STEP][PASSED] - closeBrowser(): Browser is closed

2021-12-17 17:46:25 - [MESSAGE][PASSED] - Browser is closed]]></system-out>
         <system-err><![CDATA[]]></system-err>
      </testcase>
      <testcase name="Test Cases/1.1-Tareas Principales/1.2.1-Reversar Vacaciones" time="113.478" classname="Test Cases/1.1-Tareas Principales/1.2.1-Reversar Vacaciones" status="FAILED">
         <failure type="FAILED" message="Test Cases/1.1-Tareas Principales/1.2.1-Reversar Vacaciones FAILED.
Reason:
com.kms.katalon.core.exception.StepFailedException: Unable to get text of object 'Object Repository/Alerta/Alerta'
	at com.kms.katalon.core.webui.keyword.internal.WebUIKeywordMain.stepFailed(WebUIKeywordMain.groovy:64)
	at com.kms.katalon.core.webui.keyword.internal.WebUIKeywordMain.runKeyword(WebUIKeywordMain.groovy:26)
	at com.kms.katalon.core.webui.keyword.builtin.GetTextKeyword.getText(GetTextKeyword.groovy:88)
	at com.kms.katalon.core.webui.keyword.builtin.GetTextKeyword.execute(GetTextKeyword.groovy:67)
	at com.kms.katalon.core.keyword.internal.KeywordExecutor.executeKeywordForPlatform(KeywordExecutor.groovy:74)
	at com.kms.katalon.core.webui.keyword.WebUiBuiltInKeywords.getText(WebUiBuiltInKeywords.groovy:918)
	at com.kms.katalon.core.webui.keyword.WebUiBuiltInKeywords$getText$12.call(Unknown Source)
	at 1.2.1-Reversar Vacaciones.run(1.2.1-Reversar Vacaciones:32)
	at com.kms.katalon.core.main.ScriptEngine.run(ScriptEngine.java:194)
	at com.kms.katalon.core.main.ScriptEngine.runScriptAsRawText(ScriptEngine.java:119)
	at com.kms.katalon.core.main.TestCaseExecutor.runScript(TestCaseExecutor.java:442)
	at com.kms.katalon.core.main.TestCaseExecutor.doExecute(TestCaseExecutor.java:433)
	at com.kms.katalon.core.main.TestCaseExecutor.processExecutionPhase(TestCaseExecutor.java:412)
	at com.kms.katalon.core.main.TestCaseExecutor.accessMainPhase(TestCaseExecutor.java:404)
	at com.kms.katalon.core.main.TestCaseExecutor.execute(TestCaseExecutor.java:281)
	at com.kms.katalon.core.main.TestSuiteExecutor.accessTestCaseMainPhase(TestSuiteExecutor.java:202)
	at com.kms.katalon.core.main.TestSuiteExecutor.accessTestSuiteMainPhase(TestSuiteExecutor.java:164)
	at com.kms.katalon.core.main.TestSuiteExecutor.execute(TestSuiteExecutor.java:105)
	at com.kms.katalon.core.main.TestCaseMain.startTestSuite(TestCaseMain.java:181)
	at com.kms.katalon.core.main.TestCaseMain$startTestSuite$0.call(Unknown Source)
	at TempTestSuite1639780222929.run(TempTestSuite1639780222929.groovy:36)
Caused by: com.kms.katalon.core.webui.exception.WebElementNotFoundException: Web element with id: 'Object Repository/Alerta/Alerta' located by '//div[@id='growl_container']/div/div/div[2]/p' not found
	at com.kms.katalon.core.webui.common.WebUiCommonHelper.findWebElement(WebUiCommonHelper.java:1368)
	at com.kms.katalon.core.webui.keyword.internal.WebUIAbstractKeyword.findWebElement(WebUIAbstractKeyword.groovy:27)
	at com.kms.katalon.core.webui.keyword.internal.WebUIAbstractKeyword.findWebElement(WebUIAbstractKeyword.groovy:26)
	at com.kms.katalon.core.webui.keyword.builtin.GetTextKeyword$_getText_closure1.doCall(GetTextKeyword.groovy:78)
	at com.kms.katalon.core.webui.keyword.builtin.GetTextKeyword$_getText_closure1.call(GetTextKeyword.groovy)
	at com.kms.katalon.core.webui.keyword.internal.WebUIKeywordMain.runKeyword(WebUIKeywordMain.groovy:20)
	... 19 more
"/>
         <system-out><![CDATA[2021-12-17 17:46:25 - [TEST_CASE][FAILED] - Test Cases/1.1-Tareas Principales/1.2.1-Reversar Vacaciones: Test Cases/1.1-Tareas Principales/1.2.1-Reversar Vacaciones FAILED.
Reason:
com.kms.katalon.core.exception.StepFailedException: Unable to get text of object 'Object Repository/Alerta/Alerta'
	at com.kms.katalon.core.webui.keyword.internal.WebUIKeywordMain.stepFailed(WebUIKeywordMain.groovy:64)
	at com.kms.katalon.core.webui.keyword.internal.WebUIKeywordMain.runKeyword(WebUIKeywordMain.groovy:26)
	at com.kms.katalon.core.webui.keyword.builtin.GetTextKeyword.getText(GetTextKeyword.groovy:88)
	at com.kms.katalon.core.webui.keyword.builtin.GetTextKeyword.execute(GetTextKeyword.groovy:67)
	at com.kms.katalon.core.keyword.internal.KeywordExecutor.executeKeywordForPlatform(KeywordExecutor.groovy:74)
	at com.kms.katalon.core.webui.keyword.WebUiBuiltInKeywords.getText(WebUiBuiltInKeywords.groovy:918)
	at com.kms.katalon.core.webui.keyword.WebUiBuiltInKeywords$getText$12.call(Unknown Source)
	at 1.2.1-Reversar Vacaciones.run(1.2.1-Reversar Vacaciones:32)
	at com.kms.katalon.core.main.ScriptEngine.run(ScriptEngine.java:194)
	at com.kms.katalon.core.main.ScriptEngine.runScriptAsRawText(ScriptEngine.java:119)
	at com.kms.katalon.core.main.TestCaseExecutor.runScript(TestCaseExecutor.java:442)
	at com.kms.katalon.core.main.TestCaseExecutor.doExecute(TestCaseExecutor.java:433)
	at com.kms.katalon.core.main.TestCaseExecutor.processExecutionPhase(TestCaseExecutor.java:412)
	at com.kms.katalon.core.main.TestCaseExecutor.accessMainPhase(TestCaseExecutor.java:404)
	at com.kms.katalon.core.main.TestCaseExecutor.execute(TestCaseExecutor.java:281)
	at com.kms.katalon.core.main.TestSuiteExecutor.accessTestCaseMainPhase(TestSuiteExecutor.java:202)
	at com.kms.katalon.core.main.TestSuiteExecutor.accessTestSuiteMainPhase(TestSuiteExecutor.java:164)
	at com.kms.katalon.core.main.TestSuiteExecutor.execute(TestSuiteExecutor.java:105)
	at com.kms.katalon.core.main.TestCaseMain.startTestSuite(TestCaseMain.java:181)
	at com.kms.katalon.core.main.TestCaseMain$startTestSuite$0.call(Unknown Source)
	at TempTestSuite1639780222929.run(TempTestSuite1639780222929.groovy:36)
Caused by: com.kms.katalon.core.webui.exception.WebElementNotFoundException: Web element with id: 'Object Repository/Alerta/Alerta' located by '//div[@id='growl_container']/div/div/div[2]/p' not found
	at com.kms.katalon.core.webui.common.WebUiCommonHelper.findWebElement(WebUiCommonHelper.java:1368)
	at com.kms.katalon.core.webui.keyword.internal.WebUIAbstractKeyword.findWebElement(WebUIAbstractKeyword.groovy:27)
	at com.kms.katalon.core.webui.keyword.internal.WebUIAbstractKeyword.findWebElement(WebUIAbstractKeyword.groovy:26)
	at com.kms.katalon.core.webui.keyword.builtin.GetTextKeyword$_getText_closure1.doCall(GetTextKeyword.groovy:78)
	at com.kms.katalon.core.webui.keyword.builtin.GetTextKeyword$_getText_closure1.call(GetTextKeyword.groovy)
	at com.kms.katalon.core.webui.keyword.internal.WebUIKeywordMain.runKeyword(WebUIKeywordMain.groovy:20)
	... 19 more


2021-12-17 17:46:25 - [TEST_STEP][PASSED] - callTestCase(findTestCase("1.1-Tareas Principales/1.1.8-Mantenimiento de Vacaciones Reliquidar"), [:], STOP_ON_FAILURE): Call Test Case 'Test Cases/1.1-Tareas Principales/1.1.8-Mantenimiento de Vacaciones Reliquidar' successfully

2021-12-17 17:46:25 - [TEST_CASE][PASSED] - Test Cases/1.1-Tareas Principales/1.1.8-Mantenimiento de Vacaciones Reliquidar: Test Cases/1.1-Tareas Principales/1.1.8-Mantenimiento de Vacaciones Reliquidar

2021-12-17 17:46:25 - [TEST_STEP][PASSED] - callTestCase(findTestCase("0.1-Login"), [:], STOP_ON_FAILURE): Call Test Case 'Test Cases/0.1-Login' successfully

2021-12-17 17:46:25 - [TEST_CASE][PASSED] - Test Cases/0.1-Login: Test Cases/0.1-Login

2021-12-17 17:46:25 - [TEST_STEP][PASSED] - openBrowser(""): Browser is opened with url: ''

2021-12-17 17:46:25 - [MESSAGE][INFO] - Starting 'Chrome' driver

2021-12-17 17:46:25 - [MESSAGE][INFO] - Action delay is set to 0 milliseconds

2021-12-17 17:46:27 - [MESSAGE][PASSED] - Browser is opened with url: ''

2021-12-17 17:46:27 - [TEST_STEP][PASSED] - maximizeWindow(): Current window maximized

2021-12-17 17:46:27 - [MESSAGE][PASSED] - Current window maximized

2021-12-17 17:46:27 - [TEST_STEP][PASSED] - i = G_Login: null

2021-12-17 17:46:27 - [TEST_STEP][PASSED] - url = new java.net.URL(i): null

2021-12-17 17:46:27 - [TEST_STEP][PASSED] - println("URL: " + url.toString()): null

2021-12-17 17:46:27 - [TEST_STEP][PASSED] - connection = url.openConnection(): null

2021-12-17 17:46:27 - [TEST_STEP][PASSED] - connection.setRequestMethod("GET"): null

2021-12-17 17:46:27 - [TEST_STEP][PASSED] - connection.setReadTimeout(2 * 1000): null

2021-12-17 17:46:27 - [TEST_STEP][PASSED] - try: null

2021-12-17 17:46:27 - [TEST_STEP][PASSED] - connection.connect(): null

2021-12-17 17:46:27 - [TEST_STEP][PASSED] - flag = connected: null

2021-12-17 17:46:27 - [TEST_STEP][PASSED] - println("Valor_ori: " + flag): null

2021-12-17 17:46:27 - [TEST_STEP][PASSED] - if (flag): null

2021-12-17 17:46:27 - [TEST_STEP][PASSED] - navigateToUrl(i): Navigate to 'http://192.168.2.29:7001/saraweb' successfully

2021-12-17 17:46:33 - [MESSAGE][PASSED] - Navigate to 'http://192.168.2.29:7001/saraweb' successfully

2021-12-17 17:46:33 - [TEST_STEP][PASSED] - a(): null

2021-12-17 17:46:33 - [TEST_STEP][PASSED] - setText(findTestObject("Login/input_USUARIO_loginusuario"), G_Usuario): Text 'weblogic' is set on object 'Object Repository/Login/input_USUARIO_loginusuario'

2021-12-17 17:46:34 - [MESSAGE][PASSED] - Text 'weblogic' is set on object 'Object Repository/Login/input_USUARIO_loginusuario'

2021-12-17 17:46:34 - [TEST_STEP][PASSED] - setEncryptedText(findTestObject("Login/input_CLAVE_loginpassword"), "MkG4/TYiCFC3cb2driP7+Q=="): Text ****** has been set on object 'Object Repository/Login/input_CLAVE_loginpassword'

2021-12-17 17:46:35 - [MESSAGE][PASSED] - Text ****** has been set on object 'Object Repository/Login/input_CLAVE_loginpassword'

2021-12-17 17:46:35 - [TEST_STEP][PASSED] - waitForElementClickable(findTestObject("Login/a_Ingresar"), G_TimeOut): Object 'Object Repository/Login/a_Ingresar' is clickable

2021-12-17 17:46:35 - [MESSAGE][PASSED] - Object 'Object Repository/Login/a_Ingresar' is clickable

2021-12-17 17:46:35 - [TEST_STEP][PASSED] - click(findTestObject("Login/a_Ingresar")): Object: 'Object Repository/Login/a_Ingresar' is clicked on

2021-12-17 17:46:48 - [MESSAGE][PASSED] - Object: 'Object Repository/Login/a_Ingresar' is clicked on

2021-12-17 17:46:48 - [TEST_STEP][PASSED] - element = findWebElement(findTestObject("Login/a_Ir"), 30): null

2021-12-17 17:46:48 - [TEST_STEP][PASSED] - executeJavaScript("arguments[0].click()", Arrays.asList(element)): Execute JavaScript 'arguments[0].click()' successfully

2021-12-17 17:46:48 - [MESSAGE][PASSED] - Execute JavaScript 'arguments[0].click()' successfully

2021-12-17 17:46:48 - [MESSAGE][PASSED] - Call Test Case 'Test Cases/0.1-Login' successfully

2021-12-17 17:46:48 - [TEST_STEP][PASSED] - waitForElementClickable(findTestObject("Modulo Tarea Administracion Compensacion/Periodo en Proceso - Archivo Plano/Mantenimiento de Vacaciones Reliquidar/input_Mantenimiento de Vacaciones_form_templatej_idt24_input"), 0): Object 'Object Repository/Modulo Tarea Administracion Compensacion/Periodo en Proceso - Archivo Plano/Mantenimiento de Vacaciones Reliquidar/input_Mantenimiento de Vacaciones_form_templatej_idt24_input' is clickable

2021-12-17 17:46:48 - [MESSAGE][WARNING] - Timeout '0' is invalid. Using default page load timeout: '30'

2021-12-17 17:46:59 - [MESSAGE][PASSED] - Object 'Object Repository/Modulo Tarea Administracion Compensacion/Periodo en Proceso - Archivo Plano/Mantenimiento de Vacaciones Reliquidar/input_Mantenimiento de Vacaciones_form_templatej_idt24_input' is clickable

2021-12-17 17:46:59 - [TEST_STEP][PASSED] - setText(findTestObject("Modulo Tarea Administracion Compensacion/Periodo en Proceso - Archivo Plano/Mantenimiento de Vacaciones Reliquidar/input_Mantenimiento de Vacaciones_form_templatej_idt24_input"), "Mantenimiento de Vacaciones"): Text 'Mantenimiento de Vacaciones' is set on object 'Object Repository/Modulo Tarea Administracion Compensacion/Periodo en Proceso - Archivo Plano/Mantenimiento de Vacaciones Reliquidar/input_Mantenimiento de Vacaciones_form_templatej_idt24_input'

2021-12-17 17:47:00 - [MESSAGE][PASSED] - Text 'Mantenimiento de Vacaciones' is set on object 'Object Repository/Modulo Tarea Administracion Compensacion/Periodo en Proceso - Archivo Plano/Mantenimiento de Vacaciones Reliquidar/input_Mantenimiento de Vacaciones_form_templatej_idt24_input'

2021-12-17 17:47:00 - [TEST_STEP][PASSED] - delay(1): Delayed 1 second(s)

2021-12-17 17:47:01 - [MESSAGE][PASSED] - Delayed 1 second(s)

2021-12-17 17:47:01 - [TEST_STEP][PASSED] - sendKeys(findTestObject("Modulo Tarea Administracion Compensacion/Periodo en Proceso - Archivo Plano/Mantenimiento de Vacaciones Reliquidar/input_Mantenimiento de Vacaciones_form_templatej_idt24_input"), Keys.chord(ENTER)): Keys 'ENTER + ' sent to object: 'Object Repository/Modulo Tarea Administracion Compensacion/Periodo en Proceso - Archivo Plano/Mantenimiento de Vacaciones Reliquidar/input_Mantenimiento de Vacaciones_form_templatej_idt24_input'

2021-12-17 17:47:02 - [MESSAGE][PASSED] - Keys 'ENTER + ' sent to object: 'Object Repository/Modulo Tarea Administracion Compensacion/Periodo en Proceso - Archivo Plano/Mantenimiento de Vacaciones Reliquidar/input_Mantenimiento de Vacaciones_form_templatej_idt24_input'

2021-12-17 17:47:02 - [TEST_STEP][PASSED] - setText(findTestObject("Modulo Tarea Administracion Compensacion/Periodo en Proceso - Archivo Plano/Mantenimiento de Vacaciones Reliquidar/input_Identificacin_form_mantenimientoVacacionj_idt66"), "1234567890"): Text '1234567890' is set on object 'Object Repository/Modulo Tarea Administracion Compensacion/Periodo en Proceso - Archivo Plano/Mantenimiento de Vacaciones Reliquidar/input_Identificacin_form_mantenimientoVacacionj_idt66'

2021-12-17 17:47:13 - [MESSAGE][PASSED] - Text '1234567890' is set on object 'Object Repository/Modulo Tarea Administracion Compensacion/Periodo en Proceso - Archivo Plano/Mantenimiento de Vacaciones Reliquidar/input_Identificacin_form_mantenimientoVacacionj_idt66'

2021-12-17 17:47:13 - [TEST_STEP][PASSED] - sendKeys(findTestObject("Modulo Tarea Administracion Compensacion/Mantenimiento de Vacaciones Reliquidar/input_Identificacin_form_mante"), Keys.chord(ENTER)): Keys 'ENTER + ' sent to object: 'tempBody'

2021-12-17 17:47:13 - [MESSAGE][WARNING] - Test object with id 'Object Repository/Modulo Tarea Administracion Compensacion/Mantenimiento de Vacaciones Reliquidar/input_Identificacin_form_mante' does not exist

2021-12-17 17:47:13 - [MESSAGE][WARNING] - Test object with id 'Object Repository/' does not exist

2021-12-17 17:47:14 - [MESSAGE][PASSED] - Keys 'ENTER + ' sent to object: 'tempBody'

2021-12-17 17:47:14 - [TEST_STEP][PASSED] - if (waitForElementVisible(findTestObject("Modulo Tarea Administracion Compensacion/Periodo en Proceso - Archivo Plano/Mantenimiento de Vacaciones Reliquidar/td_No se encontr registros"), 1)): Web element with id: 'Object Repository/Modulo Tarea Administracion Compensacion/Periodo en Proceso - Archivo Plano/Mantenimiento de Vacaciones Reliquidar/td_No se encontr registros' located by '//*/text()[normalize-space(.)='No se encontró registros']/parent::*' not found

2021-12-17 17:47:16 - [MESSAGE][INFO] - Unable to find the element located by 'By.xpath: //*/text()[normalize-space(.)='No se encontró registros']/parent::*'. Please recheck the objects properties to make sure the desired element is located. 

2021-12-17 17:47:16 - [MESSAGE][WARNING] - Web element with id: 'Object Repository/Modulo Tarea Administracion Compensacion/Periodo en Proceso - Archivo Plano/Mantenimiento de Vacaciones Reliquidar/td_No se encontr registros' located by '//*/text()[normalize-space(.)='No se encontró registros']/parent::*' not found

2021-12-17 17:47:16 - [TEST_STEP][PASSED] - selectOptionByIndex(findTestObject("Modulo Tarea Administracion Compensacion/Periodo en Proceso - Archivo Plano/Mantenimiento de Vacaciones Reliquidar/select_SeleccioneCerradaNo Cerrada"), "2"): All options with index in [2] are selected on object 'Object Repository/Modulo Tarea Administracion Compensacion/Periodo en Proceso - Archivo Plano/Mantenimiento de Vacaciones Reliquidar/select_SeleccioneCerradaNo Cerrada'

2021-12-17 17:47:17 - [MESSAGE][PASSED] - All options with index in [2] are selected on object 'Object Repository/Modulo Tarea Administracion Compensacion/Periodo en Proceso - Archivo Plano/Mantenimiento de Vacaciones Reliquidar/select_SeleccioneCerradaNo Cerrada'

2021-12-17 17:47:17 - [TEST_STEP][PASSED] - check(findTestObject("Modulo Tarea Administracion Compensacion/Periodo en Proceso - Archivo Plano/Mantenimiento de Vacaciones Reliquidar/div_Estado_ui-chkbox-")): Object 'Object Repository/Modulo Tarea Administracion Compensacion/Periodo en Proceso - Archivo Plano/Mantenimiento de Vacaciones Reliquidar/div_Estado_ui-chkbox-' is checked

2021-12-17 17:47:18 - [MESSAGE][PASSED] - Object 'Object Repository/Modulo Tarea Administracion Compensacion/Periodo en Proceso - Archivo Plano/Mantenimiento de Vacaciones Reliquidar/div_Estado_ui-chkbox-' is checked

2021-12-17 17:47:18 - [TEST_STEP][PASSED] - click(findTestObject("Modulo Tarea Administracion Compensacion/Periodo en Proceso - Archivo Plano/Mantenimiento de Vacaciones Reliquidar/a_Reliquidacion")): Object: 'Object Repository/Modulo Tarea Administracion Compensacion/Periodo en Proceso - Archivo Plano/Mantenimiento de Vacaciones Reliquidar/a_Reliquidacion' is clicked on

2021-12-17 17:47:19 - [MESSAGE][PASSED] - Object: 'Object Repository/Modulo Tarea Administracion Compensacion/Periodo en Proceso - Archivo Plano/Mantenimiento de Vacaciones Reliquidar/a_Reliquidacion' is clicked on

2021-12-17 17:47:19 - [TEST_STEP][PASSED] - click(findTestObject("Modulo Tarea Administracion Compensacion/Periodo en Proceso - Archivo Plano/Mantenimiento de Vacaciones Reliquidar/a_Aceptar_Reliquidacion")): Object: 'Object Repository/Modulo Tarea Administracion Compensacion/Periodo en Proceso - Archivo Plano/Mantenimiento de Vacaciones Reliquidar/a_Aceptar_Reliquidacion' is clicked on

2021-12-17 17:47:30 - [MESSAGE][PASSED] - Object: 'Object Repository/Modulo Tarea Administracion Compensacion/Periodo en Proceso - Archivo Plano/Mantenimiento de Vacaciones Reliquidar/a_Aceptar_Reliquidacion' is clicked on

2021-12-17 17:47:30 - [TEST_STEP][PASSED] - waitForElementClickable(findTestObject("Modulo Tarea Administracion Compensacion/Periodo en Proceso - Archivo Plano/Mantenimiento de Vacaciones Reliquidar/a_Continuar_Reliquidar"), 0): Object 'Object Repository/Modulo Tarea Administracion Compensacion/Periodo en Proceso - Archivo Plano/Mantenimiento de Vacaciones Reliquidar/a_Continuar_Reliquidar' is clickable

2021-12-17 17:47:30 - [MESSAGE][WARNING] - Timeout '0' is invalid. Using default page load timeout: '30'

2021-12-17 17:47:30 - [MESSAGE][PASSED] - Object 'Object Repository/Modulo Tarea Administracion Compensacion/Periodo en Proceso - Archivo Plano/Mantenimiento de Vacaciones Reliquidar/a_Continuar_Reliquidar' is clickable

2021-12-17 17:47:30 - [TEST_STEP][PASSED] - click(findTestObject("Modulo Tarea Administracion Compensacion/Periodo en Proceso - Archivo Plano/Mantenimiento de Vacaciones Reliquidar/a_Continuar_Reliquidar")): Object: 'Object Repository/Modulo Tarea Administracion Compensacion/Periodo en Proceso - Archivo Plano/Mantenimiento de Vacaciones Reliquidar/a_Continuar_Reliquidar' is clicked on

2021-12-17 17:47:31 - [MESSAGE][PASSED] - Object: 'Object Repository/Modulo Tarea Administracion Compensacion/Periodo en Proceso - Archivo Plano/Mantenimiento de Vacaciones Reliquidar/a_Continuar_Reliquidar' is clicked on

2021-12-17 17:47:31 - [MESSAGE][PASSED] - Call Test Case 'Test Cases/1.1-Tareas Principales/1.1.8-Mantenimiento de Vacaciones Reliquidar' successfully

2021-12-17 17:47:31 - [TEST_STEP][PASSED] - selectOptionByIndex(findTestObject("Modulo Tarea Administracion Compensacion/Reversar Vacaciones/select_SeleccioneCerradaNo Cerrada"), "02"): All options with index in [2] are selected on object 'Object Repository/Modulo Tarea Administracion Compensacion/Reversar Vacaciones/select_SeleccioneCerradaNo Cerrada'

2021-12-17 17:47:32 - [MESSAGE][PASSED] - All options with index in [2] are selected on object 'Object Repository/Modulo Tarea Administracion Compensacion/Reversar Vacaciones/select_SeleccioneCerradaNo Cerrada'

2021-12-17 17:47:32 - [TEST_STEP][PASSED] - waitForElementClickable(findTestObject("Modulo Tarea Administracion Compensacion/Reversar Vacaciones/td_1234567890"), 0): Object 'Object Repository/Modulo Tarea Administracion Compensacion/Reversar Vacaciones/td_1234567890' is clickable

2021-12-17 17:47:32 - [MESSAGE][WARNING] - Timeout '0' is invalid. Using default page load timeout: '30'

2021-12-17 17:47:32 - [MESSAGE][PASSED] - Object 'Object Repository/Modulo Tarea Administracion Compensacion/Reversar Vacaciones/td_1234567890' is clickable

2021-12-17 17:47:32 - [TEST_STEP][PASSED] - click(findTestObject("Modulo Tarea Administracion Compensacion/Reversar Vacaciones/td_1234567890")): Object: 'Object Repository/Modulo Tarea Administracion Compensacion/Reversar Vacaciones/td_1234567890' is clicked on

2021-12-17 17:47:33 - [MESSAGE][PASSED] - Object: 'Object Repository/Modulo Tarea Administracion Compensacion/Reversar Vacaciones/td_1234567890' is clicked on

2021-12-17 17:47:33 - [TEST_STEP][PASSED] - click(findTestObject("Modulo Tarea Administracion Compensacion/Reversar Vacaciones/span_Reversar")): Object: 'Object Repository/Modulo Tarea Administracion Compensacion/Reversar Vacaciones/span_Reversar' is clicked on

2021-12-17 17:47:34 - [MESSAGE][PASSED] - Object: 'Object Repository/Modulo Tarea Administracion Compensacion/Reversar Vacaciones/span_Reversar' is clicked on

2021-12-17 17:47:34 - [TEST_STEP][PASSED] - click(findTestObject("Modulo Tarea Administracion Compensacion/Reversar Vacaciones/a_Aceptar_Reversar")): Object: 'Object Repository/Modulo Tarea Administracion Compensacion/Reversar Vacaciones/a_Aceptar_Reversar' is clicked on

2021-12-17 17:47:47 - [MESSAGE][PASSED] - Object: 'Object Repository/Modulo Tarea Administracion Compensacion/Reversar Vacaciones/a_Aceptar_Reversar' is clicked on

2021-12-17 17:47:47 - [TEST_STEP][FAILED] - getText(findTestObject("Alerta/Alerta")): Unable to get text of object 'Object Repository/Alerta/Alerta' (Root cause: com.kms.katalon.core.exception.StepFailedException: Unable to get text of object 'Object Repository/Alerta/Alerta'
	at com.kms.katalon.core.webui.keyword.internal.WebUIKeywordMain.stepFailed(WebUIKeywordMain.groovy:64)
	at com.kms.katalon.core.webui.keyword.internal.WebUIKeywordMain.runKeyword(WebUIKeywordMain.groovy:26)
	at com.kms.katalon.core.webui.keyword.builtin.GetTextKeyword.getText(GetTextKeyword.groovy:88)
	at com.kms.katalon.core.webui.keyword.builtin.GetTextKeyword.execute(GetTextKeyword.groovy:67)
	at com.kms.katalon.core.keyword.internal.KeywordExecutor.executeKeywordForPlatform(KeywordExecutor.groovy:74)
	at com.kms.katalon.core.webui.keyword.WebUiBuiltInKeywords.getText(WebUiBuiltInKeywords.groovy:918)
	at com.kms.katalon.core.webui.keyword.WebUiBuiltInKeywords$getText$12.call(Unknown Source)
	at 1.2.1-Reversar Vacaciones.run(1.2.1-Reversar Vacaciones:32)
	at com.kms.katalon.core.main.ScriptEngine.run(ScriptEngine.java:194)
	at com.kms.katalon.core.main.ScriptEngine.runScriptAsRawText(ScriptEngine.java:119)
	at com.kms.katalon.core.main.TestCaseExecutor.runScript(TestCaseExecutor.java:442)
	at com.kms.katalon.core.main.TestCaseExecutor.doExecute(TestCaseExecutor.java:433)
	at com.kms.katalon.core.main.TestCaseExecutor.processExecutionPhase(TestCaseExecutor.java:412)
	at com.kms.katalon.core.main.TestCaseExecutor.accessMainPhase(TestCaseExecutor.java:404)
	at com.kms.katalon.core.main.TestCaseExecutor.execute(TestCaseExecutor.java:281)
	at com.kms.katalon.core.main.TestSuiteExecutor.accessTestCaseMainPhase(TestSuiteExecutor.java:202)
	at com.kms.katalon.core.main.TestSuiteExecutor.accessTestSuiteMainPhase(TestSuiteExecutor.java:164)
	at com.kms.katalon.core.main.TestSuiteExecutor.execute(TestSuiteExecutor.java:105)
	at com.kms.katalon.core.main.TestCaseMain.startTestSuite(TestCaseMain.java:181)
	at com.kms.katalon.core.main.TestCaseMain$startTestSuite$0.call(Unknown Source)
	at TempTestSuite1639780222929.run(TempTestSuite1639780222929.groovy:36)
Caused by: com.kms.katalon.core.webui.exception.WebElementNotFoundException: Web element with id: 'Object Repository/Alerta/Alerta' located by '//div[@id='growl_container']/div/div/div[2]/p' not found
	at com.kms.katalon.core.webui.common.WebUiCommonHelper.findWebElement(WebUiCommonHelper.java:1368)
	at com.kms.katalon.core.webui.keyword.internal.WebUIAbstractKeyword.findWebElement(WebUIAbstractKeyword.groovy:27)
	at com.kms.katalon.core.webui.keyword.internal.WebUIAbstractKeyword.findWebElement(WebUIAbstractKeyword.groovy:26)
	at com.kms.katalon.core.webui.keyword.builtin.GetTextKeyword$_getText_closure1.doCall(GetTextKeyword.groovy:78)
	at com.kms.katalon.core.webui.keyword.builtin.GetTextKeyword$_getText_closure1.call(GetTextKeyword.groovy)
	at com.kms.katalon.core.webui.keyword.internal.WebUIKeywordMain.runKeyword(WebUIKeywordMain.groovy:20)
	at com.kms.katalon.core.webui.keyword.builtin.GetTextKeyword.getText(GetTextKeyword.groovy:88)
	at com.kms.katalon.core.webui.keyword.builtin.GetTextKeyword.execute(GetTextKeyword.groovy:67)
	at com.kms.katalon.core.keyword.internal.KeywordExecutor.executeKeywordForPlatform(KeywordExecutor.groovy:74)
	at com.kms.katalon.core.webui.keyword.WebUiBuiltInKeywords.getText(WebUiBuiltInKeywords.groovy:918)
	at com.kms.katalon.core.webui.keyword.WebUiBuiltInKeywords$getText$12.call(Unknown Source)
	at Script1548864667831.run(Script1548864667831.groovy:32)
	... 13 more
)

2021-12-17 17:48:18 - [MESSAGE][INFO] - Unable to find the element located by 'By.xpath: //div[@id='growl_container']/div/div/div[2]/p'. Please recheck the objects properties to make sure the desired element is located. 

2021-12-17 17:48:18 - [MESSAGE][FAILED] - Unable to get text of object 'Object Repository/Alerta/Alerta' (Root cause: com.kms.katalon.core.exception.StepFailedException: Unable to get text of object 'Object Repository/Alerta/Alerta'
	at com.kms.katalon.core.webui.keyword.internal.WebUIKeywordMain.stepFailed(WebUIKeywordMain.groovy:64)
	at com.kms.katalon.core.webui.keyword.internal.WebUIKeywordMain.runKeyword(WebUIKeywordMain.groovy:26)
	at com.kms.katalon.core.webui.keyword.builtin.GetTextKeyword.getText(GetTextKeyword.groovy:88)
	at com.kms.katalon.core.webui.keyword.builtin.GetTextKeyword.execute(GetTextKeyword.groovy:67)
	at com.kms.katalon.core.keyword.internal.KeywordExecutor.executeKeywordForPlatform(KeywordExecutor.groovy:74)
	at com.kms.katalon.core.webui.keyword.WebUiBuiltInKeywords.getText(WebUiBuiltInKeywords.groovy:918)
	at com.kms.katalon.core.webui.keyword.WebUiBuiltInKeywords$getText$12.call(Unknown Source)
	at 1.2.1-Reversar Vacaciones.run(1.2.1-Reversar Vacaciones:32)
	at com.kms.katalon.core.main.ScriptEngine.run(ScriptEngine.java:194)
	at com.kms.katalon.core.main.ScriptEngine.runScriptAsRawText(ScriptEngine.java:119)
	at com.kms.katalon.core.main.TestCaseExecutor.runScript(TestCaseExecutor.java:442)
	at com.kms.katalon.core.main.TestCaseExecutor.doExecute(TestCaseExecutor.java:433)
	at com.kms.katalon.core.main.TestCaseExecutor.processExecutionPhase(TestCaseExecutor.java:412)
	at com.kms.katalon.core.main.TestCaseExecutor.accessMainPhase(TestCaseExecutor.java:404)
	at com.kms.katalon.core.main.TestCaseExecutor.execute(TestCaseExecutor.java:281)
	at com.kms.katalon.core.main.TestSuiteExecutor.accessTestCaseMainPhase(TestSuiteExecutor.java:202)
	at com.kms.katalon.core.main.TestSuiteExecutor.accessTestSuiteMainPhase(TestSuiteExecutor.java:164)
	at com.kms.katalon.core.main.TestSuiteExecutor.execute(TestSuiteExecutor.java:105)
	at com.kms.katalon.core.main.TestCaseMain.startTestSuite(TestCaseMain.java:181)
	at com.kms.katalon.core.main.TestCaseMain$startTestSuite$0.call(Unknown Source)
	at TempTestSuite1639780222929.run(TempTestSuite1639780222929.groovy:36)
Caused by: com.kms.katalon.core.webui.exception.WebElementNotFoundException: Web element with id: 'Object Repository/Alerta/Alerta' located by '//div[@id='growl_container']/div/div/div[2]/p' not found
	at com.kms.katalon.core.webui.common.WebUiCommonHelper.findWebElement(WebUiCommonHelper.java:1368)
	at com.kms.katalon.core.webui.keyword.internal.WebUIAbstractKeyword.findWebElement(WebUIAbstractKeyword.groovy:27)
	at com.kms.katalon.core.webui.keyword.internal.WebUIAbstractKeyword.findWebElement(WebUIAbstractKeyword.groovy:26)
	at com.kms.katalon.core.webui.keyword.builtin.GetTextKeyword$_getText_closure1.doCall(GetTextKeyword.groovy:78)
	at com.kms.katalon.core.webui.keyword.builtin.GetTextKeyword$_getText_closure1.call(GetTextKeyword.groovy)
	at com.kms.katalon.core.webui.keyword.internal.WebUIKeywordMain.runKeyword(WebUIKeywordMain.groovy:20)
	at com.kms.katalon.core.webui.keyword.builtin.GetTextKeyword.getText(GetTextKeyword.groovy:88)
	at com.kms.katalon.core.webui.keyword.builtin.GetTextKeyword.execute(GetTextKeyword.groovy:67)
	at com.kms.katalon.core.keyword.internal.KeywordExecutor.executeKeywordForPlatform(KeywordExecutor.groovy:74)
	at com.kms.katalon.core.webui.keyword.WebUiBuiltInKeywords.getText(WebUiBuiltInKeywords.groovy:918)
	at com.kms.katalon.core.webui.keyword.WebUiBuiltInKeywords$getText$12.call(Unknown Source)
	at Script1548864667831.run(Script1548864667831.groovy:32)
	... 13 more
)
[[ATTACHMENT|C:\\Users\\diego.rojas\\git\\Pruebas-Minimas\\Reports\\20211217_173017\\1-Tareas Principales\\20211217_173022\\1639781298639.png]]]]></system-out>
         <system-err><![CDATA[2021-12-17 17:46:25 - [TEST_CASE][FAILED] - Test Cases/1.1-Tareas Principales/1.2.1-Reversar Vacaciones: Test Cases/1.1-Tareas Principales/1.2.1-Reversar Vacaciones FAILED.
Reason:
com.kms.katalon.core.exception.StepFailedException: Unable to get text of object 'Object Repository/Alerta/Alerta'
	at com.kms.katalon.core.webui.keyword.internal.WebUIKeywordMain.stepFailed(WebUIKeywordMain.groovy:64)
	at com.kms.katalon.core.webui.keyword.internal.WebUIKeywordMain.runKeyword(WebUIKeywordMain.groovy:26)
	at com.kms.katalon.core.webui.keyword.builtin.GetTextKeyword.getText(GetTextKeyword.groovy:88)
	at com.kms.katalon.core.webui.keyword.builtin.GetTextKeyword.execute(GetTextKeyword.groovy:67)
	at com.kms.katalon.core.keyword.internal.KeywordExecutor.executeKeywordForPlatform(KeywordExecutor.groovy:74)
	at com.kms.katalon.core.webui.keyword.WebUiBuiltInKeywords.getText(WebUiBuiltInKeywords.groovy:918)
	at com.kms.katalon.core.webui.keyword.WebUiBuiltInKeywords$getText$12.call(Unknown Source)
	at 1.2.1-Reversar Vacaciones.run(1.2.1-Reversar Vacaciones:32)
	at com.kms.katalon.core.main.ScriptEngine.run(ScriptEngine.java:194)
	at com.kms.katalon.core.main.ScriptEngine.runScriptAsRawText(ScriptEngine.java:119)
	at com.kms.katalon.core.main.TestCaseExecutor.runScript(TestCaseExecutor.java:442)
	at com.kms.katalon.core.main.TestCaseExecutor.doExecute(TestCaseExecutor.java:433)
	at com.kms.katalon.core.main.TestCaseExecutor.processExecutionPhase(TestCaseExecutor.java:412)
	at com.kms.katalon.core.main.TestCaseExecutor.accessMainPhase(TestCaseExecutor.java:404)
	at com.kms.katalon.core.main.TestCaseExecutor.execute(TestCaseExecutor.java:281)
	at com.kms.katalon.core.main.TestSuiteExecutor.accessTestCaseMainPhase(TestSuiteExecutor.java:202)
	at com.kms.katalon.core.main.TestSuiteExecutor.accessTestSuiteMainPhase(TestSuiteExecutor.java:164)
	at com.kms.katalon.core.main.TestSuiteExecutor.execute(TestSuiteExecutor.java:105)
	at com.kms.katalon.core.main.TestCaseMain.startTestSuite(TestCaseMain.java:181)
	at com.kms.katalon.core.main.TestCaseMain$startTestSuite$0.call(Unknown Source)
	at TempTestSuite1639780222929.run(TempTestSuite1639780222929.groovy:36)
Caused by: com.kms.katalon.core.webui.exception.WebElementNotFoundException: Web element with id: 'Object Repository/Alerta/Alerta' located by '//div[@id='growl_container']/div/div/div[2]/p' not found
	at com.kms.katalon.core.webui.common.WebUiCommonHelper.findWebElement(WebUiCommonHelper.java:1368)
	at com.kms.katalon.core.webui.keyword.internal.WebUIAbstractKeyword.findWebElement(WebUIAbstractKeyword.groovy:27)
	at com.kms.katalon.core.webui.keyword.internal.WebUIAbstractKeyword.findWebElement(WebUIAbstractKeyword.groovy:26)
	at com.kms.katalon.core.webui.keyword.builtin.GetTextKeyword$_getText_closure1.doCall(GetTextKeyword.groovy:78)
	at com.kms.katalon.core.webui.keyword.builtin.GetTextKeyword$_getText_closure1.call(GetTextKeyword.groovy)
	at com.kms.katalon.core.webui.keyword.internal.WebUIKeywordMain.runKeyword(WebUIKeywordMain.groovy:20)
	... 19 more]]></system-err>
      </testcase>
      <testcase name="Test Cases/1.1-Tareas Principales/1.2.2-Legalizar licencia No Remunerada" time="160.096" classname="Test Cases/1.1-Tareas Principales/1.2.2-Legalizar licencia No Remunerada" status="FAILED">
         <failure type="FAILED" message="Test Cases/1.1-Tareas Principales/1.2.2-Legalizar licencia No Remunerada FAILED.
Reason:
com.kms.katalon.core.exception.StepFailedException: Unable to click on object 'Object Repository/Modulo Tarea Administracion Compensacion/Legalizar Licencia No Remunerada/a_Nuevo'
	at com.kms.katalon.core.webui.keyword.internal.WebUIKeywordMain.stepFailed(WebUIKeywordMain.groovy:64)
	at com.kms.katalon.core.webui.keyword.internal.WebUIKeywordMain.runKeyword(WebUIKeywordMain.groovy:26)
	at com.kms.katalon.core.webui.keyword.builtin.ClickKeyword.click(ClickKeyword.groovy:74)
	at com.kms.katalon.core.webui.keyword.builtin.ClickKeyword.execute(ClickKeyword.groovy:40)
	at com.kms.katalon.core.keyword.internal.KeywordExecutor.executeKeywordForPlatform(KeywordExecutor.groovy:74)
	at com.kms.katalon.core.webui.keyword.WebUiBuiltInKeywords.click(WebUiBuiltInKeywords.groovy:620)
	at com.kms.katalon.core.webui.keyword.WebUiBuiltInKeywords$click$5.call(Unknown Source)
	at 1.2.2-Legalizar licencia No Remunerada.run(1.2.2-Legalizar licencia No Remunerada:90)
	at com.kms.katalon.core.main.ScriptEngine.run(ScriptEngine.java:194)
	at com.kms.katalon.core.main.ScriptEngine.runScriptAsRawText(ScriptEngine.java:119)
	at com.kms.katalon.core.main.TestCaseExecutor.runScript(TestCaseExecutor.java:442)
	at com.kms.katalon.core.main.TestCaseExecutor.doExecute(TestCaseExecutor.java:433)
	at com.kms.katalon.core.main.TestCaseExecutor.processExecutionPhase(TestCaseExecutor.java:412)
	at com.kms.katalon.core.main.TestCaseExecutor.accessMainPhase(TestCaseExecutor.java:404)
	at com.kms.katalon.core.main.TestCaseExecutor.execute(TestCaseExecutor.java:281)
	at com.kms.katalon.core.main.TestSuiteExecutor.accessTestCaseMainPhase(TestSuiteExecutor.java:202)
	at com.kms.katalon.core.main.TestSuiteExecutor.accessTestSuiteMainPhase(TestSuiteExecutor.java:164)
	at com.kms.katalon.core.main.TestSuiteExecutor.execute(TestSuiteExecutor.java:105)
	at com.kms.katalon.core.main.TestCaseMain.startTestSuite(TestCaseMain.java:181)
	at com.kms.katalon.core.main.TestCaseMain$startTestSuite$0.call(Unknown Source)
	at TempTestSuite1639780222929.run(TempTestSuite1639780222929.groovy:36)
Caused by: com.kms.katalon.core.webui.exception.WebElementNotFoundException: Web element with id: 'Object Repository/Modulo Tarea Administracion Compensacion/Legalizar Licencia No Remunerada/a_Nuevo' located by '//fieldset[2]/div/table/tbody/tr/td/a' not found
	at com.kms.katalon.core.webui.common.WebUiCommonHelper.findWebElement(WebUiCommonHelper.java:1368)
	at com.kms.katalon.core.webui.keyword.internal.WebUIAbstractKeyword.findWebElement(WebUIAbstractKeyword.groovy:27)
	at com.kms.katalon.core.webui.keyword.builtin.ClickKeyword$_click_closure1.doCall(ClickKeyword.groovy:65)
	at com.kms.katalon.core.webui.keyword.builtin.ClickKeyword$_click_closure1.call(ClickKeyword.groovy)
	at com.kms.katalon.core.webui.keyword.internal.WebUIKeywordMain.runKeyword(WebUIKeywordMain.groovy:20)
	... 19 more
"/>
         <system-out><![CDATA[2021-12-17 17:48:18 - [TEST_CASE][FAILED] - Test Cases/1.1-Tareas Principales/1.2.2-Legalizar licencia No Remunerada: Test Cases/1.1-Tareas Principales/1.2.2-Legalizar licencia No Remunerada FAILED.
Reason:
com.kms.katalon.core.exception.StepFailedException: Unable to click on object 'Object Repository/Modulo Tarea Administracion Compensacion/Legalizar Licencia No Remunerada/a_Nuevo'
	at com.kms.katalon.core.webui.keyword.internal.WebUIKeywordMain.stepFailed(WebUIKeywordMain.groovy:64)
	at com.kms.katalon.core.webui.keyword.internal.WebUIKeywordMain.runKeyword(WebUIKeywordMain.groovy:26)
	at com.kms.katalon.core.webui.keyword.builtin.ClickKeyword.click(ClickKeyword.groovy:74)
	at com.kms.katalon.core.webui.keyword.builtin.ClickKeyword.execute(ClickKeyword.groovy:40)
	at com.kms.katalon.core.keyword.internal.KeywordExecutor.executeKeywordForPlatform(KeywordExecutor.groovy:74)
	at com.kms.katalon.core.webui.keyword.WebUiBuiltInKeywords.click(WebUiBuiltInKeywords.groovy:620)
	at com.kms.katalon.core.webui.keyword.WebUiBuiltInKeywords$click$5.call(Unknown Source)
	at 1.2.2-Legalizar licencia No Remunerada.run(1.2.2-Legalizar licencia No Remunerada:90)
	at com.kms.katalon.core.main.ScriptEngine.run(ScriptEngine.java:194)
	at com.kms.katalon.core.main.ScriptEngine.runScriptAsRawText(ScriptEngine.java:119)
	at com.kms.katalon.core.main.TestCaseExecutor.runScript(TestCaseExecutor.java:442)
	at com.kms.katalon.core.main.TestCaseExecutor.doExecute(TestCaseExecutor.java:433)
	at com.kms.katalon.core.main.TestCaseExecutor.processExecutionPhase(TestCaseExecutor.java:412)
	at com.kms.katalon.core.main.TestCaseExecutor.accessMainPhase(TestCaseExecutor.java:404)
	at com.kms.katalon.core.main.TestCaseExecutor.execute(TestCaseExecutor.java:281)
	at com.kms.katalon.core.main.TestSuiteExecutor.accessTestCaseMainPhase(TestSuiteExecutor.java:202)
	at com.kms.katalon.core.main.TestSuiteExecutor.accessTestSuiteMainPhase(TestSuiteExecutor.java:164)
	at com.kms.katalon.core.main.TestSuiteExecutor.execute(TestSuiteExecutor.java:105)
	at com.kms.katalon.core.main.TestCaseMain.startTestSuite(TestCaseMain.java:181)
	at com.kms.katalon.core.main.TestCaseMain$startTestSuite$0.call(Unknown Source)
	at TempTestSuite1639780222929.run(TempTestSuite1639780222929.groovy:36)
Caused by: com.kms.katalon.core.webui.exception.WebElementNotFoundException: Web element with id: 'Object Repository/Modulo Tarea Administracion Compensacion/Legalizar Licencia No Remunerada/a_Nuevo' located by '//fieldset[2]/div/table/tbody/tr/td/a' not found
	at com.kms.katalon.core.webui.common.WebUiCommonHelper.findWebElement(WebUiCommonHelper.java:1368)
	at com.kms.katalon.core.webui.keyword.internal.WebUIAbstractKeyword.findWebElement(WebUIAbstractKeyword.groovy:27)
	at com.kms.katalon.core.webui.keyword.builtin.ClickKeyword$_click_closure1.doCall(ClickKeyword.groovy:65)
	at com.kms.katalon.core.webui.keyword.builtin.ClickKeyword$_click_closure1.call(ClickKeyword.groovy)
	at com.kms.katalon.core.webui.keyword.internal.WebUIKeywordMain.runKeyword(WebUIKeywordMain.groovy:20)
	... 19 more


2021-12-17 17:48:19 - [TEST_STEP][PASSED] - callTestCase(findTestCase("Hutilidades/Tareas Administracion Compensacion/Tarea Listado Empleados"), [:], STOP_ON_FAILURE): Call Test Case 'Test Cases/Hutilidades/Tareas Administracion Compensacion/Tarea Listado Empleados' successfully

2021-12-17 17:48:19 - [TEST_CASE][PASSED] - Test Cases/Hutilidades/Tareas Administracion Compensacion/Tarea Listado Empleados: Test Cases/Hutilidades/Tareas Administracion Compensacion/Tarea Listado Empleados

2021-12-17 17:48:19 - [TEST_STEP][PASSED] - callTestCase(findTestCase("0.1-Login"), [:], STOP_ON_FAILURE): Call Test Case 'Test Cases/0.1-Login' successfully

2021-12-17 17:48:19 - [TEST_CASE][PASSED] - Test Cases/0.1-Login: Test Cases/0.1-Login

2021-12-17 17:48:19 - [TEST_STEP][PASSED] - openBrowser(""): Browser is opened with url: ''

2021-12-17 17:48:19 - [MESSAGE][WARNING] - A browser is already opened. Closing browser and opening a new one

2021-12-17 17:48:20 - [MESSAGE][INFO] - Starting 'Chrome' driver

2021-12-17 17:48:20 - [MESSAGE][INFO] - Action delay is set to 0 milliseconds

2021-12-17 17:48:21 - [MESSAGE][PASSED] - Browser is opened with url: ''

2021-12-17 17:48:21 - [TEST_STEP][PASSED] - maximizeWindow(): Current window maximized

2021-12-17 17:48:21 - [MESSAGE][PASSED] - Current window maximized

2021-12-17 17:48:21 - [TEST_STEP][PASSED] - i = G_Login: null

2021-12-17 17:48:21 - [TEST_STEP][PASSED] - url = new java.net.URL(i): null

2021-12-17 17:48:21 - [TEST_STEP][PASSED] - println("URL: " + url.toString()): null

2021-12-17 17:48:21 - [TEST_STEP][PASSED] - connection = url.openConnection(): null

2021-12-17 17:48:21 - [TEST_STEP][PASSED] - connection.setRequestMethod("GET"): null

2021-12-17 17:48:21 - [TEST_STEP][PASSED] - connection.setReadTimeout(2 * 1000): null

2021-12-17 17:48:21 - [TEST_STEP][PASSED] - try: null

2021-12-17 17:48:21 - [TEST_STEP][PASSED] - connection.connect(): null

2021-12-17 17:48:21 - [TEST_STEP][PASSED] - flag = connected: null

2021-12-17 17:48:21 - [TEST_STEP][PASSED] - println("Valor_ori: " + flag): null

2021-12-17 17:48:21 - [TEST_STEP][PASSED] - if (flag): null

2021-12-17 17:48:21 - [TEST_STEP][PASSED] - navigateToUrl(i): Navigate to 'http://192.168.2.29:7001/saraweb' successfully

2021-12-17 17:48:28 - [MESSAGE][PASSED] - Navigate to 'http://192.168.2.29:7001/saraweb' successfully

2021-12-17 17:48:28 - [TEST_STEP][PASSED] - a(): null

2021-12-17 17:48:28 - [TEST_STEP][PASSED] - setText(findTestObject("Login/input_USUARIO_loginusuario"), G_Usuario): Text 'weblogic' is set on object 'Object Repository/Login/input_USUARIO_loginusuario'

2021-12-17 17:48:29 - [MESSAGE][PASSED] - Text 'weblogic' is set on object 'Object Repository/Login/input_USUARIO_loginusuario'

2021-12-17 17:48:29 - [TEST_STEP][PASSED] - setEncryptedText(findTestObject("Login/input_CLAVE_loginpassword"), "MkG4/TYiCFC3cb2driP7+Q=="): Text ****** has been set on object 'Object Repository/Login/input_CLAVE_loginpassword'

2021-12-17 17:48:30 - [MESSAGE][PASSED] - Text ****** has been set on object 'Object Repository/Login/input_CLAVE_loginpassword'

2021-12-17 17:48:30 - [TEST_STEP][PASSED] - waitForElementClickable(findTestObject("Login/a_Ingresar"), G_TimeOut): Object 'Object Repository/Login/a_Ingresar' is clickable

2021-12-17 17:48:30 - [MESSAGE][PASSED] - Object 'Object Repository/Login/a_Ingresar' is clickable

2021-12-17 17:48:30 - [TEST_STEP][PASSED] - click(findTestObject("Login/a_Ingresar")): Object: 'Object Repository/Login/a_Ingresar' is clicked on

2021-12-17 17:48:42 - [MESSAGE][PASSED] - Object: 'Object Repository/Login/a_Ingresar' is clicked on

2021-12-17 17:48:42 - [TEST_STEP][PASSED] - element = findWebElement(findTestObject("Login/a_Ir"), 30): null

2021-12-17 17:48:42 - [TEST_STEP][PASSED] - executeJavaScript("arguments[0].click()", Arrays.asList(element)): Execute JavaScript 'arguments[0].click()' successfully

2021-12-17 17:48:42 - [MESSAGE][PASSED] - Execute JavaScript 'arguments[0].click()' successfully

2021-12-17 17:48:42 - [MESSAGE][PASSED] - Call Test Case 'Test Cases/0.1-Login' successfully

2021-12-17 17:48:42 - [TEST_STEP][PASSED] - setText(findTestObject("Modulo Tarea Listado Hojas de Vida/Tareas Listado Hojas de Vida/input_Listado Hojas De Vida_form_templatej_idt24_input"), "Listado de Empleados"): Text 'Listado de Empleados' is set on object 'Object Repository/Modulo Tarea Listado Hojas de Vida/Tareas Listado Hojas de Vida/input_Listado Hojas De Vida_form_templatej_idt24_input'

2021-12-17 17:48:53 - [MESSAGE][PASSED] - Text 'Listado de Empleados' is set on object 'Object Repository/Modulo Tarea Listado Hojas de Vida/Tareas Listado Hojas de Vida/input_Listado Hojas De Vida_form_templatej_idt24_input'

2021-12-17 17:48:53 - [TEST_STEP][PASSED] - delay(3): Delayed 3 second(s)

2021-12-17 17:48:56 - [MESSAGE][PASSED] - Delayed 3 second(s)

2021-12-17 17:48:56 - [TEST_STEP][PASSED] - sendKeys(findTestObject("Modulo Tarea Listado Hojas de Vida/Tareas Listado Hojas de Vida/input_Listado Hojas De Vida_form_templatej_idt24_input"), Keys.chord(ENTER)): Keys 'ENTER + ' sent to object: 'Object Repository/Modulo Tarea Listado Hojas de Vida/Tareas Listado Hojas de Vida/input_Listado Hojas De Vida_form_templatej_idt24_input'

2021-12-17 17:48:57 - [MESSAGE][PASSED] - Keys 'ENTER + ' sent to object: 'Object Repository/Modulo Tarea Listado Hojas de Vida/Tareas Listado Hojas de Vida/input_Listado Hojas De Vida_form_templatej_idt24_input'

2021-12-17 17:48:57 - [MESSAGE][PASSED] - Call Test Case 'Test Cases/Hutilidades/Tareas Administracion Compensacion/Tarea Listado Empleados' successfully

2021-12-17 17:48:57 - [TEST_STEP][PASSED] - waitForElementClickable(findTestObject("Object Repository/Modulo Tarea Administracion Compensacion/Legalizar Licencia No Remunerada/input_Identificacin_listadoEmpleadoIdentificacionEmpleado"), 0): Object 'Object Repository/Modulo Tarea Administracion Compensacion/Legalizar Licencia No Remunerada/input_Identificacin_listadoEmpleadoIdentificacionEmpleado' is clickable

2021-12-17 17:48:57 - [MESSAGE][WARNING] - Timeout '0' is invalid. Using default page load timeout: '30'

2021-12-17 17:49:08 - [MESSAGE][PASSED] - Object 'Object Repository/Modulo Tarea Administracion Compensacion/Legalizar Licencia No Remunerada/input_Identificacin_listadoEmpleadoIdentificacionEmpleado' is clickable

2021-12-17 17:49:08 - [TEST_STEP][PASSED] - setText(findTestObject("Object Repository/Modulo Tarea Administracion Compensacion/Legalizar Licencia No Remunerada/input_Identificacin_listadoEmpleadoIdentificacionEmpleado"), "354968431354"): Text '354968431354' is set on object 'Object Repository/Modulo Tarea Administracion Compensacion/Legalizar Licencia No Remunerada/input_Identificacin_listadoEmpleadoIdentificacionEmpleado'

2021-12-17 17:49:09 - [MESSAGE][PASSED] - Text '354968431354' is set on object 'Object Repository/Modulo Tarea Administracion Compensacion/Legalizar Licencia No Remunerada/input_Identificacin_listadoEmpleadoIdentificacionEmpleado'

2021-12-17 17:49:09 - [TEST_STEP][PASSED] - sendKeys(findTestObject("Object Repository/Modulo Tarea Administracion Compensacion/Legalizar Licencia No Remunerada/input_Identificacin_listadoEmpleadoIdentificacionEmpleado"), Keys.chord(ENTER)): Keys 'ENTER + ' sent to object: 'Object Repository/Modulo Tarea Administracion Compensacion/Legalizar Licencia No Remunerada/input_Identificacin_listadoEmpleadoIdentificacionEmpleado'

2021-12-17 17:49:09 - [MESSAGE][PASSED] - Keys 'ENTER + ' sent to object: 'Object Repository/Modulo Tarea Administracion Compensacion/Legalizar Licencia No Remunerada/input_Identificacin_listadoEmpleadoIdentificacionEmpleado'

2021-12-17 17:49:09 - [TEST_STEP][PASSED] - waitForElementClickable(findTestObject("Object Repository/Modulo Tarea Administracion Compensacion/Legalizar Licencia No Remunerada/span_Consta Belfegord Jhon"), G_TimeOut): Object 'Object Repository/Modulo Tarea Administracion Compensacion/Legalizar Licencia No Remunerada/span_Consta Belfegord Jhon' is clickable

2021-12-17 17:49:11 - [MESSAGE][PASSED] - Object 'Object Repository/Modulo Tarea Administracion Compensacion/Legalizar Licencia No Remunerada/span_Consta Belfegord Jhon' is clickable

2021-12-17 17:49:11 - [TEST_STEP][PASSED] - click(findTestObject("Object Repository/Modulo Tarea Administracion Compensacion/Legalizar Licencia No Remunerada/span_Consta Belfegord Jhon")): Object: 'Object Repository/Modulo Tarea Administracion Compensacion/Legalizar Licencia No Remunerada/span_Consta Belfegord Jhon' is clicked on

2021-12-17 17:49:11 - [MESSAGE][PASSED] - Object: 'Object Repository/Modulo Tarea Administracion Compensacion/Legalizar Licencia No Remunerada/span_Consta Belfegord Jhon' is clicked on

2021-12-17 17:49:11 - [TEST_STEP][PASSED] - waitForElementClickable(findTestObject("Object Repository/Modulo Tarea Administracion Compensacion/Legalizar Licencia No Remunerada/a_Licencia"), G_TimeOut): Object 'Object Repository/Modulo Tarea Administracion Compensacion/Legalizar Licencia No Remunerada/a_Licencia' is clickable

2021-12-17 17:49:12 - [MESSAGE][PASSED] - Object 'Object Repository/Modulo Tarea Administracion Compensacion/Legalizar Licencia No Remunerada/a_Licencia' is clickable

2021-12-17 17:49:12 - [TEST_STEP][PASSED] - click(findTestObject("Object Repository/Modulo Tarea Administracion Compensacion/Legalizar Licencia No Remunerada/a_Licencia")): Object: 'Object Repository/Modulo Tarea Administracion Compensacion/Legalizar Licencia No Remunerada/a_Licencia' is clicked on

2021-12-17 17:49:13 - [MESSAGE][PASSED] - Object: 'Object Repository/Modulo Tarea Administracion Compensacion/Legalizar Licencia No Remunerada/a_Licencia' is clicked on

2021-12-17 17:49:13 - [TEST_STEP][PASSED] - if (waitForElementClickable(findTestObject("Modulo Tarea Administracion Compensacion/Legalizar Licencia No Remunerada/td_Licencia No Remunerada"), 1)): null

2021-12-17 17:49:15 - [MESSAGE][PASSED] - Object 'Object Repository/Modulo Tarea Administracion Compensacion/Legalizar Licencia No Remunerada/td_Licencia No Remunerada' is clickable

2021-12-17 17:49:15 - [TEST_STEP][PASSED] - click(findTestObject("Modulo Tarea Administracion Compensacion/Legalizar Licencia No Remunerada/td_Licencia No Remunerada")): Object: 'Object Repository/Modulo Tarea Administracion Compensacion/Legalizar Licencia No Remunerada/td_Licencia No Remunerada' is clicked on

2021-12-17 17:49:15 - [MESSAGE][PASSED] - Object: 'Object Repository/Modulo Tarea Administracion Compensacion/Legalizar Licencia No Remunerada/td_Licencia No Remunerada' is clicked on

2021-12-17 17:49:15 - [TEST_STEP][PASSED] - click(findTestObject("Modulo Tarea Administracion Compensacion/Legalizar Licencia No Remunerada/a_Eliminar Directo")): Object: 'Object Repository/Modulo Tarea Administracion Compensacion/Legalizar Licencia No Remunerada/a_Eliminar Directo' is clicked on

2021-12-17 17:49:18 - [MESSAGE][PASSED] - Object: 'Object Repository/Modulo Tarea Administracion Compensacion/Legalizar Licencia No Remunerada/a_Eliminar Directo' is clicked on

2021-12-17 17:49:18 - [TEST_STEP][PASSED] - click(findTestObject("Modulo Tarea Administracion Compensacion/Legalizar Licencia No Remunerada/a_Aceptar_ELIMINAR")): Object: 'Object Repository/Modulo Tarea Administracion Compensacion/Legalizar Licencia No Remunerada/a_Aceptar_ELIMINAR' is clicked on

2021-12-17 17:49:30 - [MESSAGE][PASSED] - Object: 'Object Repository/Modulo Tarea Administracion Compensacion/Legalizar Licencia No Remunerada/a_Aceptar_ELIMINAR' is clicked on

2021-12-17 17:49:30 - [TEST_STEP][PASSED] - click(findTestObject("Modulo Tarea Administracion Compensacion/Legalizar Licencia No Remunerada/a_Incapacidad")): Object: 'Object Repository/Modulo Tarea Administracion Compensacion/Legalizar Licencia No Remunerada/a_Incapacidad' is clicked on

2021-12-17 17:49:30 - [MESSAGE][PASSED] - Object: 'Object Repository/Modulo Tarea Administracion Compensacion/Legalizar Licencia No Remunerada/a_Incapacidad' is clicked on

2021-12-17 17:49:30 - [TEST_STEP][PASSED] - click(findTestObject("Modulo Tarea Administracion Compensacion/Legalizar Licencia No Remunerada/a_Histrico")): Object: 'Object Repository/Modulo Tarea Administracion Compensacion/Legalizar Licencia No Remunerada/a_Histrico' is clicked on

2021-12-17 17:49:32 - [MESSAGE][PASSED] - Object: 'Object Repository/Modulo Tarea Administracion Compensacion/Legalizar Licencia No Remunerada/a_Histrico' is clicked on

2021-12-17 17:49:32 - [TEST_STEP][PASSED] - if (waitForElementClickable(findTestObject("Modulo Tarea Administracion Compensacion/Legalizar Licencia No Remunerada/span_Enfermedad General 21"), 1)): Web element with id: 'Object Repository/Modulo Tarea Administracion Compensacion/Legalizar Licencia No Remunerada/span_Enfermedad General 21' located by '//div[2]/table/tbody/tr/td/div/div/table/tbody/tr/td/span' not found

2021-12-17 17:49:34 - [MESSAGE][INFO] - Unable to find the element located by 'By.xpath: //div[2]/table/tbody/tr/td/div/div/table/tbody/tr/td/span'. Please recheck the objects properties to make sure the desired element is located. 

2021-12-17 17:49:34 - [MESSAGE][WARNING] - Web element with id: 'Object Repository/Modulo Tarea Administracion Compensacion/Legalizar Licencia No Remunerada/span_Enfermedad General 21' located by '//div[2]/table/tbody/tr/td/div/div/table/tbody/tr/td/span' not found

2021-12-17 17:49:34 - [TEST_STEP][PASSED] - click(findTestObject("Object Repository/Modulo Tarea Administracion Compensacion/Legalizar Licencia No Remunerada/a_Licencia")): Object: 'Object Repository/Modulo Tarea Administracion Compensacion/Legalizar Licencia No Remunerada/a_Licencia' is clicked on

2021-12-17 17:49:35 - [MESSAGE][PASSED] - Object: 'Object Repository/Modulo Tarea Administracion Compensacion/Legalizar Licencia No Remunerada/a_Licencia' is clicked on

2021-12-17 17:49:35 - [TEST_STEP][PASSED] - waitForElementClickable(findTestObject("Modulo Tarea Administracion Compensacion/Legalizar Licencia No Remunerada/a_Nuevo"), G_TimeOut): Object 'Object Repository/Modulo Tarea Administracion Compensacion/Legalizar Licencia No Remunerada/a_Nuevo' is clickable

2021-12-17 17:49:36 - [MESSAGE][PASSED] - Object 'Object Repository/Modulo Tarea Administracion Compensacion/Legalizar Licencia No Remunerada/a_Nuevo' is clickable

2021-12-17 17:49:36 - [TEST_STEP][PASSED] - click(findTestObject("Modulo Tarea Administracion Compensacion/Legalizar Licencia No Remunerada/a_Nuevo")): Object: 'Object Repository/Modulo Tarea Administracion Compensacion/Legalizar Licencia No Remunerada/a_Nuevo' is clicked on

2021-12-17 17:49:37 - [MESSAGE][PASSED] - Object: 'Object Repository/Modulo Tarea Administracion Compensacion/Legalizar Licencia No Remunerada/a_Nuevo' is clicked on

2021-12-17 17:49:37 - [TEST_STEP][PASSED] - waitForElementClickable(findTestObject("Object Repository/Modulo Tarea Administracion Compensacion/Legalizar Licencia No Remunerada/span_LICENCIA NO REMUNERADA"), G_TimeOut): Object 'Object Repository/Modulo Tarea Administracion Compensacion/Legalizar Licencia No Remunerada/span_LICENCIA NO REMUNERADA' is clickable

2021-12-17 17:49:38 - [MESSAGE][PASSED] - Object 'Object Repository/Modulo Tarea Administracion Compensacion/Legalizar Licencia No Remunerada/span_LICENCIA NO REMUNERADA' is clickable

2021-12-17 17:49:38 - [TEST_STEP][PASSED] - click(findTestObject("Object Repository/Modulo Tarea Administracion Compensacion/Legalizar Licencia No Remunerada/span_LICENCIA NO REMUNERADA")): Object: 'Object Repository/Modulo Tarea Administracion Compensacion/Legalizar Licencia No Remunerada/span_LICENCIA NO REMUNERADA' is clicked on

2021-12-17 17:49:38 - [MESSAGE][PASSED] - Object: 'Object Repository/Modulo Tarea Administracion Compensacion/Legalizar Licencia No Remunerada/span_LICENCIA NO REMUNERADA' is clicked on

2021-12-17 17:49:38 - [TEST_STEP][PASSED] - click(findTestObject("Modulo Tarea Administracion Compensacion/Legalizar Licencia No Remunerada/a_Histrico")): Object: 'Object Repository/Modulo Tarea Administracion Compensacion/Legalizar Licencia No Remunerada/a_Histrico' is clicked on

2021-12-17 17:49:40 - [MESSAGE][PASSED] - Object: 'Object Repository/Modulo Tarea Administracion Compensacion/Legalizar Licencia No Remunerada/a_Histrico' is clicked on

2021-12-17 17:49:40 - [TEST_STEP][PASSED] - if (waitForElementVisible(findTestObject("Modulo Tarea Administracion Compensacion/Legalizar Licencia No Remunerada/span_01012021"), 1)): null

2021-12-17 17:49:42 - [MESSAGE][PASSED] - Object 'Object Repository/Modulo Tarea Administracion Compensacion/Legalizar Licencia No Remunerada/span_01012021' is visible

2021-12-17 17:49:42 - [TEST_STEP][PASSED] - click(findTestObject("Modulo Tarea Administracion Compensacion/Legalizar Licencia No Remunerada/span_01012021")): Object: 'Object Repository/Modulo Tarea Administracion Compensacion/Legalizar Licencia No Remunerada/span_01012021' is clicked on

2021-12-17 17:49:42 - [MESSAGE][PASSED] - Object: 'Object Repository/Modulo Tarea Administracion Compensacion/Legalizar Licencia No Remunerada/span_01012021' is clicked on

2021-12-17 17:49:42 - [TEST_STEP][PASSED] - click(findTestObject("Modulo Tarea Administracion Compensacion/Legalizar Licencia No Remunerada/a_Eliminar liciencia")): Object: 'Object Repository/Modulo Tarea Administracion Compensacion/Legalizar Licencia No Remunerada/a_Eliminar liciencia' is clicked on

2021-12-17 17:49:43 - [MESSAGE][PASSED] - Object: 'Object Repository/Modulo Tarea Administracion Compensacion/Legalizar Licencia No Remunerada/a_Eliminar liciencia' is clicked on

2021-12-17 17:49:43 - [TEST_STEP][PASSED] - click(findTestObject("Modulo Tarea Administracion Compensacion/Legalizar Licencia No Remunerada/a_Aceptar_ eliminar licencia")): Object: 'Object Repository/Modulo Tarea Administracion Compensacion/Legalizar Licencia No Remunerada/a_Aceptar_ eliminar licencia' is clicked on

2021-12-17 17:49:56 - [MESSAGE][PASSED] - Object: 'Object Repository/Modulo Tarea Administracion Compensacion/Legalizar Licencia No Remunerada/a_Aceptar_ eliminar licencia' is clicked on

2021-12-17 17:49:56 - [TEST_STEP][PASSED] - waitForElementClickable(findTestObject("Modulo Tarea Administracion Compensacion/Legalizar Licencia No Remunerada/a_Nuevo"), G_TimeOut): Web element with id: 'Object Repository/Modulo Tarea Administracion Compensacion/Legalizar Licencia No Remunerada/a_Nuevo' located by '//fieldset[2]/div/table/tbody/tr/td/a' not found

2021-12-17 17:50:27 - [MESSAGE][INFO] - Unable to find the element located by 'By.xpath: //fieldset[2]/div/table/tbody/tr/td/a'. Please recheck the objects properties to make sure the desired element is located. 

2021-12-17 17:50:27 - [MESSAGE][WARNING] - Web element with id: 'Object Repository/Modulo Tarea Administracion Compensacion/Legalizar Licencia No Remunerada/a_Nuevo' located by '//fieldset[2]/div/table/tbody/tr/td/a' not found

2021-12-17 17:50:27 - [TEST_STEP][FAILED] - click(findTestObject("Modulo Tarea Administracion Compensacion/Legalizar Licencia No Remunerada/a_Nuevo")): Unable to click on object 'Object Repository/Modulo Tarea Administracion Compensacion/Legalizar Licencia No Remunerada/a_Nuevo' (Root cause: com.kms.katalon.core.exception.StepFailedException: Unable to click on object 'Object Repository/Modulo Tarea Administracion Compensacion/Legalizar Licencia No Remunerada/a_Nuevo'
	at com.kms.katalon.core.webui.keyword.internal.WebUIKeywordMain.stepFailed(WebUIKeywordMain.groovy:64)
	at com.kms.katalon.core.webui.keyword.internal.WebUIKeywordMain.runKeyword(WebUIKeywordMain.groovy:26)
	at com.kms.katalon.core.webui.keyword.builtin.ClickKeyword.click(ClickKeyword.groovy:74)
	at com.kms.katalon.core.webui.keyword.builtin.ClickKeyword.execute(ClickKeyword.groovy:40)
	at com.kms.katalon.core.keyword.internal.KeywordExecutor.executeKeywordForPlatform(KeywordExecutor.groovy:74)
	at com.kms.katalon.core.webui.keyword.WebUiBuiltInKeywords.click(WebUiBuiltInKeywords.groovy:620)
	at com.kms.katalon.core.webui.keyword.WebUiBuiltInKeywords$click$5.call(Unknown Source)
	at 1.2.2-Legalizar licencia No Remunerada.run(1.2.2-Legalizar licencia No Remunerada:90)
	at com.kms.katalon.core.main.ScriptEngine.run(ScriptEngine.java:194)
	at com.kms.katalon.core.main.ScriptEngine.runScriptAsRawText(ScriptEngine.java:119)
	at com.kms.katalon.core.main.TestCaseExecutor.runScript(TestCaseExecutor.java:442)
	at com.kms.katalon.core.main.TestCaseExecutor.doExecute(TestCaseExecutor.java:433)
	at com.kms.katalon.core.main.TestCaseExecutor.processExecutionPhase(TestCaseExecutor.java:412)
	at com.kms.katalon.core.main.TestCaseExecutor.accessMainPhase(TestCaseExecutor.java:404)
	at com.kms.katalon.core.main.TestCaseExecutor.execute(TestCaseExecutor.java:281)
	at com.kms.katalon.core.main.TestSuiteExecutor.accessTestCaseMainPhase(TestSuiteExecutor.java:202)
	at com.kms.katalon.core.main.TestSuiteExecutor.accessTestSuiteMainPhase(TestSuiteExecutor.java:164)
	at com.kms.katalon.core.main.TestSuiteExecutor.execute(TestSuiteExecutor.java:105)
	at com.kms.katalon.core.main.TestCaseMain.startTestSuite(TestCaseMain.java:181)
	at com.kms.katalon.core.main.TestCaseMain$startTestSuite$0.call(Unknown Source)
	at TempTestSuite1639780222929.run(TempTestSuite1639780222929.groovy:36)
Caused by: com.kms.katalon.core.webui.exception.WebElementNotFoundException: Web element with id: 'Object Repository/Modulo Tarea Administracion Compensacion/Legalizar Licencia No Remunerada/a_Nuevo' located by '//fieldset[2]/div/table/tbody/tr/td/a' not found
	at com.kms.katalon.core.webui.common.WebUiCommonHelper.findWebElement(WebUiCommonHelper.java:1368)
	at com.kms.katalon.core.webui.keyword.internal.WebUIAbstractKeyword.findWebElement(WebUIAbstractKeyword.groovy:27)
	at com.kms.katalon.core.webui.keyword.builtin.ClickKeyword$_click_closure1.doCall(ClickKeyword.groovy:65)
	at com.kms.katalon.core.webui.keyword.builtin.ClickKeyword$_click_closure1.call(ClickKeyword.groovy)
	at com.kms.katalon.core.webui.keyword.internal.WebUIKeywordMain.runKeyword(WebUIKeywordMain.groovy:20)
	at com.kms.katalon.core.webui.keyword.builtin.ClickKeyword.click(ClickKeyword.groovy:74)
	at com.kms.katalon.core.webui.keyword.builtin.ClickKeyword.execute(ClickKeyword.groovy:40)
	at com.kms.katalon.core.keyword.internal.KeywordExecutor.executeKeywordForPlatform(KeywordExecutor.groovy:74)
	at com.kms.katalon.core.webui.keyword.WebUiBuiltInKeywords.click(WebUiBuiltInKeywords.groovy:620)
	at com.kms.katalon.core.webui.keyword.WebUiBuiltInKeywords$click$5.call(Unknown Source)
	at Script1548864711887.run(Script1548864711887.groovy:90)
	... 13 more
)

2021-12-17 17:50:58 - [MESSAGE][INFO] - Unable to find the element located by 'By.xpath: //fieldset[2]/div/table/tbody/tr/td/a'. Please recheck the objects properties to make sure the desired element is located. 

2021-12-17 17:50:58 - [MESSAGE][FAILED] - Unable to click on object 'Object Repository/Modulo Tarea Administracion Compensacion/Legalizar Licencia No Remunerada/a_Nuevo' (Root cause: com.kms.katalon.core.exception.StepFailedException: Unable to click on object 'Object Repository/Modulo Tarea Administracion Compensacion/Legalizar Licencia No Remunerada/a_Nuevo'
	at com.kms.katalon.core.webui.keyword.internal.WebUIKeywordMain.stepFailed(WebUIKeywordMain.groovy:64)
	at com.kms.katalon.core.webui.keyword.internal.WebUIKeywordMain.runKeyword(WebUIKeywordMain.groovy:26)
	at com.kms.katalon.core.webui.keyword.builtin.ClickKeyword.click(ClickKeyword.groovy:74)
	at com.kms.katalon.core.webui.keyword.builtin.ClickKeyword.execute(ClickKeyword.groovy:40)
	at com.kms.katalon.core.keyword.internal.KeywordExecutor.executeKeywordForPlatform(KeywordExecutor.groovy:74)
	at com.kms.katalon.core.webui.keyword.WebUiBuiltInKeywords.click(WebUiBuiltInKeywords.groovy:620)
	at com.kms.katalon.core.webui.keyword.WebUiBuiltInKeywords$click$5.call(Unknown Source)
	at 1.2.2-Legalizar licencia No Remunerada.run(1.2.2-Legalizar licencia No Remunerada:90)
	at com.kms.katalon.core.main.ScriptEngine.run(ScriptEngine.java:194)
	at com.kms.katalon.core.main.ScriptEngine.runScriptAsRawText(ScriptEngine.java:119)
	at com.kms.katalon.core.main.TestCaseExecutor.runScript(TestCaseExecutor.java:442)
	at com.kms.katalon.core.main.TestCaseExecutor.doExecute(TestCaseExecutor.java:433)
	at com.kms.katalon.core.main.TestCaseExecutor.processExecutionPhase(TestCaseExecutor.java:412)
	at com.kms.katalon.core.main.TestCaseExecutor.accessMainPhase(TestCaseExecutor.java:404)
	at com.kms.katalon.core.main.TestCaseExecutor.execute(TestCaseExecutor.java:281)
	at com.kms.katalon.core.main.TestSuiteExecutor.accessTestCaseMainPhase(TestSuiteExecutor.java:202)
	at com.kms.katalon.core.main.TestSuiteExecutor.accessTestSuiteMainPhase(TestSuiteExecutor.java:164)
	at com.kms.katalon.core.main.TestSuiteExecutor.execute(TestSuiteExecutor.java:105)
	at com.kms.katalon.core.main.TestCaseMain.startTestSuite(TestCaseMain.java:181)
	at com.kms.katalon.core.main.TestCaseMain$startTestSuite$0.call(Unknown Source)
	at TempTestSuite1639780222929.run(TempTestSuite1639780222929.groovy:36)
Caused by: com.kms.katalon.core.webui.exception.WebElementNotFoundException: Web element with id: 'Object Repository/Modulo Tarea Administracion Compensacion/Legalizar Licencia No Remunerada/a_Nuevo' located by '//fieldset[2]/div/table/tbody/tr/td/a' not found
	at com.kms.katalon.core.webui.common.WebUiCommonHelper.findWebElement(WebUiCommonHelper.java:1368)
	at com.kms.katalon.core.webui.keyword.internal.WebUIAbstractKeyword.findWebElement(WebUIAbstractKeyword.groovy:27)
	at com.kms.katalon.core.webui.keyword.builtin.ClickKeyword$_click_closure1.doCall(ClickKeyword.groovy:65)
	at com.kms.katalon.core.webui.keyword.builtin.ClickKeyword$_click_closure1.call(ClickKeyword.groovy)
	at com.kms.katalon.core.webui.keyword.internal.WebUIKeywordMain.runKeyword(WebUIKeywordMain.groovy:20)
	at com.kms.katalon.core.webui.keyword.builtin.ClickKeyword.click(ClickKeyword.groovy:74)
	at com.kms.katalon.core.webui.keyword.builtin.ClickKeyword.execute(ClickKeyword.groovy:40)
	at com.kms.katalon.core.keyword.internal.KeywordExecutor.executeKeywordForPlatform(KeywordExecutor.groovy:74)
	at com.kms.katalon.core.webui.keyword.WebUiBuiltInKeywords.click(WebUiBuiltInKeywords.groovy:620)
	at com.kms.katalon.core.webui.keyword.WebUiBuiltInKeywords$click$5.call(Unknown Source)
	at Script1548864711887.run(Script1548864711887.groovy:90)
	... 13 more
)
[[ATTACHMENT|C:\\Users\\diego.rojas\\git\\Pruebas-Minimas\\Reports\\20211217_173017\\1-Tareas Principales\\20211217_173022\\1639781458723.png]]]]></system-out>
         <system-err><![CDATA[2021-12-17 17:48:18 - [TEST_CASE][FAILED] - Test Cases/1.1-Tareas Principales/1.2.2-Legalizar licencia No Remunerada: Test Cases/1.1-Tareas Principales/1.2.2-Legalizar licencia No Remunerada FAILED.
Reason:
com.kms.katalon.core.exception.StepFailedException: Unable to click on object 'Object Repository/Modulo Tarea Administracion Compensacion/Legalizar Licencia No Remunerada/a_Nuevo'
	at com.kms.katalon.core.webui.keyword.internal.WebUIKeywordMain.stepFailed(WebUIKeywordMain.groovy:64)
	at com.kms.katalon.core.webui.keyword.internal.WebUIKeywordMain.runKeyword(WebUIKeywordMain.groovy:26)
	at com.kms.katalon.core.webui.keyword.builtin.ClickKeyword.click(ClickKeyword.groovy:74)
	at com.kms.katalon.core.webui.keyword.builtin.ClickKeyword.execute(ClickKeyword.groovy:40)
	at com.kms.katalon.core.keyword.internal.KeywordExecutor.executeKeywordForPlatform(KeywordExecutor.groovy:74)
	at com.kms.katalon.core.webui.keyword.WebUiBuiltInKeywords.click(WebUiBuiltInKeywords.groovy:620)
	at com.kms.katalon.core.webui.keyword.WebUiBuiltInKeywords$click$5.call(Unknown Source)
	at 1.2.2-Legalizar licencia No Remunerada.run(1.2.2-Legalizar licencia No Remunerada:90)
	at com.kms.katalon.core.main.ScriptEngine.run(ScriptEngine.java:194)
	at com.kms.katalon.core.main.ScriptEngine.runScriptAsRawText(ScriptEngine.java:119)
	at com.kms.katalon.core.main.TestCaseExecutor.runScript(TestCaseExecutor.java:442)
	at com.kms.katalon.core.main.TestCaseExecutor.doExecute(TestCaseExecutor.java:433)
	at com.kms.katalon.core.main.TestCaseExecutor.processExecutionPhase(TestCaseExecutor.java:412)
	at com.kms.katalon.core.main.TestCaseExecutor.accessMainPhase(TestCaseExecutor.java:404)
	at com.kms.katalon.core.main.TestCaseExecutor.execute(TestCaseExecutor.java:281)
	at com.kms.katalon.core.main.TestSuiteExecutor.accessTestCaseMainPhase(TestSuiteExecutor.java:202)
	at com.kms.katalon.core.main.TestSuiteExecutor.accessTestSuiteMainPhase(TestSuiteExecutor.java:164)
	at com.kms.katalon.core.main.TestSuiteExecutor.execute(TestSuiteExecutor.java:105)
	at com.kms.katalon.core.main.TestCaseMain.startTestSuite(TestCaseMain.java:181)
	at com.kms.katalon.core.main.TestCaseMain$startTestSuite$0.call(Unknown Source)
	at TempTestSuite1639780222929.run(TempTestSuite1639780222929.groovy:36)
Caused by: com.kms.katalon.core.webui.exception.WebElementNotFoundException: Web element with id: 'Object Repository/Modulo Tarea Administracion Compensacion/Legalizar Licencia No Remunerada/a_Nuevo' located by '//fieldset[2]/div/table/tbody/tr/td/a' not found
	at com.kms.katalon.core.webui.common.WebUiCommonHelper.findWebElement(WebUiCommonHelper.java:1368)
	at com.kms.katalon.core.webui.keyword.internal.WebUIAbstractKeyword.findWebElement(WebUIAbstractKeyword.groovy:27)
	at com.kms.katalon.core.webui.keyword.builtin.ClickKeyword$_click_closure1.doCall(ClickKeyword.groovy:65)
	at com.kms.katalon.core.webui.keyword.builtin.ClickKeyword$_click_closure1.call(ClickKeyword.groovy)
	at com.kms.katalon.core.webui.keyword.internal.WebUIKeywordMain.runKeyword(WebUIKeywordMain.groovy:20)
	... 19 more]]></system-err>
      </testcase>
      <testcase name="Test Cases/1.1-Tareas Principales/1.2.3-Legalizar Licencia Remunerada" time="70.925" classname="Test Cases/1.1-Tareas Principales/1.2.3-Legalizar Licencia Remunerada" status="PASSED">
         <system-out><![CDATA[2021-12-17 17:50:58 - [TEST_CASE][PASSED] - Test Cases/1.1-Tareas Principales/1.2.3-Legalizar Licencia Remunerada: Test Cases/1.1-Tareas Principales/1.2.3-Legalizar Licencia Remunerada

2021-12-17 17:50:59 - [TEST_STEP][PASSED] - callTestCase(findTestCase("Hutilidades/Tareas Administracion Compensacion/Tarea Listado Empleados"), [:], STOP_ON_FAILURE): Call Test Case 'Test Cases/Hutilidades/Tareas Administracion Compensacion/Tarea Listado Empleados' successfully

2021-12-17 17:50:59 - [TEST_CASE][PASSED] - Test Cases/Hutilidades/Tareas Administracion Compensacion/Tarea Listado Empleados: Test Cases/Hutilidades/Tareas Administracion Compensacion/Tarea Listado Empleados

2021-12-17 17:50:59 - [TEST_STEP][PASSED] - callTestCase(findTestCase("0.1-Login"), [:], STOP_ON_FAILURE): Call Test Case 'Test Cases/0.1-Login' successfully

2021-12-17 17:50:59 - [TEST_CASE][PASSED] - Test Cases/0.1-Login: Test Cases/0.1-Login

2021-12-17 17:50:59 - [TEST_STEP][PASSED] - openBrowser(""): Browser is opened with url: ''

2021-12-17 17:50:59 - [MESSAGE][WARNING] - A browser is already opened. Closing browser and opening a new one

2021-12-17 17:51:00 - [MESSAGE][INFO] - Starting 'Chrome' driver

2021-12-17 17:51:00 - [MESSAGE][INFO] - Action delay is set to 0 milliseconds

2021-12-17 17:51:01 - [MESSAGE][PASSED] - Browser is opened with url: ''

2021-12-17 17:51:01 - [TEST_STEP][PASSED] - maximizeWindow(): Current window maximized

2021-12-17 17:51:01 - [MESSAGE][PASSED] - Current window maximized

2021-12-17 17:51:01 - [TEST_STEP][PASSED] - i = G_Login: null

2021-12-17 17:51:01 - [TEST_STEP][PASSED] - url = new java.net.URL(i): null

2021-12-17 17:51:01 - [TEST_STEP][PASSED] - println("URL: " + url.toString()): null

2021-12-17 17:51:01 - [TEST_STEP][PASSED] - connection = url.openConnection(): null

2021-12-17 17:51:01 - [TEST_STEP][PASSED] - connection.setRequestMethod("GET"): null

2021-12-17 17:51:01 - [TEST_STEP][PASSED] - connection.setReadTimeout(2 * 1000): null

2021-12-17 17:51:01 - [TEST_STEP][PASSED] - try: null

2021-12-17 17:51:01 - [TEST_STEP][PASSED] - connection.connect(): null

2021-12-17 17:51:01 - [TEST_STEP][PASSED] - flag = connected: null

2021-12-17 17:51:01 - [TEST_STEP][PASSED] - println("Valor_ori: " + flag): null

2021-12-17 17:51:01 - [TEST_STEP][PASSED] - if (flag): null

2021-12-17 17:51:01 - [TEST_STEP][PASSED] - navigateToUrl(i): Navigate to 'http://192.168.2.29:7001/saraweb' successfully

2021-12-17 17:51:08 - [MESSAGE][PASSED] - Navigate to 'http://192.168.2.29:7001/saraweb' successfully

2021-12-17 17:51:08 - [TEST_STEP][PASSED] - a(): null

2021-12-17 17:51:08 - [TEST_STEP][PASSED] - setText(findTestObject("Login/input_USUARIO_loginusuario"), G_Usuario): Text 'weblogic' is set on object 'Object Repository/Login/input_USUARIO_loginusuario'

2021-12-17 17:51:09 - [MESSAGE][PASSED] - Text 'weblogic' is set on object 'Object Repository/Login/input_USUARIO_loginusuario'

2021-12-17 17:51:09 - [TEST_STEP][PASSED] - setEncryptedText(findTestObject("Login/input_CLAVE_loginpassword"), "MkG4/TYiCFC3cb2driP7+Q=="): Text ****** has been set on object 'Object Repository/Login/input_CLAVE_loginpassword'

2021-12-17 17:51:09 - [MESSAGE][PASSED] - Text ****** has been set on object 'Object Repository/Login/input_CLAVE_loginpassword'

2021-12-17 17:51:09 - [TEST_STEP][PASSED] - waitForElementClickable(findTestObject("Login/a_Ingresar"), G_TimeOut): Object 'Object Repository/Login/a_Ingresar' is clickable

2021-12-17 17:51:10 - [MESSAGE][PASSED] - Object 'Object Repository/Login/a_Ingresar' is clickable

2021-12-17 17:51:10 - [TEST_STEP][PASSED] - click(findTestObject("Login/a_Ingresar")): Object: 'Object Repository/Login/a_Ingresar' is clicked on

2021-12-17 17:51:21 - [MESSAGE][PASSED] - Object: 'Object Repository/Login/a_Ingresar' is clicked on

2021-12-17 17:51:21 - [TEST_STEP][PASSED] - element = findWebElement(findTestObject("Login/a_Ir"), 30): null

2021-12-17 17:51:22 - [TEST_STEP][PASSED] - executeJavaScript("arguments[0].click()", Arrays.asList(element)): Execute JavaScript 'arguments[0].click()' successfully

2021-12-17 17:51:22 - [MESSAGE][PASSED] - Execute JavaScript 'arguments[0].click()' successfully

2021-12-17 17:51:22 - [MESSAGE][PASSED] - Call Test Case 'Test Cases/0.1-Login' successfully

2021-12-17 17:51:22 - [TEST_STEP][PASSED] - setText(findTestObject("Modulo Tarea Listado Hojas de Vida/Tareas Listado Hojas de Vida/input_Listado Hojas De Vida_form_templatej_idt24_input"), "Listado de Empleados"): Text 'Listado de Empleados' is set on object 'Object Repository/Modulo Tarea Listado Hojas de Vida/Tareas Listado Hojas de Vida/input_Listado Hojas De Vida_form_templatej_idt24_input'

2021-12-17 17:51:33 - [MESSAGE][PASSED] - Text 'Listado de Empleados' is set on object 'Object Repository/Modulo Tarea Listado Hojas de Vida/Tareas Listado Hojas de Vida/input_Listado Hojas De Vida_form_templatej_idt24_input'

2021-12-17 17:51:33 - [TEST_STEP][PASSED] - delay(3): Delayed 3 second(s)

2021-12-17 17:51:36 - [MESSAGE][PASSED] - Delayed 3 second(s)

2021-12-17 17:51:36 - [TEST_STEP][PASSED] - sendKeys(findTestObject("Modulo Tarea Listado Hojas de Vida/Tareas Listado Hojas de Vida/input_Listado Hojas De Vida_form_templatej_idt24_input"), Keys.chord(ENTER)): Keys 'ENTER + ' sent to object: 'Object Repository/Modulo Tarea Listado Hojas de Vida/Tareas Listado Hojas de Vida/input_Listado Hojas De Vida_form_templatej_idt24_input'

2021-12-17 17:51:37 - [MESSAGE][PASSED] - Keys 'ENTER + ' sent to object: 'Object Repository/Modulo Tarea Listado Hojas de Vida/Tareas Listado Hojas de Vida/input_Listado Hojas De Vida_form_templatej_idt24_input'

2021-12-17 17:51:37 - [MESSAGE][PASSED] - Call Test Case 'Test Cases/Hutilidades/Tareas Administracion Compensacion/Tarea Listado Empleados' successfully

2021-12-17 17:51:37 - [TEST_STEP][PASSED] - waitForElementClickable(findTestObject("Modulo Tarea Administracion Compensacion/Legalizar licencia Remunerada/input_Identificacin_listadoEmp"), 0): Object 'Object Repository/Modulo Tarea Administracion Compensacion/Legalizar licencia Remunerada/input_Identificacin_listadoEmp' is clickable

2021-12-17 17:51:37 - [MESSAGE][WARNING] - Timeout '0' is invalid. Using default page load timeout: '30'

2021-12-17 17:51:49 - [MESSAGE][PASSED] - Object 'Object Repository/Modulo Tarea Administracion Compensacion/Legalizar licencia Remunerada/input_Identificacin_listadoEmp' is clickable

2021-12-17 17:51:49 - [TEST_STEP][PASSED] - setText(findTestObject("Modulo Tarea Administracion Compensacion/Legalizar licencia Remunerada/input_Identificacin_listadoEmp"), "354968431354"): Text '354968431354' is set on object 'Object Repository/Modulo Tarea Administracion Compensacion/Legalizar licencia Remunerada/input_Identificacin_listadoEmp'

2021-12-17 17:51:49 - [MESSAGE][PASSED] - Text '354968431354' is set on object 'Object Repository/Modulo Tarea Administracion Compensacion/Legalizar licencia Remunerada/input_Identificacin_listadoEmp'

2021-12-17 17:51:49 - [TEST_STEP][PASSED] - sendKeys(findTestObject("Modulo Tarea Administracion Compensacion/Legalizar licencia Remunerada/input_Identificacin_listadoEmp"), Keys.chord(ENTER)): Keys 'ENTER + ' sent to object: 'Object Repository/Modulo Tarea Administracion Compensacion/Legalizar licencia Remunerada/input_Identificacin_listadoEmp'

2021-12-17 17:51:50 - [MESSAGE][PASSED] - Keys 'ENTER + ' sent to object: 'Object Repository/Modulo Tarea Administracion Compensacion/Legalizar licencia Remunerada/input_Identificacin_listadoEmp'

2021-12-17 17:51:50 - [TEST_STEP][PASSED] - click(findTestObject("Modulo Tarea Administracion Compensacion/Legalizar licencia Remunerada/span_CONSTA BELFEGORD JHON")): Object: 'Object Repository/Modulo Tarea Administracion Compensacion/Legalizar licencia Remunerada/span_CONSTA BELFEGORD JHON' is clicked on

2021-12-17 17:51:51 - [MESSAGE][PASSED] - Object: 'Object Repository/Modulo Tarea Administracion Compensacion/Legalizar licencia Remunerada/span_CONSTA BELFEGORD JHON' is clicked on

2021-12-17 17:51:51 - [TEST_STEP][PASSED] - click(findTestObject("Modulo Tarea Administracion Compensacion/Legalizar licencia Remunerada/span_Licencia")): Object: 'Object Repository/Modulo Tarea Administracion Compensacion/Legalizar licencia Remunerada/span_Licencia' is clicked on

2021-12-17 17:51:52 - [MESSAGE][PASSED] - Object: 'Object Repository/Modulo Tarea Administracion Compensacion/Legalizar licencia Remunerada/span_Licencia' is clicked on

2021-12-17 17:51:52 - [TEST_STEP][PASSED] - if (waitForElementClickable(findTestObject("Modulo Tarea Administracion Compensacion/Legalizar licencia Remunerada/td_Licencia Remunerada"), 1)): Web element with id: 'Object Repository/Modulo Tarea Administracion Compensacion/Legalizar licencia Remunerada/td_Licencia Remunerada' located by '//*/text()[normalize-space(.)='Licencia Remunerada']/parent::*' not found

2021-12-17 17:51:54 - [MESSAGE][INFO] - Unable to find the element located by 'By.xpath: //*/text()[normalize-space(.)='Licencia Remunerada']/parent::*'. Please recheck the objects properties to make sure the desired element is located. 

2021-12-17 17:51:55 - [MESSAGE][WARNING] - Web element with id: 'Object Repository/Modulo Tarea Administracion Compensacion/Legalizar licencia Remunerada/td_Licencia Remunerada' located by '//*/text()[normalize-space(.)='Licencia Remunerada']/parent::*' not found

2021-12-17 17:51:55 - [TEST_STEP][PASSED] - click(findTestObject("Modulo Tarea Administracion Compensacion/Legalizar licencia Remunerada/a_Histrico")): Object: 'Object Repository/Modulo Tarea Administracion Compensacion/Legalizar licencia Remunerada/a_Histrico' is clicked on

2021-12-17 17:51:55 - [MESSAGE][PASSED] - Object: 'Object Repository/Modulo Tarea Administracion Compensacion/Legalizar licencia Remunerada/a_Histrico' is clicked on

2021-12-17 17:51:55 - [TEST_STEP][PASSED] - if (waitForElementClickable(findTestObject("Modulo Tarea Administracion Compensacion/Legalizar licencia Remunerada/span_Licencia Remunerada_Historico"), 1)): Web element with id: 'Object Repository/Modulo Tarea Administracion Compensacion/Legalizar licencia Remunerada/span_Licencia Remunerada_Historico' located by '//*/text()[normalize-space(.)='Licencia Remunerada']/parent::*' not found

2021-12-17 17:51:57 - [MESSAGE][INFO] - Unable to find the element located by 'By.xpath: //*/text()[normalize-space(.)='Licencia Remunerada']/parent::*'. Please recheck the objects properties to make sure the desired element is located. 

2021-12-17 17:51:57 - [MESSAGE][WARNING] - Web element with id: 'Object Repository/Modulo Tarea Administracion Compensacion/Legalizar licencia Remunerada/span_Licencia Remunerada_Historico' located by '//*/text()[normalize-space(.)='Licencia Remunerada']/parent::*' not found

2021-12-17 17:51:57 - [TEST_STEP][PASSED] - waitForElementClickable(findTestObject("Modulo Tarea Administracion Compensacion/Legalizar licencia Remunerada/a_Licencia_Pestaa"), 0): Object 'Object Repository/Modulo Tarea Administracion Compensacion/Legalizar licencia Remunerada/a_Licencia_Pestaa' is clickable

2021-12-17 17:51:57 - [MESSAGE][WARNING] - Timeout '0' is invalid. Using default page load timeout: '30'

2021-12-17 17:51:58 - [MESSAGE][PASSED] - Object 'Object Repository/Modulo Tarea Administracion Compensacion/Legalizar licencia Remunerada/a_Licencia_Pestaa' is clickable

2021-12-17 17:51:58 - [TEST_STEP][PASSED] - click(findTestObject("Modulo Tarea Administracion Compensacion/Legalizar licencia Remunerada/a_Licencia_Pestaa")): Object: 'Object Repository/Modulo Tarea Administracion Compensacion/Legalizar licencia Remunerada/a_Licencia_Pestaa' is clicked on

2021-12-17 17:51:58 - [MESSAGE][PASSED] - Object: 'Object Repository/Modulo Tarea Administracion Compensacion/Legalizar licencia Remunerada/a_Licencia_Pestaa' is clicked on

2021-12-17 17:51:58 - [TEST_STEP][PASSED] - if (waitForElementClickable(findTestObject("Modulo Tarea Administracion Compensacion/Legalizar licencia Remunerada/span_Nuevo"), 1)): null

2021-12-17 17:51:58 - [MESSAGE][PASSED] - Object 'Object Repository/Modulo Tarea Administracion Compensacion/Legalizar licencia Remunerada/span_Nuevo' is clickable

2021-12-17 17:51:58 - [TEST_STEP][PASSED] - click(findTestObject("Modulo Tarea Administracion Compensacion/Legalizar licencia Remunerada/span_Nuevo")): Object: 'Object Repository/Modulo Tarea Administracion Compensacion/Legalizar licencia Remunerada/span_Nuevo' is clicked on

2021-12-17 17:51:59 - [MESSAGE][PASSED] - Object: 'Object Repository/Modulo Tarea Administracion Compensacion/Legalizar licencia Remunerada/span_Nuevo' is clicked on

2021-12-17 17:51:59 - [TEST_STEP][PASSED] - click(findTestObject("Modulo Tarea Administracion Compensacion/Legalizar licencia Remunerada/span_LICENCIA REMUNERADA")): Object: 'Object Repository/Modulo Tarea Administracion Compensacion/Legalizar licencia Remunerada/span_LICENCIA REMUNERADA' is clicked on

2021-12-17 17:52:00 - [MESSAGE][PASSED] - Object: 'Object Repository/Modulo Tarea Administracion Compensacion/Legalizar licencia Remunerada/span_LICENCIA REMUNERADA' is clicked on

2021-12-17 17:52:00 - [TEST_STEP][PASSED] - setText(findTestObject("Modulo Tarea Administracion Compensacion/Legalizar licencia Remunerada/input_Fecha Salida_form_licenc"), "01/12/2018"): Text '01/12/2018' is set on object 'Object Repository/Modulo Tarea Administracion Compensacion/Legalizar licencia Remunerada/input_Fecha Salida_form_licenc'

2021-12-17 17:52:03 - [MESSAGE][PASSED] - Text '01/12/2018' is set on object 'Object Repository/Modulo Tarea Administracion Compensacion/Legalizar licencia Remunerada/input_Fecha Salida_form_licenc'

2021-12-17 17:52:03 - [TEST_STEP][PASSED] - setText(findTestObject("Modulo Tarea Administracion Compensacion/Legalizar licencia Remunerada/input_Das Ausentismo_form_lice"), "2"): Text '2' is set on object 'Object Repository/Modulo Tarea Administracion Compensacion/Legalizar licencia Remunerada/input_Das Ausentismo_form_lice'

2021-12-17 17:52:04 - [MESSAGE][PASSED] - Text '2' is set on object 'Object Repository/Modulo Tarea Administracion Compensacion/Legalizar licencia Remunerada/input_Das Ausentismo_form_lice'

2021-12-17 17:52:04 - [TEST_STEP][PASSED] - setText(findTestObject("Modulo Tarea Administracion Compensacion/Legalizar licencia Remunerada/input_Fecha Salida Nomina_form"), "31/01/2019"): Text '31/01/2019' is set on object 'Object Repository/Modulo Tarea Administracion Compensacion/Legalizar licencia Remunerada/input_Fecha Salida Nomina_form'

2021-12-17 17:52:05 - [MESSAGE][PASSED] - Text '31/01/2019' is set on object 'Object Repository/Modulo Tarea Administracion Compensacion/Legalizar licencia Remunerada/input_Fecha Salida Nomina_form'

2021-12-17 17:52:05 - [TEST_STEP][PASSED] - setText(findTestObject("Modulo Tarea Administracion Compensacion/Legalizar licencia Remunerada/textarea_Observacin_form_licen"), "aaaaaa"): Text 'aaaaaa' is set on object 'Object Repository/Modulo Tarea Administracion Compensacion/Legalizar licencia Remunerada/textarea_Observacin_form_licen'

2021-12-17 17:52:05 - [MESSAGE][PASSED] - Text 'aaaaaa' is set on object 'Object Repository/Modulo Tarea Administracion Compensacion/Legalizar licencia Remunerada/textarea_Observacin_form_licen'

2021-12-17 17:52:05 - [TEST_STEP][PASSED] - setText(findTestObject("Modulo Tarea Administracion Compensacion/Legalizar licencia Remunerada/input_Fecha 1_form_licenciaEmp"), "31/01/2019"): Text '31/01/2019' is set on object 'Object Repository/Modulo Tarea Administracion Compensacion/Legalizar licencia Remunerada/input_Fecha 1_form_licenciaEmp'

2021-12-17 17:52:06 - [MESSAGE][PASSED] - Text '31/01/2019' is set on object 'Object Repository/Modulo Tarea Administracion Compensacion/Legalizar licencia Remunerada/input_Fecha 1_form_licenciaEmp'

2021-12-17 17:52:06 - [TEST_STEP][PASSED] - sendKeys(findTestObject("Modulo Tarea Administracion Compensacion/Legalizar licencia Remunerada/input_Fecha 1_form_licenciaEmp"), Keys.chord(ESCAPE)): Keys 'ESCAPE + ' sent to object: 'Object Repository/Modulo Tarea Administracion Compensacion/Legalizar licencia Remunerada/input_Fecha 1_form_licenciaEmp'

2021-12-17 17:52:07 - [MESSAGE][PASSED] - Keys 'ESCAPE + ' sent to object: 'Object Repository/Modulo Tarea Administracion Compensacion/Legalizar licencia Remunerada/input_Fecha 1_form_licenciaEmp'

2021-12-17 17:52:07 - [TEST_STEP][PASSED] - click(findTestObject("Modulo Tarea Administracion Compensacion/Legalizar licencia Remunerada/span_Guardar Legalizar")): Object: 'Object Repository/Modulo Tarea Administracion Compensacion/Legalizar licencia Remunerada/span_Guardar Legalizar' is clicked on

2021-12-17 17:52:07 - [MESSAGE][PASSED] - Object: 'Object Repository/Modulo Tarea Administracion Compensacion/Legalizar licencia Remunerada/span_Guardar Legalizar' is clicked on

2021-12-17 17:52:07 - [TEST_STEP][PASSED] - getText(findTestObject("Alerta/Alerta")): Text of object 'Object Repository/Alerta/Alerta' is: 'Se modifico exitosamente su solicitud'

2021-12-17 17:52:09 - [MESSAGE][PASSED] - Text of object 'Object Repository/Alerta/Alerta' is: 'Se modifico exitosamente su solicitud']]></system-out>
         <system-err><![CDATA[]]></system-err>
      </testcase>
      <testcase name="Test Cases/1.1-Tareas Principales/1.7.2 Crear Histórica Incapacidad" time="89.425" classname="Test Cases/1.1-Tareas Principales/1.7.2 Crear Histórica Incapacidad" status="PASSED">
         <system-out><![CDATA[2021-12-17 17:52:09 - [TEST_CASE][PASSED] - Test Cases/1.1-Tareas Principales/1.7.2 Crear Histórica Incapacidad: Test Cases/1.1-Tareas Principales/1.7.2 Crear Histórica Incapacidad

2021-12-17 17:52:10 - [TEST_STEP][PASSED] - callTestCase(findTestCase("0.1-Login"), [:], STOP_ON_FAILURE): Call Test Case 'Test Cases/0.1-Login' successfully

2021-12-17 17:52:10 - [TEST_CASE][PASSED] - Test Cases/0.1-Login: Test Cases/0.1-Login

2021-12-17 17:52:10 - [TEST_STEP][PASSED] - openBrowser(""): Browser is opened with url: ''

2021-12-17 17:52:10 - [MESSAGE][WARNING] - A browser is already opened. Closing browser and opening a new one

2021-12-17 17:52:11 - [MESSAGE][INFO] - Starting 'Chrome' driver

2021-12-17 17:52:11 - [MESSAGE][INFO] - Action delay is set to 0 milliseconds

2021-12-17 17:52:12 - [MESSAGE][PASSED] - Browser is opened with url: ''

2021-12-17 17:52:12 - [TEST_STEP][PASSED] - maximizeWindow(): Current window maximized

2021-12-17 17:52:12 - [MESSAGE][PASSED] - Current window maximized

2021-12-17 17:52:12 - [TEST_STEP][PASSED] - i = G_Login: null

2021-12-17 17:52:12 - [TEST_STEP][PASSED] - url = new java.net.URL(i): null

2021-12-17 17:52:12 - [TEST_STEP][PASSED] - println("URL: " + url.toString()): null

2021-12-17 17:52:12 - [TEST_STEP][PASSED] - connection = url.openConnection(): null

2021-12-17 17:52:12 - [TEST_STEP][PASSED] - connection.setRequestMethod("GET"): null

2021-12-17 17:52:12 - [TEST_STEP][PASSED] - connection.setReadTimeout(2 * 1000): null

2021-12-17 17:52:12 - [TEST_STEP][PASSED] - try: null

2021-12-17 17:52:12 - [TEST_STEP][PASSED] - connection.connect(): null

2021-12-17 17:52:12 - [TEST_STEP][PASSED] - flag = connected: null

2021-12-17 17:52:12 - [TEST_STEP][PASSED] - println("Valor_ori: " + flag): null

2021-12-17 17:52:12 - [TEST_STEP][PASSED] - if (flag): null

2021-12-17 17:52:12 - [TEST_STEP][PASSED] - navigateToUrl(i): Navigate to 'http://192.168.2.29:7001/saraweb' successfully

2021-12-17 17:52:20 - [MESSAGE][PASSED] - Navigate to 'http://192.168.2.29:7001/saraweb' successfully

2021-12-17 17:52:20 - [TEST_STEP][PASSED] - a(): null

2021-12-17 17:52:20 - [TEST_STEP][PASSED] - setText(findTestObject("Login/input_USUARIO_loginusuario"), G_Usuario): Text 'weblogic' is set on object 'Object Repository/Login/input_USUARIO_loginusuario'

2021-12-17 17:52:21 - [MESSAGE][PASSED] - Text 'weblogic' is set on object 'Object Repository/Login/input_USUARIO_loginusuario'

2021-12-17 17:52:21 - [TEST_STEP][PASSED] - setEncryptedText(findTestObject("Login/input_CLAVE_loginpassword"), "MkG4/TYiCFC3cb2driP7+Q=="): Text ****** has been set on object 'Object Repository/Login/input_CLAVE_loginpassword'

2021-12-17 17:52:21 - [MESSAGE][PASSED] - Text ****** has been set on object 'Object Repository/Login/input_CLAVE_loginpassword'

2021-12-17 17:52:21 - [TEST_STEP][PASSED] - waitForElementClickable(findTestObject("Login/a_Ingresar"), G_TimeOut): Object 'Object Repository/Login/a_Ingresar' is clickable

2021-12-17 17:52:21 - [MESSAGE][PASSED] - Object 'Object Repository/Login/a_Ingresar' is clickable

2021-12-17 17:52:21 - [TEST_STEP][PASSED] - click(findTestObject("Login/a_Ingresar")): Object: 'Object Repository/Login/a_Ingresar' is clicked on

2021-12-17 17:52:34 - [MESSAGE][PASSED] - Object: 'Object Repository/Login/a_Ingresar' is clicked on

2021-12-17 17:52:34 - [TEST_STEP][PASSED] - element = findWebElement(findTestObject("Login/a_Ir"), 30): null

2021-12-17 17:52:34 - [TEST_STEP][PASSED] - executeJavaScript("arguments[0].click()", Arrays.asList(element)): Execute JavaScript 'arguments[0].click()' successfully

2021-12-17 17:52:34 - [MESSAGE][PASSED] - Execute JavaScript 'arguments[0].click()' successfully

2021-12-17 17:52:34 - [MESSAGE][PASSED] - Call Test Case 'Test Cases/0.1-Login' successfully

2021-12-17 17:52:34 - [TEST_STEP][PASSED] - waitForElementClickable(findTestObject("Modulo Tarea Administracion Compensacion/Crear Histórica Incapacidad/input_ADMINISTRADOR DEL SISTEMA - SARA_form_templatej_idt24_input"), 0): Object 'Object Repository/Modulo Tarea Administracion Compensacion/Crear Histórica Incapacidad/input_ADMINISTRADOR DEL SISTEMA - SARA_form_templatej_idt24_input' is clickable

2021-12-17 17:52:34 - [MESSAGE][WARNING] - Timeout '0' is invalid. Using default page load timeout: '30'

2021-12-17 17:52:45 - [MESSAGE][PASSED] - Object 'Object Repository/Modulo Tarea Administracion Compensacion/Crear Histórica Incapacidad/input_ADMINISTRADOR DEL SISTEMA - SARA_form_templatej_idt24_input' is clickable

2021-12-17 17:52:45 - [TEST_STEP][PASSED] - setText(findTestObject("Modulo Tarea Administracion Compensacion/Crear Histórica Incapacidad/input_ADMINISTRADOR DEL SISTEMA - SARA_form_templatej_idt24_input"), "Listado de empleados"): Text 'Listado de empleados' is set on object 'Object Repository/Modulo Tarea Administracion Compensacion/Crear Histórica Incapacidad/input_ADMINISTRADOR DEL SISTEMA - SARA_form_templatej_idt24_input'

2021-12-17 17:52:46 - [MESSAGE][PASSED] - Text 'Listado de empleados' is set on object 'Object Repository/Modulo Tarea Administracion Compensacion/Crear Histórica Incapacidad/input_ADMINISTRADOR DEL SISTEMA - SARA_form_templatej_idt24_input'

2021-12-17 17:52:46 - [TEST_STEP][PASSED] - waitForElementClickable(findTestObject("Modulo Tarea Administracion Compensacion/Crear Histórica Incapacidad/span_Listado de Empleados"), 0): Object 'Object Repository/Modulo Tarea Administracion Compensacion/Crear Histórica Incapacidad/span_Listado de Empleados' is clickable

2021-12-17 17:52:46 - [MESSAGE][WARNING] - Timeout '0' is invalid. Using default page load timeout: '30'

2021-12-17 17:52:47 - [MESSAGE][PASSED] - Object 'Object Repository/Modulo Tarea Administracion Compensacion/Crear Histórica Incapacidad/span_Listado de Empleados' is clickable

2021-12-17 17:52:47 - [TEST_STEP][PASSED] - sendKeys(findTestObject("Modulo Tarea Administracion Compensacion/Crear Histórica Incapacidad/input_ADMINISTRADOR DEL SISTEMA - SARA_form_templatej_idt24_input"), Keys.chord(ENTER)): Keys 'ENTER + ' sent to object: 'Object Repository/Modulo Tarea Administracion Compensacion/Crear Histórica Incapacidad/input_ADMINISTRADOR DEL SISTEMA - SARA_form_templatej_idt24_input'

2021-12-17 17:52:48 - [MESSAGE][PASSED] - Keys 'ENTER + ' sent to object: 'Object Repository/Modulo Tarea Administracion Compensacion/Crear Histórica Incapacidad/input_ADMINISTRADOR DEL SISTEMA - SARA_form_templatej_idt24_input'

2021-12-17 17:52:48 - [TEST_STEP][PASSED] - setText(findTestObject("Modulo Tarea Administracion Compensacion/Crear Histórica Incapacidad/input_Identificacin_1234567890"), "1234567890"): Text '1234567890' is set on object 'Object Repository/Modulo Tarea Administracion Compensacion/Crear Histórica Incapacidad/input_Identificacin_1234567890'

2021-12-17 17:53:00 - [MESSAGE][PASSED] - Text '1234567890' is set on object 'Object Repository/Modulo Tarea Administracion Compensacion/Crear Histórica Incapacidad/input_Identificacin_1234567890'

2021-12-17 17:53:00 - [TEST_STEP][PASSED] - sendKeys(findTestObject("Modulo Tarea Administracion Compensacion/Crear Histórica Incapacidad/input_Identificacin_1234567890"), Keys.chord(ENTER)): Keys 'ENTER + ' sent to object: 'Object Repository/Modulo Tarea Administracion Compensacion/Crear Histórica Incapacidad/input_Identificacin_1234567890'

2021-12-17 17:53:01 - [MESSAGE][PASSED] - Keys 'ENTER + ' sent to object: 'Object Repository/Modulo Tarea Administracion Compensacion/Crear Histórica Incapacidad/input_Identificacin_1234567890'

2021-12-17 17:53:01 - [TEST_STEP][PASSED] - click(findTestObject("Modulo Tarea Administracion Compensacion/Crear Histórica Incapacidad/span_Gomez Jose")): Object: 'Object Repository/Modulo Tarea Administracion Compensacion/Crear Histórica Incapacidad/span_Gomez Jose' is clicked on

2021-12-17 17:53:02 - [MESSAGE][PASSED] - Object: 'Object Repository/Modulo Tarea Administracion Compensacion/Crear Histórica Incapacidad/span_Gomez Jose' is clicked on

2021-12-17 17:53:02 - [TEST_STEP][PASSED] - click(findTestObject("Modulo Tarea Administracion Compensacion/Crear Histórica Incapacidad/a_Incapacidad")): Object: 'Object Repository/Modulo Tarea Administracion Compensacion/Crear Histórica Incapacidad/a_Incapacidad' is clicked on

2021-12-17 17:53:04 - [MESSAGE][PASSED] - Object: 'Object Repository/Modulo Tarea Administracion Compensacion/Crear Histórica Incapacidad/a_Incapacidad' is clicked on

2021-12-17 17:53:04 - [TEST_STEP][PASSED] - waitForElementClickable(findTestObject("Modulo Tarea Administracion Compensacion/Crear Histórica Incapacidad/a_Histrico_Pestaa"), 0): Object 'Object Repository/Modulo Tarea Administracion Compensacion/Crear Histórica Incapacidad/a_Histrico_Pestaa' is clickable

2021-12-17 17:53:04 - [MESSAGE][WARNING] - Timeout '0' is invalid. Using default page load timeout: '30'

2021-12-17 17:53:05 - [MESSAGE][PASSED] - Object 'Object Repository/Modulo Tarea Administracion Compensacion/Crear Histórica Incapacidad/a_Histrico_Pestaa' is clickable

2021-12-17 17:53:05 - [TEST_STEP][PASSED] - click(findTestObject("Modulo Tarea Administracion Compensacion/Crear Histórica Incapacidad/a_Histrico_Pestaa")): Object: 'Object Repository/Modulo Tarea Administracion Compensacion/Crear Histórica Incapacidad/a_Histrico_Pestaa' is clicked on

2021-12-17 17:53:05 - [MESSAGE][PASSED] - Object: 'Object Repository/Modulo Tarea Administracion Compensacion/Crear Histórica Incapacidad/a_Histrico_Pestaa' is clicked on

2021-12-17 17:53:05 - [TEST_STEP][PASSED] - if (waitForElementClickable(findTestObject("Modulo Tarea Administracion Compensacion/Crear Histórica Incapacidad/span_Enfermedad General 21"), 1)): Web element with id: 'Object Repository/Modulo Tarea Administracion Compensacion/Crear Histórica Incapacidad/span_Enfermedad General 21' located by '//*/text()[normalize-space(.)='ENFERMEDAD GENERAL 21']/parent::*' not found

2021-12-17 17:53:07 - [MESSAGE][INFO] - Unable to find the element located by 'By.xpath: //*/text()[normalize-space(.)='ENFERMEDAD GENERAL 21']/parent::*'. Please recheck the objects properties to make sure the desired element is located. 

2021-12-17 17:53:07 - [MESSAGE][WARNING] - Web element with id: 'Object Repository/Modulo Tarea Administracion Compensacion/Crear Histórica Incapacidad/span_Enfermedad General 21' located by '//*/text()[normalize-space(.)='ENFERMEDAD GENERAL 21']/parent::*' not found

2021-12-17 17:53:07 - [TEST_STEP][PASSED] - click(findTestObject("Modulo Tarea Administracion Compensacion/Crear Histórica Incapacidad/a_Nuevo")): Object: 'Object Repository/Modulo Tarea Administracion Compensacion/Crear Histórica Incapacidad/a_Nuevo' is clicked on

2021-12-17 17:53:08 - [MESSAGE][PASSED] - Object: 'Object Repository/Modulo Tarea Administracion Compensacion/Crear Histórica Incapacidad/a_Nuevo' is clicked on

2021-12-17 17:53:08 - [TEST_STEP][PASSED] - waitForElementClickable(findTestObject("Modulo Tarea Administracion Compensacion/Crear Histórica Incapacidad/span_Enfermedad General 21"), 0): Object 'Object Repository/Modulo Tarea Administracion Compensacion/Crear Histórica Incapacidad/span_Enfermedad General 21' is clickable

2021-12-17 17:53:08 - [MESSAGE][WARNING] - Timeout '0' is invalid. Using default page load timeout: '30'

2021-12-17 17:53:09 - [MESSAGE][PASSED] - Object 'Object Repository/Modulo Tarea Administracion Compensacion/Crear Histórica Incapacidad/span_Enfermedad General 21' is clickable

2021-12-17 17:53:09 - [TEST_STEP][PASSED] - click(findTestObject("Modulo Tarea Administracion Compensacion/Crear Histórica Incapacidad/span_Enfermedad General 21")): Object: 'Object Repository/Modulo Tarea Administracion Compensacion/Crear Histórica Incapacidad/span_Enfermedad General 21' is clicked on

2021-12-17 17:53:09 - [MESSAGE][PASSED] - Object: 'Object Repository/Modulo Tarea Administracion Compensacion/Crear Histórica Incapacidad/span_Enfermedad General 21' is clicked on

2021-12-17 17:53:09 - [TEST_STEP][PASSED] - click(findTestObject("Modulo Tarea Administracion Compensacion/Crear Histórica Incapacidad/label_NO")): Object: 'Object Repository/Modulo Tarea Administracion Compensacion/Crear Histórica Incapacidad/label_NO' is clicked on

2021-12-17 17:53:11 - [MESSAGE][PASSED] - Object: 'Object Repository/Modulo Tarea Administracion Compensacion/Crear Histórica Incapacidad/label_NO' is clicked on

2021-12-17 17:53:11 - [TEST_STEP][PASSED] - setText(findTestObject("Modulo Tarea Administracion Compensacion/Crear Histórica Incapacidad/input_Salida"), "01/01/2021"): Text '01/01/2021' is set on object 'Object Repository/Modulo Tarea Administracion Compensacion/Crear Histórica Incapacidad/input_Salida'

2021-12-17 17:53:12 - [MESSAGE][PASSED] - Text '01/01/2021' is set on object 'Object Repository/Modulo Tarea Administracion Compensacion/Crear Histórica Incapacidad/input_Salida'

2021-12-17 17:53:12 - [TEST_STEP][PASSED] - setText(findTestObject("Modulo Tarea Administracion Compensacion/Crear Histórica Incapacidad/input_Termina"), "02/01/2021"): Text '02/01/2021' is set on object 'Object Repository/Modulo Tarea Administracion Compensacion/Crear Histórica Incapacidad/input_Termina'

2021-12-17 17:53:13 - [MESSAGE][PASSED] - Text '02/01/2021' is set on object 'Object Repository/Modulo Tarea Administracion Compensacion/Crear Histórica Incapacidad/input_Termina'

2021-12-17 17:53:13 - [TEST_STEP][PASSED] - setText(findTestObject("Modulo Tarea Administracion Compensacion/Crear Histórica Incapacidad/input_Regreso"), "03/01/2021"): Text '03/01/2021' is set on object 'Object Repository/Modulo Tarea Administracion Compensacion/Crear Histórica Incapacidad/input_Regreso'

2021-12-17 17:53:14 - [MESSAGE][PASSED] - Text '03/01/2021' is set on object 'Object Repository/Modulo Tarea Administracion Compensacion/Crear Histórica Incapacidad/input_Regreso'

2021-12-17 17:53:14 - [TEST_STEP][PASSED] - setText(findTestObject("Modulo Tarea Administracion Compensacion/Crear Histórica Incapacidad/input_Salida Nomina"), "28/02/2021"): Text '28/02/2021' is set on object 'Object Repository/Modulo Tarea Administracion Compensacion/Crear Histórica Incapacidad/input_Salida Nomina'

2021-12-17 17:53:15 - [MESSAGE][PASSED] - Text '28/02/2021' is set on object 'Object Repository/Modulo Tarea Administracion Compensacion/Crear Histórica Incapacidad/input_Salida Nomina'

2021-12-17 17:53:15 - [TEST_STEP][PASSED] - setText(findTestObject("Modulo Tarea Administracion Compensacion/Crear Histórica Incapacidad/input_Regreso Nomina"), "02/03/2021"): Text '02/03/2021' is set on object 'Object Repository/Modulo Tarea Administracion Compensacion/Crear Histórica Incapacidad/input_Regreso Nomina'

2021-12-17 17:53:16 - [MESSAGE][PASSED] - Text '02/03/2021' is set on object 'Object Repository/Modulo Tarea Administracion Compensacion/Crear Histórica Incapacidad/input_Regreso Nomina'

2021-12-17 17:53:16 - [TEST_STEP][PASSED] - setText(findTestObject("Modulo Tarea Administracion Compensacion/Crear Histórica Incapacidad/input_Reales"), "2"): Text '2' is set on object 'Object Repository/Modulo Tarea Administracion Compensacion/Crear Histórica Incapacidad/input_Reales'

2021-12-17 17:53:17 - [MESSAGE][PASSED] - Text '2' is set on object 'Object Repository/Modulo Tarea Administracion Compensacion/Crear Histórica Incapacidad/input_Reales'

2021-12-17 17:53:17 - [TEST_STEP][PASSED] - setText(findTestObject("Modulo Tarea Administracion Compensacion/Crear Histórica Incapacidad/input_Horas Adicionales"), "500"): Text '500' is set on object 'Object Repository/Modulo Tarea Administracion Compensacion/Crear Histórica Incapacidad/input_Horas Adicionales'

2021-12-17 17:53:18 - [MESSAGE][PASSED] - Text '500' is set on object 'Object Repository/Modulo Tarea Administracion Compensacion/Crear Histórica Incapacidad/input_Horas Adicionales'

2021-12-17 17:53:18 - [TEST_STEP][PASSED] - setText(findTestObject("Modulo Tarea Administracion Compensacion/Crear Histórica Incapacidad/input_Das Acumulados"), "0"): Text '0' is set on object 'Object Repository/Modulo Tarea Administracion Compensacion/Crear Histórica Incapacidad/input_Das Acumulados'

2021-12-17 17:53:19 - [MESSAGE][PASSED] - Text '0' is set on object 'Object Repository/Modulo Tarea Administracion Compensacion/Crear Histórica Incapacidad/input_Das Acumulados'

2021-12-17 17:53:19 - [TEST_STEP][PASSED] - setText(findTestObject("Modulo Tarea Administracion Compensacion/Crear Histórica Incapacidad/input_Inicio_form_incapacidadesEmpleadotabsIncapacidadestabfechaInicioIng_input"), "01/01/2021"): Text '01/01/2021' is set on object 'Object Repository/Modulo Tarea Administracion Compensacion/Crear Histórica Incapacidad/input_Inicio_form_incapacidadesEmpleadotabsIncapacidadestabfechaInicioIng_input'

2021-12-17 17:53:20 - [MESSAGE][PASSED] - Text '01/01/2021' is set on object 'Object Repository/Modulo Tarea Administracion Compensacion/Crear Histórica Incapacidad/input_Inicio_form_incapacidadesEmpleadotabsIncapacidadestabfechaInicioIng_input'

2021-12-17 17:53:20 - [TEST_STEP][PASSED] - selectOptionByIndex(findTestObject("Modulo Tarea Administracion Compensacion/Crear Histórica Incapacidad/select_Entidad"), "11"): All options with index in [11] are selected on object 'Object Repository/Modulo Tarea Administracion Compensacion/Crear Histórica Incapacidad/select_Entidad'

2021-12-17 17:53:21 - [MESSAGE][PASSED] - All options with index in [11] are selected on object 'Object Repository/Modulo Tarea Administracion Compensacion/Crear Histórica Incapacidad/select_Entidad'

2021-12-17 17:53:21 - [TEST_STEP][PASSED] - setText(findTestObject("Modulo Tarea Administracion Compensacion/Crear Histórica Incapacidad/textarea_Observacin"), "PRUEBA"): Text 'PRUEBA' is set on object 'Object Repository/Modulo Tarea Administracion Compensacion/Crear Histórica Incapacidad/textarea_Observacin'

2021-12-17 17:53:22 - [MESSAGE][PASSED] - Text 'PRUEBA' is set on object 'Object Repository/Modulo Tarea Administracion Compensacion/Crear Histórica Incapacidad/textarea_Observacin'

2021-12-17 17:53:22 - [TEST_STEP][PASSED] - click(findTestObject("Modulo Tarea Administracion Compensacion/Crear Histórica Incapacidad/a_Guardar")): Object: 'Object Repository/Modulo Tarea Administracion Compensacion/Crear Histórica Incapacidad/a_Guardar' is clicked on

2021-12-17 17:53:22 - [MESSAGE][PASSED] - Object: 'Object Repository/Modulo Tarea Administracion Compensacion/Crear Histórica Incapacidad/a_Guardar' is clicked on

2021-12-17 17:53:22 - [TEST_STEP][PASSED] - getText(findTestObject("Alerta/Alerta")): Text of object 'Object Repository/Alerta/Alerta' is: 'Se adicionó el registro...'

2021-12-17 17:53:24 - [MESSAGE][PASSED] - Text of object 'Object Repository/Alerta/Alerta' is: 'Se adicionó el registro...'

2021-12-17 17:53:24 - [TEST_STEP][PASSED] - waitForElementClickable(findTestObject("Modulo Tarea Administracion Compensacion/Crear Histórica Incapacidad/a_Eliminar_Incapacidad"), 0): Object 'Object Repository/Modulo Tarea Administracion Compensacion/Crear Histórica Incapacidad/a_Eliminar_Incapacidad' is clickable

2021-12-17 17:53:24 - [MESSAGE][WARNING] - Timeout '0' is invalid. Using default page load timeout: '30'

2021-12-17 17:53:24 - [MESSAGE][PASSED] - Object 'Object Repository/Modulo Tarea Administracion Compensacion/Crear Histórica Incapacidad/a_Eliminar_Incapacidad' is clickable

2021-12-17 17:53:24 - [TEST_STEP][PASSED] - click(findTestObject("Modulo Tarea Administracion Compensacion/Crear Histórica Incapacidad/a_Eliminar_Incapacidad")): Object: 'Object Repository/Modulo Tarea Administracion Compensacion/Crear Histórica Incapacidad/a_Eliminar_Incapacidad' is clicked on

2021-12-17 17:53:25 - [MESSAGE][PASSED] - Object: 'Object Repository/Modulo Tarea Administracion Compensacion/Crear Histórica Incapacidad/a_Eliminar_Incapacidad' is clicked on

2021-12-17 17:53:25 - [TEST_STEP][PASSED] - click(findTestObject("Modulo Tarea Administracion Compensacion/Crear Histórica Incapacidad/a_Aceptar_Eliminar_Incapacidad")): Object: 'Object Repository/Modulo Tarea Administracion Compensacion/Crear Histórica Incapacidad/a_Aceptar_Eliminar_Incapacidad' is clicked on

2021-12-17 17:53:38 - [MESSAGE][PASSED] - Object: 'Object Repository/Modulo Tarea Administracion Compensacion/Crear Histórica Incapacidad/a_Aceptar_Eliminar_Incapacidad' is clicked on

2021-12-17 17:53:38 - [TEST_STEP][PASSED] - closeBrowser(): Browser is closed

2021-12-17 17:53:39 - [MESSAGE][PASSED] - Browser is closed]]></system-out>
         <system-err><![CDATA[]]></system-err>
      </testcase>
      <testcase name="Test Cases/1.1-Tareas Principales/1.2.4-Incapacidad" time="102.264" classname="Test Cases/1.1-Tareas Principales/1.2.4-Incapacidad" status="PASSED">
         <system-out><![CDATA[2021-12-17 17:53:39 - [TEST_CASE][PASSED] - Test Cases/1.1-Tareas Principales/1.2.4-Incapacidad: Test Cases/1.1-Tareas Principales/1.2.4-Incapacidad

2021-12-17 17:53:39 - [TEST_STEP][PASSED] - callTestCase(findTestCase("Hutilidades/Tareas Administracion Compensacion/Tarea Listado Empleados"), [:], STOP_ON_FAILURE): Call Test Case 'Test Cases/Hutilidades/Tareas Administracion Compensacion/Tarea Listado Empleados' successfully

2021-12-17 17:53:39 - [TEST_CASE][PASSED] - Test Cases/Hutilidades/Tareas Administracion Compensacion/Tarea Listado Empleados: Test Cases/Hutilidades/Tareas Administracion Compensacion/Tarea Listado Empleados

2021-12-17 17:53:39 - [TEST_STEP][PASSED] - callTestCase(findTestCase("0.1-Login"), [:], STOP_ON_FAILURE): Call Test Case 'Test Cases/0.1-Login' successfully

2021-12-17 17:53:39 - [TEST_CASE][PASSED] - Test Cases/0.1-Login: Test Cases/0.1-Login

2021-12-17 17:53:39 - [TEST_STEP][PASSED] - openBrowser(""): Browser is opened with url: ''

2021-12-17 17:53:39 - [MESSAGE][INFO] - Starting 'Chrome' driver

2021-12-17 17:53:39 - [MESSAGE][INFO] - Action delay is set to 0 milliseconds

2021-12-17 17:53:41 - [MESSAGE][PASSED] - Browser is opened with url: ''

2021-12-17 17:53:41 - [TEST_STEP][PASSED] - maximizeWindow(): Current window maximized

2021-12-17 17:53:41 - [MESSAGE][PASSED] - Current window maximized

2021-12-17 17:53:41 - [TEST_STEP][PASSED] - i = G_Login: null

2021-12-17 17:53:41 - [TEST_STEP][PASSED] - url = new java.net.URL(i): null

2021-12-17 17:53:41 - [TEST_STEP][PASSED] - println("URL: " + url.toString()): null

2021-12-17 17:53:41 - [TEST_STEP][PASSED] - connection = url.openConnection(): null

2021-12-17 17:53:41 - [TEST_STEP][PASSED] - connection.setRequestMethod("GET"): null

2021-12-17 17:53:41 - [TEST_STEP][PASSED] - connection.setReadTimeout(2 * 1000): null

2021-12-17 17:53:41 - [TEST_STEP][PASSED] - try: null

2021-12-17 17:53:41 - [TEST_STEP][PASSED] - connection.connect(): null

2021-12-17 17:53:41 - [TEST_STEP][PASSED] - flag = connected: null

2021-12-17 17:53:41 - [TEST_STEP][PASSED] - println("Valor_ori: " + flag): null

2021-12-17 17:53:41 - [TEST_STEP][PASSED] - if (flag): null

2021-12-17 17:53:41 - [TEST_STEP][PASSED] - navigateToUrl(i): Navigate to 'http://192.168.2.29:7001/saraweb' successfully

2021-12-17 17:53:48 - [MESSAGE][PASSED] - Navigate to 'http://192.168.2.29:7001/saraweb' successfully

2021-12-17 17:53:48 - [TEST_STEP][PASSED] - a(): null

2021-12-17 17:53:48 - [TEST_STEP][PASSED] - setText(findTestObject("Login/input_USUARIO_loginusuario"), G_Usuario): Text 'weblogic' is set on object 'Object Repository/Login/input_USUARIO_loginusuario'

2021-12-17 17:53:48 - [MESSAGE][PASSED] - Text 'weblogic' is set on object 'Object Repository/Login/input_USUARIO_loginusuario'

2021-12-17 17:53:48 - [TEST_STEP][PASSED] - setEncryptedText(findTestObject("Login/input_CLAVE_loginpassword"), "MkG4/TYiCFC3cb2driP7+Q=="): Text ****** has been set on object 'Object Repository/Login/input_CLAVE_loginpassword'

2021-12-17 17:53:49 - [MESSAGE][PASSED] - Text ****** has been set on object 'Object Repository/Login/input_CLAVE_loginpassword'

2021-12-17 17:53:49 - [TEST_STEP][PASSED] - waitForElementClickable(findTestObject("Login/a_Ingresar"), G_TimeOut): Object 'Object Repository/Login/a_Ingresar' is clickable

2021-12-17 17:53:49 - [MESSAGE][PASSED] - Object 'Object Repository/Login/a_Ingresar' is clickable

2021-12-17 17:53:49 - [TEST_STEP][PASSED] - click(findTestObject("Login/a_Ingresar")): Object: 'Object Repository/Login/a_Ingresar' is clicked on

2021-12-17 17:54:01 - [MESSAGE][PASSED] - Object: 'Object Repository/Login/a_Ingresar' is clicked on

2021-12-17 17:54:01 - [TEST_STEP][PASSED] - element = findWebElement(findTestObject("Login/a_Ir"), 30): null

2021-12-17 17:54:01 - [TEST_STEP][PASSED] - executeJavaScript("arguments[0].click()", Arrays.asList(element)): Execute JavaScript 'arguments[0].click()' successfully

2021-12-17 17:54:01 - [MESSAGE][PASSED] - Execute JavaScript 'arguments[0].click()' successfully

2021-12-17 17:54:01 - [MESSAGE][PASSED] - Call Test Case 'Test Cases/0.1-Login' successfully

2021-12-17 17:54:01 - [TEST_STEP][PASSED] - setText(findTestObject("Modulo Tarea Listado Hojas de Vida/Tareas Listado Hojas de Vida/input_Listado Hojas De Vida_form_templatej_idt24_input"), "Listado de Empleados"): Text 'Listado de Empleados' is set on object 'Object Repository/Modulo Tarea Listado Hojas de Vida/Tareas Listado Hojas de Vida/input_Listado Hojas De Vida_form_templatej_idt24_input'

2021-12-17 17:54:12 - [MESSAGE][PASSED] - Text 'Listado de Empleados' is set on object 'Object Repository/Modulo Tarea Listado Hojas de Vida/Tareas Listado Hojas de Vida/input_Listado Hojas De Vida_form_templatej_idt24_input'

2021-12-17 17:54:12 - [TEST_STEP][PASSED] - delay(3): Delayed 3 second(s)

2021-12-17 17:54:15 - [MESSAGE][PASSED] - Delayed 3 second(s)

2021-12-17 17:54:15 - [TEST_STEP][PASSED] - sendKeys(findTestObject("Modulo Tarea Listado Hojas de Vida/Tareas Listado Hojas de Vida/input_Listado Hojas De Vida_form_templatej_idt24_input"), Keys.chord(ENTER)): Keys 'ENTER + ' sent to object: 'Object Repository/Modulo Tarea Listado Hojas de Vida/Tareas Listado Hojas de Vida/input_Listado Hojas De Vida_form_templatej_idt24_input'

2021-12-17 17:54:16 - [MESSAGE][PASSED] - Keys 'ENTER + ' sent to object: 'Object Repository/Modulo Tarea Listado Hojas de Vida/Tareas Listado Hojas de Vida/input_Listado Hojas De Vida_form_templatej_idt24_input'

2021-12-17 17:54:16 - [MESSAGE][PASSED] - Call Test Case 'Test Cases/Hutilidades/Tareas Administracion Compensacion/Tarea Listado Empleados' successfully

2021-12-17 17:54:16 - [TEST_STEP][PASSED] - waitForElementClickable(findTestObject("Modulo Tarea Administracion Compensacion/Incapacidad/input_Identificacin_listadoEmp"), 0): Object 'Object Repository/Modulo Tarea Administracion Compensacion/Incapacidad/input_Identificacin_listadoEmp' is clickable

2021-12-17 17:54:16 - [MESSAGE][WARNING] - Timeout '0' is invalid. Using default page load timeout: '30'

2021-12-17 17:54:28 - [MESSAGE][PASSED] - Object 'Object Repository/Modulo Tarea Administracion Compensacion/Incapacidad/input_Identificacin_listadoEmp' is clickable

2021-12-17 17:54:28 - [TEST_STEP][PASSED] - setText(findTestObject("Modulo Tarea Administracion Compensacion/Incapacidad/input_Identificacin_listadoEmp"), "1234567890"): Text '1234567890' is set on object 'Object Repository/Modulo Tarea Administracion Compensacion/Incapacidad/input_Identificacin_listadoEmp'

2021-12-17 17:54:29 - [MESSAGE][PASSED] - Text '1234567890' is set on object 'Object Repository/Modulo Tarea Administracion Compensacion/Incapacidad/input_Identificacin_listadoEmp'

2021-12-17 17:54:29 - [TEST_STEP][PASSED] - sendKeys(findTestObject("Modulo Tarea Administracion Compensacion/Incapacidad/input_Identificacin_listadoEmp"), Keys.chord(ENTER)): Keys 'ENTER + ' sent to object: 'Object Repository/Modulo Tarea Administracion Compensacion/Incapacidad/input_Identificacin_listadoEmp'

2021-12-17 17:54:29 - [MESSAGE][PASSED] - Keys 'ENTER + ' sent to object: 'Object Repository/Modulo Tarea Administracion Compensacion/Incapacidad/input_Identificacin_listadoEmp'

2021-12-17 17:54:29 - [TEST_STEP][PASSED] - click(findTestObject("Modulo Tarea Administracion Compensacion/Incapacidad/span_CONSTA BELFEGORD JHON")): Object: 'Object Repository/Modulo Tarea Administracion Compensacion/Incapacidad/span_CONSTA BELFEGORD JHON' is clicked on

2021-12-17 17:54:30 - [MESSAGE][PASSED] - Object: 'Object Repository/Modulo Tarea Administracion Compensacion/Incapacidad/span_CONSTA BELFEGORD JHON' is clicked on

2021-12-17 17:54:30 - [TEST_STEP][PASSED] - click(findTestObject("Modulo Tarea Administracion Compensacion/Incapacidad/a_Licencia")): Object: 'Object Repository/Modulo Tarea Administracion Compensacion/Incapacidad/a_Licencia' is clicked on

2021-12-17 17:54:31 - [MESSAGE][PASSED] - Object: 'Object Repository/Modulo Tarea Administracion Compensacion/Incapacidad/a_Licencia' is clicked on

2021-12-17 17:54:31 - [TEST_STEP][PASSED] - if (waitForElementClickable(findTestObject("Modulo Tarea Administracion Compensacion/Incapacidad/td_Licencia Remunerada"), 1)): Web element with id: 'Object Repository/Modulo Tarea Administracion Compensacion/Incapacidad/td_Licencia Remunerada' located by '//*/text()[normalize-space(.)='Licencia Remunerada']/parent::*' not found

2021-12-17 17:54:34 - [MESSAGE][INFO] - Unable to find the element located by 'By.xpath: //*/text()[normalize-space(.)='Licencia Remunerada']/parent::*'. Please recheck the objects properties to make sure the desired element is located. 

2021-12-17 17:54:34 - [MESSAGE][WARNING] - Web element with id: 'Object Repository/Modulo Tarea Administracion Compensacion/Incapacidad/td_Licencia Remunerada' located by '//*/text()[normalize-space(.)='Licencia Remunerada']/parent::*' not found

2021-12-17 17:54:34 - [TEST_STEP][PASSED] - if (waitForElementClickable(findTestObject("Modulo Tarea Administracion Compensacion/Incapacidad/td_Licencia No Remunerada"), 1)): Web element with id: 'Object Repository/Modulo Tarea Administracion Compensacion/Incapacidad/td_Licencia No Remunerada' located by '//*/text()[normalize-space(.)='Licencia No Remunerada']/parent::*' not found

2021-12-17 17:54:36 - [MESSAGE][INFO] - Unable to find the element located by 'By.xpath: //*/text()[normalize-space(.)='Licencia No Remunerada']/parent::*'. Please recheck the objects properties to make sure the desired element is located. 

2021-12-17 17:54:36 - [MESSAGE][WARNING] - Web element with id: 'Object Repository/Modulo Tarea Administracion Compensacion/Incapacidad/td_Licencia No Remunerada' located by '//*/text()[normalize-space(.)='Licencia No Remunerada']/parent::*' not found

2021-12-17 17:54:36 - [TEST_STEP][PASSED] - click(findTestObject("Modulo Tarea Administracion Compensacion/Incapacidad/a_Incapacidad")): Object: 'Object Repository/Modulo Tarea Administracion Compensacion/Incapacidad/a_Incapacidad' is clicked on

2021-12-17 17:54:36 - [MESSAGE][PASSED] - Object: 'Object Repository/Modulo Tarea Administracion Compensacion/Incapacidad/a_Incapacidad' is clicked on

2021-12-17 17:54:36 - [TEST_STEP][PASSED] - waitForElementClickable(findTestObject("Modulo Tarea Administracion Compensacion/Incapacidad/span_Nuevo"), 0): Object 'Object Repository/Modulo Tarea Administracion Compensacion/Incapacidad/span_Nuevo' is clickable

2021-12-17 17:54:36 - [MESSAGE][WARNING] - Timeout '0' is invalid. Using default page load timeout: '30'

2021-12-17 17:54:38 - [MESSAGE][PASSED] - Object 'Object Repository/Modulo Tarea Administracion Compensacion/Incapacidad/span_Nuevo' is clickable

2021-12-17 17:54:38 - [TEST_STEP][PASSED] - click(findTestObject("Modulo Tarea Administracion Compensacion/Incapacidad/span_Nuevo")): Object: 'Object Repository/Modulo Tarea Administracion Compensacion/Incapacidad/span_Nuevo' is clicked on

2021-12-17 17:54:39 - [MESSAGE][PASSED] - Object: 'Object Repository/Modulo Tarea Administracion Compensacion/Incapacidad/span_Nuevo' is clicked on

2021-12-17 17:54:39 - [TEST_STEP][PASSED] - waitForElementClickable(findTestObject("Modulo Tarea Administracion Compensacion/Incapacidad/span_ENFERMEDAD GENERAL 21"), 0): Object 'Object Repository/Modulo Tarea Administracion Compensacion/Incapacidad/span_ENFERMEDAD GENERAL 21' is clickable

2021-12-17 17:54:39 - [MESSAGE][WARNING] - Timeout '0' is invalid. Using default page load timeout: '30'

2021-12-17 17:54:40 - [MESSAGE][PASSED] - Object 'Object Repository/Modulo Tarea Administracion Compensacion/Incapacidad/span_ENFERMEDAD GENERAL 21' is clickable

2021-12-17 17:54:40 - [TEST_STEP][PASSED] - click(findTestObject("Modulo Tarea Administracion Compensacion/Incapacidad/span_ENFERMEDAD GENERAL 21")): Object: 'Object Repository/Modulo Tarea Administracion Compensacion/Incapacidad/span_ENFERMEDAD GENERAL 21' is clicked on

2021-12-17 17:54:40 - [MESSAGE][PASSED] - Object: 'Object Repository/Modulo Tarea Administracion Compensacion/Incapacidad/span_ENFERMEDAD GENERAL 21' is clicked on

2021-12-17 17:54:40 - [TEST_STEP][PASSED] - click(findTestObject("Modulo Tarea Administracion Compensacion/Incapacidad/a_Histrico")): Object: 'Object Repository/Modulo Tarea Administracion Compensacion/Incapacidad/a_Histrico' is clicked on

2021-12-17 17:54:42 - [MESSAGE][PASSED] - Object: 'Object Repository/Modulo Tarea Administracion Compensacion/Incapacidad/a_Histrico' is clicked on

2021-12-17 17:54:42 - [TEST_STEP][PASSED] - if (waitForElementClickable(findTestObject("Modulo Tarea Administracion Compensacion/Incapacidad/span_Enfermedad General 21_Historico"), 1)): null

2021-12-17 17:54:43 - [MESSAGE][PASSED] - Object 'Object Repository/Modulo Tarea Administracion Compensacion/Incapacidad/span_Enfermedad General 21_Historico' is clickable

2021-12-17 17:54:43 - [TEST_STEP][PASSED] - click(findTestObject("Modulo Tarea Administracion Compensacion/Incapacidad/span_Enfermedad General 21_Historico")): Object: 'Object Repository/Modulo Tarea Administracion Compensacion/Incapacidad/span_Enfermedad General 21_Historico' is clicked on

2021-12-17 17:54:44 - [MESSAGE][PASSED] - Object: 'Object Repository/Modulo Tarea Administracion Compensacion/Incapacidad/span_Enfermedad General 21_Historico' is clicked on

2021-12-17 17:54:44 - [TEST_STEP][PASSED] - waitForElementClickable(findTestObject("Modulo Tarea Administracion Compensacion/Incapacidad/a_Eliminar"), 0): Object 'Object Repository/Modulo Tarea Administracion Compensacion/Incapacidad/a_Eliminar' is clickable

2021-12-17 17:54:44 - [MESSAGE][WARNING] - Timeout '0' is invalid. Using default page load timeout: '30'

2021-12-17 17:54:45 - [MESSAGE][PASSED] - Object 'Object Repository/Modulo Tarea Administracion Compensacion/Incapacidad/a_Eliminar' is clickable

2021-12-17 17:54:45 - [TEST_STEP][PASSED] - click(findTestObject("Modulo Tarea Administracion Compensacion/Incapacidad/a_Eliminar")): Object: 'Object Repository/Modulo Tarea Administracion Compensacion/Incapacidad/a_Eliminar' is clicked on

2021-12-17 17:54:45 - [MESSAGE][PASSED] - Object: 'Object Repository/Modulo Tarea Administracion Compensacion/Incapacidad/a_Eliminar' is clicked on

2021-12-17 17:54:45 - [TEST_STEP][PASSED] - click(findTestObject("Modulo Tarea Administracion Compensacion/Incapacidad/a_Aceptar")): Object: 'Object Repository/Modulo Tarea Administracion Compensacion/Incapacidad/a_Aceptar' is clicked on

2021-12-17 17:54:59 - [MESSAGE][PASSED] - Object: 'Object Repository/Modulo Tarea Administracion Compensacion/Incapacidad/a_Aceptar' is clicked on

2021-12-17 17:54:59 - [TEST_STEP][PASSED] - click(findTestObject("Modulo Tarea Administracion Compensacion/Incapacidad/a_Incapacidad_pestaa")): Object: 'Object Repository/Modulo Tarea Administracion Compensacion/Incapacidad/a_Incapacidad_pestaa' is clicked on

2021-12-17 17:54:59 - [MESSAGE][PASSED] - Object: 'Object Repository/Modulo Tarea Administracion Compensacion/Incapacidad/a_Incapacidad_pestaa' is clicked on

2021-12-17 17:54:59 - [TEST_STEP][PASSED] - waitForElementClickable(findTestObject("Modulo Tarea Administracion Compensacion/Incapacidad/span_Nuevo"), 0): Object 'Object Repository/Modulo Tarea Administracion Compensacion/Incapacidad/span_Nuevo' is clickable

2021-12-17 17:54:59 - [MESSAGE][WARNING] - Timeout '0' is invalid. Using default page load timeout: '30'

2021-12-17 17:55:00 - [MESSAGE][PASSED] - Object 'Object Repository/Modulo Tarea Administracion Compensacion/Incapacidad/span_Nuevo' is clickable

2021-12-17 17:55:00 - [TEST_STEP][PASSED] - click(findTestObject("Modulo Tarea Administracion Compensacion/Incapacidad/span_Nuevo")): Object: 'Object Repository/Modulo Tarea Administracion Compensacion/Incapacidad/span_Nuevo' is clicked on

2021-12-17 17:55:01 - [MESSAGE][PASSED] - Object: 'Object Repository/Modulo Tarea Administracion Compensacion/Incapacidad/span_Nuevo' is clicked on

2021-12-17 17:55:01 - [TEST_STEP][PASSED] - waitForElementClickable(findTestObject("Modulo Tarea Administracion Compensacion/Incapacidad/span_ENFERMEDAD GENERAL 21"), 0): Object 'Object Repository/Modulo Tarea Administracion Compensacion/Incapacidad/span_ENFERMEDAD GENERAL 21' is clickable

2021-12-17 17:55:01 - [MESSAGE][WARNING] - Timeout '0' is invalid. Using default page load timeout: '30'

2021-12-17 17:55:02 - [MESSAGE][PASSED] - Object 'Object Repository/Modulo Tarea Administracion Compensacion/Incapacidad/span_ENFERMEDAD GENERAL 21' is clickable

2021-12-17 17:55:02 - [TEST_STEP][PASSED] - click(findTestObject("Modulo Tarea Administracion Compensacion/Incapacidad/span_ENFERMEDAD GENERAL 21")): Object: 'Object Repository/Modulo Tarea Administracion Compensacion/Incapacidad/span_ENFERMEDAD GENERAL 21' is clicked on

2021-12-17 17:55:03 - [MESSAGE][PASSED] - Object: 'Object Repository/Modulo Tarea Administracion Compensacion/Incapacidad/span_ENFERMEDAD GENERAL 21' is clicked on

2021-12-17 17:55:03 - [TEST_STEP][PASSED] - waitForElementClickable(findTestObject("Modulo Tarea Administracion Compensacion/Incapacidad/a_Incapacidad_pestaa"), 0): Object 'Object Repository/Modulo Tarea Administracion Compensacion/Incapacidad/a_Incapacidad_pestaa' is clickable

2021-12-17 17:55:03 - [MESSAGE][WARNING] - Timeout '0' is invalid. Using default page load timeout: '30'

2021-12-17 17:55:05 - [MESSAGE][PASSED] - Object 'Object Repository/Modulo Tarea Administracion Compensacion/Incapacidad/a_Incapacidad_pestaa' is clickable

2021-12-17 17:55:05 - [TEST_STEP][PASSED] - click(findTestObject("Modulo Tarea Administracion Compensacion/Incapacidad/a_Incapacidad_pestaa")): Object: 'Object Repository/Modulo Tarea Administracion Compensacion/Incapacidad/a_Incapacidad_pestaa' is clicked on

2021-12-17 17:55:05 - [MESSAGE][PASSED] - Object: 'Object Repository/Modulo Tarea Administracion Compensacion/Incapacidad/a_Incapacidad_pestaa' is clicked on

2021-12-17 17:55:05 - [TEST_STEP][PASSED] - setText(findTestObject("Modulo Tarea Administracion Compensacion/Incapacidad/input_Fecha Salida _form_incap"), "01/01/2021"): Text '01/01/2021' is set on object 'Object Repository/Modulo Tarea Administracion Compensacion/Incapacidad/input_Fecha Salida _form_incap'

2021-12-17 17:55:06 - [MESSAGE][PASSED] - Text '01/01/2021' is set on object 'Object Repository/Modulo Tarea Administracion Compensacion/Incapacidad/input_Fecha Salida _form_incap'

2021-12-17 17:55:06 - [TEST_STEP][PASSED] - setText(findTestObject("Modulo Tarea Administracion Compensacion/Incapacidad/input_Fecha Salida Nomina_form"), "28/02/2021"): Text '28/02/2021' is set on object 'Object Repository/Modulo Tarea Administracion Compensacion/Incapacidad/input_Fecha Salida Nomina_form'

2021-12-17 17:55:07 - [MESSAGE][PASSED] - Text '28/02/2021' is set on object 'Object Repository/Modulo Tarea Administracion Compensacion/Incapacidad/input_Fecha Salida Nomina_form'

2021-12-17 17:55:07 - [TEST_STEP][PASSED] - click(findTestObject("Modulo Tarea Administracion Compensacion/Incapacidad/input_Prorroga_form_incapacida")): Object: 'Object Repository/Modulo Tarea Administracion Compensacion/Incapacidad/input_Prorroga_form_incapacida' is clicked on

2021-12-17 17:55:08 - [MESSAGE][PASSED] - Object: 'Object Repository/Modulo Tarea Administracion Compensacion/Incapacidad/input_Prorroga_form_incapacida' is clicked on

2021-12-17 17:55:08 - [TEST_STEP][PASSED] - setText(findTestObject("Modulo Tarea Administracion Compensacion/Incapacidad/textarea_Observacin_form_incap"), "aaaa"): Text 'aaaa' is set on object 'Object Repository/Modulo Tarea Administracion Compensacion/Incapacidad/textarea_Observacin_form_incap'

2021-12-17 17:55:08 - [MESSAGE][PASSED] - Text 'aaaa' is set on object 'Object Repository/Modulo Tarea Administracion Compensacion/Incapacidad/textarea_Observacin_form_incap'

2021-12-17 17:55:08 - [TEST_STEP][PASSED] - setText(findTestObject("Modulo Tarea Administracion Compensacion/Incapacidad/input_Das Ausentismo_form_inca"), "2"): Text '2' is set on object 'Object Repository/Modulo Tarea Administracion Compensacion/Incapacidad/input_Das Ausentismo_form_inca'

2021-12-17 17:55:09 - [MESSAGE][PASSED] - Text '2' is set on object 'Object Repository/Modulo Tarea Administracion Compensacion/Incapacidad/input_Das Ausentismo_form_inca'

2021-12-17 17:55:09 - [TEST_STEP][PASSED] - setText(findTestObject("Modulo Tarea Administracion Compensacion/Incapacidad/textarea_Area_form_incapacidad"), "bbbb"): Text 'bbbb' is set on object 'Object Repository/Modulo Tarea Administracion Compensacion/Incapacidad/textarea_Area_form_incapacidad'

2021-12-17 17:55:10 - [MESSAGE][PASSED] - Text 'bbbb' is set on object 'Object Repository/Modulo Tarea Administracion Compensacion/Incapacidad/textarea_Area_form_incapacidad'

2021-12-17 17:55:10 - [TEST_STEP][PASSED] - setText(findTestObject("Modulo Tarea Administracion Compensacion/Incapacidad/input_Horas adicionales_form_incapacidades"), "0500"): Text '0500' is set on object 'Object Repository/Modulo Tarea Administracion Compensacion/Incapacidad/input_Horas adicionales_form_incapacidades'

2021-12-17 17:55:10 - [MESSAGE][PASSED] - Text '0500' is set on object 'Object Repository/Modulo Tarea Administracion Compensacion/Incapacidad/input_Horas adicionales_form_incapacidades'

2021-12-17 17:55:10 - [TEST_STEP][PASSED] - setText(findTestObject("Modulo Tarea Administracion Compensacion/Incapacidad/input_diagnostico_form_incapacidad"), "cccc"): Text 'cccc' is set on object 'Object Repository/Modulo Tarea Administracion Compensacion/Incapacidad/input_diagnostico_form_incapacidad'

2021-12-17 17:55:11 - [MESSAGE][PASSED] - Text 'cccc' is set on object 'Object Repository/Modulo Tarea Administracion Compensacion/Incapacidad/input_diagnostico_form_incapacidad'

2021-12-17 17:55:11 - [TEST_STEP][PASSED] - setText(findTestObject("Modulo Tarea Administracion Compensacion/Incapacidad/input_Fecha 1_form_incapacidad"), "15/01/2021"): Text '15/01/2021' is set on object 'Object Repository/Modulo Tarea Administracion Compensacion/Incapacidad/input_Fecha 1_form_incapacidad'

2021-12-17 17:55:12 - [MESSAGE][PASSED] - Text '15/01/2021' is set on object 'Object Repository/Modulo Tarea Administracion Compensacion/Incapacidad/input_Fecha 1_form_incapacidad'

2021-12-17 17:55:12 - [TEST_STEP][PASSED] - setText(findTestObject("Modulo Tarea Administracion Compensacion/Incapacidad/input_diagnostico_form_incapacidades2"), "aaa"): Text 'aaa' is set on object 'Object Repository/Modulo Tarea Administracion Compensacion/Incapacidad/input_diagnostico_form_incapacidades2'

2021-12-17 17:55:13 - [MESSAGE][PASSED] - Text 'aaa' is set on object 'Object Repository/Modulo Tarea Administracion Compensacion/Incapacidad/input_diagnostico_form_incapacidades2'

2021-12-17 17:55:13 - [TEST_STEP][PASSED] - click(findTestObject("Modulo Tarea Administracion Compensacion/Incapacidad/a__form_incapacidadesEmpleadoj")): Object: 'Object Repository/Modulo Tarea Administracion Compensacion/Incapacidad/a__form_incapacidadesEmpleadoj' is clicked on

2021-12-17 17:55:13 - [MESSAGE][PASSED] - Object: 'Object Repository/Modulo Tarea Administracion Compensacion/Incapacidad/a__form_incapacidadesEmpleadoj' is clicked on

2021-12-17 17:55:13 - [TEST_STEP][PASSED] - click(findTestObject("Modulo Tarea Administracion Compensacion/Incapacidad/td_OTRAS INFECCIONES ESPECIFICADAS")): Object: 'Object Repository/Modulo Tarea Administracion Compensacion/Incapacidad/td_OTRAS INFECCIONES ESPECIFICADAS' is clicked on

2021-12-17 17:55:15 - [MESSAGE][PASSED] - Object: 'Object Repository/Modulo Tarea Administracion Compensacion/Incapacidad/td_OTRAS INFECCIONES ESPECIFICADAS' is clicked on

2021-12-17 17:55:15 - [TEST_STEP][PASSED] - waitForElementClickable(findTestObject("Modulo Tarea Administracion Compensacion/Incapacidad/a__form_incapacidadesEmpleadoj_1"), 0): Object 'Object Repository/Modulo Tarea Administracion Compensacion/Incapacidad/a__form_incapacidadesEmpleadoj_1' is clickable

2021-12-17 17:55:15 - [MESSAGE][WARNING] - Timeout '0' is invalid. Using default page load timeout: '30'

2021-12-17 17:55:16 - [MESSAGE][PASSED] - Object 'Object Repository/Modulo Tarea Administracion Compensacion/Incapacidad/a__form_incapacidadesEmpleadoj_1' is clickable

2021-12-17 17:55:16 - [TEST_STEP][PASSED] - click(findTestObject("Modulo Tarea Administracion Compensacion/Incapacidad/a__form_incapacidadesEmpleadoj_1")): Object: 'Object Repository/Modulo Tarea Administracion Compensacion/Incapacidad/a__form_incapacidadesEmpleadoj_1' is clicked on

2021-12-17 17:55:17 - [MESSAGE][PASSED] - Object: 'Object Repository/Modulo Tarea Administracion Compensacion/Incapacidad/a__form_incapacidadesEmpleadoj_1' is clicked on

2021-12-17 17:55:17 - [TEST_STEP][PASSED] - click(findTestObject("Modulo Tarea Administracion Compensacion/Incapacidad/td_Diagnostico-Seguridad y Salud en el Trabajo")): Object: 'Object Repository/Modulo Tarea Administracion Compensacion/Incapacidad/td_Diagnostico-Seguridad y Salud en el Trabajo' is clicked on

2021-12-17 17:55:18 - [MESSAGE][PASSED] - Object: 'Object Repository/Modulo Tarea Administracion Compensacion/Incapacidad/td_Diagnostico-Seguridad y Salud en el Trabajo' is clicked on

2021-12-17 17:55:18 - [TEST_STEP][PASSED] - waitForElementClickable(findTestObject("Modulo Tarea Administracion Compensacion/Incapacidad/a_Guardar Legalizar"), G_TimeOut): Object 'Object Repository/Modulo Tarea Administracion Compensacion/Incapacidad/a_Guardar Legalizar' is clickable

2021-12-17 17:55:19 - [MESSAGE][PASSED] - Object 'Object Repository/Modulo Tarea Administracion Compensacion/Incapacidad/a_Guardar Legalizar' is clickable

2021-12-17 17:55:19 - [TEST_STEP][PASSED] - click(findTestObject("Modulo Tarea Administracion Compensacion/Incapacidad/a_Guardar Legalizar")): Object: 'Object Repository/Modulo Tarea Administracion Compensacion/Incapacidad/a_Guardar Legalizar' is clicked on

2021-12-17 17:55:19 - [MESSAGE][PASSED] - Object: 'Object Repository/Modulo Tarea Administracion Compensacion/Incapacidad/a_Guardar Legalizar' is clicked on

2021-12-17 17:55:19 - [TEST_STEP][PASSED] - getText(findTestObject("Alerta/Alerta")): Text of object 'Object Repository/Alerta/Alerta' is: 'Se modifico exitosamente su solicitud'

2021-12-17 17:55:21 - [MESSAGE][PASSED] - Text of object 'Object Repository/Alerta/Alerta' is: 'Se modifico exitosamente su solicitud']]></system-out>
         <system-err><![CDATA[]]></system-err>
      </testcase>
      <testcase name="Test Cases/1.1-Tareas Principales/1.2.5-Solicitud" time="100.379" classname="Test Cases/1.1-Tareas Principales/1.2.5-Solicitud" status="FAILED">
         <failure type="FAILED" message="Test Cases/1.1-Tareas Principales/1.2.5-Solicitud FAILED.
Reason:
com.kms.katalon.core.exception.StepFailedException: Unable to click on object 'Object Repository/Modulo Tarea Administracion Compensacion/Solicitud/a_Guardar_Solicitud'
	at com.kms.katalon.core.webui.keyword.internal.WebUIKeywordMain.stepFailed(WebUIKeywordMain.groovy:64)
	at com.kms.katalon.core.webui.keyword.internal.WebUIKeywordMain.runKeyword(WebUIKeywordMain.groovy:26)
	at com.kms.katalon.core.webui.keyword.builtin.ClickKeyword.click(ClickKeyword.groovy:74)
	at com.kms.katalon.core.webui.keyword.builtin.ClickKeyword.execute(ClickKeyword.groovy:40)
	at com.kms.katalon.core.keyword.internal.KeywordExecutor.executeKeywordForPlatform(KeywordExecutor.groovy:74)
	at com.kms.katalon.core.webui.keyword.WebUiBuiltInKeywords.click(WebUiBuiltInKeywords.groovy:620)
	at com.kms.katalon.core.webui.keyword.WebUiBuiltInKeywords$click$5.call(Unknown Source)
	at 1.2.5-Solicitud.run(1.2.5-Solicitud:73)
	at com.kms.katalon.core.main.ScriptEngine.run(ScriptEngine.java:194)
	at com.kms.katalon.core.main.ScriptEngine.runScriptAsRawText(ScriptEngine.java:119)
	at com.kms.katalon.core.main.TestCaseExecutor.runScript(TestCaseExecutor.java:442)
	at com.kms.katalon.core.main.TestCaseExecutor.doExecute(TestCaseExecutor.java:433)
	at com.kms.katalon.core.main.TestCaseExecutor.processExecutionPhase(TestCaseExecutor.java:412)
	at com.kms.katalon.core.main.TestCaseExecutor.accessMainPhase(TestCaseExecutor.java:404)
	at com.kms.katalon.core.main.TestCaseExecutor.execute(TestCaseExecutor.java:281)
	at com.kms.katalon.core.main.TestSuiteExecutor.accessTestCaseMainPhase(TestSuiteExecutor.java:202)
	at com.kms.katalon.core.main.TestSuiteExecutor.accessTestSuiteMainPhase(TestSuiteExecutor.java:164)
	at com.kms.katalon.core.main.TestSuiteExecutor.execute(TestSuiteExecutor.java:105)
	at com.kms.katalon.core.main.TestCaseMain.startTestSuite(TestCaseMain.java:181)
	at com.kms.katalon.core.main.TestCaseMain$startTestSuite$0.call(Unknown Source)
	at TempTestSuite1639780222929.run(TempTestSuite1639780222929.groovy:36)
Caused by: org.openqa.selenium.ElementClickInterceptedException: element click intercepted: Element &lt;a id=&quot;form_solicitudesEmpleado:j_idt3657&quot; href=&quot;#&quot; class=&quot;ui-commandlink ui-widget us-boton btn-guardar&quot; onclick=&quot;PrimeFaces.ab({s:&amp;quot;form_solicitudesEmpleado:j_idt3657&amp;quot;,f:&amp;quot;form_solicitudesEmpleado&amp;quot;,u:&amp;quot;areaAplicacion&amp;quot;});return false;&quot;>...&lt;/a> is not clickable at point (555, 587). Other element would receive the click: &lt;div id=&quot;popupDocumentoNovedad_form:j_idt3693_modal&quot; class=&quot;ui-widget-overlay ui-dialog-mask&quot; style=&quot;z-index: 1015;&quot;>&lt;/div>
  (Session info: chrome=96.0.4664.110)
Build info: version: '3.141.59', revision: 'e82be7d358', time: '2018-11-14T08:25:53'
System info: host: 'US-AF-000371', ip: '192.168.56.1', os.name: 'Windows 10', os.arch: 'amd64', os.version: '10.0', java.version: '1.8.0_282'
Driver info: com.kms.katalon.selenium.driver.CChromeDriver
Capabilities {acceptInsecureCerts: false, browserName: chrome, browserVersion: 96.0.4664.110, chrome: {chromedriverVersion: 95.0.4638.17 (a9d0719444d4b..., userDataDir: C:\Users\DIEGO~1.ROJ\AppDat...}, goog:chromeOptions: {debuggerAddress: localhost:49993}, javascriptEnabled: true, networkConnectionEnabled: false, pageLoadStrategy: normal, platform: WINDOWS, platformName: WINDOWS, proxy: Proxy(), setWindowRect: true, strictFileInteractability: false, timeouts: {implicit: 0, pageLoad: 300000, script: 30000}, unhandledPromptBehavior: dismiss and notify, webauthn:extension:credBlob: true, webauthn:extension:largeBlob: true, webauthn:virtualAuthenticators: true}
Session ID: 31781106a9c6b75bf44040b0401735c9
	at org.openqa.selenium.remote.http.W3CHttpResponseCodec.createException(W3CHttpResponseCodec.java:187)
	at org.openqa.selenium.remote.http.W3CHttpResponseCodec.decode(W3CHttpResponseCodec.java:122)
	at org.openqa.selenium.remote.http.W3CHttpResponseCodec.decode(W3CHttpResponseCodec.java:49)
	at org.openqa.selenium.remote.HttpCommandExecutor.execute(HttpCommandExecutor.java:158)
	at org.openqa.selenium.remote.service.DriverCommandExecutor.execute(DriverCommandExecutor.java:83)
	at org.openqa.selenium.remote.RemoteWebDriver.execute(RemoteWebDriver.java:552)
	at com.kms.katalon.selenium.driver.CChromeDriver.execute(CChromeDriver.java:19)
	at org.openqa.selenium.remote.RemoteWebElement.execute(RemoteWebElement.java:285)
	at org.openqa.selenium.remote.RemoteWebElement.click(RemoteWebElement.java:84)
	at org.openqa.selenium.support.events.EventFiringWebDriver$EventFiringWebElement.lambda$new$0(EventFiringWebDriver.java:404)
	at com.sun.proxy.$Proxy11.click(Unknown Source)
	at org.openqa.selenium.support.events.EventFiringWebDriver$EventFiringWebElement.click(EventFiringWebDriver.java:417)
	at org.openqa.selenium.WebElement$click$0.call(Unknown Source)
	at com.kms.katalon.core.webui.keyword.builtin.ClickKeyword.clickUntilSuccessWithTimeout(ClickKeyword.groovy:81)
	at com.kms.katalon.core.webui.keyword.builtin.ClickKeyword.clickUntilSuccessWithTimeout(ClickKeyword.groovy)
	at com.kms.katalon.core.webui.keyword.builtin.ClickKeyword$_click_closure1.doCall(ClickKeyword.groovy:67)
	at com.kms.katalon.core.webui.keyword.builtin.ClickKeyword$_click_closure1.call(ClickKeyword.groovy)
	at com.kms.katalon.core.webui.keyword.internal.WebUIKeywordMain.runKeyword(WebUIKeywordMain.groovy:20)
	... 19 more
"/>
         <system-out><![CDATA[2021-12-17 17:55:21 - [TEST_CASE][FAILED] - Test Cases/1.1-Tareas Principales/1.2.5-Solicitud: Test Cases/1.1-Tareas Principales/1.2.5-Solicitud FAILED.
Reason:
com.kms.katalon.core.exception.StepFailedException: Unable to click on object 'Object Repository/Modulo Tarea Administracion Compensacion/Solicitud/a_Guardar_Solicitud'
	at com.kms.katalon.core.webui.keyword.internal.WebUIKeywordMain.stepFailed(WebUIKeywordMain.groovy:64)
	at com.kms.katalon.core.webui.keyword.internal.WebUIKeywordMain.runKeyword(WebUIKeywordMain.groovy:26)
	at com.kms.katalon.core.webui.keyword.builtin.ClickKeyword.click(ClickKeyword.groovy:74)
	at com.kms.katalon.core.webui.keyword.builtin.ClickKeyword.execute(ClickKeyword.groovy:40)
	at com.kms.katalon.core.keyword.internal.KeywordExecutor.executeKeywordForPlatform(KeywordExecutor.groovy:74)
	at com.kms.katalon.core.webui.keyword.WebUiBuiltInKeywords.click(WebUiBuiltInKeywords.groovy:620)
	at com.kms.katalon.core.webui.keyword.WebUiBuiltInKeywords$click$5.call(Unknown Source)
	at 1.2.5-Solicitud.run(1.2.5-Solicitud:73)
	at com.kms.katalon.core.main.ScriptEngine.run(ScriptEngine.java:194)
	at com.kms.katalon.core.main.ScriptEngine.runScriptAsRawText(ScriptEngine.java:119)
	at com.kms.katalon.core.main.TestCaseExecutor.runScript(TestCaseExecutor.java:442)
	at com.kms.katalon.core.main.TestCaseExecutor.doExecute(TestCaseExecutor.java:433)
	at com.kms.katalon.core.main.TestCaseExecutor.processExecutionPhase(TestCaseExecutor.java:412)
	at com.kms.katalon.core.main.TestCaseExecutor.accessMainPhase(TestCaseExecutor.java:404)
	at com.kms.katalon.core.main.TestCaseExecutor.execute(TestCaseExecutor.java:281)
	at com.kms.katalon.core.main.TestSuiteExecutor.accessTestCaseMainPhase(TestSuiteExecutor.java:202)
	at com.kms.katalon.core.main.TestSuiteExecutor.accessTestSuiteMainPhase(TestSuiteExecutor.java:164)
	at com.kms.katalon.core.main.TestSuiteExecutor.execute(TestSuiteExecutor.java:105)
	at com.kms.katalon.core.main.TestCaseMain.startTestSuite(TestCaseMain.java:181)
	at com.kms.katalon.core.main.TestCaseMain$startTestSuite$0.call(Unknown Source)
	at TempTestSuite1639780222929.run(TempTestSuite1639780222929.groovy:36)
Caused by: org.openqa.selenium.ElementClickInterceptedException: element click intercepted: Element <a id="form_solicitudesEmpleado:j_idt3657" href="#" class="ui-commandlink ui-widget us-boton btn-guardar" onclick="PrimeFaces.ab({s:&quot;form_solicitudesEmpleado:j_idt3657&quot;,f:&quot;form_solicitudesEmpleado&quot;,u:&quot;areaAplicacion&quot;});return false;">...</a> is not clickable at point (555, 587). Other element would receive the click: <div id="popupDocumentoNovedad_form:j_idt3693_modal" class="ui-widget-overlay ui-dialog-mask" style="z-index: 1015;"></div>
  (Session info: chrome=96.0.4664.110)
Build info: version: '3.141.59', revision: 'e82be7d358', time: '2018-11-14T08:25:53'
System info: host: 'US-AF-000371', ip: '192.168.56.1', os.name: 'Windows 10', os.arch: 'amd64', os.version: '10.0', java.version: '1.8.0_282'
Driver info: com.kms.katalon.selenium.driver.CChromeDriver
Capabilities {acceptInsecureCerts: false, browserName: chrome, browserVersion: 96.0.4664.110, chrome: {chromedriverVersion: 95.0.4638.17 (a9d0719444d4b..., userDataDir: C:\Users\DIEGO~1.ROJ\AppDat...}, goog:chromeOptions: {debuggerAddress: localhost:49993}, javascriptEnabled: true, networkConnectionEnabled: false, pageLoadStrategy: normal, platform: WINDOWS, platformName: WINDOWS, proxy: Proxy(), setWindowRect: true, strictFileInteractability: false, timeouts: {implicit: 0, pageLoad: 300000, script: 30000}, unhandledPromptBehavior: dismiss and notify, webauthn:extension:credBlob: true, webauthn:extension:largeBlob: true, webauthn:virtualAuthenticators: true}
Session ID: 31781106a9c6b75bf44040b0401735c9
	at org.openqa.selenium.remote.http.W3CHttpResponseCodec.createException(W3CHttpResponseCodec.java:187)
	at org.openqa.selenium.remote.http.W3CHttpResponseCodec.decode(W3CHttpResponseCodec.java:122)
	at org.openqa.selenium.remote.http.W3CHttpResponseCodec.decode(W3CHttpResponseCodec.java:49)
	at org.openqa.selenium.remote.HttpCommandExecutor.execute(HttpCommandExecutor.java:158)
	at org.openqa.selenium.remote.service.DriverCommandExecutor.execute(DriverCommandExecutor.java:83)
	at org.openqa.selenium.remote.RemoteWebDriver.execute(RemoteWebDriver.java:552)
	at com.kms.katalon.selenium.driver.CChromeDriver.execute(CChromeDriver.java:19)
	at org.openqa.selenium.remote.RemoteWebElement.execute(RemoteWebElement.java:285)
	at org.openqa.selenium.remote.RemoteWebElement.click(RemoteWebElement.java:84)
	at org.openqa.selenium.support.events.EventFiringWebDriver$EventFiringWebElement.lambda$new$0(EventFiringWebDriver.java:404)
	at com.sun.proxy.$Proxy11.click(Unknown Source)
	at org.openqa.selenium.support.events.EventFiringWebDriver$EventFiringWebElement.click(EventFiringWebDriver.java:417)
	at org.openqa.selenium.WebElement$click$0.call(Unknown Source)
	at com.kms.katalon.core.webui.keyword.builtin.ClickKeyword.clickUntilSuccessWithTimeout(ClickKeyword.groovy:81)
	at com.kms.katalon.core.webui.keyword.builtin.ClickKeyword.clickUntilSuccessWithTimeout(ClickKeyword.groovy)
	at com.kms.katalon.core.webui.keyword.builtin.ClickKeyword$_click_closure1.doCall(ClickKeyword.groovy:67)
	at com.kms.katalon.core.webui.keyword.builtin.ClickKeyword$_click_closure1.call(ClickKeyword.groovy)
	at com.kms.katalon.core.webui.keyword.internal.WebUIKeywordMain.runKeyword(WebUIKeywordMain.groovy:20)
	... 19 more


2021-12-17 17:55:21 - [TEST_STEP][PASSED] - callTestCase(findTestCase("Hutilidades/Tareas Administracion Compensacion/Tarea Listado Empleados"), [:], STOP_ON_FAILURE): Call Test Case 'Test Cases/Hutilidades/Tareas Administracion Compensacion/Tarea Listado Empleados' successfully

2021-12-17 17:55:21 - [TEST_CASE][PASSED] - Test Cases/Hutilidades/Tareas Administracion Compensacion/Tarea Listado Empleados: Test Cases/Hutilidades/Tareas Administracion Compensacion/Tarea Listado Empleados

2021-12-17 17:55:22 - [TEST_STEP][PASSED] - callTestCase(findTestCase("0.1-Login"), [:], STOP_ON_FAILURE): Call Test Case 'Test Cases/0.1-Login' successfully

2021-12-17 17:55:22 - [TEST_CASE][PASSED] - Test Cases/0.1-Login: Test Cases/0.1-Login

2021-12-17 17:55:22 - [TEST_STEP][PASSED] - openBrowser(""): Browser is opened with url: ''

2021-12-17 17:55:22 - [MESSAGE][WARNING] - A browser is already opened. Closing browser and opening a new one

2021-12-17 17:55:22 - [MESSAGE][INFO] - Starting 'Chrome' driver

2021-12-17 17:55:22 - [MESSAGE][INFO] - Action delay is set to 0 milliseconds

2021-12-17 17:55:24 - [MESSAGE][PASSED] - Browser is opened with url: ''

2021-12-17 17:55:24 - [TEST_STEP][PASSED] - maximizeWindow(): Current window maximized

2021-12-17 17:55:24 - [MESSAGE][PASSED] - Current window maximized

2021-12-17 17:55:24 - [TEST_STEP][PASSED] - i = G_Login: null

2021-12-17 17:55:24 - [TEST_STEP][PASSED] - url = new java.net.URL(i): null

2021-12-17 17:55:24 - [TEST_STEP][PASSED] - println("URL: " + url.toString()): null

2021-12-17 17:55:24 - [TEST_STEP][PASSED] - connection = url.openConnection(): null

2021-12-17 17:55:24 - [TEST_STEP][PASSED] - connection.setRequestMethod("GET"): null

2021-12-17 17:55:24 - [TEST_STEP][PASSED] - connection.setReadTimeout(2 * 1000): null

2021-12-17 17:55:24 - [TEST_STEP][PASSED] - try: null

2021-12-17 17:55:24 - [TEST_STEP][PASSED] - connection.connect(): null

2021-12-17 17:55:24 - [TEST_STEP][PASSED] - flag = connected: null

2021-12-17 17:55:24 - [TEST_STEP][PASSED] - println("Valor_ori: " + flag): null

2021-12-17 17:55:24 - [TEST_STEP][PASSED] - if (flag): null

2021-12-17 17:55:24 - [TEST_STEP][PASSED] - navigateToUrl(i): Navigate to 'http://192.168.2.29:7001/saraweb' successfully

2021-12-17 17:55:31 - [MESSAGE][PASSED] - Navigate to 'http://192.168.2.29:7001/saraweb' successfully

2021-12-17 17:55:31 - [TEST_STEP][PASSED] - a(): null

2021-12-17 17:55:31 - [TEST_STEP][PASSED] - setText(findTestObject("Login/input_USUARIO_loginusuario"), G_Usuario): Text 'weblogic' is set on object 'Object Repository/Login/input_USUARIO_loginusuario'

2021-12-17 17:55:31 - [MESSAGE][PASSED] - Text 'weblogic' is set on object 'Object Repository/Login/input_USUARIO_loginusuario'

2021-12-17 17:55:31 - [TEST_STEP][PASSED] - setEncryptedText(findTestObject("Login/input_CLAVE_loginpassword"), "MkG4/TYiCFC3cb2driP7+Q=="): Text ****** has been set on object 'Object Repository/Login/input_CLAVE_loginpassword'

2021-12-17 17:55:32 - [MESSAGE][PASSED] - Text ****** has been set on object 'Object Repository/Login/input_CLAVE_loginpassword'

2021-12-17 17:55:32 - [TEST_STEP][PASSED] - waitForElementClickable(findTestObject("Login/a_Ingresar"), G_TimeOut): Object 'Object Repository/Login/a_Ingresar' is clickable

2021-12-17 17:55:32 - [MESSAGE][PASSED] - Object 'Object Repository/Login/a_Ingresar' is clickable

2021-12-17 17:55:32 - [TEST_STEP][PASSED] - click(findTestObject("Login/a_Ingresar")): Object: 'Object Repository/Login/a_Ingresar' is clicked on

2021-12-17 17:55:44 - [MESSAGE][PASSED] - Object: 'Object Repository/Login/a_Ingresar' is clicked on

2021-12-17 17:55:44 - [TEST_STEP][PASSED] - element = findWebElement(findTestObject("Login/a_Ir"), 30): null

2021-12-17 17:55:45 - [TEST_STEP][PASSED] - executeJavaScript("arguments[0].click()", Arrays.asList(element)): Execute JavaScript 'arguments[0].click()' successfully

2021-12-17 17:55:45 - [MESSAGE][PASSED] - Execute JavaScript 'arguments[0].click()' successfully

2021-12-17 17:55:45 - [MESSAGE][PASSED] - Call Test Case 'Test Cases/0.1-Login' successfully

2021-12-17 17:55:45 - [TEST_STEP][PASSED] - setText(findTestObject("Modulo Tarea Listado Hojas de Vida/Tareas Listado Hojas de Vida/input_Listado Hojas De Vida_form_templatej_idt24_input"), "Listado de Empleados"): Text 'Listado de Empleados' is set on object 'Object Repository/Modulo Tarea Listado Hojas de Vida/Tareas Listado Hojas de Vida/input_Listado Hojas De Vida_form_templatej_idt24_input'

2021-12-17 17:55:57 - [MESSAGE][PASSED] - Text 'Listado de Empleados' is set on object 'Object Repository/Modulo Tarea Listado Hojas de Vida/Tareas Listado Hojas de Vida/input_Listado Hojas De Vida_form_templatej_idt24_input'

2021-12-17 17:55:57 - [TEST_STEP][PASSED] - delay(3): Delayed 3 second(s)

2021-12-17 17:56:00 - [MESSAGE][PASSED] - Delayed 3 second(s)

2021-12-17 17:56:00 - [TEST_STEP][PASSED] - sendKeys(findTestObject("Modulo Tarea Listado Hojas de Vida/Tareas Listado Hojas de Vida/input_Listado Hojas De Vida_form_templatej_idt24_input"), Keys.chord(ENTER)): Keys 'ENTER + ' sent to object: 'Object Repository/Modulo Tarea Listado Hojas de Vida/Tareas Listado Hojas de Vida/input_Listado Hojas De Vida_form_templatej_idt24_input'

2021-12-17 17:56:00 - [MESSAGE][PASSED] - Keys 'ENTER + ' sent to object: 'Object Repository/Modulo Tarea Listado Hojas de Vida/Tareas Listado Hojas de Vida/input_Listado Hojas De Vida_form_templatej_idt24_input'

2021-12-17 17:56:00 - [MESSAGE][PASSED] - Call Test Case 'Test Cases/Hutilidades/Tareas Administracion Compensacion/Tarea Listado Empleados' successfully

2021-12-17 17:56:00 - [TEST_STEP][PASSED] - waitForElementClickable(findTestObject("Modulo Tarea Administracion Compensacion/Solicitud/input_Identificacin_listadoEmp"), 0): Object 'Object Repository/Modulo Tarea Administracion Compensacion/Solicitud/input_Identificacin_listadoEmp' is clickable

2021-12-17 17:56:00 - [MESSAGE][WARNING] - Timeout '0' is invalid. Using default page load timeout: '30'

2021-12-17 17:56:12 - [MESSAGE][PASSED] - Object 'Object Repository/Modulo Tarea Administracion Compensacion/Solicitud/input_Identificacin_listadoEmp' is clickable

2021-12-17 17:56:12 - [TEST_STEP][PASSED] - setText(findTestObject("Modulo Tarea Administracion Compensacion/Solicitud/input_Identificacin_listadoEmp"), "354968431354"): Text '354968431354' is set on object 'Object Repository/Modulo Tarea Administracion Compensacion/Solicitud/input_Identificacin_listadoEmp'

2021-12-17 17:56:13 - [MESSAGE][PASSED] - Text '354968431354' is set on object 'Object Repository/Modulo Tarea Administracion Compensacion/Solicitud/input_Identificacin_listadoEmp'

2021-12-17 17:56:13 - [TEST_STEP][PASSED] - sendKeys(findTestObject("Modulo Tarea Administracion Compensacion/Solicitud/input_Identificacin_listadoEmp"), Keys.chord(ENTER)): Keys 'ENTER + ' sent to object: 'Object Repository/Modulo Tarea Administracion Compensacion/Solicitud/input_Identificacin_listadoEmp'

2021-12-17 17:56:13 - [MESSAGE][PASSED] - Keys 'ENTER + ' sent to object: 'Object Repository/Modulo Tarea Administracion Compensacion/Solicitud/input_Identificacin_listadoEmp'

2021-12-17 17:56:13 - [TEST_STEP][PASSED] - click(findTestObject("Modulo Tarea Administracion Compensacion/Solicitud/span_CONSTA BELFEGORD JHON")): Object: 'Object Repository/Modulo Tarea Administracion Compensacion/Solicitud/span_CONSTA BELFEGORD JHON' is clicked on

2021-12-17 17:56:15 - [MESSAGE][PASSED] - Object: 'Object Repository/Modulo Tarea Administracion Compensacion/Solicitud/span_CONSTA BELFEGORD JHON' is clicked on

2021-12-17 17:56:15 - [TEST_STEP][PASSED] - click(findTestObject("Modulo Tarea Administracion Compensacion/Solicitud/a_Solicitud")): Object: 'Object Repository/Modulo Tarea Administracion Compensacion/Solicitud/a_Solicitud' is clicked on

2021-12-17 17:56:17 - [MESSAGE][PASSED] - Object: 'Object Repository/Modulo Tarea Administracion Compensacion/Solicitud/a_Solicitud' is clicked on

2021-12-17 17:56:17 - [TEST_STEP][PASSED] - if (waitForElementClickable(findTestObject("Modulo Tarea Administracion Compensacion/Solicitud/span_Certificado Personal Planta_ preexistente"), 1)): null

2021-12-17 17:56:18 - [MESSAGE][PASSED] - Object 'Object Repository/Modulo Tarea Administracion Compensacion/Solicitud/span_Certificado Personal Planta_ preexistente' is clickable

2021-12-17 17:56:18 - [TEST_STEP][PASSED] - click(findTestObject("Modulo Tarea Administracion Compensacion/Solicitud/span_Certificado Personal Planta_ preexistente")): Object: 'Object Repository/Modulo Tarea Administracion Compensacion/Solicitud/span_Certificado Personal Planta_ preexistente' is clicked on

2021-12-17 17:56:18 - [MESSAGE][PASSED] - Object: 'Object Repository/Modulo Tarea Administracion Compensacion/Solicitud/span_Certificado Personal Planta_ preexistente' is clicked on

2021-12-17 17:56:18 - [TEST_STEP][PASSED] - waitForElementClickable(findTestObject("Modulo Tarea Administracion Compensacion/Solicitud/a_Eliminar"), 0): Object 'Object Repository/Modulo Tarea Administracion Compensacion/Solicitud/a_Eliminar' is clickable

2021-12-17 17:56:18 - [MESSAGE][WARNING] - Timeout '0' is invalid. Using default page load timeout: '30'

2021-12-17 17:56:19 - [MESSAGE][PASSED] - Object 'Object Repository/Modulo Tarea Administracion Compensacion/Solicitud/a_Eliminar' is clickable

2021-12-17 17:56:19 - [TEST_STEP][PASSED] - click(findTestObject("Modulo Tarea Administracion Compensacion/Solicitud/a_Eliminar")): Object: 'Object Repository/Modulo Tarea Administracion Compensacion/Solicitud/a_Eliminar' is clicked on

2021-12-17 17:56:20 - [MESSAGE][PASSED] - Object: 'Object Repository/Modulo Tarea Administracion Compensacion/Solicitud/a_Eliminar' is clicked on

2021-12-17 17:56:20 - [TEST_STEP][PASSED] - click(findTestObject("Modulo Tarea Administracion Compensacion/Solicitud/span_Si")): Object: 'Object Repository/Modulo Tarea Administracion Compensacion/Solicitud/span_Si' is clicked on

2021-12-17 17:56:21 - [MESSAGE][PASSED] - Object: 'Object Repository/Modulo Tarea Administracion Compensacion/Solicitud/span_Si' is clicked on

2021-12-17 17:56:21 - [TEST_STEP][PASSED] - click(findTestObject("Modulo Tarea Administracion Compensacion/Solicitud/span_Prueba")): Object: 'Object Repository/Modulo Tarea Administracion Compensacion/Solicitud/span_Prueba' is clicked on

2021-12-17 17:56:22 - [MESSAGE][PASSED] - Object: 'Object Repository/Modulo Tarea Administracion Compensacion/Solicitud/span_Prueba' is clicked on

2021-12-17 17:56:22 - [TEST_STEP][PASSED] - waitForElementClickable(findTestObject("Modulo Tarea Administracion Compensacion/Solicitud/a_Acta De Grado   Diploma_form_solicitudesEmpleadolistaDocumentos0j_idt2892"), 0): Object 'Object Repository/Modulo Tarea Administracion Compensacion/Solicitud/a_Acta De Grado   Diploma_form_solicitudesEmpleadolistaDocumentos0j_idt2892' is clickable

2021-12-17 17:56:22 - [MESSAGE][WARNING] - Timeout '0' is invalid. Using default page load timeout: '30'

2021-12-17 17:56:23 - [MESSAGE][PASSED] - Object 'Object Repository/Modulo Tarea Administracion Compensacion/Solicitud/a_Acta De Grado   Diploma_form_solicitudesEmpleadolistaDocumentos0j_idt2892' is clickable

2021-12-17 17:56:23 - [TEST_STEP][PASSED] - click(findTestObject("Modulo Tarea Administracion Compensacion/Solicitud/a_Acta De Grado   Diploma_form_solicitudesEmpleadolistaDocumentos0j_idt2892")): Object: 'Object Repository/Modulo Tarea Administracion Compensacion/Solicitud/a_Acta De Grado   Diploma_form_solicitudesEmpleadolistaDocumentos0j_idt2892' is clicked on

2021-12-17 17:56:23 - [MESSAGE][PASSED] - Object: 'Object Repository/Modulo Tarea Administracion Compensacion/Solicitud/a_Acta De Grado   Diploma_form_solicitudesEmpleadolistaDocumentos0j_idt2892' is clicked on

2021-12-17 17:56:23 - [TEST_STEP][PASSED] - waitForElementClickable(findTestObject("Modulo Tarea Administracion Compensacion/Solicitud/input_Se ha cargado el archivo_popupDocumentoNovedad"), 0): Object 'Object Repository/Modulo Tarea Administracion Compensacion/Solicitud/input_Se ha cargado el archivo_popupDocumentoNovedad' is clickable

2021-12-17 17:56:23 - [MESSAGE][WARNING] - Timeout '0' is invalid. Using default page load timeout: '30'

2021-12-17 17:56:25 - [MESSAGE][PASSED] - Object 'Object Repository/Modulo Tarea Administracion Compensacion/Solicitud/input_Se ha cargado el archivo_popupDocumentoNovedad' is clickable

2021-12-17 17:56:25 - [TEST_STEP][PASSED] - ruta = G_rutaarchivos + "certificado_personal_planta.txt": null

2021-12-17 17:56:25 - [TEST_STEP][PASSED] - uploadFile(findTestObject("Modulo Tarea Administracion Compensacion/Solicitud/input_Se ha cargado el archivo_popupDocumentoNovedad"), ruta): File 'E:\unionweb14\certificado_personal_planta.txt' sent to object: 'Object Repository/Modulo Tarea Administracion Compensacion/Solicitud/input_Se ha cargado el archivo_popupDocumentoNovedad'

2021-12-17 17:56:25 - [MESSAGE][PASSED] - File 'E:\unionweb14\certificado_personal_planta.txt' sent to object: 'Object Repository/Modulo Tarea Administracion Compensacion/Solicitud/input_Se ha cargado el archivo_popupDocumentoNovedad'

2021-12-17 17:56:25 - [TEST_STEP][PASSED] - waitForElementClickable(findTestObject("Modulo Tarea Administracion Compensacion/Solicitud/input_Vigencia_popupDocumentoNovedad"), 0): Object 'Object Repository/Modulo Tarea Administracion Compensacion/Solicitud/input_Vigencia_popupDocumentoNovedad' is clickable

2021-12-17 17:56:25 - [MESSAGE][WARNING] - Timeout '0' is invalid. Using default page load timeout: '30'

2021-12-17 17:56:26 - [MESSAGE][PASSED] - Object 'Object Repository/Modulo Tarea Administracion Compensacion/Solicitud/input_Vigencia_popupDocumentoNovedad' is clickable

2021-12-17 17:56:26 - [TEST_STEP][PASSED] - setText(findTestObject("Modulo Tarea Administracion Compensacion/Solicitud/input_Vigencia_popupDocumentoNovedad"), "01/07/2021"): Text '01/07/2021' is set on object 'Object Repository/Modulo Tarea Administracion Compensacion/Solicitud/input_Vigencia_popupDocumentoNovedad'

2021-12-17 17:56:27 - [MESSAGE][PASSED] - Text '01/07/2021' is set on object 'Object Repository/Modulo Tarea Administracion Compensacion/Solicitud/input_Vigencia_popupDocumentoNovedad'

2021-12-17 17:56:27 - [TEST_STEP][PASSED] - sendKeys(findTestObject("Modulo Tarea Administracion Compensacion/Solicitud/input_Vigencia_popupDocumentoNovedad_formvigencia_input"), Keys.chord(ESCAPE)): Keys 'ESCAPE + ' sent to object: 'Object Repository/Modulo Tarea Administracion Compensacion/Solicitud/input_Vigencia_popupDocumentoNovedad_formvigencia_input'

2021-12-17 17:56:27 - [MESSAGE][PASSED] - Keys 'ESCAPE + ' sent to object: 'Object Repository/Modulo Tarea Administracion Compensacion/Solicitud/input_Vigencia_popupDocumentoNovedad_formvigencia_input'

2021-12-17 17:56:27 - [TEST_STEP][PASSED] - setText(findTestObject("Modulo Tarea Administracion Compensacion/Solicitud/textarea_Observacin_popupDocumentoNovedad_formobservacion"), "PRUEBA"): Text 'PRUEBA' is set on object 'Object Repository/Modulo Tarea Administracion Compensacion/Solicitud/textarea_Observacin_popupDocumentoNovedad_formobservacion'

2021-12-17 17:56:28 - [MESSAGE][PASSED] - Text 'PRUEBA' is set on object 'Object Repository/Modulo Tarea Administracion Compensacion/Solicitud/textarea_Observacin_popupDocumentoNovedad_formobservacion'

2021-12-17 17:56:28 - [TEST_STEP][FAILED] - click(findTestObject("Modulo Tarea Administracion Compensacion/Solicitud/a_Guardar_Solicitud")): Unable to click on object 'Object Repository/Modulo Tarea Administracion Compensacion/Solicitud/a_Guardar_Solicitud' (Root cause: com.kms.katalon.core.exception.StepFailedException: Unable to click on object 'Object Repository/Modulo Tarea Administracion Compensacion/Solicitud/a_Guardar_Solicitud'
	at com.kms.katalon.core.webui.keyword.internal.WebUIKeywordMain.stepFailed(WebUIKeywordMain.groovy:64)
	at com.kms.katalon.core.webui.keyword.internal.WebUIKeywordMain.runKeyword(WebUIKeywordMain.groovy:26)
	at com.kms.katalon.core.webui.keyword.builtin.ClickKeyword.click(ClickKeyword.groovy:74)
	at com.kms.katalon.core.webui.keyword.builtin.ClickKeyword.execute(ClickKeyword.groovy:40)
	at com.kms.katalon.core.keyword.internal.KeywordExecutor.executeKeywordForPlatform(KeywordExecutor.groovy:74)
	at com.kms.katalon.core.webui.keyword.WebUiBuiltInKeywords.click(WebUiBuiltInKeywords.groovy:620)
	at com.kms.katalon.core.webui.keyword.WebUiBuiltInKeywords$click$5.call(Unknown Source)
	at 1.2.5-Solicitud.run(1.2.5-Solicitud:73)
	at com.kms.katalon.core.main.ScriptEngine.run(ScriptEngine.java:194)
	at com.kms.katalon.core.main.ScriptEngine.runScriptAsRawText(ScriptEngine.java:119)
	at com.kms.katalon.core.main.TestCaseExecutor.runScript(TestCaseExecutor.java:442)
	at com.kms.katalon.core.main.TestCaseExecutor.doExecute(TestCaseExecutor.java:433)
	at com.kms.katalon.core.main.TestCaseExecutor.processExecutionPhase(TestCaseExecutor.java:412)
	at com.kms.katalon.core.main.TestCaseExecutor.accessMainPhase(TestCaseExecutor.java:404)
	at com.kms.katalon.core.main.TestCaseExecutor.execute(TestCaseExecutor.java:281)
	at com.kms.katalon.core.main.TestSuiteExecutor.accessTestCaseMainPhase(TestSuiteExecutor.java:202)
	at com.kms.katalon.core.main.TestSuiteExecutor.accessTestSuiteMainPhase(TestSuiteExecutor.java:164)
	at com.kms.katalon.core.main.TestSuiteExecutor.execute(TestSuiteExecutor.java:105)
	at com.kms.katalon.core.main.TestCaseMain.startTestSuite(TestCaseMain.java:181)
	at com.kms.katalon.core.main.TestCaseMain$startTestSuite$0.call(Unknown Source)
	at TempTestSuite1639780222929.run(TempTestSuite1639780222929.groovy:36)
Caused by: org.openqa.selenium.ElementClickInterceptedException: element click intercepted: Element <a id="form_solicitudesEmpleado:j_idt3657" href="#" class="ui-commandlink ui-widget us-boton btn-guardar" onclick="PrimeFaces.ab({s:&quot;form_solicitudesEmpleado:j_idt3657&quot;,f:&quot;form_solicitudesEmpleado&quot;,u:&quot;areaAplicacion&quot;});return false;">...</a> is not clickable at point (555, 587). Other element would receive the click: <div id="popupDocumentoNovedad_form:j_idt3693_modal" class="ui-widget-overlay ui-dialog-mask" style="z-index: 1015;"></div>
  (Session info: chrome=96.0.4664.110)
Build info: version: '3.141.59', revision: 'e82be7d358', time: '2018-11-14T08:25:53'
System info: host: 'US-AF-000371', ip: '192.168.56.1', os.name: 'Windows 10', os.arch: 'amd64', os.version: '10.0', java.version: '1.8.0_282'
Driver info: com.kms.katalon.selenium.driver.CChromeDriver
Capabilities {acceptInsecureCerts: false, browserName: chrome, browserVersion: 96.0.4664.110, chrome: {chromedriverVersion: 95.0.4638.17 (a9d0719444d4b..., userDataDir: C:\Users\DIEGO~1.ROJ\AppDat...}, goog:chromeOptions: {debuggerAddress: localhost:49993}, javascriptEnabled: true, networkConnectionEnabled: false, pageLoadStrategy: normal, platform: WINDOWS, platformName: WINDOWS, proxy: Proxy(), setWindowRect: true, strictFileInteractability: false, timeouts: {implicit: 0, pageLoad: 300000, script: 30000}, unhandledPromptBehavior: dismiss and notify, webauthn:extension:credBlob: true, webauthn:extension:largeBlob: true, webauthn:virtualAuthenticators: true}
Session ID: 31781106a9c6b75bf44040b0401735c9
	at org.openqa.selenium.remote.http.W3CHttpResponseCodec.createException(W3CHttpResponseCodec.java:187)
	at org.openqa.selenium.remote.http.W3CHttpResponseCodec.decode(W3CHttpResponseCodec.java:122)
	at org.openqa.selenium.remote.http.W3CHttpResponseCodec.decode(W3CHttpResponseCodec.java:49)
	at org.openqa.selenium.remote.HttpCommandExecutor.execute(HttpCommandExecutor.java:158)
	at org.openqa.selenium.remote.service.DriverCommandExecutor.execute(DriverCommandExecutor.java:83)
	at org.openqa.selenium.remote.RemoteWebDriver.execute(RemoteWebDriver.java:552)
	at com.kms.katalon.selenium.driver.CChromeDriver.execute(CChromeDriver.java:19)
	at org.openqa.selenium.remote.RemoteWebElement.execute(RemoteWebElement.java:285)
	at org.openqa.selenium.remote.RemoteWebElement.click(RemoteWebElement.java:84)
	at org.openqa.selenium.support.events.EventFiringWebDriver$EventFiringWebElement.lambda$new$0(EventFiringWebDriver.java:404)
	at com.sun.proxy.$Proxy11.click(Unknown Source)
	at org.openqa.selenium.support.events.EventFiringWebDriver$EventFiringWebElement.click(EventFiringWebDriver.java:417)
	at org.openqa.selenium.WebElement$click$0.call(Unknown Source)
	at com.kms.katalon.core.webui.keyword.builtin.ClickKeyword.clickUntilSuccessWithTimeout(ClickKeyword.groovy:81)
	at com.kms.katalon.core.webui.keyword.builtin.ClickKeyword.clickUntilSuccessWithTimeout(ClickKeyword.groovy)
	at com.kms.katalon.core.webui.keyword.builtin.ClickKeyword$_click_closure1.doCall(ClickKeyword.groovy:67)
	at com.kms.katalon.core.webui.keyword.builtin.ClickKeyword$_click_closure1.call(ClickKeyword.groovy)
	at com.kms.katalon.core.webui.keyword.internal.WebUIKeywordMain.runKeyword(WebUIKeywordMain.groovy:20)
	at com.kms.katalon.core.webui.keyword.builtin.ClickKeyword.click(ClickKeyword.groovy:74)
	at com.kms.katalon.core.webui.keyword.builtin.ClickKeyword.execute(ClickKeyword.groovy:40)
	at com.kms.katalon.core.keyword.internal.KeywordExecutor.executeKeywordForPlatform(KeywordExecutor.groovy:74)
	at com.kms.katalon.core.webui.keyword.WebUiBuiltInKeywords.click(WebUiBuiltInKeywords.groovy:620)
	at com.kms.katalon.core.webui.keyword.WebUiBuiltInKeywords$click$5.call(Unknown Source)
	at Script1548864787188.run(Script1548864787188.groovy:73)
	... 13 more
)

2021-12-17 17:57:01 - [MESSAGE][FAILED] - Unable to click on object 'Object Repository/Modulo Tarea Administracion Compensacion/Solicitud/a_Guardar_Solicitud' (Root cause: com.kms.katalon.core.exception.StepFailedException: Unable to click on object 'Object Repository/Modulo Tarea Administracion Compensacion/Solicitud/a_Guardar_Solicitud'
	at com.kms.katalon.core.webui.keyword.internal.WebUIKeywordMain.stepFailed(WebUIKeywordMain.groovy:64)
	at com.kms.katalon.core.webui.keyword.internal.WebUIKeywordMain.runKeyword(WebUIKeywordMain.groovy:26)
	at com.kms.katalon.core.webui.keyword.builtin.ClickKeyword.click(ClickKeyword.groovy:74)
	at com.kms.katalon.core.webui.keyword.builtin.ClickKeyword.execute(ClickKeyword.groovy:40)
	at com.kms.katalon.core.keyword.internal.KeywordExecutor.executeKeywordForPlatform(KeywordExecutor.groovy:74)
	at com.kms.katalon.core.webui.keyword.WebUiBuiltInKeywords.click(WebUiBuiltInKeywords.groovy:620)
	at com.kms.katalon.core.webui.keyword.WebUiBuiltInKeywords$click$5.call(Unknown Source)
	at 1.2.5-Solicitud.run(1.2.5-Solicitud:73)
	at com.kms.katalon.core.main.ScriptEngine.run(ScriptEngine.java:194)
	at com.kms.katalon.core.main.ScriptEngine.runScriptAsRawText(ScriptEngine.java:119)
	at com.kms.katalon.core.main.TestCaseExecutor.runScript(TestCaseExecutor.java:442)
	at com.kms.katalon.core.main.TestCaseExecutor.doExecute(TestCaseExecutor.java:433)
	at com.kms.katalon.core.main.TestCaseExecutor.processExecutionPhase(TestCaseExecutor.java:412)
	at com.kms.katalon.core.main.TestCaseExecutor.accessMainPhase(TestCaseExecutor.java:404)
	at com.kms.katalon.core.main.TestCaseExecutor.execute(TestCaseExecutor.java:281)
	at com.kms.katalon.core.main.TestSuiteExecutor.accessTestCaseMainPhase(TestSuiteExecutor.java:202)
	at com.kms.katalon.core.main.TestSuiteExecutor.accessTestSuiteMainPhase(TestSuiteExecutor.java:164)
	at com.kms.katalon.core.main.TestSuiteExecutor.execute(TestSuiteExecutor.java:105)
	at com.kms.katalon.core.main.TestCaseMain.startTestSuite(TestCaseMain.java:181)
	at com.kms.katalon.core.main.TestCaseMain$startTestSuite$0.call(Unknown Source)
	at TempTestSuite1639780222929.run(TempTestSuite1639780222929.groovy:36)
Caused by: org.openqa.selenium.ElementClickInterceptedException: element click intercepted: Element <a id="form_solicitudesEmpleado:j_idt3657" href="#" class="ui-commandlink ui-widget us-boton btn-guardar" onclick="PrimeFaces.ab({s:&quot;form_solicitudesEmpleado:j_idt3657&quot;,f:&quot;form_solicitudesEmpleado&quot;,u:&quot;areaAplicacion&quot;});return false;">...</a> is not clickable at point (555, 587). Other element would receive the click: <div id="popupDocumentoNovedad_form:j_idt3693_modal" class="ui-widget-overlay ui-dialog-mask" style="z-index: 1015;"></div>
  (Session info: chrome=96.0.4664.110)
Build info: version: '3.141.59', revision: 'e82be7d358', time: '2018-11-14T08:25:53'
System info: host: 'US-AF-000371', ip: '192.168.56.1', os.name: 'Windows 10', os.arch: 'amd64', os.version: '10.0', java.version: '1.8.0_282'
Driver info: com.kms.katalon.selenium.driver.CChromeDriver
Capabilities {acceptInsecureCerts: false, browserName: chrome, browserVersion: 96.0.4664.110, chrome: {chromedriverVersion: 95.0.4638.17 (a9d0719444d4b..., userDataDir: C:\Users\DIEGO~1.ROJ\AppDat...}, goog:chromeOptions: {debuggerAddress: localhost:49993}, javascriptEnabled: true, networkConnectionEnabled: false, pageLoadStrategy: normal, platform: WINDOWS, platformName: WINDOWS, proxy: Proxy(), setWindowRect: true, strictFileInteractability: false, timeouts: {implicit: 0, pageLoad: 300000, script: 30000}, unhandledPromptBehavior: dismiss and notify, webauthn:extension:credBlob: true, webauthn:extension:largeBlob: true, webauthn:virtualAuthenticators: true}
Session ID: 31781106a9c6b75bf44040b0401735c9
	at org.openqa.selenium.remote.http.W3CHttpResponseCodec.createException(W3CHttpResponseCodec.java:187)
	at org.openqa.selenium.remote.http.W3CHttpResponseCodec.decode(W3CHttpResponseCodec.java:122)
	at org.openqa.selenium.remote.http.W3CHttpResponseCodec.decode(W3CHttpResponseCodec.java:49)
	at org.openqa.selenium.remote.HttpCommandExecutor.execute(HttpCommandExecutor.java:158)
	at org.openqa.selenium.remote.service.DriverCommandExecutor.execute(DriverCommandExecutor.java:83)
	at org.openqa.selenium.remote.RemoteWebDriver.execute(RemoteWebDriver.java:552)
	at com.kms.katalon.selenium.driver.CChromeDriver.execute(CChromeDriver.java:19)
	at org.openqa.selenium.remote.RemoteWebElement.execute(RemoteWebElement.java:285)
	at org.openqa.selenium.remote.RemoteWebElement.click(RemoteWebElement.java:84)
	at org.openqa.selenium.support.events.EventFiringWebDriver$EventFiringWebElement.lambda$new$0(EventFiringWebDriver.java:404)
	at com.sun.proxy.$Proxy11.click(Unknown Source)
	at org.openqa.selenium.support.events.EventFiringWebDriver$EventFiringWebElement.click(EventFiringWebDriver.java:417)
	at org.openqa.selenium.WebElement$click$0.call(Unknown Source)
	at com.kms.katalon.core.webui.keyword.builtin.ClickKeyword.clickUntilSuccessWithTimeout(ClickKeyword.groovy:81)
	at com.kms.katalon.core.webui.keyword.builtin.ClickKeyword.clickUntilSuccessWithTimeout(ClickKeyword.groovy)
	at com.kms.katalon.core.webui.keyword.builtin.ClickKeyword$_click_closure1.doCall(ClickKeyword.groovy:67)
	at com.kms.katalon.core.webui.keyword.builtin.ClickKeyword$_click_closure1.call(ClickKeyword.groovy)
	at com.kms.katalon.core.webui.keyword.internal.WebUIKeywordMain.runKeyword(WebUIKeywordMain.groovy:20)
	at com.kms.katalon.core.webui.keyword.builtin.ClickKeyword.click(ClickKeyword.groovy:74)
	at com.kms.katalon.core.webui.keyword.builtin.ClickKeyword.execute(ClickKeyword.groovy:40)
	at com.kms.katalon.core.keyword.internal.KeywordExecutor.executeKeywordForPlatform(KeywordExecutor.groovy:74)
	at com.kms.katalon.core.webui.keyword.WebUiBuiltInKeywords.click(WebUiBuiltInKeywords.groovy:620)
	at com.kms.katalon.core.webui.keyword.WebUiBuiltInKeywords$click$5.call(Unknown Source)
	at Script1548864787188.run(Script1548864787188.groovy:73)
	... 13 more
)
[[ATTACHMENT|C:\\Users\\diego.rojas\\git\\Pruebas-Minimas\\Reports\\20211217_173017\\1-Tareas Principales\\20211217_173022\\1639781821686.png]]]]></system-out>
         <system-err><![CDATA[2021-12-17 17:55:21 - [TEST_CASE][FAILED] - Test Cases/1.1-Tareas Principales/1.2.5-Solicitud: Test Cases/1.1-Tareas Principales/1.2.5-Solicitud FAILED.
Reason:
com.kms.katalon.core.exception.StepFailedException: Unable to click on object 'Object Repository/Modulo Tarea Administracion Compensacion/Solicitud/a_Guardar_Solicitud'
	at com.kms.katalon.core.webui.keyword.internal.WebUIKeywordMain.stepFailed(WebUIKeywordMain.groovy:64)
	at com.kms.katalon.core.webui.keyword.internal.WebUIKeywordMain.runKeyword(WebUIKeywordMain.groovy:26)
	at com.kms.katalon.core.webui.keyword.builtin.ClickKeyword.click(ClickKeyword.groovy:74)
	at com.kms.katalon.core.webui.keyword.builtin.ClickKeyword.execute(ClickKeyword.groovy:40)
	at com.kms.katalon.core.keyword.internal.KeywordExecutor.executeKeywordForPlatform(KeywordExecutor.groovy:74)
	at com.kms.katalon.core.webui.keyword.WebUiBuiltInKeywords.click(WebUiBuiltInKeywords.groovy:620)
	at com.kms.katalon.core.webui.keyword.WebUiBuiltInKeywords$click$5.call(Unknown Source)
	at 1.2.5-Solicitud.run(1.2.5-Solicitud:73)
	at com.kms.katalon.core.main.ScriptEngine.run(ScriptEngine.java:194)
	at com.kms.katalon.core.main.ScriptEngine.runScriptAsRawText(ScriptEngine.java:119)
	at com.kms.katalon.core.main.TestCaseExecutor.runScript(TestCaseExecutor.java:442)
	at com.kms.katalon.core.main.TestCaseExecutor.doExecute(TestCaseExecutor.java:433)
	at com.kms.katalon.core.main.TestCaseExecutor.processExecutionPhase(TestCaseExecutor.java:412)
	at com.kms.katalon.core.main.TestCaseExecutor.accessMainPhase(TestCaseExecutor.java:404)
	at com.kms.katalon.core.main.TestCaseExecutor.execute(TestCaseExecutor.java:281)
	at com.kms.katalon.core.main.TestSuiteExecutor.accessTestCaseMainPhase(TestSuiteExecutor.java:202)
	at com.kms.katalon.core.main.TestSuiteExecutor.accessTestSuiteMainPhase(TestSuiteExecutor.java:164)
	at com.kms.katalon.core.main.TestSuiteExecutor.execute(TestSuiteExecutor.java:105)
	at com.kms.katalon.core.main.TestCaseMain.startTestSuite(TestCaseMain.java:181)
	at com.kms.katalon.core.main.TestCaseMain$startTestSuite$0.call(Unknown Source)
	at TempTestSuite1639780222929.run(TempTestSuite1639780222929.groovy:36)
Caused by: org.openqa.selenium.ElementClickInterceptedException: element click intercepted: Element <a id="form_solicitudesEmpleado:j_idt3657" href="#" class="ui-commandlink ui-widget us-boton btn-guardar" onclick="PrimeFaces.ab({s:&quot;form_solicitudesEmpleado:j_idt3657&quot;,f:&quot;form_solicitudesEmpleado&quot;,u:&quot;areaAplicacion&quot;});return false;">...</a> is not clickable at point (555, 587). Other element would receive the click: <div id="popupDocumentoNovedad_form:j_idt3693_modal" class="ui-widget-overlay ui-dialog-mask" style="z-index: 1015;"></div>
  (Session info: chrome=96.0.4664.110)
Build info: version: '3.141.59', revision: 'e82be7d358', time: '2018-11-14T08:25:53'
System info: host: 'US-AF-000371', ip: '192.168.56.1', os.name: 'Windows 10', os.arch: 'amd64', os.version: '10.0', java.version: '1.8.0_282'
Driver info: com.kms.katalon.selenium.driver.CChromeDriver
Capabilities {acceptInsecureCerts: false, browserName: chrome, browserVersion: 96.0.4664.110, chrome: {chromedriverVersion: 95.0.4638.17 (a9d0719444d4b..., userDataDir: C:\Users\DIEGO~1.ROJ\AppDat...}, goog:chromeOptions: {debuggerAddress: localhost:49993}, javascriptEnabled: true, networkConnectionEnabled: false, pageLoadStrategy: normal, platform: WINDOWS, platformName: WINDOWS, proxy: Proxy(), setWindowRect: true, strictFileInteractability: false, timeouts: {implicit: 0, pageLoad: 300000, script: 30000}, unhandledPromptBehavior: dismiss and notify, webauthn:extension:credBlob: true, webauthn:extension:largeBlob: true, webauthn:virtualAuthenticators: true}
Session ID: 31781106a9c6b75bf44040b0401735c9
	at org.openqa.selenium.remote.http.W3CHttpResponseCodec.createException(W3CHttpResponseCodec.java:187)
	at org.openqa.selenium.remote.http.W3CHttpResponseCodec.decode(W3CHttpResponseCodec.java:122)
	at org.openqa.selenium.remote.http.W3CHttpResponseCodec.decode(W3CHttpResponseCodec.java:49)
	at org.openqa.selenium.remote.HttpCommandExecutor.execute(HttpCommandExecutor.java:158)
	at org.openqa.selenium.remote.service.DriverCommandExecutor.execute(DriverCommandExecutor.java:83)
	at org.openqa.selenium.remote.RemoteWebDriver.execute(RemoteWebDriver.java:552)
	at com.kms.katalon.selenium.driver.CChromeDriver.execute(CChromeDriver.java:19)
	at org.openqa.selenium.remote.RemoteWebElement.execute(RemoteWebElement.java:285)
	at org.openqa.selenium.remote.RemoteWebElement.click(RemoteWebElement.java:84)
	at org.openqa.selenium.support.events.EventFiringWebDriver$EventFiringWebElement.lambda$new$0(EventFiringWebDriver.java:404)
	at com.sun.proxy.$Proxy11.click(Unknown Source)
	at org.openqa.selenium.support.events.EventFiringWebDriver$EventFiringWebElement.click(EventFiringWebDriver.java:417)
	at org.openqa.selenium.WebElement$click$0.call(Unknown Source)
	at com.kms.katalon.core.webui.keyword.builtin.ClickKeyword.clickUntilSuccessWithTimeout(ClickKeyword.groovy:81)
	at com.kms.katalon.core.webui.keyword.builtin.ClickKeyword.clickUntilSuccessWithTimeout(ClickKeyword.groovy)
	at com.kms.katalon.core.webui.keyword.builtin.ClickKeyword$_click_closure1.doCall(ClickKeyword.groovy:67)
	at com.kms.katalon.core.webui.keyword.builtin.ClickKeyword$_click_closure1.call(ClickKeyword.groovy)
	at com.kms.katalon.core.webui.keyword.internal.WebUIKeywordMain.runKeyword(WebUIKeywordMain.groovy:20)
	... 19 more]]></system-err>
      </testcase>
      <testcase name="Test Cases/1.1-Tareas Principales/1.2.6-Legalizar Solicitud Nov Empelado" time="54.763" classname="Test Cases/1.1-Tareas Principales/1.2.6-Legalizar Solicitud Nov Empelado" status="PASSED">
         <system-out><![CDATA[2021-12-17 17:57:01 - [TEST_CASE][PASSED] - Test Cases/1.1-Tareas Principales/1.2.6-Legalizar Solicitud Nov Empelado: Test Cases/1.1-Tareas Principales/1.2.6-Legalizar Solicitud Nov Empelado

2021-12-17 17:57:02 - [TEST_STEP][PASSED] - callTestCase(findTestCase("Hutilidades/Tareas Administracion Compensacion/Tarea Aplicacion Nov. Empleado"), [:], STOP_ON_FAILURE): Call Test Case 'Test Cases/Hutilidades/Tareas Administracion Compensacion/Tarea Aplicacion Nov. Empleado' successfully

2021-12-17 17:57:02 - [TEST_CASE][PASSED] - Test Cases/Hutilidades/Tareas Administracion Compensacion/Tarea Aplicacion Nov. Empleado: Test Cases/Hutilidades/Tareas Administracion Compensacion/Tarea Aplicacion Nov. Empleado

2021-12-17 17:57:02 - [TEST_STEP][PASSED] - callTestCase(findTestCase("0.1-Login"), [:], STOP_ON_FAILURE): Call Test Case 'Test Cases/0.1-Login' successfully

2021-12-17 17:57:02 - [TEST_CASE][PASSED] - Test Cases/0.1-Login: Test Cases/0.1-Login

2021-12-17 17:57:02 - [TEST_STEP][PASSED] - openBrowser(""): Browser is opened with url: ''

2021-12-17 17:57:02 - [MESSAGE][WARNING] - A browser is already opened. Closing browser and opening a new one

2021-12-17 17:57:03 - [MESSAGE][INFO] - Starting 'Chrome' driver

2021-12-17 17:57:03 - [MESSAGE][INFO] - Action delay is set to 0 milliseconds

2021-12-17 17:57:04 - [MESSAGE][PASSED] - Browser is opened with url: ''

2021-12-17 17:57:04 - [TEST_STEP][PASSED] - maximizeWindow(): Current window maximized

2021-12-17 17:57:04 - [MESSAGE][PASSED] - Current window maximized

2021-12-17 17:57:04 - [TEST_STEP][PASSED] - i = G_Login: null

2021-12-17 17:57:04 - [TEST_STEP][PASSED] - url = new java.net.URL(i): null

2021-12-17 17:57:04 - [TEST_STEP][PASSED] - println("URL: " + url.toString()): null

2021-12-17 17:57:04 - [TEST_STEP][PASSED] - connection = url.openConnection(): null

2021-12-17 17:57:04 - [TEST_STEP][PASSED] - connection.setRequestMethod("GET"): null

2021-12-17 17:57:04 - [TEST_STEP][PASSED] - connection.setReadTimeout(2 * 1000): null

2021-12-17 17:57:04 - [TEST_STEP][PASSED] - try: null

2021-12-17 17:57:04 - [TEST_STEP][PASSED] - connection.connect(): null

2021-12-17 17:57:04 - [TEST_STEP][PASSED] - flag = connected: null

2021-12-17 17:57:04 - [TEST_STEP][PASSED] - println("Valor_ori: " + flag): null

2021-12-17 17:57:04 - [TEST_STEP][PASSED] - if (flag): null

2021-12-17 17:57:04 - [TEST_STEP][PASSED] - navigateToUrl(i): Navigate to 'http://192.168.2.29:7001/saraweb' successfully

2021-12-17 17:57:11 - [MESSAGE][PASSED] - Navigate to 'http://192.168.2.29:7001/saraweb' successfully

2021-12-17 17:57:11 - [TEST_STEP][PASSED] - a(): null

2021-12-17 17:57:11 - [TEST_STEP][PASSED] - setText(findTestObject("Login/input_USUARIO_loginusuario"), G_Usuario): Text 'weblogic' is set on object 'Object Repository/Login/input_USUARIO_loginusuario'

2021-12-17 17:57:12 - [MESSAGE][PASSED] - Text 'weblogic' is set on object 'Object Repository/Login/input_USUARIO_loginusuario'

2021-12-17 17:57:12 - [TEST_STEP][PASSED] - setEncryptedText(findTestObject("Login/input_CLAVE_loginpassword"), "MkG4/TYiCFC3cb2driP7+Q=="): Text ****** has been set on object 'Object Repository/Login/input_CLAVE_loginpassword'

2021-12-17 17:57:12 - [MESSAGE][PASSED] - Text ****** has been set on object 'Object Repository/Login/input_CLAVE_loginpassword'

2021-12-17 17:57:12 - [TEST_STEP][PASSED] - waitForElementClickable(findTestObject("Login/a_Ingresar"), G_TimeOut): Object 'Object Repository/Login/a_Ingresar' is clickable

2021-12-17 17:57:13 - [MESSAGE][PASSED] - Object 'Object Repository/Login/a_Ingresar' is clickable

2021-12-17 17:57:13 - [TEST_STEP][PASSED] - click(findTestObject("Login/a_Ingresar")): Object: 'Object Repository/Login/a_Ingresar' is clicked on

2021-12-17 17:57:23 - [MESSAGE][PASSED] - Object: 'Object Repository/Login/a_Ingresar' is clicked on

2021-12-17 17:57:23 - [TEST_STEP][PASSED] - element = findWebElement(findTestObject("Login/a_Ir"), 30): null

2021-12-17 17:57:24 - [TEST_STEP][PASSED] - executeJavaScript("arguments[0].click()", Arrays.asList(element)): Execute JavaScript 'arguments[0].click()' successfully

2021-12-17 17:57:24 - [MESSAGE][PASSED] - Execute JavaScript 'arguments[0].click()' successfully

2021-12-17 17:57:24 - [MESSAGE][PASSED] - Call Test Case 'Test Cases/0.1-Login' successfully

2021-12-17 17:57:24 - [TEST_STEP][PASSED] - delay(2): Delayed 2 second(s)

2021-12-17 17:57:26 - [MESSAGE][PASSED] - Delayed 2 second(s)

2021-12-17 17:57:26 - [TEST_STEP][PASSED] - setText(findTestObject("Modulo Tarea Administracion Compensacion/Tarea Aplicacion Nov. Empleado/input_Listado Hojas De Vida_form_templatej_idt24_input"), "Aplicacion Nov. Empleado"): Text 'Aplicacion Nov. Empleado' is set on object 'Object Repository/Modulo Tarea Administracion Compensacion/Tarea Aplicacion Nov. Empleado/input_Listado Hojas De Vida_form_templatej_idt24_input'

2021-12-17 17:57:32 - [MESSAGE][PASSED] - Text 'Aplicacion Nov. Empleado' is set on object 'Object Repository/Modulo Tarea Administracion Compensacion/Tarea Aplicacion Nov. Empleado/input_Listado Hojas De Vida_form_templatej_idt24_input'

2021-12-17 17:57:32 - [TEST_STEP][PASSED] - delay(2): Delayed 2 second(s)

2021-12-17 17:57:34 - [MESSAGE][PASSED] - Delayed 2 second(s)

2021-12-17 17:57:34 - [TEST_STEP][PASSED] - sendKeys(findTestObject("Modulo Tarea Administracion Compensacion/Tarea Aplicacion Nov. Empleado/input_Listado Hojas De Vida_form_templatej_idt24_input"), Keys.chord(ENTER)): Keys 'ENTER + ' sent to object: 'Object Repository/Modulo Tarea Administracion Compensacion/Tarea Aplicacion Nov. Empleado/input_Listado Hojas De Vida_form_templatej_idt24_input'

2021-12-17 17:57:34 - [MESSAGE][PASSED] - Keys 'ENTER + ' sent to object: 'Object Repository/Modulo Tarea Administracion Compensacion/Tarea Aplicacion Nov. Empleado/input_Listado Hojas De Vida_form_templatej_idt24_input'

2021-12-17 17:57:34 - [MESSAGE][PASSED] - Call Test Case 'Test Cases/Hutilidades/Tareas Administracion Compensacion/Tarea Aplicacion Nov. Empleado' successfully

2021-12-17 17:57:34 - [TEST_STEP][PASSED] - waitForElementClickable(findTestObject("Modulo Tarea Administracion Compensacion/Legalizar Solicitud Nov Empelado/a_Ausentismo_Por Autorizar"), 0): Object 'Object Repository/Modulo Tarea Administracion Compensacion/Legalizar Solicitud Nov Empelado/a_Ausentismo_Por Autorizar' is clickable

2021-12-17 17:57:34 - [MESSAGE][WARNING] - Timeout '0' is invalid. Using default page load timeout: '30'

2021-12-17 17:57:42 - [MESSAGE][PASSED] - Object 'Object Repository/Modulo Tarea Administracion Compensacion/Legalizar Solicitud Nov Empelado/a_Ausentismo_Por Autorizar' is clickable

2021-12-17 17:57:42 - [TEST_STEP][PASSED] - click(findTestObject("Modulo Tarea Administracion Compensacion/Legalizar Solicitud Nov Empelado/a_Ausentismo_Por Autorizar")): Object: 'Object Repository/Modulo Tarea Administracion Compensacion/Legalizar Solicitud Nov Empelado/a_Ausentismo_Por Autorizar' is clicked on

2021-12-17 17:57:42 - [MESSAGE][PASSED] - Object: 'Object Repository/Modulo Tarea Administracion Compensacion/Legalizar Solicitud Nov Empelado/a_Ausentismo_Por Autorizar' is clicked on

2021-12-17 17:57:42 - [TEST_STEP][PASSED] - if (waitForElementClickable(findTestObject("Modulo Tarea Administracion Compensacion/Legalizar Solicitud Nov Empelado/span_Consta Belfegord . Jhon"), 1)): null

2021-12-17 17:57:44 - [MESSAGE][PASSED] - Object 'Object Repository/Modulo Tarea Administracion Compensacion/Legalizar Solicitud Nov Empelado/span_Consta Belfegord . Jhon' is clickable

2021-12-17 17:57:44 - [TEST_STEP][PASSED] - click(findTestObject("Modulo Tarea Administracion Compensacion/Legalizar Solicitud Nov Empelado/div_Solicitud_ui-chkbox-box_Consta Belfegord")): Object: 'Object Repository/Modulo Tarea Administracion Compensacion/Legalizar Solicitud Nov Empelado/div_Solicitud_ui-chkbox-box_Consta Belfegord' is clicked on

2021-12-17 17:57:44 - [MESSAGE][PASSED] - Object: 'Object Repository/Modulo Tarea Administracion Compensacion/Legalizar Solicitud Nov Empelado/div_Solicitud_ui-chkbox-box_Consta Belfegord' is clicked on

2021-12-17 17:57:44 - [TEST_STEP][PASSED] - click(findTestObject("Modulo Tarea Administracion Compensacion/Legalizar Solicitud Nov Empelado/a_Autorizar")): Object: 'Object Repository/Modulo Tarea Administracion Compensacion/Legalizar Solicitud Nov Empelado/a_Autorizar' is clicked on

2021-12-17 17:57:45 - [MESSAGE][PASSED] - Object: 'Object Repository/Modulo Tarea Administracion Compensacion/Legalizar Solicitud Nov Empelado/a_Autorizar' is clicked on

2021-12-17 17:57:45 - [TEST_STEP][PASSED] - waitForElementClickable(findTestObject("Modulo Tarea Administracion Compensacion/Legalizar Solicitud Nov Empelado/span_Si_Por  Autorizar"), 0): Object 'Object Repository/Modulo Tarea Administracion Compensacion/Legalizar Solicitud Nov Empelado/span_Si_Por  Autorizar' is clickable

2021-12-17 17:57:45 - [MESSAGE][WARNING] - Timeout '0' is invalid. Using default page load timeout: '30'

2021-12-17 17:57:46 - [MESSAGE][PASSED] - Object 'Object Repository/Modulo Tarea Administracion Compensacion/Legalizar Solicitud Nov Empelado/span_Si_Por  Autorizar' is clickable

2021-12-17 17:57:46 - [TEST_STEP][PASSED] - click(findTestObject("Modulo Tarea Administracion Compensacion/Legalizar Solicitud Nov Empelado/span_Si_Por  Autorizar")): Object: 'Object Repository/Modulo Tarea Administracion Compensacion/Legalizar Solicitud Nov Empelado/span_Si_Por  Autorizar' is clicked on

2021-12-17 17:57:47 - [MESSAGE][PASSED] - Object: 'Object Repository/Modulo Tarea Administracion Compensacion/Legalizar Solicitud Nov Empelado/span_Si_Por  Autorizar' is clicked on

2021-12-17 17:57:47 - [TEST_STEP][PASSED] - click(findTestObject("Modulo Tarea Administracion Compensacion/Legalizar Solicitud Nov Empelado/a_Continuar_Por Autorizar")): Object: 'Object Repository/Modulo Tarea Administracion Compensacion/Legalizar Solicitud Nov Empelado/a_Continuar_Por Autorizar' is clicked on

2021-12-17 17:57:48 - [MESSAGE][PASSED] - Object: 'Object Repository/Modulo Tarea Administracion Compensacion/Legalizar Solicitud Nov Empelado/a_Continuar_Por Autorizar' is clicked on

2021-12-17 17:57:48 - [TEST_STEP][PASSED] - waitForElementClickable(findTestObject("Modulo Tarea Administracion Compensacion/Legalizar Solicitud Nov Empelado/a_Ausentismo_Por legalizar"), 0): Object 'Object Repository/Modulo Tarea Administracion Compensacion/Legalizar Solicitud Nov Empelado/a_Ausentismo_Por legalizar' is clickable

2021-12-17 17:57:48 - [MESSAGE][WARNING] - Timeout '0' is invalid. Using default page load timeout: '30'

2021-12-17 17:57:50 - [MESSAGE][PASSED] - Object 'Object Repository/Modulo Tarea Administracion Compensacion/Legalizar Solicitud Nov Empelado/a_Ausentismo_Por legalizar' is clickable

2021-12-17 17:57:50 - [TEST_STEP][PASSED] - click(findTestObject("Modulo Tarea Administracion Compensacion/Legalizar Solicitud Nov Empelado/a_Ausentismo_Por legalizar")): Object: 'Object Repository/Modulo Tarea Administracion Compensacion/Legalizar Solicitud Nov Empelado/a_Ausentismo_Por legalizar' is clicked on

2021-12-17 17:57:50 - [MESSAGE][PASSED] - Object: 'Object Repository/Modulo Tarea Administracion Compensacion/Legalizar Solicitud Nov Empelado/a_Ausentismo_Por legalizar' is clicked on

2021-12-17 17:57:50 - [TEST_STEP][PASSED] - check(findTestObject("Modulo Tarea Administracion Compensacion/Legalizar Solicitud Nov Empelado/div_Estado_ui-chkbox-box ui-widget ui-corner-all ui-state-default")): Object 'Object Repository/Modulo Tarea Administracion Compensacion/Legalizar Solicitud Nov Empelado/div_Estado_ui-chkbox-box ui-widget ui-corner-all ui-state-default' is checked

2021-12-17 17:57:52 - [MESSAGE][PASSED] - Object 'Object Repository/Modulo Tarea Administracion Compensacion/Legalizar Solicitud Nov Empelado/div_Estado_ui-chkbox-box ui-widget ui-corner-all ui-state-default' is checked

2021-12-17 17:57:52 - [TEST_STEP][PASSED] - click(findTestObject("Modulo Tarea Administracion Compensacion/Legalizar Solicitud Nov Empelado/a_Legalizacin")): Object: 'Object Repository/Modulo Tarea Administracion Compensacion/Legalizar Solicitud Nov Empelado/a_Legalizacin' is clicked on

2021-12-17 17:57:53 - [MESSAGE][PASSED] - Object: 'Object Repository/Modulo Tarea Administracion Compensacion/Legalizar Solicitud Nov Empelado/a_Legalizacin' is clicked on

2021-12-17 17:57:53 - [TEST_STEP][PASSED] - click(findTestObject("Modulo Tarea Administracion Compensacion/Legalizar Solicitud Nov Empelado/span_Si")): Object: 'Object Repository/Modulo Tarea Administracion Compensacion/Legalizar Solicitud Nov Empelado/span_Si' is clicked on

2021-12-17 17:57:54 - [MESSAGE][PASSED] - Object: 'Object Repository/Modulo Tarea Administracion Compensacion/Legalizar Solicitud Nov Empelado/span_Si' is clicked on

2021-12-17 17:57:54 - [TEST_STEP][PASSED] - click(findTestObject("Modulo Tarea Administracion Compensacion/Legalizar Solicitud Nov Empelado/a_Continuar")): Object: 'Object Repository/Modulo Tarea Administracion Compensacion/Legalizar Solicitud Nov Empelado/a_Continuar' is clicked on

2021-12-17 17:57:55 - [MESSAGE][PASSED] - Object: 'Object Repository/Modulo Tarea Administracion Compensacion/Legalizar Solicitud Nov Empelado/a_Continuar' is clicked on

2021-12-17 17:57:55 - [TEST_STEP][PASSED] - closeBrowser(): Browser is closed

2021-12-17 17:57:56 - [MESSAGE][PASSED] - Browser is closed]]></system-out>
         <system-err><![CDATA[]]></system-err>
      </testcase>
      <testcase name="Test Cases/1.1-Tareas Principales/1.2.7-Liquidacion Periodica" time="71.915" classname="Test Cases/1.1-Tareas Principales/1.2.7-Liquidacion Periodica" status="FAILED">
         <failure type="FAILED" message="Test Cases/1.1-Tareas Principales/1.2.7-Liquidacion Periodica FAILED.
Reason:
com.kms.katalon.core.exception.StepFailedException: Unable to get text of object 'Object Repository/Alerta/Alerta'
	at com.kms.katalon.core.webui.keyword.internal.WebUIKeywordMain.stepFailed(WebUIKeywordMain.groovy:64)
	at com.kms.katalon.core.webui.keyword.internal.WebUIKeywordMain.runKeyword(WebUIKeywordMain.groovy:26)
	at com.kms.katalon.core.webui.keyword.builtin.GetTextKeyword.getText(GetTextKeyword.groovy:88)
	at com.kms.katalon.core.webui.keyword.builtin.GetTextKeyword.execute(GetTextKeyword.groovy:67)
	at com.kms.katalon.core.keyword.internal.KeywordExecutor.executeKeywordForPlatform(KeywordExecutor.groovy:74)
	at com.kms.katalon.core.webui.keyword.WebUiBuiltInKeywords.getText(WebUiBuiltInKeywords.groovy:918)
	at com.kms.katalon.core.webui.keyword.WebUiBuiltInKeywords$getText$12.call(Unknown Source)
	at 1.2.7-Liquidacion Periodica.run(1.2.7-Liquidacion Periodica:54)
	at com.kms.katalon.core.main.ScriptEngine.run(ScriptEngine.java:194)
	at com.kms.katalon.core.main.ScriptEngine.runScriptAsRawText(ScriptEngine.java:119)
	at com.kms.katalon.core.main.TestCaseExecutor.runScript(TestCaseExecutor.java:442)
	at com.kms.katalon.core.main.TestCaseExecutor.doExecute(TestCaseExecutor.java:433)
	at com.kms.katalon.core.main.TestCaseExecutor.processExecutionPhase(TestCaseExecutor.java:412)
	at com.kms.katalon.core.main.TestCaseExecutor.accessMainPhase(TestCaseExecutor.java:404)
	at com.kms.katalon.core.main.TestCaseExecutor.execute(TestCaseExecutor.java:281)
	at com.kms.katalon.core.main.TestSuiteExecutor.accessTestCaseMainPhase(TestSuiteExecutor.java:202)
	at com.kms.katalon.core.main.TestSuiteExecutor.accessTestSuiteMainPhase(TestSuiteExecutor.java:164)
	at com.kms.katalon.core.main.TestSuiteExecutor.execute(TestSuiteExecutor.java:105)
	at com.kms.katalon.core.main.TestCaseMain.startTestSuite(TestCaseMain.java:181)
	at com.kms.katalon.core.main.TestCaseMain$startTestSuite$0.call(Unknown Source)
	at TempTestSuite1639780222929.run(TempTestSuite1639780222929.groovy:36)
Caused by: com.kms.katalon.core.webui.exception.WebElementNotFoundException: Web element with id: 'Object Repository/Alerta/Alerta' located by '//div[@id='growl_container']/div/div/div[2]/p' not found
	at com.kms.katalon.core.webui.common.WebUiCommonHelper.findWebElement(WebUiCommonHelper.java:1368)
	at com.kms.katalon.core.webui.keyword.internal.WebUIAbstractKeyword.findWebElement(WebUIAbstractKeyword.groovy:27)
	at com.kms.katalon.core.webui.keyword.internal.WebUIAbstractKeyword.findWebElement(WebUIAbstractKeyword.groovy:26)
	at com.kms.katalon.core.webui.keyword.builtin.GetTextKeyword$_getText_closure1.doCall(GetTextKeyword.groovy:78)
	at com.kms.katalon.core.webui.keyword.builtin.GetTextKeyword$_getText_closure1.call(GetTextKeyword.groovy)
	at com.kms.katalon.core.webui.keyword.internal.WebUIKeywordMain.runKeyword(WebUIKeywordMain.groovy:20)
	... 19 more
"/>
         <system-out><![CDATA[2021-12-17 17:57:56 - [TEST_CASE][FAILED] - Test Cases/1.1-Tareas Principales/1.2.7-Liquidacion Periodica: Test Cases/1.1-Tareas Principales/1.2.7-Liquidacion Periodica FAILED.
Reason:
com.kms.katalon.core.exception.StepFailedException: Unable to get text of object 'Object Repository/Alerta/Alerta'
	at com.kms.katalon.core.webui.keyword.internal.WebUIKeywordMain.stepFailed(WebUIKeywordMain.groovy:64)
	at com.kms.katalon.core.webui.keyword.internal.WebUIKeywordMain.runKeyword(WebUIKeywordMain.groovy:26)
	at com.kms.katalon.core.webui.keyword.builtin.GetTextKeyword.getText(GetTextKeyword.groovy:88)
	at com.kms.katalon.core.webui.keyword.builtin.GetTextKeyword.execute(GetTextKeyword.groovy:67)
	at com.kms.katalon.core.keyword.internal.KeywordExecutor.executeKeywordForPlatform(KeywordExecutor.groovy:74)
	at com.kms.katalon.core.webui.keyword.WebUiBuiltInKeywords.getText(WebUiBuiltInKeywords.groovy:918)
	at com.kms.katalon.core.webui.keyword.WebUiBuiltInKeywords$getText$12.call(Unknown Source)
	at 1.2.7-Liquidacion Periodica.run(1.2.7-Liquidacion Periodica:54)
	at com.kms.katalon.core.main.ScriptEngine.run(ScriptEngine.java:194)
	at com.kms.katalon.core.main.ScriptEngine.runScriptAsRawText(ScriptEngine.java:119)
	at com.kms.katalon.core.main.TestCaseExecutor.runScript(TestCaseExecutor.java:442)
	at com.kms.katalon.core.main.TestCaseExecutor.doExecute(TestCaseExecutor.java:433)
	at com.kms.katalon.core.main.TestCaseExecutor.processExecutionPhase(TestCaseExecutor.java:412)
	at com.kms.katalon.core.main.TestCaseExecutor.accessMainPhase(TestCaseExecutor.java:404)
	at com.kms.katalon.core.main.TestCaseExecutor.execute(TestCaseExecutor.java:281)
	at com.kms.katalon.core.main.TestSuiteExecutor.accessTestCaseMainPhase(TestSuiteExecutor.java:202)
	at com.kms.katalon.core.main.TestSuiteExecutor.accessTestSuiteMainPhase(TestSuiteExecutor.java:164)
	at com.kms.katalon.core.main.TestSuiteExecutor.execute(TestSuiteExecutor.java:105)
	at com.kms.katalon.core.main.TestCaseMain.startTestSuite(TestCaseMain.java:181)
	at com.kms.katalon.core.main.TestCaseMain$startTestSuite$0.call(Unknown Source)
	at TempTestSuite1639780222929.run(TempTestSuite1639780222929.groovy:36)
Caused by: com.kms.katalon.core.webui.exception.WebElementNotFoundException: Web element with id: 'Object Repository/Alerta/Alerta' located by '//div[@id='growl_container']/div/div/div[2]/p' not found
	at com.kms.katalon.core.webui.common.WebUiCommonHelper.findWebElement(WebUiCommonHelper.java:1368)
	at com.kms.katalon.core.webui.keyword.internal.WebUIAbstractKeyword.findWebElement(WebUIAbstractKeyword.groovy:27)
	at com.kms.katalon.core.webui.keyword.internal.WebUIAbstractKeyword.findWebElement(WebUIAbstractKeyword.groovy:26)
	at com.kms.katalon.core.webui.keyword.builtin.GetTextKeyword$_getText_closure1.doCall(GetTextKeyword.groovy:78)
	at com.kms.katalon.core.webui.keyword.builtin.GetTextKeyword$_getText_closure1.call(GetTextKeyword.groovy)
	at com.kms.katalon.core.webui.keyword.internal.WebUIKeywordMain.runKeyword(WebUIKeywordMain.groovy:20)
	... 19 more


2021-12-17 17:57:57 - [TEST_STEP][PASSED] - callTestCase(findTestCase("Hutilidades/Tareas Administracion Compensacion/Tarea Listado Empleados"), [:], STOP_ON_FAILURE): Call Test Case 'Test Cases/Hutilidades/Tareas Administracion Compensacion/Tarea Listado Empleados' successfully

2021-12-17 17:57:57 - [TEST_CASE][PASSED] - Test Cases/Hutilidades/Tareas Administracion Compensacion/Tarea Listado Empleados: Test Cases/Hutilidades/Tareas Administracion Compensacion/Tarea Listado Empleados

2021-12-17 17:57:57 - [TEST_STEP][PASSED] - callTestCase(findTestCase("0.1-Login"), [:], STOP_ON_FAILURE): Call Test Case 'Test Cases/0.1-Login' successfully

2021-12-17 17:57:57 - [TEST_CASE][PASSED] - Test Cases/0.1-Login: Test Cases/0.1-Login

2021-12-17 17:57:57 - [TEST_STEP][PASSED] - openBrowser(""): Browser is opened with url: ''

2021-12-17 17:57:57 - [MESSAGE][INFO] - Starting 'Chrome' driver

2021-12-17 17:57:57 - [MESSAGE][INFO] - Action delay is set to 0 milliseconds

2021-12-17 17:57:58 - [MESSAGE][PASSED] - Browser is opened with url: ''

2021-12-17 17:57:58 - [TEST_STEP][PASSED] - maximizeWindow(): Current window maximized

2021-12-17 17:57:58 - [MESSAGE][PASSED] - Current window maximized

2021-12-17 17:57:58 - [TEST_STEP][PASSED] - i = G_Login: null

2021-12-17 17:57:58 - [TEST_STEP][PASSED] - url = new java.net.URL(i): null

2021-12-17 17:57:58 - [TEST_STEP][PASSED] - println("URL: " + url.toString()): null

2021-12-17 17:57:58 - [TEST_STEP][PASSED] - connection = url.openConnection(): null

2021-12-17 17:57:58 - [TEST_STEP][PASSED] - connection.setRequestMethod("GET"): null

2021-12-17 17:57:58 - [TEST_STEP][PASSED] - connection.setReadTimeout(2 * 1000): null

2021-12-17 17:57:58 - [TEST_STEP][PASSED] - try: null

2021-12-17 17:57:58 - [TEST_STEP][PASSED] - connection.connect(): null

2021-12-17 17:57:58 - [TEST_STEP][PASSED] - flag = connected: null

2021-12-17 17:57:58 - [TEST_STEP][PASSED] - println("Valor_ori: " + flag): null

2021-12-17 17:57:58 - [TEST_STEP][PASSED] - if (flag): null

2021-12-17 17:57:58 - [TEST_STEP][PASSED] - navigateToUrl(i): Navigate to 'http://192.168.2.29:7001/saraweb' successfully

2021-12-17 17:58:02 - [MESSAGE][PASSED] - Navigate to 'http://192.168.2.29:7001/saraweb' successfully

2021-12-17 17:58:02 - [TEST_STEP][PASSED] - a(): null

2021-12-17 17:58:02 - [TEST_STEP][PASSED] - setText(findTestObject("Login/input_USUARIO_loginusuario"), G_Usuario): Text 'weblogic' is set on object 'Object Repository/Login/input_USUARIO_loginusuario'

2021-12-17 17:58:03 - [MESSAGE][PASSED] - Text 'weblogic' is set on object 'Object Repository/Login/input_USUARIO_loginusuario'

2021-12-17 17:58:03 - [TEST_STEP][PASSED] - setEncryptedText(findTestObject("Login/input_CLAVE_loginpassword"), "MkG4/TYiCFC3cb2driP7+Q=="): Text ****** has been set on object 'Object Repository/Login/input_CLAVE_loginpassword'

2021-12-17 17:58:03 - [MESSAGE][PASSED] - Text ****** has been set on object 'Object Repository/Login/input_CLAVE_loginpassword'

2021-12-17 17:58:03 - [TEST_STEP][PASSED] - waitForElementClickable(findTestObject("Login/a_Ingresar"), G_TimeOut): Object 'Object Repository/Login/a_Ingresar' is clickable

2021-12-17 17:58:03 - [MESSAGE][PASSED] - Object 'Object Repository/Login/a_Ingresar' is clickable

2021-12-17 17:58:03 - [TEST_STEP][PASSED] - click(findTestObject("Login/a_Ingresar")): Object: 'Object Repository/Login/a_Ingresar' is clicked on

2021-12-17 17:58:10 - [MESSAGE][PASSED] - Object: 'Object Repository/Login/a_Ingresar' is clicked on

2021-12-17 17:58:10 - [TEST_STEP][PASSED] - element = findWebElement(findTestObject("Login/a_Ir"), 30): null

2021-12-17 17:58:10 - [TEST_STEP][PASSED] - executeJavaScript("arguments[0].click()", Arrays.asList(element)): Execute JavaScript 'arguments[0].click()' successfully

2021-12-17 17:58:10 - [MESSAGE][PASSED] - Execute JavaScript 'arguments[0].click()' successfully

2021-12-17 17:58:10 - [MESSAGE][PASSED] - Call Test Case 'Test Cases/0.1-Login' successfully

2021-12-17 17:58:10 - [TEST_STEP][PASSED] - setText(findTestObject("Modulo Tarea Listado Hojas de Vida/Tareas Listado Hojas de Vida/input_Listado Hojas De Vida_form_templatej_idt24_input"), "Listado de Empleados"): Text 'Listado de Empleados' is set on object 'Object Repository/Modulo Tarea Listado Hojas de Vida/Tareas Listado Hojas de Vida/input_Listado Hojas De Vida_form_templatej_idt24_input'

2021-12-17 17:58:17 - [MESSAGE][PASSED] - Text 'Listado de Empleados' is set on object 'Object Repository/Modulo Tarea Listado Hojas de Vida/Tareas Listado Hojas de Vida/input_Listado Hojas De Vida_form_templatej_idt24_input'

2021-12-17 17:58:17 - [TEST_STEP][PASSED] - delay(3): Delayed 3 second(s)

2021-12-17 17:58:20 - [MESSAGE][PASSED] - Delayed 3 second(s)

2021-12-17 17:58:20 - [TEST_STEP][PASSED] - sendKeys(findTestObject("Modulo Tarea Listado Hojas de Vida/Tareas Listado Hojas de Vida/input_Listado Hojas De Vida_form_templatej_idt24_input"), Keys.chord(ENTER)): Keys 'ENTER + ' sent to object: 'Object Repository/Modulo Tarea Listado Hojas de Vida/Tareas Listado Hojas de Vida/input_Listado Hojas De Vida_form_templatej_idt24_input'

2021-12-17 17:58:20 - [MESSAGE][PASSED] - Keys 'ENTER + ' sent to object: 'Object Repository/Modulo Tarea Listado Hojas de Vida/Tareas Listado Hojas de Vida/input_Listado Hojas De Vida_form_templatej_idt24_input'

2021-12-17 17:58:20 - [MESSAGE][PASSED] - Call Test Case 'Test Cases/Hutilidades/Tareas Administracion Compensacion/Tarea Listado Empleados' successfully

2021-12-17 17:58:20 - [TEST_STEP][PASSED] - waitForElementClickable(findTestObject("Modulo Tarea Administracion Compensacion/Liquidacion Periodica/input_Identificacin_listadoEmp"), 0): Object 'Object Repository/Modulo Tarea Administracion Compensacion/Liquidacion Periodica/input_Identificacin_listadoEmp' is clickable

2021-12-17 17:58:20 - [MESSAGE][WARNING] - Timeout '0' is invalid. Using default page load timeout: '30'

2021-12-17 17:58:27 - [MESSAGE][PASSED] - Object 'Object Repository/Modulo Tarea Administracion Compensacion/Liquidacion Periodica/input_Identificacin_listadoEmp' is clickable

2021-12-17 17:58:27 - [TEST_STEP][PASSED] - setText(findTestObject("Modulo Tarea Administracion Compensacion/Liquidacion Periodica/input_Identificacin_listadoEmp"), "354968431354"): Text '354968431354' is set on object 'Object Repository/Modulo Tarea Administracion Compensacion/Liquidacion Periodica/input_Identificacin_listadoEmp'

2021-12-17 17:58:28 - [MESSAGE][PASSED] - Text '354968431354' is set on object 'Object Repository/Modulo Tarea Administracion Compensacion/Liquidacion Periodica/input_Identificacin_listadoEmp'

2021-12-17 17:58:28 - [TEST_STEP][PASSED] - sendKeys(findTestObject("Modulo Tarea Administracion Compensacion/Liquidacion Periodica/input_Identificacin_listadoEmp"), Keys.chord(ENTER)): Keys 'ENTER + ' sent to object: 'Object Repository/Modulo Tarea Administracion Compensacion/Liquidacion Periodica/input_Identificacin_listadoEmp'

2021-12-17 17:58:28 - [MESSAGE][PASSED] - Keys 'ENTER + ' sent to object: 'Object Repository/Modulo Tarea Administracion Compensacion/Liquidacion Periodica/input_Identificacin_listadoEmp'

2021-12-17 17:58:28 - [TEST_STEP][PASSED] - click(findTestObject("Modulo Tarea Administracion Compensacion/Liquidacion Periodica/span_CONSTA BELFEGORD JHON")): Object: 'Object Repository/Modulo Tarea Administracion Compensacion/Liquidacion Periodica/span_CONSTA BELFEGORD JHON' is clicked on

2021-12-17 17:58:29 - [MESSAGE][PASSED] - Object: 'Object Repository/Modulo Tarea Administracion Compensacion/Liquidacion Periodica/span_CONSTA BELFEGORD JHON' is clicked on

2021-12-17 17:58:29 - [TEST_STEP][PASSED] - waitForElementClickable(findTestObject("Modulo Tarea Administracion Compensacion/Liquidacion Periodica/span_Liquidacin Periodica"), 0): Object 'Object Repository/Modulo Tarea Administracion Compensacion/Liquidacion Periodica/span_Liquidacin Periodica' is clickable

2021-12-17 17:58:29 - [MESSAGE][WARNING] - Timeout '0' is invalid. Using default page load timeout: '30'

2021-12-17 17:58:30 - [MESSAGE][PASSED] - Object 'Object Repository/Modulo Tarea Administracion Compensacion/Liquidacion Periodica/span_Liquidacin Periodica' is clickable

2021-12-17 17:58:30 - [TEST_STEP][PASSED] - click(findTestObject("Modulo Tarea Administracion Compensacion/Liquidacion Periodica/span_Liquidacin Periodica")): Object: 'Object Repository/Modulo Tarea Administracion Compensacion/Liquidacion Periodica/span_Liquidacin Periodica' is clicked on

2021-12-17 17:58:30 - [MESSAGE][PASSED] - Object: 'Object Repository/Modulo Tarea Administracion Compensacion/Liquidacion Periodica/span_Liquidacin Periodica' is clicked on

2021-12-17 17:58:30 - [TEST_STEP][PASSED] - click(findTestObject("Modulo Tarea Administracion Compensacion/Liquidacion Periodica/a_Nuevo")): Object: 'Object Repository/Modulo Tarea Administracion Compensacion/Liquidacion Periodica/a_Nuevo' is clicked on

2021-12-17 17:58:32 - [MESSAGE][PASSED] - Object: 'Object Repository/Modulo Tarea Administracion Compensacion/Liquidacion Periodica/a_Nuevo' is clicked on

2021-12-17 17:58:32 - [TEST_STEP][PASSED] - waitForElementClickable(findTestObject("Modulo Tarea Administracion Compensacion/Liquidacion Periodica/select_-- seleccione --BC - PR"), 0, STOP_ON_FAILURE): Object 'Object Repository/Modulo Tarea Administracion Compensacion/Liquidacion Periodica/select_-- seleccione --BC - PR' is clickable

2021-12-17 17:58:32 - [MESSAGE][WARNING] - Timeout '0' is invalid. Using default page load timeout: '30'

2021-12-17 17:58:32 - [MESSAGE][PASSED] - Object 'Object Repository/Modulo Tarea Administracion Compensacion/Liquidacion Periodica/select_-- seleccione --BC - PR' is clickable

2021-12-17 17:58:32 - [TEST_STEP][PASSED] - selectOptionByValue(findTestObject("Modulo Tarea Administracion Compensacion/Liquidacion Periodica/select_-- seleccione --BC - PR"), "BC", true): All options with value 'BC' are selected in object 'Object Repository/Modulo Tarea Administracion Compensacion/Liquidacion Periodica/select_-- seleccione --BC - PR'  using regular expression

2021-12-17 17:58:33 - [MESSAGE][PASSED] - All options with value 'BC' are selected in object 'Object Repository/Modulo Tarea Administracion Compensacion/Liquidacion Periodica/select_-- seleccione --BC - PR'  using regular expression

2021-12-17 17:58:33 - [TEST_STEP][PASSED] - setText(findTestObject("Modulo Tarea Administracion Compensacion/Liquidacion Periodica/input_Fecha Inicial _form_liqu"), "01/12/2018"): Text '01/12/2018' is set on object 'Object Repository/Modulo Tarea Administracion Compensacion/Liquidacion Periodica/input_Fecha Inicial _form_liqu'

2021-12-17 17:58:35 - [MESSAGE][PASSED] - Text '01/12/2018' is set on object 'Object Repository/Modulo Tarea Administracion Compensacion/Liquidacion Periodica/input_Fecha Inicial _form_liqu'

2021-12-17 17:58:35 - [TEST_STEP][PASSED] - sendKeys(findTestObject("Modulo Tarea Administracion Compensacion/Liquidacion Periodica/input_Fecha Inicial _form_liqu"), Keys.chord(ENTER)): Keys 'ENTER + ' sent to object: 'Object Repository/Modulo Tarea Administracion Compensacion/Liquidacion Periodica/input_Fecha Inicial _form_liqu'

2021-12-17 17:58:36 - [MESSAGE][PASSED] - Keys 'ENTER + ' sent to object: 'Object Repository/Modulo Tarea Administracion Compensacion/Liquidacion Periodica/input_Fecha Inicial _form_liqu'

2021-12-17 17:58:36 - [TEST_STEP][PASSED] - waitForElementClickable(findTestObject("Modulo Tarea Administracion Compensacion/Liquidacion Periodica/a_Guardar"), 0): Object 'Object Repository/Modulo Tarea Administracion Compensacion/Liquidacion Periodica/a_Guardar' is clickable

2021-12-17 17:58:36 - [MESSAGE][WARNING] - Timeout '0' is invalid. Using default page load timeout: '30'

2021-12-17 17:58:36 - [MESSAGE][PASSED] - Object 'Object Repository/Modulo Tarea Administracion Compensacion/Liquidacion Periodica/a_Guardar' is clickable

2021-12-17 17:58:36 - [TEST_STEP][PASSED] - click(findTestObject("Modulo Tarea Administracion Compensacion/Liquidacion Periodica/a_Guardar")): Object: 'Object Repository/Modulo Tarea Administracion Compensacion/Liquidacion Periodica/a_Guardar' is clicked on

2021-12-17 17:58:37 - [MESSAGE][PASSED] - Object: 'Object Repository/Modulo Tarea Administracion Compensacion/Liquidacion Periodica/a_Guardar' is clicked on

2021-12-17 17:58:37 - [TEST_STEP][FAILED] - x = getText(findTestObject("Alerta/Alerta")): Unable to get text of object 'Object Repository/Alerta/Alerta' (Root cause: com.kms.katalon.core.exception.StepFailedException: Unable to get text of object 'Object Repository/Alerta/Alerta'
	at com.kms.katalon.core.webui.keyword.internal.WebUIKeywordMain.stepFailed(WebUIKeywordMain.groovy:64)
	at com.kms.katalon.core.webui.keyword.internal.WebUIKeywordMain.runKeyword(WebUIKeywordMain.groovy:26)
	at com.kms.katalon.core.webui.keyword.builtin.GetTextKeyword.getText(GetTextKeyword.groovy:88)
	at com.kms.katalon.core.webui.keyword.builtin.GetTextKeyword.execute(GetTextKeyword.groovy:67)
	at com.kms.katalon.core.keyword.internal.KeywordExecutor.executeKeywordForPlatform(KeywordExecutor.groovy:74)
	at com.kms.katalon.core.webui.keyword.WebUiBuiltInKeywords.getText(WebUiBuiltInKeywords.groovy:918)
	at com.kms.katalon.core.webui.keyword.WebUiBuiltInKeywords$getText$12.call(Unknown Source)
	at 1.2.7-Liquidacion Periodica.run(1.2.7-Liquidacion Periodica:54)
	at com.kms.katalon.core.main.ScriptEngine.run(ScriptEngine.java:194)
	at com.kms.katalon.core.main.ScriptEngine.runScriptAsRawText(ScriptEngine.java:119)
	at com.kms.katalon.core.main.TestCaseExecutor.runScript(TestCaseExecutor.java:442)
	at com.kms.katalon.core.main.TestCaseExecutor.doExecute(TestCaseExecutor.java:433)
	at com.kms.katalon.core.main.TestCaseExecutor.processExecutionPhase(TestCaseExecutor.java:412)
	at com.kms.katalon.core.main.TestCaseExecutor.accessMainPhase(TestCaseExecutor.java:404)
	at com.kms.katalon.core.main.TestCaseExecutor.execute(TestCaseExecutor.java:281)
	at com.kms.katalon.core.main.TestSuiteExecutor.accessTestCaseMainPhase(TestSuiteExecutor.java:202)
	at com.kms.katalon.core.main.TestSuiteExecutor.accessTestSuiteMainPhase(TestSuiteExecutor.java:164)
	at com.kms.katalon.core.main.TestSuiteExecutor.execute(TestSuiteExecutor.java:105)
	at com.kms.katalon.core.main.TestCaseMain.startTestSuite(TestCaseMain.java:181)
	at com.kms.katalon.core.main.TestCaseMain$startTestSuite$0.call(Unknown Source)
	at TempTestSuite1639780222929.run(TempTestSuite1639780222929.groovy:36)
Caused by: com.kms.katalon.core.webui.exception.WebElementNotFoundException: Web element with id: 'Object Repository/Alerta/Alerta' located by '//div[@id='growl_container']/div/div/div[2]/p' not found
	at com.kms.katalon.core.webui.common.WebUiCommonHelper.findWebElement(WebUiCommonHelper.java:1368)
	at com.kms.katalon.core.webui.keyword.internal.WebUIAbstractKeyword.findWebElement(WebUIAbstractKeyword.groovy:27)
	at com.kms.katalon.core.webui.keyword.internal.WebUIAbstractKeyword.findWebElement(WebUIAbstractKeyword.groovy:26)
	at com.kms.katalon.core.webui.keyword.builtin.GetTextKeyword$_getText_closure1.doCall(GetTextKeyword.groovy:78)
	at com.kms.katalon.core.webui.keyword.builtin.GetTextKeyword$_getText_closure1.call(GetTextKeyword.groovy)
	at com.kms.katalon.core.webui.keyword.internal.WebUIKeywordMain.runKeyword(WebUIKeywordMain.groovy:20)
	at com.kms.katalon.core.webui.keyword.builtin.GetTextKeyword.getText(GetTextKeyword.groovy:88)
	at com.kms.katalon.core.webui.keyword.builtin.GetTextKeyword.execute(GetTextKeyword.groovy:67)
	at com.kms.katalon.core.keyword.internal.KeywordExecutor.executeKeywordForPlatform(KeywordExecutor.groovy:74)
	at com.kms.katalon.core.webui.keyword.WebUiBuiltInKeywords.getText(WebUiBuiltInKeywords.groovy:918)
	at com.kms.katalon.core.webui.keyword.WebUiBuiltInKeywords$getText$12.call(Unknown Source)
	at Script1548864850443.run(Script1548864850443.groovy:54)
	... 13 more
)

2021-12-17 17:59:08 - [MESSAGE][INFO] - Unable to find the element located by 'By.xpath: //div[@id='growl_container']/div/div/div[2]/p'. Please recheck the objects properties to make sure the desired element is located. 

2021-12-17 17:59:08 - [MESSAGE][FAILED] - Unable to get text of object 'Object Repository/Alerta/Alerta' (Root cause: com.kms.katalon.core.exception.StepFailedException: Unable to get text of object 'Object Repository/Alerta/Alerta'
	at com.kms.katalon.core.webui.keyword.internal.WebUIKeywordMain.stepFailed(WebUIKeywordMain.groovy:64)
	at com.kms.katalon.core.webui.keyword.internal.WebUIKeywordMain.runKeyword(WebUIKeywordMain.groovy:26)
	at com.kms.katalon.core.webui.keyword.builtin.GetTextKeyword.getText(GetTextKeyword.groovy:88)
	at com.kms.katalon.core.webui.keyword.builtin.GetTextKeyword.execute(GetTextKeyword.groovy:67)
	at com.kms.katalon.core.keyword.internal.KeywordExecutor.executeKeywordForPlatform(KeywordExecutor.groovy:74)
	at com.kms.katalon.core.webui.keyword.WebUiBuiltInKeywords.getText(WebUiBuiltInKeywords.groovy:918)
	at com.kms.katalon.core.webui.keyword.WebUiBuiltInKeywords$getText$12.call(Unknown Source)
	at 1.2.7-Liquidacion Periodica.run(1.2.7-Liquidacion Periodica:54)
	at com.kms.katalon.core.main.ScriptEngine.run(ScriptEngine.java:194)
	at com.kms.katalon.core.main.ScriptEngine.runScriptAsRawText(ScriptEngine.java:119)
	at com.kms.katalon.core.main.TestCaseExecutor.runScript(TestCaseExecutor.java:442)
	at com.kms.katalon.core.main.TestCaseExecutor.doExecute(TestCaseExecutor.java:433)
	at com.kms.katalon.core.main.TestCaseExecutor.processExecutionPhase(TestCaseExecutor.java:412)
	at com.kms.katalon.core.main.TestCaseExecutor.accessMainPhase(TestCaseExecutor.java:404)
	at com.kms.katalon.core.main.TestCaseExecutor.execute(TestCaseExecutor.java:281)
	at com.kms.katalon.core.main.TestSuiteExecutor.accessTestCaseMainPhase(TestSuiteExecutor.java:202)
	at com.kms.katalon.core.main.TestSuiteExecutor.accessTestSuiteMainPhase(TestSuiteExecutor.java:164)
	at com.kms.katalon.core.main.TestSuiteExecutor.execute(TestSuiteExecutor.java:105)
	at com.kms.katalon.core.main.TestCaseMain.startTestSuite(TestCaseMain.java:181)
	at com.kms.katalon.core.main.TestCaseMain$startTestSuite$0.call(Unknown Source)
	at TempTestSuite1639780222929.run(TempTestSuite1639780222929.groovy:36)
Caused by: com.kms.katalon.core.webui.exception.WebElementNotFoundException: Web element with id: 'Object Repository/Alerta/Alerta' located by '//div[@id='growl_container']/div/div/div[2]/p' not found
	at com.kms.katalon.core.webui.common.WebUiCommonHelper.findWebElement(WebUiCommonHelper.java:1368)
	at com.kms.katalon.core.webui.keyword.internal.WebUIAbstractKeyword.findWebElement(WebUIAbstractKeyword.groovy:27)
	at com.kms.katalon.core.webui.keyword.internal.WebUIAbstractKeyword.findWebElement(WebUIAbstractKeyword.groovy:26)
	at com.kms.katalon.core.webui.keyword.builtin.GetTextKeyword$_getText_closure1.doCall(GetTextKeyword.groovy:78)
	at com.kms.katalon.core.webui.keyword.builtin.GetTextKeyword$_getText_closure1.call(GetTextKeyword.groovy)
	at com.kms.katalon.core.webui.keyword.internal.WebUIKeywordMain.runKeyword(WebUIKeywordMain.groovy:20)
	at com.kms.katalon.core.webui.keyword.builtin.GetTextKeyword.getText(GetTextKeyword.groovy:88)
	at com.kms.katalon.core.webui.keyword.builtin.GetTextKeyword.execute(GetTextKeyword.groovy:67)
	at com.kms.katalon.core.keyword.internal.KeywordExecutor.executeKeywordForPlatform(KeywordExecutor.groovy:74)
	at com.kms.katalon.core.webui.keyword.WebUiBuiltInKeywords.getText(WebUiBuiltInKeywords.groovy:918)
	at com.kms.katalon.core.webui.keyword.WebUiBuiltInKeywords$getText$12.call(Unknown Source)
	at Script1548864850443.run(Script1548864850443.groovy:54)
	... 13 more
)
[[ATTACHMENT|C:\\Users\\diego.rojas\\git\\Pruebas-Minimas\\Reports\\20211217_173017\\1-Tareas Principales\\20211217_173022\\1639781948429.png]]]]></system-out>
         <system-err><![CDATA[2021-12-17 17:57:56 - [TEST_CASE][FAILED] - Test Cases/1.1-Tareas Principales/1.2.7-Liquidacion Periodica: Test Cases/1.1-Tareas Principales/1.2.7-Liquidacion Periodica FAILED.
Reason:
com.kms.katalon.core.exception.StepFailedException: Unable to get text of object 'Object Repository/Alerta/Alerta'
	at com.kms.katalon.core.webui.keyword.internal.WebUIKeywordMain.stepFailed(WebUIKeywordMain.groovy:64)
	at com.kms.katalon.core.webui.keyword.internal.WebUIKeywordMain.runKeyword(WebUIKeywordMain.groovy:26)
	at com.kms.katalon.core.webui.keyword.builtin.GetTextKeyword.getText(GetTextKeyword.groovy:88)
	at com.kms.katalon.core.webui.keyword.builtin.GetTextKeyword.execute(GetTextKeyword.groovy:67)
	at com.kms.katalon.core.keyword.internal.KeywordExecutor.executeKeywordForPlatform(KeywordExecutor.groovy:74)
	at com.kms.katalon.core.webui.keyword.WebUiBuiltInKeywords.getText(WebUiBuiltInKeywords.groovy:918)
	at com.kms.katalon.core.webui.keyword.WebUiBuiltInKeywords$getText$12.call(Unknown Source)
	at 1.2.7-Liquidacion Periodica.run(1.2.7-Liquidacion Periodica:54)
	at com.kms.katalon.core.main.ScriptEngine.run(ScriptEngine.java:194)
	at com.kms.katalon.core.main.ScriptEngine.runScriptAsRawText(ScriptEngine.java:119)
	at com.kms.katalon.core.main.TestCaseExecutor.runScript(TestCaseExecutor.java:442)
	at com.kms.katalon.core.main.TestCaseExecutor.doExecute(TestCaseExecutor.java:433)
	at com.kms.katalon.core.main.TestCaseExecutor.processExecutionPhase(TestCaseExecutor.java:412)
	at com.kms.katalon.core.main.TestCaseExecutor.accessMainPhase(TestCaseExecutor.java:404)
	at com.kms.katalon.core.main.TestCaseExecutor.execute(TestCaseExecutor.java:281)
	at com.kms.katalon.core.main.TestSuiteExecutor.accessTestCaseMainPhase(TestSuiteExecutor.java:202)
	at com.kms.katalon.core.main.TestSuiteExecutor.accessTestSuiteMainPhase(TestSuiteExecutor.java:164)
	at com.kms.katalon.core.main.TestSuiteExecutor.execute(TestSuiteExecutor.java:105)
	at com.kms.katalon.core.main.TestCaseMain.startTestSuite(TestCaseMain.java:181)
	at com.kms.katalon.core.main.TestCaseMain$startTestSuite$0.call(Unknown Source)
	at TempTestSuite1639780222929.run(TempTestSuite1639780222929.groovy:36)
Caused by: com.kms.katalon.core.webui.exception.WebElementNotFoundException: Web element with id: 'Object Repository/Alerta/Alerta' located by '//div[@id='growl_container']/div/div/div[2]/p' not found
	at com.kms.katalon.core.webui.common.WebUiCommonHelper.findWebElement(WebUiCommonHelper.java:1368)
	at com.kms.katalon.core.webui.keyword.internal.WebUIAbstractKeyword.findWebElement(WebUIAbstractKeyword.groovy:27)
	at com.kms.katalon.core.webui.keyword.internal.WebUIAbstractKeyword.findWebElement(WebUIAbstractKeyword.groovy:26)
	at com.kms.katalon.core.webui.keyword.builtin.GetTextKeyword$_getText_closure1.doCall(GetTextKeyword.groovy:78)
	at com.kms.katalon.core.webui.keyword.builtin.GetTextKeyword$_getText_closure1.call(GetTextKeyword.groovy)
	at com.kms.katalon.core.webui.keyword.internal.WebUIKeywordMain.runKeyword(WebUIKeywordMain.groovy:20)
	... 19 more]]></system-err>
      </testcase>
      <testcase name="Test Cases/1.1-Tareas Principales/1.2.8-Embargos" time="71.995" classname="Test Cases/1.1-Tareas Principales/1.2.8-Embargos" status="FAILED">
         <failure type="FAILED" message="Test Cases/1.1-Tareas Principales/1.2.8-Embargos FAILED.
Reason:
com.kms.katalon.core.exception.StepFailedException: Unable to get text of object 'Object Repository/Alerta/Alerta'
	at com.kms.katalon.core.webui.keyword.internal.WebUIKeywordMain.stepFailed(WebUIKeywordMain.groovy:64)
	at com.kms.katalon.core.webui.keyword.internal.WebUIKeywordMain.runKeyword(WebUIKeywordMain.groovy:26)
	at com.kms.katalon.core.webui.keyword.builtin.GetTextKeyword.getText(GetTextKeyword.groovy:88)
	at com.kms.katalon.core.webui.keyword.builtin.GetTextKeyword.execute(GetTextKeyword.groovy:67)
	at com.kms.katalon.core.keyword.internal.KeywordExecutor.executeKeywordForPlatform(KeywordExecutor.groovy:74)
	at com.kms.katalon.core.webui.keyword.WebUiBuiltInKeywords.getText(WebUiBuiltInKeywords.groovy:918)
	at com.kms.katalon.core.webui.keyword.WebUiBuiltInKeywords$getText$12.call(Unknown Source)
	at 1.2.8-Embargos.run(1.2.8-Embargos:43)
	at com.kms.katalon.core.main.ScriptEngine.run(ScriptEngine.java:194)
	at com.kms.katalon.core.main.ScriptEngine.runScriptAsRawText(ScriptEngine.java:119)
	at com.kms.katalon.core.main.TestCaseExecutor.runScript(TestCaseExecutor.java:442)
	at com.kms.katalon.core.main.TestCaseExecutor.doExecute(TestCaseExecutor.java:433)
	at com.kms.katalon.core.main.TestCaseExecutor.processExecutionPhase(TestCaseExecutor.java:412)
	at com.kms.katalon.core.main.TestCaseExecutor.accessMainPhase(TestCaseExecutor.java:404)
	at com.kms.katalon.core.main.TestCaseExecutor.execute(TestCaseExecutor.java:281)
	at com.kms.katalon.core.main.TestSuiteExecutor.accessTestCaseMainPhase(TestSuiteExecutor.java:202)
	at com.kms.katalon.core.main.TestSuiteExecutor.accessTestSuiteMainPhase(TestSuiteExecutor.java:164)
	at com.kms.katalon.core.main.TestSuiteExecutor.execute(TestSuiteExecutor.java:105)
	at com.kms.katalon.core.main.TestCaseMain.startTestSuite(TestCaseMain.java:181)
	at com.kms.katalon.core.main.TestCaseMain$startTestSuite$0.call(Unknown Source)
	at TempTestSuite1639780222929.run(TempTestSuite1639780222929.groovy:36)
Caused by: com.kms.katalon.core.webui.exception.WebElementNotFoundException: Web element with id: 'Object Repository/Alerta/Alerta' located by '//div[@id='growl_container']/div/div/div[2]/p' not found
	at com.kms.katalon.core.webui.common.WebUiCommonHelper.findWebElement(WebUiCommonHelper.java:1368)
	at com.kms.katalon.core.webui.keyword.internal.WebUIAbstractKeyword.findWebElement(WebUIAbstractKeyword.groovy:27)
	at com.kms.katalon.core.webui.keyword.internal.WebUIAbstractKeyword.findWebElement(WebUIAbstractKeyword.groovy:26)
	at com.kms.katalon.core.webui.keyword.builtin.GetTextKeyword$_getText_closure1.doCall(GetTextKeyword.groovy:78)
	at com.kms.katalon.core.webui.keyword.builtin.GetTextKeyword$_getText_closure1.call(GetTextKeyword.groovy)
	at com.kms.katalon.core.webui.keyword.internal.WebUIKeywordMain.runKeyword(WebUIKeywordMain.groovy:20)
	... 19 more
"/>
         <system-out><![CDATA[2021-12-17 17:59:08 - [TEST_CASE][FAILED] - Test Cases/1.1-Tareas Principales/1.2.8-Embargos: Test Cases/1.1-Tareas Principales/1.2.8-Embargos FAILED.
Reason:
com.kms.katalon.core.exception.StepFailedException: Unable to get text of object 'Object Repository/Alerta/Alerta'
	at com.kms.katalon.core.webui.keyword.internal.WebUIKeywordMain.stepFailed(WebUIKeywordMain.groovy:64)
	at com.kms.katalon.core.webui.keyword.internal.WebUIKeywordMain.runKeyword(WebUIKeywordMain.groovy:26)
	at com.kms.katalon.core.webui.keyword.builtin.GetTextKeyword.getText(GetTextKeyword.groovy:88)
	at com.kms.katalon.core.webui.keyword.builtin.GetTextKeyword.execute(GetTextKeyword.groovy:67)
	at com.kms.katalon.core.keyword.internal.KeywordExecutor.executeKeywordForPlatform(KeywordExecutor.groovy:74)
	at com.kms.katalon.core.webui.keyword.WebUiBuiltInKeywords.getText(WebUiBuiltInKeywords.groovy:918)
	at com.kms.katalon.core.webui.keyword.WebUiBuiltInKeywords$getText$12.call(Unknown Source)
	at 1.2.8-Embargos.run(1.2.8-Embargos:43)
	at com.kms.katalon.core.main.ScriptEngine.run(ScriptEngine.java:194)
	at com.kms.katalon.core.main.ScriptEngine.runScriptAsRawText(ScriptEngine.java:119)
	at com.kms.katalon.core.main.TestCaseExecutor.runScript(TestCaseExecutor.java:442)
	at com.kms.katalon.core.main.TestCaseExecutor.doExecute(TestCaseExecutor.java:433)
	at com.kms.katalon.core.main.TestCaseExecutor.processExecutionPhase(TestCaseExecutor.java:412)
	at com.kms.katalon.core.main.TestCaseExecutor.accessMainPhase(TestCaseExecutor.java:404)
	at com.kms.katalon.core.main.TestCaseExecutor.execute(TestCaseExecutor.java:281)
	at com.kms.katalon.core.main.TestSuiteExecutor.accessTestCaseMainPhase(TestSuiteExecutor.java:202)
	at com.kms.katalon.core.main.TestSuiteExecutor.accessTestSuiteMainPhase(TestSuiteExecutor.java:164)
	at com.kms.katalon.core.main.TestSuiteExecutor.execute(TestSuiteExecutor.java:105)
	at com.kms.katalon.core.main.TestCaseMain.startTestSuite(TestCaseMain.java:181)
	at com.kms.katalon.core.main.TestCaseMain$startTestSuite$0.call(Unknown Source)
	at TempTestSuite1639780222929.run(TempTestSuite1639780222929.groovy:36)
Caused by: com.kms.katalon.core.webui.exception.WebElementNotFoundException: Web element with id: 'Object Repository/Alerta/Alerta' located by '//div[@id='growl_container']/div/div/div[2]/p' not found
	at com.kms.katalon.core.webui.common.WebUiCommonHelper.findWebElement(WebUiCommonHelper.java:1368)
	at com.kms.katalon.core.webui.keyword.internal.WebUIAbstractKeyword.findWebElement(WebUIAbstractKeyword.groovy:27)
	at com.kms.katalon.core.webui.keyword.internal.WebUIAbstractKeyword.findWebElement(WebUIAbstractKeyword.groovy:26)
	at com.kms.katalon.core.webui.keyword.builtin.GetTextKeyword$_getText_closure1.doCall(GetTextKeyword.groovy:78)
	at com.kms.katalon.core.webui.keyword.builtin.GetTextKeyword$_getText_closure1.call(GetTextKeyword.groovy)
	at com.kms.katalon.core.webui.keyword.internal.WebUIKeywordMain.runKeyword(WebUIKeywordMain.groovy:20)
	... 19 more


2021-12-17 17:59:08 - [TEST_STEP][PASSED] - callTestCase(findTestCase("Hutilidades/Tareas Administracion Compensacion/Tarea Listado Empleados"), [:], STOP_ON_FAILURE): Call Test Case 'Test Cases/Hutilidades/Tareas Administracion Compensacion/Tarea Listado Empleados' successfully

2021-12-17 17:59:08 - [TEST_CASE][PASSED] - Test Cases/Hutilidades/Tareas Administracion Compensacion/Tarea Listado Empleados: Test Cases/Hutilidades/Tareas Administracion Compensacion/Tarea Listado Empleados

2021-12-17 17:59:08 - [TEST_STEP][PASSED] - callTestCase(findTestCase("0.1-Login"), [:], STOP_ON_FAILURE): Call Test Case 'Test Cases/0.1-Login' successfully

2021-12-17 17:59:09 - [TEST_CASE][PASSED] - Test Cases/0.1-Login: Test Cases/0.1-Login

2021-12-17 17:59:09 - [TEST_STEP][PASSED] - openBrowser(""): Browser is opened with url: ''

2021-12-17 17:59:09 - [MESSAGE][WARNING] - A browser is already opened. Closing browser and opening a new one

2021-12-17 17:59:09 - [MESSAGE][INFO] - Starting 'Chrome' driver

2021-12-17 17:59:09 - [MESSAGE][INFO] - Action delay is set to 0 milliseconds

2021-12-17 17:59:10 - [MESSAGE][PASSED] - Browser is opened with url: ''

2021-12-17 17:59:11 - [TEST_STEP][PASSED] - maximizeWindow(): Current window maximized

2021-12-17 17:59:11 - [MESSAGE][PASSED] - Current window maximized

2021-12-17 17:59:11 - [TEST_STEP][PASSED] - i = G_Login: null

2021-12-17 17:59:11 - [TEST_STEP][PASSED] - url = new java.net.URL(i): null

2021-12-17 17:59:11 - [TEST_STEP][PASSED] - println("URL: " + url.toString()): null

2021-12-17 17:59:11 - [TEST_STEP][PASSED] - connection = url.openConnection(): null

2021-12-17 17:59:11 - [TEST_STEP][PASSED] - connection.setRequestMethod("GET"): null

2021-12-17 17:59:11 - [TEST_STEP][PASSED] - connection.setReadTimeout(2 * 1000): null

2021-12-17 17:59:11 - [TEST_STEP][PASSED] - try: null

2021-12-17 17:59:11 - [TEST_STEP][PASSED] - connection.connect(): null

2021-12-17 17:59:11 - [TEST_STEP][PASSED] - flag = connected: null

2021-12-17 17:59:11 - [TEST_STEP][PASSED] - println("Valor_ori: " + flag): null

2021-12-17 17:59:11 - [TEST_STEP][PASSED] - if (flag): null

2021-12-17 17:59:11 - [TEST_STEP][PASSED] - navigateToUrl(i): Navigate to 'http://192.168.2.29:7001/saraweb' successfully

2021-12-17 17:59:14 - [MESSAGE][PASSED] - Navigate to 'http://192.168.2.29:7001/saraweb' successfully

2021-12-17 17:59:14 - [TEST_STEP][PASSED] - a(): null

2021-12-17 17:59:14 - [TEST_STEP][PASSED] - setText(findTestObject("Login/input_USUARIO_loginusuario"), G_Usuario): Text 'weblogic' is set on object 'Object Repository/Login/input_USUARIO_loginusuario'

2021-12-17 17:59:15 - [MESSAGE][PASSED] - Text 'weblogic' is set on object 'Object Repository/Login/input_USUARIO_loginusuario'

2021-12-17 17:59:15 - [TEST_STEP][PASSED] - setEncryptedText(findTestObject("Login/input_CLAVE_loginpassword"), "MkG4/TYiCFC3cb2driP7+Q=="): Text ****** has been set on object 'Object Repository/Login/input_CLAVE_loginpassword'

2021-12-17 17:59:16 - [MESSAGE][PASSED] - Text ****** has been set on object 'Object Repository/Login/input_CLAVE_loginpassword'

2021-12-17 17:59:16 - [TEST_STEP][PASSED] - waitForElementClickable(findTestObject("Login/a_Ingresar"), G_TimeOut): Object 'Object Repository/Login/a_Ingresar' is clickable

2021-12-17 17:59:16 - [MESSAGE][PASSED] - Object 'Object Repository/Login/a_Ingresar' is clickable

2021-12-17 17:59:16 - [TEST_STEP][PASSED] - click(findTestObject("Login/a_Ingresar")): Object: 'Object Repository/Login/a_Ingresar' is clicked on

2021-12-17 17:59:23 - [MESSAGE][PASSED] - Object: 'Object Repository/Login/a_Ingresar' is clicked on

2021-12-17 17:59:23 - [TEST_STEP][PASSED] - element = findWebElement(findTestObject("Login/a_Ir"), 30): null

2021-12-17 17:59:23 - [TEST_STEP][PASSED] - executeJavaScript("arguments[0].click()", Arrays.asList(element)): Execute JavaScript 'arguments[0].click()' successfully

2021-12-17 17:59:24 - [MESSAGE][PASSED] - Execute JavaScript 'arguments[0].click()' successfully

2021-12-17 17:59:24 - [MESSAGE][PASSED] - Call Test Case 'Test Cases/0.1-Login' successfully

2021-12-17 17:59:24 - [TEST_STEP][PASSED] - setText(findTestObject("Modulo Tarea Listado Hojas de Vida/Tareas Listado Hojas de Vida/input_Listado Hojas De Vida_form_templatej_idt24_input"), "Listado de Empleados"): Text 'Listado de Empleados' is set on object 'Object Repository/Modulo Tarea Listado Hojas de Vida/Tareas Listado Hojas de Vida/input_Listado Hojas De Vida_form_templatej_idt24_input'

2021-12-17 17:59:30 - [MESSAGE][PASSED] - Text 'Listado de Empleados' is set on object 'Object Repository/Modulo Tarea Listado Hojas de Vida/Tareas Listado Hojas de Vida/input_Listado Hojas De Vida_form_templatej_idt24_input'

2021-12-17 17:59:30 - [TEST_STEP][PASSED] - delay(3): Delayed 3 second(s)

2021-12-17 17:59:33 - [MESSAGE][PASSED] - Delayed 3 second(s)

2021-12-17 17:59:33 - [TEST_STEP][PASSED] - sendKeys(findTestObject("Modulo Tarea Listado Hojas de Vida/Tareas Listado Hojas de Vida/input_Listado Hojas De Vida_form_templatej_idt24_input"), Keys.chord(ENTER)): Keys 'ENTER + ' sent to object: 'Object Repository/Modulo Tarea Listado Hojas de Vida/Tareas Listado Hojas de Vida/input_Listado Hojas De Vida_form_templatej_idt24_input'

2021-12-17 17:59:34 - [MESSAGE][PASSED] - Keys 'ENTER + ' sent to object: 'Object Repository/Modulo Tarea Listado Hojas de Vida/Tareas Listado Hojas de Vida/input_Listado Hojas De Vida_form_templatej_idt24_input'

2021-12-17 17:59:34 - [MESSAGE][PASSED] - Call Test Case 'Test Cases/Hutilidades/Tareas Administracion Compensacion/Tarea Listado Empleados' successfully

2021-12-17 17:59:34 - [TEST_STEP][PASSED] - waitForElementClickable(findTestObject("Modulo Tarea Administracion Compensacion/Embargos/input_Identificacin_listadoEmp"), 0): Object 'Object Repository/Modulo Tarea Administracion Compensacion/Embargos/input_Identificacin_listadoEmp' is clickable

2021-12-17 17:59:34 - [MESSAGE][WARNING] - Timeout '0' is invalid. Using default page load timeout: '30'

2021-12-17 17:59:41 - [MESSAGE][PASSED] - Object 'Object Repository/Modulo Tarea Administracion Compensacion/Embargos/input_Identificacin_listadoEmp' is clickable

2021-12-17 17:59:41 - [TEST_STEP][PASSED] - setText(findTestObject("Modulo Tarea Administracion Compensacion/Embargos/input_Identificacin_listadoEmp"), "354968431354"): Text '354968431354' is set on object 'Object Repository/Modulo Tarea Administracion Compensacion/Embargos/input_Identificacin_listadoEmp'

2021-12-17 17:59:42 - [MESSAGE][PASSED] - Text '354968431354' is set on object 'Object Repository/Modulo Tarea Administracion Compensacion/Embargos/input_Identificacin_listadoEmp'

2021-12-17 17:59:42 - [TEST_STEP][PASSED] - sendKeys(findTestObject("Modulo Tarea Administracion Compensacion/Embargos/input_Identificacin_listadoEmp"), Keys.chord(ENTER)): Keys 'ENTER + ' sent to object: 'Object Repository/Modulo Tarea Administracion Compensacion/Embargos/input_Identificacin_listadoEmp'

2021-12-17 17:59:42 - [MESSAGE][PASSED] - Keys 'ENTER + ' sent to object: 'Object Repository/Modulo Tarea Administracion Compensacion/Embargos/input_Identificacin_listadoEmp'

2021-12-17 17:59:42 - [TEST_STEP][PASSED] - click(findTestObject("Modulo Tarea Administracion Compensacion/Embargos/span_CONSTA BELFEGORD JHON")): Object: 'Object Repository/Modulo Tarea Administracion Compensacion/Embargos/span_CONSTA BELFEGORD JHON' is clicked on

2021-12-17 17:59:43 - [MESSAGE][PASSED] - Object: 'Object Repository/Modulo Tarea Administracion Compensacion/Embargos/span_CONSTA BELFEGORD JHON' is clicked on

2021-12-17 17:59:43 - [TEST_STEP][PASSED] - click(findTestObject("Modulo Tarea Administracion Compensacion/Embargos/span_Embargos")): Object: 'Object Repository/Modulo Tarea Administracion Compensacion/Embargos/span_Embargos' is clicked on

2021-12-17 17:59:44 - [MESSAGE][PASSED] - Object: 'Object Repository/Modulo Tarea Administracion Compensacion/Embargos/span_Embargos' is clicked on

2021-12-17 17:59:44 - [TEST_STEP][PASSED] - click(findTestObject("Modulo Tarea Administracion Compensacion/Embargos/a_Nuevo")): Object: 'Object Repository/Modulo Tarea Administracion Compensacion/Embargos/a_Nuevo' is clicked on

2021-12-17 17:59:45 - [MESSAGE][PASSED] - Object: 'Object Repository/Modulo Tarea Administracion Compensacion/Embargos/a_Nuevo' is clicked on

2021-12-17 17:59:45 - [TEST_STEP][PASSED] - selectOptionByValue(findTestObject("Modulo Tarea Administracion Compensacion/Embargos/select_-- seleccione --E5 - EM"), "E5", true): All options with value 'E5' are selected in object 'Object Repository/Modulo Tarea Administracion Compensacion/Embargos/select_-- seleccione --E5 - EM'  using regular expression

2021-12-17 17:59:46 - [MESSAGE][PASSED] - All options with value 'E5' are selected in object 'Object Repository/Modulo Tarea Administracion Compensacion/Embargos/select_-- seleccione --E5 - EM'  using regular expression

2021-12-17 17:59:46 - [TEST_STEP][PASSED] - setText(findTestObject("Modulo Tarea Administracion Compensacion/Embargos/input_Fecha Inicial _form_emba"), "27/12/2018"): Text '27/12/2018' is set on object 'Object Repository/Modulo Tarea Administracion Compensacion/Embargos/input_Fecha Inicial _form_emba'

2021-12-17 17:59:48 - [MESSAGE][PASSED] - Text '27/12/2018' is set on object 'Object Repository/Modulo Tarea Administracion Compensacion/Embargos/input_Fecha Inicial _form_emba'

2021-12-17 17:59:48 - [TEST_STEP][PASSED] - sendKeys(findTestObject("Modulo Tarea Administracion Compensacion/Embargos/input_Fecha Inicial _form_emba"), Keys.chord(ENTER)): Keys 'ENTER + ' sent to object: 'Object Repository/Modulo Tarea Administracion Compensacion/Embargos/input_Fecha Inicial _form_emba'

2021-12-17 17:59:48 - [MESSAGE][PASSED] - Keys 'ENTER + ' sent to object: 'Object Repository/Modulo Tarea Administracion Compensacion/Embargos/input_Fecha Inicial _form_emba'

2021-12-17 17:59:48 - [TEST_STEP][PASSED] - click(findTestObject("Modulo Tarea Administracion Compensacion/Embargos/a_Guardar")): Object: 'Object Repository/Modulo Tarea Administracion Compensacion/Embargos/a_Guardar' is clicked on

2021-12-17 17:59:49 - [MESSAGE][PASSED] - Object: 'Object Repository/Modulo Tarea Administracion Compensacion/Embargos/a_Guardar' is clicked on

2021-12-17 17:59:49 - [TEST_STEP][FAILED] - getText(findTestObject("Alerta/Alerta")): Unable to get text of object 'Object Repository/Alerta/Alerta' (Root cause: com.kms.katalon.core.exception.StepFailedException: Unable to get text of object 'Object Repository/Alerta/Alerta'
	at com.kms.katalon.core.webui.keyword.internal.WebUIKeywordMain.stepFailed(WebUIKeywordMain.groovy:64)
	at com.kms.katalon.core.webui.keyword.internal.WebUIKeywordMain.runKeyword(WebUIKeywordMain.groovy:26)
	at com.kms.katalon.core.webui.keyword.builtin.GetTextKeyword.getText(GetTextKeyword.groovy:88)
	at com.kms.katalon.core.webui.keyword.builtin.GetTextKeyword.execute(GetTextKeyword.groovy:67)
	at com.kms.katalon.core.keyword.internal.KeywordExecutor.executeKeywordForPlatform(KeywordExecutor.groovy:74)
	at com.kms.katalon.core.webui.keyword.WebUiBuiltInKeywords.getText(WebUiBuiltInKeywords.groovy:918)
	at com.kms.katalon.core.webui.keyword.WebUiBuiltInKeywords$getText$12.call(Unknown Source)
	at 1.2.8-Embargos.run(1.2.8-Embargos:43)
	at com.kms.katalon.core.main.ScriptEngine.run(ScriptEngine.java:194)
	at com.kms.katalon.core.main.ScriptEngine.runScriptAsRawText(ScriptEngine.java:119)
	at com.kms.katalon.core.main.TestCaseExecutor.runScript(TestCaseExecutor.java:442)
	at com.kms.katalon.core.main.TestCaseExecutor.doExecute(TestCaseExecutor.java:433)
	at com.kms.katalon.core.main.TestCaseExecutor.processExecutionPhase(TestCaseExecutor.java:412)
	at com.kms.katalon.core.main.TestCaseExecutor.accessMainPhase(TestCaseExecutor.java:404)
	at com.kms.katalon.core.main.TestCaseExecutor.execute(TestCaseExecutor.java:281)
	at com.kms.katalon.core.main.TestSuiteExecutor.accessTestCaseMainPhase(TestSuiteExecutor.java:202)
	at com.kms.katalon.core.main.TestSuiteExecutor.accessTestSuiteMainPhase(TestSuiteExecutor.java:164)
	at com.kms.katalon.core.main.TestSuiteExecutor.execute(TestSuiteExecutor.java:105)
	at com.kms.katalon.core.main.TestCaseMain.startTestSuite(TestCaseMain.java:181)
	at com.kms.katalon.core.main.TestCaseMain$startTestSuite$0.call(Unknown Source)
	at TempTestSuite1639780222929.run(TempTestSuite1639780222929.groovy:36)
Caused by: com.kms.katalon.core.webui.exception.WebElementNotFoundException: Web element with id: 'Object Repository/Alerta/Alerta' located by '//div[@id='growl_container']/div/div/div[2]/p' not found
	at com.kms.katalon.core.webui.common.WebUiCommonHelper.findWebElement(WebUiCommonHelper.java:1368)
	at com.kms.katalon.core.webui.keyword.internal.WebUIAbstractKeyword.findWebElement(WebUIAbstractKeyword.groovy:27)
	at com.kms.katalon.core.webui.keyword.internal.WebUIAbstractKeyword.findWebElement(WebUIAbstractKeyword.groovy:26)
	at com.kms.katalon.core.webui.keyword.builtin.GetTextKeyword$_getText_closure1.doCall(GetTextKeyword.groovy:78)
	at com.kms.katalon.core.webui.keyword.builtin.GetTextKeyword$_getText_closure1.call(GetTextKeyword.groovy)
	at com.kms.katalon.core.webui.keyword.internal.WebUIKeywordMain.runKeyword(WebUIKeywordMain.groovy:20)
	at com.kms.katalon.core.webui.keyword.builtin.GetTextKeyword.getText(GetTextKeyword.groovy:88)
	at com.kms.katalon.core.webui.keyword.builtin.GetTextKeyword.execute(GetTextKeyword.groovy:67)
	at com.kms.katalon.core.keyword.internal.KeywordExecutor.executeKeywordForPlatform(KeywordExecutor.groovy:74)
	at com.kms.katalon.core.webui.keyword.WebUiBuiltInKeywords.getText(WebUiBuiltInKeywords.groovy:918)
	at com.kms.katalon.core.webui.keyword.WebUiBuiltInKeywords$getText$12.call(Unknown Source)
	at Script1548864867986.run(Script1548864867986.groovy:43)
	... 13 more
)

2021-12-17 18:00:20 - [MESSAGE][INFO] - Unable to find the element located by 'By.xpath: //div[@id='growl_container']/div/div/div[2]/p'. Please recheck the objects properties to make sure the desired element is located. 

2021-12-17 18:00:20 - [MESSAGE][FAILED] - Unable to get text of object 'Object Repository/Alerta/Alerta' (Root cause: com.kms.katalon.core.exception.StepFailedException: Unable to get text of object 'Object Repository/Alerta/Alerta'
	at com.kms.katalon.core.webui.keyword.internal.WebUIKeywordMain.stepFailed(WebUIKeywordMain.groovy:64)
	at com.kms.katalon.core.webui.keyword.internal.WebUIKeywordMain.runKeyword(WebUIKeywordMain.groovy:26)
	at com.kms.katalon.core.webui.keyword.builtin.GetTextKeyword.getText(GetTextKeyword.groovy:88)
	at com.kms.katalon.core.webui.keyword.builtin.GetTextKeyword.execute(GetTextKeyword.groovy:67)
	at com.kms.katalon.core.keyword.internal.KeywordExecutor.executeKeywordForPlatform(KeywordExecutor.groovy:74)
	at com.kms.katalon.core.webui.keyword.WebUiBuiltInKeywords.getText(WebUiBuiltInKeywords.groovy:918)
	at com.kms.katalon.core.webui.keyword.WebUiBuiltInKeywords$getText$12.call(Unknown Source)
	at 1.2.8-Embargos.run(1.2.8-Embargos:43)
	at com.kms.katalon.core.main.ScriptEngine.run(ScriptEngine.java:194)
	at com.kms.katalon.core.main.ScriptEngine.runScriptAsRawText(ScriptEngine.java:119)
	at com.kms.katalon.core.main.TestCaseExecutor.runScript(TestCaseExecutor.java:442)
	at com.kms.katalon.core.main.TestCaseExecutor.doExecute(TestCaseExecutor.java:433)
	at com.kms.katalon.core.main.TestCaseExecutor.processExecutionPhase(TestCaseExecutor.java:412)
	at com.kms.katalon.core.main.TestCaseExecutor.accessMainPhase(TestCaseExecutor.java:404)
	at com.kms.katalon.core.main.TestCaseExecutor.execute(TestCaseExecutor.java:281)
	at com.kms.katalon.core.main.TestSuiteExecutor.accessTestCaseMainPhase(TestSuiteExecutor.java:202)
	at com.kms.katalon.core.main.TestSuiteExecutor.accessTestSuiteMainPhase(TestSuiteExecutor.java:164)
	at com.kms.katalon.core.main.TestSuiteExecutor.execute(TestSuiteExecutor.java:105)
	at com.kms.katalon.core.main.TestCaseMain.startTestSuite(TestCaseMain.java:181)
	at com.kms.katalon.core.main.TestCaseMain$startTestSuite$0.call(Unknown Source)
	at TempTestSuite1639780222929.run(TempTestSuite1639780222929.groovy:36)
Caused by: com.kms.katalon.core.webui.exception.WebElementNotFoundException: Web element with id: 'Object Repository/Alerta/Alerta' located by '//div[@id='growl_container']/div/div/div[2]/p' not found
	at com.kms.katalon.core.webui.common.WebUiCommonHelper.findWebElement(WebUiCommonHelper.java:1368)
	at com.kms.katalon.core.webui.keyword.internal.WebUIAbstractKeyword.findWebElement(WebUIAbstractKeyword.groovy:27)
	at com.kms.katalon.core.webui.keyword.internal.WebUIAbstractKeyword.findWebElement(WebUIAbstractKeyword.groovy:26)
	at com.kms.katalon.core.webui.keyword.builtin.GetTextKeyword$_getText_closure1.doCall(GetTextKeyword.groovy:78)
	at com.kms.katalon.core.webui.keyword.builtin.GetTextKeyword$_getText_closure1.call(GetTextKeyword.groovy)
	at com.kms.katalon.core.webui.keyword.internal.WebUIKeywordMain.runKeyword(WebUIKeywordMain.groovy:20)
	at com.kms.katalon.core.webui.keyword.builtin.GetTextKeyword.getText(GetTextKeyword.groovy:88)
	at com.kms.katalon.core.webui.keyword.builtin.GetTextKeyword.execute(GetTextKeyword.groovy:67)
	at com.kms.katalon.core.keyword.internal.KeywordExecutor.executeKeywordForPlatform(KeywordExecutor.groovy:74)
	at com.kms.katalon.core.webui.keyword.WebUiBuiltInKeywords.getText(WebUiBuiltInKeywords.groovy:918)
	at com.kms.katalon.core.webui.keyword.WebUiBuiltInKeywords$getText$12.call(Unknown Source)
	at Script1548864867986.run(Script1548864867986.groovy:43)
	... 13 more
)
[[ATTACHMENT|C:\\Users\\diego.rojas\\git\\Pruebas-Minimas\\Reports\\20211217_173017\\1-Tareas Principales\\20211217_173022\\1639782020446.png]]]]></system-out>
         <system-err><![CDATA[2021-12-17 17:59:08 - [TEST_CASE][FAILED] - Test Cases/1.1-Tareas Principales/1.2.8-Embargos: Test Cases/1.1-Tareas Principales/1.2.8-Embargos FAILED.
Reason:
com.kms.katalon.core.exception.StepFailedException: Unable to get text of object 'Object Repository/Alerta/Alerta'
	at com.kms.katalon.core.webui.keyword.internal.WebUIKeywordMain.stepFailed(WebUIKeywordMain.groovy:64)
	at com.kms.katalon.core.webui.keyword.internal.WebUIKeywordMain.runKeyword(WebUIKeywordMain.groovy:26)
	at com.kms.katalon.core.webui.keyword.builtin.GetTextKeyword.getText(GetTextKeyword.groovy:88)
	at com.kms.katalon.core.webui.keyword.builtin.GetTextKeyword.execute(GetTextKeyword.groovy:67)
	at com.kms.katalon.core.keyword.internal.KeywordExecutor.executeKeywordForPlatform(KeywordExecutor.groovy:74)
	at com.kms.katalon.core.webui.keyword.WebUiBuiltInKeywords.getText(WebUiBuiltInKeywords.groovy:918)
	at com.kms.katalon.core.webui.keyword.WebUiBuiltInKeywords$getText$12.call(Unknown Source)
	at 1.2.8-Embargos.run(1.2.8-Embargos:43)
	at com.kms.katalon.core.main.ScriptEngine.run(ScriptEngine.java:194)
	at com.kms.katalon.core.main.ScriptEngine.runScriptAsRawText(ScriptEngine.java:119)
	at com.kms.katalon.core.main.TestCaseExecutor.runScript(TestCaseExecutor.java:442)
	at com.kms.katalon.core.main.TestCaseExecutor.doExecute(TestCaseExecutor.java:433)
	at com.kms.katalon.core.main.TestCaseExecutor.processExecutionPhase(TestCaseExecutor.java:412)
	at com.kms.katalon.core.main.TestCaseExecutor.accessMainPhase(TestCaseExecutor.java:404)
	at com.kms.katalon.core.main.TestCaseExecutor.execute(TestCaseExecutor.java:281)
	at com.kms.katalon.core.main.TestSuiteExecutor.accessTestCaseMainPhase(TestSuiteExecutor.java:202)
	at com.kms.katalon.core.main.TestSuiteExecutor.accessTestSuiteMainPhase(TestSuiteExecutor.java:164)
	at com.kms.katalon.core.main.TestSuiteExecutor.execute(TestSuiteExecutor.java:105)
	at com.kms.katalon.core.main.TestCaseMain.startTestSuite(TestCaseMain.java:181)
	at com.kms.katalon.core.main.TestCaseMain$startTestSuite$0.call(Unknown Source)
	at TempTestSuite1639780222929.run(TempTestSuite1639780222929.groovy:36)
Caused by: com.kms.katalon.core.webui.exception.WebElementNotFoundException: Web element with id: 'Object Repository/Alerta/Alerta' located by '//div[@id='growl_container']/div/div/div[2]/p' not found
	at com.kms.katalon.core.webui.common.WebUiCommonHelper.findWebElement(WebUiCommonHelper.java:1368)
	at com.kms.katalon.core.webui.keyword.internal.WebUIAbstractKeyword.findWebElement(WebUIAbstractKeyword.groovy:27)
	at com.kms.katalon.core.webui.keyword.internal.WebUIAbstractKeyword.findWebElement(WebUIAbstractKeyword.groovy:26)
	at com.kms.katalon.core.webui.keyword.builtin.GetTextKeyword$_getText_closure1.doCall(GetTextKeyword.groovy:78)
	at com.kms.katalon.core.webui.keyword.builtin.GetTextKeyword$_getText_closure1.call(GetTextKeyword.groovy)
	at com.kms.katalon.core.webui.keyword.internal.WebUIKeywordMain.runKeyword(WebUIKeywordMain.groovy:20)
	... 19 more]]></system-err>
      </testcase>
      <testcase name="Test Cases/1.1-Tareas Principales/1.2.9-Novedad" time="85.307" classname="Test Cases/1.1-Tareas Principales/1.2.9-Novedad" status="PASSED">
         <system-out><![CDATA[2021-12-17 18:00:20 - [TEST_CASE][PASSED] - Test Cases/1.1-Tareas Principales/1.2.9-Novedad: Test Cases/1.1-Tareas Principales/1.2.9-Novedad

2021-12-17 18:00:20 - [TEST_STEP][PASSED] - callTestCase(findTestCase("Hutilidades/Tareas Administracion Compensacion/Tarea Listado Empleados"), [:], STOP_ON_FAILURE): Call Test Case 'Test Cases/Hutilidades/Tareas Administracion Compensacion/Tarea Listado Empleados' successfully

2021-12-17 18:00:21 - [TEST_CASE][PASSED] - Test Cases/Hutilidades/Tareas Administracion Compensacion/Tarea Listado Empleados: Test Cases/Hutilidades/Tareas Administracion Compensacion/Tarea Listado Empleados

2021-12-17 18:00:21 - [TEST_STEP][PASSED] - callTestCase(findTestCase("0.1-Login"), [:], STOP_ON_FAILURE): Call Test Case 'Test Cases/0.1-Login' successfully

2021-12-17 18:00:21 - [TEST_CASE][PASSED] - Test Cases/0.1-Login: Test Cases/0.1-Login

2021-12-17 18:00:21 - [TEST_STEP][PASSED] - openBrowser(""): Browser is opened with url: ''

2021-12-17 18:00:21 - [MESSAGE][WARNING] - A browser is already opened. Closing browser and opening a new one

2021-12-17 18:00:21 - [MESSAGE][INFO] - Starting 'Chrome' driver

2021-12-17 18:00:21 - [MESSAGE][INFO] - Action delay is set to 0 milliseconds

2021-12-17 18:00:23 - [MESSAGE][PASSED] - Browser is opened with url: ''

2021-12-17 18:00:23 - [TEST_STEP][PASSED] - maximizeWindow(): Current window maximized

2021-12-17 18:00:23 - [MESSAGE][PASSED] - Current window maximized

2021-12-17 18:00:23 - [TEST_STEP][PASSED] - i = G_Login: null

2021-12-17 18:00:23 - [TEST_STEP][PASSED] - url = new java.net.URL(i): null

2021-12-17 18:00:23 - [TEST_STEP][PASSED] - println("URL: " + url.toString()): null

2021-12-17 18:00:23 - [TEST_STEP][PASSED] - connection = url.openConnection(): null

2021-12-17 18:00:23 - [TEST_STEP][PASSED] - connection.setRequestMethod("GET"): null

2021-12-17 18:00:23 - [TEST_STEP][PASSED] - connection.setReadTimeout(2 * 1000): null

2021-12-17 18:00:23 - [TEST_STEP][PASSED] - try: null

2021-12-17 18:00:23 - [TEST_STEP][PASSED] - connection.connect(): null

2021-12-17 18:00:23 - [TEST_STEP][PASSED] - flag = connected: null

2021-12-17 18:00:23 - [TEST_STEP][PASSED] - println("Valor_ori: " + flag): null

2021-12-17 18:00:23 - [TEST_STEP][PASSED] - if (flag): null

2021-12-17 18:00:23 - [TEST_STEP][PASSED] - navigateToUrl(i): Navigate to 'http://192.168.2.29:7001/saraweb' successfully

2021-12-17 18:00:27 - [MESSAGE][PASSED] - Navigate to 'http://192.168.2.29:7001/saraweb' successfully

2021-12-17 18:00:27 - [TEST_STEP][PASSED] - a(): null

2021-12-17 18:00:27 - [TEST_STEP][PASSED] - setText(findTestObject("Login/input_USUARIO_loginusuario"), G_Usuario): Text 'weblogic' is set on object 'Object Repository/Login/input_USUARIO_loginusuario'

2021-12-17 18:00:27 - [MESSAGE][PASSED] - Text 'weblogic' is set on object 'Object Repository/Login/input_USUARIO_loginusuario'

2021-12-17 18:00:27 - [TEST_STEP][PASSED] - setEncryptedText(findTestObject("Login/input_CLAVE_loginpassword"), "MkG4/TYiCFC3cb2driP7+Q=="): Text ****** has been set on object 'Object Repository/Login/input_CLAVE_loginpassword'

2021-12-17 18:00:28 - [MESSAGE][PASSED] - Text ****** has been set on object 'Object Repository/Login/input_CLAVE_loginpassword'

2021-12-17 18:00:28 - [TEST_STEP][PASSED] - waitForElementClickable(findTestObject("Login/a_Ingresar"), G_TimeOut): Object 'Object Repository/Login/a_Ingresar' is clickable

2021-12-17 18:00:28 - [MESSAGE][PASSED] - Object 'Object Repository/Login/a_Ingresar' is clickable

2021-12-17 18:00:28 - [TEST_STEP][PASSED] - click(findTestObject("Login/a_Ingresar")): Object: 'Object Repository/Login/a_Ingresar' is clicked on

2021-12-17 18:00:35 - [MESSAGE][PASSED] - Object: 'Object Repository/Login/a_Ingresar' is clicked on

2021-12-17 18:00:35 - [TEST_STEP][PASSED] - element = findWebElement(findTestObject("Login/a_Ir"), 30): null

2021-12-17 18:00:35 - [TEST_STEP][PASSED] - executeJavaScript("arguments[0].click()", Arrays.asList(element)): Execute JavaScript 'arguments[0].click()' successfully

2021-12-17 18:00:36 - [MESSAGE][PASSED] - Execute JavaScript 'arguments[0].click()' successfully

2021-12-17 18:00:36 - [MESSAGE][PASSED] - Call Test Case 'Test Cases/0.1-Login' successfully

2021-12-17 18:00:36 - [TEST_STEP][PASSED] - setText(findTestObject("Modulo Tarea Listado Hojas de Vida/Tareas Listado Hojas de Vida/input_Listado Hojas De Vida_form_templatej_idt24_input"), "Listado de Empleados"): Text 'Listado de Empleados' is set on object 'Object Repository/Modulo Tarea Listado Hojas de Vida/Tareas Listado Hojas de Vida/input_Listado Hojas De Vida_form_templatej_idt24_input'

2021-12-17 18:00:42 - [MESSAGE][PASSED] - Text 'Listado de Empleados' is set on object 'Object Repository/Modulo Tarea Listado Hojas de Vida/Tareas Listado Hojas de Vida/input_Listado Hojas De Vida_form_templatej_idt24_input'

2021-12-17 18:00:42 - [TEST_STEP][PASSED] - delay(3): Delayed 3 second(s)

2021-12-17 18:00:45 - [MESSAGE][PASSED] - Delayed 3 second(s)

2021-12-17 18:00:45 - [TEST_STEP][PASSED] - sendKeys(findTestObject("Modulo Tarea Listado Hojas de Vida/Tareas Listado Hojas de Vida/input_Listado Hojas De Vida_form_templatej_idt24_input"), Keys.chord(ENTER)): Keys 'ENTER + ' sent to object: 'Object Repository/Modulo Tarea Listado Hojas de Vida/Tareas Listado Hojas de Vida/input_Listado Hojas De Vida_form_templatej_idt24_input'

2021-12-17 18:00:46 - [MESSAGE][PASSED] - Keys 'ENTER + ' sent to object: 'Object Repository/Modulo Tarea Listado Hojas de Vida/Tareas Listado Hojas de Vida/input_Listado Hojas De Vida_form_templatej_idt24_input'

2021-12-17 18:00:46 - [MESSAGE][PASSED] - Call Test Case 'Test Cases/Hutilidades/Tareas Administracion Compensacion/Tarea Listado Empleados' successfully

2021-12-17 18:00:46 - [TEST_STEP][PASSED] - waitForElementClickable(findTestObject("Modulo Tarea Administracion Compensacion/Novedades/input_Identificacin_listadoEmp"), 0): Object 'Object Repository/Modulo Tarea Administracion Compensacion/Novedades/input_Identificacin_listadoEmp' is clickable

2021-12-17 18:00:46 - [MESSAGE][WARNING] - Timeout '0' is invalid. Using default page load timeout: '30'

2021-12-17 18:00:52 - [MESSAGE][PASSED] - Object 'Object Repository/Modulo Tarea Administracion Compensacion/Novedades/input_Identificacin_listadoEmp' is clickable

2021-12-17 18:00:52 - [TEST_STEP][PASSED] - setText(findTestObject("Modulo Tarea Administracion Compensacion/Novedades/input_Identificacin_listadoEmp"), "354968431354"): Text '354968431354' is set on object 'Object Repository/Modulo Tarea Administracion Compensacion/Novedades/input_Identificacin_listadoEmp'

2021-12-17 18:00:53 - [MESSAGE][PASSED] - Text '354968431354' is set on object 'Object Repository/Modulo Tarea Administracion Compensacion/Novedades/input_Identificacin_listadoEmp'

2021-12-17 18:00:53 - [TEST_STEP][PASSED] - delay(1): Delayed 1 second(s)

2021-12-17 18:00:54 - [MESSAGE][PASSED] - Delayed 1 second(s)

2021-12-17 18:00:54 - [TEST_STEP][PASSED] - sendKeys(findTestObject("Modulo Tarea Administracion Compensacion/Novedades/input_Identificacin_listadoEmp"), Keys.chord(ENTER)): Keys 'ENTER + ' sent to object: 'Object Repository/Modulo Tarea Administracion Compensacion/Novedades/input_Identificacin_listadoEmp'

2021-12-17 18:00:55 - [MESSAGE][PASSED] - Keys 'ENTER + ' sent to object: 'Object Repository/Modulo Tarea Administracion Compensacion/Novedades/input_Identificacin_listadoEmp'

2021-12-17 18:00:55 - [TEST_STEP][PASSED] - waitForElementClickable(findTestObject("Modulo Tarea Administracion Compensacion/Novedades/span_CONSTA BELFEGORD JHON"), G_TimeOut): Object 'Object Repository/Modulo Tarea Administracion Compensacion/Novedades/span_CONSTA BELFEGORD JHON' is clickable

2021-12-17 18:00:56 - [MESSAGE][PASSED] - Object 'Object Repository/Modulo Tarea Administracion Compensacion/Novedades/span_CONSTA BELFEGORD JHON' is clickable

2021-12-17 18:00:56 - [TEST_STEP][PASSED] - click(findTestObject("Modulo Tarea Administracion Compensacion/Novedades/span_CONSTA BELFEGORD JHON")): Object: 'Object Repository/Modulo Tarea Administracion Compensacion/Novedades/span_CONSTA BELFEGORD JHON' is clicked on

2021-12-17 18:00:56 - [MESSAGE][PASSED] - Object: 'Object Repository/Modulo Tarea Administracion Compensacion/Novedades/span_CONSTA BELFEGORD JHON' is clicked on

2021-12-17 18:00:56 - [TEST_STEP][PASSED] - waitForElementClickable(findTestObject("Modulo Tarea Administracion Compensacion/Novedades/span_Novedades"), G_TimeOut): Object 'Object Repository/Modulo Tarea Administracion Compensacion/Novedades/span_Novedades' is clickable

2021-12-17 18:00:58 - [MESSAGE][PASSED] - Object 'Object Repository/Modulo Tarea Administracion Compensacion/Novedades/span_Novedades' is clickable

2021-12-17 18:00:58 - [TEST_STEP][PASSED] - click(findTestObject("Modulo Tarea Administracion Compensacion/Novedades/span_Novedades")): Object: 'Object Repository/Modulo Tarea Administracion Compensacion/Novedades/span_Novedades' is clicked on

2021-12-17 18:00:58 - [MESSAGE][PASSED] - Object: 'Object Repository/Modulo Tarea Administracion Compensacion/Novedades/span_Novedades' is clicked on

2021-12-17 18:00:58 - [TEST_STEP][PASSED] - waitForElementClickable(findTestObject("Modulo Tarea Administracion Compensacion/Novedades/span_Nuevo"), G_TimeOut): Object 'Object Repository/Modulo Tarea Administracion Compensacion/Novedades/span_Nuevo' is clickable

2021-12-17 18:00:59 - [MESSAGE][PASSED] - Object 'Object Repository/Modulo Tarea Administracion Compensacion/Novedades/span_Nuevo' is clickable

2021-12-17 18:00:59 - [TEST_STEP][PASSED] - click(findTestObject("Modulo Tarea Administracion Compensacion/Novedades/span_Nuevo")): Object: 'Object Repository/Modulo Tarea Administracion Compensacion/Novedades/span_Nuevo' is clicked on

2021-12-17 18:01:00 - [MESSAGE][PASSED] - Object: 'Object Repository/Modulo Tarea Administracion Compensacion/Novedades/span_Nuevo' is clicked on

2021-12-17 18:01:00 - [TEST_STEP][PASSED] - click(findTestObject("Modulo Tarea Administracion Compensacion/Novedades/span_Adicionar entidad de AFC")): Object: 'Object Repository/Modulo Tarea Administracion Compensacion/Novedades/span_Adicionar entidad de AFC' is clicked on

2021-12-17 18:01:01 - [MESSAGE][PASSED] - Object: 'Object Repository/Modulo Tarea Administracion Compensacion/Novedades/span_Adicionar entidad de AFC' is clicked on

2021-12-17 18:01:01 - [TEST_STEP][PASSED] - delay(30): Delayed 30 second(s)

2021-12-17 18:01:31 - [MESSAGE][PASSED] - Delayed 30 second(s)

2021-12-17 18:01:31 - [TEST_STEP][PASSED] - setText(findTestObject("Modulo Tarea Administracion Compensacion/Novedades/input_Desde_form_novedadesEmpl"), "01/12/2018"): Text '01/12/2018' is set on object 'Object Repository/Modulo Tarea Administracion Compensacion/Novedades/input_Desde_form_novedadesEmpl'

2021-12-17 18:01:32 - [MESSAGE][PASSED] - Text '01/12/2018' is set on object 'Object Repository/Modulo Tarea Administracion Compensacion/Novedades/input_Desde_form_novedadesEmpl'

2021-12-17 18:01:32 - [TEST_STEP][PASSED] - sendKeys(findTestObject("Modulo Tarea Administracion Compensacion/Novedades/input_Desde_form_novedadesEmpl"), Keys.chord(ENTER)): Keys 'ENTER + ' sent to object: 'Object Repository/Modulo Tarea Administracion Compensacion/Novedades/input_Desde_form_novedadesEmpl'

2021-12-17 18:01:32 - [MESSAGE][PASSED] - Keys 'ENTER + ' sent to object: 'Object Repository/Modulo Tarea Administracion Compensacion/Novedades/input_Desde_form_novedadesEmpl'

2021-12-17 18:01:32 - [TEST_STEP][PASSED] - setText(findTestObject("Modulo Tarea Administracion Compensacion/Novedades/input_Hasta_form_novedadesEmpl"), "31/01/2019"): Text '31/01/2019' is set on object 'Object Repository/Modulo Tarea Administracion Compensacion/Novedades/input_Hasta_form_novedadesEmpl'

2021-12-17 18:01:33 - [MESSAGE][PASSED] - Text '31/01/2019' is set on object 'Object Repository/Modulo Tarea Administracion Compensacion/Novedades/input_Hasta_form_novedadesEmpl'

2021-12-17 18:01:33 - [TEST_STEP][PASSED] - sendKeys(findTestObject("Modulo Tarea Administracion Compensacion/Novedades/input_Hasta_form_novedadesEmpl"), Keys.chord(ENTER)): Keys 'ENTER + ' sent to object: 'Object Repository/Modulo Tarea Administracion Compensacion/Novedades/input_Hasta_form_novedadesEmpl'

2021-12-17 18:01:34 - [MESSAGE][PASSED] - Keys 'ENTER + ' sent to object: 'Object Repository/Modulo Tarea Administracion Compensacion/Novedades/input_Hasta_form_novedadesEmpl'

2021-12-17 18:01:34 - [TEST_STEP][PASSED] - waitForElementClickable(findTestObject("Modulo Tarea Administracion Compensacion/Novedades/a_Sucursal_form_novedadesEmple"), G_TimeOut): Object 'Object Repository/Modulo Tarea Administracion Compensacion/Novedades/a_Sucursal_form_novedadesEmple' is clickable

2021-12-17 18:01:34 - [MESSAGE][PASSED] - Object 'Object Repository/Modulo Tarea Administracion Compensacion/Novedades/a_Sucursal_form_novedadesEmple' is clickable

2021-12-17 18:01:34 - [TEST_STEP][PASSED] - click(findTestObject("Modulo Tarea Administracion Compensacion/Novedades/a_Sucursal_form_novedadesEmple")): Object: 'Object Repository/Modulo Tarea Administracion Compensacion/Novedades/a_Sucursal_form_novedadesEmple' is clicked on

2021-12-17 18:01:34 - [MESSAGE][PASSED] - Object: 'Object Repository/Modulo Tarea Administracion Compensacion/Novedades/a_Sucursal_form_novedadesEmple' is clicked on

2021-12-17 18:01:34 - [TEST_STEP][PASSED] - waitForElementClickable(findTestObject("Modulo Tarea Administracion Compensacion/Novedades/span_AFC - HELM BANK"), G_TimeOut): Object 'Object Repository/Modulo Tarea Administracion Compensacion/Novedades/span_AFC - HELM BANK' is clickable

2021-12-17 18:01:36 - [MESSAGE][PASSED] - Object 'Object Repository/Modulo Tarea Administracion Compensacion/Novedades/span_AFC - HELM BANK' is clickable

2021-12-17 18:01:36 - [TEST_STEP][PASSED] - click(findTestObject("Modulo Tarea Administracion Compensacion/Novedades/span_AFC - HELM BANK")): Object: 'Object Repository/Modulo Tarea Administracion Compensacion/Novedades/span_AFC - HELM BANK' is clicked on

2021-12-17 18:01:36 - [MESSAGE][PASSED] - Object: 'Object Repository/Modulo Tarea Administracion Compensacion/Novedades/span_AFC - HELM BANK' is clicked on

2021-12-17 18:01:36 - [TEST_STEP][PASSED] - click(findTestObject("Modulo Tarea Administracion Compensacion/Novedades/input_Cuenta_form_novedadesEmp")): Object: 'Object Repository/Modulo Tarea Administracion Compensacion/Novedades/input_Cuenta_form_novedadesEmp' is clicked on

2021-12-17 18:01:37 - [MESSAGE][PASSED] - Object: 'Object Repository/Modulo Tarea Administracion Compensacion/Novedades/input_Cuenta_form_novedadesEmp' is clicked on

2021-12-17 18:01:37 - [TEST_STEP][PASSED] - setText(findTestObject("Modulo Tarea Administracion Compensacion/Novedades/input_Cuenta_form_novedadesEmp"), "63483135434398"): Text '63483135434398' is set on object 'Object Repository/Modulo Tarea Administracion Compensacion/Novedades/input_Cuenta_form_novedadesEmp'

2021-12-17 18:01:38 - [MESSAGE][PASSED] - Text '63483135434398' is set on object 'Object Repository/Modulo Tarea Administracion Compensacion/Novedades/input_Cuenta_form_novedadesEmp'

2021-12-17 18:01:38 - [TEST_STEP][PASSED] - click(findTestObject("Modulo Tarea Administracion Compensacion/Novedades/input_Valor_form_novedadesEmpl"), STOP_ON_FAILURE): Object: 'Object Repository/Modulo Tarea Administracion Compensacion/Novedades/input_Valor_form_novedadesEmpl' is clicked on

2021-12-17 18:01:38 - [MESSAGE][PASSED] - Object: 'Object Repository/Modulo Tarea Administracion Compensacion/Novedades/input_Valor_form_novedadesEmpl' is clicked on

2021-12-17 18:01:38 - [TEST_STEP][PASSED] - setText(findTestObject("Modulo Tarea Administracion Compensacion/Novedades/input_Valor_form_novedadesEmpl"), "100"): Text '100' is set on object 'Object Repository/Modulo Tarea Administracion Compensacion/Novedades/input_Valor_form_novedadesEmpl'

2021-12-17 18:01:39 - [MESSAGE][PASSED] - Text '100' is set on object 'Object Repository/Modulo Tarea Administracion Compensacion/Novedades/input_Valor_form_novedadesEmpl'

2021-12-17 18:01:39 - [TEST_STEP][PASSED] - waitForElementClickable(findTestObject("Modulo Tarea Administracion Compensacion/Novedades/select_-- seleccione --Ciclo 0"), 0, STOP_ON_FAILURE): Object 'Object Repository/Modulo Tarea Administracion Compensacion/Novedades/select_-- seleccione --Ciclo 0' is clickable

2021-12-17 18:01:39 - [MESSAGE][WARNING] - Timeout '0' is invalid. Using default page load timeout: '30'

2021-12-17 18:01:40 - [MESSAGE][PASSED] - Object 'Object Repository/Modulo Tarea Administracion Compensacion/Novedades/select_-- seleccione --Ciclo 0' is clickable

2021-12-17 18:01:40 - [TEST_STEP][PASSED] - selectOptionByValue(findTestObject("Modulo Tarea Administracion Compensacion/Novedades/select_-- seleccione --Ciclo 0"), "1", true): All options with value '1' are selected in object 'Object Repository/Modulo Tarea Administracion Compensacion/Novedades/select_-- seleccione --Ciclo 0'  using regular expression

2021-12-17 18:01:41 - [MESSAGE][PASSED] - All options with value '1' are selected in object 'Object Repository/Modulo Tarea Administracion Compensacion/Novedades/select_-- seleccione --Ciclo 0'  using regular expression

2021-12-17 18:01:41 - [TEST_STEP][PASSED] - click(findTestObject("Modulo Tarea Administracion Compensacion/Novedades/textarea_Observacin_form_noved"), STOP_ON_FAILURE): Object: 'Object Repository/Modulo Tarea Administracion Compensacion/Novedades/textarea_Observacin_form_noved' is clicked on

2021-12-17 18:01:41 - [MESSAGE][PASSED] - Object: 'Object Repository/Modulo Tarea Administracion Compensacion/Novedades/textarea_Observacin_form_noved' is clicked on

2021-12-17 18:01:41 - [TEST_STEP][PASSED] - setText(findTestObject("Modulo Tarea Administracion Compensacion/Novedades/textarea_Observacin_form_noved"), "aaaaaaaaaaa"): Text 'aaaaaaaaaaa' is set on object 'Object Repository/Modulo Tarea Administracion Compensacion/Novedades/textarea_Observacin_form_noved'

2021-12-17 18:01:42 - [MESSAGE][PASSED] - Text 'aaaaaaaaaaa' is set on object 'Object Repository/Modulo Tarea Administracion Compensacion/Novedades/textarea_Observacin_form_noved'

2021-12-17 18:01:42 - [TEST_STEP][PASSED] - waitForElementClickable(findTestObject("Modulo Tarea Administracion Compensacion/Novedades/a_Guardar"), G_TimeOut): Object 'Object Repository/Modulo Tarea Administracion Compensacion/Novedades/a_Guardar' is clickable

2021-12-17 18:01:42 - [MESSAGE][PASSED] - Object 'Object Repository/Modulo Tarea Administracion Compensacion/Novedades/a_Guardar' is clickable

2021-12-17 18:01:42 - [TEST_STEP][PASSED] - click(findTestObject("Modulo Tarea Administracion Compensacion/Novedades/a_Guardar")): Object: 'Object Repository/Modulo Tarea Administracion Compensacion/Novedades/a_Guardar' is clicked on

2021-12-17 18:01:43 - [MESSAGE][PASSED] - Object: 'Object Repository/Modulo Tarea Administracion Compensacion/Novedades/a_Guardar' is clicked on

2021-12-17 18:01:43 - [TEST_STEP][PASSED] - getText(findTestObject("Alerta/Alerta")): Text of object 'Object Repository/Alerta/Alerta' is: 'Registro guardado'

2021-12-17 18:01:45 - [MESSAGE][PASSED] - Text of object 'Object Repository/Alerta/Alerta' is: 'Registro guardado'

2021-12-17 18:01:45 - [TEST_STEP][PASSED] - closeBrowser(): Browser is closed

2021-12-17 18:01:45 - [MESSAGE][PASSED] - Browser is closed]]></system-out>
         <system-err><![CDATA[]]></system-err>
      </testcase>
      <testcase name="Test Cases/1.1-Tareas Principales/1.3.1-Periodo en Proceso - Archivo Plano" time="43.88" classname="Test Cases/1.1-Tareas Principales/1.3.1-Periodo en Proceso - Archivo Plano" status="PASSED">
         <system-out><![CDATA[2021-12-17 18:01:45 - [TEST_CASE][PASSED] - Test Cases/1.1-Tareas Principales/1.3.1-Periodo en Proceso - Archivo Plano: Test Cases/1.1-Tareas Principales/1.3.1-Periodo en Proceso - Archivo Plano

2021-12-17 18:01:46 - [TEST_STEP][PASSED] - callTestCase(findTestCase("Hutilidades/Tareas Administracion Compensacion/Tarea Liquidacion Nomina"), [:], STOP_ON_FAILURE): Call Test Case 'Test Cases/Hutilidades/Tareas Administracion Compensacion/Tarea Liquidacion Nomina' successfully

2021-12-17 18:01:46 - [TEST_CASE][PASSED] - Test Cases/Hutilidades/Tareas Administracion Compensacion/Tarea Liquidacion Nomina: Test Cases/Hutilidades/Tareas Administracion Compensacion/Tarea Liquidacion Nomina

2021-12-17 18:01:46 - [TEST_STEP][PASSED] - callTestCase(findTestCase("0.1-Login"), [:], STOP_ON_FAILURE): Call Test Case 'Test Cases/0.1-Login' successfully

2021-12-17 18:01:46 - [TEST_CASE][PASSED] - Test Cases/0.1-Login: Test Cases/0.1-Login

2021-12-17 18:01:46 - [TEST_STEP][PASSED] - openBrowser(""): Browser is opened with url: ''

2021-12-17 18:01:46 - [MESSAGE][INFO] - Starting 'Chrome' driver

2021-12-17 18:01:46 - [MESSAGE][INFO] - Action delay is set to 0 milliseconds

2021-12-17 18:01:48 - [MESSAGE][PASSED] - Browser is opened with url: ''

2021-12-17 18:01:48 - [TEST_STEP][PASSED] - maximizeWindow(): Current window maximized

2021-12-17 18:01:48 - [MESSAGE][PASSED] - Current window maximized

2021-12-17 18:01:48 - [TEST_STEP][PASSED] - i = G_Login: null

2021-12-17 18:01:48 - [TEST_STEP][PASSED] - url = new java.net.URL(i): null

2021-12-17 18:01:48 - [TEST_STEP][PASSED] - println("URL: " + url.toString()): null

2021-12-17 18:01:48 - [TEST_STEP][PASSED] - connection = url.openConnection(): null

2021-12-17 18:01:48 - [TEST_STEP][PASSED] - connection.setRequestMethod("GET"): null

2021-12-17 18:01:48 - [TEST_STEP][PASSED] - connection.setReadTimeout(2 * 1000): null

2021-12-17 18:01:48 - [TEST_STEP][PASSED] - try: null

2021-12-17 18:01:48 - [TEST_STEP][PASSED] - connection.connect(): null

2021-12-17 18:01:48 - [TEST_STEP][PASSED] - flag = connected: null

2021-12-17 18:01:48 - [TEST_STEP][PASSED] - println("Valor_ori: " + flag): null

2021-12-17 18:01:48 - [TEST_STEP][PASSED] - if (flag): null

2021-12-17 18:01:48 - [TEST_STEP][PASSED] - navigateToUrl(i): Navigate to 'http://192.168.2.29:7001/saraweb' successfully

2021-12-17 18:01:51 - [MESSAGE][PASSED] - Navigate to 'http://192.168.2.29:7001/saraweb' successfully

2021-12-17 18:01:51 - [TEST_STEP][PASSED] - a(): null

2021-12-17 18:01:51 - [TEST_STEP][PASSED] - setText(findTestObject("Login/input_USUARIO_loginusuario"), G_Usuario): Text 'weblogic' is set on object 'Object Repository/Login/input_USUARIO_loginusuario'

2021-12-17 18:01:52 - [MESSAGE][PASSED] - Text 'weblogic' is set on object 'Object Repository/Login/input_USUARIO_loginusuario'

2021-12-17 18:01:52 - [TEST_STEP][PASSED] - setEncryptedText(findTestObject("Login/input_CLAVE_loginpassword"), "MkG4/TYiCFC3cb2driP7+Q=="): Text ****** has been set on object 'Object Repository/Login/input_CLAVE_loginpassword'

2021-12-17 18:01:53 - [MESSAGE][PASSED] - Text ****** has been set on object 'Object Repository/Login/input_CLAVE_loginpassword'

2021-12-17 18:01:53 - [TEST_STEP][PASSED] - waitForElementClickable(findTestObject("Login/a_Ingresar"), G_TimeOut): Object 'Object Repository/Login/a_Ingresar' is clickable

2021-12-17 18:01:53 - [MESSAGE][PASSED] - Object 'Object Repository/Login/a_Ingresar' is clickable

2021-12-17 18:01:53 - [TEST_STEP][PASSED] - click(findTestObject("Login/a_Ingresar")): Object: 'Object Repository/Login/a_Ingresar' is clicked on

2021-12-17 18:01:59 - [MESSAGE][PASSED] - Object: 'Object Repository/Login/a_Ingresar' is clicked on

2021-12-17 18:01:59 - [TEST_STEP][PASSED] - element = findWebElement(findTestObject("Login/a_Ir"), 30): null

2021-12-17 18:02:00 - [TEST_STEP][PASSED] - executeJavaScript("arguments[0].click()", Arrays.asList(element)): Execute JavaScript 'arguments[0].click()' successfully

2021-12-17 18:02:00 - [MESSAGE][PASSED] - Execute JavaScript 'arguments[0].click()' successfully

2021-12-17 18:02:00 - [MESSAGE][PASSED] - Call Test Case 'Test Cases/0.1-Login' successfully

2021-12-17 18:02:00 - [TEST_STEP][PASSED] - delay(2): Delayed 2 second(s)

2021-12-17 18:02:02 - [MESSAGE][PASSED] - Delayed 2 second(s)

2021-12-17 18:02:02 - [TEST_STEP][PASSED] - setText(findTestObject("Modulo Tarea Administracion Compensacion/Tarea Liquidacion Nomina/input_Listado de Empleados_"), "Liquidacion Nomina"): Text 'Liquidacion Nomina' is set on object 'Object Repository/Modulo Tarea Administracion Compensacion/Tarea Liquidacion Nomina/input_Listado de Empleados_'

2021-12-17 18:02:06 - [MESSAGE][PASSED] - Text 'Liquidacion Nomina' is set on object 'Object Repository/Modulo Tarea Administracion Compensacion/Tarea Liquidacion Nomina/input_Listado de Empleados_'

2021-12-17 18:02:06 - [TEST_STEP][PASSED] - delay(1): Delayed 1 second(s)

2021-12-17 18:02:07 - [MESSAGE][PASSED] - Delayed 1 second(s)

2021-12-17 18:02:07 - [TEST_STEP][PASSED] - sendKeys(findTestObject("Modulo Tarea Administracion Compensacion/Tarea Liquidacion Nomina/input_Listado de Empleados_"), Keys.chord(ENTER)): Keys 'ENTER + ' sent to object: 'Object Repository/Modulo Tarea Administracion Compensacion/Tarea Liquidacion Nomina/input_Listado de Empleados_'

2021-12-17 18:02:08 - [MESSAGE][PASSED] - Keys 'ENTER + ' sent to object: 'Object Repository/Modulo Tarea Administracion Compensacion/Tarea Liquidacion Nomina/input_Listado de Empleados_'

2021-12-17 18:02:08 - [MESSAGE][PASSED] - Call Test Case 'Test Cases/Hutilidades/Tareas Administracion Compensacion/Tarea Liquidacion Nomina' successfully

2021-12-17 18:02:08 - [TEST_STEP][PASSED] - waitForElementClickable(findTestObject("Modulo Tarea Administracion Compensacion/Periodo en Proceso - Archivo Plano/a_Periodo Nomina_LiquidacionNominaj_idt63"), G_TimeOut): Object 'Object Repository/Modulo Tarea Administracion Compensacion/Periodo en Proceso - Archivo Plano/a_Periodo Nomina_LiquidacionNominaj_idt63' is clickable

2021-12-17 18:02:14 - [MESSAGE][PASSED] - Object 'Object Repository/Modulo Tarea Administracion Compensacion/Periodo en Proceso - Archivo Plano/a_Periodo Nomina_LiquidacionNominaj_idt63' is clickable

2021-12-17 18:02:14 - [TEST_STEP][PASSED] - click(findTestObject("Modulo Tarea Administracion Compensacion/Periodo en Proceso - Archivo Plano/a_Periodo Nomina_LiquidacionNominaj_idt63")): Object: 'Object Repository/Modulo Tarea Administracion Compensacion/Periodo en Proceso - Archivo Plano/a_Periodo Nomina_LiquidacionNominaj_idt63' is clicked on

2021-12-17 18:02:15 - [MESSAGE][PASSED] - Object: 'Object Repository/Modulo Tarea Administracion Compensacion/Periodo en Proceso - Archivo Plano/a_Periodo Nomina_LiquidacionNominaj_idt63' is clicked on

2021-12-17 18:02:15 - [TEST_STEP][PASSED] - waitForElementClickable(findTestObject("Modulo Tarea Administracion Compensacion/Periodo en Proceso - Archivo Plano/select_--  Seleccione  --Periodo CerradoPeriodo en Proceso"), G_TimeOut): Object 'Object Repository/Modulo Tarea Administracion Compensacion/Periodo en Proceso - Archivo Plano/select_--  Seleccione  --Periodo CerradoPeriodo en Proceso' is clickable

2021-12-17 18:02:16 - [MESSAGE][PASSED] - Object 'Object Repository/Modulo Tarea Administracion Compensacion/Periodo en Proceso - Archivo Plano/select_--  Seleccione  --Periodo CerradoPeriodo en Proceso' is clickable

2021-12-17 18:02:16 - [TEST_STEP][PASSED] - click(findTestObject("Modulo Tarea Administracion Compensacion/Periodo en Proceso - Archivo Plano/select_--  Seleccione  --Periodo CerradoPeriodo en Proceso")): Object: 'Object Repository/Modulo Tarea Administracion Compensacion/Periodo en Proceso - Archivo Plano/select_--  Seleccione  --Periodo CerradoPeriodo en Proceso' is clicked on

2021-12-17 18:02:16 - [MESSAGE][PASSED] - Object: 'Object Repository/Modulo Tarea Administracion Compensacion/Periodo en Proceso - Archivo Plano/select_--  Seleccione  --Periodo CerradoPeriodo en Proceso' is clicked on

2021-12-17 18:02:16 - [TEST_STEP][PASSED] - selectOptionByIndex(findTestObject("Modulo Tarea Administracion Compensacion/Periodo en Proceso - Archivo Plano/select_--  Seleccione  --Periodo CerradoPeriodo en Proceso"), 2): All options with index in [2] are selected on object 'Object Repository/Modulo Tarea Administracion Compensacion/Periodo en Proceso - Archivo Plano/select_--  Seleccione  --Periodo CerradoPeriodo en Proceso'

2021-12-17 18:02:17 - [MESSAGE][PASSED] - All options with index in [2] are selected on object 'Object Repository/Modulo Tarea Administracion Compensacion/Periodo en Proceso - Archivo Plano/select_--  Seleccione  --Periodo CerradoPeriodo en Proceso'

2021-12-17 18:02:17 - [TEST_STEP][PASSED] - waitForElementClickable(findTestObject("Modulo Tarea Administracion Compensacion/Periodo en Proceso - Archivo Plano/span_P MensualJulio2021"), G_TimeOut): Object 'Object Repository/Modulo Tarea Administracion Compensacion/Periodo en Proceso - Archivo Plano/span_P MensualJulio2021' is clickable

2021-12-17 18:02:18 - [MESSAGE][PASSED] - Object 'Object Repository/Modulo Tarea Administracion Compensacion/Periodo en Proceso - Archivo Plano/span_P MensualJulio2021' is clickable

2021-12-17 18:02:18 - [TEST_STEP][PASSED] - click(findTestObject("Modulo Tarea Administracion Compensacion/Periodo en Proceso - Archivo Plano/span_P MensualJulio2021")): Object: 'Object Repository/Modulo Tarea Administracion Compensacion/Periodo en Proceso - Archivo Plano/span_P MensualJulio2021' is clicked on

2021-12-17 18:02:19 - [MESSAGE][PASSED] - Object: 'Object Repository/Modulo Tarea Administracion Compensacion/Periodo en Proceso - Archivo Plano/span_P MensualJulio2021' is clicked on

2021-12-17 18:02:19 - [TEST_STEP][PASSED] - click(findTestObject("Modulo Tarea Administracion Compensacion/Periodo en Proceso - Archivo Plano/span_Archivo Plano")): Object: 'Object Repository/Modulo Tarea Administracion Compensacion/Periodo en Proceso - Archivo Plano/span_Archivo Plano' is clicked on

2021-12-17 18:02:20 - [MESSAGE][PASSED] - Object: 'Object Repository/Modulo Tarea Administracion Compensacion/Periodo en Proceso - Archivo Plano/span_Archivo Plano' is clicked on

2021-12-17 18:02:20 - [TEST_STEP][PASSED] - selectOptionByValue(findTestObject("Modulo Tarea Administracion Compensacion/Periodo en Proceso - Archivo Plano/select_ddMMyyddMMyyyyyyMMddyyy"), "dd/MM/yyyy", true): All options with value 'dd/MM/yyyy' are selected in object 'Object Repository/Modulo Tarea Administracion Compensacion/Periodo en Proceso - Archivo Plano/select_ddMMyyddMMyyyyyyMMddyyy'  using regular expression

2021-12-17 18:02:22 - [MESSAGE][PASSED] - All options with value 'dd/MM/yyyy' are selected in object 'Object Repository/Modulo Tarea Administracion Compensacion/Periodo en Proceso - Archivo Plano/select_ddMMyyddMMyyyyyyMMddyyy'  using regular expression

2021-12-17 18:02:22 - [TEST_STEP][PASSED] - selectOptionByValue(findTestObject("Modulo Tarea Administracion Compensacion/Periodo en Proceso - Archivo Plano/select_Acumular valorAdicionar"), "I", true): All options with value 'I' are selected in object 'Object Repository/Modulo Tarea Administracion Compensacion/Periodo en Proceso - Archivo Plano/select_Acumular valorAdicionar'  using regular expression

2021-12-17 18:02:23 - [MESSAGE][PASSED] - All options with value 'I' are selected in object 'Object Repository/Modulo Tarea Administracion Compensacion/Periodo en Proceso - Archivo Plano/select_Acumular valorAdicionar'  using regular expression

2021-12-17 18:02:23 - [TEST_STEP][PASSED] - ruta = G_rutaarchivos + "ArchivoPlanoLiquidacionNomina.txt": null

2021-12-17 18:02:23 - [TEST_STEP][PASSED] - uploadFile(findTestObject("Modulo Tarea Administracion Compensacion/Periodo en Proceso - Archivo Plano/Archivo"), ruta): File 'E:\unionweb14\ArchivoPlanoLiquidacionNomina.txt' sent to object: 'Object Repository/Modulo Tarea Administracion Compensacion/Periodo en Proceso - Archivo Plano/Archivo'

2021-12-17 18:02:24 - [MESSAGE][PASSED] - File 'E:\unionweb14\ArchivoPlanoLiquidacionNomina.txt' sent to object: 'Object Repository/Modulo Tarea Administracion Compensacion/Periodo en Proceso - Archivo Plano/Archivo'

2021-12-17 18:02:24 - [TEST_STEP][PASSED] - filePath = getAttribute(findTestObject("Modulo Tarea Administracion Compensacion/Periodo en Proceso - Archivo Plano/Archivo"), "value"): Attribute 'value' of object 'Object Repository/Modulo Tarea Administracion Compensacion/Periodo en Proceso - Archivo Plano/Archivo' is: ''

2021-12-17 18:02:25 - [MESSAGE][PASSED] - Attribute 'value' of object 'Object Repository/Modulo Tarea Administracion Compensacion/Periodo en Proceso - Archivo Plano/Archivo' is: ''

2021-12-17 18:02:25 - [TEST_STEP][PASSED] - waitForElementClickable(findTestObject("Modulo Tarea Administracion Compensacion/Periodo en Proceso - Archivo Plano/a_Importar"), 0): Object 'Object Repository/Modulo Tarea Administracion Compensacion/Periodo en Proceso - Archivo Plano/a_Importar' is clickable

2021-12-17 18:02:26 - [MESSAGE][WARNING] - Timeout '0' is invalid. Using default page load timeout: '30'

2021-12-17 18:02:26 - [MESSAGE][PASSED] - Object 'Object Repository/Modulo Tarea Administracion Compensacion/Periodo en Proceso - Archivo Plano/a_Importar' is clickable

2021-12-17 18:02:26 - [TEST_STEP][PASSED] - click(findTestObject("Modulo Tarea Administracion Compensacion/Periodo en Proceso - Archivo Plano/a_Importar")): Object: 'Object Repository/Modulo Tarea Administracion Compensacion/Periodo en Proceso - Archivo Plano/a_Importar' is clicked on

2021-12-17 18:02:26 - [MESSAGE][PASSED] - Object: 'Object Repository/Modulo Tarea Administracion Compensacion/Periodo en Proceso - Archivo Plano/a_Importar' is clicked on

2021-12-17 18:02:26 - [TEST_STEP][PASSED] - click(findTestObject("Modulo Tarea Administracion Compensacion/Periodo en Proceso - Archivo Plano/span_Aplicar")): Object: 'Object Repository/Modulo Tarea Administracion Compensacion/Periodo en Proceso - Archivo Plano/span_Aplicar' is clicked on

2021-12-17 18:02:27 - [MESSAGE][PASSED] - Object: 'Object Repository/Modulo Tarea Administracion Compensacion/Periodo en Proceso - Archivo Plano/span_Aplicar' is clicked on

2021-12-17 18:02:27 - [TEST_STEP][PASSED] - click(findTestObject("Modulo Tarea Administracion Compensacion/Periodo en Proceso - Archivo Plano/Page_SARA/span_Si")): Object: 'Object Repository/Modulo Tarea Administracion Compensacion/Periodo en Proceso - Archivo Plano/Page_SARA/span_Si' is clicked on

2021-12-17 18:02:28 - [MESSAGE][PASSED] - Object: 'Object Repository/Modulo Tarea Administracion Compensacion/Periodo en Proceso - Archivo Plano/Page_SARA/span_Si' is clicked on

2021-12-17 18:02:28 - [TEST_STEP][PASSED] - getText(findTestObject("Alerta/Alerta")): Text of object 'Object Repository/Alerta/Alerta' is: 'Archivo aplicado'

2021-12-17 18:02:28 - [MESSAGE][PASSED] - Text of object 'Object Repository/Alerta/Alerta' is: 'Archivo aplicado'

2021-12-17 18:02:28 - [TEST_STEP][PASSED] - closeBrowser(): Browser is closed

2021-12-17 18:02:29 - [MESSAGE][PASSED] - Browser is closed]]></system-out>
         <system-err><![CDATA[]]></system-err>
      </testcase>
      <testcase name="Test Cases/1.1-Tareas Principales/1.3.2-Recalculo Seleccion" time="43.38" classname="Test Cases/1.1-Tareas Principales/1.3.2-Recalculo Seleccion" status="PASSED">
         <system-out><![CDATA[2021-12-17 18:02:29 - [TEST_CASE][PASSED] - Test Cases/1.1-Tareas Principales/1.3.2-Recalculo Seleccion: Test Cases/1.1-Tareas Principales/1.3.2-Recalculo Seleccion

2021-12-17 18:02:30 - [TEST_STEP][PASSED] - callTestCase(findTestCase("Hutilidades/Tareas Administracion Compensacion/Tarea Liquidacion Nomina"), [:], STOP_ON_FAILURE): Call Test Case 'Test Cases/Hutilidades/Tareas Administracion Compensacion/Tarea Liquidacion Nomina' successfully

2021-12-17 18:02:30 - [TEST_CASE][PASSED] - Test Cases/Hutilidades/Tareas Administracion Compensacion/Tarea Liquidacion Nomina: Test Cases/Hutilidades/Tareas Administracion Compensacion/Tarea Liquidacion Nomina

2021-12-17 18:02:30 - [TEST_STEP][PASSED] - callTestCase(findTestCase("0.1-Login"), [:], STOP_ON_FAILURE): Call Test Case 'Test Cases/0.1-Login' successfully

2021-12-17 18:02:30 - [TEST_CASE][PASSED] - Test Cases/0.1-Login: Test Cases/0.1-Login

2021-12-17 18:02:30 - [TEST_STEP][PASSED] - openBrowser(""): Browser is opened with url: ''

2021-12-17 18:02:30 - [MESSAGE][INFO] - Starting 'Chrome' driver

2021-12-17 18:02:30 - [MESSAGE][INFO] - Action delay is set to 0 milliseconds

2021-12-17 18:02:31 - [MESSAGE][PASSED] - Browser is opened with url: ''

2021-12-17 18:02:31 - [TEST_STEP][PASSED] - maximizeWindow(): Current window maximized

2021-12-17 18:02:31 - [MESSAGE][PASSED] - Current window maximized

2021-12-17 18:02:31 - [TEST_STEP][PASSED] - i = G_Login: null

2021-12-17 18:02:31 - [TEST_STEP][PASSED] - url = new java.net.URL(i): null

2021-12-17 18:02:31 - [TEST_STEP][PASSED] - println("URL: " + url.toString()): null

2021-12-17 18:02:31 - [TEST_STEP][PASSED] - connection = url.openConnection(): null

2021-12-17 18:02:31 - [TEST_STEP][PASSED] - connection.setRequestMethod("GET"): null

2021-12-17 18:02:31 - [TEST_STEP][PASSED] - connection.setReadTimeout(2 * 1000): null

2021-12-17 18:02:31 - [TEST_STEP][PASSED] - try: null

2021-12-17 18:02:31 - [TEST_STEP][PASSED] - connection.connect(): null

2021-12-17 18:02:31 - [TEST_STEP][PASSED] - flag = connected: null

2021-12-17 18:02:31 - [TEST_STEP][PASSED] - println("Valor_ori: " + flag): null

2021-12-17 18:02:31 - [TEST_STEP][PASSED] - if (flag): null

2021-12-17 18:02:31 - [TEST_STEP][PASSED] - navigateToUrl(i): Navigate to 'http://192.168.2.29:7001/saraweb' successfully

2021-12-17 18:02:35 - [MESSAGE][PASSED] - Navigate to 'http://192.168.2.29:7001/saraweb' successfully

2021-12-17 18:02:35 - [TEST_STEP][PASSED] - a(): null

2021-12-17 18:02:35 - [TEST_STEP][PASSED] - setText(findTestObject("Login/input_USUARIO_loginusuario"), G_Usuario): Text 'weblogic' is set on object 'Object Repository/Login/input_USUARIO_loginusuario'

2021-12-17 18:02:36 - [MESSAGE][PASSED] - Text 'weblogic' is set on object 'Object Repository/Login/input_USUARIO_loginusuario'

2021-12-17 18:02:36 - [TEST_STEP][PASSED] - setEncryptedText(findTestObject("Login/input_CLAVE_loginpassword"), "MkG4/TYiCFC3cb2driP7+Q=="): Text ****** has been set on object 'Object Repository/Login/input_CLAVE_loginpassword'

2021-12-17 18:02:37 - [MESSAGE][PASSED] - Text ****** has been set on object 'Object Repository/Login/input_CLAVE_loginpassword'

2021-12-17 18:02:37 - [TEST_STEP][PASSED] - waitForElementClickable(findTestObject("Login/a_Ingresar"), G_TimeOut): Object 'Object Repository/Login/a_Ingresar' is clickable

2021-12-17 18:02:37 - [MESSAGE][PASSED] - Object 'Object Repository/Login/a_Ingresar' is clickable

2021-12-17 18:02:37 - [TEST_STEP][PASSED] - click(findTestObject("Login/a_Ingresar")): Object: 'Object Repository/Login/a_Ingresar' is clicked on

2021-12-17 18:02:44 - [MESSAGE][PASSED] - Object: 'Object Repository/Login/a_Ingresar' is clicked on

2021-12-17 18:02:44 - [TEST_STEP][PASSED] - element = findWebElement(findTestObject("Login/a_Ir"), 30): null

2021-12-17 18:02:44 - [TEST_STEP][PASSED] - executeJavaScript("arguments[0].click()", Arrays.asList(element)): Execute JavaScript 'arguments[0].click()' successfully

2021-12-17 18:02:44 - [MESSAGE][PASSED] - Execute JavaScript 'arguments[0].click()' successfully

2021-12-17 18:02:44 - [MESSAGE][PASSED] - Call Test Case 'Test Cases/0.1-Login' successfully

2021-12-17 18:02:44 - [TEST_STEP][PASSED] - delay(2): Delayed 2 second(s)

2021-12-17 18:02:46 - [MESSAGE][PASSED] - Delayed 2 second(s)

2021-12-17 18:02:46 - [TEST_STEP][PASSED] - setText(findTestObject("Modulo Tarea Administracion Compensacion/Tarea Liquidacion Nomina/input_Listado de Empleados_"), "Liquidacion Nomina"): Text 'Liquidacion Nomina' is set on object 'Object Repository/Modulo Tarea Administracion Compensacion/Tarea Liquidacion Nomina/input_Listado de Empleados_'

2021-12-17 18:02:51 - [MESSAGE][PASSED] - Text 'Liquidacion Nomina' is set on object 'Object Repository/Modulo Tarea Administracion Compensacion/Tarea Liquidacion Nomina/input_Listado de Empleados_'

2021-12-17 18:02:51 - [TEST_STEP][PASSED] - delay(1): Delayed 1 second(s)

2021-12-17 18:02:52 - [MESSAGE][PASSED] - Delayed 1 second(s)

2021-12-17 18:02:52 - [TEST_STEP][PASSED] - sendKeys(findTestObject("Modulo Tarea Administracion Compensacion/Tarea Liquidacion Nomina/input_Listado de Empleados_"), Keys.chord(ENTER)): Keys 'ENTER + ' sent to object: 'Object Repository/Modulo Tarea Administracion Compensacion/Tarea Liquidacion Nomina/input_Listado de Empleados_'

2021-12-17 18:02:53 - [MESSAGE][PASSED] - Keys 'ENTER + ' sent to object: 'Object Repository/Modulo Tarea Administracion Compensacion/Tarea Liquidacion Nomina/input_Listado de Empleados_'

2021-12-17 18:02:53 - [MESSAGE][PASSED] - Call Test Case 'Test Cases/Hutilidades/Tareas Administracion Compensacion/Tarea Liquidacion Nomina' successfully

2021-12-17 18:02:53 - [TEST_STEP][PASSED] - waitForElementClickable(findTestObject("Modulo Tarea Administracion Compensacion/Recalculo Seleccion/a_Periodo Nomina_LiquidacionNominaj_idt63"), G_TimeOut, STOP_ON_FAILURE): Object 'Object Repository/Modulo Tarea Administracion Compensacion/Recalculo Seleccion/a_Periodo Nomina_LiquidacionNominaj_idt63' is clickable

2021-12-17 18:02:59 - [MESSAGE][PASSED] - Object 'Object Repository/Modulo Tarea Administracion Compensacion/Recalculo Seleccion/a_Periodo Nomina_LiquidacionNominaj_idt63' is clickable

2021-12-17 18:02:59 - [TEST_STEP][PASSED] - click(findTestObject("Modulo Tarea Administracion Compensacion/Recalculo Seleccion/a_Periodo Nomina_LiquidacionNominaj_idt63")): Object: 'Object Repository/Modulo Tarea Administracion Compensacion/Recalculo Seleccion/a_Periodo Nomina_LiquidacionNominaj_idt63' is clicked on

2021-12-17 18:02:59 - [MESSAGE][PASSED] - Object: 'Object Repository/Modulo Tarea Administracion Compensacion/Recalculo Seleccion/a_Periodo Nomina_LiquidacionNominaj_idt63' is clicked on

2021-12-17 18:02:59 - [TEST_STEP][PASSED] - waitForElementClickable(findTestObject("Modulo Tarea Administracion Compensacion/Recalculo Seleccion/select_--  Seleccione  --Periodo CerradoPeriodo en Proceso"), G_TimeOut): Object 'Object Repository/Modulo Tarea Administracion Compensacion/Recalculo Seleccion/select_--  Seleccione  --Periodo CerradoPeriodo en Proceso' is clickable

2021-12-17 18:03:00 - [MESSAGE][PASSED] - Object 'Object Repository/Modulo Tarea Administracion Compensacion/Recalculo Seleccion/select_--  Seleccione  --Periodo CerradoPeriodo en Proceso' is clickable

2021-12-17 18:03:00 - [TEST_STEP][PASSED] - click(findTestObject("Modulo Tarea Administracion Compensacion/Recalculo Seleccion/select_--  Seleccione  --Periodo CerradoPeriodo en Proceso")): Object: 'Object Repository/Modulo Tarea Administracion Compensacion/Recalculo Seleccion/select_--  Seleccione  --Periodo CerradoPeriodo en Proceso' is clicked on

2021-12-17 18:03:01 - [MESSAGE][PASSED] - Object: 'Object Repository/Modulo Tarea Administracion Compensacion/Recalculo Seleccion/select_--  Seleccione  --Periodo CerradoPeriodo en Proceso' is clicked on

2021-12-17 18:03:01 - [TEST_STEP][PASSED] - selectOptionByIndex(findTestObject("Modulo Tarea Administracion Compensacion/Recalculo Seleccion/select_--  Seleccione  --Periodo CerradoPeriodo en Proceso"), 2): All options with index in [2] are selected on object 'Object Repository/Modulo Tarea Administracion Compensacion/Recalculo Seleccion/select_--  Seleccione  --Periodo CerradoPeriodo en Proceso'

2021-12-17 18:03:02 - [MESSAGE][PASSED] - All options with index in [2] are selected on object 'Object Repository/Modulo Tarea Administracion Compensacion/Recalculo Seleccion/select_--  Seleccione  --Periodo CerradoPeriodo en Proceso'

2021-12-17 18:03:02 - [TEST_STEP][PASSED] - waitForElementClickable(findTestObject("Modulo Tarea Administracion Compensacion/Recalculo Seleccion/span_P MensualJulio2021"), G_TimeOut): Object 'Object Repository/Modulo Tarea Administracion Compensacion/Recalculo Seleccion/span_P MensualJulio2021' is clickable

2021-12-17 18:03:03 - [MESSAGE][PASSED] - Object 'Object Repository/Modulo Tarea Administracion Compensacion/Recalculo Seleccion/span_P MensualJulio2021' is clickable

2021-12-17 18:03:03 - [TEST_STEP][PASSED] - click(findTestObject("Modulo Tarea Administracion Compensacion/Recalculo Seleccion/span_P MensualJulio2021")): Object: 'Object Repository/Modulo Tarea Administracion Compensacion/Recalculo Seleccion/span_P MensualJulio2021' is clicked on

2021-12-17 18:03:03 - [MESSAGE][PASSED] - Object: 'Object Repository/Modulo Tarea Administracion Compensacion/Recalculo Seleccion/span_P MensualJulio2021' is clicked on

2021-12-17 18:03:03 - [TEST_STEP][PASSED] - waitForElementClickable(findTestObject("Modulo Tarea Administracion Compensacion/Recalculo Seleccion/a_Nombre Persona_LiquidacionNo"), G_TimeOut): Object 'Object Repository/Modulo Tarea Administracion Compensacion/Recalculo Seleccion/a_Nombre Persona_LiquidacionNo' is clickable

2021-12-17 18:03:04 - [MESSAGE][PASSED] - Object 'Object Repository/Modulo Tarea Administracion Compensacion/Recalculo Seleccion/a_Nombre Persona_LiquidacionNo' is clickable

2021-12-17 18:03:04 - [TEST_STEP][PASSED] - click(findTestObject("Modulo Tarea Administracion Compensacion/Recalculo Seleccion/a_Nombre Persona_LiquidacionNo")): Object: 'Object Repository/Modulo Tarea Administracion Compensacion/Recalculo Seleccion/a_Nombre Persona_LiquidacionNo' is clicked on

2021-12-17 18:03:05 - [MESSAGE][PASSED] - Object: 'Object Repository/Modulo Tarea Administracion Compensacion/Recalculo Seleccion/a_Nombre Persona_LiquidacionNo' is clicked on

2021-12-17 18:03:05 - [TEST_STEP][PASSED] - setText(findTestObject("Modulo Tarea Administracion Compensacion/Recalculo Seleccion/input_Filtro Empleado_Liquidacion Nomina"), "1019070748"): Text '1019070748' is set on object 'Object Repository/Modulo Tarea Administracion Compensacion/Recalculo Seleccion/input_Filtro Empleado_Liquidacion Nomina'

2021-12-17 18:03:06 - [MESSAGE][PASSED] - Text '1019070748' is set on object 'Object Repository/Modulo Tarea Administracion Compensacion/Recalculo Seleccion/input_Filtro Empleado_Liquidacion Nomina'

2021-12-17 18:03:06 - [TEST_STEP][PASSED] - sendKeys(findTestObject("Modulo Tarea Administracion Compensacion/Recalculo Seleccion/input_Filtro Empleado_Liquidacion Nomina"), Keys.chord(ENTER)): Keys 'ENTER + ' sent to object: 'Object Repository/Modulo Tarea Administracion Compensacion/Recalculo Seleccion/input_Filtro Empleado_Liquidacion Nomina'

2021-12-17 18:03:07 - [MESSAGE][PASSED] - Keys 'ENTER + ' sent to object: 'Object Repository/Modulo Tarea Administracion Compensacion/Recalculo Seleccion/input_Filtro Empleado_Liquidacion Nomina'

2021-12-17 18:03:07 - [TEST_STEP][PASSED] - waitForElementClickable(findTestObject("Modulo Tarea Administracion Compensacion/Recalculo Seleccion/span_Almanza Novoa John Alexandre"), G_TimeOut): Object 'Object Repository/Modulo Tarea Administracion Compensacion/Recalculo Seleccion/span_Almanza Novoa John Alexandre' is clickable

2021-12-17 18:03:08 - [MESSAGE][PASSED] - Object 'Object Repository/Modulo Tarea Administracion Compensacion/Recalculo Seleccion/span_Almanza Novoa John Alexandre' is clickable

2021-12-17 18:03:08 - [TEST_STEP][PASSED] - click(findTestObject("Modulo Tarea Administracion Compensacion/Recalculo Seleccion/span_Almanza Novoa John Alexandre")): Object: 'Object Repository/Modulo Tarea Administracion Compensacion/Recalculo Seleccion/span_Almanza Novoa John Alexandre' is clicked on

2021-12-17 18:03:09 - [MESSAGE][PASSED] - Object: 'Object Repository/Modulo Tarea Administracion Compensacion/Recalculo Seleccion/span_Almanza Novoa John Alexandre' is clicked on

2021-12-17 18:03:09 - [TEST_STEP][PASSED] - click(findTestObject("Modulo Tarea Administracion Compensacion/Recalculo Seleccion/span_Reclculo Seleccin")): Object: 'Object Repository/Modulo Tarea Administracion Compensacion/Recalculo Seleccion/span_Reclculo Seleccin' is clicked on

2021-12-17 18:03:10 - [MESSAGE][PASSED] - Object: 'Object Repository/Modulo Tarea Administracion Compensacion/Recalculo Seleccion/span_Reclculo Seleccin' is clicked on

2021-12-17 18:03:10 - [TEST_STEP][PASSED] - click(findTestObject("Modulo Tarea Administracion Compensacion/Recalculo Seleccion/span_Si")): Object: 'Object Repository/Modulo Tarea Administracion Compensacion/Recalculo Seleccion/span_Si' is clicked on

2021-12-17 18:03:11 - [MESSAGE][PASSED] - Object: 'Object Repository/Modulo Tarea Administracion Compensacion/Recalculo Seleccion/span_Si' is clicked on

2021-12-17 18:03:11 - [TEST_STEP][PASSED] - waitForElementClickable(findTestObject("Alerta/Alerta"), 0): Object 'Object Repository/Alerta/Alerta' is clickable

2021-12-17 18:03:11 - [MESSAGE][WARNING] - Timeout '0' is invalid. Using default page load timeout: '30'

2021-12-17 18:03:12 - [MESSAGE][PASSED] - Object 'Object Repository/Alerta/Alerta' is clickable

2021-12-17 18:03:12 - [TEST_STEP][PASSED] - getText(findTestObject("Alerta/Alerta")): Text of object 'Object Repository/Alerta/Alerta' is: 'Seleccione empleado'

2021-12-17 18:03:12 - [MESSAGE][PASSED] - Text of object 'Object Repository/Alerta/Alerta' is: 'Seleccione empleado'

2021-12-17 18:03:12 - [TEST_STEP][PASSED] - closeBrowser(): Browser is closed

2021-12-17 18:03:13 - [MESSAGE][PASSED] - Browser is closed]]></system-out>
         <system-err><![CDATA[]]></system-err>
      </testcase>
      <testcase name="Test Cases/1.1-Tareas Principales/1.3.3-Recalculo Total" time="101.481" classname="Test Cases/1.1-Tareas Principales/1.3.3-Recalculo Total" status="PASSED">
         <system-out><![CDATA[2021-12-17 18:03:13 - [TEST_CASE][PASSED] - Test Cases/1.1-Tareas Principales/1.3.3-Recalculo Total: Test Cases/1.1-Tareas Principales/1.3.3-Recalculo Total

2021-12-17 18:03:13 - [TEST_STEP][PASSED] - callTestCase(findTestCase("Hutilidades/Tareas Administracion Compensacion/Tarea Liquidacion Nomina"), [:], STOP_ON_FAILURE): Call Test Case 'Test Cases/Hutilidades/Tareas Administracion Compensacion/Tarea Liquidacion Nomina' successfully

2021-12-17 18:03:13 - [TEST_CASE][PASSED] - Test Cases/Hutilidades/Tareas Administracion Compensacion/Tarea Liquidacion Nomina: Test Cases/Hutilidades/Tareas Administracion Compensacion/Tarea Liquidacion Nomina

2021-12-17 18:03:13 - [TEST_STEP][PASSED] - callTestCase(findTestCase("0.1-Login"), [:], STOP_ON_FAILURE): Call Test Case 'Test Cases/0.1-Login' successfully

2021-12-17 18:03:13 - [TEST_CASE][PASSED] - Test Cases/0.1-Login: Test Cases/0.1-Login

2021-12-17 18:03:13 - [TEST_STEP][PASSED] - openBrowser(""): Browser is opened with url: ''

2021-12-17 18:03:13 - [MESSAGE][INFO] - Starting 'Chrome' driver

2021-12-17 18:03:13 - [MESSAGE][INFO] - Action delay is set to 0 milliseconds

2021-12-17 18:03:14 - [MESSAGE][PASSED] - Browser is opened with url: ''

2021-12-17 18:03:14 - [TEST_STEP][PASSED] - maximizeWindow(): Current window maximized

2021-12-17 18:03:14 - [MESSAGE][PASSED] - Current window maximized

2021-12-17 18:03:14 - [TEST_STEP][PASSED] - i = G_Login: null

2021-12-17 18:03:14 - [TEST_STEP][PASSED] - url = new java.net.URL(i): null

2021-12-17 18:03:14 - [TEST_STEP][PASSED] - println("URL: " + url.toString()): null

2021-12-17 18:03:14 - [TEST_STEP][PASSED] - connection = url.openConnection(): null

2021-12-17 18:03:14 - [TEST_STEP][PASSED] - connection.setRequestMethod("GET"): null

2021-12-17 18:03:14 - [TEST_STEP][PASSED] - connection.setReadTimeout(2 * 1000): null

2021-12-17 18:03:14 - [TEST_STEP][PASSED] - try: null

2021-12-17 18:03:14 - [TEST_STEP][PASSED] - connection.connect(): null

2021-12-17 18:03:14 - [TEST_STEP][PASSED] - flag = connected: null

2021-12-17 18:03:14 - [TEST_STEP][PASSED] - println("Valor_ori: " + flag): null

2021-12-17 18:03:14 - [TEST_STEP][PASSED] - if (flag): null

2021-12-17 18:03:14 - [TEST_STEP][PASSED] - navigateToUrl(i): Navigate to 'http://192.168.2.29:7001/saraweb' successfully

2021-12-17 18:03:19 - [MESSAGE][PASSED] - Navigate to 'http://192.168.2.29:7001/saraweb' successfully

2021-12-17 18:03:19 - [TEST_STEP][PASSED] - a(): null

2021-12-17 18:03:19 - [TEST_STEP][PASSED] - setText(findTestObject("Login/input_USUARIO_loginusuario"), G_Usuario): Text 'weblogic' is set on object 'Object Repository/Login/input_USUARIO_loginusuario'

2021-12-17 18:03:19 - [MESSAGE][PASSED] - Text 'weblogic' is set on object 'Object Repository/Login/input_USUARIO_loginusuario'

2021-12-17 18:03:19 - [TEST_STEP][PASSED] - setEncryptedText(findTestObject("Login/input_CLAVE_loginpassword"), "MkG4/TYiCFC3cb2driP7+Q=="): Text ****** has been set on object 'Object Repository/Login/input_CLAVE_loginpassword'

2021-12-17 18:03:20 - [MESSAGE][PASSED] - Text ****** has been set on object 'Object Repository/Login/input_CLAVE_loginpassword'

2021-12-17 18:03:20 - [TEST_STEP][PASSED] - waitForElementClickable(findTestObject("Login/a_Ingresar"), G_TimeOut): Object 'Object Repository/Login/a_Ingresar' is clickable

2021-12-17 18:03:20 - [MESSAGE][PASSED] - Object 'Object Repository/Login/a_Ingresar' is clickable

2021-12-17 18:03:20 - [TEST_STEP][PASSED] - click(findTestObject("Login/a_Ingresar")): Object: 'Object Repository/Login/a_Ingresar' is clicked on

2021-12-17 18:03:27 - [MESSAGE][PASSED] - Object: 'Object Repository/Login/a_Ingresar' is clicked on

2021-12-17 18:03:27 - [TEST_STEP][PASSED] - element = findWebElement(findTestObject("Login/a_Ir"), 30): null

2021-12-17 18:03:27 - [TEST_STEP][PASSED] - executeJavaScript("arguments[0].click()", Arrays.asList(element)): Execute JavaScript 'arguments[0].click()' successfully

2021-12-17 18:03:27 - [MESSAGE][PASSED] - Execute JavaScript 'arguments[0].click()' successfully

2021-12-17 18:03:27 - [MESSAGE][PASSED] - Call Test Case 'Test Cases/0.1-Login' successfully

2021-12-17 18:03:27 - [TEST_STEP][PASSED] - delay(2): Delayed 2 second(s)

2021-12-17 18:03:29 - [MESSAGE][PASSED] - Delayed 2 second(s)

2021-12-17 18:03:29 - [TEST_STEP][PASSED] - setText(findTestObject("Modulo Tarea Administracion Compensacion/Tarea Liquidacion Nomina/input_Listado de Empleados_"), "Liquidacion Nomina"): Text 'Liquidacion Nomina' is set on object 'Object Repository/Modulo Tarea Administracion Compensacion/Tarea Liquidacion Nomina/input_Listado de Empleados_'

2021-12-17 18:03:34 - [MESSAGE][PASSED] - Text 'Liquidacion Nomina' is set on object 'Object Repository/Modulo Tarea Administracion Compensacion/Tarea Liquidacion Nomina/input_Listado de Empleados_'

2021-12-17 18:03:34 - [TEST_STEP][PASSED] - delay(1): Delayed 1 second(s)

2021-12-17 18:03:35 - [MESSAGE][PASSED] - Delayed 1 second(s)

2021-12-17 18:03:35 - [TEST_STEP][PASSED] - sendKeys(findTestObject("Modulo Tarea Administracion Compensacion/Tarea Liquidacion Nomina/input_Listado de Empleados_"), Keys.chord(ENTER)): Keys 'ENTER + ' sent to object: 'Object Repository/Modulo Tarea Administracion Compensacion/Tarea Liquidacion Nomina/input_Listado de Empleados_'

2021-12-17 18:03:36 - [MESSAGE][PASSED] - Keys 'ENTER + ' sent to object: 'Object Repository/Modulo Tarea Administracion Compensacion/Tarea Liquidacion Nomina/input_Listado de Empleados_'

2021-12-17 18:03:36 - [MESSAGE][PASSED] - Call Test Case 'Test Cases/Hutilidades/Tareas Administracion Compensacion/Tarea Liquidacion Nomina' successfully

2021-12-17 18:03:36 - [TEST_STEP][PASSED] - waitForElementClickable(findTestObject("Modulo Tarea Administracion Compensacion/Recalculo Total/a_Periodo Nomina_LiquidacionNominaj_idt63"), G_TimeOut): Object 'Object Repository/Modulo Tarea Administracion Compensacion/Recalculo Total/a_Periodo Nomina_LiquidacionNominaj_idt63' is clickable

2021-12-17 18:03:43 - [MESSAGE][PASSED] - Object 'Object Repository/Modulo Tarea Administracion Compensacion/Recalculo Total/a_Periodo Nomina_LiquidacionNominaj_idt63' is clickable

2021-12-17 18:03:43 - [TEST_STEP][PASSED] - click(findTestObject("Modulo Tarea Administracion Compensacion/Recalculo Total/a_Periodo Nomina_LiquidacionNominaj_idt63")): Object: 'Object Repository/Modulo Tarea Administracion Compensacion/Recalculo Total/a_Periodo Nomina_LiquidacionNominaj_idt63' is clicked on

2021-12-17 18:03:43 - [MESSAGE][PASSED] - Object: 'Object Repository/Modulo Tarea Administracion Compensacion/Recalculo Total/a_Periodo Nomina_LiquidacionNominaj_idt63' is clicked on

2021-12-17 18:03:43 - [TEST_STEP][PASSED] - waitForElementClickable(findTestObject("Modulo Tarea Administracion Compensacion/Recalculo Total/select_--  Seleccione  --Periodo CerradoPeriodo en Proceso"), G_TimeOut): Object 'Object Repository/Modulo Tarea Administracion Compensacion/Recalculo Total/select_--  Seleccione  --Periodo CerradoPeriodo en Proceso' is clickable

2021-12-17 18:03:44 - [MESSAGE][PASSED] - Object 'Object Repository/Modulo Tarea Administracion Compensacion/Recalculo Total/select_--  Seleccione  --Periodo CerradoPeriodo en Proceso' is clickable

2021-12-17 18:03:44 - [TEST_STEP][PASSED] - click(findTestObject("Modulo Tarea Administracion Compensacion/Recalculo Total/select_--  Seleccione  --Periodo CerradoPeriodo en Proceso")): Object: 'Object Repository/Modulo Tarea Administracion Compensacion/Recalculo Total/select_--  Seleccione  --Periodo CerradoPeriodo en Proceso' is clicked on

2021-12-17 18:03:44 - [MESSAGE][PASSED] - Object: 'Object Repository/Modulo Tarea Administracion Compensacion/Recalculo Total/select_--  Seleccione  --Periodo CerradoPeriodo en Proceso' is clicked on

2021-12-17 18:03:44 - [TEST_STEP][PASSED] - selectOptionByIndex(findTestObject("Modulo Tarea Administracion Compensacion/Recalculo Total/select_--  Seleccione  --Periodo CerradoPeriodo en Proceso"), 2): All options with index in [2] are selected on object 'Object Repository/Modulo Tarea Administracion Compensacion/Recalculo Total/select_--  Seleccione  --Periodo CerradoPeriodo en Proceso'

2021-12-17 18:03:45 - [MESSAGE][PASSED] - All options with index in [2] are selected on object 'Object Repository/Modulo Tarea Administracion Compensacion/Recalculo Total/select_--  Seleccione  --Periodo CerradoPeriodo en Proceso'

2021-12-17 18:03:45 - [TEST_STEP][PASSED] - waitForElementClickable(findTestObject("Modulo Tarea Administracion Compensacion/Recalculo Total/span_P MensualJulio2021"), G_TimeOut): Object 'Object Repository/Modulo Tarea Administracion Compensacion/Recalculo Total/span_P MensualJulio2021' is clickable

2021-12-17 18:03:46 - [MESSAGE][PASSED] - Object 'Object Repository/Modulo Tarea Administracion Compensacion/Recalculo Total/span_P MensualJulio2021' is clickable

2021-12-17 18:03:46 - [TEST_STEP][PASSED] - click(findTestObject("Modulo Tarea Administracion Compensacion/Recalculo Total/span_P MensualJulio2021")): Object: 'Object Repository/Modulo Tarea Administracion Compensacion/Recalculo Total/span_P MensualJulio2021' is clicked on

2021-12-17 18:03:46 - [MESSAGE][PASSED] - Object: 'Object Repository/Modulo Tarea Administracion Compensacion/Recalculo Total/span_P MensualJulio2021' is clicked on

2021-12-17 18:03:46 - [TEST_STEP][PASSED] - waitForElementClickable(findTestObject("Modulo Tarea Administracion Compensacion/Recalculo Total/a_Reclculo Total"), G_TimeOut): Object 'Object Repository/Modulo Tarea Administracion Compensacion/Recalculo Total/a_Reclculo Total' is clickable

2021-12-17 18:03:48 - [MESSAGE][PASSED] - Object 'Object Repository/Modulo Tarea Administracion Compensacion/Recalculo Total/a_Reclculo Total' is clickable

2021-12-17 18:03:48 - [TEST_STEP][PASSED] - click(findTestObject("Modulo Tarea Administracion Compensacion/Recalculo Total/a_Reclculo Total")): Object: 'Object Repository/Modulo Tarea Administracion Compensacion/Recalculo Total/a_Reclculo Total' is clicked on

2021-12-17 18:03:48 - [MESSAGE][PASSED] - Object: 'Object Repository/Modulo Tarea Administracion Compensacion/Recalculo Total/a_Reclculo Total' is clicked on

2021-12-17 18:03:48 - [TEST_STEP][PASSED] - waitForElementClickable(findTestObject("Modulo Tarea Administracion Compensacion/Recalculo Total/span_Si"), G_TimeOut): Object 'Object Repository/Modulo Tarea Administracion Compensacion/Recalculo Total/span_Si' is clickable

2021-12-17 18:03:49 - [MESSAGE][PASSED] - Object 'Object Repository/Modulo Tarea Administracion Compensacion/Recalculo Total/span_Si' is clickable

2021-12-17 18:03:49 - [TEST_STEP][PASSED] - click(findTestObject("Modulo Tarea Administracion Compensacion/Recalculo Total/span_Si")): Object: 'Object Repository/Modulo Tarea Administracion Compensacion/Recalculo Total/span_Si' is clicked on

2021-12-17 18:03:49 - [MESSAGE][PASSED] - Object: 'Object Repository/Modulo Tarea Administracion Compensacion/Recalculo Total/span_Si' is clicked on

2021-12-17 18:03:49 - [TEST_STEP][PASSED] - delay(28): Delayed 28 second(s)

2021-12-17 18:04:17 - [MESSAGE][PASSED] - Delayed 28 second(s)

2021-12-17 18:04:17 - [TEST_STEP][PASSED] - waitForElementClickable(findTestObject("Modulo Tarea Administracion Compensacion/Recalculo Total/a_Continuar"), G_TimeNomina): Object 'Object Repository/Modulo Tarea Administracion Compensacion/Recalculo Total/a_Continuar' is clickable

2021-12-17 18:04:54 - [MESSAGE][PASSED] - Object 'Object Repository/Modulo Tarea Administracion Compensacion/Recalculo Total/a_Continuar' is clickable

2021-12-17 18:04:54 - [TEST_STEP][PASSED] - click(findTestObject("Modulo Tarea Administracion Compensacion/Recalculo Total/a_Continuar")): Object: 'Object Repository/Modulo Tarea Administracion Compensacion/Recalculo Total/a_Continuar' is clicked on

2021-12-17 18:04:54 - [MESSAGE][PASSED] - Object: 'Object Repository/Modulo Tarea Administracion Compensacion/Recalculo Total/a_Continuar' is clicked on]]></system-out>
         <system-err><![CDATA[]]></system-err>
      </testcase>
      <testcase name="Test Cases/1.1-Tareas Principales/1.3.4-Reporte de Recalculo Total" time="148.396" classname="Test Cases/1.1-Tareas Principales/1.3.4-Reporte de Recalculo Total" status="FAILED">
         <failure type="FAILED" message="Test Cases/1.1-Tareas Principales/1.3.4-Reporte de Recalculo Total FAILED.
Reason:
com.kms.katalon.core.exception.StepFailedException: Unable to click on object 'Object Repository/Modulo Tarea Administracion Compensacion/Reporte de Recalculo Total/a_Descargar'
	at com.kms.katalon.core.webui.keyword.internal.WebUIKeywordMain.stepFailed(WebUIKeywordMain.groovy:64)
	at com.kms.katalon.core.webui.keyword.internal.WebUIKeywordMain.runKeyword(WebUIKeywordMain.groovy:26)
	at com.kms.katalon.core.webui.keyword.builtin.ClickKeyword.click(ClickKeyword.groovy:74)
	at com.kms.katalon.core.webui.keyword.builtin.ClickKeyword.execute(ClickKeyword.groovy:40)
	at com.kms.katalon.core.keyword.internal.KeywordExecutor.executeKeywordForPlatform(KeywordExecutor.groovy:74)
	at com.kms.katalon.core.webui.keyword.WebUiBuiltInKeywords.click(WebUiBuiltInKeywords.groovy:620)
	at com.kms.katalon.core.webui.keyword.WebUiBuiltInKeywords$click$5.call(Unknown Source)
	at 1.3.4-Reporte de Recalculo Total.run(1.3.4-Reporte de Recalculo Total:53)
	at com.kms.katalon.core.main.ScriptEngine.run(ScriptEngine.java:194)
	at com.kms.katalon.core.main.ScriptEngine.runScriptAsRawText(ScriptEngine.java:119)
	at com.kms.katalon.core.main.TestCaseExecutor.runScript(TestCaseExecutor.java:442)
	at com.kms.katalon.core.main.TestCaseExecutor.doExecute(TestCaseExecutor.java:433)
	at com.kms.katalon.core.main.TestCaseExecutor.processExecutionPhase(TestCaseExecutor.java:412)
	at com.kms.katalon.core.main.TestCaseExecutor.accessMainPhase(TestCaseExecutor.java:404)
	at com.kms.katalon.core.main.TestCaseExecutor.execute(TestCaseExecutor.java:281)
	at com.kms.katalon.core.main.TestSuiteExecutor.accessTestCaseMainPhase(TestSuiteExecutor.java:202)
	at com.kms.katalon.core.main.TestSuiteExecutor.accessTestSuiteMainPhase(TestSuiteExecutor.java:164)
	at com.kms.katalon.core.main.TestSuiteExecutor.execute(TestSuiteExecutor.java:105)
	at com.kms.katalon.core.main.TestCaseMain.startTestSuite(TestCaseMain.java:181)
	at com.kms.katalon.core.main.TestCaseMain$startTestSuite$0.call(Unknown Source)
	at TempTestSuite1639780222929.run(TempTestSuite1639780222929.groovy:36)
Caused by: org.openqa.selenium.ElementClickInterceptedException: element click intercepted: Element &lt;a id=&quot;popupManejoReporte_form:j_idt2444&quot; href=&quot;#&quot; class=&quot;ui-commandlink ui-widget us-boton btn-reporte&quot; onclick=&quot;PrimeFaces.ab({s:&amp;quot;popupManejoReporte_form:j_idt2444&amp;quot;,f:&amp;quot;popupManejoReporte_form&amp;quot;,u:&amp;quot;areaAplicacion&amp;quot;});return false;&quot;>...&lt;/a> is not clickable at point (679, 473). Other element would receive the click: &lt;div id=&quot;popupErrorDialog:dialog_popupFoto_modal&quot; class=&quot;ui-widget-overlay ui-dialog-mask&quot; style=&quot;z-index: 1051;&quot;>&lt;/div>
  (Session info: chrome=96.0.4664.110)
Build info: version: '3.141.59', revision: 'e82be7d358', time: '2018-11-14T08:25:53'
System info: host: 'US-AF-000371', ip: '192.168.56.1', os.name: 'Windows 10', os.arch: 'amd64', os.version: '10.0', java.version: '1.8.0_282'
Driver info: com.kms.katalon.selenium.driver.CChromeDriver
Capabilities {acceptInsecureCerts: false, browserName: chrome, browserVersion: 96.0.4664.110, chrome: {chromedriverVersion: 95.0.4638.17 (a9d0719444d4b..., userDataDir: C:\Users\DIEGO~1.ROJ\AppDat...}, goog:chromeOptions: {debuggerAddress: localhost:50467}, javascriptEnabled: true, networkConnectionEnabled: false, pageLoadStrategy: normal, platform: WINDOWS, platformName: WINDOWS, proxy: Proxy(), setWindowRect: true, strictFileInteractability: false, timeouts: {implicit: 0, pageLoad: 300000, script: 30000}, unhandledPromptBehavior: dismiss and notify, webauthn:extension:credBlob: true, webauthn:extension:largeBlob: true, webauthn:virtualAuthenticators: true}
Session ID: b9185fe87e8fc9e9341b3c89e6508462
	at org.openqa.selenium.remote.http.W3CHttpResponseCodec.createException(W3CHttpResponseCodec.java:187)
	at org.openqa.selenium.remote.http.W3CHttpResponseCodec.decode(W3CHttpResponseCodec.java:122)
	at org.openqa.selenium.remote.http.W3CHttpResponseCodec.decode(W3CHttpResponseCodec.java:49)
	at org.openqa.selenium.remote.HttpCommandExecutor.execute(HttpCommandExecutor.java:158)
	at org.openqa.selenium.remote.service.DriverCommandExecutor.execute(DriverCommandExecutor.java:83)
	at org.openqa.selenium.remote.RemoteWebDriver.execute(RemoteWebDriver.java:552)
	at com.kms.katalon.selenium.driver.CChromeDriver.execute(CChromeDriver.java:19)
	at org.openqa.selenium.remote.RemoteWebElement.execute(RemoteWebElement.java:285)
	at org.openqa.selenium.remote.RemoteWebElement.click(RemoteWebElement.java:84)
	at org.openqa.selenium.support.events.EventFiringWebDriver$EventFiringWebElement.lambda$new$0(EventFiringWebDriver.java:404)
	at com.sun.proxy.$Proxy11.click(Unknown Source)
	at org.openqa.selenium.support.events.EventFiringWebDriver$EventFiringWebElement.click(EventFiringWebDriver.java:417)
	at org.openqa.selenium.WebElement$click$0.call(Unknown Source)
	at com.kms.katalon.core.webui.keyword.builtin.ClickKeyword.clickUntilSuccessWithTimeout(ClickKeyword.groovy:81)
	at com.kms.katalon.core.webui.keyword.builtin.ClickKeyword.clickUntilSuccessWithTimeout(ClickKeyword.groovy)
	at com.kms.katalon.core.webui.keyword.builtin.ClickKeyword$_click_closure1.doCall(ClickKeyword.groovy:67)
	at com.kms.katalon.core.webui.keyword.builtin.ClickKeyword$_click_closure1.call(ClickKeyword.groovy)
	at com.kms.katalon.core.webui.keyword.internal.WebUIKeywordMain.runKeyword(WebUIKeywordMain.groovy:20)
	... 19 more
"/>
         <system-out><![CDATA[2021-12-17 18:04:54 - [TEST_CASE][FAILED] - Test Cases/1.1-Tareas Principales/1.3.4-Reporte de Recalculo Total: Test Cases/1.1-Tareas Principales/1.3.4-Reporte de Recalculo Total FAILED.
Reason:
com.kms.katalon.core.exception.StepFailedException: Unable to click on object 'Object Repository/Modulo Tarea Administracion Compensacion/Reporte de Recalculo Total/a_Descargar'
	at com.kms.katalon.core.webui.keyword.internal.WebUIKeywordMain.stepFailed(WebUIKeywordMain.groovy:64)
	at com.kms.katalon.core.webui.keyword.internal.WebUIKeywordMain.runKeyword(WebUIKeywordMain.groovy:26)
	at com.kms.katalon.core.webui.keyword.builtin.ClickKeyword.click(ClickKeyword.groovy:74)
	at com.kms.katalon.core.webui.keyword.builtin.ClickKeyword.execute(ClickKeyword.groovy:40)
	at com.kms.katalon.core.keyword.internal.KeywordExecutor.executeKeywordForPlatform(KeywordExecutor.groovy:74)
	at com.kms.katalon.core.webui.keyword.WebUiBuiltInKeywords.click(WebUiBuiltInKeywords.groovy:620)
	at com.kms.katalon.core.webui.keyword.WebUiBuiltInKeywords$click$5.call(Unknown Source)
	at 1.3.4-Reporte de Recalculo Total.run(1.3.4-Reporte de Recalculo Total:53)
	at com.kms.katalon.core.main.ScriptEngine.run(ScriptEngine.java:194)
	at com.kms.katalon.core.main.ScriptEngine.runScriptAsRawText(ScriptEngine.java:119)
	at com.kms.katalon.core.main.TestCaseExecutor.runScript(TestCaseExecutor.java:442)
	at com.kms.katalon.core.main.TestCaseExecutor.doExecute(TestCaseExecutor.java:433)
	at com.kms.katalon.core.main.TestCaseExecutor.processExecutionPhase(TestCaseExecutor.java:412)
	at com.kms.katalon.core.main.TestCaseExecutor.accessMainPhase(TestCaseExecutor.java:404)
	at com.kms.katalon.core.main.TestCaseExecutor.execute(TestCaseExecutor.java:281)
	at com.kms.katalon.core.main.TestSuiteExecutor.accessTestCaseMainPhase(TestSuiteExecutor.java:202)
	at com.kms.katalon.core.main.TestSuiteExecutor.accessTestSuiteMainPhase(TestSuiteExecutor.java:164)
	at com.kms.katalon.core.main.TestSuiteExecutor.execute(TestSuiteExecutor.java:105)
	at com.kms.katalon.core.main.TestCaseMain.startTestSuite(TestCaseMain.java:181)
	at com.kms.katalon.core.main.TestCaseMain$startTestSuite$0.call(Unknown Source)
	at TempTestSuite1639780222929.run(TempTestSuite1639780222929.groovy:36)
Caused by: org.openqa.selenium.ElementClickInterceptedException: element click intercepted: Element <a id="popupManejoReporte_form:j_idt2444" href="#" class="ui-commandlink ui-widget us-boton btn-reporte" onclick="PrimeFaces.ab({s:&quot;popupManejoReporte_form:j_idt2444&quot;,f:&quot;popupManejoReporte_form&quot;,u:&quot;areaAplicacion&quot;});return false;">...</a> is not clickable at point (679, 473). Other element would receive the click: <div id="popupErrorDialog:dialog_popupFoto_modal" class="ui-widget-overlay ui-dialog-mask" style="z-index: 1051;"></div>
  (Session info: chrome=96.0.4664.110)
Build info: version: '3.141.59', revision: 'e82be7d358', time: '2018-11-14T08:25:53'
System info: host: 'US-AF-000371', ip: '192.168.56.1', os.name: 'Windows 10', os.arch: 'amd64', os.version: '10.0', java.version: '1.8.0_282'
Driver info: com.kms.katalon.selenium.driver.CChromeDriver
Capabilities {acceptInsecureCerts: false, browserName: chrome, browserVersion: 96.0.4664.110, chrome: {chromedriverVersion: 95.0.4638.17 (a9d0719444d4b..., userDataDir: C:\Users\DIEGO~1.ROJ\AppDat...}, goog:chromeOptions: {debuggerAddress: localhost:50467}, javascriptEnabled: true, networkConnectionEnabled: false, pageLoadStrategy: normal, platform: WINDOWS, platformName: WINDOWS, proxy: Proxy(), setWindowRect: true, strictFileInteractability: false, timeouts: {implicit: 0, pageLoad: 300000, script: 30000}, unhandledPromptBehavior: dismiss and notify, webauthn:extension:credBlob: true, webauthn:extension:largeBlob: true, webauthn:virtualAuthenticators: true}
Session ID: b9185fe87e8fc9e9341b3c89e6508462
	at org.openqa.selenium.remote.http.W3CHttpResponseCodec.createException(W3CHttpResponseCodec.java:187)
	at org.openqa.selenium.remote.http.W3CHttpResponseCodec.decode(W3CHttpResponseCodec.java:122)
	at org.openqa.selenium.remote.http.W3CHttpResponseCodec.decode(W3CHttpResponseCodec.java:49)
	at org.openqa.selenium.remote.HttpCommandExecutor.execute(HttpCommandExecutor.java:158)
	at org.openqa.selenium.remote.service.DriverCommandExecutor.execute(DriverCommandExecutor.java:83)
	at org.openqa.selenium.remote.RemoteWebDriver.execute(RemoteWebDriver.java:552)
	at com.kms.katalon.selenium.driver.CChromeDriver.execute(CChromeDriver.java:19)
	at org.openqa.selenium.remote.RemoteWebElement.execute(RemoteWebElement.java:285)
	at org.openqa.selenium.remote.RemoteWebElement.click(RemoteWebElement.java:84)
	at org.openqa.selenium.support.events.EventFiringWebDriver$EventFiringWebElement.lambda$new$0(EventFiringWebDriver.java:404)
	at com.sun.proxy.$Proxy11.click(Unknown Source)
	at org.openqa.selenium.support.events.EventFiringWebDriver$EventFiringWebElement.click(EventFiringWebDriver.java:417)
	at org.openqa.selenium.WebElement$click$0.call(Unknown Source)
	at com.kms.katalon.core.webui.keyword.builtin.ClickKeyword.clickUntilSuccessWithTimeout(ClickKeyword.groovy:81)
	at com.kms.katalon.core.webui.keyword.builtin.ClickKeyword.clickUntilSuccessWithTimeout(ClickKeyword.groovy)
	at com.kms.katalon.core.webui.keyword.builtin.ClickKeyword$_click_closure1.doCall(ClickKeyword.groovy:67)
	at com.kms.katalon.core.webui.keyword.builtin.ClickKeyword$_click_closure1.call(ClickKeyword.groovy)
	at com.kms.katalon.core.webui.keyword.internal.WebUIKeywordMain.runKeyword(WebUIKeywordMain.groovy:20)
	... 19 more


2021-12-17 18:04:54 - [TEST_STEP][PASSED] - callTestCase(findTestCase("1.1-Tareas Principales/1.3.3-Recalculo Total"), [:], STOP_ON_FAILURE): Call Test Case 'Test Cases/1.1-Tareas Principales/1.3.3-Recalculo Total' successfully

2021-12-17 18:04:55 - [TEST_CASE][PASSED] - Test Cases/1.1-Tareas Principales/1.3.3-Recalculo Total: Test Cases/1.1-Tareas Principales/1.3.3-Recalculo Total

2021-12-17 18:04:55 - [TEST_STEP][PASSED] - callTestCase(findTestCase("Hutilidades/Tareas Administracion Compensacion/Tarea Liquidacion Nomina"), [:], STOP_ON_FAILURE): Call Test Case 'Test Cases/Hutilidades/Tareas Administracion Compensacion/Tarea Liquidacion Nomina' successfully

2021-12-17 18:04:55 - [TEST_CASE][PASSED] - Test Cases/Hutilidades/Tareas Administracion Compensacion/Tarea Liquidacion Nomina: Test Cases/Hutilidades/Tareas Administracion Compensacion/Tarea Liquidacion Nomina

2021-12-17 18:04:55 - [TEST_STEP][PASSED] - callTestCase(findTestCase("0.1-Login"), [:], STOP_ON_FAILURE): Call Test Case 'Test Cases/0.1-Login' successfully

2021-12-17 18:04:55 - [TEST_CASE][PASSED] - Test Cases/0.1-Login: Test Cases/0.1-Login

2021-12-17 18:04:55 - [TEST_STEP][PASSED] - openBrowser(""): Browser is opened with url: ''

2021-12-17 18:04:55 - [MESSAGE][WARNING] - A browser is already opened. Closing browser and opening a new one

2021-12-17 18:04:56 - [MESSAGE][INFO] - Starting 'Chrome' driver

2021-12-17 18:04:56 - [MESSAGE][INFO] - Action delay is set to 0 milliseconds

2021-12-17 18:04:57 - [MESSAGE][PASSED] - Browser is opened with url: ''

2021-12-17 18:04:57 - [TEST_STEP][PASSED] - maximizeWindow(): Current window maximized

2021-12-17 18:04:57 - [MESSAGE][PASSED] - Current window maximized

2021-12-17 18:04:57 - [TEST_STEP][PASSED] - i = G_Login: null

2021-12-17 18:04:57 - [TEST_STEP][PASSED] - url = new java.net.URL(i): null

2021-12-17 18:04:57 - [TEST_STEP][PASSED] - println("URL: " + url.toString()): null

2021-12-17 18:04:57 - [TEST_STEP][PASSED] - connection = url.openConnection(): null

2021-12-17 18:04:57 - [TEST_STEP][PASSED] - connection.setRequestMethod("GET"): null

2021-12-17 18:04:57 - [TEST_STEP][PASSED] - connection.setReadTimeout(2 * 1000): null

2021-12-17 18:04:57 - [TEST_STEP][PASSED] - try: null

2021-12-17 18:04:57 - [TEST_STEP][PASSED] - connection.connect(): null

2021-12-17 18:04:57 - [TEST_STEP][PASSED] - flag = connected: null

2021-12-17 18:04:57 - [TEST_STEP][PASSED] - println("Valor_ori: " + flag): null

2021-12-17 18:04:57 - [TEST_STEP][PASSED] - if (flag): null

2021-12-17 18:04:57 - [TEST_STEP][PASSED] - navigateToUrl(i): Navigate to 'http://192.168.2.29:7001/saraweb' successfully

2021-12-17 18:05:01 - [MESSAGE][PASSED] - Navigate to 'http://192.168.2.29:7001/saraweb' successfully

2021-12-17 18:05:01 - [TEST_STEP][PASSED] - a(): null

2021-12-17 18:05:01 - [TEST_STEP][PASSED] - setText(findTestObject("Login/input_USUARIO_loginusuario"), G_Usuario): Text 'weblogic' is set on object 'Object Repository/Login/input_USUARIO_loginusuario'

2021-12-17 18:05:01 - [MESSAGE][PASSED] - Text 'weblogic' is set on object 'Object Repository/Login/input_USUARIO_loginusuario'

2021-12-17 18:05:01 - [TEST_STEP][PASSED] - setEncryptedText(findTestObject("Login/input_CLAVE_loginpassword"), "MkG4/TYiCFC3cb2driP7+Q=="): Text ****** has been set on object 'Object Repository/Login/input_CLAVE_loginpassword'

2021-12-17 18:05:02 - [MESSAGE][PASSED] - Text ****** has been set on object 'Object Repository/Login/input_CLAVE_loginpassword'

2021-12-17 18:05:02 - [TEST_STEP][PASSED] - waitForElementClickable(findTestObject("Login/a_Ingresar"), G_TimeOut): Object 'Object Repository/Login/a_Ingresar' is clickable

2021-12-17 18:05:02 - [MESSAGE][PASSED] - Object 'Object Repository/Login/a_Ingresar' is clickable

2021-12-17 18:05:02 - [TEST_STEP][PASSED] - click(findTestObject("Login/a_Ingresar")): Object: 'Object Repository/Login/a_Ingresar' is clicked on

2021-12-17 18:05:10 - [MESSAGE][PASSED] - Object: 'Object Repository/Login/a_Ingresar' is clicked on

2021-12-17 18:05:10 - [TEST_STEP][PASSED] - element = findWebElement(findTestObject("Login/a_Ir"), 30): null

2021-12-17 18:05:10 - [TEST_STEP][PASSED] - executeJavaScript("arguments[0].click()", Arrays.asList(element)): Execute JavaScript 'arguments[0].click()' successfully

2021-12-17 18:05:10 - [MESSAGE][PASSED] - Execute JavaScript 'arguments[0].click()' successfully

2021-12-17 18:05:10 - [MESSAGE][PASSED] - Call Test Case 'Test Cases/0.1-Login' successfully

2021-12-17 18:05:10 - [TEST_STEP][PASSED] - delay(2): Delayed 2 second(s)

2021-12-17 18:05:12 - [MESSAGE][PASSED] - Delayed 2 second(s)

2021-12-17 18:05:12 - [TEST_STEP][PASSED] - setText(findTestObject("Modulo Tarea Administracion Compensacion/Tarea Liquidacion Nomina/input_Listado de Empleados_"), "Liquidacion Nomina"): Text 'Liquidacion Nomina' is set on object 'Object Repository/Modulo Tarea Administracion Compensacion/Tarea Liquidacion Nomina/input_Listado de Empleados_'

2021-12-17 18:05:18 - [MESSAGE][PASSED] - Text 'Liquidacion Nomina' is set on object 'Object Repository/Modulo Tarea Administracion Compensacion/Tarea Liquidacion Nomina/input_Listado de Empleados_'

2021-12-17 18:05:18 - [TEST_STEP][PASSED] - delay(1): Delayed 1 second(s)

2021-12-17 18:05:19 - [MESSAGE][PASSED] - Delayed 1 second(s)

2021-12-17 18:05:19 - [TEST_STEP][PASSED] - sendKeys(findTestObject("Modulo Tarea Administracion Compensacion/Tarea Liquidacion Nomina/input_Listado de Empleados_"), Keys.chord(ENTER)): Keys 'ENTER + ' sent to object: 'Object Repository/Modulo Tarea Administracion Compensacion/Tarea Liquidacion Nomina/input_Listado de Empleados_'

2021-12-17 18:05:19 - [MESSAGE][PASSED] - Keys 'ENTER + ' sent to object: 'Object Repository/Modulo Tarea Administracion Compensacion/Tarea Liquidacion Nomina/input_Listado de Empleados_'

2021-12-17 18:05:19 - [MESSAGE][PASSED] - Call Test Case 'Test Cases/Hutilidades/Tareas Administracion Compensacion/Tarea Liquidacion Nomina' successfully

2021-12-17 18:05:19 - [TEST_STEP][PASSED] - waitForElementClickable(findTestObject("Modulo Tarea Administracion Compensacion/Recalculo Total/a_Periodo Nomina_LiquidacionNominaj_idt63"), G_TimeOut): Object 'Object Repository/Modulo Tarea Administracion Compensacion/Recalculo Total/a_Periodo Nomina_LiquidacionNominaj_idt63' is clickable

2021-12-17 18:05:27 - [MESSAGE][PASSED] - Object 'Object Repository/Modulo Tarea Administracion Compensacion/Recalculo Total/a_Periodo Nomina_LiquidacionNominaj_idt63' is clickable

2021-12-17 18:05:27 - [TEST_STEP][PASSED] - click(findTestObject("Modulo Tarea Administracion Compensacion/Recalculo Total/a_Periodo Nomina_LiquidacionNominaj_idt63")): Object: 'Object Repository/Modulo Tarea Administracion Compensacion/Recalculo Total/a_Periodo Nomina_LiquidacionNominaj_idt63' is clicked on

2021-12-17 18:05:27 - [MESSAGE][PASSED] - Object: 'Object Repository/Modulo Tarea Administracion Compensacion/Recalculo Total/a_Periodo Nomina_LiquidacionNominaj_idt63' is clicked on

2021-12-17 18:05:27 - [TEST_STEP][PASSED] - waitForElementClickable(findTestObject("Modulo Tarea Administracion Compensacion/Recalculo Total/select_--  Seleccione  --Periodo CerradoPeriodo en Proceso"), G_TimeOut): Object 'Object Repository/Modulo Tarea Administracion Compensacion/Recalculo Total/select_--  Seleccione  --Periodo CerradoPeriodo en Proceso' is clickable

2021-12-17 18:05:28 - [MESSAGE][PASSED] - Object 'Object Repository/Modulo Tarea Administracion Compensacion/Recalculo Total/select_--  Seleccione  --Periodo CerradoPeriodo en Proceso' is clickable

2021-12-17 18:05:28 - [TEST_STEP][PASSED] - click(findTestObject("Modulo Tarea Administracion Compensacion/Recalculo Total/select_--  Seleccione  --Periodo CerradoPeriodo en Proceso")): Object: 'Object Repository/Modulo Tarea Administracion Compensacion/Recalculo Total/select_--  Seleccione  --Periodo CerradoPeriodo en Proceso' is clicked on

2021-12-17 18:05:28 - [MESSAGE][PASSED] - Object: 'Object Repository/Modulo Tarea Administracion Compensacion/Recalculo Total/select_--  Seleccione  --Periodo CerradoPeriodo en Proceso' is clicked on

2021-12-17 18:05:28 - [TEST_STEP][PASSED] - selectOptionByIndex(findTestObject("Modulo Tarea Administracion Compensacion/Recalculo Total/select_--  Seleccione  --Periodo CerradoPeriodo en Proceso"), 2): All options with index in [2] are selected on object 'Object Repository/Modulo Tarea Administracion Compensacion/Recalculo Total/select_--  Seleccione  --Periodo CerradoPeriodo en Proceso'

2021-12-17 18:05:29 - [MESSAGE][PASSED] - All options with index in [2] are selected on object 'Object Repository/Modulo Tarea Administracion Compensacion/Recalculo Total/select_--  Seleccione  --Periodo CerradoPeriodo en Proceso'

2021-12-17 18:05:29 - [TEST_STEP][PASSED] - waitForElementClickable(findTestObject("Modulo Tarea Administracion Compensacion/Recalculo Total/span_P MensualJulio2021"), G_TimeOut): Object 'Object Repository/Modulo Tarea Administracion Compensacion/Recalculo Total/span_P MensualJulio2021' is clickable

2021-12-17 18:05:30 - [MESSAGE][PASSED] - Object 'Object Repository/Modulo Tarea Administracion Compensacion/Recalculo Total/span_P MensualJulio2021' is clickable

2021-12-17 18:05:30 - [TEST_STEP][PASSED] - click(findTestObject("Modulo Tarea Administracion Compensacion/Recalculo Total/span_P MensualJulio2021")): Object: 'Object Repository/Modulo Tarea Administracion Compensacion/Recalculo Total/span_P MensualJulio2021' is clicked on

2021-12-17 18:05:30 - [MESSAGE][PASSED] - Object: 'Object Repository/Modulo Tarea Administracion Compensacion/Recalculo Total/span_P MensualJulio2021' is clicked on

2021-12-17 18:05:30 - [TEST_STEP][PASSED] - waitForElementClickable(findTestObject("Modulo Tarea Administracion Compensacion/Recalculo Total/a_Reclculo Total"), G_TimeOut): Object 'Object Repository/Modulo Tarea Administracion Compensacion/Recalculo Total/a_Reclculo Total' is clickable

2021-12-17 18:05:32 - [MESSAGE][PASSED] - Object 'Object Repository/Modulo Tarea Administracion Compensacion/Recalculo Total/a_Reclculo Total' is clickable

2021-12-17 18:05:32 - [TEST_STEP][PASSED] - click(findTestObject("Modulo Tarea Administracion Compensacion/Recalculo Total/a_Reclculo Total")): Object: 'Object Repository/Modulo Tarea Administracion Compensacion/Recalculo Total/a_Reclculo Total' is clicked on

2021-12-17 18:05:32 - [MESSAGE][PASSED] - Object: 'Object Repository/Modulo Tarea Administracion Compensacion/Recalculo Total/a_Reclculo Total' is clicked on

2021-12-17 18:05:32 - [TEST_STEP][PASSED] - waitForElementClickable(findTestObject("Modulo Tarea Administracion Compensacion/Recalculo Total/span_Si"), G_TimeOut): Object 'Object Repository/Modulo Tarea Administracion Compensacion/Recalculo Total/span_Si' is clickable

2021-12-17 18:05:33 - [MESSAGE][PASSED] - Object 'Object Repository/Modulo Tarea Administracion Compensacion/Recalculo Total/span_Si' is clickable

2021-12-17 18:05:33 - [TEST_STEP][PASSED] - click(findTestObject("Modulo Tarea Administracion Compensacion/Recalculo Total/span_Si")): Object: 'Object Repository/Modulo Tarea Administracion Compensacion/Recalculo Total/span_Si' is clicked on

2021-12-17 18:05:34 - [MESSAGE][PASSED] - Object: 'Object Repository/Modulo Tarea Administracion Compensacion/Recalculo Total/span_Si' is clicked on

2021-12-17 18:05:34 - [TEST_STEP][PASSED] - delay(28): Delayed 28 second(s)

2021-12-17 18:06:02 - [MESSAGE][PASSED] - Delayed 28 second(s)

2021-12-17 18:06:02 - [TEST_STEP][PASSED] - waitForElementClickable(findTestObject("Modulo Tarea Administracion Compensacion/Recalculo Total/a_Continuar"), G_TimeNomina): Object 'Object Repository/Modulo Tarea Administracion Compensacion/Recalculo Total/a_Continuar' is clickable

2021-12-17 18:06:38 - [MESSAGE][PASSED] - Object 'Object Repository/Modulo Tarea Administracion Compensacion/Recalculo Total/a_Continuar' is clickable

2021-12-17 18:06:38 - [TEST_STEP][PASSED] - click(findTestObject("Modulo Tarea Administracion Compensacion/Recalculo Total/a_Continuar")): Object: 'Object Repository/Modulo Tarea Administracion Compensacion/Recalculo Total/a_Continuar' is clicked on

2021-12-17 18:06:39 - [MESSAGE][PASSED] - Object: 'Object Repository/Modulo Tarea Administracion Compensacion/Recalculo Total/a_Continuar' is clicked on

2021-12-17 18:06:39 - [MESSAGE][PASSED] - Call Test Case 'Test Cases/1.1-Tareas Principales/1.3.3-Recalculo Total' successfully

2021-12-17 18:06:39 - [TEST_STEP][PASSED] - waitForElementClickable(findTestObject("Modulo Tarea Administracion Compensacion/Reporte de Recalculo Total/a_Reporte"), G_TimeOut): Object 'Object Repository/Modulo Tarea Administracion Compensacion/Reporte de Recalculo Total/a_Reporte' is clickable

2021-12-17 18:06:40 - [MESSAGE][PASSED] - Object 'Object Repository/Modulo Tarea Administracion Compensacion/Reporte de Recalculo Total/a_Reporte' is clickable

2021-12-17 18:06:40 - [TEST_STEP][PASSED] - click(findTestObject("Modulo Tarea Administracion Compensacion/Reporte de Recalculo Total/a_Reporte")): Object: 'Object Repository/Modulo Tarea Administracion Compensacion/Reporte de Recalculo Total/a_Reporte' is clicked on

2021-12-17 18:06:40 - [MESSAGE][PASSED] - Object: 'Object Repository/Modulo Tarea Administracion Compensacion/Reporte de Recalculo Total/a_Reporte' is clicked on

2021-12-17 18:06:40 - [TEST_STEP][PASSED] - waitForElementClickable(findTestObject("Modulo Tarea Administracion Compensacion/Reporte de Recalculo Total/span_ACUMULADO POR CONCEPTO (1)"), G_TimeOut): Object 'Object Repository/Modulo Tarea Administracion Compensacion/Reporte de Recalculo Total/span_ACUMULADO POR CONCEPTO (1)' is clickable

2021-12-17 18:06:42 - [MESSAGE][PASSED] - Object 'Object Repository/Modulo Tarea Administracion Compensacion/Reporte de Recalculo Total/span_ACUMULADO POR CONCEPTO (1)' is clickable

2021-12-17 18:06:42 - [TEST_STEP][PASSED] - click(findTestObject("Modulo Tarea Administracion Compensacion/Reporte de Recalculo Total/span_ACUMULADO POR CONCEPTO (1)")): Object: 'Object Repository/Modulo Tarea Administracion Compensacion/Reporte de Recalculo Total/span_ACUMULADO POR CONCEPTO (1)' is clicked on

2021-12-17 18:06:42 - [MESSAGE][PASSED] - Object: 'Object Repository/Modulo Tarea Administracion Compensacion/Reporte de Recalculo Total/span_ACUMULADO POR CONCEPTO (1)' is clicked on

2021-12-17 18:06:42 - [TEST_STEP][PASSED] - waitForElementClickable(findTestObject("Modulo Tarea Administracion Compensacion/Reporte de Recalculo Total/a_Aplicar"), G_TimeOut): Object 'Object Repository/Modulo Tarea Administracion Compensacion/Reporte de Recalculo Total/a_Aplicar' is clickable

2021-12-17 18:06:43 - [MESSAGE][PASSED] - Object 'Object Repository/Modulo Tarea Administracion Compensacion/Reporte de Recalculo Total/a_Aplicar' is clickable

2021-12-17 18:06:43 - [TEST_STEP][PASSED] - click(findTestObject("Modulo Tarea Administracion Compensacion/Reporte de Recalculo Total/a_Aplicar")): Object: 'Object Repository/Modulo Tarea Administracion Compensacion/Reporte de Recalculo Total/a_Aplicar' is clicked on

2021-12-17 18:06:43 - [MESSAGE][PASSED] - Object: 'Object Repository/Modulo Tarea Administracion Compensacion/Reporte de Recalculo Total/a_Aplicar' is clicked on

2021-12-17 18:06:43 - [TEST_STEP][PASSED] - waitForElementClickable(findTestObject("Modulo Tarea Administracion Compensacion/Reporte de Recalculo Total/span_Reporte_glyphicons glyphicons-article"), G_TimeOut): Object 'Object Repository/Modulo Tarea Administracion Compensacion/Reporte de Recalculo Total/span_Reporte_glyphicons glyphicons-article' is clickable

2021-12-17 18:06:44 - [MESSAGE][PASSED] - Object 'Object Repository/Modulo Tarea Administracion Compensacion/Reporte de Recalculo Total/span_Reporte_glyphicons glyphicons-article' is clickable

2021-12-17 18:06:44 - [TEST_STEP][PASSED] - click(findTestObject("Modulo Tarea Administracion Compensacion/Reporte de Recalculo Total/span_Reporte_glyphicons glyphicons-article")): Object: 'Object Repository/Modulo Tarea Administracion Compensacion/Reporte de Recalculo Total/span_Reporte_glyphicons glyphicons-article' is clicked on

2021-12-17 18:06:45 - [MESSAGE][PASSED] - Object: 'Object Repository/Modulo Tarea Administracion Compensacion/Reporte de Recalculo Total/span_Reporte_glyphicons glyphicons-article' is clicked on

2021-12-17 18:06:45 - [TEST_STEP][PASSED] - waitForElementClickable(findTestObject("Modulo Tarea Administracion Compensacion/Reporte de Recalculo Total/label_html"), G_TimeOut): Object 'Object Repository/Modulo Tarea Administracion Compensacion/Reporte de Recalculo Total/label_html' is clickable

2021-12-17 18:06:46 - [MESSAGE][PASSED] - Object 'Object Repository/Modulo Tarea Administracion Compensacion/Reporte de Recalculo Total/label_html' is clickable

2021-12-17 18:06:46 - [TEST_STEP][PASSED] - click(findTestObject("Modulo Tarea Administracion Compensacion/Reporte de Recalculo Total/label_html")): Object: 'Object Repository/Modulo Tarea Administracion Compensacion/Reporte de Recalculo Total/label_html' is clicked on

2021-12-17 18:06:46 - [MESSAGE][PASSED] - Object: 'Object Repository/Modulo Tarea Administracion Compensacion/Reporte de Recalculo Total/label_html' is clicked on

2021-12-17 18:06:46 - [TEST_STEP][PASSED] - waitForElementClickable(findTestObject("Modulo Tarea Administracion Compensacion/Reporte de Recalculo Total/a_Generar Reporte (1)"), G_TimeOut): Object 'Object Repository/Modulo Tarea Administracion Compensacion/Reporte de Recalculo Total/a_Generar Reporte (1)' is clickable

2021-12-17 18:06:46 - [MESSAGE][PASSED] - Object 'Object Repository/Modulo Tarea Administracion Compensacion/Reporte de Recalculo Total/a_Generar Reporte (1)' is clickable

2021-12-17 18:06:46 - [TEST_STEP][PASSED] - click(findTestObject("Modulo Tarea Administracion Compensacion/Reporte de Recalculo Total/a_Generar Reporte (1)")): Object: 'Object Repository/Modulo Tarea Administracion Compensacion/Reporte de Recalculo Total/a_Generar Reporte (1)' is clicked on

2021-12-17 18:06:47 - [MESSAGE][PASSED] - Object: 'Object Repository/Modulo Tarea Administracion Compensacion/Reporte de Recalculo Total/a_Generar Reporte (1)' is clicked on

2021-12-17 18:06:47 - [TEST_STEP][PASSED] - waitForElementClickable(findTestObject("Modulo Tarea Administracion Compensacion/Reporte de Recalculo Total/a_Descargar"), G_TimeOut): Object 'Object Repository/Modulo Tarea Administracion Compensacion/Reporte de Recalculo Total/a_Descargar' is clickable

2021-12-17 18:06:49 - [MESSAGE][PASSED] - Object 'Object Repository/Modulo Tarea Administracion Compensacion/Reporte de Recalculo Total/a_Descargar' is clickable

2021-12-17 18:06:49 - [TEST_STEP][FAILED] - click(findTestObject("Modulo Tarea Administracion Compensacion/Reporte de Recalculo Total/a_Descargar")): Unable to click on object 'Object Repository/Modulo Tarea Administracion Compensacion/Reporte de Recalculo Total/a_Descargar' (Root cause: com.kms.katalon.core.exception.StepFailedException: Unable to click on object 'Object Repository/Modulo Tarea Administracion Compensacion/Reporte de Recalculo Total/a_Descargar'
	at com.kms.katalon.core.webui.keyword.internal.WebUIKeywordMain.stepFailed(WebUIKeywordMain.groovy:64)
	at com.kms.katalon.core.webui.keyword.internal.WebUIKeywordMain.runKeyword(WebUIKeywordMain.groovy:26)
	at com.kms.katalon.core.webui.keyword.builtin.ClickKeyword.click(ClickKeyword.groovy:74)
	at com.kms.katalon.core.webui.keyword.builtin.ClickKeyword.execute(ClickKeyword.groovy:40)
	at com.kms.katalon.core.keyword.internal.KeywordExecutor.executeKeywordForPlatform(KeywordExecutor.groovy:74)
	at com.kms.katalon.core.webui.keyword.WebUiBuiltInKeywords.click(WebUiBuiltInKeywords.groovy:620)
	at com.kms.katalon.core.webui.keyword.WebUiBuiltInKeywords$click$5.call(Unknown Source)
	at 1.3.4-Reporte de Recalculo Total.run(1.3.4-Reporte de Recalculo Total:53)
	at com.kms.katalon.core.main.ScriptEngine.run(ScriptEngine.java:194)
	at com.kms.katalon.core.main.ScriptEngine.runScriptAsRawText(ScriptEngine.java:119)
	at com.kms.katalon.core.main.TestCaseExecutor.runScript(TestCaseExecutor.java:442)
	at com.kms.katalon.core.main.TestCaseExecutor.doExecute(TestCaseExecutor.java:433)
	at com.kms.katalon.core.main.TestCaseExecutor.processExecutionPhase(TestCaseExecutor.java:412)
	at com.kms.katalon.core.main.TestCaseExecutor.accessMainPhase(TestCaseExecutor.java:404)
	at com.kms.katalon.core.main.TestCaseExecutor.execute(TestCaseExecutor.java:281)
	at com.kms.katalon.core.main.TestSuiteExecutor.accessTestCaseMainPhase(TestSuiteExecutor.java:202)
	at com.kms.katalon.core.main.TestSuiteExecutor.accessTestSuiteMainPhase(TestSuiteExecutor.java:164)
	at com.kms.katalon.core.main.TestSuiteExecutor.execute(TestSuiteExecutor.java:105)
	at com.kms.katalon.core.main.TestCaseMain.startTestSuite(TestCaseMain.java:181)
	at com.kms.katalon.core.main.TestCaseMain$startTestSuite$0.call(Unknown Source)
	at TempTestSuite1639780222929.run(TempTestSuite1639780222929.groovy:36)
Caused by: org.openqa.selenium.ElementClickInterceptedException: element click intercepted: Element <a id="popupManejoReporte_form:j_idt2444" href="#" class="ui-commandlink ui-widget us-boton btn-reporte" onclick="PrimeFaces.ab({s:&quot;popupManejoReporte_form:j_idt2444&quot;,f:&quot;popupManejoReporte_form&quot;,u:&quot;areaAplicacion&quot;});return false;">...</a> is not clickable at point (679, 473). Other element would receive the click: <div id="popupErrorDialog:dialog_popupFoto_modal" class="ui-widget-overlay ui-dialog-mask" style="z-index: 1051;"></div>
  (Session info: chrome=96.0.4664.110)
Build info: version: '3.141.59', revision: 'e82be7d358', time: '2018-11-14T08:25:53'
System info: host: 'US-AF-000371', ip: '192.168.56.1', os.name: 'Windows 10', os.arch: 'amd64', os.version: '10.0', java.version: '1.8.0_282'
Driver info: com.kms.katalon.selenium.driver.CChromeDriver
Capabilities {acceptInsecureCerts: false, browserName: chrome, browserVersion: 96.0.4664.110, chrome: {chromedriverVersion: 95.0.4638.17 (a9d0719444d4b..., userDataDir: C:\Users\DIEGO~1.ROJ\AppDat...}, goog:chromeOptions: {debuggerAddress: localhost:50467}, javascriptEnabled: true, networkConnectionEnabled: false, pageLoadStrategy: normal, platform: WINDOWS, platformName: WINDOWS, proxy: Proxy(), setWindowRect: true, strictFileInteractability: false, timeouts: {implicit: 0, pageLoad: 300000, script: 30000}, unhandledPromptBehavior: dismiss and notify, webauthn:extension:credBlob: true, webauthn:extension:largeBlob: true, webauthn:virtualAuthenticators: true}
Session ID: b9185fe87e8fc9e9341b3c89e6508462
	at org.openqa.selenium.remote.http.W3CHttpResponseCodec.createException(W3CHttpResponseCodec.java:187)
	at org.openqa.selenium.remote.http.W3CHttpResponseCodec.decode(W3CHttpResponseCodec.java:122)
	at org.openqa.selenium.remote.http.W3CHttpResponseCodec.decode(W3CHttpResponseCodec.java:49)
	at org.openqa.selenium.remote.HttpCommandExecutor.execute(HttpCommandExecutor.java:158)
	at org.openqa.selenium.remote.service.DriverCommandExecutor.execute(DriverCommandExecutor.java:83)
	at org.openqa.selenium.remote.RemoteWebDriver.execute(RemoteWebDriver.java:552)
	at com.kms.katalon.selenium.driver.CChromeDriver.execute(CChromeDriver.java:19)
	at org.openqa.selenium.remote.RemoteWebElement.execute(RemoteWebElement.java:285)
	at org.openqa.selenium.remote.RemoteWebElement.click(RemoteWebElement.java:84)
	at org.openqa.selenium.support.events.EventFiringWebDriver$EventFiringWebElement.lambda$new$0(EventFiringWebDriver.java:404)
	at com.sun.proxy.$Proxy11.click(Unknown Source)
	at org.openqa.selenium.support.events.EventFiringWebDriver$EventFiringWebElement.click(EventFiringWebDriver.java:417)
	at org.openqa.selenium.WebElement$click$0.call(Unknown Source)
	at com.kms.katalon.core.webui.keyword.builtin.ClickKeyword.clickUntilSuccessWithTimeout(ClickKeyword.groovy:81)
	at com.kms.katalon.core.webui.keyword.builtin.ClickKeyword.clickUntilSuccessWithTimeout(ClickKeyword.groovy)
	at com.kms.katalon.core.webui.keyword.builtin.ClickKeyword$_click_closure1.doCall(ClickKeyword.groovy:67)
	at com.kms.katalon.core.webui.keyword.builtin.ClickKeyword$_click_closure1.call(ClickKeyword.groovy)
	at com.kms.katalon.core.webui.keyword.internal.WebUIKeywordMain.runKeyword(WebUIKeywordMain.groovy:20)
	at com.kms.katalon.core.webui.keyword.builtin.ClickKeyword.click(ClickKeyword.groovy:74)
	at com.kms.katalon.core.webui.keyword.builtin.ClickKeyword.execute(ClickKeyword.groovy:40)
	at com.kms.katalon.core.keyword.internal.KeywordExecutor.executeKeywordForPlatform(KeywordExecutor.groovy:74)
	at com.kms.katalon.core.webui.keyword.WebUiBuiltInKeywords.click(WebUiBuiltInKeywords.groovy:620)
	at com.kms.katalon.core.webui.keyword.WebUiBuiltInKeywords$click$5.call(Unknown Source)
	at Script1548866127163.run(Script1548866127163.groovy:53)
	... 13 more
)

2021-12-17 18:07:23 - [MESSAGE][FAILED] - Unable to click on object 'Object Repository/Modulo Tarea Administracion Compensacion/Reporte de Recalculo Total/a_Descargar' (Root cause: com.kms.katalon.core.exception.StepFailedException: Unable to click on object 'Object Repository/Modulo Tarea Administracion Compensacion/Reporte de Recalculo Total/a_Descargar'
	at com.kms.katalon.core.webui.keyword.internal.WebUIKeywordMain.stepFailed(WebUIKeywordMain.groovy:64)
	at com.kms.katalon.core.webui.keyword.internal.WebUIKeywordMain.runKeyword(WebUIKeywordMain.groovy:26)
	at com.kms.katalon.core.webui.keyword.builtin.ClickKeyword.click(ClickKeyword.groovy:74)
	at com.kms.katalon.core.webui.keyword.builtin.ClickKeyword.execute(ClickKeyword.groovy:40)
	at com.kms.katalon.core.keyword.internal.KeywordExecutor.executeKeywordForPlatform(KeywordExecutor.groovy:74)
	at com.kms.katalon.core.webui.keyword.WebUiBuiltInKeywords.click(WebUiBuiltInKeywords.groovy:620)
	at com.kms.katalon.core.webui.keyword.WebUiBuiltInKeywords$click$5.call(Unknown Source)
	at 1.3.4-Reporte de Recalculo Total.run(1.3.4-Reporte de Recalculo Total:53)
	at com.kms.katalon.core.main.ScriptEngine.run(ScriptEngine.java:194)
	at com.kms.katalon.core.main.ScriptEngine.runScriptAsRawText(ScriptEngine.java:119)
	at com.kms.katalon.core.main.TestCaseExecutor.runScript(TestCaseExecutor.java:442)
	at com.kms.katalon.core.main.TestCaseExecutor.doExecute(TestCaseExecutor.java:433)
	at com.kms.katalon.core.main.TestCaseExecutor.processExecutionPhase(TestCaseExecutor.java:412)
	at com.kms.katalon.core.main.TestCaseExecutor.accessMainPhase(TestCaseExecutor.java:404)
	at com.kms.katalon.core.main.TestCaseExecutor.execute(TestCaseExecutor.java:281)
	at com.kms.katalon.core.main.TestSuiteExecutor.accessTestCaseMainPhase(TestSuiteExecutor.java:202)
	at com.kms.katalon.core.main.TestSuiteExecutor.accessTestSuiteMainPhase(TestSuiteExecutor.java:164)
	at com.kms.katalon.core.main.TestSuiteExecutor.execute(TestSuiteExecutor.java:105)
	at com.kms.katalon.core.main.TestCaseMain.startTestSuite(TestCaseMain.java:181)
	at com.kms.katalon.core.main.TestCaseMain$startTestSuite$0.call(Unknown Source)
	at TempTestSuite1639780222929.run(TempTestSuite1639780222929.groovy:36)
Caused by: org.openqa.selenium.ElementClickInterceptedException: element click intercepted: Element <a id="popupManejoReporte_form:j_idt2444" href="#" class="ui-commandlink ui-widget us-boton btn-reporte" onclick="PrimeFaces.ab({s:&quot;popupManejoReporte_form:j_idt2444&quot;,f:&quot;popupManejoReporte_form&quot;,u:&quot;areaAplicacion&quot;});return false;">...</a> is not clickable at point (679, 473). Other element would receive the click: <div id="popupErrorDialog:dialog_popupFoto_modal" class="ui-widget-overlay ui-dialog-mask" style="z-index: 1051;"></div>
  (Session info: chrome=96.0.4664.110)
Build info: version: '3.141.59', revision: 'e82be7d358', time: '2018-11-14T08:25:53'
System info: host: 'US-AF-000371', ip: '192.168.56.1', os.name: 'Windows 10', os.arch: 'amd64', os.version: '10.0', java.version: '1.8.0_282'
Driver info: com.kms.katalon.selenium.driver.CChromeDriver
Capabilities {acceptInsecureCerts: false, browserName: chrome, browserVersion: 96.0.4664.110, chrome: {chromedriverVersion: 95.0.4638.17 (a9d0719444d4b..., userDataDir: C:\Users\DIEGO~1.ROJ\AppDat...}, goog:chromeOptions: {debuggerAddress: localhost:50467}, javascriptEnabled: true, networkConnectionEnabled: false, pageLoadStrategy: normal, platform: WINDOWS, platformName: WINDOWS, proxy: Proxy(), setWindowRect: true, strictFileInteractability: false, timeouts: {implicit: 0, pageLoad: 300000, script: 30000}, unhandledPromptBehavior: dismiss and notify, webauthn:extension:credBlob: true, webauthn:extension:largeBlob: true, webauthn:virtualAuthenticators: true}
Session ID: b9185fe87e8fc9e9341b3c89e6508462
	at org.openqa.selenium.remote.http.W3CHttpResponseCodec.createException(W3CHttpResponseCodec.java:187)
	at org.openqa.selenium.remote.http.W3CHttpResponseCodec.decode(W3CHttpResponseCodec.java:122)
	at org.openqa.selenium.remote.http.W3CHttpResponseCodec.decode(W3CHttpResponseCodec.java:49)
	at org.openqa.selenium.remote.HttpCommandExecutor.execute(HttpCommandExecutor.java:158)
	at org.openqa.selenium.remote.service.DriverCommandExecutor.execute(DriverCommandExecutor.java:83)
	at org.openqa.selenium.remote.RemoteWebDriver.execute(RemoteWebDriver.java:552)
	at com.kms.katalon.selenium.driver.CChromeDriver.execute(CChromeDriver.java:19)
	at org.openqa.selenium.remote.RemoteWebElement.execute(RemoteWebElement.java:285)
	at org.openqa.selenium.remote.RemoteWebElement.click(RemoteWebElement.java:84)
	at org.openqa.selenium.support.events.EventFiringWebDriver$EventFiringWebElement.lambda$new$0(EventFiringWebDriver.java:404)
	at com.sun.proxy.$Proxy11.click(Unknown Source)
	at org.openqa.selenium.support.events.EventFiringWebDriver$EventFiringWebElement.click(EventFiringWebDriver.java:417)
	at org.openqa.selenium.WebElement$click$0.call(Unknown Source)
	at com.kms.katalon.core.webui.keyword.builtin.ClickKeyword.clickUntilSuccessWithTimeout(ClickKeyword.groovy:81)
	at com.kms.katalon.core.webui.keyword.builtin.ClickKeyword.clickUntilSuccessWithTimeout(ClickKeyword.groovy)
	at com.kms.katalon.core.webui.keyword.builtin.ClickKeyword$_click_closure1.doCall(ClickKeyword.groovy:67)
	at com.kms.katalon.core.webui.keyword.builtin.ClickKeyword$_click_closure1.call(ClickKeyword.groovy)
	at com.kms.katalon.core.webui.keyword.internal.WebUIKeywordMain.runKeyword(WebUIKeywordMain.groovy:20)
	at com.kms.katalon.core.webui.keyword.builtin.ClickKeyword.click(ClickKeyword.groovy:74)
	at com.kms.katalon.core.webui.keyword.builtin.ClickKeyword.execute(ClickKeyword.groovy:40)
	at com.kms.katalon.core.keyword.internal.KeywordExecutor.executeKeywordForPlatform(KeywordExecutor.groovy:74)
	at com.kms.katalon.core.webui.keyword.WebUiBuiltInKeywords.click(WebUiBuiltInKeywords.groovy:620)
	at com.kms.katalon.core.webui.keyword.WebUiBuiltInKeywords$click$5.call(Unknown Source)
	at Script1548866127163.run(Script1548866127163.groovy:53)
	... 13 more
)
[[ATTACHMENT|C:\\Users\\diego.rojas\\git\\Pruebas-Minimas\\Reports\\20211217_173017\\1-Tareas Principales\\20211217_173022\\1639782442838.png]]]]></system-out>
         <system-err><![CDATA[2021-12-17 18:04:54 - [TEST_CASE][FAILED] - Test Cases/1.1-Tareas Principales/1.3.4-Reporte de Recalculo Total: Test Cases/1.1-Tareas Principales/1.3.4-Reporte de Recalculo Total FAILED.
Reason:
com.kms.katalon.core.exception.StepFailedException: Unable to click on object 'Object Repository/Modulo Tarea Administracion Compensacion/Reporte de Recalculo Total/a_Descargar'
	at com.kms.katalon.core.webui.keyword.internal.WebUIKeywordMain.stepFailed(WebUIKeywordMain.groovy:64)
	at com.kms.katalon.core.webui.keyword.internal.WebUIKeywordMain.runKeyword(WebUIKeywordMain.groovy:26)
	at com.kms.katalon.core.webui.keyword.builtin.ClickKeyword.click(ClickKeyword.groovy:74)
	at com.kms.katalon.core.webui.keyword.builtin.ClickKeyword.execute(ClickKeyword.groovy:40)
	at com.kms.katalon.core.keyword.internal.KeywordExecutor.executeKeywordForPlatform(KeywordExecutor.groovy:74)
	at com.kms.katalon.core.webui.keyword.WebUiBuiltInKeywords.click(WebUiBuiltInKeywords.groovy:620)
	at com.kms.katalon.core.webui.keyword.WebUiBuiltInKeywords$click$5.call(Unknown Source)
	at 1.3.4-Reporte de Recalculo Total.run(1.3.4-Reporte de Recalculo Total:53)
	at com.kms.katalon.core.main.ScriptEngine.run(ScriptEngine.java:194)
	at com.kms.katalon.core.main.ScriptEngine.runScriptAsRawText(ScriptEngine.java:119)
	at com.kms.katalon.core.main.TestCaseExecutor.runScript(TestCaseExecutor.java:442)
	at com.kms.katalon.core.main.TestCaseExecutor.doExecute(TestCaseExecutor.java:433)
	at com.kms.katalon.core.main.TestCaseExecutor.processExecutionPhase(TestCaseExecutor.java:412)
	at com.kms.katalon.core.main.TestCaseExecutor.accessMainPhase(TestCaseExecutor.java:404)
	at com.kms.katalon.core.main.TestCaseExecutor.execute(TestCaseExecutor.java:281)
	at com.kms.katalon.core.main.TestSuiteExecutor.accessTestCaseMainPhase(TestSuiteExecutor.java:202)
	at com.kms.katalon.core.main.TestSuiteExecutor.accessTestSuiteMainPhase(TestSuiteExecutor.java:164)
	at com.kms.katalon.core.main.TestSuiteExecutor.execute(TestSuiteExecutor.java:105)
	at com.kms.katalon.core.main.TestCaseMain.startTestSuite(TestCaseMain.java:181)
	at com.kms.katalon.core.main.TestCaseMain$startTestSuite$0.call(Unknown Source)
	at TempTestSuite1639780222929.run(TempTestSuite1639780222929.groovy:36)
Caused by: org.openqa.selenium.ElementClickInterceptedException: element click intercepted: Element <a id="popupManejoReporte_form:j_idt2444" href="#" class="ui-commandlink ui-widget us-boton btn-reporte" onclick="PrimeFaces.ab({s:&quot;popupManejoReporte_form:j_idt2444&quot;,f:&quot;popupManejoReporte_form&quot;,u:&quot;areaAplicacion&quot;});return false;">...</a> is not clickable at point (679, 473). Other element would receive the click: <div id="popupErrorDialog:dialog_popupFoto_modal" class="ui-widget-overlay ui-dialog-mask" style="z-index: 1051;"></div>
  (Session info: chrome=96.0.4664.110)
Build info: version: '3.141.59', revision: 'e82be7d358', time: '2018-11-14T08:25:53'
System info: host: 'US-AF-000371', ip: '192.168.56.1', os.name: 'Windows 10', os.arch: 'amd64', os.version: '10.0', java.version: '1.8.0_282'
Driver info: com.kms.katalon.selenium.driver.CChromeDriver
Capabilities {acceptInsecureCerts: false, browserName: chrome, browserVersion: 96.0.4664.110, chrome: {chromedriverVersion: 95.0.4638.17 (a9d0719444d4b..., userDataDir: C:\Users\DIEGO~1.ROJ\AppDat...}, goog:chromeOptions: {debuggerAddress: localhost:50467}, javascriptEnabled: true, networkConnectionEnabled: false, pageLoadStrategy: normal, platform: WINDOWS, platformName: WINDOWS, proxy: Proxy(), setWindowRect: true, strictFileInteractability: false, timeouts: {implicit: 0, pageLoad: 300000, script: 30000}, unhandledPromptBehavior: dismiss and notify, webauthn:extension:credBlob: true, webauthn:extension:largeBlob: true, webauthn:virtualAuthenticators: true}
Session ID: b9185fe87e8fc9e9341b3c89e6508462
	at org.openqa.selenium.remote.http.W3CHttpResponseCodec.createException(W3CHttpResponseCodec.java:187)
	at org.openqa.selenium.remote.http.W3CHttpResponseCodec.decode(W3CHttpResponseCodec.java:122)
	at org.openqa.selenium.remote.http.W3CHttpResponseCodec.decode(W3CHttpResponseCodec.java:49)
	at org.openqa.selenium.remote.HttpCommandExecutor.execute(HttpCommandExecutor.java:158)
	at org.openqa.selenium.remote.service.DriverCommandExecutor.execute(DriverCommandExecutor.java:83)
	at org.openqa.selenium.remote.RemoteWebDriver.execute(RemoteWebDriver.java:552)
	at com.kms.katalon.selenium.driver.CChromeDriver.execute(CChromeDriver.java:19)
	at org.openqa.selenium.remote.RemoteWebElement.execute(RemoteWebElement.java:285)
	at org.openqa.selenium.remote.RemoteWebElement.click(RemoteWebElement.java:84)
	at org.openqa.selenium.support.events.EventFiringWebDriver$EventFiringWebElement.lambda$new$0(EventFiringWebDriver.java:404)
	at com.sun.proxy.$Proxy11.click(Unknown Source)
	at org.openqa.selenium.support.events.EventFiringWebDriver$EventFiringWebElement.click(EventFiringWebDriver.java:417)
	at org.openqa.selenium.WebElement$click$0.call(Unknown Source)
	at com.kms.katalon.core.webui.keyword.builtin.ClickKeyword.clickUntilSuccessWithTimeout(ClickKeyword.groovy:81)
	at com.kms.katalon.core.webui.keyword.builtin.ClickKeyword.clickUntilSuccessWithTimeout(ClickKeyword.groovy)
	at com.kms.katalon.core.webui.keyword.builtin.ClickKeyword$_click_closure1.doCall(ClickKeyword.groovy:67)
	at com.kms.katalon.core.webui.keyword.builtin.ClickKeyword$_click_closure1.call(ClickKeyword.groovy)
	at com.kms.katalon.core.webui.keyword.internal.WebUIKeywordMain.runKeyword(WebUIKeywordMain.groovy:20)
	... 19 more]]></system-err>
      </testcase>
      <testcase name="Test Cases/1.1-Tareas Principales/1.3.5-Comprobante de Pago" time="49.441" classname="Test Cases/1.1-Tareas Principales/1.3.5-Comprobante de Pago" status="PASSED">
         <system-out><![CDATA[2021-12-17 18:07:23 - [TEST_CASE][PASSED] - Test Cases/1.1-Tareas Principales/1.3.5-Comprobante de Pago: Test Cases/1.1-Tareas Principales/1.3.5-Comprobante de Pago

2021-12-17 18:07:23 - [TEST_STEP][PASSED] - callTestCase(findTestCase("Hutilidades/Tareas Administracion Compensacion/Tarea Liquidacion Nomina"), [:], STOP_ON_FAILURE): Call Test Case 'Test Cases/Hutilidades/Tareas Administracion Compensacion/Tarea Liquidacion Nomina' successfully

2021-12-17 18:07:23 - [TEST_CASE][PASSED] - Test Cases/Hutilidades/Tareas Administracion Compensacion/Tarea Liquidacion Nomina: Test Cases/Hutilidades/Tareas Administracion Compensacion/Tarea Liquidacion Nomina

2021-12-17 18:07:23 - [TEST_STEP][PASSED] - callTestCase(findTestCase("0.1-Login"), [:], STOP_ON_FAILURE): Call Test Case 'Test Cases/0.1-Login' successfully

2021-12-17 18:07:23 - [TEST_CASE][PASSED] - Test Cases/0.1-Login: Test Cases/0.1-Login

2021-12-17 18:07:23 - [TEST_STEP][PASSED] - openBrowser(""): Browser is opened with url: ''

2021-12-17 18:07:23 - [MESSAGE][WARNING] - A browser is already opened. Closing browser and opening a new one

2021-12-17 18:07:24 - [MESSAGE][INFO] - Starting 'Chrome' driver

2021-12-17 18:07:24 - [MESSAGE][INFO] - Action delay is set to 0 milliseconds

2021-12-17 18:07:25 - [MESSAGE][PASSED] - Browser is opened with url: ''

2021-12-17 18:07:25 - [TEST_STEP][PASSED] - maximizeWindow(): Current window maximized

2021-12-17 18:07:25 - [MESSAGE][PASSED] - Current window maximized

2021-12-17 18:07:25 - [TEST_STEP][PASSED] - i = G_Login: null

2021-12-17 18:07:25 - [TEST_STEP][PASSED] - url = new java.net.URL(i): null

2021-12-17 18:07:25 - [TEST_STEP][PASSED] - println("URL: " + url.toString()): null

2021-12-17 18:07:25 - [TEST_STEP][PASSED] - connection = url.openConnection(): null

2021-12-17 18:07:25 - [TEST_STEP][PASSED] - connection.setRequestMethod("GET"): null

2021-12-17 18:07:25 - [TEST_STEP][PASSED] - connection.setReadTimeout(2 * 1000): null

2021-12-17 18:07:25 - [TEST_STEP][PASSED] - try: null

2021-12-17 18:07:25 - [TEST_STEP][PASSED] - connection.connect(): null

2021-12-17 18:07:25 - [TEST_STEP][PASSED] - flag = connected: null

2021-12-17 18:07:25 - [TEST_STEP][PASSED] - println("Valor_ori: " + flag): null

2021-12-17 18:07:25 - [TEST_STEP][PASSED] - if (flag): null

2021-12-17 18:07:25 - [TEST_STEP][PASSED] - navigateToUrl(i): Navigate to 'http://192.168.2.29:7001/saraweb' successfully

2021-12-17 18:07:30 - [MESSAGE][PASSED] - Navigate to 'http://192.168.2.29:7001/saraweb' successfully

2021-12-17 18:07:30 - [TEST_STEP][PASSED] - a(): null

2021-12-17 18:07:30 - [TEST_STEP][PASSED] - setText(findTestObject("Login/input_USUARIO_loginusuario"), G_Usuario): Text 'weblogic' is set on object 'Object Repository/Login/input_USUARIO_loginusuario'

2021-12-17 18:07:30 - [MESSAGE][PASSED] - Text 'weblogic' is set on object 'Object Repository/Login/input_USUARIO_loginusuario'

2021-12-17 18:07:30 - [TEST_STEP][PASSED] - setEncryptedText(findTestObject("Login/input_CLAVE_loginpassword"), "MkG4/TYiCFC3cb2driP7+Q=="): Text ****** has been set on object 'Object Repository/Login/input_CLAVE_loginpassword'

2021-12-17 18:07:31 - [MESSAGE][PASSED] - Text ****** has been set on object 'Object Repository/Login/input_CLAVE_loginpassword'

2021-12-17 18:07:31 - [TEST_STEP][PASSED] - waitForElementClickable(findTestObject("Login/a_Ingresar"), G_TimeOut): Object 'Object Repository/Login/a_Ingresar' is clickable

2021-12-17 18:07:31 - [MESSAGE][PASSED] - Object 'Object Repository/Login/a_Ingresar' is clickable

2021-12-17 18:07:31 - [TEST_STEP][PASSED] - click(findTestObject("Login/a_Ingresar")): Object: 'Object Repository/Login/a_Ingresar' is clicked on

2021-12-17 18:07:39 - [MESSAGE][PASSED] - Object: 'Object Repository/Login/a_Ingresar' is clicked on

2021-12-17 18:07:39 - [TEST_STEP][PASSED] - element = findWebElement(findTestObject("Login/a_Ir"), 30): null

2021-12-17 18:07:39 - [TEST_STEP][PASSED] - executeJavaScript("arguments[0].click()", Arrays.asList(element)): Execute JavaScript 'arguments[0].click()' successfully

2021-12-17 18:07:39 - [MESSAGE][PASSED] - Execute JavaScript 'arguments[0].click()' successfully

2021-12-17 18:07:39 - [MESSAGE][PASSED] - Call Test Case 'Test Cases/0.1-Login' successfully

2021-12-17 18:07:39 - [TEST_STEP][PASSED] - delay(2): Delayed 2 second(s)

2021-12-17 18:07:41 - [MESSAGE][PASSED] - Delayed 2 second(s)

2021-12-17 18:07:41 - [TEST_STEP][PASSED] - setText(findTestObject("Modulo Tarea Administracion Compensacion/Tarea Liquidacion Nomina/input_Listado de Empleados_"), "Liquidacion Nomina"): Text 'Liquidacion Nomina' is set on object 'Object Repository/Modulo Tarea Administracion Compensacion/Tarea Liquidacion Nomina/input_Listado de Empleados_'

2021-12-17 18:07:47 - [MESSAGE][PASSED] - Text 'Liquidacion Nomina' is set on object 'Object Repository/Modulo Tarea Administracion Compensacion/Tarea Liquidacion Nomina/input_Listado de Empleados_'

2021-12-17 18:07:47 - [TEST_STEP][PASSED] - delay(1): Delayed 1 second(s)

2021-12-17 18:07:48 - [MESSAGE][PASSED] - Delayed 1 second(s)

2021-12-17 18:07:48 - [TEST_STEP][PASSED] - sendKeys(findTestObject("Modulo Tarea Administracion Compensacion/Tarea Liquidacion Nomina/input_Listado de Empleados_"), Keys.chord(ENTER)): Keys 'ENTER + ' sent to object: 'Object Repository/Modulo Tarea Administracion Compensacion/Tarea Liquidacion Nomina/input_Listado de Empleados_'

2021-12-17 18:07:48 - [MESSAGE][PASSED] - Keys 'ENTER + ' sent to object: 'Object Repository/Modulo Tarea Administracion Compensacion/Tarea Liquidacion Nomina/input_Listado de Empleados_'

2021-12-17 18:07:48 - [MESSAGE][PASSED] - Call Test Case 'Test Cases/Hutilidades/Tareas Administracion Compensacion/Tarea Liquidacion Nomina' successfully

2021-12-17 18:07:48 - [TEST_STEP][PASSED] - waitForElementClickable(findTestObject("Modulo Tarea Administracion Compensacion/Comprobante de Pago/a_Periodo Nomina_LiquidacionNominaj_idt63"), G_TimeOut): Object 'Object Repository/Modulo Tarea Administracion Compensacion/Comprobante de Pago/a_Periodo Nomina_LiquidacionNominaj_idt63' is clickable

2021-12-17 18:07:55 - [MESSAGE][PASSED] - Object 'Object Repository/Modulo Tarea Administracion Compensacion/Comprobante de Pago/a_Periodo Nomina_LiquidacionNominaj_idt63' is clickable

2021-12-17 18:07:55 - [TEST_STEP][PASSED] - click(findTestObject("Modulo Tarea Administracion Compensacion/Comprobante de Pago/a_Periodo Nomina_LiquidacionNominaj_idt63")): Object: 'Object Repository/Modulo Tarea Administracion Compensacion/Comprobante de Pago/a_Periodo Nomina_LiquidacionNominaj_idt63' is clicked on

2021-12-17 18:07:56 - [MESSAGE][PASSED] - Object: 'Object Repository/Modulo Tarea Administracion Compensacion/Comprobante de Pago/a_Periodo Nomina_LiquidacionNominaj_idt63' is clicked on

2021-12-17 18:07:56 - [TEST_STEP][PASSED] - waitForElementClickable(findTestObject("Modulo Tarea Administracion Compensacion/Comprobante de Pago/select_--  Seleccione  --Periodo CerradoPeriodo en Proceso"), G_TimeOut): Object 'Object Repository/Modulo Tarea Administracion Compensacion/Comprobante de Pago/select_--  Seleccione  --Periodo CerradoPeriodo en Proceso' is clickable

2021-12-17 18:07:57 - [MESSAGE][PASSED] - Object 'Object Repository/Modulo Tarea Administracion Compensacion/Comprobante de Pago/select_--  Seleccione  --Periodo CerradoPeriodo en Proceso' is clickable

2021-12-17 18:07:57 - [TEST_STEP][PASSED] - click(findTestObject("Modulo Tarea Administracion Compensacion/Comprobante de Pago/select_--  Seleccione  --Periodo CerradoPeriodo en Proceso")): Object: 'Object Repository/Modulo Tarea Administracion Compensacion/Comprobante de Pago/select_--  Seleccione  --Periodo CerradoPeriodo en Proceso' is clicked on

2021-12-17 18:07:57 - [MESSAGE][PASSED] - Object: 'Object Repository/Modulo Tarea Administracion Compensacion/Comprobante de Pago/select_--  Seleccione  --Periodo CerradoPeriodo en Proceso' is clicked on

2021-12-17 18:07:57 - [TEST_STEP][PASSED] - selectOptionByIndex(findTestObject("Modulo Tarea Administracion Compensacion/Comprobante de Pago/select_--  Seleccione  --Periodo CerradoPeriodo en Proceso"), 2): All options with index in [2] are selected on object 'Object Repository/Modulo Tarea Administracion Compensacion/Comprobante de Pago/select_--  Seleccione  --Periodo CerradoPeriodo en Proceso'

2021-12-17 18:07:58 - [MESSAGE][PASSED] - All options with index in [2] are selected on object 'Object Repository/Modulo Tarea Administracion Compensacion/Comprobante de Pago/select_--  Seleccione  --Periodo CerradoPeriodo en Proceso'

2021-12-17 18:07:58 - [TEST_STEP][PASSED] - click(findTestObject("Modulo Tarea Administracion Compensacion/Comprobante de Pago/span_P MensualJulio2021")): Object: 'Object Repository/Modulo Tarea Administracion Compensacion/Comprobante de Pago/span_P MensualJulio2021' is clicked on

2021-12-17 18:07:59 - [MESSAGE][PASSED] - Object: 'Object Repository/Modulo Tarea Administracion Compensacion/Comprobante de Pago/span_P MensualJulio2021' is clicked on

2021-12-17 18:07:59 - [TEST_STEP][PASSED] - waitForElementClickable(findTestObject("Modulo Tarea Administracion Compensacion/Comprobante de Pago/a_Nombre Persona_LiquidacionNo"), G_TimeOut): Object 'Object Repository/Modulo Tarea Administracion Compensacion/Comprobante de Pago/a_Nombre Persona_LiquidacionNo' is clickable

2021-12-17 18:08:01 - [MESSAGE][PASSED] - Object 'Object Repository/Modulo Tarea Administracion Compensacion/Comprobante de Pago/a_Nombre Persona_LiquidacionNo' is clickable

2021-12-17 18:08:01 - [TEST_STEP][PASSED] - click(findTestObject("Modulo Tarea Administracion Compensacion/Comprobante de Pago/a_Nombre Persona_LiquidacionNo")): Object: 'Object Repository/Modulo Tarea Administracion Compensacion/Comprobante de Pago/a_Nombre Persona_LiquidacionNo' is clicked on

2021-12-17 18:08:01 - [MESSAGE][PASSED] - Object: 'Object Repository/Modulo Tarea Administracion Compensacion/Comprobante de Pago/a_Nombre Persona_LiquidacionNo' is clicked on

2021-12-17 18:08:01 - [TEST_STEP][PASSED] - waitForElementClickable(findTestObject("Modulo Tarea Administracion Compensacion/Comprobante de Pago/input_close_popupFiltroEmplead"), 0): Object 'Object Repository/Modulo Tarea Administracion Compensacion/Comprobante de Pago/input_close_popupFiltroEmplead' is clickable

2021-12-17 18:08:01 - [MESSAGE][WARNING] - Timeout '0' is invalid. Using default page load timeout: '30'

2021-12-17 18:08:02 - [MESSAGE][PASSED] - Object 'Object Repository/Modulo Tarea Administracion Compensacion/Comprobante de Pago/input_close_popupFiltroEmplead' is clickable

2021-12-17 18:08:02 - [TEST_STEP][PASSED] - setText(findTestObject("Modulo Tarea Administracion Compensacion/Comprobante de Pago/input_close_popupFiltroEmplead"), "66666"): Text '66666' is set on object 'Object Repository/Modulo Tarea Administracion Compensacion/Comprobante de Pago/input_close_popupFiltroEmplead'

2021-12-17 18:08:03 - [MESSAGE][PASSED] - Text '66666' is set on object 'Object Repository/Modulo Tarea Administracion Compensacion/Comprobante de Pago/input_close_popupFiltroEmplead'

2021-12-17 18:08:03 - [TEST_STEP][PASSED] - sendKeys(findTestObject("Modulo Tarea Administracion Compensacion/Comprobante de Pago/input_close_popupFiltroEmplead"), Keys.chord(ENTER)): Keys 'ENTER + ' sent to object: 'Object Repository/Modulo Tarea Administracion Compensacion/Comprobante de Pago/input_close_popupFiltroEmplead'

2021-12-17 18:08:03 - [MESSAGE][PASSED] - Keys 'ENTER + ' sent to object: 'Object Repository/Modulo Tarea Administracion Compensacion/Comprobante de Pago/input_close_popupFiltroEmplead'

2021-12-17 18:08:03 - [TEST_STEP][PASSED] - waitForElementClickable(findTestObject("Modulo Tarea Administracion Compensacion/Comprobante de Pago/td_SALGADO PAULA"), 0): Object 'Object Repository/Modulo Tarea Administracion Compensacion/Comprobante de Pago/td_SALGADO PAULA' is clickable

2021-12-17 18:08:03 - [MESSAGE][WARNING] - Timeout '0' is invalid. Using default page load timeout: '30'

2021-12-17 18:08:05 - [MESSAGE][PASSED] - Object 'Object Repository/Modulo Tarea Administracion Compensacion/Comprobante de Pago/td_SALGADO PAULA' is clickable

2021-12-17 18:08:05 - [TEST_STEP][PASSED] - click(findTestObject("Modulo Tarea Administracion Compensacion/Comprobante de Pago/td_SALGADO PAULA")): Object: 'Object Repository/Modulo Tarea Administracion Compensacion/Comprobante de Pago/td_SALGADO PAULA' is clicked on

2021-12-17 18:08:05 - [MESSAGE][PASSED] - Object: 'Object Repository/Modulo Tarea Administracion Compensacion/Comprobante de Pago/td_SALGADO PAULA' is clicked on

2021-12-17 18:08:05 - [TEST_STEP][PASSED] - waitForElementClickable(findTestObject("Modulo Tarea Administracion Compensacion/Comprobante de Pago/input_Estado_LiquidacionNomina"), 0): Object 'Object Repository/Modulo Tarea Administracion Compensacion/Comprobante de Pago/input_Estado_LiquidacionNomina' is clickable

2021-12-17 18:08:05 - [MESSAGE][WARNING] - Timeout '0' is invalid. Using default page load timeout: '30'

2021-12-17 18:08:06 - [MESSAGE][PASSED] - Object 'Object Repository/Modulo Tarea Administracion Compensacion/Comprobante de Pago/input_Estado_LiquidacionNomina' is clickable

2021-12-17 18:08:06 - [TEST_STEP][PASSED] - click(findTestObject("Modulo Tarea Administracion Compensacion/Comprobante de Pago/input_Estado_LiquidacionNomina")): Object: 'Object Repository/Modulo Tarea Administracion Compensacion/Comprobante de Pago/input_Estado_LiquidacionNomina' is clicked on

2021-12-17 18:08:06 - [MESSAGE][PASSED] - Object: 'Object Repository/Modulo Tarea Administracion Compensacion/Comprobante de Pago/input_Estado_LiquidacionNomina' is clicked on

2021-12-17 18:08:06 - [TEST_STEP][PASSED] - click(findTestObject("Modulo Tarea Administracion Compensacion/Comprobante de Pago/span_Generar Comprobante")): Object: 'Object Repository/Modulo Tarea Administracion Compensacion/Comprobante de Pago/span_Generar Comprobante' is clicked on

2021-12-17 18:08:07 - [MESSAGE][PASSED] - Object: 'Object Repository/Modulo Tarea Administracion Compensacion/Comprobante de Pago/span_Generar Comprobante' is clicked on

2021-12-17 18:08:07 - [TEST_STEP][PASSED] - click(findTestObject("Modulo Tarea Administracion Compensacion/Comprobante de Pago/input_Publicar_formComprobante")): Object: 'Object Repository/Modulo Tarea Administracion Compensacion/Comprobante de Pago/input_Publicar_formComprobante' is clicked on

2021-12-17 18:08:08 - [MESSAGE][PASSED] - Object: 'Object Repository/Modulo Tarea Administracion Compensacion/Comprobante de Pago/input_Publicar_formComprobante' is clicked on

2021-12-17 18:08:08 - [TEST_STEP][PASSED] - waitForElementClickable(findTestObject("Modulo Tarea Administracion Compensacion/Comprobante de Pago/select_-- Seleccione --Comprob"), 0, STOP_ON_FAILURE): Object 'Object Repository/Modulo Tarea Administracion Compensacion/Comprobante de Pago/select_-- Seleccione --Comprob' is clickable

2021-12-17 18:08:08 - [MESSAGE][WARNING] - Timeout '0' is invalid. Using default page load timeout: '30'

2021-12-17 18:08:09 - [MESSAGE][PASSED] - Object 'Object Repository/Modulo Tarea Administracion Compensacion/Comprobante de Pago/select_-- Seleccione --Comprob' is clickable

2021-12-17 18:08:09 - [TEST_STEP][PASSED] - selectOptionByIndex(findTestObject("Modulo Tarea Administracion Compensacion/Comprobante de Pago/select_-- Seleccione --Comprob"), "3", STOP_ON_FAILURE): All options with index in [3] are selected on object 'Object Repository/Modulo Tarea Administracion Compensacion/Comprobante de Pago/select_-- Seleccione --Comprob'

2021-12-17 18:08:10 - [MESSAGE][PASSED] - All options with index in [3] are selected on object 'Object Repository/Modulo Tarea Administracion Compensacion/Comprobante de Pago/select_-- Seleccione --Comprob'

2021-12-17 18:08:10 - [TEST_STEP][PASSED] - click(findTestObject("Modulo Tarea Administracion Compensacion/Comprobante de Pago/a_Generar")): Object: 'Object Repository/Modulo Tarea Administracion Compensacion/Comprobante de Pago/a_Generar' is clicked on

2021-12-17 18:08:11 - [MESSAGE][PASSED] - Object: 'Object Repository/Modulo Tarea Administracion Compensacion/Comprobante de Pago/a_Generar' is clicked on

2021-12-17 18:08:11 - [TEST_STEP][PASSED] - closeBrowser(): Browser is closed

2021-12-17 18:08:12 - [MESSAGE][PASSED] - Browser is closed]]></system-out>
         <system-err><![CDATA[]]></system-err>
      </testcase>
      <testcase name="Test Cases/1.1-Tareas Principales/1.3.6-Reversar Nomina" time="46.327" classname="Test Cases/1.1-Tareas Principales/1.3.6-Reversar Nomina" status="PASSED">
         <system-out><![CDATA[2021-12-17 18:08:12 - [TEST_CASE][PASSED] - Test Cases/1.1-Tareas Principales/1.3.6-Reversar Nomina: Test Cases/1.1-Tareas Principales/1.3.6-Reversar Nomina

2021-12-17 18:08:12 - [TEST_STEP][PASSED] - callTestCase(findTestCase("Hutilidades/Tareas Administracion Compensacion/Tarea Liquidacion Nomina"), [:], STOP_ON_FAILURE): Call Test Case 'Test Cases/Hutilidades/Tareas Administracion Compensacion/Tarea Liquidacion Nomina' successfully

2021-12-17 18:08:12 - [TEST_CASE][PASSED] - Test Cases/Hutilidades/Tareas Administracion Compensacion/Tarea Liquidacion Nomina: Test Cases/Hutilidades/Tareas Administracion Compensacion/Tarea Liquidacion Nomina

2021-12-17 18:08:12 - [TEST_STEP][PASSED] - callTestCase(findTestCase("0.1-Login"), [:], STOP_ON_FAILURE): Call Test Case 'Test Cases/0.1-Login' successfully

2021-12-17 18:08:12 - [TEST_CASE][PASSED] - Test Cases/0.1-Login: Test Cases/0.1-Login

2021-12-17 18:08:12 - [TEST_STEP][PASSED] - openBrowser(""): Browser is opened with url: ''

2021-12-17 18:08:12 - [MESSAGE][INFO] - Starting 'Chrome' driver

2021-12-17 18:08:12 - [MESSAGE][INFO] - Action delay is set to 0 milliseconds

2021-12-17 18:08:14 - [MESSAGE][PASSED] - Browser is opened with url: ''

2021-12-17 18:08:14 - [TEST_STEP][PASSED] - maximizeWindow(): Current window maximized

2021-12-17 18:08:14 - [MESSAGE][PASSED] - Current window maximized

2021-12-17 18:08:14 - [TEST_STEP][PASSED] - i = G_Login: null

2021-12-17 18:08:14 - [TEST_STEP][PASSED] - url = new java.net.URL(i): null

2021-12-17 18:08:14 - [TEST_STEP][PASSED] - println("URL: " + url.toString()): null

2021-12-17 18:08:14 - [TEST_STEP][PASSED] - connection = url.openConnection(): null

2021-12-17 18:08:14 - [TEST_STEP][PASSED] - connection.setRequestMethod("GET"): null

2021-12-17 18:08:14 - [TEST_STEP][PASSED] - connection.setReadTimeout(2 * 1000): null

2021-12-17 18:08:14 - [TEST_STEP][PASSED] - try: null

2021-12-17 18:08:14 - [TEST_STEP][PASSED] - connection.connect(): null

2021-12-17 18:08:14 - [TEST_STEP][PASSED] - flag = connected: null

2021-12-17 18:08:14 - [TEST_STEP][PASSED] - println("Valor_ori: " + flag): null

2021-12-17 18:08:14 - [TEST_STEP][PASSED] - if (flag): null

2021-12-17 18:08:14 - [TEST_STEP][PASSED] - navigateToUrl(i): Navigate to 'http://192.168.2.29:7001/saraweb' successfully

2021-12-17 18:08:19 - [MESSAGE][PASSED] - Navigate to 'http://192.168.2.29:7001/saraweb' successfully

2021-12-17 18:08:19 - [TEST_STEP][PASSED] - a(): null

2021-12-17 18:08:19 - [TEST_STEP][PASSED] - setText(findTestObject("Login/input_USUARIO_loginusuario"), G_Usuario): Text 'weblogic' is set on object 'Object Repository/Login/input_USUARIO_loginusuario'

2021-12-17 18:08:19 - [MESSAGE][PASSED] - Text 'weblogic' is set on object 'Object Repository/Login/input_USUARIO_loginusuario'

2021-12-17 18:08:19 - [TEST_STEP][PASSED] - setEncryptedText(findTestObject("Login/input_CLAVE_loginpassword"), "MkG4/TYiCFC3cb2driP7+Q=="): Text ****** has been set on object 'Object Repository/Login/input_CLAVE_loginpassword'

2021-12-17 18:08:20 - [MESSAGE][PASSED] - Text ****** has been set on object 'Object Repository/Login/input_CLAVE_loginpassword'

2021-12-17 18:08:20 - [TEST_STEP][PASSED] - waitForElementClickable(findTestObject("Login/a_Ingresar"), G_TimeOut): Object 'Object Repository/Login/a_Ingresar' is clickable

2021-12-17 18:08:20 - [MESSAGE][PASSED] - Object 'Object Repository/Login/a_Ingresar' is clickable

2021-12-17 18:08:20 - [TEST_STEP][PASSED] - click(findTestObject("Login/a_Ingresar")): Object: 'Object Repository/Login/a_Ingresar' is clicked on

2021-12-17 18:08:28 - [MESSAGE][PASSED] - Object: 'Object Repository/Login/a_Ingresar' is clicked on

2021-12-17 18:08:28 - [TEST_STEP][PASSED] - element = findWebElement(findTestObject("Login/a_Ir"), 30): null

2021-12-17 18:08:28 - [TEST_STEP][PASSED] - executeJavaScript("arguments[0].click()", Arrays.asList(element)): Execute JavaScript 'arguments[0].click()' successfully

2021-12-17 18:08:28 - [MESSAGE][PASSED] - Execute JavaScript 'arguments[0].click()' successfully

2021-12-17 18:08:28 - [MESSAGE][PASSED] - Call Test Case 'Test Cases/0.1-Login' successfully

2021-12-17 18:08:28 - [TEST_STEP][PASSED] - delay(2): Delayed 2 second(s)

2021-12-17 18:08:30 - [MESSAGE][PASSED] - Delayed 2 second(s)

2021-12-17 18:08:30 - [TEST_STEP][PASSED] - setText(findTestObject("Modulo Tarea Administracion Compensacion/Tarea Liquidacion Nomina/input_Listado de Empleados_"), "Liquidacion Nomina"): Text 'Liquidacion Nomina' is set on object 'Object Repository/Modulo Tarea Administracion Compensacion/Tarea Liquidacion Nomina/input_Listado de Empleados_'

2021-12-17 18:08:36 - [MESSAGE][PASSED] - Text 'Liquidacion Nomina' is set on object 'Object Repository/Modulo Tarea Administracion Compensacion/Tarea Liquidacion Nomina/input_Listado de Empleados_'

2021-12-17 18:08:36 - [TEST_STEP][PASSED] - delay(1): Delayed 1 second(s)

2021-12-17 18:08:37 - [MESSAGE][PASSED] - Delayed 1 second(s)

2021-12-17 18:08:37 - [TEST_STEP][PASSED] - sendKeys(findTestObject("Modulo Tarea Administracion Compensacion/Tarea Liquidacion Nomina/input_Listado de Empleados_"), Keys.chord(ENTER)): Keys 'ENTER + ' sent to object: 'Object Repository/Modulo Tarea Administracion Compensacion/Tarea Liquidacion Nomina/input_Listado de Empleados_'

2021-12-17 18:08:37 - [MESSAGE][PASSED] - Keys 'ENTER + ' sent to object: 'Object Repository/Modulo Tarea Administracion Compensacion/Tarea Liquidacion Nomina/input_Listado de Empleados_'

2021-12-17 18:08:37 - [MESSAGE][PASSED] - Call Test Case 'Test Cases/Hutilidades/Tareas Administracion Compensacion/Tarea Liquidacion Nomina' successfully

2021-12-17 18:08:37 - [TEST_STEP][PASSED] - waitForElementClickable(findTestObject("Modulo Tarea Administracion Compensacion/Comprobante de Pago/a_Periodo Nomina_LiquidacionNominaj_idt63"), 0): Object 'Object Repository/Modulo Tarea Administracion Compensacion/Comprobante de Pago/a_Periodo Nomina_LiquidacionNominaj_idt63' is clickable

2021-12-17 18:08:38 - [MESSAGE][WARNING] - Timeout '0' is invalid. Using default page load timeout: '30'

2021-12-17 18:08:45 - [MESSAGE][PASSED] - Object 'Object Repository/Modulo Tarea Administracion Compensacion/Comprobante de Pago/a_Periodo Nomina_LiquidacionNominaj_idt63' is clickable

2021-12-17 18:08:45 - [TEST_STEP][PASSED] - click(findTestObject("Modulo Tarea Administracion Compensacion/Comprobante de Pago/a_Periodo Nomina_LiquidacionNominaj_idt63")): Object: 'Object Repository/Modulo Tarea Administracion Compensacion/Comprobante de Pago/a_Periodo Nomina_LiquidacionNominaj_idt63' is clicked on

2021-12-17 18:08:45 - [MESSAGE][PASSED] - Object: 'Object Repository/Modulo Tarea Administracion Compensacion/Comprobante de Pago/a_Periodo Nomina_LiquidacionNominaj_idt63' is clicked on

2021-12-17 18:08:45 - [TEST_STEP][PASSED] - waitForElementClickable(findTestObject("Modulo Tarea Administracion Compensacion/Comprobante de Pago/select_--  Seleccione  --Periodo CerradoPeriodo en Proceso"), G_TimeOut): Object 'Object Repository/Modulo Tarea Administracion Compensacion/Comprobante de Pago/select_--  Seleccione  --Periodo CerradoPeriodo en Proceso' is clickable

2021-12-17 18:08:46 - [MESSAGE][PASSED] - Object 'Object Repository/Modulo Tarea Administracion Compensacion/Comprobante de Pago/select_--  Seleccione  --Periodo CerradoPeriodo en Proceso' is clickable

2021-12-17 18:08:46 - [TEST_STEP][PASSED] - click(findTestObject("Modulo Tarea Administracion Compensacion/Comprobante de Pago/select_--  Seleccione  --Periodo CerradoPeriodo en Proceso")): Object: 'Object Repository/Modulo Tarea Administracion Compensacion/Comprobante de Pago/select_--  Seleccione  --Periodo CerradoPeriodo en Proceso' is clicked on

2021-12-17 18:08:47 - [MESSAGE][PASSED] - Object: 'Object Repository/Modulo Tarea Administracion Compensacion/Comprobante de Pago/select_--  Seleccione  --Periodo CerradoPeriodo en Proceso' is clicked on

2021-12-17 18:08:47 - [TEST_STEP][PASSED] - selectOptionByIndex(findTestObject("Modulo Tarea Administracion Compensacion/Comprobante de Pago/select_--  Seleccione  --Periodo CerradoPeriodo en Proceso"), 2): All options with index in [2] are selected on object 'Object Repository/Modulo Tarea Administracion Compensacion/Comprobante de Pago/select_--  Seleccione  --Periodo CerradoPeriodo en Proceso'

2021-12-17 18:08:48 - [MESSAGE][PASSED] - All options with index in [2] are selected on object 'Object Repository/Modulo Tarea Administracion Compensacion/Comprobante de Pago/select_--  Seleccione  --Periodo CerradoPeriodo en Proceso'

2021-12-17 18:08:48 - [TEST_STEP][PASSED] - click(findTestObject("Modulo Tarea Administracion Compensacion/Reversar Nomina/span_P. MensualJunio2021")): Object: 'Object Repository/Modulo Tarea Administracion Compensacion/Reversar Nomina/span_P. MensualJunio2021' is clicked on

2021-12-17 18:08:49 - [MESSAGE][PASSED] - Object: 'Object Repository/Modulo Tarea Administracion Compensacion/Reversar Nomina/span_P. MensualJunio2021' is clicked on

2021-12-17 18:08:49 - [TEST_STEP][PASSED] - click(findTestObject("Modulo Tarea Administracion Compensacion/Reversar Nomina/input_Contrato_LiquidacionNominaj_idt124")): Object: 'Object Repository/Modulo Tarea Administracion Compensacion/Reversar Nomina/input_Contrato_LiquidacionNominaj_idt124' is clicked on

2021-12-17 18:08:50 - [MESSAGE][PASSED] - Object: 'Object Repository/Modulo Tarea Administracion Compensacion/Reversar Nomina/input_Contrato_LiquidacionNominaj_idt124' is clicked on

2021-12-17 18:08:50 - [TEST_STEP][PASSED] - setText(findTestObject("Modulo Tarea Administracion Compensacion/Reversar Nomina/input_Contrato_LiquidacionNominaj_idt124"), "1234567890"): Text '1234567890' is set on object 'Object Repository/Modulo Tarea Administracion Compensacion/Reversar Nomina/input_Contrato_LiquidacionNominaj_idt124'

2021-12-17 18:08:51 - [MESSAGE][PASSED] - Text '1234567890' is set on object 'Object Repository/Modulo Tarea Administracion Compensacion/Reversar Nomina/input_Contrato_LiquidacionNominaj_idt124'

2021-12-17 18:08:51 - [TEST_STEP][PASSED] - sendKeys(findTestObject("Modulo Tarea Administracion Compensacion/Reversar Nomina/input_Contrato_LiquidacionNominaj_idt124"), Keys.chord(ENTER)): Keys 'ENTER + ' sent to object: 'Object Repository/Modulo Tarea Administracion Compensacion/Reversar Nomina/input_Contrato_LiquidacionNominaj_idt124'

2021-12-17 18:08:51 - [MESSAGE][PASSED] - Keys 'ENTER + ' sent to object: 'Object Repository/Modulo Tarea Administracion Compensacion/Reversar Nomina/input_Contrato_LiquidacionNominaj_idt124'

2021-12-17 18:08:51 - [TEST_STEP][PASSED] - waitForElementClickable(findTestObject("Modulo Tarea Administracion Compensacion/Reversar Nomina/td_Gomez  Jose"), 0): Object 'Object Repository/Modulo Tarea Administracion Compensacion/Reversar Nomina/td_Gomez  Jose' is clickable

2021-12-17 18:08:51 - [MESSAGE][WARNING] - Timeout '0' is invalid. Using default page load timeout: '30'

2021-12-17 18:08:52 - [MESSAGE][PASSED] - Object 'Object Repository/Modulo Tarea Administracion Compensacion/Reversar Nomina/td_Gomez  Jose' is clickable

2021-12-17 18:08:52 - [TEST_STEP][PASSED] - click(findTestObject("Modulo Tarea Administracion Compensacion/Reversar Nomina/td_Gomez  Jose")): Object: 'Object Repository/Modulo Tarea Administracion Compensacion/Reversar Nomina/td_Gomez  Jose' is clicked on

2021-12-17 18:08:53 - [MESSAGE][PASSED] - Object: 'Object Repository/Modulo Tarea Administracion Compensacion/Reversar Nomina/td_Gomez  Jose' is clicked on

2021-12-17 18:08:53 - [TEST_STEP][PASSED] - waitForElementClickable(findTestObject("Modulo Tarea Administracion Compensacion/Reversar Nomina/a_Concepto_Reversar"), 0): Object 'Object Repository/Modulo Tarea Administracion Compensacion/Reversar Nomina/a_Concepto_Reversar' is clickable

2021-12-17 18:08:53 - [MESSAGE][WARNING] - Timeout '0' is invalid. Using default page load timeout: '30'

2021-12-17 18:08:54 - [MESSAGE][PASSED] - Object 'Object Repository/Modulo Tarea Administracion Compensacion/Reversar Nomina/a_Concepto_Reversar' is clickable

2021-12-17 18:08:54 - [TEST_STEP][PASSED] - click(findTestObject("Modulo Tarea Administracion Compensacion/Reversar Nomina/a_Concepto_Reversar")): Object: 'Object Repository/Modulo Tarea Administracion Compensacion/Reversar Nomina/a_Concepto_Reversar' is clicked on

2021-12-17 18:08:54 - [MESSAGE][PASSED] - Object: 'Object Repository/Modulo Tarea Administracion Compensacion/Reversar Nomina/a_Concepto_Reversar' is clicked on

2021-12-17 18:08:54 - [TEST_STEP][PASSED] - click(findTestObject("Modulo Tarea Administracion Compensacion/Reversar Nomina/a_Reversar_Nomina")): Object: 'Object Repository/Modulo Tarea Administracion Compensacion/Reversar Nomina/a_Reversar_Nomina' is clicked on

2021-12-17 18:08:55 - [MESSAGE][PASSED] - Object: 'Object Repository/Modulo Tarea Administracion Compensacion/Reversar Nomina/a_Reversar_Nomina' is clicked on

2021-12-17 18:08:55 - [TEST_STEP][PASSED] - click(findTestObject("Modulo Tarea Administracion Compensacion/Reversar Nomina/span_Si")): Object: 'Object Repository/Modulo Tarea Administracion Compensacion/Reversar Nomina/span_Si' is clicked on

2021-12-17 18:08:56 - [MESSAGE][PASSED] - Object: 'Object Repository/Modulo Tarea Administracion Compensacion/Reversar Nomina/span_Si' is clicked on

2021-12-17 18:08:56 - [TEST_STEP][PASSED] - getText(findTestObject("Alerta/Alerta")): Text of object 'Object Repository/Alerta/Alerta' is: 'Se reverso exitosamente'

2021-12-17 18:08:58 - [MESSAGE][PASSED] - Text of object 'Object Repository/Alerta/Alerta' is: 'Se reverso exitosamente'

2021-12-17 18:08:58 - [TEST_STEP][PASSED] - closeBrowser(): Browser is closed

2021-12-17 18:08:58 - [MESSAGE][PASSED] - Browser is closed]]></system-out>
         <system-err><![CDATA[]]></system-err>
      </testcase>
      <testcase name="Test Cases/1.1-Tareas Principales/1.3.7-Liquidacion y reversion por bancos" time="57.525" classname="Test Cases/1.1-Tareas Principales/1.3.7-Liquidacion y reversion por bancos" status="PASSED">
         <system-out><![CDATA[2021-12-17 18:08:58 - [TEST_CASE][PASSED] - Test Cases/1.1-Tareas Principales/1.3.7-Liquidacion y reversion por bancos: Test Cases/1.1-Tareas Principales/1.3.7-Liquidacion y reversion por bancos

2021-12-17 18:08:59 - [TEST_STEP][PASSED] - callTestCase(findTestCase("Hutilidades/Tareas Administracion Compensacion/Tarea Generacion Entidad Pago"), [:], STOP_ON_FAILURE): Call Test Case 'Test Cases/Hutilidades/Tareas Administracion Compensacion/Tarea Generacion Entidad Pago' successfully

2021-12-17 18:08:59 - [TEST_CASE][PASSED] - Test Cases/Hutilidades/Tareas Administracion Compensacion/Tarea Generacion Entidad Pago: Test Cases/Hutilidades/Tareas Administracion Compensacion/Tarea Generacion Entidad Pago

2021-12-17 18:08:59 - [TEST_STEP][PASSED] - callTestCase(findTestCase("0.1-Login"), [:], STOP_ON_FAILURE): Call Test Case 'Test Cases/0.1-Login' successfully

2021-12-17 18:08:59 - [TEST_CASE][PASSED] - Test Cases/0.1-Login: Test Cases/0.1-Login

2021-12-17 18:08:59 - [TEST_STEP][PASSED] - openBrowser(""): Browser is opened with url: ''

2021-12-17 18:08:59 - [MESSAGE][INFO] - Starting 'Chrome' driver

2021-12-17 18:08:59 - [MESSAGE][INFO] - Action delay is set to 0 milliseconds

2021-12-17 18:09:00 - [MESSAGE][PASSED] - Browser is opened with url: ''

2021-12-17 18:09:00 - [TEST_STEP][PASSED] - maximizeWindow(): Current window maximized

2021-12-17 18:09:00 - [MESSAGE][PASSED] - Current window maximized

2021-12-17 18:09:00 - [TEST_STEP][PASSED] - i = G_Login: null

2021-12-17 18:09:00 - [TEST_STEP][PASSED] - url = new java.net.URL(i): null

2021-12-17 18:09:00 - [TEST_STEP][PASSED] - println("URL: " + url.toString()): null

2021-12-17 18:09:00 - [TEST_STEP][PASSED] - connection = url.openConnection(): null

2021-12-17 18:09:00 - [TEST_STEP][PASSED] - connection.setRequestMethod("GET"): null

2021-12-17 18:09:00 - [TEST_STEP][PASSED] - connection.setReadTimeout(2 * 1000): null

2021-12-17 18:09:00 - [TEST_STEP][PASSED] - try: null

2021-12-17 18:09:00 - [TEST_STEP][PASSED] - connection.connect(): null

2021-12-17 18:09:00 - [TEST_STEP][PASSED] - flag = connected: null

2021-12-17 18:09:00 - [TEST_STEP][PASSED] - println("Valor_ori: " + flag): null

2021-12-17 18:09:00 - [TEST_STEP][PASSED] - if (flag): null

2021-12-17 18:09:00 - [TEST_STEP][PASSED] - navigateToUrl(i): Navigate to 'http://192.168.2.29:7001/saraweb' successfully

2021-12-17 18:09:05 - [MESSAGE][PASSED] - Navigate to 'http://192.168.2.29:7001/saraweb' successfully

2021-12-17 18:09:05 - [TEST_STEP][PASSED] - a(): null

2021-12-17 18:09:05 - [TEST_STEP][PASSED] - setText(findTestObject("Login/input_USUARIO_loginusuario"), G_Usuario): Text 'weblogic' is set on object 'Object Repository/Login/input_USUARIO_loginusuario'

2021-12-17 18:09:06 - [MESSAGE][PASSED] - Text 'weblogic' is set on object 'Object Repository/Login/input_USUARIO_loginusuario'

2021-12-17 18:09:06 - [TEST_STEP][PASSED] - setEncryptedText(findTestObject("Login/input_CLAVE_loginpassword"), "MkG4/TYiCFC3cb2driP7+Q=="): Text ****** has been set on object 'Object Repository/Login/input_CLAVE_loginpassword'

2021-12-17 18:09:06 - [MESSAGE][PASSED] - Text ****** has been set on object 'Object Repository/Login/input_CLAVE_loginpassword'

2021-12-17 18:09:06 - [TEST_STEP][PASSED] - waitForElementClickable(findTestObject("Login/a_Ingresar"), G_TimeOut): Object 'Object Repository/Login/a_Ingresar' is clickable

2021-12-17 18:09:07 - [MESSAGE][PASSED] - Object 'Object Repository/Login/a_Ingresar' is clickable

2021-12-17 18:09:07 - [TEST_STEP][PASSED] - click(findTestObject("Login/a_Ingresar")): Object: 'Object Repository/Login/a_Ingresar' is clicked on

2021-12-17 18:09:15 - [MESSAGE][PASSED] - Object: 'Object Repository/Login/a_Ingresar' is clicked on

2021-12-17 18:09:15 - [TEST_STEP][PASSED] - element = findWebElement(findTestObject("Login/a_Ir"), 30): null

2021-12-17 18:09:15 - [TEST_STEP][PASSED] - executeJavaScript("arguments[0].click()", Arrays.asList(element)): Execute JavaScript 'arguments[0].click()' successfully

2021-12-17 18:09:15 - [MESSAGE][PASSED] - Execute JavaScript 'arguments[0].click()' successfully

2021-12-17 18:09:15 - [MESSAGE][PASSED] - Call Test Case 'Test Cases/0.1-Login' successfully

2021-12-17 18:09:15 - [TEST_STEP][PASSED] - delay(2): Delayed 2 second(s)

2021-12-17 18:09:17 - [MESSAGE][PASSED] - Delayed 2 second(s)

2021-12-17 18:09:17 - [TEST_STEP][PASSED] - setText(findTestObject("Modulo Tarea Administracion Compensacion/Tarea Generacion Entidad Pago/input_Ir_nav_t66_input"), "Generacion Entidad Pago (com)"): Text 'Generacion Entidad Pago (com)' is set on object 'Object Repository/Modulo Tarea Administracion Compensacion/Tarea Generacion Entidad Pago/input_Ir_nav_t66_input'

2021-12-17 18:09:23 - [MESSAGE][PASSED] - Text 'Generacion Entidad Pago (com)' is set on object 'Object Repository/Modulo Tarea Administracion Compensacion/Tarea Generacion Entidad Pago/input_Ir_nav_t66_input'

2021-12-17 18:09:23 - [TEST_STEP][PASSED] - delay(2): Delayed 2 second(s)

2021-12-17 18:09:25 - [MESSAGE][PASSED] - Delayed 2 second(s)

2021-12-17 18:09:25 - [TEST_STEP][PASSED] - sendKeys(findTestObject("Modulo Tarea Administracion Compensacion/Tarea Generacion Entidad Pago/input_Ir_nav_t66_input"), Keys.chord(ENTER)): Keys 'ENTER + ' sent to object: 'Object Repository/Modulo Tarea Administracion Compensacion/Tarea Generacion Entidad Pago/input_Ir_nav_t66_input'

2021-12-17 18:09:25 - [MESSAGE][PASSED] - Keys 'ENTER + ' sent to object: 'Object Repository/Modulo Tarea Administracion Compensacion/Tarea Generacion Entidad Pago/input_Ir_nav_t66_input'

2021-12-17 18:09:25 - [MESSAGE][PASSED] - Call Test Case 'Test Cases/Hutilidades/Tareas Administracion Compensacion/Tarea Generacion Entidad Pago' successfully

2021-12-17 18:09:25 - [TEST_STEP][PASSED] - waitForElementClickable(findTestObject("Modulo Tarea Administracion Compensacion/Liquidacion y Reversion por Bancos/a_Traer"), 0): Object 'Object Repository/Modulo Tarea Administracion Compensacion/Liquidacion y Reversion por Bancos/a_Traer' is clickable

2021-12-17 18:09:25 - [MESSAGE][WARNING] - Timeout '0' is invalid. Using default page load timeout: '30'

2021-12-17 18:09:33 - [MESSAGE][PASSED] - Object 'Object Repository/Modulo Tarea Administracion Compensacion/Liquidacion y Reversion por Bancos/a_Traer' is clickable

2021-12-17 18:09:33 - [TEST_STEP][PASSED] - click(findTestObject("Modulo Tarea Administracion Compensacion/Liquidacion y Reversion por Bancos/a_Traer")): Object: 'Object Repository/Modulo Tarea Administracion Compensacion/Liquidacion y Reversion por Bancos/a_Traer' is clicked on

2021-12-17 18:09:33 - [MESSAGE][PASSED] - Object: 'Object Repository/Modulo Tarea Administracion Compensacion/Liquidacion y Reversion por Bancos/a_Traer' is clicked on

2021-12-17 18:09:33 - [TEST_STEP][PASSED] - click(findTestObject("Modulo Tarea Administracion Compensacion/Liquidacion y Reversion por Bancos/label_Periodo Fuera de Nomina")): Object: 'Object Repository/Modulo Tarea Administracion Compensacion/Liquidacion y Reversion por Bancos/label_Periodo Fuera de Nomina' is clicked on

2021-12-17 18:09:34 - [MESSAGE][PASSED] - Object: 'Object Repository/Modulo Tarea Administracion Compensacion/Liquidacion y Reversion por Bancos/label_Periodo Fuera de Nomina' is clicked on

2021-12-17 18:09:34 - [TEST_STEP][PASSED] - setText(findTestObject("Modulo Tarea Administracion Compensacion/Liquidacion y Reversion por Bancos/input_Fecha_form_popUpTraer"), "01/06/2021"): Text '01/06/2021' is set on object 'Object Repository/Modulo Tarea Administracion Compensacion/Liquidacion y Reversion por Bancos/input_Fecha_form_popUpTraer'

2021-12-17 18:09:35 - [MESSAGE][PASSED] - Text '01/06/2021' is set on object 'Object Repository/Modulo Tarea Administracion Compensacion/Liquidacion y Reversion por Bancos/input_Fecha_form_popUpTraer'

2021-12-17 18:09:35 - [TEST_STEP][PASSED] - click(findTestObject("Modulo Tarea Administracion Compensacion/Liquidacion y Reversion por Bancos/a_Aplicar (1)")): Object: 'Object Repository/Modulo Tarea Administracion Compensacion/Liquidacion y Reversion por Bancos/a_Aplicar (1)' is clicked on

2021-12-17 18:09:36 - [MESSAGE][PASSED] - Object: 'Object Repository/Modulo Tarea Administracion Compensacion/Liquidacion y Reversion por Bancos/a_Aplicar (1)' is clicked on

2021-12-17 18:09:36 - [TEST_STEP][PASSED] - click(findTestObject("Modulo Tarea Administracion Compensacion/Liquidacion y Reversion por Bancos/span_Bogota_ui-chkbox-icon ui-icon ui-icon-blank ui-c")): Object: 'Object Repository/Modulo Tarea Administracion Compensacion/Liquidacion y Reversion por Bancos/span_Bogota_ui-chkbox-icon ui-icon ui-icon-blank ui-c' is clicked on

2021-12-17 18:09:37 - [MESSAGE][PASSED] - Object: 'Object Repository/Modulo Tarea Administracion Compensacion/Liquidacion y Reversion por Bancos/span_Bogota_ui-chkbox-icon ui-icon ui-icon-blank ui-c' is clicked on

2021-12-17 18:09:37 - [TEST_STEP][PASSED] - click(findTestObject("Modulo Tarea Administracion Compensacion/Liquidacion y Reversion por Bancos/a_Liquidar")): Object: 'Object Repository/Modulo Tarea Administracion Compensacion/Liquidacion y Reversion por Bancos/a_Liquidar' is clicked on

2021-12-17 18:09:37 - [MESSAGE][PASSED] - Object: 'Object Repository/Modulo Tarea Administracion Compensacion/Liquidacion y Reversion por Bancos/a_Liquidar' is clicked on

2021-12-17 18:09:37 - [TEST_STEP][PASSED] - click(findTestObject("Modulo Tarea Administracion Compensacion/Liquidacion y Reversion por Bancos/a_Aceptar")): Object: 'Object Repository/Modulo Tarea Administracion Compensacion/Liquidacion y Reversion por Bancos/a_Aceptar' is clicked on

2021-12-17 18:09:45 - [MESSAGE][PASSED] - Object: 'Object Repository/Modulo Tarea Administracion Compensacion/Liquidacion y Reversion por Bancos/a_Aceptar' is clicked on

2021-12-17 18:09:45 - [TEST_STEP][PASSED] - click(findTestObject("Modulo Tarea Administracion Compensacion/Liquidacion y Reversion por Bancos/a_Continua")): Object: 'Object Repository/Modulo Tarea Administracion Compensacion/Liquidacion y Reversion por Bancos/a_Continua' is clicked on

2021-12-17 18:09:46 - [MESSAGE][PASSED] - Object: 'Object Repository/Modulo Tarea Administracion Compensacion/Liquidacion y Reversion por Bancos/a_Continua' is clicked on

2021-12-17 18:09:46 - [TEST_STEP][PASSED] - waitForElementClickable(findTestObject("Modulo Tarea Administracion Compensacion/Liquidacion y Reversion por Bancos/a_Reversar"), 0): Object 'Object Repository/Modulo Tarea Administracion Compensacion/Liquidacion y Reversion por Bancos/a_Reversar' is clickable

2021-12-17 18:09:46 - [MESSAGE][WARNING] - Timeout '0' is invalid. Using default page load timeout: '30'

2021-12-17 18:09:47 - [MESSAGE][PASSED] - Object 'Object Repository/Modulo Tarea Administracion Compensacion/Liquidacion y Reversion por Bancos/a_Reversar' is clickable

2021-12-17 18:09:47 - [TEST_STEP][PASSED] - click(findTestObject("Modulo Tarea Administracion Compensacion/Liquidacion y Reversion por Bancos/a_Reversar")): Object: 'Object Repository/Modulo Tarea Administracion Compensacion/Liquidacion y Reversion por Bancos/a_Reversar' is clicked on

2021-12-17 18:09:47 - [MESSAGE][PASSED] - Object: 'Object Repository/Modulo Tarea Administracion Compensacion/Liquidacion y Reversion por Bancos/a_Reversar' is clicked on

2021-12-17 18:09:47 - [TEST_STEP][PASSED] - click(findTestObject("Modulo Tarea Administracion Compensacion/Liquidacion y Reversion por Bancos/a_Aceptar (1)")): Object: 'Object Repository/Modulo Tarea Administracion Compensacion/Liquidacion y Reversion por Bancos/a_Aceptar (1)' is clicked on

2021-12-17 18:09:55 - [MESSAGE][PASSED] - Object: 'Object Repository/Modulo Tarea Administracion Compensacion/Liquidacion y Reversion por Bancos/a_Aceptar (1)' is clicked on

2021-12-17 18:09:55 - [TEST_STEP][PASSED] - getText(findTestObject("Alerta/Alerta")): Text of object 'Object Repository/Alerta/Alerta' is: 'Reversión Satisfactoria'

2021-12-17 18:09:55 - [MESSAGE][PASSED] - Text of object 'Object Repository/Alerta/Alerta' is: 'Reversión Satisfactoria'

2021-12-17 18:09:55 - [TEST_STEP][PASSED] - closeBrowser(): Browser is closed

2021-12-17 18:09:56 - [MESSAGE][PASSED] - Browser is closed]]></system-out>
         <system-err><![CDATA[]]></system-err>
      </testcase>
      <testcase name="Test Cases/1.1-Tareas Principales/1.3.8-Exportacion de Archivo de Seguridad Social" time="42.09" classname="Test Cases/1.1-Tareas Principales/1.3.8-Exportacion de Archivo de Seguridad Social" status="PASSED">
         <system-out><![CDATA[2021-12-17 18:09:56 - [TEST_CASE][PASSED] - Test Cases/1.1-Tareas Principales/1.3.8-Exportacion de Archivo de Seguridad Social: Test Cases/1.1-Tareas Principales/1.3.8-Exportacion de Archivo de Seguridad Social

2021-12-17 18:09:56 - [TEST_STEP][PASSED] - callTestCase(findTestCase("Hutilidades/Tareas Administracion Compensacion/Tarea Seguridad Social"), [:], STOP_ON_FAILURE): Call Test Case 'Test Cases/Hutilidades/Tareas Administracion Compensacion/Tarea Seguridad Social' successfully

2021-12-17 18:09:56 - [TEST_CASE][PASSED] - Test Cases/Hutilidades/Tareas Administracion Compensacion/Tarea Seguridad Social: Test Cases/Hutilidades/Tareas Administracion Compensacion/Tarea Seguridad Social

2021-12-17 18:09:57 - [TEST_STEP][PASSED] - callTestCase(findTestCase("0.1-Login"), [:], STOP_ON_FAILURE): Call Test Case 'Test Cases/0.1-Login' successfully

2021-12-17 18:09:57 - [TEST_CASE][PASSED] - Test Cases/0.1-Login: Test Cases/0.1-Login

2021-12-17 18:09:57 - [TEST_STEP][PASSED] - openBrowser(""): Browser is opened with url: ''

2021-12-17 18:09:57 - [MESSAGE][INFO] - Starting 'Chrome' driver

2021-12-17 18:09:57 - [MESSAGE][INFO] - Action delay is set to 0 milliseconds

2021-12-17 18:09:58 - [MESSAGE][PASSED] - Browser is opened with url: ''

2021-12-17 18:09:58 - [TEST_STEP][PASSED] - maximizeWindow(): Current window maximized

2021-12-17 18:09:58 - [MESSAGE][PASSED] - Current window maximized

2021-12-17 18:09:58 - [TEST_STEP][PASSED] - i = G_Login: null

2021-12-17 18:09:58 - [TEST_STEP][PASSED] - url = new java.net.URL(i): null

2021-12-17 18:09:58 - [TEST_STEP][PASSED] - println("URL: " + url.toString()): null

2021-12-17 18:09:58 - [TEST_STEP][PASSED] - connection = url.openConnection(): null

2021-12-17 18:09:58 - [TEST_STEP][PASSED] - connection.setRequestMethod("GET"): null

2021-12-17 18:09:58 - [TEST_STEP][PASSED] - connection.setReadTimeout(2 * 1000): null

2021-12-17 18:09:58 - [TEST_STEP][PASSED] - try: null

2021-12-17 18:09:58 - [TEST_STEP][PASSED] - connection.connect(): null

2021-12-17 18:09:58 - [TEST_STEP][PASSED] - flag = connected: null

2021-12-17 18:09:58 - [TEST_STEP][PASSED] - println("Valor_ori: " + flag): null

2021-12-17 18:09:58 - [TEST_STEP][PASSED] - if (flag): null

2021-12-17 18:09:58 - [TEST_STEP][PASSED] - navigateToUrl(i): Navigate to 'http://192.168.2.29:7001/saraweb' successfully

2021-12-17 18:10:03 - [MESSAGE][PASSED] - Navigate to 'http://192.168.2.29:7001/saraweb' successfully

2021-12-17 18:10:03 - [TEST_STEP][PASSED] - a(): null

2021-12-17 18:10:03 - [TEST_STEP][PASSED] - setText(findTestObject("Login/input_USUARIO_loginusuario"), G_Usuario): Text 'weblogic' is set on object 'Object Repository/Login/input_USUARIO_loginusuario'

2021-12-17 18:10:04 - [MESSAGE][PASSED] - Text 'weblogic' is set on object 'Object Repository/Login/input_USUARIO_loginusuario'

2021-12-17 18:10:04 - [TEST_STEP][PASSED] - setEncryptedText(findTestObject("Login/input_CLAVE_loginpassword"), "MkG4/TYiCFC3cb2driP7+Q=="): Text ****** has been set on object 'Object Repository/Login/input_CLAVE_loginpassword'

2021-12-17 18:10:04 - [MESSAGE][PASSED] - Text ****** has been set on object 'Object Repository/Login/input_CLAVE_loginpassword'

2021-12-17 18:10:04 - [TEST_STEP][PASSED] - waitForElementClickable(findTestObject("Login/a_Ingresar"), G_TimeOut): Object 'Object Repository/Login/a_Ingresar' is clickable

2021-12-17 18:10:04 - [MESSAGE][PASSED] - Object 'Object Repository/Login/a_Ingresar' is clickable

2021-12-17 18:10:04 - [TEST_STEP][PASSED] - click(findTestObject("Login/a_Ingresar")): Object: 'Object Repository/Login/a_Ingresar' is clicked on

2021-12-17 18:10:13 - [MESSAGE][PASSED] - Object: 'Object Repository/Login/a_Ingresar' is clicked on

2021-12-17 18:10:13 - [TEST_STEP][PASSED] - element = findWebElement(findTestObject("Login/a_Ir"), 30): null

2021-12-17 18:10:13 - [TEST_STEP][PASSED] - executeJavaScript("arguments[0].click()", Arrays.asList(element)): Execute JavaScript 'arguments[0].click()' successfully

2021-12-17 18:10:13 - [MESSAGE][PASSED] - Execute JavaScript 'arguments[0].click()' successfully

2021-12-17 18:10:13 - [MESSAGE][PASSED] - Call Test Case 'Test Cases/0.1-Login' successfully

2021-12-17 18:10:13 - [TEST_STEP][PASSED] - delay(2): Delayed 2 second(s)

2021-12-17 18:10:15 - [MESSAGE][PASSED] - Delayed 2 second(s)

2021-12-17 18:10:15 - [TEST_STEP][PASSED] - setText(findTestObject("Modulo Tarea Administracion Compensacion/Tarea Seguridad Social/input_Ir_nav_t66_input"), "Seguridad Social"): Text 'Seguridad Social' is set on object 'Object Repository/Modulo Tarea Administracion Compensacion/Tarea Seguridad Social/input_Ir_nav_t66_input'

2021-12-17 18:10:21 - [MESSAGE][PASSED] - Text 'Seguridad Social' is set on object 'Object Repository/Modulo Tarea Administracion Compensacion/Tarea Seguridad Social/input_Ir_nav_t66_input'

2021-12-17 18:10:21 - [TEST_STEP][PASSED] - delay(2): Delayed 2 second(s)

2021-12-17 18:10:23 - [MESSAGE][PASSED] - Delayed 2 second(s)

2021-12-17 18:10:23 - [TEST_STEP][PASSED] - sendKeys(findTestObject("Modulo Tarea Administracion Compensacion/Tarea Seguridad Social/input_Ir_nav_t66_input"), Keys.chord(ENTER)): Keys 'ENTER + ' sent to object: 'Object Repository/Modulo Tarea Administracion Compensacion/Tarea Seguridad Social/input_Ir_nav_t66_input'

2021-12-17 18:10:23 - [MESSAGE][PASSED] - Keys 'ENTER + ' sent to object: 'Object Repository/Modulo Tarea Administracion Compensacion/Tarea Seguridad Social/input_Ir_nav_t66_input'

2021-12-17 18:10:23 - [MESSAGE][PASSED] - Call Test Case 'Test Cases/Hutilidades/Tareas Administracion Compensacion/Tarea Seguridad Social' successfully

2021-12-17 18:10:23 - [TEST_STEP][PASSED] - waitForElementClickable(findTestObject("Modulo Tarea Administracion Compensacion/Exportacion de Archivo de Seguridad Social/td_Planilla Empleados Empresa"), G_TimeOut): Object 'Object Repository/Modulo Tarea Administracion Compensacion/Exportacion de Archivo de Seguridad Social/td_Planilla Empleados Empresa' is clickable

2021-12-17 18:10:32 - [MESSAGE][PASSED] - Object 'Object Repository/Modulo Tarea Administracion Compensacion/Exportacion de Archivo de Seguridad Social/td_Planilla Empleados Empresa' is clickable

2021-12-17 18:10:32 - [TEST_STEP][PASSED] - click(findTestObject("Modulo Tarea Administracion Compensacion/Exportacion de Archivo de Seguridad Social/td_Planilla Empleados Empresa")): Object: 'Object Repository/Modulo Tarea Administracion Compensacion/Exportacion de Archivo de Seguridad Social/td_Planilla Empleados Empresa' is clicked on

2021-12-17 18:10:32 - [MESSAGE][PASSED] - Object: 'Object Repository/Modulo Tarea Administracion Compensacion/Exportacion de Archivo de Seguridad Social/td_Planilla Empleados Empresa' is clicked on

2021-12-17 18:10:32 - [TEST_STEP][PASSED] - waitForElementClickable(findTestObject("Modulo Tarea Administracion Compensacion/Exportacion de Archivo de Seguridad Social/img_csv"), G_TimeOut): Object 'Object Repository/Modulo Tarea Administracion Compensacion/Exportacion de Archivo de Seguridad Social/img_csv' is clickable

2021-12-17 18:10:33 - [MESSAGE][PASSED] - Object 'Object Repository/Modulo Tarea Administracion Compensacion/Exportacion de Archivo de Seguridad Social/img_csv' is clickable

2021-12-17 18:10:33 - [TEST_STEP][PASSED] - click(findTestObject("Modulo Tarea Administracion Compensacion/Exportacion de Archivo de Seguridad Social/img_csv")): Object: 'Object Repository/Modulo Tarea Administracion Compensacion/Exportacion de Archivo de Seguridad Social/img_csv' is clicked on

2021-12-17 18:10:34 - [MESSAGE][PASSED] - Object: 'Object Repository/Modulo Tarea Administracion Compensacion/Exportacion de Archivo de Seguridad Social/img_csv' is clicked on

2021-12-17 18:10:34 - [TEST_STEP][PASSED] - waitForElementClickable(findTestObject("Modulo Tarea Administracion Compensacion/Exportacion de Archivo de Seguridad Social/a_Archivo"), G_TimeOut): Object 'Object Repository/Modulo Tarea Administracion Compensacion/Exportacion de Archivo de Seguridad Social/a_Archivo' is clickable

2021-12-17 18:10:34 - [MESSAGE][PASSED] - Object 'Object Repository/Modulo Tarea Administracion Compensacion/Exportacion de Archivo de Seguridad Social/a_Archivo' is clickable

2021-12-17 18:10:34 - [TEST_STEP][PASSED] - click(findTestObject("Modulo Tarea Administracion Compensacion/Exportacion de Archivo de Seguridad Social/a_Archivo")): Object: 'Object Repository/Modulo Tarea Administracion Compensacion/Exportacion de Archivo de Seguridad Social/a_Archivo' is clicked on

2021-12-17 18:10:34 - [MESSAGE][PASSED] - Object: 'Object Repository/Modulo Tarea Administracion Compensacion/Exportacion de Archivo de Seguridad Social/a_Archivo' is clicked on

2021-12-17 18:10:34 - [TEST_STEP][PASSED] - click(findTestObject("Modulo Tarea Administracion Compensacion/Exportacion de Archivo de Seguridad Social/a_Archivo_1")): Object: 'Object Repository/Modulo Tarea Administracion Compensacion/Exportacion de Archivo de Seguridad Social/a_Archivo_1' is clicked on

2021-12-17 18:10:35 - [MESSAGE][PASSED] - Object: 'Object Repository/Modulo Tarea Administracion Compensacion/Exportacion de Archivo de Seguridad Social/a_Archivo_1' is clicked on

2021-12-17 18:10:35 - [TEST_STEP][PASSED] - waitForElementClickable(findTestObject("Modulo Tarea Administracion Compensacion/Exportacion de Archivo de Seguridad Social/a_Si"), G_TimeOut): Object 'Object Repository/Modulo Tarea Administracion Compensacion/Exportacion de Archivo de Seguridad Social/a_Si' is clickable

2021-12-17 18:10:37 - [MESSAGE][PASSED] - Object 'Object Repository/Modulo Tarea Administracion Compensacion/Exportacion de Archivo de Seguridad Social/a_Si' is clickable

2021-12-17 18:10:37 - [TEST_STEP][PASSED] - click(findTestObject("Modulo Tarea Administracion Compensacion/Exportacion de Archivo de Seguridad Social/a_Si")): Object: 'Object Repository/Modulo Tarea Administracion Compensacion/Exportacion de Archivo de Seguridad Social/a_Si' is clicked on

2021-12-17 18:10:37 - [MESSAGE][PASSED] - Object: 'Object Repository/Modulo Tarea Administracion Compensacion/Exportacion de Archivo de Seguridad Social/a_Si' is clicked on

2021-12-17 18:10:37 - [TEST_STEP][PASSED] - closeBrowser(): Browser is closed

2021-12-17 18:10:38 - [MESSAGE][PASSED] - Browser is closed]]></system-out>
         <system-err><![CDATA[]]></system-err>
      </testcase>
      <testcase name="Test Cases/1.1-Tareas Principales/1.3.9-Archivo Cargue Operador" time="37.703" classname="Test Cases/1.1-Tareas Principales/1.3.9-Archivo Cargue Operador" status="PASSED">
         <system-out><![CDATA[2021-12-17 18:10:38 - [TEST_CASE][PASSED] - Test Cases/1.1-Tareas Principales/1.3.9-Archivo Cargue Operador: Test Cases/1.1-Tareas Principales/1.3.9-Archivo Cargue Operador

2021-12-17 18:10:38 - [TEST_STEP][PASSED] - callTestCase(findTestCase("Hutilidades/Tareas Administracion Compensacion/Tarea Seguridad Social"), [:], STOP_ON_FAILURE): Call Test Case 'Test Cases/Hutilidades/Tareas Administracion Compensacion/Tarea Seguridad Social' successfully

2021-12-17 18:10:38 - [TEST_CASE][PASSED] - Test Cases/Hutilidades/Tareas Administracion Compensacion/Tarea Seguridad Social: Test Cases/Hutilidades/Tareas Administracion Compensacion/Tarea Seguridad Social

2021-12-17 18:10:38 - [TEST_STEP][PASSED] - callTestCase(findTestCase("0.1-Login"), [:], STOP_ON_FAILURE): Call Test Case 'Test Cases/0.1-Login' successfully

2021-12-17 18:10:38 - [TEST_CASE][PASSED] - Test Cases/0.1-Login: Test Cases/0.1-Login

2021-12-17 18:10:38 - [TEST_STEP][PASSED] - openBrowser(""): Browser is opened with url: ''

2021-12-17 18:10:38 - [MESSAGE][INFO] - Starting 'Chrome' driver

2021-12-17 18:10:38 - [MESSAGE][INFO] - Action delay is set to 0 milliseconds

2021-12-17 18:10:40 - [MESSAGE][PASSED] - Browser is opened with url: ''

2021-12-17 18:10:40 - [TEST_STEP][PASSED] - maximizeWindow(): Current window maximized

2021-12-17 18:10:40 - [MESSAGE][PASSED] - Current window maximized

2021-12-17 18:10:40 - [TEST_STEP][PASSED] - i = G_Login: null

2021-12-17 18:10:40 - [TEST_STEP][PASSED] - url = new java.net.URL(i): null

2021-12-17 18:10:40 - [TEST_STEP][PASSED] - println("URL: " + url.toString()): null

2021-12-17 18:10:40 - [TEST_STEP][PASSED] - connection = url.openConnection(): null

2021-12-17 18:10:40 - [TEST_STEP][PASSED] - connection.setRequestMethod("GET"): null

2021-12-17 18:10:40 - [TEST_STEP][PASSED] - connection.setReadTimeout(2 * 1000): null

2021-12-17 18:10:40 - [TEST_STEP][PASSED] - try: null

2021-12-17 18:10:40 - [TEST_STEP][PASSED] - connection.connect(): null

2021-12-17 18:10:40 - [TEST_STEP][PASSED] - flag = connected: null

2021-12-17 18:10:40 - [TEST_STEP][PASSED] - println("Valor_ori: " + flag): null

2021-12-17 18:10:40 - [TEST_STEP][PASSED] - if (flag): null

2021-12-17 18:10:40 - [TEST_STEP][PASSED] - navigateToUrl(i): Navigate to 'http://192.168.2.29:7001/saraweb' successfully

2021-12-17 18:10:44 - [MESSAGE][PASSED] - Navigate to 'http://192.168.2.29:7001/saraweb' successfully

2021-12-17 18:10:44 - [TEST_STEP][PASSED] - a(): null

2021-12-17 18:10:44 - [TEST_STEP][PASSED] - setText(findTestObject("Login/input_USUARIO_loginusuario"), G_Usuario): Text 'weblogic' is set on object 'Object Repository/Login/input_USUARIO_loginusuario'

2021-12-17 18:10:45 - [MESSAGE][PASSED] - Text 'weblogic' is set on object 'Object Repository/Login/input_USUARIO_loginusuario'

2021-12-17 18:10:45 - [TEST_STEP][PASSED] - setEncryptedText(findTestObject("Login/input_CLAVE_loginpassword"), "MkG4/TYiCFC3cb2driP7+Q=="): Text ****** has been set on object 'Object Repository/Login/input_CLAVE_loginpassword'

2021-12-17 18:10:46 - [MESSAGE][PASSED] - Text ****** has been set on object 'Object Repository/Login/input_CLAVE_loginpassword'

2021-12-17 18:10:46 - [TEST_STEP][PASSED] - waitForElementClickable(findTestObject("Login/a_Ingresar"), G_TimeOut): Object 'Object Repository/Login/a_Ingresar' is clickable

2021-12-17 18:10:46 - [MESSAGE][PASSED] - Object 'Object Repository/Login/a_Ingresar' is clickable

2021-12-17 18:10:46 - [TEST_STEP][PASSED] - click(findTestObject("Login/a_Ingresar")): Object: 'Object Repository/Login/a_Ingresar' is clicked on

2021-12-17 18:10:54 - [MESSAGE][PASSED] - Object: 'Object Repository/Login/a_Ingresar' is clicked on

2021-12-17 18:10:54 - [TEST_STEP][PASSED] - element = findWebElement(findTestObject("Login/a_Ir"), 30): null

2021-12-17 18:10:55 - [TEST_STEP][PASSED] - executeJavaScript("arguments[0].click()", Arrays.asList(element)): Execute JavaScript 'arguments[0].click()' successfully

2021-12-17 18:10:55 - [MESSAGE][PASSED] - Execute JavaScript 'arguments[0].click()' successfully

2021-12-17 18:10:55 - [MESSAGE][PASSED] - Call Test Case 'Test Cases/0.1-Login' successfully

2021-12-17 18:10:55 - [TEST_STEP][PASSED] - delay(2): Delayed 2 second(s)

2021-12-17 18:10:57 - [MESSAGE][PASSED] - Delayed 2 second(s)

2021-12-17 18:10:57 - [TEST_STEP][PASSED] - setText(findTestObject("Modulo Tarea Administracion Compensacion/Tarea Seguridad Social/input_Ir_nav_t66_input"), "Seguridad Social"): Text 'Seguridad Social' is set on object 'Object Repository/Modulo Tarea Administracion Compensacion/Tarea Seguridad Social/input_Ir_nav_t66_input'

2021-12-17 18:11:02 - [MESSAGE][PASSED] - Text 'Seguridad Social' is set on object 'Object Repository/Modulo Tarea Administracion Compensacion/Tarea Seguridad Social/input_Ir_nav_t66_input'

2021-12-17 18:11:02 - [TEST_STEP][PASSED] - delay(2): Delayed 2 second(s)

2021-12-17 18:11:04 - [MESSAGE][PASSED] - Delayed 2 second(s)

2021-12-17 18:11:04 - [TEST_STEP][PASSED] - sendKeys(findTestObject("Modulo Tarea Administracion Compensacion/Tarea Seguridad Social/input_Ir_nav_t66_input"), Keys.chord(ENTER)): Keys 'ENTER + ' sent to object: 'Object Repository/Modulo Tarea Administracion Compensacion/Tarea Seguridad Social/input_Ir_nav_t66_input'

2021-12-17 18:11:05 - [MESSAGE][PASSED] - Keys 'ENTER + ' sent to object: 'Object Repository/Modulo Tarea Administracion Compensacion/Tarea Seguridad Social/input_Ir_nav_t66_input'

2021-12-17 18:11:05 - [MESSAGE][PASSED] - Call Test Case 'Test Cases/Hutilidades/Tareas Administracion Compensacion/Tarea Seguridad Social' successfully

2021-12-17 18:11:05 - [TEST_STEP][PASSED] - waitForElementClickable(findTestObject("Modulo Tarea Administracion Compensacion/Archivo Cargue Operador/td_Planilla Empleados Empresa"), 0): Object 'Object Repository/Modulo Tarea Administracion Compensacion/Archivo Cargue Operador/td_Planilla Empleados Empresa' is clickable

2021-12-17 18:11:05 - [MESSAGE][WARNING] - Timeout '0' is invalid. Using default page load timeout: '30'

2021-12-17 18:11:13 - [MESSAGE][PASSED] - Object 'Object Repository/Modulo Tarea Administracion Compensacion/Archivo Cargue Operador/td_Planilla Empleados Empresa' is clickable

2021-12-17 18:11:13 - [TEST_STEP][PASSED] - click(findTestObject("Modulo Tarea Administracion Compensacion/Archivo Cargue Operador/td_Planilla Empleados Empresa")): Object: 'Object Repository/Modulo Tarea Administracion Compensacion/Archivo Cargue Operador/td_Planilla Empleados Empresa' is clicked on

2021-12-17 18:11:13 - [MESSAGE][PASSED] - Object: 'Object Repository/Modulo Tarea Administracion Compensacion/Archivo Cargue Operador/td_Planilla Empleados Empresa' is clicked on

2021-12-17 18:11:13 - [TEST_STEP][PASSED] - click(findTestObject("Modulo Tarea Administracion Compensacion/Archivo Cargue Operador/a_Archivo_")): Object: 'Object Repository/Modulo Tarea Administracion Compensacion/Archivo Cargue Operador/a_Archivo_' is clicked on

2021-12-17 18:11:14 - [MESSAGE][PASSED] - Object: 'Object Repository/Modulo Tarea Administracion Compensacion/Archivo Cargue Operador/a_Archivo_' is clicked on

2021-12-17 18:11:14 - [TEST_STEP][PASSED] - click(findTestObject("Modulo Tarea Administracion Compensacion/Archivo Cargue Operador/a_Archivo_1")): Object: 'Object Repository/Modulo Tarea Administracion Compensacion/Archivo Cargue Operador/a_Archivo_1' is clicked on

2021-12-17 18:11:15 - [MESSAGE][PASSED] - Object: 'Object Repository/Modulo Tarea Administracion Compensacion/Archivo Cargue Operador/a_Archivo_1' is clicked on

2021-12-17 18:11:15 - [TEST_STEP][PASSED] - closeBrowser(): Browser is closed

2021-12-17 18:11:16 - [MESSAGE][PASSED] - Browser is closed]]></system-out>
         <system-err><![CDATA[]]></system-err>
      </testcase>
      <testcase name="Test Cases/1.1-Tareas Principales/1.4.1-Liquidacion_de_contrato" time="104.122" classname="Test Cases/1.1-Tareas Principales/1.4.1-Liquidacion_de_contrato" status="FAILED">
         <failure type="FAILED" message="Test Cases/1.1-Tareas Principales/1.4.1-Liquidacion_de_contrato FAILED.
Reason:
com.kms.katalon.core.exception.StepFailedException: Unable to click on object 'Object Repository/Modulo Tarea Administracion Compensacion/Liquidar Conceptos y Variables/a_Regresar'
	at com.kms.katalon.core.webui.keyword.internal.WebUIKeywordMain.stepFailed(WebUIKeywordMain.groovy:64)
	at com.kms.katalon.core.webui.keyword.internal.WebUIKeywordMain.runKeyword(WebUIKeywordMain.groovy:26)
	at com.kms.katalon.core.webui.keyword.builtin.ClickKeyword.click(ClickKeyword.groovy:74)
	at com.kms.katalon.core.webui.keyword.builtin.ClickKeyword.execute(ClickKeyword.groovy:40)
	at com.kms.katalon.core.keyword.internal.KeywordExecutor.executeKeywordForPlatform(KeywordExecutor.groovy:74)
	at com.kms.katalon.core.webui.keyword.WebUiBuiltInKeywords.click(WebUiBuiltInKeywords.groovy:620)
	at com.kms.katalon.core.webui.keyword.WebUiBuiltInKeywords$click$5.call(Unknown Source)
	at 1.4.1-Liquidacion_de_contrato.run(1.4.1-Liquidacion_de_contrato:121)
	at com.kms.katalon.core.main.ScriptEngine.run(ScriptEngine.java:194)
	at com.kms.katalon.core.main.ScriptEngine.runScriptAsRawText(ScriptEngine.java:119)
	at com.kms.katalon.core.main.TestCaseExecutor.runScript(TestCaseExecutor.java:442)
	at com.kms.katalon.core.main.TestCaseExecutor.doExecute(TestCaseExecutor.java:433)
	at com.kms.katalon.core.main.TestCaseExecutor.processExecutionPhase(TestCaseExecutor.java:412)
	at com.kms.katalon.core.main.TestCaseExecutor.accessMainPhase(TestCaseExecutor.java:404)
	at com.kms.katalon.core.main.TestCaseExecutor.execute(TestCaseExecutor.java:281)
	at com.kms.katalon.core.main.TestSuiteExecutor.accessTestCaseMainPhase(TestSuiteExecutor.java:202)
	at com.kms.katalon.core.main.TestSuiteExecutor.accessTestSuiteMainPhase(TestSuiteExecutor.java:164)
	at com.kms.katalon.core.main.TestSuiteExecutor.execute(TestSuiteExecutor.java:105)
	at com.kms.katalon.core.main.TestCaseMain.startTestSuite(TestCaseMain.java:181)
	at com.kms.katalon.core.main.TestCaseMain$startTestSuite$0.call(Unknown Source)
	at TempTestSuite1639780222929.run(TempTestSuite1639780222929.groovy:36)
Caused by: org.openqa.selenium.ElementClickInterceptedException: element click intercepted: Element &lt;a id=&quot;cancelacion_contrato:tab:j_idt6421&quot; href=&quot;#&quot; class=&quot;ui-commandlink ui-widget us-boton btn-regresar&quot; onclick=&quot;PrimeFaces.ab({s:&amp;quot;cancelacion_contrato:tab:j_idt6421&amp;quot;,f:&amp;quot;cancelacion_contrato&amp;quot;,u:&amp;quot;cancelacion_contrato&amp;quot;});return false;&quot;>...&lt;/a> is not clickable at point (137, 597). Other element would receive the click: &lt;div id=&quot;popupErrorDialog:dialog_popupFoto_modal&quot; class=&quot;ui-widget-overlay ui-dialog-mask&quot; style=&quot;z-index: 1065;&quot;>&lt;/div>
  (Session info: chrome=96.0.4664.110)
Build info: version: '3.141.59', revision: 'e82be7d358', time: '2018-11-14T08:25:53'
System info: host: 'US-AF-000371', ip: '192.168.56.1', os.name: 'Windows 10', os.arch: 'amd64', os.version: '10.0', java.version: '1.8.0_282'
Driver info: com.kms.katalon.selenium.driver.CChromeDriver
Capabilities {acceptInsecureCerts: false, browserName: chrome, browserVersion: 96.0.4664.110, chrome: {chromedriverVersion: 95.0.4638.17 (a9d0719444d4b..., userDataDir: C:\Users\DIEGO~1.ROJ\AppDat...}, goog:chromeOptions: {debuggerAddress: localhost:50746}, javascriptEnabled: true, networkConnectionEnabled: false, pageLoadStrategy: normal, platform: WINDOWS, platformName: WINDOWS, proxy: Proxy(), setWindowRect: true, strictFileInteractability: false, timeouts: {implicit: 0, pageLoad: 300000, script: 30000}, unhandledPromptBehavior: dismiss and notify, webauthn:extension:credBlob: true, webauthn:extension:largeBlob: true, webauthn:virtualAuthenticators: true}
Session ID: 26f81542acc8e51101a2bb8ec9850009
	at org.openqa.selenium.remote.http.W3CHttpResponseCodec.createException(W3CHttpResponseCodec.java:187)
	at org.openqa.selenium.remote.http.W3CHttpResponseCodec.decode(W3CHttpResponseCodec.java:122)
	at org.openqa.selenium.remote.http.W3CHttpResponseCodec.decode(W3CHttpResponseCodec.java:49)
	at org.openqa.selenium.remote.HttpCommandExecutor.execute(HttpCommandExecutor.java:158)
	at org.openqa.selenium.remote.service.DriverCommandExecutor.execute(DriverCommandExecutor.java:83)
	at org.openqa.selenium.remote.RemoteWebDriver.execute(RemoteWebDriver.java:552)
	at com.kms.katalon.selenium.driver.CChromeDriver.execute(CChromeDriver.java:19)
	at org.openqa.selenium.remote.RemoteWebElement.execute(RemoteWebElement.java:285)
	at org.openqa.selenium.remote.RemoteWebElement.click(RemoteWebElement.java:84)
	at org.openqa.selenium.support.events.EventFiringWebDriver$EventFiringWebElement.lambda$new$0(EventFiringWebDriver.java:404)
	at com.sun.proxy.$Proxy11.click(Unknown Source)
	at org.openqa.selenium.support.events.EventFiringWebDriver$EventFiringWebElement.click(EventFiringWebDriver.java:417)
	at org.openqa.selenium.WebElement$click$0.call(Unknown Source)
	at com.kms.katalon.core.webui.keyword.builtin.ClickKeyword.clickUntilSuccessWithTimeout(ClickKeyword.groovy:81)
	at com.kms.katalon.core.webui.keyword.builtin.ClickKeyword.clickUntilSuccessWithTimeout(ClickKeyword.groovy)
	at com.kms.katalon.core.webui.keyword.builtin.ClickKeyword$_click_closure1.doCall(ClickKeyword.groovy:67)
	at com.kms.katalon.core.webui.keyword.builtin.ClickKeyword$_click_closure1.call(ClickKeyword.groovy)
	at com.kms.katalon.core.webui.keyword.internal.WebUIKeywordMain.runKeyword(WebUIKeywordMain.groovy:20)
	... 19 more
"/>
         <system-out><![CDATA[2021-12-17 18:11:16 - [TEST_CASE][FAILED] - Test Cases/1.1-Tareas Principales/1.4.1-Liquidacion_de_contrato: Test Cases/1.1-Tareas Principales/1.4.1-Liquidacion_de_contrato FAILED.
Reason:
com.kms.katalon.core.exception.StepFailedException: Unable to click on object 'Object Repository/Modulo Tarea Administracion Compensacion/Liquidar Conceptos y Variables/a_Regresar'
	at com.kms.katalon.core.webui.keyword.internal.WebUIKeywordMain.stepFailed(WebUIKeywordMain.groovy:64)
	at com.kms.katalon.core.webui.keyword.internal.WebUIKeywordMain.runKeyword(WebUIKeywordMain.groovy:26)
	at com.kms.katalon.core.webui.keyword.builtin.ClickKeyword.click(ClickKeyword.groovy:74)
	at com.kms.katalon.core.webui.keyword.builtin.ClickKeyword.execute(ClickKeyword.groovy:40)
	at com.kms.katalon.core.keyword.internal.KeywordExecutor.executeKeywordForPlatform(KeywordExecutor.groovy:74)
	at com.kms.katalon.core.webui.keyword.WebUiBuiltInKeywords.click(WebUiBuiltInKeywords.groovy:620)
	at com.kms.katalon.core.webui.keyword.WebUiBuiltInKeywords$click$5.call(Unknown Source)
	at 1.4.1-Liquidacion_de_contrato.run(1.4.1-Liquidacion_de_contrato:121)
	at com.kms.katalon.core.main.ScriptEngine.run(ScriptEngine.java:194)
	at com.kms.katalon.core.main.ScriptEngine.runScriptAsRawText(ScriptEngine.java:119)
	at com.kms.katalon.core.main.TestCaseExecutor.runScript(TestCaseExecutor.java:442)
	at com.kms.katalon.core.main.TestCaseExecutor.doExecute(TestCaseExecutor.java:433)
	at com.kms.katalon.core.main.TestCaseExecutor.processExecutionPhase(TestCaseExecutor.java:412)
	at com.kms.katalon.core.main.TestCaseExecutor.accessMainPhase(TestCaseExecutor.java:404)
	at com.kms.katalon.core.main.TestCaseExecutor.execute(TestCaseExecutor.java:281)
	at com.kms.katalon.core.main.TestSuiteExecutor.accessTestCaseMainPhase(TestSuiteExecutor.java:202)
	at com.kms.katalon.core.main.TestSuiteExecutor.accessTestSuiteMainPhase(TestSuiteExecutor.java:164)
	at com.kms.katalon.core.main.TestSuiteExecutor.execute(TestSuiteExecutor.java:105)
	at com.kms.katalon.core.main.TestCaseMain.startTestSuite(TestCaseMain.java:181)
	at com.kms.katalon.core.main.TestCaseMain$startTestSuite$0.call(Unknown Source)
	at TempTestSuite1639780222929.run(TempTestSuite1639780222929.groovy:36)
Caused by: org.openqa.selenium.ElementClickInterceptedException: element click intercepted: Element <a id="cancelacion_contrato:tab:j_idt6421" href="#" class="ui-commandlink ui-widget us-boton btn-regresar" onclick="PrimeFaces.ab({s:&quot;cancelacion_contrato:tab:j_idt6421&quot;,f:&quot;cancelacion_contrato&quot;,u:&quot;cancelacion_contrato&quot;});return false;">...</a> is not clickable at point (137, 597). Other element would receive the click: <div id="popupErrorDialog:dialog_popupFoto_modal" class="ui-widget-overlay ui-dialog-mask" style="z-index: 1065;"></div>
  (Session info: chrome=96.0.4664.110)
Build info: version: '3.141.59', revision: 'e82be7d358', time: '2018-11-14T08:25:53'
System info: host: 'US-AF-000371', ip: '192.168.56.1', os.name: 'Windows 10', os.arch: 'amd64', os.version: '10.0', java.version: '1.8.0_282'
Driver info: com.kms.katalon.selenium.driver.CChromeDriver
Capabilities {acceptInsecureCerts: false, browserName: chrome, browserVersion: 96.0.4664.110, chrome: {chromedriverVersion: 95.0.4638.17 (a9d0719444d4b..., userDataDir: C:\Users\DIEGO~1.ROJ\AppDat...}, goog:chromeOptions: {debuggerAddress: localhost:50746}, javascriptEnabled: true, networkConnectionEnabled: false, pageLoadStrategy: normal, platform: WINDOWS, platformName: WINDOWS, proxy: Proxy(), setWindowRect: true, strictFileInteractability: false, timeouts: {implicit: 0, pageLoad: 300000, script: 30000}, unhandledPromptBehavior: dismiss and notify, webauthn:extension:credBlob: true, webauthn:extension:largeBlob: true, webauthn:virtualAuthenticators: true}
Session ID: 26f81542acc8e51101a2bb8ec9850009
	at org.openqa.selenium.remote.http.W3CHttpResponseCodec.createException(W3CHttpResponseCodec.java:187)
	at org.openqa.selenium.remote.http.W3CHttpResponseCodec.decode(W3CHttpResponseCodec.java:122)
	at org.openqa.selenium.remote.http.W3CHttpResponseCodec.decode(W3CHttpResponseCodec.java:49)
	at org.openqa.selenium.remote.HttpCommandExecutor.execute(HttpCommandExecutor.java:158)
	at org.openqa.selenium.remote.service.DriverCommandExecutor.execute(DriverCommandExecutor.java:83)
	at org.openqa.selenium.remote.RemoteWebDriver.execute(RemoteWebDriver.java:552)
	at com.kms.katalon.selenium.driver.CChromeDriver.execute(CChromeDriver.java:19)
	at org.openqa.selenium.remote.RemoteWebElement.execute(RemoteWebElement.java:285)
	at org.openqa.selenium.remote.RemoteWebElement.click(RemoteWebElement.java:84)
	at org.openqa.selenium.support.events.EventFiringWebDriver$EventFiringWebElement.lambda$new$0(EventFiringWebDriver.java:404)
	at com.sun.proxy.$Proxy11.click(Unknown Source)
	at org.openqa.selenium.support.events.EventFiringWebDriver$EventFiringWebElement.click(EventFiringWebDriver.java:417)
	at org.openqa.selenium.WebElement$click$0.call(Unknown Source)
	at com.kms.katalon.core.webui.keyword.builtin.ClickKeyword.clickUntilSuccessWithTimeout(ClickKeyword.groovy:81)
	at com.kms.katalon.core.webui.keyword.builtin.ClickKeyword.clickUntilSuccessWithTimeout(ClickKeyword.groovy)
	at com.kms.katalon.core.webui.keyword.builtin.ClickKeyword$_click_closure1.doCall(ClickKeyword.groovy:67)
	at com.kms.katalon.core.webui.keyword.builtin.ClickKeyword$_click_closure1.call(ClickKeyword.groovy)
	at com.kms.katalon.core.webui.keyword.internal.WebUIKeywordMain.runKeyword(WebUIKeywordMain.groovy:20)
	... 19 more


2021-12-17 18:11:16 - [TEST_STEP][PASSED] - callTestCase(findTestCase("Hutilidades/Tareas Administracion Compensacion/Tarea Listado Empleados"), [:], STOP_ON_FAILURE): Call Test Case 'Test Cases/Hutilidades/Tareas Administracion Compensacion/Tarea Listado Empleados' successfully

2021-12-17 18:11:16 - [TEST_CASE][PASSED] - Test Cases/Hutilidades/Tareas Administracion Compensacion/Tarea Listado Empleados: Test Cases/Hutilidades/Tareas Administracion Compensacion/Tarea Listado Empleados

2021-12-17 18:11:16 - [TEST_STEP][PASSED] - callTestCase(findTestCase("0.1-Login"), [:], STOP_ON_FAILURE): Call Test Case 'Test Cases/0.1-Login' successfully

2021-12-17 18:11:16 - [TEST_CASE][PASSED] - Test Cases/0.1-Login: Test Cases/0.1-Login

2021-12-17 18:11:16 - [TEST_STEP][PASSED] - openBrowser(""): Browser is opened with url: ''

2021-12-17 18:11:16 - [MESSAGE][INFO] - Starting 'Chrome' driver

2021-12-17 18:11:16 - [MESSAGE][INFO] - Action delay is set to 0 milliseconds

2021-12-17 18:11:18 - [MESSAGE][PASSED] - Browser is opened with url: ''

2021-12-17 18:11:18 - [TEST_STEP][PASSED] - maximizeWindow(): Current window maximized

2021-12-17 18:11:18 - [MESSAGE][PASSED] - Current window maximized

2021-12-17 18:11:18 - [TEST_STEP][PASSED] - i = G_Login: null

2021-12-17 18:11:18 - [TEST_STEP][PASSED] - url = new java.net.URL(i): null

2021-12-17 18:11:18 - [TEST_STEP][PASSED] - println("URL: " + url.toString()): null

2021-12-17 18:11:18 - [TEST_STEP][PASSED] - connection = url.openConnection(): null

2021-12-17 18:11:18 - [TEST_STEP][PASSED] - connection.setRequestMethod("GET"): null

2021-12-17 18:11:18 - [TEST_STEP][PASSED] - connection.setReadTimeout(2 * 1000): null

2021-12-17 18:11:18 - [TEST_STEP][PASSED] - try: null

2021-12-17 18:11:18 - [TEST_STEP][PASSED] - connection.connect(): null

2021-12-17 18:11:18 - [TEST_STEP][PASSED] - flag = connected: null

2021-12-17 18:11:18 - [TEST_STEP][PASSED] - println("Valor_ori: " + flag): null

2021-12-17 18:11:18 - [TEST_STEP][PASSED] - if (flag): null

2021-12-17 18:11:18 - [TEST_STEP][PASSED] - navigateToUrl(i): Navigate to 'http://192.168.2.29:7001/saraweb' successfully

2021-12-17 18:11:22 - [MESSAGE][PASSED] - Navigate to 'http://192.168.2.29:7001/saraweb' successfully

2021-12-17 18:11:22 - [TEST_STEP][PASSED] - a(): null

2021-12-17 18:11:22 - [TEST_STEP][PASSED] - setText(findTestObject("Login/input_USUARIO_loginusuario"), G_Usuario): Text 'weblogic' is set on object 'Object Repository/Login/input_USUARIO_loginusuario'

2021-12-17 18:11:23 - [MESSAGE][PASSED] - Text 'weblogic' is set on object 'Object Repository/Login/input_USUARIO_loginusuario'

2021-12-17 18:11:23 - [TEST_STEP][PASSED] - setEncryptedText(findTestObject("Login/input_CLAVE_loginpassword"), "MkG4/TYiCFC3cb2driP7+Q=="): Text ****** has been set on object 'Object Repository/Login/input_CLAVE_loginpassword'

2021-12-17 18:11:23 - [MESSAGE][PASSED] - Text ****** has been set on object 'Object Repository/Login/input_CLAVE_loginpassword'

2021-12-17 18:11:23 - [TEST_STEP][PASSED] - waitForElementClickable(findTestObject("Login/a_Ingresar"), G_TimeOut): Object 'Object Repository/Login/a_Ingresar' is clickable

2021-12-17 18:11:24 - [MESSAGE][PASSED] - Object 'Object Repository/Login/a_Ingresar' is clickable

2021-12-17 18:11:24 - [TEST_STEP][PASSED] - click(findTestObject("Login/a_Ingresar")): Object: 'Object Repository/Login/a_Ingresar' is clicked on

2021-12-17 18:11:32 - [MESSAGE][PASSED] - Object: 'Object Repository/Login/a_Ingresar' is clicked on

2021-12-17 18:11:32 - [TEST_STEP][PASSED] - element = findWebElement(findTestObject("Login/a_Ir"), 30): null

2021-12-17 18:11:32 - [TEST_STEP][PASSED] - executeJavaScript("arguments[0].click()", Arrays.asList(element)): Execute JavaScript 'arguments[0].click()' successfully

2021-12-17 18:11:32 - [MESSAGE][PASSED] - Execute JavaScript 'arguments[0].click()' successfully

2021-12-17 18:11:32 - [MESSAGE][PASSED] - Call Test Case 'Test Cases/0.1-Login' successfully

2021-12-17 18:11:32 - [TEST_STEP][PASSED] - setText(findTestObject("Modulo Tarea Listado Hojas de Vida/Tareas Listado Hojas de Vida/input_Listado Hojas De Vida_form_templatej_idt24_input"), "Listado de Empleados"): Text 'Listado de Empleados' is set on object 'Object Repository/Modulo Tarea Listado Hojas de Vida/Tareas Listado Hojas de Vida/input_Listado Hojas De Vida_form_templatej_idt24_input'

2021-12-17 18:11:40 - [MESSAGE][PASSED] - Text 'Listado de Empleados' is set on object 'Object Repository/Modulo Tarea Listado Hojas de Vida/Tareas Listado Hojas de Vida/input_Listado Hojas De Vida_form_templatej_idt24_input'

2021-12-17 18:11:40 - [TEST_STEP][PASSED] - delay(3): Delayed 3 second(s)

2021-12-17 18:11:43 - [MESSAGE][PASSED] - Delayed 3 second(s)

2021-12-17 18:11:43 - [TEST_STEP][PASSED] - sendKeys(findTestObject("Modulo Tarea Listado Hojas de Vida/Tareas Listado Hojas de Vida/input_Listado Hojas De Vida_form_templatej_idt24_input"), Keys.chord(ENTER)): Keys 'ENTER + ' sent to object: 'Object Repository/Modulo Tarea Listado Hojas de Vida/Tareas Listado Hojas de Vida/input_Listado Hojas De Vida_form_templatej_idt24_input'

2021-12-17 18:11:43 - [MESSAGE][PASSED] - Keys 'ENTER + ' sent to object: 'Object Repository/Modulo Tarea Listado Hojas de Vida/Tareas Listado Hojas de Vida/input_Listado Hojas De Vida_form_templatej_idt24_input'

2021-12-17 18:11:43 - [MESSAGE][PASSED] - Call Test Case 'Test Cases/Hutilidades/Tareas Administracion Compensacion/Tarea Listado Empleados' successfully

2021-12-17 18:11:43 - [TEST_STEP][PASSED] - waitForElementClickable(findTestObject("Modulo Tarea Administracion Compensacion/Liquidar Conceptos y Variables/input_Identificacin_listadoEmp"), 0): Object 'Object Repository/Modulo Tarea Administracion Compensacion/Liquidar Conceptos y Variables/input_Identificacin_listadoEmp' is clickable

2021-12-17 18:11:43 - [MESSAGE][WARNING] - Timeout '0' is invalid. Using default page load timeout: '30'

2021-12-17 18:11:51 - [MESSAGE][PASSED] - Object 'Object Repository/Modulo Tarea Administracion Compensacion/Liquidar Conceptos y Variables/input_Identificacin_listadoEmp' is clickable

2021-12-17 18:11:51 - [TEST_STEP][PASSED] - setText(findTestObject("Modulo Tarea Administracion Compensacion/Liquidar Conceptos y Variables/input_Identificacin_listadoEmp"), "10154472"): Text '10154472' is set on object 'Object Repository/Modulo Tarea Administracion Compensacion/Liquidar Conceptos y Variables/input_Identificacin_listadoEmp'

2021-12-17 18:11:52 - [MESSAGE][PASSED] - Text '10154472' is set on object 'Object Repository/Modulo Tarea Administracion Compensacion/Liquidar Conceptos y Variables/input_Identificacin_listadoEmp'

2021-12-17 18:11:52 - [TEST_STEP][PASSED] - sendKeys(findTestObject("Modulo Tarea Administracion Compensacion/Liquidar Conceptos y Variables/input_Identificacin_listadoEmp"), Keys.chord(ENTER)): Keys 'ENTER + ' sent to object: 'Object Repository/Modulo Tarea Administracion Compensacion/Liquidar Conceptos y Variables/input_Identificacin_listadoEmp'

2021-12-17 18:11:53 - [MESSAGE][PASSED] - Keys 'ENTER + ' sent to object: 'Object Repository/Modulo Tarea Administracion Compensacion/Liquidar Conceptos y Variables/input_Identificacin_listadoEmp'

2021-12-17 18:11:53 - [TEST_STEP][PASSED] - waitForElementClickable(findTestObject("Modulo Tarea Administracion Compensacion/Liquidar Conceptos y Variables/span_CONSTA BELFEGORD JHON"), G_TimeOut): Object 'Object Repository/Modulo Tarea Administracion Compensacion/Liquidar Conceptos y Variables/span_CONSTA BELFEGORD JHON' is clickable

2021-12-17 18:11:54 - [MESSAGE][PASSED] - Object 'Object Repository/Modulo Tarea Administracion Compensacion/Liquidar Conceptos y Variables/span_CONSTA BELFEGORD JHON' is clickable

2021-12-17 18:11:54 - [TEST_STEP][PASSED] - click(findTestObject("Modulo Tarea Administracion Compensacion/Liquidar Conceptos y Variables/span_CONSTA BELFEGORD JHON")): Object: 'Object Repository/Modulo Tarea Administracion Compensacion/Liquidar Conceptos y Variables/span_CONSTA BELFEGORD JHON' is clicked on

2021-12-17 18:11:54 - [MESSAGE][PASSED] - Object: 'Object Repository/Modulo Tarea Administracion Compensacion/Liquidar Conceptos y Variables/span_CONSTA BELFEGORD JHON' is clicked on

2021-12-17 18:11:54 - [TEST_STEP][PASSED] - waitForElementClickable(findTestObject("Modulo Tarea Administracion Compensacion/Liquidar Conceptos y Variables/a_Terminar Contrato"), G_TimeOut): Object 'Object Repository/Modulo Tarea Administracion Compensacion/Liquidar Conceptos y Variables/a_Terminar Contrato' is clickable

2021-12-17 18:11:55 - [MESSAGE][PASSED] - Object 'Object Repository/Modulo Tarea Administracion Compensacion/Liquidar Conceptos y Variables/a_Terminar Contrato' is clickable

2021-12-17 18:11:55 - [TEST_STEP][PASSED] - click(findTestObject("Modulo Tarea Administracion Compensacion/Liquidar Conceptos y Variables/a_Terminar Contrato")): Object: 'Object Repository/Modulo Tarea Administracion Compensacion/Liquidar Conceptos y Variables/a_Terminar Contrato' is clicked on

2021-12-17 18:11:56 - [MESSAGE][PASSED] - Object: 'Object Repository/Modulo Tarea Administracion Compensacion/Liquidar Conceptos y Variables/a_Terminar Contrato' is clicked on

2021-12-17 18:11:56 - [TEST_STEP][PASSED] - waitForElementClickable(findTestObject("Modulo Tarea Administracion Compensacion/Liquidar Conceptos y Variables/span_Liquidar"), G_TimeOut): Object 'Object Repository/Modulo Tarea Administracion Compensacion/Liquidar Conceptos y Variables/span_Liquidar' is clickable

2021-12-17 18:11:57 - [MESSAGE][PASSED] - Object 'Object Repository/Modulo Tarea Administracion Compensacion/Liquidar Conceptos y Variables/span_Liquidar' is clickable

2021-12-17 18:11:57 - [TEST_STEP][PASSED] - click(findTestObject("Modulo Tarea Administracion Compensacion/Liquidar Conceptos y Variables/span_Liquidar")): Object: 'Object Repository/Modulo Tarea Administracion Compensacion/Liquidar Conceptos y Variables/span_Liquidar' is clicked on

2021-12-17 18:11:57 - [MESSAGE][PASSED] - Object: 'Object Repository/Modulo Tarea Administracion Compensacion/Liquidar Conceptos y Variables/span_Liquidar' is clicked on

2021-12-17 18:11:57 - [TEST_STEP][PASSED] - setText(findTestObject("Modulo Tarea Administracion Compensacion/Liquidar Conceptos y Variables/input_Fecha de Retiro_cancelac"), "31/07/2021"): Text '31/07/2021' is set on object 'Object Repository/Modulo Tarea Administracion Compensacion/Liquidar Conceptos y Variables/input_Fecha de Retiro_cancelac'

2021-12-17 18:11:59 - [MESSAGE][PASSED] - Text '31/07/2021' is set on object 'Object Repository/Modulo Tarea Administracion Compensacion/Liquidar Conceptos y Variables/input_Fecha de Retiro_cancelac'

2021-12-17 18:11:59 - [TEST_STEP][PASSED] - click(findTestObject("Modulo Tarea Administracion Compensacion/Liquidar Conceptos y Variables/span_Motivo de Retiro")): Object: 'Object Repository/Modulo Tarea Administracion Compensacion/Liquidar Conceptos y Variables/span_Motivo de Retiro' is clicked on

2021-12-17 18:11:59 - [MESSAGE][PASSED] - Object: 'Object Repository/Modulo Tarea Administracion Compensacion/Liquidar Conceptos y Variables/span_Motivo de Retiro' is clicked on

2021-12-17 18:11:59 - [TEST_STEP][PASSED] - selectOptionByIndex(findTestObject("Modulo Tarea Administracion Compensacion/Liquidar Conceptos y Variables/select_-- Seleccione --SUSTITU"), "1"): All options with index in [1] are selected on object 'Object Repository/Modulo Tarea Administracion Compensacion/Liquidar Conceptos y Variables/select_-- Seleccione --SUSTITU'

2021-12-17 18:12:00 - [MESSAGE][PASSED] - All options with index in [1] are selected on object 'Object Repository/Modulo Tarea Administracion Compensacion/Liquidar Conceptos y Variables/select_-- Seleccione --SUSTITU'

2021-12-17 18:12:00 - [TEST_STEP][PASSED] - selectOptionByIndex(findTestObject("Modulo Tarea Administracion Compensacion/Liquidar Conceptos y Variables/select_---SELECCIONE ---Direct"), "1"): All options with index in [1] are selected on object 'Object Repository/Modulo Tarea Administracion Compensacion/Liquidar Conceptos y Variables/select_---SELECCIONE ---Direct'

2021-12-17 18:12:02 - [MESSAGE][PASSED] - All options with index in [1] are selected on object 'Object Repository/Modulo Tarea Administracion Compensacion/Liquidar Conceptos y Variables/select_---SELECCIONE ---Direct'

2021-12-17 18:12:02 - [TEST_STEP][PASSED] - setText(findTestObject("Modulo Tarea Administracion Compensacion/Liquidar Conceptos y Variables/input_Fecha Pago_cancelacion_c"), "31/07/2021"): Text '31/07/2021' is set on object 'Object Repository/Modulo Tarea Administracion Compensacion/Liquidar Conceptos y Variables/input_Fecha Pago_cancelacion_c'

2021-12-17 18:12:03 - [MESSAGE][PASSED] - Text '31/07/2021' is set on object 'Object Repository/Modulo Tarea Administracion Compensacion/Liquidar Conceptos y Variables/input_Fecha Pago_cancelacion_c'

2021-12-17 18:12:03 - [TEST_STEP][PASSED] - click(findTestObject("Modulo Tarea Administracion Compensacion/Liquidar Conceptos y Variables/span_Calculo Nomina")): Object: 'Object Repository/Modulo Tarea Administracion Compensacion/Liquidar Conceptos y Variables/span_Calculo Nomina' is clicked on

2021-12-17 18:12:03 - [MESSAGE][PASSED] - Object: 'Object Repository/Modulo Tarea Administracion Compensacion/Liquidar Conceptos y Variables/span_Calculo Nomina' is clicked on

2021-12-17 18:12:03 - [TEST_STEP][PASSED] - click(findTestObject("Modulo Tarea Administracion Compensacion/Liquidar Conceptos y Variables/select_-- Seleccione --comprob")): Object: 'Object Repository/Modulo Tarea Administracion Compensacion/Liquidar Conceptos y Variables/select_-- Seleccione --comprob' is clicked on

2021-12-17 18:12:05 - [MESSAGE][PASSED] - Object: 'Object Repository/Modulo Tarea Administracion Compensacion/Liquidar Conceptos y Variables/select_-- Seleccione --comprob' is clicked on

2021-12-17 18:12:05 - [TEST_STEP][PASSED] - selectOptionByLabel(findTestObject("Modulo Tarea Administracion Compensacion/Liquidar Conceptos y Variables/select_-- Seleccione --comprob"), "comprobante planilla liquidacacion", false): All options with label 'comprobante planilla liquidacacion' are selected in object 'Object Repository/Modulo Tarea Administracion Compensacion/Liquidar Conceptos y Variables/select_-- Seleccione --comprob' 

2021-12-17 18:12:06 - [MESSAGE][PASSED] - All options with label 'comprobante planilla liquidacacion' are selected in object 'Object Repository/Modulo Tarea Administracion Compensacion/Liquidar Conceptos y Variables/select_-- Seleccione --comprob' 

2021-12-17 18:12:06 - [TEST_STEP][PASSED] - click(findTestObject("Modulo Tarea Administracion Compensacion/Liquidar Conceptos y Variables/a_Nuevo0")): Object: 'Object Repository/Modulo Tarea Administracion Compensacion/Liquidar Conceptos y Variables/a_Nuevo0' is clicked on

2021-12-17 18:12:06 - [MESSAGE][PASSED] - Object: 'Object Repository/Modulo Tarea Administracion Compensacion/Liquidar Conceptos y Variables/a_Nuevo0' is clicked on

2021-12-17 18:12:06 - [TEST_STEP][PASSED] - click(findTestObject("Modulo Tarea Administracion Compensacion/Liquidar Conceptos y Variables/span_SALARIO BASICO")): Object: 'Object Repository/Modulo Tarea Administracion Compensacion/Liquidar Conceptos y Variables/span_SALARIO BASICO' is clicked on

2021-12-17 18:12:07 - [MESSAGE][PASSED] - Object: 'Object Repository/Modulo Tarea Administracion Compensacion/Liquidar Conceptos y Variables/span_SALARIO BASICO' is clicked on

2021-12-17 18:12:07 - [TEST_STEP][PASSED] - click(findTestObject("Modulo Tarea Administracion Compensacion/Liquidar Conceptos y Variables/a_Guardar0")): Object: 'Object Repository/Modulo Tarea Administracion Compensacion/Liquidar Conceptos y Variables/a_Guardar0' is clicked on

2021-12-17 18:12:08 - [MESSAGE][PASSED] - Object: 'Object Repository/Modulo Tarea Administracion Compensacion/Liquidar Conceptos y Variables/a_Guardar0' is clicked on

2021-12-17 18:12:08 - [TEST_STEP][PASSED] - click(findTestObject("Modulo Tarea Administracion Compensacion/Liquidar Conceptos y Variables/a_Variable")): Object: 'Object Repository/Modulo Tarea Administracion Compensacion/Liquidar Conceptos y Variables/a_Variable' is clicked on

2021-12-17 18:12:09 - [MESSAGE][PASSED] - Object: 'Object Repository/Modulo Tarea Administracion Compensacion/Liquidar Conceptos y Variables/a_Variable' is clicked on

2021-12-17 18:12:09 - [TEST_STEP][PASSED] - click(findTestObject("Modulo Tarea Administracion Compensacion/Liquidar Conceptos y Variables/a_Nuevo_variable")): Object: 'Object Repository/Modulo Tarea Administracion Compensacion/Liquidar Conceptos y Variables/a_Nuevo_variable' is clicked on

2021-12-17 18:12:10 - [MESSAGE][PASSED] - Object: 'Object Repository/Modulo Tarea Administracion Compensacion/Liquidar Conceptos y Variables/a_Nuevo_variable' is clicked on

2021-12-17 18:12:10 - [TEST_STEP][PASSED] - click(findTestObject("Modulo Tarea Administracion Compensacion/Liquidar Conceptos y Variables/a_Variable_popupVariablaPeriodo_formj_idt777")): Object: 'Object Repository/Modulo Tarea Administracion Compensacion/Liquidar Conceptos y Variables/a_Variable_popupVariablaPeriodo_formj_idt777' is clicked on

2021-12-17 18:12:11 - [MESSAGE][PASSED] - Object: 'Object Repository/Modulo Tarea Administracion Compensacion/Liquidar Conceptos y Variables/a_Variable_popupVariablaPeriodo_formj_idt777' is clicked on

2021-12-17 18:12:11 - [TEST_STEP][PASSED] - click(findTestObject("Modulo Tarea Administracion Compensacion/Liquidar Conceptos y Variables/span_APLICA PAGO PRIMA VACACIONES")): Object: 'Object Repository/Modulo Tarea Administracion Compensacion/Liquidar Conceptos y Variables/span_APLICA PAGO PRIMA VACACIONES' is clicked on

2021-12-17 18:12:12 - [MESSAGE][PASSED] - Object: 'Object Repository/Modulo Tarea Administracion Compensacion/Liquidar Conceptos y Variables/span_APLICA PAGO PRIMA VACACIONES' is clicked on

2021-12-17 18:12:12 - [TEST_STEP][PASSED] - setText(findTestObject("Modulo Tarea Administracion Compensacion/Liquidar Conceptos y Variables/input_Valor_popupVariablaPeriodo_formvalorMostrar"), "200000"): Text '200000' is set on object 'Object Repository/Modulo Tarea Administracion Compensacion/Liquidar Conceptos y Variables/input_Valor_popupVariablaPeriodo_formvalorMostrar'

2021-12-17 18:12:13 - [MESSAGE][PASSED] - Text '200000' is set on object 'Object Repository/Modulo Tarea Administracion Compensacion/Liquidar Conceptos y Variables/input_Valor_popupVariablaPeriodo_formvalorMostrar'

2021-12-17 18:12:13 - [TEST_STEP][PASSED] - click(findTestObject("Modulo Tarea Administracion Compensacion/Liquidar Conceptos y Variables/a_Guardar1")): Object: 'Object Repository/Modulo Tarea Administracion Compensacion/Liquidar Conceptos y Variables/a_Guardar1' is clicked on

2021-12-17 18:12:13 - [MESSAGE][PASSED] - Object: 'Object Repository/Modulo Tarea Administracion Compensacion/Liquidar Conceptos y Variables/a_Guardar1' is clicked on

2021-12-17 18:12:13 - [TEST_STEP][PASSED] - click(findTestObject("Modulo Tarea Administracion Compensacion/Liquidar Conceptos y Variables/a_Novedad Fecha")): Object: 'Object Repository/Modulo Tarea Administracion Compensacion/Liquidar Conceptos y Variables/a_Novedad Fecha' is clicked on

2021-12-17 18:12:14 - [MESSAGE][PASSED] - Object: 'Object Repository/Modulo Tarea Administracion Compensacion/Liquidar Conceptos y Variables/a_Novedad Fecha' is clicked on

2021-12-17 18:12:14 - [TEST_STEP][PASSED] - click(findTestObject("Modulo Tarea Administracion Compensacion/Liquidar Conceptos y Variables/a_Nuevo1")): Object: 'Object Repository/Modulo Tarea Administracion Compensacion/Liquidar Conceptos y Variables/a_Nuevo1' is clicked on

2021-12-17 18:12:15 - [MESSAGE][PASSED] - Object: 'Object Repository/Modulo Tarea Administracion Compensacion/Liquidar Conceptos y Variables/a_Nuevo1' is clicked on

2021-12-17 18:12:15 - [TEST_STEP][PASSED] - click(findTestObject("Modulo Tarea Administracion Compensacion/Liquidar Conceptos y Variables/a_Variable_variableFechaPeriodo_formj_idt200")): Object: 'Object Repository/Modulo Tarea Administracion Compensacion/Liquidar Conceptos y Variables/a_Variable_variableFechaPeriodo_formj_idt200' is clicked on

2021-12-17 18:12:16 - [MESSAGE][PASSED] - Object: 'Object Repository/Modulo Tarea Administracion Compensacion/Liquidar Conceptos y Variables/a_Variable_variableFechaPeriodo_formj_idt200' is clicked on

2021-12-17 18:12:16 - [TEST_STEP][PASSED] - click(findTestObject("Modulo Tarea Administracion Compensacion/Liquidar Conceptos y Variables/span_FLEX - AUXILIO MONET")): Object: 'Object Repository/Modulo Tarea Administracion Compensacion/Liquidar Conceptos y Variables/span_FLEX - AUXILIO MONET' is clicked on

2021-12-17 18:12:17 - [MESSAGE][PASSED] - Object: 'Object Repository/Modulo Tarea Administracion Compensacion/Liquidar Conceptos y Variables/span_FLEX - AUXILIO MONET' is clicked on

2021-12-17 18:12:17 - [TEST_STEP][PASSED] - setText(findTestObject("Modulo Tarea Administracion Compensacion/Liquidar Conceptos y Variables/input_Base_variableFechaPeriodo_formcantidadFecha_input"), "01/06/2021"): Text '01/06/2021' is set on object 'Object Repository/Modulo Tarea Administracion Compensacion/Liquidar Conceptos y Variables/input_Base_variableFechaPeriodo_formcantidadFecha_input'

2021-12-17 18:12:19 - [MESSAGE][PASSED] - Text '01/06/2021' is set on object 'Object Repository/Modulo Tarea Administracion Compensacion/Liquidar Conceptos y Variables/input_Base_variableFechaPeriodo_formcantidadFecha_input'

2021-12-17 18:12:19 - [TEST_STEP][PASSED] - sendKeys(findTestObject("Modulo Tarea Administracion Compensacion/Liquidar Conceptos y Variables/input_Base_variableFechaPeriodo_formcantidadFecha_input"), Keys.chord(ESCAPE)): Keys 'ESCAPE + ' sent to object: 'Object Repository/Modulo Tarea Administracion Compensacion/Liquidar Conceptos y Variables/input_Base_variableFechaPeriodo_formcantidadFecha_input'

2021-12-17 18:12:19 - [MESSAGE][PASSED] - Keys 'ESCAPE + ' sent to object: 'Object Repository/Modulo Tarea Administracion Compensacion/Liquidar Conceptos y Variables/input_Base_variableFechaPeriodo_formcantidadFecha_input'

2021-12-17 18:12:19 - [TEST_STEP][PASSED] - setText(findTestObject("Modulo Tarea Administracion Compensacion/Liquidar Conceptos y Variables/input_Valor_variableFechaPeriodo_formvalor"), "100000"): Text '100000' is set on object 'Object Repository/Modulo Tarea Administracion Compensacion/Liquidar Conceptos y Variables/input_Valor_variableFechaPeriodo_formvalor'

2021-12-17 18:12:20 - [MESSAGE][PASSED] - Text '100000' is set on object 'Object Repository/Modulo Tarea Administracion Compensacion/Liquidar Conceptos y Variables/input_Valor_variableFechaPeriodo_formvalor'

2021-12-17 18:12:20 - [TEST_STEP][PASSED] - setText(findTestObject("Modulo Tarea Administracion Compensacion/Liquidar Conceptos y Variables/input_Presupuestal_variableFechaPeriodo_formpresupuestal"), "100000"): Text '100000' is set on object 'Object Repository/Modulo Tarea Administracion Compensacion/Liquidar Conceptos y Variables/input_Presupuestal_variableFechaPeriodo_formpresupuestal'

2021-12-17 18:12:21 - [MESSAGE][PASSED] - Text '100000' is set on object 'Object Repository/Modulo Tarea Administracion Compensacion/Liquidar Conceptos y Variables/input_Presupuestal_variableFechaPeriodo_formpresupuestal'

2021-12-17 18:12:21 - [TEST_STEP][PASSED] - setText(findTestObject("Modulo Tarea Administracion Compensacion/Liquidar Conceptos y Variables/textarea_Observacin_variableFechaPeriodo_formobservacion"), "pruebas k"): Text 'pruebas k' is set on object 'Object Repository/Modulo Tarea Administracion Compensacion/Liquidar Conceptos y Variables/textarea_Observacin_variableFechaPeriodo_formobservacion'

2021-12-17 18:12:22 - [MESSAGE][PASSED] - Text 'pruebas k' is set on object 'Object Repository/Modulo Tarea Administracion Compensacion/Liquidar Conceptos y Variables/textarea_Observacin_variableFechaPeriodo_formobservacion'

2021-12-17 18:12:22 - [TEST_STEP][PASSED] - click(findTestObject("Modulo Tarea Administracion Compensacion/Liquidar Conceptos y Variables/a_Guardar2")): Object: 'Object Repository/Modulo Tarea Administracion Compensacion/Liquidar Conceptos y Variables/a_Guardar2' is clicked on

2021-12-17 18:12:22 - [MESSAGE][PASSED] - Object: 'Object Repository/Modulo Tarea Administracion Compensacion/Liquidar Conceptos y Variables/a_Guardar2' is clicked on

2021-12-17 18:12:22 - [TEST_STEP][PASSED] - click(findTestObject("Modulo Tarea Administracion Compensacion/Liquidar Conceptos y Variables/a_Concepto")): Object: 'Object Repository/Modulo Tarea Administracion Compensacion/Liquidar Conceptos y Variables/a_Concepto' is clicked on

2021-12-17 18:12:23 - [MESSAGE][PASSED] - Object: 'Object Repository/Modulo Tarea Administracion Compensacion/Liquidar Conceptos y Variables/a_Concepto' is clicked on

2021-12-17 18:12:23 - [TEST_STEP][PASSED] - click(findTestObject("Modulo Tarea Administracion Compensacion/Liquidar Conceptos y Variables/a_Prestaciones Sociales")): Object: 'Object Repository/Modulo Tarea Administracion Compensacion/Liquidar Conceptos y Variables/a_Prestaciones Sociales' is clicked on

2021-12-17 18:12:24 - [MESSAGE][PASSED] - Object: 'Object Repository/Modulo Tarea Administracion Compensacion/Liquidar Conceptos y Variables/a_Prestaciones Sociales' is clicked on

2021-12-17 18:12:24 - [TEST_STEP][PASSED] - click(findTestObject("Modulo Tarea Administracion Compensacion/Liquidar Conceptos y Variables/span_Si")): Object: 'Object Repository/Modulo Tarea Administracion Compensacion/Liquidar Conceptos y Variables/span_Si' is clicked on

2021-12-17 18:12:24 - [MESSAGE][PASSED] - Object: 'Object Repository/Modulo Tarea Administracion Compensacion/Liquidar Conceptos y Variables/span_Si' is clicked on

2021-12-17 18:12:24 - [TEST_STEP][PASSED] - click(findTestObject("Modulo Tarea Administracion Compensacion/Liquidar Conceptos y Variables/a_Reporte")): Object: 'Object Repository/Modulo Tarea Administracion Compensacion/Liquidar Conceptos y Variables/a_Reporte' is clicked on

2021-12-17 18:12:25 - [MESSAGE][PASSED] - Object: 'Object Repository/Modulo Tarea Administracion Compensacion/Liquidar Conceptos y Variables/a_Reporte' is clicked on

2021-12-17 18:12:25 - [TEST_STEP][PASSED] - waitForElementPresent(findTestObject("Modulo Tarea Administracion Compensacion/Liquidar Conceptos y Variables/a_Regresar"), 0): Object 'Object Repository/Modulo Tarea Administracion Compensacion/Liquidar Conceptos y Variables/a_Regresar' is present

2021-12-17 18:12:26 - [MESSAGE][WARNING] - Timeout '0' is invalid. Using default page load timeout: '30'

2021-12-17 18:12:27 - [MESSAGE][PASSED] - Object 'Object Repository/Modulo Tarea Administracion Compensacion/Liquidar Conceptos y Variables/a_Regresar' is present

2021-12-17 18:12:27 - [TEST_STEP][FAILED] - click(findTestObject("Modulo Tarea Administracion Compensacion/Liquidar Conceptos y Variables/a_Regresar")): Unable to click on object 'Object Repository/Modulo Tarea Administracion Compensacion/Liquidar Conceptos y Variables/a_Regresar' (Root cause: com.kms.katalon.core.exception.StepFailedException: Unable to click on object 'Object Repository/Modulo Tarea Administracion Compensacion/Liquidar Conceptos y Variables/a_Regresar'
	at com.kms.katalon.core.webui.keyword.internal.WebUIKeywordMain.stepFailed(WebUIKeywordMain.groovy:64)
	at com.kms.katalon.core.webui.keyword.internal.WebUIKeywordMain.runKeyword(WebUIKeywordMain.groovy:26)
	at com.kms.katalon.core.webui.keyword.builtin.ClickKeyword.click(ClickKeyword.groovy:74)
	at com.kms.katalon.core.webui.keyword.builtin.ClickKeyword.execute(ClickKeyword.groovy:40)
	at com.kms.katalon.core.keyword.internal.KeywordExecutor.executeKeywordForPlatform(KeywordExecutor.groovy:74)
	at com.kms.katalon.core.webui.keyword.WebUiBuiltInKeywords.click(WebUiBuiltInKeywords.groovy:620)
	at com.kms.katalon.core.webui.keyword.WebUiBuiltInKeywords$click$5.call(Unknown Source)
	at 1.4.1-Liquidacion_de_contrato.run(1.4.1-Liquidacion_de_contrato:121)
	at com.kms.katalon.core.main.ScriptEngine.run(ScriptEngine.java:194)
	at com.kms.katalon.core.main.ScriptEngine.runScriptAsRawText(ScriptEngine.java:119)
	at com.kms.katalon.core.main.TestCaseExecutor.runScript(TestCaseExecutor.java:442)
	at com.kms.katalon.core.main.TestCaseExecutor.doExecute(TestCaseExecutor.java:433)
	at com.kms.katalon.core.main.TestCaseExecutor.processExecutionPhase(TestCaseExecutor.java:412)
	at com.kms.katalon.core.main.TestCaseExecutor.accessMainPhase(TestCaseExecutor.java:404)
	at com.kms.katalon.core.main.TestCaseExecutor.execute(TestCaseExecutor.java:281)
	at com.kms.katalon.core.main.TestSuiteExecutor.accessTestCaseMainPhase(TestSuiteExecutor.java:202)
	at com.kms.katalon.core.main.TestSuiteExecutor.accessTestSuiteMainPhase(TestSuiteExecutor.java:164)
	at com.kms.katalon.core.main.TestSuiteExecutor.execute(TestSuiteExecutor.java:105)
	at com.kms.katalon.core.main.TestCaseMain.startTestSuite(TestCaseMain.java:181)
	at com.kms.katalon.core.main.TestCaseMain$startTestSuite$0.call(Unknown Source)
	at TempTestSuite1639780222929.run(TempTestSuite1639780222929.groovy:36)
Caused by: org.openqa.selenium.ElementClickInterceptedException: element click intercepted: Element <a id="cancelacion_contrato:tab:j_idt6421" href="#" class="ui-commandlink ui-widget us-boton btn-regresar" onclick="PrimeFaces.ab({s:&quot;cancelacion_contrato:tab:j_idt6421&quot;,f:&quot;cancelacion_contrato&quot;,u:&quot;cancelacion_contrato&quot;});return false;">...</a> is not clickable at point (137, 597). Other element would receive the click: <div id="popupErrorDialog:dialog_popupFoto_modal" class="ui-widget-overlay ui-dialog-mask" style="z-index: 1065;"></div>
  (Session info: chrome=96.0.4664.110)
Build info: version: '3.141.59', revision: 'e82be7d358', time: '2018-11-14T08:25:53'
System info: host: 'US-AF-000371', ip: '192.168.56.1', os.name: 'Windows 10', os.arch: 'amd64', os.version: '10.0', java.version: '1.8.0_282'
Driver info: com.kms.katalon.selenium.driver.CChromeDriver
Capabilities {acceptInsecureCerts: false, browserName: chrome, browserVersion: 96.0.4664.110, chrome: {chromedriverVersion: 95.0.4638.17 (a9d0719444d4b..., userDataDir: C:\Users\DIEGO~1.ROJ\AppDat...}, goog:chromeOptions: {debuggerAddress: localhost:50746}, javascriptEnabled: true, networkConnectionEnabled: false, pageLoadStrategy: normal, platform: WINDOWS, platformName: WINDOWS, proxy: Proxy(), setWindowRect: true, strictFileInteractability: false, timeouts: {implicit: 0, pageLoad: 300000, script: 30000}, unhandledPromptBehavior: dismiss and notify, webauthn:extension:credBlob: true, webauthn:extension:largeBlob: true, webauthn:virtualAuthenticators: true}
Session ID: 26f81542acc8e51101a2bb8ec9850009
	at org.openqa.selenium.remote.http.W3CHttpResponseCodec.createException(W3CHttpResponseCodec.java:187)
	at org.openqa.selenium.remote.http.W3CHttpResponseCodec.decode(W3CHttpResponseCodec.java:122)
	at org.openqa.selenium.remote.http.W3CHttpResponseCodec.decode(W3CHttpResponseCodec.java:49)
	at org.openqa.selenium.remote.HttpCommandExecutor.execute(HttpCommandExecutor.java:158)
	at org.openqa.selenium.remote.service.DriverCommandExecutor.execute(DriverCommandExecutor.java:83)
	at org.openqa.selenium.remote.RemoteWebDriver.execute(RemoteWebDriver.java:552)
	at com.kms.katalon.selenium.driver.CChromeDriver.execute(CChromeDriver.java:19)
	at org.openqa.selenium.remote.RemoteWebElement.execute(RemoteWebElement.java:285)
	at org.openqa.selenium.remote.RemoteWebElement.click(RemoteWebElement.java:84)
	at org.openqa.selenium.support.events.EventFiringWebDriver$EventFiringWebElement.lambda$new$0(EventFiringWebDriver.java:404)
	at com.sun.proxy.$Proxy11.click(Unknown Source)
	at org.openqa.selenium.support.events.EventFiringWebDriver$EventFiringWebElement.click(EventFiringWebDriver.java:417)
	at org.openqa.selenium.WebElement$click$0.call(Unknown Source)
	at com.kms.katalon.core.webui.keyword.builtin.ClickKeyword.clickUntilSuccessWithTimeout(ClickKeyword.groovy:81)
	at com.kms.katalon.core.webui.keyword.builtin.ClickKeyword.clickUntilSuccessWithTimeout(ClickKeyword.groovy)
	at com.kms.katalon.core.webui.keyword.builtin.ClickKeyword$_click_closure1.doCall(ClickKeyword.groovy:67)
	at com.kms.katalon.core.webui.keyword.builtin.ClickKeyword$_click_closure1.call(ClickKeyword.groovy)
	at com.kms.katalon.core.webui.keyword.internal.WebUIKeywordMain.runKeyword(WebUIKeywordMain.groovy:20)
	at com.kms.katalon.core.webui.keyword.builtin.ClickKeyword.click(ClickKeyword.groovy:74)
	at com.kms.katalon.core.webui.keyword.builtin.ClickKeyword.execute(ClickKeyword.groovy:40)
	at com.kms.katalon.core.keyword.internal.KeywordExecutor.executeKeywordForPlatform(KeywordExecutor.groovy:74)
	at com.kms.katalon.core.webui.keyword.WebUiBuiltInKeywords.click(WebUiBuiltInKeywords.groovy:620)
	at com.kms.katalon.core.webui.keyword.WebUiBuiltInKeywords$click$5.call(Unknown Source)
	at Script1639163309912.run(Script1639163309912.groovy:121)
	... 13 more
)

2021-12-17 18:13:00 - [MESSAGE][FAILED] - Unable to click on object 'Object Repository/Modulo Tarea Administracion Compensacion/Liquidar Conceptos y Variables/a_Regresar' (Root cause: com.kms.katalon.core.exception.StepFailedException: Unable to click on object 'Object Repository/Modulo Tarea Administracion Compensacion/Liquidar Conceptos y Variables/a_Regresar'
	at com.kms.katalon.core.webui.keyword.internal.WebUIKeywordMain.stepFailed(WebUIKeywordMain.groovy:64)
	at com.kms.katalon.core.webui.keyword.internal.WebUIKeywordMain.runKeyword(WebUIKeywordMain.groovy:26)
	at com.kms.katalon.core.webui.keyword.builtin.ClickKeyword.click(ClickKeyword.groovy:74)
	at com.kms.katalon.core.webui.keyword.builtin.ClickKeyword.execute(ClickKeyword.groovy:40)
	at com.kms.katalon.core.keyword.internal.KeywordExecutor.executeKeywordForPlatform(KeywordExecutor.groovy:74)
	at com.kms.katalon.core.webui.keyword.WebUiBuiltInKeywords.click(WebUiBuiltInKeywords.groovy:620)
	at com.kms.katalon.core.webui.keyword.WebUiBuiltInKeywords$click$5.call(Unknown Source)
	at 1.4.1-Liquidacion_de_contrato.run(1.4.1-Liquidacion_de_contrato:121)
	at com.kms.katalon.core.main.ScriptEngine.run(ScriptEngine.java:194)
	at com.kms.katalon.core.main.ScriptEngine.runScriptAsRawText(ScriptEngine.java:119)
	at com.kms.katalon.core.main.TestCaseExecutor.runScript(TestCaseExecutor.java:442)
	at com.kms.katalon.core.main.TestCaseExecutor.doExecute(TestCaseExecutor.java:433)
	at com.kms.katalon.core.main.TestCaseExecutor.processExecutionPhase(TestCaseExecutor.java:412)
	at com.kms.katalon.core.main.TestCaseExecutor.accessMainPhase(TestCaseExecutor.java:404)
	at com.kms.katalon.core.main.TestCaseExecutor.execute(TestCaseExecutor.java:281)
	at com.kms.katalon.core.main.TestSuiteExecutor.accessTestCaseMainPhase(TestSuiteExecutor.java:202)
	at com.kms.katalon.core.main.TestSuiteExecutor.accessTestSuiteMainPhase(TestSuiteExecutor.java:164)
	at com.kms.katalon.core.main.TestSuiteExecutor.execute(TestSuiteExecutor.java:105)
	at com.kms.katalon.core.main.TestCaseMain.startTestSuite(TestCaseMain.java:181)
	at com.kms.katalon.core.main.TestCaseMain$startTestSuite$0.call(Unknown Source)
	at TempTestSuite1639780222929.run(TempTestSuite1639780222929.groovy:36)
Caused by: org.openqa.selenium.ElementClickInterceptedException: element click intercepted: Element <a id="cancelacion_contrato:tab:j_idt6421" href="#" class="ui-commandlink ui-widget us-boton btn-regresar" onclick="PrimeFaces.ab({s:&quot;cancelacion_contrato:tab:j_idt6421&quot;,f:&quot;cancelacion_contrato&quot;,u:&quot;cancelacion_contrato&quot;});return false;">...</a> is not clickable at point (137, 597). Other element would receive the click: <div id="popupErrorDialog:dialog_popupFoto_modal" class="ui-widget-overlay ui-dialog-mask" style="z-index: 1065;"></div>
  (Session info: chrome=96.0.4664.110)
Build info: version: '3.141.59', revision: 'e82be7d358', time: '2018-11-14T08:25:53'
System info: host: 'US-AF-000371', ip: '192.168.56.1', os.name: 'Windows 10', os.arch: 'amd64', os.version: '10.0', java.version: '1.8.0_282'
Driver info: com.kms.katalon.selenium.driver.CChromeDriver
Capabilities {acceptInsecureCerts: false, browserName: chrome, browserVersion: 96.0.4664.110, chrome: {chromedriverVersion: 95.0.4638.17 (a9d0719444d4b..., userDataDir: C:\Users\DIEGO~1.ROJ\AppDat...}, goog:chromeOptions: {debuggerAddress: localhost:50746}, javascriptEnabled: true, networkConnectionEnabled: false, pageLoadStrategy: normal, platform: WINDOWS, platformName: WINDOWS, proxy: Proxy(), setWindowRect: true, strictFileInteractability: false, timeouts: {implicit: 0, pageLoad: 300000, script: 30000}, unhandledPromptBehavior: dismiss and notify, webauthn:extension:credBlob: true, webauthn:extension:largeBlob: true, webauthn:virtualAuthenticators: true}
Session ID: 26f81542acc8e51101a2bb8ec9850009
	at org.openqa.selenium.remote.http.W3CHttpResponseCodec.createException(W3CHttpResponseCodec.java:187)
	at org.openqa.selenium.remote.http.W3CHttpResponseCodec.decode(W3CHttpResponseCodec.java:122)
	at org.openqa.selenium.remote.http.W3CHttpResponseCodec.decode(W3CHttpResponseCodec.java:49)
	at org.openqa.selenium.remote.HttpCommandExecutor.execute(HttpCommandExecutor.java:158)
	at org.openqa.selenium.remote.service.DriverCommandExecutor.execute(DriverCommandExecutor.java:83)
	at org.openqa.selenium.remote.RemoteWebDriver.execute(RemoteWebDriver.java:552)
	at com.kms.katalon.selenium.driver.CChromeDriver.execute(CChromeDriver.java:19)
	at org.openqa.selenium.remote.RemoteWebElement.execute(RemoteWebElement.java:285)
	at org.openqa.selenium.remote.RemoteWebElement.click(RemoteWebElement.java:84)
	at org.openqa.selenium.support.events.EventFiringWebDriver$EventFiringWebElement.lambda$new$0(EventFiringWebDriver.java:404)
	at com.sun.proxy.$Proxy11.click(Unknown Source)
	at org.openqa.selenium.support.events.EventFiringWebDriver$EventFiringWebElement.click(EventFiringWebDriver.java:417)
	at org.openqa.selenium.WebElement$click$0.call(Unknown Source)
	at com.kms.katalon.core.webui.keyword.builtin.ClickKeyword.clickUntilSuccessWithTimeout(ClickKeyword.groovy:81)
	at com.kms.katalon.core.webui.keyword.builtin.ClickKeyword.clickUntilSuccessWithTimeout(ClickKeyword.groovy)
	at com.kms.katalon.core.webui.keyword.builtin.ClickKeyword$_click_closure1.doCall(ClickKeyword.groovy:67)
	at com.kms.katalon.core.webui.keyword.builtin.ClickKeyword$_click_closure1.call(ClickKeyword.groovy)
	at com.kms.katalon.core.webui.keyword.internal.WebUIKeywordMain.runKeyword(WebUIKeywordMain.groovy:20)
	at com.kms.katalon.core.webui.keyword.builtin.ClickKeyword.click(ClickKeyword.groovy:74)
	at com.kms.katalon.core.webui.keyword.builtin.ClickKeyword.execute(ClickKeyword.groovy:40)
	at com.kms.katalon.core.keyword.internal.KeywordExecutor.executeKeywordForPlatform(KeywordExecutor.groovy:74)
	at com.kms.katalon.core.webui.keyword.WebUiBuiltInKeywords.click(WebUiBuiltInKeywords.groovy:620)
	at com.kms.katalon.core.webui.keyword.WebUiBuiltInKeywords$click$5.call(Unknown Source)
	at Script1639163309912.run(Script1639163309912.groovy:121)
	... 13 more
)
[[ATTACHMENT|C:\\Users\\diego.rojas\\git\\Pruebas-Minimas\\Reports\\20211217_173017\\1-Tareas Principales\\20211217_173022\\1639782780162.png]]]]></system-out>
         <system-err><![CDATA[2021-12-17 18:11:16 - [TEST_CASE][FAILED] - Test Cases/1.1-Tareas Principales/1.4.1-Liquidacion_de_contrato: Test Cases/1.1-Tareas Principales/1.4.1-Liquidacion_de_contrato FAILED.
Reason:
com.kms.katalon.core.exception.StepFailedException: Unable to click on object 'Object Repository/Modulo Tarea Administracion Compensacion/Liquidar Conceptos y Variables/a_Regresar'
	at com.kms.katalon.core.webui.keyword.internal.WebUIKeywordMain.stepFailed(WebUIKeywordMain.groovy:64)
	at com.kms.katalon.core.webui.keyword.internal.WebUIKeywordMain.runKeyword(WebUIKeywordMain.groovy:26)
	at com.kms.katalon.core.webui.keyword.builtin.ClickKeyword.click(ClickKeyword.groovy:74)
	at com.kms.katalon.core.webui.keyword.builtin.ClickKeyword.execute(ClickKeyword.groovy:40)
	at com.kms.katalon.core.keyword.internal.KeywordExecutor.executeKeywordForPlatform(KeywordExecutor.groovy:74)
	at com.kms.katalon.core.webui.keyword.WebUiBuiltInKeywords.click(WebUiBuiltInKeywords.groovy:620)
	at com.kms.katalon.core.webui.keyword.WebUiBuiltInKeywords$click$5.call(Unknown Source)
	at 1.4.1-Liquidacion_de_contrato.run(1.4.1-Liquidacion_de_contrato:121)
	at com.kms.katalon.core.main.ScriptEngine.run(ScriptEngine.java:194)
	at com.kms.katalon.core.main.ScriptEngine.runScriptAsRawText(ScriptEngine.java:119)
	at com.kms.katalon.core.main.TestCaseExecutor.runScript(TestCaseExecutor.java:442)
	at com.kms.katalon.core.main.TestCaseExecutor.doExecute(TestCaseExecutor.java:433)
	at com.kms.katalon.core.main.TestCaseExecutor.processExecutionPhase(TestCaseExecutor.java:412)
	at com.kms.katalon.core.main.TestCaseExecutor.accessMainPhase(TestCaseExecutor.java:404)
	at com.kms.katalon.core.main.TestCaseExecutor.execute(TestCaseExecutor.java:281)
	at com.kms.katalon.core.main.TestSuiteExecutor.accessTestCaseMainPhase(TestSuiteExecutor.java:202)
	at com.kms.katalon.core.main.TestSuiteExecutor.accessTestSuiteMainPhase(TestSuiteExecutor.java:164)
	at com.kms.katalon.core.main.TestSuiteExecutor.execute(TestSuiteExecutor.java:105)
	at com.kms.katalon.core.main.TestCaseMain.startTestSuite(TestCaseMain.java:181)
	at com.kms.katalon.core.main.TestCaseMain$startTestSuite$0.call(Unknown Source)
	at TempTestSuite1639780222929.run(TempTestSuite1639780222929.groovy:36)
Caused by: org.openqa.selenium.ElementClickInterceptedException: element click intercepted: Element <a id="cancelacion_contrato:tab:j_idt6421" href="#" class="ui-commandlink ui-widget us-boton btn-regresar" onclick="PrimeFaces.ab({s:&quot;cancelacion_contrato:tab:j_idt6421&quot;,f:&quot;cancelacion_contrato&quot;,u:&quot;cancelacion_contrato&quot;});return false;">...</a> is not clickable at point (137, 597). Other element would receive the click: <div id="popupErrorDialog:dialog_popupFoto_modal" class="ui-widget-overlay ui-dialog-mask" style="z-index: 1065;"></div>
  (Session info: chrome=96.0.4664.110)
Build info: version: '3.141.59', revision: 'e82be7d358', time: '2018-11-14T08:25:53'
System info: host: 'US-AF-000371', ip: '192.168.56.1', os.name: 'Windows 10', os.arch: 'amd64', os.version: '10.0', java.version: '1.8.0_282'
Driver info: com.kms.katalon.selenium.driver.CChromeDriver
Capabilities {acceptInsecureCerts: false, browserName: chrome, browserVersion: 96.0.4664.110, chrome: {chromedriverVersion: 95.0.4638.17 (a9d0719444d4b..., userDataDir: C:\Users\DIEGO~1.ROJ\AppDat...}, goog:chromeOptions: {debuggerAddress: localhost:50746}, javascriptEnabled: true, networkConnectionEnabled: false, pageLoadStrategy: normal, platform: WINDOWS, platformName: WINDOWS, proxy: Proxy(), setWindowRect: true, strictFileInteractability: false, timeouts: {implicit: 0, pageLoad: 300000, script: 30000}, unhandledPromptBehavior: dismiss and notify, webauthn:extension:credBlob: true, webauthn:extension:largeBlob: true, webauthn:virtualAuthenticators: true}
Session ID: 26f81542acc8e51101a2bb8ec9850009
	at org.openqa.selenium.remote.http.W3CHttpResponseCodec.createException(W3CHttpResponseCodec.java:187)
	at org.openqa.selenium.remote.http.W3CHttpResponseCodec.decode(W3CHttpResponseCodec.java:122)
	at org.openqa.selenium.remote.http.W3CHttpResponseCodec.decode(W3CHttpResponseCodec.java:49)
	at org.openqa.selenium.remote.HttpCommandExecutor.execute(HttpCommandExecutor.java:158)
	at org.openqa.selenium.remote.service.DriverCommandExecutor.execute(DriverCommandExecutor.java:83)
	at org.openqa.selenium.remote.RemoteWebDriver.execute(RemoteWebDriver.java:552)
	at com.kms.katalon.selenium.driver.CChromeDriver.execute(CChromeDriver.java:19)
	at org.openqa.selenium.remote.RemoteWebElement.execute(RemoteWebElement.java:285)
	at org.openqa.selenium.remote.RemoteWebElement.click(RemoteWebElement.java:84)
	at org.openqa.selenium.support.events.EventFiringWebDriver$EventFiringWebElement.lambda$new$0(EventFiringWebDriver.java:404)
	at com.sun.proxy.$Proxy11.click(Unknown Source)
	at org.openqa.selenium.support.events.EventFiringWebDriver$EventFiringWebElement.click(EventFiringWebDriver.java:417)
	at org.openqa.selenium.WebElement$click$0.call(Unknown Source)
	at com.kms.katalon.core.webui.keyword.builtin.ClickKeyword.clickUntilSuccessWithTimeout(ClickKeyword.groovy:81)
	at com.kms.katalon.core.webui.keyword.builtin.ClickKeyword.clickUntilSuccessWithTimeout(ClickKeyword.groovy)
	at com.kms.katalon.core.webui.keyword.builtin.ClickKeyword$_click_closure1.doCall(ClickKeyword.groovy:67)
	at com.kms.katalon.core.webui.keyword.builtin.ClickKeyword$_click_closure1.call(ClickKeyword.groovy)
	at com.kms.katalon.core.webui.keyword.internal.WebUIKeywordMain.runKeyword(WebUIKeywordMain.groovy:20)
	... 19 more]]></system-err>
      </testcase>
      <testcase name="Test Cases/1.1-Tareas Principales/1.4.2-Acto Retiro Empleado" time="53.707" classname="Test Cases/1.1-Tareas Principales/1.4.2-Acto Retiro Empleado" status="PASSED">
         <system-out><![CDATA[2021-12-17 18:13:00 - [TEST_CASE][PASSED] - Test Cases/1.1-Tareas Principales/1.4.2-Acto Retiro Empleado: Test Cases/1.1-Tareas Principales/1.4.2-Acto Retiro Empleado

2021-12-17 18:13:00 - [TEST_STEP][PASSED] - callTestCase(findTestCase("Hutilidades/Tareas Actos Administrativos/Tarea Actos Administrativos"), [:], STOP_ON_FAILURE): Call Test Case 'Test Cases/Hutilidades/Tareas Actos Administrativos/Tarea Actos Administrativos' successfully

2021-12-17 18:13:00 - [TEST_CASE][PASSED] - Test Cases/Hutilidades/Tareas Actos Administrativos/Tarea Actos Administrativos: Test Cases/Hutilidades/Tareas Actos Administrativos/Tarea Actos Administrativos

2021-12-17 18:13:00 - [TEST_STEP][PASSED] - callTestCase(findTestCase("0.1-Login"), [:], STOP_ON_FAILURE): Call Test Case 'Test Cases/0.1-Login' successfully

2021-12-17 18:13:00 - [TEST_CASE][PASSED] - Test Cases/0.1-Login: Test Cases/0.1-Login

2021-12-17 18:13:00 - [TEST_STEP][PASSED] - openBrowser(""): Browser is opened with url: ''

2021-12-17 18:13:00 - [MESSAGE][WARNING] - A browser is already opened. Closing browser and opening a new one

2021-12-17 18:13:01 - [MESSAGE][INFO] - Starting 'Chrome' driver

2021-12-17 18:13:01 - [MESSAGE][INFO] - Action delay is set to 0 milliseconds

2021-12-17 18:13:02 - [MESSAGE][PASSED] - Browser is opened with url: ''

2021-12-17 18:13:02 - [TEST_STEP][PASSED] - maximizeWindow(): Current window maximized

2021-12-17 18:13:03 - [MESSAGE][PASSED] - Current window maximized

2021-12-17 18:13:03 - [TEST_STEP][PASSED] - i = G_Login: null

2021-12-17 18:13:03 - [TEST_STEP][PASSED] - url = new java.net.URL(i): null

2021-12-17 18:13:03 - [TEST_STEP][PASSED] - println("URL: " + url.toString()): null

2021-12-17 18:13:03 - [TEST_STEP][PASSED] - connection = url.openConnection(): null

2021-12-17 18:13:03 - [TEST_STEP][PASSED] - connection.setRequestMethod("GET"): null

2021-12-17 18:13:03 - [TEST_STEP][PASSED] - connection.setReadTimeout(2 * 1000): null

2021-12-17 18:13:03 - [TEST_STEP][PASSED] - try: null

2021-12-17 18:13:03 - [TEST_STEP][PASSED] - connection.connect(): null

2021-12-17 18:13:03 - [TEST_STEP][PASSED] - flag = connected: null

2021-12-17 18:13:03 - [TEST_STEP][PASSED] - println("Valor_ori: " + flag): null

2021-12-17 18:13:03 - [TEST_STEP][PASSED] - if (flag): null

2021-12-17 18:13:03 - [TEST_STEP][PASSED] - navigateToUrl(i): Navigate to 'http://192.168.2.29:7001/saraweb' successfully

2021-12-17 18:13:07 - [MESSAGE][PASSED] - Navigate to 'http://192.168.2.29:7001/saraweb' successfully

2021-12-17 18:13:07 - [TEST_STEP][PASSED] - a(): null

2021-12-17 18:13:07 - [TEST_STEP][PASSED] - setText(findTestObject("Login/input_USUARIO_loginusuario"), G_Usuario): Text 'weblogic' is set on object 'Object Repository/Login/input_USUARIO_loginusuario'

2021-12-17 18:13:08 - [MESSAGE][PASSED] - Text 'weblogic' is set on object 'Object Repository/Login/input_USUARIO_loginusuario'

2021-12-17 18:13:08 - [TEST_STEP][PASSED] - setEncryptedText(findTestObject("Login/input_CLAVE_loginpassword"), "MkG4/TYiCFC3cb2driP7+Q=="): Text ****** has been set on object 'Object Repository/Login/input_CLAVE_loginpassword'

2021-12-17 18:13:09 - [MESSAGE][PASSED] - Text ****** has been set on object 'Object Repository/Login/input_CLAVE_loginpassword'

2021-12-17 18:13:09 - [TEST_STEP][PASSED] - waitForElementClickable(findTestObject("Login/a_Ingresar"), G_TimeOut): Object 'Object Repository/Login/a_Ingresar' is clickable

2021-12-17 18:13:09 - [MESSAGE][PASSED] - Object 'Object Repository/Login/a_Ingresar' is clickable

2021-12-17 18:13:09 - [TEST_STEP][PASSED] - click(findTestObject("Login/a_Ingresar")): Object: 'Object Repository/Login/a_Ingresar' is clicked on

2021-12-17 18:13:18 - [MESSAGE][PASSED] - Object: 'Object Repository/Login/a_Ingresar' is clicked on

2021-12-17 18:13:18 - [TEST_STEP][PASSED] - element = findWebElement(findTestObject("Login/a_Ir"), 30): null

2021-12-17 18:13:18 - [TEST_STEP][PASSED] - executeJavaScript("arguments[0].click()", Arrays.asList(element)): Execute JavaScript 'arguments[0].click()' successfully

2021-12-17 18:13:18 - [MESSAGE][PASSED] - Execute JavaScript 'arguments[0].click()' successfully

2021-12-17 18:13:18 - [MESSAGE][PASSED] - Call Test Case 'Test Cases/0.1-Login' successfully

2021-12-17 18:13:18 - [TEST_STEP][PASSED] - waitForElementClickable(findTestObject("Modulo Tarea Actos Administrativos/Tarea Actos Administrativos/input_ADMINISTRADOR DEL SISTEMA"), G_TimeOut): Object 'Object Repository/Modulo Tarea Actos Administrativos/Tarea Actos Administrativos/input_ADMINISTRADOR DEL SISTEMA' is clickable

2021-12-17 18:13:26 - [MESSAGE][PASSED] - Object 'Object Repository/Modulo Tarea Actos Administrativos/Tarea Actos Administrativos/input_ADMINISTRADOR DEL SISTEMA' is clickable

2021-12-17 18:13:26 - [TEST_STEP][PASSED] - setText(findTestObject("Modulo Tarea Actos Administrativos/Tarea Actos Administrativos/input_ADMINISTRADOR DEL SISTEMA"), "Actos Administrativos"): Text 'Actos Administrativos' is set on object 'Object Repository/Modulo Tarea Actos Administrativos/Tarea Actos Administrativos/input_ADMINISTRADOR DEL SISTEMA'

2021-12-17 18:13:26 - [MESSAGE][PASSED] - Text 'Actos Administrativos' is set on object 'Object Repository/Modulo Tarea Actos Administrativos/Tarea Actos Administrativos/input_ADMINISTRADOR DEL SISTEMA'

2021-12-17 18:13:26 - [TEST_STEP][PASSED] - delay(3): Delayed 3 second(s)

2021-12-17 18:13:29 - [MESSAGE][PASSED] - Delayed 3 second(s)

2021-12-17 18:13:29 - [TEST_STEP][PASSED] - sendKeys(findTestObject("Modulo Tarea Actos Administrativos/Tarea Actos Administrativos/input_ADMINISTRADOR DEL SISTEMA"), Keys.chord(ENTER)): Keys 'ENTER + ' sent to object: 'Object Repository/Modulo Tarea Actos Administrativos/Tarea Actos Administrativos/input_ADMINISTRADOR DEL SISTEMA'

2021-12-17 18:13:30 - [MESSAGE][PASSED] - Keys 'ENTER + ' sent to object: 'Object Repository/Modulo Tarea Actos Administrativos/Tarea Actos Administrativos/input_ADMINISTRADOR DEL SISTEMA'

2021-12-17 18:13:30 - [MESSAGE][PASSED] - Call Test Case 'Test Cases/Hutilidades/Tareas Actos Administrativos/Tarea Actos Administrativos' successfully

2021-12-17 18:13:30 - [TEST_STEP][PASSED] - waitForElementClickable(findTestObject("Modulo Tarea Actos Administrativos/Acto Retiro Empleado/i_Acto Movimento de planta_gly"), G_TimeOut): Object 'Object Repository/Modulo Tarea Actos Administrativos/Acto Retiro Empleado/i_Acto Movimento de planta_gly' is clickable

2021-12-17 18:13:38 - [MESSAGE][PASSED] - Object 'Object Repository/Modulo Tarea Actos Administrativos/Acto Retiro Empleado/i_Acto Movimento de planta_gly' is clickable

2021-12-17 18:13:38 - [TEST_STEP][PASSED] - click(findTestObject("Modulo Tarea Actos Administrativos/Acto Retiro Empleado/i_Acto Movimento de planta_gly")): Object: 'Object Repository/Modulo Tarea Actos Administrativos/Acto Retiro Empleado/i_Acto Movimento de planta_gly' is clicked on

2021-12-17 18:13:38 - [MESSAGE][PASSED] - Object: 'Object Repository/Modulo Tarea Actos Administrativos/Acto Retiro Empleado/i_Acto Movimento de planta_gly' is clicked on

2021-12-17 18:13:38 - [TEST_STEP][PASSED] - waitForElementClickable(findTestObject("Modulo Tarea Actos Administrativos/Acto Retiro Empleado/a_Actos de Retiro del empleado"), G_TimeOut): Object 'Object Repository/Modulo Tarea Actos Administrativos/Acto Retiro Empleado/a_Actos de Retiro del empleado' is clickable

2021-12-17 18:13:39 - [MESSAGE][PASSED] - Object 'Object Repository/Modulo Tarea Actos Administrativos/Acto Retiro Empleado/a_Actos de Retiro del empleado' is clickable

2021-12-17 18:13:39 - [TEST_STEP][PASSED] - click(findTestObject("Modulo Tarea Actos Administrativos/Acto Retiro Empleado/a_Actos de Retiro del empleado")): Object: 'Object Repository/Modulo Tarea Actos Administrativos/Acto Retiro Empleado/a_Actos de Retiro del empleado' is clicked on

2021-12-17 18:13:39 - [MESSAGE][PASSED] - Object: 'Object Repository/Modulo Tarea Actos Administrativos/Acto Retiro Empleado/a_Actos de Retiro del empleado' is clicked on

2021-12-17 18:13:39 - [TEST_STEP][PASSED] - waitForElementClickable(findTestObject("Modulo Tarea Actos Administrativos/Acto Retiro Empleado/span_terminacion de contrato"), G_TimeOut): Object 'Object Repository/Modulo Tarea Actos Administrativos/Acto Retiro Empleado/span_terminacion de contrato' is clickable

2021-12-17 18:13:40 - [MESSAGE][PASSED] - Object 'Object Repository/Modulo Tarea Actos Administrativos/Acto Retiro Empleado/span_terminacion de contrato' is clickable

2021-12-17 18:13:40 - [TEST_STEP][PASSED] - click(findTestObject("Modulo Tarea Actos Administrativos/Acto Retiro Empleado/span_terminacion de contrato")): Object: 'Object Repository/Modulo Tarea Actos Administrativos/Acto Retiro Empleado/span_terminacion de contrato' is clicked on

2021-12-17 18:13:40 - [MESSAGE][PASSED] - Object: 'Object Repository/Modulo Tarea Actos Administrativos/Acto Retiro Empleado/span_terminacion de contrato' is clicked on

2021-12-17 18:13:40 - [TEST_STEP][PASSED] - waitForElementClickable(findTestObject("Modulo Tarea Actos Administrativos/Acto Retiro Empleado/a_Elaboracin_form_popupSeleccionDerogarj_idt134"), G_TimeOut): Object 'Object Repository/Modulo Tarea Actos Administrativos/Acto Retiro Empleado/a_Elaboracin_form_popupSeleccionDerogarj_idt134' is clickable

2021-12-17 18:13:41 - [MESSAGE][PASSED] - Object 'Object Repository/Modulo Tarea Actos Administrativos/Acto Retiro Empleado/a_Elaboracin_form_popupSeleccionDerogarj_idt134' is clickable

2021-12-17 18:13:41 - [TEST_STEP][PASSED] - click(findTestObject("Modulo Tarea Actos Administrativos/Acto Retiro Empleado/a_Elaboracin_form_popupSeleccionDerogarj_idt134")): Object: 'Object Repository/Modulo Tarea Actos Administrativos/Acto Retiro Empleado/a_Elaboracin_form_popupSeleccionDerogarj_idt134' is clicked on

2021-12-17 18:13:41 - [MESSAGE][PASSED] - Object: 'Object Repository/Modulo Tarea Actos Administrativos/Acto Retiro Empleado/a_Elaboracin_form_popupSeleccionDerogarj_idt134' is clicked on

2021-12-17 18:13:41 - [TEST_STEP][PASSED] - waitForElementClickable(findTestObject("Modulo Tarea Actos Administrativos/Acto Retiro Empleado/a_Identificacin_form_actoAusentismoj_idt1208"), G_TimeOut): Object 'Object Repository/Modulo Tarea Actos Administrativos/Acto Retiro Empleado/a_Identificacin_form_actoAusentismoj_idt1208' is clickable

2021-12-17 18:13:43 - [MESSAGE][PASSED] - Object 'Object Repository/Modulo Tarea Actos Administrativos/Acto Retiro Empleado/a_Identificacin_form_actoAusentismoj_idt1208' is clickable

2021-12-17 18:13:43 - [TEST_STEP][PASSED] - click(findTestObject("Modulo Tarea Actos Administrativos/Acto Retiro Empleado/a_Identificacin_form_actoAusentismoj_idt1208")): Object: 'Object Repository/Modulo Tarea Actos Administrativos/Acto Retiro Empleado/a_Identificacin_form_actoAusentismoj_idt1208' is clicked on

2021-12-17 18:13:43 - [MESSAGE][PASSED] - Object: 'Object Repository/Modulo Tarea Actos Administrativos/Acto Retiro Empleado/a_Identificacin_form_actoAusentismoj_idt1208' is clicked on

2021-12-17 18:13:43 - [TEST_STEP][PASSED] - setText(findTestObject("Modulo Tarea Actos Administrativos/Acto Retiro Empleado/input_Filtro Empleado_form_actoAusentismoj_idt1434"), "66666"): Text '66666' is set on object 'Object Repository/Modulo Tarea Actos Administrativos/Acto Retiro Empleado/input_Filtro Empleado_form_actoAusentismoj_idt1434'

2021-12-17 18:13:44 - [MESSAGE][PASSED] - Text '66666' is set on object 'Object Repository/Modulo Tarea Actos Administrativos/Acto Retiro Empleado/input_Filtro Empleado_form_actoAusentismoj_idt1434'

2021-12-17 18:13:44 - [TEST_STEP][PASSED] - delay(1): Delayed 1 second(s)

2021-12-17 18:13:45 - [MESSAGE][PASSED] - Delayed 1 second(s)

2021-12-17 18:13:45 - [TEST_STEP][PASSED] - sendKeys(findTestObject("Modulo Tarea Actos Administrativos/Acto Retiro Empleado/input_Filtro Empleado_form_actoAusentismoj_idt1434"), Keys.chord(ENTER)): Keys 'ENTER + ' sent to object: 'Object Repository/Modulo Tarea Actos Administrativos/Acto Retiro Empleado/input_Filtro Empleado_form_actoAusentismoj_idt1434'

2021-12-17 18:13:46 - [MESSAGE][PASSED] - Keys 'ENTER + ' sent to object: 'Object Repository/Modulo Tarea Actos Administrativos/Acto Retiro Empleado/input_Filtro Empleado_form_actoAusentismoj_idt1434'

2021-12-17 18:13:46 - [TEST_STEP][PASSED] - waitForElementClickable(findTestObject("Modulo Tarea Actos Administrativos/Acto Retiro Empleado/span_SALGADO PAULA"), G_TimeOut): Object 'Object Repository/Modulo Tarea Actos Administrativos/Acto Retiro Empleado/span_SALGADO PAULA' is clickable

2021-12-17 18:13:47 - [MESSAGE][PASSED] - Object 'Object Repository/Modulo Tarea Actos Administrativos/Acto Retiro Empleado/span_SALGADO PAULA' is clickable

2021-12-17 18:13:47 - [TEST_STEP][PASSED] - click(findTestObject("Modulo Tarea Actos Administrativos/Acto Retiro Empleado/span_SALGADO PAULA")): Object: 'Object Repository/Modulo Tarea Actos Administrativos/Acto Retiro Empleado/span_SALGADO PAULA' is clicked on

2021-12-17 18:13:47 - [MESSAGE][PASSED] - Object: 'Object Repository/Modulo Tarea Actos Administrativos/Acto Retiro Empleado/span_SALGADO PAULA' is clicked on

2021-12-17 18:13:47 - [TEST_STEP][PASSED] - waitForElementClickable(findTestObject("Modulo Tarea Actos Administrativos/Acto Retiro Empleado/a_Continuar"), G_TimeOut): Object 'Object Repository/Modulo Tarea Actos Administrativos/Acto Retiro Empleado/a_Continuar' is clickable

2021-12-17 18:13:48 - [MESSAGE][PASSED] - Object 'Object Repository/Modulo Tarea Actos Administrativos/Acto Retiro Empleado/a_Continuar' is clickable

2021-12-17 18:13:48 - [TEST_STEP][PASSED] - click(findTestObject("Modulo Tarea Actos Administrativos/Acto Retiro Empleado/a_Continuar")): Object: 'Object Repository/Modulo Tarea Actos Administrativos/Acto Retiro Empleado/a_Continuar' is clicked on

2021-12-17 18:13:48 - [MESSAGE][PASSED] - Object: 'Object Repository/Modulo Tarea Actos Administrativos/Acto Retiro Empleado/a_Continuar' is clicked on

2021-12-17 18:13:48 - [TEST_STEP][PASSED] - setText(findTestObject("Modulo Tarea Actos Administrativos/Acto Retiro Empleado/input__form_actoAusentismoj_id"), "31/12/2018"): Text '31/12/2018' is set on object 'Object Repository/Modulo Tarea Actos Administrativos/Acto Retiro Empleado/input__form_actoAusentismoj_id'

2021-12-17 18:13:49 - [MESSAGE][PASSED] - Text '31/12/2018' is set on object 'Object Repository/Modulo Tarea Actos Administrativos/Acto Retiro Empleado/input__form_actoAusentismoj_id'

2021-12-17 18:13:49 - [TEST_STEP][PASSED] - setText(findTestObject("Modulo Tarea Actos Administrativos/Acto Retiro Empleado/input__form_actoAusentismoj_id_6"), "66666"): Text '66666' is set on object 'Object Repository/Modulo Tarea Actos Administrativos/Acto Retiro Empleado/input__form_actoAusentismoj_id_6'

2021-12-17 18:13:50 - [MESSAGE][PASSED] - Text '66666' is set on object 'Object Repository/Modulo Tarea Actos Administrativos/Acto Retiro Empleado/input__form_actoAusentismoj_id_6'

2021-12-17 18:13:50 - [TEST_STEP][PASSED] - waitForElementClickable(findTestObject("Modulo Tarea Actos Administrativos/Acto Retiro Empleado/a_Continuar_1"), G_TimeOut): Object 'Object Repository/Modulo Tarea Actos Administrativos/Acto Retiro Empleado/a_Continuar_1' is clickable

2021-12-17 18:13:51 - [MESSAGE][PASSED] - Object 'Object Repository/Modulo Tarea Actos Administrativos/Acto Retiro Empleado/a_Continuar_1' is clickable

2021-12-17 18:13:51 - [TEST_STEP][PASSED] - click(findTestObject("Modulo Tarea Actos Administrativos/Acto Retiro Empleado/a_Continuar_1")): Object: 'Object Repository/Modulo Tarea Actos Administrativos/Acto Retiro Empleado/a_Continuar_1' is clicked on

2021-12-17 18:13:51 - [MESSAGE][PASSED] - Object: 'Object Repository/Modulo Tarea Actos Administrativos/Acto Retiro Empleado/a_Continuar_1' is clicked on

2021-12-17 18:13:51 - [TEST_STEP][PASSED] - waitForElementClickable(findTestObject("Modulo Tarea Actos Administrativos/Acto Retiro Empleado/a_Aplicar"), G_TimeOut): Object 'Object Repository/Modulo Tarea Actos Administrativos/Acto Retiro Empleado/a_Aplicar' is clickable

2021-12-17 18:13:52 - [MESSAGE][PASSED] - Object 'Object Repository/Modulo Tarea Actos Administrativos/Acto Retiro Empleado/a_Aplicar' is clickable

2021-12-17 18:13:52 - [TEST_STEP][PASSED] - click(findTestObject("Modulo Tarea Actos Administrativos/Acto Retiro Empleado/a_Aplicar")): Object: 'Object Repository/Modulo Tarea Actos Administrativos/Acto Retiro Empleado/a_Aplicar' is clicked on

2021-12-17 18:13:53 - [MESSAGE][PASSED] - Object: 'Object Repository/Modulo Tarea Actos Administrativos/Acto Retiro Empleado/a_Aplicar' is clicked on

2021-12-17 18:13:53 - [TEST_STEP][PASSED] - closeBrowser(): Browser is closed

2021-12-17 18:13:53 - [MESSAGE][PASSED] - Browser is closed]]></system-out>
         <system-err><![CDATA[]]></system-err>
      </testcase>
      <testcase name="Test Cases/1.1-Tareas Principales/1.4.3-Generacion Interfaz" time="52.355" classname="Test Cases/1.1-Tareas Principales/1.4.3-Generacion Interfaz" status="PASSED">
         <system-out><![CDATA[2021-12-17 18:13:53 - [TEST_CASE][PASSED] - Test Cases/1.1-Tareas Principales/1.4.3-Generacion Interfaz: Test Cases/1.1-Tareas Principales/1.4.3-Generacion Interfaz

2021-12-17 18:13:54 - [TEST_STEP][PASSED] - callTestCase(findTestCase("0.1-Login"), [:], STOP_ON_FAILURE): Call Test Case 'Test Cases/0.1-Login' successfully

2021-12-17 18:13:54 - [TEST_CASE][PASSED] - Test Cases/0.1-Login: Test Cases/0.1-Login

2021-12-17 18:13:54 - [TEST_STEP][PASSED] - openBrowser(""): Browser is opened with url: ''

2021-12-17 18:13:54 - [MESSAGE][INFO] - Starting 'Chrome' driver

2021-12-17 18:13:54 - [MESSAGE][INFO] - Action delay is set to 0 milliseconds

2021-12-17 18:13:55 - [MESSAGE][PASSED] - Browser is opened with url: ''

2021-12-17 18:13:55 - [TEST_STEP][PASSED] - maximizeWindow(): Current window maximized

2021-12-17 18:13:55 - [MESSAGE][PASSED] - Current window maximized

2021-12-17 18:13:55 - [TEST_STEP][PASSED] - i = G_Login: null

2021-12-17 18:13:55 - [TEST_STEP][PASSED] - url = new java.net.URL(i): null

2021-12-17 18:13:55 - [TEST_STEP][PASSED] - println("URL: " + url.toString()): null

2021-12-17 18:13:55 - [TEST_STEP][PASSED] - connection = url.openConnection(): null

2021-12-17 18:13:55 - [TEST_STEP][PASSED] - connection.setRequestMethod("GET"): null

2021-12-17 18:13:55 - [TEST_STEP][PASSED] - connection.setReadTimeout(2 * 1000): null

2021-12-17 18:13:55 - [TEST_STEP][PASSED] - try: null

2021-12-17 18:13:55 - [TEST_STEP][PASSED] - connection.connect(): null

2021-12-17 18:13:55 - [TEST_STEP][PASSED] - flag = connected: null

2021-12-17 18:13:55 - [TEST_STEP][PASSED] - println("Valor_ori: " + flag): null

2021-12-17 18:13:55 - [TEST_STEP][PASSED] - if (flag): null

2021-12-17 18:13:55 - [TEST_STEP][PASSED] - navigateToUrl(i): Navigate to 'http://192.168.2.29:7001/saraweb' successfully

2021-12-17 18:14:00 - [MESSAGE][PASSED] - Navigate to 'http://192.168.2.29:7001/saraweb' successfully

2021-12-17 18:14:00 - [TEST_STEP][PASSED] - a(): null

2021-12-17 18:14:00 - [TEST_STEP][PASSED] - setText(findTestObject("Login/input_USUARIO_loginusuario"), G_Usuario): Text 'weblogic' is set on object 'Object Repository/Login/input_USUARIO_loginusuario'

2021-12-17 18:14:01 - [MESSAGE][PASSED] - Text 'weblogic' is set on object 'Object Repository/Login/input_USUARIO_loginusuario'

2021-12-17 18:14:01 - [TEST_STEP][PASSED] - setEncryptedText(findTestObject("Login/input_CLAVE_loginpassword"), "MkG4/TYiCFC3cb2driP7+Q=="): Text ****** has been set on object 'Object Repository/Login/input_CLAVE_loginpassword'

2021-12-17 18:14:02 - [MESSAGE][PASSED] - Text ****** has been set on object 'Object Repository/Login/input_CLAVE_loginpassword'

2021-12-17 18:14:02 - [TEST_STEP][PASSED] - waitForElementClickable(findTestObject("Login/a_Ingresar"), G_TimeOut): Object 'Object Repository/Login/a_Ingresar' is clickable

2021-12-17 18:14:02 - [MESSAGE][PASSED] - Object 'Object Repository/Login/a_Ingresar' is clickable

2021-12-17 18:14:02 - [TEST_STEP][PASSED] - click(findTestObject("Login/a_Ingresar")): Object: 'Object Repository/Login/a_Ingresar' is clicked on

2021-12-17 18:14:11 - [MESSAGE][PASSED] - Object: 'Object Repository/Login/a_Ingresar' is clicked on

2021-12-17 18:14:11 - [TEST_STEP][PASSED] - element = findWebElement(findTestObject("Login/a_Ir"), 30): null

2021-12-17 18:14:11 - [TEST_STEP][PASSED] - executeJavaScript("arguments[0].click()", Arrays.asList(element)): Execute JavaScript 'arguments[0].click()' successfully

2021-12-17 18:14:11 - [MESSAGE][PASSED] - Execute JavaScript 'arguments[0].click()' successfully

2021-12-17 18:14:11 - [MESSAGE][PASSED] - Call Test Case 'Test Cases/0.1-Login' successfully

2021-12-17 18:14:11 - [TEST_STEP][PASSED] - setText(findTestObject("Modulo Tarea Administracion Compensacion/Generacion interfaz/input_ADMINISTRADOR DEL SISTEMA"), "Generacion interfaz"): Text 'Generacion interfaz' is set on object 'Object Repository/Modulo Tarea Administracion Compensacion/Generacion interfaz/input_ADMINISTRADOR DEL SISTEMA'

2021-12-17 18:14:19 - [MESSAGE][PASSED] - Text 'Generacion interfaz' is set on object 'Object Repository/Modulo Tarea Administracion Compensacion/Generacion interfaz/input_ADMINISTRADOR DEL SISTEMA'

2021-12-17 18:14:19 - [TEST_STEP][PASSED] - delay(1): Delayed 1 second(s)

2021-12-17 18:14:20 - [MESSAGE][PASSED] - Delayed 1 second(s)

2021-12-17 18:14:20 - [TEST_STEP][PASSED] - sendKeys(findTestObject("Modulo Tarea Administracion Compensacion/Generacion interfaz/input_ADMINISTRADOR DEL SISTEMA"), Keys.chord(ENTER)): Keys 'ENTER + ' sent to object: 'Object Repository/Modulo Tarea Administracion Compensacion/Generacion interfaz/input_ADMINISTRADOR DEL SISTEMA'

2021-12-17 18:14:21 - [MESSAGE][PASSED] - Keys 'ENTER + ' sent to object: 'Object Repository/Modulo Tarea Administracion Compensacion/Generacion interfaz/input_ADMINISTRADOR DEL SISTEMA'

2021-12-17 18:14:21 - [TEST_STEP][PASSED] - waitForElementClickable(findTestObject("Modulo Tarea Administracion Compensacion/Generacion interfaz/span_INTERFAZ NOMINA INTERFAZ"), G_TimeOut): Object 'Object Repository/Modulo Tarea Administracion Compensacion/Generacion interfaz/span_INTERFAZ NOMINA INTERFAZ' is clickable

2021-12-17 18:14:29 - [MESSAGE][PASSED] - Object 'Object Repository/Modulo Tarea Administracion Compensacion/Generacion interfaz/span_INTERFAZ NOMINA INTERFAZ' is clickable

2021-12-17 18:14:29 - [TEST_STEP][PASSED] - click(findTestObject("Modulo Tarea Administracion Compensacion/Generacion interfaz/span_INTERFAZ NOMINA INTERFAZ")): Object: 'Object Repository/Modulo Tarea Administracion Compensacion/Generacion interfaz/span_INTERFAZ NOMINA INTERFAZ' is clicked on

2021-12-17 18:14:29 - [MESSAGE][PASSED] - Object: 'Object Repository/Modulo Tarea Administracion Compensacion/Generacion interfaz/span_INTERFAZ NOMINA INTERFAZ' is clicked on

2021-12-17 18:14:29 - [TEST_STEP][PASSED] - waitForElementClickable(findTestObject("Modulo Tarea Administracion Compensacion/Generacion interfaz/div_-_ui-chkbox-box ui-widget"), G_TimeOut): Object 'Object Repository/Modulo Tarea Administracion Compensacion/Generacion interfaz/div_-_ui-chkbox-box ui-widget' is clickable

2021-12-17 18:14:30 - [MESSAGE][PASSED] - Object 'Object Repository/Modulo Tarea Administracion Compensacion/Generacion interfaz/div_-_ui-chkbox-box ui-widget' is clickable

2021-12-17 18:14:30 - [TEST_STEP][PASSED] - click(findTestObject("Modulo Tarea Administracion Compensacion/Generacion interfaz/div_-_ui-chkbox-box ui-widget")): Object: 'Object Repository/Modulo Tarea Administracion Compensacion/Generacion interfaz/div_-_ui-chkbox-box ui-widget' is clicked on

2021-12-17 18:14:31 - [MESSAGE][PASSED] - Object: 'Object Repository/Modulo Tarea Administracion Compensacion/Generacion interfaz/div_-_ui-chkbox-box ui-widget' is clicked on

2021-12-17 18:14:31 - [TEST_STEP][PASSED] - waitForElementClickable(findTestObject("Modulo Tarea Administracion Compensacion/Generacion interfaz/a_Generar"), G_TimeOut): Object 'Object Repository/Modulo Tarea Administracion Compensacion/Generacion interfaz/a_Generar' is clickable

2021-12-17 18:14:31 - [MESSAGE][PASSED] - Object 'Object Repository/Modulo Tarea Administracion Compensacion/Generacion interfaz/a_Generar' is clickable

2021-12-17 18:14:31 - [TEST_STEP][PASSED] - click(findTestObject("Modulo Tarea Administracion Compensacion/Generacion interfaz/a_Generar")): Object: 'Object Repository/Modulo Tarea Administracion Compensacion/Generacion interfaz/a_Generar' is clicked on

2021-12-17 18:14:32 - [MESSAGE][PASSED] - Object: 'Object Repository/Modulo Tarea Administracion Compensacion/Generacion interfaz/a_Generar' is clicked on

2021-12-17 18:14:32 - [TEST_STEP][PASSED] - setText(findTestObject("Modulo Tarea Administracion Compensacion/Generacion interfaz/input_Fecha Inicial _popupGeneracion"), "01/01/2021"): Text '01/01/2021' is set on object 'Object Repository/Modulo Tarea Administracion Compensacion/Generacion interfaz/input_Fecha Inicial _popupGeneracion'

2021-12-17 18:14:33 - [MESSAGE][PASSED] - Text '01/01/2021' is set on object 'Object Repository/Modulo Tarea Administracion Compensacion/Generacion interfaz/input_Fecha Inicial _popupGeneracion'

2021-12-17 18:14:33 - [TEST_STEP][PASSED] - waitForElementClickable(findTestObject("Modulo Tarea Administracion Compensacion/Generacion interfaz/td_Rango Fechas"), G_TimeOut): Object 'Object Repository/Modulo Tarea Administracion Compensacion/Generacion interfaz/td_Rango Fechas' is clickable

2021-12-17 18:14:33 - [MESSAGE][PASSED] - Object 'Object Repository/Modulo Tarea Administracion Compensacion/Generacion interfaz/td_Rango Fechas' is clickable

2021-12-17 18:14:33 - [TEST_STEP][PASSED] - click(findTestObject("Modulo Tarea Administracion Compensacion/Generacion interfaz/td_Rango Fechas")): Object: 'Object Repository/Modulo Tarea Administracion Compensacion/Generacion interfaz/td_Rango Fechas' is clicked on

2021-12-17 18:14:34 - [MESSAGE][PASSED] - Object: 'Object Repository/Modulo Tarea Administracion Compensacion/Generacion interfaz/td_Rango Fechas' is clicked on

2021-12-17 18:14:34 - [TEST_STEP][PASSED] - setText(findTestObject("Modulo Tarea Administracion Compensacion/Generacion interfaz/input_Fecha Final_popupGeneracion"), "30/01/2021"): Text '30/01/2021' is set on object 'Object Repository/Modulo Tarea Administracion Compensacion/Generacion interfaz/input_Fecha Final_popupGeneracion'

2021-12-17 18:14:34 - [MESSAGE][PASSED] - Text '30/01/2021' is set on object 'Object Repository/Modulo Tarea Administracion Compensacion/Generacion interfaz/input_Fecha Final_popupGeneracion'

2021-12-17 18:14:34 - [TEST_STEP][PASSED] - waitForElementClickable(findTestObject("Modulo Tarea Administracion Compensacion/Generacion interfaz/td_Rango Fechas"), G_TimeOut): Object 'Object Repository/Modulo Tarea Administracion Compensacion/Generacion interfaz/td_Rango Fechas' is clickable

2021-12-17 18:14:35 - [MESSAGE][PASSED] - Object 'Object Repository/Modulo Tarea Administracion Compensacion/Generacion interfaz/td_Rango Fechas' is clickable

2021-12-17 18:14:35 - [TEST_STEP][PASSED] - click(findTestObject("Modulo Tarea Administracion Compensacion/Generacion interfaz/td_Rango Fechas")): Object: 'Object Repository/Modulo Tarea Administracion Compensacion/Generacion interfaz/td_Rango Fechas' is clicked on

2021-12-17 18:14:35 - [MESSAGE][PASSED] - Object: 'Object Repository/Modulo Tarea Administracion Compensacion/Generacion interfaz/td_Rango Fechas' is clicked on

2021-12-17 18:14:35 - [TEST_STEP][PASSED] - setText(findTestObject("Modulo Tarea Administracion Compensacion/Generacion interfaz/input_Fecha Proceso_popupGeneracion"), "01/01/2021"): Text '01/01/2021' is set on object 'Object Repository/Modulo Tarea Administracion Compensacion/Generacion interfaz/input_Fecha Proceso_popupGeneracion'

2021-12-17 18:14:36 - [MESSAGE][PASSED] - Text '01/01/2021' is set on object 'Object Repository/Modulo Tarea Administracion Compensacion/Generacion interfaz/input_Fecha Proceso_popupGeneracion'

2021-12-17 18:14:36 - [TEST_STEP][PASSED] - waitForElementClickable(findTestObject("Modulo Tarea Administracion Compensacion/Generacion interfaz/span_Generar (1)"), G_TimeOut): Object 'Object Repository/Modulo Tarea Administracion Compensacion/Generacion interfaz/span_Generar (1)' is clickable

2021-12-17 18:14:37 - [MESSAGE][PASSED] - Object 'Object Repository/Modulo Tarea Administracion Compensacion/Generacion interfaz/span_Generar (1)' is clickable

2021-12-17 18:14:37 - [TEST_STEP][PASSED] - click(findTestObject("Modulo Tarea Administracion Compensacion/Generacion interfaz/span_Generar (1)")): Object: 'Object Repository/Modulo Tarea Administracion Compensacion/Generacion interfaz/span_Generar (1)' is clicked on

2021-12-17 18:14:37 - [MESSAGE][PASSED] - Object: 'Object Repository/Modulo Tarea Administracion Compensacion/Generacion interfaz/span_Generar (1)' is clicked on

2021-12-17 18:14:37 - [TEST_STEP][PASSED] - click(findTestObject("Modulo Tarea Administracion Compensacion/Generacion interfaz/a_Si")): Object: 'Object Repository/Modulo Tarea Administracion Compensacion/Generacion interfaz/a_Si' is clicked on

2021-12-17 18:14:38 - [MESSAGE][PASSED] - Object: 'Object Repository/Modulo Tarea Administracion Compensacion/Generacion interfaz/a_Si' is clicked on

2021-12-17 18:14:38 - [TEST_STEP][PASSED] - delay(7): Delayed 7 second(s)

2021-12-17 18:14:45 - [MESSAGE][PASSED] - Delayed 7 second(s)

2021-12-17 18:14:45 - [TEST_STEP][PASSED] - if (findTestObject("Modulo Tarea Administracion Compensacion/Generacion interfaz/a_Continuar") == true && click(findTestObject("Modulo Tarea Administracion Compensacion/Generacion interfaz/span_Interfaz")) == false): null

2021-12-17 18:14:45 - [TEST_STEP][PASSED] - else: Browser is closed

2021-12-17 18:14:45 - [TEST_STEP][PASSED] - closeBrowser(): Browser is closed

2021-12-17 18:14:46 - [MESSAGE][PASSED] - Browser is closed

2021-12-17 18:14:46 - [TEST_STEP][PASSED] - closeBrowser(): Browser is closed

2021-12-17 18:14:46 - [MESSAGE][PASSED] - Browser is closed]]></system-out>
         <system-err><![CDATA[]]></system-err>
      </testcase>
      <testcase name="Test Cases/1.1-Tareas Principales/1.4.4-Crear Puesto de Trabajo" time="91.557" classname="Test Cases/1.1-Tareas Principales/1.4.4-Crear Puesto de Trabajo" status="FAILED">
         <failure type="FAILED" message="Test Cases/1.1-Tareas Principales/1.4.4-Crear Puesto de Trabajo FAILED.
Reason:
com.kms.katalon.core.exception.StepFailedException: Unable to click on object 'Object Repository/Modulo Tarea Administracion Compensacion/Creacion Puesto de Trabajo/a_Administracion'
	at com.kms.katalon.core.webui.keyword.internal.WebUIKeywordMain.stepFailed(WebUIKeywordMain.groovy:64)
	at com.kms.katalon.core.webui.keyword.internal.WebUIKeywordMain.runKeyword(WebUIKeywordMain.groovy:26)
	at com.kms.katalon.core.webui.keyword.builtin.ClickKeyword.click(ClickKeyword.groovy:74)
	at com.kms.katalon.core.webui.keyword.builtin.ClickKeyword.execute(ClickKeyword.groovy:40)
	at com.kms.katalon.core.keyword.internal.KeywordExecutor.executeKeywordForPlatform(KeywordExecutor.groovy:74)
	at com.kms.katalon.core.webui.keyword.WebUiBuiltInKeywords.click(WebUiBuiltInKeywords.groovy:620)
	at com.kms.katalon.core.webui.keyword.WebUiBuiltInKeywords$click$5.call(Unknown Source)
	at 1.4.4-Crear Puesto de Trabajo.run(1.4.4-Crear Puesto de Trabajo:26)
	at com.kms.katalon.core.main.ScriptEngine.run(ScriptEngine.java:194)
	at com.kms.katalon.core.main.ScriptEngine.runScriptAsRawText(ScriptEngine.java:119)
	at com.kms.katalon.core.main.TestCaseExecutor.runScript(TestCaseExecutor.java:442)
	at com.kms.katalon.core.main.TestCaseExecutor.doExecute(TestCaseExecutor.java:433)
	at com.kms.katalon.core.main.TestCaseExecutor.processExecutionPhase(TestCaseExecutor.java:412)
	at com.kms.katalon.core.main.TestCaseExecutor.accessMainPhase(TestCaseExecutor.java:404)
	at com.kms.katalon.core.main.TestCaseExecutor.execute(TestCaseExecutor.java:281)
	at com.kms.katalon.core.main.TestSuiteExecutor.accessTestCaseMainPhase(TestSuiteExecutor.java:202)
	at com.kms.katalon.core.main.TestSuiteExecutor.accessTestSuiteMainPhase(TestSuiteExecutor.java:164)
	at com.kms.katalon.core.main.TestSuiteExecutor.execute(TestSuiteExecutor.java:105)
	at com.kms.katalon.core.main.TestCaseMain.startTestSuite(TestCaseMain.java:181)
	at com.kms.katalon.core.main.TestCaseMain$startTestSuite$0.call(Unknown Source)
	at TempTestSuite1639780222929.run(TempTestSuite1639780222929.groovy:36)
Caused by: com.kms.katalon.core.webui.exception.WebElementNotFoundException: Web element with id: 'Object Repository/Modulo Tarea Administracion Compensacion/Creacion Puesto de Trabajo/a_Administracion' located by '
//li[2]/ul/li/span/span[3]/span' not found
	at com.kms.katalon.core.webui.common.WebUiCommonHelper.findWebElement(WebUiCommonHelper.java:1368)
	at com.kms.katalon.core.webui.keyword.internal.WebUIAbstractKeyword.findWebElement(WebUIAbstractKeyword.groovy:27)
	at com.kms.katalon.core.webui.keyword.builtin.ClickKeyword$_click_closure1.doCall(ClickKeyword.groovy:65)
	at com.kms.katalon.core.webui.keyword.builtin.ClickKeyword$_click_closure1.call(ClickKeyword.groovy)
	at com.kms.katalon.core.webui.keyword.internal.WebUIKeywordMain.runKeyword(WebUIKeywordMain.groovy:20)
	... 19 more
"/>
         <system-out><![CDATA[2021-12-17 18:14:46 - [TEST_CASE][FAILED] - Test Cases/1.1-Tareas Principales/1.4.4-Crear Puesto de Trabajo: Test Cases/1.1-Tareas Principales/1.4.4-Crear Puesto de Trabajo FAILED.
Reason:
com.kms.katalon.core.exception.StepFailedException: Unable to click on object 'Object Repository/Modulo Tarea Administracion Compensacion/Creacion Puesto de Trabajo/a_Administracion'
	at com.kms.katalon.core.webui.keyword.internal.WebUIKeywordMain.stepFailed(WebUIKeywordMain.groovy:64)
	at com.kms.katalon.core.webui.keyword.internal.WebUIKeywordMain.runKeyword(WebUIKeywordMain.groovy:26)
	at com.kms.katalon.core.webui.keyword.builtin.ClickKeyword.click(ClickKeyword.groovy:74)
	at com.kms.katalon.core.webui.keyword.builtin.ClickKeyword.execute(ClickKeyword.groovy:40)
	at com.kms.katalon.core.keyword.internal.KeywordExecutor.executeKeywordForPlatform(KeywordExecutor.groovy:74)
	at com.kms.katalon.core.webui.keyword.WebUiBuiltInKeywords.click(WebUiBuiltInKeywords.groovy:620)
	at com.kms.katalon.core.webui.keyword.WebUiBuiltInKeywords$click$5.call(Unknown Source)
	at 1.4.4-Crear Puesto de Trabajo.run(1.4.4-Crear Puesto de Trabajo:26)
	at com.kms.katalon.core.main.ScriptEngine.run(ScriptEngine.java:194)
	at com.kms.katalon.core.main.ScriptEngine.runScriptAsRawText(ScriptEngine.java:119)
	at com.kms.katalon.core.main.TestCaseExecutor.runScript(TestCaseExecutor.java:442)
	at com.kms.katalon.core.main.TestCaseExecutor.doExecute(TestCaseExecutor.java:433)
	at com.kms.katalon.core.main.TestCaseExecutor.processExecutionPhase(TestCaseExecutor.java:412)
	at com.kms.katalon.core.main.TestCaseExecutor.accessMainPhase(TestCaseExecutor.java:404)
	at com.kms.katalon.core.main.TestCaseExecutor.execute(TestCaseExecutor.java:281)
	at com.kms.katalon.core.main.TestSuiteExecutor.accessTestCaseMainPhase(TestSuiteExecutor.java:202)
	at com.kms.katalon.core.main.TestSuiteExecutor.accessTestSuiteMainPhase(TestSuiteExecutor.java:164)
	at com.kms.katalon.core.main.TestSuiteExecutor.execute(TestSuiteExecutor.java:105)
	at com.kms.katalon.core.main.TestCaseMain.startTestSuite(TestCaseMain.java:181)
	at com.kms.katalon.core.main.TestCaseMain$startTestSuite$0.call(Unknown Source)
	at TempTestSuite1639780222929.run(TempTestSuite1639780222929.groovy:36)
Caused by: com.kms.katalon.core.webui.exception.WebElementNotFoundException: Web element with id: 'Object Repository/Modulo Tarea Administracion Compensacion/Creacion Puesto de Trabajo/a_Administracion' located by '
//li[2]/ul/li/span/span[3]/span' not found
	at com.kms.katalon.core.webui.common.WebUiCommonHelper.findWebElement(WebUiCommonHelper.java:1368)
	at com.kms.katalon.core.webui.keyword.internal.WebUIAbstractKeyword.findWebElement(WebUIAbstractKeyword.groovy:27)
	at com.kms.katalon.core.webui.keyword.builtin.ClickKeyword$_click_closure1.doCall(ClickKeyword.groovy:65)
	at com.kms.katalon.core.webui.keyword.builtin.ClickKeyword$_click_closure1.call(ClickKeyword.groovy)
	at com.kms.katalon.core.webui.keyword.internal.WebUIKeywordMain.runKeyword(WebUIKeywordMain.groovy:20)
	... 19 more


2021-12-17 18:14:46 - [TEST_STEP][PASSED] - callTestCase(findTestCase("Hutilidades/Tareas Administracion Compensacion/Tarea Planta Personal"), [:], STOP_ON_FAILURE): Call Test Case 'Test Cases/Hutilidades/Tareas Administracion Compensacion/Tarea Planta Personal' successfully

2021-12-17 18:14:46 - [TEST_CASE][PASSED] - Test Cases/Hutilidades/Tareas Administracion Compensacion/Tarea Planta Personal: Test Cases/Hutilidades/Tareas Administracion Compensacion/Tarea Planta Personal

2021-12-17 18:14:47 - [TEST_STEP][PASSED] - callTestCase(findTestCase("0.1-Login"), [:], STOP_ON_FAILURE): Call Test Case 'Test Cases/0.1-Login' successfully

2021-12-17 18:14:47 - [TEST_CASE][PASSED] - Test Cases/0.1-Login: Test Cases/0.1-Login

2021-12-17 18:14:47 - [TEST_STEP][PASSED] - openBrowser(""): Browser is opened with url: ''

2021-12-17 18:14:47 - [MESSAGE][INFO] - Starting 'Chrome' driver

2021-12-17 18:14:47 - [MESSAGE][INFO] - Action delay is set to 0 milliseconds

2021-12-17 18:14:48 - [MESSAGE][PASSED] - Browser is opened with url: ''

2021-12-17 18:14:48 - [TEST_STEP][PASSED] - maximizeWindow(): Current window maximized

2021-12-17 18:14:48 - [MESSAGE][PASSED] - Current window maximized

2021-12-17 18:14:48 - [TEST_STEP][PASSED] - i = G_Login: null

2021-12-17 18:14:48 - [TEST_STEP][PASSED] - url = new java.net.URL(i): null

2021-12-17 18:14:48 - [TEST_STEP][PASSED] - println("URL: " + url.toString()): null

2021-12-17 18:14:48 - [TEST_STEP][PASSED] - connection = url.openConnection(): null

2021-12-17 18:14:48 - [TEST_STEP][PASSED] - connection.setRequestMethod("GET"): null

2021-12-17 18:14:48 - [TEST_STEP][PASSED] - connection.setReadTimeout(2 * 1000): null

2021-12-17 18:14:48 - [TEST_STEP][PASSED] - try: null

2021-12-17 18:14:48 - [TEST_STEP][PASSED] - connection.connect(): null

2021-12-17 18:14:48 - [TEST_STEP][PASSED] - flag = connected: null

2021-12-17 18:14:48 - [TEST_STEP][PASSED] - println("Valor_ori: " + flag): null

2021-12-17 18:14:48 - [TEST_STEP][PASSED] - if (flag): null

2021-12-17 18:14:48 - [TEST_STEP][PASSED] - navigateToUrl(i): Navigate to 'http://192.168.2.29:7001/saraweb' successfully

2021-12-17 18:14:53 - [MESSAGE][PASSED] - Navigate to 'http://192.168.2.29:7001/saraweb' successfully

2021-12-17 18:14:53 - [TEST_STEP][PASSED] - a(): null

2021-12-17 18:14:53 - [TEST_STEP][PASSED] - setText(findTestObject("Login/input_USUARIO_loginusuario"), G_Usuario): Text 'weblogic' is set on object 'Object Repository/Login/input_USUARIO_loginusuario'

2021-12-17 18:14:54 - [MESSAGE][PASSED] - Text 'weblogic' is set on object 'Object Repository/Login/input_USUARIO_loginusuario'

2021-12-17 18:14:54 - [TEST_STEP][PASSED] - setEncryptedText(findTestObject("Login/input_CLAVE_loginpassword"), "MkG4/TYiCFC3cb2driP7+Q=="): Text ****** has been set on object 'Object Repository/Login/input_CLAVE_loginpassword'

2021-12-17 18:14:54 - [MESSAGE][PASSED] - Text ****** has been set on object 'Object Repository/Login/input_CLAVE_loginpassword'

2021-12-17 18:14:54 - [TEST_STEP][PASSED] - waitForElementClickable(findTestObject("Login/a_Ingresar"), G_TimeOut): Object 'Object Repository/Login/a_Ingresar' is clickable

2021-12-17 18:14:55 - [MESSAGE][PASSED] - Object 'Object Repository/Login/a_Ingresar' is clickable

2021-12-17 18:14:55 - [TEST_STEP][PASSED] - click(findTestObject("Login/a_Ingresar")): Object: 'Object Repository/Login/a_Ingresar' is clicked on

2021-12-17 18:15:04 - [MESSAGE][PASSED] - Object: 'Object Repository/Login/a_Ingresar' is clicked on

2021-12-17 18:15:04 - [TEST_STEP][PASSED] - element = findWebElement(findTestObject("Login/a_Ir"), 30): null

2021-12-17 18:15:04 - [TEST_STEP][PASSED] - executeJavaScript("arguments[0].click()", Arrays.asList(element)): Execute JavaScript 'arguments[0].click()' successfully

2021-12-17 18:15:04 - [MESSAGE][PASSED] - Execute JavaScript 'arguments[0].click()' successfully

2021-12-17 18:15:04 - [MESSAGE][PASSED] - Call Test Case 'Test Cases/0.1-Login' successfully

2021-12-17 18:15:04 - [TEST_STEP][PASSED] - delay(2): Delayed 2 second(s)

2021-12-17 18:15:06 - [MESSAGE][PASSED] - Delayed 2 second(s)

2021-12-17 18:15:06 - [TEST_STEP][PASSED] - setText(findTestObject("Modulo Tarea Administracion Compensacion/Tarea Planta Personal/input_Ir_nav_t66_input"), "Planta Personal"): Text 'Planta Personal' is set on object 'Object Repository/Modulo Tarea Administracion Compensacion/Tarea Planta Personal/input_Ir_nav_t66_input'

2021-12-17 18:15:12 - [MESSAGE][PASSED] - Text 'Planta Personal' is set on object 'Object Repository/Modulo Tarea Administracion Compensacion/Tarea Planta Personal/input_Ir_nav_t66_input'

2021-12-17 18:15:12 - [TEST_STEP][PASSED] - delay(2): Delayed 2 second(s)

2021-12-17 18:15:14 - [MESSAGE][PASSED] - Delayed 2 second(s)

2021-12-17 18:15:14 - [TEST_STEP][PASSED] - sendKeys(findTestObject("Modulo Tarea Administracion Compensacion/Tarea Planta Personal/input_Ir_nav_t66_input"), Keys.chord(ENTER)): Keys 'ENTER + ' sent to object: 'Object Repository/Modulo Tarea Administracion Compensacion/Tarea Planta Personal/input_Ir_nav_t66_input'

2021-12-17 18:15:15 - [MESSAGE][PASSED] - Keys 'ENTER + ' sent to object: 'Object Repository/Modulo Tarea Administracion Compensacion/Tarea Planta Personal/input_Ir_nav_t66_input'

2021-12-17 18:15:15 - [MESSAGE][PASSED] - Call Test Case 'Test Cases/Hutilidades/Tareas Administracion Compensacion/Tarea Planta Personal' successfully

2021-12-17 18:15:15 - [TEST_STEP][PASSED] - waitForElementClickable(findTestObject("Modulo Tarea Administracion Compensacion/Creacion Puesto de Trabajo/a_Administracion"), G_TimeOut): Web element with id: 'Object Repository/Modulo Tarea Administracion Compensacion/Creacion Puesto de Trabajo/a_Administracion' located by '
//li[2]/ul/li/span/span[3]/span' not found

2021-12-17 18:15:46 - [MESSAGE][INFO] - Unable to find the element located by 'By.xpath: 
//li[2]/ul/li/span/span[3]/span'. Please recheck the objects properties to make sure the desired element is located. 

2021-12-17 18:15:46 - [MESSAGE][WARNING] - Web element with id: 'Object Repository/Modulo Tarea Administracion Compensacion/Creacion Puesto de Trabajo/a_Administracion' located by '
//li[2]/ul/li/span/span[3]/span' not found

2021-12-17 18:15:46 - [TEST_STEP][FAILED] - click(findTestObject("Modulo Tarea Administracion Compensacion/Creacion Puesto de Trabajo/a_Administracion")): Unable to click on object 'Object Repository/Modulo Tarea Administracion Compensacion/Creacion Puesto de Trabajo/a_Administracion' (Root cause: com.kms.katalon.core.exception.StepFailedException: Unable to click on object 'Object Repository/Modulo Tarea Administracion Compensacion/Creacion Puesto de Trabajo/a_Administracion'
	at com.kms.katalon.core.webui.keyword.internal.WebUIKeywordMain.stepFailed(WebUIKeywordMain.groovy:64)
	at com.kms.katalon.core.webui.keyword.internal.WebUIKeywordMain.runKeyword(WebUIKeywordMain.groovy:26)
	at com.kms.katalon.core.webui.keyword.builtin.ClickKeyword.click(ClickKeyword.groovy:74)
	at com.kms.katalon.core.webui.keyword.builtin.ClickKeyword.execute(ClickKeyword.groovy:40)
	at com.kms.katalon.core.keyword.internal.KeywordExecutor.executeKeywordForPlatform(KeywordExecutor.groovy:74)
	at com.kms.katalon.core.webui.keyword.WebUiBuiltInKeywords.click(WebUiBuiltInKeywords.groovy:620)
	at com.kms.katalon.core.webui.keyword.WebUiBuiltInKeywords$click$5.call(Unknown Source)
	at 1.4.4-Crear Puesto de Trabajo.run(1.4.4-Crear Puesto de Trabajo:26)
	at com.kms.katalon.core.main.ScriptEngine.run(ScriptEngine.java:194)
	at com.kms.katalon.core.main.ScriptEngine.runScriptAsRawText(ScriptEngine.java:119)
	at com.kms.katalon.core.main.TestCaseExecutor.runScript(TestCaseExecutor.java:442)
	at com.kms.katalon.core.main.TestCaseExecutor.doExecute(TestCaseExecutor.java:433)
	at com.kms.katalon.core.main.TestCaseExecutor.processExecutionPhase(TestCaseExecutor.java:412)
	at com.kms.katalon.core.main.TestCaseExecutor.accessMainPhase(TestCaseExecutor.java:404)
	at com.kms.katalon.core.main.TestCaseExecutor.execute(TestCaseExecutor.java:281)
	at com.kms.katalon.core.main.TestSuiteExecutor.accessTestCaseMainPhase(TestSuiteExecutor.java:202)
	at com.kms.katalon.core.main.TestSuiteExecutor.accessTestSuiteMainPhase(TestSuiteExecutor.java:164)
	at com.kms.katalon.core.main.TestSuiteExecutor.execute(TestSuiteExecutor.java:105)
	at com.kms.katalon.core.main.TestCaseMain.startTestSuite(TestCaseMain.java:181)
	at com.kms.katalon.core.main.TestCaseMain$startTestSuite$0.call(Unknown Source)
	at TempTestSuite1639780222929.run(TempTestSuite1639780222929.groovy:36)
Caused by: com.kms.katalon.core.webui.exception.WebElementNotFoundException: Web element with id: 'Object Repository/Modulo Tarea Administracion Compensacion/Creacion Puesto de Trabajo/a_Administracion' located by '
//li[2]/ul/li/span/span[3]/span' not found
	at com.kms.katalon.core.webui.common.WebUiCommonHelper.findWebElement(WebUiCommonHelper.java:1368)
	at com.kms.katalon.core.webui.keyword.internal.WebUIAbstractKeyword.findWebElement(WebUIAbstractKeyword.groovy:27)
	at com.kms.katalon.core.webui.keyword.builtin.ClickKeyword$_click_closure1.doCall(ClickKeyword.groovy:65)
	at com.kms.katalon.core.webui.keyword.builtin.ClickKeyword$_click_closure1.call(ClickKeyword.groovy)
	at com.kms.katalon.core.webui.keyword.internal.WebUIKeywordMain.runKeyword(WebUIKeywordMain.groovy:20)
	at com.kms.katalon.core.webui.keyword.builtin.ClickKeyword.click(ClickKeyword.groovy:74)
	at com.kms.katalon.core.webui.keyword.builtin.ClickKeyword.execute(ClickKeyword.groovy:40)
	at com.kms.katalon.core.keyword.internal.KeywordExecutor.executeKeywordForPlatform(KeywordExecutor.groovy:74)
	at com.kms.katalon.core.webui.keyword.WebUiBuiltInKeywords.click(WebUiBuiltInKeywords.groovy:620)
	at com.kms.katalon.core.webui.keyword.WebUiBuiltInKeywords$click$5.call(Unknown Source)
	at Script1548866424668.run(Script1548866424668.groovy:26)
	... 13 more
)

2021-12-17 18:16:17 - [MESSAGE][INFO] - Unable to find the element located by 'By.xpath: 
//li[2]/ul/li/span/span[3]/span'. Please recheck the objects properties to make sure the desired element is located. 

2021-12-17 18:16:17 - [MESSAGE][FAILED] - Unable to click on object 'Object Repository/Modulo Tarea Administracion Compensacion/Creacion Puesto de Trabajo/a_Administracion' (Root cause: com.kms.katalon.core.exception.StepFailedException: Unable to click on object 'Object Repository/Modulo Tarea Administracion Compensacion/Creacion Puesto de Trabajo/a_Administracion'
	at com.kms.katalon.core.webui.keyword.internal.WebUIKeywordMain.stepFailed(WebUIKeywordMain.groovy:64)
	at com.kms.katalon.core.webui.keyword.internal.WebUIKeywordMain.runKeyword(WebUIKeywordMain.groovy:26)
	at com.kms.katalon.core.webui.keyword.builtin.ClickKeyword.click(ClickKeyword.groovy:74)
	at com.kms.katalon.core.webui.keyword.builtin.ClickKeyword.execute(ClickKeyword.groovy:40)
	at com.kms.katalon.core.keyword.internal.KeywordExecutor.executeKeywordForPlatform(KeywordExecutor.groovy:74)
	at com.kms.katalon.core.webui.keyword.WebUiBuiltInKeywords.click(WebUiBuiltInKeywords.groovy:620)
	at com.kms.katalon.core.webui.keyword.WebUiBuiltInKeywords$click$5.call(Unknown Source)
	at 1.4.4-Crear Puesto de Trabajo.run(1.4.4-Crear Puesto de Trabajo:26)
	at com.kms.katalon.core.main.ScriptEngine.run(ScriptEngine.java:194)
	at com.kms.katalon.core.main.ScriptEngine.runScriptAsRawText(ScriptEngine.java:119)
	at com.kms.katalon.core.main.TestCaseExecutor.runScript(TestCaseExecutor.java:442)
	at com.kms.katalon.core.main.TestCaseExecutor.doExecute(TestCaseExecutor.java:433)
	at com.kms.katalon.core.main.TestCaseExecutor.processExecutionPhase(TestCaseExecutor.java:412)
	at com.kms.katalon.core.main.TestCaseExecutor.accessMainPhase(TestCaseExecutor.java:404)
	at com.kms.katalon.core.main.TestCaseExecutor.execute(TestCaseExecutor.java:281)
	at com.kms.katalon.core.main.TestSuiteExecutor.accessTestCaseMainPhase(TestSuiteExecutor.java:202)
	at com.kms.katalon.core.main.TestSuiteExecutor.accessTestSuiteMainPhase(TestSuiteExecutor.java:164)
	at com.kms.katalon.core.main.TestSuiteExecutor.execute(TestSuiteExecutor.java:105)
	at com.kms.katalon.core.main.TestCaseMain.startTestSuite(TestCaseMain.java:181)
	at com.kms.katalon.core.main.TestCaseMain$startTestSuite$0.call(Unknown Source)
	at TempTestSuite1639780222929.run(TempTestSuite1639780222929.groovy:36)
Caused by: com.kms.katalon.core.webui.exception.WebElementNotFoundException: Web element with id: 'Object Repository/Modulo Tarea Administracion Compensacion/Creacion Puesto de Trabajo/a_Administracion' located by '
//li[2]/ul/li/span/span[3]/span' not found
	at com.kms.katalon.core.webui.common.WebUiCommonHelper.findWebElement(WebUiCommonHelper.java:1368)
	at com.kms.katalon.core.webui.keyword.internal.WebUIAbstractKeyword.findWebElement(WebUIAbstractKeyword.groovy:27)
	at com.kms.katalon.core.webui.keyword.builtin.ClickKeyword$_click_closure1.doCall(ClickKeyword.groovy:65)
	at com.kms.katalon.core.webui.keyword.builtin.ClickKeyword$_click_closure1.call(ClickKeyword.groovy)
	at com.kms.katalon.core.webui.keyword.internal.WebUIKeywordMain.runKeyword(WebUIKeywordMain.groovy:20)
	at com.kms.katalon.core.webui.keyword.builtin.ClickKeyword.click(ClickKeyword.groovy:74)
	at com.kms.katalon.core.webui.keyword.builtin.ClickKeyword.execute(ClickKeyword.groovy:40)
	at com.kms.katalon.core.keyword.internal.KeywordExecutor.executeKeywordForPlatform(KeywordExecutor.groovy:74)
	at com.kms.katalon.core.webui.keyword.WebUiBuiltInKeywords.click(WebUiBuiltInKeywords.groovy:620)
	at com.kms.katalon.core.webui.keyword.WebUiBuiltInKeywords$click$5.call(Unknown Source)
	at Script1548866424668.run(Script1548866424668.groovy:26)
	... 13 more
)
[[ATTACHMENT|C:\\Users\\diego.rojas\\git\\Pruebas-Minimas\\Reports\\20211217_173017\\1-Tareas Principales\\20211217_173022\\1639782977782.png]]]]></system-out>
         <system-err><![CDATA[2021-12-17 18:14:46 - [TEST_CASE][FAILED] - Test Cases/1.1-Tareas Principales/1.4.4-Crear Puesto de Trabajo: Test Cases/1.1-Tareas Principales/1.4.4-Crear Puesto de Trabajo FAILED.
Reason:
com.kms.katalon.core.exception.StepFailedException: Unable to click on object 'Object Repository/Modulo Tarea Administracion Compensacion/Creacion Puesto de Trabajo/a_Administracion'
	at com.kms.katalon.core.webui.keyword.internal.WebUIKeywordMain.stepFailed(WebUIKeywordMain.groovy:64)
	at com.kms.katalon.core.webui.keyword.internal.WebUIKeywordMain.runKeyword(WebUIKeywordMain.groovy:26)
	at com.kms.katalon.core.webui.keyword.builtin.ClickKeyword.click(ClickKeyword.groovy:74)
	at com.kms.katalon.core.webui.keyword.builtin.ClickKeyword.execute(ClickKeyword.groovy:40)
	at com.kms.katalon.core.keyword.internal.KeywordExecutor.executeKeywordForPlatform(KeywordExecutor.groovy:74)
	at com.kms.katalon.core.webui.keyword.WebUiBuiltInKeywords.click(WebUiBuiltInKeywords.groovy:620)
	at com.kms.katalon.core.webui.keyword.WebUiBuiltInKeywords$click$5.call(Unknown Source)
	at 1.4.4-Crear Puesto de Trabajo.run(1.4.4-Crear Puesto de Trabajo:26)
	at com.kms.katalon.core.main.ScriptEngine.run(ScriptEngine.java:194)
	at com.kms.katalon.core.main.ScriptEngine.runScriptAsRawText(ScriptEngine.java:119)
	at com.kms.katalon.core.main.TestCaseExecutor.runScript(TestCaseExecutor.java:442)
	at com.kms.katalon.core.main.TestCaseExecutor.doExecute(TestCaseExecutor.java:433)
	at com.kms.katalon.core.main.TestCaseExecutor.processExecutionPhase(TestCaseExecutor.java:412)
	at com.kms.katalon.core.main.TestCaseExecutor.accessMainPhase(TestCaseExecutor.java:404)
	at com.kms.katalon.core.main.TestCaseExecutor.execute(TestCaseExecutor.java:281)
	at com.kms.katalon.core.main.TestSuiteExecutor.accessTestCaseMainPhase(TestSuiteExecutor.java:202)
	at com.kms.katalon.core.main.TestSuiteExecutor.accessTestSuiteMainPhase(TestSuiteExecutor.java:164)
	at com.kms.katalon.core.main.TestSuiteExecutor.execute(TestSuiteExecutor.java:105)
	at com.kms.katalon.core.main.TestCaseMain.startTestSuite(TestCaseMain.java:181)
	at com.kms.katalon.core.main.TestCaseMain$startTestSuite$0.call(Unknown Source)
	at TempTestSuite1639780222929.run(TempTestSuite1639780222929.groovy:36)
Caused by: com.kms.katalon.core.webui.exception.WebElementNotFoundException: Web element with id: 'Object Repository/Modulo Tarea Administracion Compensacion/Creacion Puesto de Trabajo/a_Administracion' located by '
//li[2]/ul/li/span/span[3]/span' not found
	at com.kms.katalon.core.webui.common.WebUiCommonHelper.findWebElement(WebUiCommonHelper.java:1368)
	at com.kms.katalon.core.webui.keyword.internal.WebUIAbstractKeyword.findWebElement(WebUIAbstractKeyword.groovy:27)
	at com.kms.katalon.core.webui.keyword.builtin.ClickKeyword$_click_closure1.doCall(ClickKeyword.groovy:65)
	at com.kms.katalon.core.webui.keyword.builtin.ClickKeyword$_click_closure1.call(ClickKeyword.groovy)
	at com.kms.katalon.core.webui.keyword.internal.WebUIKeywordMain.runKeyword(WebUIKeywordMain.groovy:20)
	... 19 more]]></system-err>
      </testcase>
      <testcase name="Test Cases/1.1-Tareas Principales/1.4.5-Actualizacion de Datos en Puesto de Trabajo" time="92.284" classname="Test Cases/1.1-Tareas Principales/1.4.5-Actualizacion de Datos en Puesto de Trabajo" status="FAILED">
         <failure type="FAILED" message="Test Cases/1.1-Tareas Principales/1.4.5-Actualizacion de Datos en Puesto de Trabajo FAILED.
Reason:
com.kms.katalon.core.exception.StepFailedException: Unable to click on object 'Object Repository/Modulo Tarea Administracion Compensacion/Actualizacion de Datos en Puesto de Trabajo/span_Administracion'
	at com.kms.katalon.core.webui.keyword.internal.WebUIKeywordMain.stepFailed(WebUIKeywordMain.groovy:64)
	at com.kms.katalon.core.webui.keyword.internal.WebUIKeywordMain.runKeyword(WebUIKeywordMain.groovy:26)
	at com.kms.katalon.core.webui.keyword.builtin.ClickKeyword.click(ClickKeyword.groovy:74)
	at com.kms.katalon.core.webui.keyword.builtin.ClickKeyword.execute(ClickKeyword.groovy:40)
	at com.kms.katalon.core.keyword.internal.KeywordExecutor.executeKeywordForPlatform(KeywordExecutor.groovy:74)
	at com.kms.katalon.core.webui.keyword.WebUiBuiltInKeywords.click(WebUiBuiltInKeywords.groovy:620)
	at com.kms.katalon.core.webui.keyword.WebUiBuiltInKeywords$click$5.call(Unknown Source)
	at 1.4.5-Actualizacion de Datos en Puesto de Trabajo.run(1.4.5-Actualizacion de Datos en Puesto de Trabajo:31)
	at com.kms.katalon.core.main.ScriptEngine.run(ScriptEngine.java:194)
	at com.kms.katalon.core.main.ScriptEngine.runScriptAsRawText(ScriptEngine.java:119)
	at com.kms.katalon.core.main.TestCaseExecutor.runScript(TestCaseExecutor.java:442)
	at com.kms.katalon.core.main.TestCaseExecutor.doExecute(TestCaseExecutor.java:433)
	at com.kms.katalon.core.main.TestCaseExecutor.processExecutionPhase(TestCaseExecutor.java:412)
	at com.kms.katalon.core.main.TestCaseExecutor.accessMainPhase(TestCaseExecutor.java:404)
	at com.kms.katalon.core.main.TestCaseExecutor.execute(TestCaseExecutor.java:281)
	at com.kms.katalon.core.main.TestSuiteExecutor.accessTestCaseMainPhase(TestSuiteExecutor.java:202)
	at com.kms.katalon.core.main.TestSuiteExecutor.accessTestSuiteMainPhase(TestSuiteExecutor.java:164)
	at com.kms.katalon.core.main.TestSuiteExecutor.execute(TestSuiteExecutor.java:105)
	at com.kms.katalon.core.main.TestCaseMain.startTestSuite(TestCaseMain.java:181)
	at com.kms.katalon.core.main.TestCaseMain$startTestSuite$0.call(Unknown Source)
	at TempTestSuite1639780222929.run(TempTestSuite1639780222929.groovy:36)
Caused by: com.kms.katalon.core.webui.exception.WebElementNotFoundException: Web element with id: 'Object Repository/Modulo Tarea Administracion Compensacion/Actualizacion de Datos en Puesto de Trabajo/span_Administracion' located by '
//li[2]/ul/li/span/span[3]/span' not found
	at com.kms.katalon.core.webui.common.WebUiCommonHelper.findWebElement(WebUiCommonHelper.java:1368)
	at com.kms.katalon.core.webui.keyword.internal.WebUIAbstractKeyword.findWebElement(WebUIAbstractKeyword.groovy:27)
	at com.kms.katalon.core.webui.keyword.builtin.ClickKeyword$_click_closure1.doCall(ClickKeyword.groovy:65)
	at com.kms.katalon.core.webui.keyword.builtin.ClickKeyword$_click_closure1.call(ClickKeyword.groovy)
	at com.kms.katalon.core.webui.keyword.internal.WebUIKeywordMain.runKeyword(WebUIKeywordMain.groovy:20)
	... 19 more
"/>
         <system-out><![CDATA[2021-12-17 18:16:17 - [TEST_CASE][FAILED] - Test Cases/1.1-Tareas Principales/1.4.5-Actualizacion de Datos en Puesto de Trabajo: Test Cases/1.1-Tareas Principales/1.4.5-Actualizacion de Datos en Puesto de Trabajo FAILED.
Reason:
com.kms.katalon.core.exception.StepFailedException: Unable to click on object 'Object Repository/Modulo Tarea Administracion Compensacion/Actualizacion de Datos en Puesto de Trabajo/span_Administracion'
	at com.kms.katalon.core.webui.keyword.internal.WebUIKeywordMain.stepFailed(WebUIKeywordMain.groovy:64)
	at com.kms.katalon.core.webui.keyword.internal.WebUIKeywordMain.runKeyword(WebUIKeywordMain.groovy:26)
	at com.kms.katalon.core.webui.keyword.builtin.ClickKeyword.click(ClickKeyword.groovy:74)
	at com.kms.katalon.core.webui.keyword.builtin.ClickKeyword.execute(ClickKeyword.groovy:40)
	at com.kms.katalon.core.keyword.internal.KeywordExecutor.executeKeywordForPlatform(KeywordExecutor.groovy:74)
	at com.kms.katalon.core.webui.keyword.WebUiBuiltInKeywords.click(WebUiBuiltInKeywords.groovy:620)
	at com.kms.katalon.core.webui.keyword.WebUiBuiltInKeywords$click$5.call(Unknown Source)
	at 1.4.5-Actualizacion de Datos en Puesto de Trabajo.run(1.4.5-Actualizacion de Datos en Puesto de Trabajo:31)
	at com.kms.katalon.core.main.ScriptEngine.run(ScriptEngine.java:194)
	at com.kms.katalon.core.main.ScriptEngine.runScriptAsRawText(ScriptEngine.java:119)
	at com.kms.katalon.core.main.TestCaseExecutor.runScript(TestCaseExecutor.java:442)
	at com.kms.katalon.core.main.TestCaseExecutor.doExecute(TestCaseExecutor.java:433)
	at com.kms.katalon.core.main.TestCaseExecutor.processExecutionPhase(TestCaseExecutor.java:412)
	at com.kms.katalon.core.main.TestCaseExecutor.accessMainPhase(TestCaseExecutor.java:404)
	at com.kms.katalon.core.main.TestCaseExecutor.execute(TestCaseExecutor.java:281)
	at com.kms.katalon.core.main.TestSuiteExecutor.accessTestCaseMainPhase(TestSuiteExecutor.java:202)
	at com.kms.katalon.core.main.TestSuiteExecutor.accessTestSuiteMainPhase(TestSuiteExecutor.java:164)
	at com.kms.katalon.core.main.TestSuiteExecutor.execute(TestSuiteExecutor.java:105)
	at com.kms.katalon.core.main.TestCaseMain.startTestSuite(TestCaseMain.java:181)
	at com.kms.katalon.core.main.TestCaseMain$startTestSuite$0.call(Unknown Source)
	at TempTestSuite1639780222929.run(TempTestSuite1639780222929.groovy:36)
Caused by: com.kms.katalon.core.webui.exception.WebElementNotFoundException: Web element with id: 'Object Repository/Modulo Tarea Administracion Compensacion/Actualizacion de Datos en Puesto de Trabajo/span_Administracion' located by '
//li[2]/ul/li/span/span[3]/span' not found
	at com.kms.katalon.core.webui.common.WebUiCommonHelper.findWebElement(WebUiCommonHelper.java:1368)
	at com.kms.katalon.core.webui.keyword.internal.WebUIAbstractKeyword.findWebElement(WebUIAbstractKeyword.groovy:27)
	at com.kms.katalon.core.webui.keyword.builtin.ClickKeyword$_click_closure1.doCall(ClickKeyword.groovy:65)
	at com.kms.katalon.core.webui.keyword.builtin.ClickKeyword$_click_closure1.call(ClickKeyword.groovy)
	at com.kms.katalon.core.webui.keyword.internal.WebUIKeywordMain.runKeyword(WebUIKeywordMain.groovy:20)
	... 19 more


2021-12-17 18:16:18 - [TEST_STEP][PASSED] - random_double = Math.random() * 9999 + 999: null

2021-12-17 18:16:18 - [TEST_STEP][PASSED] - random_double = Math.round(random_double * 100 + 1000000): null

2021-12-17 18:16:18 - [TEST_STEP][PASSED] - identificacion = toString().replace(".0", ""): null

2021-12-17 18:16:18 - [TEST_STEP][PASSED] - callTestCase(findTestCase("Hutilidades/Tareas Administracion Compensacion/Tarea Planta Personal"), [:], STOP_ON_FAILURE): Call Test Case 'Test Cases/Hutilidades/Tareas Administracion Compensacion/Tarea Planta Personal' successfully

2021-12-17 18:16:18 - [TEST_CASE][PASSED] - Test Cases/Hutilidades/Tareas Administracion Compensacion/Tarea Planta Personal: Test Cases/Hutilidades/Tareas Administracion Compensacion/Tarea Planta Personal

2021-12-17 18:16:18 - [TEST_STEP][PASSED] - callTestCase(findTestCase("0.1-Login"), [:], STOP_ON_FAILURE): Call Test Case 'Test Cases/0.1-Login' successfully

2021-12-17 18:16:18 - [TEST_CASE][PASSED] - Test Cases/0.1-Login: Test Cases/0.1-Login

2021-12-17 18:16:18 - [TEST_STEP][PASSED] - openBrowser(""): Browser is opened with url: ''

2021-12-17 18:16:18 - [MESSAGE][WARNING] - A browser is already opened. Closing browser and opening a new one

2021-12-17 18:16:19 - [MESSAGE][INFO] - Starting 'Chrome' driver

2021-12-17 18:16:19 - [MESSAGE][INFO] - Action delay is set to 0 milliseconds

2021-12-17 18:16:20 - [MESSAGE][PASSED] - Browser is opened with url: ''

2021-12-17 18:16:20 - [TEST_STEP][PASSED] - maximizeWindow(): Current window maximized

2021-12-17 18:16:20 - [MESSAGE][PASSED] - Current window maximized

2021-12-17 18:16:20 - [TEST_STEP][PASSED] - i = G_Login: null

2021-12-17 18:16:20 - [TEST_STEP][PASSED] - url = new java.net.URL(i): null

2021-12-17 18:16:20 - [TEST_STEP][PASSED] - println("URL: " + url.toString()): null

2021-12-17 18:16:20 - [TEST_STEP][PASSED] - connection = url.openConnection(): null

2021-12-17 18:16:20 - [TEST_STEP][PASSED] - connection.setRequestMethod("GET"): null

2021-12-17 18:16:20 - [TEST_STEP][PASSED] - connection.setReadTimeout(2 * 1000): null

2021-12-17 18:16:20 - [TEST_STEP][PASSED] - try: null

2021-12-17 18:16:20 - [TEST_STEP][PASSED] - connection.connect(): null

2021-12-17 18:16:20 - [TEST_STEP][PASSED] - flag = connected: null

2021-12-17 18:16:20 - [TEST_STEP][PASSED] - println("Valor_ori: " + flag): null

2021-12-17 18:16:20 - [TEST_STEP][PASSED] - if (flag): null

2021-12-17 18:16:20 - [TEST_STEP][PASSED] - navigateToUrl(i): Navigate to 'http://192.168.2.29:7001/saraweb' successfully

2021-12-17 18:16:25 - [MESSAGE][PASSED] - Navigate to 'http://192.168.2.29:7001/saraweb' successfully

2021-12-17 18:16:25 - [TEST_STEP][PASSED] - a(): null

2021-12-17 18:16:25 - [TEST_STEP][PASSED] - setText(findTestObject("Login/input_USUARIO_loginusuario"), G_Usuario): Text 'weblogic' is set on object 'Object Repository/Login/input_USUARIO_loginusuario'

2021-12-17 18:16:26 - [MESSAGE][PASSED] - Text 'weblogic' is set on object 'Object Repository/Login/input_USUARIO_loginusuario'

2021-12-17 18:16:26 - [TEST_STEP][PASSED] - setEncryptedText(findTestObject("Login/input_CLAVE_loginpassword"), "MkG4/TYiCFC3cb2driP7+Q=="): Text ****** has been set on object 'Object Repository/Login/input_CLAVE_loginpassword'

2021-12-17 18:16:27 - [MESSAGE][PASSED] - Text ****** has been set on object 'Object Repository/Login/input_CLAVE_loginpassword'

2021-12-17 18:16:27 - [TEST_STEP][PASSED] - waitForElementClickable(findTestObject("Login/a_Ingresar"), G_TimeOut): Object 'Object Repository/Login/a_Ingresar' is clickable

2021-12-17 18:16:27 - [MESSAGE][PASSED] - Object 'Object Repository/Login/a_Ingresar' is clickable

2021-12-17 18:16:27 - [TEST_STEP][PASSED] - click(findTestObject("Login/a_Ingresar")): Object: 'Object Repository/Login/a_Ingresar' is clicked on

2021-12-17 18:16:36 - [MESSAGE][PASSED] - Object: 'Object Repository/Login/a_Ingresar' is clicked on

2021-12-17 18:16:36 - [TEST_STEP][PASSED] - element = findWebElement(findTestObject("Login/a_Ir"), 30): null

2021-12-17 18:16:36 - [TEST_STEP][PASSED] - executeJavaScript("arguments[0].click()", Arrays.asList(element)): Execute JavaScript 'arguments[0].click()' successfully

2021-12-17 18:16:36 - [MESSAGE][PASSED] - Execute JavaScript 'arguments[0].click()' successfully

2021-12-17 18:16:36 - [MESSAGE][PASSED] - Call Test Case 'Test Cases/0.1-Login' successfully

2021-12-17 18:16:36 - [TEST_STEP][PASSED] - delay(2): Delayed 2 second(s)

2021-12-17 18:16:38 - [MESSAGE][PASSED] - Delayed 2 second(s)

2021-12-17 18:16:38 - [TEST_STEP][PASSED] - setText(findTestObject("Modulo Tarea Administracion Compensacion/Tarea Planta Personal/input_Ir_nav_t66_input"), "Planta Personal"): Text 'Planta Personal' is set on object 'Object Repository/Modulo Tarea Administracion Compensacion/Tarea Planta Personal/input_Ir_nav_t66_input'

2021-12-17 18:16:45 - [MESSAGE][PASSED] - Text 'Planta Personal' is set on object 'Object Repository/Modulo Tarea Administracion Compensacion/Tarea Planta Personal/input_Ir_nav_t66_input'

2021-12-17 18:16:45 - [TEST_STEP][PASSED] - delay(2): Delayed 2 second(s)

2021-12-17 18:16:47 - [MESSAGE][PASSED] - Delayed 2 second(s)

2021-12-17 18:16:47 - [TEST_STEP][PASSED] - sendKeys(findTestObject("Modulo Tarea Administracion Compensacion/Tarea Planta Personal/input_Ir_nav_t66_input"), Keys.chord(ENTER)): Keys 'ENTER + ' sent to object: 'Object Repository/Modulo Tarea Administracion Compensacion/Tarea Planta Personal/input_Ir_nav_t66_input'

2021-12-17 18:16:47 - [MESSAGE][PASSED] - Keys 'ENTER + ' sent to object: 'Object Repository/Modulo Tarea Administracion Compensacion/Tarea Planta Personal/input_Ir_nav_t66_input'

2021-12-17 18:16:47 - [MESSAGE][PASSED] - Call Test Case 'Test Cases/Hutilidades/Tareas Administracion Compensacion/Tarea Planta Personal' successfully

2021-12-17 18:16:47 - [TEST_STEP][PASSED] - waitForElementClickable(findTestObject("Modulo Tarea Administracion Compensacion/Actualizacion de Datos en Puesto de Trabajo/span_Administracion"), 0): Web element with id: 'Object Repository/Modulo Tarea Administracion Compensacion/Actualizacion de Datos en Puesto de Trabajo/span_Administracion' located by '
//li[2]/ul/li/span/span[3]/span' not found

2021-12-17 18:16:47 - [MESSAGE][WARNING] - Timeout '0' is invalid. Using default page load timeout: '30'

2021-12-17 18:17:18 - [MESSAGE][INFO] - Unable to find the element located by 'By.xpath: 
//li[2]/ul/li/span/span[3]/span'. Please recheck the objects properties to make sure the desired element is located. 

2021-12-17 18:17:18 - [MESSAGE][WARNING] - Web element with id: 'Object Repository/Modulo Tarea Administracion Compensacion/Actualizacion de Datos en Puesto de Trabajo/span_Administracion' located by '
//li[2]/ul/li/span/span[3]/span' not found

2021-12-17 18:17:18 - [TEST_STEP][FAILED] - click(findTestObject("Modulo Tarea Administracion Compensacion/Actualizacion de Datos en Puesto de Trabajo/span_Administracion")): Unable to click on object 'Object Repository/Modulo Tarea Administracion Compensacion/Actualizacion de Datos en Puesto de Trabajo/span_Administracion' (Root cause: com.kms.katalon.core.exception.StepFailedException: Unable to click on object 'Object Repository/Modulo Tarea Administracion Compensacion/Actualizacion de Datos en Puesto de Trabajo/span_Administracion'
	at com.kms.katalon.core.webui.keyword.internal.WebUIKeywordMain.stepFailed(WebUIKeywordMain.groovy:64)
	at com.kms.katalon.core.webui.keyword.internal.WebUIKeywordMain.runKeyword(WebUIKeywordMain.groovy:26)
	at com.kms.katalon.core.webui.keyword.builtin.ClickKeyword.click(ClickKeyword.groovy:74)
	at com.kms.katalon.core.webui.keyword.builtin.ClickKeyword.execute(ClickKeyword.groovy:40)
	at com.kms.katalon.core.keyword.internal.KeywordExecutor.executeKeywordForPlatform(KeywordExecutor.groovy:74)
	at com.kms.katalon.core.webui.keyword.WebUiBuiltInKeywords.click(WebUiBuiltInKeywords.groovy:620)
	at com.kms.katalon.core.webui.keyword.WebUiBuiltInKeywords$click$5.call(Unknown Source)
	at 1.4.5-Actualizacion de Datos en Puesto de Trabajo.run(1.4.5-Actualizacion de Datos en Puesto de Trabajo:31)
	at com.kms.katalon.core.main.ScriptEngine.run(ScriptEngine.java:194)
	at com.kms.katalon.core.main.ScriptEngine.runScriptAsRawText(ScriptEngine.java:119)
	at com.kms.katalon.core.main.TestCaseExecutor.runScript(TestCaseExecutor.java:442)
	at com.kms.katalon.core.main.TestCaseExecutor.doExecute(TestCaseExecutor.java:433)
	at com.kms.katalon.core.main.TestCaseExecutor.processExecutionPhase(TestCaseExecutor.java:412)
	at com.kms.katalon.core.main.TestCaseExecutor.accessMainPhase(TestCaseExecutor.java:404)
	at com.kms.katalon.core.main.TestCaseExecutor.execute(TestCaseExecutor.java:281)
	at com.kms.katalon.core.main.TestSuiteExecutor.accessTestCaseMainPhase(TestSuiteExecutor.java:202)
	at com.kms.katalon.core.main.TestSuiteExecutor.accessTestSuiteMainPhase(TestSuiteExecutor.java:164)
	at com.kms.katalon.core.main.TestSuiteExecutor.execute(TestSuiteExecutor.java:105)
	at com.kms.katalon.core.main.TestCaseMain.startTestSuite(TestCaseMain.java:181)
	at com.kms.katalon.core.main.TestCaseMain$startTestSuite$0.call(Unknown Source)
	at TempTestSuite1639780222929.run(TempTestSuite1639780222929.groovy:36)
Caused by: com.kms.katalon.core.webui.exception.WebElementNotFoundException: Web element with id: 'Object Repository/Modulo Tarea Administracion Compensacion/Actualizacion de Datos en Puesto de Trabajo/span_Administracion' located by '
//li[2]/ul/li/span/span[3]/span' not found
	at com.kms.katalon.core.webui.common.WebUiCommonHelper.findWebElement(WebUiCommonHelper.java:1368)
	at com.kms.katalon.core.webui.keyword.internal.WebUIAbstractKeyword.findWebElement(WebUIAbstractKeyword.groovy:27)
	at com.kms.katalon.core.webui.keyword.builtin.ClickKeyword$_click_closure1.doCall(ClickKeyword.groovy:65)
	at com.kms.katalon.core.webui.keyword.builtin.ClickKeyword$_click_closure1.call(ClickKeyword.groovy)
	at com.kms.katalon.core.webui.keyword.internal.WebUIKeywordMain.runKeyword(WebUIKeywordMain.groovy:20)
	at com.kms.katalon.core.webui.keyword.builtin.ClickKeyword.click(ClickKeyword.groovy:74)
	at com.kms.katalon.core.webui.keyword.builtin.ClickKeyword.execute(ClickKeyword.groovy:40)
	at com.kms.katalon.core.keyword.internal.KeywordExecutor.executeKeywordForPlatform(KeywordExecutor.groovy:74)
	at com.kms.katalon.core.webui.keyword.WebUiBuiltInKeywords.click(WebUiBuiltInKeywords.groovy:620)
	at com.kms.katalon.core.webui.keyword.WebUiBuiltInKeywords$click$5.call(Unknown Source)
	at Script1548866453227.run(Script1548866453227.groovy:31)
	... 13 more
)

2021-12-17 18:17:50 - [MESSAGE][INFO] - Unable to find the element located by 'By.xpath: 
//li[2]/ul/li/span/span[3]/span'. Please recheck the objects properties to make sure the desired element is located. 

2021-12-17 18:17:50 - [MESSAGE][FAILED] - Unable to click on object 'Object Repository/Modulo Tarea Administracion Compensacion/Actualizacion de Datos en Puesto de Trabajo/span_Administracion' (Root cause: com.kms.katalon.core.exception.StepFailedException: Unable to click on object 'Object Repository/Modulo Tarea Administracion Compensacion/Actualizacion de Datos en Puesto de Trabajo/span_Administracion'
	at com.kms.katalon.core.webui.keyword.internal.WebUIKeywordMain.stepFailed(WebUIKeywordMain.groovy:64)
	at com.kms.katalon.core.webui.keyword.internal.WebUIKeywordMain.runKeyword(WebUIKeywordMain.groovy:26)
	at com.kms.katalon.core.webui.keyword.builtin.ClickKeyword.click(ClickKeyword.groovy:74)
	at com.kms.katalon.core.webui.keyword.builtin.ClickKeyword.execute(ClickKeyword.groovy:40)
	at com.kms.katalon.core.keyword.internal.KeywordExecutor.executeKeywordForPlatform(KeywordExecutor.groovy:74)
	at com.kms.katalon.core.webui.keyword.WebUiBuiltInKeywords.click(WebUiBuiltInKeywords.groovy:620)
	at com.kms.katalon.core.webui.keyword.WebUiBuiltInKeywords$click$5.call(Unknown Source)
	at 1.4.5-Actualizacion de Datos en Puesto de Trabajo.run(1.4.5-Actualizacion de Datos en Puesto de Trabajo:31)
	at com.kms.katalon.core.main.ScriptEngine.run(ScriptEngine.java:194)
	at com.kms.katalon.core.main.ScriptEngine.runScriptAsRawText(ScriptEngine.java:119)
	at com.kms.katalon.core.main.TestCaseExecutor.runScript(TestCaseExecutor.java:442)
	at com.kms.katalon.core.main.TestCaseExecutor.doExecute(TestCaseExecutor.java:433)
	at com.kms.katalon.core.main.TestCaseExecutor.processExecutionPhase(TestCaseExecutor.java:412)
	at com.kms.katalon.core.main.TestCaseExecutor.accessMainPhase(TestCaseExecutor.java:404)
	at com.kms.katalon.core.main.TestCaseExecutor.execute(TestCaseExecutor.java:281)
	at com.kms.katalon.core.main.TestSuiteExecutor.accessTestCaseMainPhase(TestSuiteExecutor.java:202)
	at com.kms.katalon.core.main.TestSuiteExecutor.accessTestSuiteMainPhase(TestSuiteExecutor.java:164)
	at com.kms.katalon.core.main.TestSuiteExecutor.execute(TestSuiteExecutor.java:105)
	at com.kms.katalon.core.main.TestCaseMain.startTestSuite(TestCaseMain.java:181)
	at com.kms.katalon.core.main.TestCaseMain$startTestSuite$0.call(Unknown Source)
	at TempTestSuite1639780222929.run(TempTestSuite1639780222929.groovy:36)
Caused by: com.kms.katalon.core.webui.exception.WebElementNotFoundException: Web element with id: 'Object Repository/Modulo Tarea Administracion Compensacion/Actualizacion de Datos en Puesto de Trabajo/span_Administracion' located by '
//li[2]/ul/li/span/span[3]/span' not found
	at com.kms.katalon.core.webui.common.WebUiCommonHelper.findWebElement(WebUiCommonHelper.java:1368)
	at com.kms.katalon.core.webui.keyword.internal.WebUIAbstractKeyword.findWebElement(WebUIAbstractKeyword.groovy:27)
	at com.kms.katalon.core.webui.keyword.builtin.ClickKeyword$_click_closure1.doCall(ClickKeyword.groovy:65)
	at com.kms.katalon.core.webui.keyword.builtin.ClickKeyword$_click_closure1.call(ClickKeyword.groovy)
	at com.kms.katalon.core.webui.keyword.internal.WebUIKeywordMain.runKeyword(WebUIKeywordMain.groovy:20)
	at com.kms.katalon.core.webui.keyword.builtin.ClickKeyword.click(ClickKeyword.groovy:74)
	at com.kms.katalon.core.webui.keyword.builtin.ClickKeyword.execute(ClickKeyword.groovy:40)
	at com.kms.katalon.core.keyword.internal.KeywordExecutor.executeKeywordForPlatform(KeywordExecutor.groovy:74)
	at com.kms.katalon.core.webui.keyword.WebUiBuiltInKeywords.click(WebUiBuiltInKeywords.groovy:620)
	at com.kms.katalon.core.webui.keyword.WebUiBuiltInKeywords$click$5.call(Unknown Source)
	at Script1548866453227.run(Script1548866453227.groovy:31)
	... 13 more
)
[[ATTACHMENT|C:\\Users\\diego.rojas\\git\\Pruebas-Minimas\\Reports\\20211217_173017\\1-Tareas Principales\\20211217_173022\\1639783070062.png]]]]></system-out>
         <system-err><![CDATA[2021-12-17 18:16:17 - [TEST_CASE][FAILED] - Test Cases/1.1-Tareas Principales/1.4.5-Actualizacion de Datos en Puesto de Trabajo: Test Cases/1.1-Tareas Principales/1.4.5-Actualizacion de Datos en Puesto de Trabajo FAILED.
Reason:
com.kms.katalon.core.exception.StepFailedException: Unable to click on object 'Object Repository/Modulo Tarea Administracion Compensacion/Actualizacion de Datos en Puesto de Trabajo/span_Administracion'
	at com.kms.katalon.core.webui.keyword.internal.WebUIKeywordMain.stepFailed(WebUIKeywordMain.groovy:64)
	at com.kms.katalon.core.webui.keyword.internal.WebUIKeywordMain.runKeyword(WebUIKeywordMain.groovy:26)
	at com.kms.katalon.core.webui.keyword.builtin.ClickKeyword.click(ClickKeyword.groovy:74)
	at com.kms.katalon.core.webui.keyword.builtin.ClickKeyword.execute(ClickKeyword.groovy:40)
	at com.kms.katalon.core.keyword.internal.KeywordExecutor.executeKeywordForPlatform(KeywordExecutor.groovy:74)
	at com.kms.katalon.core.webui.keyword.WebUiBuiltInKeywords.click(WebUiBuiltInKeywords.groovy:620)
	at com.kms.katalon.core.webui.keyword.WebUiBuiltInKeywords$click$5.call(Unknown Source)
	at 1.4.5-Actualizacion de Datos en Puesto de Trabajo.run(1.4.5-Actualizacion de Datos en Puesto de Trabajo:31)
	at com.kms.katalon.core.main.ScriptEngine.run(ScriptEngine.java:194)
	at com.kms.katalon.core.main.ScriptEngine.runScriptAsRawText(ScriptEngine.java:119)
	at com.kms.katalon.core.main.TestCaseExecutor.runScript(TestCaseExecutor.java:442)
	at com.kms.katalon.core.main.TestCaseExecutor.doExecute(TestCaseExecutor.java:433)
	at com.kms.katalon.core.main.TestCaseExecutor.processExecutionPhase(TestCaseExecutor.java:412)
	at com.kms.katalon.core.main.TestCaseExecutor.accessMainPhase(TestCaseExecutor.java:404)
	at com.kms.katalon.core.main.TestCaseExecutor.execute(TestCaseExecutor.java:281)
	at com.kms.katalon.core.main.TestSuiteExecutor.accessTestCaseMainPhase(TestSuiteExecutor.java:202)
	at com.kms.katalon.core.main.TestSuiteExecutor.accessTestSuiteMainPhase(TestSuiteExecutor.java:164)
	at com.kms.katalon.core.main.TestSuiteExecutor.execute(TestSuiteExecutor.java:105)
	at com.kms.katalon.core.main.TestCaseMain.startTestSuite(TestCaseMain.java:181)
	at com.kms.katalon.core.main.TestCaseMain$startTestSuite$0.call(Unknown Source)
	at TempTestSuite1639780222929.run(TempTestSuite1639780222929.groovy:36)
Caused by: com.kms.katalon.core.webui.exception.WebElementNotFoundException: Web element with id: 'Object Repository/Modulo Tarea Administracion Compensacion/Actualizacion de Datos en Puesto de Trabajo/span_Administracion' located by '
//li[2]/ul/li/span/span[3]/span' not found
	at com.kms.katalon.core.webui.common.WebUiCommonHelper.findWebElement(WebUiCommonHelper.java:1368)
	at com.kms.katalon.core.webui.keyword.internal.WebUIAbstractKeyword.findWebElement(WebUIAbstractKeyword.groovy:27)
	at com.kms.katalon.core.webui.keyword.builtin.ClickKeyword$_click_closure1.doCall(ClickKeyword.groovy:65)
	at com.kms.katalon.core.webui.keyword.builtin.ClickKeyword$_click_closure1.call(ClickKeyword.groovy)
	at com.kms.katalon.core.webui.keyword.internal.WebUIKeywordMain.runKeyword(WebUIKeywordMain.groovy:20)
	... 19 more]]></system-err>
      </testcase>
      <testcase name="Test Cases/1.1-Tareas Principales/1.4.6-Prestamo Liquidacion Periodica" time="84.528" classname="Test Cases/1.1-Tareas Principales/1.4.6-Prestamo Liquidacion Periodica" status="FAILED">
         <failure type="FAILED" message="Test Cases/1.1-Tareas Principales/1.4.6-Prestamo Liquidacion Periodica FAILED.
Reason:
com.kms.katalon.core.exception.StepFailedException: Unable to get text of object 'Object Repository/Alerta/Alerta'
	at com.kms.katalon.core.webui.keyword.internal.WebUIKeywordMain.stepFailed(WebUIKeywordMain.groovy:64)
	at com.kms.katalon.core.webui.keyword.internal.WebUIKeywordMain.runKeyword(WebUIKeywordMain.groovy:26)
	at com.kms.katalon.core.webui.keyword.builtin.GetTextKeyword.getText(GetTextKeyword.groovy:88)
	at com.kms.katalon.core.webui.keyword.builtin.GetTextKeyword.execute(GetTextKeyword.groovy:67)
	at com.kms.katalon.core.keyword.internal.KeywordExecutor.executeKeywordForPlatform(KeywordExecutor.groovy:74)
	at com.kms.katalon.core.webui.keyword.WebUiBuiltInKeywords.getText(WebUiBuiltInKeywords.groovy:918)
	at com.kms.katalon.core.webui.keyword.WebUiBuiltInKeywords$getText$12.call(Unknown Source)
	at 1.4.6-Prestamo Liquidacion Periodica.run(1.4.6-Prestamo Liquidacion Periodica:95)
	at com.kms.katalon.core.main.ScriptEngine.run(ScriptEngine.java:194)
	at com.kms.katalon.core.main.ScriptEngine.runScriptAsRawText(ScriptEngine.java:119)
	at com.kms.katalon.core.main.TestCaseExecutor.runScript(TestCaseExecutor.java:442)
	at com.kms.katalon.core.main.TestCaseExecutor.doExecute(TestCaseExecutor.java:433)
	at com.kms.katalon.core.main.TestCaseExecutor.processExecutionPhase(TestCaseExecutor.java:412)
	at com.kms.katalon.core.main.TestCaseExecutor.accessMainPhase(TestCaseExecutor.java:404)
	at com.kms.katalon.core.main.TestCaseExecutor.execute(TestCaseExecutor.java:281)
	at com.kms.katalon.core.main.TestSuiteExecutor.accessTestCaseMainPhase(TestSuiteExecutor.java:202)
	at com.kms.katalon.core.main.TestSuiteExecutor.accessTestSuiteMainPhase(TestSuiteExecutor.java:164)
	at com.kms.katalon.core.main.TestSuiteExecutor.execute(TestSuiteExecutor.java:105)
	at com.kms.katalon.core.main.TestCaseMain.startTestSuite(TestCaseMain.java:181)
	at com.kms.katalon.core.main.TestCaseMain$startTestSuite$0.call(Unknown Source)
	at TempTestSuite1639780222929.run(TempTestSuite1639780222929.groovy:36)
Caused by: com.kms.katalon.core.webui.exception.WebElementNotFoundException: Web element with id: 'Object Repository/Alerta/Alerta' located by '//div[@id='growl_container']/div/div/div[2]/p' not found
	at com.kms.katalon.core.webui.common.WebUiCommonHelper.findWebElement(WebUiCommonHelper.java:1368)
	at com.kms.katalon.core.webui.keyword.internal.WebUIAbstractKeyword.findWebElement(WebUIAbstractKeyword.groovy:27)
	at com.kms.katalon.core.webui.keyword.internal.WebUIAbstractKeyword.findWebElement(WebUIAbstractKeyword.groovy:26)
	at com.kms.katalon.core.webui.keyword.builtin.GetTextKeyword$_getText_closure1.doCall(GetTextKeyword.groovy:78)
	at com.kms.katalon.core.webui.keyword.builtin.GetTextKeyword$_getText_closure1.call(GetTextKeyword.groovy)
	at com.kms.katalon.core.webui.keyword.internal.WebUIKeywordMain.runKeyword(WebUIKeywordMain.groovy:20)
	... 19 more
"/>
         <system-out><![CDATA[2021-12-17 18:17:50 - [TEST_CASE][FAILED] - Test Cases/1.1-Tareas Principales/1.4.6-Prestamo Liquidacion Periodica: Test Cases/1.1-Tareas Principales/1.4.6-Prestamo Liquidacion Periodica FAILED.
Reason:
com.kms.katalon.core.exception.StepFailedException: Unable to get text of object 'Object Repository/Alerta/Alerta'
	at com.kms.katalon.core.webui.keyword.internal.WebUIKeywordMain.stepFailed(WebUIKeywordMain.groovy:64)
	at com.kms.katalon.core.webui.keyword.internal.WebUIKeywordMain.runKeyword(WebUIKeywordMain.groovy:26)
	at com.kms.katalon.core.webui.keyword.builtin.GetTextKeyword.getText(GetTextKeyword.groovy:88)
	at com.kms.katalon.core.webui.keyword.builtin.GetTextKeyword.execute(GetTextKeyword.groovy:67)
	at com.kms.katalon.core.keyword.internal.KeywordExecutor.executeKeywordForPlatform(KeywordExecutor.groovy:74)
	at com.kms.katalon.core.webui.keyword.WebUiBuiltInKeywords.getText(WebUiBuiltInKeywords.groovy:918)
	at com.kms.katalon.core.webui.keyword.WebUiBuiltInKeywords$getText$12.call(Unknown Source)
	at 1.4.6-Prestamo Liquidacion Periodica.run(1.4.6-Prestamo Liquidacion Periodica:95)
	at com.kms.katalon.core.main.ScriptEngine.run(ScriptEngine.java:194)
	at com.kms.katalon.core.main.ScriptEngine.runScriptAsRawText(ScriptEngine.java:119)
	at com.kms.katalon.core.main.TestCaseExecutor.runScript(TestCaseExecutor.java:442)
	at com.kms.katalon.core.main.TestCaseExecutor.doExecute(TestCaseExecutor.java:433)
	at com.kms.katalon.core.main.TestCaseExecutor.processExecutionPhase(TestCaseExecutor.java:412)
	at com.kms.katalon.core.main.TestCaseExecutor.accessMainPhase(TestCaseExecutor.java:404)
	at com.kms.katalon.core.main.TestCaseExecutor.execute(TestCaseExecutor.java:281)
	at com.kms.katalon.core.main.TestSuiteExecutor.accessTestCaseMainPhase(TestSuiteExecutor.java:202)
	at com.kms.katalon.core.main.TestSuiteExecutor.accessTestSuiteMainPhase(TestSuiteExecutor.java:164)
	at com.kms.katalon.core.main.TestSuiteExecutor.execute(TestSuiteExecutor.java:105)
	at com.kms.katalon.core.main.TestCaseMain.startTestSuite(TestCaseMain.java:181)
	at com.kms.katalon.core.main.TestCaseMain$startTestSuite$0.call(Unknown Source)
	at TempTestSuite1639780222929.run(TempTestSuite1639780222929.groovy:36)
Caused by: com.kms.katalon.core.webui.exception.WebElementNotFoundException: Web element with id: 'Object Repository/Alerta/Alerta' located by '//div[@id='growl_container']/div/div/div[2]/p' not found
	at com.kms.katalon.core.webui.common.WebUiCommonHelper.findWebElement(WebUiCommonHelper.java:1368)
	at com.kms.katalon.core.webui.keyword.internal.WebUIAbstractKeyword.findWebElement(WebUIAbstractKeyword.groovy:27)
	at com.kms.katalon.core.webui.keyword.internal.WebUIAbstractKeyword.findWebElement(WebUIAbstractKeyword.groovy:26)
	at com.kms.katalon.core.webui.keyword.builtin.GetTextKeyword$_getText_closure1.doCall(GetTextKeyword.groovy:78)
	at com.kms.katalon.core.webui.keyword.builtin.GetTextKeyword$_getText_closure1.call(GetTextKeyword.groovy)
	at com.kms.katalon.core.webui.keyword.internal.WebUIKeywordMain.runKeyword(WebUIKeywordMain.groovy:20)
	... 19 more


2021-12-17 18:17:50 - [TEST_STEP][PASSED] - callTestCase(findTestCase("Hutilidades/Tareas Administracion Compensacion/Tarea Listado Empleados"), [:], STOP_ON_FAILURE): Call Test Case 'Test Cases/Hutilidades/Tareas Administracion Compensacion/Tarea Listado Empleados' successfully

2021-12-17 18:17:50 - [TEST_CASE][PASSED] - Test Cases/Hutilidades/Tareas Administracion Compensacion/Tarea Listado Empleados: Test Cases/Hutilidades/Tareas Administracion Compensacion/Tarea Listado Empleados

2021-12-17 18:17:50 - [TEST_STEP][PASSED] - callTestCase(findTestCase("0.1-Login"), [:], STOP_ON_FAILURE): Call Test Case 'Test Cases/0.1-Login' successfully

2021-12-17 18:17:50 - [TEST_CASE][PASSED] - Test Cases/0.1-Login: Test Cases/0.1-Login

2021-12-17 18:17:50 - [TEST_STEP][PASSED] - openBrowser(""): Browser is opened with url: ''

2021-12-17 18:17:50 - [MESSAGE][WARNING] - A browser is already opened. Closing browser and opening a new one

2021-12-17 18:17:51 - [MESSAGE][INFO] - Starting 'Chrome' driver

2021-12-17 18:17:51 - [MESSAGE][INFO] - Action delay is set to 0 milliseconds

2021-12-17 18:17:52 - [MESSAGE][PASSED] - Browser is opened with url: ''

2021-12-17 18:17:52 - [TEST_STEP][PASSED] - maximizeWindow(): Current window maximized

2021-12-17 18:17:52 - [MESSAGE][PASSED] - Current window maximized

2021-12-17 18:17:52 - [TEST_STEP][PASSED] - i = G_Login: null

2021-12-17 18:17:52 - [TEST_STEP][PASSED] - url = new java.net.URL(i): null

2021-12-17 18:17:52 - [TEST_STEP][PASSED] - println("URL: " + url.toString()): null

2021-12-17 18:17:52 - [TEST_STEP][PASSED] - connection = url.openConnection(): null

2021-12-17 18:17:52 - [TEST_STEP][PASSED] - connection.setRequestMethod("GET"): null

2021-12-17 18:17:52 - [TEST_STEP][PASSED] - connection.setReadTimeout(2 * 1000): null

2021-12-17 18:17:52 - [TEST_STEP][PASSED] - try: null

2021-12-17 18:17:52 - [TEST_STEP][PASSED] - connection.connect(): null

2021-12-17 18:17:52 - [TEST_STEP][PASSED] - flag = connected: null

2021-12-17 18:17:52 - [TEST_STEP][PASSED] - println("Valor_ori: " + flag): null

2021-12-17 18:17:52 - [TEST_STEP][PASSED] - if (flag): null

2021-12-17 18:17:52 - [TEST_STEP][PASSED] - navigateToUrl(i): Navigate to 'http://192.168.2.29:7001/saraweb' successfully

2021-12-17 18:17:57 - [MESSAGE][PASSED] - Navigate to 'http://192.168.2.29:7001/saraweb' successfully

2021-12-17 18:17:57 - [TEST_STEP][PASSED] - a(): null

2021-12-17 18:17:57 - [TEST_STEP][PASSED] - setText(findTestObject("Login/input_USUARIO_loginusuario"), G_Usuario): Text 'weblogic' is set on object 'Object Repository/Login/input_USUARIO_loginusuario'

2021-12-17 18:17:58 - [MESSAGE][PASSED] - Text 'weblogic' is set on object 'Object Repository/Login/input_USUARIO_loginusuario'

2021-12-17 18:17:58 - [TEST_STEP][PASSED] - setEncryptedText(findTestObject("Login/input_CLAVE_loginpassword"), "MkG4/TYiCFC3cb2driP7+Q=="): Text ****** has been set on object 'Object Repository/Login/input_CLAVE_loginpassword'

2021-12-17 18:17:59 - [MESSAGE][PASSED] - Text ****** has been set on object 'Object Repository/Login/input_CLAVE_loginpassword'

2021-12-17 18:17:59 - [TEST_STEP][PASSED] - waitForElementClickable(findTestObject("Login/a_Ingresar"), G_TimeOut): Object 'Object Repository/Login/a_Ingresar' is clickable

2021-12-17 18:17:59 - [MESSAGE][PASSED] - Object 'Object Repository/Login/a_Ingresar' is clickable

2021-12-17 18:17:59 - [TEST_STEP][PASSED] - click(findTestObject("Login/a_Ingresar")): Object: 'Object Repository/Login/a_Ingresar' is clicked on

2021-12-17 18:18:07 - [MESSAGE][PASSED] - Object: 'Object Repository/Login/a_Ingresar' is clicked on

2021-12-17 18:18:07 - [TEST_STEP][PASSED] - element = findWebElement(findTestObject("Login/a_Ir"), 30): null

2021-12-17 18:18:07 - [TEST_STEP][PASSED] - executeJavaScript("arguments[0].click()", Arrays.asList(element)): Execute JavaScript 'arguments[0].click()' successfully

2021-12-17 18:18:07 - [MESSAGE][PASSED] - Execute JavaScript 'arguments[0].click()' successfully

2021-12-17 18:18:07 - [MESSAGE][PASSED] - Call Test Case 'Test Cases/0.1-Login' successfully

2021-12-17 18:18:07 - [TEST_STEP][PASSED] - setText(findTestObject("Modulo Tarea Listado Hojas de Vida/Tareas Listado Hojas de Vida/input_Listado Hojas De Vida_form_templatej_idt24_input"), "Listado de Empleados"): Text 'Listado de Empleados' is set on object 'Object Repository/Modulo Tarea Listado Hojas de Vida/Tareas Listado Hojas de Vida/input_Listado Hojas De Vida_form_templatej_idt24_input'

2021-12-17 18:18:15 - [MESSAGE][PASSED] - Text 'Listado de Empleados' is set on object 'Object Repository/Modulo Tarea Listado Hojas de Vida/Tareas Listado Hojas de Vida/input_Listado Hojas De Vida_form_templatej_idt24_input'

2021-12-17 18:18:15 - [TEST_STEP][PASSED] - delay(3): Delayed 3 second(s)

2021-12-17 18:18:18 - [MESSAGE][PASSED] - Delayed 3 second(s)

2021-12-17 18:18:18 - [TEST_STEP][PASSED] - sendKeys(findTestObject("Modulo Tarea Listado Hojas de Vida/Tareas Listado Hojas de Vida/input_Listado Hojas De Vida_form_templatej_idt24_input"), Keys.chord(ENTER)): Keys 'ENTER + ' sent to object: 'Object Repository/Modulo Tarea Listado Hojas de Vida/Tareas Listado Hojas de Vida/input_Listado Hojas De Vida_form_templatej_idt24_input'

2021-12-17 18:18:18 - [MESSAGE][PASSED] - Keys 'ENTER + ' sent to object: 'Object Repository/Modulo Tarea Listado Hojas de Vida/Tareas Listado Hojas de Vida/input_Listado Hojas De Vida_form_templatej_idt24_input'

2021-12-17 18:18:18 - [MESSAGE][PASSED] - Call Test Case 'Test Cases/Hutilidades/Tareas Administracion Compensacion/Tarea Listado Empleados' successfully

2021-12-17 18:18:18 - [TEST_STEP][PASSED] - setText(findTestObject("Modulo Tarea Administracion Compensacion/Prestamo Liquidacion Periodica/input_close_popupFiltroEmplead"), "354968431354"): Text '354968431354' is set on object 'Object Repository/Modulo Tarea Administracion Compensacion/Prestamo Liquidacion Periodica/input_close_popupFiltroEmplead'

2021-12-17 18:18:26 - [MESSAGE][PASSED] - Text '354968431354' is set on object 'Object Repository/Modulo Tarea Administracion Compensacion/Prestamo Liquidacion Periodica/input_close_popupFiltroEmplead'

2021-12-17 18:18:26 - [TEST_STEP][PASSED] - sendKeys(findTestObject("Modulo Tarea Administracion Compensacion/Prestamo Liquidacion Periodica/input_close_popupFiltroEmplead"), Keys.chord(ENTER)): Keys 'ENTER + ' sent to object: 'Object Repository/Modulo Tarea Administracion Compensacion/Prestamo Liquidacion Periodica/input_close_popupFiltroEmplead'

2021-12-17 18:18:27 - [MESSAGE][PASSED] - Keys 'ENTER + ' sent to object: 'Object Repository/Modulo Tarea Administracion Compensacion/Prestamo Liquidacion Periodica/input_close_popupFiltroEmplead'

2021-12-17 18:18:27 - [TEST_STEP][PASSED] - waitForElementClickable(findTestObject("Modulo Tarea Administracion Compensacion/Prestamo Liquidacion Periodica/span_CONSTA BELFEGORD JHON"), G_TimeOut): Object 'Object Repository/Modulo Tarea Administracion Compensacion/Prestamo Liquidacion Periodica/span_CONSTA BELFEGORD JHON' is clickable

2021-12-17 18:18:28 - [MESSAGE][PASSED] - Object 'Object Repository/Modulo Tarea Administracion Compensacion/Prestamo Liquidacion Periodica/span_CONSTA BELFEGORD JHON' is clickable

2021-12-17 18:18:28 - [TEST_STEP][PASSED] - click(findTestObject("Modulo Tarea Administracion Compensacion/Prestamo Liquidacion Periodica/span_CONSTA BELFEGORD JHON")): Object: 'Object Repository/Modulo Tarea Administracion Compensacion/Prestamo Liquidacion Periodica/span_CONSTA BELFEGORD JHON' is clicked on

2021-12-17 18:18:28 - [MESSAGE][PASSED] - Object: 'Object Repository/Modulo Tarea Administracion Compensacion/Prestamo Liquidacion Periodica/span_CONSTA BELFEGORD JHON' is clicked on

2021-12-17 18:18:28 - [TEST_STEP][PASSED] - waitForElementClickable(findTestObject("Modulo Tarea Administracion Compensacion/Prestamo Liquidacion Periodica/a_Liquidacin Periodica"), G_TimeOut): Object 'Object Repository/Modulo Tarea Administracion Compensacion/Prestamo Liquidacion Periodica/a_Liquidacin Periodica' is clickable

2021-12-17 18:18:29 - [MESSAGE][PASSED] - Object 'Object Repository/Modulo Tarea Administracion Compensacion/Prestamo Liquidacion Periodica/a_Liquidacin Periodica' is clickable

2021-12-17 18:18:29 - [TEST_STEP][PASSED] - click(findTestObject("Modulo Tarea Administracion Compensacion/Prestamo Liquidacion Periodica/a_Liquidacin Periodica")): Object: 'Object Repository/Modulo Tarea Administracion Compensacion/Prestamo Liquidacion Periodica/a_Liquidacin Periodica' is clicked on

2021-12-17 18:18:30 - [MESSAGE][PASSED] - Object: 'Object Repository/Modulo Tarea Administracion Compensacion/Prestamo Liquidacion Periodica/a_Liquidacin Periodica' is clicked on

2021-12-17 18:18:30 - [TEST_STEP][PASSED] - waitForElementClickable(findTestObject("Modulo Tarea Administracion Compensacion/Prestamo Liquidacion Periodica/a_Nuevo"), G_TimeOut): Object 'Object Repository/Modulo Tarea Administracion Compensacion/Prestamo Liquidacion Periodica/a_Nuevo' is clickable

2021-12-17 18:18:30 - [MESSAGE][PASSED] - Object 'Object Repository/Modulo Tarea Administracion Compensacion/Prestamo Liquidacion Periodica/a_Nuevo' is clickable

2021-12-17 18:18:30 - [TEST_STEP][PASSED] - click(findTestObject("Modulo Tarea Administracion Compensacion/Prestamo Liquidacion Periodica/a_Nuevo")): Object: 'Object Repository/Modulo Tarea Administracion Compensacion/Prestamo Liquidacion Periodica/a_Nuevo' is clicked on

2021-12-17 18:18:31 - [MESSAGE][PASSED] - Object: 'Object Repository/Modulo Tarea Administracion Compensacion/Prestamo Liquidacion Periodica/a_Nuevo' is clicked on

2021-12-17 18:18:31 - [TEST_STEP][PASSED] - waitForElementClickable(findTestObject("Modulo Tarea Administracion Compensacion/Prestamo Liquidacion Periodica/select_-- seleccione --BC - PR"), G_TimeOut): Object 'Object Repository/Modulo Tarea Administracion Compensacion/Prestamo Liquidacion Periodica/select_-- seleccione --BC - PR' is clickable

2021-12-17 18:18:32 - [MESSAGE][PASSED] - Object 'Object Repository/Modulo Tarea Administracion Compensacion/Prestamo Liquidacion Periodica/select_-- seleccione --BC - PR' is clickable

2021-12-17 18:18:32 - [TEST_STEP][PASSED] - click(findTestObject("Modulo Tarea Administracion Compensacion/Prestamo Liquidacion Periodica/select_-- seleccione --BC - PR")): Object: 'Object Repository/Modulo Tarea Administracion Compensacion/Prestamo Liquidacion Periodica/select_-- seleccione --BC - PR' is clicked on

2021-12-17 18:18:32 - [MESSAGE][PASSED] - Object: 'Object Repository/Modulo Tarea Administracion Compensacion/Prestamo Liquidacion Periodica/select_-- seleccione --BC - PR' is clicked on

2021-12-17 18:18:32 - [TEST_STEP][PASSED] - selectOptionByIndex(findTestObject("Modulo Tarea Administracion Compensacion/Prestamo Liquidacion Periodica/select_-- seleccione --BC - PR"), "1"): All options with index in [1] are selected on object 'Object Repository/Modulo Tarea Administracion Compensacion/Prestamo Liquidacion Periodica/select_-- seleccione --BC - PR'

2021-12-17 18:18:33 - [MESSAGE][PASSED] - All options with index in [1] are selected on object 'Object Repository/Modulo Tarea Administracion Compensacion/Prestamo Liquidacion Periodica/select_-- seleccione --BC - PR'

2021-12-17 18:18:33 - [TEST_STEP][PASSED] - click(findTestObject("Modulo Tarea Administracion Compensacion/Prestamo Liquidacion Periodica/input_Monto Inicial_form_liqui")): Object: 'Object Repository/Modulo Tarea Administracion Compensacion/Prestamo Liquidacion Periodica/input_Monto Inicial_form_liqui' is clicked on

2021-12-17 18:18:34 - [MESSAGE][PASSED] - Object: 'Object Repository/Modulo Tarea Administracion Compensacion/Prestamo Liquidacion Periodica/input_Monto Inicial_form_liqui' is clicked on

2021-12-17 18:18:34 - [TEST_STEP][PASSED] - sendKeys(findTestObject("Modulo Tarea Administracion Compensacion/Prestamo Liquidacion Periodica/input_Monto Inicial_form_liqui"), Keys.chord(CONTROL, "a")): Keys 'CONTROL + a' sent to object: 'Object Repository/Modulo Tarea Administracion Compensacion/Prestamo Liquidacion Periodica/input_Monto Inicial_form_liqui'

2021-12-17 18:18:34 - [MESSAGE][PASSED] - Keys 'CONTROL + a' sent to object: 'Object Repository/Modulo Tarea Administracion Compensacion/Prestamo Liquidacion Periodica/input_Monto Inicial_form_liqui'

2021-12-17 18:18:34 - [TEST_STEP][PASSED] - sendKeys(findTestObject("Modulo Tarea Administracion Compensacion/Prestamo Liquidacion Periodica/input_Monto Inicial_form_liqui"), Keys.chord(BACK_SPACE)): Keys 'BACK_SPACE + ' sent to object: 'Object Repository/Modulo Tarea Administracion Compensacion/Prestamo Liquidacion Periodica/input_Monto Inicial_form_liqui'

2021-12-17 18:18:35 - [MESSAGE][PASSED] - Keys 'BACK_SPACE + ' sent to object: 'Object Repository/Modulo Tarea Administracion Compensacion/Prestamo Liquidacion Periodica/input_Monto Inicial_form_liqui'

2021-12-17 18:18:35 - [TEST_STEP][PASSED] - setText(findTestObject("Modulo Tarea Administracion Compensacion/Prestamo Liquidacion Periodica/input_Monto Inicial_form_liqui"), "3000000"): Text '3000000' is set on object 'Object Repository/Modulo Tarea Administracion Compensacion/Prestamo Liquidacion Periodica/input_Monto Inicial_form_liqui'

2021-12-17 18:18:35 - [MESSAGE][PASSED] - Text '3000000' is set on object 'Object Repository/Modulo Tarea Administracion Compensacion/Prestamo Liquidacion Periodica/input_Monto Inicial_form_liqui'

2021-12-17 18:18:35 - [TEST_STEP][PASSED] - waitForElementClickable(findTestObject("Modulo Tarea Administracion Compensacion/Prestamo Liquidacion Periodica/input_Total Abonado_form_liqui"), 0): Object 'Object Repository/Modulo Tarea Administracion Compensacion/Prestamo Liquidacion Periodica/input_Total Abonado_form_liqui' is clickable

2021-12-17 18:18:35 - [MESSAGE][WARNING] - Timeout '0' is invalid. Using default page load timeout: '30'

2021-12-17 18:18:36 - [MESSAGE][PASSED] - Object 'Object Repository/Modulo Tarea Administracion Compensacion/Prestamo Liquidacion Periodica/input_Total Abonado_form_liqui' is clickable

2021-12-17 18:18:36 - [TEST_STEP][PASSED] - click(findTestObject("Modulo Tarea Administracion Compensacion/Prestamo Liquidacion Periodica/input_Total Abonado_form_liqui")): Object: 'Object Repository/Modulo Tarea Administracion Compensacion/Prestamo Liquidacion Periodica/input_Total Abonado_form_liqui' is clicked on

2021-12-17 18:18:36 - [MESSAGE][PASSED] - Object: 'Object Repository/Modulo Tarea Administracion Compensacion/Prestamo Liquidacion Periodica/input_Total Abonado_form_liqui' is clicked on

2021-12-17 18:18:36 - [TEST_STEP][PASSED] - sendKeys(findTestObject("Modulo Tarea Administracion Compensacion/Prestamo Liquidacion Periodica/input_Total Abonado_form_liqui"), Keys.chord(CONTROL, "a")): Keys 'CONTROL + a' sent to object: 'Object Repository/Modulo Tarea Administracion Compensacion/Prestamo Liquidacion Periodica/input_Total Abonado_form_liqui'

2021-12-17 18:18:37 - [MESSAGE][PASSED] - Keys 'CONTROL + a' sent to object: 'Object Repository/Modulo Tarea Administracion Compensacion/Prestamo Liquidacion Periodica/input_Total Abonado_form_liqui'

2021-12-17 18:18:37 - [TEST_STEP][PASSED] - sendKeys(findTestObject("Modulo Tarea Administracion Compensacion/Prestamo Liquidacion Periodica/input_Total Abonado_form_liqui"), Keys.chord(BACK_SPACE)): Keys 'BACK_SPACE + ' sent to object: 'Object Repository/Modulo Tarea Administracion Compensacion/Prestamo Liquidacion Periodica/input_Total Abonado_form_liqui'

2021-12-17 18:18:37 - [MESSAGE][PASSED] - Keys 'BACK_SPACE + ' sent to object: 'Object Repository/Modulo Tarea Administracion Compensacion/Prestamo Liquidacion Periodica/input_Total Abonado_form_liqui'

2021-12-17 18:18:37 - [TEST_STEP][PASSED] - setText(findTestObject("Modulo Tarea Administracion Compensacion/Prestamo Liquidacion Periodica/input_Total Abonado_form_liqui"), "1500000"): Text '1500000' is set on object 'Object Repository/Modulo Tarea Administracion Compensacion/Prestamo Liquidacion Periodica/input_Total Abonado_form_liqui'

2021-12-17 18:18:38 - [MESSAGE][PASSED] - Text '1500000' is set on object 'Object Repository/Modulo Tarea Administracion Compensacion/Prestamo Liquidacion Periodica/input_Total Abonado_form_liqui'

2021-12-17 18:18:38 - [TEST_STEP][PASSED] - setText(findTestObject("Modulo Tarea Administracion Compensacion/Prestamo Liquidacion Periodica/input_Fecha Inicial _form_liqu"), "01/01/2019"): Text '01/01/2019' is set on object 'Object Repository/Modulo Tarea Administracion Compensacion/Prestamo Liquidacion Periodica/input_Fecha Inicial _form_liqu'

2021-12-17 18:18:39 - [MESSAGE][PASSED] - Text '01/01/2019' is set on object 'Object Repository/Modulo Tarea Administracion Compensacion/Prestamo Liquidacion Periodica/input_Fecha Inicial _form_liqu'

2021-12-17 18:18:39 - [TEST_STEP][PASSED] - sendKeys(findTestObject("Modulo Tarea Administracion Compensacion/Prestamo Liquidacion Periodica/input_Fecha Inicial _form_liqu"), Keys.chord(ENTER)): Keys 'ENTER + ' sent to object: 'Object Repository/Modulo Tarea Administracion Compensacion/Prestamo Liquidacion Periodica/input_Fecha Inicial _form_liqu'

2021-12-17 18:18:40 - [MESSAGE][PASSED] - Keys 'ENTER + ' sent to object: 'Object Repository/Modulo Tarea Administracion Compensacion/Prestamo Liquidacion Periodica/input_Fecha Inicial _form_liqu'

2021-12-17 18:18:40 - [TEST_STEP][PASSED] - setText(findTestObject("Modulo Tarea Administracion Compensacion/Prestamo Liquidacion Periodica/input_Nmero Cuotas_form_liquid"), "15"): Text '15' is set on object 'Object Repository/Modulo Tarea Administracion Compensacion/Prestamo Liquidacion Periodica/input_Nmero Cuotas_form_liquid'

2021-12-17 18:18:41 - [MESSAGE][PASSED] - Text '15' is set on object 'Object Repository/Modulo Tarea Administracion Compensacion/Prestamo Liquidacion Periodica/input_Nmero Cuotas_form_liquid'

2021-12-17 18:18:41 - [TEST_STEP][PASSED] - setText(findTestObject("Modulo Tarea Administracion Compensacion/Prestamo Liquidacion Periodica/input_Documento Beneficiario_f"), "354968431354"): Text '354968431354' is set on object 'Object Repository/Modulo Tarea Administracion Compensacion/Prestamo Liquidacion Periodica/input_Documento Beneficiario_f'

2021-12-17 18:18:41 - [MESSAGE][PASSED] - Text '354968431354' is set on object 'Object Repository/Modulo Tarea Administracion Compensacion/Prestamo Liquidacion Periodica/input_Documento Beneficiario_f'

2021-12-17 18:18:41 - [TEST_STEP][PASSED] - setText(findTestObject("Modulo Tarea Administracion Compensacion/Prestamo Liquidacion Periodica/textarea_Observacin_form_liqui"), "Prueba"): Text 'Prueba' is set on object 'Object Repository/Modulo Tarea Administracion Compensacion/Prestamo Liquidacion Periodica/textarea_Observacin_form_liqui'

2021-12-17 18:18:42 - [MESSAGE][PASSED] - Text 'Prueba' is set on object 'Object Repository/Modulo Tarea Administracion Compensacion/Prestamo Liquidacion Periodica/textarea_Observacin_form_liqui'

2021-12-17 18:18:42 - [TEST_STEP][PASSED] - waitForElementClickable(findTestObject("Modulo Tarea Administracion Compensacion/Prestamo Liquidacion Periodica/a_Guardar"), G_TimeOut): Object 'Object Repository/Modulo Tarea Administracion Compensacion/Prestamo Liquidacion Periodica/a_Guardar' is clickable

2021-12-17 18:18:43 - [MESSAGE][PASSED] - Object 'Object Repository/Modulo Tarea Administracion Compensacion/Prestamo Liquidacion Periodica/a_Guardar' is clickable

2021-12-17 18:18:43 - [TEST_STEP][PASSED] - click(findTestObject("Modulo Tarea Administracion Compensacion/Prestamo Liquidacion Periodica/a_Guardar")): Object: 'Object Repository/Modulo Tarea Administracion Compensacion/Prestamo Liquidacion Periodica/a_Guardar' is clicked on

2021-12-17 18:18:43 - [MESSAGE][PASSED] - Object: 'Object Repository/Modulo Tarea Administracion Compensacion/Prestamo Liquidacion Periodica/a_Guardar' is clicked on

2021-12-17 18:18:43 - [TEST_STEP][FAILED] - getText(findTestObject("Alerta/Alerta")): Unable to get text of object 'Object Repository/Alerta/Alerta' (Root cause: com.kms.katalon.core.exception.StepFailedException: Unable to get text of object 'Object Repository/Alerta/Alerta'
	at com.kms.katalon.core.webui.keyword.internal.WebUIKeywordMain.stepFailed(WebUIKeywordMain.groovy:64)
	at com.kms.katalon.core.webui.keyword.internal.WebUIKeywordMain.runKeyword(WebUIKeywordMain.groovy:26)
	at com.kms.katalon.core.webui.keyword.builtin.GetTextKeyword.getText(GetTextKeyword.groovy:88)
	at com.kms.katalon.core.webui.keyword.builtin.GetTextKeyword.execute(GetTextKeyword.groovy:67)
	at com.kms.katalon.core.keyword.internal.KeywordExecutor.executeKeywordForPlatform(KeywordExecutor.groovy:74)
	at com.kms.katalon.core.webui.keyword.WebUiBuiltInKeywords.getText(WebUiBuiltInKeywords.groovy:918)
	at com.kms.katalon.core.webui.keyword.WebUiBuiltInKeywords$getText$12.call(Unknown Source)
	at 1.4.6-Prestamo Liquidacion Periodica.run(1.4.6-Prestamo Liquidacion Periodica:95)
	at com.kms.katalon.core.main.ScriptEngine.run(ScriptEngine.java:194)
	at com.kms.katalon.core.main.ScriptEngine.runScriptAsRawText(ScriptEngine.java:119)
	at com.kms.katalon.core.main.TestCaseExecutor.runScript(TestCaseExecutor.java:442)
	at com.kms.katalon.core.main.TestCaseExecutor.doExecute(TestCaseExecutor.java:433)
	at com.kms.katalon.core.main.TestCaseExecutor.processExecutionPhase(TestCaseExecutor.java:412)
	at com.kms.katalon.core.main.TestCaseExecutor.accessMainPhase(TestCaseExecutor.java:404)
	at com.kms.katalon.core.main.TestCaseExecutor.execute(TestCaseExecutor.java:281)
	at com.kms.katalon.core.main.TestSuiteExecutor.accessTestCaseMainPhase(TestSuiteExecutor.java:202)
	at com.kms.katalon.core.main.TestSuiteExecutor.accessTestSuiteMainPhase(TestSuiteExecutor.java:164)
	at com.kms.katalon.core.main.TestSuiteExecutor.execute(TestSuiteExecutor.java:105)
	at com.kms.katalon.core.main.TestCaseMain.startTestSuite(TestCaseMain.java:181)
	at com.kms.katalon.core.main.TestCaseMain$startTestSuite$0.call(Unknown Source)
	at TempTestSuite1639780222929.run(TempTestSuite1639780222929.groovy:36)
Caused by: com.kms.katalon.core.webui.exception.WebElementNotFoundException: Web element with id: 'Object Repository/Alerta/Alerta' located by '//div[@id='growl_container']/div/div/div[2]/p' not found
	at com.kms.katalon.core.webui.common.WebUiCommonHelper.findWebElement(WebUiCommonHelper.java:1368)
	at com.kms.katalon.core.webui.keyword.internal.WebUIAbstractKeyword.findWebElement(WebUIAbstractKeyword.groovy:27)
	at com.kms.katalon.core.webui.keyword.internal.WebUIAbstractKeyword.findWebElement(WebUIAbstractKeyword.groovy:26)
	at com.kms.katalon.core.webui.keyword.builtin.GetTextKeyword$_getText_closure1.doCall(GetTextKeyword.groovy:78)
	at com.kms.katalon.core.webui.keyword.builtin.GetTextKeyword$_getText_closure1.call(GetTextKeyword.groovy)
	at com.kms.katalon.core.webui.keyword.internal.WebUIKeywordMain.runKeyword(WebUIKeywordMain.groovy:20)
	at com.kms.katalon.core.webui.keyword.builtin.GetTextKeyword.getText(GetTextKeyword.groovy:88)
	at com.kms.katalon.core.webui.keyword.builtin.GetTextKeyword.execute(GetTextKeyword.groovy:67)
	at com.kms.katalon.core.keyword.internal.KeywordExecutor.executeKeywordForPlatform(KeywordExecutor.groovy:74)
	at com.kms.katalon.core.webui.keyword.WebUiBuiltInKeywords.getText(WebUiBuiltInKeywords.groovy:918)
	at com.kms.katalon.core.webui.keyword.WebUiBuiltInKeywords$getText$12.call(Unknown Source)
	at Script1548866472124.run(Script1548866472124.groovy:95)
	... 13 more
)

2021-12-17 18:19:14 - [MESSAGE][INFO] - Unable to find the element located by 'By.xpath: //div[@id='growl_container']/div/div/div[2]/p'. Please recheck the objects properties to make sure the desired element is located. 

2021-12-17 18:19:14 - [MESSAGE][FAILED] - Unable to get text of object 'Object Repository/Alerta/Alerta' (Root cause: com.kms.katalon.core.exception.StepFailedException: Unable to get text of object 'Object Repository/Alerta/Alerta'
	at com.kms.katalon.core.webui.keyword.internal.WebUIKeywordMain.stepFailed(WebUIKeywordMain.groovy:64)
	at com.kms.katalon.core.webui.keyword.internal.WebUIKeywordMain.runKeyword(WebUIKeywordMain.groovy:26)
	at com.kms.katalon.core.webui.keyword.builtin.GetTextKeyword.getText(GetTextKeyword.groovy:88)
	at com.kms.katalon.core.webui.keyword.builtin.GetTextKeyword.execute(GetTextKeyword.groovy:67)
	at com.kms.katalon.core.keyword.internal.KeywordExecutor.executeKeywordForPlatform(KeywordExecutor.groovy:74)
	at com.kms.katalon.core.webui.keyword.WebUiBuiltInKeywords.getText(WebUiBuiltInKeywords.groovy:918)
	at com.kms.katalon.core.webui.keyword.WebUiBuiltInKeywords$getText$12.call(Unknown Source)
	at 1.4.6-Prestamo Liquidacion Periodica.run(1.4.6-Prestamo Liquidacion Periodica:95)
	at com.kms.katalon.core.main.ScriptEngine.run(ScriptEngine.java:194)
	at com.kms.katalon.core.main.ScriptEngine.runScriptAsRawText(ScriptEngine.java:119)
	at com.kms.katalon.core.main.TestCaseExecutor.runScript(TestCaseExecutor.java:442)
	at com.kms.katalon.core.main.TestCaseExecutor.doExecute(TestCaseExecutor.java:433)
	at com.kms.katalon.core.main.TestCaseExecutor.processExecutionPhase(TestCaseExecutor.java:412)
	at com.kms.katalon.core.main.TestCaseExecutor.accessMainPhase(TestCaseExecutor.java:404)
	at com.kms.katalon.core.main.TestCaseExecutor.execute(TestCaseExecutor.java:281)
	at com.kms.katalon.core.main.TestSuiteExecutor.accessTestCaseMainPhase(TestSuiteExecutor.java:202)
	at com.kms.katalon.core.main.TestSuiteExecutor.accessTestSuiteMainPhase(TestSuiteExecutor.java:164)
	at com.kms.katalon.core.main.TestSuiteExecutor.execute(TestSuiteExecutor.java:105)
	at com.kms.katalon.core.main.TestCaseMain.startTestSuite(TestCaseMain.java:181)
	at com.kms.katalon.core.main.TestCaseMain$startTestSuite$0.call(Unknown Source)
	at TempTestSuite1639780222929.run(TempTestSuite1639780222929.groovy:36)
Caused by: com.kms.katalon.core.webui.exception.WebElementNotFoundException: Web element with id: 'Object Repository/Alerta/Alerta' located by '//div[@id='growl_container']/div/div/div[2]/p' not found
	at com.kms.katalon.core.webui.common.WebUiCommonHelper.findWebElement(WebUiCommonHelper.java:1368)
	at com.kms.katalon.core.webui.keyword.internal.WebUIAbstractKeyword.findWebElement(WebUIAbstractKeyword.groovy:27)
	at com.kms.katalon.core.webui.keyword.internal.WebUIAbstractKeyword.findWebElement(WebUIAbstractKeyword.groovy:26)
	at com.kms.katalon.core.webui.keyword.builtin.GetTextKeyword$_getText_closure1.doCall(GetTextKeyword.groovy:78)
	at com.kms.katalon.core.webui.keyword.builtin.GetTextKeyword$_getText_closure1.call(GetTextKeyword.groovy)
	at com.kms.katalon.core.webui.keyword.internal.WebUIKeywordMain.runKeyword(WebUIKeywordMain.groovy:20)
	at com.kms.katalon.core.webui.keyword.builtin.GetTextKeyword.getText(GetTextKeyword.groovy:88)
	at com.kms.katalon.core.webui.keyword.builtin.GetTextKeyword.execute(GetTextKeyword.groovy:67)
	at com.kms.katalon.core.keyword.internal.KeywordExecutor.executeKeywordForPlatform(KeywordExecutor.groovy:74)
	at com.kms.katalon.core.webui.keyword.WebUiBuiltInKeywords.getText(WebUiBuiltInKeywords.groovy:918)
	at com.kms.katalon.core.webui.keyword.WebUiBuiltInKeywords$getText$12.call(Unknown Source)
	at Script1548866472124.run(Script1548866472124.groovy:95)
	... 13 more
)
[[ATTACHMENT|C:\\Users\\diego.rojas\\git\\Pruebas-Minimas\\Reports\\20211217_173017\\1-Tareas Principales\\20211217_173022\\1639783154599.png]]]]></system-out>
         <system-err><![CDATA[2021-12-17 18:17:50 - [TEST_CASE][FAILED] - Test Cases/1.1-Tareas Principales/1.4.6-Prestamo Liquidacion Periodica: Test Cases/1.1-Tareas Principales/1.4.6-Prestamo Liquidacion Periodica FAILED.
Reason:
com.kms.katalon.core.exception.StepFailedException: Unable to get text of object 'Object Repository/Alerta/Alerta'
	at com.kms.katalon.core.webui.keyword.internal.WebUIKeywordMain.stepFailed(WebUIKeywordMain.groovy:64)
	at com.kms.katalon.core.webui.keyword.internal.WebUIKeywordMain.runKeyword(WebUIKeywordMain.groovy:26)
	at com.kms.katalon.core.webui.keyword.builtin.GetTextKeyword.getText(GetTextKeyword.groovy:88)
	at com.kms.katalon.core.webui.keyword.builtin.GetTextKeyword.execute(GetTextKeyword.groovy:67)
	at com.kms.katalon.core.keyword.internal.KeywordExecutor.executeKeywordForPlatform(KeywordExecutor.groovy:74)
	at com.kms.katalon.core.webui.keyword.WebUiBuiltInKeywords.getText(WebUiBuiltInKeywords.groovy:918)
	at com.kms.katalon.core.webui.keyword.WebUiBuiltInKeywords$getText$12.call(Unknown Source)
	at 1.4.6-Prestamo Liquidacion Periodica.run(1.4.6-Prestamo Liquidacion Periodica:95)
	at com.kms.katalon.core.main.ScriptEngine.run(ScriptEngine.java:194)
	at com.kms.katalon.core.main.ScriptEngine.runScriptAsRawText(ScriptEngine.java:119)
	at com.kms.katalon.core.main.TestCaseExecutor.runScript(TestCaseExecutor.java:442)
	at com.kms.katalon.core.main.TestCaseExecutor.doExecute(TestCaseExecutor.java:433)
	at com.kms.katalon.core.main.TestCaseExecutor.processExecutionPhase(TestCaseExecutor.java:412)
	at com.kms.katalon.core.main.TestCaseExecutor.accessMainPhase(TestCaseExecutor.java:404)
	at com.kms.katalon.core.main.TestCaseExecutor.execute(TestCaseExecutor.java:281)
	at com.kms.katalon.core.main.TestSuiteExecutor.accessTestCaseMainPhase(TestSuiteExecutor.java:202)
	at com.kms.katalon.core.main.TestSuiteExecutor.accessTestSuiteMainPhase(TestSuiteExecutor.java:164)
	at com.kms.katalon.core.main.TestSuiteExecutor.execute(TestSuiteExecutor.java:105)
	at com.kms.katalon.core.main.TestCaseMain.startTestSuite(TestCaseMain.java:181)
	at com.kms.katalon.core.main.TestCaseMain$startTestSuite$0.call(Unknown Source)
	at TempTestSuite1639780222929.run(TempTestSuite1639780222929.groovy:36)
Caused by: com.kms.katalon.core.webui.exception.WebElementNotFoundException: Web element with id: 'Object Repository/Alerta/Alerta' located by '//div[@id='growl_container']/div/div/div[2]/p' not found
	at com.kms.katalon.core.webui.common.WebUiCommonHelper.findWebElement(WebUiCommonHelper.java:1368)
	at com.kms.katalon.core.webui.keyword.internal.WebUIAbstractKeyword.findWebElement(WebUIAbstractKeyword.groovy:27)
	at com.kms.katalon.core.webui.keyword.internal.WebUIAbstractKeyword.findWebElement(WebUIAbstractKeyword.groovy:26)
	at com.kms.katalon.core.webui.keyword.builtin.GetTextKeyword$_getText_closure1.doCall(GetTextKeyword.groovy:78)
	at com.kms.katalon.core.webui.keyword.builtin.GetTextKeyword$_getText_closure1.call(GetTextKeyword.groovy)
	at com.kms.katalon.core.webui.keyword.internal.WebUIKeywordMain.runKeyword(WebUIKeywordMain.groovy:20)
	... 19 more]]></system-err>
      </testcase>
      <testcase name="Test Cases/1.1-Tareas Principales/1.4.7-Liquidacion concepto de Nomina" time="51.893" classname="Test Cases/1.1-Tareas Principales/1.4.7-Liquidacion concepto de Nomina" status="PASSED">
         <system-out><![CDATA[2021-12-17 18:19:14 - [TEST_CASE][PASSED] - Test Cases/1.1-Tareas Principales/1.4.7-Liquidacion concepto de Nomina: Test Cases/1.1-Tareas Principales/1.4.7-Liquidacion concepto de Nomina

2021-12-17 18:19:15 - [TEST_STEP][PASSED] - callTestCase(findTestCase("Hutilidades/Tareas Administracion Compensacion/Tarea Liquidacion Nomina"), [:], STOP_ON_FAILURE): Call Test Case 'Test Cases/Hutilidades/Tareas Administracion Compensacion/Tarea Liquidacion Nomina' successfully

2021-12-17 18:19:15 - [TEST_CASE][PASSED] - Test Cases/Hutilidades/Tareas Administracion Compensacion/Tarea Liquidacion Nomina: Test Cases/Hutilidades/Tareas Administracion Compensacion/Tarea Liquidacion Nomina

2021-12-17 18:19:15 - [TEST_STEP][PASSED] - callTestCase(findTestCase("0.1-Login"), [:], STOP_ON_FAILURE): Call Test Case 'Test Cases/0.1-Login' successfully

2021-12-17 18:19:15 - [TEST_CASE][PASSED] - Test Cases/0.1-Login: Test Cases/0.1-Login

2021-12-17 18:19:15 - [TEST_STEP][PASSED] - openBrowser(""): Browser is opened with url: ''

2021-12-17 18:19:15 - [MESSAGE][WARNING] - A browser is already opened. Closing browser and opening a new one

2021-12-17 18:19:16 - [MESSAGE][INFO] - Starting 'Chrome' driver

2021-12-17 18:19:16 - [MESSAGE][INFO] - Action delay is set to 0 milliseconds

2021-12-17 18:19:17 - [MESSAGE][PASSED] - Browser is opened with url: ''

2021-12-17 18:19:17 - [TEST_STEP][PASSED] - maximizeWindow(): Current window maximized

2021-12-17 18:19:17 - [MESSAGE][PASSED] - Current window maximized

2021-12-17 18:19:17 - [TEST_STEP][PASSED] - i = G_Login: null

2021-12-17 18:19:17 - [TEST_STEP][PASSED] - url = new java.net.URL(i): null

2021-12-17 18:19:17 - [TEST_STEP][PASSED] - println("URL: " + url.toString()): null

2021-12-17 18:19:17 - [TEST_STEP][PASSED] - connection = url.openConnection(): null

2021-12-17 18:19:17 - [TEST_STEP][PASSED] - connection.setRequestMethod("GET"): null

2021-12-17 18:19:17 - [TEST_STEP][PASSED] - connection.setReadTimeout(2 * 1000): null

2021-12-17 18:19:17 - [TEST_STEP][PASSED] - try: null

2021-12-17 18:19:17 - [TEST_STEP][PASSED] - connection.connect(): null

2021-12-17 18:19:17 - [TEST_STEP][PASSED] - flag = connected: null

2021-12-17 18:19:17 - [TEST_STEP][PASSED] - println("Valor_ori: " + flag): null

2021-12-17 18:19:17 - [TEST_STEP][PASSED] - if (flag): null

2021-12-17 18:19:17 - [TEST_STEP][PASSED] - navigateToUrl(i): Navigate to 'http://192.168.2.29:7001/saraweb' successfully

2021-12-17 18:19:22 - [MESSAGE][PASSED] - Navigate to 'http://192.168.2.29:7001/saraweb' successfully

2021-12-17 18:19:22 - [TEST_STEP][PASSED] - a(): null

2021-12-17 18:19:22 - [TEST_STEP][PASSED] - setText(findTestObject("Login/input_USUARIO_loginusuario"), G_Usuario): Text 'weblogic' is set on object 'Object Repository/Login/input_USUARIO_loginusuario'

2021-12-17 18:19:22 - [MESSAGE][PASSED] - Text 'weblogic' is set on object 'Object Repository/Login/input_USUARIO_loginusuario'

2021-12-17 18:19:22 - [TEST_STEP][PASSED] - setEncryptedText(findTestObject("Login/input_CLAVE_loginpassword"), "MkG4/TYiCFC3cb2driP7+Q=="): Text ****** has been set on object 'Object Repository/Login/input_CLAVE_loginpassword'

2021-12-17 18:19:23 - [MESSAGE][PASSED] - Text ****** has been set on object 'Object Repository/Login/input_CLAVE_loginpassword'

2021-12-17 18:19:23 - [TEST_STEP][PASSED] - waitForElementClickable(findTestObject("Login/a_Ingresar"), G_TimeOut): Object 'Object Repository/Login/a_Ingresar' is clickable

2021-12-17 18:19:23 - [MESSAGE][PASSED] - Object 'Object Repository/Login/a_Ingresar' is clickable

2021-12-17 18:19:23 - [TEST_STEP][PASSED] - click(findTestObject("Login/a_Ingresar")): Object: 'Object Repository/Login/a_Ingresar' is clicked on

2021-12-17 18:19:31 - [MESSAGE][PASSED] - Object: 'Object Repository/Login/a_Ingresar' is clicked on

2021-12-17 18:19:31 - [TEST_STEP][PASSED] - element = findWebElement(findTestObject("Login/a_Ir"), 30): null

2021-12-17 18:19:32 - [TEST_STEP][PASSED] - executeJavaScript("arguments[0].click()", Arrays.asList(element)): Execute JavaScript 'arguments[0].click()' successfully

2021-12-17 18:19:32 - [MESSAGE][PASSED] - Execute JavaScript 'arguments[0].click()' successfully

2021-12-17 18:19:32 - [MESSAGE][PASSED] - Call Test Case 'Test Cases/0.1-Login' successfully

2021-12-17 18:19:32 - [TEST_STEP][PASSED] - delay(2): Delayed 2 second(s)

2021-12-17 18:19:34 - [MESSAGE][PASSED] - Delayed 2 second(s)

2021-12-17 18:19:34 - [TEST_STEP][PASSED] - setText(findTestObject("Modulo Tarea Administracion Compensacion/Tarea Liquidacion Nomina/input_Listado de Empleados_"), "Liquidacion Nomina"): Text 'Liquidacion Nomina' is set on object 'Object Repository/Modulo Tarea Administracion Compensacion/Tarea Liquidacion Nomina/input_Listado de Empleados_'

2021-12-17 18:19:40 - [MESSAGE][PASSED] - Text 'Liquidacion Nomina' is set on object 'Object Repository/Modulo Tarea Administracion Compensacion/Tarea Liquidacion Nomina/input_Listado de Empleados_'

2021-12-17 18:19:40 - [TEST_STEP][PASSED] - delay(1): Delayed 1 second(s)

2021-12-17 18:19:41 - [MESSAGE][PASSED] - Delayed 1 second(s)

2021-12-17 18:19:41 - [TEST_STEP][PASSED] - sendKeys(findTestObject("Modulo Tarea Administracion Compensacion/Tarea Liquidacion Nomina/input_Listado de Empleados_"), Keys.chord(ENTER)): Keys 'ENTER + ' sent to object: 'Object Repository/Modulo Tarea Administracion Compensacion/Tarea Liquidacion Nomina/input_Listado de Empleados_'

2021-12-17 18:19:41 - [MESSAGE][PASSED] - Keys 'ENTER + ' sent to object: 'Object Repository/Modulo Tarea Administracion Compensacion/Tarea Liquidacion Nomina/input_Listado de Empleados_'

2021-12-17 18:19:41 - [MESSAGE][PASSED] - Call Test Case 'Test Cases/Hutilidades/Tareas Administracion Compensacion/Tarea Liquidacion Nomina' successfully

2021-12-17 18:19:41 - [TEST_STEP][PASSED] - waitForElementClickable(findTestObject("Modulo Tarea Administracion Compensacion/Legalizar licencia Remunerada/Liquidacion Concepto de Nomina/a_Periodo Nomina_Liquidacion"), G_TimeOut): Object 'Object Repository/Modulo Tarea Administracion Compensacion/Legalizar licencia Remunerada/Liquidacion Concepto de Nomina/a_Periodo Nomina_Liquidacion' is clickable

2021-12-17 18:19:49 - [MESSAGE][PASSED] - Object 'Object Repository/Modulo Tarea Administracion Compensacion/Legalizar licencia Remunerada/Liquidacion Concepto de Nomina/a_Periodo Nomina_Liquidacion' is clickable

2021-12-17 18:19:49 - [TEST_STEP][PASSED] - click(findTestObject("Modulo Tarea Administracion Compensacion/Legalizar licencia Remunerada/Liquidacion Concepto de Nomina/a_Periodo Nomina_Liquidacion")): Object: 'Object Repository/Modulo Tarea Administracion Compensacion/Legalizar licencia Remunerada/Liquidacion Concepto de Nomina/a_Periodo Nomina_Liquidacion' is clicked on

2021-12-17 18:19:49 - [MESSAGE][PASSED] - Object: 'Object Repository/Modulo Tarea Administracion Compensacion/Legalizar licencia Remunerada/Liquidacion Concepto de Nomina/a_Periodo Nomina_Liquidacion' is clicked on

2021-12-17 18:19:49 - [TEST_STEP][PASSED] - waitForElementClickable(findTestObject("Modulo Tarea Administracion Compensacion/Legalizar licencia Remunerada/Liquidacion Concepto de Nomina/select_--  Seleccione  --Periodo Cerrado"), G_TimeOut): Object 'Object Repository/Modulo Tarea Administracion Compensacion/Legalizar licencia Remunerada/Liquidacion Concepto de Nomina/select_--  Seleccione  --Periodo Cerrado' is clickable

2021-12-17 18:19:51 - [MESSAGE][PASSED] - Object 'Object Repository/Modulo Tarea Administracion Compensacion/Legalizar licencia Remunerada/Liquidacion Concepto de Nomina/select_--  Seleccione  --Periodo Cerrado' is clickable

2021-12-17 18:19:51 - [TEST_STEP][PASSED] - click(findTestObject("Modulo Tarea Administracion Compensacion/Legalizar licencia Remunerada/Liquidacion Concepto de Nomina/select_--  Seleccione  --Periodo Cerrado")): Object: 'Object Repository/Modulo Tarea Administracion Compensacion/Legalizar licencia Remunerada/Liquidacion Concepto de Nomina/select_--  Seleccione  --Periodo Cerrado' is clicked on

2021-12-17 18:19:51 - [MESSAGE][PASSED] - Object: 'Object Repository/Modulo Tarea Administracion Compensacion/Legalizar licencia Remunerada/Liquidacion Concepto de Nomina/select_--  Seleccione  --Periodo Cerrado' is clicked on

2021-12-17 18:19:51 - [TEST_STEP][PASSED] - selectOptionByIndex(findTestObject("Modulo Tarea Administracion Compensacion/Legalizar licencia Remunerada/Liquidacion Concepto de Nomina/select_--  Seleccione  --Periodo Cerrado"), "2"): All options with index in [2] are selected on object 'Object Repository/Modulo Tarea Administracion Compensacion/Legalizar licencia Remunerada/Liquidacion Concepto de Nomina/select_--  Seleccione  --Periodo Cerrado'

2021-12-17 18:19:52 - [MESSAGE][PASSED] - All options with index in [2] are selected on object 'Object Repository/Modulo Tarea Administracion Compensacion/Legalizar licencia Remunerada/Liquidacion Concepto de Nomina/select_--  Seleccione  --Periodo Cerrado'

2021-12-17 18:19:52 - [TEST_STEP][PASSED] - waitForElementClickable(findTestObject("Modulo Tarea Administracion Compensacion/Legalizar licencia Remunerada/Liquidacion Concepto de Nomina/span_PM202107"), G_TimeOut): Object 'Object Repository/Modulo Tarea Administracion Compensacion/Legalizar licencia Remunerada/Liquidacion Concepto de Nomina/span_PM202107' is clickable

2021-12-17 18:19:53 - [MESSAGE][PASSED] - Object 'Object Repository/Modulo Tarea Administracion Compensacion/Legalizar licencia Remunerada/Liquidacion Concepto de Nomina/span_PM202107' is clickable

2021-12-17 18:19:53 - [TEST_STEP][PASSED] - click(findTestObject("Modulo Tarea Administracion Compensacion/Legalizar licencia Remunerada/Liquidacion Concepto de Nomina/span_PM202107")): Object: 'Object Repository/Modulo Tarea Administracion Compensacion/Legalizar licencia Remunerada/Liquidacion Concepto de Nomina/span_PM202107' is clicked on

2021-12-17 18:19:53 - [MESSAGE][PASSED] - Object: 'Object Repository/Modulo Tarea Administracion Compensacion/Legalizar licencia Remunerada/Liquidacion Concepto de Nomina/span_PM202107' is clicked on

2021-12-17 18:19:53 - [TEST_STEP][PASSED] - waitForElementClickable(findTestObject("Modulo Tarea Administracion Compensacion/Legalizar licencia Remunerada/Liquidacion Concepto de Nomina/a_Nombre Persona_LiquidacionNo"), G_TimeOut): Object 'Object Repository/Modulo Tarea Administracion Compensacion/Legalizar licencia Remunerada/Liquidacion Concepto de Nomina/a_Nombre Persona_LiquidacionNo' is clickable

2021-12-17 18:19:55 - [MESSAGE][PASSED] - Object 'Object Repository/Modulo Tarea Administracion Compensacion/Legalizar licencia Remunerada/Liquidacion Concepto de Nomina/a_Nombre Persona_LiquidacionNo' is clickable

2021-12-17 18:19:55 - [TEST_STEP][PASSED] - click(findTestObject("Modulo Tarea Administracion Compensacion/Legalizar licencia Remunerada/Liquidacion Concepto de Nomina/a_Nombre Persona_LiquidacionNo")): Object: 'Object Repository/Modulo Tarea Administracion Compensacion/Legalizar licencia Remunerada/Liquidacion Concepto de Nomina/a_Nombre Persona_LiquidacionNo' is clicked on

2021-12-17 18:19:55 - [MESSAGE][PASSED] - Object: 'Object Repository/Modulo Tarea Administracion Compensacion/Legalizar licencia Remunerada/Liquidacion Concepto de Nomina/a_Nombre Persona_LiquidacionNo' is clicked on

2021-12-17 18:19:55 - [TEST_STEP][PASSED] - setText(findTestObject("Modulo Tarea Administracion Compensacion/Legalizar licencia Remunerada/Liquidacion Concepto de Nomina/input_close_popupFiltroEmplead"), "1065"): Text '1065' is set on object 'Object Repository/Modulo Tarea Administracion Compensacion/Legalizar licencia Remunerada/Liquidacion Concepto de Nomina/input_close_popupFiltroEmplead'

2021-12-17 18:19:57 - [MESSAGE][PASSED] - Text '1065' is set on object 'Object Repository/Modulo Tarea Administracion Compensacion/Legalizar licencia Remunerada/Liquidacion Concepto de Nomina/input_close_popupFiltroEmplead'

2021-12-17 18:19:57 - [TEST_STEP][PASSED] - sendKeys(findTestObject("Modulo Tarea Administracion Compensacion/Legalizar licencia Remunerada/Liquidacion Concepto de Nomina/input_close_popupFiltroEmplead"), Keys.chord(ENTER)): Keys 'ENTER + ' sent to object: 'Object Repository/Modulo Tarea Administracion Compensacion/Legalizar licencia Remunerada/Liquidacion Concepto de Nomina/input_close_popupFiltroEmplead'

2021-12-17 18:19:57 - [MESSAGE][PASSED] - Keys 'ENTER + ' sent to object: 'Object Repository/Modulo Tarea Administracion Compensacion/Legalizar licencia Remunerada/Liquidacion Concepto de Nomina/input_close_popupFiltroEmplead'

2021-12-17 18:19:57 - [TEST_STEP][PASSED] - waitForElementClickable(findTestObject("Modulo Tarea Administracion Compensacion/Legalizar licencia Remunerada/Liquidacion Concepto de Nomina/span_CONSTA BELFEGORD JHON"), G_TimeOut): Object 'Object Repository/Modulo Tarea Administracion Compensacion/Legalizar licencia Remunerada/Liquidacion Concepto de Nomina/span_CONSTA BELFEGORD JHON' is clickable

2021-12-17 18:19:58 - [MESSAGE][PASSED] - Object 'Object Repository/Modulo Tarea Administracion Compensacion/Legalizar licencia Remunerada/Liquidacion Concepto de Nomina/span_CONSTA BELFEGORD JHON' is clickable

2021-12-17 18:19:58 - [TEST_STEP][PASSED] - click(findTestObject("Modulo Tarea Administracion Compensacion/Legalizar licencia Remunerada/Liquidacion Concepto de Nomina/span_CONSTA BELFEGORD JHON")): Object: 'Object Repository/Modulo Tarea Administracion Compensacion/Legalizar licencia Remunerada/Liquidacion Concepto de Nomina/span_CONSTA BELFEGORD JHON' is clicked on

2021-12-17 18:19:59 - [MESSAGE][PASSED] - Object: 'Object Repository/Modulo Tarea Administracion Compensacion/Legalizar licencia Remunerada/Liquidacion Concepto de Nomina/span_CONSTA BELFEGORD JHON' is clicked on

2021-12-17 18:19:59 - [TEST_STEP][PASSED] - waitForElementClickable(findTestObject("Modulo Tarea Administracion Compensacion/Legalizar licencia Remunerada/Liquidacion Concepto de Nomina/td_Mendoza 1015 Empleado"), G_TimeOut): Object 'Object Repository/Modulo Tarea Administracion Compensacion/Legalizar licencia Remunerada/Liquidacion Concepto de Nomina/td_Mendoza 1015 Empleado' is clickable

2021-12-17 18:20:00 - [MESSAGE][PASSED] - Object 'Object Repository/Modulo Tarea Administracion Compensacion/Legalizar licencia Remunerada/Liquidacion Concepto de Nomina/td_Mendoza 1015 Empleado' is clickable

2021-12-17 18:20:00 - [TEST_STEP][PASSED] - click(findTestObject("Modulo Tarea Administracion Compensacion/Legalizar licencia Remunerada/Liquidacion Concepto de Nomina/td_Mendoza 1015 Empleado")): Object: 'Object Repository/Modulo Tarea Administracion Compensacion/Legalizar licencia Remunerada/Liquidacion Concepto de Nomina/td_Mendoza 1015 Empleado' is clicked on

2021-12-17 18:20:00 - [MESSAGE][PASSED] - Object: 'Object Repository/Modulo Tarea Administracion Compensacion/Legalizar licencia Remunerada/Liquidacion Concepto de Nomina/td_Mendoza 1015 Empleado' is clicked on

2021-12-17 18:20:00 - [TEST_STEP][PASSED] - waitForElementClickable(findTestObject("Modulo Tarea Administracion Compensacion/Legalizar licencia Remunerada/Liquidacion Concepto de Nomina/em_Concepto"), 0): Object 'Object Repository/Modulo Tarea Administracion Compensacion/Legalizar licencia Remunerada/Liquidacion Concepto de Nomina/em_Concepto' is clickable

2021-12-17 18:20:00 - [MESSAGE][WARNING] - Timeout '0' is invalid. Using default page load timeout: '30'

2021-12-17 18:20:01 - [MESSAGE][PASSED] - Object 'Object Repository/Modulo Tarea Administracion Compensacion/Legalizar licencia Remunerada/Liquidacion Concepto de Nomina/em_Concepto' is clickable

2021-12-17 18:20:01 - [TEST_STEP][PASSED] - click(findTestObject("Modulo Tarea Administracion Compensacion/Legalizar licencia Remunerada/Liquidacion Concepto de Nomina/em_Concepto")): Object: 'Object Repository/Modulo Tarea Administracion Compensacion/Legalizar licencia Remunerada/Liquidacion Concepto de Nomina/em_Concepto' is clicked on

2021-12-17 18:20:02 - [MESSAGE][PASSED] - Object: 'Object Repository/Modulo Tarea Administracion Compensacion/Legalizar licencia Remunerada/Liquidacion Concepto de Nomina/em_Concepto' is clicked on

2021-12-17 18:20:02 - [TEST_STEP][PASSED] - waitForElementClickable(findTestObject("Modulo Tarea Administracion Compensacion/Legalizar licencia Remunerada/Liquidacion Concepto de Nomina/span_Liquidar"), G_TimeOut): Object 'Object Repository/Modulo Tarea Administracion Compensacion/Legalizar licencia Remunerada/Liquidacion Concepto de Nomina/span_Liquidar' is clickable

2021-12-17 18:20:02 - [MESSAGE][PASSED] - Object 'Object Repository/Modulo Tarea Administracion Compensacion/Legalizar licencia Remunerada/Liquidacion Concepto de Nomina/span_Liquidar' is clickable

2021-12-17 18:20:02 - [TEST_STEP][PASSED] - click(findTestObject("Modulo Tarea Administracion Compensacion/Legalizar licencia Remunerada/Liquidacion Concepto de Nomina/span_Liquidar")): Object: 'Object Repository/Modulo Tarea Administracion Compensacion/Legalizar licencia Remunerada/Liquidacion Concepto de Nomina/span_Liquidar' is clicked on

2021-12-17 18:20:03 - [MESSAGE][PASSED] - Object: 'Object Repository/Modulo Tarea Administracion Compensacion/Legalizar licencia Remunerada/Liquidacion Concepto de Nomina/span_Liquidar' is clicked on

2021-12-17 18:20:03 - [TEST_STEP][PASSED] - waitForElementClickable(findTestObject("Modulo Tarea Administracion Compensacion/Legalizar licencia Remunerada/Liquidacion Concepto de Nomina/span_Si"), G_TimeOut): Object 'Object Repository/Modulo Tarea Administracion Compensacion/Legalizar licencia Remunerada/Liquidacion Concepto de Nomina/span_Si' is clickable

2021-12-17 18:20:04 - [MESSAGE][PASSED] - Object 'Object Repository/Modulo Tarea Administracion Compensacion/Legalizar licencia Remunerada/Liquidacion Concepto de Nomina/span_Si' is clickable

2021-12-17 18:20:04 - [TEST_STEP][PASSED] - click(findTestObject("Modulo Tarea Administracion Compensacion/Legalizar licencia Remunerada/Liquidacion Concepto de Nomina/span_Si")): Object: 'Object Repository/Modulo Tarea Administracion Compensacion/Legalizar licencia Remunerada/Liquidacion Concepto de Nomina/span_Si' is clicked on

2021-12-17 18:20:04 - [MESSAGE][PASSED] - Object: 'Object Repository/Modulo Tarea Administracion Compensacion/Legalizar licencia Remunerada/Liquidacion Concepto de Nomina/span_Si' is clicked on

2021-12-17 18:20:04 - [TEST_STEP][PASSED] - getText(findTestObject("Alerta/Alerta")): Text of object 'Object Repository/Alerta/Alerta' is: 'Liquidación exitosa'

2021-12-17 18:20:05 - [MESSAGE][PASSED] - Text of object 'Object Repository/Alerta/Alerta' is: 'Liquidación exitosa'

2021-12-17 18:20:05 - [TEST_STEP][PASSED] - closeBrowser(): Browser is closed

2021-12-17 18:20:06 - [MESSAGE][PASSED] - Browser is closed]]></system-out>
         <system-err><![CDATA[]]></system-err>
      </testcase>
      <testcase name="Test Cases/1.1-Tareas Principales/1.4.8-Tarea Importar Fuente general" time="55.305" classname="Test Cases/1.1-Tareas Principales/1.4.8-Tarea Importar Fuente general" status="PASSED">
         <system-out><![CDATA[2021-12-17 18:20:06 - [TEST_CASE][PASSED] - Test Cases/1.1-Tareas Principales/1.4.8-Tarea Importar Fuente general: Test Cases/1.1-Tareas Principales/1.4.8-Tarea Importar Fuente general

2021-12-17 18:20:07 - [TEST_STEP][PASSED] - callTestCase(findTestCase("0.1-Login"), [:], STOP_ON_FAILURE): Call Test Case 'Test Cases/0.1-Login' successfully

2021-12-17 18:20:07 - [TEST_CASE][PASSED] - Test Cases/0.1-Login: Test Cases/0.1-Login

2021-12-17 18:20:07 - [TEST_STEP][PASSED] - openBrowser(""): Browser is opened with url: ''

2021-12-17 18:20:07 - [MESSAGE][INFO] - Starting 'Chrome' driver

2021-12-17 18:20:07 - [MESSAGE][INFO] - Action delay is set to 0 milliseconds

2021-12-17 18:20:08 - [MESSAGE][PASSED] - Browser is opened with url: ''

2021-12-17 18:20:08 - [TEST_STEP][PASSED] - maximizeWindow(): Current window maximized

2021-12-17 18:20:08 - [MESSAGE][PASSED] - Current window maximized

2021-12-17 18:20:08 - [TEST_STEP][PASSED] - i = G_Login: null

2021-12-17 18:20:08 - [TEST_STEP][PASSED] - url = new java.net.URL(i): null

2021-12-17 18:20:08 - [TEST_STEP][PASSED] - println("URL: " + url.toString()): null

2021-12-17 18:20:08 - [TEST_STEP][PASSED] - connection = url.openConnection(): null

2021-12-17 18:20:08 - [TEST_STEP][PASSED] - connection.setRequestMethod("GET"): null

2021-12-17 18:20:08 - [TEST_STEP][PASSED] - connection.setReadTimeout(2 * 1000): null

2021-12-17 18:20:08 - [TEST_STEP][PASSED] - try: null

2021-12-17 18:20:08 - [TEST_STEP][PASSED] - connection.connect(): null

2021-12-17 18:20:08 - [TEST_STEP][PASSED] - flag = connected: null

2021-12-17 18:20:08 - [TEST_STEP][PASSED] - println("Valor_ori: " + flag): null

2021-12-17 18:20:08 - [TEST_STEP][PASSED] - if (flag): null

2021-12-17 18:20:08 - [TEST_STEP][PASSED] - navigateToUrl(i): Navigate to 'http://192.168.2.29:7001/saraweb' successfully

2021-12-17 18:20:13 - [MESSAGE][PASSED] - Navigate to 'http://192.168.2.29:7001/saraweb' successfully

2021-12-17 18:20:13 - [TEST_STEP][PASSED] - a(): null

2021-12-17 18:20:13 - [TEST_STEP][PASSED] - setText(findTestObject("Login/input_USUARIO_loginusuario"), G_Usuario): Text 'weblogic' is set on object 'Object Repository/Login/input_USUARIO_loginusuario'

2021-12-17 18:20:14 - [MESSAGE][PASSED] - Text 'weblogic' is set on object 'Object Repository/Login/input_USUARIO_loginusuario'

2021-12-17 18:20:14 - [TEST_STEP][PASSED] - setEncryptedText(findTestObject("Login/input_CLAVE_loginpassword"), "MkG4/TYiCFC3cb2driP7+Q=="): Text ****** has been set on object 'Object Repository/Login/input_CLAVE_loginpassword'

2021-12-17 18:20:14 - [MESSAGE][PASSED] - Text ****** has been set on object 'Object Repository/Login/input_CLAVE_loginpassword'

2021-12-17 18:20:14 - [TEST_STEP][PASSED] - waitForElementClickable(findTestObject("Login/a_Ingresar"), G_TimeOut): Object 'Object Repository/Login/a_Ingresar' is clickable

2021-12-17 18:20:15 - [MESSAGE][PASSED] - Object 'Object Repository/Login/a_Ingresar' is clickable

2021-12-17 18:20:15 - [TEST_STEP][PASSED] - click(findTestObject("Login/a_Ingresar")): Object: 'Object Repository/Login/a_Ingresar' is clicked on

2021-12-17 18:20:23 - [MESSAGE][PASSED] - Object: 'Object Repository/Login/a_Ingresar' is clicked on

2021-12-17 18:20:23 - [TEST_STEP][PASSED] - element = findWebElement(findTestObject("Login/a_Ir"), 30): null

2021-12-17 18:20:24 - [TEST_STEP][PASSED] - executeJavaScript("arguments[0].click()", Arrays.asList(element)): Execute JavaScript 'arguments[0].click()' successfully

2021-12-17 18:20:24 - [MESSAGE][PASSED] - Execute JavaScript 'arguments[0].click()' successfully

2021-12-17 18:20:24 - [MESSAGE][PASSED] - Call Test Case 'Test Cases/0.1-Login' successfully

2021-12-17 18:20:24 - [TEST_STEP][PASSED] - waitForElementClickable(findTestObject("Modulo Tarea Sara General/Importar Fuente General/input_Ir_nav_t66_input"), 3): Object 'Object Repository/Modulo Tarea Sara General/Importar Fuente General/input_Ir_nav_t66_input' is clickable

2021-12-17 18:20:31 - [MESSAGE][PASSED] - Object 'Object Repository/Modulo Tarea Sara General/Importar Fuente General/input_Ir_nav_t66_input' is clickable

2021-12-17 18:20:31 - [TEST_STEP][PASSED] - setText(findTestObject("Modulo Tarea Sara General/Importar Fuente General/input_Ir_nav_t66_input"), "Importar Fuente General"): Text 'Importar Fuente General' is set on object 'Object Repository/Modulo Tarea Sara General/Importar Fuente General/input_Ir_nav_t66_input'

2021-12-17 18:20:32 - [MESSAGE][PASSED] - Text 'Importar Fuente General' is set on object 'Object Repository/Modulo Tarea Sara General/Importar Fuente General/input_Ir_nav_t66_input'

2021-12-17 18:20:32 - [TEST_STEP][PASSED] - delay(1): Delayed 1 second(s)

2021-12-17 18:20:33 - [MESSAGE][PASSED] - Delayed 1 second(s)

2021-12-17 18:20:33 - [TEST_STEP][PASSED] - sendKeys(findTestObject("Modulo Tarea Sara General/Importar Fuente General/input_Ir_nav_t66_input"), Keys.chord(ENTER)): Keys 'ENTER + ' sent to object: 'Object Repository/Modulo Tarea Sara General/Importar Fuente General/input_Ir_nav_t66_input'

2021-12-17 18:20:34 - [MESSAGE][PASSED] - Keys 'ENTER + ' sent to object: 'Object Repository/Modulo Tarea Sara General/Importar Fuente General/input_Ir_nav_t66_input'

2021-12-17 18:20:34 - [TEST_STEP][PASSED] - setText(findTestObject("Modulo Tarea Sara General/Importar Fuente General/input_Importar Fuente_formImpo"), "Insertar las liquidaciones periodicas de prestamo"): Text 'Insertar las liquidaciones periodicas de prestamo' is set on object 'Object Repository/Modulo Tarea Sara General/Importar Fuente General/input_Importar Fuente_formImpo'

2021-12-17 18:20:42 - [MESSAGE][PASSED] - Text 'Insertar las liquidaciones periodicas de prestamo' is set on object 'Object Repository/Modulo Tarea Sara General/Importar Fuente General/input_Importar Fuente_formImpo'

2021-12-17 18:20:42 - [TEST_STEP][PASSED] - sendKeys(findTestObject("Modulo Tarea Sara General/Importar Fuente General/input_Importar Fuente_formImpo"), Keys.chord(ENTER)): Keys 'ENTER + ' sent to object: 'Object Repository/Modulo Tarea Sara General/Importar Fuente General/input_Importar Fuente_formImpo'

2021-12-17 18:20:50 - [MESSAGE][PASSED] - Keys 'ENTER + ' sent to object: 'Object Repository/Modulo Tarea Sara General/Importar Fuente General/input_Importar Fuente_formImpo'

2021-12-17 18:20:50 - [TEST_STEP][PASSED] - click(findTestObject("Modulo Tarea Sara General/Importar Fuente General/td_Insertar Las Liquidaciones Periodicas De Prestamo")): Object: 'Object Repository/Modulo Tarea Sara General/Importar Fuente General/td_Insertar Las Liquidaciones Periodicas De Prestamo' is clicked on

2021-12-17 18:20:50 - [MESSAGE][PASSED] - Object: 'Object Repository/Modulo Tarea Sara General/Importar Fuente General/td_Insertar Las Liquidaciones Periodicas De Prestamo' is clicked on

2021-12-17 18:20:50 - [TEST_STEP][PASSED] - ruta = G_rutaarchivos + "ArchivoPlanoLiquidacionNomina.txt": null

2021-12-17 18:20:50 - [TEST_STEP][PASSED] - uploadFile(findTestObject("Modulo Tarea Sara General/Importar Fuente General/Archivo Cargue Fuente"), ruta): File 'E:\unionweb14\ArchivoPlanoLiquidacionNomina.txt' sent to object: 'Object Repository/Modulo Tarea Sara General/Importar Fuente General/Archivo Cargue Fuente'

2021-12-17 18:20:51 - [MESSAGE][PASSED] - File 'E:\unionweb14\ArchivoPlanoLiquidacionNomina.txt' sent to object: 'Object Repository/Modulo Tarea Sara General/Importar Fuente General/Archivo Cargue Fuente'

2021-12-17 18:20:51 - [TEST_STEP][PASSED] - filePath = getAttribute(findTestObject("Modulo Tarea Sara General/Importar Fuente General/Archivo Cargue Fuente"), "value"): Attribute 'value' of object 'Object Repository/Modulo Tarea Sara General/Importar Fuente General/Archivo Cargue Fuente' is: ''

2021-12-17 18:20:52 - [MESSAGE][PASSED] - Attribute 'value' of object 'Object Repository/Modulo Tarea Sara General/Importar Fuente General/Archivo Cargue Fuente' is: ''

2021-12-17 18:20:52 - [TEST_STEP][PASSED] - click(findTestObject("Modulo Tarea Sara General/Importar Fuente General/a_Importar")): Object: 'Object Repository/Modulo Tarea Sara General/Importar Fuente General/a_Importar' is clicked on

2021-12-17 18:20:59 - [MESSAGE][PASSED] - Object: 'Object Repository/Modulo Tarea Sara General/Importar Fuente General/a_Importar' is clicked on

2021-12-17 18:20:59 - [TEST_STEP][PASSED] - click(findTestObject("Modulo Tarea Sara General/Importar Fuente General/a_Continuar")): Object: 'Object Repository/Modulo Tarea Sara General/Importar Fuente General/a_Continuar' is clicked on

2021-12-17 18:21:01 - [MESSAGE][PASSED] - Object: 'Object Repository/Modulo Tarea Sara General/Importar Fuente General/a_Continuar' is clicked on

2021-12-17 18:21:01 - [TEST_STEP][PASSED] - closeBrowser(): Browser is closed

2021-12-17 18:21:01 - [MESSAGE][PASSED] - Browser is closed]]></system-out>
         <system-err><![CDATA[]]></system-err>
      </testcase>
      <testcase name="Test Cases/1.1-Tareas Principales/1.4.9-Verificacion de campo Total Abonado" time="44.109" classname="Test Cases/1.1-Tareas Principales/1.4.9-Verificacion de campo Total Abonado" status="PASSED">
         <system-out><![CDATA[2021-12-17 18:21:01 - [TEST_CASE][PASSED] - Test Cases/1.1-Tareas Principales/1.4.9-Verificacion de campo Total Abonado: Test Cases/1.1-Tareas Principales/1.4.9-Verificacion de campo Total Abonado

2021-12-17 18:21:02 - [TEST_STEP][PASSED] - callTestCase(findTestCase("Hutilidades/Tareas Administracion Compensacion/Tarea Listado Empleados"), [:], STOP_ON_FAILURE): Call Test Case 'Test Cases/Hutilidades/Tareas Administracion Compensacion/Tarea Listado Empleados' successfully

2021-12-17 18:21:02 - [TEST_CASE][PASSED] - Test Cases/Hutilidades/Tareas Administracion Compensacion/Tarea Listado Empleados: Test Cases/Hutilidades/Tareas Administracion Compensacion/Tarea Listado Empleados

2021-12-17 18:21:02 - [TEST_STEP][PASSED] - callTestCase(findTestCase("0.1-Login"), [:], STOP_ON_FAILURE): Call Test Case 'Test Cases/0.1-Login' successfully

2021-12-17 18:21:02 - [TEST_CASE][PASSED] - Test Cases/0.1-Login: Test Cases/0.1-Login

2021-12-17 18:21:02 - [TEST_STEP][PASSED] - openBrowser(""): Browser is opened with url: ''

2021-12-17 18:21:02 - [MESSAGE][INFO] - Starting 'Chrome' driver

2021-12-17 18:21:02 - [MESSAGE][INFO] - Action delay is set to 0 milliseconds

2021-12-17 18:21:03 - [MESSAGE][PASSED] - Browser is opened with url: ''

2021-12-17 18:21:03 - [TEST_STEP][PASSED] - maximizeWindow(): Current window maximized

2021-12-17 18:21:03 - [MESSAGE][PASSED] - Current window maximized

2021-12-17 18:21:03 - [TEST_STEP][PASSED] - i = G_Login: null

2021-12-17 18:21:03 - [TEST_STEP][PASSED] - url = new java.net.URL(i): null

2021-12-17 18:21:03 - [TEST_STEP][PASSED] - println("URL: " + url.toString()): null

2021-12-17 18:21:03 - [TEST_STEP][PASSED] - connection = url.openConnection(): null

2021-12-17 18:21:03 - [TEST_STEP][PASSED] - connection.setRequestMethod("GET"): null

2021-12-17 18:21:03 - [TEST_STEP][PASSED] - connection.setReadTimeout(2 * 1000): null

2021-12-17 18:21:03 - [TEST_STEP][PASSED] - try: null

2021-12-17 18:21:03 - [TEST_STEP][PASSED] - connection.connect(): null

2021-12-17 18:21:03 - [TEST_STEP][PASSED] - flag = connected: null

2021-12-17 18:21:03 - [TEST_STEP][PASSED] - println("Valor_ori: " + flag): null

2021-12-17 18:21:03 - [TEST_STEP][PASSED] - if (flag): null

2021-12-17 18:21:03 - [TEST_STEP][PASSED] - navigateToUrl(i): Navigate to 'http://192.168.2.29:7001/saraweb' successfully

2021-12-17 18:21:08 - [MESSAGE][PASSED] - Navigate to 'http://192.168.2.29:7001/saraweb' successfully

2021-12-17 18:21:08 - [TEST_STEP][PASSED] - a(): null

2021-12-17 18:21:08 - [TEST_STEP][PASSED] - setText(findTestObject("Login/input_USUARIO_loginusuario"), G_Usuario): Text 'weblogic' is set on object 'Object Repository/Login/input_USUARIO_loginusuario'

2021-12-17 18:21:09 - [MESSAGE][PASSED] - Text 'weblogic' is set on object 'Object Repository/Login/input_USUARIO_loginusuario'

2021-12-17 18:21:09 - [TEST_STEP][PASSED] - setEncryptedText(findTestObject("Login/input_CLAVE_loginpassword"), "MkG4/TYiCFC3cb2driP7+Q=="): Text ****** has been set on object 'Object Repository/Login/input_CLAVE_loginpassword'

2021-12-17 18:21:09 - [MESSAGE][PASSED] - Text ****** has been set on object 'Object Repository/Login/input_CLAVE_loginpassword'

2021-12-17 18:21:09 - [TEST_STEP][PASSED] - waitForElementClickable(findTestObject("Login/a_Ingresar"), G_TimeOut): Object 'Object Repository/Login/a_Ingresar' is clickable

2021-12-17 18:21:10 - [MESSAGE][PASSED] - Object 'Object Repository/Login/a_Ingresar' is clickable

2021-12-17 18:21:10 - [TEST_STEP][PASSED] - click(findTestObject("Login/a_Ingresar")): Object: 'Object Repository/Login/a_Ingresar' is clicked on

2021-12-17 18:21:18 - [MESSAGE][PASSED] - Object: 'Object Repository/Login/a_Ingresar' is clicked on

2021-12-17 18:21:18 - [TEST_STEP][PASSED] - element = findWebElement(findTestObject("Login/a_Ir"), 30): null

2021-12-17 18:21:19 - [TEST_STEP][PASSED] - executeJavaScript("arguments[0].click()", Arrays.asList(element)): Execute JavaScript 'arguments[0].click()' successfully

2021-12-17 18:21:19 - [MESSAGE][PASSED] - Execute JavaScript 'arguments[0].click()' successfully

2021-12-17 18:21:19 - [MESSAGE][PASSED] - Call Test Case 'Test Cases/0.1-Login' successfully

2021-12-17 18:21:19 - [TEST_STEP][PASSED] - setText(findTestObject("Modulo Tarea Listado Hojas de Vida/Tareas Listado Hojas de Vida/input_Listado Hojas De Vida_form_templatej_idt24_input"), "Listado de Empleados"): Text 'Listado de Empleados' is set on object 'Object Repository/Modulo Tarea Listado Hojas de Vida/Tareas Listado Hojas de Vida/input_Listado Hojas De Vida_form_templatej_idt24_input'

2021-12-17 18:21:27 - [MESSAGE][PASSED] - Text 'Listado de Empleados' is set on object 'Object Repository/Modulo Tarea Listado Hojas de Vida/Tareas Listado Hojas de Vida/input_Listado Hojas De Vida_form_templatej_idt24_input'

2021-12-17 18:21:27 - [TEST_STEP][PASSED] - delay(3): Delayed 3 second(s)

2021-12-17 18:21:30 - [MESSAGE][PASSED] - Delayed 3 second(s)

2021-12-17 18:21:30 - [TEST_STEP][PASSED] - sendKeys(findTestObject("Modulo Tarea Listado Hojas de Vida/Tareas Listado Hojas de Vida/input_Listado Hojas De Vida_form_templatej_idt24_input"), Keys.chord(ENTER)): Keys 'ENTER + ' sent to object: 'Object Repository/Modulo Tarea Listado Hojas de Vida/Tareas Listado Hojas de Vida/input_Listado Hojas De Vida_form_templatej_idt24_input'

2021-12-17 18:21:30 - [MESSAGE][PASSED] - Keys 'ENTER + ' sent to object: 'Object Repository/Modulo Tarea Listado Hojas de Vida/Tareas Listado Hojas de Vida/input_Listado Hojas De Vida_form_templatej_idt24_input'

2021-12-17 18:21:30 - [MESSAGE][PASSED] - Call Test Case 'Test Cases/Hutilidades/Tareas Administracion Compensacion/Tarea Listado Empleados' successfully

2021-12-17 18:21:30 - [TEST_STEP][PASSED] - waitForElementClickable(findTestObject("Modulo Tarea Administracion Compensacion/Verificacion de campo Total Abonado/a_Nombre Funcionario_listadoEm"), 0): Object 'Object Repository/Modulo Tarea Administracion Compensacion/Verificacion de campo Total Abonado/a_Nombre Funcionario_listadoEm' is clickable

2021-12-17 18:21:30 - [MESSAGE][WARNING] - Timeout '0' is invalid. Using default page load timeout: '30'

2021-12-17 18:21:39 - [MESSAGE][PASSED] - Object 'Object Repository/Modulo Tarea Administracion Compensacion/Verificacion de campo Total Abonado/a_Nombre Funcionario_listadoEm' is clickable

2021-12-17 18:21:39 - [TEST_STEP][PASSED] - click(findTestObject("Modulo Tarea Administracion Compensacion/Verificacion de campo Total Abonado/a_Nombre Funcionario_listadoEm")): Object: 'Object Repository/Modulo Tarea Administracion Compensacion/Verificacion de campo Total Abonado/a_Nombre Funcionario_listadoEm' is clicked on

2021-12-17 18:21:39 - [MESSAGE][PASSED] - Object: 'Object Repository/Modulo Tarea Administracion Compensacion/Verificacion de campo Total Abonado/a_Nombre Funcionario_listadoEm' is clicked on

2021-12-17 18:21:39 - [TEST_STEP][PASSED] - setText(findTestObject("Modulo Tarea Administracion Compensacion/Verificacion de campo Total Abonado/a_Nombre Funcionario_listadoEm"), "354968431354"): Text '354968431354' is set on object 'Object Repository/Modulo Tarea Administracion Compensacion/Verificacion de campo Total Abonado/a_Nombre Funcionario_listadoEm'

2021-12-17 18:21:40 - [MESSAGE][PASSED] - Text '354968431354' is set on object 'Object Repository/Modulo Tarea Administracion Compensacion/Verificacion de campo Total Abonado/a_Nombre Funcionario_listadoEm'

2021-12-17 18:21:40 - [TEST_STEP][PASSED] - sendKeys(findTestObject("Modulo Tarea Administracion Compensacion/Verificacion de campo Total Abonado/a_Nombre Funcionario_listadoEm"), Keys.chord(ENTER)): Keys 'ENTER + ' sent to object: 'Object Repository/Modulo Tarea Administracion Compensacion/Verificacion de campo Total Abonado/a_Nombre Funcionario_listadoEm'

2021-12-17 18:21:41 - [MESSAGE][PASSED] - Keys 'ENTER + ' sent to object: 'Object Repository/Modulo Tarea Administracion Compensacion/Verificacion de campo Total Abonado/a_Nombre Funcionario_listadoEm'

2021-12-17 18:21:41 - [TEST_STEP][PASSED] - click(findTestObject("Modulo Tarea Administracion Compensacion/Verificacion de campo Total Abonado/span_CONSTA BELFEGORD JHON")): Object: 'Object Repository/Modulo Tarea Administracion Compensacion/Verificacion de campo Total Abonado/span_CONSTA BELFEGORD JHON' is clicked on

2021-12-17 18:21:43 - [MESSAGE][PASSED] - Object: 'Object Repository/Modulo Tarea Administracion Compensacion/Verificacion de campo Total Abonado/span_CONSTA BELFEGORD JHON' is clicked on

2021-12-17 18:21:43 - [TEST_STEP][PASSED] - click(findTestObject("Modulo Tarea Administracion Compensacion/Verificacion de campo Total Abonado/span_Liquidacin Periodica")): Object: 'Object Repository/Modulo Tarea Administracion Compensacion/Verificacion de campo Total Abonado/span_Liquidacin Periodica' is clicked on

2021-12-17 18:21:44 - [MESSAGE][PASSED] - Object: 'Object Repository/Modulo Tarea Administracion Compensacion/Verificacion de campo Total Abonado/span_Liquidacin Periodica' is clicked on

2021-12-17 18:21:44 - [TEST_STEP][PASSED] - click(findTestObject("Modulo Tarea Administracion Compensacion/Verificacion de campo Total Abonado/span_PRESTAMO BANCOLOMBIA")): Object: 'Object Repository/Modulo Tarea Administracion Compensacion/Verificacion de campo Total Abonado/span_PRESTAMO BANCOLOMBIA' is clicked on

2021-12-17 18:21:45 - [MESSAGE][PASSED] - Object: 'Object Repository/Modulo Tarea Administracion Compensacion/Verificacion de campo Total Abonado/span_PRESTAMO BANCOLOMBIA' is clicked on

2021-12-17 18:21:45 - [TEST_STEP][PASSED] - closeBrowser(): Browser is closed

2021-12-17 18:21:46 - [MESSAGE][PASSED] - Browser is closed]]></system-out>
         <system-err><![CDATA[]]></system-err>
      </testcase>
      <testcase name="Test Cases/1.1-Tareas Principales/1.5.1-Administracion embargos" time="104.01" classname="Test Cases/1.1-Tareas Principales/1.5.1-Administracion embargos" status="PASSED">
         <system-out><![CDATA[2021-12-17 18:21:46 - [TEST_CASE][PASSED] - Test Cases/1.1-Tareas Principales/1.5.1-Administracion embargos: Test Cases/1.1-Tareas Principales/1.5.1-Administracion embargos

2021-12-17 18:21:46 - [TEST_STEP][PASSED] - callTestCase(findTestCase("Hutilidades/Tareas Administracion Compensacion/Administracion embargos por Fecha"), [:], STOP_ON_FAILURE): Call Test Case 'Test Cases/Hutilidades/Tareas Administracion Compensacion/Administracion embargos por Fecha' successfully

2021-12-17 18:21:46 - [TEST_CASE][PASSED] - Test Cases/Hutilidades/Tareas Administracion Compensacion/Administracion embargos por Fecha: Test Cases/Hutilidades/Tareas Administracion Compensacion/Administracion embargos por Fecha

2021-12-17 18:21:46 - [TEST_STEP][PASSED] - callTestCase(findTestCase("Hutilidades/Modulos/Modulo Administracion Compensacion"), [:], STOP_ON_FAILURE): Call Test Case 'Test Cases/Hutilidades/Modulos/Modulo Administracion Compensacion' successfully

2021-12-17 18:21:46 - [TEST_CASE][PASSED] - Test Cases/Hutilidades/Modulos/Modulo Administracion Compensacion: Test Cases/Hutilidades/Modulos/Modulo Administracion Compensacion

2021-12-17 18:21:47 - [TEST_STEP][PASSED] - callTestCase(findTestCase("0.1-Login"), [:], STOP_ON_FAILURE): Call Test Case 'Test Cases/0.1-Login' successfully

2021-12-17 18:21:47 - [TEST_CASE][PASSED] - Test Cases/0.1-Login: Test Cases/0.1-Login

2021-12-17 18:21:47 - [TEST_STEP][PASSED] - openBrowser(""): Browser is opened with url: ''

2021-12-17 18:21:47 - [MESSAGE][INFO] - Starting 'Chrome' driver

2021-12-17 18:21:47 - [MESSAGE][INFO] - Action delay is set to 0 milliseconds

2021-12-17 18:21:48 - [MESSAGE][PASSED] - Browser is opened with url: ''

2021-12-17 18:21:48 - [TEST_STEP][PASSED] - maximizeWindow(): Current window maximized

2021-12-17 18:21:48 - [MESSAGE][PASSED] - Current window maximized

2021-12-17 18:21:48 - [TEST_STEP][PASSED] - i = G_Login: null

2021-12-17 18:21:48 - [TEST_STEP][PASSED] - url = new java.net.URL(i): null

2021-12-17 18:21:48 - [TEST_STEP][PASSED] - println("URL: " + url.toString()): null

2021-12-17 18:21:48 - [TEST_STEP][PASSED] - connection = url.openConnection(): null

2021-12-17 18:21:48 - [TEST_STEP][PASSED] - connection.setRequestMethod("GET"): null

2021-12-17 18:21:48 - [TEST_STEP][PASSED] - connection.setReadTimeout(2 * 1000): null

2021-12-17 18:21:48 - [TEST_STEP][PASSED] - try: null

2021-12-17 18:21:48 - [TEST_STEP][PASSED] - connection.connect(): null

2021-12-17 18:21:48 - [TEST_STEP][PASSED] - flag = connected: null

2021-12-17 18:21:48 - [TEST_STEP][PASSED] - println("Valor_ori: " + flag): null

2021-12-17 18:21:48 - [TEST_STEP][PASSED] - if (flag): null

2021-12-17 18:21:48 - [TEST_STEP][PASSED] - navigateToUrl(i): Navigate to 'http://192.168.2.29:7001/saraweb' successfully

2021-12-17 18:21:53 - [MESSAGE][PASSED] - Navigate to 'http://192.168.2.29:7001/saraweb' successfully

2021-12-17 18:21:53 - [TEST_STEP][PASSED] - a(): null

2021-12-17 18:21:53 - [TEST_STEP][PASSED] - setText(findTestObject("Login/input_USUARIO_loginusuario"), G_Usuario): Text 'weblogic' is set on object 'Object Repository/Login/input_USUARIO_loginusuario'

2021-12-17 18:21:54 - [MESSAGE][PASSED] - Text 'weblogic' is set on object 'Object Repository/Login/input_USUARIO_loginusuario'

2021-12-17 18:21:54 - [TEST_STEP][PASSED] - setEncryptedText(findTestObject("Login/input_CLAVE_loginpassword"), "MkG4/TYiCFC3cb2driP7+Q=="): Text ****** has been set on object 'Object Repository/Login/input_CLAVE_loginpassword'

2021-12-17 18:21:54 - [MESSAGE][PASSED] - Text ****** has been set on object 'Object Repository/Login/input_CLAVE_loginpassword'

2021-12-17 18:21:54 - [TEST_STEP][PASSED] - waitForElementClickable(findTestObject("Login/a_Ingresar"), G_TimeOut): Object 'Object Repository/Login/a_Ingresar' is clickable

2021-12-17 18:21:55 - [MESSAGE][PASSED] - Object 'Object Repository/Login/a_Ingresar' is clickable

2021-12-17 18:21:55 - [TEST_STEP][PASSED] - click(findTestObject("Login/a_Ingresar")): Object: 'Object Repository/Login/a_Ingresar' is clicked on

2021-12-17 18:22:04 - [MESSAGE][PASSED] - Object: 'Object Repository/Login/a_Ingresar' is clicked on

2021-12-17 18:22:04 - [TEST_STEP][PASSED] - element = findWebElement(findTestObject("Login/a_Ir"), 30): null

2021-12-17 18:22:04 - [TEST_STEP][PASSED] - executeJavaScript("arguments[0].click()", Arrays.asList(element)): Execute JavaScript 'arguments[0].click()' successfully

2021-12-17 18:22:04 - [MESSAGE][PASSED] - Execute JavaScript 'arguments[0].click()' successfully

2021-12-17 18:22:04 - [MESSAGE][PASSED] - Call Test Case 'Test Cases/0.1-Login' successfully

2021-12-17 18:22:04 - [TEST_STEP][PASSED] - delay(2): Delayed 2 second(s)

2021-12-17 18:22:06 - [MESSAGE][PASSED] - Delayed 2 second(s)

2021-12-17 18:22:06 - [TEST_STEP][PASSED] - click(findTestObject("Modulo Administracion Compensacion/span_Administracin Compensacin")): Object: 'Object Repository/Modulo Administracion Compensacion/span_Administracin Compensacin' is clicked on

2021-12-17 18:22:20 - [MESSAGE][PASSED] - Object: 'Object Repository/Modulo Administracion Compensacion/span_Administracin Compensacin' is clicked on

2021-12-17 18:22:20 - [MESSAGE][PASSED] - Call Test Case 'Test Cases/Hutilidades/Modulos/Modulo Administracion Compensacion' successfully

2021-12-17 18:22:20 - [TEST_STEP][PASSED] - waitForElementClickable(findTestObject("Modulo Tarea Administracion Compensacion/Administracion Embargos por Fecha/input_Ir_nav_t66_input"), 0): Object 'Object Repository/Modulo Tarea Administracion Compensacion/Administracion Embargos por Fecha/input_Ir_nav_t66_input' is clickable

2021-12-17 18:22:20 - [MESSAGE][WARNING] - Timeout '0' is invalid. Using default page load timeout: '30'

2021-12-17 18:22:20 - [MESSAGE][PASSED] - Object 'Object Repository/Modulo Tarea Administracion Compensacion/Administracion Embargos por Fecha/input_Ir_nav_t66_input' is clickable

2021-12-17 18:22:20 - [TEST_STEP][PASSED] - setText(findTestObject("Modulo Tarea Administracion Compensacion/Administracion Embargos por Fecha/input_Ir_nav_t66_input"), "Administracion Embargos"): Text 'Administracion Embargos' is set on object 'Object Repository/Modulo Tarea Administracion Compensacion/Administracion Embargos por Fecha/input_Ir_nav_t66_input'

2021-12-17 18:22:21 - [MESSAGE][PASSED] - Text 'Administracion Embargos' is set on object 'Object Repository/Modulo Tarea Administracion Compensacion/Administracion Embargos por Fecha/input_Ir_nav_t66_input'

2021-12-17 18:22:21 - [TEST_STEP][PASSED] - delay(2): Delayed 2 second(s)

2021-12-17 18:22:23 - [MESSAGE][PASSED] - Delayed 2 second(s)

2021-12-17 18:22:23 - [TEST_STEP][PASSED] - sendKeys(findTestObject("Modulo Tarea Administracion Compensacion/Administracion Embargos por Fecha/input_Ir_nav_t66_input"), Keys.chord(ENTER)): Keys 'ENTER + ' sent to object: 'Object Repository/Modulo Tarea Administracion Compensacion/Administracion Embargos por Fecha/input_Ir_nav_t66_input'

2021-12-17 18:22:23 - [MESSAGE][PASSED] - Keys 'ENTER + ' sent to object: 'Object Repository/Modulo Tarea Administracion Compensacion/Administracion Embargos por Fecha/input_Ir_nav_t66_input'

2021-12-17 18:22:23 - [TEST_STEP][PASSED] - click(findTestObject("Modulo Tarea Administracion Compensacion/Administracion Embargos por Fecha/span_Generacion Por Fechas")): Object: 'Object Repository/Modulo Tarea Administracion Compensacion/Administracion Embargos por Fecha/span_Generacion Por Fechas' is clicked on

2021-12-17 18:22:31 - [MESSAGE][PASSED] - Object: 'Object Repository/Modulo Tarea Administracion Compensacion/Administracion Embargos por Fecha/span_Generacion Por Fechas' is clicked on

2021-12-17 18:22:31 - [TEST_STEP][PASSED] - setText(findTestObject("Modulo Tarea Administracion Compensacion/Administracion Embargos por Fecha/input_Fecha Inicial_banco_agra"), "01/01/2019"): Text '01/01/2019' is set on object 'Object Repository/Modulo Tarea Administracion Compensacion/Administracion Embargos por Fecha/input_Fecha Inicial_banco_agra'

2021-12-17 18:22:32 - [MESSAGE][PASSED] - Text '01/01/2019' is set on object 'Object Repository/Modulo Tarea Administracion Compensacion/Administracion Embargos por Fecha/input_Fecha Inicial_banco_agra'

2021-12-17 18:22:32 - [TEST_STEP][PASSED] - sendKeys(findTestObject("Modulo Tarea Administracion Compensacion/Administracion Embargos por Fecha/input_Fecha Inicial_banco_agra"), Keys.chord(ENTER)): Keys 'ENTER + ' sent to object: 'Object Repository/Modulo Tarea Administracion Compensacion/Administracion Embargos por Fecha/input_Fecha Inicial_banco_agra'

2021-12-17 18:22:33 - [MESSAGE][PASSED] - Keys 'ENTER + ' sent to object: 'Object Repository/Modulo Tarea Administracion Compensacion/Administracion Embargos por Fecha/input_Fecha Inicial_banco_agra'

2021-12-17 18:22:33 - [TEST_STEP][PASSED] - setText(findTestObject("Modulo Tarea Administracion Compensacion/Administracion Embargos por Fecha/input_Fecha Final_banco_agrari"), "31/01/2019"): Text '31/01/2019' is set on object 'Object Repository/Modulo Tarea Administracion Compensacion/Administracion Embargos por Fecha/input_Fecha Final_banco_agrari'

2021-12-17 18:22:34 - [MESSAGE][PASSED] - Text '31/01/2019' is set on object 'Object Repository/Modulo Tarea Administracion Compensacion/Administracion Embargos por Fecha/input_Fecha Final_banco_agrari'

2021-12-17 18:22:34 - [TEST_STEP][PASSED] - sendKeys(findTestObject("Modulo Tarea Administracion Compensacion/Administracion Embargos por Fecha/input_Fecha Final_banco_agrari"), Keys.chord(ENTER)): Keys 'ENTER + ' sent to object: 'Object Repository/Modulo Tarea Administracion Compensacion/Administracion Embargos por Fecha/input_Fecha Final_banco_agrari'

2021-12-17 18:22:34 - [MESSAGE][PASSED] - Keys 'ENTER + ' sent to object: 'Object Repository/Modulo Tarea Administracion Compensacion/Administracion Embargos por Fecha/input_Fecha Final_banco_agrari'

2021-12-17 18:22:34 - [TEST_STEP][PASSED] - waitForElementClickable(findTestObject("Modulo Tarea Administracion Compensacion/Verificacion de campo Total Abonado/a_Nombre Funcionario_listadoEm"), 0): Object 'Object Repository/Modulo Tarea Administracion Compensacion/Verificacion de campo Total Abonado/a_Nombre Funcionario_listadoEm' is clickable

2021-12-17 18:22:34 - [MESSAGE][WARNING] - Timeout '0' is invalid. Using default page load timeout: '30'

2021-12-17 18:22:35 - [MESSAGE][PASSED] - Object 'Object Repository/Modulo Tarea Administracion Compensacion/Verificacion de campo Total Abonado/a_Nombre Funcionario_listadoEm' is clickable

2021-12-17 18:22:35 - [TEST_STEP][PASSED] - click(findTestObject("Modulo Tarea Administracion Compensacion/Administracion Embargos por Fecha/input_Tipo Periodo_banco_agrar")): Object: 'Object Repository/Modulo Tarea Administracion Compensacion/Administracion Embargos por Fecha/input_Tipo Periodo_banco_agrar' is clicked on

2021-12-17 18:22:35 - [MESSAGE][PASSED] - Object: 'Object Repository/Modulo Tarea Administracion Compensacion/Administracion Embargos por Fecha/input_Tipo Periodo_banco_agrar' is clicked on

2021-12-17 18:22:35 - [TEST_STEP][PASSED] - click(findTestObject("Modulo Tarea Administracion Compensacion/Administracion Embargos por Fecha/span_Generar")): Object: 'Object Repository/Modulo Tarea Administracion Compensacion/Administracion Embargos por Fecha/span_Generar' is clicked on

2021-12-17 18:22:36 - [MESSAGE][PASSED] - Object: 'Object Repository/Modulo Tarea Administracion Compensacion/Administracion Embargos por Fecha/span_Generar' is clicked on

2021-12-17 18:22:36 - [TEST_STEP][PASSED] - click(findTestObject("Modulo Tarea Administracion Compensacion/Administracion Embargos por Fecha/span_Archivo")): Object: 'Object Repository/Modulo Tarea Administracion Compensacion/Administracion Embargos por Fecha/span_Archivo' is clicked on

2021-12-17 18:22:37 - [MESSAGE][PASSED] - Object: 'Object Repository/Modulo Tarea Administracion Compensacion/Administracion Embargos por Fecha/span_Archivo' is clicked on

2021-12-17 18:22:37 - [TEST_STEP][PASSED] - click(findTestObject("Modulo Tarea Administracion Compensacion/Administracion Embargos por Fecha/span_Si")): Object: 'Object Repository/Modulo Tarea Administracion Compensacion/Administracion Embargos por Fecha/span_Si' is clicked on

2021-12-17 18:22:38 - [MESSAGE][PASSED] - Object: 'Object Repository/Modulo Tarea Administracion Compensacion/Administracion Embargos por Fecha/span_Si' is clicked on

2021-12-17 18:22:38 - [MESSAGE][PASSED] - Call Test Case 'Test Cases/Hutilidades/Tareas Administracion Compensacion/Administracion embargos por Fecha' successfully

2021-12-17 18:22:38 - [TEST_STEP][PASSED] - callTestCase(findTestCase("Hutilidades/Tareas Administracion Compensacion/Administracion embargos por Periodos"), [:], STOP_ON_FAILURE): Call Test Case 'Test Cases/Hutilidades/Tareas Administracion Compensacion/Administracion embargos por Periodos' successfully

2021-12-17 18:22:38 - [TEST_CASE][PASSED] - Test Cases/Hutilidades/Tareas Administracion Compensacion/Administracion embargos por Periodos: Test Cases/Hutilidades/Tareas Administracion Compensacion/Administracion embargos por Periodos

2021-12-17 18:22:38 - [TEST_STEP][PASSED] - callTestCase(findTestCase("Hutilidades/Modulos/Modulo Administracion Compensacion"), [:], STOP_ON_FAILURE): Call Test Case 'Test Cases/Hutilidades/Modulos/Modulo Administracion Compensacion' successfully

2021-12-17 18:22:38 - [TEST_CASE][PASSED] - Test Cases/Hutilidades/Modulos/Modulo Administracion Compensacion: Test Cases/Hutilidades/Modulos/Modulo Administracion Compensacion

2021-12-17 18:22:38 - [TEST_STEP][PASSED] - callTestCase(findTestCase("0.1-Login"), [:], STOP_ON_FAILURE): Call Test Case 'Test Cases/0.1-Login' successfully

2021-12-17 18:22:39 - [TEST_CASE][PASSED] - Test Cases/0.1-Login: Test Cases/0.1-Login

2021-12-17 18:22:39 - [TEST_STEP][PASSED] - openBrowser(""): Browser is opened with url: ''

2021-12-17 18:22:39 - [MESSAGE][WARNING] - A browser is already opened. Closing browser and opening a new one

2021-12-17 18:22:39 - [MESSAGE][INFO] - Starting 'Chrome' driver

2021-12-17 18:22:39 - [MESSAGE][INFO] - Action delay is set to 0 milliseconds

2021-12-17 18:22:41 - [MESSAGE][PASSED] - Browser is opened with url: ''

2021-12-17 18:22:41 - [TEST_STEP][PASSED] - maximizeWindow(): Current window maximized

2021-12-17 18:22:41 - [MESSAGE][PASSED] - Current window maximized

2021-12-17 18:22:41 - [TEST_STEP][PASSED] - i = G_Login: null

2021-12-17 18:22:41 - [TEST_STEP][PASSED] - url = new java.net.URL(i): null

2021-12-17 18:22:41 - [TEST_STEP][PASSED] - println("URL: " + url.toString()): null

2021-12-17 18:22:41 - [TEST_STEP][PASSED] - connection = url.openConnection(): null

2021-12-17 18:22:41 - [TEST_STEP][PASSED] - connection.setRequestMethod("GET"): null

2021-12-17 18:22:41 - [TEST_STEP][PASSED] - connection.setReadTimeout(2 * 1000): null

2021-12-17 18:22:41 - [TEST_STEP][PASSED] - try: null

2021-12-17 18:22:41 - [TEST_STEP][PASSED] - connection.connect(): null

2021-12-17 18:22:41 - [TEST_STEP][PASSED] - flag = connected: null

2021-12-17 18:22:41 - [TEST_STEP][PASSED] - println("Valor_ori: " + flag): null

2021-12-17 18:22:41 - [TEST_STEP][PASSED] - if (flag): null

2021-12-17 18:22:41 - [TEST_STEP][PASSED] - navigateToUrl(i): Navigate to 'http://192.168.2.29:7001/saraweb' successfully

2021-12-17 18:22:46 - [MESSAGE][PASSED] - Navigate to 'http://192.168.2.29:7001/saraweb' successfully

2021-12-17 18:22:46 - [TEST_STEP][PASSED] - a(): null

2021-12-17 18:22:46 - [TEST_STEP][PASSED] - setText(findTestObject("Login/input_USUARIO_loginusuario"), G_Usuario): Text 'weblogic' is set on object 'Object Repository/Login/input_USUARIO_loginusuario'

2021-12-17 18:22:47 - [MESSAGE][PASSED] - Text 'weblogic' is set on object 'Object Repository/Login/input_USUARIO_loginusuario'

2021-12-17 18:22:47 - [TEST_STEP][PASSED] - setEncryptedText(findTestObject("Login/input_CLAVE_loginpassword"), "MkG4/TYiCFC3cb2driP7+Q=="): Text ****** has been set on object 'Object Repository/Login/input_CLAVE_loginpassword'

2021-12-17 18:22:47 - [MESSAGE][PASSED] - Text ****** has been set on object 'Object Repository/Login/input_CLAVE_loginpassword'

2021-12-17 18:22:47 - [TEST_STEP][PASSED] - waitForElementClickable(findTestObject("Login/a_Ingresar"), G_TimeOut): Object 'Object Repository/Login/a_Ingresar' is clickable

2021-12-17 18:22:47 - [MESSAGE][PASSED] - Object 'Object Repository/Login/a_Ingresar' is clickable

2021-12-17 18:22:47 - [TEST_STEP][PASSED] - click(findTestObject("Login/a_Ingresar")): Object: 'Object Repository/Login/a_Ingresar' is clicked on

2021-12-17 18:22:56 - [MESSAGE][PASSED] - Object: 'Object Repository/Login/a_Ingresar' is clicked on

2021-12-17 18:22:56 - [TEST_STEP][PASSED] - element = findWebElement(findTestObject("Login/a_Ir"), 30): null

2021-12-17 18:22:56 - [TEST_STEP][PASSED] - executeJavaScript("arguments[0].click()", Arrays.asList(element)): Execute JavaScript 'arguments[0].click()' successfully

2021-12-17 18:22:56 - [MESSAGE][PASSED] - Execute JavaScript 'arguments[0].click()' successfully

2021-12-17 18:22:56 - [MESSAGE][PASSED] - Call Test Case 'Test Cases/0.1-Login' successfully

2021-12-17 18:22:56 - [TEST_STEP][PASSED] - delay(2): Delayed 2 second(s)

2021-12-17 18:22:58 - [MESSAGE][PASSED] - Delayed 2 second(s)

2021-12-17 18:22:58 - [TEST_STEP][PASSED] - click(findTestObject("Modulo Administracion Compensacion/span_Administracin Compensacin")): Object: 'Object Repository/Modulo Administracion Compensacion/span_Administracin Compensacin' is clicked on

2021-12-17 18:23:12 - [MESSAGE][PASSED] - Object: 'Object Repository/Modulo Administracion Compensacion/span_Administracin Compensacin' is clicked on

2021-12-17 18:23:12 - [MESSAGE][PASSED] - Call Test Case 'Test Cases/Hutilidades/Modulos/Modulo Administracion Compensacion' successfully

2021-12-17 18:23:12 - [TEST_STEP][PASSED] - waitForElementClickable(findTestObject("Modulo Tarea Administracion Compensacion/Administracion Embargos por Fecha/input_Ir_nav_t66_input"), 0): Object 'Object Repository/Modulo Tarea Administracion Compensacion/Administracion Embargos por Fecha/input_Ir_nav_t66_input' is clickable

2021-12-17 18:23:12 - [MESSAGE][WARNING] - Timeout '0' is invalid. Using default page load timeout: '30'

2021-12-17 18:23:12 - [MESSAGE][PASSED] - Object 'Object Repository/Modulo Tarea Administracion Compensacion/Administracion Embargos por Fecha/input_Ir_nav_t66_input' is clickable

2021-12-17 18:23:12 - [TEST_STEP][PASSED] - setText(findTestObject("Modulo Tarea Administracion Compensacion/Administracion Embargos por Fecha/input_Ir_nav_t66_input"), "Administracion Embargos"): Text 'Administracion Embargos' is set on object 'Object Repository/Modulo Tarea Administracion Compensacion/Administracion Embargos por Fecha/input_Ir_nav_t66_input'

2021-12-17 18:23:13 - [MESSAGE][PASSED] - Text 'Administracion Embargos' is set on object 'Object Repository/Modulo Tarea Administracion Compensacion/Administracion Embargos por Fecha/input_Ir_nav_t66_input'

2021-12-17 18:23:13 - [TEST_STEP][PASSED] - delay(1): Delayed 1 second(s)

2021-12-17 18:23:14 - [MESSAGE][PASSED] - Delayed 1 second(s)

2021-12-17 18:23:14 - [TEST_STEP][PASSED] - sendKeys(findTestObject("Modulo Tarea Administracion Compensacion/Administracion Embargos por Fecha/input_Ir_nav_t66_input"), Keys.chord(ENTER)): Keys 'ENTER + ' sent to object: 'Object Repository/Modulo Tarea Administracion Compensacion/Administracion Embargos por Fecha/input_Ir_nav_t66_input'

2021-12-17 18:23:15 - [MESSAGE][PASSED] - Keys 'ENTER + ' sent to object: 'Object Repository/Modulo Tarea Administracion Compensacion/Administracion Embargos por Fecha/input_Ir_nav_t66_input'

2021-12-17 18:23:15 - [TEST_STEP][PASSED] - click(findTestObject("Modulo Tarea Administracion Compensacion/Administracion Embargos por Periodo/span_Generacin Por Periodos")): Object: 'Object Repository/Modulo Tarea Administracion Compensacion/Administracion Embargos por Periodo/span_Generacin Por Periodos' is clicked on

2021-12-17 18:23:23 - [MESSAGE][PASSED] - Object: 'Object Repository/Modulo Tarea Administracion Compensacion/Administracion Embargos por Periodo/span_Generacin Por Periodos' is clicked on

2021-12-17 18:23:23 - [TEST_STEP][PASSED] - waitForElementClickable(findTestObject("Modulo Tarea Administracion Compensacion/Administracion Embargos por Periodo/input_BANCO AGRARIO_banco_agra"), 0): Object 'Object Repository/Modulo Tarea Administracion Compensacion/Administracion Embargos por Periodo/input_BANCO AGRARIO_banco_agra' is clickable

2021-12-17 18:23:23 - [MESSAGE][WARNING] - Timeout '0' is invalid. Using default page load timeout: '30'

2021-12-17 18:23:23 - [MESSAGE][PASSED] - Object 'Object Repository/Modulo Tarea Administracion Compensacion/Administracion Embargos por Periodo/input_BANCO AGRARIO_banco_agra' is clickable

2021-12-17 18:23:23 - [TEST_STEP][PASSED] - click(findTestObject("Modulo Tarea Administracion Compensacion/Administracion Embargos por Periodo/input_BANCO AGRARIO_banco_agra")): Object: 'Object Repository/Modulo Tarea Administracion Compensacion/Administracion Embargos por Periodo/input_BANCO AGRARIO_banco_agra' is clicked on

2021-12-17 18:23:24 - [MESSAGE][PASSED] - Object: 'Object Repository/Modulo Tarea Administracion Compensacion/Administracion Embargos por Periodo/input_BANCO AGRARIO_banco_agra' is clicked on

2021-12-17 18:23:24 - [TEST_STEP][PASSED] - waitForElementClickable(findTestObject("Modulo Tarea Administracion Compensacion/Administracion Embargos por Periodo/a_Periodo_banco_agrario_t302"), 0): Object 'Object Repository/Modulo Tarea Administracion Compensacion/Administracion Embargos por Periodo/a_Periodo_banco_agrario_t302' is clickable

2021-12-17 18:23:24 - [MESSAGE][WARNING] - Timeout '0' is invalid. Using default page load timeout: '30'

2021-12-17 18:23:24 - [MESSAGE][PASSED] - Object 'Object Repository/Modulo Tarea Administracion Compensacion/Administracion Embargos por Periodo/a_Periodo_banco_agrario_t302' is clickable

2021-12-17 18:23:24 - [TEST_STEP][PASSED] - click(findTestObject("Modulo Tarea Administracion Compensacion/Administracion Embargos por Periodo/a_Periodo_banco_agrario_t302")): Object: 'Object Repository/Modulo Tarea Administracion Compensacion/Administracion Embargos por Periodo/a_Periodo_banco_agrario_t302' is clicked on

2021-12-17 18:23:25 - [MESSAGE][PASSED] - Object: 'Object Repository/Modulo Tarea Administracion Compensacion/Administracion Embargos por Periodo/a_Periodo_banco_agrario_t302' is clicked on

2021-12-17 18:23:25 - [TEST_STEP][PASSED] - waitForElementClickable(findTestObject("Modulo Tarea Administracion Compensacion/Administracion Embargos por Periodo/span_Mensual Noviembre"), 0): Object 'Object Repository/Modulo Tarea Administracion Compensacion/Administracion Embargos por Periodo/span_Mensual Noviembre' is clickable

2021-12-17 18:23:25 - [MESSAGE][WARNING] - Timeout '0' is invalid. Using default page load timeout: '30'

2021-12-17 18:23:25 - [MESSAGE][PASSED] - Object 'Object Repository/Modulo Tarea Administracion Compensacion/Administracion Embargos por Periodo/span_Mensual Noviembre' is clickable

2021-12-17 18:23:25 - [TEST_STEP][PASSED] - click(findTestObject("Modulo Tarea Administracion Compensacion/Administracion Embargos por Periodo/span_Mensual Noviembre")): Object: 'Object Repository/Modulo Tarea Administracion Compensacion/Administracion Embargos por Periodo/span_Mensual Noviembre' is clicked on

2021-12-17 18:23:26 - [MESSAGE][PASSED] - Object: 'Object Repository/Modulo Tarea Administracion Compensacion/Administracion Embargos por Periodo/span_Mensual Noviembre' is clicked on

2021-12-17 18:23:26 - [TEST_STEP][PASSED] - waitForElementClickable(findTestObject("Modulo Tarea Administracion Compensacion/Administracion Embargos por Periodo/span_Generar"), 0): Object 'Object Repository/Modulo Tarea Administracion Compensacion/Administracion Embargos por Periodo/span_Generar' is clickable

2021-12-17 18:23:26 - [MESSAGE][WARNING] - Timeout '0' is invalid. Using default page load timeout: '30'

2021-12-17 18:23:26 - [MESSAGE][PASSED] - Object 'Object Repository/Modulo Tarea Administracion Compensacion/Administracion Embargos por Periodo/span_Generar' is clickable

2021-12-17 18:23:26 - [TEST_STEP][PASSED] - click(findTestObject("Modulo Tarea Administracion Compensacion/Administracion Embargos por Periodo/span_Generar")): Object: 'Object Repository/Modulo Tarea Administracion Compensacion/Administracion Embargos por Periodo/span_Generar' is clicked on

2021-12-17 18:23:27 - [MESSAGE][PASSED] - Object: 'Object Repository/Modulo Tarea Administracion Compensacion/Administracion Embargos por Periodo/span_Generar' is clicked on

2021-12-17 18:23:27 - [TEST_STEP][PASSED] - waitForElementClickable(findTestObject("Modulo Tarea Administracion Compensacion/Administracion Embargos por Periodo/span_Archivo"), 0): Object 'Object Repository/Modulo Tarea Administracion Compensacion/Administracion Embargos por Periodo/span_Archivo' is clickable

2021-12-17 18:23:27 - [MESSAGE][WARNING] - Timeout '0' is invalid. Using default page load timeout: '30'

2021-12-17 18:23:28 - [MESSAGE][PASSED] - Object 'Object Repository/Modulo Tarea Administracion Compensacion/Administracion Embargos por Periodo/span_Archivo' is clickable

2021-12-17 18:23:28 - [TEST_STEP][PASSED] - click(findTestObject("Modulo Tarea Administracion Compensacion/Administracion Embargos por Periodo/span_Archivo")): Object: 'Object Repository/Modulo Tarea Administracion Compensacion/Administracion Embargos por Periodo/span_Archivo' is clicked on

2021-12-17 18:23:28 - [MESSAGE][PASSED] - Object: 'Object Repository/Modulo Tarea Administracion Compensacion/Administracion Embargos por Periodo/span_Archivo' is clicked on

2021-12-17 18:23:28 - [TEST_STEP][PASSED] - click(findTestObject("Modulo Tarea Administracion Compensacion/Administracion Embargos por Periodo/span_Si")): Object: 'Object Repository/Modulo Tarea Administracion Compensacion/Administracion Embargos por Periodo/span_Si' is clicked on

2021-12-17 18:23:29 - [MESSAGE][PASSED] - Object: 'Object Repository/Modulo Tarea Administracion Compensacion/Administracion Embargos por Periodo/span_Si' is clicked on

2021-12-17 18:23:29 - [MESSAGE][PASSED] - Call Test Case 'Test Cases/Hutilidades/Tareas Administracion Compensacion/Administracion embargos por Periodos' successfully

2021-12-17 18:23:29 - [TEST_STEP][PASSED] - closeBrowser(): Browser is closed

2021-12-17 18:23:30 - [MESSAGE][PASSED] - Browser is closed]]></system-out>
         <system-err><![CDATA[]]></system-err>
      </testcase>
      <testcase name="Test Cases/1.1-Tareas Principales/1.5.2-Liquidacion Entidad Externa" time="66.08" classname="Test Cases/1.1-Tareas Principales/1.5.2-Liquidacion Entidad Externa" status="PASSED">
         <system-out><![CDATA[2021-12-17 18:23:30 - [TEST_CASE][PASSED] - Test Cases/1.1-Tareas Principales/1.5.2-Liquidacion Entidad Externa: Test Cases/1.1-Tareas Principales/1.5.2-Liquidacion Entidad Externa

2021-12-17 18:23:30 - [TEST_STEP][PASSED] - callTestCase(findTestCase("Hutilidades/Modulos/Modulo Administracion Compensacion"), [:], STOP_ON_FAILURE): Call Test Case 'Test Cases/Hutilidades/Modulos/Modulo Administracion Compensacion' successfully

2021-12-17 18:23:30 - [TEST_CASE][PASSED] - Test Cases/Hutilidades/Modulos/Modulo Administracion Compensacion: Test Cases/Hutilidades/Modulos/Modulo Administracion Compensacion

2021-12-17 18:23:30 - [TEST_STEP][PASSED] - callTestCase(findTestCase("0.1-Login"), [:], STOP_ON_FAILURE): Call Test Case 'Test Cases/0.1-Login' successfully

2021-12-17 18:23:30 - [TEST_CASE][PASSED] - Test Cases/0.1-Login: Test Cases/0.1-Login

2021-12-17 18:23:30 - [TEST_STEP][PASSED] - openBrowser(""): Browser is opened with url: ''

2021-12-17 18:23:30 - [MESSAGE][INFO] - Starting 'Chrome' driver

2021-12-17 18:23:30 - [MESSAGE][INFO] - Action delay is set to 0 milliseconds

2021-12-17 18:23:31 - [MESSAGE][PASSED] - Browser is opened with url: ''

2021-12-17 18:23:31 - [TEST_STEP][PASSED] - maximizeWindow(): Current window maximized

2021-12-17 18:23:31 - [MESSAGE][PASSED] - Current window maximized

2021-12-17 18:23:31 - [TEST_STEP][PASSED] - i = G_Login: null

2021-12-17 18:23:31 - [TEST_STEP][PASSED] - url = new java.net.URL(i): null

2021-12-17 18:23:31 - [TEST_STEP][PASSED] - println("URL: " + url.toString()): null

2021-12-17 18:23:31 - [TEST_STEP][PASSED] - connection = url.openConnection(): null

2021-12-17 18:23:31 - [TEST_STEP][PASSED] - connection.setRequestMethod("GET"): null

2021-12-17 18:23:31 - [TEST_STEP][PASSED] - connection.setReadTimeout(2 * 1000): null

2021-12-17 18:23:31 - [TEST_STEP][PASSED] - try: null

2021-12-17 18:23:31 - [TEST_STEP][PASSED] - connection.connect(): null

2021-12-17 18:23:31 - [TEST_STEP][PASSED] - flag = connected: null

2021-12-17 18:23:31 - [TEST_STEP][PASSED] - println("Valor_ori: " + flag): null

2021-12-17 18:23:31 - [TEST_STEP][PASSED] - if (flag): null

2021-12-17 18:23:31 - [TEST_STEP][PASSED] - navigateToUrl(i): Navigate to 'http://192.168.2.29:7001/saraweb' successfully

2021-12-17 18:23:36 - [MESSAGE][PASSED] - Navigate to 'http://192.168.2.29:7001/saraweb' successfully

2021-12-17 18:23:36 - [TEST_STEP][PASSED] - a(): null

2021-12-17 18:23:36 - [TEST_STEP][PASSED] - setText(findTestObject("Login/input_USUARIO_loginusuario"), G_Usuario): Text 'weblogic' is set on object 'Object Repository/Login/input_USUARIO_loginusuario'

2021-12-17 18:23:37 - [MESSAGE][PASSED] - Text 'weblogic' is set on object 'Object Repository/Login/input_USUARIO_loginusuario'

2021-12-17 18:23:37 - [TEST_STEP][PASSED] - setEncryptedText(findTestObject("Login/input_CLAVE_loginpassword"), "MkG4/TYiCFC3cb2driP7+Q=="): Text ****** has been set on object 'Object Repository/Login/input_CLAVE_loginpassword'

2021-12-17 18:23:38 - [MESSAGE][PASSED] - Text ****** has been set on object 'Object Repository/Login/input_CLAVE_loginpassword'

2021-12-17 18:23:38 - [TEST_STEP][PASSED] - waitForElementClickable(findTestObject("Login/a_Ingresar"), G_TimeOut): Object 'Object Repository/Login/a_Ingresar' is clickable

2021-12-17 18:23:38 - [MESSAGE][PASSED] - Object 'Object Repository/Login/a_Ingresar' is clickable

2021-12-17 18:23:38 - [TEST_STEP][PASSED] - click(findTestObject("Login/a_Ingresar")): Object: 'Object Repository/Login/a_Ingresar' is clicked on

2021-12-17 18:23:47 - [MESSAGE][PASSED] - Object: 'Object Repository/Login/a_Ingresar' is clicked on

2021-12-17 18:23:47 - [TEST_STEP][PASSED] - element = findWebElement(findTestObject("Login/a_Ir"), 30): null

2021-12-17 18:23:47 - [TEST_STEP][PASSED] - executeJavaScript("arguments[0].click()", Arrays.asList(element)): Execute JavaScript 'arguments[0].click()' successfully

2021-12-17 18:23:47 - [MESSAGE][PASSED] - Execute JavaScript 'arguments[0].click()' successfully

2021-12-17 18:23:47 - [MESSAGE][PASSED] - Call Test Case 'Test Cases/0.1-Login' successfully

2021-12-17 18:23:47 - [TEST_STEP][PASSED] - delay(2): Delayed 2 second(s)

2021-12-17 18:23:49 - [MESSAGE][PASSED] - Delayed 2 second(s)

2021-12-17 18:23:49 - [TEST_STEP][PASSED] - click(findTestObject("Modulo Administracion Compensacion/span_Administracin Compensacin")): Object: 'Object Repository/Modulo Administracion Compensacion/span_Administracin Compensacin' is clicked on

2021-12-17 18:24:03 - [MESSAGE][PASSED] - Object: 'Object Repository/Modulo Administracion Compensacion/span_Administracin Compensacin' is clicked on

2021-12-17 18:24:03 - [MESSAGE][PASSED] - Call Test Case 'Test Cases/Hutilidades/Modulos/Modulo Administracion Compensacion' successfully

2021-12-17 18:24:03 - [TEST_STEP][PASSED] - waitForElementClickable(findTestObject("Modulo Tarea Administracion Compensacion/Liquidacion Entidad Externa/input_Ir_nav_t66_input"), 0): Object 'Object Repository/Modulo Tarea Administracion Compensacion/Liquidacion Entidad Externa/input_Ir_nav_t66_input' is clickable

2021-12-17 18:24:03 - [MESSAGE][WARNING] - Timeout '0' is invalid. Using default page load timeout: '30'

2021-12-17 18:24:03 - [MESSAGE][PASSED] - Object 'Object Repository/Modulo Tarea Administracion Compensacion/Liquidacion Entidad Externa/input_Ir_nav_t66_input' is clickable

2021-12-17 18:24:03 - [TEST_STEP][PASSED] - setText(findTestObject("Modulo Tarea Administracion Compensacion/Liquidacion Entidad Externa/input_Ir_nav_t66_input"), "Liquidacion Entidad Externa"): Text 'Liquidacion Entidad Externa' is set on object 'Object Repository/Modulo Tarea Administracion Compensacion/Liquidacion Entidad Externa/input_Ir_nav_t66_input'

2021-12-17 18:24:04 - [MESSAGE][PASSED] - Text 'Liquidacion Entidad Externa' is set on object 'Object Repository/Modulo Tarea Administracion Compensacion/Liquidacion Entidad Externa/input_Ir_nav_t66_input'

2021-12-17 18:24:04 - [TEST_STEP][PASSED] - delay(1): Delayed 1 second(s)

2021-12-17 18:24:05 - [MESSAGE][PASSED] - Delayed 1 second(s)

2021-12-17 18:24:05 - [TEST_STEP][PASSED] - sendKeys(findTestObject("Modulo Tarea Administracion Compensacion/Liquidacion Entidad Externa/input_Ir_nav_t66_input"), Keys.chord(ENTER)): Keys 'ENTER + ' sent to object: 'Object Repository/Modulo Tarea Administracion Compensacion/Liquidacion Entidad Externa/input_Ir_nav_t66_input'

2021-12-17 18:24:06 - [MESSAGE][PASSED] - Keys 'ENTER + ' sent to object: 'Object Repository/Modulo Tarea Administracion Compensacion/Liquidacion Entidad Externa/input_Ir_nav_t66_input'

2021-12-17 18:24:06 - [TEST_STEP][PASSED] - click(findTestObject("Modulo Tarea Administracion Compensacion/Liquidacion Entidad Externa/span_Traer")): Object: 'Object Repository/Modulo Tarea Administracion Compensacion/Liquidacion Entidad Externa/span_Traer' is clicked on

2021-12-17 18:24:14 - [MESSAGE][PASSED] - Object: 'Object Repository/Modulo Tarea Administracion Compensacion/Liquidacion Entidad Externa/span_Traer' is clicked on

2021-12-17 18:24:14 - [TEST_STEP][PASSED] - selectOptionByIndex(findTestObject("Modulo Tarea Administracion Compensacion/Liquidacion Entidad Externa/select_--Seleccione--APORTE AF"), "1", STOP_ON_FAILURE): All options with index in [1] are selected on object 'Object Repository/Modulo Tarea Administracion Compensacion/Liquidacion Entidad Externa/select_--Seleccione--APORTE AF'

2021-12-17 18:24:16 - [MESSAGE][PASSED] - All options with index in [1] are selected on object 'Object Repository/Modulo Tarea Administracion Compensacion/Liquidacion Entidad Externa/select_--Seleccione--APORTE AF'

2021-12-17 18:24:16 - [TEST_STEP][PASSED] - setText(findTestObject("Modulo Tarea Administracion Compensacion/Liquidacion Entidad Externa/input_Fecha_form_popUpTraeLiqu"), "31/01/2019"): Text '31/01/2019' is set on object 'Object Repository/Modulo Tarea Administracion Compensacion/Liquidacion Entidad Externa/input_Fecha_form_popUpTraeLiqu'

2021-12-17 18:24:17 - [MESSAGE][PASSED] - Text '31/01/2019' is set on object 'Object Repository/Modulo Tarea Administracion Compensacion/Liquidacion Entidad Externa/input_Fecha_form_popUpTraeLiqu'

2021-12-17 18:24:17 - [TEST_STEP][PASSED] - sendKeys(findTestObject("Modulo Tarea Administracion Compensacion/Liquidacion Entidad Externa/input_Fecha_form_popUpTraeLiqu"), Keys.chord(ENTER)): Keys 'ENTER + ' sent to object: 'Object Repository/Modulo Tarea Administracion Compensacion/Liquidacion Entidad Externa/input_Fecha_form_popUpTraeLiqu'

2021-12-17 18:24:17 - [MESSAGE][PASSED] - Keys 'ENTER + ' sent to object: 'Object Repository/Modulo Tarea Administracion Compensacion/Liquidacion Entidad Externa/input_Fecha_form_popUpTraeLiqu'

2021-12-17 18:24:17 - [TEST_STEP][PASSED] - click(findTestObject("Modulo Tarea Administracion Compensacion/Liquidacion Entidad Externa/a_Aplicar")): Object: 'Object Repository/Modulo Tarea Administracion Compensacion/Liquidacion Entidad Externa/a_Aplicar' is clicked on

2021-12-17 18:24:18 - [MESSAGE][PASSED] - Object: 'Object Repository/Modulo Tarea Administracion Compensacion/Liquidacion Entidad Externa/a_Aplicar' is clicked on

2021-12-17 18:24:18 - [TEST_STEP][PASSED] - click(findTestObject("Modulo Tarea Administracion Compensacion/Liquidacion Entidad Externa/input_Sucursal_liquidacionesEn")): Object: 'Object Repository/Modulo Tarea Administracion Compensacion/Liquidacion Entidad Externa/input_Sucursal_liquidacionesEn' is clicked on

2021-12-17 18:24:19 - [MESSAGE][PASSED] - Object: 'Object Repository/Modulo Tarea Administracion Compensacion/Liquidacion Entidad Externa/input_Sucursal_liquidacionesEn' is clicked on

2021-12-17 18:24:19 - [TEST_STEP][PASSED] - waitForElementClickable(findTestObject("Modulo Tarea Administracion Compensacion/Liquidacion Entidad Externa/span_Liquidar"), 0): Object 'Object Repository/Modulo Tarea Administracion Compensacion/Liquidacion Entidad Externa/span_Liquidar' is clickable

2021-12-17 18:24:19 - [MESSAGE][WARNING] - Timeout '0' is invalid. Using default page load timeout: '30'

2021-12-17 18:24:19 - [MESSAGE][PASSED] - Object 'Object Repository/Modulo Tarea Administracion Compensacion/Liquidacion Entidad Externa/span_Liquidar' is clickable

2021-12-17 18:24:19 - [TEST_STEP][PASSED] - click(findTestObject("Modulo Tarea Administracion Compensacion/Liquidacion Entidad Externa/span_Liquidar")): Object: 'Object Repository/Modulo Tarea Administracion Compensacion/Liquidacion Entidad Externa/span_Liquidar' is clicked on

2021-12-17 18:24:20 - [MESSAGE][PASSED] - Object: 'Object Repository/Modulo Tarea Administracion Compensacion/Liquidacion Entidad Externa/span_Liquidar' is clicked on

2021-12-17 18:24:20 - [TEST_STEP][PASSED] - click(findTestObject("Modulo Tarea Administracion Compensacion/Liquidacion Entidad Externa/input_Seguimiento_popupConfirm")): Object: 'Object Repository/Modulo Tarea Administracion Compensacion/Liquidacion Entidad Externa/input_Seguimiento_popupConfirm' is clicked on

2021-12-17 18:24:21 - [MESSAGE][PASSED] - Object: 'Object Repository/Modulo Tarea Administracion Compensacion/Liquidacion Entidad Externa/input_Seguimiento_popupConfirm' is clicked on

2021-12-17 18:24:21 - [TEST_STEP][PASSED] - setText(findTestObject("Modulo Tarea Administracion Compensacion/Liquidacion Entidad Externa/input_Contrato_popupConfirmaci"), "1241"): Text '1241' is set on object 'Object Repository/Modulo Tarea Administracion Compensacion/Liquidacion Entidad Externa/input_Contrato_popupConfirmaci'

2021-12-17 18:24:22 - [MESSAGE][PASSED] - Text '1241' is set on object 'Object Repository/Modulo Tarea Administracion Compensacion/Liquidacion Entidad Externa/input_Contrato_popupConfirmaci'

2021-12-17 18:24:22 - [TEST_STEP][PASSED] - click(findTestObject("Modulo Tarea Administracion Compensacion/Liquidacion Entidad Externa/span_Si")): Object: 'Object Repository/Modulo Tarea Administracion Compensacion/Liquidacion Entidad Externa/span_Si' is clicked on

2021-12-17 18:24:22 - [MESSAGE][PASSED] - Object: 'Object Repository/Modulo Tarea Administracion Compensacion/Liquidacion Entidad Externa/span_Si' is clicked on

2021-12-17 18:24:22 - [TEST_STEP][PASSED] - click(findTestObject("Modulo Tarea Administracion Compensacion/Liquidacion Entidad Externa/a_Continuar")): Object: 'Object Repository/Modulo Tarea Administracion Compensacion/Liquidacion Entidad Externa/a_Continuar' is clicked on

2021-12-17 18:24:26 - [MESSAGE][PASSED] - Object: 'Object Repository/Modulo Tarea Administracion Compensacion/Liquidacion Entidad Externa/a_Continuar' is clicked on

2021-12-17 18:24:26 - [TEST_STEP][PASSED] - waitForElementClickable(findTestObject("Modulo Tarea Administracion Compensacion/Liquidacion Entidad Externa/span_close"), 0): Object 'Object Repository/Modulo Tarea Administracion Compensacion/Liquidacion Entidad Externa/span_close' is clickable

2021-12-17 18:24:26 - [MESSAGE][WARNING] - Timeout '0' is invalid. Using default page load timeout: '30'

2021-12-17 18:24:27 - [MESSAGE][PASSED] - Object 'Object Repository/Modulo Tarea Administracion Compensacion/Liquidacion Entidad Externa/span_close' is clickable

2021-12-17 18:24:27 - [TEST_STEP][PASSED] - click(findTestObject("Modulo Tarea Administracion Compensacion/Liquidacion Entidad Externa/span_close")): Object: 'Object Repository/Modulo Tarea Administracion Compensacion/Liquidacion Entidad Externa/span_close' is clicked on

2021-12-17 18:24:27 - [MESSAGE][PASSED] - Object: 'Object Repository/Modulo Tarea Administracion Compensacion/Liquidacion Entidad Externa/span_close' is clicked on

2021-12-17 18:24:27 - [TEST_STEP][PASSED] - waitForElementClickable(findTestObject("Modulo Tarea Administracion Compensacion/Liquidacion Entidad Externa/span_Ver"), 0): Object 'Object Repository/Modulo Tarea Administracion Compensacion/Liquidacion Entidad Externa/span_Ver' is clickable

2021-12-17 18:24:27 - [MESSAGE][WARNING] - Timeout '0' is invalid. Using default page load timeout: '30'

2021-12-17 18:24:28 - [MESSAGE][PASSED] - Object 'Object Repository/Modulo Tarea Administracion Compensacion/Liquidacion Entidad Externa/span_Ver' is clickable

2021-12-17 18:24:28 - [TEST_STEP][PASSED] - click(findTestObject("Modulo Tarea Administracion Compensacion/Liquidacion Entidad Externa/span_Ver")): Object: 'Object Repository/Modulo Tarea Administracion Compensacion/Liquidacion Entidad Externa/span_Ver' is clicked on

2021-12-17 18:24:28 - [MESSAGE][PASSED] - Object: 'Object Repository/Modulo Tarea Administracion Compensacion/Liquidacion Entidad Externa/span_Ver' is clicked on

2021-12-17 18:24:28 - [TEST_STEP][PASSED] - click(findTestObject("Modulo Tarea Administracion Compensacion/Liquidacion Entidad Externa/span_Imprimir")): Object: 'Object Repository/Modulo Tarea Administracion Compensacion/Liquidacion Entidad Externa/span_Imprimir' is clicked on

2021-12-17 18:24:29 - [MESSAGE][PASSED] - Object: 'Object Repository/Modulo Tarea Administracion Compensacion/Liquidacion Entidad Externa/span_Imprimir' is clicked on

2021-12-17 18:24:29 - [TEST_STEP][PASSED] - click(findTestObject("Modulo Tarea Administracion Compensacion/Liquidacion Entidad Externa/input_Csv_form_popupSeleccionR")): Object: 'Object Repository/Modulo Tarea Administracion Compensacion/Liquidacion Entidad Externa/input_Csv_form_popupSeleccionR' is clicked on

2021-12-17 18:24:29 - [MESSAGE][PASSED] - Object: 'Object Repository/Modulo Tarea Administracion Compensacion/Liquidacion Entidad Externa/input_Csv_form_popupSeleccionR' is clicked on

2021-12-17 18:24:29 - [TEST_STEP][PASSED] - waitForElementClickable(findTestObject("Modulo Tarea Administracion Compensacion/Liquidacion Entidad Externa/a_Reporte"), 0): Object 'Object Repository/Modulo Tarea Administracion Compensacion/Liquidacion Entidad Externa/a_Reporte' is clickable

2021-12-17 18:24:30 - [MESSAGE][WARNING] - Timeout '0' is invalid. Using default page load timeout: '30'

2021-12-17 18:24:30 - [MESSAGE][PASSED] - Object 'Object Repository/Modulo Tarea Administracion Compensacion/Liquidacion Entidad Externa/a_Reporte' is clickable

2021-12-17 18:24:30 - [TEST_STEP][PASSED] - click(findTestObject("Modulo Tarea Administracion Compensacion/Liquidacion Entidad Externa/a_Reporte")): Object: 'Object Repository/Modulo Tarea Administracion Compensacion/Liquidacion Entidad Externa/a_Reporte' is clicked on

2021-12-17 18:24:30 - [MESSAGE][PASSED] - Object: 'Object Repository/Modulo Tarea Administracion Compensacion/Liquidacion Entidad Externa/a_Reporte' is clicked on

2021-12-17 18:24:30 - [TEST_STEP][PASSED] - waitForElementClickable(findTestObject("Modulo Tarea Administracion Compensacion/Liquidacion Entidad Externa/a_Descargar"), 0): Object 'Object Repository/Modulo Tarea Administracion Compensacion/Liquidacion Entidad Externa/a_Descargar' is clickable

2021-12-17 18:24:30 - [MESSAGE][WARNING] - Timeout '0' is invalid. Using default page load timeout: '30'

2021-12-17 18:24:31 - [MESSAGE][PASSED] - Object 'Object Repository/Modulo Tarea Administracion Compensacion/Liquidacion Entidad Externa/a_Descargar' is clickable

2021-12-17 18:24:31 - [TEST_STEP][PASSED] - click(findTestObject("Modulo Tarea Administracion Compensacion/Liquidacion Entidad Externa/a_Descargar")): Object: 'Object Repository/Modulo Tarea Administracion Compensacion/Liquidacion Entidad Externa/a_Descargar' is clicked on

2021-12-17 18:24:32 - [MESSAGE][PASSED] - Object: 'Object Repository/Modulo Tarea Administracion Compensacion/Liquidacion Entidad Externa/a_Descargar' is clicked on

2021-12-17 18:24:32 - [TEST_STEP][PASSED] - delay(3): Delayed 3 second(s)

2021-12-17 18:24:35 - [MESSAGE][PASSED] - Delayed 3 second(s)

2021-12-17 18:24:35 - [TEST_STEP][PASSED] - closeBrowser(): Browser is closed

2021-12-17 18:24:36 - [MESSAGE][PASSED] - Browser is closed]]></system-out>
         <system-err><![CDATA[]]></system-err>
      </testcase>
      <testcase name="Test Cases/1.1-Tareas Principales/1.5.3-Reporte Planilla" time="0.338" classname="Test Cases/1.1-Tareas Principales/1.5.3-Reporte Planilla" status="PASSED">
         <system-out><![CDATA[2021-12-17 18:24:36 - [TEST_CASE][PASSED] - Test Cases/1.1-Tareas Principales/1.5.3-Reporte Planilla: Test Cases/1.1-Tareas Principales/1.5.3-Reporte Planilla

2021-12-17 18:24:36 - [TEST_STEP][PASSED] - closeBrowser(): Browser is closed

2021-12-17 18:24:36 - [MESSAGE][PASSED] - Browser is closed]]></system-out>
         <system-err><![CDATA[]]></system-err>
      </testcase>
      <testcase name="Test Cases/1.1-Tareas Principales/1.5.4-Ejecutar Reporte Plantilla" time="115.676" classname="Test Cases/1.1-Tareas Principales/1.5.4-Ejecutar Reporte Plantilla" status="FAILED">
         <failure type="FAILED" message="Test Cases/1.1-Tareas Principales/1.5.4-Ejecutar Reporte Plantilla FAILED.
Reason:
com.kms.katalon.core.exception.StepFailedException: Unable to click on object 'Object Repository/Modulo Tarea Administracion Compensacion/Ejecutar Reporte Planilla/a_Continuar'
	at com.kms.katalon.core.webui.keyword.internal.WebUIKeywordMain.stepFailed(WebUIKeywordMain.groovy:64)
	at com.kms.katalon.core.webui.keyword.internal.WebUIKeywordMain.runKeyword(WebUIKeywordMain.groovy:26)
	at com.kms.katalon.core.webui.keyword.builtin.ClickKeyword.click(ClickKeyword.groovy:74)
	at com.kms.katalon.core.webui.keyword.builtin.ClickKeyword.execute(ClickKeyword.groovy:40)
	at com.kms.katalon.core.keyword.internal.KeywordExecutor.executeKeywordForPlatform(KeywordExecutor.groovy:74)
	at com.kms.katalon.core.webui.keyword.WebUiBuiltInKeywords.click(WebUiBuiltInKeywords.groovy:620)
	at com.kms.katalon.core.webui.keyword.WebUiBuiltInKeywords$click$5.call(Unknown Source)
	at 1.5.4-Ejecutar Reporte Plantilla.run(1.5.4-Ejecutar Reporte Plantilla:194)
	at com.kms.katalon.core.main.ScriptEngine.run(ScriptEngine.java:194)
	at com.kms.katalon.core.main.ScriptEngine.runScriptAsRawText(ScriptEngine.java:119)
	at com.kms.katalon.core.main.TestCaseExecutor.runScript(TestCaseExecutor.java:442)
	at com.kms.katalon.core.main.TestCaseExecutor.doExecute(TestCaseExecutor.java:433)
	at com.kms.katalon.core.main.TestCaseExecutor.processExecutionPhase(TestCaseExecutor.java:412)
	at com.kms.katalon.core.main.TestCaseExecutor.accessMainPhase(TestCaseExecutor.java:404)
	at com.kms.katalon.core.main.TestCaseExecutor.execute(TestCaseExecutor.java:281)
	at com.kms.katalon.core.main.TestSuiteExecutor.accessTestCaseMainPhase(TestSuiteExecutor.java:202)
	at com.kms.katalon.core.main.TestSuiteExecutor.accessTestSuiteMainPhase(TestSuiteExecutor.java:164)
	at com.kms.katalon.core.main.TestSuiteExecutor.execute(TestSuiteExecutor.java:105)
	at com.kms.katalon.core.main.TestCaseMain.startTestSuite(TestCaseMain.java:181)
	at com.kms.katalon.core.main.TestCaseMain$startTestSuite$0.call(Unknown Source)
	at TempTestSuite1639780222929.run(TempTestSuite1639780222929.groovy:36)
Caused by: org.openqa.selenium.ElementClickInterceptedException: element click intercepted: Element is not clickable at point (469, 663)
  (Session info: chrome=96.0.4664.110)
Build info: version: '3.141.59', revision: 'e82be7d358', time: '2018-11-14T08:25:53'
System info: host: 'US-AF-000371', ip: '192.168.56.1', os.name: 'Windows 10', os.arch: 'amd64', os.version: '10.0', java.version: '1.8.0_282'
Driver info: com.kms.katalon.selenium.driver.CChromeDriver
Capabilities {acceptInsecureCerts: false, browserName: chrome, browserVersion: 96.0.4664.110, chrome: {chromedriverVersion: 95.0.4638.17 (a9d0719444d4b..., userDataDir: C:\Users\DIEGO~1.ROJ\AppDat...}, goog:chromeOptions: {debuggerAddress: localhost:51358}, javascriptEnabled: true, networkConnectionEnabled: false, pageLoadStrategy: normal, platform: WINDOWS, platformName: WINDOWS, proxy: Proxy(), setWindowRect: true, strictFileInteractability: false, timeouts: {implicit: 0, pageLoad: 300000, script: 30000}, unhandledPromptBehavior: dismiss and notify, webauthn:extension:credBlob: true, webauthn:extension:largeBlob: true, webauthn:virtualAuthenticators: true}
Session ID: 5fc3e8f31cf25e9c6bcc91e7bb3d57fa
	at org.openqa.selenium.remote.http.W3CHttpResponseCodec.createException(W3CHttpResponseCodec.java:187)
	at org.openqa.selenium.remote.http.W3CHttpResponseCodec.decode(W3CHttpResponseCodec.java:122)
	at org.openqa.selenium.remote.http.W3CHttpResponseCodec.decode(W3CHttpResponseCodec.java:49)
	at org.openqa.selenium.remote.HttpCommandExecutor.execute(HttpCommandExecutor.java:158)
	at org.openqa.selenium.remote.service.DriverCommandExecutor.execute(DriverCommandExecutor.java:83)
	at org.openqa.selenium.remote.RemoteWebDriver.execute(RemoteWebDriver.java:552)
	at com.kms.katalon.selenium.driver.CChromeDriver.execute(CChromeDriver.java:19)
	at org.openqa.selenium.remote.RemoteWebElement.execute(RemoteWebElement.java:285)
	at org.openqa.selenium.remote.RemoteWebElement.click(RemoteWebElement.java:84)
	at org.openqa.selenium.support.events.EventFiringWebDriver$EventFiringWebElement.lambda$new$0(EventFiringWebDriver.java:404)
	at com.sun.proxy.$Proxy11.click(Unknown Source)
	at org.openqa.selenium.support.events.EventFiringWebDriver$EventFiringWebElement.click(EventFiringWebDriver.java:417)
	at org.openqa.selenium.WebElement$click$0.call(Unknown Source)
	at com.kms.katalon.core.webui.keyword.builtin.ClickKeyword.clickUntilSuccessWithTimeout(ClickKeyword.groovy:81)
	at com.kms.katalon.core.webui.keyword.builtin.ClickKeyword.clickUntilSuccessWithTimeout(ClickKeyword.groovy)
	at com.kms.katalon.core.webui.keyword.builtin.ClickKeyword$_click_closure1.doCall(ClickKeyword.groovy:67)
	at com.kms.katalon.core.webui.keyword.builtin.ClickKeyword$_click_closure1.call(ClickKeyword.groovy)
	at com.kms.katalon.core.webui.keyword.internal.WebUIKeywordMain.runKeyword(WebUIKeywordMain.groovy:20)
	... 19 more
"/>
         <system-out><![CDATA[2021-12-17 18:24:36 - [TEST_CASE][FAILED] - Test Cases/1.1-Tareas Principales/1.5.4-Ejecutar Reporte Plantilla: Test Cases/1.1-Tareas Principales/1.5.4-Ejecutar Reporte Plantilla FAILED.
Reason:
com.kms.katalon.core.exception.StepFailedException: Unable to click on object 'Object Repository/Modulo Tarea Administracion Compensacion/Ejecutar Reporte Planilla/a_Continuar'
	at com.kms.katalon.core.webui.keyword.internal.WebUIKeywordMain.stepFailed(WebUIKeywordMain.groovy:64)
	at com.kms.katalon.core.webui.keyword.internal.WebUIKeywordMain.runKeyword(WebUIKeywordMain.groovy:26)
	at com.kms.katalon.core.webui.keyword.builtin.ClickKeyword.click(ClickKeyword.groovy:74)
	at com.kms.katalon.core.webui.keyword.builtin.ClickKeyword.execute(ClickKeyword.groovy:40)
	at com.kms.katalon.core.keyword.internal.KeywordExecutor.executeKeywordForPlatform(KeywordExecutor.groovy:74)
	at com.kms.katalon.core.webui.keyword.WebUiBuiltInKeywords.click(WebUiBuiltInKeywords.groovy:620)
	at com.kms.katalon.core.webui.keyword.WebUiBuiltInKeywords$click$5.call(Unknown Source)
	at 1.5.4-Ejecutar Reporte Plantilla.run(1.5.4-Ejecutar Reporte Plantilla:194)
	at com.kms.katalon.core.main.ScriptEngine.run(ScriptEngine.java:194)
	at com.kms.katalon.core.main.ScriptEngine.runScriptAsRawText(ScriptEngine.java:119)
	at com.kms.katalon.core.main.TestCaseExecutor.runScript(TestCaseExecutor.java:442)
	at com.kms.katalon.core.main.TestCaseExecutor.doExecute(TestCaseExecutor.java:433)
	at com.kms.katalon.core.main.TestCaseExecutor.processExecutionPhase(TestCaseExecutor.java:412)
	at com.kms.katalon.core.main.TestCaseExecutor.accessMainPhase(TestCaseExecutor.java:404)
	at com.kms.katalon.core.main.TestCaseExecutor.execute(TestCaseExecutor.java:281)
	at com.kms.katalon.core.main.TestSuiteExecutor.accessTestCaseMainPhase(TestSuiteExecutor.java:202)
	at com.kms.katalon.core.main.TestSuiteExecutor.accessTestSuiteMainPhase(TestSuiteExecutor.java:164)
	at com.kms.katalon.core.main.TestSuiteExecutor.execute(TestSuiteExecutor.java:105)
	at com.kms.katalon.core.main.TestCaseMain.startTestSuite(TestCaseMain.java:181)
	at com.kms.katalon.core.main.TestCaseMain$startTestSuite$0.call(Unknown Source)
	at TempTestSuite1639780222929.run(TempTestSuite1639780222929.groovy:36)
Caused by: org.openqa.selenium.ElementClickInterceptedException: element click intercepted: Element is not clickable at point (469, 663)
  (Session info: chrome=96.0.4664.110)
Build info: version: '3.141.59', revision: 'e82be7d358', time: '2018-11-14T08:25:53'
System info: host: 'US-AF-000371', ip: '192.168.56.1', os.name: 'Windows 10', os.arch: 'amd64', os.version: '10.0', java.version: '1.8.0_282'
Driver info: com.kms.katalon.selenium.driver.CChromeDriver
Capabilities {acceptInsecureCerts: false, browserName: chrome, browserVersion: 96.0.4664.110, chrome: {chromedriverVersion: 95.0.4638.17 (a9d0719444d4b..., userDataDir: C:\Users\DIEGO~1.ROJ\AppDat...}, goog:chromeOptions: {debuggerAddress: localhost:51358}, javascriptEnabled: true, networkConnectionEnabled: false, pageLoadStrategy: normal, platform: WINDOWS, platformName: WINDOWS, proxy: Proxy(), setWindowRect: true, strictFileInteractability: false, timeouts: {implicit: 0, pageLoad: 300000, script: 30000}, unhandledPromptBehavior: dismiss and notify, webauthn:extension:credBlob: true, webauthn:extension:largeBlob: true, webauthn:virtualAuthenticators: true}
Session ID: 5fc3e8f31cf25e9c6bcc91e7bb3d57fa
	at org.openqa.selenium.remote.http.W3CHttpResponseCodec.createException(W3CHttpResponseCodec.java:187)
	at org.openqa.selenium.remote.http.W3CHttpResponseCodec.decode(W3CHttpResponseCodec.java:122)
	at org.openqa.selenium.remote.http.W3CHttpResponseCodec.decode(W3CHttpResponseCodec.java:49)
	at org.openqa.selenium.remote.HttpCommandExecutor.execute(HttpCommandExecutor.java:158)
	at org.openqa.selenium.remote.service.DriverCommandExecutor.execute(DriverCommandExecutor.java:83)
	at org.openqa.selenium.remote.RemoteWebDriver.execute(RemoteWebDriver.java:552)
	at com.kms.katalon.selenium.driver.CChromeDriver.execute(CChromeDriver.java:19)
	at org.openqa.selenium.remote.RemoteWebElement.execute(RemoteWebElement.java:285)
	at org.openqa.selenium.remote.RemoteWebElement.click(RemoteWebElement.java:84)
	at org.openqa.selenium.support.events.EventFiringWebDriver$EventFiringWebElement.lambda$new$0(EventFiringWebDriver.java:404)
	at com.sun.proxy.$Proxy11.click(Unknown Source)
	at org.openqa.selenium.support.events.EventFiringWebDriver$EventFiringWebElement.click(EventFiringWebDriver.java:417)
	at org.openqa.selenium.WebElement$click$0.call(Unknown Source)
	at com.kms.katalon.core.webui.keyword.builtin.ClickKeyword.clickUntilSuccessWithTimeout(ClickKeyword.groovy:81)
	at com.kms.katalon.core.webui.keyword.builtin.ClickKeyword.clickUntilSuccessWithTimeout(ClickKeyword.groovy)
	at com.kms.katalon.core.webui.keyword.builtin.ClickKeyword$_click_closure1.doCall(ClickKeyword.groovy:67)
	at com.kms.katalon.core.webui.keyword.builtin.ClickKeyword$_click_closure1.call(ClickKeyword.groovy)
	at com.kms.katalon.core.webui.keyword.internal.WebUIKeywordMain.runKeyword(WebUIKeywordMain.groovy:20)
	... 19 more


2021-12-17 18:24:36 - [TEST_STEP][PASSED] - callTestCase(findTestCase("Hutilidades/Modulos/Modulo Administracion Compensacion"), [:], STOP_ON_FAILURE): Call Test Case 'Test Cases/Hutilidades/Modulos/Modulo Administracion Compensacion' successfully

2021-12-17 18:24:36 - [TEST_CASE][PASSED] - Test Cases/Hutilidades/Modulos/Modulo Administracion Compensacion: Test Cases/Hutilidades/Modulos/Modulo Administracion Compensacion

2021-12-17 18:24:36 - [TEST_STEP][PASSED] - callTestCase(findTestCase("0.1-Login"), [:], STOP_ON_FAILURE): Call Test Case 'Test Cases/0.1-Login' successfully

2021-12-17 18:24:37 - [TEST_CASE][PASSED] - Test Cases/0.1-Login: Test Cases/0.1-Login

2021-12-17 18:24:37 - [TEST_STEP][PASSED] - openBrowser(""): Browser is opened with url: ''

2021-12-17 18:24:37 - [MESSAGE][INFO] - Starting 'Chrome' driver

2021-12-17 18:24:37 - [MESSAGE][INFO] - Action delay is set to 0 milliseconds

2021-12-17 18:24:38 - [MESSAGE][PASSED] - Browser is opened with url: ''

2021-12-17 18:24:38 - [TEST_STEP][PASSED] - maximizeWindow(): Current window maximized

2021-12-17 18:24:38 - [MESSAGE][PASSED] - Current window maximized

2021-12-17 18:24:38 - [TEST_STEP][PASSED] - i = G_Login: null

2021-12-17 18:24:38 - [TEST_STEP][PASSED] - url = new java.net.URL(i): null

2021-12-17 18:24:38 - [TEST_STEP][PASSED] - println("URL: " + url.toString()): null

2021-12-17 18:24:38 - [TEST_STEP][PASSED] - connection = url.openConnection(): null

2021-12-17 18:24:38 - [TEST_STEP][PASSED] - connection.setRequestMethod("GET"): null

2021-12-17 18:24:38 - [TEST_STEP][PASSED] - connection.setReadTimeout(2 * 1000): null

2021-12-17 18:24:38 - [TEST_STEP][PASSED] - try: null

2021-12-17 18:24:38 - [TEST_STEP][PASSED] - connection.connect(): null

2021-12-17 18:24:38 - [TEST_STEP][PASSED] - flag = connected: null

2021-12-17 18:24:38 - [TEST_STEP][PASSED] - println("Valor_ori: " + flag): null

2021-12-17 18:24:38 - [TEST_STEP][PASSED] - if (flag): null

2021-12-17 18:24:38 - [TEST_STEP][PASSED] - navigateToUrl(i): Navigate to 'http://192.168.2.29:7001/saraweb' successfully

2021-12-17 18:24:43 - [MESSAGE][PASSED] - Navigate to 'http://192.168.2.29:7001/saraweb' successfully

2021-12-17 18:24:43 - [TEST_STEP][PASSED] - a(): null

2021-12-17 18:24:43 - [TEST_STEP][PASSED] - setText(findTestObject("Login/input_USUARIO_loginusuario"), G_Usuario): Text 'weblogic' is set on object 'Object Repository/Login/input_USUARIO_loginusuario'

2021-12-17 18:24:44 - [MESSAGE][PASSED] - Text 'weblogic' is set on object 'Object Repository/Login/input_USUARIO_loginusuario'

2021-12-17 18:24:44 - [TEST_STEP][PASSED] - setEncryptedText(findTestObject("Login/input_CLAVE_loginpassword"), "MkG4/TYiCFC3cb2driP7+Q=="): Text ****** has been set on object 'Object Repository/Login/input_CLAVE_loginpassword'

2021-12-17 18:24:44 - [MESSAGE][PASSED] - Text ****** has been set on object 'Object Repository/Login/input_CLAVE_loginpassword'

2021-12-17 18:24:44 - [TEST_STEP][PASSED] - waitForElementClickable(findTestObject("Login/a_Ingresar"), G_TimeOut): Object 'Object Repository/Login/a_Ingresar' is clickable

2021-12-17 18:24:45 - [MESSAGE][PASSED] - Object 'Object Repository/Login/a_Ingresar' is clickable

2021-12-17 18:24:45 - [TEST_STEP][PASSED] - click(findTestObject("Login/a_Ingresar")): Object: 'Object Repository/Login/a_Ingresar' is clicked on

2021-12-17 18:24:53 - [MESSAGE][PASSED] - Object: 'Object Repository/Login/a_Ingresar' is clicked on

2021-12-17 18:24:53 - [TEST_STEP][PASSED] - element = findWebElement(findTestObject("Login/a_Ir"), 30): null

2021-12-17 18:24:54 - [TEST_STEP][PASSED] - executeJavaScript("arguments[0].click()", Arrays.asList(element)): Execute JavaScript 'arguments[0].click()' successfully

2021-12-17 18:24:54 - [MESSAGE][PASSED] - Execute JavaScript 'arguments[0].click()' successfully

2021-12-17 18:24:54 - [MESSAGE][PASSED] - Call Test Case 'Test Cases/0.1-Login' successfully

2021-12-17 18:24:54 - [TEST_STEP][PASSED] - delay(2): Delayed 2 second(s)

2021-12-17 18:24:56 - [MESSAGE][PASSED] - Delayed 2 second(s)

2021-12-17 18:24:56 - [TEST_STEP][PASSED] - click(findTestObject("Modulo Administracion Compensacion/span_Administracin Compensacin")): Object: 'Object Repository/Modulo Administracion Compensacion/span_Administracin Compensacin' is clicked on

2021-12-17 18:25:09 - [MESSAGE][PASSED] - Object: 'Object Repository/Modulo Administracion Compensacion/span_Administracin Compensacin' is clicked on

2021-12-17 18:25:09 - [MESSAGE][PASSED] - Call Test Case 'Test Cases/Hutilidades/Modulos/Modulo Administracion Compensacion' successfully

2021-12-17 18:25:09 - [TEST_STEP][PASSED] - waitForElementClickable(findTestObject("Modulo Tarea Administracion Compensacion/Ejecutar Reporte Planilla/input_Ir_nav_t66_input"), 0): Object 'Object Repository/Modulo Tarea Administracion Compensacion/Ejecutar Reporte Planilla/input_Ir_nav_t66_input' is clickable

2021-12-17 18:25:09 - [MESSAGE][WARNING] - Timeout '0' is invalid. Using default page load timeout: '30'

2021-12-17 18:25:10 - [MESSAGE][PASSED] - Object 'Object Repository/Modulo Tarea Administracion Compensacion/Ejecutar Reporte Planilla/input_Ir_nav_t66_input' is clickable

2021-12-17 18:25:10 - [TEST_STEP][PASSED] - setText(findTestObject("Modulo Tarea Administracion Compensacion/Ejecutar Reporte Planilla/input_Ir_nav_t66_input"), "Ejecutar Reporte Planilla"): Text 'Ejecutar Reporte Planilla' is set on object 'Object Repository/Modulo Tarea Administracion Compensacion/Ejecutar Reporte Planilla/input_Ir_nav_t66_input'

2021-12-17 18:25:10 - [MESSAGE][PASSED] - Text 'Ejecutar Reporte Planilla' is set on object 'Object Repository/Modulo Tarea Administracion Compensacion/Ejecutar Reporte Planilla/input_Ir_nav_t66_input'

2021-12-17 18:25:10 - [TEST_STEP][PASSED] - delay(1): Delayed 1 second(s)

2021-12-17 18:25:11 - [MESSAGE][PASSED] - Delayed 1 second(s)

2021-12-17 18:25:11 - [TEST_STEP][PASSED] - sendKeys(findTestObject("Modulo Tarea Administracion Compensacion/Ejecutar Reporte Planilla/input_Ir_nav_t66_input"), Keys.chord(ENTER)): Keys 'ENTER + ' sent to object: 'Object Repository/Modulo Tarea Administracion Compensacion/Ejecutar Reporte Planilla/input_Ir_nav_t66_input'

2021-12-17 18:25:12 - [MESSAGE][PASSED] - Keys 'ENTER + ' sent to object: 'Object Repository/Modulo Tarea Administracion Compensacion/Ejecutar Reporte Planilla/input_Ir_nav_t66_input'

2021-12-17 18:25:12 - [TEST_STEP][PASSED] - waitForElementClickable(findTestObject("Modulo Tarea Administracion Compensacion/Ejecutar Reporte Planilla/input_Actos Administrativos_ejecutarReporte"), 0): Object 'Object Repository/Modulo Tarea Administracion Compensacion/Ejecutar Reporte Planilla/input_Actos Administrativos_ejecutarReporte' is clickable

2021-12-17 18:25:12 - [MESSAGE][WARNING] - Timeout '0' is invalid. Using default page load timeout: '30'

2021-12-17 18:25:20 - [MESSAGE][PASSED] - Object 'Object Repository/Modulo Tarea Administracion Compensacion/Ejecutar Reporte Planilla/input_Actos Administrativos_ejecutarReporte' is clickable

2021-12-17 18:25:20 - [TEST_STEP][PASSED] - setText(findTestObject("Modulo Tarea Administracion Compensacion/Ejecutar Reporte Planilla/input_Actos Administrativos_ejecutarReporte"), "PNP - PAGO DE NOMINA"): Text 'PNP - PAGO DE NOMINA' is set on object 'Object Repository/Modulo Tarea Administracion Compensacion/Ejecutar Reporte Planilla/input_Actos Administrativos_ejecutarReporte'

2021-12-17 18:25:21 - [MESSAGE][PASSED] - Text 'PNP - PAGO DE NOMINA' is set on object 'Object Repository/Modulo Tarea Administracion Compensacion/Ejecutar Reporte Planilla/input_Actos Administrativos_ejecutarReporte'

2021-12-17 18:25:21 - [TEST_STEP][PASSED] - click(findTestObject("Modulo Tarea Administracion Compensacion/Ejecutar Reporte Planilla/a_Actos Administrativos_ejecutarReportePlanillaj_idt61")): Object: 'Object Repository/Modulo Tarea Administracion Compensacion/Ejecutar Reporte Planilla/a_Actos Administrativos_ejecutarReportePlanillaj_idt61' is clicked on

2021-12-17 18:25:21 - [MESSAGE][PASSED] - Object: 'Object Repository/Modulo Tarea Administracion Compensacion/Ejecutar Reporte Planilla/a_Actos Administrativos_ejecutarReportePlanillaj_idt61' is clicked on

2021-12-17 18:25:21 - [TEST_STEP][PASSED] - click(findTestObject("Modulo Tarea Administracion Compensacion/Ejecutar Reporte Planilla/a_Actos Administrativos_ejecutarReportePlanillaj_idt61")): Object: 'Object Repository/Modulo Tarea Administracion Compensacion/Ejecutar Reporte Planilla/a_Actos Administrativos_ejecutarReportePlanillaj_idt61' is clicked on

2021-12-17 18:25:22 - [MESSAGE][PASSED] - Object: 'Object Repository/Modulo Tarea Administracion Compensacion/Ejecutar Reporte Planilla/a_Actos Administrativos_ejecutarReportePlanillaj_idt61' is clicked on

2021-12-17 18:25:22 - [TEST_STEP][PASSED] - waitForElementClickable(findTestObject("Modulo Tarea Administracion Compensacion/Ejecutar Reporte Planilla/td_PNP - PAGO DE NOMINA"), 0): Object 'Object Repository/Modulo Tarea Administracion Compensacion/Ejecutar Reporte Planilla/td_PNP - PAGO DE NOMINA' is clickable

2021-12-17 18:25:22 - [MESSAGE][WARNING] - Timeout '0' is invalid. Using default page load timeout: '30'

2021-12-17 18:25:23 - [MESSAGE][PASSED] - Object 'Object Repository/Modulo Tarea Administracion Compensacion/Ejecutar Reporte Planilla/td_PNP - PAGO DE NOMINA' is clickable

2021-12-17 18:25:23 - [TEST_STEP][PASSED] - click(findTestObject("Modulo Tarea Administracion Compensacion/Ejecutar Reporte Planilla/td_PNP - PAGO DE NOMINA")): Object: 'Object Repository/Modulo Tarea Administracion Compensacion/Ejecutar Reporte Planilla/td_PNP - PAGO DE NOMINA' is clicked on

2021-12-17 18:25:23 - [MESSAGE][PASSED] - Object: 'Object Repository/Modulo Tarea Administracion Compensacion/Ejecutar Reporte Planilla/td_PNP - PAGO DE NOMINA' is clicked on

2021-12-17 18:25:23 - [TEST_STEP][PASSED] - waitForElementClickable(findTestObject("Modulo Tarea Administracion Compensacion/Ejecutar Reporte Planilla/a_Periodo Nomina_ejecutarRepor"), 0): Object 'Object Repository/Modulo Tarea Administracion Compensacion/Ejecutar Reporte Planilla/a_Periodo Nomina_ejecutarRepor' is clickable

2021-12-17 18:25:23 - [MESSAGE][WARNING] - Timeout '0' is invalid. Using default page load timeout: '30'

2021-12-17 18:25:24 - [MESSAGE][PASSED] - Object 'Object Repository/Modulo Tarea Administracion Compensacion/Ejecutar Reporte Planilla/a_Periodo Nomina_ejecutarRepor' is clickable

2021-12-17 18:25:24 - [TEST_STEP][PASSED] - click(findTestObject("Modulo Tarea Administracion Compensacion/Ejecutar Reporte Planilla/a_Periodo Nomina_ejecutarRepor")): Object: 'Object Repository/Modulo Tarea Administracion Compensacion/Ejecutar Reporte Planilla/a_Periodo Nomina_ejecutarRepor' is clicked on

2021-12-17 18:25:24 - [MESSAGE][PASSED] - Object: 'Object Repository/Modulo Tarea Administracion Compensacion/Ejecutar Reporte Planilla/a_Periodo Nomina_ejecutarRepor' is clicked on

2021-12-17 18:25:24 - [TEST_STEP][PASSED] - waitForElementClickable(findTestObject("Modulo Tarea Administracion Compensacion/Ejecutar Reporte Planilla/select_--  Seleccione  --Periodo CerradoPeriodo en Proceso"), 0): Object 'Object Repository/Modulo Tarea Administracion Compensacion/Ejecutar Reporte Planilla/select_--  Seleccione  --Periodo CerradoPeriodo en Proceso' is clickable

2021-12-17 18:25:24 - [MESSAGE][WARNING] - Timeout '0' is invalid. Using default page load timeout: '30'

2021-12-17 18:25:25 - [MESSAGE][PASSED] - Object 'Object Repository/Modulo Tarea Administracion Compensacion/Ejecutar Reporte Planilla/select_--  Seleccione  --Periodo CerradoPeriodo en Proceso' is clickable

2021-12-17 18:25:25 - [TEST_STEP][PASSED] - selectOptionByIndex(findTestObject("Modulo Tarea Administracion Compensacion/Ejecutar Reporte Planilla/select_--  Seleccione  --Periodo CerradoPeriodo en Proceso"), "1", STOP_ON_FAILURE): All options with index in [1] are selected on object 'Object Repository/Modulo Tarea Administracion Compensacion/Ejecutar Reporte Planilla/select_--  Seleccione  --Periodo CerradoPeriodo en Proceso'

2021-12-17 18:25:26 - [MESSAGE][PASSED] - All options with index in [1] are selected on object 'Object Repository/Modulo Tarea Administracion Compensacion/Ejecutar Reporte Planilla/select_--  Seleccione  --Periodo CerradoPeriodo en Proceso'

2021-12-17 18:25:26 - [TEST_STEP][PASSED] - waitForElementClickable(findTestObject("Modulo Tarea Administracion Compensacion/Ejecutar Reporte Planilla/span_P. MensualMayo2021"), 0): Object 'Object Repository/Modulo Tarea Administracion Compensacion/Ejecutar Reporte Planilla/span_P. MensualMayo2021' is clickable

2021-12-17 18:25:26 - [MESSAGE][WARNING] - Timeout '0' is invalid. Using default page load timeout: '30'

2021-12-17 18:25:26 - [MESSAGE][PASSED] - Object 'Object Repository/Modulo Tarea Administracion Compensacion/Ejecutar Reporte Planilla/span_P. MensualMayo2021' is clickable

2021-12-17 18:25:26 - [TEST_STEP][PASSED] - click(findTestObject("Modulo Tarea Administracion Compensacion/Ejecutar Reporte Planilla/span_P. MensualMayo2021")): Object: 'Object Repository/Modulo Tarea Administracion Compensacion/Ejecutar Reporte Planilla/span_P. MensualMayo2021' is clicked on

2021-12-17 18:25:27 - [MESSAGE][PASSED] - Object: 'Object Repository/Modulo Tarea Administracion Compensacion/Ejecutar Reporte Planilla/span_P. MensualMayo2021' is clicked on

2021-12-17 18:25:27 - [TEST_STEP][PASSED] - waitForElementClickable(findTestObject("Modulo Tarea Administracion Compensacion/Ejecutar Reporte Planilla/a_Aplicar"), 0): Object 'Object Repository/Modulo Tarea Administracion Compensacion/Ejecutar Reporte Planilla/a_Aplicar' is clickable

2021-12-17 18:25:27 - [MESSAGE][WARNING] - Timeout '0' is invalid. Using default page load timeout: '30'

2021-12-17 18:25:27 - [MESSAGE][PASSED] - Object 'Object Repository/Modulo Tarea Administracion Compensacion/Ejecutar Reporte Planilla/a_Aplicar' is clickable

2021-12-17 18:25:27 - [TEST_STEP][PASSED] - click(findTestObject("Modulo Tarea Administracion Compensacion/Ejecutar Reporte Planilla/a_Aplicar")): Object: 'Object Repository/Modulo Tarea Administracion Compensacion/Ejecutar Reporte Planilla/a_Aplicar' is clicked on

2021-12-17 18:25:28 - [MESSAGE][PASSED] - Object: 'Object Repository/Modulo Tarea Administracion Compensacion/Ejecutar Reporte Planilla/a_Aplicar' is clicked on

2021-12-17 18:25:28 - [TEST_STEP][PASSED] - waitForElementClickable(findTestObject("Modulo Tarea Administracion Compensacion/Ejecutar Reporte Planilla/span_Reporte_glyphicons glyphicons-article"), 0): Object 'Object Repository/Modulo Tarea Administracion Compensacion/Ejecutar Reporte Planilla/span_Reporte_glyphicons glyphicons-article' is clickable

2021-12-17 18:25:28 - [MESSAGE][WARNING] - Timeout '0' is invalid. Using default page load timeout: '30'

2021-12-17 18:25:29 - [MESSAGE][PASSED] - Object 'Object Repository/Modulo Tarea Administracion Compensacion/Ejecutar Reporte Planilla/span_Reporte_glyphicons glyphicons-article' is clickable

2021-12-17 18:25:29 - [TEST_STEP][PASSED] - click(findTestObject("Modulo Tarea Administracion Compensacion/Ejecutar Reporte Planilla/span_Reporte_glyphicons glyphicons-article")): Object: 'Object Repository/Modulo Tarea Administracion Compensacion/Ejecutar Reporte Planilla/span_Reporte_glyphicons glyphicons-article' is clicked on

2021-12-17 18:25:29 - [MESSAGE][PASSED] - Object: 'Object Repository/Modulo Tarea Administracion Compensacion/Ejecutar Reporte Planilla/span_Reporte_glyphicons glyphicons-article' is clicked on

2021-12-17 18:25:29 - [TEST_STEP][PASSED] - click(findTestObject("Modulo Tarea Administracion Compensacion/Ejecutar Reporte Planilla/label_html")): Object: 'Object Repository/Modulo Tarea Administracion Compensacion/Ejecutar Reporte Planilla/label_html' is clicked on

2021-12-17 18:25:30 - [MESSAGE][PASSED] - Object: 'Object Repository/Modulo Tarea Administracion Compensacion/Ejecutar Reporte Planilla/label_html' is clicked on

2021-12-17 18:25:30 - [TEST_STEP][PASSED] - click(findTestObject("Modulo Tarea Administracion Compensacion/Ejecutar Reporte Planilla/a_Generar Reporte")): Object: 'Object Repository/Modulo Tarea Administracion Compensacion/Ejecutar Reporte Planilla/a_Generar Reporte' is clicked on

2021-12-17 18:25:30 - [MESSAGE][PASSED] - Object: 'Object Repository/Modulo Tarea Administracion Compensacion/Ejecutar Reporte Planilla/a_Generar Reporte' is clicked on

2021-12-17 18:25:30 - [TEST_STEP][PASSED] - waitForElementClickable(findTestObject("Modulo Tarea Administracion Compensacion/Ejecutar Reporte Planilla/a_Descargar"), 0): Object 'Object Repository/Modulo Tarea Administracion Compensacion/Ejecutar Reporte Planilla/a_Descargar' is clickable

2021-12-17 18:25:30 - [MESSAGE][WARNING] - Timeout '0' is invalid. Using default page load timeout: '30'

2021-12-17 18:25:31 - [MESSAGE][PASSED] - Object 'Object Repository/Modulo Tarea Administracion Compensacion/Ejecutar Reporte Planilla/a_Descargar' is clickable

2021-12-17 18:25:31 - [TEST_STEP][PASSED] - click(findTestObject("Modulo Tarea Administracion Compensacion/Ejecutar Reporte Planilla/a_Descargar")): Object: 'Object Repository/Modulo Tarea Administracion Compensacion/Ejecutar Reporte Planilla/a_Descargar' is clicked on

2021-12-17 18:25:32 - [MESSAGE][PASSED] - Object: 'Object Repository/Modulo Tarea Administracion Compensacion/Ejecutar Reporte Planilla/a_Descargar' is clicked on

2021-12-17 18:25:32 - [TEST_STEP][PASSED] - click(findTestObject("Modulo Tarea Administracion Compensacion/Ejecutar Reporte Planilla/a_Periodo Nomina_Cerrar")): Object: 'Object Repository/Modulo Tarea Administracion Compensacion/Ejecutar Reporte Planilla/a_Periodo Nomina_Cerrar' is clicked on

2021-12-17 18:25:32 - [MESSAGE][PASSED] - Object: 'Object Repository/Modulo Tarea Administracion Compensacion/Ejecutar Reporte Planilla/a_Periodo Nomina_Cerrar' is clicked on

2021-12-17 18:25:32 - [TEST_STEP][PASSED] - waitForElementClickable(findTestObject("Modulo Tarea Administracion Compensacion/Ejecutar Reporte Planilla/a_Aplicar"), 0): Object 'Object Repository/Modulo Tarea Administracion Compensacion/Ejecutar Reporte Planilla/a_Aplicar' is clickable

2021-12-17 18:25:32 - [MESSAGE][WARNING] - Timeout '0' is invalid. Using default page load timeout: '30'

2021-12-17 18:25:33 - [MESSAGE][PASSED] - Object 'Object Repository/Modulo Tarea Administracion Compensacion/Ejecutar Reporte Planilla/a_Aplicar' is clickable

2021-12-17 18:25:33 - [TEST_STEP][PASSED] - click(findTestObject("Modulo Tarea Administracion Compensacion/Ejecutar Reporte Planilla/a_Aplicar")): Object: 'Object Repository/Modulo Tarea Administracion Compensacion/Ejecutar Reporte Planilla/a_Aplicar' is clicked on

2021-12-17 18:25:33 - [MESSAGE][PASSED] - Object: 'Object Repository/Modulo Tarea Administracion Compensacion/Ejecutar Reporte Planilla/a_Aplicar' is clicked on

2021-12-17 18:25:33 - [TEST_STEP][PASSED] - waitForElementClickable(findTestObject("Modulo Tarea Administracion Compensacion/Ejecutar Reporte Planilla/span_Reporte_glyphicons glyphicons-article"), 0): Object 'Object Repository/Modulo Tarea Administracion Compensacion/Ejecutar Reporte Planilla/span_Reporte_glyphicons glyphicons-article' is clickable

2021-12-17 18:25:33 - [MESSAGE][WARNING] - Timeout '0' is invalid. Using default page load timeout: '30'

2021-12-17 18:25:34 - [MESSAGE][PASSED] - Object 'Object Repository/Modulo Tarea Administracion Compensacion/Ejecutar Reporte Planilla/span_Reporte_glyphicons glyphicons-article' is clickable

2021-12-17 18:25:34 - [TEST_STEP][PASSED] - click(findTestObject("Modulo Tarea Administracion Compensacion/Ejecutar Reporte Planilla/span_Reporte_glyphicons glyphicons-article")): Object: 'Object Repository/Modulo Tarea Administracion Compensacion/Ejecutar Reporte Planilla/span_Reporte_glyphicons glyphicons-article' is clicked on

2021-12-17 18:25:34 - [MESSAGE][PASSED] - Object: 'Object Repository/Modulo Tarea Administracion Compensacion/Ejecutar Reporte Planilla/span_Reporte_glyphicons glyphicons-article' is clicked on

2021-12-17 18:25:34 - [TEST_STEP][PASSED] - click(findTestObject("Modulo Tarea Administracion Compensacion/Ejecutar Reporte Planilla/label_xlsData")): Object: 'Object Repository/Modulo Tarea Administracion Compensacion/Ejecutar Reporte Planilla/label_xlsData' is clicked on

2021-12-17 18:25:35 - [MESSAGE][PASSED] - Object: 'Object Repository/Modulo Tarea Administracion Compensacion/Ejecutar Reporte Planilla/label_xlsData' is clicked on

2021-12-17 18:25:35 - [TEST_STEP][PASSED] - click(findTestObject("Modulo Tarea Administracion Compensacion/Ejecutar Reporte Planilla/a_Generar Reporte")): Object: 'Object Repository/Modulo Tarea Administracion Compensacion/Ejecutar Reporte Planilla/a_Generar Reporte' is clicked on

2021-12-17 18:25:36 - [MESSAGE][PASSED] - Object: 'Object Repository/Modulo Tarea Administracion Compensacion/Ejecutar Reporte Planilla/a_Generar Reporte' is clicked on

2021-12-17 18:25:36 - [TEST_STEP][PASSED] - waitForElementClickable(findTestObject("Modulo Tarea Administracion Compensacion/Ejecutar Reporte Planilla/a_Descargar"), 0): Object 'Object Repository/Modulo Tarea Administracion Compensacion/Ejecutar Reporte Planilla/a_Descargar' is clickable

2021-12-17 18:25:36 - [MESSAGE][WARNING] - Timeout '0' is invalid. Using default page load timeout: '30'

2021-12-17 18:25:37 - [MESSAGE][PASSED] - Object 'Object Repository/Modulo Tarea Administracion Compensacion/Ejecutar Reporte Planilla/a_Descargar' is clickable

2021-12-17 18:25:37 - [TEST_STEP][PASSED] - click(findTestObject("Modulo Tarea Administracion Compensacion/Ejecutar Reporte Planilla/a_Descargar")): Object: 'Object Repository/Modulo Tarea Administracion Compensacion/Ejecutar Reporte Planilla/a_Descargar' is clicked on

2021-12-17 18:25:37 - [MESSAGE][PASSED] - Object: 'Object Repository/Modulo Tarea Administracion Compensacion/Ejecutar Reporte Planilla/a_Descargar' is clicked on

2021-12-17 18:25:37 - [TEST_STEP][PASSED] - click(findTestObject("Modulo Tarea Administracion Compensacion/Ejecutar Reporte Planilla/a_Periodo Nomina_Cerrar")): Object: 'Object Repository/Modulo Tarea Administracion Compensacion/Ejecutar Reporte Planilla/a_Periodo Nomina_Cerrar' is clicked on

2021-12-17 18:25:38 - [MESSAGE][PASSED] - Object: 'Object Repository/Modulo Tarea Administracion Compensacion/Ejecutar Reporte Planilla/a_Periodo Nomina_Cerrar' is clicked on

2021-12-17 18:25:38 - [TEST_STEP][PASSED] - waitForElementClickable(findTestObject("Modulo Tarea Administracion Compensacion/Ejecutar Reporte Planilla/a_Aplicar"), 0): Object 'Object Repository/Modulo Tarea Administracion Compensacion/Ejecutar Reporte Planilla/a_Aplicar' is clickable

2021-12-17 18:25:38 - [MESSAGE][WARNING] - Timeout '0' is invalid. Using default page load timeout: '30'

2021-12-17 18:25:38 - [MESSAGE][PASSED] - Object 'Object Repository/Modulo Tarea Administracion Compensacion/Ejecutar Reporte Planilla/a_Aplicar' is clickable

2021-12-17 18:25:38 - [TEST_STEP][PASSED] - click(findTestObject("Modulo Tarea Administracion Compensacion/Ejecutar Reporte Planilla/a_Aplicar")): Object: 'Object Repository/Modulo Tarea Administracion Compensacion/Ejecutar Reporte Planilla/a_Aplicar' is clicked on

2021-12-17 18:25:39 - [MESSAGE][PASSED] - Object: 'Object Repository/Modulo Tarea Administracion Compensacion/Ejecutar Reporte Planilla/a_Aplicar' is clicked on

2021-12-17 18:25:39 - [TEST_STEP][PASSED] - waitForElementClickable(findTestObject("Modulo Tarea Administracion Compensacion/Ejecutar Reporte Planilla/span_Reporte_glyphicons glyphicons-article"), 0): Object 'Object Repository/Modulo Tarea Administracion Compensacion/Ejecutar Reporte Planilla/span_Reporte_glyphicons glyphicons-article' is clickable

2021-12-17 18:25:39 - [MESSAGE][WARNING] - Timeout '0' is invalid. Using default page load timeout: '30'

2021-12-17 18:25:39 - [MESSAGE][PASSED] - Object 'Object Repository/Modulo Tarea Administracion Compensacion/Ejecutar Reporte Planilla/span_Reporte_glyphicons glyphicons-article' is clickable

2021-12-17 18:25:39 - [TEST_STEP][PASSED] - click(findTestObject("Modulo Tarea Administracion Compensacion/Ejecutar Reporte Planilla/span_Reporte_glyphicons glyphicons-article")): Object: 'Object Repository/Modulo Tarea Administracion Compensacion/Ejecutar Reporte Planilla/span_Reporte_glyphicons glyphicons-article' is clicked on

2021-12-17 18:25:40 - [MESSAGE][PASSED] - Object: 'Object Repository/Modulo Tarea Administracion Compensacion/Ejecutar Reporte Planilla/span_Reporte_glyphicons glyphicons-article' is clicked on

2021-12-17 18:25:40 - [TEST_STEP][PASSED] - click(findTestObject("Modulo Tarea Administracion Compensacion/Ejecutar Reporte Planilla/label_pdf")): Object: 'Object Repository/Modulo Tarea Administracion Compensacion/Ejecutar Reporte Planilla/label_pdf' is clicked on

2021-12-17 18:25:40 - [MESSAGE][PASSED] - Object: 'Object Repository/Modulo Tarea Administracion Compensacion/Ejecutar Reporte Planilla/label_pdf' is clicked on

2021-12-17 18:25:40 - [TEST_STEP][PASSED] - click(findTestObject("Modulo Tarea Administracion Compensacion/Ejecutar Reporte Planilla/a_Generar Reporte")): Object: 'Object Repository/Modulo Tarea Administracion Compensacion/Ejecutar Reporte Planilla/a_Generar Reporte' is clicked on

2021-12-17 18:25:41 - [MESSAGE][PASSED] - Object: 'Object Repository/Modulo Tarea Administracion Compensacion/Ejecutar Reporte Planilla/a_Generar Reporte' is clicked on

2021-12-17 18:25:41 - [TEST_STEP][PASSED] - waitForElementClickable(findTestObject("Modulo Tarea Administracion Compensacion/Ejecutar Reporte Planilla/a_Descargar"), 0): Object 'Object Repository/Modulo Tarea Administracion Compensacion/Ejecutar Reporte Planilla/a_Descargar' is clickable

2021-12-17 18:25:41 - [MESSAGE][WARNING] - Timeout '0' is invalid. Using default page load timeout: '30'

2021-12-17 18:25:42 - [MESSAGE][PASSED] - Object 'Object Repository/Modulo Tarea Administracion Compensacion/Ejecutar Reporte Planilla/a_Descargar' is clickable

2021-12-17 18:25:42 - [TEST_STEP][PASSED] - click(findTestObject("Modulo Tarea Administracion Compensacion/Ejecutar Reporte Planilla/a_Descargar")): Object: 'Object Repository/Modulo Tarea Administracion Compensacion/Ejecutar Reporte Planilla/a_Descargar' is clicked on

2021-12-17 18:25:42 - [MESSAGE][PASSED] - Object: 'Object Repository/Modulo Tarea Administracion Compensacion/Ejecutar Reporte Planilla/a_Descargar' is clicked on

2021-12-17 18:25:42 - [TEST_STEP][PASSED] - click(findTestObject("Modulo Tarea Administracion Compensacion/Ejecutar Reporte Planilla/a_Periodo Nomina_Cerrar")): Object: 'Object Repository/Modulo Tarea Administracion Compensacion/Ejecutar Reporte Planilla/a_Periodo Nomina_Cerrar' is clicked on

2021-12-17 18:25:43 - [MESSAGE][PASSED] - Object: 'Object Repository/Modulo Tarea Administracion Compensacion/Ejecutar Reporte Planilla/a_Periodo Nomina_Cerrar' is clicked on

2021-12-17 18:25:43 - [TEST_STEP][PASSED] - waitForElementClickable(findTestObject("Modulo Tarea Administracion Compensacion/Ejecutar Reporte Planilla/a_Aplicar"), 0): Object 'Object Repository/Modulo Tarea Administracion Compensacion/Ejecutar Reporte Planilla/a_Aplicar' is clickable

2021-12-17 18:25:43 - [MESSAGE][WARNING] - Timeout '0' is invalid. Using default page load timeout: '30'

2021-12-17 18:25:43 - [MESSAGE][PASSED] - Object 'Object Repository/Modulo Tarea Administracion Compensacion/Ejecutar Reporte Planilla/a_Aplicar' is clickable

2021-12-17 18:25:43 - [TEST_STEP][PASSED] - click(findTestObject("Modulo Tarea Administracion Compensacion/Ejecutar Reporte Planilla/a_Aplicar")): Object: 'Object Repository/Modulo Tarea Administracion Compensacion/Ejecutar Reporte Planilla/a_Aplicar' is clicked on

2021-12-17 18:25:44 - [MESSAGE][PASSED] - Object: 'Object Repository/Modulo Tarea Administracion Compensacion/Ejecutar Reporte Planilla/a_Aplicar' is clicked on

2021-12-17 18:25:44 - [TEST_STEP][PASSED] - waitForElementClickable(findTestObject("Modulo Tarea Administracion Compensacion/Ejecutar Reporte Planilla/span_Reporte_glyphicons glyphicons-article"), 0): Object 'Object Repository/Modulo Tarea Administracion Compensacion/Ejecutar Reporte Planilla/span_Reporte_glyphicons glyphicons-article' is clickable

2021-12-17 18:25:44 - [MESSAGE][WARNING] - Timeout '0' is invalid. Using default page load timeout: '30'

2021-12-17 18:25:44 - [MESSAGE][PASSED] - Object 'Object Repository/Modulo Tarea Administracion Compensacion/Ejecutar Reporte Planilla/span_Reporte_glyphicons glyphicons-article' is clickable

2021-12-17 18:25:44 - [TEST_STEP][PASSED] - click(findTestObject("Modulo Tarea Administracion Compensacion/Ejecutar Reporte Planilla/span_Reporte_glyphicons glyphicons-article")): Object: 'Object Repository/Modulo Tarea Administracion Compensacion/Ejecutar Reporte Planilla/span_Reporte_glyphicons glyphicons-article' is clicked on

2021-12-17 18:25:45 - [MESSAGE][PASSED] - Object: 'Object Repository/Modulo Tarea Administracion Compensacion/Ejecutar Reporte Planilla/span_Reporte_glyphicons glyphicons-article' is clicked on

2021-12-17 18:25:45 - [TEST_STEP][PASSED] - click(findTestObject("Modulo Tarea Administracion Compensacion/Ejecutar Reporte Planilla/label_xml")): Object: 'Object Repository/Modulo Tarea Administracion Compensacion/Ejecutar Reporte Planilla/label_xml' is clicked on

2021-12-17 18:25:45 - [MESSAGE][PASSED] - Object: 'Object Repository/Modulo Tarea Administracion Compensacion/Ejecutar Reporte Planilla/label_xml' is clicked on

2021-12-17 18:25:45 - [TEST_STEP][PASSED] - click(findTestObject("Modulo Tarea Administracion Compensacion/Ejecutar Reporte Planilla/a_Generar Reporte")): Object: 'Object Repository/Modulo Tarea Administracion Compensacion/Ejecutar Reporte Planilla/a_Generar Reporte' is clicked on

2021-12-17 18:25:46 - [MESSAGE][PASSED] - Object: 'Object Repository/Modulo Tarea Administracion Compensacion/Ejecutar Reporte Planilla/a_Generar Reporte' is clicked on

2021-12-17 18:25:46 - [TEST_STEP][PASSED] - waitForElementClickable(findTestObject("Modulo Tarea Administracion Compensacion/Ejecutar Reporte Planilla/a_Descargar"), 0): Object 'Object Repository/Modulo Tarea Administracion Compensacion/Ejecutar Reporte Planilla/a_Descargar' is clickable

2021-12-17 18:25:46 - [MESSAGE][WARNING] - Timeout '0' is invalid. Using default page load timeout: '30'

2021-12-17 18:25:47 - [MESSAGE][PASSED] - Object 'Object Repository/Modulo Tarea Administracion Compensacion/Ejecutar Reporte Planilla/a_Descargar' is clickable

2021-12-17 18:25:47 - [TEST_STEP][PASSED] - click(findTestObject("Modulo Tarea Administracion Compensacion/Ejecutar Reporte Planilla/a_Descargar")): Object: 'Object Repository/Modulo Tarea Administracion Compensacion/Ejecutar Reporte Planilla/a_Descargar' is clicked on

2021-12-17 18:25:47 - [MESSAGE][PASSED] - Object: 'Object Repository/Modulo Tarea Administracion Compensacion/Ejecutar Reporte Planilla/a_Descargar' is clicked on

2021-12-17 18:25:47 - [TEST_STEP][PASSED] - click(findTestObject("Modulo Tarea Administracion Compensacion/Ejecutar Reporte Planilla/a_Periodo Nomina_Cerrar")): Object: 'Object Repository/Modulo Tarea Administracion Compensacion/Ejecutar Reporte Planilla/a_Periodo Nomina_Cerrar' is clicked on

2021-12-17 18:25:47 - [MESSAGE][PASSED] - Object: 'Object Repository/Modulo Tarea Administracion Compensacion/Ejecutar Reporte Planilla/a_Periodo Nomina_Cerrar' is clicked on

2021-12-17 18:25:47 - [TEST_STEP][PASSED] - waitForElementClickable(findTestObject("Modulo Tarea Administracion Compensacion/Ejecutar Reporte Planilla/input_Actos Administrativos_ejecutarReporte"), 0): Object 'Object Repository/Modulo Tarea Administracion Compensacion/Ejecutar Reporte Planilla/input_Actos Administrativos_ejecutarReporte' is clickable

2021-12-17 18:25:48 - [MESSAGE][WARNING] - Timeout '0' is invalid. Using default page load timeout: '30'

2021-12-17 18:25:48 - [MESSAGE][PASSED] - Object 'Object Repository/Modulo Tarea Administracion Compensacion/Ejecutar Reporte Planilla/input_Actos Administrativos_ejecutarReporte' is clickable

2021-12-17 18:25:48 - [TEST_STEP][PASSED] - setText(findTestObject("Modulo Tarea Administracion Compensacion/Ejecutar Reporte Planilla/input_Actos Administrativos_ejecutarReporte"), "REPORTE PLANILLA..."): Text 'REPORTE PLANILLA...' is set on object 'Object Repository/Modulo Tarea Administracion Compensacion/Ejecutar Reporte Planilla/input_Actos Administrativos_ejecutarReporte'

2021-12-17 18:25:49 - [MESSAGE][PASSED] - Text 'REPORTE PLANILLA...' is set on object 'Object Repository/Modulo Tarea Administracion Compensacion/Ejecutar Reporte Planilla/input_Actos Administrativos_ejecutarReporte'

2021-12-17 18:25:49 - [TEST_STEP][PASSED] - click(findTestObject("Modulo Tarea Administracion Compensacion/Ejecutar Reporte Planilla/a_Actos Administrativos_ejecutarReportePlanillaj_idt61"), STOP_ON_FAILURE): Object: 'Object Repository/Modulo Tarea Administracion Compensacion/Ejecutar Reporte Planilla/a_Actos Administrativos_ejecutarReportePlanillaj_idt61' is clicked on

2021-12-17 18:25:50 - [MESSAGE][PASSED] - Object: 'Object Repository/Modulo Tarea Administracion Compensacion/Ejecutar Reporte Planilla/a_Actos Administrativos_ejecutarReportePlanillaj_idt61' is clicked on

2021-12-17 18:25:50 - [TEST_STEP][PASSED] - click(findTestObject("Modulo Tarea Administracion Compensacion/Ejecutar Reporte Planilla/a_Actos Administrativos_ejecutarReportePlanillaj_idt61"), STOP_ON_FAILURE): Object: 'Object Repository/Modulo Tarea Administracion Compensacion/Ejecutar Reporte Planilla/a_Actos Administrativos_ejecutarReportePlanillaj_idt61' is clicked on

2021-12-17 18:25:50 - [MESSAGE][PASSED] - Object: 'Object Repository/Modulo Tarea Administracion Compensacion/Ejecutar Reporte Planilla/a_Actos Administrativos_ejecutarReportePlanillaj_idt61' is clicked on

2021-12-17 18:25:50 - [TEST_STEP][PASSED] - waitForElementClickable(findTestObject("Modulo Tarea Administracion Compensacion/Ejecutar Reporte Planilla/td_PNP - PAGO DE NOMINA"), 0): Object 'Object Repository/Modulo Tarea Administracion Compensacion/Ejecutar Reporte Planilla/td_PNP - PAGO DE NOMINA' is clickable

2021-12-17 18:25:50 - [MESSAGE][WARNING] - Timeout '0' is invalid. Using default page load timeout: '30'

2021-12-17 18:25:51 - [MESSAGE][PASSED] - Object 'Object Repository/Modulo Tarea Administracion Compensacion/Ejecutar Reporte Planilla/td_PNP - PAGO DE NOMINA' is clickable

2021-12-17 18:25:51 - [TEST_STEP][PASSED] - click(findTestObject("Modulo Tarea Administracion Compensacion/Ejecutar Reporte Planilla/td_PNP - PAGO DE NOMINA")): Object: 'Object Repository/Modulo Tarea Administracion Compensacion/Ejecutar Reporte Planilla/td_PNP - PAGO DE NOMINA' is clicked on

2021-12-17 18:25:51 - [MESSAGE][PASSED] - Object: 'Object Repository/Modulo Tarea Administracion Compensacion/Ejecutar Reporte Planilla/td_PNP - PAGO DE NOMINA' is clicked on

2021-12-17 18:25:51 - [TEST_STEP][PASSED] - waitForElementClickable(findTestObject("Modulo Tarea Administracion Compensacion/Ejecutar Reporte Planilla/a_Periodo Nomina_ejecutarRepor"), 0): Object 'Object Repository/Modulo Tarea Administracion Compensacion/Ejecutar Reporte Planilla/a_Periodo Nomina_ejecutarRepor' is clickable

2021-12-17 18:25:51 - [MESSAGE][WARNING] - Timeout '0' is invalid. Using default page load timeout: '30'

2021-12-17 18:25:52 - [MESSAGE][PASSED] - Object 'Object Repository/Modulo Tarea Administracion Compensacion/Ejecutar Reporte Planilla/a_Periodo Nomina_ejecutarRepor' is clickable

2021-12-17 18:25:52 - [TEST_STEP][PASSED] - click(findTestObject("Modulo Tarea Administracion Compensacion/Ejecutar Reporte Planilla/a_Periodo Nomina_ejecutarRepor")): Object: 'Object Repository/Modulo Tarea Administracion Compensacion/Ejecutar Reporte Planilla/a_Periodo Nomina_ejecutarRepor' is clicked on

2021-12-17 18:25:52 - [MESSAGE][PASSED] - Object: 'Object Repository/Modulo Tarea Administracion Compensacion/Ejecutar Reporte Planilla/a_Periodo Nomina_ejecutarRepor' is clicked on

2021-12-17 18:25:52 - [TEST_STEP][PASSED] - waitForElementClickable(findTestObject("Modulo Tarea Administracion Compensacion/Ejecutar Reporte Planilla/select_--  Seleccione  --Periodo CerradoPeriodo en Proceso"), 0): Object 'Object Repository/Modulo Tarea Administracion Compensacion/Ejecutar Reporte Planilla/select_--  Seleccione  --Periodo CerradoPeriodo en Proceso' is clickable

2021-12-17 18:25:52 - [MESSAGE][WARNING] - Timeout '0' is invalid. Using default page load timeout: '30'

2021-12-17 18:25:53 - [MESSAGE][PASSED] - Object 'Object Repository/Modulo Tarea Administracion Compensacion/Ejecutar Reporte Planilla/select_--  Seleccione  --Periodo CerradoPeriodo en Proceso' is clickable

2021-12-17 18:25:53 - [TEST_STEP][PASSED] - selectOptionByIndex(findTestObject("Modulo Tarea Administracion Compensacion/Ejecutar Reporte Planilla/select_--  Seleccione  --Periodo CerradoPeriodo en Proceso"), "1", STOP_ON_FAILURE): All options with index in [1] are selected on object 'Object Repository/Modulo Tarea Administracion Compensacion/Ejecutar Reporte Planilla/select_--  Seleccione  --Periodo CerradoPeriodo en Proceso'

2021-12-17 18:25:54 - [MESSAGE][PASSED] - All options with index in [1] are selected on object 'Object Repository/Modulo Tarea Administracion Compensacion/Ejecutar Reporte Planilla/select_--  Seleccione  --Periodo CerradoPeriodo en Proceso'

2021-12-17 18:25:54 - [TEST_STEP][PASSED] - waitForElementClickable(findTestObject("Modulo Tarea Administracion Compensacion/Ejecutar Reporte Planilla/span_P. MensualMayo2021"), 0): Object 'Object Repository/Modulo Tarea Administracion Compensacion/Ejecutar Reporte Planilla/span_P. MensualMayo2021' is clickable

2021-12-17 18:25:54 - [MESSAGE][WARNING] - Timeout '0' is invalid. Using default page load timeout: '30'

2021-12-17 18:25:55 - [MESSAGE][PASSED] - Object 'Object Repository/Modulo Tarea Administracion Compensacion/Ejecutar Reporte Planilla/span_P. MensualMayo2021' is clickable

2021-12-17 18:25:55 - [TEST_STEP][PASSED] - click(findTestObject("Modulo Tarea Administracion Compensacion/Ejecutar Reporte Planilla/span_P. MensualMayo2021")): Object: 'Object Repository/Modulo Tarea Administracion Compensacion/Ejecutar Reporte Planilla/span_P. MensualMayo2021' is clicked on

2021-12-17 18:25:56 - [MESSAGE][PASSED] - Object: 'Object Repository/Modulo Tarea Administracion Compensacion/Ejecutar Reporte Planilla/span_P. MensualMayo2021' is clicked on

2021-12-17 18:25:56 - [TEST_STEP][PASSED] - waitForElementClickable(findTestObject("Modulo Tarea Administracion Compensacion/Ejecutar Reporte Planilla/select_--Seleccione--TodosNOMINA MENSUALNOMINA QUINCENAL"), 0): Object 'Object Repository/Modulo Tarea Administracion Compensacion/Ejecutar Reporte Planilla/select_--Seleccione--TodosNOMINA MENSUALNOMINA QUINCENAL' is clickable

2021-12-17 18:25:56 - [MESSAGE][WARNING] - Timeout '0' is invalid. Using default page load timeout: '30'

2021-12-17 18:25:56 - [MESSAGE][PASSED] - Object 'Object Repository/Modulo Tarea Administracion Compensacion/Ejecutar Reporte Planilla/select_--Seleccione--TodosNOMINA MENSUALNOMINA QUINCENAL' is clickable

2021-12-17 18:25:56 - [TEST_STEP][PASSED] - selectOptionByIndex(findTestObject("Modulo Tarea Administracion Compensacion/Ejecutar Reporte Planilla/select_--Seleccione--TodosNOMINA MENSUALNOMINA QUINCENAL"), "1"): All options with index in [1] are selected on object 'Object Repository/Modulo Tarea Administracion Compensacion/Ejecutar Reporte Planilla/select_--Seleccione--TodosNOMINA MENSUALNOMINA QUINCENAL'

2021-12-17 18:25:57 - [MESSAGE][PASSED] - All options with index in [1] are selected on object 'Object Repository/Modulo Tarea Administracion Compensacion/Ejecutar Reporte Planilla/select_--Seleccione--TodosNOMINA MENSUALNOMINA QUINCENAL'

2021-12-17 18:25:57 - [TEST_STEP][PASSED] - waitForElementClickable(findTestObject("Modulo Tarea Administracion Compensacion/Ejecutar Reporte Planilla/a_Aplicar"), 0): Object 'Object Repository/Modulo Tarea Administracion Compensacion/Ejecutar Reporte Planilla/a_Aplicar' is clickable

2021-12-17 18:25:57 - [MESSAGE][WARNING] - Timeout '0' is invalid. Using default page load timeout: '30'

2021-12-17 18:25:58 - [MESSAGE][PASSED] - Object 'Object Repository/Modulo Tarea Administracion Compensacion/Ejecutar Reporte Planilla/a_Aplicar' is clickable

2021-12-17 18:25:58 - [TEST_STEP][PASSED] - click(findTestObject("Modulo Tarea Administracion Compensacion/Ejecutar Reporte Planilla/a_Aplicar")): Object: 'Object Repository/Modulo Tarea Administracion Compensacion/Ejecutar Reporte Planilla/a_Aplicar' is clicked on

2021-12-17 18:25:58 - [MESSAGE][PASSED] - Object: 'Object Repository/Modulo Tarea Administracion Compensacion/Ejecutar Reporte Planilla/a_Aplicar' is clicked on

2021-12-17 18:25:58 - [TEST_STEP][PASSED] - waitForElementClickable(findTestObject("Modulo Tarea Administracion Compensacion/Ejecutar Reporte Planilla/a_Continuar"), 0): Object 'Object Repository/Modulo Tarea Administracion Compensacion/Ejecutar Reporte Planilla/a_Continuar' is clickable

2021-12-17 18:25:58 - [MESSAGE][WARNING] - Timeout '0' is invalid. Using default page load timeout: '30'

2021-12-17 18:25:59 - [MESSAGE][PASSED] - Object 'Object Repository/Modulo Tarea Administracion Compensacion/Ejecutar Reporte Planilla/a_Continuar' is clickable

2021-12-17 18:25:59 - [TEST_STEP][FAILED] - click(findTestObject("Modulo Tarea Administracion Compensacion/Ejecutar Reporte Planilla/a_Continuar")): Unable to click on object 'Object Repository/Modulo Tarea Administracion Compensacion/Ejecutar Reporte Planilla/a_Continuar' (Root cause: com.kms.katalon.core.exception.StepFailedException: Unable to click on object 'Object Repository/Modulo Tarea Administracion Compensacion/Ejecutar Reporte Planilla/a_Continuar'
	at com.kms.katalon.core.webui.keyword.internal.WebUIKeywordMain.stepFailed(WebUIKeywordMain.groovy:64)
	at com.kms.katalon.core.webui.keyword.internal.WebUIKeywordMain.runKeyword(WebUIKeywordMain.groovy:26)
	at com.kms.katalon.core.webui.keyword.builtin.ClickKeyword.click(ClickKeyword.groovy:74)
	at com.kms.katalon.core.webui.keyword.builtin.ClickKeyword.execute(ClickKeyword.groovy:40)
	at com.kms.katalon.core.keyword.internal.KeywordExecutor.executeKeywordForPlatform(KeywordExecutor.groovy:74)
	at com.kms.katalon.core.webui.keyword.WebUiBuiltInKeywords.click(WebUiBuiltInKeywords.groovy:620)
	at com.kms.katalon.core.webui.keyword.WebUiBuiltInKeywords$click$5.call(Unknown Source)
	at 1.5.4-Ejecutar Reporte Plantilla.run(1.5.4-Ejecutar Reporte Plantilla:194)
	at com.kms.katalon.core.main.ScriptEngine.run(ScriptEngine.java:194)
	at com.kms.katalon.core.main.ScriptEngine.runScriptAsRawText(ScriptEngine.java:119)
	at com.kms.katalon.core.main.TestCaseExecutor.runScript(TestCaseExecutor.java:442)
	at com.kms.katalon.core.main.TestCaseExecutor.doExecute(TestCaseExecutor.java:433)
	at com.kms.katalon.core.main.TestCaseExecutor.processExecutionPhase(TestCaseExecutor.java:412)
	at com.kms.katalon.core.main.TestCaseExecutor.accessMainPhase(TestCaseExecutor.java:404)
	at com.kms.katalon.core.main.TestCaseExecutor.execute(TestCaseExecutor.java:281)
	at com.kms.katalon.core.main.TestSuiteExecutor.accessTestCaseMainPhase(TestSuiteExecutor.java:202)
	at com.kms.katalon.core.main.TestSuiteExecutor.accessTestSuiteMainPhase(TestSuiteExecutor.java:164)
	at com.kms.katalon.core.main.TestSuiteExecutor.execute(TestSuiteExecutor.java:105)
	at com.kms.katalon.core.main.TestCaseMain.startTestSuite(TestCaseMain.java:181)
	at com.kms.katalon.core.main.TestCaseMain$startTestSuite$0.call(Unknown Source)
	at TempTestSuite1639780222929.run(TempTestSuite1639780222929.groovy:36)
Caused by: org.openqa.selenium.ElementClickInterceptedException: element click intercepted: Element is not clickable at point (469, 663)
  (Session info: chrome=96.0.4664.110)
Build info: version: '3.141.59', revision: 'e82be7d358', time: '2018-11-14T08:25:53'
System info: host: 'US-AF-000371', ip: '192.168.56.1', os.name: 'Windows 10', os.arch: 'amd64', os.version: '10.0', java.version: '1.8.0_282'
Driver info: com.kms.katalon.selenium.driver.CChromeDriver
Capabilities {acceptInsecureCerts: false, browserName: chrome, browserVersion: 96.0.4664.110, chrome: {chromedriverVersion: 95.0.4638.17 (a9d0719444d4b..., userDataDir: C:\Users\DIEGO~1.ROJ\AppDat...}, goog:chromeOptions: {debuggerAddress: localhost:51358}, javascriptEnabled: true, networkConnectionEnabled: false, pageLoadStrategy: normal, platform: WINDOWS, platformName: WINDOWS, proxy: Proxy(), setWindowRect: true, strictFileInteractability: false, timeouts: {implicit: 0, pageLoad: 300000, script: 30000}, unhandledPromptBehavior: dismiss and notify, webauthn:extension:credBlob: true, webauthn:extension:largeBlob: true, webauthn:virtualAuthenticators: true}
Session ID: 5fc3e8f31cf25e9c6bcc91e7bb3d57fa
	at org.openqa.selenium.remote.http.W3CHttpResponseCodec.createException(W3CHttpResponseCodec.java:187)
	at org.openqa.selenium.remote.http.W3CHttpResponseCodec.decode(W3CHttpResponseCodec.java:122)
	at org.openqa.selenium.remote.http.W3CHttpResponseCodec.decode(W3CHttpResponseCodec.java:49)
	at org.openqa.selenium.remote.HttpCommandExecutor.execute(HttpCommandExecutor.java:158)
	at org.openqa.selenium.remote.service.DriverCommandExecutor.execute(DriverCommandExecutor.java:83)
	at org.openqa.selenium.remote.RemoteWebDriver.execute(RemoteWebDriver.java:552)
	at com.kms.katalon.selenium.driver.CChromeDriver.execute(CChromeDriver.java:19)
	at org.openqa.selenium.remote.RemoteWebElement.execute(RemoteWebElement.java:285)
	at org.openqa.selenium.remote.RemoteWebElement.click(RemoteWebElement.java:84)
	at org.openqa.selenium.support.events.EventFiringWebDriver$EventFiringWebElement.lambda$new$0(EventFiringWebDriver.java:404)
	at com.sun.proxy.$Proxy11.click(Unknown Source)
	at org.openqa.selenium.support.events.EventFiringWebDriver$EventFiringWebElement.click(EventFiringWebDriver.java:417)
	at org.openqa.selenium.WebElement$click$0.call(Unknown Source)
	at com.kms.katalon.core.webui.keyword.builtin.ClickKeyword.clickUntilSuccessWithTimeout(ClickKeyword.groovy:81)
	at com.kms.katalon.core.webui.keyword.builtin.ClickKeyword.clickUntilSuccessWithTimeout(ClickKeyword.groovy)
	at com.kms.katalon.core.webui.keyword.builtin.ClickKeyword$_click_closure1.doCall(ClickKeyword.groovy:67)
	at com.kms.katalon.core.webui.keyword.builtin.ClickKeyword$_click_closure1.call(ClickKeyword.groovy)
	at com.kms.katalon.core.webui.keyword.internal.WebUIKeywordMain.runKeyword(WebUIKeywordMain.groovy:20)
	at com.kms.katalon.core.webui.keyword.builtin.ClickKeyword.click(ClickKeyword.groovy:74)
	at com.kms.katalon.core.webui.keyword.builtin.ClickKeyword.execute(ClickKeyword.groovy:40)
	at com.kms.katalon.core.keyword.internal.KeywordExecutor.executeKeywordForPlatform(KeywordExecutor.groovy:74)
	at com.kms.katalon.core.webui.keyword.WebUiBuiltInKeywords.click(WebUiBuiltInKeywords.groovy:620)
	at com.kms.katalon.core.webui.keyword.WebUiBuiltInKeywords$click$5.call(Unknown Source)
	at Script1548867198333.run(Script1548867198333.groovy:194)
	... 13 more
)

2021-12-17 18:26:32 - [MESSAGE][FAILED] - Unable to click on object 'Object Repository/Modulo Tarea Administracion Compensacion/Ejecutar Reporte Planilla/a_Continuar' (Root cause: com.kms.katalon.core.exception.StepFailedException: Unable to click on object 'Object Repository/Modulo Tarea Administracion Compensacion/Ejecutar Reporte Planilla/a_Continuar'
	at com.kms.katalon.core.webui.keyword.internal.WebUIKeywordMain.stepFailed(WebUIKeywordMain.groovy:64)
	at com.kms.katalon.core.webui.keyword.internal.WebUIKeywordMain.runKeyword(WebUIKeywordMain.groovy:26)
	at com.kms.katalon.core.webui.keyword.builtin.ClickKeyword.click(ClickKeyword.groovy:74)
	at com.kms.katalon.core.webui.keyword.builtin.ClickKeyword.execute(ClickKeyword.groovy:40)
	at com.kms.katalon.core.keyword.internal.KeywordExecutor.executeKeywordForPlatform(KeywordExecutor.groovy:74)
	at com.kms.katalon.core.webui.keyword.WebUiBuiltInKeywords.click(WebUiBuiltInKeywords.groovy:620)
	at com.kms.katalon.core.webui.keyword.WebUiBuiltInKeywords$click$5.call(Unknown Source)
	at 1.5.4-Ejecutar Reporte Plantilla.run(1.5.4-Ejecutar Reporte Plantilla:194)
	at com.kms.katalon.core.main.ScriptEngine.run(ScriptEngine.java:194)
	at com.kms.katalon.core.main.ScriptEngine.runScriptAsRawText(ScriptEngine.java:119)
	at com.kms.katalon.core.main.TestCaseExecutor.runScript(TestCaseExecutor.java:442)
	at com.kms.katalon.core.main.TestCaseExecutor.doExecute(TestCaseExecutor.java:433)
	at com.kms.katalon.core.main.TestCaseExecutor.processExecutionPhase(TestCaseExecutor.java:412)
	at com.kms.katalon.core.main.TestCaseExecutor.accessMainPhase(TestCaseExecutor.java:404)
	at com.kms.katalon.core.main.TestCaseExecutor.execute(TestCaseExecutor.java:281)
	at com.kms.katalon.core.main.TestSuiteExecutor.accessTestCaseMainPhase(TestSuiteExecutor.java:202)
	at com.kms.katalon.core.main.TestSuiteExecutor.accessTestSuiteMainPhase(TestSuiteExecutor.java:164)
	at com.kms.katalon.core.main.TestSuiteExecutor.execute(TestSuiteExecutor.java:105)
	at com.kms.katalon.core.main.TestCaseMain.startTestSuite(TestCaseMain.java:181)
	at com.kms.katalon.core.main.TestCaseMain$startTestSuite$0.call(Unknown Source)
	at TempTestSuite1639780222929.run(TempTestSuite1639780222929.groovy:36)
Caused by: org.openqa.selenium.ElementClickInterceptedException: element click intercepted: Element is not clickable at point (469, 663)
  (Session info: chrome=96.0.4664.110)
Build info: version: '3.141.59', revision: 'e82be7d358', time: '2018-11-14T08:25:53'
System info: host: 'US-AF-000371', ip: '192.168.56.1', os.name: 'Windows 10', os.arch: 'amd64', os.version: '10.0', java.version: '1.8.0_282'
Driver info: com.kms.katalon.selenium.driver.CChromeDriver
Capabilities {acceptInsecureCerts: false, browserName: chrome, browserVersion: 96.0.4664.110, chrome: {chromedriverVersion: 95.0.4638.17 (a9d0719444d4b..., userDataDir: C:\Users\DIEGO~1.ROJ\AppDat...}, goog:chromeOptions: {debuggerAddress: localhost:51358}, javascriptEnabled: true, networkConnectionEnabled: false, pageLoadStrategy: normal, platform: WINDOWS, platformName: WINDOWS, proxy: Proxy(), setWindowRect: true, strictFileInteractability: false, timeouts: {implicit: 0, pageLoad: 300000, script: 30000}, unhandledPromptBehavior: dismiss and notify, webauthn:extension:credBlob: true, webauthn:extension:largeBlob: true, webauthn:virtualAuthenticators: true}
Session ID: 5fc3e8f31cf25e9c6bcc91e7bb3d57fa
	at org.openqa.selenium.remote.http.W3CHttpResponseCodec.createException(W3CHttpResponseCodec.java:187)
	at org.openqa.selenium.remote.http.W3CHttpResponseCodec.decode(W3CHttpResponseCodec.java:122)
	at org.openqa.selenium.remote.http.W3CHttpResponseCodec.decode(W3CHttpResponseCodec.java:49)
	at org.openqa.selenium.remote.HttpCommandExecutor.execute(HttpCommandExecutor.java:158)
	at org.openqa.selenium.remote.service.DriverCommandExecutor.execute(DriverCommandExecutor.java:83)
	at org.openqa.selenium.remote.RemoteWebDriver.execute(RemoteWebDriver.java:552)
	at com.kms.katalon.selenium.driver.CChromeDriver.execute(CChromeDriver.java:19)
	at org.openqa.selenium.remote.RemoteWebElement.execute(RemoteWebElement.java:285)
	at org.openqa.selenium.remote.RemoteWebElement.click(RemoteWebElement.java:84)
	at org.openqa.selenium.support.events.EventFiringWebDriver$EventFiringWebElement.lambda$new$0(EventFiringWebDriver.java:404)
	at com.sun.proxy.$Proxy11.click(Unknown Source)
	at org.openqa.selenium.support.events.EventFiringWebDriver$EventFiringWebElement.click(EventFiringWebDriver.java:417)
	at org.openqa.selenium.WebElement$click$0.call(Unknown Source)
	at com.kms.katalon.core.webui.keyword.builtin.ClickKeyword.clickUntilSuccessWithTimeout(ClickKeyword.groovy:81)
	at com.kms.katalon.core.webui.keyword.builtin.ClickKeyword.clickUntilSuccessWithTimeout(ClickKeyword.groovy)
	at com.kms.katalon.core.webui.keyword.builtin.ClickKeyword$_click_closure1.doCall(ClickKeyword.groovy:67)
	at com.kms.katalon.core.webui.keyword.builtin.ClickKeyword$_click_closure1.call(ClickKeyword.groovy)
	at com.kms.katalon.core.webui.keyword.internal.WebUIKeywordMain.runKeyword(WebUIKeywordMain.groovy:20)
	at com.kms.katalon.core.webui.keyword.builtin.ClickKeyword.click(ClickKeyword.groovy:74)
	at com.kms.katalon.core.webui.keyword.builtin.ClickKeyword.execute(ClickKeyword.groovy:40)
	at com.kms.katalon.core.keyword.internal.KeywordExecutor.executeKeywordForPlatform(KeywordExecutor.groovy:74)
	at com.kms.katalon.core.webui.keyword.WebUiBuiltInKeywords.click(WebUiBuiltInKeywords.groovy:620)
	at com.kms.katalon.core.webui.keyword.WebUiBuiltInKeywords$click$5.call(Unknown Source)
	at Script1548867198333.run(Script1548867198333.groovy:194)
	... 13 more
)
[[ATTACHMENT|C:\\Users\\diego.rojas\\git\\Pruebas-Minimas\\Reports\\20211217_173017\\1-Tareas Principales\\20211217_173022\\1639783592029.png]]]]></system-out>
         <system-err><![CDATA[2021-12-17 18:24:36 - [TEST_CASE][FAILED] - Test Cases/1.1-Tareas Principales/1.5.4-Ejecutar Reporte Plantilla: Test Cases/1.1-Tareas Principales/1.5.4-Ejecutar Reporte Plantilla FAILED.
Reason:
com.kms.katalon.core.exception.StepFailedException: Unable to click on object 'Object Repository/Modulo Tarea Administracion Compensacion/Ejecutar Reporte Planilla/a_Continuar'
	at com.kms.katalon.core.webui.keyword.internal.WebUIKeywordMain.stepFailed(WebUIKeywordMain.groovy:64)
	at com.kms.katalon.core.webui.keyword.internal.WebUIKeywordMain.runKeyword(WebUIKeywordMain.groovy:26)
	at com.kms.katalon.core.webui.keyword.builtin.ClickKeyword.click(ClickKeyword.groovy:74)
	at com.kms.katalon.core.webui.keyword.builtin.ClickKeyword.execute(ClickKeyword.groovy:40)
	at com.kms.katalon.core.keyword.internal.KeywordExecutor.executeKeywordForPlatform(KeywordExecutor.groovy:74)
	at com.kms.katalon.core.webui.keyword.WebUiBuiltInKeywords.click(WebUiBuiltInKeywords.groovy:620)
	at com.kms.katalon.core.webui.keyword.WebUiBuiltInKeywords$click$5.call(Unknown Source)
	at 1.5.4-Ejecutar Reporte Plantilla.run(1.5.4-Ejecutar Reporte Plantilla:194)
	at com.kms.katalon.core.main.ScriptEngine.run(ScriptEngine.java:194)
	at com.kms.katalon.core.main.ScriptEngine.runScriptAsRawText(ScriptEngine.java:119)
	at com.kms.katalon.core.main.TestCaseExecutor.runScript(TestCaseExecutor.java:442)
	at com.kms.katalon.core.main.TestCaseExecutor.doExecute(TestCaseExecutor.java:433)
	at com.kms.katalon.core.main.TestCaseExecutor.processExecutionPhase(TestCaseExecutor.java:412)
	at com.kms.katalon.core.main.TestCaseExecutor.accessMainPhase(TestCaseExecutor.java:404)
	at com.kms.katalon.core.main.TestCaseExecutor.execute(TestCaseExecutor.java:281)
	at com.kms.katalon.core.main.TestSuiteExecutor.accessTestCaseMainPhase(TestSuiteExecutor.java:202)
	at com.kms.katalon.core.main.TestSuiteExecutor.accessTestSuiteMainPhase(TestSuiteExecutor.java:164)
	at com.kms.katalon.core.main.TestSuiteExecutor.execute(TestSuiteExecutor.java:105)
	at com.kms.katalon.core.main.TestCaseMain.startTestSuite(TestCaseMain.java:181)
	at com.kms.katalon.core.main.TestCaseMain$startTestSuite$0.call(Unknown Source)
	at TempTestSuite1639780222929.run(TempTestSuite1639780222929.groovy:36)
Caused by: org.openqa.selenium.ElementClickInterceptedException: element click intercepted: Element is not clickable at point (469, 663)
  (Session info: chrome=96.0.4664.110)
Build info: version: '3.141.59', revision: 'e82be7d358', time: '2018-11-14T08:25:53'
System info: host: 'US-AF-000371', ip: '192.168.56.1', os.name: 'Windows 10', os.arch: 'amd64', os.version: '10.0', java.version: '1.8.0_282'
Driver info: com.kms.katalon.selenium.driver.CChromeDriver
Capabilities {acceptInsecureCerts: false, browserName: chrome, browserVersion: 96.0.4664.110, chrome: {chromedriverVersion: 95.0.4638.17 (a9d0719444d4b..., userDataDir: C:\Users\DIEGO~1.ROJ\AppDat...}, goog:chromeOptions: {debuggerAddress: localhost:51358}, javascriptEnabled: true, networkConnectionEnabled: false, pageLoadStrategy: normal, platform: WINDOWS, platformName: WINDOWS, proxy: Proxy(), setWindowRect: true, strictFileInteractability: false, timeouts: {implicit: 0, pageLoad: 300000, script: 30000}, unhandledPromptBehavior: dismiss and notify, webauthn:extension:credBlob: true, webauthn:extension:largeBlob: true, webauthn:virtualAuthenticators: true}
Session ID: 5fc3e8f31cf25e9c6bcc91e7bb3d57fa
	at org.openqa.selenium.remote.http.W3CHttpResponseCodec.createException(W3CHttpResponseCodec.java:187)
	at org.openqa.selenium.remote.http.W3CHttpResponseCodec.decode(W3CHttpResponseCodec.java:122)
	at org.openqa.selenium.remote.http.W3CHttpResponseCodec.decode(W3CHttpResponseCodec.java:49)
	at org.openqa.selenium.remote.HttpCommandExecutor.execute(HttpCommandExecutor.java:158)
	at org.openqa.selenium.remote.service.DriverCommandExecutor.execute(DriverCommandExecutor.java:83)
	at org.openqa.selenium.remote.RemoteWebDriver.execute(RemoteWebDriver.java:552)
	at com.kms.katalon.selenium.driver.CChromeDriver.execute(CChromeDriver.java:19)
	at org.openqa.selenium.remote.RemoteWebElement.execute(RemoteWebElement.java:285)
	at org.openqa.selenium.remote.RemoteWebElement.click(RemoteWebElement.java:84)
	at org.openqa.selenium.support.events.EventFiringWebDriver$EventFiringWebElement.lambda$new$0(EventFiringWebDriver.java:404)
	at com.sun.proxy.$Proxy11.click(Unknown Source)
	at org.openqa.selenium.support.events.EventFiringWebDriver$EventFiringWebElement.click(EventFiringWebDriver.java:417)
	at org.openqa.selenium.WebElement$click$0.call(Unknown Source)
	at com.kms.katalon.core.webui.keyword.builtin.ClickKeyword.clickUntilSuccessWithTimeout(ClickKeyword.groovy:81)
	at com.kms.katalon.core.webui.keyword.builtin.ClickKeyword.clickUntilSuccessWithTimeout(ClickKeyword.groovy)
	at com.kms.katalon.core.webui.keyword.builtin.ClickKeyword$_click_closure1.doCall(ClickKeyword.groovy:67)
	at com.kms.katalon.core.webui.keyword.builtin.ClickKeyword$_click_closure1.call(ClickKeyword.groovy)
	at com.kms.katalon.core.webui.keyword.internal.WebUIKeywordMain.runKeyword(WebUIKeywordMain.groovy:20)
	... 19 more]]></system-err>
      </testcase>
      <testcase name="Test Cases/1.1-Tareas Principales/1.5.5- Crear Nomina Electrónica" time="49.803" classname="Test Cases/1.1-Tareas Principales/1.5.5- Crear Nomina Electrónica" status="PASSED">
         <system-out><![CDATA[2021-12-17 18:26:32 - [TEST_CASE][PASSED] - Test Cases/1.1-Tareas Principales/1.5.5- Crear Nomina Electrónica: Test Cases/1.1-Tareas Principales/1.5.5- Crear Nomina Electrónica

2021-12-17 18:26:32 - [TEST_STEP][PASSED] - callTestCase(findTestCase("0.1-Login"), [:], STOP_ON_FAILURE): Call Test Case 'Test Cases/0.1-Login' successfully

2021-12-17 18:26:32 - [TEST_CASE][PASSED] - Test Cases/0.1-Login: Test Cases/0.1-Login

2021-12-17 18:26:32 - [TEST_STEP][PASSED] - openBrowser(""): Browser is opened with url: ''

2021-12-17 18:26:32 - [MESSAGE][WARNING] - A browser is already opened. Closing browser and opening a new one

2021-12-17 18:26:33 - [MESSAGE][INFO] - Starting 'Chrome' driver

2021-12-17 18:26:33 - [MESSAGE][INFO] - Action delay is set to 0 milliseconds

2021-12-17 18:26:34 - [MESSAGE][PASSED] - Browser is opened with url: ''

2021-12-17 18:26:34 - [TEST_STEP][PASSED] - maximizeWindow(): Current window maximized

2021-12-17 18:26:34 - [MESSAGE][PASSED] - Current window maximized

2021-12-17 18:26:34 - [TEST_STEP][PASSED] - i = G_Login: null

2021-12-17 18:26:34 - [TEST_STEP][PASSED] - url = new java.net.URL(i): null

2021-12-17 18:26:34 - [TEST_STEP][PASSED] - println("URL: " + url.toString()): null

2021-12-17 18:26:34 - [TEST_STEP][PASSED] - connection = url.openConnection(): null

2021-12-17 18:26:34 - [TEST_STEP][PASSED] - connection.setRequestMethod("GET"): null

2021-12-17 18:26:34 - [TEST_STEP][PASSED] - connection.setReadTimeout(2 * 1000): null

2021-12-17 18:26:34 - [TEST_STEP][PASSED] - try: null

2021-12-17 18:26:34 - [TEST_STEP][PASSED] - connection.connect(): null

2021-12-17 18:26:34 - [TEST_STEP][PASSED] - flag = connected: null

2021-12-17 18:26:34 - [TEST_STEP][PASSED] - println("Valor_ori: " + flag): null

2021-12-17 18:26:34 - [TEST_STEP][PASSED] - if (flag): null

2021-12-17 18:26:34 - [TEST_STEP][PASSED] - navigateToUrl(i): Navigate to 'http://192.168.2.29:7001/saraweb' successfully

2021-12-17 18:26:39 - [MESSAGE][PASSED] - Navigate to 'http://192.168.2.29:7001/saraweb' successfully

2021-12-17 18:26:39 - [TEST_STEP][PASSED] - a(): null

2021-12-17 18:26:39 - [TEST_STEP][PASSED] - setText(findTestObject("Login/input_USUARIO_loginusuario"), G_Usuario): Text 'weblogic' is set on object 'Object Repository/Login/input_USUARIO_loginusuario'

2021-12-17 18:26:40 - [MESSAGE][PASSED] - Text 'weblogic' is set on object 'Object Repository/Login/input_USUARIO_loginusuario'

2021-12-17 18:26:40 - [TEST_STEP][PASSED] - setEncryptedText(findTestObject("Login/input_CLAVE_loginpassword"), "MkG4/TYiCFC3cb2driP7+Q=="): Text ****** has been set on object 'Object Repository/Login/input_CLAVE_loginpassword'

2021-12-17 18:26:41 - [MESSAGE][PASSED] - Text ****** has been set on object 'Object Repository/Login/input_CLAVE_loginpassword'

2021-12-17 18:26:41 - [TEST_STEP][PASSED] - waitForElementClickable(findTestObject("Login/a_Ingresar"), G_TimeOut): Object 'Object Repository/Login/a_Ingresar' is clickable

2021-12-17 18:26:41 - [MESSAGE][PASSED] - Object 'Object Repository/Login/a_Ingresar' is clickable

2021-12-17 18:26:41 - [TEST_STEP][PASSED] - click(findTestObject("Login/a_Ingresar")): Object: 'Object Repository/Login/a_Ingresar' is clicked on

2021-12-17 18:26:50 - [MESSAGE][PASSED] - Object: 'Object Repository/Login/a_Ingresar' is clicked on

2021-12-17 18:26:50 - [TEST_STEP][PASSED] - element = findWebElement(findTestObject("Login/a_Ir"), 30): null

2021-12-17 18:26:50 - [TEST_STEP][PASSED] - executeJavaScript("arguments[0].click()", Arrays.asList(element)): Execute JavaScript 'arguments[0].click()' successfully

2021-12-17 18:26:50 - [MESSAGE][PASSED] - Execute JavaScript 'arguments[0].click()' successfully

2021-12-17 18:26:50 - [MESSAGE][PASSED] - Call Test Case 'Test Cases/0.1-Login' successfully

2021-12-17 18:26:50 - [TEST_STEP][PASSED] - waitForElementClickable(findTestObject("Modulo Tarea Administracion Compensacion/Crear Nomina Electronica/Page_SARA/input_ADMINISTRADOR DEL SISTEMA - SARA_form_templatej_idt24_input"), G_TimeOut): Object 'Object Repository/Modulo Tarea Administracion Compensacion/Crear Nomina Electronica/Page_SARA/input_ADMINISTRADOR DEL SISTEMA - SARA_form_templatej_idt24_input' is clickable

2021-12-17 18:26:58 - [MESSAGE][PASSED] - Object 'Object Repository/Modulo Tarea Administracion Compensacion/Crear Nomina Electronica/Page_SARA/input_ADMINISTRADOR DEL SISTEMA - SARA_form_templatej_idt24_input' is clickable

2021-12-17 18:26:58 - [TEST_STEP][PASSED] - setText(findTestObject("Modulo Tarea Administracion Compensacion/Crear Nomina Electronica/Page_SARA/input_ADMINISTRADOR DEL SISTEMA - SARA_form_templatej_idt24_input"), "Nomina Electronica (com)"): Text 'Nomina Electronica (com)' is set on object 'Object Repository/Modulo Tarea Administracion Compensacion/Crear Nomina Electronica/Page_SARA/input_ADMINISTRADOR DEL SISTEMA - SARA_form_templatej_idt24_input'

2021-12-17 18:26:59 - [MESSAGE][PASSED] - Text 'Nomina Electronica (com)' is set on object 'Object Repository/Modulo Tarea Administracion Compensacion/Crear Nomina Electronica/Page_SARA/input_ADMINISTRADOR DEL SISTEMA - SARA_form_templatej_idt24_input'

2021-12-17 18:26:59 - [TEST_STEP][PASSED] - waitForElementClickable(findTestObject("Modulo Tarea Administracion Compensacion/Crear Nomina Electronica/Page_SARA/li_Nomina Electronica (com)"), 0): Object 'Object Repository/Modulo Tarea Administracion Compensacion/Crear Nomina Electronica/Page_SARA/li_Nomina Electronica (com)' is clickable

2021-12-17 18:26:59 - [MESSAGE][WARNING] - Timeout '0' is invalid. Using default page load timeout: '30'

2021-12-17 18:27:01 - [MESSAGE][PASSED] - Object 'Object Repository/Modulo Tarea Administracion Compensacion/Crear Nomina Electronica/Page_SARA/li_Nomina Electronica (com)' is clickable

2021-12-17 18:27:01 - [TEST_STEP][PASSED] - click(findTestObject("Modulo Tarea Administracion Compensacion/Crear Nomina Electronica/Page_SARA/li_Nomina Electronica (com)")): Object: 'Object Repository/Modulo Tarea Administracion Compensacion/Crear Nomina Electronica/Page_SARA/li_Nomina Electronica (com)' is clicked on

2021-12-17 18:27:01 - [MESSAGE][PASSED] - Object: 'Object Repository/Modulo Tarea Administracion Compensacion/Crear Nomina Electronica/Page_SARA/li_Nomina Electronica (com)' is clicked on

2021-12-17 18:27:01 - [TEST_STEP][PASSED] - if (waitForElementClickable(findTestObject("Modulo Tarea Administracion Compensacion/Crear Nomina Electronica/Page_SARA/td_2021-07-01"), 1)): Web element with id: 'Object Repository/Modulo Tarea Administracion Compensacion/Crear Nomina Electronica/Page_SARA/td_2021-07-01' located by '//*/text()[normalize-space(.)='2021-07-01']/parent::*' not found

2021-12-17 18:27:10 - [MESSAGE][INFO] - Unable to find the element located by 'By.xpath: //*/text()[normalize-space(.)='2021-07-01']/parent::*'. Please recheck the objects properties to make sure the desired element is located. 

2021-12-17 18:27:10 - [MESSAGE][WARNING] - Web element with id: 'Object Repository/Modulo Tarea Administracion Compensacion/Crear Nomina Electronica/Page_SARA/td_2021-07-01' located by '//*/text()[normalize-space(.)='2021-07-01']/parent::*' not found

2021-12-17 18:27:10 - [TEST_STEP][PASSED] - waitForElementClickable(findTestObject("Modulo Tarea Administracion Compensacion/Crear Nomina Electronica/Page_SARA/a_Nuevo"), 0): Object 'Object Repository/Modulo Tarea Administracion Compensacion/Crear Nomina Electronica/Page_SARA/a_Nuevo' is clickable

2021-12-17 18:27:10 - [MESSAGE][WARNING] - Timeout '0' is invalid. Using default page load timeout: '30'

2021-12-17 18:27:10 - [MESSAGE][PASSED] - Object 'Object Repository/Modulo Tarea Administracion Compensacion/Crear Nomina Electronica/Page_SARA/a_Nuevo' is clickable

2021-12-17 18:27:10 - [TEST_STEP][PASSED] - click(findTestObject("Modulo Tarea Administracion Compensacion/Crear Nomina Electronica/Page_SARA/a_Nuevo"), STOP_ON_FAILURE): Object: 'Object Repository/Modulo Tarea Administracion Compensacion/Crear Nomina Electronica/Page_SARA/a_Nuevo' is clicked on

2021-12-17 18:27:10 - [MESSAGE][PASSED] - Object: 'Object Repository/Modulo Tarea Administracion Compensacion/Crear Nomina Electronica/Page_SARA/a_Nuevo' is clicked on

2021-12-17 18:27:10 - [TEST_STEP][PASSED] - waitForElementClickable(findTestObject("Modulo Tarea Administracion Compensacion/Crear Nomina Electronica/Page_SARA/select_-- seleccione --Nmina IndividualNmina Individual de Ajuste"), 0): Object 'Object Repository/Modulo Tarea Administracion Compensacion/Crear Nomina Electronica/Page_SARA/select_-- seleccione --Nmina IndividualNmina Individual de Ajuste' is clickable

2021-12-17 18:27:11 - [MESSAGE][WARNING] - Timeout '0' is invalid. Using default page load timeout: '30'

2021-12-17 18:27:11 - [MESSAGE][PASSED] - Object 'Object Repository/Modulo Tarea Administracion Compensacion/Crear Nomina Electronica/Page_SARA/select_-- seleccione --Nmina IndividualNmina Individual de Ajuste' is clickable

2021-12-17 18:27:11 - [TEST_STEP][PASSED] - click(findTestObject("Modulo Tarea Administracion Compensacion/Crear Nomina Electronica/Page_SARA/select_-- seleccione --Nmina IndividualNmina Individual de Ajuste")): Object: 'Object Repository/Modulo Tarea Administracion Compensacion/Crear Nomina Electronica/Page_SARA/select_-- seleccione --Nmina IndividualNmina Individual de Ajuste' is clicked on

2021-12-17 18:27:12 - [MESSAGE][PASSED] - Object: 'Object Repository/Modulo Tarea Administracion Compensacion/Crear Nomina Electronica/Page_SARA/select_-- seleccione --Nmina IndividualNmina Individual de Ajuste' is clicked on

2021-12-17 18:27:12 - [TEST_STEP][PASSED] - selectOptionByIndex(findTestObject("Modulo Tarea Administracion Compensacion/Crear Nomina Electronica/Page_SARA/select_-- seleccione --Nmina IndividualNmina Individual de Ajuste"), "1"): All options with index in [1] are selected on object 'Object Repository/Modulo Tarea Administracion Compensacion/Crear Nomina Electronica/Page_SARA/select_-- seleccione --Nmina IndividualNmina Individual de Ajuste'

2021-12-17 18:27:13 - [MESSAGE][PASSED] - All options with index in [1] are selected on object 'Object Repository/Modulo Tarea Administracion Compensacion/Crear Nomina Electronica/Page_SARA/select_-- seleccione --Nmina IndividualNmina Individual de Ajuste'

2021-12-17 18:27:13 - [TEST_STEP][PASSED] - click(findTestObject("Modulo Tarea Administracion Compensacion/Crear Nomina Electronica/Page_SARA/select_-- seleccione --EneroFebreroMarzoAbrilMayoJunioJulioAgostoSeptiembreOctubreNoviembreDiciembre")): Object: 'Object Repository/Modulo Tarea Administracion Compensacion/Crear Nomina Electronica/Page_SARA/select_-- seleccione --EneroFebreroMarzoAbrilMayoJunioJulioAgostoSeptiembreOctubreNoviembreDiciembre' is clicked on

2021-12-17 18:27:13 - [MESSAGE][PASSED] - Object: 'Object Repository/Modulo Tarea Administracion Compensacion/Crear Nomina Electronica/Page_SARA/select_-- seleccione --EneroFebreroMarzoAbrilMayoJunioJulioAgostoSeptiembreOctubreNoviembreDiciembre' is clicked on

2021-12-17 18:27:13 - [TEST_STEP][PASSED] - selectOptionByIndex(findTestObject("Modulo Tarea Administracion Compensacion/Crear Nomina Electronica/Page_SARA/select_-- seleccione --EneroFebreroMarzoAbrilMayoJunioJulioAgostoSeptiembreOctubreNoviembreDiciembre"), "8"): All options with index in [8] are selected on object 'Object Repository/Modulo Tarea Administracion Compensacion/Crear Nomina Electronica/Page_SARA/select_-- seleccione --EneroFebreroMarzoAbrilMayoJunioJulioAgostoSeptiembreOctubreNoviembreDiciembre'

2021-12-17 18:27:15 - [MESSAGE][PASSED] - All options with index in [8] are selected on object 'Object Repository/Modulo Tarea Administracion Compensacion/Crear Nomina Electronica/Page_SARA/select_-- seleccione --EneroFebreroMarzoAbrilMayoJunioJulioAgostoSeptiembreOctubreNoviembreDiciembre'

2021-12-17 18:27:15 - [TEST_STEP][PASSED] - click(findTestObject("Modulo Tarea Administracion Compensacion/Crear Nomina Electronica/Page_SARA/select_CUNDINAMARCASANTANDERBOGOTANo Usar")): Object: 'Object Repository/Modulo Tarea Administracion Compensacion/Crear Nomina Electronica/Page_SARA/select_CUNDINAMARCASANTANDERBOGOTANo Usar' is clicked on

2021-12-17 18:27:15 - [MESSAGE][PASSED] - Object: 'Object Repository/Modulo Tarea Administracion Compensacion/Crear Nomina Electronica/Page_SARA/select_CUNDINAMARCASANTANDERBOGOTANo Usar' is clicked on

2021-12-17 18:27:15 - [TEST_STEP][PASSED] - selectOptionByIndex(findTestObject("Modulo Tarea Administracion Compensacion/Crear Nomina Electronica/Page_SARA/select_CUNDINAMARCASANTANDERBOGOTANo Usar"), "3"): All options with index in [3] are selected on object 'Object Repository/Modulo Tarea Administracion Compensacion/Crear Nomina Electronica/Page_SARA/select_CUNDINAMARCASANTANDERBOGOTANo Usar'

2021-12-17 18:27:16 - [MESSAGE][PASSED] - All options with index in [3] are selected on object 'Object Repository/Modulo Tarea Administracion Compensacion/Crear Nomina Electronica/Page_SARA/select_CUNDINAMARCASANTANDERBOGOTANo Usar'

2021-12-17 18:27:16 - [TEST_STEP][PASSED] - selectOptionByIndex(findTestObject("Modulo Tarea Administracion Compensacion/Crear Nomina Electronica/Page_SARA/select_-- seleccione --EneroFebreroMarzoAbrilMayoJunioJulioAgostoSeptiembreOctubreNoviembreDiciembre"), "7"): All options with index in [7] are selected on object 'Object Repository/Modulo Tarea Administracion Compensacion/Crear Nomina Electronica/Page_SARA/select_-- seleccione --EneroFebreroMarzoAbrilMayoJunioJulioAgostoSeptiembreOctubreNoviembreDiciembre'

2021-12-17 18:27:18 - [MESSAGE][PASSED] - All options with index in [7] are selected on object 'Object Repository/Modulo Tarea Administracion Compensacion/Crear Nomina Electronica/Page_SARA/select_-- seleccione --EneroFebreroMarzoAbrilMayoJunioJulioAgostoSeptiembreOctubreNoviembreDiciembre'

2021-12-17 18:27:18 - [TEST_STEP][PASSED] - click(findTestObject("Modulo Tarea Administracion Compensacion/Crear Nomina Electronica/Page_SARA/a_Guardar")): Object: 'Object Repository/Modulo Tarea Administracion Compensacion/Crear Nomina Electronica/Page_SARA/a_Guardar' is clicked on

2021-12-17 18:27:18 - [MESSAGE][PASSED] - Object: 'Object Repository/Modulo Tarea Administracion Compensacion/Crear Nomina Electronica/Page_SARA/a_Guardar' is clicked on

2021-12-17 18:27:18 - [TEST_STEP][PASSED] - waitForElementClickable(findTestObject("Modulo Tarea Administracion Compensacion/Crear Nomina Electronica/Page_SARA/a_Generar"), 0): Object 'Object Repository/Modulo Tarea Administracion Compensacion/Crear Nomina Electronica/Page_SARA/a_Generar' is clickable

2021-12-17 18:27:18 - [MESSAGE][WARNING] - Timeout '0' is invalid. Using default page load timeout: '30'

2021-12-17 18:27:20 - [MESSAGE][PASSED] - Object 'Object Repository/Modulo Tarea Administracion Compensacion/Crear Nomina Electronica/Page_SARA/a_Generar' is clickable

2021-12-17 18:27:20 - [TEST_STEP][PASSED] - click(findTestObject("Modulo Tarea Administracion Compensacion/Crear Nomina Electronica/Page_SARA/a_Generar")): Object: 'Object Repository/Modulo Tarea Administracion Compensacion/Crear Nomina Electronica/Page_SARA/a_Generar' is clicked on

2021-12-17 18:27:20 - [MESSAGE][PASSED] - Object: 'Object Repository/Modulo Tarea Administracion Compensacion/Crear Nomina Electronica/Page_SARA/a_Generar' is clicked on

2021-12-17 18:27:20 - [TEST_STEP][PASSED] - waitForElementClickable(findTestObject("Modulo Tarea Administracion Compensacion/Crear Nomina Electronica/Page_SARA/a_Generar2"), 0): Object 'Object Repository/Modulo Tarea Administracion Compensacion/Crear Nomina Electronica/Page_SARA/a_Generar2' is clickable

2021-12-17 18:27:20 - [MESSAGE][WARNING] - Timeout '0' is invalid. Using default page load timeout: '30'

2021-12-17 18:27:21 - [MESSAGE][PASSED] - Object 'Object Repository/Modulo Tarea Administracion Compensacion/Crear Nomina Electronica/Page_SARA/a_Generar2' is clickable

2021-12-17 18:27:21 - [TEST_STEP][PASSED] - click(findTestObject("Modulo Tarea Administracion Compensacion/Crear Nomina Electronica/Page_SARA/a_Generar2")): Object: 'Object Repository/Modulo Tarea Administracion Compensacion/Crear Nomina Electronica/Page_SARA/a_Generar2' is clicked on

2021-12-17 18:27:21 - [MESSAGE][PASSED] - Object: 'Object Repository/Modulo Tarea Administracion Compensacion/Crear Nomina Electronica/Page_SARA/a_Generar2' is clicked on]]></system-out>
         <system-err><![CDATA[]]></system-err>
      </testcase>
      <testcase name="Test Cases/1.1-Tareas Principales/1.5.6 Reporte Nomina Electronica" time="109.644" classname="Test Cases/1.1-Tareas Principales/1.5.6 Reporte Nomina Electronica" status="FAILED">
         <failure type="FAILED" message="Test Cases/1.1-Tareas Principales/1.5.6 Reporte Nomina Electronica FAILED.
Reason:
com.kms.katalon.core.exception.StepFailedException: Unable to click on object 'Object Repository/Modulo Tarea Administracion Compensacion/Reporte Nomina Electronica/Page_SARA/a_Descargar'
	at com.kms.katalon.core.webui.keyword.internal.WebUIKeywordMain.stepFailed(WebUIKeywordMain.groovy:64)
	at com.kms.katalon.core.webui.keyword.internal.WebUIKeywordMain.runKeyword(WebUIKeywordMain.groovy:26)
	at com.kms.katalon.core.webui.keyword.builtin.ClickKeyword.click(ClickKeyword.groovy:74)
	at com.kms.katalon.core.webui.keyword.builtin.ClickKeyword.execute(ClickKeyword.groovy:40)
	at com.kms.katalon.core.keyword.internal.KeywordExecutor.executeKeywordForPlatform(KeywordExecutor.groovy:74)
	at com.kms.katalon.core.webui.keyword.WebUiBuiltInKeywords.click(WebUiBuiltInKeywords.groovy:620)
	at com.kms.katalon.core.webui.keyword.WebUiBuiltInKeywords$click$5.call(Unknown Source)
	at 1.5.6 Reporte Nomina Electronica.run(1.5.6 Reporte Nomina Electronica:57)
	at com.kms.katalon.core.main.ScriptEngine.run(ScriptEngine.java:194)
	at com.kms.katalon.core.main.ScriptEngine.runScriptAsRawText(ScriptEngine.java:119)
	at com.kms.katalon.core.main.TestCaseExecutor.runScript(TestCaseExecutor.java:442)
	at com.kms.katalon.core.main.TestCaseExecutor.doExecute(TestCaseExecutor.java:433)
	at com.kms.katalon.core.main.TestCaseExecutor.processExecutionPhase(TestCaseExecutor.java:412)
	at com.kms.katalon.core.main.TestCaseExecutor.accessMainPhase(TestCaseExecutor.java:404)
	at com.kms.katalon.core.main.TestCaseExecutor.execute(TestCaseExecutor.java:281)
	at com.kms.katalon.core.main.TestSuiteExecutor.accessTestCaseMainPhase(TestSuiteExecutor.java:202)
	at com.kms.katalon.core.main.TestSuiteExecutor.accessTestSuiteMainPhase(TestSuiteExecutor.java:164)
	at com.kms.katalon.core.main.TestSuiteExecutor.execute(TestSuiteExecutor.java:105)
	at com.kms.katalon.core.main.TestCaseMain.startTestSuite(TestCaseMain.java:181)
	at com.kms.katalon.core.main.TestCaseMain$startTestSuite$0.call(Unknown Source)
	at TempTestSuite1639780222929.run(TempTestSuite1639780222929.groovy:36)
Caused by: com.kms.katalon.core.webui.exception.WebElementNotFoundException: Web element with id: 'Object Repository/Modulo Tarea Administracion Compensacion/Reporte Nomina Electronica/Page_SARA/a_Descargar' located by '(//a[contains(text(),'Descargar')])[2]' not found
	at com.kms.katalon.core.webui.common.WebUiCommonHelper.findWebElement(WebUiCommonHelper.java:1368)
	at com.kms.katalon.core.webui.keyword.internal.WebUIAbstractKeyword.findWebElement(WebUIAbstractKeyword.groovy:27)
	at com.kms.katalon.core.webui.keyword.builtin.ClickKeyword$_click_closure1.doCall(ClickKeyword.groovy:65)
	at com.kms.katalon.core.webui.keyword.builtin.ClickKeyword$_click_closure1.call(ClickKeyword.groovy)
	at com.kms.katalon.core.webui.keyword.internal.WebUIKeywordMain.runKeyword(WebUIKeywordMain.groovy:20)
	... 19 more
"/>
         <system-out><![CDATA[2021-12-17 18:27:21 - [TEST_CASE][FAILED] - Test Cases/1.1-Tareas Principales/1.5.6 Reporte Nomina Electronica: Test Cases/1.1-Tareas Principales/1.5.6 Reporte Nomina Electronica FAILED.
Reason:
com.kms.katalon.core.exception.StepFailedException: Unable to click on object 'Object Repository/Modulo Tarea Administracion Compensacion/Reporte Nomina Electronica/Page_SARA/a_Descargar'
	at com.kms.katalon.core.webui.keyword.internal.WebUIKeywordMain.stepFailed(WebUIKeywordMain.groovy:64)
	at com.kms.katalon.core.webui.keyword.internal.WebUIKeywordMain.runKeyword(WebUIKeywordMain.groovy:26)
	at com.kms.katalon.core.webui.keyword.builtin.ClickKeyword.click(ClickKeyword.groovy:74)
	at com.kms.katalon.core.webui.keyword.builtin.ClickKeyword.execute(ClickKeyword.groovy:40)
	at com.kms.katalon.core.keyword.internal.KeywordExecutor.executeKeywordForPlatform(KeywordExecutor.groovy:74)
	at com.kms.katalon.core.webui.keyword.WebUiBuiltInKeywords.click(WebUiBuiltInKeywords.groovy:620)
	at com.kms.katalon.core.webui.keyword.WebUiBuiltInKeywords$click$5.call(Unknown Source)
	at 1.5.6 Reporte Nomina Electronica.run(1.5.6 Reporte Nomina Electronica:57)
	at com.kms.katalon.core.main.ScriptEngine.run(ScriptEngine.java:194)
	at com.kms.katalon.core.main.ScriptEngine.runScriptAsRawText(ScriptEngine.java:119)
	at com.kms.katalon.core.main.TestCaseExecutor.runScript(TestCaseExecutor.java:442)
	at com.kms.katalon.core.main.TestCaseExecutor.doExecute(TestCaseExecutor.java:433)
	at com.kms.katalon.core.main.TestCaseExecutor.processExecutionPhase(TestCaseExecutor.java:412)
	at com.kms.katalon.core.main.TestCaseExecutor.accessMainPhase(TestCaseExecutor.java:404)
	at com.kms.katalon.core.main.TestCaseExecutor.execute(TestCaseExecutor.java:281)
	at com.kms.katalon.core.main.TestSuiteExecutor.accessTestCaseMainPhase(TestSuiteExecutor.java:202)
	at com.kms.katalon.core.main.TestSuiteExecutor.accessTestSuiteMainPhase(TestSuiteExecutor.java:164)
	at com.kms.katalon.core.main.TestSuiteExecutor.execute(TestSuiteExecutor.java:105)
	at com.kms.katalon.core.main.TestCaseMain.startTestSuite(TestCaseMain.java:181)
	at com.kms.katalon.core.main.TestCaseMain$startTestSuite$0.call(Unknown Source)
	at TempTestSuite1639780222929.run(TempTestSuite1639780222929.groovy:36)
Caused by: com.kms.katalon.core.webui.exception.WebElementNotFoundException: Web element with id: 'Object Repository/Modulo Tarea Administracion Compensacion/Reporte Nomina Electronica/Page_SARA/a_Descargar' located by '(//a[contains(text(),'Descargar')])[2]' not found
	at com.kms.katalon.core.webui.common.WebUiCommonHelper.findWebElement(WebUiCommonHelper.java:1368)
	at com.kms.katalon.core.webui.keyword.internal.WebUIAbstractKeyword.findWebElement(WebUIAbstractKeyword.groovy:27)
	at com.kms.katalon.core.webui.keyword.builtin.ClickKeyword$_click_closure1.doCall(ClickKeyword.groovy:65)
	at com.kms.katalon.core.webui.keyword.builtin.ClickKeyword$_click_closure1.call(ClickKeyword.groovy)
	at com.kms.katalon.core.webui.keyword.internal.WebUIKeywordMain.runKeyword(WebUIKeywordMain.groovy:20)
	... 19 more


2021-12-17 18:27:22 - [TEST_STEP][PASSED] - callTestCase(findTestCase("0.1-Login"), [:], STOP_ON_FAILURE): Call Test Case 'Test Cases/0.1-Login' successfully

2021-12-17 18:27:22 - [TEST_CASE][PASSED] - Test Cases/0.1-Login: Test Cases/0.1-Login

2021-12-17 18:27:22 - [TEST_STEP][PASSED] - openBrowser(""): Browser is opened with url: ''

2021-12-17 18:27:22 - [MESSAGE][WARNING] - A browser is already opened. Closing browser and opening a new one

2021-12-17 18:27:23 - [MESSAGE][INFO] - Starting 'Chrome' driver

2021-12-17 18:27:23 - [MESSAGE][INFO] - Action delay is set to 0 milliseconds

2021-12-17 18:27:24 - [MESSAGE][PASSED] - Browser is opened with url: ''

2021-12-17 18:27:24 - [TEST_STEP][PASSED] - maximizeWindow(): Current window maximized

2021-12-17 18:27:24 - [MESSAGE][PASSED] - Current window maximized

2021-12-17 18:27:24 - [TEST_STEP][PASSED] - i = G_Login: null

2021-12-17 18:27:24 - [TEST_STEP][PASSED] - url = new java.net.URL(i): null

2021-12-17 18:27:24 - [TEST_STEP][PASSED] - println("URL: " + url.toString()): null

2021-12-17 18:27:24 - [TEST_STEP][PASSED] - connection = url.openConnection(): null

2021-12-17 18:27:24 - [TEST_STEP][PASSED] - connection.setRequestMethod("GET"): null

2021-12-17 18:27:24 - [TEST_STEP][PASSED] - connection.setReadTimeout(2 * 1000): null

2021-12-17 18:27:24 - [TEST_STEP][PASSED] - try: null

2021-12-17 18:27:24 - [TEST_STEP][PASSED] - connection.connect(): null

2021-12-17 18:27:24 - [TEST_STEP][PASSED] - flag = connected: null

2021-12-17 18:27:24 - [TEST_STEP][PASSED] - println("Valor_ori: " + flag): null

2021-12-17 18:27:24 - [TEST_STEP][PASSED] - if (flag): null

2021-12-17 18:27:24 - [TEST_STEP][PASSED] - navigateToUrl(i): Navigate to 'http://192.168.2.29:7001/saraweb' successfully

2021-12-17 18:27:29 - [MESSAGE][PASSED] - Navigate to 'http://192.168.2.29:7001/saraweb' successfully

2021-12-17 18:27:29 - [TEST_STEP][PASSED] - a(): null

2021-12-17 18:27:29 - [TEST_STEP][PASSED] - setText(findTestObject("Login/input_USUARIO_loginusuario"), G_Usuario): Text 'weblogic' is set on object 'Object Repository/Login/input_USUARIO_loginusuario'

2021-12-17 18:27:30 - [MESSAGE][PASSED] - Text 'weblogic' is set on object 'Object Repository/Login/input_USUARIO_loginusuario'

2021-12-17 18:27:30 - [TEST_STEP][PASSED] - setEncryptedText(findTestObject("Login/input_CLAVE_loginpassword"), "MkG4/TYiCFC3cb2driP7+Q=="): Text ****** has been set on object 'Object Repository/Login/input_CLAVE_loginpassword'

2021-12-17 18:27:31 - [MESSAGE][PASSED] - Text ****** has been set on object 'Object Repository/Login/input_CLAVE_loginpassword'

2021-12-17 18:27:31 - [TEST_STEP][PASSED] - waitForElementClickable(findTestObject("Login/a_Ingresar"), G_TimeOut): Object 'Object Repository/Login/a_Ingresar' is clickable

2021-12-17 18:27:31 - [MESSAGE][PASSED] - Object 'Object Repository/Login/a_Ingresar' is clickable

2021-12-17 18:27:31 - [TEST_STEP][PASSED] - click(findTestObject("Login/a_Ingresar")): Object: 'Object Repository/Login/a_Ingresar' is clicked on

2021-12-17 18:27:39 - [MESSAGE][PASSED] - Object: 'Object Repository/Login/a_Ingresar' is clicked on

2021-12-17 18:27:39 - [TEST_STEP][PASSED] - element = findWebElement(findTestObject("Login/a_Ir"), 30): null

2021-12-17 18:27:40 - [TEST_STEP][PASSED] - executeJavaScript("arguments[0].click()", Arrays.asList(element)): Execute JavaScript 'arguments[0].click()' successfully

2021-12-17 18:27:40 - [MESSAGE][PASSED] - Execute JavaScript 'arguments[0].click()' successfully

2021-12-17 18:27:40 - [MESSAGE][PASSED] - Call Test Case 'Test Cases/0.1-Login' successfully

2021-12-17 18:27:40 - [TEST_STEP][PASSED] - waitForElementClickable(findTestObject("Modulo Tarea Administracion Compensacion/Reporte Nomina Electronica/Page_SARA/input_Nomina Electronica_form_templatej_idt24_input"), 0): Object 'Object Repository/Modulo Tarea Administracion Compensacion/Reporte Nomina Electronica/Page_SARA/input_Nomina Electronica_form_templatej_idt24_input' is clickable

2021-12-17 18:27:40 - [MESSAGE][WARNING] - Timeout '0' is invalid. Using default page load timeout: '30'

2021-12-17 18:27:48 - [MESSAGE][PASSED] - Object 'Object Repository/Modulo Tarea Administracion Compensacion/Reporte Nomina Electronica/Page_SARA/input_Nomina Electronica_form_templatej_idt24_input' is clickable

2021-12-17 18:27:48 - [TEST_STEP][PASSED] - setText(findTestObject("Modulo Tarea Administracion Compensacion/Reporte Nomina Electronica/Page_SARA/input_Nomina Electronica_form_templatej_idt24_input"), "Nomina Electronica"): Text 'Nomina Electronica' is set on object 'Object Repository/Modulo Tarea Administracion Compensacion/Reporte Nomina Electronica/Page_SARA/input_Nomina Electronica_form_templatej_idt24_input'

2021-12-17 18:27:49 - [MESSAGE][PASSED] - Text 'Nomina Electronica' is set on object 'Object Repository/Modulo Tarea Administracion Compensacion/Reporte Nomina Electronica/Page_SARA/input_Nomina Electronica_form_templatej_idt24_input'

2021-12-17 18:27:49 - [TEST_STEP][PASSED] - waitForElementClickable(findTestObject("Modulo Tarea Administracion Compensacion/Reporte Nomina Electronica/Page_SARA/span_Nomina Electronica"), 0): Object 'Object Repository/Modulo Tarea Administracion Compensacion/Reporte Nomina Electronica/Page_SARA/span_Nomina Electronica' is clickable

2021-12-17 18:27:49 - [MESSAGE][WARNING] - Timeout '0' is invalid. Using default page load timeout: '30'

2021-12-17 18:27:50 - [MESSAGE][PASSED] - Object 'Object Repository/Modulo Tarea Administracion Compensacion/Reporte Nomina Electronica/Page_SARA/span_Nomina Electronica' is clickable

2021-12-17 18:27:50 - [TEST_STEP][PASSED] - sendKeys(findTestObject("Modulo Tarea Administracion Compensacion/Reporte Nomina Electronica/Page_SARA/input_Nomina Electronica_form_templatej_idt24_input"), Keys.chord(ENTER)): Keys 'ENTER + ' sent to object: 'Object Repository/Modulo Tarea Administracion Compensacion/Reporte Nomina Electronica/Page_SARA/input_Nomina Electronica_form_templatej_idt24_input'

2021-12-17 18:27:50 - [MESSAGE][PASSED] - Keys 'ENTER + ' sent to object: 'Object Repository/Modulo Tarea Administracion Compensacion/Reporte Nomina Electronica/Page_SARA/input_Nomina Electronica_form_templatej_idt24_input'

2021-12-17 18:27:50 - [TEST_STEP][PASSED] - if (waitForElementClickable(findTestObject("Modulo Tarea Administracion Compensacion/Reporte Nomina Electronica/Page_SARA/td_2021-07-01"), 1)): null

2021-12-17 18:27:59 - [MESSAGE][PASSED] - Object 'Object Repository/Modulo Tarea Administracion Compensacion/Reporte Nomina Electronica/Page_SARA/td_2021-07-01' is clickable

2021-12-17 18:27:59 - [TEST_STEP][PASSED] - click(findTestObject("Modulo Tarea Administracion Compensacion/Reporte Nomina Electronica/Page_SARA/td_2021-07-01")): Object: 'Object Repository/Modulo Tarea Administracion Compensacion/Reporte Nomina Electronica/Page_SARA/td_2021-07-01' is clicked on

2021-12-17 18:27:59 - [MESSAGE][PASSED] - Object: 'Object Repository/Modulo Tarea Administracion Compensacion/Reporte Nomina Electronica/Page_SARA/td_2021-07-01' is clicked on

2021-12-17 18:27:59 - [TEST_STEP][PASSED] - click(findTestObject("Modulo Tarea Administracion Compensacion/Reporte Nomina Electronica/Page_SARA/a_Reporte")): Object: 'Object Repository/Modulo Tarea Administracion Compensacion/Reporte Nomina Electronica/Page_SARA/a_Reporte' is clicked on

2021-12-17 18:28:01 - [MESSAGE][PASSED] - Object: 'Object Repository/Modulo Tarea Administracion Compensacion/Reporte Nomina Electronica/Page_SARA/a_Reporte' is clicked on

2021-12-17 18:28:01 - [TEST_STEP][PASSED] - click(findTestObject("Modulo Tarea Administracion Compensacion/Reporte Nomina Electronica/Page_SARA/td_Reporte Nomina Electrnica")): Object: 'Object Repository/Modulo Tarea Administracion Compensacion/Reporte Nomina Electronica/Page_SARA/td_Reporte Nomina Electrnica' is clicked on

2021-12-17 18:28:02 - [MESSAGE][PASSED] - Object: 'Object Repository/Modulo Tarea Administracion Compensacion/Reporte Nomina Electronica/Page_SARA/td_Reporte Nomina Electrnica' is clicked on

2021-12-17 18:28:02 - [TEST_STEP][PASSED] - click(findTestObject("Modulo Tarea Administracion Compensacion/Reporte Nomina Electronica/Page_SARA/span_Que desea hacer_ui-radiobutton-icon ui-icon ui-icon-blank ui-c")): Object: 'Object Repository/Modulo Tarea Administracion Compensacion/Reporte Nomina Electronica/Page_SARA/span_Que desea hacer_ui-radiobutton-icon ui-icon ui-icon-blank ui-c' is clicked on

2021-12-17 18:28:03 - [MESSAGE][PASSED] - Object: 'Object Repository/Modulo Tarea Administracion Compensacion/Reporte Nomina Electronica/Page_SARA/span_Que desea hacer_ui-radiobutton-icon ui-icon ui-icon-blank ui-c' is clicked on

2021-12-17 18:28:03 - [TEST_STEP][PASSED] - waitForElementClickable(findTestObject("Modulo Tarea Administracion Compensacion/Reporte Nomina Electronica/Page_SARA/a_Generar"), 0): Object 'Object Repository/Modulo Tarea Administracion Compensacion/Reporte Nomina Electronica/Page_SARA/a_Generar' is clickable

2021-12-17 18:28:03 - [MESSAGE][WARNING] - Timeout '0' is invalid. Using default page load timeout: '30'

2021-12-17 18:28:04 - [MESSAGE][PASSED] - Object 'Object Repository/Modulo Tarea Administracion Compensacion/Reporte Nomina Electronica/Page_SARA/a_Generar' is clickable

2021-12-17 18:28:04 - [TEST_STEP][PASSED] - click(findTestObject("Modulo Tarea Administracion Compensacion/Reporte Nomina Electronica/Page_SARA/a_Generar")): Object: 'Object Repository/Modulo Tarea Administracion Compensacion/Reporte Nomina Electronica/Page_SARA/a_Generar' is clicked on

2021-12-17 18:28:04 - [MESSAGE][PASSED] - Object: 'Object Repository/Modulo Tarea Administracion Compensacion/Reporte Nomina Electronica/Page_SARA/a_Generar' is clicked on

2021-12-17 18:28:04 - [TEST_STEP][PASSED] - waitForElementClickable(findTestObject("Modulo Tarea Administracion Compensacion/Reporte Nomina Electronica/Page_SARA/a_Continuar"), 0): Object 'Object Repository/Modulo Tarea Administracion Compensacion/Reporte Nomina Electronica/Page_SARA/a_Continuar' is clickable

2021-12-17 18:28:04 - [MESSAGE][WARNING] - Timeout '0' is invalid. Using default page load timeout: '30'

2021-12-17 18:28:08 - [MESSAGE][PASSED] - Object 'Object Repository/Modulo Tarea Administracion Compensacion/Reporte Nomina Electronica/Page_SARA/a_Continuar' is clickable

2021-12-17 18:28:08 - [TEST_STEP][PASSED] - click(findTestObject("Modulo Tarea Administracion Compensacion/Reporte Nomina Electronica/Page_SARA/a_Continuar")): Object: 'Object Repository/Modulo Tarea Administracion Compensacion/Reporte Nomina Electronica/Page_SARA/a_Continuar' is clicked on

2021-12-17 18:28:08 - [MESSAGE][PASSED] - Object: 'Object Repository/Modulo Tarea Administracion Compensacion/Reporte Nomina Electronica/Page_SARA/a_Continuar' is clicked on

2021-12-17 18:28:08 - [TEST_STEP][PASSED] - waitForElementClickable(findTestObject("Modulo Tarea Administracion Compensacion/Reporte Nomina Electronica/Page_SARA/a_Descargar"), 0): Web element with id: 'Object Repository/Modulo Tarea Administracion Compensacion/Reporte Nomina Electronica/Page_SARA/a_Descargar' located by '(//a[contains(text(),'Descargar')])[2]' not found

2021-12-17 18:28:09 - [MESSAGE][WARNING] - Timeout '0' is invalid. Using default page load timeout: '30'

2021-12-17 18:28:40 - [MESSAGE][INFO] - Unable to find the element located by 'By.xpath: (//a[contains(text(),'Descargar')])[2]'. Please recheck the objects properties to make sure the desired element is located. 

2021-12-17 18:28:40 - [MESSAGE][WARNING] - Web element with id: 'Object Repository/Modulo Tarea Administracion Compensacion/Reporte Nomina Electronica/Page_SARA/a_Descargar' located by '(//a[contains(text(),'Descargar')])[2]' not found

2021-12-17 18:28:40 - [TEST_STEP][FAILED] - click(findTestObject("Modulo Tarea Administracion Compensacion/Reporte Nomina Electronica/Page_SARA/a_Descargar")): Unable to click on object 'Object Repository/Modulo Tarea Administracion Compensacion/Reporte Nomina Electronica/Page_SARA/a_Descargar' (Root cause: com.kms.katalon.core.exception.StepFailedException: Unable to click on object 'Object Repository/Modulo Tarea Administracion Compensacion/Reporte Nomina Electronica/Page_SARA/a_Descargar'
	at com.kms.katalon.core.webui.keyword.internal.WebUIKeywordMain.stepFailed(WebUIKeywordMain.groovy:64)
	at com.kms.katalon.core.webui.keyword.internal.WebUIKeywordMain.runKeyword(WebUIKeywordMain.groovy:26)
	at com.kms.katalon.core.webui.keyword.builtin.ClickKeyword.click(ClickKeyword.groovy:74)
	at com.kms.katalon.core.webui.keyword.builtin.ClickKeyword.execute(ClickKeyword.groovy:40)
	at com.kms.katalon.core.keyword.internal.KeywordExecutor.executeKeywordForPlatform(KeywordExecutor.groovy:74)
	at com.kms.katalon.core.webui.keyword.WebUiBuiltInKeywords.click(WebUiBuiltInKeywords.groovy:620)
	at com.kms.katalon.core.webui.keyword.WebUiBuiltInKeywords$click$5.call(Unknown Source)
	at 1.5.6 Reporte Nomina Electronica.run(1.5.6 Reporte Nomina Electronica:57)
	at com.kms.katalon.core.main.ScriptEngine.run(ScriptEngine.java:194)
	at com.kms.katalon.core.main.ScriptEngine.runScriptAsRawText(ScriptEngine.java:119)
	at com.kms.katalon.core.main.TestCaseExecutor.runScript(TestCaseExecutor.java:442)
	at com.kms.katalon.core.main.TestCaseExecutor.doExecute(TestCaseExecutor.java:433)
	at com.kms.katalon.core.main.TestCaseExecutor.processExecutionPhase(TestCaseExecutor.java:412)
	at com.kms.katalon.core.main.TestCaseExecutor.accessMainPhase(TestCaseExecutor.java:404)
	at com.kms.katalon.core.main.TestCaseExecutor.execute(TestCaseExecutor.java:281)
	at com.kms.katalon.core.main.TestSuiteExecutor.accessTestCaseMainPhase(TestSuiteExecutor.java:202)
	at com.kms.katalon.core.main.TestSuiteExecutor.accessTestSuiteMainPhase(TestSuiteExecutor.java:164)
	at com.kms.katalon.core.main.TestSuiteExecutor.execute(TestSuiteExecutor.java:105)
	at com.kms.katalon.core.main.TestCaseMain.startTestSuite(TestCaseMain.java:181)
	at com.kms.katalon.core.main.TestCaseMain$startTestSuite$0.call(Unknown Source)
	at TempTestSuite1639780222929.run(TempTestSuite1639780222929.groovy:36)
Caused by: com.kms.katalon.core.webui.exception.WebElementNotFoundException: Web element with id: 'Object Repository/Modulo Tarea Administracion Compensacion/Reporte Nomina Electronica/Page_SARA/a_Descargar' located by '(//a[contains(text(),'Descargar')])[2]' not found
	at com.kms.katalon.core.webui.common.WebUiCommonHelper.findWebElement(WebUiCommonHelper.java:1368)
	at com.kms.katalon.core.webui.keyword.internal.WebUIAbstractKeyword.findWebElement(WebUIAbstractKeyword.groovy:27)
	at com.kms.katalon.core.webui.keyword.builtin.ClickKeyword$_click_closure1.doCall(ClickKeyword.groovy:65)
	at com.kms.katalon.core.webui.keyword.builtin.ClickKeyword$_click_closure1.call(ClickKeyword.groovy)
	at com.kms.katalon.core.webui.keyword.internal.WebUIKeywordMain.runKeyword(WebUIKeywordMain.groovy:20)
	at com.kms.katalon.core.webui.keyword.builtin.ClickKeyword.click(ClickKeyword.groovy:74)
	at com.kms.katalon.core.webui.keyword.builtin.ClickKeyword.execute(ClickKeyword.groovy:40)
	at com.kms.katalon.core.keyword.internal.KeywordExecutor.executeKeywordForPlatform(KeywordExecutor.groovy:74)
	at com.kms.katalon.core.webui.keyword.WebUiBuiltInKeywords.click(WebUiBuiltInKeywords.groovy:620)
	at com.kms.katalon.core.webui.keyword.WebUiBuiltInKeywords$click$5.call(Unknown Source)
	at Script1629473096876.run(Script1629473096876.groovy:57)
	... 13 more
)

2021-12-17 18:29:11 - [MESSAGE][INFO] - Unable to find the element located by 'By.xpath: (//a[contains(text(),'Descargar')])[2]'. Please recheck the objects properties to make sure the desired element is located. 

2021-12-17 18:29:11 - [MESSAGE][FAILED] - Unable to click on object 'Object Repository/Modulo Tarea Administracion Compensacion/Reporte Nomina Electronica/Page_SARA/a_Descargar' (Root cause: com.kms.katalon.core.exception.StepFailedException: Unable to click on object 'Object Repository/Modulo Tarea Administracion Compensacion/Reporte Nomina Electronica/Page_SARA/a_Descargar'
	at com.kms.katalon.core.webui.keyword.internal.WebUIKeywordMain.stepFailed(WebUIKeywordMain.groovy:64)
	at com.kms.katalon.core.webui.keyword.internal.WebUIKeywordMain.runKeyword(WebUIKeywordMain.groovy:26)
	at com.kms.katalon.core.webui.keyword.builtin.ClickKeyword.click(ClickKeyword.groovy:74)
	at com.kms.katalon.core.webui.keyword.builtin.ClickKeyword.execute(ClickKeyword.groovy:40)
	at com.kms.katalon.core.keyword.internal.KeywordExecutor.executeKeywordForPlatform(KeywordExecutor.groovy:74)
	at com.kms.katalon.core.webui.keyword.WebUiBuiltInKeywords.click(WebUiBuiltInKeywords.groovy:620)
	at com.kms.katalon.core.webui.keyword.WebUiBuiltInKeywords$click$5.call(Unknown Source)
	at 1.5.6 Reporte Nomina Electronica.run(1.5.6 Reporte Nomina Electronica:57)
	at com.kms.katalon.core.main.ScriptEngine.run(ScriptEngine.java:194)
	at com.kms.katalon.core.main.ScriptEngine.runScriptAsRawText(ScriptEngine.java:119)
	at com.kms.katalon.core.main.TestCaseExecutor.runScript(TestCaseExecutor.java:442)
	at com.kms.katalon.core.main.TestCaseExecutor.doExecute(TestCaseExecutor.java:433)
	at com.kms.katalon.core.main.TestCaseExecutor.processExecutionPhase(TestCaseExecutor.java:412)
	at com.kms.katalon.core.main.TestCaseExecutor.accessMainPhase(TestCaseExecutor.java:404)
	at com.kms.katalon.core.main.TestCaseExecutor.execute(TestCaseExecutor.java:281)
	at com.kms.katalon.core.main.TestSuiteExecutor.accessTestCaseMainPhase(TestSuiteExecutor.java:202)
	at com.kms.katalon.core.main.TestSuiteExecutor.accessTestSuiteMainPhase(TestSuiteExecutor.java:164)
	at com.kms.katalon.core.main.TestSuiteExecutor.execute(TestSuiteExecutor.java:105)
	at com.kms.katalon.core.main.TestCaseMain.startTestSuite(TestCaseMain.java:181)
	at com.kms.katalon.core.main.TestCaseMain$startTestSuite$0.call(Unknown Source)
	at TempTestSuite1639780222929.run(TempTestSuite1639780222929.groovy:36)
Caused by: com.kms.katalon.core.webui.exception.WebElementNotFoundException: Web element with id: 'Object Repository/Modulo Tarea Administracion Compensacion/Reporte Nomina Electronica/Page_SARA/a_Descargar' located by '(//a[contains(text(),'Descargar')])[2]' not found
	at com.kms.katalon.core.webui.common.WebUiCommonHelper.findWebElement(WebUiCommonHelper.java:1368)
	at com.kms.katalon.core.webui.keyword.internal.WebUIAbstractKeyword.findWebElement(WebUIAbstractKeyword.groovy:27)
	at com.kms.katalon.core.webui.keyword.builtin.ClickKeyword$_click_closure1.doCall(ClickKeyword.groovy:65)
	at com.kms.katalon.core.webui.keyword.builtin.ClickKeyword$_click_closure1.call(ClickKeyword.groovy)
	at com.kms.katalon.core.webui.keyword.internal.WebUIKeywordMain.runKeyword(WebUIKeywordMain.groovy:20)
	at com.kms.katalon.core.webui.keyword.builtin.ClickKeyword.click(ClickKeyword.groovy:74)
	at com.kms.katalon.core.webui.keyword.builtin.ClickKeyword.execute(ClickKeyword.groovy:40)
	at com.kms.katalon.core.keyword.internal.KeywordExecutor.executeKeywordForPlatform(KeywordExecutor.groovy:74)
	at com.kms.katalon.core.webui.keyword.WebUiBuiltInKeywords.click(WebUiBuiltInKeywords.groovy:620)
	at com.kms.katalon.core.webui.keyword.WebUiBuiltInKeywords$click$5.call(Unknown Source)
	at Script1629473096876.run(Script1629473096876.groovy:57)
	... 13 more
)
[[ATTACHMENT|C:\\Users\\diego.rojas\\git\\Pruebas-Minimas\\Reports\\20211217_173017\\1-Tareas Principales\\20211217_173022\\1639783751500.png]]]]></system-out>
         <system-err><![CDATA[2021-12-17 18:27:21 - [TEST_CASE][FAILED] - Test Cases/1.1-Tareas Principales/1.5.6 Reporte Nomina Electronica: Test Cases/1.1-Tareas Principales/1.5.6 Reporte Nomina Electronica FAILED.
Reason:
com.kms.katalon.core.exception.StepFailedException: Unable to click on object 'Object Repository/Modulo Tarea Administracion Compensacion/Reporte Nomina Electronica/Page_SARA/a_Descargar'
	at com.kms.katalon.core.webui.keyword.internal.WebUIKeywordMain.stepFailed(WebUIKeywordMain.groovy:64)
	at com.kms.katalon.core.webui.keyword.internal.WebUIKeywordMain.runKeyword(WebUIKeywordMain.groovy:26)
	at com.kms.katalon.core.webui.keyword.builtin.ClickKeyword.click(ClickKeyword.groovy:74)
	at com.kms.katalon.core.webui.keyword.builtin.ClickKeyword.execute(ClickKeyword.groovy:40)
	at com.kms.katalon.core.keyword.internal.KeywordExecutor.executeKeywordForPlatform(KeywordExecutor.groovy:74)
	at com.kms.katalon.core.webui.keyword.WebUiBuiltInKeywords.click(WebUiBuiltInKeywords.groovy:620)
	at com.kms.katalon.core.webui.keyword.WebUiBuiltInKeywords$click$5.call(Unknown Source)
	at 1.5.6 Reporte Nomina Electronica.run(1.5.6 Reporte Nomina Electronica:57)
	at com.kms.katalon.core.main.ScriptEngine.run(ScriptEngine.java:194)
	at com.kms.katalon.core.main.ScriptEngine.runScriptAsRawText(ScriptEngine.java:119)
	at com.kms.katalon.core.main.TestCaseExecutor.runScript(TestCaseExecutor.java:442)
	at com.kms.katalon.core.main.TestCaseExecutor.doExecute(TestCaseExecutor.java:433)
	at com.kms.katalon.core.main.TestCaseExecutor.processExecutionPhase(TestCaseExecutor.java:412)
	at com.kms.katalon.core.main.TestCaseExecutor.accessMainPhase(TestCaseExecutor.java:404)
	at com.kms.katalon.core.main.TestCaseExecutor.execute(TestCaseExecutor.java:281)
	at com.kms.katalon.core.main.TestSuiteExecutor.accessTestCaseMainPhase(TestSuiteExecutor.java:202)
	at com.kms.katalon.core.main.TestSuiteExecutor.accessTestSuiteMainPhase(TestSuiteExecutor.java:164)
	at com.kms.katalon.core.main.TestSuiteExecutor.execute(TestSuiteExecutor.java:105)
	at com.kms.katalon.core.main.TestCaseMain.startTestSuite(TestCaseMain.java:181)
	at com.kms.katalon.core.main.TestCaseMain$startTestSuite$0.call(Unknown Source)
	at TempTestSuite1639780222929.run(TempTestSuite1639780222929.groovy:36)
Caused by: com.kms.katalon.core.webui.exception.WebElementNotFoundException: Web element with id: 'Object Repository/Modulo Tarea Administracion Compensacion/Reporte Nomina Electronica/Page_SARA/a_Descargar' located by '(//a[contains(text(),'Descargar')])[2]' not found
	at com.kms.katalon.core.webui.common.WebUiCommonHelper.findWebElement(WebUiCommonHelper.java:1368)
	at com.kms.katalon.core.webui.keyword.internal.WebUIAbstractKeyword.findWebElement(WebUIAbstractKeyword.groovy:27)
	at com.kms.katalon.core.webui.keyword.builtin.ClickKeyword$_click_closure1.doCall(ClickKeyword.groovy:65)
	at com.kms.katalon.core.webui.keyword.builtin.ClickKeyword$_click_closure1.call(ClickKeyword.groovy)
	at com.kms.katalon.core.webui.keyword.internal.WebUIKeywordMain.runKeyword(WebUIKeywordMain.groovy:20)
	... 19 more]]></system-err>
      </testcase>
      <testcase name="Test Cases/1.1-Tareas Principales/1.5.7 Descargar Nomina Electronica" time="122.223" classname="Test Cases/1.1-Tareas Principales/1.5.7 Descargar Nomina Electronica" status="FAILED">
         <failure type="FAILED" message="Test Cases/1.1-Tareas Principales/1.5.7 Descargar Nomina Electronica FAILED.
Reason:
com.kms.katalon.core.exception.StepFailedException: Unable to click on object 'Object Repository/Modulo Tarea Administracion Compensacion/Descargar Nomina Electronica/Page_SARA/a_Descargar2'
	at com.kms.katalon.core.webui.keyword.internal.WebUIKeywordMain.stepFailed(WebUIKeywordMain.groovy:64)
	at com.kms.katalon.core.webui.keyword.internal.WebUIKeywordMain.runKeyword(WebUIKeywordMain.groovy:26)
	at com.kms.katalon.core.webui.keyword.builtin.ClickKeyword.click(ClickKeyword.groovy:74)
	at com.kms.katalon.core.webui.keyword.builtin.ClickKeyword.execute(ClickKeyword.groovy:40)
	at com.kms.katalon.core.keyword.internal.KeywordExecutor.executeKeywordForPlatform(KeywordExecutor.groovy:74)
	at com.kms.katalon.core.webui.keyword.WebUiBuiltInKeywords.click(WebUiBuiltInKeywords.groovy:620)
	at com.kms.katalon.core.webui.keyword.WebUiBuiltInKeywords$click$5.call(Unknown Source)
	at 1.5.7 Descargar Nomina Electronica.run(1.5.7 Descargar Nomina Electronica:79)
	at com.kms.katalon.core.main.ScriptEngine.run(ScriptEngine.java:194)
	at com.kms.katalon.core.main.ScriptEngine.runScriptAsRawText(ScriptEngine.java:119)
	at com.kms.katalon.core.main.TestCaseExecutor.runScript(TestCaseExecutor.java:442)
	at com.kms.katalon.core.main.TestCaseExecutor.doExecute(TestCaseExecutor.java:433)
	at com.kms.katalon.core.main.TestCaseExecutor.processExecutionPhase(TestCaseExecutor.java:412)
	at com.kms.katalon.core.main.TestCaseExecutor.accessMainPhase(TestCaseExecutor.java:404)
	at com.kms.katalon.core.main.TestCaseExecutor.execute(TestCaseExecutor.java:281)
	at com.kms.katalon.core.main.TestSuiteExecutor.accessTestCaseMainPhase(TestSuiteExecutor.java:202)
	at com.kms.katalon.core.main.TestSuiteExecutor.accessTestSuiteMainPhase(TestSuiteExecutor.java:164)
	at com.kms.katalon.core.main.TestSuiteExecutor.execute(TestSuiteExecutor.java:105)
	at com.kms.katalon.core.main.TestCaseMain.startTestSuite(TestCaseMain.java:181)
	at com.kms.katalon.core.main.TestCaseMain$startTestSuite$0.call(Unknown Source)
	at TempTestSuite1639780222929.run(TempTestSuite1639780222929.groovy:36)
Caused by: com.kms.katalon.core.webui.exception.WebElementNotFoundException: Web element with id: 'Object Repository/Modulo Tarea Administracion Compensacion/Descargar Nomina Electronica/Page_SARA/a_Descargar2' located by '//div[2]/table/tbody/tr/td/table/tbody/tr/td/a' not found
	at com.kms.katalon.core.webui.common.WebUiCommonHelper.findWebElement(WebUiCommonHelper.java:1368)
	at com.kms.katalon.core.webui.keyword.internal.WebUIAbstractKeyword.findWebElement(WebUIAbstractKeyword.groovy:27)
	at com.kms.katalon.core.webui.keyword.builtin.ClickKeyword$_click_closure1.doCall(ClickKeyword.groovy:65)
	at com.kms.katalon.core.webui.keyword.builtin.ClickKeyword$_click_closure1.call(ClickKeyword.groovy)
	at com.kms.katalon.core.webui.keyword.internal.WebUIKeywordMain.runKeyword(WebUIKeywordMain.groovy:20)
	... 19 more
"/>
         <system-out><![CDATA[2021-12-17 18:29:11 - [TEST_CASE][FAILED] - Test Cases/1.1-Tareas Principales/1.5.7 Descargar Nomina Electronica: Test Cases/1.1-Tareas Principales/1.5.7 Descargar Nomina Electronica FAILED.
Reason:
com.kms.katalon.core.exception.StepFailedException: Unable to click on object 'Object Repository/Modulo Tarea Administracion Compensacion/Descargar Nomina Electronica/Page_SARA/a_Descargar2'
	at com.kms.katalon.core.webui.keyword.internal.WebUIKeywordMain.stepFailed(WebUIKeywordMain.groovy:64)
	at com.kms.katalon.core.webui.keyword.internal.WebUIKeywordMain.runKeyword(WebUIKeywordMain.groovy:26)
	at com.kms.katalon.core.webui.keyword.builtin.ClickKeyword.click(ClickKeyword.groovy:74)
	at com.kms.katalon.core.webui.keyword.builtin.ClickKeyword.execute(ClickKeyword.groovy:40)
	at com.kms.katalon.core.keyword.internal.KeywordExecutor.executeKeywordForPlatform(KeywordExecutor.groovy:74)
	at com.kms.katalon.core.webui.keyword.WebUiBuiltInKeywords.click(WebUiBuiltInKeywords.groovy:620)
	at com.kms.katalon.core.webui.keyword.WebUiBuiltInKeywords$click$5.call(Unknown Source)
	at 1.5.7 Descargar Nomina Electronica.run(1.5.7 Descargar Nomina Electronica:79)
	at com.kms.katalon.core.main.ScriptEngine.run(ScriptEngine.java:194)
	at com.kms.katalon.core.main.ScriptEngine.runScriptAsRawText(ScriptEngine.java:119)
	at com.kms.katalon.core.main.TestCaseExecutor.runScript(TestCaseExecutor.java:442)
	at com.kms.katalon.core.main.TestCaseExecutor.doExecute(TestCaseExecutor.java:433)
	at com.kms.katalon.core.main.TestCaseExecutor.processExecutionPhase(TestCaseExecutor.java:412)
	at com.kms.katalon.core.main.TestCaseExecutor.accessMainPhase(TestCaseExecutor.java:404)
	at com.kms.katalon.core.main.TestCaseExecutor.execute(TestCaseExecutor.java:281)
	at com.kms.katalon.core.main.TestSuiteExecutor.accessTestCaseMainPhase(TestSuiteExecutor.java:202)
	at com.kms.katalon.core.main.TestSuiteExecutor.accessTestSuiteMainPhase(TestSuiteExecutor.java:164)
	at com.kms.katalon.core.main.TestSuiteExecutor.execute(TestSuiteExecutor.java:105)
	at com.kms.katalon.core.main.TestCaseMain.startTestSuite(TestCaseMain.java:181)
	at com.kms.katalon.core.main.TestCaseMain$startTestSuite$0.call(Unknown Source)
	at TempTestSuite1639780222929.run(TempTestSuite1639780222929.groovy:36)
Caused by: com.kms.katalon.core.webui.exception.WebElementNotFoundException: Web element with id: 'Object Repository/Modulo Tarea Administracion Compensacion/Descargar Nomina Electronica/Page_SARA/a_Descargar2' located by '//div[2]/table/tbody/tr/td/table/tbody/tr/td/a' not found
	at com.kms.katalon.core.webui.common.WebUiCommonHelper.findWebElement(WebUiCommonHelper.java:1368)
	at com.kms.katalon.core.webui.keyword.internal.WebUIAbstractKeyword.findWebElement(WebUIAbstractKeyword.groovy:27)
	at com.kms.katalon.core.webui.keyword.builtin.ClickKeyword$_click_closure1.doCall(ClickKeyword.groovy:65)
	at com.kms.katalon.core.webui.keyword.builtin.ClickKeyword$_click_closure1.call(ClickKeyword.groovy)
	at com.kms.katalon.core.webui.keyword.internal.WebUIKeywordMain.runKeyword(WebUIKeywordMain.groovy:20)
	... 19 more


2021-12-17 18:29:11 - [TEST_STEP][PASSED] - callTestCase(findTestCase("0.1-Login"), [:], STOP_ON_FAILURE): Call Test Case 'Test Cases/0.1-Login' successfully

2021-12-17 18:29:12 - [TEST_CASE][PASSED] - Test Cases/0.1-Login: Test Cases/0.1-Login

2021-12-17 18:29:12 - [TEST_STEP][PASSED] - openBrowser(""): Browser is opened with url: ''

2021-12-17 18:29:12 - [MESSAGE][WARNING] - A browser is already opened. Closing browser and opening a new one

2021-12-17 18:29:12 - [MESSAGE][INFO] - Starting 'Chrome' driver

2021-12-17 18:29:12 - [MESSAGE][INFO] - Action delay is set to 0 milliseconds

2021-12-17 18:29:14 - [MESSAGE][PASSED] - Browser is opened with url: ''

2021-12-17 18:29:14 - [TEST_STEP][PASSED] - maximizeWindow(): Current window maximized

2021-12-17 18:29:14 - [MESSAGE][PASSED] - Current window maximized

2021-12-17 18:29:14 - [TEST_STEP][PASSED] - i = G_Login: null

2021-12-17 18:29:14 - [TEST_STEP][PASSED] - url = new java.net.URL(i): null

2021-12-17 18:29:14 - [TEST_STEP][PASSED] - println("URL: " + url.toString()): null

2021-12-17 18:29:14 - [TEST_STEP][PASSED] - connection = url.openConnection(): null

2021-12-17 18:29:14 - [TEST_STEP][PASSED] - connection.setRequestMethod("GET"): null

2021-12-17 18:29:14 - [TEST_STEP][PASSED] - connection.setReadTimeout(2 * 1000): null

2021-12-17 18:29:14 - [TEST_STEP][PASSED] - try: null

2021-12-17 18:29:14 - [TEST_STEP][PASSED] - connection.connect(): null

2021-12-17 18:29:14 - [TEST_STEP][PASSED] - flag = connected: null

2021-12-17 18:29:14 - [TEST_STEP][PASSED] - println("Valor_ori: " + flag): null

2021-12-17 18:29:14 - [TEST_STEP][PASSED] - if (flag): null

2021-12-17 18:29:14 - [TEST_STEP][PASSED] - navigateToUrl(i): Navigate to 'http://192.168.2.29:7001/saraweb' successfully

2021-12-17 18:29:19 - [MESSAGE][PASSED] - Navigate to 'http://192.168.2.29:7001/saraweb' successfully

2021-12-17 18:29:19 - [TEST_STEP][PASSED] - a(): null

2021-12-17 18:29:19 - [TEST_STEP][PASSED] - setText(findTestObject("Login/input_USUARIO_loginusuario"), G_Usuario): Text 'weblogic' is set on object 'Object Repository/Login/input_USUARIO_loginusuario'

2021-12-17 18:29:20 - [MESSAGE][PASSED] - Text 'weblogic' is set on object 'Object Repository/Login/input_USUARIO_loginusuario'

2021-12-17 18:29:20 - [TEST_STEP][PASSED] - setEncryptedText(findTestObject("Login/input_CLAVE_loginpassword"), "MkG4/TYiCFC3cb2driP7+Q=="): Text ****** has been set on object 'Object Repository/Login/input_CLAVE_loginpassword'

2021-12-17 18:29:20 - [MESSAGE][PASSED] - Text ****** has been set on object 'Object Repository/Login/input_CLAVE_loginpassword'

2021-12-17 18:29:20 - [TEST_STEP][PASSED] - waitForElementClickable(findTestObject("Login/a_Ingresar"), G_TimeOut): Object 'Object Repository/Login/a_Ingresar' is clickable

2021-12-17 18:29:21 - [MESSAGE][PASSED] - Object 'Object Repository/Login/a_Ingresar' is clickable

2021-12-17 18:29:21 - [TEST_STEP][PASSED] - click(findTestObject("Login/a_Ingresar")): Object: 'Object Repository/Login/a_Ingresar' is clicked on

2021-12-17 18:29:29 - [MESSAGE][PASSED] - Object: 'Object Repository/Login/a_Ingresar' is clicked on

2021-12-17 18:29:29 - [TEST_STEP][PASSED] - element = findWebElement(findTestObject("Login/a_Ir"), 30): null

2021-12-17 18:29:30 - [TEST_STEP][PASSED] - executeJavaScript("arguments[0].click()", Arrays.asList(element)): Execute JavaScript 'arguments[0].click()' successfully

2021-12-17 18:29:30 - [MESSAGE][PASSED] - Execute JavaScript 'arguments[0].click()' successfully

2021-12-17 18:29:30 - [MESSAGE][PASSED] - Call Test Case 'Test Cases/0.1-Login' successfully

2021-12-17 18:29:30 - [TEST_STEP][PASSED] - waitForElementClickable(findTestObject("Modulo Tarea Administracion Compensacion/Descargar Nomina Electronica/Page_SARA/input_Nomina Electronica_form_templatej_idt24_input"), 0): Object 'Object Repository/Modulo Tarea Administracion Compensacion/Descargar Nomina Electronica/Page_SARA/input_Nomina Electronica_form_templatej_idt24_input' is clickable

2021-12-17 18:29:30 - [MESSAGE][WARNING] - Timeout '0' is invalid. Using default page load timeout: '30'

2021-12-17 18:29:38 - [MESSAGE][PASSED] - Object 'Object Repository/Modulo Tarea Administracion Compensacion/Descargar Nomina Electronica/Page_SARA/input_Nomina Electronica_form_templatej_idt24_input' is clickable

2021-12-17 18:29:38 - [TEST_STEP][PASSED] - setText(findTestObject("Modulo Tarea Administracion Compensacion/Descargar Nomina Electronica/Page_SARA/input_Nomina Electronica_form_templatej_idt24_input"), "Nomina Electronica"): Text 'Nomina Electronica' is set on object 'Object Repository/Modulo Tarea Administracion Compensacion/Descargar Nomina Electronica/Page_SARA/input_Nomina Electronica_form_templatej_idt24_input'

2021-12-17 18:29:38 - [MESSAGE][PASSED] - Text 'Nomina Electronica' is set on object 'Object Repository/Modulo Tarea Administracion Compensacion/Descargar Nomina Electronica/Page_SARA/input_Nomina Electronica_form_templatej_idt24_input'

2021-12-17 18:29:38 - [TEST_STEP][PASSED] - waitForElementClickable(findTestObject("Modulo Tarea Administracion Compensacion/Descargar Nomina Electronica/Page_SARA/span_Nomina Electronica"), 0): Object 'Object Repository/Modulo Tarea Administracion Compensacion/Descargar Nomina Electronica/Page_SARA/span_Nomina Electronica' is clickable

2021-12-17 18:29:39 - [MESSAGE][WARNING] - Timeout '0' is invalid. Using default page load timeout: '30'

2021-12-17 18:29:40 - [MESSAGE][PASSED] - Object 'Object Repository/Modulo Tarea Administracion Compensacion/Descargar Nomina Electronica/Page_SARA/span_Nomina Electronica' is clickable

2021-12-17 18:29:40 - [TEST_STEP][PASSED] - sendKeys(findTestObject("Modulo Tarea Administracion Compensacion/Descargar Nomina Electronica/Page_SARA/input_Nomina Electronica_form_templatej_idt24_input"), Keys.chord(ENTER)): Keys 'ENTER + ' sent to object: 'Object Repository/Modulo Tarea Administracion Compensacion/Descargar Nomina Electronica/Page_SARA/input_Nomina Electronica_form_templatej_idt24_input'

2021-12-17 18:29:40 - [MESSAGE][PASSED] - Keys 'ENTER + ' sent to object: 'Object Repository/Modulo Tarea Administracion Compensacion/Descargar Nomina Electronica/Page_SARA/input_Nomina Electronica_form_templatej_idt24_input'

2021-12-17 18:29:40 - [TEST_STEP][PASSED] - click(findTestObject("Modulo Tarea Administracion Compensacion/Descargar Nomina Electronica/td_Con inconsistencia")): Object: 'Object Repository/Modulo Tarea Administracion Compensacion/Descargar Nomina Electronica/td_Con inconsistencia' is clicked on

2021-12-17 18:29:49 - [MESSAGE][PASSED] - Object: 'Object Repository/Modulo Tarea Administracion Compensacion/Descargar Nomina Electronica/td_Con inconsistencia' is clicked on

2021-12-17 18:29:49 - [TEST_STEP][PASSED] - if (waitForElementClickable(findTestObject("Modulo Tarea Administracion Compensacion/Descargar Nomina Electronica/Page_SARA/span_Mendoza 2727 Empleado"), 1)): Web element with id: 'Object Repository/Modulo Tarea Administracion Compensacion/Descargar Nomina Electronica/Page_SARA/span_Mendoza 2727 Empleado' located by '//*/text()[normalize-space(.)='Mendoza 2727 Empleado']/parent::*' not found

2021-12-17 18:29:51 - [MESSAGE][INFO] - Unable to find the element located by 'By.xpath: //*/text()[normalize-space(.)='Mendoza 2727 Empleado']/parent::*'. Please recheck the objects properties to make sure the desired element is located. 

2021-12-17 18:29:51 - [MESSAGE][WARNING] - Web element with id: 'Object Repository/Modulo Tarea Administracion Compensacion/Descargar Nomina Electronica/Page_SARA/span_Mendoza 2727 Empleado' located by '//*/text()[normalize-space(.)='Mendoza 2727 Empleado']/parent::*' not found

2021-12-17 18:29:51 - [TEST_STEP][FAILED] - else: Unable to click on object 'Object Repository/Modulo Tarea Administracion Compensacion/Descargar Nomina Electronica/Page_SARA/a_Descargar2' (Root cause: com.kms.katalon.core.exception.StepFailedException: Unable to click on object 'Object Repository/Modulo Tarea Administracion Compensacion/Descargar Nomina Electronica/Page_SARA/a_Descargar2'
	at com.kms.katalon.core.webui.keyword.internal.WebUIKeywordMain.stepFailed(WebUIKeywordMain.groovy:64)
	at com.kms.katalon.core.webui.keyword.internal.WebUIKeywordMain.runKeyword(WebUIKeywordMain.groovy:26)
	at com.kms.katalon.core.webui.keyword.builtin.ClickKeyword.click(ClickKeyword.groovy:74)
	at com.kms.katalon.core.webui.keyword.builtin.ClickKeyword.execute(ClickKeyword.groovy:40)
	at com.kms.katalon.core.keyword.internal.KeywordExecutor.executeKeywordForPlatform(KeywordExecutor.groovy:74)
	at com.kms.katalon.core.webui.keyword.WebUiBuiltInKeywords.click(WebUiBuiltInKeywords.groovy:620)
	at com.kms.katalon.core.webui.keyword.WebUiBuiltInKeywords$click$5.call(Unknown Source)
	at 1.5.7 Descargar Nomina Electronica.run(1.5.7 Descargar Nomina Electronica:79)
	at com.kms.katalon.core.main.ScriptEngine.run(ScriptEngine.java:194)
	at com.kms.katalon.core.main.ScriptEngine.runScriptAsRawText(ScriptEngine.java:119)
	at com.kms.katalon.core.main.TestCaseExecutor.runScript(TestCaseExecutor.java:442)
	at com.kms.katalon.core.main.TestCaseExecutor.doExecute(TestCaseExecutor.java:433)
	at com.kms.katalon.core.main.TestCaseExecutor.processExecutionPhase(TestCaseExecutor.java:412)
	at com.kms.katalon.core.main.TestCaseExecutor.accessMainPhase(TestCaseExecutor.java:404)
	at com.kms.katalon.core.main.TestCaseExecutor.execute(TestCaseExecutor.java:281)
	at com.kms.katalon.core.main.TestSuiteExecutor.accessTestCaseMainPhase(TestSuiteExecutor.java:202)
	at com.kms.katalon.core.main.TestSuiteExecutor.accessTestSuiteMainPhase(TestSuiteExecutor.java:164)
	at com.kms.katalon.core.main.TestSuiteExecutor.execute(TestSuiteExecutor.java:105)
	at com.kms.katalon.core.main.TestCaseMain.startTestSuite(TestCaseMain.java:181)
	at com.kms.katalon.core.main.TestCaseMain$startTestSuite$0.call(Unknown Source)
	at TempTestSuite1639780222929.run(TempTestSuite1639780222929.groovy:36)
Caused by: com.kms.katalon.core.webui.exception.WebElementNotFoundException: Web element with id: 'Object Repository/Modulo Tarea Administracion Compensacion/Descargar Nomina Electronica/Page_SARA/a_Descargar2' located by '//div[2]/table/tbody/tr/td/table/tbody/tr/td/a' not found
	at com.kms.katalon.core.webui.common.WebUiCommonHelper.findWebElement(WebUiCommonHelper.java:1368)
	at com.kms.katalon.core.webui.keyword.internal.WebUIAbstractKeyword.findWebElement(WebUIAbstractKeyword.groovy:27)
	at com.kms.katalon.core.webui.keyword.builtin.ClickKeyword$_click_closure1.doCall(ClickKeyword.groovy:65)
	at com.kms.katalon.core.webui.keyword.builtin.ClickKeyword$_click_closure1.call(ClickKeyword.groovy)
	at com.kms.katalon.core.webui.keyword.internal.WebUIKeywordMain.runKeyword(WebUIKeywordMain.groovy:20)
	at com.kms.katalon.core.webui.keyword.builtin.ClickKeyword.click(ClickKeyword.groovy:74)
	at com.kms.katalon.core.webui.keyword.builtin.ClickKeyword.execute(ClickKeyword.groovy:40)
	at com.kms.katalon.core.keyword.internal.KeywordExecutor.executeKeywordForPlatform(KeywordExecutor.groovy:74)
	at com.kms.katalon.core.webui.keyword.WebUiBuiltInKeywords.click(WebUiBuiltInKeywords.groovy:620)
	at com.kms.katalon.core.webui.keyword.WebUiBuiltInKeywords$click$5.call(Unknown Source)
	at Script1629476479859.run(Script1629476479859.groovy:79)
	... 13 more
)

2021-12-17 18:29:51 - [TEST_STEP][PASSED] - click(findTestObject("Modulo Tarea Administracion Compensacion/Descargar Nomina Electronica/a_Generar_principal")): Object: 'Object Repository/Modulo Tarea Administracion Compensacion/Descargar Nomina Electronica/a_Generar_principal' is clicked on

2021-12-17 18:29:51 - [MESSAGE][PASSED] - Object: 'Object Repository/Modulo Tarea Administracion Compensacion/Descargar Nomina Electronica/a_Generar_principal' is clicked on

2021-12-17 18:29:51 - [TEST_STEP][PASSED] - click(findTestObject("Modulo Tarea Administracion Compensacion/Descargar Nomina Electronica/a_Generar_secundario")): Object: 'Object Repository/Modulo Tarea Administracion Compensacion/Descargar Nomina Electronica/a_Generar_secundario' is clicked on

2021-12-17 18:29:52 - [MESSAGE][PASSED] - Object: 'Object Repository/Modulo Tarea Administracion Compensacion/Descargar Nomina Electronica/a_Generar_secundario' is clicked on

2021-12-17 18:29:52 - [TEST_STEP][PASSED] - setText(findTestObject("Modulo Tarea Administracion Compensacion/Descargar Nomina Electronica/input_Estado_j_idt90j_idt119"), "Mendoza 2727 Empleado"): Text 'Mendoza 2727 Empleado' is set on object 'Object Repository/Modulo Tarea Administracion Compensacion/Descargar Nomina Electronica/input_Estado_j_idt90j_idt119'

2021-12-17 18:30:07 - [MESSAGE][PASSED] - Text 'Mendoza 2727 Empleado' is set on object 'Object Repository/Modulo Tarea Administracion Compensacion/Descargar Nomina Electronica/input_Estado_j_idt90j_idt119'

2021-12-17 18:30:07 - [TEST_STEP][PASSED] - sendKeys(findTestObject("Modulo Tarea Administracion Compensacion/Descargar Nomina Electronica/input_Estado_j_idt90j_idt119"), Keys.chord(ENTER)): Keys 'ENTER + ' sent to object: 'Object Repository/Modulo Tarea Administracion Compensacion/Descargar Nomina Electronica/input_Estado_j_idt90j_idt119'

2021-12-17 18:30:07 - [MESSAGE][PASSED] - Keys 'ENTER + ' sent to object: 'Object Repository/Modulo Tarea Administracion Compensacion/Descargar Nomina Electronica/input_Estado_j_idt90j_idt119'

2021-12-17 18:30:07 - [TEST_STEP][PASSED] - waitForElementClickable(findTestObject("Modulo Tarea Administracion Compensacion/Descargar Nomina Electronica/Page_SARA/span_Mendoza 2727 Empleado"), 0): Object 'Object Repository/Modulo Tarea Administracion Compensacion/Descargar Nomina Electronica/Page_SARA/span_Mendoza 2727 Empleado' is clickable

2021-12-17 18:30:07 - [MESSAGE][WARNING] - Timeout '0' is invalid. Using default page load timeout: '30'

2021-12-17 18:30:08 - [MESSAGE][PASSED] - Object 'Object Repository/Modulo Tarea Administracion Compensacion/Descargar Nomina Electronica/Page_SARA/span_Mendoza 2727 Empleado' is clickable

2021-12-17 18:30:08 - [TEST_STEP][PASSED] - click(findTestObject("Modulo Tarea Administracion Compensacion/Descargar Nomina Electronica/Page_SARA/span_Mendoza 2727 Empleado")): Object: 'Object Repository/Modulo Tarea Administracion Compensacion/Descargar Nomina Electronica/Page_SARA/span_Mendoza 2727 Empleado' is clicked on

2021-12-17 18:30:09 - [MESSAGE][PASSED] - Object: 'Object Repository/Modulo Tarea Administracion Compensacion/Descargar Nomina Electronica/Page_SARA/span_Mendoza 2727 Empleado' is clicked on

2021-12-17 18:30:09 - [TEST_STEP][PASSED] - click(findTestObject("Modulo Tarea Administracion Compensacion/Descargar Nomina Electronica/Page_SARA/a_Descargar1")): Object: 'Object Repository/Modulo Tarea Administracion Compensacion/Descargar Nomina Electronica/Page_SARA/a_Descargar1' is clicked on

2021-12-17 18:30:10 - [MESSAGE][PASSED] - Object: 'Object Repository/Modulo Tarea Administracion Compensacion/Descargar Nomina Electronica/Page_SARA/a_Descargar1' is clicked on

2021-12-17 18:30:10 - [TEST_STEP][PASSED] - waitForElementClickable(findTestObject("Modulo Tarea Administracion Compensacion/Descargar Nomina Electronica/Page_SARA/span_Si"), 0): Object 'Object Repository/Modulo Tarea Administracion Compensacion/Descargar Nomina Electronica/Page_SARA/span_Si' is clickable

2021-12-17 18:30:10 - [MESSAGE][WARNING] - Timeout '0' is invalid. Using default page load timeout: '30'

2021-12-17 18:30:10 - [MESSAGE][PASSED] - Object 'Object Repository/Modulo Tarea Administracion Compensacion/Descargar Nomina Electronica/Page_SARA/span_Si' is clickable

2021-12-17 18:30:10 - [TEST_STEP][PASSED] - click(findTestObject("Modulo Tarea Administracion Compensacion/Descargar Nomina Electronica/Page_SARA/span_Si")): Object: 'Object Repository/Modulo Tarea Administracion Compensacion/Descargar Nomina Electronica/Page_SARA/span_Si' is clicked on

2021-12-17 18:30:11 - [MESSAGE][PASSED] - Object: 'Object Repository/Modulo Tarea Administracion Compensacion/Descargar Nomina Electronica/Page_SARA/span_Si' is clicked on

2021-12-17 18:30:11 - [TEST_STEP][PASSED] - waitForElementClickable(findTestObject("Modulo Tarea Administracion Compensacion/Descargar Nomina Electronica/Page_SARA/a_Descargar2"), 0): Web element with id: 'Object Repository/Modulo Tarea Administracion Compensacion/Descargar Nomina Electronica/Page_SARA/a_Descargar2' located by '//div[2]/table/tbody/tr/td/table/tbody/tr/td/a' not found

2021-12-17 18:30:11 - [MESSAGE][WARNING] - Timeout '0' is invalid. Using default page load timeout: '30'

2021-12-17 18:30:42 - [MESSAGE][INFO] - Unable to find the element located by 'By.xpath: //div[2]/table/tbody/tr/td/table/tbody/tr/td/a'. Please recheck the objects properties to make sure the desired element is located. 

2021-12-17 18:30:42 - [MESSAGE][WARNING] - Web element with id: 'Object Repository/Modulo Tarea Administracion Compensacion/Descargar Nomina Electronica/Page_SARA/a_Descargar2' located by '//div[2]/table/tbody/tr/td/table/tbody/tr/td/a' not found

2021-12-17 18:30:42 - [TEST_STEP][FAILED] - click(findTestObject("Modulo Tarea Administracion Compensacion/Descargar Nomina Electronica/Page_SARA/a_Descargar2")): Unable to click on object 'Object Repository/Modulo Tarea Administracion Compensacion/Descargar Nomina Electronica/Page_SARA/a_Descargar2' (Root cause: com.kms.katalon.core.exception.StepFailedException: Unable to click on object 'Object Repository/Modulo Tarea Administracion Compensacion/Descargar Nomina Electronica/Page_SARA/a_Descargar2'
	at com.kms.katalon.core.webui.keyword.internal.WebUIKeywordMain.stepFailed(WebUIKeywordMain.groovy:64)
	at com.kms.katalon.core.webui.keyword.internal.WebUIKeywordMain.runKeyword(WebUIKeywordMain.groovy:26)
	at com.kms.katalon.core.webui.keyword.builtin.ClickKeyword.click(ClickKeyword.groovy:74)
	at com.kms.katalon.core.webui.keyword.builtin.ClickKeyword.execute(ClickKeyword.groovy:40)
	at com.kms.katalon.core.keyword.internal.KeywordExecutor.executeKeywordForPlatform(KeywordExecutor.groovy:74)
	at com.kms.katalon.core.webui.keyword.WebUiBuiltInKeywords.click(WebUiBuiltInKeywords.groovy:620)
	at com.kms.katalon.core.webui.keyword.WebUiBuiltInKeywords$click$5.call(Unknown Source)
	at 1.5.7 Descargar Nomina Electronica.run(1.5.7 Descargar Nomina Electronica:79)
	at com.kms.katalon.core.main.ScriptEngine.run(ScriptEngine.java:194)
	at com.kms.katalon.core.main.ScriptEngine.runScriptAsRawText(ScriptEngine.java:119)
	at com.kms.katalon.core.main.TestCaseExecutor.runScript(TestCaseExecutor.java:442)
	at com.kms.katalon.core.main.TestCaseExecutor.doExecute(TestCaseExecutor.java:433)
	at com.kms.katalon.core.main.TestCaseExecutor.processExecutionPhase(TestCaseExecutor.java:412)
	at com.kms.katalon.core.main.TestCaseExecutor.accessMainPhase(TestCaseExecutor.java:404)
	at com.kms.katalon.core.main.TestCaseExecutor.execute(TestCaseExecutor.java:281)
	at com.kms.katalon.core.main.TestSuiteExecutor.accessTestCaseMainPhase(TestSuiteExecutor.java:202)
	at com.kms.katalon.core.main.TestSuiteExecutor.accessTestSuiteMainPhase(TestSuiteExecutor.java:164)
	at com.kms.katalon.core.main.TestSuiteExecutor.execute(TestSuiteExecutor.java:105)
	at com.kms.katalon.core.main.TestCaseMain.startTestSuite(TestCaseMain.java:181)
	at com.kms.katalon.core.main.TestCaseMain$startTestSuite$0.call(Unknown Source)
	at TempTestSuite1639780222929.run(TempTestSuite1639780222929.groovy:36)
Caused by: com.kms.katalon.core.webui.exception.WebElementNotFoundException: Web element with id: 'Object Repository/Modulo Tarea Administracion Compensacion/Descargar Nomina Electronica/Page_SARA/a_Descargar2' located by '//div[2]/table/tbody/tr/td/table/tbody/tr/td/a' not found
	at com.kms.katalon.core.webui.common.WebUiCommonHelper.findWebElement(WebUiCommonHelper.java:1368)
	at com.kms.katalon.core.webui.keyword.internal.WebUIAbstractKeyword.findWebElement(WebUIAbstractKeyword.groovy:27)
	at com.kms.katalon.core.webui.keyword.builtin.ClickKeyword$_click_closure1.doCall(ClickKeyword.groovy:65)
	at com.kms.katalon.core.webui.keyword.builtin.ClickKeyword$_click_closure1.call(ClickKeyword.groovy)
	at com.kms.katalon.core.webui.keyword.internal.WebUIKeywordMain.runKeyword(WebUIKeywordMain.groovy:20)
	at com.kms.katalon.core.webui.keyword.builtin.ClickKeyword.click(ClickKeyword.groovy:74)
	at com.kms.katalon.core.webui.keyword.builtin.ClickKeyword.execute(ClickKeyword.groovy:40)
	at com.kms.katalon.core.keyword.internal.KeywordExecutor.executeKeywordForPlatform(KeywordExecutor.groovy:74)
	at com.kms.katalon.core.webui.keyword.WebUiBuiltInKeywords.click(WebUiBuiltInKeywords.groovy:620)
	at com.kms.katalon.core.webui.keyword.WebUiBuiltInKeywords$click$5.call(Unknown Source)
	at Script1629476479859.run(Script1629476479859.groovy:79)
	... 13 more
)

2021-12-17 18:31:13 - [MESSAGE][INFO] - Unable to find the element located by 'By.xpath: //div[2]/table/tbody/tr/td/table/tbody/tr/td/a'. Please recheck the objects properties to make sure the desired element is located. 

2021-12-17 18:31:13 - [MESSAGE][FAILED] - Unable to click on object 'Object Repository/Modulo Tarea Administracion Compensacion/Descargar Nomina Electronica/Page_SARA/a_Descargar2' (Root cause: com.kms.katalon.core.exception.StepFailedException: Unable to click on object 'Object Repository/Modulo Tarea Administracion Compensacion/Descargar Nomina Electronica/Page_SARA/a_Descargar2'
	at com.kms.katalon.core.webui.keyword.internal.WebUIKeywordMain.stepFailed(WebUIKeywordMain.groovy:64)
	at com.kms.katalon.core.webui.keyword.internal.WebUIKeywordMain.runKeyword(WebUIKeywordMain.groovy:26)
	at com.kms.katalon.core.webui.keyword.builtin.ClickKeyword.click(ClickKeyword.groovy:74)
	at com.kms.katalon.core.webui.keyword.builtin.ClickKeyword.execute(ClickKeyword.groovy:40)
	at com.kms.katalon.core.keyword.internal.KeywordExecutor.executeKeywordForPlatform(KeywordExecutor.groovy:74)
	at com.kms.katalon.core.webui.keyword.WebUiBuiltInKeywords.click(WebUiBuiltInKeywords.groovy:620)
	at com.kms.katalon.core.webui.keyword.WebUiBuiltInKeywords$click$5.call(Unknown Source)
	at 1.5.7 Descargar Nomina Electronica.run(1.5.7 Descargar Nomina Electronica:79)
	at com.kms.katalon.core.main.ScriptEngine.run(ScriptEngine.java:194)
	at com.kms.katalon.core.main.ScriptEngine.runScriptAsRawText(ScriptEngine.java:119)
	at com.kms.katalon.core.main.TestCaseExecutor.runScript(TestCaseExecutor.java:442)
	at com.kms.katalon.core.main.TestCaseExecutor.doExecute(TestCaseExecutor.java:433)
	at com.kms.katalon.core.main.TestCaseExecutor.processExecutionPhase(TestCaseExecutor.java:412)
	at com.kms.katalon.core.main.TestCaseExecutor.accessMainPhase(TestCaseExecutor.java:404)
	at com.kms.katalon.core.main.TestCaseExecutor.execute(TestCaseExecutor.java:281)
	at com.kms.katalon.core.main.TestSuiteExecutor.accessTestCaseMainPhase(TestSuiteExecutor.java:202)
	at com.kms.katalon.core.main.TestSuiteExecutor.accessTestSuiteMainPhase(TestSuiteExecutor.java:164)
	at com.kms.katalon.core.main.TestSuiteExecutor.execute(TestSuiteExecutor.java:105)
	at com.kms.katalon.core.main.TestCaseMain.startTestSuite(TestCaseMain.java:181)
	at com.kms.katalon.core.main.TestCaseMain$startTestSuite$0.call(Unknown Source)
	at TempTestSuite1639780222929.run(TempTestSuite1639780222929.groovy:36)
Caused by: com.kms.katalon.core.webui.exception.WebElementNotFoundException: Web element with id: 'Object Repository/Modulo Tarea Administracion Compensacion/Descargar Nomina Electronica/Page_SARA/a_Descargar2' located by '//div[2]/table/tbody/tr/td/table/tbody/tr/td/a' not found
	at com.kms.katalon.core.webui.common.WebUiCommonHelper.findWebElement(WebUiCommonHelper.java:1368)
	at com.kms.katalon.core.webui.keyword.internal.WebUIAbstractKeyword.findWebElement(WebUIAbstractKeyword.groovy:27)
	at com.kms.katalon.core.webui.keyword.builtin.ClickKeyword$_click_closure1.doCall(ClickKeyword.groovy:65)
	at com.kms.katalon.core.webui.keyword.builtin.ClickKeyword$_click_closure1.call(ClickKeyword.groovy)
	at com.kms.katalon.core.webui.keyword.internal.WebUIKeywordMain.runKeyword(WebUIKeywordMain.groovy:20)
	at com.kms.katalon.core.webui.keyword.builtin.ClickKeyword.click(ClickKeyword.groovy:74)
	at com.kms.katalon.core.webui.keyword.builtin.ClickKeyword.execute(ClickKeyword.groovy:40)
	at com.kms.katalon.core.keyword.internal.KeywordExecutor.executeKeywordForPlatform(KeywordExecutor.groovy:74)
	at com.kms.katalon.core.webui.keyword.WebUiBuiltInKeywords.click(WebUiBuiltInKeywords.groovy:620)
	at com.kms.katalon.core.webui.keyword.WebUiBuiltInKeywords$click$5.call(Unknown Source)
	at Script1629476479859.run(Script1629476479859.groovy:79)
	... 13 more
)
[[ATTACHMENT|C:\\Users\\diego.rojas\\git\\Pruebas-Minimas\\Reports\\20211217_173017\\1-Tareas Principales\\20211217_173022\\1639783873750.png]]]]></system-out>
         <system-err><![CDATA[2021-12-17 18:29:11 - [TEST_CASE][FAILED] - Test Cases/1.1-Tareas Principales/1.5.7 Descargar Nomina Electronica: Test Cases/1.1-Tareas Principales/1.5.7 Descargar Nomina Electronica FAILED.
Reason:
com.kms.katalon.core.exception.StepFailedException: Unable to click on object 'Object Repository/Modulo Tarea Administracion Compensacion/Descargar Nomina Electronica/Page_SARA/a_Descargar2'
	at com.kms.katalon.core.webui.keyword.internal.WebUIKeywordMain.stepFailed(WebUIKeywordMain.groovy:64)
	at com.kms.katalon.core.webui.keyword.internal.WebUIKeywordMain.runKeyword(WebUIKeywordMain.groovy:26)
	at com.kms.katalon.core.webui.keyword.builtin.ClickKeyword.click(ClickKeyword.groovy:74)
	at com.kms.katalon.core.webui.keyword.builtin.ClickKeyword.execute(ClickKeyword.groovy:40)
	at com.kms.katalon.core.keyword.internal.KeywordExecutor.executeKeywordForPlatform(KeywordExecutor.groovy:74)
	at com.kms.katalon.core.webui.keyword.WebUiBuiltInKeywords.click(WebUiBuiltInKeywords.groovy:620)
	at com.kms.katalon.core.webui.keyword.WebUiBuiltInKeywords$click$5.call(Unknown Source)
	at 1.5.7 Descargar Nomina Electronica.run(1.5.7 Descargar Nomina Electronica:79)
	at com.kms.katalon.core.main.ScriptEngine.run(ScriptEngine.java:194)
	at com.kms.katalon.core.main.ScriptEngine.runScriptAsRawText(ScriptEngine.java:119)
	at com.kms.katalon.core.main.TestCaseExecutor.runScript(TestCaseExecutor.java:442)
	at com.kms.katalon.core.main.TestCaseExecutor.doExecute(TestCaseExecutor.java:433)
	at com.kms.katalon.core.main.TestCaseExecutor.processExecutionPhase(TestCaseExecutor.java:412)
	at com.kms.katalon.core.main.TestCaseExecutor.accessMainPhase(TestCaseExecutor.java:404)
	at com.kms.katalon.core.main.TestCaseExecutor.execute(TestCaseExecutor.java:281)
	at com.kms.katalon.core.main.TestSuiteExecutor.accessTestCaseMainPhase(TestSuiteExecutor.java:202)
	at com.kms.katalon.core.main.TestSuiteExecutor.accessTestSuiteMainPhase(TestSuiteExecutor.java:164)
	at com.kms.katalon.core.main.TestSuiteExecutor.execute(TestSuiteExecutor.java:105)
	at com.kms.katalon.core.main.TestCaseMain.startTestSuite(TestCaseMain.java:181)
	at com.kms.katalon.core.main.TestCaseMain$startTestSuite$0.call(Unknown Source)
	at TempTestSuite1639780222929.run(TempTestSuite1639780222929.groovy:36)
Caused by: com.kms.katalon.core.webui.exception.WebElementNotFoundException: Web element with id: 'Object Repository/Modulo Tarea Administracion Compensacion/Descargar Nomina Electronica/Page_SARA/a_Descargar2' located by '//div[2]/table/tbody/tr/td/table/tbody/tr/td/a' not found
	at com.kms.katalon.core.webui.common.WebUiCommonHelper.findWebElement(WebUiCommonHelper.java:1368)
	at com.kms.katalon.core.webui.keyword.internal.WebUIAbstractKeyword.findWebElement(WebUIAbstractKeyword.groovy:27)
	at com.kms.katalon.core.webui.keyword.builtin.ClickKeyword$_click_closure1.doCall(ClickKeyword.groovy:65)
	at com.kms.katalon.core.webui.keyword.builtin.ClickKeyword$_click_closure1.call(ClickKeyword.groovy)
	at com.kms.katalon.core.webui.keyword.internal.WebUIKeywordMain.runKeyword(WebUIKeywordMain.groovy:20)
	... 19 more]]></system-err>
      </testcase>
      <testcase name="Test Cases/1.1-Tareas Principales/1.5.8 Reversar Nomina Electronica" time="91.86" classname="Test Cases/1.1-Tareas Principales/1.5.8 Reversar Nomina Electronica" status="FAILED">
         <failure type="FAILED" message="Test Cases/1.1-Tareas Principales/1.5.8 Reversar Nomina Electronica FAILED.
Reason:
com.kms.katalon.core.exception.StepFailedException: Unable to click on object 'Object Repository/Modulo Tarea Administracion Compensacion/Reversar Nomina Electronica/Page_SARA/td_2021-07-01'
	at com.kms.katalon.core.webui.keyword.internal.WebUIKeywordMain.stepFailed(WebUIKeywordMain.groovy:64)
	at com.kms.katalon.core.webui.keyword.internal.WebUIKeywordMain.runKeyword(WebUIKeywordMain.groovy:26)
	at com.kms.katalon.core.webui.keyword.builtin.ClickKeyword.click(ClickKeyword.groovy:74)
	at com.kms.katalon.core.webui.keyword.builtin.ClickKeyword.execute(ClickKeyword.groovy:40)
	at com.kms.katalon.core.keyword.internal.KeywordExecutor.executeKeywordForPlatform(KeywordExecutor.groovy:74)
	at com.kms.katalon.core.webui.keyword.WebUiBuiltInKeywords.click(WebUiBuiltInKeywords.groovy:620)
	at com.kms.katalon.core.webui.keyword.WebUiBuiltInKeywords$click$5.call(Unknown Source)
	at 1.5.8 Reversar Nomina Electronica.run(1.5.8 Reversar Nomina Electronica:37)
	at com.kms.katalon.core.main.ScriptEngine.run(ScriptEngine.java:194)
	at com.kms.katalon.core.main.ScriptEngine.runScriptAsRawText(ScriptEngine.java:119)
	at com.kms.katalon.core.main.TestCaseExecutor.runScript(TestCaseExecutor.java:442)
	at com.kms.katalon.core.main.TestCaseExecutor.doExecute(TestCaseExecutor.java:433)
	at com.kms.katalon.core.main.TestCaseExecutor.processExecutionPhase(TestCaseExecutor.java:412)
	at com.kms.katalon.core.main.TestCaseExecutor.accessMainPhase(TestCaseExecutor.java:404)
	at com.kms.katalon.core.main.TestCaseExecutor.execute(TestCaseExecutor.java:281)
	at com.kms.katalon.core.main.TestSuiteExecutor.accessTestCaseMainPhase(TestSuiteExecutor.java:202)
	at com.kms.katalon.core.main.TestSuiteExecutor.accessTestSuiteMainPhase(TestSuiteExecutor.java:164)
	at com.kms.katalon.core.main.TestSuiteExecutor.execute(TestSuiteExecutor.java:105)
	at com.kms.katalon.core.main.TestCaseMain.startTestSuite(TestCaseMain.java:181)
	at com.kms.katalon.core.main.TestCaseMain$startTestSuite$0.call(Unknown Source)
	at TempTestSuite1639780222929.run(TempTestSuite1639780222929.groovy:36)
Caused by: com.kms.katalon.core.webui.exception.WebElementNotFoundException: Web element with id: 'Object Repository/Modulo Tarea Administracion Compensacion/Reversar Nomina Electronica/Page_SARA/td_2021-07-01' located by '//*/text()[normalize-space(.)='2021-07-01']/parent::*' not found
	at com.kms.katalon.core.webui.common.WebUiCommonHelper.findWebElement(WebUiCommonHelper.java:1368)
	at com.kms.katalon.core.webui.keyword.internal.WebUIAbstractKeyword.findWebElement(WebUIAbstractKeyword.groovy:27)
	at com.kms.katalon.core.webui.keyword.builtin.ClickKeyword$_click_closure1.doCall(ClickKeyword.groovy:65)
	at com.kms.katalon.core.webui.keyword.builtin.ClickKeyword$_click_closure1.call(ClickKeyword.groovy)
	at com.kms.katalon.core.webui.keyword.internal.WebUIKeywordMain.runKeyword(WebUIKeywordMain.groovy:20)
	... 19 more
"/>
         <system-out><![CDATA[2021-12-17 18:31:13 - [TEST_CASE][FAILED] - Test Cases/1.1-Tareas Principales/1.5.8 Reversar Nomina Electronica: Test Cases/1.1-Tareas Principales/1.5.8 Reversar Nomina Electronica FAILED.
Reason:
com.kms.katalon.core.exception.StepFailedException: Unable to click on object 'Object Repository/Modulo Tarea Administracion Compensacion/Reversar Nomina Electronica/Page_SARA/td_2021-07-01'
	at com.kms.katalon.core.webui.keyword.internal.WebUIKeywordMain.stepFailed(WebUIKeywordMain.groovy:64)
	at com.kms.katalon.core.webui.keyword.internal.WebUIKeywordMain.runKeyword(WebUIKeywordMain.groovy:26)
	at com.kms.katalon.core.webui.keyword.builtin.ClickKeyword.click(ClickKeyword.groovy:74)
	at com.kms.katalon.core.webui.keyword.builtin.ClickKeyword.execute(ClickKeyword.groovy:40)
	at com.kms.katalon.core.keyword.internal.KeywordExecutor.executeKeywordForPlatform(KeywordExecutor.groovy:74)
	at com.kms.katalon.core.webui.keyword.WebUiBuiltInKeywords.click(WebUiBuiltInKeywords.groovy:620)
	at com.kms.katalon.core.webui.keyword.WebUiBuiltInKeywords$click$5.call(Unknown Source)
	at 1.5.8 Reversar Nomina Electronica.run(1.5.8 Reversar Nomina Electronica:37)
	at com.kms.katalon.core.main.ScriptEngine.run(ScriptEngine.java:194)
	at com.kms.katalon.core.main.ScriptEngine.runScriptAsRawText(ScriptEngine.java:119)
	at com.kms.katalon.core.main.TestCaseExecutor.runScript(TestCaseExecutor.java:442)
	at com.kms.katalon.core.main.TestCaseExecutor.doExecute(TestCaseExecutor.java:433)
	at com.kms.katalon.core.main.TestCaseExecutor.processExecutionPhase(TestCaseExecutor.java:412)
	at com.kms.katalon.core.main.TestCaseExecutor.accessMainPhase(TestCaseExecutor.java:404)
	at com.kms.katalon.core.main.TestCaseExecutor.execute(TestCaseExecutor.java:281)
	at com.kms.katalon.core.main.TestSuiteExecutor.accessTestCaseMainPhase(TestSuiteExecutor.java:202)
	at com.kms.katalon.core.main.TestSuiteExecutor.accessTestSuiteMainPhase(TestSuiteExecutor.java:164)
	at com.kms.katalon.core.main.TestSuiteExecutor.execute(TestSuiteExecutor.java:105)
	at com.kms.katalon.core.main.TestCaseMain.startTestSuite(TestCaseMain.java:181)
	at com.kms.katalon.core.main.TestCaseMain$startTestSuite$0.call(Unknown Source)
	at TempTestSuite1639780222929.run(TempTestSuite1639780222929.groovy:36)
Caused by: com.kms.katalon.core.webui.exception.WebElementNotFoundException: Web element with id: 'Object Repository/Modulo Tarea Administracion Compensacion/Reversar Nomina Electronica/Page_SARA/td_2021-07-01' located by '//*/text()[normalize-space(.)='2021-07-01']/parent::*' not found
	at com.kms.katalon.core.webui.common.WebUiCommonHelper.findWebElement(WebUiCommonHelper.java:1368)
	at com.kms.katalon.core.webui.keyword.internal.WebUIAbstractKeyword.findWebElement(WebUIAbstractKeyword.groovy:27)
	at com.kms.katalon.core.webui.keyword.builtin.ClickKeyword$_click_closure1.doCall(ClickKeyword.groovy:65)
	at com.kms.katalon.core.webui.keyword.builtin.ClickKeyword$_click_closure1.call(ClickKeyword.groovy)
	at com.kms.katalon.core.webui.keyword.internal.WebUIKeywordMain.runKeyword(WebUIKeywordMain.groovy:20)
	... 19 more


2021-12-17 18:31:14 - [TEST_STEP][PASSED] - callTestCase(findTestCase("0.1-Login"), [:], STOP_ON_FAILURE): Call Test Case 'Test Cases/0.1-Login' successfully

2021-12-17 18:31:14 - [TEST_CASE][PASSED] - Test Cases/0.1-Login: Test Cases/0.1-Login

2021-12-17 18:31:14 - [TEST_STEP][PASSED] - openBrowser(""): Browser is opened with url: ''

2021-12-17 18:31:14 - [MESSAGE][WARNING] - A browser is already opened. Closing browser and opening a new one

2021-12-17 18:31:15 - [MESSAGE][INFO] - Starting 'Chrome' driver

2021-12-17 18:31:15 - [MESSAGE][INFO] - Action delay is set to 0 milliseconds

2021-12-17 18:31:16 - [MESSAGE][PASSED] - Browser is opened with url: ''

2021-12-17 18:31:16 - [TEST_STEP][PASSED] - maximizeWindow(): Current window maximized

2021-12-17 18:31:16 - [MESSAGE][PASSED] - Current window maximized

2021-12-17 18:31:16 - [TEST_STEP][PASSED] - i = G_Login: null

2021-12-17 18:31:16 - [TEST_STEP][PASSED] - url = new java.net.URL(i): null

2021-12-17 18:31:16 - [TEST_STEP][PASSED] - println("URL: " + url.toString()): null

2021-12-17 18:31:16 - [TEST_STEP][PASSED] - connection = url.openConnection(): null

2021-12-17 18:31:16 - [TEST_STEP][PASSED] - connection.setRequestMethod("GET"): null

2021-12-17 18:31:16 - [TEST_STEP][PASSED] - connection.setReadTimeout(2 * 1000): null

2021-12-17 18:31:16 - [TEST_STEP][PASSED] - try: null

2021-12-17 18:31:16 - [TEST_STEP][PASSED] - connection.connect(): null

2021-12-17 18:31:16 - [TEST_STEP][PASSED] - flag = connected: null

2021-12-17 18:31:16 - [TEST_STEP][PASSED] - println("Valor_ori: " + flag): null

2021-12-17 18:31:16 - [TEST_STEP][PASSED] - if (flag): null

2021-12-17 18:31:16 - [TEST_STEP][PASSED] - navigateToUrl(i): Navigate to 'http://192.168.2.29:7001/saraweb' successfully

2021-12-17 18:31:21 - [MESSAGE][PASSED] - Navigate to 'http://192.168.2.29:7001/saraweb' successfully

2021-12-17 18:31:21 - [TEST_STEP][PASSED] - a(): null

2021-12-17 18:31:21 - [TEST_STEP][PASSED] - setText(findTestObject("Login/input_USUARIO_loginusuario"), G_Usuario): Text 'weblogic' is set on object 'Object Repository/Login/input_USUARIO_loginusuario'

2021-12-17 18:31:22 - [MESSAGE][PASSED] - Text 'weblogic' is set on object 'Object Repository/Login/input_USUARIO_loginusuario'

2021-12-17 18:31:22 - [TEST_STEP][PASSED] - setEncryptedText(findTestObject("Login/input_CLAVE_loginpassword"), "MkG4/TYiCFC3cb2driP7+Q=="): Text ****** has been set on object 'Object Repository/Login/input_CLAVE_loginpassword'

2021-12-17 18:31:23 - [MESSAGE][PASSED] - Text ****** has been set on object 'Object Repository/Login/input_CLAVE_loginpassword'

2021-12-17 18:31:23 - [TEST_STEP][PASSED] - waitForElementClickable(findTestObject("Login/a_Ingresar"), G_TimeOut): Object 'Object Repository/Login/a_Ingresar' is clickable

2021-12-17 18:31:23 - [MESSAGE][PASSED] - Object 'Object Repository/Login/a_Ingresar' is clickable

2021-12-17 18:31:23 - [TEST_STEP][PASSED] - click(findTestObject("Login/a_Ingresar")): Object: 'Object Repository/Login/a_Ingresar' is clicked on

2021-12-17 18:31:32 - [MESSAGE][PASSED] - Object: 'Object Repository/Login/a_Ingresar' is clicked on

2021-12-17 18:31:32 - [TEST_STEP][PASSED] - element = findWebElement(findTestObject("Login/a_Ir"), 30): null

2021-12-17 18:31:32 - [TEST_STEP][PASSED] - executeJavaScript("arguments[0].click()", Arrays.asList(element)): Execute JavaScript 'arguments[0].click()' successfully

2021-12-17 18:31:32 - [MESSAGE][PASSED] - Execute JavaScript 'arguments[0].click()' successfully

2021-12-17 18:31:32 - [MESSAGE][PASSED] - Call Test Case 'Test Cases/0.1-Login' successfully

2021-12-17 18:31:32 - [TEST_STEP][PASSED] - waitForElementClickable(findTestObject("Modulo Tarea Administracion Compensacion/Reversar Nomina Electronica/Page_SARA/input_Nomina Electronica_form_templatej_idt24_input"), 0): Object 'Object Repository/Modulo Tarea Administracion Compensacion/Reversar Nomina Electronica/Page_SARA/input_Nomina Electronica_form_templatej_idt24_input' is clickable

2021-12-17 18:31:32 - [MESSAGE][WARNING] - Timeout '0' is invalid. Using default page load timeout: '30'

2021-12-17 18:31:40 - [MESSAGE][PASSED] - Object 'Object Repository/Modulo Tarea Administracion Compensacion/Reversar Nomina Electronica/Page_SARA/input_Nomina Electronica_form_templatej_idt24_input' is clickable

2021-12-17 18:31:40 - [TEST_STEP][PASSED] - setText(findTestObject("Modulo Tarea Administracion Compensacion/Reversar Nomina Electronica/Page_SARA/input_Nomina Electronica_form_templatej_idt24_input"), "Nomina Electronica"): Text 'Nomina Electronica' is set on object 'Object Repository/Modulo Tarea Administracion Compensacion/Reversar Nomina Electronica/Page_SARA/input_Nomina Electronica_form_templatej_idt24_input'

2021-12-17 18:31:41 - [MESSAGE][PASSED] - Text 'Nomina Electronica' is set on object 'Object Repository/Modulo Tarea Administracion Compensacion/Reversar Nomina Electronica/Page_SARA/input_Nomina Electronica_form_templatej_idt24_input'

2021-12-17 18:31:41 - [TEST_STEP][PASSED] - waitForElementClickable(findTestObject("Modulo Tarea Administracion Compensacion/Reversar Nomina Electronica/Page_SARA/span_Nomina Electronica"), 0): Object 'Object Repository/Modulo Tarea Administracion Compensacion/Reversar Nomina Electronica/Page_SARA/span_Nomina Electronica' is clickable

2021-12-17 18:31:41 - [MESSAGE][WARNING] - Timeout '0' is invalid. Using default page load timeout: '30'

2021-12-17 18:31:42 - [MESSAGE][PASSED] - Object 'Object Repository/Modulo Tarea Administracion Compensacion/Reversar Nomina Electronica/Page_SARA/span_Nomina Electronica' is clickable

2021-12-17 18:31:42 - [TEST_STEP][PASSED] - sendKeys(findTestObject("Modulo Tarea Administracion Compensacion/Reversar Nomina Electronica/Page_SARA/input_Nomina Electronica_form_templatej_idt24_input"), Keys.chord(ENTER)): Keys 'ENTER + ' sent to object: 'Object Repository/Modulo Tarea Administracion Compensacion/Reversar Nomina Electronica/Page_SARA/input_Nomina Electronica_form_templatej_idt24_input'

2021-12-17 18:31:43 - [MESSAGE][PASSED] - Keys 'ENTER + ' sent to object: 'Object Repository/Modulo Tarea Administracion Compensacion/Reversar Nomina Electronica/Page_SARA/input_Nomina Electronica_form_templatej_idt24_input'

2021-12-17 18:31:43 - [TEST_STEP][PASSED] - waitForElementClickable(findTestObject("Modulo Tarea Administracion Compensacion/Reversar Nomina Electronica/Page_SARA/td_2021-07-01"), 0): Web element with id: 'Object Repository/Modulo Tarea Administracion Compensacion/Reversar Nomina Electronica/Page_SARA/td_2021-07-01' located by '//*/text()[normalize-space(.)='2021-07-01']/parent::*' not found

2021-12-17 18:31:43 - [MESSAGE][WARNING] - Timeout '0' is invalid. Using default page load timeout: '30'

2021-12-17 18:32:14 - [MESSAGE][INFO] - Unable to find the element located by 'By.xpath: //*/text()[normalize-space(.)='2021-07-01']/parent::*'. Please recheck the objects properties to make sure the desired element is located. 

2021-12-17 18:32:14 - [MESSAGE][WARNING] - Web element with id: 'Object Repository/Modulo Tarea Administracion Compensacion/Reversar Nomina Electronica/Page_SARA/td_2021-07-01' located by '//*/text()[normalize-space(.)='2021-07-01']/parent::*' not found

2021-12-17 18:32:14 - [TEST_STEP][FAILED] - click(findTestObject("Modulo Tarea Administracion Compensacion/Reversar Nomina Electronica/Page_SARA/td_2021-07-01")): Unable to click on object 'Object Repository/Modulo Tarea Administracion Compensacion/Reversar Nomina Electronica/Page_SARA/td_2021-07-01' (Root cause: com.kms.katalon.core.exception.StepFailedException: Unable to click on object 'Object Repository/Modulo Tarea Administracion Compensacion/Reversar Nomina Electronica/Page_SARA/td_2021-07-01'
	at com.kms.katalon.core.webui.keyword.internal.WebUIKeywordMain.stepFailed(WebUIKeywordMain.groovy:64)
	at com.kms.katalon.core.webui.keyword.internal.WebUIKeywordMain.runKeyword(WebUIKeywordMain.groovy:26)
	at com.kms.katalon.core.webui.keyword.builtin.ClickKeyword.click(ClickKeyword.groovy:74)
	at com.kms.katalon.core.webui.keyword.builtin.ClickKeyword.execute(ClickKeyword.groovy:40)
	at com.kms.katalon.core.keyword.internal.KeywordExecutor.executeKeywordForPlatform(KeywordExecutor.groovy:74)
	at com.kms.katalon.core.webui.keyword.WebUiBuiltInKeywords.click(WebUiBuiltInKeywords.groovy:620)
	at com.kms.katalon.core.webui.keyword.WebUiBuiltInKeywords$click$5.call(Unknown Source)
	at 1.5.8 Reversar Nomina Electronica.run(1.5.8 Reversar Nomina Electronica:37)
	at com.kms.katalon.core.main.ScriptEngine.run(ScriptEngine.java:194)
	at com.kms.katalon.core.main.ScriptEngine.runScriptAsRawText(ScriptEngine.java:119)
	at com.kms.katalon.core.main.TestCaseExecutor.runScript(TestCaseExecutor.java:442)
	at com.kms.katalon.core.main.TestCaseExecutor.doExecute(TestCaseExecutor.java:433)
	at com.kms.katalon.core.main.TestCaseExecutor.processExecutionPhase(TestCaseExecutor.java:412)
	at com.kms.katalon.core.main.TestCaseExecutor.accessMainPhase(TestCaseExecutor.java:404)
	at com.kms.katalon.core.main.TestCaseExecutor.execute(TestCaseExecutor.java:281)
	at com.kms.katalon.core.main.TestSuiteExecutor.accessTestCaseMainPhase(TestSuiteExecutor.java:202)
	at com.kms.katalon.core.main.TestSuiteExecutor.accessTestSuiteMainPhase(TestSuiteExecutor.java:164)
	at com.kms.katalon.core.main.TestSuiteExecutor.execute(TestSuiteExecutor.java:105)
	at com.kms.katalon.core.main.TestCaseMain.startTestSuite(TestCaseMain.java:181)
	at com.kms.katalon.core.main.TestCaseMain$startTestSuite$0.call(Unknown Source)
	at TempTestSuite1639780222929.run(TempTestSuite1639780222929.groovy:36)
Caused by: com.kms.katalon.core.webui.exception.WebElementNotFoundException: Web element with id: 'Object Repository/Modulo Tarea Administracion Compensacion/Reversar Nomina Electronica/Page_SARA/td_2021-07-01' located by '//*/text()[normalize-space(.)='2021-07-01']/parent::*' not found
	at com.kms.katalon.core.webui.common.WebUiCommonHelper.findWebElement(WebUiCommonHelper.java:1368)
	at com.kms.katalon.core.webui.keyword.internal.WebUIAbstractKeyword.findWebElement(WebUIAbstractKeyword.groovy:27)
	at com.kms.katalon.core.webui.keyword.builtin.ClickKeyword$_click_closure1.doCall(ClickKeyword.groovy:65)
	at com.kms.katalon.core.webui.keyword.builtin.ClickKeyword$_click_closure1.call(ClickKeyword.groovy)
	at com.kms.katalon.core.webui.keyword.internal.WebUIKeywordMain.runKeyword(WebUIKeywordMain.groovy:20)
	at com.kms.katalon.core.webui.keyword.builtin.ClickKeyword.click(ClickKeyword.groovy:74)
	at com.kms.katalon.core.webui.keyword.builtin.ClickKeyword.execute(ClickKeyword.groovy:40)
	at com.kms.katalon.core.keyword.internal.KeywordExecutor.executeKeywordForPlatform(KeywordExecutor.groovy:74)
	at com.kms.katalon.core.webui.keyword.WebUiBuiltInKeywords.click(WebUiBuiltInKeywords.groovy:620)
	at com.kms.katalon.core.webui.keyword.WebUiBuiltInKeywords$click$5.call(Unknown Source)
	at Script1629479001074.run(Script1629479001074.groovy:37)
	... 13 more
)

2021-12-17 18:32:45 - [MESSAGE][INFO] - Unable to find the element located by 'By.xpath: //*/text()[normalize-space(.)='2021-07-01']/parent::*'. Please recheck the objects properties to make sure the desired element is located. 

2021-12-17 18:32:45 - [MESSAGE][FAILED] - Unable to click on object 'Object Repository/Modulo Tarea Administracion Compensacion/Reversar Nomina Electronica/Page_SARA/td_2021-07-01' (Root cause: com.kms.katalon.core.exception.StepFailedException: Unable to click on object 'Object Repository/Modulo Tarea Administracion Compensacion/Reversar Nomina Electronica/Page_SARA/td_2021-07-01'
	at com.kms.katalon.core.webui.keyword.internal.WebUIKeywordMain.stepFailed(WebUIKeywordMain.groovy:64)
	at com.kms.katalon.core.webui.keyword.internal.WebUIKeywordMain.runKeyword(WebUIKeywordMain.groovy:26)
	at com.kms.katalon.core.webui.keyword.builtin.ClickKeyword.click(ClickKeyword.groovy:74)
	at com.kms.katalon.core.webui.keyword.builtin.ClickKeyword.execute(ClickKeyword.groovy:40)
	at com.kms.katalon.core.keyword.internal.KeywordExecutor.executeKeywordForPlatform(KeywordExecutor.groovy:74)
	at com.kms.katalon.core.webui.keyword.WebUiBuiltInKeywords.click(WebUiBuiltInKeywords.groovy:620)
	at com.kms.katalon.core.webui.keyword.WebUiBuiltInKeywords$click$5.call(Unknown Source)
	at 1.5.8 Reversar Nomina Electronica.run(1.5.8 Reversar Nomina Electronica:37)
	at com.kms.katalon.core.main.ScriptEngine.run(ScriptEngine.java:194)
	at com.kms.katalon.core.main.ScriptEngine.runScriptAsRawText(ScriptEngine.java:119)
	at com.kms.katalon.core.main.TestCaseExecutor.runScript(TestCaseExecutor.java:442)
	at com.kms.katalon.core.main.TestCaseExecutor.doExecute(TestCaseExecutor.java:433)
	at com.kms.katalon.core.main.TestCaseExecutor.processExecutionPhase(TestCaseExecutor.java:412)
	at com.kms.katalon.core.main.TestCaseExecutor.accessMainPhase(TestCaseExecutor.java:404)
	at com.kms.katalon.core.main.TestCaseExecutor.execute(TestCaseExecutor.java:281)
	at com.kms.katalon.core.main.TestSuiteExecutor.accessTestCaseMainPhase(TestSuiteExecutor.java:202)
	at com.kms.katalon.core.main.TestSuiteExecutor.accessTestSuiteMainPhase(TestSuiteExecutor.java:164)
	at com.kms.katalon.core.main.TestSuiteExecutor.execute(TestSuiteExecutor.java:105)
	at com.kms.katalon.core.main.TestCaseMain.startTestSuite(TestCaseMain.java:181)
	at com.kms.katalon.core.main.TestCaseMain$startTestSuite$0.call(Unknown Source)
	at TempTestSuite1639780222929.run(TempTestSuite1639780222929.groovy:36)
Caused by: com.kms.katalon.core.webui.exception.WebElementNotFoundException: Web element with id: 'Object Repository/Modulo Tarea Administracion Compensacion/Reversar Nomina Electronica/Page_SARA/td_2021-07-01' located by '//*/text()[normalize-space(.)='2021-07-01']/parent::*' not found
	at com.kms.katalon.core.webui.common.WebUiCommonHelper.findWebElement(WebUiCommonHelper.java:1368)
	at com.kms.katalon.core.webui.keyword.internal.WebUIAbstractKeyword.findWebElement(WebUIAbstractKeyword.groovy:27)
	at com.kms.katalon.core.webui.keyword.builtin.ClickKeyword$_click_closure1.doCall(ClickKeyword.groovy:65)
	at com.kms.katalon.core.webui.keyword.builtin.ClickKeyword$_click_closure1.call(ClickKeyword.groovy)
	at com.kms.katalon.core.webui.keyword.internal.WebUIKeywordMain.runKeyword(WebUIKeywordMain.groovy:20)
	at com.kms.katalon.core.webui.keyword.builtin.ClickKeyword.click(ClickKeyword.groovy:74)
	at com.kms.katalon.core.webui.keyword.builtin.ClickKeyword.execute(ClickKeyword.groovy:40)
	at com.kms.katalon.core.keyword.internal.KeywordExecutor.executeKeywordForPlatform(KeywordExecutor.groovy:74)
	at com.kms.katalon.core.webui.keyword.WebUiBuiltInKeywords.click(WebUiBuiltInKeywords.groovy:620)
	at com.kms.katalon.core.webui.keyword.WebUiBuiltInKeywords$click$5.call(Unknown Source)
	at Script1629479001074.run(Script1629479001074.groovy:37)
	... 13 more
)
[[ATTACHMENT|C:\\Users\\diego.rojas\\git\\Pruebas-Minimas\\Reports\\20211217_173017\\1-Tareas Principales\\20211217_173022\\1639783965620.png]]]]></system-out>
         <system-err><![CDATA[2021-12-17 18:31:13 - [TEST_CASE][FAILED] - Test Cases/1.1-Tareas Principales/1.5.8 Reversar Nomina Electronica: Test Cases/1.1-Tareas Principales/1.5.8 Reversar Nomina Electronica FAILED.
Reason:
com.kms.katalon.core.exception.StepFailedException: Unable to click on object 'Object Repository/Modulo Tarea Administracion Compensacion/Reversar Nomina Electronica/Page_SARA/td_2021-07-01'
	at com.kms.katalon.core.webui.keyword.internal.WebUIKeywordMain.stepFailed(WebUIKeywordMain.groovy:64)
	at com.kms.katalon.core.webui.keyword.internal.WebUIKeywordMain.runKeyword(WebUIKeywordMain.groovy:26)
	at com.kms.katalon.core.webui.keyword.builtin.ClickKeyword.click(ClickKeyword.groovy:74)
	at com.kms.katalon.core.webui.keyword.builtin.ClickKeyword.execute(ClickKeyword.groovy:40)
	at com.kms.katalon.core.keyword.internal.KeywordExecutor.executeKeywordForPlatform(KeywordExecutor.groovy:74)
	at com.kms.katalon.core.webui.keyword.WebUiBuiltInKeywords.click(WebUiBuiltInKeywords.groovy:620)
	at com.kms.katalon.core.webui.keyword.WebUiBuiltInKeywords$click$5.call(Unknown Source)
	at 1.5.8 Reversar Nomina Electronica.run(1.5.8 Reversar Nomina Electronica:37)
	at com.kms.katalon.core.main.ScriptEngine.run(ScriptEngine.java:194)
	at com.kms.katalon.core.main.ScriptEngine.runScriptAsRawText(ScriptEngine.java:119)
	at com.kms.katalon.core.main.TestCaseExecutor.runScript(TestCaseExecutor.java:442)
	at com.kms.katalon.core.main.TestCaseExecutor.doExecute(TestCaseExecutor.java:433)
	at com.kms.katalon.core.main.TestCaseExecutor.processExecutionPhase(TestCaseExecutor.java:412)
	at com.kms.katalon.core.main.TestCaseExecutor.accessMainPhase(TestCaseExecutor.java:404)
	at com.kms.katalon.core.main.TestCaseExecutor.execute(TestCaseExecutor.java:281)
	at com.kms.katalon.core.main.TestSuiteExecutor.accessTestCaseMainPhase(TestSuiteExecutor.java:202)
	at com.kms.katalon.core.main.TestSuiteExecutor.accessTestSuiteMainPhase(TestSuiteExecutor.java:164)
	at com.kms.katalon.core.main.TestSuiteExecutor.execute(TestSuiteExecutor.java:105)
	at com.kms.katalon.core.main.TestCaseMain.startTestSuite(TestCaseMain.java:181)
	at com.kms.katalon.core.main.TestCaseMain$startTestSuite$0.call(Unknown Source)
	at TempTestSuite1639780222929.run(TempTestSuite1639780222929.groovy:36)
Caused by: com.kms.katalon.core.webui.exception.WebElementNotFoundException: Web element with id: 'Object Repository/Modulo Tarea Administracion Compensacion/Reversar Nomina Electronica/Page_SARA/td_2021-07-01' located by '//*/text()[normalize-space(.)='2021-07-01']/parent::*' not found
	at com.kms.katalon.core.webui.common.WebUiCommonHelper.findWebElement(WebUiCommonHelper.java:1368)
	at com.kms.katalon.core.webui.keyword.internal.WebUIAbstractKeyword.findWebElement(WebUIAbstractKeyword.groovy:27)
	at com.kms.katalon.core.webui.keyword.builtin.ClickKeyword$_click_closure1.doCall(ClickKeyword.groovy:65)
	at com.kms.katalon.core.webui.keyword.builtin.ClickKeyword$_click_closure1.call(ClickKeyword.groovy)
	at com.kms.katalon.core.webui.keyword.internal.WebUIKeywordMain.runKeyword(WebUIKeywordMain.groovy:20)
	... 19 more]]></system-err>
      </testcase>
      <testcase name="Test Cases/1.1-Tareas Principales/1.5.9 Crear Viáticos" time="147.813" classname="Test Cases/1.1-Tareas Principales/1.5.9 Crear Viáticos" status="FAILED">
         <failure type="FAILED" message="Test Cases/1.1-Tareas Principales/1.5.9 Crear Viáticos FAILED.
Reason:
com.kms.katalon.core.exception.StepFailedException: Unable to click on object 'Object Repository/Modulo Actos Administrativos/Modulo Viáticos/Crear viatico/Page_SARA/td_123_entidades vigiladas'
	at com.kms.katalon.core.webui.keyword.internal.WebUIKeywordMain.stepFailed(WebUIKeywordMain.groovy:64)
	at com.kms.katalon.core.webui.keyword.internal.WebUIKeywordMain.runKeyword(WebUIKeywordMain.groovy:26)
	at com.kms.katalon.core.webui.keyword.builtin.ClickKeyword.click(ClickKeyword.groovy:74)
	at com.kms.katalon.core.webui.keyword.builtin.ClickKeyword.execute(ClickKeyword.groovy:40)
	at com.kms.katalon.core.keyword.internal.KeywordExecutor.executeKeywordForPlatform(KeywordExecutor.groovy:74)
	at com.kms.katalon.core.webui.keyword.WebUiBuiltInKeywords.click(WebUiBuiltInKeywords.groovy:620)
	at com.kms.katalon.core.webui.keyword.WebUiBuiltInKeywords$click$5.call(Unknown Source)
	at 1.5.9 Crear Viáticos.run(1.5.9 Crear Viáticos:196)
	at com.kms.katalon.core.main.ScriptEngine.run(ScriptEngine.java:194)
	at com.kms.katalon.core.main.ScriptEngine.runScriptAsRawText(ScriptEngine.java:119)
	at com.kms.katalon.core.main.TestCaseExecutor.runScript(TestCaseExecutor.java:442)
	at com.kms.katalon.core.main.TestCaseExecutor.doExecute(TestCaseExecutor.java:433)
	at com.kms.katalon.core.main.TestCaseExecutor.processExecutionPhase(TestCaseExecutor.java:412)
	at com.kms.katalon.core.main.TestCaseExecutor.accessMainPhase(TestCaseExecutor.java:404)
	at com.kms.katalon.core.main.TestCaseExecutor.execute(TestCaseExecutor.java:281)
	at com.kms.katalon.core.main.TestSuiteExecutor.accessTestCaseMainPhase(TestSuiteExecutor.java:202)
	at com.kms.katalon.core.main.TestSuiteExecutor.accessTestSuiteMainPhase(TestSuiteExecutor.java:164)
	at com.kms.katalon.core.main.TestSuiteExecutor.execute(TestSuiteExecutor.java:105)
	at com.kms.katalon.core.main.TestCaseMain.startTestSuite(TestCaseMain.java:181)
	at com.kms.katalon.core.main.TestCaseMain$startTestSuite$0.call(Unknown Source)
	at TempTestSuite1639780222929.run(TempTestSuite1639780222929.groovy:36)
Caused by: com.kms.katalon.core.webui.exception.WebElementNotFoundException: Web element with id: 'Object Repository/Modulo Actos Administrativos/Modulo Viáticos/Crear viatico/Page_SARA/td_123_entidades vigiladas' located by '//tbody[@id='form_popupprogramacionviaticos:planesInversion_data']/tr[2]/td[2]' not found
	at com.kms.katalon.core.webui.common.WebUiCommonHelper.findWebElement(WebUiCommonHelper.java:1368)
	at com.kms.katalon.core.webui.keyword.internal.WebUIAbstractKeyword.findWebElement(WebUIAbstractKeyword.groovy:27)
	at com.kms.katalon.core.webui.keyword.builtin.ClickKeyword$_click_closure1.doCall(ClickKeyword.groovy:65)
	at com.kms.katalon.core.webui.keyword.builtin.ClickKeyword$_click_closure1.call(ClickKeyword.groovy)
	at com.kms.katalon.core.webui.keyword.internal.WebUIKeywordMain.runKeyword(WebUIKeywordMain.groovy:20)
	... 19 more
"/>
         <system-out><![CDATA[2021-12-17 18:32:45 - [TEST_CASE][FAILED] - Test Cases/1.1-Tareas Principales/1.5.9 Crear Viáticos: Test Cases/1.1-Tareas Principales/1.5.9 Crear Viáticos FAILED.
Reason:
com.kms.katalon.core.exception.StepFailedException: Unable to click on object 'Object Repository/Modulo Actos Administrativos/Modulo Viáticos/Crear viatico/Page_SARA/td_123_entidades vigiladas'
	at com.kms.katalon.core.webui.keyword.internal.WebUIKeywordMain.stepFailed(WebUIKeywordMain.groovy:64)
	at com.kms.katalon.core.webui.keyword.internal.WebUIKeywordMain.runKeyword(WebUIKeywordMain.groovy:26)
	at com.kms.katalon.core.webui.keyword.builtin.ClickKeyword.click(ClickKeyword.groovy:74)
	at com.kms.katalon.core.webui.keyword.builtin.ClickKeyword.execute(ClickKeyword.groovy:40)
	at com.kms.katalon.core.keyword.internal.KeywordExecutor.executeKeywordForPlatform(KeywordExecutor.groovy:74)
	at com.kms.katalon.core.webui.keyword.WebUiBuiltInKeywords.click(WebUiBuiltInKeywords.groovy:620)
	at com.kms.katalon.core.webui.keyword.WebUiBuiltInKeywords$click$5.call(Unknown Source)
	at 1.5.9 Crear Viáticos.run(1.5.9 Crear Viáticos:196)
	at com.kms.katalon.core.main.ScriptEngine.run(ScriptEngine.java:194)
	at com.kms.katalon.core.main.ScriptEngine.runScriptAsRawText(ScriptEngine.java:119)
	at com.kms.katalon.core.main.TestCaseExecutor.runScript(TestCaseExecutor.java:442)
	at com.kms.katalon.core.main.TestCaseExecutor.doExecute(TestCaseExecutor.java:433)
	at com.kms.katalon.core.main.TestCaseExecutor.processExecutionPhase(TestCaseExecutor.java:412)
	at com.kms.katalon.core.main.TestCaseExecutor.accessMainPhase(TestCaseExecutor.java:404)
	at com.kms.katalon.core.main.TestCaseExecutor.execute(TestCaseExecutor.java:281)
	at com.kms.katalon.core.main.TestSuiteExecutor.accessTestCaseMainPhase(TestSuiteExecutor.java:202)
	at com.kms.katalon.core.main.TestSuiteExecutor.accessTestSuiteMainPhase(TestSuiteExecutor.java:164)
	at com.kms.katalon.core.main.TestSuiteExecutor.execute(TestSuiteExecutor.java:105)
	at com.kms.katalon.core.main.TestCaseMain.startTestSuite(TestCaseMain.java:181)
	at com.kms.katalon.core.main.TestCaseMain$startTestSuite$0.call(Unknown Source)
	at TempTestSuite1639780222929.run(TempTestSuite1639780222929.groovy:36)
Caused by: com.kms.katalon.core.webui.exception.WebElementNotFoundException: Web element with id: 'Object Repository/Modulo Actos Administrativos/Modulo Viáticos/Crear viatico/Page_SARA/td_123_entidades vigiladas' located by '//tbody[@id='form_popupprogramacionviaticos:planesInversion_data']/tr[2]/td[2]' not found
	at com.kms.katalon.core.webui.common.WebUiCommonHelper.findWebElement(WebUiCommonHelper.java:1368)
	at com.kms.katalon.core.webui.keyword.internal.WebUIAbstractKeyword.findWebElement(WebUIAbstractKeyword.groovy:27)
	at com.kms.katalon.core.webui.keyword.builtin.ClickKeyword$_click_closure1.doCall(ClickKeyword.groovy:65)
	at com.kms.katalon.core.webui.keyword.builtin.ClickKeyword$_click_closure1.call(ClickKeyword.groovy)
	at com.kms.katalon.core.webui.keyword.internal.WebUIKeywordMain.runKeyword(WebUIKeywordMain.groovy:20)
	... 19 more


2021-12-17 18:32:46 - [TEST_STEP][PASSED] - callTestCase(findTestCase("0.1-Login"), [:], STOP_ON_FAILURE): Call Test Case 'Test Cases/0.1-Login' successfully

2021-12-17 18:32:46 - [TEST_CASE][PASSED] - Test Cases/0.1-Login: Test Cases/0.1-Login

2021-12-17 18:32:46 - [TEST_STEP][PASSED] - openBrowser(""): Browser is opened with url: ''

2021-12-17 18:32:46 - [MESSAGE][WARNING] - A browser is already opened. Closing browser and opening a new one

2021-12-17 18:32:46 - [MESSAGE][INFO] - Starting 'Chrome' driver

2021-12-17 18:32:46 - [MESSAGE][INFO] - Action delay is set to 0 milliseconds

2021-12-17 18:32:48 - [MESSAGE][PASSED] - Browser is opened with url: ''

2021-12-17 18:32:48 - [TEST_STEP][PASSED] - maximizeWindow(): Current window maximized

2021-12-17 18:32:48 - [MESSAGE][PASSED] - Current window maximized

2021-12-17 18:32:48 - [TEST_STEP][PASSED] - i = G_Login: null

2021-12-17 18:32:48 - [TEST_STEP][PASSED] - url = new java.net.URL(i): null

2021-12-17 18:32:48 - [TEST_STEP][PASSED] - println("URL: " + url.toString()): null

2021-12-17 18:32:48 - [TEST_STEP][PASSED] - connection = url.openConnection(): null

2021-12-17 18:32:48 - [TEST_STEP][PASSED] - connection.setRequestMethod("GET"): null

2021-12-17 18:32:48 - [TEST_STEP][PASSED] - connection.setReadTimeout(2 * 1000): null

2021-12-17 18:32:48 - [TEST_STEP][PASSED] - try: null

2021-12-17 18:32:48 - [TEST_STEP][PASSED] - connection.connect(): null

2021-12-17 18:32:48 - [TEST_STEP][PASSED] - flag = connected: null

2021-12-17 18:32:48 - [TEST_STEP][PASSED] - println("Valor_ori: " + flag): null

2021-12-17 18:32:48 - [TEST_STEP][PASSED] - if (flag): null

2021-12-17 18:32:48 - [TEST_STEP][PASSED] - navigateToUrl(i): Navigate to 'http://192.168.2.29:7001/saraweb' successfully

2021-12-17 18:32:53 - [MESSAGE][PASSED] - Navigate to 'http://192.168.2.29:7001/saraweb' successfully

2021-12-17 18:32:53 - [TEST_STEP][PASSED] - a(): null

2021-12-17 18:32:53 - [TEST_STEP][PASSED] - setText(findTestObject("Login/input_USUARIO_loginusuario"), G_Usuario): Text 'weblogic' is set on object 'Object Repository/Login/input_USUARIO_loginusuario'

2021-12-17 18:32:54 - [MESSAGE][PASSED] - Text 'weblogic' is set on object 'Object Repository/Login/input_USUARIO_loginusuario'

2021-12-17 18:32:54 - [TEST_STEP][PASSED] - setEncryptedText(findTestObject("Login/input_CLAVE_loginpassword"), "MkG4/TYiCFC3cb2driP7+Q=="): Text ****** has been set on object 'Object Repository/Login/input_CLAVE_loginpassword'

2021-12-17 18:32:54 - [MESSAGE][PASSED] - Text ****** has been set on object 'Object Repository/Login/input_CLAVE_loginpassword'

2021-12-17 18:32:54 - [TEST_STEP][PASSED] - waitForElementClickable(findTestObject("Login/a_Ingresar"), G_TimeOut): Object 'Object Repository/Login/a_Ingresar' is clickable

2021-12-17 18:32:55 - [MESSAGE][PASSED] - Object 'Object Repository/Login/a_Ingresar' is clickable

2021-12-17 18:32:55 - [TEST_STEP][PASSED] - click(findTestObject("Login/a_Ingresar")): Object: 'Object Repository/Login/a_Ingresar' is clicked on

2021-12-17 18:33:03 - [MESSAGE][PASSED] - Object: 'Object Repository/Login/a_Ingresar' is clicked on

2021-12-17 18:33:03 - [TEST_STEP][PASSED] - element = findWebElement(findTestObject("Login/a_Ir"), 30): null

2021-12-17 18:33:04 - [TEST_STEP][PASSED] - executeJavaScript("arguments[0].click()", Arrays.asList(element)): Execute JavaScript 'arguments[0].click()' successfully

2021-12-17 18:33:04 - [MESSAGE][PASSED] - Execute JavaScript 'arguments[0].click()' successfully

2021-12-17 18:33:04 - [MESSAGE][PASSED] - Call Test Case 'Test Cases/0.1-Login' successfully

2021-12-17 18:33:04 - [TEST_STEP][PASSED] - waitForElementClickable(findTestObject("Modulo Actos Administrativos/Modulo Viáticos/Crear viatico/Page_SARA/input_ADMINISTRADOR DEL SISTEMA - SARA_form_templatej_idt24_input"), 0): Object 'Object Repository/Modulo Actos Administrativos/Modulo Viáticos/Crear viatico/Page_SARA/input_ADMINISTRADOR DEL SISTEMA - SARA_form_templatej_idt24_input' is clickable

2021-12-17 18:33:04 - [MESSAGE][WARNING] - Timeout '0' is invalid. Using default page load timeout: '30'

2021-12-17 18:33:12 - [MESSAGE][PASSED] - Object 'Object Repository/Modulo Actos Administrativos/Modulo Viáticos/Crear viatico/Page_SARA/input_ADMINISTRADOR DEL SISTEMA - SARA_form_templatej_idt24_input' is clickable

2021-12-17 18:33:12 - [TEST_STEP][PASSED] - setText(findTestObject("Modulo Actos Administrativos/Modulo Viáticos/Crear viatico/Page_SARA/input_ADMINISTRADOR DEL SISTEMA - SARA_form_templatej_idt24_input"), "listado de viaticos"): Text 'listado de viaticos' is set on object 'Object Repository/Modulo Actos Administrativos/Modulo Viáticos/Crear viatico/Page_SARA/input_ADMINISTRADOR DEL SISTEMA - SARA_form_templatej_idt24_input'

2021-12-17 18:33:12 - [MESSAGE][PASSED] - Text 'listado de viaticos' is set on object 'Object Repository/Modulo Actos Administrativos/Modulo Viáticos/Crear viatico/Page_SARA/input_ADMINISTRADOR DEL SISTEMA - SARA_form_templatej_idt24_input'

2021-12-17 18:33:12 - [TEST_STEP][PASSED] - waitForElementClickable(findTestObject("Modulo Actos Administrativos/Modulo Viáticos/Crear viatico/Page_SARA/li_Listado de Viaticos (act)"), 0): Object 'Object Repository/Modulo Actos Administrativos/Modulo Viáticos/Crear viatico/Page_SARA/li_Listado de Viaticos (act)' is clickable

2021-12-17 18:33:12 - [MESSAGE][WARNING] - Timeout '0' is invalid. Using default page load timeout: '30'

2021-12-17 18:33:14 - [MESSAGE][PASSED] - Object 'Object Repository/Modulo Actos Administrativos/Modulo Viáticos/Crear viatico/Page_SARA/li_Listado de Viaticos (act)' is clickable

2021-12-17 18:33:14 - [TEST_STEP][PASSED] - sendKeys(findTestObject("Modulo Actos Administrativos/Modulo Viáticos/Crear viatico/Page_SARA/input_ADMINISTRADOR DEL SISTEMA - SARA_form_templatej_idt24_input"), Keys.chord(ENTER)): Keys 'ENTER + ' sent to object: 'Object Repository/Modulo Actos Administrativos/Modulo Viáticos/Crear viatico/Page_SARA/input_ADMINISTRADOR DEL SISTEMA - SARA_form_templatej_idt24_input'

2021-12-17 18:33:14 - [MESSAGE][PASSED] - Keys 'ENTER + ' sent to object: 'Object Repository/Modulo Actos Administrativos/Modulo Viáticos/Crear viatico/Page_SARA/input_ADMINISTRADOR DEL SISTEMA - SARA_form_templatej_idt24_input'

2021-12-17 18:33:14 - [TEST_STEP][PASSED] - selectOptionByIndex(findTestObject("Modulo Actos Administrativos/Modulo Viáticos/Crear viatico/select_--Seleccione--Estado"), 2): All options with index in [2] are selected on object 'Object Repository/Modulo Actos Administrativos/Modulo Viáticos/Crear viatico/select_--Seleccione--Estado'

2021-12-17 18:33:24 - [MESSAGE][PASSED] - All options with index in [2] are selected on object 'Object Repository/Modulo Actos Administrativos/Modulo Viáticos/Crear viatico/select_--Seleccione--Estado'

2021-12-17 18:33:24 - [TEST_STEP][PASSED] - if (waitForElementClickable(findTestObject("Modulo Actos Administrativos/Modulo Viáticos/Crear viatico/span_01.07.2021"), 1)): Web element with id: 'Object Repository/Modulo Actos Administrativos/Modulo Viáticos/Crear viatico/span_01.07.2021' located by '//*/text()[normalize-space(.)='01/07/2021']/parent::*' not found

2021-12-17 18:33:26 - [MESSAGE][INFO] - Unable to find the element located by 'By.xpath: //*/text()[normalize-space(.)='01/07/2021']/parent::*'. Please recheck the objects properties to make sure the desired element is located. 

2021-12-17 18:33:26 - [MESSAGE][WARNING] - Web element with id: 'Object Repository/Modulo Actos Administrativos/Modulo Viáticos/Crear viatico/span_01.07.2021' located by '//*/text()[normalize-space(.)='01/07/2021']/parent::*' not found

2021-12-17 18:33:26 - [TEST_STEP][FAILED] - else: Unable to click on object 'Object Repository/Modulo Actos Administrativos/Modulo Viáticos/Crear viatico/Page_SARA/td_123_entidades vigiladas' (Root cause: com.kms.katalon.core.exception.StepFailedException: Unable to click on object 'Object Repository/Modulo Actos Administrativos/Modulo Viáticos/Crear viatico/Page_SARA/td_123_entidades vigiladas'
	at com.kms.katalon.core.webui.keyword.internal.WebUIKeywordMain.stepFailed(WebUIKeywordMain.groovy:64)
	at com.kms.katalon.core.webui.keyword.internal.WebUIKeywordMain.runKeyword(WebUIKeywordMain.groovy:26)
	at com.kms.katalon.core.webui.keyword.builtin.ClickKeyword.click(ClickKeyword.groovy:74)
	at com.kms.katalon.core.webui.keyword.builtin.ClickKeyword.execute(ClickKeyword.groovy:40)
	at com.kms.katalon.core.keyword.internal.KeywordExecutor.executeKeywordForPlatform(KeywordExecutor.groovy:74)
	at com.kms.katalon.core.webui.keyword.WebUiBuiltInKeywords.click(WebUiBuiltInKeywords.groovy:620)
	at com.kms.katalon.core.webui.keyword.WebUiBuiltInKeywords$click$5.call(Unknown Source)
	at 1.5.9 Crear Viáticos.run(1.5.9 Crear Viáticos:196)
	at com.kms.katalon.core.main.ScriptEngine.run(ScriptEngine.java:194)
	at com.kms.katalon.core.main.ScriptEngine.runScriptAsRawText(ScriptEngine.java:119)
	at com.kms.katalon.core.main.TestCaseExecutor.runScript(TestCaseExecutor.java:442)
	at com.kms.katalon.core.main.TestCaseExecutor.doExecute(TestCaseExecutor.java:433)
	at com.kms.katalon.core.main.TestCaseExecutor.processExecutionPhase(TestCaseExecutor.java:412)
	at com.kms.katalon.core.main.TestCaseExecutor.accessMainPhase(TestCaseExecutor.java:404)
	at com.kms.katalon.core.main.TestCaseExecutor.execute(TestCaseExecutor.java:281)
	at com.kms.katalon.core.main.TestSuiteExecutor.accessTestCaseMainPhase(TestSuiteExecutor.java:202)
	at com.kms.katalon.core.main.TestSuiteExecutor.accessTestSuiteMainPhase(TestSuiteExecutor.java:164)
	at com.kms.katalon.core.main.TestSuiteExecutor.execute(TestSuiteExecutor.java:105)
	at com.kms.katalon.core.main.TestCaseMain.startTestSuite(TestCaseMain.java:181)
	at com.kms.katalon.core.main.TestCaseMain$startTestSuite$0.call(Unknown Source)
	at TempTestSuite1639780222929.run(TempTestSuite1639780222929.groovy:36)
Caused by: com.kms.katalon.core.webui.exception.WebElementNotFoundException: Web element with id: 'Object Repository/Modulo Actos Administrativos/Modulo Viáticos/Crear viatico/Page_SARA/td_123_entidades vigiladas' located by '//tbody[@id='form_popupprogramacionviaticos:planesInversion_data']/tr[2]/td[2]' not found
	at com.kms.katalon.core.webui.common.WebUiCommonHelper.findWebElement(WebUiCommonHelper.java:1368)
	at com.kms.katalon.core.webui.keyword.internal.WebUIAbstractKeyword.findWebElement(WebUIAbstractKeyword.groovy:27)
	at com.kms.katalon.core.webui.keyword.builtin.ClickKeyword$_click_closure1.doCall(ClickKeyword.groovy:65)
	at com.kms.katalon.core.webui.keyword.builtin.ClickKeyword$_click_closure1.call(ClickKeyword.groovy)
	at com.kms.katalon.core.webui.keyword.internal.WebUIKeywordMain.runKeyword(WebUIKeywordMain.groovy:20)
	at com.kms.katalon.core.webui.keyword.builtin.ClickKeyword.click(ClickKeyword.groovy:74)
	at com.kms.katalon.core.webui.keyword.builtin.ClickKeyword.execute(ClickKeyword.groovy:40)
	at com.kms.katalon.core.keyword.internal.KeywordExecutor.executeKeywordForPlatform(KeywordExecutor.groovy:74)
	at com.kms.katalon.core.webui.keyword.WebUiBuiltInKeywords.click(WebUiBuiltInKeywords.groovy:620)
	at com.kms.katalon.core.webui.keyword.WebUiBuiltInKeywords$click$5.call(Unknown Source)
	at Script1629930083943.run(Script1629930083943.groovy:196)
	... 13 more
)

2021-12-17 18:33:26 - [TEST_STEP][PASSED] - click(findTestObject("Modulo Actos Administrativos/Modulo Viáticos/Crear viatico/Page_SARA/a_Nuevo")): Object: 'Object Repository/Modulo Actos Administrativos/Modulo Viáticos/Crear viatico/Page_SARA/a_Nuevo' is clicked on

2021-12-17 18:33:26 - [MESSAGE][PASSED] - Object: 'Object Repository/Modulo Actos Administrativos/Modulo Viáticos/Crear viatico/Page_SARA/a_Nuevo' is clicked on

2021-12-17 18:33:26 - [TEST_STEP][PASSED] - waitForElementClickable(findTestObject("Modulo Actos Administrativos/Modulo Viáticos/Crear viatico/Page_SARA/span_Creacin de una solicitud de vitico"), 0): Object 'Object Repository/Modulo Actos Administrativos/Modulo Viáticos/Crear viatico/Page_SARA/span_Creacin de una solicitud de vitico' is clickable

2021-12-17 18:33:26 - [MESSAGE][WARNING] - Timeout '0' is invalid. Using default page load timeout: '30'

2021-12-17 18:33:27 - [MESSAGE][PASSED] - Object 'Object Repository/Modulo Actos Administrativos/Modulo Viáticos/Crear viatico/Page_SARA/span_Creacin de una solicitud de vitico' is clickable

2021-12-17 18:33:27 - [TEST_STEP][PASSED] - doubleClick(findTestObject("Modulo Actos Administrativos/Modulo Viáticos/Crear viatico/Page_SARA/span_Creacin de una solicitud de vitico")): Object: 'Object Repository/Modulo Actos Administrativos/Modulo Viáticos/Crear viatico/Page_SARA/span_Creacin de una solicitud de vitico' is double clicked on

2021-12-17 18:33:28 - [MESSAGE][PASSED] - Object: 'Object Repository/Modulo Actos Administrativos/Modulo Viáticos/Crear viatico/Page_SARA/span_Creacin de una solicitud de vitico' is double clicked on

2021-12-17 18:33:28 - [TEST_STEP][PASSED] - setText(findTestObject("Modulo Actos Administrativos/Modulo Viáticos/Crear viatico/Page_SARA/input_Fecha_form_detalleviaticosFechaNumero_input"), "01/07/2021"): Text '01/07/2021' is set on object 'Object Repository/Modulo Actos Administrativos/Modulo Viáticos/Crear viatico/Page_SARA/input_Fecha_form_detalleviaticosFechaNumero_input'

2021-12-17 18:33:29 - [MESSAGE][PASSED] - Text '01/07/2021' is set on object 'Object Repository/Modulo Actos Administrativos/Modulo Viáticos/Crear viatico/Page_SARA/input_Fecha_form_detalleviaticosFechaNumero_input'

2021-12-17 18:33:29 - [TEST_STEP][PASSED] - setText(findTestObject("Modulo Actos Administrativos/Modulo Viáticos/Crear viatico/Page_SARA/input_Nmero_form_detalleviaticosNumero"), "5"): Text '5' is set on object 'Object Repository/Modulo Actos Administrativos/Modulo Viáticos/Crear viatico/Page_SARA/input_Nmero_form_detalleviaticosNumero'

2021-12-17 18:33:30 - [MESSAGE][PASSED] - Text '5' is set on object 'Object Repository/Modulo Actos Administrativos/Modulo Viáticos/Crear viatico/Page_SARA/input_Nmero_form_detalleviaticosNumero'

2021-12-17 18:33:30 - [TEST_STEP][PASSED] - sendKeys(findTestObject("Modulo Actos Administrativos/Modulo Viáticos/Crear viatico/Page_SARA/input_Fecha_form_detalleviaticosFechaNumero_input"), Keys.chord(ESCAPE)): Keys 'ESCAPE + ' sent to object: 'Object Repository/Modulo Actos Administrativos/Modulo Viáticos/Crear viatico/Page_SARA/input_Fecha_form_detalleviaticosFechaNumero_input'

2021-12-17 18:33:31 - [MESSAGE][PASSED] - Keys 'ESCAPE + ' sent to object: 'Object Repository/Modulo Actos Administrativos/Modulo Viáticos/Crear viatico/Page_SARA/input_Fecha_form_detalleviaticosFechaNumero_input'

2021-12-17 18:33:31 - [TEST_STEP][PASSED] - selectOptionByIndex(findTestObject("Modulo Actos Administrativos/Modulo Viáticos/Crear viatico/Page_SARA/select_--- Seleccione Destino --Barranquilla"), "3"): All options with index in [3] are selected on object 'Object Repository/Modulo Actos Administrativos/Modulo Viáticos/Crear viatico/Page_SARA/select_--- Seleccione Destino --Barranquilla'

2021-12-17 18:33:32 - [MESSAGE][PASSED] - All options with index in [3] are selected on object 'Object Repository/Modulo Actos Administrativos/Modulo Viáticos/Crear viatico/Page_SARA/select_--- Seleccione Destino --Barranquilla'

2021-12-17 18:33:32 - [TEST_STEP][PASSED] - waitForElementClickable(findTestObject("Modulo Actos Administrativos/Modulo Viáticos/Crear viatico/Page_SARA/select_-- Seleccione Tipo Comisin --ADMINISTRATIVO"), 0): Object 'Object Repository/Modulo Actos Administrativos/Modulo Viáticos/Crear viatico/Page_SARA/select_-- Seleccione Tipo Comisin --ADMINISTRATIVO' is clickable

2021-12-17 18:33:32 - [MESSAGE][WARNING] - Timeout '0' is invalid. Using default page load timeout: '30'

2021-12-17 18:33:32 - [MESSAGE][PASSED] - Object 'Object Repository/Modulo Actos Administrativos/Modulo Viáticos/Crear viatico/Page_SARA/select_-- Seleccione Tipo Comisin --ADMINISTRATIVO' is clickable

2021-12-17 18:33:32 - [TEST_STEP][PASSED] - selectOptionByIndex(findTestObject("Modulo Actos Administrativos/Modulo Viáticos/Crear viatico/Page_SARA/select_-- Seleccione Tipo Comisin --ADMINISTRATIVO"), "1"): All options with index in [1] are selected on object 'Object Repository/Modulo Actos Administrativos/Modulo Viáticos/Crear viatico/Page_SARA/select_-- Seleccione Tipo Comisin --ADMINISTRATIVO'

2021-12-17 18:33:33 - [MESSAGE][PASSED] - All options with index in [1] are selected on object 'Object Repository/Modulo Actos Administrativos/Modulo Viáticos/Crear viatico/Page_SARA/select_-- Seleccione Tipo Comisin --ADMINISTRATIVO'

2021-12-17 18:33:33 - [TEST_STEP][PASSED] - waitForElementClickable(findTestObject("Modulo Actos Administrativos/Modulo Viáticos/Crear viatico/Page_SARA/select_-- Seleccione Tipo Comisin --ADMINISTRATIVO"), 0): Object 'Object Repository/Modulo Actos Administrativos/Modulo Viáticos/Crear viatico/Page_SARA/select_-- Seleccione Tipo Comisin --ADMINISTRATIVO' is clickable

2021-12-17 18:33:33 - [MESSAGE][WARNING] - Timeout '0' is invalid. Using default page load timeout: '30'

2021-12-17 18:33:34 - [MESSAGE][PASSED] - Object 'Object Repository/Modulo Actos Administrativos/Modulo Viáticos/Crear viatico/Page_SARA/select_-- Seleccione Tipo Comisin --ADMINISTRATIVO' is clickable

2021-12-17 18:33:34 - [TEST_STEP][PASSED] - selectOptionByIndex(findTestObject("Modulo Actos Administrativos/Modulo Viáticos/Crear viatico/Page_SARA/select_--- Seleccione Ambito --NACIONAL 1"), "3"): All options with index in [3] are selected on object 'Object Repository/Modulo Actos Administrativos/Modulo Viáticos/Crear viatico/Page_SARA/select_--- Seleccione Ambito --NACIONAL 1'

2021-12-17 18:33:35 - [MESSAGE][PASSED] - All options with index in [3] are selected on object 'Object Repository/Modulo Actos Administrativos/Modulo Viáticos/Crear viatico/Page_SARA/select_--- Seleccione Ambito --NACIONAL 1'

2021-12-17 18:33:35 - [TEST_STEP][PASSED] - click(findTestObject("Modulo Actos Administrativos/Modulo Viáticos/Crear viatico/Page_SARA/a_Rubro_form_detalleviaticosj_idt1295")): Object: 'Object Repository/Modulo Actos Administrativos/Modulo Viáticos/Crear viatico/Page_SARA/a_Rubro_form_detalleviaticosj_idt1295' is clicked on

2021-12-17 18:33:35 - [MESSAGE][PASSED] - Object: 'Object Repository/Modulo Actos Administrativos/Modulo Viáticos/Crear viatico/Page_SARA/a_Rubro_form_detalleviaticosj_idt1295' is clicked on

2021-12-17 18:33:35 - [TEST_STEP][PASSED] - waitForElementClickable(findTestObject("Modulo Actos Administrativos/Modulo Viáticos/Crear viatico/Page_SARA/td_Prueba Plan Inversin"), 0): Object 'Object Repository/Modulo Actos Administrativos/Modulo Viáticos/Crear viatico/Page_SARA/td_Prueba Plan Inversin' is clickable

2021-12-17 18:33:35 - [MESSAGE][WARNING] - Timeout '0' is invalid. Using default page load timeout: '30'

2021-12-17 18:33:36 - [MESSAGE][PASSED] - Object 'Object Repository/Modulo Actos Administrativos/Modulo Viáticos/Crear viatico/Page_SARA/td_Prueba Plan Inversin' is clickable

2021-12-17 18:33:36 - [TEST_STEP][PASSED] - click(findTestObject("Modulo Actos Administrativos/Modulo Viáticos/Crear viatico/Page_SARA/td_Prueba Plan Inversin")): Object: 'Object Repository/Modulo Actos Administrativos/Modulo Viáticos/Crear viatico/Page_SARA/td_Prueba Plan Inversin' is clicked on

2021-12-17 18:33:37 - [MESSAGE][PASSED] - Object: 'Object Repository/Modulo Actos Administrativos/Modulo Viáticos/Crear viatico/Page_SARA/td_Prueba Plan Inversin' is clicked on

2021-12-17 18:33:37 - [TEST_STEP][PASSED] - click(findTestObject("Modulo Actos Administrativos/Modulo Viáticos/Crear viatico/Page_SARA/a_Unidad Solicita_form_detalleviaticosj_idt1299")): Object: 'Object Repository/Modulo Actos Administrativos/Modulo Viáticos/Crear viatico/Page_SARA/a_Unidad Solicita_form_detalleviaticosj_idt1299' is clicked on

2021-12-17 18:33:38 - [MESSAGE][PASSED] - Object: 'Object Repository/Modulo Actos Administrativos/Modulo Viáticos/Crear viatico/Page_SARA/a_Unidad Solicita_form_detalleviaticosj_idt1299' is clicked on

2021-12-17 18:33:38 - [TEST_STEP][PASSED] - waitForElementClickable(findTestObject("Modulo Actos Administrativos/Modulo Viáticos/Crear viatico/Page_SARA/input_Unidad_form_detalleviaticosj_idt1487"), 0): Object 'Object Repository/Modulo Actos Administrativos/Modulo Viáticos/Crear viatico/Page_SARA/input_Unidad_form_detalleviaticosj_idt1487' is clickable

2021-12-17 18:33:38 - [MESSAGE][WARNING] - Timeout '0' is invalid. Using default page load timeout: '30'

2021-12-17 18:33:38 - [MESSAGE][PASSED] - Object 'Object Repository/Modulo Actos Administrativos/Modulo Viáticos/Crear viatico/Page_SARA/input_Unidad_form_detalleviaticosj_idt1487' is clickable

2021-12-17 18:33:38 - [TEST_STEP][PASSED] - setText(findTestObject("Modulo Actos Administrativos/Modulo Viáticos/Crear viatico/Page_SARA/input_Unidad_form_detalleviaticosj_idt1487"), "A1"): Text 'A1' is set on object 'Object Repository/Modulo Actos Administrativos/Modulo Viáticos/Crear viatico/Page_SARA/input_Unidad_form_detalleviaticosj_idt1487'

2021-12-17 18:33:39 - [MESSAGE][PASSED] - Text 'A1' is set on object 'Object Repository/Modulo Actos Administrativos/Modulo Viáticos/Crear viatico/Page_SARA/input_Unidad_form_detalleviaticosj_idt1487'

2021-12-17 18:33:39 - [TEST_STEP][PASSED] - sendKeys(findTestObject("Modulo Actos Administrativos/Modulo Viáticos/Crear viatico/Page_SARA/input_Unidad_form_detalleviaticosj_idt1487"), Keys.chord(ENTER)): Keys 'ENTER + ' sent to object: 'Object Repository/Modulo Actos Administrativos/Modulo Viáticos/Crear viatico/Page_SARA/input_Unidad_form_detalleviaticosj_idt1487'

2021-12-17 18:33:39 - [MESSAGE][PASSED] - Keys 'ENTER + ' sent to object: 'Object Repository/Modulo Actos Administrativos/Modulo Viáticos/Crear viatico/Page_SARA/input_Unidad_form_detalleviaticosj_idt1487'

2021-12-17 18:33:39 - [TEST_STEP][PASSED] - waitForElementClickable(findTestObject("Modulo Actos Administrativos/Modulo Viáticos/Crear viatico/Page_SARA/span_ADMINISTRACION"), 0): Object 'Object Repository/Modulo Actos Administrativos/Modulo Viáticos/Crear viatico/Page_SARA/span_ADMINISTRACION' is clickable

2021-12-17 18:33:40 - [MESSAGE][WARNING] - Timeout '0' is invalid. Using default page load timeout: '30'

2021-12-17 18:33:41 - [MESSAGE][PASSED] - Object 'Object Repository/Modulo Actos Administrativos/Modulo Viáticos/Crear viatico/Page_SARA/span_ADMINISTRACION' is clickable

2021-12-17 18:33:41 - [TEST_STEP][PASSED] - click(findTestObject("Modulo Actos Administrativos/Modulo Viáticos/Crear viatico/Page_SARA/span_ADMINISTRACION")): Object: 'Object Repository/Modulo Actos Administrativos/Modulo Viáticos/Crear viatico/Page_SARA/span_ADMINISTRACION' is clicked on

2021-12-17 18:33:41 - [MESSAGE][PASSED] - Object: 'Object Repository/Modulo Actos Administrativos/Modulo Viáticos/Crear viatico/Page_SARA/span_ADMINISTRACION' is clicked on

2021-12-17 18:33:41 - [TEST_STEP][PASSED] - waitForElementClickable(findTestObject("Modulo Actos Administrativos/Modulo Viáticos/Crear viatico/Page_SARA/a_Centro Costo_form_detalleviaticosj_idt1307"), 0): Object 'Object Repository/Modulo Actos Administrativos/Modulo Viáticos/Crear viatico/Page_SARA/a_Centro Costo_form_detalleviaticosj_idt1307' is clickable

2021-12-17 18:33:41 - [MESSAGE][WARNING] - Timeout '0' is invalid. Using default page load timeout: '30'

2021-12-17 18:33:42 - [MESSAGE][PASSED] - Object 'Object Repository/Modulo Actos Administrativos/Modulo Viáticos/Crear viatico/Page_SARA/a_Centro Costo_form_detalleviaticosj_idt1307' is clickable

2021-12-17 18:33:42 - [TEST_STEP][PASSED] - click(findTestObject("Modulo Actos Administrativos/Modulo Viáticos/Crear viatico/Page_SARA/a_Centro Costo_form_detalleviaticosj_idt1307")): Object: 'Object Repository/Modulo Actos Administrativos/Modulo Viáticos/Crear viatico/Page_SARA/a_Centro Costo_form_detalleviaticosj_idt1307' is clicked on

2021-12-17 18:33:42 - [MESSAGE][PASSED] - Object: 'Object Repository/Modulo Actos Administrativos/Modulo Viáticos/Crear viatico/Page_SARA/a_Centro Costo_form_detalleviaticosj_idt1307' is clicked on

2021-12-17 18:33:42 - [TEST_STEP][PASSED] - waitForElementClickable(findTestObject("Modulo Actos Administrativos/Modulo Viáticos/Crear viatico/Page_SARA/span_Centro Costo de Prueba"), 0): Object 'Object Repository/Modulo Actos Administrativos/Modulo Viáticos/Crear viatico/Page_SARA/span_Centro Costo de Prueba' is clickable

2021-12-17 18:33:42 - [MESSAGE][WARNING] - Timeout '0' is invalid. Using default page load timeout: '30'

2021-12-17 18:33:43 - [MESSAGE][PASSED] - Object 'Object Repository/Modulo Actos Administrativos/Modulo Viáticos/Crear viatico/Page_SARA/span_Centro Costo de Prueba' is clickable

2021-12-17 18:33:43 - [TEST_STEP][PASSED] - click(findTestObject("Modulo Actos Administrativos/Modulo Viáticos/Crear viatico/Page_SARA/span_Centro Costo de Prueba")): Object: 'Object Repository/Modulo Actos Administrativos/Modulo Viáticos/Crear viatico/Page_SARA/span_Centro Costo de Prueba' is clicked on

2021-12-17 18:33:43 - [MESSAGE][PASSED] - Object: 'Object Repository/Modulo Actos Administrativos/Modulo Viáticos/Crear viatico/Page_SARA/span_Centro Costo de Prueba' is clicked on

2021-12-17 18:33:43 - [TEST_STEP][PASSED] - waitForElementClickable(findTestObject("Modulo Actos Administrativos/Modulo Viáticos/Crear viatico/Page_SARA/textarea_Objeto_form_detalleviaticosObjeto"), 0): Object 'Object Repository/Modulo Actos Administrativos/Modulo Viáticos/Crear viatico/Page_SARA/textarea_Objeto_form_detalleviaticosObjeto' is clickable

2021-12-17 18:33:43 - [MESSAGE][WARNING] - Timeout '0' is invalid. Using default page load timeout: '30'

2021-12-17 18:33:44 - [MESSAGE][PASSED] - Object 'Object Repository/Modulo Actos Administrativos/Modulo Viáticos/Crear viatico/Page_SARA/textarea_Objeto_form_detalleviaticosObjeto' is clickable

2021-12-17 18:33:44 - [TEST_STEP][PASSED] - setText(findTestObject("Modulo Actos Administrativos/Modulo Viáticos/Crear viatico/Page_SARA/textarea_Objeto_form_detalleviaticosObjeto"), "prueba"): Text 'prueba' is set on object 'Object Repository/Modulo Actos Administrativos/Modulo Viáticos/Crear viatico/Page_SARA/textarea_Objeto_form_detalleviaticosObjeto'

2021-12-17 18:33:45 - [MESSAGE][PASSED] - Text 'prueba' is set on object 'Object Repository/Modulo Actos Administrativos/Modulo Viáticos/Crear viatico/Page_SARA/textarea_Objeto_form_detalleviaticosObjeto'

2021-12-17 18:33:45 - [TEST_STEP][PASSED] - selectAllOption(findTestObject("Modulo Actos Administrativos/Modulo Viáticos/Crear viatico/Page_SARA/select_-- Seleccione --BUITRAGO BUITRAGO ANDREA")): All options are selected on object 'Object Repository/Modulo Actos Administrativos/Modulo Viáticos/Crear viatico/Page_SARA/select_-- Seleccione --BUITRAGO BUITRAGO ANDREA'

2021-12-17 18:33:47 - [MESSAGE][PASSED] - All options are selected on object 'Object Repository/Modulo Actos Administrativos/Modulo Viáticos/Crear viatico/Page_SARA/select_-- Seleccione --BUITRAGO BUITRAGO ANDREA'

2021-12-17 18:33:47 - [TEST_STEP][PASSED] - selectAllOption(findTestObject("Modulo Actos Administrativos/Modulo Viáticos/Crear viatico/Page_SARA/select_-- Seleccione --COQUINTERO 5 EMPLEADO")): All options are selected on object 'Object Repository/Modulo Actos Administrativos/Modulo Viáticos/Crear viatico/Page_SARA/select_-- Seleccione --COQUINTERO 5 EMPLEADO'

2021-12-17 18:33:49 - [MESSAGE][PASSED] - All options are selected on object 'Object Repository/Modulo Actos Administrativos/Modulo Viáticos/Crear viatico/Page_SARA/select_-- Seleccione --COQUINTERO 5 EMPLEADO'

2021-12-17 18:33:49 - [TEST_STEP][PASSED] - setText(findTestObject("Modulo Actos Administrativos/Modulo Viáticos/Crear viatico/Page_SARA/textarea_Observacin_form_detalleviaticosObservacion"), "prueba"): Text 'prueba' is set on object 'Object Repository/Modulo Actos Administrativos/Modulo Viáticos/Crear viatico/Page_SARA/textarea_Observacin_form_detalleviaticosObservacion'

2021-12-17 18:33:50 - [MESSAGE][PASSED] - Text 'prueba' is set on object 'Object Repository/Modulo Actos Administrativos/Modulo Viáticos/Crear viatico/Page_SARA/textarea_Observacin_form_detalleviaticosObservacion'

2021-12-17 18:33:50 - [TEST_STEP][PASSED] - click(findTestObject("Modulo Actos Administrativos/Modulo Viáticos/Crear viatico/Page_SARA/a_Guardar")): Object: 'Object Repository/Modulo Actos Administrativos/Modulo Viáticos/Crear viatico/Page_SARA/a_Guardar' is clicked on

2021-12-17 18:33:50 - [MESSAGE][PASSED] - Object: 'Object Repository/Modulo Actos Administrativos/Modulo Viáticos/Crear viatico/Page_SARA/a_Guardar' is clicked on

2021-12-17 18:33:50 - [TEST_STEP][PASSED] - waitForElementClickable(findTestObject("Modulo Actos Administrativos/Modulo Viáticos/Crear viatico/Page_SARA/a_Programacin"), 0): Object 'Object Repository/Modulo Actos Administrativos/Modulo Viáticos/Crear viatico/Page_SARA/a_Programacin' is clickable

2021-12-17 18:33:50 - [MESSAGE][WARNING] - Timeout '0' is invalid. Using default page load timeout: '30'

2021-12-17 18:33:52 - [MESSAGE][PASSED] - Object 'Object Repository/Modulo Actos Administrativos/Modulo Viáticos/Crear viatico/Page_SARA/a_Programacin' is clickable

2021-12-17 18:33:52 - [TEST_STEP][PASSED] - click(findTestObject("Modulo Actos Administrativos/Modulo Viáticos/Crear viatico/Page_SARA/a_Programacin")): Object: 'Object Repository/Modulo Actos Administrativos/Modulo Viáticos/Crear viatico/Page_SARA/a_Programacin' is clicked on

2021-12-17 18:33:53 - [MESSAGE][PASSED] - Object: 'Object Repository/Modulo Actos Administrativos/Modulo Viáticos/Crear viatico/Page_SARA/a_Programacin' is clicked on

2021-12-17 18:33:53 - [TEST_STEP][PASSED] - waitForElementNotHasAttribute(findTestObject("Modulo Actos Administrativos/Modulo Viáticos/Crear viatico/Page_SARA/a_Nuevo2"), "", 0): Object 'Object Repository/Modulo Actos Administrativos/Modulo Viáticos/Crear viatico/Page_SARA/a_Nuevo2' does not have attribute ''

2021-12-17 18:33:53 - [MESSAGE][WARNING] - Timeout '0' is invalid. Using default page load timeout: '30'

2021-12-17 18:33:53 - [MESSAGE][PASSED] - Object 'Object Repository/Modulo Actos Administrativos/Modulo Viáticos/Crear viatico/Page_SARA/a_Nuevo2' does not have attribute ''

2021-12-17 18:33:53 - [TEST_STEP][PASSED] - click(findTestObject("Modulo Actos Administrativos/Modulo Viáticos/Crear viatico/Page_SARA/a_Nuevo2")): Object: 'Object Repository/Modulo Actos Administrativos/Modulo Viáticos/Crear viatico/Page_SARA/a_Nuevo2' is clicked on

2021-12-17 18:33:54 - [MESSAGE][PASSED] - Object: 'Object Repository/Modulo Actos Administrativos/Modulo Viáticos/Crear viatico/Page_SARA/a_Nuevo2' is clicked on

2021-12-17 18:33:54 - [TEST_STEP][PASSED] - waitForElementClickable(findTestObject("Modulo Actos Administrativos/Modulo Viáticos/Crear viatico/Page_SARA/a_Funcionario_form_popupprogramacionviaticospestaniasj_idt1559"), 0): Object 'Object Repository/Modulo Actos Administrativos/Modulo Viáticos/Crear viatico/Page_SARA/a_Funcionario_form_popupprogramacionviaticospestaniasj_idt1559' is clickable

2021-12-17 18:33:54 - [MESSAGE][WARNING] - Timeout '0' is invalid. Using default page load timeout: '30'

2021-12-17 18:33:55 - [MESSAGE][PASSED] - Object 'Object Repository/Modulo Actos Administrativos/Modulo Viáticos/Crear viatico/Page_SARA/a_Funcionario_form_popupprogramacionviaticospestaniasj_idt1559' is clickable

2021-12-17 18:33:55 - [TEST_STEP][PASSED] - click(findTestObject("Modulo Actos Administrativos/Modulo Viáticos/Crear viatico/Page_SARA/a_Funcionario_form_popupprogramacionviaticospestaniasj_idt1559")): Object: 'Object Repository/Modulo Actos Administrativos/Modulo Viáticos/Crear viatico/Page_SARA/a_Funcionario_form_popupprogramacionviaticospestaniasj_idt1559' is clicked on

2021-12-17 18:33:55 - [MESSAGE][PASSED] - Object: 'Object Repository/Modulo Actos Administrativos/Modulo Viáticos/Crear viatico/Page_SARA/a_Funcionario_form_popupprogramacionviaticospestaniasj_idt1559' is clicked on

2021-12-17 18:33:55 - [TEST_STEP][PASSED] - waitForElementClickable(findTestObject("Modulo Actos Administrativos/Modulo Viáticos/Crear viatico/Page_SARA/input_Filtro Empleado_form_popupEmpleadoj_idt561"), 0): Object 'Object Repository/Modulo Actos Administrativos/Modulo Viáticos/Crear viatico/Page_SARA/input_Filtro Empleado_form_popupEmpleadoj_idt561' is clickable

2021-12-17 18:33:55 - [MESSAGE][WARNING] - Timeout '0' is invalid. Using default page load timeout: '30'

2021-12-17 18:33:56 - [MESSAGE][PASSED] - Object 'Object Repository/Modulo Actos Administrativos/Modulo Viáticos/Crear viatico/Page_SARA/input_Filtro Empleado_form_popupEmpleadoj_idt561' is clickable

2021-12-17 18:33:56 - [TEST_STEP][PASSED] - setText(findTestObject("Modulo Actos Administrativos/Modulo Viáticos/Crear viatico/Page_SARA/input_Filtro Empleado_form_popupEmpleadoj_idt561"), "Quintero 5 Empleado"): Text 'Quintero 5 Empleado' is set on object 'Object Repository/Modulo Actos Administrativos/Modulo Viáticos/Crear viatico/Page_SARA/input_Filtro Empleado_form_popupEmpleadoj_idt561'

2021-12-17 18:33:57 - [MESSAGE][PASSED] - Text 'Quintero 5 Empleado' is set on object 'Object Repository/Modulo Actos Administrativos/Modulo Viáticos/Crear viatico/Page_SARA/input_Filtro Empleado_form_popupEmpleadoj_idt561'

2021-12-17 18:33:57 - [TEST_STEP][PASSED] - sendKeys(findTestObject("Modulo Actos Administrativos/Modulo Viáticos/Crear viatico/Page_SARA/input_Filtro Empleado_form_popupEmpleadoj_idt561"), Keys.chord(ENTER)): Keys 'ENTER + ' sent to object: 'Object Repository/Modulo Actos Administrativos/Modulo Viáticos/Crear viatico/Page_SARA/input_Filtro Empleado_form_popupEmpleadoj_idt561'

2021-12-17 18:33:57 - [MESSAGE][PASSED] - Keys 'ENTER + ' sent to object: 'Object Repository/Modulo Actos Administrativos/Modulo Viáticos/Crear viatico/Page_SARA/input_Filtro Empleado_form_popupEmpleadoj_idt561'

2021-12-17 18:33:57 - [TEST_STEP][PASSED] - waitForElementClickable(findTestObject("Modulo Actos Administrativos/Modulo Viáticos/Crear viatico/Page_SARA/span_Quintero 5 Empleado"), 0): Object 'Object Repository/Modulo Actos Administrativos/Modulo Viáticos/Crear viatico/Page_SARA/span_Quintero 5 Empleado' is clickable

2021-12-17 18:33:57 - [MESSAGE][WARNING] - Timeout '0' is invalid. Using default page load timeout: '30'

2021-12-17 18:33:58 - [MESSAGE][PASSED] - Object 'Object Repository/Modulo Actos Administrativos/Modulo Viáticos/Crear viatico/Page_SARA/span_Quintero 5 Empleado' is clickable

2021-12-17 18:33:58 - [TEST_STEP][PASSED] - click(findTestObject("Modulo Actos Administrativos/Modulo Viáticos/Crear viatico/Page_SARA/span_Quintero 5 Empleado")): Object: 'Object Repository/Modulo Actos Administrativos/Modulo Viáticos/Crear viatico/Page_SARA/span_Quintero 5 Empleado' is clicked on

2021-12-17 18:33:59 - [MESSAGE][PASSED] - Object: 'Object Repository/Modulo Actos Administrativos/Modulo Viáticos/Crear viatico/Page_SARA/span_Quintero 5 Empleado' is clicked on

2021-12-17 18:33:59 - [TEST_STEP][PASSED] - waitForElementClickable(findTestObject("Modulo Actos Administrativos/Modulo Viáticos/Crear viatico/input_Fecha Inicial_form_popupprogramacionviaticospestaniasfechainicial_input"), 0): Object 'Object Repository/Modulo Actos Administrativos/Modulo Viáticos/Crear viatico/input_Fecha Inicial_form_popupprogramacionviaticospestaniasfechainicial_input' is clickable

2021-12-17 18:33:59 - [MESSAGE][WARNING] - Timeout '0' is invalid. Using default page load timeout: '30'

2021-12-17 18:33:59 - [MESSAGE][PASSED] - Object 'Object Repository/Modulo Actos Administrativos/Modulo Viáticos/Crear viatico/input_Fecha Inicial_form_popupprogramacionviaticospestaniasfechainicial_input' is clickable

2021-12-17 18:33:59 - [TEST_STEP][PASSED] - setText(findTestObject("Modulo Actos Administrativos/Modulo Viáticos/Crear viatico/input_Fecha Inicial_form_popupprogramacionviaticospestaniasfechainicial_input"), "01/07/2021"): Text '01/07/2021' is set on object 'Object Repository/Modulo Actos Administrativos/Modulo Viáticos/Crear viatico/input_Fecha Inicial_form_popupprogramacionviaticospestaniasfechainicial_input'

2021-12-17 18:34:00 - [MESSAGE][PASSED] - Text '01/07/2021' is set on object 'Object Repository/Modulo Actos Administrativos/Modulo Viáticos/Crear viatico/input_Fecha Inicial_form_popupprogramacionviaticospestaniasfechainicial_input'

2021-12-17 18:34:00 - [TEST_STEP][PASSED] - setText(findTestObject("Modulo Actos Administrativos/Modulo Viáticos/Crear viatico/input_Fecha Final_form_popupprogramacionviaticospestaniasfechafinal_input"), "01/10/2021"): Text '01/10/2021' is set on object 'Object Repository/Modulo Actos Administrativos/Modulo Viáticos/Crear viatico/input_Fecha Final_form_popupprogramacionviaticospestaniasfechafinal_input'

2021-12-17 18:34:01 - [MESSAGE][PASSED] - Text '01/10/2021' is set on object 'Object Repository/Modulo Actos Administrativos/Modulo Viáticos/Crear viatico/input_Fecha Final_form_popupprogramacionviaticospestaniasfechafinal_input'

2021-12-17 18:34:01 - [TEST_STEP][PASSED] - sendKeys(findTestObject("Modulo Actos Administrativos/Modulo Viáticos/Crear viatico/input_Fecha Final_form_popupprogramacionviaticospestaniasfechafinal_input"), Keys.chord(ESCAPE)): Keys 'ESCAPE + ' sent to object: 'Object Repository/Modulo Actos Administrativos/Modulo Viáticos/Crear viatico/input_Fecha Final_form_popupprogramacionviaticospestaniasfechafinal_input'

2021-12-17 18:34:02 - [MESSAGE][PASSED] - Keys 'ESCAPE + ' sent to object: 'Object Repository/Modulo Actos Administrativos/Modulo Viáticos/Crear viatico/input_Fecha Final_form_popupprogramacionviaticospestaniasfechafinal_input'

2021-12-17 18:34:02 - [TEST_STEP][PASSED] - selectOptionByIndex(findTestObject("Modulo Actos Administrativos/Modulo Viáticos/Crear viatico/Page_SARA/select_--- Seleccione Destino --Barranquilla"), "3"): All options with index in [3] are selected on object 'Object Repository/Modulo Actos Administrativos/Modulo Viáticos/Crear viatico/Page_SARA/select_--- Seleccione Destino --Barranquilla'

2021-12-17 18:34:03 - [MESSAGE][PASSED] - All options with index in [3] are selected on object 'Object Repository/Modulo Actos Administrativos/Modulo Viáticos/Crear viatico/Page_SARA/select_--- Seleccione Destino --Barranquilla'

2021-12-17 18:34:03 - [TEST_STEP][PASSED] - selectOptionByIndex(findTestObject("Modulo Actos Administrativos/Modulo Viáticos/Crear viatico/Page_SARA/select_-- Seleccione Tipo Comisin --ADMINISTRATIVO2"), "1"): All options with index in [1] are selected on object 'Object Repository/Modulo Actos Administrativos/Modulo Viáticos/Crear viatico/Page_SARA/select_-- Seleccione Tipo Comisin --ADMINISTRATIVO2'

2021-12-17 18:34:04 - [MESSAGE][PASSED] - All options with index in [1] are selected on object 'Object Repository/Modulo Actos Administrativos/Modulo Viáticos/Crear viatico/Page_SARA/select_-- Seleccione Tipo Comisin --ADMINISTRATIVO2'

2021-12-17 18:34:04 - [TEST_STEP][PASSED] - click(findTestObject("Modulo Actos Administrativos/Modulo Viáticos/Crear viatico/Page_SARA/a_Entidad_form_popupprogramacionviaticospestaniasj_idt1581")): Object: 'Object Repository/Modulo Actos Administrativos/Modulo Viáticos/Crear viatico/Page_SARA/a_Entidad_form_popupprogramacionviaticospestaniasj_idt1581' is clicked on

2021-12-17 18:34:04 - [MESSAGE][PASSED] - Object: 'Object Repository/Modulo Actos Administrativos/Modulo Viáticos/Crear viatico/Page_SARA/a_Entidad_form_popupprogramacionviaticospestaniasj_idt1581' is clicked on

2021-12-17 18:34:04 - [TEST_STEP][PASSED] - waitForElementClickable(findTestObject("Modulo Actos Administrativos/Modulo Viáticos/Crear viatico/Page_SARA/td_123"), 0): Object 'Object Repository/Modulo Actos Administrativos/Modulo Viáticos/Crear viatico/Page_SARA/td_123' is clickable

2021-12-17 18:34:04 - [MESSAGE][WARNING] - Timeout '0' is invalid. Using default page load timeout: '30'

2021-12-17 18:34:05 - [MESSAGE][PASSED] - Object 'Object Repository/Modulo Actos Administrativos/Modulo Viáticos/Crear viatico/Page_SARA/td_123' is clickable

2021-12-17 18:34:05 - [TEST_STEP][PASSED] - click(findTestObject("Modulo Actos Administrativos/Modulo Viáticos/Crear viatico/Page_SARA/td_123")): Object: 'Object Repository/Modulo Actos Administrativos/Modulo Viáticos/Crear viatico/Page_SARA/td_123' is clicked on

2021-12-17 18:34:06 - [MESSAGE][PASSED] - Object: 'Object Repository/Modulo Actos Administrativos/Modulo Viáticos/Crear viatico/Page_SARA/td_123' is clicked on

2021-12-17 18:34:06 - [TEST_STEP][PASSED] - waitForElementClickable(findTestObject("Modulo Actos Administrativos/Modulo Viáticos/Crear viatico/Page_SARA/select_--- Seleccione Ambito --EXTERIOR 1EXTERIOR 2NACIONAL 1"), 0): Object 'Object Repository/Modulo Actos Administrativos/Modulo Viáticos/Crear viatico/Page_SARA/select_--- Seleccione Ambito --EXTERIOR 1EXTERIOR 2NACIONAL 1' is clickable

2021-12-17 18:34:06 - [MESSAGE][WARNING] - Timeout '0' is invalid. Using default page load timeout: '30'

2021-12-17 18:34:06 - [MESSAGE][PASSED] - Object 'Object Repository/Modulo Actos Administrativos/Modulo Viáticos/Crear viatico/Page_SARA/select_--- Seleccione Ambito --EXTERIOR 1EXTERIOR 2NACIONAL 1' is clickable

2021-12-17 18:34:06 - [TEST_STEP][PASSED] - selectOptionByIndex(findTestObject("Modulo Actos Administrativos/Modulo Viáticos/Crear viatico/Page_SARA/select_--- Seleccione Ambito --EXTERIOR 1EXTERIOR 2NACIONAL 1"), "3"): All options with index in [3] are selected on object 'Object Repository/Modulo Actos Administrativos/Modulo Viáticos/Crear viatico/Page_SARA/select_--- Seleccione Ambito --EXTERIOR 1EXTERIOR 2NACIONAL 1'

2021-12-17 18:34:07 - [MESSAGE][PASSED] - All options with index in [3] are selected on object 'Object Repository/Modulo Actos Administrativos/Modulo Viáticos/Crear viatico/Page_SARA/select_--- Seleccione Ambito --EXTERIOR 1EXTERIOR 2NACIONAL 1'

2021-12-17 18:34:07 - [TEST_STEP][PASSED] - waitForElementClickable(findTestObject("Modulo Actos Administrativos/Modulo Viáticos/Crear viatico/Page_SARA/a_Guardar2"), 0): Object 'Object Repository/Modulo Actos Administrativos/Modulo Viáticos/Crear viatico/Page_SARA/a_Guardar2' is clickable

2021-12-17 18:34:07 - [MESSAGE][WARNING] - Timeout '0' is invalid. Using default page load timeout: '30'

2021-12-17 18:34:08 - [MESSAGE][PASSED] - Object 'Object Repository/Modulo Actos Administrativos/Modulo Viáticos/Crear viatico/Page_SARA/a_Guardar2' is clickable

2021-12-17 18:34:08 - [TEST_STEP][PASSED] - click(findTestObject("Modulo Actos Administrativos/Modulo Viáticos/Crear viatico/Page_SARA/a_Guardar2")): Object: 'Object Repository/Modulo Actos Administrativos/Modulo Viáticos/Crear viatico/Page_SARA/a_Guardar2' is clicked on

2021-12-17 18:34:08 - [MESSAGE][PASSED] - Object: 'Object Repository/Modulo Actos Administrativos/Modulo Viáticos/Crear viatico/Page_SARA/a_Guardar2' is clicked on

2021-12-17 18:34:08 - [TEST_STEP][PASSED] - waitForElementClickable(findTestObject("Modulo Actos Administrativos/Modulo Viáticos/Crear viatico/Page_SARA/a_Entidades Vigiladas"), 0): Object 'Object Repository/Modulo Actos Administrativos/Modulo Viáticos/Crear viatico/Page_SARA/a_Entidades Vigiladas' is clickable

2021-12-17 18:34:08 - [MESSAGE][WARNING] - Timeout '0' is invalid. Using default page load timeout: '30'

2021-12-17 18:34:09 - [MESSAGE][PASSED] - Object 'Object Repository/Modulo Actos Administrativos/Modulo Viáticos/Crear viatico/Page_SARA/a_Entidades Vigiladas' is clickable

2021-12-17 18:34:09 - [TEST_STEP][PASSED] - click(findTestObject("Modulo Actos Administrativos/Modulo Viáticos/Crear viatico/Page_SARA/a_Entidades Vigiladas")): Object: 'Object Repository/Modulo Actos Administrativos/Modulo Viáticos/Crear viatico/Page_SARA/a_Entidades Vigiladas' is clicked on

2021-12-17 18:34:10 - [MESSAGE][PASSED] - Object: 'Object Repository/Modulo Actos Administrativos/Modulo Viáticos/Crear viatico/Page_SARA/a_Entidades Vigiladas' is clicked on

2021-12-17 18:34:10 - [TEST_STEP][PASSED] - click(findTestObject("Modulo Actos Administrativos/Modulo Viáticos/Crear viatico/Page_SARA/a_Fecha Final_form_Entidad_entidades_vigiladas")): Object: 'Object Repository/Modulo Actos Administrativos/Modulo Viáticos/Crear viatico/Page_SARA/a_Fecha Final_form_Entidad_entidades_vigiladas' is clicked on

2021-12-17 18:34:10 - [MESSAGE][PASSED] - Object: 'Object Repository/Modulo Actos Administrativos/Modulo Viáticos/Crear viatico/Page_SARA/a_Fecha Final_form_Entidad_entidades_vigiladas' is clicked on

2021-12-17 18:34:10 - [TEST_STEP][PASSED] - waitForElementClickable(findTestObject("Modulo Actos Administrativos/Modulo Viáticos/Crear viatico/Page_SARA/td_123_entidades vigiladas"), 0): Web element with id: 'Object Repository/Modulo Actos Administrativos/Modulo Viáticos/Crear viatico/Page_SARA/td_123_entidades vigiladas' located by '//tbody[@id='form_popupprogramacionviaticos:planesInversion_data']/tr[2]/td[2]' not found

2021-12-17 18:34:10 - [MESSAGE][WARNING] - Timeout '0' is invalid. Using default page load timeout: '30'

2021-12-17 18:34:42 - [MESSAGE][INFO] - Unable to find the element located by 'By.xpath: //tbody[@id='form_popupprogramacionviaticos:planesInversion_data']/tr[2]/td[2]'. Please recheck the objects properties to make sure the desired element is located. 

2021-12-17 18:34:42 - [MESSAGE][WARNING] - Web element with id: 'Object Repository/Modulo Actos Administrativos/Modulo Viáticos/Crear viatico/Page_SARA/td_123_entidades vigiladas' located by '//tbody[@id='form_popupprogramacionviaticos:planesInversion_data']/tr[2]/td[2]' not found

2021-12-17 18:34:42 - [TEST_STEP][FAILED] - click(findTestObject("Modulo Actos Administrativos/Modulo Viáticos/Crear viatico/Page_SARA/td_123_entidades vigiladas")): Unable to click on object 'Object Repository/Modulo Actos Administrativos/Modulo Viáticos/Crear viatico/Page_SARA/td_123_entidades vigiladas' (Root cause: com.kms.katalon.core.exception.StepFailedException: Unable to click on object 'Object Repository/Modulo Actos Administrativos/Modulo Viáticos/Crear viatico/Page_SARA/td_123_entidades vigiladas'
	at com.kms.katalon.core.webui.keyword.internal.WebUIKeywordMain.stepFailed(WebUIKeywordMain.groovy:64)
	at com.kms.katalon.core.webui.keyword.internal.WebUIKeywordMain.runKeyword(WebUIKeywordMain.groovy:26)
	at com.kms.katalon.core.webui.keyword.builtin.ClickKeyword.click(ClickKeyword.groovy:74)
	at com.kms.katalon.core.webui.keyword.builtin.ClickKeyword.execute(ClickKeyword.groovy:40)
	at com.kms.katalon.core.keyword.internal.KeywordExecutor.executeKeywordForPlatform(KeywordExecutor.groovy:74)
	at com.kms.katalon.core.webui.keyword.WebUiBuiltInKeywords.click(WebUiBuiltInKeywords.groovy:620)
	at com.kms.katalon.core.webui.keyword.WebUiBuiltInKeywords$click$5.call(Unknown Source)
	at 1.5.9 Crear Viáticos.run(1.5.9 Crear Viáticos:196)
	at com.kms.katalon.core.main.ScriptEngine.run(ScriptEngine.java:194)
	at com.kms.katalon.core.main.ScriptEngine.runScriptAsRawText(ScriptEngine.java:119)
	at com.kms.katalon.core.main.TestCaseExecutor.runScript(TestCaseExecutor.java:442)
	at com.kms.katalon.core.main.TestCaseExecutor.doExecute(TestCaseExecutor.java:433)
	at com.kms.katalon.core.main.TestCaseExecutor.processExecutionPhase(TestCaseExecutor.java:412)
	at com.kms.katalon.core.main.TestCaseExecutor.accessMainPhase(TestCaseExecutor.java:404)
	at com.kms.katalon.core.main.TestCaseExecutor.execute(TestCaseExecutor.java:281)
	at com.kms.katalon.core.main.TestSuiteExecutor.accessTestCaseMainPhase(TestSuiteExecutor.java:202)
	at com.kms.katalon.core.main.TestSuiteExecutor.accessTestSuiteMainPhase(TestSuiteExecutor.java:164)
	at com.kms.katalon.core.main.TestSuiteExecutor.execute(TestSuiteExecutor.java:105)
	at com.kms.katalon.core.main.TestCaseMain.startTestSuite(TestCaseMain.java:181)
	at com.kms.katalon.core.main.TestCaseMain$startTestSuite$0.call(Unknown Source)
	at TempTestSuite1639780222929.run(TempTestSuite1639780222929.groovy:36)
Caused by: com.kms.katalon.core.webui.exception.WebElementNotFoundException: Web element with id: 'Object Repository/Modulo Actos Administrativos/Modulo Viáticos/Crear viatico/Page_SARA/td_123_entidades vigiladas' located by '//tbody[@id='form_popupprogramacionviaticos:planesInversion_data']/tr[2]/td[2]' not found
	at com.kms.katalon.core.webui.common.WebUiCommonHelper.findWebElement(WebUiCommonHelper.java:1368)
	at com.kms.katalon.core.webui.keyword.internal.WebUIAbstractKeyword.findWebElement(WebUIAbstractKeyword.groovy:27)
	at com.kms.katalon.core.webui.keyword.builtin.ClickKeyword$_click_closure1.doCall(ClickKeyword.groovy:65)
	at com.kms.katalon.core.webui.keyword.builtin.ClickKeyword$_click_closure1.call(ClickKeyword.groovy)
	at com.kms.katalon.core.webui.keyword.internal.WebUIKeywordMain.runKeyword(WebUIKeywordMain.groovy:20)
	at com.kms.katalon.core.webui.keyword.builtin.ClickKeyword.click(ClickKeyword.groovy:74)
	at com.kms.katalon.core.webui.keyword.builtin.ClickKeyword.execute(ClickKeyword.groovy:40)
	at com.kms.katalon.core.keyword.internal.KeywordExecutor.executeKeywordForPlatform(KeywordExecutor.groovy:74)
	at com.kms.katalon.core.webui.keyword.WebUiBuiltInKeywords.click(WebUiBuiltInKeywords.groovy:620)
	at com.kms.katalon.core.webui.keyword.WebUiBuiltInKeywords$click$5.call(Unknown Source)
	at Script1629930083943.run(Script1629930083943.groovy:196)
	... 13 more
)

2021-12-17 18:35:13 - [MESSAGE][INFO] - Unable to find the element located by 'By.xpath: //tbody[@id='form_popupprogramacionviaticos:planesInversion_data']/tr[2]/td[2]'. Please recheck the objects properties to make sure the desired element is located. 

2021-12-17 18:35:13 - [MESSAGE][FAILED] - Unable to click on object 'Object Repository/Modulo Actos Administrativos/Modulo Viáticos/Crear viatico/Page_SARA/td_123_entidades vigiladas' (Root cause: com.kms.katalon.core.exception.StepFailedException: Unable to click on object 'Object Repository/Modulo Actos Administrativos/Modulo Viáticos/Crear viatico/Page_SARA/td_123_entidades vigiladas'
	at com.kms.katalon.core.webui.keyword.internal.WebUIKeywordMain.stepFailed(WebUIKeywordMain.groovy:64)
	at com.kms.katalon.core.webui.keyword.internal.WebUIKeywordMain.runKeyword(WebUIKeywordMain.groovy:26)
	at com.kms.katalon.core.webui.keyword.builtin.ClickKeyword.click(ClickKeyword.groovy:74)
	at com.kms.katalon.core.webui.keyword.builtin.ClickKeyword.execute(ClickKeyword.groovy:40)
	at com.kms.katalon.core.keyword.internal.KeywordExecutor.executeKeywordForPlatform(KeywordExecutor.groovy:74)
	at com.kms.katalon.core.webui.keyword.WebUiBuiltInKeywords.click(WebUiBuiltInKeywords.groovy:620)
	at com.kms.katalon.core.webui.keyword.WebUiBuiltInKeywords$click$5.call(Unknown Source)
	at 1.5.9 Crear Viáticos.run(1.5.9 Crear Viáticos:196)
	at com.kms.katalon.core.main.ScriptEngine.run(ScriptEngine.java:194)
	at com.kms.katalon.core.main.ScriptEngine.runScriptAsRawText(ScriptEngine.java:119)
	at com.kms.katalon.core.main.TestCaseExecutor.runScript(TestCaseExecutor.java:442)
	at com.kms.katalon.core.main.TestCaseExecutor.doExecute(TestCaseExecutor.java:433)
	at com.kms.katalon.core.main.TestCaseExecutor.processExecutionPhase(TestCaseExecutor.java:412)
	at com.kms.katalon.core.main.TestCaseExecutor.accessMainPhase(TestCaseExecutor.java:404)
	at com.kms.katalon.core.main.TestCaseExecutor.execute(TestCaseExecutor.java:281)
	at com.kms.katalon.core.main.TestSuiteExecutor.accessTestCaseMainPhase(TestSuiteExecutor.java:202)
	at com.kms.katalon.core.main.TestSuiteExecutor.accessTestSuiteMainPhase(TestSuiteExecutor.java:164)
	at com.kms.katalon.core.main.TestSuiteExecutor.execute(TestSuiteExecutor.java:105)
	at com.kms.katalon.core.main.TestCaseMain.startTestSuite(TestCaseMain.java:181)
	at com.kms.katalon.core.main.TestCaseMain$startTestSuite$0.call(Unknown Source)
	at TempTestSuite1639780222929.run(TempTestSuite1639780222929.groovy:36)
Caused by: com.kms.katalon.core.webui.exception.WebElementNotFoundException: Web element with id: 'Object Repository/Modulo Actos Administrativos/Modulo Viáticos/Crear viatico/Page_SARA/td_123_entidades vigiladas' located by '//tbody[@id='form_popupprogramacionviaticos:planesInversion_data']/tr[2]/td[2]' not found
	at com.kms.katalon.core.webui.common.WebUiCommonHelper.findWebElement(WebUiCommonHelper.java:1368)
	at com.kms.katalon.core.webui.keyword.internal.WebUIAbstractKeyword.findWebElement(WebUIAbstractKeyword.groovy:27)
	at com.kms.katalon.core.webui.keyword.builtin.ClickKeyword$_click_closure1.doCall(ClickKeyword.groovy:65)
	at com.kms.katalon.core.webui.keyword.builtin.ClickKeyword$_click_closure1.call(ClickKeyword.groovy)
	at com.kms.katalon.core.webui.keyword.internal.WebUIKeywordMain.runKeyword(WebUIKeywordMain.groovy:20)
	at com.kms.katalon.core.webui.keyword.builtin.ClickKeyword.click(ClickKeyword.groovy:74)
	at com.kms.katalon.core.webui.keyword.builtin.ClickKeyword.execute(ClickKeyword.groovy:40)
	at com.kms.katalon.core.keyword.internal.KeywordExecutor.executeKeywordForPlatform(KeywordExecutor.groovy:74)
	at com.kms.katalon.core.webui.keyword.WebUiBuiltInKeywords.click(WebUiBuiltInKeywords.groovy:620)
	at com.kms.katalon.core.webui.keyword.WebUiBuiltInKeywords$click$5.call(Unknown Source)
	at Script1629930083943.run(Script1629930083943.groovy:196)
	... 13 more
)
[[ATTACHMENT|C:\\Users\\diego.rojas\\git\\Pruebas-Minimas\\Reports\\20211217_173017\\1-Tareas Principales\\20211217_173022\\1639784113422.png]]]]></system-out>
         <system-err><![CDATA[2021-12-17 18:32:45 - [TEST_CASE][FAILED] - Test Cases/1.1-Tareas Principales/1.5.9 Crear Viáticos: Test Cases/1.1-Tareas Principales/1.5.9 Crear Viáticos FAILED.
Reason:
com.kms.katalon.core.exception.StepFailedException: Unable to click on object 'Object Repository/Modulo Actos Administrativos/Modulo Viáticos/Crear viatico/Page_SARA/td_123_entidades vigiladas'
	at com.kms.katalon.core.webui.keyword.internal.WebUIKeywordMain.stepFailed(WebUIKeywordMain.groovy:64)
	at com.kms.katalon.core.webui.keyword.internal.WebUIKeywordMain.runKeyword(WebUIKeywordMain.groovy:26)
	at com.kms.katalon.core.webui.keyword.builtin.ClickKeyword.click(ClickKeyword.groovy:74)
	at com.kms.katalon.core.webui.keyword.builtin.ClickKeyword.execute(ClickKeyword.groovy:40)
	at com.kms.katalon.core.keyword.internal.KeywordExecutor.executeKeywordForPlatform(KeywordExecutor.groovy:74)
	at com.kms.katalon.core.webui.keyword.WebUiBuiltInKeywords.click(WebUiBuiltInKeywords.groovy:620)
	at com.kms.katalon.core.webui.keyword.WebUiBuiltInKeywords$click$5.call(Unknown Source)
	at 1.5.9 Crear Viáticos.run(1.5.9 Crear Viáticos:196)
	at com.kms.katalon.core.main.ScriptEngine.run(ScriptEngine.java:194)
	at com.kms.katalon.core.main.ScriptEngine.runScriptAsRawText(ScriptEngine.java:119)
	at com.kms.katalon.core.main.TestCaseExecutor.runScript(TestCaseExecutor.java:442)
	at com.kms.katalon.core.main.TestCaseExecutor.doExecute(TestCaseExecutor.java:433)
	at com.kms.katalon.core.main.TestCaseExecutor.processExecutionPhase(TestCaseExecutor.java:412)
	at com.kms.katalon.core.main.TestCaseExecutor.accessMainPhase(TestCaseExecutor.java:404)
	at com.kms.katalon.core.main.TestCaseExecutor.execute(TestCaseExecutor.java:281)
	at com.kms.katalon.core.main.TestSuiteExecutor.accessTestCaseMainPhase(TestSuiteExecutor.java:202)
	at com.kms.katalon.core.main.TestSuiteExecutor.accessTestSuiteMainPhase(TestSuiteExecutor.java:164)
	at com.kms.katalon.core.main.TestSuiteExecutor.execute(TestSuiteExecutor.java:105)
	at com.kms.katalon.core.main.TestCaseMain.startTestSuite(TestCaseMain.java:181)
	at com.kms.katalon.core.main.TestCaseMain$startTestSuite$0.call(Unknown Source)
	at TempTestSuite1639780222929.run(TempTestSuite1639780222929.groovy:36)
Caused by: com.kms.katalon.core.webui.exception.WebElementNotFoundException: Web element with id: 'Object Repository/Modulo Actos Administrativos/Modulo Viáticos/Crear viatico/Page_SARA/td_123_entidades vigiladas' located by '//tbody[@id='form_popupprogramacionviaticos:planesInversion_data']/tr[2]/td[2]' not found
	at com.kms.katalon.core.webui.common.WebUiCommonHelper.findWebElement(WebUiCommonHelper.java:1368)
	at com.kms.katalon.core.webui.keyword.internal.WebUIAbstractKeyword.findWebElement(WebUIAbstractKeyword.groovy:27)
	at com.kms.katalon.core.webui.keyword.builtin.ClickKeyword$_click_closure1.doCall(ClickKeyword.groovy:65)
	at com.kms.katalon.core.webui.keyword.builtin.ClickKeyword$_click_closure1.call(ClickKeyword.groovy)
	at com.kms.katalon.core.webui.keyword.internal.WebUIKeywordMain.runKeyword(WebUIKeywordMain.groovy:20)
	... 19 more]]></system-err>
      </testcase>
      <testcase name="Test Cases/1.1-Tareas Principales/1.6.1 Costos de Viáticos" time="57.53" classname="Test Cases/1.1-Tareas Principales/1.6.1 Costos de Viáticos" status="PASSED">
         <system-out><![CDATA[2021-12-17 18:35:13 - [TEST_CASE][PASSED] - Test Cases/1.1-Tareas Principales/1.6.1 Costos de Viáticos: Test Cases/1.1-Tareas Principales/1.6.1 Costos de Viáticos

2021-12-17 18:35:13 - [TEST_STEP][PASSED] - callTestCase(findTestCase("0.1-Login"), [:], STOP_ON_FAILURE): Call Test Case 'Test Cases/0.1-Login' successfully

2021-12-17 18:35:13 - [TEST_CASE][PASSED] - Test Cases/0.1-Login: Test Cases/0.1-Login

2021-12-17 18:35:13 - [TEST_STEP][PASSED] - openBrowser(""): Browser is opened with url: ''

2021-12-17 18:35:13 - [MESSAGE][WARNING] - A browser is already opened. Closing browser and opening a new one

2021-12-17 18:35:14 - [MESSAGE][INFO] - Starting 'Chrome' driver

2021-12-17 18:35:14 - [MESSAGE][INFO] - Action delay is set to 0 milliseconds

2021-12-17 18:35:16 - [MESSAGE][PASSED] - Browser is opened with url: ''

2021-12-17 18:35:16 - [TEST_STEP][PASSED] - maximizeWindow(): Current window maximized

2021-12-17 18:35:16 - [MESSAGE][PASSED] - Current window maximized

2021-12-17 18:35:16 - [TEST_STEP][PASSED] - i = G_Login: null

2021-12-17 18:35:16 - [TEST_STEP][PASSED] - url = new java.net.URL(i): null

2021-12-17 18:35:16 - [TEST_STEP][PASSED] - println("URL: " + url.toString()): null

2021-12-17 18:35:16 - [TEST_STEP][PASSED] - connection = url.openConnection(): null

2021-12-17 18:35:16 - [TEST_STEP][PASSED] - connection.setRequestMethod("GET"): null

2021-12-17 18:35:16 - [TEST_STEP][PASSED] - connection.setReadTimeout(2 * 1000): null

2021-12-17 18:35:16 - [TEST_STEP][PASSED] - try: null

2021-12-17 18:35:16 - [TEST_STEP][PASSED] - connection.connect(): null

2021-12-17 18:35:16 - [TEST_STEP][PASSED] - flag = connected: null

2021-12-17 18:35:16 - [TEST_STEP][PASSED] - println("Valor_ori: " + flag): null

2021-12-17 18:35:16 - [TEST_STEP][PASSED] - if (flag): null

2021-12-17 18:35:16 - [TEST_STEP][PASSED] - navigateToUrl(i): Navigate to 'http://192.168.2.29:7001/saraweb' successfully

2021-12-17 18:35:21 - [MESSAGE][PASSED] - Navigate to 'http://192.168.2.29:7001/saraweb' successfully

2021-12-17 18:35:21 - [TEST_STEP][PASSED] - a(): null

2021-12-17 18:35:21 - [TEST_STEP][PASSED] - setText(findTestObject("Login/input_USUARIO_loginusuario"), G_Usuario): Text 'weblogic' is set on object 'Object Repository/Login/input_USUARIO_loginusuario'

2021-12-17 18:35:22 - [MESSAGE][PASSED] - Text 'weblogic' is set on object 'Object Repository/Login/input_USUARIO_loginusuario'

2021-12-17 18:35:22 - [TEST_STEP][PASSED] - setEncryptedText(findTestObject("Login/input_CLAVE_loginpassword"), "MkG4/TYiCFC3cb2driP7+Q=="): Text ****** has been set on object 'Object Repository/Login/input_CLAVE_loginpassword'

2021-12-17 18:35:22 - [MESSAGE][PASSED] - Text ****** has been set on object 'Object Repository/Login/input_CLAVE_loginpassword'

2021-12-17 18:35:22 - [TEST_STEP][PASSED] - waitForElementClickable(findTestObject("Login/a_Ingresar"), G_TimeOut): Object 'Object Repository/Login/a_Ingresar' is clickable

2021-12-17 18:35:23 - [MESSAGE][PASSED] - Object 'Object Repository/Login/a_Ingresar' is clickable

2021-12-17 18:35:23 - [TEST_STEP][PASSED] - click(findTestObject("Login/a_Ingresar")): Object: 'Object Repository/Login/a_Ingresar' is clicked on

2021-12-17 18:35:31 - [MESSAGE][PASSED] - Object: 'Object Repository/Login/a_Ingresar' is clicked on

2021-12-17 18:35:31 - [TEST_STEP][PASSED] - element = findWebElement(findTestObject("Login/a_Ir"), 30): null

2021-12-17 18:35:32 - [TEST_STEP][PASSED] - executeJavaScript("arguments[0].click()", Arrays.asList(element)): Execute JavaScript 'arguments[0].click()' successfully

2021-12-17 18:35:32 - [MESSAGE][PASSED] - Execute JavaScript 'arguments[0].click()' successfully

2021-12-17 18:35:32 - [MESSAGE][PASSED] - Call Test Case 'Test Cases/0.1-Login' successfully

2021-12-17 18:35:32 - [TEST_STEP][PASSED] - waitForElementClickable(findTestObject("Modulo Actos Administrativos/Modulo Viáticos/Costos de Viáticos/input_ADMINISTRADOR DEL SISTEMA - SARA_form_templatej_idt24_input"), 0): Object 'Object Repository/Modulo Actos Administrativos/Modulo Viáticos/Costos de Viáticos/input_ADMINISTRADOR DEL SISTEMA - SARA_form_templatej_idt24_input' is clickable

2021-12-17 18:35:32 - [MESSAGE][WARNING] - Timeout '0' is invalid. Using default page load timeout: '30'

2021-12-17 18:35:40 - [MESSAGE][PASSED] - Object 'Object Repository/Modulo Actos Administrativos/Modulo Viáticos/Costos de Viáticos/input_ADMINISTRADOR DEL SISTEMA - SARA_form_templatej_idt24_input' is clickable

2021-12-17 18:35:40 - [TEST_STEP][PASSED] - setText(findTestObject("Modulo Actos Administrativos/Modulo Viáticos/Costos de Viáticos/input_ADMINISTRADOR DEL SISTEMA - SARA_form_templatej_idt24_input"), "listado de viaticos"): Text 'listado de viaticos' is set on object 'Object Repository/Modulo Actos Administrativos/Modulo Viáticos/Costos de Viáticos/input_ADMINISTRADOR DEL SISTEMA - SARA_form_templatej_idt24_input'

2021-12-17 18:35:40 - [MESSAGE][PASSED] - Text 'listado de viaticos' is set on object 'Object Repository/Modulo Actos Administrativos/Modulo Viáticos/Costos de Viáticos/input_ADMINISTRADOR DEL SISTEMA - SARA_form_templatej_idt24_input'

2021-12-17 18:35:40 - [TEST_STEP][PASSED] - waitForElementClickable(findTestObject("Modulo Actos Administrativos/Modulo Viáticos/Costos de Viáticos/li_Listado de Viaticos (act)"), 0): Object 'Object Repository/Modulo Actos Administrativos/Modulo Viáticos/Costos de Viáticos/li_Listado de Viaticos (act)' is clickable

2021-12-17 18:35:40 - [MESSAGE][WARNING] - Timeout '0' is invalid. Using default page load timeout: '30'

2021-12-17 18:35:42 - [MESSAGE][PASSED] - Object 'Object Repository/Modulo Actos Administrativos/Modulo Viáticos/Costos de Viáticos/li_Listado de Viaticos (act)' is clickable

2021-12-17 18:35:42 - [TEST_STEP][PASSED] - sendKeys(findTestObject("Modulo Actos Administrativos/Modulo Viáticos/Costos de Viáticos/input_ADMINISTRADOR DEL SISTEMA - SARA_form_templatej_idt24_input"), Keys.chord(ENTER)): Keys 'ENTER + ' sent to object: 'Object Repository/Modulo Actos Administrativos/Modulo Viáticos/Costos de Viáticos/input_ADMINISTRADOR DEL SISTEMA - SARA_form_templatej_idt24_input'

2021-12-17 18:35:42 - [MESSAGE][PASSED] - Keys 'ENTER + ' sent to object: 'Object Repository/Modulo Actos Administrativos/Modulo Viáticos/Costos de Viáticos/input_ADMINISTRADOR DEL SISTEMA - SARA_form_templatej_idt24_input'

2021-12-17 18:35:42 - [TEST_STEP][PASSED] - selectOptionByIndex(findTestObject("Modulo Actos Administrativos/Modulo Viáticos/Costos de Viáticos/select_--Seleccione--Estado"), 2): All options with index in [2] are selected on object 'Object Repository/Modulo Actos Administrativos/Modulo Viáticos/Costos de Viáticos/select_--Seleccione--Estado'

2021-12-17 18:35:51 - [MESSAGE][PASSED] - All options with index in [2] are selected on object 'Object Repository/Modulo Actos Administrativos/Modulo Viáticos/Costos de Viáticos/select_--Seleccione--Estado'

2021-12-17 18:35:51 - [TEST_STEP][PASSED] - if (waitForElementClickable(findTestObject("Modulo Actos Administrativos/Modulo Viáticos/Complementario de Viáticos/span_5"), 2)): null

2021-12-17 18:35:52 - [MESSAGE][PASSED] - Object 'Object Repository/Modulo Actos Administrativos/Modulo Viáticos/Complementario de Viáticos/span_5' is clickable

2021-12-17 18:35:52 - [TEST_STEP][PASSED] - click(findTestObject("Modulo Actos Administrativos/Modulo Viáticos/Complementario de Viáticos/span_5")): Object: 'Object Repository/Modulo Actos Administrativos/Modulo Viáticos/Complementario de Viáticos/span_5' is clicked on

2021-12-17 18:35:52 - [MESSAGE][PASSED] - Object: 'Object Repository/Modulo Actos Administrativos/Modulo Viáticos/Complementario de Viáticos/span_5' is clicked on

2021-12-17 18:35:52 - [TEST_STEP][PASSED] - waitForElementClickable(findTestObject("Modulo Actos Administrativos/Modulo Viáticos/Costos de Viáticos/a_Costos"), 0): Object 'Object Repository/Modulo Actos Administrativos/Modulo Viáticos/Costos de Viáticos/a_Costos' is clickable

2021-12-17 18:35:52 - [MESSAGE][WARNING] - Timeout '0' is invalid. Using default page load timeout: '30'

2021-12-17 18:35:54 - [MESSAGE][PASSED] - Object 'Object Repository/Modulo Actos Administrativos/Modulo Viáticos/Costos de Viáticos/a_Costos' is clickable

2021-12-17 18:35:54 - [TEST_STEP][PASSED] - click(findTestObject("Modulo Actos Administrativos/Modulo Viáticos/Costos de Viáticos/a_Costos")): Object: 'Object Repository/Modulo Actos Administrativos/Modulo Viáticos/Costos de Viáticos/a_Costos' is clicked on

2021-12-17 18:35:54 - [MESSAGE][PASSED] - Object: 'Object Repository/Modulo Actos Administrativos/Modulo Viáticos/Costos de Viáticos/a_Costos' is clicked on

2021-12-17 18:35:54 - [TEST_STEP][PASSED] - sendKeys(findTestObject("Modulo Actos Administrativos/Modulo Viáticos/Costos de Viáticos/a_Costos"), Keys.chord(DOWN, DOWN, DOWN, DOWN, DOWN, DOWN, DOWN)): Keys 'DOWN + DOWN + DOWN + DOWN + DOWN + DOWN + DOWN + ' sent to object: 'Object Repository/Modulo Actos Administrativos/Modulo Viáticos/Costos de Viáticos/a_Costos'

2021-12-17 18:35:55 - [MESSAGE][PASSED] - Keys 'DOWN + DOWN + DOWN + DOWN + DOWN + DOWN + DOWN + ' sent to object: 'Object Repository/Modulo Actos Administrativos/Modulo Viáticos/Costos de Viáticos/a_Costos'

2021-12-17 18:35:55 - [TEST_STEP][PASSED] - if (waitForElementClickable(findTestObject("Modulo Actos Administrativos/Modulo Viáticos/Costos de Viáticos/td_QUINTERO 5 EMPLEADO"), 2)): Web element with id: 'Object Repository/Modulo Actos Administrativos/Modulo Viáticos/Costos de Viáticos/td_QUINTERO 5 EMPLEADO' located by '//div/div/table/tbody/tr/td[2]' not found

2021-12-17 18:35:58 - [MESSAGE][INFO] - Unable to find the element located by 'By.xpath: //div/div/table/tbody/tr/td[2]'. Please recheck the objects properties to make sure the desired element is located. 

2021-12-17 18:35:58 - [MESSAGE][WARNING] - Web element with id: 'Object Repository/Modulo Actos Administrativos/Modulo Viáticos/Costos de Viáticos/td_QUINTERO 5 EMPLEADO' located by '//div/div/table/tbody/tr/td[2]' not found

2021-12-17 18:35:58 - [TEST_STEP][PASSED] - waitForElementClickable(findTestObject("Modulo Actos Administrativos/Modulo Viáticos/Costos de Viáticos/a_Nuevo1_costo"), 0): Object 'Object Repository/Modulo Actos Administrativos/Modulo Viáticos/Costos de Viáticos/a_Nuevo1_costo' is clickable

2021-12-17 18:35:58 - [MESSAGE][WARNING] - Timeout '0' is invalid. Using default page load timeout: '30'

2021-12-17 18:35:59 - [MESSAGE][PASSED] - Object 'Object Repository/Modulo Actos Administrativos/Modulo Viáticos/Costos de Viáticos/a_Nuevo1_costo' is clickable

2021-12-17 18:35:59 - [TEST_STEP][PASSED] - click(findTestObject("Modulo Actos Administrativos/Modulo Viáticos/Costos de Viáticos/a_Nuevo1_costo")): Object: 'Object Repository/Modulo Actos Administrativos/Modulo Viáticos/Costos de Viáticos/a_Nuevo1_costo' is clicked on

2021-12-17 18:35:59 - [MESSAGE][PASSED] - Object: 'Object Repository/Modulo Actos Administrativos/Modulo Viáticos/Costos de Viáticos/a_Nuevo1_costo' is clicked on

2021-12-17 18:35:59 - [TEST_STEP][PASSED] - waitForElementClickable(findTestObject("Modulo Actos Administrativos/Modulo Viáticos/Costos de Viáticos/a_Funcionario_form_popupComplementarioViaticoj_idt332"), 0): Object 'Object Repository/Modulo Actos Administrativos/Modulo Viáticos/Costos de Viáticos/a_Funcionario_form_popupComplementarioViaticoj_idt332' is clickable

2021-12-17 18:35:59 - [MESSAGE][WARNING] - Timeout '0' is invalid. Using default page load timeout: '30'

2021-12-17 18:36:00 - [MESSAGE][PASSED] - Object 'Object Repository/Modulo Actos Administrativos/Modulo Viáticos/Costos de Viáticos/a_Funcionario_form_popupComplementarioViaticoj_idt332' is clickable

2021-12-17 18:36:00 - [TEST_STEP][PASSED] - click(findTestObject("Modulo Actos Administrativos/Modulo Viáticos/Costos de Viáticos/a_Funcionario_form_popupComplementarioViaticoj_idt332")): Object: 'Object Repository/Modulo Actos Administrativos/Modulo Viáticos/Costos de Viáticos/a_Funcionario_form_popupComplementarioViaticoj_idt332' is clicked on

2021-12-17 18:36:00 - [MESSAGE][PASSED] - Object: 'Object Repository/Modulo Actos Administrativos/Modulo Viáticos/Costos de Viáticos/a_Funcionario_form_popupComplementarioViaticoj_idt332' is clicked on

2021-12-17 18:36:00 - [TEST_STEP][PASSED] - waitForElementClickable(findTestObject("Modulo Actos Administrativos/Modulo Viáticos/Costos de Viáticos/td_QUINTERO 5 EMPLEADO"), 0): Object 'Object Repository/Modulo Actos Administrativos/Modulo Viáticos/Costos de Viáticos/td_QUINTERO 5 EMPLEADO' is clickable

2021-12-17 18:36:00 - [MESSAGE][WARNING] - Timeout '0' is invalid. Using default page load timeout: '30'

2021-12-17 18:36:01 - [MESSAGE][PASSED] - Object 'Object Repository/Modulo Actos Administrativos/Modulo Viáticos/Costos de Viáticos/td_QUINTERO 5 EMPLEADO' is clickable

2021-12-17 18:36:01 - [TEST_STEP][PASSED] - click(findTestObject("Modulo Actos Administrativos/Modulo Viáticos/Costos de Viáticos/td_QUINTERO 5 EMPLEADO")): Object: 'Object Repository/Modulo Actos Administrativos/Modulo Viáticos/Costos de Viáticos/td_QUINTERO 5 EMPLEADO' is clicked on

2021-12-17 18:36:02 - [MESSAGE][PASSED] - Object: 'Object Repository/Modulo Actos Administrativos/Modulo Viáticos/Costos de Viáticos/td_QUINTERO 5 EMPLEADO' is clicked on

2021-12-17 18:36:02 - [TEST_STEP][PASSED] - delay(1): Delayed 1 second(s)

2021-12-17 18:36:03 - [MESSAGE][PASSED] - Delayed 1 second(s)

2021-12-17 18:36:03 - [TEST_STEP][PASSED] - selectOptionByIndex(findTestObject("Modulo Actos Administrativos/Modulo Viáticos/Complementario de Viáticos/select_--- Seleccione Tipo Costo --Viatico prueba--complementario"), "1"): All options with index in [1] are selected on object 'Object Repository/Modulo Actos Administrativos/Modulo Viáticos/Complementario de Viáticos/select_--- Seleccione Tipo Costo --Viatico prueba--complementario'

2021-12-17 18:36:04 - [MESSAGE][PASSED] - All options with index in [1] are selected on object 'Object Repository/Modulo Actos Administrativos/Modulo Viáticos/Complementario de Viáticos/select_--- Seleccione Tipo Costo --Viatico prueba--complementario'

2021-12-17 18:36:04 - [TEST_STEP][PASSED] - setText(findTestObject("Modulo Actos Administrativos/Modulo Viáticos/Costos de Viáticos/input_Valor Pagado UD_form_popupcostoviaticosvalorPagadoUD"), "1500000"): Text '1500000' is set on object 'Object Repository/Modulo Actos Administrativos/Modulo Viáticos/Costos de Viáticos/input_Valor Pagado UD_form_popupcostoviaticosvalorPagadoUD'

2021-12-17 18:36:05 - [MESSAGE][PASSED] - Text '1500000' is set on object 'Object Repository/Modulo Actos Administrativos/Modulo Viáticos/Costos de Viáticos/input_Valor Pagado UD_form_popupcostoviaticosvalorPagadoUD'

2021-12-17 18:36:05 - [TEST_STEP][PASSED] - setText(findTestObject("Modulo Actos Administrativos/Modulo Viáticos/Costos de Viáticos/input_Excedente_form_popupcostoviaticosvalorExcedente"), "10000"): Text '10000' is set on object 'Object Repository/Modulo Actos Administrativos/Modulo Viáticos/Costos de Viáticos/input_Excedente_form_popupcostoviaticosvalorExcedente'

2021-12-17 18:36:05 - [MESSAGE][PASSED] - Text '10000' is set on object 'Object Repository/Modulo Actos Administrativos/Modulo Viáticos/Costos de Viáticos/input_Excedente_form_popupcostoviaticosvalorExcedente'

2021-12-17 18:36:05 - [TEST_STEP][PASSED] - setText(findTestObject("Modulo Actos Administrativos/Modulo Viáticos/Costos de Viáticos/input_Factura_form_popupcostoviaticosfactura"), "5"): Text '5' is set on object 'Object Repository/Modulo Actos Administrativos/Modulo Viáticos/Costos de Viáticos/input_Factura_form_popupcostoviaticosfactura'

2021-12-17 18:36:06 - [MESSAGE][PASSED] - Text '5' is set on object 'Object Repository/Modulo Actos Administrativos/Modulo Viáticos/Costos de Viáticos/input_Factura_form_popupcostoviaticosfactura'

2021-12-17 18:36:06 - [TEST_STEP][PASSED] - setText(findTestObject("Modulo Actos Administrativos/Modulo Viáticos/Costos de Viáticos/input_Factura_form_popupcostoviaticosfechafactura_input"), "01/07/2021"): Text '01/07/2021' is set on object 'Object Repository/Modulo Actos Administrativos/Modulo Viáticos/Costos de Viáticos/input_Factura_form_popupcostoviaticosfechafactura_input'

2021-12-17 18:36:07 - [MESSAGE][PASSED] - Text '01/07/2021' is set on object 'Object Repository/Modulo Actos Administrativos/Modulo Viáticos/Costos de Viáticos/input_Factura_form_popupcostoviaticosfechafactura_input'

2021-12-17 18:36:07 - [TEST_STEP][PASSED] - setText(findTestObject("Modulo Actos Administrativos/Modulo Viáticos/Costos de Viáticos/input_viatico_form_popupcostoviaticosdestino"), "1"): Text '1' is set on object 'Object Repository/Modulo Actos Administrativos/Modulo Viáticos/Costos de Viáticos/input_viatico_form_popupcostoviaticosdestino'

2021-12-17 18:36:08 - [MESSAGE][PASSED] - Text '1' is set on object 'Object Repository/Modulo Actos Administrativos/Modulo Viáticos/Costos de Viáticos/input_viatico_form_popupcostoviaticosdestino'

2021-12-17 18:36:08 - [TEST_STEP][PASSED] - click(findTestObject("Modulo Actos Administrativos/Modulo Viáticos/Costos de Viáticos/input_viatico_form_popupcostoviaticosdestino")): Object: 'Object Repository/Modulo Actos Administrativos/Modulo Viáticos/Costos de Viáticos/input_viatico_form_popupcostoviaticosdestino' is clicked on

2021-12-17 18:36:08 - [MESSAGE][PASSED] - Object: 'Object Repository/Modulo Actos Administrativos/Modulo Viáticos/Costos de Viáticos/input_viatico_form_popupcostoviaticosdestino' is clicked on

2021-12-17 18:36:08 - [TEST_STEP][PASSED] - click(findTestObject("Modulo Actos Administrativos/Modulo Viáticos/Costos de Viáticos/a_Guardar_costo")): Object: 'Object Repository/Modulo Actos Administrativos/Modulo Viáticos/Costos de Viáticos/a_Guardar_costo' is clicked on

2021-12-17 18:36:09 - [MESSAGE][PASSED] - Object: 'Object Repository/Modulo Actos Administrativos/Modulo Viáticos/Costos de Viáticos/a_Guardar_costo' is clicked on

2021-12-17 18:36:09 - [TEST_STEP][PASSED] - waitForElementClickable(findTestObject("Modulo Actos Administrativos/Modulo Viáticos/Costos de Viáticos/p_El registro se ha insertado correctamente"), 0): Object 'Object Repository/Modulo Actos Administrativos/Modulo Viáticos/Costos de Viáticos/p_El registro se ha insertado correctamente' is clickable

2021-12-17 18:36:09 - [MESSAGE][WARNING] - Timeout '0' is invalid. Using default page load timeout: '30'

2021-12-17 18:36:10 - [MESSAGE][PASSED] - Object 'Object Repository/Modulo Actos Administrativos/Modulo Viáticos/Costos de Viáticos/p_El registro se ha insertado correctamente' is clickable

2021-12-17 18:36:10 - [TEST_STEP][PASSED] - click(findTestObject("Modulo Actos Administrativos/Modulo Viáticos/Costos de Viáticos/span_Cerrar_ Costo viatico")): Object: 'Object Repository/Modulo Actos Administrativos/Modulo Viáticos/Costos de Viáticos/span_Cerrar_ Costo viatico' is clicked on

2021-12-17 18:36:10 - [MESSAGE][PASSED] - Object: 'Object Repository/Modulo Actos Administrativos/Modulo Viáticos/Costos de Viáticos/span_Cerrar_ Costo viatico' is clicked on

2021-12-17 18:36:10 - [TEST_STEP][PASSED] - getText(findTestObject("Alerta/Alerta")): Text of object 'Object Repository/Alerta/Alerta' is: 'El registro se ha insertado correctamente'

2021-12-17 18:36:11 - [MESSAGE][PASSED] - Text of object 'Object Repository/Alerta/Alerta' is: 'El registro se ha insertado correctamente']]></system-out>
         <system-err><![CDATA[]]></system-err>
      </testcase>
      <testcase name="Test Cases/1.1-Tareas Principales/1.6.2 Complementario de Viáticos" time="61.265" classname="Test Cases/1.1-Tareas Principales/1.6.2 Complementario de Viáticos" status="PASSED">
         <system-out><![CDATA[2021-12-17 18:36:11 - [TEST_CASE][PASSED] - Test Cases/1.1-Tareas Principales/1.6.2 Complementario de Viáticos: Test Cases/1.1-Tareas Principales/1.6.2 Complementario de Viáticos

2021-12-17 18:36:11 - [TEST_STEP][PASSED] - callTestCase(findTestCase("0.1-Login"), [:], STOP_ON_FAILURE): Call Test Case 'Test Cases/0.1-Login' successfully

2021-12-17 18:36:11 - [TEST_CASE][PASSED] - Test Cases/0.1-Login: Test Cases/0.1-Login

2021-12-17 18:36:11 - [TEST_STEP][PASSED] - openBrowser(""): Browser is opened with url: ''

2021-12-17 18:36:11 - [MESSAGE][WARNING] - A browser is already opened. Closing browser and opening a new one

2021-12-17 18:36:12 - [MESSAGE][INFO] - Starting 'Chrome' driver

2021-12-17 18:36:12 - [MESSAGE][INFO] - Action delay is set to 0 milliseconds

2021-12-17 18:36:13 - [MESSAGE][PASSED] - Browser is opened with url: ''

2021-12-17 18:36:13 - [TEST_STEP][PASSED] - maximizeWindow(): Current window maximized

2021-12-17 18:36:13 - [MESSAGE][PASSED] - Current window maximized

2021-12-17 18:36:13 - [TEST_STEP][PASSED] - i = G_Login: null

2021-12-17 18:36:13 - [TEST_STEP][PASSED] - url = new java.net.URL(i): null

2021-12-17 18:36:13 - [TEST_STEP][PASSED] - println("URL: " + url.toString()): null

2021-12-17 18:36:13 - [TEST_STEP][PASSED] - connection = url.openConnection(): null

2021-12-17 18:36:13 - [TEST_STEP][PASSED] - connection.setRequestMethod("GET"): null

2021-12-17 18:36:13 - [TEST_STEP][PASSED] - connection.setReadTimeout(2 * 1000): null

2021-12-17 18:36:13 - [TEST_STEP][PASSED] - try: null

2021-12-17 18:36:13 - [TEST_STEP][PASSED] - connection.connect(): null

2021-12-17 18:36:13 - [TEST_STEP][PASSED] - flag = connected: null

2021-12-17 18:36:13 - [TEST_STEP][PASSED] - println("Valor_ori: " + flag): null

2021-12-17 18:36:13 - [TEST_STEP][PASSED] - if (flag): null

2021-12-17 18:36:13 - [TEST_STEP][PASSED] - navigateToUrl(i): Navigate to 'http://192.168.2.29:7001/saraweb' successfully

2021-12-17 18:36:18 - [MESSAGE][PASSED] - Navigate to 'http://192.168.2.29:7001/saraweb' successfully

2021-12-17 18:36:18 - [TEST_STEP][PASSED] - a(): null

2021-12-17 18:36:18 - [TEST_STEP][PASSED] - setText(findTestObject("Login/input_USUARIO_loginusuario"), G_Usuario): Text 'weblogic' is set on object 'Object Repository/Login/input_USUARIO_loginusuario'

2021-12-17 18:36:19 - [MESSAGE][PASSED] - Text 'weblogic' is set on object 'Object Repository/Login/input_USUARIO_loginusuario'

2021-12-17 18:36:19 - [TEST_STEP][PASSED] - setEncryptedText(findTestObject("Login/input_CLAVE_loginpassword"), "MkG4/TYiCFC3cb2driP7+Q=="): Text ****** has been set on object 'Object Repository/Login/input_CLAVE_loginpassword'

2021-12-17 18:36:20 - [MESSAGE][PASSED] - Text ****** has been set on object 'Object Repository/Login/input_CLAVE_loginpassword'

2021-12-17 18:36:20 - [TEST_STEP][PASSED] - waitForElementClickable(findTestObject("Login/a_Ingresar"), G_TimeOut): Object 'Object Repository/Login/a_Ingresar' is clickable

2021-12-17 18:36:20 - [MESSAGE][PASSED] - Object 'Object Repository/Login/a_Ingresar' is clickable

2021-12-17 18:36:20 - [TEST_STEP][PASSED] - click(findTestObject("Login/a_Ingresar")): Object: 'Object Repository/Login/a_Ingresar' is clicked on

2021-12-17 18:36:29 - [MESSAGE][PASSED] - Object: 'Object Repository/Login/a_Ingresar' is clicked on

2021-12-17 18:36:29 - [TEST_STEP][PASSED] - element = findWebElement(findTestObject("Login/a_Ir"), 30): null

2021-12-17 18:36:29 - [TEST_STEP][PASSED] - executeJavaScript("arguments[0].click()", Arrays.asList(element)): Execute JavaScript 'arguments[0].click()' successfully

2021-12-17 18:36:29 - [MESSAGE][PASSED] - Execute JavaScript 'arguments[0].click()' successfully

2021-12-17 18:36:29 - [MESSAGE][PASSED] - Call Test Case 'Test Cases/0.1-Login' successfully

2021-12-17 18:36:29 - [TEST_STEP][PASSED] - waitForElementClickable(findTestObject("Modulo Actos Administrativos/Modulo Viáticos/Complementario de Viáticos/input_ADMINISTRADOR DEL SISTEMA - SARA_form_templatej_idt24_input"), 0): Object 'Object Repository/Modulo Actos Administrativos/Modulo Viáticos/Complementario de Viáticos/input_ADMINISTRADOR DEL SISTEMA - SARA_form_templatej_idt24_input' is clickable

2021-12-17 18:36:29 - [MESSAGE][WARNING] - Timeout '0' is invalid. Using default page load timeout: '30'

2021-12-17 18:36:37 - [MESSAGE][PASSED] - Object 'Object Repository/Modulo Actos Administrativos/Modulo Viáticos/Complementario de Viáticos/input_ADMINISTRADOR DEL SISTEMA - SARA_form_templatej_idt24_input' is clickable

2021-12-17 18:36:37 - [TEST_STEP][PASSED] - setText(findTestObject("Modulo Actos Administrativos/Modulo Viáticos/Complementario de Viáticos/input_ADMINISTRADOR DEL SISTEMA - SARA_form_templatej_idt24_input"), "listado de viaticos"): Text 'listado de viaticos' is set on object 'Object Repository/Modulo Actos Administrativos/Modulo Viáticos/Complementario de Viáticos/input_ADMINISTRADOR DEL SISTEMA - SARA_form_templatej_idt24_input'

2021-12-17 18:36:37 - [MESSAGE][PASSED] - Text 'listado de viaticos' is set on object 'Object Repository/Modulo Actos Administrativos/Modulo Viáticos/Complementario de Viáticos/input_ADMINISTRADOR DEL SISTEMA - SARA_form_templatej_idt24_input'

2021-12-17 18:36:37 - [TEST_STEP][PASSED] - waitForElementClickable(findTestObject("Modulo Actos Administrativos/Modulo Viáticos/Complementario de Viáticos/li_Listado de Viaticos (act)"), 0): Object 'Object Repository/Modulo Actos Administrativos/Modulo Viáticos/Complementario de Viáticos/li_Listado de Viaticos (act)' is clickable

2021-12-17 18:36:37 - [MESSAGE][WARNING] - Timeout '0' is invalid. Using default page load timeout: '30'

2021-12-17 18:36:39 - [MESSAGE][PASSED] - Object 'Object Repository/Modulo Actos Administrativos/Modulo Viáticos/Complementario de Viáticos/li_Listado de Viaticos (act)' is clickable

2021-12-17 18:36:39 - [TEST_STEP][PASSED] - sendKeys(findTestObject("Modulo Actos Administrativos/Modulo Viáticos/Complementario de Viáticos/input_ADMINISTRADOR DEL SISTEMA - SARA_form_templatej_idt24_input"), Keys.chord(ENTER)): Keys 'ENTER + ' sent to object: 'Object Repository/Modulo Actos Administrativos/Modulo Viáticos/Complementario de Viáticos/input_ADMINISTRADOR DEL SISTEMA - SARA_form_templatej_idt24_input'

2021-12-17 18:36:39 - [MESSAGE][PASSED] - Keys 'ENTER + ' sent to object: 'Object Repository/Modulo Actos Administrativos/Modulo Viáticos/Complementario de Viáticos/input_ADMINISTRADOR DEL SISTEMA - SARA_form_templatej_idt24_input'

2021-12-17 18:36:39 - [TEST_STEP][PASSED] - selectOptionByIndex(findTestObject("Modulo Actos Administrativos/Modulo Viáticos/Complementario de Viáticos/select_--Seleccione--AnuladoAutorizadaDerogadaNo AutorizadaProgramadaSolicitado"), 2): All options with index in [2] are selected on object 'Object Repository/Modulo Actos Administrativos/Modulo Viáticos/Complementario de Viáticos/select_--Seleccione--AnuladoAutorizadaDerogadaNo AutorizadaProgramadaSolicitado'

2021-12-17 18:36:48 - [MESSAGE][PASSED] - All options with index in [2] are selected on object 'Object Repository/Modulo Actos Administrativos/Modulo Viáticos/Complementario de Viáticos/select_--Seleccione--AnuladoAutorizadaDerogadaNo AutorizadaProgramadaSolicitado'

2021-12-17 18:36:48 - [TEST_STEP][PASSED] - if (waitForElementClickable(findTestObject("Modulo Actos Administrativos/Modulo Viáticos/Complementario de Viáticos/span_5"), 1)): null

2021-12-17 18:36:49 - [MESSAGE][PASSED] - Object 'Object Repository/Modulo Actos Administrativos/Modulo Viáticos/Complementario de Viáticos/span_5' is clickable

2021-12-17 18:36:49 - [TEST_STEP][PASSED] - click(findTestObject("Modulo Actos Administrativos/Modulo Viáticos/Complementario de Viáticos/span_5")): Object: 'Object Repository/Modulo Actos Administrativos/Modulo Viáticos/Complementario de Viáticos/span_5' is clicked on

2021-12-17 18:36:49 - [MESSAGE][PASSED] - Object: 'Object Repository/Modulo Actos Administrativos/Modulo Viáticos/Complementario de Viáticos/span_5' is clicked on

2021-12-17 18:36:49 - [TEST_STEP][PASSED] - waitForElementClickable(findTestObject("Modulo Actos Administrativos/Modulo Viáticos/Complementario de Viáticos/a_Complementario"), 0): Object 'Object Repository/Modulo Actos Administrativos/Modulo Viáticos/Complementario de Viáticos/a_Complementario' is clickable

2021-12-17 18:36:49 - [MESSAGE][WARNING] - Timeout '0' is invalid. Using default page load timeout: '30'

2021-12-17 18:36:51 - [MESSAGE][PASSED] - Object 'Object Repository/Modulo Actos Administrativos/Modulo Viáticos/Complementario de Viáticos/a_Complementario' is clickable

2021-12-17 18:36:51 - [TEST_STEP][PASSED] - click(findTestObject("Modulo Actos Administrativos/Modulo Viáticos/Complementario de Viáticos/a_Complementario")): Object: 'Object Repository/Modulo Actos Administrativos/Modulo Viáticos/Complementario de Viáticos/a_Complementario' is clicked on

2021-12-17 18:36:51 - [MESSAGE][PASSED] - Object: 'Object Repository/Modulo Actos Administrativos/Modulo Viáticos/Complementario de Viáticos/a_Complementario' is clicked on

2021-12-17 18:36:51 - [TEST_STEP][PASSED] - if (waitForElementClickable(findTestObject("Modulo Actos Administrativos/Modulo Viáticos/Complementario de Viáticos/span_Quintero 45 Empleado"), 1)): Web element with id: 'Object Repository/Modulo Actos Administrativos/Modulo Viáticos/Complementario de Viáticos/span_Quintero 45 Empleado' located by '//*/text()[normalize-space(.)='QUINTERO 45 EMPLEADO']/parent::*' not found

2021-12-17 18:36:53 - [MESSAGE][INFO] - Unable to find the element located by 'By.xpath: //*/text()[normalize-space(.)='QUINTERO 45 EMPLEADO']/parent::*'. Please recheck the objects properties to make sure the desired element is located. 

2021-12-17 18:36:53 - [MESSAGE][WARNING] - Web element with id: 'Object Repository/Modulo Actos Administrativos/Modulo Viáticos/Complementario de Viáticos/span_Quintero 45 Empleado' located by '//*/text()[normalize-space(.)='QUINTERO 45 EMPLEADO']/parent::*' not found

2021-12-17 18:36:53 - [TEST_STEP][PASSED] - click(findTestObject("Modulo Actos Administrativos/Modulo Viáticos/Complementario de Viáticos/a_Nuevo")): Object: 'Object Repository/Modulo Actos Administrativos/Modulo Viáticos/Complementario de Viáticos/a_Nuevo' is clicked on

2021-12-17 18:36:54 - [MESSAGE][PASSED] - Object: 'Object Repository/Modulo Actos Administrativos/Modulo Viáticos/Complementario de Viáticos/a_Nuevo' is clicked on

2021-12-17 18:36:54 - [TEST_STEP][PASSED] - click(findTestObject("Modulo Actos Administrativos/Modulo Viáticos/Complementario de Viáticos/a_Funcionario_form_popupComplementarioViaticoj_idt332")): Object: 'Object Repository/Modulo Actos Administrativos/Modulo Viáticos/Complementario de Viáticos/a_Funcionario_form_popupComplementarioViaticoj_idt332' is clicked on

2021-12-17 18:36:54 - [MESSAGE][PASSED] - Object: 'Object Repository/Modulo Actos Administrativos/Modulo Viáticos/Complementario de Viáticos/a_Funcionario_form_popupComplementarioViaticoj_idt332' is clicked on

2021-12-17 18:36:54 - [TEST_STEP][PASSED] - setText(findTestObject("Modulo Actos Administrativos/Modulo Viáticos/Complementario de Viáticos/input_Filtro Empleado_form_popupEmpleadoj_idt561"), "QUINTERO 45 EMPLEADO"): Text 'QUINTERO 45 EMPLEADO' is set on object 'Object Repository/Modulo Actos Administrativos/Modulo Viáticos/Complementario de Viáticos/input_Filtro Empleado_form_popupEmpleadoj_idt561'

2021-12-17 18:36:56 - [MESSAGE][PASSED] - Text 'QUINTERO 45 EMPLEADO' is set on object 'Object Repository/Modulo Actos Administrativos/Modulo Viáticos/Complementario de Viáticos/input_Filtro Empleado_form_popupEmpleadoj_idt561'

2021-12-17 18:36:56 - [TEST_STEP][PASSED] - sendKeys(findTestObject("Modulo Actos Administrativos/Modulo Viáticos/Complementario de Viáticos/input_Filtro Empleado_form_popupEmpleadoj_idt561"), Keys.chord(ENTER)): Keys 'ENTER + ' sent to object: 'Object Repository/Modulo Actos Administrativos/Modulo Viáticos/Complementario de Viáticos/input_Filtro Empleado_form_popupEmpleadoj_idt561'

2021-12-17 18:36:57 - [MESSAGE][PASSED] - Keys 'ENTER + ' sent to object: 'Object Repository/Modulo Actos Administrativos/Modulo Viáticos/Complementario de Viáticos/input_Filtro Empleado_form_popupEmpleadoj_idt561'

2021-12-17 18:36:57 - [TEST_STEP][PASSED] - click(findTestObject("Modulo Actos Administrativos/Modulo Viáticos/Complementario de Viáticos/span_Quintero 45 Empleado_Complementario")): Object: 'Object Repository/Modulo Actos Administrativos/Modulo Viáticos/Complementario de Viáticos/span_Quintero 45 Empleado_Complementario' is clicked on

2021-12-17 18:36:58 - [MESSAGE][PASSED] - Object: 'Object Repository/Modulo Actos Administrativos/Modulo Viáticos/Complementario de Viáticos/span_Quintero 45 Empleado_Complementario' is clicked on

2021-12-17 18:36:58 - [TEST_STEP][PASSED] - setText(findTestObject("Modulo Actos Administrativos/Modulo Viáticos/Complementario de Viáticos/input_Fecha Inicial_form_popupComplementarioViaticofechainicial_input"), "01/07/2021"): Text '01/07/2021' is set on object 'Object Repository/Modulo Actos Administrativos/Modulo Viáticos/Complementario de Viáticos/input_Fecha Inicial_form_popupComplementarioViaticofechainicial_input'

2021-12-17 18:36:59 - [MESSAGE][PASSED] - Text '01/07/2021' is set on object 'Object Repository/Modulo Actos Administrativos/Modulo Viáticos/Complementario de Viáticos/input_Fecha Inicial_form_popupComplementarioViaticofechainicial_input'

2021-12-17 18:36:59 - [TEST_STEP][PASSED] - setText(findTestObject("Modulo Actos Administrativos/Modulo Viáticos/Complementario de Viáticos/input_Fecha Final_form_popupComplementarioViaticofechafinal_input"), "01/11/2021"): Text '01/11/2021' is set on object 'Object Repository/Modulo Actos Administrativos/Modulo Viáticos/Complementario de Viáticos/input_Fecha Final_form_popupComplementarioViaticofechafinal_input'

2021-12-17 18:37:00 - [MESSAGE][PASSED] - Text '01/11/2021' is set on object 'Object Repository/Modulo Actos Administrativos/Modulo Viáticos/Complementario de Viáticos/input_Fecha Final_form_popupComplementarioViaticofechafinal_input'

2021-12-17 18:37:00 - [TEST_STEP][PASSED] - setText(findTestObject("Modulo Actos Administrativos/Modulo Viáticos/Complementario de Viáticos/input_Cantidad_form_popupComplementarioViaticocantidad"), "10"): Text '10' is set on object 'Object Repository/Modulo Actos Administrativos/Modulo Viáticos/Complementario de Viáticos/input_Cantidad_form_popupComplementarioViaticocantidad'

2021-12-17 18:37:01 - [MESSAGE][PASSED] - Text '10' is set on object 'Object Repository/Modulo Actos Administrativos/Modulo Viáticos/Complementario de Viáticos/input_Cantidad_form_popupComplementarioViaticocantidad'

2021-12-17 18:37:01 - [TEST_STEP][PASSED] - selectOptionByIndex(findTestObject("Modulo Actos Administrativos/Modulo Viáticos/Complementario de Viáticos/select_--- Seleccione Tipo Costo --Viatico prueba--comple"), "1"): All options with index in [1] are selected on object 'Object Repository/Modulo Actos Administrativos/Modulo Viáticos/Complementario de Viáticos/select_--- Seleccione Tipo Costo --Viatico prueba--comple'

2021-12-17 18:37:02 - [MESSAGE][PASSED] - All options with index in [1] are selected on object 'Object Repository/Modulo Actos Administrativos/Modulo Viáticos/Complementario de Viáticos/select_--- Seleccione Tipo Costo --Viatico prueba--comple'

2021-12-17 18:37:02 - [TEST_STEP][PASSED] - setText(findTestObject("Modulo Actos Administrativos/Modulo Viáticos/Complementario de Viáticos/input_Cdp_form_popupComplementarioViaticodocumento"), "1019"): Text '1019' is set on object 'Object Repository/Modulo Actos Administrativos/Modulo Viáticos/Complementario de Viáticos/input_Cdp_form_popupComplementarioViaticodocumento'

2021-12-17 18:37:03 - [MESSAGE][PASSED] - Text '1019' is set on object 'Object Repository/Modulo Actos Administrativos/Modulo Viáticos/Complementario de Viáticos/input_Cdp_form_popupComplementarioViaticodocumento'

2021-12-17 18:37:03 - [TEST_STEP][PASSED] - setText(findTestObject("Modulo Actos Administrativos/Modulo Viáticos/Complementario de Viáticos/input_TRM Proyectada_form_popupComplementarioViaticotrm"), "5"): Text '5' is set on object 'Object Repository/Modulo Actos Administrativos/Modulo Viáticos/Complementario de Viáticos/input_TRM Proyectada_form_popupComplementarioViaticotrm'

2021-12-17 18:37:04 - [MESSAGE][PASSED] - Text '5' is set on object 'Object Repository/Modulo Actos Administrativos/Modulo Viáticos/Complementario de Viáticos/input_TRM Proyectada_form_popupComplementarioViaticotrm'

2021-12-17 18:37:04 - [TEST_STEP][PASSED] - click(findTestObject("Modulo Actos Administrativos/Modulo Viáticos/Complementario de Viáticos/a_Guardar_complemento")): Object: 'Object Repository/Modulo Actos Administrativos/Modulo Viáticos/Complementario de Viáticos/a_Guardar_complemento' is clicked on

2021-12-17 18:37:04 - [MESSAGE][PASSED] - Object: 'Object Repository/Modulo Actos Administrativos/Modulo Viáticos/Complementario de Viáticos/a_Guardar_complemento' is clicked on

2021-12-17 18:37:04 - [TEST_STEP][PASSED] - getText(findTestObject("Alerta/Alerta")): Text of object 'Object Repository/Alerta/Alerta' is: 'Se ha creado el registro.'

2021-12-17 18:37:05 - [MESSAGE][PASSED] - Text of object 'Object Repository/Alerta/Alerta' is: 'Se ha creado el registro.'

2021-12-17 18:37:05 - [TEST_STEP][PASSED] - click(findTestObject("Modulo Actos Administrativos/Modulo Viáticos/Complementario de Viáticos/span_E_ui-icon ui-icon-closethick")): Object: 'Object Repository/Modulo Actos Administrativos/Modulo Viáticos/Complementario de Viáticos/span_E_ui-icon ui-icon-closethick' is clicked on

2021-12-17 18:37:05 - [MESSAGE][PASSED] - Object: 'Object Repository/Modulo Actos Administrativos/Modulo Viáticos/Complementario de Viáticos/span_E_ui-icon ui-icon-closethick' is clicked on

2021-12-17 18:37:05 - [TEST_STEP][PASSED] - waitForElementClickable(findTestObject("Modulo Actos Administrativos/Modulo Viáticos/Complementario de Viáticos/a_Registro"), 0): Object 'Object Repository/Modulo Actos Administrativos/Modulo Viáticos/Complementario de Viáticos/a_Registro' is clickable

2021-12-17 18:37:05 - [MESSAGE][WARNING] - Timeout '0' is invalid. Using default page load timeout: '30'

2021-12-17 18:37:06 - [MESSAGE][PASSED] - Object 'Object Repository/Modulo Actos Administrativos/Modulo Viáticos/Complementario de Viáticos/a_Registro' is clickable

2021-12-17 18:37:06 - [TEST_STEP][PASSED] - click(findTestObject("Modulo Actos Administrativos/Modulo Viáticos/Complementario de Viáticos/a_Registro")): Object: 'Object Repository/Modulo Actos Administrativos/Modulo Viáticos/Complementario de Viáticos/a_Registro' is clicked on

2021-12-17 18:37:06 - [MESSAGE][PASSED] - Object: 'Object Repository/Modulo Actos Administrativos/Modulo Viáticos/Complementario de Viáticos/a_Registro' is clicked on

2021-12-17 18:37:06 - [TEST_STEP][PASSED] - if (waitForElementClickable(findTestObject("Modulo Actos Administrativos/Modulo Viáticos/Complementario de Viáticos/a_Nuevo"), 1)): Web element with id: 'Object Repository/Modulo Actos Administrativos/Modulo Viáticos/Complementario de Viáticos/a_Nuevo' located by '//a[contains(text(),'Nuevo')]' not found

2021-12-17 18:37:09 - [MESSAGE][INFO] - Unable to find the element located by 'By.xpath: //a[contains(text(),'Nuevo')]'. Please recheck the objects properties to make sure the desired element is located. 

2021-12-17 18:37:09 - [MESSAGE][WARNING] - Web element with id: 'Object Repository/Modulo Actos Administrativos/Modulo Viáticos/Complementario de Viáticos/a_Nuevo' located by '//a[contains(text(),'Nuevo')]' not found

2021-12-17 18:37:09 - [TEST_STEP][PASSED] - if (waitForElementClickable(findTestObject("Modulo Actos Administrativos/Modulo Viáticos/Complementario de Viáticos/span_Autorizada_ui-icon ui-icon-closethick"), 1)): Web element with id: 'Object Repository/Modulo Actos Administrativos/Modulo Viáticos/Complementario de Viáticos/span_Autorizada_ui-icon ui-icon-closethick' located by '//div[2]/div/a/span' not found

2021-12-17 18:37:11 - [MESSAGE][INFO] - Unable to find the element located by 'By.xpath: //div[2]/div/a/span'. Please recheck the objects properties to make sure the desired element is located. 

2021-12-17 18:37:11 - [MESSAGE][WARNING] - Web element with id: 'Object Repository/Modulo Actos Administrativos/Modulo Viáticos/Complementario de Viáticos/span_Autorizada_ui-icon ui-icon-closethick' located by '//div[2]/div/a/span' not found

2021-12-17 18:37:11 - [TEST_STEP][PASSED] - closeBrowser(): Browser is closed

2021-12-17 18:37:12 - [MESSAGE][PASSED] - Browser is closed]]></system-out>
         <system-err><![CDATA[]]></system-err>
      </testcase>
      <testcase name="Test Cases/1.1-Tareas Principales/1.6.3 Desembolsar Viático" time="54.869" classname="Test Cases/1.1-Tareas Principales/1.6.3 Desembolsar Viático" status="PASSED">
         <system-out><![CDATA[2021-12-17 18:37:12 - [TEST_CASE][PASSED] - Test Cases/1.1-Tareas Principales/1.6.3 Desembolsar Viático: Test Cases/1.1-Tareas Principales/1.6.3 Desembolsar Viático

2021-12-17 18:37:12 - [TEST_STEP][PASSED] - callTestCase(findTestCase("0.1-Login"), [:], STOP_ON_FAILURE): Call Test Case 'Test Cases/0.1-Login' successfully

2021-12-17 18:37:12 - [TEST_CASE][PASSED] - Test Cases/0.1-Login: Test Cases/0.1-Login

2021-12-17 18:37:12 - [TEST_STEP][PASSED] - openBrowser(""): Browser is opened with url: ''

2021-12-17 18:37:12 - [MESSAGE][INFO] - Starting 'Chrome' driver

2021-12-17 18:37:12 - [MESSAGE][INFO] - Action delay is set to 0 milliseconds

2021-12-17 18:37:14 - [MESSAGE][PASSED] - Browser is opened with url: ''

2021-12-17 18:37:14 - [TEST_STEP][PASSED] - maximizeWindow(): Current window maximized

2021-12-17 18:37:14 - [MESSAGE][PASSED] - Current window maximized

2021-12-17 18:37:14 - [TEST_STEP][PASSED] - i = G_Login: null

2021-12-17 18:37:14 - [TEST_STEP][PASSED] - url = new java.net.URL(i): null

2021-12-17 18:37:14 - [TEST_STEP][PASSED] - println("URL: " + url.toString()): null

2021-12-17 18:37:14 - [TEST_STEP][PASSED] - connection = url.openConnection(): null

2021-12-17 18:37:14 - [TEST_STEP][PASSED] - connection.setRequestMethod("GET"): null

2021-12-17 18:37:14 - [TEST_STEP][PASSED] - connection.setReadTimeout(2 * 1000): null

2021-12-17 18:37:14 - [TEST_STEP][PASSED] - try: null

2021-12-17 18:37:14 - [TEST_STEP][PASSED] - connection.connect(): null

2021-12-17 18:37:14 - [TEST_STEP][PASSED] - flag = connected: null

2021-12-17 18:37:14 - [TEST_STEP][PASSED] - println("Valor_ori: " + flag): null

2021-12-17 18:37:14 - [TEST_STEP][PASSED] - if (flag): null

2021-12-17 18:37:14 - [TEST_STEP][PASSED] - navigateToUrl(i): Navigate to 'http://192.168.2.29:7001/saraweb' successfully

2021-12-17 18:37:19 - [MESSAGE][PASSED] - Navigate to 'http://192.168.2.29:7001/saraweb' successfully

2021-12-17 18:37:19 - [TEST_STEP][PASSED] - a(): null

2021-12-17 18:37:19 - [TEST_STEP][PASSED] - setText(findTestObject("Login/input_USUARIO_loginusuario"), G_Usuario): Text 'weblogic' is set on object 'Object Repository/Login/input_USUARIO_loginusuario'

2021-12-17 18:37:20 - [MESSAGE][PASSED] - Text 'weblogic' is set on object 'Object Repository/Login/input_USUARIO_loginusuario'

2021-12-17 18:37:20 - [TEST_STEP][PASSED] - setEncryptedText(findTestObject("Login/input_CLAVE_loginpassword"), "MkG4/TYiCFC3cb2driP7+Q=="): Text ****** has been set on object 'Object Repository/Login/input_CLAVE_loginpassword'

2021-12-17 18:37:20 - [MESSAGE][PASSED] - Text ****** has been set on object 'Object Repository/Login/input_CLAVE_loginpassword'

2021-12-17 18:37:20 - [TEST_STEP][PASSED] - waitForElementClickable(findTestObject("Login/a_Ingresar"), G_TimeOut): Object 'Object Repository/Login/a_Ingresar' is clickable

2021-12-17 18:37:21 - [MESSAGE][PASSED] - Object 'Object Repository/Login/a_Ingresar' is clickable

2021-12-17 18:37:21 - [TEST_STEP][PASSED] - click(findTestObject("Login/a_Ingresar")): Object: 'Object Repository/Login/a_Ingresar' is clicked on

2021-12-17 18:37:29 - [MESSAGE][PASSED] - Object: 'Object Repository/Login/a_Ingresar' is clicked on

2021-12-17 18:37:29 - [TEST_STEP][PASSED] - element = findWebElement(findTestObject("Login/a_Ir"), 30): null

2021-12-17 18:37:30 - [TEST_STEP][PASSED] - executeJavaScript("arguments[0].click()", Arrays.asList(element)): Execute JavaScript 'arguments[0].click()' successfully

2021-12-17 18:37:30 - [MESSAGE][PASSED] - Execute JavaScript 'arguments[0].click()' successfully

2021-12-17 18:37:30 - [MESSAGE][PASSED] - Call Test Case 'Test Cases/0.1-Login' successfully

2021-12-17 18:37:30 - [TEST_STEP][PASSED] - waitForElementClickable(findTestObject("Modulo Actos Administrativos/Modulo Viáticos/Desembolsar viáticos/input_ADMINISTRADOR DEL SISTEMA - SARA_form_templatej_idt24_input"), 0): Object 'Object Repository/Modulo Actos Administrativos/Modulo Viáticos/Desembolsar viáticos/input_ADMINISTRADOR DEL SISTEMA - SARA_form_templatej_idt24_input' is clickable

2021-12-17 18:37:30 - [MESSAGE][WARNING] - Timeout '0' is invalid. Using default page load timeout: '30'

2021-12-17 18:37:38 - [MESSAGE][PASSED] - Object 'Object Repository/Modulo Actos Administrativos/Modulo Viáticos/Desembolsar viáticos/input_ADMINISTRADOR DEL SISTEMA - SARA_form_templatej_idt24_input' is clickable

2021-12-17 18:37:38 - [TEST_STEP][PASSED] - setText(findTestObject("Modulo Actos Administrativos/Modulo Viáticos/Desembolsar viáticos/input_ADMINISTRADOR DEL SISTEMA - SARA_form_templatej_idt24_input"), "listado de viaticos"): Text 'listado de viaticos' is set on object 'Object Repository/Modulo Actos Administrativos/Modulo Viáticos/Desembolsar viáticos/input_ADMINISTRADOR DEL SISTEMA - SARA_form_templatej_idt24_input'

2021-12-17 18:37:38 - [MESSAGE][PASSED] - Text 'listado de viaticos' is set on object 'Object Repository/Modulo Actos Administrativos/Modulo Viáticos/Desembolsar viáticos/input_ADMINISTRADOR DEL SISTEMA - SARA_form_templatej_idt24_input'

2021-12-17 18:37:38 - [TEST_STEP][PASSED] - waitForElementClickable(findTestObject("Modulo Actos Administrativos/Modulo Viáticos/Desembolsar viáticos/li_Listado de Viaticos (act)"), 0): Object 'Object Repository/Modulo Actos Administrativos/Modulo Viáticos/Desembolsar viáticos/li_Listado de Viaticos (act)' is clickable

2021-12-17 18:37:39 - [MESSAGE][WARNING] - Timeout '0' is invalid. Using default page load timeout: '30'

2021-12-17 18:37:40 - [MESSAGE][PASSED] - Object 'Object Repository/Modulo Actos Administrativos/Modulo Viáticos/Desembolsar viáticos/li_Listado de Viaticos (act)' is clickable

2021-12-17 18:37:40 - [TEST_STEP][PASSED] - sendKeys(findTestObject("Modulo Actos Administrativos/Modulo Viáticos/Desembolsar viáticos/input_ADMINISTRADOR DEL SISTEMA - SARA_form_templatej_idt24_input"), Keys.chord(ENTER)): Keys 'ENTER + ' sent to object: 'Object Repository/Modulo Actos Administrativos/Modulo Viáticos/Desembolsar viáticos/input_ADMINISTRADOR DEL SISTEMA - SARA_form_templatej_idt24_input'

2021-12-17 18:37:40 - [MESSAGE][PASSED] - Keys 'ENTER + ' sent to object: 'Object Repository/Modulo Actos Administrativos/Modulo Viáticos/Desembolsar viáticos/input_ADMINISTRADOR DEL SISTEMA - SARA_form_templatej_idt24_input'

2021-12-17 18:37:40 - [TEST_STEP][PASSED] - selectOptionByIndex(findTestObject("Modulo Actos Administrativos/Modulo Viáticos/Desembolsar viáticos/select_--Seleccione--AnuladoAutorizadaDerogadaNo AutorizadaProgramadaSolicitado"), 2): All options with index in [2] are selected on object 'Object Repository/Modulo Actos Administrativos/Modulo Viáticos/Desembolsar viáticos/select_--Seleccione--AnuladoAutorizadaDerogadaNo AutorizadaProgramadaSolicitado'

2021-12-17 18:37:50 - [MESSAGE][PASSED] - All options with index in [2] are selected on object 'Object Repository/Modulo Actos Administrativos/Modulo Viáticos/Desembolsar viáticos/select_--Seleccione--AnuladoAutorizadaDerogadaNo AutorizadaProgramadaSolicitado'

2021-12-17 18:37:50 - [TEST_STEP][PASSED] - if (waitForElementClickable(findTestObject("Modulo Actos Administrativos/Modulo Viáticos/Desembolsar viáticos/span_5_autorizado"), 1)): null

2021-12-17 18:37:50 - [MESSAGE][PASSED] - Object 'Object Repository/Modulo Actos Administrativos/Modulo Viáticos/Desembolsar viáticos/span_5_autorizado' is clickable

2021-12-17 18:37:50 - [TEST_STEP][PASSED] - click(findTestObject("Modulo Actos Administrativos/Modulo Viáticos/Desembolsar viáticos/span_5_autorizado")): Object: 'Object Repository/Modulo Actos Administrativos/Modulo Viáticos/Desembolsar viáticos/span_5_autorizado' is clicked on

2021-12-17 18:37:51 - [MESSAGE][PASSED] - Object: 'Object Repository/Modulo Actos Administrativos/Modulo Viáticos/Desembolsar viáticos/span_5_autorizado' is clicked on

2021-12-17 18:37:51 - [TEST_STEP][PASSED] - waitForElementClickable(findTestObject("Modulo Actos Administrativos/Modulo Viáticos/Desembolsar viáticos/a_Cerrar Desembolsar"), 1): Object 'Object Repository/Modulo Actos Administrativos/Modulo Viáticos/Desembolsar viáticos/a_Cerrar Desembolsar' is clickable

2021-12-17 18:37:52 - [MESSAGE][PASSED] - Object 'Object Repository/Modulo Actos Administrativos/Modulo Viáticos/Desembolsar viáticos/a_Cerrar Desembolsar' is clickable

2021-12-17 18:37:52 - [TEST_STEP][PASSED] - click(findTestObject("Modulo Actos Administrativos/Modulo Viáticos/Desembolsar viáticos/a_Cerrar Desembolsar")): Object: 'Object Repository/Modulo Actos Administrativos/Modulo Viáticos/Desembolsar viáticos/a_Cerrar Desembolsar' is clicked on

2021-12-17 18:37:52 - [MESSAGE][PASSED] - Object: 'Object Repository/Modulo Actos Administrativos/Modulo Viáticos/Desembolsar viáticos/a_Cerrar Desembolsar' is clicked on

2021-12-17 18:37:52 - [TEST_STEP][PASSED] - waitForElementClickable(findTestObject("Modulo Actos Administrativos/Modulo Viáticos/Desembolsar viáticos/input_Nmero Resolucin_form_popupViaticoCierreDesembolsonumero"), 0): Object 'Object Repository/Modulo Actos Administrativos/Modulo Viáticos/Desembolsar viáticos/input_Nmero Resolucin_form_popupViaticoCierreDesembolsonumero' is clickable

2021-12-17 18:37:52 - [MESSAGE][WARNING] - Timeout '0' is invalid. Using default page load timeout: '30'

2021-12-17 18:37:53 - [MESSAGE][PASSED] - Object 'Object Repository/Modulo Actos Administrativos/Modulo Viáticos/Desembolsar viáticos/input_Nmero Resolucin_form_popupViaticoCierreDesembolsonumero' is clickable

2021-12-17 18:37:53 - [TEST_STEP][PASSED] - setText(findTestObject("Modulo Actos Administrativos/Modulo Viáticos/Desembolsar viáticos/input_Nmero Resolucin_form_popupViaticoCierreDesembolsonumero"), "5"): Text '5' is set on object 'Object Repository/Modulo Actos Administrativos/Modulo Viáticos/Desembolsar viáticos/input_Nmero Resolucin_form_popupViaticoCierreDesembolsonumero'

2021-12-17 18:37:54 - [MESSAGE][PASSED] - Text '5' is set on object 'Object Repository/Modulo Actos Administrativos/Modulo Viáticos/Desembolsar viáticos/input_Nmero Resolucin_form_popupViaticoCierreDesembolsonumero'

2021-12-17 18:37:54 - [TEST_STEP][PASSED] - setText(findTestObject("Modulo Actos Administrativos/Modulo Viáticos/Desembolsar viáticos/input_Fecha_form_popupViaticoCierreDesembolsofecha_input"), "01/07/2021"): Text '01/07/2021' is set on object 'Object Repository/Modulo Actos Administrativos/Modulo Viáticos/Desembolsar viáticos/input_Fecha_form_popupViaticoCierreDesembolsofecha_input'

2021-12-17 18:37:55 - [MESSAGE][PASSED] - Text '01/07/2021' is set on object 'Object Repository/Modulo Actos Administrativos/Modulo Viáticos/Desembolsar viáticos/input_Fecha_form_popupViaticoCierreDesembolsofecha_input'

2021-12-17 18:37:55 - [TEST_STEP][PASSED] - setText(findTestObject("Modulo Actos Administrativos/Modulo Viáticos/Desembolsar viáticos/input_TRM_form_popupViaticoCierreDesembolsotrm"), "5"): Text '5' is set on object 'Object Repository/Modulo Actos Administrativos/Modulo Viáticos/Desembolsar viáticos/input_TRM_form_popupViaticoCierreDesembolsotrm'

2021-12-17 18:37:56 - [MESSAGE][PASSED] - Text '5' is set on object 'Object Repository/Modulo Actos Administrativos/Modulo Viáticos/Desembolsar viáticos/input_TRM_form_popupViaticoCierreDesembolsotrm'

2021-12-17 18:37:56 - [TEST_STEP][PASSED] - click(findTestObject("Modulo Actos Administrativos/Modulo Viáticos/Desembolsar viáticos/a_Aplicar1")): Object: 'Object Repository/Modulo Actos Administrativos/Modulo Viáticos/Desembolsar viáticos/a_Aplicar1' is clicked on

2021-12-17 18:37:56 - [MESSAGE][PASSED] - Object: 'Object Repository/Modulo Actos Administrativos/Modulo Viáticos/Desembolsar viáticos/a_Aplicar1' is clicked on

2021-12-17 18:37:56 - [TEST_STEP][PASSED] - waitForElementClickable(findTestObject("Modulo Actos Administrativos/Modulo Viáticos/Desembolsar viáticos/a_Desembolso"), 0): Object 'Object Repository/Modulo Actos Administrativos/Modulo Viáticos/Desembolsar viáticos/a_Desembolso' is clickable

2021-12-17 18:37:56 - [MESSAGE][WARNING] - Timeout '0' is invalid. Using default page load timeout: '30'

2021-12-17 18:37:57 - [MESSAGE][PASSED] - Object 'Object Repository/Modulo Actos Administrativos/Modulo Viáticos/Desembolsar viáticos/a_Desembolso' is clickable

2021-12-17 18:37:57 - [TEST_STEP][PASSED] - click(findTestObject("Modulo Actos Administrativos/Modulo Viáticos/Desembolsar viáticos/a_Desembolso")): Object: 'Object Repository/Modulo Actos Administrativos/Modulo Viáticos/Desembolsar viáticos/a_Desembolso' is clicked on

2021-12-17 18:37:57 - [MESSAGE][PASSED] - Object: 'Object Repository/Modulo Actos Administrativos/Modulo Viáticos/Desembolsar viáticos/a_Desembolso' is clicked on

2021-12-17 18:37:57 - [TEST_STEP][PASSED] - delay(2): Delayed 2 second(s)

2021-12-17 18:38:00 - [MESSAGE][PASSED] - Delayed 2 second(s)

2021-12-17 18:38:00 - [TEST_STEP][PASSED] - if (waitForElementClickable(findTestObject("Modulo Actos Administrativos/Modulo Viáticos/Desembolsar viáticos/a_Nuevo_Modificar"), 1)): Web element with id: 'Object Repository/Modulo Actos Administrativos/Modulo Viáticos/Desembolsar viáticos/a_Nuevo_Modificar' located by '
//*/text()[normalize-space(.)='Nuevo']/parent::*' not found

2021-12-17 18:38:02 - [MESSAGE][INFO] - Unable to find the element located by 'By.xpath: 
//*/text()[normalize-space(.)='Nuevo']/parent::*'. Please recheck the objects properties to make sure the desired element is located. 

2021-12-17 18:38:02 - [MESSAGE][WARNING] - Web element with id: 'Object Repository/Modulo Actos Administrativos/Modulo Viáticos/Desembolsar viáticos/a_Nuevo_Modificar' located by '
//*/text()[normalize-space(.)='Nuevo']/parent::*' not found

2021-12-17 18:38:02 - [TEST_STEP][PASSED] - if (waitForElementClickable(findTestObject("Modulo Actos Administrativos/Modulo Viáticos/Desembolsar viáticos/td_seleccion_01072021"), 1)): Web element with id: 'Object Repository/Modulo Actos Administrativos/Modulo Viáticos/Desembolsar viáticos/td_seleccion_01072021' located by '//*/text()[normalize-space(.)='01/07/2021']/parent::*' not found

2021-12-17 18:38:04 - [MESSAGE][INFO] - Unable to find the element located by 'By.xpath: //*/text()[normalize-space(.)='01/07/2021']/parent::*'. Please recheck the objects properties to make sure the desired element is located. 

2021-12-17 18:38:04 - [MESSAGE][WARNING] - Web element with id: 'Object Repository/Modulo Actos Administrativos/Modulo Viáticos/Desembolsar viáticos/td_seleccion_01072021' located by '//*/text()[normalize-space(.)='01/07/2021']/parent::*' not found

2021-12-17 18:38:04 - [TEST_STEP][PASSED] - if (waitForElementClickable(findTestObject("Modulo Actos Administrativos/Modulo Viáticos/Desembolsar viáticos/span_No se encontr registros_ui-icon ui-icon-closethick"), 1)): Web element with id: 'Object Repository/Modulo Actos Administrativos/Modulo Viáticos/Desembolsar viáticos/span_No se encontr registros_ui-icon ui-icon-closethick' located by '//div[@id='form_listadoviaticos:j_idt127']/div/a/span' not found

2021-12-17 18:38:06 - [MESSAGE][INFO] - Unable to find the element located by 'By.xpath: //div[@id='form_listadoviaticos:j_idt127']/div/a/span'. Please recheck the objects properties to make sure the desired element is located. 

2021-12-17 18:38:06 - [MESSAGE][WARNING] - Web element with id: 'Object Repository/Modulo Actos Administrativos/Modulo Viáticos/Desembolsar viáticos/span_No se encontr registros_ui-icon ui-icon-closethick' located by '//div[@id='form_listadoviaticos:j_idt127']/div/a/span' not found

2021-12-17 18:38:06 - [TEST_STEP][PASSED] - closeBrowser(): Browser is closed

2021-12-17 18:38:07 - [MESSAGE][PASSED] - Browser is closed]]></system-out>
         <system-err><![CDATA[]]></system-err>
      </testcase>
      <testcase name="Test Cases/1.1-Tareas Principales/1.6.5 Modificar Solicitud de Viáticos" time="78.794" classname="Test Cases/1.1-Tareas Principales/1.6.5 Modificar Solicitud de Viáticos" status="FAILED">
         <failure type="FAILED" message="Test Cases/1.1-Tareas Principales/1.6.5 Modificar Solicitud de Viáticos FAILED.
Reason:
com.kms.katalon.core.exception.StepFailedException: Unable to select option by index '2' of object 'Object Repository/Modulo Actos Administrativos/Modulo Viáticos/Modificar Solicitud de Viáticos/select_--Seleccione--AnuladoAutorizadaDerogadaNo AutorizadaProgramadaSolicitado'
	at com.kms.katalon.core.webui.keyword.internal.WebUIKeywordMain.stepFailed(WebUIKeywordMain.groovy:64)
	at com.kms.katalon.core.webui.keyword.internal.WebUIKeywordMain.runKeyword(WebUIKeywordMain.groovy:26)
	at com.kms.katalon.core.webui.keyword.builtin.SelectOptionByIndexKeyword.selectOptionByIndex(SelectOptionByIndexKeyword.groovy:93)
	at com.kms.katalon.core.webui.keyword.builtin.SelectOptionByIndexKeyword.execute(SelectOptionByIndexKeyword.groovy:68)
	at com.kms.katalon.core.keyword.internal.KeywordExecutor.executeKeywordForPlatform(KeywordExecutor.groovy:74)
	at com.kms.katalon.core.webui.keyword.WebUiBuiltInKeywords.selectOptionByIndex(WebUiBuiltInKeywords.groovy:1133)
	at com.kms.katalon.core.webui.keyword.WebUiBuiltInKeywords$selectOptionByIndex$8.call(Unknown Source)
	at 1.6.5 Modificar Solicitud de Viáticos.run(1.6.5 Modificar Solicitud de Viáticos:78)
	at com.kms.katalon.core.main.ScriptEngine.run(ScriptEngine.java:194)
	at com.kms.katalon.core.main.ScriptEngine.runScriptAsRawText(ScriptEngine.java:119)
	at com.kms.katalon.core.main.TestCaseExecutor.runScript(TestCaseExecutor.java:442)
	at com.kms.katalon.core.main.TestCaseExecutor.doExecute(TestCaseExecutor.java:433)
	at com.kms.katalon.core.main.TestCaseExecutor.processExecutionPhase(TestCaseExecutor.java:412)
	at com.kms.katalon.core.main.TestCaseExecutor.accessMainPhase(TestCaseExecutor.java:404)
	at com.kms.katalon.core.main.TestCaseExecutor.execute(TestCaseExecutor.java:281)
	at com.kms.katalon.core.main.TestSuiteExecutor.accessTestCaseMainPhase(TestSuiteExecutor.java:202)
	at com.kms.katalon.core.main.TestSuiteExecutor.accessTestSuiteMainPhase(TestSuiteExecutor.java:164)
	at com.kms.katalon.core.main.TestSuiteExecutor.execute(TestSuiteExecutor.java:105)
	at com.kms.katalon.core.main.TestCaseMain.startTestSuite(TestCaseMain.java:181)
	at com.kms.katalon.core.main.TestCaseMain$startTestSuite$0.call(Unknown Source)
	at TempTestSuite1639780222929.run(TempTestSuite1639780222929.groovy:36)
Caused by: com.kms.katalon.core.webui.exception.WebElementNotFoundException: Web element with id: 'Object Repository/Modulo Actos Administrativos/Modulo Viáticos/Modificar Solicitud de Viáticos/select_--Seleccione--AnuladoAutorizadaDerogadaNo AutorizadaProgramadaSolicitado' located by '//td[4]/select' not found
	at com.kms.katalon.core.webui.common.WebUiCommonHelper.findWebElement(WebUiCommonHelper.java:1368)
	at com.kms.katalon.core.webui.keyword.internal.WebUIAbstractKeyword.findWebElement(WebUIAbstractKeyword.groovy:27)
	at com.kms.katalon.core.webui.keyword.internal.WebUIAbstractKeyword.findWebElement(WebUIAbstractKeyword.groovy:26)
	at com.kms.katalon.core.webui.keyword.builtin.SelectOptionByIndexKeyword$_selectOptionByIndex_closure1.doCall(SelectOptionByIndexKeyword.groovy:84)
	at com.kms.katalon.core.webui.keyword.builtin.SelectOptionByIndexKeyword$_selectOptionByIndex_closure1.call(SelectOptionByIndexKeyword.groovy)
	at com.kms.katalon.core.webui.keyword.internal.WebUIKeywordMain.runKeyword(WebUIKeywordMain.groovy:20)
	... 19 more
"/>
         <system-out><![CDATA[2021-12-17 18:38:07 - [TEST_CASE][FAILED] - Test Cases/1.1-Tareas Principales/1.6.5 Modificar Solicitud de Viáticos: Test Cases/1.1-Tareas Principales/1.6.5 Modificar Solicitud de Viáticos FAILED.
Reason:
com.kms.katalon.core.exception.StepFailedException: Unable to select option by index '2' of object 'Object Repository/Modulo Actos Administrativos/Modulo Viáticos/Modificar Solicitud de Viáticos/select_--Seleccione--AnuladoAutorizadaDerogadaNo AutorizadaProgramadaSolicitado'
	at com.kms.katalon.core.webui.keyword.internal.WebUIKeywordMain.stepFailed(WebUIKeywordMain.groovy:64)
	at com.kms.katalon.core.webui.keyword.internal.WebUIKeywordMain.runKeyword(WebUIKeywordMain.groovy:26)
	at com.kms.katalon.core.webui.keyword.builtin.SelectOptionByIndexKeyword.selectOptionByIndex(SelectOptionByIndexKeyword.groovy:93)
	at com.kms.katalon.core.webui.keyword.builtin.SelectOptionByIndexKeyword.execute(SelectOptionByIndexKeyword.groovy:68)
	at com.kms.katalon.core.keyword.internal.KeywordExecutor.executeKeywordForPlatform(KeywordExecutor.groovy:74)
	at com.kms.katalon.core.webui.keyword.WebUiBuiltInKeywords.selectOptionByIndex(WebUiBuiltInKeywords.groovy:1133)
	at com.kms.katalon.core.webui.keyword.WebUiBuiltInKeywords$selectOptionByIndex$8.call(Unknown Source)
	at 1.6.5 Modificar Solicitud de Viáticos.run(1.6.5 Modificar Solicitud de Viáticos:78)
	at com.kms.katalon.core.main.ScriptEngine.run(ScriptEngine.java:194)
	at com.kms.katalon.core.main.ScriptEngine.runScriptAsRawText(ScriptEngine.java:119)
	at com.kms.katalon.core.main.TestCaseExecutor.runScript(TestCaseExecutor.java:442)
	at com.kms.katalon.core.main.TestCaseExecutor.doExecute(TestCaseExecutor.java:433)
	at com.kms.katalon.core.main.TestCaseExecutor.processExecutionPhase(TestCaseExecutor.java:412)
	at com.kms.katalon.core.main.TestCaseExecutor.accessMainPhase(TestCaseExecutor.java:404)
	at com.kms.katalon.core.main.TestCaseExecutor.execute(TestCaseExecutor.java:281)
	at com.kms.katalon.core.main.TestSuiteExecutor.accessTestCaseMainPhase(TestSuiteExecutor.java:202)
	at com.kms.katalon.core.main.TestSuiteExecutor.accessTestSuiteMainPhase(TestSuiteExecutor.java:164)
	at com.kms.katalon.core.main.TestSuiteExecutor.execute(TestSuiteExecutor.java:105)
	at com.kms.katalon.core.main.TestCaseMain.startTestSuite(TestCaseMain.java:181)
	at com.kms.katalon.core.main.TestCaseMain$startTestSuite$0.call(Unknown Source)
	at TempTestSuite1639780222929.run(TempTestSuite1639780222929.groovy:36)
Caused by: com.kms.katalon.core.webui.exception.WebElementNotFoundException: Web element with id: 'Object Repository/Modulo Actos Administrativos/Modulo Viáticos/Modificar Solicitud de Viáticos/select_--Seleccione--AnuladoAutorizadaDerogadaNo AutorizadaProgramadaSolicitado' located by '//td[4]/select' not found
	at com.kms.katalon.core.webui.common.WebUiCommonHelper.findWebElement(WebUiCommonHelper.java:1368)
	at com.kms.katalon.core.webui.keyword.internal.WebUIAbstractKeyword.findWebElement(WebUIAbstractKeyword.groovy:27)
	at com.kms.katalon.core.webui.keyword.internal.WebUIAbstractKeyword.findWebElement(WebUIAbstractKeyword.groovy:26)
	at com.kms.katalon.core.webui.keyword.builtin.SelectOptionByIndexKeyword$_selectOptionByIndex_closure1.doCall(SelectOptionByIndexKeyword.groovy:84)
	at com.kms.katalon.core.webui.keyword.builtin.SelectOptionByIndexKeyword$_selectOptionByIndex_closure1.call(SelectOptionByIndexKeyword.groovy)
	at com.kms.katalon.core.webui.keyword.internal.WebUIKeywordMain.runKeyword(WebUIKeywordMain.groovy:20)
	... 19 more


2021-12-17 18:38:07 - [TEST_STEP][PASSED] - callTestCase(findTestCase("0.1-Login"), [:], STOP_ON_FAILURE): Call Test Case 'Test Cases/0.1-Login' successfully

2021-12-17 18:38:07 - [TEST_CASE][PASSED] - Test Cases/0.1-Login: Test Cases/0.1-Login

2021-12-17 18:38:07 - [TEST_STEP][PASSED] - openBrowser(""): Browser is opened with url: ''

2021-12-17 18:38:07 - [MESSAGE][INFO] - Starting 'Chrome' driver

2021-12-17 18:38:07 - [MESSAGE][INFO] - Action delay is set to 0 milliseconds

2021-12-17 18:38:09 - [MESSAGE][PASSED] - Browser is opened with url: ''

2021-12-17 18:38:09 - [TEST_STEP][PASSED] - maximizeWindow(): Current window maximized

2021-12-17 18:38:09 - [MESSAGE][PASSED] - Current window maximized

2021-12-17 18:38:09 - [TEST_STEP][PASSED] - i = G_Login: null

2021-12-17 18:38:09 - [TEST_STEP][PASSED] - url = new java.net.URL(i): null

2021-12-17 18:38:09 - [TEST_STEP][PASSED] - println("URL: " + url.toString()): null

2021-12-17 18:38:09 - [TEST_STEP][PASSED] - connection = url.openConnection(): null

2021-12-17 18:38:09 - [TEST_STEP][PASSED] - connection.setRequestMethod("GET"): null

2021-12-17 18:38:09 - [TEST_STEP][PASSED] - connection.setReadTimeout(2 * 1000): null

2021-12-17 18:38:09 - [TEST_STEP][PASSED] - try: null

2021-12-17 18:38:09 - [TEST_STEP][PASSED] - connection.connect(): null

2021-12-17 18:38:09 - [TEST_STEP][PASSED] - flag = connected: null

2021-12-17 18:38:09 - [TEST_STEP][PASSED] - println("Valor_ori: " + flag): null

2021-12-17 18:38:09 - [TEST_STEP][PASSED] - if (flag): null

2021-12-17 18:38:09 - [TEST_STEP][PASSED] - navigateToUrl(i): Navigate to 'http://192.168.2.29:7001/saraweb' successfully

2021-12-17 18:38:14 - [MESSAGE][PASSED] - Navigate to 'http://192.168.2.29:7001/saraweb' successfully

2021-12-17 18:38:14 - [TEST_STEP][PASSED] - a(): null

2021-12-17 18:38:14 - [TEST_STEP][PASSED] - setText(findTestObject("Login/input_USUARIO_loginusuario"), G_Usuario): Text 'weblogic' is set on object 'Object Repository/Login/input_USUARIO_loginusuario'

2021-12-17 18:38:14 - [MESSAGE][PASSED] - Text 'weblogic' is set on object 'Object Repository/Login/input_USUARIO_loginusuario'

2021-12-17 18:38:14 - [TEST_STEP][PASSED] - setEncryptedText(findTestObject("Login/input_CLAVE_loginpassword"), "MkG4/TYiCFC3cb2driP7+Q=="): Text ****** has been set on object 'Object Repository/Login/input_CLAVE_loginpassword'

2021-12-17 18:38:15 - [MESSAGE][PASSED] - Text ****** has been set on object 'Object Repository/Login/input_CLAVE_loginpassword'

2021-12-17 18:38:15 - [TEST_STEP][PASSED] - waitForElementClickable(findTestObject("Login/a_Ingresar"), G_TimeOut): Object 'Object Repository/Login/a_Ingresar' is clickable

2021-12-17 18:38:15 - [MESSAGE][PASSED] - Object 'Object Repository/Login/a_Ingresar' is clickable

2021-12-17 18:38:15 - [TEST_STEP][PASSED] - click(findTestObject("Login/a_Ingresar")): Object: 'Object Repository/Login/a_Ingresar' is clicked on

2021-12-17 18:38:24 - [MESSAGE][PASSED] - Object: 'Object Repository/Login/a_Ingresar' is clicked on

2021-12-17 18:38:24 - [TEST_STEP][PASSED] - element = findWebElement(findTestObject("Login/a_Ir"), 30): null

2021-12-17 18:38:25 - [TEST_STEP][PASSED] - executeJavaScript("arguments[0].click()", Arrays.asList(element)): Execute JavaScript 'arguments[0].click()' successfully

2021-12-17 18:38:25 - [MESSAGE][PASSED] - Execute JavaScript 'arguments[0].click()' successfully

2021-12-17 18:38:25 - [MESSAGE][PASSED] - Call Test Case 'Test Cases/0.1-Login' successfully

2021-12-17 18:38:25 - [TEST_STEP][PASSED] - waitForElementClickable(findTestObject("Modulo Actos Administrativos/Modulo Viáticos/Modificar Solicitud de Viáticos/input_ADMINISTRADOR DEL SISTEMA - SARA_form_templatej_idt24_input"), 0): Object 'Object Repository/Modulo Actos Administrativos/Modulo Viáticos/Modificar Solicitud de Viáticos/input_ADMINISTRADOR DEL SISTEMA - SARA_form_templatej_idt24_input' is clickable

2021-12-17 18:38:25 - [MESSAGE][WARNING] - Timeout '0' is invalid. Using default page load timeout: '30'

2021-12-17 18:38:33 - [MESSAGE][PASSED] - Object 'Object Repository/Modulo Actos Administrativos/Modulo Viáticos/Modificar Solicitud de Viáticos/input_ADMINISTRADOR DEL SISTEMA - SARA_form_templatej_idt24_input' is clickable

2021-12-17 18:38:33 - [TEST_STEP][PASSED] - setText(findTestObject("Modulo Actos Administrativos/Modulo Viáticos/Modificar Solicitud de Viáticos/input_ADMINISTRADOR DEL SISTEMA - SARA_form_templatej_idt24_input"), "listado de viaticos"): Text 'listado de viaticos' is set on object 'Object Repository/Modulo Actos Administrativos/Modulo Viáticos/Modificar Solicitud de Viáticos/input_ADMINISTRADOR DEL SISTEMA - SARA_form_templatej_idt24_input'

2021-12-17 18:38:33 - [MESSAGE][PASSED] - Text 'listado de viaticos' is set on object 'Object Repository/Modulo Actos Administrativos/Modulo Viáticos/Modificar Solicitud de Viáticos/input_ADMINISTRADOR DEL SISTEMA - SARA_form_templatej_idt24_input'

2021-12-17 18:38:33 - [TEST_STEP][PASSED] - waitForElementClickable(findTestObject("Modulo Actos Administrativos/Modulo Viáticos/Modificar Solicitud de Viáticos/li_Listado de Viaticos (act)"), 0): Object 'Object Repository/Modulo Actos Administrativos/Modulo Viáticos/Modificar Solicitud de Viáticos/li_Listado de Viaticos (act)' is clickable

2021-12-17 18:38:34 - [MESSAGE][WARNING] - Timeout '0' is invalid. Using default page load timeout: '30'

2021-12-17 18:38:35 - [MESSAGE][PASSED] - Object 'Object Repository/Modulo Actos Administrativos/Modulo Viáticos/Modificar Solicitud de Viáticos/li_Listado de Viaticos (act)' is clickable

2021-12-17 18:38:35 - [TEST_STEP][PASSED] - sendKeys(findTestObject("Modulo Actos Administrativos/Modulo Viáticos/Modificar Solicitud de Viáticos/input_ADMINISTRADOR DEL SISTEMA - SARA_form_templatej_idt24_input"), Keys.chord(ENTER)): Keys 'ENTER + ' sent to object: 'Object Repository/Modulo Actos Administrativos/Modulo Viáticos/Modificar Solicitud de Viáticos/input_ADMINISTRADOR DEL SISTEMA - SARA_form_templatej_idt24_input'

2021-12-17 18:38:35 - [MESSAGE][PASSED] - Keys 'ENTER + ' sent to object: 'Object Repository/Modulo Actos Administrativos/Modulo Viáticos/Modificar Solicitud de Viáticos/input_ADMINISTRADOR DEL SISTEMA - SARA_form_templatej_idt24_input'

2021-12-17 18:38:35 - [TEST_STEP][PASSED] - waitForElementClickable(findTestObject("Modulo Actos Administrativos/Modulo Viáticos/Modificar Solicitud de Viáticos/a_Nuevo"), 0): Object 'Object Repository/Modulo Actos Administrativos/Modulo Viáticos/Modificar Solicitud de Viáticos/a_Nuevo' is clickable

2021-12-17 18:38:35 - [MESSAGE][WARNING] - Timeout '0' is invalid. Using default page load timeout: '30'

2021-12-17 18:38:44 - [MESSAGE][PASSED] - Object 'Object Repository/Modulo Actos Administrativos/Modulo Viáticos/Modificar Solicitud de Viáticos/a_Nuevo' is clickable

2021-12-17 18:38:44 - [TEST_STEP][PASSED] - click(findTestObject("Modulo Actos Administrativos/Modulo Viáticos/Modificar Solicitud de Viáticos/a_Nuevo")): Object: 'Object Repository/Modulo Actos Administrativos/Modulo Viáticos/Modificar Solicitud de Viáticos/a_Nuevo' is clicked on

2021-12-17 18:38:44 - [MESSAGE][PASSED] - Object: 'Object Repository/Modulo Actos Administrativos/Modulo Viáticos/Modificar Solicitud de Viáticos/a_Nuevo' is clicked on

2021-12-17 18:38:44 - [TEST_STEP][PASSED] - click(findTestObject("Modulo Actos Administrativos/Modulo Viáticos/Modificar Solicitud de Viáticos/span_Modificar una solicitud de vitico")): Object: 'Object Repository/Modulo Actos Administrativos/Modulo Viáticos/Modificar Solicitud de Viáticos/span_Modificar una solicitud de vitico' is clicked on

2021-12-17 18:38:45 - [MESSAGE][PASSED] - Object: 'Object Repository/Modulo Actos Administrativos/Modulo Viáticos/Modificar Solicitud de Viáticos/span_Modificar una solicitud de vitico' is clicked on

2021-12-17 18:38:45 - [TEST_STEP][PASSED] - waitForElementClickable(findTestObject("Modulo Actos Administrativos/Modulo Viáticos/Modificar Solicitud de Viáticos/input_Documento_form_listadoviaticosfechaViat_input"), 0): Object 'Object Repository/Modulo Actos Administrativos/Modulo Viáticos/Modificar Solicitud de Viáticos/input_Documento_form_listadoviaticosfechaViat_input' is clickable

2021-12-17 18:38:45 - [MESSAGE][WARNING] - Timeout '0' is invalid. Using default page load timeout: '30'

2021-12-17 18:38:46 - [MESSAGE][PASSED] - Object 'Object Repository/Modulo Actos Administrativos/Modulo Viáticos/Modificar Solicitud de Viáticos/input_Documento_form_listadoviaticosfechaViat_input' is clickable

2021-12-17 18:38:46 - [TEST_STEP][PASSED] - setText(findTestObject("Modulo Actos Administrativos/Modulo Viáticos/Modificar Solicitud de Viáticos/input_Documento_form_listadoviaticosfechaViat_input"), "01/07/2021"): Text '01/07/2021' is set on object 'Object Repository/Modulo Actos Administrativos/Modulo Viáticos/Modificar Solicitud de Viáticos/input_Documento_form_listadoviaticosfechaViat_input'

2021-12-17 18:38:47 - [MESSAGE][PASSED] - Text '01/07/2021' is set on object 'Object Repository/Modulo Actos Administrativos/Modulo Viáticos/Modificar Solicitud de Viáticos/input_Documento_form_listadoviaticosfechaViat_input'

2021-12-17 18:38:47 - [TEST_STEP][PASSED] - sendKeys(findTestObject("Modulo Actos Administrativos/Modulo Viáticos/Modificar Solicitud de Viáticos/input_Documento_form_listadoviaticosfechaViat_input"), Keys.chord(ENTER)): Keys 'ENTER + ' sent to object: 'Object Repository/Modulo Actos Administrativos/Modulo Viáticos/Modificar Solicitud de Viáticos/input_Documento_form_listadoviaticosfechaViat_input'

2021-12-17 18:38:47 - [MESSAGE][PASSED] - Keys 'ENTER + ' sent to object: 'Object Repository/Modulo Actos Administrativos/Modulo Viáticos/Modificar Solicitud de Viáticos/input_Documento_form_listadoviaticosfechaViat_input'

2021-12-17 18:38:47 - [TEST_STEP][PASSED] - sendKeys(findTestObject("Modulo Actos Administrativos/Modulo Viáticos/Modificar Solicitud de Viáticos/input_Documento_form_listadoviaticosfechaViat_input"), Keys.chord(ESCAPE)): Keys 'ESCAPE + ' sent to object: 'Object Repository/Modulo Actos Administrativos/Modulo Viáticos/Modificar Solicitud de Viáticos/input_Documento_form_listadoviaticosfechaViat_input'

2021-12-17 18:38:48 - [MESSAGE][PASSED] - Keys 'ESCAPE + ' sent to object: 'Object Repository/Modulo Actos Administrativos/Modulo Viáticos/Modificar Solicitud de Viáticos/input_Documento_form_listadoviaticosfechaViat_input'

2021-12-17 18:38:48 - [TEST_STEP][PASSED] - if (waitForElementClickable(findTestObject("Modulo Actos Administrativos/Modulo Viáticos/Modificar Solicitud de Viáticos/td_01072021"), 1)): null

2021-12-17 18:38:48 - [MESSAGE][PASSED] - Object 'Object Repository/Modulo Actos Administrativos/Modulo Viáticos/Modificar Solicitud de Viáticos/td_01072021' is clickable

2021-12-17 18:38:48 - [TEST_STEP][PASSED] - click(findTestObject("Modulo Actos Administrativos/Modulo Viáticos/Modificar Solicitud de Viáticos/td_01072021")): Object: 'Object Repository/Modulo Actos Administrativos/Modulo Viáticos/Modificar Solicitud de Viáticos/td_01072021' is clicked on

2021-12-17 18:38:49 - [MESSAGE][PASSED] - Object: 'Object Repository/Modulo Actos Administrativos/Modulo Viáticos/Modificar Solicitud de Viáticos/td_01072021' is clicked on

2021-12-17 18:38:49 - [TEST_STEP][PASSED] - waitForElementClickable(findTestObject("Modulo Actos Administrativos/Modulo Viáticos/Modificar Solicitud de Viáticos/input_Fecha_form_detalleviaticosFechaNumero_input"), 0): Object 'Object Repository/Modulo Actos Administrativos/Modulo Viáticos/Modificar Solicitud de Viáticos/input_Fecha_form_detalleviaticosFechaNumero_input' is clickable

2021-12-17 18:38:49 - [MESSAGE][WARNING] - Timeout '0' is invalid. Using default page load timeout: '30'

2021-12-17 18:38:50 - [MESSAGE][PASSED] - Object 'Object Repository/Modulo Actos Administrativos/Modulo Viáticos/Modificar Solicitud de Viáticos/input_Fecha_form_detalleviaticosFechaNumero_input' is clickable

2021-12-17 18:38:50 - [TEST_STEP][PASSED] - setText(findTestObject("Modulo Actos Administrativos/Modulo Viáticos/Modificar Solicitud de Viáticos/input_Fecha_form_detalleviaticosFechaNumero_input"), "01/07/2021"): Text '01/07/2021' is set on object 'Object Repository/Modulo Actos Administrativos/Modulo Viáticos/Modificar Solicitud de Viáticos/input_Fecha_form_detalleviaticosFechaNumero_input'

2021-12-17 18:38:51 - [MESSAGE][PASSED] - Text '01/07/2021' is set on object 'Object Repository/Modulo Actos Administrativos/Modulo Viáticos/Modificar Solicitud de Viáticos/input_Fecha_form_detalleviaticosFechaNumero_input'

2021-12-17 18:38:51 - [TEST_STEP][PASSED] - setText(findTestObject("Modulo Actos Administrativos/Modulo Viáticos/Modificar Solicitud de Viáticos/input_Nmero_form_detalleviaticosNumero"), "5"): Text '5' is set on object 'Object Repository/Modulo Actos Administrativos/Modulo Viáticos/Modificar Solicitud de Viáticos/input_Nmero_form_detalleviaticosNumero'

2021-12-17 18:38:52 - [MESSAGE][PASSED] - Text '5' is set on object 'Object Repository/Modulo Actos Administrativos/Modulo Viáticos/Modificar Solicitud de Viáticos/input_Nmero_form_detalleviaticosNumero'

2021-12-17 18:38:52 - [TEST_STEP][PASSED] - setText(findTestObject("Modulo Actos Administrativos/Modulo Viáticos/Modificar Solicitud de Viáticos/textarea_Motivo Modificacin_form_detalleviaticosmotivoModificacion"), "prueba"): Text 'prueba' is set on object 'Object Repository/Modulo Actos Administrativos/Modulo Viáticos/Modificar Solicitud de Viáticos/textarea_Motivo Modificacin_form_detalleviaticosmotivoModificacion'

2021-12-17 18:38:52 - [MESSAGE][PASSED] - Text 'prueba' is set on object 'Object Repository/Modulo Actos Administrativos/Modulo Viáticos/Modificar Solicitud de Viáticos/textarea_Motivo Modificacin_form_detalleviaticosmotivoModificacion'

2021-12-17 18:38:52 - [TEST_STEP][PASSED] - click(findTestObject("Modulo Actos Administrativos/Modulo Viáticos/Modificar Solicitud de Viáticos/a_Guardar_modficar")): Object: 'Object Repository/Modulo Actos Administrativos/Modulo Viáticos/Modificar Solicitud de Viáticos/a_Guardar_modficar' is clicked on

2021-12-17 18:38:53 - [MESSAGE][PASSED] - Object: 'Object Repository/Modulo Actos Administrativos/Modulo Viáticos/Modificar Solicitud de Viáticos/a_Guardar_modficar' is clicked on

2021-12-17 18:38:53 - [TEST_STEP][PASSED] - getText(findTestObject("Alerta/Alerta")): Text of object 'Object Repository/Alerta/Alerta' is: 'El viatico ha sido insertado correctamente'

2021-12-17 18:38:54 - [MESSAGE][PASSED] - Text of object 'Object Repository/Alerta/Alerta' is: 'El viatico ha sido insertado correctamente'

2021-12-17 18:38:54 - [TEST_STEP][PASSED] - click(findTestObject("Modulo Actos Administrativos/Modulo Viáticos/Modificar Solicitud de Viáticos/a_Regresar")): Object: 'Object Repository/Modulo Actos Administrativos/Modulo Viáticos/Modificar Solicitud de Viáticos/a_Regresar' is clicked on

2021-12-17 18:38:54 - [MESSAGE][PASSED] - Object: 'Object Repository/Modulo Actos Administrativos/Modulo Viáticos/Modificar Solicitud de Viáticos/a_Regresar' is clicked on

2021-12-17 18:38:54 - [TEST_STEP][FAILED] - selectOptionByIndex(findTestObject("Modulo Actos Administrativos/Modulo Viáticos/Modificar Solicitud de Viáticos/select_--Seleccione--AnuladoAutorizadaDerogadaNo AutorizadaProgramadaSolicitado"), 2): Unable to select option by index '2' of object 'Object Repository/Modulo Actos Administrativos/Modulo Viáticos/Modificar Solicitud de Viáticos/select_--Seleccione--AnuladoAutorizadaDerogadaNo AutorizadaProgramadaSolicitado' (Root cause: com.kms.katalon.core.exception.StepFailedException: Unable to select option by index '2' of object 'Object Repository/Modulo Actos Administrativos/Modulo Viáticos/Modificar Solicitud de Viáticos/select_--Seleccione--AnuladoAutorizadaDerogadaNo AutorizadaProgramadaSolicitado'
	at com.kms.katalon.core.webui.keyword.internal.WebUIKeywordMain.stepFailed(WebUIKeywordMain.groovy:64)
	at com.kms.katalon.core.webui.keyword.internal.WebUIKeywordMain.runKeyword(WebUIKeywordMain.groovy:26)
	at com.kms.katalon.core.webui.keyword.builtin.SelectOptionByIndexKeyword.selectOptionByIndex(SelectOptionByIndexKeyword.groovy:93)
	at com.kms.katalon.core.webui.keyword.builtin.SelectOptionByIndexKeyword.execute(SelectOptionByIndexKeyword.groovy:68)
	at com.kms.katalon.core.keyword.internal.KeywordExecutor.executeKeywordForPlatform(KeywordExecutor.groovy:74)
	at com.kms.katalon.core.webui.keyword.WebUiBuiltInKeywords.selectOptionByIndex(WebUiBuiltInKeywords.groovy:1133)
	at com.kms.katalon.core.webui.keyword.WebUiBuiltInKeywords$selectOptionByIndex$8.call(Unknown Source)
	at 1.6.5 Modificar Solicitud de Viáticos.run(1.6.5 Modificar Solicitud de Viáticos:78)
	at com.kms.katalon.core.main.ScriptEngine.run(ScriptEngine.java:194)
	at com.kms.katalon.core.main.ScriptEngine.runScriptAsRawText(ScriptEngine.java:119)
	at com.kms.katalon.core.main.TestCaseExecutor.runScript(TestCaseExecutor.java:442)
	at com.kms.katalon.core.main.TestCaseExecutor.doExecute(TestCaseExecutor.java:433)
	at com.kms.katalon.core.main.TestCaseExecutor.processExecutionPhase(TestCaseExecutor.java:412)
	at com.kms.katalon.core.main.TestCaseExecutor.accessMainPhase(TestCaseExecutor.java:404)
	at com.kms.katalon.core.main.TestCaseExecutor.execute(TestCaseExecutor.java:281)
	at com.kms.katalon.core.main.TestSuiteExecutor.accessTestCaseMainPhase(TestSuiteExecutor.java:202)
	at com.kms.katalon.core.main.TestSuiteExecutor.accessTestSuiteMainPhase(TestSuiteExecutor.java:164)
	at com.kms.katalon.core.main.TestSuiteExecutor.execute(TestSuiteExecutor.java:105)
	at com.kms.katalon.core.main.TestCaseMain.startTestSuite(TestCaseMain.java:181)
	at com.kms.katalon.core.main.TestCaseMain$startTestSuite$0.call(Unknown Source)
	at TempTestSuite1639780222929.run(TempTestSuite1639780222929.groovy:36)
Caused by: com.kms.katalon.core.webui.exception.WebElementNotFoundException: Web element with id: 'Object Repository/Modulo Actos Administrativos/Modulo Viáticos/Modificar Solicitud de Viáticos/select_--Seleccione--AnuladoAutorizadaDerogadaNo AutorizadaProgramadaSolicitado' located by '//td[4]/select' not found
	at com.kms.katalon.core.webui.common.WebUiCommonHelper.findWebElement(WebUiCommonHelper.java:1368)
	at com.kms.katalon.core.webui.keyword.internal.WebUIAbstractKeyword.findWebElement(WebUIAbstractKeyword.groovy:27)
	at com.kms.katalon.core.webui.keyword.internal.WebUIAbstractKeyword.findWebElement(WebUIAbstractKeyword.groovy:26)
	at com.kms.katalon.core.webui.keyword.builtin.SelectOptionByIndexKeyword$_selectOptionByIndex_closure1.doCall(SelectOptionByIndexKeyword.groovy:84)
	at com.kms.katalon.core.webui.keyword.builtin.SelectOptionByIndexKeyword$_selectOptionByIndex_closure1.call(SelectOptionByIndexKeyword.groovy)
	at com.kms.katalon.core.webui.keyword.internal.WebUIKeywordMain.runKeyword(WebUIKeywordMain.groovy:20)
	at com.kms.katalon.core.webui.keyword.builtin.SelectOptionByIndexKeyword.selectOptionByIndex(SelectOptionByIndexKeyword.groovy:93)
	at com.kms.katalon.core.webui.keyword.builtin.SelectOptionByIndexKeyword.execute(SelectOptionByIndexKeyword.groovy:68)
	at com.kms.katalon.core.keyword.internal.KeywordExecutor.executeKeywordForPlatform(KeywordExecutor.groovy:74)
	at com.kms.katalon.core.webui.keyword.WebUiBuiltInKeywords.selectOptionByIndex(WebUiBuiltInKeywords.groovy:1133)
	at com.kms.katalon.core.webui.keyword.WebUiBuiltInKeywords$selectOptionByIndex$8.call(Unknown Source)
	at Script1629843416898.run(Script1629843416898.groovy:78)
	... 13 more
)

2021-12-17 18:39:25 - [MESSAGE][INFO] - Unable to find the element located by 'By.xpath: //td[4]/select'. Please recheck the objects properties to make sure the desired element is located. 

2021-12-17 18:39:26 - [MESSAGE][FAILED] - Unable to select option by index '2' of object 'Object Repository/Modulo Actos Administrativos/Modulo Viáticos/Modificar Solicitud de Viáticos/select_--Seleccione--AnuladoAutorizadaDerogadaNo AutorizadaProgramadaSolicitado' (Root cause: com.kms.katalon.core.exception.StepFailedException: Unable to select option by index '2' of object 'Object Repository/Modulo Actos Administrativos/Modulo Viáticos/Modificar Solicitud de Viáticos/select_--Seleccione--AnuladoAutorizadaDerogadaNo AutorizadaProgramadaSolicitado'
	at com.kms.katalon.core.webui.keyword.internal.WebUIKeywordMain.stepFailed(WebUIKeywordMain.groovy:64)
	at com.kms.katalon.core.webui.keyword.internal.WebUIKeywordMain.runKeyword(WebUIKeywordMain.groovy:26)
	at com.kms.katalon.core.webui.keyword.builtin.SelectOptionByIndexKeyword.selectOptionByIndex(SelectOptionByIndexKeyword.groovy:93)
	at com.kms.katalon.core.webui.keyword.builtin.SelectOptionByIndexKeyword.execute(SelectOptionByIndexKeyword.groovy:68)
	at com.kms.katalon.core.keyword.internal.KeywordExecutor.executeKeywordForPlatform(KeywordExecutor.groovy:74)
	at com.kms.katalon.core.webui.keyword.WebUiBuiltInKeywords.selectOptionByIndex(WebUiBuiltInKeywords.groovy:1133)
	at com.kms.katalon.core.webui.keyword.WebUiBuiltInKeywords$selectOptionByIndex$8.call(Unknown Source)
	at 1.6.5 Modificar Solicitud de Viáticos.run(1.6.5 Modificar Solicitud de Viáticos:78)
	at com.kms.katalon.core.main.ScriptEngine.run(ScriptEngine.java:194)
	at com.kms.katalon.core.main.ScriptEngine.runScriptAsRawText(ScriptEngine.java:119)
	at com.kms.katalon.core.main.TestCaseExecutor.runScript(TestCaseExecutor.java:442)
	at com.kms.katalon.core.main.TestCaseExecutor.doExecute(TestCaseExecutor.java:433)
	at com.kms.katalon.core.main.TestCaseExecutor.processExecutionPhase(TestCaseExecutor.java:412)
	at com.kms.katalon.core.main.TestCaseExecutor.accessMainPhase(TestCaseExecutor.java:404)
	at com.kms.katalon.core.main.TestCaseExecutor.execute(TestCaseExecutor.java:281)
	at com.kms.katalon.core.main.TestSuiteExecutor.accessTestCaseMainPhase(TestSuiteExecutor.java:202)
	at com.kms.katalon.core.main.TestSuiteExecutor.accessTestSuiteMainPhase(TestSuiteExecutor.java:164)
	at com.kms.katalon.core.main.TestSuiteExecutor.execute(TestSuiteExecutor.java:105)
	at com.kms.katalon.core.main.TestCaseMain.startTestSuite(TestCaseMain.java:181)
	at com.kms.katalon.core.main.TestCaseMain$startTestSuite$0.call(Unknown Source)
	at TempTestSuite1639780222929.run(TempTestSuite1639780222929.groovy:36)
Caused by: com.kms.katalon.core.webui.exception.WebElementNotFoundException: Web element with id: 'Object Repository/Modulo Actos Administrativos/Modulo Viáticos/Modificar Solicitud de Viáticos/select_--Seleccione--AnuladoAutorizadaDerogadaNo AutorizadaProgramadaSolicitado' located by '//td[4]/select' not found
	at com.kms.katalon.core.webui.common.WebUiCommonHelper.findWebElement(WebUiCommonHelper.java:1368)
	at com.kms.katalon.core.webui.keyword.internal.WebUIAbstractKeyword.findWebElement(WebUIAbstractKeyword.groovy:27)
	at com.kms.katalon.core.webui.keyword.internal.WebUIAbstractKeyword.findWebElement(WebUIAbstractKeyword.groovy:26)
	at com.kms.katalon.core.webui.keyword.builtin.SelectOptionByIndexKeyword$_selectOptionByIndex_closure1.doCall(SelectOptionByIndexKeyword.groovy:84)
	at com.kms.katalon.core.webui.keyword.builtin.SelectOptionByIndexKeyword$_selectOptionByIndex_closure1.call(SelectOptionByIndexKeyword.groovy)
	at com.kms.katalon.core.webui.keyword.internal.WebUIKeywordMain.runKeyword(WebUIKeywordMain.groovy:20)
	at com.kms.katalon.core.webui.keyword.builtin.SelectOptionByIndexKeyword.selectOptionByIndex(SelectOptionByIndexKeyword.groovy:93)
	at com.kms.katalon.core.webui.keyword.builtin.SelectOptionByIndexKeyword.execute(SelectOptionByIndexKeyword.groovy:68)
	at com.kms.katalon.core.keyword.internal.KeywordExecutor.executeKeywordForPlatform(KeywordExecutor.groovy:74)
	at com.kms.katalon.core.webui.keyword.WebUiBuiltInKeywords.selectOptionByIndex(WebUiBuiltInKeywords.groovy:1133)
	at com.kms.katalon.core.webui.keyword.WebUiBuiltInKeywords$selectOptionByIndex$8.call(Unknown Source)
	at Script1629843416898.run(Script1629843416898.groovy:78)
	... 13 more
)
[[ATTACHMENT|C:\\Users\\diego.rojas\\git\\Pruebas-Minimas\\Reports\\20211217_173017\\1-Tareas Principales\\20211217_173022\\1639784365905.png]]]]></system-out>
         <system-err><![CDATA[2021-12-17 18:38:07 - [TEST_CASE][FAILED] - Test Cases/1.1-Tareas Principales/1.6.5 Modificar Solicitud de Viáticos: Test Cases/1.1-Tareas Principales/1.6.5 Modificar Solicitud de Viáticos FAILED.
Reason:
com.kms.katalon.core.exception.StepFailedException: Unable to select option by index '2' of object 'Object Repository/Modulo Actos Administrativos/Modulo Viáticos/Modificar Solicitud de Viáticos/select_--Seleccione--AnuladoAutorizadaDerogadaNo AutorizadaProgramadaSolicitado'
	at com.kms.katalon.core.webui.keyword.internal.WebUIKeywordMain.stepFailed(WebUIKeywordMain.groovy:64)
	at com.kms.katalon.core.webui.keyword.internal.WebUIKeywordMain.runKeyword(WebUIKeywordMain.groovy:26)
	at com.kms.katalon.core.webui.keyword.builtin.SelectOptionByIndexKeyword.selectOptionByIndex(SelectOptionByIndexKeyword.groovy:93)
	at com.kms.katalon.core.webui.keyword.builtin.SelectOptionByIndexKeyword.execute(SelectOptionByIndexKeyword.groovy:68)
	at com.kms.katalon.core.keyword.internal.KeywordExecutor.executeKeywordForPlatform(KeywordExecutor.groovy:74)
	at com.kms.katalon.core.webui.keyword.WebUiBuiltInKeywords.selectOptionByIndex(WebUiBuiltInKeywords.groovy:1133)
	at com.kms.katalon.core.webui.keyword.WebUiBuiltInKeywords$selectOptionByIndex$8.call(Unknown Source)
	at 1.6.5 Modificar Solicitud de Viáticos.run(1.6.5 Modificar Solicitud de Viáticos:78)
	at com.kms.katalon.core.main.ScriptEngine.run(ScriptEngine.java:194)
	at com.kms.katalon.core.main.ScriptEngine.runScriptAsRawText(ScriptEngine.java:119)
	at com.kms.katalon.core.main.TestCaseExecutor.runScript(TestCaseExecutor.java:442)
	at com.kms.katalon.core.main.TestCaseExecutor.doExecute(TestCaseExecutor.java:433)
	at com.kms.katalon.core.main.TestCaseExecutor.processExecutionPhase(TestCaseExecutor.java:412)
	at com.kms.katalon.core.main.TestCaseExecutor.accessMainPhase(TestCaseExecutor.java:404)
	at com.kms.katalon.core.main.TestCaseExecutor.execute(TestCaseExecutor.java:281)
	at com.kms.katalon.core.main.TestSuiteExecutor.accessTestCaseMainPhase(TestSuiteExecutor.java:202)
	at com.kms.katalon.core.main.TestSuiteExecutor.accessTestSuiteMainPhase(TestSuiteExecutor.java:164)
	at com.kms.katalon.core.main.TestSuiteExecutor.execute(TestSuiteExecutor.java:105)
	at com.kms.katalon.core.main.TestCaseMain.startTestSuite(TestCaseMain.java:181)
	at com.kms.katalon.core.main.TestCaseMain$startTestSuite$0.call(Unknown Source)
	at TempTestSuite1639780222929.run(TempTestSuite1639780222929.groovy:36)
Caused by: com.kms.katalon.core.webui.exception.WebElementNotFoundException: Web element with id: 'Object Repository/Modulo Actos Administrativos/Modulo Viáticos/Modificar Solicitud de Viáticos/select_--Seleccione--AnuladoAutorizadaDerogadaNo AutorizadaProgramadaSolicitado' located by '//td[4]/select' not found
	at com.kms.katalon.core.webui.common.WebUiCommonHelper.findWebElement(WebUiCommonHelper.java:1368)
	at com.kms.katalon.core.webui.keyword.internal.WebUIAbstractKeyword.findWebElement(WebUIAbstractKeyword.groovy:27)
	at com.kms.katalon.core.webui.keyword.internal.WebUIAbstractKeyword.findWebElement(WebUIAbstractKeyword.groovy:26)
	at com.kms.katalon.core.webui.keyword.builtin.SelectOptionByIndexKeyword$_selectOptionByIndex_closure1.doCall(SelectOptionByIndexKeyword.groovy:84)
	at com.kms.katalon.core.webui.keyword.builtin.SelectOptionByIndexKeyword$_selectOptionByIndex_closure1.call(SelectOptionByIndexKeyword.groovy)
	at com.kms.katalon.core.webui.keyword.internal.WebUIKeywordMain.runKeyword(WebUIKeywordMain.groovy:20)
	... 19 more]]></system-err>
      </testcase>
      <testcase name="Test Cases/1.1-Tareas Principales/1.6.6 Anulación y Legalización de viáticos" time="135.334" classname="Test Cases/1.1-Tareas Principales/1.6.6 Anulación y Legalización de viáticos" status="FAILED">
         <failure type="FAILED" message="Test Cases/1.1-Tareas Principales/1.6.6 Anulación y Legalización de viáticos FAILED.
Reason:
com.kms.katalon.core.exception.StepFailedException: Unable to click on object 'Object Repository/Modulo Actos Administrativos/Modulo Viáticos/Anulación y Legalización de viáticos/a_Cambiar estado'
	at com.kms.katalon.core.webui.keyword.internal.WebUIKeywordMain.stepFailed(WebUIKeywordMain.groovy:64)
	at com.kms.katalon.core.webui.keyword.internal.WebUIKeywordMain.runKeyword(WebUIKeywordMain.groovy:26)
	at com.kms.katalon.core.webui.keyword.builtin.ClickKeyword.click(ClickKeyword.groovy:74)
	at com.kms.katalon.core.webui.keyword.builtin.ClickKeyword.execute(ClickKeyword.groovy:40)
	at com.kms.katalon.core.keyword.internal.KeywordExecutor.executeKeywordForPlatform(KeywordExecutor.groovy:74)
	at com.kms.katalon.core.webui.keyword.WebUiBuiltInKeywords.click(WebUiBuiltInKeywords.groovy:620)
	at com.kms.katalon.core.webui.keyword.WebUiBuiltInKeywords$click$5.call(Unknown Source)
	at 1.6.6 Anulación y Legalización de viáticos.run(1.6.6 Anulación y Legalización de viáticos:376)
	at com.kms.katalon.core.main.ScriptEngine.run(ScriptEngine.java:194)
	at com.kms.katalon.core.main.ScriptEngine.runScriptAsRawText(ScriptEngine.java:119)
	at com.kms.katalon.core.main.TestCaseExecutor.runScript(TestCaseExecutor.java:442)
	at com.kms.katalon.core.main.TestCaseExecutor.doExecute(TestCaseExecutor.java:433)
	at com.kms.katalon.core.main.TestCaseExecutor.processExecutionPhase(TestCaseExecutor.java:412)
	at com.kms.katalon.core.main.TestCaseExecutor.accessMainPhase(TestCaseExecutor.java:404)
	at com.kms.katalon.core.main.TestCaseExecutor.execute(TestCaseExecutor.java:281)
	at com.kms.katalon.core.main.TestSuiteExecutor.accessTestCaseMainPhase(TestSuiteExecutor.java:202)
	at com.kms.katalon.core.main.TestSuiteExecutor.accessTestSuiteMainPhase(TestSuiteExecutor.java:164)
	at com.kms.katalon.core.main.TestSuiteExecutor.execute(TestSuiteExecutor.java:105)
	at com.kms.katalon.core.main.TestCaseMain.startTestSuite(TestCaseMain.java:181)
	at com.kms.katalon.core.main.TestCaseMain$startTestSuite$0.call(Unknown Source)
	at TempTestSuite1639780222929.run(TempTestSuite1639780222929.groovy:36)
Caused by: com.kms.katalon.core.webui.exception.WebElementNotFoundException: Web element with id: 'Object Repository/Modulo Actos Administrativos/Modulo Viáticos/Anulación y Legalización de viáticos/a_Cambiar estado' located by '//*/text()[normalize-space(.)='Cambiar estado']/parent::*' not found
	at com.kms.katalon.core.webui.common.WebUiCommonHelper.findWebElement(WebUiCommonHelper.java:1368)
	at com.kms.katalon.core.webui.keyword.internal.WebUIAbstractKeyword.findWebElement(WebUIAbstractKeyword.groovy:27)
	at com.kms.katalon.core.webui.keyword.builtin.ClickKeyword$_click_closure1.doCall(ClickKeyword.groovy:65)
	at com.kms.katalon.core.webui.keyword.builtin.ClickKeyword$_click_closure1.call(ClickKeyword.groovy)
	at com.kms.katalon.core.webui.keyword.internal.WebUIKeywordMain.runKeyword(WebUIKeywordMain.groovy:20)
	... 19 more
"/>
         <system-out><![CDATA[2021-12-17 18:39:26 - [TEST_CASE][FAILED] - Test Cases/1.1-Tareas Principales/1.6.6 Anulación y Legalización de viáticos: Test Cases/1.1-Tareas Principales/1.6.6 Anulación y Legalización de viáticos FAILED.
Reason:
com.kms.katalon.core.exception.StepFailedException: Unable to click on object 'Object Repository/Modulo Actos Administrativos/Modulo Viáticos/Anulación y Legalización de viáticos/a_Cambiar estado'
	at com.kms.katalon.core.webui.keyword.internal.WebUIKeywordMain.stepFailed(WebUIKeywordMain.groovy:64)
	at com.kms.katalon.core.webui.keyword.internal.WebUIKeywordMain.runKeyword(WebUIKeywordMain.groovy:26)
	at com.kms.katalon.core.webui.keyword.builtin.ClickKeyword.click(ClickKeyword.groovy:74)
	at com.kms.katalon.core.webui.keyword.builtin.ClickKeyword.execute(ClickKeyword.groovy:40)
	at com.kms.katalon.core.keyword.internal.KeywordExecutor.executeKeywordForPlatform(KeywordExecutor.groovy:74)
	at com.kms.katalon.core.webui.keyword.WebUiBuiltInKeywords.click(WebUiBuiltInKeywords.groovy:620)
	at com.kms.katalon.core.webui.keyword.WebUiBuiltInKeywords$click$5.call(Unknown Source)
	at 1.6.6 Anulación y Legalización de viáticos.run(1.6.6 Anulación y Legalización de viáticos:376)
	at com.kms.katalon.core.main.ScriptEngine.run(ScriptEngine.java:194)
	at com.kms.katalon.core.main.ScriptEngine.runScriptAsRawText(ScriptEngine.java:119)
	at com.kms.katalon.core.main.TestCaseExecutor.runScript(TestCaseExecutor.java:442)
	at com.kms.katalon.core.main.TestCaseExecutor.doExecute(TestCaseExecutor.java:433)
	at com.kms.katalon.core.main.TestCaseExecutor.processExecutionPhase(TestCaseExecutor.java:412)
	at com.kms.katalon.core.main.TestCaseExecutor.accessMainPhase(TestCaseExecutor.java:404)
	at com.kms.katalon.core.main.TestCaseExecutor.execute(TestCaseExecutor.java:281)
	at com.kms.katalon.core.main.TestSuiteExecutor.accessTestCaseMainPhase(TestSuiteExecutor.java:202)
	at com.kms.katalon.core.main.TestSuiteExecutor.accessTestSuiteMainPhase(TestSuiteExecutor.java:164)
	at com.kms.katalon.core.main.TestSuiteExecutor.execute(TestSuiteExecutor.java:105)
	at com.kms.katalon.core.main.TestCaseMain.startTestSuite(TestCaseMain.java:181)
	at com.kms.katalon.core.main.TestCaseMain$startTestSuite$0.call(Unknown Source)
	at TempTestSuite1639780222929.run(TempTestSuite1639780222929.groovy:36)
Caused by: com.kms.katalon.core.webui.exception.WebElementNotFoundException: Web element with id: 'Object Repository/Modulo Actos Administrativos/Modulo Viáticos/Anulación y Legalización de viáticos/a_Cambiar estado' located by '//*/text()[normalize-space(.)='Cambiar estado']/parent::*' not found
	at com.kms.katalon.core.webui.common.WebUiCommonHelper.findWebElement(WebUiCommonHelper.java:1368)
	at com.kms.katalon.core.webui.keyword.internal.WebUIAbstractKeyword.findWebElement(WebUIAbstractKeyword.groovy:27)
	at com.kms.katalon.core.webui.keyword.builtin.ClickKeyword$_click_closure1.doCall(ClickKeyword.groovy:65)
	at com.kms.katalon.core.webui.keyword.builtin.ClickKeyword$_click_closure1.call(ClickKeyword.groovy)
	at com.kms.katalon.core.webui.keyword.internal.WebUIKeywordMain.runKeyword(WebUIKeywordMain.groovy:20)
	... 19 more


2021-12-17 18:39:26 - [TEST_STEP][PASSED] - callTestCase(findTestCase("0.1-Login"), [:], STOP_ON_FAILURE): Call Test Case 'Test Cases/0.1-Login' successfully

2021-12-17 18:39:26 - [TEST_CASE][PASSED] - Test Cases/0.1-Login: Test Cases/0.1-Login

2021-12-17 18:39:26 - [TEST_STEP][PASSED] - openBrowser(""): Browser is opened with url: ''

2021-12-17 18:39:26 - [MESSAGE][WARNING] - A browser is already opened. Closing browser and opening a new one

2021-12-17 18:39:27 - [MESSAGE][INFO] - Starting 'Chrome' driver

2021-12-17 18:39:27 - [MESSAGE][INFO] - Action delay is set to 0 milliseconds

2021-12-17 18:39:28 - [MESSAGE][PASSED] - Browser is opened with url: ''

2021-12-17 18:39:28 - [TEST_STEP][PASSED] - maximizeWindow(): Current window maximized

2021-12-17 18:39:28 - [MESSAGE][PASSED] - Current window maximized

2021-12-17 18:39:28 - [TEST_STEP][PASSED] - i = G_Login: null

2021-12-17 18:39:28 - [TEST_STEP][PASSED] - url = new java.net.URL(i): null

2021-12-17 18:39:28 - [TEST_STEP][PASSED] - println("URL: " + url.toString()): null

2021-12-17 18:39:28 - [TEST_STEP][PASSED] - connection = url.openConnection(): null

2021-12-17 18:39:28 - [TEST_STEP][PASSED] - connection.setRequestMethod("GET"): null

2021-12-17 18:39:28 - [TEST_STEP][PASSED] - connection.setReadTimeout(2 * 1000): null

2021-12-17 18:39:28 - [TEST_STEP][PASSED] - try: null

2021-12-17 18:39:28 - [TEST_STEP][PASSED] - connection.connect(): null

2021-12-17 18:39:28 - [TEST_STEP][PASSED] - flag = connected: null

2021-12-17 18:39:28 - [TEST_STEP][PASSED] - println("Valor_ori: " + flag): null

2021-12-17 18:39:28 - [TEST_STEP][PASSED] - if (flag): null

2021-12-17 18:39:28 - [TEST_STEP][PASSED] - navigateToUrl(i): Navigate to 'http://192.168.2.29:7001/saraweb' successfully

2021-12-17 18:39:33 - [MESSAGE][PASSED] - Navigate to 'http://192.168.2.29:7001/saraweb' successfully

2021-12-17 18:39:33 - [TEST_STEP][PASSED] - a(): null

2021-12-17 18:39:33 - [TEST_STEP][PASSED] - setText(findTestObject("Login/input_USUARIO_loginusuario"), G_Usuario): Text 'weblogic' is set on object 'Object Repository/Login/input_USUARIO_loginusuario'

2021-12-17 18:39:34 - [MESSAGE][PASSED] - Text 'weblogic' is set on object 'Object Repository/Login/input_USUARIO_loginusuario'

2021-12-17 18:39:34 - [TEST_STEP][PASSED] - setEncryptedText(findTestObject("Login/input_CLAVE_loginpassword"), "MkG4/TYiCFC3cb2driP7+Q=="): Text ****** has been set on object 'Object Repository/Login/input_CLAVE_loginpassword'

2021-12-17 18:39:35 - [MESSAGE][PASSED] - Text ****** has been set on object 'Object Repository/Login/input_CLAVE_loginpassword'

2021-12-17 18:39:35 - [TEST_STEP][PASSED] - waitForElementClickable(findTestObject("Login/a_Ingresar"), G_TimeOut): Object 'Object Repository/Login/a_Ingresar' is clickable

2021-12-17 18:39:35 - [MESSAGE][PASSED] - Object 'Object Repository/Login/a_Ingresar' is clickable

2021-12-17 18:39:35 - [TEST_STEP][PASSED] - click(findTestObject("Login/a_Ingresar")): Object: 'Object Repository/Login/a_Ingresar' is clicked on

2021-12-17 18:39:44 - [MESSAGE][PASSED] - Object: 'Object Repository/Login/a_Ingresar' is clicked on

2021-12-17 18:39:44 - [TEST_STEP][PASSED] - element = findWebElement(findTestObject("Login/a_Ir"), 30): null

2021-12-17 18:39:44 - [TEST_STEP][PASSED] - executeJavaScript("arguments[0].click()", Arrays.asList(element)): Execute JavaScript 'arguments[0].click()' successfully

2021-12-17 18:39:44 - [MESSAGE][PASSED] - Execute JavaScript 'arguments[0].click()' successfully

2021-12-17 18:39:44 - [MESSAGE][PASSED] - Call Test Case 'Test Cases/0.1-Login' successfully

2021-12-17 18:39:44 - [TEST_STEP][PASSED] - waitForElementClickable(findTestObject("Modulo Actos Administrativos/Modulo Viáticos/Anulación y Legalización de viáticos/input_ADMINISTRADOR DEL SISTEMA - SARA_form_templatej_idt24_input"), 0): Object 'Object Repository/Modulo Actos Administrativos/Modulo Viáticos/Anulación y Legalización de viáticos/input_ADMINISTRADOR DEL SISTEMA - SARA_form_templatej_idt24_input' is clickable

2021-12-17 18:39:44 - [MESSAGE][WARNING] - Timeout '0' is invalid. Using default page load timeout: '30'

2021-12-17 18:39:52 - [MESSAGE][PASSED] - Object 'Object Repository/Modulo Actos Administrativos/Modulo Viáticos/Anulación y Legalización de viáticos/input_ADMINISTRADOR DEL SISTEMA - SARA_form_templatej_idt24_input' is clickable

2021-12-17 18:39:52 - [TEST_STEP][PASSED] - setText(findTestObject("Modulo Actos Administrativos/Modulo Viáticos/Anulación y Legalización de viáticos/input_ADMINISTRADOR DEL SISTEMA - SARA_form_templatej_idt24_input"), "listado de viaticos"): Text 'listado de viaticos' is set on object 'Object Repository/Modulo Actos Administrativos/Modulo Viáticos/Anulación y Legalización de viáticos/input_ADMINISTRADOR DEL SISTEMA - SARA_form_templatej_idt24_input'

2021-12-17 18:39:53 - [MESSAGE][PASSED] - Text 'listado de viaticos' is set on object 'Object Repository/Modulo Actos Administrativos/Modulo Viáticos/Anulación y Legalización de viáticos/input_ADMINISTRADOR DEL SISTEMA - SARA_form_templatej_idt24_input'

2021-12-17 18:39:53 - [TEST_STEP][PASSED] - waitForElementClickable(findTestObject("Modulo Actos Administrativos/Modulo Viáticos/Anulación y Legalización de viáticos/li_Listado de Viaticos (act)"), 0): Object 'Object Repository/Modulo Actos Administrativos/Modulo Viáticos/Anulación y Legalización de viáticos/li_Listado de Viaticos (act)' is clickable

2021-12-17 18:39:53 - [MESSAGE][WARNING] - Timeout '0' is invalid. Using default page load timeout: '30'

2021-12-17 18:39:54 - [MESSAGE][PASSED] - Object 'Object Repository/Modulo Actos Administrativos/Modulo Viáticos/Anulación y Legalización de viáticos/li_Listado de Viaticos (act)' is clickable

2021-12-17 18:39:54 - [TEST_STEP][PASSED] - sendKeys(findTestObject("Modulo Actos Administrativos/Modulo Viáticos/Anulación y Legalización de viáticos/input_ADMINISTRADOR DEL SISTEMA - SARA_form_templatej_idt24_input"), Keys.chord(ENTER)): Keys 'ENTER + ' sent to object: 'Object Repository/Modulo Actos Administrativos/Modulo Viáticos/Anulación y Legalización de viáticos/input_ADMINISTRADOR DEL SISTEMA - SARA_form_templatej_idt24_input'

2021-12-17 18:39:55 - [MESSAGE][PASSED] - Keys 'ENTER + ' sent to object: 'Object Repository/Modulo Actos Administrativos/Modulo Viáticos/Anulación y Legalización de viáticos/input_ADMINISTRADOR DEL SISTEMA - SARA_form_templatej_idt24_input'

2021-12-17 18:39:55 - [TEST_STEP][PASSED] - selectOptionByIndex(findTestObject("Modulo Actos Administrativos/Modulo Viáticos/Anulación y Legalización de viáticos/select_--Seleccione--AnuladoAutorizadaDerogadaNo AutorizadaProgramadaSolicitado"), 5): All options with index in [5] are selected on object 'Object Repository/Modulo Actos Administrativos/Modulo Viáticos/Anulación y Legalización de viáticos/select_--Seleccione--AnuladoAutorizadaDerogadaNo AutorizadaProgramadaSolicitado'

2021-12-17 18:40:04 - [MESSAGE][PASSED] - All options with index in [5] are selected on object 'Object Repository/Modulo Actos Administrativos/Modulo Viáticos/Anulación y Legalización de viáticos/select_--Seleccione--AnuladoAutorizadaDerogadaNo AutorizadaProgramadaSolicitado'

2021-12-17 18:40:04 - [TEST_STEP][PASSED] - if (waitForElementClickable(findTestObject("Modulo Actos Administrativos/Modulo Viáticos/Anulación y Legalización de viáticos/td_01072021"), 1)): Web element with id: 'Object Repository/Modulo Actos Administrativos/Modulo Viáticos/Anulación y Legalización de viáticos/td_01072021' located by '//*/text()[normalize-space(.)='01/07/2021']/parent::*' not found

2021-12-17 18:40:06 - [MESSAGE][INFO] - Unable to find the element located by 'By.xpath: //*/text()[normalize-space(.)='01/07/2021']/parent::*'. Please recheck the objects properties to make sure the desired element is located. 

2021-12-17 18:40:06 - [MESSAGE][WARNING] - Web element with id: 'Object Repository/Modulo Actos Administrativos/Modulo Viáticos/Anulación y Legalización de viáticos/td_01072021' located by '//*/text()[normalize-space(.)='01/07/2021']/parent::*' not found

2021-12-17 18:40:06 - [TEST_STEP][PASSED] - else: null

2021-12-17 18:40:06 - [TEST_STEP][PASSED] - selectOptionByIndex(findTestObject("Modulo Actos Administrativos/Modulo Viáticos/Anulación y Legalización de viáticos/select_--Seleccione--AnuladoAutorizadaDerogadaNo AutorizadaProgramadaSolicitado"), 2): All options with index in [2] are selected on object 'Object Repository/Modulo Actos Administrativos/Modulo Viáticos/Anulación y Legalización de viáticos/select_--Seleccione--AnuladoAutorizadaDerogadaNo AutorizadaProgramadaSolicitado'

2021-12-17 18:40:07 - [MESSAGE][PASSED] - All options with index in [2] are selected on object 'Object Repository/Modulo Actos Administrativos/Modulo Viáticos/Anulación y Legalización de viáticos/select_--Seleccione--AnuladoAutorizadaDerogadaNo AutorizadaProgramadaSolicitado'

2021-12-17 18:40:07 - [TEST_STEP][PASSED] - if (waitForElementClickable(findTestObject("Modulo Actos Administrativos/Modulo Viáticos/Anulación y Legalización de viáticos/td_01072021"), 1)): null

2021-12-17 18:40:08 - [MESSAGE][PASSED] - Object 'Object Repository/Modulo Actos Administrativos/Modulo Viáticos/Anulación y Legalización de viáticos/td_01072021' is clickable

2021-12-17 18:40:08 - [TEST_STEP][PASSED] - click(findTestObject("Modulo Actos Administrativos/Modulo Viáticos/Anulación y Legalización de viáticos/td_01072021")): Object: 'Object Repository/Modulo Actos Administrativos/Modulo Viáticos/Anulación y Legalización de viáticos/td_01072021' is clicked on

2021-12-17 18:40:08 - [MESSAGE][PASSED] - Object: 'Object Repository/Modulo Actos Administrativos/Modulo Viáticos/Anulación y Legalización de viáticos/td_01072021' is clicked on

2021-12-17 18:40:08 - [TEST_STEP][PASSED] - waitForElementClickable(findTestObject("Modulo Actos Administrativos/Modulo Viáticos/Anulación y Legalización de viáticos/a_Cerrar Desembolsar"), 0): Object 'Object Repository/Modulo Actos Administrativos/Modulo Viáticos/Anulación y Legalización de viáticos/a_Cerrar Desembolsar' is clickable

2021-12-17 18:40:08 - [MESSAGE][WARNING] - Timeout '0' is invalid. Using default page load timeout: '30'

2021-12-17 18:40:10 - [MESSAGE][PASSED] - Object 'Object Repository/Modulo Actos Administrativos/Modulo Viáticos/Anulación y Legalización de viáticos/a_Cerrar Desembolsar' is clickable

2021-12-17 18:40:10 - [TEST_STEP][PASSED] - click(findTestObject("Modulo Actos Administrativos/Modulo Viáticos/Anulación y Legalización de viáticos/a_Cerrar Desembolsar")): Object: 'Object Repository/Modulo Actos Administrativos/Modulo Viáticos/Anulación y Legalización de viáticos/a_Cerrar Desembolsar' is clicked on

2021-12-17 18:40:10 - [MESSAGE][PASSED] - Object: 'Object Repository/Modulo Actos Administrativos/Modulo Viáticos/Anulación y Legalización de viáticos/a_Cerrar Desembolsar' is clicked on

2021-12-17 18:40:10 - [TEST_STEP][PASSED] - setText(findTestObject("Modulo Actos Administrativos/Modulo Viáticos/Anulación y Legalización de viáticos/input_Fecha_Cierre desembolso"), "01/07/2021"): Text '01/07/2021' is set on object 'Object Repository/Modulo Actos Administrativos/Modulo Viáticos/Anulación y Legalización de viáticos/input_Fecha_Cierre desembolso'

2021-12-17 18:40:11 - [MESSAGE][PASSED] - Text '01/07/2021' is set on object 'Object Repository/Modulo Actos Administrativos/Modulo Viáticos/Anulación y Legalización de viáticos/input_Fecha_Cierre desembolso'

2021-12-17 18:40:11 - [TEST_STEP][PASSED] - setText(findTestObject("Modulo Actos Administrativos/Modulo Viáticos/Anulación y Legalización de viáticos/input_TRM_Cierre desembolso"), "5"): Text '5' is set on object 'Object Repository/Modulo Actos Administrativos/Modulo Viáticos/Anulación y Legalización de viáticos/input_TRM_Cierre desembolso'

2021-12-17 18:40:12 - [MESSAGE][PASSED] - Text '5' is set on object 'Object Repository/Modulo Actos Administrativos/Modulo Viáticos/Anulación y Legalización de viáticos/input_TRM_Cierre desembolso'

2021-12-17 18:40:12 - [TEST_STEP][PASSED] - click(findTestObject("Modulo Actos Administrativos/Modulo Viáticos/Anulación y Legalización de viáticos/a_Aplicar_Cierre desembolso")): Object: 'Object Repository/Modulo Actos Administrativos/Modulo Viáticos/Anulación y Legalización de viáticos/a_Aplicar_Cierre desembolso' is clicked on

2021-12-17 18:40:13 - [MESSAGE][PASSED] - Object: 'Object Repository/Modulo Actos Administrativos/Modulo Viáticos/Anulación y Legalización de viáticos/a_Aplicar_Cierre desembolso' is clicked on

2021-12-17 18:40:13 - [TEST_STEP][PASSED] - click(findTestObject("Modulo Actos Administrativos/Modulo Viáticos/Anulación y Legalización de viáticos/a_Costos_Anulacion")): Object: 'Object Repository/Modulo Actos Administrativos/Modulo Viáticos/Anulación y Legalización de viáticos/a_Costos_Anulacion' is clicked on

2021-12-17 18:40:13 - [MESSAGE][PASSED] - Object: 'Object Repository/Modulo Actos Administrativos/Modulo Viáticos/Anulación y Legalización de viáticos/a_Costos_Anulacion' is clicked on

2021-12-17 18:40:13 - [TEST_STEP][PASSED] - sendKeys(findTestObject("Modulo Actos Administrativos/Modulo Viáticos/Anulación y Legalización de viáticos/a_Costos_Anulacion"), Keys.chord(F5)): Keys 'F5 + ' sent to object: 'Object Repository/Modulo Actos Administrativos/Modulo Viáticos/Anulación y Legalización de viáticos/a_Costos_Anulacion'

2021-12-17 18:40:14 - [MESSAGE][PASSED] - Keys 'F5 + ' sent to object: 'Object Repository/Modulo Actos Administrativos/Modulo Viáticos/Anulación y Legalización de viáticos/a_Costos_Anulacion'

2021-12-17 18:40:14 - [TEST_STEP][PASSED] - waitForElementClickable(findTestObject("Modulo Actos Administrativos/Modulo Viáticos/Costos de Viáticos/a_Nuevo1_costo"), 0): Object 'Object Repository/Modulo Actos Administrativos/Modulo Viáticos/Costos de Viáticos/a_Nuevo1_costo' is clickable

2021-12-17 18:40:14 - [MESSAGE][WARNING] - Timeout '0' is invalid. Using default page load timeout: '30'

2021-12-17 18:40:14 - [MESSAGE][PASSED] - Object 'Object Repository/Modulo Actos Administrativos/Modulo Viáticos/Costos de Viáticos/a_Nuevo1_costo' is clickable

2021-12-17 18:40:14 - [TEST_STEP][PASSED] - click(findTestObject("Modulo Actos Administrativos/Modulo Viáticos/Costos de Viáticos/a_Nuevo1_costo")): Object: 'Object Repository/Modulo Actos Administrativos/Modulo Viáticos/Costos de Viáticos/a_Nuevo1_costo' is clicked on

2021-12-17 18:40:15 - [MESSAGE][PASSED] - Object: 'Object Repository/Modulo Actos Administrativos/Modulo Viáticos/Costos de Viáticos/a_Nuevo1_costo' is clicked on

2021-12-17 18:40:15 - [TEST_STEP][PASSED] - waitForElementClickable(findTestObject("Modulo Actos Administrativos/Modulo Viáticos/Costos de Viáticos/a_Funcionario_form_popupComplementarioViaticoj_idt332"), 0): Object 'Object Repository/Modulo Actos Administrativos/Modulo Viáticos/Costos de Viáticos/a_Funcionario_form_popupComplementarioViaticoj_idt332' is clickable

2021-12-17 18:40:15 - [MESSAGE][WARNING] - Timeout '0' is invalid. Using default page load timeout: '30'

2021-12-17 18:40:20 - [MESSAGE][PASSED] - Object 'Object Repository/Modulo Actos Administrativos/Modulo Viáticos/Costos de Viáticos/a_Funcionario_form_popupComplementarioViaticoj_idt332' is clickable

2021-12-17 18:40:20 - [TEST_STEP][PASSED] - click(findTestObject("Modulo Actos Administrativos/Modulo Viáticos/Costos de Viáticos/a_Funcionario_form_popupComplementarioViaticoj_idt332")): Object: 'Object Repository/Modulo Actos Administrativos/Modulo Viáticos/Costos de Viáticos/a_Funcionario_form_popupComplementarioViaticoj_idt332' is clicked on

2021-12-17 18:40:21 - [MESSAGE][PASSED] - Object: 'Object Repository/Modulo Actos Administrativos/Modulo Viáticos/Costos de Viáticos/a_Funcionario_form_popupComplementarioViaticoj_idt332' is clicked on

2021-12-17 18:40:21 - [TEST_STEP][PASSED] - waitForElementClickable(findTestObject("Modulo Actos Administrativos/Modulo Viáticos/Anulación y Legalización de viáticos/td_QUINTERO 5 EMPLEADO2"), 0): Object 'Object Repository/Modulo Actos Administrativos/Modulo Viáticos/Anulación y Legalización de viáticos/td_QUINTERO 5 EMPLEADO2' is clickable

2021-12-17 18:40:21 - [MESSAGE][WARNING] - Timeout '0' is invalid. Using default page load timeout: '30'

2021-12-17 18:40:21 - [MESSAGE][PASSED] - Object 'Object Repository/Modulo Actos Administrativos/Modulo Viáticos/Anulación y Legalización de viáticos/td_QUINTERO 5 EMPLEADO2' is clickable

2021-12-17 18:40:21 - [TEST_STEP][PASSED] - click(findTestObject("Modulo Actos Administrativos/Modulo Viáticos/Anulación y Legalización de viáticos/td_QUINTERO 5 EMPLEADO2")): Object: 'Object Repository/Modulo Actos Administrativos/Modulo Viáticos/Anulación y Legalización de viáticos/td_QUINTERO 5 EMPLEADO2' is clicked on

2021-12-17 18:40:22 - [MESSAGE][PASSED] - Object: 'Object Repository/Modulo Actos Administrativos/Modulo Viáticos/Anulación y Legalización de viáticos/td_QUINTERO 5 EMPLEADO2' is clicked on

2021-12-17 18:40:22 - [TEST_STEP][PASSED] - delay(1): Delayed 1 second(s)

2021-12-17 18:40:23 - [MESSAGE][PASSED] - Delayed 1 second(s)

2021-12-17 18:40:23 - [TEST_STEP][PASSED] - selectOptionByIndex(findTestObject("Modulo Actos Administrativos/Modulo Viáticos/Complementario de Viáticos/select_--- Seleccione Tipo Costo --Viatico prueba--complementario"), "1"): All options with index in [1] are selected on object 'Object Repository/Modulo Actos Administrativos/Modulo Viáticos/Complementario de Viáticos/select_--- Seleccione Tipo Costo --Viatico prueba--complementario'

2021-12-17 18:40:24 - [MESSAGE][PASSED] - All options with index in [1] are selected on object 'Object Repository/Modulo Actos Administrativos/Modulo Viáticos/Complementario de Viáticos/select_--- Seleccione Tipo Costo --Viatico prueba--complementario'

2021-12-17 18:40:24 - [TEST_STEP][PASSED] - setText(findTestObject("Modulo Actos Administrativos/Modulo Viáticos/Costos de Viáticos/input_Valor Pagado UD_form_popupcostoviaticosvalorPagadoUD"), "1500000"): Text '1500000' is set on object 'Object Repository/Modulo Actos Administrativos/Modulo Viáticos/Costos de Viáticos/input_Valor Pagado UD_form_popupcostoviaticosvalorPagadoUD'

2021-12-17 18:40:25 - [MESSAGE][PASSED] - Text '1500000' is set on object 'Object Repository/Modulo Actos Administrativos/Modulo Viáticos/Costos de Viáticos/input_Valor Pagado UD_form_popupcostoviaticosvalorPagadoUD'

2021-12-17 18:40:25 - [TEST_STEP][PASSED] - setText(findTestObject("Modulo Actos Administrativos/Modulo Viáticos/Costos de Viáticos/input_Excedente_form_popupcostoviaticosvalorExcedente"), "10000"): Text '10000' is set on object 'Object Repository/Modulo Actos Administrativos/Modulo Viáticos/Costos de Viáticos/input_Excedente_form_popupcostoviaticosvalorExcedente'

2021-12-17 18:40:25 - [MESSAGE][PASSED] - Text '10000' is set on object 'Object Repository/Modulo Actos Administrativos/Modulo Viáticos/Costos de Viáticos/input_Excedente_form_popupcostoviaticosvalorExcedente'

2021-12-17 18:40:25 - [TEST_STEP][PASSED] - setText(findTestObject("Modulo Actos Administrativos/Modulo Viáticos/Costos de Viáticos/input_Factura_form_popupcostoviaticosfactura"), "5"): Text '5' is set on object 'Object Repository/Modulo Actos Administrativos/Modulo Viáticos/Costos de Viáticos/input_Factura_form_popupcostoviaticosfactura'

2021-12-17 18:40:26 - [MESSAGE][PASSED] - Text '5' is set on object 'Object Repository/Modulo Actos Administrativos/Modulo Viáticos/Costos de Viáticos/input_Factura_form_popupcostoviaticosfactura'

2021-12-17 18:40:26 - [TEST_STEP][PASSED] - setText(findTestObject("Modulo Actos Administrativos/Modulo Viáticos/Costos de Viáticos/input_Factura_form_popupcostoviaticosfechafactura_input"), "01/07/2021"): Text '01/07/2021' is set on object 'Object Repository/Modulo Actos Administrativos/Modulo Viáticos/Costos de Viáticos/input_Factura_form_popupcostoviaticosfechafactura_input'

2021-12-17 18:40:27 - [MESSAGE][PASSED] - Text '01/07/2021' is set on object 'Object Repository/Modulo Actos Administrativos/Modulo Viáticos/Costos de Viáticos/input_Factura_form_popupcostoviaticosfechafactura_input'

2021-12-17 18:40:27 - [TEST_STEP][PASSED] - setText(findTestObject("Modulo Actos Administrativos/Modulo Viáticos/Costos de Viáticos/input_viatico_form_popupcostoviaticosdestino"), "1"): Text '1' is set on object 'Object Repository/Modulo Actos Administrativos/Modulo Viáticos/Costos de Viáticos/input_viatico_form_popupcostoviaticosdestino'

2021-12-17 18:40:28 - [MESSAGE][PASSED] - Text '1' is set on object 'Object Repository/Modulo Actos Administrativos/Modulo Viáticos/Costos de Viáticos/input_viatico_form_popupcostoviaticosdestino'

2021-12-17 18:40:28 - [TEST_STEP][PASSED] - click(findTestObject("Modulo Actos Administrativos/Modulo Viáticos/Costos de Viáticos/input_viatico_form_popupcostoviaticosdestino")): Object: 'Object Repository/Modulo Actos Administrativos/Modulo Viáticos/Costos de Viáticos/input_viatico_form_popupcostoviaticosdestino' is clicked on

2021-12-17 18:40:28 - [MESSAGE][PASSED] - Object: 'Object Repository/Modulo Actos Administrativos/Modulo Viáticos/Costos de Viáticos/input_viatico_form_popupcostoviaticosdestino' is clicked on

2021-12-17 18:40:28 - [TEST_STEP][PASSED] - click(findTestObject("Modulo Actos Administrativos/Modulo Viáticos/Costos de Viáticos/a_Guardar_costo")): Object: 'Object Repository/Modulo Actos Administrativos/Modulo Viáticos/Costos de Viáticos/a_Guardar_costo' is clicked on

2021-12-17 18:40:29 - [MESSAGE][PASSED] - Object: 'Object Repository/Modulo Actos Administrativos/Modulo Viáticos/Costos de Viáticos/a_Guardar_costo' is clicked on

2021-12-17 18:40:29 - [TEST_STEP][PASSED] - click(findTestObject("Modulo Actos Administrativos/Modulo Viáticos/Anulación y Legalización de viáticos/span_Cerrar_ventana_ Crear costos")): Object: 'Object Repository/Modulo Actos Administrativos/Modulo Viáticos/Anulación y Legalización de viáticos/span_Cerrar_ventana_ Crear costos' is clicked on

2021-12-17 18:40:29 - [MESSAGE][PASSED] - Object: 'Object Repository/Modulo Actos Administrativos/Modulo Viáticos/Anulación y Legalización de viáticos/span_Cerrar_ventana_ Crear costos' is clicked on

2021-12-17 18:40:29 - [TEST_STEP][PASSED] - click(findTestObject("Modulo Actos Administrativos/Modulo Viáticos/Anulación y Legalización de viáticos/td_estado_null")): Object: 'Object Repository/Modulo Actos Administrativos/Modulo Viáticos/Anulación y Legalización de viáticos/td_estado_null' is clicked on

2021-12-17 18:40:30 - [MESSAGE][PASSED] - Object: 'Object Repository/Modulo Actos Administrativos/Modulo Viáticos/Anulación y Legalización de viáticos/td_estado_null' is clicked on

2021-12-17 18:40:30 - [TEST_STEP][PASSED] - if (waitForElementClickable(findTestObject("Modulo Actos Administrativos/Modulo Viáticos/Anulación y Legalización de viáticos/a_Anular_Costo"), 1)): null

2021-12-17 18:40:31 - [MESSAGE][PASSED] - Object 'Object Repository/Modulo Actos Administrativos/Modulo Viáticos/Anulación y Legalización de viáticos/a_Anular_Costo' is clickable

2021-12-17 18:40:31 - [TEST_STEP][PASSED] - click(findTestObject("Modulo Actos Administrativos/Modulo Viáticos/Anulación y Legalización de viáticos/a_Anular_Costo")): Object: 'Object Repository/Modulo Actos Administrativos/Modulo Viáticos/Anulación y Legalización de viáticos/a_Anular_Costo' is clicked on

2021-12-17 18:40:31 - [MESSAGE][PASSED] - Object: 'Object Repository/Modulo Actos Administrativos/Modulo Viáticos/Anulación y Legalización de viáticos/a_Anular_Costo' is clicked on

2021-12-17 18:40:31 - [TEST_STEP][PASSED] - waitForElementClickable(findTestObject("Modulo Actos Administrativos/Modulo Viáticos/Anulación y Legalización de viáticos/select_--Seleccione--Nota CreditoReembolsoRevisin"), 0): Object 'Object Repository/Modulo Actos Administrativos/Modulo Viáticos/Anulación y Legalización de viáticos/select_--Seleccione--Nota CreditoReembolsoRevisin' is clickable

2021-12-17 18:40:31 - [MESSAGE][WARNING] - Timeout '0' is invalid. Using default page load timeout: '30'

2021-12-17 18:40:32 - [MESSAGE][PASSED] - Object 'Object Repository/Modulo Actos Administrativos/Modulo Viáticos/Anulación y Legalización de viáticos/select_--Seleccione--Nota CreditoReembolsoRevisin' is clickable

2021-12-17 18:40:32 - [TEST_STEP][PASSED] - selectOptionByIndex(findTestObject("Modulo Actos Administrativos/Modulo Viáticos/Anulación y Legalización de viáticos/select_--Seleccione--Nota CreditoReembolsoRevisin"), "1"): All options with index in [1] are selected on object 'Object Repository/Modulo Actos Administrativos/Modulo Viáticos/Anulación y Legalización de viáticos/select_--Seleccione--Nota CreditoReembolsoRevisin'

2021-12-17 18:40:33 - [MESSAGE][PASSED] - All options with index in [1] are selected on object 'Object Repository/Modulo Actos Administrativos/Modulo Viáticos/Anulación y Legalización de viáticos/select_--Seleccione--Nota CreditoReembolsoRevisin'

2021-12-17 18:40:33 - [TEST_STEP][PASSED] - setText(findTestObject("Modulo Actos Administrativos/Modulo Viáticos/Anulación y Legalización de viáticos/input_Nmero Nota Credito_form"), "5"): Text '5' is set on object 'Object Repository/Modulo Actos Administrativos/Modulo Viáticos/Anulación y Legalización de viáticos/input_Nmero Nota Credito_form'

2021-12-17 18:40:34 - [MESSAGE][PASSED] - Text '5' is set on object 'Object Repository/Modulo Actos Administrativos/Modulo Viáticos/Anulación y Legalización de viáticos/input_Nmero Nota Credito_form'

2021-12-17 18:40:34 - [TEST_STEP][PASSED] - setText(findTestObject("Modulo Actos Administrativos/Modulo Viáticos/Anulación y Legalización de viáticos/input_Fecha De Nota Crdito_form_Nota credito"), "01/07/2021"): Text '01/07/2021' is set on object 'Object Repository/Modulo Actos Administrativos/Modulo Viáticos/Anulación y Legalización de viáticos/input_Fecha De Nota Crdito_form_Nota credito'

2021-12-17 18:40:35 - [MESSAGE][PASSED] - Text '01/07/2021' is set on object 'Object Repository/Modulo Actos Administrativos/Modulo Viáticos/Anulación y Legalización de viáticos/input_Fecha De Nota Crdito_form_Nota credito'

2021-12-17 18:40:35 - [TEST_STEP][PASSED] - setText(findTestObject("Modulo Actos Administrativos/Modulo Viáticos/Anulación y Legalización de viáticos/input_Fecha Resolucin_form_Nota_credito"), "01/07/2021"): Text '01/07/2021' is set on object 'Object Repository/Modulo Actos Administrativos/Modulo Viáticos/Anulación y Legalización de viáticos/input_Fecha Resolucin_form_Nota_credito'

2021-12-17 18:40:36 - [MESSAGE][PASSED] - Text '01/07/2021' is set on object 'Object Repository/Modulo Actos Administrativos/Modulo Viáticos/Anulación y Legalización de viáticos/input_Fecha Resolucin_form_Nota_credito'

2021-12-17 18:40:36 - [TEST_STEP][PASSED] - setText(findTestObject("Modulo Actos Administrativos/Modulo Viáticos/Anulación y Legalización de viáticos/input_Valor_form_Nota_credito"), "10"): Text '10' is set on object 'Object Repository/Modulo Actos Administrativos/Modulo Viáticos/Anulación y Legalización de viáticos/input_Valor_form_Nota_credito'

2021-12-17 18:40:37 - [MESSAGE][PASSED] - Text '10' is set on object 'Object Repository/Modulo Actos Administrativos/Modulo Viáticos/Anulación y Legalización de viáticos/input_Valor_form_Nota_credito'

2021-12-17 18:40:37 - [TEST_STEP][PASSED] - setText(findTestObject("Modulo Actos Administrativos/Modulo Viáticos/Anulación y Legalización de viáticos/input_Nmero Resolucin_Nota_credito"), "5"): Text '5' is set on object 'Object Repository/Modulo Actos Administrativos/Modulo Viáticos/Anulación y Legalización de viáticos/input_Nmero Resolucin_Nota_credito'

2021-12-17 18:40:38 - [MESSAGE][PASSED] - Text '5' is set on object 'Object Repository/Modulo Actos Administrativos/Modulo Viáticos/Anulación y Legalización de viáticos/input_Nmero Resolucin_Nota_credito'

2021-12-17 18:40:38 - [TEST_STEP][PASSED] - click(findTestObject("Modulo Actos Administrativos/Modulo Viáticos/Anulación y Legalización de viáticos/a_Aplicar_Nota_credito")): Object: 'Object Repository/Modulo Actos Administrativos/Modulo Viáticos/Anulación y Legalización de viáticos/a_Aplicar_Nota_credito' is clicked on

2021-12-17 18:40:38 - [MESSAGE][PASSED] - Object: 'Object Repository/Modulo Actos Administrativos/Modulo Viáticos/Anulación y Legalización de viáticos/a_Aplicar_Nota_credito' is clicked on

2021-12-17 18:40:38 - [TEST_STEP][PASSED] - waitForElementClickable(findTestObject("Modulo Actos Administrativos/Modulo Viáticos/Anulación y Legalización de viáticos/a_Cambiar estado"), 0): Web element with id: 'Object Repository/Modulo Actos Administrativos/Modulo Viáticos/Anulación y Legalización de viáticos/a_Cambiar estado' located by '//*/text()[normalize-space(.)='Cambiar estado']/parent::*' not found

2021-12-17 18:40:38 - [MESSAGE][WARNING] - Timeout '0' is invalid. Using default page load timeout: '30'

2021-12-17 18:41:10 - [MESSAGE][INFO] - Unable to find the element located by 'By.xpath: //*/text()[normalize-space(.)='Cambiar estado']/parent::*'. Please recheck the objects properties to make sure the desired element is located. 

2021-12-17 18:41:10 - [MESSAGE][WARNING] - Web element with id: 'Object Repository/Modulo Actos Administrativos/Modulo Viáticos/Anulación y Legalización de viáticos/a_Cambiar estado' located by '//*/text()[normalize-space(.)='Cambiar estado']/parent::*' not found

2021-12-17 18:41:10 - [TEST_STEP][FAILED] - click(findTestObject("Modulo Actos Administrativos/Modulo Viáticos/Anulación y Legalización de viáticos/a_Cambiar estado")): Unable to click on object 'Object Repository/Modulo Actos Administrativos/Modulo Viáticos/Anulación y Legalización de viáticos/a_Cambiar estado' (Root cause: com.kms.katalon.core.exception.StepFailedException: Unable to click on object 'Object Repository/Modulo Actos Administrativos/Modulo Viáticos/Anulación y Legalización de viáticos/a_Cambiar estado'
	at com.kms.katalon.core.webui.keyword.internal.WebUIKeywordMain.stepFailed(WebUIKeywordMain.groovy:64)
	at com.kms.katalon.core.webui.keyword.internal.WebUIKeywordMain.runKeyword(WebUIKeywordMain.groovy:26)
	at com.kms.katalon.core.webui.keyword.builtin.ClickKeyword.click(ClickKeyword.groovy:74)
	at com.kms.katalon.core.webui.keyword.builtin.ClickKeyword.execute(ClickKeyword.groovy:40)
	at com.kms.katalon.core.keyword.internal.KeywordExecutor.executeKeywordForPlatform(KeywordExecutor.groovy:74)
	at com.kms.katalon.core.webui.keyword.WebUiBuiltInKeywords.click(WebUiBuiltInKeywords.groovy:620)
	at com.kms.katalon.core.webui.keyword.WebUiBuiltInKeywords$click$5.call(Unknown Source)
	at 1.6.6 Anulación y Legalización de viáticos.run(1.6.6 Anulación y Legalización de viáticos:376)
	at com.kms.katalon.core.main.ScriptEngine.run(ScriptEngine.java:194)
	at com.kms.katalon.core.main.ScriptEngine.runScriptAsRawText(ScriptEngine.java:119)
	at com.kms.katalon.core.main.TestCaseExecutor.runScript(TestCaseExecutor.java:442)
	at com.kms.katalon.core.main.TestCaseExecutor.doExecute(TestCaseExecutor.java:433)
	at com.kms.katalon.core.main.TestCaseExecutor.processExecutionPhase(TestCaseExecutor.java:412)
	at com.kms.katalon.core.main.TestCaseExecutor.accessMainPhase(TestCaseExecutor.java:404)
	at com.kms.katalon.core.main.TestCaseExecutor.execute(TestCaseExecutor.java:281)
	at com.kms.katalon.core.main.TestSuiteExecutor.accessTestCaseMainPhase(TestSuiteExecutor.java:202)
	at com.kms.katalon.core.main.TestSuiteExecutor.accessTestSuiteMainPhase(TestSuiteExecutor.java:164)
	at com.kms.katalon.core.main.TestSuiteExecutor.execute(TestSuiteExecutor.java:105)
	at com.kms.katalon.core.main.TestCaseMain.startTestSuite(TestCaseMain.java:181)
	at com.kms.katalon.core.main.TestCaseMain$startTestSuite$0.call(Unknown Source)
	at TempTestSuite1639780222929.run(TempTestSuite1639780222929.groovy:36)
Caused by: com.kms.katalon.core.webui.exception.WebElementNotFoundException: Web element with id: 'Object Repository/Modulo Actos Administrativos/Modulo Viáticos/Anulación y Legalización de viáticos/a_Cambiar estado' located by '//*/text()[normalize-space(.)='Cambiar estado']/parent::*' not found
	at com.kms.katalon.core.webui.common.WebUiCommonHelper.findWebElement(WebUiCommonHelper.java:1368)
	at com.kms.katalon.core.webui.keyword.internal.WebUIAbstractKeyword.findWebElement(WebUIAbstractKeyword.groovy:27)
	at com.kms.katalon.core.webui.keyword.builtin.ClickKeyword$_click_closure1.doCall(ClickKeyword.groovy:65)
	at com.kms.katalon.core.webui.keyword.builtin.ClickKeyword$_click_closure1.call(ClickKeyword.groovy)
	at com.kms.katalon.core.webui.keyword.internal.WebUIKeywordMain.runKeyword(WebUIKeywordMain.groovy:20)
	at com.kms.katalon.core.webui.keyword.builtin.ClickKeyword.click(ClickKeyword.groovy:74)
	at com.kms.katalon.core.webui.keyword.builtin.ClickKeyword.execute(ClickKeyword.groovy:40)
	at com.kms.katalon.core.keyword.internal.KeywordExecutor.executeKeywordForPlatform(KeywordExecutor.groovy:74)
	at com.kms.katalon.core.webui.keyword.WebUiBuiltInKeywords.click(WebUiBuiltInKeywords.groovy:620)
	at com.kms.katalon.core.webui.keyword.WebUiBuiltInKeywords$click$5.call(Unknown Source)
	at Script1629930505559.run(Script1629930505559.groovy:376)
	... 13 more
)

2021-12-17 18:41:41 - [MESSAGE][INFO] - Unable to find the element located by 'By.xpath: //*/text()[normalize-space(.)='Cambiar estado']/parent::*'. Please recheck the objects properties to make sure the desired element is located. 

2021-12-17 18:41:41 - [MESSAGE][FAILED] - Unable to click on object 'Object Repository/Modulo Actos Administrativos/Modulo Viáticos/Anulación y Legalización de viáticos/a_Cambiar estado' (Root cause: com.kms.katalon.core.exception.StepFailedException: Unable to click on object 'Object Repository/Modulo Actos Administrativos/Modulo Viáticos/Anulación y Legalización de viáticos/a_Cambiar estado'
	at com.kms.katalon.core.webui.keyword.internal.WebUIKeywordMain.stepFailed(WebUIKeywordMain.groovy:64)
	at com.kms.katalon.core.webui.keyword.internal.WebUIKeywordMain.runKeyword(WebUIKeywordMain.groovy:26)
	at com.kms.katalon.core.webui.keyword.builtin.ClickKeyword.click(ClickKeyword.groovy:74)
	at com.kms.katalon.core.webui.keyword.builtin.ClickKeyword.execute(ClickKeyword.groovy:40)
	at com.kms.katalon.core.keyword.internal.KeywordExecutor.executeKeywordForPlatform(KeywordExecutor.groovy:74)
	at com.kms.katalon.core.webui.keyword.WebUiBuiltInKeywords.click(WebUiBuiltInKeywords.groovy:620)
	at com.kms.katalon.core.webui.keyword.WebUiBuiltInKeywords$click$5.call(Unknown Source)
	at 1.6.6 Anulación y Legalización de viáticos.run(1.6.6 Anulación y Legalización de viáticos:376)
	at com.kms.katalon.core.main.ScriptEngine.run(ScriptEngine.java:194)
	at com.kms.katalon.core.main.ScriptEngine.runScriptAsRawText(ScriptEngine.java:119)
	at com.kms.katalon.core.main.TestCaseExecutor.runScript(TestCaseExecutor.java:442)
	at com.kms.katalon.core.main.TestCaseExecutor.doExecute(TestCaseExecutor.java:433)
	at com.kms.katalon.core.main.TestCaseExecutor.processExecutionPhase(TestCaseExecutor.java:412)
	at com.kms.katalon.core.main.TestCaseExecutor.accessMainPhase(TestCaseExecutor.java:404)
	at com.kms.katalon.core.main.TestCaseExecutor.execute(TestCaseExecutor.java:281)
	at com.kms.katalon.core.main.TestSuiteExecutor.accessTestCaseMainPhase(TestSuiteExecutor.java:202)
	at com.kms.katalon.core.main.TestSuiteExecutor.accessTestSuiteMainPhase(TestSuiteExecutor.java:164)
	at com.kms.katalon.core.main.TestSuiteExecutor.execute(TestSuiteExecutor.java:105)
	at com.kms.katalon.core.main.TestCaseMain.startTestSuite(TestCaseMain.java:181)
	at com.kms.katalon.core.main.TestCaseMain$startTestSuite$0.call(Unknown Source)
	at TempTestSuite1639780222929.run(TempTestSuite1639780222929.groovy:36)
Caused by: com.kms.katalon.core.webui.exception.WebElementNotFoundException: Web element with id: 'Object Repository/Modulo Actos Administrativos/Modulo Viáticos/Anulación y Legalización de viáticos/a_Cambiar estado' located by '//*/text()[normalize-space(.)='Cambiar estado']/parent::*' not found
	at com.kms.katalon.core.webui.common.WebUiCommonHelper.findWebElement(WebUiCommonHelper.java:1368)
	at com.kms.katalon.core.webui.keyword.internal.WebUIAbstractKeyword.findWebElement(WebUIAbstractKeyword.groovy:27)
	at com.kms.katalon.core.webui.keyword.builtin.ClickKeyword$_click_closure1.doCall(ClickKeyword.groovy:65)
	at com.kms.katalon.core.webui.keyword.builtin.ClickKeyword$_click_closure1.call(ClickKeyword.groovy)
	at com.kms.katalon.core.webui.keyword.internal.WebUIKeywordMain.runKeyword(WebUIKeywordMain.groovy:20)
	at com.kms.katalon.core.webui.keyword.builtin.ClickKeyword.click(ClickKeyword.groovy:74)
	at com.kms.katalon.core.webui.keyword.builtin.ClickKeyword.execute(ClickKeyword.groovy:40)
	at com.kms.katalon.core.keyword.internal.KeywordExecutor.executeKeywordForPlatform(KeywordExecutor.groovy:74)
	at com.kms.katalon.core.webui.keyword.WebUiBuiltInKeywords.click(WebUiBuiltInKeywords.groovy:620)
	at com.kms.katalon.core.webui.keyword.WebUiBuiltInKeywords$click$5.call(Unknown Source)
	at Script1629930505559.run(Script1629930505559.groovy:376)
	... 13 more
)
[[ATTACHMENT|C:\\Users\\diego.rojas\\git\\Pruebas-Minimas\\Reports\\20211217_173017\\1-Tareas Principales\\20211217_173022\\1639784501231.png]]]]></system-out>
         <system-err><![CDATA[2021-12-17 18:39:26 - [TEST_CASE][FAILED] - Test Cases/1.1-Tareas Principales/1.6.6 Anulación y Legalización de viáticos: Test Cases/1.1-Tareas Principales/1.6.6 Anulación y Legalización de viáticos FAILED.
Reason:
com.kms.katalon.core.exception.StepFailedException: Unable to click on object 'Object Repository/Modulo Actos Administrativos/Modulo Viáticos/Anulación y Legalización de viáticos/a_Cambiar estado'
	at com.kms.katalon.core.webui.keyword.internal.WebUIKeywordMain.stepFailed(WebUIKeywordMain.groovy:64)
	at com.kms.katalon.core.webui.keyword.internal.WebUIKeywordMain.runKeyword(WebUIKeywordMain.groovy:26)
	at com.kms.katalon.core.webui.keyword.builtin.ClickKeyword.click(ClickKeyword.groovy:74)
	at com.kms.katalon.core.webui.keyword.builtin.ClickKeyword.execute(ClickKeyword.groovy:40)
	at com.kms.katalon.core.keyword.internal.KeywordExecutor.executeKeywordForPlatform(KeywordExecutor.groovy:74)
	at com.kms.katalon.core.webui.keyword.WebUiBuiltInKeywords.click(WebUiBuiltInKeywords.groovy:620)
	at com.kms.katalon.core.webui.keyword.WebUiBuiltInKeywords$click$5.call(Unknown Source)
	at 1.6.6 Anulación y Legalización de viáticos.run(1.6.6 Anulación y Legalización de viáticos:376)
	at com.kms.katalon.core.main.ScriptEngine.run(ScriptEngine.java:194)
	at com.kms.katalon.core.main.ScriptEngine.runScriptAsRawText(ScriptEngine.java:119)
	at com.kms.katalon.core.main.TestCaseExecutor.runScript(TestCaseExecutor.java:442)
	at com.kms.katalon.core.main.TestCaseExecutor.doExecute(TestCaseExecutor.java:433)
	at com.kms.katalon.core.main.TestCaseExecutor.processExecutionPhase(TestCaseExecutor.java:412)
	at com.kms.katalon.core.main.TestCaseExecutor.accessMainPhase(TestCaseExecutor.java:404)
	at com.kms.katalon.core.main.TestCaseExecutor.execute(TestCaseExecutor.java:281)
	at com.kms.katalon.core.main.TestSuiteExecutor.accessTestCaseMainPhase(TestSuiteExecutor.java:202)
	at com.kms.katalon.core.main.TestSuiteExecutor.accessTestSuiteMainPhase(TestSuiteExecutor.java:164)
	at com.kms.katalon.core.main.TestSuiteExecutor.execute(TestSuiteExecutor.java:105)
	at com.kms.katalon.core.main.TestCaseMain.startTestSuite(TestCaseMain.java:181)
	at com.kms.katalon.core.main.TestCaseMain$startTestSuite$0.call(Unknown Source)
	at TempTestSuite1639780222929.run(TempTestSuite1639780222929.groovy:36)
Caused by: com.kms.katalon.core.webui.exception.WebElementNotFoundException: Web element with id: 'Object Repository/Modulo Actos Administrativos/Modulo Viáticos/Anulación y Legalización de viáticos/a_Cambiar estado' located by '//*/text()[normalize-space(.)='Cambiar estado']/parent::*' not found
	at com.kms.katalon.core.webui.common.WebUiCommonHelper.findWebElement(WebUiCommonHelper.java:1368)
	at com.kms.katalon.core.webui.keyword.internal.WebUIAbstractKeyword.findWebElement(WebUIAbstractKeyword.groovy:27)
	at com.kms.katalon.core.webui.keyword.builtin.ClickKeyword$_click_closure1.doCall(ClickKeyword.groovy:65)
	at com.kms.katalon.core.webui.keyword.builtin.ClickKeyword$_click_closure1.call(ClickKeyword.groovy)
	at com.kms.katalon.core.webui.keyword.internal.WebUIKeywordMain.runKeyword(WebUIKeywordMain.groovy:20)
	... 19 more]]></system-err>
      </testcase>
      <testcase name="Test Cases/1.1-Tareas Principales/1.6.7 Modificar retroactivos viáticos" time="51.866" classname="Test Cases/1.1-Tareas Principales/1.6.7 Modificar retroactivos viáticos" status="PASSED">
         <system-out><![CDATA[2021-12-17 18:41:41 - [TEST_CASE][PASSED] - Test Cases/1.1-Tareas Principales/1.6.7 Modificar retroactivos viáticos: Test Cases/1.1-Tareas Principales/1.6.7 Modificar retroactivos viáticos

2021-12-17 18:41:41 - [TEST_STEP][PASSED] - callTestCase(findTestCase("0.1-Login"), [:], STOP_ON_FAILURE): Call Test Case 'Test Cases/0.1-Login' successfully

2021-12-17 18:41:41 - [TEST_CASE][PASSED] - Test Cases/0.1-Login: Test Cases/0.1-Login

2021-12-17 18:41:41 - [TEST_STEP][PASSED] - openBrowser(""): Browser is opened with url: ''

2021-12-17 18:41:41 - [MESSAGE][WARNING] - A browser is already opened. Closing browser and opening a new one

2021-12-17 18:41:42 - [MESSAGE][INFO] - Starting 'Chrome' driver

2021-12-17 18:41:42 - [MESSAGE][INFO] - Action delay is set to 0 milliseconds

2021-12-17 18:41:43 - [MESSAGE][PASSED] - Browser is opened with url: ''

2021-12-17 18:41:43 - [TEST_STEP][PASSED] - maximizeWindow(): Current window maximized

2021-12-17 18:41:44 - [MESSAGE][PASSED] - Current window maximized

2021-12-17 18:41:44 - [TEST_STEP][PASSED] - i = G_Login: null

2021-12-17 18:41:44 - [TEST_STEP][PASSED] - url = new java.net.URL(i): null

2021-12-17 18:41:44 - [TEST_STEP][PASSED] - println("URL: " + url.toString()): null

2021-12-17 18:41:44 - [TEST_STEP][PASSED] - connection = url.openConnection(): null

2021-12-17 18:41:44 - [TEST_STEP][PASSED] - connection.setRequestMethod("GET"): null

2021-12-17 18:41:44 - [TEST_STEP][PASSED] - connection.setReadTimeout(2 * 1000): null

2021-12-17 18:41:44 - [TEST_STEP][PASSED] - try: null

2021-12-17 18:41:44 - [TEST_STEP][PASSED] - connection.connect(): null

2021-12-17 18:41:44 - [TEST_STEP][PASSED] - flag = connected: null

2021-12-17 18:41:44 - [TEST_STEP][PASSED] - println("Valor_ori: " + flag): null

2021-12-17 18:41:44 - [TEST_STEP][PASSED] - if (flag): null

2021-12-17 18:41:44 - [TEST_STEP][PASSED] - navigateToUrl(i): Navigate to 'http://192.168.2.29:7001/saraweb' successfully

2021-12-17 18:41:49 - [MESSAGE][PASSED] - Navigate to 'http://192.168.2.29:7001/saraweb' successfully

2021-12-17 18:41:49 - [TEST_STEP][PASSED] - a(): null

2021-12-17 18:41:49 - [TEST_STEP][PASSED] - setText(findTestObject("Login/input_USUARIO_loginusuario"), G_Usuario): Text 'weblogic' is set on object 'Object Repository/Login/input_USUARIO_loginusuario'

2021-12-17 18:41:50 - [MESSAGE][PASSED] - Text 'weblogic' is set on object 'Object Repository/Login/input_USUARIO_loginusuario'

2021-12-17 18:41:50 - [TEST_STEP][PASSED] - setEncryptedText(findTestObject("Login/input_CLAVE_loginpassword"), "MkG4/TYiCFC3cb2driP7+Q=="): Text ****** has been set on object 'Object Repository/Login/input_CLAVE_loginpassword'

2021-12-17 18:41:50 - [MESSAGE][PASSED] - Text ****** has been set on object 'Object Repository/Login/input_CLAVE_loginpassword'

2021-12-17 18:41:50 - [TEST_STEP][PASSED] - waitForElementClickable(findTestObject("Login/a_Ingresar"), G_TimeOut): Object 'Object Repository/Login/a_Ingresar' is clickable

2021-12-17 18:41:50 - [MESSAGE][PASSED] - Object 'Object Repository/Login/a_Ingresar' is clickable

2021-12-17 18:41:50 - [TEST_STEP][PASSED] - click(findTestObject("Login/a_Ingresar")): Object: 'Object Repository/Login/a_Ingresar' is clicked on

2021-12-17 18:41:59 - [MESSAGE][PASSED] - Object: 'Object Repository/Login/a_Ingresar' is clicked on

2021-12-17 18:41:59 - [TEST_STEP][PASSED] - element = findWebElement(findTestObject("Login/a_Ir"), 30): null

2021-12-17 18:41:59 - [TEST_STEP][PASSED] - executeJavaScript("arguments[0].click()", Arrays.asList(element)): Execute JavaScript 'arguments[0].click()' successfully

2021-12-17 18:41:59 - [MESSAGE][PASSED] - Execute JavaScript 'arguments[0].click()' successfully

2021-12-17 18:41:59 - [MESSAGE][PASSED] - Call Test Case 'Test Cases/0.1-Login' successfully

2021-12-17 18:41:59 - [TEST_STEP][PASSED] - waitForElementClickable(findTestObject("Modulo Actos Administrativos/Modulo Viáticos/Anulación y Legalización de viáticos/input_ADMINISTRADOR DEL SISTEMA - SARA_form_templatej_idt24_input"), 0): Object 'Object Repository/Modulo Actos Administrativos/Modulo Viáticos/Anulación y Legalización de viáticos/input_ADMINISTRADOR DEL SISTEMA - SARA_form_templatej_idt24_input' is clickable

2021-12-17 18:41:59 - [MESSAGE][WARNING] - Timeout '0' is invalid. Using default page load timeout: '30'

2021-12-17 18:42:07 - [MESSAGE][PASSED] - Object 'Object Repository/Modulo Actos Administrativos/Modulo Viáticos/Anulación y Legalización de viáticos/input_ADMINISTRADOR DEL SISTEMA - SARA_form_templatej_idt24_input' is clickable

2021-12-17 18:42:07 - [TEST_STEP][PASSED] - setText(findTestObject("Modulo Actos Administrativos/Modulo Viáticos/Anulación y Legalización de viáticos/input_ADMINISTRADOR DEL SISTEMA - SARA_form_templatej_idt24_input"), "listado de viaticos"): Text 'listado de viaticos' is set on object 'Object Repository/Modulo Actos Administrativos/Modulo Viáticos/Anulación y Legalización de viáticos/input_ADMINISTRADOR DEL SISTEMA - SARA_form_templatej_idt24_input'

2021-12-17 18:42:08 - [MESSAGE][PASSED] - Text 'listado de viaticos' is set on object 'Object Repository/Modulo Actos Administrativos/Modulo Viáticos/Anulación y Legalización de viáticos/input_ADMINISTRADOR DEL SISTEMA - SARA_form_templatej_idt24_input'

2021-12-17 18:42:08 - [TEST_STEP][PASSED] - waitForElementClickable(findTestObject("Modulo Actos Administrativos/Modulo Viáticos/Anulación y Legalización de viáticos/li_Listado de Viaticos (act)"), 0): Object 'Object Repository/Modulo Actos Administrativos/Modulo Viáticos/Anulación y Legalización de viáticos/li_Listado de Viaticos (act)' is clickable

2021-12-17 18:42:08 - [MESSAGE][WARNING] - Timeout '0' is invalid. Using default page load timeout: '30'

2021-12-17 18:42:10 - [MESSAGE][PASSED] - Object 'Object Repository/Modulo Actos Administrativos/Modulo Viáticos/Anulación y Legalización de viáticos/li_Listado de Viaticos (act)' is clickable

2021-12-17 18:42:10 - [TEST_STEP][PASSED] - sendKeys(findTestObject("Modulo Actos Administrativos/Modulo Viáticos/Anulación y Legalización de viáticos/input_ADMINISTRADOR DEL SISTEMA - SARA_form_templatej_idt24_input"), Keys.chord(ENTER)): Keys 'ENTER + ' sent to object: 'Object Repository/Modulo Actos Administrativos/Modulo Viáticos/Anulación y Legalización de viáticos/input_ADMINISTRADOR DEL SISTEMA - SARA_form_templatej_idt24_input'

2021-12-17 18:42:10 - [MESSAGE][PASSED] - Keys 'ENTER + ' sent to object: 'Object Repository/Modulo Actos Administrativos/Modulo Viáticos/Anulación y Legalización de viáticos/input_ADMINISTRADOR DEL SISTEMA - SARA_form_templatej_idt24_input'

2021-12-17 18:42:10 - [TEST_STEP][PASSED] - waitForElementClickable(findTestObject("Modulo Actos Administrativos/Modulo Viáticos/Modificar retroactivos/a_Listado Viticos_cerrar_menu"), 0): Object 'Object Repository/Modulo Actos Administrativos/Modulo Viáticos/Modificar retroactivos/a_Listado Viticos_cerrar_menu' is clickable

2021-12-17 18:42:10 - [MESSAGE][WARNING] - Timeout '0' is invalid. Using default page load timeout: '30'

2021-12-17 18:42:18 - [MESSAGE][PASSED] - Object 'Object Repository/Modulo Actos Administrativos/Modulo Viáticos/Modificar retroactivos/a_Listado Viticos_cerrar_menu' is clickable

2021-12-17 18:42:18 - [TEST_STEP][PASSED] - click(findTestObject("Modulo Actos Administrativos/Modulo Viáticos/Modificar retroactivos/a_Listado Viticos_cerrar_menu")): Object: 'Object Repository/Modulo Actos Administrativos/Modulo Viáticos/Modificar retroactivos/a_Listado Viticos_cerrar_menu' is clicked on

2021-12-17 18:42:19 - [MESSAGE][PASSED] - Object: 'Object Repository/Modulo Actos Administrativos/Modulo Viáticos/Modificar retroactivos/a_Listado Viticos_cerrar_menu' is clicked on

2021-12-17 18:42:19 - [TEST_STEP][PASSED] - setText(findTestObject("Modulo Actos Administrativos/Modulo Viáticos/Anulación y Legalización de viáticos/input_ADMINISTRADOR DEL SISTEMA - SARA_form_templatej_idt24_input"), "costos pendientes"): Text 'costos pendientes' is set on object 'Object Repository/Modulo Actos Administrativos/Modulo Viáticos/Anulación y Legalización de viáticos/input_ADMINISTRADOR DEL SISTEMA - SARA_form_templatej_idt24_input'

2021-12-17 18:42:19 - [MESSAGE][PASSED] - Text 'costos pendientes' is set on object 'Object Repository/Modulo Actos Administrativos/Modulo Viáticos/Anulación y Legalización de viáticos/input_ADMINISTRADOR DEL SISTEMA - SARA_form_templatej_idt24_input'

2021-12-17 18:42:19 - [TEST_STEP][PASSED] - delay(1): Delayed 1 second(s)

2021-12-17 18:42:21 - [MESSAGE][PASSED] - Delayed 1 second(s)

2021-12-17 18:42:21 - [TEST_STEP][PASSED] - sendKeys(findTestObject("Modulo Actos Administrativos/Modulo Viáticos/Anulación y Legalización de viáticos/input_ADMINISTRADOR DEL SISTEMA - SARA_form_templatej_idt24_input"), Keys.chord(ENTER)): Keys 'ENTER + ' sent to object: 'Object Repository/Modulo Actos Administrativos/Modulo Viáticos/Anulación y Legalización de viáticos/input_ADMINISTRADOR DEL SISTEMA - SARA_form_templatej_idt24_input'

2021-12-17 18:42:21 - [MESSAGE][PASSED] - Keys 'ENTER + ' sent to object: 'Object Repository/Modulo Actos Administrativos/Modulo Viáticos/Anulación y Legalización de viáticos/input_ADMINISTRADOR DEL SISTEMA - SARA_form_templatej_idt24_input'

2021-12-17 18:42:21 - [TEST_STEP][PASSED] - waitForElementClickable(findTestObject("Modulo Actos Administrativos/Modulo Viáticos/Modificar retroactivos/select_--Seleccione--Nota Reembolso"), 0): Object 'Object Repository/Modulo Actos Administrativos/Modulo Viáticos/Modificar retroactivos/select_--Seleccione--Nota Reembolso' is clickable

2021-12-17 18:42:21 - [MESSAGE][WARNING] - Timeout '0' is invalid. Using default page load timeout: '30'

2021-12-17 18:42:29 - [MESSAGE][PASSED] - Object 'Object Repository/Modulo Actos Administrativos/Modulo Viáticos/Modificar retroactivos/select_--Seleccione--Nota Reembolso' is clickable

2021-12-17 18:42:29 - [TEST_STEP][PASSED] - selectOptionByIndex(findTestObject("Modulo Actos Administrativos/Modulo Viáticos/Modificar retroactivos/select_--Seleccione--Nota Reembolso"), "2"): All options with index in [2] are selected on object 'Object Repository/Modulo Actos Administrativos/Modulo Viáticos/Modificar retroactivos/select_--Seleccione--Nota Reembolso'

2021-12-17 18:42:30 - [MESSAGE][PASSED] - All options with index in [2] are selected on object 'Object Repository/Modulo Actos Administrativos/Modulo Viáticos/Modificar retroactivos/select_--Seleccione--Nota Reembolso'

2021-12-17 18:42:30 - [TEST_STEP][PASSED] - if (waitForElementClickable(findTestObject("Modulo Actos Administrativos/Modulo Viáticos/Modificar retroactivos/td_QUINTERO 5 EMPLEADO"), 1)): null

2021-12-17 18:42:31 - [MESSAGE][PASSED] - Object 'Object Repository/Modulo Actos Administrativos/Modulo Viáticos/Modificar retroactivos/td_QUINTERO 5 EMPLEADO' is clickable

2021-12-17 18:42:31 - [TEST_STEP][PASSED] - click(findTestObject("Modulo Actos Administrativos/Modulo Viáticos/Modificar retroactivos/td_QUINTERO 5 EMPLEADO")): Object: 'Object Repository/Modulo Actos Administrativos/Modulo Viáticos/Modificar retroactivos/td_QUINTERO 5 EMPLEADO' is clicked on

2021-12-17 18:42:31 - [MESSAGE][PASSED] - Object: 'Object Repository/Modulo Actos Administrativos/Modulo Viáticos/Modificar retroactivos/td_QUINTERO 5 EMPLEADO' is clicked on

2021-12-17 18:42:31 - [TEST_STEP][PASSED] - click(findTestObject("Modulo Actos Administrativos/Modulo Viáticos/Modificar retroactivos/a_Aplicar Reembolso")): Object: 'Object Repository/Modulo Actos Administrativos/Modulo Viáticos/Modificar retroactivos/a_Aplicar Reembolso' is clicked on

2021-12-17 18:42:32 - [MESSAGE][PASSED] - Object: 'Object Repository/Modulo Actos Administrativos/Modulo Viáticos/Modificar retroactivos/a_Aplicar Reembolso' is clicked on

2021-12-17 18:42:32 - [TEST_STEP][PASSED] - closeBrowser(): Browser is closed

2021-12-17 18:42:33 - [MESSAGE][PASSED] - Browser is closed]]></system-out>
         <system-err><![CDATA[]]></system-err>
      </testcase>
      <testcase name="Test Cases/1.1-Tareas Principales/1.6.8 Guardar retroactivo de viáticos" time="118.679" classname="Test Cases/1.1-Tareas Principales/1.6.8 Guardar retroactivo de viáticos" status="FAILED">
         <failure type="FAILED" message="Test Cases/1.1-Tareas Principales/1.6.8 Guardar retroactivo de viáticos FAILED.
Reason:
com.kms.katalon.core.exception.StepFailedException: Unable to click on object 'Object Repository/Modulo Actos Administrativos/Modulo Viáticos/Guardar retroactivo de viáticos/span_01072021'
	at com.kms.katalon.core.webui.keyword.internal.WebUIKeywordMain.stepFailed(WebUIKeywordMain.groovy:64)
	at com.kms.katalon.core.webui.keyword.internal.WebUIKeywordMain.runKeyword(WebUIKeywordMain.groovy:26)
	at com.kms.katalon.core.webui.keyword.builtin.ClickKeyword.click(ClickKeyword.groovy:74)
	at com.kms.katalon.core.webui.keyword.builtin.ClickKeyword.execute(ClickKeyword.groovy:40)
	at com.kms.katalon.core.keyword.internal.KeywordExecutor.executeKeywordForPlatform(KeywordExecutor.groovy:74)
	at com.kms.katalon.core.webui.keyword.WebUiBuiltInKeywords.click(WebUiBuiltInKeywords.groovy:620)
	at com.kms.katalon.core.webui.keyword.WebUiBuiltInKeywords$click$5.call(Unknown Source)
	at 1.6.8 Guardar retroactivo de viáticos.run(1.6.8 Guardar retroactivo de viáticos:84)
	at com.kms.katalon.core.main.ScriptEngine.run(ScriptEngine.java:194)
	at com.kms.katalon.core.main.ScriptEngine.runScriptAsRawText(ScriptEngine.java:119)
	at com.kms.katalon.core.main.TestCaseExecutor.runScript(TestCaseExecutor.java:442)
	at com.kms.katalon.core.main.TestCaseExecutor.doExecute(TestCaseExecutor.java:433)
	at com.kms.katalon.core.main.TestCaseExecutor.processExecutionPhase(TestCaseExecutor.java:412)
	at com.kms.katalon.core.main.TestCaseExecutor.accessMainPhase(TestCaseExecutor.java:404)
	at com.kms.katalon.core.main.TestCaseExecutor.execute(TestCaseExecutor.java:281)
	at com.kms.katalon.core.main.TestSuiteExecutor.accessTestCaseMainPhase(TestSuiteExecutor.java:202)
	at com.kms.katalon.core.main.TestSuiteExecutor.accessTestSuiteMainPhase(TestSuiteExecutor.java:164)
	at com.kms.katalon.core.main.TestSuiteExecutor.execute(TestSuiteExecutor.java:105)
	at com.kms.katalon.core.main.TestCaseMain.startTestSuite(TestCaseMain.java:181)
	at com.kms.katalon.core.main.TestCaseMain$startTestSuite$0.call(Unknown Source)
	at TempTestSuite1639780222929.run(TempTestSuite1639780222929.groovy:36)
Caused by: com.kms.katalon.core.webui.exception.WebElementNotFoundException: Web element with id: 'Object Repository/Modulo Actos Administrativos/Modulo Viáticos/Guardar retroactivo de viáticos/span_01072021' located by '//tbody[@id='form_listadoRetroactivoViatico:retroactivo_data']/tr/td[2]/table/tbody/tr/td/span' not found
	at com.kms.katalon.core.webui.common.WebUiCommonHelper.findWebElement(WebUiCommonHelper.java:1368)
	at com.kms.katalon.core.webui.keyword.internal.WebUIAbstractKeyword.findWebElement(WebUIAbstractKeyword.groovy:27)
	at com.kms.katalon.core.webui.keyword.builtin.ClickKeyword$_click_closure1.doCall(ClickKeyword.groovy:65)
	at com.kms.katalon.core.webui.keyword.builtin.ClickKeyword$_click_closure1.call(ClickKeyword.groovy)
	at com.kms.katalon.core.webui.keyword.internal.WebUIKeywordMain.runKeyword(WebUIKeywordMain.groovy:20)
	... 19 more
"/>
         <system-out><![CDATA[2021-12-17 18:42:33 - [TEST_CASE][FAILED] - Test Cases/1.1-Tareas Principales/1.6.8 Guardar retroactivo de viáticos: Test Cases/1.1-Tareas Principales/1.6.8 Guardar retroactivo de viáticos FAILED.
Reason:
com.kms.katalon.core.exception.StepFailedException: Unable to click on object 'Object Repository/Modulo Actos Administrativos/Modulo Viáticos/Guardar retroactivo de viáticos/span_01072021'
	at com.kms.katalon.core.webui.keyword.internal.WebUIKeywordMain.stepFailed(WebUIKeywordMain.groovy:64)
	at com.kms.katalon.core.webui.keyword.internal.WebUIKeywordMain.runKeyword(WebUIKeywordMain.groovy:26)
	at com.kms.katalon.core.webui.keyword.builtin.ClickKeyword.click(ClickKeyword.groovy:74)
	at com.kms.katalon.core.webui.keyword.builtin.ClickKeyword.execute(ClickKeyword.groovy:40)
	at com.kms.katalon.core.keyword.internal.KeywordExecutor.executeKeywordForPlatform(KeywordExecutor.groovy:74)
	at com.kms.katalon.core.webui.keyword.WebUiBuiltInKeywords.click(WebUiBuiltInKeywords.groovy:620)
	at com.kms.katalon.core.webui.keyword.WebUiBuiltInKeywords$click$5.call(Unknown Source)
	at 1.6.8 Guardar retroactivo de viáticos.run(1.6.8 Guardar retroactivo de viáticos:84)
	at com.kms.katalon.core.main.ScriptEngine.run(ScriptEngine.java:194)
	at com.kms.katalon.core.main.ScriptEngine.runScriptAsRawText(ScriptEngine.java:119)
	at com.kms.katalon.core.main.TestCaseExecutor.runScript(TestCaseExecutor.java:442)
	at com.kms.katalon.core.main.TestCaseExecutor.doExecute(TestCaseExecutor.java:433)
	at com.kms.katalon.core.main.TestCaseExecutor.processExecutionPhase(TestCaseExecutor.java:412)
	at com.kms.katalon.core.main.TestCaseExecutor.accessMainPhase(TestCaseExecutor.java:404)
	at com.kms.katalon.core.main.TestCaseExecutor.execute(TestCaseExecutor.java:281)
	at com.kms.katalon.core.main.TestSuiteExecutor.accessTestCaseMainPhase(TestSuiteExecutor.java:202)
	at com.kms.katalon.core.main.TestSuiteExecutor.accessTestSuiteMainPhase(TestSuiteExecutor.java:164)
	at com.kms.katalon.core.main.TestSuiteExecutor.execute(TestSuiteExecutor.java:105)
	at com.kms.katalon.core.main.TestCaseMain.startTestSuite(TestCaseMain.java:181)
	at com.kms.katalon.core.main.TestCaseMain$startTestSuite$0.call(Unknown Source)
	at TempTestSuite1639780222929.run(TempTestSuite1639780222929.groovy:36)
Caused by: com.kms.katalon.core.webui.exception.WebElementNotFoundException: Web element with id: 'Object Repository/Modulo Actos Administrativos/Modulo Viáticos/Guardar retroactivo de viáticos/span_01072021' located by '//tbody[@id='form_listadoRetroactivoViatico:retroactivo_data']/tr/td[2]/table/tbody/tr/td/span' not found
	at com.kms.katalon.core.webui.common.WebUiCommonHelper.findWebElement(WebUiCommonHelper.java:1368)
	at com.kms.katalon.core.webui.keyword.internal.WebUIAbstractKeyword.findWebElement(WebUIAbstractKeyword.groovy:27)
	at com.kms.katalon.core.webui.keyword.builtin.ClickKeyword$_click_closure1.doCall(ClickKeyword.groovy:65)
	at com.kms.katalon.core.webui.keyword.builtin.ClickKeyword$_click_closure1.call(ClickKeyword.groovy)
	at com.kms.katalon.core.webui.keyword.internal.WebUIKeywordMain.runKeyword(WebUIKeywordMain.groovy:20)
	... 19 more


2021-12-17 18:42:33 - [TEST_STEP][PASSED] - callTestCase(findTestCase("0.1-Login"), [:], STOP_ON_FAILURE): Call Test Case 'Test Cases/0.1-Login' successfully

2021-12-17 18:42:33 - [TEST_CASE][PASSED] - Test Cases/0.1-Login: Test Cases/0.1-Login

2021-12-17 18:42:33 - [TEST_STEP][PASSED] - openBrowser(""): Browser is opened with url: ''

2021-12-17 18:42:33 - [MESSAGE][INFO] - Starting 'Chrome' driver

2021-12-17 18:42:33 - [MESSAGE][INFO] - Action delay is set to 0 milliseconds

2021-12-17 18:42:35 - [MESSAGE][PASSED] - Browser is opened with url: ''

2021-12-17 18:42:35 - [TEST_STEP][PASSED] - maximizeWindow(): Current window maximized

2021-12-17 18:42:35 - [MESSAGE][PASSED] - Current window maximized

2021-12-17 18:42:35 - [TEST_STEP][PASSED] - i = G_Login: null

2021-12-17 18:42:35 - [TEST_STEP][PASSED] - url = new java.net.URL(i): null

2021-12-17 18:42:35 - [TEST_STEP][PASSED] - println("URL: " + url.toString()): null

2021-12-17 18:42:35 - [TEST_STEP][PASSED] - connection = url.openConnection(): null

2021-12-17 18:42:35 - [TEST_STEP][PASSED] - connection.setRequestMethod("GET"): null

2021-12-17 18:42:35 - [TEST_STEP][PASSED] - connection.setReadTimeout(2 * 1000): null

2021-12-17 18:42:35 - [TEST_STEP][PASSED] - try: null

2021-12-17 18:42:35 - [TEST_STEP][PASSED] - connection.connect(): null

2021-12-17 18:42:35 - [TEST_STEP][PASSED] - flag = connected: null

2021-12-17 18:42:35 - [TEST_STEP][PASSED] - println("Valor_ori: " + flag): null

2021-12-17 18:42:35 - [TEST_STEP][PASSED] - if (flag): null

2021-12-17 18:42:35 - [TEST_STEP][PASSED] - navigateToUrl(i): Navigate to 'http://192.168.2.29:7001/saraweb' successfully

2021-12-17 18:42:40 - [MESSAGE][PASSED] - Navigate to 'http://192.168.2.29:7001/saraweb' successfully

2021-12-17 18:42:40 - [TEST_STEP][PASSED] - a(): null

2021-12-17 18:42:40 - [TEST_STEP][PASSED] - setText(findTestObject("Login/input_USUARIO_loginusuario"), G_Usuario): Text 'weblogic' is set on object 'Object Repository/Login/input_USUARIO_loginusuario'

2021-12-17 18:42:41 - [MESSAGE][PASSED] - Text 'weblogic' is set on object 'Object Repository/Login/input_USUARIO_loginusuario'

2021-12-17 18:42:41 - [TEST_STEP][PASSED] - setEncryptedText(findTestObject("Login/input_CLAVE_loginpassword"), "MkG4/TYiCFC3cb2driP7+Q=="): Text ****** has been set on object 'Object Repository/Login/input_CLAVE_loginpassword'

2021-12-17 18:42:41 - [MESSAGE][PASSED] - Text ****** has been set on object 'Object Repository/Login/input_CLAVE_loginpassword'

2021-12-17 18:42:41 - [TEST_STEP][PASSED] - waitForElementClickable(findTestObject("Login/a_Ingresar"), G_TimeOut): Object 'Object Repository/Login/a_Ingresar' is clickable

2021-12-17 18:42:41 - [MESSAGE][PASSED] - Object 'Object Repository/Login/a_Ingresar' is clickable

2021-12-17 18:42:41 - [TEST_STEP][PASSED] - click(findTestObject("Login/a_Ingresar")): Object: 'Object Repository/Login/a_Ingresar' is clicked on

2021-12-17 18:42:50 - [MESSAGE][PASSED] - Object: 'Object Repository/Login/a_Ingresar' is clicked on

2021-12-17 18:42:50 - [TEST_STEP][PASSED] - element = findWebElement(findTestObject("Login/a_Ir"), 30): null

2021-12-17 18:42:50 - [TEST_STEP][PASSED] - executeJavaScript("arguments[0].click()", Arrays.asList(element)): Execute JavaScript 'arguments[0].click()' successfully

2021-12-17 18:42:50 - [MESSAGE][PASSED] - Execute JavaScript 'arguments[0].click()' successfully

2021-12-17 18:42:50 - [MESSAGE][PASSED] - Call Test Case 'Test Cases/0.1-Login' successfully

2021-12-17 18:42:50 - [TEST_STEP][PASSED] - waitForElementClickable(findTestObject("Modulo Actos Administrativos/Modulo Viáticos/Guardar retroactivo de viáticos/input_ADMINISTRADOR DEL SISTEMA - SARA_form_templatej_idt24_input"), 0): Object 'Object Repository/Modulo Actos Administrativos/Modulo Viáticos/Guardar retroactivo de viáticos/input_ADMINISTRADOR DEL SISTEMA - SARA_form_templatej_idt24_input' is clickable

2021-12-17 18:42:51 - [MESSAGE][WARNING] - Timeout '0' is invalid. Using default page load timeout: '30'

2021-12-17 18:42:58 - [MESSAGE][PASSED] - Object 'Object Repository/Modulo Actos Administrativos/Modulo Viáticos/Guardar retroactivo de viáticos/input_ADMINISTRADOR DEL SISTEMA - SARA_form_templatej_idt24_input' is clickable

2021-12-17 18:42:58 - [TEST_STEP][PASSED] - setText(findTestObject("Modulo Actos Administrativos/Modulo Viáticos/Guardar retroactivo de viáticos/input_ADMINISTRADOR DEL SISTEMA - SARA_form_templatej_idt24_input"), "listado de viaticos"): Text 'listado de viaticos' is set on object 'Object Repository/Modulo Actos Administrativos/Modulo Viáticos/Guardar retroactivo de viáticos/input_ADMINISTRADOR DEL SISTEMA - SARA_form_templatej_idt24_input'

2021-12-17 18:42:59 - [MESSAGE][PASSED] - Text 'listado de viaticos' is set on object 'Object Repository/Modulo Actos Administrativos/Modulo Viáticos/Guardar retroactivo de viáticos/input_ADMINISTRADOR DEL SISTEMA - SARA_form_templatej_idt24_input'

2021-12-17 18:42:59 - [TEST_STEP][PASSED] - waitForElementClickable(findTestObject("Modulo Actos Administrativos/Modulo Viáticos/Guardar retroactivo de viáticos/li_Listado de Viaticos (act)"), 0): Object 'Object Repository/Modulo Actos Administrativos/Modulo Viáticos/Guardar retroactivo de viáticos/li_Listado de Viaticos (act)' is clickable

2021-12-17 18:42:59 - [MESSAGE][WARNING] - Timeout '0' is invalid. Using default page load timeout: '30'

2021-12-17 18:43:01 - [MESSAGE][PASSED] - Object 'Object Repository/Modulo Actos Administrativos/Modulo Viáticos/Guardar retroactivo de viáticos/li_Listado de Viaticos (act)' is clickable

2021-12-17 18:43:01 - [TEST_STEP][PASSED] - sendKeys(findTestObject("Modulo Actos Administrativos/Modulo Viáticos/Guardar retroactivo de viáticos/input_ADMINISTRADOR DEL SISTEMA - SARA_form_templatej_idt24_input"), Keys.chord(ENTER)): Keys 'ENTER + ' sent to object: 'Object Repository/Modulo Actos Administrativos/Modulo Viáticos/Guardar retroactivo de viáticos/input_ADMINISTRADOR DEL SISTEMA - SARA_form_templatej_idt24_input'

2021-12-17 18:43:01 - [MESSAGE][PASSED] - Keys 'ENTER + ' sent to object: 'Object Repository/Modulo Actos Administrativos/Modulo Viáticos/Guardar retroactivo de viáticos/input_ADMINISTRADOR DEL SISTEMA - SARA_form_templatej_idt24_input'

2021-12-17 18:43:01 - [TEST_STEP][PASSED] - waitForElementClickable(findTestObject("Modulo Actos Administrativos/Modulo Viáticos/Guardar retroactivo de viáticos/a_Listado Costos Pendientes_cerrar_menu_guardar"), 0): Object 'Object Repository/Modulo Actos Administrativos/Modulo Viáticos/Guardar retroactivo de viáticos/a_Listado Costos Pendientes_cerrar_menu_guardar' is clickable

2021-12-17 18:43:01 - [MESSAGE][WARNING] - Timeout '0' is invalid. Using default page load timeout: '30'

2021-12-17 18:43:09 - [MESSAGE][PASSED] - Object 'Object Repository/Modulo Actos Administrativos/Modulo Viáticos/Guardar retroactivo de viáticos/a_Listado Costos Pendientes_cerrar_menu_guardar' is clickable

2021-12-17 18:43:09 - [TEST_STEP][PASSED] - click(findTestObject("Modulo Actos Administrativos/Modulo Viáticos/Guardar retroactivo de viáticos/a_Listado Costos Pendientes_cerrar_menu_guardar")): Object: 'Object Repository/Modulo Actos Administrativos/Modulo Viáticos/Guardar retroactivo de viáticos/a_Listado Costos Pendientes_cerrar_menu_guardar' is clicked on

2021-12-17 18:43:10 - [MESSAGE][PASSED] - Object: 'Object Repository/Modulo Actos Administrativos/Modulo Viáticos/Guardar retroactivo de viáticos/a_Listado Costos Pendientes_cerrar_menu_guardar' is clicked on

2021-12-17 18:43:10 - [TEST_STEP][PASSED] - setText(findTestObject("Modulo Actos Administrativos/Modulo Viáticos/Guardar retroactivo de viáticos/input_ADMINISTRADOR DEL SISTEMA - SARA_form_templatej_idt24_input"), "Retroactivo viaticos"): Text 'Retroactivo viaticos' is set on object 'Object Repository/Modulo Actos Administrativos/Modulo Viáticos/Guardar retroactivo de viáticos/input_ADMINISTRADOR DEL SISTEMA - SARA_form_templatej_idt24_input'

2021-12-17 18:43:10 - [MESSAGE][PASSED] - Text 'Retroactivo viaticos' is set on object 'Object Repository/Modulo Actos Administrativos/Modulo Viáticos/Guardar retroactivo de viáticos/input_ADMINISTRADOR DEL SISTEMA - SARA_form_templatej_idt24_input'

2021-12-17 18:43:10 - [TEST_STEP][PASSED] - delay(1): Delayed 1 second(s)

2021-12-17 18:43:11 - [MESSAGE][PASSED] - Delayed 1 second(s)

2021-12-17 18:43:11 - [TEST_STEP][PASSED] - sendKeys(findTestObject("Modulo Actos Administrativos/Modulo Viáticos/Guardar retroactivo de viáticos/input_ADMINISTRADOR DEL SISTEMA - SARA_form_templatej_idt24_input"), Keys.chord(ENTER)): Keys 'ENTER + ' sent to object: 'Object Repository/Modulo Actos Administrativos/Modulo Viáticos/Guardar retroactivo de viáticos/input_ADMINISTRADOR DEL SISTEMA - SARA_form_templatej_idt24_input'

2021-12-17 18:43:12 - [MESSAGE][PASSED] - Keys 'ENTER + ' sent to object: 'Object Repository/Modulo Actos Administrativos/Modulo Viáticos/Guardar retroactivo de viáticos/input_ADMINISTRADOR DEL SISTEMA - SARA_form_templatej_idt24_input'

2021-12-17 18:43:12 - [TEST_STEP][PASSED] - waitForElementClickable(findTestObject("Modulo Actos Administrativos/Modulo Viáticos/Guardar retroactivo de viáticos/a_Nuevo_Guardar"), 0): Object 'Object Repository/Modulo Actos Administrativos/Modulo Viáticos/Guardar retroactivo de viáticos/a_Nuevo_Guardar' is clickable

2021-12-17 18:43:12 - [MESSAGE][WARNING] - Timeout '0' is invalid. Using default page load timeout: '30'

2021-12-17 18:43:20 - [MESSAGE][PASSED] - Object 'Object Repository/Modulo Actos Administrativos/Modulo Viáticos/Guardar retroactivo de viáticos/a_Nuevo_Guardar' is clickable

2021-12-17 18:43:20 - [TEST_STEP][PASSED] - click(findTestObject("Modulo Actos Administrativos/Modulo Viáticos/Guardar retroactivo de viáticos/a_Nuevo_Guardar")): Object: 'Object Repository/Modulo Actos Administrativos/Modulo Viáticos/Guardar retroactivo de viáticos/a_Nuevo_Guardar' is clicked on

2021-12-17 18:43:20 - [MESSAGE][PASSED] - Object: 'Object Repository/Modulo Actos Administrativos/Modulo Viáticos/Guardar retroactivo de viáticos/a_Nuevo_Guardar' is clicked on

2021-12-17 18:43:20 - [TEST_STEP][PASSED] - waitForElementClickable(findTestObject("Modulo Actos Administrativos/Modulo Viáticos/Guardar retroactivo de viáticos/input_Aplicacin_Guardar"), 0): Object 'Object Repository/Modulo Actos Administrativos/Modulo Viáticos/Guardar retroactivo de viáticos/input_Aplicacin_Guardar' is clickable

2021-12-17 18:43:20 - [MESSAGE][WARNING] - Timeout '0' is invalid. Using default page load timeout: '30'

2021-12-17 18:43:21 - [MESSAGE][PASSED] - Object 'Object Repository/Modulo Actos Administrativos/Modulo Viáticos/Guardar retroactivo de viáticos/input_Aplicacin_Guardar' is clickable

2021-12-17 18:43:21 - [TEST_STEP][PASSED] - setText(findTestObject("Modulo Actos Administrativos/Modulo Viáticos/Guardar retroactivo de viáticos/input_Aplicacin_Guardar"), "01/07/2021"): Text '01/07/2021' is set on object 'Object Repository/Modulo Actos Administrativos/Modulo Viáticos/Guardar retroactivo de viáticos/input_Aplicacin_Guardar'

2021-12-17 18:43:22 - [MESSAGE][PASSED] - Text '01/07/2021' is set on object 'Object Repository/Modulo Actos Administrativos/Modulo Viáticos/Guardar retroactivo de viáticos/input_Aplicacin_Guardar'

2021-12-17 18:43:22 - [TEST_STEP][PASSED] - setText(findTestObject("Modulo Actos Administrativos/Modulo Viáticos/Guardar retroactivo de viáticos/input_Desde_Guardar"), "01/07/2021"): Text '01/07/2021' is set on object 'Object Repository/Modulo Actos Administrativos/Modulo Viáticos/Guardar retroactivo de viáticos/input_Desde_Guardar'

2021-12-17 18:43:23 - [MESSAGE][PASSED] - Text '01/07/2021' is set on object 'Object Repository/Modulo Actos Administrativos/Modulo Viáticos/Guardar retroactivo de viáticos/input_Desde_Guardar'

2021-12-17 18:43:23 - [TEST_STEP][PASSED] - setText(findTestObject("Modulo Actos Administrativos/Modulo Viáticos/Guardar retroactivo de viáticos/input_Hasta_Guardar"), "01/07/2021"): Text '01/07/2021' is set on object 'Object Repository/Modulo Actos Administrativos/Modulo Viáticos/Guardar retroactivo de viáticos/input_Hasta_Guardar'

2021-12-17 18:43:24 - [MESSAGE][PASSED] - Text '01/07/2021' is set on object 'Object Repository/Modulo Actos Administrativos/Modulo Viáticos/Guardar retroactivo de viáticos/input_Hasta_Guardar'

2021-12-17 18:43:24 - [TEST_STEP][PASSED] - setText(findTestObject("Modulo Actos Administrativos/Modulo Viáticos/Guardar retroactivo de viáticos/input_Descripcin_Guardar"), "prueba"): Text 'prueba' is set on object 'Object Repository/Modulo Actos Administrativos/Modulo Viáticos/Guardar retroactivo de viáticos/input_Descripcin_Guardar'

2021-12-17 18:43:25 - [MESSAGE][PASSED] - Text 'prueba' is set on object 'Object Repository/Modulo Actos Administrativos/Modulo Viáticos/Guardar retroactivo de viáticos/input_Descripcin_Guardar'

2021-12-17 18:43:25 - [TEST_STEP][PASSED] - click(findTestObject("Modulo Actos Administrativos/Modulo Viáticos/Guardar retroactivo de viáticos/a_Guardar_guardar")): Object: 'Object Repository/Modulo Actos Administrativos/Modulo Viáticos/Guardar retroactivo de viáticos/a_Guardar_guardar' is clicked on

2021-12-17 18:43:25 - [MESSAGE][PASSED] - Object: 'Object Repository/Modulo Actos Administrativos/Modulo Viáticos/Guardar retroactivo de viáticos/a_Guardar_guardar' is clicked on

2021-12-17 18:43:25 - [TEST_STEP][PASSED] - waitForElementClickable(findTestObject("Modulo Actos Administrativos/Modulo Viáticos/Guardar retroactivo de viáticos/a_Liquidacin_Guardar"), 0): Object 'Object Repository/Modulo Actos Administrativos/Modulo Viáticos/Guardar retroactivo de viáticos/a_Liquidacin_Guardar' is clickable

2021-12-17 18:43:25 - [MESSAGE][WARNING] - Timeout '0' is invalid. Using default page load timeout: '30'

2021-12-17 18:43:26 - [MESSAGE][PASSED] - Object 'Object Repository/Modulo Actos Administrativos/Modulo Viáticos/Guardar retroactivo de viáticos/a_Liquidacin_Guardar' is clickable

2021-12-17 18:43:26 - [TEST_STEP][PASSED] - click(findTestObject("Modulo Actos Administrativos/Modulo Viáticos/Guardar retroactivo de viáticos/a_Liquidacin_Guardar")): Object: 'Object Repository/Modulo Actos Administrativos/Modulo Viáticos/Guardar retroactivo de viáticos/a_Liquidacin_Guardar' is clicked on

2021-12-17 18:43:27 - [MESSAGE][PASSED] - Object: 'Object Repository/Modulo Actos Administrativos/Modulo Viáticos/Guardar retroactivo de viáticos/a_Liquidacin_Guardar' is clicked on

2021-12-17 18:43:27 - [TEST_STEP][PASSED] - click(findTestObject("Modulo Actos Administrativos/Modulo Viáticos/Guardar retroactivo de viáticos/span_Si_Guardar")): Object: 'Object Repository/Modulo Actos Administrativos/Modulo Viáticos/Guardar retroactivo de viáticos/span_Si_Guardar' is clicked on

2021-12-17 18:43:28 - [MESSAGE][PASSED] - Object: 'Object Repository/Modulo Actos Administrativos/Modulo Viáticos/Guardar retroactivo de viáticos/span_Si_Guardar' is clicked on

2021-12-17 18:43:28 - [TEST_STEP][PASSED] - waitForElementClickable(findTestObject("Modulo Actos Administrativos/Modulo Viáticos/Guardar retroactivo de viáticos/a_Regresar_guardar"), 0): Object 'Object Repository/Modulo Actos Administrativos/Modulo Viáticos/Guardar retroactivo de viáticos/a_Regresar_guardar' is clickable

2021-12-17 18:43:28 - [MESSAGE][WARNING] - Timeout '0' is invalid. Using default page load timeout: '30'

2021-12-17 18:43:29 - [MESSAGE][PASSED] - Object 'Object Repository/Modulo Actos Administrativos/Modulo Viáticos/Guardar retroactivo de viáticos/a_Regresar_guardar' is clickable

2021-12-17 18:43:29 - [TEST_STEP][PASSED] - click(findTestObject("Modulo Actos Administrativos/Modulo Viáticos/Guardar retroactivo de viáticos/a_Regresar_guardar")): Object: 'Object Repository/Modulo Actos Administrativos/Modulo Viáticos/Guardar retroactivo de viáticos/a_Regresar_guardar' is clicked on

2021-12-17 18:43:29 - [MESSAGE][PASSED] - Object: 'Object Repository/Modulo Actos Administrativos/Modulo Viáticos/Guardar retroactivo de viáticos/a_Regresar_guardar' is clicked on

2021-12-17 18:43:29 - [TEST_STEP][PASSED] - waitForElementClickable(findTestObject("Modulo Actos Administrativos/Modulo Viáticos/Guardar retroactivo de viáticos/span_01072021"), 0): Web element with id: 'Object Repository/Modulo Actos Administrativos/Modulo Viáticos/Guardar retroactivo de viáticos/span_01072021' located by '//tbody[@id='form_listadoRetroactivoViatico:retroactivo_data']/tr/td[2]/table/tbody/tr/td/span' not found

2021-12-17 18:43:29 - [MESSAGE][WARNING] - Timeout '0' is invalid. Using default page load timeout: '30'

2021-12-17 18:44:00 - [MESSAGE][INFO] - Unable to find the element located by 'By.xpath: //tbody[@id='form_listadoRetroactivoViatico:retroactivo_data']/tr/td[2]/table/tbody/tr/td/span'. Please recheck the objects properties to make sure the desired element is located. 

2021-12-17 18:44:00 - [MESSAGE][WARNING] - Web element with id: 'Object Repository/Modulo Actos Administrativos/Modulo Viáticos/Guardar retroactivo de viáticos/span_01072021' located by '//tbody[@id='form_listadoRetroactivoViatico:retroactivo_data']/tr/td[2]/table/tbody/tr/td/span' not found

2021-12-17 18:44:00 - [TEST_STEP][FAILED] - click(findTestObject("Modulo Actos Administrativos/Modulo Viáticos/Guardar retroactivo de viáticos/span_01072021")): Unable to click on object 'Object Repository/Modulo Actos Administrativos/Modulo Viáticos/Guardar retroactivo de viáticos/span_01072021' (Root cause: com.kms.katalon.core.exception.StepFailedException: Unable to click on object 'Object Repository/Modulo Actos Administrativos/Modulo Viáticos/Guardar retroactivo de viáticos/span_01072021'
	at com.kms.katalon.core.webui.keyword.internal.WebUIKeywordMain.stepFailed(WebUIKeywordMain.groovy:64)
	at com.kms.katalon.core.webui.keyword.internal.WebUIKeywordMain.runKeyword(WebUIKeywordMain.groovy:26)
	at com.kms.katalon.core.webui.keyword.builtin.ClickKeyword.click(ClickKeyword.groovy:74)
	at com.kms.katalon.core.webui.keyword.builtin.ClickKeyword.execute(ClickKeyword.groovy:40)
	at com.kms.katalon.core.keyword.internal.KeywordExecutor.executeKeywordForPlatform(KeywordExecutor.groovy:74)
	at com.kms.katalon.core.webui.keyword.WebUiBuiltInKeywords.click(WebUiBuiltInKeywords.groovy:620)
	at com.kms.katalon.core.webui.keyword.WebUiBuiltInKeywords$click$5.call(Unknown Source)
	at 1.6.8 Guardar retroactivo de viáticos.run(1.6.8 Guardar retroactivo de viáticos:84)
	at com.kms.katalon.core.main.ScriptEngine.run(ScriptEngine.java:194)
	at com.kms.katalon.core.main.ScriptEngine.runScriptAsRawText(ScriptEngine.java:119)
	at com.kms.katalon.core.main.TestCaseExecutor.runScript(TestCaseExecutor.java:442)
	at com.kms.katalon.core.main.TestCaseExecutor.doExecute(TestCaseExecutor.java:433)
	at com.kms.katalon.core.main.TestCaseExecutor.processExecutionPhase(TestCaseExecutor.java:412)
	at com.kms.katalon.core.main.TestCaseExecutor.accessMainPhase(TestCaseExecutor.java:404)
	at com.kms.katalon.core.main.TestCaseExecutor.execute(TestCaseExecutor.java:281)
	at com.kms.katalon.core.main.TestSuiteExecutor.accessTestCaseMainPhase(TestSuiteExecutor.java:202)
	at com.kms.katalon.core.main.TestSuiteExecutor.accessTestSuiteMainPhase(TestSuiteExecutor.java:164)
	at com.kms.katalon.core.main.TestSuiteExecutor.execute(TestSuiteExecutor.java:105)
	at com.kms.katalon.core.main.TestCaseMain.startTestSuite(TestCaseMain.java:181)
	at com.kms.katalon.core.main.TestCaseMain$startTestSuite$0.call(Unknown Source)
	at TempTestSuite1639780222929.run(TempTestSuite1639780222929.groovy:36)
Caused by: com.kms.katalon.core.webui.exception.WebElementNotFoundException: Web element with id: 'Object Repository/Modulo Actos Administrativos/Modulo Viáticos/Guardar retroactivo de viáticos/span_01072021' located by '//tbody[@id='form_listadoRetroactivoViatico:retroactivo_data']/tr/td[2]/table/tbody/tr/td/span' not found
	at com.kms.katalon.core.webui.common.WebUiCommonHelper.findWebElement(WebUiCommonHelper.java:1368)
	at com.kms.katalon.core.webui.keyword.internal.WebUIAbstractKeyword.findWebElement(WebUIAbstractKeyword.groovy:27)
	at com.kms.katalon.core.webui.keyword.builtin.ClickKeyword$_click_closure1.doCall(ClickKeyword.groovy:65)
	at com.kms.katalon.core.webui.keyword.builtin.ClickKeyword$_click_closure1.call(ClickKeyword.groovy)
	at com.kms.katalon.core.webui.keyword.internal.WebUIKeywordMain.runKeyword(WebUIKeywordMain.groovy:20)
	at com.kms.katalon.core.webui.keyword.builtin.ClickKeyword.click(ClickKeyword.groovy:74)
	at com.kms.katalon.core.webui.keyword.builtin.ClickKeyword.execute(ClickKeyword.groovy:40)
	at com.kms.katalon.core.keyword.internal.KeywordExecutor.executeKeywordForPlatform(KeywordExecutor.groovy:74)
	at com.kms.katalon.core.webui.keyword.WebUiBuiltInKeywords.click(WebUiBuiltInKeywords.groovy:620)
	at com.kms.katalon.core.webui.keyword.WebUiBuiltInKeywords$click$5.call(Unknown Source)
	at Script1629997363335.run(Script1629997363335.groovy:84)
	... 13 more
)

2021-12-17 18:44:31 - [MESSAGE][INFO] - Unable to find the element located by 'By.xpath: //tbody[@id='form_listadoRetroactivoViatico:retroactivo_data']/tr/td[2]/table/tbody/tr/td/span'. Please recheck the objects properties to make sure the desired element is located. 

2021-12-17 18:44:31 - [MESSAGE][FAILED] - Unable to click on object 'Object Repository/Modulo Actos Administrativos/Modulo Viáticos/Guardar retroactivo de viáticos/span_01072021' (Root cause: com.kms.katalon.core.exception.StepFailedException: Unable to click on object 'Object Repository/Modulo Actos Administrativos/Modulo Viáticos/Guardar retroactivo de viáticos/span_01072021'
	at com.kms.katalon.core.webui.keyword.internal.WebUIKeywordMain.stepFailed(WebUIKeywordMain.groovy:64)
	at com.kms.katalon.core.webui.keyword.internal.WebUIKeywordMain.runKeyword(WebUIKeywordMain.groovy:26)
	at com.kms.katalon.core.webui.keyword.builtin.ClickKeyword.click(ClickKeyword.groovy:74)
	at com.kms.katalon.core.webui.keyword.builtin.ClickKeyword.execute(ClickKeyword.groovy:40)
	at com.kms.katalon.core.keyword.internal.KeywordExecutor.executeKeywordForPlatform(KeywordExecutor.groovy:74)
	at com.kms.katalon.core.webui.keyword.WebUiBuiltInKeywords.click(WebUiBuiltInKeywords.groovy:620)
	at com.kms.katalon.core.webui.keyword.WebUiBuiltInKeywords$click$5.call(Unknown Source)
	at 1.6.8 Guardar retroactivo de viáticos.run(1.6.8 Guardar retroactivo de viáticos:84)
	at com.kms.katalon.core.main.ScriptEngine.run(ScriptEngine.java:194)
	at com.kms.katalon.core.main.ScriptEngine.runScriptAsRawText(ScriptEngine.java:119)
	at com.kms.katalon.core.main.TestCaseExecutor.runScript(TestCaseExecutor.java:442)
	at com.kms.katalon.core.main.TestCaseExecutor.doExecute(TestCaseExecutor.java:433)
	at com.kms.katalon.core.main.TestCaseExecutor.processExecutionPhase(TestCaseExecutor.java:412)
	at com.kms.katalon.core.main.TestCaseExecutor.accessMainPhase(TestCaseExecutor.java:404)
	at com.kms.katalon.core.main.TestCaseExecutor.execute(TestCaseExecutor.java:281)
	at com.kms.katalon.core.main.TestSuiteExecutor.accessTestCaseMainPhase(TestSuiteExecutor.java:202)
	at com.kms.katalon.core.main.TestSuiteExecutor.accessTestSuiteMainPhase(TestSuiteExecutor.java:164)
	at com.kms.katalon.core.main.TestSuiteExecutor.execute(TestSuiteExecutor.java:105)
	at com.kms.katalon.core.main.TestCaseMain.startTestSuite(TestCaseMain.java:181)
	at com.kms.katalon.core.main.TestCaseMain$startTestSuite$0.call(Unknown Source)
	at TempTestSuite1639780222929.run(TempTestSuite1639780222929.groovy:36)
Caused by: com.kms.katalon.core.webui.exception.WebElementNotFoundException: Web element with id: 'Object Repository/Modulo Actos Administrativos/Modulo Viáticos/Guardar retroactivo de viáticos/span_01072021' located by '//tbody[@id='form_listadoRetroactivoViatico:retroactivo_data']/tr/td[2]/table/tbody/tr/td/span' not found
	at com.kms.katalon.core.webui.common.WebUiCommonHelper.findWebElement(WebUiCommonHelper.java:1368)
	at com.kms.katalon.core.webui.keyword.internal.WebUIAbstractKeyword.findWebElement(WebUIAbstractKeyword.groovy:27)
	at com.kms.katalon.core.webui.keyword.builtin.ClickKeyword$_click_closure1.doCall(ClickKeyword.groovy:65)
	at com.kms.katalon.core.webui.keyword.builtin.ClickKeyword$_click_closure1.call(ClickKeyword.groovy)
	at com.kms.katalon.core.webui.keyword.internal.WebUIKeywordMain.runKeyword(WebUIKeywordMain.groovy:20)
	at com.kms.katalon.core.webui.keyword.builtin.ClickKeyword.click(ClickKeyword.groovy:74)
	at com.kms.katalon.core.webui.keyword.builtin.ClickKeyword.execute(ClickKeyword.groovy:40)
	at com.kms.katalon.core.keyword.internal.KeywordExecutor.executeKeywordForPlatform(KeywordExecutor.groovy:74)
	at com.kms.katalon.core.webui.keyword.WebUiBuiltInKeywords.click(WebUiBuiltInKeywords.groovy:620)
	at com.kms.katalon.core.webui.keyword.WebUiBuiltInKeywords$click$5.call(Unknown Source)
	at Script1629997363335.run(Script1629997363335.groovy:84)
	... 13 more
)
[[ATTACHMENT|C:\\Users\\diego.rojas\\git\\Pruebas-Minimas\\Reports\\20211217_173017\\1-Tareas Principales\\20211217_173022\\1639784671784.png]]]]></system-out>
         <system-err><![CDATA[2021-12-17 18:42:33 - [TEST_CASE][FAILED] - Test Cases/1.1-Tareas Principales/1.6.8 Guardar retroactivo de viáticos: Test Cases/1.1-Tareas Principales/1.6.8 Guardar retroactivo de viáticos FAILED.
Reason:
com.kms.katalon.core.exception.StepFailedException: Unable to click on object 'Object Repository/Modulo Actos Administrativos/Modulo Viáticos/Guardar retroactivo de viáticos/span_01072021'
	at com.kms.katalon.core.webui.keyword.internal.WebUIKeywordMain.stepFailed(WebUIKeywordMain.groovy:64)
	at com.kms.katalon.core.webui.keyword.internal.WebUIKeywordMain.runKeyword(WebUIKeywordMain.groovy:26)
	at com.kms.katalon.core.webui.keyword.builtin.ClickKeyword.click(ClickKeyword.groovy:74)
	at com.kms.katalon.core.webui.keyword.builtin.ClickKeyword.execute(ClickKeyword.groovy:40)
	at com.kms.katalon.core.keyword.internal.KeywordExecutor.executeKeywordForPlatform(KeywordExecutor.groovy:74)
	at com.kms.katalon.core.webui.keyword.WebUiBuiltInKeywords.click(WebUiBuiltInKeywords.groovy:620)
	at com.kms.katalon.core.webui.keyword.WebUiBuiltInKeywords$click$5.call(Unknown Source)
	at 1.6.8 Guardar retroactivo de viáticos.run(1.6.8 Guardar retroactivo de viáticos:84)
	at com.kms.katalon.core.main.ScriptEngine.run(ScriptEngine.java:194)
	at com.kms.katalon.core.main.ScriptEngine.runScriptAsRawText(ScriptEngine.java:119)
	at com.kms.katalon.core.main.TestCaseExecutor.runScript(TestCaseExecutor.java:442)
	at com.kms.katalon.core.main.TestCaseExecutor.doExecute(TestCaseExecutor.java:433)
	at com.kms.katalon.core.main.TestCaseExecutor.processExecutionPhase(TestCaseExecutor.java:412)
	at com.kms.katalon.core.main.TestCaseExecutor.accessMainPhase(TestCaseExecutor.java:404)
	at com.kms.katalon.core.main.TestCaseExecutor.execute(TestCaseExecutor.java:281)
	at com.kms.katalon.core.main.TestSuiteExecutor.accessTestCaseMainPhase(TestSuiteExecutor.java:202)
	at com.kms.katalon.core.main.TestSuiteExecutor.accessTestSuiteMainPhase(TestSuiteExecutor.java:164)
	at com.kms.katalon.core.main.TestSuiteExecutor.execute(TestSuiteExecutor.java:105)
	at com.kms.katalon.core.main.TestCaseMain.startTestSuite(TestCaseMain.java:181)
	at com.kms.katalon.core.main.TestCaseMain$startTestSuite$0.call(Unknown Source)
	at TempTestSuite1639780222929.run(TempTestSuite1639780222929.groovy:36)
Caused by: com.kms.katalon.core.webui.exception.WebElementNotFoundException: Web element with id: 'Object Repository/Modulo Actos Administrativos/Modulo Viáticos/Guardar retroactivo de viáticos/span_01072021' located by '//tbody[@id='form_listadoRetroactivoViatico:retroactivo_data']/tr/td[2]/table/tbody/tr/td/span' not found
	at com.kms.katalon.core.webui.common.WebUiCommonHelper.findWebElement(WebUiCommonHelper.java:1368)
	at com.kms.katalon.core.webui.keyword.internal.WebUIAbstractKeyword.findWebElement(WebUIAbstractKeyword.groovy:27)
	at com.kms.katalon.core.webui.keyword.builtin.ClickKeyword$_click_closure1.doCall(ClickKeyword.groovy:65)
	at com.kms.katalon.core.webui.keyword.builtin.ClickKeyword$_click_closure1.call(ClickKeyword.groovy)
	at com.kms.katalon.core.webui.keyword.internal.WebUIKeywordMain.runKeyword(WebUIKeywordMain.groovy:20)
	... 19 more]]></system-err>
      </testcase>
      <testcase name="Test Cases/1.1-Tareas Principales/1.6.9 Reporte Entidades Liquidadas Viáticos" time="86.297" classname="Test Cases/1.1-Tareas Principales/1.6.9 Reporte Entidades Liquidadas Viáticos" status="FAILED">
         <failure type="FAILED" message="Test Cases/1.1-Tareas Principales/1.6.9 Reporte Entidades Liquidadas Viáticos FAILED.
Reason:
com.kms.katalon.core.exception.StepFailedException: Unable to click on object 'Object Repository/Modulo Actos Administrativos/Modulo Viáticos/Reporte Entidades Liquidadas/a_Descargar_reporte medicina prepagada colsanitas'
	at com.kms.katalon.core.webui.keyword.internal.WebUIKeywordMain.stepFailed(WebUIKeywordMain.groovy:64)
	at com.kms.katalon.core.webui.keyword.internal.WebUIKeywordMain.runKeyword(WebUIKeywordMain.groovy:26)
	at com.kms.katalon.core.webui.keyword.builtin.ClickKeyword.click(ClickKeyword.groovy:74)
	at com.kms.katalon.core.webui.keyword.builtin.ClickKeyword.execute(ClickKeyword.groovy:40)
	at com.kms.katalon.core.keyword.internal.KeywordExecutor.executeKeywordForPlatform(KeywordExecutor.groovy:74)
	at com.kms.katalon.core.webui.keyword.WebUiBuiltInKeywords.click(WebUiBuiltInKeywords.groovy:620)
	at com.kms.katalon.core.webui.keyword.WebUiBuiltInKeywords$click$5.call(Unknown Source)
	at 1.6.9 Reporte Entidades Liquidadas Viáticos.run(1.6.9 Reporte Entidades Liquidadas Viáticos:78)
	at com.kms.katalon.core.main.ScriptEngine.run(ScriptEngine.java:194)
	at com.kms.katalon.core.main.ScriptEngine.runScriptAsRawText(ScriptEngine.java:119)
	at com.kms.katalon.core.main.TestCaseExecutor.runScript(TestCaseExecutor.java:442)
	at com.kms.katalon.core.main.TestCaseExecutor.doExecute(TestCaseExecutor.java:433)
	at com.kms.katalon.core.main.TestCaseExecutor.processExecutionPhase(TestCaseExecutor.java:412)
	at com.kms.katalon.core.main.TestCaseExecutor.accessMainPhase(TestCaseExecutor.java:404)
	at com.kms.katalon.core.main.TestCaseExecutor.execute(TestCaseExecutor.java:281)
	at com.kms.katalon.core.main.TestSuiteExecutor.accessTestCaseMainPhase(TestSuiteExecutor.java:202)
	at com.kms.katalon.core.main.TestSuiteExecutor.accessTestSuiteMainPhase(TestSuiteExecutor.java:164)
	at com.kms.katalon.core.main.TestSuiteExecutor.execute(TestSuiteExecutor.java:105)
	at com.kms.katalon.core.main.TestCaseMain.startTestSuite(TestCaseMain.java:181)
	at com.kms.katalon.core.main.TestCaseMain$startTestSuite$0.call(Unknown Source)
	at TempTestSuite1639780222929.run(TempTestSuite1639780222929.groovy:36)
Caused by: com.kms.katalon.core.webui.exception.WebElementNotFoundException: Web element with id: 'Object Repository/Modulo Actos Administrativos/Modulo Viáticos/Reporte Entidades Liquidadas/a_Descargar_reporte medicina prepagada colsanitas' located by '//td/table/tbody/tr/td/a' not found
	at com.kms.katalon.core.webui.common.WebUiCommonHelper.findWebElement(WebUiCommonHelper.java:1368)
	at com.kms.katalon.core.webui.keyword.internal.WebUIAbstractKeyword.findWebElement(WebUIAbstractKeyword.groovy:27)
	at com.kms.katalon.core.webui.keyword.builtin.ClickKeyword$_click_closure1.doCall(ClickKeyword.groovy:65)
	at com.kms.katalon.core.webui.keyword.builtin.ClickKeyword$_click_closure1.call(ClickKeyword.groovy)
	at com.kms.katalon.core.webui.keyword.internal.WebUIKeywordMain.runKeyword(WebUIKeywordMain.groovy:20)
	... 19 more
"/>
         <system-out><![CDATA[2021-12-17 18:44:31 - [TEST_CASE][FAILED] - Test Cases/1.1-Tareas Principales/1.6.9 Reporte Entidades Liquidadas Viáticos: Test Cases/1.1-Tareas Principales/1.6.9 Reporte Entidades Liquidadas Viáticos FAILED.
Reason:
com.kms.katalon.core.exception.StepFailedException: Unable to click on object 'Object Repository/Modulo Actos Administrativos/Modulo Viáticos/Reporte Entidades Liquidadas/a_Descargar_reporte medicina prepagada colsanitas'
	at com.kms.katalon.core.webui.keyword.internal.WebUIKeywordMain.stepFailed(WebUIKeywordMain.groovy:64)
	at com.kms.katalon.core.webui.keyword.internal.WebUIKeywordMain.runKeyword(WebUIKeywordMain.groovy:26)
	at com.kms.katalon.core.webui.keyword.builtin.ClickKeyword.click(ClickKeyword.groovy:74)
	at com.kms.katalon.core.webui.keyword.builtin.ClickKeyword.execute(ClickKeyword.groovy:40)
	at com.kms.katalon.core.keyword.internal.KeywordExecutor.executeKeywordForPlatform(KeywordExecutor.groovy:74)
	at com.kms.katalon.core.webui.keyword.WebUiBuiltInKeywords.click(WebUiBuiltInKeywords.groovy:620)
	at com.kms.katalon.core.webui.keyword.WebUiBuiltInKeywords$click$5.call(Unknown Source)
	at 1.6.9 Reporte Entidades Liquidadas Viáticos.run(1.6.9 Reporte Entidades Liquidadas Viáticos:78)
	at com.kms.katalon.core.main.ScriptEngine.run(ScriptEngine.java:194)
	at com.kms.katalon.core.main.ScriptEngine.runScriptAsRawText(ScriptEngine.java:119)
	at com.kms.katalon.core.main.TestCaseExecutor.runScript(TestCaseExecutor.java:442)
	at com.kms.katalon.core.main.TestCaseExecutor.doExecute(TestCaseExecutor.java:433)
	at com.kms.katalon.core.main.TestCaseExecutor.processExecutionPhase(TestCaseExecutor.java:412)
	at com.kms.katalon.core.main.TestCaseExecutor.accessMainPhase(TestCaseExecutor.java:404)
	at com.kms.katalon.core.main.TestCaseExecutor.execute(TestCaseExecutor.java:281)
	at com.kms.katalon.core.main.TestSuiteExecutor.accessTestCaseMainPhase(TestSuiteExecutor.java:202)
	at com.kms.katalon.core.main.TestSuiteExecutor.accessTestSuiteMainPhase(TestSuiteExecutor.java:164)
	at com.kms.katalon.core.main.TestSuiteExecutor.execute(TestSuiteExecutor.java:105)
	at com.kms.katalon.core.main.TestCaseMain.startTestSuite(TestCaseMain.java:181)
	at com.kms.katalon.core.main.TestCaseMain$startTestSuite$0.call(Unknown Source)
	at TempTestSuite1639780222929.run(TempTestSuite1639780222929.groovy:36)
Caused by: com.kms.katalon.core.webui.exception.WebElementNotFoundException: Web element with id: 'Object Repository/Modulo Actos Administrativos/Modulo Viáticos/Reporte Entidades Liquidadas/a_Descargar_reporte medicina prepagada colsanitas' located by '//td/table/tbody/tr/td/a' not found
	at com.kms.katalon.core.webui.common.WebUiCommonHelper.findWebElement(WebUiCommonHelper.java:1368)
	at com.kms.katalon.core.webui.keyword.internal.WebUIAbstractKeyword.findWebElement(WebUIAbstractKeyword.groovy:27)
	at com.kms.katalon.core.webui.keyword.builtin.ClickKeyword$_click_closure1.doCall(ClickKeyword.groovy:65)
	at com.kms.katalon.core.webui.keyword.builtin.ClickKeyword$_click_closure1.call(ClickKeyword.groovy)
	at com.kms.katalon.core.webui.keyword.internal.WebUIKeywordMain.runKeyword(WebUIKeywordMain.groovy:20)
	... 19 more


2021-12-17 18:44:32 - [TEST_STEP][PASSED] - callTestCase(findTestCase("0.1-Login"), [:], STOP_ON_FAILURE): Call Test Case 'Test Cases/0.1-Login' successfully

2021-12-17 18:44:32 - [TEST_CASE][PASSED] - Test Cases/0.1-Login: Test Cases/0.1-Login

2021-12-17 18:44:32 - [TEST_STEP][PASSED] - openBrowser(""): Browser is opened with url: ''

2021-12-17 18:44:32 - [MESSAGE][WARNING] - A browser is already opened. Closing browser and opening a new one

2021-12-17 18:44:33 - [MESSAGE][INFO] - Starting 'Chrome' driver

2021-12-17 18:44:33 - [MESSAGE][INFO] - Action delay is set to 0 milliseconds

2021-12-17 18:44:34 - [MESSAGE][PASSED] - Browser is opened with url: ''

2021-12-17 18:44:34 - [TEST_STEP][PASSED] - maximizeWindow(): Current window maximized

2021-12-17 18:44:34 - [MESSAGE][PASSED] - Current window maximized

2021-12-17 18:44:34 - [TEST_STEP][PASSED] - i = G_Login: null

2021-12-17 18:44:34 - [TEST_STEP][PASSED] - url = new java.net.URL(i): null

2021-12-17 18:44:34 - [TEST_STEP][PASSED] - println("URL: " + url.toString()): null

2021-12-17 18:44:34 - [TEST_STEP][PASSED] - connection = url.openConnection(): null

2021-12-17 18:44:34 - [TEST_STEP][PASSED] - connection.setRequestMethod("GET"): null

2021-12-17 18:44:34 - [TEST_STEP][PASSED] - connection.setReadTimeout(2 * 1000): null

2021-12-17 18:44:34 - [TEST_STEP][PASSED] - try: null

2021-12-17 18:44:34 - [TEST_STEP][PASSED] - connection.connect(): null

2021-12-17 18:44:34 - [TEST_STEP][PASSED] - flag = connected: null

2021-12-17 18:44:34 - [TEST_STEP][PASSED] - println("Valor_ori: " + flag): null

2021-12-17 18:44:34 - [TEST_STEP][PASSED] - if (flag): null

2021-12-17 18:44:34 - [TEST_STEP][PASSED] - navigateToUrl(i): Navigate to 'http://192.168.2.29:7001/saraweb' successfully

2021-12-17 18:44:39 - [MESSAGE][PASSED] - Navigate to 'http://192.168.2.29:7001/saraweb' successfully

2021-12-17 18:44:39 - [TEST_STEP][PASSED] - a(): null

2021-12-17 18:44:39 - [TEST_STEP][PASSED] - setText(findTestObject("Login/input_USUARIO_loginusuario"), G_Usuario): Text 'weblogic' is set on object 'Object Repository/Login/input_USUARIO_loginusuario'

2021-12-17 18:44:40 - [MESSAGE][PASSED] - Text 'weblogic' is set on object 'Object Repository/Login/input_USUARIO_loginusuario'

2021-12-17 18:44:40 - [TEST_STEP][PASSED] - setEncryptedText(findTestObject("Login/input_CLAVE_loginpassword"), "MkG4/TYiCFC3cb2driP7+Q=="): Text ****** has been set on object 'Object Repository/Login/input_CLAVE_loginpassword'

2021-12-17 18:44:40 - [MESSAGE][PASSED] - Text ****** has been set on object 'Object Repository/Login/input_CLAVE_loginpassword'

2021-12-17 18:44:40 - [TEST_STEP][PASSED] - waitForElementClickable(findTestObject("Login/a_Ingresar"), G_TimeOut): Object 'Object Repository/Login/a_Ingresar' is clickable

2021-12-17 18:44:41 - [MESSAGE][PASSED] - Object 'Object Repository/Login/a_Ingresar' is clickable

2021-12-17 18:44:41 - [TEST_STEP][PASSED] - click(findTestObject("Login/a_Ingresar")): Object: 'Object Repository/Login/a_Ingresar' is clicked on

2021-12-17 18:44:49 - [MESSAGE][PASSED] - Object: 'Object Repository/Login/a_Ingresar' is clicked on

2021-12-17 18:44:49 - [TEST_STEP][PASSED] - element = findWebElement(findTestObject("Login/a_Ir"), 30): null

2021-12-17 18:44:50 - [TEST_STEP][PASSED] - executeJavaScript("arguments[0].click()", Arrays.asList(element)): Execute JavaScript 'arguments[0].click()' successfully

2021-12-17 18:44:50 - [MESSAGE][PASSED] - Execute JavaScript 'arguments[0].click()' successfully

2021-12-17 18:44:50 - [MESSAGE][PASSED] - Call Test Case 'Test Cases/0.1-Login' successfully

2021-12-17 18:44:50 - [TEST_STEP][PASSED] - waitForElementClickable(findTestObject("Modulo Actos Administrativos/Modulo Viáticos/Reporte Entidades Liquidadas/input_ADMINISTRADOR DEL SISTEMA - SARA_form_templatej_idt24_input"), 0): Object 'Object Repository/Modulo Actos Administrativos/Modulo Viáticos/Reporte Entidades Liquidadas/input_ADMINISTRADOR DEL SISTEMA - SARA_form_templatej_idt24_input' is clickable

2021-12-17 18:44:50 - [MESSAGE][WARNING] - Timeout '0' is invalid. Using default page load timeout: '30'

2021-12-17 18:44:58 - [MESSAGE][PASSED] - Object 'Object Repository/Modulo Actos Administrativos/Modulo Viáticos/Reporte Entidades Liquidadas/input_ADMINISTRADOR DEL SISTEMA - SARA_form_templatej_idt24_input' is clickable

2021-12-17 18:44:58 - [TEST_STEP][PASSED] - setText(findTestObject("Modulo Actos Administrativos/Modulo Viáticos/Reporte Entidades Liquidadas/input_ADMINISTRADOR DEL SISTEMA - SARA_form_templatej_idt24_input"), "generacion Entidad Pago Viaticos"): Text 'generacion Entidad Pago Viaticos' is set on object 'Object Repository/Modulo Actos Administrativos/Modulo Viáticos/Reporte Entidades Liquidadas/input_ADMINISTRADOR DEL SISTEMA - SARA_form_templatej_idt24_input'

2021-12-17 18:44:59 - [MESSAGE][PASSED] - Text 'generacion Entidad Pago Viaticos' is set on object 'Object Repository/Modulo Actos Administrativos/Modulo Viáticos/Reporte Entidades Liquidadas/input_ADMINISTRADOR DEL SISTEMA - SARA_form_templatej_idt24_input'

2021-12-17 18:44:59 - [TEST_STEP][PASSED] - waitForElementClickable(findTestObject("Modulo Actos Administrativos/Modulo Viáticos/Reporte Entidades Liquidadas/li_Listado de Viaticos (act)"), 0): Object 'Object Repository/Modulo Actos Administrativos/Modulo Viáticos/Reporte Entidades Liquidadas/li_Listado de Viaticos (act)' is clickable

2021-12-17 18:44:59 - [MESSAGE][WARNING] - Timeout '0' is invalid. Using default page load timeout: '30'

2021-12-17 18:45:00 - [MESSAGE][PASSED] - Object 'Object Repository/Modulo Actos Administrativos/Modulo Viáticos/Reporte Entidades Liquidadas/li_Listado de Viaticos (act)' is clickable

2021-12-17 18:45:00 - [TEST_STEP][PASSED] - sendKeys(findTestObject("Modulo Actos Administrativos/Modulo Viáticos/Reporte Entidades Liquidadas/input_ADMINISTRADOR DEL SISTEMA - SARA_form_templatej_idt24_input"), Keys.chord(ENTER)): Keys 'ENTER + ' sent to object: 'Object Repository/Modulo Actos Administrativos/Modulo Viáticos/Reporte Entidades Liquidadas/input_ADMINISTRADOR DEL SISTEMA - SARA_form_templatej_idt24_input'

2021-12-17 18:45:00 - [MESSAGE][PASSED] - Keys 'ENTER + ' sent to object: 'Object Repository/Modulo Actos Administrativos/Modulo Viáticos/Reporte Entidades Liquidadas/input_ADMINISTRADOR DEL SISTEMA - SARA_form_templatej_idt24_input'

2021-12-17 18:45:00 - [TEST_STEP][PASSED] - click(findTestObject("Modulo Actos Administrativos/Modulo Viáticos/Reporte Entidades Liquidadas/a_Traer")): Object: 'Object Repository/Modulo Actos Administrativos/Modulo Viáticos/Reporte Entidades Liquidadas/a_Traer' is clicked on

2021-12-17 18:45:09 - [MESSAGE][PASSED] - Object: 'Object Repository/Modulo Actos Administrativos/Modulo Viáticos/Reporte Entidades Liquidadas/a_Traer' is clicked on

2021-12-17 18:45:09 - [TEST_STEP][PASSED] - waitForElementClickable(findTestObject("Modulo Actos Administrativos/Modulo Viáticos/Reporte Entidades Liquidadas/label_Viaticos2"), 0): Object 'Object Repository/Modulo Actos Administrativos/Modulo Viáticos/Reporte Entidades Liquidadas/label_Viaticos2' is clickable

2021-12-17 18:45:09 - [MESSAGE][WARNING] - Timeout '0' is invalid. Using default page load timeout: '30'

2021-12-17 18:45:10 - [MESSAGE][PASSED] - Object 'Object Repository/Modulo Actos Administrativos/Modulo Viáticos/Reporte Entidades Liquidadas/label_Viaticos2' is clickable

2021-12-17 18:45:10 - [TEST_STEP][PASSED] - click(findTestObject("Modulo Actos Administrativos/Modulo Viáticos/Reporte Entidades Liquidadas/label_Viaticos2")): Object: 'Object Repository/Modulo Actos Administrativos/Modulo Viáticos/Reporte Entidades Liquidadas/label_Viaticos2' is clicked on

2021-12-17 18:45:10 - [MESSAGE][PASSED] - Object: 'Object Repository/Modulo Actos Administrativos/Modulo Viáticos/Reporte Entidades Liquidadas/label_Viaticos2' is clicked on

2021-12-17 18:45:10 - [TEST_STEP][PASSED] - setText(findTestObject("Modulo Actos Administrativos/Modulo Viáticos/Reporte Entidades Liquidadas/input_Fecha_form_viaticos2"), "01/07/2021"): Text '01/07/2021' is set on object 'Object Repository/Modulo Actos Administrativos/Modulo Viáticos/Reporte Entidades Liquidadas/input_Fecha_form_viaticos2'

2021-12-17 18:45:11 - [MESSAGE][PASSED] - Text '01/07/2021' is set on object 'Object Repository/Modulo Actos Administrativos/Modulo Viáticos/Reporte Entidades Liquidadas/input_Fecha_form_viaticos2'

2021-12-17 18:45:11 - [TEST_STEP][PASSED] - click(findTestObject("Modulo Actos Administrativos/Modulo Viáticos/Reporte Entidades Liquidadas/a_Aplicar_viaticos2")): Object: 'Object Repository/Modulo Actos Administrativos/Modulo Viáticos/Reporte Entidades Liquidadas/a_Aplicar_viaticos2' is clicked on

2021-12-17 18:45:11 - [MESSAGE][PASSED] - Object: 'Object Repository/Modulo Actos Administrativos/Modulo Viáticos/Reporte Entidades Liquidadas/a_Aplicar_viaticos2' is clicked on

2021-12-17 18:45:11 - [TEST_STEP][PASSED] - waitForElementClickable(findTestObject("Modulo Actos Administrativos/Modulo Viáticos/Reporte Entidades Liquidadas/span_Medicina Prepagada Colsanitas"), 0): Object 'Object Repository/Modulo Actos Administrativos/Modulo Viáticos/Reporte Entidades Liquidadas/span_Medicina Prepagada Colsanitas' is clickable

2021-12-17 18:45:11 - [MESSAGE][WARNING] - Timeout '0' is invalid. Using default page load timeout: '30'

2021-12-17 18:45:12 - [MESSAGE][PASSED] - Object 'Object Repository/Modulo Actos Administrativos/Modulo Viáticos/Reporte Entidades Liquidadas/span_Medicina Prepagada Colsanitas' is clickable

2021-12-17 18:45:12 - [TEST_STEP][PASSED] - click(findTestObject("Modulo Actos Administrativos/Modulo Viáticos/Reporte Entidades Liquidadas/div_Sucursal_ui-chkbox-box ui-widget ui-corner-all ui-state-default")): Object: 'Object Repository/Modulo Actos Administrativos/Modulo Viáticos/Reporte Entidades Liquidadas/div_Sucursal_ui-chkbox-box ui-widget ui-corner-all ui-state-default' is clicked on

2021-12-17 18:45:12 - [MESSAGE][PASSED] - Object: 'Object Repository/Modulo Actos Administrativos/Modulo Viáticos/Reporte Entidades Liquidadas/div_Sucursal_ui-chkbox-box ui-widget ui-corner-all ui-state-default' is clicked on

2021-12-17 18:45:12 - [TEST_STEP][PASSED] - click(findTestObject("Modulo Actos Administrativos/Modulo Viáticos/Reporte Entidades Liquidadas/a_Liquidar")): Object: 'Object Repository/Modulo Actos Administrativos/Modulo Viáticos/Reporte Entidades Liquidadas/a_Liquidar' is clicked on

2021-12-17 18:45:13 - [MESSAGE][PASSED] - Object: 'Object Repository/Modulo Actos Administrativos/Modulo Viáticos/Reporte Entidades Liquidadas/a_Liquidar' is clicked on

2021-12-17 18:45:13 - [TEST_STEP][PASSED] - waitForElementClickable(findTestObject("Modulo Actos Administrativos/Modulo Viáticos/Reporte Entidades Liquidadas/a_Aceptar_Liquidar"), 0): Object 'Object Repository/Modulo Actos Administrativos/Modulo Viáticos/Reporte Entidades Liquidadas/a_Aceptar_Liquidar' is clickable

2021-12-17 18:45:13 - [MESSAGE][WARNING] - Timeout '0' is invalid. Using default page load timeout: '30'

2021-12-17 18:45:14 - [MESSAGE][PASSED] - Object 'Object Repository/Modulo Actos Administrativos/Modulo Viáticos/Reporte Entidades Liquidadas/a_Aceptar_Liquidar' is clickable

2021-12-17 18:45:14 - [TEST_STEP][PASSED] - click(findTestObject("Modulo Actos Administrativos/Modulo Viáticos/Reporte Entidades Liquidadas/a_Aceptar_Liquidar")): Object: 'Object Repository/Modulo Actos Administrativos/Modulo Viáticos/Reporte Entidades Liquidadas/a_Aceptar_Liquidar' is clicked on

2021-12-17 18:45:22 - [MESSAGE][PASSED] - Object: 'Object Repository/Modulo Actos Administrativos/Modulo Viáticos/Reporte Entidades Liquidadas/a_Aceptar_Liquidar' is clicked on

2021-12-17 18:45:22 - [TEST_STEP][PASSED] - waitForElementClickable(findTestObject("Modulo Actos Administrativos/Modulo Viáticos/Reporte Entidades Liquidadas/a_Continuar"), 0): Object 'Object Repository/Modulo Actos Administrativos/Modulo Viáticos/Reporte Entidades Liquidadas/a_Continuar' is clickable

2021-12-17 18:45:22 - [MESSAGE][WARNING] - Timeout '0' is invalid. Using default page load timeout: '30'

2021-12-17 18:45:23 - [MESSAGE][PASSED] - Object 'Object Repository/Modulo Actos Administrativos/Modulo Viáticos/Reporte Entidades Liquidadas/a_Continuar' is clickable

2021-12-17 18:45:23 - [TEST_STEP][PASSED] - click(findTestObject("Modulo Actos Administrativos/Modulo Viáticos/Reporte Entidades Liquidadas/a_Continuar")): Object: 'Object Repository/Modulo Actos Administrativos/Modulo Viáticos/Reporte Entidades Liquidadas/a_Continuar' is clicked on

2021-12-17 18:45:23 - [MESSAGE][PASSED] - Object: 'Object Repository/Modulo Actos Administrativos/Modulo Viáticos/Reporte Entidades Liquidadas/a_Continuar' is clicked on

2021-12-17 18:45:23 - [TEST_STEP][PASSED] - waitForElementClickable(findTestObject("Modulo Actos Administrativos/Modulo Viáticos/Reporte Entidades Liquidadas/a_Imprimir"), 0): Object 'Object Repository/Modulo Actos Administrativos/Modulo Viáticos/Reporte Entidades Liquidadas/a_Imprimir' is clickable

2021-12-17 18:45:23 - [MESSAGE][WARNING] - Timeout '0' is invalid. Using default page load timeout: '30'

2021-12-17 18:45:24 - [MESSAGE][PASSED] - Object 'Object Repository/Modulo Actos Administrativos/Modulo Viáticos/Reporte Entidades Liquidadas/a_Imprimir' is clickable

2021-12-17 18:45:24 - [TEST_STEP][PASSED] - click(findTestObject("Modulo Actos Administrativos/Modulo Viáticos/Reporte Entidades Liquidadas/a_Imprimir")): Object: 'Object Repository/Modulo Actos Administrativos/Modulo Viáticos/Reporte Entidades Liquidadas/a_Imprimir' is clicked on

2021-12-17 18:45:25 - [MESSAGE][PASSED] - Object: 'Object Repository/Modulo Actos Administrativos/Modulo Viáticos/Reporte Entidades Liquidadas/a_Imprimir' is clicked on

2021-12-17 18:45:25 - [TEST_STEP][PASSED] - waitForElementClickable(findTestObject("Modulo Actos Administrativos/Modulo Viáticos/Reporte Entidades Liquidadas/label_Csv_informe"), 0): Object 'Object Repository/Modulo Actos Administrativos/Modulo Viáticos/Reporte Entidades Liquidadas/label_Csv_informe' is clickable

2021-12-17 18:45:25 - [MESSAGE][WARNING] - Timeout '0' is invalid. Using default page load timeout: '30'

2021-12-17 18:45:25 - [MESSAGE][PASSED] - Object 'Object Repository/Modulo Actos Administrativos/Modulo Viáticos/Reporte Entidades Liquidadas/label_Csv_informe' is clickable

2021-12-17 18:45:25 - [TEST_STEP][PASSED] - click(findTestObject("Modulo Actos Administrativos/Modulo Viáticos/Reporte Entidades Liquidadas/label_Csv_informe")): Object: 'Object Repository/Modulo Actos Administrativos/Modulo Viáticos/Reporte Entidades Liquidadas/label_Csv_informe' is clicked on

2021-12-17 18:45:26 - [MESSAGE][PASSED] - Object: 'Object Repository/Modulo Actos Administrativos/Modulo Viáticos/Reporte Entidades Liquidadas/label_Csv_informe' is clicked on

2021-12-17 18:45:26 - [TEST_STEP][PASSED] - waitForElementClickable(findTestObject("Modulo Actos Administrativos/Modulo Viáticos/Reporte Entidades Liquidadas/a_Generar_Reporte"), 0): Object 'Object Repository/Modulo Actos Administrativos/Modulo Viáticos/Reporte Entidades Liquidadas/a_Generar_Reporte' is clickable

2021-12-17 18:45:26 - [MESSAGE][WARNING] - Timeout '0' is invalid. Using default page load timeout: '30'

2021-12-17 18:45:26 - [MESSAGE][PASSED] - Object 'Object Repository/Modulo Actos Administrativos/Modulo Viáticos/Reporte Entidades Liquidadas/a_Generar_Reporte' is clickable

2021-12-17 18:45:26 - [TEST_STEP][PASSED] - click(findTestObject("Modulo Actos Administrativos/Modulo Viáticos/Reporte Entidades Liquidadas/a_Generar_Reporte")): Object: 'Object Repository/Modulo Actos Administrativos/Modulo Viáticos/Reporte Entidades Liquidadas/a_Generar_Reporte' is clicked on

2021-12-17 18:45:26 - [MESSAGE][PASSED] - Object: 'Object Repository/Modulo Actos Administrativos/Modulo Viáticos/Reporte Entidades Liquidadas/a_Generar_Reporte' is clicked on

2021-12-17 18:45:26 - [TEST_STEP][FAILED] - click(findTestObject("Modulo Actos Administrativos/Modulo Viáticos/Reporte Entidades Liquidadas/a_Descargar_reporte medicina prepagada colsanitas")): Unable to click on object 'Object Repository/Modulo Actos Administrativos/Modulo Viáticos/Reporte Entidades Liquidadas/a_Descargar_reporte medicina prepagada colsanitas' (Root cause: com.kms.katalon.core.exception.StepFailedException: Unable to click on object 'Object Repository/Modulo Actos Administrativos/Modulo Viáticos/Reporte Entidades Liquidadas/a_Descargar_reporte medicina prepagada colsanitas'
	at com.kms.katalon.core.webui.keyword.internal.WebUIKeywordMain.stepFailed(WebUIKeywordMain.groovy:64)
	at com.kms.katalon.core.webui.keyword.internal.WebUIKeywordMain.runKeyword(WebUIKeywordMain.groovy:26)
	at com.kms.katalon.core.webui.keyword.builtin.ClickKeyword.click(ClickKeyword.groovy:74)
	at com.kms.katalon.core.webui.keyword.builtin.ClickKeyword.execute(ClickKeyword.groovy:40)
	at com.kms.katalon.core.keyword.internal.KeywordExecutor.executeKeywordForPlatform(KeywordExecutor.groovy:74)
	at com.kms.katalon.core.webui.keyword.WebUiBuiltInKeywords.click(WebUiBuiltInKeywords.groovy:620)
	at com.kms.katalon.core.webui.keyword.WebUiBuiltInKeywords$click$5.call(Unknown Source)
	at 1.6.9 Reporte Entidades Liquidadas Viáticos.run(1.6.9 Reporte Entidades Liquidadas Viáticos:78)
	at com.kms.katalon.core.main.ScriptEngine.run(ScriptEngine.java:194)
	at com.kms.katalon.core.main.ScriptEngine.runScriptAsRawText(ScriptEngine.java:119)
	at com.kms.katalon.core.main.TestCaseExecutor.runScript(TestCaseExecutor.java:442)
	at com.kms.katalon.core.main.TestCaseExecutor.doExecute(TestCaseExecutor.java:433)
	at com.kms.katalon.core.main.TestCaseExecutor.processExecutionPhase(TestCaseExecutor.java:412)
	at com.kms.katalon.core.main.TestCaseExecutor.accessMainPhase(TestCaseExecutor.java:404)
	at com.kms.katalon.core.main.TestCaseExecutor.execute(TestCaseExecutor.java:281)
	at com.kms.katalon.core.main.TestSuiteExecutor.accessTestCaseMainPhase(TestSuiteExecutor.java:202)
	at com.kms.katalon.core.main.TestSuiteExecutor.accessTestSuiteMainPhase(TestSuiteExecutor.java:164)
	at com.kms.katalon.core.main.TestSuiteExecutor.execute(TestSuiteExecutor.java:105)
	at com.kms.katalon.core.main.TestCaseMain.startTestSuite(TestCaseMain.java:181)
	at com.kms.katalon.core.main.TestCaseMain$startTestSuite$0.call(Unknown Source)
	at TempTestSuite1639780222929.run(TempTestSuite1639780222929.groovy:36)
Caused by: com.kms.katalon.core.webui.exception.WebElementNotFoundException: Web element with id: 'Object Repository/Modulo Actos Administrativos/Modulo Viáticos/Reporte Entidades Liquidadas/a_Descargar_reporte medicina prepagada colsanitas' located by '//td/table/tbody/tr/td/a' not found
	at com.kms.katalon.core.webui.common.WebUiCommonHelper.findWebElement(WebUiCommonHelper.java:1368)
	at com.kms.katalon.core.webui.keyword.internal.WebUIAbstractKeyword.findWebElement(WebUIAbstractKeyword.groovy:27)
	at com.kms.katalon.core.webui.keyword.builtin.ClickKeyword$_click_closure1.doCall(ClickKeyword.groovy:65)
	at com.kms.katalon.core.webui.keyword.builtin.ClickKeyword$_click_closure1.call(ClickKeyword.groovy)
	at com.kms.katalon.core.webui.keyword.internal.WebUIKeywordMain.runKeyword(WebUIKeywordMain.groovy:20)
	at com.kms.katalon.core.webui.keyword.builtin.ClickKeyword.click(ClickKeyword.groovy:74)
	at com.kms.katalon.core.webui.keyword.builtin.ClickKeyword.execute(ClickKeyword.groovy:40)
	at com.kms.katalon.core.keyword.internal.KeywordExecutor.executeKeywordForPlatform(KeywordExecutor.groovy:74)
	at com.kms.katalon.core.webui.keyword.WebUiBuiltInKeywords.click(WebUiBuiltInKeywords.groovy:620)
	at com.kms.katalon.core.webui.keyword.WebUiBuiltInKeywords$click$5.call(Unknown Source)
	at Script1630009464429.run(Script1630009464429.groovy:78)
	... 13 more
)

2021-12-17 18:45:58 - [MESSAGE][INFO] - Unable to find the element located by 'By.xpath: //td/table/tbody/tr/td/a'. Please recheck the objects properties to make sure the desired element is located. 

2021-12-17 18:45:58 - [MESSAGE][FAILED] - Unable to click on object 'Object Repository/Modulo Actos Administrativos/Modulo Viáticos/Reporte Entidades Liquidadas/a_Descargar_reporte medicina prepagada colsanitas' (Root cause: com.kms.katalon.core.exception.StepFailedException: Unable to click on object 'Object Repository/Modulo Actos Administrativos/Modulo Viáticos/Reporte Entidades Liquidadas/a_Descargar_reporte medicina prepagada colsanitas'
	at com.kms.katalon.core.webui.keyword.internal.WebUIKeywordMain.stepFailed(WebUIKeywordMain.groovy:64)
	at com.kms.katalon.core.webui.keyword.internal.WebUIKeywordMain.runKeyword(WebUIKeywordMain.groovy:26)
	at com.kms.katalon.core.webui.keyword.builtin.ClickKeyword.click(ClickKeyword.groovy:74)
	at com.kms.katalon.core.webui.keyword.builtin.ClickKeyword.execute(ClickKeyword.groovy:40)
	at com.kms.katalon.core.keyword.internal.KeywordExecutor.executeKeywordForPlatform(KeywordExecutor.groovy:74)
	at com.kms.katalon.core.webui.keyword.WebUiBuiltInKeywords.click(WebUiBuiltInKeywords.groovy:620)
	at com.kms.katalon.core.webui.keyword.WebUiBuiltInKeywords$click$5.call(Unknown Source)
	at 1.6.9 Reporte Entidades Liquidadas Viáticos.run(1.6.9 Reporte Entidades Liquidadas Viáticos:78)
	at com.kms.katalon.core.main.ScriptEngine.run(ScriptEngine.java:194)
	at com.kms.katalon.core.main.ScriptEngine.runScriptAsRawText(ScriptEngine.java:119)
	at com.kms.katalon.core.main.TestCaseExecutor.runScript(TestCaseExecutor.java:442)
	at com.kms.katalon.core.main.TestCaseExecutor.doExecute(TestCaseExecutor.java:433)
	at com.kms.katalon.core.main.TestCaseExecutor.processExecutionPhase(TestCaseExecutor.java:412)
	at com.kms.katalon.core.main.TestCaseExecutor.accessMainPhase(TestCaseExecutor.java:404)
	at com.kms.katalon.core.main.TestCaseExecutor.execute(TestCaseExecutor.java:281)
	at com.kms.katalon.core.main.TestSuiteExecutor.accessTestCaseMainPhase(TestSuiteExecutor.java:202)
	at com.kms.katalon.core.main.TestSuiteExecutor.accessTestSuiteMainPhase(TestSuiteExecutor.java:164)
	at com.kms.katalon.core.main.TestSuiteExecutor.execute(TestSuiteExecutor.java:105)
	at com.kms.katalon.core.main.TestCaseMain.startTestSuite(TestCaseMain.java:181)
	at com.kms.katalon.core.main.TestCaseMain$startTestSuite$0.call(Unknown Source)
	at TempTestSuite1639780222929.run(TempTestSuite1639780222929.groovy:36)
Caused by: com.kms.katalon.core.webui.exception.WebElementNotFoundException: Web element with id: 'Object Repository/Modulo Actos Administrativos/Modulo Viáticos/Reporte Entidades Liquidadas/a_Descargar_reporte medicina prepagada colsanitas' located by '//td/table/tbody/tr/td/a' not found
	at com.kms.katalon.core.webui.common.WebUiCommonHelper.findWebElement(WebUiCommonHelper.java:1368)
	at com.kms.katalon.core.webui.keyword.internal.WebUIAbstractKeyword.findWebElement(WebUIAbstractKeyword.groovy:27)
	at com.kms.katalon.core.webui.keyword.builtin.ClickKeyword$_click_closure1.doCall(ClickKeyword.groovy:65)
	at com.kms.katalon.core.webui.keyword.builtin.ClickKeyword$_click_closure1.call(ClickKeyword.groovy)
	at com.kms.katalon.core.webui.keyword.internal.WebUIKeywordMain.runKeyword(WebUIKeywordMain.groovy:20)
	at com.kms.katalon.core.webui.keyword.builtin.ClickKeyword.click(ClickKeyword.groovy:74)
	at com.kms.katalon.core.webui.keyword.builtin.ClickKeyword.execute(ClickKeyword.groovy:40)
	at com.kms.katalon.core.keyword.internal.KeywordExecutor.executeKeywordForPlatform(KeywordExecutor.groovy:74)
	at com.kms.katalon.core.webui.keyword.WebUiBuiltInKeywords.click(WebUiBuiltInKeywords.groovy:620)
	at com.kms.katalon.core.webui.keyword.WebUiBuiltInKeywords$click$5.call(Unknown Source)
	at Script1630009464429.run(Script1630009464429.groovy:78)
	... 13 more
)
[[ATTACHMENT|C:\\Users\\diego.rojas\\git\\Pruebas-Minimas\\Reports\\20211217_173017\\1-Tareas Principales\\20211217_173022\\1639784758082.png]]]]></system-out>
         <system-err><![CDATA[2021-12-17 18:44:31 - [TEST_CASE][FAILED] - Test Cases/1.1-Tareas Principales/1.6.9 Reporte Entidades Liquidadas Viáticos: Test Cases/1.1-Tareas Principales/1.6.9 Reporte Entidades Liquidadas Viáticos FAILED.
Reason:
com.kms.katalon.core.exception.StepFailedException: Unable to click on object 'Object Repository/Modulo Actos Administrativos/Modulo Viáticos/Reporte Entidades Liquidadas/a_Descargar_reporte medicina prepagada colsanitas'
	at com.kms.katalon.core.webui.keyword.internal.WebUIKeywordMain.stepFailed(WebUIKeywordMain.groovy:64)
	at com.kms.katalon.core.webui.keyword.internal.WebUIKeywordMain.runKeyword(WebUIKeywordMain.groovy:26)
	at com.kms.katalon.core.webui.keyword.builtin.ClickKeyword.click(ClickKeyword.groovy:74)
	at com.kms.katalon.core.webui.keyword.builtin.ClickKeyword.execute(ClickKeyword.groovy:40)
	at com.kms.katalon.core.keyword.internal.KeywordExecutor.executeKeywordForPlatform(KeywordExecutor.groovy:74)
	at com.kms.katalon.core.webui.keyword.WebUiBuiltInKeywords.click(WebUiBuiltInKeywords.groovy:620)
	at com.kms.katalon.core.webui.keyword.WebUiBuiltInKeywords$click$5.call(Unknown Source)
	at 1.6.9 Reporte Entidades Liquidadas Viáticos.run(1.6.9 Reporte Entidades Liquidadas Viáticos:78)
	at com.kms.katalon.core.main.ScriptEngine.run(ScriptEngine.java:194)
	at com.kms.katalon.core.main.ScriptEngine.runScriptAsRawText(ScriptEngine.java:119)
	at com.kms.katalon.core.main.TestCaseExecutor.runScript(TestCaseExecutor.java:442)
	at com.kms.katalon.core.main.TestCaseExecutor.doExecute(TestCaseExecutor.java:433)
	at com.kms.katalon.core.main.TestCaseExecutor.processExecutionPhase(TestCaseExecutor.java:412)
	at com.kms.katalon.core.main.TestCaseExecutor.accessMainPhase(TestCaseExecutor.java:404)
	at com.kms.katalon.core.main.TestCaseExecutor.execute(TestCaseExecutor.java:281)
	at com.kms.katalon.core.main.TestSuiteExecutor.accessTestCaseMainPhase(TestSuiteExecutor.java:202)
	at com.kms.katalon.core.main.TestSuiteExecutor.accessTestSuiteMainPhase(TestSuiteExecutor.java:164)
	at com.kms.katalon.core.main.TestSuiteExecutor.execute(TestSuiteExecutor.java:105)
	at com.kms.katalon.core.main.TestCaseMain.startTestSuite(TestCaseMain.java:181)
	at com.kms.katalon.core.main.TestCaseMain$startTestSuite$0.call(Unknown Source)
	at TempTestSuite1639780222929.run(TempTestSuite1639780222929.groovy:36)
Caused by: com.kms.katalon.core.webui.exception.WebElementNotFoundException: Web element with id: 'Object Repository/Modulo Actos Administrativos/Modulo Viáticos/Reporte Entidades Liquidadas/a_Descargar_reporte medicina prepagada colsanitas' located by '//td/table/tbody/tr/td/a' not found
	at com.kms.katalon.core.webui.common.WebUiCommonHelper.findWebElement(WebUiCommonHelper.java:1368)
	at com.kms.katalon.core.webui.keyword.internal.WebUIAbstractKeyword.findWebElement(WebUIAbstractKeyword.groovy:27)
	at com.kms.katalon.core.webui.keyword.builtin.ClickKeyword$_click_closure1.doCall(ClickKeyword.groovy:65)
	at com.kms.katalon.core.webui.keyword.builtin.ClickKeyword$_click_closure1.call(ClickKeyword.groovy)
	at com.kms.katalon.core.webui.keyword.internal.WebUIKeywordMain.runKeyword(WebUIKeywordMain.groovy:20)
	... 19 more]]></system-err>
      </testcase>
      <testcase name="Test Cases/1.1-Tareas Principales/1.7.3 Eliminar Viàtico" time="103.757" classname="Test Cases/1.1-Tareas Principales/1.7.3 Eliminar Viàtico" status="FAILED">
         <failure type="FAILED" message="Test Cases/1.1-Tareas Principales/1.7.3 Eliminar Viàtico FAILED.
Reason:
com.kms.katalon.core.exception.StepFailedException: Unable to click on object 'Object Repository/Modulo Actos Administrativos/Modulo Viáticos/Eliminar Viàticos/a_Eliminar_Otras Entidades'
	at com.kms.katalon.core.webui.keyword.internal.WebUIKeywordMain.stepFailed(WebUIKeywordMain.groovy:64)
	at com.kms.katalon.core.webui.keyword.internal.WebUIKeywordMain.runKeyword(WebUIKeywordMain.groovy:26)
	at com.kms.katalon.core.webui.keyword.builtin.ClickKeyword.click(ClickKeyword.groovy:74)
	at com.kms.katalon.core.webui.keyword.builtin.ClickKeyword.execute(ClickKeyword.groovy:40)
	at com.kms.katalon.core.keyword.internal.KeywordExecutor.executeKeywordForPlatform(KeywordExecutor.groovy:74)
	at com.kms.katalon.core.webui.keyword.WebUiBuiltInKeywords.click(WebUiBuiltInKeywords.groovy:620)
	at com.kms.katalon.core.webui.keyword.WebUiBuiltInKeywords$click$5.call(Unknown Source)
	at 1.7.3 Eliminar Viàtico.run(1.7.3 Eliminar Viàtico:109)
	at com.kms.katalon.core.main.ScriptEngine.run(ScriptEngine.java:194)
	at com.kms.katalon.core.main.ScriptEngine.runScriptAsRawText(ScriptEngine.java:119)
	at com.kms.katalon.core.main.TestCaseExecutor.runScript(TestCaseExecutor.java:442)
	at com.kms.katalon.core.main.TestCaseExecutor.doExecute(TestCaseExecutor.java:433)
	at com.kms.katalon.core.main.TestCaseExecutor.processExecutionPhase(TestCaseExecutor.java:412)
	at com.kms.katalon.core.main.TestCaseExecutor.accessMainPhase(TestCaseExecutor.java:404)
	at com.kms.katalon.core.main.TestCaseExecutor.execute(TestCaseExecutor.java:281)
	at com.kms.katalon.core.main.TestSuiteExecutor.accessTestCaseMainPhase(TestSuiteExecutor.java:202)
	at com.kms.katalon.core.main.TestSuiteExecutor.accessTestSuiteMainPhase(TestSuiteExecutor.java:164)
	at com.kms.katalon.core.main.TestSuiteExecutor.execute(TestSuiteExecutor.java:105)
	at com.kms.katalon.core.main.TestCaseMain.startTestSuite(TestCaseMain.java:181)
	at com.kms.katalon.core.main.TestCaseMain$startTestSuite$0.call(Unknown Source)
	at TempTestSuite1639780222929.run(TempTestSuite1639780222929.groovy:36)
Caused by: com.kms.katalon.core.webui.exception.WebElementNotFoundException: Web element with id: 'Object Repository/Modulo Actos Administrativos/Modulo Viáticos/Eliminar Viàticos/a_Eliminar_Otras Entidades' located by '//div[3]/div/div[2]/table/tbody/tr/td[4]/a' not found
	at com.kms.katalon.core.webui.common.WebUiCommonHelper.findWebElement(WebUiCommonHelper.java:1368)
	at com.kms.katalon.core.webui.keyword.internal.WebUIAbstractKeyword.findWebElement(WebUIAbstractKeyword.groovy:27)
	at com.kms.katalon.core.webui.keyword.builtin.ClickKeyword$_click_closure1.doCall(ClickKeyword.groovy:65)
	at com.kms.katalon.core.webui.keyword.builtin.ClickKeyword$_click_closure1.call(ClickKeyword.groovy)
	at com.kms.katalon.core.webui.keyword.internal.WebUIKeywordMain.runKeyword(WebUIKeywordMain.groovy:20)
	... 19 more
"/>
         <system-out><![CDATA[2021-12-17 18:45:58 - [TEST_CASE][FAILED] - Test Cases/1.1-Tareas Principales/1.7.3 Eliminar Viàtico: Test Cases/1.1-Tareas Principales/1.7.3 Eliminar Viàtico FAILED.
Reason:
com.kms.katalon.core.exception.StepFailedException: Unable to click on object 'Object Repository/Modulo Actos Administrativos/Modulo Viáticos/Eliminar Viàticos/a_Eliminar_Otras Entidades'
	at com.kms.katalon.core.webui.keyword.internal.WebUIKeywordMain.stepFailed(WebUIKeywordMain.groovy:64)
	at com.kms.katalon.core.webui.keyword.internal.WebUIKeywordMain.runKeyword(WebUIKeywordMain.groovy:26)
	at com.kms.katalon.core.webui.keyword.builtin.ClickKeyword.click(ClickKeyword.groovy:74)
	at com.kms.katalon.core.webui.keyword.builtin.ClickKeyword.execute(ClickKeyword.groovy:40)
	at com.kms.katalon.core.keyword.internal.KeywordExecutor.executeKeywordForPlatform(KeywordExecutor.groovy:74)
	at com.kms.katalon.core.webui.keyword.WebUiBuiltInKeywords.click(WebUiBuiltInKeywords.groovy:620)
	at com.kms.katalon.core.webui.keyword.WebUiBuiltInKeywords$click$5.call(Unknown Source)
	at 1.7.3 Eliminar Viàtico.run(1.7.3 Eliminar Viàtico:109)
	at com.kms.katalon.core.main.ScriptEngine.run(ScriptEngine.java:194)
	at com.kms.katalon.core.main.ScriptEngine.runScriptAsRawText(ScriptEngine.java:119)
	at com.kms.katalon.core.main.TestCaseExecutor.runScript(TestCaseExecutor.java:442)
	at com.kms.katalon.core.main.TestCaseExecutor.doExecute(TestCaseExecutor.java:433)
	at com.kms.katalon.core.main.TestCaseExecutor.processExecutionPhase(TestCaseExecutor.java:412)
	at com.kms.katalon.core.main.TestCaseExecutor.accessMainPhase(TestCaseExecutor.java:404)
	at com.kms.katalon.core.main.TestCaseExecutor.execute(TestCaseExecutor.java:281)
	at com.kms.katalon.core.main.TestSuiteExecutor.accessTestCaseMainPhase(TestSuiteExecutor.java:202)
	at com.kms.katalon.core.main.TestSuiteExecutor.accessTestSuiteMainPhase(TestSuiteExecutor.java:164)
	at com.kms.katalon.core.main.TestSuiteExecutor.execute(TestSuiteExecutor.java:105)
	at com.kms.katalon.core.main.TestCaseMain.startTestSuite(TestCaseMain.java:181)
	at com.kms.katalon.core.main.TestCaseMain$startTestSuite$0.call(Unknown Source)
	at TempTestSuite1639780222929.run(TempTestSuite1639780222929.groovy:36)
Caused by: com.kms.katalon.core.webui.exception.WebElementNotFoundException: Web element with id: 'Object Repository/Modulo Actos Administrativos/Modulo Viáticos/Eliminar Viàticos/a_Eliminar_Otras Entidades' located by '//div[3]/div/div[2]/table/tbody/tr/td[4]/a' not found
	at com.kms.katalon.core.webui.common.WebUiCommonHelper.findWebElement(WebUiCommonHelper.java:1368)
	at com.kms.katalon.core.webui.keyword.internal.WebUIAbstractKeyword.findWebElement(WebUIAbstractKeyword.groovy:27)
	at com.kms.katalon.core.webui.keyword.builtin.ClickKeyword$_click_closure1.doCall(ClickKeyword.groovy:65)
	at com.kms.katalon.core.webui.keyword.builtin.ClickKeyword$_click_closure1.call(ClickKeyword.groovy)
	at com.kms.katalon.core.webui.keyword.internal.WebUIKeywordMain.runKeyword(WebUIKeywordMain.groovy:20)
	... 19 more


2021-12-17 18:45:58 - [TEST_STEP][PASSED] - callTestCase(findTestCase("0.1-Login"), [:], STOP_ON_FAILURE): Call Test Case 'Test Cases/0.1-Login' successfully

2021-12-17 18:45:58 - [TEST_CASE][PASSED] - Test Cases/0.1-Login: Test Cases/0.1-Login

2021-12-17 18:45:58 - [TEST_STEP][PASSED] - openBrowser(""): Browser is opened with url: ''

2021-12-17 18:45:58 - [MESSAGE][WARNING] - A browser is already opened. Closing browser and opening a new one

2021-12-17 18:45:59 - [MESSAGE][INFO] - Starting 'Chrome' driver

2021-12-17 18:45:59 - [MESSAGE][INFO] - Action delay is set to 0 milliseconds

2021-12-17 18:46:00 - [MESSAGE][PASSED] - Browser is opened with url: ''

2021-12-17 18:46:00 - [TEST_STEP][PASSED] - maximizeWindow(): Current window maximized

2021-12-17 18:46:00 - [MESSAGE][PASSED] - Current window maximized

2021-12-17 18:46:00 - [TEST_STEP][PASSED] - i = G_Login: null

2021-12-17 18:46:00 - [TEST_STEP][PASSED] - url = new java.net.URL(i): null

2021-12-17 18:46:00 - [TEST_STEP][PASSED] - println("URL: " + url.toString()): null

2021-12-17 18:46:00 - [TEST_STEP][PASSED] - connection = url.openConnection(): null

2021-12-17 18:46:00 - [TEST_STEP][PASSED] - connection.setRequestMethod("GET"): null

2021-12-17 18:46:00 - [TEST_STEP][PASSED] - connection.setReadTimeout(2 * 1000): null

2021-12-17 18:46:00 - [TEST_STEP][PASSED] - try: null

2021-12-17 18:46:00 - [TEST_STEP][PASSED] - connection.connect(): null

2021-12-17 18:46:00 - [TEST_STEP][PASSED] - flag = connected: null

2021-12-17 18:46:00 - [TEST_STEP][PASSED] - println("Valor_ori: " + flag): null

2021-12-17 18:46:00 - [TEST_STEP][PASSED] - if (flag): null

2021-12-17 18:46:00 - [TEST_STEP][PASSED] - navigateToUrl(i): Navigate to 'http://192.168.2.29:7001/saraweb' successfully

2021-12-17 18:46:05 - [MESSAGE][PASSED] - Navigate to 'http://192.168.2.29:7001/saraweb' successfully

2021-12-17 18:46:05 - [TEST_STEP][PASSED] - a(): null

2021-12-17 18:46:05 - [TEST_STEP][PASSED] - setText(findTestObject("Login/input_USUARIO_loginusuario"), G_Usuario): Text 'weblogic' is set on object 'Object Repository/Login/input_USUARIO_loginusuario'

2021-12-17 18:46:06 - [MESSAGE][PASSED] - Text 'weblogic' is set on object 'Object Repository/Login/input_USUARIO_loginusuario'

2021-12-17 18:46:06 - [TEST_STEP][PASSED] - setEncryptedText(findTestObject("Login/input_CLAVE_loginpassword"), "MkG4/TYiCFC3cb2driP7+Q=="): Text ****** has been set on object 'Object Repository/Login/input_CLAVE_loginpassword'

2021-12-17 18:46:06 - [MESSAGE][PASSED] - Text ****** has been set on object 'Object Repository/Login/input_CLAVE_loginpassword'

2021-12-17 18:46:06 - [TEST_STEP][PASSED] - waitForElementClickable(findTestObject("Login/a_Ingresar"), G_TimeOut): Object 'Object Repository/Login/a_Ingresar' is clickable

2021-12-17 18:46:07 - [MESSAGE][PASSED] - Object 'Object Repository/Login/a_Ingresar' is clickable

2021-12-17 18:46:07 - [TEST_STEP][PASSED] - click(findTestObject("Login/a_Ingresar")): Object: 'Object Repository/Login/a_Ingresar' is clicked on

2021-12-17 18:46:15 - [MESSAGE][PASSED] - Object: 'Object Repository/Login/a_Ingresar' is clicked on

2021-12-17 18:46:15 - [TEST_STEP][PASSED] - element = findWebElement(findTestObject("Login/a_Ir"), 30): null

2021-12-17 18:46:16 - [TEST_STEP][PASSED] - executeJavaScript("arguments[0].click()", Arrays.asList(element)): Execute JavaScript 'arguments[0].click()' successfully

2021-12-17 18:46:16 - [MESSAGE][PASSED] - Execute JavaScript 'arguments[0].click()' successfully

2021-12-17 18:46:16 - [MESSAGE][PASSED] - Call Test Case 'Test Cases/0.1-Login' successfully

2021-12-17 18:46:16 - [TEST_STEP][PASSED] - waitForElementClickable(findTestObject("Modulo Actos Administrativos/Modulo Viáticos/Eliminar Viàticos/input_ADMINISTRADOR DEL SISTEMA - SARA_form_templatej_idt24_input"), 0): Object 'Object Repository/Modulo Actos Administrativos/Modulo Viáticos/Eliminar Viàticos/input_ADMINISTRADOR DEL SISTEMA - SARA_form_templatej_idt24_input' is clickable

2021-12-17 18:46:16 - [MESSAGE][WARNING] - Timeout '0' is invalid. Using default page load timeout: '30'

2021-12-17 18:46:24 - [MESSAGE][PASSED] - Object 'Object Repository/Modulo Actos Administrativos/Modulo Viáticos/Eliminar Viàticos/input_ADMINISTRADOR DEL SISTEMA - SARA_form_templatej_idt24_input' is clickable

2021-12-17 18:46:24 - [TEST_STEP][PASSED] - setText(findTestObject("Modulo Actos Administrativos/Modulo Viáticos/Eliminar Viàticos/input_ADMINISTRADOR DEL SISTEMA - SARA_form_templatej_idt24_input"), "Listado de Viaticos"): Text 'Listado de Viaticos' is set on object 'Object Repository/Modulo Actos Administrativos/Modulo Viáticos/Eliminar Viàticos/input_ADMINISTRADOR DEL SISTEMA - SARA_form_templatej_idt24_input'

2021-12-17 18:46:25 - [MESSAGE][PASSED] - Text 'Listado de Viaticos' is set on object 'Object Repository/Modulo Actos Administrativos/Modulo Viáticos/Eliminar Viàticos/input_ADMINISTRADOR DEL SISTEMA - SARA_form_templatej_idt24_input'

2021-12-17 18:46:25 - [TEST_STEP][PASSED] - waitForElementClickable(findTestObject("Modulo Actos Administrativos/Modulo Viáticos/Eliminar Viàticos/li_Listado de Viaticos (act)"), 0): Object 'Object Repository/Modulo Actos Administrativos/Modulo Viáticos/Eliminar Viàticos/li_Listado de Viaticos (act)' is clickable

2021-12-17 18:46:25 - [MESSAGE][WARNING] - Timeout '0' is invalid. Using default page load timeout: '30'

2021-12-17 18:46:26 - [MESSAGE][PASSED] - Object 'Object Repository/Modulo Actos Administrativos/Modulo Viáticos/Eliminar Viàticos/li_Listado de Viaticos (act)' is clickable

2021-12-17 18:46:26 - [TEST_STEP][PASSED] - sendKeys(findTestObject("Modulo Actos Administrativos/Modulo Viáticos/Eliminar Viàticos/input_ADMINISTRADOR DEL SISTEMA - SARA_form_templatej_idt24_input"), Keys.chord(ENTER)): Keys 'ENTER + ' sent to object: 'Object Repository/Modulo Actos Administrativos/Modulo Viáticos/Eliminar Viàticos/input_ADMINISTRADOR DEL SISTEMA - SARA_form_templatej_idt24_input'

2021-12-17 18:46:26 - [MESSAGE][PASSED] - Keys 'ENTER + ' sent to object: 'Object Repository/Modulo Actos Administrativos/Modulo Viáticos/Eliminar Viàticos/input_ADMINISTRADOR DEL SISTEMA - SARA_form_templatej_idt24_input'

2021-12-17 18:46:26 - [TEST_STEP][PASSED] - waitForElementClickable(findTestObject("Modulo Actos Administrativos/Modulo Viáticos/Eliminar Viàticos/select_--Seleccione--AnuladoAutorizadaDerogadaNo AutorizadaProgramadaSolicitado"), 0): Object 'Object Repository/Modulo Actos Administrativos/Modulo Viáticos/Eliminar Viàticos/select_--Seleccione--AnuladoAutorizadaDerogadaNo AutorizadaProgramadaSolicitado' is clickable

2021-12-17 18:46:27 - [MESSAGE][WARNING] - Timeout '0' is invalid. Using default page load timeout: '30'

2021-12-17 18:46:35 - [MESSAGE][PASSED] - Object 'Object Repository/Modulo Actos Administrativos/Modulo Viáticos/Eliminar Viàticos/select_--Seleccione--AnuladoAutorizadaDerogadaNo AutorizadaProgramadaSolicitado' is clickable

2021-12-17 18:46:35 - [TEST_STEP][PASSED] - selectOptionByIndex(findTestObject("Modulo Actos Administrativos/Modulo Viáticos/Eliminar Viàticos/select_--Seleccione--AnuladoAutorizadaDerogadaNo AutorizadaProgramadaSolicitado"), 5): All options with index in [5] are selected on object 'Object Repository/Modulo Actos Administrativos/Modulo Viáticos/Eliminar Viàticos/select_--Seleccione--AnuladoAutorizadaDerogadaNo AutorizadaProgramadaSolicitado'

2021-12-17 18:46:36 - [MESSAGE][PASSED] - All options with index in [5] are selected on object 'Object Repository/Modulo Actos Administrativos/Modulo Viáticos/Eliminar Viàticos/select_--Seleccione--AnuladoAutorizadaDerogadaNo AutorizadaProgramadaSolicitado'

2021-12-17 18:46:36 - [TEST_STEP][PASSED] - click(findTestObject("Modulo Actos Administrativos/Modulo Viáticos/Eliminar Viàticos/a_Nuevo")): Object: 'Object Repository/Modulo Actos Administrativos/Modulo Viáticos/Eliminar Viàticos/a_Nuevo' is clicked on

2021-12-17 18:46:37 - [MESSAGE][PASSED] - Object: 'Object Repository/Modulo Actos Administrativos/Modulo Viáticos/Eliminar Viàticos/a_Nuevo' is clicked on

2021-12-17 18:46:37 - [TEST_STEP][PASSED] - click(findTestObject("Modulo Actos Administrativos/Modulo Viáticos/Eliminar Viàticos/span_Modificar una solicitud de vitico")): Object: 'Object Repository/Modulo Actos Administrativos/Modulo Viáticos/Eliminar Viàticos/span_Modificar una solicitud de vitico' is clicked on

2021-12-17 18:46:38 - [MESSAGE][PASSED] - Object: 'Object Repository/Modulo Actos Administrativos/Modulo Viáticos/Eliminar Viàticos/span_Modificar una solicitud de vitico' is clicked on

2021-12-17 18:46:38 - [TEST_STEP][PASSED] - setText(findTestObject("Modulo Actos Administrativos/Modulo Viáticos/Eliminar Viàticos/input_Documento_form_listadoviaticosfechaViat_input"), "01/07/2021"): Text '01/07/2021' is set on object 'Object Repository/Modulo Actos Administrativos/Modulo Viáticos/Eliminar Viàticos/input_Documento_form_listadoviaticosfechaViat_input'

2021-12-17 18:46:39 - [MESSAGE][PASSED] - Text '01/07/2021' is set on object 'Object Repository/Modulo Actos Administrativos/Modulo Viáticos/Eliminar Viàticos/input_Documento_form_listadoviaticosfechaViat_input'

2021-12-17 18:46:39 - [TEST_STEP][PASSED] - sendKeys(findTestObject("Modulo Actos Administrativos/Modulo Viáticos/Eliminar Viàticos/input_Documento_form_listadoviaticosfechaViat_input"), Keys.chord(ENTER)): Keys 'ENTER + ' sent to object: 'Object Repository/Modulo Actos Administrativos/Modulo Viáticos/Eliminar Viàticos/input_Documento_form_listadoviaticosfechaViat_input'

2021-12-17 18:46:39 - [MESSAGE][PASSED] - Keys 'ENTER + ' sent to object: 'Object Repository/Modulo Actos Administrativos/Modulo Viáticos/Eliminar Viàticos/input_Documento_form_listadoviaticosfechaViat_input'

2021-12-17 18:46:39 - [TEST_STEP][PASSED] - sendKeys(findTestObject("Modulo Actos Administrativos/Modulo Viáticos/Eliminar Viàticos/input_Documento_form_listadoviaticosfechaViat_input"), Keys.chord(ESCAPE)): Keys 'ESCAPE + ' sent to object: 'Object Repository/Modulo Actos Administrativos/Modulo Viáticos/Eliminar Viàticos/input_Documento_form_listadoviaticosfechaViat_input'

2021-12-17 18:46:40 - [MESSAGE][PASSED] - Keys 'ESCAPE + ' sent to object: 'Object Repository/Modulo Actos Administrativos/Modulo Viáticos/Eliminar Viàticos/input_Documento_form_listadoviaticosfechaViat_input'

2021-12-17 18:46:40 - [TEST_STEP][PASSED] - if (waitForElementClickable(findTestObject("Modulo Actos Administrativos/Modulo Viáticos/Eliminar Viàticos/td_01072021"), 1)): null

2021-12-17 18:46:40 - [MESSAGE][PASSED] - Object 'Object Repository/Modulo Actos Administrativos/Modulo Viáticos/Eliminar Viàticos/td_01072021' is clickable

2021-12-17 18:46:40 - [TEST_STEP][PASSED] - click(findTestObject("Modulo Actos Administrativos/Modulo Viáticos/Eliminar Viàticos/td_01072021")): Object: 'Object Repository/Modulo Actos Administrativos/Modulo Viáticos/Eliminar Viàticos/td_01072021' is clicked on

2021-12-17 18:46:41 - [MESSAGE][PASSED] - Object: 'Object Repository/Modulo Actos Administrativos/Modulo Viáticos/Eliminar Viàticos/td_01072021' is clicked on

2021-12-17 18:46:41 - [TEST_STEP][PASSED] - waitForElementClickable(findTestObject("Modulo Actos Administrativos/Modulo Viáticos/Eliminar Viàticos/input_Fecha_form_detalleviaticosFechaNumero_input"), 0): Object 'Object Repository/Modulo Actos Administrativos/Modulo Viáticos/Eliminar Viàticos/input_Fecha_form_detalleviaticosFechaNumero_input' is clickable

2021-12-17 18:46:41 - [MESSAGE][WARNING] - Timeout '0' is invalid. Using default page load timeout: '30'

2021-12-17 18:46:42 - [MESSAGE][PASSED] - Object 'Object Repository/Modulo Actos Administrativos/Modulo Viáticos/Eliminar Viàticos/input_Fecha_form_detalleviaticosFechaNumero_input' is clickable

2021-12-17 18:46:42 - [TEST_STEP][PASSED] - setText(findTestObject("Modulo Actos Administrativos/Modulo Viáticos/Eliminar Viàticos/input_Fecha_form_detalleviaticosFechaNumero_input"), "01/07/2021"): Text '01/07/2021' is set on object 'Object Repository/Modulo Actos Administrativos/Modulo Viáticos/Eliminar Viàticos/input_Fecha_form_detalleviaticosFechaNumero_input'

2021-12-17 18:46:43 - [MESSAGE][PASSED] - Text '01/07/2021' is set on object 'Object Repository/Modulo Actos Administrativos/Modulo Viáticos/Eliminar Viàticos/input_Fecha_form_detalleviaticosFechaNumero_input'

2021-12-17 18:46:43 - [TEST_STEP][PASSED] - setText(findTestObject("Modulo Actos Administrativos/Modulo Viáticos/Eliminar Viàticos/input_Nmero_form_detalleviaticosNumero"), "5"): Text '5' is set on object 'Object Repository/Modulo Actos Administrativos/Modulo Viáticos/Eliminar Viàticos/input_Nmero_form_detalleviaticosNumero'

2021-12-17 18:46:44 - [MESSAGE][PASSED] - Text '5' is set on object 'Object Repository/Modulo Actos Administrativos/Modulo Viáticos/Eliminar Viàticos/input_Nmero_form_detalleviaticosNumero'

2021-12-17 18:46:44 - [TEST_STEP][PASSED] - click(findTestObject("Modulo Actos Administrativos/Modulo Viáticos/Eliminar Viàticos/a_Guardar")): Object: 'Object Repository/Modulo Actos Administrativos/Modulo Viáticos/Eliminar Viàticos/a_Guardar' is clicked on

2021-12-17 18:46:44 - [MESSAGE][PASSED] - Object: 'Object Repository/Modulo Actos Administrativos/Modulo Viáticos/Eliminar Viàticos/a_Guardar' is clicked on

2021-12-17 18:46:44 - [TEST_STEP][PASSED] - click(findTestObject("Modulo Actos Administrativos/Modulo Viáticos/Eliminar Viàticos/a_Complementario")): Object: 'Object Repository/Modulo Actos Administrativos/Modulo Viáticos/Eliminar Viàticos/a_Complementario' is clicked on

2021-12-17 18:46:45 - [MESSAGE][PASSED] - Object: 'Object Repository/Modulo Actos Administrativos/Modulo Viáticos/Eliminar Viàticos/a_Complementario' is clicked on

2021-12-17 18:46:45 - [TEST_STEP][PASSED] - if (waitForElementClickable(findTestObject("Modulo Actos Administrativos/Modulo Viáticos/Eliminar Viàticos/td_QUINTERO 45 EMPLEADO"), 1)): null

2021-12-17 18:46:51 - [MESSAGE][PASSED] - Object 'Object Repository/Modulo Actos Administrativos/Modulo Viáticos/Eliminar Viàticos/td_QUINTERO 45 EMPLEADO' is clickable

2021-12-17 18:46:51 - [TEST_STEP][PASSED] - click(findTestObject("Modulo Actos Administrativos/Modulo Viáticos/Eliminar Viàticos/td_QUINTERO 45 EMPLEADO")): Object: 'Object Repository/Modulo Actos Administrativos/Modulo Viáticos/Eliminar Viàticos/td_QUINTERO 45 EMPLEADO' is clicked on

2021-12-17 18:46:51 - [MESSAGE][PASSED] - Object: 'Object Repository/Modulo Actos Administrativos/Modulo Viáticos/Eliminar Viàticos/td_QUINTERO 45 EMPLEADO' is clicked on

2021-12-17 18:46:51 - [TEST_STEP][PASSED] - click(findTestObject("Modulo Actos Administrativos/Modulo Viáticos/Eliminar Viàticos/a_Eliminar_Complementario")): Object: 'Object Repository/Modulo Actos Administrativos/Modulo Viáticos/Eliminar Viàticos/a_Eliminar_Complementario' is clicked on

2021-12-17 18:46:52 - [MESSAGE][PASSED] - Object: 'Object Repository/Modulo Actos Administrativos/Modulo Viáticos/Eliminar Viàticos/a_Eliminar_Complementario' is clicked on

2021-12-17 18:46:52 - [TEST_STEP][PASSED] - click(findTestObject("Modulo Actos Administrativos/Modulo Viáticos/Eliminar Viàticos/span_Si")): Object: 'Object Repository/Modulo Actos Administrativos/Modulo Viáticos/Eliminar Viàticos/span_Si' is clicked on

2021-12-17 18:46:53 - [MESSAGE][PASSED] - Object: 'Object Repository/Modulo Actos Administrativos/Modulo Viáticos/Eliminar Viàticos/span_Si' is clicked on

2021-12-17 18:46:53 - [TEST_STEP][PASSED] - click(findTestObject("Modulo Actos Administrativos/Modulo Viáticos/Eliminar Viàticos/a_Costos")): Object: 'Object Repository/Modulo Actos Administrativos/Modulo Viáticos/Eliminar Viàticos/a_Costos' is clicked on

2021-12-17 18:46:54 - [MESSAGE][PASSED] - Object: 'Object Repository/Modulo Actos Administrativos/Modulo Viáticos/Eliminar Viàticos/a_Costos' is clicked on

2021-12-17 18:46:54 - [TEST_STEP][PASSED] - if (waitForElementClickable(findTestObject("Modulo Actos Administrativos/Modulo Viáticos/Eliminar Viàticos/td_QUINTERO 5 EMPLEADO"), 1)): null

2021-12-17 18:46:55 - [MESSAGE][PASSED] - Object 'Object Repository/Modulo Actos Administrativos/Modulo Viáticos/Eliminar Viàticos/td_QUINTERO 5 EMPLEADO' is clickable

2021-12-17 18:46:55 - [TEST_STEP][PASSED] - click(findTestObject("Modulo Actos Administrativos/Modulo Viáticos/Eliminar Viàticos/td_QUINTERO 5 EMPLEADO")): Object: 'Object Repository/Modulo Actos Administrativos/Modulo Viáticos/Eliminar Viàticos/td_QUINTERO 5 EMPLEADO' is clicked on

2021-12-17 18:46:55 - [MESSAGE][PASSED] - Object: 'Object Repository/Modulo Actos Administrativos/Modulo Viáticos/Eliminar Viàticos/td_QUINTERO 5 EMPLEADO' is clicked on

2021-12-17 18:46:55 - [TEST_STEP][PASSED] - click(findTestObject("Modulo Actos Administrativos/Modulo Viáticos/Eliminar Viàticos/a_Eliminar")): Object: 'Object Repository/Modulo Actos Administrativos/Modulo Viáticos/Eliminar Viàticos/a_Eliminar' is clicked on

2021-12-17 18:46:56 - [MESSAGE][PASSED] - Object: 'Object Repository/Modulo Actos Administrativos/Modulo Viáticos/Eliminar Viàticos/a_Eliminar' is clicked on

2021-12-17 18:46:56 - [TEST_STEP][PASSED] - click(findTestObject("Modulo Actos Administrativos/Modulo Viáticos/Eliminar Viàticos/a_Programacin")): Object: 'Object Repository/Modulo Actos Administrativos/Modulo Viáticos/Eliminar Viàticos/a_Programacin' is clicked on

2021-12-17 18:46:57 - [MESSAGE][PASSED] - Object: 'Object Repository/Modulo Actos Administrativos/Modulo Viáticos/Eliminar Viàticos/a_Programacin' is clicked on

2021-12-17 18:46:57 - [TEST_STEP][PASSED] - if (waitForElementClickable(findTestObject("Modulo Actos Administrativos/Modulo Viáticos/Eliminar Viàticos/td_5"), 1)): null

2021-12-17 18:46:57 - [MESSAGE][PASSED] - Object 'Object Repository/Modulo Actos Administrativos/Modulo Viáticos/Eliminar Viàticos/td_5' is clickable

2021-12-17 18:46:57 - [TEST_STEP][PASSED] - click(findTestObject("Modulo Actos Administrativos/Modulo Viáticos/Eliminar Viàticos/td_5")): Object: 'Object Repository/Modulo Actos Administrativos/Modulo Viáticos/Eliminar Viàticos/td_5' is clicked on

2021-12-17 18:46:58 - [MESSAGE][PASSED] - Object: 'Object Repository/Modulo Actos Administrativos/Modulo Viáticos/Eliminar Viàticos/td_5' is clicked on

2021-12-17 18:46:58 - [TEST_STEP][PASSED] - waitForElementClickable(findTestObject("Modulo Actos Administrativos/Modulo Viáticos/Eliminar Viàticos/a_Archivo"), 0): Object 'Object Repository/Modulo Actos Administrativos/Modulo Viáticos/Eliminar Viàticos/a_Archivo' is clickable

2021-12-17 18:46:58 - [MESSAGE][WARNING] - Timeout '0' is invalid. Using default page load timeout: '30'

2021-12-17 18:46:59 - [MESSAGE][PASSED] - Object 'Object Repository/Modulo Actos Administrativos/Modulo Viáticos/Eliminar Viàticos/a_Archivo' is clickable

2021-12-17 18:46:59 - [TEST_STEP][PASSED] - click(findTestObject("Modulo Actos Administrativos/Modulo Viáticos/Eliminar Viàticos/a_Archivo")): Object: 'Object Repository/Modulo Actos Administrativos/Modulo Viáticos/Eliminar Viàticos/a_Archivo' is clicked on

2021-12-17 18:46:59 - [MESSAGE][PASSED] - Object: 'Object Repository/Modulo Actos Administrativos/Modulo Viáticos/Eliminar Viàticos/a_Archivo' is clicked on

2021-12-17 18:46:59 - [TEST_STEP][PASSED] - click(findTestObject("Modulo Actos Administrativos/Modulo Viáticos/Eliminar Viàticos/a_Eliminar_ archivo")): Object: 'Object Repository/Modulo Actos Administrativos/Modulo Viáticos/Eliminar Viàticos/a_Eliminar_ archivo' is clicked on

2021-12-17 18:47:00 - [MESSAGE][PASSED] - Object: 'Object Repository/Modulo Actos Administrativos/Modulo Viáticos/Eliminar Viàticos/a_Eliminar_ archivo' is clicked on

2021-12-17 18:47:00 - [TEST_STEP][PASSED] - click(findTestObject("Modulo Actos Administrativos/Modulo Viáticos/Eliminar Viàticos/a_Aceptar")): Object: 'Object Repository/Modulo Actos Administrativos/Modulo Viáticos/Eliminar Viàticos/a_Aceptar' is clicked on

2021-12-17 18:47:09 - [MESSAGE][PASSED] - Object: 'Object Repository/Modulo Actos Administrativos/Modulo Viáticos/Eliminar Viàticos/a_Aceptar' is clicked on

2021-12-17 18:47:09 - [TEST_STEP][PASSED] - waitForElementClickable(findTestObject("Modulo Actos Administrativos/Modulo Viáticos/Eliminar Viàticos/a_Otras Entidades"), 0): Object 'Object Repository/Modulo Actos Administrativos/Modulo Viáticos/Eliminar Viàticos/a_Otras Entidades' is clickable

2021-12-17 18:47:09 - [MESSAGE][WARNING] - Timeout '0' is invalid. Using default page load timeout: '30'

2021-12-17 18:47:10 - [MESSAGE][PASSED] - Object 'Object Repository/Modulo Actos Administrativos/Modulo Viáticos/Eliminar Viàticos/a_Otras Entidades' is clickable

2021-12-17 18:47:10 - [TEST_STEP][PASSED] - click(findTestObject("Modulo Actos Administrativos/Modulo Viáticos/Eliminar Viàticos/a_Otras Entidades")): Object: 'Object Repository/Modulo Actos Administrativos/Modulo Viáticos/Eliminar Viàticos/a_Otras Entidades' is clicked on

2021-12-17 18:47:10 - [MESSAGE][PASSED] - Object: 'Object Repository/Modulo Actos Administrativos/Modulo Viáticos/Eliminar Viàticos/a_Otras Entidades' is clicked on

2021-12-17 18:47:10 - [TEST_STEP][FAILED] - click(findTestObject("Modulo Actos Administrativos/Modulo Viáticos/Eliminar Viàticos/a_Eliminar_Otras Entidades")): Unable to click on object 'Object Repository/Modulo Actos Administrativos/Modulo Viáticos/Eliminar Viàticos/a_Eliminar_Otras Entidades' (Root cause: com.kms.katalon.core.exception.StepFailedException: Unable to click on object 'Object Repository/Modulo Actos Administrativos/Modulo Viáticos/Eliminar Viàticos/a_Eliminar_Otras Entidades'
	at com.kms.katalon.core.webui.keyword.internal.WebUIKeywordMain.stepFailed(WebUIKeywordMain.groovy:64)
	at com.kms.katalon.core.webui.keyword.internal.WebUIKeywordMain.runKeyword(WebUIKeywordMain.groovy:26)
	at com.kms.katalon.core.webui.keyword.builtin.ClickKeyword.click(ClickKeyword.groovy:74)
	at com.kms.katalon.core.webui.keyword.builtin.ClickKeyword.execute(ClickKeyword.groovy:40)
	at com.kms.katalon.core.keyword.internal.KeywordExecutor.executeKeywordForPlatform(KeywordExecutor.groovy:74)
	at com.kms.katalon.core.webui.keyword.WebUiBuiltInKeywords.click(WebUiBuiltInKeywords.groovy:620)
	at com.kms.katalon.core.webui.keyword.WebUiBuiltInKeywords$click$5.call(Unknown Source)
	at 1.7.3 Eliminar Viàtico.run(1.7.3 Eliminar Viàtico:109)
	at com.kms.katalon.core.main.ScriptEngine.run(ScriptEngine.java:194)
	at com.kms.katalon.core.main.ScriptEngine.runScriptAsRawText(ScriptEngine.java:119)
	at com.kms.katalon.core.main.TestCaseExecutor.runScript(TestCaseExecutor.java:442)
	at com.kms.katalon.core.main.TestCaseExecutor.doExecute(TestCaseExecutor.java:433)
	at com.kms.katalon.core.main.TestCaseExecutor.processExecutionPhase(TestCaseExecutor.java:412)
	at com.kms.katalon.core.main.TestCaseExecutor.accessMainPhase(TestCaseExecutor.java:404)
	at com.kms.katalon.core.main.TestCaseExecutor.execute(TestCaseExecutor.java:281)
	at com.kms.katalon.core.main.TestSuiteExecutor.accessTestCaseMainPhase(TestSuiteExecutor.java:202)
	at com.kms.katalon.core.main.TestSuiteExecutor.accessTestSuiteMainPhase(TestSuiteExecutor.java:164)
	at com.kms.katalon.core.main.TestSuiteExecutor.execute(TestSuiteExecutor.java:105)
	at com.kms.katalon.core.main.TestCaseMain.startTestSuite(TestCaseMain.java:181)
	at com.kms.katalon.core.main.TestCaseMain$startTestSuite$0.call(Unknown Source)
	at TempTestSuite1639780222929.run(TempTestSuite1639780222929.groovy:36)
Caused by: com.kms.katalon.core.webui.exception.WebElementNotFoundException: Web element with id: 'Object Repository/Modulo Actos Administrativos/Modulo Viáticos/Eliminar Viàticos/a_Eliminar_Otras Entidades' located by '//div[3]/div/div[2]/table/tbody/tr/td[4]/a' not found
	at com.kms.katalon.core.webui.common.WebUiCommonHelper.findWebElement(WebUiCommonHelper.java:1368)
	at com.kms.katalon.core.webui.keyword.internal.WebUIAbstractKeyword.findWebElement(WebUIAbstractKeyword.groovy:27)
	at com.kms.katalon.core.webui.keyword.builtin.ClickKeyword$_click_closure1.doCall(ClickKeyword.groovy:65)
	at com.kms.katalon.core.webui.keyword.builtin.ClickKeyword$_click_closure1.call(ClickKeyword.groovy)
	at com.kms.katalon.core.webui.keyword.internal.WebUIKeywordMain.runKeyword(WebUIKeywordMain.groovy:20)
	at com.kms.katalon.core.webui.keyword.builtin.ClickKeyword.click(ClickKeyword.groovy:74)
	at com.kms.katalon.core.webui.keyword.builtin.ClickKeyword.execute(ClickKeyword.groovy:40)
	at com.kms.katalon.core.keyword.internal.KeywordExecutor.executeKeywordForPlatform(KeywordExecutor.groovy:74)
	at com.kms.katalon.core.webui.keyword.WebUiBuiltInKeywords.click(WebUiBuiltInKeywords.groovy:620)
	at com.kms.katalon.core.webui.keyword.WebUiBuiltInKeywords$click$5.call(Unknown Source)
	at Script1632762356466.run(Script1632762356466.groovy:109)
	... 13 more
)

2021-12-17 18:47:41 - [MESSAGE][INFO] - Unable to find the element located by 'By.xpath: //div[3]/div/div[2]/table/tbody/tr/td[4]/a'. Please recheck the objects properties to make sure the desired element is located. 

2021-12-17 18:47:41 - [MESSAGE][FAILED] - Unable to click on object 'Object Repository/Modulo Actos Administrativos/Modulo Viáticos/Eliminar Viàticos/a_Eliminar_Otras Entidades' (Root cause: com.kms.katalon.core.exception.StepFailedException: Unable to click on object 'Object Repository/Modulo Actos Administrativos/Modulo Viáticos/Eliminar Viàticos/a_Eliminar_Otras Entidades'
	at com.kms.katalon.core.webui.keyword.internal.WebUIKeywordMain.stepFailed(WebUIKeywordMain.groovy:64)
	at com.kms.katalon.core.webui.keyword.internal.WebUIKeywordMain.runKeyword(WebUIKeywordMain.groovy:26)
	at com.kms.katalon.core.webui.keyword.builtin.ClickKeyword.click(ClickKeyword.groovy:74)
	at com.kms.katalon.core.webui.keyword.builtin.ClickKeyword.execute(ClickKeyword.groovy:40)
	at com.kms.katalon.core.keyword.internal.KeywordExecutor.executeKeywordForPlatform(KeywordExecutor.groovy:74)
	at com.kms.katalon.core.webui.keyword.WebUiBuiltInKeywords.click(WebUiBuiltInKeywords.groovy:620)
	at com.kms.katalon.core.webui.keyword.WebUiBuiltInKeywords$click$5.call(Unknown Source)
	at 1.7.3 Eliminar Viàtico.run(1.7.3 Eliminar Viàtico:109)
	at com.kms.katalon.core.main.ScriptEngine.run(ScriptEngine.java:194)
	at com.kms.katalon.core.main.ScriptEngine.runScriptAsRawText(ScriptEngine.java:119)
	at com.kms.katalon.core.main.TestCaseExecutor.runScript(TestCaseExecutor.java:442)
	at com.kms.katalon.core.main.TestCaseExecutor.doExecute(TestCaseExecutor.java:433)
	at com.kms.katalon.core.main.TestCaseExecutor.processExecutionPhase(TestCaseExecutor.java:412)
	at com.kms.katalon.core.main.TestCaseExecutor.accessMainPhase(TestCaseExecutor.java:404)
	at com.kms.katalon.core.main.TestCaseExecutor.execute(TestCaseExecutor.java:281)
	at com.kms.katalon.core.main.TestSuiteExecutor.accessTestCaseMainPhase(TestSuiteExecutor.java:202)
	at com.kms.katalon.core.main.TestSuiteExecutor.accessTestSuiteMainPhase(TestSuiteExecutor.java:164)
	at com.kms.katalon.core.main.TestSuiteExecutor.execute(TestSuiteExecutor.java:105)
	at com.kms.katalon.core.main.TestCaseMain.startTestSuite(TestCaseMain.java:181)
	at com.kms.katalon.core.main.TestCaseMain$startTestSuite$0.call(Unknown Source)
	at TempTestSuite1639780222929.run(TempTestSuite1639780222929.groovy:36)
Caused by: com.kms.katalon.core.webui.exception.WebElementNotFoundException: Web element with id: 'Object Repository/Modulo Actos Administrativos/Modulo Viáticos/Eliminar Viàticos/a_Eliminar_Otras Entidades' located by '//div[3]/div/div[2]/table/tbody/tr/td[4]/a' not found
	at com.kms.katalon.core.webui.common.WebUiCommonHelper.findWebElement(WebUiCommonHelper.java:1368)
	at com.kms.katalon.core.webui.keyword.internal.WebUIAbstractKeyword.findWebElement(WebUIAbstractKeyword.groovy:27)
	at com.kms.katalon.core.webui.keyword.builtin.ClickKeyword$_click_closure1.doCall(ClickKeyword.groovy:65)
	at com.kms.katalon.core.webui.keyword.builtin.ClickKeyword$_click_closure1.call(ClickKeyword.groovy)
	at com.kms.katalon.core.webui.keyword.internal.WebUIKeywordMain.runKeyword(WebUIKeywordMain.groovy:20)
	at com.kms.katalon.core.webui.keyword.builtin.ClickKeyword.click(ClickKeyword.groovy:74)
	at com.kms.katalon.core.webui.keyword.builtin.ClickKeyword.execute(ClickKeyword.groovy:40)
	at com.kms.katalon.core.keyword.internal.KeywordExecutor.executeKeywordForPlatform(KeywordExecutor.groovy:74)
	at com.kms.katalon.core.webui.keyword.WebUiBuiltInKeywords.click(WebUiBuiltInKeywords.groovy:620)
	at com.kms.katalon.core.webui.keyword.WebUiBuiltInKeywords$click$5.call(Unknown Source)
	at Script1632762356466.run(Script1632762356466.groovy:109)
	... 13 more
)
[[ATTACHMENT|C:\\Users\\diego.rojas\\git\\Pruebas-Minimas\\Reports\\20211217_173017\\1-Tareas Principales\\20211217_173022\\1639784861859.png]]]]></system-out>
         <system-err><![CDATA[2021-12-17 18:45:58 - [TEST_CASE][FAILED] - Test Cases/1.1-Tareas Principales/1.7.3 Eliminar Viàtico: Test Cases/1.1-Tareas Principales/1.7.3 Eliminar Viàtico FAILED.
Reason:
com.kms.katalon.core.exception.StepFailedException: Unable to click on object 'Object Repository/Modulo Actos Administrativos/Modulo Viáticos/Eliminar Viàticos/a_Eliminar_Otras Entidades'
	at com.kms.katalon.core.webui.keyword.internal.WebUIKeywordMain.stepFailed(WebUIKeywordMain.groovy:64)
	at com.kms.katalon.core.webui.keyword.internal.WebUIKeywordMain.runKeyword(WebUIKeywordMain.groovy:26)
	at com.kms.katalon.core.webui.keyword.builtin.ClickKeyword.click(ClickKeyword.groovy:74)
	at com.kms.katalon.core.webui.keyword.builtin.ClickKeyword.execute(ClickKeyword.groovy:40)
	at com.kms.katalon.core.keyword.internal.KeywordExecutor.executeKeywordForPlatform(KeywordExecutor.groovy:74)
	at com.kms.katalon.core.webui.keyword.WebUiBuiltInKeywords.click(WebUiBuiltInKeywords.groovy:620)
	at com.kms.katalon.core.webui.keyword.WebUiBuiltInKeywords$click$5.call(Unknown Source)
	at 1.7.3 Eliminar Viàtico.run(1.7.3 Eliminar Viàtico:109)
	at com.kms.katalon.core.main.ScriptEngine.run(ScriptEngine.java:194)
	at com.kms.katalon.core.main.ScriptEngine.runScriptAsRawText(ScriptEngine.java:119)
	at com.kms.katalon.core.main.TestCaseExecutor.runScript(TestCaseExecutor.java:442)
	at com.kms.katalon.core.main.TestCaseExecutor.doExecute(TestCaseExecutor.java:433)
	at com.kms.katalon.core.main.TestCaseExecutor.processExecutionPhase(TestCaseExecutor.java:412)
	at com.kms.katalon.core.main.TestCaseExecutor.accessMainPhase(TestCaseExecutor.java:404)
	at com.kms.katalon.core.main.TestCaseExecutor.execute(TestCaseExecutor.java:281)
	at com.kms.katalon.core.main.TestSuiteExecutor.accessTestCaseMainPhase(TestSuiteExecutor.java:202)
	at com.kms.katalon.core.main.TestSuiteExecutor.accessTestSuiteMainPhase(TestSuiteExecutor.java:164)
	at com.kms.katalon.core.main.TestSuiteExecutor.execute(TestSuiteExecutor.java:105)
	at com.kms.katalon.core.main.TestCaseMain.startTestSuite(TestCaseMain.java:181)
	at com.kms.katalon.core.main.TestCaseMain$startTestSuite$0.call(Unknown Source)
	at TempTestSuite1639780222929.run(TempTestSuite1639780222929.groovy:36)
Caused by: com.kms.katalon.core.webui.exception.WebElementNotFoundException: Web element with id: 'Object Repository/Modulo Actos Administrativos/Modulo Viáticos/Eliminar Viàticos/a_Eliminar_Otras Entidades' located by '//div[3]/div/div[2]/table/tbody/tr/td[4]/a' not found
	at com.kms.katalon.core.webui.common.WebUiCommonHelper.findWebElement(WebUiCommonHelper.java:1368)
	at com.kms.katalon.core.webui.keyword.internal.WebUIAbstractKeyword.findWebElement(WebUIAbstractKeyword.groovy:27)
	at com.kms.katalon.core.webui.keyword.builtin.ClickKeyword$_click_closure1.doCall(ClickKeyword.groovy:65)
	at com.kms.katalon.core.webui.keyword.builtin.ClickKeyword$_click_closure1.call(ClickKeyword.groovy)
	at com.kms.katalon.core.webui.keyword.internal.WebUIKeywordMain.runKeyword(WebUIKeywordMain.groovy:20)
	... 19 more]]></system-err>
      </testcase>
      <testcase name="Test Cases/1.1-Tareas Principales/Listado hojas de Vida" time="31.105" classname="Test Cases/1.1-Tareas Principales/Listado hojas de Vida" status="PASSED">
         <system-out><![CDATA[2021-12-17 18:47:41 - [TEST_CASE][PASSED] - Test Cases/1.1-Tareas Principales/Listado hojas de Vida: Test Cases/1.1-Tareas Principales/Listado hojas de Vida

2021-12-17 18:47:41 - [TEST_STEP][PASSED] - callTestCase(findTestCase("0.1-Login"), [:], STOP_ON_FAILURE): Call Test Case 'Test Cases/0.1-Login' successfully

2021-12-17 18:47:42 - [TEST_CASE][PASSED] - Test Cases/0.1-Login: Test Cases/0.1-Login

2021-12-17 18:47:42 - [TEST_STEP][PASSED] - openBrowser(""): Browser is opened with url: ''

2021-12-17 18:47:42 - [MESSAGE][WARNING] - A browser is already opened. Closing browser and opening a new one

2021-12-17 18:47:42 - [MESSAGE][INFO] - Starting 'Chrome' driver

2021-12-17 18:47:42 - [MESSAGE][INFO] - Action delay is set to 0 milliseconds

2021-12-17 18:47:44 - [MESSAGE][PASSED] - Browser is opened with url: ''

2021-12-17 18:47:44 - [TEST_STEP][PASSED] - maximizeWindow(): Current window maximized

2021-12-17 18:47:44 - [MESSAGE][PASSED] - Current window maximized

2021-12-17 18:47:44 - [TEST_STEP][PASSED] - i = G_Login: null

2021-12-17 18:47:44 - [TEST_STEP][PASSED] - url = new java.net.URL(i): null

2021-12-17 18:47:44 - [TEST_STEP][PASSED] - println("URL: " + url.toString()): null

2021-12-17 18:47:44 - [TEST_STEP][PASSED] - connection = url.openConnection(): null

2021-12-17 18:47:44 - [TEST_STEP][PASSED] - connection.setRequestMethod("GET"): null

2021-12-17 18:47:44 - [TEST_STEP][PASSED] - connection.setReadTimeout(2 * 1000): null

2021-12-17 18:47:44 - [TEST_STEP][PASSED] - try: null

2021-12-17 18:47:44 - [TEST_STEP][PASSED] - connection.connect(): null

2021-12-17 18:47:44 - [TEST_STEP][PASSED] - flag = connected: null

2021-12-17 18:47:44 - [TEST_STEP][PASSED] - println("Valor_ori: " + flag): null

2021-12-17 18:47:44 - [TEST_STEP][PASSED] - if (flag): null

2021-12-17 18:47:44 - [TEST_STEP][PASSED] - navigateToUrl(i): Navigate to 'http://192.168.2.29:7001/saraweb' successfully

2021-12-17 18:47:49 - [MESSAGE][PASSED] - Navigate to 'http://192.168.2.29:7001/saraweb' successfully

2021-12-17 18:47:49 - [TEST_STEP][PASSED] - a(): null

2021-12-17 18:47:49 - [TEST_STEP][PASSED] - setText(findTestObject("Login/input_USUARIO_loginusuario"), G_Usuario): Text 'weblogic' is set on object 'Object Repository/Login/input_USUARIO_loginusuario'

2021-12-17 18:47:50 - [MESSAGE][PASSED] - Text 'weblogic' is set on object 'Object Repository/Login/input_USUARIO_loginusuario'

2021-12-17 18:47:50 - [TEST_STEP][PASSED] - setEncryptedText(findTestObject("Login/input_CLAVE_loginpassword"), "MkG4/TYiCFC3cb2driP7+Q=="): Text ****** has been set on object 'Object Repository/Login/input_CLAVE_loginpassword'

2021-12-17 18:47:50 - [MESSAGE][PASSED] - Text ****** has been set on object 'Object Repository/Login/input_CLAVE_loginpassword'

2021-12-17 18:47:50 - [TEST_STEP][PASSED] - waitForElementClickable(findTestObject("Login/a_Ingresar"), G_TimeOut): Object 'Object Repository/Login/a_Ingresar' is clickable

2021-12-17 18:47:51 - [MESSAGE][PASSED] - Object 'Object Repository/Login/a_Ingresar' is clickable

2021-12-17 18:47:51 - [TEST_STEP][PASSED] - click(findTestObject("Login/a_Ingresar")): Object: 'Object Repository/Login/a_Ingresar' is clicked on

2021-12-17 18:48:00 - [MESSAGE][PASSED] - Object: 'Object Repository/Login/a_Ingresar' is clicked on

2021-12-17 18:48:00 - [TEST_STEP][PASSED] - element = findWebElement(findTestObject("Login/a_Ir"), 30): null

2021-12-17 18:48:00 - [TEST_STEP][PASSED] - executeJavaScript("arguments[0].click()", Arrays.asList(element)): Execute JavaScript 'arguments[0].click()' successfully

2021-12-17 18:48:00 - [MESSAGE][PASSED] - Execute JavaScript 'arguments[0].click()' successfully

2021-12-17 18:48:00 - [MESSAGE][PASSED] - Call Test Case 'Test Cases/0.1-Login' successfully

2021-12-17 18:48:00 - [TEST_STEP][PASSED] - waitForElementClickable(findTestObject("Modulo Tarea Listado Hojas de Vida/Tareas Listado Hojas de Vida/input_Listado Hojas De Vida_form_templatej_idt24_input"), G_TimeOut): Object 'Object Repository/Modulo Tarea Listado Hojas de Vida/Tareas Listado Hojas de Vida/input_Listado Hojas De Vida_form_templatej_idt24_input' is clickable

2021-12-17 18:48:08 - [MESSAGE][PASSED] - Object 'Object Repository/Modulo Tarea Listado Hojas de Vida/Tareas Listado Hojas de Vida/input_Listado Hojas De Vida_form_templatej_idt24_input' is clickable

2021-12-17 18:48:08 - [TEST_STEP][PASSED] - setText(findTestObject("Modulo Tarea Listado Hojas de Vida/Tareas Listado Hojas de Vida/input_Listado Hojas De Vida_form_templatej_idt24_input"), "Listado Hojas de Vida"): Text 'Listado Hojas de Vida' is set on object 'Object Repository/Modulo Tarea Listado Hojas de Vida/Tareas Listado Hojas de Vida/input_Listado Hojas De Vida_form_templatej_idt24_input'

2021-12-17 18:48:09 - [MESSAGE][PASSED] - Text 'Listado Hojas de Vida' is set on object 'Object Repository/Modulo Tarea Listado Hojas de Vida/Tareas Listado Hojas de Vida/input_Listado Hojas De Vida_form_templatej_idt24_input'

2021-12-17 18:48:09 - [TEST_STEP][PASSED] - delay(3): Delayed 3 second(s)

2021-12-17 18:48:12 - [MESSAGE][PASSED] - Delayed 3 second(s)

2021-12-17 18:48:12 - [TEST_STEP][PASSED] - sendKeys(findTestObject("Modulo Tarea Listado Hojas de Vida/Tareas Listado Hojas de Vida/input_Listado Hojas De Vida_form_templatej_idt24_input"), Keys.chord(ENTER)): Keys 'ENTER + ' sent to object: 'Object Repository/Modulo Tarea Listado Hojas de Vida/Tareas Listado Hojas de Vida/input_Listado Hojas De Vida_form_templatej_idt24_input'

2021-12-17 18:48:13 - [MESSAGE][PASSED] - Keys 'ENTER + ' sent to object: 'Object Repository/Modulo Tarea Listado Hojas de Vida/Tareas Listado Hojas de Vida/input_Listado Hojas De Vida_form_templatej_idt24_input']]></system-out>
         <system-err><![CDATA[]]></system-err>
      </testcase>
      <testcase name="Test Cases/1.1-Tareas Principales/1.7.5 Ejecucion Diseño Reporte" time="58.932" classname="Test Cases/1.1-Tareas Principales/1.7.5 Ejecucion Diseño Reporte" status="PASSED">
         <system-out><![CDATA[2021-12-17 18:48:13 - [TEST_CASE][PASSED] - Test Cases/1.1-Tareas Principales/1.7.5 Ejecucion Diseño Reporte: Test Cases/1.1-Tareas Principales/1.7.5 Ejecucion Diseño Reporte

2021-12-17 18:48:13 - [TEST_STEP][PASSED] - callTestCase(findTestCase("0.1-Login"), [:], STOP_ON_FAILURE): Call Test Case 'Test Cases/0.1-Login' successfully

2021-12-17 18:48:13 - [TEST_CASE][PASSED] - Test Cases/0.1-Login: Test Cases/0.1-Login

2021-12-17 18:48:13 - [TEST_STEP][PASSED] - openBrowser(""): Browser is opened with url: ''

2021-12-17 18:48:13 - [MESSAGE][WARNING] - A browser is already opened. Closing browser and opening a new one

2021-12-17 18:48:14 - [MESSAGE][INFO] - Starting 'Chrome' driver

2021-12-17 18:48:14 - [MESSAGE][INFO] - Action delay is set to 0 milliseconds

2021-12-17 18:48:15 - [MESSAGE][PASSED] - Browser is opened with url: ''

2021-12-17 18:48:15 - [TEST_STEP][PASSED] - maximizeWindow(): Current window maximized

2021-12-17 18:48:15 - [MESSAGE][PASSED] - Current window maximized

2021-12-17 18:48:15 - [TEST_STEP][PASSED] - i = G_Login: null

2021-12-17 18:48:15 - [TEST_STEP][PASSED] - url = new java.net.URL(i): null

2021-12-17 18:48:15 - [TEST_STEP][PASSED] - println("URL: " + url.toString()): null

2021-12-17 18:48:15 - [TEST_STEP][PASSED] - connection = url.openConnection(): null

2021-12-17 18:48:15 - [TEST_STEP][PASSED] - connection.setRequestMethod("GET"): null

2021-12-17 18:48:15 - [TEST_STEP][PASSED] - connection.setReadTimeout(2 * 1000): null

2021-12-17 18:48:15 - [TEST_STEP][PASSED] - try: null

2021-12-17 18:48:15 - [TEST_STEP][PASSED] - connection.connect(): null

2021-12-17 18:48:15 - [TEST_STEP][PASSED] - flag = connected: null

2021-12-17 18:48:15 - [TEST_STEP][PASSED] - println("Valor_ori: " + flag): null

2021-12-17 18:48:15 - [TEST_STEP][PASSED] - if (flag): null

2021-12-17 18:48:15 - [TEST_STEP][PASSED] - navigateToUrl(i): Navigate to 'http://192.168.2.29:7001/saraweb' successfully

2021-12-17 18:48:21 - [MESSAGE][PASSED] - Navigate to 'http://192.168.2.29:7001/saraweb' successfully

2021-12-17 18:48:21 - [TEST_STEP][PASSED] - a(): null

2021-12-17 18:48:21 - [TEST_STEP][PASSED] - setText(findTestObject("Login/input_USUARIO_loginusuario"), G_Usuario): Text 'weblogic' is set on object 'Object Repository/Login/input_USUARIO_loginusuario'

2021-12-17 18:48:22 - [MESSAGE][PASSED] - Text 'weblogic' is set on object 'Object Repository/Login/input_USUARIO_loginusuario'

2021-12-17 18:48:22 - [TEST_STEP][PASSED] - setEncryptedText(findTestObject("Login/input_CLAVE_loginpassword"), "MkG4/TYiCFC3cb2driP7+Q=="): Text ****** has been set on object 'Object Repository/Login/input_CLAVE_loginpassword'

2021-12-17 18:48:22 - [MESSAGE][PASSED] - Text ****** has been set on object 'Object Repository/Login/input_CLAVE_loginpassword'

2021-12-17 18:48:22 - [TEST_STEP][PASSED] - waitForElementClickable(findTestObject("Login/a_Ingresar"), G_TimeOut): Object 'Object Repository/Login/a_Ingresar' is clickable

2021-12-17 18:48:22 - [MESSAGE][PASSED] - Object 'Object Repository/Login/a_Ingresar' is clickable

2021-12-17 18:48:22 - [TEST_STEP][PASSED] - click(findTestObject("Login/a_Ingresar")): Object: 'Object Repository/Login/a_Ingresar' is clicked on

2021-12-17 18:48:36 - [MESSAGE][PASSED] - Object: 'Object Repository/Login/a_Ingresar' is clicked on

2021-12-17 18:48:36 - [TEST_STEP][PASSED] - element = findWebElement(findTestObject("Login/a_Ir"), 30): null

2021-12-17 18:48:37 - [TEST_STEP][PASSED] - executeJavaScript("arguments[0].click()", Arrays.asList(element)): Execute JavaScript 'arguments[0].click()' successfully

2021-12-17 18:48:37 - [MESSAGE][PASSED] - Execute JavaScript 'arguments[0].click()' successfully

2021-12-17 18:48:37 - [MESSAGE][PASSED] - Call Test Case 'Test Cases/0.1-Login' successfully

2021-12-17 18:48:37 - [TEST_STEP][PASSED] - setText(findTestObject("Modulo_Ejecucion_Diseño_Reporte/input_Ejecutar Diseo Reporte_form_templatej_idt24_input"), "Ejecutar Diseño De Reporte"): Text 'Ejecutar Diseño De Reporte' is set on object 'Object Repository/Modulo_Ejecucion_Diseño_Reporte/input_Ejecutar Diseo Reporte_form_templatej_idt24_input'

2021-12-17 18:48:45 - [MESSAGE][PASSED] - Text 'Ejecutar Diseño De Reporte' is set on object 'Object Repository/Modulo_Ejecucion_Diseño_Reporte/input_Ejecutar Diseo Reporte_form_templatej_idt24_input'

2021-12-17 18:48:45 - [TEST_STEP][PASSED] - click(findTestObject("Modulo_Ejecucion_Diseño_Reporte/li_Ejecutar Diseo De Reporte (com)")): Object: 'Object Repository/Modulo_Ejecucion_Diseño_Reporte/li_Ejecutar Diseo De Reporte (com)' is clicked on

2021-12-17 18:48:47 - [MESSAGE][PASSED] - Object: 'Object Repository/Modulo_Ejecucion_Diseño_Reporte/li_Ejecutar Diseo De Reporte (com)' is clicked on

2021-12-17 18:48:47 - [TEST_STEP][PASSED] - click(findTestObject("Modulo_Ejecucion_Diseño_Reporte/td_CAUSACION CESANTIAS (FCORTE)")): Object: 'Object Repository/Modulo_Ejecucion_Diseño_Reporte/td_CAUSACION CESANTIAS (FCORTE)' is clicked on

2021-12-17 18:48:56 - [MESSAGE][PASSED] - Object: 'Object Repository/Modulo_Ejecucion_Diseño_Reporte/td_CAUSACION CESANTIAS (FCORTE)' is clicked on

2021-12-17 18:48:56 - [TEST_STEP][PASSED] - click(findTestObject("Modulo_Ejecucion_Diseño_Reporte/a_Generacin")): Object: 'Object Repository/Modulo_Ejecucion_Diseño_Reporte/a_Generacin' is clicked on

2021-12-17 18:48:57 - [MESSAGE][PASSED] - Object: 'Object Repository/Modulo_Ejecucion_Diseño_Reporte/a_Generacin' is clicked on

2021-12-17 18:48:57 - [TEST_STEP][PASSED] - click(findTestObject("Modulo_Ejecucion_Diseño_Reporte/span_Generar Tabla")): Object: 'Object Repository/Modulo_Ejecucion_Diseño_Reporte/span_Generar Tabla' is clicked on

2021-12-17 18:48:58 - [MESSAGE][PASSED] - Object: 'Object Repository/Modulo_Ejecucion_Diseño_Reporte/span_Generar Tabla' is clicked on

2021-12-17 18:48:58 - [TEST_STEP][PASSED] - click(findTestObject("Modulo_Ejecucion_Diseño_Reporte/a_Si")): Object: 'Object Repository/Modulo_Ejecucion_Diseño_Reporte/a_Si' is clicked on

2021-12-17 18:49:07 - [MESSAGE][PASSED] - Object: 'Object Repository/Modulo_Ejecucion_Diseño_Reporte/a_Si' is clicked on

2021-12-17 18:49:07 - [TEST_STEP][PASSED] - click(findTestObject("Modulo_Ejecucion_Diseño_Reporte/a_Continuar")): Object: 'Object Repository/Modulo_Ejecucion_Diseño_Reporte/a_Continuar' is clicked on

2021-12-17 18:49:08 - [MESSAGE][PASSED] - Object: 'Object Repository/Modulo_Ejecucion_Diseño_Reporte/a_Continuar' is clicked on

2021-12-17 18:49:08 - [TEST_STEP][PASSED] - click(findTestObject("Modulo_Ejecucion_Diseño_Reporte/a_Imprimir")): Object: 'Object Repository/Modulo_Ejecucion_Diseño_Reporte/a_Imprimir' is clicked on

2021-12-17 18:49:09 - [MESSAGE][PASSED] - Object: 'Object Repository/Modulo_Ejecucion_Diseño_Reporte/a_Imprimir' is clicked on

2021-12-17 18:49:09 - [TEST_STEP][PASSED] - click(findTestObject("Modulo_Ejecucion_Diseño_Reporte/label_Xlsdata")): Object: 'Object Repository/Modulo_Ejecucion_Diseño_Reporte/label_Xlsdata' is clicked on

2021-12-17 18:49:10 - [MESSAGE][PASSED] - Object: 'Object Repository/Modulo_Ejecucion_Diseño_Reporte/label_Xlsdata' is clicked on

2021-12-17 18:49:10 - [TEST_STEP][PASSED] - click(findTestObject("Modulo_Ejecucion_Diseño_Reporte/a_Reporte")): Object: 'Object Repository/Modulo_Ejecucion_Diseño_Reporte/a_Reporte' is clicked on

2021-12-17 18:49:11 - [MESSAGE][PASSED] - Object: 'Object Repository/Modulo_Ejecucion_Diseño_Reporte/a_Reporte' is clicked on

2021-12-17 18:49:11 - [TEST_STEP][PASSED] - closeBrowser(): Browser is closed

2021-12-17 18:49:12 - [MESSAGE][PASSED] - Browser is closed]]></system-out>
         <system-err><![CDATA[]]></system-err>
      </testcase>
      <testcase name="Test Cases/1.1-Tareas Principales/1.7.6-Generacion_Interfaz_Contable" time="106.874" classname="Test Cases/1.1-Tareas Principales/1.7.6-Generacion_Interfaz_Contable" status="FAILED">
         <failure type="FAILED" message="Test Cases/1.1-Tareas Principales/1.7.6-Generacion_Interfaz_Contable FAILED.
Reason:
com.kms.katalon.core.exception.StepFailedException: Unable to click on object 'Object Repository/Modulo Tarea Administracion Compensacion/Generacion_Interfaz_Contable/span_Reporte_glyphicons glyphicons-article'
	at com.kms.katalon.core.webui.keyword.internal.WebUIKeywordMain.stepFailed(WebUIKeywordMain.groovy:64)
	at com.kms.katalon.core.webui.keyword.internal.WebUIKeywordMain.runKeyword(WebUIKeywordMain.groovy:26)
	at com.kms.katalon.core.webui.keyword.builtin.ClickKeyword.click(ClickKeyword.groovy:74)
	at com.kms.katalon.core.webui.keyword.builtin.ClickKeyword.execute(ClickKeyword.groovy:40)
	at com.kms.katalon.core.keyword.internal.KeywordExecutor.executeKeywordForPlatform(KeywordExecutor.groovy:74)
	at com.kms.katalon.core.webui.keyword.WebUiBuiltInKeywords.click(WebUiBuiltInKeywords.groovy:620)
	at com.kms.katalon.core.webui.keyword.WebUiBuiltInKeywords$click$5.call(Unknown Source)
	at 1.7.6-Generacion_Interfaz_Contable.run(1.7.6-Generacion_Interfaz_Contable:70)
	at com.kms.katalon.core.main.ScriptEngine.run(ScriptEngine.java:194)
	at com.kms.katalon.core.main.ScriptEngine.runScriptAsRawText(ScriptEngine.java:119)
	at com.kms.katalon.core.main.TestCaseExecutor.runScript(TestCaseExecutor.java:442)
	at com.kms.katalon.core.main.TestCaseExecutor.doExecute(TestCaseExecutor.java:433)
	at com.kms.katalon.core.main.TestCaseExecutor.processExecutionPhase(TestCaseExecutor.java:412)
	at com.kms.katalon.core.main.TestCaseExecutor.accessMainPhase(TestCaseExecutor.java:404)
	at com.kms.katalon.core.main.TestCaseExecutor.execute(TestCaseExecutor.java:281)
	at com.kms.katalon.core.main.TestSuiteExecutor.accessTestCaseMainPhase(TestSuiteExecutor.java:202)
	at com.kms.katalon.core.main.TestSuiteExecutor.accessTestSuiteMainPhase(TestSuiteExecutor.java:164)
	at com.kms.katalon.core.main.TestSuiteExecutor.execute(TestSuiteExecutor.java:105)
	at com.kms.katalon.core.main.TestCaseMain.startTestSuite(TestCaseMain.java:181)
	at com.kms.katalon.core.main.TestCaseMain$startTestSuite$0.call(Unknown Source)
	at TempTestSuite1639780222929.run(TempTestSuite1639780222929.groovy:36)
Caused by: com.kms.katalon.core.webui.exception.WebElementNotFoundException: Web element with id: 'Object Repository/Modulo Tarea Administracion Compensacion/Generacion_Interfaz_Contable/span_Reporte_glyphicons glyphicons-article' located by '//a/div/span' not found
	at com.kms.katalon.core.webui.common.WebUiCommonHelper.findWebElement(WebUiCommonHelper.java:1368)
	at com.kms.katalon.core.webui.keyword.internal.WebUIAbstractKeyword.findWebElement(WebUIAbstractKeyword.groovy:27)
	at com.kms.katalon.core.webui.keyword.builtin.ClickKeyword$_click_closure1.doCall(ClickKeyword.groovy:65)
	at com.kms.katalon.core.webui.keyword.builtin.ClickKeyword$_click_closure1.call(ClickKeyword.groovy)
	at com.kms.katalon.core.webui.keyword.internal.WebUIKeywordMain.runKeyword(WebUIKeywordMain.groovy:20)
	... 19 more
"/>
         <system-out><![CDATA[2021-12-17 18:49:12 - [TEST_CASE][FAILED] - Test Cases/1.1-Tareas Principales/1.7.6-Generacion_Interfaz_Contable: Test Cases/1.1-Tareas Principales/1.7.6-Generacion_Interfaz_Contable FAILED.
Reason:
com.kms.katalon.core.exception.StepFailedException: Unable to click on object 'Object Repository/Modulo Tarea Administracion Compensacion/Generacion_Interfaz_Contable/span_Reporte_glyphicons glyphicons-article'
	at com.kms.katalon.core.webui.keyword.internal.WebUIKeywordMain.stepFailed(WebUIKeywordMain.groovy:64)
	at com.kms.katalon.core.webui.keyword.internal.WebUIKeywordMain.runKeyword(WebUIKeywordMain.groovy:26)
	at com.kms.katalon.core.webui.keyword.builtin.ClickKeyword.click(ClickKeyword.groovy:74)
	at com.kms.katalon.core.webui.keyword.builtin.ClickKeyword.execute(ClickKeyword.groovy:40)
	at com.kms.katalon.core.keyword.internal.KeywordExecutor.executeKeywordForPlatform(KeywordExecutor.groovy:74)
	at com.kms.katalon.core.webui.keyword.WebUiBuiltInKeywords.click(WebUiBuiltInKeywords.groovy:620)
	at com.kms.katalon.core.webui.keyword.WebUiBuiltInKeywords$click$5.call(Unknown Source)
	at 1.7.6-Generacion_Interfaz_Contable.run(1.7.6-Generacion_Interfaz_Contable:70)
	at com.kms.katalon.core.main.ScriptEngine.run(ScriptEngine.java:194)
	at com.kms.katalon.core.main.ScriptEngine.runScriptAsRawText(ScriptEngine.java:119)
	at com.kms.katalon.core.main.TestCaseExecutor.runScript(TestCaseExecutor.java:442)
	at com.kms.katalon.core.main.TestCaseExecutor.doExecute(TestCaseExecutor.java:433)
	at com.kms.katalon.core.main.TestCaseExecutor.processExecutionPhase(TestCaseExecutor.java:412)
	at com.kms.katalon.core.main.TestCaseExecutor.accessMainPhase(TestCaseExecutor.java:404)
	at com.kms.katalon.core.main.TestCaseExecutor.execute(TestCaseExecutor.java:281)
	at com.kms.katalon.core.main.TestSuiteExecutor.accessTestCaseMainPhase(TestSuiteExecutor.java:202)
	at com.kms.katalon.core.main.TestSuiteExecutor.accessTestSuiteMainPhase(TestSuiteExecutor.java:164)
	at com.kms.katalon.core.main.TestSuiteExecutor.execute(TestSuiteExecutor.java:105)
	at com.kms.katalon.core.main.TestCaseMain.startTestSuite(TestCaseMain.java:181)
	at com.kms.katalon.core.main.TestCaseMain$startTestSuite$0.call(Unknown Source)
	at TempTestSuite1639780222929.run(TempTestSuite1639780222929.groovy:36)
Caused by: com.kms.katalon.core.webui.exception.WebElementNotFoundException: Web element with id: 'Object Repository/Modulo Tarea Administracion Compensacion/Generacion_Interfaz_Contable/span_Reporte_glyphicons glyphicons-article' located by '//a/div/span' not found
	at com.kms.katalon.core.webui.common.WebUiCommonHelper.findWebElement(WebUiCommonHelper.java:1368)
	at com.kms.katalon.core.webui.keyword.internal.WebUIAbstractKeyword.findWebElement(WebUIAbstractKeyword.groovy:27)
	at com.kms.katalon.core.webui.keyword.builtin.ClickKeyword$_click_closure1.doCall(ClickKeyword.groovy:65)
	at com.kms.katalon.core.webui.keyword.builtin.ClickKeyword$_click_closure1.call(ClickKeyword.groovy)
	at com.kms.katalon.core.webui.keyword.internal.WebUIKeywordMain.runKeyword(WebUIKeywordMain.groovy:20)
	... 19 more


2021-12-17 18:49:12 - [TEST_STEP][PASSED] - callTestCase(findTestCase("0.1-Login"), [:], STOP_ON_FAILURE): Call Test Case 'Test Cases/0.1-Login' successfully

2021-12-17 18:49:12 - [TEST_CASE][PASSED] - Test Cases/0.1-Login: Test Cases/0.1-Login

2021-12-17 18:49:12 - [TEST_STEP][PASSED] - openBrowser(""): Browser is opened with url: ''

2021-12-17 18:49:12 - [MESSAGE][INFO] - Starting 'Chrome' driver

2021-12-17 18:49:12 - [MESSAGE][INFO] - Action delay is set to 0 milliseconds

2021-12-17 18:49:13 - [MESSAGE][PASSED] - Browser is opened with url: ''

2021-12-17 18:49:13 - [TEST_STEP][PASSED] - maximizeWindow(): Current window maximized

2021-12-17 18:49:13 - [MESSAGE][PASSED] - Current window maximized

2021-12-17 18:49:13 - [TEST_STEP][PASSED] - i = G_Login: null

2021-12-17 18:49:13 - [TEST_STEP][PASSED] - url = new java.net.URL(i): null

2021-12-17 18:49:13 - [TEST_STEP][PASSED] - println("URL: " + url.toString()): null

2021-12-17 18:49:13 - [TEST_STEP][PASSED] - connection = url.openConnection(): null

2021-12-17 18:49:13 - [TEST_STEP][PASSED] - connection.setRequestMethod("GET"): null

2021-12-17 18:49:13 - [TEST_STEP][PASSED] - connection.setReadTimeout(2 * 1000): null

2021-12-17 18:49:13 - [TEST_STEP][PASSED] - try: null

2021-12-17 18:49:13 - [TEST_STEP][PASSED] - connection.connect(): null

2021-12-17 18:49:13 - [TEST_STEP][PASSED] - flag = connected: null

2021-12-17 18:49:13 - [TEST_STEP][PASSED] - println("Valor_ori: " + flag): null

2021-12-17 18:49:13 - [TEST_STEP][PASSED] - if (flag): null

2021-12-17 18:49:13 - [TEST_STEP][PASSED] - navigateToUrl(i): Navigate to 'http://192.168.2.29:7001/saraweb' successfully

2021-12-17 18:49:18 - [MESSAGE][PASSED] - Navigate to 'http://192.168.2.29:7001/saraweb' successfully

2021-12-17 18:49:18 - [TEST_STEP][PASSED] - a(): null

2021-12-17 18:49:18 - [TEST_STEP][PASSED] - setText(findTestObject("Login/input_USUARIO_loginusuario"), G_Usuario): Text 'weblogic' is set on object 'Object Repository/Login/input_USUARIO_loginusuario'

2021-12-17 18:49:19 - [MESSAGE][PASSED] - Text 'weblogic' is set on object 'Object Repository/Login/input_USUARIO_loginusuario'

2021-12-17 18:49:19 - [TEST_STEP][PASSED] - setEncryptedText(findTestObject("Login/input_CLAVE_loginpassword"), "MkG4/TYiCFC3cb2driP7+Q=="): Text ****** has been set on object 'Object Repository/Login/input_CLAVE_loginpassword'

2021-12-17 18:49:20 - [MESSAGE][PASSED] - Text ****** has been set on object 'Object Repository/Login/input_CLAVE_loginpassword'

2021-12-17 18:49:20 - [TEST_STEP][PASSED] - waitForElementClickable(findTestObject("Login/a_Ingresar"), G_TimeOut): Object 'Object Repository/Login/a_Ingresar' is clickable

2021-12-17 18:49:20 - [MESSAGE][PASSED] - Object 'Object Repository/Login/a_Ingresar' is clickable

2021-12-17 18:49:20 - [TEST_STEP][PASSED] - click(findTestObject("Login/a_Ingresar")): Object: 'Object Repository/Login/a_Ingresar' is clicked on

2021-12-17 18:49:29 - [MESSAGE][PASSED] - Object: 'Object Repository/Login/a_Ingresar' is clicked on

2021-12-17 18:49:29 - [TEST_STEP][PASSED] - element = findWebElement(findTestObject("Login/a_Ir"), 30): null

2021-12-17 18:49:29 - [TEST_STEP][PASSED] - executeJavaScript("arguments[0].click()", Arrays.asList(element)): Execute JavaScript 'arguments[0].click()' successfully

2021-12-17 18:49:29 - [MESSAGE][PASSED] - Execute JavaScript 'arguments[0].click()' successfully

2021-12-17 18:49:29 - [MESSAGE][PASSED] - Call Test Case 'Test Cases/0.1-Login' successfully

2021-12-17 18:49:29 - [TEST_STEP][PASSED] - setText(findTestObject("Modulo Tarea Administracion Compensacion/Generacion_Interfaz_Contable/input_Generacion Interfaz_form_templatej_idt24_input"), "Generacion Interfaz"): Text 'Generacion Interfaz' is set on object 'Object Repository/Modulo Tarea Administracion Compensacion/Generacion_Interfaz_Contable/input_Generacion Interfaz_form_templatej_idt24_input'

2021-12-17 18:49:38 - [MESSAGE][PASSED] - Text 'Generacion Interfaz' is set on object 'Object Repository/Modulo Tarea Administracion Compensacion/Generacion_Interfaz_Contable/input_Generacion Interfaz_form_templatej_idt24_input'

2021-12-17 18:49:38 - [TEST_STEP][PASSED] - click(findTestObject("Modulo Tarea Administracion Compensacion/Generacion_Interfaz_Contable/li_Generacion interfaz (com)")): Object: 'Object Repository/Modulo Tarea Administracion Compensacion/Generacion_Interfaz_Contable/li_Generacion interfaz (com)' is clicked on

2021-12-17 18:49:40 - [MESSAGE][PASSED] - Object: 'Object Repository/Modulo Tarea Administracion Compensacion/Generacion_Interfaz_Contable/li_Generacion interfaz (com)' is clicked on

2021-12-17 18:49:40 - [TEST_STEP][PASSED] - click(findTestObject("Modulo Tarea Administracion Compensacion/Generacion_Interfaz_Contable/span_INTERFAZ PROVISIONES")): Object: 'Object Repository/Modulo Tarea Administracion Compensacion/Generacion_Interfaz_Contable/span_INTERFAZ PROVISIONES' is clicked on

2021-12-17 18:49:49 - [MESSAGE][PASSED] - Object: 'Object Repository/Modulo Tarea Administracion Compensacion/Generacion_Interfaz_Contable/span_INTERFAZ PROVISIONES' is clicked on

2021-12-17 18:49:49 - [TEST_STEP][PASSED] - setText(findTestObject("Modulo Tarea Administracion Compensacion/Generacion_Interfaz_Contable/input_Fecha_generacionInterfazfechacomprobante_input"), "01/07/2017"): Text '01/07/2017' is set on object 'Object Repository/Modulo Tarea Administracion Compensacion/Generacion_Interfaz_Contable/input_Fecha_generacionInterfazfechacomprobante_input'

2021-12-17 18:49:50 - [MESSAGE][PASSED] - Text '01/07/2017' is set on object 'Object Repository/Modulo Tarea Administracion Compensacion/Generacion_Interfaz_Contable/input_Fecha_generacionInterfazfechacomprobante_input'

2021-12-17 18:49:50 - [TEST_STEP][PASSED] - click(findTestObject("Modulo Tarea Administracion Compensacion/Generacion_Interfaz_Contable/span_Filtrar")): Object: 'Object Repository/Modulo Tarea Administracion Compensacion/Generacion_Interfaz_Contable/span_Filtrar' is clicked on

2021-12-17 18:49:50 - [MESSAGE][PASSED] - Object: 'Object Repository/Modulo Tarea Administracion Compensacion/Generacion_Interfaz_Contable/span_Filtrar' is clicked on

2021-12-17 18:49:50 - [TEST_STEP][PASSED] - if (waitForElementPresent(findTestObject("Modulo Tarea Administracion Compensacion/Generacion_Interfaz_Contable/span_01072017"), 1)): null

2021-12-17 18:49:51 - [MESSAGE][PASSED] - Object 'Object Repository/Modulo Tarea Administracion Compensacion/Generacion_Interfaz_Contable/span_01072017' is present

2021-12-17 18:49:51 - [TEST_STEP][PASSED] - check(findTestObject("Modulo Tarea Administracion Compensacion/Generacion_Interfaz_Contable/div_-_ui-chkbox-box ui-widget ui-corner-all ui-state-default ui-state-hover0")): Object 'Object Repository/Modulo Tarea Administracion Compensacion/Generacion_Interfaz_Contable/div_-_ui-chkbox-box ui-widget ui-corner-all ui-state-default ui-state-hover0' is checked

2021-12-17 18:49:51 - [MESSAGE][PASSED] - Object 'Object Repository/Modulo Tarea Administracion Compensacion/Generacion_Interfaz_Contable/div_-_ui-chkbox-box ui-widget ui-corner-all ui-state-default ui-state-hover0' is checked

2021-12-17 18:49:51 - [TEST_STEP][PASSED] - click(findTestObject("Modulo Tarea Administracion Compensacion/Generacion_Interfaz_Contable/a_Ver")): Object: 'Object Repository/Modulo Tarea Administracion Compensacion/Generacion_Interfaz_Contable/a_Ver' is clicked on

2021-12-17 18:49:52 - [MESSAGE][PASSED] - Object: 'Object Repository/Modulo Tarea Administracion Compensacion/Generacion_Interfaz_Contable/a_Ver' is clicked on

2021-12-17 18:49:52 - [TEST_STEP][PASSED] - click(findTestObject("Modulo Tarea Administracion Compensacion/Generacion_Interfaz_Contable/a_Reversar")): Object: 'Object Repository/Modulo Tarea Administracion Compensacion/Generacion_Interfaz_Contable/a_Reversar' is clicked on

2021-12-17 18:49:58 - [MESSAGE][PASSED] - Object: 'Object Repository/Modulo Tarea Administracion Compensacion/Generacion_Interfaz_Contable/a_Reversar' is clicked on

2021-12-17 18:49:58 - [TEST_STEP][PASSED] - click(findTestObject("Modulo Tarea Administracion Compensacion/Generacion_Interfaz_Contable/a_Aceptar")): Object: 'Object Repository/Modulo Tarea Administracion Compensacion/Generacion_Interfaz_Contable/a_Aceptar' is clicked on

2021-12-17 18:50:10 - [MESSAGE][PASSED] - Object: 'Object Repository/Modulo Tarea Administracion Compensacion/Generacion_Interfaz_Contable/a_Aceptar' is clicked on

2021-12-17 18:50:10 - [TEST_STEP][PASSED] - waitForElementPresent(findTestObject("Modulo Tarea Administracion Compensacion/Generacion_Interfaz_Contable/a_Generar"), 0): Object 'Object Repository/Modulo Tarea Administracion Compensacion/Generacion_Interfaz_Contable/a_Generar' is present

2021-12-17 18:50:10 - [MESSAGE][WARNING] - Timeout '0' is invalid. Using default page load timeout: '30'

2021-12-17 18:50:10 - [MESSAGE][PASSED] - Object 'Object Repository/Modulo Tarea Administracion Compensacion/Generacion_Interfaz_Contable/a_Generar' is present

2021-12-17 18:50:10 - [TEST_STEP][PASSED] - click(findTestObject("Modulo Tarea Administracion Compensacion/Generacion_Interfaz_Contable/a_Generar")): Object: 'Object Repository/Modulo Tarea Administracion Compensacion/Generacion_Interfaz_Contable/a_Generar' is clicked on

2021-12-17 18:50:10 - [MESSAGE][PASSED] - Object: 'Object Repository/Modulo Tarea Administracion Compensacion/Generacion_Interfaz_Contable/a_Generar' is clicked on

2021-12-17 18:50:10 - [TEST_STEP][PASSED] - selectOptionByIndex(findTestObject("Modulo Tarea Administracion Compensacion/Generacion_Interfaz_Contable/select_NOMINA MENSUALNOMINA QUINCENAL"), 2): All options with index in [2] are selected on object 'Object Repository/Modulo Tarea Administracion Compensacion/Generacion_Interfaz_Contable/select_NOMINA MENSUALNOMINA QUINCENAL'

2021-12-17 18:50:12 - [MESSAGE][PASSED] - All options with index in [2] are selected on object 'Object Repository/Modulo Tarea Administracion Compensacion/Generacion_Interfaz_Contable/select_NOMINA MENSUALNOMINA QUINCENAL'

2021-12-17 18:50:12 - [TEST_STEP][PASSED] - setText(findTestObject("Modulo Tarea Administracion Compensacion/Generacion_Interfaz_Contable/input_Fecha Inicial_popupGeneracionInterfazinicial_input"), "01/07/2017"): Text '01/07/2017' is set on object 'Object Repository/Modulo Tarea Administracion Compensacion/Generacion_Interfaz_Contable/input_Fecha Inicial_popupGeneracionInterfazinicial_input'

2021-12-17 18:50:13 - [MESSAGE][PASSED] - Text '01/07/2017' is set on object 'Object Repository/Modulo Tarea Administracion Compensacion/Generacion_Interfaz_Contable/input_Fecha Inicial_popupGeneracionInterfazinicial_input'

2021-12-17 18:50:13 - [TEST_STEP][PASSED] - setText(findTestObject("Modulo Tarea Administracion Compensacion/Generacion_Interfaz_Contable/input_Fecha Final_popupGeneracionInterfazfinal_input"), "31/07/2017"): Text '31/07/2017' is set on object 'Object Repository/Modulo Tarea Administracion Compensacion/Generacion_Interfaz_Contable/input_Fecha Final_popupGeneracionInterfazfinal_input'

2021-12-17 18:50:14 - [MESSAGE][PASSED] - Text '31/07/2017' is set on object 'Object Repository/Modulo Tarea Administracion Compensacion/Generacion_Interfaz_Contable/input_Fecha Final_popupGeneracionInterfazfinal_input'

2021-12-17 18:50:14 - [TEST_STEP][PASSED] - setText(findTestObject("Modulo Tarea Administracion Compensacion/Generacion_Interfaz_Contable/input_Fecha Proceso_popupGeneracionInterfazfechaProceso_input"), "01/07/2017"): Text '01/07/2017' is set on object 'Object Repository/Modulo Tarea Administracion Compensacion/Generacion_Interfaz_Contable/input_Fecha Proceso_popupGeneracionInterfazfechaProceso_input'

2021-12-17 18:50:15 - [MESSAGE][PASSED] - Text '01/07/2017' is set on object 'Object Repository/Modulo Tarea Administracion Compensacion/Generacion_Interfaz_Contable/input_Fecha Proceso_popupGeneracionInterfazfechaProceso_input'

2021-12-17 18:50:15 - [TEST_STEP][PASSED] - click(findTestObject("Modulo Tarea Administracion Compensacion/Generacion_Interfaz_Contable/span_Generar")): Object: 'Object Repository/Modulo Tarea Administracion Compensacion/Generacion_Interfaz_Contable/span_Generar' is clicked on

2021-12-17 18:50:16 - [MESSAGE][PASSED] - Object: 'Object Repository/Modulo Tarea Administracion Compensacion/Generacion_Interfaz_Contable/span_Generar' is clicked on

2021-12-17 18:50:16 - [TEST_STEP][PASSED] - click(findTestObject("Modulo Tarea Administracion Compensacion/Generacion_Interfaz_Contable/button_Si")): Object: 'Object Repository/Modulo Tarea Administracion Compensacion/Generacion_Interfaz_Contable/button_Si' is clicked on

2021-12-17 18:50:17 - [MESSAGE][PASSED] - Object: 'Object Repository/Modulo Tarea Administracion Compensacion/Generacion_Interfaz_Contable/button_Si' is clicked on

2021-12-17 18:50:17 - [TEST_STEP][PASSED] - click(findTestObject("Modulo Tarea Administracion Compensacion/Generacion_Interfaz_Contable/a_Continuar")): Object: 'Object Repository/Modulo Tarea Administracion Compensacion/Generacion_Interfaz_Contable/a_Continuar' is clicked on

2021-12-17 18:50:26 - [MESSAGE][PASSED] - Object: 'Object Repository/Modulo Tarea Administracion Compensacion/Generacion_Interfaz_Contable/a_Continuar' is clicked on

2021-12-17 18:50:26 - [TEST_STEP][PASSED] - click(findTestObject("Modulo Tarea Administracion Compensacion/Generacion_Interfaz_Contable/a_Exportar")): Object: 'Object Repository/Modulo Tarea Administracion Compensacion/Generacion_Interfaz_Contable/a_Exportar' is clicked on

2021-12-17 18:50:27 - [MESSAGE][PASSED] - Object: 'Object Repository/Modulo Tarea Administracion Compensacion/Generacion_Interfaz_Contable/a_Exportar' is clicked on

2021-12-17 18:50:27 - [TEST_STEP][FAILED] - click(findTestObject("Modulo Tarea Administracion Compensacion/Generacion_Interfaz_Contable/span_Reporte_glyphicons glyphicons-article")): Unable to click on object 'Object Repository/Modulo Tarea Administracion Compensacion/Generacion_Interfaz_Contable/span_Reporte_glyphicons glyphicons-article' (Root cause: com.kms.katalon.core.exception.StepFailedException: Unable to click on object 'Object Repository/Modulo Tarea Administracion Compensacion/Generacion_Interfaz_Contable/span_Reporte_glyphicons glyphicons-article'
	at com.kms.katalon.core.webui.keyword.internal.WebUIKeywordMain.stepFailed(WebUIKeywordMain.groovy:64)
	at com.kms.katalon.core.webui.keyword.internal.WebUIKeywordMain.runKeyword(WebUIKeywordMain.groovy:26)
	at com.kms.katalon.core.webui.keyword.builtin.ClickKeyword.click(ClickKeyword.groovy:74)
	at com.kms.katalon.core.webui.keyword.builtin.ClickKeyword.execute(ClickKeyword.groovy:40)
	at com.kms.katalon.core.keyword.internal.KeywordExecutor.executeKeywordForPlatform(KeywordExecutor.groovy:74)
	at com.kms.katalon.core.webui.keyword.WebUiBuiltInKeywords.click(WebUiBuiltInKeywords.groovy:620)
	at com.kms.katalon.core.webui.keyword.WebUiBuiltInKeywords$click$5.call(Unknown Source)
	at 1.7.6-Generacion_Interfaz_Contable.run(1.7.6-Generacion_Interfaz_Contable:70)
	at com.kms.katalon.core.main.ScriptEngine.run(ScriptEngine.java:194)
	at com.kms.katalon.core.main.ScriptEngine.runScriptAsRawText(ScriptEngine.java:119)
	at com.kms.katalon.core.main.TestCaseExecutor.runScript(TestCaseExecutor.java:442)
	at com.kms.katalon.core.main.TestCaseExecutor.doExecute(TestCaseExecutor.java:433)
	at com.kms.katalon.core.main.TestCaseExecutor.processExecutionPhase(TestCaseExecutor.java:412)
	at com.kms.katalon.core.main.TestCaseExecutor.accessMainPhase(TestCaseExecutor.java:404)
	at com.kms.katalon.core.main.TestCaseExecutor.execute(TestCaseExecutor.java:281)
	at com.kms.katalon.core.main.TestSuiteExecutor.accessTestCaseMainPhase(TestSuiteExecutor.java:202)
	at com.kms.katalon.core.main.TestSuiteExecutor.accessTestSuiteMainPhase(TestSuiteExecutor.java:164)
	at com.kms.katalon.core.main.TestSuiteExecutor.execute(TestSuiteExecutor.java:105)
	at com.kms.katalon.core.main.TestCaseMain.startTestSuite(TestCaseMain.java:181)
	at com.kms.katalon.core.main.TestCaseMain$startTestSuite$0.call(Unknown Source)
	at TempTestSuite1639780222929.run(TempTestSuite1639780222929.groovy:36)
Caused by: com.kms.katalon.core.webui.exception.WebElementNotFoundException: Web element with id: 'Object Repository/Modulo Tarea Administracion Compensacion/Generacion_Interfaz_Contable/span_Reporte_glyphicons glyphicons-article' located by '//a/div/span' not found
	at com.kms.katalon.core.webui.common.WebUiCommonHelper.findWebElement(WebUiCommonHelper.java:1368)
	at com.kms.katalon.core.webui.keyword.internal.WebUIAbstractKeyword.findWebElement(WebUIAbstractKeyword.groovy:27)
	at com.kms.katalon.core.webui.keyword.builtin.ClickKeyword$_click_closure1.doCall(ClickKeyword.groovy:65)
	at com.kms.katalon.core.webui.keyword.builtin.ClickKeyword$_click_closure1.call(ClickKeyword.groovy)
	at com.kms.katalon.core.webui.keyword.internal.WebUIKeywordMain.runKeyword(WebUIKeywordMain.groovy:20)
	at com.kms.katalon.core.webui.keyword.builtin.ClickKeyword.click(ClickKeyword.groovy:74)
	at com.kms.katalon.core.webui.keyword.builtin.ClickKeyword.execute(ClickKeyword.groovy:40)
	at com.kms.katalon.core.keyword.internal.KeywordExecutor.executeKeywordForPlatform(KeywordExecutor.groovy:74)
	at com.kms.katalon.core.webui.keyword.WebUiBuiltInKeywords.click(WebUiBuiltInKeywords.groovy:620)
	at com.kms.katalon.core.webui.keyword.WebUiBuiltInKeywords$click$5.call(Unknown Source)
	at Script1638392170168.run(Script1638392170168.groovy:70)
	... 13 more
)

2021-12-17 18:50:58 - [MESSAGE][INFO] - Unable to find the element located by 'By.xpath: //a/div/span'. Please recheck the objects properties to make sure the desired element is located. 

2021-12-17 18:50:58 - [MESSAGE][FAILED] - Unable to click on object 'Object Repository/Modulo Tarea Administracion Compensacion/Generacion_Interfaz_Contable/span_Reporte_glyphicons glyphicons-article' (Root cause: com.kms.katalon.core.exception.StepFailedException: Unable to click on object 'Object Repository/Modulo Tarea Administracion Compensacion/Generacion_Interfaz_Contable/span_Reporte_glyphicons glyphicons-article'
	at com.kms.katalon.core.webui.keyword.internal.WebUIKeywordMain.stepFailed(WebUIKeywordMain.groovy:64)
	at com.kms.katalon.core.webui.keyword.internal.WebUIKeywordMain.runKeyword(WebUIKeywordMain.groovy:26)
	at com.kms.katalon.core.webui.keyword.builtin.ClickKeyword.click(ClickKeyword.groovy:74)
	at com.kms.katalon.core.webui.keyword.builtin.ClickKeyword.execute(ClickKeyword.groovy:40)
	at com.kms.katalon.core.keyword.internal.KeywordExecutor.executeKeywordForPlatform(KeywordExecutor.groovy:74)
	at com.kms.katalon.core.webui.keyword.WebUiBuiltInKeywords.click(WebUiBuiltInKeywords.groovy:620)
	at com.kms.katalon.core.webui.keyword.WebUiBuiltInKeywords$click$5.call(Unknown Source)
	at 1.7.6-Generacion_Interfaz_Contable.run(1.7.6-Generacion_Interfaz_Contable:70)
	at com.kms.katalon.core.main.ScriptEngine.run(ScriptEngine.java:194)
	at com.kms.katalon.core.main.ScriptEngine.runScriptAsRawText(ScriptEngine.java:119)
	at com.kms.katalon.core.main.TestCaseExecutor.runScript(TestCaseExecutor.java:442)
	at com.kms.katalon.core.main.TestCaseExecutor.doExecute(TestCaseExecutor.java:433)
	at com.kms.katalon.core.main.TestCaseExecutor.processExecutionPhase(TestCaseExecutor.java:412)
	at com.kms.katalon.core.main.TestCaseExecutor.accessMainPhase(TestCaseExecutor.java:404)
	at com.kms.katalon.core.main.TestCaseExecutor.execute(TestCaseExecutor.java:281)
	at com.kms.katalon.core.main.TestSuiteExecutor.accessTestCaseMainPhase(TestSuiteExecutor.java:202)
	at com.kms.katalon.core.main.TestSuiteExecutor.accessTestSuiteMainPhase(TestSuiteExecutor.java:164)
	at com.kms.katalon.core.main.TestSuiteExecutor.execute(TestSuiteExecutor.java:105)
	at com.kms.katalon.core.main.TestCaseMain.startTestSuite(TestCaseMain.java:181)
	at com.kms.katalon.core.main.TestCaseMain$startTestSuite$0.call(Unknown Source)
	at TempTestSuite1639780222929.run(TempTestSuite1639780222929.groovy:36)
Caused by: com.kms.katalon.core.webui.exception.WebElementNotFoundException: Web element with id: 'Object Repository/Modulo Tarea Administracion Compensacion/Generacion_Interfaz_Contable/span_Reporte_glyphicons glyphicons-article' located by '//a/div/span' not found
	at com.kms.katalon.core.webui.common.WebUiCommonHelper.findWebElement(WebUiCommonHelper.java:1368)
	at com.kms.katalon.core.webui.keyword.internal.WebUIAbstractKeyword.findWebElement(WebUIAbstractKeyword.groovy:27)
	at com.kms.katalon.core.webui.keyword.builtin.ClickKeyword$_click_closure1.doCall(ClickKeyword.groovy:65)
	at com.kms.katalon.core.webui.keyword.builtin.ClickKeyword$_click_closure1.call(ClickKeyword.groovy)
	at com.kms.katalon.core.webui.keyword.internal.WebUIKeywordMain.runKeyword(WebUIKeywordMain.groovy:20)
	at com.kms.katalon.core.webui.keyword.builtin.ClickKeyword.click(ClickKeyword.groovy:74)
	at com.kms.katalon.core.webui.keyword.builtin.ClickKeyword.execute(ClickKeyword.groovy:40)
	at com.kms.katalon.core.keyword.internal.KeywordExecutor.executeKeywordForPlatform(KeywordExecutor.groovy:74)
	at com.kms.katalon.core.webui.keyword.WebUiBuiltInKeywords.click(WebUiBuiltInKeywords.groovy:620)
	at com.kms.katalon.core.webui.keyword.WebUiBuiltInKeywords$click$5.call(Unknown Source)
	at Script1638392170168.run(Script1638392170168.groovy:70)
	... 13 more
)
[[ATTACHMENT|C:\\Users\\diego.rojas\\git\\Pruebas-Minimas\\Reports\\20211217_173017\\1-Tareas Principales\\20211217_173022\\1639785058761.png]]]]></system-out>
         <system-err><![CDATA[2021-12-17 18:49:12 - [TEST_CASE][FAILED] - Test Cases/1.1-Tareas Principales/1.7.6-Generacion_Interfaz_Contable: Test Cases/1.1-Tareas Principales/1.7.6-Generacion_Interfaz_Contable FAILED.
Reason:
com.kms.katalon.core.exception.StepFailedException: Unable to click on object 'Object Repository/Modulo Tarea Administracion Compensacion/Generacion_Interfaz_Contable/span_Reporte_glyphicons glyphicons-article'
	at com.kms.katalon.core.webui.keyword.internal.WebUIKeywordMain.stepFailed(WebUIKeywordMain.groovy:64)
	at com.kms.katalon.core.webui.keyword.internal.WebUIKeywordMain.runKeyword(WebUIKeywordMain.groovy:26)
	at com.kms.katalon.core.webui.keyword.builtin.ClickKeyword.click(ClickKeyword.groovy:74)
	at com.kms.katalon.core.webui.keyword.builtin.ClickKeyword.execute(ClickKeyword.groovy:40)
	at com.kms.katalon.core.keyword.internal.KeywordExecutor.executeKeywordForPlatform(KeywordExecutor.groovy:74)
	at com.kms.katalon.core.webui.keyword.WebUiBuiltInKeywords.click(WebUiBuiltInKeywords.groovy:620)
	at com.kms.katalon.core.webui.keyword.WebUiBuiltInKeywords$click$5.call(Unknown Source)
	at 1.7.6-Generacion_Interfaz_Contable.run(1.7.6-Generacion_Interfaz_Contable:70)
	at com.kms.katalon.core.main.ScriptEngine.run(ScriptEngine.java:194)
	at com.kms.katalon.core.main.ScriptEngine.runScriptAsRawText(ScriptEngine.java:119)
	at com.kms.katalon.core.main.TestCaseExecutor.runScript(TestCaseExecutor.java:442)
	at com.kms.katalon.core.main.TestCaseExecutor.doExecute(TestCaseExecutor.java:433)
	at com.kms.katalon.core.main.TestCaseExecutor.processExecutionPhase(TestCaseExecutor.java:412)
	at com.kms.katalon.core.main.TestCaseExecutor.accessMainPhase(TestCaseExecutor.java:404)
	at com.kms.katalon.core.main.TestCaseExecutor.execute(TestCaseExecutor.java:281)
	at com.kms.katalon.core.main.TestSuiteExecutor.accessTestCaseMainPhase(TestSuiteExecutor.java:202)
	at com.kms.katalon.core.main.TestSuiteExecutor.accessTestSuiteMainPhase(TestSuiteExecutor.java:164)
	at com.kms.katalon.core.main.TestSuiteExecutor.execute(TestSuiteExecutor.java:105)
	at com.kms.katalon.core.main.TestCaseMain.startTestSuite(TestCaseMain.java:181)
	at com.kms.katalon.core.main.TestCaseMain$startTestSuite$0.call(Unknown Source)
	at TempTestSuite1639780222929.run(TempTestSuite1639780222929.groovy:36)
Caused by: com.kms.katalon.core.webui.exception.WebElementNotFoundException: Web element with id: 'Object Repository/Modulo Tarea Administracion Compensacion/Generacion_Interfaz_Contable/span_Reporte_glyphicons glyphicons-article' located by '//a/div/span' not found
	at com.kms.katalon.core.webui.common.WebUiCommonHelper.findWebElement(WebUiCommonHelper.java:1368)
	at com.kms.katalon.core.webui.keyword.internal.WebUIAbstractKeyword.findWebElement(WebUIAbstractKeyword.groovy:27)
	at com.kms.katalon.core.webui.keyword.builtin.ClickKeyword$_click_closure1.doCall(ClickKeyword.groovy:65)
	at com.kms.katalon.core.webui.keyword.builtin.ClickKeyword$_click_closure1.call(ClickKeyword.groovy)
	at com.kms.katalon.core.webui.keyword.internal.WebUIKeywordMain.runKeyword(WebUIKeywordMain.groovy:20)
	... 19 more]]></system-err>
      </testcase>
      <system-out><![CDATA[2021-12-17 17:30:30 - [TEST_SUITE][FAILED] - 1-Tareas Principales: Test Cases/1.1-Tareas Principales/1.1.2-Imprimir Hoja de Vida FAILED.
Reason:
com.kms.katalon.core.exception.StepFailedException: Unable to click on object 'Object Repository/Modulo Tarea Listado Hojas de Vida/Imprimir Hoja de Vida/a_Si'
	at com.kms.katalon.core.webui.keyword.internal.WebUIKeywordMain.stepFailed(WebUIKeywordMain.groovy:64)
	at com.kms.katalon.core.webui.keyword.internal.WebUIKeywordMain.runKeyword(WebUIKeywordMain.groovy:26)
	at com.kms.katalon.core.webui.keyword.builtin.ClickKeyword.click(ClickKeyword.groovy:74)
	at com.kms.katalon.core.webui.keyword.builtin.ClickKeyword.execute(ClickKeyword.groovy:40)
	at com.kms.katalon.core.keyword.internal.KeywordExecutor.executeKeywordForPlatform(KeywordExecutor.groovy:74)
	at com.kms.katalon.core.webui.keyword.WebUiBuiltInKeywords.click(WebUiBuiltInKeywords.groovy:620)
	at com.kms.katalon.core.webui.keyword.WebUiBuiltInKeywords$click$5.call(Unknown Source)
	at Listado hojas de Vida.run(Listado hojas de Vida:40)
	at com.kms.katalon.core.main.ScriptEngine.run(ScriptEngine.java:194)
	at com.kms.katalon.core.main.ScriptEngine.runScriptAsRawText(ScriptEngine.java:119)
	at com.kms.katalon.core.main.TestCaseExecutor.runScript(TestCaseExecutor.java:442)
	at com.kms.katalon.core.main.TestCaseExecutor.doExecute(TestCaseExecutor.java:433)
	at com.kms.katalon.core.main.TestCaseExecutor.processExecutionPhase(TestCaseExecutor.java:412)
	at com.kms.katalon.core.main.TestCaseExecutor.accessMainPhase(TestCaseExecutor.java:404)
	at com.kms.katalon.core.main.TestCaseExecutor.execute(TestCaseExecutor.java:281)
	at com.kms.katalon.core.main.TestSuiteExecutor.accessTestCaseMainPhase(TestSuiteExecutor.java:202)
	at com.kms.katalon.core.main.TestSuiteExecutor.accessTestSuiteMainPhase(TestSuiteExecutor.java:164)
	at com.kms.katalon.core.main.TestSuiteExecutor.execute(TestSuiteExecutor.java:105)
	at com.kms.katalon.core.main.TestCaseMain.startTestSuite(TestCaseMain.java:181)
	at com.kms.katalon.core.main.TestCaseMain$startTestSuite$0.call(Unknown Source)
	at TempTestSuite1639780222929.run(TempTestSuite1639780222929.groovy:36)
Caused by: org.openqa.selenium.ElementNotInteractableException: element not interactable
  (Session info: chrome=96.0.4664.110)
Build info: version: '3.141.59', revision: 'e82be7d358', time: '2018-11-14T08:25:53'
System info: host: 'US-AF-000371', ip: '192.168.56.1', os.name: 'Windows 10', os.arch: 'amd64', os.version: '10.0', java.version: '1.8.0_282'
Driver info: com.kms.katalon.selenium.driver.CChromeDriver
Capabilities {acceptInsecureCerts: false, browserName: chrome, browserVersion: 96.0.4664.110, chrome: {chromedriverVersion: 95.0.4638.17 (a9d0719444d4b..., userDataDir: C:\Users\DIEGO~1.ROJ\AppDat...}, goog:chromeOptions: {debuggerAddress: localhost:65384}, javascriptEnabled: true, networkConnectionEnabled: false, pageLoadStrategy: normal, platform: WINDOWS, platformName: WINDOWS, proxy: Proxy(), setWindowRect: true, strictFileInteractability: false, timeouts: {implicit: 0, pageLoad: 300000, script: 30000}, unhandledPromptBehavior: dismiss and notify, webauthn:extension:credBlob: true, webauthn:extension:largeBlob: true, webauthn:virtualAuthenticators: true}
Session ID: e0b6904e9dec8ba646e0d58c883034ee
	at org.openqa.selenium.remote.http.W3CHttpResponseCodec.createException(W3CHttpResponseCodec.java:187)
	at org.openqa.selenium.remote.http.W3CHttpResponseCodec.decode(W3CHttpResponseCodec.java:122)
	at org.openqa.selenium.remote.http.W3CHttpResponseCodec.decode(W3CHttpResponseCodec.java:49)
	at org.openqa.selenium.remote.HttpCommandExecutor.execute(HttpCommandExecutor.java:158)
	at org.openqa.selenium.remote.service.DriverCommandExecutor.execute(DriverCommandExecutor.java:83)
	at org.openqa.selenium.remote.RemoteWebDriver.execute(RemoteWebDriver.java:552)
	at com.kms.katalon.selenium.driver.CChromeDriver.execute(CChromeDriver.java:19)
	at org.openqa.selenium.remote.RemoteWebElement.execute(RemoteWebElement.java:285)
	at org.openqa.selenium.remote.RemoteWebElement.click(RemoteWebElement.java:84)
	at org.openqa.selenium.support.events.EventFiringWebDriver$EventFiringWebElement.lambda$new$0(EventFiringWebDriver.java:404)
	at com.sun.proxy.$Proxy11.click(Unknown Source)
	at org.openqa.selenium.support.events.EventFiringWebDriver$EventFiringWebElement.click(EventFiringWebDriver.java:417)
	at org.openqa.selenium.WebElement$click$0.call(Unknown Source)
	at com.kms.katalon.core.webui.keyword.builtin.ClickKeyword.clickUntilSuccessWithTimeout(ClickKeyword.groovy:81)
	at com.kms.katalon.core.webui.keyword.builtin.ClickKeyword.clickUntilSuccessWithTimeout(ClickKeyword.groovy)
	at com.kms.katalon.core.webui.keyword.builtin.ClickKeyword$_click_closure1.doCall(ClickKeyword.groovy:67)
	at com.kms.katalon.core.webui.keyword.builtin.ClickKeyword$_click_closure1.call(ClickKeyword.groovy)
	at com.kms.katalon.core.webui.keyword.internal.WebUIKeywordMain.runKeyword(WebUIKeywordMain.groovy:20)
	... 19 more]]></system-out>
      <system-err><![CDATA[2021-12-17 17:30:30 - [TEST_SUITE][FAILED] - 1-Tareas Principales: Test Cases/1.1-Tareas Principales/1.1.2-Imprimir Hoja de Vida FAILED.
Reason:
com.kms.katalon.core.exception.StepFailedException: Unable to click on object 'Object Repository/Modulo Tarea Listado Hojas de Vida/Imprimir Hoja de Vida/a_Si'
	at com.kms.katalon.core.webui.keyword.internal.WebUIKeywordMain.stepFailed(WebUIKeywordMain.groovy:64)
	at com.kms.katalon.core.webui.keyword.internal.WebUIKeywordMain.runKeyword(WebUIKeywordMain.groovy:26)
	at com.kms.katalon.core.webui.keyword.builtin.ClickKeyword.click(ClickKeyword.groovy:74)
	at com.kms.katalon.core.webui.keyword.builtin.ClickKeyword.execute(ClickKeyword.groovy:40)
	at com.kms.katalon.core.keyword.internal.KeywordExecutor.executeKeywordForPlatform(KeywordExecutor.groovy:74)
	at com.kms.katalon.core.webui.keyword.WebUiBuiltInKeywords.click(WebUiBuiltInKeywords.groovy:620)
	at com.kms.katalon.core.webui.keyword.WebUiBuiltInKeywords$click$5.call(Unknown Source)
	at Listado hojas de Vida.run(Listado hojas de Vida:40)
	at com.kms.katalon.core.main.ScriptEngine.run(ScriptEngine.java:194)
	at com.kms.katalon.core.main.ScriptEngine.runScriptAsRawText(ScriptEngine.java:119)
	at com.kms.katalon.core.main.TestCaseExecutor.runScript(TestCaseExecutor.java:442)
	at com.kms.katalon.core.main.TestCaseExecutor.doExecute(TestCaseExecutor.java:433)
	at com.kms.katalon.core.main.TestCaseExecutor.processExecutionPhase(TestCaseExecutor.java:412)
	at com.kms.katalon.core.main.TestCaseExecutor.accessMainPhase(TestCaseExecutor.java:404)
	at com.kms.katalon.core.main.TestCaseExecutor.execute(TestCaseExecutor.java:281)
	at com.kms.katalon.core.main.TestSuiteExecutor.accessTestCaseMainPhase(TestSuiteExecutor.java:202)
	at com.kms.katalon.core.main.TestSuiteExecutor.accessTestSuiteMainPhase(TestSuiteExecutor.java:164)
	at com.kms.katalon.core.main.TestSuiteExecutor.execute(TestSuiteExecutor.java:105)
	at com.kms.katalon.core.main.TestCaseMain.startTestSuite(TestCaseMain.java:181)
	at com.kms.katalon.core.main.TestCaseMain$startTestSuite$0.call(Unknown Source)
	at TempTestSuite1639780222929.run(TempTestSuite1639780222929.groovy:36)
Caused by: org.openqa.selenium.ElementNotInteractableException: element not interactable
  (Session info: chrome=96.0.4664.110)
Build info: version: '3.141.59', revision: 'e82be7d358', time: '2018-11-14T08:25:53'
System info: host: 'US-AF-000371', ip: '192.168.56.1', os.name: 'Windows 10', os.arch: 'amd64', os.version: '10.0', java.version: '1.8.0_282'
Driver info: com.kms.katalon.selenium.driver.CChromeDriver
Capabilities {acceptInsecureCerts: false, browserName: chrome, browserVersion: 96.0.4664.110, chrome: {chromedriverVersion: 95.0.4638.17 (a9d0719444d4b..., userDataDir: C:\Users\DIEGO~1.ROJ\AppDat...}, goog:chromeOptions: {debuggerAddress: localhost:65384}, javascriptEnabled: true, networkConnectionEnabled: false, pageLoadStrategy: normal, platform: WINDOWS, platformName: WINDOWS, proxy: Proxy(), setWindowRect: true, strictFileInteractability: false, timeouts: {implicit: 0, pageLoad: 300000, script: 30000}, unhandledPromptBehavior: dismiss and notify, webauthn:extension:credBlob: true, webauthn:extension:largeBlob: true, webauthn:virtualAuthenticators: true}
Session ID: e0b6904e9dec8ba646e0d58c883034ee
	at org.openqa.selenium.remote.http.W3CHttpResponseCodec.createException(W3CHttpResponseCodec.java:187)
	at org.openqa.selenium.remote.http.W3CHttpResponseCodec.decode(W3CHttpResponseCodec.java:122)
	at org.openqa.selenium.remote.http.W3CHttpResponseCodec.decode(W3CHttpResponseCodec.java:49)
	at org.openqa.selenium.remote.HttpCommandExecutor.execute(HttpCommandExecutor.java:158)
	at org.openqa.selenium.remote.service.DriverCommandExecutor.execute(DriverCommandExecutor.java:83)
	at org.openqa.selenium.remote.RemoteWebDriver.execute(RemoteWebDriver.java:552)
	at com.kms.katalon.selenium.driver.CChromeDriver.execute(CChromeDriver.java:19)
	at org.openqa.selenium.remote.RemoteWebElement.execute(RemoteWebElement.java:285)
	at org.openqa.selenium.remote.RemoteWebElement.click(RemoteWebElement.java:84)
	at org.openqa.selenium.support.events.EventFiringWebDriver$EventFiringWebElement.lambda$new$0(EventFiringWebDriver.java:404)
	at com.sun.proxy.$Proxy11.click(Unknown Source)
	at org.openqa.selenium.support.events.EventFiringWebDriver$EventFiringWebElement.click(EventFiringWebDriver.java:417)
	at org.openqa.selenium.WebElement$click$0.call(Unknown Source)
	at com.kms.katalon.core.webui.keyword.builtin.ClickKeyword.clickUntilSuccessWithTimeout(ClickKeyword.groovy:81)
	at com.kms.katalon.core.webui.keyword.builtin.ClickKeyword.clickUntilSuccessWithTimeout(ClickKeyword.groovy)
	at com.kms.katalon.core.webui.keyword.builtin.ClickKeyword$_click_closure1.doCall(ClickKeyword.groovy:67)
	at com.kms.katalon.core.webui.keyword.builtin.ClickKeyword$_click_closure1.call(ClickKeyword.groovy)
	at com.kms.katalon.core.webui.keyword.internal.WebUIKeywordMain.runKeyword(WebUIKeywordMain.groovy:20)
	... 19 more]]></system-err>
   </testsuite>
</testsuites>
