<?xml version="1.0" encoding="UTF-8"?>
<testsuites name="02" time="24" tests="1" failures="0" errors="0">
   <testsuite name="02" tests="1" failures="0" errors="0" time="24" timestamp="2019-02-01 17:05:07" hostname="jhojan.pachon - calidad-03" id="Test Suites/02">
      <properties>
         <property name="deviceName" value=""/>
         <property name="devicePlatform" value=""/>
         <property name="logFolder" value="C:\\Users\\jhojan.pachon\\Documents\\Pruebas Minimas\\Reports\\02\\20190201_170505"/>
         <property name="logFiles" value="C:\\Users\\jhojan.pachon\\Documents\\Pruebas Minimas\\Reports\\02\\20190201_170505\\execution0.log"/>
         <property name="attachments" value=""/>
         <property name="hostName" value="jhojan.pachon - calidad-03"/>
         <property name="os" value="Windows 10 64bit"/>
         <property name="katalonVersion" value="5.10.1.1"/>
         <property name="browser" value="Chrome 71.0.3578.98"/>
         <property name="hostAddress" value="192.168.2.88"/>
         <property name="sessionId" value="51bf372bf9f8901bf1b5b804d312fbbb"/>
         <property name="seleniumVersion" value="3.7.1"/>
         <property name="proxyInformation" value="ProxyInformation{proxyOption=NO_PROXY, proxyServerType=HTTP, password=, proxyServerAddress=, proxyServerPort=0}"/>
         <property name="platform" value="Windows 10"/>
      </properties>
      <testcase name="Test Cases/1.1-Tareas Principales/1.1.2-Imprimir Hoja de Vida" classname="Test Cases/1.1-Tareas Principales/1.1.2-Imprimir Hoja de Vida" status="PASSED">
         <system-out><![CDATA[2019-02-01 17:05:07 - [TEST_CASE][PASSED] - Test Cases/1.1-Tareas Principales/1.1.2-Imprimir Hoja de Vida: Test Cases/1.1-Tareas Principales/1.1.2-Imprimir Hoja de Vida

2019-02-01 17:05:08 - [TEST_STEP][PASSED] - callTestCase(findTestCase("1.1-Tareas Principales/Listado hojas de Vida"), [:], STOP_ON_FAILURE): Call Test Case 'Test Cases/1.1-Tareas Principales/Listado hojas de Vida' successfully

2019-02-01 17:05:08 - [TEST_CASE][PASSED] - Test Cases/1.1-Tareas Principales/Listado hojas de Vida: Test Cases/1.1-Tareas Principales/Listado hojas de Vida

2019-02-01 17:05:08 - [TEST_STEP][PASSED] - callTestCase(findTestCase("Modulos/Modulo Hoja de Vida"), [:], STOP_ON_FAILURE): Call Test Case 'Test Cases/Modulos/Modulo Hoja de Vida' successfully

2019-02-01 17:05:08 - [TEST_CASE][PASSED] - Test Cases/Modulos/Modulo Hoja de Vida: Test Cases/Modulos/Modulo Hoja de Vida

2019-02-01 17:05:08 - [TEST_STEP][PASSED] - callTestCase(findTestCase("0.1-Login"), [:], STOP_ON_FAILURE): Call Test Case 'Test Cases/0.1-Login' successfully

2019-02-01 17:05:08 - [TEST_CASE][PASSED] - Test Cases/0.1-Login: Test Cases/0.1-Login

2019-02-01 17:05:08 - [TEST_STEP][PASSED] - openBrowser(""): Browser is opened with url: ''

2019-02-01 17:05:08 - [MESSAGE][INFO] - Starting 'Chrome' driver

2019-02-01 17:05:08 - [MESSAGE][INFO] - Action delay is set to 0 seconds

2019-02-01 17:05:11 - [MESSAGE][PASSED] - Browser is opened with url: ''

2019-02-01 17:05:11 - [TEST_STEP][PASSED] - lst = ["http://localhost:8080/saraweb/webcommon/acceso.jsf", "http://192.168.2.38:8080/saraweb/webcommon/acceso.jsf"]: null

2019-02-01 17:05:11 - [TEST_STEP][PASSED] - for (String i : lst): null

2019-02-01 17:05:11 - [TEST_STEP][PASSED] - url = new java.net.URL(i): null

2019-02-01 17:05:11 - [TEST_STEP][PASSED] - println("URL: " + url.toString()): null

2019-02-01 17:05:11 - [TEST_STEP][PASSED] - connection = url.openConnection(): null

2019-02-01 17:05:11 - [TEST_STEP][PASSED] - connection.setRequestMethod("GET"): null

2019-02-01 17:05:11 - [TEST_STEP][PASSED] - connection.setReadTimeout(2 * 1000): null

2019-02-01 17:05:11 - [TEST_STEP][PASSED] - try: null

2019-02-01 17:05:11 - [TEST_STEP][PASSED] - connection.connect(): null

2019-02-01 17:05:11 - [TEST_STEP][PASSED] - flag = connected: null

2019-02-01 17:05:11 - [TEST_STEP][PASSED] - println("Valor_ori: " + flag): null

2019-02-01 17:05:11 - [TEST_STEP][PASSED] - if (flag): null

2019-02-01 17:05:11 - [TEST_STEP][PASSED] - navigateToUrl(i): Navigate to 'http://localhost:8080/saraweb/webcommon/acceso.jsf' successfully

2019-02-01 17:05:14 - [MESSAGE][PASSED] - Navigate to 'http://localhost:8080/saraweb/webcommon/acceso.jsf' successfully

2019-02-01 17:05:14 - [TEST_STEP][PASSED] - a(): null

2019-02-01 17:05:14 - [TEST_STEP][PASSED] - setText(findTestObject("Login/input_USUARIO_loginusuario"), "saraadmin"): Text 'saraadmin' is set on object 'Object Repository/Login/input_USUARIO_loginusuario'

2019-02-01 17:05:14 - [MESSAGE][PASSED] - Text 'saraadmin' is set on object 'Object Repository/Login/input_USUARIO_loginusuario'

2019-02-01 17:05:14 - [TEST_STEP][PASSED] - setEncryptedText(findTestObject("Login/input_CLAVE_loginpassword"), "MkG4/TYiCFC3cb2driP7+Q=="): Text ****** has been set on object 'Object Repository/Login/input_CLAVE_loginpassword'

2019-02-01 17:05:14 - [MESSAGE][PASSED] - Text ****** has been set on object 'Object Repository/Login/input_CLAVE_loginpassword'

2019-02-01 17:05:14 - [TEST_STEP][PASSED] - delay(2): Delayed 2 second(s)

2019-02-01 17:05:16 - [MESSAGE][PASSED] - Delayed 2 second(s)

2019-02-01 17:05:16 - [TEST_STEP][PASSED] - click(findTestObject("Login/span_Ingresar")): null

2019-02-01 17:05:16 - [MESSAGE][PASSED] - Object: 'Object Repository/Login/span_Ingresar' is clicked on

2019-02-01 17:05:16 - [TEST_STEP][PASSED] - break: null

2019-02-01 17:05:16 - [MESSAGE][PASSED] - Call Test Case 'Test Cases/0.1-Login' successfully

2019-02-01 17:05:16 - [TEST_STEP][PASSED] - delay(3): Delayed 3 second(s)

2019-02-01 17:05:19 - [MESSAGE][PASSED] - Delayed 3 second(s)

2019-02-01 17:05:19 - [TEST_STEP][PASSED] - click(findTestObject("Modulo Hoja de Vida/span_Hoja de Vida")): Object: 'Object Repository/Modulo Hoja de Vida/span_Hoja de Vida' is clicked on

2019-02-01 17:05:19 - [MESSAGE][PASSED] - Object: 'Object Repository/Modulo Hoja de Vida/span_Hoja de Vida' is clicked on

2019-02-01 17:05:19 - [TEST_STEP][PASSED] - callTestCase(findTestCase("Roles de Inicio/Empresa1_CompensacionDS_Administrador"), [:], STOP_ON_FAILURE): Call Test Case 'Test Cases/Roles de Inicio/Empresa1_CompensacionDS_Administrador' successfully

2019-02-01 17:05:19 - [TEST_CASE][PASSED] - Test Cases/Roles de Inicio/Empresa1_CompensacionDS_Administrador: Test Cases/Roles de Inicio/Empresa1_CompensacionDS_Administrador

2019-02-01 17:05:20 - [TEST_STEP][PASSED] - click(findTestObject("Rol_CompensacionDS_Admin/span_SaraDS_Jboss (Compensacio")): Object: 'Object Repository/Rol_CompensacionDS_Admin/span_SaraDS_Jboss (Compensacio' is clicked on

2019-02-01 17:05:20 - [MESSAGE][PASSED] - Object: 'Object Repository/Rol_CompensacionDS_Admin/span_SaraDS_Jboss (Compensacio' is clicked on

2019-02-01 17:05:20 - [MESSAGE][PASSED] - Call Test Case 'Test Cases/Roles de Inicio/Empresa1_CompensacionDS_Administrador' successfully

2019-02-01 17:05:20 - [MESSAGE][PASSED] - Call Test Case 'Test Cases/Modulos/Modulo Hoja de Vida' successfully

2019-02-01 17:05:20 - [TEST_STEP][PASSED] - delay(2): Delayed 2 second(s)

2019-02-01 17:05:22 - [MESSAGE][PASSED] - Delayed 2 second(s)

2019-02-01 17:05:22 - [TEST_STEP][PASSED] - click(findTestObject("Modulo Tarea Listado Hojas de Vida/Tareas Listado Hojas de Vida/div_Salir_navMenu")): Object: 'Object Repository/Modulo Tarea Listado Hojas de Vida/Tareas Listado Hojas de Vida/div_Salir_navMenu' is clicked on

2019-02-01 17:05:22 - [MESSAGE][PASSED] - Object: 'Object Repository/Modulo Tarea Listado Hojas de Vida/Tareas Listado Hojas de Vida/div_Salir_navMenu' is clicked on

2019-02-01 17:05:22 - [TEST_STEP][PASSED] - setText(findTestObject("Modulo Tarea Listado Hojas de Vida/Tareas Listado Hojas de Vida/input_Ir_nav_t66_input"), "Listado Hojas de Vida"): Text 'Listado Hojas de Vida' is set on object 'Object Repository/Modulo Tarea Listado Hojas de Vida/Tareas Listado Hojas de Vida/input_Ir_nav_t66_input'

2019-02-01 17:05:22 - [MESSAGE][PASSED] - Text 'Listado Hojas de Vida' is set on object 'Object Repository/Modulo Tarea Listado Hojas de Vida/Tareas Listado Hojas de Vida/input_Ir_nav_t66_input'

2019-02-01 17:05:22 - [TEST_STEP][PASSED] - delay(2): Delayed 2 second(s)

2019-02-01 17:05:24 - [MESSAGE][PASSED] - Delayed 2 second(s)

2019-02-01 17:05:24 - [TEST_STEP][PASSED] - sendKeys(findTestObject("Modulo Tarea Listado Hojas de Vida/Tareas Listado Hojas de Vida/input_Ir_nav_t66_input"), Keys.chord(ENTER)): Keys 'ENTER + ' sent to object: 'Object Repository/Modulo Tarea Listado Hojas de Vida/Tareas Listado Hojas de Vida/input_Ir_nav_t66_input'

2019-02-01 17:05:24 - [MESSAGE][PASSED] - Keys 'ENTER + ' sent to object: 'Object Repository/Modulo Tarea Listado Hojas de Vida/Tareas Listado Hojas de Vida/input_Ir_nav_t66_input'

2019-02-01 17:05:24 - [MESSAGE][PASSED] - Call Test Case 'Test Cases/1.1-Tareas Principales/Listado hojas de Vida' successfully

2019-02-01 17:05:24 - [TEST_STEP][PASSED] - delay(2): Delayed 2 second(s)

2019-02-01 17:05:26 - [MESSAGE][PASSED] - Delayed 2 second(s)

2019-02-01 17:05:26 - [TEST_STEP][PASSED] - setText(findTestObject("Modulo Tarea Listado Hojas de Vida/Imprimir Hoja de Vida/input_Identificacin_listado_ho"), "354968431354"): Text '354968431354' is set on object 'Object Repository/Modulo Tarea Listado Hojas de Vida/Imprimir Hoja de Vida/input_Identificacin_listado_ho'

2019-02-01 17:05:26 - [MESSAGE][PASSED] - Text '354968431354' is set on object 'Object Repository/Modulo Tarea Listado Hojas de Vida/Imprimir Hoja de Vida/input_Identificacin_listado_ho'

2019-02-01 17:05:26 - [TEST_STEP][PASSED] - sendKeys(findTestObject("Modulo Tarea Listado Hojas de Vida/Imprimir Hoja de Vida/input_Identificacin_listado_ho"), Keys.chord(ENTER)): Keys 'ENTER + ' sent to object: 'Object Repository/Modulo Tarea Listado Hojas de Vida/Imprimir Hoja de Vida/input_Identificacin_listado_ho'

2019-02-01 17:05:26 - [MESSAGE][PASSED] - Keys 'ENTER + ' sent to object: 'Object Repository/Modulo Tarea Listado Hojas de Vida/Imprimir Hoja de Vida/input_Identificacin_listado_ho'

2019-02-01 17:05:26 - [TEST_STEP][PASSED] - click(findTestObject("Modulo Tarea Listado Hojas de Vida/Imprimir Hoja de Vida/span_354968431354")): Object: 'Object Repository/Modulo Tarea Listado Hojas de Vida/Imprimir Hoja de Vida/span_354968431354' is clicked on

2019-02-01 17:05:27 - [MESSAGE][PASSED] - Object: 'Object Repository/Modulo Tarea Listado Hojas de Vida/Imprimir Hoja de Vida/span_354968431354' is clicked on

2019-02-01 17:05:27 - [TEST_STEP][PASSED] - click(findTestObject("Modulo Tarea Listado Hojas de Vida/Imprimir Hoja de Vida/span_Imprimir")): Object: 'Object Repository/Modulo Tarea Listado Hojas de Vida/Imprimir Hoja de Vida/span_Imprimir' is clicked on

2019-02-01 17:05:28 - [MESSAGE][PASSED] - Object: 'Object Repository/Modulo Tarea Listado Hojas de Vida/Imprimir Hoja de Vida/span_Imprimir' is clicked on

2019-02-01 17:05:28 - [TEST_STEP][PASSED] - click(findTestObject("Modulo Tarea Listado Hojas de Vida/Imprimir Hoja de Vida/a_Si")): Object: 'Object Repository/Modulo Tarea Listado Hojas de Vida/Imprimir Hoja de Vida/a_Si' is clicked on

2019-02-01 17:05:31 - [MESSAGE][PASSED] - Object: 'Object Repository/Modulo Tarea Listado Hojas de Vida/Imprimir Hoja de Vida/a_Si' is clicked on]]></system-out>
         <system-err><![CDATA[]]></system-err>
      </testcase>
      <system-out><![CDATA[2019-02-01 17:05:07 - [TEST_SUITE][PASSED] - 02: Test Cases/1.1-Tareas Principales/1.1.2-Imprimir Hoja de Vida]]></system-out>
      <system-err><![CDATA[]]></system-err>
   </testsuite>
</testsuites>
