<?xml version="1.0" encoding="UTF-8"?>
<testsuites name="7-Pruebas_Vinculación" time="165.379" tests="7" failures="0" errors="0">
   <testsuite name="7-Pruebas_Vinculación" tests="7" failures="0" errors="0" time="165.379" skipped="0" timestamp="2022-03-08 14:34:57" hostname="diego.rojas - US-AF-000371" id="Test Suites/7-Pruebas_Vinculación">
      <properties>
         <property name="deviceName" value=""/>
         <property name="devicePlatform" value=""/>
         <property name="logFolder" value="C:\\Users\\diego.rojas\\git\\Pruebas-Minimas\\Reports\\20220308_142515\\7-Pruebas_Vinculaci\u00F3n\\20220308_142553"/>
         <property name="logFiles" value="C:\\Users\\diego.rojas\\git\\Pruebas-Minimas\\Reports\\20220308_142515\\7-Pruebas_Vinculaci\u00F3n\\20220308_142553\\execution0.log"/>
         <property name="attachments" value=""/>
         <property name="hostName" value="diego.rojas - US-AF-000371"/>
         <property name="os" value="Windows 10 64bit"/>
         <property name="katalonVersion" value="8.2.5.208"/>
         <property name="browser" value="Chrome 98.0.4758.102"/>
         <property name="hostAddress" value="192.168.56.1"/>
         <property name="sessionId" value="c6bcf51a2ca99c7e9ddf059e182594ea"/>
         <property name="seleniumVersion" value="3.141.59"/>
         <property name="proxyInformation" value="ProxyInformation { proxyOption=NO_PROXY, proxyServerType=HTTP, username=, password=********, proxyServerAddress=, proxyServerPort=0, executionList=&quot;&quot;, isApplyToDesiredCapabilities=true }"/>
         <property name="platform" value="Windows 10"/>
      </properties>
      <testcase name="Test Cases/7.1-Pruebas_Vinculación/7.1.1-Crear_un_tipo_Documento" time="23.865" classname="Test Cases/7.1-Pruebas_Vinculación/7.1.1-Crear_un_tipo_Documento" status="PASSED">
         <system-out><![CDATA[2022-03-08 14:34:58 - [TEST_CASE][PASSED] - Test Cases/7.1-Pruebas_Vinculación/7.1.1-Crear_un_tipo_Documento: Test Cases/7.1-Pruebas_Vinculación/7.1.1-Crear_un_tipo_Documento

2022-03-08 14:34:58 - [TEST_STEP][PASSED] - callTestCase(findTestCase("0.1-Login"), [:], STOP_ON_FAILURE): Call Test Case 'Test Cases/0.1-Login' successfully

2022-03-08 14:34:59 - [TEST_CASE][PASSED] - Test Cases/0.1-Login: Test Cases/0.1-Login

2022-03-08 14:34:59 - [TEST_STEP][PASSED] - openBrowser(""): Browser is opened with url: ''

2022-03-08 14:35:00 - [MESSAGE][INFO] - Starting 'Chrome' driver

2022-03-08 14:35:00 - [MESSAGE][INFO] - Action delay is set to 0 milliseconds

2022-03-08 14:35:02 - [MESSAGE][PASSED] - Browser is opened with url: ''

2022-03-08 14:35:02 - [TEST_STEP][PASSED] - maximizeWindow(): Current window maximized

2022-03-08 14:35:02 - [MESSAGE][PASSED] - Current window maximized

2022-03-08 14:35:02 - [TEST_STEP][PASSED] - i = G_Login: null

2022-03-08 14:35:02 - [TEST_STEP][PASSED] - url = new java.net.URL(i): null

2022-03-08 14:35:02 - [TEST_STEP][PASSED] - println("URL: " + url.toString()): null

2022-03-08 14:35:03 - [TEST_STEP][PASSED] - connection = url.openConnection(): null

2022-03-08 14:35:03 - [TEST_STEP][PASSED] - connection.setRequestMethod("GET"): null

2022-03-08 14:35:03 - [TEST_STEP][PASSED] - connection.setReadTimeout(2 * 1000): null

2022-03-08 14:35:03 - [TEST_STEP][PASSED] - try: null

2022-03-08 14:35:03 - [TEST_STEP][PASSED] - connection.connect(): null

2022-03-08 14:35:03 - [TEST_STEP][PASSED] - flag = connected: null

2022-03-08 14:35:03 - [TEST_STEP][PASSED] - println("Valor_ori: " + flag): null

2022-03-08 14:35:03 - [TEST_STEP][PASSED] - if (flag): null

2022-03-08 14:35:03 - [TEST_STEP][PASSED] - navigateToUrl(i): Navigate to 'http://192.168.2.80:8380/saraweb' successfully

2022-03-08 14:35:03 - [MESSAGE][PASSED] - Navigate to 'http://192.168.2.80:8380/saraweb' successfully

2022-03-08 14:35:03 - [TEST_STEP][PASSED] - a(): null

2022-03-08 14:35:03 - [TEST_STEP][PASSED] - setText(findTestObject("Login/input_USUARIO_loginusuario"), G_Usuario): Text 'saraadmin' is set on object 'Object Repository/Login/input_USUARIO_loginusuario'

2022-03-08 14:35:04 - [MESSAGE][PASSED] - Text 'saraadmin' is set on object 'Object Repository/Login/input_USUARIO_loginusuario'

2022-03-08 14:35:04 - [TEST_STEP][PASSED] - setEncryptedText(findTestObject("Login/input_CLAVE_loginpassword"), "MkG4/TYiCFC3cb2driP7+Q=="): Text ****** has been set on object 'Object Repository/Login/input_CLAVE_loginpassword'

2022-03-08 14:35:04 - [MESSAGE][PASSED] - Text ****** has been set on object 'Object Repository/Login/input_CLAVE_loginpassword'

2022-03-08 14:35:04 - [TEST_STEP][PASSED] - waitForElementClickable(findTestObject("Login/a_Ingresar"), G_TimeOut): Object 'Object Repository/Login/a_Ingresar' is clickable

2022-03-08 14:35:05 - [MESSAGE][PASSED] - Object 'Object Repository/Login/a_Ingresar' is clickable

2022-03-08 14:35:05 - [TEST_STEP][PASSED] - click(findTestObject("Login/a_Ingresar")): Object: 'Object Repository/Login/a_Ingresar' is clicked on

2022-03-08 14:35:07 - [MESSAGE][PASSED] - Object: 'Object Repository/Login/a_Ingresar' is clicked on

2022-03-08 14:35:07 - [TEST_STEP][PASSED] - element = findWebElement(findTestObject("Login/a_Ir"), 30): null

2022-03-08 14:35:07 - [TEST_STEP][PASSED] - executeJavaScript("arguments[0].click()", Arrays.asList(element)): Execute JavaScript 'arguments[0].click()' successfully

2022-03-08 14:35:08 - [MESSAGE][PASSED] - Execute JavaScript 'arguments[0].click()' successfully

2022-03-08 14:35:08 - [MESSAGE][PASSED] - Call Test Case 'Test Cases/0.1-Login' successfully

2022-03-08 14:35:08 - [TEST_STEP][PASSED] - setText(findTestObject("Modulo Pruebas Vinculación/Crear_un_tipo_Documento/input_Empresa 1_form_templatej_idt24_input"), "parametros contratacion"): Text 'parametros contratacion' is set on object 'Object Repository/Modulo Pruebas Vinculación/Crear_un_tipo_Documento/input_Empresa 1_form_templatej_idt24_input'

2022-03-08 14:35:09 - [MESSAGE][PASSED] - Text 'parametros contratacion' is set on object 'Object Repository/Modulo Pruebas Vinculación/Crear_un_tipo_Documento/input_Empresa 1_form_templatej_idt24_input'

2022-03-08 14:35:09 - [TEST_STEP][PASSED] - click(findTestObject("Modulo Pruebas Vinculación/Crear_un_tipo_Documento/span_Parametros Contratacion")): Object: 'Object Repository/Modulo Pruebas Vinculación/Crear_un_tipo_Documento/span_Parametros Contratacion' is clicked on

2022-03-08 14:35:10 - [MESSAGE][PASSED] - Object: 'Object Repository/Modulo Pruebas Vinculación/Crear_un_tipo_Documento/span_Parametros Contratacion' is clicked on

2022-03-08 14:35:10 - [TEST_STEP][PASSED] - click(findTestObject("Modulo Pruebas Vinculación/Crear_un_tipo_Documento/a_Tipo  Documento")): Object: 'Object Repository/Modulo Pruebas Vinculación/Crear_un_tipo_Documento/a_Tipo  Documento' is clicked on

2022-03-08 14:35:11 - [MESSAGE][PASSED] - Object: 'Object Repository/Modulo Pruebas Vinculación/Crear_un_tipo_Documento/a_Tipo  Documento' is clicked on

2022-03-08 14:35:11 - [TEST_STEP][PASSED] - setText(findTestObject("Modulo Pruebas Vinculación/Crear_un_Momento/input_Parmetros_form_tipodocumentofiltroTipoHoja"), "pruebas katalon"): Text 'pruebas katalon' is set on object 'Object Repository/Modulo Pruebas Vinculación/Crear_un_Momento/input_Parmetros_form_tipodocumentofiltroTipoHoja'

2022-03-08 14:35:12 - [MESSAGE][PASSED] - Text 'pruebas katalon' is set on object 'Object Repository/Modulo Pruebas Vinculación/Crear_un_Momento/input_Parmetros_form_tipodocumentofiltroTipoHoja'

2022-03-08 14:35:12 - [TEST_STEP][PASSED] - sendKeys(findTestObject("Modulo Pruebas Vinculación/Crear_un_Momento/input_Parmetros_form_tipodocumentofiltroTipoHoja"), Keys.chord(ENTER)): Keys 'ENTER + ' sent to object: 'Object Repository/Modulo Pruebas Vinculación/Crear_un_Momento/input_Parmetros_form_tipodocumentofiltroTipoHoja'

2022-03-08 14:35:13 - [MESSAGE][PASSED] - Keys 'ENTER + ' sent to object: 'Object Repository/Modulo Pruebas Vinculación/Crear_un_Momento/input_Parmetros_form_tipodocumentofiltroTipoHoja'

2022-03-08 14:35:13 - [TEST_STEP][PASSED] - if (waitForElementVisible(findTestObject("Modulo Pruebas Vinculación/Crear_un_Momento/span_Pruebas katalon"), 1)): null

2022-03-08 14:35:13 - [MESSAGE][PASSED] - Object 'Object Repository/Modulo Pruebas Vinculación/Crear_un_Momento/span_Pruebas katalon' is visible

2022-03-08 14:35:13 - [TEST_STEP][PASSED] - click(findTestObject("Modulo Pruebas Vinculación/Crear_un_Momento/span_Pruebas katalon")): Object: 'Object Repository/Modulo Pruebas Vinculación/Crear_un_Momento/span_Pruebas katalon' is clicked on

2022-03-08 14:35:14 - [MESSAGE][PASSED] - Object: 'Object Repository/Modulo Pruebas Vinculación/Crear_un_Momento/span_Pruebas katalon' is clicked on

2022-03-08 14:35:14 - [TEST_STEP][PASSED] - click(findTestObject("Modulo Pruebas Vinculación/Crear_un_Momento/a_Eliminar")): Object: 'Object Repository/Modulo Pruebas Vinculación/Crear_un_Momento/a_Eliminar' is clicked on

2022-03-08 14:35:15 - [MESSAGE][PASSED] - Object: 'Object Repository/Modulo Pruebas Vinculación/Crear_un_Momento/a_Eliminar' is clicked on

2022-03-08 14:35:15 - [TEST_STEP][PASSED] - click(findTestObject("Modulo Pruebas Vinculación/Crear_un_Momento/a_Aceptar")): Object: 'Object Repository/Modulo Pruebas Vinculación/Crear_un_Momento/a_Aceptar' is clicked on

2022-03-08 14:35:15 - [MESSAGE][PASSED] - Object: 'Object Repository/Modulo Pruebas Vinculación/Crear_un_Momento/a_Aceptar' is clicked on

2022-03-08 14:35:15 - [TEST_STEP][PASSED] - click(findTestObject("Modulo Pruebas Vinculación/Crear_un_tipo_Documento/a_Nuevo")): Object: 'Object Repository/Modulo Pruebas Vinculación/Crear_un_tipo_Documento/a_Nuevo' is clicked on

2022-03-08 14:35:16 - [MESSAGE][PASSED] - Object: 'Object Repository/Modulo Pruebas Vinculación/Crear_un_tipo_Documento/a_Nuevo' is clicked on

2022-03-08 14:35:16 - [TEST_STEP][PASSED] - setText(findTestObject("Modulo Pruebas Vinculación/Crear_un_tipo_Documento/input_Cdigo_form_tipodocumentocodigo"), "5"): Text '5' is set on object 'Object Repository/Modulo Pruebas Vinculación/Crear_un_tipo_Documento/input_Cdigo_form_tipodocumentocodigo'

2022-03-08 14:35:17 - [MESSAGE][PASSED] - Text '5' is set on object 'Object Repository/Modulo Pruebas Vinculación/Crear_un_tipo_Documento/input_Cdigo_form_tipodocumentocodigo'

2022-03-08 14:35:17 - [TEST_STEP][PASSED] - setText(findTestObject("Modulo Pruebas Vinculación/Crear_un_tipo_Documento/textarea_Descripcin_form_tipodocumentodescripcion"), "Pruebas katalon"): Text 'Pruebas katalon' is set on object 'Object Repository/Modulo Pruebas Vinculación/Crear_un_tipo_Documento/textarea_Descripcin_form_tipodocumentodescripcion'

2022-03-08 14:35:18 - [MESSAGE][PASSED] - Text 'Pruebas katalon' is set on object 'Object Repository/Modulo Pruebas Vinculación/Crear_un_tipo_Documento/textarea_Descripcin_form_tipodocumentodescripcion'

2022-03-08 14:35:18 - [TEST_STEP][PASSED] - selectOptionByIndex(findTestObject("Modulo Pruebas Vinculación/Crear_un_tipo_Documento/select_Documento AnexoDocumento Control"), 1): All options with index in [1] are selected on object 'Object Repository/Modulo Pruebas Vinculación/Crear_un_tipo_Documento/select_Documento AnexoDocumento Control'

2022-03-08 14:35:19 - [MESSAGE][PASSED] - All options with index in [1] are selected on object 'Object Repository/Modulo Pruebas Vinculación/Crear_un_tipo_Documento/select_Documento AnexoDocumento Control'

2022-03-08 14:35:19 - [TEST_STEP][PASSED] - selectOptionByIndex(findTestObject("Modulo Pruebas Vinculación/Crear_un_tipo_Documento/select_--Seleccione--MODO COLOMBIA HV"), 1): All options with index in [1] are selected on object 'Object Repository/Modulo Pruebas Vinculación/Crear_un_tipo_Documento/select_--Seleccione--MODO COLOMBIA HV'

2022-03-08 14:35:20 - [MESSAGE][PASSED] - All options with index in [1] are selected on object 'Object Repository/Modulo Pruebas Vinculación/Crear_un_tipo_Documento/select_--Seleccione--MODO COLOMBIA HV'

2022-03-08 14:35:20 - [TEST_STEP][PASSED] - click(findTestObject("Modulo Pruebas Vinculación/Crear_un_tipo_Documento/a_Guardar")): Object: 'Object Repository/Modulo Pruebas Vinculación/Crear_un_tipo_Documento/a_Guardar' is clicked on

2022-03-08 14:35:21 - [MESSAGE][PASSED] - Object: 'Object Repository/Modulo Pruebas Vinculación/Crear_un_tipo_Documento/a_Guardar' is clicked on

2022-03-08 14:35:21 - [TEST_STEP][PASSED] - closeBrowser(): Browser is closed

2022-03-08 14:35:22 - [MESSAGE][PASSED] - Browser is closed]]></system-out>
         <system-err><![CDATA[]]></system-err>
      </testcase>
      <testcase name="Test Cases/7.1-Pruebas_Vinculación/7.1.2-Crear_un_Momento" time="15.983" classname="Test Cases/7.1-Pruebas_Vinculación/7.1.2-Crear_un_Momento" status="PASSED">
         <system-out><![CDATA[2022-03-08 14:35:22 - [TEST_CASE][PASSED] - Test Cases/7.1-Pruebas_Vinculación/7.1.2-Crear_un_Momento: Test Cases/7.1-Pruebas_Vinculación/7.1.2-Crear_un_Momento

2022-03-08 14:35:22 - [TEST_STEP][PASSED] - callTestCase(findTestCase("0.1-Login"), [:], STOP_ON_FAILURE): Call Test Case 'Test Cases/0.1-Login' successfully

2022-03-08 14:35:22 - [TEST_CASE][PASSED] - Test Cases/0.1-Login: Test Cases/0.1-Login

2022-03-08 14:35:22 - [TEST_STEP][PASSED] - openBrowser(""): Browser is opened with url: ''

2022-03-08 14:35:22 - [MESSAGE][INFO] - Starting 'Chrome' driver

2022-03-08 14:35:22 - [MESSAGE][INFO] - Action delay is set to 0 milliseconds

2022-03-08 14:35:23 - [MESSAGE][PASSED] - Browser is opened with url: ''

2022-03-08 14:35:23 - [TEST_STEP][PASSED] - maximizeWindow(): Current window maximized

2022-03-08 14:35:23 - [MESSAGE][PASSED] - Current window maximized

2022-03-08 14:35:23 - [TEST_STEP][PASSED] - i = G_Login: null

2022-03-08 14:35:23 - [TEST_STEP][PASSED] - url = new java.net.URL(i): null

2022-03-08 14:35:23 - [TEST_STEP][PASSED] - println("URL: " + url.toString()): null

2022-03-08 14:35:23 - [TEST_STEP][PASSED] - connection = url.openConnection(): null

2022-03-08 14:35:23 - [TEST_STEP][PASSED] - connection.setRequestMethod("GET"): null

2022-03-08 14:35:23 - [TEST_STEP][PASSED] - connection.setReadTimeout(2 * 1000): null

2022-03-08 14:35:23 - [TEST_STEP][PASSED] - try: null

2022-03-08 14:35:23 - [TEST_STEP][PASSED] - connection.connect(): null

2022-03-08 14:35:23 - [TEST_STEP][PASSED] - flag = connected: null

2022-03-08 14:35:23 - [TEST_STEP][PASSED] - println("Valor_ori: " + flag): null

2022-03-08 14:35:23 - [TEST_STEP][PASSED] - if (flag): null

2022-03-08 14:35:23 - [TEST_STEP][PASSED] - navigateToUrl(i): Navigate to 'http://192.168.2.80:8380/saraweb' successfully

2022-03-08 14:35:24 - [MESSAGE][PASSED] - Navigate to 'http://192.168.2.80:8380/saraweb' successfully

2022-03-08 14:35:24 - [TEST_STEP][PASSED] - a(): null

2022-03-08 14:35:24 - [TEST_STEP][PASSED] - setText(findTestObject("Login/input_USUARIO_loginusuario"), G_Usuario): Text 'saraadmin' is set on object 'Object Repository/Login/input_USUARIO_loginusuario'

2022-03-08 14:35:25 - [MESSAGE][PASSED] - Text 'saraadmin' is set on object 'Object Repository/Login/input_USUARIO_loginusuario'

2022-03-08 14:35:25 - [TEST_STEP][PASSED] - setEncryptedText(findTestObject("Login/input_CLAVE_loginpassword"), "MkG4/TYiCFC3cb2driP7+Q=="): Text ****** has been set on object 'Object Repository/Login/input_CLAVE_loginpassword'

2022-03-08 14:35:25 - [MESSAGE][PASSED] - Text ****** has been set on object 'Object Repository/Login/input_CLAVE_loginpassword'

2022-03-08 14:35:25 - [TEST_STEP][PASSED] - waitForElementClickable(findTestObject("Login/a_Ingresar"), G_TimeOut): Object 'Object Repository/Login/a_Ingresar' is clickable

2022-03-08 14:35:26 - [MESSAGE][PASSED] - Object 'Object Repository/Login/a_Ingresar' is clickable

2022-03-08 14:35:26 - [TEST_STEP][PASSED] - click(findTestObject("Login/a_Ingresar")): Object: 'Object Repository/Login/a_Ingresar' is clicked on

2022-03-08 14:35:26 - [MESSAGE][PASSED] - Object: 'Object Repository/Login/a_Ingresar' is clicked on

2022-03-08 14:35:26 - [TEST_STEP][PASSED] - element = findWebElement(findTestObject("Login/a_Ir"), 30): null

2022-03-08 14:35:27 - [TEST_STEP][PASSED] - executeJavaScript("arguments[0].click()", Arrays.asList(element)): Execute JavaScript 'arguments[0].click()' successfully

2022-03-08 14:35:27 - [MESSAGE][PASSED] - Execute JavaScript 'arguments[0].click()' successfully

2022-03-08 14:35:27 - [MESSAGE][PASSED] - Call Test Case 'Test Cases/0.1-Login' successfully

2022-03-08 14:35:27 - [TEST_STEP][PASSED] - setText(findTestObject("Modulo Pruebas Vinculación/Crear_un_Momento/input_Empresa 1_form_templatej_idt24_input"), "parametros contratacion"): Text 'parametros contratacion' is set on object 'Object Repository/Modulo Pruebas Vinculación/Crear_un_Momento/input_Empresa 1_form_templatej_idt24_input'

2022-03-08 14:35:28 - [MESSAGE][PASSED] - Text 'parametros contratacion' is set on object 'Object Repository/Modulo Pruebas Vinculación/Crear_un_Momento/input_Empresa 1_form_templatej_idt24_input'

2022-03-08 14:35:28 - [TEST_STEP][PASSED] - click(findTestObject("Modulo Pruebas Vinculación/Crear_un_Momento/li_Parametros Contratacion (tal)")): Object: 'Object Repository/Modulo Pruebas Vinculación/Crear_un_Momento/li_Parametros Contratacion (tal)' is clicked on

2022-03-08 14:35:30 - [MESSAGE][PASSED] - Object: 'Object Repository/Modulo Pruebas Vinculación/Crear_un_Momento/li_Parametros Contratacion (tal)' is clicked on

2022-03-08 14:35:30 - [TEST_STEP][PASSED] - click(findTestObject("Modulo Pruebas Vinculación/Crear_un_Momento/a_Momento")): Object: 'Object Repository/Modulo Pruebas Vinculación/Crear_un_Momento/a_Momento' is clicked on

2022-03-08 14:35:31 - [MESSAGE][PASSED] - Object: 'Object Repository/Modulo Pruebas Vinculación/Crear_un_Momento/a_Momento' is clicked on

2022-03-08 14:35:31 - [TEST_STEP][PASSED] - if (waitForElementVisible(findTestObject("Modulo Pruebas Vinculación/Crear_un_Momento/td_Pruebas katalon"), 1)): null

2022-03-08 14:35:31 - [MESSAGE][PASSED] - Object 'Object Repository/Modulo Pruebas Vinculación/Crear_un_Momento/td_Pruebas katalon' is visible

2022-03-08 14:35:31 - [TEST_STEP][PASSED] - click(findTestObject("Modulo Pruebas Vinculación/Crear_un_Momento/td_Pruebas katalon")): Object: 'Object Repository/Modulo Pruebas Vinculación/Crear_un_Momento/td_Pruebas katalon' is clicked on

2022-03-08 14:35:32 - [MESSAGE][PASSED] - Object: 'Object Repository/Modulo Pruebas Vinculación/Crear_un_Momento/td_Pruebas katalon' is clicked on

2022-03-08 14:35:32 - [TEST_STEP][PASSED] - click(findTestObject("Modulo Pruebas Vinculación/Crear_un_Momento/a_Eliminar")): Object: 'Object Repository/Modulo Pruebas Vinculación/Crear_un_Momento/a_Eliminar' is clicked on

2022-03-08 14:35:33 - [MESSAGE][PASSED] - Object: 'Object Repository/Modulo Pruebas Vinculación/Crear_un_Momento/a_Eliminar' is clicked on

2022-03-08 14:35:33 - [TEST_STEP][PASSED] - click(findTestObject("Modulo Pruebas Vinculación/Crear_un_Momento/a_Aceptar")): Object: 'Object Repository/Modulo Pruebas Vinculación/Crear_un_Momento/a_Aceptar' is clicked on

2022-03-08 14:35:33 - [MESSAGE][PASSED] - Object: 'Object Repository/Modulo Pruebas Vinculación/Crear_un_Momento/a_Aceptar' is clicked on

2022-03-08 14:35:33 - [TEST_STEP][PASSED] - click(findTestObject("Modulo Pruebas Vinculación/Crear_un_Momento/a_Nuevo")): Object: 'Object Repository/Modulo Pruebas Vinculación/Crear_un_Momento/a_Nuevo' is clicked on

2022-03-08 14:35:34 - [MESSAGE][PASSED] - Object: 'Object Repository/Modulo Pruebas Vinculación/Crear_un_Momento/a_Nuevo' is clicked on

2022-03-08 14:35:34 - [TEST_STEP][PASSED] - setText(findTestObject("Modulo Pruebas Vinculación/Crear_un_Momento/input_Cdigo_form_momentopanelTabcodigo"), "5"): Text '5' is set on object 'Object Repository/Modulo Pruebas Vinculación/Crear_un_Momento/input_Cdigo_form_momentopanelTabcodigo'

2022-03-08 14:35:35 - [MESSAGE][PASSED] - Text '5' is set on object 'Object Repository/Modulo Pruebas Vinculación/Crear_un_Momento/input_Cdigo_form_momentopanelTabcodigo'

2022-03-08 14:35:35 - [TEST_STEP][PASSED] - setText(findTestObject("Modulo Pruebas Vinculación/Crear_un_Momento/textarea_Descripcin_form_momentopanelTabdescripcion"), "Pruebas katalon"): Text 'Pruebas katalon' is set on object 'Object Repository/Modulo Pruebas Vinculación/Crear_un_Momento/textarea_Descripcin_form_momentopanelTabdescripcion'

2022-03-08 14:35:36 - [MESSAGE][PASSED] - Text 'Pruebas katalon' is set on object 'Object Repository/Modulo Pruebas Vinculación/Crear_un_Momento/textarea_Descripcin_form_momentopanelTabdescripcion'

2022-03-08 14:35:36 - [TEST_STEP][PASSED] - selectOptionByIndex(findTestObject("Modulo Pruebas Vinculación/Crear_un_Momento/select_--Seleccione--MODO COLOMBIA HV"), 1): All options with index in [1] are selected on object 'Object Repository/Modulo Pruebas Vinculación/Crear_un_Momento/select_--Seleccione--MODO COLOMBIA HV'

2022-03-08 14:35:37 - [MESSAGE][PASSED] - All options with index in [1] are selected on object 'Object Repository/Modulo Pruebas Vinculación/Crear_un_Momento/select_--Seleccione--MODO COLOMBIA HV'

2022-03-08 14:35:37 - [TEST_STEP][PASSED] - click(findTestObject("Modulo Pruebas Vinculación/Crear_un_Momento/a_Guardar")): Object: 'Object Repository/Modulo Pruebas Vinculación/Crear_un_Momento/a_Guardar' is clicked on

2022-03-08 14:35:37 - [MESSAGE][PASSED] - Object: 'Object Repository/Modulo Pruebas Vinculación/Crear_un_Momento/a_Guardar' is clicked on]]></system-out>
         <system-err><![CDATA[]]></system-err>
      </testcase>
      <testcase name="Test Cases/7.1-Pruebas_Vinculación/7.1.3-Crear_un_Origen_de_Contratación" time="19.564" classname="Test Cases/7.1-Pruebas_Vinculación/7.1.3-Crear_un_Origen_de_Contratación" status="PASSED">
         <system-out><![CDATA[2022-03-08 14:35:38 - [TEST_CASE][PASSED] - Test Cases/7.1-Pruebas_Vinculación/7.1.3-Crear_un_Origen_de_Contratación: Test Cases/7.1-Pruebas_Vinculación/7.1.3-Crear_un_Origen_de_Contratación

2022-03-08 14:35:38 - [TEST_STEP][PASSED] - callTestCase(findTestCase("0.1-Login"), [:], STOP_ON_FAILURE): Call Test Case 'Test Cases/0.1-Login' successfully

2022-03-08 14:35:38 - [TEST_CASE][PASSED] - Test Cases/0.1-Login: Test Cases/0.1-Login

2022-03-08 14:35:38 - [TEST_STEP][PASSED] - openBrowser(""): Browser is opened with url: ''

2022-03-08 14:35:38 - [MESSAGE][WARNING] - A browser is already opened. Closing browser and opening a new one

2022-03-08 14:35:39 - [MESSAGE][INFO] - Starting 'Chrome' driver

2022-03-08 14:35:39 - [MESSAGE][INFO] - Action delay is set to 0 milliseconds

2022-03-08 14:35:41 - [MESSAGE][PASSED] - Browser is opened with url: ''

2022-03-08 14:35:41 - [TEST_STEP][PASSED] - maximizeWindow(): Current window maximized

2022-03-08 14:35:41 - [MESSAGE][PASSED] - Current window maximized

2022-03-08 14:35:41 - [TEST_STEP][PASSED] - i = G_Login: null

2022-03-08 14:35:41 - [TEST_STEP][PASSED] - url = new java.net.URL(i): null

2022-03-08 14:35:41 - [TEST_STEP][PASSED] - println("URL: " + url.toString()): null

2022-03-08 14:35:41 - [TEST_STEP][PASSED] - connection = url.openConnection(): null

2022-03-08 14:35:41 - [TEST_STEP][PASSED] - connection.setRequestMethod("GET"): null

2022-03-08 14:35:41 - [TEST_STEP][PASSED] - connection.setReadTimeout(2 * 1000): null

2022-03-08 14:35:41 - [TEST_STEP][PASSED] - try: null

2022-03-08 14:35:41 - [TEST_STEP][PASSED] - connection.connect(): null

2022-03-08 14:35:41 - [TEST_STEP][PASSED] - flag = connected: null

2022-03-08 14:35:41 - [TEST_STEP][PASSED] - println("Valor_ori: " + flag): null

2022-03-08 14:35:41 - [TEST_STEP][PASSED] - if (flag): null

2022-03-08 14:35:41 - [TEST_STEP][PASSED] - navigateToUrl(i): Navigate to 'http://192.168.2.80:8380/saraweb' successfully

2022-03-08 14:35:41 - [MESSAGE][PASSED] - Navigate to 'http://192.168.2.80:8380/saraweb' successfully

2022-03-08 14:35:41 - [TEST_STEP][PASSED] - a(): null

2022-03-08 14:35:41 - [TEST_STEP][PASSED] - setText(findTestObject("Login/input_USUARIO_loginusuario"), G_Usuario): Text 'saraadmin' is set on object 'Object Repository/Login/input_USUARIO_loginusuario'

2022-03-08 14:35:42 - [MESSAGE][PASSED] - Text 'saraadmin' is set on object 'Object Repository/Login/input_USUARIO_loginusuario'

2022-03-08 14:35:42 - [TEST_STEP][PASSED] - setEncryptedText(findTestObject("Login/input_CLAVE_loginpassword"), "MkG4/TYiCFC3cb2driP7+Q=="): Text ****** has been set on object 'Object Repository/Login/input_CLAVE_loginpassword'

2022-03-08 14:35:43 - [MESSAGE][PASSED] - Text ****** has been set on object 'Object Repository/Login/input_CLAVE_loginpassword'

2022-03-08 14:35:43 - [TEST_STEP][PASSED] - waitForElementClickable(findTestObject("Login/a_Ingresar"), G_TimeOut): Object 'Object Repository/Login/a_Ingresar' is clickable

2022-03-08 14:35:43 - [MESSAGE][PASSED] - Object 'Object Repository/Login/a_Ingresar' is clickable

2022-03-08 14:35:43 - [TEST_STEP][PASSED] - click(findTestObject("Login/a_Ingresar")): Object: 'Object Repository/Login/a_Ingresar' is clicked on

2022-03-08 14:35:44 - [MESSAGE][PASSED] - Object: 'Object Repository/Login/a_Ingresar' is clicked on

2022-03-08 14:35:44 - [TEST_STEP][PASSED] - element = findWebElement(findTestObject("Login/a_Ir"), 30): null

2022-03-08 14:35:45 - [TEST_STEP][PASSED] - executeJavaScript("arguments[0].click()", Arrays.asList(element)): Execute JavaScript 'arguments[0].click()' successfully

2022-03-08 14:35:45 - [MESSAGE][PASSED] - Execute JavaScript 'arguments[0].click()' successfully

2022-03-08 14:35:45 - [MESSAGE][PASSED] - Call Test Case 'Test Cases/0.1-Login' successfully

2022-03-08 14:35:45 - [TEST_STEP][PASSED] - setText(findTestObject("Modulo Pruebas Vinculación/Crear_un_Origen_de_Contratación/input_Empresa 1_form_templatej_idt24_input"), "Parametros Contratacion"): Text 'Parametros Contratacion' is set on object 'Object Repository/Modulo Pruebas Vinculación/Crear_un_Origen_de_Contratación/input_Empresa 1_form_templatej_idt24_input'

2022-03-08 14:35:46 - [MESSAGE][PASSED] - Text 'Parametros Contratacion' is set on object 'Object Repository/Modulo Pruebas Vinculación/Crear_un_Origen_de_Contratación/input_Empresa 1_form_templatej_idt24_input'

2022-03-08 14:35:46 - [TEST_STEP][PASSED] - click(findTestObject("Modulo Pruebas Vinculación/Crear_un_Origen_de_Contratación/li_Parametros Contratacion (tal)")): Object: 'Object Repository/Modulo Pruebas Vinculación/Crear_un_Origen_de_Contratación/li_Parametros Contratacion (tal)' is clicked on

2022-03-08 14:35:47 - [MESSAGE][PASSED] - Object: 'Object Repository/Modulo Pruebas Vinculación/Crear_un_Origen_de_Contratación/li_Parametros Contratacion (tal)' is clicked on

2022-03-08 14:35:47 - [TEST_STEP][PASSED] - click(findTestObject("Modulo Pruebas Vinculación/Crear_un_Origen_de_Contratación/a_Origen Contratacin")): Object: 'Object Repository/Modulo Pruebas Vinculación/Crear_un_Origen_de_Contratación/a_Origen Contratacin' is clicked on

2022-03-08 14:35:48 - [MESSAGE][PASSED] - Object: 'Object Repository/Modulo Pruebas Vinculación/Crear_un_Origen_de_Contratación/a_Origen Contratacin' is clicked on

2022-03-08 14:35:48 - [TEST_STEP][PASSED] - if (waitForElementVisible(findTestObject("Modulo Pruebas Vinculación/Crear_un_Origen_de_Contratación/td_Pruebas katalon"), 1)): null

2022-03-08 14:35:49 - [MESSAGE][PASSED] - Object 'Object Repository/Modulo Pruebas Vinculación/Crear_un_Origen_de_Contratación/td_Pruebas katalon' is visible

2022-03-08 14:35:49 - [TEST_STEP][PASSED] - click(findTestObject("Modulo Pruebas Vinculación/Crear_un_Origen_de_Contratación/td_Pruebas katalon")): Object: 'Object Repository/Modulo Pruebas Vinculación/Crear_un_Origen_de_Contratación/td_Pruebas katalon' is clicked on

2022-03-08 14:35:50 - [MESSAGE][PASSED] - Object: 'Object Repository/Modulo Pruebas Vinculación/Crear_un_Origen_de_Contratación/td_Pruebas katalon' is clicked on

2022-03-08 14:35:50 - [TEST_STEP][PASSED] - click(findTestObject("Modulo Pruebas Vinculación/Crear_un_Origen_de_Contratación/a_Eliminar")): Object: 'Object Repository/Modulo Pruebas Vinculación/Crear_un_Origen_de_Contratación/a_Eliminar' is clicked on

2022-03-08 14:35:50 - [MESSAGE][PASSED] - Object: 'Object Repository/Modulo Pruebas Vinculación/Crear_un_Origen_de_Contratación/a_Eliminar' is clicked on

2022-03-08 14:35:50 - [TEST_STEP][PASSED] - click(findTestObject("Modulo Pruebas Vinculación/Crear_un_Origen_de_Contratación/a_Aceptar")): Object: 'Object Repository/Modulo Pruebas Vinculación/Crear_un_Origen_de_Contratación/a_Aceptar' is clicked on

2022-03-08 14:35:51 - [MESSAGE][PASSED] - Object: 'Object Repository/Modulo Pruebas Vinculación/Crear_un_Origen_de_Contratación/a_Aceptar' is clicked on

2022-03-08 14:35:51 - [TEST_STEP][PASSED] - click(findTestObject("Modulo Pruebas Vinculación/Crear_un_Origen_de_Contratación/a_Nuevo")): Object: 'Object Repository/Modulo Pruebas Vinculación/Crear_un_Origen_de_Contratación/a_Nuevo' is clicked on

2022-03-08 14:35:52 - [MESSAGE][PASSED] - Object: 'Object Repository/Modulo Pruebas Vinculación/Crear_un_Origen_de_Contratación/a_Nuevo' is clicked on

2022-03-08 14:35:52 - [TEST_STEP][PASSED] - setText(findTestObject("Modulo Pruebas Vinculación/Crear_un_Origen_de_Contratación/input_Cdigo_form_origencontratacioncodigo"), "5"): Text '5' is set on object 'Object Repository/Modulo Pruebas Vinculación/Crear_un_Origen_de_Contratación/input_Cdigo_form_origencontratacioncodigo'

2022-03-08 14:35:53 - [MESSAGE][PASSED] - Text '5' is set on object 'Object Repository/Modulo Pruebas Vinculación/Crear_un_Origen_de_Contratación/input_Cdigo_form_origencontratacioncodigo'

2022-03-08 14:35:53 - [TEST_STEP][PASSED] - setText(findTestObject("Modulo Pruebas Vinculación/Crear_un_Origen_de_Contratación/input_Descripcin_form_origencontrataciondescripcion"), "Pruebas katalon"): Text 'Pruebas katalon' is set on object 'Object Repository/Modulo Pruebas Vinculación/Crear_un_Origen_de_Contratación/input_Descripcin_form_origencontrataciondescripcion'

2022-03-08 14:35:53 - [MESSAGE][PASSED] - Text 'Pruebas katalon' is set on object 'Object Repository/Modulo Pruebas Vinculación/Crear_un_Origen_de_Contratación/input_Descripcin_form_origencontrataciondescripcion'

2022-03-08 14:35:53 - [TEST_STEP][PASSED] - selectOptionByIndex(findTestObject("Modulo Pruebas Vinculación/Crear_un_Origen_de_Contratación/select_Hoja Vida ExisteIngresa Hoja Manual"), "0"): All options with index in [0] are selected on object 'Object Repository/Modulo Pruebas Vinculación/Crear_un_Origen_de_Contratación/select_Hoja Vida ExisteIngresa Hoja Manual'

2022-03-08 14:35:54 - [MESSAGE][PASSED] - All options with index in [0] are selected on object 'Object Repository/Modulo Pruebas Vinculación/Crear_un_Origen_de_Contratación/select_Hoja Vida ExisteIngresa Hoja Manual'

2022-03-08 14:35:54 - [TEST_STEP][PASSED] - selectOptionByIndex(findTestObject("Modulo Pruebas Vinculación/Crear_un_Origen_de_Contratación/select_Datos de un RequerimientoDatos de una SeleccionNo aplica"), 2): All options with index in [2] are selected on object 'Object Repository/Modulo Pruebas Vinculación/Crear_un_Origen_de_Contratación/select_Datos de un RequerimientoDatos de una SeleccionNo aplica'

2022-03-08 14:35:55 - [MESSAGE][PASSED] - All options with index in [2] are selected on object 'Object Repository/Modulo Pruebas Vinculación/Crear_un_Origen_de_Contratación/select_Datos de un RequerimientoDatos de una SeleccionNo aplica'

2022-03-08 14:35:55 - [TEST_STEP][PASSED] - selectOptionByIndex(findTestObject("Modulo Pruebas Vinculación/Crear_un_Origen_de_Contratación/select_SiNo"), 1): All options with index in [1] are selected on object 'Object Repository/Modulo Pruebas Vinculación/Crear_un_Origen_de_Contratación/select_SiNo'

2022-03-08 14:35:57 - [MESSAGE][PASSED] - All options with index in [1] are selected on object 'Object Repository/Modulo Pruebas Vinculación/Crear_un_Origen_de_Contratación/select_SiNo'

2022-03-08 14:35:57 - [TEST_STEP][PASSED] - click(findTestObject("Modulo Pruebas Vinculación/Crear_un_Origen_de_Contratación/a_Guardar")): Object: 'Object Repository/Modulo Pruebas Vinculación/Crear_un_Origen_de_Contratación/a_Guardar' is clicked on

2022-03-08 14:35:57 - [MESSAGE][PASSED] - Object: 'Object Repository/Modulo Pruebas Vinculación/Crear_un_Origen_de_Contratación/a_Guardar' is clicked on]]></system-out>
         <system-err><![CDATA[]]></system-err>
      </testcase>
      <testcase name="Test Cases/7.1-Pruebas_Vinculación/7.1.4-Crear_un_Registro_de_Contratación" time="52.976" classname="Test Cases/7.1-Pruebas_Vinculación/7.1.4-Crear_un_Registro_de_Contratación" status="PASSED">
         <system-out><![CDATA[2022-03-08 14:35:57 - [TEST_CASE][PASSED] - Test Cases/7.1-Pruebas_Vinculación/7.1.4-Crear_un_Registro_de_Contratación: Test Cases/7.1-Pruebas_Vinculación/7.1.4-Crear_un_Registro_de_Contratación

2022-03-08 14:35:57 - [TEST_STEP][PASSED] - callTestCase(findTestCase("0.1-Login"), [:], STOP_ON_FAILURE): Call Test Case 'Test Cases/0.1-Login' successfully

2022-03-08 14:35:58 - [TEST_CASE][PASSED] - Test Cases/0.1-Login: Test Cases/0.1-Login

2022-03-08 14:35:58 - [TEST_STEP][PASSED] - openBrowser(""): Browser is opened with url: ''

2022-03-08 14:35:58 - [MESSAGE][WARNING] - A browser is already opened. Closing browser and opening a new one

2022-03-08 14:35:59 - [MESSAGE][INFO] - Starting 'Chrome' driver

2022-03-08 14:35:59 - [MESSAGE][INFO] - Action delay is set to 0 milliseconds

2022-03-08 14:36:00 - [MESSAGE][PASSED] - Browser is opened with url: ''

2022-03-08 14:36:00 - [TEST_STEP][PASSED] - maximizeWindow(): Current window maximized

2022-03-08 14:36:00 - [MESSAGE][PASSED] - Current window maximized

2022-03-08 14:36:00 - [TEST_STEP][PASSED] - i = G_Login: null

2022-03-08 14:36:00 - [TEST_STEP][PASSED] - url = new java.net.URL(i): null

2022-03-08 14:36:00 - [TEST_STEP][PASSED] - println("URL: " + url.toString()): null

2022-03-08 14:36:00 - [TEST_STEP][PASSED] - connection = url.openConnection(): null

2022-03-08 14:36:00 - [TEST_STEP][PASSED] - connection.setRequestMethod("GET"): null

2022-03-08 14:36:00 - [TEST_STEP][PASSED] - connection.setReadTimeout(2 * 1000): null

2022-03-08 14:36:00 - [TEST_STEP][PASSED] - try: null

2022-03-08 14:36:00 - [TEST_STEP][PASSED] - connection.connect(): null

2022-03-08 14:36:00 - [TEST_STEP][PASSED] - flag = connected: null

2022-03-08 14:36:00 - [TEST_STEP][PASSED] - println("Valor_ori: " + flag): null

2022-03-08 14:36:00 - [TEST_STEP][PASSED] - if (flag): null

2022-03-08 14:36:00 - [TEST_STEP][PASSED] - navigateToUrl(i): Navigate to 'http://192.168.2.80:8380/saraweb' successfully

2022-03-08 14:36:00 - [MESSAGE][PASSED] - Navigate to 'http://192.168.2.80:8380/saraweb' successfully

2022-03-08 14:36:00 - [TEST_STEP][PASSED] - a(): null

2022-03-08 14:36:00 - [TEST_STEP][PASSED] - setText(findTestObject("Login/input_USUARIO_loginusuario"), G_Usuario): Text 'saraadmin' is set on object 'Object Repository/Login/input_USUARIO_loginusuario'

2022-03-08 14:36:01 - [MESSAGE][PASSED] - Text 'saraadmin' is set on object 'Object Repository/Login/input_USUARIO_loginusuario'

2022-03-08 14:36:01 - [TEST_STEP][PASSED] - setEncryptedText(findTestObject("Login/input_CLAVE_loginpassword"), "MkG4/TYiCFC3cb2driP7+Q=="): Text ****** has been set on object 'Object Repository/Login/input_CLAVE_loginpassword'

2022-03-08 14:36:02 - [MESSAGE][PASSED] - Text ****** has been set on object 'Object Repository/Login/input_CLAVE_loginpassword'

2022-03-08 14:36:02 - [TEST_STEP][PASSED] - waitForElementClickable(findTestObject("Login/a_Ingresar"), G_TimeOut): Object 'Object Repository/Login/a_Ingresar' is clickable

2022-03-08 14:36:02 - [MESSAGE][PASSED] - Object 'Object Repository/Login/a_Ingresar' is clickable

2022-03-08 14:36:02 - [TEST_STEP][PASSED] - click(findTestObject("Login/a_Ingresar")): Object: 'Object Repository/Login/a_Ingresar' is clicked on

2022-03-08 14:36:03 - [MESSAGE][PASSED] - Object: 'Object Repository/Login/a_Ingresar' is clicked on

2022-03-08 14:36:03 - [TEST_STEP][PASSED] - element = findWebElement(findTestObject("Login/a_Ir"), 30): null

2022-03-08 14:36:04 - [TEST_STEP][PASSED] - executeJavaScript("arguments[0].click()", Arrays.asList(element)): Execute JavaScript 'arguments[0].click()' successfully

2022-03-08 14:36:04 - [MESSAGE][PASSED] - Execute JavaScript 'arguments[0].click()' successfully

2022-03-08 14:36:04 - [MESSAGE][PASSED] - Call Test Case 'Test Cases/0.1-Login' successfully

2022-03-08 14:36:04 - [TEST_STEP][PASSED] - setText(findTestObject("Modulo Pruebas Vinculación/Crear un Registro de Contratación/input_Empresa 1_form_templatej_idt24_input"), "listado contratacion"): Text 'listado contratacion' is set on object 'Object Repository/Modulo Pruebas Vinculación/Crear un Registro de Contratación/input_Empresa 1_form_templatej_idt24_input'

2022-03-08 14:36:05 - [MESSAGE][PASSED] - Text 'listado contratacion' is set on object 'Object Repository/Modulo Pruebas Vinculación/Crear un Registro de Contratación/input_Empresa 1_form_templatej_idt24_input'

2022-03-08 14:36:05 - [TEST_STEP][PASSED] - click(findTestObject("Modulo Pruebas Vinculación/Crear un Registro de Contratación/li_Listado Contratacion (tal)")): Object: 'Object Repository/Modulo Pruebas Vinculación/Crear un Registro de Contratación/li_Listado Contratacion (tal)' is clicked on

2022-03-08 14:36:07 - [MESSAGE][PASSED] - Object: 'Object Repository/Modulo Pruebas Vinculación/Crear un Registro de Contratación/li_Listado Contratacion (tal)' is clicked on

2022-03-08 14:36:07 - [TEST_STEP][PASSED] - selectOptionByIndex(findTestObject("Modulo Pruebas Vinculación/Crear un Registro de Contratación/select_-- Seleccione --ANULADOCERRADOELIMINADOSOLICITADO"), 4): All options with index in [4] are selected on object 'Object Repository/Modulo Pruebas Vinculación/Crear un Registro de Contratación/select_-- Seleccione --ANULADOCERRADOELIMINADOSOLICITADO'

2022-03-08 14:36:08 - [MESSAGE][PASSED] - All options with index in [4] are selected on object 'Object Repository/Modulo Pruebas Vinculación/Crear un Registro de Contratación/select_-- Seleccione --ANULADOCERRADOELIMINADOSOLICITADO'

2022-03-08 14:36:08 - [TEST_STEP][PASSED] - click(findTestObject("Modulo Pruebas Vinculación/Crear un Registro de Contratación/a_Nombre Persona_listado_contratacionj_idt68")): Object: 'Object Repository/Modulo Pruebas Vinculación/Crear un Registro de Contratación/a_Nombre Persona_listado_contratacionj_idt68' is clicked on

2022-03-08 14:36:09 - [MESSAGE][PASSED] - Object: 'Object Repository/Modulo Pruebas Vinculación/Crear un Registro de Contratación/a_Nombre Persona_listado_contratacionj_idt68' is clicked on

2022-03-08 14:36:09 - [TEST_STEP][PASSED] - setText(findTestObject("Modulo Pruebas Vinculación/Crear un Registro de Contratación/input_Filtro Hoja de Vida_formPopupHojaVidaj_idt13270"), "A A A"): Text 'A A A' is set on object 'Object Repository/Modulo Pruebas Vinculación/Crear un Registro de Contratación/input_Filtro Hoja de Vida_formPopupHojaVidaj_idt13270'

2022-03-08 14:36:10 - [MESSAGE][PASSED] - Text 'A A A' is set on object 'Object Repository/Modulo Pruebas Vinculación/Crear un Registro de Contratación/input_Filtro Hoja de Vida_formPopupHojaVidaj_idt13270'

2022-03-08 14:36:10 - [TEST_STEP][PASSED] - sendKeys(findTestObject("Modulo Pruebas Vinculación/Crear un Registro de Contratación/input_Filtro Hoja de Vida_formPopupHojaVidaj_idt13270"), Keys.chord(ENTER)): Keys 'ENTER + ' sent to object: 'Object Repository/Modulo Pruebas Vinculación/Crear un Registro de Contratación/input_Filtro Hoja de Vida_formPopupHojaVidaj_idt13270'

2022-03-08 14:36:10 - [MESSAGE][PASSED] - Keys 'ENTER + ' sent to object: 'Object Repository/Modulo Pruebas Vinculación/Crear un Registro de Contratación/input_Filtro Hoja de Vida_formPopupHojaVidaj_idt13270'

2022-03-08 14:36:10 - [TEST_STEP][PASSED] - click(findTestObject("Modulo Pruebas Vinculación/Crear un Registro de Contratación/span_A A A1")): Object: 'Object Repository/Modulo Pruebas Vinculación/Crear un Registro de Contratación/span_A A A1' is clicked on

2022-03-08 14:36:11 - [MESSAGE][PASSED] - Object: 'Object Repository/Modulo Pruebas Vinculación/Crear un Registro de Contratación/span_A A A1' is clicked on

2022-03-08 14:36:11 - [TEST_STEP][PASSED] - if (waitForElementVisible(findTestObject("Modulo Pruebas Vinculación/Crear un Registro de Contratación/td_A A A"), 1)): null

2022-03-08 14:36:12 - [MESSAGE][PASSED] - Object 'Object Repository/Modulo Pruebas Vinculación/Crear un Registro de Contratación/td_A A A' is visible

2022-03-08 14:36:12 - [TEST_STEP][PASSED] - click(findTestObject("Modulo Pruebas Vinculación/Crear un Registro de Contratación/td_A A A")): Object: 'Object Repository/Modulo Pruebas Vinculación/Crear un Registro de Contratación/td_A A A' is clicked on

2022-03-08 14:36:12 - [MESSAGE][PASSED] - Object: 'Object Repository/Modulo Pruebas Vinculación/Crear un Registro de Contratación/td_A A A' is clicked on

2022-03-08 14:36:12 - [TEST_STEP][PASSED] - if (waitForElementVisible(findTestObject("Modulo Pruebas Vinculación/Crear un Registro de Contratación/span_Referencia en el sistema nula, informe al administrador del sistema"), 1)): null

2022-03-08 14:36:13 - [MESSAGE][PASSED] - Object 'Object Repository/Modulo Pruebas Vinculación/Crear un Registro de Contratación/span_Referencia en el sistema nula, informe al administrador del sistema' is visible

2022-03-08 14:36:13 - [TEST_STEP][PASSED] - click(findTestObject("Modulo Pruebas Vinculación/Crear un Registro de Contratación/span_closethick")): Object: 'Object Repository/Modulo Pruebas Vinculación/Crear un Registro de Contratación/span_closethick' is clicked on

2022-03-08 14:36:13 - [MESSAGE][PASSED] - Object: 'Object Repository/Modulo Pruebas Vinculación/Crear un Registro de Contratación/span_closethick' is clicked on

2022-03-08 14:36:13 - [TEST_STEP][PASSED] - setText(findTestObject("Modulo Pruebas Vinculación/Crear un Registro de Contratación/textarea_Motivo_form_contratacionpanelTabmotivo"), "PRUEBAS KATALON"): Text 'PRUEBAS KATALON' is set on object 'Object Repository/Modulo Pruebas Vinculación/Crear un Registro de Contratación/textarea_Motivo_form_contratacionpanelTabmotivo'

2022-03-08 14:36:14 - [MESSAGE][PASSED] - Text 'PRUEBAS KATALON' is set on object 'Object Repository/Modulo Pruebas Vinculación/Crear un Registro de Contratación/textarea_Motivo_form_contratacionpanelTabmotivo'

2022-03-08 14:36:14 - [TEST_STEP][PASSED] - selectOptionByIndex(findTestObject("Modulo Pruebas Vinculación/Crear un Registro de Contratación/select_--Seleccione--NOSI"), 1): All options with index in [1] are selected on object 'Object Repository/Modulo Pruebas Vinculación/Crear un Registro de Contratación/select_--Seleccione--NOSI'

2022-03-08 14:36:15 - [MESSAGE][PASSED] - All options with index in [1] are selected on object 'Object Repository/Modulo Pruebas Vinculación/Crear un Registro de Contratación/select_--Seleccione--NOSI'

2022-03-08 14:36:15 - [TEST_STEP][PASSED] - click(findTestObject("Modulo Pruebas Vinculación/Crear un Registro de Contratación/a_Anular Proceso")): Object: 'Object Repository/Modulo Pruebas Vinculación/Crear un Registro de Contratación/a_Anular Proceso' is clicked on

2022-03-08 14:36:16 - [MESSAGE][PASSED] - Object: 'Object Repository/Modulo Pruebas Vinculación/Crear un Registro de Contratación/a_Anular Proceso' is clicked on

2022-03-08 14:36:16 - [TEST_STEP][PASSED] - click(findTestObject("Modulo Pruebas Vinculación/Crear un Registro de Contratación/a_Aceptar")): Object: 'Object Repository/Modulo Pruebas Vinculación/Crear un Registro de Contratación/a_Aceptar' is clicked on

2022-03-08 14:36:17 - [MESSAGE][PASSED] - Object: 'Object Repository/Modulo Pruebas Vinculación/Crear un Registro de Contratación/a_Aceptar' is clicked on

2022-03-08 14:36:17 - [TEST_STEP][PASSED] - click(findTestObject("Modulo Pruebas Vinculación/Crear un Registro de Contratación/a_Regresar")): Object: 'Object Repository/Modulo Pruebas Vinculación/Crear un Registro de Contratación/a_Regresar' is clicked on

2022-03-08 14:36:19 - [MESSAGE][PASSED] - Object: 'Object Repository/Modulo Pruebas Vinculación/Crear un Registro de Contratación/a_Regresar' is clicked on

2022-03-08 14:36:19 - [TEST_STEP][PASSED] - click(findTestObject("Modulo Pruebas Vinculación/Crear un Registro de Contratación/a_Nuevo")): Object: 'Object Repository/Modulo Pruebas Vinculación/Crear un Registro de Contratación/a_Nuevo' is clicked on

2022-03-08 14:36:20 - [MESSAGE][PASSED] - Object: 'Object Repository/Modulo Pruebas Vinculación/Crear un Registro de Contratación/a_Nuevo' is clicked on

2022-03-08 14:36:20 - [TEST_STEP][PASSED] - click(findTestObject("Modulo Pruebas Vinculación/Crear un Registro de Contratación/td_Pruebas katalon")): Object: 'Object Repository/Modulo Pruebas Vinculación/Crear un Registro de Contratación/td_Pruebas katalon' is clicked on

2022-03-08 14:36:21 - [MESSAGE][PASSED] - Object: 'Object Repository/Modulo Pruebas Vinculación/Crear un Registro de Contratación/td_Pruebas katalon' is clicked on

2022-03-08 14:36:21 - [TEST_STEP][PASSED] - click(findTestObject("Modulo Pruebas Vinculación/Crear un Registro de Contratación/a_Identificacin_form_contratacionpanelTabj_idt164")): Object: 'Object Repository/Modulo Pruebas Vinculación/Crear un Registro de Contratación/a_Identificacin_form_contratacionpanelTabj_idt164' is clicked on

2022-03-08 14:36:21 - [MESSAGE][PASSED] - Object: 'Object Repository/Modulo Pruebas Vinculación/Crear un Registro de Contratación/a_Identificacin_form_contratacionpanelTabj_idt164' is clicked on

2022-03-08 14:36:21 - [TEST_STEP][PASSED] - setText(findTestObject("Modulo Pruebas Vinculación/Crear un Registro de Contratación/input_Filtro Hoja de Vida_formPopupHojaVidaj_idt1327"), "A A A"): Text 'A A A' is set on object 'Object Repository/Modulo Pruebas Vinculación/Crear un Registro de Contratación/input_Filtro Hoja de Vida_formPopupHojaVidaj_idt1327'

2022-03-08 14:36:22 - [MESSAGE][PASSED] - Text 'A A A' is set on object 'Object Repository/Modulo Pruebas Vinculación/Crear un Registro de Contratación/input_Filtro Hoja de Vida_formPopupHojaVidaj_idt1327'

2022-03-08 14:36:22 - [TEST_STEP][PASSED] - sendKeys(findTestObject("Modulo Pruebas Vinculación/Crear un Registro de Contratación/input_Filtro Hoja de Vida_formPopupHojaVidaj_idt1327"), Keys.chord(ENTER)): Keys 'ENTER + ' sent to object: 'Object Repository/Modulo Pruebas Vinculación/Crear un Registro de Contratación/input_Filtro Hoja de Vida_formPopupHojaVidaj_idt1327'

2022-03-08 14:36:23 - [MESSAGE][PASSED] - Keys 'ENTER + ' sent to object: 'Object Repository/Modulo Pruebas Vinculación/Crear un Registro de Contratación/input_Filtro Hoja de Vida_formPopupHojaVidaj_idt1327'

2022-03-08 14:36:23 - [TEST_STEP][PASSED] - click(findTestObject("Modulo Pruebas Vinculación/Crear un Registro de Contratación/span_A A A")): Object: 'Object Repository/Modulo Pruebas Vinculación/Crear un Registro de Contratación/span_A A A' is clicked on

2022-03-08 14:36:23 - [MESSAGE][PASSED] - Object: 'Object Repository/Modulo Pruebas Vinculación/Crear un Registro de Contratación/span_A A A' is clicked on

2022-03-08 14:36:23 - [TEST_STEP][PASSED] - selectOptionByIndex(findTestObject("Modulo Pruebas Vinculación/Crear un Registro de Contratación/select_--Seleccione--CALIDADMENSUAL ABCMODELO EMPRESA QUINCENALPANSIONADOSPENSIONADOS BASEPRUEBAS"), 1): All options with index in [1] are selected on object 'Object Repository/Modulo Pruebas Vinculación/Crear un Registro de Contratación/select_--Seleccione--CALIDADMENSUAL ABCMODELO EMPRESA QUINCENALPANSIONADOSPENSIONADOS BASEPRUEBAS'

2022-03-08 14:36:25 - [MESSAGE][PASSED] - All options with index in [1] are selected on object 'Object Repository/Modulo Pruebas Vinculación/Crear un Registro de Contratación/select_--Seleccione--CALIDADMENSUAL ABCMODELO EMPRESA QUINCENALPANSIONADOSPENSIONADOS BASEPRUEBAS'

2022-03-08 14:36:25 - [TEST_STEP][PASSED] - selectOptionByIndex(findTestObject("Modulo Pruebas Vinculación/Crear un Registro de Contratación/select_0.5APRENDIZ ETAPA LECTIVA6APRENDIZ ETAPA PRODUCTIVA96ASISTENTE"), 8): All options with index in [8] are selected on object 'Object Repository/Modulo Pruebas Vinculación/Crear un Registro de Contratación/select_0.5APRENDIZ ETAPA LECTIVA6APRENDIZ ETAPA PRODUCTIVA96ASISTENTE'

2022-03-08 14:36:27 - [MESSAGE][PASSED] - All options with index in [8] are selected on object 'Object Repository/Modulo Pruebas Vinculación/Crear un Registro de Contratación/select_0.5APRENDIZ ETAPA LECTIVA6APRENDIZ ETAPA PRODUCTIVA96ASISTENTE'

2022-03-08 14:36:27 - [TEST_STEP][PASSED] - selectOptionByIndex(findTestObject("Modulo Pruebas Vinculación/Crear un Registro de Contratación/select_2120 HORAS1240 HORAS0NO DEFINIDO61Pensin"), 3): All options with index in [3] are selected on object 'Object Repository/Modulo Pruebas Vinculación/Crear un Registro de Contratación/select_2120 HORAS1240 HORAS0NO DEFINIDO61Pensin'

2022-03-08 14:36:28 - [MESSAGE][PASSED] - All options with index in [3] are selected on object 'Object Repository/Modulo Pruebas Vinculación/Crear un Registro de Contratación/select_2120 HORAS1240 HORAS0NO DEFINIDO61Pensin'

2022-03-08 14:36:28 - [TEST_STEP][PASSED] - setText(findTestObject("Modulo Pruebas Vinculación/Crear un Registro de Contratación/input_Sueldo Total_form_contratacionpanelTabasignacionTotal"), "2000000"): Text '2000000' is set on object 'Object Repository/Modulo Pruebas Vinculación/Crear un Registro de Contratación/input_Sueldo Total_form_contratacionpanelTabasignacionTotal'

2022-03-08 14:36:29 - [MESSAGE][PASSED] - Text '2000000' is set on object 'Object Repository/Modulo Pruebas Vinculación/Crear un Registro de Contratación/input_Sueldo Total_form_contratacionpanelTabasignacionTotal'

2022-03-08 14:36:29 - [TEST_STEP][PASSED] - selectOptionByIndex(findTestObject("Modulo Pruebas Vinculación/Crear un Registro de Contratación/select_12kataloonkataloonNOMINA CATORCENALNOMINA CATORCENALNOMINA MENSUALNOMINA QUINCENALNOMINA SEMANAL"), "8"): All options with index in [8] are selected on object 'Object Repository/Modulo Pruebas Vinculación/Crear un Registro de Contratación/select_12kataloonkataloonNOMINA CATORCENALNOMINA CATORCENALNOMINA MENSUALNOMINA QUINCENALNOMINA SEMANAL'

2022-03-08 14:36:30 - [MESSAGE][PASSED] - All options with index in [8] are selected on object 'Object Repository/Modulo Pruebas Vinculación/Crear un Registro de Contratación/select_12kataloonkataloonNOMINA CATORCENALNOMINA CATORCENALNOMINA MENSUALNOMINA QUINCENALNOMINA SEMANAL'

2022-03-08 14:36:30 - [TEST_STEP][PASSED] - setText(findTestObject("Modulo Pruebas Vinculación/Crear un Registro de Contratación/input_Sueldo_form_contratacionpanelTabasignacion"), "1000000"): Text '1000000' is set on object 'Object Repository/Modulo Pruebas Vinculación/Crear un Registro de Contratación/input_Sueldo_form_contratacionpanelTabasignacion'

2022-03-08 14:36:31 - [MESSAGE][PASSED] - Text '1000000' is set on object 'Object Repository/Modulo Pruebas Vinculación/Crear un Registro de Contratación/input_Sueldo_form_contratacionpanelTabasignacion'

2022-03-08 14:36:31 - [TEST_STEP][PASSED] - setText(findTestObject("Modulo Pruebas Vinculación/Crear un Registro de Contratación/input_Fecha de Ingreso_form_contratacionpanelTabfechaIngreso_input"), "01/07/2021"): Text '01/07/2021' is set on object 'Object Repository/Modulo Pruebas Vinculación/Crear un Registro de Contratación/input_Fecha de Ingreso_form_contratacionpanelTabfechaIngreso_input'

2022-03-08 14:36:32 - [MESSAGE][PASSED] - Text '01/07/2021' is set on object 'Object Repository/Modulo Pruebas Vinculación/Crear un Registro de Contratación/input_Fecha de Ingreso_form_contratacionpanelTabfechaIngreso_input'

2022-03-08 14:36:32 - [TEST_STEP][PASSED] - selectOptionByIndex(findTestObject("Modulo Pruebas Vinculación/Crear un Registro de Contratación/select_--Seleccione--EmpalmeNormal"), 2): All options with index in [2] are selected on object 'Object Repository/Modulo Pruebas Vinculación/Crear un Registro de Contratación/select_--Seleccione--EmpalmeNormal'

2022-03-08 14:36:33 - [MESSAGE][PASSED] - All options with index in [2] are selected on object 'Object Repository/Modulo Pruebas Vinculación/Crear un Registro de Contratación/select_--Seleccione--EmpalmeNormal'

2022-03-08 14:36:33 - [TEST_STEP][PASSED] - click(findTestObject("Modulo Pruebas Vinculación/Crear un Registro de Contratación/span_Unidad_btn_popupInformacion")): Object: 'Object Repository/Modulo Pruebas Vinculación/Crear un Registro de Contratación/span_Unidad_btn_popupInformacion' is clicked on

2022-03-08 14:36:33 - [MESSAGE][PASSED] - Object: 'Object Repository/Modulo Pruebas Vinculación/Crear un Registro de Contratación/span_Unidad_btn_popupInformacion' is clicked on

2022-03-08 14:36:33 - [TEST_STEP][PASSED] - setText(findTestObject("Modulo Pruebas Vinculación/Crear un Registro de Contratación/input_Unidad Organizacional_formPopUpUnidaddescripciones"), "ADMINISTRACION"): Text 'ADMINISTRACION' is set on object 'Object Repository/Modulo Pruebas Vinculación/Crear un Registro de Contratación/input_Unidad Organizacional_formPopUpUnidaddescripciones'

2022-03-08 14:36:34 - [MESSAGE][PASSED] - Text 'ADMINISTRACION' is set on object 'Object Repository/Modulo Pruebas Vinculación/Crear un Registro de Contratación/input_Unidad Organizacional_formPopUpUnidaddescripciones'

2022-03-08 14:36:34 - [TEST_STEP][PASSED] - sendKeys(findTestObject("Modulo Pruebas Vinculación/Crear un Registro de Contratación/input_Unidad Organizacional_formPopUpUnidaddescripciones"), Keys.chord(ENTER)): Keys 'ENTER + ' sent to object: 'Object Repository/Modulo Pruebas Vinculación/Crear un Registro de Contratación/input_Unidad Organizacional_formPopUpUnidaddescripciones'

2022-03-08 14:36:35 - [MESSAGE][PASSED] - Keys 'ENTER + ' sent to object: 'Object Repository/Modulo Pruebas Vinculación/Crear un Registro de Contratación/input_Unidad Organizacional_formPopUpUnidaddescripciones'

2022-03-08 14:36:35 - [TEST_STEP][PASSED] - click(findTestObject("Modulo Pruebas Vinculación/Crear un Registro de Contratación/span_ADMINISTRACION")): Object: 'Object Repository/Modulo Pruebas Vinculación/Crear un Registro de Contratación/span_ADMINISTRACION' is clicked on

2022-03-08 14:36:35 - [MESSAGE][PASSED] - Object: 'Object Repository/Modulo Pruebas Vinculación/Crear un Registro de Contratación/span_ADMINISTRACION' is clicked on

2022-03-08 14:36:35 - [TEST_STEP][PASSED] - click(findTestObject("Modulo Pruebas Vinculación/Crear un Registro de Contratación/span_Cargo_btn_popupInformacion")): Object: 'Object Repository/Modulo Pruebas Vinculación/Crear un Registro de Contratación/span_Cargo_btn_popupInformacion' is clicked on

2022-03-08 14:36:36 - [MESSAGE][PASSED] - Object: 'Object Repository/Modulo Pruebas Vinculación/Crear un Registro de Contratación/span_Cargo_btn_popupInformacion' is clicked on

2022-03-08 14:36:36 - [TEST_STEP][PASSED] - setText(findTestObject("Modulo Pruebas Vinculación/Crear un Registro de Contratación/input_Cargo_popupCargo_Formj_idt1354"), "ABOGADO"): Text 'ABOGADO' is set on object 'Object Repository/Modulo Pruebas Vinculación/Crear un Registro de Contratación/input_Cargo_popupCargo_Formj_idt1354'

2022-03-08 14:36:39 - [MESSAGE][PASSED] - Text 'ABOGADO' is set on object 'Object Repository/Modulo Pruebas Vinculación/Crear un Registro de Contratación/input_Cargo_popupCargo_Formj_idt1354'

2022-03-08 14:36:39 - [TEST_STEP][PASSED] - sendKeys(findTestObject("Modulo Pruebas Vinculación/Crear un Registro de Contratación/input_Cargo_popupCargo_Formj_idt1354"), Keys.chord(ENTER)): Keys 'ENTER + ' sent to object: 'Object Repository/Modulo Pruebas Vinculación/Crear un Registro de Contratación/input_Cargo_popupCargo_Formj_idt1354'

2022-03-08 14:36:39 - [MESSAGE][PASSED] - Keys 'ENTER + ' sent to object: 'Object Repository/Modulo Pruebas Vinculación/Crear un Registro de Contratación/input_Cargo_popupCargo_Formj_idt1354'

2022-03-08 14:36:39 - [TEST_STEP][PASSED] - click(findTestObject("Modulo Pruebas Vinculación/Crear un Registro de Contratación/span_ABOGADO")): Object: 'Object Repository/Modulo Pruebas Vinculación/Crear un Registro de Contratación/span_ABOGADO' is clicked on

2022-03-08 14:36:40 - [MESSAGE][PASSED] - Object: 'Object Repository/Modulo Pruebas Vinculación/Crear un Registro de Contratación/span_ABOGADO' is clicked on

2022-03-08 14:36:40 - [TEST_STEP][PASSED] - click(findTestObject("Modulo Pruebas Vinculación/Crear un Registro de Contratación/span_Zona Econmica_btn_popupInformacion")): Object: 'Object Repository/Modulo Pruebas Vinculación/Crear un Registro de Contratación/span_Zona Econmica_btn_popupInformacion' is clicked on

2022-03-08 14:36:41 - [MESSAGE][PASSED] - Object: 'Object Repository/Modulo Pruebas Vinculación/Crear un Registro de Contratación/span_Zona Econmica_btn_popupInformacion' is clicked on

2022-03-08 14:36:41 - [TEST_STEP][PASSED] - click(findTestObject("Modulo Pruebas Vinculación/Crear un Registro de Contratación/span_ADMINISTRATIVA")): Object: 'Object Repository/Modulo Pruebas Vinculación/Crear un Registro de Contratación/span_ADMINISTRATIVA' is clicked on

2022-03-08 14:36:41 - [MESSAGE][PASSED] - Object: 'Object Repository/Modulo Pruebas Vinculación/Crear un Registro de Contratación/span_ADMINISTRATIVA' is clicked on

2022-03-08 14:36:41 - [TEST_STEP][PASSED] - selectOptionByIndex(findTestObject("Modulo Pruebas Vinculación/Crear un Registro de Contratación/select_0.5APRENDIZ ETAPA LECTIVA6APRENDIZ ETAPA PRODUCTIVA96ASISTENTE"), 8): All options with index in [8] are selected on object 'Object Repository/Modulo Pruebas Vinculación/Crear un Registro de Contratación/select_0.5APRENDIZ ETAPA LECTIVA6APRENDIZ ETAPA PRODUCTIVA96ASISTENTE'

2022-03-08 14:36:43 - [MESSAGE][PASSED] - All options with index in [8] are selected on object 'Object Repository/Modulo Pruebas Vinculación/Crear un Registro de Contratación/select_0.5APRENDIZ ETAPA LECTIVA6APRENDIZ ETAPA PRODUCTIVA96ASISTENTE'

2022-03-08 14:36:43 - [TEST_STEP][PASSED] - click(findTestObject("Modulo Pruebas Vinculación/Crear un Registro de Contratación/span_Ubicacin Fsica_btn_popupInformacion")): Object: 'Object Repository/Modulo Pruebas Vinculación/Crear un Registro de Contratación/span_Ubicacin Fsica_btn_popupInformacion' is clicked on

2022-03-08 14:36:43 - [MESSAGE][PASSED] - Object: 'Object Repository/Modulo Pruebas Vinculación/Crear un Registro de Contratación/span_Ubicacin Fsica_btn_popupInformacion' is clicked on

2022-03-08 14:36:43 - [TEST_STEP][PASSED] - setText(findTestObject("Modulo Pruebas Vinculación/Crear un Registro de Contratación/input_Ubicacin Fsica_j_idt1379parametroBusquedaUbicacion"), "BOGOTÁ"): Text 'BOGOTÁ' is set on object 'Object Repository/Modulo Pruebas Vinculación/Crear un Registro de Contratación/input_Ubicacin Fsica_j_idt1379parametroBusquedaUbicacion'

2022-03-08 14:36:44 - [MESSAGE][PASSED] - Text 'BOGOTÁ' is set on object 'Object Repository/Modulo Pruebas Vinculación/Crear un Registro de Contratación/input_Ubicacin Fsica_j_idt1379parametroBusquedaUbicacion'

2022-03-08 14:36:44 - [TEST_STEP][PASSED] - sendKeys(findTestObject("Modulo Pruebas Vinculación/Crear un Registro de Contratación/input_Ubicacin Fsica_j_idt1379parametroBusquedaUbicacion"), Keys.chord(ENTER)): Keys 'ENTER + ' sent to object: 'Object Repository/Modulo Pruebas Vinculación/Crear un Registro de Contratación/input_Ubicacin Fsica_j_idt1379parametroBusquedaUbicacion'

2022-03-08 14:36:45 - [MESSAGE][PASSED] - Keys 'ENTER + ' sent to object: 'Object Repository/Modulo Pruebas Vinculación/Crear un Registro de Contratación/input_Ubicacin Fsica_j_idt1379parametroBusquedaUbicacion'

2022-03-08 14:36:45 - [TEST_STEP][PASSED] - click(findTestObject("Modulo Pruebas Vinculación/Crear un Registro de Contratación/span_BOGOT")): Object: 'Object Repository/Modulo Pruebas Vinculación/Crear un Registro de Contratación/span_BOGOT' is clicked on

2022-03-08 14:36:46 - [MESSAGE][PASSED] - Object: 'Object Repository/Modulo Pruebas Vinculación/Crear un Registro de Contratación/span_BOGOT' is clicked on

2022-03-08 14:36:46 - [TEST_STEP][PASSED] - selectOptionByIndex(findTestObject("Modulo Pruebas Vinculación/Crear un Registro de Contratación/select_-- Seleccione Linea --ADMINISTRATIVONO RELACIONADASUBCENTROS"), 1): All options with index in [1] are selected on object 'Object Repository/Modulo Pruebas Vinculación/Crear un Registro de Contratación/select_-- Seleccione Linea --ADMINISTRATIVONO RELACIONADASUBCENTROS'

2022-03-08 14:36:47 - [MESSAGE][PASSED] - All options with index in [1] are selected on object 'Object Repository/Modulo Pruebas Vinculación/Crear un Registro de Contratación/select_-- Seleccione Linea --ADMINISTRATIVONO RELACIONADASUBCENTROS'

2022-03-08 14:36:47 - [TEST_STEP][PASSED] - selectOptionByIndex(findTestObject("Modulo Pruebas Vinculación/Crear un Registro de Contratación/select_--Seleccione--EmpalmeNormal"), 2): All options with index in [2] are selected on object 'Object Repository/Modulo Pruebas Vinculación/Crear un Registro de Contratación/select_--Seleccione--EmpalmeNormal'

2022-03-08 14:36:48 - [MESSAGE][PASSED] - All options with index in [2] are selected on object 'Object Repository/Modulo Pruebas Vinculación/Crear un Registro de Contratación/select_--Seleccione--EmpalmeNormal'

2022-03-08 14:36:48 - [TEST_STEP][PASSED] - selectOptionByIndex(findTestObject("Modulo Pruebas Vinculación/Crear un Registro de Contratación/select_12kataloonkataloonNOMINA CATORCENALNOMINA"), 8): All options with index in [8] are selected on object 'Object Repository/Modulo Pruebas Vinculación/Crear un Registro de Contratación/select_12kataloonkataloonNOMINA CATORCENALNOMINA'

2022-03-08 14:36:49 - [MESSAGE][PASSED] - All options with index in [8] are selected on object 'Object Repository/Modulo Pruebas Vinculación/Crear un Registro de Contratación/select_12kataloonkataloonNOMINA CATORCENALNOMINA'

2022-03-08 14:36:49 - [TEST_STEP][PASSED] - click(findTestObject("Modulo Pruebas Vinculación/Crear un Registro de Contratación/a_Guardar")): Object: 'Object Repository/Modulo Pruebas Vinculación/Crear un Registro de Contratación/a_Guardar' is clicked on

2022-03-08 14:36:49 - [MESSAGE][PASSED] - Object: 'Object Repository/Modulo Pruebas Vinculación/Crear un Registro de Contratación/a_Guardar' is clicked on

2022-03-08 14:36:49 - [TEST_STEP][PASSED] - closeBrowser(): Browser is closed

2022-03-08 14:36:50 - [MESSAGE][PASSED] - Browser is closed]]></system-out>
         <system-err><![CDATA[]]></system-err>
      </testcase>
      <testcase name="Test Cases/7.1-Pruebas_Vinculación/7.1.5-Validar_la_creación_del_Registro_de_Contratación_por_BPM" time="19.818" classname="Test Cases/7.1-Pruebas_Vinculación/7.1.5-Validar_la_creación_del_Registro_de_Contratación_por_BPM" status="PASSED">
         <system-out><![CDATA[2022-03-08 14:36:50 - [TEST_CASE][PASSED] - Test Cases/7.1-Pruebas_Vinculación/7.1.5-Validar_la_creación_del_Registro_de_Contratación_por_BPM: Test Cases/7.1-Pruebas_Vinculación/7.1.5-Validar_la_creación_del_Registro_de_Contratación_por_BPM

2022-03-08 14:36:50 - [TEST_STEP][PASSED] - callTestCase(findTestCase("0.1-Login"), [:], STOP_ON_FAILURE): Call Test Case 'Test Cases/0.1-Login' successfully

2022-03-08 14:36:51 - [TEST_CASE][PASSED] - Test Cases/0.1-Login: Test Cases/0.1-Login

2022-03-08 14:36:51 - [TEST_STEP][PASSED] - openBrowser(""): Browser is opened with url: ''

2022-03-08 14:36:51 - [MESSAGE][INFO] - Starting 'Chrome' driver

2022-03-08 14:36:51 - [MESSAGE][INFO] - Action delay is set to 0 milliseconds

2022-03-08 14:36:52 - [MESSAGE][PASSED] - Browser is opened with url: ''

2022-03-08 14:36:52 - [TEST_STEP][PASSED] - maximizeWindow(): Current window maximized

2022-03-08 14:36:52 - [MESSAGE][PASSED] - Current window maximized

2022-03-08 14:36:52 - [TEST_STEP][PASSED] - i = G_Login: null

2022-03-08 14:36:52 - [TEST_STEP][PASSED] - url = new java.net.URL(i): null

2022-03-08 14:36:52 - [TEST_STEP][PASSED] - println("URL: " + url.toString()): null

2022-03-08 14:36:52 - [TEST_STEP][PASSED] - connection = url.openConnection(): null

2022-03-08 14:36:52 - [TEST_STEP][PASSED] - connection.setRequestMethod("GET"): null

2022-03-08 14:36:52 - [TEST_STEP][PASSED] - connection.setReadTimeout(2 * 1000): null

2022-03-08 14:36:52 - [TEST_STEP][PASSED] - try: null

2022-03-08 14:36:52 - [TEST_STEP][PASSED] - connection.connect(): null

2022-03-08 14:36:52 - [TEST_STEP][PASSED] - flag = connected: null

2022-03-08 14:36:52 - [TEST_STEP][PASSED] - println("Valor_ori: " + flag): null

2022-03-08 14:36:52 - [TEST_STEP][PASSED] - if (flag): null

2022-03-08 14:36:52 - [TEST_STEP][PASSED] - navigateToUrl(i): Navigate to 'http://192.168.2.80:8380/saraweb' successfully

2022-03-08 14:36:52 - [MESSAGE][PASSED] - Navigate to 'http://192.168.2.80:8380/saraweb' successfully

2022-03-08 14:36:52 - [TEST_STEP][PASSED] - a(): null

2022-03-08 14:36:52 - [TEST_STEP][PASSED] - setText(findTestObject("Login/input_USUARIO_loginusuario"), G_Usuario): Text 'saraadmin' is set on object 'Object Repository/Login/input_USUARIO_loginusuario'

2022-03-08 14:36:53 - [MESSAGE][PASSED] - Text 'saraadmin' is set on object 'Object Repository/Login/input_USUARIO_loginusuario'

2022-03-08 14:36:53 - [TEST_STEP][PASSED] - setEncryptedText(findTestObject("Login/input_CLAVE_loginpassword"), "MkG4/TYiCFC3cb2driP7+Q=="): Text ****** has been set on object 'Object Repository/Login/input_CLAVE_loginpassword'

2022-03-08 14:36:54 - [MESSAGE][PASSED] - Text ****** has been set on object 'Object Repository/Login/input_CLAVE_loginpassword'

2022-03-08 14:36:54 - [TEST_STEP][PASSED] - waitForElementClickable(findTestObject("Login/a_Ingresar"), G_TimeOut): Object 'Object Repository/Login/a_Ingresar' is clickable

2022-03-08 14:36:54 - [MESSAGE][PASSED] - Object 'Object Repository/Login/a_Ingresar' is clickable

2022-03-08 14:36:54 - [TEST_STEP][PASSED] - click(findTestObject("Login/a_Ingresar")): Object: 'Object Repository/Login/a_Ingresar' is clicked on

2022-03-08 14:36:55 - [MESSAGE][PASSED] - Object: 'Object Repository/Login/a_Ingresar' is clicked on

2022-03-08 14:36:55 - [TEST_STEP][PASSED] - element = findWebElement(findTestObject("Login/a_Ir"), 30): null

2022-03-08 14:36:55 - [TEST_STEP][PASSED] - executeJavaScript("arguments[0].click()", Arrays.asList(element)): Execute JavaScript 'arguments[0].click()' successfully

2022-03-08 14:36:55 - [MESSAGE][PASSED] - Execute JavaScript 'arguments[0].click()' successfully

2022-03-08 14:36:55 - [MESSAGE][PASSED] - Call Test Case 'Test Cases/0.1-Login' successfully

2022-03-08 14:36:55 - [TEST_STEP][PASSED] - setText(findTestObject("Modulo Pruebas Vinculación/Validar_la_creación_del_Registro_de_Contratación_por_BPM/input_Empresa 1_form_templatej_idt24_input"), "proceso de seleccion"): Text 'proceso de seleccion' is set on object 'Object Repository/Modulo Pruebas Vinculación/Validar_la_creación_del_Registro_de_Contratación_por_BPM/input_Empresa 1_form_templatej_idt24_input'

2022-03-08 14:36:57 - [MESSAGE][PASSED] - Text 'proceso de seleccion' is set on object 'Object Repository/Modulo Pruebas Vinculación/Validar_la_creación_del_Registro_de_Contratación_por_BPM/input_Empresa 1_form_templatej_idt24_input'

2022-03-08 14:36:57 - [TEST_STEP][PASSED] - click(findTestObject("Modulo Pruebas Vinculación/Validar_la_creación_del_Registro_de_Contratación_por_BPM/span_Proceso de Seleccion")): Object: 'Object Repository/Modulo Pruebas Vinculación/Validar_la_creación_del_Registro_de_Contratación_por_BPM/span_Proceso de Seleccion' is clicked on

2022-03-08 14:36:59 - [MESSAGE][PASSED] - Object: 'Object Repository/Modulo Pruebas Vinculación/Validar_la_creación_del_Registro_de_Contratación_por_BPM/span_Proceso de Seleccion' is clicked on

2022-03-08 14:36:59 - [TEST_STEP][PASSED] - click(findTestObject("Modulo Pruebas Vinculación/Validar_la_creación_del_Registro_de_Contratación_por_BPM/a_Nuevo")): Object: 'Object Repository/Modulo Pruebas Vinculación/Validar_la_creación_del_Registro_de_Contratación_por_BPM/a_Nuevo' is clicked on

2022-03-08 14:37:00 - [MESSAGE][PASSED] - Object: 'Object Repository/Modulo Pruebas Vinculación/Validar_la_creación_del_Registro_de_Contratación_por_BPM/a_Nuevo' is clicked on

2022-03-08 14:37:00 - [TEST_STEP][PASSED] - selectOptionByIndex(findTestObject("Modulo Pruebas Vinculación/Validar_la_creación_del_Registro_de_Contratación_por_BPM/select_SeleccionarSiNo"), 2): All options with index in [2] are selected on object 'Object Repository/Modulo Pruebas Vinculación/Validar_la_creación_del_Registro_de_Contratación_por_BPM/select_SeleccionarSiNo'

2022-03-08 14:37:01 - [MESSAGE][PASSED] - All options with index in [2] are selected on object 'Object Repository/Modulo Pruebas Vinculación/Validar_la_creación_del_Registro_de_Contratación_por_BPM/select_SeleccionarSiNo'

2022-03-08 14:37:01 - [TEST_STEP][PASSED] - selectOptionByIndex(findTestObject("Modulo Pruebas Vinculación/Validar_la_creación_del_Registro_de_Contratación_por_BPM/select_--Seleccione--CALIDADMENSUAL ABCMODELO EMPRESA QUINCENALPANSIONADOSPENSIONADOS BASEPRUEBAS"), 1): All options with index in [1] are selected on object 'Object Repository/Modulo Pruebas Vinculación/Validar_la_creación_del_Registro_de_Contratación_por_BPM/select_--Seleccione--CALIDADMENSUAL ABCMODELO EMPRESA QUINCENALPANSIONADOSPENSIONADOS BASEPRUEBAS'

2022-03-08 14:37:02 - [MESSAGE][PASSED] - All options with index in [1] are selected on object 'Object Repository/Modulo Pruebas Vinculación/Validar_la_creación_del_Registro_de_Contratación_por_BPM/select_--Seleccione--CALIDADMENSUAL ABCMODELO EMPRESA QUINCENALPANSIONADOSPENSIONADOS BASEPRUEBAS'

2022-03-08 14:37:02 - [TEST_STEP][PASSED] - click(findTestObject("Modulo Pruebas Vinculación/Validar_la_creación_del_Registro_de_Contratación_por_BPM/a_Unidad Organizacional_popupConfirmacionRequerimientoj_idt132")): Object: 'Object Repository/Modulo Pruebas Vinculación/Validar_la_creación_del_Registro_de_Contratación_por_BPM/a_Unidad Organizacional_popupConfirmacionRequerimientoj_idt132' is clicked on

2022-03-08 14:37:03 - [MESSAGE][PASSED] - Object: 'Object Repository/Modulo Pruebas Vinculación/Validar_la_creación_del_Registro_de_Contratación_por_BPM/a_Unidad Organizacional_popupConfirmacionRequerimientoj_idt132' is clicked on

2022-03-08 14:37:03 - [TEST_STEP][PASSED] - setText(findTestObject("Modulo Pruebas Vinculación/Validar_la_creación_del_Registro_de_Contratación_por_BPM/input_Unidad Organizacional_formPopUpUnidaddescripciones"), "ADMINISTRACION"): Text 'ADMINISTRACION' is set on object 'Object Repository/Modulo Pruebas Vinculación/Validar_la_creación_del_Registro_de_Contratación_por_BPM/input_Unidad Organizacional_formPopUpUnidaddescripciones'

2022-03-08 14:37:04 - [MESSAGE][PASSED] - Text 'ADMINISTRACION' is set on object 'Object Repository/Modulo Pruebas Vinculación/Validar_la_creación_del_Registro_de_Contratación_por_BPM/input_Unidad Organizacional_formPopUpUnidaddescripciones'

2022-03-08 14:37:04 - [TEST_STEP][PASSED] - sendKeys(findTestObject("Modulo Pruebas Vinculación/Validar_la_creación_del_Registro_de_Contratación_por_BPM/input_Unidad Organizacional_formPopUpUnidaddescripciones"), Keys.chord(ENTER)): Keys 'ENTER + ' sent to object: 'Object Repository/Modulo Pruebas Vinculación/Validar_la_creación_del_Registro_de_Contratación_por_BPM/input_Unidad Organizacional_formPopUpUnidaddescripciones'

2022-03-08 14:37:04 - [MESSAGE][PASSED] - Keys 'ENTER + ' sent to object: 'Object Repository/Modulo Pruebas Vinculación/Validar_la_creación_del_Registro_de_Contratación_por_BPM/input_Unidad Organizacional_formPopUpUnidaddescripciones'

2022-03-08 14:37:04 - [TEST_STEP][PASSED] - click(findTestObject("Modulo Pruebas Vinculación/Validar_la_creación_del_Registro_de_Contratación_por_BPM/span_ADMINISTRACION")): Object: 'Object Repository/Modulo Pruebas Vinculación/Validar_la_creación_del_Registro_de_Contratación_por_BPM/span_ADMINISTRACION' is clicked on

2022-03-08 14:37:05 - [MESSAGE][PASSED] - Object: 'Object Repository/Modulo Pruebas Vinculación/Validar_la_creación_del_Registro_de_Contratación_por_BPM/span_ADMINISTRACION' is clicked on

2022-03-08 14:37:05 - [TEST_STEP][PASSED] - click(findTestObject("Modulo Pruebas Vinculación/Validar_la_creación_del_Registro_de_Contratación_por_BPM/a_Cargo_popupConfirmacionRequerimientoj_idt136")): Object: 'Object Repository/Modulo Pruebas Vinculación/Validar_la_creación_del_Registro_de_Contratación_por_BPM/a_Cargo_popupConfirmacionRequerimientoj_idt136' is clicked on

2022-03-08 14:37:06 - [MESSAGE][PASSED] - Object: 'Object Repository/Modulo Pruebas Vinculación/Validar_la_creación_del_Registro_de_Contratación_por_BPM/a_Cargo_popupConfirmacionRequerimientoj_idt136' is clicked on

2022-03-08 14:37:06 - [TEST_STEP][PASSED] - setText(findTestObject("Modulo Pruebas Vinculación/Validar_la_creación_del_Registro_de_Contratación_por_BPM/input_Cargo_popupCargo_Formj_idt668"), "ABOGADO"): Text 'ABOGADO' is set on object 'Object Repository/Modulo Pruebas Vinculación/Validar_la_creación_del_Registro_de_Contratación_por_BPM/input_Cargo_popupCargo_Formj_idt668'

2022-03-08 14:37:07 - [MESSAGE][PASSED] - Text 'ABOGADO' is set on object 'Object Repository/Modulo Pruebas Vinculación/Validar_la_creación_del_Registro_de_Contratación_por_BPM/input_Cargo_popupCargo_Formj_idt668'

2022-03-08 14:37:07 - [TEST_STEP][PASSED] - sendKeys(findTestObject("Modulo Pruebas Vinculación/Validar_la_creación_del_Registro_de_Contratación_por_BPM/input_Cargo_popupCargo_Formj_idt668"), Keys.chord(ENTER)): Keys 'ENTER + ' sent to object: 'Object Repository/Modulo Pruebas Vinculación/Validar_la_creación_del_Registro_de_Contratación_por_BPM/input_Cargo_popupCargo_Formj_idt668'

2022-03-08 14:37:08 - [MESSAGE][PASSED] - Keys 'ENTER + ' sent to object: 'Object Repository/Modulo Pruebas Vinculación/Validar_la_creación_del_Registro_de_Contratación_por_BPM/input_Cargo_popupCargo_Formj_idt668'

2022-03-08 14:37:08 - [TEST_STEP][PASSED] - click(findTestObject("Modulo Pruebas Vinculación/Validar_la_creación_del_Registro_de_Contratación_por_BPM/span_ABOGADO")): Object: 'Object Repository/Modulo Pruebas Vinculación/Validar_la_creación_del_Registro_de_Contratación_por_BPM/span_ABOGADO' is clicked on

2022-03-08 14:37:08 - [MESSAGE][PASSED] - Object: 'Object Repository/Modulo Pruebas Vinculación/Validar_la_creación_del_Registro_de_Contratación_por_BPM/span_ABOGADO' is clicked on

2022-03-08 14:37:08 - [TEST_STEP][PASSED] - selectOptionByIndex(findTestObject("Modulo Pruebas Vinculación/Validar_la_creación_del_Registro_de_Contratación_por_BPM/select_--Seleccione--Primer Modelo Seleccin R. Modelo Etapa"), 1): All options with index in [1] are selected on object 'Object Repository/Modulo Pruebas Vinculación/Validar_la_creación_del_Registro_de_Contratación_por_BPM/select_--Seleccione--Primer Modelo Seleccin R. Modelo Etapa'

2022-03-08 14:37:09 - [MESSAGE][PASSED] - All options with index in [1] are selected on object 'Object Repository/Modulo Pruebas Vinculación/Validar_la_creación_del_Registro_de_Contratación_por_BPM/select_--Seleccione--Primer Modelo Seleccin R. Modelo Etapa'

2022-03-08 14:37:09 - [TEST_STEP][PASSED] - click(findTestObject("Modulo Pruebas Vinculación/Validar_la_creación_del_Registro_de_Contratación_por_BPM/a_Continuar")): Object: 'Object Repository/Modulo Pruebas Vinculación/Validar_la_creación_del_Registro_de_Contratación_por_BPM/a_Continuar' is clicked on

2022-03-08 14:37:10 - [MESSAGE][PASSED] - Object: 'Object Repository/Modulo Pruebas Vinculación/Validar_la_creación_del_Registro_de_Contratación_por_BPM/a_Continuar' is clicked on]]></system-out>
         <system-err><![CDATA[]]></system-err>
      </testcase>
      <testcase name="Test Cases/7.1-Pruebas_Vinculación/7.1.6-Validar_Documentos" time="18.752" classname="Test Cases/7.1-Pruebas_Vinculación/7.1.6-Validar_Documentos" status="PASSED">
         <system-out><![CDATA[2022-03-08 14:37:10 - [TEST_CASE][PASSED] - Test Cases/7.1-Pruebas_Vinculación/7.1.6-Validar_Documentos: Test Cases/7.1-Pruebas_Vinculación/7.1.6-Validar_Documentos

2022-03-08 14:37:10 - [TEST_STEP][PASSED] - callTestCase(findTestCase("0.1-Login"), [:], STOP_ON_FAILURE): Call Test Case 'Test Cases/0.1-Login' successfully

2022-03-08 14:37:10 - [TEST_CASE][PASSED] - Test Cases/0.1-Login: Test Cases/0.1-Login

2022-03-08 14:37:10 - [TEST_STEP][PASSED] - openBrowser(""): Browser is opened with url: ''

2022-03-08 14:37:10 - [MESSAGE][WARNING] - A browser is already opened. Closing browser and opening a new one

2022-03-08 14:37:12 - [MESSAGE][INFO] - Starting 'Chrome' driver

2022-03-08 14:37:12 - [MESSAGE][INFO] - Action delay is set to 0 milliseconds

2022-03-08 14:37:13 - [MESSAGE][PASSED] - Browser is opened with url: ''

2022-03-08 14:37:13 - [TEST_STEP][PASSED] - maximizeWindow(): Current window maximized

2022-03-08 14:37:13 - [MESSAGE][PASSED] - Current window maximized

2022-03-08 14:37:13 - [TEST_STEP][PASSED] - i = G_Login: null

2022-03-08 14:37:13 - [TEST_STEP][PASSED] - url = new java.net.URL(i): null

2022-03-08 14:37:13 - [TEST_STEP][PASSED] - println("URL: " + url.toString()): null

2022-03-08 14:37:13 - [TEST_STEP][PASSED] - connection = url.openConnection(): null

2022-03-08 14:37:13 - [TEST_STEP][PASSED] - connection.setRequestMethod("GET"): null

2022-03-08 14:37:13 - [TEST_STEP][PASSED] - connection.setReadTimeout(2 * 1000): null

2022-03-08 14:37:13 - [TEST_STEP][PASSED] - try: null

2022-03-08 14:37:13 - [TEST_STEP][PASSED] - connection.connect(): null

2022-03-08 14:37:13 - [TEST_STEP][PASSED] - flag = connected: null

2022-03-08 14:37:13 - [TEST_STEP][PASSED] - println("Valor_ori: " + flag): null

2022-03-08 14:37:13 - [TEST_STEP][PASSED] - if (flag): null

2022-03-08 14:37:13 - [TEST_STEP][PASSED] - navigateToUrl(i): Navigate to 'http://192.168.2.80:8380/saraweb' successfully

2022-03-08 14:37:13 - [MESSAGE][PASSED] - Navigate to 'http://192.168.2.80:8380/saraweb' successfully

2022-03-08 14:37:13 - [TEST_STEP][PASSED] - a(): null

2022-03-08 14:37:13 - [TEST_STEP][PASSED] - setText(findTestObject("Login/input_USUARIO_loginusuario"), G_Usuario): Text 'saraadmin' is set on object 'Object Repository/Login/input_USUARIO_loginusuario'

2022-03-08 14:37:14 - [MESSAGE][PASSED] - Text 'saraadmin' is set on object 'Object Repository/Login/input_USUARIO_loginusuario'

2022-03-08 14:37:14 - [TEST_STEP][PASSED] - setEncryptedText(findTestObject("Login/input_CLAVE_loginpassword"), "MkG4/TYiCFC3cb2driP7+Q=="): Text ****** has been set on object 'Object Repository/Login/input_CLAVE_loginpassword'

2022-03-08 14:37:15 - [MESSAGE][PASSED] - Text ****** has been set on object 'Object Repository/Login/input_CLAVE_loginpassword'

2022-03-08 14:37:15 - [TEST_STEP][PASSED] - waitForElementClickable(findTestObject("Login/a_Ingresar"), G_TimeOut): Object 'Object Repository/Login/a_Ingresar' is clickable

2022-03-08 14:37:15 - [MESSAGE][PASSED] - Object 'Object Repository/Login/a_Ingresar' is clickable

2022-03-08 14:37:15 - [TEST_STEP][PASSED] - click(findTestObject("Login/a_Ingresar")): Object: 'Object Repository/Login/a_Ingresar' is clicked on

2022-03-08 14:37:16 - [MESSAGE][PASSED] - Object: 'Object Repository/Login/a_Ingresar' is clicked on

2022-03-08 14:37:16 - [TEST_STEP][PASSED] - element = findWebElement(findTestObject("Login/a_Ir"), 30): null

2022-03-08 14:37:16 - [TEST_STEP][PASSED] - executeJavaScript("arguments[0].click()", Arrays.asList(element)): Execute JavaScript 'arguments[0].click()' successfully

2022-03-08 14:37:16 - [MESSAGE][PASSED] - Execute JavaScript 'arguments[0].click()' successfully

2022-03-08 14:37:16 - [MESSAGE][PASSED] - Call Test Case 'Test Cases/0.1-Login' successfully

2022-03-08 14:37:16 - [TEST_STEP][PASSED] - setText(findTestObject("Modulo Pruebas Vinculación/Validar_Documentos/input_Empresa 1_form_templatej_idt24_input"), "listado contratacion"): Text 'listado contratacion' is set on object 'Object Repository/Modulo Pruebas Vinculación/Validar_Documentos/input_Empresa 1_form_templatej_idt24_input'

2022-03-08 14:37:18 - [MESSAGE][PASSED] - Text 'listado contratacion' is set on object 'Object Repository/Modulo Pruebas Vinculación/Validar_Documentos/input_Empresa 1_form_templatej_idt24_input'

2022-03-08 14:37:18 - [TEST_STEP][PASSED] - click(findTestObject("Modulo Pruebas Vinculación/Validar_Documentos/li_Listado Contratacion (tal)")): Object: 'Object Repository/Modulo Pruebas Vinculación/Validar_Documentos/li_Listado Contratacion (tal)' is clicked on

2022-03-08 14:37:20 - [MESSAGE][PASSED] - Object: 'Object Repository/Modulo Pruebas Vinculación/Validar_Documentos/li_Listado Contratacion (tal)' is clicked on

2022-03-08 14:37:20 - [TEST_STEP][PASSED] - if (waitForElementVisible(findTestObject("Modulo Pruebas Vinculación/Validar_Documentos/td_A A A - Copy"), 1)): null

2022-03-08 14:37:21 - [MESSAGE][PASSED] - Object 'Object Repository/Modulo Pruebas Vinculación/Validar_Documentos/td_A A A - Copy' is visible

2022-03-08 14:37:21 - [TEST_STEP][PASSED] - click(findTestObject("Modulo Pruebas Vinculación/Validar_Documentos/td_A A A - Copy")): Object: 'Object Repository/Modulo Pruebas Vinculación/Validar_Documentos/td_A A A - Copy' is clicked on

2022-03-08 14:37:21 - [MESSAGE][PASSED] - Object: 'Object Repository/Modulo Pruebas Vinculación/Validar_Documentos/td_A A A - Copy' is clicked on

2022-03-08 14:37:21 - [TEST_STEP][PASSED] - click(findTestObject("Modulo Pruebas Vinculación/Validar_Documentos/a_Actividad")): Object: 'Object Repository/Modulo Pruebas Vinculación/Validar_Documentos/a_Actividad' is clicked on

2022-03-08 14:37:23 - [MESSAGE][PASSED] - Object: 'Object Repository/Modulo Pruebas Vinculación/Validar_Documentos/a_Actividad' is clicked on

2022-03-08 14:37:23 - [TEST_STEP][PASSED] - click(findTestObject("Modulo Pruebas Vinculación/Validar_Documentos/td_Responsable Tarea 1. Validar Documentos")): Object: 'Object Repository/Modulo Pruebas Vinculación/Validar_Documentos/td_Responsable Tarea 1. Validar Documentos' is clicked on

2022-03-08 14:37:23 - [MESSAGE][PASSED] - Object: 'Object Repository/Modulo Pruebas Vinculación/Validar_Documentos/td_Responsable Tarea 1. Validar Documentos' is clicked on

2022-03-08 14:37:23 - [TEST_STEP][PASSED] - if (waitForElementVisible(findTestObject("Modulo Pruebas Vinculación/Validar_Documentos/td_Cdula"), 1)): null

2022-03-08 14:37:24 - [MESSAGE][PASSED] - Object 'Object Repository/Modulo Pruebas Vinculación/Validar_Documentos/td_Cdula' is visible

2022-03-08 14:37:24 - [TEST_STEP][PASSED] - click(findTestObject("Modulo Pruebas Vinculación/Validar_Documentos/td_Cdula")): Object: 'Object Repository/Modulo Pruebas Vinculación/Validar_Documentos/td_Cdula' is clicked on

2022-03-08 14:37:25 - [MESSAGE][PASSED] - Object: 'Object Repository/Modulo Pruebas Vinculación/Validar_Documentos/td_Cdula' is clicked on

2022-03-08 14:37:25 - [TEST_STEP][PASSED] - selectOptionByIndex(findTestObject("Modulo Pruebas Vinculación/Validar_Documentos/select_-Seleccione-CumplidoNo AplicaNo Cumplido"), 3): All options with index in [3] are selected on object 'Object Repository/Modulo Pruebas Vinculación/Validar_Documentos/select_-Seleccione-CumplidoNo AplicaNo Cumplido'

2022-03-08 14:37:26 - [MESSAGE][PASSED] - All options with index in [3] are selected on object 'Object Repository/Modulo Pruebas Vinculación/Validar_Documentos/select_-Seleccione-CumplidoNo AplicaNo Cumplido'

2022-03-08 14:37:26 - [TEST_STEP][PASSED] - setText(findTestObject("Modulo Pruebas Vinculación/Validar_Documentos/textarea_Observacin_requisitoHoja_formobservacion"), "Pruebas katalon"): Text 'Pruebas katalon' is set on object 'Object Repository/Modulo Pruebas Vinculación/Validar_Documentos/textarea_Observacin_requisitoHoja_formobservacion'

2022-03-08 14:37:27 - [MESSAGE][PASSED] - Text 'Pruebas katalon' is set on object 'Object Repository/Modulo Pruebas Vinculación/Validar_Documentos/textarea_Observacin_requisitoHoja_formobservacion'

2022-03-08 14:37:27 - [TEST_STEP][PASSED] - click(findTestObject("Modulo Pruebas Vinculación/Validar_Documentos/a_Actualizar")): Object: 'Object Repository/Modulo Pruebas Vinculación/Validar_Documentos/a_Actualizar' is clicked on

2022-03-08 14:37:27 - [MESSAGE][PASSED] - Object: 'Object Repository/Modulo Pruebas Vinculación/Validar_Documentos/a_Actualizar' is clicked on

2022-03-08 14:37:27 - [TEST_STEP][PASSED] - click(findTestObject("Modulo Pruebas Vinculación/Validar_Documentos/a_Aplicar")): Object: 'Object Repository/Modulo Pruebas Vinculación/Validar_Documentos/a_Aplicar' is clicked on

2022-03-08 14:37:28 - [MESSAGE][PASSED] - Object: 'Object Repository/Modulo Pruebas Vinculación/Validar_Documentos/a_Aplicar' is clicked on

2022-03-08 14:37:28 - [TEST_STEP][PASSED] - closeBrowser(): Browser is closed

2022-03-08 14:37:29 - [MESSAGE][PASSED] - Browser is closed]]></system-out>
         <system-err><![CDATA[]]></system-err>
      </testcase>
      <testcase name="Test Cases/7.1-Pruebas_Vinculación/7.1.7-Elaborar_Contrato" time="13.87" classname="Test Cases/7.1-Pruebas_Vinculación/7.1.7-Elaborar_Contrato" status="PASSED">
         <system-out><![CDATA[2022-03-08 14:37:29 - [TEST_CASE][PASSED] - Test Cases/7.1-Pruebas_Vinculación/7.1.7-Elaborar_Contrato: Test Cases/7.1-Pruebas_Vinculación/7.1.7-Elaborar_Contrato

2022-03-08 14:37:29 - [TEST_STEP][PASSED] - callTestCase(findTestCase("0.1-Login"), [:], STOP_ON_FAILURE): Call Test Case 'Test Cases/0.1-Login' successfully

2022-03-08 14:37:29 - [TEST_CASE][PASSED] - Test Cases/0.1-Login: Test Cases/0.1-Login

2022-03-08 14:37:29 - [TEST_STEP][PASSED] - openBrowser(""): Browser is opened with url: ''

2022-03-08 14:37:29 - [MESSAGE][INFO] - Starting 'Chrome' driver

2022-03-08 14:37:29 - [MESSAGE][INFO] - Action delay is set to 0 milliseconds

2022-03-08 14:37:30 - [MESSAGE][PASSED] - Browser is opened with url: ''

2022-03-08 14:37:30 - [TEST_STEP][PASSED] - maximizeWindow(): Current window maximized

2022-03-08 14:37:30 - [MESSAGE][PASSED] - Current window maximized

2022-03-08 14:37:30 - [TEST_STEP][PASSED] - i = G_Login: null

2022-03-08 14:37:30 - [TEST_STEP][PASSED] - url = new java.net.URL(i): null

2022-03-08 14:37:30 - [TEST_STEP][PASSED] - println("URL: " + url.toString()): null

2022-03-08 14:37:30 - [TEST_STEP][PASSED] - connection = url.openConnection(): null

2022-03-08 14:37:30 - [TEST_STEP][PASSED] - connection.setRequestMethod("GET"): null

2022-03-08 14:37:30 - [TEST_STEP][PASSED] - connection.setReadTimeout(2 * 1000): null

2022-03-08 14:37:30 - [TEST_STEP][PASSED] - try: null

2022-03-08 14:37:30 - [TEST_STEP][PASSED] - connection.connect(): null

2022-03-08 14:37:30 - [TEST_STEP][PASSED] - flag = connected: null

2022-03-08 14:37:30 - [TEST_STEP][PASSED] - println("Valor_ori: " + flag): null

2022-03-08 14:37:30 - [TEST_STEP][PASSED] - if (flag): null

2022-03-08 14:37:30 - [TEST_STEP][PASSED] - navigateToUrl(i): Navigate to 'http://192.168.2.80:8380/saraweb' successfully

2022-03-08 14:37:31 - [MESSAGE][PASSED] - Navigate to 'http://192.168.2.80:8380/saraweb' successfully

2022-03-08 14:37:31 - [TEST_STEP][PASSED] - a(): null

2022-03-08 14:37:31 - [TEST_STEP][PASSED] - setText(findTestObject("Login/input_USUARIO_loginusuario"), G_Usuario): Text 'saraadmin' is set on object 'Object Repository/Login/input_USUARIO_loginusuario'

2022-03-08 14:37:32 - [MESSAGE][PASSED] - Text 'saraadmin' is set on object 'Object Repository/Login/input_USUARIO_loginusuario'

2022-03-08 14:37:32 - [TEST_STEP][PASSED] - setEncryptedText(findTestObject("Login/input_CLAVE_loginpassword"), "MkG4/TYiCFC3cb2driP7+Q=="): Text ****** has been set on object 'Object Repository/Login/input_CLAVE_loginpassword'

2022-03-08 14:37:32 - [MESSAGE][PASSED] - Text ****** has been set on object 'Object Repository/Login/input_CLAVE_loginpassword'

2022-03-08 14:37:32 - [TEST_STEP][PASSED] - waitForElementClickable(findTestObject("Login/a_Ingresar"), G_TimeOut): Object 'Object Repository/Login/a_Ingresar' is clickable

2022-03-08 14:37:33 - [MESSAGE][PASSED] - Object 'Object Repository/Login/a_Ingresar' is clickable

2022-03-08 14:37:33 - [TEST_STEP][PASSED] - click(findTestObject("Login/a_Ingresar")): Object: 'Object Repository/Login/a_Ingresar' is clicked on

2022-03-08 14:37:34 - [MESSAGE][PASSED] - Object: 'Object Repository/Login/a_Ingresar' is clicked on

2022-03-08 14:37:34 - [TEST_STEP][PASSED] - element = findWebElement(findTestObject("Login/a_Ir"), 30): null

2022-03-08 14:37:34 - [TEST_STEP][PASSED] - executeJavaScript("arguments[0].click()", Arrays.asList(element)): Execute JavaScript 'arguments[0].click()' successfully

2022-03-08 14:37:34 - [MESSAGE][PASSED] - Execute JavaScript 'arguments[0].click()' successfully

2022-03-08 14:37:34 - [MESSAGE][PASSED] - Call Test Case 'Test Cases/0.1-Login' successfully

2022-03-08 14:37:34 - [TEST_STEP][PASSED] - setText(findTestObject("Modulo Pruebas Vinculación/Elaborar_Contrato/input_Empresa 1_form_templatej_idt24_input"), "Listado Contratacion"): Text 'Listado Contratacion' is set on object 'Object Repository/Modulo Pruebas Vinculación/Elaborar_Contrato/input_Empresa 1_form_templatej_idt24_input'

2022-03-08 14:37:35 - [MESSAGE][PASSED] - Text 'Listado Contratacion' is set on object 'Object Repository/Modulo Pruebas Vinculación/Elaborar_Contrato/input_Empresa 1_form_templatej_idt24_input'

2022-03-08 14:37:35 - [TEST_STEP][PASSED] - click(findTestObject("Modulo Pruebas Vinculación/Elaborar_Contrato/span_Listado Contratacion")): Object: 'Object Repository/Modulo Pruebas Vinculación/Elaborar_Contrato/span_Listado Contratacion' is clicked on

2022-03-08 14:37:37 - [MESSAGE][PASSED] - Object: 'Object Repository/Modulo Pruebas Vinculación/Elaborar_Contrato/span_Listado Contratacion' is clicked on

2022-03-08 14:37:37 - [TEST_STEP][PASSED] - if (waitForElementVisible(findTestObject("Modulo Pruebas Vinculación/Elaborar_Contrato/td_A A A"), 1)): null

2022-03-08 14:37:38 - [MESSAGE][PASSED] - Object 'Object Repository/Modulo Pruebas Vinculación/Elaborar_Contrato/td_A A A' is visible

2022-03-08 14:37:38 - [TEST_STEP][PASSED] - click(findTestObject("Modulo Pruebas Vinculación/Elaborar_Contrato/td_A A A")): Object: 'Object Repository/Modulo Pruebas Vinculación/Elaborar_Contrato/td_A A A' is clicked on

2022-03-08 14:37:39 - [MESSAGE][PASSED] - Object: 'Object Repository/Modulo Pruebas Vinculación/Elaborar_Contrato/td_A A A' is clicked on

2022-03-08 14:37:39 - [TEST_STEP][PASSED] - click(findTestObject("Modulo Pruebas Vinculación/Elaborar_Contrato/a_Actividad")): Object: 'Object Repository/Modulo Pruebas Vinculación/Elaborar_Contrato/a_Actividad' is clicked on

2022-03-08 14:37:40 - [MESSAGE][PASSED] - Object: 'Object Repository/Modulo Pruebas Vinculación/Elaborar_Contrato/a_Actividad' is clicked on

2022-03-08 14:37:40 - [TEST_STEP][PASSED] - click(findTestObject("Modulo Pruebas Vinculación/Elaborar_Contrato/td_2. Elaborar contrato")): Object: 'Object Repository/Modulo Pruebas Vinculación/Elaborar_Contrato/td_2. Elaborar contrato' is clicked on

2022-03-08 14:37:41 - [MESSAGE][PASSED] - Object: 'Object Repository/Modulo Pruebas Vinculación/Elaborar_Contrato/td_2. Elaborar contrato' is clicked on

2022-03-08 14:37:41 - [TEST_STEP][PASSED] - click(findTestObject("Modulo Pruebas Vinculación/Elaborar_Contrato/a_Aplicar")): Object: 'Object Repository/Modulo Pruebas Vinculación/Elaborar_Contrato/a_Aplicar' is clicked on

2022-03-08 14:37:42 - [MESSAGE][PASSED] - Object: 'Object Repository/Modulo Pruebas Vinculación/Elaborar_Contrato/a_Aplicar' is clicked on

2022-03-08 14:37:42 - [TEST_STEP][PASSED] - closeBrowser(): Browser is closed

2022-03-08 14:37:43 - [MESSAGE][PASSED] - Browser is closed]]></system-out>
         <system-err><![CDATA[]]></system-err>
      </testcase>
      <system-out><![CDATA[2022-03-08 14:34:57 - [TEST_SUITE][PASSED] - 7-Pruebas_Vinculación: Test Cases/7.1-Pruebas_Vinculación/7.1.7-Elaborar_Contrato]]></system-out>
      <system-err><![CDATA[]]></system-err>
   </testsuite>
</testsuites>
