<?xml version="1.0" encoding="UTF-8"?>
<testsuites name="1-Tareas Principales" time="2969.224" tests="65" failures="3" errors="0">
   <testsuite name="1-Tareas Principales" tests="65" failures="3" errors="0" time="2969.224" skipped="0" timestamp="2022-04-29 10:14:50" hostname="diego.rojas - US-AF-000371" id="Test Suites/Test_Suite_Principales/1-Tareas Principales">
      <properties>
         <property name="deviceName" value=""/>
         <property name="devicePlatform" value=""/>
         <property name="logFolder" value="C:\\Users\\diego.rojas\\git\\Pruebas-Minimas\\Reports\\20220429_101443\\Test_Suite_Principales\\1-Tareas Principales\\20220429_101443"/>
         <property name="logFiles" value="C:\\Users\\diego.rojas\\git\\Pruebas-Minimas\\Reports\\20220429_101443\\Test_Suite_Principales\\1-Tareas Principales\\20220429_101443\\execution0.log"/>
         <property name="attachments" value="C:\\Users\\diego.rojas\\git\\Pruebas-Minimas\\Reports\\20220429_101443\\Test_Suite_Principales\\1-Tareas Principales\\20220429_101443\\1651246545952.png, C:\\Users\\diego.rojas\\git\\Pruebas-Minimas\\Reports\\20220429_101443\\Test_Suite_Principales\\1-Tareas Principales\\20220429_101443\\1651247135295.png, C:\\Users\\diego.rojas\\git\\Pruebas-Minimas\\Reports\\20220429_101443\\Test_Suite_Principales\\1-Tareas Principales\\20220429_101443\\1651247316954.png, C:\\Users\\diego.rojas\\git\\Pruebas-Minimas\\Reports\\20220429_101443\\Test_Suite_Principales\\1-Tareas Principales\\20220429_101443\\1651247850304.png"/>
         <property name="hostName" value="diego.rojas - US-AF-000371"/>
         <property name="os" value="Windows 10 64bit"/>
         <property name="katalonVersion" value="8.3.0.208"/>
         <property name="browser" value="Chrome 100.0.4896.127"/>
         <property name="hostAddress" value="192.168.56.1"/>
         <property name="sessionId" value="ff09b90ca94c089f1a0da8aa5ba5c84d"/>
         <property name="seleniumVersion" value="3.141.59"/>
         <property name="proxyInformation" value="ProxyInformation { proxyOption=NO_PROXY, proxyServerType=HTTP, username=, password=********, proxyServerAddress=, proxyServerPort=0, executionList=&quot;&quot;, isApplyToDesiredCapabilities=true }"/>
         <property name="platform" value="Windows 10"/>
      </properties>
      <testcase name="Test Cases/1.1-Tareas Principales/1.1.1-Crear Nueva Hoja de Vida" time="37.221" classname="Test Cases/1.1-Tareas Principales/1.1.1-Crear Nueva Hoja de Vida" status="PASSED">
         <system-out><![CDATA[2022-04-29 10:14:51 - [TEST_CASE][PASSED] - Test Cases/1.1-Tareas Principales/1.1.1-Crear Nueva Hoja de Vida: Test Cases/1.1-Tareas Principales/1.1.1-Crear Nueva Hoja de Vida

2022-04-29 10:14:51 - [TEST_STEP][PASSED] - random_double = Math.random() * 9999 + 999: null

2022-04-29 10:14:51 - [TEST_STEP][PASSED] - random_double = Math.round(random_double * 1000): null

2022-04-29 10:14:51 - [TEST_STEP][PASSED] - identificacion = toString().replace(".0", ""): null

2022-04-29 10:14:51 - [TEST_STEP][PASSED] - callTestCase(findTestCase("0.1-Login"), [:], STOP_ON_FAILURE): Call Test Case 'Test Cases/0.1-Login' successfully

2022-04-29 10:14:52 - [TEST_CASE][PASSED] - Test Cases/0.1-Login: Test Cases/0.1-Login

2022-04-29 10:14:52 - [TEST_STEP][PASSED] - openBrowser(""): Browser is opened with url: ''

2022-04-29 10:14:52 - [MESSAGE][INFO] - Starting 'Chrome' driver

2022-04-29 10:14:52 - [MESSAGE][INFO] - Action delay is set to 0 milliseconds

2022-04-29 10:14:55 - [MESSAGE][PASSED] - Browser is opened with url: ''

2022-04-29 10:14:55 - [TEST_STEP][PASSED] - maximizeWindow(): Current window maximized

2022-04-29 10:14:55 - [MESSAGE][PASSED] - Current window maximized

2022-04-29 10:14:55 - [TEST_STEP][PASSED] - i = G_Login: null

2022-04-29 10:14:55 - [TEST_STEP][PASSED] - url = new java.net.URL(i): null

2022-04-29 10:14:55 - [TEST_STEP][PASSED] - println("URL: " + url.toString()): null

2022-04-29 10:14:55 - [TEST_STEP][PASSED] - connection = url.openConnection(): null

2022-04-29 10:14:55 - [TEST_STEP][PASSED] - connection.setRequestMethod("GET"): null

2022-04-29 10:14:55 - [TEST_STEP][PASSED] - connection.setReadTimeout(2 * 1000): null

2022-04-29 10:14:55 - [TEST_STEP][PASSED] - try: null

2022-04-29 10:14:55 - [TEST_STEP][PASSED] - connection.connect(): null

2022-04-29 10:14:55 - [TEST_STEP][PASSED] - flag = connected: null

2022-04-29 10:14:55 - [TEST_STEP][PASSED] - println("Valor_ori: " + flag): null

2022-04-29 10:14:55 - [TEST_STEP][PASSED] - if (flag): null

2022-04-29 10:14:55 - [TEST_STEP][PASSED] - navigateToUrl(i): Navigate to 'http://192.168.2.19:8380/saraweb' successfully

2022-04-29 10:14:56 - [MESSAGE][PASSED] - Navigate to 'http://192.168.2.19:8380/saraweb' successfully

2022-04-29 10:14:56 - [TEST_STEP][PASSED] - a(): null

2022-04-29 10:14:56 - [TEST_STEP][PASSED] - setText(findTestObject("3-OBJECTS UTILIDADES/Login/input_USUARIO_loginusuario"), G_Usuario): Text 'saraadmin' is set on object 'Object Repository/3-OBJECTS UTILIDADES/Login/input_USUARIO_loginusuario'

2022-04-29 10:14:57 - [MESSAGE][PASSED] - Text 'saraadmin' is set on object 'Object Repository/3-OBJECTS UTILIDADES/Login/input_USUARIO_loginusuario'

2022-04-29 10:14:57 - [TEST_STEP][PASSED] - setEncryptedText(findTestObject("3-OBJECTS UTILIDADES/Login/input_CLAVE_loginpassword"), "MkG4/TYiCFC3cb2driP7+Q=="): Text ****** has been set on object 'Object Repository/3-OBJECTS UTILIDADES/Login/input_CLAVE_loginpassword'

2022-04-29 10:14:57 - [MESSAGE][PASSED] - Text ****** has been set on object 'Object Repository/3-OBJECTS UTILIDADES/Login/input_CLAVE_loginpassword'

2022-04-29 10:14:57 - [TEST_STEP][PASSED] - waitForElementClickable(findTestObject("3-OBJECTS UTILIDADES/Login/a_Ingresar"), G_TimeOut): Object 'Object Repository/3-OBJECTS UTILIDADES/Login/a_Ingresar' is clickable

2022-04-29 10:14:58 - [MESSAGE][PASSED] - Object 'Object Repository/3-OBJECTS UTILIDADES/Login/a_Ingresar' is clickable

2022-04-29 10:14:58 - [TEST_STEP][PASSED] - click(findTestObject("3-OBJECTS UTILIDADES/Login/a_Ingresar")): Object: 'Object Repository/3-OBJECTS UTILIDADES/Login/a_Ingresar' is clicked on

2022-04-29 10:14:59 - [MESSAGE][PASSED] - Object: 'Object Repository/3-OBJECTS UTILIDADES/Login/a_Ingresar' is clicked on

2022-04-29 10:14:59 - [TEST_STEP][PASSED] - element = findWebElement(findTestObject("3-OBJECTS UTILIDADES/Login/a_Ir"), 30): null

2022-04-29 10:14:59 - [TEST_STEP][PASSED] - executeJavaScript("arguments[0].click()", Arrays.asList(element)): Execute JavaScript 'arguments[0].click()' successfully

2022-04-29 10:14:59 - [MESSAGE][PASSED] - Execute JavaScript 'arguments[0].click()' successfully

2022-04-29 10:14:59 - [MESSAGE][PASSED] - Call Test Case 'Test Cases/0.1-Login' successfully

2022-04-29 10:14:59 - [TEST_STEP][PASSED] - waitForElementClickable(findTestObject("1-OBJECTS TAREAS PRINCIPALES/Modulo Tarea Listado Hojas de Vida/Crear Nueva Hoja de Vida/input_Listado Hojas De Vida_form_templatej_idt24_input"), G_TimeOut): Object 'Object Repository/1-OBJECTS TAREAS PRINCIPALES/Modulo Tarea Listado Hojas de Vida/Crear Nueva Hoja de Vida/input_Listado Hojas De Vida_form_templatej_idt24_input' is clickable

2022-04-29 10:15:00 - [MESSAGE][PASSED] - Object 'Object Repository/1-OBJECTS TAREAS PRINCIPALES/Modulo Tarea Listado Hojas de Vida/Crear Nueva Hoja de Vida/input_Listado Hojas De Vida_form_templatej_idt24_input' is clickable

2022-04-29 10:15:00 - [TEST_STEP][PASSED] - setText(findTestObject("1-OBJECTS TAREAS PRINCIPALES/Modulo Tarea Listado Hojas de Vida/Crear Nueva Hoja de Vida/input_Listado Hojas De Vida_form_templatej_idt24_input"), "Listado Hojas de Vida"): Text 'Listado Hojas de Vida' is set on object 'Object Repository/1-OBJECTS TAREAS PRINCIPALES/Modulo Tarea Listado Hojas de Vida/Crear Nueva Hoja de Vida/input_Listado Hojas De Vida_form_templatej_idt24_input'

2022-04-29 10:15:01 - [MESSAGE][PASSED] - Text 'Listado Hojas de Vida' is set on object 'Object Repository/1-OBJECTS TAREAS PRINCIPALES/Modulo Tarea Listado Hojas de Vida/Crear Nueva Hoja de Vida/input_Listado Hojas De Vida_form_templatej_idt24_input'

2022-04-29 10:15:01 - [TEST_STEP][PASSED] - waitForElementVisible(findTestObject("1-OBJECTS TAREAS PRINCIPALES/Modulo Tarea Listado Hojas de Vida/Crear Nueva Hoja de Vida/span_Listado Hojas de Vida"), 0): Object 'Object Repository/1-OBJECTS TAREAS PRINCIPALES/Modulo Tarea Listado Hojas de Vida/Crear Nueva Hoja de Vida/span_Listado Hojas de Vida' is visible

2022-04-29 10:15:01 - [MESSAGE][WARNING] - Timeout '0' is invalid. Using default page load timeout: '45'

2022-04-29 10:15:02 - [MESSAGE][PASSED] - Object 'Object Repository/1-OBJECTS TAREAS PRINCIPALES/Modulo Tarea Listado Hojas de Vida/Crear Nueva Hoja de Vida/span_Listado Hojas de Vida' is visible

2022-04-29 10:15:02 - [TEST_STEP][PASSED] - click(findTestObject("1-OBJECTS TAREAS PRINCIPALES/Modulo Tarea Listado Hojas de Vida/Crear Nueva Hoja de Vida/span_Listado Hojas de Vida")): Object: 'Object Repository/1-OBJECTS TAREAS PRINCIPALES/Modulo Tarea Listado Hojas de Vida/Crear Nueva Hoja de Vida/span_Listado Hojas de Vida' is clicked on

2022-04-29 10:15:03 - [MESSAGE][PASSED] - Object: 'Object Repository/1-OBJECTS TAREAS PRINCIPALES/Modulo Tarea Listado Hojas de Vida/Crear Nueva Hoja de Vida/span_Listado Hojas de Vida' is clicked on

2022-04-29 10:15:03 - [TEST_STEP][PASSED] - waitForElementClickable(findTestObject("1-OBJECTS TAREAS PRINCIPALES/Modulo Tarea Listado Hojas de Vida/Crear Nueva Hoja de Vida/a_Nueva HojaVida"), G_TimeOut): Object 'Object Repository/1-OBJECTS TAREAS PRINCIPALES/Modulo Tarea Listado Hojas de Vida/Crear Nueva Hoja de Vida/a_Nueva HojaVida' is clickable

2022-04-29 10:15:04 - [MESSAGE][PASSED] - Object 'Object Repository/1-OBJECTS TAREAS PRINCIPALES/Modulo Tarea Listado Hojas de Vida/Crear Nueva Hoja de Vida/a_Nueva HojaVida' is clickable

2022-04-29 10:15:04 - [TEST_STEP][PASSED] - click(findTestObject("1-OBJECTS TAREAS PRINCIPALES/Modulo Tarea Listado Hojas de Vida/Crear Nueva Hoja de Vida/a_Nueva HojaVida")): Object: 'Object Repository/1-OBJECTS TAREAS PRINCIPALES/Modulo Tarea Listado Hojas de Vida/Crear Nueva Hoja de Vida/a_Nueva HojaVida' is clicked on

2022-04-29 10:15:05 - [MESSAGE][PASSED] - Object: 'Object Repository/1-OBJECTS TAREAS PRINCIPALES/Modulo Tarea Listado Hojas de Vida/Crear Nueva Hoja de Vida/a_Nueva HojaVida' is clicked on

2022-04-29 10:15:05 - [TEST_STEP][PASSED] - waitForElementClickable(findTestObject("1-OBJECTS TAREAS PRINCIPALES/Modulo Tarea Listado Hojas de Vida/Crear Nueva Hoja de Vida/input_Identificacin_nuevahoja_"), 0): Object 'Object Repository/1-OBJECTS TAREAS PRINCIPALES/Modulo Tarea Listado Hojas de Vida/Crear Nueva Hoja de Vida/input_Identificacin_nuevahoja_' is clickable

2022-04-29 10:15:05 - [MESSAGE][WARNING] - Timeout '0' is invalid. Using default page load timeout: '45'

2022-04-29 10:15:06 - [MESSAGE][PASSED] - Object 'Object Repository/1-OBJECTS TAREAS PRINCIPALES/Modulo Tarea Listado Hojas de Vida/Crear Nueva Hoja de Vida/input_Identificacin_nuevahoja_' is clickable

2022-04-29 10:15:06 - [TEST_STEP][PASSED] - setText(findTestObject("1-OBJECTS TAREAS PRINCIPALES/Modulo Tarea Listado Hojas de Vida/Crear Nueva Hoja de Vida/input_Identificacin_nuevahoja_"), identificacion): Text '4056516' is set on object 'Object Repository/1-OBJECTS TAREAS PRINCIPALES/Modulo Tarea Listado Hojas de Vida/Crear Nueva Hoja de Vida/input_Identificacin_nuevahoja_'

2022-04-29 10:15:07 - [MESSAGE][PASSED] - Text '4056516' is set on object 'Object Repository/1-OBJECTS TAREAS PRINCIPALES/Modulo Tarea Listado Hojas de Vida/Crear Nueva Hoja de Vida/input_Identificacin_nuevahoja_'

2022-04-29 10:15:07 - [TEST_STEP][PASSED] - selectOptionByIndex(findTestObject("1-OBJECTS TAREAS PRINCIPALES/Modulo Tarea Listado Hojas de Vida/Crear Nueva Hoja de Vida/select_-- Seleccione --.ASPIRA"), "4"): All options with index in [4] are selected on object 'Object Repository/1-OBJECTS TAREAS PRINCIPALES/Modulo Tarea Listado Hojas de Vida/Crear Nueva Hoja de Vida/select_-- Seleccione --.ASPIRA'

2022-04-29 10:15:08 - [MESSAGE][PASSED] - All options with index in [4] are selected on object 'Object Repository/1-OBJECTS TAREAS PRINCIPALES/Modulo Tarea Listado Hojas de Vida/Crear Nueva Hoja de Vida/select_-- Seleccione --.ASPIRA'

2022-04-29 10:15:08 - [TEST_STEP][PASSED] - click(findTestObject("1-OBJECTS TAREAS PRINCIPALES/Modulo Tarea Listado Hojas de Vida/Crear Nueva Hoja de Vida/a_Nueva Solicitud")): Object: 'Object Repository/1-OBJECTS TAREAS PRINCIPALES/Modulo Tarea Listado Hojas de Vida/Crear Nueva Hoja de Vida/a_Nueva Solicitud' is clicked on

2022-04-29 10:15:08 - [MESSAGE][PASSED] - Object: 'Object Repository/1-OBJECTS TAREAS PRINCIPALES/Modulo Tarea Listado Hojas de Vida/Crear Nueva Hoja de Vida/a_Nueva Solicitud' is clicked on

2022-04-29 10:15:08 - [TEST_STEP][PASSED] - waitForElementPresent(findTestObject("1-OBJECTS TAREAS PRINCIPALES/Modulo Tarea Listado Hojas de Vida/Crear Nueva Hoja de Vida/input__hojaVidaseccionj_idt8350j_idt845"), 0): Object 'Object Repository/1-OBJECTS TAREAS PRINCIPALES/Modulo Tarea Listado Hojas de Vida/Crear Nueva Hoja de Vida/input__hojaVidaseccionj_idt8350j_idt845' is present

2022-04-29 10:15:08 - [MESSAGE][WARNING] - Timeout '0' is invalid. Using default page load timeout: '45'

2022-04-29 10:15:10 - [MESSAGE][PASSED] - Object 'Object Repository/1-OBJECTS TAREAS PRINCIPALES/Modulo Tarea Listado Hojas de Vida/Crear Nueva Hoja de Vida/input__hojaVidaseccionj_idt8350j_idt845' is present

2022-04-29 10:15:10 - [TEST_STEP][PASSED] - setText(findTestObject("1-OBJECTS TAREAS PRINCIPALES/Modulo Tarea Listado Hojas de Vida/Crear Nueva Hoja de Vida/input__hojaVidaseccionj_idt8350j_idt845"), identificacion): Text '4056516' is set on object 'Object Repository/1-OBJECTS TAREAS PRINCIPALES/Modulo Tarea Listado Hojas de Vida/Crear Nueva Hoja de Vida/input__hojaVidaseccionj_idt8350j_idt845'

2022-04-29 10:15:10 - [MESSAGE][PASSED] - Text '4056516' is set on object 'Object Repository/1-OBJECTS TAREAS PRINCIPALES/Modulo Tarea Listado Hojas de Vida/Crear Nueva Hoja de Vida/input__hojaVidaseccionj_idt8350j_idt845'

2022-04-29 10:15:10 - [TEST_STEP][PASSED] - setText(findTestObject("1-OBJECTS TAREAS PRINCIPALES/Modulo Tarea Listado Hojas de Vida/Crear Nueva Hoja de Vida/input__hojaVidaseccionj_idt8351j_idt845"), "Empleado" + identificacion): Text 'Empleado4056516' is set on object 'Object Repository/1-OBJECTS TAREAS PRINCIPALES/Modulo Tarea Listado Hojas de Vida/Crear Nueva Hoja de Vida/input__hojaVidaseccionj_idt8351j_idt845'

2022-04-29 10:15:11 - [MESSAGE][PASSED] - Text 'Empleado4056516' is set on object 'Object Repository/1-OBJECTS TAREAS PRINCIPALES/Modulo Tarea Listado Hojas de Vida/Crear Nueva Hoja de Vida/input__hojaVidaseccionj_idt8351j_idt845'

2022-04-29 10:15:11 - [TEST_STEP][PASSED] - setText(findTestObject("1-OBJECTS TAREAS PRINCIPALES/Modulo Tarea Listado Hojas de Vida/Crear Nueva Hoja de Vida/input__hojaVidaseccionj_idt8352j_idt845"), " Pruebas_Automaticas"): Text ' Pruebas_Automaticas' is set on object 'Object Repository/1-OBJECTS TAREAS PRINCIPALES/Modulo Tarea Listado Hojas de Vida/Crear Nueva Hoja de Vida/input__hojaVidaseccionj_idt8352j_idt845'

2022-04-29 10:15:12 - [MESSAGE][PASSED] - Text ' Pruebas_Automaticas' is set on object 'Object Repository/1-OBJECTS TAREAS PRINCIPALES/Modulo Tarea Listado Hojas de Vida/Crear Nueva Hoja de Vida/input__hojaVidaseccionj_idt8352j_idt845'

2022-04-29 10:15:12 - [TEST_STEP][PASSED] - setText(findTestObject("1-OBJECTS TAREAS PRINCIPALES/Modulo Tarea Listado Hojas de Vida/Crear Nueva Hoja de Vida/input__hojaVidaseccionj_idt8353fecha_input"), "30/08/1995"): Text '30/08/1995' is set on object 'Object Repository/1-OBJECTS TAREAS PRINCIPALES/Modulo Tarea Listado Hojas de Vida/Crear Nueva Hoja de Vida/input__hojaVidaseccionj_idt8353fecha_input'

2022-04-29 10:15:13 - [MESSAGE][PASSED] - Text '30/08/1995' is set on object 'Object Repository/1-OBJECTS TAREAS PRINCIPALES/Modulo Tarea Listado Hojas de Vida/Crear Nueva Hoja de Vida/input__hojaVidaseccionj_idt8353fecha_input'

2022-04-29 10:15:13 - [TEST_STEP][PASSED] - sendKeys(findTestObject("1-OBJECTS TAREAS PRINCIPALES/Modulo Tarea Listado Hojas de Vida/Crear Nueva Hoja de Vida/input__hojaVidaseccionj_idt8353fecha_input"), Keys.chord(ENTER)): Keys 'ENTER + ' sent to object: 'Object Repository/1-OBJECTS TAREAS PRINCIPALES/Modulo Tarea Listado Hojas de Vida/Crear Nueva Hoja de Vida/input__hojaVidaseccionj_idt8353fecha_input'

2022-04-29 10:15:13 - [MESSAGE][PASSED] - Keys 'ENTER + ' sent to object: 'Object Repository/1-OBJECTS TAREAS PRINCIPALES/Modulo Tarea Listado Hojas de Vida/Crear Nueva Hoja de Vida/input__hojaVidaseccionj_idt8353fecha_input'

2022-04-29 10:15:13 - [TEST_STEP][PASSED] - waitForElementClickable(findTestObject("1-OBJECTS TAREAS PRINCIPALES/Modulo Tarea Listado Hojas de Vida/Crear Nueva Hoja de Vida/a__hojaVidaseccionj_idt8354j_idt865"), G_TimeOut): Object 'Object Repository/1-OBJECTS TAREAS PRINCIPALES/Modulo Tarea Listado Hojas de Vida/Crear Nueva Hoja de Vida/a__hojaVidaseccionj_idt8354j_idt865' is clickable

2022-04-29 10:15:14 - [MESSAGE][PASSED] - Object 'Object Repository/1-OBJECTS TAREAS PRINCIPALES/Modulo Tarea Listado Hojas de Vida/Crear Nueva Hoja de Vida/a__hojaVidaseccionj_idt8354j_idt865' is clickable

2022-04-29 10:15:14 - [TEST_STEP][PASSED] - click(findTestObject("1-OBJECTS TAREAS PRINCIPALES/Modulo Tarea Listado Hojas de Vida/Crear Nueva Hoja de Vida/a__hojaVidaseccionj_idt8354j_idt865")): Object: 'Object Repository/1-OBJECTS TAREAS PRINCIPALES/Modulo Tarea Listado Hojas de Vida/Crear Nueva Hoja de Vida/a__hojaVidaseccionj_idt8354j_idt865' is clicked on

2022-04-29 10:15:14 - [MESSAGE][PASSED] - Object: 'Object Repository/1-OBJECTS TAREAS PRINCIPALES/Modulo Tarea Listado Hojas de Vida/Crear Nueva Hoja de Vida/a__hojaVidaseccionj_idt8354j_idt865' is clicked on

2022-04-29 10:15:14 - [TEST_STEP][PASSED] - waitForElementClickable(findTestObject("1-OBJECTS TAREAS PRINCIPALES/Modulo Tarea Listado Hojas de Vida/Crear Nueva Hoja de Vida/span_CEDULA CIUDADANIA"), G_TimeOut): Object 'Object Repository/1-OBJECTS TAREAS PRINCIPALES/Modulo Tarea Listado Hojas de Vida/Crear Nueva Hoja de Vida/span_CEDULA CIUDADANIA' is clickable

2022-04-29 10:15:15 - [MESSAGE][PASSED] - Object 'Object Repository/1-OBJECTS TAREAS PRINCIPALES/Modulo Tarea Listado Hojas de Vida/Crear Nueva Hoja de Vida/span_CEDULA CIUDADANIA' is clickable

2022-04-29 10:15:15 - [TEST_STEP][PASSED] - click(findTestObject("1-OBJECTS TAREAS PRINCIPALES/Modulo Tarea Listado Hojas de Vida/Crear Nueva Hoja de Vida/span_CEDULA CIUDADANIA")): Object: 'Object Repository/1-OBJECTS TAREAS PRINCIPALES/Modulo Tarea Listado Hojas de Vida/Crear Nueva Hoja de Vida/span_CEDULA CIUDADANIA' is clicked on

2022-04-29 10:15:15 - [MESSAGE][PASSED] - Object: 'Object Repository/1-OBJECTS TAREAS PRINCIPALES/Modulo Tarea Listado Hojas de Vida/Crear Nueva Hoja de Vida/span_CEDULA CIUDADANIA' is clicked on

2022-04-29 10:15:15 - [TEST_STEP][PASSED] - waitForElementClickable(findTestObject("1-OBJECTS TAREAS PRINCIPALES/Modulo Tarea Listado Hojas de Vida/Crear Nueva Hoja de Vida/input_Fecha Expedicin_hojaVidas"), G_TimeOut): Object 'Object Repository/1-OBJECTS TAREAS PRINCIPALES/Modulo Tarea Listado Hojas de Vida/Crear Nueva Hoja de Vida/input_Fecha Expedicin_hojaVidas' is clickable

2022-04-29 10:15:16 - [MESSAGE][PASSED] - Object 'Object Repository/1-OBJECTS TAREAS PRINCIPALES/Modulo Tarea Listado Hojas de Vida/Crear Nueva Hoja de Vida/input_Fecha Expedicin_hojaVidas' is clickable

2022-04-29 10:15:16 - [TEST_STEP][PASSED] - setText(findTestObject("1-OBJECTS TAREAS PRINCIPALES/Modulo Tarea Listado Hojas de Vida/Crear Nueva Hoja de Vida/input_Fecha Expedicin_hojaVidas"), "13/09/2013"): Text '13/09/2013' is set on object 'Object Repository/1-OBJECTS TAREAS PRINCIPALES/Modulo Tarea Listado Hojas de Vida/Crear Nueva Hoja de Vida/input_Fecha Expedicin_hojaVidas'

2022-04-29 10:15:17 - [MESSAGE][PASSED] - Text '13/09/2013' is set on object 'Object Repository/1-OBJECTS TAREAS PRINCIPALES/Modulo Tarea Listado Hojas de Vida/Crear Nueva Hoja de Vida/input_Fecha Expedicin_hojaVidas'

2022-04-29 10:15:17 - [TEST_STEP][PASSED] - sendKeys(findTestObject("1-OBJECTS TAREAS PRINCIPALES/Modulo Tarea Listado Hojas de Vida/Crear Nueva Hoja de Vida/input_Fecha Expedicin_hojaVidas"), Keys.chord(ENTER)): Keys 'ENTER + ' sent to object: 'Object Repository/1-OBJECTS TAREAS PRINCIPALES/Modulo Tarea Listado Hojas de Vida/Crear Nueva Hoja de Vida/input_Fecha Expedicin_hojaVidas'

2022-04-29 10:15:17 - [MESSAGE][PASSED] - Keys 'ENTER + ' sent to object: 'Object Repository/1-OBJECTS TAREAS PRINCIPALES/Modulo Tarea Listado Hojas de Vida/Crear Nueva Hoja de Vida/input_Fecha Expedicin_hojaVidas'

2022-04-29 10:15:17 - [TEST_STEP][PASSED] - selectOptionByIndex(findTestObject("1-OBJECTS TAREAS PRINCIPALES/Modulo Tarea Listado Hojas de Vida/Crear Nueva Hoja de Vida/select_-- Seleccione--000000ABEJORRAL"), "113"): All options with index in [113] are selected on object 'Object Repository/1-OBJECTS TAREAS PRINCIPALES/Modulo Tarea Listado Hojas de Vida/Crear Nueva Hoja de Vida/select_-- Seleccione--000000ABEJORRAL'

2022-04-29 10:15:21 - [MESSAGE][PASSED] - All options with index in [113] are selected on object 'Object Repository/1-OBJECTS TAREAS PRINCIPALES/Modulo Tarea Listado Hojas de Vida/Crear Nueva Hoja de Vida/select_-- Seleccione--000000ABEJORRAL'

2022-04-29 10:15:21 - [TEST_STEP][PASSED] - setText(findTestObject("1-OBJECTS TAREAS PRINCIPALES/Modulo Tarea Listado Hojas de Vida/Crear Nueva Hoja de Vida/input__hojaVidaseccionj_idt8358j_idt845"), "634564654684"): Text '634564654684' is set on object 'Object Repository/1-OBJECTS TAREAS PRINCIPALES/Modulo Tarea Listado Hojas de Vida/Crear Nueva Hoja de Vida/input__hojaVidaseccionj_idt8358j_idt845'

2022-04-29 10:15:21 - [MESSAGE][PASSED] - Text '634564654684' is set on object 'Object Repository/1-OBJECTS TAREAS PRINCIPALES/Modulo Tarea Listado Hojas de Vida/Crear Nueva Hoja de Vida/input__hojaVidaseccionj_idt8358j_idt845'

2022-04-29 10:15:21 - [TEST_STEP][PASSED] - setText(findTestObject("1-OBJECTS TAREAS PRINCIPALES/Modulo Tarea Listado Hojas de Vida/Crear Nueva Hoja de Vida/input__hojaVidaseccionj_idt8359j_idt845"), "noodle@gmail.com"): Text 'noodle@gmail.com' is set on object 'Object Repository/1-OBJECTS TAREAS PRINCIPALES/Modulo Tarea Listado Hojas de Vida/Crear Nueva Hoja de Vida/input__hojaVidaseccionj_idt8359j_idt845'

2022-04-29 10:15:22 - [MESSAGE][PASSED] - Text 'noodle@gmail.com' is set on object 'Object Repository/1-OBJECTS TAREAS PRINCIPALES/Modulo Tarea Listado Hojas de Vida/Crear Nueva Hoja de Vida/input__hojaVidaseccionj_idt8359j_idt845'

2022-04-29 10:15:22 - [TEST_STEP][PASSED] - selectOptionByIndex(findTestObject("1-OBJECTS TAREAS PRINCIPALES/Modulo Tarea Listado Hojas de Vida/Crear Nueva Hoja de Vida/select_AA-ABAB-BB-OO-"), "7"): All options with index in [7] are selected on object 'Object Repository/1-OBJECTS TAREAS PRINCIPALES/Modulo Tarea Listado Hojas de Vida/Crear Nueva Hoja de Vida/select_AA-ABAB-BB-OO-'

2022-04-29 10:15:23 - [MESSAGE][PASSED] - All options with index in [7] are selected on object 'Object Repository/1-OBJECTS TAREAS PRINCIPALES/Modulo Tarea Listado Hojas de Vida/Crear Nueva Hoja de Vida/select_AA-ABAB-BB-OO-'

2022-04-29 10:15:23 - [TEST_STEP][PASSED] - waitForElementClickable(findTestObject("1-OBJECTS TAREAS PRINCIPALES/Modulo Tarea Listado Hojas de Vida/Crear Nueva Hoja de Vida/a_Continuar"), G_TimeOut): Object 'Object Repository/1-OBJECTS TAREAS PRINCIPALES/Modulo Tarea Listado Hojas de Vida/Crear Nueva Hoja de Vida/a_Continuar' is clickable

2022-04-29 10:15:24 - [MESSAGE][PASSED] - Object 'Object Repository/1-OBJECTS TAREAS PRINCIPALES/Modulo Tarea Listado Hojas de Vida/Crear Nueva Hoja de Vida/a_Continuar' is clickable

2022-04-29 10:15:24 - [TEST_STEP][PASSED] - click(findTestObject("1-OBJECTS TAREAS PRINCIPALES/Modulo Tarea Listado Hojas de Vida/Crear Nueva Hoja de Vida/a_Continuar")): Object: 'Object Repository/1-OBJECTS TAREAS PRINCIPALES/Modulo Tarea Listado Hojas de Vida/Crear Nueva Hoja de Vida/a_Continuar' is clicked on

2022-04-29 10:15:24 - [MESSAGE][PASSED] - Object: 'Object Repository/1-OBJECTS TAREAS PRINCIPALES/Modulo Tarea Listado Hojas de Vida/Crear Nueva Hoja de Vida/a_Continuar' is clicked on

2022-04-29 10:15:24 - [TEST_STEP][PASSED] - waitForElementClickable(findTestObject("1-OBJECTS TAREAS PRINCIPALES/Modulo Tarea Listado Hojas de Vida/Crear Nueva Hoja de Vida/a_Aceptar"), G_TimeOut): Object 'Object Repository/1-OBJECTS TAREAS PRINCIPALES/Modulo Tarea Listado Hojas de Vida/Crear Nueva Hoja de Vida/a_Aceptar' is clickable

2022-04-29 10:15:26 - [MESSAGE][PASSED] - Object 'Object Repository/1-OBJECTS TAREAS PRINCIPALES/Modulo Tarea Listado Hojas de Vida/Crear Nueva Hoja de Vida/a_Aceptar' is clickable

2022-04-29 10:15:26 - [TEST_STEP][PASSED] - click(findTestObject("1-OBJECTS TAREAS PRINCIPALES/Modulo Tarea Listado Hojas de Vida/Crear Nueva Hoja de Vida/a_Aceptar"), STOP_ON_FAILURE): Object: 'Object Repository/1-OBJECTS TAREAS PRINCIPALES/Modulo Tarea Listado Hojas de Vida/Crear Nueva Hoja de Vida/a_Aceptar' is clicked on

2022-04-29 10:15:27 - [MESSAGE][PASSED] - Object: 'Object Repository/1-OBJECTS TAREAS PRINCIPALES/Modulo Tarea Listado Hojas de Vida/Crear Nueva Hoja de Vida/a_Aceptar' is clicked on

2022-04-29 10:15:27 - [TEST_STEP][PASSED] - if (waitForElementVisible(findTestObject("1-OBJECTS TAREAS PRINCIPALES/Modulo Tarea Listado Hojas de Vida/Crear Nueva Hoja de Vida/a_Actualizar Respuesta"), 1)): null

2022-04-29 10:15:27 - [MESSAGE][PASSED] - Object 'Object Repository/1-OBJECTS TAREAS PRINCIPALES/Modulo Tarea Listado Hojas de Vida/Crear Nueva Hoja de Vida/a_Actualizar Respuesta' is visible

2022-04-29 10:15:27 - [TEST_STEP][PASSED] - closeBrowser(): Browser is closed

2022-04-29 10:15:28 - [MESSAGE][PASSED] - Browser is closed

2022-04-29 10:15:28 - [TEST_STEP][PASSED] - return identificacion: null]]></system-out>
         <system-err><![CDATA[]]></system-err>
      </testcase>
      <testcase name="Test Cases/1.1-Tareas Principales/1.1.2-Imprimir Hoja de Vida" time="22.287" classname="Test Cases/1.1-Tareas Principales/1.1.2-Imprimir Hoja de Vida" status="PASSED">
         <system-out><![CDATA[2022-04-29 10:15:28 - [TEST_CASE][PASSED] - Test Cases/1.1-Tareas Principales/1.1.2-Imprimir Hoja de Vida: Test Cases/1.1-Tareas Principales/1.1.2-Imprimir Hoja de Vida

2022-04-29 10:15:28 - [TEST_STEP][PASSED] - callTestCase(findTestCase("1.1-Tareas Principales/Listado hojas de Vida"), [:], STOP_ON_FAILURE): Call Test Case 'Test Cases/1.1-Tareas Principales/Listado hojas de Vida' successfully

2022-04-29 10:15:28 - [TEST_CASE][PASSED] - Test Cases/1.1-Tareas Principales/Listado hojas de Vida: Test Cases/1.1-Tareas Principales/Listado hojas de Vida

2022-04-29 10:15:29 - [TEST_STEP][PASSED] - callTestCase(findTestCase("0.1-Login"), [:], STOP_ON_FAILURE): Call Test Case 'Test Cases/0.1-Login' successfully

2022-04-29 10:15:29 - [TEST_CASE][PASSED] - Test Cases/0.1-Login: Test Cases/0.1-Login

2022-04-29 10:15:29 - [TEST_STEP][PASSED] - openBrowser(""): Browser is opened with url: ''

2022-04-29 10:15:29 - [MESSAGE][INFO] - Starting 'Chrome' driver

2022-04-29 10:15:29 - [MESSAGE][INFO] - Action delay is set to 0 milliseconds

2022-04-29 10:15:30 - [MESSAGE][PASSED] - Browser is opened with url: ''

2022-04-29 10:15:30 - [TEST_STEP][PASSED] - maximizeWindow(): Current window maximized

2022-04-29 10:15:30 - [MESSAGE][PASSED] - Current window maximized

2022-04-29 10:15:30 - [TEST_STEP][PASSED] - i = G_Login: null

2022-04-29 10:15:30 - [TEST_STEP][PASSED] - url = new java.net.URL(i): null

2022-04-29 10:15:30 - [TEST_STEP][PASSED] - println("URL: " + url.toString()): null

2022-04-29 10:15:30 - [TEST_STEP][PASSED] - connection = url.openConnection(): null

2022-04-29 10:15:30 - [TEST_STEP][PASSED] - connection.setRequestMethod("GET"): null

2022-04-29 10:15:30 - [TEST_STEP][PASSED] - connection.setReadTimeout(2 * 1000): null

2022-04-29 10:15:30 - [TEST_STEP][PASSED] - try: null

2022-04-29 10:15:30 - [TEST_STEP][PASSED] - connection.connect(): null

2022-04-29 10:15:30 - [TEST_STEP][PASSED] - flag = connected: null

2022-04-29 10:15:30 - [TEST_STEP][PASSED] - println("Valor_ori: " + flag): null

2022-04-29 10:15:30 - [TEST_STEP][PASSED] - if (flag): null

2022-04-29 10:15:30 - [TEST_STEP][PASSED] - navigateToUrl(i): Navigate to 'http://192.168.2.19:8380/saraweb' successfully

2022-04-29 10:15:31 - [MESSAGE][PASSED] - Navigate to 'http://192.168.2.19:8380/saraweb' successfully

2022-04-29 10:15:31 - [TEST_STEP][PASSED] - a(): null

2022-04-29 10:15:31 - [TEST_STEP][PASSED] - setText(findTestObject("3-OBJECTS UTILIDADES/Login/input_USUARIO_loginusuario"), G_Usuario): Text 'saraadmin' is set on object 'Object Repository/3-OBJECTS UTILIDADES/Login/input_USUARIO_loginusuario'

2022-04-29 10:15:32 - [MESSAGE][PASSED] - Text 'saraadmin' is set on object 'Object Repository/3-OBJECTS UTILIDADES/Login/input_USUARIO_loginusuario'

2022-04-29 10:15:32 - [TEST_STEP][PASSED] - setEncryptedText(findTestObject("3-OBJECTS UTILIDADES/Login/input_CLAVE_loginpassword"), "MkG4/TYiCFC3cb2driP7+Q=="): Text ****** has been set on object 'Object Repository/3-OBJECTS UTILIDADES/Login/input_CLAVE_loginpassword'

2022-04-29 10:15:32 - [MESSAGE][PASSED] - Text ****** has been set on object 'Object Repository/3-OBJECTS UTILIDADES/Login/input_CLAVE_loginpassword'

2022-04-29 10:15:32 - [TEST_STEP][PASSED] - waitForElementClickable(findTestObject("3-OBJECTS UTILIDADES/Login/a_Ingresar"), G_TimeOut): Object 'Object Repository/3-OBJECTS UTILIDADES/Login/a_Ingresar' is clickable

2022-04-29 10:15:32 - [MESSAGE][PASSED] - Object 'Object Repository/3-OBJECTS UTILIDADES/Login/a_Ingresar' is clickable

2022-04-29 10:15:32 - [TEST_STEP][PASSED] - click(findTestObject("3-OBJECTS UTILIDADES/Login/a_Ingresar")): Object: 'Object Repository/3-OBJECTS UTILIDADES/Login/a_Ingresar' is clicked on

2022-04-29 10:15:34 - [MESSAGE][PASSED] - Object: 'Object Repository/3-OBJECTS UTILIDADES/Login/a_Ingresar' is clicked on

2022-04-29 10:15:34 - [TEST_STEP][PASSED] - element = findWebElement(findTestObject("3-OBJECTS UTILIDADES/Login/a_Ir"), 30): null

2022-04-29 10:15:34 - [TEST_STEP][PASSED] - executeJavaScript("arguments[0].click()", Arrays.asList(element)): Execute JavaScript 'arguments[0].click()' successfully

2022-04-29 10:15:34 - [MESSAGE][PASSED] - Execute JavaScript 'arguments[0].click()' successfully

2022-04-29 10:15:34 - [MESSAGE][PASSED] - Call Test Case 'Test Cases/0.1-Login' successfully

2022-04-29 10:15:34 - [TEST_STEP][PASSED] - waitForElementClickable(findTestObject("1-OBJECTS TAREAS PRINCIPALES/Modulo Tarea Listado Hojas de Vida/Tareas Listado Hojas de Vida/input_Listado Hojas De Vida_form_templatej_idt24_input"), G_TimeOut): Object 'Object Repository/1-OBJECTS TAREAS PRINCIPALES/Modulo Tarea Listado Hojas de Vida/Tareas Listado Hojas de Vida/input_Listado Hojas De Vida_form_templatej_idt24_input' is clickable

2022-04-29 10:15:35 - [MESSAGE][PASSED] - Object 'Object Repository/1-OBJECTS TAREAS PRINCIPALES/Modulo Tarea Listado Hojas de Vida/Tareas Listado Hojas de Vida/input_Listado Hojas De Vida_form_templatej_idt24_input' is clickable

2022-04-29 10:15:35 - [TEST_STEP][PASSED] - setText(findTestObject("1-OBJECTS TAREAS PRINCIPALES/Modulo Tarea Listado Hojas de Vida/Tareas Listado Hojas de Vida/input_Listado Hojas De Vida_form_templatej_idt24_input"), "Listado Hojas de Vida (hoj)"): Text 'Listado Hojas de Vida (hoj)' is set on object 'Object Repository/1-OBJECTS TAREAS PRINCIPALES/Modulo Tarea Listado Hojas de Vida/Tareas Listado Hojas de Vida/input_Listado Hojas De Vida_form_templatej_idt24_input'

2022-04-29 10:15:35 - [MESSAGE][PASSED] - Text 'Listado Hojas de Vida (hoj)' is set on object 'Object Repository/1-OBJECTS TAREAS PRINCIPALES/Modulo Tarea Listado Hojas de Vida/Tareas Listado Hojas de Vida/input_Listado Hojas De Vida_form_templatej_idt24_input'

2022-04-29 10:15:35 - [TEST_STEP][PASSED] - waitForElementVisible(findTestObject("1-OBJECTS TAREAS PRINCIPALES/Modulo Tarea Listado Hojas de Vida/Tareas Listado Hojas de Vida/span_Listado Hojas de Vida (hoj)"), 0): Object 'Object Repository/1-OBJECTS TAREAS PRINCIPALES/Modulo Tarea Listado Hojas de Vida/Tareas Listado Hojas de Vida/span_Listado Hojas de Vida (hoj)' is visible

2022-04-29 10:15:35 - [MESSAGE][WARNING] - Timeout '0' is invalid. Using default page load timeout: '45'

2022-04-29 10:15:37 - [MESSAGE][PASSED] - Object 'Object Repository/1-OBJECTS TAREAS PRINCIPALES/Modulo Tarea Listado Hojas de Vida/Tareas Listado Hojas de Vida/span_Listado Hojas de Vida (hoj)' is visible

2022-04-29 10:15:37 - [TEST_STEP][PASSED] - click(findTestObject("1-OBJECTS TAREAS PRINCIPALES/Modulo Tarea Listado Hojas de Vida/Tareas Listado Hojas de Vida/span_Listado Hojas de Vida (hoj)")): Object: 'Object Repository/1-OBJECTS TAREAS PRINCIPALES/Modulo Tarea Listado Hojas de Vida/Tareas Listado Hojas de Vida/span_Listado Hojas de Vida (hoj)' is clicked on

2022-04-29 10:15:37 - [MESSAGE][PASSED] - Object: 'Object Repository/1-OBJECTS TAREAS PRINCIPALES/Modulo Tarea Listado Hojas de Vida/Tareas Listado Hojas de Vida/span_Listado Hojas de Vida (hoj)' is clicked on

2022-04-29 10:15:37 - [MESSAGE][PASSED] - Call Test Case 'Test Cases/1.1-Tareas Principales/Listado hojas de Vida' successfully

2022-04-29 10:15:37 - [TEST_STEP][PASSED] - waitForElementClickable(findTestObject("1-OBJECTS TAREAS PRINCIPALES/Modulo Tarea Listado Hojas de Vida/Imprimir Hoja de Vida/input_Identificacin_listado_hojaVidaj_idt62"), G_TimeOut): Object 'Object Repository/1-OBJECTS TAREAS PRINCIPALES/Modulo Tarea Listado Hojas de Vida/Imprimir Hoja de Vida/input_Identificacin_listado_hojaVidaj_idt62' is clickable

2022-04-29 10:15:38 - [MESSAGE][PASSED] - Object 'Object Repository/1-OBJECTS TAREAS PRINCIPALES/Modulo Tarea Listado Hojas de Vida/Imprimir Hoja de Vida/input_Identificacin_listado_hojaVidaj_idt62' is clickable

2022-04-29 10:15:38 - [TEST_STEP][PASSED] - setText(findTestObject("1-OBJECTS TAREAS PRINCIPALES/Modulo Tarea Listado Hojas de Vida/Imprimir Hoja de Vida/input_Identificacin_listado_hojaVidaj_idt62"), "355682169"): Text '355682169' is set on object 'Object Repository/1-OBJECTS TAREAS PRINCIPALES/Modulo Tarea Listado Hojas de Vida/Imprimir Hoja de Vida/input_Identificacin_listado_hojaVidaj_idt62'

2022-04-29 10:15:39 - [MESSAGE][PASSED] - Text '355682169' is set on object 'Object Repository/1-OBJECTS TAREAS PRINCIPALES/Modulo Tarea Listado Hojas de Vida/Imprimir Hoja de Vida/input_Identificacin_listado_hojaVidaj_idt62'

2022-04-29 10:15:39 - [TEST_STEP][PASSED] - sendKeys(findTestObject("1-OBJECTS TAREAS PRINCIPALES/Modulo Tarea Listado Hojas de Vida/Imprimir Hoja de Vida/input_Identificacin_listado_hojaVidaj_idt62"), Keys.chord(ENTER)): Keys 'ENTER + ' sent to object: 'Object Repository/1-OBJECTS TAREAS PRINCIPALES/Modulo Tarea Listado Hojas de Vida/Imprimir Hoja de Vida/input_Identificacin_listado_hojaVidaj_idt62'

2022-04-29 10:15:39 - [MESSAGE][PASSED] - Keys 'ENTER + ' sent to object: 'Object Repository/1-OBJECTS TAREAS PRINCIPALES/Modulo Tarea Listado Hojas de Vida/Imprimir Hoja de Vida/input_Identificacin_listado_hojaVidaj_idt62'

2022-04-29 10:15:39 - [TEST_STEP][PASSED] - waitForElementClickable(findTestObject("1-OBJECTS TAREAS PRINCIPALES/Modulo Tarea Listado Hojas de Vida/Imprimir Hoja de Vida/td_355682169"), G_TimeOut): Object 'Object Repository/1-OBJECTS TAREAS PRINCIPALES/Modulo Tarea Listado Hojas de Vida/Imprimir Hoja de Vida/td_355682169' is clickable

2022-04-29 10:15:40 - [MESSAGE][PASSED] - Object 'Object Repository/1-OBJECTS TAREAS PRINCIPALES/Modulo Tarea Listado Hojas de Vida/Imprimir Hoja de Vida/td_355682169' is clickable

2022-04-29 10:15:40 - [TEST_STEP][PASSED] - click(findTestObject("1-OBJECTS TAREAS PRINCIPALES/Modulo Tarea Listado Hojas de Vida/Imprimir Hoja de Vida/td_355682169")): Object: 'Object Repository/1-OBJECTS TAREAS PRINCIPALES/Modulo Tarea Listado Hojas de Vida/Imprimir Hoja de Vida/td_355682169' is clicked on

2022-04-29 10:15:40 - [MESSAGE][PASSED] - Object: 'Object Repository/1-OBJECTS TAREAS PRINCIPALES/Modulo Tarea Listado Hojas de Vida/Imprimir Hoja de Vida/td_355682169' is clicked on

2022-04-29 10:15:40 - [TEST_STEP][PASSED] - waitForElementClickable(findTestObject("1-OBJECTS TAREAS PRINCIPALES/Modulo Tarea Listado Hojas de Vida/Imprimir Hoja de Vida/a_Imprimir"), G_TimeOut): Object 'Object Repository/1-OBJECTS TAREAS PRINCIPALES/Modulo Tarea Listado Hojas de Vida/Imprimir Hoja de Vida/a_Imprimir' is clickable

2022-04-29 10:15:41 - [MESSAGE][PASSED] - Object 'Object Repository/1-OBJECTS TAREAS PRINCIPALES/Modulo Tarea Listado Hojas de Vida/Imprimir Hoja de Vida/a_Imprimir' is clickable

2022-04-29 10:15:41 - [TEST_STEP][PASSED] - click(findTestObject("1-OBJECTS TAREAS PRINCIPALES/Modulo Tarea Listado Hojas de Vida/Imprimir Hoja de Vida/a_Imprimir")): Object: 'Object Repository/1-OBJECTS TAREAS PRINCIPALES/Modulo Tarea Listado Hojas de Vida/Imprimir Hoja de Vida/a_Imprimir' is clicked on

2022-04-29 10:15:41 - [MESSAGE][PASSED] - Object: 'Object Repository/1-OBJECTS TAREAS PRINCIPALES/Modulo Tarea Listado Hojas de Vida/Imprimir Hoja de Vida/a_Imprimir' is clicked on

2022-04-29 10:15:41 - [TEST_STEP][PASSED] - waitForElementClickable(findTestObject("1-OBJECTS TAREAS PRINCIPALES/Modulo Tarea Listado Hojas de Vida/Imprimir Hoja de Vida/a_Si"), G_TimeOut): Object 'Object Repository/1-OBJECTS TAREAS PRINCIPALES/Modulo Tarea Listado Hojas de Vida/Imprimir Hoja de Vida/a_Si' is clickable

2022-04-29 10:15:43 - [MESSAGE][PASSED] - Object 'Object Repository/1-OBJECTS TAREAS PRINCIPALES/Modulo Tarea Listado Hojas de Vida/Imprimir Hoja de Vida/a_Si' is clickable

2022-04-29 10:15:43 - [TEST_STEP][PASSED] - click(findTestObject("1-OBJECTS TAREAS PRINCIPALES/Modulo Tarea Listado Hojas de Vida/Imprimir Hoja de Vida/a_Si")): Object: 'Object Repository/1-OBJECTS TAREAS PRINCIPALES/Modulo Tarea Listado Hojas de Vida/Imprimir Hoja de Vida/a_Si' is clicked on

2022-04-29 10:15:43 - [MESSAGE][PASSED] - Object: 'Object Repository/1-OBJECTS TAREAS PRINCIPALES/Modulo Tarea Listado Hojas de Vida/Imprimir Hoja de Vida/a_Si' is clicked on

2022-04-29 10:15:43 - [TEST_STEP][PASSED] - switchToWindowTitle("SARA"): Switched to window with title: 'SARA'

2022-04-29 10:15:43 - [MESSAGE][PASSED] - Switched to window with title: 'SARA'

2022-04-29 10:15:43 - [TEST_STEP][PASSED] - waitForElementClickable(findTestObject("1-OBJECTS TAREAS PRINCIPALES/Modulo Tarea Listado Hojas de Vida/Imprimir Hoja de Vida/span_Grupo Sanguneo-closethick"), G_TimeOut): Object 'Object Repository/1-OBJECTS TAREAS PRINCIPALES/Modulo Tarea Listado Hojas de Vida/Imprimir Hoja de Vida/span_Grupo Sanguneo-closethick' is clickable

2022-04-29 10:15:44 - [MESSAGE][PASSED] - Object 'Object Repository/1-OBJECTS TAREAS PRINCIPALES/Modulo Tarea Listado Hojas de Vida/Imprimir Hoja de Vida/span_Grupo Sanguneo-closethick' is clickable

2022-04-29 10:15:44 - [TEST_STEP][PASSED] - click(findTestObject("1-OBJECTS TAREAS PRINCIPALES/Modulo Tarea Listado Hojas de Vida/Imprimir Hoja de Vida/span_Grupo Sanguneo-closethick")): Object: 'Object Repository/1-OBJECTS TAREAS PRINCIPALES/Modulo Tarea Listado Hojas de Vida/Imprimir Hoja de Vida/span_Grupo Sanguneo-closethick' is clicked on

2022-04-29 10:15:44 - [MESSAGE][PASSED] - Object: 'Object Repository/1-OBJECTS TAREAS PRINCIPALES/Modulo Tarea Listado Hojas de Vida/Imprimir Hoja de Vida/span_Grupo Sanguneo-closethick' is clicked on

2022-04-29 10:15:44 - [TEST_STEP][PASSED] - waitForElementClickable(findTestObject("1-OBJECTS TAREAS PRINCIPALES/Modulo Tarea Listado Hojas de Vida/Imprimir Hoja de Vida/a_Generar"), G_TimeOut): Object 'Object Repository/1-OBJECTS TAREAS PRINCIPALES/Modulo Tarea Listado Hojas de Vida/Imprimir Hoja de Vida/a_Generar' is clickable

2022-04-29 10:15:45 - [MESSAGE][PASSED] - Object 'Object Repository/1-OBJECTS TAREAS PRINCIPALES/Modulo Tarea Listado Hojas de Vida/Imprimir Hoja de Vida/a_Generar' is clickable

2022-04-29 10:15:45 - [TEST_STEP][PASSED] - click(findTestObject("1-OBJECTS TAREAS PRINCIPALES/Modulo Tarea Listado Hojas de Vida/Imprimir Hoja de Vida/a_Generar")): Object: 'Object Repository/1-OBJECTS TAREAS PRINCIPALES/Modulo Tarea Listado Hojas de Vida/Imprimir Hoja de Vida/a_Generar' is clicked on

2022-04-29 10:15:45 - [MESSAGE][PASSED] - Object: 'Object Repository/1-OBJECTS TAREAS PRINCIPALES/Modulo Tarea Listado Hojas de Vida/Imprimir Hoja de Vida/a_Generar' is clicked on

2022-04-29 10:15:45 - [TEST_STEP][PASSED] - waitForElementClickable(findTestObject("1-OBJECTS TAREAS PRINCIPALES/Modulo Tarea Listado Hojas de Vida/Imprimir Hoja de Vida/td_espaol impresion empleado"), G_TimeOut): Object 'Object Repository/1-OBJECTS TAREAS PRINCIPALES/Modulo Tarea Listado Hojas de Vida/Imprimir Hoja de Vida/td_espaol impresion empleado' is clickable

2022-04-29 10:15:46 - [MESSAGE][PASSED] - Object 'Object Repository/1-OBJECTS TAREAS PRINCIPALES/Modulo Tarea Listado Hojas de Vida/Imprimir Hoja de Vida/td_espaol impresion empleado' is clickable

2022-04-29 10:15:46 - [TEST_STEP][PASSED] - click(findTestObject("1-OBJECTS TAREAS PRINCIPALES/Modulo Tarea Listado Hojas de Vida/Imprimir Hoja de Vida/td_espaol impresion empleado")): Object: 'Object Repository/1-OBJECTS TAREAS PRINCIPALES/Modulo Tarea Listado Hojas de Vida/Imprimir Hoja de Vida/td_espaol impresion empleado' is clicked on

2022-04-29 10:15:47 - [MESSAGE][PASSED] - Object: 'Object Repository/1-OBJECTS TAREAS PRINCIPALES/Modulo Tarea Listado Hojas de Vida/Imprimir Hoja de Vida/td_espaol impresion empleado' is clicked on

2022-04-29 10:15:47 - [TEST_STEP][PASSED] - waitForElementClickable(findTestObject("1-OBJECTS TAREAS PRINCIPALES/Modulo Tarea Listado Hojas de Vida/Imprimir Hoja de Vida/a_Descargar"), G_TimeOut): Object 'Object Repository/1-OBJECTS TAREAS PRINCIPALES/Modulo Tarea Listado Hojas de Vida/Imprimir Hoja de Vida/a_Descargar' is clickable

2022-04-29 10:15:48 - [MESSAGE][PASSED] - Object 'Object Repository/1-OBJECTS TAREAS PRINCIPALES/Modulo Tarea Listado Hojas de Vida/Imprimir Hoja de Vida/a_Descargar' is clickable

2022-04-29 10:15:48 - [TEST_STEP][PASSED] - click(findTestObject("1-OBJECTS TAREAS PRINCIPALES/Modulo Tarea Listado Hojas de Vida/Imprimir Hoja de Vida/a_Descargar")): Object: 'Object Repository/1-OBJECTS TAREAS PRINCIPALES/Modulo Tarea Listado Hojas de Vida/Imprimir Hoja de Vida/a_Descargar' is clicked on

2022-04-29 10:15:48 - [MESSAGE][PASSED] - Object: 'Object Repository/1-OBJECTS TAREAS PRINCIPALES/Modulo Tarea Listado Hojas de Vida/Imprimir Hoja de Vida/a_Descargar' is clicked on

2022-04-29 10:15:48 - [TEST_STEP][PASSED] - switchToWindowIndex(0): Switched to window with index: '0'

2022-04-29 10:15:48 - [MESSAGE][PASSED] - Switched to window with index: '0'

2022-04-29 10:15:48 - [TEST_STEP][PASSED] - waitForElementClickable(findTestObject("1-OBJECTS TAREAS PRINCIPALES/Modulo Tarea Listado Hojas de Vida/Imprimir Hoja de Vida/span_Grupo Sanguneo-closethick_1"), G_TimeOut): Object 'Object Repository/1-OBJECTS TAREAS PRINCIPALES/Modulo Tarea Listado Hojas de Vida/Imprimir Hoja de Vida/span_Grupo Sanguneo-closethick_1' is clickable

2022-04-29 10:15:49 - [MESSAGE][PASSED] - Object 'Object Repository/1-OBJECTS TAREAS PRINCIPALES/Modulo Tarea Listado Hojas de Vida/Imprimir Hoja de Vida/span_Grupo Sanguneo-closethick_1' is clickable

2022-04-29 10:15:49 - [TEST_STEP][PASSED] - click(findTestObject("1-OBJECTS TAREAS PRINCIPALES/Modulo Tarea Listado Hojas de Vida/Imprimir Hoja de Vida/span_Grupo Sanguneo-closethick_1")): Object: 'Object Repository/1-OBJECTS TAREAS PRINCIPALES/Modulo Tarea Listado Hojas de Vida/Imprimir Hoja de Vida/span_Grupo Sanguneo-closethick_1' is clicked on

2022-04-29 10:15:49 - [MESSAGE][PASSED] - Object: 'Object Repository/1-OBJECTS TAREAS PRINCIPALES/Modulo Tarea Listado Hojas de Vida/Imprimir Hoja de Vida/span_Grupo Sanguneo-closethick_1' is clicked on

2022-04-29 10:15:49 - [TEST_STEP][PASSED] - if (waitForElementVisible(findTestObject("1-OBJECTS TAREAS PRINCIPALES/Modulo Tarea Listado Hojas de Vida/Imprimir Hoja de Vida/a_Actualizar Respuesta"), 1)): null

2022-04-29 10:15:50 - [MESSAGE][PASSED] - Object 'Object Repository/1-OBJECTS TAREAS PRINCIPALES/Modulo Tarea Listado Hojas de Vida/Imprimir Hoja de Vida/a_Actualizar Respuesta' is visible

2022-04-29 10:15:50 - [TEST_STEP][PASSED] - closeBrowser(): Browser is closed

2022-04-29 10:15:50 - [MESSAGE][PASSED] - Browser is closed]]></system-out>
         <system-err><![CDATA[]]></system-err>
      </testcase>
      <testcase name="Test Cases/1.1-Tareas Principales/1.1.3-Elaboracion Acto Cambio del Empleado y derogacion" time="141.111" classname="Test Cases/1.1-Tareas Principales/1.1.3-Elaboracion Acto Cambio del Empleado y derogacion" status="PASSED">
         <system-out><![CDATA[2022-04-29 10:15:50 - [TEST_CASE][PASSED] - Test Cases/1.1-Tareas Principales/1.1.3-Elaboracion Acto Cambio del Empleado y derogacion: Test Cases/1.1-Tareas Principales/1.1.3-Elaboracion Acto Cambio del Empleado y derogacion

2022-04-29 10:15:51 - [TEST_STEP][PASSED] - identificacion = callTestCase(findTestCase("Utilidades-(atajos_para _tareas)/Tareas Actos Administrativos/Acto Cambio del Empleado"), [:], STOP_ON_FAILURE): Call Test Case 'Test Cases/Utilidades-(atajos_para _tareas)/Tareas Actos Administrativos/Acto Cambio del Empleado' successfully

2022-04-29 10:15:51 - [TEST_CASE][PASSED] - Test Cases/Utilidades-(atajos_para _tareas)/Tareas Actos Administrativos/Acto Cambio del Empleado: Test Cases/Utilidades-(atajos_para _tareas)/Tareas Actos Administrativos/Acto Cambio del Empleado

2022-04-29 10:15:51 - [TEST_STEP][PASSED] - identificacion = callTestCase(findTestCase("1.1-Tareas Principales/1.1.1-Crear Nueva Hoja de Vida"), [:], STOP_ON_FAILURE): Call Test Case 'Test Cases/1.1-Tareas Principales/1.1.1-Crear Nueva Hoja de Vida' successfully

2022-04-29 10:15:51 - [TEST_CASE][PASSED] - Test Cases/1.1-Tareas Principales/1.1.1-Crear Nueva Hoja de Vida: Test Cases/1.1-Tareas Principales/1.1.1-Crear Nueva Hoja de Vida

2022-04-29 10:15:51 - [TEST_STEP][PASSED] - random_double = Math.random() * 9999 + 999: null

2022-04-29 10:15:51 - [TEST_STEP][PASSED] - random_double = Math.round(random_double * 1000): null

2022-04-29 10:15:51 - [TEST_STEP][PASSED] - identificacion = toString().replace(".0", ""): null

2022-04-29 10:15:51 - [TEST_STEP][PASSED] - callTestCase(findTestCase("0.1-Login"), [:], STOP_ON_FAILURE): Call Test Case 'Test Cases/0.1-Login' successfully

2022-04-29 10:15:51 - [TEST_CASE][PASSED] - Test Cases/0.1-Login: Test Cases/0.1-Login

2022-04-29 10:15:51 - [TEST_STEP][PASSED] - openBrowser(""): Browser is opened with url: ''

2022-04-29 10:15:51 - [MESSAGE][INFO] - Starting 'Chrome' driver

2022-04-29 10:15:51 - [MESSAGE][INFO] - Action delay is set to 0 milliseconds

2022-04-29 10:15:53 - [MESSAGE][PASSED] - Browser is opened with url: ''

2022-04-29 10:15:53 - [TEST_STEP][PASSED] - maximizeWindow(): Current window maximized

2022-04-29 10:15:53 - [MESSAGE][PASSED] - Current window maximized

2022-04-29 10:15:53 - [TEST_STEP][PASSED] - i = G_Login: null

2022-04-29 10:15:53 - [TEST_STEP][PASSED] - url = new java.net.URL(i): null

2022-04-29 10:15:53 - [TEST_STEP][PASSED] - println("URL: " + url.toString()): null

2022-04-29 10:15:53 - [TEST_STEP][PASSED] - connection = url.openConnection(): null

2022-04-29 10:15:53 - [TEST_STEP][PASSED] - connection.setRequestMethod("GET"): null

2022-04-29 10:15:53 - [TEST_STEP][PASSED] - connection.setReadTimeout(2 * 1000): null

2022-04-29 10:15:53 - [TEST_STEP][PASSED] - try: null

2022-04-29 10:15:53 - [TEST_STEP][PASSED] - connection.connect(): null

2022-04-29 10:15:53 - [TEST_STEP][PASSED] - flag = connected: null

2022-04-29 10:15:53 - [TEST_STEP][PASSED] - println("Valor_ori: " + flag): null

2022-04-29 10:15:53 - [TEST_STEP][PASSED] - if (flag): null

2022-04-29 10:15:53 - [TEST_STEP][PASSED] - navigateToUrl(i): Navigate to 'http://192.168.2.19:8380/saraweb' successfully

2022-04-29 10:15:53 - [MESSAGE][PASSED] - Navigate to 'http://192.168.2.19:8380/saraweb' successfully

2022-04-29 10:15:53 - [TEST_STEP][PASSED] - a(): null

2022-04-29 10:15:53 - [TEST_STEP][PASSED] - setText(findTestObject("3-OBJECTS UTILIDADES/Login/input_USUARIO_loginusuario"), G_Usuario): Text 'saraadmin' is set on object 'Object Repository/3-OBJECTS UTILIDADES/Login/input_USUARIO_loginusuario'

2022-04-29 10:15:54 - [MESSAGE][PASSED] - Text 'saraadmin' is set on object 'Object Repository/3-OBJECTS UTILIDADES/Login/input_USUARIO_loginusuario'

2022-04-29 10:15:54 - [TEST_STEP][PASSED] - setEncryptedText(findTestObject("3-OBJECTS UTILIDADES/Login/input_CLAVE_loginpassword"), "MkG4/TYiCFC3cb2driP7+Q=="): Text ****** has been set on object 'Object Repository/3-OBJECTS UTILIDADES/Login/input_CLAVE_loginpassword'

2022-04-29 10:15:55 - [MESSAGE][PASSED] - Text ****** has been set on object 'Object Repository/3-OBJECTS UTILIDADES/Login/input_CLAVE_loginpassword'

2022-04-29 10:15:55 - [TEST_STEP][PASSED] - waitForElementClickable(findTestObject("3-OBJECTS UTILIDADES/Login/a_Ingresar"), G_TimeOut): Object 'Object Repository/3-OBJECTS UTILIDADES/Login/a_Ingresar' is clickable

2022-04-29 10:15:55 - [MESSAGE][PASSED] - Object 'Object Repository/3-OBJECTS UTILIDADES/Login/a_Ingresar' is clickable

2022-04-29 10:15:55 - [TEST_STEP][PASSED] - click(findTestObject("3-OBJECTS UTILIDADES/Login/a_Ingresar")): Object: 'Object Repository/3-OBJECTS UTILIDADES/Login/a_Ingresar' is clicked on

2022-04-29 10:15:56 - [MESSAGE][PASSED] - Object: 'Object Repository/3-OBJECTS UTILIDADES/Login/a_Ingresar' is clicked on

2022-04-29 10:15:56 - [TEST_STEP][PASSED] - element = findWebElement(findTestObject("3-OBJECTS UTILIDADES/Login/a_Ir"), 30): null

2022-04-29 10:15:56 - [TEST_STEP][PASSED] - executeJavaScript("arguments[0].click()", Arrays.asList(element)): Execute JavaScript 'arguments[0].click()' successfully

2022-04-29 10:15:56 - [MESSAGE][PASSED] - Execute JavaScript 'arguments[0].click()' successfully

2022-04-29 10:15:56 - [MESSAGE][PASSED] - Call Test Case 'Test Cases/0.1-Login' successfully

2022-04-29 10:15:56 - [TEST_STEP][PASSED] - waitForElementClickable(findTestObject("1-OBJECTS TAREAS PRINCIPALES/Modulo Tarea Listado Hojas de Vida/Crear Nueva Hoja de Vida/input_Listado Hojas De Vida_form_templatej_idt24_input"), G_TimeOut): Object 'Object Repository/1-OBJECTS TAREAS PRINCIPALES/Modulo Tarea Listado Hojas de Vida/Crear Nueva Hoja de Vida/input_Listado Hojas De Vida_form_templatej_idt24_input' is clickable

2022-04-29 10:15:57 - [MESSAGE][PASSED] - Object 'Object Repository/1-OBJECTS TAREAS PRINCIPALES/Modulo Tarea Listado Hojas de Vida/Crear Nueva Hoja de Vida/input_Listado Hojas De Vida_form_templatej_idt24_input' is clickable

2022-04-29 10:15:57 - [TEST_STEP][PASSED] - setText(findTestObject("1-OBJECTS TAREAS PRINCIPALES/Modulo Tarea Listado Hojas de Vida/Crear Nueva Hoja de Vida/input_Listado Hojas De Vida_form_templatej_idt24_input"), "Listado Hojas de Vida"): Text 'Listado Hojas de Vida' is set on object 'Object Repository/1-OBJECTS TAREAS PRINCIPALES/Modulo Tarea Listado Hojas de Vida/Crear Nueva Hoja de Vida/input_Listado Hojas De Vida_form_templatej_idt24_input'

2022-04-29 10:15:58 - [MESSAGE][PASSED] - Text 'Listado Hojas de Vida' is set on object 'Object Repository/1-OBJECTS TAREAS PRINCIPALES/Modulo Tarea Listado Hojas de Vida/Crear Nueva Hoja de Vida/input_Listado Hojas De Vida_form_templatej_idt24_input'

2022-04-29 10:15:58 - [TEST_STEP][PASSED] - waitForElementVisible(findTestObject("1-OBJECTS TAREAS PRINCIPALES/Modulo Tarea Listado Hojas de Vida/Crear Nueva Hoja de Vida/span_Listado Hojas de Vida"), 0): Object 'Object Repository/1-OBJECTS TAREAS PRINCIPALES/Modulo Tarea Listado Hojas de Vida/Crear Nueva Hoja de Vida/span_Listado Hojas de Vida' is visible

2022-04-29 10:15:58 - [MESSAGE][WARNING] - Timeout '0' is invalid. Using default page load timeout: '45'

2022-04-29 10:15:59 - [MESSAGE][PASSED] - Object 'Object Repository/1-OBJECTS TAREAS PRINCIPALES/Modulo Tarea Listado Hojas de Vida/Crear Nueva Hoja de Vida/span_Listado Hojas de Vida' is visible

2022-04-29 10:15:59 - [TEST_STEP][PASSED] - click(findTestObject("1-OBJECTS TAREAS PRINCIPALES/Modulo Tarea Listado Hojas de Vida/Crear Nueva Hoja de Vida/span_Listado Hojas de Vida")): Object: 'Object Repository/1-OBJECTS TAREAS PRINCIPALES/Modulo Tarea Listado Hojas de Vida/Crear Nueva Hoja de Vida/span_Listado Hojas de Vida' is clicked on

2022-04-29 10:15:59 - [MESSAGE][PASSED] - Object: 'Object Repository/1-OBJECTS TAREAS PRINCIPALES/Modulo Tarea Listado Hojas de Vida/Crear Nueva Hoja de Vida/span_Listado Hojas de Vida' is clicked on

2022-04-29 10:15:59 - [TEST_STEP][PASSED] - waitForElementClickable(findTestObject("1-OBJECTS TAREAS PRINCIPALES/Modulo Tarea Listado Hojas de Vida/Crear Nueva Hoja de Vida/a_Nueva HojaVida"), G_TimeOut): Object 'Object Repository/1-OBJECTS TAREAS PRINCIPALES/Modulo Tarea Listado Hojas de Vida/Crear Nueva Hoja de Vida/a_Nueva HojaVida' is clickable

2022-04-29 10:16:00 - [MESSAGE][PASSED] - Object 'Object Repository/1-OBJECTS TAREAS PRINCIPALES/Modulo Tarea Listado Hojas de Vida/Crear Nueva Hoja de Vida/a_Nueva HojaVida' is clickable

2022-04-29 10:16:00 - [TEST_STEP][PASSED] - click(findTestObject("1-OBJECTS TAREAS PRINCIPALES/Modulo Tarea Listado Hojas de Vida/Crear Nueva Hoja de Vida/a_Nueva HojaVida")): Object: 'Object Repository/1-OBJECTS TAREAS PRINCIPALES/Modulo Tarea Listado Hojas de Vida/Crear Nueva Hoja de Vida/a_Nueva HojaVida' is clicked on

2022-04-29 10:16:01 - [MESSAGE][PASSED] - Object: 'Object Repository/1-OBJECTS TAREAS PRINCIPALES/Modulo Tarea Listado Hojas de Vida/Crear Nueva Hoja de Vida/a_Nueva HojaVida' is clicked on

2022-04-29 10:16:01 - [TEST_STEP][PASSED] - waitForElementClickable(findTestObject("1-OBJECTS TAREAS PRINCIPALES/Modulo Tarea Listado Hojas de Vida/Crear Nueva Hoja de Vida/input_Identificacin_nuevahoja_"), 0): Object 'Object Repository/1-OBJECTS TAREAS PRINCIPALES/Modulo Tarea Listado Hojas de Vida/Crear Nueva Hoja de Vida/input_Identificacin_nuevahoja_' is clickable

2022-04-29 10:16:01 - [MESSAGE][WARNING] - Timeout '0' is invalid. Using default page load timeout: '45'

2022-04-29 10:16:02 - [MESSAGE][PASSED] - Object 'Object Repository/1-OBJECTS TAREAS PRINCIPALES/Modulo Tarea Listado Hojas de Vida/Crear Nueva Hoja de Vida/input_Identificacin_nuevahoja_' is clickable

2022-04-29 10:16:02 - [TEST_STEP][PASSED] - setText(findTestObject("1-OBJECTS TAREAS PRINCIPALES/Modulo Tarea Listado Hojas de Vida/Crear Nueva Hoja de Vida/input_Identificacin_nuevahoja_"), identificacion): Text '3397616' is set on object 'Object Repository/1-OBJECTS TAREAS PRINCIPALES/Modulo Tarea Listado Hojas de Vida/Crear Nueva Hoja de Vida/input_Identificacin_nuevahoja_'

2022-04-29 10:16:02 - [MESSAGE][PASSED] - Text '3397616' is set on object 'Object Repository/1-OBJECTS TAREAS PRINCIPALES/Modulo Tarea Listado Hojas de Vida/Crear Nueva Hoja de Vida/input_Identificacin_nuevahoja_'

2022-04-29 10:16:02 - [TEST_STEP][PASSED] - selectOptionByIndex(findTestObject("1-OBJECTS TAREAS PRINCIPALES/Modulo Tarea Listado Hojas de Vida/Crear Nueva Hoja de Vida/select_-- Seleccione --.ASPIRA"), "4"): All options with index in [4] are selected on object 'Object Repository/1-OBJECTS TAREAS PRINCIPALES/Modulo Tarea Listado Hojas de Vida/Crear Nueva Hoja de Vida/select_-- Seleccione --.ASPIRA'

2022-04-29 10:16:04 - [MESSAGE][PASSED] - All options with index in [4] are selected on object 'Object Repository/1-OBJECTS TAREAS PRINCIPALES/Modulo Tarea Listado Hojas de Vida/Crear Nueva Hoja de Vida/select_-- Seleccione --.ASPIRA'

2022-04-29 10:16:04 - [TEST_STEP][PASSED] - click(findTestObject("1-OBJECTS TAREAS PRINCIPALES/Modulo Tarea Listado Hojas de Vida/Crear Nueva Hoja de Vida/a_Nueva Solicitud")): Object: 'Object Repository/1-OBJECTS TAREAS PRINCIPALES/Modulo Tarea Listado Hojas de Vida/Crear Nueva Hoja de Vida/a_Nueva Solicitud' is clicked on

2022-04-29 10:16:04 - [MESSAGE][PASSED] - Object: 'Object Repository/1-OBJECTS TAREAS PRINCIPALES/Modulo Tarea Listado Hojas de Vida/Crear Nueva Hoja de Vida/a_Nueva Solicitud' is clicked on

2022-04-29 10:16:04 - [TEST_STEP][PASSED] - waitForElementPresent(findTestObject("1-OBJECTS TAREAS PRINCIPALES/Modulo Tarea Listado Hojas de Vida/Crear Nueva Hoja de Vida/input__hojaVidaseccionj_idt8350j_idt845"), 0): Object 'Object Repository/1-OBJECTS TAREAS PRINCIPALES/Modulo Tarea Listado Hojas de Vida/Crear Nueva Hoja de Vida/input__hojaVidaseccionj_idt8350j_idt845' is present

2022-04-29 10:16:04 - [MESSAGE][WARNING] - Timeout '0' is invalid. Using default page load timeout: '45'

2022-04-29 10:16:05 - [MESSAGE][PASSED] - Object 'Object Repository/1-OBJECTS TAREAS PRINCIPALES/Modulo Tarea Listado Hojas de Vida/Crear Nueva Hoja de Vida/input__hojaVidaseccionj_idt8350j_idt845' is present

2022-04-29 10:16:05 - [TEST_STEP][PASSED] - setText(findTestObject("1-OBJECTS TAREAS PRINCIPALES/Modulo Tarea Listado Hojas de Vida/Crear Nueva Hoja de Vida/input__hojaVidaseccionj_idt8350j_idt845"), identificacion): Text '3397616' is set on object 'Object Repository/1-OBJECTS TAREAS PRINCIPALES/Modulo Tarea Listado Hojas de Vida/Crear Nueva Hoja de Vida/input__hojaVidaseccionj_idt8350j_idt845'

2022-04-29 10:16:06 - [MESSAGE][PASSED] - Text '3397616' is set on object 'Object Repository/1-OBJECTS TAREAS PRINCIPALES/Modulo Tarea Listado Hojas de Vida/Crear Nueva Hoja de Vida/input__hojaVidaseccionj_idt8350j_idt845'

2022-04-29 10:16:06 - [TEST_STEP][PASSED] - setText(findTestObject("1-OBJECTS TAREAS PRINCIPALES/Modulo Tarea Listado Hojas de Vida/Crear Nueva Hoja de Vida/input__hojaVidaseccionj_idt8351j_idt845"), "Empleado" + identificacion): Text 'Empleado3397616' is set on object 'Object Repository/1-OBJECTS TAREAS PRINCIPALES/Modulo Tarea Listado Hojas de Vida/Crear Nueva Hoja de Vida/input__hojaVidaseccionj_idt8351j_idt845'

2022-04-29 10:16:07 - [MESSAGE][PASSED] - Text 'Empleado3397616' is set on object 'Object Repository/1-OBJECTS TAREAS PRINCIPALES/Modulo Tarea Listado Hojas de Vida/Crear Nueva Hoja de Vida/input__hojaVidaseccionj_idt8351j_idt845'

2022-04-29 10:16:07 - [TEST_STEP][PASSED] - setText(findTestObject("1-OBJECTS TAREAS PRINCIPALES/Modulo Tarea Listado Hojas de Vida/Crear Nueva Hoja de Vida/input__hojaVidaseccionj_idt8352j_idt845"), " Pruebas_Automaticas"): Text ' Pruebas_Automaticas' is set on object 'Object Repository/1-OBJECTS TAREAS PRINCIPALES/Modulo Tarea Listado Hojas de Vida/Crear Nueva Hoja de Vida/input__hojaVidaseccionj_idt8352j_idt845'

2022-04-29 10:16:08 - [MESSAGE][PASSED] - Text ' Pruebas_Automaticas' is set on object 'Object Repository/1-OBJECTS TAREAS PRINCIPALES/Modulo Tarea Listado Hojas de Vida/Crear Nueva Hoja de Vida/input__hojaVidaseccionj_idt8352j_idt845'

2022-04-29 10:16:08 - [TEST_STEP][PASSED] - setText(findTestObject("1-OBJECTS TAREAS PRINCIPALES/Modulo Tarea Listado Hojas de Vida/Crear Nueva Hoja de Vida/input__hojaVidaseccionj_idt8353fecha_input"), "30/08/1995"): Text '30/08/1995' is set on object 'Object Repository/1-OBJECTS TAREAS PRINCIPALES/Modulo Tarea Listado Hojas de Vida/Crear Nueva Hoja de Vida/input__hojaVidaseccionj_idt8353fecha_input'

2022-04-29 10:16:09 - [MESSAGE][PASSED] - Text '30/08/1995' is set on object 'Object Repository/1-OBJECTS TAREAS PRINCIPALES/Modulo Tarea Listado Hojas de Vida/Crear Nueva Hoja de Vida/input__hojaVidaseccionj_idt8353fecha_input'

2022-04-29 10:16:09 - [TEST_STEP][PASSED] - sendKeys(findTestObject("1-OBJECTS TAREAS PRINCIPALES/Modulo Tarea Listado Hojas de Vida/Crear Nueva Hoja de Vida/input__hojaVidaseccionj_idt8353fecha_input"), Keys.chord(ENTER)): Keys 'ENTER + ' sent to object: 'Object Repository/1-OBJECTS TAREAS PRINCIPALES/Modulo Tarea Listado Hojas de Vida/Crear Nueva Hoja de Vida/input__hojaVidaseccionj_idt8353fecha_input'

2022-04-29 10:16:09 - [MESSAGE][PASSED] - Keys 'ENTER + ' sent to object: 'Object Repository/1-OBJECTS TAREAS PRINCIPALES/Modulo Tarea Listado Hojas de Vida/Crear Nueva Hoja de Vida/input__hojaVidaseccionj_idt8353fecha_input'

2022-04-29 10:16:09 - [TEST_STEP][PASSED] - waitForElementClickable(findTestObject("1-OBJECTS TAREAS PRINCIPALES/Modulo Tarea Listado Hojas de Vida/Crear Nueva Hoja de Vida/a__hojaVidaseccionj_idt8354j_idt865"), G_TimeOut): Object 'Object Repository/1-OBJECTS TAREAS PRINCIPALES/Modulo Tarea Listado Hojas de Vida/Crear Nueva Hoja de Vida/a__hojaVidaseccionj_idt8354j_idt865' is clickable

2022-04-29 10:16:09 - [MESSAGE][PASSED] - Object 'Object Repository/1-OBJECTS TAREAS PRINCIPALES/Modulo Tarea Listado Hojas de Vida/Crear Nueva Hoja de Vida/a__hojaVidaseccionj_idt8354j_idt865' is clickable

2022-04-29 10:16:09 - [TEST_STEP][PASSED] - click(findTestObject("1-OBJECTS TAREAS PRINCIPALES/Modulo Tarea Listado Hojas de Vida/Crear Nueva Hoja de Vida/a__hojaVidaseccionj_idt8354j_idt865")): Object: 'Object Repository/1-OBJECTS TAREAS PRINCIPALES/Modulo Tarea Listado Hojas de Vida/Crear Nueva Hoja de Vida/a__hojaVidaseccionj_idt8354j_idt865' is clicked on

2022-04-29 10:16:10 - [MESSAGE][PASSED] - Object: 'Object Repository/1-OBJECTS TAREAS PRINCIPALES/Modulo Tarea Listado Hojas de Vida/Crear Nueva Hoja de Vida/a__hojaVidaseccionj_idt8354j_idt865' is clicked on

2022-04-29 10:16:10 - [TEST_STEP][PASSED] - waitForElementClickable(findTestObject("1-OBJECTS TAREAS PRINCIPALES/Modulo Tarea Listado Hojas de Vida/Crear Nueva Hoja de Vida/span_CEDULA CIUDADANIA"), G_TimeOut): Object 'Object Repository/1-OBJECTS TAREAS PRINCIPALES/Modulo Tarea Listado Hojas de Vida/Crear Nueva Hoja de Vida/span_CEDULA CIUDADANIA' is clickable

2022-04-29 10:16:11 - [MESSAGE][PASSED] - Object 'Object Repository/1-OBJECTS TAREAS PRINCIPALES/Modulo Tarea Listado Hojas de Vida/Crear Nueva Hoja de Vida/span_CEDULA CIUDADANIA' is clickable

2022-04-29 10:16:11 - [TEST_STEP][PASSED] - click(findTestObject("1-OBJECTS TAREAS PRINCIPALES/Modulo Tarea Listado Hojas de Vida/Crear Nueva Hoja de Vida/span_CEDULA CIUDADANIA")): Object: 'Object Repository/1-OBJECTS TAREAS PRINCIPALES/Modulo Tarea Listado Hojas de Vida/Crear Nueva Hoja de Vida/span_CEDULA CIUDADANIA' is clicked on

2022-04-29 10:16:11 - [MESSAGE][PASSED] - Object: 'Object Repository/1-OBJECTS TAREAS PRINCIPALES/Modulo Tarea Listado Hojas de Vida/Crear Nueva Hoja de Vida/span_CEDULA CIUDADANIA' is clicked on

2022-04-29 10:16:11 - [TEST_STEP][PASSED] - waitForElementClickable(findTestObject("1-OBJECTS TAREAS PRINCIPALES/Modulo Tarea Listado Hojas de Vida/Crear Nueva Hoja de Vida/input_Fecha Expedicin_hojaVidas"), G_TimeOut): Object 'Object Repository/1-OBJECTS TAREAS PRINCIPALES/Modulo Tarea Listado Hojas de Vida/Crear Nueva Hoja de Vida/input_Fecha Expedicin_hojaVidas' is clickable

2022-04-29 10:16:12 - [MESSAGE][PASSED] - Object 'Object Repository/1-OBJECTS TAREAS PRINCIPALES/Modulo Tarea Listado Hojas de Vida/Crear Nueva Hoja de Vida/input_Fecha Expedicin_hojaVidas' is clickable

2022-04-29 10:16:12 - [TEST_STEP][PASSED] - setText(findTestObject("1-OBJECTS TAREAS PRINCIPALES/Modulo Tarea Listado Hojas de Vida/Crear Nueva Hoja de Vida/input_Fecha Expedicin_hojaVidas"), "13/09/2013"): Text '13/09/2013' is set on object 'Object Repository/1-OBJECTS TAREAS PRINCIPALES/Modulo Tarea Listado Hojas de Vida/Crear Nueva Hoja de Vida/input_Fecha Expedicin_hojaVidas'

2022-04-29 10:16:13 - [MESSAGE][PASSED] - Text '13/09/2013' is set on object 'Object Repository/1-OBJECTS TAREAS PRINCIPALES/Modulo Tarea Listado Hojas de Vida/Crear Nueva Hoja de Vida/input_Fecha Expedicin_hojaVidas'

2022-04-29 10:16:13 - [TEST_STEP][PASSED] - sendKeys(findTestObject("1-OBJECTS TAREAS PRINCIPALES/Modulo Tarea Listado Hojas de Vida/Crear Nueva Hoja de Vida/input_Fecha Expedicin_hojaVidas"), Keys.chord(ENTER)): Keys 'ENTER + ' sent to object: 'Object Repository/1-OBJECTS TAREAS PRINCIPALES/Modulo Tarea Listado Hojas de Vida/Crear Nueva Hoja de Vida/input_Fecha Expedicin_hojaVidas'

2022-04-29 10:16:13 - [MESSAGE][PASSED] - Keys 'ENTER + ' sent to object: 'Object Repository/1-OBJECTS TAREAS PRINCIPALES/Modulo Tarea Listado Hojas de Vida/Crear Nueva Hoja de Vida/input_Fecha Expedicin_hojaVidas'

2022-04-29 10:16:13 - [TEST_STEP][PASSED] - selectOptionByIndex(findTestObject("1-OBJECTS TAREAS PRINCIPALES/Modulo Tarea Listado Hojas de Vida/Crear Nueva Hoja de Vida/select_-- Seleccione--000000ABEJORRAL"), "113"): All options with index in [113] are selected on object 'Object Repository/1-OBJECTS TAREAS PRINCIPALES/Modulo Tarea Listado Hojas de Vida/Crear Nueva Hoja de Vida/select_-- Seleccione--000000ABEJORRAL'

2022-04-29 10:16:16 - [MESSAGE][PASSED] - All options with index in [113] are selected on object 'Object Repository/1-OBJECTS TAREAS PRINCIPALES/Modulo Tarea Listado Hojas de Vida/Crear Nueva Hoja de Vida/select_-- Seleccione--000000ABEJORRAL'

2022-04-29 10:16:16 - [TEST_STEP][PASSED] - setText(findTestObject("1-OBJECTS TAREAS PRINCIPALES/Modulo Tarea Listado Hojas de Vida/Crear Nueva Hoja de Vida/input__hojaVidaseccionj_idt8358j_idt845"), "634564654684"): Text '634564654684' is set on object 'Object Repository/1-OBJECTS TAREAS PRINCIPALES/Modulo Tarea Listado Hojas de Vida/Crear Nueva Hoja de Vida/input__hojaVidaseccionj_idt8358j_idt845'

2022-04-29 10:16:17 - [MESSAGE][PASSED] - Text '634564654684' is set on object 'Object Repository/1-OBJECTS TAREAS PRINCIPALES/Modulo Tarea Listado Hojas de Vida/Crear Nueva Hoja de Vida/input__hojaVidaseccionj_idt8358j_idt845'

2022-04-29 10:16:17 - [TEST_STEP][PASSED] - setText(findTestObject("1-OBJECTS TAREAS PRINCIPALES/Modulo Tarea Listado Hojas de Vida/Crear Nueva Hoja de Vida/input__hojaVidaseccionj_idt8359j_idt845"), "noodle@gmail.com"): Text 'noodle@gmail.com' is set on object 'Object Repository/1-OBJECTS TAREAS PRINCIPALES/Modulo Tarea Listado Hojas de Vida/Crear Nueva Hoja de Vida/input__hojaVidaseccionj_idt8359j_idt845'

2022-04-29 10:16:18 - [MESSAGE][PASSED] - Text 'noodle@gmail.com' is set on object 'Object Repository/1-OBJECTS TAREAS PRINCIPALES/Modulo Tarea Listado Hojas de Vida/Crear Nueva Hoja de Vida/input__hojaVidaseccionj_idt8359j_idt845'

2022-04-29 10:16:18 - [TEST_STEP][PASSED] - selectOptionByIndex(findTestObject("1-OBJECTS TAREAS PRINCIPALES/Modulo Tarea Listado Hojas de Vida/Crear Nueva Hoja de Vida/select_AA-ABAB-BB-OO-"), "7"): All options with index in [7] are selected on object 'Object Repository/1-OBJECTS TAREAS PRINCIPALES/Modulo Tarea Listado Hojas de Vida/Crear Nueva Hoja de Vida/select_AA-ABAB-BB-OO-'

2022-04-29 10:16:19 - [MESSAGE][PASSED] - All options with index in [7] are selected on object 'Object Repository/1-OBJECTS TAREAS PRINCIPALES/Modulo Tarea Listado Hojas de Vida/Crear Nueva Hoja de Vida/select_AA-ABAB-BB-OO-'

2022-04-29 10:16:19 - [TEST_STEP][PASSED] - waitForElementClickable(findTestObject("1-OBJECTS TAREAS PRINCIPALES/Modulo Tarea Listado Hojas de Vida/Crear Nueva Hoja de Vida/a_Continuar"), G_TimeOut): Object 'Object Repository/1-OBJECTS TAREAS PRINCIPALES/Modulo Tarea Listado Hojas de Vida/Crear Nueva Hoja de Vida/a_Continuar' is clickable

2022-04-29 10:16:19 - [MESSAGE][PASSED] - Object 'Object Repository/1-OBJECTS TAREAS PRINCIPALES/Modulo Tarea Listado Hojas de Vida/Crear Nueva Hoja de Vida/a_Continuar' is clickable

2022-04-29 10:16:19 - [TEST_STEP][PASSED] - click(findTestObject("1-OBJECTS TAREAS PRINCIPALES/Modulo Tarea Listado Hojas de Vida/Crear Nueva Hoja de Vida/a_Continuar")): Object: 'Object Repository/1-OBJECTS TAREAS PRINCIPALES/Modulo Tarea Listado Hojas de Vida/Crear Nueva Hoja de Vida/a_Continuar' is clicked on

2022-04-29 10:16:20 - [MESSAGE][PASSED] - Object: 'Object Repository/1-OBJECTS TAREAS PRINCIPALES/Modulo Tarea Listado Hojas de Vida/Crear Nueva Hoja de Vida/a_Continuar' is clicked on

2022-04-29 10:16:20 - [TEST_STEP][PASSED] - waitForElementClickable(findTestObject("1-OBJECTS TAREAS PRINCIPALES/Modulo Tarea Listado Hojas de Vida/Crear Nueva Hoja de Vida/a_Aceptar"), G_TimeOut): Object 'Object Repository/1-OBJECTS TAREAS PRINCIPALES/Modulo Tarea Listado Hojas de Vida/Crear Nueva Hoja de Vida/a_Aceptar' is clickable

2022-04-29 10:16:20 - [MESSAGE][PASSED] - Object 'Object Repository/1-OBJECTS TAREAS PRINCIPALES/Modulo Tarea Listado Hojas de Vida/Crear Nueva Hoja de Vida/a_Aceptar' is clickable

2022-04-29 10:16:20 - [TEST_STEP][PASSED] - click(findTestObject("1-OBJECTS TAREAS PRINCIPALES/Modulo Tarea Listado Hojas de Vida/Crear Nueva Hoja de Vida/a_Aceptar"), STOP_ON_FAILURE): Object: 'Object Repository/1-OBJECTS TAREAS PRINCIPALES/Modulo Tarea Listado Hojas de Vida/Crear Nueva Hoja de Vida/a_Aceptar' is clicked on

2022-04-29 10:16:21 - [MESSAGE][PASSED] - Object: 'Object Repository/1-OBJECTS TAREAS PRINCIPALES/Modulo Tarea Listado Hojas de Vida/Crear Nueva Hoja de Vida/a_Aceptar' is clicked on

2022-04-29 10:16:21 - [TEST_STEP][PASSED] - if (waitForElementVisible(findTestObject("1-OBJECTS TAREAS PRINCIPALES/Modulo Tarea Listado Hojas de Vida/Crear Nueva Hoja de Vida/a_Actualizar Respuesta"), 1)): null

2022-04-29 10:16:22 - [MESSAGE][PASSED] - Object 'Object Repository/1-OBJECTS TAREAS PRINCIPALES/Modulo Tarea Listado Hojas de Vida/Crear Nueva Hoja de Vida/a_Actualizar Respuesta' is visible

2022-04-29 10:16:22 - [TEST_STEP][PASSED] - closeBrowser(): Browser is closed

2022-04-29 10:16:22 - [MESSAGE][PASSED] - Browser is closed

2022-04-29 10:16:22 - [TEST_STEP][PASSED] - return identificacion: null

2022-04-29 10:16:22 - [MESSAGE][PASSED] - Call Test Case 'Test Cases/1.1-Tareas Principales/1.1.1-Crear Nueva Hoja de Vida' successfully

2022-04-29 10:16:22 - [TEST_STEP][PASSED] - callTestCase(findTestCase("Utilidades-(atajos_para _tareas)/Tareas Actos Administrativos/Tarea Actos Administrativos"), [:], STOP_ON_FAILURE): Call Test Case 'Test Cases/Utilidades-(atajos_para _tareas)/Tareas Actos Administrativos/Tarea Actos Administrativos' successfully

2022-04-29 10:16:22 - [TEST_CASE][PASSED] - Test Cases/Utilidades-(atajos_para _tareas)/Tareas Actos Administrativos/Tarea Actos Administrativos: Test Cases/Utilidades-(atajos_para _tareas)/Tareas Actos Administrativos/Tarea Actos Administrativos

2022-04-29 10:16:23 - [TEST_STEP][PASSED] - callTestCase(findTestCase("0.1-Login"), [:], STOP_ON_FAILURE): Call Test Case 'Test Cases/0.1-Login' successfully

2022-04-29 10:16:23 - [TEST_CASE][PASSED] - Test Cases/0.1-Login: Test Cases/0.1-Login

2022-04-29 10:16:23 - [TEST_STEP][PASSED] - openBrowser(""): Browser is opened with url: ''

2022-04-29 10:16:23 - [MESSAGE][INFO] - Starting 'Chrome' driver

2022-04-29 10:16:23 - [MESSAGE][INFO] - Action delay is set to 0 milliseconds

2022-04-29 10:16:24 - [MESSAGE][PASSED] - Browser is opened with url: ''

2022-04-29 10:16:24 - [TEST_STEP][PASSED] - maximizeWindow(): Current window maximized

2022-04-29 10:16:24 - [MESSAGE][PASSED] - Current window maximized

2022-04-29 10:16:24 - [TEST_STEP][PASSED] - i = G_Login: null

2022-04-29 10:16:24 - [TEST_STEP][PASSED] - url = new java.net.URL(i): null

2022-04-29 10:16:24 - [TEST_STEP][PASSED] - println("URL: " + url.toString()): null

2022-04-29 10:16:24 - [TEST_STEP][PASSED] - connection = url.openConnection(): null

2022-04-29 10:16:24 - [TEST_STEP][PASSED] - connection.setRequestMethod("GET"): null

2022-04-29 10:16:24 - [TEST_STEP][PASSED] - connection.setReadTimeout(2 * 1000): null

2022-04-29 10:16:24 - [TEST_STEP][PASSED] - try: null

2022-04-29 10:16:24 - [TEST_STEP][PASSED] - connection.connect(): null

2022-04-29 10:16:24 - [TEST_STEP][PASSED] - flag = connected: null

2022-04-29 10:16:24 - [TEST_STEP][PASSED] - println("Valor_ori: " + flag): null

2022-04-29 10:16:24 - [TEST_STEP][PASSED] - if (flag): null

2022-04-29 10:16:24 - [TEST_STEP][PASSED] - navigateToUrl(i): Navigate to 'http://192.168.2.19:8380/saraweb' successfully

2022-04-29 10:16:25 - [MESSAGE][PASSED] - Navigate to 'http://192.168.2.19:8380/saraweb' successfully

2022-04-29 10:16:25 - [TEST_STEP][PASSED] - a(): null

2022-04-29 10:16:25 - [TEST_STEP][PASSED] - setText(findTestObject("3-OBJECTS UTILIDADES/Login/input_USUARIO_loginusuario"), G_Usuario): Text 'saraadmin' is set on object 'Object Repository/3-OBJECTS UTILIDADES/Login/input_USUARIO_loginusuario'

2022-04-29 10:16:26 - [MESSAGE][PASSED] - Text 'saraadmin' is set on object 'Object Repository/3-OBJECTS UTILIDADES/Login/input_USUARIO_loginusuario'

2022-04-29 10:16:26 - [TEST_STEP][PASSED] - setEncryptedText(findTestObject("3-OBJECTS UTILIDADES/Login/input_CLAVE_loginpassword"), "MkG4/TYiCFC3cb2driP7+Q=="): Text ****** has been set on object 'Object Repository/3-OBJECTS UTILIDADES/Login/input_CLAVE_loginpassword'

2022-04-29 10:16:26 - [MESSAGE][PASSED] - Text ****** has been set on object 'Object Repository/3-OBJECTS UTILIDADES/Login/input_CLAVE_loginpassword'

2022-04-29 10:16:26 - [TEST_STEP][PASSED] - waitForElementClickable(findTestObject("3-OBJECTS UTILIDADES/Login/a_Ingresar"), G_TimeOut): Object 'Object Repository/3-OBJECTS UTILIDADES/Login/a_Ingresar' is clickable

2022-04-29 10:16:26 - [MESSAGE][PASSED] - Object 'Object Repository/3-OBJECTS UTILIDADES/Login/a_Ingresar' is clickable

2022-04-29 10:16:26 - [TEST_STEP][PASSED] - click(findTestObject("3-OBJECTS UTILIDADES/Login/a_Ingresar")): Object: 'Object Repository/3-OBJECTS UTILIDADES/Login/a_Ingresar' is clicked on

2022-04-29 10:16:28 - [MESSAGE][PASSED] - Object: 'Object Repository/3-OBJECTS UTILIDADES/Login/a_Ingresar' is clicked on

2022-04-29 10:16:28 - [TEST_STEP][PASSED] - element = findWebElement(findTestObject("3-OBJECTS UTILIDADES/Login/a_Ir"), 30): null

2022-04-29 10:16:28 - [TEST_STEP][PASSED] - executeJavaScript("arguments[0].click()", Arrays.asList(element)): Execute JavaScript 'arguments[0].click()' successfully

2022-04-29 10:16:28 - [MESSAGE][PASSED] - Execute JavaScript 'arguments[0].click()' successfully

2022-04-29 10:16:28 - [MESSAGE][PASSED] - Call Test Case 'Test Cases/0.1-Login' successfully

2022-04-29 10:16:28 - [TEST_STEP][PASSED] - waitForElementClickable(findTestObject("1-OBJECTS TAREAS PRINCIPALES/Modulo Tarea Actos Administrativos/Tarea Actos Administrativos/input_ADMINISTRADOR DEL SISTEMA"), G_TimeOut): Object 'Object Repository/1-OBJECTS TAREAS PRINCIPALES/Modulo Tarea Actos Administrativos/Tarea Actos Administrativos/input_ADMINISTRADOR DEL SISTEMA' is clickable

2022-04-29 10:16:29 - [MESSAGE][PASSED] - Object 'Object Repository/1-OBJECTS TAREAS PRINCIPALES/Modulo Tarea Actos Administrativos/Tarea Actos Administrativos/input_ADMINISTRADOR DEL SISTEMA' is clickable

2022-04-29 10:16:29 - [TEST_STEP][PASSED] - setText(findTestObject("1-OBJECTS TAREAS PRINCIPALES/Modulo Tarea Actos Administrativos/Tarea Actos Administrativos/input_ADMINISTRADOR DEL SISTEMA"), "Actos Administrativos"): Text 'Actos Administrativos' is set on object 'Object Repository/1-OBJECTS TAREAS PRINCIPALES/Modulo Tarea Actos Administrativos/Tarea Actos Administrativos/input_ADMINISTRADOR DEL SISTEMA'

2022-04-29 10:16:30 - [MESSAGE][PASSED] - Text 'Actos Administrativos' is set on object 'Object Repository/1-OBJECTS TAREAS PRINCIPALES/Modulo Tarea Actos Administrativos/Tarea Actos Administrativos/input_ADMINISTRADOR DEL SISTEMA'

2022-04-29 10:16:30 - [TEST_STEP][PASSED] - waitForElementVisible(findTestObject("1-OBJECTS TAREAS PRINCIPALES/Modulo Tarea Actos Administrativos/Tarea Actos Administrativos/span_Tarea actos administrativos"), 0): Object 'Object Repository/1-OBJECTS TAREAS PRINCIPALES/Modulo Tarea Actos Administrativos/Tarea Actos Administrativos/span_Tarea actos administrativos' is visible

2022-04-29 10:16:30 - [MESSAGE][WARNING] - Timeout '0' is invalid. Using default page load timeout: '45'

2022-04-29 10:16:31 - [MESSAGE][PASSED] - Object 'Object Repository/1-OBJECTS TAREAS PRINCIPALES/Modulo Tarea Actos Administrativos/Tarea Actos Administrativos/span_Tarea actos administrativos' is visible

2022-04-29 10:16:31 - [TEST_STEP][PASSED] - click(findTestObject("1-OBJECTS TAREAS PRINCIPALES/Modulo Tarea Actos Administrativos/Tarea Actos Administrativos/span_Tarea actos administrativos")): Object: 'Object Repository/1-OBJECTS TAREAS PRINCIPALES/Modulo Tarea Actos Administrativos/Tarea Actos Administrativos/span_Tarea actos administrativos' is clicked on

2022-04-29 10:16:31 - [MESSAGE][PASSED] - Object: 'Object Repository/1-OBJECTS TAREAS PRINCIPALES/Modulo Tarea Actos Administrativos/Tarea Actos Administrativos/span_Tarea actos administrativos' is clicked on

2022-04-29 10:16:31 - [MESSAGE][PASSED] - Call Test Case 'Test Cases/Utilidades-(atajos_para _tareas)/Tareas Actos Administrativos/Tarea Actos Administrativos' successfully

2022-04-29 10:16:31 - [TEST_STEP][PASSED] - waitForElementClickable(findTestObject("1-OBJECTS TAREAS PRINCIPALES/Modulo Tarea Actos Administrativos/Acto Cambio Empleado/i_Actos_glyphicons glyphicons-group"), G_TimeOut): Object 'Object Repository/1-OBJECTS TAREAS PRINCIPALES/Modulo Tarea Actos Administrativos/Acto Cambio Empleado/i_Actos_glyphicons glyphicons-group' is clickable

2022-04-29 10:16:32 - [MESSAGE][PASSED] - Object 'Object Repository/1-OBJECTS TAREAS PRINCIPALES/Modulo Tarea Actos Administrativos/Acto Cambio Empleado/i_Actos_glyphicons glyphicons-group' is clickable

2022-04-29 10:16:32 - [TEST_STEP][PASSED] - click(findTestObject("1-OBJECTS TAREAS PRINCIPALES/Modulo Tarea Actos Administrativos/Acto Cambio Empleado/i_Actos_glyphicons glyphicons-group")): Object: 'Object Repository/1-OBJECTS TAREAS PRINCIPALES/Modulo Tarea Actos Administrativos/Acto Cambio Empleado/i_Actos_glyphicons glyphicons-group' is clicked on

2022-04-29 10:16:33 - [MESSAGE][PASSED] - Object: 'Object Repository/1-OBJECTS TAREAS PRINCIPALES/Modulo Tarea Actos Administrativos/Acto Cambio Empleado/i_Actos_glyphicons glyphicons-group' is clicked on

2022-04-29 10:16:33 - [TEST_STEP][PASSED] - waitForElementClickable(findTestObject("1-OBJECTS TAREAS PRINCIPALES/Modulo Tarea Actos Administrativos/Acto Cambio Empleado/a_Acto cambio del Empleado_form"), G_TimeOut): Object 'Object Repository/1-OBJECTS TAREAS PRINCIPALES/Modulo Tarea Actos Administrativos/Acto Cambio Empleado/a_Acto cambio del Empleado_form' is clickable

2022-04-29 10:16:34 - [MESSAGE][PASSED] - Object 'Object Repository/1-OBJECTS TAREAS PRINCIPALES/Modulo Tarea Actos Administrativos/Acto Cambio Empleado/a_Acto cambio del Empleado_form' is clickable

2022-04-29 10:16:34 - [TEST_STEP][PASSED] - click(findTestObject("1-OBJECTS TAREAS PRINCIPALES/Modulo Tarea Actos Administrativos/Acto Cambio Empleado/a_Acto cambio del Empleado_form")): Object: 'Object Repository/1-OBJECTS TAREAS PRINCIPALES/Modulo Tarea Actos Administrativos/Acto Cambio Empleado/a_Acto cambio del Empleado_form' is clicked on

2022-04-29 10:16:34 - [MESSAGE][PASSED] - Object: 'Object Repository/1-OBJECTS TAREAS PRINCIPALES/Modulo Tarea Actos Administrativos/Acto Cambio Empleado/a_Acto cambio del Empleado_form' is clicked on

2022-04-29 10:16:34 - [TEST_STEP][PASSED] - waitForElementClickable(findTestObject("1-OBJECTS TAREAS PRINCIPALES/Modulo Tarea Actos Administrativos/Acto Cambio Empleado/span_Nomina"), G_TimeOut): Object 'Object Repository/1-OBJECTS TAREAS PRINCIPALES/Modulo Tarea Actos Administrativos/Acto Cambio Empleado/span_Nomina' is clickable

2022-04-29 10:16:35 - [MESSAGE][PASSED] - Object 'Object Repository/1-OBJECTS TAREAS PRINCIPALES/Modulo Tarea Actos Administrativos/Acto Cambio Empleado/span_Nomina' is clickable

2022-04-29 10:16:35 - [TEST_STEP][PASSED] - click(findTestObject("1-OBJECTS TAREAS PRINCIPALES/Modulo Tarea Actos Administrativos/Acto Cambio Empleado/span_Nomina")): Object: 'Object Repository/1-OBJECTS TAREAS PRINCIPALES/Modulo Tarea Actos Administrativos/Acto Cambio Empleado/span_Nomina' is clicked on

2022-04-29 10:16:35 - [MESSAGE][PASSED] - Object: 'Object Repository/1-OBJECTS TAREAS PRINCIPALES/Modulo Tarea Actos Administrativos/Acto Cambio Empleado/span_Nomina' is clicked on

2022-04-29 10:16:35 - [TEST_STEP][PASSED] - waitForElementClickable(findTestObject("1-OBJECTS TAREAS PRINCIPALES/Modulo Tarea Actos Administrativos/Acto Cambio Empleado/span_ingreso definitivo indefinido salario basico"), G_TimeOut): Object 'Object Repository/1-OBJECTS TAREAS PRINCIPALES/Modulo Tarea Actos Administrativos/Acto Cambio Empleado/span_ingreso definitivo indefinido salario basico' is clickable

2022-04-29 10:16:36 - [MESSAGE][PASSED] - Object 'Object Repository/1-OBJECTS TAREAS PRINCIPALES/Modulo Tarea Actos Administrativos/Acto Cambio Empleado/span_ingreso definitivo indefinido salario basico' is clickable

2022-04-29 10:16:36 - [TEST_STEP][PASSED] - click(findTestObject("1-OBJECTS TAREAS PRINCIPALES/Modulo Tarea Actos Administrativos/Acto Cambio Empleado/span_ingreso definitivo indefinido salario basico")): Object: 'Object Repository/1-OBJECTS TAREAS PRINCIPALES/Modulo Tarea Actos Administrativos/Acto Cambio Empleado/span_ingreso definitivo indefinido salario basico' is clicked on

2022-04-29 10:16:36 - [MESSAGE][PASSED] - Object: 'Object Repository/1-OBJECTS TAREAS PRINCIPALES/Modulo Tarea Actos Administrativos/Acto Cambio Empleado/span_ingreso definitivo indefinido salario basico' is clicked on

2022-04-29 10:16:36 - [TEST_STEP][PASSED] - waitForElementClickable(findTestObject("1-OBJECTS TAREAS PRINCIPALES/Modulo Tarea Actos Administrativos/Acto Cambio Empleado/a_Elaboracin_glyphicons glyphicons-chronicle x2"), G_TimeOut): Object 'Object Repository/1-OBJECTS TAREAS PRINCIPALES/Modulo Tarea Actos Administrativos/Acto Cambio Empleado/a_Elaboracin_glyphicons glyphicons-chronicle x2' is clickable

2022-04-29 10:16:37 - [MESSAGE][PASSED] - Object 'Object Repository/1-OBJECTS TAREAS PRINCIPALES/Modulo Tarea Actos Administrativos/Acto Cambio Empleado/a_Elaboracin_glyphicons glyphicons-chronicle x2' is clickable

2022-04-29 10:16:37 - [TEST_STEP][PASSED] - click(findTestObject("1-OBJECTS TAREAS PRINCIPALES/Modulo Tarea Actos Administrativos/Acto Cambio Empleado/a_Elaboracin_glyphicons glyphicons-chronicle x2")): Object: 'Object Repository/1-OBJECTS TAREAS PRINCIPALES/Modulo Tarea Actos Administrativos/Acto Cambio Empleado/a_Elaboracin_glyphicons glyphicons-chronicle x2' is clicked on

2022-04-29 10:16:37 - [MESSAGE][PASSED] - Object: 'Object Repository/1-OBJECTS TAREAS PRINCIPALES/Modulo Tarea Actos Administrativos/Acto Cambio Empleado/a_Elaboracin_glyphicons glyphicons-chronicle x2' is clicked on

2022-04-29 10:16:37 - [TEST_STEP][PASSED] - waitForElementClickable(findTestObject("1-OBJECTS TAREAS PRINCIPALES/Modulo Tarea Actos Administrativos/Acto Cambio Empleado/a_Identificacin_form_actoIngresoj_idt975"), G_TimeOut): Object 'Object Repository/1-OBJECTS TAREAS PRINCIPALES/Modulo Tarea Actos Administrativos/Acto Cambio Empleado/a_Identificacin_form_actoIngresoj_idt975' is clickable

2022-04-29 10:16:38 - [MESSAGE][PASSED] - Object 'Object Repository/1-OBJECTS TAREAS PRINCIPALES/Modulo Tarea Actos Administrativos/Acto Cambio Empleado/a_Identificacin_form_actoIngresoj_idt975' is clickable

2022-04-29 10:16:38 - [TEST_STEP][PASSED] - click(findTestObject("1-OBJECTS TAREAS PRINCIPALES/Modulo Tarea Actos Administrativos/Acto Cambio Empleado/a_Identificacin_form_actoIngresoj_idt975")): Object: 'Object Repository/1-OBJECTS TAREAS PRINCIPALES/Modulo Tarea Actos Administrativos/Acto Cambio Empleado/a_Identificacin_form_actoIngresoj_idt975' is clicked on

2022-04-29 10:16:39 - [MESSAGE][PASSED] - Object: 'Object Repository/1-OBJECTS TAREAS PRINCIPALES/Modulo Tarea Actos Administrativos/Acto Cambio Empleado/a_Identificacin_form_actoIngresoj_idt975' is clicked on

2022-04-29 10:16:39 - [TEST_STEP][PASSED] - setText(findTestObject("1-OBJECTS TAREAS PRINCIPALES/Modulo Tarea Actos Administrativos/Acto Cambio Empleado/input_Filtro Hoja de Vida_formPopupHojaVidaj_idt1696"), identificacion): Text '3397616' is set on object 'Object Repository/1-OBJECTS TAREAS PRINCIPALES/Modulo Tarea Actos Administrativos/Acto Cambio Empleado/input_Filtro Hoja de Vida_formPopupHojaVidaj_idt1696'

2022-04-29 10:16:40 - [MESSAGE][PASSED] - Text '3397616' is set on object 'Object Repository/1-OBJECTS TAREAS PRINCIPALES/Modulo Tarea Actos Administrativos/Acto Cambio Empleado/input_Filtro Hoja de Vida_formPopupHojaVidaj_idt1696'

2022-04-29 10:16:40 - [TEST_STEP][PASSED] - sendKeys(findTestObject("1-OBJECTS TAREAS PRINCIPALES/Modulo Tarea Actos Administrativos/Acto Cambio Empleado/input_Filtro Hoja de Vida_formPopupHojaVidaj_idt1696"), Keys.chord(ENTER)): Keys 'ENTER + ' sent to object: 'Object Repository/1-OBJECTS TAREAS PRINCIPALES/Modulo Tarea Actos Administrativos/Acto Cambio Empleado/input_Filtro Hoja de Vida_formPopupHojaVidaj_idt1696'

2022-04-29 10:16:40 - [MESSAGE][PASSED] - Keys 'ENTER + ' sent to object: 'Object Repository/1-OBJECTS TAREAS PRINCIPALES/Modulo Tarea Actos Administrativos/Acto Cambio Empleado/input_Filtro Hoja de Vida_formPopupHojaVidaj_idt1696'

2022-04-29 10:16:40 - [TEST_STEP][PASSED] - waitForElementClickable(findTestObject("1-OBJECTS TAREAS PRINCIPALES/Modulo Tarea Actos Administrativos/Acto Cambio Empleado/span_Consta Belfegord  Jhon5682169"), G_TimeOut): Object 'Object Repository/1-OBJECTS TAREAS PRINCIPALES/Modulo Tarea Actos Administrativos/Acto Cambio Empleado/span_Consta Belfegord  Jhon5682169' is clickable

2022-04-29 10:16:41 - [MESSAGE][PASSED] - Object 'Object Repository/1-OBJECTS TAREAS PRINCIPALES/Modulo Tarea Actos Administrativos/Acto Cambio Empleado/span_Consta Belfegord  Jhon5682169' is clickable

2022-04-29 10:16:41 - [TEST_STEP][PASSED] - click(findTestObject("1-OBJECTS TAREAS PRINCIPALES/Modulo Tarea Actos Administrativos/Acto Cambio Empleado/span_Consta Belfegord  Jhon5682169")): Object: 'Object Repository/1-OBJECTS TAREAS PRINCIPALES/Modulo Tarea Actos Administrativos/Acto Cambio Empleado/span_Consta Belfegord  Jhon5682169' is clicked on

2022-04-29 10:16:42 - [MESSAGE][PASSED] - Object: 'Object Repository/1-OBJECTS TAREAS PRINCIPALES/Modulo Tarea Actos Administrativos/Acto Cambio Empleado/span_Consta Belfegord  Jhon5682169' is clicked on

2022-04-29 10:16:42 - [TEST_STEP][PASSED] - waitForElementClickable(findTestObject("1-OBJECTS TAREAS PRINCIPALES/Modulo Tarea Actos Administrativos/Acto Cambio Empleado/a_Continuar"), G_TimeOut): Object 'Object Repository/1-OBJECTS TAREAS PRINCIPALES/Modulo Tarea Actos Administrativos/Acto Cambio Empleado/a_Continuar' is clickable

2022-04-29 10:16:42 - [MESSAGE][PASSED] - Object 'Object Repository/1-OBJECTS TAREAS PRINCIPALES/Modulo Tarea Actos Administrativos/Acto Cambio Empleado/a_Continuar' is clickable

2022-04-29 10:16:42 - [TEST_STEP][PASSED] - click(findTestObject("1-OBJECTS TAREAS PRINCIPALES/Modulo Tarea Actos Administrativos/Acto Cambio Empleado/a_Continuar")): Object: 'Object Repository/1-OBJECTS TAREAS PRINCIPALES/Modulo Tarea Actos Administrativos/Acto Cambio Empleado/a_Continuar' is clicked on

2022-04-29 10:16:43 - [MESSAGE][PASSED] - Object: 'Object Repository/1-OBJECTS TAREAS PRINCIPALES/Modulo Tarea Actos Administrativos/Acto Cambio Empleado/a_Continuar' is clicked on

2022-04-29 10:16:43 - [TEST_STEP][PASSED] - return identificacion: null

2022-04-29 10:16:43 - [MESSAGE][PASSED] - Call Test Case 'Test Cases/Utilidades-(atajos_para _tareas)/Tareas Actos Administrativos/Acto Cambio del Empleado' successfully

2022-04-29 10:16:43 - [TEST_STEP][PASSED] - setText(findTestObject("1-OBJECTS TAREAS PRINCIPALES/Modulo Tarea Actos Administrativos/Elaboracion Acto Cambio de Empleado/input__form_actoIngresoj_idt10120fecha_input"), "01/12/2018"): Text '01/12/2018' is set on object 'Object Repository/1-OBJECTS TAREAS PRINCIPALES/Modulo Tarea Actos Administrativos/Elaboracion Acto Cambio de Empleado/input__form_actoIngresoj_idt10120fecha_input'

2022-04-29 10:16:44 - [MESSAGE][PASSED] - Text '01/12/2018' is set on object 'Object Repository/1-OBJECTS TAREAS PRINCIPALES/Modulo Tarea Actos Administrativos/Elaboracion Acto Cambio de Empleado/input__form_actoIngresoj_idt10120fecha_input'

2022-04-29 10:16:44 - [TEST_STEP][PASSED] - sendKeys(findTestObject("1-OBJECTS TAREAS PRINCIPALES/Modulo Tarea Actos Administrativos/Elaboracion Acto Cambio de Empleado/input__form_actoIngresoj_idt10120fecha_input"), Keys.chord(ENTER)): Keys 'ENTER + ' sent to object: 'Object Repository/1-OBJECTS TAREAS PRINCIPALES/Modulo Tarea Actos Administrativos/Elaboracion Acto Cambio de Empleado/input__form_actoIngresoj_idt10120fecha_input'

2022-04-29 10:16:45 - [MESSAGE][PASSED] - Keys 'ENTER + ' sent to object: 'Object Repository/1-OBJECTS TAREAS PRINCIPALES/Modulo Tarea Actos Administrativos/Elaboracion Acto Cambio de Empleado/input__form_actoIngresoj_idt10120fecha_input'

2022-04-29 10:16:45 - [TEST_STEP][PASSED] - setText(findTestObject("1-OBJECTS TAREAS PRINCIPALES/Modulo Tarea Actos Administrativos/Elaboracion Acto Cambio de Empleado/input__form_actoIngresoj_idt10121fecha_input"), "01/12/2018"): Text '01/12/2018' is set on object 'Object Repository/1-OBJECTS TAREAS PRINCIPALES/Modulo Tarea Actos Administrativos/Elaboracion Acto Cambio de Empleado/input__form_actoIngresoj_idt10121fecha_input'

2022-04-29 10:16:45 - [MESSAGE][PASSED] - Text '01/12/2018' is set on object 'Object Repository/1-OBJECTS TAREAS PRINCIPALES/Modulo Tarea Actos Administrativos/Elaboracion Acto Cambio de Empleado/input__form_actoIngresoj_idt10121fecha_input'

2022-04-29 10:16:45 - [TEST_STEP][PASSED] - sendKeys(findTestObject("1-OBJECTS TAREAS PRINCIPALES/Modulo Tarea Actos Administrativos/Elaboracion Acto Cambio de Empleado/input__form_actoIngresoj_idt10121fecha_input"), Keys.chord(ENTER)): Keys 'ENTER + ' sent to object: 'Object Repository/1-OBJECTS TAREAS PRINCIPALES/Modulo Tarea Actos Administrativos/Elaboracion Acto Cambio de Empleado/input__form_actoIngresoj_idt10121fecha_input'

2022-04-29 10:16:46 - [MESSAGE][PASSED] - Keys 'ENTER + ' sent to object: 'Object Repository/1-OBJECTS TAREAS PRINCIPALES/Modulo Tarea Actos Administrativos/Elaboracion Acto Cambio de Empleado/input__form_actoIngresoj_idt10121fecha_input'

2022-04-29 10:16:46 - [TEST_STEP][PASSED] - waitForElementClickable(findTestObject("1-OBJECTS TAREAS PRINCIPALES/Modulo Tarea Actos Administrativos/Elaboracion Acto Cambio de Empleado/span_Motivo ingreso"), G_TimeOut): Object 'Object Repository/1-OBJECTS TAREAS PRINCIPALES/Modulo Tarea Actos Administrativos/Elaboracion Acto Cambio de Empleado/span_Motivo ingreso' is clickable

2022-04-29 10:16:46 - [MESSAGE][PASSED] - Object 'Object Repository/1-OBJECTS TAREAS PRINCIPALES/Modulo Tarea Actos Administrativos/Elaboracion Acto Cambio de Empleado/span_Motivo ingreso' is clickable

2022-04-29 10:16:46 - [TEST_STEP][PASSED] - click(findTestObject("1-OBJECTS TAREAS PRINCIPALES/Modulo Tarea Actos Administrativos/Elaboracion Acto Cambio de Empleado/span_Motivo ingreso")): Object: 'Object Repository/1-OBJECTS TAREAS PRINCIPALES/Modulo Tarea Actos Administrativos/Elaboracion Acto Cambio de Empleado/span_Motivo ingreso' is clicked on

2022-04-29 10:16:47 - [MESSAGE][PASSED] - Object: 'Object Repository/1-OBJECTS TAREAS PRINCIPALES/Modulo Tarea Actos Administrativos/Elaboracion Acto Cambio de Empleado/span_Motivo ingreso' is clicked on

2022-04-29 10:16:47 - [TEST_STEP][PASSED] - selectOptionByIndex(findTestObject("1-OBJECTS TAREAS PRINCIPALES/Modulo Tarea Actos Administrativos/Elaboracion Acto Cambio de Empleado/select_10 - Ingreso Puesto Nuevo"), "1"): All options with index in [1] are selected on object 'Object Repository/1-OBJECTS TAREAS PRINCIPALES/Modulo Tarea Actos Administrativos/Elaboracion Acto Cambio de Empleado/select_10 - Ingreso Puesto Nuevo'

2022-04-29 10:16:48 - [MESSAGE][PASSED] - All options with index in [1] are selected on object 'Object Repository/1-OBJECTS TAREAS PRINCIPALES/Modulo Tarea Actos Administrativos/Elaboracion Acto Cambio de Empleado/select_10 - Ingreso Puesto Nuevo'

2022-04-29 10:16:48 - [TEST_STEP][PASSED] - setText(findTestObject("1-OBJECTS TAREAS PRINCIPALES/Modulo Tarea Actos Administrativos/Elaboracion Acto Cambio de Empleado/textarea__form_actoIngresoj_idt10124j_idt1025"), "Magister en derecho penal"): Text 'Magister en derecho penal' is set on object 'Object Repository/1-OBJECTS TAREAS PRINCIPALES/Modulo Tarea Actos Administrativos/Elaboracion Acto Cambio de Empleado/textarea__form_actoIngresoj_idt10124j_idt1025'

2022-04-29 10:16:49 - [MESSAGE][PASSED] - Text 'Magister en derecho penal' is set on object 'Object Repository/1-OBJECTS TAREAS PRINCIPALES/Modulo Tarea Actos Administrativos/Elaboracion Acto Cambio de Empleado/textarea__form_actoIngresoj_idt10124j_idt1025'

2022-04-29 10:16:49 - [TEST_STEP][PASSED] - selectOptionByIndex(findTestObject("1-OBJECTS TAREAS PRINCIPALES/Modulo Tarea Actos Administrativos/Elaboracion Acto Cambio de Empleado/select_-- Seleccione --1 Actualizacin"), "2"): All options with index in [2] are selected on object 'Object Repository/1-OBJECTS TAREAS PRINCIPALES/Modulo Tarea Actos Administrativos/Elaboracion Acto Cambio de Empleado/select_-- Seleccione --1 Actualizacin'

2022-04-29 10:16:50 - [MESSAGE][PASSED] - All options with index in [2] are selected on object 'Object Repository/1-OBJECTS TAREAS PRINCIPALES/Modulo Tarea Actos Administrativos/Elaboracion Acto Cambio de Empleado/select_-- Seleccione --1 Actualizacin'

2022-04-29 10:16:50 - [TEST_STEP][PASSED] - setText(findTestObject("1-OBJECTS TAREAS PRINCIPALES/Modulo Tarea Actos Administrativos/Elaboracion Acto Cambio de Empleado/input__form_actoIngresoj_idt10126j_idt1022"), "AAAAAA"): Text 'AAAAAA' is set on object 'Object Repository/1-OBJECTS TAREAS PRINCIPALES/Modulo Tarea Actos Administrativos/Elaboracion Acto Cambio de Empleado/input__form_actoIngresoj_idt10126j_idt1022'

2022-04-29 10:16:51 - [MESSAGE][PASSED] - Text 'AAAAAA' is set on object 'Object Repository/1-OBJECTS TAREAS PRINCIPALES/Modulo Tarea Actos Administrativos/Elaboracion Acto Cambio de Empleado/input__form_actoIngresoj_idt10126j_idt1022'

2022-04-29 10:16:51 - [TEST_STEP][PASSED] - waitForElementClickable(findTestObject("1-OBJECTS TAREAS PRINCIPALES/Modulo Tarea Actos Administrativos/Elaboracion Acto Cambio de Empleado/a__form_actoIngresoj_idt10127j_idt1042"), G_TimeOut): Object 'Object Repository/1-OBJECTS TAREAS PRINCIPALES/Modulo Tarea Actos Administrativos/Elaboracion Acto Cambio de Empleado/a__form_actoIngresoj_idt10127j_idt1042' is clickable

2022-04-29 10:16:51 - [MESSAGE][PASSED] - Object 'Object Repository/1-OBJECTS TAREAS PRINCIPALES/Modulo Tarea Actos Administrativos/Elaboracion Acto Cambio de Empleado/a__form_actoIngresoj_idt10127j_idt1042' is clickable

2022-04-29 10:16:51 - [TEST_STEP][PASSED] - click(findTestObject("1-OBJECTS TAREAS PRINCIPALES/Modulo Tarea Actos Administrativos/Elaboracion Acto Cambio de Empleado/a__form_actoIngresoj_idt10127j_idt1042")): Object: 'Object Repository/1-OBJECTS TAREAS PRINCIPALES/Modulo Tarea Actos Administrativos/Elaboracion Acto Cambio de Empleado/a__form_actoIngresoj_idt10127j_idt1042' is clicked on

2022-04-29 10:16:51 - [MESSAGE][PASSED] - Object: 'Object Repository/1-OBJECTS TAREAS PRINCIPALES/Modulo Tarea Actos Administrativos/Elaboracion Acto Cambio de Empleado/a__form_actoIngresoj_idt10127j_idt1042' is clicked on

2022-04-29 10:16:51 - [TEST_STEP][PASSED] - setText(findTestObject("1-OBJECTS TAREAS PRINCIPALES/Modulo Tarea Actos Administrativos/Elaboracion Acto Cambio de Empleado/input_Unidad_form_actoIngresoj_idt1334"), "1"): Text '1' is set on object 'Object Repository/1-OBJECTS TAREAS PRINCIPALES/Modulo Tarea Actos Administrativos/Elaboracion Acto Cambio de Empleado/input_Unidad_form_actoIngresoj_idt1334'

2022-04-29 10:16:53 - [MESSAGE][PASSED] - Text '1' is set on object 'Object Repository/1-OBJECTS TAREAS PRINCIPALES/Modulo Tarea Actos Administrativos/Elaboracion Acto Cambio de Empleado/input_Unidad_form_actoIngresoj_idt1334'

2022-04-29 10:16:53 - [TEST_STEP][PASSED] - sendKeys(findTestObject("1-OBJECTS TAREAS PRINCIPALES/Modulo Tarea Actos Administrativos/Elaboracion Acto Cambio de Empleado/input_Unidad_form_actoIngresoj_idt1334"), Keys.chord(ENTER)): Keys 'ENTER + ' sent to object: 'Object Repository/1-OBJECTS TAREAS PRINCIPALES/Modulo Tarea Actos Administrativos/Elaboracion Acto Cambio de Empleado/input_Unidad_form_actoIngresoj_idt1334'

2022-04-29 10:16:53 - [MESSAGE][PASSED] - Keys 'ENTER + ' sent to object: 'Object Repository/1-OBJECTS TAREAS PRINCIPALES/Modulo Tarea Actos Administrativos/Elaboracion Acto Cambio de Empleado/input_Unidad_form_actoIngresoj_idt1334'

2022-04-29 10:16:53 - [TEST_STEP][PASSED] - waitForElementClickable(findTestObject("1-OBJECTS TAREAS PRINCIPALES/Modulo Tarea Actos Administrativos/Elaboracion Acto Cambio de Empleado/span_ADMINISTRACION"), G_TimeOut): Object 'Object Repository/1-OBJECTS TAREAS PRINCIPALES/Modulo Tarea Actos Administrativos/Elaboracion Acto Cambio de Empleado/span_ADMINISTRACION' is clickable

2022-04-29 10:16:54 - [MESSAGE][PASSED] - Object 'Object Repository/1-OBJECTS TAREAS PRINCIPALES/Modulo Tarea Actos Administrativos/Elaboracion Acto Cambio de Empleado/span_ADMINISTRACION' is clickable

2022-04-29 10:16:54 - [TEST_STEP][PASSED] - click(findTestObject("1-OBJECTS TAREAS PRINCIPALES/Modulo Tarea Actos Administrativos/Elaboracion Acto Cambio de Empleado/span_ADMINISTRACION")): Object: 'Object Repository/1-OBJECTS TAREAS PRINCIPALES/Modulo Tarea Actos Administrativos/Elaboracion Acto Cambio de Empleado/span_ADMINISTRACION' is clicked on

2022-04-29 10:16:54 - [MESSAGE][PASSED] - Object: 'Object Repository/1-OBJECTS TAREAS PRINCIPALES/Modulo Tarea Actos Administrativos/Elaboracion Acto Cambio de Empleado/span_ADMINISTRACION' is clicked on

2022-04-29 10:16:54 - [TEST_STEP][PASSED] - waitForElementClickable(findTestObject("1-OBJECTS TAREAS PRINCIPALES/Modulo Tarea Actos Administrativos/Elaboracion Acto Cambio de Empleado/a__form_actoIngresoj_idt10128j_idt1042"), G_TimeOut): Object 'Object Repository/1-OBJECTS TAREAS PRINCIPALES/Modulo Tarea Actos Administrativos/Elaboracion Acto Cambio de Empleado/a__form_actoIngresoj_idt10128j_idt1042' is clickable

2022-04-29 10:16:55 - [MESSAGE][PASSED] - Object 'Object Repository/1-OBJECTS TAREAS PRINCIPALES/Modulo Tarea Actos Administrativos/Elaboracion Acto Cambio de Empleado/a__form_actoIngresoj_idt10128j_idt1042' is clickable

2022-04-29 10:16:55 - [TEST_STEP][PASSED] - click(findTestObject("1-OBJECTS TAREAS PRINCIPALES/Modulo Tarea Actos Administrativos/Elaboracion Acto Cambio de Empleado/a__form_actoIngresoj_idt10128j_idt1042")): Object: 'Object Repository/1-OBJECTS TAREAS PRINCIPALES/Modulo Tarea Actos Administrativos/Elaboracion Acto Cambio de Empleado/a__form_actoIngresoj_idt10128j_idt1042' is clicked on

2022-04-29 10:16:55 - [MESSAGE][PASSED] - Object: 'Object Repository/1-OBJECTS TAREAS PRINCIPALES/Modulo Tarea Actos Administrativos/Elaboracion Acto Cambio de Empleado/a__form_actoIngresoj_idt10128j_idt1042' is clicked on

2022-04-29 10:16:55 - [TEST_STEP][PASSED] - waitForElementClickable(findTestObject("1-OBJECTS TAREAS PRINCIPALES/Modulo Tarea Actos Administrativos/Elaboracion Acto Cambio de Empleado/span_ABOGADO"), 0): Object 'Object Repository/1-OBJECTS TAREAS PRINCIPALES/Modulo Tarea Actos Administrativos/Elaboracion Acto Cambio de Empleado/span_ABOGADO' is clickable

2022-04-29 10:16:55 - [MESSAGE][WARNING] - Timeout '0' is invalid. Using default page load timeout: '45'

2022-04-29 10:16:56 - [MESSAGE][PASSED] - Object 'Object Repository/1-OBJECTS TAREAS PRINCIPALES/Modulo Tarea Actos Administrativos/Elaboracion Acto Cambio de Empleado/span_ABOGADO' is clickable

2022-04-29 10:16:56 - [TEST_STEP][PASSED] - click(findTestObject("1-OBJECTS TAREAS PRINCIPALES/Modulo Tarea Actos Administrativos/Elaboracion Acto Cambio de Empleado/span_ABOGADO")): Object: 'Object Repository/1-OBJECTS TAREAS PRINCIPALES/Modulo Tarea Actos Administrativos/Elaboracion Acto Cambio de Empleado/span_ABOGADO' is clicked on

2022-04-29 10:16:57 - [MESSAGE][PASSED] - Object: 'Object Repository/1-OBJECTS TAREAS PRINCIPALES/Modulo Tarea Actos Administrativos/Elaboracion Acto Cambio de Empleado/span_ABOGADO' is clicked on

2022-04-29 10:16:57 - [TEST_STEP][PASSED] - setText(findTestObject("1-OBJECTS TAREAS PRINCIPALES/Modulo Tarea Actos Administrativos/Elaboracion Acto Cambio de Empleado/input_VALOR4_form_actoIngresoj_idt10129j_idt1028"), "3"): Text '3' is set on object 'Object Repository/1-OBJECTS TAREAS PRINCIPALES/Modulo Tarea Actos Administrativos/Elaboracion Acto Cambio de Empleado/input_VALOR4_form_actoIngresoj_idt10129j_idt1028'

2022-04-29 10:16:58 - [MESSAGE][PASSED] - Text '3' is set on object 'Object Repository/1-OBJECTS TAREAS PRINCIPALES/Modulo Tarea Actos Administrativos/Elaboracion Acto Cambio de Empleado/input_VALOR4_form_actoIngresoj_idt10129j_idt1028'

2022-04-29 10:16:58 - [TEST_STEP][PASSED] - waitForElementClickable(findTestObject("1-OBJECTS TAREAS PRINCIPALES/Modulo Tarea Actos Administrativos/Elaboracion Acto Cambio de Empleado/span_ENTIDAD DE SALUD"), G_TimeOut): Object 'Object Repository/1-OBJECTS TAREAS PRINCIPALES/Modulo Tarea Actos Administrativos/Elaboracion Acto Cambio de Empleado/span_ENTIDAD DE SALUD' is clickable

2022-04-29 10:16:58 - [MESSAGE][PASSED] - Object 'Object Repository/1-OBJECTS TAREAS PRINCIPALES/Modulo Tarea Actos Administrativos/Elaboracion Acto Cambio de Empleado/span_ENTIDAD DE SALUD' is clickable

2022-04-29 10:16:58 - [TEST_STEP][PASSED] - click(findTestObject("1-OBJECTS TAREAS PRINCIPALES/Modulo Tarea Actos Administrativos/Elaboracion Acto Cambio de Empleado/span_ENTIDAD DE SALUD")): Object: 'Object Repository/1-OBJECTS TAREAS PRINCIPALES/Modulo Tarea Actos Administrativos/Elaboracion Acto Cambio de Empleado/span_ENTIDAD DE SALUD' is clicked on

2022-04-29 10:16:59 - [MESSAGE][PASSED] - Object: 'Object Repository/1-OBJECTS TAREAS PRINCIPALES/Modulo Tarea Actos Administrativos/Elaboracion Acto Cambio de Empleado/span_ENTIDAD DE SALUD' is clicked on

2022-04-29 10:16:59 - [TEST_STEP][PASSED] - waitForElementClickable(findTestObject("1-OBJECTS TAREAS PRINCIPALES/Modulo Tarea Actos Administrativos/Elaboracion Acto Cambio de Empleado/span_Eps - Aliansalud Eps"), G_TimeOut): Object 'Object Repository/1-OBJECTS TAREAS PRINCIPALES/Modulo Tarea Actos Administrativos/Elaboracion Acto Cambio de Empleado/span_Eps - Aliansalud Eps' is clickable

2022-04-29 10:17:00 - [MESSAGE][PASSED] - Object 'Object Repository/1-OBJECTS TAREAS PRINCIPALES/Modulo Tarea Actos Administrativos/Elaboracion Acto Cambio de Empleado/span_Eps - Aliansalud Eps' is clickable

2022-04-29 10:17:00 - [TEST_STEP][PASSED] - click(findTestObject("1-OBJECTS TAREAS PRINCIPALES/Modulo Tarea Actos Administrativos/Elaboracion Acto Cambio de Empleado/span_Eps - Aliansalud Eps")): Object: 'Object Repository/1-OBJECTS TAREAS PRINCIPALES/Modulo Tarea Actos Administrativos/Elaboracion Acto Cambio de Empleado/span_Eps - Aliansalud Eps' is clicked on

2022-04-29 10:17:00 - [MESSAGE][PASSED] - Object: 'Object Repository/1-OBJECTS TAREAS PRINCIPALES/Modulo Tarea Actos Administrativos/Elaboracion Acto Cambio de Empleado/span_Eps - Aliansalud Eps' is clicked on

2022-04-29 10:17:00 - [TEST_STEP][PASSED] - waitForElementClickable(findTestObject("1-OBJECTS TAREAS PRINCIPALES/Modulo Tarea Actos Administrativos/Elaboracion Acto Cambio de Empleado/span_FONDO DE PENSIONES"), G_TimeOut): Object 'Object Repository/1-OBJECTS TAREAS PRINCIPALES/Modulo Tarea Actos Administrativos/Elaboracion Acto Cambio de Empleado/span_FONDO DE PENSIONES' is clickable

2022-04-29 10:17:01 - [MESSAGE][PASSED] - Object 'Object Repository/1-OBJECTS TAREAS PRINCIPALES/Modulo Tarea Actos Administrativos/Elaboracion Acto Cambio de Empleado/span_FONDO DE PENSIONES' is clickable

2022-04-29 10:17:01 - [TEST_STEP][PASSED] - click(findTestObject("1-OBJECTS TAREAS PRINCIPALES/Modulo Tarea Actos Administrativos/Elaboracion Acto Cambio de Empleado/span_FONDO DE PENSIONES")): Object: 'Object Repository/1-OBJECTS TAREAS PRINCIPALES/Modulo Tarea Actos Administrativos/Elaboracion Acto Cambio de Empleado/span_FONDO DE PENSIONES' is clicked on

2022-04-29 10:17:01 - [MESSAGE][PASSED] - Object: 'Object Repository/1-OBJECTS TAREAS PRINCIPALES/Modulo Tarea Actos Administrativos/Elaboracion Acto Cambio de Empleado/span_FONDO DE PENSIONES' is clicked on

2022-04-29 10:17:01 - [TEST_STEP][PASSED] - waitForElementClickable(findTestObject("1-OBJECTS TAREAS PRINCIPALES/Modulo Tarea Actos Administrativos/Elaboracion Acto Cambio de Empleado/span_Afp - Colfondos"), G_TimeOut): Object 'Object Repository/1-OBJECTS TAREAS PRINCIPALES/Modulo Tarea Actos Administrativos/Elaboracion Acto Cambio de Empleado/span_Afp - Colfondos' is clickable

2022-04-29 10:17:02 - [MESSAGE][PASSED] - Object 'Object Repository/1-OBJECTS TAREAS PRINCIPALES/Modulo Tarea Actos Administrativos/Elaboracion Acto Cambio de Empleado/span_Afp - Colfondos' is clickable

2022-04-29 10:17:02 - [TEST_STEP][PASSED] - click(findTestObject("1-OBJECTS TAREAS PRINCIPALES/Modulo Tarea Actos Administrativos/Elaboracion Acto Cambio de Empleado/span_Afp - Colfondos")): Object: 'Object Repository/1-OBJECTS TAREAS PRINCIPALES/Modulo Tarea Actos Administrativos/Elaboracion Acto Cambio de Empleado/span_Afp - Colfondos' is clicked on

2022-04-29 10:17:02 - [MESSAGE][PASSED] - Object: 'Object Repository/1-OBJECTS TAREAS PRINCIPALES/Modulo Tarea Actos Administrativos/Elaboracion Acto Cambio de Empleado/span_Afp - Colfondos' is clicked on

2022-04-29 10:17:02 - [TEST_STEP][PASSED] - waitForElementClickable(findTestObject("1-OBJECTS TAREAS PRINCIPALES/Modulo Tarea Actos Administrativos/Elaboracion Acto Cambio de Empleado/span_ASEG RIESGOS PROFESIONALES"), G_TimeOut): Object 'Object Repository/1-OBJECTS TAREAS PRINCIPALES/Modulo Tarea Actos Administrativos/Elaboracion Acto Cambio de Empleado/span_ASEG RIESGOS PROFESIONALES' is clickable

2022-04-29 10:17:03 - [MESSAGE][PASSED] - Object 'Object Repository/1-OBJECTS TAREAS PRINCIPALES/Modulo Tarea Actos Administrativos/Elaboracion Acto Cambio de Empleado/span_ASEG RIESGOS PROFESIONALES' is clickable

2022-04-29 10:17:03 - [TEST_STEP][PASSED] - click(findTestObject("1-OBJECTS TAREAS PRINCIPALES/Modulo Tarea Actos Administrativos/Elaboracion Acto Cambio de Empleado/span_ASEG RIESGOS PROFESIONALES")): Object: 'Object Repository/1-OBJECTS TAREAS PRINCIPALES/Modulo Tarea Actos Administrativos/Elaboracion Acto Cambio de Empleado/span_ASEG RIESGOS PROFESIONALES' is clicked on

2022-04-29 10:17:03 - [MESSAGE][PASSED] - Object: 'Object Repository/1-OBJECTS TAREAS PRINCIPALES/Modulo Tarea Actos Administrativos/Elaboracion Acto Cambio de Empleado/span_ASEG RIESGOS PROFESIONALES' is clicked on

2022-04-29 10:17:03 - [TEST_STEP][PASSED] - waitForElementClickable(findTestObject("1-OBJECTS TAREAS PRINCIPALES/Modulo Tarea Actos Administrativos/Elaboracion Acto Cambio de Empleado/span_Arl - Seguros Bolivar"), G_TimeOut): Object 'Object Repository/1-OBJECTS TAREAS PRINCIPALES/Modulo Tarea Actos Administrativos/Elaboracion Acto Cambio de Empleado/span_Arl - Seguros Bolivar' is clickable

2022-04-29 10:17:04 - [MESSAGE][PASSED] - Object 'Object Repository/1-OBJECTS TAREAS PRINCIPALES/Modulo Tarea Actos Administrativos/Elaboracion Acto Cambio de Empleado/span_Arl - Seguros Bolivar' is clickable

2022-04-29 10:17:04 - [TEST_STEP][PASSED] - click(findTestObject("1-OBJECTS TAREAS PRINCIPALES/Modulo Tarea Actos Administrativos/Elaboracion Acto Cambio de Empleado/span_Arl - Seguros Bolivar")): Object: 'Object Repository/1-OBJECTS TAREAS PRINCIPALES/Modulo Tarea Actos Administrativos/Elaboracion Acto Cambio de Empleado/span_Arl - Seguros Bolivar' is clicked on

2022-04-29 10:17:04 - [MESSAGE][PASSED] - Object: 'Object Repository/1-OBJECTS TAREAS PRINCIPALES/Modulo Tarea Actos Administrativos/Elaboracion Acto Cambio de Empleado/span_Arl - Seguros Bolivar' is clicked on

2022-04-29 10:17:04 - [TEST_STEP][PASSED] - waitForElementClickable(findTestObject("1-OBJECTS TAREAS PRINCIPALES/Modulo Tarea Actos Administrativos/Elaboracion Acto Cambio de Empleado/span_FONDO DE CESANTIAS"), G_TimeOut): Object 'Object Repository/1-OBJECTS TAREAS PRINCIPALES/Modulo Tarea Actos Administrativos/Elaboracion Acto Cambio de Empleado/span_FONDO DE CESANTIAS' is clickable

2022-04-29 10:17:05 - [MESSAGE][PASSED] - Object 'Object Repository/1-OBJECTS TAREAS PRINCIPALES/Modulo Tarea Actos Administrativos/Elaboracion Acto Cambio de Empleado/span_FONDO DE CESANTIAS' is clickable

2022-04-29 10:17:05 - [TEST_STEP][PASSED] - click(findTestObject("1-OBJECTS TAREAS PRINCIPALES/Modulo Tarea Actos Administrativos/Elaboracion Acto Cambio de Empleado/span_FONDO DE CESANTIAS")): Object: 'Object Repository/1-OBJECTS TAREAS PRINCIPALES/Modulo Tarea Actos Administrativos/Elaboracion Acto Cambio de Empleado/span_FONDO DE CESANTIAS' is clicked on

2022-04-29 10:17:06 - [MESSAGE][PASSED] - Object: 'Object Repository/1-OBJECTS TAREAS PRINCIPALES/Modulo Tarea Actos Administrativos/Elaboracion Acto Cambio de Empleado/span_FONDO DE CESANTIAS' is clicked on

2022-04-29 10:17:06 - [TEST_STEP][PASSED] - waitForElementClickable(findTestObject("1-OBJECTS TAREAS PRINCIPALES/Modulo Tarea Actos Administrativos/Elaboracion Acto Cambio de Empleado/span_Fc - Colfondos"), G_TimeOut): Object 'Object Repository/1-OBJECTS TAREAS PRINCIPALES/Modulo Tarea Actos Administrativos/Elaboracion Acto Cambio de Empleado/span_Fc - Colfondos' is clickable

2022-04-29 10:17:07 - [MESSAGE][PASSED] - Object 'Object Repository/1-OBJECTS TAREAS PRINCIPALES/Modulo Tarea Actos Administrativos/Elaboracion Acto Cambio de Empleado/span_Fc - Colfondos' is clickable

2022-04-29 10:17:07 - [TEST_STEP][PASSED] - click(findTestObject("1-OBJECTS TAREAS PRINCIPALES/Modulo Tarea Actos Administrativos/Elaboracion Acto Cambio de Empleado/span_Fc - Colfondos")): Object: 'Object Repository/1-OBJECTS TAREAS PRINCIPALES/Modulo Tarea Actos Administrativos/Elaboracion Acto Cambio de Empleado/span_Fc - Colfondos' is clicked on

2022-04-29 10:17:07 - [MESSAGE][PASSED] - Object: 'Object Repository/1-OBJECTS TAREAS PRINCIPALES/Modulo Tarea Actos Administrativos/Elaboracion Acto Cambio de Empleado/span_Fc - Colfondos' is clicked on

2022-04-29 10:17:07 - [TEST_STEP][PASSED] - click(findTestObject("1-OBJECTS TAREAS PRINCIPALES/Modulo Tarea Actos Administrativos/Elaboracion Acto Cambio de Empleado/span_PAGO DE NOMINA")): Object: 'Object Repository/1-OBJECTS TAREAS PRINCIPALES/Modulo Tarea Actos Administrativos/Elaboracion Acto Cambio de Empleado/span_PAGO DE NOMINA' is clicked on

2022-04-29 10:17:08 - [MESSAGE][PASSED] - Object: 'Object Repository/1-OBJECTS TAREAS PRINCIPALES/Modulo Tarea Actos Administrativos/Elaboracion Acto Cambio de Empleado/span_PAGO DE NOMINA' is clicked on

2022-04-29 10:17:08 - [TEST_STEP][PASSED] - click(findTestObject("1-OBJECTS TAREAS PRINCIPALES/Modulo Tarea Actos Administrativos/Elaboracion Acto Cambio de Empleado/a_Sucursal_entidadempleado_formtabj_idt1219")): Object: 'Object Repository/1-OBJECTS TAREAS PRINCIPALES/Modulo Tarea Actos Administrativos/Elaboracion Acto Cambio de Empleado/a_Sucursal_entidadempleado_formtabj_idt1219' is clicked on

2022-04-29 10:17:09 - [MESSAGE][PASSED] - Object: 'Object Repository/1-OBJECTS TAREAS PRINCIPALES/Modulo Tarea Actos Administrativos/Elaboracion Acto Cambio de Empleado/a_Sucursal_entidadempleado_formtabj_idt1219' is clicked on

2022-04-29 10:17:09 - [TEST_STEP][PASSED] - setText(findTestObject("1-OBJECTS TAREAS PRINCIPALES/Modulo Tarea Actos Administrativos/Elaboracion Acto Cambio de Empleado/Input_Entidad de salud"), "Ccf - Cafam"): Text 'Ccf - Cafam' is set on object 'Object Repository/1-OBJECTS TAREAS PRINCIPALES/Modulo Tarea Actos Administrativos/Elaboracion Acto Cambio de Empleado/Input_Entidad de salud'

2022-04-29 10:17:10 - [MESSAGE][PASSED] - Text 'Ccf - Cafam' is set on object 'Object Repository/1-OBJECTS TAREAS PRINCIPALES/Modulo Tarea Actos Administrativos/Elaboracion Acto Cambio de Empleado/Input_Entidad de salud'

2022-04-29 10:17:10 - [TEST_STEP][PASSED] - sendKeys(findTestObject("1-OBJECTS TAREAS PRINCIPALES/Modulo Tarea Actos Administrativos/Elaboracion Acto Cambio de Empleado/Input_Entidad de salud"), Keys.chord(ENTER)): Keys 'ENTER + ' sent to object: 'Object Repository/1-OBJECTS TAREAS PRINCIPALES/Modulo Tarea Actos Administrativos/Elaboracion Acto Cambio de Empleado/Input_Entidad de salud'

2022-04-29 10:17:11 - [MESSAGE][PASSED] - Keys 'ENTER + ' sent to object: 'Object Repository/1-OBJECTS TAREAS PRINCIPALES/Modulo Tarea Actos Administrativos/Elaboracion Acto Cambio de Empleado/Input_Entidad de salud'

2022-04-29 10:17:11 - [TEST_STEP][PASSED] - click(findTestObject("1-OBJECTS TAREAS PRINCIPALES/Modulo Tarea Actos Administrativos/Elaboracion Acto Cambio de Empleado/span_Ccf - Cafam")): Object: 'Object Repository/1-OBJECTS TAREAS PRINCIPALES/Modulo Tarea Actos Administrativos/Elaboracion Acto Cambio de Empleado/span_Ccf - Cafam' is clicked on

2022-04-29 10:17:11 - [MESSAGE][PASSED] - Object: 'Object Repository/1-OBJECTS TAREAS PRINCIPALES/Modulo Tarea Actos Administrativos/Elaboracion Acto Cambio de Empleado/span_Ccf - Cafam' is clicked on

2022-04-29 10:17:11 - [TEST_STEP][PASSED] - selectOptionByIndex(findTestObject("1-OBJECTS TAREAS PRINCIPALES/Modulo Tarea Actos Administrativos/Elaboracion Acto Cambio de Empleado/select_--Seleccione--003 Familia Popayan"), 2): All options with index in [2] are selected on object 'Object Repository/1-OBJECTS TAREAS PRINCIPALES/Modulo Tarea Actos Administrativos/Elaboracion Acto Cambio de Empleado/select_--Seleccione--003 Familia Popayan'

2022-04-29 10:17:13 - [MESSAGE][PASSED] - All options with index in [2] are selected on object 'Object Repository/1-OBJECTS TAREAS PRINCIPALES/Modulo Tarea Actos Administrativos/Elaboracion Acto Cambio de Empleado/select_--Seleccione--003 Familia Popayan'

2022-04-29 10:17:13 - [TEST_STEP][PASSED] - setText(findTestObject("1-OBJECTS TAREAS PRINCIPALES/Modulo Tarea Actos Administrativos/Elaboracion Acto Cambio de Empleado/input_Cuenta_entidadempleado_formtabtablaCampos0referencia"), "12345678910"): Text '12345678910' is set on object 'Object Repository/1-OBJECTS TAREAS PRINCIPALES/Modulo Tarea Actos Administrativos/Elaboracion Acto Cambio de Empleado/input_Cuenta_entidadempleado_formtabtablaCampos0referencia'

2022-04-29 10:17:13 - [MESSAGE][PASSED] - Text '12345678910' is set on object 'Object Repository/1-OBJECTS TAREAS PRINCIPALES/Modulo Tarea Actos Administrativos/Elaboracion Acto Cambio de Empleado/input_Cuenta_entidadempleado_formtabtablaCampos0referencia'

2022-04-29 10:17:13 - [TEST_STEP][PASSED] - setText(findTestObject("1-OBJECTS TAREAS PRINCIPALES/Modulo Tarea Actos Administrativos/Elaboracion Acto Cambio de Empleado/input_Bco Destino_entidadempleado_formtabtablaCampos1valor"), "5"): Text '5' is set on object 'Object Repository/1-OBJECTS TAREAS PRINCIPALES/Modulo Tarea Actos Administrativos/Elaboracion Acto Cambio de Empleado/input_Bco Destino_entidadempleado_formtabtablaCampos1valor'

2022-04-29 10:17:14 - [MESSAGE][PASSED] - Text '5' is set on object 'Object Repository/1-OBJECTS TAREAS PRINCIPALES/Modulo Tarea Actos Administrativos/Elaboracion Acto Cambio de Empleado/input_Bco Destino_entidadempleado_formtabtablaCampos1valor'

2022-04-29 10:17:14 - [TEST_STEP][PASSED] - setText(findTestObject("1-OBJECTS TAREAS PRINCIPALES/Modulo Tarea Actos Administrativos/Elaboracion Acto Cambio de Empleado/input_Tipo de cuenta_entidadempleado_formtabtablaCampos2sucReferencia"), "corriente"): Text 'corriente' is set on object 'Object Repository/1-OBJECTS TAREAS PRINCIPALES/Modulo Tarea Actos Administrativos/Elaboracion Acto Cambio de Empleado/input_Tipo de cuenta_entidadempleado_formtabtablaCampos2sucReferencia'

2022-04-29 10:17:15 - [MESSAGE][PASSED] - Text 'corriente' is set on object 'Object Repository/1-OBJECTS TAREAS PRINCIPALES/Modulo Tarea Actos Administrativos/Elaboracion Acto Cambio de Empleado/input_Tipo de cuenta_entidadempleado_formtabtablaCampos2sucReferencia'

2022-04-29 10:17:15 - [TEST_STEP][PASSED] - setText(findTestObject("1-OBJECTS TAREAS PRINCIPALES/Modulo Tarea Actos Administrativos/Elaboracion Acto Cambio de Empleado/input_Tipo Cuenta 1ahorro 2 corr_entidadempleado_formtabtablaCampos4tipo"), "1"): Text '1' is set on object 'Object Repository/1-OBJECTS TAREAS PRINCIPALES/Modulo Tarea Actos Administrativos/Elaboracion Acto Cambio de Empleado/input_Tipo Cuenta 1ahorro 2 corr_entidadempleado_formtabtablaCampos4tipo'

2022-04-29 10:17:16 - [MESSAGE][PASSED] - Text '1' is set on object 'Object Repository/1-OBJECTS TAREAS PRINCIPALES/Modulo Tarea Actos Administrativos/Elaboracion Acto Cambio de Empleado/input_Tipo Cuenta 1ahorro 2 corr_entidadempleado_formtabtablaCampos4tipo'

2022-04-29 10:17:16 - [TEST_STEP][PASSED] - click(findTestObject("1-OBJECTS TAREAS PRINCIPALES/Modulo Tarea Actos Administrativos/Elaboracion Acto Cambio de Empleado/a_Aplicar2")): Object: 'Object Repository/1-OBJECTS TAREAS PRINCIPALES/Modulo Tarea Actos Administrativos/Elaboracion Acto Cambio de Empleado/a_Aplicar2' is clicked on

2022-04-29 10:17:16 - [MESSAGE][PASSED] - Object: 'Object Repository/1-OBJECTS TAREAS PRINCIPALES/Modulo Tarea Actos Administrativos/Elaboracion Acto Cambio de Empleado/a_Aplicar2' is clicked on

2022-04-29 10:17:16 - [TEST_STEP][PASSED] - waitForElementClickable(findTestObject("1-OBJECTS TAREAS PRINCIPALES/Modulo Tarea Actos Administrativos/Elaboracion Acto Cambio de Empleado/span_CAJA DE COMPENSACION"), G_TimeOut): Object 'Object Repository/1-OBJECTS TAREAS PRINCIPALES/Modulo Tarea Actos Administrativos/Elaboracion Acto Cambio de Empleado/span_CAJA DE COMPENSACION' is clickable

2022-04-29 10:17:17 - [MESSAGE][PASSED] - Object 'Object Repository/1-OBJECTS TAREAS PRINCIPALES/Modulo Tarea Actos Administrativos/Elaboracion Acto Cambio de Empleado/span_CAJA DE COMPENSACION' is clickable

2022-04-29 10:17:17 - [TEST_STEP][PASSED] - click(findTestObject("1-OBJECTS TAREAS PRINCIPALES/Modulo Tarea Actos Administrativos/Elaboracion Acto Cambio de Empleado/span_CAJA DE COMPENSACION")): Object: 'Object Repository/1-OBJECTS TAREAS PRINCIPALES/Modulo Tarea Actos Administrativos/Elaboracion Acto Cambio de Empleado/span_CAJA DE COMPENSACION' is clicked on

2022-04-29 10:17:17 - [MESSAGE][PASSED] - Object: 'Object Repository/1-OBJECTS TAREAS PRINCIPALES/Modulo Tarea Actos Administrativos/Elaboracion Acto Cambio de Empleado/span_CAJA DE COMPENSACION' is clicked on

2022-04-29 10:17:17 - [TEST_STEP][PASSED] - waitForElementClickable(findTestObject("1-OBJECTS TAREAS PRINCIPALES/Modulo Tarea Actos Administrativos/Elaboracion Acto Cambio de Empleado/span_Ccf - Compensar"), G_TimeOut): Object 'Object Repository/1-OBJECTS TAREAS PRINCIPALES/Modulo Tarea Actos Administrativos/Elaboracion Acto Cambio de Empleado/span_Ccf - Compensar' is clickable

2022-04-29 10:17:18 - [MESSAGE][PASSED] - Object 'Object Repository/1-OBJECTS TAREAS PRINCIPALES/Modulo Tarea Actos Administrativos/Elaboracion Acto Cambio de Empleado/span_Ccf - Compensar' is clickable

2022-04-29 10:17:18 - [TEST_STEP][PASSED] - click(findTestObject("1-OBJECTS TAREAS PRINCIPALES/Modulo Tarea Actos Administrativos/Elaboracion Acto Cambio de Empleado/span_Ccf - Compensar")): Object: 'Object Repository/1-OBJECTS TAREAS PRINCIPALES/Modulo Tarea Actos Administrativos/Elaboracion Acto Cambio de Empleado/span_Ccf - Compensar' is clicked on

2022-04-29 10:17:18 - [MESSAGE][PASSED] - Object: 'Object Repository/1-OBJECTS TAREAS PRINCIPALES/Modulo Tarea Actos Administrativos/Elaboracion Acto Cambio de Empleado/span_Ccf - Compensar' is clicked on

2022-04-29 10:17:18 - [TEST_STEP][PASSED] - waitForElementClickable(findTestObject("1-OBJECTS TAREAS PRINCIPALES/Modulo Tarea Actos Administrativos/Elaboracion Acto Cambio de Empleado/a_Continuar"), G_TimeOut): Object 'Object Repository/1-OBJECTS TAREAS PRINCIPALES/Modulo Tarea Actos Administrativos/Elaboracion Acto Cambio de Empleado/a_Continuar' is clickable

2022-04-29 10:17:19 - [MESSAGE][PASSED] - Object 'Object Repository/1-OBJECTS TAREAS PRINCIPALES/Modulo Tarea Actos Administrativos/Elaboracion Acto Cambio de Empleado/a_Continuar' is clickable

2022-04-29 10:17:19 - [TEST_STEP][PASSED] - click(findTestObject("1-OBJECTS TAREAS PRINCIPALES/Modulo Tarea Actos Administrativos/Elaboracion Acto Cambio de Empleado/a_Continuar")): Object: 'Object Repository/1-OBJECTS TAREAS PRINCIPALES/Modulo Tarea Actos Administrativos/Elaboracion Acto Cambio de Empleado/a_Continuar' is clicked on

2022-04-29 10:17:19 - [MESSAGE][PASSED] - Object: 'Object Repository/1-OBJECTS TAREAS PRINCIPALES/Modulo Tarea Actos Administrativos/Elaboracion Acto Cambio de Empleado/a_Continuar' is clicked on

2022-04-29 10:17:19 - [TEST_STEP][PASSED] - waitForElementClickable(findTestObject("1-OBJECTS TAREAS PRINCIPALES/Modulo Tarea Actos Administrativos/Elaboracion Acto Cambio de Empleado/td_10247"), G_TimeOut): Object 'Object Repository/1-OBJECTS TAREAS PRINCIPALES/Modulo Tarea Actos Administrativos/Elaboracion Acto Cambio de Empleado/td_10247' is clickable

2022-04-29 10:17:21 - [MESSAGE][PASSED] - Object 'Object Repository/1-OBJECTS TAREAS PRINCIPALES/Modulo Tarea Actos Administrativos/Elaboracion Acto Cambio de Empleado/td_10247' is clickable

2022-04-29 10:17:21 - [TEST_STEP][PASSED] - click(findTestObject("1-OBJECTS TAREAS PRINCIPALES/Modulo Tarea Actos Administrativos/Elaboracion Acto Cambio de Empleado/td_10247")): Object: 'Object Repository/1-OBJECTS TAREAS PRINCIPALES/Modulo Tarea Actos Administrativos/Elaboracion Acto Cambio de Empleado/td_10247' is clicked on

2022-04-29 10:17:21 - [MESSAGE][PASSED] - Object: 'Object Repository/1-OBJECTS TAREAS PRINCIPALES/Modulo Tarea Actos Administrativos/Elaboracion Acto Cambio de Empleado/td_10247' is clicked on

2022-04-29 10:17:21 - [TEST_STEP][PASSED] - Puesto = getText(findTestObject("1-OBJECTS TAREAS PRINCIPALES/Modulo Tarea Actos Administrativos/Elaboracion Acto Cambio de Empleado/td_10418")): Text of object 'Object Repository/1-OBJECTS TAREAS PRINCIPALES/Modulo Tarea Actos Administrativos/Elaboracion Acto Cambio de Empleado/td_10418' is: '10484'

2022-04-29 10:17:22 - [MESSAGE][PASSED] - Text of object 'Object Repository/1-OBJECTS TAREAS PRINCIPALES/Modulo Tarea Actos Administrativos/Elaboracion Acto Cambio de Empleado/td_10418' is: '10484'

2022-04-29 10:17:22 - [TEST_STEP][PASSED] - waitForElementClickable(findTestObject("1-OBJECTS TAREAS PRINCIPALES/Modulo Tarea Actos Administrativos/Elaboracion Acto Cambio de Empleado/a_Actualizar"), G_TimeOut): Object 'Object Repository/1-OBJECTS TAREAS PRINCIPALES/Modulo Tarea Actos Administrativos/Elaboracion Acto Cambio de Empleado/a_Actualizar' is clickable

2022-04-29 10:17:22 - [MESSAGE][PASSED] - Object 'Object Repository/1-OBJECTS TAREAS PRINCIPALES/Modulo Tarea Actos Administrativos/Elaboracion Acto Cambio de Empleado/a_Actualizar' is clickable

2022-04-29 10:17:22 - [TEST_STEP][PASSED] - click(findTestObject("1-OBJECTS TAREAS PRINCIPALES/Modulo Tarea Actos Administrativos/Elaboracion Acto Cambio de Empleado/a_Actualizar")): Object: 'Object Repository/1-OBJECTS TAREAS PRINCIPALES/Modulo Tarea Actos Administrativos/Elaboracion Acto Cambio de Empleado/a_Actualizar' is clicked on

2022-04-29 10:17:23 - [MESSAGE][PASSED] - Object: 'Object Repository/1-OBJECTS TAREAS PRINCIPALES/Modulo Tarea Actos Administrativos/Elaboracion Acto Cambio de Empleado/a_Actualizar' is clicked on

2022-04-29 10:17:23 - [TEST_STEP][PASSED] - selectOptionByValue(findTestObject("1-OBJECTS TAREAS PRINCIPALES/Modulo Tarea Actos Administrativos/Elaboracion Acto Cambio de Empleado/select_--- Seleccione Tipo de"), "2", true): All options with value '2' are selected in object 'Object Repository/1-OBJECTS TAREAS PRINCIPALES/Modulo Tarea Actos Administrativos/Elaboracion Acto Cambio de Empleado/select_--- Seleccione Tipo de'  using regular expression

2022-04-29 10:17:24 - [MESSAGE][PASSED] - All options with value '2' are selected in object 'Object Repository/1-OBJECTS TAREAS PRINCIPALES/Modulo Tarea Actos Administrativos/Elaboracion Acto Cambio de Empleado/select_--- Seleccione Tipo de'  using regular expression

2022-04-29 10:17:24 - [TEST_STEP][PASSED] - waitForElementClickable(findTestObject("1-OBJECTS TAREAS PRINCIPALES/Modulo Tarea Actos Administrativos/Elaboracion Acto Cambio de Empleado/a_Zona Econmica_form_actoIngresoj_idt11656j_idt1204"), G_TimeOut): Object 'Object Repository/1-OBJECTS TAREAS PRINCIPALES/Modulo Tarea Actos Administrativos/Elaboracion Acto Cambio de Empleado/a_Zona Econmica_form_actoIngresoj_idt11656j_idt1204' is clickable

2022-04-29 10:17:24 - [MESSAGE][PASSED] - Object 'Object Repository/1-OBJECTS TAREAS PRINCIPALES/Modulo Tarea Actos Administrativos/Elaboracion Acto Cambio de Empleado/a_Zona Econmica_form_actoIngresoj_idt11656j_idt1204' is clickable

2022-04-29 10:17:24 - [TEST_STEP][PASSED] - click(findTestObject("1-OBJECTS TAREAS PRINCIPALES/Modulo Tarea Actos Administrativos/Elaboracion Acto Cambio de Empleado/a_Zona Econmica_form_actoIngresoj_idt11656j_idt1204")): Object: 'Object Repository/1-OBJECTS TAREAS PRINCIPALES/Modulo Tarea Actos Administrativos/Elaboracion Acto Cambio de Empleado/a_Zona Econmica_form_actoIngresoj_idt11656j_idt1204' is clicked on

2022-04-29 10:17:25 - [MESSAGE][PASSED] - Object: 'Object Repository/1-OBJECTS TAREAS PRINCIPALES/Modulo Tarea Actos Administrativos/Elaboracion Acto Cambio de Empleado/a_Zona Econmica_form_actoIngresoj_idt11656j_idt1204' is clicked on

2022-04-29 10:17:25 - [TEST_STEP][PASSED] - waitForElementClickable(findTestObject("1-OBJECTS TAREAS PRINCIPALES/Modulo Tarea Actos Administrativos/Elaboracion Acto Cambio de Empleado/span_B1"), G_TimeOut): Object 'Object Repository/1-OBJECTS TAREAS PRINCIPALES/Modulo Tarea Actos Administrativos/Elaboracion Acto Cambio de Empleado/span_B1' is clickable

2022-04-29 10:17:26 - [MESSAGE][PASSED] - Object 'Object Repository/1-OBJECTS TAREAS PRINCIPALES/Modulo Tarea Actos Administrativos/Elaboracion Acto Cambio de Empleado/span_B1' is clickable

2022-04-29 10:17:26 - [TEST_STEP][PASSED] - click(findTestObject("1-OBJECTS TAREAS PRINCIPALES/Modulo Tarea Actos Administrativos/Elaboracion Acto Cambio de Empleado/span_B1")): Object: 'Object Repository/1-OBJECTS TAREAS PRINCIPALES/Modulo Tarea Actos Administrativos/Elaboracion Acto Cambio de Empleado/span_B1' is clicked on

2022-04-29 10:17:26 - [MESSAGE][PASSED] - Object: 'Object Repository/1-OBJECTS TAREAS PRINCIPALES/Modulo Tarea Actos Administrativos/Elaboracion Acto Cambio de Empleado/span_B1' is clicked on

2022-04-29 10:17:26 - [TEST_STEP][PASSED] - waitForElementClickable(findTestObject("1-OBJECTS TAREAS PRINCIPALES/Modulo Tarea Actos Administrativos/Elaboracion Acto Cambio de Empleado/a_Continuar (1)"), G_TimeOut): Object 'Object Repository/1-OBJECTS TAREAS PRINCIPALES/Modulo Tarea Actos Administrativos/Elaboracion Acto Cambio de Empleado/a_Continuar (1)' is clickable

2022-04-29 10:17:27 - [MESSAGE][PASSED] - Object 'Object Repository/1-OBJECTS TAREAS PRINCIPALES/Modulo Tarea Actos Administrativos/Elaboracion Acto Cambio de Empleado/a_Continuar (1)' is clickable

2022-04-29 10:17:27 - [TEST_STEP][PASSED] - click(findTestObject("1-OBJECTS TAREAS PRINCIPALES/Modulo Tarea Actos Administrativos/Elaboracion Acto Cambio de Empleado/a_Continuar (1)")): Object: 'Object Repository/1-OBJECTS TAREAS PRINCIPALES/Modulo Tarea Actos Administrativos/Elaboracion Acto Cambio de Empleado/a_Continuar (1)' is clicked on

2022-04-29 10:17:28 - [MESSAGE][PASSED] - Object: 'Object Repository/1-OBJECTS TAREAS PRINCIPALES/Modulo Tarea Actos Administrativos/Elaboracion Acto Cambio de Empleado/a_Continuar (1)' is clicked on

2022-04-29 10:17:28 - [TEST_STEP][PASSED] - waitForElementClickable(findTestObject("1-OBJECTS TAREAS PRINCIPALES/Modulo Tarea Actos Administrativos/Elaboracion Acto Cambio de Empleado/a_Descargar pdf"), G_TimeOut): Object 'Object Repository/1-OBJECTS TAREAS PRINCIPALES/Modulo Tarea Actos Administrativos/Elaboracion Acto Cambio de Empleado/a_Descargar pdf' is clickable

2022-04-29 10:17:32 - [MESSAGE][PASSED] - Object 'Object Repository/1-OBJECTS TAREAS PRINCIPALES/Modulo Tarea Actos Administrativos/Elaboracion Acto Cambio de Empleado/a_Descargar pdf' is clickable

2022-04-29 10:17:32 - [TEST_STEP][PASSED] - waitForElementClickable(findTestObject("1-OBJECTS TAREAS PRINCIPALES/Modulo Tarea Actos Administrativos/Elaboracion Acto Cambio de Empleado/a_Aplicar"), G_TimeOut): Object 'Object Repository/1-OBJECTS TAREAS PRINCIPALES/Modulo Tarea Actos Administrativos/Elaboracion Acto Cambio de Empleado/a_Aplicar' is clickable

2022-04-29 10:17:32 - [MESSAGE][PASSED] - Object 'Object Repository/1-OBJECTS TAREAS PRINCIPALES/Modulo Tarea Actos Administrativos/Elaboracion Acto Cambio de Empleado/a_Aplicar' is clickable

2022-04-29 10:17:32 - [TEST_STEP][PASSED] - click(findTestObject("1-OBJECTS TAREAS PRINCIPALES/Modulo Tarea Actos Administrativos/Elaboracion Acto Cambio de Empleado/a_Aplicar")): Object: 'Object Repository/1-OBJECTS TAREAS PRINCIPALES/Modulo Tarea Actos Administrativos/Elaboracion Acto Cambio de Empleado/a_Aplicar' is clicked on

2022-04-29 10:17:32 - [MESSAGE][PASSED] - Object: 'Object Repository/1-OBJECTS TAREAS PRINCIPALES/Modulo Tarea Actos Administrativos/Elaboracion Acto Cambio de Empleado/a_Aplicar' is clicked on

2022-04-29 10:17:32 - [TEST_STEP][PASSED] - if (waitForElementVisible(findTestObject("3-OBJECTS UTILIDADES/Alerta/Alerta"), 1)): Web element with id: 'Object Repository/3-OBJECTS UTILIDADES/Alerta/Alerta' located by '//div[@id='growl_container']/div/div/div[2]/p' not found

2022-04-29 10:17:36 - [MESSAGE][INFO] - Unable to find the element located by 'By.xpath: //div[@id='growl_container']/div/div/div[2]/p'. Please recheck the objects properties to make sure the desired element is located. 

2022-04-29 10:17:36 - [MESSAGE][WARNING] - Web element with id: 'Object Repository/3-OBJECTS UTILIDADES/Alerta/Alerta' located by '//div[@id='growl_container']/div/div/div[2]/p' not found

2022-04-29 10:17:36 - [TEST_STEP][PASSED] - else: Browser is closed

2022-04-29 10:17:36 - [TEST_STEP][PASSED] - click(findTestObject("1-OBJECTS TAREAS PRINCIPALES/Modulo Tarea Actos Administrativos/Elaboracion Acto Cambio de Empleado/a_Cancelar")): Object: 'Object Repository/1-OBJECTS TAREAS PRINCIPALES/Modulo Tarea Actos Administrativos/Elaboracion Acto Cambio de Empleado/a_Cancelar' is clicked on

2022-04-29 10:17:36 - [MESSAGE][PASSED] - Object: 'Object Repository/1-OBJECTS TAREAS PRINCIPALES/Modulo Tarea Actos Administrativos/Elaboracion Acto Cambio de Empleado/a_Cancelar' is clicked on

2022-04-29 10:17:36 - [TEST_STEP][PASSED] - click(findTestObject("1-OBJECTS TAREAS PRINCIPALES/Modulo Tarea Actos Administrativos/Elaboracion Acto Cambio de Empleado/span_Nomina")): Object: 'Object Repository/1-OBJECTS TAREAS PRINCIPALES/Modulo Tarea Actos Administrativos/Elaboracion Acto Cambio de Empleado/span_Nomina' is clicked on

2022-04-29 10:17:37 - [MESSAGE][PASSED] - Object: 'Object Repository/1-OBJECTS TAREAS PRINCIPALES/Modulo Tarea Actos Administrativos/Elaboracion Acto Cambio de Empleado/span_Nomina' is clicked on

2022-04-29 10:17:37 - [TEST_STEP][PASSED] - click(findTestObject("1-OBJECTS TAREAS PRINCIPALES/Modulo Tarea Actos Administrativos/Elaboracion Acto Cambio de Empleado/span_ingreso definitivo indefinido salario basico")): Object: 'Object Repository/1-OBJECTS TAREAS PRINCIPALES/Modulo Tarea Actos Administrativos/Elaboracion Acto Cambio de Empleado/span_ingreso definitivo indefinido salario basico' is clicked on

2022-04-29 10:17:38 - [MESSAGE][PASSED] - Object: 'Object Repository/1-OBJECTS TAREAS PRINCIPALES/Modulo Tarea Actos Administrativos/Elaboracion Acto Cambio de Empleado/span_ingreso definitivo indefinido salario basico' is clicked on

2022-04-29 10:17:38 - [TEST_STEP][PASSED] - click(findTestObject("1-OBJECTS TAREAS PRINCIPALES/Modulo Tarea Actos Administrativos/Elaboracion Acto Cambio de Empleado/a_Elaboracin_form_popupSeleccionDerogarj_idt144")): Object: 'Object Repository/1-OBJECTS TAREAS PRINCIPALES/Modulo Tarea Actos Administrativos/Elaboracion Acto Cambio de Empleado/a_Elaboracin_form_popupSeleccionDerogarj_idt144' is clicked on

2022-04-29 10:17:38 - [MESSAGE][PASSED] - Object: 'Object Repository/1-OBJECTS TAREAS PRINCIPALES/Modulo Tarea Actos Administrativos/Elaboracion Acto Cambio de Empleado/a_Elaboracin_form_popupSeleccionDerogarj_idt144' is clicked on

2022-04-29 10:17:38 - [TEST_STEP][PASSED] - click(findTestObject("1-OBJECTS TAREAS PRINCIPALES/Modulo Tarea Actos Administrativos/Elaboracion Acto Cambio de Empleado/a_Identificacin_form_popupSeleccionarDerogarIngresoj_idt154")): Object: 'Object Repository/1-OBJECTS TAREAS PRINCIPALES/Modulo Tarea Actos Administrativos/Elaboracion Acto Cambio de Empleado/a_Identificacin_form_popupSeleccionarDerogarIngresoj_idt154' is clicked on

2022-04-29 10:17:39 - [MESSAGE][PASSED] - Object: 'Object Repository/1-OBJECTS TAREAS PRINCIPALES/Modulo Tarea Actos Administrativos/Elaboracion Acto Cambio de Empleado/a_Identificacin_form_popupSeleccionarDerogarIngresoj_idt154' is clicked on

2022-04-29 10:17:39 - [TEST_STEP][PASSED] - setText(findTestObject("1-OBJECTS TAREAS PRINCIPALES/Modulo Tarea Actos Administrativos/Elaboracion Acto Cambio de Empleado/input_Filtro Hoja de Vida_formPopupHojaVidaj_idt1421"), identificacion): Text '3397616' is set on object 'Object Repository/1-OBJECTS TAREAS PRINCIPALES/Modulo Tarea Actos Administrativos/Elaboracion Acto Cambio de Empleado/input_Filtro Hoja de Vida_formPopupHojaVidaj_idt1421'

2022-04-29 10:17:40 - [MESSAGE][PASSED] - Text '3397616' is set on object 'Object Repository/1-OBJECTS TAREAS PRINCIPALES/Modulo Tarea Actos Administrativos/Elaboracion Acto Cambio de Empleado/input_Filtro Hoja de Vida_formPopupHojaVidaj_idt1421'

2022-04-29 10:17:40 - [TEST_STEP][PASSED] - sendKeys(findTestObject("1-OBJECTS TAREAS PRINCIPALES/Modulo Tarea Actos Administrativos/Elaboracion Acto Cambio de Empleado/input_Filtro Hoja de Vida_formPopupHojaVidaj_idt1421"), Keys.chord(ENTER)): Keys 'ENTER + ' sent to object: 'Object Repository/1-OBJECTS TAREAS PRINCIPALES/Modulo Tarea Actos Administrativos/Elaboracion Acto Cambio de Empleado/input_Filtro Hoja de Vida_formPopupHojaVidaj_idt1421'

2022-04-29 10:17:40 - [MESSAGE][PASSED] - Keys 'ENTER + ' sent to object: 'Object Repository/1-OBJECTS TAREAS PRINCIPALES/Modulo Tarea Actos Administrativos/Elaboracion Acto Cambio de Empleado/input_Filtro Hoja de Vida_formPopupHojaVidaj_idt1421'

2022-04-29 10:17:40 - [TEST_STEP][PASSED] - click(findTestObject("1-OBJECTS TAREAS PRINCIPALES/Modulo Tarea Actos Administrativos/Elaboracion Acto Cambio de Empleado/span_Pruebas_automaticas  Empleado6520781")): Object: 'Object Repository/1-OBJECTS TAREAS PRINCIPALES/Modulo Tarea Actos Administrativos/Elaboracion Acto Cambio de Empleado/span_Pruebas_automaticas  Empleado6520781' is clicked on

2022-04-29 10:17:41 - [MESSAGE][PASSED] - Object: 'Object Repository/1-OBJECTS TAREAS PRINCIPALES/Modulo Tarea Actos Administrativos/Elaboracion Acto Cambio de Empleado/span_Pruebas_automaticas  Empleado6520781' is clicked on

2022-04-29 10:17:41 - [TEST_STEP][PASSED] - click(findTestObject("1-OBJECTS TAREAS PRINCIPALES/Modulo Tarea Actos Administrativos/Elaboracion Acto Cambio de Empleado/td_Ingreso Definitivo Indefinido Salario Basico")): Object: 'Object Repository/1-OBJECTS TAREAS PRINCIPALES/Modulo Tarea Actos Administrativos/Elaboracion Acto Cambio de Empleado/td_Ingreso Definitivo Indefinido Salario Basico' is clicked on

2022-04-29 10:17:42 - [MESSAGE][PASSED] - Object: 'Object Repository/1-OBJECTS TAREAS PRINCIPALES/Modulo Tarea Actos Administrativos/Elaboracion Acto Cambio de Empleado/td_Ingreso Definitivo Indefinido Salario Basico' is clicked on

2022-04-29 10:17:42 - [TEST_STEP][PASSED] - if (waitForElementVisible(findTestObject("1-OBJECTS TAREAS PRINCIPALES/Modulo Tarea Actos Administrativos/Elaboracion Acto Cambio de Empleado/a_Continuar3"), 1)): null

2022-04-29 10:17:43 - [MESSAGE][PASSED] - Object 'Object Repository/1-OBJECTS TAREAS PRINCIPALES/Modulo Tarea Actos Administrativos/Elaboracion Acto Cambio de Empleado/a_Continuar3' is visible

2022-04-29 10:17:43 - [TEST_STEP][PASSED] - doubleClick(findTestObject("1-OBJECTS TAREAS PRINCIPALES/Modulo Tarea Actos Administrativos/Elaboracion Acto Cambio de Empleado/a_Continuar3")): Object: 'Object Repository/1-OBJECTS TAREAS PRINCIPALES/Modulo Tarea Actos Administrativos/Elaboracion Acto Cambio de Empleado/a_Continuar3' is double clicked on

2022-04-29 10:17:43 - [MESSAGE][PASSED] - Object: 'Object Repository/1-OBJECTS TAREAS PRINCIPALES/Modulo Tarea Actos Administrativos/Elaboracion Acto Cambio de Empleado/a_Continuar3' is double clicked on

2022-04-29 10:17:43 - [TEST_STEP][PASSED] - click(findTestObject("1-OBJECTS TAREAS PRINCIPALES/Modulo Tarea Actos Administrativos/Elaboracion Acto Cambio de Empleado/a_Aplicar4")): Object: 'Object Repository/1-OBJECTS TAREAS PRINCIPALES/Modulo Tarea Actos Administrativos/Elaboracion Acto Cambio de Empleado/a_Aplicar4' is clicked on

2022-04-29 10:17:46 - [MESSAGE][PASSED] - Object: 'Object Repository/1-OBJECTS TAREAS PRINCIPALES/Modulo Tarea Actos Administrativos/Elaboracion Acto Cambio de Empleado/a_Aplicar4' is clicked on

2022-04-29 10:17:46 - [TEST_STEP][PASSED] - click(findTestObject("1-OBJECTS TAREAS PRINCIPALES/Modulo Tarea Actos Administrativos/Elaboracion Acto Cambio de Empleado/p_EL SISTEMA HA GENERADO EL ACTO ADMINISTRATIVO CORRECTAMENTE")): Object: 'Object Repository/1-OBJECTS TAREAS PRINCIPALES/Modulo Tarea Actos Administrativos/Elaboracion Acto Cambio de Empleado/p_EL SISTEMA HA GENERADO EL ACTO ADMINISTRATIVO CORRECTAMENTE' is clicked on

2022-04-29 10:18:10 - [MESSAGE][PASSED] - Object: 'Object Repository/1-OBJECTS TAREAS PRINCIPALES/Modulo Tarea Actos Administrativos/Elaboracion Acto Cambio de Empleado/p_EL SISTEMA HA GENERADO EL ACTO ADMINISTRATIVO CORRECTAMENTE' is clicked on

2022-04-29 10:18:10 - [TEST_STEP][PASSED] - Alerta = getText(findTestObject("3-OBJECTS UTILIDADES/Alerta/Alerta")): Text of object 'Object Repository/3-OBJECTS UTILIDADES/Alerta/Alerta' is: 'EL SISTEMA HA GENERADO EL ACTO ADMINISTRATIVO CORRECTAMENTE'

2022-04-29 10:18:11 - [MESSAGE][PASSED] - Text of object 'Object Repository/3-OBJECTS UTILIDADES/Alerta/Alerta' is: 'EL SISTEMA HA GENERADO EL ACTO ADMINISTRATIVO CORRECTAMENTE'

2022-04-29 10:18:11 - [TEST_STEP][PASSED] - if (Alerta == "EL SISTEMA HA GENERADO EL ACTO ADMINISTRATIVO CORRECTAMENTE"): Browser is closed

2022-04-29 10:18:11 - [TEST_STEP][PASSED] - closeBrowser(): Browser is closed

2022-04-29 10:18:11 - [MESSAGE][PASSED] - Browser is closed]]></system-out>
         <system-err><![CDATA[]]></system-err>
      </testcase>
      <testcase name="Test Cases/1.1-Tareas Principales/1.1.4-Crear Periodos Internos de cada Nomina" time="22.714" classname="Test Cases/1.1-Tareas Principales/1.1.4-Crear Periodos Internos de cada Nomina" status="PASSED">
         <system-out><![CDATA[2022-04-29 10:18:11 - [TEST_CASE][PASSED] - Test Cases/1.1-Tareas Principales/1.1.4-Crear Periodos Internos de cada Nomina: Test Cases/1.1-Tareas Principales/1.1.4-Crear Periodos Internos de cada Nomina

2022-04-29 10:18:12 - [TEST_STEP][PASSED] - callTestCase(findTestCase("0.1-Login"), [:], STOP_ON_FAILURE): Call Test Case 'Test Cases/0.1-Login' successfully

2022-04-29 10:18:12 - [TEST_CASE][PASSED] - Test Cases/0.1-Login: Test Cases/0.1-Login

2022-04-29 10:18:12 - [TEST_STEP][PASSED] - openBrowser(""): Browser is opened with url: ''

2022-04-29 10:18:12 - [MESSAGE][INFO] - Starting 'Chrome' driver

2022-04-29 10:18:12 - [MESSAGE][INFO] - Action delay is set to 0 milliseconds

2022-04-29 10:18:13 - [MESSAGE][PASSED] - Browser is opened with url: ''

2022-04-29 10:18:13 - [TEST_STEP][PASSED] - maximizeWindow(): Current window maximized

2022-04-29 10:18:13 - [MESSAGE][PASSED] - Current window maximized

2022-04-29 10:18:13 - [TEST_STEP][PASSED] - i = G_Login: null

2022-04-29 10:18:13 - [TEST_STEP][PASSED] - url = new java.net.URL(i): null

2022-04-29 10:18:13 - [TEST_STEP][PASSED] - println("URL: " + url.toString()): null

2022-04-29 10:18:13 - [TEST_STEP][PASSED] - connection = url.openConnection(): null

2022-04-29 10:18:13 - [TEST_STEP][PASSED] - connection.setRequestMethod("GET"): null

2022-04-29 10:18:13 - [TEST_STEP][PASSED] - connection.setReadTimeout(2 * 1000): null

2022-04-29 10:18:13 - [TEST_STEP][PASSED] - try: null

2022-04-29 10:18:13 - [TEST_STEP][PASSED] - connection.connect(): null

2022-04-29 10:18:13 - [TEST_STEP][PASSED] - flag = connected: null

2022-04-29 10:18:13 - [TEST_STEP][PASSED] - println("Valor_ori: " + flag): null

2022-04-29 10:18:13 - [TEST_STEP][PASSED] - if (flag): null

2022-04-29 10:18:13 - [TEST_STEP][PASSED] - navigateToUrl(i): Navigate to 'http://192.168.2.19:8380/saraweb' successfully

2022-04-29 10:18:14 - [MESSAGE][PASSED] - Navigate to 'http://192.168.2.19:8380/saraweb' successfully

2022-04-29 10:18:14 - [TEST_STEP][PASSED] - a(): null

2022-04-29 10:18:14 - [TEST_STEP][PASSED] - setText(findTestObject("3-OBJECTS UTILIDADES/Login/input_USUARIO_loginusuario"), G_Usuario): Text 'saraadmin' is set on object 'Object Repository/3-OBJECTS UTILIDADES/Login/input_USUARIO_loginusuario'

2022-04-29 10:18:14 - [MESSAGE][PASSED] - Text 'saraadmin' is set on object 'Object Repository/3-OBJECTS UTILIDADES/Login/input_USUARIO_loginusuario'

2022-04-29 10:18:14 - [TEST_STEP][PASSED] - setEncryptedText(findTestObject("3-OBJECTS UTILIDADES/Login/input_CLAVE_loginpassword"), "MkG4/TYiCFC3cb2driP7+Q=="): Text ****** has been set on object 'Object Repository/3-OBJECTS UTILIDADES/Login/input_CLAVE_loginpassword'

2022-04-29 10:18:15 - [MESSAGE][PASSED] - Text ****** has been set on object 'Object Repository/3-OBJECTS UTILIDADES/Login/input_CLAVE_loginpassword'

2022-04-29 10:18:15 - [TEST_STEP][PASSED] - waitForElementClickable(findTestObject("3-OBJECTS UTILIDADES/Login/a_Ingresar"), G_TimeOut): Object 'Object Repository/3-OBJECTS UTILIDADES/Login/a_Ingresar' is clickable

2022-04-29 10:18:15 - [MESSAGE][PASSED] - Object 'Object Repository/3-OBJECTS UTILIDADES/Login/a_Ingresar' is clickable

2022-04-29 10:18:15 - [TEST_STEP][PASSED] - click(findTestObject("3-OBJECTS UTILIDADES/Login/a_Ingresar")): Object: 'Object Repository/3-OBJECTS UTILIDADES/Login/a_Ingresar' is clicked on

2022-04-29 10:18:17 - [MESSAGE][PASSED] - Object: 'Object Repository/3-OBJECTS UTILIDADES/Login/a_Ingresar' is clicked on

2022-04-29 10:18:17 - [TEST_STEP][PASSED] - element = findWebElement(findTestObject("3-OBJECTS UTILIDADES/Login/a_Ir"), 30): null

2022-04-29 10:18:17 - [TEST_STEP][PASSED] - executeJavaScript("arguments[0].click()", Arrays.asList(element)): Execute JavaScript 'arguments[0].click()' successfully

2022-04-29 10:18:17 - [MESSAGE][PASSED] - Execute JavaScript 'arguments[0].click()' successfully

2022-04-29 10:18:17 - [MESSAGE][PASSED] - Call Test Case 'Test Cases/0.1-Login' successfully

2022-04-29 10:18:17 - [TEST_STEP][PASSED] - setText(findTestObject("1-OBJECTS TAREAS PRINCIPALES/Modulo Tarea Compensacion/Crear Periodos Internos de Cada Nomina/input_Empresa 1_form_templatej_idt24_input"), "mantenimiento periodo nomina"): Text 'mantenimiento periodo nomina' is set on object 'Object Repository/1-OBJECTS TAREAS PRINCIPALES/Modulo Tarea Compensacion/Crear Periodos Internos de Cada Nomina/input_Empresa 1_form_templatej_idt24_input'

2022-04-29 10:18:18 - [MESSAGE][PASSED] - Text 'mantenimiento periodo nomina' is set on object 'Object Repository/1-OBJECTS TAREAS PRINCIPALES/Modulo Tarea Compensacion/Crear Periodos Internos de Cada Nomina/input_Empresa 1_form_templatej_idt24_input'

2022-04-29 10:18:18 - [TEST_STEP][PASSED] - click(findTestObject("1-OBJECTS TAREAS PRINCIPALES/Modulo Tarea Compensacion/Crear Periodos Internos de Cada Nomina/li_Mantenimiento Periodo Nomina (com)")): Object: 'Object Repository/1-OBJECTS TAREAS PRINCIPALES/Modulo Tarea Compensacion/Crear Periodos Internos de Cada Nomina/li_Mantenimiento Periodo Nomina (com)' is clicked on

2022-04-29 10:18:20 - [MESSAGE][PASSED] - Object: 'Object Repository/1-OBJECTS TAREAS PRINCIPALES/Modulo Tarea Compensacion/Crear Periodos Internos de Cada Nomina/li_Mantenimiento Periodo Nomina (com)' is clicked on

2022-04-29 10:18:20 - [TEST_STEP][PASSED] - click(findTestObject("1-OBJECTS TAREAS PRINCIPALES/Modulo Tarea Compensacion/Crear Periodos Internos de Cada Nomina/span_NOMINA MENSUAL")): Object: 'Object Repository/1-OBJECTS TAREAS PRINCIPALES/Modulo Tarea Compensacion/Crear Periodos Internos de Cada Nomina/span_NOMINA MENSUAL' is clicked on

2022-04-29 10:18:21 - [MESSAGE][PASSED] - Object: 'Object Repository/1-OBJECTS TAREAS PRINCIPALES/Modulo Tarea Compensacion/Crear Periodos Internos de Cada Nomina/span_NOMINA MENSUAL' is clicked on

2022-04-29 10:18:21 - [TEST_STEP][PASSED] - if (waitForElementVisible(findTestObject("1-OBJECTS TAREAS PRINCIPALES/Modulo Tarea Compensacion/Crear Periodos Internos de Cada Nomina/td_pruebask"), 1)): Web element with id: 'Object Repository/1-OBJECTS TAREAS PRINCIPALES/Modulo Tarea Compensacion/Crear Periodos Internos de Cada Nomina/td_pruebask' located by '//*/text()[normalize-space(.)='pruebask']/parent::*' not found

2022-04-29 10:18:23 - [MESSAGE][INFO] - Unable to find the element located by 'By.xpath: //*/text()[normalize-space(.)='pruebask']/parent::*'. Please recheck the objects properties to make sure the desired element is located. 

2022-04-29 10:18:23 - [MESSAGE][WARNING] - Web element with id: 'Object Repository/1-OBJECTS TAREAS PRINCIPALES/Modulo Tarea Compensacion/Crear Periodos Internos de Cada Nomina/td_pruebask' located by '//*/text()[normalize-space(.)='pruebask']/parent::*' not found

2022-04-29 10:18:23 - [TEST_STEP][PASSED] - click(findTestObject("1-OBJECTS TAREAS PRINCIPALES/Modulo Tarea Compensacion/Crear Periodos Internos de Cada Nomina/span_Nuevo")): Object: 'Object Repository/1-OBJECTS TAREAS PRINCIPALES/Modulo Tarea Compensacion/Crear Periodos Internos de Cada Nomina/span_Nuevo' is clicked on

2022-04-29 10:18:24 - [MESSAGE][PASSED] - Object: 'Object Repository/1-OBJECTS TAREAS PRINCIPALES/Modulo Tarea Compensacion/Crear Periodos Internos de Cada Nomina/span_Nuevo' is clicked on

2022-04-29 10:18:24 - [TEST_STEP][PASSED] - setText(findTestObject("1-OBJECTS TAREAS PRINCIPALES/Modulo Tarea Compensacion/Crear Periodos Internos de Cada Nomina/input_Periodo Nomina_popupNuevoPeriodopanelNominaperiodo"), "pruebask"): Text 'pruebask' is set on object 'Object Repository/1-OBJECTS TAREAS PRINCIPALES/Modulo Tarea Compensacion/Crear Periodos Internos de Cada Nomina/input_Periodo Nomina_popupNuevoPeriodopanelNominaperiodo'

2022-04-29 10:18:26 - [MESSAGE][PASSED] - Text 'pruebask' is set on object 'Object Repository/1-OBJECTS TAREAS PRINCIPALES/Modulo Tarea Compensacion/Crear Periodos Internos de Cada Nomina/input_Periodo Nomina_popupNuevoPeriodopanelNominaperiodo'

2022-04-29 10:18:26 - [TEST_STEP][PASSED] - setText(findTestObject("1-OBJECTS TAREAS PRINCIPALES/Modulo Tarea Compensacion/Crear Periodos Internos de Cada Nomina/input_Descripcin_popupNuevoPeriodopanelNominadescripcion"), "P. MensualSeptiembre2021"): Text 'P. MensualSeptiembre2021' is set on object 'Object Repository/1-OBJECTS TAREAS PRINCIPALES/Modulo Tarea Compensacion/Crear Periodos Internos de Cada Nomina/input_Descripcin_popupNuevoPeriodopanelNominadescripcion'

2022-04-29 10:18:26 - [MESSAGE][PASSED] - Text 'P. MensualSeptiembre2021' is set on object 'Object Repository/1-OBJECTS TAREAS PRINCIPALES/Modulo Tarea Compensacion/Crear Periodos Internos de Cada Nomina/input_Descripcin_popupNuevoPeriodopanelNominadescripcion'

2022-04-29 10:18:26 - [TEST_STEP][PASSED] - setText(findTestObject("1-OBJECTS TAREAS PRINCIPALES/Modulo Tarea Compensacion/Crear Periodos Internos de Cada Nomina/input_Fecha Inicial_popupNuevoPeriodopanelNominafechainicial_input"), "01/09/2021"): Text '01/09/2021' is set on object 'Object Repository/1-OBJECTS TAREAS PRINCIPALES/Modulo Tarea Compensacion/Crear Periodos Internos de Cada Nomina/input_Fecha Inicial_popupNuevoPeriodopanelNominafechainicial_input'

2022-04-29 10:18:27 - [MESSAGE][PASSED] - Text '01/09/2021' is set on object 'Object Repository/1-OBJECTS TAREAS PRINCIPALES/Modulo Tarea Compensacion/Crear Periodos Internos de Cada Nomina/input_Fecha Inicial_popupNuevoPeriodopanelNominafechainicial_input'

2022-04-29 10:18:27 - [TEST_STEP][PASSED] - setText(findTestObject("1-OBJECTS TAREAS PRINCIPALES/Modulo Tarea Compensacion/Crear Periodos Internos de Cada Nomina/input_Fecha Final_popupNuevoPeriodopanelNominafechafinal_input"), "30/09/2021"): Text '30/09/2021' is set on object 'Object Repository/1-OBJECTS TAREAS PRINCIPALES/Modulo Tarea Compensacion/Crear Periodos Internos de Cada Nomina/input_Fecha Final_popupNuevoPeriodopanelNominafechafinal_input'

2022-04-29 10:18:28 - [MESSAGE][PASSED] - Text '30/09/2021' is set on object 'Object Repository/1-OBJECTS TAREAS PRINCIPALES/Modulo Tarea Compensacion/Crear Periodos Internos de Cada Nomina/input_Fecha Final_popupNuevoPeriodopanelNominafechafinal_input'

2022-04-29 10:18:28 - [TEST_STEP][PASSED] - setText(findTestObject("1-OBJECTS TAREAS PRINCIPALES/Modulo Tarea Compensacion/Crear Periodos Internos de Cada Nomina/input_Fecha Pago_popupNuevoPeriodopanelNominafechaPago_input"), "30/09/2021"): Text '30/09/2021' is set on object 'Object Repository/1-OBJECTS TAREAS PRINCIPALES/Modulo Tarea Compensacion/Crear Periodos Internos de Cada Nomina/input_Fecha Pago_popupNuevoPeriodopanelNominafechaPago_input'

2022-04-29 10:18:29 - [MESSAGE][PASSED] - Text '30/09/2021' is set on object 'Object Repository/1-OBJECTS TAREAS PRINCIPALES/Modulo Tarea Compensacion/Crear Periodos Internos de Cada Nomina/input_Fecha Pago_popupNuevoPeriodopanelNominafechaPago_input'

2022-04-29 10:18:29 - [TEST_STEP][PASSED] - selectOptionByIndex(findTestObject("1-OBJECTS TAREAS PRINCIPALES/Modulo Tarea Compensacion/Crear Periodos Internos de Cada Nomina/select_-- seleccione --Ciclo 0Ciclo 1Ciclo 2"), 1): All options with index in [1] are selected on object 'Object Repository/1-OBJECTS TAREAS PRINCIPALES/Modulo Tarea Compensacion/Crear Periodos Internos de Cada Nomina/select_-- seleccione --Ciclo 0Ciclo 1Ciclo 2'

2022-04-29 10:18:30 - [MESSAGE][PASSED] - All options with index in [1] are selected on object 'Object Repository/1-OBJECTS TAREAS PRINCIPALES/Modulo Tarea Compensacion/Crear Periodos Internos de Cada Nomina/select_-- seleccione --Ciclo 0Ciclo 1Ciclo 2'

2022-04-29 10:18:30 - [TEST_STEP][PASSED] - selectOptionByIndex(findTestObject("1-OBJECTS TAREAS PRINCIPALES/Modulo Tarea Compensacion/Crear Periodos Internos de Cada Nomina/select_Periodo AbonadoPeriodo CerradoPeriodo en ProcesoPeriodo no Generado"), 0): All options with index in [0] are selected on object 'Object Repository/1-OBJECTS TAREAS PRINCIPALES/Modulo Tarea Compensacion/Crear Periodos Internos de Cada Nomina/select_Periodo AbonadoPeriodo CerradoPeriodo en ProcesoPeriodo no Generado'

2022-04-29 10:18:31 - [MESSAGE][PASSED] - All options with index in [0] are selected on object 'Object Repository/1-OBJECTS TAREAS PRINCIPALES/Modulo Tarea Compensacion/Crear Periodos Internos de Cada Nomina/select_Periodo AbonadoPeriodo CerradoPeriodo en ProcesoPeriodo no Generado'

2022-04-29 10:18:31 - [TEST_STEP][PASSED] - selectOptionByIndex(findTestObject("1-OBJECTS TAREAS PRINCIPALES/Modulo Tarea Compensacion/Crear Periodos Internos de Cada Nomina/select_CausadoPagado"), 0): All options with index in [0] are selected on object 'Object Repository/1-OBJECTS TAREAS PRINCIPALES/Modulo Tarea Compensacion/Crear Periodos Internos de Cada Nomina/select_CausadoPagado'

2022-04-29 10:18:32 - [MESSAGE][PASSED] - All options with index in [0] are selected on object 'Object Repository/1-OBJECTS TAREAS PRINCIPALES/Modulo Tarea Compensacion/Crear Periodos Internos de Cada Nomina/select_CausadoPagado'

2022-04-29 10:18:32 - [TEST_STEP][PASSED] - click(findTestObject("1-OBJECTS TAREAS PRINCIPALES/Modulo Tarea Compensacion/Crear Periodos Internos de Cada Nomina/a_Guardar")): Object: 'Object Repository/1-OBJECTS TAREAS PRINCIPALES/Modulo Tarea Compensacion/Crear Periodos Internos de Cada Nomina/a_Guardar' is clicked on

2022-04-29 10:18:33 - [MESSAGE][PASSED] - Object: 'Object Repository/1-OBJECTS TAREAS PRINCIPALES/Modulo Tarea Compensacion/Crear Periodos Internos de Cada Nomina/a_Guardar' is clicked on

2022-04-29 10:18:33 - [TEST_STEP][PASSED] - Alerta = getText(findTestObject("3-OBJECTS UTILIDADES/Alerta/Alerta")): Text of object 'Object Repository/3-OBJECTS UTILIDADES/Alerta/Alerta' is: 'Registro guardado'

2022-04-29 10:18:33 - [MESSAGE][PASSED] - Text of object 'Object Repository/3-OBJECTS UTILIDADES/Alerta/Alerta' is: 'Registro guardado'

2022-04-29 10:18:33 - [TEST_STEP][PASSED] - if (Alerta == "Registro guardado"): Browser is closed

2022-04-29 10:18:33 - [TEST_STEP][PASSED] - closeBrowser(): Browser is closed

2022-04-29 10:18:34 - [MESSAGE][PASSED] - Browser is closed]]></system-out>
         <system-err><![CDATA[]]></system-err>
      </testcase>
      <testcase name="Test Cases/1.1-Tareas Principales/1.1.5-Generacion Periodos Internos de cada Nomina" time="27.824" classname="Test Cases/1.1-Tareas Principales/1.1.5-Generacion Periodos Internos de cada Nomina" status="PASSED">
         <system-out><![CDATA[2022-04-29 10:18:34 - [TEST_CASE][PASSED] - Test Cases/1.1-Tareas Principales/1.1.5-Generacion Periodos Internos de cada Nomina: Test Cases/1.1-Tareas Principales/1.1.5-Generacion Periodos Internos de cada Nomina

2022-04-29 10:18:35 - [TEST_STEP][PASSED] - today = new java.util.Date(): null

2022-04-29 10:18:35 - [TEST_STEP][PASSED] - todaysDate = today.format("dd/MM/yyyy"): null

2022-04-29 10:18:35 - [TEST_STEP][PASSED] - projectName = "Regression Project " + todaysDate: null

2022-04-29 10:18:35 - [TEST_STEP][PASSED] - callTestCase(findTestCase("Utilidades-(atajos_para _tareas)/Tareas Administracion Compensacion/Tarea Mantenimieto Periodo Nomina"), [:], STOP_ON_FAILURE): Call Test Case 'Test Cases/Utilidades-(atajos_para _tareas)/Tareas Administracion Compensacion/Tarea Mantenimieto Periodo Nomina' successfully

2022-04-29 10:18:35 - [TEST_CASE][PASSED] - Test Cases/Utilidades-(atajos_para _tareas)/Tareas Administracion Compensacion/Tarea Mantenimieto Periodo Nomina: Test Cases/Utilidades-(atajos_para _tareas)/Tareas Administracion Compensacion/Tarea Mantenimieto Periodo Nomina

2022-04-29 10:18:35 - [TEST_STEP][PASSED] - callTestCase(findTestCase("0.1-Login"), [:], STOP_ON_FAILURE): Call Test Case 'Test Cases/0.1-Login' successfully

2022-04-29 10:18:35 - [TEST_CASE][PASSED] - Test Cases/0.1-Login: Test Cases/0.1-Login

2022-04-29 10:18:35 - [TEST_STEP][PASSED] - openBrowser(""): Browser is opened with url: ''

2022-04-29 10:18:35 - [MESSAGE][INFO] - Starting 'Chrome' driver

2022-04-29 10:18:35 - [MESSAGE][INFO] - Action delay is set to 0 milliseconds

2022-04-29 10:18:36 - [MESSAGE][PASSED] - Browser is opened with url: ''

2022-04-29 10:18:36 - [TEST_STEP][PASSED] - maximizeWindow(): Current window maximized

2022-04-29 10:18:36 - [MESSAGE][PASSED] - Current window maximized

2022-04-29 10:18:36 - [TEST_STEP][PASSED] - i = G_Login: null

2022-04-29 10:18:36 - [TEST_STEP][PASSED] - url = new java.net.URL(i): null

2022-04-29 10:18:36 - [TEST_STEP][PASSED] - println("URL: " + url.toString()): null

2022-04-29 10:18:36 - [TEST_STEP][PASSED] - connection = url.openConnection(): null

2022-04-29 10:18:36 - [TEST_STEP][PASSED] - connection.setRequestMethod("GET"): null

2022-04-29 10:18:36 - [TEST_STEP][PASSED] - connection.setReadTimeout(2 * 1000): null

2022-04-29 10:18:36 - [TEST_STEP][PASSED] - try: null

2022-04-29 10:18:36 - [TEST_STEP][PASSED] - connection.connect(): null

2022-04-29 10:18:36 - [TEST_STEP][PASSED] - flag = connected: null

2022-04-29 10:18:36 - [TEST_STEP][PASSED] - println("Valor_ori: " + flag): null

2022-04-29 10:18:36 - [TEST_STEP][PASSED] - if (flag): null

2022-04-29 10:18:36 - [TEST_STEP][PASSED] - navigateToUrl(i): Navigate to 'http://192.168.2.19:8380/saraweb' successfully

2022-04-29 10:18:37 - [MESSAGE][PASSED] - Navigate to 'http://192.168.2.19:8380/saraweb' successfully

2022-04-29 10:18:37 - [TEST_STEP][PASSED] - a(): null

2022-04-29 10:18:37 - [TEST_STEP][PASSED] - setText(findTestObject("3-OBJECTS UTILIDADES/Login/input_USUARIO_loginusuario"), G_Usuario): Text 'saraadmin' is set on object 'Object Repository/3-OBJECTS UTILIDADES/Login/input_USUARIO_loginusuario'

2022-04-29 10:18:38 - [MESSAGE][PASSED] - Text 'saraadmin' is set on object 'Object Repository/3-OBJECTS UTILIDADES/Login/input_USUARIO_loginusuario'

2022-04-29 10:18:38 - [TEST_STEP][PASSED] - setEncryptedText(findTestObject("3-OBJECTS UTILIDADES/Login/input_CLAVE_loginpassword"), "MkG4/TYiCFC3cb2driP7+Q=="): Text ****** has been set on object 'Object Repository/3-OBJECTS UTILIDADES/Login/input_CLAVE_loginpassword'

2022-04-29 10:18:38 - [MESSAGE][PASSED] - Text ****** has been set on object 'Object Repository/3-OBJECTS UTILIDADES/Login/input_CLAVE_loginpassword'

2022-04-29 10:18:38 - [TEST_STEP][PASSED] - waitForElementClickable(findTestObject("3-OBJECTS UTILIDADES/Login/a_Ingresar"), G_TimeOut): Object 'Object Repository/3-OBJECTS UTILIDADES/Login/a_Ingresar' is clickable

2022-04-29 10:18:38 - [MESSAGE][PASSED] - Object 'Object Repository/3-OBJECTS UTILIDADES/Login/a_Ingresar' is clickable

2022-04-29 10:18:38 - [TEST_STEP][PASSED] - click(findTestObject("3-OBJECTS UTILIDADES/Login/a_Ingresar")): Object: 'Object Repository/3-OBJECTS UTILIDADES/Login/a_Ingresar' is clicked on

2022-04-29 10:18:40 - [MESSAGE][PASSED] - Object: 'Object Repository/3-OBJECTS UTILIDADES/Login/a_Ingresar' is clicked on

2022-04-29 10:18:40 - [TEST_STEP][PASSED] - element = findWebElement(findTestObject("3-OBJECTS UTILIDADES/Login/a_Ir"), 30): null

2022-04-29 10:18:40 - [TEST_STEP][PASSED] - executeJavaScript("arguments[0].click()", Arrays.asList(element)): Execute JavaScript 'arguments[0].click()' successfully

2022-04-29 10:18:40 - [MESSAGE][PASSED] - Execute JavaScript 'arguments[0].click()' successfully

2022-04-29 10:18:40 - [MESSAGE][PASSED] - Call Test Case 'Test Cases/0.1-Login' successfully

2022-04-29 10:18:40 - [TEST_STEP][PASSED] - waitForElementClickable(findTestObject("1-OBJECTS TAREAS PRINCIPALES/Modulo Tarea Compensacion/Tarea Mantenimieto Periodo Nomina/input_Actos Administrativos_form_templatej_idt24_input"), G_TimeOut): Object 'Object Repository/1-OBJECTS TAREAS PRINCIPALES/Modulo Tarea Compensacion/Tarea Mantenimieto Periodo Nomina/input_Actos Administrativos_form_templatej_idt24_input' is clickable

2022-04-29 10:18:41 - [MESSAGE][PASSED] - Object 'Object Repository/1-OBJECTS TAREAS PRINCIPALES/Modulo Tarea Compensacion/Tarea Mantenimieto Periodo Nomina/input_Actos Administrativos_form_templatej_idt24_input' is clickable

2022-04-29 10:18:41 - [TEST_STEP][PASSED] - setText(findTestObject("1-OBJECTS TAREAS PRINCIPALES/Modulo Tarea Compensacion/Tarea Mantenimieto Periodo Nomina/input_Actos Administrativos_form_templatej_idt24_input"), "Mantenimiento Periodo"): Text 'Mantenimiento Periodo' is set on object 'Object Repository/1-OBJECTS TAREAS PRINCIPALES/Modulo Tarea Compensacion/Tarea Mantenimieto Periodo Nomina/input_Actos Administrativos_form_templatej_idt24_input'

2022-04-29 10:18:41 - [MESSAGE][PASSED] - Text 'Mantenimiento Periodo' is set on object 'Object Repository/1-OBJECTS TAREAS PRINCIPALES/Modulo Tarea Compensacion/Tarea Mantenimieto Periodo Nomina/input_Actos Administrativos_form_templatej_idt24_input'

2022-04-29 10:18:41 - [TEST_STEP][PASSED] - waitForElementVisible(findTestObject("1-OBJECTS TAREAS PRINCIPALES/Modulo Tarea Compensacion/Tarea Mantenimieto Periodo Nomina/span_Mantenimiento Periodo"), 0): Object 'Object Repository/1-OBJECTS TAREAS PRINCIPALES/Modulo Tarea Compensacion/Tarea Mantenimieto Periodo Nomina/span_Mantenimiento Periodo' is visible

2022-04-29 10:18:42 - [MESSAGE][WARNING] - Timeout '0' is invalid. Using default page load timeout: '45'

2022-04-29 10:18:43 - [MESSAGE][PASSED] - Object 'Object Repository/1-OBJECTS TAREAS PRINCIPALES/Modulo Tarea Compensacion/Tarea Mantenimieto Periodo Nomina/span_Mantenimiento Periodo' is visible

2022-04-29 10:18:43 - [TEST_STEP][PASSED] - click(findTestObject("1-OBJECTS TAREAS PRINCIPALES/Modulo Tarea Compensacion/Tarea Mantenimieto Periodo Nomina/span_Mantenimiento Periodo")): Object: 'Object Repository/1-OBJECTS TAREAS PRINCIPALES/Modulo Tarea Compensacion/Tarea Mantenimieto Periodo Nomina/span_Mantenimiento Periodo' is clicked on

2022-04-29 10:18:43 - [MESSAGE][PASSED] - Object: 'Object Repository/1-OBJECTS TAREAS PRINCIPALES/Modulo Tarea Compensacion/Tarea Mantenimieto Periodo Nomina/span_Mantenimiento Periodo' is clicked on

2022-04-29 10:18:43 - [MESSAGE][PASSED] - Call Test Case 'Test Cases/Utilidades-(atajos_para _tareas)/Tareas Administracion Compensacion/Tarea Mantenimieto Periodo Nomina' successfully

2022-04-29 10:18:43 - [TEST_STEP][PASSED] - waitForElementClickable(findTestObject("1-OBJECTS TAREAS PRINCIPALES/Modulo Tarea Compensacion/Generacion Periodos Internos de Cada Nomina/span_NOMINA MENSUAL"), G_TimeOut): Object 'Object Repository/1-OBJECTS TAREAS PRINCIPALES/Modulo Tarea Compensacion/Generacion Periodos Internos de Cada Nomina/span_NOMINA MENSUAL' is clickable

2022-04-29 10:18:44 - [MESSAGE][PASSED] - Object 'Object Repository/1-OBJECTS TAREAS PRINCIPALES/Modulo Tarea Compensacion/Generacion Periodos Internos de Cada Nomina/span_NOMINA MENSUAL' is clickable

2022-04-29 10:18:44 - [TEST_STEP][PASSED] - click(findTestObject("1-OBJECTS TAREAS PRINCIPALES/Modulo Tarea Compensacion/Generacion Periodos Internos de Cada Nomina/span_NOMINA MENSUAL")): Object: 'Object Repository/1-OBJECTS TAREAS PRINCIPALES/Modulo Tarea Compensacion/Generacion Periodos Internos de Cada Nomina/span_NOMINA MENSUAL' is clicked on

2022-04-29 10:18:44 - [MESSAGE][PASSED] - Object: 'Object Repository/1-OBJECTS TAREAS PRINCIPALES/Modulo Tarea Compensacion/Generacion Periodos Internos de Cada Nomina/span_NOMINA MENSUAL' is clicked on

2022-04-29 10:18:44 - [TEST_STEP][PASSED] - if (waitForElementClickable(findTestObject("1-OBJECTS TAREAS PRINCIPALES/Modulo Tarea Compensacion/Generacion Periodos Internos de Cada Nomina/td_P. MensualAgosto2021"), 1)): null

2022-04-29 10:18:46 - [MESSAGE][PASSED] - Object 'Object Repository/1-OBJECTS TAREAS PRINCIPALES/Modulo Tarea Compensacion/Generacion Periodos Internos de Cada Nomina/td_P. MensualAgosto2021' is clickable

2022-04-29 10:18:46 - [TEST_STEP][PASSED] - click(findTestObject("1-OBJECTS TAREAS PRINCIPALES/Modulo Tarea Compensacion/Generacion Periodos Internos de Cada Nomina/td_P. MensualAgosto2021")): Object: 'Object Repository/1-OBJECTS TAREAS PRINCIPALES/Modulo Tarea Compensacion/Generacion Periodos Internos de Cada Nomina/td_P. MensualAgosto2021' is clicked on

2022-04-29 10:18:46 - [MESSAGE][PASSED] - Object: 'Object Repository/1-OBJECTS TAREAS PRINCIPALES/Modulo Tarea Compensacion/Generacion Periodos Internos de Cada Nomina/td_P. MensualAgosto2021' is clicked on

2022-04-29 10:18:46 - [TEST_STEP][PASSED] - waitForElementClickable(findTestObject("1-OBJECTS TAREAS PRINCIPALES/Modulo Tarea Compensacion/Generacion Periodos Internos de Cada Nomina/a_Eliminar_Periodo Agosto"), 0): Object 'Object Repository/1-OBJECTS TAREAS PRINCIPALES/Modulo Tarea Compensacion/Generacion Periodos Internos de Cada Nomina/a_Eliminar_Periodo Agosto' is clickable

2022-04-29 10:18:46 - [MESSAGE][WARNING] - Timeout '0' is invalid. Using default page load timeout: '45'

2022-04-29 10:18:47 - [MESSAGE][PASSED] - Object 'Object Repository/1-OBJECTS TAREAS PRINCIPALES/Modulo Tarea Compensacion/Generacion Periodos Internos de Cada Nomina/a_Eliminar_Periodo Agosto' is clickable

2022-04-29 10:18:47 - [TEST_STEP][PASSED] - click(findTestObject("1-OBJECTS TAREAS PRINCIPALES/Modulo Tarea Compensacion/Generacion Periodos Internos de Cada Nomina/a_Eliminar_Periodo Agosto")): Object: 'Object Repository/1-OBJECTS TAREAS PRINCIPALES/Modulo Tarea Compensacion/Generacion Periodos Internos de Cada Nomina/a_Eliminar_Periodo Agosto' is clicked on

2022-04-29 10:18:47 - [MESSAGE][PASSED] - Object: 'Object Repository/1-OBJECTS TAREAS PRINCIPALES/Modulo Tarea Compensacion/Generacion Periodos Internos de Cada Nomina/a_Eliminar_Periodo Agosto' is clicked on

2022-04-29 10:18:47 - [TEST_STEP][PASSED] - click(findTestObject("1-OBJECTS TAREAS PRINCIPALES/Modulo Tarea Compensacion/Generacion Periodos Internos de Cada Nomina/a_Aceptar_ELiminar_Agosto")): Object: 'Object Repository/1-OBJECTS TAREAS PRINCIPALES/Modulo Tarea Compensacion/Generacion Periodos Internos de Cada Nomina/a_Aceptar_ELiminar_Agosto' is clicked on

2022-04-29 10:18:48 - [MESSAGE][PASSED] - Object: 'Object Repository/1-OBJECTS TAREAS PRINCIPALES/Modulo Tarea Compensacion/Generacion Periodos Internos de Cada Nomina/a_Aceptar_ELiminar_Agosto' is clicked on

2022-04-29 10:18:48 - [TEST_STEP][PASSED] - if (waitForElementVisible(findTestObject("1-OBJECTS TAREAS PRINCIPALES/Modulo Tarea Compensacion/Generacion Periodos Internos de Cada Nomina/td_P. MensualSeptiembre2021"), 1)): Web element with id: 'Object Repository/1-OBJECTS TAREAS PRINCIPALES/Modulo Tarea Compensacion/Generacion Periodos Internos de Cada Nomina/td_P. MensualSeptiembre2021' located by '//*/text()[normalize-space(.)='P. MensualSeptiembre2021']/parent::*' not found

2022-04-29 10:18:50 - [MESSAGE][INFO] - Unable to find the element located by 'By.xpath: //*/text()[normalize-space(.)='P. MensualSeptiembre2021']/parent::*'. Please recheck the objects properties to make sure the desired element is located. 

2022-04-29 10:18:50 - [MESSAGE][WARNING] - Web element with id: 'Object Repository/1-OBJECTS TAREAS PRINCIPALES/Modulo Tarea Compensacion/Generacion Periodos Internos de Cada Nomina/td_P. MensualSeptiembre2021' located by '//*/text()[normalize-space(.)='P. MensualSeptiembre2021']/parent::*' not found

2022-04-29 10:18:50 - [TEST_STEP][PASSED] - waitForElementClickable(findTestObject("1-OBJECTS TAREAS PRINCIPALES/Modulo Tarea Compensacion/Generacion Periodos Internos de Cada Nomina/a_Generar Periodicidad"), G_TimeOut): Object 'Object Repository/1-OBJECTS TAREAS PRINCIPALES/Modulo Tarea Compensacion/Generacion Periodos Internos de Cada Nomina/a_Generar Periodicidad' is clickable

2022-04-29 10:18:50 - [MESSAGE][PASSED] - Object 'Object Repository/1-OBJECTS TAREAS PRINCIPALES/Modulo Tarea Compensacion/Generacion Periodos Internos de Cada Nomina/a_Generar Periodicidad' is clickable

2022-04-29 10:18:50 - [TEST_STEP][PASSED] - click(findTestObject("1-OBJECTS TAREAS PRINCIPALES/Modulo Tarea Compensacion/Generacion Periodos Internos de Cada Nomina/a_Generar Periodicidad")): Object: 'Object Repository/1-OBJECTS TAREAS PRINCIPALES/Modulo Tarea Compensacion/Generacion Periodos Internos de Cada Nomina/a_Generar Periodicidad' is clicked on

2022-04-29 10:18:51 - [MESSAGE][PASSED] - Object: 'Object Repository/1-OBJECTS TAREAS PRINCIPALES/Modulo Tarea Compensacion/Generacion Periodos Internos de Cada Nomina/a_Generar Periodicidad' is clicked on

2022-04-29 10:18:51 - [TEST_STEP][PASSED] - setText(findTestObject("1-OBJECTS TAREAS PRINCIPALES/Modulo Tarea Compensacion/Generacion Periodos Internos de Cada Nomina/input_Descripcin Periodo_formPoGePepoGePePeriodicidadDescripcion"), "P. Mensual"): Text 'P. Mensual' is set on object 'Object Repository/1-OBJECTS TAREAS PRINCIPALES/Modulo Tarea Compensacion/Generacion Periodos Internos de Cada Nomina/input_Descripcin Periodo_formPoGePepoGePePeriodicidadDescripcion'

2022-04-29 10:18:52 - [MESSAGE][PASSED] - Text 'P. Mensual' is set on object 'Object Repository/1-OBJECTS TAREAS PRINCIPALES/Modulo Tarea Compensacion/Generacion Periodos Internos de Cada Nomina/input_Descripcin Periodo_formPoGePepoGePePeriodicidadDescripcion'

2022-04-29 10:18:52 - [TEST_STEP][PASSED] - selectOptionByIndex(findTestObject("1-OBJECTS TAREAS PRINCIPALES/Modulo Tarea Compensacion/Generacion Periodos Internos de Cada Nomina/select_--Seleccione--CatorcenalMensualQuincenalSemanal"), "2"): All options with index in [2] are selected on object 'Object Repository/1-OBJECTS TAREAS PRINCIPALES/Modulo Tarea Compensacion/Generacion Periodos Internos de Cada Nomina/select_--Seleccione--CatorcenalMensualQuincenalSemanal'

2022-04-29 10:18:53 - [MESSAGE][PASSED] - All options with index in [2] are selected on object 'Object Repository/1-OBJECTS TAREAS PRINCIPALES/Modulo Tarea Compensacion/Generacion Periodos Internos de Cada Nomina/select_--Seleccione--CatorcenalMensualQuincenalSemanal'

2022-04-29 10:18:53 - [TEST_STEP][PASSED] - waitForElementClickable(findTestObject("1-OBJECTS TAREAS PRINCIPALES/Modulo Tarea Compensacion/Generacion Periodos Internos de Cada Nomina/input_Prefijo_formPoGePeprefijo"), G_TimeOut): Object 'Object Repository/1-OBJECTS TAREAS PRINCIPALES/Modulo Tarea Compensacion/Generacion Periodos Internos de Cada Nomina/input_Prefijo_formPoGePeprefijo' is clickable

2022-04-29 10:18:53 - [MESSAGE][PASSED] - Object 'Object Repository/1-OBJECTS TAREAS PRINCIPALES/Modulo Tarea Compensacion/Generacion Periodos Internos de Cada Nomina/input_Prefijo_formPoGePeprefijo' is clickable

2022-04-29 10:18:53 - [TEST_STEP][PASSED] - click(findTestObject("1-OBJECTS TAREAS PRINCIPALES/Modulo Tarea Compensacion/Generacion Periodos Internos de Cada Nomina/input_Prefijo_formPoGePeprefijo")): Object: 'Object Repository/1-OBJECTS TAREAS PRINCIPALES/Modulo Tarea Compensacion/Generacion Periodos Internos de Cada Nomina/input_Prefijo_formPoGePeprefijo' is clicked on

2022-04-29 10:18:54 - [MESSAGE][PASSED] - Object: 'Object Repository/1-OBJECTS TAREAS PRINCIPALES/Modulo Tarea Compensacion/Generacion Periodos Internos de Cada Nomina/input_Prefijo_formPoGePeprefijo' is clicked on

2022-04-29 10:18:54 - [TEST_STEP][PASSED] - setText(findTestObject("1-OBJECTS TAREAS PRINCIPALES/Modulo Tarea Compensacion/Generacion Periodos Internos de Cada Nomina/input_Prefijo_formPoGePeprefijo"), "PM"): Text 'PM' is set on object 'Object Repository/1-OBJECTS TAREAS PRINCIPALES/Modulo Tarea Compensacion/Generacion Periodos Internos de Cada Nomina/input_Prefijo_formPoGePeprefijo'

2022-04-29 10:18:54 - [MESSAGE][PASSED] - Text 'PM' is set on object 'Object Repository/1-OBJECTS TAREAS PRINCIPALES/Modulo Tarea Compensacion/Generacion Periodos Internos de Cada Nomina/input_Prefijo_formPoGePeprefijo'

2022-04-29 10:18:54 - [TEST_STEP][PASSED] - setText(findTestObject("1-OBJECTS TAREAS PRINCIPALES/Modulo Tarea Compensacion/Generacion Periodos Internos de Cada Nomina/input_Fecha Inicial_formPoGePepoGePeFechaInicial_input"), "01/09/2021"): Text '01/09/2021' is set on object 'Object Repository/1-OBJECTS TAREAS PRINCIPALES/Modulo Tarea Compensacion/Generacion Periodos Internos de Cada Nomina/input_Fecha Inicial_formPoGePepoGePeFechaInicial_input'

2022-04-29 10:18:55 - [MESSAGE][PASSED] - Text '01/09/2021' is set on object 'Object Repository/1-OBJECTS TAREAS PRINCIPALES/Modulo Tarea Compensacion/Generacion Periodos Internos de Cada Nomina/input_Fecha Inicial_formPoGePepoGePeFechaInicial_input'

2022-04-29 10:18:55 - [TEST_STEP][PASSED] - setText(findTestObject("1-OBJECTS TAREAS PRINCIPALES/Modulo Tarea Compensacion/Generacion Periodos Internos de Cada Nomina/input_Fecha Final_formPoGePepoGePeFechaFinal_input"), "30/09/2021"): Text '30/09/2021' is set on object 'Object Repository/1-OBJECTS TAREAS PRINCIPALES/Modulo Tarea Compensacion/Generacion Periodos Internos de Cada Nomina/input_Fecha Final_formPoGePepoGePeFechaFinal_input'

2022-04-29 10:18:56 - [MESSAGE][PASSED] - Text '30/09/2021' is set on object 'Object Repository/1-OBJECTS TAREAS PRINCIPALES/Modulo Tarea Compensacion/Generacion Periodos Internos de Cada Nomina/input_Fecha Final_formPoGePepoGePeFechaFinal_input'

2022-04-29 10:18:56 - [TEST_STEP][PASSED] - waitForElementClickable(findTestObject("1-OBJECTS TAREAS PRINCIPALES/Modulo Tarea Compensacion/Generacion Periodos Internos de Cada Nomina/a_Generar"), G_TimeOut): Object 'Object Repository/1-OBJECTS TAREAS PRINCIPALES/Modulo Tarea Compensacion/Generacion Periodos Internos de Cada Nomina/a_Generar' is clickable

2022-04-29 10:18:57 - [MESSAGE][PASSED] - Object 'Object Repository/1-OBJECTS TAREAS PRINCIPALES/Modulo Tarea Compensacion/Generacion Periodos Internos de Cada Nomina/a_Generar' is clickable

2022-04-29 10:18:57 - [TEST_STEP][PASSED] - click(findTestObject("1-OBJECTS TAREAS PRINCIPALES/Modulo Tarea Compensacion/Generacion Periodos Internos de Cada Nomina/a_Generar")): Object: 'Object Repository/1-OBJECTS TAREAS PRINCIPALES/Modulo Tarea Compensacion/Generacion Periodos Internos de Cada Nomina/a_Generar' is clicked on

2022-04-29 10:18:57 - [MESSAGE][PASSED] - Object: 'Object Repository/1-OBJECTS TAREAS PRINCIPALES/Modulo Tarea Compensacion/Generacion Periodos Internos de Cada Nomina/a_Generar' is clicked on

2022-04-29 10:18:57 - [TEST_STEP][PASSED] - waitForElementClickable(findTestObject("1-OBJECTS TAREAS PRINCIPALES/Modulo Tarea Compensacion/Generacion Periodos Internos de Cada Nomina/a_Guardar"), G_TimeOut): Object 'Object Repository/1-OBJECTS TAREAS PRINCIPALES/Modulo Tarea Compensacion/Generacion Periodos Internos de Cada Nomina/a_Guardar' is clickable

2022-04-29 10:18:58 - [MESSAGE][PASSED] - Object 'Object Repository/1-OBJECTS TAREAS PRINCIPALES/Modulo Tarea Compensacion/Generacion Periodos Internos de Cada Nomina/a_Guardar' is clickable

2022-04-29 10:18:58 - [TEST_STEP][PASSED] - click(findTestObject("1-OBJECTS TAREAS PRINCIPALES/Modulo Tarea Compensacion/Generacion Periodos Internos de Cada Nomina/a_Guardar")): Object: 'Object Repository/1-OBJECTS TAREAS PRINCIPALES/Modulo Tarea Compensacion/Generacion Periodos Internos de Cada Nomina/a_Guardar' is clicked on

2022-04-29 10:18:58 - [MESSAGE][PASSED] - Object: 'Object Repository/1-OBJECTS TAREAS PRINCIPALES/Modulo Tarea Compensacion/Generacion Periodos Internos de Cada Nomina/a_Guardar' is clicked on

2022-04-29 10:18:58 - [TEST_STEP][PASSED] - waitForElementVisible(findTestObject("1-OBJECTS TAREAS PRINCIPALES/Modulo Tarea Compensacion/Generacion Periodos Internos de Cada Nomina/td_P. MensualSeptiembre2021"), 0): Object 'Object Repository/1-OBJECTS TAREAS PRINCIPALES/Modulo Tarea Compensacion/Generacion Periodos Internos de Cada Nomina/td_P. MensualSeptiembre2021' is visible

2022-04-29 10:18:58 - [MESSAGE][WARNING] - Timeout '0' is invalid. Using default page load timeout: '45'

2022-04-29 10:18:59 - [MESSAGE][PASSED] - Object 'Object Repository/1-OBJECTS TAREAS PRINCIPALES/Modulo Tarea Compensacion/Generacion Periodos Internos de Cada Nomina/td_P. MensualSeptiembre2021' is visible

2022-04-29 10:18:59 - [TEST_STEP][PASSED] - click(findTestObject("1-OBJECTS TAREAS PRINCIPALES/Modulo Tarea Compensacion/Generacion Periodos Internos de Cada Nomina/td_P. MensualSeptiembre2021")): Object: 'Object Repository/1-OBJECTS TAREAS PRINCIPALES/Modulo Tarea Compensacion/Generacion Periodos Internos de Cada Nomina/td_P. MensualSeptiembre2021' is clicked on

2022-04-29 10:18:59 - [MESSAGE][PASSED] - Object: 'Object Repository/1-OBJECTS TAREAS PRINCIPALES/Modulo Tarea Compensacion/Generacion Periodos Internos de Cada Nomina/td_P. MensualSeptiembre2021' is clicked on

2022-04-29 10:18:59 - [TEST_STEP][PASSED] - click(findTestObject("1-OBJECTS TAREAS PRINCIPALES/Modulo Tarea Compensacion/Crear Periodos Internos de Cada Nomina/a_Eliminar")): Object: 'Object Repository/1-OBJECTS TAREAS PRINCIPALES/Modulo Tarea Compensacion/Crear Periodos Internos de Cada Nomina/a_Eliminar' is clicked on

2022-04-29 10:19:00 - [MESSAGE][PASSED] - Object: 'Object Repository/1-OBJECTS TAREAS PRINCIPALES/Modulo Tarea Compensacion/Crear Periodos Internos de Cada Nomina/a_Eliminar' is clicked on

2022-04-29 10:19:00 - [TEST_STEP][PASSED] - click(findTestObject("1-OBJECTS TAREAS PRINCIPALES/Modulo Tarea Compensacion/Crear Periodos Internos de Cada Nomina/a_Aceptar")): Object: 'Object Repository/1-OBJECTS TAREAS PRINCIPALES/Modulo Tarea Compensacion/Crear Periodos Internos de Cada Nomina/a_Aceptar' is clicked on

2022-04-29 10:19:01 - [MESSAGE][PASSED] - Object: 'Object Repository/1-OBJECTS TAREAS PRINCIPALES/Modulo Tarea Compensacion/Crear Periodos Internos de Cada Nomina/a_Aceptar' is clicked on

2022-04-29 10:19:01 - [TEST_STEP][PASSED] - Alerta = getText(findTestObject("3-OBJECTS UTILIDADES/Alerta/Alerta")): Text of object 'Object Repository/3-OBJECTS UTILIDADES/Alerta/Alerta' is: 'Se elimino el registro'

2022-04-29 10:19:01 - [MESSAGE][PASSED] - Text of object 'Object Repository/3-OBJECTS UTILIDADES/Alerta/Alerta' is: 'Se elimino el registro'

2022-04-29 10:19:01 - [TEST_STEP][PASSED] - if (Alerta == "Se elimino el registro"): Browser is closed

2022-04-29 10:19:01 - [TEST_STEP][PASSED] - closeBrowser(): Browser is closed

2022-04-29 10:19:02 - [MESSAGE][PASSED] - Browser is closed]]></system-out>
         <system-err><![CDATA[]]></system-err>
      </testcase>
      <testcase name="Test Cases/1.1-Tareas Principales/1.1.6-crear vacaciones" time="56.887" classname="Test Cases/1.1-Tareas Principales/1.1.6-crear vacaciones" status="PASSED">
         <system-out><![CDATA[2022-04-29 10:19:02 - [TEST_CASE][PASSED] - Test Cases/1.1-Tareas Principales/1.1.6-crear vacaciones: Test Cases/1.1-Tareas Principales/1.1.6-crear vacaciones

2022-04-29 10:19:02 - [TEST_STEP][PASSED] - callTestCase(findTestCase("Utilidades-(atajos_para _tareas)/Tareas Administracion Compensacion/Tarea Listado Empleados"), [:], STOP_ON_FAILURE): Call Test Case 'Test Cases/Utilidades-(atajos_para _tareas)/Tareas Administracion Compensacion/Tarea Listado Empleados' successfully

2022-04-29 10:19:02 - [TEST_CASE][PASSED] - Test Cases/Utilidades-(atajos_para _tareas)/Tareas Administracion Compensacion/Tarea Listado Empleados: Test Cases/Utilidades-(atajos_para _tareas)/Tareas Administracion Compensacion/Tarea Listado Empleados

2022-04-29 10:19:03 - [TEST_STEP][PASSED] - callTestCase(findTestCase("0.1-Login"), [:], STOP_ON_FAILURE): Call Test Case 'Test Cases/0.1-Login' successfully

2022-04-29 10:19:03 - [TEST_CASE][PASSED] - Test Cases/0.1-Login: Test Cases/0.1-Login

2022-04-29 10:19:03 - [TEST_STEP][PASSED] - openBrowser(""): Browser is opened with url: ''

2022-04-29 10:19:03 - [MESSAGE][INFO] - Starting 'Chrome' driver

2022-04-29 10:19:03 - [MESSAGE][INFO] - Action delay is set to 0 milliseconds

2022-04-29 10:19:04 - [MESSAGE][PASSED] - Browser is opened with url: ''

2022-04-29 10:19:04 - [TEST_STEP][PASSED] - maximizeWindow(): Current window maximized

2022-04-29 10:19:04 - [MESSAGE][PASSED] - Current window maximized

2022-04-29 10:19:04 - [TEST_STEP][PASSED] - i = G_Login: null

2022-04-29 10:19:04 - [TEST_STEP][PASSED] - url = new java.net.URL(i): null

2022-04-29 10:19:04 - [TEST_STEP][PASSED] - println("URL: " + url.toString()): null

2022-04-29 10:19:04 - [TEST_STEP][PASSED] - connection = url.openConnection(): null

2022-04-29 10:19:04 - [TEST_STEP][PASSED] - connection.setRequestMethod("GET"): null

2022-04-29 10:19:04 - [TEST_STEP][PASSED] - connection.setReadTimeout(2 * 1000): null

2022-04-29 10:19:04 - [TEST_STEP][PASSED] - try: null

2022-04-29 10:19:04 - [TEST_STEP][PASSED] - connection.connect(): null

2022-04-29 10:19:04 - [TEST_STEP][PASSED] - flag = connected: null

2022-04-29 10:19:04 - [TEST_STEP][PASSED] - println("Valor_ori: " + flag): null

2022-04-29 10:19:04 - [TEST_STEP][PASSED] - if (flag): null

2022-04-29 10:19:04 - [TEST_STEP][PASSED] - navigateToUrl(i): Navigate to 'http://192.168.2.19:8380/saraweb' successfully

2022-04-29 10:19:05 - [MESSAGE][PASSED] - Navigate to 'http://192.168.2.19:8380/saraweb' successfully

2022-04-29 10:19:05 - [TEST_STEP][PASSED] - a(): null

2022-04-29 10:19:05 - [TEST_STEP][PASSED] - setText(findTestObject("3-OBJECTS UTILIDADES/Login/input_USUARIO_loginusuario"), G_Usuario): Text 'saraadmin' is set on object 'Object Repository/3-OBJECTS UTILIDADES/Login/input_USUARIO_loginusuario'

2022-04-29 10:19:06 - [MESSAGE][PASSED] - Text 'saraadmin' is set on object 'Object Repository/3-OBJECTS UTILIDADES/Login/input_USUARIO_loginusuario'

2022-04-29 10:19:06 - [TEST_STEP][PASSED] - setEncryptedText(findTestObject("3-OBJECTS UTILIDADES/Login/input_CLAVE_loginpassword"), "MkG4/TYiCFC3cb2driP7+Q=="): Text ****** has been set on object 'Object Repository/3-OBJECTS UTILIDADES/Login/input_CLAVE_loginpassword'

2022-04-29 10:19:06 - [MESSAGE][PASSED] - Text ****** has been set on object 'Object Repository/3-OBJECTS UTILIDADES/Login/input_CLAVE_loginpassword'

2022-04-29 10:19:06 - [TEST_STEP][PASSED] - waitForElementClickable(findTestObject("3-OBJECTS UTILIDADES/Login/a_Ingresar"), G_TimeOut): Object 'Object Repository/3-OBJECTS UTILIDADES/Login/a_Ingresar' is clickable

2022-04-29 10:19:06 - [MESSAGE][PASSED] - Object 'Object Repository/3-OBJECTS UTILIDADES/Login/a_Ingresar' is clickable

2022-04-29 10:19:06 - [TEST_STEP][PASSED] - click(findTestObject("3-OBJECTS UTILIDADES/Login/a_Ingresar")): Object: 'Object Repository/3-OBJECTS UTILIDADES/Login/a_Ingresar' is clicked on

2022-04-29 10:19:08 - [MESSAGE][PASSED] - Object: 'Object Repository/3-OBJECTS UTILIDADES/Login/a_Ingresar' is clicked on

2022-04-29 10:19:08 - [TEST_STEP][PASSED] - element = findWebElement(findTestObject("3-OBJECTS UTILIDADES/Login/a_Ir"), 30): null

2022-04-29 10:19:08 - [TEST_STEP][PASSED] - executeJavaScript("arguments[0].click()", Arrays.asList(element)): Execute JavaScript 'arguments[0].click()' successfully

2022-04-29 10:19:08 - [MESSAGE][PASSED] - Execute JavaScript 'arguments[0].click()' successfully

2022-04-29 10:19:08 - [MESSAGE][PASSED] - Call Test Case 'Test Cases/0.1-Login' successfully

2022-04-29 10:19:08 - [TEST_STEP][PASSED] - setText(findTestObject("1-OBJECTS TAREAS PRINCIPALES/Modulo Tarea Listado Hojas de Vida/Tareas Listado Hojas de Vida/input_Listado Hojas De Vida_form_templatej_idt24_input"), "Listado de Empleados"): Text 'Listado de Empleados' is set on object 'Object Repository/1-OBJECTS TAREAS PRINCIPALES/Modulo Tarea Listado Hojas de Vida/Tareas Listado Hojas de Vida/input_Listado Hojas De Vida_form_templatej_idt24_input'

2022-04-29 10:19:09 - [MESSAGE][PASSED] - Text 'Listado de Empleados' is set on object 'Object Repository/1-OBJECTS TAREAS PRINCIPALES/Modulo Tarea Listado Hojas de Vida/Tareas Listado Hojas de Vida/input_Listado Hojas De Vida_form_templatej_idt24_input'

2022-04-29 10:19:09 - [TEST_STEP][PASSED] - waitForElementVisible(findTestObject("1-OBJECTS TAREAS PRINCIPALES/Modulo Tarea Listado Hojas de Vida/Tareas Listado Hojas de Vida/span_Listado de Empleados"), 0): Object 'Object Repository/1-OBJECTS TAREAS PRINCIPALES/Modulo Tarea Listado Hojas de Vida/Tareas Listado Hojas de Vida/span_Listado de Empleados' is visible

2022-04-29 10:19:09 - [MESSAGE][WARNING] - Timeout '0' is invalid. Using default page load timeout: '45'

2022-04-29 10:19:11 - [MESSAGE][PASSED] - Object 'Object Repository/1-OBJECTS TAREAS PRINCIPALES/Modulo Tarea Listado Hojas de Vida/Tareas Listado Hojas de Vida/span_Listado de Empleados' is visible

2022-04-29 10:19:11 - [TEST_STEP][PASSED] - click(findTestObject("1-OBJECTS TAREAS PRINCIPALES/Modulo Tarea Listado Hojas de Vida/Tareas Listado Hojas de Vida/span_Listado de Empleados")): Object: 'Object Repository/1-OBJECTS TAREAS PRINCIPALES/Modulo Tarea Listado Hojas de Vida/Tareas Listado Hojas de Vida/span_Listado de Empleados' is clicked on

2022-04-29 10:19:11 - [MESSAGE][PASSED] - Object: 'Object Repository/1-OBJECTS TAREAS PRINCIPALES/Modulo Tarea Listado Hojas de Vida/Tareas Listado Hojas de Vida/span_Listado de Empleados' is clicked on

2022-04-29 10:19:11 - [MESSAGE][PASSED] - Call Test Case 'Test Cases/Utilidades-(atajos_para _tareas)/Tareas Administracion Compensacion/Tarea Listado Empleados' successfully

2022-04-29 10:19:11 - [TEST_STEP][PASSED] - setText(findTestObject("1-OBJECTS TAREAS PRINCIPALES/Modulo Tarea Compensacion/Dias con Permisos Pasivos Permitidos/input_Identificacin_listadoEmpleadoIdentificacionEmpleado"), "1234567890"): Text '1234567890' is set on object 'Object Repository/1-OBJECTS TAREAS PRINCIPALES/Modulo Tarea Compensacion/Dias con Permisos Pasivos Permitidos/input_Identificacin_listadoEmpleadoIdentificacionEmpleado'

2022-04-29 10:19:13 - [MESSAGE][PASSED] - Text '1234567890' is set on object 'Object Repository/1-OBJECTS TAREAS PRINCIPALES/Modulo Tarea Compensacion/Dias con Permisos Pasivos Permitidos/input_Identificacin_listadoEmpleadoIdentificacionEmpleado'

2022-04-29 10:19:13 - [TEST_STEP][PASSED] - sendKeys(findTestObject("1-OBJECTS TAREAS PRINCIPALES/Modulo Tarea Compensacion/Dias con Permisos Pasivos Permitidos/input_Identificacin_listadoEmpleadoIdentificacionEmpleado"), Keys.chord(ENTER)): Keys 'ENTER + ' sent to object: 'Object Repository/1-OBJECTS TAREAS PRINCIPALES/Modulo Tarea Compensacion/Dias con Permisos Pasivos Permitidos/input_Identificacin_listadoEmpleadoIdentificacionEmpleado'

2022-04-29 10:19:13 - [MESSAGE][PASSED] - Keys 'ENTER + ' sent to object: 'Object Repository/1-OBJECTS TAREAS PRINCIPALES/Modulo Tarea Compensacion/Dias con Permisos Pasivos Permitidos/input_Identificacin_listadoEmpleadoIdentificacionEmpleado'

2022-04-29 10:19:13 - [TEST_STEP][PASSED] - waitForElementClickable(findTestObject("1-OBJECTS TAREAS PRINCIPALES/Modulo Tarea Compensacion/Dias con Permisos Pasivos Permitidos/span_Consta Belfegord Jhon"), G_TimeOut): Object 'Object Repository/1-OBJECTS TAREAS PRINCIPALES/Modulo Tarea Compensacion/Dias con Permisos Pasivos Permitidos/span_Consta Belfegord Jhon' is clickable

2022-04-29 10:19:14 - [MESSAGE][PASSED] - Object 'Object Repository/1-OBJECTS TAREAS PRINCIPALES/Modulo Tarea Compensacion/Dias con Permisos Pasivos Permitidos/span_Consta Belfegord Jhon' is clickable

2022-04-29 10:19:14 - [TEST_STEP][PASSED] - click(findTestObject("1-OBJECTS TAREAS PRINCIPALES/Modulo Tarea Compensacion/Dias con Permisos Pasivos Permitidos/span_Consta Belfegord Jhon")): Object: 'Object Repository/1-OBJECTS TAREAS PRINCIPALES/Modulo Tarea Compensacion/Dias con Permisos Pasivos Permitidos/span_Consta Belfegord Jhon' is clicked on

2022-04-29 10:19:15 - [MESSAGE][PASSED] - Object: 'Object Repository/1-OBJECTS TAREAS PRINCIPALES/Modulo Tarea Compensacion/Dias con Permisos Pasivos Permitidos/span_Consta Belfegord Jhon' is clicked on

2022-04-29 10:19:15 - [TEST_STEP][PASSED] - waitForElementClickable(findTestObject("1-OBJECTS TAREAS PRINCIPALES/Modulo Tarea Compensacion/Dias con Permisos Pasivos Permitidos/a_Vacacin"), G_TimeOut): Object 'Object Repository/1-OBJECTS TAREAS PRINCIPALES/Modulo Tarea Compensacion/Dias con Permisos Pasivos Permitidos/a_Vacacin' is clickable

2022-04-29 10:19:15 - [MESSAGE][PASSED] - Object 'Object Repository/1-OBJECTS TAREAS PRINCIPALES/Modulo Tarea Compensacion/Dias con Permisos Pasivos Permitidos/a_Vacacin' is clickable

2022-04-29 10:19:15 - [TEST_STEP][PASSED] - click(findTestObject("1-OBJECTS TAREAS PRINCIPALES/Modulo Tarea Compensacion/Dias con Permisos Pasivos Permitidos/a_Vacacin")): Object: 'Object Repository/1-OBJECTS TAREAS PRINCIPALES/Modulo Tarea Compensacion/Dias con Permisos Pasivos Permitidos/a_Vacacin' is clicked on

2022-04-29 10:19:16 - [MESSAGE][PASSED] - Object: 'Object Repository/1-OBJECTS TAREAS PRINCIPALES/Modulo Tarea Compensacion/Dias con Permisos Pasivos Permitidos/a_Vacacin' is clicked on

2022-04-29 10:19:16 - [TEST_STEP][PASSED] - if (waitForElementClickable(findTestObject("1-OBJECTS TAREAS PRINCIPALES/Modulo Tarea Compensacion/Dias con Permisos Pasivos Permitidos/span_Programacion De Vacaciones"), G_TimeOut)): Web element with id: 'Object Repository/1-OBJECTS TAREAS PRINCIPALES/Modulo Tarea Compensacion/Dias con Permisos Pasivos Permitidos/span_Programacion De Vacaciones' located by '//*/text()[normalize-space(.)='Programacion De Vacaciones']/parent::*' not found

2022-04-29 10:19:27 - [MESSAGE][INFO] - Unable to find the element located by 'By.xpath: //*/text()[normalize-space(.)='Programacion De Vacaciones']/parent::*'. Please recheck the objects properties to make sure the desired element is located. 

2022-04-29 10:19:27 - [MESSAGE][WARNING] - Web element with id: 'Object Repository/1-OBJECTS TAREAS PRINCIPALES/Modulo Tarea Compensacion/Dias con Permisos Pasivos Permitidos/span_Programacion De Vacaciones' located by '//*/text()[normalize-space(.)='Programacion De Vacaciones']/parent::*' not found

2022-04-29 10:19:27 - [TEST_STEP][PASSED] - click(findTestObject("1-OBJECTS TAREAS PRINCIPALES/Modulo Tarea Compensacion/Dias con Permisos Pasivos Permitidos/a_Histrico")): Object: 'Object Repository/1-OBJECTS TAREAS PRINCIPALES/Modulo Tarea Compensacion/Dias con Permisos Pasivos Permitidos/a_Histrico' is clicked on

2022-04-29 10:19:27 - [MESSAGE][PASSED] - Object: 'Object Repository/1-OBJECTS TAREAS PRINCIPALES/Modulo Tarea Compensacion/Dias con Permisos Pasivos Permitidos/a_Histrico' is clicked on

2022-04-29 10:19:27 - [TEST_STEP][PASSED] - if (waitForElementClickable(findTestObject("1-OBJECTS TAREAS PRINCIPALES/Modulo Tarea Compensacion/Dias con Permisos Pasivos Permitidos/span_Programacion De Vacaciones"), 1)): Web element with id: 'Object Repository/1-OBJECTS TAREAS PRINCIPALES/Modulo Tarea Compensacion/Dias con Permisos Pasivos Permitidos/span_Programacion De Vacaciones' located by '//*/text()[normalize-space(.)='Programacion De Vacaciones']/parent::*' not found

2022-04-29 10:19:30 - [MESSAGE][INFO] - Unable to find the element located by 'By.xpath: //*/text()[normalize-space(.)='Programacion De Vacaciones']/parent::*'. Please recheck the objects properties to make sure the desired element is located. 

2022-04-29 10:19:30 - [MESSAGE][WARNING] - Web element with id: 'Object Repository/1-OBJECTS TAREAS PRINCIPALES/Modulo Tarea Compensacion/Dias con Permisos Pasivos Permitidos/span_Programacion De Vacaciones' located by '//*/text()[normalize-space(.)='Programacion De Vacaciones']/parent::*' not found

2022-04-29 10:19:30 - [TEST_STEP][PASSED] - click(findTestObject("1-OBJECTS TAREAS PRINCIPALES/Modulo Tarea Compensacion/Dias con Permisos Pasivos Permitidos/a_Vacaciones")): Object: 'Object Repository/1-OBJECTS TAREAS PRINCIPALES/Modulo Tarea Compensacion/Dias con Permisos Pasivos Permitidos/a_Vacaciones' is clicked on

2022-04-29 10:19:30 - [MESSAGE][PASSED] - Object: 'Object Repository/1-OBJECTS TAREAS PRINCIPALES/Modulo Tarea Compensacion/Dias con Permisos Pasivos Permitidos/a_Vacaciones' is clicked on

2022-04-29 10:19:30 - [TEST_STEP][PASSED] - waitForElementClickable(findTestObject("1-OBJECTS TAREAS PRINCIPALES/Modulo Tarea Compensacion/Dias con Permisos Pasivos Permitidos/a_Nuevo Pasivo"), G_TimeOut): Object 'Object Repository/1-OBJECTS TAREAS PRINCIPALES/Modulo Tarea Compensacion/Dias con Permisos Pasivos Permitidos/a_Nuevo Pasivo' is clickable

2022-04-29 10:19:30 - [MESSAGE][PASSED] - Object 'Object Repository/1-OBJECTS TAREAS PRINCIPALES/Modulo Tarea Compensacion/Dias con Permisos Pasivos Permitidos/a_Nuevo Pasivo' is clickable

2022-04-29 10:19:30 - [TEST_STEP][PASSED] - click(findTestObject("1-OBJECTS TAREAS PRINCIPALES/Modulo Tarea Compensacion/Dias con Permisos Pasivos Permitidos/a_Nuevo Pasivo")): Object: 'Object Repository/1-OBJECTS TAREAS PRINCIPALES/Modulo Tarea Compensacion/Dias con Permisos Pasivos Permitidos/a_Nuevo Pasivo' is clicked on

2022-04-29 10:19:31 - [MESSAGE][PASSED] - Object: 'Object Repository/1-OBJECTS TAREAS PRINCIPALES/Modulo Tarea Compensacion/Dias con Permisos Pasivos Permitidos/a_Nuevo Pasivo' is clicked on

2022-04-29 10:19:31 - [TEST_STEP][PASSED] - click(findTestObject("1-OBJECTS TAREAS PRINCIPALES/Modulo Tarea Compensacion/Dias con Permisos Pasivos Permitidos/a_pestaa Vacaciones")): Object: 'Object Repository/1-OBJECTS TAREAS PRINCIPALES/Modulo Tarea Compensacion/Dias con Permisos Pasivos Permitidos/a_pestaa Vacaciones' is clicked on

2022-04-29 10:19:32 - [MESSAGE][PASSED] - Object: 'Object Repository/1-OBJECTS TAREAS PRINCIPALES/Modulo Tarea Compensacion/Dias con Permisos Pasivos Permitidos/a_pestaa Vacaciones' is clicked on

2022-04-29 10:19:32 - [TEST_STEP][PASSED] - selectOptionByIndex(findTestObject("1-OBJECTS TAREAS PRINCIPALES/Modulo Tarea Compensacion/Dias con Permisos Pasivos Permitidos/select_APLAZAMIENTOPROGRAMACION DE VACACIONES"), "2"): All options with index in [2] are selected on object 'Object Repository/1-OBJECTS TAREAS PRINCIPALES/Modulo Tarea Compensacion/Dias con Permisos Pasivos Permitidos/select_APLAZAMIENTOPROGRAMACION DE VACACIONES'

2022-04-29 10:19:33 - [MESSAGE][PASSED] - All options with index in [2] are selected on object 'Object Repository/1-OBJECTS TAREAS PRINCIPALES/Modulo Tarea Compensacion/Dias con Permisos Pasivos Permitidos/select_APLAZAMIENTOPROGRAMACION DE VACACIONES'

2022-04-29 10:19:33 - [TEST_STEP][PASSED] - selectOptionByIndex(findTestObject("1-OBJECTS TAREAS PRINCIPALES/Modulo Tarea Compensacion/Dias con Permisos Pasivos Permitidos/select_InterrupcinNo Aplica"), "1"): All options with index in [1] are selected on object 'Object Repository/1-OBJECTS TAREAS PRINCIPALES/Modulo Tarea Compensacion/Dias con Permisos Pasivos Permitidos/select_InterrupcinNo Aplica'

2022-04-29 10:19:34 - [MESSAGE][PASSED] - All options with index in [1] are selected on object 'Object Repository/1-OBJECTS TAREAS PRINCIPALES/Modulo Tarea Compensacion/Dias con Permisos Pasivos Permitidos/select_InterrupcinNo Aplica'

2022-04-29 10:19:34 - [TEST_STEP][PASSED] - setText(findTestObject("1-OBJECTS TAREAS PRINCIPALES/Modulo Tarea Compensacion/Dias con Permisos Pasivos Permitidos/input_Periodo Servicio_form_"), "01/06/2021"): Text '01/06/2021' is set on object 'Object Repository/1-OBJECTS TAREAS PRINCIPALES/Modulo Tarea Compensacion/Dias con Permisos Pasivos Permitidos/input_Periodo Servicio_form_'

2022-04-29 10:19:35 - [MESSAGE][PASSED] - Text '01/06/2021' is set on object 'Object Repository/1-OBJECTS TAREAS PRINCIPALES/Modulo Tarea Compensacion/Dias con Permisos Pasivos Permitidos/input_Periodo Servicio_form_'

2022-04-29 10:19:35 - [TEST_STEP][PASSED] - click(findTestObject("1-OBJECTS TAREAS PRINCIPALES/Modulo Tarea Compensacion/Dias con Permisos Pasivos Permitidos/span_Periodo Servicio"), STOP_ON_FAILURE): Object: 'Object Repository/1-OBJECTS TAREAS PRINCIPALES/Modulo Tarea Compensacion/Dias con Permisos Pasivos Permitidos/span_Periodo Servicio' is clicked on

2022-04-29 10:19:35 - [MESSAGE][PASSED] - Object: 'Object Repository/1-OBJECTS TAREAS PRINCIPALES/Modulo Tarea Compensacion/Dias con Permisos Pasivos Permitidos/span_Periodo Servicio' is clicked on

2022-04-29 10:19:35 - [TEST_STEP][PASSED] - setText(findTestObject("1-OBJECTS TAREAS PRINCIPALES/Modulo Tarea Compensacion/Dias con Permisos Pasivos Permitidos/input_Periodo Servicio_form_vacaciones"), "06/06/2021"): Text '06/06/2021' is set on object 'Object Repository/1-OBJECTS TAREAS PRINCIPALES/Modulo Tarea Compensacion/Dias con Permisos Pasivos Permitidos/input_Periodo Servicio_form_vacaciones'

2022-04-29 10:19:36 - [MESSAGE][PASSED] - Text '06/06/2021' is set on object 'Object Repository/1-OBJECTS TAREAS PRINCIPALES/Modulo Tarea Compensacion/Dias con Permisos Pasivos Permitidos/input_Periodo Servicio_form_vacaciones'

2022-04-29 10:19:36 - [TEST_STEP][PASSED] - sendKeys(findTestObject("1-OBJECTS TAREAS PRINCIPALES/Modulo Tarea Compensacion/Dias con Permisos Pasivos Permitidos/input_Periodo Servicio_form_vacaciones"), Keys.chord(ENTER)): Keys 'ENTER + ' sent to object: 'Object Repository/1-OBJECTS TAREAS PRINCIPALES/Modulo Tarea Compensacion/Dias con Permisos Pasivos Permitidos/input_Periodo Servicio_form_vacaciones'

2022-04-29 10:19:37 - [MESSAGE][PASSED] - Keys 'ENTER + ' sent to object: 'Object Repository/1-OBJECTS TAREAS PRINCIPALES/Modulo Tarea Compensacion/Dias con Permisos Pasivos Permitidos/input_Periodo Servicio_form_vacaciones'

2022-04-29 10:19:37 - [TEST_STEP][PASSED] - setText(findTestObject("1-OBJECTS TAREAS PRINCIPALES/Modulo Tarea Compensacion/Dias con Permisos Pasivos Permitidos/input_Das_form_vacacionesEmpleadotabs"), "5"): Text '5' is set on object 'Object Repository/1-OBJECTS TAREAS PRINCIPALES/Modulo Tarea Compensacion/Dias con Permisos Pasivos Permitidos/input_Das_form_vacacionesEmpleadotabs'

2022-04-29 10:19:38 - [MESSAGE][PASSED] - Text '5' is set on object 'Object Repository/1-OBJECTS TAREAS PRINCIPALES/Modulo Tarea Compensacion/Dias con Permisos Pasivos Permitidos/input_Das_form_vacacionesEmpleadotabs'

2022-04-29 10:19:38 - [TEST_STEP][PASSED] - setText(findTestObject("1-OBJECTS TAREAS PRINCIPALES/Modulo Tarea Compensacion/Dias con Permisos Pasivos Permitidos/input_Fecha Origen_form_vacaciones"), "01/06/2021"): Text '01/06/2021' is set on object 'Object Repository/1-OBJECTS TAREAS PRINCIPALES/Modulo Tarea Compensacion/Dias con Permisos Pasivos Permitidos/input_Fecha Origen_form_vacaciones'

2022-04-29 10:19:38 - [MESSAGE][PASSED] - Text '01/06/2021' is set on object 'Object Repository/1-OBJECTS TAREAS PRINCIPALES/Modulo Tarea Compensacion/Dias con Permisos Pasivos Permitidos/input_Fecha Origen_form_vacaciones'

2022-04-29 10:19:38 - [TEST_STEP][PASSED] - sendKeys(findTestObject("1-OBJECTS TAREAS PRINCIPALES/Modulo Tarea Compensacion/Dias con Permisos Pasivos Permitidos/input_Fecha Origen_form_vacaciones"), Keys.chord(ENTER)): Keys 'ENTER + ' sent to object: 'Object Repository/1-OBJECTS TAREAS PRINCIPALES/Modulo Tarea Compensacion/Dias con Permisos Pasivos Permitidos/input_Fecha Origen_form_vacaciones'

2022-04-29 10:19:39 - [MESSAGE][PASSED] - Keys 'ENTER + ' sent to object: 'Object Repository/1-OBJECTS TAREAS PRINCIPALES/Modulo Tarea Compensacion/Dias con Permisos Pasivos Permitidos/input_Fecha Origen_form_vacaciones'

2022-04-29 10:19:39 - [TEST_STEP][PASSED] - waitForElementClickable(findTestObject("1-OBJECTS TAREAS PRINCIPALES/Modulo Tarea Compensacion/Dias con Permisos Pasivos Permitidos/a_Guardar"), G_TimeOut): Object 'Object Repository/1-OBJECTS TAREAS PRINCIPALES/Modulo Tarea Compensacion/Dias con Permisos Pasivos Permitidos/a_Guardar' is clickable

2022-04-29 10:19:39 - [MESSAGE][PASSED] - Object 'Object Repository/1-OBJECTS TAREAS PRINCIPALES/Modulo Tarea Compensacion/Dias con Permisos Pasivos Permitidos/a_Guardar' is clickable

2022-04-29 10:19:39 - [TEST_STEP][PASSED] - click(findTestObject("1-OBJECTS TAREAS PRINCIPALES/Modulo Tarea Compensacion/Dias con Permisos Pasivos Permitidos/a_Guardar")): Object: 'Object Repository/1-OBJECTS TAREAS PRINCIPALES/Modulo Tarea Compensacion/Dias con Permisos Pasivos Permitidos/a_Guardar' is clicked on

2022-04-29 10:19:40 - [MESSAGE][PASSED] - Object: 'Object Repository/1-OBJECTS TAREAS PRINCIPALES/Modulo Tarea Compensacion/Dias con Permisos Pasivos Permitidos/a_Guardar' is clicked on

2022-04-29 10:19:40 - [TEST_STEP][PASSED] - waitForElementClickable(findTestObject("1-OBJECTS TAREAS PRINCIPALES/Modulo Tarea Compensacion/Dias con Permisos Pasivos Permitidos/a_Regresar"), G_TimeOut): Object 'Object Repository/1-OBJECTS TAREAS PRINCIPALES/Modulo Tarea Compensacion/Dias con Permisos Pasivos Permitidos/a_Regresar' is clickable

2022-04-29 10:19:40 - [MESSAGE][PASSED] - Object 'Object Repository/1-OBJECTS TAREAS PRINCIPALES/Modulo Tarea Compensacion/Dias con Permisos Pasivos Permitidos/a_Regresar' is clickable

2022-04-29 10:19:40 - [TEST_STEP][PASSED] - click(findTestObject("1-OBJECTS TAREAS PRINCIPALES/Modulo Tarea Compensacion/Dias con Permisos Pasivos Permitidos/a_Regresar")): Object: 'Object Repository/1-OBJECTS TAREAS PRINCIPALES/Modulo Tarea Compensacion/Dias con Permisos Pasivos Permitidos/a_Regresar' is clicked on

2022-04-29 10:19:41 - [MESSAGE][PASSED] - Object: 'Object Repository/1-OBJECTS TAREAS PRINCIPALES/Modulo Tarea Compensacion/Dias con Permisos Pasivos Permitidos/a_Regresar' is clicked on

2022-04-29 10:19:41 - [TEST_STEP][PASSED] - if (waitForElementClickable(findTestObject("1-OBJECTS TAREAS PRINCIPALES/Modulo Tarea Compensacion/Dias con Permisos Pasivos Permitidos/td_02062021"), 1)): null

2022-04-29 10:19:41 - [MESSAGE][PASSED] - Object 'Object Repository/1-OBJECTS TAREAS PRINCIPALES/Modulo Tarea Compensacion/Dias con Permisos Pasivos Permitidos/td_02062021' is clickable

2022-04-29 10:19:41 - [TEST_STEP][PASSED] - click(findTestObject("1-OBJECTS TAREAS PRINCIPALES/Modulo Tarea Compensacion/Dias con Permisos Pasivos Permitidos/td_02062021")): Object: 'Object Repository/1-OBJECTS TAREAS PRINCIPALES/Modulo Tarea Compensacion/Dias con Permisos Pasivos Permitidos/td_02062021' is clicked on

2022-04-29 10:19:42 - [MESSAGE][PASSED] - Object: 'Object Repository/1-OBJECTS TAREAS PRINCIPALES/Modulo Tarea Compensacion/Dias con Permisos Pasivos Permitidos/td_02062021' is clicked on

2022-04-29 10:19:42 - [TEST_STEP][PASSED] - waitForElementClickable(findTestObject("1-OBJECTS TAREAS PRINCIPALES/Modulo Tarea Compensacion/Dias con Permisos Pasivos Permitidos/a_Eliminar Directo_Solicitud"), 0): Object 'Object Repository/1-OBJECTS TAREAS PRINCIPALES/Modulo Tarea Compensacion/Dias con Permisos Pasivos Permitidos/a_Eliminar Directo_Solicitud' is clickable

2022-04-29 10:19:42 - [MESSAGE][WARNING] - Timeout '0' is invalid. Using default page load timeout: '45'

2022-04-29 10:19:44 - [MESSAGE][PASSED] - Object 'Object Repository/1-OBJECTS TAREAS PRINCIPALES/Modulo Tarea Compensacion/Dias con Permisos Pasivos Permitidos/a_Eliminar Directo_Solicitud' is clickable

2022-04-29 10:19:44 - [TEST_STEP][PASSED] - click(findTestObject("1-OBJECTS TAREAS PRINCIPALES/Modulo Tarea Compensacion/Dias con Permisos Pasivos Permitidos/a_Eliminar Directo_Solicitud")): Object: 'Object Repository/1-OBJECTS TAREAS PRINCIPALES/Modulo Tarea Compensacion/Dias con Permisos Pasivos Permitidos/a_Eliminar Directo_Solicitud' is clicked on

2022-04-29 10:19:44 - [MESSAGE][PASSED] - Object: 'Object Repository/1-OBJECTS TAREAS PRINCIPALES/Modulo Tarea Compensacion/Dias con Permisos Pasivos Permitidos/a_Eliminar Directo_Solicitud' is clicked on

2022-04-29 10:19:44 - [TEST_STEP][PASSED] - click(findTestObject("1-OBJECTS TAREAS PRINCIPALES/Modulo Tarea Compensacion/Dias con Permisos Pasivos Permitidos/a_Aceptar")): Object: 'Object Repository/1-OBJECTS TAREAS PRINCIPALES/Modulo Tarea Compensacion/Dias con Permisos Pasivos Permitidos/a_Aceptar' is clicked on

2022-04-29 10:19:45 - [MESSAGE][PASSED] - Object: 'Object Repository/1-OBJECTS TAREAS PRINCIPALES/Modulo Tarea Compensacion/Dias con Permisos Pasivos Permitidos/a_Aceptar' is clicked on

2022-04-29 10:19:45 - [TEST_STEP][PASSED] - waitForElementClickable(findTestObject("1-OBJECTS TAREAS PRINCIPALES/Modulo Tarea Compensacion/Dias con Permisos Pasivos Permitidos/a_Nueva Solicitud"), G_TimeOut): Object 'Object Repository/1-OBJECTS TAREAS PRINCIPALES/Modulo Tarea Compensacion/Dias con Permisos Pasivos Permitidos/a_Nueva Solicitud' is clickable

2022-04-29 10:19:47 - [MESSAGE][PASSED] - Object 'Object Repository/1-OBJECTS TAREAS PRINCIPALES/Modulo Tarea Compensacion/Dias con Permisos Pasivos Permitidos/a_Nueva Solicitud' is clickable

2022-04-29 10:19:47 - [TEST_STEP][PASSED] - click(findTestObject("1-OBJECTS TAREAS PRINCIPALES/Modulo Tarea Compensacion/Dias con Permisos Pasivos Permitidos/a_Nueva Solicitud")): Object: 'Object Repository/1-OBJECTS TAREAS PRINCIPALES/Modulo Tarea Compensacion/Dias con Permisos Pasivos Permitidos/a_Nueva Solicitud' is clicked on

2022-04-29 10:19:48 - [MESSAGE][PASSED] - Object: 'Object Repository/1-OBJECTS TAREAS PRINCIPALES/Modulo Tarea Compensacion/Dias con Permisos Pasivos Permitidos/a_Nueva Solicitud' is clicked on

2022-04-29 10:19:48 - [TEST_STEP][PASSED] - setText(findTestObject("1-OBJECTS TAREAS PRINCIPALES/Modulo Tarea Compensacion/Dias con Permisos Pasivos Permitidos/input_Salida Nomina_form_vacaciones"), "01/06/2021"): Text '01/06/2021' is set on object 'Object Repository/1-OBJECTS TAREAS PRINCIPALES/Modulo Tarea Compensacion/Dias con Permisos Pasivos Permitidos/input_Salida Nomina_form_vacaciones'

2022-04-29 10:19:49 - [MESSAGE][PASSED] - Text '01/06/2021' is set on object 'Object Repository/1-OBJECTS TAREAS PRINCIPALES/Modulo Tarea Compensacion/Dias con Permisos Pasivos Permitidos/input_Salida Nomina_form_vacaciones'

2022-04-29 10:19:49 - [TEST_STEP][PASSED] - sendKeys(findTestObject("1-OBJECTS TAREAS PRINCIPALES/Modulo Tarea Compensacion/Dias con Permisos Pasivos Permitidos/input_Salida Nomina_form_vacaciones"), Keys.chord(ENTER)): Keys 'ENTER + ' sent to object: 'Object Repository/1-OBJECTS TAREAS PRINCIPALES/Modulo Tarea Compensacion/Dias con Permisos Pasivos Permitidos/input_Salida Nomina_form_vacaciones'

2022-04-29 10:19:49 - [MESSAGE][PASSED] - Keys 'ENTER + ' sent to object: 'Object Repository/1-OBJECTS TAREAS PRINCIPALES/Modulo Tarea Compensacion/Dias con Permisos Pasivos Permitidos/input_Salida Nomina_form_vacaciones'

2022-04-29 10:19:49 - [TEST_STEP][PASSED] - selectOptionByIndex(findTestObject("1-OBJECTS TAREAS PRINCIPALES/Modulo Tarea Compensacion/Dias con Permisos Pasivos Permitidos/select_SeleccioneChequeEntidad_"), "3"): All options with index in [3] are selected on object 'Object Repository/1-OBJECTS TAREAS PRINCIPALES/Modulo Tarea Compensacion/Dias con Permisos Pasivos Permitidos/select_SeleccioneChequeEntidad_'

2022-04-29 10:19:51 - [MESSAGE][PASSED] - All options with index in [3] are selected on object 'Object Repository/1-OBJECTS TAREAS PRINCIPALES/Modulo Tarea Compensacion/Dias con Permisos Pasivos Permitidos/select_SeleccioneChequeEntidad_'

2022-04-29 10:19:51 - [TEST_STEP][PASSED] - setText(findTestObject("1-OBJECTS TAREAS PRINCIPALES/Modulo Tarea Compensacion/Dias con Permisos Pasivos Permitidos/input_Pago_form_vacacionesEmpleado"), "01/06/2021"): Text '01/06/2021' is set on object 'Object Repository/1-OBJECTS TAREAS PRINCIPALES/Modulo Tarea Compensacion/Dias con Permisos Pasivos Permitidos/input_Pago_form_vacacionesEmpleado'

2022-04-29 10:19:51 - [MESSAGE][PASSED] - Text '01/06/2021' is set on object 'Object Repository/1-OBJECTS TAREAS PRINCIPALES/Modulo Tarea Compensacion/Dias con Permisos Pasivos Permitidos/input_Pago_form_vacacionesEmpleado'

2022-04-29 10:19:51 - [TEST_STEP][PASSED] - sendKeys(findTestObject("1-OBJECTS TAREAS PRINCIPALES/Modulo Tarea Compensacion/Dias con Permisos Pasivos Permitidos/input_Pago_form_vacacionesEmpleado"), Keys.chord(ENTER)): Keys 'ENTER + ' sent to object: 'Object Repository/1-OBJECTS TAREAS PRINCIPALES/Modulo Tarea Compensacion/Dias con Permisos Pasivos Permitidos/input_Pago_form_vacacionesEmpleado'

2022-04-29 10:19:52 - [MESSAGE][PASSED] - Keys 'ENTER + ' sent to object: 'Object Repository/1-OBJECTS TAREAS PRINCIPALES/Modulo Tarea Compensacion/Dias con Permisos Pasivos Permitidos/input_Pago_form_vacacionesEmpleado'

2022-04-29 10:19:52 - [TEST_STEP][PASSED] - setText(findTestObject("1-OBJECTS TAREAS PRINCIPALES/Modulo Tarea Compensacion/Dias con Permisos Pasivos Permitidos/input_Disfrute_form_vacacionesEmpleado"), "1"): Text '1' is set on object 'Object Repository/1-OBJECTS TAREAS PRINCIPALES/Modulo Tarea Compensacion/Dias con Permisos Pasivos Permitidos/input_Disfrute_form_vacacionesEmpleado'

2022-04-29 10:19:53 - [MESSAGE][PASSED] - Text '1' is set on object 'Object Repository/1-OBJECTS TAREAS PRINCIPALES/Modulo Tarea Compensacion/Dias con Permisos Pasivos Permitidos/input_Disfrute_form_vacacionesEmpleado'

2022-04-29 10:19:53 - [TEST_STEP][PASSED] - setText(findTestObject("1-OBJECTS TAREAS PRINCIPALES/Modulo Tarea Compensacion/Dias con Permisos Pasivos Permitidos/input_Compensados_form_vacaciones"), "1"): Text '1' is set on object 'Object Repository/1-OBJECTS TAREAS PRINCIPALES/Modulo Tarea Compensacion/Dias con Permisos Pasivos Permitidos/input_Compensados_form_vacaciones'

2022-04-29 10:19:53 - [MESSAGE][PASSED] - Text '1' is set on object 'Object Repository/1-OBJECTS TAREAS PRINCIPALES/Modulo Tarea Compensacion/Dias con Permisos Pasivos Permitidos/input_Compensados_form_vacaciones'

2022-04-29 10:19:53 - [TEST_STEP][PASSED] - setText(findTestObject("1-OBJECTS TAREAS PRINCIPALES/Modulo Tarea Compensacion/Dias con Permisos Pasivos Permitidos/textarea_Observacin_form_vacaciones"), "Pruebas sara"): Text 'Pruebas sara' is set on object 'Object Repository/1-OBJECTS TAREAS PRINCIPALES/Modulo Tarea Compensacion/Dias con Permisos Pasivos Permitidos/textarea_Observacin_form_vacaciones'

2022-04-29 10:19:54 - [MESSAGE][PASSED] - Text 'Pruebas sara' is set on object 'Object Repository/1-OBJECTS TAREAS PRINCIPALES/Modulo Tarea Compensacion/Dias con Permisos Pasivos Permitidos/textarea_Observacin_form_vacaciones'

2022-04-29 10:19:54 - [TEST_STEP][PASSED] - waitForElementClickable(findTestObject("1-OBJECTS TAREAS PRINCIPALES/Modulo Tarea Compensacion/Dias con Permisos Pasivos Permitidos/a_Verificar"), G_TimeOut): Object 'Object Repository/1-OBJECTS TAREAS PRINCIPALES/Modulo Tarea Compensacion/Dias con Permisos Pasivos Permitidos/a_Verificar' is clickable

2022-04-29 10:19:55 - [MESSAGE][PASSED] - Object 'Object Repository/1-OBJECTS TAREAS PRINCIPALES/Modulo Tarea Compensacion/Dias con Permisos Pasivos Permitidos/a_Verificar' is clickable

2022-04-29 10:19:55 - [TEST_STEP][PASSED] - click(findTestObject("1-OBJECTS TAREAS PRINCIPALES/Modulo Tarea Compensacion/Dias con Permisos Pasivos Permitidos/a_Verificar")): Object: 'Object Repository/1-OBJECTS TAREAS PRINCIPALES/Modulo Tarea Compensacion/Dias con Permisos Pasivos Permitidos/a_Verificar' is clicked on

2022-04-29 10:19:55 - [MESSAGE][PASSED] - Object: 'Object Repository/1-OBJECTS TAREAS PRINCIPALES/Modulo Tarea Compensacion/Dias con Permisos Pasivos Permitidos/a_Verificar' is clicked on

2022-04-29 10:19:55 - [TEST_STEP][PASSED] - waitForElementClickable(findTestObject("1-OBJECTS TAREAS PRINCIPALES/Modulo Tarea Compensacion/Dias con Permisos Pasivos Permitidos/a_Guardar_solicitudes"), 0): Object 'Object Repository/1-OBJECTS TAREAS PRINCIPALES/Modulo Tarea Compensacion/Dias con Permisos Pasivos Permitidos/a_Guardar_solicitudes' is clickable

2022-04-29 10:19:55 - [MESSAGE][WARNING] - Timeout '0' is invalid. Using default page load timeout: '45'

2022-04-29 10:19:56 - [MESSAGE][PASSED] - Object 'Object Repository/1-OBJECTS TAREAS PRINCIPALES/Modulo Tarea Compensacion/Dias con Permisos Pasivos Permitidos/a_Guardar_solicitudes' is clickable

2022-04-29 10:19:56 - [TEST_STEP][PASSED] - click(findTestObject("1-OBJECTS TAREAS PRINCIPALES/Modulo Tarea Compensacion/Dias con Permisos Pasivos Permitidos/a_Guardar_solicitudes")): Object: 'Object Repository/1-OBJECTS TAREAS PRINCIPALES/Modulo Tarea Compensacion/Dias con Permisos Pasivos Permitidos/a_Guardar_solicitudes' is clicked on

2022-04-29 10:19:57 - [MESSAGE][PASSED] - Object: 'Object Repository/1-OBJECTS TAREAS PRINCIPALES/Modulo Tarea Compensacion/Dias con Permisos Pasivos Permitidos/a_Guardar_solicitudes' is clicked on

2022-04-29 10:19:57 - [TEST_STEP][PASSED] - Alerta = getText(findTestObject("3-OBJECTS UTILIDADES/Alerta/Alerta")): Text of object 'Object Repository/3-OBJECTS UTILIDADES/Alerta/Alerta' is: 'Se modifico exitosamente su solicitud'

2022-04-29 10:19:59 - [MESSAGE][PASSED] - Text of object 'Object Repository/3-OBJECTS UTILIDADES/Alerta/Alerta' is: 'Se modifico exitosamente su solicitud'

2022-04-29 10:19:59 - [TEST_STEP][PASSED] - click(findTestObject("1-OBJECTS TAREAS PRINCIPALES/Modulo Tarea Compensacion/Dias con Permisos Pasivos Permitidos/a_Regresar_vacaciones")): Object: 'Object Repository/1-OBJECTS TAREAS PRINCIPALES/Modulo Tarea Compensacion/Dias con Permisos Pasivos Permitidos/a_Regresar_vacaciones' is clicked on

2022-04-29 10:19:59 - [MESSAGE][PASSED] - Object: 'Object Repository/1-OBJECTS TAREAS PRINCIPALES/Modulo Tarea Compensacion/Dias con Permisos Pasivos Permitidos/a_Regresar_vacaciones' is clicked on

2022-04-29 10:19:59 - [TEST_STEP][PASSED] - if (Alerta == "Se modifico exitosamente su solicitud"): null

2022-04-29 10:19:59 - [TEST_STEP][PASSED] - resultado = "PRUEBA OK": null]]></system-out>
         <system-err><![CDATA[]]></system-err>
      </testcase>
      <testcase name="Test Cases/1.1-Tareas Principales/1.1.7-Generar Vacaciones" time="81.56" classname="Test Cases/1.1-Tareas Principales/1.1.7-Generar Vacaciones" status="PASSED">
         <system-out><![CDATA[2022-04-29 10:19:59 - [TEST_CASE][PASSED] - Test Cases/1.1-Tareas Principales/1.1.7-Generar Vacaciones: Test Cases/1.1-Tareas Principales/1.1.7-Generar Vacaciones

2022-04-29 10:19:59 - [TEST_STEP][PASSED] - callTestCase(findTestCase("1.1-Tareas Principales/1.1.6-crear vacaciones"), [:], STOP_ON_FAILURE): Call Test Case 'Test Cases/1.1-Tareas Principales/1.1.6-crear vacaciones' successfully

2022-04-29 10:19:59 - [TEST_CASE][PASSED] - Test Cases/1.1-Tareas Principales/1.1.6-crear vacaciones: Test Cases/1.1-Tareas Principales/1.1.6-crear vacaciones

2022-04-29 10:19:59 - [TEST_STEP][PASSED] - callTestCase(findTestCase("Utilidades-(atajos_para _tareas)/Tareas Administracion Compensacion/Tarea Listado Empleados"), [:], STOP_ON_FAILURE): Call Test Case 'Test Cases/Utilidades-(atajos_para _tareas)/Tareas Administracion Compensacion/Tarea Listado Empleados' successfully

2022-04-29 10:19:59 - [TEST_CASE][PASSED] - Test Cases/Utilidades-(atajos_para _tareas)/Tareas Administracion Compensacion/Tarea Listado Empleados: Test Cases/Utilidades-(atajos_para _tareas)/Tareas Administracion Compensacion/Tarea Listado Empleados

2022-04-29 10:19:59 - [TEST_STEP][PASSED] - callTestCase(findTestCase("0.1-Login"), [:], STOP_ON_FAILURE): Call Test Case 'Test Cases/0.1-Login' successfully

2022-04-29 10:20:00 - [TEST_CASE][PASSED] - Test Cases/0.1-Login: Test Cases/0.1-Login

2022-04-29 10:20:00 - [TEST_STEP][PASSED] - openBrowser(""): Browser is opened with url: ''

2022-04-29 10:20:00 - [MESSAGE][WARNING] - A browser is already opened. Closing browser and opening a new one

2022-04-29 10:20:00 - [MESSAGE][INFO] - Starting 'Chrome' driver

2022-04-29 10:20:00 - [MESSAGE][INFO] - Action delay is set to 0 milliseconds

2022-04-29 10:20:02 - [MESSAGE][PASSED] - Browser is opened with url: ''

2022-04-29 10:20:02 - [TEST_STEP][PASSED] - maximizeWindow(): Current window maximized

2022-04-29 10:20:02 - [MESSAGE][PASSED] - Current window maximized

2022-04-29 10:20:02 - [TEST_STEP][PASSED] - i = G_Login: null

2022-04-29 10:20:02 - [TEST_STEP][PASSED] - url = new java.net.URL(i): null

2022-04-29 10:20:02 - [TEST_STEP][PASSED] - println("URL: " + url.toString()): null

2022-04-29 10:20:02 - [TEST_STEP][PASSED] - connection = url.openConnection(): null

2022-04-29 10:20:02 - [TEST_STEP][PASSED] - connection.setRequestMethod("GET"): null

2022-04-29 10:20:02 - [TEST_STEP][PASSED] - connection.setReadTimeout(2 * 1000): null

2022-04-29 10:20:02 - [TEST_STEP][PASSED] - try: null

2022-04-29 10:20:02 - [TEST_STEP][PASSED] - connection.connect(): null

2022-04-29 10:20:02 - [TEST_STEP][PASSED] - flag = connected: null

2022-04-29 10:20:02 - [TEST_STEP][PASSED] - println("Valor_ori: " + flag): null

2022-04-29 10:20:02 - [TEST_STEP][PASSED] - if (flag): null

2022-04-29 10:20:02 - [TEST_STEP][PASSED] - navigateToUrl(i): Navigate to 'http://192.168.2.19:8380/saraweb' successfully

2022-04-29 10:20:02 - [MESSAGE][PASSED] - Navigate to 'http://192.168.2.19:8380/saraweb' successfully

2022-04-29 10:20:02 - [TEST_STEP][PASSED] - a(): null

2022-04-29 10:20:02 - [TEST_STEP][PASSED] - setText(findTestObject("3-OBJECTS UTILIDADES/Login/input_USUARIO_loginusuario"), G_Usuario): Text 'saraadmin' is set on object 'Object Repository/3-OBJECTS UTILIDADES/Login/input_USUARIO_loginusuario'

2022-04-29 10:20:03 - [MESSAGE][PASSED] - Text 'saraadmin' is set on object 'Object Repository/3-OBJECTS UTILIDADES/Login/input_USUARIO_loginusuario'

2022-04-29 10:20:03 - [TEST_STEP][PASSED] - setEncryptedText(findTestObject("3-OBJECTS UTILIDADES/Login/input_CLAVE_loginpassword"), "MkG4/TYiCFC3cb2driP7+Q=="): Text ****** has been set on object 'Object Repository/3-OBJECTS UTILIDADES/Login/input_CLAVE_loginpassword'

2022-04-29 10:20:03 - [MESSAGE][PASSED] - Text ****** has been set on object 'Object Repository/3-OBJECTS UTILIDADES/Login/input_CLAVE_loginpassword'

2022-04-29 10:20:03 - [TEST_STEP][PASSED] - waitForElementClickable(findTestObject("3-OBJECTS UTILIDADES/Login/a_Ingresar"), G_TimeOut): Object 'Object Repository/3-OBJECTS UTILIDADES/Login/a_Ingresar' is clickable

2022-04-29 10:20:04 - [MESSAGE][PASSED] - Object 'Object Repository/3-OBJECTS UTILIDADES/Login/a_Ingresar' is clickable

2022-04-29 10:20:04 - [TEST_STEP][PASSED] - click(findTestObject("3-OBJECTS UTILIDADES/Login/a_Ingresar")): Object: 'Object Repository/3-OBJECTS UTILIDADES/Login/a_Ingresar' is clicked on

2022-04-29 10:20:05 - [MESSAGE][PASSED] - Object: 'Object Repository/3-OBJECTS UTILIDADES/Login/a_Ingresar' is clicked on

2022-04-29 10:20:05 - [TEST_STEP][PASSED] - element = findWebElement(findTestObject("3-OBJECTS UTILIDADES/Login/a_Ir"), 30): null

2022-04-29 10:20:06 - [TEST_STEP][PASSED] - executeJavaScript("arguments[0].click()", Arrays.asList(element)): Execute JavaScript 'arguments[0].click()' successfully

2022-04-29 10:20:06 - [MESSAGE][PASSED] - Execute JavaScript 'arguments[0].click()' successfully

2022-04-29 10:20:06 - [MESSAGE][PASSED] - Call Test Case 'Test Cases/0.1-Login' successfully

2022-04-29 10:20:06 - [TEST_STEP][PASSED] - setText(findTestObject("1-OBJECTS TAREAS PRINCIPALES/Modulo Tarea Listado Hojas de Vida/Tareas Listado Hojas de Vida/input_Listado Hojas De Vida_form_templatej_idt24_input"), "Listado de Empleados"): Text 'Listado de Empleados' is set on object 'Object Repository/1-OBJECTS TAREAS PRINCIPALES/Modulo Tarea Listado Hojas de Vida/Tareas Listado Hojas de Vida/input_Listado Hojas De Vida_form_templatej_idt24_input'

2022-04-29 10:20:07 - [MESSAGE][PASSED] - Text 'Listado de Empleados' is set on object 'Object Repository/1-OBJECTS TAREAS PRINCIPALES/Modulo Tarea Listado Hojas de Vida/Tareas Listado Hojas de Vida/input_Listado Hojas De Vida_form_templatej_idt24_input'

2022-04-29 10:20:07 - [TEST_STEP][PASSED] - waitForElementVisible(findTestObject("1-OBJECTS TAREAS PRINCIPALES/Modulo Tarea Listado Hojas de Vida/Tareas Listado Hojas de Vida/span_Listado de Empleados"), 0): Object 'Object Repository/1-OBJECTS TAREAS PRINCIPALES/Modulo Tarea Listado Hojas de Vida/Tareas Listado Hojas de Vida/span_Listado de Empleados' is visible

2022-04-29 10:20:07 - [MESSAGE][WARNING] - Timeout '0' is invalid. Using default page load timeout: '45'

2022-04-29 10:20:08 - [MESSAGE][PASSED] - Object 'Object Repository/1-OBJECTS TAREAS PRINCIPALES/Modulo Tarea Listado Hojas de Vida/Tareas Listado Hojas de Vida/span_Listado de Empleados' is visible

2022-04-29 10:20:08 - [TEST_STEP][PASSED] - click(findTestObject("1-OBJECTS TAREAS PRINCIPALES/Modulo Tarea Listado Hojas de Vida/Tareas Listado Hojas de Vida/span_Listado de Empleados")): Object: 'Object Repository/1-OBJECTS TAREAS PRINCIPALES/Modulo Tarea Listado Hojas de Vida/Tareas Listado Hojas de Vida/span_Listado de Empleados' is clicked on

2022-04-29 10:20:09 - [MESSAGE][PASSED] - Object: 'Object Repository/1-OBJECTS TAREAS PRINCIPALES/Modulo Tarea Listado Hojas de Vida/Tareas Listado Hojas de Vida/span_Listado de Empleados' is clicked on

2022-04-29 10:20:09 - [MESSAGE][PASSED] - Call Test Case 'Test Cases/Utilidades-(atajos_para _tareas)/Tareas Administracion Compensacion/Tarea Listado Empleados' successfully

2022-04-29 10:20:09 - [TEST_STEP][PASSED] - setText(findTestObject("1-OBJECTS TAREAS PRINCIPALES/Modulo Tarea Compensacion/Dias con Permisos Pasivos Permitidos/input_Identificacin_listadoEmpleadoIdentificacionEmpleado"), "1234567890"): Text '1234567890' is set on object 'Object Repository/1-OBJECTS TAREAS PRINCIPALES/Modulo Tarea Compensacion/Dias con Permisos Pasivos Permitidos/input_Identificacin_listadoEmpleadoIdentificacionEmpleado'

2022-04-29 10:20:10 - [MESSAGE][PASSED] - Text '1234567890' is set on object 'Object Repository/1-OBJECTS TAREAS PRINCIPALES/Modulo Tarea Compensacion/Dias con Permisos Pasivos Permitidos/input_Identificacin_listadoEmpleadoIdentificacionEmpleado'

2022-04-29 10:20:10 - [TEST_STEP][PASSED] - sendKeys(findTestObject("1-OBJECTS TAREAS PRINCIPALES/Modulo Tarea Compensacion/Dias con Permisos Pasivos Permitidos/input_Identificacin_listadoEmpleadoIdentificacionEmpleado"), Keys.chord(ENTER)): Keys 'ENTER + ' sent to object: 'Object Repository/1-OBJECTS TAREAS PRINCIPALES/Modulo Tarea Compensacion/Dias con Permisos Pasivos Permitidos/input_Identificacin_listadoEmpleadoIdentificacionEmpleado'

2022-04-29 10:20:11 - [MESSAGE][PASSED] - Keys 'ENTER + ' sent to object: 'Object Repository/1-OBJECTS TAREAS PRINCIPALES/Modulo Tarea Compensacion/Dias con Permisos Pasivos Permitidos/input_Identificacin_listadoEmpleadoIdentificacionEmpleado'

2022-04-29 10:20:11 - [TEST_STEP][PASSED] - waitForElementClickable(findTestObject("1-OBJECTS TAREAS PRINCIPALES/Modulo Tarea Compensacion/Dias con Permisos Pasivos Permitidos/span_Consta Belfegord Jhon"), G_TimeOut): Object 'Object Repository/1-OBJECTS TAREAS PRINCIPALES/Modulo Tarea Compensacion/Dias con Permisos Pasivos Permitidos/span_Consta Belfegord Jhon' is clickable

2022-04-29 10:20:11 - [MESSAGE][PASSED] - Object 'Object Repository/1-OBJECTS TAREAS PRINCIPALES/Modulo Tarea Compensacion/Dias con Permisos Pasivos Permitidos/span_Consta Belfegord Jhon' is clickable

2022-04-29 10:20:11 - [TEST_STEP][PASSED] - click(findTestObject("1-OBJECTS TAREAS PRINCIPALES/Modulo Tarea Compensacion/Dias con Permisos Pasivos Permitidos/span_Consta Belfegord Jhon")): Object: 'Object Repository/1-OBJECTS TAREAS PRINCIPALES/Modulo Tarea Compensacion/Dias con Permisos Pasivos Permitidos/span_Consta Belfegord Jhon' is clicked on

2022-04-29 10:20:12 - [MESSAGE][PASSED] - Object: 'Object Repository/1-OBJECTS TAREAS PRINCIPALES/Modulo Tarea Compensacion/Dias con Permisos Pasivos Permitidos/span_Consta Belfegord Jhon' is clicked on

2022-04-29 10:20:12 - [TEST_STEP][PASSED] - waitForElementClickable(findTestObject("1-OBJECTS TAREAS PRINCIPALES/Modulo Tarea Compensacion/Dias con Permisos Pasivos Permitidos/a_Vacacin"), G_TimeOut): Object 'Object Repository/1-OBJECTS TAREAS PRINCIPALES/Modulo Tarea Compensacion/Dias con Permisos Pasivos Permitidos/a_Vacacin' is clickable

2022-04-29 10:20:12 - [MESSAGE][PASSED] - Object 'Object Repository/1-OBJECTS TAREAS PRINCIPALES/Modulo Tarea Compensacion/Dias con Permisos Pasivos Permitidos/a_Vacacin' is clickable

2022-04-29 10:20:12 - [TEST_STEP][PASSED] - click(findTestObject("1-OBJECTS TAREAS PRINCIPALES/Modulo Tarea Compensacion/Dias con Permisos Pasivos Permitidos/a_Vacacin")): Object: 'Object Repository/1-OBJECTS TAREAS PRINCIPALES/Modulo Tarea Compensacion/Dias con Permisos Pasivos Permitidos/a_Vacacin' is clicked on

2022-04-29 10:20:13 - [MESSAGE][PASSED] - Object: 'Object Repository/1-OBJECTS TAREAS PRINCIPALES/Modulo Tarea Compensacion/Dias con Permisos Pasivos Permitidos/a_Vacacin' is clicked on

2022-04-29 10:20:13 - [TEST_STEP][PASSED] - if (waitForElementClickable(findTestObject("1-OBJECTS TAREAS PRINCIPALES/Modulo Tarea Compensacion/Dias con Permisos Pasivos Permitidos/span_Programacion De Vacaciones"), G_TimeOut)): null

2022-04-29 10:20:13 - [MESSAGE][PASSED] - Object 'Object Repository/1-OBJECTS TAREAS PRINCIPALES/Modulo Tarea Compensacion/Dias con Permisos Pasivos Permitidos/span_Programacion De Vacaciones' is clickable

2022-04-29 10:20:13 - [TEST_STEP][PASSED] - click(findTestObject("1-OBJECTS TAREAS PRINCIPALES/Modulo Tarea Compensacion/Dias con Permisos Pasivos Permitidos/span_Programacion De Vacaciones")): Object: 'Object Repository/1-OBJECTS TAREAS PRINCIPALES/Modulo Tarea Compensacion/Dias con Permisos Pasivos Permitidos/span_Programacion De Vacaciones' is clicked on

2022-04-29 10:20:14 - [MESSAGE][PASSED] - Object: 'Object Repository/1-OBJECTS TAREAS PRINCIPALES/Modulo Tarea Compensacion/Dias con Permisos Pasivos Permitidos/span_Programacion De Vacaciones' is clicked on

2022-04-29 10:20:14 - [TEST_STEP][PASSED] - waitForElementClickable(findTestObject("1-OBJECTS TAREAS PRINCIPALES/Modulo Tarea Compensacion/Dias con Permisos Pasivos Permitidos/a_Eliminar"), G_TimeOut): Object 'Object Repository/1-OBJECTS TAREAS PRINCIPALES/Modulo Tarea Compensacion/Dias con Permisos Pasivos Permitidos/a_Eliminar' is clickable

2022-04-29 10:20:14 - [MESSAGE][PASSED] - Object 'Object Repository/1-OBJECTS TAREAS PRINCIPALES/Modulo Tarea Compensacion/Dias con Permisos Pasivos Permitidos/a_Eliminar' is clickable

2022-04-29 10:20:14 - [TEST_STEP][PASSED] - click(findTestObject("1-OBJECTS TAREAS PRINCIPALES/Modulo Tarea Compensacion/Dias con Permisos Pasivos Permitidos/a_Eliminar")): Object: 'Object Repository/1-OBJECTS TAREAS PRINCIPALES/Modulo Tarea Compensacion/Dias con Permisos Pasivos Permitidos/a_Eliminar' is clicked on

2022-04-29 10:20:15 - [MESSAGE][PASSED] - Object: 'Object Repository/1-OBJECTS TAREAS PRINCIPALES/Modulo Tarea Compensacion/Dias con Permisos Pasivos Permitidos/a_Eliminar' is clicked on

2022-04-29 10:20:15 - [TEST_STEP][PASSED] - waitForElementClickable(findTestObject("1-OBJECTS TAREAS PRINCIPALES/Modulo Tarea Compensacion/Dias con Permisos Pasivos Permitidos/a_Aceptar"), G_TimeOut): Object 'Object Repository/1-OBJECTS TAREAS PRINCIPALES/Modulo Tarea Compensacion/Dias con Permisos Pasivos Permitidos/a_Aceptar' is clickable

2022-04-29 10:20:15 - [MESSAGE][PASSED] - Object 'Object Repository/1-OBJECTS TAREAS PRINCIPALES/Modulo Tarea Compensacion/Dias con Permisos Pasivos Permitidos/a_Aceptar' is clickable

2022-04-29 10:20:15 - [TEST_STEP][PASSED] - click(findTestObject("1-OBJECTS TAREAS PRINCIPALES/Modulo Tarea Compensacion/Dias con Permisos Pasivos Permitidos/a_Aceptar")): Object: 'Object Repository/1-OBJECTS TAREAS PRINCIPALES/Modulo Tarea Compensacion/Dias con Permisos Pasivos Permitidos/a_Aceptar' is clicked on

2022-04-29 10:20:16 - [MESSAGE][PASSED] - Object: 'Object Repository/1-OBJECTS TAREAS PRINCIPALES/Modulo Tarea Compensacion/Dias con Permisos Pasivos Permitidos/a_Aceptar' is clicked on

2022-04-29 10:20:16 - [TEST_STEP][PASSED] - click(findTestObject("1-OBJECTS TAREAS PRINCIPALES/Modulo Tarea Compensacion/Dias con Permisos Pasivos Permitidos/a_Histrico")): Object: 'Object Repository/1-OBJECTS TAREAS PRINCIPALES/Modulo Tarea Compensacion/Dias con Permisos Pasivos Permitidos/a_Histrico' is clicked on

2022-04-29 10:20:17 - [MESSAGE][PASSED] - Object: 'Object Repository/1-OBJECTS TAREAS PRINCIPALES/Modulo Tarea Compensacion/Dias con Permisos Pasivos Permitidos/a_Histrico' is clicked on

2022-04-29 10:20:17 - [TEST_STEP][PASSED] - if (waitForElementClickable(findTestObject("1-OBJECTS TAREAS PRINCIPALES/Modulo Tarea Compensacion/Dias con Permisos Pasivos Permitidos/span_Programacion De Vacaciones"), 1)): Web element with id: 'Object Repository/1-OBJECTS TAREAS PRINCIPALES/Modulo Tarea Compensacion/Dias con Permisos Pasivos Permitidos/span_Programacion De Vacaciones' located by '//*/text()[normalize-space(.)='Programacion De Vacaciones']/parent::*' not found

2022-04-29 10:20:19 - [MESSAGE][INFO] - Unable to find the element located by 'By.xpath: //*/text()[normalize-space(.)='Programacion De Vacaciones']/parent::*'. Please recheck the objects properties to make sure the desired element is located. 

2022-04-29 10:20:19 - [MESSAGE][WARNING] - Web element with id: 'Object Repository/1-OBJECTS TAREAS PRINCIPALES/Modulo Tarea Compensacion/Dias con Permisos Pasivos Permitidos/span_Programacion De Vacaciones' located by '//*/text()[normalize-space(.)='Programacion De Vacaciones']/parent::*' not found

2022-04-29 10:20:19 - [TEST_STEP][PASSED] - click(findTestObject("1-OBJECTS TAREAS PRINCIPALES/Modulo Tarea Compensacion/Dias con Permisos Pasivos Permitidos/a_Vacaciones")): Object: 'Object Repository/1-OBJECTS TAREAS PRINCIPALES/Modulo Tarea Compensacion/Dias con Permisos Pasivos Permitidos/a_Vacaciones' is clicked on

2022-04-29 10:20:19 - [MESSAGE][PASSED] - Object: 'Object Repository/1-OBJECTS TAREAS PRINCIPALES/Modulo Tarea Compensacion/Dias con Permisos Pasivos Permitidos/a_Vacaciones' is clicked on

2022-04-29 10:20:19 - [TEST_STEP][PASSED] - waitForElementClickable(findTestObject("1-OBJECTS TAREAS PRINCIPALES/Modulo Tarea Compensacion/Dias con Permisos Pasivos Permitidos/a_Nuevo Pasivo"), G_TimeOut): Object 'Object Repository/1-OBJECTS TAREAS PRINCIPALES/Modulo Tarea Compensacion/Dias con Permisos Pasivos Permitidos/a_Nuevo Pasivo' is clickable

2022-04-29 10:20:20 - [MESSAGE][PASSED] - Object 'Object Repository/1-OBJECTS TAREAS PRINCIPALES/Modulo Tarea Compensacion/Dias con Permisos Pasivos Permitidos/a_Nuevo Pasivo' is clickable

2022-04-29 10:20:20 - [TEST_STEP][PASSED] - click(findTestObject("1-OBJECTS TAREAS PRINCIPALES/Modulo Tarea Compensacion/Dias con Permisos Pasivos Permitidos/a_Nuevo Pasivo")): Object: 'Object Repository/1-OBJECTS TAREAS PRINCIPALES/Modulo Tarea Compensacion/Dias con Permisos Pasivos Permitidos/a_Nuevo Pasivo' is clicked on

2022-04-29 10:20:21 - [MESSAGE][PASSED] - Object: 'Object Repository/1-OBJECTS TAREAS PRINCIPALES/Modulo Tarea Compensacion/Dias con Permisos Pasivos Permitidos/a_Nuevo Pasivo' is clicked on

2022-04-29 10:20:21 - [TEST_STEP][PASSED] - click(findTestObject("1-OBJECTS TAREAS PRINCIPALES/Modulo Tarea Compensacion/Dias con Permisos Pasivos Permitidos/a_pestaa Vacaciones")): Object: 'Object Repository/1-OBJECTS TAREAS PRINCIPALES/Modulo Tarea Compensacion/Dias con Permisos Pasivos Permitidos/a_pestaa Vacaciones' is clicked on

2022-04-29 10:20:21 - [MESSAGE][PASSED] - Object: 'Object Repository/1-OBJECTS TAREAS PRINCIPALES/Modulo Tarea Compensacion/Dias con Permisos Pasivos Permitidos/a_pestaa Vacaciones' is clicked on

2022-04-29 10:20:21 - [TEST_STEP][PASSED] - selectOptionByIndex(findTestObject("1-OBJECTS TAREAS PRINCIPALES/Modulo Tarea Compensacion/Dias con Permisos Pasivos Permitidos/select_APLAZAMIENTOPROGRAMACION DE VACACIONES"), "2"): All options with index in [2] are selected on object 'Object Repository/1-OBJECTS TAREAS PRINCIPALES/Modulo Tarea Compensacion/Dias con Permisos Pasivos Permitidos/select_APLAZAMIENTOPROGRAMACION DE VACACIONES'

2022-04-29 10:20:22 - [MESSAGE][PASSED] - All options with index in [2] are selected on object 'Object Repository/1-OBJECTS TAREAS PRINCIPALES/Modulo Tarea Compensacion/Dias con Permisos Pasivos Permitidos/select_APLAZAMIENTOPROGRAMACION DE VACACIONES'

2022-04-29 10:20:22 - [TEST_STEP][PASSED] - selectOptionByIndex(findTestObject("1-OBJECTS TAREAS PRINCIPALES/Modulo Tarea Compensacion/Dias con Permisos Pasivos Permitidos/select_InterrupcinNo Aplica"), "1"): All options with index in [1] are selected on object 'Object Repository/1-OBJECTS TAREAS PRINCIPALES/Modulo Tarea Compensacion/Dias con Permisos Pasivos Permitidos/select_InterrupcinNo Aplica'

2022-04-29 10:20:23 - [MESSAGE][PASSED] - All options with index in [1] are selected on object 'Object Repository/1-OBJECTS TAREAS PRINCIPALES/Modulo Tarea Compensacion/Dias con Permisos Pasivos Permitidos/select_InterrupcinNo Aplica'

2022-04-29 10:20:23 - [TEST_STEP][PASSED] - setText(findTestObject("1-OBJECTS TAREAS PRINCIPALES/Modulo Tarea Compensacion/Dias con Permisos Pasivos Permitidos/input_Periodo Servicio_form_"), "01/06/2021"): Text '01/06/2021' is set on object 'Object Repository/1-OBJECTS TAREAS PRINCIPALES/Modulo Tarea Compensacion/Dias con Permisos Pasivos Permitidos/input_Periodo Servicio_form_'

2022-04-29 10:20:24 - [MESSAGE][PASSED] - Text '01/06/2021' is set on object 'Object Repository/1-OBJECTS TAREAS PRINCIPALES/Modulo Tarea Compensacion/Dias con Permisos Pasivos Permitidos/input_Periodo Servicio_form_'

2022-04-29 10:20:24 - [TEST_STEP][PASSED] - click(findTestObject("1-OBJECTS TAREAS PRINCIPALES/Modulo Tarea Compensacion/Dias con Permisos Pasivos Permitidos/span_Periodo Servicio"), STOP_ON_FAILURE): Object: 'Object Repository/1-OBJECTS TAREAS PRINCIPALES/Modulo Tarea Compensacion/Dias con Permisos Pasivos Permitidos/span_Periodo Servicio' is clicked on

2022-04-29 10:20:25 - [MESSAGE][PASSED] - Object: 'Object Repository/1-OBJECTS TAREAS PRINCIPALES/Modulo Tarea Compensacion/Dias con Permisos Pasivos Permitidos/span_Periodo Servicio' is clicked on

2022-04-29 10:20:25 - [TEST_STEP][PASSED] - setText(findTestObject("1-OBJECTS TAREAS PRINCIPALES/Modulo Tarea Compensacion/Dias con Permisos Pasivos Permitidos/input_Periodo Servicio_form_vacaciones"), "06/06/2021"): Text '06/06/2021' is set on object 'Object Repository/1-OBJECTS TAREAS PRINCIPALES/Modulo Tarea Compensacion/Dias con Permisos Pasivos Permitidos/input_Periodo Servicio_form_vacaciones'

2022-04-29 10:20:25 - [MESSAGE][PASSED] - Text '06/06/2021' is set on object 'Object Repository/1-OBJECTS TAREAS PRINCIPALES/Modulo Tarea Compensacion/Dias con Permisos Pasivos Permitidos/input_Periodo Servicio_form_vacaciones'

2022-04-29 10:20:25 - [TEST_STEP][PASSED] - sendKeys(findTestObject("1-OBJECTS TAREAS PRINCIPALES/Modulo Tarea Compensacion/Dias con Permisos Pasivos Permitidos/input_Periodo Servicio_form_vacaciones"), Keys.chord(ENTER)): Keys 'ENTER + ' sent to object: 'Object Repository/1-OBJECTS TAREAS PRINCIPALES/Modulo Tarea Compensacion/Dias con Permisos Pasivos Permitidos/input_Periodo Servicio_form_vacaciones'

2022-04-29 10:20:26 - [MESSAGE][PASSED] - Keys 'ENTER + ' sent to object: 'Object Repository/1-OBJECTS TAREAS PRINCIPALES/Modulo Tarea Compensacion/Dias con Permisos Pasivos Permitidos/input_Periodo Servicio_form_vacaciones'

2022-04-29 10:20:26 - [TEST_STEP][PASSED] - setText(findTestObject("1-OBJECTS TAREAS PRINCIPALES/Modulo Tarea Compensacion/Dias con Permisos Pasivos Permitidos/input_Das_form_vacacionesEmpleadotabs"), "5"): Text '5' is set on object 'Object Repository/1-OBJECTS TAREAS PRINCIPALES/Modulo Tarea Compensacion/Dias con Permisos Pasivos Permitidos/input_Das_form_vacacionesEmpleadotabs'

2022-04-29 10:20:27 - [MESSAGE][PASSED] - Text '5' is set on object 'Object Repository/1-OBJECTS TAREAS PRINCIPALES/Modulo Tarea Compensacion/Dias con Permisos Pasivos Permitidos/input_Das_form_vacacionesEmpleadotabs'

2022-04-29 10:20:27 - [TEST_STEP][PASSED] - setText(findTestObject("1-OBJECTS TAREAS PRINCIPALES/Modulo Tarea Compensacion/Dias con Permisos Pasivos Permitidos/input_Fecha Origen_form_vacaciones"), "01/06/2021"): Text '01/06/2021' is set on object 'Object Repository/1-OBJECTS TAREAS PRINCIPALES/Modulo Tarea Compensacion/Dias con Permisos Pasivos Permitidos/input_Fecha Origen_form_vacaciones'

2022-04-29 10:20:28 - [MESSAGE][PASSED] - Text '01/06/2021' is set on object 'Object Repository/1-OBJECTS TAREAS PRINCIPALES/Modulo Tarea Compensacion/Dias con Permisos Pasivos Permitidos/input_Fecha Origen_form_vacaciones'

2022-04-29 10:20:28 - [TEST_STEP][PASSED] - sendKeys(findTestObject("1-OBJECTS TAREAS PRINCIPALES/Modulo Tarea Compensacion/Dias con Permisos Pasivos Permitidos/input_Fecha Origen_form_vacaciones"), Keys.chord(ENTER)): Keys 'ENTER + ' sent to object: 'Object Repository/1-OBJECTS TAREAS PRINCIPALES/Modulo Tarea Compensacion/Dias con Permisos Pasivos Permitidos/input_Fecha Origen_form_vacaciones'

2022-04-29 10:20:28 - [MESSAGE][PASSED] - Keys 'ENTER + ' sent to object: 'Object Repository/1-OBJECTS TAREAS PRINCIPALES/Modulo Tarea Compensacion/Dias con Permisos Pasivos Permitidos/input_Fecha Origen_form_vacaciones'

2022-04-29 10:20:28 - [TEST_STEP][PASSED] - waitForElementClickable(findTestObject("1-OBJECTS TAREAS PRINCIPALES/Modulo Tarea Compensacion/Dias con Permisos Pasivos Permitidos/a_Guardar"), G_TimeOut): Object 'Object Repository/1-OBJECTS TAREAS PRINCIPALES/Modulo Tarea Compensacion/Dias con Permisos Pasivos Permitidos/a_Guardar' is clickable

2022-04-29 10:20:28 - [MESSAGE][PASSED] - Object 'Object Repository/1-OBJECTS TAREAS PRINCIPALES/Modulo Tarea Compensacion/Dias con Permisos Pasivos Permitidos/a_Guardar' is clickable

2022-04-29 10:20:28 - [TEST_STEP][PASSED] - click(findTestObject("1-OBJECTS TAREAS PRINCIPALES/Modulo Tarea Compensacion/Dias con Permisos Pasivos Permitidos/a_Guardar")): Object: 'Object Repository/1-OBJECTS TAREAS PRINCIPALES/Modulo Tarea Compensacion/Dias con Permisos Pasivos Permitidos/a_Guardar' is clicked on

2022-04-29 10:20:29 - [MESSAGE][PASSED] - Object: 'Object Repository/1-OBJECTS TAREAS PRINCIPALES/Modulo Tarea Compensacion/Dias con Permisos Pasivos Permitidos/a_Guardar' is clicked on

2022-04-29 10:20:29 - [TEST_STEP][PASSED] - waitForElementClickable(findTestObject("1-OBJECTS TAREAS PRINCIPALES/Modulo Tarea Compensacion/Dias con Permisos Pasivos Permitidos/a_Regresar"), G_TimeOut): Object 'Object Repository/1-OBJECTS TAREAS PRINCIPALES/Modulo Tarea Compensacion/Dias con Permisos Pasivos Permitidos/a_Regresar' is clickable

2022-04-29 10:20:30 - [MESSAGE][PASSED] - Object 'Object Repository/1-OBJECTS TAREAS PRINCIPALES/Modulo Tarea Compensacion/Dias con Permisos Pasivos Permitidos/a_Regresar' is clickable

2022-04-29 10:20:30 - [TEST_STEP][PASSED] - click(findTestObject("1-OBJECTS TAREAS PRINCIPALES/Modulo Tarea Compensacion/Dias con Permisos Pasivos Permitidos/a_Regresar")): Object: 'Object Repository/1-OBJECTS TAREAS PRINCIPALES/Modulo Tarea Compensacion/Dias con Permisos Pasivos Permitidos/a_Regresar' is clicked on

2022-04-29 10:20:31 - [MESSAGE][PASSED] - Object: 'Object Repository/1-OBJECTS TAREAS PRINCIPALES/Modulo Tarea Compensacion/Dias con Permisos Pasivos Permitidos/a_Regresar' is clicked on

2022-04-29 10:20:31 - [TEST_STEP][PASSED] - if (waitForElementClickable(findTestObject("1-OBJECTS TAREAS PRINCIPALES/Modulo Tarea Compensacion/Dias con Permisos Pasivos Permitidos/td_02062021"), 1)): null

2022-04-29 10:20:31 - [MESSAGE][PASSED] - Object 'Object Repository/1-OBJECTS TAREAS PRINCIPALES/Modulo Tarea Compensacion/Dias con Permisos Pasivos Permitidos/td_02062021' is clickable

2022-04-29 10:20:31 - [TEST_STEP][PASSED] - click(findTestObject("1-OBJECTS TAREAS PRINCIPALES/Modulo Tarea Compensacion/Dias con Permisos Pasivos Permitidos/td_02062021")): Object: 'Object Repository/1-OBJECTS TAREAS PRINCIPALES/Modulo Tarea Compensacion/Dias con Permisos Pasivos Permitidos/td_02062021' is clicked on

2022-04-29 10:20:32 - [MESSAGE][PASSED] - Object: 'Object Repository/1-OBJECTS TAREAS PRINCIPALES/Modulo Tarea Compensacion/Dias con Permisos Pasivos Permitidos/td_02062021' is clicked on

2022-04-29 10:20:32 - [TEST_STEP][PASSED] - waitForElementClickable(findTestObject("1-OBJECTS TAREAS PRINCIPALES/Modulo Tarea Compensacion/Dias con Permisos Pasivos Permitidos/a_Eliminar Directo_Solicitud"), 0): Object 'Object Repository/1-OBJECTS TAREAS PRINCIPALES/Modulo Tarea Compensacion/Dias con Permisos Pasivos Permitidos/a_Eliminar Directo_Solicitud' is clickable

2022-04-29 10:20:32 - [MESSAGE][WARNING] - Timeout '0' is invalid. Using default page load timeout: '45'

2022-04-29 10:20:32 - [MESSAGE][PASSED] - Object 'Object Repository/1-OBJECTS TAREAS PRINCIPALES/Modulo Tarea Compensacion/Dias con Permisos Pasivos Permitidos/a_Eliminar Directo_Solicitud' is clickable

2022-04-29 10:20:32 - [TEST_STEP][PASSED] - click(findTestObject("1-OBJECTS TAREAS PRINCIPALES/Modulo Tarea Compensacion/Dias con Permisos Pasivos Permitidos/a_Eliminar Directo_Solicitud")): Object: 'Object Repository/1-OBJECTS TAREAS PRINCIPALES/Modulo Tarea Compensacion/Dias con Permisos Pasivos Permitidos/a_Eliminar Directo_Solicitud' is clicked on

2022-04-29 10:20:33 - [MESSAGE][PASSED] - Object: 'Object Repository/1-OBJECTS TAREAS PRINCIPALES/Modulo Tarea Compensacion/Dias con Permisos Pasivos Permitidos/a_Eliminar Directo_Solicitud' is clicked on

2022-04-29 10:20:33 - [TEST_STEP][PASSED] - click(findTestObject("1-OBJECTS TAREAS PRINCIPALES/Modulo Tarea Compensacion/Dias con Permisos Pasivos Permitidos/a_Aceptar")): Object: 'Object Repository/1-OBJECTS TAREAS PRINCIPALES/Modulo Tarea Compensacion/Dias con Permisos Pasivos Permitidos/a_Aceptar' is clicked on

2022-04-29 10:20:34 - [MESSAGE][PASSED] - Object: 'Object Repository/1-OBJECTS TAREAS PRINCIPALES/Modulo Tarea Compensacion/Dias con Permisos Pasivos Permitidos/a_Aceptar' is clicked on

2022-04-29 10:20:34 - [TEST_STEP][PASSED] - waitForElementClickable(findTestObject("1-OBJECTS TAREAS PRINCIPALES/Modulo Tarea Compensacion/Dias con Permisos Pasivos Permitidos/a_Nueva Solicitud"), G_TimeOut): Object 'Object Repository/1-OBJECTS TAREAS PRINCIPALES/Modulo Tarea Compensacion/Dias con Permisos Pasivos Permitidos/a_Nueva Solicitud' is clickable

2022-04-29 10:20:35 - [MESSAGE][PASSED] - Object 'Object Repository/1-OBJECTS TAREAS PRINCIPALES/Modulo Tarea Compensacion/Dias con Permisos Pasivos Permitidos/a_Nueva Solicitud' is clickable

2022-04-29 10:20:35 - [TEST_STEP][PASSED] - click(findTestObject("1-OBJECTS TAREAS PRINCIPALES/Modulo Tarea Compensacion/Dias con Permisos Pasivos Permitidos/a_Nueva Solicitud")): Object: 'Object Repository/1-OBJECTS TAREAS PRINCIPALES/Modulo Tarea Compensacion/Dias con Permisos Pasivos Permitidos/a_Nueva Solicitud' is clicked on

2022-04-29 10:20:36 - [MESSAGE][PASSED] - Object: 'Object Repository/1-OBJECTS TAREAS PRINCIPALES/Modulo Tarea Compensacion/Dias con Permisos Pasivos Permitidos/a_Nueva Solicitud' is clicked on

2022-04-29 10:20:36 - [TEST_STEP][PASSED] - setText(findTestObject("1-OBJECTS TAREAS PRINCIPALES/Modulo Tarea Compensacion/Dias con Permisos Pasivos Permitidos/input_Salida Nomina_form_vacaciones"), "01/06/2021"): Text '01/06/2021' is set on object 'Object Repository/1-OBJECTS TAREAS PRINCIPALES/Modulo Tarea Compensacion/Dias con Permisos Pasivos Permitidos/input_Salida Nomina_form_vacaciones'

2022-04-29 10:20:37 - [MESSAGE][PASSED] - Text '01/06/2021' is set on object 'Object Repository/1-OBJECTS TAREAS PRINCIPALES/Modulo Tarea Compensacion/Dias con Permisos Pasivos Permitidos/input_Salida Nomina_form_vacaciones'

2022-04-29 10:20:37 - [TEST_STEP][PASSED] - sendKeys(findTestObject("1-OBJECTS TAREAS PRINCIPALES/Modulo Tarea Compensacion/Dias con Permisos Pasivos Permitidos/input_Salida Nomina_form_vacaciones"), Keys.chord(ENTER)): Keys 'ENTER + ' sent to object: 'Object Repository/1-OBJECTS TAREAS PRINCIPALES/Modulo Tarea Compensacion/Dias con Permisos Pasivos Permitidos/input_Salida Nomina_form_vacaciones'

2022-04-29 10:20:37 - [MESSAGE][PASSED] - Keys 'ENTER + ' sent to object: 'Object Repository/1-OBJECTS TAREAS PRINCIPALES/Modulo Tarea Compensacion/Dias con Permisos Pasivos Permitidos/input_Salida Nomina_form_vacaciones'

2022-04-29 10:20:37 - [TEST_STEP][PASSED] - selectOptionByIndex(findTestObject("1-OBJECTS TAREAS PRINCIPALES/Modulo Tarea Compensacion/Dias con Permisos Pasivos Permitidos/select_SeleccioneChequeEntidad_"), "3"): All options with index in [3] are selected on object 'Object Repository/1-OBJECTS TAREAS PRINCIPALES/Modulo Tarea Compensacion/Dias con Permisos Pasivos Permitidos/select_SeleccioneChequeEntidad_'

2022-04-29 10:20:38 - [MESSAGE][PASSED] - All options with index in [3] are selected on object 'Object Repository/1-OBJECTS TAREAS PRINCIPALES/Modulo Tarea Compensacion/Dias con Permisos Pasivos Permitidos/select_SeleccioneChequeEntidad_'

2022-04-29 10:20:38 - [TEST_STEP][PASSED] - setText(findTestObject("1-OBJECTS TAREAS PRINCIPALES/Modulo Tarea Compensacion/Dias con Permisos Pasivos Permitidos/input_Pago_form_vacacionesEmpleado"), "01/06/2021"): Text '01/06/2021' is set on object 'Object Repository/1-OBJECTS TAREAS PRINCIPALES/Modulo Tarea Compensacion/Dias con Permisos Pasivos Permitidos/input_Pago_form_vacacionesEmpleado'

2022-04-29 10:20:39 - [MESSAGE][PASSED] - Text '01/06/2021' is set on object 'Object Repository/1-OBJECTS TAREAS PRINCIPALES/Modulo Tarea Compensacion/Dias con Permisos Pasivos Permitidos/input_Pago_form_vacacionesEmpleado'

2022-04-29 10:20:39 - [TEST_STEP][PASSED] - sendKeys(findTestObject("1-OBJECTS TAREAS PRINCIPALES/Modulo Tarea Compensacion/Dias con Permisos Pasivos Permitidos/input_Pago_form_vacacionesEmpleado"), Keys.chord(ENTER)): Keys 'ENTER + ' sent to object: 'Object Repository/1-OBJECTS TAREAS PRINCIPALES/Modulo Tarea Compensacion/Dias con Permisos Pasivos Permitidos/input_Pago_form_vacacionesEmpleado'

2022-04-29 10:20:40 - [MESSAGE][PASSED] - Keys 'ENTER + ' sent to object: 'Object Repository/1-OBJECTS TAREAS PRINCIPALES/Modulo Tarea Compensacion/Dias con Permisos Pasivos Permitidos/input_Pago_form_vacacionesEmpleado'

2022-04-29 10:20:40 - [TEST_STEP][PASSED] - setText(findTestObject("1-OBJECTS TAREAS PRINCIPALES/Modulo Tarea Compensacion/Dias con Permisos Pasivos Permitidos/input_Disfrute_form_vacacionesEmpleado"), "1"): Text '1' is set on object 'Object Repository/1-OBJECTS TAREAS PRINCIPALES/Modulo Tarea Compensacion/Dias con Permisos Pasivos Permitidos/input_Disfrute_form_vacacionesEmpleado'

2022-04-29 10:20:40 - [MESSAGE][PASSED] - Text '1' is set on object 'Object Repository/1-OBJECTS TAREAS PRINCIPALES/Modulo Tarea Compensacion/Dias con Permisos Pasivos Permitidos/input_Disfrute_form_vacacionesEmpleado'

2022-04-29 10:20:40 - [TEST_STEP][PASSED] - setText(findTestObject("1-OBJECTS TAREAS PRINCIPALES/Modulo Tarea Compensacion/Dias con Permisos Pasivos Permitidos/input_Compensados_form_vacaciones"), "1"): Text '1' is set on object 'Object Repository/1-OBJECTS TAREAS PRINCIPALES/Modulo Tarea Compensacion/Dias con Permisos Pasivos Permitidos/input_Compensados_form_vacaciones'

2022-04-29 10:20:41 - [MESSAGE][PASSED] - Text '1' is set on object 'Object Repository/1-OBJECTS TAREAS PRINCIPALES/Modulo Tarea Compensacion/Dias con Permisos Pasivos Permitidos/input_Compensados_form_vacaciones'

2022-04-29 10:20:41 - [TEST_STEP][PASSED] - setText(findTestObject("1-OBJECTS TAREAS PRINCIPALES/Modulo Tarea Compensacion/Dias con Permisos Pasivos Permitidos/textarea_Observacin_form_vacaciones"), "Pruebas sara"): Text 'Pruebas sara' is set on object 'Object Repository/1-OBJECTS TAREAS PRINCIPALES/Modulo Tarea Compensacion/Dias con Permisos Pasivos Permitidos/textarea_Observacin_form_vacaciones'

2022-04-29 10:20:42 - [MESSAGE][PASSED] - Text 'Pruebas sara' is set on object 'Object Repository/1-OBJECTS TAREAS PRINCIPALES/Modulo Tarea Compensacion/Dias con Permisos Pasivos Permitidos/textarea_Observacin_form_vacaciones'

2022-04-29 10:20:42 - [TEST_STEP][PASSED] - waitForElementClickable(findTestObject("1-OBJECTS TAREAS PRINCIPALES/Modulo Tarea Compensacion/Dias con Permisos Pasivos Permitidos/a_Verificar"), G_TimeOut): Object 'Object Repository/1-OBJECTS TAREAS PRINCIPALES/Modulo Tarea Compensacion/Dias con Permisos Pasivos Permitidos/a_Verificar' is clickable

2022-04-29 10:20:42 - [MESSAGE][PASSED] - Object 'Object Repository/1-OBJECTS TAREAS PRINCIPALES/Modulo Tarea Compensacion/Dias con Permisos Pasivos Permitidos/a_Verificar' is clickable

2022-04-29 10:20:42 - [TEST_STEP][PASSED] - click(findTestObject("1-OBJECTS TAREAS PRINCIPALES/Modulo Tarea Compensacion/Dias con Permisos Pasivos Permitidos/a_Verificar")): Object: 'Object Repository/1-OBJECTS TAREAS PRINCIPALES/Modulo Tarea Compensacion/Dias con Permisos Pasivos Permitidos/a_Verificar' is clicked on

2022-04-29 10:20:43 - [MESSAGE][PASSED] - Object: 'Object Repository/1-OBJECTS TAREAS PRINCIPALES/Modulo Tarea Compensacion/Dias con Permisos Pasivos Permitidos/a_Verificar' is clicked on

2022-04-29 10:20:43 - [TEST_STEP][PASSED] - waitForElementClickable(findTestObject("1-OBJECTS TAREAS PRINCIPALES/Modulo Tarea Compensacion/Dias con Permisos Pasivos Permitidos/a_Guardar_solicitudes"), 0): Object 'Object Repository/1-OBJECTS TAREAS PRINCIPALES/Modulo Tarea Compensacion/Dias con Permisos Pasivos Permitidos/a_Guardar_solicitudes' is clickable

2022-04-29 10:20:43 - [MESSAGE][WARNING] - Timeout '0' is invalid. Using default page load timeout: '45'

2022-04-29 10:20:43 - [MESSAGE][PASSED] - Object 'Object Repository/1-OBJECTS TAREAS PRINCIPALES/Modulo Tarea Compensacion/Dias con Permisos Pasivos Permitidos/a_Guardar_solicitudes' is clickable

2022-04-29 10:20:43 - [TEST_STEP][PASSED] - click(findTestObject("1-OBJECTS TAREAS PRINCIPALES/Modulo Tarea Compensacion/Dias con Permisos Pasivos Permitidos/a_Guardar_solicitudes")): Object: 'Object Repository/1-OBJECTS TAREAS PRINCIPALES/Modulo Tarea Compensacion/Dias con Permisos Pasivos Permitidos/a_Guardar_solicitudes' is clicked on

2022-04-29 10:20:44 - [MESSAGE][PASSED] - Object: 'Object Repository/1-OBJECTS TAREAS PRINCIPALES/Modulo Tarea Compensacion/Dias con Permisos Pasivos Permitidos/a_Guardar_solicitudes' is clicked on

2022-04-29 10:20:44 - [TEST_STEP][PASSED] - Alerta = getText(findTestObject("3-OBJECTS UTILIDADES/Alerta/Alerta")): Text of object 'Object Repository/3-OBJECTS UTILIDADES/Alerta/Alerta' is: 'Se modifico exitosamente su solicitud'

2022-04-29 10:20:45 - [MESSAGE][PASSED] - Text of object 'Object Repository/3-OBJECTS UTILIDADES/Alerta/Alerta' is: 'Se modifico exitosamente su solicitud'

2022-04-29 10:20:45 - [TEST_STEP][PASSED] - click(findTestObject("1-OBJECTS TAREAS PRINCIPALES/Modulo Tarea Compensacion/Dias con Permisos Pasivos Permitidos/a_Regresar_vacaciones")): Object: 'Object Repository/1-OBJECTS TAREAS PRINCIPALES/Modulo Tarea Compensacion/Dias con Permisos Pasivos Permitidos/a_Regresar_vacaciones' is clicked on

2022-04-29 10:20:46 - [MESSAGE][PASSED] - Object: 'Object Repository/1-OBJECTS TAREAS PRINCIPALES/Modulo Tarea Compensacion/Dias con Permisos Pasivos Permitidos/a_Regresar_vacaciones' is clicked on

2022-04-29 10:20:46 - [TEST_STEP][PASSED] - if (Alerta == "Se modifico exitosamente su solicitud"): null

2022-04-29 10:20:46 - [TEST_STEP][PASSED] - resultado = "PRUEBA OK": null

2022-04-29 10:20:46 - [MESSAGE][PASSED] - Call Test Case 'Test Cases/1.1-Tareas Principales/1.1.6-crear vacaciones' successfully

2022-04-29 10:20:46 - [TEST_STEP][PASSED] - waitForElementVisible(findTestObject("1-OBJECTS TAREAS PRINCIPALES/Modulo Tarea Compensacion/Generar Vacaciones/input_Listado de Empleados_form_templatej_idt24_input"), 1): Object 'Object Repository/1-OBJECTS TAREAS PRINCIPALES/Modulo Tarea Compensacion/Generar Vacaciones/input_Listado de Empleados_form_templatej_idt24_input' is visible

2022-04-29 10:20:46 - [MESSAGE][PASSED] - Object 'Object Repository/1-OBJECTS TAREAS PRINCIPALES/Modulo Tarea Compensacion/Generar Vacaciones/input_Listado de Empleados_form_templatej_idt24_input' is visible

2022-04-29 10:20:46 - [TEST_STEP][PASSED] - setText(findTestObject("1-OBJECTS TAREAS PRINCIPALES/Modulo Tarea Compensacion/Generar Vacaciones/input_Listado de Empleados_form_templatej_idt24_input"), "Generacion Vacaciones (com)"): Text 'Generacion Vacaciones (com)' is set on object 'Object Repository/1-OBJECTS TAREAS PRINCIPALES/Modulo Tarea Compensacion/Generar Vacaciones/input_Listado de Empleados_form_templatej_idt24_input'

2022-04-29 10:20:47 - [MESSAGE][PASSED] - Text 'Generacion Vacaciones (com)' is set on object 'Object Repository/1-OBJECTS TAREAS PRINCIPALES/Modulo Tarea Compensacion/Generar Vacaciones/input_Listado de Empleados_form_templatej_idt24_input'

2022-04-29 10:20:47 - [TEST_STEP][PASSED] - waitForElementVisible(findTestObject("1-OBJECTS TAREAS PRINCIPALES/Modulo Tarea Compensacion/Generar Vacaciones/span_Selecionar tarea"), 1): Object 'Object Repository/1-OBJECTS TAREAS PRINCIPALES/Modulo Tarea Compensacion/Generar Vacaciones/span_Selecionar tarea' is visible

2022-04-29 10:20:49 - [MESSAGE][PASSED] - Object 'Object Repository/1-OBJECTS TAREAS PRINCIPALES/Modulo Tarea Compensacion/Generar Vacaciones/span_Selecionar tarea' is visible

2022-04-29 10:20:49 - [TEST_STEP][PASSED] - click(findTestObject("1-OBJECTS TAREAS PRINCIPALES/Modulo Tarea Compensacion/Generar Vacaciones/span_Selecionar tarea"), STOP_ON_FAILURE): Object: 'Object Repository/1-OBJECTS TAREAS PRINCIPALES/Modulo Tarea Compensacion/Generar Vacaciones/span_Selecionar tarea' is clicked on

2022-04-29 10:20:49 - [MESSAGE][PASSED] - Object: 'Object Repository/1-OBJECTS TAREAS PRINCIPALES/Modulo Tarea Compensacion/Generar Vacaciones/span_Selecionar tarea' is clicked on

2022-04-29 10:20:49 - [TEST_STEP][PASSED] - waitForElementClickable(findTestObject("1-OBJECTS TAREAS PRINCIPALES/Modulo Tarea Compensacion/Generar Vacaciones/a_Generacin"), G_TimeOut): Object 'Object Repository/1-OBJECTS TAREAS PRINCIPALES/Modulo Tarea Compensacion/Generar Vacaciones/a_Generacin' is clickable

2022-04-29 10:20:51 - [MESSAGE][PASSED] - Object 'Object Repository/1-OBJECTS TAREAS PRINCIPALES/Modulo Tarea Compensacion/Generar Vacaciones/a_Generacin' is clickable

2022-04-29 10:20:51 - [TEST_STEP][PASSED] - click(findTestObject("1-OBJECTS TAREAS PRINCIPALES/Modulo Tarea Compensacion/Generar Vacaciones/a_Generacin")): Object: 'Object Repository/1-OBJECTS TAREAS PRINCIPALES/Modulo Tarea Compensacion/Generar Vacaciones/a_Generacin' is clicked on

2022-04-29 10:20:51 - [MESSAGE][PASSED] - Object: 'Object Repository/1-OBJECTS TAREAS PRINCIPALES/Modulo Tarea Compensacion/Generar Vacaciones/a_Generacin' is clicked on

2022-04-29 10:20:51 - [TEST_STEP][PASSED] - waitForElementClickable(findTestObject("1-OBJECTS TAREAS PRINCIPALES/Modulo Tarea Compensacion/Generar Vacaciones/select_--Seleccione--ChequeEntidad de PagoPeriodo de Nomina"), G_TimeOut): Object 'Object Repository/1-OBJECTS TAREAS PRINCIPALES/Modulo Tarea Compensacion/Generar Vacaciones/select_--Seleccione--ChequeEntidad de PagoPeriodo de Nomina' is clickable

2022-04-29 10:20:52 - [MESSAGE][PASSED] - Object 'Object Repository/1-OBJECTS TAREAS PRINCIPALES/Modulo Tarea Compensacion/Generar Vacaciones/select_--Seleccione--ChequeEntidad de PagoPeriodo de Nomina' is clickable

2022-04-29 10:20:52 - [TEST_STEP][PASSED] - click(findTestObject("1-OBJECTS TAREAS PRINCIPALES/Modulo Tarea Compensacion/Generar Vacaciones/select_--Seleccione--ChequeEntidad de PagoPeriodo de Nomina")): Object: 'Object Repository/1-OBJECTS TAREAS PRINCIPALES/Modulo Tarea Compensacion/Generar Vacaciones/select_--Seleccione--ChequeEntidad de PagoPeriodo de Nomina' is clicked on

2022-04-29 10:20:52 - [MESSAGE][PASSED] - Object: 'Object Repository/1-OBJECTS TAREAS PRINCIPALES/Modulo Tarea Compensacion/Generar Vacaciones/select_--Seleccione--ChequeEntidad de PagoPeriodo de Nomina' is clicked on

2022-04-29 10:20:52 - [TEST_STEP][PASSED] - selectOptionByIndex(findTestObject("1-OBJECTS TAREAS PRINCIPALES/Modulo Tarea Compensacion/Generar Vacaciones/select_--Seleccione--ChequeEntidad de PagoPeriodo de Nomina"), "3"): All options with index in [3] are selected on object 'Object Repository/1-OBJECTS TAREAS PRINCIPALES/Modulo Tarea Compensacion/Generar Vacaciones/select_--Seleccione--ChequeEntidad de PagoPeriodo de Nomina'

2022-04-29 10:20:53 - [MESSAGE][PASSED] - All options with index in [3] are selected on object 'Object Repository/1-OBJECTS TAREAS PRINCIPALES/Modulo Tarea Compensacion/Generar Vacaciones/select_--Seleccione--ChequeEntidad de PagoPeriodo de Nomina'

2022-04-29 10:20:53 - [TEST_STEP][PASSED] - waitForElementClickable(findTestObject("1-OBJECTS TAREAS PRINCIPALES/Modulo Tarea Compensacion/Generar Vacaciones/a_Periodo Nomina_btn_popupInformacion"), G_TimeOut): Object 'Object Repository/1-OBJECTS TAREAS PRINCIPALES/Modulo Tarea Compensacion/Generar Vacaciones/a_Periodo Nomina_btn_popupInformacion' is clickable

2022-04-29 10:20:54 - [MESSAGE][PASSED] - Object 'Object Repository/1-OBJECTS TAREAS PRINCIPALES/Modulo Tarea Compensacion/Generar Vacaciones/a_Periodo Nomina_btn_popupInformacion' is clickable

2022-04-29 10:20:54 - [TEST_STEP][PASSED] - click(findTestObject("1-OBJECTS TAREAS PRINCIPALES/Modulo Tarea Compensacion/Generar Vacaciones/a_Periodo Nomina_btn_popupInformacion")): Object: 'Object Repository/1-OBJECTS TAREAS PRINCIPALES/Modulo Tarea Compensacion/Generar Vacaciones/a_Periodo Nomina_btn_popupInformacion' is clicked on

2022-04-29 10:20:54 - [MESSAGE][PASSED] - Object: 'Object Repository/1-OBJECTS TAREAS PRINCIPALES/Modulo Tarea Compensacion/Generar Vacaciones/a_Periodo Nomina_btn_popupInformacion' is clicked on

2022-04-29 10:20:54 - [TEST_STEP][PASSED] - waitForElementClickable(findTestObject("1-OBJECTS TAREAS PRINCIPALES/Modulo Tarea Compensacion/Generar Vacaciones/span_P MensualJunio2021"), G_TimeOut): Object 'Object Repository/1-OBJECTS TAREAS PRINCIPALES/Modulo Tarea Compensacion/Generar Vacaciones/span_P MensualJunio2021' is clickable

2022-04-29 10:20:55 - [MESSAGE][PASSED] - Object 'Object Repository/1-OBJECTS TAREAS PRINCIPALES/Modulo Tarea Compensacion/Generar Vacaciones/span_P MensualJunio2021' is clickable

2022-04-29 10:20:55 - [TEST_STEP][PASSED] - click(findTestObject("1-OBJECTS TAREAS PRINCIPALES/Modulo Tarea Compensacion/Generar Vacaciones/span_P MensualJunio2021")): Object: 'Object Repository/1-OBJECTS TAREAS PRINCIPALES/Modulo Tarea Compensacion/Generar Vacaciones/span_P MensualJunio2021' is clicked on

2022-04-29 10:20:56 - [MESSAGE][PASSED] - Object: 'Object Repository/1-OBJECTS TAREAS PRINCIPALES/Modulo Tarea Compensacion/Generar Vacaciones/span_P MensualJunio2021' is clicked on

2022-04-29 10:20:56 - [TEST_STEP][PASSED] - waitForElementClickable(findTestObject("1-OBJECTS TAREAS PRINCIPALES/Modulo Tarea Compensacion/Generar Vacaciones/a_Filtrar"), G_TimeOut): Object 'Object Repository/1-OBJECTS TAREAS PRINCIPALES/Modulo Tarea Compensacion/Generar Vacaciones/a_Filtrar' is clickable

2022-04-29 10:20:56 - [MESSAGE][PASSED] - Object 'Object Repository/1-OBJECTS TAREAS PRINCIPALES/Modulo Tarea Compensacion/Generar Vacaciones/a_Filtrar' is clickable

2022-04-29 10:20:56 - [TEST_STEP][PASSED] - click(findTestObject("1-OBJECTS TAREAS PRINCIPALES/Modulo Tarea Compensacion/Generar Vacaciones/a_Filtrar")): Object: 'Object Repository/1-OBJECTS TAREAS PRINCIPALES/Modulo Tarea Compensacion/Generar Vacaciones/a_Filtrar' is clicked on

2022-04-29 10:20:57 - [MESSAGE][PASSED] - Object: 'Object Repository/1-OBJECTS TAREAS PRINCIPALES/Modulo Tarea Compensacion/Generar Vacaciones/a_Filtrar' is clicked on

2022-04-29 10:20:57 - [TEST_STEP][PASSED] - waitForElementClickable(findTestObject("1-OBJECTS TAREAS PRINCIPALES/Modulo Tarea Compensacion/Generar Vacaciones/div_Detalle_ui-chkbox-box ui-widget ui-corner-all ui-state-default"), G_TimeOut): Object 'Object Repository/1-OBJECTS TAREAS PRINCIPALES/Modulo Tarea Compensacion/Generar Vacaciones/div_Detalle_ui-chkbox-box ui-widget ui-corner-all ui-state-default' is clickable

2022-04-29 10:20:57 - [MESSAGE][PASSED] - Object 'Object Repository/1-OBJECTS TAREAS PRINCIPALES/Modulo Tarea Compensacion/Generar Vacaciones/div_Detalle_ui-chkbox-box ui-widget ui-corner-all ui-state-default' is clickable

2022-04-29 10:20:57 - [TEST_STEP][PASSED] - click(findTestObject("1-OBJECTS TAREAS PRINCIPALES/Modulo Tarea Compensacion/Generar Vacaciones/div_Detalle_ui-chkbox-box ui-widget ui-corner-all ui-state-default")): Object: 'Object Repository/1-OBJECTS TAREAS PRINCIPALES/Modulo Tarea Compensacion/Generar Vacaciones/div_Detalle_ui-chkbox-box ui-widget ui-corner-all ui-state-default' is clicked on

2022-04-29 10:20:58 - [MESSAGE][PASSED] - Object: 'Object Repository/1-OBJECTS TAREAS PRINCIPALES/Modulo Tarea Compensacion/Generar Vacaciones/div_Detalle_ui-chkbox-box ui-widget ui-corner-all ui-state-default' is clicked on

2022-04-29 10:20:58 - [TEST_STEP][PASSED] - waitForElementClickable(findTestObject("1-OBJECTS TAREAS PRINCIPALES/Modulo Tarea Compensacion/Generar Vacaciones/a_Aplicar"), G_TimeOut): Object 'Object Repository/1-OBJECTS TAREAS PRINCIPALES/Modulo Tarea Compensacion/Generar Vacaciones/a_Aplicar' is clickable

2022-04-29 10:20:58 - [MESSAGE][PASSED] - Object 'Object Repository/1-OBJECTS TAREAS PRINCIPALES/Modulo Tarea Compensacion/Generar Vacaciones/a_Aplicar' is clickable

2022-04-29 10:20:58 - [TEST_STEP][PASSED] - click(findTestObject("1-OBJECTS TAREAS PRINCIPALES/Modulo Tarea Compensacion/Generar Vacaciones/a_Aplicar")): Object: 'Object Repository/1-OBJECTS TAREAS PRINCIPALES/Modulo Tarea Compensacion/Generar Vacaciones/a_Aplicar' is clicked on

2022-04-29 10:20:59 - [MESSAGE][PASSED] - Object: 'Object Repository/1-OBJECTS TAREAS PRINCIPALES/Modulo Tarea Compensacion/Generar Vacaciones/a_Aplicar' is clicked on

2022-04-29 10:20:59 - [TEST_STEP][PASSED] - waitForElementClickable(findTestObject("1-OBJECTS TAREAS PRINCIPALES/Modulo Tarea Compensacion/Generar Vacaciones/span_Si"), G_TimeOut): Object 'Object Repository/1-OBJECTS TAREAS PRINCIPALES/Modulo Tarea Compensacion/Generar Vacaciones/span_Si' is clickable

2022-04-29 10:20:59 - [MESSAGE][PASSED] - Object 'Object Repository/1-OBJECTS TAREAS PRINCIPALES/Modulo Tarea Compensacion/Generar Vacaciones/span_Si' is clickable

2022-04-29 10:20:59 - [TEST_STEP][PASSED] - click(findTestObject("1-OBJECTS TAREAS PRINCIPALES/Modulo Tarea Compensacion/Generar Vacaciones/span_Si")): Object: 'Object Repository/1-OBJECTS TAREAS PRINCIPALES/Modulo Tarea Compensacion/Generar Vacaciones/span_Si' is clicked on

2022-04-29 10:21:00 - [MESSAGE][PASSED] - Object: 'Object Repository/1-OBJECTS TAREAS PRINCIPALES/Modulo Tarea Compensacion/Generar Vacaciones/span_Si' is clicked on

2022-04-29 10:21:00 - [TEST_STEP][PASSED] - waitForElementClickable(findTestObject("1-OBJECTS TAREAS PRINCIPALES/Modulo Tarea Compensacion/Generar Vacaciones/a_Continuar"), 0): Object 'Object Repository/1-OBJECTS TAREAS PRINCIPALES/Modulo Tarea Compensacion/Generar Vacaciones/a_Continuar' is clickable

2022-04-29 10:21:00 - [MESSAGE][WARNING] - Timeout '0' is invalid. Using default page load timeout: '45'

2022-04-29 10:21:18 - [MESSAGE][PASSED] - Object 'Object Repository/1-OBJECTS TAREAS PRINCIPALES/Modulo Tarea Compensacion/Generar Vacaciones/a_Continuar' is clickable

2022-04-29 10:21:18 - [TEST_STEP][PASSED] - click(findTestObject("1-OBJECTS TAREAS PRINCIPALES/Modulo Tarea Compensacion/Generar Vacaciones/a_Continuar")): Object: 'Object Repository/1-OBJECTS TAREAS PRINCIPALES/Modulo Tarea Compensacion/Generar Vacaciones/a_Continuar' is clicked on

2022-04-29 10:21:19 - [MESSAGE][PASSED] - Object: 'Object Repository/1-OBJECTS TAREAS PRINCIPALES/Modulo Tarea Compensacion/Generar Vacaciones/a_Continuar' is clicked on

2022-04-29 10:21:19 - [TEST_STEP][PASSED] - Alerta = getText(findTestObject("3-OBJECTS UTILIDADES/Alerta/Alerta")): Text of object 'Object Repository/3-OBJECTS UTILIDADES/Alerta/Alerta' is: 'Se Actualizo correctamente el registro'

2022-04-29 10:21:20 - [MESSAGE][PASSED] - Text of object 'Object Repository/3-OBJECTS UTILIDADES/Alerta/Alerta' is: 'Se Actualizo correctamente el registro'

2022-04-29 10:21:20 - [TEST_STEP][PASSED] - if (Alerta == "Se Actualizo correctamente el registro"): Browser is closed

2022-04-29 10:21:20 - [TEST_STEP][PASSED] - closeBrowser(): Browser is closed

2022-04-29 10:21:20 - [MESSAGE][PASSED] - Browser is closed]]></system-out>
         <system-err><![CDATA[]]></system-err>
      </testcase>
      <testcase name="Test Cases/1.1-Tareas Principales/1.1.8-Mantenimiento de Vacaciones Reliquidar" time="21.481" classname="Test Cases/1.1-Tareas Principales/1.1.8-Mantenimiento de Vacaciones Reliquidar" status="PASSED">
         <system-out><![CDATA[2022-04-29 10:21:20 - [TEST_CASE][PASSED] - Test Cases/1.1-Tareas Principales/1.1.8-Mantenimiento de Vacaciones Reliquidar: Test Cases/1.1-Tareas Principales/1.1.8-Mantenimiento de Vacaciones Reliquidar

2022-04-29 10:21:21 - [TEST_STEP][PASSED] - callTestCase(findTestCase("0.1-Login"), [:], STOP_ON_FAILURE): Call Test Case 'Test Cases/0.1-Login' successfully

2022-04-29 10:21:21 - [TEST_CASE][PASSED] - Test Cases/0.1-Login: Test Cases/0.1-Login

2022-04-29 10:21:21 - [TEST_STEP][PASSED] - openBrowser(""): Browser is opened with url: ''

2022-04-29 10:21:21 - [MESSAGE][INFO] - Starting 'Chrome' driver

2022-04-29 10:21:21 - [MESSAGE][INFO] - Action delay is set to 0 milliseconds

2022-04-29 10:21:22 - [MESSAGE][PASSED] - Browser is opened with url: ''

2022-04-29 10:21:22 - [TEST_STEP][PASSED] - maximizeWindow(): Current window maximized

2022-04-29 10:21:22 - [MESSAGE][PASSED] - Current window maximized

2022-04-29 10:21:22 - [TEST_STEP][PASSED] - i = G_Login: null

2022-04-29 10:21:22 - [TEST_STEP][PASSED] - url = new java.net.URL(i): null

2022-04-29 10:21:22 - [TEST_STEP][PASSED] - println("URL: " + url.toString()): null

2022-04-29 10:21:22 - [TEST_STEP][PASSED] - connection = url.openConnection(): null

2022-04-29 10:21:22 - [TEST_STEP][PASSED] - connection.setRequestMethod("GET"): null

2022-04-29 10:21:22 - [TEST_STEP][PASSED] - connection.setReadTimeout(2 * 1000): null

2022-04-29 10:21:22 - [TEST_STEP][PASSED] - try: null

2022-04-29 10:21:22 - [TEST_STEP][PASSED] - connection.connect(): null

2022-04-29 10:21:22 - [TEST_STEP][PASSED] - flag = connected: null

2022-04-29 10:21:22 - [TEST_STEP][PASSED] - println("Valor_ori: " + flag): null

2022-04-29 10:21:22 - [TEST_STEP][PASSED] - if (flag): null

2022-04-29 10:21:22 - [TEST_STEP][PASSED] - navigateToUrl(i): Navigate to 'http://192.168.2.19:8380/saraweb' successfully

2022-04-29 10:21:23 - [MESSAGE][PASSED] - Navigate to 'http://192.168.2.19:8380/saraweb' successfully

2022-04-29 10:21:23 - [TEST_STEP][PASSED] - a(): null

2022-04-29 10:21:23 - [TEST_STEP][PASSED] - setText(findTestObject("3-OBJECTS UTILIDADES/Login/input_USUARIO_loginusuario"), G_Usuario): Text 'saraadmin' is set on object 'Object Repository/3-OBJECTS UTILIDADES/Login/input_USUARIO_loginusuario'

2022-04-29 10:21:24 - [MESSAGE][PASSED] - Text 'saraadmin' is set on object 'Object Repository/3-OBJECTS UTILIDADES/Login/input_USUARIO_loginusuario'

2022-04-29 10:21:24 - [TEST_STEP][PASSED] - setEncryptedText(findTestObject("3-OBJECTS UTILIDADES/Login/input_CLAVE_loginpassword"), "MkG4/TYiCFC3cb2driP7+Q=="): Text ****** has been set on object 'Object Repository/3-OBJECTS UTILIDADES/Login/input_CLAVE_loginpassword'

2022-04-29 10:21:24 - [MESSAGE][PASSED] - Text ****** has been set on object 'Object Repository/3-OBJECTS UTILIDADES/Login/input_CLAVE_loginpassword'

2022-04-29 10:21:24 - [TEST_STEP][PASSED] - waitForElementClickable(findTestObject("3-OBJECTS UTILIDADES/Login/a_Ingresar"), G_TimeOut): Object 'Object Repository/3-OBJECTS UTILIDADES/Login/a_Ingresar' is clickable

2022-04-29 10:21:24 - [MESSAGE][PASSED] - Object 'Object Repository/3-OBJECTS UTILIDADES/Login/a_Ingresar' is clickable

2022-04-29 10:21:24 - [TEST_STEP][PASSED] - click(findTestObject("3-OBJECTS UTILIDADES/Login/a_Ingresar")): Object: 'Object Repository/3-OBJECTS UTILIDADES/Login/a_Ingresar' is clicked on

2022-04-29 10:21:26 - [MESSAGE][PASSED] - Object: 'Object Repository/3-OBJECTS UTILIDADES/Login/a_Ingresar' is clicked on

2022-04-29 10:21:26 - [TEST_STEP][PASSED] - element = findWebElement(findTestObject("3-OBJECTS UTILIDADES/Login/a_Ir"), 30): null

2022-04-29 10:21:27 - [TEST_STEP][PASSED] - executeJavaScript("arguments[0].click()", Arrays.asList(element)): Execute JavaScript 'arguments[0].click()' successfully

2022-04-29 10:21:27 - [MESSAGE][PASSED] - Execute JavaScript 'arguments[0].click()' successfully

2022-04-29 10:21:27 - [MESSAGE][PASSED] - Call Test Case 'Test Cases/0.1-Login' successfully

2022-04-29 10:21:27 - [TEST_STEP][PASSED] - waitForElementClickable(findTestObject("1-OBJECTS TAREAS PRINCIPALES/Modulo Tarea Compensacion/Periodo en Proceso - Archivo Plano/Mantenimiento de Vacaciones Reliquidar/input_Mantenimiento de Vacaciones_form_templatej_idt24_input"), 0): Object 'Object Repository/1-OBJECTS TAREAS PRINCIPALES/Modulo Tarea Compensacion/Periodo en Proceso - Archivo Plano/Mantenimiento de Vacaciones Reliquidar/input_Mantenimiento de Vacaciones_form_templatej_idt24_input' is clickable

2022-04-29 10:21:27 - [MESSAGE][WARNING] - Timeout '0' is invalid. Using default page load timeout: '45'

2022-04-29 10:21:28 - [MESSAGE][PASSED] - Object 'Object Repository/1-OBJECTS TAREAS PRINCIPALES/Modulo Tarea Compensacion/Periodo en Proceso - Archivo Plano/Mantenimiento de Vacaciones Reliquidar/input_Mantenimiento de Vacaciones_form_templatej_idt24_input' is clickable

2022-04-29 10:21:28 - [TEST_STEP][PASSED] - setText(findTestObject("1-OBJECTS TAREAS PRINCIPALES/Modulo Tarea Compensacion/Periodo en Proceso - Archivo Plano/Mantenimiento de Vacaciones Reliquidar/input_Mantenimiento de Vacaciones_form_templatej_idt24_input"), "Mantenimiento de Vacaciones"): Text 'Mantenimiento de Vacaciones' is set on object 'Object Repository/1-OBJECTS TAREAS PRINCIPALES/Modulo Tarea Compensacion/Periodo en Proceso - Archivo Plano/Mantenimiento de Vacaciones Reliquidar/input_Mantenimiento de Vacaciones_form_templatej_idt24_input'

2022-04-29 10:21:28 - [MESSAGE][PASSED] - Text 'Mantenimiento de Vacaciones' is set on object 'Object Repository/1-OBJECTS TAREAS PRINCIPALES/Modulo Tarea Compensacion/Periodo en Proceso - Archivo Plano/Mantenimiento de Vacaciones Reliquidar/input_Mantenimiento de Vacaciones_form_templatej_idt24_input'

2022-04-29 10:21:28 - [TEST_STEP][PASSED] - waitForElementVisible(findTestObject("1-OBJECTS TAREAS PRINCIPALES/Modulo Tarea Compensacion/Periodo en Proceso - Archivo Plano/Mantenimiento de Vacaciones Reliquidar/span_mantenimiento de vacaciones reliquidar"), 0): Object 'Object Repository/1-OBJECTS TAREAS PRINCIPALES/Modulo Tarea Compensacion/Periodo en Proceso - Archivo Plano/Mantenimiento de Vacaciones Reliquidar/span_mantenimiento de vacaciones reliquidar' is visible

2022-04-29 10:21:28 - [MESSAGE][WARNING] - Timeout '0' is invalid. Using default page load timeout: '45'

2022-04-29 10:21:30 - [MESSAGE][PASSED] - Object 'Object Repository/1-OBJECTS TAREAS PRINCIPALES/Modulo Tarea Compensacion/Periodo en Proceso - Archivo Plano/Mantenimiento de Vacaciones Reliquidar/span_mantenimiento de vacaciones reliquidar' is visible

2022-04-29 10:21:30 - [TEST_STEP][PASSED] - click(findTestObject("1-OBJECTS TAREAS PRINCIPALES/Modulo Tarea Compensacion/Periodo en Proceso - Archivo Plano/Mantenimiento de Vacaciones Reliquidar/span_mantenimiento de vacaciones reliquidar"), STOP_ON_FAILURE): Object: 'Object Repository/1-OBJECTS TAREAS PRINCIPALES/Modulo Tarea Compensacion/Periodo en Proceso - Archivo Plano/Mantenimiento de Vacaciones Reliquidar/span_mantenimiento de vacaciones reliquidar' is clicked on

2022-04-29 10:21:30 - [MESSAGE][PASSED] - Object: 'Object Repository/1-OBJECTS TAREAS PRINCIPALES/Modulo Tarea Compensacion/Periodo en Proceso - Archivo Plano/Mantenimiento de Vacaciones Reliquidar/span_mantenimiento de vacaciones reliquidar' is clicked on

2022-04-29 10:21:30 - [TEST_STEP][PASSED] - setText(findTestObject("1-OBJECTS TAREAS PRINCIPALES/Modulo Tarea Compensacion/Periodo en Proceso - Archivo Plano/Mantenimiento de Vacaciones Reliquidar/input_Identificacin_form_mantenimientoVacacionj_idt66"), "1234567890"): Text '1234567890' is set on object 'Object Repository/1-OBJECTS TAREAS PRINCIPALES/Modulo Tarea Compensacion/Periodo en Proceso - Archivo Plano/Mantenimiento de Vacaciones Reliquidar/input_Identificacin_form_mantenimientoVacacionj_idt66'

2022-04-29 10:21:31 - [MESSAGE][PASSED] - Text '1234567890' is set on object 'Object Repository/1-OBJECTS TAREAS PRINCIPALES/Modulo Tarea Compensacion/Periodo en Proceso - Archivo Plano/Mantenimiento de Vacaciones Reliquidar/input_Identificacin_form_mantenimientoVacacionj_idt66'

2022-04-29 10:21:31 - [TEST_STEP][PASSED] - sendKeys(findTestObject("Modulo Tarea Administracion Compensacion/Mantenimiento de Vacaciones Reliquidar/input_Identificacin_form_mante"), Keys.chord(ENTER)): Keys 'ENTER + ' sent to object: 'tempBody'

2022-04-29 10:21:31 - [MESSAGE][WARNING] - Test object with id 'Object Repository/Modulo Tarea Administracion Compensacion/Mantenimiento de Vacaciones Reliquidar/input_Identificacin_form_mante' does not exist

2022-04-29 10:21:31 - [MESSAGE][WARNING] - Test object with id 'Object Repository/' does not exist

2022-04-29 10:21:32 - [MESSAGE][PASSED] - Keys 'ENTER + ' sent to object: 'tempBody'

2022-04-29 10:21:32 - [TEST_STEP][PASSED] - if (waitForElementVisible(findTestObject("1-OBJECTS TAREAS PRINCIPALES/Modulo Tarea Compensacion/Periodo en Proceso - Archivo Plano/Mantenimiento de Vacaciones Reliquidar/td_No se encontr registros"), 1)): Web element with id: 'Object Repository/1-OBJECTS TAREAS PRINCIPALES/Modulo Tarea Compensacion/Periodo en Proceso - Archivo Plano/Mantenimiento de Vacaciones Reliquidar/td_No se encontr registros' located by '//*/text()[normalize-space(.)='No se encontró registros']/parent::*' not found

2022-04-29 10:21:34 - [MESSAGE][INFO] - Unable to find the element located by 'By.xpath: //*/text()[normalize-space(.)='No se encontró registros']/parent::*'. Please recheck the objects properties to make sure the desired element is located. 

2022-04-29 10:21:34 - [MESSAGE][WARNING] - Web element with id: 'Object Repository/1-OBJECTS TAREAS PRINCIPALES/Modulo Tarea Compensacion/Periodo en Proceso - Archivo Plano/Mantenimiento de Vacaciones Reliquidar/td_No se encontr registros' located by '//*/text()[normalize-space(.)='No se encontró registros']/parent::*' not found

2022-04-29 10:21:34 - [TEST_STEP][PASSED] - selectOptionByIndex(findTestObject("1-OBJECTS TAREAS PRINCIPALES/Modulo Tarea Compensacion/Periodo en Proceso - Archivo Plano/Mantenimiento de Vacaciones Reliquidar/select_SeleccioneCerradaNo Cerrada"), "2"): All options with index in [2] are selected on object 'Object Repository/1-OBJECTS TAREAS PRINCIPALES/Modulo Tarea Compensacion/Periodo en Proceso - Archivo Plano/Mantenimiento de Vacaciones Reliquidar/select_SeleccioneCerradaNo Cerrada'

2022-04-29 10:21:35 - [MESSAGE][PASSED] - All options with index in [2] are selected on object 'Object Repository/1-OBJECTS TAREAS PRINCIPALES/Modulo Tarea Compensacion/Periodo en Proceso - Archivo Plano/Mantenimiento de Vacaciones Reliquidar/select_SeleccioneCerradaNo Cerrada'

2022-04-29 10:21:35 - [TEST_STEP][PASSED] - check(findTestObject("1-OBJECTS TAREAS PRINCIPALES/Modulo Tarea Compensacion/Periodo en Proceso - Archivo Plano/Mantenimiento de Vacaciones Reliquidar/div_Estado_ui-chkbox-")): Object 'Object Repository/1-OBJECTS TAREAS PRINCIPALES/Modulo Tarea Compensacion/Periodo en Proceso - Archivo Plano/Mantenimiento de Vacaciones Reliquidar/div_Estado_ui-chkbox-' is checked

2022-04-29 10:21:36 - [MESSAGE][PASSED] - Object 'Object Repository/1-OBJECTS TAREAS PRINCIPALES/Modulo Tarea Compensacion/Periodo en Proceso - Archivo Plano/Mantenimiento de Vacaciones Reliquidar/div_Estado_ui-chkbox-' is checked

2022-04-29 10:21:36 - [TEST_STEP][PASSED] - click(findTestObject("1-OBJECTS TAREAS PRINCIPALES/Modulo Tarea Compensacion/Periodo en Proceso - Archivo Plano/Mantenimiento de Vacaciones Reliquidar/a_Reliquidacion")): Object: 'Object Repository/1-OBJECTS TAREAS PRINCIPALES/Modulo Tarea Compensacion/Periodo en Proceso - Archivo Plano/Mantenimiento de Vacaciones Reliquidar/a_Reliquidacion' is clicked on

2022-04-29 10:21:37 - [MESSAGE][PASSED] - Object: 'Object Repository/1-OBJECTS TAREAS PRINCIPALES/Modulo Tarea Compensacion/Periodo en Proceso - Archivo Plano/Mantenimiento de Vacaciones Reliquidar/a_Reliquidacion' is clicked on

2022-04-29 10:21:37 - [TEST_STEP][PASSED] - click(findTestObject("1-OBJECTS TAREAS PRINCIPALES/Modulo Tarea Compensacion/Periodo en Proceso - Archivo Plano/Mantenimiento de Vacaciones Reliquidar/a_Aceptar_Reliquidacion")): Object: 'Object Repository/1-OBJECTS TAREAS PRINCIPALES/Modulo Tarea Compensacion/Periodo en Proceso - Archivo Plano/Mantenimiento de Vacaciones Reliquidar/a_Aceptar_Reliquidacion' is clicked on

2022-04-29 10:21:37 - [MESSAGE][PASSED] - Object: 'Object Repository/1-OBJECTS TAREAS PRINCIPALES/Modulo Tarea Compensacion/Periodo en Proceso - Archivo Plano/Mantenimiento de Vacaciones Reliquidar/a_Aceptar_Reliquidacion' is clicked on

2022-04-29 10:21:37 - [TEST_STEP][PASSED] - waitForElementClickable(findTestObject("1-OBJECTS TAREAS PRINCIPALES/Modulo Tarea Compensacion/Periodo en Proceso - Archivo Plano/Mantenimiento de Vacaciones Reliquidar/a_Continuar_Reliquidar"), 0): Object 'Object Repository/1-OBJECTS TAREAS PRINCIPALES/Modulo Tarea Compensacion/Periodo en Proceso - Archivo Plano/Mantenimiento de Vacaciones Reliquidar/a_Continuar_Reliquidar' is clickable

2022-04-29 10:21:37 - [MESSAGE][WARNING] - Timeout '0' is invalid. Using default page load timeout: '45'

2022-04-29 10:21:41 - [MESSAGE][PASSED] - Object 'Object Repository/1-OBJECTS TAREAS PRINCIPALES/Modulo Tarea Compensacion/Periodo en Proceso - Archivo Plano/Mantenimiento de Vacaciones Reliquidar/a_Continuar_Reliquidar' is clickable

2022-04-29 10:21:41 - [TEST_STEP][PASSED] - click(findTestObject("1-OBJECTS TAREAS PRINCIPALES/Modulo Tarea Compensacion/Periodo en Proceso - Archivo Plano/Mantenimiento de Vacaciones Reliquidar/a_Continuar_Reliquidar")): Object: 'Object Repository/1-OBJECTS TAREAS PRINCIPALES/Modulo Tarea Compensacion/Periodo en Proceso - Archivo Plano/Mantenimiento de Vacaciones Reliquidar/a_Continuar_Reliquidar' is clicked on

2022-04-29 10:21:41 - [MESSAGE][PASSED] - Object: 'Object Repository/1-OBJECTS TAREAS PRINCIPALES/Modulo Tarea Compensacion/Periodo en Proceso - Archivo Plano/Mantenimiento de Vacaciones Reliquidar/a_Continuar_Reliquidar' is clicked on

2022-04-29 10:21:41 - [TEST_STEP][PASSED] - if (waitForElementVisible(findTestObject("1-OBJECTS TAREAS PRINCIPALES/Modulo Tarea Compensacion/Periodo en Proceso - Archivo Plano/Mantenimiento de Vacaciones Reliquidar/td_1234567890"), 1)): null

2022-04-29 10:21:42 - [MESSAGE][PASSED] - Object 'Object Repository/1-OBJECTS TAREAS PRINCIPALES/Modulo Tarea Compensacion/Periodo en Proceso - Archivo Plano/Mantenimiento de Vacaciones Reliquidar/td_1234567890' is visible

2022-04-29 10:21:42 - [TEST_STEP][PASSED] - Resultado = "PRUEBA OK": null]]></system-out>
         <system-err><![CDATA[]]></system-err>
      </testcase>
      <testcase name="Test Cases/1.1-Tareas Principales/1.1.9-Imprimir comprobante de vacaciones" time="28.75" classname="Test Cases/1.1-Tareas Principales/1.1.9-Imprimir comprobante de vacaciones" status="PASSED">
         <system-out><![CDATA[2022-04-29 10:21:42 - [TEST_CASE][PASSED] - Test Cases/1.1-Tareas Principales/1.1.9-Imprimir comprobante de vacaciones: Test Cases/1.1-Tareas Principales/1.1.9-Imprimir comprobante de vacaciones

2022-04-29 10:21:42 - [TEST_STEP][PASSED] - callTestCase(findTestCase("1.1-Tareas Principales/1.1.8-Mantenimiento de Vacaciones Reliquidar"), [:], STOP_ON_FAILURE): Call Test Case 'Test Cases/1.1-Tareas Principales/1.1.8-Mantenimiento de Vacaciones Reliquidar' successfully

2022-04-29 10:21:42 - [TEST_CASE][PASSED] - Test Cases/1.1-Tareas Principales/1.1.8-Mantenimiento de Vacaciones Reliquidar: Test Cases/1.1-Tareas Principales/1.1.8-Mantenimiento de Vacaciones Reliquidar

2022-04-29 10:21:42 - [TEST_STEP][PASSED] - callTestCase(findTestCase("0.1-Login"), [:], STOP_ON_FAILURE): Call Test Case 'Test Cases/0.1-Login' successfully

2022-04-29 10:21:42 - [TEST_CASE][PASSED] - Test Cases/0.1-Login: Test Cases/0.1-Login

2022-04-29 10:21:42 - [TEST_STEP][PASSED] - openBrowser(""): Browser is opened with url: ''

2022-04-29 10:21:42 - [MESSAGE][WARNING] - A browser is already opened. Closing browser and opening a new one

2022-04-29 10:21:43 - [MESSAGE][INFO] - Starting 'Chrome' driver

2022-04-29 10:21:43 - [MESSAGE][INFO] - Action delay is set to 0 milliseconds

2022-04-29 10:21:44 - [MESSAGE][PASSED] - Browser is opened with url: ''

2022-04-29 10:21:44 - [TEST_STEP][PASSED] - maximizeWindow(): Current window maximized

2022-04-29 10:21:45 - [MESSAGE][PASSED] - Current window maximized

2022-04-29 10:21:45 - [TEST_STEP][PASSED] - i = G_Login: null

2022-04-29 10:21:45 - [TEST_STEP][PASSED] - url = new java.net.URL(i): null

2022-04-29 10:21:45 - [TEST_STEP][PASSED] - println("URL: " + url.toString()): null

2022-04-29 10:21:45 - [TEST_STEP][PASSED] - connection = url.openConnection(): null

2022-04-29 10:21:45 - [TEST_STEP][PASSED] - connection.setRequestMethod("GET"): null

2022-04-29 10:21:45 - [TEST_STEP][PASSED] - connection.setReadTimeout(2 * 1000): null

2022-04-29 10:21:45 - [TEST_STEP][PASSED] - try: null

2022-04-29 10:21:45 - [TEST_STEP][PASSED] - connection.connect(): null

2022-04-29 10:21:45 - [TEST_STEP][PASSED] - flag = connected: null

2022-04-29 10:21:45 - [TEST_STEP][PASSED] - println("Valor_ori: " + flag): null

2022-04-29 10:21:45 - [TEST_STEP][PASSED] - if (flag): null

2022-04-29 10:21:45 - [TEST_STEP][PASSED] - navigateToUrl(i): Navigate to 'http://192.168.2.19:8380/saraweb' successfully

2022-04-29 10:21:45 - [MESSAGE][PASSED] - Navigate to 'http://192.168.2.19:8380/saraweb' successfully

2022-04-29 10:21:45 - [TEST_STEP][PASSED] - a(): null

2022-04-29 10:21:45 - [TEST_STEP][PASSED] - setText(findTestObject("3-OBJECTS UTILIDADES/Login/input_USUARIO_loginusuario"), G_Usuario): Text 'saraadmin' is set on object 'Object Repository/3-OBJECTS UTILIDADES/Login/input_USUARIO_loginusuario'

2022-04-29 10:21:46 - [MESSAGE][PASSED] - Text 'saraadmin' is set on object 'Object Repository/3-OBJECTS UTILIDADES/Login/input_USUARIO_loginusuario'

2022-04-29 10:21:46 - [TEST_STEP][PASSED] - setEncryptedText(findTestObject("3-OBJECTS UTILIDADES/Login/input_CLAVE_loginpassword"), "MkG4/TYiCFC3cb2driP7+Q=="): Text ****** has been set on object 'Object Repository/3-OBJECTS UTILIDADES/Login/input_CLAVE_loginpassword'

2022-04-29 10:21:46 - [MESSAGE][PASSED] - Text ****** has been set on object 'Object Repository/3-OBJECTS UTILIDADES/Login/input_CLAVE_loginpassword'

2022-04-29 10:21:46 - [TEST_STEP][PASSED] - waitForElementClickable(findTestObject("3-OBJECTS UTILIDADES/Login/a_Ingresar"), G_TimeOut): Object 'Object Repository/3-OBJECTS UTILIDADES/Login/a_Ingresar' is clickable

2022-04-29 10:21:47 - [MESSAGE][PASSED] - Object 'Object Repository/3-OBJECTS UTILIDADES/Login/a_Ingresar' is clickable

2022-04-29 10:21:47 - [TEST_STEP][PASSED] - click(findTestObject("3-OBJECTS UTILIDADES/Login/a_Ingresar")): Object: 'Object Repository/3-OBJECTS UTILIDADES/Login/a_Ingresar' is clicked on

2022-04-29 10:21:48 - [MESSAGE][PASSED] - Object: 'Object Repository/3-OBJECTS UTILIDADES/Login/a_Ingresar' is clicked on

2022-04-29 10:21:48 - [TEST_STEP][PASSED] - element = findWebElement(findTestObject("3-OBJECTS UTILIDADES/Login/a_Ir"), 30): null

2022-04-29 10:21:49 - [TEST_STEP][PASSED] - executeJavaScript("arguments[0].click()", Arrays.asList(element)): Execute JavaScript 'arguments[0].click()' successfully

2022-04-29 10:21:49 - [MESSAGE][PASSED] - Execute JavaScript 'arguments[0].click()' successfully

2022-04-29 10:21:49 - [MESSAGE][PASSED] - Call Test Case 'Test Cases/0.1-Login' successfully

2022-04-29 10:21:49 - [TEST_STEP][PASSED] - waitForElementClickable(findTestObject("1-OBJECTS TAREAS PRINCIPALES/Modulo Tarea Compensacion/Periodo en Proceso - Archivo Plano/Mantenimiento de Vacaciones Reliquidar/input_Mantenimiento de Vacaciones_form_templatej_idt24_input"), 0): Object 'Object Repository/1-OBJECTS TAREAS PRINCIPALES/Modulo Tarea Compensacion/Periodo en Proceso - Archivo Plano/Mantenimiento de Vacaciones Reliquidar/input_Mantenimiento de Vacaciones_form_templatej_idt24_input' is clickable

2022-04-29 10:21:49 - [MESSAGE][WARNING] - Timeout '0' is invalid. Using default page load timeout: '45'

2022-04-29 10:21:49 - [MESSAGE][PASSED] - Object 'Object Repository/1-OBJECTS TAREAS PRINCIPALES/Modulo Tarea Compensacion/Periodo en Proceso - Archivo Plano/Mantenimiento de Vacaciones Reliquidar/input_Mantenimiento de Vacaciones_form_templatej_idt24_input' is clickable

2022-04-29 10:21:49 - [TEST_STEP][PASSED] - setText(findTestObject("1-OBJECTS TAREAS PRINCIPALES/Modulo Tarea Compensacion/Periodo en Proceso - Archivo Plano/Mantenimiento de Vacaciones Reliquidar/input_Mantenimiento de Vacaciones_form_templatej_idt24_input"), "Mantenimiento de Vacaciones"): Text 'Mantenimiento de Vacaciones' is set on object 'Object Repository/1-OBJECTS TAREAS PRINCIPALES/Modulo Tarea Compensacion/Periodo en Proceso - Archivo Plano/Mantenimiento de Vacaciones Reliquidar/input_Mantenimiento de Vacaciones_form_templatej_idt24_input'

2022-04-29 10:21:50 - [MESSAGE][PASSED] - Text 'Mantenimiento de Vacaciones' is set on object 'Object Repository/1-OBJECTS TAREAS PRINCIPALES/Modulo Tarea Compensacion/Periodo en Proceso - Archivo Plano/Mantenimiento de Vacaciones Reliquidar/input_Mantenimiento de Vacaciones_form_templatej_idt24_input'

2022-04-29 10:21:50 - [TEST_STEP][PASSED] - waitForElementVisible(findTestObject("1-OBJECTS TAREAS PRINCIPALES/Modulo Tarea Compensacion/Periodo en Proceso - Archivo Plano/Mantenimiento de Vacaciones Reliquidar/span_mantenimiento de vacaciones reliquidar"), 0): Object 'Object Repository/1-OBJECTS TAREAS PRINCIPALES/Modulo Tarea Compensacion/Periodo en Proceso - Archivo Plano/Mantenimiento de Vacaciones Reliquidar/span_mantenimiento de vacaciones reliquidar' is visible

2022-04-29 10:21:50 - [MESSAGE][WARNING] - Timeout '0' is invalid. Using default page load timeout: '45'

2022-04-29 10:21:51 - [MESSAGE][PASSED] - Object 'Object Repository/1-OBJECTS TAREAS PRINCIPALES/Modulo Tarea Compensacion/Periodo en Proceso - Archivo Plano/Mantenimiento de Vacaciones Reliquidar/span_mantenimiento de vacaciones reliquidar' is visible

2022-04-29 10:21:51 - [TEST_STEP][PASSED] - click(findTestObject("1-OBJECTS TAREAS PRINCIPALES/Modulo Tarea Compensacion/Periodo en Proceso - Archivo Plano/Mantenimiento de Vacaciones Reliquidar/span_mantenimiento de vacaciones reliquidar"), STOP_ON_FAILURE): Object: 'Object Repository/1-OBJECTS TAREAS PRINCIPALES/Modulo Tarea Compensacion/Periodo en Proceso - Archivo Plano/Mantenimiento de Vacaciones Reliquidar/span_mantenimiento de vacaciones reliquidar' is clicked on

2022-04-29 10:21:52 - [MESSAGE][PASSED] - Object: 'Object Repository/1-OBJECTS TAREAS PRINCIPALES/Modulo Tarea Compensacion/Periodo en Proceso - Archivo Plano/Mantenimiento de Vacaciones Reliquidar/span_mantenimiento de vacaciones reliquidar' is clicked on

2022-04-29 10:21:52 - [TEST_STEP][PASSED] - setText(findTestObject("1-OBJECTS TAREAS PRINCIPALES/Modulo Tarea Compensacion/Periodo en Proceso - Archivo Plano/Mantenimiento de Vacaciones Reliquidar/input_Identificacin_form_mantenimientoVacacionj_idt66"), "1234567890"): Text '1234567890' is set on object 'Object Repository/1-OBJECTS TAREAS PRINCIPALES/Modulo Tarea Compensacion/Periodo en Proceso - Archivo Plano/Mantenimiento de Vacaciones Reliquidar/input_Identificacin_form_mantenimientoVacacionj_idt66'

2022-04-29 10:21:53 - [MESSAGE][PASSED] - Text '1234567890' is set on object 'Object Repository/1-OBJECTS TAREAS PRINCIPALES/Modulo Tarea Compensacion/Periodo en Proceso - Archivo Plano/Mantenimiento de Vacaciones Reliquidar/input_Identificacin_form_mantenimientoVacacionj_idt66'

2022-04-29 10:21:53 - [TEST_STEP][PASSED] - sendKeys(findTestObject("Modulo Tarea Administracion Compensacion/Mantenimiento de Vacaciones Reliquidar/input_Identificacin_form_mante"), Keys.chord(ENTER)): Keys 'ENTER + ' sent to object: 'tempBody'

2022-04-29 10:21:53 - [MESSAGE][WARNING] - Test object with id 'Object Repository/Modulo Tarea Administracion Compensacion/Mantenimiento de Vacaciones Reliquidar/input_Identificacin_form_mante' does not exist

2022-04-29 10:21:53 - [MESSAGE][WARNING] - Test object with id 'Object Repository/' does not exist

2022-04-29 10:21:53 - [MESSAGE][PASSED] - Keys 'ENTER + ' sent to object: 'tempBody'

2022-04-29 10:21:53 - [TEST_STEP][PASSED] - if (waitForElementVisible(findTestObject("1-OBJECTS TAREAS PRINCIPALES/Modulo Tarea Compensacion/Periodo en Proceso - Archivo Plano/Mantenimiento de Vacaciones Reliquidar/td_No se encontr registros"), 1)): Web element with id: 'Object Repository/1-OBJECTS TAREAS PRINCIPALES/Modulo Tarea Compensacion/Periodo en Proceso - Archivo Plano/Mantenimiento de Vacaciones Reliquidar/td_No se encontr registros' located by '//*/text()[normalize-space(.)='No se encontró registros']/parent::*' not found

2022-04-29 10:21:55 - [MESSAGE][INFO] - Unable to find the element located by 'By.xpath: //*/text()[normalize-space(.)='No se encontró registros']/parent::*'. Please recheck the objects properties to make sure the desired element is located. 

2022-04-29 10:21:55 - [MESSAGE][WARNING] - Web element with id: 'Object Repository/1-OBJECTS TAREAS PRINCIPALES/Modulo Tarea Compensacion/Periodo en Proceso - Archivo Plano/Mantenimiento de Vacaciones Reliquidar/td_No se encontr registros' located by '//*/text()[normalize-space(.)='No se encontró registros']/parent::*' not found

2022-04-29 10:21:55 - [TEST_STEP][PASSED] - selectOptionByIndex(findTestObject("1-OBJECTS TAREAS PRINCIPALES/Modulo Tarea Compensacion/Periodo en Proceso - Archivo Plano/Mantenimiento de Vacaciones Reliquidar/select_SeleccioneCerradaNo Cerrada"), "2"): All options with index in [2] are selected on object 'Object Repository/1-OBJECTS TAREAS PRINCIPALES/Modulo Tarea Compensacion/Periodo en Proceso - Archivo Plano/Mantenimiento de Vacaciones Reliquidar/select_SeleccioneCerradaNo Cerrada'

2022-04-29 10:21:56 - [MESSAGE][PASSED] - All options with index in [2] are selected on object 'Object Repository/1-OBJECTS TAREAS PRINCIPALES/Modulo Tarea Compensacion/Periodo en Proceso - Archivo Plano/Mantenimiento de Vacaciones Reliquidar/select_SeleccioneCerradaNo Cerrada'

2022-04-29 10:21:56 - [TEST_STEP][PASSED] - check(findTestObject("1-OBJECTS TAREAS PRINCIPALES/Modulo Tarea Compensacion/Periodo en Proceso - Archivo Plano/Mantenimiento de Vacaciones Reliquidar/div_Estado_ui-chkbox-")): Object 'Object Repository/1-OBJECTS TAREAS PRINCIPALES/Modulo Tarea Compensacion/Periodo en Proceso - Archivo Plano/Mantenimiento de Vacaciones Reliquidar/div_Estado_ui-chkbox-' is checked

2022-04-29 10:21:57 - [MESSAGE][PASSED] - Object 'Object Repository/1-OBJECTS TAREAS PRINCIPALES/Modulo Tarea Compensacion/Periodo en Proceso - Archivo Plano/Mantenimiento de Vacaciones Reliquidar/div_Estado_ui-chkbox-' is checked

2022-04-29 10:21:57 - [TEST_STEP][PASSED] - click(findTestObject("1-OBJECTS TAREAS PRINCIPALES/Modulo Tarea Compensacion/Periodo en Proceso - Archivo Plano/Mantenimiento de Vacaciones Reliquidar/a_Reliquidacion")): Object: 'Object Repository/1-OBJECTS TAREAS PRINCIPALES/Modulo Tarea Compensacion/Periodo en Proceso - Archivo Plano/Mantenimiento de Vacaciones Reliquidar/a_Reliquidacion' is clicked on

2022-04-29 10:21:58 - [MESSAGE][PASSED] - Object: 'Object Repository/1-OBJECTS TAREAS PRINCIPALES/Modulo Tarea Compensacion/Periodo en Proceso - Archivo Plano/Mantenimiento de Vacaciones Reliquidar/a_Reliquidacion' is clicked on

2022-04-29 10:21:58 - [TEST_STEP][PASSED] - click(findTestObject("1-OBJECTS TAREAS PRINCIPALES/Modulo Tarea Compensacion/Periodo en Proceso - Archivo Plano/Mantenimiento de Vacaciones Reliquidar/a_Aceptar_Reliquidacion")): Object: 'Object Repository/1-OBJECTS TAREAS PRINCIPALES/Modulo Tarea Compensacion/Periodo en Proceso - Archivo Plano/Mantenimiento de Vacaciones Reliquidar/a_Aceptar_Reliquidacion' is clicked on

2022-04-29 10:21:59 - [MESSAGE][PASSED] - Object: 'Object Repository/1-OBJECTS TAREAS PRINCIPALES/Modulo Tarea Compensacion/Periodo en Proceso - Archivo Plano/Mantenimiento de Vacaciones Reliquidar/a_Aceptar_Reliquidacion' is clicked on

2022-04-29 10:21:59 - [TEST_STEP][PASSED] - waitForElementClickable(findTestObject("1-OBJECTS TAREAS PRINCIPALES/Modulo Tarea Compensacion/Periodo en Proceso - Archivo Plano/Mantenimiento de Vacaciones Reliquidar/a_Continuar_Reliquidar"), 0): Object 'Object Repository/1-OBJECTS TAREAS PRINCIPALES/Modulo Tarea Compensacion/Periodo en Proceso - Archivo Plano/Mantenimiento de Vacaciones Reliquidar/a_Continuar_Reliquidar' is clickable

2022-04-29 10:21:59 - [MESSAGE][WARNING] - Timeout '0' is invalid. Using default page load timeout: '45'

2022-04-29 10:22:02 - [MESSAGE][PASSED] - Object 'Object Repository/1-OBJECTS TAREAS PRINCIPALES/Modulo Tarea Compensacion/Periodo en Proceso - Archivo Plano/Mantenimiento de Vacaciones Reliquidar/a_Continuar_Reliquidar' is clickable

2022-04-29 10:22:02 - [TEST_STEP][PASSED] - click(findTestObject("1-OBJECTS TAREAS PRINCIPALES/Modulo Tarea Compensacion/Periodo en Proceso - Archivo Plano/Mantenimiento de Vacaciones Reliquidar/a_Continuar_Reliquidar")): Object: 'Object Repository/1-OBJECTS TAREAS PRINCIPALES/Modulo Tarea Compensacion/Periodo en Proceso - Archivo Plano/Mantenimiento de Vacaciones Reliquidar/a_Continuar_Reliquidar' is clicked on

2022-04-29 10:22:03 - [MESSAGE][PASSED] - Object: 'Object Repository/1-OBJECTS TAREAS PRINCIPALES/Modulo Tarea Compensacion/Periodo en Proceso - Archivo Plano/Mantenimiento de Vacaciones Reliquidar/a_Continuar_Reliquidar' is clicked on

2022-04-29 10:22:03 - [TEST_STEP][PASSED] - if (waitForElementVisible(findTestObject("1-OBJECTS TAREAS PRINCIPALES/Modulo Tarea Compensacion/Periodo en Proceso - Archivo Plano/Mantenimiento de Vacaciones Reliquidar/td_1234567890"), 1)): null

2022-04-29 10:22:03 - [MESSAGE][PASSED] - Object 'Object Repository/1-OBJECTS TAREAS PRINCIPALES/Modulo Tarea Compensacion/Periodo en Proceso - Archivo Plano/Mantenimiento de Vacaciones Reliquidar/td_1234567890' is visible

2022-04-29 10:22:03 - [TEST_STEP][PASSED] - Resultado = "PRUEBA OK": null

2022-04-29 10:22:03 - [MESSAGE][PASSED] - Call Test Case 'Test Cases/1.1-Tareas Principales/1.1.8-Mantenimiento de Vacaciones Reliquidar' successfully

2022-04-29 10:22:03 - [TEST_STEP][PASSED] - waitForElementClickable(findTestObject("1-OBJECTS TAREAS PRINCIPALES/Modulo Tarea Compensacion/Imprimir comprobante de vacaciones/td_1234567890"), 0): Object 'Object Repository/1-OBJECTS TAREAS PRINCIPALES/Modulo Tarea Compensacion/Imprimir comprobante de vacaciones/td_1234567890' is clickable

2022-04-29 10:22:03 - [MESSAGE][WARNING] - Timeout '0' is invalid. Using default page load timeout: '45'

2022-04-29 10:22:04 - [MESSAGE][PASSED] - Object 'Object Repository/1-OBJECTS TAREAS PRINCIPALES/Modulo Tarea Compensacion/Imprimir comprobante de vacaciones/td_1234567890' is clickable

2022-04-29 10:22:04 - [TEST_STEP][PASSED] - click(findTestObject("1-OBJECTS TAREAS PRINCIPALES/Modulo Tarea Compensacion/Imprimir comprobante de vacaciones/td_1234567890")): Object: 'Object Repository/1-OBJECTS TAREAS PRINCIPALES/Modulo Tarea Compensacion/Imprimir comprobante de vacaciones/td_1234567890' is clicked on

2022-04-29 10:22:04 - [MESSAGE][PASSED] - Object: 'Object Repository/1-OBJECTS TAREAS PRINCIPALES/Modulo Tarea Compensacion/Imprimir comprobante de vacaciones/td_1234567890' is clicked on

2022-04-29 10:22:04 - [TEST_STEP][PASSED] - click(findTestObject("1-OBJECTS TAREAS PRINCIPALES/Modulo Tarea Compensacion/Imprimir comprobante de vacaciones/span_Imprimir")): Object: 'Object Repository/1-OBJECTS TAREAS PRINCIPALES/Modulo Tarea Compensacion/Imprimir comprobante de vacaciones/span_Imprimir' is clicked on

2022-04-29 10:22:06 - [MESSAGE][PASSED] - Object: 'Object Repository/1-OBJECTS TAREAS PRINCIPALES/Modulo Tarea Compensacion/Imprimir comprobante de vacaciones/span_Imprimir' is clicked on

2022-04-29 10:22:06 - [TEST_STEP][PASSED] - click(findTestObject("1-OBJECTS TAREAS PRINCIPALES/Modulo Tarea Compensacion/Imprimir comprobante de vacaciones/input_Publicar_j_idt712tipo")): Object: 'Object Repository/1-OBJECTS TAREAS PRINCIPALES/Modulo Tarea Compensacion/Imprimir comprobante de vacaciones/input_Publicar_j_idt712tipo' is clicked on

2022-04-29 10:22:07 - [MESSAGE][PASSED] - Object: 'Object Repository/1-OBJECTS TAREAS PRINCIPALES/Modulo Tarea Compensacion/Imprimir comprobante de vacaciones/input_Publicar_j_idt712tipo' is clicked on

2022-04-29 10:22:07 - [TEST_STEP][PASSED] - selectOptionByIndex(findTestObject("1-OBJECTS TAREAS PRINCIPALES/Modulo Tarea Compensacion/Imprimir comprobante de vacaciones/select_-- Seleccione --COMPROB"), "1"): All options with index in [1] are selected on object 'Object Repository/1-OBJECTS TAREAS PRINCIPALES/Modulo Tarea Compensacion/Imprimir comprobante de vacaciones/select_-- Seleccione --COMPROB'

2022-04-29 10:22:08 - [MESSAGE][PASSED] - All options with index in [1] are selected on object 'Object Repository/1-OBJECTS TAREAS PRINCIPALES/Modulo Tarea Compensacion/Imprimir comprobante de vacaciones/select_-- Seleccione --COMPROB'

2022-04-29 10:22:08 - [TEST_STEP][PASSED] - click(findTestObject("1-OBJECTS TAREAS PRINCIPALES/Modulo Tarea Compensacion/Imprimir comprobante de vacaciones/a_Publicar")): Object: 'Object Repository/1-OBJECTS TAREAS PRINCIPALES/Modulo Tarea Compensacion/Imprimir comprobante de vacaciones/a_Publicar' is clicked on

2022-04-29 10:22:08 - [MESSAGE][PASSED] - Object: 'Object Repository/1-OBJECTS TAREAS PRINCIPALES/Modulo Tarea Compensacion/Imprimir comprobante de vacaciones/a_Publicar' is clicked on

2022-04-29 10:22:08 - [TEST_STEP][PASSED] - Alert = getText(findTestObject("3-OBJECTS UTILIDADES/Alerta/Alerta")): Text of object 'Object Repository/3-OBJECTS UTILIDADES/Alerta/Alerta' is: 'Los comprobantes han sido publicados'

2022-04-29 10:22:10 - [MESSAGE][PASSED] - Text of object 'Object Repository/3-OBJECTS UTILIDADES/Alerta/Alerta' is: 'Los comprobantes han sido publicados'

2022-04-29 10:22:10 - [TEST_STEP][PASSED] - if (Alert == "Los comprobantes han sido publicados"): Browser is closed

2022-04-29 10:22:10 - [TEST_STEP][PASSED] - closeBrowser(): Browser is closed

2022-04-29 10:22:11 - [MESSAGE][PASSED] - Browser is closed]]></system-out>
         <system-err><![CDATA[]]></system-err>
      </testcase>
      <testcase name="Test Cases/1.1-Tareas Principales/1.2.1-Reversar Vacaciones" time="25.744" classname="Test Cases/1.1-Tareas Principales/1.2.1-Reversar Vacaciones" status="PASSED">
         <system-out><![CDATA[2022-04-29 10:22:11 - [TEST_CASE][PASSED] - Test Cases/1.1-Tareas Principales/1.2.1-Reversar Vacaciones: Test Cases/1.1-Tareas Principales/1.2.1-Reversar Vacaciones

2022-04-29 10:22:11 - [TEST_STEP][PASSED] - callTestCase(findTestCase("1.1-Tareas Principales/1.1.8-Mantenimiento de Vacaciones Reliquidar"), [:], STOP_ON_FAILURE): Call Test Case 'Test Cases/1.1-Tareas Principales/1.1.8-Mantenimiento de Vacaciones Reliquidar' successfully

2022-04-29 10:22:11 - [TEST_CASE][PASSED] - Test Cases/1.1-Tareas Principales/1.1.8-Mantenimiento de Vacaciones Reliquidar: Test Cases/1.1-Tareas Principales/1.1.8-Mantenimiento de Vacaciones Reliquidar

2022-04-29 10:22:11 - [TEST_STEP][PASSED] - callTestCase(findTestCase("0.1-Login"), [:], STOP_ON_FAILURE): Call Test Case 'Test Cases/0.1-Login' successfully

2022-04-29 10:22:11 - [TEST_CASE][PASSED] - Test Cases/0.1-Login: Test Cases/0.1-Login

2022-04-29 10:22:11 - [TEST_STEP][PASSED] - openBrowser(""): Browser is opened with url: ''

2022-04-29 10:22:11 - [MESSAGE][INFO] - Starting 'Chrome' driver

2022-04-29 10:22:11 - [MESSAGE][INFO] - Action delay is set to 0 milliseconds

2022-04-29 10:22:13 - [MESSAGE][PASSED] - Browser is opened with url: ''

2022-04-29 10:22:13 - [TEST_STEP][PASSED] - maximizeWindow(): Current window maximized

2022-04-29 10:22:13 - [MESSAGE][PASSED] - Current window maximized

2022-04-29 10:22:13 - [TEST_STEP][PASSED] - i = G_Login: null

2022-04-29 10:22:13 - [TEST_STEP][PASSED] - url = new java.net.URL(i): null

2022-04-29 10:22:13 - [TEST_STEP][PASSED] - println("URL: " + url.toString()): null

2022-04-29 10:22:13 - [TEST_STEP][PASSED] - connection = url.openConnection(): null

2022-04-29 10:22:13 - [TEST_STEP][PASSED] - connection.setRequestMethod("GET"): null

2022-04-29 10:22:13 - [TEST_STEP][PASSED] - connection.setReadTimeout(2 * 1000): null

2022-04-29 10:22:13 - [TEST_STEP][PASSED] - try: null

2022-04-29 10:22:13 - [TEST_STEP][PASSED] - connection.connect(): null

2022-04-29 10:22:13 - [TEST_STEP][PASSED] - flag = connected: null

2022-04-29 10:22:13 - [TEST_STEP][PASSED] - println("Valor_ori: " + flag): null

2022-04-29 10:22:13 - [TEST_STEP][PASSED] - if (flag): null

2022-04-29 10:22:13 - [TEST_STEP][PASSED] - navigateToUrl(i): Navigate to 'http://192.168.2.19:8380/saraweb' successfully

2022-04-29 10:22:13 - [MESSAGE][PASSED] - Navigate to 'http://192.168.2.19:8380/saraweb' successfully

2022-04-29 10:22:13 - [TEST_STEP][PASSED] - a(): null

2022-04-29 10:22:13 - [TEST_STEP][PASSED] - setText(findTestObject("3-OBJECTS UTILIDADES/Login/input_USUARIO_loginusuario"), G_Usuario): Text 'saraadmin' is set on object 'Object Repository/3-OBJECTS UTILIDADES/Login/input_USUARIO_loginusuario'

2022-04-29 10:22:14 - [MESSAGE][PASSED] - Text 'saraadmin' is set on object 'Object Repository/3-OBJECTS UTILIDADES/Login/input_USUARIO_loginusuario'

2022-04-29 10:22:14 - [TEST_STEP][PASSED] - setEncryptedText(findTestObject("3-OBJECTS UTILIDADES/Login/input_CLAVE_loginpassword"), "MkG4/TYiCFC3cb2driP7+Q=="): Text ****** has been set on object 'Object Repository/3-OBJECTS UTILIDADES/Login/input_CLAVE_loginpassword'

2022-04-29 10:22:14 - [MESSAGE][PASSED] - Text ****** has been set on object 'Object Repository/3-OBJECTS UTILIDADES/Login/input_CLAVE_loginpassword'

2022-04-29 10:22:14 - [TEST_STEP][PASSED] - waitForElementClickable(findTestObject("3-OBJECTS UTILIDADES/Login/a_Ingresar"), G_TimeOut): Object 'Object Repository/3-OBJECTS UTILIDADES/Login/a_Ingresar' is clickable

2022-04-29 10:22:15 - [MESSAGE][PASSED] - Object 'Object Repository/3-OBJECTS UTILIDADES/Login/a_Ingresar' is clickable

2022-04-29 10:22:15 - [TEST_STEP][PASSED] - click(findTestObject("3-OBJECTS UTILIDADES/Login/a_Ingresar")): Object: 'Object Repository/3-OBJECTS UTILIDADES/Login/a_Ingresar' is clicked on

2022-04-29 10:22:15 - [MESSAGE][PASSED] - Object: 'Object Repository/3-OBJECTS UTILIDADES/Login/a_Ingresar' is clicked on

2022-04-29 10:22:15 - [TEST_STEP][PASSED] - element = findWebElement(findTestObject("3-OBJECTS UTILIDADES/Login/a_Ir"), 30): null

2022-04-29 10:22:16 - [TEST_STEP][PASSED] - executeJavaScript("arguments[0].click()", Arrays.asList(element)): Execute JavaScript 'arguments[0].click()' successfully

2022-04-29 10:22:16 - [MESSAGE][PASSED] - Execute JavaScript 'arguments[0].click()' successfully

2022-04-29 10:22:16 - [MESSAGE][PASSED] - Call Test Case 'Test Cases/0.1-Login' successfully

2022-04-29 10:22:16 - [TEST_STEP][PASSED] - waitForElementClickable(findTestObject("1-OBJECTS TAREAS PRINCIPALES/Modulo Tarea Compensacion/Periodo en Proceso - Archivo Plano/Mantenimiento de Vacaciones Reliquidar/input_Mantenimiento de Vacaciones_form_templatej_idt24_input"), 0): Object 'Object Repository/1-OBJECTS TAREAS PRINCIPALES/Modulo Tarea Compensacion/Periodo en Proceso - Archivo Plano/Mantenimiento de Vacaciones Reliquidar/input_Mantenimiento de Vacaciones_form_templatej_idt24_input' is clickable

2022-04-29 10:22:16 - [MESSAGE][WARNING] - Timeout '0' is invalid. Using default page load timeout: '45'

2022-04-29 10:22:17 - [MESSAGE][PASSED] - Object 'Object Repository/1-OBJECTS TAREAS PRINCIPALES/Modulo Tarea Compensacion/Periodo en Proceso - Archivo Plano/Mantenimiento de Vacaciones Reliquidar/input_Mantenimiento de Vacaciones_form_templatej_idt24_input' is clickable

2022-04-29 10:22:17 - [TEST_STEP][PASSED] - setText(findTestObject("1-OBJECTS TAREAS PRINCIPALES/Modulo Tarea Compensacion/Periodo en Proceso - Archivo Plano/Mantenimiento de Vacaciones Reliquidar/input_Mantenimiento de Vacaciones_form_templatej_idt24_input"), "Mantenimiento de Vacaciones"): Text 'Mantenimiento de Vacaciones' is set on object 'Object Repository/1-OBJECTS TAREAS PRINCIPALES/Modulo Tarea Compensacion/Periodo en Proceso - Archivo Plano/Mantenimiento de Vacaciones Reliquidar/input_Mantenimiento de Vacaciones_form_templatej_idt24_input'

2022-04-29 10:22:17 - [MESSAGE][PASSED] - Text 'Mantenimiento de Vacaciones' is set on object 'Object Repository/1-OBJECTS TAREAS PRINCIPALES/Modulo Tarea Compensacion/Periodo en Proceso - Archivo Plano/Mantenimiento de Vacaciones Reliquidar/input_Mantenimiento de Vacaciones_form_templatej_idt24_input'

2022-04-29 10:22:17 - [TEST_STEP][PASSED] - waitForElementVisible(findTestObject("1-OBJECTS TAREAS PRINCIPALES/Modulo Tarea Compensacion/Periodo en Proceso - Archivo Plano/Mantenimiento de Vacaciones Reliquidar/span_mantenimiento de vacaciones reliquidar"), 0): Object 'Object Repository/1-OBJECTS TAREAS PRINCIPALES/Modulo Tarea Compensacion/Periodo en Proceso - Archivo Plano/Mantenimiento de Vacaciones Reliquidar/span_mantenimiento de vacaciones reliquidar' is visible

2022-04-29 10:22:17 - [MESSAGE][WARNING] - Timeout '0' is invalid. Using default page load timeout: '45'

2022-04-29 10:22:19 - [MESSAGE][PASSED] - Object 'Object Repository/1-OBJECTS TAREAS PRINCIPALES/Modulo Tarea Compensacion/Periodo en Proceso - Archivo Plano/Mantenimiento de Vacaciones Reliquidar/span_mantenimiento de vacaciones reliquidar' is visible

2022-04-29 10:22:19 - [TEST_STEP][PASSED] - click(findTestObject("1-OBJECTS TAREAS PRINCIPALES/Modulo Tarea Compensacion/Periodo en Proceso - Archivo Plano/Mantenimiento de Vacaciones Reliquidar/span_mantenimiento de vacaciones reliquidar"), STOP_ON_FAILURE): Object: 'Object Repository/1-OBJECTS TAREAS PRINCIPALES/Modulo Tarea Compensacion/Periodo en Proceso - Archivo Plano/Mantenimiento de Vacaciones Reliquidar/span_mantenimiento de vacaciones reliquidar' is clicked on

2022-04-29 10:22:19 - [MESSAGE][PASSED] - Object: 'Object Repository/1-OBJECTS TAREAS PRINCIPALES/Modulo Tarea Compensacion/Periodo en Proceso - Archivo Plano/Mantenimiento de Vacaciones Reliquidar/span_mantenimiento de vacaciones reliquidar' is clicked on

2022-04-29 10:22:19 - [TEST_STEP][PASSED] - setText(findTestObject("1-OBJECTS TAREAS PRINCIPALES/Modulo Tarea Compensacion/Periodo en Proceso - Archivo Plano/Mantenimiento de Vacaciones Reliquidar/input_Identificacin_form_mantenimientoVacacionj_idt66"), "1234567890"): Text '1234567890' is set on object 'Object Repository/1-OBJECTS TAREAS PRINCIPALES/Modulo Tarea Compensacion/Periodo en Proceso - Archivo Plano/Mantenimiento de Vacaciones Reliquidar/input_Identificacin_form_mantenimientoVacacionj_idt66'

2022-04-29 10:22:20 - [MESSAGE][PASSED] - Text '1234567890' is set on object 'Object Repository/1-OBJECTS TAREAS PRINCIPALES/Modulo Tarea Compensacion/Periodo en Proceso - Archivo Plano/Mantenimiento de Vacaciones Reliquidar/input_Identificacin_form_mantenimientoVacacionj_idt66'

2022-04-29 10:22:20 - [TEST_STEP][PASSED] - sendKeys(findTestObject("Modulo Tarea Administracion Compensacion/Mantenimiento de Vacaciones Reliquidar/input_Identificacin_form_mante"), Keys.chord(ENTER)): Keys 'ENTER + ' sent to object: 'tempBody'

2022-04-29 10:22:20 - [MESSAGE][WARNING] - Test object with id 'Object Repository/Modulo Tarea Administracion Compensacion/Mantenimiento de Vacaciones Reliquidar/input_Identificacin_form_mante' does not exist

2022-04-29 10:22:20 - [MESSAGE][WARNING] - Test object with id 'Object Repository/' does not exist

2022-04-29 10:22:21 - [MESSAGE][PASSED] - Keys 'ENTER + ' sent to object: 'tempBody'

2022-04-29 10:22:21 - [TEST_STEP][PASSED] - if (waitForElementVisible(findTestObject("1-OBJECTS TAREAS PRINCIPALES/Modulo Tarea Compensacion/Periodo en Proceso - Archivo Plano/Mantenimiento de Vacaciones Reliquidar/td_No se encontr registros"), 1)): Web element with id: 'Object Repository/1-OBJECTS TAREAS PRINCIPALES/Modulo Tarea Compensacion/Periodo en Proceso - Archivo Plano/Mantenimiento de Vacaciones Reliquidar/td_No se encontr registros' located by '//*/text()[normalize-space(.)='No se encontró registros']/parent::*' not found

2022-04-29 10:22:23 - [MESSAGE][INFO] - Unable to find the element located by 'By.xpath: //*/text()[normalize-space(.)='No se encontró registros']/parent::*'. Please recheck the objects properties to make sure the desired element is located. 

2022-04-29 10:22:23 - [MESSAGE][WARNING] - Web element with id: 'Object Repository/1-OBJECTS TAREAS PRINCIPALES/Modulo Tarea Compensacion/Periodo en Proceso - Archivo Plano/Mantenimiento de Vacaciones Reliquidar/td_No se encontr registros' located by '//*/text()[normalize-space(.)='No se encontró registros']/parent::*' not found

2022-04-29 10:22:23 - [TEST_STEP][PASSED] - selectOptionByIndex(findTestObject("1-OBJECTS TAREAS PRINCIPALES/Modulo Tarea Compensacion/Periodo en Proceso - Archivo Plano/Mantenimiento de Vacaciones Reliquidar/select_SeleccioneCerradaNo Cerrada"), "2"): All options with index in [2] are selected on object 'Object Repository/1-OBJECTS TAREAS PRINCIPALES/Modulo Tarea Compensacion/Periodo en Proceso - Archivo Plano/Mantenimiento de Vacaciones Reliquidar/select_SeleccioneCerradaNo Cerrada'

2022-04-29 10:22:24 - [MESSAGE][PASSED] - All options with index in [2] are selected on object 'Object Repository/1-OBJECTS TAREAS PRINCIPALES/Modulo Tarea Compensacion/Periodo en Proceso - Archivo Plano/Mantenimiento de Vacaciones Reliquidar/select_SeleccioneCerradaNo Cerrada'

2022-04-29 10:22:24 - [TEST_STEP][PASSED] - check(findTestObject("1-OBJECTS TAREAS PRINCIPALES/Modulo Tarea Compensacion/Periodo en Proceso - Archivo Plano/Mantenimiento de Vacaciones Reliquidar/div_Estado_ui-chkbox-")): Object 'Object Repository/1-OBJECTS TAREAS PRINCIPALES/Modulo Tarea Compensacion/Periodo en Proceso - Archivo Plano/Mantenimiento de Vacaciones Reliquidar/div_Estado_ui-chkbox-' is checked

2022-04-29 10:22:25 - [MESSAGE][PASSED] - Object 'Object Repository/1-OBJECTS TAREAS PRINCIPALES/Modulo Tarea Compensacion/Periodo en Proceso - Archivo Plano/Mantenimiento de Vacaciones Reliquidar/div_Estado_ui-chkbox-' is checked

2022-04-29 10:22:25 - [TEST_STEP][PASSED] - click(findTestObject("1-OBJECTS TAREAS PRINCIPALES/Modulo Tarea Compensacion/Periodo en Proceso - Archivo Plano/Mantenimiento de Vacaciones Reliquidar/a_Reliquidacion")): Object: 'Object Repository/1-OBJECTS TAREAS PRINCIPALES/Modulo Tarea Compensacion/Periodo en Proceso - Archivo Plano/Mantenimiento de Vacaciones Reliquidar/a_Reliquidacion' is clicked on

2022-04-29 10:22:26 - [MESSAGE][PASSED] - Object: 'Object Repository/1-OBJECTS TAREAS PRINCIPALES/Modulo Tarea Compensacion/Periodo en Proceso - Archivo Plano/Mantenimiento de Vacaciones Reliquidar/a_Reliquidacion' is clicked on

2022-04-29 10:22:26 - [TEST_STEP][PASSED] - click(findTestObject("1-OBJECTS TAREAS PRINCIPALES/Modulo Tarea Compensacion/Periodo en Proceso - Archivo Plano/Mantenimiento de Vacaciones Reliquidar/a_Aceptar_Reliquidacion")): Object: 'Object Repository/1-OBJECTS TAREAS PRINCIPALES/Modulo Tarea Compensacion/Periodo en Proceso - Archivo Plano/Mantenimiento de Vacaciones Reliquidar/a_Aceptar_Reliquidacion' is clicked on

2022-04-29 10:22:27 - [MESSAGE][PASSED] - Object: 'Object Repository/1-OBJECTS TAREAS PRINCIPALES/Modulo Tarea Compensacion/Periodo en Proceso - Archivo Plano/Mantenimiento de Vacaciones Reliquidar/a_Aceptar_Reliquidacion' is clicked on

2022-04-29 10:22:27 - [TEST_STEP][PASSED] - waitForElementClickable(findTestObject("1-OBJECTS TAREAS PRINCIPALES/Modulo Tarea Compensacion/Periodo en Proceso - Archivo Plano/Mantenimiento de Vacaciones Reliquidar/a_Continuar_Reliquidar"), 0): Object 'Object Repository/1-OBJECTS TAREAS PRINCIPALES/Modulo Tarea Compensacion/Periodo en Proceso - Archivo Plano/Mantenimiento de Vacaciones Reliquidar/a_Continuar_Reliquidar' is clickable

2022-04-29 10:22:27 - [MESSAGE][WARNING] - Timeout '0' is invalid. Using default page load timeout: '45'

2022-04-29 10:22:30 - [MESSAGE][PASSED] - Object 'Object Repository/1-OBJECTS TAREAS PRINCIPALES/Modulo Tarea Compensacion/Periodo en Proceso - Archivo Plano/Mantenimiento de Vacaciones Reliquidar/a_Continuar_Reliquidar' is clickable

2022-04-29 10:22:30 - [TEST_STEP][PASSED] - click(findTestObject("1-OBJECTS TAREAS PRINCIPALES/Modulo Tarea Compensacion/Periodo en Proceso - Archivo Plano/Mantenimiento de Vacaciones Reliquidar/a_Continuar_Reliquidar")): Object: 'Object Repository/1-OBJECTS TAREAS PRINCIPALES/Modulo Tarea Compensacion/Periodo en Proceso - Archivo Plano/Mantenimiento de Vacaciones Reliquidar/a_Continuar_Reliquidar' is clicked on

2022-04-29 10:22:31 - [MESSAGE][PASSED] - Object: 'Object Repository/1-OBJECTS TAREAS PRINCIPALES/Modulo Tarea Compensacion/Periodo en Proceso - Archivo Plano/Mantenimiento de Vacaciones Reliquidar/a_Continuar_Reliquidar' is clicked on

2022-04-29 10:22:31 - [TEST_STEP][PASSED] - if (waitForElementVisible(findTestObject("1-OBJECTS TAREAS PRINCIPALES/Modulo Tarea Compensacion/Periodo en Proceso - Archivo Plano/Mantenimiento de Vacaciones Reliquidar/td_1234567890"), 1)): null

2022-04-29 10:22:31 - [MESSAGE][PASSED] - Object 'Object Repository/1-OBJECTS TAREAS PRINCIPALES/Modulo Tarea Compensacion/Periodo en Proceso - Archivo Plano/Mantenimiento de Vacaciones Reliquidar/td_1234567890' is visible

2022-04-29 10:22:31 - [TEST_STEP][PASSED] - Resultado = "PRUEBA OK": null

2022-04-29 10:22:31 - [MESSAGE][PASSED] - Call Test Case 'Test Cases/1.1-Tareas Principales/1.1.8-Mantenimiento de Vacaciones Reliquidar' successfully

2022-04-29 10:22:31 - [TEST_STEP][PASSED] - selectOptionByIndex(findTestObject("1-OBJECTS TAREAS PRINCIPALES/Modulo Tarea Compensacion/Reversar Vacaciones/select_SeleccioneCerradaNo Cerrada"), "02"): All options with index in [2] are selected on object 'Object Repository/1-OBJECTS TAREAS PRINCIPALES/Modulo Tarea Compensacion/Reversar Vacaciones/select_SeleccioneCerradaNo Cerrada'

2022-04-29 10:22:32 - [MESSAGE][PASSED] - All options with index in [2] are selected on object 'Object Repository/1-OBJECTS TAREAS PRINCIPALES/Modulo Tarea Compensacion/Reversar Vacaciones/select_SeleccioneCerradaNo Cerrada'

2022-04-29 10:22:32 - [TEST_STEP][PASSED] - waitForElementClickable(findTestObject("1-OBJECTS TAREAS PRINCIPALES/Modulo Tarea Compensacion/Reversar Vacaciones/td_1234567890"), 0): Object 'Object Repository/1-OBJECTS TAREAS PRINCIPALES/Modulo Tarea Compensacion/Reversar Vacaciones/td_1234567890' is clickable

2022-04-29 10:22:33 - [MESSAGE][WARNING] - Timeout '0' is invalid. Using default page load timeout: '45'

2022-04-29 10:22:33 - [MESSAGE][PASSED] - Object 'Object Repository/1-OBJECTS TAREAS PRINCIPALES/Modulo Tarea Compensacion/Reversar Vacaciones/td_1234567890' is clickable

2022-04-29 10:22:33 - [TEST_STEP][PASSED] - click(findTestObject("1-OBJECTS TAREAS PRINCIPALES/Modulo Tarea Compensacion/Reversar Vacaciones/td_1234567890")): Object: 'Object Repository/1-OBJECTS TAREAS PRINCIPALES/Modulo Tarea Compensacion/Reversar Vacaciones/td_1234567890' is clicked on

2022-04-29 10:22:33 - [MESSAGE][PASSED] - Object: 'Object Repository/1-OBJECTS TAREAS PRINCIPALES/Modulo Tarea Compensacion/Reversar Vacaciones/td_1234567890' is clicked on

2022-04-29 10:22:33 - [TEST_STEP][PASSED] - click(findTestObject("1-OBJECTS TAREAS PRINCIPALES/Modulo Tarea Compensacion/Reversar Vacaciones/span_Reversar")): Object: 'Object Repository/1-OBJECTS TAREAS PRINCIPALES/Modulo Tarea Compensacion/Reversar Vacaciones/span_Reversar' is clicked on

2022-04-29 10:22:34 - [MESSAGE][PASSED] - Object: 'Object Repository/1-OBJECTS TAREAS PRINCIPALES/Modulo Tarea Compensacion/Reversar Vacaciones/span_Reversar' is clicked on

2022-04-29 10:22:34 - [TEST_STEP][PASSED] - click(findTestObject("1-OBJECTS TAREAS PRINCIPALES/Modulo Tarea Compensacion/Reversar Vacaciones/a_Aceptar_Reversar")): Object: 'Object Repository/1-OBJECTS TAREAS PRINCIPALES/Modulo Tarea Compensacion/Reversar Vacaciones/a_Aceptar_Reversar' is clicked on

2022-04-29 10:22:35 - [MESSAGE][PASSED] - Object: 'Object Repository/1-OBJECTS TAREAS PRINCIPALES/Modulo Tarea Compensacion/Reversar Vacaciones/a_Aceptar_Reversar' is clicked on

2022-04-29 10:22:35 - [TEST_STEP][PASSED] - getText(findTestObject("3-OBJECTS UTILIDADES/Alerta/Alerta")): Text of object 'Object Repository/3-OBJECTS UTILIDADES/Alerta/Alerta' is: 'El comprobante ha sido reversado correctamente'

2022-04-29 10:22:36 - [MESSAGE][PASSED] - Text of object 'Object Repository/3-OBJECTS UTILIDADES/Alerta/Alerta' is: 'El comprobante ha sido reversado correctamente'

2022-04-29 10:22:36 - [TEST_STEP][PASSED] - closeBrowser(): Browser is closed

2022-04-29 10:22:36 - [MESSAGE][PASSED] - Browser is closed]]></system-out>
         <system-err><![CDATA[]]></system-err>
      </testcase>
      <testcase name="Test Cases/1.1-Tareas Principales/1.2.2-Legalizar licencia No Remunerada" time="53.521" classname="Test Cases/1.1-Tareas Principales/1.2.2-Legalizar licencia No Remunerada" status="PASSED">
         <system-out><![CDATA[2022-04-29 10:22:36 - [TEST_CASE][PASSED] - Test Cases/1.1-Tareas Principales/1.2.2-Legalizar licencia No Remunerada: Test Cases/1.1-Tareas Principales/1.2.2-Legalizar licencia No Remunerada

2022-04-29 10:22:37 - [TEST_STEP][PASSED] - callTestCase(findTestCase("Utilidades-(atajos_para _tareas)/Tareas Administracion Compensacion/Tarea Listado Empleados"), [:], STOP_ON_FAILURE): Call Test Case 'Test Cases/Utilidades-(atajos_para _tareas)/Tareas Administracion Compensacion/Tarea Listado Empleados' successfully

2022-04-29 10:22:37 - [TEST_CASE][PASSED] - Test Cases/Utilidades-(atajos_para _tareas)/Tareas Administracion Compensacion/Tarea Listado Empleados: Test Cases/Utilidades-(atajos_para _tareas)/Tareas Administracion Compensacion/Tarea Listado Empleados

2022-04-29 10:22:37 - [TEST_STEP][PASSED] - callTestCase(findTestCase("0.1-Login"), [:], STOP_ON_FAILURE): Call Test Case 'Test Cases/0.1-Login' successfully

2022-04-29 10:22:37 - [TEST_CASE][PASSED] - Test Cases/0.1-Login: Test Cases/0.1-Login

2022-04-29 10:22:37 - [TEST_STEP][PASSED] - openBrowser(""): Browser is opened with url: ''

2022-04-29 10:22:37 - [MESSAGE][INFO] - Starting 'Chrome' driver

2022-04-29 10:22:37 - [MESSAGE][INFO] - Action delay is set to 0 milliseconds

2022-04-29 10:22:38 - [MESSAGE][PASSED] - Browser is opened with url: ''

2022-04-29 10:22:38 - [TEST_STEP][PASSED] - maximizeWindow(): Current window maximized

2022-04-29 10:22:38 - [MESSAGE][PASSED] - Current window maximized

2022-04-29 10:22:38 - [TEST_STEP][PASSED] - i = G_Login: null

2022-04-29 10:22:38 - [TEST_STEP][PASSED] - url = new java.net.URL(i): null

2022-04-29 10:22:38 - [TEST_STEP][PASSED] - println("URL: " + url.toString()): null

2022-04-29 10:22:38 - [TEST_STEP][PASSED] - connection = url.openConnection(): null

2022-04-29 10:22:38 - [TEST_STEP][PASSED] - connection.setRequestMethod("GET"): null

2022-04-29 10:22:38 - [TEST_STEP][PASSED] - connection.setReadTimeout(2 * 1000): null

2022-04-29 10:22:38 - [TEST_STEP][PASSED] - try: null

2022-04-29 10:22:38 - [TEST_STEP][PASSED] - connection.connect(): null

2022-04-29 10:22:38 - [TEST_STEP][PASSED] - flag = connected: null

2022-04-29 10:22:38 - [TEST_STEP][PASSED] - println("Valor_ori: " + flag): null

2022-04-29 10:22:38 - [TEST_STEP][PASSED] - if (flag): null

2022-04-29 10:22:38 - [TEST_STEP][PASSED] - navigateToUrl(i): Navigate to 'http://192.168.2.19:8380/saraweb' successfully

2022-04-29 10:22:39 - [MESSAGE][PASSED] - Navigate to 'http://192.168.2.19:8380/saraweb' successfully

2022-04-29 10:22:39 - [TEST_STEP][PASSED] - a(): null

2022-04-29 10:22:39 - [TEST_STEP][PASSED] - setText(findTestObject("3-OBJECTS UTILIDADES/Login/input_USUARIO_loginusuario"), G_Usuario): Text 'saraadmin' is set on object 'Object Repository/3-OBJECTS UTILIDADES/Login/input_USUARIO_loginusuario'

2022-04-29 10:22:40 - [MESSAGE][PASSED] - Text 'saraadmin' is set on object 'Object Repository/3-OBJECTS UTILIDADES/Login/input_USUARIO_loginusuario'

2022-04-29 10:22:40 - [TEST_STEP][PASSED] - setEncryptedText(findTestObject("3-OBJECTS UTILIDADES/Login/input_CLAVE_loginpassword"), "MkG4/TYiCFC3cb2driP7+Q=="): Text ****** has been set on object 'Object Repository/3-OBJECTS UTILIDADES/Login/input_CLAVE_loginpassword'

2022-04-29 10:22:40 - [MESSAGE][PASSED] - Text ****** has been set on object 'Object Repository/3-OBJECTS UTILIDADES/Login/input_CLAVE_loginpassword'

2022-04-29 10:22:40 - [TEST_STEP][PASSED] - waitForElementClickable(findTestObject("3-OBJECTS UTILIDADES/Login/a_Ingresar"), G_TimeOut): Object 'Object Repository/3-OBJECTS UTILIDADES/Login/a_Ingresar' is clickable

2022-04-29 10:22:40 - [MESSAGE][PASSED] - Object 'Object Repository/3-OBJECTS UTILIDADES/Login/a_Ingresar' is clickable

2022-04-29 10:22:40 - [TEST_STEP][PASSED] - click(findTestObject("3-OBJECTS UTILIDADES/Login/a_Ingresar")): Object: 'Object Repository/3-OBJECTS UTILIDADES/Login/a_Ingresar' is clicked on

2022-04-29 10:22:41 - [MESSAGE][PASSED] - Object: 'Object Repository/3-OBJECTS UTILIDADES/Login/a_Ingresar' is clicked on

2022-04-29 10:22:41 - [TEST_STEP][PASSED] - element = findWebElement(findTestObject("3-OBJECTS UTILIDADES/Login/a_Ir"), 30): null

2022-04-29 10:22:42 - [TEST_STEP][PASSED] - executeJavaScript("arguments[0].click()", Arrays.asList(element)): Execute JavaScript 'arguments[0].click()' successfully

2022-04-29 10:22:42 - [MESSAGE][PASSED] - Execute JavaScript 'arguments[0].click()' successfully

2022-04-29 10:22:42 - [MESSAGE][PASSED] - Call Test Case 'Test Cases/0.1-Login' successfully

2022-04-29 10:22:42 - [TEST_STEP][PASSED] - setText(findTestObject("1-OBJECTS TAREAS PRINCIPALES/Modulo Tarea Listado Hojas de Vida/Tareas Listado Hojas de Vida/input_Listado Hojas De Vida_form_templatej_idt24_input"), "Listado de Empleados"): Text 'Listado de Empleados' is set on object 'Object Repository/1-OBJECTS TAREAS PRINCIPALES/Modulo Tarea Listado Hojas de Vida/Tareas Listado Hojas de Vida/input_Listado Hojas De Vida_form_templatej_idt24_input'

2022-04-29 10:22:43 - [MESSAGE][PASSED] - Text 'Listado de Empleados' is set on object 'Object Repository/1-OBJECTS TAREAS PRINCIPALES/Modulo Tarea Listado Hojas de Vida/Tareas Listado Hojas de Vida/input_Listado Hojas De Vida_form_templatej_idt24_input'

2022-04-29 10:22:43 - [TEST_STEP][PASSED] - waitForElementVisible(findTestObject("1-OBJECTS TAREAS PRINCIPALES/Modulo Tarea Listado Hojas de Vida/Tareas Listado Hojas de Vida/span_Listado de Empleados"), 0): Object 'Object Repository/1-OBJECTS TAREAS PRINCIPALES/Modulo Tarea Listado Hojas de Vida/Tareas Listado Hojas de Vida/span_Listado de Empleados' is visible

2022-04-29 10:22:43 - [MESSAGE][WARNING] - Timeout '0' is invalid. Using default page load timeout: '45'

2022-04-29 10:22:45 - [MESSAGE][PASSED] - Object 'Object Repository/1-OBJECTS TAREAS PRINCIPALES/Modulo Tarea Listado Hojas de Vida/Tareas Listado Hojas de Vida/span_Listado de Empleados' is visible

2022-04-29 10:22:45 - [TEST_STEP][PASSED] - click(findTestObject("1-OBJECTS TAREAS PRINCIPALES/Modulo Tarea Listado Hojas de Vida/Tareas Listado Hojas de Vida/span_Listado de Empleados")): Object: 'Object Repository/1-OBJECTS TAREAS PRINCIPALES/Modulo Tarea Listado Hojas de Vida/Tareas Listado Hojas de Vida/span_Listado de Empleados' is clicked on

2022-04-29 10:22:45 - [MESSAGE][PASSED] - Object: 'Object Repository/1-OBJECTS TAREAS PRINCIPALES/Modulo Tarea Listado Hojas de Vida/Tareas Listado Hojas de Vida/span_Listado de Empleados' is clicked on

2022-04-29 10:22:45 - [MESSAGE][PASSED] - Call Test Case 'Test Cases/Utilidades-(atajos_para _tareas)/Tareas Administracion Compensacion/Tarea Listado Empleados' successfully

2022-04-29 10:22:45 - [TEST_STEP][PASSED] - waitForElementClickable(findTestObject("1-OBJECTS TAREAS PRINCIPALES/Modulo Tarea Compensacion/Legalizar Licencia No Remunerada/input_Identificacin_listadoEmpleadoIdentificacionEmpleado"), 0): Object 'Object Repository/1-OBJECTS TAREAS PRINCIPALES/Modulo Tarea Compensacion/Legalizar Licencia No Remunerada/input_Identificacin_listadoEmpleadoIdentificacionEmpleado' is clickable

2022-04-29 10:22:45 - [MESSAGE][WARNING] - Timeout '0' is invalid. Using default page load timeout: '45'

2022-04-29 10:22:47 - [MESSAGE][PASSED] - Object 'Object Repository/1-OBJECTS TAREAS PRINCIPALES/Modulo Tarea Compensacion/Legalizar Licencia No Remunerada/input_Identificacin_listadoEmpleadoIdentificacionEmpleado' is clickable

2022-04-29 10:22:47 - [TEST_STEP][PASSED] - setText(findTestObject("1-OBJECTS TAREAS PRINCIPALES/Modulo Tarea Compensacion/Legalizar Licencia No Remunerada/input_Identificacin_listadoEmpleadoIdentificacionEmpleado"), "354968431354"): Text '354968431354' is set on object 'Object Repository/1-OBJECTS TAREAS PRINCIPALES/Modulo Tarea Compensacion/Legalizar Licencia No Remunerada/input_Identificacin_listadoEmpleadoIdentificacionEmpleado'

2022-04-29 10:22:47 - [MESSAGE][PASSED] - Text '354968431354' is set on object 'Object Repository/1-OBJECTS TAREAS PRINCIPALES/Modulo Tarea Compensacion/Legalizar Licencia No Remunerada/input_Identificacin_listadoEmpleadoIdentificacionEmpleado'

2022-04-29 10:22:47 - [TEST_STEP][PASSED] - sendKeys(findTestObject("1-OBJECTS TAREAS PRINCIPALES/Modulo Tarea Compensacion/Legalizar Licencia No Remunerada/input_Identificacin_listadoEmpleadoIdentificacionEmpleado"), Keys.chord(ENTER)): Keys 'ENTER + ' sent to object: 'Object Repository/1-OBJECTS TAREAS PRINCIPALES/Modulo Tarea Compensacion/Legalizar Licencia No Remunerada/input_Identificacin_listadoEmpleadoIdentificacionEmpleado'

2022-04-29 10:22:48 - [MESSAGE][PASSED] - Keys 'ENTER + ' sent to object: 'Object Repository/1-OBJECTS TAREAS PRINCIPALES/Modulo Tarea Compensacion/Legalizar Licencia No Remunerada/input_Identificacin_listadoEmpleadoIdentificacionEmpleado'

2022-04-29 10:22:48 - [TEST_STEP][PASSED] - waitForElementClickable(findTestObject("1-OBJECTS TAREAS PRINCIPALES/Modulo Tarea Compensacion/Legalizar Licencia No Remunerada/span_Consta Belfegord Jhon"), G_TimeOut): Object 'Object Repository/1-OBJECTS TAREAS PRINCIPALES/Modulo Tarea Compensacion/Legalizar Licencia No Remunerada/span_Consta Belfegord Jhon' is clickable

2022-04-29 10:22:48 - [MESSAGE][PASSED] - Object 'Object Repository/1-OBJECTS TAREAS PRINCIPALES/Modulo Tarea Compensacion/Legalizar Licencia No Remunerada/span_Consta Belfegord Jhon' is clickable

2022-04-29 10:22:48 - [TEST_STEP][PASSED] - click(findTestObject("1-OBJECTS TAREAS PRINCIPALES/Modulo Tarea Compensacion/Legalizar Licencia No Remunerada/span_Consta Belfegord Jhon")): Object: 'Object Repository/1-OBJECTS TAREAS PRINCIPALES/Modulo Tarea Compensacion/Legalizar Licencia No Remunerada/span_Consta Belfegord Jhon' is clicked on

2022-04-29 10:22:49 - [MESSAGE][PASSED] - Object: 'Object Repository/1-OBJECTS TAREAS PRINCIPALES/Modulo Tarea Compensacion/Legalizar Licencia No Remunerada/span_Consta Belfegord Jhon' is clicked on

2022-04-29 10:22:49 - [TEST_STEP][PASSED] - waitForElementClickable(findTestObject("1-OBJECTS TAREAS PRINCIPALES/Modulo Tarea Compensacion/Legalizar Licencia No Remunerada/a_Licencia"), G_TimeOut): Object 'Object Repository/1-OBJECTS TAREAS PRINCIPALES/Modulo Tarea Compensacion/Legalizar Licencia No Remunerada/a_Licencia' is clickable

2022-04-29 10:22:49 - [MESSAGE][PASSED] - Object 'Object Repository/1-OBJECTS TAREAS PRINCIPALES/Modulo Tarea Compensacion/Legalizar Licencia No Remunerada/a_Licencia' is clickable

2022-04-29 10:22:49 - [TEST_STEP][PASSED] - click(findTestObject("1-OBJECTS TAREAS PRINCIPALES/Modulo Tarea Compensacion/Legalizar Licencia No Remunerada/a_Licencia")): Object: 'Object Repository/1-OBJECTS TAREAS PRINCIPALES/Modulo Tarea Compensacion/Legalizar Licencia No Remunerada/a_Licencia' is clicked on

2022-04-29 10:22:50 - [MESSAGE][PASSED] - Object: 'Object Repository/1-OBJECTS TAREAS PRINCIPALES/Modulo Tarea Compensacion/Legalizar Licencia No Remunerada/a_Licencia' is clicked on

2022-04-29 10:22:50 - [TEST_STEP][PASSED] - if (waitForElementClickable(findTestObject("1-OBJECTS TAREAS PRINCIPALES/Modulo Tarea Compensacion/Legalizar Licencia No Remunerada/td_Licencia No Remunerada"), 1)): null

2022-04-29 10:22:52 - [MESSAGE][PASSED] - Object 'Object Repository/1-OBJECTS TAREAS PRINCIPALES/Modulo Tarea Compensacion/Legalizar Licencia No Remunerada/td_Licencia No Remunerada' is clickable

2022-04-29 10:22:52 - [TEST_STEP][PASSED] - click(findTestObject("1-OBJECTS TAREAS PRINCIPALES/Modulo Tarea Compensacion/Legalizar Licencia No Remunerada/td_Licencia No Remunerada")): Object: 'Object Repository/1-OBJECTS TAREAS PRINCIPALES/Modulo Tarea Compensacion/Legalizar Licencia No Remunerada/td_Licencia No Remunerada' is clicked on

2022-04-29 10:22:53 - [MESSAGE][PASSED] - Object: 'Object Repository/1-OBJECTS TAREAS PRINCIPALES/Modulo Tarea Compensacion/Legalizar Licencia No Remunerada/td_Licencia No Remunerada' is clicked on

2022-04-29 10:22:53 - [TEST_STEP][PASSED] - click(findTestObject("1-OBJECTS TAREAS PRINCIPALES/Modulo Tarea Compensacion/Legalizar Licencia No Remunerada/a_Eliminar Directo")): Object: 'Object Repository/1-OBJECTS TAREAS PRINCIPALES/Modulo Tarea Compensacion/Legalizar Licencia No Remunerada/a_Eliminar Directo' is clicked on

2022-04-29 10:22:54 - [MESSAGE][PASSED] - Object: 'Object Repository/1-OBJECTS TAREAS PRINCIPALES/Modulo Tarea Compensacion/Legalizar Licencia No Remunerada/a_Eliminar Directo' is clicked on

2022-04-29 10:22:54 - [TEST_STEP][PASSED] - click(findTestObject("1-OBJECTS TAREAS PRINCIPALES/Modulo Tarea Compensacion/Legalizar Licencia No Remunerada/a_Aceptar_ELIMINAR")): Object: 'Object Repository/1-OBJECTS TAREAS PRINCIPALES/Modulo Tarea Compensacion/Legalizar Licencia No Remunerada/a_Aceptar_ELIMINAR' is clicked on

2022-04-29 10:22:55 - [MESSAGE][PASSED] - Object: 'Object Repository/1-OBJECTS TAREAS PRINCIPALES/Modulo Tarea Compensacion/Legalizar Licencia No Remunerada/a_Aceptar_ELIMINAR' is clicked on

2022-04-29 10:22:55 - [TEST_STEP][PASSED] - click(findTestObject("1-OBJECTS TAREAS PRINCIPALES/Modulo Tarea Compensacion/Legalizar Licencia No Remunerada/a_Incapacidad")): Object: 'Object Repository/1-OBJECTS TAREAS PRINCIPALES/Modulo Tarea Compensacion/Legalizar Licencia No Remunerada/a_Incapacidad' is clicked on

2022-04-29 10:22:55 - [MESSAGE][PASSED] - Object: 'Object Repository/1-OBJECTS TAREAS PRINCIPALES/Modulo Tarea Compensacion/Legalizar Licencia No Remunerada/a_Incapacidad' is clicked on

2022-04-29 10:22:55 - [TEST_STEP][PASSED] - click(findTestObject("1-OBJECTS TAREAS PRINCIPALES/Modulo Tarea Compensacion/Legalizar Licencia No Remunerada/a_Histrico")): Object: 'Object Repository/1-OBJECTS TAREAS PRINCIPALES/Modulo Tarea Compensacion/Legalizar Licencia No Remunerada/a_Histrico' is clicked on

2022-04-29 10:22:56 - [MESSAGE][PASSED] - Object: 'Object Repository/1-OBJECTS TAREAS PRINCIPALES/Modulo Tarea Compensacion/Legalizar Licencia No Remunerada/a_Histrico' is clicked on

2022-04-29 10:22:56 - [TEST_STEP][PASSED] - if (waitForElementClickable(findTestObject("1-OBJECTS TAREAS PRINCIPALES/Modulo Tarea Compensacion/Legalizar Licencia No Remunerada/span_Enfermedad General 21"), 1)): Web element with id: 'Object Repository/1-OBJECTS TAREAS PRINCIPALES/Modulo Tarea Compensacion/Legalizar Licencia No Remunerada/span_Enfermedad General 21' located by '//div[2]/table/tbody/tr/td/div/div/table/tbody/tr/td/span' not found

2022-04-29 10:22:59 - [MESSAGE][INFO] - Unable to find the element located by 'By.xpath: //div[2]/table/tbody/tr/td/div/div/table/tbody/tr/td/span'. Please recheck the objects properties to make sure the desired element is located. 

2022-04-29 10:22:59 - [MESSAGE][WARNING] - Web element with id: 'Object Repository/1-OBJECTS TAREAS PRINCIPALES/Modulo Tarea Compensacion/Legalizar Licencia No Remunerada/span_Enfermedad General 21' located by '//div[2]/table/tbody/tr/td/div/div/table/tbody/tr/td/span' not found

2022-04-29 10:22:59 - [TEST_STEP][PASSED] - click(findTestObject("1-OBJECTS TAREAS PRINCIPALES/Modulo Tarea Compensacion/Legalizar Licencia No Remunerada/a_Licencia")): Object: 'Object Repository/1-OBJECTS TAREAS PRINCIPALES/Modulo Tarea Compensacion/Legalizar Licencia No Remunerada/a_Licencia' is clicked on

2022-04-29 10:22:59 - [MESSAGE][PASSED] - Object: 'Object Repository/1-OBJECTS TAREAS PRINCIPALES/Modulo Tarea Compensacion/Legalizar Licencia No Remunerada/a_Licencia' is clicked on

2022-04-29 10:22:59 - [TEST_STEP][PASSED] - waitForElementClickable(findTestObject("1-OBJECTS TAREAS PRINCIPALES/Modulo Tarea Compensacion/Legalizar Licencia No Remunerada/a_Nuevo"), G_TimeOut): Object 'Object Repository/1-OBJECTS TAREAS PRINCIPALES/Modulo Tarea Compensacion/Legalizar Licencia No Remunerada/a_Nuevo' is clickable

2022-04-29 10:23:00 - [MESSAGE][PASSED] - Object 'Object Repository/1-OBJECTS TAREAS PRINCIPALES/Modulo Tarea Compensacion/Legalizar Licencia No Remunerada/a_Nuevo' is clickable

2022-04-29 10:23:00 - [TEST_STEP][PASSED] - click(findTestObject("1-OBJECTS TAREAS PRINCIPALES/Modulo Tarea Compensacion/Legalizar Licencia No Remunerada/a_Nuevo")): Object: 'Object Repository/1-OBJECTS TAREAS PRINCIPALES/Modulo Tarea Compensacion/Legalizar Licencia No Remunerada/a_Nuevo' is clicked on

2022-04-29 10:23:00 - [MESSAGE][PASSED] - Object: 'Object Repository/1-OBJECTS TAREAS PRINCIPALES/Modulo Tarea Compensacion/Legalizar Licencia No Remunerada/a_Nuevo' is clicked on

2022-04-29 10:23:00 - [TEST_STEP][PASSED] - waitForElementClickable(findTestObject("1-OBJECTS TAREAS PRINCIPALES/Modulo Tarea Compensacion/Legalizar Licencia No Remunerada/span_LICENCIA NO REMUNERADA"), G_TimeOut): Object 'Object Repository/1-OBJECTS TAREAS PRINCIPALES/Modulo Tarea Compensacion/Legalizar Licencia No Remunerada/span_LICENCIA NO REMUNERADA' is clickable

2022-04-29 10:23:01 - [MESSAGE][PASSED] - Object 'Object Repository/1-OBJECTS TAREAS PRINCIPALES/Modulo Tarea Compensacion/Legalizar Licencia No Remunerada/span_LICENCIA NO REMUNERADA' is clickable

2022-04-29 10:23:01 - [TEST_STEP][PASSED] - click(findTestObject("1-OBJECTS TAREAS PRINCIPALES/Modulo Tarea Compensacion/Legalizar Licencia No Remunerada/span_LICENCIA NO REMUNERADA")): Object: 'Object Repository/1-OBJECTS TAREAS PRINCIPALES/Modulo Tarea Compensacion/Legalizar Licencia No Remunerada/span_LICENCIA NO REMUNERADA' is clicked on

2022-04-29 10:23:01 - [MESSAGE][PASSED] - Object: 'Object Repository/1-OBJECTS TAREAS PRINCIPALES/Modulo Tarea Compensacion/Legalizar Licencia No Remunerada/span_LICENCIA NO REMUNERADA' is clicked on

2022-04-29 10:23:01 - [TEST_STEP][PASSED] - click(findTestObject("1-OBJECTS TAREAS PRINCIPALES/Modulo Tarea Compensacion/Legalizar Licencia No Remunerada/a_Histrico")): Object: 'Object Repository/1-OBJECTS TAREAS PRINCIPALES/Modulo Tarea Compensacion/Legalizar Licencia No Remunerada/a_Histrico' is clicked on

2022-04-29 10:23:02 - [MESSAGE][PASSED] - Object: 'Object Repository/1-OBJECTS TAREAS PRINCIPALES/Modulo Tarea Compensacion/Legalizar Licencia No Remunerada/a_Histrico' is clicked on

2022-04-29 10:23:02 - [TEST_STEP][PASSED] - if (waitForElementVisible(findTestObject("1-OBJECTS TAREAS PRINCIPALES/Modulo Tarea Compensacion/Legalizar Licencia No Remunerada/span_01012021"), 1)): Web element with id: 'Object Repository/1-OBJECTS TAREAS PRINCIPALES/Modulo Tarea Compensacion/Legalizar Licencia No Remunerada/span_01012021' located by '//*/text()[normalize-space(.)='01/01/2021']/parent::*' not found

2022-04-29 10:23:04 - [MESSAGE][INFO] - Unable to find the element located by 'By.xpath: //*/text()[normalize-space(.)='01/01/2021']/parent::*'. Please recheck the objects properties to make sure the desired element is located. 

2022-04-29 10:23:04 - [MESSAGE][WARNING] - Web element with id: 'Object Repository/1-OBJECTS TAREAS PRINCIPALES/Modulo Tarea Compensacion/Legalizar Licencia No Remunerada/span_01012021' located by '//*/text()[normalize-space(.)='01/01/2021']/parent::*' not found

2022-04-29 10:23:04 - [TEST_STEP][PASSED] - waitForElementClickable(findTestObject("1-OBJECTS TAREAS PRINCIPALES/Modulo Tarea Compensacion/Legalizar Licencia No Remunerada/a_Pestaa Licencia"), 0): Object 'Object Repository/1-OBJECTS TAREAS PRINCIPALES/Modulo Tarea Compensacion/Legalizar Licencia No Remunerada/a_Pestaa Licencia' is clickable

2022-04-29 10:23:04 - [MESSAGE][WARNING] - Timeout '0' is invalid. Using default page load timeout: '45'

2022-04-29 10:23:05 - [MESSAGE][PASSED] - Object 'Object Repository/1-OBJECTS TAREAS PRINCIPALES/Modulo Tarea Compensacion/Legalizar Licencia No Remunerada/a_Pestaa Licencia' is clickable

2022-04-29 10:23:05 - [TEST_STEP][PASSED] - click(findTestObject("1-OBJECTS TAREAS PRINCIPALES/Modulo Tarea Compensacion/Legalizar Licencia No Remunerada/a_Pestaa Licencia")): Object: 'Object Repository/1-OBJECTS TAREAS PRINCIPALES/Modulo Tarea Compensacion/Legalizar Licencia No Remunerada/a_Pestaa Licencia' is clicked on

2022-04-29 10:23:05 - [MESSAGE][PASSED] - Object: 'Object Repository/1-OBJECTS TAREAS PRINCIPALES/Modulo Tarea Compensacion/Legalizar Licencia No Remunerada/a_Pestaa Licencia' is clicked on

2022-04-29 10:23:05 - [TEST_STEP][PASSED] - if (waitForElementVisible(findTestObject("1-OBJECTS TAREAS PRINCIPALES/Modulo Tarea Compensacion/Legalizar Licencia No Remunerada/a_Nuevo"), 1)): Web element with id: 'Object Repository/1-OBJECTS TAREAS PRINCIPALES/Modulo Tarea Compensacion/Legalizar Licencia No Remunerada/a_Nuevo' located by '//fieldset[2]/div/table/tbody/tr/td/a' not found

2022-04-29 10:23:07 - [MESSAGE][INFO] - Unable to find the element located by 'By.xpath: //fieldset[2]/div/table/tbody/tr/td/a'. Please recheck the objects properties to make sure the desired element is located. 

2022-04-29 10:23:07 - [MESSAGE][WARNING] - Web element with id: 'Object Repository/1-OBJECTS TAREAS PRINCIPALES/Modulo Tarea Compensacion/Legalizar Licencia No Remunerada/a_Nuevo' located by '//fieldset[2]/div/table/tbody/tr/td/a' not found

2022-04-29 10:23:07 - [TEST_STEP][PASSED] - waitForElementPresent(findTestObject("1-OBJECTS TAREAS PRINCIPALES/Modulo Tarea Compensacion/Legalizar Licencia No Remunerada/input_Fecha Salida_form_licenc"), 0): Object 'Object Repository/1-OBJECTS TAREAS PRINCIPALES/Modulo Tarea Compensacion/Legalizar Licencia No Remunerada/input_Fecha Salida_form_licenc' is present

2022-04-29 10:23:08 - [MESSAGE][WARNING] - Timeout '0' is invalid. Using default page load timeout: '45'

2022-04-29 10:23:08 - [MESSAGE][PASSED] - Object 'Object Repository/1-OBJECTS TAREAS PRINCIPALES/Modulo Tarea Compensacion/Legalizar Licencia No Remunerada/input_Fecha Salida_form_licenc' is present

2022-04-29 10:23:08 - [TEST_STEP][PASSED] - setText(findTestObject("1-OBJECTS TAREAS PRINCIPALES/Modulo Tarea Compensacion/Legalizar Licencia No Remunerada/input_Fecha Salida_form_licenc"), "01/01/2021"): Text '01/01/2021' is set on object 'Object Repository/1-OBJECTS TAREAS PRINCIPALES/Modulo Tarea Compensacion/Legalizar Licencia No Remunerada/input_Fecha Salida_form_licenc'

2022-04-29 10:23:09 - [MESSAGE][PASSED] - Text '01/01/2021' is set on object 'Object Repository/1-OBJECTS TAREAS PRINCIPALES/Modulo Tarea Compensacion/Legalizar Licencia No Remunerada/input_Fecha Salida_form_licenc'

2022-04-29 10:23:09 - [TEST_STEP][PASSED] - sendKeys(findTestObject("1-OBJECTS TAREAS PRINCIPALES/Modulo Tarea Compensacion/Legalizar Licencia No Remunerada/input_Fecha Salida_form_licenc"), Keys.chord(ESCAPE)): Keys 'ESCAPE + ' sent to object: 'Object Repository/1-OBJECTS TAREAS PRINCIPALES/Modulo Tarea Compensacion/Legalizar Licencia No Remunerada/input_Fecha Salida_form_licenc'

2022-04-29 10:23:09 - [MESSAGE][PASSED] - Keys 'ESCAPE + ' sent to object: 'Object Repository/1-OBJECTS TAREAS PRINCIPALES/Modulo Tarea Compensacion/Legalizar Licencia No Remunerada/input_Fecha Salida_form_licenc'

2022-04-29 10:23:09 - [TEST_STEP][PASSED] - setText(findTestObject("1-OBJECTS TAREAS PRINCIPALES/Modulo Tarea Compensacion/Legalizar Licencia No Remunerada/input_Fecha Salida Nomina_form"), "28/02/2021"): Text '28/02/2021' is set on object 'Object Repository/1-OBJECTS TAREAS PRINCIPALES/Modulo Tarea Compensacion/Legalizar Licencia No Remunerada/input_Fecha Salida Nomina_form'

2022-04-29 10:23:10 - [MESSAGE][PASSED] - Text '28/02/2021' is set on object 'Object Repository/1-OBJECTS TAREAS PRINCIPALES/Modulo Tarea Compensacion/Legalizar Licencia No Remunerada/input_Fecha Salida Nomina_form'

2022-04-29 10:23:10 - [TEST_STEP][PASSED] - sendKeys(findTestObject("1-OBJECTS TAREAS PRINCIPALES/Modulo Tarea Compensacion/Legalizar Licencia No Remunerada/input_Fecha Salida Nomina_form"), Keys.chord(ESCAPE)): Keys 'ESCAPE + ' sent to object: 'Object Repository/1-OBJECTS TAREAS PRINCIPALES/Modulo Tarea Compensacion/Legalizar Licencia No Remunerada/input_Fecha Salida Nomina_form'

2022-04-29 10:23:10 - [MESSAGE][PASSED] - Keys 'ESCAPE + ' sent to object: 'Object Repository/1-OBJECTS TAREAS PRINCIPALES/Modulo Tarea Compensacion/Legalizar Licencia No Remunerada/input_Fecha Salida Nomina_form'

2022-04-29 10:23:10 - [TEST_STEP][PASSED] - setText(findTestObject("1-OBJECTS TAREAS PRINCIPALES/Modulo Tarea Compensacion/Legalizar Licencia No Remunerada/textarea_Observacin_form_licen"), "Prueba 2021"): Text 'Prueba 2021' is set on object 'Object Repository/1-OBJECTS TAREAS PRINCIPALES/Modulo Tarea Compensacion/Legalizar Licencia No Remunerada/textarea_Observacin_form_licen'

2022-04-29 10:23:11 - [MESSAGE][PASSED] - Text 'Prueba 2021' is set on object 'Object Repository/1-OBJECTS TAREAS PRINCIPALES/Modulo Tarea Compensacion/Legalizar Licencia No Remunerada/textarea_Observacin_form_licen'

2022-04-29 10:23:11 - [TEST_STEP][PASSED] - setText(findTestObject("1-OBJECTS TAREAS PRINCIPALES/Modulo Tarea Compensacion/Legalizar Licencia No Remunerada/input_Fecha 1_form_licenciaEmp"), "01/01/2021"): Text '01/01/2021' is set on object 'Object Repository/1-OBJECTS TAREAS PRINCIPALES/Modulo Tarea Compensacion/Legalizar Licencia No Remunerada/input_Fecha 1_form_licenciaEmp'

2022-04-29 10:23:12 - [MESSAGE][PASSED] - Text '01/01/2021' is set on object 'Object Repository/1-OBJECTS TAREAS PRINCIPALES/Modulo Tarea Compensacion/Legalizar Licencia No Remunerada/input_Fecha 1_form_licenciaEmp'

2022-04-29 10:23:12 - [TEST_STEP][PASSED] - sendKeys(findTestObject("1-OBJECTS TAREAS PRINCIPALES/Modulo Tarea Compensacion/Legalizar Licencia No Remunerada/input_Fecha 1_form_licenciaEmp"), Keys.chord(ESCAPE)): Keys 'ESCAPE + ' sent to object: 'Object Repository/1-OBJECTS TAREAS PRINCIPALES/Modulo Tarea Compensacion/Legalizar Licencia No Remunerada/input_Fecha 1_form_licenciaEmp'

2022-04-29 10:23:12 - [MESSAGE][PASSED] - Keys 'ESCAPE + ' sent to object: 'Object Repository/1-OBJECTS TAREAS PRINCIPALES/Modulo Tarea Compensacion/Legalizar Licencia No Remunerada/input_Fecha 1_form_licenciaEmp'

2022-04-29 10:23:12 - [TEST_STEP][PASSED] - setText(findTestObject("1-OBJECTS TAREAS PRINCIPALES/Modulo Tarea Compensacion/Legalizar Licencia No Remunerada/input_Das Ausentismo_form_lice"), "2"): Text '2' is set on object 'Object Repository/1-OBJECTS TAREAS PRINCIPALES/Modulo Tarea Compensacion/Legalizar Licencia No Remunerada/input_Das Ausentismo_form_lice'

2022-04-29 10:23:13 - [MESSAGE][PASSED] - Text '2' is set on object 'Object Repository/1-OBJECTS TAREAS PRINCIPALES/Modulo Tarea Compensacion/Legalizar Licencia No Remunerada/input_Das Ausentismo_form_lice'

2022-04-29 10:23:13 - [TEST_STEP][PASSED] - setText(findTestObject("1-OBJECTS TAREAS PRINCIPALES/Modulo Tarea Compensacion/Legalizar Licencia No Remunerada/input_Fecha 1_form_licenciaEmp_11"), "28/02/2021"): Text '28/02/2021' is set on object 'Object Repository/1-OBJECTS TAREAS PRINCIPALES/Modulo Tarea Compensacion/Legalizar Licencia No Remunerada/input_Fecha 1_form_licenciaEmp_11'

2022-04-29 10:23:14 - [MESSAGE][PASSED] - Text '28/02/2021' is set on object 'Object Repository/1-OBJECTS TAREAS PRINCIPALES/Modulo Tarea Compensacion/Legalizar Licencia No Remunerada/input_Fecha 1_form_licenciaEmp_11'

2022-04-29 10:23:14 - [TEST_STEP][PASSED] - sendKeys(findTestObject("1-OBJECTS TAREAS PRINCIPALES/Modulo Tarea Compensacion/Legalizar Licencia No Remunerada/input_Fecha 1_form_licenciaEmp_11"), Keys.chord(ESCAPE)): Keys 'ESCAPE + ' sent to object: 'Object Repository/1-OBJECTS TAREAS PRINCIPALES/Modulo Tarea Compensacion/Legalizar Licencia No Remunerada/input_Fecha 1_form_licenciaEmp_11'

2022-04-29 10:23:14 - [MESSAGE][PASSED] - Keys 'ESCAPE + ' sent to object: 'Object Repository/1-OBJECTS TAREAS PRINCIPALES/Modulo Tarea Compensacion/Legalizar Licencia No Remunerada/input_Fecha 1_form_licenciaEmp_11'

2022-04-29 10:23:14 - [TEST_STEP][PASSED] - setText(findTestObject("1-OBJECTS TAREAS PRINCIPALES/Modulo Tarea Compensacion/Legalizar Licencia No Remunerada/textarea_Area_form_licenciaEmp"), "Prueba 2021"): Text 'Prueba 2021' is set on object 'Object Repository/1-OBJECTS TAREAS PRINCIPALES/Modulo Tarea Compensacion/Legalizar Licencia No Remunerada/textarea_Area_form_licenciaEmp'

2022-04-29 10:23:15 - [MESSAGE][PASSED] - Text 'Prueba 2021' is set on object 'Object Repository/1-OBJECTS TAREAS PRINCIPALES/Modulo Tarea Compensacion/Legalizar Licencia No Remunerada/textarea_Area_form_licenciaEmp'

2022-04-29 10:23:15 - [TEST_STEP][PASSED] - waitForElementClickable(findTestObject("1-OBJECTS TAREAS PRINCIPALES/Modulo Tarea Compensacion/Legalizar Licencia No Remunerada/textarea_Area_form_licenciaEmpleadotabs"), G_TimeOut): Object 'Object Repository/1-OBJECTS TAREAS PRINCIPALES/Modulo Tarea Compensacion/Legalizar Licencia No Remunerada/textarea_Area_form_licenciaEmpleadotabs' is clickable

2022-04-29 10:23:16 - [MESSAGE][PASSED] - Object 'Object Repository/1-OBJECTS TAREAS PRINCIPALES/Modulo Tarea Compensacion/Legalizar Licencia No Remunerada/textarea_Area_form_licenciaEmpleadotabs' is clickable

2022-04-29 10:23:16 - [TEST_STEP][PASSED] - setText(findTestObject("1-OBJECTS TAREAS PRINCIPALES/Modulo Tarea Compensacion/Legalizar Licencia No Remunerada/textarea_Area_form_licenciaEmpleadotabs"), "Prueba"): Text 'Prueba' is set on object 'Object Repository/1-OBJECTS TAREAS PRINCIPALES/Modulo Tarea Compensacion/Legalizar Licencia No Remunerada/textarea_Area_form_licenciaEmpleadotabs'

2022-04-29 10:23:16 - [MESSAGE][PASSED] - Text 'Prueba' is set on object 'Object Repository/1-OBJECTS TAREAS PRINCIPALES/Modulo Tarea Compensacion/Legalizar Licencia No Remunerada/textarea_Area_form_licenciaEmpleadotabs'

2022-04-29 10:23:16 - [TEST_STEP][PASSED] - waitForElementClickable(findTestObject("1-OBJECTS TAREAS PRINCIPALES/Modulo Tarea Compensacion/Legalizar Licencia No Remunerada/input_Horas adicionales_form_licenciaEmpleadotabs"), G_TimeOut): Object 'Object Repository/1-OBJECTS TAREAS PRINCIPALES/Modulo Tarea Compensacion/Legalizar Licencia No Remunerada/input_Horas adicionales_form_licenciaEmpleadotabs' is clickable

2022-04-29 10:23:17 - [MESSAGE][PASSED] - Object 'Object Repository/1-OBJECTS TAREAS PRINCIPALES/Modulo Tarea Compensacion/Legalizar Licencia No Remunerada/input_Horas adicionales_form_licenciaEmpleadotabs' is clickable

2022-04-29 10:23:17 - [TEST_STEP][PASSED] - setText(findTestObject("1-OBJECTS TAREAS PRINCIPALES/Modulo Tarea Compensacion/Legalizar Licencia No Remunerada/input_Horas adicionales_form_licenciaEmpleadotabs"), "0500"): Text '0500' is set on object 'Object Repository/1-OBJECTS TAREAS PRINCIPALES/Modulo Tarea Compensacion/Legalizar Licencia No Remunerada/input_Horas adicionales_form_licenciaEmpleadotabs'

2022-04-29 10:23:17 - [MESSAGE][PASSED] - Text '0500' is set on object 'Object Repository/1-OBJECTS TAREAS PRINCIPALES/Modulo Tarea Compensacion/Legalizar Licencia No Remunerada/input_Horas adicionales_form_licenciaEmpleadotabs'

2022-04-29 10:23:17 - [TEST_STEP][PASSED] - waitForElementClickable(findTestObject("1-OBJECTS TAREAS PRINCIPALES/Modulo Tarea Compensacion/Legalizar Licencia No Remunerada/a_Afiliacin Eps_form_licenciaEmpleadotabs"), G_TimeOut): Object 'Object Repository/1-OBJECTS TAREAS PRINCIPALES/Modulo Tarea Compensacion/Legalizar Licencia No Remunerada/a_Afiliacin Eps_form_licenciaEmpleadotabs' is clickable

2022-04-29 10:23:18 - [MESSAGE][PASSED] - Object 'Object Repository/1-OBJECTS TAREAS PRINCIPALES/Modulo Tarea Compensacion/Legalizar Licencia No Remunerada/a_Afiliacin Eps_form_licenciaEmpleadotabs' is clickable

2022-04-29 10:23:18 - [TEST_STEP][PASSED] - click(findTestObject("1-OBJECTS TAREAS PRINCIPALES/Modulo Tarea Compensacion/Legalizar Licencia No Remunerada/a_Afiliacin Eps_form_licenciaEmpleadotabs")): Object: 'Object Repository/1-OBJECTS TAREAS PRINCIPALES/Modulo Tarea Compensacion/Legalizar Licencia No Remunerada/a_Afiliacin Eps_form_licenciaEmpleadotabs' is clicked on

2022-04-29 10:23:18 - [MESSAGE][PASSED] - Object: 'Object Repository/1-OBJECTS TAREAS PRINCIPALES/Modulo Tarea Compensacion/Legalizar Licencia No Remunerada/a_Afiliacin Eps_form_licenciaEmpleadotabs' is clicked on

2022-04-29 10:23:18 - [TEST_STEP][PASSED] - waitForElementVisible(findTestObject("1-OBJECTS TAREAS PRINCIPALES/Modulo Tarea Compensacion/Legalizar Licencia No Remunerada/Page_SARA/div_Se ha cargado el archivo_ui-fileupload-_55cbf6"), 0): Object 'Object Repository/1-OBJECTS TAREAS PRINCIPALES/Modulo Tarea Compensacion/Legalizar Licencia No Remunerada/Page_SARA/div_Se ha cargado el archivo_ui-fileupload-_55cbf6' is visible

2022-04-29 10:23:18 - [MESSAGE][WARNING] - Timeout '0' is invalid. Using default page load timeout: '45'

2022-04-29 10:23:19 - [MESSAGE][PASSED] - Object 'Object Repository/1-OBJECTS TAREAS PRINCIPALES/Modulo Tarea Compensacion/Legalizar Licencia No Remunerada/Page_SARA/div_Se ha cargado el archivo_ui-fileupload-_55cbf6' is visible

2022-04-29 10:23:19 - [TEST_STEP][PASSED] - click(findTestObject("1-OBJECTS TAREAS PRINCIPALES/Modulo Tarea Compensacion/Legalizar Licencia No Remunerada/Page_SARA/div_Se ha cargado el archivo_ui-fileupload-_55cbf6")): Object: 'Object Repository/1-OBJECTS TAREAS PRINCIPALES/Modulo Tarea Compensacion/Legalizar Licencia No Remunerada/Page_SARA/div_Se ha cargado el archivo_ui-fileupload-_55cbf6' is clicked on

2022-04-29 10:23:20 - [MESSAGE][PASSED] - Object: 'Object Repository/1-OBJECTS TAREAS PRINCIPALES/Modulo Tarea Compensacion/Legalizar Licencia No Remunerada/Page_SARA/div_Se ha cargado el archivo_ui-fileupload-_55cbf6' is clicked on

2022-04-29 10:23:20 - [TEST_STEP][PASSED] - ruta = G_rutaarchivos + "ArchivoPlanoLiquidacionNomina.txt": null

2022-04-29 10:23:20 - [TEST_STEP][PASSED] - uploadFile(findTestObject("1-OBJECTS TAREAS PRINCIPALES/Modulo Tarea Compensacion/Legalizar Licencia No Remunerada/input_Se ha cargado el archivo_popupDocumento"), ruta): File 'E:\unionweb14\ArchivoPlanoLiquidacionNomina.txt' sent to object: 'Object Repository/1-OBJECTS TAREAS PRINCIPALES/Modulo Tarea Compensacion/Legalizar Licencia No Remunerada/input_Se ha cargado el archivo_popupDocumento'

2022-04-29 10:23:20 - [MESSAGE][PASSED] - File 'E:\unionweb14\ArchivoPlanoLiquidacionNomina.txt' sent to object: 'Object Repository/1-OBJECTS TAREAS PRINCIPALES/Modulo Tarea Compensacion/Legalizar Licencia No Remunerada/input_Se ha cargado el archivo_popupDocumento'

2022-04-29 10:23:20 - [TEST_STEP][PASSED] - waitForElementClickable(findTestObject("1-OBJECTS TAREAS PRINCIPALES/Modulo Tarea Compensacion/Legalizar Licencia No Remunerada/input_Vigencia_popupDocumentoNovedad_formvigencia_input"), 0): Object 'Object Repository/1-OBJECTS TAREAS PRINCIPALES/Modulo Tarea Compensacion/Legalizar Licencia No Remunerada/input_Vigencia_popupDocumentoNovedad_formvigencia_input' is clickable

2022-04-29 10:23:20 - [MESSAGE][WARNING] - Timeout '0' is invalid. Using default page load timeout: '45'

2022-04-29 10:23:21 - [MESSAGE][PASSED] - Object 'Object Repository/1-OBJECTS TAREAS PRINCIPALES/Modulo Tarea Compensacion/Legalizar Licencia No Remunerada/input_Vigencia_popupDocumentoNovedad_formvigencia_input' is clickable

2022-04-29 10:23:21 - [TEST_STEP][PASSED] - setText(findTestObject("1-OBJECTS TAREAS PRINCIPALES/Modulo Tarea Compensacion/Legalizar Licencia No Remunerada/input_Vigencia_popupDocumentoNovedad_formvigencia_input"), "01/12/2021"): Text '01/12/2021' is set on object 'Object Repository/1-OBJECTS TAREAS PRINCIPALES/Modulo Tarea Compensacion/Legalizar Licencia No Remunerada/input_Vigencia_popupDocumentoNovedad_formvigencia_input'

2022-04-29 10:23:21 - [MESSAGE][PASSED] - Text '01/12/2021' is set on object 'Object Repository/1-OBJECTS TAREAS PRINCIPALES/Modulo Tarea Compensacion/Legalizar Licencia No Remunerada/input_Vigencia_popupDocumentoNovedad_formvigencia_input'

2022-04-29 10:23:21 - [TEST_STEP][PASSED] - sendKeys(findTestObject("1-OBJECTS TAREAS PRINCIPALES/Modulo Tarea Compensacion/Legalizar Licencia No Remunerada/input_Vigencia_popupDocumentoNovedad_formvigencia_input"), Keys.chord(ESCAPE)): Keys 'ESCAPE + ' sent to object: 'Object Repository/1-OBJECTS TAREAS PRINCIPALES/Modulo Tarea Compensacion/Legalizar Licencia No Remunerada/input_Vigencia_popupDocumentoNovedad_formvigencia_input'

2022-04-29 10:23:22 - [MESSAGE][PASSED] - Keys 'ESCAPE + ' sent to object: 'Object Repository/1-OBJECTS TAREAS PRINCIPALES/Modulo Tarea Compensacion/Legalizar Licencia No Remunerada/input_Vigencia_popupDocumentoNovedad_formvigencia_input'

2022-04-29 10:23:22 - [TEST_STEP][PASSED] - setText(findTestObject("1-OBJECTS TAREAS PRINCIPALES/Modulo Tarea Compensacion/Legalizar Licencia No Remunerada/textarea_Observacin_popupDocumentoNovedad_formobservacion"), "PRUEBA"): Text 'PRUEBA' is set on object 'Object Repository/1-OBJECTS TAREAS PRINCIPALES/Modulo Tarea Compensacion/Legalizar Licencia No Remunerada/textarea_Observacin_popupDocumentoNovedad_formobservacion'

2022-04-29 10:23:23 - [MESSAGE][PASSED] - Text 'PRUEBA' is set on object 'Object Repository/1-OBJECTS TAREAS PRINCIPALES/Modulo Tarea Compensacion/Legalizar Licencia No Remunerada/textarea_Observacin_popupDocumentoNovedad_formobservacion'

2022-04-29 10:23:23 - [TEST_STEP][PASSED] - click(findTestObject("1-OBJECTS TAREAS PRINCIPALES/Modulo Tarea Compensacion/Legalizar Licencia No Remunerada/a_Guardar_archivo")): Object: 'Object Repository/1-OBJECTS TAREAS PRINCIPALES/Modulo Tarea Compensacion/Legalizar Licencia No Remunerada/a_Guardar_archivo' is clicked on

2022-04-29 10:23:23 - [MESSAGE][PASSED] - Object: 'Object Repository/1-OBJECTS TAREAS PRINCIPALES/Modulo Tarea Compensacion/Legalizar Licencia No Remunerada/a_Guardar_archivo' is clicked on

2022-04-29 10:23:23 - [TEST_STEP][PASSED] - click(findTestObject("1-OBJECTS TAREAS PRINCIPALES/Modulo Tarea Compensacion/Legalizar Licencia No Remunerada/a_Guardar_1")): Object: 'Object Repository/1-OBJECTS TAREAS PRINCIPALES/Modulo Tarea Compensacion/Legalizar Licencia No Remunerada/a_Guardar_1' is clicked on

2022-04-29 10:23:24 - [MESSAGE][PASSED] - Object: 'Object Repository/1-OBJECTS TAREAS PRINCIPALES/Modulo Tarea Compensacion/Legalizar Licencia No Remunerada/a_Guardar_1' is clicked on

2022-04-29 10:23:24 - [TEST_STEP][PASSED] - Alerta = getText(findTestObject("3-OBJECTS UTILIDADES/Alerta/Alerta")): Text of object 'Object Repository/3-OBJECTS UTILIDADES/Alerta/Alerta' is: 'Se modifico exitosamente su solicitud'

2022-04-29 10:23:29 - [MESSAGE][PASSED] - Text of object 'Object Repository/3-OBJECTS UTILIDADES/Alerta/Alerta' is: 'Se modifico exitosamente su solicitud'

2022-04-29 10:23:29 - [TEST_STEP][PASSED] - if (Alerta == "Se modifico exitosamente su solicitud"): Browser is closed

2022-04-29 10:23:29 - [TEST_STEP][PASSED] - closeBrowser(): Browser is closed

2022-04-29 10:23:30 - [MESSAGE][PASSED] - Browser is closed]]></system-out>
         <system-err><![CDATA[]]></system-err>
      </testcase>
      <testcase name="Test Cases/1.1-Tareas Principales/1.2.3-Legalizar Licencia Remunerada" time="27.62" classname="Test Cases/1.1-Tareas Principales/1.2.3-Legalizar Licencia Remunerada" status="PASSED">
         <system-out><![CDATA[2022-04-29 10:23:30 - [TEST_CASE][PASSED] - Test Cases/1.1-Tareas Principales/1.2.3-Legalizar Licencia Remunerada: Test Cases/1.1-Tareas Principales/1.2.3-Legalizar Licencia Remunerada

2022-04-29 10:23:30 - [TEST_STEP][PASSED] - callTestCase(findTestCase("Utilidades-(atajos_para _tareas)/Tareas Administracion Compensacion/Tarea Listado Empleados"), [:], STOP_ON_FAILURE): Call Test Case 'Test Cases/Utilidades-(atajos_para _tareas)/Tareas Administracion Compensacion/Tarea Listado Empleados' successfully

2022-04-29 10:23:30 - [TEST_CASE][PASSED] - Test Cases/Utilidades-(atajos_para _tareas)/Tareas Administracion Compensacion/Tarea Listado Empleados: Test Cases/Utilidades-(atajos_para _tareas)/Tareas Administracion Compensacion/Tarea Listado Empleados

2022-04-29 10:23:30 - [TEST_STEP][PASSED] - callTestCase(findTestCase("0.1-Login"), [:], STOP_ON_FAILURE): Call Test Case 'Test Cases/0.1-Login' successfully

2022-04-29 10:23:31 - [TEST_CASE][PASSED] - Test Cases/0.1-Login: Test Cases/0.1-Login

2022-04-29 10:23:31 - [TEST_STEP][PASSED] - openBrowser(""): Browser is opened with url: ''

2022-04-29 10:23:31 - [MESSAGE][INFO] - Starting 'Chrome' driver

2022-04-29 10:23:31 - [MESSAGE][INFO] - Action delay is set to 0 milliseconds

2022-04-29 10:23:32 - [MESSAGE][PASSED] - Browser is opened with url: ''

2022-04-29 10:23:32 - [TEST_STEP][PASSED] - maximizeWindow(): Current window maximized

2022-04-29 10:23:32 - [MESSAGE][PASSED] - Current window maximized

2022-04-29 10:23:32 - [TEST_STEP][PASSED] - i = G_Login: null

2022-04-29 10:23:32 - [TEST_STEP][PASSED] - url = new java.net.URL(i): null

2022-04-29 10:23:32 - [TEST_STEP][PASSED] - println("URL: " + url.toString()): null

2022-04-29 10:23:32 - [TEST_STEP][PASSED] - connection = url.openConnection(): null

2022-04-29 10:23:32 - [TEST_STEP][PASSED] - connection.setRequestMethod("GET"): null

2022-04-29 10:23:32 - [TEST_STEP][PASSED] - connection.setReadTimeout(2 * 1000): null

2022-04-29 10:23:32 - [TEST_STEP][PASSED] - try: null

2022-04-29 10:23:32 - [TEST_STEP][PASSED] - connection.connect(): null

2022-04-29 10:23:32 - [TEST_STEP][PASSED] - flag = connected: null

2022-04-29 10:23:32 - [TEST_STEP][PASSED] - println("Valor_ori: " + flag): null

2022-04-29 10:23:32 - [TEST_STEP][PASSED] - if (flag): null

2022-04-29 10:23:32 - [TEST_STEP][PASSED] - navigateToUrl(i): Navigate to 'http://192.168.2.19:8380/saraweb' successfully

2022-04-29 10:23:32 - [MESSAGE][PASSED] - Navigate to 'http://192.168.2.19:8380/saraweb' successfully

2022-04-29 10:23:32 - [TEST_STEP][PASSED] - a(): null

2022-04-29 10:23:32 - [TEST_STEP][PASSED] - setText(findTestObject("3-OBJECTS UTILIDADES/Login/input_USUARIO_loginusuario"), G_Usuario): Text 'saraadmin' is set on object 'Object Repository/3-OBJECTS UTILIDADES/Login/input_USUARIO_loginusuario'

2022-04-29 10:23:33 - [MESSAGE][PASSED] - Text 'saraadmin' is set on object 'Object Repository/3-OBJECTS UTILIDADES/Login/input_USUARIO_loginusuario'

2022-04-29 10:23:33 - [TEST_STEP][PASSED] - setEncryptedText(findTestObject("3-OBJECTS UTILIDADES/Login/input_CLAVE_loginpassword"), "MkG4/TYiCFC3cb2driP7+Q=="): Text ****** has been set on object 'Object Repository/3-OBJECTS UTILIDADES/Login/input_CLAVE_loginpassword'

2022-04-29 10:23:34 - [MESSAGE][PASSED] - Text ****** has been set on object 'Object Repository/3-OBJECTS UTILIDADES/Login/input_CLAVE_loginpassword'

2022-04-29 10:23:34 - [TEST_STEP][PASSED] - waitForElementClickable(findTestObject("3-OBJECTS UTILIDADES/Login/a_Ingresar"), G_TimeOut): Object 'Object Repository/3-OBJECTS UTILIDADES/Login/a_Ingresar' is clickable

2022-04-29 10:23:34 - [MESSAGE][PASSED] - Object 'Object Repository/3-OBJECTS UTILIDADES/Login/a_Ingresar' is clickable

2022-04-29 10:23:34 - [TEST_STEP][PASSED] - click(findTestObject("3-OBJECTS UTILIDADES/Login/a_Ingresar")): Object: 'Object Repository/3-OBJECTS UTILIDADES/Login/a_Ingresar' is clicked on

2022-04-29 10:23:35 - [MESSAGE][PASSED] - Object: 'Object Repository/3-OBJECTS UTILIDADES/Login/a_Ingresar' is clicked on

2022-04-29 10:23:35 - [TEST_STEP][PASSED] - element = findWebElement(findTestObject("3-OBJECTS UTILIDADES/Login/a_Ir"), 30): null

2022-04-29 10:23:35 - [TEST_STEP][PASSED] - executeJavaScript("arguments[0].click()", Arrays.asList(element)): Execute JavaScript 'arguments[0].click()' successfully

2022-04-29 10:23:35 - [MESSAGE][PASSED] - Execute JavaScript 'arguments[0].click()' successfully

2022-04-29 10:23:35 - [MESSAGE][PASSED] - Call Test Case 'Test Cases/0.1-Login' successfully

2022-04-29 10:23:35 - [TEST_STEP][PASSED] - setText(findTestObject("1-OBJECTS TAREAS PRINCIPALES/Modulo Tarea Listado Hojas de Vida/Tareas Listado Hojas de Vida/input_Listado Hojas De Vida_form_templatej_idt24_input"), "Listado de Empleados"): Text 'Listado de Empleados' is set on object 'Object Repository/1-OBJECTS TAREAS PRINCIPALES/Modulo Tarea Listado Hojas de Vida/Tareas Listado Hojas de Vida/input_Listado Hojas De Vida_form_templatej_idt24_input'

2022-04-29 10:23:36 - [MESSAGE][PASSED] - Text 'Listado de Empleados' is set on object 'Object Repository/1-OBJECTS TAREAS PRINCIPALES/Modulo Tarea Listado Hojas de Vida/Tareas Listado Hojas de Vida/input_Listado Hojas De Vida_form_templatej_idt24_input'

2022-04-29 10:23:36 - [TEST_STEP][PASSED] - waitForElementVisible(findTestObject("1-OBJECTS TAREAS PRINCIPALES/Modulo Tarea Listado Hojas de Vida/Tareas Listado Hojas de Vida/span_Listado de Empleados"), 0): Object 'Object Repository/1-OBJECTS TAREAS PRINCIPALES/Modulo Tarea Listado Hojas de Vida/Tareas Listado Hojas de Vida/span_Listado de Empleados' is visible

2022-04-29 10:23:37 - [MESSAGE][WARNING] - Timeout '0' is invalid. Using default page load timeout: '45'

2022-04-29 10:23:38 - [MESSAGE][PASSED] - Object 'Object Repository/1-OBJECTS TAREAS PRINCIPALES/Modulo Tarea Listado Hojas de Vida/Tareas Listado Hojas de Vida/span_Listado de Empleados' is visible

2022-04-29 10:23:38 - [TEST_STEP][PASSED] - click(findTestObject("1-OBJECTS TAREAS PRINCIPALES/Modulo Tarea Listado Hojas de Vida/Tareas Listado Hojas de Vida/span_Listado de Empleados")): Object: 'Object Repository/1-OBJECTS TAREAS PRINCIPALES/Modulo Tarea Listado Hojas de Vida/Tareas Listado Hojas de Vida/span_Listado de Empleados' is clicked on

2022-04-29 10:23:38 - [MESSAGE][PASSED] - Object: 'Object Repository/1-OBJECTS TAREAS PRINCIPALES/Modulo Tarea Listado Hojas de Vida/Tareas Listado Hojas de Vida/span_Listado de Empleados' is clicked on

2022-04-29 10:23:38 - [MESSAGE][PASSED] - Call Test Case 'Test Cases/Utilidades-(atajos_para _tareas)/Tareas Administracion Compensacion/Tarea Listado Empleados' successfully

2022-04-29 10:23:38 - [TEST_STEP][PASSED] - waitForElementClickable(findTestObject("1-OBJECTS TAREAS PRINCIPALES/Modulo Tarea Compensacion/Legalizar licencia Remunerada/input_Identificacin_listadoEmp"), 0): Object 'Object Repository/1-OBJECTS TAREAS PRINCIPALES/Modulo Tarea Compensacion/Legalizar licencia Remunerada/input_Identificacin_listadoEmp' is clickable

2022-04-29 10:23:38 - [MESSAGE][WARNING] - Timeout '0' is invalid. Using default page load timeout: '45'

2022-04-29 10:23:39 - [MESSAGE][PASSED] - Object 'Object Repository/1-OBJECTS TAREAS PRINCIPALES/Modulo Tarea Compensacion/Legalizar licencia Remunerada/input_Identificacin_listadoEmp' is clickable

2022-04-29 10:23:39 - [TEST_STEP][PASSED] - setText(findTestObject("1-OBJECTS TAREAS PRINCIPALES/Modulo Tarea Compensacion/Legalizar licencia Remunerada/input_Identificacin_listadoEmp"), "354968431354"): Text '354968431354' is set on object 'Object Repository/1-OBJECTS TAREAS PRINCIPALES/Modulo Tarea Compensacion/Legalizar licencia Remunerada/input_Identificacin_listadoEmp'

2022-04-29 10:23:40 - [MESSAGE][PASSED] - Text '354968431354' is set on object 'Object Repository/1-OBJECTS TAREAS PRINCIPALES/Modulo Tarea Compensacion/Legalizar licencia Remunerada/input_Identificacin_listadoEmp'

2022-04-29 10:23:40 - [TEST_STEP][PASSED] - sendKeys(findTestObject("1-OBJECTS TAREAS PRINCIPALES/Modulo Tarea Compensacion/Legalizar licencia Remunerada/input_Identificacin_listadoEmp"), Keys.chord(ENTER)): Keys 'ENTER + ' sent to object: 'Object Repository/1-OBJECTS TAREAS PRINCIPALES/Modulo Tarea Compensacion/Legalizar licencia Remunerada/input_Identificacin_listadoEmp'

2022-04-29 10:23:40 - [MESSAGE][PASSED] - Keys 'ENTER + ' sent to object: 'Object Repository/1-OBJECTS TAREAS PRINCIPALES/Modulo Tarea Compensacion/Legalizar licencia Remunerada/input_Identificacin_listadoEmp'

2022-04-29 10:23:40 - [TEST_STEP][PASSED] - click(findTestObject("1-OBJECTS TAREAS PRINCIPALES/Modulo Tarea Compensacion/Legalizar licencia Remunerada/span_CONSTA BELFEGORD JHON")): Object: 'Object Repository/1-OBJECTS TAREAS PRINCIPALES/Modulo Tarea Compensacion/Legalizar licencia Remunerada/span_CONSTA BELFEGORD JHON' is clicked on

2022-04-29 10:23:41 - [MESSAGE][PASSED] - Object: 'Object Repository/1-OBJECTS TAREAS PRINCIPALES/Modulo Tarea Compensacion/Legalizar licencia Remunerada/span_CONSTA BELFEGORD JHON' is clicked on

2022-04-29 10:23:41 - [TEST_STEP][PASSED] - click(findTestObject("1-OBJECTS TAREAS PRINCIPALES/Modulo Tarea Compensacion/Legalizar licencia Remunerada/span_Licencia")): Object: 'Object Repository/1-OBJECTS TAREAS PRINCIPALES/Modulo Tarea Compensacion/Legalizar licencia Remunerada/span_Licencia' is clicked on

2022-04-29 10:23:42 - [MESSAGE][PASSED] - Object: 'Object Repository/1-OBJECTS TAREAS PRINCIPALES/Modulo Tarea Compensacion/Legalizar licencia Remunerada/span_Licencia' is clicked on

2022-04-29 10:23:42 - [TEST_STEP][PASSED] - if (waitForElementClickable(findTestObject("1-OBJECTS TAREAS PRINCIPALES/Modulo Tarea Compensacion/Legalizar licencia Remunerada/td_Licencia Remunerada"), 1)): Web element with id: 'Object Repository/1-OBJECTS TAREAS PRINCIPALES/Modulo Tarea Compensacion/Legalizar licencia Remunerada/td_Licencia Remunerada' located by '//*/text()[normalize-space(.)='Licencia Remunerada']/parent::*' not found

2022-04-29 10:23:44 - [MESSAGE][INFO] - Unable to find the element located by 'By.xpath: //*/text()[normalize-space(.)='Licencia Remunerada']/parent::*'. Please recheck the objects properties to make sure the desired element is located. 

2022-04-29 10:23:44 - [MESSAGE][WARNING] - Web element with id: 'Object Repository/1-OBJECTS TAREAS PRINCIPALES/Modulo Tarea Compensacion/Legalizar licencia Remunerada/td_Licencia Remunerada' located by '//*/text()[normalize-space(.)='Licencia Remunerada']/parent::*' not found

2022-04-29 10:23:44 - [TEST_STEP][PASSED] - click(findTestObject("1-OBJECTS TAREAS PRINCIPALES/Modulo Tarea Compensacion/Legalizar licencia Remunerada/a_Histrico")): Object: 'Object Repository/1-OBJECTS TAREAS PRINCIPALES/Modulo Tarea Compensacion/Legalizar licencia Remunerada/a_Histrico' is clicked on

2022-04-29 10:23:44 - [MESSAGE][PASSED] - Object: 'Object Repository/1-OBJECTS TAREAS PRINCIPALES/Modulo Tarea Compensacion/Legalizar licencia Remunerada/a_Histrico' is clicked on

2022-04-29 10:23:44 - [TEST_STEP][PASSED] - if (waitForElementClickable(findTestObject("1-OBJECTS TAREAS PRINCIPALES/Modulo Tarea Compensacion/Legalizar licencia Remunerada/span_Licencia Remunerada_Historico"), 1)): Web element with id: 'Object Repository/1-OBJECTS TAREAS PRINCIPALES/Modulo Tarea Compensacion/Legalizar licencia Remunerada/span_Licencia Remunerada_Historico' located by '//*/text()[normalize-space(.)='Licencia Remunerada']/parent::*' not found

2022-04-29 10:23:47 - [MESSAGE][INFO] - Unable to find the element located by 'By.xpath: //*/text()[normalize-space(.)='Licencia Remunerada']/parent::*'. Please recheck the objects properties to make sure the desired element is located. 

2022-04-29 10:23:47 - [MESSAGE][WARNING] - Web element with id: 'Object Repository/1-OBJECTS TAREAS PRINCIPALES/Modulo Tarea Compensacion/Legalizar licencia Remunerada/span_Licencia Remunerada_Historico' located by '//*/text()[normalize-space(.)='Licencia Remunerada']/parent::*' not found

2022-04-29 10:23:47 - [TEST_STEP][PASSED] - waitForElementClickable(findTestObject("1-OBJECTS TAREAS PRINCIPALES/Modulo Tarea Compensacion/Legalizar licencia Remunerada/a_Licencia_Pestaa"), 0): Object 'Object Repository/1-OBJECTS TAREAS PRINCIPALES/Modulo Tarea Compensacion/Legalizar licencia Remunerada/a_Licencia_Pestaa' is clickable

2022-04-29 10:23:47 - [MESSAGE][WARNING] - Timeout '0' is invalid. Using default page load timeout: '45'

2022-04-29 10:23:47 - [MESSAGE][PASSED] - Object 'Object Repository/1-OBJECTS TAREAS PRINCIPALES/Modulo Tarea Compensacion/Legalizar licencia Remunerada/a_Licencia_Pestaa' is clickable

2022-04-29 10:23:47 - [TEST_STEP][PASSED] - click(findTestObject("1-OBJECTS TAREAS PRINCIPALES/Modulo Tarea Compensacion/Legalizar licencia Remunerada/a_Licencia_Pestaa")): Object: 'Object Repository/1-OBJECTS TAREAS PRINCIPALES/Modulo Tarea Compensacion/Legalizar licencia Remunerada/a_Licencia_Pestaa' is clicked on

2022-04-29 10:23:48 - [MESSAGE][PASSED] - Object: 'Object Repository/1-OBJECTS TAREAS PRINCIPALES/Modulo Tarea Compensacion/Legalizar licencia Remunerada/a_Licencia_Pestaa' is clicked on

2022-04-29 10:23:48 - [TEST_STEP][PASSED] - if (waitForElementClickable(findTestObject("1-OBJECTS TAREAS PRINCIPALES/Modulo Tarea Compensacion/Legalizar licencia Remunerada/span_Nuevo"), 1)): null

2022-04-29 10:23:48 - [MESSAGE][PASSED] - Object 'Object Repository/1-OBJECTS TAREAS PRINCIPALES/Modulo Tarea Compensacion/Legalizar licencia Remunerada/span_Nuevo' is clickable

2022-04-29 10:23:48 - [TEST_STEP][PASSED] - click(findTestObject("1-OBJECTS TAREAS PRINCIPALES/Modulo Tarea Compensacion/Legalizar licencia Remunerada/span_Nuevo")): Object: 'Object Repository/1-OBJECTS TAREAS PRINCIPALES/Modulo Tarea Compensacion/Legalizar licencia Remunerada/span_Nuevo' is clicked on

2022-04-29 10:23:49 - [MESSAGE][PASSED] - Object: 'Object Repository/1-OBJECTS TAREAS PRINCIPALES/Modulo Tarea Compensacion/Legalizar licencia Remunerada/span_Nuevo' is clicked on

2022-04-29 10:23:49 - [TEST_STEP][PASSED] - click(findTestObject("1-OBJECTS TAREAS PRINCIPALES/Modulo Tarea Compensacion/Legalizar licencia Remunerada/span_LICENCIA REMUNERADA")): Object: 'Object Repository/1-OBJECTS TAREAS PRINCIPALES/Modulo Tarea Compensacion/Legalizar licencia Remunerada/span_LICENCIA REMUNERADA' is clicked on

2022-04-29 10:23:50 - [MESSAGE][PASSED] - Object: 'Object Repository/1-OBJECTS TAREAS PRINCIPALES/Modulo Tarea Compensacion/Legalizar licencia Remunerada/span_LICENCIA REMUNERADA' is clicked on

2022-04-29 10:23:50 - [TEST_STEP][PASSED] - setText(findTestObject("1-OBJECTS TAREAS PRINCIPALES/Modulo Tarea Compensacion/Legalizar licencia Remunerada/input_Fecha Salida_form_licenc"), "01/12/2018"): Text '01/12/2018' is set on object 'Object Repository/1-OBJECTS TAREAS PRINCIPALES/Modulo Tarea Compensacion/Legalizar licencia Remunerada/input_Fecha Salida_form_licenc'

2022-04-29 10:23:51 - [MESSAGE][PASSED] - Text '01/12/2018' is set on object 'Object Repository/1-OBJECTS TAREAS PRINCIPALES/Modulo Tarea Compensacion/Legalizar licencia Remunerada/input_Fecha Salida_form_licenc'

2022-04-29 10:23:51 - [TEST_STEP][PASSED] - setText(findTestObject("1-OBJECTS TAREAS PRINCIPALES/Modulo Tarea Compensacion/Legalizar licencia Remunerada/input_Das Ausentismo_form_lice"), "2"): Text '2' is set on object 'Object Repository/1-OBJECTS TAREAS PRINCIPALES/Modulo Tarea Compensacion/Legalizar licencia Remunerada/input_Das Ausentismo_form_lice'

2022-04-29 10:23:52 - [MESSAGE][PASSED] - Text '2' is set on object 'Object Repository/1-OBJECTS TAREAS PRINCIPALES/Modulo Tarea Compensacion/Legalizar licencia Remunerada/input_Das Ausentismo_form_lice'

2022-04-29 10:23:52 - [TEST_STEP][PASSED] - setText(findTestObject("1-OBJECTS TAREAS PRINCIPALES/Modulo Tarea Compensacion/Legalizar licencia Remunerada/input_Fecha Salida Nomina_form"), "31/01/2019"): Text '31/01/2019' is set on object 'Object Repository/1-OBJECTS TAREAS PRINCIPALES/Modulo Tarea Compensacion/Legalizar licencia Remunerada/input_Fecha Salida Nomina_form'

2022-04-29 10:23:53 - [MESSAGE][PASSED] - Text '31/01/2019' is set on object 'Object Repository/1-OBJECTS TAREAS PRINCIPALES/Modulo Tarea Compensacion/Legalizar licencia Remunerada/input_Fecha Salida Nomina_form'

2022-04-29 10:23:53 - [TEST_STEP][PASSED] - setText(findTestObject("1-OBJECTS TAREAS PRINCIPALES/Modulo Tarea Compensacion/Legalizar licencia Remunerada/textarea_Observacin_form_licen"), "aaaaaa"): Text 'aaaaaa' is set on object 'Object Repository/1-OBJECTS TAREAS PRINCIPALES/Modulo Tarea Compensacion/Legalizar licencia Remunerada/textarea_Observacin_form_licen'

2022-04-29 10:23:54 - [MESSAGE][PASSED] - Text 'aaaaaa' is set on object 'Object Repository/1-OBJECTS TAREAS PRINCIPALES/Modulo Tarea Compensacion/Legalizar licencia Remunerada/textarea_Observacin_form_licen'

2022-04-29 10:23:54 - [TEST_STEP][PASSED] - setText(findTestObject("1-OBJECTS TAREAS PRINCIPALES/Modulo Tarea Compensacion/Legalizar licencia Remunerada/input_Fecha 1_form_licenciaEmp"), "31/01/2019"): Text '31/01/2019' is set on object 'Object Repository/1-OBJECTS TAREAS PRINCIPALES/Modulo Tarea Compensacion/Legalizar licencia Remunerada/input_Fecha 1_form_licenciaEmp'

2022-04-29 10:23:55 - [MESSAGE][PASSED] - Text '31/01/2019' is set on object 'Object Repository/1-OBJECTS TAREAS PRINCIPALES/Modulo Tarea Compensacion/Legalizar licencia Remunerada/input_Fecha 1_form_licenciaEmp'

2022-04-29 10:23:55 - [TEST_STEP][PASSED] - sendKeys(findTestObject("1-OBJECTS TAREAS PRINCIPALES/Modulo Tarea Compensacion/Legalizar licencia Remunerada/input_Fecha 1_form_licenciaEmp"), Keys.chord(ESCAPE)): Keys 'ESCAPE + ' sent to object: 'Object Repository/1-OBJECTS TAREAS PRINCIPALES/Modulo Tarea Compensacion/Legalizar licencia Remunerada/input_Fecha 1_form_licenciaEmp'

2022-04-29 10:23:55 - [MESSAGE][PASSED] - Keys 'ESCAPE + ' sent to object: 'Object Repository/1-OBJECTS TAREAS PRINCIPALES/Modulo Tarea Compensacion/Legalizar licencia Remunerada/input_Fecha 1_form_licenciaEmp'

2022-04-29 10:23:55 - [TEST_STEP][PASSED] - click(findTestObject("1-OBJECTS TAREAS PRINCIPALES/Modulo Tarea Compensacion/Legalizar licencia Remunerada/span_Guardar Legalizar")): Object: 'Object Repository/1-OBJECTS TAREAS PRINCIPALES/Modulo Tarea Compensacion/Legalizar licencia Remunerada/span_Guardar Legalizar' is clicked on

2022-04-29 10:23:56 - [MESSAGE][PASSED] - Object: 'Object Repository/1-OBJECTS TAREAS PRINCIPALES/Modulo Tarea Compensacion/Legalizar licencia Remunerada/span_Guardar Legalizar' is clicked on

2022-04-29 10:23:56 - [TEST_STEP][PASSED] - Alerta = getText(findTestObject("3-OBJECTS UTILIDADES/Alerta/Alerta")): Text of object 'Object Repository/3-OBJECTS UTILIDADES/Alerta/Alerta' is: 'Se modifico exitosamente su solicitud'

2022-04-29 10:23:57 - [MESSAGE][PASSED] - Text of object 'Object Repository/3-OBJECTS UTILIDADES/Alerta/Alerta' is: 'Se modifico exitosamente su solicitud'

2022-04-29 10:23:57 - [TEST_STEP][PASSED] - if (Alerta == "Se modifico exitosamente su solicitud"): Browser is closed

2022-04-29 10:23:57 - [TEST_STEP][PASSED] - closeBrowser(): Browser is closed

2022-04-29 10:23:58 - [MESSAGE][PASSED] - Browser is closed]]></system-out>
         <system-err><![CDATA[]]></system-err>
      </testcase>
      <testcase name="Test Cases/1.1-Tareas Principales/1.2.4-Incapacidad" time="43.673" classname="Test Cases/1.1-Tareas Principales/1.2.4-Incapacidad" status="PASSED">
         <system-out><![CDATA[2022-04-29 10:23:58 - [TEST_CASE][PASSED] - Test Cases/1.1-Tareas Principales/1.2.4-Incapacidad: Test Cases/1.1-Tareas Principales/1.2.4-Incapacidad

2022-04-29 10:23:58 - [TEST_STEP][PASSED] - callTestCase(findTestCase("Utilidades-(atajos_para _tareas)/Tareas Administracion Compensacion/Tarea Listado Empleados"), [:], STOP_ON_FAILURE): Call Test Case 'Test Cases/Utilidades-(atajos_para _tareas)/Tareas Administracion Compensacion/Tarea Listado Empleados' successfully

2022-04-29 10:23:58 - [TEST_CASE][PASSED] - Test Cases/Utilidades-(atajos_para _tareas)/Tareas Administracion Compensacion/Tarea Listado Empleados: Test Cases/Utilidades-(atajos_para _tareas)/Tareas Administracion Compensacion/Tarea Listado Empleados

2022-04-29 10:23:58 - [TEST_STEP][PASSED] - callTestCase(findTestCase("0.1-Login"), [:], STOP_ON_FAILURE): Call Test Case 'Test Cases/0.1-Login' successfully

2022-04-29 10:23:58 - [TEST_CASE][PASSED] - Test Cases/0.1-Login: Test Cases/0.1-Login

2022-04-29 10:23:58 - [TEST_STEP][PASSED] - openBrowser(""): Browser is opened with url: ''

2022-04-29 10:23:58 - [MESSAGE][INFO] - Starting 'Chrome' driver

2022-04-29 10:23:58 - [MESSAGE][INFO] - Action delay is set to 0 milliseconds

2022-04-29 10:24:00 - [MESSAGE][PASSED] - Browser is opened with url: ''

2022-04-29 10:24:00 - [TEST_STEP][PASSED] - maximizeWindow(): Current window maximized

2022-04-29 10:24:00 - [MESSAGE][PASSED] - Current window maximized

2022-04-29 10:24:00 - [TEST_STEP][PASSED] - i = G_Login: null

2022-04-29 10:24:00 - [TEST_STEP][PASSED] - url = new java.net.URL(i): null

2022-04-29 10:24:00 - [TEST_STEP][PASSED] - println("URL: " + url.toString()): null

2022-04-29 10:24:00 - [TEST_STEP][PASSED] - connection = url.openConnection(): null

2022-04-29 10:24:00 - [TEST_STEP][PASSED] - connection.setRequestMethod("GET"): null

2022-04-29 10:24:00 - [TEST_STEP][PASSED] - connection.setReadTimeout(2 * 1000): null

2022-04-29 10:24:00 - [TEST_STEP][PASSED] - try: null

2022-04-29 10:24:00 - [TEST_STEP][PASSED] - connection.connect(): null

2022-04-29 10:24:00 - [TEST_STEP][PASSED] - flag = connected: null

2022-04-29 10:24:00 - [TEST_STEP][PASSED] - println("Valor_ori: " + flag): null

2022-04-29 10:24:00 - [TEST_STEP][PASSED] - if (flag): null

2022-04-29 10:24:00 - [TEST_STEP][PASSED] - navigateToUrl(i): Navigate to 'http://192.168.2.19:8380/saraweb' successfully

2022-04-29 10:24:00 - [MESSAGE][PASSED] - Navigate to 'http://192.168.2.19:8380/saraweb' successfully

2022-04-29 10:24:00 - [TEST_STEP][PASSED] - a(): null

2022-04-29 10:24:00 - [TEST_STEP][PASSED] - setText(findTestObject("3-OBJECTS UTILIDADES/Login/input_USUARIO_loginusuario"), G_Usuario): Text 'saraadmin' is set on object 'Object Repository/3-OBJECTS UTILIDADES/Login/input_USUARIO_loginusuario'

2022-04-29 10:24:01 - [MESSAGE][PASSED] - Text 'saraadmin' is set on object 'Object Repository/3-OBJECTS UTILIDADES/Login/input_USUARIO_loginusuario'

2022-04-29 10:24:01 - [TEST_STEP][PASSED] - setEncryptedText(findTestObject("3-OBJECTS UTILIDADES/Login/input_CLAVE_loginpassword"), "MkG4/TYiCFC3cb2driP7+Q=="): Text ****** has been set on object 'Object Repository/3-OBJECTS UTILIDADES/Login/input_CLAVE_loginpassword'

2022-04-29 10:24:02 - [MESSAGE][PASSED] - Text ****** has been set on object 'Object Repository/3-OBJECTS UTILIDADES/Login/input_CLAVE_loginpassword'

2022-04-29 10:24:02 - [TEST_STEP][PASSED] - waitForElementClickable(findTestObject("3-OBJECTS UTILIDADES/Login/a_Ingresar"), G_TimeOut): Object 'Object Repository/3-OBJECTS UTILIDADES/Login/a_Ingresar' is clickable

2022-04-29 10:24:02 - [MESSAGE][PASSED] - Object 'Object Repository/3-OBJECTS UTILIDADES/Login/a_Ingresar' is clickable

2022-04-29 10:24:02 - [TEST_STEP][PASSED] - click(findTestObject("3-OBJECTS UTILIDADES/Login/a_Ingresar")): Object: 'Object Repository/3-OBJECTS UTILIDADES/Login/a_Ingresar' is clicked on

2022-04-29 10:24:03 - [MESSAGE][PASSED] - Object: 'Object Repository/3-OBJECTS UTILIDADES/Login/a_Ingresar' is clicked on

2022-04-29 10:24:03 - [TEST_STEP][PASSED] - element = findWebElement(findTestObject("3-OBJECTS UTILIDADES/Login/a_Ir"), 30): null

2022-04-29 10:24:03 - [TEST_STEP][PASSED] - executeJavaScript("arguments[0].click()", Arrays.asList(element)): Execute JavaScript 'arguments[0].click()' successfully

2022-04-29 10:24:03 - [MESSAGE][PASSED] - Execute JavaScript 'arguments[0].click()' successfully

2022-04-29 10:24:03 - [MESSAGE][PASSED] - Call Test Case 'Test Cases/0.1-Login' successfully

2022-04-29 10:24:03 - [TEST_STEP][PASSED] - setText(findTestObject("1-OBJECTS TAREAS PRINCIPALES/Modulo Tarea Listado Hojas de Vida/Tareas Listado Hojas de Vida/input_Listado Hojas De Vida_form_templatej_idt24_input"), "Listado de Empleados"): Text 'Listado de Empleados' is set on object 'Object Repository/1-OBJECTS TAREAS PRINCIPALES/Modulo Tarea Listado Hojas de Vida/Tareas Listado Hojas de Vida/input_Listado Hojas De Vida_form_templatej_idt24_input'

2022-04-29 10:24:04 - [MESSAGE][PASSED] - Text 'Listado de Empleados' is set on object 'Object Repository/1-OBJECTS TAREAS PRINCIPALES/Modulo Tarea Listado Hojas de Vida/Tareas Listado Hojas de Vida/input_Listado Hojas De Vida_form_templatej_idt24_input'

2022-04-29 10:24:04 - [TEST_STEP][PASSED] - waitForElementVisible(findTestObject("1-OBJECTS TAREAS PRINCIPALES/Modulo Tarea Listado Hojas de Vida/Tareas Listado Hojas de Vida/span_Listado de Empleados"), 0): Object 'Object Repository/1-OBJECTS TAREAS PRINCIPALES/Modulo Tarea Listado Hojas de Vida/Tareas Listado Hojas de Vida/span_Listado de Empleados' is visible

2022-04-29 10:24:05 - [MESSAGE][WARNING] - Timeout '0' is invalid. Using default page load timeout: '45'

2022-04-29 10:24:06 - [MESSAGE][PASSED] - Object 'Object Repository/1-OBJECTS TAREAS PRINCIPALES/Modulo Tarea Listado Hojas de Vida/Tareas Listado Hojas de Vida/span_Listado de Empleados' is visible

2022-04-29 10:24:06 - [TEST_STEP][PASSED] - click(findTestObject("1-OBJECTS TAREAS PRINCIPALES/Modulo Tarea Listado Hojas de Vida/Tareas Listado Hojas de Vida/span_Listado de Empleados")): Object: 'Object Repository/1-OBJECTS TAREAS PRINCIPALES/Modulo Tarea Listado Hojas de Vida/Tareas Listado Hojas de Vida/span_Listado de Empleados' is clicked on

2022-04-29 10:24:06 - [MESSAGE][PASSED] - Object: 'Object Repository/1-OBJECTS TAREAS PRINCIPALES/Modulo Tarea Listado Hojas de Vida/Tareas Listado Hojas de Vida/span_Listado de Empleados' is clicked on

2022-04-29 10:24:06 - [MESSAGE][PASSED] - Call Test Case 'Test Cases/Utilidades-(atajos_para _tareas)/Tareas Administracion Compensacion/Tarea Listado Empleados' successfully

2022-04-29 10:24:06 - [TEST_STEP][PASSED] - waitForElementClickable(findTestObject("1-OBJECTS TAREAS PRINCIPALES/Modulo Tarea Compensacion/Incapacidad/input_Identificacin_listadoEmp"), 0): Object 'Object Repository/1-OBJECTS TAREAS PRINCIPALES/Modulo Tarea Compensacion/Incapacidad/input_Identificacin_listadoEmp' is clickable

2022-04-29 10:24:06 - [MESSAGE][WARNING] - Timeout '0' is invalid. Using default page load timeout: '45'

2022-04-29 10:24:08 - [MESSAGE][PASSED] - Object 'Object Repository/1-OBJECTS TAREAS PRINCIPALES/Modulo Tarea Compensacion/Incapacidad/input_Identificacin_listadoEmp' is clickable

2022-04-29 10:24:08 - [TEST_STEP][PASSED] - setText(findTestObject("1-OBJECTS TAREAS PRINCIPALES/Modulo Tarea Compensacion/Incapacidad/input_Identificacin_listadoEmp"), "1234567890"): Text '1234567890' is set on object 'Object Repository/1-OBJECTS TAREAS PRINCIPALES/Modulo Tarea Compensacion/Incapacidad/input_Identificacin_listadoEmp'

2022-04-29 10:24:09 - [MESSAGE][PASSED] - Text '1234567890' is set on object 'Object Repository/1-OBJECTS TAREAS PRINCIPALES/Modulo Tarea Compensacion/Incapacidad/input_Identificacin_listadoEmp'

2022-04-29 10:24:09 - [TEST_STEP][PASSED] - sendKeys(findTestObject("1-OBJECTS TAREAS PRINCIPALES/Modulo Tarea Compensacion/Incapacidad/input_Identificacin_listadoEmp"), Keys.chord(ENTER)): Keys 'ENTER + ' sent to object: 'Object Repository/1-OBJECTS TAREAS PRINCIPALES/Modulo Tarea Compensacion/Incapacidad/input_Identificacin_listadoEmp'

2022-04-29 10:24:09 - [MESSAGE][PASSED] - Keys 'ENTER + ' sent to object: 'Object Repository/1-OBJECTS TAREAS PRINCIPALES/Modulo Tarea Compensacion/Incapacidad/input_Identificacin_listadoEmp'

2022-04-29 10:24:09 - [TEST_STEP][PASSED] - click(findTestObject("1-OBJECTS TAREAS PRINCIPALES/Modulo Tarea Compensacion/Incapacidad/span_CONSTA BELFEGORD JHON")): Object: 'Object Repository/1-OBJECTS TAREAS PRINCIPALES/Modulo Tarea Compensacion/Incapacidad/span_CONSTA BELFEGORD JHON' is clicked on

2022-04-29 10:24:10 - [MESSAGE][PASSED] - Object: 'Object Repository/1-OBJECTS TAREAS PRINCIPALES/Modulo Tarea Compensacion/Incapacidad/span_CONSTA BELFEGORD JHON' is clicked on

2022-04-29 10:24:10 - [TEST_STEP][PASSED] - click(findTestObject("1-OBJECTS TAREAS PRINCIPALES/Modulo Tarea Compensacion/Incapacidad/a_Licencia")): Object: 'Object Repository/1-OBJECTS TAREAS PRINCIPALES/Modulo Tarea Compensacion/Incapacidad/a_Licencia' is clicked on

2022-04-29 10:24:11 - [MESSAGE][PASSED] - Object: 'Object Repository/1-OBJECTS TAREAS PRINCIPALES/Modulo Tarea Compensacion/Incapacidad/a_Licencia' is clicked on

2022-04-29 10:24:11 - [TEST_STEP][PASSED] - if (waitForElementClickable(findTestObject("1-OBJECTS TAREAS PRINCIPALES/Modulo Tarea Compensacion/Incapacidad/td_Licencia Remunerada"), 1)): Web element with id: 'Object Repository/1-OBJECTS TAREAS PRINCIPALES/Modulo Tarea Compensacion/Incapacidad/td_Licencia Remunerada' located by '//*/text()[normalize-space(.)='Licencia Remunerada']/parent::*' not found

2022-04-29 10:24:13 - [MESSAGE][INFO] - Unable to find the element located by 'By.xpath: //*/text()[normalize-space(.)='Licencia Remunerada']/parent::*'. Please recheck the objects properties to make sure the desired element is located. 

2022-04-29 10:24:13 - [MESSAGE][WARNING] - Web element with id: 'Object Repository/1-OBJECTS TAREAS PRINCIPALES/Modulo Tarea Compensacion/Incapacidad/td_Licencia Remunerada' located by '//*/text()[normalize-space(.)='Licencia Remunerada']/parent::*' not found

2022-04-29 10:24:13 - [TEST_STEP][PASSED] - if (waitForElementClickable(findTestObject("1-OBJECTS TAREAS PRINCIPALES/Modulo Tarea Compensacion/Incapacidad/td_Licencia No Remunerada"), 1)): Web element with id: 'Object Repository/1-OBJECTS TAREAS PRINCIPALES/Modulo Tarea Compensacion/Incapacidad/td_Licencia No Remunerada' located by '//*/text()[normalize-space(.)='Licencia No Remunerada']/parent::*' not found

2022-04-29 10:24:15 - [MESSAGE][INFO] - Unable to find the element located by 'By.xpath: //*/text()[normalize-space(.)='Licencia No Remunerada']/parent::*'. Please recheck the objects properties to make sure the desired element is located. 

2022-04-29 10:24:15 - [MESSAGE][WARNING] - Web element with id: 'Object Repository/1-OBJECTS TAREAS PRINCIPALES/Modulo Tarea Compensacion/Incapacidad/td_Licencia No Remunerada' located by '//*/text()[normalize-space(.)='Licencia No Remunerada']/parent::*' not found

2022-04-29 10:24:15 - [TEST_STEP][PASSED] - click(findTestObject("1-OBJECTS TAREAS PRINCIPALES/Modulo Tarea Compensacion/Incapacidad/a_Incapacidad")): Object: 'Object Repository/1-OBJECTS TAREAS PRINCIPALES/Modulo Tarea Compensacion/Incapacidad/a_Incapacidad' is clicked on

2022-04-29 10:24:16 - [MESSAGE][PASSED] - Object: 'Object Repository/1-OBJECTS TAREAS PRINCIPALES/Modulo Tarea Compensacion/Incapacidad/a_Incapacidad' is clicked on

2022-04-29 10:24:16 - [TEST_STEP][PASSED] - waitForElementClickable(findTestObject("1-OBJECTS TAREAS PRINCIPALES/Modulo Tarea Compensacion/Incapacidad/span_Nuevo"), 0): Object 'Object Repository/1-OBJECTS TAREAS PRINCIPALES/Modulo Tarea Compensacion/Incapacidad/span_Nuevo' is clickable

2022-04-29 10:24:16 - [MESSAGE][WARNING] - Timeout '0' is invalid. Using default page load timeout: '45'

2022-04-29 10:24:16 - [MESSAGE][PASSED] - Object 'Object Repository/1-OBJECTS TAREAS PRINCIPALES/Modulo Tarea Compensacion/Incapacidad/span_Nuevo' is clickable

2022-04-29 10:24:16 - [TEST_STEP][PASSED] - click(findTestObject("1-OBJECTS TAREAS PRINCIPALES/Modulo Tarea Compensacion/Incapacidad/span_Nuevo")): Object: 'Object Repository/1-OBJECTS TAREAS PRINCIPALES/Modulo Tarea Compensacion/Incapacidad/span_Nuevo' is clicked on

2022-04-29 10:24:17 - [MESSAGE][PASSED] - Object: 'Object Repository/1-OBJECTS TAREAS PRINCIPALES/Modulo Tarea Compensacion/Incapacidad/span_Nuevo' is clicked on

2022-04-29 10:24:17 - [TEST_STEP][PASSED] - waitForElementClickable(findTestObject("1-OBJECTS TAREAS PRINCIPALES/Modulo Tarea Compensacion/Incapacidad/span_ENFERMEDAD GENERAL 21"), 0): Object 'Object Repository/1-OBJECTS TAREAS PRINCIPALES/Modulo Tarea Compensacion/Incapacidad/span_ENFERMEDAD GENERAL 21' is clickable

2022-04-29 10:24:17 - [MESSAGE][WARNING] - Timeout '0' is invalid. Using default page load timeout: '45'

2022-04-29 10:24:17 - [MESSAGE][PASSED] - Object 'Object Repository/1-OBJECTS TAREAS PRINCIPALES/Modulo Tarea Compensacion/Incapacidad/span_ENFERMEDAD GENERAL 21' is clickable

2022-04-29 10:24:17 - [TEST_STEP][PASSED] - click(findTestObject("1-OBJECTS TAREAS PRINCIPALES/Modulo Tarea Compensacion/Incapacidad/span_ENFERMEDAD GENERAL 21")): Object: 'Object Repository/1-OBJECTS TAREAS PRINCIPALES/Modulo Tarea Compensacion/Incapacidad/span_ENFERMEDAD GENERAL 21' is clicked on

2022-04-29 10:24:18 - [MESSAGE][PASSED] - Object: 'Object Repository/1-OBJECTS TAREAS PRINCIPALES/Modulo Tarea Compensacion/Incapacidad/span_ENFERMEDAD GENERAL 21' is clicked on

2022-04-29 10:24:18 - [TEST_STEP][PASSED] - click(findTestObject("1-OBJECTS TAREAS PRINCIPALES/Modulo Tarea Compensacion/Incapacidad/a_Histrico")): Object: 'Object Repository/1-OBJECTS TAREAS PRINCIPALES/Modulo Tarea Compensacion/Incapacidad/a_Histrico' is clicked on

2022-04-29 10:24:19 - [MESSAGE][PASSED] - Object: 'Object Repository/1-OBJECTS TAREAS PRINCIPALES/Modulo Tarea Compensacion/Incapacidad/a_Histrico' is clicked on

2022-04-29 10:24:19 - [TEST_STEP][PASSED] - if (waitForElementClickable(findTestObject("1-OBJECTS TAREAS PRINCIPALES/Modulo Tarea Compensacion/Incapacidad/span_Enfermedad General 21_Historico"), 1)): null

2022-04-29 10:24:20 - [MESSAGE][PASSED] - Object 'Object Repository/1-OBJECTS TAREAS PRINCIPALES/Modulo Tarea Compensacion/Incapacidad/span_Enfermedad General 21_Historico' is clickable

2022-04-29 10:24:20 - [TEST_STEP][PASSED] - click(findTestObject("1-OBJECTS TAREAS PRINCIPALES/Modulo Tarea Compensacion/Incapacidad/span_Enfermedad General 21_Historico")): Object: 'Object Repository/1-OBJECTS TAREAS PRINCIPALES/Modulo Tarea Compensacion/Incapacidad/span_Enfermedad General 21_Historico' is clicked on

2022-04-29 10:24:20 - [MESSAGE][PASSED] - Object: 'Object Repository/1-OBJECTS TAREAS PRINCIPALES/Modulo Tarea Compensacion/Incapacidad/span_Enfermedad General 21_Historico' is clicked on

2022-04-29 10:24:20 - [TEST_STEP][PASSED] - waitForElementClickable(findTestObject("1-OBJECTS TAREAS PRINCIPALES/Modulo Tarea Compensacion/Incapacidad/a_Eliminar"), 0): Object 'Object Repository/1-OBJECTS TAREAS PRINCIPALES/Modulo Tarea Compensacion/Incapacidad/a_Eliminar' is clickable

2022-04-29 10:24:20 - [MESSAGE][WARNING] - Timeout '0' is invalid. Using default page load timeout: '45'

2022-04-29 10:24:21 - [MESSAGE][PASSED] - Object 'Object Repository/1-OBJECTS TAREAS PRINCIPALES/Modulo Tarea Compensacion/Incapacidad/a_Eliminar' is clickable

2022-04-29 10:24:21 - [TEST_STEP][PASSED] - click(findTestObject("1-OBJECTS TAREAS PRINCIPALES/Modulo Tarea Compensacion/Incapacidad/a_Eliminar")): Object: 'Object Repository/1-OBJECTS TAREAS PRINCIPALES/Modulo Tarea Compensacion/Incapacidad/a_Eliminar' is clicked on

2022-04-29 10:24:22 - [MESSAGE][PASSED] - Object: 'Object Repository/1-OBJECTS TAREAS PRINCIPALES/Modulo Tarea Compensacion/Incapacidad/a_Eliminar' is clicked on

2022-04-29 10:24:22 - [TEST_STEP][PASSED] - click(findTestObject("1-OBJECTS TAREAS PRINCIPALES/Modulo Tarea Compensacion/Incapacidad/a_Aceptar")): Object: 'Object Repository/1-OBJECTS TAREAS PRINCIPALES/Modulo Tarea Compensacion/Incapacidad/a_Aceptar' is clicked on

2022-04-29 10:24:23 - [MESSAGE][PASSED] - Object: 'Object Repository/1-OBJECTS TAREAS PRINCIPALES/Modulo Tarea Compensacion/Incapacidad/a_Aceptar' is clicked on

2022-04-29 10:24:23 - [TEST_STEP][PASSED] - click(findTestObject("1-OBJECTS TAREAS PRINCIPALES/Modulo Tarea Compensacion/Incapacidad/a_Incapacidad_pestaa")): Object: 'Object Repository/1-OBJECTS TAREAS PRINCIPALES/Modulo Tarea Compensacion/Incapacidad/a_Incapacidad_pestaa' is clicked on

2022-04-29 10:24:23 - [MESSAGE][PASSED] - Object: 'Object Repository/1-OBJECTS TAREAS PRINCIPALES/Modulo Tarea Compensacion/Incapacidad/a_Incapacidad_pestaa' is clicked on

2022-04-29 10:24:23 - [TEST_STEP][PASSED] - waitForElementClickable(findTestObject("1-OBJECTS TAREAS PRINCIPALES/Modulo Tarea Compensacion/Incapacidad/span_Nuevo"), 0): Object 'Object Repository/1-OBJECTS TAREAS PRINCIPALES/Modulo Tarea Compensacion/Incapacidad/span_Nuevo' is clickable

2022-04-29 10:24:23 - [MESSAGE][WARNING] - Timeout '0' is invalid. Using default page load timeout: '45'

2022-04-29 10:24:24 - [MESSAGE][PASSED] - Object 'Object Repository/1-OBJECTS TAREAS PRINCIPALES/Modulo Tarea Compensacion/Incapacidad/span_Nuevo' is clickable

2022-04-29 10:24:24 - [TEST_STEP][PASSED] - click(findTestObject("1-OBJECTS TAREAS PRINCIPALES/Modulo Tarea Compensacion/Incapacidad/span_Nuevo")): Object: 'Object Repository/1-OBJECTS TAREAS PRINCIPALES/Modulo Tarea Compensacion/Incapacidad/span_Nuevo' is clicked on

2022-04-29 10:24:24 - [MESSAGE][PASSED] - Object: 'Object Repository/1-OBJECTS TAREAS PRINCIPALES/Modulo Tarea Compensacion/Incapacidad/span_Nuevo' is clicked on

2022-04-29 10:24:24 - [TEST_STEP][PASSED] - waitForElementClickable(findTestObject("1-OBJECTS TAREAS PRINCIPALES/Modulo Tarea Compensacion/Incapacidad/span_ENFERMEDAD GENERAL 21"), 0): Object 'Object Repository/1-OBJECTS TAREAS PRINCIPALES/Modulo Tarea Compensacion/Incapacidad/span_ENFERMEDAD GENERAL 21' is clickable

2022-04-29 10:24:25 - [MESSAGE][WARNING] - Timeout '0' is invalid. Using default page load timeout: '45'

2022-04-29 10:24:26 - [MESSAGE][PASSED] - Object 'Object Repository/1-OBJECTS TAREAS PRINCIPALES/Modulo Tarea Compensacion/Incapacidad/span_ENFERMEDAD GENERAL 21' is clickable

2022-04-29 10:24:26 - [TEST_STEP][PASSED] - click(findTestObject("1-OBJECTS TAREAS PRINCIPALES/Modulo Tarea Compensacion/Incapacidad/span_ENFERMEDAD GENERAL 21")): Object: 'Object Repository/1-OBJECTS TAREAS PRINCIPALES/Modulo Tarea Compensacion/Incapacidad/span_ENFERMEDAD GENERAL 21' is clicked on

2022-04-29 10:24:26 - [MESSAGE][PASSED] - Object: 'Object Repository/1-OBJECTS TAREAS PRINCIPALES/Modulo Tarea Compensacion/Incapacidad/span_ENFERMEDAD GENERAL 21' is clicked on

2022-04-29 10:24:26 - [TEST_STEP][PASSED] - waitForElementClickable(findTestObject("1-OBJECTS TAREAS PRINCIPALES/Modulo Tarea Compensacion/Incapacidad/a_Incapacidad_pestaa"), 0): Object 'Object Repository/1-OBJECTS TAREAS PRINCIPALES/Modulo Tarea Compensacion/Incapacidad/a_Incapacidad_pestaa' is clickable

2022-04-29 10:24:26 - [MESSAGE][WARNING] - Timeout '0' is invalid. Using default page load timeout: '45'

2022-04-29 10:24:27 - [MESSAGE][PASSED] - Object 'Object Repository/1-OBJECTS TAREAS PRINCIPALES/Modulo Tarea Compensacion/Incapacidad/a_Incapacidad_pestaa' is clickable

2022-04-29 10:24:27 - [TEST_STEP][PASSED] - click(findTestObject("1-OBJECTS TAREAS PRINCIPALES/Modulo Tarea Compensacion/Incapacidad/a_Incapacidad_pestaa")): Object: 'Object Repository/1-OBJECTS TAREAS PRINCIPALES/Modulo Tarea Compensacion/Incapacidad/a_Incapacidad_pestaa' is clicked on

2022-04-29 10:24:28 - [MESSAGE][PASSED] - Object: 'Object Repository/1-OBJECTS TAREAS PRINCIPALES/Modulo Tarea Compensacion/Incapacidad/a_Incapacidad_pestaa' is clicked on

2022-04-29 10:24:28 - [TEST_STEP][PASSED] - setText(findTestObject("1-OBJECTS TAREAS PRINCIPALES/Modulo Tarea Compensacion/Incapacidad/input_Fecha Salida _form_incap"), "01/01/2021"): Text '01/01/2021' is set on object 'Object Repository/1-OBJECTS TAREAS PRINCIPALES/Modulo Tarea Compensacion/Incapacidad/input_Fecha Salida _form_incap'

2022-04-29 10:24:29 - [MESSAGE][PASSED] - Text '01/01/2021' is set on object 'Object Repository/1-OBJECTS TAREAS PRINCIPALES/Modulo Tarea Compensacion/Incapacidad/input_Fecha Salida _form_incap'

2022-04-29 10:24:29 - [TEST_STEP][PASSED] - setText(findTestObject("1-OBJECTS TAREAS PRINCIPALES/Modulo Tarea Compensacion/Incapacidad/input_Fecha Salida Nomina_form"), "28/02/2021"): Text '28/02/2021' is set on object 'Object Repository/1-OBJECTS TAREAS PRINCIPALES/Modulo Tarea Compensacion/Incapacidad/input_Fecha Salida Nomina_form'

2022-04-29 10:24:29 - [MESSAGE][PASSED] - Text '28/02/2021' is set on object 'Object Repository/1-OBJECTS TAREAS PRINCIPALES/Modulo Tarea Compensacion/Incapacidad/input_Fecha Salida Nomina_form'

2022-04-29 10:24:29 - [TEST_STEP][PASSED] - click(findTestObject("1-OBJECTS TAREAS PRINCIPALES/Modulo Tarea Compensacion/Incapacidad/input_Prorroga_form_incapacida")): Object: 'Object Repository/1-OBJECTS TAREAS PRINCIPALES/Modulo Tarea Compensacion/Incapacidad/input_Prorroga_form_incapacida' is clicked on

2022-04-29 10:24:30 - [MESSAGE][PASSED] - Object: 'Object Repository/1-OBJECTS TAREAS PRINCIPALES/Modulo Tarea Compensacion/Incapacidad/input_Prorroga_form_incapacida' is clicked on

2022-04-29 10:24:30 - [TEST_STEP][PASSED] - setText(findTestObject("1-OBJECTS TAREAS PRINCIPALES/Modulo Tarea Compensacion/Incapacidad/textarea_Observacin_form_incap"), "aaaa"): Text 'aaaa' is set on object 'Object Repository/1-OBJECTS TAREAS PRINCIPALES/Modulo Tarea Compensacion/Incapacidad/textarea_Observacin_form_incap'

2022-04-29 10:24:31 - [MESSAGE][PASSED] - Text 'aaaa' is set on object 'Object Repository/1-OBJECTS TAREAS PRINCIPALES/Modulo Tarea Compensacion/Incapacidad/textarea_Observacin_form_incap'

2022-04-29 10:24:31 - [TEST_STEP][PASSED] - setText(findTestObject("1-OBJECTS TAREAS PRINCIPALES/Modulo Tarea Compensacion/Incapacidad/input_Das Ausentismo_form_inca"), "2"): Text '2' is set on object 'Object Repository/1-OBJECTS TAREAS PRINCIPALES/Modulo Tarea Compensacion/Incapacidad/input_Das Ausentismo_form_inca'

2022-04-29 10:24:31 - [MESSAGE][PASSED] - Text '2' is set on object 'Object Repository/1-OBJECTS TAREAS PRINCIPALES/Modulo Tarea Compensacion/Incapacidad/input_Das Ausentismo_form_inca'

2022-04-29 10:24:31 - [TEST_STEP][PASSED] - setText(findTestObject("1-OBJECTS TAREAS PRINCIPALES/Modulo Tarea Compensacion/Incapacidad/textarea_Area_form_incapacidad"), "bbbb"): Text 'bbbb' is set on object 'Object Repository/1-OBJECTS TAREAS PRINCIPALES/Modulo Tarea Compensacion/Incapacidad/textarea_Area_form_incapacidad'

2022-04-29 10:24:32 - [MESSAGE][PASSED] - Text 'bbbb' is set on object 'Object Repository/1-OBJECTS TAREAS PRINCIPALES/Modulo Tarea Compensacion/Incapacidad/textarea_Area_form_incapacidad'

2022-04-29 10:24:32 - [TEST_STEP][PASSED] - setText(findTestObject("1-OBJECTS TAREAS PRINCIPALES/Modulo Tarea Compensacion/Incapacidad/input_Horas adicionales_form_incapacidades"), "0500"): Text '0500' is set on object 'Object Repository/1-OBJECTS TAREAS PRINCIPALES/Modulo Tarea Compensacion/Incapacidad/input_Horas adicionales_form_incapacidades'

2022-04-29 10:24:33 - [MESSAGE][PASSED] - Text '0500' is set on object 'Object Repository/1-OBJECTS TAREAS PRINCIPALES/Modulo Tarea Compensacion/Incapacidad/input_Horas adicionales_form_incapacidades'

2022-04-29 10:24:33 - [TEST_STEP][PASSED] - setText(findTestObject("1-OBJECTS TAREAS PRINCIPALES/Modulo Tarea Compensacion/Incapacidad/input_diagnostico_form_incapacidad"), "cccc"): Text 'cccc' is set on object 'Object Repository/1-OBJECTS TAREAS PRINCIPALES/Modulo Tarea Compensacion/Incapacidad/input_diagnostico_form_incapacidad'

2022-04-29 10:24:34 - [MESSAGE][PASSED] - Text 'cccc' is set on object 'Object Repository/1-OBJECTS TAREAS PRINCIPALES/Modulo Tarea Compensacion/Incapacidad/input_diagnostico_form_incapacidad'

2022-04-29 10:24:34 - [TEST_STEP][PASSED] - setText(findTestObject("1-OBJECTS TAREAS PRINCIPALES/Modulo Tarea Compensacion/Incapacidad/input_Fecha 1_form_incapacidad"), "15/01/2021"): Text '15/01/2021' is set on object 'Object Repository/1-OBJECTS TAREAS PRINCIPALES/Modulo Tarea Compensacion/Incapacidad/input_Fecha 1_form_incapacidad'

2022-04-29 10:24:34 - [MESSAGE][PASSED] - Text '15/01/2021' is set on object 'Object Repository/1-OBJECTS TAREAS PRINCIPALES/Modulo Tarea Compensacion/Incapacidad/input_Fecha 1_form_incapacidad'

2022-04-29 10:24:34 - [TEST_STEP][PASSED] - setText(findTestObject("1-OBJECTS TAREAS PRINCIPALES/Modulo Tarea Compensacion/Incapacidad/input_diagnostico_form_incapacidades2"), "aaa"): Text 'aaa' is set on object 'Object Repository/1-OBJECTS TAREAS PRINCIPALES/Modulo Tarea Compensacion/Incapacidad/input_diagnostico_form_incapacidades2'

2022-04-29 10:24:35 - [MESSAGE][PASSED] - Text 'aaa' is set on object 'Object Repository/1-OBJECTS TAREAS PRINCIPALES/Modulo Tarea Compensacion/Incapacidad/input_diagnostico_form_incapacidades2'

2022-04-29 10:24:35 - [TEST_STEP][PASSED] - click(findTestObject("1-OBJECTS TAREAS PRINCIPALES/Modulo Tarea Compensacion/Incapacidad/a__form_incapacidadesEmpleadoj")): Object: 'Object Repository/1-OBJECTS TAREAS PRINCIPALES/Modulo Tarea Compensacion/Incapacidad/a__form_incapacidadesEmpleadoj' is clicked on

2022-04-29 10:24:36 - [MESSAGE][PASSED] - Object: 'Object Repository/1-OBJECTS TAREAS PRINCIPALES/Modulo Tarea Compensacion/Incapacidad/a__form_incapacidadesEmpleadoj' is clicked on

2022-04-29 10:24:36 - [TEST_STEP][PASSED] - click(findTestObject("1-OBJECTS TAREAS PRINCIPALES/Modulo Tarea Compensacion/Incapacidad/td_OTRAS INFECCIONES ESPECIFICADAS")): Object: 'Object Repository/1-OBJECTS TAREAS PRINCIPALES/Modulo Tarea Compensacion/Incapacidad/td_OTRAS INFECCIONES ESPECIFICADAS' is clicked on

2022-04-29 10:24:37 - [MESSAGE][PASSED] - Object: 'Object Repository/1-OBJECTS TAREAS PRINCIPALES/Modulo Tarea Compensacion/Incapacidad/td_OTRAS INFECCIONES ESPECIFICADAS' is clicked on

2022-04-29 10:24:37 - [TEST_STEP][PASSED] - waitForElementClickable(findTestObject("1-OBJECTS TAREAS PRINCIPALES/Modulo Tarea Compensacion/Incapacidad/a__form_incapacidadesEmpleadoj_1"), 0): Object 'Object Repository/1-OBJECTS TAREAS PRINCIPALES/Modulo Tarea Compensacion/Incapacidad/a__form_incapacidadesEmpleadoj_1' is clickable

2022-04-29 10:24:37 - [MESSAGE][WARNING] - Timeout '0' is invalid. Using default page load timeout: '45'

2022-04-29 10:24:37 - [MESSAGE][PASSED] - Object 'Object Repository/1-OBJECTS TAREAS PRINCIPALES/Modulo Tarea Compensacion/Incapacidad/a__form_incapacidadesEmpleadoj_1' is clickable

2022-04-29 10:24:37 - [TEST_STEP][PASSED] - click(findTestObject("1-OBJECTS TAREAS PRINCIPALES/Modulo Tarea Compensacion/Incapacidad/a__form_incapacidadesEmpleadoj_1")): Object: 'Object Repository/1-OBJECTS TAREAS PRINCIPALES/Modulo Tarea Compensacion/Incapacidad/a__form_incapacidadesEmpleadoj_1' is clicked on

2022-04-29 10:24:38 - [MESSAGE][PASSED] - Object: 'Object Repository/1-OBJECTS TAREAS PRINCIPALES/Modulo Tarea Compensacion/Incapacidad/a__form_incapacidadesEmpleadoj_1' is clicked on

2022-04-29 10:24:38 - [TEST_STEP][PASSED] - click(findTestObject("1-OBJECTS TAREAS PRINCIPALES/Modulo Tarea Compensacion/Incapacidad/td_Diagnostico-Seguridad y Salud en el Trabajo")): Object: 'Object Repository/1-OBJECTS TAREAS PRINCIPALES/Modulo Tarea Compensacion/Incapacidad/td_Diagnostico-Seguridad y Salud en el Trabajo' is clicked on

2022-04-29 10:24:39 - [MESSAGE][PASSED] - Object: 'Object Repository/1-OBJECTS TAREAS PRINCIPALES/Modulo Tarea Compensacion/Incapacidad/td_Diagnostico-Seguridad y Salud en el Trabajo' is clicked on

2022-04-29 10:24:39 - [TEST_STEP][PASSED] - waitForElementClickable(findTestObject("1-OBJECTS TAREAS PRINCIPALES/Modulo Tarea Compensacion/Incapacidad/a_Guardar Legalizar"), G_TimeOut): Object 'Object Repository/1-OBJECTS TAREAS PRINCIPALES/Modulo Tarea Compensacion/Incapacidad/a_Guardar Legalizar' is clickable

2022-04-29 10:24:39 - [MESSAGE][PASSED] - Object 'Object Repository/1-OBJECTS TAREAS PRINCIPALES/Modulo Tarea Compensacion/Incapacidad/a_Guardar Legalizar' is clickable

2022-04-29 10:24:39 - [TEST_STEP][PASSED] - click(findTestObject("1-OBJECTS TAREAS PRINCIPALES/Modulo Tarea Compensacion/Incapacidad/a_Guardar Legalizar")): Object: 'Object Repository/1-OBJECTS TAREAS PRINCIPALES/Modulo Tarea Compensacion/Incapacidad/a_Guardar Legalizar' is clicked on

2022-04-29 10:24:40 - [MESSAGE][PASSED] - Object: 'Object Repository/1-OBJECTS TAREAS PRINCIPALES/Modulo Tarea Compensacion/Incapacidad/a_Guardar Legalizar' is clicked on

2022-04-29 10:24:40 - [TEST_STEP][PASSED] - Alerta = getText(findTestObject("3-OBJECTS UTILIDADES/Alerta/Alerta")): Text of object 'Object Repository/3-OBJECTS UTILIDADES/Alerta/Alerta' is: 'Se modifico exitosamente su solicitud'

2022-04-29 10:24:41 - [MESSAGE][PASSED] - Text of object 'Object Repository/3-OBJECTS UTILIDADES/Alerta/Alerta' is: 'Se modifico exitosamente su solicitud'

2022-04-29 10:24:41 - [TEST_STEP][PASSED] - if (Alerta == "Se modifico exitosamente su solicitud"): Browser is closed

2022-04-29 10:24:41 - [TEST_STEP][PASSED] - closeBrowser(): Browser is closed

2022-04-29 10:24:41 - [MESSAGE][PASSED] - Browser is closed]]></system-out>
         <system-err><![CDATA[]]></system-err>
      </testcase>
      <testcase name="Test Cases/1.1-Tareas Principales/1.2.5-Solicitud_Certificado" time="26.089" classname="Test Cases/1.1-Tareas Principales/1.2.5-Solicitud_Certificado" status="PASSED">
         <system-out><![CDATA[2022-04-29 10:24:41 - [TEST_CASE][PASSED] - Test Cases/1.1-Tareas Principales/1.2.5-Solicitud_Certificado: Test Cases/1.1-Tareas Principales/1.2.5-Solicitud_Certificado

2022-04-29 10:24:42 - [TEST_STEP][PASSED] - callTestCase(findTestCase("Utilidades-(atajos_para _tareas)/Tareas Administracion Compensacion/Tarea Listado Empleados"), [:], STOP_ON_FAILURE): Call Test Case 'Test Cases/Utilidades-(atajos_para _tareas)/Tareas Administracion Compensacion/Tarea Listado Empleados' successfully

2022-04-29 10:24:42 - [TEST_CASE][PASSED] - Test Cases/Utilidades-(atajos_para _tareas)/Tareas Administracion Compensacion/Tarea Listado Empleados: Test Cases/Utilidades-(atajos_para _tareas)/Tareas Administracion Compensacion/Tarea Listado Empleados

2022-04-29 10:24:42 - [TEST_STEP][PASSED] - callTestCase(findTestCase("0.1-Login"), [:], STOP_ON_FAILURE): Call Test Case 'Test Cases/0.1-Login' successfully

2022-04-29 10:24:42 - [TEST_CASE][PASSED] - Test Cases/0.1-Login: Test Cases/0.1-Login

2022-04-29 10:24:42 - [TEST_STEP][PASSED] - openBrowser(""): Browser is opened with url: ''

2022-04-29 10:24:42 - [MESSAGE][INFO] - Starting 'Chrome' driver

2022-04-29 10:24:42 - [MESSAGE][INFO] - Action delay is set to 0 milliseconds

2022-04-29 10:24:43 - [MESSAGE][PASSED] - Browser is opened with url: ''

2022-04-29 10:24:43 - [TEST_STEP][PASSED] - maximizeWindow(): Current window maximized

2022-04-29 10:24:43 - [MESSAGE][PASSED] - Current window maximized

2022-04-29 10:24:43 - [TEST_STEP][PASSED] - i = G_Login: null

2022-04-29 10:24:43 - [TEST_STEP][PASSED] - url = new java.net.URL(i): null

2022-04-29 10:24:43 - [TEST_STEP][PASSED] - println("URL: " + url.toString()): null

2022-04-29 10:24:43 - [TEST_STEP][PASSED] - connection = url.openConnection(): null

2022-04-29 10:24:43 - [TEST_STEP][PASSED] - connection.setRequestMethod("GET"): null

2022-04-29 10:24:43 - [TEST_STEP][PASSED] - connection.setReadTimeout(2 * 1000): null

2022-04-29 10:24:43 - [TEST_STEP][PASSED] - try: null

2022-04-29 10:24:43 - [TEST_STEP][PASSED] - connection.connect(): null

2022-04-29 10:24:43 - [TEST_STEP][PASSED] - flag = connected: null

2022-04-29 10:24:43 - [TEST_STEP][PASSED] - println("Valor_ori: " + flag): null

2022-04-29 10:24:43 - [TEST_STEP][PASSED] - if (flag): null

2022-04-29 10:24:43 - [TEST_STEP][PASSED] - navigateToUrl(i): Navigate to 'http://192.168.2.19:8380/saraweb' successfully

2022-04-29 10:24:44 - [MESSAGE][PASSED] - Navigate to 'http://192.168.2.19:8380/saraweb' successfully

2022-04-29 10:24:44 - [TEST_STEP][PASSED] - a(): null

2022-04-29 10:24:44 - [TEST_STEP][PASSED] - setText(findTestObject("3-OBJECTS UTILIDADES/Login/input_USUARIO_loginusuario"), G_Usuario): Text 'saraadmin' is set on object 'Object Repository/3-OBJECTS UTILIDADES/Login/input_USUARIO_loginusuario'

2022-04-29 10:24:45 - [MESSAGE][PASSED] - Text 'saraadmin' is set on object 'Object Repository/3-OBJECTS UTILIDADES/Login/input_USUARIO_loginusuario'

2022-04-29 10:24:45 - [TEST_STEP][PASSED] - setEncryptedText(findTestObject("3-OBJECTS UTILIDADES/Login/input_CLAVE_loginpassword"), "MkG4/TYiCFC3cb2driP7+Q=="): Text ****** has been set on object 'Object Repository/3-OBJECTS UTILIDADES/Login/input_CLAVE_loginpassword'

2022-04-29 10:24:45 - [MESSAGE][PASSED] - Text ****** has been set on object 'Object Repository/3-OBJECTS UTILIDADES/Login/input_CLAVE_loginpassword'

2022-04-29 10:24:45 - [TEST_STEP][PASSED] - waitForElementClickable(findTestObject("3-OBJECTS UTILIDADES/Login/a_Ingresar"), G_TimeOut): Object 'Object Repository/3-OBJECTS UTILIDADES/Login/a_Ingresar' is clickable

2022-04-29 10:24:45 - [MESSAGE][PASSED] - Object 'Object Repository/3-OBJECTS UTILIDADES/Login/a_Ingresar' is clickable

2022-04-29 10:24:45 - [TEST_STEP][PASSED] - click(findTestObject("3-OBJECTS UTILIDADES/Login/a_Ingresar")): Object: 'Object Repository/3-OBJECTS UTILIDADES/Login/a_Ingresar' is clicked on

2022-04-29 10:24:47 - [MESSAGE][PASSED] - Object: 'Object Repository/3-OBJECTS UTILIDADES/Login/a_Ingresar' is clicked on

2022-04-29 10:24:47 - [TEST_STEP][PASSED] - element = findWebElement(findTestObject("3-OBJECTS UTILIDADES/Login/a_Ir"), 30): null

2022-04-29 10:24:47 - [TEST_STEP][PASSED] - executeJavaScript("arguments[0].click()", Arrays.asList(element)): Execute JavaScript 'arguments[0].click()' successfully

2022-04-29 10:24:47 - [MESSAGE][PASSED] - Execute JavaScript 'arguments[0].click()' successfully

2022-04-29 10:24:47 - [MESSAGE][PASSED] - Call Test Case 'Test Cases/0.1-Login' successfully

2022-04-29 10:24:47 - [TEST_STEP][PASSED] - setText(findTestObject("1-OBJECTS TAREAS PRINCIPALES/Modulo Tarea Listado Hojas de Vida/Tareas Listado Hojas de Vida/input_Listado Hojas De Vida_form_templatej_idt24_input"), "Listado de Empleados"): Text 'Listado de Empleados' is set on object 'Object Repository/1-OBJECTS TAREAS PRINCIPALES/Modulo Tarea Listado Hojas de Vida/Tareas Listado Hojas de Vida/input_Listado Hojas De Vida_form_templatej_idt24_input'

2022-04-29 10:24:48 - [MESSAGE][PASSED] - Text 'Listado de Empleados' is set on object 'Object Repository/1-OBJECTS TAREAS PRINCIPALES/Modulo Tarea Listado Hojas de Vida/Tareas Listado Hojas de Vida/input_Listado Hojas De Vida_form_templatej_idt24_input'

2022-04-29 10:24:48 - [TEST_STEP][PASSED] - waitForElementVisible(findTestObject("1-OBJECTS TAREAS PRINCIPALES/Modulo Tarea Listado Hojas de Vida/Tareas Listado Hojas de Vida/span_Listado de Empleados"), 0): Object 'Object Repository/1-OBJECTS TAREAS PRINCIPALES/Modulo Tarea Listado Hojas de Vida/Tareas Listado Hojas de Vida/span_Listado de Empleados' is visible

2022-04-29 10:24:49 - [MESSAGE][WARNING] - Timeout '0' is invalid. Using default page load timeout: '45'

2022-04-29 10:24:50 - [MESSAGE][PASSED] - Object 'Object Repository/1-OBJECTS TAREAS PRINCIPALES/Modulo Tarea Listado Hojas de Vida/Tareas Listado Hojas de Vida/span_Listado de Empleados' is visible

2022-04-29 10:24:50 - [TEST_STEP][PASSED] - click(findTestObject("1-OBJECTS TAREAS PRINCIPALES/Modulo Tarea Listado Hojas de Vida/Tareas Listado Hojas de Vida/span_Listado de Empleados")): Object: 'Object Repository/1-OBJECTS TAREAS PRINCIPALES/Modulo Tarea Listado Hojas de Vida/Tareas Listado Hojas de Vida/span_Listado de Empleados' is clicked on

2022-04-29 10:24:50 - [MESSAGE][PASSED] - Object: 'Object Repository/1-OBJECTS TAREAS PRINCIPALES/Modulo Tarea Listado Hojas de Vida/Tareas Listado Hojas de Vida/span_Listado de Empleados' is clicked on

2022-04-29 10:24:50 - [MESSAGE][PASSED] - Call Test Case 'Test Cases/Utilidades-(atajos_para _tareas)/Tareas Administracion Compensacion/Tarea Listado Empleados' successfully

2022-04-29 10:24:50 - [TEST_STEP][PASSED] - waitForElementClickable(findTestObject("1-OBJECTS TAREAS PRINCIPALES/Modulo Tarea Compensacion/Solicitud certificado/input_Identificacin_listadoEmp"), 0): Object 'Object Repository/1-OBJECTS TAREAS PRINCIPALES/Modulo Tarea Compensacion/Solicitud certificado/input_Identificacin_listadoEmp' is clickable

2022-04-29 10:24:50 - [MESSAGE][WARNING] - Timeout '0' is invalid. Using default page load timeout: '45'

2022-04-29 10:24:51 - [MESSAGE][PASSED] - Object 'Object Repository/1-OBJECTS TAREAS PRINCIPALES/Modulo Tarea Compensacion/Solicitud certificado/input_Identificacin_listadoEmp' is clickable

2022-04-29 10:24:51 - [TEST_STEP][PASSED] - setText(findTestObject("1-OBJECTS TAREAS PRINCIPALES/Modulo Tarea Compensacion/Solicitud certificado/input_Identificacin_listadoEmp"), "354968431354"): Text '354968431354' is set on object 'Object Repository/1-OBJECTS TAREAS PRINCIPALES/Modulo Tarea Compensacion/Solicitud certificado/input_Identificacin_listadoEmp'

2022-04-29 10:24:52 - [MESSAGE][PASSED] - Text '354968431354' is set on object 'Object Repository/1-OBJECTS TAREAS PRINCIPALES/Modulo Tarea Compensacion/Solicitud certificado/input_Identificacin_listadoEmp'

2022-04-29 10:24:52 - [TEST_STEP][PASSED] - sendKeys(findTestObject("1-OBJECTS TAREAS PRINCIPALES/Modulo Tarea Compensacion/Solicitud certificado/input_Identificacin_listadoEmp"), Keys.chord(ENTER)): Keys 'ENTER + ' sent to object: 'Object Repository/1-OBJECTS TAREAS PRINCIPALES/Modulo Tarea Compensacion/Solicitud certificado/input_Identificacin_listadoEmp'

2022-04-29 10:24:52 - [MESSAGE][PASSED] - Keys 'ENTER + ' sent to object: 'Object Repository/1-OBJECTS TAREAS PRINCIPALES/Modulo Tarea Compensacion/Solicitud certificado/input_Identificacin_listadoEmp'

2022-04-29 10:24:52 - [TEST_STEP][PASSED] - click(findTestObject("1-OBJECTS TAREAS PRINCIPALES/Modulo Tarea Compensacion/Solicitud certificado/span_CONSTA BELFEGORD JHON")): Object: 'Object Repository/1-OBJECTS TAREAS PRINCIPALES/Modulo Tarea Compensacion/Solicitud certificado/span_CONSTA BELFEGORD JHON' is clicked on

2022-04-29 10:24:53 - [MESSAGE][PASSED] - Object: 'Object Repository/1-OBJECTS TAREAS PRINCIPALES/Modulo Tarea Compensacion/Solicitud certificado/span_CONSTA BELFEGORD JHON' is clicked on

2022-04-29 10:24:53 - [TEST_STEP][PASSED] - click(findTestObject("1-OBJECTS TAREAS PRINCIPALES/Modulo Tarea Compensacion/Solicitud certificado/a_Solicitud")): Object: 'Object Repository/1-OBJECTS TAREAS PRINCIPALES/Modulo Tarea Compensacion/Solicitud certificado/a_Solicitud' is clicked on

2022-04-29 10:24:54 - [MESSAGE][PASSED] - Object: 'Object Repository/1-OBJECTS TAREAS PRINCIPALES/Modulo Tarea Compensacion/Solicitud certificado/a_Solicitud' is clicked on

2022-04-29 10:24:54 - [TEST_STEP][PASSED] - if (waitForElementClickable(findTestObject("1-OBJECTS TAREAS PRINCIPALES/Modulo Tarea Compensacion/Solicitud certificado/span_Certificado Personal Planta_ preexistente"), 1)): null

2022-04-29 10:24:55 - [MESSAGE][PASSED] - Object 'Object Repository/1-OBJECTS TAREAS PRINCIPALES/Modulo Tarea Compensacion/Solicitud certificado/span_Certificado Personal Planta_ preexistente' is clickable

2022-04-29 10:24:55 - [TEST_STEP][PASSED] - click(findTestObject("1-OBJECTS TAREAS PRINCIPALES/Modulo Tarea Compensacion/Solicitud certificado/span_Certificado Personal Planta_ preexistente")): Object: 'Object Repository/1-OBJECTS TAREAS PRINCIPALES/Modulo Tarea Compensacion/Solicitud certificado/span_Certificado Personal Planta_ preexistente' is clicked on

2022-04-29 10:24:55 - [MESSAGE][PASSED] - Object: 'Object Repository/1-OBJECTS TAREAS PRINCIPALES/Modulo Tarea Compensacion/Solicitud certificado/span_Certificado Personal Planta_ preexistente' is clicked on

2022-04-29 10:24:55 - [TEST_STEP][PASSED] - waitForElementClickable(findTestObject("1-OBJECTS TAREAS PRINCIPALES/Modulo Tarea Compensacion/Solicitud certificado/a_Eliminar"), 0): Object 'Object Repository/1-OBJECTS TAREAS PRINCIPALES/Modulo Tarea Compensacion/Solicitud certificado/a_Eliminar' is clickable

2022-04-29 10:24:55 - [MESSAGE][WARNING] - Timeout '0' is invalid. Using default page load timeout: '45'

2022-04-29 10:24:57 - [MESSAGE][PASSED] - Object 'Object Repository/1-OBJECTS TAREAS PRINCIPALES/Modulo Tarea Compensacion/Solicitud certificado/a_Eliminar' is clickable

2022-04-29 10:24:57 - [TEST_STEP][PASSED] - click(findTestObject("1-OBJECTS TAREAS PRINCIPALES/Modulo Tarea Compensacion/Solicitud certificado/a_Eliminar")): Object: 'Object Repository/1-OBJECTS TAREAS PRINCIPALES/Modulo Tarea Compensacion/Solicitud certificado/a_Eliminar' is clicked on

2022-04-29 10:24:57 - [MESSAGE][PASSED] - Object: 'Object Repository/1-OBJECTS TAREAS PRINCIPALES/Modulo Tarea Compensacion/Solicitud certificado/a_Eliminar' is clicked on

2022-04-29 10:24:57 - [TEST_STEP][PASSED] - click(findTestObject("1-OBJECTS TAREAS PRINCIPALES/Modulo Tarea Compensacion/Solicitud certificado/span_Si")): Object: 'Object Repository/1-OBJECTS TAREAS PRINCIPALES/Modulo Tarea Compensacion/Solicitud certificado/span_Si' is clicked on

2022-04-29 10:24:58 - [MESSAGE][PASSED] - Object: 'Object Repository/1-OBJECTS TAREAS PRINCIPALES/Modulo Tarea Compensacion/Solicitud certificado/span_Si' is clicked on

2022-04-29 10:24:58 - [TEST_STEP][PASSED] - click(findTestObject("1-OBJECTS TAREAS PRINCIPALES/Modulo Tarea Compensacion/Solicitud certificado/span_Prueba")): Object: 'Object Repository/1-OBJECTS TAREAS PRINCIPALES/Modulo Tarea Compensacion/Solicitud certificado/span_Prueba' is clicked on

2022-04-29 10:24:59 - [MESSAGE][PASSED] - Object: 'Object Repository/1-OBJECTS TAREAS PRINCIPALES/Modulo Tarea Compensacion/Solicitud certificado/span_Prueba' is clicked on

2022-04-29 10:24:59 - [TEST_STEP][PASSED] - waitForElementClickable(findTestObject("1-OBJECTS TAREAS PRINCIPALES/Modulo Tarea Compensacion/Solicitud certificado/a_Acta De Grado   Diploma_form_solicitudesEmpleadolistaDocumentos0j_idt2892"), 0): Object 'Object Repository/1-OBJECTS TAREAS PRINCIPALES/Modulo Tarea Compensacion/Solicitud certificado/a_Acta De Grado   Diploma_form_solicitudesEmpleadolistaDocumentos0j_idt2892' is clickable

2022-04-29 10:24:59 - [MESSAGE][WARNING] - Timeout '0' is invalid. Using default page load timeout: '45'

2022-04-29 10:24:59 - [MESSAGE][PASSED] - Object 'Object Repository/1-OBJECTS TAREAS PRINCIPALES/Modulo Tarea Compensacion/Solicitud certificado/a_Acta De Grado   Diploma_form_solicitudesEmpleadolistaDocumentos0j_idt2892' is clickable

2022-04-29 10:24:59 - [TEST_STEP][PASSED] - click(findTestObject("1-OBJECTS TAREAS PRINCIPALES/Modulo Tarea Compensacion/Solicitud certificado/a_Acta De Grado   Diploma_form_solicitudesEmpleadolistaDocumentos0j_idt2892")): Object: 'Object Repository/1-OBJECTS TAREAS PRINCIPALES/Modulo Tarea Compensacion/Solicitud certificado/a_Acta De Grado   Diploma_form_solicitudesEmpleadolistaDocumentos0j_idt2892' is clicked on

2022-04-29 10:25:00 - [MESSAGE][PASSED] - Object: 'Object Repository/1-OBJECTS TAREAS PRINCIPALES/Modulo Tarea Compensacion/Solicitud certificado/a_Acta De Grado   Diploma_form_solicitudesEmpleadolistaDocumentos0j_idt2892' is clicked on

2022-04-29 10:25:00 - [TEST_STEP][PASSED] - waitForElementClickable(findTestObject("1-OBJECTS TAREAS PRINCIPALES/Modulo Tarea Compensacion/Solicitud certificado/input_Se ha cargado el archivo_popupDocumentoNovedad"), 0): Object 'Object Repository/1-OBJECTS TAREAS PRINCIPALES/Modulo Tarea Compensacion/Solicitud certificado/input_Se ha cargado el archivo_popupDocumentoNovedad' is clickable

2022-04-29 10:25:00 - [MESSAGE][WARNING] - Timeout '0' is invalid. Using default page load timeout: '45'

2022-04-29 10:25:00 - [MESSAGE][PASSED] - Object 'Object Repository/1-OBJECTS TAREAS PRINCIPALES/Modulo Tarea Compensacion/Solicitud certificado/input_Se ha cargado el archivo_popupDocumentoNovedad' is clickable

2022-04-29 10:25:00 - [TEST_STEP][PASSED] - ruta = G_rutaarchivos + "certificado_personal_planta.txt": null

2022-04-29 10:25:00 - [TEST_STEP][PASSED] - uploadFile(findTestObject("1-OBJECTS TAREAS PRINCIPALES/Modulo Tarea Compensacion/Solicitud certificado/input_Se ha cargado el archivo_popupDocumentoNovedad"), ruta): File 'E:\unionweb14\certificado_personal_planta.txt' sent to object: 'Object Repository/1-OBJECTS TAREAS PRINCIPALES/Modulo Tarea Compensacion/Solicitud certificado/input_Se ha cargado el archivo_popupDocumentoNovedad'

2022-04-29 10:25:01 - [MESSAGE][PASSED] - File 'E:\unionweb14\certificado_personal_planta.txt' sent to object: 'Object Repository/1-OBJECTS TAREAS PRINCIPALES/Modulo Tarea Compensacion/Solicitud certificado/input_Se ha cargado el archivo_popupDocumentoNovedad'

2022-04-29 10:25:01 - [TEST_STEP][PASSED] - waitForElementClickable(findTestObject("1-OBJECTS TAREAS PRINCIPALES/Modulo Tarea Compensacion/Solicitud certificado/input_Vigencia_popupDocumentoNovedad"), 0): Object 'Object Repository/1-OBJECTS TAREAS PRINCIPALES/Modulo Tarea Compensacion/Solicitud certificado/input_Vigencia_popupDocumentoNovedad' is clickable

2022-04-29 10:25:01 - [MESSAGE][WARNING] - Timeout '0' is invalid. Using default page load timeout: '45'

2022-04-29 10:25:01 - [MESSAGE][PASSED] - Object 'Object Repository/1-OBJECTS TAREAS PRINCIPALES/Modulo Tarea Compensacion/Solicitud certificado/input_Vigencia_popupDocumentoNovedad' is clickable

2022-04-29 10:25:01 - [TEST_STEP][PASSED] - setText(findTestObject("1-OBJECTS TAREAS PRINCIPALES/Modulo Tarea Compensacion/Solicitud certificado/input_Vigencia_popupDocumentoNovedad"), "01/07/2021"): Text '01/07/2021' is set on object 'Object Repository/1-OBJECTS TAREAS PRINCIPALES/Modulo Tarea Compensacion/Solicitud certificado/input_Vigencia_popupDocumentoNovedad'

2022-04-29 10:25:02 - [MESSAGE][PASSED] - Text '01/07/2021' is set on object 'Object Repository/1-OBJECTS TAREAS PRINCIPALES/Modulo Tarea Compensacion/Solicitud certificado/input_Vigencia_popupDocumentoNovedad'

2022-04-29 10:25:02 - [TEST_STEP][PASSED] - sendKeys(findTestObject("1-OBJECTS TAREAS PRINCIPALES/Modulo Tarea Compensacion/Solicitud certificado/input_Vigencia_popupDocumentoNovedad_formvigencia_input"), Keys.chord(ESCAPE)): Keys 'ESCAPE + ' sent to object: 'Object Repository/1-OBJECTS TAREAS PRINCIPALES/Modulo Tarea Compensacion/Solicitud certificado/input_Vigencia_popupDocumentoNovedad_formvigencia_input'

2022-04-29 10:25:03 - [MESSAGE][PASSED] - Keys 'ESCAPE + ' sent to object: 'Object Repository/1-OBJECTS TAREAS PRINCIPALES/Modulo Tarea Compensacion/Solicitud certificado/input_Vigencia_popupDocumentoNovedad_formvigencia_input'

2022-04-29 10:25:03 - [TEST_STEP][PASSED] - setText(findTestObject("1-OBJECTS TAREAS PRINCIPALES/Modulo Tarea Compensacion/Solicitud certificado/textarea_Observacin_popupDocumentoNovedad_formobservacion"), "PRUEBA"): Text 'PRUEBA' is set on object 'Object Repository/1-OBJECTS TAREAS PRINCIPALES/Modulo Tarea Compensacion/Solicitud certificado/textarea_Observacin_popupDocumentoNovedad_formobservacion'

2022-04-29 10:25:03 - [MESSAGE][PASSED] - Text 'PRUEBA' is set on object 'Object Repository/1-OBJECTS TAREAS PRINCIPALES/Modulo Tarea Compensacion/Solicitud certificado/textarea_Observacin_popupDocumentoNovedad_formobservacion'

2022-04-29 10:25:03 - [TEST_STEP][PASSED] - click(findTestObject("1-OBJECTS TAREAS PRINCIPALES/Modulo Tarea Compensacion/Solicitud certificado/a_Guardar_Solicitud")): Object: 'Object Repository/1-OBJECTS TAREAS PRINCIPALES/Modulo Tarea Compensacion/Solicitud certificado/a_Guardar_Solicitud' is clicked on

2022-04-29 10:25:04 - [MESSAGE][PASSED] - Object: 'Object Repository/1-OBJECTS TAREAS PRINCIPALES/Modulo Tarea Compensacion/Solicitud certificado/a_Guardar_Solicitud' is clicked on

2022-04-29 10:25:04 - [TEST_STEP][PASSED] - waitForElementClickable(findTestObject("1-OBJECTS TAREAS PRINCIPALES/Modulo Tarea Compensacion/Solicitud certificado/a_Guardar"), 0): Object 'Object Repository/1-OBJECTS TAREAS PRINCIPALES/Modulo Tarea Compensacion/Solicitud certificado/a_Guardar' is clickable

2022-04-29 10:25:04 - [MESSAGE][WARNING] - Timeout '0' is invalid. Using default page load timeout: '45'

2022-04-29 10:25:05 - [MESSAGE][PASSED] - Object 'Object Repository/1-OBJECTS TAREAS PRINCIPALES/Modulo Tarea Compensacion/Solicitud certificado/a_Guardar' is clickable

2022-04-29 10:25:05 - [TEST_STEP][PASSED] - click(findTestObject("1-OBJECTS TAREAS PRINCIPALES/Modulo Tarea Compensacion/Solicitud certificado/a_Guardar")): Object: 'Object Repository/1-OBJECTS TAREAS PRINCIPALES/Modulo Tarea Compensacion/Solicitud certificado/a_Guardar' is clicked on

2022-04-29 10:25:05 - [MESSAGE][PASSED] - Object: 'Object Repository/1-OBJECTS TAREAS PRINCIPALES/Modulo Tarea Compensacion/Solicitud certificado/a_Guardar' is clicked on

2022-04-29 10:25:05 - [TEST_STEP][PASSED] - Alerta = getText(findTestObject("3-OBJECTS UTILIDADES/Alerta/Alerta")): Text of object 'Object Repository/3-OBJECTS UTILIDADES/Alerta/Alerta' is: 'SE PROCESARÁ SU SOLICITUD'

2022-04-29 10:25:07 - [MESSAGE][PASSED] - Text of object 'Object Repository/3-OBJECTS UTILIDADES/Alerta/Alerta' is: 'SE PROCESARÁ SU SOLICITUD'

2022-04-29 10:25:07 - [TEST_STEP][PASSED] - if (Alerta == "SE PROCESARÁ SU SOLICITUD"): Browser is closed

2022-04-29 10:25:07 - [TEST_STEP][PASSED] - closeBrowser(): Browser is closed

2022-04-29 10:25:07 - [MESSAGE][PASSED] - Browser is closed]]></system-out>
         <system-err><![CDATA[]]></system-err>
      </testcase>
      <testcase name="Test Cases/1.1-Tareas Principales/1.2.6-Legalizar Solicitud Nov Empleado" time="23.921" classname="Test Cases/1.1-Tareas Principales/1.2.6-Legalizar Solicitud Nov Empleado" status="PASSED">
         <system-out><![CDATA[2022-04-29 10:25:07 - [TEST_CASE][PASSED] - Test Cases/1.1-Tareas Principales/1.2.6-Legalizar Solicitud Nov Empleado: Test Cases/1.1-Tareas Principales/1.2.6-Legalizar Solicitud Nov Empleado

2022-04-29 10:25:08 - [TEST_STEP][PASSED] - callTestCase(findTestCase("Utilidades-(atajos_para _tareas)/Tareas Administracion Compensacion/Tarea Aplicacion Nov. Empleado"), [:], STOP_ON_FAILURE): Call Test Case 'Test Cases/Utilidades-(atajos_para _tareas)/Tareas Administracion Compensacion/Tarea Aplicacion Nov. Empleado' successfully

2022-04-29 10:25:08 - [TEST_CASE][PASSED] - Test Cases/Utilidades-(atajos_para _tareas)/Tareas Administracion Compensacion/Tarea Aplicacion Nov. Empleado: Test Cases/Utilidades-(atajos_para _tareas)/Tareas Administracion Compensacion/Tarea Aplicacion Nov. Empleado

2022-04-29 10:25:08 - [TEST_STEP][PASSED] - callTestCase(findTestCase("0.1-Login"), [:], STOP_ON_FAILURE): Call Test Case 'Test Cases/0.1-Login' successfully

2022-04-29 10:25:08 - [TEST_CASE][PASSED] - Test Cases/0.1-Login: Test Cases/0.1-Login

2022-04-29 10:25:08 - [TEST_STEP][PASSED] - openBrowser(""): Browser is opened with url: ''

2022-04-29 10:25:08 - [MESSAGE][INFO] - Starting 'Chrome' driver

2022-04-29 10:25:08 - [MESSAGE][INFO] - Action delay is set to 0 milliseconds

2022-04-29 10:25:10 - [MESSAGE][PASSED] - Browser is opened with url: ''

2022-04-29 10:25:10 - [TEST_STEP][PASSED] - maximizeWindow(): Current window maximized

2022-04-29 10:25:10 - [MESSAGE][PASSED] - Current window maximized

2022-04-29 10:25:10 - [TEST_STEP][PASSED] - i = G_Login: null

2022-04-29 10:25:10 - [TEST_STEP][PASSED] - url = new java.net.URL(i): null

2022-04-29 10:25:10 - [TEST_STEP][PASSED] - println("URL: " + url.toString()): null

2022-04-29 10:25:10 - [TEST_STEP][PASSED] - connection = url.openConnection(): null

2022-04-29 10:25:10 - [TEST_STEP][PASSED] - connection.setRequestMethod("GET"): null

2022-04-29 10:25:10 - [TEST_STEP][PASSED] - connection.setReadTimeout(2 * 1000): null

2022-04-29 10:25:10 - [TEST_STEP][PASSED] - try: null

2022-04-29 10:25:10 - [TEST_STEP][PASSED] - connection.connect(): null

2022-04-29 10:25:10 - [TEST_STEP][PASSED] - flag = connected: null

2022-04-29 10:25:10 - [TEST_STEP][PASSED] - println("Valor_ori: " + flag): null

2022-04-29 10:25:10 - [TEST_STEP][PASSED] - if (flag): null

2022-04-29 10:25:10 - [TEST_STEP][PASSED] - navigateToUrl(i): Navigate to 'http://192.168.2.19:8380/saraweb' successfully

2022-04-29 10:25:10 - [MESSAGE][PASSED] - Navigate to 'http://192.168.2.19:8380/saraweb' successfully

2022-04-29 10:25:10 - [TEST_STEP][PASSED] - a(): null

2022-04-29 10:25:10 - [TEST_STEP][PASSED] - setText(findTestObject("3-OBJECTS UTILIDADES/Login/input_USUARIO_loginusuario"), G_Usuario): Text 'saraadmin' is set on object 'Object Repository/3-OBJECTS UTILIDADES/Login/input_USUARIO_loginusuario'

2022-04-29 10:25:11 - [MESSAGE][PASSED] - Text 'saraadmin' is set on object 'Object Repository/3-OBJECTS UTILIDADES/Login/input_USUARIO_loginusuario'

2022-04-29 10:25:11 - [TEST_STEP][PASSED] - setEncryptedText(findTestObject("3-OBJECTS UTILIDADES/Login/input_CLAVE_loginpassword"), "MkG4/TYiCFC3cb2driP7+Q=="): Text ****** has been set on object 'Object Repository/3-OBJECTS UTILIDADES/Login/input_CLAVE_loginpassword'

2022-04-29 10:25:11 - [MESSAGE][PASSED] - Text ****** has been set on object 'Object Repository/3-OBJECTS UTILIDADES/Login/input_CLAVE_loginpassword'

2022-04-29 10:25:11 - [TEST_STEP][PASSED] - waitForElementClickable(findTestObject("3-OBJECTS UTILIDADES/Login/a_Ingresar"), G_TimeOut): Object 'Object Repository/3-OBJECTS UTILIDADES/Login/a_Ingresar' is clickable

2022-04-29 10:25:12 - [MESSAGE][PASSED] - Object 'Object Repository/3-OBJECTS UTILIDADES/Login/a_Ingresar' is clickable

2022-04-29 10:25:12 - [TEST_STEP][PASSED] - click(findTestObject("3-OBJECTS UTILIDADES/Login/a_Ingresar")): Object: 'Object Repository/3-OBJECTS UTILIDADES/Login/a_Ingresar' is clicked on

2022-04-29 10:25:13 - [MESSAGE][PASSED] - Object: 'Object Repository/3-OBJECTS UTILIDADES/Login/a_Ingresar' is clicked on

2022-04-29 10:25:13 - [TEST_STEP][PASSED] - element = findWebElement(findTestObject("3-OBJECTS UTILIDADES/Login/a_Ir"), 30): null

2022-04-29 10:25:13 - [TEST_STEP][PASSED] - executeJavaScript("arguments[0].click()", Arrays.asList(element)): Execute JavaScript 'arguments[0].click()' successfully

2022-04-29 10:25:13 - [MESSAGE][PASSED] - Execute JavaScript 'arguments[0].click()' successfully

2022-04-29 10:25:13 - [MESSAGE][PASSED] - Call Test Case 'Test Cases/0.1-Login' successfully

2022-04-29 10:25:13 - [TEST_STEP][PASSED] - waitForElementVisible(findTestObject("1-OBJECTS TAREAS PRINCIPALES/Modulo Tarea Compensacion/Tarea Aplicacion Nov. Empleado/input_Listado Hojas De Vida_form_templatej_idt24_input"), 0): Object 'Object Repository/1-OBJECTS TAREAS PRINCIPALES/Modulo Tarea Compensacion/Tarea Aplicacion Nov. Empleado/input_Listado Hojas De Vida_form_templatej_idt24_input' is visible

2022-04-29 10:25:13 - [MESSAGE][WARNING] - Timeout '0' is invalid. Using default page load timeout: '45'

2022-04-29 10:25:14 - [MESSAGE][PASSED] - Object 'Object Repository/1-OBJECTS TAREAS PRINCIPALES/Modulo Tarea Compensacion/Tarea Aplicacion Nov. Empleado/input_Listado Hojas De Vida_form_templatej_idt24_input' is visible

2022-04-29 10:25:14 - [TEST_STEP][PASSED] - setText(findTestObject("1-OBJECTS TAREAS PRINCIPALES/Modulo Tarea Compensacion/Tarea Aplicacion Nov. Empleado/input_Listado Hojas De Vida_form_templatej_idt24_input"), "Aplicacion Nov. Empleado"): Text 'Aplicacion Nov. Empleado' is set on object 'Object Repository/1-OBJECTS TAREAS PRINCIPALES/Modulo Tarea Compensacion/Tarea Aplicacion Nov. Empleado/input_Listado Hojas De Vida_form_templatej_idt24_input'

2022-04-29 10:25:15 - [MESSAGE][PASSED] - Text 'Aplicacion Nov. Empleado' is set on object 'Object Repository/1-OBJECTS TAREAS PRINCIPALES/Modulo Tarea Compensacion/Tarea Aplicacion Nov. Empleado/input_Listado Hojas De Vida_form_templatej_idt24_input'

2022-04-29 10:25:15 - [TEST_STEP][PASSED] - waitForElementVisible(findTestObject("1-OBJECTS TAREAS PRINCIPALES/Modulo Tarea Compensacion/Tarea Aplicacion Nov. Empleado/span_Tarea Aplicacion Nov"), 0): Object 'Object Repository/1-OBJECTS TAREAS PRINCIPALES/Modulo Tarea Compensacion/Tarea Aplicacion Nov. Empleado/span_Tarea Aplicacion Nov' is visible

2022-04-29 10:25:15 - [MESSAGE][WARNING] - Timeout '0' is invalid. Using default page load timeout: '45'

2022-04-29 10:25:16 - [MESSAGE][PASSED] - Object 'Object Repository/1-OBJECTS TAREAS PRINCIPALES/Modulo Tarea Compensacion/Tarea Aplicacion Nov. Empleado/span_Tarea Aplicacion Nov' is visible

2022-04-29 10:25:16 - [TEST_STEP][PASSED] - click(findTestObject("1-OBJECTS TAREAS PRINCIPALES/Modulo Tarea Compensacion/Tarea Aplicacion Nov. Empleado/span_Tarea Aplicacion Nov"), STOP_ON_FAILURE): Object: 'Object Repository/1-OBJECTS TAREAS PRINCIPALES/Modulo Tarea Compensacion/Tarea Aplicacion Nov. Empleado/span_Tarea Aplicacion Nov' is clicked on

2022-04-29 10:25:16 - [MESSAGE][PASSED] - Object: 'Object Repository/1-OBJECTS TAREAS PRINCIPALES/Modulo Tarea Compensacion/Tarea Aplicacion Nov. Empleado/span_Tarea Aplicacion Nov' is clicked on

2022-04-29 10:25:16 - [MESSAGE][PASSED] - Call Test Case 'Test Cases/Utilidades-(atajos_para _tareas)/Tareas Administracion Compensacion/Tarea Aplicacion Nov. Empleado' successfully

2022-04-29 10:25:16 - [TEST_STEP][PASSED] - waitForElementClickable(findTestObject("1-OBJECTS TAREAS PRINCIPALES/Modulo Tarea Compensacion/Legalizar Solicitud Nov Empelado/a_Ausentismo_Por Autorizar"), 0): Object 'Object Repository/1-OBJECTS TAREAS PRINCIPALES/Modulo Tarea Compensacion/Legalizar Solicitud Nov Empelado/a_Ausentismo_Por Autorizar' is clickable

2022-04-29 10:25:16 - [MESSAGE][WARNING] - Timeout '0' is invalid. Using default page load timeout: '45'

2022-04-29 10:25:18 - [MESSAGE][PASSED] - Object 'Object Repository/1-OBJECTS TAREAS PRINCIPALES/Modulo Tarea Compensacion/Legalizar Solicitud Nov Empelado/a_Ausentismo_Por Autorizar' is clickable

2022-04-29 10:25:18 - [TEST_STEP][PASSED] - click(findTestObject("1-OBJECTS TAREAS PRINCIPALES/Modulo Tarea Compensacion/Legalizar Solicitud Nov Empelado/a_Ausentismo_Por Autorizar")): Object: 'Object Repository/1-OBJECTS TAREAS PRINCIPALES/Modulo Tarea Compensacion/Legalizar Solicitud Nov Empelado/a_Ausentismo_Por Autorizar' is clicked on

2022-04-29 10:25:18 - [MESSAGE][PASSED] - Object: 'Object Repository/1-OBJECTS TAREAS PRINCIPALES/Modulo Tarea Compensacion/Legalizar Solicitud Nov Empelado/a_Ausentismo_Por Autorizar' is clicked on

2022-04-29 10:25:18 - [TEST_STEP][PASSED] - if (waitForElementClickable(findTestObject("1-OBJECTS TAREAS PRINCIPALES/Modulo Tarea Compensacion/Legalizar Solicitud Nov Empelado/span_Consta Belfegord . Jhon"), 1)): null

2022-04-29 10:25:19 - [MESSAGE][PASSED] - Object 'Object Repository/1-OBJECTS TAREAS PRINCIPALES/Modulo Tarea Compensacion/Legalizar Solicitud Nov Empelado/span_Consta Belfegord . Jhon' is clickable

2022-04-29 10:25:19 - [TEST_STEP][PASSED] - click(findTestObject("1-OBJECTS TAREAS PRINCIPALES/Modulo Tarea Compensacion/Legalizar Solicitud Nov Empelado/div_Solicitud_ui-chkbox-box_Consta Belfegord")): Object: 'Object Repository/1-OBJECTS TAREAS PRINCIPALES/Modulo Tarea Compensacion/Legalizar Solicitud Nov Empelado/div_Solicitud_ui-chkbox-box_Consta Belfegord' is clicked on

2022-04-29 10:25:20 - [MESSAGE][PASSED] - Object: 'Object Repository/1-OBJECTS TAREAS PRINCIPALES/Modulo Tarea Compensacion/Legalizar Solicitud Nov Empelado/div_Solicitud_ui-chkbox-box_Consta Belfegord' is clicked on

2022-04-29 10:25:20 - [TEST_STEP][PASSED] - click(findTestObject("1-OBJECTS TAREAS PRINCIPALES/Modulo Tarea Compensacion/Legalizar Solicitud Nov Empelado/a_Autorizar")): Object: 'Object Repository/1-OBJECTS TAREAS PRINCIPALES/Modulo Tarea Compensacion/Legalizar Solicitud Nov Empelado/a_Autorizar' is clicked on

2022-04-29 10:25:20 - [MESSAGE][PASSED] - Object: 'Object Repository/1-OBJECTS TAREAS PRINCIPALES/Modulo Tarea Compensacion/Legalizar Solicitud Nov Empelado/a_Autorizar' is clicked on

2022-04-29 10:25:20 - [TEST_STEP][PASSED] - waitForElementClickable(findTestObject("1-OBJECTS TAREAS PRINCIPALES/Modulo Tarea Compensacion/Legalizar Solicitud Nov Empelado/span_Si_Por  Autorizar"), 0): Object 'Object Repository/1-OBJECTS TAREAS PRINCIPALES/Modulo Tarea Compensacion/Legalizar Solicitud Nov Empelado/span_Si_Por  Autorizar' is clickable

2022-04-29 10:25:20 - [MESSAGE][WARNING] - Timeout '0' is invalid. Using default page load timeout: '45'

2022-04-29 10:25:21 - [MESSAGE][PASSED] - Object 'Object Repository/1-OBJECTS TAREAS PRINCIPALES/Modulo Tarea Compensacion/Legalizar Solicitud Nov Empelado/span_Si_Por  Autorizar' is clickable

2022-04-29 10:25:21 - [TEST_STEP][PASSED] - click(findTestObject("1-OBJECTS TAREAS PRINCIPALES/Modulo Tarea Compensacion/Legalizar Solicitud Nov Empelado/span_Si_Por  Autorizar")): Object: 'Object Repository/1-OBJECTS TAREAS PRINCIPALES/Modulo Tarea Compensacion/Legalizar Solicitud Nov Empelado/span_Si_Por  Autorizar' is clicked on

2022-04-29 10:25:21 - [MESSAGE][PASSED] - Object: 'Object Repository/1-OBJECTS TAREAS PRINCIPALES/Modulo Tarea Compensacion/Legalizar Solicitud Nov Empelado/span_Si_Por  Autorizar' is clicked on

2022-04-29 10:25:21 - [TEST_STEP][PASSED] - click(findTestObject("1-OBJECTS TAREAS PRINCIPALES/Modulo Tarea Compensacion/Legalizar Solicitud Nov Empelado/a_Continuar_Por Autorizar")): Object: 'Object Repository/1-OBJECTS TAREAS PRINCIPALES/Modulo Tarea Compensacion/Legalizar Solicitud Nov Empelado/a_Continuar_Por Autorizar' is clicked on

2022-04-29 10:25:22 - [MESSAGE][PASSED] - Object: 'Object Repository/1-OBJECTS TAREAS PRINCIPALES/Modulo Tarea Compensacion/Legalizar Solicitud Nov Empelado/a_Continuar_Por Autorizar' is clicked on

2022-04-29 10:25:22 - [TEST_STEP][PASSED] - waitForElementClickable(findTestObject("1-OBJECTS TAREAS PRINCIPALES/Modulo Tarea Compensacion/Legalizar Solicitud Nov Empelado/a_Ausentismo_Por legalizar"), 0): Object 'Object Repository/1-OBJECTS TAREAS PRINCIPALES/Modulo Tarea Compensacion/Legalizar Solicitud Nov Empelado/a_Ausentismo_Por legalizar' is clickable

2022-04-29 10:25:22 - [MESSAGE][WARNING] - Timeout '0' is invalid. Using default page load timeout: '45'

2022-04-29 10:25:23 - [MESSAGE][PASSED] - Object 'Object Repository/1-OBJECTS TAREAS PRINCIPALES/Modulo Tarea Compensacion/Legalizar Solicitud Nov Empelado/a_Ausentismo_Por legalizar' is clickable

2022-04-29 10:25:23 - [TEST_STEP][PASSED] - click(findTestObject("1-OBJECTS TAREAS PRINCIPALES/Modulo Tarea Compensacion/Legalizar Solicitud Nov Empelado/a_Ausentismo_Por legalizar")): Object: 'Object Repository/1-OBJECTS TAREAS PRINCIPALES/Modulo Tarea Compensacion/Legalizar Solicitud Nov Empelado/a_Ausentismo_Por legalizar' is clicked on

2022-04-29 10:25:24 - [MESSAGE][PASSED] - Object: 'Object Repository/1-OBJECTS TAREAS PRINCIPALES/Modulo Tarea Compensacion/Legalizar Solicitud Nov Empelado/a_Ausentismo_Por legalizar' is clicked on

2022-04-29 10:25:24 - [TEST_STEP][PASSED] - check(findTestObject("1-OBJECTS TAREAS PRINCIPALES/Modulo Tarea Compensacion/Legalizar Solicitud Nov Empelado/div_Estado_ui-chkbox-box ui-widget ui-corner-all ui-state-default")): Object 'Object Repository/1-OBJECTS TAREAS PRINCIPALES/Modulo Tarea Compensacion/Legalizar Solicitud Nov Empelado/div_Estado_ui-chkbox-box ui-widget ui-corner-all ui-state-default' is checked

2022-04-29 10:25:25 - [MESSAGE][PASSED] - Object 'Object Repository/1-OBJECTS TAREAS PRINCIPALES/Modulo Tarea Compensacion/Legalizar Solicitud Nov Empelado/div_Estado_ui-chkbox-box ui-widget ui-corner-all ui-state-default' is checked

2022-04-29 10:25:25 - [TEST_STEP][PASSED] - click(findTestObject("1-OBJECTS TAREAS PRINCIPALES/Modulo Tarea Compensacion/Legalizar Solicitud Nov Empelado/a_Legalizacin")): Object: 'Object Repository/1-OBJECTS TAREAS PRINCIPALES/Modulo Tarea Compensacion/Legalizar Solicitud Nov Empelado/a_Legalizacin' is clicked on

2022-04-29 10:25:26 - [MESSAGE][PASSED] - Object: 'Object Repository/1-OBJECTS TAREAS PRINCIPALES/Modulo Tarea Compensacion/Legalizar Solicitud Nov Empelado/a_Legalizacin' is clicked on

2022-04-29 10:25:26 - [TEST_STEP][PASSED] - click(findTestObject("1-OBJECTS TAREAS PRINCIPALES/Modulo Tarea Compensacion/Legalizar Solicitud Nov Empelado/span_Si")): Object: 'Object Repository/1-OBJECTS TAREAS PRINCIPALES/Modulo Tarea Compensacion/Legalizar Solicitud Nov Empelado/span_Si' is clicked on

2022-04-29 10:25:27 - [MESSAGE][PASSED] - Object: 'Object Repository/1-OBJECTS TAREAS PRINCIPALES/Modulo Tarea Compensacion/Legalizar Solicitud Nov Empelado/span_Si' is clicked on

2022-04-29 10:25:27 - [TEST_STEP][PASSED] - Alerta = getText(findTestObject("1-OBJECTS TAREAS PRINCIPALES/Modulo Tarea Compensacion/Legalizar Solicitud Nov Empelado/a_Resultado")): Text of object 'Object Repository/1-OBJECTS TAREAS PRINCIPALES/Modulo Tarea Compensacion/Legalizar Solicitud Nov Empelado/a_Resultado' is: 'Realizado proceso...'

2022-04-29 10:25:28 - [MESSAGE][PASSED] - Text of object 'Object Repository/1-OBJECTS TAREAS PRINCIPALES/Modulo Tarea Compensacion/Legalizar Solicitud Nov Empelado/a_Resultado' is: 'Realizado proceso...'

2022-04-29 10:25:28 - [TEST_STEP][PASSED] - click(findTestObject("1-OBJECTS TAREAS PRINCIPALES/Modulo Tarea Compensacion/Legalizar Solicitud Nov Empelado/a_Continuar")): Object: 'Object Repository/1-OBJECTS TAREAS PRINCIPALES/Modulo Tarea Compensacion/Legalizar Solicitud Nov Empelado/a_Continuar' is clicked on

2022-04-29 10:25:31 - [MESSAGE][PASSED] - Object: 'Object Repository/1-OBJECTS TAREAS PRINCIPALES/Modulo Tarea Compensacion/Legalizar Solicitud Nov Empelado/a_Continuar' is clicked on

2022-04-29 10:25:31 - [TEST_STEP][PASSED] - if (Alerta == "Se ha realizado el proceso"): null

2022-04-29 10:25:31 - [TEST_STEP][PASSED] - else if (Alerta == "Realizado proceso..."): Browser is closed

2022-04-29 10:25:31 - [TEST_STEP][PASSED] - closeBrowser(): Browser is closed

2022-04-29 10:25:31 - [MESSAGE][PASSED] - Browser is closed]]></system-out>
         <system-err><![CDATA[]]></system-err>
      </testcase>
      <testcase name="Test Cases/1.1-Tareas Principales/1.2.7-Liquidacion Periodica" time="20.434" classname="Test Cases/1.1-Tareas Principales/1.2.7-Liquidacion Periodica" status="PASSED">
         <system-out><![CDATA[2022-04-29 10:25:31 - [TEST_CASE][PASSED] - Test Cases/1.1-Tareas Principales/1.2.7-Liquidacion Periodica: Test Cases/1.1-Tareas Principales/1.2.7-Liquidacion Periodica

2022-04-29 10:25:32 - [TEST_STEP][PASSED] - callTestCase(findTestCase("Utilidades-(atajos_para _tareas)/Tareas Administracion Compensacion/Tarea Listado Empleados"), [:], STOP_ON_FAILURE): Call Test Case 'Test Cases/Utilidades-(atajos_para _tareas)/Tareas Administracion Compensacion/Tarea Listado Empleados' successfully

2022-04-29 10:25:32 - [TEST_CASE][PASSED] - Test Cases/Utilidades-(atajos_para _tareas)/Tareas Administracion Compensacion/Tarea Listado Empleados: Test Cases/Utilidades-(atajos_para _tareas)/Tareas Administracion Compensacion/Tarea Listado Empleados

2022-04-29 10:25:32 - [TEST_STEP][PASSED] - callTestCase(findTestCase("0.1-Login"), [:], STOP_ON_FAILURE): Call Test Case 'Test Cases/0.1-Login' successfully

2022-04-29 10:25:32 - [TEST_CASE][PASSED] - Test Cases/0.1-Login: Test Cases/0.1-Login

2022-04-29 10:25:32 - [TEST_STEP][PASSED] - openBrowser(""): Browser is opened with url: ''

2022-04-29 10:25:32 - [MESSAGE][INFO] - Starting 'Chrome' driver

2022-04-29 10:25:32 - [MESSAGE][INFO] - Action delay is set to 0 milliseconds

2022-04-29 10:25:33 - [MESSAGE][PASSED] - Browser is opened with url: ''

2022-04-29 10:25:33 - [TEST_STEP][PASSED] - maximizeWindow(): Current window maximized

2022-04-29 10:25:33 - [MESSAGE][PASSED] - Current window maximized

2022-04-29 10:25:33 - [TEST_STEP][PASSED] - i = G_Login: null

2022-04-29 10:25:33 - [TEST_STEP][PASSED] - url = new java.net.URL(i): null

2022-04-29 10:25:33 - [TEST_STEP][PASSED] - println("URL: " + url.toString()): null

2022-04-29 10:25:33 - [TEST_STEP][PASSED] - connection = url.openConnection(): null

2022-04-29 10:25:33 - [TEST_STEP][PASSED] - connection.setRequestMethod("GET"): null

2022-04-29 10:25:33 - [TEST_STEP][PASSED] - connection.setReadTimeout(2 * 1000): null

2022-04-29 10:25:33 - [TEST_STEP][PASSED] - try: null

2022-04-29 10:25:33 - [TEST_STEP][PASSED] - connection.connect(): null

2022-04-29 10:25:33 - [TEST_STEP][PASSED] - flag = connected: null

2022-04-29 10:25:33 - [TEST_STEP][PASSED] - println("Valor_ori: " + flag): null

2022-04-29 10:25:33 - [TEST_STEP][PASSED] - if (flag): null

2022-04-29 10:25:33 - [TEST_STEP][PASSED] - navigateToUrl(i): Navigate to 'http://192.168.2.19:8380/saraweb' successfully

2022-04-29 10:25:34 - [MESSAGE][PASSED] - Navigate to 'http://192.168.2.19:8380/saraweb' successfully

2022-04-29 10:25:34 - [TEST_STEP][PASSED] - a(): null

2022-04-29 10:25:34 - [TEST_STEP][PASSED] - setText(findTestObject("3-OBJECTS UTILIDADES/Login/input_USUARIO_loginusuario"), G_Usuario): Text 'saraadmin' is set on object 'Object Repository/3-OBJECTS UTILIDADES/Login/input_USUARIO_loginusuario'

2022-04-29 10:25:34 - [MESSAGE][PASSED] - Text 'saraadmin' is set on object 'Object Repository/3-OBJECTS UTILIDADES/Login/input_USUARIO_loginusuario'

2022-04-29 10:25:34 - [TEST_STEP][PASSED] - setEncryptedText(findTestObject("3-OBJECTS UTILIDADES/Login/input_CLAVE_loginpassword"), "MkG4/TYiCFC3cb2driP7+Q=="): Text ****** has been set on object 'Object Repository/3-OBJECTS UTILIDADES/Login/input_CLAVE_loginpassword'

2022-04-29 10:25:35 - [MESSAGE][PASSED] - Text ****** has been set on object 'Object Repository/3-OBJECTS UTILIDADES/Login/input_CLAVE_loginpassword'

2022-04-29 10:25:35 - [TEST_STEP][PASSED] - waitForElementClickable(findTestObject("3-OBJECTS UTILIDADES/Login/a_Ingresar"), G_TimeOut): Object 'Object Repository/3-OBJECTS UTILIDADES/Login/a_Ingresar' is clickable

2022-04-29 10:25:35 - [MESSAGE][PASSED] - Object 'Object Repository/3-OBJECTS UTILIDADES/Login/a_Ingresar' is clickable

2022-04-29 10:25:35 - [TEST_STEP][PASSED] - click(findTestObject("3-OBJECTS UTILIDADES/Login/a_Ingresar")): Object: 'Object Repository/3-OBJECTS UTILIDADES/Login/a_Ingresar' is clicked on

2022-04-29 10:25:36 - [MESSAGE][PASSED] - Object: 'Object Repository/3-OBJECTS UTILIDADES/Login/a_Ingresar' is clicked on

2022-04-29 10:25:36 - [TEST_STEP][PASSED] - element = findWebElement(findTestObject("3-OBJECTS UTILIDADES/Login/a_Ir"), 30): null

2022-04-29 10:25:37 - [TEST_STEP][PASSED] - executeJavaScript("arguments[0].click()", Arrays.asList(element)): Execute JavaScript 'arguments[0].click()' successfully

2022-04-29 10:25:37 - [MESSAGE][PASSED] - Execute JavaScript 'arguments[0].click()' successfully

2022-04-29 10:25:37 - [MESSAGE][PASSED] - Call Test Case 'Test Cases/0.1-Login' successfully

2022-04-29 10:25:37 - [TEST_STEP][PASSED] - setText(findTestObject("1-OBJECTS TAREAS PRINCIPALES/Modulo Tarea Listado Hojas de Vida/Tareas Listado Hojas de Vida/input_Listado Hojas De Vida_form_templatej_idt24_input"), "Listado de Empleados"): Text 'Listado de Empleados' is set on object 'Object Repository/1-OBJECTS TAREAS PRINCIPALES/Modulo Tarea Listado Hojas de Vida/Tareas Listado Hojas de Vida/input_Listado Hojas De Vida_form_templatej_idt24_input'

2022-04-29 10:25:38 - [MESSAGE][PASSED] - Text 'Listado de Empleados' is set on object 'Object Repository/1-OBJECTS TAREAS PRINCIPALES/Modulo Tarea Listado Hojas de Vida/Tareas Listado Hojas de Vida/input_Listado Hojas De Vida_form_templatej_idt24_input'

2022-04-29 10:25:38 - [TEST_STEP][PASSED] - waitForElementVisible(findTestObject("1-OBJECTS TAREAS PRINCIPALES/Modulo Tarea Listado Hojas de Vida/Tareas Listado Hojas de Vida/span_Listado de Empleados"), 0): Object 'Object Repository/1-OBJECTS TAREAS PRINCIPALES/Modulo Tarea Listado Hojas de Vida/Tareas Listado Hojas de Vida/span_Listado de Empleados' is visible

2022-04-29 10:25:38 - [MESSAGE][WARNING] - Timeout '0' is invalid. Using default page load timeout: '45'

2022-04-29 10:25:39 - [MESSAGE][PASSED] - Object 'Object Repository/1-OBJECTS TAREAS PRINCIPALES/Modulo Tarea Listado Hojas de Vida/Tareas Listado Hojas de Vida/span_Listado de Empleados' is visible

2022-04-29 10:25:39 - [TEST_STEP][PASSED] - click(findTestObject("1-OBJECTS TAREAS PRINCIPALES/Modulo Tarea Listado Hojas de Vida/Tareas Listado Hojas de Vida/span_Listado de Empleados")): Object: 'Object Repository/1-OBJECTS TAREAS PRINCIPALES/Modulo Tarea Listado Hojas de Vida/Tareas Listado Hojas de Vida/span_Listado de Empleados' is clicked on

2022-04-29 10:25:39 - [MESSAGE][PASSED] - Object: 'Object Repository/1-OBJECTS TAREAS PRINCIPALES/Modulo Tarea Listado Hojas de Vida/Tareas Listado Hojas de Vida/span_Listado de Empleados' is clicked on

2022-04-29 10:25:39 - [MESSAGE][PASSED] - Call Test Case 'Test Cases/Utilidades-(atajos_para _tareas)/Tareas Administracion Compensacion/Tarea Listado Empleados' successfully

2022-04-29 10:25:39 - [TEST_STEP][PASSED] - waitForElementClickable(findTestObject("1-OBJECTS TAREAS PRINCIPALES/Modulo Tarea Compensacion/Liquidacion Periodica/input_Identificacin_listadoEmp"), 0): Object 'Object Repository/1-OBJECTS TAREAS PRINCIPALES/Modulo Tarea Compensacion/Liquidacion Periodica/input_Identificacin_listadoEmp' is clickable

2022-04-29 10:25:40 - [MESSAGE][WARNING] - Timeout '0' is invalid. Using default page load timeout: '45'

2022-04-29 10:25:41 - [MESSAGE][PASSED] - Object 'Object Repository/1-OBJECTS TAREAS PRINCIPALES/Modulo Tarea Compensacion/Liquidacion Periodica/input_Identificacin_listadoEmp' is clickable

2022-04-29 10:25:41 - [TEST_STEP][PASSED] - setText(findTestObject("1-OBJECTS TAREAS PRINCIPALES/Modulo Tarea Compensacion/Liquidacion Periodica/input_Identificacin_listadoEmp"), "354968431354"): Text '354968431354' is set on object 'Object Repository/1-OBJECTS TAREAS PRINCIPALES/Modulo Tarea Compensacion/Liquidacion Periodica/input_Identificacin_listadoEmp'

2022-04-29 10:25:41 - [MESSAGE][PASSED] - Text '354968431354' is set on object 'Object Repository/1-OBJECTS TAREAS PRINCIPALES/Modulo Tarea Compensacion/Liquidacion Periodica/input_Identificacin_listadoEmp'

2022-04-29 10:25:41 - [TEST_STEP][PASSED] - sendKeys(findTestObject("1-OBJECTS TAREAS PRINCIPALES/Modulo Tarea Compensacion/Liquidacion Periodica/input_Identificacin_listadoEmp"), Keys.chord(ENTER)): Keys 'ENTER + ' sent to object: 'Object Repository/1-OBJECTS TAREAS PRINCIPALES/Modulo Tarea Compensacion/Liquidacion Periodica/input_Identificacin_listadoEmp'

2022-04-29 10:25:42 - [MESSAGE][PASSED] - Keys 'ENTER + ' sent to object: 'Object Repository/1-OBJECTS TAREAS PRINCIPALES/Modulo Tarea Compensacion/Liquidacion Periodica/input_Identificacin_listadoEmp'

2022-04-29 10:25:42 - [TEST_STEP][PASSED] - click(findTestObject("1-OBJECTS TAREAS PRINCIPALES/Modulo Tarea Compensacion/Liquidacion Periodica/span_CONSTA BELFEGORD JHON")): Object: 'Object Repository/1-OBJECTS TAREAS PRINCIPALES/Modulo Tarea Compensacion/Liquidacion Periodica/span_CONSTA BELFEGORD JHON' is clicked on

2022-04-29 10:25:43 - [MESSAGE][PASSED] - Object: 'Object Repository/1-OBJECTS TAREAS PRINCIPALES/Modulo Tarea Compensacion/Liquidacion Periodica/span_CONSTA BELFEGORD JHON' is clicked on

2022-04-29 10:25:43 - [TEST_STEP][PASSED] - waitForElementClickable(findTestObject("1-OBJECTS TAREAS PRINCIPALES/Modulo Tarea Compensacion/Liquidacion Periodica/span_Liquidacin Periodica"), 0): Object 'Object Repository/1-OBJECTS TAREAS PRINCIPALES/Modulo Tarea Compensacion/Liquidacion Periodica/span_Liquidacin Periodica' is clickable

2022-04-29 10:25:43 - [MESSAGE][WARNING] - Timeout '0' is invalid. Using default page load timeout: '45'

2022-04-29 10:25:43 - [MESSAGE][PASSED] - Object 'Object Repository/1-OBJECTS TAREAS PRINCIPALES/Modulo Tarea Compensacion/Liquidacion Periodica/span_Liquidacin Periodica' is clickable

2022-04-29 10:25:43 - [TEST_STEP][PASSED] - click(findTestObject("1-OBJECTS TAREAS PRINCIPALES/Modulo Tarea Compensacion/Liquidacion Periodica/span_Liquidacin Periodica")): Object: 'Object Repository/1-OBJECTS TAREAS PRINCIPALES/Modulo Tarea Compensacion/Liquidacion Periodica/span_Liquidacin Periodica' is clicked on

2022-04-29 10:25:44 - [MESSAGE][PASSED] - Object: 'Object Repository/1-OBJECTS TAREAS PRINCIPALES/Modulo Tarea Compensacion/Liquidacion Periodica/span_Liquidacin Periodica' is clicked on

2022-04-29 10:25:44 - [TEST_STEP][PASSED] - click(findTestObject("1-OBJECTS TAREAS PRINCIPALES/Modulo Tarea Compensacion/Liquidacion Periodica/a_Nuevo")): Object: 'Object Repository/1-OBJECTS TAREAS PRINCIPALES/Modulo Tarea Compensacion/Liquidacion Periodica/a_Nuevo' is clicked on

2022-04-29 10:25:45 - [MESSAGE][PASSED] - Object: 'Object Repository/1-OBJECTS TAREAS PRINCIPALES/Modulo Tarea Compensacion/Liquidacion Periodica/a_Nuevo' is clicked on

2022-04-29 10:25:45 - [TEST_STEP][PASSED] - waitForElementClickable(findTestObject("1-OBJECTS TAREAS PRINCIPALES/Modulo Tarea Compensacion/Liquidacion Periodica/select_-- seleccione --BC - PR"), 0, STOP_ON_FAILURE): Object 'Object Repository/1-OBJECTS TAREAS PRINCIPALES/Modulo Tarea Compensacion/Liquidacion Periodica/select_-- seleccione --BC - PR' is clickable

2022-04-29 10:25:45 - [MESSAGE][WARNING] - Timeout '0' is invalid. Using default page load timeout: '45'

2022-04-29 10:25:46 - [MESSAGE][PASSED] - Object 'Object Repository/1-OBJECTS TAREAS PRINCIPALES/Modulo Tarea Compensacion/Liquidacion Periodica/select_-- seleccione --BC - PR' is clickable

2022-04-29 10:25:46 - [TEST_STEP][PASSED] - selectOptionByValue(findTestObject("1-OBJECTS TAREAS PRINCIPALES/Modulo Tarea Compensacion/Liquidacion Periodica/select_-- seleccione --BC - PR"), "BC", true): All options with value 'BC' are selected in object 'Object Repository/1-OBJECTS TAREAS PRINCIPALES/Modulo Tarea Compensacion/Liquidacion Periodica/select_-- seleccione --BC - PR'  using regular expression

2022-04-29 10:25:47 - [MESSAGE][PASSED] - All options with value 'BC' are selected in object 'Object Repository/1-OBJECTS TAREAS PRINCIPALES/Modulo Tarea Compensacion/Liquidacion Periodica/select_-- seleccione --BC - PR'  using regular expression

2022-04-29 10:25:47 - [TEST_STEP][PASSED] - setText(findTestObject("1-OBJECTS TAREAS PRINCIPALES/Modulo Tarea Compensacion/Liquidacion Periodica/input_Fecha Inicial _form_liqu"), "01/12/2018"): Text '01/12/2018' is set on object 'Object Repository/1-OBJECTS TAREAS PRINCIPALES/Modulo Tarea Compensacion/Liquidacion Periodica/input_Fecha Inicial _form_liqu'

2022-04-29 10:25:48 - [MESSAGE][PASSED] - Text '01/12/2018' is set on object 'Object Repository/1-OBJECTS TAREAS PRINCIPALES/Modulo Tarea Compensacion/Liquidacion Periodica/input_Fecha Inicial _form_liqu'

2022-04-29 10:25:48 - [TEST_STEP][PASSED] - sendKeys(findTestObject("1-OBJECTS TAREAS PRINCIPALES/Modulo Tarea Compensacion/Liquidacion Periodica/input_Fecha Inicial _form_liqu"), Keys.chord(ENTER)): Keys 'ENTER + ' sent to object: 'Object Repository/1-OBJECTS TAREAS PRINCIPALES/Modulo Tarea Compensacion/Liquidacion Periodica/input_Fecha Inicial _form_liqu'

2022-04-29 10:25:49 - [MESSAGE][PASSED] - Keys 'ENTER + ' sent to object: 'Object Repository/1-OBJECTS TAREAS PRINCIPALES/Modulo Tarea Compensacion/Liquidacion Periodica/input_Fecha Inicial _form_liqu'

2022-04-29 10:25:49 - [TEST_STEP][PASSED] - waitForElementClickable(findTestObject("1-OBJECTS TAREAS PRINCIPALES/Modulo Tarea Compensacion/Liquidacion Periodica/a_Guardar"), 0): Object 'Object Repository/1-OBJECTS TAREAS PRINCIPALES/Modulo Tarea Compensacion/Liquidacion Periodica/a_Guardar' is clickable

2022-04-29 10:25:49 - [MESSAGE][WARNING] - Timeout '0' is invalid. Using default page load timeout: '45'

2022-04-29 10:25:49 - [MESSAGE][PASSED] - Object 'Object Repository/1-OBJECTS TAREAS PRINCIPALES/Modulo Tarea Compensacion/Liquidacion Periodica/a_Guardar' is clickable

2022-04-29 10:25:49 - [TEST_STEP][PASSED] - click(findTestObject("1-OBJECTS TAREAS PRINCIPALES/Modulo Tarea Compensacion/Liquidacion Periodica/a_Guardar")): Object: 'Object Repository/1-OBJECTS TAREAS PRINCIPALES/Modulo Tarea Compensacion/Liquidacion Periodica/a_Guardar' is clicked on

2022-04-29 10:25:50 - [MESSAGE][PASSED] - Object: 'Object Repository/1-OBJECTS TAREAS PRINCIPALES/Modulo Tarea Compensacion/Liquidacion Periodica/a_Guardar' is clicked on

2022-04-29 10:25:50 - [TEST_STEP][PASSED] - waitForElementVisible(findTestObject("3-OBJECTS UTILIDADES/Alerta/Alerta"), 0): Object 'Object Repository/3-OBJECTS UTILIDADES/Alerta/Alerta' is visible

2022-04-29 10:25:50 - [MESSAGE][WARNING] - Timeout '0' is invalid. Using default page load timeout: '45'

2022-04-29 10:25:51 - [MESSAGE][PASSED] - Object 'Object Repository/3-OBJECTS UTILIDADES/Alerta/Alerta' is visible

2022-04-29 10:25:51 - [TEST_STEP][PASSED] - x = getText(findTestObject("3-OBJECTS UTILIDADES/Alerta/Alerta")): Text of object 'Object Repository/3-OBJECTS UTILIDADES/Alerta/Alerta' is: 'Se modifico el registro satisfactoriamente'

2022-04-29 10:25:51 - [MESSAGE][PASSED] - Text of object 'Object Repository/3-OBJECTS UTILIDADES/Alerta/Alerta' is: 'Se modifico el registro satisfactoriamente'

2022-04-29 10:25:51 - [TEST_STEP][PASSED] - if (x.equals("Se modifico el registro satisfactoriamente")): Browser is closed

2022-04-29 10:25:51 - [TEST_STEP][PASSED] - closeBrowser(): Browser is closed

2022-04-29 10:25:52 - [MESSAGE][PASSED] - Browser is closed]]></system-out>
         <system-err><![CDATA[]]></system-err>
      </testcase>
      <testcase name="Test Cases/1.1-Tareas Principales/1.2.8-Embargos" time="18.225" classname="Test Cases/1.1-Tareas Principales/1.2.8-Embargos" status="PASSED">
         <system-out><![CDATA[2022-04-29 10:25:52 - [TEST_CASE][PASSED] - Test Cases/1.1-Tareas Principales/1.2.8-Embargos: Test Cases/1.1-Tareas Principales/1.2.8-Embargos

2022-04-29 10:25:52 - [TEST_STEP][PASSED] - callTestCase(findTestCase("Utilidades-(atajos_para _tareas)/Tareas Administracion Compensacion/Tarea Listado Empleados"), [:], STOP_ON_FAILURE): Call Test Case 'Test Cases/Utilidades-(atajos_para _tareas)/Tareas Administracion Compensacion/Tarea Listado Empleados' successfully

2022-04-29 10:25:52 - [TEST_CASE][PASSED] - Test Cases/Utilidades-(atajos_para _tareas)/Tareas Administracion Compensacion/Tarea Listado Empleados: Test Cases/Utilidades-(atajos_para _tareas)/Tareas Administracion Compensacion/Tarea Listado Empleados

2022-04-29 10:25:52 - [TEST_STEP][PASSED] - callTestCase(findTestCase("0.1-Login"), [:], STOP_ON_FAILURE): Call Test Case 'Test Cases/0.1-Login' successfully

2022-04-29 10:25:52 - [TEST_CASE][PASSED] - Test Cases/0.1-Login: Test Cases/0.1-Login

2022-04-29 10:25:52 - [TEST_STEP][PASSED] - openBrowser(""): Browser is opened with url: ''

2022-04-29 10:25:52 - [MESSAGE][INFO] - Starting 'Chrome' driver

2022-04-29 10:25:52 - [MESSAGE][INFO] - Action delay is set to 0 milliseconds

2022-04-29 10:25:54 - [MESSAGE][PASSED] - Browser is opened with url: ''

2022-04-29 10:25:54 - [TEST_STEP][PASSED] - maximizeWindow(): Current window maximized

2022-04-29 10:25:54 - [MESSAGE][PASSED] - Current window maximized

2022-04-29 10:25:54 - [TEST_STEP][PASSED] - i = G_Login: null

2022-04-29 10:25:54 - [TEST_STEP][PASSED] - url = new java.net.URL(i): null

2022-04-29 10:25:54 - [TEST_STEP][PASSED] - println("URL: " + url.toString()): null

2022-04-29 10:25:54 - [TEST_STEP][PASSED] - connection = url.openConnection(): null

2022-04-29 10:25:54 - [TEST_STEP][PASSED] - connection.setRequestMethod("GET"): null

2022-04-29 10:25:54 - [TEST_STEP][PASSED] - connection.setReadTimeout(2 * 1000): null

2022-04-29 10:25:54 - [TEST_STEP][PASSED] - try: null

2022-04-29 10:25:54 - [TEST_STEP][PASSED] - connection.connect(): null

2022-04-29 10:25:54 - [TEST_STEP][PASSED] - flag = connected: null

2022-04-29 10:25:54 - [TEST_STEP][PASSED] - println("Valor_ori: " + flag): null

2022-04-29 10:25:54 - [TEST_STEP][PASSED] - if (flag): null

2022-04-29 10:25:54 - [TEST_STEP][PASSED] - navigateToUrl(i): Navigate to 'http://192.168.2.19:8380/saraweb' successfully

2022-04-29 10:25:54 - [MESSAGE][PASSED] - Navigate to 'http://192.168.2.19:8380/saraweb' successfully

2022-04-29 10:25:54 - [TEST_STEP][PASSED] - a(): null

2022-04-29 10:25:54 - [TEST_STEP][PASSED] - setText(findTestObject("3-OBJECTS UTILIDADES/Login/input_USUARIO_loginusuario"), G_Usuario): Text 'saraadmin' is set on object 'Object Repository/3-OBJECTS UTILIDADES/Login/input_USUARIO_loginusuario'

2022-04-29 10:25:55 - [MESSAGE][PASSED] - Text 'saraadmin' is set on object 'Object Repository/3-OBJECTS UTILIDADES/Login/input_USUARIO_loginusuario'

2022-04-29 10:25:55 - [TEST_STEP][PASSED] - setEncryptedText(findTestObject("3-OBJECTS UTILIDADES/Login/input_CLAVE_loginpassword"), "MkG4/TYiCFC3cb2driP7+Q=="): Text ****** has been set on object 'Object Repository/3-OBJECTS UTILIDADES/Login/input_CLAVE_loginpassword'

2022-04-29 10:25:55 - [MESSAGE][PASSED] - Text ****** has been set on object 'Object Repository/3-OBJECTS UTILIDADES/Login/input_CLAVE_loginpassword'

2022-04-29 10:25:55 - [TEST_STEP][PASSED] - waitForElementClickable(findTestObject("3-OBJECTS UTILIDADES/Login/a_Ingresar"), G_TimeOut): Object 'Object Repository/3-OBJECTS UTILIDADES/Login/a_Ingresar' is clickable

2022-04-29 10:25:56 - [MESSAGE][PASSED] - Object 'Object Repository/3-OBJECTS UTILIDADES/Login/a_Ingresar' is clickable

2022-04-29 10:25:56 - [TEST_STEP][PASSED] - click(findTestObject("3-OBJECTS UTILIDADES/Login/a_Ingresar")): Object: 'Object Repository/3-OBJECTS UTILIDADES/Login/a_Ingresar' is clicked on

2022-04-29 10:25:56 - [MESSAGE][PASSED] - Object: 'Object Repository/3-OBJECTS UTILIDADES/Login/a_Ingresar' is clicked on

2022-04-29 10:25:56 - [TEST_STEP][PASSED] - element = findWebElement(findTestObject("3-OBJECTS UTILIDADES/Login/a_Ir"), 30): null

2022-04-29 10:25:57 - [TEST_STEP][PASSED] - executeJavaScript("arguments[0].click()", Arrays.asList(element)): Execute JavaScript 'arguments[0].click()' successfully

2022-04-29 10:25:57 - [MESSAGE][PASSED] - Execute JavaScript 'arguments[0].click()' successfully

2022-04-29 10:25:57 - [MESSAGE][PASSED] - Call Test Case 'Test Cases/0.1-Login' successfully

2022-04-29 10:25:57 - [TEST_STEP][PASSED] - setText(findTestObject("1-OBJECTS TAREAS PRINCIPALES/Modulo Tarea Listado Hojas de Vida/Tareas Listado Hojas de Vida/input_Listado Hojas De Vida_form_templatej_idt24_input"), "Listado de Empleados"): Text 'Listado de Empleados' is set on object 'Object Repository/1-OBJECTS TAREAS PRINCIPALES/Modulo Tarea Listado Hojas de Vida/Tareas Listado Hojas de Vida/input_Listado Hojas De Vida_form_templatej_idt24_input'

2022-04-29 10:25:58 - [MESSAGE][PASSED] - Text 'Listado de Empleados' is set on object 'Object Repository/1-OBJECTS TAREAS PRINCIPALES/Modulo Tarea Listado Hojas de Vida/Tareas Listado Hojas de Vida/input_Listado Hojas De Vida_form_templatej_idt24_input'

2022-04-29 10:25:58 - [TEST_STEP][PASSED] - waitForElementVisible(findTestObject("1-OBJECTS TAREAS PRINCIPALES/Modulo Tarea Listado Hojas de Vida/Tareas Listado Hojas de Vida/span_Listado de Empleados"), 0): Object 'Object Repository/1-OBJECTS TAREAS PRINCIPALES/Modulo Tarea Listado Hojas de Vida/Tareas Listado Hojas de Vida/span_Listado de Empleados' is visible

2022-04-29 10:25:58 - [MESSAGE][WARNING] - Timeout '0' is invalid. Using default page load timeout: '45'

2022-04-29 10:25:59 - [MESSAGE][PASSED] - Object 'Object Repository/1-OBJECTS TAREAS PRINCIPALES/Modulo Tarea Listado Hojas de Vida/Tareas Listado Hojas de Vida/span_Listado de Empleados' is visible

2022-04-29 10:25:59 - [TEST_STEP][PASSED] - click(findTestObject("1-OBJECTS TAREAS PRINCIPALES/Modulo Tarea Listado Hojas de Vida/Tareas Listado Hojas de Vida/span_Listado de Empleados")): Object: 'Object Repository/1-OBJECTS TAREAS PRINCIPALES/Modulo Tarea Listado Hojas de Vida/Tareas Listado Hojas de Vida/span_Listado de Empleados' is clicked on

2022-04-29 10:26:00 - [MESSAGE][PASSED] - Object: 'Object Repository/1-OBJECTS TAREAS PRINCIPALES/Modulo Tarea Listado Hojas de Vida/Tareas Listado Hojas de Vida/span_Listado de Empleados' is clicked on

2022-04-29 10:26:00 - [MESSAGE][PASSED] - Call Test Case 'Test Cases/Utilidades-(atajos_para _tareas)/Tareas Administracion Compensacion/Tarea Listado Empleados' successfully

2022-04-29 10:26:00 - [TEST_STEP][PASSED] - waitForElementClickable(findTestObject("1-OBJECTS TAREAS PRINCIPALES/Modulo Tarea Compensacion/Embargos/input_Identificacin_listadoEmp"), 0): Object 'Object Repository/1-OBJECTS TAREAS PRINCIPALES/Modulo Tarea Compensacion/Embargos/input_Identificacin_listadoEmp' is clickable

2022-04-29 10:26:00 - [MESSAGE][WARNING] - Timeout '0' is invalid. Using default page load timeout: '45'

2022-04-29 10:26:01 - [MESSAGE][PASSED] - Object 'Object Repository/1-OBJECTS TAREAS PRINCIPALES/Modulo Tarea Compensacion/Embargos/input_Identificacin_listadoEmp' is clickable

2022-04-29 10:26:01 - [TEST_STEP][PASSED] - setText(findTestObject("1-OBJECTS TAREAS PRINCIPALES/Modulo Tarea Compensacion/Embargos/input_Identificacin_listadoEmp"), "354968431354"): Text '354968431354' is set on object 'Object Repository/1-OBJECTS TAREAS PRINCIPALES/Modulo Tarea Compensacion/Embargos/input_Identificacin_listadoEmp'

2022-04-29 10:26:01 - [MESSAGE][PASSED] - Text '354968431354' is set on object 'Object Repository/1-OBJECTS TAREAS PRINCIPALES/Modulo Tarea Compensacion/Embargos/input_Identificacin_listadoEmp'

2022-04-29 10:26:01 - [TEST_STEP][PASSED] - sendKeys(findTestObject("1-OBJECTS TAREAS PRINCIPALES/Modulo Tarea Compensacion/Embargos/input_Identificacin_listadoEmp"), Keys.chord(ENTER)): Keys 'ENTER + ' sent to object: 'Object Repository/1-OBJECTS TAREAS PRINCIPALES/Modulo Tarea Compensacion/Embargos/input_Identificacin_listadoEmp'

2022-04-29 10:26:02 - [MESSAGE][PASSED] - Keys 'ENTER + ' sent to object: 'Object Repository/1-OBJECTS TAREAS PRINCIPALES/Modulo Tarea Compensacion/Embargos/input_Identificacin_listadoEmp'

2022-04-29 10:26:02 - [TEST_STEP][PASSED] - click(findTestObject("1-OBJECTS TAREAS PRINCIPALES/Modulo Tarea Compensacion/Embargos/span_CONSTA BELFEGORD JHON")): Object: 'Object Repository/1-OBJECTS TAREAS PRINCIPALES/Modulo Tarea Compensacion/Embargos/span_CONSTA BELFEGORD JHON' is clicked on

2022-04-29 10:26:02 - [MESSAGE][PASSED] - Object: 'Object Repository/1-OBJECTS TAREAS PRINCIPALES/Modulo Tarea Compensacion/Embargos/span_CONSTA BELFEGORD JHON' is clicked on

2022-04-29 10:26:02 - [TEST_STEP][PASSED] - click(findTestObject("1-OBJECTS TAREAS PRINCIPALES/Modulo Tarea Compensacion/Embargos/span_Embargos")): Object: 'Object Repository/1-OBJECTS TAREAS PRINCIPALES/Modulo Tarea Compensacion/Embargos/span_Embargos' is clicked on

2022-04-29 10:26:03 - [MESSAGE][PASSED] - Object: 'Object Repository/1-OBJECTS TAREAS PRINCIPALES/Modulo Tarea Compensacion/Embargos/span_Embargos' is clicked on

2022-04-29 10:26:03 - [TEST_STEP][PASSED] - click(findTestObject("1-OBJECTS TAREAS PRINCIPALES/Modulo Tarea Compensacion/Embargos/a_Nuevo")): Object: 'Object Repository/1-OBJECTS TAREAS PRINCIPALES/Modulo Tarea Compensacion/Embargos/a_Nuevo' is clicked on

2022-04-29 10:26:04 - [MESSAGE][PASSED] - Object: 'Object Repository/1-OBJECTS TAREAS PRINCIPALES/Modulo Tarea Compensacion/Embargos/a_Nuevo' is clicked on

2022-04-29 10:26:04 - [TEST_STEP][PASSED] - selectOptionByValue(findTestObject("1-OBJECTS TAREAS PRINCIPALES/Modulo Tarea Compensacion/Embargos/select_-- seleccione --E5 - EM"), "E5", true): All options with value 'E5' are selected in object 'Object Repository/1-OBJECTS TAREAS PRINCIPALES/Modulo Tarea Compensacion/Embargos/select_-- seleccione --E5 - EM'  using regular expression

2022-04-29 10:26:06 - [MESSAGE][PASSED] - All options with value 'E5' are selected in object 'Object Repository/1-OBJECTS TAREAS PRINCIPALES/Modulo Tarea Compensacion/Embargos/select_-- seleccione --E5 - EM'  using regular expression

2022-04-29 10:26:06 - [TEST_STEP][PASSED] - setText(findTestObject("1-OBJECTS TAREAS PRINCIPALES/Modulo Tarea Compensacion/Embargos/input_Fecha Inicial _form_emba"), "27/12/2018"): Text '27/12/2018' is set on object 'Object Repository/1-OBJECTS TAREAS PRINCIPALES/Modulo Tarea Compensacion/Embargos/input_Fecha Inicial _form_emba'

2022-04-29 10:26:08 - [MESSAGE][PASSED] - Text '27/12/2018' is set on object 'Object Repository/1-OBJECTS TAREAS PRINCIPALES/Modulo Tarea Compensacion/Embargos/input_Fecha Inicial _form_emba'

2022-04-29 10:26:08 - [TEST_STEP][PASSED] - sendKeys(findTestObject("1-OBJECTS TAREAS PRINCIPALES/Modulo Tarea Compensacion/Embargos/input_Fecha Inicial _form_emba"), Keys.chord(ENTER)): Keys 'ENTER + ' sent to object: 'Object Repository/1-OBJECTS TAREAS PRINCIPALES/Modulo Tarea Compensacion/Embargos/input_Fecha Inicial _form_emba'

2022-04-29 10:26:08 - [MESSAGE][PASSED] - Keys 'ENTER + ' sent to object: 'Object Repository/1-OBJECTS TAREAS PRINCIPALES/Modulo Tarea Compensacion/Embargos/input_Fecha Inicial _form_emba'

2022-04-29 10:26:08 - [TEST_STEP][PASSED] - click(findTestObject("1-OBJECTS TAREAS PRINCIPALES/Modulo Tarea Compensacion/Embargos/a_Guardar")): Object: 'Object Repository/1-OBJECTS TAREAS PRINCIPALES/Modulo Tarea Compensacion/Embargos/a_Guardar' is clicked on

2022-04-29 10:26:09 - [MESSAGE][PASSED] - Object: 'Object Repository/1-OBJECTS TAREAS PRINCIPALES/Modulo Tarea Compensacion/Embargos/a_Guardar' is clicked on

2022-04-29 10:26:09 - [TEST_STEP][PASSED] - Alerta = getText(findTestObject("3-OBJECTS UTILIDADES/Alerta/Alerta")): Text of object 'Object Repository/3-OBJECTS UTILIDADES/Alerta/Alerta' is: 'Se modifico el registro satisfactoriamente'

2022-04-29 10:26:09 - [MESSAGE][PASSED] - Text of object 'Object Repository/3-OBJECTS UTILIDADES/Alerta/Alerta' is: 'Se modifico el registro satisfactoriamente'

2022-04-29 10:26:09 - [TEST_STEP][PASSED] - if (Alerta == "Se modifico el registro satisfactoriamente"): Browser is closed

2022-04-29 10:26:09 - [TEST_STEP][PASSED] - closeBrowser(): Browser is closed

2022-04-29 10:26:10 - [MESSAGE][PASSED] - Browser is closed]]></system-out>
         <system-err><![CDATA[]]></system-err>
      </testcase>
      <testcase name="Test Cases/1.1-Tareas Principales/1.2.9-Novedad" time="32.914" classname="Test Cases/1.1-Tareas Principales/1.2.9-Novedad" status="PASSED">
         <system-out><![CDATA[2022-04-29 10:26:10 - [TEST_CASE][PASSED] - Test Cases/1.1-Tareas Principales/1.2.9-Novedad: Test Cases/1.1-Tareas Principales/1.2.9-Novedad

2022-04-29 10:26:10 - [TEST_STEP][PASSED] - callTestCase(findTestCase("Utilidades-(atajos_para _tareas)/Tareas Administracion Compensacion/Tarea Listado Empleados"), [:], STOP_ON_FAILURE): Call Test Case 'Test Cases/Utilidades-(atajos_para _tareas)/Tareas Administracion Compensacion/Tarea Listado Empleados' successfully

2022-04-29 10:26:11 - [TEST_CASE][PASSED] - Test Cases/Utilidades-(atajos_para _tareas)/Tareas Administracion Compensacion/Tarea Listado Empleados: Test Cases/Utilidades-(atajos_para _tareas)/Tareas Administracion Compensacion/Tarea Listado Empleados

2022-04-29 10:26:11 - [TEST_STEP][PASSED] - callTestCase(findTestCase("0.1-Login"), [:], STOP_ON_FAILURE): Call Test Case 'Test Cases/0.1-Login' successfully

2022-04-29 10:26:11 - [TEST_CASE][PASSED] - Test Cases/0.1-Login: Test Cases/0.1-Login

2022-04-29 10:26:11 - [TEST_STEP][PASSED] - openBrowser(""): Browser is opened with url: ''

2022-04-29 10:26:11 - [MESSAGE][INFO] - Starting 'Chrome' driver

2022-04-29 10:26:11 - [MESSAGE][INFO] - Action delay is set to 0 milliseconds

2022-04-29 10:26:12 - [MESSAGE][PASSED] - Browser is opened with url: ''

2022-04-29 10:26:12 - [TEST_STEP][PASSED] - maximizeWindow(): Current window maximized

2022-04-29 10:26:12 - [MESSAGE][PASSED] - Current window maximized

2022-04-29 10:26:12 - [TEST_STEP][PASSED] - i = G_Login: null

2022-04-29 10:26:12 - [TEST_STEP][PASSED] - url = new java.net.URL(i): null

2022-04-29 10:26:12 - [TEST_STEP][PASSED] - println("URL: " + url.toString()): null

2022-04-29 10:26:12 - [TEST_STEP][PASSED] - connection = url.openConnection(): null

2022-04-29 10:26:12 - [TEST_STEP][PASSED] - connection.setRequestMethod("GET"): null

2022-04-29 10:26:12 - [TEST_STEP][PASSED] - connection.setReadTimeout(2 * 1000): null

2022-04-29 10:26:12 - [TEST_STEP][PASSED] - try: null

2022-04-29 10:26:12 - [TEST_STEP][PASSED] - connection.connect(): null

2022-04-29 10:26:12 - [TEST_STEP][PASSED] - flag = connected: null

2022-04-29 10:26:12 - [TEST_STEP][PASSED] - println("Valor_ori: " + flag): null

2022-04-29 10:26:12 - [TEST_STEP][PASSED] - if (flag): null

2022-04-29 10:26:12 - [TEST_STEP][PASSED] - navigateToUrl(i): Navigate to 'http://192.168.2.19:8380/saraweb' successfully

2022-04-29 10:26:12 - [MESSAGE][PASSED] - Navigate to 'http://192.168.2.19:8380/saraweb' successfully

2022-04-29 10:26:12 - [TEST_STEP][PASSED] - a(): null

2022-04-29 10:26:12 - [TEST_STEP][PASSED] - setText(findTestObject("3-OBJECTS UTILIDADES/Login/input_USUARIO_loginusuario"), G_Usuario): Text 'saraadmin' is set on object 'Object Repository/3-OBJECTS UTILIDADES/Login/input_USUARIO_loginusuario'

2022-04-29 10:26:13 - [MESSAGE][PASSED] - Text 'saraadmin' is set on object 'Object Repository/3-OBJECTS UTILIDADES/Login/input_USUARIO_loginusuario'

2022-04-29 10:26:13 - [TEST_STEP][PASSED] - setEncryptedText(findTestObject("3-OBJECTS UTILIDADES/Login/input_CLAVE_loginpassword"), "MkG4/TYiCFC3cb2driP7+Q=="): Text ****** has been set on object 'Object Repository/3-OBJECTS UTILIDADES/Login/input_CLAVE_loginpassword'

2022-04-29 10:26:14 - [MESSAGE][PASSED] - Text ****** has been set on object 'Object Repository/3-OBJECTS UTILIDADES/Login/input_CLAVE_loginpassword'

2022-04-29 10:26:14 - [TEST_STEP][PASSED] - waitForElementClickable(findTestObject("3-OBJECTS UTILIDADES/Login/a_Ingresar"), G_TimeOut): Object 'Object Repository/3-OBJECTS UTILIDADES/Login/a_Ingresar' is clickable

2022-04-29 10:26:14 - [MESSAGE][PASSED] - Object 'Object Repository/3-OBJECTS UTILIDADES/Login/a_Ingresar' is clickable

2022-04-29 10:26:14 - [TEST_STEP][PASSED] - click(findTestObject("3-OBJECTS UTILIDADES/Login/a_Ingresar")): Object: 'Object Repository/3-OBJECTS UTILIDADES/Login/a_Ingresar' is clicked on

2022-04-29 10:26:15 - [MESSAGE][PASSED] - Object: 'Object Repository/3-OBJECTS UTILIDADES/Login/a_Ingresar' is clicked on

2022-04-29 10:26:15 - [TEST_STEP][PASSED] - element = findWebElement(findTestObject("3-OBJECTS UTILIDADES/Login/a_Ir"), 30): null

2022-04-29 10:26:15 - [TEST_STEP][PASSED] - executeJavaScript("arguments[0].click()", Arrays.asList(element)): Execute JavaScript 'arguments[0].click()' successfully

2022-04-29 10:26:15 - [MESSAGE][PASSED] - Execute JavaScript 'arguments[0].click()' successfully

2022-04-29 10:26:15 - [MESSAGE][PASSED] - Call Test Case 'Test Cases/0.1-Login' successfully

2022-04-29 10:26:15 - [TEST_STEP][PASSED] - setText(findTestObject("1-OBJECTS TAREAS PRINCIPALES/Modulo Tarea Listado Hojas de Vida/Tareas Listado Hojas de Vida/input_Listado Hojas De Vida_form_templatej_idt24_input"), "Listado de Empleados"): Text 'Listado de Empleados' is set on object 'Object Repository/1-OBJECTS TAREAS PRINCIPALES/Modulo Tarea Listado Hojas de Vida/Tareas Listado Hojas de Vida/input_Listado Hojas De Vida_form_templatej_idt24_input'

2022-04-29 10:26:16 - [MESSAGE][PASSED] - Text 'Listado de Empleados' is set on object 'Object Repository/1-OBJECTS TAREAS PRINCIPALES/Modulo Tarea Listado Hojas de Vida/Tareas Listado Hojas de Vida/input_Listado Hojas De Vida_form_templatej_idt24_input'

2022-04-29 10:26:16 - [TEST_STEP][PASSED] - waitForElementVisible(findTestObject("1-OBJECTS TAREAS PRINCIPALES/Modulo Tarea Listado Hojas de Vida/Tareas Listado Hojas de Vida/span_Listado de Empleados"), 0): Object 'Object Repository/1-OBJECTS TAREAS PRINCIPALES/Modulo Tarea Listado Hojas de Vida/Tareas Listado Hojas de Vida/span_Listado de Empleados' is visible

2022-04-29 10:26:16 - [MESSAGE][WARNING] - Timeout '0' is invalid. Using default page load timeout: '45'

2022-04-29 10:26:18 - [MESSAGE][PASSED] - Object 'Object Repository/1-OBJECTS TAREAS PRINCIPALES/Modulo Tarea Listado Hojas de Vida/Tareas Listado Hojas de Vida/span_Listado de Empleados' is visible

2022-04-29 10:26:18 - [TEST_STEP][PASSED] - click(findTestObject("1-OBJECTS TAREAS PRINCIPALES/Modulo Tarea Listado Hojas de Vida/Tareas Listado Hojas de Vida/span_Listado de Empleados")): Object: 'Object Repository/1-OBJECTS TAREAS PRINCIPALES/Modulo Tarea Listado Hojas de Vida/Tareas Listado Hojas de Vida/span_Listado de Empleados' is clicked on

2022-04-29 10:26:18 - [MESSAGE][PASSED] - Object: 'Object Repository/1-OBJECTS TAREAS PRINCIPALES/Modulo Tarea Listado Hojas de Vida/Tareas Listado Hojas de Vida/span_Listado de Empleados' is clicked on

2022-04-29 10:26:18 - [MESSAGE][PASSED] - Call Test Case 'Test Cases/Utilidades-(atajos_para _tareas)/Tareas Administracion Compensacion/Tarea Listado Empleados' successfully

2022-04-29 10:26:18 - [TEST_STEP][PASSED] - waitForElementClickable(findTestObject("1-OBJECTS TAREAS PRINCIPALES/Modulo Tarea Compensacion/Novedades/input_Identificacin_listadoEmp"), 0): Object 'Object Repository/1-OBJECTS TAREAS PRINCIPALES/Modulo Tarea Compensacion/Novedades/input_Identificacin_listadoEmp' is clickable

2022-04-29 10:26:18 - [MESSAGE][WARNING] - Timeout '0' is invalid. Using default page load timeout: '45'

2022-04-29 10:26:19 - [MESSAGE][PASSED] - Object 'Object Repository/1-OBJECTS TAREAS PRINCIPALES/Modulo Tarea Compensacion/Novedades/input_Identificacin_listadoEmp' is clickable

2022-04-29 10:26:19 - [TEST_STEP][PASSED] - setText(findTestObject("1-OBJECTS TAREAS PRINCIPALES/Modulo Tarea Compensacion/Novedades/input_Identificacin_listadoEmp"), "354968431354"): Text '354968431354' is set on object 'Object Repository/1-OBJECTS TAREAS PRINCIPALES/Modulo Tarea Compensacion/Novedades/input_Identificacin_listadoEmp'

2022-04-29 10:26:20 - [MESSAGE][PASSED] - Text '354968431354' is set on object 'Object Repository/1-OBJECTS TAREAS PRINCIPALES/Modulo Tarea Compensacion/Novedades/input_Identificacin_listadoEmp'

2022-04-29 10:26:20 - [TEST_STEP][PASSED] - sendKeys(findTestObject("1-OBJECTS TAREAS PRINCIPALES/Modulo Tarea Compensacion/Novedades/input_Identificacin_listadoEmp"), Keys.chord(ENTER)): Keys 'ENTER + ' sent to object: 'Object Repository/1-OBJECTS TAREAS PRINCIPALES/Modulo Tarea Compensacion/Novedades/input_Identificacin_listadoEmp'

2022-04-29 10:26:20 - [MESSAGE][PASSED] - Keys 'ENTER + ' sent to object: 'Object Repository/1-OBJECTS TAREAS PRINCIPALES/Modulo Tarea Compensacion/Novedades/input_Identificacin_listadoEmp'

2022-04-29 10:26:20 - [TEST_STEP][PASSED] - waitForElementClickable(findTestObject("1-OBJECTS TAREAS PRINCIPALES/Modulo Tarea Compensacion/Novedades/span_CONSTA BELFEGORD JHON"), G_TimeOut): Object 'Object Repository/1-OBJECTS TAREAS PRINCIPALES/Modulo Tarea Compensacion/Novedades/span_CONSTA BELFEGORD JHON' is clickable

2022-04-29 10:26:21 - [MESSAGE][PASSED] - Object 'Object Repository/1-OBJECTS TAREAS PRINCIPALES/Modulo Tarea Compensacion/Novedades/span_CONSTA BELFEGORD JHON' is clickable

2022-04-29 10:26:21 - [TEST_STEP][PASSED] - click(findTestObject("1-OBJECTS TAREAS PRINCIPALES/Modulo Tarea Compensacion/Novedades/span_CONSTA BELFEGORD JHON")): Object: 'Object Repository/1-OBJECTS TAREAS PRINCIPALES/Modulo Tarea Compensacion/Novedades/span_CONSTA BELFEGORD JHON' is clicked on

2022-04-29 10:26:21 - [MESSAGE][PASSED] - Object: 'Object Repository/1-OBJECTS TAREAS PRINCIPALES/Modulo Tarea Compensacion/Novedades/span_CONSTA BELFEGORD JHON' is clicked on

2022-04-29 10:26:21 - [TEST_STEP][PASSED] - waitForElementClickable(findTestObject("1-OBJECTS TAREAS PRINCIPALES/Modulo Tarea Compensacion/Novedades/span_Novedades"), G_TimeOut): Object 'Object Repository/1-OBJECTS TAREAS PRINCIPALES/Modulo Tarea Compensacion/Novedades/span_Novedades' is clickable

2022-04-29 10:26:22 - [MESSAGE][PASSED] - Object 'Object Repository/1-OBJECTS TAREAS PRINCIPALES/Modulo Tarea Compensacion/Novedades/span_Novedades' is clickable

2022-04-29 10:26:22 - [TEST_STEP][PASSED] - click(findTestObject("1-OBJECTS TAREAS PRINCIPALES/Modulo Tarea Compensacion/Novedades/span_Novedades")): Object: 'Object Repository/1-OBJECTS TAREAS PRINCIPALES/Modulo Tarea Compensacion/Novedades/span_Novedades' is clicked on

2022-04-29 10:26:22 - [MESSAGE][PASSED] - Object: 'Object Repository/1-OBJECTS TAREAS PRINCIPALES/Modulo Tarea Compensacion/Novedades/span_Novedades' is clicked on

2022-04-29 10:26:22 - [TEST_STEP][PASSED] - waitForElementClickable(findTestObject("1-OBJECTS TAREAS PRINCIPALES/Modulo Tarea Compensacion/Novedades/span_Nuevo"), G_TimeOut): Object 'Object Repository/1-OBJECTS TAREAS PRINCIPALES/Modulo Tarea Compensacion/Novedades/span_Nuevo' is clickable

2022-04-29 10:26:23 - [MESSAGE][PASSED] - Object 'Object Repository/1-OBJECTS TAREAS PRINCIPALES/Modulo Tarea Compensacion/Novedades/span_Nuevo' is clickable

2022-04-29 10:26:23 - [TEST_STEP][PASSED] - click(findTestObject("1-OBJECTS TAREAS PRINCIPALES/Modulo Tarea Compensacion/Novedades/span_Nuevo")): Object: 'Object Repository/1-OBJECTS TAREAS PRINCIPALES/Modulo Tarea Compensacion/Novedades/span_Nuevo' is clicked on

2022-04-29 10:26:24 - [MESSAGE][PASSED] - Object: 'Object Repository/1-OBJECTS TAREAS PRINCIPALES/Modulo Tarea Compensacion/Novedades/span_Nuevo' is clicked on

2022-04-29 10:26:24 - [TEST_STEP][PASSED] - click(findTestObject("1-OBJECTS TAREAS PRINCIPALES/Modulo Tarea Compensacion/Novedades/span_Adicionar entidad de AFC")): Object: 'Object Repository/1-OBJECTS TAREAS PRINCIPALES/Modulo Tarea Compensacion/Novedades/span_Adicionar entidad de AFC' is clicked on

2022-04-29 10:26:26 - [MESSAGE][PASSED] - Object: 'Object Repository/1-OBJECTS TAREAS PRINCIPALES/Modulo Tarea Compensacion/Novedades/span_Adicionar entidad de AFC' is clicked on

2022-04-29 10:26:26 - [TEST_STEP][PASSED] - waitForElementVisible(findTestObject("1-OBJECTS TAREAS PRINCIPALES/Modulo Tarea Compensacion/Novedades/input_Desde_form_novedadesEmpl"), 0): Object 'Object Repository/1-OBJECTS TAREAS PRINCIPALES/Modulo Tarea Compensacion/Novedades/input_Desde_form_novedadesEmpl' is visible

2022-04-29 10:26:26 - [MESSAGE][WARNING] - Timeout '0' is invalid. Using default page load timeout: '45'

2022-04-29 10:26:27 - [MESSAGE][PASSED] - Object 'Object Repository/1-OBJECTS TAREAS PRINCIPALES/Modulo Tarea Compensacion/Novedades/input_Desde_form_novedadesEmpl' is visible

2022-04-29 10:26:27 - [TEST_STEP][PASSED] - setText(findTestObject("1-OBJECTS TAREAS PRINCIPALES/Modulo Tarea Compensacion/Novedades/input_Desde_form_novedadesEmpl"), "01/12/2018"): Text '01/12/2018' is set on object 'Object Repository/1-OBJECTS TAREAS PRINCIPALES/Modulo Tarea Compensacion/Novedades/input_Desde_form_novedadesEmpl'

2022-04-29 10:26:28 - [MESSAGE][PASSED] - Text '01/12/2018' is set on object 'Object Repository/1-OBJECTS TAREAS PRINCIPALES/Modulo Tarea Compensacion/Novedades/input_Desde_form_novedadesEmpl'

2022-04-29 10:26:28 - [TEST_STEP][PASSED] - sendKeys(findTestObject("1-OBJECTS TAREAS PRINCIPALES/Modulo Tarea Compensacion/Novedades/input_Desde_form_novedadesEmpl"), Keys.chord(ENTER)): Keys 'ENTER + ' sent to object: 'Object Repository/1-OBJECTS TAREAS PRINCIPALES/Modulo Tarea Compensacion/Novedades/input_Desde_form_novedadesEmpl'

2022-04-29 10:26:28 - [MESSAGE][PASSED] - Keys 'ENTER + ' sent to object: 'Object Repository/1-OBJECTS TAREAS PRINCIPALES/Modulo Tarea Compensacion/Novedades/input_Desde_form_novedadesEmpl'

2022-04-29 10:26:28 - [TEST_STEP][PASSED] - setText(findTestObject("1-OBJECTS TAREAS PRINCIPALES/Modulo Tarea Compensacion/Novedades/input_Hasta_form_novedadesEmpl"), "31/01/2019"): Text '31/01/2019' is set on object 'Object Repository/1-OBJECTS TAREAS PRINCIPALES/Modulo Tarea Compensacion/Novedades/input_Hasta_form_novedadesEmpl'

2022-04-29 10:26:29 - [MESSAGE][PASSED] - Text '31/01/2019' is set on object 'Object Repository/1-OBJECTS TAREAS PRINCIPALES/Modulo Tarea Compensacion/Novedades/input_Hasta_form_novedadesEmpl'

2022-04-29 10:26:29 - [TEST_STEP][PASSED] - sendKeys(findTestObject("1-OBJECTS TAREAS PRINCIPALES/Modulo Tarea Compensacion/Novedades/input_Hasta_form_novedadesEmpl"), Keys.chord(ENTER)): Keys 'ENTER + ' sent to object: 'Object Repository/1-OBJECTS TAREAS PRINCIPALES/Modulo Tarea Compensacion/Novedades/input_Hasta_form_novedadesEmpl'

2022-04-29 10:26:30 - [MESSAGE][PASSED] - Keys 'ENTER + ' sent to object: 'Object Repository/1-OBJECTS TAREAS PRINCIPALES/Modulo Tarea Compensacion/Novedades/input_Hasta_form_novedadesEmpl'

2022-04-29 10:26:30 - [TEST_STEP][PASSED] - waitForElementClickable(findTestObject("1-OBJECTS TAREAS PRINCIPALES/Modulo Tarea Compensacion/Novedades/a_Sucursal_form_novedadesEmple"), G_TimeOut): Object 'Object Repository/1-OBJECTS TAREAS PRINCIPALES/Modulo Tarea Compensacion/Novedades/a_Sucursal_form_novedadesEmple' is clickable

2022-04-29 10:26:30 - [MESSAGE][PASSED] - Object 'Object Repository/1-OBJECTS TAREAS PRINCIPALES/Modulo Tarea Compensacion/Novedades/a_Sucursal_form_novedadesEmple' is clickable

2022-04-29 10:26:30 - [TEST_STEP][PASSED] - click(findTestObject("1-OBJECTS TAREAS PRINCIPALES/Modulo Tarea Compensacion/Novedades/a_Sucursal_form_novedadesEmple")): Object: 'Object Repository/1-OBJECTS TAREAS PRINCIPALES/Modulo Tarea Compensacion/Novedades/a_Sucursal_form_novedadesEmple' is clicked on

2022-04-29 10:26:30 - [MESSAGE][PASSED] - Object: 'Object Repository/1-OBJECTS TAREAS PRINCIPALES/Modulo Tarea Compensacion/Novedades/a_Sucursal_form_novedadesEmple' is clicked on

2022-04-29 10:26:30 - [TEST_STEP][PASSED] - waitForElementClickable(findTestObject("1-OBJECTS TAREAS PRINCIPALES/Modulo Tarea Compensacion/Novedades/span_AFC - HELM BANK"), G_TimeOut): Object 'Object Repository/1-OBJECTS TAREAS PRINCIPALES/Modulo Tarea Compensacion/Novedades/span_AFC - HELM BANK' is clickable

2022-04-29 10:26:32 - [MESSAGE][PASSED] - Object 'Object Repository/1-OBJECTS TAREAS PRINCIPALES/Modulo Tarea Compensacion/Novedades/span_AFC - HELM BANK' is clickable

2022-04-29 10:26:32 - [TEST_STEP][PASSED] - click(findTestObject("1-OBJECTS TAREAS PRINCIPALES/Modulo Tarea Compensacion/Novedades/span_AFC - HELM BANK")): Object: 'Object Repository/1-OBJECTS TAREAS PRINCIPALES/Modulo Tarea Compensacion/Novedades/span_AFC - HELM BANK' is clicked on

2022-04-29 10:26:32 - [MESSAGE][PASSED] - Object: 'Object Repository/1-OBJECTS TAREAS PRINCIPALES/Modulo Tarea Compensacion/Novedades/span_AFC - HELM BANK' is clicked on

2022-04-29 10:26:32 - [TEST_STEP][PASSED] - click(findTestObject("1-OBJECTS TAREAS PRINCIPALES/Modulo Tarea Compensacion/Novedades/input_Cuenta_form_novedadesEmp")): Object: 'Object Repository/1-OBJECTS TAREAS PRINCIPALES/Modulo Tarea Compensacion/Novedades/input_Cuenta_form_novedadesEmp' is clicked on

2022-04-29 10:26:33 - [MESSAGE][PASSED] - Object: 'Object Repository/1-OBJECTS TAREAS PRINCIPALES/Modulo Tarea Compensacion/Novedades/input_Cuenta_form_novedadesEmp' is clicked on

2022-04-29 10:26:33 - [TEST_STEP][PASSED] - setText(findTestObject("1-OBJECTS TAREAS PRINCIPALES/Modulo Tarea Compensacion/Novedades/input_Cuenta_form_novedadesEmp"), "63483135434398"): Text '63483135434398' is set on object 'Object Repository/1-OBJECTS TAREAS PRINCIPALES/Modulo Tarea Compensacion/Novedades/input_Cuenta_form_novedadesEmp'

2022-04-29 10:26:34 - [MESSAGE][PASSED] - Text '63483135434398' is set on object 'Object Repository/1-OBJECTS TAREAS PRINCIPALES/Modulo Tarea Compensacion/Novedades/input_Cuenta_form_novedadesEmp'

2022-04-29 10:26:34 - [TEST_STEP][PASSED] - click(findTestObject("1-OBJECTS TAREAS PRINCIPALES/Modulo Tarea Compensacion/Novedades/input_Valor_form_novedadesEmpl"), STOP_ON_FAILURE): Object: 'Object Repository/1-OBJECTS TAREAS PRINCIPALES/Modulo Tarea Compensacion/Novedades/input_Valor_form_novedadesEmpl' is clicked on

2022-04-29 10:26:34 - [MESSAGE][PASSED] - Object: 'Object Repository/1-OBJECTS TAREAS PRINCIPALES/Modulo Tarea Compensacion/Novedades/input_Valor_form_novedadesEmpl' is clicked on

2022-04-29 10:26:34 - [TEST_STEP][PASSED] - setText(findTestObject("1-OBJECTS TAREAS PRINCIPALES/Modulo Tarea Compensacion/Novedades/input_Valor_form_novedadesEmpl"), "100"): Text '100' is set on object 'Object Repository/1-OBJECTS TAREAS PRINCIPALES/Modulo Tarea Compensacion/Novedades/input_Valor_form_novedadesEmpl'

2022-04-29 10:26:35 - [MESSAGE][PASSED] - Text '100' is set on object 'Object Repository/1-OBJECTS TAREAS PRINCIPALES/Modulo Tarea Compensacion/Novedades/input_Valor_form_novedadesEmpl'

2022-04-29 10:26:35 - [TEST_STEP][PASSED] - waitForElementClickable(findTestObject("1-OBJECTS TAREAS PRINCIPALES/Modulo Tarea Compensacion/Novedades/select_-- seleccione --Ciclo 0"), 0, STOP_ON_FAILURE): Object 'Object Repository/1-OBJECTS TAREAS PRINCIPALES/Modulo Tarea Compensacion/Novedades/select_-- seleccione --Ciclo 0' is clickable

2022-04-29 10:26:35 - [MESSAGE][WARNING] - Timeout '0' is invalid. Using default page load timeout: '45'

2022-04-29 10:26:35 - [MESSAGE][PASSED] - Object 'Object Repository/1-OBJECTS TAREAS PRINCIPALES/Modulo Tarea Compensacion/Novedades/select_-- seleccione --Ciclo 0' is clickable

2022-04-29 10:26:35 - [TEST_STEP][PASSED] - selectOptionByValue(findTestObject("1-OBJECTS TAREAS PRINCIPALES/Modulo Tarea Compensacion/Novedades/select_-- seleccione --Ciclo 0"), "1", true): All options with value '1' are selected in object 'Object Repository/1-OBJECTS TAREAS PRINCIPALES/Modulo Tarea Compensacion/Novedades/select_-- seleccione --Ciclo 0'  using regular expression

2022-04-29 10:26:37 - [MESSAGE][PASSED] - All options with value '1' are selected in object 'Object Repository/1-OBJECTS TAREAS PRINCIPALES/Modulo Tarea Compensacion/Novedades/select_-- seleccione --Ciclo 0'  using regular expression

2022-04-29 10:26:37 - [TEST_STEP][PASSED] - click(findTestObject("1-OBJECTS TAREAS PRINCIPALES/Modulo Tarea Compensacion/Novedades/textarea_Observacin_form_noved"), STOP_ON_FAILURE): Object: 'Object Repository/1-OBJECTS TAREAS PRINCIPALES/Modulo Tarea Compensacion/Novedades/textarea_Observacin_form_noved' is clicked on

2022-04-29 10:26:37 - [MESSAGE][PASSED] - Object: 'Object Repository/1-OBJECTS TAREAS PRINCIPALES/Modulo Tarea Compensacion/Novedades/textarea_Observacin_form_noved' is clicked on

2022-04-29 10:26:37 - [TEST_STEP][PASSED] - setText(findTestObject("1-OBJECTS TAREAS PRINCIPALES/Modulo Tarea Compensacion/Novedades/textarea_Observacin_form_noved"), "aaaaaaaaaaa"): Text 'aaaaaaaaaaa' is set on object 'Object Repository/1-OBJECTS TAREAS PRINCIPALES/Modulo Tarea Compensacion/Novedades/textarea_Observacin_form_noved'

2022-04-29 10:26:38 - [MESSAGE][PASSED] - Text 'aaaaaaaaaaa' is set on object 'Object Repository/1-OBJECTS TAREAS PRINCIPALES/Modulo Tarea Compensacion/Novedades/textarea_Observacin_form_noved'

2022-04-29 10:26:38 - [TEST_STEP][PASSED] - waitForElementClickable(findTestObject("1-OBJECTS TAREAS PRINCIPALES/Modulo Tarea Compensacion/Novedades/a_Guardar"), G_TimeOut): Object 'Object Repository/1-OBJECTS TAREAS PRINCIPALES/Modulo Tarea Compensacion/Novedades/a_Guardar' is clickable

2022-04-29 10:26:38 - [MESSAGE][PASSED] - Object 'Object Repository/1-OBJECTS TAREAS PRINCIPALES/Modulo Tarea Compensacion/Novedades/a_Guardar' is clickable

2022-04-29 10:26:38 - [TEST_STEP][PASSED] - click(findTestObject("1-OBJECTS TAREAS PRINCIPALES/Modulo Tarea Compensacion/Novedades/a_Guardar")): Object: 'Object Repository/1-OBJECTS TAREAS PRINCIPALES/Modulo Tarea Compensacion/Novedades/a_Guardar' is clicked on

2022-04-29 10:26:39 - [MESSAGE][PASSED] - Object: 'Object Repository/1-OBJECTS TAREAS PRINCIPALES/Modulo Tarea Compensacion/Novedades/a_Guardar' is clicked on

2022-04-29 10:26:39 - [TEST_STEP][PASSED] - Alerta = getText(findTestObject("3-OBJECTS UTILIDADES/Alerta/Alerta")): Text of object 'Object Repository/3-OBJECTS UTILIDADES/Alerta/Alerta' is: 'Registro guardado'

2022-04-29 10:26:42 - [MESSAGE][PASSED] - Text of object 'Object Repository/3-OBJECTS UTILIDADES/Alerta/Alerta' is: 'Registro guardado'

2022-04-29 10:26:42 - [TEST_STEP][PASSED] - if (Alerta == "Registro guardado"): Browser is closed

2022-04-29 10:26:42 - [TEST_STEP][PASSED] - closeBrowser(): Browser is closed

2022-04-29 10:26:43 - [MESSAGE][PASSED] - Browser is closed]]></system-out>
         <system-err><![CDATA[]]></system-err>
      </testcase>
      <testcase name="Test Cases/1.1-Tareas Principales/1.3.1-Periodo en Proceso - Archivo Plano" time="24.836" classname="Test Cases/1.1-Tareas Principales/1.3.1-Periodo en Proceso - Archivo Plano" status="PASSED">
         <system-out><![CDATA[2022-04-29 10:26:43 - [TEST_CASE][PASSED] - Test Cases/1.1-Tareas Principales/1.3.1-Periodo en Proceso - Archivo Plano: Test Cases/1.1-Tareas Principales/1.3.1-Periodo en Proceso - Archivo Plano

2022-04-29 10:26:43 - [TEST_STEP][PASSED] - callTestCase(findTestCase("Utilidades-(atajos_para _tareas)/Tareas Administracion Compensacion/Tarea Liquidacion Nomina"), [:], STOP_ON_FAILURE): Call Test Case 'Test Cases/Utilidades-(atajos_para _tareas)/Tareas Administracion Compensacion/Tarea Liquidacion Nomina' successfully

2022-04-29 10:26:43 - [TEST_CASE][PASSED] - Test Cases/Utilidades-(atajos_para _tareas)/Tareas Administracion Compensacion/Tarea Liquidacion Nomina: Test Cases/Utilidades-(atajos_para _tareas)/Tareas Administracion Compensacion/Tarea Liquidacion Nomina

2022-04-29 10:26:44 - [TEST_STEP][PASSED] - callTestCase(findTestCase("0.1-Login"), [:], STOP_ON_FAILURE): Call Test Case 'Test Cases/0.1-Login' successfully

2022-04-29 10:26:44 - [TEST_CASE][PASSED] - Test Cases/0.1-Login: Test Cases/0.1-Login

2022-04-29 10:26:44 - [TEST_STEP][PASSED] - openBrowser(""): Browser is opened with url: ''

2022-04-29 10:26:44 - [MESSAGE][INFO] - Starting 'Chrome' driver

2022-04-29 10:26:44 - [MESSAGE][INFO] - Action delay is set to 0 milliseconds

2022-04-29 10:26:45 - [MESSAGE][PASSED] - Browser is opened with url: ''

2022-04-29 10:26:45 - [TEST_STEP][PASSED] - maximizeWindow(): Current window maximized

2022-04-29 10:26:45 - [MESSAGE][PASSED] - Current window maximized

2022-04-29 10:26:45 - [TEST_STEP][PASSED] - i = G_Login: null

2022-04-29 10:26:45 - [TEST_STEP][PASSED] - url = new java.net.URL(i): null

2022-04-29 10:26:45 - [TEST_STEP][PASSED] - println("URL: " + url.toString()): null

2022-04-29 10:26:45 - [TEST_STEP][PASSED] - connection = url.openConnection(): null

2022-04-29 10:26:45 - [TEST_STEP][PASSED] - connection.setRequestMethod("GET"): null

2022-04-29 10:26:45 - [TEST_STEP][PASSED] - connection.setReadTimeout(2 * 1000): null

2022-04-29 10:26:45 - [TEST_STEP][PASSED] - try: null

2022-04-29 10:26:45 - [TEST_STEP][PASSED] - connection.connect(): null

2022-04-29 10:26:45 - [TEST_STEP][PASSED] - flag = connected: null

2022-04-29 10:26:45 - [TEST_STEP][PASSED] - println("Valor_ori: " + flag): null

2022-04-29 10:26:45 - [TEST_STEP][PASSED] - if (flag): null

2022-04-29 10:26:45 - [TEST_STEP][PASSED] - navigateToUrl(i): Navigate to 'http://192.168.2.19:8380/saraweb' successfully

2022-04-29 10:26:46 - [MESSAGE][PASSED] - Navigate to 'http://192.168.2.19:8380/saraweb' successfully

2022-04-29 10:26:46 - [TEST_STEP][PASSED] - a(): null

2022-04-29 10:26:46 - [TEST_STEP][PASSED] - setText(findTestObject("3-OBJECTS UTILIDADES/Login/input_USUARIO_loginusuario"), G_Usuario): Text 'saraadmin' is set on object 'Object Repository/3-OBJECTS UTILIDADES/Login/input_USUARIO_loginusuario'

2022-04-29 10:26:47 - [MESSAGE][PASSED] - Text 'saraadmin' is set on object 'Object Repository/3-OBJECTS UTILIDADES/Login/input_USUARIO_loginusuario'

2022-04-29 10:26:47 - [TEST_STEP][PASSED] - setEncryptedText(findTestObject("3-OBJECTS UTILIDADES/Login/input_CLAVE_loginpassword"), "MkG4/TYiCFC3cb2driP7+Q=="): Text ****** has been set on object 'Object Repository/3-OBJECTS UTILIDADES/Login/input_CLAVE_loginpassword'

2022-04-29 10:26:47 - [MESSAGE][PASSED] - Text ****** has been set on object 'Object Repository/3-OBJECTS UTILIDADES/Login/input_CLAVE_loginpassword'

2022-04-29 10:26:47 - [TEST_STEP][PASSED] - waitForElementClickable(findTestObject("3-OBJECTS UTILIDADES/Login/a_Ingresar"), G_TimeOut): Object 'Object Repository/3-OBJECTS UTILIDADES/Login/a_Ingresar' is clickable

2022-04-29 10:26:48 - [MESSAGE][PASSED] - Object 'Object Repository/3-OBJECTS UTILIDADES/Login/a_Ingresar' is clickable

2022-04-29 10:26:48 - [TEST_STEP][PASSED] - click(findTestObject("3-OBJECTS UTILIDADES/Login/a_Ingresar")): Object: 'Object Repository/3-OBJECTS UTILIDADES/Login/a_Ingresar' is clicked on

2022-04-29 10:26:49 - [MESSAGE][PASSED] - Object: 'Object Repository/3-OBJECTS UTILIDADES/Login/a_Ingresar' is clicked on

2022-04-29 10:26:49 - [TEST_STEP][PASSED] - element = findWebElement(findTestObject("3-OBJECTS UTILIDADES/Login/a_Ir"), 30): null

2022-04-29 10:26:49 - [TEST_STEP][PASSED] - executeJavaScript("arguments[0].click()", Arrays.asList(element)): Execute JavaScript 'arguments[0].click()' successfully

2022-04-29 10:26:49 - [MESSAGE][PASSED] - Execute JavaScript 'arguments[0].click()' successfully

2022-04-29 10:26:49 - [MESSAGE][PASSED] - Call Test Case 'Test Cases/0.1-Login' successfully

2022-04-29 10:26:49 - [TEST_STEP][PASSED] - setText(findTestObject("1-OBJECTS TAREAS PRINCIPALES/Modulo Tarea Compensacion/Tarea Liquidacion Nomina/input_Listado de Empleados_"), "Liquidacion Nomina"): Text 'Liquidacion Nomina' is set on object 'Object Repository/1-OBJECTS TAREAS PRINCIPALES/Modulo Tarea Compensacion/Tarea Liquidacion Nomina/input_Listado de Empleados_'

2022-04-29 10:26:51 - [MESSAGE][PASSED] - Text 'Liquidacion Nomina' is set on object 'Object Repository/1-OBJECTS TAREAS PRINCIPALES/Modulo Tarea Compensacion/Tarea Liquidacion Nomina/input_Listado de Empleados_'

2022-04-29 10:26:51 - [TEST_STEP][PASSED] - waitForElementVisible(findTestObject("1-OBJECTS TAREAS PRINCIPALES/Modulo Tarea Compensacion/Tarea Liquidacion Nomina/span_Liquidacion Nomina"), 0): Object 'Object Repository/1-OBJECTS TAREAS PRINCIPALES/Modulo Tarea Compensacion/Tarea Liquidacion Nomina/span_Liquidacion Nomina' is visible

2022-04-29 10:26:51 - [MESSAGE][WARNING] - Timeout '0' is invalid. Using default page load timeout: '45'

2022-04-29 10:26:52 - [MESSAGE][PASSED] - Object 'Object Repository/1-OBJECTS TAREAS PRINCIPALES/Modulo Tarea Compensacion/Tarea Liquidacion Nomina/span_Liquidacion Nomina' is visible

2022-04-29 10:26:52 - [TEST_STEP][PASSED] - click(findTestObject("1-OBJECTS TAREAS PRINCIPALES/Modulo Tarea Compensacion/Tarea Liquidacion Nomina/span_Liquidacion Nomina")): Object: 'Object Repository/1-OBJECTS TAREAS PRINCIPALES/Modulo Tarea Compensacion/Tarea Liquidacion Nomina/span_Liquidacion Nomina' is clicked on

2022-04-29 10:26:52 - [MESSAGE][PASSED] - Object: 'Object Repository/1-OBJECTS TAREAS PRINCIPALES/Modulo Tarea Compensacion/Tarea Liquidacion Nomina/span_Liquidacion Nomina' is clicked on

2022-04-29 10:26:52 - [MESSAGE][PASSED] - Call Test Case 'Test Cases/Utilidades-(atajos_para _tareas)/Tareas Administracion Compensacion/Tarea Liquidacion Nomina' successfully

2022-04-29 10:26:52 - [TEST_STEP][PASSED] - waitForElementClickable(findTestObject("1-OBJECTS TAREAS PRINCIPALES/Modulo Tarea Compensacion/Periodo en Proceso - Archivo Plano/a_Periodo Nomina_LiquidacionNominaj_idt63"), G_TimeOut): Object 'Object Repository/1-OBJECTS TAREAS PRINCIPALES/Modulo Tarea Compensacion/Periodo en Proceso - Archivo Plano/a_Periodo Nomina_LiquidacionNominaj_idt63' is clickable

2022-04-29 10:26:53 - [MESSAGE][PASSED] - Object 'Object Repository/1-OBJECTS TAREAS PRINCIPALES/Modulo Tarea Compensacion/Periodo en Proceso - Archivo Plano/a_Periodo Nomina_LiquidacionNominaj_idt63' is clickable

2022-04-29 10:26:53 - [TEST_STEP][PASSED] - click(findTestObject("1-OBJECTS TAREAS PRINCIPALES/Modulo Tarea Compensacion/Periodo en Proceso - Archivo Plano/a_Periodo Nomina_LiquidacionNominaj_idt63")): Object: 'Object Repository/1-OBJECTS TAREAS PRINCIPALES/Modulo Tarea Compensacion/Periodo en Proceso - Archivo Plano/a_Periodo Nomina_LiquidacionNominaj_idt63' is clicked on

2022-04-29 10:26:54 - [MESSAGE][PASSED] - Object: 'Object Repository/1-OBJECTS TAREAS PRINCIPALES/Modulo Tarea Compensacion/Periodo en Proceso - Archivo Plano/a_Periodo Nomina_LiquidacionNominaj_idt63' is clicked on

2022-04-29 10:26:54 - [TEST_STEP][PASSED] - waitForElementClickable(findTestObject("1-OBJECTS TAREAS PRINCIPALES/Modulo Tarea Compensacion/Periodo en Proceso - Archivo Plano/select_--  Seleccione  --Periodo CerradoPeriodo en Proceso"), G_TimeOut): Object 'Object Repository/1-OBJECTS TAREAS PRINCIPALES/Modulo Tarea Compensacion/Periodo en Proceso - Archivo Plano/select_--  Seleccione  --Periodo CerradoPeriodo en Proceso' is clickable

2022-04-29 10:26:54 - [MESSAGE][PASSED] - Object 'Object Repository/1-OBJECTS TAREAS PRINCIPALES/Modulo Tarea Compensacion/Periodo en Proceso - Archivo Plano/select_--  Seleccione  --Periodo CerradoPeriodo en Proceso' is clickable

2022-04-29 10:26:54 - [TEST_STEP][PASSED] - click(findTestObject("1-OBJECTS TAREAS PRINCIPALES/Modulo Tarea Compensacion/Periodo en Proceso - Archivo Plano/select_--  Seleccione  --Periodo CerradoPeriodo en Proceso")): Object: 'Object Repository/1-OBJECTS TAREAS PRINCIPALES/Modulo Tarea Compensacion/Periodo en Proceso - Archivo Plano/select_--  Seleccione  --Periodo CerradoPeriodo en Proceso' is clicked on

2022-04-29 10:26:55 - [MESSAGE][PASSED] - Object: 'Object Repository/1-OBJECTS TAREAS PRINCIPALES/Modulo Tarea Compensacion/Periodo en Proceso - Archivo Plano/select_--  Seleccione  --Periodo CerradoPeriodo en Proceso' is clicked on

2022-04-29 10:26:55 - [TEST_STEP][PASSED] - selectOptionByIndex(findTestObject("1-OBJECTS TAREAS PRINCIPALES/Modulo Tarea Compensacion/Periodo en Proceso - Archivo Plano/select_--  Seleccione  --Periodo CerradoPeriodo en Proceso"), 2): All options with index in [2] are selected on object 'Object Repository/1-OBJECTS TAREAS PRINCIPALES/Modulo Tarea Compensacion/Periodo en Proceso - Archivo Plano/select_--  Seleccione  --Periodo CerradoPeriodo en Proceso'

2022-04-29 10:26:56 - [MESSAGE][PASSED] - All options with index in [2] are selected on object 'Object Repository/1-OBJECTS TAREAS PRINCIPALES/Modulo Tarea Compensacion/Periodo en Proceso - Archivo Plano/select_--  Seleccione  --Periodo CerradoPeriodo en Proceso'

2022-04-29 10:26:56 - [TEST_STEP][PASSED] - waitForElementClickable(findTestObject("1-OBJECTS TAREAS PRINCIPALES/Modulo Tarea Compensacion/Periodo en Proceso - Archivo Plano/span_P MensualJulio2021"), G_TimeOut): Object 'Object Repository/1-OBJECTS TAREAS PRINCIPALES/Modulo Tarea Compensacion/Periodo en Proceso - Archivo Plano/span_P MensualJulio2021' is clickable

2022-04-29 10:26:57 - [MESSAGE][PASSED] - Object 'Object Repository/1-OBJECTS TAREAS PRINCIPALES/Modulo Tarea Compensacion/Periodo en Proceso - Archivo Plano/span_P MensualJulio2021' is clickable

2022-04-29 10:26:57 - [TEST_STEP][PASSED] - click(findTestObject("1-OBJECTS TAREAS PRINCIPALES/Modulo Tarea Compensacion/Periodo en Proceso - Archivo Plano/span_P MensualJulio2021")): Object: 'Object Repository/1-OBJECTS TAREAS PRINCIPALES/Modulo Tarea Compensacion/Periodo en Proceso - Archivo Plano/span_P MensualJulio2021' is clicked on

2022-04-29 10:26:57 - [MESSAGE][PASSED] - Object: 'Object Repository/1-OBJECTS TAREAS PRINCIPALES/Modulo Tarea Compensacion/Periodo en Proceso - Archivo Plano/span_P MensualJulio2021' is clicked on

2022-04-29 10:26:57 - [TEST_STEP][PASSED] - click(findTestObject("1-OBJECTS TAREAS PRINCIPALES/Modulo Tarea Compensacion/Periodo en Proceso - Archivo Plano/span_Archivo Plano")): Object: 'Object Repository/1-OBJECTS TAREAS PRINCIPALES/Modulo Tarea Compensacion/Periodo en Proceso - Archivo Plano/span_Archivo Plano' is clicked on

2022-04-29 10:26:59 - [MESSAGE][PASSED] - Object: 'Object Repository/1-OBJECTS TAREAS PRINCIPALES/Modulo Tarea Compensacion/Periodo en Proceso - Archivo Plano/span_Archivo Plano' is clicked on

2022-04-29 10:26:59 - [TEST_STEP][PASSED] - selectOptionByValue(findTestObject("1-OBJECTS TAREAS PRINCIPALES/Modulo Tarea Compensacion/Periodo en Proceso - Archivo Plano/select_ddMMyyddMMyyyyyyMMddyyy"), "dd/MM/yy", true): All options with value 'dd/MM/yy' are selected in object 'Object Repository/1-OBJECTS TAREAS PRINCIPALES/Modulo Tarea Compensacion/Periodo en Proceso - Archivo Plano/select_ddMMyyddMMyyyyyyMMddyyy'  using regular expression

2022-04-29 10:27:00 - [MESSAGE][PASSED] - All options with value 'dd/MM/yy' are selected in object 'Object Repository/1-OBJECTS TAREAS PRINCIPALES/Modulo Tarea Compensacion/Periodo en Proceso - Archivo Plano/select_ddMMyyddMMyyyyyyMMddyyy'  using regular expression

2022-04-29 10:27:00 - [TEST_STEP][PASSED] - selectOptionByValue(findTestObject("1-OBJECTS TAREAS PRINCIPALES/Modulo Tarea Compensacion/Periodo en Proceso - Archivo Plano/select_Acumular valorAdicionar"), "I", true): All options with value 'I' are selected in object 'Object Repository/1-OBJECTS TAREAS PRINCIPALES/Modulo Tarea Compensacion/Periodo en Proceso - Archivo Plano/select_Acumular valorAdicionar'  using regular expression

2022-04-29 10:27:01 - [MESSAGE][PASSED] - All options with value 'I' are selected in object 'Object Repository/1-OBJECTS TAREAS PRINCIPALES/Modulo Tarea Compensacion/Periodo en Proceso - Archivo Plano/select_Acumular valorAdicionar'  using regular expression

2022-04-29 10:27:01 - [TEST_STEP][PASSED] - selectOptionByIndex(findTestObject("2-OBJECTS TAREAS SECUNDARIAS/Pruebas capacitacion/Evento_de_Capacitacion/select_Acumular valorAdicionar nicamenteReemplazar valor"), 1): All options with index in [1] are selected on object 'Object Repository/2-OBJECTS TAREAS SECUNDARIAS/Pruebas capacitacion/Evento_de_Capacitacion/select_Acumular valorAdicionar nicamenteReemplazar valor'

2022-04-29 10:27:02 - [MESSAGE][PASSED] - All options with index in [1] are selected on object 'Object Repository/2-OBJECTS TAREAS SECUNDARIAS/Pruebas capacitacion/Evento_de_Capacitacion/select_Acumular valorAdicionar nicamenteReemplazar valor'

2022-04-29 10:27:02 - [TEST_STEP][PASSED] - ruta = G_rutaarchivos + "ArchivoPlanoLiquidacionNomina.txt": null

2022-04-29 10:27:02 - [TEST_STEP][PASSED] - uploadFile(findTestObject("1-OBJECTS TAREAS PRINCIPALES/Modulo Tarea Compensacion/Periodo en Proceso - Archivo Plano/Archivo"), ruta): File 'E:\unionweb14\ArchivoPlanoLiquidacionNomina.txt' sent to object: 'Object Repository/1-OBJECTS TAREAS PRINCIPALES/Modulo Tarea Compensacion/Periodo en Proceso - Archivo Plano/Archivo'

2022-04-29 10:27:03 - [MESSAGE][PASSED] - File 'E:\unionweb14\ArchivoPlanoLiquidacionNomina.txt' sent to object: 'Object Repository/1-OBJECTS TAREAS PRINCIPALES/Modulo Tarea Compensacion/Periodo en Proceso - Archivo Plano/Archivo'

2022-04-29 10:27:03 - [TEST_STEP][PASSED] - filePath = getAttribute(findTestObject("1-OBJECTS TAREAS PRINCIPALES/Modulo Tarea Compensacion/Periodo en Proceso - Archivo Plano/Archivo"), "value"): Attribute 'value' of object 'Object Repository/1-OBJECTS TAREAS PRINCIPALES/Modulo Tarea Compensacion/Periodo en Proceso - Archivo Plano/Archivo' is: ''

2022-04-29 10:27:03 - [MESSAGE][PASSED] - Attribute 'value' of object 'Object Repository/1-OBJECTS TAREAS PRINCIPALES/Modulo Tarea Compensacion/Periodo en Proceso - Archivo Plano/Archivo' is: ''

2022-04-29 10:27:03 - [TEST_STEP][PASSED] - waitForElementClickable(findTestObject("1-OBJECTS TAREAS PRINCIPALES/Modulo Tarea Compensacion/Periodo en Proceso - Archivo Plano/a_Importar"), 0): Object 'Object Repository/1-OBJECTS TAREAS PRINCIPALES/Modulo Tarea Compensacion/Periodo en Proceso - Archivo Plano/a_Importar' is clickable

2022-04-29 10:27:03 - [MESSAGE][WARNING] - Timeout '0' is invalid. Using default page load timeout: '45'

2022-04-29 10:27:04 - [MESSAGE][PASSED] - Object 'Object Repository/1-OBJECTS TAREAS PRINCIPALES/Modulo Tarea Compensacion/Periodo en Proceso - Archivo Plano/a_Importar' is clickable

2022-04-29 10:27:04 - [TEST_STEP][PASSED] - click(findTestObject("1-OBJECTS TAREAS PRINCIPALES/Modulo Tarea Compensacion/Periodo en Proceso - Archivo Plano/a_Importar")): Object: 'Object Repository/1-OBJECTS TAREAS PRINCIPALES/Modulo Tarea Compensacion/Periodo en Proceso - Archivo Plano/a_Importar' is clicked on

2022-04-29 10:27:04 - [MESSAGE][PASSED] - Object: 'Object Repository/1-OBJECTS TAREAS PRINCIPALES/Modulo Tarea Compensacion/Periodo en Proceso - Archivo Plano/a_Importar' is clicked on

2022-04-29 10:27:04 - [TEST_STEP][PASSED] - click(findTestObject("1-OBJECTS TAREAS PRINCIPALES/Modulo Tarea Compensacion/Periodo en Proceso - Archivo Plano/span_Aplicar")): Object: 'Object Repository/1-OBJECTS TAREAS PRINCIPALES/Modulo Tarea Compensacion/Periodo en Proceso - Archivo Plano/span_Aplicar' is clicked on

2022-04-29 10:27:05 - [MESSAGE][PASSED] - Object: 'Object Repository/1-OBJECTS TAREAS PRINCIPALES/Modulo Tarea Compensacion/Periodo en Proceso - Archivo Plano/span_Aplicar' is clicked on

2022-04-29 10:27:05 - [TEST_STEP][PASSED] - click(findTestObject("1-OBJECTS TAREAS PRINCIPALES/Modulo Tarea Compensacion/Periodo en Proceso - Archivo Plano/Page_SARA/span_Si")): Object: 'Object Repository/1-OBJECTS TAREAS PRINCIPALES/Modulo Tarea Compensacion/Periodo en Proceso - Archivo Plano/Page_SARA/span_Si' is clicked on

2022-04-29 10:27:06 - [MESSAGE][PASSED] - Object: 'Object Repository/1-OBJECTS TAREAS PRINCIPALES/Modulo Tarea Compensacion/Periodo en Proceso - Archivo Plano/Page_SARA/span_Si' is clicked on

2022-04-29 10:27:06 - [TEST_STEP][PASSED] - Alerta = getText(findTestObject("3-OBJECTS UTILIDADES/Alerta/Alerta")): Text of object 'Object Repository/3-OBJECTS UTILIDADES/Alerta/Alerta' is: 'Archivo aplicado'

2022-04-29 10:27:07 - [MESSAGE][PASSED] - Text of object 'Object Repository/3-OBJECTS UTILIDADES/Alerta/Alerta' is: 'Archivo aplicado'

2022-04-29 10:27:07 - [TEST_STEP][PASSED] - if (Alerta == "Archivo aplicado"): Browser is closed

2022-04-29 10:27:07 - [TEST_STEP][PASSED] - closeBrowser(): Browser is closed

2022-04-29 10:27:08 - [MESSAGE][PASSED] - Browser is closed]]></system-out>
         <system-err><![CDATA[]]></system-err>
      </testcase>
      <testcase name="Test Cases/1.1-Tareas Principales/1.3.2-Recalculo Seleccion" time="20.968" classname="Test Cases/1.1-Tareas Principales/1.3.2-Recalculo Seleccion" status="PASSED">
         <system-out><![CDATA[2022-04-29 10:27:08 - [TEST_CASE][PASSED] - Test Cases/1.1-Tareas Principales/1.3.2-Recalculo Seleccion: Test Cases/1.1-Tareas Principales/1.3.2-Recalculo Seleccion

2022-04-29 10:27:08 - [TEST_STEP][PASSED] - callTestCase(findTestCase("Utilidades-(atajos_para _tareas)/Tareas Administracion Compensacion/Tarea Liquidacion Nomina"), [:], STOP_ON_FAILURE): Call Test Case 'Test Cases/Utilidades-(atajos_para _tareas)/Tareas Administracion Compensacion/Tarea Liquidacion Nomina' successfully

2022-04-29 10:27:08 - [TEST_CASE][PASSED] - Test Cases/Utilidades-(atajos_para _tareas)/Tareas Administracion Compensacion/Tarea Liquidacion Nomina: Test Cases/Utilidades-(atajos_para _tareas)/Tareas Administracion Compensacion/Tarea Liquidacion Nomina

2022-04-29 10:27:08 - [TEST_STEP][PASSED] - callTestCase(findTestCase("0.1-Login"), [:], STOP_ON_FAILURE): Call Test Case 'Test Cases/0.1-Login' successfully

2022-04-29 10:27:08 - [TEST_CASE][PASSED] - Test Cases/0.1-Login: Test Cases/0.1-Login

2022-04-29 10:27:08 - [TEST_STEP][PASSED] - openBrowser(""): Browser is opened with url: ''

2022-04-29 10:27:08 - [MESSAGE][INFO] - Starting 'Chrome' driver

2022-04-29 10:27:08 - [MESSAGE][INFO] - Action delay is set to 0 milliseconds

2022-04-29 10:27:10 - [MESSAGE][PASSED] - Browser is opened with url: ''

2022-04-29 10:27:10 - [TEST_STEP][PASSED] - maximizeWindow(): Current window maximized

2022-04-29 10:27:10 - [MESSAGE][PASSED] - Current window maximized

2022-04-29 10:27:10 - [TEST_STEP][PASSED] - i = G_Login: null

2022-04-29 10:27:10 - [TEST_STEP][PASSED] - url = new java.net.URL(i): null

2022-04-29 10:27:10 - [TEST_STEP][PASSED] - println("URL: " + url.toString()): null

2022-04-29 10:27:10 - [TEST_STEP][PASSED] - connection = url.openConnection(): null

2022-04-29 10:27:10 - [TEST_STEP][PASSED] - connection.setRequestMethod("GET"): null

2022-04-29 10:27:10 - [TEST_STEP][PASSED] - connection.setReadTimeout(2 * 1000): null

2022-04-29 10:27:10 - [TEST_STEP][PASSED] - try: null

2022-04-29 10:27:10 - [TEST_STEP][PASSED] - connection.connect(): null

2022-04-29 10:27:10 - [TEST_STEP][PASSED] - flag = connected: null

2022-04-29 10:27:10 - [TEST_STEP][PASSED] - println("Valor_ori: " + flag): null

2022-04-29 10:27:10 - [TEST_STEP][PASSED] - if (flag): null

2022-04-29 10:27:10 - [TEST_STEP][PASSED] - navigateToUrl(i): Navigate to 'http://192.168.2.19:8380/saraweb' successfully

2022-04-29 10:27:10 - [MESSAGE][PASSED] - Navigate to 'http://192.168.2.19:8380/saraweb' successfully

2022-04-29 10:27:10 - [TEST_STEP][PASSED] - a(): null

2022-04-29 10:27:10 - [TEST_STEP][PASSED] - setText(findTestObject("3-OBJECTS UTILIDADES/Login/input_USUARIO_loginusuario"), G_Usuario): Text 'saraadmin' is set on object 'Object Repository/3-OBJECTS UTILIDADES/Login/input_USUARIO_loginusuario'

2022-04-29 10:27:11 - [MESSAGE][PASSED] - Text 'saraadmin' is set on object 'Object Repository/3-OBJECTS UTILIDADES/Login/input_USUARIO_loginusuario'

2022-04-29 10:27:11 - [TEST_STEP][PASSED] - setEncryptedText(findTestObject("3-OBJECTS UTILIDADES/Login/input_CLAVE_loginpassword"), "MkG4/TYiCFC3cb2driP7+Q=="): Text ****** has been set on object 'Object Repository/3-OBJECTS UTILIDADES/Login/input_CLAVE_loginpassword'

2022-04-29 10:27:11 - [MESSAGE][PASSED] - Text ****** has been set on object 'Object Repository/3-OBJECTS UTILIDADES/Login/input_CLAVE_loginpassword'

2022-04-29 10:27:11 - [TEST_STEP][PASSED] - waitForElementClickable(findTestObject("3-OBJECTS UTILIDADES/Login/a_Ingresar"), G_TimeOut): Object 'Object Repository/3-OBJECTS UTILIDADES/Login/a_Ingresar' is clickable

2022-04-29 10:27:12 - [MESSAGE][PASSED] - Object 'Object Repository/3-OBJECTS UTILIDADES/Login/a_Ingresar' is clickable

2022-04-29 10:27:12 - [TEST_STEP][PASSED] - click(findTestObject("3-OBJECTS UTILIDADES/Login/a_Ingresar")): Object: 'Object Repository/3-OBJECTS UTILIDADES/Login/a_Ingresar' is clicked on

2022-04-29 10:27:13 - [MESSAGE][PASSED] - Object: 'Object Repository/3-OBJECTS UTILIDADES/Login/a_Ingresar' is clicked on

2022-04-29 10:27:13 - [TEST_STEP][PASSED] - element = findWebElement(findTestObject("3-OBJECTS UTILIDADES/Login/a_Ir"), 30): null

2022-04-29 10:27:13 - [TEST_STEP][PASSED] - executeJavaScript("arguments[0].click()", Arrays.asList(element)): Execute JavaScript 'arguments[0].click()' successfully

2022-04-29 10:27:13 - [MESSAGE][PASSED] - Execute JavaScript 'arguments[0].click()' successfully

2022-04-29 10:27:13 - [MESSAGE][PASSED] - Call Test Case 'Test Cases/0.1-Login' successfully

2022-04-29 10:27:13 - [TEST_STEP][PASSED] - setText(findTestObject("1-OBJECTS TAREAS PRINCIPALES/Modulo Tarea Compensacion/Tarea Liquidacion Nomina/input_Listado de Empleados_"), "Liquidacion Nomina"): Text 'Liquidacion Nomina' is set on object 'Object Repository/1-OBJECTS TAREAS PRINCIPALES/Modulo Tarea Compensacion/Tarea Liquidacion Nomina/input_Listado de Empleados_'

2022-04-29 10:27:14 - [MESSAGE][PASSED] - Text 'Liquidacion Nomina' is set on object 'Object Repository/1-OBJECTS TAREAS PRINCIPALES/Modulo Tarea Compensacion/Tarea Liquidacion Nomina/input_Listado de Empleados_'

2022-04-29 10:27:14 - [TEST_STEP][PASSED] - waitForElementVisible(findTestObject("1-OBJECTS TAREAS PRINCIPALES/Modulo Tarea Compensacion/Tarea Liquidacion Nomina/span_Liquidacion Nomina"), 0): Object 'Object Repository/1-OBJECTS TAREAS PRINCIPALES/Modulo Tarea Compensacion/Tarea Liquidacion Nomina/span_Liquidacion Nomina' is visible

2022-04-29 10:27:15 - [MESSAGE][WARNING] - Timeout '0' is invalid. Using default page load timeout: '45'

2022-04-29 10:27:16 - [MESSAGE][PASSED] - Object 'Object Repository/1-OBJECTS TAREAS PRINCIPALES/Modulo Tarea Compensacion/Tarea Liquidacion Nomina/span_Liquidacion Nomina' is visible

2022-04-29 10:27:16 - [TEST_STEP][PASSED] - click(findTestObject("1-OBJECTS TAREAS PRINCIPALES/Modulo Tarea Compensacion/Tarea Liquidacion Nomina/span_Liquidacion Nomina")): Object: 'Object Repository/1-OBJECTS TAREAS PRINCIPALES/Modulo Tarea Compensacion/Tarea Liquidacion Nomina/span_Liquidacion Nomina' is clicked on

2022-04-29 10:27:16 - [MESSAGE][PASSED] - Object: 'Object Repository/1-OBJECTS TAREAS PRINCIPALES/Modulo Tarea Compensacion/Tarea Liquidacion Nomina/span_Liquidacion Nomina' is clicked on

2022-04-29 10:27:16 - [MESSAGE][PASSED] - Call Test Case 'Test Cases/Utilidades-(atajos_para _tareas)/Tareas Administracion Compensacion/Tarea Liquidacion Nomina' successfully

2022-04-29 10:27:16 - [TEST_STEP][PASSED] - waitForElementClickable(findTestObject("1-OBJECTS TAREAS PRINCIPALES/Modulo Tarea Compensacion/Recalculo Seleccion/a_Periodo Nomina_LiquidacionNominaj_idt63"), G_TimeOut, STOP_ON_FAILURE): Object 'Object Repository/1-OBJECTS TAREAS PRINCIPALES/Modulo Tarea Compensacion/Recalculo Seleccion/a_Periodo Nomina_LiquidacionNominaj_idt63' is clickable

2022-04-29 10:27:17 - [MESSAGE][PASSED] - Object 'Object Repository/1-OBJECTS TAREAS PRINCIPALES/Modulo Tarea Compensacion/Recalculo Seleccion/a_Periodo Nomina_LiquidacionNominaj_idt63' is clickable

2022-04-29 10:27:17 - [TEST_STEP][PASSED] - click(findTestObject("1-OBJECTS TAREAS PRINCIPALES/Modulo Tarea Compensacion/Recalculo Seleccion/a_Periodo Nomina_LiquidacionNominaj_idt63")): Object: 'Object Repository/1-OBJECTS TAREAS PRINCIPALES/Modulo Tarea Compensacion/Recalculo Seleccion/a_Periodo Nomina_LiquidacionNominaj_idt63' is clicked on

2022-04-29 10:27:17 - [MESSAGE][PASSED] - Object: 'Object Repository/1-OBJECTS TAREAS PRINCIPALES/Modulo Tarea Compensacion/Recalculo Seleccion/a_Periodo Nomina_LiquidacionNominaj_idt63' is clicked on

2022-04-29 10:27:17 - [TEST_STEP][PASSED] - waitForElementClickable(findTestObject("1-OBJECTS TAREAS PRINCIPALES/Modulo Tarea Compensacion/Recalculo Seleccion/select_--  Seleccione  --Periodo CerradoPeriodo en Proceso"), G_TimeOut): Object 'Object Repository/1-OBJECTS TAREAS PRINCIPALES/Modulo Tarea Compensacion/Recalculo Seleccion/select_--  Seleccione  --Periodo CerradoPeriodo en Proceso' is clickable

2022-04-29 10:27:18 - [MESSAGE][PASSED] - Object 'Object Repository/1-OBJECTS TAREAS PRINCIPALES/Modulo Tarea Compensacion/Recalculo Seleccion/select_--  Seleccione  --Periodo CerradoPeriodo en Proceso' is clickable

2022-04-29 10:27:18 - [TEST_STEP][PASSED] - click(findTestObject("1-OBJECTS TAREAS PRINCIPALES/Modulo Tarea Compensacion/Recalculo Seleccion/select_--  Seleccione  --Periodo CerradoPeriodo en Proceso")): Object: 'Object Repository/1-OBJECTS TAREAS PRINCIPALES/Modulo Tarea Compensacion/Recalculo Seleccion/select_--  Seleccione  --Periodo CerradoPeriodo en Proceso' is clicked on

2022-04-29 10:27:18 - [MESSAGE][PASSED] - Object: 'Object Repository/1-OBJECTS TAREAS PRINCIPALES/Modulo Tarea Compensacion/Recalculo Seleccion/select_--  Seleccione  --Periodo CerradoPeriodo en Proceso' is clicked on

2022-04-29 10:27:18 - [TEST_STEP][PASSED] - selectOptionByIndex(findTestObject("1-OBJECTS TAREAS PRINCIPALES/Modulo Tarea Compensacion/Recalculo Seleccion/select_--  Seleccione  --Periodo CerradoPeriodo en Proceso"), 2): All options with index in [2] are selected on object 'Object Repository/1-OBJECTS TAREAS PRINCIPALES/Modulo Tarea Compensacion/Recalculo Seleccion/select_--  Seleccione  --Periodo CerradoPeriodo en Proceso'

2022-04-29 10:27:20 - [MESSAGE][PASSED] - All options with index in [2] are selected on object 'Object Repository/1-OBJECTS TAREAS PRINCIPALES/Modulo Tarea Compensacion/Recalculo Seleccion/select_--  Seleccione  --Periodo CerradoPeriodo en Proceso'

2022-04-29 10:27:20 - [TEST_STEP][PASSED] - waitForElementClickable(findTestObject("1-OBJECTS TAREAS PRINCIPALES/Modulo Tarea Compensacion/Recalculo Seleccion/span_P MensualJulio2021"), G_TimeOut): Object 'Object Repository/1-OBJECTS TAREAS PRINCIPALES/Modulo Tarea Compensacion/Recalculo Seleccion/span_P MensualJulio2021' is clickable

2022-04-29 10:27:20 - [MESSAGE][PASSED] - Object 'Object Repository/1-OBJECTS TAREAS PRINCIPALES/Modulo Tarea Compensacion/Recalculo Seleccion/span_P MensualJulio2021' is clickable

2022-04-29 10:27:20 - [TEST_STEP][PASSED] - click(findTestObject("1-OBJECTS TAREAS PRINCIPALES/Modulo Tarea Compensacion/Recalculo Seleccion/span_P MensualJulio2021")): Object: 'Object Repository/1-OBJECTS TAREAS PRINCIPALES/Modulo Tarea Compensacion/Recalculo Seleccion/span_P MensualJulio2021' is clicked on

2022-04-29 10:27:21 - [MESSAGE][PASSED] - Object: 'Object Repository/1-OBJECTS TAREAS PRINCIPALES/Modulo Tarea Compensacion/Recalculo Seleccion/span_P MensualJulio2021' is clicked on

2022-04-29 10:27:21 - [TEST_STEP][PASSED] - waitForElementClickable(findTestObject("1-OBJECTS TAREAS PRINCIPALES/Modulo Tarea Compensacion/Recalculo Seleccion/a_Nombre Persona_LiquidacionNo"), G_TimeOut): Object 'Object Repository/1-OBJECTS TAREAS PRINCIPALES/Modulo Tarea Compensacion/Recalculo Seleccion/a_Nombre Persona_LiquidacionNo' is clickable

2022-04-29 10:27:21 - [MESSAGE][PASSED] - Object 'Object Repository/1-OBJECTS TAREAS PRINCIPALES/Modulo Tarea Compensacion/Recalculo Seleccion/a_Nombre Persona_LiquidacionNo' is clickable

2022-04-29 10:27:21 - [TEST_STEP][PASSED] - click(findTestObject("1-OBJECTS TAREAS PRINCIPALES/Modulo Tarea Compensacion/Recalculo Seleccion/a_Nombre Persona_LiquidacionNo")): Object: 'Object Repository/1-OBJECTS TAREAS PRINCIPALES/Modulo Tarea Compensacion/Recalculo Seleccion/a_Nombre Persona_LiquidacionNo' is clicked on

2022-04-29 10:27:22 - [MESSAGE][PASSED] - Object: 'Object Repository/1-OBJECTS TAREAS PRINCIPALES/Modulo Tarea Compensacion/Recalculo Seleccion/a_Nombre Persona_LiquidacionNo' is clicked on

2022-04-29 10:27:22 - [TEST_STEP][PASSED] - setText(findTestObject("1-OBJECTS TAREAS PRINCIPALES/Modulo Tarea Compensacion/Recalculo Seleccion/input_Filtro Empleado_Liquidacion Nomina"), "1019070748"): Text '1019070748' is set on object 'Object Repository/1-OBJECTS TAREAS PRINCIPALES/Modulo Tarea Compensacion/Recalculo Seleccion/input_Filtro Empleado_Liquidacion Nomina'

2022-04-29 10:27:23 - [MESSAGE][PASSED] - Text '1019070748' is set on object 'Object Repository/1-OBJECTS TAREAS PRINCIPALES/Modulo Tarea Compensacion/Recalculo Seleccion/input_Filtro Empleado_Liquidacion Nomina'

2022-04-29 10:27:23 - [TEST_STEP][PASSED] - sendKeys(findTestObject("1-OBJECTS TAREAS PRINCIPALES/Modulo Tarea Compensacion/Recalculo Seleccion/input_Filtro Empleado_Liquidacion Nomina"), Keys.chord(ENTER)): Keys 'ENTER + ' sent to object: 'Object Repository/1-OBJECTS TAREAS PRINCIPALES/Modulo Tarea Compensacion/Recalculo Seleccion/input_Filtro Empleado_Liquidacion Nomina'

2022-04-29 10:27:23 - [MESSAGE][PASSED] - Keys 'ENTER + ' sent to object: 'Object Repository/1-OBJECTS TAREAS PRINCIPALES/Modulo Tarea Compensacion/Recalculo Seleccion/input_Filtro Empleado_Liquidacion Nomina'

2022-04-29 10:27:23 - [TEST_STEP][PASSED] - waitForElementClickable(findTestObject("1-OBJECTS TAREAS PRINCIPALES/Modulo Tarea Compensacion/Recalculo Seleccion/span_Almanza Novoa John Alexandre"), G_TimeOut): Object 'Object Repository/1-OBJECTS TAREAS PRINCIPALES/Modulo Tarea Compensacion/Recalculo Seleccion/span_Almanza Novoa John Alexandre' is clickable

2022-04-29 10:27:24 - [MESSAGE][PASSED] - Object 'Object Repository/1-OBJECTS TAREAS PRINCIPALES/Modulo Tarea Compensacion/Recalculo Seleccion/span_Almanza Novoa John Alexandre' is clickable

2022-04-29 10:27:24 - [TEST_STEP][PASSED] - click(findTestObject("1-OBJECTS TAREAS PRINCIPALES/Modulo Tarea Compensacion/Recalculo Seleccion/span_Almanza Novoa John Alexandre")): Object: 'Object Repository/1-OBJECTS TAREAS PRINCIPALES/Modulo Tarea Compensacion/Recalculo Seleccion/span_Almanza Novoa John Alexandre' is clicked on

2022-04-29 10:27:25 - [MESSAGE][PASSED] - Object: 'Object Repository/1-OBJECTS TAREAS PRINCIPALES/Modulo Tarea Compensacion/Recalculo Seleccion/span_Almanza Novoa John Alexandre' is clicked on

2022-04-29 10:27:25 - [TEST_STEP][PASSED] - click(findTestObject("1-OBJECTS TAREAS PRINCIPALES/Modulo Tarea Compensacion/Recalculo Seleccion/span_Reclculo Seleccin")): Object: 'Object Repository/1-OBJECTS TAREAS PRINCIPALES/Modulo Tarea Compensacion/Recalculo Seleccion/span_Reclculo Seleccin' is clicked on

2022-04-29 10:27:26 - [MESSAGE][PASSED] - Object: 'Object Repository/1-OBJECTS TAREAS PRINCIPALES/Modulo Tarea Compensacion/Recalculo Seleccion/span_Reclculo Seleccin' is clicked on

2022-04-29 10:27:26 - [TEST_STEP][PASSED] - click(findTestObject("1-OBJECTS TAREAS PRINCIPALES/Modulo Tarea Compensacion/Recalculo Seleccion/span_Si")): Object: 'Object Repository/1-OBJECTS TAREAS PRINCIPALES/Modulo Tarea Compensacion/Recalculo Seleccion/span_Si' is clicked on

2022-04-29 10:27:27 - [MESSAGE][PASSED] - Object: 'Object Repository/1-OBJECTS TAREAS PRINCIPALES/Modulo Tarea Compensacion/Recalculo Seleccion/span_Si' is clicked on

2022-04-29 10:27:27 - [TEST_STEP][PASSED] - waitForElementClickable(findTestObject("3-OBJECTS UTILIDADES/Alerta/Alerta"), 0): Object 'Object Repository/3-OBJECTS UTILIDADES/Alerta/Alerta' is clickable

2022-04-29 10:27:27 - [MESSAGE][WARNING] - Timeout '0' is invalid. Using default page load timeout: '45'

2022-04-29 10:27:28 - [MESSAGE][PASSED] - Object 'Object Repository/3-OBJECTS UTILIDADES/Alerta/Alerta' is clickable

2022-04-29 10:27:28 - [TEST_STEP][PASSED] - Alerta = getText(findTestObject("3-OBJECTS UTILIDADES/Alerta/Alerta")): Text of object 'Object Repository/3-OBJECTS UTILIDADES/Alerta/Alerta' is: 'Seleccione empleado'

2022-04-29 10:27:28 - [MESSAGE][PASSED] - Text of object 'Object Repository/3-OBJECTS UTILIDADES/Alerta/Alerta' is: 'Seleccione empleado'

2022-04-29 10:27:28 - [TEST_STEP][PASSED] - if (Alerta == "Seleccione empleado"): Browser is closed

2022-04-29 10:27:28 - [TEST_STEP][PASSED] - closeBrowser(): Browser is closed

2022-04-29 10:27:29 - [MESSAGE][PASSED] - Browser is closed]]></system-out>
         <system-err><![CDATA[]]></system-err>
      </testcase>
      <testcase name="Test Cases/1.1-Tareas Principales/1.3.3-Recalculo Total" time="85.43" classname="Test Cases/1.1-Tareas Principales/1.3.3-Recalculo Total" status="PASSED">
         <system-out><![CDATA[2022-04-29 10:27:29 - [TEST_CASE][PASSED] - Test Cases/1.1-Tareas Principales/1.3.3-Recalculo Total: Test Cases/1.1-Tareas Principales/1.3.3-Recalculo Total

2022-04-29 10:27:29 - [TEST_STEP][PASSED] - callTestCase(findTestCase("Utilidades-(atajos_para _tareas)/Tareas Administracion Compensacion/Tarea Liquidacion Nomina"), [:], STOP_ON_FAILURE): Call Test Case 'Test Cases/Utilidades-(atajos_para _tareas)/Tareas Administracion Compensacion/Tarea Liquidacion Nomina' successfully

2022-04-29 10:27:29 - [TEST_CASE][PASSED] - Test Cases/Utilidades-(atajos_para _tareas)/Tareas Administracion Compensacion/Tarea Liquidacion Nomina: Test Cases/Utilidades-(atajos_para _tareas)/Tareas Administracion Compensacion/Tarea Liquidacion Nomina

2022-04-29 10:27:29 - [TEST_STEP][PASSED] - callTestCase(findTestCase("0.1-Login"), [:], STOP_ON_FAILURE): Call Test Case 'Test Cases/0.1-Login' successfully

2022-04-29 10:27:29 - [TEST_CASE][PASSED] - Test Cases/0.1-Login: Test Cases/0.1-Login

2022-04-29 10:27:29 - [TEST_STEP][PASSED] - openBrowser(""): Browser is opened with url: ''

2022-04-29 10:27:29 - [MESSAGE][INFO] - Starting 'Chrome' driver

2022-04-29 10:27:29 - [MESSAGE][INFO] - Action delay is set to 0 milliseconds

2022-04-29 10:27:31 - [MESSAGE][PASSED] - Browser is opened with url: ''

2022-04-29 10:27:31 - [TEST_STEP][PASSED] - maximizeWindow(): Current window maximized

2022-04-29 10:27:31 - [MESSAGE][PASSED] - Current window maximized

2022-04-29 10:27:31 - [TEST_STEP][PASSED] - i = G_Login: null

2022-04-29 10:27:31 - [TEST_STEP][PASSED] - url = new java.net.URL(i): null

2022-04-29 10:27:31 - [TEST_STEP][PASSED] - println("URL: " + url.toString()): null

2022-04-29 10:27:31 - [TEST_STEP][PASSED] - connection = url.openConnection(): null

2022-04-29 10:27:31 - [TEST_STEP][PASSED] - connection.setRequestMethod("GET"): null

2022-04-29 10:27:31 - [TEST_STEP][PASSED] - connection.setReadTimeout(2 * 1000): null

2022-04-29 10:27:31 - [TEST_STEP][PASSED] - try: null

2022-04-29 10:27:31 - [TEST_STEP][PASSED] - connection.connect(): null

2022-04-29 10:27:31 - [TEST_STEP][PASSED] - flag = connected: null

2022-04-29 10:27:31 - [TEST_STEP][PASSED] - println("Valor_ori: " + flag): null

2022-04-29 10:27:31 - [TEST_STEP][PASSED] - if (flag): null

2022-04-29 10:27:31 - [TEST_STEP][PASSED] - navigateToUrl(i): Navigate to 'http://192.168.2.19:8380/saraweb' successfully

2022-04-29 10:27:31 - [MESSAGE][PASSED] - Navigate to 'http://192.168.2.19:8380/saraweb' successfully

2022-04-29 10:27:31 - [TEST_STEP][PASSED] - a(): null

2022-04-29 10:27:31 - [TEST_STEP][PASSED] - setText(findTestObject("3-OBJECTS UTILIDADES/Login/input_USUARIO_loginusuario"), G_Usuario): Text 'saraadmin' is set on object 'Object Repository/3-OBJECTS UTILIDADES/Login/input_USUARIO_loginusuario'

2022-04-29 10:27:32 - [MESSAGE][PASSED] - Text 'saraadmin' is set on object 'Object Repository/3-OBJECTS UTILIDADES/Login/input_USUARIO_loginusuario'

2022-04-29 10:27:32 - [TEST_STEP][PASSED] - setEncryptedText(findTestObject("3-OBJECTS UTILIDADES/Login/input_CLAVE_loginpassword"), "MkG4/TYiCFC3cb2driP7+Q=="): Text ****** has been set on object 'Object Repository/3-OBJECTS UTILIDADES/Login/input_CLAVE_loginpassword'

2022-04-29 10:27:32 - [MESSAGE][PASSED] - Text ****** has been set on object 'Object Repository/3-OBJECTS UTILIDADES/Login/input_CLAVE_loginpassword'

2022-04-29 10:27:32 - [TEST_STEP][PASSED] - waitForElementClickable(findTestObject("3-OBJECTS UTILIDADES/Login/a_Ingresar"), G_TimeOut): Object 'Object Repository/3-OBJECTS UTILIDADES/Login/a_Ingresar' is clickable

2022-04-29 10:27:33 - [MESSAGE][PASSED] - Object 'Object Repository/3-OBJECTS UTILIDADES/Login/a_Ingresar' is clickable

2022-04-29 10:27:33 - [TEST_STEP][PASSED] - click(findTestObject("3-OBJECTS UTILIDADES/Login/a_Ingresar")): Object: 'Object Repository/3-OBJECTS UTILIDADES/Login/a_Ingresar' is clicked on

2022-04-29 10:27:34 - [MESSAGE][PASSED] - Object: 'Object Repository/3-OBJECTS UTILIDADES/Login/a_Ingresar' is clicked on

2022-04-29 10:27:34 - [TEST_STEP][PASSED] - element = findWebElement(findTestObject("3-OBJECTS UTILIDADES/Login/a_Ir"), 30): null

2022-04-29 10:27:34 - [TEST_STEP][PASSED] - executeJavaScript("arguments[0].click()", Arrays.asList(element)): Execute JavaScript 'arguments[0].click()' successfully

2022-04-29 10:27:34 - [MESSAGE][PASSED] - Execute JavaScript 'arguments[0].click()' successfully

2022-04-29 10:27:34 - [MESSAGE][PASSED] - Call Test Case 'Test Cases/0.1-Login' successfully

2022-04-29 10:27:34 - [TEST_STEP][PASSED] - setText(findTestObject("1-OBJECTS TAREAS PRINCIPALES/Modulo Tarea Compensacion/Tarea Liquidacion Nomina/input_Listado de Empleados_"), "Liquidacion Nomina"): Text 'Liquidacion Nomina' is set on object 'Object Repository/1-OBJECTS TAREAS PRINCIPALES/Modulo Tarea Compensacion/Tarea Liquidacion Nomina/input_Listado de Empleados_'

2022-04-29 10:27:35 - [MESSAGE][PASSED] - Text 'Liquidacion Nomina' is set on object 'Object Repository/1-OBJECTS TAREAS PRINCIPALES/Modulo Tarea Compensacion/Tarea Liquidacion Nomina/input_Listado de Empleados_'

2022-04-29 10:27:35 - [TEST_STEP][PASSED] - waitForElementVisible(findTestObject("1-OBJECTS TAREAS PRINCIPALES/Modulo Tarea Compensacion/Tarea Liquidacion Nomina/span_Liquidacion Nomina"), 0): Object 'Object Repository/1-OBJECTS TAREAS PRINCIPALES/Modulo Tarea Compensacion/Tarea Liquidacion Nomina/span_Liquidacion Nomina' is visible

2022-04-29 10:27:35 - [MESSAGE][WARNING] - Timeout '0' is invalid. Using default page load timeout: '45'

2022-04-29 10:27:37 - [MESSAGE][PASSED] - Object 'Object Repository/1-OBJECTS TAREAS PRINCIPALES/Modulo Tarea Compensacion/Tarea Liquidacion Nomina/span_Liquidacion Nomina' is visible

2022-04-29 10:27:37 - [TEST_STEP][PASSED] - click(findTestObject("1-OBJECTS TAREAS PRINCIPALES/Modulo Tarea Compensacion/Tarea Liquidacion Nomina/span_Liquidacion Nomina")): Object: 'Object Repository/1-OBJECTS TAREAS PRINCIPALES/Modulo Tarea Compensacion/Tarea Liquidacion Nomina/span_Liquidacion Nomina' is clicked on

2022-04-29 10:27:37 - [MESSAGE][PASSED] - Object: 'Object Repository/1-OBJECTS TAREAS PRINCIPALES/Modulo Tarea Compensacion/Tarea Liquidacion Nomina/span_Liquidacion Nomina' is clicked on

2022-04-29 10:27:37 - [MESSAGE][PASSED] - Call Test Case 'Test Cases/Utilidades-(atajos_para _tareas)/Tareas Administracion Compensacion/Tarea Liquidacion Nomina' successfully

2022-04-29 10:27:37 - [TEST_STEP][PASSED] - waitForElementClickable(findTestObject("1-OBJECTS TAREAS PRINCIPALES/Modulo Tarea Compensacion/Recalculo Total/a_Periodo Nomina_LiquidacionNominaj_idt63"), G_TimeOut): Object 'Object Repository/1-OBJECTS TAREAS PRINCIPALES/Modulo Tarea Compensacion/Recalculo Total/a_Periodo Nomina_LiquidacionNominaj_idt63' is clickable

2022-04-29 10:27:38 - [MESSAGE][PASSED] - Object 'Object Repository/1-OBJECTS TAREAS PRINCIPALES/Modulo Tarea Compensacion/Recalculo Total/a_Periodo Nomina_LiquidacionNominaj_idt63' is clickable

2022-04-29 10:27:38 - [TEST_STEP][PASSED] - click(findTestObject("1-OBJECTS TAREAS PRINCIPALES/Modulo Tarea Compensacion/Recalculo Total/a_Periodo Nomina_LiquidacionNominaj_idt63")): Object: 'Object Repository/1-OBJECTS TAREAS PRINCIPALES/Modulo Tarea Compensacion/Recalculo Total/a_Periodo Nomina_LiquidacionNominaj_idt63' is clicked on

2022-04-29 10:27:38 - [MESSAGE][PASSED] - Object: 'Object Repository/1-OBJECTS TAREAS PRINCIPALES/Modulo Tarea Compensacion/Recalculo Total/a_Periodo Nomina_LiquidacionNominaj_idt63' is clicked on

2022-04-29 10:27:38 - [TEST_STEP][PASSED] - waitForElementClickable(findTestObject("1-OBJECTS TAREAS PRINCIPALES/Modulo Tarea Compensacion/Recalculo Total/select_--  Seleccione  --Periodo CerradoPeriodo en Proceso"), G_TimeOut): Object 'Object Repository/1-OBJECTS TAREAS PRINCIPALES/Modulo Tarea Compensacion/Recalculo Total/select_--  Seleccione  --Periodo CerradoPeriodo en Proceso' is clickable

2022-04-29 10:27:39 - [MESSAGE][PASSED] - Object 'Object Repository/1-OBJECTS TAREAS PRINCIPALES/Modulo Tarea Compensacion/Recalculo Total/select_--  Seleccione  --Periodo CerradoPeriodo en Proceso' is clickable

2022-04-29 10:27:39 - [TEST_STEP][PASSED] - click(findTestObject("1-OBJECTS TAREAS PRINCIPALES/Modulo Tarea Compensacion/Recalculo Total/select_--  Seleccione  --Periodo CerradoPeriodo en Proceso")): Object: 'Object Repository/1-OBJECTS TAREAS PRINCIPALES/Modulo Tarea Compensacion/Recalculo Total/select_--  Seleccione  --Periodo CerradoPeriodo en Proceso' is clicked on

2022-04-29 10:27:39 - [MESSAGE][PASSED] - Object: 'Object Repository/1-OBJECTS TAREAS PRINCIPALES/Modulo Tarea Compensacion/Recalculo Total/select_--  Seleccione  --Periodo CerradoPeriodo en Proceso' is clicked on

2022-04-29 10:27:39 - [TEST_STEP][PASSED] - selectOptionByIndex(findTestObject("1-OBJECTS TAREAS PRINCIPALES/Modulo Tarea Compensacion/Recalculo Total/select_--  Seleccione  --Periodo CerradoPeriodo en Proceso"), 2): All options with index in [2] are selected on object 'Object Repository/1-OBJECTS TAREAS PRINCIPALES/Modulo Tarea Compensacion/Recalculo Total/select_--  Seleccione  --Periodo CerradoPeriodo en Proceso'

2022-04-29 10:27:41 - [MESSAGE][PASSED] - All options with index in [2] are selected on object 'Object Repository/1-OBJECTS TAREAS PRINCIPALES/Modulo Tarea Compensacion/Recalculo Total/select_--  Seleccione  --Periodo CerradoPeriodo en Proceso'

2022-04-29 10:27:41 - [TEST_STEP][PASSED] - waitForElementClickable(findTestObject("1-OBJECTS TAREAS PRINCIPALES/Modulo Tarea Compensacion/Recalculo Total/span_P MensualJulio2021"), G_TimeOut): Object 'Object Repository/1-OBJECTS TAREAS PRINCIPALES/Modulo Tarea Compensacion/Recalculo Total/span_P MensualJulio2021' is clickable

2022-04-29 10:27:41 - [MESSAGE][PASSED] - Object 'Object Repository/1-OBJECTS TAREAS PRINCIPALES/Modulo Tarea Compensacion/Recalculo Total/span_P MensualJulio2021' is clickable

2022-04-29 10:27:41 - [TEST_STEP][PASSED] - click(findTestObject("1-OBJECTS TAREAS PRINCIPALES/Modulo Tarea Compensacion/Recalculo Total/span_P MensualJulio2021")): Object: 'Object Repository/1-OBJECTS TAREAS PRINCIPALES/Modulo Tarea Compensacion/Recalculo Total/span_P MensualJulio2021' is clicked on

2022-04-29 10:27:42 - [MESSAGE][PASSED] - Object: 'Object Repository/1-OBJECTS TAREAS PRINCIPALES/Modulo Tarea Compensacion/Recalculo Total/span_P MensualJulio2021' is clicked on

2022-04-29 10:27:42 - [TEST_STEP][PASSED] - waitForElementClickable(findTestObject("1-OBJECTS TAREAS PRINCIPALES/Modulo Tarea Compensacion/Recalculo Total/a_Reclculo Total"), G_TimeOut): Object 'Object Repository/1-OBJECTS TAREAS PRINCIPALES/Modulo Tarea Compensacion/Recalculo Total/a_Reclculo Total' is clickable

2022-04-29 10:27:42 - [MESSAGE][PASSED] - Object 'Object Repository/1-OBJECTS TAREAS PRINCIPALES/Modulo Tarea Compensacion/Recalculo Total/a_Reclculo Total' is clickable

2022-04-29 10:27:42 - [TEST_STEP][PASSED] - click(findTestObject("1-OBJECTS TAREAS PRINCIPALES/Modulo Tarea Compensacion/Recalculo Total/a_Reclculo Total")): Object: 'Object Repository/1-OBJECTS TAREAS PRINCIPALES/Modulo Tarea Compensacion/Recalculo Total/a_Reclculo Total' is clicked on

2022-04-29 10:27:43 - [MESSAGE][PASSED] - Object: 'Object Repository/1-OBJECTS TAREAS PRINCIPALES/Modulo Tarea Compensacion/Recalculo Total/a_Reclculo Total' is clicked on

2022-04-29 10:27:43 - [TEST_STEP][PASSED] - waitForElementClickable(findTestObject("1-OBJECTS TAREAS PRINCIPALES/Modulo Tarea Compensacion/Recalculo Total/span_Si"), G_TimeOut): Object 'Object Repository/1-OBJECTS TAREAS PRINCIPALES/Modulo Tarea Compensacion/Recalculo Total/span_Si' is clickable

2022-04-29 10:27:43 - [MESSAGE][PASSED] - Object 'Object Repository/1-OBJECTS TAREAS PRINCIPALES/Modulo Tarea Compensacion/Recalculo Total/span_Si' is clickable

2022-04-29 10:27:43 - [TEST_STEP][PASSED] - click(findTestObject("1-OBJECTS TAREAS PRINCIPALES/Modulo Tarea Compensacion/Recalculo Total/span_Si")): Object: 'Object Repository/1-OBJECTS TAREAS PRINCIPALES/Modulo Tarea Compensacion/Recalculo Total/span_Si' is clicked on

2022-04-29 10:27:44 - [MESSAGE][PASSED] - Object: 'Object Repository/1-OBJECTS TAREAS PRINCIPALES/Modulo Tarea Compensacion/Recalculo Total/span_Si' is clicked on

2022-04-29 10:27:44 - [TEST_STEP][PASSED] - waitForElementClickable(findTestObject("1-OBJECTS TAREAS PRINCIPALES/Modulo Tarea Compensacion/Recalculo Total/a_Continuar"), G_TimeNomina): Object 'Object Repository/1-OBJECTS TAREAS PRINCIPALES/Modulo Tarea Compensacion/Recalculo Total/a_Continuar' is clickable

2022-04-29 10:28:53 - [MESSAGE][PASSED] - Object 'Object Repository/1-OBJECTS TAREAS PRINCIPALES/Modulo Tarea Compensacion/Recalculo Total/a_Continuar' is clickable

2022-04-29 10:28:53 - [TEST_STEP][PASSED] - waitForElementClickable(findTestObject("1-OBJECTS TAREAS PRINCIPALES/Modulo Tarea Compensacion/Recalculo Total/a_Continuar"), G_TimeNomina): Object 'Object Repository/1-OBJECTS TAREAS PRINCIPALES/Modulo Tarea Compensacion/Recalculo Total/a_Continuar' is clickable

2022-04-29 10:28:53 - [MESSAGE][PASSED] - Object 'Object Repository/1-OBJECTS TAREAS PRINCIPALES/Modulo Tarea Compensacion/Recalculo Total/a_Continuar' is clickable

2022-04-29 10:28:53 - [TEST_STEP][PASSED] - Resultado = getText(findTestObject("1-OBJECTS TAREAS PRINCIPALES/Modulo Tarea Compensacion/Recalculo Total/a_Resultado")): Text of object 'Object Repository/1-OBJECTS TAREAS PRINCIPALES/Modulo Tarea Compensacion/Recalculo Total/a_Resultado' is: 'Recalculo terminado Exitosamente'

2022-04-29 10:28:54 - [MESSAGE][PASSED] - Text of object 'Object Repository/1-OBJECTS TAREAS PRINCIPALES/Modulo Tarea Compensacion/Recalculo Total/a_Resultado' is: 'Recalculo terminado Exitosamente'

2022-04-29 10:28:54 - [TEST_STEP][PASSED] - click(findTestObject("1-OBJECTS TAREAS PRINCIPALES/Modulo Tarea Compensacion/Recalculo Total/a_Continuar")): Object: 'Object Repository/1-OBJECTS TAREAS PRINCIPALES/Modulo Tarea Compensacion/Recalculo Total/a_Continuar' is clicked on

2022-04-29 10:28:54 - [MESSAGE][PASSED] - Object: 'Object Repository/1-OBJECTS TAREAS PRINCIPALES/Modulo Tarea Compensacion/Recalculo Total/a_Continuar' is clicked on

2022-04-29 10:28:54 - [TEST_STEP][PASSED] - if (Resultado == "Recalculo terminado Exitosamente"): null

2022-04-29 10:28:54 - [TEST_STEP][PASSED] - Result = "PRUEBA OK": null]]></system-out>
         <system-err><![CDATA[]]></system-err>
      </testcase>
      <testcase name="Test Cases/1.1-Tareas Principales/1.3.4-Reporte de Recalculo Total" time="87.407" classname="Test Cases/1.1-Tareas Principales/1.3.4-Reporte de Recalculo Total" status="PASSED">
         <system-out><![CDATA[2022-04-29 10:28:54 - [TEST_CASE][PASSED] - Test Cases/1.1-Tareas Principales/1.3.4-Reporte de Recalculo Total: Test Cases/1.1-Tareas Principales/1.3.4-Reporte de Recalculo Total

2022-04-29 10:28:55 - [TEST_STEP][PASSED] - callTestCase(findTestCase("1.1-Tareas Principales/1.3.3-Recalculo Total"), [:], STOP_ON_FAILURE): Call Test Case 'Test Cases/1.1-Tareas Principales/1.3.3-Recalculo Total' successfully

2022-04-29 10:28:55 - [TEST_CASE][PASSED] - Test Cases/1.1-Tareas Principales/1.3.3-Recalculo Total: Test Cases/1.1-Tareas Principales/1.3.3-Recalculo Total

2022-04-29 10:28:55 - [TEST_STEP][PASSED] - callTestCase(findTestCase("Utilidades-(atajos_para _tareas)/Tareas Administracion Compensacion/Tarea Liquidacion Nomina"), [:], STOP_ON_FAILURE): Call Test Case 'Test Cases/Utilidades-(atajos_para _tareas)/Tareas Administracion Compensacion/Tarea Liquidacion Nomina' successfully

2022-04-29 10:28:55 - [TEST_CASE][PASSED] - Test Cases/Utilidades-(atajos_para _tareas)/Tareas Administracion Compensacion/Tarea Liquidacion Nomina: Test Cases/Utilidades-(atajos_para _tareas)/Tareas Administracion Compensacion/Tarea Liquidacion Nomina

2022-04-29 10:28:55 - [TEST_STEP][PASSED] - callTestCase(findTestCase("0.1-Login"), [:], STOP_ON_FAILURE): Call Test Case 'Test Cases/0.1-Login' successfully

2022-04-29 10:28:55 - [TEST_CASE][PASSED] - Test Cases/0.1-Login: Test Cases/0.1-Login

2022-04-29 10:28:55 - [TEST_STEP][PASSED] - openBrowser(""): Browser is opened with url: ''

2022-04-29 10:28:55 - [MESSAGE][WARNING] - A browser is already opened. Closing browser and opening a new one

2022-04-29 10:28:56 - [MESSAGE][INFO] - Starting 'Chrome' driver

2022-04-29 10:28:56 - [MESSAGE][INFO] - Action delay is set to 0 milliseconds

2022-04-29 10:28:57 - [MESSAGE][PASSED] - Browser is opened with url: ''

2022-04-29 10:28:57 - [TEST_STEP][PASSED] - maximizeWindow(): Current window maximized

2022-04-29 10:28:57 - [MESSAGE][PASSED] - Current window maximized

2022-04-29 10:28:57 - [TEST_STEP][PASSED] - i = G_Login: null

2022-04-29 10:28:57 - [TEST_STEP][PASSED] - url = new java.net.URL(i): null

2022-04-29 10:28:57 - [TEST_STEP][PASSED] - println("URL: " + url.toString()): null

2022-04-29 10:28:57 - [TEST_STEP][PASSED] - connection = url.openConnection(): null

2022-04-29 10:28:57 - [TEST_STEP][PASSED] - connection.setRequestMethod("GET"): null

2022-04-29 10:28:57 - [TEST_STEP][PASSED] - connection.setReadTimeout(2 * 1000): null

2022-04-29 10:28:57 - [TEST_STEP][PASSED] - try: null

2022-04-29 10:28:57 - [TEST_STEP][PASSED] - connection.connect(): null

2022-04-29 10:28:57 - [TEST_STEP][PASSED] - flag = connected: null

2022-04-29 10:28:57 - [TEST_STEP][PASSED] - println("Valor_ori: " + flag): null

2022-04-29 10:28:57 - [TEST_STEP][PASSED] - if (flag): null

2022-04-29 10:28:57 - [TEST_STEP][PASSED] - navigateToUrl(i): Navigate to 'http://192.168.2.19:8380/saraweb' successfully

2022-04-29 10:28:58 - [MESSAGE][PASSED] - Navigate to 'http://192.168.2.19:8380/saraweb' successfully

2022-04-29 10:28:58 - [TEST_STEP][PASSED] - a(): null

2022-04-29 10:28:58 - [TEST_STEP][PASSED] - setText(findTestObject("3-OBJECTS UTILIDADES/Login/input_USUARIO_loginusuario"), G_Usuario): Text 'saraadmin' is set on object 'Object Repository/3-OBJECTS UTILIDADES/Login/input_USUARIO_loginusuario'

2022-04-29 10:28:58 - [MESSAGE][PASSED] - Text 'saraadmin' is set on object 'Object Repository/3-OBJECTS UTILIDADES/Login/input_USUARIO_loginusuario'

2022-04-29 10:28:58 - [TEST_STEP][PASSED] - setEncryptedText(findTestObject("3-OBJECTS UTILIDADES/Login/input_CLAVE_loginpassword"), "MkG4/TYiCFC3cb2driP7+Q=="): Text ****** has been set on object 'Object Repository/3-OBJECTS UTILIDADES/Login/input_CLAVE_loginpassword'

2022-04-29 10:28:59 - [MESSAGE][PASSED] - Text ****** has been set on object 'Object Repository/3-OBJECTS UTILIDADES/Login/input_CLAVE_loginpassword'

2022-04-29 10:28:59 - [TEST_STEP][PASSED] - waitForElementClickable(findTestObject("3-OBJECTS UTILIDADES/Login/a_Ingresar"), G_TimeOut): Object 'Object Repository/3-OBJECTS UTILIDADES/Login/a_Ingresar' is clickable

2022-04-29 10:28:59 - [MESSAGE][PASSED] - Object 'Object Repository/3-OBJECTS UTILIDADES/Login/a_Ingresar' is clickable

2022-04-29 10:28:59 - [TEST_STEP][PASSED] - click(findTestObject("3-OBJECTS UTILIDADES/Login/a_Ingresar")): Object: 'Object Repository/3-OBJECTS UTILIDADES/Login/a_Ingresar' is clicked on

2022-04-29 10:29:00 - [MESSAGE][PASSED] - Object: 'Object Repository/3-OBJECTS UTILIDADES/Login/a_Ingresar' is clicked on

2022-04-29 10:29:00 - [TEST_STEP][PASSED] - element = findWebElement(findTestObject("3-OBJECTS UTILIDADES/Login/a_Ir"), 30): null

2022-04-29 10:29:01 - [TEST_STEP][PASSED] - executeJavaScript("arguments[0].click()", Arrays.asList(element)): Execute JavaScript 'arguments[0].click()' successfully

2022-04-29 10:29:01 - [MESSAGE][PASSED] - Execute JavaScript 'arguments[0].click()' successfully

2022-04-29 10:29:01 - [MESSAGE][PASSED] - Call Test Case 'Test Cases/0.1-Login' successfully

2022-04-29 10:29:01 - [TEST_STEP][PASSED] - setText(findTestObject("1-OBJECTS TAREAS PRINCIPALES/Modulo Tarea Compensacion/Tarea Liquidacion Nomina/input_Listado de Empleados_"), "Liquidacion Nomina"): Text 'Liquidacion Nomina' is set on object 'Object Repository/1-OBJECTS TAREAS PRINCIPALES/Modulo Tarea Compensacion/Tarea Liquidacion Nomina/input_Listado de Empleados_'

2022-04-29 10:29:02 - [MESSAGE][PASSED] - Text 'Liquidacion Nomina' is set on object 'Object Repository/1-OBJECTS TAREAS PRINCIPALES/Modulo Tarea Compensacion/Tarea Liquidacion Nomina/input_Listado de Empleados_'

2022-04-29 10:29:02 - [TEST_STEP][PASSED] - waitForElementVisible(findTestObject("1-OBJECTS TAREAS PRINCIPALES/Modulo Tarea Compensacion/Tarea Liquidacion Nomina/span_Liquidacion Nomina"), 0): Object 'Object Repository/1-OBJECTS TAREAS PRINCIPALES/Modulo Tarea Compensacion/Tarea Liquidacion Nomina/span_Liquidacion Nomina' is visible

2022-04-29 10:29:02 - [MESSAGE][WARNING] - Timeout '0' is invalid. Using default page load timeout: '45'

2022-04-29 10:29:03 - [MESSAGE][PASSED] - Object 'Object Repository/1-OBJECTS TAREAS PRINCIPALES/Modulo Tarea Compensacion/Tarea Liquidacion Nomina/span_Liquidacion Nomina' is visible

2022-04-29 10:29:03 - [TEST_STEP][PASSED] - click(findTestObject("1-OBJECTS TAREAS PRINCIPALES/Modulo Tarea Compensacion/Tarea Liquidacion Nomina/span_Liquidacion Nomina")): Object: 'Object Repository/1-OBJECTS TAREAS PRINCIPALES/Modulo Tarea Compensacion/Tarea Liquidacion Nomina/span_Liquidacion Nomina' is clicked on

2022-04-29 10:29:04 - [MESSAGE][PASSED] - Object: 'Object Repository/1-OBJECTS TAREAS PRINCIPALES/Modulo Tarea Compensacion/Tarea Liquidacion Nomina/span_Liquidacion Nomina' is clicked on

2022-04-29 10:29:04 - [MESSAGE][PASSED] - Call Test Case 'Test Cases/Utilidades-(atajos_para _tareas)/Tareas Administracion Compensacion/Tarea Liquidacion Nomina' successfully

2022-04-29 10:29:04 - [TEST_STEP][PASSED] - waitForElementClickable(findTestObject("1-OBJECTS TAREAS PRINCIPALES/Modulo Tarea Compensacion/Recalculo Total/a_Periodo Nomina_LiquidacionNominaj_idt63"), G_TimeOut): Object 'Object Repository/1-OBJECTS TAREAS PRINCIPALES/Modulo Tarea Compensacion/Recalculo Total/a_Periodo Nomina_LiquidacionNominaj_idt63' is clickable

2022-04-29 10:29:04 - [MESSAGE][PASSED] - Object 'Object Repository/1-OBJECTS TAREAS PRINCIPALES/Modulo Tarea Compensacion/Recalculo Total/a_Periodo Nomina_LiquidacionNominaj_idt63' is clickable

2022-04-29 10:29:04 - [TEST_STEP][PASSED] - click(findTestObject("1-OBJECTS TAREAS PRINCIPALES/Modulo Tarea Compensacion/Recalculo Total/a_Periodo Nomina_LiquidacionNominaj_idt63")): Object: 'Object Repository/1-OBJECTS TAREAS PRINCIPALES/Modulo Tarea Compensacion/Recalculo Total/a_Periodo Nomina_LiquidacionNominaj_idt63' is clicked on

2022-04-29 10:29:05 - [MESSAGE][PASSED] - Object: 'Object Repository/1-OBJECTS TAREAS PRINCIPALES/Modulo Tarea Compensacion/Recalculo Total/a_Periodo Nomina_LiquidacionNominaj_idt63' is clicked on

2022-04-29 10:29:05 - [TEST_STEP][PASSED] - waitForElementClickable(findTestObject("1-OBJECTS TAREAS PRINCIPALES/Modulo Tarea Compensacion/Recalculo Total/select_--  Seleccione  --Periodo CerradoPeriodo en Proceso"), G_TimeOut): Object 'Object Repository/1-OBJECTS TAREAS PRINCIPALES/Modulo Tarea Compensacion/Recalculo Total/select_--  Seleccione  --Periodo CerradoPeriodo en Proceso' is clickable

2022-04-29 10:29:06 - [MESSAGE][PASSED] - Object 'Object Repository/1-OBJECTS TAREAS PRINCIPALES/Modulo Tarea Compensacion/Recalculo Total/select_--  Seleccione  --Periodo CerradoPeriodo en Proceso' is clickable

2022-04-29 10:29:06 - [TEST_STEP][PASSED] - click(findTestObject("1-OBJECTS TAREAS PRINCIPALES/Modulo Tarea Compensacion/Recalculo Total/select_--  Seleccione  --Periodo CerradoPeriodo en Proceso")): Object: 'Object Repository/1-OBJECTS TAREAS PRINCIPALES/Modulo Tarea Compensacion/Recalculo Total/select_--  Seleccione  --Periodo CerradoPeriodo en Proceso' is clicked on

2022-04-29 10:29:06 - [MESSAGE][PASSED] - Object: 'Object Repository/1-OBJECTS TAREAS PRINCIPALES/Modulo Tarea Compensacion/Recalculo Total/select_--  Seleccione  --Periodo CerradoPeriodo en Proceso' is clicked on

2022-04-29 10:29:06 - [TEST_STEP][PASSED] - selectOptionByIndex(findTestObject("1-OBJECTS TAREAS PRINCIPALES/Modulo Tarea Compensacion/Recalculo Total/select_--  Seleccione  --Periodo CerradoPeriodo en Proceso"), 2): All options with index in [2] are selected on object 'Object Repository/1-OBJECTS TAREAS PRINCIPALES/Modulo Tarea Compensacion/Recalculo Total/select_--  Seleccione  --Periodo CerradoPeriodo en Proceso'

2022-04-29 10:29:07 - [MESSAGE][PASSED] - All options with index in [2] are selected on object 'Object Repository/1-OBJECTS TAREAS PRINCIPALES/Modulo Tarea Compensacion/Recalculo Total/select_--  Seleccione  --Periodo CerradoPeriodo en Proceso'

2022-04-29 10:29:07 - [TEST_STEP][PASSED] - waitForElementClickable(findTestObject("1-OBJECTS TAREAS PRINCIPALES/Modulo Tarea Compensacion/Recalculo Total/span_P MensualJulio2021"), G_TimeOut): Object 'Object Repository/1-OBJECTS TAREAS PRINCIPALES/Modulo Tarea Compensacion/Recalculo Total/span_P MensualJulio2021' is clickable

2022-04-29 10:29:08 - [MESSAGE][PASSED] - Object 'Object Repository/1-OBJECTS TAREAS PRINCIPALES/Modulo Tarea Compensacion/Recalculo Total/span_P MensualJulio2021' is clickable

2022-04-29 10:29:08 - [TEST_STEP][PASSED] - click(findTestObject("1-OBJECTS TAREAS PRINCIPALES/Modulo Tarea Compensacion/Recalculo Total/span_P MensualJulio2021")): Object: 'Object Repository/1-OBJECTS TAREAS PRINCIPALES/Modulo Tarea Compensacion/Recalculo Total/span_P MensualJulio2021' is clicked on

2022-04-29 10:29:09 - [MESSAGE][PASSED] - Object: 'Object Repository/1-OBJECTS TAREAS PRINCIPALES/Modulo Tarea Compensacion/Recalculo Total/span_P MensualJulio2021' is clicked on

2022-04-29 10:29:09 - [TEST_STEP][PASSED] - waitForElementClickable(findTestObject("1-OBJECTS TAREAS PRINCIPALES/Modulo Tarea Compensacion/Recalculo Total/a_Reclculo Total"), G_TimeOut): Object 'Object Repository/1-OBJECTS TAREAS PRINCIPALES/Modulo Tarea Compensacion/Recalculo Total/a_Reclculo Total' is clickable

2022-04-29 10:29:10 - [MESSAGE][PASSED] - Object 'Object Repository/1-OBJECTS TAREAS PRINCIPALES/Modulo Tarea Compensacion/Recalculo Total/a_Reclculo Total' is clickable

2022-04-29 10:29:10 - [TEST_STEP][PASSED] - click(findTestObject("1-OBJECTS TAREAS PRINCIPALES/Modulo Tarea Compensacion/Recalculo Total/a_Reclculo Total")): Object: 'Object Repository/1-OBJECTS TAREAS PRINCIPALES/Modulo Tarea Compensacion/Recalculo Total/a_Reclculo Total' is clicked on

2022-04-29 10:29:10 - [MESSAGE][PASSED] - Object: 'Object Repository/1-OBJECTS TAREAS PRINCIPALES/Modulo Tarea Compensacion/Recalculo Total/a_Reclculo Total' is clicked on

2022-04-29 10:29:10 - [TEST_STEP][PASSED] - waitForElementClickable(findTestObject("1-OBJECTS TAREAS PRINCIPALES/Modulo Tarea Compensacion/Recalculo Total/span_Si"), G_TimeOut): Object 'Object Repository/1-OBJECTS TAREAS PRINCIPALES/Modulo Tarea Compensacion/Recalculo Total/span_Si' is clickable

2022-04-29 10:29:11 - [MESSAGE][PASSED] - Object 'Object Repository/1-OBJECTS TAREAS PRINCIPALES/Modulo Tarea Compensacion/Recalculo Total/span_Si' is clickable

2022-04-29 10:29:11 - [TEST_STEP][PASSED] - click(findTestObject("1-OBJECTS TAREAS PRINCIPALES/Modulo Tarea Compensacion/Recalculo Total/span_Si")): Object: 'Object Repository/1-OBJECTS TAREAS PRINCIPALES/Modulo Tarea Compensacion/Recalculo Total/span_Si' is clicked on

2022-04-29 10:29:11 - [MESSAGE][PASSED] - Object: 'Object Repository/1-OBJECTS TAREAS PRINCIPALES/Modulo Tarea Compensacion/Recalculo Total/span_Si' is clicked on

2022-04-29 10:29:11 - [TEST_STEP][PASSED] - waitForElementClickable(findTestObject("1-OBJECTS TAREAS PRINCIPALES/Modulo Tarea Compensacion/Recalculo Total/a_Continuar"), G_TimeNomina): Object 'Object Repository/1-OBJECTS TAREAS PRINCIPALES/Modulo Tarea Compensacion/Recalculo Total/a_Continuar' is clickable

2022-04-29 10:30:05 - [MESSAGE][PASSED] - Object 'Object Repository/1-OBJECTS TAREAS PRINCIPALES/Modulo Tarea Compensacion/Recalculo Total/a_Continuar' is clickable

2022-04-29 10:30:05 - [TEST_STEP][PASSED] - waitForElementClickable(findTestObject("1-OBJECTS TAREAS PRINCIPALES/Modulo Tarea Compensacion/Recalculo Total/a_Continuar"), G_TimeNomina): Object 'Object Repository/1-OBJECTS TAREAS PRINCIPALES/Modulo Tarea Compensacion/Recalculo Total/a_Continuar' is clickable

2022-04-29 10:30:06 - [MESSAGE][PASSED] - Object 'Object Repository/1-OBJECTS TAREAS PRINCIPALES/Modulo Tarea Compensacion/Recalculo Total/a_Continuar' is clickable

2022-04-29 10:30:06 - [TEST_STEP][PASSED] - Resultado = getText(findTestObject("1-OBJECTS TAREAS PRINCIPALES/Modulo Tarea Compensacion/Recalculo Total/a_Resultado")): Text of object 'Object Repository/1-OBJECTS TAREAS PRINCIPALES/Modulo Tarea Compensacion/Recalculo Total/a_Resultado' is: 'Recalculo terminado Exitosamente'

2022-04-29 10:30:06 - [MESSAGE][PASSED] - Text of object 'Object Repository/1-OBJECTS TAREAS PRINCIPALES/Modulo Tarea Compensacion/Recalculo Total/a_Resultado' is: 'Recalculo terminado Exitosamente'

2022-04-29 10:30:06 - [TEST_STEP][PASSED] - click(findTestObject("1-OBJECTS TAREAS PRINCIPALES/Modulo Tarea Compensacion/Recalculo Total/a_Continuar")): Object: 'Object Repository/1-OBJECTS TAREAS PRINCIPALES/Modulo Tarea Compensacion/Recalculo Total/a_Continuar' is clicked on

2022-04-29 10:30:07 - [MESSAGE][PASSED] - Object: 'Object Repository/1-OBJECTS TAREAS PRINCIPALES/Modulo Tarea Compensacion/Recalculo Total/a_Continuar' is clicked on

2022-04-29 10:30:07 - [TEST_STEP][PASSED] - if (Resultado == "Recalculo terminado Exitosamente"): null

2022-04-29 10:30:07 - [TEST_STEP][PASSED] - Result = "PRUEBA OK": null

2022-04-29 10:30:07 - [MESSAGE][PASSED] - Call Test Case 'Test Cases/1.1-Tareas Principales/1.3.3-Recalculo Total' successfully

2022-04-29 10:30:07 - [TEST_STEP][PASSED] - waitForElementClickable(findTestObject("1-OBJECTS TAREAS PRINCIPALES/Modulo Tarea Compensacion/Reporte de Recalculo Total/a_Reporte"), G_TimeOut): Object 'Object Repository/1-OBJECTS TAREAS PRINCIPALES/Modulo Tarea Compensacion/Reporte de Recalculo Total/a_Reporte' is clickable

2022-04-29 10:30:07 - [MESSAGE][PASSED] - Object 'Object Repository/1-OBJECTS TAREAS PRINCIPALES/Modulo Tarea Compensacion/Reporte de Recalculo Total/a_Reporte' is clickable

2022-04-29 10:30:07 - [TEST_STEP][PASSED] - click(findTestObject("1-OBJECTS TAREAS PRINCIPALES/Modulo Tarea Compensacion/Reporte de Recalculo Total/a_Reporte")): Object: 'Object Repository/1-OBJECTS TAREAS PRINCIPALES/Modulo Tarea Compensacion/Reporte de Recalculo Total/a_Reporte' is clicked on

2022-04-29 10:30:08 - [MESSAGE][PASSED] - Object: 'Object Repository/1-OBJECTS TAREAS PRINCIPALES/Modulo Tarea Compensacion/Reporte de Recalculo Total/a_Reporte' is clicked on

2022-04-29 10:30:08 - [TEST_STEP][PASSED] - waitForElementClickable(findTestObject("1-OBJECTS TAREAS PRINCIPALES/Modulo Tarea Compensacion/Reporte de Recalculo Total/span_ACUMULADO POR CONCEPTO (1)"), G_TimeOut): Object 'Object Repository/1-OBJECTS TAREAS PRINCIPALES/Modulo Tarea Compensacion/Reporte de Recalculo Total/span_ACUMULADO POR CONCEPTO (1)' is clickable

2022-04-29 10:30:09 - [MESSAGE][PASSED] - Object 'Object Repository/1-OBJECTS TAREAS PRINCIPALES/Modulo Tarea Compensacion/Reporte de Recalculo Total/span_ACUMULADO POR CONCEPTO (1)' is clickable

2022-04-29 10:30:09 - [TEST_STEP][PASSED] - click(findTestObject("1-OBJECTS TAREAS PRINCIPALES/Modulo Tarea Compensacion/Reporte de Recalculo Total/span_ACUMULADO POR CONCEPTO (1)")): Object: 'Object Repository/1-OBJECTS TAREAS PRINCIPALES/Modulo Tarea Compensacion/Reporte de Recalculo Total/span_ACUMULADO POR CONCEPTO (1)' is clicked on

2022-04-29 10:30:10 - [MESSAGE][PASSED] - Object: 'Object Repository/1-OBJECTS TAREAS PRINCIPALES/Modulo Tarea Compensacion/Reporte de Recalculo Total/span_ACUMULADO POR CONCEPTO (1)' is clicked on

2022-04-29 10:30:10 - [TEST_STEP][PASSED] - waitForElementClickable(findTestObject("1-OBJECTS TAREAS PRINCIPALES/Modulo Tarea Compensacion/Reporte de Recalculo Total/a_Aplicar"), G_TimeOut): Object 'Object Repository/1-OBJECTS TAREAS PRINCIPALES/Modulo Tarea Compensacion/Reporte de Recalculo Total/a_Aplicar' is clickable

2022-04-29 10:30:11 - [MESSAGE][PASSED] - Object 'Object Repository/1-OBJECTS TAREAS PRINCIPALES/Modulo Tarea Compensacion/Reporte de Recalculo Total/a_Aplicar' is clickable

2022-04-29 10:30:11 - [TEST_STEP][PASSED] - click(findTestObject("1-OBJECTS TAREAS PRINCIPALES/Modulo Tarea Compensacion/Reporte de Recalculo Total/a_Aplicar")): Object: 'Object Repository/1-OBJECTS TAREAS PRINCIPALES/Modulo Tarea Compensacion/Reporte de Recalculo Total/a_Aplicar' is clicked on

2022-04-29 10:30:11 - [MESSAGE][PASSED] - Object: 'Object Repository/1-OBJECTS TAREAS PRINCIPALES/Modulo Tarea Compensacion/Reporte de Recalculo Total/a_Aplicar' is clicked on

2022-04-29 10:30:11 - [TEST_STEP][PASSED] - if (waitForElementClickable(findTestObject("1-OBJECTS TAREAS PRINCIPALES/Modulo Tarea Compensacion/Reporte de Recalculo Total/span_Reporte_glyphicons glyphicons-article"), G_TimeOut)): null

2022-04-29 10:30:12 - [MESSAGE][PASSED] - Object 'Object Repository/1-OBJECTS TAREAS PRINCIPALES/Modulo Tarea Compensacion/Reporte de Recalculo Total/span_Reporte_glyphicons glyphicons-article' is clickable

2022-04-29 10:30:12 - [TEST_STEP][PASSED] - click(findTestObject("1-OBJECTS TAREAS PRINCIPALES/Modulo Tarea Compensacion/Reporte de Recalculo Total/span_Reporte_glyphicons glyphicons-article")): Object: 'Object Repository/1-OBJECTS TAREAS PRINCIPALES/Modulo Tarea Compensacion/Reporte de Recalculo Total/span_Reporte_glyphicons glyphicons-article' is clicked on

2022-04-29 10:30:12 - [MESSAGE][PASSED] - Object: 'Object Repository/1-OBJECTS TAREAS PRINCIPALES/Modulo Tarea Compensacion/Reporte de Recalculo Total/span_Reporte_glyphicons glyphicons-article' is clicked on

2022-04-29 10:30:12 - [TEST_STEP][PASSED] - waitForElementClickable(findTestObject("1-OBJECTS TAREAS PRINCIPALES/Modulo Tarea Compensacion/Reporte de Recalculo Total/label_html"), G_TimeOut): Object 'Object Repository/1-OBJECTS TAREAS PRINCIPALES/Modulo Tarea Compensacion/Reporte de Recalculo Total/label_html' is clickable

2022-04-29 10:30:13 - [MESSAGE][PASSED] - Object 'Object Repository/1-OBJECTS TAREAS PRINCIPALES/Modulo Tarea Compensacion/Reporte de Recalculo Total/label_html' is clickable

2022-04-29 10:30:13 - [TEST_STEP][PASSED] - click(findTestObject("1-OBJECTS TAREAS PRINCIPALES/Modulo Tarea Compensacion/Reporte de Recalculo Total/label_html")): Object: 'Object Repository/1-OBJECTS TAREAS PRINCIPALES/Modulo Tarea Compensacion/Reporte de Recalculo Total/label_html' is clicked on

2022-04-29 10:30:13 - [MESSAGE][PASSED] - Object: 'Object Repository/1-OBJECTS TAREAS PRINCIPALES/Modulo Tarea Compensacion/Reporte de Recalculo Total/label_html' is clicked on

2022-04-29 10:30:13 - [TEST_STEP][PASSED] - waitForElementClickable(findTestObject("1-OBJECTS TAREAS PRINCIPALES/Modulo Tarea Compensacion/Reporte de Recalculo Total/a_Generar Reporte (1)"), G_TimeOut): Object 'Object Repository/1-OBJECTS TAREAS PRINCIPALES/Modulo Tarea Compensacion/Reporte de Recalculo Total/a_Generar Reporte (1)' is clickable

2022-04-29 10:30:14 - [MESSAGE][PASSED] - Object 'Object Repository/1-OBJECTS TAREAS PRINCIPALES/Modulo Tarea Compensacion/Reporte de Recalculo Total/a_Generar Reporte (1)' is clickable

2022-04-29 10:30:14 - [TEST_STEP][PASSED] - click(findTestObject("1-OBJECTS TAREAS PRINCIPALES/Modulo Tarea Compensacion/Reporte de Recalculo Total/a_Generar Reporte (1)")): Object: 'Object Repository/1-OBJECTS TAREAS PRINCIPALES/Modulo Tarea Compensacion/Reporte de Recalculo Total/a_Generar Reporte (1)' is clicked on

2022-04-29 10:30:14 - [MESSAGE][PASSED] - Object: 'Object Repository/1-OBJECTS TAREAS PRINCIPALES/Modulo Tarea Compensacion/Reporte de Recalculo Total/a_Generar Reporte (1)' is clicked on

2022-04-29 10:30:14 - [TEST_STEP][PASSED] - waitForElementClickable(findTestObject("1-OBJECTS TAREAS PRINCIPALES/Modulo Tarea Compensacion/Reporte de Recalculo Total/a_Descargar"), G_TimeOut): Object 'Object Repository/1-OBJECTS TAREAS PRINCIPALES/Modulo Tarea Compensacion/Reporte de Recalculo Total/a_Descargar' is clickable

2022-04-29 10:30:20 - [MESSAGE][PASSED] - Object 'Object Repository/1-OBJECTS TAREAS PRINCIPALES/Modulo Tarea Compensacion/Reporte de Recalculo Total/a_Descargar' is clickable

2022-04-29 10:30:20 - [TEST_STEP][PASSED] - click(findTestObject("1-OBJECTS TAREAS PRINCIPALES/Modulo Tarea Compensacion/Reporte de Recalculo Total/a_Descargar")): Object: 'Object Repository/1-OBJECTS TAREAS PRINCIPALES/Modulo Tarea Compensacion/Reporte de Recalculo Total/a_Descargar' is clicked on

2022-04-29 10:30:20 - [MESSAGE][PASSED] - Object: 'Object Repository/1-OBJECTS TAREAS PRINCIPALES/Modulo Tarea Compensacion/Reporte de Recalculo Total/a_Descargar' is clicked on

2022-04-29 10:30:20 - [TEST_STEP][PASSED] - click(findTestObject("1-OBJECTS TAREAS PRINCIPALES/Modulo Tarea Compensacion/Reporte de Recalculo Total/a_Cerrar ventana")): Object: 'Object Repository/1-OBJECTS TAREAS PRINCIPALES/Modulo Tarea Compensacion/Reporte de Recalculo Total/a_Cerrar ventana' is clicked on

2022-04-29 10:30:21 - [MESSAGE][PASSED] - Object: 'Object Repository/1-OBJECTS TAREAS PRINCIPALES/Modulo Tarea Compensacion/Reporte de Recalculo Total/a_Cerrar ventana' is clicked on

2022-04-29 10:30:21 - [TEST_STEP][PASSED] - closeBrowser(): Browser is closed

2022-04-29 10:30:22 - [MESSAGE][PASSED] - Browser is closed]]></system-out>
         <system-err><![CDATA[]]></system-err>
      </testcase>
      <testcase name="Test Cases/1.1-Tareas Principales/1.3.5-Comprobante de Pago" time="25.716" classname="Test Cases/1.1-Tareas Principales/1.3.5-Comprobante de Pago" status="PASSED">
         <system-out><![CDATA[2022-04-29 10:30:22 - [TEST_CASE][PASSED] - Test Cases/1.1-Tareas Principales/1.3.5-Comprobante de Pago: Test Cases/1.1-Tareas Principales/1.3.5-Comprobante de Pago

2022-04-29 10:30:22 - [TEST_STEP][PASSED] - callTestCase(findTestCase("Utilidades-(atajos_para _tareas)/Tareas Administracion Compensacion/Tarea Liquidacion Nomina"), [:], STOP_ON_FAILURE): Call Test Case 'Test Cases/Utilidades-(atajos_para _tareas)/Tareas Administracion Compensacion/Tarea Liquidacion Nomina' successfully

2022-04-29 10:30:22 - [TEST_CASE][PASSED] - Test Cases/Utilidades-(atajos_para _tareas)/Tareas Administracion Compensacion/Tarea Liquidacion Nomina: Test Cases/Utilidades-(atajos_para _tareas)/Tareas Administracion Compensacion/Tarea Liquidacion Nomina

2022-04-29 10:30:22 - [TEST_STEP][PASSED] - callTestCase(findTestCase("0.1-Login"), [:], STOP_ON_FAILURE): Call Test Case 'Test Cases/0.1-Login' successfully

2022-04-29 10:30:22 - [TEST_CASE][PASSED] - Test Cases/0.1-Login: Test Cases/0.1-Login

2022-04-29 10:30:22 - [TEST_STEP][PASSED] - openBrowser(""): Browser is opened with url: ''

2022-04-29 10:30:22 - [MESSAGE][INFO] - Starting 'Chrome' driver

2022-04-29 10:30:22 - [MESSAGE][INFO] - Action delay is set to 0 milliseconds

2022-04-29 10:30:23 - [MESSAGE][PASSED] - Browser is opened with url: ''

2022-04-29 10:30:23 - [TEST_STEP][PASSED] - maximizeWindow(): Current window maximized

2022-04-29 10:30:24 - [MESSAGE][PASSED] - Current window maximized

2022-04-29 10:30:24 - [TEST_STEP][PASSED] - i = G_Login: null

2022-04-29 10:30:24 - [TEST_STEP][PASSED] - url = new java.net.URL(i): null

2022-04-29 10:30:24 - [TEST_STEP][PASSED] - println("URL: " + url.toString()): null

2022-04-29 10:30:24 - [TEST_STEP][PASSED] - connection = url.openConnection(): null

2022-04-29 10:30:24 - [TEST_STEP][PASSED] - connection.setRequestMethod("GET"): null

2022-04-29 10:30:24 - [TEST_STEP][PASSED] - connection.setReadTimeout(2 * 1000): null

2022-04-29 10:30:24 - [TEST_STEP][PASSED] - try: null

2022-04-29 10:30:24 - [TEST_STEP][PASSED] - connection.connect(): null

2022-04-29 10:30:24 - [TEST_STEP][PASSED] - flag = connected: null

2022-04-29 10:30:24 - [TEST_STEP][PASSED] - println("Valor_ori: " + flag): null

2022-04-29 10:30:24 - [TEST_STEP][PASSED] - if (flag): null

2022-04-29 10:30:24 - [TEST_STEP][PASSED] - navigateToUrl(i): Navigate to 'http://192.168.2.19:8380/saraweb' successfully

2022-04-29 10:30:24 - [MESSAGE][PASSED] - Navigate to 'http://192.168.2.19:8380/saraweb' successfully

2022-04-29 10:30:24 - [TEST_STEP][PASSED] - a(): null

2022-04-29 10:30:24 - [TEST_STEP][PASSED] - setText(findTestObject("3-OBJECTS UTILIDADES/Login/input_USUARIO_loginusuario"), G_Usuario): Text 'saraadmin' is set on object 'Object Repository/3-OBJECTS UTILIDADES/Login/input_USUARIO_loginusuario'

2022-04-29 10:30:25 - [MESSAGE][PASSED] - Text 'saraadmin' is set on object 'Object Repository/3-OBJECTS UTILIDADES/Login/input_USUARIO_loginusuario'

2022-04-29 10:30:25 - [TEST_STEP][PASSED] - setEncryptedText(findTestObject("3-OBJECTS UTILIDADES/Login/input_CLAVE_loginpassword"), "MkG4/TYiCFC3cb2driP7+Q=="): Text ****** has been set on object 'Object Repository/3-OBJECTS UTILIDADES/Login/input_CLAVE_loginpassword'

2022-04-29 10:30:25 - [MESSAGE][PASSED] - Text ****** has been set on object 'Object Repository/3-OBJECTS UTILIDADES/Login/input_CLAVE_loginpassword'

2022-04-29 10:30:25 - [TEST_STEP][PASSED] - waitForElementClickable(findTestObject("3-OBJECTS UTILIDADES/Login/a_Ingresar"), G_TimeOut): Object 'Object Repository/3-OBJECTS UTILIDADES/Login/a_Ingresar' is clickable

2022-04-29 10:30:26 - [MESSAGE][PASSED] - Object 'Object Repository/3-OBJECTS UTILIDADES/Login/a_Ingresar' is clickable

2022-04-29 10:30:26 - [TEST_STEP][PASSED] - click(findTestObject("3-OBJECTS UTILIDADES/Login/a_Ingresar")): Object: 'Object Repository/3-OBJECTS UTILIDADES/Login/a_Ingresar' is clicked on

2022-04-29 10:30:27 - [MESSAGE][PASSED] - Object: 'Object Repository/3-OBJECTS UTILIDADES/Login/a_Ingresar' is clicked on

2022-04-29 10:30:27 - [TEST_STEP][PASSED] - element = findWebElement(findTestObject("3-OBJECTS UTILIDADES/Login/a_Ir"), 30): null

2022-04-29 10:30:28 - [TEST_STEP][PASSED] - executeJavaScript("arguments[0].click()", Arrays.asList(element)): Execute JavaScript 'arguments[0].click()' successfully

2022-04-29 10:30:28 - [MESSAGE][PASSED] - Execute JavaScript 'arguments[0].click()' successfully

2022-04-29 10:30:28 - [MESSAGE][PASSED] - Call Test Case 'Test Cases/0.1-Login' successfully

2022-04-29 10:30:28 - [TEST_STEP][PASSED] - setText(findTestObject("1-OBJECTS TAREAS PRINCIPALES/Modulo Tarea Compensacion/Tarea Liquidacion Nomina/input_Listado de Empleados_"), "Liquidacion Nomina"): Text 'Liquidacion Nomina' is set on object 'Object Repository/1-OBJECTS TAREAS PRINCIPALES/Modulo Tarea Compensacion/Tarea Liquidacion Nomina/input_Listado de Empleados_'

2022-04-29 10:30:29 - [MESSAGE][PASSED] - Text 'Liquidacion Nomina' is set on object 'Object Repository/1-OBJECTS TAREAS PRINCIPALES/Modulo Tarea Compensacion/Tarea Liquidacion Nomina/input_Listado de Empleados_'

2022-04-29 10:30:29 - [TEST_STEP][PASSED] - waitForElementVisible(findTestObject("1-OBJECTS TAREAS PRINCIPALES/Modulo Tarea Compensacion/Tarea Liquidacion Nomina/span_Liquidacion Nomina"), 0): Object 'Object Repository/1-OBJECTS TAREAS PRINCIPALES/Modulo Tarea Compensacion/Tarea Liquidacion Nomina/span_Liquidacion Nomina' is visible

2022-04-29 10:30:29 - [MESSAGE][WARNING] - Timeout '0' is invalid. Using default page load timeout: '45'

2022-04-29 10:30:30 - [MESSAGE][PASSED] - Object 'Object Repository/1-OBJECTS TAREAS PRINCIPALES/Modulo Tarea Compensacion/Tarea Liquidacion Nomina/span_Liquidacion Nomina' is visible

2022-04-29 10:30:30 - [TEST_STEP][PASSED] - click(findTestObject("1-OBJECTS TAREAS PRINCIPALES/Modulo Tarea Compensacion/Tarea Liquidacion Nomina/span_Liquidacion Nomina")): Object: 'Object Repository/1-OBJECTS TAREAS PRINCIPALES/Modulo Tarea Compensacion/Tarea Liquidacion Nomina/span_Liquidacion Nomina' is clicked on

2022-04-29 10:30:31 - [MESSAGE][PASSED] - Object: 'Object Repository/1-OBJECTS TAREAS PRINCIPALES/Modulo Tarea Compensacion/Tarea Liquidacion Nomina/span_Liquidacion Nomina' is clicked on

2022-04-29 10:30:31 - [MESSAGE][PASSED] - Call Test Case 'Test Cases/Utilidades-(atajos_para _tareas)/Tareas Administracion Compensacion/Tarea Liquidacion Nomina' successfully

2022-04-29 10:30:31 - [TEST_STEP][PASSED] - waitForElementClickable(findTestObject("1-OBJECTS TAREAS PRINCIPALES/Modulo Tarea Compensacion/Comprobante de Pago/a_Periodo Nomina_LiquidacionNominaj_idt63"), G_TimeOut): Object 'Object Repository/1-OBJECTS TAREAS PRINCIPALES/Modulo Tarea Compensacion/Comprobante de Pago/a_Periodo Nomina_LiquidacionNominaj_idt63' is clickable

2022-04-29 10:30:32 - [MESSAGE][PASSED] - Object 'Object Repository/1-OBJECTS TAREAS PRINCIPALES/Modulo Tarea Compensacion/Comprobante de Pago/a_Periodo Nomina_LiquidacionNominaj_idt63' is clickable

2022-04-29 10:30:32 - [TEST_STEP][PASSED] - click(findTestObject("1-OBJECTS TAREAS PRINCIPALES/Modulo Tarea Compensacion/Comprobante de Pago/a_Periodo Nomina_LiquidacionNominaj_idt63")): Object: 'Object Repository/1-OBJECTS TAREAS PRINCIPALES/Modulo Tarea Compensacion/Comprobante de Pago/a_Periodo Nomina_LiquidacionNominaj_idt63' is clicked on

2022-04-29 10:30:32 - [MESSAGE][PASSED] - Object: 'Object Repository/1-OBJECTS TAREAS PRINCIPALES/Modulo Tarea Compensacion/Comprobante de Pago/a_Periodo Nomina_LiquidacionNominaj_idt63' is clicked on

2022-04-29 10:30:32 - [TEST_STEP][PASSED] - waitForElementClickable(findTestObject("1-OBJECTS TAREAS PRINCIPALES/Modulo Tarea Compensacion/Comprobante de Pago/select_--  Seleccione  --Periodo CerradoPeriodo en Proceso"), G_TimeOut): Object 'Object Repository/1-OBJECTS TAREAS PRINCIPALES/Modulo Tarea Compensacion/Comprobante de Pago/select_--  Seleccione  --Periodo CerradoPeriodo en Proceso' is clickable

2022-04-29 10:30:33 - [MESSAGE][PASSED] - Object 'Object Repository/1-OBJECTS TAREAS PRINCIPALES/Modulo Tarea Compensacion/Comprobante de Pago/select_--  Seleccione  --Periodo CerradoPeriodo en Proceso' is clickable

2022-04-29 10:30:33 - [TEST_STEP][PASSED] - click(findTestObject("1-OBJECTS TAREAS PRINCIPALES/Modulo Tarea Compensacion/Comprobante de Pago/select_--  Seleccione  --Periodo CerradoPeriodo en Proceso")): Object: 'Object Repository/1-OBJECTS TAREAS PRINCIPALES/Modulo Tarea Compensacion/Comprobante de Pago/select_--  Seleccione  --Periodo CerradoPeriodo en Proceso' is clicked on

2022-04-29 10:30:33 - [MESSAGE][PASSED] - Object: 'Object Repository/1-OBJECTS TAREAS PRINCIPALES/Modulo Tarea Compensacion/Comprobante de Pago/select_--  Seleccione  --Periodo CerradoPeriodo en Proceso' is clicked on

2022-04-29 10:30:33 - [TEST_STEP][PASSED] - selectOptionByIndex(findTestObject("1-OBJECTS TAREAS PRINCIPALES/Modulo Tarea Compensacion/Comprobante de Pago/select_--  Seleccione  --Periodo CerradoPeriodo en Proceso"), 2): All options with index in [2] are selected on object 'Object Repository/1-OBJECTS TAREAS PRINCIPALES/Modulo Tarea Compensacion/Comprobante de Pago/select_--  Seleccione  --Periodo CerradoPeriodo en Proceso'

2022-04-29 10:30:34 - [MESSAGE][PASSED] - All options with index in [2] are selected on object 'Object Repository/1-OBJECTS TAREAS PRINCIPALES/Modulo Tarea Compensacion/Comprobante de Pago/select_--  Seleccione  --Periodo CerradoPeriodo en Proceso'

2022-04-29 10:30:34 - [TEST_STEP][PASSED] - click(findTestObject("1-OBJECTS TAREAS PRINCIPALES/Modulo Tarea Compensacion/Comprobante de Pago/span_P MensualJulio2021")): Object: 'Object Repository/1-OBJECTS TAREAS PRINCIPALES/Modulo Tarea Compensacion/Comprobante de Pago/span_P MensualJulio2021' is clicked on

2022-04-29 10:30:35 - [MESSAGE][PASSED] - Object: 'Object Repository/1-OBJECTS TAREAS PRINCIPALES/Modulo Tarea Compensacion/Comprobante de Pago/span_P MensualJulio2021' is clicked on

2022-04-29 10:30:35 - [TEST_STEP][PASSED] - waitForElementClickable(findTestObject("1-OBJECTS TAREAS PRINCIPALES/Modulo Tarea Compensacion/Comprobante de Pago/a_Nombre Persona_LiquidacionNo"), G_TimeOut): Object 'Object Repository/1-OBJECTS TAREAS PRINCIPALES/Modulo Tarea Compensacion/Comprobante de Pago/a_Nombre Persona_LiquidacionNo' is clickable

2022-04-29 10:30:36 - [MESSAGE][PASSED] - Object 'Object Repository/1-OBJECTS TAREAS PRINCIPALES/Modulo Tarea Compensacion/Comprobante de Pago/a_Nombre Persona_LiquidacionNo' is clickable

2022-04-29 10:30:36 - [TEST_STEP][PASSED] - click(findTestObject("1-OBJECTS TAREAS PRINCIPALES/Modulo Tarea Compensacion/Comprobante de Pago/a_Nombre Persona_LiquidacionNo")): Object: 'Object Repository/1-OBJECTS TAREAS PRINCIPALES/Modulo Tarea Compensacion/Comprobante de Pago/a_Nombre Persona_LiquidacionNo' is clicked on

2022-04-29 10:30:36 - [MESSAGE][PASSED] - Object: 'Object Repository/1-OBJECTS TAREAS PRINCIPALES/Modulo Tarea Compensacion/Comprobante de Pago/a_Nombre Persona_LiquidacionNo' is clicked on

2022-04-29 10:30:36 - [TEST_STEP][PASSED] - waitForElementClickable(findTestObject("1-OBJECTS TAREAS PRINCIPALES/Modulo Tarea Compensacion/Comprobante de Pago/input_close_popupFiltroEmplead"), 0): Object 'Object Repository/1-OBJECTS TAREAS PRINCIPALES/Modulo Tarea Compensacion/Comprobante de Pago/input_close_popupFiltroEmplead' is clickable

2022-04-29 10:30:36 - [MESSAGE][WARNING] - Timeout '0' is invalid. Using default page load timeout: '45'

2022-04-29 10:30:37 - [MESSAGE][PASSED] - Object 'Object Repository/1-OBJECTS TAREAS PRINCIPALES/Modulo Tarea Compensacion/Comprobante de Pago/input_close_popupFiltroEmplead' is clickable

2022-04-29 10:30:37 - [TEST_STEP][PASSED] - setText(findTestObject("1-OBJECTS TAREAS PRINCIPALES/Modulo Tarea Compensacion/Comprobante de Pago/input_close_popupFiltroEmplead"), "66666"): Text '66666' is set on object 'Object Repository/1-OBJECTS TAREAS PRINCIPALES/Modulo Tarea Compensacion/Comprobante de Pago/input_close_popupFiltroEmplead'

2022-04-29 10:30:38 - [MESSAGE][PASSED] - Text '66666' is set on object 'Object Repository/1-OBJECTS TAREAS PRINCIPALES/Modulo Tarea Compensacion/Comprobante de Pago/input_close_popupFiltroEmplead'

2022-04-29 10:30:38 - [TEST_STEP][PASSED] - sendKeys(findTestObject("1-OBJECTS TAREAS PRINCIPALES/Modulo Tarea Compensacion/Comprobante de Pago/input_close_popupFiltroEmplead"), Keys.chord(ENTER)): Keys 'ENTER + ' sent to object: 'Object Repository/1-OBJECTS TAREAS PRINCIPALES/Modulo Tarea Compensacion/Comprobante de Pago/input_close_popupFiltroEmplead'

2022-04-29 10:30:38 - [MESSAGE][PASSED] - Keys 'ENTER + ' sent to object: 'Object Repository/1-OBJECTS TAREAS PRINCIPALES/Modulo Tarea Compensacion/Comprobante de Pago/input_close_popupFiltroEmplead'

2022-04-29 10:30:38 - [TEST_STEP][PASSED] - waitForElementClickable(findTestObject("1-OBJECTS TAREAS PRINCIPALES/Modulo Tarea Compensacion/Comprobante de Pago/td_SALGADO PAULA"), 0): Object 'Object Repository/1-OBJECTS TAREAS PRINCIPALES/Modulo Tarea Compensacion/Comprobante de Pago/td_SALGADO PAULA' is clickable

2022-04-29 10:30:38 - [MESSAGE][WARNING] - Timeout '0' is invalid. Using default page load timeout: '45'

2022-04-29 10:30:39 - [MESSAGE][PASSED] - Object 'Object Repository/1-OBJECTS TAREAS PRINCIPALES/Modulo Tarea Compensacion/Comprobante de Pago/td_SALGADO PAULA' is clickable

2022-04-29 10:30:39 - [TEST_STEP][PASSED] - click(findTestObject("1-OBJECTS TAREAS PRINCIPALES/Modulo Tarea Compensacion/Comprobante de Pago/td_SALGADO PAULA")): Object: 'Object Repository/1-OBJECTS TAREAS PRINCIPALES/Modulo Tarea Compensacion/Comprobante de Pago/td_SALGADO PAULA' is clicked on

2022-04-29 10:30:39 - [MESSAGE][PASSED] - Object: 'Object Repository/1-OBJECTS TAREAS PRINCIPALES/Modulo Tarea Compensacion/Comprobante de Pago/td_SALGADO PAULA' is clicked on

2022-04-29 10:30:39 - [TEST_STEP][PASSED] - waitForElementClickable(findTestObject("1-OBJECTS TAREAS PRINCIPALES/Modulo Tarea Compensacion/Comprobante de Pago/input_Estado_LiquidacionNomina"), 0): Object 'Object Repository/1-OBJECTS TAREAS PRINCIPALES/Modulo Tarea Compensacion/Comprobante de Pago/input_Estado_LiquidacionNomina' is clickable

2022-04-29 10:30:39 - [MESSAGE][WARNING] - Timeout '0' is invalid. Using default page load timeout: '45'

2022-04-29 10:30:40 - [MESSAGE][PASSED] - Object 'Object Repository/1-OBJECTS TAREAS PRINCIPALES/Modulo Tarea Compensacion/Comprobante de Pago/input_Estado_LiquidacionNomina' is clickable

2022-04-29 10:30:40 - [TEST_STEP][PASSED] - click(findTestObject("1-OBJECTS TAREAS PRINCIPALES/Modulo Tarea Compensacion/Comprobante de Pago/input_Estado_LiquidacionNomina")): Object: 'Object Repository/1-OBJECTS TAREAS PRINCIPALES/Modulo Tarea Compensacion/Comprobante de Pago/input_Estado_LiquidacionNomina' is clicked on

2022-04-29 10:30:40 - [MESSAGE][PASSED] - Object: 'Object Repository/1-OBJECTS TAREAS PRINCIPALES/Modulo Tarea Compensacion/Comprobante de Pago/input_Estado_LiquidacionNomina' is clicked on

2022-04-29 10:30:40 - [TEST_STEP][PASSED] - click(findTestObject("1-OBJECTS TAREAS PRINCIPALES/Modulo Tarea Compensacion/Comprobante de Pago/span_Generar Comprobante")): Object: 'Object Repository/1-OBJECTS TAREAS PRINCIPALES/Modulo Tarea Compensacion/Comprobante de Pago/span_Generar Comprobante' is clicked on

2022-04-29 10:30:41 - [MESSAGE][PASSED] - Object: 'Object Repository/1-OBJECTS TAREAS PRINCIPALES/Modulo Tarea Compensacion/Comprobante de Pago/span_Generar Comprobante' is clicked on

2022-04-29 10:30:41 - [TEST_STEP][PASSED] - click(findTestObject("1-OBJECTS TAREAS PRINCIPALES/Modulo Tarea Compensacion/Comprobante de Pago/input_Publicar_formComprobante")): Object: 'Object Repository/1-OBJECTS TAREAS PRINCIPALES/Modulo Tarea Compensacion/Comprobante de Pago/input_Publicar_formComprobante' is clicked on

2022-04-29 10:30:42 - [MESSAGE][PASSED] - Object: 'Object Repository/1-OBJECTS TAREAS PRINCIPALES/Modulo Tarea Compensacion/Comprobante de Pago/input_Publicar_formComprobante' is clicked on

2022-04-29 10:30:42 - [TEST_STEP][PASSED] - waitForElementClickable(findTestObject("1-OBJECTS TAREAS PRINCIPALES/Modulo Tarea Compensacion/Comprobante de Pago/select_-- Seleccione --Comprob"), 0, STOP_ON_FAILURE): Object 'Object Repository/1-OBJECTS TAREAS PRINCIPALES/Modulo Tarea Compensacion/Comprobante de Pago/select_-- Seleccione --Comprob' is clickable

2022-04-29 10:30:42 - [MESSAGE][WARNING] - Timeout '0' is invalid. Using default page load timeout: '45'

2022-04-29 10:30:42 - [MESSAGE][PASSED] - Object 'Object Repository/1-OBJECTS TAREAS PRINCIPALES/Modulo Tarea Compensacion/Comprobante de Pago/select_-- Seleccione --Comprob' is clickable

2022-04-29 10:30:42 - [TEST_STEP][PASSED] - selectOptionByIndex(findTestObject("1-OBJECTS TAREAS PRINCIPALES/Modulo Tarea Compensacion/Comprobante de Pago/select_-- Seleccione --Comprob"), "1", STOP_ON_FAILURE): All options with index in [1] are selected on object 'Object Repository/1-OBJECTS TAREAS PRINCIPALES/Modulo Tarea Compensacion/Comprobante de Pago/select_-- Seleccione --Comprob'

2022-04-29 10:30:44 - [MESSAGE][PASSED] - All options with index in [1] are selected on object 'Object Repository/1-OBJECTS TAREAS PRINCIPALES/Modulo Tarea Compensacion/Comprobante de Pago/select_-- Seleccione --Comprob'

2022-04-29 10:30:44 - [TEST_STEP][PASSED] - click(findTestObject("1-OBJECTS TAREAS PRINCIPALES/Modulo Tarea Compensacion/Comprobante de Pago/a_Generar")): Object: 'Object Repository/1-OBJECTS TAREAS PRINCIPALES/Modulo Tarea Compensacion/Comprobante de Pago/a_Generar' is clicked on

2022-04-29 10:30:44 - [MESSAGE][PASSED] - Object: 'Object Repository/1-OBJECTS TAREAS PRINCIPALES/Modulo Tarea Compensacion/Comprobante de Pago/a_Generar' is clicked on

2022-04-29 10:30:44 - [TEST_STEP][PASSED] - doubleClick(findTestObject("1-OBJECTS TAREAS PRINCIPALES/Modulo Tarea Compensacion/Comprobante de Pago/a_Comprobante")): Object: 'Object Repository/1-OBJECTS TAREAS PRINCIPALES/Modulo Tarea Compensacion/Comprobante de Pago/a_Comprobante' is double clicked on

2022-04-29 10:30:46 - [MESSAGE][PASSED] - Object: 'Object Repository/1-OBJECTS TAREAS PRINCIPALES/Modulo Tarea Compensacion/Comprobante de Pago/a_Comprobante' is double clicked on

2022-04-29 10:30:46 - [TEST_STEP][PASSED] - switchToWindowIndex(1, STOP_ON_FAILURE): Switched to window with index: '1'

2022-04-29 10:30:46 - [MESSAGE][PASSED] - Switched to window with index: '1'

2022-04-29 10:30:46 - [TEST_STEP][PASSED] - if (verifyElementVisible(findTestObject("1-OBJECTS TAREAS PRINCIPALES/Modulo Tarea Compensacion/Comprobante de Pago/a_doc"))): null

2022-04-29 10:30:47 - [MESSAGE][PASSED] - Object 'Object Repository/1-OBJECTS TAREAS PRINCIPALES/Modulo Tarea Compensacion/Comprobante de Pago/a_doc' is visible

2022-04-29 10:30:47 - [TEST_STEP][PASSED] - Result = "PRUEBA OK": null

2022-04-29 10:30:47 - [TEST_STEP][PASSED] - closeBrowser(): Browser is closed

2022-04-29 10:30:47 - [MESSAGE][PASSED] - Browser is closed]]></system-out>
         <system-err><![CDATA[]]></system-err>
      </testcase>
      <testcase name="Test Cases/1.1-Tareas Principales/1.3.6-Reversar Nomina" time="20.401" classname="Test Cases/1.1-Tareas Principales/1.3.6-Reversar Nomina" status="PASSED">
         <system-out><![CDATA[2022-04-29 10:30:47 - [TEST_CASE][PASSED] - Test Cases/1.1-Tareas Principales/1.3.6-Reversar Nomina: Test Cases/1.1-Tareas Principales/1.3.6-Reversar Nomina

2022-04-29 10:30:48 - [TEST_STEP][PASSED] - callTestCase(findTestCase("Utilidades-(atajos_para _tareas)/Tareas Administracion Compensacion/Tarea Liquidacion Nomina"), [:], STOP_ON_FAILURE): Call Test Case 'Test Cases/Utilidades-(atajos_para _tareas)/Tareas Administracion Compensacion/Tarea Liquidacion Nomina' successfully

2022-04-29 10:30:48 - [TEST_CASE][PASSED] - Test Cases/Utilidades-(atajos_para _tareas)/Tareas Administracion Compensacion/Tarea Liquidacion Nomina: Test Cases/Utilidades-(atajos_para _tareas)/Tareas Administracion Compensacion/Tarea Liquidacion Nomina

2022-04-29 10:30:48 - [TEST_STEP][PASSED] - callTestCase(findTestCase("0.1-Login"), [:], STOP_ON_FAILURE): Call Test Case 'Test Cases/0.1-Login' successfully

2022-04-29 10:30:48 - [TEST_CASE][PASSED] - Test Cases/0.1-Login: Test Cases/0.1-Login

2022-04-29 10:30:48 - [TEST_STEP][PASSED] - openBrowser(""): Browser is opened with url: ''

2022-04-29 10:30:48 - [MESSAGE][INFO] - Starting 'Chrome' driver

2022-04-29 10:30:48 - [MESSAGE][INFO] - Action delay is set to 0 milliseconds

2022-04-29 10:30:49 - [MESSAGE][PASSED] - Browser is opened with url: ''

2022-04-29 10:30:49 - [TEST_STEP][PASSED] - maximizeWindow(): Current window maximized

2022-04-29 10:30:49 - [MESSAGE][PASSED] - Current window maximized

2022-04-29 10:30:49 - [TEST_STEP][PASSED] - i = G_Login: null

2022-04-29 10:30:49 - [TEST_STEP][PASSED] - url = new java.net.URL(i): null

2022-04-29 10:30:49 - [TEST_STEP][PASSED] - println("URL: " + url.toString()): null

2022-04-29 10:30:49 - [TEST_STEP][PASSED] - connection = url.openConnection(): null

2022-04-29 10:30:49 - [TEST_STEP][PASSED] - connection.setRequestMethod("GET"): null

2022-04-29 10:30:49 - [TEST_STEP][PASSED] - connection.setReadTimeout(2 * 1000): null

2022-04-29 10:30:49 - [TEST_STEP][PASSED] - try: null

2022-04-29 10:30:49 - [TEST_STEP][PASSED] - connection.connect(): null

2022-04-29 10:30:49 - [TEST_STEP][PASSED] - flag = connected: null

2022-04-29 10:30:49 - [TEST_STEP][PASSED] - println("Valor_ori: " + flag): null

2022-04-29 10:30:49 - [TEST_STEP][PASSED] - if (flag): null

2022-04-29 10:30:49 - [TEST_STEP][PASSED] - navigateToUrl(i): Navigate to 'http://192.168.2.19:8380/saraweb' successfully

2022-04-29 10:30:50 - [MESSAGE][PASSED] - Navigate to 'http://192.168.2.19:8380/saraweb' successfully

2022-04-29 10:30:50 - [TEST_STEP][PASSED] - a(): null

2022-04-29 10:30:50 - [TEST_STEP][PASSED] - setText(findTestObject("3-OBJECTS UTILIDADES/Login/input_USUARIO_loginusuario"), G_Usuario): Text 'saraadmin' is set on object 'Object Repository/3-OBJECTS UTILIDADES/Login/input_USUARIO_loginusuario'

2022-04-29 10:30:51 - [MESSAGE][PASSED] - Text 'saraadmin' is set on object 'Object Repository/3-OBJECTS UTILIDADES/Login/input_USUARIO_loginusuario'

2022-04-29 10:30:51 - [TEST_STEP][PASSED] - setEncryptedText(findTestObject("3-OBJECTS UTILIDADES/Login/input_CLAVE_loginpassword"), "MkG4/TYiCFC3cb2driP7+Q=="): Text ****** has been set on object 'Object Repository/3-OBJECTS UTILIDADES/Login/input_CLAVE_loginpassword'

2022-04-29 10:30:51 - [MESSAGE][PASSED] - Text ****** has been set on object 'Object Repository/3-OBJECTS UTILIDADES/Login/input_CLAVE_loginpassword'

2022-04-29 10:30:51 - [TEST_STEP][PASSED] - waitForElementClickable(findTestObject("3-OBJECTS UTILIDADES/Login/a_Ingresar"), G_TimeOut): Object 'Object Repository/3-OBJECTS UTILIDADES/Login/a_Ingresar' is clickable

2022-04-29 10:30:51 - [MESSAGE][PASSED] - Object 'Object Repository/3-OBJECTS UTILIDADES/Login/a_Ingresar' is clickable

2022-04-29 10:30:51 - [TEST_STEP][PASSED] - click(findTestObject("3-OBJECTS UTILIDADES/Login/a_Ingresar")): Object: 'Object Repository/3-OBJECTS UTILIDADES/Login/a_Ingresar' is clicked on

2022-04-29 10:30:52 - [MESSAGE][PASSED] - Object: 'Object Repository/3-OBJECTS UTILIDADES/Login/a_Ingresar' is clicked on

2022-04-29 10:30:52 - [TEST_STEP][PASSED] - element = findWebElement(findTestObject("3-OBJECTS UTILIDADES/Login/a_Ir"), 30): null

2022-04-29 10:30:53 - [TEST_STEP][PASSED] - executeJavaScript("arguments[0].click()", Arrays.asList(element)): Execute JavaScript 'arguments[0].click()' successfully

2022-04-29 10:30:53 - [MESSAGE][PASSED] - Execute JavaScript 'arguments[0].click()' successfully

2022-04-29 10:30:53 - [MESSAGE][PASSED] - Call Test Case 'Test Cases/0.1-Login' successfully

2022-04-29 10:30:53 - [TEST_STEP][PASSED] - setText(findTestObject("1-OBJECTS TAREAS PRINCIPALES/Modulo Tarea Compensacion/Tarea Liquidacion Nomina/input_Listado de Empleados_"), "Liquidacion Nomina"): Text 'Liquidacion Nomina' is set on object 'Object Repository/1-OBJECTS TAREAS PRINCIPALES/Modulo Tarea Compensacion/Tarea Liquidacion Nomina/input_Listado de Empleados_'

2022-04-29 10:30:54 - [MESSAGE][PASSED] - Text 'Liquidacion Nomina' is set on object 'Object Repository/1-OBJECTS TAREAS PRINCIPALES/Modulo Tarea Compensacion/Tarea Liquidacion Nomina/input_Listado de Empleados_'

2022-04-29 10:30:54 - [TEST_STEP][PASSED] - waitForElementVisible(findTestObject("1-OBJECTS TAREAS PRINCIPALES/Modulo Tarea Compensacion/Tarea Liquidacion Nomina/span_Liquidacion Nomina"), 0): Object 'Object Repository/1-OBJECTS TAREAS PRINCIPALES/Modulo Tarea Compensacion/Tarea Liquidacion Nomina/span_Liquidacion Nomina' is visible

2022-04-29 10:30:54 - [MESSAGE][WARNING] - Timeout '0' is invalid. Using default page load timeout: '45'

2022-04-29 10:30:55 - [MESSAGE][PASSED] - Object 'Object Repository/1-OBJECTS TAREAS PRINCIPALES/Modulo Tarea Compensacion/Tarea Liquidacion Nomina/span_Liquidacion Nomina' is visible

2022-04-29 10:30:55 - [TEST_STEP][PASSED] - click(findTestObject("1-OBJECTS TAREAS PRINCIPALES/Modulo Tarea Compensacion/Tarea Liquidacion Nomina/span_Liquidacion Nomina")): Object: 'Object Repository/1-OBJECTS TAREAS PRINCIPALES/Modulo Tarea Compensacion/Tarea Liquidacion Nomina/span_Liquidacion Nomina' is clicked on

2022-04-29 10:30:56 - [MESSAGE][PASSED] - Object: 'Object Repository/1-OBJECTS TAREAS PRINCIPALES/Modulo Tarea Compensacion/Tarea Liquidacion Nomina/span_Liquidacion Nomina' is clicked on

2022-04-29 10:30:56 - [MESSAGE][PASSED] - Call Test Case 'Test Cases/Utilidades-(atajos_para _tareas)/Tareas Administracion Compensacion/Tarea Liquidacion Nomina' successfully

2022-04-29 10:30:56 - [TEST_STEP][PASSED] - waitForElementClickable(findTestObject("1-OBJECTS TAREAS PRINCIPALES/Modulo Tarea Compensacion/Comprobante de Pago/a_Periodo Nomina_LiquidacionNominaj_idt63"), 0): Object 'Object Repository/1-OBJECTS TAREAS PRINCIPALES/Modulo Tarea Compensacion/Comprobante de Pago/a_Periodo Nomina_LiquidacionNominaj_idt63' is clickable

2022-04-29 10:30:56 - [MESSAGE][WARNING] - Timeout '0' is invalid. Using default page load timeout: '45'

2022-04-29 10:30:56 - [MESSAGE][PASSED] - Object 'Object Repository/1-OBJECTS TAREAS PRINCIPALES/Modulo Tarea Compensacion/Comprobante de Pago/a_Periodo Nomina_LiquidacionNominaj_idt63' is clickable

2022-04-29 10:30:56 - [TEST_STEP][PASSED] - click(findTestObject("1-OBJECTS TAREAS PRINCIPALES/Modulo Tarea Compensacion/Comprobante de Pago/a_Periodo Nomina_LiquidacionNominaj_idt63")): Object: 'Object Repository/1-OBJECTS TAREAS PRINCIPALES/Modulo Tarea Compensacion/Comprobante de Pago/a_Periodo Nomina_LiquidacionNominaj_idt63' is clicked on

2022-04-29 10:30:57 - [MESSAGE][PASSED] - Object: 'Object Repository/1-OBJECTS TAREAS PRINCIPALES/Modulo Tarea Compensacion/Comprobante de Pago/a_Periodo Nomina_LiquidacionNominaj_idt63' is clicked on

2022-04-29 10:30:57 - [TEST_STEP][PASSED] - waitForElementClickable(findTestObject("1-OBJECTS TAREAS PRINCIPALES/Modulo Tarea Compensacion/Comprobante de Pago/select_--  Seleccione  --Periodo CerradoPeriodo en Proceso"), G_TimeOut): Object 'Object Repository/1-OBJECTS TAREAS PRINCIPALES/Modulo Tarea Compensacion/Comprobante de Pago/select_--  Seleccione  --Periodo CerradoPeriodo en Proceso' is clickable

2022-04-29 10:30:58 - [MESSAGE][PASSED] - Object 'Object Repository/1-OBJECTS TAREAS PRINCIPALES/Modulo Tarea Compensacion/Comprobante de Pago/select_--  Seleccione  --Periodo CerradoPeriodo en Proceso' is clickable

2022-04-29 10:30:58 - [TEST_STEP][PASSED] - click(findTestObject("1-OBJECTS TAREAS PRINCIPALES/Modulo Tarea Compensacion/Comprobante de Pago/select_--  Seleccione  --Periodo CerradoPeriodo en Proceso")): Object: 'Object Repository/1-OBJECTS TAREAS PRINCIPALES/Modulo Tarea Compensacion/Comprobante de Pago/select_--  Seleccione  --Periodo CerradoPeriodo en Proceso' is clicked on

2022-04-29 10:30:58 - [MESSAGE][PASSED] - Object: 'Object Repository/1-OBJECTS TAREAS PRINCIPALES/Modulo Tarea Compensacion/Comprobante de Pago/select_--  Seleccione  --Periodo CerradoPeriodo en Proceso' is clicked on

2022-04-29 10:30:58 - [TEST_STEP][PASSED] - selectOptionByIndex(findTestObject("1-OBJECTS TAREAS PRINCIPALES/Modulo Tarea Compensacion/Comprobante de Pago/select_--  Seleccione  --Periodo CerradoPeriodo en Proceso"), 2): All options with index in [2] are selected on object 'Object Repository/1-OBJECTS TAREAS PRINCIPALES/Modulo Tarea Compensacion/Comprobante de Pago/select_--  Seleccione  --Periodo CerradoPeriodo en Proceso'

2022-04-29 10:30:59 - [MESSAGE][PASSED] - All options with index in [2] are selected on object 'Object Repository/1-OBJECTS TAREAS PRINCIPALES/Modulo Tarea Compensacion/Comprobante de Pago/select_--  Seleccione  --Periodo CerradoPeriodo en Proceso'

2022-04-29 10:30:59 - [TEST_STEP][PASSED] - click(findTestObject("1-OBJECTS TAREAS PRINCIPALES/Modulo Tarea Compensacion/Reversar Nomina/span_P. MensualJunio2021")): Object: 'Object Repository/1-OBJECTS TAREAS PRINCIPALES/Modulo Tarea Compensacion/Reversar Nomina/span_P. MensualJunio2021' is clicked on

2022-04-29 10:31:00 - [MESSAGE][PASSED] - Object: 'Object Repository/1-OBJECTS TAREAS PRINCIPALES/Modulo Tarea Compensacion/Reversar Nomina/span_P. MensualJunio2021' is clicked on

2022-04-29 10:31:00 - [TEST_STEP][PASSED] - click(findTestObject("1-OBJECTS TAREAS PRINCIPALES/Modulo Tarea Compensacion/Reversar Nomina/input_Contrato_LiquidacionNominaj_idt124")): Object: 'Object Repository/1-OBJECTS TAREAS PRINCIPALES/Modulo Tarea Compensacion/Reversar Nomina/input_Contrato_LiquidacionNominaj_idt124' is clicked on

2022-04-29 10:31:01 - [MESSAGE][PASSED] - Object: 'Object Repository/1-OBJECTS TAREAS PRINCIPALES/Modulo Tarea Compensacion/Reversar Nomina/input_Contrato_LiquidacionNominaj_idt124' is clicked on

2022-04-29 10:31:01 - [TEST_STEP][PASSED] - setText(findTestObject("1-OBJECTS TAREAS PRINCIPALES/Modulo Tarea Compensacion/Reversar Nomina/input_Contrato_LiquidacionNominaj_idt124"), "1234567890"): Text '1234567890' is set on object 'Object Repository/1-OBJECTS TAREAS PRINCIPALES/Modulo Tarea Compensacion/Reversar Nomina/input_Contrato_LiquidacionNominaj_idt124'

2022-04-29 10:31:01 - [MESSAGE][PASSED] - Text '1234567890' is set on object 'Object Repository/1-OBJECTS TAREAS PRINCIPALES/Modulo Tarea Compensacion/Reversar Nomina/input_Contrato_LiquidacionNominaj_idt124'

2022-04-29 10:31:01 - [TEST_STEP][PASSED] - sendKeys(findTestObject("1-OBJECTS TAREAS PRINCIPALES/Modulo Tarea Compensacion/Reversar Nomina/input_Contrato_LiquidacionNominaj_idt124"), Keys.chord(ENTER)): Keys 'ENTER + ' sent to object: 'Object Repository/1-OBJECTS TAREAS PRINCIPALES/Modulo Tarea Compensacion/Reversar Nomina/input_Contrato_LiquidacionNominaj_idt124'

2022-04-29 10:31:02 - [MESSAGE][PASSED] - Keys 'ENTER + ' sent to object: 'Object Repository/1-OBJECTS TAREAS PRINCIPALES/Modulo Tarea Compensacion/Reversar Nomina/input_Contrato_LiquidacionNominaj_idt124'

2022-04-29 10:31:02 - [TEST_STEP][PASSED] - waitForElementClickable(findTestObject("1-OBJECTS TAREAS PRINCIPALES/Modulo Tarea Compensacion/Reversar Nomina/td_Gomez  Jose"), 0): Object 'Object Repository/1-OBJECTS TAREAS PRINCIPALES/Modulo Tarea Compensacion/Reversar Nomina/td_Gomez  Jose' is clickable

2022-04-29 10:31:02 - [MESSAGE][WARNING] - Timeout '0' is invalid. Using default page load timeout: '45'

2022-04-29 10:31:02 - [MESSAGE][PASSED] - Object 'Object Repository/1-OBJECTS TAREAS PRINCIPALES/Modulo Tarea Compensacion/Reversar Nomina/td_Gomez  Jose' is clickable

2022-04-29 10:31:02 - [TEST_STEP][PASSED] - click(findTestObject("1-OBJECTS TAREAS PRINCIPALES/Modulo Tarea Compensacion/Reversar Nomina/td_Gomez  Jose")): Object: 'Object Repository/1-OBJECTS TAREAS PRINCIPALES/Modulo Tarea Compensacion/Reversar Nomina/td_Gomez  Jose' is clicked on

2022-04-29 10:31:03 - [MESSAGE][PASSED] - Object: 'Object Repository/1-OBJECTS TAREAS PRINCIPALES/Modulo Tarea Compensacion/Reversar Nomina/td_Gomez  Jose' is clicked on

2022-04-29 10:31:03 - [TEST_STEP][PASSED] - waitForElementClickable(findTestObject("1-OBJECTS TAREAS PRINCIPALES/Modulo Tarea Compensacion/Reversar Nomina/a_Concepto_Reversar"), 0): Object 'Object Repository/1-OBJECTS TAREAS PRINCIPALES/Modulo Tarea Compensacion/Reversar Nomina/a_Concepto_Reversar' is clickable

2022-04-29 10:31:03 - [MESSAGE][WARNING] - Timeout '0' is invalid. Using default page load timeout: '45'

2022-04-29 10:31:04 - [MESSAGE][PASSED] - Object 'Object Repository/1-OBJECTS TAREAS PRINCIPALES/Modulo Tarea Compensacion/Reversar Nomina/a_Concepto_Reversar' is clickable

2022-04-29 10:31:04 - [TEST_STEP][PASSED] - click(findTestObject("1-OBJECTS TAREAS PRINCIPALES/Modulo Tarea Compensacion/Reversar Nomina/a_Concepto_Reversar")): Object: 'Object Repository/1-OBJECTS TAREAS PRINCIPALES/Modulo Tarea Compensacion/Reversar Nomina/a_Concepto_Reversar' is clicked on

2022-04-29 10:31:04 - [MESSAGE][PASSED] - Object: 'Object Repository/1-OBJECTS TAREAS PRINCIPALES/Modulo Tarea Compensacion/Reversar Nomina/a_Concepto_Reversar' is clicked on

2022-04-29 10:31:04 - [TEST_STEP][PASSED] - click(findTestObject("1-OBJECTS TAREAS PRINCIPALES/Modulo Tarea Compensacion/Reversar Nomina/a_Reversar_Nomina")): Object: 'Object Repository/1-OBJECTS TAREAS PRINCIPALES/Modulo Tarea Compensacion/Reversar Nomina/a_Reversar_Nomina' is clicked on

2022-04-29 10:31:05 - [MESSAGE][PASSED] - Object: 'Object Repository/1-OBJECTS TAREAS PRINCIPALES/Modulo Tarea Compensacion/Reversar Nomina/a_Reversar_Nomina' is clicked on

2022-04-29 10:31:05 - [TEST_STEP][PASSED] - click(findTestObject("1-OBJECTS TAREAS PRINCIPALES/Modulo Tarea Compensacion/Reversar Nomina/span_Si")): Object: 'Object Repository/1-OBJECTS TAREAS PRINCIPALES/Modulo Tarea Compensacion/Reversar Nomina/span_Si' is clicked on

2022-04-29 10:31:06 - [MESSAGE][PASSED] - Object: 'Object Repository/1-OBJECTS TAREAS PRINCIPALES/Modulo Tarea Compensacion/Reversar Nomina/span_Si' is clicked on

2022-04-29 10:31:06 - [TEST_STEP][PASSED] - Alerta = getText(findTestObject("3-OBJECTS UTILIDADES/Alerta/Alerta")): Text of object 'Object Repository/3-OBJECTS UTILIDADES/Alerta/Alerta' is: 'Se reverso exitosamente'

2022-04-29 10:31:07 - [MESSAGE][PASSED] - Text of object 'Object Repository/3-OBJECTS UTILIDADES/Alerta/Alerta' is: 'Se reverso exitosamente'

2022-04-29 10:31:07 - [TEST_STEP][PASSED] - if (Alerta == "Se reverso exitosamente"): Browser is closed

2022-04-29 10:31:07 - [TEST_STEP][PASSED] - closeBrowser(): Browser is closed

2022-04-29 10:31:08 - [MESSAGE][PASSED] - Browser is closed]]></system-out>
         <system-err><![CDATA[]]></system-err>
      </testcase>
      <testcase name="Test Cases/1.1-Tareas Principales/1.3.7-Liquidacion y reversion por bancos" time="22.518" classname="Test Cases/1.1-Tareas Principales/1.3.7-Liquidacion y reversion por bancos" status="PASSED">
         <system-out><![CDATA[2022-04-29 10:31:08 - [TEST_CASE][PASSED] - Test Cases/1.1-Tareas Principales/1.3.7-Liquidacion y reversion por bancos: Test Cases/1.1-Tareas Principales/1.3.7-Liquidacion y reversion por bancos

2022-04-29 10:31:08 - [TEST_STEP][PASSED] - callTestCase(findTestCase("Utilidades-(atajos_para _tareas)/Tareas Administracion Compensacion/Tarea Generacion Entidad Pago"), [:], STOP_ON_FAILURE): Call Test Case 'Test Cases/Utilidades-(atajos_para _tareas)/Tareas Administracion Compensacion/Tarea Generacion Entidad Pago' successfully

2022-04-29 10:31:08 - [TEST_CASE][PASSED] - Test Cases/Utilidades-(atajos_para _tareas)/Tareas Administracion Compensacion/Tarea Generacion Entidad Pago: Test Cases/Utilidades-(atajos_para _tareas)/Tareas Administracion Compensacion/Tarea Generacion Entidad Pago

2022-04-29 10:31:09 - [TEST_STEP][PASSED] - callTestCase(findTestCase("0.1-Login"), [:], STOP_ON_FAILURE): Call Test Case 'Test Cases/0.1-Login' successfully

2022-04-29 10:31:09 - [TEST_CASE][PASSED] - Test Cases/0.1-Login: Test Cases/0.1-Login

2022-04-29 10:31:09 - [TEST_STEP][PASSED] - openBrowser(""): Browser is opened with url: ''

2022-04-29 10:31:09 - [MESSAGE][INFO] - Starting 'Chrome' driver

2022-04-29 10:31:09 - [MESSAGE][INFO] - Action delay is set to 0 milliseconds

2022-04-29 10:31:10 - [MESSAGE][PASSED] - Browser is opened with url: ''

2022-04-29 10:31:10 - [TEST_STEP][PASSED] - maximizeWindow(): Current window maximized

2022-04-29 10:31:10 - [MESSAGE][PASSED] - Current window maximized

2022-04-29 10:31:10 - [TEST_STEP][PASSED] - i = G_Login: null

2022-04-29 10:31:10 - [TEST_STEP][PASSED] - url = new java.net.URL(i): null

2022-04-29 10:31:10 - [TEST_STEP][PASSED] - println("URL: " + url.toString()): null

2022-04-29 10:31:10 - [TEST_STEP][PASSED] - connection = url.openConnection(): null

2022-04-29 10:31:10 - [TEST_STEP][PASSED] - connection.setRequestMethod("GET"): null

2022-04-29 10:31:10 - [TEST_STEP][PASSED] - connection.setReadTimeout(2 * 1000): null

2022-04-29 10:31:10 - [TEST_STEP][PASSED] - try: null

2022-04-29 10:31:10 - [TEST_STEP][PASSED] - connection.connect(): null

2022-04-29 10:31:10 - [TEST_STEP][PASSED] - flag = connected: null

2022-04-29 10:31:10 - [TEST_STEP][PASSED] - println("Valor_ori: " + flag): null

2022-04-29 10:31:10 - [TEST_STEP][PASSED] - if (flag): null

2022-04-29 10:31:10 - [TEST_STEP][PASSED] - navigateToUrl(i): Navigate to 'http://192.168.2.19:8380/saraweb' successfully

2022-04-29 10:31:10 - [MESSAGE][PASSED] - Navigate to 'http://192.168.2.19:8380/saraweb' successfully

2022-04-29 10:31:10 - [TEST_STEP][PASSED] - a(): null

2022-04-29 10:31:10 - [TEST_STEP][PASSED] - setText(findTestObject("3-OBJECTS UTILIDADES/Login/input_USUARIO_loginusuario"), G_Usuario): Text 'saraadmin' is set on object 'Object Repository/3-OBJECTS UTILIDADES/Login/input_USUARIO_loginusuario'

2022-04-29 10:31:11 - [MESSAGE][PASSED] - Text 'saraadmin' is set on object 'Object Repository/3-OBJECTS UTILIDADES/Login/input_USUARIO_loginusuario'

2022-04-29 10:31:11 - [TEST_STEP][PASSED] - setEncryptedText(findTestObject("3-OBJECTS UTILIDADES/Login/input_CLAVE_loginpassword"), "MkG4/TYiCFC3cb2driP7+Q=="): Text ****** has been set on object 'Object Repository/3-OBJECTS UTILIDADES/Login/input_CLAVE_loginpassword'

2022-04-29 10:31:12 - [MESSAGE][PASSED] - Text ****** has been set on object 'Object Repository/3-OBJECTS UTILIDADES/Login/input_CLAVE_loginpassword'

2022-04-29 10:31:12 - [TEST_STEP][PASSED] - waitForElementClickable(findTestObject("3-OBJECTS UTILIDADES/Login/a_Ingresar"), G_TimeOut): Object 'Object Repository/3-OBJECTS UTILIDADES/Login/a_Ingresar' is clickable

2022-04-29 10:31:12 - [MESSAGE][PASSED] - Object 'Object Repository/3-OBJECTS UTILIDADES/Login/a_Ingresar' is clickable

2022-04-29 10:31:12 - [TEST_STEP][PASSED] - click(findTestObject("3-OBJECTS UTILIDADES/Login/a_Ingresar")): Object: 'Object Repository/3-OBJECTS UTILIDADES/Login/a_Ingresar' is clicked on

2022-04-29 10:31:13 - [MESSAGE][PASSED] - Object: 'Object Repository/3-OBJECTS UTILIDADES/Login/a_Ingresar' is clicked on

2022-04-29 10:31:13 - [TEST_STEP][PASSED] - element = findWebElement(findTestObject("3-OBJECTS UTILIDADES/Login/a_Ir"), 30): null

2022-04-29 10:31:13 - [TEST_STEP][PASSED] - executeJavaScript("arguments[0].click()", Arrays.asList(element)): Execute JavaScript 'arguments[0].click()' successfully

2022-04-29 10:31:13 - [MESSAGE][PASSED] - Execute JavaScript 'arguments[0].click()' successfully

2022-04-29 10:31:13 - [MESSAGE][PASSED] - Call Test Case 'Test Cases/0.1-Login' successfully

2022-04-29 10:31:13 - [TEST_STEP][PASSED] - waitForElementVisible(findTestObject("1-OBJECTS TAREAS PRINCIPALES/Modulo Tarea Compensacion/Tarea Generacion Entidad Pago/input_Ir_nav_t66_input"), 0): Object 'Object Repository/1-OBJECTS TAREAS PRINCIPALES/Modulo Tarea Compensacion/Tarea Generacion Entidad Pago/input_Ir_nav_t66_input' is visible

2022-04-29 10:31:14 - [MESSAGE][WARNING] - Timeout '0' is invalid. Using default page load timeout: '45'

2022-04-29 10:31:14 - [MESSAGE][PASSED] - Object 'Object Repository/1-OBJECTS TAREAS PRINCIPALES/Modulo Tarea Compensacion/Tarea Generacion Entidad Pago/input_Ir_nav_t66_input' is visible

2022-04-29 10:31:14 - [TEST_STEP][PASSED] - setText(findTestObject("1-OBJECTS TAREAS PRINCIPALES/Modulo Tarea Compensacion/Tarea Generacion Entidad Pago/input_Ir_nav_t66_input"), "Generacion Entidad Pago (com)"): Text 'Generacion Entidad Pago (com)' is set on object 'Object Repository/1-OBJECTS TAREAS PRINCIPALES/Modulo Tarea Compensacion/Tarea Generacion Entidad Pago/input_Ir_nav_t66_input'

2022-04-29 10:31:15 - [MESSAGE][PASSED] - Text 'Generacion Entidad Pago (com)' is set on object 'Object Repository/1-OBJECTS TAREAS PRINCIPALES/Modulo Tarea Compensacion/Tarea Generacion Entidad Pago/input_Ir_nav_t66_input'

2022-04-29 10:31:15 - [TEST_STEP][PASSED] - waitForElementVisible(findTestObject("1-OBJECTS TAREAS PRINCIPALES/Modulo Tarea Compensacion/Tarea Generacion Entidad Pago/span_Generacion Entidad Pago (com)"), 0): Object 'Object Repository/1-OBJECTS TAREAS PRINCIPALES/Modulo Tarea Compensacion/Tarea Generacion Entidad Pago/span_Generacion Entidad Pago (com)' is visible

2022-04-29 10:31:15 - [MESSAGE][WARNING] - Timeout '0' is invalid. Using default page load timeout: '45'

2022-04-29 10:31:16 - [MESSAGE][PASSED] - Object 'Object Repository/1-OBJECTS TAREAS PRINCIPALES/Modulo Tarea Compensacion/Tarea Generacion Entidad Pago/span_Generacion Entidad Pago (com)' is visible

2022-04-29 10:31:16 - [TEST_STEP][PASSED] - click(findTestObject("1-OBJECTS TAREAS PRINCIPALES/Modulo Tarea Compensacion/Tarea Generacion Entidad Pago/span_Generacion Entidad Pago (com)")): Object: 'Object Repository/1-OBJECTS TAREAS PRINCIPALES/Modulo Tarea Compensacion/Tarea Generacion Entidad Pago/span_Generacion Entidad Pago (com)' is clicked on

2022-04-29 10:31:17 - [MESSAGE][PASSED] - Object: 'Object Repository/1-OBJECTS TAREAS PRINCIPALES/Modulo Tarea Compensacion/Tarea Generacion Entidad Pago/span_Generacion Entidad Pago (com)' is clicked on

2022-04-29 10:31:17 - [MESSAGE][PASSED] - Call Test Case 'Test Cases/Utilidades-(atajos_para _tareas)/Tareas Administracion Compensacion/Tarea Generacion Entidad Pago' successfully

2022-04-29 10:31:17 - [TEST_STEP][PASSED] - waitForElementClickable(findTestObject("1-OBJECTS TAREAS PRINCIPALES/Modulo Tarea Compensacion/Liquidacion y Reversion por Bancos/a_Traer"), 0): Object 'Object Repository/1-OBJECTS TAREAS PRINCIPALES/Modulo Tarea Compensacion/Liquidacion y Reversion por Bancos/a_Traer' is clickable

2022-04-29 10:31:17 - [MESSAGE][WARNING] - Timeout '0' is invalid. Using default page load timeout: '45'

2022-04-29 10:31:18 - [MESSAGE][PASSED] - Object 'Object Repository/1-OBJECTS TAREAS PRINCIPALES/Modulo Tarea Compensacion/Liquidacion y Reversion por Bancos/a_Traer' is clickable

2022-04-29 10:31:18 - [TEST_STEP][PASSED] - click(findTestObject("1-OBJECTS TAREAS PRINCIPALES/Modulo Tarea Compensacion/Liquidacion y Reversion por Bancos/a_Traer")): Object: 'Object Repository/1-OBJECTS TAREAS PRINCIPALES/Modulo Tarea Compensacion/Liquidacion y Reversion por Bancos/a_Traer' is clicked on

2022-04-29 10:31:18 - [MESSAGE][PASSED] - Object: 'Object Repository/1-OBJECTS TAREAS PRINCIPALES/Modulo Tarea Compensacion/Liquidacion y Reversion por Bancos/a_Traer' is clicked on

2022-04-29 10:31:18 - [TEST_STEP][PASSED] - click(findTestObject("1-OBJECTS TAREAS PRINCIPALES/Modulo Tarea Compensacion/Liquidacion y Reversion por Bancos/label_Periodo Fuera de Nomina")): Object: 'Object Repository/1-OBJECTS TAREAS PRINCIPALES/Modulo Tarea Compensacion/Liquidacion y Reversion por Bancos/label_Periodo Fuera de Nomina' is clicked on

2022-04-29 10:31:19 - [MESSAGE][PASSED] - Object: 'Object Repository/1-OBJECTS TAREAS PRINCIPALES/Modulo Tarea Compensacion/Liquidacion y Reversion por Bancos/label_Periodo Fuera de Nomina' is clicked on

2022-04-29 10:31:19 - [TEST_STEP][PASSED] - setText(findTestObject("1-OBJECTS TAREAS PRINCIPALES/Modulo Tarea Compensacion/Liquidacion y Reversion por Bancos/input_Fecha_form_popUpTraer"), "01/06/2021"): Text '01/06/2021' is set on object 'Object Repository/1-OBJECTS TAREAS PRINCIPALES/Modulo Tarea Compensacion/Liquidacion y Reversion por Bancos/input_Fecha_form_popUpTraer'

2022-04-29 10:31:20 - [MESSAGE][PASSED] - Text '01/06/2021' is set on object 'Object Repository/1-OBJECTS TAREAS PRINCIPALES/Modulo Tarea Compensacion/Liquidacion y Reversion por Bancos/input_Fecha_form_popUpTraer'

2022-04-29 10:31:20 - [TEST_STEP][PASSED] - click(findTestObject("1-OBJECTS TAREAS PRINCIPALES/Modulo Tarea Compensacion/Liquidacion y Reversion por Bancos/a_Aplicar (1)")): Object: 'Object Repository/1-OBJECTS TAREAS PRINCIPALES/Modulo Tarea Compensacion/Liquidacion y Reversion por Bancos/a_Aplicar (1)' is clicked on

2022-04-29 10:31:20 - [MESSAGE][PASSED] - Object: 'Object Repository/1-OBJECTS TAREAS PRINCIPALES/Modulo Tarea Compensacion/Liquidacion y Reversion por Bancos/a_Aplicar (1)' is clicked on

2022-04-29 10:31:20 - [TEST_STEP][PASSED] - click(findTestObject("1-OBJECTS TAREAS PRINCIPALES/Modulo Tarea Compensacion/Liquidacion y Reversion por Bancos/span_Bogota_ui-chkbox-icon ui-icon ui-icon-blank ui-c")): Object: 'Object Repository/1-OBJECTS TAREAS PRINCIPALES/Modulo Tarea Compensacion/Liquidacion y Reversion por Bancos/span_Bogota_ui-chkbox-icon ui-icon ui-icon-blank ui-c' is clicked on

2022-04-29 10:31:21 - [MESSAGE][PASSED] - Object: 'Object Repository/1-OBJECTS TAREAS PRINCIPALES/Modulo Tarea Compensacion/Liquidacion y Reversion por Bancos/span_Bogota_ui-chkbox-icon ui-icon ui-icon-blank ui-c' is clicked on

2022-04-29 10:31:21 - [TEST_STEP][PASSED] - click(findTestObject("1-OBJECTS TAREAS PRINCIPALES/Modulo Tarea Compensacion/Liquidacion y Reversion por Bancos/a_Liquidar")): Object: 'Object Repository/1-OBJECTS TAREAS PRINCIPALES/Modulo Tarea Compensacion/Liquidacion y Reversion por Bancos/a_Liquidar' is clicked on

2022-04-29 10:31:22 - [MESSAGE][PASSED] - Object: 'Object Repository/1-OBJECTS TAREAS PRINCIPALES/Modulo Tarea Compensacion/Liquidacion y Reversion por Bancos/a_Liquidar' is clicked on

2022-04-29 10:31:22 - [TEST_STEP][PASSED] - click(findTestObject("1-OBJECTS TAREAS PRINCIPALES/Modulo Tarea Compensacion/Liquidacion y Reversion por Bancos/a_Aceptar")): Object: 'Object Repository/1-OBJECTS TAREAS PRINCIPALES/Modulo Tarea Compensacion/Liquidacion y Reversion por Bancos/a_Aceptar' is clicked on

2022-04-29 10:31:22 - [MESSAGE][PASSED] - Object: 'Object Repository/1-OBJECTS TAREAS PRINCIPALES/Modulo Tarea Compensacion/Liquidacion y Reversion por Bancos/a_Aceptar' is clicked on

2022-04-29 10:31:22 - [TEST_STEP][PASSED] - click(findTestObject("1-OBJECTS TAREAS PRINCIPALES/Modulo Tarea Compensacion/Liquidacion y Reversion por Bancos/a_Continua")): Object: 'Object Repository/1-OBJECTS TAREAS PRINCIPALES/Modulo Tarea Compensacion/Liquidacion y Reversion por Bancos/a_Continua' is clicked on

2022-04-29 10:31:26 - [MESSAGE][PASSED] - Object: 'Object Repository/1-OBJECTS TAREAS PRINCIPALES/Modulo Tarea Compensacion/Liquidacion y Reversion por Bancos/a_Continua' is clicked on

2022-04-29 10:31:26 - [TEST_STEP][PASSED] - waitForElementClickable(findTestObject("1-OBJECTS TAREAS PRINCIPALES/Modulo Tarea Compensacion/Liquidacion y Reversion por Bancos/a_Reversar"), 0): Object 'Object Repository/1-OBJECTS TAREAS PRINCIPALES/Modulo Tarea Compensacion/Liquidacion y Reversion por Bancos/a_Reversar' is clickable

2022-04-29 10:31:26 - [MESSAGE][WARNING] - Timeout '0' is invalid. Using default page load timeout: '45'

2022-04-29 10:31:28 - [MESSAGE][PASSED] - Object 'Object Repository/1-OBJECTS TAREAS PRINCIPALES/Modulo Tarea Compensacion/Liquidacion y Reversion por Bancos/a_Reversar' is clickable

2022-04-29 10:31:28 - [TEST_STEP][PASSED] - click(findTestObject("1-OBJECTS TAREAS PRINCIPALES/Modulo Tarea Compensacion/Liquidacion y Reversion por Bancos/a_Reversar")): Object: 'Object Repository/1-OBJECTS TAREAS PRINCIPALES/Modulo Tarea Compensacion/Liquidacion y Reversion por Bancos/a_Reversar' is clicked on

2022-04-29 10:31:28 - [MESSAGE][PASSED] - Object: 'Object Repository/1-OBJECTS TAREAS PRINCIPALES/Modulo Tarea Compensacion/Liquidacion y Reversion por Bancos/a_Reversar' is clicked on

2022-04-29 10:31:28 - [TEST_STEP][PASSED] - click(findTestObject("1-OBJECTS TAREAS PRINCIPALES/Modulo Tarea Compensacion/Liquidacion y Reversion por Bancos/a_Aceptar (1)")): Object: 'Object Repository/1-OBJECTS TAREAS PRINCIPALES/Modulo Tarea Compensacion/Liquidacion y Reversion por Bancos/a_Aceptar (1)' is clicked on

2022-04-29 10:31:29 - [MESSAGE][PASSED] - Object: 'Object Repository/1-OBJECTS TAREAS PRINCIPALES/Modulo Tarea Compensacion/Liquidacion y Reversion por Bancos/a_Aceptar (1)' is clicked on

2022-04-29 10:31:29 - [TEST_STEP][PASSED] - Result = getText(findTestObject("3-OBJECTS UTILIDADES/Alerta/Alerta")): Text of object 'Object Repository/3-OBJECTS UTILIDADES/Alerta/Alerta' is: 'Reversión Satisfactoria'

2022-04-29 10:31:30 - [MESSAGE][PASSED] - Text of object 'Object Repository/3-OBJECTS UTILIDADES/Alerta/Alerta' is: 'Reversión Satisfactoria'

2022-04-29 10:31:30 - [TEST_STEP][PASSED] - if (Result == "Reversión Satisfactoria"): Browser is closed

2022-04-29 10:31:30 - [TEST_STEP][PASSED] - closeBrowser(): Browser is closed

2022-04-29 10:31:30 - [MESSAGE][PASSED] - Browser is closed]]></system-out>
         <system-err><![CDATA[]]></system-err>
      </testcase>
      <testcase name="Test Cases/1.1-Tareas Principales/1.3.8-Exportacion de Archivo de Seguridad Social" time="18.501" classname="Test Cases/1.1-Tareas Principales/1.3.8-Exportacion de Archivo de Seguridad Social" status="PASSED">
         <system-out><![CDATA[2022-04-29 10:31:30 - [TEST_CASE][PASSED] - Test Cases/1.1-Tareas Principales/1.3.8-Exportacion de Archivo de Seguridad Social: Test Cases/1.1-Tareas Principales/1.3.8-Exportacion de Archivo de Seguridad Social

2022-04-29 10:31:31 - [TEST_STEP][PASSED] - callTestCase(findTestCase("Utilidades-(atajos_para _tareas)/Tareas Administracion Compensacion/Tarea Seguridad Social"), [:], STOP_ON_FAILURE): Call Test Case 'Test Cases/Utilidades-(atajos_para _tareas)/Tareas Administracion Compensacion/Tarea Seguridad Social' successfully

2022-04-29 10:31:31 - [TEST_CASE][PASSED] - Test Cases/Utilidades-(atajos_para _tareas)/Tareas Administracion Compensacion/Tarea Seguridad Social: Test Cases/Utilidades-(atajos_para _tareas)/Tareas Administracion Compensacion/Tarea Seguridad Social

2022-04-29 10:31:31 - [TEST_STEP][PASSED] - callTestCase(findTestCase("0.1-Login"), [:], STOP_ON_FAILURE): Call Test Case 'Test Cases/0.1-Login' successfully

2022-04-29 10:31:31 - [TEST_CASE][PASSED] - Test Cases/0.1-Login: Test Cases/0.1-Login

2022-04-29 10:31:31 - [TEST_STEP][PASSED] - openBrowser(""): Browser is opened with url: ''

2022-04-29 10:31:31 - [MESSAGE][INFO] - Starting 'Chrome' driver

2022-04-29 10:31:31 - [MESSAGE][INFO] - Action delay is set to 0 milliseconds

2022-04-29 10:31:32 - [MESSAGE][PASSED] - Browser is opened with url: ''

2022-04-29 10:31:32 - [TEST_STEP][PASSED] - maximizeWindow(): Current window maximized

2022-04-29 10:31:32 - [MESSAGE][PASSED] - Current window maximized

2022-04-29 10:31:32 - [TEST_STEP][PASSED] - i = G_Login: null

2022-04-29 10:31:32 - [TEST_STEP][PASSED] - url = new java.net.URL(i): null

2022-04-29 10:31:32 - [TEST_STEP][PASSED] - println("URL: " + url.toString()): null

2022-04-29 10:31:32 - [TEST_STEP][PASSED] - connection = url.openConnection(): null

2022-04-29 10:31:32 - [TEST_STEP][PASSED] - connection.setRequestMethod("GET"): null

2022-04-29 10:31:32 - [TEST_STEP][PASSED] - connection.setReadTimeout(2 * 1000): null

2022-04-29 10:31:32 - [TEST_STEP][PASSED] - try: null

2022-04-29 10:31:32 - [TEST_STEP][PASSED] - connection.connect(): null

2022-04-29 10:31:32 - [TEST_STEP][PASSED] - flag = connected: null

2022-04-29 10:31:32 - [TEST_STEP][PASSED] - println("Valor_ori: " + flag): null

2022-04-29 10:31:32 - [TEST_STEP][PASSED] - if (flag): null

2022-04-29 10:31:32 - [TEST_STEP][PASSED] - navigateToUrl(i): Navigate to 'http://192.168.2.19:8380/saraweb' successfully

2022-04-29 10:31:33 - [MESSAGE][PASSED] - Navigate to 'http://192.168.2.19:8380/saraweb' successfully

2022-04-29 10:31:33 - [TEST_STEP][PASSED] - a(): null

2022-04-29 10:31:33 - [TEST_STEP][PASSED] - setText(findTestObject("3-OBJECTS UTILIDADES/Login/input_USUARIO_loginusuario"), G_Usuario): Text 'saraadmin' is set on object 'Object Repository/3-OBJECTS UTILIDADES/Login/input_USUARIO_loginusuario'

2022-04-29 10:31:34 - [MESSAGE][PASSED] - Text 'saraadmin' is set on object 'Object Repository/3-OBJECTS UTILIDADES/Login/input_USUARIO_loginusuario'

2022-04-29 10:31:34 - [TEST_STEP][PASSED] - setEncryptedText(findTestObject("3-OBJECTS UTILIDADES/Login/input_CLAVE_loginpassword"), "MkG4/TYiCFC3cb2driP7+Q=="): Text ****** has been set on object 'Object Repository/3-OBJECTS UTILIDADES/Login/input_CLAVE_loginpassword'

2022-04-29 10:31:34 - [MESSAGE][PASSED] - Text ****** has been set on object 'Object Repository/3-OBJECTS UTILIDADES/Login/input_CLAVE_loginpassword'

2022-04-29 10:31:34 - [TEST_STEP][PASSED] - waitForElementClickable(findTestObject("3-OBJECTS UTILIDADES/Login/a_Ingresar"), G_TimeOut): Object 'Object Repository/3-OBJECTS UTILIDADES/Login/a_Ingresar' is clickable

2022-04-29 10:31:35 - [MESSAGE][PASSED] - Object 'Object Repository/3-OBJECTS UTILIDADES/Login/a_Ingresar' is clickable

2022-04-29 10:31:35 - [TEST_STEP][PASSED] - click(findTestObject("3-OBJECTS UTILIDADES/Login/a_Ingresar")): Object: 'Object Repository/3-OBJECTS UTILIDADES/Login/a_Ingresar' is clicked on

2022-04-29 10:31:35 - [MESSAGE][PASSED] - Object: 'Object Repository/3-OBJECTS UTILIDADES/Login/a_Ingresar' is clicked on

2022-04-29 10:31:35 - [TEST_STEP][PASSED] - element = findWebElement(findTestObject("3-OBJECTS UTILIDADES/Login/a_Ir"), 30): null

2022-04-29 10:31:36 - [TEST_STEP][PASSED] - executeJavaScript("arguments[0].click()", Arrays.asList(element)): Execute JavaScript 'arguments[0].click()' successfully

2022-04-29 10:31:36 - [MESSAGE][PASSED] - Execute JavaScript 'arguments[0].click()' successfully

2022-04-29 10:31:36 - [MESSAGE][PASSED] - Call Test Case 'Test Cases/0.1-Login' successfully

2022-04-29 10:31:36 - [TEST_STEP][PASSED] - waitForElementVisible(findTestObject("1-OBJECTS TAREAS PRINCIPALES/Modulo Tarea Compensacion/Tarea Seguridad Social/input_Ir_nav_t66_input"), 0): Object 'Object Repository/1-OBJECTS TAREAS PRINCIPALES/Modulo Tarea Compensacion/Tarea Seguridad Social/input_Ir_nav_t66_input' is visible

2022-04-29 10:31:36 - [MESSAGE][WARNING] - Timeout '0' is invalid. Using default page load timeout: '45'

2022-04-29 10:31:37 - [MESSAGE][PASSED] - Object 'Object Repository/1-OBJECTS TAREAS PRINCIPALES/Modulo Tarea Compensacion/Tarea Seguridad Social/input_Ir_nav_t66_input' is visible

2022-04-29 10:31:37 - [TEST_STEP][PASSED] - setText(findTestObject("1-OBJECTS TAREAS PRINCIPALES/Modulo Tarea Compensacion/Tarea Seguridad Social/input_Ir_nav_t66_input"), "Seguridad Social"): Text 'Seguridad Social' is set on object 'Object Repository/1-OBJECTS TAREAS PRINCIPALES/Modulo Tarea Compensacion/Tarea Seguridad Social/input_Ir_nav_t66_input'

2022-04-29 10:31:37 - [MESSAGE][PASSED] - Text 'Seguridad Social' is set on object 'Object Repository/1-OBJECTS TAREAS PRINCIPALES/Modulo Tarea Compensacion/Tarea Seguridad Social/input_Ir_nav_t66_input'

2022-04-29 10:31:37 - [TEST_STEP][PASSED] - waitForElementVisible(findTestObject("1-OBJECTS TAREAS PRINCIPALES/Modulo Tarea Compensacion/Tarea Seguridad Social/span_Seguridad Social"), 0): Object 'Object Repository/1-OBJECTS TAREAS PRINCIPALES/Modulo Tarea Compensacion/Tarea Seguridad Social/span_Seguridad Social' is visible

2022-04-29 10:31:37 - [MESSAGE][WARNING] - Timeout '0' is invalid. Using default page load timeout: '45'

2022-04-29 10:31:39 - [MESSAGE][PASSED] - Object 'Object Repository/1-OBJECTS TAREAS PRINCIPALES/Modulo Tarea Compensacion/Tarea Seguridad Social/span_Seguridad Social' is visible

2022-04-29 10:31:39 - [TEST_STEP][PASSED] - click(findTestObject("1-OBJECTS TAREAS PRINCIPALES/Modulo Tarea Compensacion/Tarea Seguridad Social/span_Seguridad Social")): Object: 'Object Repository/1-OBJECTS TAREAS PRINCIPALES/Modulo Tarea Compensacion/Tarea Seguridad Social/span_Seguridad Social' is clicked on

2022-04-29 10:31:39 - [MESSAGE][PASSED] - Object: 'Object Repository/1-OBJECTS TAREAS PRINCIPALES/Modulo Tarea Compensacion/Tarea Seguridad Social/span_Seguridad Social' is clicked on

2022-04-29 10:31:39 - [MESSAGE][PASSED] - Call Test Case 'Test Cases/Utilidades-(atajos_para _tareas)/Tareas Administracion Compensacion/Tarea Seguridad Social' successfully

2022-04-29 10:31:39 - [TEST_STEP][PASSED] - waitForElementClickable(findTestObject("1-OBJECTS TAREAS PRINCIPALES/Modulo Tarea Compensacion/Exportacion de Archivo de Seguridad Social/td_Planilla Empleados Empresa"), G_TimeOut): Object 'Object Repository/1-OBJECTS TAREAS PRINCIPALES/Modulo Tarea Compensacion/Exportacion de Archivo de Seguridad Social/td_Planilla Empleados Empresa' is clickable

2022-04-29 10:31:40 - [MESSAGE][PASSED] - Object 'Object Repository/1-OBJECTS TAREAS PRINCIPALES/Modulo Tarea Compensacion/Exportacion de Archivo de Seguridad Social/td_Planilla Empleados Empresa' is clickable

2022-04-29 10:31:40 - [TEST_STEP][PASSED] - click(findTestObject("1-OBJECTS TAREAS PRINCIPALES/Modulo Tarea Compensacion/Exportacion de Archivo de Seguridad Social/td_Planilla Empleados Empresa")): Object: 'Object Repository/1-OBJECTS TAREAS PRINCIPALES/Modulo Tarea Compensacion/Exportacion de Archivo de Seguridad Social/td_Planilla Empleados Empresa' is clicked on

2022-04-29 10:31:41 - [MESSAGE][PASSED] - Object: 'Object Repository/1-OBJECTS TAREAS PRINCIPALES/Modulo Tarea Compensacion/Exportacion de Archivo de Seguridad Social/td_Planilla Empleados Empresa' is clicked on

2022-04-29 10:31:41 - [TEST_STEP][PASSED] - waitForElementClickable(findTestObject("1-OBJECTS TAREAS PRINCIPALES/Modulo Tarea Compensacion/Exportacion de Archivo de Seguridad Social/img_csv"), G_TimeOut): Object 'Object Repository/1-OBJECTS TAREAS PRINCIPALES/Modulo Tarea Compensacion/Exportacion de Archivo de Seguridad Social/img_csv' is clickable

2022-04-29 10:31:44 - [MESSAGE][PASSED] - Object 'Object Repository/1-OBJECTS TAREAS PRINCIPALES/Modulo Tarea Compensacion/Exportacion de Archivo de Seguridad Social/img_csv' is clickable

2022-04-29 10:31:44 - [TEST_STEP][PASSED] - click(findTestObject("1-OBJECTS TAREAS PRINCIPALES/Modulo Tarea Compensacion/Exportacion de Archivo de Seguridad Social/img_csv")): Object: 'Object Repository/1-OBJECTS TAREAS PRINCIPALES/Modulo Tarea Compensacion/Exportacion de Archivo de Seguridad Social/img_csv' is clicked on

2022-04-29 10:31:44 - [MESSAGE][PASSED] - Object: 'Object Repository/1-OBJECTS TAREAS PRINCIPALES/Modulo Tarea Compensacion/Exportacion de Archivo de Seguridad Social/img_csv' is clicked on

2022-04-29 10:31:44 - [TEST_STEP][PASSED] - waitForElementClickable(findTestObject("1-OBJECTS TAREAS PRINCIPALES/Modulo Tarea Compensacion/Exportacion de Archivo de Seguridad Social/a_Archivo"), G_TimeOut): Object 'Object Repository/1-OBJECTS TAREAS PRINCIPALES/Modulo Tarea Compensacion/Exportacion de Archivo de Seguridad Social/a_Archivo' is clickable

2022-04-29 10:31:45 - [MESSAGE][PASSED] - Object 'Object Repository/1-OBJECTS TAREAS PRINCIPALES/Modulo Tarea Compensacion/Exportacion de Archivo de Seguridad Social/a_Archivo' is clickable

2022-04-29 10:31:45 - [TEST_STEP][PASSED] - click(findTestObject("1-OBJECTS TAREAS PRINCIPALES/Modulo Tarea Compensacion/Exportacion de Archivo de Seguridad Social/a_Archivo")): Object: 'Object Repository/1-OBJECTS TAREAS PRINCIPALES/Modulo Tarea Compensacion/Exportacion de Archivo de Seguridad Social/a_Archivo' is clicked on

2022-04-29 10:31:45 - [MESSAGE][PASSED] - Object: 'Object Repository/1-OBJECTS TAREAS PRINCIPALES/Modulo Tarea Compensacion/Exportacion de Archivo de Seguridad Social/a_Archivo' is clicked on

2022-04-29 10:31:45 - [TEST_STEP][PASSED] - click(findTestObject("1-OBJECTS TAREAS PRINCIPALES/Modulo Tarea Compensacion/Exportacion de Archivo de Seguridad Social/a_Archivo_1")): Object: 'Object Repository/1-OBJECTS TAREAS PRINCIPALES/Modulo Tarea Compensacion/Exportacion de Archivo de Seguridad Social/a_Archivo_1' is clicked on

2022-04-29 10:31:46 - [MESSAGE][PASSED] - Object: 'Object Repository/1-OBJECTS TAREAS PRINCIPALES/Modulo Tarea Compensacion/Exportacion de Archivo de Seguridad Social/a_Archivo_1' is clicked on

2022-04-29 10:31:46 - [TEST_STEP][PASSED] - waitForElementClickable(findTestObject("1-OBJECTS TAREAS PRINCIPALES/Modulo Tarea Compensacion/Exportacion de Archivo de Seguridad Social/a_Si"), G_TimeOut): Object 'Object Repository/1-OBJECTS TAREAS PRINCIPALES/Modulo Tarea Compensacion/Exportacion de Archivo de Seguridad Social/a_Si' is clickable

2022-04-29 10:31:48 - [MESSAGE][PASSED] - Object 'Object Repository/1-OBJECTS TAREAS PRINCIPALES/Modulo Tarea Compensacion/Exportacion de Archivo de Seguridad Social/a_Si' is clickable

2022-04-29 10:31:48 - [TEST_STEP][PASSED] - click(findTestObject("1-OBJECTS TAREAS PRINCIPALES/Modulo Tarea Compensacion/Exportacion de Archivo de Seguridad Social/a_Si")): Object: 'Object Repository/1-OBJECTS TAREAS PRINCIPALES/Modulo Tarea Compensacion/Exportacion de Archivo de Seguridad Social/a_Si' is clicked on

2022-04-29 10:31:48 - [MESSAGE][PASSED] - Object: 'Object Repository/1-OBJECTS TAREAS PRINCIPALES/Modulo Tarea Compensacion/Exportacion de Archivo de Seguridad Social/a_Si' is clicked on

2022-04-29 10:31:48 - [TEST_STEP][PASSED] - closeBrowser(): Browser is closed

2022-04-29 10:31:49 - [MESSAGE][PASSED] - Browser is closed]]></system-out>
         <system-err><![CDATA[]]></system-err>
      </testcase>
      <testcase name="Test Cases/1.1-Tareas Principales/1.3.9-Archivo Cargue Operador" time="15.154" classname="Test Cases/1.1-Tareas Principales/1.3.9-Archivo Cargue Operador" status="PASSED">
         <system-out><![CDATA[2022-04-29 10:31:49 - [TEST_CASE][PASSED] - Test Cases/1.1-Tareas Principales/1.3.9-Archivo Cargue Operador: Test Cases/1.1-Tareas Principales/1.3.9-Archivo Cargue Operador

2022-04-29 10:31:49 - [TEST_STEP][PASSED] - callTestCase(findTestCase("Utilidades-(atajos_para _tareas)/Tareas Administracion Compensacion/Tarea Seguridad Social"), [:], STOP_ON_FAILURE): Call Test Case 'Test Cases/Utilidades-(atajos_para _tareas)/Tareas Administracion Compensacion/Tarea Seguridad Social' successfully

2022-04-29 10:31:49 - [TEST_CASE][PASSED] - Test Cases/Utilidades-(atajos_para _tareas)/Tareas Administracion Compensacion/Tarea Seguridad Social: Test Cases/Utilidades-(atajos_para _tareas)/Tareas Administracion Compensacion/Tarea Seguridad Social

2022-04-29 10:31:49 - [TEST_STEP][PASSED] - callTestCase(findTestCase("0.1-Login"), [:], STOP_ON_FAILURE): Call Test Case 'Test Cases/0.1-Login' successfully

2022-04-29 10:31:49 - [TEST_CASE][PASSED] - Test Cases/0.1-Login: Test Cases/0.1-Login

2022-04-29 10:31:49 - [TEST_STEP][PASSED] - openBrowser(""): Browser is opened with url: ''

2022-04-29 10:31:49 - [MESSAGE][INFO] - Starting 'Chrome' driver

2022-04-29 10:31:49 - [MESSAGE][INFO] - Action delay is set to 0 milliseconds

2022-04-29 10:31:51 - [MESSAGE][PASSED] - Browser is opened with url: ''

2022-04-29 10:31:51 - [TEST_STEP][PASSED] - maximizeWindow(): Current window maximized

2022-04-29 10:31:51 - [MESSAGE][PASSED] - Current window maximized

2022-04-29 10:31:51 - [TEST_STEP][PASSED] - i = G_Login: null

2022-04-29 10:31:51 - [TEST_STEP][PASSED] - url = new java.net.URL(i): null

2022-04-29 10:31:51 - [TEST_STEP][PASSED] - println("URL: " + url.toString()): null

2022-04-29 10:31:51 - [TEST_STEP][PASSED] - connection = url.openConnection(): null

2022-04-29 10:31:51 - [TEST_STEP][PASSED] - connection.setRequestMethod("GET"): null

2022-04-29 10:31:51 - [TEST_STEP][PASSED] - connection.setReadTimeout(2 * 1000): null

2022-04-29 10:31:51 - [TEST_STEP][PASSED] - try: null

2022-04-29 10:31:51 - [TEST_STEP][PASSED] - connection.connect(): null

2022-04-29 10:31:51 - [TEST_STEP][PASSED] - flag = connected: null

2022-04-29 10:31:51 - [TEST_STEP][PASSED] - println("Valor_ori: " + flag): null

2022-04-29 10:31:51 - [TEST_STEP][PASSED] - if (flag): null

2022-04-29 10:31:51 - [TEST_STEP][PASSED] - navigateToUrl(i): Navigate to 'http://192.168.2.19:8380/saraweb' successfully

2022-04-29 10:31:52 - [MESSAGE][PASSED] - Navigate to 'http://192.168.2.19:8380/saraweb' successfully

2022-04-29 10:31:52 - [TEST_STEP][PASSED] - a(): null

2022-04-29 10:31:52 - [TEST_STEP][PASSED] - setText(findTestObject("3-OBJECTS UTILIDADES/Login/input_USUARIO_loginusuario"), G_Usuario): Text 'saraadmin' is set on object 'Object Repository/3-OBJECTS UTILIDADES/Login/input_USUARIO_loginusuario'

2022-04-29 10:31:53 - [MESSAGE][PASSED] - Text 'saraadmin' is set on object 'Object Repository/3-OBJECTS UTILIDADES/Login/input_USUARIO_loginusuario'

2022-04-29 10:31:53 - [TEST_STEP][PASSED] - setEncryptedText(findTestObject("3-OBJECTS UTILIDADES/Login/input_CLAVE_loginpassword"), "MkG4/TYiCFC3cb2driP7+Q=="): Text ****** has been set on object 'Object Repository/3-OBJECTS UTILIDADES/Login/input_CLAVE_loginpassword'

2022-04-29 10:31:54 - [MESSAGE][PASSED] - Text ****** has been set on object 'Object Repository/3-OBJECTS UTILIDADES/Login/input_CLAVE_loginpassword'

2022-04-29 10:31:54 - [TEST_STEP][PASSED] - waitForElementClickable(findTestObject("3-OBJECTS UTILIDADES/Login/a_Ingresar"), G_TimeOut): Object 'Object Repository/3-OBJECTS UTILIDADES/Login/a_Ingresar' is clickable

2022-04-29 10:31:54 - [MESSAGE][PASSED] - Object 'Object Repository/3-OBJECTS UTILIDADES/Login/a_Ingresar' is clickable

2022-04-29 10:31:54 - [TEST_STEP][PASSED] - click(findTestObject("3-OBJECTS UTILIDADES/Login/a_Ingresar")): Object: 'Object Repository/3-OBJECTS UTILIDADES/Login/a_Ingresar' is clicked on

2022-04-29 10:31:56 - [MESSAGE][PASSED] - Object: 'Object Repository/3-OBJECTS UTILIDADES/Login/a_Ingresar' is clicked on

2022-04-29 10:31:56 - [TEST_STEP][PASSED] - element = findWebElement(findTestObject("3-OBJECTS UTILIDADES/Login/a_Ir"), 30): null

2022-04-29 10:31:56 - [TEST_STEP][PASSED] - executeJavaScript("arguments[0].click()", Arrays.asList(element)): Execute JavaScript 'arguments[0].click()' successfully

2022-04-29 10:31:56 - [MESSAGE][PASSED] - Execute JavaScript 'arguments[0].click()' successfully

2022-04-29 10:31:56 - [MESSAGE][PASSED] - Call Test Case 'Test Cases/0.1-Login' successfully

2022-04-29 10:31:56 - [TEST_STEP][PASSED] - waitForElementVisible(findTestObject("1-OBJECTS TAREAS PRINCIPALES/Modulo Tarea Compensacion/Tarea Seguridad Social/input_Ir_nav_t66_input"), 0): Object 'Object Repository/1-OBJECTS TAREAS PRINCIPALES/Modulo Tarea Compensacion/Tarea Seguridad Social/input_Ir_nav_t66_input' is visible

2022-04-29 10:31:56 - [MESSAGE][WARNING] - Timeout '0' is invalid. Using default page load timeout: '45'

2022-04-29 10:31:57 - [MESSAGE][PASSED] - Object 'Object Repository/1-OBJECTS TAREAS PRINCIPALES/Modulo Tarea Compensacion/Tarea Seguridad Social/input_Ir_nav_t66_input' is visible

2022-04-29 10:31:57 - [TEST_STEP][PASSED] - setText(findTestObject("1-OBJECTS TAREAS PRINCIPALES/Modulo Tarea Compensacion/Tarea Seguridad Social/input_Ir_nav_t66_input"), "Seguridad Social"): Text 'Seguridad Social' is set on object 'Object Repository/1-OBJECTS TAREAS PRINCIPALES/Modulo Tarea Compensacion/Tarea Seguridad Social/input_Ir_nav_t66_input'

2022-04-29 10:31:57 - [MESSAGE][PASSED] - Text 'Seguridad Social' is set on object 'Object Repository/1-OBJECTS TAREAS PRINCIPALES/Modulo Tarea Compensacion/Tarea Seguridad Social/input_Ir_nav_t66_input'

2022-04-29 10:31:57 - [TEST_STEP][PASSED] - waitForElementVisible(findTestObject("1-OBJECTS TAREAS PRINCIPALES/Modulo Tarea Compensacion/Tarea Seguridad Social/span_Seguridad Social"), 0): Object 'Object Repository/1-OBJECTS TAREAS PRINCIPALES/Modulo Tarea Compensacion/Tarea Seguridad Social/span_Seguridad Social' is visible

2022-04-29 10:31:57 - [MESSAGE][WARNING] - Timeout '0' is invalid. Using default page load timeout: '45'

2022-04-29 10:31:59 - [MESSAGE][PASSED] - Object 'Object Repository/1-OBJECTS TAREAS PRINCIPALES/Modulo Tarea Compensacion/Tarea Seguridad Social/span_Seguridad Social' is visible

2022-04-29 10:31:59 - [TEST_STEP][PASSED] - click(findTestObject("1-OBJECTS TAREAS PRINCIPALES/Modulo Tarea Compensacion/Tarea Seguridad Social/span_Seguridad Social")): Object: 'Object Repository/1-OBJECTS TAREAS PRINCIPALES/Modulo Tarea Compensacion/Tarea Seguridad Social/span_Seguridad Social' is clicked on

2022-04-29 10:31:59 - [MESSAGE][PASSED] - Object: 'Object Repository/1-OBJECTS TAREAS PRINCIPALES/Modulo Tarea Compensacion/Tarea Seguridad Social/span_Seguridad Social' is clicked on

2022-04-29 10:31:59 - [MESSAGE][PASSED] - Call Test Case 'Test Cases/Utilidades-(atajos_para _tareas)/Tareas Administracion Compensacion/Tarea Seguridad Social' successfully

2022-04-29 10:31:59 - [TEST_STEP][PASSED] - waitForElementClickable(findTestObject("1-OBJECTS TAREAS PRINCIPALES/Modulo Tarea Compensacion/Archivo Cargue Operador/td_Planilla Empleados Empresa"), 0): Object 'Object Repository/1-OBJECTS TAREAS PRINCIPALES/Modulo Tarea Compensacion/Archivo Cargue Operador/td_Planilla Empleados Empresa' is clickable

2022-04-29 10:31:59 - [MESSAGE][WARNING] - Timeout '0' is invalid. Using default page load timeout: '45'

2022-04-29 10:32:00 - [MESSAGE][PASSED] - Object 'Object Repository/1-OBJECTS TAREAS PRINCIPALES/Modulo Tarea Compensacion/Archivo Cargue Operador/td_Planilla Empleados Empresa' is clickable

2022-04-29 10:32:00 - [TEST_STEP][PASSED] - click(findTestObject("1-OBJECTS TAREAS PRINCIPALES/Modulo Tarea Compensacion/Archivo Cargue Operador/td_Planilla Empleados Empresa")): Object: 'Object Repository/1-OBJECTS TAREAS PRINCIPALES/Modulo Tarea Compensacion/Archivo Cargue Operador/td_Planilla Empleados Empresa' is clicked on

2022-04-29 10:32:00 - [MESSAGE][PASSED] - Object: 'Object Repository/1-OBJECTS TAREAS PRINCIPALES/Modulo Tarea Compensacion/Archivo Cargue Operador/td_Planilla Empleados Empresa' is clicked on

2022-04-29 10:32:00 - [TEST_STEP][PASSED] - click(findTestObject("1-OBJECTS TAREAS PRINCIPALES/Modulo Tarea Compensacion/Archivo Cargue Operador/a_Archivo_")): Object: 'Object Repository/1-OBJECTS TAREAS PRINCIPALES/Modulo Tarea Compensacion/Archivo Cargue Operador/a_Archivo_' is clicked on

2022-04-29 10:32:01 - [MESSAGE][PASSED] - Object: 'Object Repository/1-OBJECTS TAREAS PRINCIPALES/Modulo Tarea Compensacion/Archivo Cargue Operador/a_Archivo_' is clicked on

2022-04-29 10:32:01 - [TEST_STEP][PASSED] - click(findTestObject("1-OBJECTS TAREAS PRINCIPALES/Modulo Tarea Compensacion/Archivo Cargue Operador/a_Archivo_1")): Object: 'Object Repository/1-OBJECTS TAREAS PRINCIPALES/Modulo Tarea Compensacion/Archivo Cargue Operador/a_Archivo_1' is clicked on

2022-04-29 10:32:02 - [MESSAGE][PASSED] - Object: 'Object Repository/1-OBJECTS TAREAS PRINCIPALES/Modulo Tarea Compensacion/Archivo Cargue Operador/a_Archivo_1' is clicked on

2022-04-29 10:32:02 - [TEST_STEP][PASSED] - click(findTestObject("1-OBJECTS TAREAS PRINCIPALES/Modulo Tarea Compensacion/Archivo Cargue Operador/a_Si")): Object: 'Object Repository/1-OBJECTS TAREAS PRINCIPALES/Modulo Tarea Compensacion/Archivo Cargue Operador/a_Si' is clicked on

2022-04-29 10:32:03 - [MESSAGE][PASSED] - Object: 'Object Repository/1-OBJECTS TAREAS PRINCIPALES/Modulo Tarea Compensacion/Archivo Cargue Operador/a_Si' is clicked on

2022-04-29 10:32:03 - [TEST_STEP][PASSED] - closeBrowser(): Browser is closed

2022-04-29 10:32:04 - [MESSAGE][PASSED] - Browser is closed]]></system-out>
         <system-err><![CDATA[]]></system-err>
      </testcase>
      <testcase name="Test Cases/1.1-Tareas Principales/1.4.1-Liquidacion_de_contrato" time="48.669" classname="Test Cases/1.1-Tareas Principales/1.4.1-Liquidacion_de_contrato" status="PASSED">
         <system-out><![CDATA[2022-04-29 10:32:04 - [TEST_CASE][PASSED] - Test Cases/1.1-Tareas Principales/1.4.1-Liquidacion_de_contrato: Test Cases/1.1-Tareas Principales/1.4.1-Liquidacion_de_contrato

2022-04-29 10:32:04 - [TEST_STEP][PASSED] - callTestCase(findTestCase("Utilidades-(atajos_para _tareas)/Tareas Administracion Compensacion/Tarea Listado Empleados"), [:], STOP_ON_FAILURE): Call Test Case 'Test Cases/Utilidades-(atajos_para _tareas)/Tareas Administracion Compensacion/Tarea Listado Empleados' successfully

2022-04-29 10:32:04 - [TEST_CASE][PASSED] - Test Cases/Utilidades-(atajos_para _tareas)/Tareas Administracion Compensacion/Tarea Listado Empleados: Test Cases/Utilidades-(atajos_para _tareas)/Tareas Administracion Compensacion/Tarea Listado Empleados

2022-04-29 10:32:04 - [TEST_STEP][PASSED] - callTestCase(findTestCase("0.1-Login"), [:], STOP_ON_FAILURE): Call Test Case 'Test Cases/0.1-Login' successfully

2022-04-29 10:32:04 - [TEST_CASE][PASSED] - Test Cases/0.1-Login: Test Cases/0.1-Login

2022-04-29 10:32:04 - [TEST_STEP][PASSED] - openBrowser(""): Browser is opened with url: ''

2022-04-29 10:32:05 - [MESSAGE][INFO] - Starting 'Chrome' driver

2022-04-29 10:32:05 - [MESSAGE][INFO] - Action delay is set to 0 milliseconds

2022-04-29 10:32:06 - [MESSAGE][PASSED] - Browser is opened with url: ''

2022-04-29 10:32:06 - [TEST_STEP][PASSED] - maximizeWindow(): Current window maximized

2022-04-29 10:32:06 - [MESSAGE][PASSED] - Current window maximized

2022-04-29 10:32:06 - [TEST_STEP][PASSED] - i = G_Login: null

2022-04-29 10:32:06 - [TEST_STEP][PASSED] - url = new java.net.URL(i): null

2022-04-29 10:32:06 - [TEST_STEP][PASSED] - println("URL: " + url.toString()): null

2022-04-29 10:32:06 - [TEST_STEP][PASSED] - connection = url.openConnection(): null

2022-04-29 10:32:06 - [TEST_STEP][PASSED] - connection.setRequestMethod("GET"): null

2022-04-29 10:32:06 - [TEST_STEP][PASSED] - connection.setReadTimeout(2 * 1000): null

2022-04-29 10:32:06 - [TEST_STEP][PASSED] - try: null

2022-04-29 10:32:06 - [TEST_STEP][PASSED] - connection.connect(): null

2022-04-29 10:32:06 - [TEST_STEP][PASSED] - flag = connected: null

2022-04-29 10:32:06 - [TEST_STEP][PASSED] - println("Valor_ori: " + flag): null

2022-04-29 10:32:06 - [TEST_STEP][PASSED] - if (flag): null

2022-04-29 10:32:06 - [TEST_STEP][PASSED] - navigateToUrl(i): Navigate to 'http://192.168.2.19:8380/saraweb' successfully

2022-04-29 10:32:06 - [MESSAGE][PASSED] - Navigate to 'http://192.168.2.19:8380/saraweb' successfully

2022-04-29 10:32:06 - [TEST_STEP][PASSED] - a(): null

2022-04-29 10:32:06 - [TEST_STEP][PASSED] - setText(findTestObject("3-OBJECTS UTILIDADES/Login/input_USUARIO_loginusuario"), G_Usuario): Text 'saraadmin' is set on object 'Object Repository/3-OBJECTS UTILIDADES/Login/input_USUARIO_loginusuario'

2022-04-29 10:32:07 - [MESSAGE][PASSED] - Text 'saraadmin' is set on object 'Object Repository/3-OBJECTS UTILIDADES/Login/input_USUARIO_loginusuario'

2022-04-29 10:32:07 - [TEST_STEP][PASSED] - setEncryptedText(findTestObject("3-OBJECTS UTILIDADES/Login/input_CLAVE_loginpassword"), "MkG4/TYiCFC3cb2driP7+Q=="): Text ****** has been set on object 'Object Repository/3-OBJECTS UTILIDADES/Login/input_CLAVE_loginpassword'

2022-04-29 10:32:08 - [MESSAGE][PASSED] - Text ****** has been set on object 'Object Repository/3-OBJECTS UTILIDADES/Login/input_CLAVE_loginpassword'

2022-04-29 10:32:08 - [TEST_STEP][PASSED] - waitForElementClickable(findTestObject("3-OBJECTS UTILIDADES/Login/a_Ingresar"), G_TimeOut): Object 'Object Repository/3-OBJECTS UTILIDADES/Login/a_Ingresar' is clickable

2022-04-29 10:32:08 - [MESSAGE][PASSED] - Object 'Object Repository/3-OBJECTS UTILIDADES/Login/a_Ingresar' is clickable

2022-04-29 10:32:08 - [TEST_STEP][PASSED] - click(findTestObject("3-OBJECTS UTILIDADES/Login/a_Ingresar")): Object: 'Object Repository/3-OBJECTS UTILIDADES/Login/a_Ingresar' is clicked on

2022-04-29 10:32:10 - [MESSAGE][PASSED] - Object: 'Object Repository/3-OBJECTS UTILIDADES/Login/a_Ingresar' is clicked on

2022-04-29 10:32:10 - [TEST_STEP][PASSED] - element = findWebElement(findTestObject("3-OBJECTS UTILIDADES/Login/a_Ir"), 30): null

2022-04-29 10:32:10 - [TEST_STEP][PASSED] - executeJavaScript("arguments[0].click()", Arrays.asList(element)): Execute JavaScript 'arguments[0].click()' successfully

2022-04-29 10:32:10 - [MESSAGE][PASSED] - Execute JavaScript 'arguments[0].click()' successfully

2022-04-29 10:32:10 - [MESSAGE][PASSED] - Call Test Case 'Test Cases/0.1-Login' successfully

2022-04-29 10:32:10 - [TEST_STEP][PASSED] - setText(findTestObject("1-OBJECTS TAREAS PRINCIPALES/Modulo Tarea Listado Hojas de Vida/Tareas Listado Hojas de Vida/input_Listado Hojas De Vida_form_templatej_idt24_input"), "Listado de Empleados"): Text 'Listado de Empleados' is set on object 'Object Repository/1-OBJECTS TAREAS PRINCIPALES/Modulo Tarea Listado Hojas de Vida/Tareas Listado Hojas de Vida/input_Listado Hojas De Vida_form_templatej_idt24_input'

2022-04-29 10:32:11 - [MESSAGE][PASSED] - Text 'Listado de Empleados' is set on object 'Object Repository/1-OBJECTS TAREAS PRINCIPALES/Modulo Tarea Listado Hojas de Vida/Tareas Listado Hojas de Vida/input_Listado Hojas De Vida_form_templatej_idt24_input'

2022-04-29 10:32:11 - [TEST_STEP][PASSED] - waitForElementVisible(findTestObject("1-OBJECTS TAREAS PRINCIPALES/Modulo Tarea Listado Hojas de Vida/Tareas Listado Hojas de Vida/span_Listado de Empleados"), 0): Object 'Object Repository/1-OBJECTS TAREAS PRINCIPALES/Modulo Tarea Listado Hojas de Vida/Tareas Listado Hojas de Vida/span_Listado de Empleados' is visible

2022-04-29 10:32:11 - [MESSAGE][WARNING] - Timeout '0' is invalid. Using default page load timeout: '45'

2022-04-29 10:32:13 - [MESSAGE][PASSED] - Object 'Object Repository/1-OBJECTS TAREAS PRINCIPALES/Modulo Tarea Listado Hojas de Vida/Tareas Listado Hojas de Vida/span_Listado de Empleados' is visible

2022-04-29 10:32:13 - [TEST_STEP][PASSED] - click(findTestObject("1-OBJECTS TAREAS PRINCIPALES/Modulo Tarea Listado Hojas de Vida/Tareas Listado Hojas de Vida/span_Listado de Empleados")): Object: 'Object Repository/1-OBJECTS TAREAS PRINCIPALES/Modulo Tarea Listado Hojas de Vida/Tareas Listado Hojas de Vida/span_Listado de Empleados' is clicked on

2022-04-29 10:32:13 - [MESSAGE][PASSED] - Object: 'Object Repository/1-OBJECTS TAREAS PRINCIPALES/Modulo Tarea Listado Hojas de Vida/Tareas Listado Hojas de Vida/span_Listado de Empleados' is clicked on

2022-04-29 10:32:13 - [MESSAGE][PASSED] - Call Test Case 'Test Cases/Utilidades-(atajos_para _tareas)/Tareas Administracion Compensacion/Tarea Listado Empleados' successfully

2022-04-29 10:32:13 - [TEST_STEP][PASSED] - waitForElementClickable(findTestObject("1-OBJECTS TAREAS PRINCIPALES/Modulo Tarea Compensacion/Liquidar Conceptos y Variables/input_Identificacin_listadoEmp"), 0): Object 'Object Repository/1-OBJECTS TAREAS PRINCIPALES/Modulo Tarea Compensacion/Liquidar Conceptos y Variables/input_Identificacin_listadoEmp' is clickable

2022-04-29 10:32:13 - [MESSAGE][WARNING] - Timeout '0' is invalid. Using default page load timeout: '45'

2022-04-29 10:32:14 - [MESSAGE][PASSED] - Object 'Object Repository/1-OBJECTS TAREAS PRINCIPALES/Modulo Tarea Compensacion/Liquidar Conceptos y Variables/input_Identificacin_listadoEmp' is clickable

2022-04-29 10:32:14 - [TEST_STEP][PASSED] - setText(findTestObject("1-OBJECTS TAREAS PRINCIPALES/Modulo Tarea Compensacion/Liquidar Conceptos y Variables/input_Identificacin_listadoEmp"), "10154472"): Text '10154472' is set on object 'Object Repository/1-OBJECTS TAREAS PRINCIPALES/Modulo Tarea Compensacion/Liquidar Conceptos y Variables/input_Identificacin_listadoEmp'

2022-04-29 10:32:15 - [MESSAGE][PASSED] - Text '10154472' is set on object 'Object Repository/1-OBJECTS TAREAS PRINCIPALES/Modulo Tarea Compensacion/Liquidar Conceptos y Variables/input_Identificacin_listadoEmp'

2022-04-29 10:32:15 - [TEST_STEP][PASSED] - sendKeys(findTestObject("1-OBJECTS TAREAS PRINCIPALES/Modulo Tarea Compensacion/Liquidar Conceptos y Variables/input_Identificacin_listadoEmp"), Keys.chord(ENTER)): Keys 'ENTER + ' sent to object: 'Object Repository/1-OBJECTS TAREAS PRINCIPALES/Modulo Tarea Compensacion/Liquidar Conceptos y Variables/input_Identificacin_listadoEmp'

2022-04-29 10:32:15 - [MESSAGE][PASSED] - Keys 'ENTER + ' sent to object: 'Object Repository/1-OBJECTS TAREAS PRINCIPALES/Modulo Tarea Compensacion/Liquidar Conceptos y Variables/input_Identificacin_listadoEmp'

2022-04-29 10:32:15 - [TEST_STEP][PASSED] - waitForElementClickable(findTestObject("1-OBJECTS TAREAS PRINCIPALES/Modulo Tarea Compensacion/Liquidar Conceptos y Variables/span_CONSTA BELFEGORD JHON"), G_TimeOut): Object 'Object Repository/1-OBJECTS TAREAS PRINCIPALES/Modulo Tarea Compensacion/Liquidar Conceptos y Variables/span_CONSTA BELFEGORD JHON' is clickable

2022-04-29 10:32:16 - [MESSAGE][PASSED] - Object 'Object Repository/1-OBJECTS TAREAS PRINCIPALES/Modulo Tarea Compensacion/Liquidar Conceptos y Variables/span_CONSTA BELFEGORD JHON' is clickable

2022-04-29 10:32:16 - [TEST_STEP][PASSED] - click(findTestObject("1-OBJECTS TAREAS PRINCIPALES/Modulo Tarea Compensacion/Liquidar Conceptos y Variables/span_CONSTA BELFEGORD JHON")): Object: 'Object Repository/1-OBJECTS TAREAS PRINCIPALES/Modulo Tarea Compensacion/Liquidar Conceptos y Variables/span_CONSTA BELFEGORD JHON' is clicked on

2022-04-29 10:32:16 - [MESSAGE][PASSED] - Object: 'Object Repository/1-OBJECTS TAREAS PRINCIPALES/Modulo Tarea Compensacion/Liquidar Conceptos y Variables/span_CONSTA BELFEGORD JHON' is clicked on

2022-04-29 10:32:16 - [TEST_STEP][PASSED] - waitForElementClickable(findTestObject("1-OBJECTS TAREAS PRINCIPALES/Modulo Tarea Compensacion/Liquidar Conceptos y Variables/a_Terminar Contrato"), G_TimeOut): Object 'Object Repository/1-OBJECTS TAREAS PRINCIPALES/Modulo Tarea Compensacion/Liquidar Conceptos y Variables/a_Terminar Contrato' is clickable

2022-04-29 10:32:17 - [MESSAGE][PASSED] - Object 'Object Repository/1-OBJECTS TAREAS PRINCIPALES/Modulo Tarea Compensacion/Liquidar Conceptos y Variables/a_Terminar Contrato' is clickable

2022-04-29 10:32:17 - [TEST_STEP][PASSED] - click(findTestObject("1-OBJECTS TAREAS PRINCIPALES/Modulo Tarea Compensacion/Liquidar Conceptos y Variables/a_Terminar Contrato")): Object: 'Object Repository/1-OBJECTS TAREAS PRINCIPALES/Modulo Tarea Compensacion/Liquidar Conceptos y Variables/a_Terminar Contrato' is clicked on

2022-04-29 10:32:17 - [MESSAGE][PASSED] - Object: 'Object Repository/1-OBJECTS TAREAS PRINCIPALES/Modulo Tarea Compensacion/Liquidar Conceptos y Variables/a_Terminar Contrato' is clicked on

2022-04-29 10:32:17 - [TEST_STEP][PASSED] - waitForElementClickable(findTestObject("1-OBJECTS TAREAS PRINCIPALES/Modulo Tarea Compensacion/Liquidar Conceptos y Variables/span_Liquidar"), G_TimeOut): Object 'Object Repository/1-OBJECTS TAREAS PRINCIPALES/Modulo Tarea Compensacion/Liquidar Conceptos y Variables/span_Liquidar' is clickable

2022-04-29 10:32:18 - [MESSAGE][PASSED] - Object 'Object Repository/1-OBJECTS TAREAS PRINCIPALES/Modulo Tarea Compensacion/Liquidar Conceptos y Variables/span_Liquidar' is clickable

2022-04-29 10:32:18 - [TEST_STEP][PASSED] - click(findTestObject("1-OBJECTS TAREAS PRINCIPALES/Modulo Tarea Compensacion/Liquidar Conceptos y Variables/span_Liquidar")): Object: 'Object Repository/1-OBJECTS TAREAS PRINCIPALES/Modulo Tarea Compensacion/Liquidar Conceptos y Variables/span_Liquidar' is clicked on

2022-04-29 10:32:19 - [MESSAGE][PASSED] - Object: 'Object Repository/1-OBJECTS TAREAS PRINCIPALES/Modulo Tarea Compensacion/Liquidar Conceptos y Variables/span_Liquidar' is clicked on

2022-04-29 10:32:19 - [TEST_STEP][PASSED] - setText(findTestObject("1-OBJECTS TAREAS PRINCIPALES/Modulo Tarea Compensacion/Liquidar Conceptos y Variables/input_Fecha de Retiro_cancelac"), "31/07/2021"): Text '31/07/2021' is set on object 'Object Repository/1-OBJECTS TAREAS PRINCIPALES/Modulo Tarea Compensacion/Liquidar Conceptos y Variables/input_Fecha de Retiro_cancelac'

2022-04-29 10:32:20 - [MESSAGE][PASSED] - Text '31/07/2021' is set on object 'Object Repository/1-OBJECTS TAREAS PRINCIPALES/Modulo Tarea Compensacion/Liquidar Conceptos y Variables/input_Fecha de Retiro_cancelac'

2022-04-29 10:32:20 - [TEST_STEP][PASSED] - click(findTestObject("1-OBJECTS TAREAS PRINCIPALES/Modulo Tarea Compensacion/Liquidar Conceptos y Variables/span_Motivo de Retiro")): Object: 'Object Repository/1-OBJECTS TAREAS PRINCIPALES/Modulo Tarea Compensacion/Liquidar Conceptos y Variables/span_Motivo de Retiro' is clicked on

2022-04-29 10:32:21 - [MESSAGE][PASSED] - Object: 'Object Repository/1-OBJECTS TAREAS PRINCIPALES/Modulo Tarea Compensacion/Liquidar Conceptos y Variables/span_Motivo de Retiro' is clicked on

2022-04-29 10:32:21 - [TEST_STEP][PASSED] - selectOptionByIndex(findTestObject("1-OBJECTS TAREAS PRINCIPALES/Modulo Tarea Compensacion/Liquidar Conceptos y Variables/select_-- Seleccione --SUSTITU"), "1"): All options with index in [1] are selected on object 'Object Repository/1-OBJECTS TAREAS PRINCIPALES/Modulo Tarea Compensacion/Liquidar Conceptos y Variables/select_-- Seleccione --SUSTITU'

2022-04-29 10:32:22 - [MESSAGE][PASSED] - All options with index in [1] are selected on object 'Object Repository/1-OBJECTS TAREAS PRINCIPALES/Modulo Tarea Compensacion/Liquidar Conceptos y Variables/select_-- Seleccione --SUSTITU'

2022-04-29 10:32:22 - [TEST_STEP][PASSED] - selectOptionByIndex(findTestObject("1-OBJECTS TAREAS PRINCIPALES/Modulo Tarea Compensacion/Liquidar Conceptos y Variables/select_---SELECCIONE ---Direct"), "1"): All options with index in [1] are selected on object 'Object Repository/1-OBJECTS TAREAS PRINCIPALES/Modulo Tarea Compensacion/Liquidar Conceptos y Variables/select_---SELECCIONE ---Direct'

2022-04-29 10:32:23 - [MESSAGE][PASSED] - All options with index in [1] are selected on object 'Object Repository/1-OBJECTS TAREAS PRINCIPALES/Modulo Tarea Compensacion/Liquidar Conceptos y Variables/select_---SELECCIONE ---Direct'

2022-04-29 10:32:23 - [TEST_STEP][PASSED] - setText(findTestObject("1-OBJECTS TAREAS PRINCIPALES/Modulo Tarea Compensacion/Liquidar Conceptos y Variables/input_Fecha Pago_cancelacion_c"), "31/07/2021"): Text '31/07/2021' is set on object 'Object Repository/1-OBJECTS TAREAS PRINCIPALES/Modulo Tarea Compensacion/Liquidar Conceptos y Variables/input_Fecha Pago_cancelacion_c'

2022-04-29 10:32:24 - [MESSAGE][PASSED] - Text '31/07/2021' is set on object 'Object Repository/1-OBJECTS TAREAS PRINCIPALES/Modulo Tarea Compensacion/Liquidar Conceptos y Variables/input_Fecha Pago_cancelacion_c'

2022-04-29 10:32:24 - [TEST_STEP][PASSED] - click(findTestObject("1-OBJECTS TAREAS PRINCIPALES/Modulo Tarea Compensacion/Liquidar Conceptos y Variables/span_Calculo Nomina")): Object: 'Object Repository/1-OBJECTS TAREAS PRINCIPALES/Modulo Tarea Compensacion/Liquidar Conceptos y Variables/span_Calculo Nomina' is clicked on

2022-04-29 10:32:25 - [MESSAGE][PASSED] - Object: 'Object Repository/1-OBJECTS TAREAS PRINCIPALES/Modulo Tarea Compensacion/Liquidar Conceptos y Variables/span_Calculo Nomina' is clicked on

2022-04-29 10:32:25 - [TEST_STEP][PASSED] - if (waitForElementVisible(findTestObject("1-OBJECTS TAREAS PRINCIPALES/Modulo Tarea Compensacion/Liquidar Conceptos y Variables/select_-- Seleccione --comprob"), 1)): Web element with id: 'Object Repository/1-OBJECTS TAREAS PRINCIPALES/Modulo Tarea Compensacion/Liquidar Conceptos y Variables/select_-- Seleccione --comprob' located by '//select[@id='cancelacion_contrato:tipoComprobante']' not found

2022-04-29 10:32:29 - [MESSAGE][INFO] - Unable to find the element located by 'By.xpath: //select[@id='cancelacion_contrato:tipoComprobante']'. Please recheck the objects properties to make sure the desired element is located. 

2022-04-29 10:32:29 - [MESSAGE][WARNING] - Web element with id: 'Object Repository/1-OBJECTS TAREAS PRINCIPALES/Modulo Tarea Compensacion/Liquidar Conceptos y Variables/select_-- Seleccione --comprob' located by '//select[@id='cancelacion_contrato:tipoComprobante']' not found

2022-04-29 10:32:29 - [TEST_STEP][PASSED] - click(findTestObject("1-OBJECTS TAREAS PRINCIPALES/Modulo Tarea Compensacion/Liquidar Conceptos y Variables/a_Nuevo0")): Object: 'Object Repository/1-OBJECTS TAREAS PRINCIPALES/Modulo Tarea Compensacion/Liquidar Conceptos y Variables/a_Nuevo0' is clicked on

2022-04-29 10:32:30 - [MESSAGE][PASSED] - Object: 'Object Repository/1-OBJECTS TAREAS PRINCIPALES/Modulo Tarea Compensacion/Liquidar Conceptos y Variables/a_Nuevo0' is clicked on

2022-04-29 10:32:30 - [TEST_STEP][PASSED] - click(findTestObject("1-OBJECTS TAREAS PRINCIPALES/Modulo Tarea Compensacion/Liquidar Conceptos y Variables/span_SALARIO BASICO")): Object: 'Object Repository/1-OBJECTS TAREAS PRINCIPALES/Modulo Tarea Compensacion/Liquidar Conceptos y Variables/span_SALARIO BASICO' is clicked on

2022-04-29 10:32:31 - [MESSAGE][PASSED] - Object: 'Object Repository/1-OBJECTS TAREAS PRINCIPALES/Modulo Tarea Compensacion/Liquidar Conceptos y Variables/span_SALARIO BASICO' is clicked on

2022-04-29 10:32:31 - [TEST_STEP][PASSED] - click(findTestObject("1-OBJECTS TAREAS PRINCIPALES/Modulo Tarea Compensacion/Liquidar Conceptos y Variables/a_Guardar0")): Object: 'Object Repository/1-OBJECTS TAREAS PRINCIPALES/Modulo Tarea Compensacion/Liquidar Conceptos y Variables/a_Guardar0' is clicked on

2022-04-29 10:32:31 - [MESSAGE][PASSED] - Object: 'Object Repository/1-OBJECTS TAREAS PRINCIPALES/Modulo Tarea Compensacion/Liquidar Conceptos y Variables/a_Guardar0' is clicked on

2022-04-29 10:32:31 - [TEST_STEP][PASSED] - click(findTestObject("1-OBJECTS TAREAS PRINCIPALES/Modulo Tarea Compensacion/Liquidar Conceptos y Variables/a_Variable")): Object: 'Object Repository/1-OBJECTS TAREAS PRINCIPALES/Modulo Tarea Compensacion/Liquidar Conceptos y Variables/a_Variable' is clicked on

2022-04-29 10:32:32 - [MESSAGE][PASSED] - Object: 'Object Repository/1-OBJECTS TAREAS PRINCIPALES/Modulo Tarea Compensacion/Liquidar Conceptos y Variables/a_Variable' is clicked on

2022-04-29 10:32:32 - [TEST_STEP][PASSED] - click(findTestObject("1-OBJECTS TAREAS PRINCIPALES/Modulo Tarea Compensacion/Liquidar Conceptos y Variables/a_Nuevo_variable")): Object: 'Object Repository/1-OBJECTS TAREAS PRINCIPALES/Modulo Tarea Compensacion/Liquidar Conceptos y Variables/a_Nuevo_variable' is clicked on

2022-04-29 10:32:33 - [MESSAGE][PASSED] - Object: 'Object Repository/1-OBJECTS TAREAS PRINCIPALES/Modulo Tarea Compensacion/Liquidar Conceptos y Variables/a_Nuevo_variable' is clicked on

2022-04-29 10:32:33 - [TEST_STEP][PASSED] - click(findTestObject("1-OBJECTS TAREAS PRINCIPALES/Modulo Tarea Compensacion/Liquidar Conceptos y Variables/a_Variable_popupVariablaPeriodo_formj_idt777")): Object: 'Object Repository/1-OBJECTS TAREAS PRINCIPALES/Modulo Tarea Compensacion/Liquidar Conceptos y Variables/a_Variable_popupVariablaPeriodo_formj_idt777' is clicked on

2022-04-29 10:32:33 - [MESSAGE][PASSED] - Object: 'Object Repository/1-OBJECTS TAREAS PRINCIPALES/Modulo Tarea Compensacion/Liquidar Conceptos y Variables/a_Variable_popupVariablaPeriodo_formj_idt777' is clicked on

2022-04-29 10:32:33 - [TEST_STEP][PASSED] - click(findTestObject("1-OBJECTS TAREAS PRINCIPALES/Modulo Tarea Compensacion/Liquidar Conceptos y Variables/span_APLICA PAGO PRIMA VACACIONES")): Object: 'Object Repository/1-OBJECTS TAREAS PRINCIPALES/Modulo Tarea Compensacion/Liquidar Conceptos y Variables/span_APLICA PAGO PRIMA VACACIONES' is clicked on

2022-04-29 10:32:34 - [MESSAGE][PASSED] - Object: 'Object Repository/1-OBJECTS TAREAS PRINCIPALES/Modulo Tarea Compensacion/Liquidar Conceptos y Variables/span_APLICA PAGO PRIMA VACACIONES' is clicked on

2022-04-29 10:32:34 - [TEST_STEP][PASSED] - setText(findTestObject("1-OBJECTS TAREAS PRINCIPALES/Modulo Tarea Compensacion/Liquidar Conceptos y Variables/input_Valor_popupVariablaPeriodo_formvalorMostrar"), "200000"): Text '200000' is set on object 'Object Repository/1-OBJECTS TAREAS PRINCIPALES/Modulo Tarea Compensacion/Liquidar Conceptos y Variables/input_Valor_popupVariablaPeriodo_formvalorMostrar'

2022-04-29 10:32:35 - [MESSAGE][PASSED] - Text '200000' is set on object 'Object Repository/1-OBJECTS TAREAS PRINCIPALES/Modulo Tarea Compensacion/Liquidar Conceptos y Variables/input_Valor_popupVariablaPeriodo_formvalorMostrar'

2022-04-29 10:32:35 - [TEST_STEP][PASSED] - click(findTestObject("1-OBJECTS TAREAS PRINCIPALES/Modulo Tarea Compensacion/Liquidar Conceptos y Variables/a_Guardar1")): Object: 'Object Repository/1-OBJECTS TAREAS PRINCIPALES/Modulo Tarea Compensacion/Liquidar Conceptos y Variables/a_Guardar1' is clicked on

2022-04-29 10:32:36 - [MESSAGE][PASSED] - Object: 'Object Repository/1-OBJECTS TAREAS PRINCIPALES/Modulo Tarea Compensacion/Liquidar Conceptos y Variables/a_Guardar1' is clicked on

2022-04-29 10:32:36 - [TEST_STEP][PASSED] - click(findTestObject("1-OBJECTS TAREAS PRINCIPALES/Modulo Tarea Compensacion/Liquidar Conceptos y Variables/a_Novedad Fecha")): Object: 'Object Repository/1-OBJECTS TAREAS PRINCIPALES/Modulo Tarea Compensacion/Liquidar Conceptos y Variables/a_Novedad Fecha' is clicked on

2022-04-29 10:32:37 - [MESSAGE][PASSED] - Object: 'Object Repository/1-OBJECTS TAREAS PRINCIPALES/Modulo Tarea Compensacion/Liquidar Conceptos y Variables/a_Novedad Fecha' is clicked on

2022-04-29 10:32:37 - [TEST_STEP][PASSED] - click(findTestObject("1-OBJECTS TAREAS PRINCIPALES/Modulo Tarea Compensacion/Liquidar Conceptos y Variables/a_Nuevo1")): Object: 'Object Repository/1-OBJECTS TAREAS PRINCIPALES/Modulo Tarea Compensacion/Liquidar Conceptos y Variables/a_Nuevo1' is clicked on

2022-04-29 10:32:37 - [MESSAGE][PASSED] - Object: 'Object Repository/1-OBJECTS TAREAS PRINCIPALES/Modulo Tarea Compensacion/Liquidar Conceptos y Variables/a_Nuevo1' is clicked on

2022-04-29 10:32:37 - [TEST_STEP][PASSED] - click(findTestObject("1-OBJECTS TAREAS PRINCIPALES/Modulo Tarea Compensacion/Liquidar Conceptos y Variables/a_Variable_variableFechaPeriodo_formj_idt200")): Object: 'Object Repository/1-OBJECTS TAREAS PRINCIPALES/Modulo Tarea Compensacion/Liquidar Conceptos y Variables/a_Variable_variableFechaPeriodo_formj_idt200' is clicked on

2022-04-29 10:32:38 - [MESSAGE][PASSED] - Object: 'Object Repository/1-OBJECTS TAREAS PRINCIPALES/Modulo Tarea Compensacion/Liquidar Conceptos y Variables/a_Variable_variableFechaPeriodo_formj_idt200' is clicked on

2022-04-29 10:32:38 - [TEST_STEP][PASSED] - click(findTestObject("1-OBJECTS TAREAS PRINCIPALES/Modulo Tarea Compensacion/Liquidar Conceptos y Variables/span_FLEX - AUXILIO MONET")): Object: 'Object Repository/1-OBJECTS TAREAS PRINCIPALES/Modulo Tarea Compensacion/Liquidar Conceptos y Variables/span_FLEX - AUXILIO MONET' is clicked on

2022-04-29 10:32:39 - [MESSAGE][PASSED] - Object: 'Object Repository/1-OBJECTS TAREAS PRINCIPALES/Modulo Tarea Compensacion/Liquidar Conceptos y Variables/span_FLEX - AUXILIO MONET' is clicked on

2022-04-29 10:32:39 - [TEST_STEP][PASSED] - setText(findTestObject("1-OBJECTS TAREAS PRINCIPALES/Modulo Tarea Compensacion/Liquidar Conceptos y Variables/input_Base_variableFechaPeriodo_formcantidadFecha_input"), "01/06/2021"): Text '01/06/2021' is set on object 'Object Repository/1-OBJECTS TAREAS PRINCIPALES/Modulo Tarea Compensacion/Liquidar Conceptos y Variables/input_Base_variableFechaPeriodo_formcantidadFecha_input'

2022-04-29 10:32:40 - [MESSAGE][PASSED] - Text '01/06/2021' is set on object 'Object Repository/1-OBJECTS TAREAS PRINCIPALES/Modulo Tarea Compensacion/Liquidar Conceptos y Variables/input_Base_variableFechaPeriodo_formcantidadFecha_input'

2022-04-29 10:32:40 - [TEST_STEP][PASSED] - sendKeys(findTestObject("1-OBJECTS TAREAS PRINCIPALES/Modulo Tarea Compensacion/Liquidar Conceptos y Variables/input_Base_variableFechaPeriodo_formcantidadFecha_input"), Keys.chord(ESCAPE)): Keys 'ESCAPE + ' sent to object: 'Object Repository/1-OBJECTS TAREAS PRINCIPALES/Modulo Tarea Compensacion/Liquidar Conceptos y Variables/input_Base_variableFechaPeriodo_formcantidadFecha_input'

2022-04-29 10:32:40 - [MESSAGE][PASSED] - Keys 'ESCAPE + ' sent to object: 'Object Repository/1-OBJECTS TAREAS PRINCIPALES/Modulo Tarea Compensacion/Liquidar Conceptos y Variables/input_Base_variableFechaPeriodo_formcantidadFecha_input'

2022-04-29 10:32:40 - [TEST_STEP][PASSED] - setText(findTestObject("1-OBJECTS TAREAS PRINCIPALES/Modulo Tarea Compensacion/Liquidar Conceptos y Variables/input_Valor_variableFechaPeriodo_formvalor"), "100000"): Text '100000' is set on object 'Object Repository/1-OBJECTS TAREAS PRINCIPALES/Modulo Tarea Compensacion/Liquidar Conceptos y Variables/input_Valor_variableFechaPeriodo_formvalor'

2022-04-29 10:32:41 - [MESSAGE][PASSED] - Text '100000' is set on object 'Object Repository/1-OBJECTS TAREAS PRINCIPALES/Modulo Tarea Compensacion/Liquidar Conceptos y Variables/input_Valor_variableFechaPeriodo_formvalor'

2022-04-29 10:32:41 - [TEST_STEP][PASSED] - setText(findTestObject("1-OBJECTS TAREAS PRINCIPALES/Modulo Tarea Compensacion/Liquidar Conceptos y Variables/input_Presupuestal_variableFechaPeriodo_formpresupuestal"), "100000"): Text '100000' is set on object 'Object Repository/1-OBJECTS TAREAS PRINCIPALES/Modulo Tarea Compensacion/Liquidar Conceptos y Variables/input_Presupuestal_variableFechaPeriodo_formpresupuestal'

2022-04-29 10:32:42 - [MESSAGE][PASSED] - Text '100000' is set on object 'Object Repository/1-OBJECTS TAREAS PRINCIPALES/Modulo Tarea Compensacion/Liquidar Conceptos y Variables/input_Presupuestal_variableFechaPeriodo_formpresupuestal'

2022-04-29 10:32:42 - [TEST_STEP][PASSED] - setText(findTestObject("1-OBJECTS TAREAS PRINCIPALES/Modulo Tarea Compensacion/Liquidar Conceptos y Variables/textarea_Observacin_variableFechaPeriodo_formobservacion"), "pruebas k"): Text 'pruebas k' is set on object 'Object Repository/1-OBJECTS TAREAS PRINCIPALES/Modulo Tarea Compensacion/Liquidar Conceptos y Variables/textarea_Observacin_variableFechaPeriodo_formobservacion'

2022-04-29 10:32:43 - [MESSAGE][PASSED] - Text 'pruebas k' is set on object 'Object Repository/1-OBJECTS TAREAS PRINCIPALES/Modulo Tarea Compensacion/Liquidar Conceptos y Variables/textarea_Observacin_variableFechaPeriodo_formobservacion'

2022-04-29 10:32:43 - [TEST_STEP][PASSED] - click(findTestObject("1-OBJECTS TAREAS PRINCIPALES/Modulo Tarea Compensacion/Liquidar Conceptos y Variables/a_Guardar2")): Object: 'Object Repository/1-OBJECTS TAREAS PRINCIPALES/Modulo Tarea Compensacion/Liquidar Conceptos y Variables/a_Guardar2' is clicked on

2022-04-29 10:32:43 - [MESSAGE][PASSED] - Object: 'Object Repository/1-OBJECTS TAREAS PRINCIPALES/Modulo Tarea Compensacion/Liquidar Conceptos y Variables/a_Guardar2' is clicked on

2022-04-29 10:32:43 - [TEST_STEP][PASSED] - click(findTestObject("1-OBJECTS TAREAS PRINCIPALES/Modulo Tarea Compensacion/Liquidar Conceptos y Variables/a_Concepto")): Object: 'Object Repository/1-OBJECTS TAREAS PRINCIPALES/Modulo Tarea Compensacion/Liquidar Conceptos y Variables/a_Concepto' is clicked on

2022-04-29 10:32:44 - [MESSAGE][PASSED] - Object: 'Object Repository/1-OBJECTS TAREAS PRINCIPALES/Modulo Tarea Compensacion/Liquidar Conceptos y Variables/a_Concepto' is clicked on

2022-04-29 10:32:44 - [TEST_STEP][PASSED] - click(findTestObject("1-OBJECTS TAREAS PRINCIPALES/Modulo Tarea Compensacion/Liquidar Conceptos y Variables/a_Prestaciones Sociales")): Object: 'Object Repository/1-OBJECTS TAREAS PRINCIPALES/Modulo Tarea Compensacion/Liquidar Conceptos y Variables/a_Prestaciones Sociales' is clicked on

2022-04-29 10:32:45 - [MESSAGE][PASSED] - Object: 'Object Repository/1-OBJECTS TAREAS PRINCIPALES/Modulo Tarea Compensacion/Liquidar Conceptos y Variables/a_Prestaciones Sociales' is clicked on

2022-04-29 10:32:45 - [TEST_STEP][PASSED] - click(findTestObject("1-OBJECTS TAREAS PRINCIPALES/Modulo Tarea Compensacion/Liquidar Conceptos y Variables/span_Si")): Object: 'Object Repository/1-OBJECTS TAREAS PRINCIPALES/Modulo Tarea Compensacion/Liquidar Conceptos y Variables/span_Si' is clicked on

2022-04-29 10:32:45 - [MESSAGE][PASSED] - Object: 'Object Repository/1-OBJECTS TAREAS PRINCIPALES/Modulo Tarea Compensacion/Liquidar Conceptos y Variables/span_Si' is clicked on

2022-04-29 10:32:45 - [TEST_STEP][PASSED] - click(findTestObject("1-OBJECTS TAREAS PRINCIPALES/Modulo Tarea Compensacion/Liquidar Conceptos y Variables/a_Reporte")): Object: 'Object Repository/1-OBJECTS TAREAS PRINCIPALES/Modulo Tarea Compensacion/Liquidar Conceptos y Variables/a_Reporte' is clicked on

2022-04-29 10:32:50 - [MESSAGE][PASSED] - Object: 'Object Repository/1-OBJECTS TAREAS PRINCIPALES/Modulo Tarea Compensacion/Liquidar Conceptos y Variables/a_Reporte' is clicked on

2022-04-29 10:32:50 - [TEST_STEP][PASSED] - if (waitForElementPresent(findTestObject("1-OBJECTS TAREAS PRINCIPALES/Modulo Tarea Compensacion/Liquidar Conceptos y Variables/a_Regresar"), 1)): null

2022-04-29 10:32:51 - [MESSAGE][PASSED] - Object 'Object Repository/1-OBJECTS TAREAS PRINCIPALES/Modulo Tarea Compensacion/Liquidar Conceptos y Variables/a_Regresar' is present

2022-04-29 10:32:51 - [TEST_STEP][PASSED] - click(findTestObject("1-OBJECTS TAREAS PRINCIPALES/Modulo Tarea Compensacion/Liquidar Conceptos y Variables/a_Regresar")): Object: 'Object Repository/1-OBJECTS TAREAS PRINCIPALES/Modulo Tarea Compensacion/Liquidar Conceptos y Variables/a_Regresar' is clicked on

2022-04-29 10:32:52 - [MESSAGE][PASSED] - Object: 'Object Repository/1-OBJECTS TAREAS PRINCIPALES/Modulo Tarea Compensacion/Liquidar Conceptos y Variables/a_Regresar' is clicked on

2022-04-29 10:32:52 - [TEST_STEP][PASSED] - closeBrowser(): Browser is closed

2022-04-29 10:32:53 - [MESSAGE][PASSED] - Browser is closed]]></system-out>
         <system-err><![CDATA[]]></system-err>
      </testcase>
      <testcase name="Test Cases/1.1-Tareas Principales/1.4.2-Acto Retiro Empleado" time="30.652" classname="Test Cases/1.1-Tareas Principales/1.4.2-Acto Retiro Empleado" status="PASSED">
         <system-out><![CDATA[2022-04-29 10:32:53 - [TEST_CASE][PASSED] - Test Cases/1.1-Tareas Principales/1.4.2-Acto Retiro Empleado: Test Cases/1.1-Tareas Principales/1.4.2-Acto Retiro Empleado

2022-04-29 10:32:53 - [TEST_STEP][PASSED] - callTestCase(findTestCase("Utilidades-(atajos_para _tareas)/Tareas Actos Administrativos/Tarea Actos Administrativos"), [:], STOP_ON_FAILURE): Call Test Case 'Test Cases/Utilidades-(atajos_para _tareas)/Tareas Actos Administrativos/Tarea Actos Administrativos' successfully

2022-04-29 10:32:53 - [TEST_CASE][PASSED] - Test Cases/Utilidades-(atajos_para _tareas)/Tareas Actos Administrativos/Tarea Actos Administrativos: Test Cases/Utilidades-(atajos_para _tareas)/Tareas Actos Administrativos/Tarea Actos Administrativos

2022-04-29 10:32:53 - [TEST_STEP][PASSED] - callTestCase(findTestCase("0.1-Login"), [:], STOP_ON_FAILURE): Call Test Case 'Test Cases/0.1-Login' successfully

2022-04-29 10:32:53 - [TEST_CASE][PASSED] - Test Cases/0.1-Login: Test Cases/0.1-Login

2022-04-29 10:32:53 - [TEST_STEP][PASSED] - openBrowser(""): Browser is opened with url: ''

2022-04-29 10:32:53 - [MESSAGE][INFO] - Starting 'Chrome' driver

2022-04-29 10:32:53 - [MESSAGE][INFO] - Action delay is set to 0 milliseconds

2022-04-29 10:32:54 - [MESSAGE][PASSED] - Browser is opened with url: ''

2022-04-29 10:32:54 - [TEST_STEP][PASSED] - maximizeWindow(): Current window maximized

2022-04-29 10:32:55 - [MESSAGE][PASSED] - Current window maximized

2022-04-29 10:32:55 - [TEST_STEP][PASSED] - i = G_Login: null

2022-04-29 10:32:55 - [TEST_STEP][PASSED] - url = new java.net.URL(i): null

2022-04-29 10:32:55 - [TEST_STEP][PASSED] - println("URL: " + url.toString()): null

2022-04-29 10:32:55 - [TEST_STEP][PASSED] - connection = url.openConnection(): null

2022-04-29 10:32:55 - [TEST_STEP][PASSED] - connection.setRequestMethod("GET"): null

2022-04-29 10:32:55 - [TEST_STEP][PASSED] - connection.setReadTimeout(2 * 1000): null

2022-04-29 10:32:55 - [TEST_STEP][PASSED] - try: null

2022-04-29 10:32:55 - [TEST_STEP][PASSED] - connection.connect(): null

2022-04-29 10:32:55 - [TEST_STEP][PASSED] - flag = connected: null

2022-04-29 10:32:55 - [TEST_STEP][PASSED] - println("Valor_ori: " + flag): null

2022-04-29 10:32:55 - [TEST_STEP][PASSED] - if (flag): null

2022-04-29 10:32:55 - [TEST_STEP][PASSED] - navigateToUrl(i): Navigate to 'http://192.168.2.19:8380/saraweb' successfully

2022-04-29 10:32:55 - [MESSAGE][PASSED] - Navigate to 'http://192.168.2.19:8380/saraweb' successfully

2022-04-29 10:32:55 - [TEST_STEP][PASSED] - a(): null

2022-04-29 10:32:55 - [TEST_STEP][PASSED] - setText(findTestObject("3-OBJECTS UTILIDADES/Login/input_USUARIO_loginusuario"), G_Usuario): Text 'saraadmin' is set on object 'Object Repository/3-OBJECTS UTILIDADES/Login/input_USUARIO_loginusuario'

2022-04-29 10:32:56 - [MESSAGE][PASSED] - Text 'saraadmin' is set on object 'Object Repository/3-OBJECTS UTILIDADES/Login/input_USUARIO_loginusuario'

2022-04-29 10:32:56 - [TEST_STEP][PASSED] - setEncryptedText(findTestObject("3-OBJECTS UTILIDADES/Login/input_CLAVE_loginpassword"), "MkG4/TYiCFC3cb2driP7+Q=="): Text ****** has been set on object 'Object Repository/3-OBJECTS UTILIDADES/Login/input_CLAVE_loginpassword'

2022-04-29 10:32:56 - [MESSAGE][PASSED] - Text ****** has been set on object 'Object Repository/3-OBJECTS UTILIDADES/Login/input_CLAVE_loginpassword'

2022-04-29 10:32:56 - [TEST_STEP][PASSED] - waitForElementClickable(findTestObject("3-OBJECTS UTILIDADES/Login/a_Ingresar"), G_TimeOut): Object 'Object Repository/3-OBJECTS UTILIDADES/Login/a_Ingresar' is clickable

2022-04-29 10:32:57 - [MESSAGE][PASSED] - Object 'Object Repository/3-OBJECTS UTILIDADES/Login/a_Ingresar' is clickable

2022-04-29 10:32:57 - [TEST_STEP][PASSED] - click(findTestObject("3-OBJECTS UTILIDADES/Login/a_Ingresar")): Object: 'Object Repository/3-OBJECTS UTILIDADES/Login/a_Ingresar' is clicked on

2022-04-29 10:32:57 - [MESSAGE][PASSED] - Object: 'Object Repository/3-OBJECTS UTILIDADES/Login/a_Ingresar' is clicked on

2022-04-29 10:32:57 - [TEST_STEP][PASSED] - element = findWebElement(findTestObject("3-OBJECTS UTILIDADES/Login/a_Ir"), 30): null

2022-04-29 10:32:58 - [TEST_STEP][PASSED] - executeJavaScript("arguments[0].click()", Arrays.asList(element)): Execute JavaScript 'arguments[0].click()' successfully

2022-04-29 10:32:58 - [MESSAGE][PASSED] - Execute JavaScript 'arguments[0].click()' successfully

2022-04-29 10:32:58 - [MESSAGE][PASSED] - Call Test Case 'Test Cases/0.1-Login' successfully

2022-04-29 10:32:58 - [TEST_STEP][PASSED] - waitForElementClickable(findTestObject("1-OBJECTS TAREAS PRINCIPALES/Modulo Tarea Actos Administrativos/Tarea Actos Administrativos/input_ADMINISTRADOR DEL SISTEMA"), G_TimeOut): Object 'Object Repository/1-OBJECTS TAREAS PRINCIPALES/Modulo Tarea Actos Administrativos/Tarea Actos Administrativos/input_ADMINISTRADOR DEL SISTEMA' is clickable

2022-04-29 10:32:59 - [MESSAGE][PASSED] - Object 'Object Repository/1-OBJECTS TAREAS PRINCIPALES/Modulo Tarea Actos Administrativos/Tarea Actos Administrativos/input_ADMINISTRADOR DEL SISTEMA' is clickable

2022-04-29 10:32:59 - [TEST_STEP][PASSED] - setText(findTestObject("1-OBJECTS TAREAS PRINCIPALES/Modulo Tarea Actos Administrativos/Tarea Actos Administrativos/input_ADMINISTRADOR DEL SISTEMA"), "Actos Administrativos"): Text 'Actos Administrativos' is set on object 'Object Repository/1-OBJECTS TAREAS PRINCIPALES/Modulo Tarea Actos Administrativos/Tarea Actos Administrativos/input_ADMINISTRADOR DEL SISTEMA'

2022-04-29 10:32:59 - [MESSAGE][PASSED] - Text 'Actos Administrativos' is set on object 'Object Repository/1-OBJECTS TAREAS PRINCIPALES/Modulo Tarea Actos Administrativos/Tarea Actos Administrativos/input_ADMINISTRADOR DEL SISTEMA'

2022-04-29 10:32:59 - [TEST_STEP][PASSED] - waitForElementVisible(findTestObject("1-OBJECTS TAREAS PRINCIPALES/Modulo Tarea Actos Administrativos/Tarea Actos Administrativos/span_Tarea actos administrativos"), 0): Object 'Object Repository/1-OBJECTS TAREAS PRINCIPALES/Modulo Tarea Actos Administrativos/Tarea Actos Administrativos/span_Tarea actos administrativos' is visible

2022-04-29 10:32:59 - [MESSAGE][WARNING] - Timeout '0' is invalid. Using default page load timeout: '45'

2022-04-29 10:33:01 - [MESSAGE][PASSED] - Object 'Object Repository/1-OBJECTS TAREAS PRINCIPALES/Modulo Tarea Actos Administrativos/Tarea Actos Administrativos/span_Tarea actos administrativos' is visible

2022-04-29 10:33:01 - [TEST_STEP][PASSED] - click(findTestObject("1-OBJECTS TAREAS PRINCIPALES/Modulo Tarea Actos Administrativos/Tarea Actos Administrativos/span_Tarea actos administrativos")): Object: 'Object Repository/1-OBJECTS TAREAS PRINCIPALES/Modulo Tarea Actos Administrativos/Tarea Actos Administrativos/span_Tarea actos administrativos' is clicked on

2022-04-29 10:33:01 - [MESSAGE][PASSED] - Object: 'Object Repository/1-OBJECTS TAREAS PRINCIPALES/Modulo Tarea Actos Administrativos/Tarea Actos Administrativos/span_Tarea actos administrativos' is clicked on

2022-04-29 10:33:01 - [MESSAGE][PASSED] - Call Test Case 'Test Cases/Utilidades-(atajos_para _tareas)/Tareas Actos Administrativos/Tarea Actos Administrativos' successfully

2022-04-29 10:33:01 - [TEST_STEP][PASSED] - waitForElementClickable(findTestObject("1-OBJECTS TAREAS PRINCIPALES/Modulo Tarea Actos Administrativos/Acto Retiro Empleado/i_Acto Movimento de planta_gly"), G_TimeOut): Object 'Object Repository/1-OBJECTS TAREAS PRINCIPALES/Modulo Tarea Actos Administrativos/Acto Retiro Empleado/i_Acto Movimento de planta_gly' is clickable

2022-04-29 10:33:02 - [MESSAGE][PASSED] - Object 'Object Repository/1-OBJECTS TAREAS PRINCIPALES/Modulo Tarea Actos Administrativos/Acto Retiro Empleado/i_Acto Movimento de planta_gly' is clickable

2022-04-29 10:33:02 - [TEST_STEP][PASSED] - click(findTestObject("1-OBJECTS TAREAS PRINCIPALES/Modulo Tarea Actos Administrativos/Acto Retiro Empleado/i_Acto Movimento de planta_gly")): Object: 'Object Repository/1-OBJECTS TAREAS PRINCIPALES/Modulo Tarea Actos Administrativos/Acto Retiro Empleado/i_Acto Movimento de planta_gly' is clicked on

2022-04-29 10:33:02 - [MESSAGE][PASSED] - Object: 'Object Repository/1-OBJECTS TAREAS PRINCIPALES/Modulo Tarea Actos Administrativos/Acto Retiro Empleado/i_Acto Movimento de planta_gly' is clicked on

2022-04-29 10:33:02 - [TEST_STEP][PASSED] - waitForElementClickable(findTestObject("1-OBJECTS TAREAS PRINCIPALES/Modulo Tarea Actos Administrativos/Acto Retiro Empleado/a_Actos de Retiro del empleado"), G_TimeOut): Object 'Object Repository/1-OBJECTS TAREAS PRINCIPALES/Modulo Tarea Actos Administrativos/Acto Retiro Empleado/a_Actos de Retiro del empleado' is clickable

2022-04-29 10:33:03 - [MESSAGE][PASSED] - Object 'Object Repository/1-OBJECTS TAREAS PRINCIPALES/Modulo Tarea Actos Administrativos/Acto Retiro Empleado/a_Actos de Retiro del empleado' is clickable

2022-04-29 10:33:03 - [TEST_STEP][PASSED] - click(findTestObject("1-OBJECTS TAREAS PRINCIPALES/Modulo Tarea Actos Administrativos/Acto Retiro Empleado/a_Actos de Retiro del empleado")): Object: 'Object Repository/1-OBJECTS TAREAS PRINCIPALES/Modulo Tarea Actos Administrativos/Acto Retiro Empleado/a_Actos de Retiro del empleado' is clicked on

2022-04-29 10:33:03 - [MESSAGE][PASSED] - Object: 'Object Repository/1-OBJECTS TAREAS PRINCIPALES/Modulo Tarea Actos Administrativos/Acto Retiro Empleado/a_Actos de Retiro del empleado' is clicked on

2022-04-29 10:33:03 - [TEST_STEP][PASSED] - waitForElementClickable(findTestObject("1-OBJECTS TAREAS PRINCIPALES/Modulo Tarea Actos Administrativos/Acto Retiro Empleado/span_terminacion de contrato"), G_TimeOut): Object 'Object Repository/1-OBJECTS TAREAS PRINCIPALES/Modulo Tarea Actos Administrativos/Acto Retiro Empleado/span_terminacion de contrato' is clickable

2022-04-29 10:33:04 - [MESSAGE][PASSED] - Object 'Object Repository/1-OBJECTS TAREAS PRINCIPALES/Modulo Tarea Actos Administrativos/Acto Retiro Empleado/span_terminacion de contrato' is clickable

2022-04-29 10:33:04 - [TEST_STEP][PASSED] - click(findTestObject("1-OBJECTS TAREAS PRINCIPALES/Modulo Tarea Actos Administrativos/Acto Retiro Empleado/span_terminacion de contrato")): Object: 'Object Repository/1-OBJECTS TAREAS PRINCIPALES/Modulo Tarea Actos Administrativos/Acto Retiro Empleado/span_terminacion de contrato' is clicked on

2022-04-29 10:33:04 - [MESSAGE][PASSED] - Object: 'Object Repository/1-OBJECTS TAREAS PRINCIPALES/Modulo Tarea Actos Administrativos/Acto Retiro Empleado/span_terminacion de contrato' is clicked on

2022-04-29 10:33:04 - [TEST_STEP][PASSED] - waitForElementClickable(findTestObject("1-OBJECTS TAREAS PRINCIPALES/Modulo Tarea Actos Administrativos/Acto Retiro Empleado/a_Elaboracin_form_popupSeleccionDerogarj_idt134"), G_TimeOut): Object 'Object Repository/1-OBJECTS TAREAS PRINCIPALES/Modulo Tarea Actos Administrativos/Acto Retiro Empleado/a_Elaboracin_form_popupSeleccionDerogarj_idt134' is clickable

2022-04-29 10:33:05 - [MESSAGE][PASSED] - Object 'Object Repository/1-OBJECTS TAREAS PRINCIPALES/Modulo Tarea Actos Administrativos/Acto Retiro Empleado/a_Elaboracin_form_popupSeleccionDerogarj_idt134' is clickable

2022-04-29 10:33:05 - [TEST_STEP][PASSED] - click(findTestObject("1-OBJECTS TAREAS PRINCIPALES/Modulo Tarea Actos Administrativos/Acto Retiro Empleado/a_Elaboracin_form_popupSeleccionDerogarj_idt134")): Object: 'Object Repository/1-OBJECTS TAREAS PRINCIPALES/Modulo Tarea Actos Administrativos/Acto Retiro Empleado/a_Elaboracin_form_popupSeleccionDerogarj_idt134' is clicked on

2022-04-29 10:33:06 - [MESSAGE][PASSED] - Object: 'Object Repository/1-OBJECTS TAREAS PRINCIPALES/Modulo Tarea Actos Administrativos/Acto Retiro Empleado/a_Elaboracin_form_popupSeleccionDerogarj_idt134' is clicked on

2022-04-29 10:33:06 - [TEST_STEP][PASSED] - waitForElementClickable(findTestObject("1-OBJECTS TAREAS PRINCIPALES/Modulo Tarea Actos Administrativos/Acto Retiro Empleado/a_Identificacin_form_actoAusentismoj_idt1208"), G_TimeOut): Object 'Object Repository/1-OBJECTS TAREAS PRINCIPALES/Modulo Tarea Actos Administrativos/Acto Retiro Empleado/a_Identificacin_form_actoAusentismoj_idt1208' is clickable

2022-04-29 10:33:07 - [MESSAGE][PASSED] - Object 'Object Repository/1-OBJECTS TAREAS PRINCIPALES/Modulo Tarea Actos Administrativos/Acto Retiro Empleado/a_Identificacin_form_actoAusentismoj_idt1208' is clickable

2022-04-29 10:33:07 - [TEST_STEP][PASSED] - click(findTestObject("1-OBJECTS TAREAS PRINCIPALES/Modulo Tarea Actos Administrativos/Acto Retiro Empleado/a_Identificacin_form_actoAusentismoj_idt1208")): Object: 'Object Repository/1-OBJECTS TAREAS PRINCIPALES/Modulo Tarea Actos Administrativos/Acto Retiro Empleado/a_Identificacin_form_actoAusentismoj_idt1208' is clicked on

2022-04-29 10:33:08 - [MESSAGE][PASSED] - Object: 'Object Repository/1-OBJECTS TAREAS PRINCIPALES/Modulo Tarea Actos Administrativos/Acto Retiro Empleado/a_Identificacin_form_actoAusentismoj_idt1208' is clicked on

2022-04-29 10:33:08 - [TEST_STEP][PASSED] - setText(findTestObject("1-OBJECTS TAREAS PRINCIPALES/Modulo Tarea Actos Administrativos/Acto Retiro Empleado/input_Filtro Empleado_form_actoAusentismoj_idt1434"), "66666"): Text '66666' is set on object 'Object Repository/1-OBJECTS TAREAS PRINCIPALES/Modulo Tarea Actos Administrativos/Acto Retiro Empleado/input_Filtro Empleado_form_actoAusentismoj_idt1434'

2022-04-29 10:33:09 - [MESSAGE][PASSED] - Text '66666' is set on object 'Object Repository/1-OBJECTS TAREAS PRINCIPALES/Modulo Tarea Actos Administrativos/Acto Retiro Empleado/input_Filtro Empleado_form_actoAusentismoj_idt1434'

2022-04-29 10:33:09 - [TEST_STEP][PASSED] - sendKeys(findTestObject("1-OBJECTS TAREAS PRINCIPALES/Modulo Tarea Actos Administrativos/Acto Retiro Empleado/input_Filtro Empleado_form_actoAusentismoj_idt1434"), Keys.chord(ENTER)): Keys 'ENTER + ' sent to object: 'Object Repository/1-OBJECTS TAREAS PRINCIPALES/Modulo Tarea Actos Administrativos/Acto Retiro Empleado/input_Filtro Empleado_form_actoAusentismoj_idt1434'

2022-04-29 10:33:09 - [MESSAGE][PASSED] - Keys 'ENTER + ' sent to object: 'Object Repository/1-OBJECTS TAREAS PRINCIPALES/Modulo Tarea Actos Administrativos/Acto Retiro Empleado/input_Filtro Empleado_form_actoAusentismoj_idt1434'

2022-04-29 10:33:09 - [TEST_STEP][PASSED] - waitForElementClickable(findTestObject("1-OBJECTS TAREAS PRINCIPALES/Modulo Tarea Actos Administrativos/Acto Retiro Empleado/span_SALGADO PAULA"), G_TimeOut): Object 'Object Repository/1-OBJECTS TAREAS PRINCIPALES/Modulo Tarea Actos Administrativos/Acto Retiro Empleado/span_SALGADO PAULA' is clickable

2022-04-29 10:33:10 - [MESSAGE][PASSED] - Object 'Object Repository/1-OBJECTS TAREAS PRINCIPALES/Modulo Tarea Actos Administrativos/Acto Retiro Empleado/span_SALGADO PAULA' is clickable

2022-04-29 10:33:10 - [TEST_STEP][PASSED] - click(findTestObject("1-OBJECTS TAREAS PRINCIPALES/Modulo Tarea Actos Administrativos/Acto Retiro Empleado/span_SALGADO PAULA")): Object: 'Object Repository/1-OBJECTS TAREAS PRINCIPALES/Modulo Tarea Actos Administrativos/Acto Retiro Empleado/span_SALGADO PAULA' is clicked on

2022-04-29 10:33:10 - [MESSAGE][PASSED] - Object: 'Object Repository/1-OBJECTS TAREAS PRINCIPALES/Modulo Tarea Actos Administrativos/Acto Retiro Empleado/span_SALGADO PAULA' is clicked on

2022-04-29 10:33:10 - [TEST_STEP][PASSED] - waitForElementClickable(findTestObject("1-OBJECTS TAREAS PRINCIPALES/Modulo Tarea Actos Administrativos/Acto Retiro Empleado/a_Continuar"), G_TimeOut): Object 'Object Repository/1-OBJECTS TAREAS PRINCIPALES/Modulo Tarea Actos Administrativos/Acto Retiro Empleado/a_Continuar' is clickable

2022-04-29 10:33:11 - [MESSAGE][PASSED] - Object 'Object Repository/1-OBJECTS TAREAS PRINCIPALES/Modulo Tarea Actos Administrativos/Acto Retiro Empleado/a_Continuar' is clickable

2022-04-29 10:33:11 - [TEST_STEP][PASSED] - click(findTestObject("1-OBJECTS TAREAS PRINCIPALES/Modulo Tarea Actos Administrativos/Acto Retiro Empleado/a_Continuar")): Object: 'Object Repository/1-OBJECTS TAREAS PRINCIPALES/Modulo Tarea Actos Administrativos/Acto Retiro Empleado/a_Continuar' is clicked on

2022-04-29 10:33:11 - [MESSAGE][PASSED] - Object: 'Object Repository/1-OBJECTS TAREAS PRINCIPALES/Modulo Tarea Actos Administrativos/Acto Retiro Empleado/a_Continuar' is clicked on

2022-04-29 10:33:11 - [TEST_STEP][PASSED] - setText(findTestObject("1-OBJECTS TAREAS PRINCIPALES/Modulo Tarea Actos Administrativos/Acto Retiro Empleado/input__form_actoAusentismoj_id"), "31/12/2018"): Text '31/12/2018' is set on object 'Object Repository/1-OBJECTS TAREAS PRINCIPALES/Modulo Tarea Actos Administrativos/Acto Retiro Empleado/input__form_actoAusentismoj_id'

2022-04-29 10:33:12 - [MESSAGE][PASSED] - Text '31/12/2018' is set on object 'Object Repository/1-OBJECTS TAREAS PRINCIPALES/Modulo Tarea Actos Administrativos/Acto Retiro Empleado/input__form_actoAusentismoj_id'

2022-04-29 10:33:12 - [TEST_STEP][PASSED] - waitForElementClickable(findTestObject("1-OBJECTS TAREAS PRINCIPALES/Modulo Tarea Actos Administrativos/Acto Retiro Empleado/a_Continuar_1"), G_TimeOut): Object 'Object Repository/1-OBJECTS TAREAS PRINCIPALES/Modulo Tarea Actos Administrativos/Acto Retiro Empleado/a_Continuar_1' is clickable

2022-04-29 10:33:13 - [MESSAGE][PASSED] - Object 'Object Repository/1-OBJECTS TAREAS PRINCIPALES/Modulo Tarea Actos Administrativos/Acto Retiro Empleado/a_Continuar_1' is clickable

2022-04-29 10:33:13 - [TEST_STEP][PASSED] - click(findTestObject("1-OBJECTS TAREAS PRINCIPALES/Modulo Tarea Actos Administrativos/Acto Retiro Empleado/a_Continuar_1")): Object: 'Object Repository/1-OBJECTS TAREAS PRINCIPALES/Modulo Tarea Actos Administrativos/Acto Retiro Empleado/a_Continuar_1' is clicked on

2022-04-29 10:33:13 - [MESSAGE][PASSED] - Object: 'Object Repository/1-OBJECTS TAREAS PRINCIPALES/Modulo Tarea Actos Administrativos/Acto Retiro Empleado/a_Continuar_1' is clicked on

2022-04-29 10:33:13 - [TEST_STEP][PASSED] - waitForElementClickable(findTestObject("1-OBJECTS TAREAS PRINCIPALES/Modulo Tarea Actos Administrativos/Acto Retiro Empleado/a_Aplicar"), G_TimeOut): Object 'Object Repository/1-OBJECTS TAREAS PRINCIPALES/Modulo Tarea Actos Administrativos/Acto Retiro Empleado/a_Aplicar' is clickable

2022-04-29 10:33:15 - [MESSAGE][PASSED] - Object 'Object Repository/1-OBJECTS TAREAS PRINCIPALES/Modulo Tarea Actos Administrativos/Acto Retiro Empleado/a_Aplicar' is clickable

2022-04-29 10:33:15 - [TEST_STEP][PASSED] - click(findTestObject("1-OBJECTS TAREAS PRINCIPALES/Modulo Tarea Actos Administrativos/Acto Retiro Empleado/a_Aplicar")): Object: 'Object Repository/1-OBJECTS TAREAS PRINCIPALES/Modulo Tarea Actos Administrativos/Acto Retiro Empleado/a_Aplicar' is clicked on

2022-04-29 10:33:16 - [MESSAGE][PASSED] - Object: 'Object Repository/1-OBJECTS TAREAS PRINCIPALES/Modulo Tarea Actos Administrativos/Acto Retiro Empleado/a_Aplicar' is clicked on

2022-04-29 10:33:16 - [TEST_STEP][PASSED] - click(findTestObject("1-OBJECTS TAREAS PRINCIPALES/Modulo Tarea Actos Administrativos/Acto Retiro Empleado/span_Si")): Object: 'Object Repository/1-OBJECTS TAREAS PRINCIPALES/Modulo Tarea Actos Administrativos/Acto Retiro Empleado/span_Si' is clicked on

2022-04-29 10:33:16 - [MESSAGE][PASSED] - Object: 'Object Repository/1-OBJECTS TAREAS PRINCIPALES/Modulo Tarea Actos Administrativos/Acto Retiro Empleado/span_Si' is clicked on

2022-04-29 10:33:16 - [TEST_STEP][PASSED] - click(findTestObject("1-OBJECTS TAREAS PRINCIPALES/Modulo Tarea Actos Administrativos/Acto Retiro Empleado/a_Aceptar0")): Object: 'Object Repository/1-OBJECTS TAREAS PRINCIPALES/Modulo Tarea Actos Administrativos/Acto Retiro Empleado/a_Aceptar0' is clicked on

2022-04-29 10:33:18 - [MESSAGE][PASSED] - Object: 'Object Repository/1-OBJECTS TAREAS PRINCIPALES/Modulo Tarea Actos Administrativos/Acto Retiro Empleado/a_Aceptar0' is clicked on

2022-04-29 10:33:18 - [TEST_STEP][PASSED] - click(findTestObject("1-OBJECTS TAREAS PRINCIPALES/Modulo Tarea Actos Administrativos/Acto Retiro Empleado/a_Elaborar_form_ActosAdministrativostabla_principal_11j_idt79")): Object: 'Object Repository/1-OBJECTS TAREAS PRINCIPALES/Modulo Tarea Actos Administrativos/Acto Retiro Empleado/a_Elaborar_form_ActosAdministrativostabla_principal_11j_idt79' is clicked on

2022-04-29 10:33:19 - [MESSAGE][PASSED] - Object: 'Object Repository/1-OBJECTS TAREAS PRINCIPALES/Modulo Tarea Actos Administrativos/Acto Retiro Empleado/a_Elaborar_form_ActosAdministrativostabla_principal_11j_idt79' is clicked on

2022-04-29 10:33:19 - [TEST_STEP][PASSED] - click(findTestObject("1-OBJECTS TAREAS PRINCIPALES/Modulo Tarea Actos Administrativos/Acto Retiro Empleado/td_66666")): Object: 'Object Repository/1-OBJECTS TAREAS PRINCIPALES/Modulo Tarea Actos Administrativos/Acto Retiro Empleado/td_66666' is clicked on

2022-04-29 10:33:20 - [MESSAGE][PASSED] - Object: 'Object Repository/1-OBJECTS TAREAS PRINCIPALES/Modulo Tarea Actos Administrativos/Acto Retiro Empleado/td_66666' is clicked on

2022-04-29 10:33:20 - [TEST_STEP][PASSED] - click(findTestObject("1-OBJECTS TAREAS PRINCIPALES/Modulo Tarea Actos Administrativos/Acto Retiro Empleado/a_Aplicar1")): Object: 'Object Repository/1-OBJECTS TAREAS PRINCIPALES/Modulo Tarea Actos Administrativos/Acto Retiro Empleado/a_Aplicar1' is clicked on

2022-04-29 10:33:20 - [MESSAGE][PASSED] - Object: 'Object Repository/1-OBJECTS TAREAS PRINCIPALES/Modulo Tarea Actos Administrativos/Acto Retiro Empleado/a_Aplicar1' is clicked on

2022-04-29 10:33:20 - [TEST_STEP][PASSED] - click(findTestObject("1-OBJECTS TAREAS PRINCIPALES/Modulo Tarea Actos Administrativos/Acto Retiro Empleado/span_Si1")): Object: 'Object Repository/1-OBJECTS TAREAS PRINCIPALES/Modulo Tarea Actos Administrativos/Acto Retiro Empleado/span_Si1' is clicked on

2022-04-29 10:33:21 - [MESSAGE][PASSED] - Object: 'Object Repository/1-OBJECTS TAREAS PRINCIPALES/Modulo Tarea Actos Administrativos/Acto Retiro Empleado/span_Si1' is clicked on

2022-04-29 10:33:21 - [TEST_STEP][PASSED] - click(findTestObject("1-OBJECTS TAREAS PRINCIPALES/Modulo Tarea Actos Administrativos/Acto Retiro Empleado/a_Aceptar1")): Object: 'Object Repository/1-OBJECTS TAREAS PRINCIPALES/Modulo Tarea Actos Administrativos/Acto Retiro Empleado/a_Aceptar1' is clicked on

2022-04-29 10:33:22 - [MESSAGE][PASSED] - Object: 'Object Repository/1-OBJECTS TAREAS PRINCIPALES/Modulo Tarea Actos Administrativos/Acto Retiro Empleado/a_Aceptar1' is clicked on

2022-04-29 10:33:22 - [TEST_STEP][PASSED] - if (waitForElementVisible(findTestObject("1-OBJECTS TAREAS PRINCIPALES/Modulo Tarea Actos Administrativos/Acto Retiro Empleado/p_No existen datos"), 1)): null

2022-04-29 10:33:23 - [MESSAGE][PASSED] - Object 'Object Repository/1-OBJECTS TAREAS PRINCIPALES/Modulo Tarea Actos Administrativos/Acto Retiro Empleado/p_No existen datos' is visible

2022-04-29 10:33:23 - [TEST_STEP][PASSED] - closeBrowser(): Browser is closed

2022-04-29 10:33:23 - [MESSAGE][PASSED] - Browser is closed]]></system-out>
         <system-err><![CDATA[]]></system-err>
      </testcase>
      <testcase name="Test Cases/1.1-Tareas Principales/1.4.3-Generacion Interfaz" time="28.33" classname="Test Cases/1.1-Tareas Principales/1.4.3-Generacion Interfaz" status="PASSED">
         <system-out><![CDATA[2022-04-29 10:33:23 - [TEST_CASE][PASSED] - Test Cases/1.1-Tareas Principales/1.4.3-Generacion Interfaz: Test Cases/1.1-Tareas Principales/1.4.3-Generacion Interfaz

2022-04-29 10:33:24 - [TEST_STEP][PASSED] - callTestCase(findTestCase("0.1-Login"), [:], STOP_ON_FAILURE): Call Test Case 'Test Cases/0.1-Login' successfully

2022-04-29 10:33:24 - [TEST_CASE][PASSED] - Test Cases/0.1-Login: Test Cases/0.1-Login

2022-04-29 10:33:24 - [TEST_STEP][PASSED] - openBrowser(""): Browser is opened with url: ''

2022-04-29 10:33:24 - [MESSAGE][INFO] - Starting 'Chrome' driver

2022-04-29 10:33:24 - [MESSAGE][INFO] - Action delay is set to 0 milliseconds

2022-04-29 10:33:25 - [MESSAGE][PASSED] - Browser is opened with url: ''

2022-04-29 10:33:25 - [TEST_STEP][PASSED] - maximizeWindow(): Current window maximized

2022-04-29 10:33:25 - [MESSAGE][PASSED] - Current window maximized

2022-04-29 10:33:25 - [TEST_STEP][PASSED] - i = G_Login: null

2022-04-29 10:33:25 - [TEST_STEP][PASSED] - url = new java.net.URL(i): null

2022-04-29 10:33:25 - [TEST_STEP][PASSED] - println("URL: " + url.toString()): null

2022-04-29 10:33:25 - [TEST_STEP][PASSED] - connection = url.openConnection(): null

2022-04-29 10:33:25 - [TEST_STEP][PASSED] - connection.setRequestMethod("GET"): null

2022-04-29 10:33:25 - [TEST_STEP][PASSED] - connection.setReadTimeout(2 * 1000): null

2022-04-29 10:33:25 - [TEST_STEP][PASSED] - try: null

2022-04-29 10:33:25 - [TEST_STEP][PASSED] - connection.connect(): null

2022-04-29 10:33:25 - [TEST_STEP][PASSED] - flag = connected: null

2022-04-29 10:33:25 - [TEST_STEP][PASSED] - println("Valor_ori: " + flag): null

2022-04-29 10:33:25 - [TEST_STEP][PASSED] - if (flag): null

2022-04-29 10:33:25 - [TEST_STEP][PASSED] - navigateToUrl(i): Navigate to 'http://192.168.2.19:8380/saraweb' successfully

2022-04-29 10:33:26 - [MESSAGE][PASSED] - Navigate to 'http://192.168.2.19:8380/saraweb' successfully

2022-04-29 10:33:26 - [TEST_STEP][PASSED] - a(): null

2022-04-29 10:33:26 - [TEST_STEP][PASSED] - setText(findTestObject("3-OBJECTS UTILIDADES/Login/input_USUARIO_loginusuario"), G_Usuario): Text 'saraadmin' is set on object 'Object Repository/3-OBJECTS UTILIDADES/Login/input_USUARIO_loginusuario'

2022-04-29 10:33:27 - [MESSAGE][PASSED] - Text 'saraadmin' is set on object 'Object Repository/3-OBJECTS UTILIDADES/Login/input_USUARIO_loginusuario'

2022-04-29 10:33:27 - [TEST_STEP][PASSED] - setEncryptedText(findTestObject("3-OBJECTS UTILIDADES/Login/input_CLAVE_loginpassword"), "MkG4/TYiCFC3cb2driP7+Q=="): Text ****** has been set on object 'Object Repository/3-OBJECTS UTILIDADES/Login/input_CLAVE_loginpassword'

2022-04-29 10:33:27 - [MESSAGE][PASSED] - Text ****** has been set on object 'Object Repository/3-OBJECTS UTILIDADES/Login/input_CLAVE_loginpassword'

2022-04-29 10:33:27 - [TEST_STEP][PASSED] - waitForElementClickable(findTestObject("3-OBJECTS UTILIDADES/Login/a_Ingresar"), G_TimeOut): Object 'Object Repository/3-OBJECTS UTILIDADES/Login/a_Ingresar' is clickable

2022-04-29 10:33:27 - [MESSAGE][PASSED] - Object 'Object Repository/3-OBJECTS UTILIDADES/Login/a_Ingresar' is clickable

2022-04-29 10:33:27 - [TEST_STEP][PASSED] - click(findTestObject("3-OBJECTS UTILIDADES/Login/a_Ingresar")): Object: 'Object Repository/3-OBJECTS UTILIDADES/Login/a_Ingresar' is clicked on

2022-04-29 10:33:29 - [MESSAGE][PASSED] - Object: 'Object Repository/3-OBJECTS UTILIDADES/Login/a_Ingresar' is clicked on

2022-04-29 10:33:29 - [TEST_STEP][PASSED] - element = findWebElement(findTestObject("3-OBJECTS UTILIDADES/Login/a_Ir"), 30): null

2022-04-29 10:33:29 - [TEST_STEP][PASSED] - executeJavaScript("arguments[0].click()", Arrays.asList(element)): Execute JavaScript 'arguments[0].click()' successfully

2022-04-29 10:33:29 - [MESSAGE][PASSED] - Execute JavaScript 'arguments[0].click()' successfully

2022-04-29 10:33:29 - [MESSAGE][PASSED] - Call Test Case 'Test Cases/0.1-Login' successfully

2022-04-29 10:33:29 - [TEST_STEP][PASSED] - setText(findTestObject("1-OBJECTS TAREAS PRINCIPALES/Modulo Tarea Compensacion/Generacion interfaz/input_ADMINISTRADOR DEL SISTEMA"), "Generacion interfaz (com)"): Text 'Generacion interfaz (com)' is set on object 'Object Repository/1-OBJECTS TAREAS PRINCIPALES/Modulo Tarea Compensacion/Generacion interfaz/input_ADMINISTRADOR DEL SISTEMA'

2022-04-29 10:33:30 - [MESSAGE][PASSED] - Text 'Generacion interfaz (com)' is set on object 'Object Repository/1-OBJECTS TAREAS PRINCIPALES/Modulo Tarea Compensacion/Generacion interfaz/input_ADMINISTRADOR DEL SISTEMA'

2022-04-29 10:33:30 - [TEST_STEP][PASSED] - waitForElementVisible(findTestObject("1-OBJECTS TAREAS PRINCIPALES/Modulo Tarea Compensacion/Generacion interfaz/span_generacion interfaz(com)"), 0): Object 'Object Repository/1-OBJECTS TAREAS PRINCIPALES/Modulo Tarea Compensacion/Generacion interfaz/span_generacion interfaz(com)' is visible

2022-04-29 10:33:31 - [MESSAGE][WARNING] - Timeout '0' is invalid. Using default page load timeout: '45'

2022-04-29 10:33:32 - [MESSAGE][PASSED] - Object 'Object Repository/1-OBJECTS TAREAS PRINCIPALES/Modulo Tarea Compensacion/Generacion interfaz/span_generacion interfaz(com)' is visible

2022-04-29 10:33:32 - [TEST_STEP][PASSED] - click(findTestObject("1-OBJECTS TAREAS PRINCIPALES/Modulo Tarea Compensacion/Generacion interfaz/span_generacion interfaz(com)")): Object: 'Object Repository/1-OBJECTS TAREAS PRINCIPALES/Modulo Tarea Compensacion/Generacion interfaz/span_generacion interfaz(com)' is clicked on

2022-04-29 10:33:32 - [MESSAGE][PASSED] - Object: 'Object Repository/1-OBJECTS TAREAS PRINCIPALES/Modulo Tarea Compensacion/Generacion interfaz/span_generacion interfaz(com)' is clicked on

2022-04-29 10:33:32 - [TEST_STEP][PASSED] - waitForElementClickable(findTestObject("1-OBJECTS TAREAS PRINCIPALES/Modulo Tarea Compensacion/Generacion interfaz/span_INTERFAZ NOMINA INTERFAZ"), G_TimeOut): Object 'Object Repository/1-OBJECTS TAREAS PRINCIPALES/Modulo Tarea Compensacion/Generacion interfaz/span_INTERFAZ NOMINA INTERFAZ' is clickable

2022-04-29 10:33:33 - [MESSAGE][PASSED] - Object 'Object Repository/1-OBJECTS TAREAS PRINCIPALES/Modulo Tarea Compensacion/Generacion interfaz/span_INTERFAZ NOMINA INTERFAZ' is clickable

2022-04-29 10:33:33 - [TEST_STEP][PASSED] - click(findTestObject("1-OBJECTS TAREAS PRINCIPALES/Modulo Tarea Compensacion/Generacion interfaz/span_INTERFAZ NOMINA INTERFAZ")): Object: 'Object Repository/1-OBJECTS TAREAS PRINCIPALES/Modulo Tarea Compensacion/Generacion interfaz/span_INTERFAZ NOMINA INTERFAZ' is clicked on

2022-04-29 10:33:33 - [MESSAGE][PASSED] - Object: 'Object Repository/1-OBJECTS TAREAS PRINCIPALES/Modulo Tarea Compensacion/Generacion interfaz/span_INTERFAZ NOMINA INTERFAZ' is clicked on

2022-04-29 10:33:33 - [TEST_STEP][PASSED] - waitForElementClickable(findTestObject("1-OBJECTS TAREAS PRINCIPALES/Modulo Tarea Compensacion/Generacion interfaz/div_-_ui-chkbox-box ui-widget"), G_TimeOut): Object 'Object Repository/1-OBJECTS TAREAS PRINCIPALES/Modulo Tarea Compensacion/Generacion interfaz/div_-_ui-chkbox-box ui-widget' is clickable

2022-04-29 10:33:34 - [MESSAGE][PASSED] - Object 'Object Repository/1-OBJECTS TAREAS PRINCIPALES/Modulo Tarea Compensacion/Generacion interfaz/div_-_ui-chkbox-box ui-widget' is clickable

2022-04-29 10:33:34 - [TEST_STEP][PASSED] - click(findTestObject("1-OBJECTS TAREAS PRINCIPALES/Modulo Tarea Compensacion/Generacion interfaz/div_-_ui-chkbox-box ui-widget")): Object: 'Object Repository/1-OBJECTS TAREAS PRINCIPALES/Modulo Tarea Compensacion/Generacion interfaz/div_-_ui-chkbox-box ui-widget' is clicked on

2022-04-29 10:33:35 - [MESSAGE][PASSED] - Object: 'Object Repository/1-OBJECTS TAREAS PRINCIPALES/Modulo Tarea Compensacion/Generacion interfaz/div_-_ui-chkbox-box ui-widget' is clicked on

2022-04-29 10:33:35 - [TEST_STEP][PASSED] - waitForElementClickable(findTestObject("1-OBJECTS TAREAS PRINCIPALES/Modulo Tarea Compensacion/Generacion interfaz/a_Generar"), G_TimeOut): Object 'Object Repository/1-OBJECTS TAREAS PRINCIPALES/Modulo Tarea Compensacion/Generacion interfaz/a_Generar' is clickable

2022-04-29 10:33:36 - [MESSAGE][PASSED] - Object 'Object Repository/1-OBJECTS TAREAS PRINCIPALES/Modulo Tarea Compensacion/Generacion interfaz/a_Generar' is clickable

2022-04-29 10:33:36 - [TEST_STEP][PASSED] - click(findTestObject("1-OBJECTS TAREAS PRINCIPALES/Modulo Tarea Compensacion/Generacion interfaz/a_Generar")): Object: 'Object Repository/1-OBJECTS TAREAS PRINCIPALES/Modulo Tarea Compensacion/Generacion interfaz/a_Generar' is clicked on

2022-04-29 10:33:36 - [MESSAGE][PASSED] - Object: 'Object Repository/1-OBJECTS TAREAS PRINCIPALES/Modulo Tarea Compensacion/Generacion interfaz/a_Generar' is clicked on

2022-04-29 10:33:36 - [TEST_STEP][PASSED] - setText(findTestObject("1-OBJECTS TAREAS PRINCIPALES/Modulo Tarea Compensacion/Generacion interfaz/input_Fecha Inicial _popupGeneracion"), "01/01/2021"): Text '01/01/2021' is set on object 'Object Repository/1-OBJECTS TAREAS PRINCIPALES/Modulo Tarea Compensacion/Generacion interfaz/input_Fecha Inicial _popupGeneracion'

2022-04-29 10:33:37 - [MESSAGE][PASSED] - Text '01/01/2021' is set on object 'Object Repository/1-OBJECTS TAREAS PRINCIPALES/Modulo Tarea Compensacion/Generacion interfaz/input_Fecha Inicial _popupGeneracion'

2022-04-29 10:33:37 - [TEST_STEP][PASSED] - waitForElementClickable(findTestObject("1-OBJECTS TAREAS PRINCIPALES/Modulo Tarea Compensacion/Generacion interfaz/td_Rango Fechas"), G_TimeOut): Object 'Object Repository/1-OBJECTS TAREAS PRINCIPALES/Modulo Tarea Compensacion/Generacion interfaz/td_Rango Fechas' is clickable

2022-04-29 10:33:37 - [MESSAGE][PASSED] - Object 'Object Repository/1-OBJECTS TAREAS PRINCIPALES/Modulo Tarea Compensacion/Generacion interfaz/td_Rango Fechas' is clickable

2022-04-29 10:33:37 - [TEST_STEP][PASSED] - click(findTestObject("1-OBJECTS TAREAS PRINCIPALES/Modulo Tarea Compensacion/Generacion interfaz/td_Rango Fechas")): Object: 'Object Repository/1-OBJECTS TAREAS PRINCIPALES/Modulo Tarea Compensacion/Generacion interfaz/td_Rango Fechas' is clicked on

2022-04-29 10:33:38 - [MESSAGE][PASSED] - Object: 'Object Repository/1-OBJECTS TAREAS PRINCIPALES/Modulo Tarea Compensacion/Generacion interfaz/td_Rango Fechas' is clicked on

2022-04-29 10:33:38 - [TEST_STEP][PASSED] - setText(findTestObject("1-OBJECTS TAREAS PRINCIPALES/Modulo Tarea Compensacion/Generacion interfaz/input_Fecha Final_popupGeneracion"), "30/01/2021"): Text '30/01/2021' is set on object 'Object Repository/1-OBJECTS TAREAS PRINCIPALES/Modulo Tarea Compensacion/Generacion interfaz/input_Fecha Final_popupGeneracion'

2022-04-29 10:33:39 - [MESSAGE][PASSED] - Text '30/01/2021' is set on object 'Object Repository/1-OBJECTS TAREAS PRINCIPALES/Modulo Tarea Compensacion/Generacion interfaz/input_Fecha Final_popupGeneracion'

2022-04-29 10:33:39 - [TEST_STEP][PASSED] - waitForElementClickable(findTestObject("1-OBJECTS TAREAS PRINCIPALES/Modulo Tarea Compensacion/Generacion interfaz/td_Rango Fechas"), G_TimeOut): Object 'Object Repository/1-OBJECTS TAREAS PRINCIPALES/Modulo Tarea Compensacion/Generacion interfaz/td_Rango Fechas' is clickable

2022-04-29 10:33:39 - [MESSAGE][PASSED] - Object 'Object Repository/1-OBJECTS TAREAS PRINCIPALES/Modulo Tarea Compensacion/Generacion interfaz/td_Rango Fechas' is clickable

2022-04-29 10:33:39 - [TEST_STEP][PASSED] - click(findTestObject("1-OBJECTS TAREAS PRINCIPALES/Modulo Tarea Compensacion/Generacion interfaz/td_Rango Fechas")): Object: 'Object Repository/1-OBJECTS TAREAS PRINCIPALES/Modulo Tarea Compensacion/Generacion interfaz/td_Rango Fechas' is clicked on

2022-04-29 10:33:39 - [MESSAGE][PASSED] - Object: 'Object Repository/1-OBJECTS TAREAS PRINCIPALES/Modulo Tarea Compensacion/Generacion interfaz/td_Rango Fechas' is clicked on

2022-04-29 10:33:39 - [TEST_STEP][PASSED] - setText(findTestObject("1-OBJECTS TAREAS PRINCIPALES/Modulo Tarea Compensacion/Generacion interfaz/input_Fecha Proceso_popupGeneracion"), "01/01/2021"): Text '01/01/2021' is set on object 'Object Repository/1-OBJECTS TAREAS PRINCIPALES/Modulo Tarea Compensacion/Generacion interfaz/input_Fecha Proceso_popupGeneracion'

2022-04-29 10:33:40 - [MESSAGE][PASSED] - Text '01/01/2021' is set on object 'Object Repository/1-OBJECTS TAREAS PRINCIPALES/Modulo Tarea Compensacion/Generacion interfaz/input_Fecha Proceso_popupGeneracion'

2022-04-29 10:33:40 - [TEST_STEP][PASSED] - waitForElementClickable(findTestObject("1-OBJECTS TAREAS PRINCIPALES/Modulo Tarea Compensacion/Generacion interfaz/span_Generar (1)"), G_TimeOut): Object 'Object Repository/1-OBJECTS TAREAS PRINCIPALES/Modulo Tarea Compensacion/Generacion interfaz/span_Generar (1)' is clickable

2022-04-29 10:33:41 - [MESSAGE][PASSED] - Object 'Object Repository/1-OBJECTS TAREAS PRINCIPALES/Modulo Tarea Compensacion/Generacion interfaz/span_Generar (1)' is clickable

2022-04-29 10:33:41 - [TEST_STEP][PASSED] - click(findTestObject("1-OBJECTS TAREAS PRINCIPALES/Modulo Tarea Compensacion/Generacion interfaz/span_Generar (1)")): Object: 'Object Repository/1-OBJECTS TAREAS PRINCIPALES/Modulo Tarea Compensacion/Generacion interfaz/span_Generar (1)' is clicked on

2022-04-29 10:33:41 - [MESSAGE][PASSED] - Object: 'Object Repository/1-OBJECTS TAREAS PRINCIPALES/Modulo Tarea Compensacion/Generacion interfaz/span_Generar (1)' is clicked on

2022-04-29 10:33:41 - [TEST_STEP][PASSED] - click(findTestObject("1-OBJECTS TAREAS PRINCIPALES/Modulo Tarea Compensacion/Generacion interfaz/a_Si")): Object: 'Object Repository/1-OBJECTS TAREAS PRINCIPALES/Modulo Tarea Compensacion/Generacion interfaz/a_Si' is clicked on

2022-04-29 10:33:42 - [MESSAGE][PASSED] - Object: 'Object Repository/1-OBJECTS TAREAS PRINCIPALES/Modulo Tarea Compensacion/Generacion interfaz/a_Si' is clicked on

2022-04-29 10:33:42 - [TEST_STEP][PASSED] - waitForElementVisible(findTestObject("1-OBJECTS TAREAS PRINCIPALES/Modulo Tarea Compensacion/Generacion interfaz/a_Continuar"), 0): Object 'Object Repository/1-OBJECTS TAREAS PRINCIPALES/Modulo Tarea Compensacion/Generacion interfaz/a_Continuar' is visible

2022-04-29 10:33:42 - [MESSAGE][WARNING] - Timeout '0' is invalid. Using default page load timeout: '45'

2022-04-29 10:33:51 - [MESSAGE][PASSED] - Object 'Object Repository/1-OBJECTS TAREAS PRINCIPALES/Modulo Tarea Compensacion/Generacion interfaz/a_Continuar' is visible

2022-04-29 10:33:51 - [TEST_STEP][PASSED] - if (findTestObject("1-OBJECTS TAREAS PRINCIPALES/Modulo Tarea Compensacion/Generacion interfaz/a_Continuar") == true && click(findTestObject("1-OBJECTS TAREAS PRINCIPALES/Modulo Tarea Compensacion/Generacion interfaz/span_Interfaz")) == false): null

2022-04-29 10:33:51 - [TEST_STEP][PASSED] - else: Browser is closed

2022-04-29 10:33:51 - [TEST_STEP][PASSED] - closeBrowser(): Browser is closed

2022-04-29 10:33:52 - [MESSAGE][PASSED] - Browser is closed

2022-04-29 10:33:52 - [TEST_STEP][PASSED] - closeBrowser(): Browser is closed

2022-04-29 10:33:52 - [MESSAGE][PASSED] - Browser is closed]]></system-out>
         <system-err><![CDATA[]]></system-err>
      </testcase>
      <testcase name="Test Cases/1.1-Tareas Principales/1.4.4-Crear Puesto de Trabajo" time="80.563" classname="Test Cases/1.1-Tareas Principales/1.4.4-Crear Puesto de Trabajo" status="PASSED">
         <system-out><![CDATA[2022-04-29 10:33:52 - [TEST_CASE][PASSED] - Test Cases/1.1-Tareas Principales/1.4.4-Crear Puesto de Trabajo: Test Cases/1.1-Tareas Principales/1.4.4-Crear Puesto de Trabajo

2022-04-29 10:33:52 - [TEST_STEP][PASSED] - callTestCase(findTestCase("Utilidades-(atajos_para _tareas)/Tareas Administracion Compensacion/Tarea Planta Personal"), [:], STOP_ON_FAILURE): Call Test Case 'Test Cases/Utilidades-(atajos_para _tareas)/Tareas Administracion Compensacion/Tarea Planta Personal' successfully

2022-04-29 10:33:52 - [TEST_CASE][PASSED] - Test Cases/Utilidades-(atajos_para _tareas)/Tareas Administracion Compensacion/Tarea Planta Personal: Test Cases/Utilidades-(atajos_para _tareas)/Tareas Administracion Compensacion/Tarea Planta Personal

2022-04-29 10:33:52 - [TEST_STEP][PASSED] - callTestCase(findTestCase("0.1-Login"), [:], STOP_ON_FAILURE): Call Test Case 'Test Cases/0.1-Login' successfully

2022-04-29 10:33:53 - [TEST_CASE][PASSED] - Test Cases/0.1-Login: Test Cases/0.1-Login

2022-04-29 10:33:53 - [TEST_STEP][PASSED] - openBrowser(""): Browser is opened with url: ''

2022-04-29 10:33:53 - [MESSAGE][INFO] - Starting 'Chrome' driver

2022-04-29 10:33:53 - [MESSAGE][INFO] - Action delay is set to 0 milliseconds

2022-04-29 10:33:54 - [MESSAGE][PASSED] - Browser is opened with url: ''

2022-04-29 10:33:54 - [TEST_STEP][PASSED] - maximizeWindow(): Current window maximized

2022-04-29 10:33:54 - [MESSAGE][PASSED] - Current window maximized

2022-04-29 10:33:54 - [TEST_STEP][PASSED] - i = G_Login: null

2022-04-29 10:33:54 - [TEST_STEP][PASSED] - url = new java.net.URL(i): null

2022-04-29 10:33:54 - [TEST_STEP][PASSED] - println("URL: " + url.toString()): null

2022-04-29 10:33:54 - [TEST_STEP][PASSED] - connection = url.openConnection(): null

2022-04-29 10:33:54 - [TEST_STEP][PASSED] - connection.setRequestMethod("GET"): null

2022-04-29 10:33:54 - [TEST_STEP][PASSED] - connection.setReadTimeout(2 * 1000): null

2022-04-29 10:33:54 - [TEST_STEP][PASSED] - try: null

2022-04-29 10:33:54 - [TEST_STEP][PASSED] - connection.connect(): null

2022-04-29 10:33:54 - [TEST_STEP][PASSED] - flag = connected: null

2022-04-29 10:33:54 - [TEST_STEP][PASSED] - println("Valor_ori: " + flag): null

2022-04-29 10:33:54 - [TEST_STEP][PASSED] - if (flag): null

2022-04-29 10:33:54 - [TEST_STEP][PASSED] - navigateToUrl(i): Navigate to 'http://192.168.2.19:8380/saraweb' successfully

2022-04-29 10:33:54 - [MESSAGE][PASSED] - Navigate to 'http://192.168.2.19:8380/saraweb' successfully

2022-04-29 10:33:54 - [TEST_STEP][PASSED] - a(): null

2022-04-29 10:33:54 - [TEST_STEP][PASSED] - setText(findTestObject("3-OBJECTS UTILIDADES/Login/input_USUARIO_loginusuario"), G_Usuario): Text 'saraadmin' is set on object 'Object Repository/3-OBJECTS UTILIDADES/Login/input_USUARIO_loginusuario'

2022-04-29 10:33:55 - [MESSAGE][PASSED] - Text 'saraadmin' is set on object 'Object Repository/3-OBJECTS UTILIDADES/Login/input_USUARIO_loginusuario'

2022-04-29 10:33:55 - [TEST_STEP][PASSED] - setEncryptedText(findTestObject("3-OBJECTS UTILIDADES/Login/input_CLAVE_loginpassword"), "MkG4/TYiCFC3cb2driP7+Q=="): Text ****** has been set on object 'Object Repository/3-OBJECTS UTILIDADES/Login/input_CLAVE_loginpassword'

2022-04-29 10:33:56 - [MESSAGE][PASSED] - Text ****** has been set on object 'Object Repository/3-OBJECTS UTILIDADES/Login/input_CLAVE_loginpassword'

2022-04-29 10:33:56 - [TEST_STEP][PASSED] - waitForElementClickable(findTestObject("3-OBJECTS UTILIDADES/Login/a_Ingresar"), G_TimeOut): Object 'Object Repository/3-OBJECTS UTILIDADES/Login/a_Ingresar' is clickable

2022-04-29 10:33:56 - [MESSAGE][PASSED] - Object 'Object Repository/3-OBJECTS UTILIDADES/Login/a_Ingresar' is clickable

2022-04-29 10:33:56 - [TEST_STEP][PASSED] - click(findTestObject("3-OBJECTS UTILIDADES/Login/a_Ingresar")): Object: 'Object Repository/3-OBJECTS UTILIDADES/Login/a_Ingresar' is clicked on

2022-04-29 10:33:57 - [MESSAGE][PASSED] - Object: 'Object Repository/3-OBJECTS UTILIDADES/Login/a_Ingresar' is clicked on

2022-04-29 10:33:57 - [TEST_STEP][PASSED] - element = findWebElement(findTestObject("3-OBJECTS UTILIDADES/Login/a_Ir"), 30): null

2022-04-29 10:33:58 - [TEST_STEP][PASSED] - executeJavaScript("arguments[0].click()", Arrays.asList(element)): Execute JavaScript 'arguments[0].click()' successfully

2022-04-29 10:33:58 - [MESSAGE][PASSED] - Execute JavaScript 'arguments[0].click()' successfully

2022-04-29 10:33:58 - [MESSAGE][PASSED] - Call Test Case 'Test Cases/0.1-Login' successfully

2022-04-29 10:33:58 - [TEST_STEP][PASSED] - waitForElementVisible(findTestObject("1-OBJECTS TAREAS PRINCIPALES/Modulo Tarea Compensacion/Tarea Planta Personal/input_Ir_nav_t66_input"), 0): Object 'Object Repository/1-OBJECTS TAREAS PRINCIPALES/Modulo Tarea Compensacion/Tarea Planta Personal/input_Ir_nav_t66_input' is visible

2022-04-29 10:33:58 - [MESSAGE][WARNING] - Timeout '0' is invalid. Using default page load timeout: '45'

2022-04-29 10:33:58 - [MESSAGE][PASSED] - Object 'Object Repository/1-OBJECTS TAREAS PRINCIPALES/Modulo Tarea Compensacion/Tarea Planta Personal/input_Ir_nav_t66_input' is visible

2022-04-29 10:33:58 - [TEST_STEP][PASSED] - setText(findTestObject("1-OBJECTS TAREAS PRINCIPALES/Modulo Tarea Compensacion/Tarea Planta Personal/input_Ir_nav_t66_input"), "Planta Personal (tal)"): Text 'Planta Personal (tal)' is set on object 'Object Repository/1-OBJECTS TAREAS PRINCIPALES/Modulo Tarea Compensacion/Tarea Planta Personal/input_Ir_nav_t66_input'

2022-04-29 10:33:59 - [MESSAGE][PASSED] - Text 'Planta Personal (tal)' is set on object 'Object Repository/1-OBJECTS TAREAS PRINCIPALES/Modulo Tarea Compensacion/Tarea Planta Personal/input_Ir_nav_t66_input'

2022-04-29 10:33:59 - [TEST_STEP][PASSED] - waitForElementVisible(findTestObject("1-OBJECTS TAREAS PRINCIPALES/Modulo Tarea Compensacion/Tarea Planta Personal/span_Planta Personal (tal)"), 0): Object 'Object Repository/1-OBJECTS TAREAS PRINCIPALES/Modulo Tarea Compensacion/Tarea Planta Personal/span_Planta Personal (tal)' is visible

2022-04-29 10:33:59 - [MESSAGE][WARNING] - Timeout '0' is invalid. Using default page load timeout: '45'

2022-04-29 10:34:00 - [MESSAGE][PASSED] - Object 'Object Repository/1-OBJECTS TAREAS PRINCIPALES/Modulo Tarea Compensacion/Tarea Planta Personal/span_Planta Personal (tal)' is visible

2022-04-29 10:34:00 - [TEST_STEP][PASSED] - click(findTestObject("1-OBJECTS TAREAS PRINCIPALES/Modulo Tarea Compensacion/Tarea Planta Personal/span_Planta Personal (tal)")): Object: 'Object Repository/1-OBJECTS TAREAS PRINCIPALES/Modulo Tarea Compensacion/Tarea Planta Personal/span_Planta Personal (tal)' is clicked on

2022-04-29 10:34:01 - [MESSAGE][PASSED] - Object: 'Object Repository/1-OBJECTS TAREAS PRINCIPALES/Modulo Tarea Compensacion/Tarea Planta Personal/span_Planta Personal (tal)' is clicked on

2022-04-29 10:34:01 - [MESSAGE][PASSED] - Call Test Case 'Test Cases/Utilidades-(atajos_para _tareas)/Tareas Administracion Compensacion/Tarea Planta Personal' successfully

2022-04-29 10:34:01 - [TEST_STEP][PASSED] - waitForElementClickable(findTestObject("1-OBJECTS TAREAS PRINCIPALES/Modulo Tarea Compensacion/Creacion Puesto de Trabajo/a_Administracion"), G_TimeOut): Object 'Object Repository/1-OBJECTS TAREAS PRINCIPALES/Modulo Tarea Compensacion/Creacion Puesto de Trabajo/a_Administracion' is clickable

2022-04-29 10:34:02 - [MESSAGE][PASSED] - Object 'Object Repository/1-OBJECTS TAREAS PRINCIPALES/Modulo Tarea Compensacion/Creacion Puesto de Trabajo/a_Administracion' is clickable

2022-04-29 10:34:02 - [TEST_STEP][PASSED] - click(findTestObject("1-OBJECTS TAREAS PRINCIPALES/Modulo Tarea Compensacion/Creacion Puesto de Trabajo/a_Administracion")): Object: 'Object Repository/1-OBJECTS TAREAS PRINCIPALES/Modulo Tarea Compensacion/Creacion Puesto de Trabajo/a_Administracion' is clicked on

2022-04-29 10:34:02 - [MESSAGE][PASSED] - Object: 'Object Repository/1-OBJECTS TAREAS PRINCIPALES/Modulo Tarea Compensacion/Creacion Puesto de Trabajo/a_Administracion' is clicked on

2022-04-29 10:34:02 - [TEST_STEP][PASSED] - waitForElementClickable(findTestObject("1-OBJECTS TAREAS PRINCIPALES/Modulo Tarea Compensacion/Creacion Puesto de Trabajo/a_POSICION_organigramanuevoPue"), G_TimeOut): Object 'Object Repository/1-OBJECTS TAREAS PRINCIPALES/Modulo Tarea Compensacion/Creacion Puesto de Trabajo/a_POSICION_organigramanuevoPue' is clickable

2022-04-29 10:34:06 - [MESSAGE][PASSED] - Object 'Object Repository/1-OBJECTS TAREAS PRINCIPALES/Modulo Tarea Compensacion/Creacion Puesto de Trabajo/a_POSICION_organigramanuevoPue' is clickable

2022-04-29 10:34:06 - [TEST_STEP][PASSED] - click(findTestObject("1-OBJECTS TAREAS PRINCIPALES/Modulo Tarea Compensacion/Creacion Puesto de Trabajo/a_POSICION_organigramanuevoPue")): Object: 'Object Repository/1-OBJECTS TAREAS PRINCIPALES/Modulo Tarea Compensacion/Creacion Puesto de Trabajo/a_POSICION_organigramanuevoPue' is clicked on

2022-04-29 10:34:07 - [MESSAGE][PASSED] - Object: 'Object Repository/1-OBJECTS TAREAS PRINCIPALES/Modulo Tarea Compensacion/Creacion Puesto de Trabajo/a_POSICION_organigramanuevoPue' is clicked on

2022-04-29 10:34:07 - [TEST_STEP][PASSED] - waitForElementClickable(findTestObject("1-OBJECTS TAREAS PRINCIPALES/Modulo Tarea Compensacion/Creacion Puesto de Trabajo/a_Cargo _datosPuestoTrabajo_fo"), G_TimeOut): Object 'Object Repository/1-OBJECTS TAREAS PRINCIPALES/Modulo Tarea Compensacion/Creacion Puesto de Trabajo/a_Cargo _datosPuestoTrabajo_fo' is clickable

2022-04-29 10:34:09 - [MESSAGE][PASSED] - Object 'Object Repository/1-OBJECTS TAREAS PRINCIPALES/Modulo Tarea Compensacion/Creacion Puesto de Trabajo/a_Cargo _datosPuestoTrabajo_fo' is clickable

2022-04-29 10:34:09 - [TEST_STEP][PASSED] - click(findTestObject("1-OBJECTS TAREAS PRINCIPALES/Modulo Tarea Compensacion/Creacion Puesto de Trabajo/a_Cargo _datosPuestoTrabajo_fo")): Object: 'Object Repository/1-OBJECTS TAREAS PRINCIPALES/Modulo Tarea Compensacion/Creacion Puesto de Trabajo/a_Cargo _datosPuestoTrabajo_fo' is clicked on

2022-04-29 10:34:10 - [MESSAGE][PASSED] - Object: 'Object Repository/1-OBJECTS TAREAS PRINCIPALES/Modulo Tarea Compensacion/Creacion Puesto de Trabajo/a_Cargo _datosPuestoTrabajo_fo' is clicked on

2022-04-29 10:34:10 - [TEST_STEP][PASSED] - setText(findTestObject("1-OBJECTS TAREAS PRINCIPALES/Modulo Tarea Compensacion/Creacion Puesto de Trabajo/input_Cargo_popupreclasificacion_formj_idt1445"), "20139"): Text '20139' is set on object 'Object Repository/1-OBJECTS TAREAS PRINCIPALES/Modulo Tarea Compensacion/Creacion Puesto de Trabajo/input_Cargo_popupreclasificacion_formj_idt1445'

2022-04-29 10:34:11 - [MESSAGE][PASSED] - Text '20139' is set on object 'Object Repository/1-OBJECTS TAREAS PRINCIPALES/Modulo Tarea Compensacion/Creacion Puesto de Trabajo/input_Cargo_popupreclasificacion_formj_idt1445'

2022-04-29 10:34:11 - [TEST_STEP][PASSED] - sendKeys(findTestObject("1-OBJECTS TAREAS PRINCIPALES/Modulo Tarea Compensacion/Creacion Puesto de Trabajo/input_Cargo_popupreclasificacion_formj_idt1445"), Keys.chord(ENTER)): Keys 'ENTER + ' sent to object: 'Object Repository/1-OBJECTS TAREAS PRINCIPALES/Modulo Tarea Compensacion/Creacion Puesto de Trabajo/input_Cargo_popupreclasificacion_formj_idt1445'

2022-04-29 10:34:12 - [MESSAGE][PASSED] - Keys 'ENTER + ' sent to object: 'Object Repository/1-OBJECTS TAREAS PRINCIPALES/Modulo Tarea Compensacion/Creacion Puesto de Trabajo/input_Cargo_popupreclasificacion_formj_idt1445'

2022-04-29 10:34:12 - [TEST_STEP][PASSED] - click(findTestObject("1-OBJECTS TAREAS PRINCIPALES/Modulo Tarea Compensacion/Creacion Puesto de Trabajo/span_ABOGADO")): Object: 'Object Repository/1-OBJECTS TAREAS PRINCIPALES/Modulo Tarea Compensacion/Creacion Puesto de Trabajo/span_ABOGADO' is clicked on

2022-04-29 10:34:12 - [MESSAGE][PASSED] - Object: 'Object Repository/1-OBJECTS TAREAS PRINCIPALES/Modulo Tarea Compensacion/Creacion Puesto de Trabajo/span_ABOGADO' is clicked on

2022-04-29 10:34:12 - [TEST_STEP][PASSED] - waitForElementClickable(findTestObject("1-OBJECTS TAREAS PRINCIPALES/Modulo Tarea Compensacion/Creacion Puesto de Trabajo/select_-- Seleccione --PLANTA"), G_TimeOut): Object 'Object Repository/1-OBJECTS TAREAS PRINCIPALES/Modulo Tarea Compensacion/Creacion Puesto de Trabajo/select_-- Seleccione --PLANTA' is clickable

2022-04-29 10:34:13 - [MESSAGE][PASSED] - Object 'Object Repository/1-OBJECTS TAREAS PRINCIPALES/Modulo Tarea Compensacion/Creacion Puesto de Trabajo/select_-- Seleccione --PLANTA' is clickable

2022-04-29 10:34:13 - [TEST_STEP][PASSED] - click(findTestObject("1-OBJECTS TAREAS PRINCIPALES/Modulo Tarea Compensacion/Creacion Puesto de Trabajo/select_-- Seleccione --PLANTA")): Object: 'Object Repository/1-OBJECTS TAREAS PRINCIPALES/Modulo Tarea Compensacion/Creacion Puesto de Trabajo/select_-- Seleccione --PLANTA' is clicked on

2022-04-29 10:34:13 - [MESSAGE][PASSED] - Object: 'Object Repository/1-OBJECTS TAREAS PRINCIPALES/Modulo Tarea Compensacion/Creacion Puesto de Trabajo/select_-- Seleccione --PLANTA' is clicked on

2022-04-29 10:34:13 - [TEST_STEP][PASSED] - selectOptionByIndex(findTestObject("1-OBJECTS TAREAS PRINCIPALES/Modulo Tarea Compensacion/Creacion Puesto de Trabajo/select_-- Seleccione --PLANTA"), "1"): All options with index in [1] are selected on object 'Object Repository/1-OBJECTS TAREAS PRINCIPALES/Modulo Tarea Compensacion/Creacion Puesto de Trabajo/select_-- Seleccione --PLANTA'

2022-04-29 10:34:14 - [MESSAGE][PASSED] - All options with index in [1] are selected on object 'Object Repository/1-OBJECTS TAREAS PRINCIPALES/Modulo Tarea Compensacion/Creacion Puesto de Trabajo/select_-- Seleccione --PLANTA'

2022-04-29 10:34:14 - [TEST_STEP][PASSED] - waitForElementClickable(findTestObject("1-OBJECTS TAREAS PRINCIPALES/Modulo Tarea Compensacion/Creacion Puesto de Trabajo/select_-- Seleccione --AMPLEAD"), G_TimeOut): Object 'Object Repository/1-OBJECTS TAREAS PRINCIPALES/Modulo Tarea Compensacion/Creacion Puesto de Trabajo/select_-- Seleccione --AMPLEAD' is clickable

2022-04-29 10:34:15 - [MESSAGE][PASSED] - Object 'Object Repository/1-OBJECTS TAREAS PRINCIPALES/Modulo Tarea Compensacion/Creacion Puesto de Trabajo/select_-- Seleccione --AMPLEAD' is clickable

2022-04-29 10:34:15 - [TEST_STEP][PASSED] - click(findTestObject("1-OBJECTS TAREAS PRINCIPALES/Modulo Tarea Compensacion/Creacion Puesto de Trabajo/select_-- Seleccione --AMPLEAD")): Object: 'Object Repository/1-OBJECTS TAREAS PRINCIPALES/Modulo Tarea Compensacion/Creacion Puesto de Trabajo/select_-- Seleccione --AMPLEAD' is clicked on

2022-04-29 10:34:15 - [MESSAGE][PASSED] - Object: 'Object Repository/1-OBJECTS TAREAS PRINCIPALES/Modulo Tarea Compensacion/Creacion Puesto de Trabajo/select_-- Seleccione --AMPLEAD' is clicked on

2022-04-29 10:34:15 - [TEST_STEP][PASSED] - selectOptionByIndex(findTestObject("1-OBJECTS TAREAS PRINCIPALES/Modulo Tarea Compensacion/Creacion Puesto de Trabajo/select_-- Seleccione --AMPLEAD"), "2"): All options with index in [2] are selected on object 'Object Repository/1-OBJECTS TAREAS PRINCIPALES/Modulo Tarea Compensacion/Creacion Puesto de Trabajo/select_-- Seleccione --AMPLEAD'

2022-04-29 10:34:16 - [MESSAGE][PASSED] - All options with index in [2] are selected on object 'Object Repository/1-OBJECTS TAREAS PRINCIPALES/Modulo Tarea Compensacion/Creacion Puesto de Trabajo/select_-- Seleccione --AMPLEAD'

2022-04-29 10:34:16 - [TEST_STEP][PASSED] - waitForElementClickable(findTestObject("1-OBJECTS TAREAS PRINCIPALES/Modulo Tarea Compensacion/Creacion Puesto de Trabajo/select_-- Seleccione --Bloquea"), G_TimeOut): Object 'Object Repository/1-OBJECTS TAREAS PRINCIPALES/Modulo Tarea Compensacion/Creacion Puesto de Trabajo/select_-- Seleccione --Bloquea' is clickable

2022-04-29 10:34:17 - [MESSAGE][PASSED] - Object 'Object Repository/1-OBJECTS TAREAS PRINCIPALES/Modulo Tarea Compensacion/Creacion Puesto de Trabajo/select_-- Seleccione --Bloquea' is clickable

2022-04-29 10:34:17 - [TEST_STEP][PASSED] - click(findTestObject("1-OBJECTS TAREAS PRINCIPALES/Modulo Tarea Compensacion/Creacion Puesto de Trabajo/select_-- Seleccione --Bloquea")): Object: 'Object Repository/1-OBJECTS TAREAS PRINCIPALES/Modulo Tarea Compensacion/Creacion Puesto de Trabajo/select_-- Seleccione --Bloquea' is clicked on

2022-04-29 10:34:17 - [MESSAGE][PASSED] - Object: 'Object Repository/1-OBJECTS TAREAS PRINCIPALES/Modulo Tarea Compensacion/Creacion Puesto de Trabajo/select_-- Seleccione --Bloquea' is clicked on

2022-04-29 10:34:17 - [TEST_STEP][PASSED] - selectOptionByIndex(findTestObject("1-OBJECTS TAREAS PRINCIPALES/Modulo Tarea Compensacion/Creacion Puesto de Trabajo/select_-- Seleccione --Bloquea"), "3"): All options with index in [3] are selected on object 'Object Repository/1-OBJECTS TAREAS PRINCIPALES/Modulo Tarea Compensacion/Creacion Puesto de Trabajo/select_-- Seleccione --Bloquea'

2022-04-29 10:34:18 - [MESSAGE][PASSED] - All options with index in [3] are selected on object 'Object Repository/1-OBJECTS TAREAS PRINCIPALES/Modulo Tarea Compensacion/Creacion Puesto de Trabajo/select_-- Seleccione --Bloquea'

2022-04-29 10:34:18 - [TEST_STEP][PASSED] - setText(findTestObject("1-OBJECTS TAREAS PRINCIPALES/Modulo Tarea Compensacion/Creacion Puesto de Trabajo/input_Creacin_datosPuestoTraba"), "01/07/2021"): Text '01/07/2021' is set on object 'Object Repository/1-OBJECTS TAREAS PRINCIPALES/Modulo Tarea Compensacion/Creacion Puesto de Trabajo/input_Creacin_datosPuestoTraba'

2022-04-29 10:34:19 - [MESSAGE][PASSED] - Text '01/07/2021' is set on object 'Object Repository/1-OBJECTS TAREAS PRINCIPALES/Modulo Tarea Compensacion/Creacion Puesto de Trabajo/input_Creacin_datosPuestoTraba'

2022-04-29 10:34:19 - [TEST_STEP][PASSED] - setText(findTestObject("1-OBJECTS TAREAS PRINCIPALES/Modulo Tarea Compensacion/Creacion Puesto de Trabajo/input_Fecha Disponible_datosPu"), "31/07/2021"): Text '31/07/2021' is set on object 'Object Repository/1-OBJECTS TAREAS PRINCIPALES/Modulo Tarea Compensacion/Creacion Puesto de Trabajo/input_Fecha Disponible_datosPu'

2022-04-29 10:34:20 - [MESSAGE][PASSED] - Text '31/07/2021' is set on object 'Object Repository/1-OBJECTS TAREAS PRINCIPALES/Modulo Tarea Compensacion/Creacion Puesto de Trabajo/input_Fecha Disponible_datosPu'

2022-04-29 10:34:20 - [TEST_STEP][PASSED] - setText(findTestObject("1-OBJECTS TAREAS PRINCIPALES/Modulo Tarea Compensacion/Creacion Puesto de Trabajo/input_Observacin_datosPuestoTr"), "Prueba"): Text 'Prueba' is set on object 'Object Repository/1-OBJECTS TAREAS PRINCIPALES/Modulo Tarea Compensacion/Creacion Puesto de Trabajo/input_Observacin_datosPuestoTr'

2022-04-29 10:34:21 - [MESSAGE][PASSED] - Text 'Prueba' is set on object 'Object Repository/1-OBJECTS TAREAS PRINCIPALES/Modulo Tarea Compensacion/Creacion Puesto de Trabajo/input_Observacin_datosPuestoTr'

2022-04-29 10:34:21 - [TEST_STEP][PASSED] - waitForElementClickable(findTestObject("1-OBJECTS TAREAS PRINCIPALES/Modulo Tarea Compensacion/Creacion Puesto de Trabajo/select_-- Seleccione --No Rese"), G_TimeOut): Object 'Object Repository/1-OBJECTS TAREAS PRINCIPALES/Modulo Tarea Compensacion/Creacion Puesto de Trabajo/select_-- Seleccione --No Rese' is clickable

2022-04-29 10:34:21 - [MESSAGE][PASSED] - Object 'Object Repository/1-OBJECTS TAREAS PRINCIPALES/Modulo Tarea Compensacion/Creacion Puesto de Trabajo/select_-- Seleccione --No Rese' is clickable

2022-04-29 10:34:21 - [TEST_STEP][PASSED] - click(findTestObject("1-OBJECTS TAREAS PRINCIPALES/Modulo Tarea Compensacion/Creacion Puesto de Trabajo/select_-- Seleccione --No Rese")): Object: 'Object Repository/1-OBJECTS TAREAS PRINCIPALES/Modulo Tarea Compensacion/Creacion Puesto de Trabajo/select_-- Seleccione --No Rese' is clicked on

2022-04-29 10:34:22 - [MESSAGE][PASSED] - Object: 'Object Repository/1-OBJECTS TAREAS PRINCIPALES/Modulo Tarea Compensacion/Creacion Puesto de Trabajo/select_-- Seleccione --No Rese' is clicked on

2022-04-29 10:34:22 - [TEST_STEP][PASSED] - selectOptionByIndex(findTestObject("1-OBJECTS TAREAS PRINCIPALES/Modulo Tarea Compensacion/Creacion Puesto de Trabajo/select_-- Seleccione --No Rese"), "1"): All options with index in [1] are selected on object 'Object Repository/1-OBJECTS TAREAS PRINCIPALES/Modulo Tarea Compensacion/Creacion Puesto de Trabajo/select_-- Seleccione --No Rese'

2022-04-29 10:34:23 - [MESSAGE][PASSED] - All options with index in [1] are selected on object 'Object Repository/1-OBJECTS TAREAS PRINCIPALES/Modulo Tarea Compensacion/Creacion Puesto de Trabajo/select_-- Seleccione --No Rese'

2022-04-29 10:34:23 - [TEST_STEP][PASSED] - waitForElementClickable(findTestObject("1-OBJECTS TAREAS PRINCIPALES/Modulo Tarea Compensacion/Creacion Puesto de Trabajo/select_-- Seleccione --Asignac"), G_TimeOut): Object 'Object Repository/1-OBJECTS TAREAS PRINCIPALES/Modulo Tarea Compensacion/Creacion Puesto de Trabajo/select_-- Seleccione --Asignac' is clickable

2022-04-29 10:34:23 - [MESSAGE][PASSED] - Object 'Object Repository/1-OBJECTS TAREAS PRINCIPALES/Modulo Tarea Compensacion/Creacion Puesto de Trabajo/select_-- Seleccione --Asignac' is clickable

2022-04-29 10:34:23 - [TEST_STEP][PASSED] - click(findTestObject("1-OBJECTS TAREAS PRINCIPALES/Modulo Tarea Compensacion/Creacion Puesto de Trabajo/select_-- Seleccione --Asignac")): Object: 'Object Repository/1-OBJECTS TAREAS PRINCIPALES/Modulo Tarea Compensacion/Creacion Puesto de Trabajo/select_-- Seleccione --Asignac' is clicked on

2022-04-29 10:34:24 - [MESSAGE][PASSED] - Object: 'Object Repository/1-OBJECTS TAREAS PRINCIPALES/Modulo Tarea Compensacion/Creacion Puesto de Trabajo/select_-- Seleccione --Asignac' is clicked on

2022-04-29 10:34:24 - [TEST_STEP][PASSED] - selectOptionByIndex(findTestObject("1-OBJECTS TAREAS PRINCIPALES/Modulo Tarea Compensacion/Creacion Puesto de Trabajo/select_-- Seleccione --Asignac"), "4"): All options with index in [4] are selected on object 'Object Repository/1-OBJECTS TAREAS PRINCIPALES/Modulo Tarea Compensacion/Creacion Puesto de Trabajo/select_-- Seleccione --Asignac'

2022-04-29 10:34:25 - [MESSAGE][PASSED] - All options with index in [4] are selected on object 'Object Repository/1-OBJECTS TAREAS PRINCIPALES/Modulo Tarea Compensacion/Creacion Puesto de Trabajo/select_-- Seleccione --Asignac'

2022-04-29 10:34:25 - [TEST_STEP][PASSED] - waitForElementClickable(findTestObject("1-OBJECTS TAREAS PRINCIPALES/Modulo Tarea Compensacion/Creacion Puesto de Trabajo/label_Es responsable de la Unidad"), G_TimeOut): Object 'Object Repository/1-OBJECTS TAREAS PRINCIPALES/Modulo Tarea Compensacion/Creacion Puesto de Trabajo/label_Es responsable de la Unidad' is clickable

2022-04-29 10:34:25 - [MESSAGE][PASSED] - Object 'Object Repository/1-OBJECTS TAREAS PRINCIPALES/Modulo Tarea Compensacion/Creacion Puesto de Trabajo/label_Es responsable de la Unidad' is clickable

2022-04-29 10:34:25 - [TEST_STEP][PASSED] - click(findTestObject("1-OBJECTS TAREAS PRINCIPALES/Modulo Tarea Compensacion/Creacion Puesto de Trabajo/label_Es responsable de la Unidad")): Object: 'Object Repository/1-OBJECTS TAREAS PRINCIPALES/Modulo Tarea Compensacion/Creacion Puesto de Trabajo/label_Es responsable de la Unidad' is clicked on

2022-04-29 10:34:26 - [MESSAGE][PASSED] - Object: 'Object Repository/1-OBJECTS TAREAS PRINCIPALES/Modulo Tarea Compensacion/Creacion Puesto de Trabajo/label_Es responsable de la Unidad' is clicked on

2022-04-29 10:34:26 - [TEST_STEP][PASSED] - waitForElementClickable(findTestObject("1-OBJECTS TAREAS PRINCIPALES/Modulo Tarea Compensacion/Creacion Puesto de Trabajo/a_Lder_datosPuestoTrabajo_form"), G_TimeOut): Object 'Object Repository/1-OBJECTS TAREAS PRINCIPALES/Modulo Tarea Compensacion/Creacion Puesto de Trabajo/a_Lder_datosPuestoTrabajo_form' is clickable

2022-04-29 10:34:26 - [MESSAGE][PASSED] - Object 'Object Repository/1-OBJECTS TAREAS PRINCIPALES/Modulo Tarea Compensacion/Creacion Puesto de Trabajo/a_Lder_datosPuestoTrabajo_form' is clickable

2022-04-29 10:34:26 - [TEST_STEP][PASSED] - click(findTestObject("1-OBJECTS TAREAS PRINCIPALES/Modulo Tarea Compensacion/Creacion Puesto de Trabajo/a_Lder_datosPuestoTrabajo_form")): Object: 'Object Repository/1-OBJECTS TAREAS PRINCIPALES/Modulo Tarea Compensacion/Creacion Puesto de Trabajo/a_Lder_datosPuestoTrabajo_form' is clicked on

2022-04-29 10:34:26 - [MESSAGE][PASSED] - Object: 'Object Repository/1-OBJECTS TAREAS PRINCIPALES/Modulo Tarea Compensacion/Creacion Puesto de Trabajo/a_Lder_datosPuestoTrabajo_form' is clicked on

2022-04-29 10:34:26 - [TEST_STEP][PASSED] - waitForElementClickable(findTestObject("1-OBJECTS TAREAS PRINCIPALES/Modulo Tarea Compensacion/Creacion Puesto de Trabajo/label_Dentro de la Unidad"), G_TimeOut): Object 'Object Repository/1-OBJECTS TAREAS PRINCIPALES/Modulo Tarea Compensacion/Creacion Puesto de Trabajo/label_Dentro de la Unidad' is clickable

2022-04-29 10:34:27 - [MESSAGE][PASSED] - Object 'Object Repository/1-OBJECTS TAREAS PRINCIPALES/Modulo Tarea Compensacion/Creacion Puesto de Trabajo/label_Dentro de la Unidad' is clickable

2022-04-29 10:34:27 - [TEST_STEP][PASSED] - click(findTestObject("1-OBJECTS TAREAS PRINCIPALES/Modulo Tarea Compensacion/Creacion Puesto de Trabajo/label_Dentro de la Unidad")): Object: 'Object Repository/1-OBJECTS TAREAS PRINCIPALES/Modulo Tarea Compensacion/Creacion Puesto de Trabajo/label_Dentro de la Unidad' is clicked on

2022-04-29 10:34:28 - [MESSAGE][PASSED] - Object: 'Object Repository/1-OBJECTS TAREAS PRINCIPALES/Modulo Tarea Compensacion/Creacion Puesto de Trabajo/label_Dentro de la Unidad' is clicked on

2022-04-29 10:34:28 - [TEST_STEP][PASSED] - waitForElementClickable(findTestObject("1-OBJECTS TAREAS PRINCIPALES/Modulo Tarea Compensacion/Creacion Puesto de Trabajo/a_Continuar"), G_TimeOut): Object 'Object Repository/1-OBJECTS TAREAS PRINCIPALES/Modulo Tarea Compensacion/Creacion Puesto de Trabajo/a_Continuar' is clickable

2022-04-29 10:34:28 - [MESSAGE][PASSED] - Object 'Object Repository/1-OBJECTS TAREAS PRINCIPALES/Modulo Tarea Compensacion/Creacion Puesto de Trabajo/a_Continuar' is clickable

2022-04-29 10:34:28 - [TEST_STEP][PASSED] - click(findTestObject("1-OBJECTS TAREAS PRINCIPALES/Modulo Tarea Compensacion/Creacion Puesto de Trabajo/a_Continuar")): Object: 'Object Repository/1-OBJECTS TAREAS PRINCIPALES/Modulo Tarea Compensacion/Creacion Puesto de Trabajo/a_Continuar' is clicked on

2022-04-29 10:34:29 - [MESSAGE][PASSED] - Object: 'Object Repository/1-OBJECTS TAREAS PRINCIPALES/Modulo Tarea Compensacion/Creacion Puesto de Trabajo/a_Continuar' is clicked on

2022-04-29 10:34:29 - [TEST_STEP][PASSED] - waitForElementClickable(findTestObject("1-OBJECTS TAREAS PRINCIPALES/Modulo Tarea Compensacion/Creacion Puesto de Trabajo/span_Galeano . Maria"), G_TimeOut): Object 'Object Repository/1-OBJECTS TAREAS PRINCIPALES/Modulo Tarea Compensacion/Creacion Puesto de Trabajo/span_Galeano . Maria' is clickable

2022-04-29 10:34:31 - [MESSAGE][PASSED] - Object 'Object Repository/1-OBJECTS TAREAS PRINCIPALES/Modulo Tarea Compensacion/Creacion Puesto de Trabajo/span_Galeano . Maria' is clickable

2022-04-29 10:34:31 - [TEST_STEP][PASSED] - click(findTestObject("1-OBJECTS TAREAS PRINCIPALES/Modulo Tarea Compensacion/Creacion Puesto de Trabajo/span_Galeano . Maria")): Object: 'Object Repository/1-OBJECTS TAREAS PRINCIPALES/Modulo Tarea Compensacion/Creacion Puesto de Trabajo/span_Galeano . Maria' is clicked on

2022-04-29 10:34:32 - [MESSAGE][PASSED] - Object: 'Object Repository/1-OBJECTS TAREAS PRINCIPALES/Modulo Tarea Compensacion/Creacion Puesto de Trabajo/span_Galeano . Maria' is clicked on

2022-04-29 10:34:32 - [TEST_STEP][PASSED] - waitForElementClickable(findTestObject("1-OBJECTS TAREAS PRINCIPALES/Modulo Tarea Compensacion/Creacion Puesto de Trabajo/a_Aplicar"), G_TimeOut): Object 'Object Repository/1-OBJECTS TAREAS PRINCIPALES/Modulo Tarea Compensacion/Creacion Puesto de Trabajo/a_Aplicar' is clickable

2022-04-29 10:34:32 - [MESSAGE][PASSED] - Object 'Object Repository/1-OBJECTS TAREAS PRINCIPALES/Modulo Tarea Compensacion/Creacion Puesto de Trabajo/a_Aplicar' is clickable

2022-04-29 10:34:32 - [TEST_STEP][PASSED] - click(findTestObject("1-OBJECTS TAREAS PRINCIPALES/Modulo Tarea Compensacion/Creacion Puesto de Trabajo/a_Aplicar")): Object: 'Object Repository/1-OBJECTS TAREAS PRINCIPALES/Modulo Tarea Compensacion/Creacion Puesto de Trabajo/a_Aplicar' is clicked on

2022-04-29 10:34:33 - [MESSAGE][PASSED] - Object: 'Object Repository/1-OBJECTS TAREAS PRINCIPALES/Modulo Tarea Compensacion/Creacion Puesto de Trabajo/a_Aplicar' is clicked on

2022-04-29 10:34:33 - [TEST_STEP][PASSED] - waitForElementClickable(findTestObject("1-OBJECTS TAREAS PRINCIPALES/Modulo Tarea Compensacion/Creacion Puesto de Trabajo/a_Unidad Jerarquica_datosPuest"), G_TimeOut): Object 'Object Repository/1-OBJECTS TAREAS PRINCIPALES/Modulo Tarea Compensacion/Creacion Puesto de Trabajo/a_Unidad Jerarquica_datosPuest' is clickable

2022-04-29 10:34:33 - [MESSAGE][PASSED] - Object 'Object Repository/1-OBJECTS TAREAS PRINCIPALES/Modulo Tarea Compensacion/Creacion Puesto de Trabajo/a_Unidad Jerarquica_datosPuest' is clickable

2022-04-29 10:34:33 - [TEST_STEP][PASSED] - click(findTestObject("1-OBJECTS TAREAS PRINCIPALES/Modulo Tarea Compensacion/Creacion Puesto de Trabajo/a_Unidad Jerarquica_datosPuest")): Object: 'Object Repository/1-OBJECTS TAREAS PRINCIPALES/Modulo Tarea Compensacion/Creacion Puesto de Trabajo/a_Unidad Jerarquica_datosPuest' is clicked on

2022-04-29 10:34:34 - [MESSAGE][PASSED] - Object: 'Object Repository/1-OBJECTS TAREAS PRINCIPALES/Modulo Tarea Compensacion/Creacion Puesto de Trabajo/a_Unidad Jerarquica_datosPuest' is clicked on

2022-04-29 10:34:34 - [TEST_STEP][PASSED] - setText(findTestObject("1-OBJECTS TAREAS PRINCIPALES/Modulo Tarea Compensacion/Creacion Puesto de Trabajo/input_Unidad_datosPuestoTrabajo_formj_idt1355"), "1"): Text '1' is set on object 'Object Repository/1-OBJECTS TAREAS PRINCIPALES/Modulo Tarea Compensacion/Creacion Puesto de Trabajo/input_Unidad_datosPuestoTrabajo_formj_idt1355'

2022-04-29 10:34:35 - [MESSAGE][PASSED] - Text '1' is set on object 'Object Repository/1-OBJECTS TAREAS PRINCIPALES/Modulo Tarea Compensacion/Creacion Puesto de Trabajo/input_Unidad_datosPuestoTrabajo_formj_idt1355'

2022-04-29 10:34:35 - [TEST_STEP][PASSED] - sendKeys(findTestObject("1-OBJECTS TAREAS PRINCIPALES/Modulo Tarea Compensacion/Creacion Puesto de Trabajo/input_Unidad_datosPuestoTrabajo_formj_idt1355"), Keys.chord(ENTER)): Keys 'ENTER + ' sent to object: 'Object Repository/1-OBJECTS TAREAS PRINCIPALES/Modulo Tarea Compensacion/Creacion Puesto de Trabajo/input_Unidad_datosPuestoTrabajo_formj_idt1355'

2022-04-29 10:34:35 - [MESSAGE][PASSED] - Keys 'ENTER + ' sent to object: 'Object Repository/1-OBJECTS TAREAS PRINCIPALES/Modulo Tarea Compensacion/Creacion Puesto de Trabajo/input_Unidad_datosPuestoTrabajo_formj_idt1355'

2022-04-29 10:34:35 - [TEST_STEP][PASSED] - waitForElementClickable(findTestObject("1-OBJECTS TAREAS PRINCIPALES/Modulo Tarea Compensacion/Creacion Puesto de Trabajo/span_ADMINISTRACION"), G_TimeOut): Object 'Object Repository/1-OBJECTS TAREAS PRINCIPALES/Modulo Tarea Compensacion/Creacion Puesto de Trabajo/span_ADMINISTRACION' is clickable

2022-04-29 10:34:36 - [MESSAGE][PASSED] - Object 'Object Repository/1-OBJECTS TAREAS PRINCIPALES/Modulo Tarea Compensacion/Creacion Puesto de Trabajo/span_ADMINISTRACION' is clickable

2022-04-29 10:34:36 - [TEST_STEP][PASSED] - click(findTestObject("1-OBJECTS TAREAS PRINCIPALES/Modulo Tarea Compensacion/Creacion Puesto de Trabajo/span_ADMINISTRACION")): Object: 'Object Repository/1-OBJECTS TAREAS PRINCIPALES/Modulo Tarea Compensacion/Creacion Puesto de Trabajo/span_ADMINISTRACION' is clicked on

2022-04-29 10:34:36 - [MESSAGE][PASSED] - Object: 'Object Repository/1-OBJECTS TAREAS PRINCIPALES/Modulo Tarea Compensacion/Creacion Puesto de Trabajo/span_ADMINISTRACION' is clicked on

2022-04-29 10:34:36 - [TEST_STEP][PASSED] - waitForElementClickable(findTestObject("1-OBJECTS TAREAS PRINCIPALES/Modulo Tarea Compensacion/Creacion Puesto de Trabajo/label_No"), G_TimeOut): Object 'Object Repository/1-OBJECTS TAREAS PRINCIPALES/Modulo Tarea Compensacion/Creacion Puesto de Trabajo/label_No' is clickable

2022-04-29 10:34:37 - [MESSAGE][PASSED] - Object 'Object Repository/1-OBJECTS TAREAS PRINCIPALES/Modulo Tarea Compensacion/Creacion Puesto de Trabajo/label_No' is clickable

2022-04-29 10:34:37 - [TEST_STEP][PASSED] - click(findTestObject("1-OBJECTS TAREAS PRINCIPALES/Modulo Tarea Compensacion/Creacion Puesto de Trabajo/label_No")): Object: 'Object Repository/1-OBJECTS TAREAS PRINCIPALES/Modulo Tarea Compensacion/Creacion Puesto de Trabajo/label_No' is clicked on

2022-04-29 10:34:37 - [MESSAGE][PASSED] - Object: 'Object Repository/1-OBJECTS TAREAS PRINCIPALES/Modulo Tarea Compensacion/Creacion Puesto de Trabajo/label_No' is clicked on

2022-04-29 10:34:37 - [TEST_STEP][PASSED] - waitForElementClickable(findTestObject("1-OBJECTS TAREAS PRINCIPALES/Modulo Tarea Compensacion/Creacion Puesto de Trabajo/span_Actualizar"), G_TimeOut): Object 'Object Repository/1-OBJECTS TAREAS PRINCIPALES/Modulo Tarea Compensacion/Creacion Puesto de Trabajo/span_Actualizar' is clickable

2022-04-29 10:34:38 - [MESSAGE][PASSED] - Object 'Object Repository/1-OBJECTS TAREAS PRINCIPALES/Modulo Tarea Compensacion/Creacion Puesto de Trabajo/span_Actualizar' is clickable

2022-04-29 10:34:38 - [TEST_STEP][PASSED] - click(findTestObject("1-OBJECTS TAREAS PRINCIPALES/Modulo Tarea Compensacion/Creacion Puesto de Trabajo/span_Actualizar")): Object: 'Object Repository/1-OBJECTS TAREAS PRINCIPALES/Modulo Tarea Compensacion/Creacion Puesto de Trabajo/span_Actualizar' is clicked on

2022-04-29 10:34:38 - [MESSAGE][PASSED] - Object: 'Object Repository/1-OBJECTS TAREAS PRINCIPALES/Modulo Tarea Compensacion/Creacion Puesto de Trabajo/span_Actualizar' is clicked on

2022-04-29 10:34:38 - [TEST_STEP][PASSED] - waitForElementClickable(findTestObject("1-OBJECTS TAREAS PRINCIPALES/Modulo Tarea Compensacion/Creacion Puesto de Trabajo/a_Titular_datosPuestoTrabajo_f"), G_TimeOut): Object 'Object Repository/1-OBJECTS TAREAS PRINCIPALES/Modulo Tarea Compensacion/Creacion Puesto de Trabajo/a_Titular_datosPuestoTrabajo_f' is clickable

2022-04-29 10:34:39 - [MESSAGE][PASSED] - Object 'Object Repository/1-OBJECTS TAREAS PRINCIPALES/Modulo Tarea Compensacion/Creacion Puesto de Trabajo/a_Titular_datosPuestoTrabajo_f' is clickable

2022-04-29 10:34:39 - [TEST_STEP][PASSED] - click(findTestObject("1-OBJECTS TAREAS PRINCIPALES/Modulo Tarea Compensacion/Creacion Puesto de Trabajo/a_Titular_datosPuestoTrabajo_f")): Object: 'Object Repository/1-OBJECTS TAREAS PRINCIPALES/Modulo Tarea Compensacion/Creacion Puesto de Trabajo/a_Titular_datosPuestoTrabajo_f' is clicked on

2022-04-29 10:34:39 - [MESSAGE][PASSED] - Object: 'Object Repository/1-OBJECTS TAREAS PRINCIPALES/Modulo Tarea Compensacion/Creacion Puesto de Trabajo/a_Titular_datosPuestoTrabajo_f' is clicked on

2022-04-29 10:34:39 - [TEST_STEP][PASSED] - setText(findTestObject("1-OBJECTS TAREAS PRINCIPALES/Modulo Tarea Compensacion/Creacion Puesto de Trabajo/input_Filtro Empleado_datosPuesto"), "66666"): Text '66666' is set on object 'Object Repository/1-OBJECTS TAREAS PRINCIPALES/Modulo Tarea Compensacion/Creacion Puesto de Trabajo/input_Filtro Empleado_datosPuesto'

2022-04-29 10:34:41 - [MESSAGE][PASSED] - Text '66666' is set on object 'Object Repository/1-OBJECTS TAREAS PRINCIPALES/Modulo Tarea Compensacion/Creacion Puesto de Trabajo/input_Filtro Empleado_datosPuesto'

2022-04-29 10:34:41 - [TEST_STEP][PASSED] - sendKeys(findTestObject("1-OBJECTS TAREAS PRINCIPALES/Modulo Tarea Compensacion/Creacion Puesto de Trabajo/input_Filtro Empleado_datosPuesto"), Keys.chord(ENTER)): Keys 'ENTER + ' sent to object: 'Object Repository/1-OBJECTS TAREAS PRINCIPALES/Modulo Tarea Compensacion/Creacion Puesto de Trabajo/input_Filtro Empleado_datosPuesto'

2022-04-29 10:34:41 - [MESSAGE][PASSED] - Keys 'ENTER + ' sent to object: 'Object Repository/1-OBJECTS TAREAS PRINCIPALES/Modulo Tarea Compensacion/Creacion Puesto de Trabajo/input_Filtro Empleado_datosPuesto'

2022-04-29 10:34:41 - [TEST_STEP][PASSED] - waitForElementClickable(findTestObject("1-OBJECTS TAREAS PRINCIPALES/Modulo Tarea Compensacion/Creacion Puesto de Trabajo/span_SALGADO PAULA"), G_TimeOut): Object 'Object Repository/1-OBJECTS TAREAS PRINCIPALES/Modulo Tarea Compensacion/Creacion Puesto de Trabajo/span_SALGADO PAULA' is clickable

2022-04-29 10:34:42 - [MESSAGE][PASSED] - Object 'Object Repository/1-OBJECTS TAREAS PRINCIPALES/Modulo Tarea Compensacion/Creacion Puesto de Trabajo/span_SALGADO PAULA' is clickable

2022-04-29 10:34:42 - [TEST_STEP][PASSED] - click(findTestObject("1-OBJECTS TAREAS PRINCIPALES/Modulo Tarea Compensacion/Creacion Puesto de Trabajo/span_SALGADO PAULA")): Object: 'Object Repository/1-OBJECTS TAREAS PRINCIPALES/Modulo Tarea Compensacion/Creacion Puesto de Trabajo/span_SALGADO PAULA' is clicked on

2022-04-29 10:34:42 - [MESSAGE][PASSED] - Object: 'Object Repository/1-OBJECTS TAREAS PRINCIPALES/Modulo Tarea Compensacion/Creacion Puesto de Trabajo/span_SALGADO PAULA' is clicked on

2022-04-29 10:34:42 - [TEST_STEP][PASSED] - waitForElementClickable(findTestObject("1-OBJECTS TAREAS PRINCIPALES/Modulo Tarea Compensacion/Creacion Puesto de Trabajo/a_Temporal_datosPuestoTrabajo_"), G_TimeOut): Object 'Object Repository/1-OBJECTS TAREAS PRINCIPALES/Modulo Tarea Compensacion/Creacion Puesto de Trabajo/a_Temporal_datosPuestoTrabajo_' is clickable

2022-04-29 10:34:43 - [MESSAGE][PASSED] - Object 'Object Repository/1-OBJECTS TAREAS PRINCIPALES/Modulo Tarea Compensacion/Creacion Puesto de Trabajo/a_Temporal_datosPuestoTrabajo_' is clickable

2022-04-29 10:34:43 - [TEST_STEP][PASSED] - click(findTestObject("1-OBJECTS TAREAS PRINCIPALES/Modulo Tarea Compensacion/Creacion Puesto de Trabajo/a_Temporal_datosPuestoTrabajo_")): Object: 'Object Repository/1-OBJECTS TAREAS PRINCIPALES/Modulo Tarea Compensacion/Creacion Puesto de Trabajo/a_Temporal_datosPuestoTrabajo_' is clicked on

2022-04-29 10:34:43 - [MESSAGE][PASSED] - Object: 'Object Repository/1-OBJECTS TAREAS PRINCIPALES/Modulo Tarea Compensacion/Creacion Puesto de Trabajo/a_Temporal_datosPuestoTrabajo_' is clicked on

2022-04-29 10:34:43 - [TEST_STEP][PASSED] - waitForElementClickable(findTestObject("1-OBJECTS TAREAS PRINCIPALES/Modulo Tarea Compensacion/Creacion Puesto de Trabajo/span_SALGADO PAULA"), G_TimeOut): Object 'Object Repository/1-OBJECTS TAREAS PRINCIPALES/Modulo Tarea Compensacion/Creacion Puesto de Trabajo/span_SALGADO PAULA' is clickable

2022-04-29 10:34:44 - [MESSAGE][PASSED] - Object 'Object Repository/1-OBJECTS TAREAS PRINCIPALES/Modulo Tarea Compensacion/Creacion Puesto de Trabajo/span_SALGADO PAULA' is clickable

2022-04-29 10:34:44 - [TEST_STEP][PASSED] - click(findTestObject("1-OBJECTS TAREAS PRINCIPALES/Modulo Tarea Compensacion/Creacion Puesto de Trabajo/span_SALGADO PAULA")): Object: 'Object Repository/1-OBJECTS TAREAS PRINCIPALES/Modulo Tarea Compensacion/Creacion Puesto de Trabajo/span_SALGADO PAULA' is clicked on

2022-04-29 10:34:44 - [MESSAGE][PASSED] - Object: 'Object Repository/1-OBJECTS TAREAS PRINCIPALES/Modulo Tarea Compensacion/Creacion Puesto de Trabajo/span_SALGADO PAULA' is clicked on

2022-04-29 10:34:44 - [TEST_STEP][PASSED] - waitForElementClickable(findTestObject("1-OBJECTS TAREAS PRINCIPALES/Modulo Tarea Compensacion/Creacion Puesto de Trabajo/a_Funcin_datosPuestoTrabajo_fo"), G_TimeOut): Object 'Object Repository/1-OBJECTS TAREAS PRINCIPALES/Modulo Tarea Compensacion/Creacion Puesto de Trabajo/a_Funcin_datosPuestoTrabajo_fo' is clickable

2022-04-29 10:34:45 - [MESSAGE][PASSED] - Object 'Object Repository/1-OBJECTS TAREAS PRINCIPALES/Modulo Tarea Compensacion/Creacion Puesto de Trabajo/a_Funcin_datosPuestoTrabajo_fo' is clickable

2022-04-29 10:34:45 - [TEST_STEP][PASSED] - click(findTestObject("1-OBJECTS TAREAS PRINCIPALES/Modulo Tarea Compensacion/Creacion Puesto de Trabajo/a_Funcin_datosPuestoTrabajo_fo")): Object: 'Object Repository/1-OBJECTS TAREAS PRINCIPALES/Modulo Tarea Compensacion/Creacion Puesto de Trabajo/a_Funcin_datosPuestoTrabajo_fo' is clicked on

2022-04-29 10:34:46 - [MESSAGE][PASSED] - Object: 'Object Repository/1-OBJECTS TAREAS PRINCIPALES/Modulo Tarea Compensacion/Creacion Puesto de Trabajo/a_Funcin_datosPuestoTrabajo_fo' is clicked on

2022-04-29 10:34:46 - [TEST_STEP][PASSED] - waitForElementClickable(findTestObject("1-OBJECTS TAREAS PRINCIPALES/Modulo Tarea Compensacion/Creacion Puesto de Trabajo/span_SALGADO PAULA"), G_TimeOut): Object 'Object Repository/1-OBJECTS TAREAS PRINCIPALES/Modulo Tarea Compensacion/Creacion Puesto de Trabajo/span_SALGADO PAULA' is clickable

2022-04-29 10:34:47 - [MESSAGE][PASSED] - Object 'Object Repository/1-OBJECTS TAREAS PRINCIPALES/Modulo Tarea Compensacion/Creacion Puesto de Trabajo/span_SALGADO PAULA' is clickable

2022-04-29 10:34:47 - [TEST_STEP][PASSED] - click(findTestObject("1-OBJECTS TAREAS PRINCIPALES/Modulo Tarea Compensacion/Creacion Puesto de Trabajo/span_SALGADO PAULA")): Object: 'Object Repository/1-OBJECTS TAREAS PRINCIPALES/Modulo Tarea Compensacion/Creacion Puesto de Trabajo/span_SALGADO PAULA' is clicked on

2022-04-29 10:34:47 - [MESSAGE][PASSED] - Object: 'Object Repository/1-OBJECTS TAREAS PRINCIPALES/Modulo Tarea Compensacion/Creacion Puesto de Trabajo/span_SALGADO PAULA' is clicked on

2022-04-29 10:34:47 - [TEST_STEP][PASSED] - waitForElementClickable(findTestObject("1-OBJECTS TAREAS PRINCIPALES/Modulo Tarea Compensacion/Creacion Puesto de Trabajo/a_Empalme_datosPuestoTrabajo"), G_TimeOut): Object 'Object Repository/1-OBJECTS TAREAS PRINCIPALES/Modulo Tarea Compensacion/Creacion Puesto de Trabajo/a_Empalme_datosPuestoTrabajo' is clickable

2022-04-29 10:34:48 - [MESSAGE][PASSED] - Object 'Object Repository/1-OBJECTS TAREAS PRINCIPALES/Modulo Tarea Compensacion/Creacion Puesto de Trabajo/a_Empalme_datosPuestoTrabajo' is clickable

2022-04-29 10:34:48 - [TEST_STEP][PASSED] - click(findTestObject("1-OBJECTS TAREAS PRINCIPALES/Modulo Tarea Compensacion/Creacion Puesto de Trabajo/a_Empalme_datosPuestoTrabajo")): Object: 'Object Repository/1-OBJECTS TAREAS PRINCIPALES/Modulo Tarea Compensacion/Creacion Puesto de Trabajo/a_Empalme_datosPuestoTrabajo' is clicked on

2022-04-29 10:34:49 - [MESSAGE][PASSED] - Object: 'Object Repository/1-OBJECTS TAREAS PRINCIPALES/Modulo Tarea Compensacion/Creacion Puesto de Trabajo/a_Empalme_datosPuestoTrabajo' is clicked on

2022-04-29 10:34:49 - [TEST_STEP][PASSED] - waitForElementClickable(findTestObject("1-OBJECTS TAREAS PRINCIPALES/Modulo Tarea Compensacion/Creacion Puesto de Trabajo/span_SALGADO PAULA"), G_TimeOut): Object 'Object Repository/1-OBJECTS TAREAS PRINCIPALES/Modulo Tarea Compensacion/Creacion Puesto de Trabajo/span_SALGADO PAULA' is clickable

2022-04-29 10:34:49 - [MESSAGE][PASSED] - Object 'Object Repository/1-OBJECTS TAREAS PRINCIPALES/Modulo Tarea Compensacion/Creacion Puesto de Trabajo/span_SALGADO PAULA' is clickable

2022-04-29 10:34:49 - [TEST_STEP][PASSED] - click(findTestObject("1-OBJECTS TAREAS PRINCIPALES/Modulo Tarea Compensacion/Creacion Puesto de Trabajo/span_SALGADO PAULA")): Object: 'Object Repository/1-OBJECTS TAREAS PRINCIPALES/Modulo Tarea Compensacion/Creacion Puesto de Trabajo/span_SALGADO PAULA' is clicked on

2022-04-29 10:34:50 - [MESSAGE][PASSED] - Object: 'Object Repository/1-OBJECTS TAREAS PRINCIPALES/Modulo Tarea Compensacion/Creacion Puesto de Trabajo/span_SALGADO PAULA' is clicked on

2022-04-29 10:34:50 - [TEST_STEP][PASSED] - waitForElementClickable(findTestObject("1-OBJECTS TAREAS PRINCIPALES/Modulo Tarea Compensacion/Creacion Puesto de Trabajo/a_Zona Econmica _datosPuestoTr"), G_TimeOut): Object 'Object Repository/1-OBJECTS TAREAS PRINCIPALES/Modulo Tarea Compensacion/Creacion Puesto de Trabajo/a_Zona Econmica _datosPuestoTr' is clickable

2022-04-29 10:34:51 - [MESSAGE][PASSED] - Object 'Object Repository/1-OBJECTS TAREAS PRINCIPALES/Modulo Tarea Compensacion/Creacion Puesto de Trabajo/a_Zona Econmica _datosPuestoTr' is clickable

2022-04-29 10:34:51 - [TEST_STEP][PASSED] - click(findTestObject("1-OBJECTS TAREAS PRINCIPALES/Modulo Tarea Compensacion/Creacion Puesto de Trabajo/a_Zona Econmica _datosPuestoTr")): Object: 'Object Repository/1-OBJECTS TAREAS PRINCIPALES/Modulo Tarea Compensacion/Creacion Puesto de Trabajo/a_Zona Econmica _datosPuestoTr' is clicked on

2022-04-29 10:34:51 - [MESSAGE][PASSED] - Object: 'Object Repository/1-OBJECTS TAREAS PRINCIPALES/Modulo Tarea Compensacion/Creacion Puesto de Trabajo/a_Zona Econmica _datosPuestoTr' is clicked on

2022-04-29 10:34:51 - [TEST_STEP][PASSED] - waitForElementClickable(findTestObject("1-OBJECTS TAREAS PRINCIPALES/Modulo Tarea Compensacion/Creacion Puesto de Trabajo/span_QUINCENAL"), G_TimeOut): Object 'Object Repository/1-OBJECTS TAREAS PRINCIPALES/Modulo Tarea Compensacion/Creacion Puesto de Trabajo/span_QUINCENAL' is clickable

2022-04-29 10:34:52 - [MESSAGE][PASSED] - Object 'Object Repository/1-OBJECTS TAREAS PRINCIPALES/Modulo Tarea Compensacion/Creacion Puesto de Trabajo/span_QUINCENAL' is clickable

2022-04-29 10:34:52 - [TEST_STEP][PASSED] - click(findTestObject("1-OBJECTS TAREAS PRINCIPALES/Modulo Tarea Compensacion/Creacion Puesto de Trabajo/span_QUINCENAL")): Object: 'Object Repository/1-OBJECTS TAREAS PRINCIPALES/Modulo Tarea Compensacion/Creacion Puesto de Trabajo/span_QUINCENAL' is clicked on

2022-04-29 10:34:52 - [MESSAGE][PASSED] - Object: 'Object Repository/1-OBJECTS TAREAS PRINCIPALES/Modulo Tarea Compensacion/Creacion Puesto de Trabajo/span_QUINCENAL' is clicked on

2022-04-29 10:34:52 - [TEST_STEP][PASSED] - waitForElementClickable(findTestObject("1-OBJECTS TAREAS PRINCIPALES/Modulo Tarea Compensacion/Creacion Puesto de Trabajo/select_-- Seleccione empleados"), G_TimeOut): Object 'Object Repository/1-OBJECTS TAREAS PRINCIPALES/Modulo Tarea Compensacion/Creacion Puesto de Trabajo/select_-- Seleccione empleados' is clickable

2022-04-29 10:34:53 - [MESSAGE][PASSED] - Object 'Object Repository/1-OBJECTS TAREAS PRINCIPALES/Modulo Tarea Compensacion/Creacion Puesto de Trabajo/select_-- Seleccione empleados' is clickable

2022-04-29 10:34:53 - [TEST_STEP][PASSED] - click(findTestObject("1-OBJECTS TAREAS PRINCIPALES/Modulo Tarea Compensacion/Creacion Puesto de Trabajo/select_-- Seleccione empleados")): Object: 'Object Repository/1-OBJECTS TAREAS PRINCIPALES/Modulo Tarea Compensacion/Creacion Puesto de Trabajo/select_-- Seleccione empleados' is clicked on

2022-04-29 10:34:53 - [MESSAGE][PASSED] - Object: 'Object Repository/1-OBJECTS TAREAS PRINCIPALES/Modulo Tarea Compensacion/Creacion Puesto de Trabajo/select_-- Seleccione empleados' is clicked on

2022-04-29 10:34:53 - [TEST_STEP][PASSED] - selectOptionByIndex(findTestObject("1-OBJECTS TAREAS PRINCIPALES/Modulo Tarea Compensacion/Creacion Puesto de Trabajo/select_-- Seleccione empleados_lineacosto"), "1"): All options with index in [1] are selected on object 'Object Repository/1-OBJECTS TAREAS PRINCIPALES/Modulo Tarea Compensacion/Creacion Puesto de Trabajo/select_-- Seleccione empleados_lineacosto'

2022-04-29 10:34:54 - [MESSAGE][PASSED] - All options with index in [1] are selected on object 'Object Repository/1-OBJECTS TAREAS PRINCIPALES/Modulo Tarea Compensacion/Creacion Puesto de Trabajo/select_-- Seleccione empleados_lineacosto'

2022-04-29 10:34:54 - [TEST_STEP][PASSED] - waitForElementClickable(findTestObject("1-OBJECTS TAREAS PRINCIPALES/Modulo Tarea Compensacion/Creacion Puesto de Trabajo/select_-- Seleccione Ubicacin"), G_TimeOut): Object 'Object Repository/1-OBJECTS TAREAS PRINCIPALES/Modulo Tarea Compensacion/Creacion Puesto de Trabajo/select_-- Seleccione Ubicacin' is clickable

2022-04-29 10:34:55 - [MESSAGE][PASSED] - Object 'Object Repository/1-OBJECTS TAREAS PRINCIPALES/Modulo Tarea Compensacion/Creacion Puesto de Trabajo/select_-- Seleccione Ubicacin' is clickable

2022-04-29 10:34:55 - [TEST_STEP][PASSED] - click(findTestObject("1-OBJECTS TAREAS PRINCIPALES/Modulo Tarea Compensacion/Creacion Puesto de Trabajo/select_-- Seleccione Ubicacin")): Object: 'Object Repository/1-OBJECTS TAREAS PRINCIPALES/Modulo Tarea Compensacion/Creacion Puesto de Trabajo/select_-- Seleccione Ubicacin' is clicked on

2022-04-29 10:34:56 - [MESSAGE][PASSED] - Object: 'Object Repository/1-OBJECTS TAREAS PRINCIPALES/Modulo Tarea Compensacion/Creacion Puesto de Trabajo/select_-- Seleccione Ubicacin' is clicked on

2022-04-29 10:34:56 - [TEST_STEP][PASSED] - selectOptionByIndex(findTestObject("1-OBJECTS TAREAS PRINCIPALES/Modulo Tarea Compensacion/Creacion Puesto de Trabajo/select_-- Seleccione Ubicacin"), "106"): All options with index in [106] are selected on object 'Object Repository/1-OBJECTS TAREAS PRINCIPALES/Modulo Tarea Compensacion/Creacion Puesto de Trabajo/select_-- Seleccione Ubicacin'

2022-04-29 10:34:59 - [MESSAGE][PASSED] - All options with index in [106] are selected on object 'Object Repository/1-OBJECTS TAREAS PRINCIPALES/Modulo Tarea Compensacion/Creacion Puesto de Trabajo/select_-- Seleccione Ubicacin'

2022-04-29 10:34:59 - [TEST_STEP][PASSED] - waitForElementClickable(findTestObject("1-OBJECTS TAREAS PRINCIPALES/Modulo Tarea Compensacion/Creacion Puesto de Trabajo/select_2120 HORAS1240 HORAS"), G_TimeOut): Object 'Object Repository/1-OBJECTS TAREAS PRINCIPALES/Modulo Tarea Compensacion/Creacion Puesto de Trabajo/select_2120 HORAS1240 HORAS' is clickable

2022-04-29 10:35:00 - [MESSAGE][PASSED] - Object 'Object Repository/1-OBJECTS TAREAS PRINCIPALES/Modulo Tarea Compensacion/Creacion Puesto de Trabajo/select_2120 HORAS1240 HORAS' is clickable

2022-04-29 10:35:00 - [TEST_STEP][PASSED] - click(findTestObject("1-OBJECTS TAREAS PRINCIPALES/Modulo Tarea Compensacion/Creacion Puesto de Trabajo/select_2120 HORAS1240 HORAS")): Object: 'Object Repository/1-OBJECTS TAREAS PRINCIPALES/Modulo Tarea Compensacion/Creacion Puesto de Trabajo/select_2120 HORAS1240 HORAS' is clicked on

2022-04-29 10:35:01 - [MESSAGE][PASSED] - Object: 'Object Repository/1-OBJECTS TAREAS PRINCIPALES/Modulo Tarea Compensacion/Creacion Puesto de Trabajo/select_2120 HORAS1240 HORAS' is clicked on

2022-04-29 10:35:01 - [TEST_STEP][PASSED] - selectOptionByIndex(findTestObject("1-OBJECTS TAREAS PRINCIPALES/Modulo Tarea Compensacion/Creacion Puesto de Trabajo/select_2120 HORAS1240 HORAS"), "4"): All options with index in [4] are selected on object 'Object Repository/1-OBJECTS TAREAS PRINCIPALES/Modulo Tarea Compensacion/Creacion Puesto de Trabajo/select_2120 HORAS1240 HORAS'

2022-04-29 10:35:02 - [MESSAGE][PASSED] - All options with index in [4] are selected on object 'Object Repository/1-OBJECTS TAREAS PRINCIPALES/Modulo Tarea Compensacion/Creacion Puesto de Trabajo/select_2120 HORAS1240 HORAS'

2022-04-29 10:35:02 - [TEST_STEP][PASSED] - waitForElementClickable(findTestObject("1-OBJECTS TAREAS PRINCIPALES/Modulo Tarea Compensacion/Creacion Puesto de Trabajo/select_12kataloonNOMINA CATORCENAL"), G_TimeOut): Object 'Object Repository/1-OBJECTS TAREAS PRINCIPALES/Modulo Tarea Compensacion/Creacion Puesto de Trabajo/select_12kataloonNOMINA CATORCENAL' is clickable

2022-04-29 10:35:02 - [MESSAGE][PASSED] - Object 'Object Repository/1-OBJECTS TAREAS PRINCIPALES/Modulo Tarea Compensacion/Creacion Puesto de Trabajo/select_12kataloonNOMINA CATORCENAL' is clickable

2022-04-29 10:35:02 - [TEST_STEP][PASSED] - click(findTestObject("1-OBJECTS TAREAS PRINCIPALES/Modulo Tarea Compensacion/Creacion Puesto de Trabajo/select_12kataloonNOMINA CATORCENAL")): Object: 'Object Repository/1-OBJECTS TAREAS PRINCIPALES/Modulo Tarea Compensacion/Creacion Puesto de Trabajo/select_12kataloonNOMINA CATORCENAL' is clicked on

2022-04-29 10:35:03 - [MESSAGE][PASSED] - Object: 'Object Repository/1-OBJECTS TAREAS PRINCIPALES/Modulo Tarea Compensacion/Creacion Puesto de Trabajo/select_12kataloonNOMINA CATORCENAL' is clicked on

2022-04-29 10:35:03 - [TEST_STEP][PASSED] - selectOptionByIndex(findTestObject("1-OBJECTS TAREAS PRINCIPALES/Modulo Tarea Compensacion/Creacion Puesto de Trabajo/select_12kataloonNOMINA CATORCENAL"), "7"): All options with index in [7] are selected on object 'Object Repository/1-OBJECTS TAREAS PRINCIPALES/Modulo Tarea Compensacion/Creacion Puesto de Trabajo/select_12kataloonNOMINA CATORCENAL'

2022-04-29 10:35:04 - [MESSAGE][PASSED] - All options with index in [7] are selected on object 'Object Repository/1-OBJECTS TAREAS PRINCIPALES/Modulo Tarea Compensacion/Creacion Puesto de Trabajo/select_12kataloonNOMINA CATORCENAL'

2022-04-29 10:35:04 - [TEST_STEP][PASSED] - waitForElementClickable(findTestObject("1-OBJECTS TAREAS PRINCIPALES/Modulo Tarea Compensacion/Creacion Puesto de Trabajo/select_--- Seleccione Vinculac"), G_TimeOut): Object 'Object Repository/1-OBJECTS TAREAS PRINCIPALES/Modulo Tarea Compensacion/Creacion Puesto de Trabajo/select_--- Seleccione Vinculac' is clickable

2022-04-29 10:35:04 - [MESSAGE][PASSED] - Object 'Object Repository/1-OBJECTS TAREAS PRINCIPALES/Modulo Tarea Compensacion/Creacion Puesto de Trabajo/select_--- Seleccione Vinculac' is clickable

2022-04-29 10:35:04 - [TEST_STEP][PASSED] - click(findTestObject("1-OBJECTS TAREAS PRINCIPALES/Modulo Tarea Compensacion/Creacion Puesto de Trabajo/select_--- Seleccione Vinculac")): Object: 'Object Repository/1-OBJECTS TAREAS PRINCIPALES/Modulo Tarea Compensacion/Creacion Puesto de Trabajo/select_--- Seleccione Vinculac' is clicked on

2022-04-29 10:35:04 - [MESSAGE][PASSED] - Object: 'Object Repository/1-OBJECTS TAREAS PRINCIPALES/Modulo Tarea Compensacion/Creacion Puesto de Trabajo/select_--- Seleccione Vinculac' is clicked on

2022-04-29 10:35:04 - [TEST_STEP][PASSED] - selectOptionByIndex(findTestObject("1-OBJECTS TAREAS PRINCIPALES/Modulo Tarea Compensacion/Creacion Puesto de Trabajo/select_--- Seleccione Vinculac"), "8"): All options with index in [8] are selected on object 'Object Repository/1-OBJECTS TAREAS PRINCIPALES/Modulo Tarea Compensacion/Creacion Puesto de Trabajo/select_--- Seleccione Vinculac'

2022-04-29 10:35:06 - [MESSAGE][PASSED] - All options with index in [8] are selected on object 'Object Repository/1-OBJECTS TAREAS PRINCIPALES/Modulo Tarea Compensacion/Creacion Puesto de Trabajo/select_--- Seleccione Vinculac'

2022-04-29 10:35:06 - [TEST_STEP][PASSED] - waitForElementClickable(findTestObject("1-OBJECTS TAREAS PRINCIPALES/Modulo Tarea Compensacion/Creacion Puesto de Trabajo/select_--Seleccione--ADMINISTR"), G_TimeOut): Object 'Object Repository/1-OBJECTS TAREAS PRINCIPALES/Modulo Tarea Compensacion/Creacion Puesto de Trabajo/select_--Seleccione--ADMINISTR' is clickable

2022-04-29 10:35:06 - [MESSAGE][PASSED] - Object 'Object Repository/1-OBJECTS TAREAS PRINCIPALES/Modulo Tarea Compensacion/Creacion Puesto de Trabajo/select_--Seleccione--ADMINISTR' is clickable

2022-04-29 10:35:06 - [TEST_STEP][PASSED] - click(findTestObject("1-OBJECTS TAREAS PRINCIPALES/Modulo Tarea Compensacion/Creacion Puesto de Trabajo/select_--Seleccione--ADMINISTR")): Object: 'Object Repository/1-OBJECTS TAREAS PRINCIPALES/Modulo Tarea Compensacion/Creacion Puesto de Trabajo/select_--Seleccione--ADMINISTR' is clicked on

2022-04-29 10:35:06 - [MESSAGE][PASSED] - Object: 'Object Repository/1-OBJECTS TAREAS PRINCIPALES/Modulo Tarea Compensacion/Creacion Puesto de Trabajo/select_--Seleccione--ADMINISTR' is clicked on

2022-04-29 10:35:06 - [TEST_STEP][PASSED] - selectOptionByIndex(findTestObject("1-OBJECTS TAREAS PRINCIPALES/Modulo Tarea Compensacion/Creacion Puesto de Trabajo/select_--Seleccione--ADMINISTR"), "1"): All options with index in [1] are selected on object 'Object Repository/1-OBJECTS TAREAS PRINCIPALES/Modulo Tarea Compensacion/Creacion Puesto de Trabajo/select_--Seleccione--ADMINISTR'

2022-04-29 10:35:07 - [MESSAGE][PASSED] - All options with index in [1] are selected on object 'Object Repository/1-OBJECTS TAREAS PRINCIPALES/Modulo Tarea Compensacion/Creacion Puesto de Trabajo/select_--Seleccione--ADMINISTR'

2022-04-29 10:35:07 - [TEST_STEP][PASSED] - waitForElementClickable(findTestObject("1-OBJECTS TAREAS PRINCIPALES/Modulo Tarea Compensacion/Creacion Puesto de Trabajo/input_Mesada _datosPuestoTraba"), 0): Object 'Object Repository/1-OBJECTS TAREAS PRINCIPALES/Modulo Tarea Compensacion/Creacion Puesto de Trabajo/input_Mesada _datosPuestoTraba' is clickable

2022-04-29 10:35:07 - [MESSAGE][WARNING] - Timeout '0' is invalid. Using default page load timeout: '45'

2022-04-29 10:35:08 - [MESSAGE][PASSED] - Object 'Object Repository/1-OBJECTS TAREAS PRINCIPALES/Modulo Tarea Compensacion/Creacion Puesto de Trabajo/input_Mesada _datosPuestoTraba' is clickable

2022-04-29 10:35:08 - [TEST_STEP][PASSED] - setText(findTestObject("1-OBJECTS TAREAS PRINCIPALES/Modulo Tarea Compensacion/Creacion Puesto de Trabajo/input_Mesada _datosPuestoTraba"), "120000"): Text '120000' is set on object 'Object Repository/1-OBJECTS TAREAS PRINCIPALES/Modulo Tarea Compensacion/Creacion Puesto de Trabajo/input_Mesada _datosPuestoTraba'

2022-04-29 10:35:09 - [MESSAGE][PASSED] - Text '120000' is set on object 'Object Repository/1-OBJECTS TAREAS PRINCIPALES/Modulo Tarea Compensacion/Creacion Puesto de Trabajo/input_Mesada _datosPuestoTraba'

2022-04-29 10:35:09 - [TEST_STEP][PASSED] - click(findTestObject("1-OBJECTS TAREAS PRINCIPALES/Modulo Tarea Compensacion/Creacion Puesto de Trabajo/span_Actualizar_1")): Object: 'Object Repository/1-OBJECTS TAREAS PRINCIPALES/Modulo Tarea Compensacion/Creacion Puesto de Trabajo/span_Actualizar_1' is clicked on

2022-04-29 10:35:09 - [MESSAGE][PASSED] - Object: 'Object Repository/1-OBJECTS TAREAS PRINCIPALES/Modulo Tarea Compensacion/Creacion Puesto de Trabajo/span_Actualizar_1' is clicked on

2022-04-29 10:35:09 - [TEST_STEP][PASSED] - Result = getText(findTestObject("3-OBJECTS UTILIDADES/Alerta/Alerta")): Text of object 'Object Repository/3-OBJECTS UTILIDADES/Alerta/Alerta' is: 'Se Inserto el registro correctamente'

2022-04-29 10:35:11 - [MESSAGE][PASSED] - Text of object 'Object Repository/3-OBJECTS UTILIDADES/Alerta/Alerta' is: 'Se Inserto el registro correctamente'

2022-04-29 10:35:11 - [TEST_STEP][PASSED] - if (Result == "Se Inserto el registro correctamente"): Browser is closed

2022-04-29 10:35:11 - [TEST_STEP][PASSED] - closeBrowser(): Browser is closed

2022-04-29 10:35:12 - [MESSAGE][PASSED] - Browser is closed]]></system-out>
         <system-err><![CDATA[]]></system-err>
      </testcase>
      <testcase name="Test Cases/1.1-Tareas Principales/1.4.5-Actualizacion de Datos en Puesto de Trabajo" time="48.519" classname="Test Cases/1.1-Tareas Principales/1.4.5-Actualizacion de Datos en Puesto de Trabajo" status="PASSED">
         <system-out><![CDATA[2022-04-29 10:35:12 - [TEST_CASE][PASSED] - Test Cases/1.1-Tareas Principales/1.4.5-Actualizacion de Datos en Puesto de Trabajo: Test Cases/1.1-Tareas Principales/1.4.5-Actualizacion de Datos en Puesto de Trabajo

2022-04-29 10:35:13 - [TEST_STEP][PASSED] - random_double = Math.random() * 9999 + 999: null

2022-04-29 10:35:13 - [TEST_STEP][PASSED] - random_double = Math.round(random_double * 100 + 1000000): null

2022-04-29 10:35:13 - [TEST_STEP][PASSED] - identificacion = toString().replace(".0", ""): null

2022-04-29 10:35:13 - [TEST_STEP][PASSED] - callTestCase(findTestCase("Utilidades-(atajos_para _tareas)/Tareas Administracion Compensacion/Tarea Planta Personal"), [:], STOP_ON_FAILURE): Call Test Case 'Test Cases/Utilidades-(atajos_para _tareas)/Tareas Administracion Compensacion/Tarea Planta Personal' successfully

2022-04-29 10:35:13 - [TEST_CASE][PASSED] - Test Cases/Utilidades-(atajos_para _tareas)/Tareas Administracion Compensacion/Tarea Planta Personal: Test Cases/Utilidades-(atajos_para _tareas)/Tareas Administracion Compensacion/Tarea Planta Personal

2022-04-29 10:35:13 - [TEST_STEP][PASSED] - callTestCase(findTestCase("0.1-Login"), [:], STOP_ON_FAILURE): Call Test Case 'Test Cases/0.1-Login' successfully

2022-04-29 10:35:13 - [TEST_CASE][PASSED] - Test Cases/0.1-Login: Test Cases/0.1-Login

2022-04-29 10:35:13 - [TEST_STEP][PASSED] - openBrowser(""): Browser is opened with url: ''

2022-04-29 10:35:13 - [MESSAGE][INFO] - Starting 'Chrome' driver

2022-04-29 10:35:13 - [MESSAGE][INFO] - Action delay is set to 0 milliseconds

2022-04-29 10:35:14 - [MESSAGE][PASSED] - Browser is opened with url: ''

2022-04-29 10:35:14 - [TEST_STEP][PASSED] - maximizeWindow(): Current window maximized

2022-04-29 10:35:14 - [MESSAGE][PASSED] - Current window maximized

2022-04-29 10:35:14 - [TEST_STEP][PASSED] - i = G_Login: null

2022-04-29 10:35:14 - [TEST_STEP][PASSED] - url = new java.net.URL(i): null

2022-04-29 10:35:14 - [TEST_STEP][PASSED] - println("URL: " + url.toString()): null

2022-04-29 10:35:14 - [TEST_STEP][PASSED] - connection = url.openConnection(): null

2022-04-29 10:35:14 - [TEST_STEP][PASSED] - connection.setRequestMethod("GET"): null

2022-04-29 10:35:14 - [TEST_STEP][PASSED] - connection.setReadTimeout(2 * 1000): null

2022-04-29 10:35:14 - [TEST_STEP][PASSED] - try: null

2022-04-29 10:35:14 - [TEST_STEP][PASSED] - connection.connect(): null

2022-04-29 10:35:14 - [TEST_STEP][PASSED] - flag = connected: null

2022-04-29 10:35:14 - [TEST_STEP][PASSED] - println("Valor_ori: " + flag): null

2022-04-29 10:35:14 - [TEST_STEP][PASSED] - if (flag): null

2022-04-29 10:35:14 - [TEST_STEP][PASSED] - navigateToUrl(i): Navigate to 'http://192.168.2.19:8380/saraweb' successfully

2022-04-29 10:35:14 - [MESSAGE][PASSED] - Navigate to 'http://192.168.2.19:8380/saraweb' successfully

2022-04-29 10:35:14 - [TEST_STEP][PASSED] - a(): null

2022-04-29 10:35:14 - [TEST_STEP][PASSED] - setText(findTestObject("3-OBJECTS UTILIDADES/Login/input_USUARIO_loginusuario"), G_Usuario): Text 'saraadmin' is set on object 'Object Repository/3-OBJECTS UTILIDADES/Login/input_USUARIO_loginusuario'

2022-04-29 10:35:15 - [MESSAGE][PASSED] - Text 'saraadmin' is set on object 'Object Repository/3-OBJECTS UTILIDADES/Login/input_USUARIO_loginusuario'

2022-04-29 10:35:15 - [TEST_STEP][PASSED] - setEncryptedText(findTestObject("3-OBJECTS UTILIDADES/Login/input_CLAVE_loginpassword"), "MkG4/TYiCFC3cb2driP7+Q=="): Text ****** has been set on object 'Object Repository/3-OBJECTS UTILIDADES/Login/input_CLAVE_loginpassword'

2022-04-29 10:35:16 - [MESSAGE][PASSED] - Text ****** has been set on object 'Object Repository/3-OBJECTS UTILIDADES/Login/input_CLAVE_loginpassword'

2022-04-29 10:35:16 - [TEST_STEP][PASSED] - waitForElementClickable(findTestObject("3-OBJECTS UTILIDADES/Login/a_Ingresar"), G_TimeOut): Object 'Object Repository/3-OBJECTS UTILIDADES/Login/a_Ingresar' is clickable

2022-04-29 10:35:16 - [MESSAGE][PASSED] - Object 'Object Repository/3-OBJECTS UTILIDADES/Login/a_Ingresar' is clickable

2022-04-29 10:35:16 - [TEST_STEP][PASSED] - click(findTestObject("3-OBJECTS UTILIDADES/Login/a_Ingresar")): Object: 'Object Repository/3-OBJECTS UTILIDADES/Login/a_Ingresar' is clicked on

2022-04-29 10:35:18 - [MESSAGE][PASSED] - Object: 'Object Repository/3-OBJECTS UTILIDADES/Login/a_Ingresar' is clicked on

2022-04-29 10:35:18 - [TEST_STEP][PASSED] - element = findWebElement(findTestObject("3-OBJECTS UTILIDADES/Login/a_Ir"), 30): null

2022-04-29 10:35:18 - [TEST_STEP][PASSED] - executeJavaScript("arguments[0].click()", Arrays.asList(element)): Execute JavaScript 'arguments[0].click()' successfully

2022-04-29 10:35:18 - [MESSAGE][PASSED] - Execute JavaScript 'arguments[0].click()' successfully

2022-04-29 10:35:18 - [MESSAGE][PASSED] - Call Test Case 'Test Cases/0.1-Login' successfully

2022-04-29 10:35:18 - [TEST_STEP][PASSED] - waitForElementVisible(findTestObject("1-OBJECTS TAREAS PRINCIPALES/Modulo Tarea Compensacion/Tarea Planta Personal/input_Ir_nav_t66_input"), 0): Object 'Object Repository/1-OBJECTS TAREAS PRINCIPALES/Modulo Tarea Compensacion/Tarea Planta Personal/input_Ir_nav_t66_input' is visible

2022-04-29 10:35:18 - [MESSAGE][WARNING] - Timeout '0' is invalid. Using default page load timeout: '45'

2022-04-29 10:35:19 - [MESSAGE][PASSED] - Object 'Object Repository/1-OBJECTS TAREAS PRINCIPALES/Modulo Tarea Compensacion/Tarea Planta Personal/input_Ir_nav_t66_input' is visible

2022-04-29 10:35:19 - [TEST_STEP][PASSED] - setText(findTestObject("1-OBJECTS TAREAS PRINCIPALES/Modulo Tarea Compensacion/Tarea Planta Personal/input_Ir_nav_t66_input"), "Planta Personal (tal)"): Text 'Planta Personal (tal)' is set on object 'Object Repository/1-OBJECTS TAREAS PRINCIPALES/Modulo Tarea Compensacion/Tarea Planta Personal/input_Ir_nav_t66_input'

2022-04-29 10:35:19 - [MESSAGE][PASSED] - Text 'Planta Personal (tal)' is set on object 'Object Repository/1-OBJECTS TAREAS PRINCIPALES/Modulo Tarea Compensacion/Tarea Planta Personal/input_Ir_nav_t66_input'

2022-04-29 10:35:19 - [TEST_STEP][PASSED] - waitForElementVisible(findTestObject("1-OBJECTS TAREAS PRINCIPALES/Modulo Tarea Compensacion/Tarea Planta Personal/span_Planta Personal (tal)"), 0): Object 'Object Repository/1-OBJECTS TAREAS PRINCIPALES/Modulo Tarea Compensacion/Tarea Planta Personal/span_Planta Personal (tal)' is visible

2022-04-29 10:35:20 - [MESSAGE][WARNING] - Timeout '0' is invalid. Using default page load timeout: '45'

2022-04-29 10:35:21 - [MESSAGE][PASSED] - Object 'Object Repository/1-OBJECTS TAREAS PRINCIPALES/Modulo Tarea Compensacion/Tarea Planta Personal/span_Planta Personal (tal)' is visible

2022-04-29 10:35:21 - [TEST_STEP][PASSED] - click(findTestObject("1-OBJECTS TAREAS PRINCIPALES/Modulo Tarea Compensacion/Tarea Planta Personal/span_Planta Personal (tal)")): Object: 'Object Repository/1-OBJECTS TAREAS PRINCIPALES/Modulo Tarea Compensacion/Tarea Planta Personal/span_Planta Personal (tal)' is clicked on

2022-04-29 10:35:21 - [MESSAGE][PASSED] - Object: 'Object Repository/1-OBJECTS TAREAS PRINCIPALES/Modulo Tarea Compensacion/Tarea Planta Personal/span_Planta Personal (tal)' is clicked on

2022-04-29 10:35:21 - [MESSAGE][PASSED] - Call Test Case 'Test Cases/Utilidades-(atajos_para _tareas)/Tareas Administracion Compensacion/Tarea Planta Personal' successfully

2022-04-29 10:35:21 - [TEST_STEP][PASSED] - waitForElementClickable(findTestObject("1-OBJECTS TAREAS PRINCIPALES/Modulo Tarea Compensacion/Actualizacion de Datos en Puesto de Trabajo/span_Administracion"), 0): Object 'Object Repository/1-OBJECTS TAREAS PRINCIPALES/Modulo Tarea Compensacion/Actualizacion de Datos en Puesto de Trabajo/span_Administracion' is clickable

2022-04-29 10:35:21 - [MESSAGE][WARNING] - Timeout '0' is invalid. Using default page load timeout: '45'

2022-04-29 10:35:22 - [MESSAGE][PASSED] - Object 'Object Repository/1-OBJECTS TAREAS PRINCIPALES/Modulo Tarea Compensacion/Actualizacion de Datos en Puesto de Trabajo/span_Administracion' is clickable

2022-04-29 10:35:22 - [TEST_STEP][PASSED] - click(findTestObject("1-OBJECTS TAREAS PRINCIPALES/Modulo Tarea Compensacion/Actualizacion de Datos en Puesto de Trabajo/span_Administracion")): Object: 'Object Repository/1-OBJECTS TAREAS PRINCIPALES/Modulo Tarea Compensacion/Actualizacion de Datos en Puesto de Trabajo/span_Administracion' is clicked on

2022-04-29 10:35:23 - [MESSAGE][PASSED] - Object: 'Object Repository/1-OBJECTS TAREAS PRINCIPALES/Modulo Tarea Compensacion/Actualizacion de Datos en Puesto de Trabajo/span_Administracion' is clicked on

2022-04-29 10:35:23 - [TEST_STEP][PASSED] - click(findTestObject("1-OBJECTS TAREAS PRINCIPALES/Modulo Tarea Compensacion/Actualizacion de Datos en Puesto de Trabajo/a_Abogado_organigramaj_idt110")): Object: 'Object Repository/1-OBJECTS TAREAS PRINCIPALES/Modulo Tarea Compensacion/Actualizacion de Datos en Puesto de Trabajo/a_Abogado_organigramaj_idt110' is clicked on

2022-04-29 10:35:26 - [MESSAGE][PASSED] - Object: 'Object Repository/1-OBJECTS TAREAS PRINCIPALES/Modulo Tarea Compensacion/Actualizacion de Datos en Puesto de Trabajo/a_Abogado_organigramaj_idt110' is clicked on

2022-04-29 10:35:26 - [TEST_STEP][PASSED] - click(findTestObject("1-OBJECTS TAREAS PRINCIPALES/Modulo Tarea Compensacion/Actualizacion de Datos en Puesto de Trabajo/a_Datos De Nomina")): Object: 'Object Repository/1-OBJECTS TAREAS PRINCIPALES/Modulo Tarea Compensacion/Actualizacion de Datos en Puesto de Trabajo/a_Datos De Nomina' is clicked on

2022-04-29 10:35:29 - [MESSAGE][PASSED] - Object: 'Object Repository/1-OBJECTS TAREAS PRINCIPALES/Modulo Tarea Compensacion/Actualizacion de Datos en Puesto de Trabajo/a_Datos De Nomina' is clicked on

2022-04-29 10:35:29 - [TEST_STEP][PASSED] - click(findTestObject("1-OBJECTS TAREAS PRINCIPALES/Modulo Tarea Compensacion/Actualizacion de Datos en Puesto de Trabajo/a_Zona Econmica_datosPuestoTrabajo_formj_idt1277")): Object: 'Object Repository/1-OBJECTS TAREAS PRINCIPALES/Modulo Tarea Compensacion/Actualizacion de Datos en Puesto de Trabajo/a_Zona Econmica_datosPuestoTrabajo_formj_idt1277' is clicked on

2022-04-29 10:35:30 - [MESSAGE][PASSED] - Object: 'Object Repository/1-OBJECTS TAREAS PRINCIPALES/Modulo Tarea Compensacion/Actualizacion de Datos en Puesto de Trabajo/a_Zona Econmica_datosPuestoTrabajo_formj_idt1277' is clicked on

2022-04-29 10:35:30 - [TEST_STEP][PASSED] - click(findTestObject("1-OBJECTS TAREAS PRINCIPALES/Modulo Tarea Compensacion/Actualizacion de Datos en Puesto de Trabajo/span_Centro Costo de Prueba")): Object: 'Object Repository/1-OBJECTS TAREAS PRINCIPALES/Modulo Tarea Compensacion/Actualizacion de Datos en Puesto de Trabajo/span_Centro Costo de Prueba' is clicked on

2022-04-29 10:35:30 - [MESSAGE][PASSED] - Object: 'Object Repository/1-OBJECTS TAREAS PRINCIPALES/Modulo Tarea Compensacion/Actualizacion de Datos en Puesto de Trabajo/span_Centro Costo de Prueba' is clicked on

2022-04-29 10:35:30 - [TEST_STEP][PASSED] - click(findTestObject("1-OBJECTS TAREAS PRINCIPALES/Modulo Tarea Compensacion/Actualizacion de Datos en Puesto de Trabajo/select_-- Seleccione empleados_lineacosto"), STOP_ON_FAILURE): Object: 'Object Repository/1-OBJECTS TAREAS PRINCIPALES/Modulo Tarea Compensacion/Actualizacion de Datos en Puesto de Trabajo/select_-- Seleccione empleados_lineacosto' is clicked on

2022-04-29 10:35:31 - [MESSAGE][PASSED] - Object: 'Object Repository/1-OBJECTS TAREAS PRINCIPALES/Modulo Tarea Compensacion/Actualizacion de Datos en Puesto de Trabajo/select_-- Seleccione empleados_lineacosto' is clicked on

2022-04-29 10:35:31 - [TEST_STEP][PASSED] - if (verifyOptionSelectedByIndex(findTestObject("1-OBJECTS TAREAS PRINCIPALES/Modulo Tarea Compensacion/Actualizacion de Datos en Puesto de Trabajo/select_-- Seleccione empleados_lineacosto"), 1, 0, OPTIONAL)): null

2022-04-29 10:35:31 - [MESSAGE][WARNING] - Timeout '0' is invalid. Using default page load timeout: '45'

2022-04-29 10:35:32 - [MESSAGE][PASSED] - All options with index range in '1' are selected in object 'Object Repository/1-OBJECTS TAREAS PRINCIPALES/Modulo Tarea Compensacion/Actualizacion de Datos en Puesto de Trabajo/select_-- Seleccione empleados_lineacosto'

2022-04-29 10:35:32 - [TEST_STEP][PASSED] - selectOptionByIndex(findTestObject("1-OBJECTS TAREAS PRINCIPALES/Modulo Tarea Compensacion/Actualizacion de Datos en Puesto de Trabajo/select_-- Seleccione empleados_lineacosto"), 3): All options with index in [3] are selected on object 'Object Repository/1-OBJECTS TAREAS PRINCIPALES/Modulo Tarea Compensacion/Actualizacion de Datos en Puesto de Trabajo/select_-- Seleccione empleados_lineacosto'

2022-04-29 10:35:34 - [MESSAGE][PASSED] - All options with index in [3] are selected on object 'Object Repository/1-OBJECTS TAREAS PRINCIPALES/Modulo Tarea Compensacion/Actualizacion de Datos en Puesto de Trabajo/select_-- Seleccione empleados_lineacosto'

2022-04-29 10:35:34 - [TEST_STEP][PASSED] - if (verifyOptionSelectedByIndex(findTestObject("1-OBJECTS TAREAS PRINCIPALES/Modulo Tarea Compensacion/Actualizacion de Datos en Puesto de Trabajo/select_-- Seleccione Ubicacin Fsica"), 3, 1, OPTIONAL)): Only 0 in 1 option(s) with index range [3] is/are selected in object 'Object Repository/1-OBJECTS TAREAS PRINCIPALES/Modulo Tarea Compensacion/Actualizacion de Datos en Puesto de Trabajo/select_-- Seleccione Ubicacin Fsica' (Root cause: com.kms.katalon.core.exception.StepFailedException: Only 0 in 1 option(s) with index range [3] is/are selected in object 'Object Repository/1-OBJECTS TAREAS PRINCIPALES/Modulo Tarea Compensacion/Actualizacion de Datos en Puesto de Trabajo/select_-- Seleccione Ubicacin Fsica'
	at com.kms.katalon.core.webui.keyword.internal.WebUIKeywordMain.stepFailed(WebUIKeywordMain.groovy:64)
	at com.kms.katalon.core.webui.keyword.builtin.VerifyOptionSelectedByIndexKeyword$_verifyOptionSelectedByIndex_closure1.doCall(VerifyOptionSelectedByIndexKeyword.groovy:91)
	at com.kms.katalon.core.webui.keyword.builtin.VerifyOptionSelectedByIndexKeyword$_verifyOptionSelectedByIndex_closure1.call(VerifyOptionSelectedByIndexKeyword.groovy)
	at com.kms.katalon.core.webui.keyword.internal.WebUIKeywordMain.runKeyword(WebUIKeywordMain.groovy:20)
	at com.kms.katalon.core.webui.keyword.builtin.VerifyOptionSelectedByIndexKeyword.verifyOptionSelectedByIndex(VerifyOptionSelectedByIndexKeyword.groovy:102)
	at com.kms.katalon.core.webui.keyword.builtin.VerifyOptionSelectedByIndexKeyword.execute(VerifyOptionSelectedByIndexKeyword.groovy:69)
	at com.kms.katalon.core.keyword.internal.KeywordExecutor.executeKeywordForPlatform(KeywordExecutor.groovy:74)
	at com.kms.katalon.core.webui.keyword.WebUiBuiltInKeywords.verifyOptionSelectedByIndex(WebUiBuiltInKeywords.groovy:2326)
	at com.kms.katalon.core.webui.keyword.WebUiBuiltInKeywords$verifyOptionSelectedByIndex$25.call(Unknown Source)
	at 1.4.5-Actualizacion de Datos en Puesto de Trabajo.run(1.4.5-Actualizacion de Datos en Puesto de Trabajo:54)
	at com.kms.katalon.core.main.ScriptEngine.run(ScriptEngine.java:194)
	at com.kms.katalon.core.main.ScriptEngine.runScriptAsRawText(ScriptEngine.java:119)
	at com.kms.katalon.core.main.TestCaseExecutor.runScript(TestCaseExecutor.java:445)
	at com.kms.katalon.core.main.TestCaseExecutor.doExecute(TestCaseExecutor.java:436)
	at com.kms.katalon.core.main.TestCaseExecutor.processExecutionPhase(TestCaseExecutor.java:415)
	at com.kms.katalon.core.main.TestCaseExecutor.accessMainPhase(TestCaseExecutor.java:407)
	at com.kms.katalon.core.main.TestCaseExecutor.execute(TestCaseExecutor.java:284)
	at com.kms.katalon.core.common.CommonExecutor.accessTestCaseMainPhase(CommonExecutor.java:65)
	at com.kms.katalon.core.main.TestSuiteExecutor.accessTestSuiteMainPhase(TestSuiteExecutor.java:144)
	at com.kms.katalon.core.main.TestSuiteExecutor.execute(TestSuiteExecutor.java:106)
	at com.kms.katalon.core.main.TestCaseMain.startTestSuite(TestCaseMain.java:185)
	at com.kms.katalon.core.main.TestCaseMain$startTestSuite$0.call(Unknown Source)
	at TempTestSuite1651245283467.run(TempTestSuite1651245283467.groovy:36)
)

2022-04-29 10:35:46 - [MESSAGE][WARNING] - Only 0 in 1 option(s) with index range [3] is/are selected in object 'Object Repository/1-OBJECTS TAREAS PRINCIPALES/Modulo Tarea Compensacion/Actualizacion de Datos en Puesto de Trabajo/select_-- Seleccione Ubicacin Fsica' (Root cause: com.kms.katalon.core.exception.StepFailedException: Only 0 in 1 option(s) with index range [3] is/are selected in object 'Object Repository/1-OBJECTS TAREAS PRINCIPALES/Modulo Tarea Compensacion/Actualizacion de Datos en Puesto de Trabajo/select_-- Seleccione Ubicacin Fsica'
	at com.kms.katalon.core.webui.keyword.internal.WebUIKeywordMain.stepFailed(WebUIKeywordMain.groovy:64)
	at com.kms.katalon.core.webui.keyword.builtin.VerifyOptionSelectedByIndexKeyword$_verifyOptionSelectedByIndex_closure1.doCall(VerifyOptionSelectedByIndexKeyword.groovy:91)
	at com.kms.katalon.core.webui.keyword.builtin.VerifyOptionSelectedByIndexKeyword$_verifyOptionSelectedByIndex_closure1.call(VerifyOptionSelectedByIndexKeyword.groovy)
	at com.kms.katalon.core.webui.keyword.internal.WebUIKeywordMain.runKeyword(WebUIKeywordMain.groovy:20)
	at com.kms.katalon.core.webui.keyword.builtin.VerifyOptionSelectedByIndexKeyword.verifyOptionSelectedByIndex(VerifyOptionSelectedByIndexKeyword.groovy:102)
	at com.kms.katalon.core.webui.keyword.builtin.VerifyOptionSelectedByIndexKeyword.execute(VerifyOptionSelectedByIndexKeyword.groovy:69)
	at com.kms.katalon.core.keyword.internal.KeywordExecutor.executeKeywordForPlatform(KeywordExecutor.groovy:74)
	at com.kms.katalon.core.webui.keyword.WebUiBuiltInKeywords.verifyOptionSelectedByIndex(WebUiBuiltInKeywords.groovy:2326)
	at com.kms.katalon.core.webui.keyword.WebUiBuiltInKeywords$verifyOptionSelectedByIndex$25.call(Unknown Source)
	at 1.4.5-Actualizacion de Datos en Puesto de Trabajo.run(1.4.5-Actualizacion de Datos en Puesto de Trabajo:54)
	at com.kms.katalon.core.main.ScriptEngine.run(ScriptEngine.java:194)
	at com.kms.katalon.core.main.ScriptEngine.runScriptAsRawText(ScriptEngine.java:119)
	at com.kms.katalon.core.main.TestCaseExecutor.runScript(TestCaseExecutor.java:445)
	at com.kms.katalon.core.main.TestCaseExecutor.doExecute(TestCaseExecutor.java:436)
	at com.kms.katalon.core.main.TestCaseExecutor.processExecutionPhase(TestCaseExecutor.java:415)
	at com.kms.katalon.core.main.TestCaseExecutor.accessMainPhase(TestCaseExecutor.java:407)
	at com.kms.katalon.core.main.TestCaseExecutor.execute(TestCaseExecutor.java:284)
	at com.kms.katalon.core.common.CommonExecutor.accessTestCaseMainPhase(CommonExecutor.java:65)
	at com.kms.katalon.core.main.TestSuiteExecutor.accessTestSuiteMainPhase(TestSuiteExecutor.java:144)
	at com.kms.katalon.core.main.TestSuiteExecutor.execute(TestSuiteExecutor.java:106)
	at com.kms.katalon.core.main.TestCaseMain.startTestSuite(TestCaseMain.java:185)
	at com.kms.katalon.core.main.TestCaseMain$startTestSuite$0.call(Unknown Source)
	at TempTestSuite1651245283467.run(TempTestSuite1651245283467.groovy:36)
)
[[ATTACHMENT|C:\\Users\\diego.rojas\\git\\Pruebas-Minimas\\Reports\\20220429_101443\\Test_Suite_Principales\\1-Tareas Principales\\20220429_101443\\1651246545952.png]]

2022-04-29 10:35:46 - [TEST_STEP][PASSED] - else: All options with index in [3] are selected on object 'Object Repository/1-OBJECTS TAREAS PRINCIPALES/Modulo Tarea Compensacion/Actualizacion de Datos en Puesto de Trabajo/select_-- Seleccione Ubicacin Fsica'

2022-04-29 10:35:46 - [TEST_STEP][PASSED] - selectOptionByIndex(findTestObject("1-OBJECTS TAREAS PRINCIPALES/Modulo Tarea Compensacion/Actualizacion de Datos en Puesto de Trabajo/select_-- Seleccione Ubicacin Fsica"), 3): All options with index in [3] are selected on object 'Object Repository/1-OBJECTS TAREAS PRINCIPALES/Modulo Tarea Compensacion/Actualizacion de Datos en Puesto de Trabajo/select_-- Seleccione Ubicacin Fsica'

2022-04-29 10:35:47 - [MESSAGE][PASSED] - All options with index in [3] are selected on object 'Object Repository/1-OBJECTS TAREAS PRINCIPALES/Modulo Tarea Compensacion/Actualizacion de Datos en Puesto de Trabajo/select_-- Seleccione Ubicacin Fsica'

2022-04-29 10:35:47 - [TEST_STEP][PASSED] - if (verifyOptionSelectedByIndex(findTestObject("1-OBJECTS TAREAS PRINCIPALES/Modulo Tarea Compensacion/Actualizacion de Datos en Puesto de Trabajo/select_Turno"), 4, 1, OPTIONAL)): null

2022-04-29 10:35:49 - [MESSAGE][PASSED] - All options with index range in '4' are selected in object 'Object Repository/1-OBJECTS TAREAS PRINCIPALES/Modulo Tarea Compensacion/Actualizacion de Datos en Puesto de Trabajo/select_Turno'

2022-04-29 10:35:49 - [TEST_STEP][PASSED] - selectOptionByIndex(findTestObject("1-OBJECTS TAREAS PRINCIPALES/Modulo Tarea Compensacion/Actualizacion de Datos en Puesto de Trabajo/select_Turno"), 5): All options with index in [5] are selected on object 'Object Repository/1-OBJECTS TAREAS PRINCIPALES/Modulo Tarea Compensacion/Actualizacion de Datos en Puesto de Trabajo/select_Turno'

2022-04-29 10:35:50 - [MESSAGE][PASSED] - All options with index in [5] are selected on object 'Object Repository/1-OBJECTS TAREAS PRINCIPALES/Modulo Tarea Compensacion/Actualizacion de Datos en Puesto de Trabajo/select_Turno'

2022-04-29 10:35:50 - [TEST_STEP][PASSED] - if (verifyOptionSelectedByIndex(findTestObject("1-OBJECTS TAREAS PRINCIPALES/Modulo Tarea Compensacion/Actualizacion de Datos en Puesto de Trabajo/select_Tipo Periodo"), 7, 1, OPTIONAL)): null

2022-04-29 10:35:51 - [MESSAGE][PASSED] - All options with index range in '7' are selected in object 'Object Repository/1-OBJECTS TAREAS PRINCIPALES/Modulo Tarea Compensacion/Actualizacion de Datos en Puesto de Trabajo/select_Tipo Periodo'

2022-04-29 10:35:51 - [TEST_STEP][PASSED] - selectOptionByIndex(findTestObject("1-OBJECTS TAREAS PRINCIPALES/Modulo Tarea Compensacion/Actualizacion de Datos en Puesto de Trabajo/select_Tipo Periodo"), "6"): All options with index in [6] are selected on object 'Object Repository/1-OBJECTS TAREAS PRINCIPALES/Modulo Tarea Compensacion/Actualizacion de Datos en Puesto de Trabajo/select_Tipo Periodo'

2022-04-29 10:35:52 - [MESSAGE][PASSED] - All options with index in [6] are selected on object 'Object Repository/1-OBJECTS TAREAS PRINCIPALES/Modulo Tarea Compensacion/Actualizacion de Datos en Puesto de Trabajo/select_Tipo Periodo'

2022-04-29 10:35:52 - [TEST_STEP][PASSED] - if (verifyOptionSelectedByIndex(findTestObject("1-OBJECTS TAREAS PRINCIPALES/Modulo Tarea Compensacion/Actualizacion de Datos en Puesto de Trabajo/select_Vinculacion"), "8", 1, OPTIONAL)): null

2022-04-29 10:35:54 - [MESSAGE][PASSED] - All options with index range in '8' are selected in object 'Object Repository/1-OBJECTS TAREAS PRINCIPALES/Modulo Tarea Compensacion/Actualizacion de Datos en Puesto de Trabajo/select_Vinculacion'

2022-04-29 10:35:54 - [TEST_STEP][PASSED] - selectOptionByIndex(findTestObject("1-OBJECTS TAREAS PRINCIPALES/Modulo Tarea Compensacion/Actualizacion de Datos en Puesto de Trabajo/select_Vinculacion"), 9): All options with index in [9] are selected on object 'Object Repository/1-OBJECTS TAREAS PRINCIPALES/Modulo Tarea Compensacion/Actualizacion de Datos en Puesto de Trabajo/select_Vinculacion'

2022-04-29 10:35:55 - [MESSAGE][PASSED] - All options with index in [9] are selected on object 'Object Repository/1-OBJECTS TAREAS PRINCIPALES/Modulo Tarea Compensacion/Actualizacion de Datos en Puesto de Trabajo/select_Vinculacion'

2022-04-29 10:35:55 - [TEST_STEP][PASSED] - if (verifyOptionSelectedByIndex(findTestObject("1-OBJECTS TAREAS PRINCIPALES/Modulo Tarea Compensacion/Actualizacion de Datos en Puesto de Trabajo/select_Rol"), 1, 1, OPTIONAL)): null

2022-04-29 10:35:56 - [MESSAGE][PASSED] - All options with index range in '1' are selected in object 'Object Repository/1-OBJECTS TAREAS PRINCIPALES/Modulo Tarea Compensacion/Actualizacion de Datos en Puesto de Trabajo/select_Rol'

2022-04-29 10:35:56 - [TEST_STEP][PASSED] - selectOptionByIndex(findTestObject("1-OBJECTS TAREAS PRINCIPALES/Modulo Tarea Compensacion/Actualizacion de Datos en Puesto de Trabajo/select_Rol"), 3): All options with index in [3] are selected on object 'Object Repository/1-OBJECTS TAREAS PRINCIPALES/Modulo Tarea Compensacion/Actualizacion de Datos en Puesto de Trabajo/select_Rol'

2022-04-29 10:35:58 - [MESSAGE][PASSED] - All options with index in [3] are selected on object 'Object Repository/1-OBJECTS TAREAS PRINCIPALES/Modulo Tarea Compensacion/Actualizacion de Datos en Puesto de Trabajo/select_Rol'

2022-04-29 10:35:58 - [TEST_STEP][PASSED] - setText(findTestObject("1-OBJECTS TAREAS PRINCIPALES/Modulo Tarea Compensacion/Actualizacion de Datos en Puesto de Trabajo/input_Mesada"), identificacion): Text '1103351' is set on object 'Object Repository/1-OBJECTS TAREAS PRINCIPALES/Modulo Tarea Compensacion/Actualizacion de Datos en Puesto de Trabajo/input_Mesada'

2022-04-29 10:35:58 - [MESSAGE][PASSED] - Text '1103351' is set on object 'Object Repository/1-OBJECTS TAREAS PRINCIPALES/Modulo Tarea Compensacion/Actualizacion de Datos en Puesto de Trabajo/input_Mesada'

2022-04-29 10:35:58 - [TEST_STEP][PASSED] - click(findTestObject("1-OBJECTS TAREAS PRINCIPALES/Modulo Tarea Compensacion/Actualizacion de Datos en Puesto de Trabajo/a_Actualizar")): Object: 'Object Repository/1-OBJECTS TAREAS PRINCIPALES/Modulo Tarea Compensacion/Actualizacion de Datos en Puesto de Trabajo/a_Actualizar' is clicked on

2022-04-29 10:35:59 - [MESSAGE][PASSED] - Object: 'Object Repository/1-OBJECTS TAREAS PRINCIPALES/Modulo Tarea Compensacion/Actualizacion de Datos en Puesto de Trabajo/a_Actualizar' is clicked on

2022-04-29 10:35:59 - [TEST_STEP][PASSED] - Result = getText(findTestObject("3-OBJECTS UTILIDADES/Alerta/Alerta")): Text of object 'Object Repository/3-OBJECTS UTILIDADES/Alerta/Alerta' is: 'Se Actualizo el registro correctamente'

2022-04-29 10:36:00 - [MESSAGE][PASSED] - Text of object 'Object Repository/3-OBJECTS UTILIDADES/Alerta/Alerta' is: 'Se Actualizo el registro correctamente'

2022-04-29 10:36:00 - [TEST_STEP][PASSED] - if (Result == "Se Actualizo el registro correctamente"): Browser is closed

2022-04-29 10:36:00 - [TEST_STEP][PASSED] - closeBrowser(): Browser is closed

2022-04-29 10:36:01 - [MESSAGE][PASSED] - Browser is closed]]></system-out>
         <system-err><![CDATA[]]></system-err>
      </testcase>
      <testcase name="Test Cases/1.1-Tareas Principales/1.4.6-Prestamo Liquidacion Periodica" time="27.77" classname="Test Cases/1.1-Tareas Principales/1.4.6-Prestamo Liquidacion Periodica" status="PASSED">
         <system-out><![CDATA[2022-04-29 10:36:01 - [TEST_CASE][PASSED] - Test Cases/1.1-Tareas Principales/1.4.6-Prestamo Liquidacion Periodica: Test Cases/1.1-Tareas Principales/1.4.6-Prestamo Liquidacion Periodica

2022-04-29 10:36:01 - [TEST_STEP][PASSED] - callTestCase(findTestCase("Utilidades-(atajos_para _tareas)/Tareas Administracion Compensacion/Tarea Listado Empleados"), [:], STOP_ON_FAILURE): Call Test Case 'Test Cases/Utilidades-(atajos_para _tareas)/Tareas Administracion Compensacion/Tarea Listado Empleados' successfully

2022-04-29 10:36:01 - [TEST_CASE][PASSED] - Test Cases/Utilidades-(atajos_para _tareas)/Tareas Administracion Compensacion/Tarea Listado Empleados: Test Cases/Utilidades-(atajos_para _tareas)/Tareas Administracion Compensacion/Tarea Listado Empleados

2022-04-29 10:36:01 - [TEST_STEP][PASSED] - callTestCase(findTestCase("0.1-Login"), [:], STOP_ON_FAILURE): Call Test Case 'Test Cases/0.1-Login' successfully

2022-04-29 10:36:01 - [TEST_CASE][PASSED] - Test Cases/0.1-Login: Test Cases/0.1-Login

2022-04-29 10:36:01 - [TEST_STEP][PASSED] - openBrowser(""): Browser is opened with url: ''

2022-04-29 10:36:01 - [MESSAGE][INFO] - Starting 'Chrome' driver

2022-04-29 10:36:01 - [MESSAGE][INFO] - Action delay is set to 0 milliseconds

2022-04-29 10:36:03 - [MESSAGE][PASSED] - Browser is opened with url: ''

2022-04-29 10:36:03 - [TEST_STEP][PASSED] - maximizeWindow(): Current window maximized

2022-04-29 10:36:03 - [MESSAGE][PASSED] - Current window maximized

2022-04-29 10:36:03 - [TEST_STEP][PASSED] - i = G_Login: null

2022-04-29 10:36:03 - [TEST_STEP][PASSED] - url = new java.net.URL(i): null

2022-04-29 10:36:03 - [TEST_STEP][PASSED] - println("URL: " + url.toString()): null

2022-04-29 10:36:03 - [TEST_STEP][PASSED] - connection = url.openConnection(): null

2022-04-29 10:36:03 - [TEST_STEP][PASSED] - connection.setRequestMethod("GET"): null

2022-04-29 10:36:03 - [TEST_STEP][PASSED] - connection.setReadTimeout(2 * 1000): null

2022-04-29 10:36:03 - [TEST_STEP][PASSED] - try: null

2022-04-29 10:36:03 - [TEST_STEP][PASSED] - connection.connect(): null

2022-04-29 10:36:03 - [TEST_STEP][PASSED] - flag = connected: null

2022-04-29 10:36:03 - [TEST_STEP][PASSED] - println("Valor_ori: " + flag): null

2022-04-29 10:36:03 - [TEST_STEP][PASSED] - if (flag): null

2022-04-29 10:36:03 - [TEST_STEP][PASSED] - navigateToUrl(i): Navigate to 'http://192.168.2.19:8380/saraweb' successfully

2022-04-29 10:36:03 - [MESSAGE][PASSED] - Navigate to 'http://192.168.2.19:8380/saraweb' successfully

2022-04-29 10:36:03 - [TEST_STEP][PASSED] - a(): null

2022-04-29 10:36:03 - [TEST_STEP][PASSED] - setText(findTestObject("3-OBJECTS UTILIDADES/Login/input_USUARIO_loginusuario"), G_Usuario): Text 'saraadmin' is set on object 'Object Repository/3-OBJECTS UTILIDADES/Login/input_USUARIO_loginusuario'

2022-04-29 10:36:04 - [MESSAGE][PASSED] - Text 'saraadmin' is set on object 'Object Repository/3-OBJECTS UTILIDADES/Login/input_USUARIO_loginusuario'

2022-04-29 10:36:04 - [TEST_STEP][PASSED] - setEncryptedText(findTestObject("3-OBJECTS UTILIDADES/Login/input_CLAVE_loginpassword"), "MkG4/TYiCFC3cb2driP7+Q=="): Text ****** has been set on object 'Object Repository/3-OBJECTS UTILIDADES/Login/input_CLAVE_loginpassword'

2022-04-29 10:36:04 - [MESSAGE][PASSED] - Text ****** has been set on object 'Object Repository/3-OBJECTS UTILIDADES/Login/input_CLAVE_loginpassword'

2022-04-29 10:36:04 - [TEST_STEP][PASSED] - waitForElementClickable(findTestObject("3-OBJECTS UTILIDADES/Login/a_Ingresar"), G_TimeOut): Object 'Object Repository/3-OBJECTS UTILIDADES/Login/a_Ingresar' is clickable

2022-04-29 10:36:05 - [MESSAGE][PASSED] - Object 'Object Repository/3-OBJECTS UTILIDADES/Login/a_Ingresar' is clickable

2022-04-29 10:36:05 - [TEST_STEP][PASSED] - click(findTestObject("3-OBJECTS UTILIDADES/Login/a_Ingresar")): Object: 'Object Repository/3-OBJECTS UTILIDADES/Login/a_Ingresar' is clicked on

2022-04-29 10:36:06 - [MESSAGE][PASSED] - Object: 'Object Repository/3-OBJECTS UTILIDADES/Login/a_Ingresar' is clicked on

2022-04-29 10:36:06 - [TEST_STEP][PASSED] - element = findWebElement(findTestObject("3-OBJECTS UTILIDADES/Login/a_Ir"), 30): null

2022-04-29 10:36:07 - [TEST_STEP][PASSED] - executeJavaScript("arguments[0].click()", Arrays.asList(element)): Execute JavaScript 'arguments[0].click()' successfully

2022-04-29 10:36:07 - [MESSAGE][PASSED] - Execute JavaScript 'arguments[0].click()' successfully

2022-04-29 10:36:07 - [MESSAGE][PASSED] - Call Test Case 'Test Cases/0.1-Login' successfully

2022-04-29 10:36:07 - [TEST_STEP][PASSED] - setText(findTestObject("1-OBJECTS TAREAS PRINCIPALES/Modulo Tarea Listado Hojas de Vida/Tareas Listado Hojas de Vida/input_Listado Hojas De Vida_form_templatej_idt24_input"), "Listado de Empleados"): Text 'Listado de Empleados' is set on object 'Object Repository/1-OBJECTS TAREAS PRINCIPALES/Modulo Tarea Listado Hojas de Vida/Tareas Listado Hojas de Vida/input_Listado Hojas De Vida_form_templatej_idt24_input'

2022-04-29 10:36:08 - [MESSAGE][PASSED] - Text 'Listado de Empleados' is set on object 'Object Repository/1-OBJECTS TAREAS PRINCIPALES/Modulo Tarea Listado Hojas de Vida/Tareas Listado Hojas de Vida/input_Listado Hojas De Vida_form_templatej_idt24_input'

2022-04-29 10:36:08 - [TEST_STEP][PASSED] - waitForElementVisible(findTestObject("1-OBJECTS TAREAS PRINCIPALES/Modulo Tarea Listado Hojas de Vida/Tareas Listado Hojas de Vida/span_Listado de Empleados"), 0): Object 'Object Repository/1-OBJECTS TAREAS PRINCIPALES/Modulo Tarea Listado Hojas de Vida/Tareas Listado Hojas de Vida/span_Listado de Empleados' is visible

2022-04-29 10:36:08 - [MESSAGE][WARNING] - Timeout '0' is invalid. Using default page load timeout: '45'

2022-04-29 10:36:09 - [MESSAGE][PASSED] - Object 'Object Repository/1-OBJECTS TAREAS PRINCIPALES/Modulo Tarea Listado Hojas de Vida/Tareas Listado Hojas de Vida/span_Listado de Empleados' is visible

2022-04-29 10:36:09 - [TEST_STEP][PASSED] - click(findTestObject("1-OBJECTS TAREAS PRINCIPALES/Modulo Tarea Listado Hojas de Vida/Tareas Listado Hojas de Vida/span_Listado de Empleados")): Object: 'Object Repository/1-OBJECTS TAREAS PRINCIPALES/Modulo Tarea Listado Hojas de Vida/Tareas Listado Hojas de Vida/span_Listado de Empleados' is clicked on

2022-04-29 10:36:09 - [MESSAGE][PASSED] - Object: 'Object Repository/1-OBJECTS TAREAS PRINCIPALES/Modulo Tarea Listado Hojas de Vida/Tareas Listado Hojas de Vida/span_Listado de Empleados' is clicked on

2022-04-29 10:36:09 - [MESSAGE][PASSED] - Call Test Case 'Test Cases/Utilidades-(atajos_para _tareas)/Tareas Administracion Compensacion/Tarea Listado Empleados' successfully

2022-04-29 10:36:09 - [TEST_STEP][PASSED] - setText(findTestObject("1-OBJECTS TAREAS PRINCIPALES/Modulo Tarea Compensacion/Prestamo Liquidacion Periodica/input_close_popupFiltroEmplead"), "354968431354"): Text '354968431354' is set on object 'Object Repository/1-OBJECTS TAREAS PRINCIPALES/Modulo Tarea Compensacion/Prestamo Liquidacion Periodica/input_close_popupFiltroEmplead'

2022-04-29 10:36:11 - [MESSAGE][PASSED] - Text '354968431354' is set on object 'Object Repository/1-OBJECTS TAREAS PRINCIPALES/Modulo Tarea Compensacion/Prestamo Liquidacion Periodica/input_close_popupFiltroEmplead'

2022-04-29 10:36:11 - [TEST_STEP][PASSED] - sendKeys(findTestObject("1-OBJECTS TAREAS PRINCIPALES/Modulo Tarea Compensacion/Prestamo Liquidacion Periodica/input_close_popupFiltroEmplead"), Keys.chord(ENTER)): Keys 'ENTER + ' sent to object: 'Object Repository/1-OBJECTS TAREAS PRINCIPALES/Modulo Tarea Compensacion/Prestamo Liquidacion Periodica/input_close_popupFiltroEmplead'

2022-04-29 10:36:11 - [MESSAGE][PASSED] - Keys 'ENTER + ' sent to object: 'Object Repository/1-OBJECTS TAREAS PRINCIPALES/Modulo Tarea Compensacion/Prestamo Liquidacion Periodica/input_close_popupFiltroEmplead'

2022-04-29 10:36:11 - [TEST_STEP][PASSED] - waitForElementClickable(findTestObject("1-OBJECTS TAREAS PRINCIPALES/Modulo Tarea Compensacion/Prestamo Liquidacion Periodica/span_CONSTA BELFEGORD JHON"), G_TimeOut): Object 'Object Repository/1-OBJECTS TAREAS PRINCIPALES/Modulo Tarea Compensacion/Prestamo Liquidacion Periodica/span_CONSTA BELFEGORD JHON' is clickable

2022-04-29 10:36:12 - [MESSAGE][PASSED] - Object 'Object Repository/1-OBJECTS TAREAS PRINCIPALES/Modulo Tarea Compensacion/Prestamo Liquidacion Periodica/span_CONSTA BELFEGORD JHON' is clickable

2022-04-29 10:36:12 - [TEST_STEP][PASSED] - click(findTestObject("1-OBJECTS TAREAS PRINCIPALES/Modulo Tarea Compensacion/Prestamo Liquidacion Periodica/span_CONSTA BELFEGORD JHON")): Object: 'Object Repository/1-OBJECTS TAREAS PRINCIPALES/Modulo Tarea Compensacion/Prestamo Liquidacion Periodica/span_CONSTA BELFEGORD JHON' is clicked on

2022-04-29 10:36:13 - [MESSAGE][PASSED] - Object: 'Object Repository/1-OBJECTS TAREAS PRINCIPALES/Modulo Tarea Compensacion/Prestamo Liquidacion Periodica/span_CONSTA BELFEGORD JHON' is clicked on

2022-04-29 10:36:13 - [TEST_STEP][PASSED] - waitForElementClickable(findTestObject("1-OBJECTS TAREAS PRINCIPALES/Modulo Tarea Compensacion/Prestamo Liquidacion Periodica/a_Liquidacin Periodica"), G_TimeOut): Object 'Object Repository/1-OBJECTS TAREAS PRINCIPALES/Modulo Tarea Compensacion/Prestamo Liquidacion Periodica/a_Liquidacin Periodica' is clickable

2022-04-29 10:36:13 - [MESSAGE][PASSED] - Object 'Object Repository/1-OBJECTS TAREAS PRINCIPALES/Modulo Tarea Compensacion/Prestamo Liquidacion Periodica/a_Liquidacin Periodica' is clickable

2022-04-29 10:36:13 - [TEST_STEP][PASSED] - click(findTestObject("1-OBJECTS TAREAS PRINCIPALES/Modulo Tarea Compensacion/Prestamo Liquidacion Periodica/a_Liquidacin Periodica")): Object: 'Object Repository/1-OBJECTS TAREAS PRINCIPALES/Modulo Tarea Compensacion/Prestamo Liquidacion Periodica/a_Liquidacin Periodica' is clicked on

2022-04-29 10:36:14 - [MESSAGE][PASSED] - Object: 'Object Repository/1-OBJECTS TAREAS PRINCIPALES/Modulo Tarea Compensacion/Prestamo Liquidacion Periodica/a_Liquidacin Periodica' is clicked on

2022-04-29 10:36:14 - [TEST_STEP][PASSED] - waitForElementClickable(findTestObject("1-OBJECTS TAREAS PRINCIPALES/Modulo Tarea Compensacion/Prestamo Liquidacion Periodica/a_Nuevo"), G_TimeOut): Object 'Object Repository/1-OBJECTS TAREAS PRINCIPALES/Modulo Tarea Compensacion/Prestamo Liquidacion Periodica/a_Nuevo' is clickable

2022-04-29 10:36:14 - [MESSAGE][PASSED] - Object 'Object Repository/1-OBJECTS TAREAS PRINCIPALES/Modulo Tarea Compensacion/Prestamo Liquidacion Periodica/a_Nuevo' is clickable

2022-04-29 10:36:14 - [TEST_STEP][PASSED] - click(findTestObject("1-OBJECTS TAREAS PRINCIPALES/Modulo Tarea Compensacion/Prestamo Liquidacion Periodica/a_Nuevo")): Object: 'Object Repository/1-OBJECTS TAREAS PRINCIPALES/Modulo Tarea Compensacion/Prestamo Liquidacion Periodica/a_Nuevo' is clicked on

2022-04-29 10:36:15 - [MESSAGE][PASSED] - Object: 'Object Repository/1-OBJECTS TAREAS PRINCIPALES/Modulo Tarea Compensacion/Prestamo Liquidacion Periodica/a_Nuevo' is clicked on

2022-04-29 10:36:15 - [TEST_STEP][PASSED] - waitForElementClickable(findTestObject("1-OBJECTS TAREAS PRINCIPALES/Modulo Tarea Compensacion/Prestamo Liquidacion Periodica/select_-- seleccione --BC - PR"), G_TimeOut): Object 'Object Repository/1-OBJECTS TAREAS PRINCIPALES/Modulo Tarea Compensacion/Prestamo Liquidacion Periodica/select_-- seleccione --BC - PR' is clickable

2022-04-29 10:36:15 - [MESSAGE][PASSED] - Object 'Object Repository/1-OBJECTS TAREAS PRINCIPALES/Modulo Tarea Compensacion/Prestamo Liquidacion Periodica/select_-- seleccione --BC - PR' is clickable

2022-04-29 10:36:15 - [TEST_STEP][PASSED] - click(findTestObject("1-OBJECTS TAREAS PRINCIPALES/Modulo Tarea Compensacion/Prestamo Liquidacion Periodica/select_-- seleccione --BC - PR")): Object: 'Object Repository/1-OBJECTS TAREAS PRINCIPALES/Modulo Tarea Compensacion/Prestamo Liquidacion Periodica/select_-- seleccione --BC - PR' is clicked on

2022-04-29 10:36:16 - [MESSAGE][PASSED] - Object: 'Object Repository/1-OBJECTS TAREAS PRINCIPALES/Modulo Tarea Compensacion/Prestamo Liquidacion Periodica/select_-- seleccione --BC - PR' is clicked on

2022-04-29 10:36:16 - [TEST_STEP][PASSED] - selectOptionByIndex(findTestObject("1-OBJECTS TAREAS PRINCIPALES/Modulo Tarea Compensacion/Prestamo Liquidacion Periodica/select_-- seleccione --BC - PR"), "1"): All options with index in [1] are selected on object 'Object Repository/1-OBJECTS TAREAS PRINCIPALES/Modulo Tarea Compensacion/Prestamo Liquidacion Periodica/select_-- seleccione --BC - PR'

2022-04-29 10:36:17 - [MESSAGE][PASSED] - All options with index in [1] are selected on object 'Object Repository/1-OBJECTS TAREAS PRINCIPALES/Modulo Tarea Compensacion/Prestamo Liquidacion Periodica/select_-- seleccione --BC - PR'

2022-04-29 10:36:17 - [TEST_STEP][PASSED] - click(findTestObject("1-OBJECTS TAREAS PRINCIPALES/Modulo Tarea Compensacion/Prestamo Liquidacion Periodica/input_Monto Inicial_form_liqui")): Object: 'Object Repository/1-OBJECTS TAREAS PRINCIPALES/Modulo Tarea Compensacion/Prestamo Liquidacion Periodica/input_Monto Inicial_form_liqui' is clicked on

2022-04-29 10:36:18 - [MESSAGE][PASSED] - Object: 'Object Repository/1-OBJECTS TAREAS PRINCIPALES/Modulo Tarea Compensacion/Prestamo Liquidacion Periodica/input_Monto Inicial_form_liqui' is clicked on

2022-04-29 10:36:18 - [TEST_STEP][PASSED] - sendKeys(findTestObject("1-OBJECTS TAREAS PRINCIPALES/Modulo Tarea Compensacion/Prestamo Liquidacion Periodica/input_Monto Inicial_form_liqui"), Keys.chord(CONTROL, "a")): Keys 'CONTROL + a' sent to object: 'Object Repository/1-OBJECTS TAREAS PRINCIPALES/Modulo Tarea Compensacion/Prestamo Liquidacion Periodica/input_Monto Inicial_form_liqui'

2022-04-29 10:36:18 - [MESSAGE][PASSED] - Keys 'CONTROL + a' sent to object: 'Object Repository/1-OBJECTS TAREAS PRINCIPALES/Modulo Tarea Compensacion/Prestamo Liquidacion Periodica/input_Monto Inicial_form_liqui'

2022-04-29 10:36:18 - [TEST_STEP][PASSED] - sendKeys(findTestObject("1-OBJECTS TAREAS PRINCIPALES/Modulo Tarea Compensacion/Prestamo Liquidacion Periodica/input_Monto Inicial_form_liqui"), Keys.chord(BACK_SPACE)): Keys 'BACK_SPACE + ' sent to object: 'Object Repository/1-OBJECTS TAREAS PRINCIPALES/Modulo Tarea Compensacion/Prestamo Liquidacion Periodica/input_Monto Inicial_form_liqui'

2022-04-29 10:36:18 - [MESSAGE][PASSED] - Keys 'BACK_SPACE + ' sent to object: 'Object Repository/1-OBJECTS TAREAS PRINCIPALES/Modulo Tarea Compensacion/Prestamo Liquidacion Periodica/input_Monto Inicial_form_liqui'

2022-04-29 10:36:18 - [TEST_STEP][PASSED] - setText(findTestObject("1-OBJECTS TAREAS PRINCIPALES/Modulo Tarea Compensacion/Prestamo Liquidacion Periodica/input_Monto Inicial_form_liqui"), "3000000"): Text '3000000' is set on object 'Object Repository/1-OBJECTS TAREAS PRINCIPALES/Modulo Tarea Compensacion/Prestamo Liquidacion Periodica/input_Monto Inicial_form_liqui'

2022-04-29 10:36:19 - [MESSAGE][PASSED] - Text '3000000' is set on object 'Object Repository/1-OBJECTS TAREAS PRINCIPALES/Modulo Tarea Compensacion/Prestamo Liquidacion Periodica/input_Monto Inicial_form_liqui'

2022-04-29 10:36:19 - [TEST_STEP][PASSED] - waitForElementClickable(findTestObject("1-OBJECTS TAREAS PRINCIPALES/Modulo Tarea Compensacion/Prestamo Liquidacion Periodica/input_Total Abonado_form_liqui"), 0): Object 'Object Repository/1-OBJECTS TAREAS PRINCIPALES/Modulo Tarea Compensacion/Prestamo Liquidacion Periodica/input_Total Abonado_form_liqui' is clickable

2022-04-29 10:36:19 - [MESSAGE][WARNING] - Timeout '0' is invalid. Using default page load timeout: '45'

2022-04-29 10:36:20 - [MESSAGE][PASSED] - Object 'Object Repository/1-OBJECTS TAREAS PRINCIPALES/Modulo Tarea Compensacion/Prestamo Liquidacion Periodica/input_Total Abonado_form_liqui' is clickable

2022-04-29 10:36:20 - [TEST_STEP][PASSED] - click(findTestObject("1-OBJECTS TAREAS PRINCIPALES/Modulo Tarea Compensacion/Prestamo Liquidacion Periodica/input_Total Abonado_form_liqui")): Object: 'Object Repository/1-OBJECTS TAREAS PRINCIPALES/Modulo Tarea Compensacion/Prestamo Liquidacion Periodica/input_Total Abonado_form_liqui' is clicked on

2022-04-29 10:36:20 - [MESSAGE][PASSED] - Object: 'Object Repository/1-OBJECTS TAREAS PRINCIPALES/Modulo Tarea Compensacion/Prestamo Liquidacion Periodica/input_Total Abonado_form_liqui' is clicked on

2022-04-29 10:36:20 - [TEST_STEP][PASSED] - sendKeys(findTestObject("1-OBJECTS TAREAS PRINCIPALES/Modulo Tarea Compensacion/Prestamo Liquidacion Periodica/input_Total Abonado_form_liqui"), Keys.chord(CONTROL, "a")): Keys 'CONTROL + a' sent to object: 'Object Repository/1-OBJECTS TAREAS PRINCIPALES/Modulo Tarea Compensacion/Prestamo Liquidacion Periodica/input_Total Abonado_form_liqui'

2022-04-29 10:36:21 - [MESSAGE][PASSED] - Keys 'CONTROL + a' sent to object: 'Object Repository/1-OBJECTS TAREAS PRINCIPALES/Modulo Tarea Compensacion/Prestamo Liquidacion Periodica/input_Total Abonado_form_liqui'

2022-04-29 10:36:21 - [TEST_STEP][PASSED] - sendKeys(findTestObject("1-OBJECTS TAREAS PRINCIPALES/Modulo Tarea Compensacion/Prestamo Liquidacion Periodica/input_Total Abonado_form_liqui"), Keys.chord(BACK_SPACE)): Keys 'BACK_SPACE + ' sent to object: 'Object Repository/1-OBJECTS TAREAS PRINCIPALES/Modulo Tarea Compensacion/Prestamo Liquidacion Periodica/input_Total Abonado_form_liqui'

2022-04-29 10:36:21 - [MESSAGE][PASSED] - Keys 'BACK_SPACE + ' sent to object: 'Object Repository/1-OBJECTS TAREAS PRINCIPALES/Modulo Tarea Compensacion/Prestamo Liquidacion Periodica/input_Total Abonado_form_liqui'

2022-04-29 10:36:21 - [TEST_STEP][PASSED] - setText(findTestObject("1-OBJECTS TAREAS PRINCIPALES/Modulo Tarea Compensacion/Prestamo Liquidacion Periodica/input_Total Abonado_form_liqui"), "1500000"): Text '1500000' is set on object 'Object Repository/1-OBJECTS TAREAS PRINCIPALES/Modulo Tarea Compensacion/Prestamo Liquidacion Periodica/input_Total Abonado_form_liqui'

2022-04-29 10:36:22 - [MESSAGE][PASSED] - Text '1500000' is set on object 'Object Repository/1-OBJECTS TAREAS PRINCIPALES/Modulo Tarea Compensacion/Prestamo Liquidacion Periodica/input_Total Abonado_form_liqui'

2022-04-29 10:36:22 - [TEST_STEP][PASSED] - setText(findTestObject("1-OBJECTS TAREAS PRINCIPALES/Modulo Tarea Compensacion/Prestamo Liquidacion Periodica/input_Fecha Inicial _form_liqu"), "01/01/2019"): Text '01/01/2019' is set on object 'Object Repository/1-OBJECTS TAREAS PRINCIPALES/Modulo Tarea Compensacion/Prestamo Liquidacion Periodica/input_Fecha Inicial _form_liqu'

2022-04-29 10:36:23 - [MESSAGE][PASSED] - Text '01/01/2019' is set on object 'Object Repository/1-OBJECTS TAREAS PRINCIPALES/Modulo Tarea Compensacion/Prestamo Liquidacion Periodica/input_Fecha Inicial _form_liqu'

2022-04-29 10:36:23 - [TEST_STEP][PASSED] - sendKeys(findTestObject("1-OBJECTS TAREAS PRINCIPALES/Modulo Tarea Compensacion/Prestamo Liquidacion Periodica/input_Fecha Inicial _form_liqu"), Keys.chord(ENTER)): Keys 'ENTER + ' sent to object: 'Object Repository/1-OBJECTS TAREAS PRINCIPALES/Modulo Tarea Compensacion/Prestamo Liquidacion Periodica/input_Fecha Inicial _form_liqu'

2022-04-29 10:36:23 - [MESSAGE][PASSED] - Keys 'ENTER + ' sent to object: 'Object Repository/1-OBJECTS TAREAS PRINCIPALES/Modulo Tarea Compensacion/Prestamo Liquidacion Periodica/input_Fecha Inicial _form_liqu'

2022-04-29 10:36:23 - [TEST_STEP][PASSED] - setText(findTestObject("1-OBJECTS TAREAS PRINCIPALES/Modulo Tarea Compensacion/Prestamo Liquidacion Periodica/input_Nmero Cuotas_form_liquid"), "15"): Text '15' is set on object 'Object Repository/1-OBJECTS TAREAS PRINCIPALES/Modulo Tarea Compensacion/Prestamo Liquidacion Periodica/input_Nmero Cuotas_form_liquid'

2022-04-29 10:36:24 - [MESSAGE][PASSED] - Text '15' is set on object 'Object Repository/1-OBJECTS TAREAS PRINCIPALES/Modulo Tarea Compensacion/Prestamo Liquidacion Periodica/input_Nmero Cuotas_form_liquid'

2022-04-29 10:36:24 - [TEST_STEP][PASSED] - setText(findTestObject("1-OBJECTS TAREAS PRINCIPALES/Modulo Tarea Compensacion/Prestamo Liquidacion Periodica/input_Documento Beneficiario_f"), "354968431354"): Text '354968431354' is set on object 'Object Repository/1-OBJECTS TAREAS PRINCIPALES/Modulo Tarea Compensacion/Prestamo Liquidacion Periodica/input_Documento Beneficiario_f'

2022-04-29 10:36:25 - [MESSAGE][PASSED] - Text '354968431354' is set on object 'Object Repository/1-OBJECTS TAREAS PRINCIPALES/Modulo Tarea Compensacion/Prestamo Liquidacion Periodica/input_Documento Beneficiario_f'

2022-04-29 10:36:25 - [TEST_STEP][PASSED] - setText(findTestObject("1-OBJECTS TAREAS PRINCIPALES/Modulo Tarea Compensacion/Prestamo Liquidacion Periodica/textarea_Observacin_form_liqui"), "Prueba"): Text 'Prueba' is set on object 'Object Repository/1-OBJECTS TAREAS PRINCIPALES/Modulo Tarea Compensacion/Prestamo Liquidacion Periodica/textarea_Observacin_form_liqui'

2022-04-29 10:36:26 - [MESSAGE][PASSED] - Text 'Prueba' is set on object 'Object Repository/1-OBJECTS TAREAS PRINCIPALES/Modulo Tarea Compensacion/Prestamo Liquidacion Periodica/textarea_Observacin_form_liqui'

2022-04-29 10:36:26 - [TEST_STEP][PASSED] - waitForElementClickable(findTestObject("1-OBJECTS TAREAS PRINCIPALES/Modulo Tarea Compensacion/Prestamo Liquidacion Periodica/a_Guardar"), G_TimeOut): Object 'Object Repository/1-OBJECTS TAREAS PRINCIPALES/Modulo Tarea Compensacion/Prestamo Liquidacion Periodica/a_Guardar' is clickable

2022-04-29 10:36:26 - [MESSAGE][PASSED] - Object 'Object Repository/1-OBJECTS TAREAS PRINCIPALES/Modulo Tarea Compensacion/Prestamo Liquidacion Periodica/a_Guardar' is clickable

2022-04-29 10:36:26 - [TEST_STEP][PASSED] - click(findTestObject("1-OBJECTS TAREAS PRINCIPALES/Modulo Tarea Compensacion/Prestamo Liquidacion Periodica/a_Guardar")): Object: 'Object Repository/1-OBJECTS TAREAS PRINCIPALES/Modulo Tarea Compensacion/Prestamo Liquidacion Periodica/a_Guardar' is clicked on

2022-04-29 10:36:26 - [MESSAGE][PASSED] - Object: 'Object Repository/1-OBJECTS TAREAS PRINCIPALES/Modulo Tarea Compensacion/Prestamo Liquidacion Periodica/a_Guardar' is clicked on

2022-04-29 10:36:26 - [TEST_STEP][PASSED] - Result = getText(findTestObject("3-OBJECTS UTILIDADES/Alerta/Alerta")): Text of object 'Object Repository/3-OBJECTS UTILIDADES/Alerta/Alerta' is: 'Se modifico el registro satisfactoriamente'

2022-04-29 10:36:28 - [MESSAGE][PASSED] - Text of object 'Object Repository/3-OBJECTS UTILIDADES/Alerta/Alerta' is: 'Se modifico el registro satisfactoriamente'

2022-04-29 10:36:28 - [TEST_STEP][PASSED] - if (Result == "Se Actualizo el registro correctamente"): null

2022-04-29 10:36:28 - [TEST_STEP][PASSED] - else if (Result == "Se modifico el registro satisfactoriamente"): Browser is closed

2022-04-29 10:36:28 - [TEST_STEP][PASSED] - closeBrowser(): Browser is closed

2022-04-29 10:36:29 - [MESSAGE][PASSED] - Browser is closed]]></system-out>
         <system-err><![CDATA[]]></system-err>
      </testcase>
      <testcase name="Test Cases/1.1-Tareas Principales/1.4.7-Liquidacion concepto de Nomina" time="23.142" classname="Test Cases/1.1-Tareas Principales/1.4.7-Liquidacion concepto de Nomina" status="PASSED">
         <system-out><![CDATA[2022-04-29 10:36:29 - [TEST_CASE][PASSED] - Test Cases/1.1-Tareas Principales/1.4.7-Liquidacion concepto de Nomina: Test Cases/1.1-Tareas Principales/1.4.7-Liquidacion concepto de Nomina

2022-04-29 10:36:29 - [TEST_STEP][PASSED] - callTestCase(findTestCase("Utilidades-(atajos_para _tareas)/Tareas Administracion Compensacion/Tarea Liquidacion Nomina"), [:], STOP_ON_FAILURE): Call Test Case 'Test Cases/Utilidades-(atajos_para _tareas)/Tareas Administracion Compensacion/Tarea Liquidacion Nomina' successfully

2022-04-29 10:36:29 - [TEST_CASE][PASSED] - Test Cases/Utilidades-(atajos_para _tareas)/Tareas Administracion Compensacion/Tarea Liquidacion Nomina: Test Cases/Utilidades-(atajos_para _tareas)/Tareas Administracion Compensacion/Tarea Liquidacion Nomina

2022-04-29 10:36:29 - [TEST_STEP][PASSED] - callTestCase(findTestCase("0.1-Login"), [:], STOP_ON_FAILURE): Call Test Case 'Test Cases/0.1-Login' successfully

2022-04-29 10:36:29 - [TEST_CASE][PASSED] - Test Cases/0.1-Login: Test Cases/0.1-Login

2022-04-29 10:36:29 - [TEST_STEP][PASSED] - openBrowser(""): Browser is opened with url: ''

2022-04-29 10:36:29 - [MESSAGE][INFO] - Starting 'Chrome' driver

2022-04-29 10:36:29 - [MESSAGE][INFO] - Action delay is set to 0 milliseconds

2022-04-29 10:36:30 - [MESSAGE][PASSED] - Browser is opened with url: ''

2022-04-29 10:36:30 - [TEST_STEP][PASSED] - maximizeWindow(): Current window maximized

2022-04-29 10:36:31 - [MESSAGE][PASSED] - Current window maximized

2022-04-29 10:36:31 - [TEST_STEP][PASSED] - i = G_Login: null

2022-04-29 10:36:31 - [TEST_STEP][PASSED] - url = new java.net.URL(i): null

2022-04-29 10:36:31 - [TEST_STEP][PASSED] - println("URL: " + url.toString()): null

2022-04-29 10:36:31 - [TEST_STEP][PASSED] - connection = url.openConnection(): null

2022-04-29 10:36:31 - [TEST_STEP][PASSED] - connection.setRequestMethod("GET"): null

2022-04-29 10:36:31 - [TEST_STEP][PASSED] - connection.setReadTimeout(2 * 1000): null

2022-04-29 10:36:31 - [TEST_STEP][PASSED] - try: null

2022-04-29 10:36:31 - [TEST_STEP][PASSED] - connection.connect(): null

2022-04-29 10:36:31 - [TEST_STEP][PASSED] - flag = connected: null

2022-04-29 10:36:31 - [TEST_STEP][PASSED] - println("Valor_ori: " + flag): null

2022-04-29 10:36:31 - [TEST_STEP][PASSED] - if (flag): null

2022-04-29 10:36:31 - [TEST_STEP][PASSED] - navigateToUrl(i): Navigate to 'http://192.168.2.19:8380/saraweb' successfully

2022-04-29 10:36:31 - [MESSAGE][PASSED] - Navigate to 'http://192.168.2.19:8380/saraweb' successfully

2022-04-29 10:36:31 - [TEST_STEP][PASSED] - a(): null

2022-04-29 10:36:31 - [TEST_STEP][PASSED] - setText(findTestObject("3-OBJECTS UTILIDADES/Login/input_USUARIO_loginusuario"), G_Usuario): Text 'saraadmin' is set on object 'Object Repository/3-OBJECTS UTILIDADES/Login/input_USUARIO_loginusuario'

2022-04-29 10:36:32 - [MESSAGE][PASSED] - Text 'saraadmin' is set on object 'Object Repository/3-OBJECTS UTILIDADES/Login/input_USUARIO_loginusuario'

2022-04-29 10:36:32 - [TEST_STEP][PASSED] - setEncryptedText(findTestObject("3-OBJECTS UTILIDADES/Login/input_CLAVE_loginpassword"), "MkG4/TYiCFC3cb2driP7+Q=="): Text ****** has been set on object 'Object Repository/3-OBJECTS UTILIDADES/Login/input_CLAVE_loginpassword'

2022-04-29 10:36:32 - [MESSAGE][PASSED] - Text ****** has been set on object 'Object Repository/3-OBJECTS UTILIDADES/Login/input_CLAVE_loginpassword'

2022-04-29 10:36:32 - [TEST_STEP][PASSED] - waitForElementClickable(findTestObject("3-OBJECTS UTILIDADES/Login/a_Ingresar"), G_TimeOut): Object 'Object Repository/3-OBJECTS UTILIDADES/Login/a_Ingresar' is clickable

2022-04-29 10:36:33 - [MESSAGE][PASSED] - Object 'Object Repository/3-OBJECTS UTILIDADES/Login/a_Ingresar' is clickable

2022-04-29 10:36:33 - [TEST_STEP][PASSED] - click(findTestObject("3-OBJECTS UTILIDADES/Login/a_Ingresar")): Object: 'Object Repository/3-OBJECTS UTILIDADES/Login/a_Ingresar' is clicked on

2022-04-29 10:36:34 - [MESSAGE][PASSED] - Object: 'Object Repository/3-OBJECTS UTILIDADES/Login/a_Ingresar' is clicked on

2022-04-29 10:36:34 - [TEST_STEP][PASSED] - element = findWebElement(findTestObject("3-OBJECTS UTILIDADES/Login/a_Ir"), 30): null

2022-04-29 10:36:34 - [TEST_STEP][PASSED] - executeJavaScript("arguments[0].click()", Arrays.asList(element)): Execute JavaScript 'arguments[0].click()' successfully

2022-04-29 10:36:34 - [MESSAGE][PASSED] - Execute JavaScript 'arguments[0].click()' successfully

2022-04-29 10:36:34 - [MESSAGE][PASSED] - Call Test Case 'Test Cases/0.1-Login' successfully

2022-04-29 10:36:34 - [TEST_STEP][PASSED] - setText(findTestObject("1-OBJECTS TAREAS PRINCIPALES/Modulo Tarea Compensacion/Tarea Liquidacion Nomina/input_Listado de Empleados_"), "Liquidacion Nomina"): Text 'Liquidacion Nomina' is set on object 'Object Repository/1-OBJECTS TAREAS PRINCIPALES/Modulo Tarea Compensacion/Tarea Liquidacion Nomina/input_Listado de Empleados_'

2022-04-29 10:36:35 - [MESSAGE][PASSED] - Text 'Liquidacion Nomina' is set on object 'Object Repository/1-OBJECTS TAREAS PRINCIPALES/Modulo Tarea Compensacion/Tarea Liquidacion Nomina/input_Listado de Empleados_'

2022-04-29 10:36:35 - [TEST_STEP][PASSED] - waitForElementVisible(findTestObject("1-OBJECTS TAREAS PRINCIPALES/Modulo Tarea Compensacion/Tarea Liquidacion Nomina/span_Liquidacion Nomina"), 0): Object 'Object Repository/1-OBJECTS TAREAS PRINCIPALES/Modulo Tarea Compensacion/Tarea Liquidacion Nomina/span_Liquidacion Nomina' is visible

2022-04-29 10:36:35 - [MESSAGE][WARNING] - Timeout '0' is invalid. Using default page load timeout: '45'

2022-04-29 10:36:37 - [MESSAGE][PASSED] - Object 'Object Repository/1-OBJECTS TAREAS PRINCIPALES/Modulo Tarea Compensacion/Tarea Liquidacion Nomina/span_Liquidacion Nomina' is visible

2022-04-29 10:36:37 - [TEST_STEP][PASSED] - click(findTestObject("1-OBJECTS TAREAS PRINCIPALES/Modulo Tarea Compensacion/Tarea Liquidacion Nomina/span_Liquidacion Nomina")): Object: 'Object Repository/1-OBJECTS TAREAS PRINCIPALES/Modulo Tarea Compensacion/Tarea Liquidacion Nomina/span_Liquidacion Nomina' is clicked on

2022-04-29 10:36:37 - [MESSAGE][PASSED] - Object: 'Object Repository/1-OBJECTS TAREAS PRINCIPALES/Modulo Tarea Compensacion/Tarea Liquidacion Nomina/span_Liquidacion Nomina' is clicked on

2022-04-29 10:36:37 - [MESSAGE][PASSED] - Call Test Case 'Test Cases/Utilidades-(atajos_para _tareas)/Tareas Administracion Compensacion/Tarea Liquidacion Nomina' successfully

2022-04-29 10:36:37 - [TEST_STEP][PASSED] - waitForElementClickable(findTestObject("1-OBJECTS TAREAS PRINCIPALES/Modulo Tarea Compensacion/Legalizar licencia Remunerada/Liquidacion Concepto de Nomina/a_Periodo Nomina_Liquidacion"), G_TimeOut): Object 'Object Repository/1-OBJECTS TAREAS PRINCIPALES/Modulo Tarea Compensacion/Legalizar licencia Remunerada/Liquidacion Concepto de Nomina/a_Periodo Nomina_Liquidacion' is clickable

2022-04-29 10:36:38 - [MESSAGE][PASSED] - Object 'Object Repository/1-OBJECTS TAREAS PRINCIPALES/Modulo Tarea Compensacion/Legalizar licencia Remunerada/Liquidacion Concepto de Nomina/a_Periodo Nomina_Liquidacion' is clickable

2022-04-29 10:36:38 - [TEST_STEP][PASSED] - click(findTestObject("1-OBJECTS TAREAS PRINCIPALES/Modulo Tarea Compensacion/Legalizar licencia Remunerada/Liquidacion Concepto de Nomina/a_Periodo Nomina_Liquidacion")): Object: 'Object Repository/1-OBJECTS TAREAS PRINCIPALES/Modulo Tarea Compensacion/Legalizar licencia Remunerada/Liquidacion Concepto de Nomina/a_Periodo Nomina_Liquidacion' is clicked on

2022-04-29 10:36:38 - [MESSAGE][PASSED] - Object: 'Object Repository/1-OBJECTS TAREAS PRINCIPALES/Modulo Tarea Compensacion/Legalizar licencia Remunerada/Liquidacion Concepto de Nomina/a_Periodo Nomina_Liquidacion' is clicked on

2022-04-29 10:36:38 - [TEST_STEP][PASSED] - waitForElementClickable(findTestObject("1-OBJECTS TAREAS PRINCIPALES/Modulo Tarea Compensacion/Legalizar licencia Remunerada/Liquidacion Concepto de Nomina/select_--  Seleccione  --Periodo Cerrado"), G_TimeOut): Object 'Object Repository/1-OBJECTS TAREAS PRINCIPALES/Modulo Tarea Compensacion/Legalizar licencia Remunerada/Liquidacion Concepto de Nomina/select_--  Seleccione  --Periodo Cerrado' is clickable

2022-04-29 10:36:39 - [MESSAGE][PASSED] - Object 'Object Repository/1-OBJECTS TAREAS PRINCIPALES/Modulo Tarea Compensacion/Legalizar licencia Remunerada/Liquidacion Concepto de Nomina/select_--  Seleccione  --Periodo Cerrado' is clickable

2022-04-29 10:36:39 - [TEST_STEP][PASSED] - click(findTestObject("1-OBJECTS TAREAS PRINCIPALES/Modulo Tarea Compensacion/Legalizar licencia Remunerada/Liquidacion Concepto de Nomina/select_--  Seleccione  --Periodo Cerrado")): Object: 'Object Repository/1-OBJECTS TAREAS PRINCIPALES/Modulo Tarea Compensacion/Legalizar licencia Remunerada/Liquidacion Concepto de Nomina/select_--  Seleccione  --Periodo Cerrado' is clicked on

2022-04-29 10:36:39 - [MESSAGE][PASSED] - Object: 'Object Repository/1-OBJECTS TAREAS PRINCIPALES/Modulo Tarea Compensacion/Legalizar licencia Remunerada/Liquidacion Concepto de Nomina/select_--  Seleccione  --Periodo Cerrado' is clicked on

2022-04-29 10:36:39 - [TEST_STEP][PASSED] - selectOptionByIndex(findTestObject("1-OBJECTS TAREAS PRINCIPALES/Modulo Tarea Compensacion/Legalizar licencia Remunerada/Liquidacion Concepto de Nomina/select_--  Seleccione  --Periodo Cerrado"), "2"): All options with index in [2] are selected on object 'Object Repository/1-OBJECTS TAREAS PRINCIPALES/Modulo Tarea Compensacion/Legalizar licencia Remunerada/Liquidacion Concepto de Nomina/select_--  Seleccione  --Periodo Cerrado'

2022-04-29 10:36:40 - [MESSAGE][PASSED] - All options with index in [2] are selected on object 'Object Repository/1-OBJECTS TAREAS PRINCIPALES/Modulo Tarea Compensacion/Legalizar licencia Remunerada/Liquidacion Concepto de Nomina/select_--  Seleccione  --Periodo Cerrado'

2022-04-29 10:36:40 - [TEST_STEP][PASSED] - waitForElementClickable(findTestObject("1-OBJECTS TAREAS PRINCIPALES/Modulo Tarea Compensacion/Legalizar licencia Remunerada/Liquidacion Concepto de Nomina/span_PM202107"), G_TimeOut): Object 'Object Repository/1-OBJECTS TAREAS PRINCIPALES/Modulo Tarea Compensacion/Legalizar licencia Remunerada/Liquidacion Concepto de Nomina/span_PM202107' is clickable

2022-04-29 10:36:41 - [MESSAGE][PASSED] - Object 'Object Repository/1-OBJECTS TAREAS PRINCIPALES/Modulo Tarea Compensacion/Legalizar licencia Remunerada/Liquidacion Concepto de Nomina/span_PM202107' is clickable

2022-04-29 10:36:41 - [TEST_STEP][PASSED] - click(findTestObject("1-OBJECTS TAREAS PRINCIPALES/Modulo Tarea Compensacion/Legalizar licencia Remunerada/Liquidacion Concepto de Nomina/span_PM202107")): Object: 'Object Repository/1-OBJECTS TAREAS PRINCIPALES/Modulo Tarea Compensacion/Legalizar licencia Remunerada/Liquidacion Concepto de Nomina/span_PM202107' is clicked on

2022-04-29 10:36:41 - [MESSAGE][PASSED] - Object: 'Object Repository/1-OBJECTS TAREAS PRINCIPALES/Modulo Tarea Compensacion/Legalizar licencia Remunerada/Liquidacion Concepto de Nomina/span_PM202107' is clicked on

2022-04-29 10:36:41 - [TEST_STEP][PASSED] - waitForElementClickable(findTestObject("1-OBJECTS TAREAS PRINCIPALES/Modulo Tarea Compensacion/Legalizar licencia Remunerada/Liquidacion Concepto de Nomina/a_Nombre Persona_LiquidacionNo"), G_TimeOut): Object 'Object Repository/1-OBJECTS TAREAS PRINCIPALES/Modulo Tarea Compensacion/Legalizar licencia Remunerada/Liquidacion Concepto de Nomina/a_Nombre Persona_LiquidacionNo' is clickable

2022-04-29 10:36:42 - [MESSAGE][PASSED] - Object 'Object Repository/1-OBJECTS TAREAS PRINCIPALES/Modulo Tarea Compensacion/Legalizar licencia Remunerada/Liquidacion Concepto de Nomina/a_Nombre Persona_LiquidacionNo' is clickable

2022-04-29 10:36:42 - [TEST_STEP][PASSED] - click(findTestObject("1-OBJECTS TAREAS PRINCIPALES/Modulo Tarea Compensacion/Legalizar licencia Remunerada/Liquidacion Concepto de Nomina/a_Nombre Persona_LiquidacionNo")): Object: 'Object Repository/1-OBJECTS TAREAS PRINCIPALES/Modulo Tarea Compensacion/Legalizar licencia Remunerada/Liquidacion Concepto de Nomina/a_Nombre Persona_LiquidacionNo' is clicked on

2022-04-29 10:36:42 - [MESSAGE][PASSED] - Object: 'Object Repository/1-OBJECTS TAREAS PRINCIPALES/Modulo Tarea Compensacion/Legalizar licencia Remunerada/Liquidacion Concepto de Nomina/a_Nombre Persona_LiquidacionNo' is clicked on

2022-04-29 10:36:42 - [TEST_STEP][PASSED] - setText(findTestObject("1-OBJECTS TAREAS PRINCIPALES/Modulo Tarea Compensacion/Legalizar licencia Remunerada/Liquidacion Concepto de Nomina/input_close_popupFiltroEmplead"), "1065"): Text '1065' is set on object 'Object Repository/1-OBJECTS TAREAS PRINCIPALES/Modulo Tarea Compensacion/Legalizar licencia Remunerada/Liquidacion Concepto de Nomina/input_close_popupFiltroEmplead'

2022-04-29 10:36:44 - [MESSAGE][PASSED] - Text '1065' is set on object 'Object Repository/1-OBJECTS TAREAS PRINCIPALES/Modulo Tarea Compensacion/Legalizar licencia Remunerada/Liquidacion Concepto de Nomina/input_close_popupFiltroEmplead'

2022-04-29 10:36:44 - [TEST_STEP][PASSED] - sendKeys(findTestObject("1-OBJECTS TAREAS PRINCIPALES/Modulo Tarea Compensacion/Legalizar licencia Remunerada/Liquidacion Concepto de Nomina/input_close_popupFiltroEmplead"), Keys.chord(ENTER)): Keys 'ENTER + ' sent to object: 'Object Repository/1-OBJECTS TAREAS PRINCIPALES/Modulo Tarea Compensacion/Legalizar licencia Remunerada/Liquidacion Concepto de Nomina/input_close_popupFiltroEmplead'

2022-04-29 10:36:44 - [MESSAGE][PASSED] - Keys 'ENTER + ' sent to object: 'Object Repository/1-OBJECTS TAREAS PRINCIPALES/Modulo Tarea Compensacion/Legalizar licencia Remunerada/Liquidacion Concepto de Nomina/input_close_popupFiltroEmplead'

2022-04-29 10:36:44 - [TEST_STEP][PASSED] - waitForElementClickable(findTestObject("1-OBJECTS TAREAS PRINCIPALES/Modulo Tarea Compensacion/Legalizar licencia Remunerada/Liquidacion Concepto de Nomina/span_CONSTA BELFEGORD JHON"), G_TimeOut): Object 'Object Repository/1-OBJECTS TAREAS PRINCIPALES/Modulo Tarea Compensacion/Legalizar licencia Remunerada/Liquidacion Concepto de Nomina/span_CONSTA BELFEGORD JHON' is clickable

2022-04-29 10:36:45 - [MESSAGE][PASSED] - Object 'Object Repository/1-OBJECTS TAREAS PRINCIPALES/Modulo Tarea Compensacion/Legalizar licencia Remunerada/Liquidacion Concepto de Nomina/span_CONSTA BELFEGORD JHON' is clickable

2022-04-29 10:36:45 - [TEST_STEP][PASSED] - click(findTestObject("1-OBJECTS TAREAS PRINCIPALES/Modulo Tarea Compensacion/Legalizar licencia Remunerada/Liquidacion Concepto de Nomina/span_CONSTA BELFEGORD JHON")): Object: 'Object Repository/1-OBJECTS TAREAS PRINCIPALES/Modulo Tarea Compensacion/Legalizar licencia Remunerada/Liquidacion Concepto de Nomina/span_CONSTA BELFEGORD JHON' is clicked on

2022-04-29 10:36:46 - [MESSAGE][PASSED] - Object: 'Object Repository/1-OBJECTS TAREAS PRINCIPALES/Modulo Tarea Compensacion/Legalizar licencia Remunerada/Liquidacion Concepto de Nomina/span_CONSTA BELFEGORD JHON' is clicked on

2022-04-29 10:36:46 - [TEST_STEP][PASSED] - waitForElementClickable(findTestObject("1-OBJECTS TAREAS PRINCIPALES/Modulo Tarea Compensacion/Legalizar licencia Remunerada/Liquidacion Concepto de Nomina/td_Mendoza 1015 Empleado"), G_TimeOut): Object 'Object Repository/1-OBJECTS TAREAS PRINCIPALES/Modulo Tarea Compensacion/Legalizar licencia Remunerada/Liquidacion Concepto de Nomina/td_Mendoza 1015 Empleado' is clickable

2022-04-29 10:36:46 - [MESSAGE][PASSED] - Object 'Object Repository/1-OBJECTS TAREAS PRINCIPALES/Modulo Tarea Compensacion/Legalizar licencia Remunerada/Liquidacion Concepto de Nomina/td_Mendoza 1015 Empleado' is clickable

2022-04-29 10:36:46 - [TEST_STEP][PASSED] - click(findTestObject("1-OBJECTS TAREAS PRINCIPALES/Modulo Tarea Compensacion/Legalizar licencia Remunerada/Liquidacion Concepto de Nomina/td_Mendoza 1015 Empleado")): Object: 'Object Repository/1-OBJECTS TAREAS PRINCIPALES/Modulo Tarea Compensacion/Legalizar licencia Remunerada/Liquidacion Concepto de Nomina/td_Mendoza 1015 Empleado' is clicked on

2022-04-29 10:36:47 - [MESSAGE][PASSED] - Object: 'Object Repository/1-OBJECTS TAREAS PRINCIPALES/Modulo Tarea Compensacion/Legalizar licencia Remunerada/Liquidacion Concepto de Nomina/td_Mendoza 1015 Empleado' is clicked on

2022-04-29 10:36:47 - [TEST_STEP][PASSED] - waitForElementClickable(findTestObject("1-OBJECTS TAREAS PRINCIPALES/Modulo Tarea Compensacion/Legalizar licencia Remunerada/Liquidacion Concepto de Nomina/em_Concepto"), 0): Object 'Object Repository/1-OBJECTS TAREAS PRINCIPALES/Modulo Tarea Compensacion/Legalizar licencia Remunerada/Liquidacion Concepto de Nomina/em_Concepto' is clickable

2022-04-29 10:36:47 - [MESSAGE][WARNING] - Timeout '0' is invalid. Using default page load timeout: '45'

2022-04-29 10:36:48 - [MESSAGE][PASSED] - Object 'Object Repository/1-OBJECTS TAREAS PRINCIPALES/Modulo Tarea Compensacion/Legalizar licencia Remunerada/Liquidacion Concepto de Nomina/em_Concepto' is clickable

2022-04-29 10:36:48 - [TEST_STEP][PASSED] - click(findTestObject("1-OBJECTS TAREAS PRINCIPALES/Modulo Tarea Compensacion/Legalizar licencia Remunerada/Liquidacion Concepto de Nomina/em_Concepto")): Object: 'Object Repository/1-OBJECTS TAREAS PRINCIPALES/Modulo Tarea Compensacion/Legalizar licencia Remunerada/Liquidacion Concepto de Nomina/em_Concepto' is clicked on

2022-04-29 10:36:48 - [MESSAGE][PASSED] - Object: 'Object Repository/1-OBJECTS TAREAS PRINCIPALES/Modulo Tarea Compensacion/Legalizar licencia Remunerada/Liquidacion Concepto de Nomina/em_Concepto' is clicked on

2022-04-29 10:36:48 - [TEST_STEP][PASSED] - waitForElementClickable(findTestObject("1-OBJECTS TAREAS PRINCIPALES/Modulo Tarea Compensacion/Legalizar licencia Remunerada/Liquidacion Concepto de Nomina/span_Liquidar"), G_TimeOut): Object 'Object Repository/1-OBJECTS TAREAS PRINCIPALES/Modulo Tarea Compensacion/Legalizar licencia Remunerada/Liquidacion Concepto de Nomina/span_Liquidar' is clickable

2022-04-29 10:36:49 - [MESSAGE][PASSED] - Object 'Object Repository/1-OBJECTS TAREAS PRINCIPALES/Modulo Tarea Compensacion/Legalizar licencia Remunerada/Liquidacion Concepto de Nomina/span_Liquidar' is clickable

2022-04-29 10:36:49 - [TEST_STEP][PASSED] - click(findTestObject("1-OBJECTS TAREAS PRINCIPALES/Modulo Tarea Compensacion/Legalizar licencia Remunerada/Liquidacion Concepto de Nomina/span_Liquidar")): Object: 'Object Repository/1-OBJECTS TAREAS PRINCIPALES/Modulo Tarea Compensacion/Legalizar licencia Remunerada/Liquidacion Concepto de Nomina/span_Liquidar' is clicked on

2022-04-29 10:36:49 - [MESSAGE][PASSED] - Object: 'Object Repository/1-OBJECTS TAREAS PRINCIPALES/Modulo Tarea Compensacion/Legalizar licencia Remunerada/Liquidacion Concepto de Nomina/span_Liquidar' is clicked on

2022-04-29 10:36:49 - [TEST_STEP][PASSED] - waitForElementClickable(findTestObject("1-OBJECTS TAREAS PRINCIPALES/Modulo Tarea Compensacion/Legalizar licencia Remunerada/Liquidacion Concepto de Nomina/span_Si"), G_TimeOut): Object 'Object Repository/1-OBJECTS TAREAS PRINCIPALES/Modulo Tarea Compensacion/Legalizar licencia Remunerada/Liquidacion Concepto de Nomina/span_Si' is clickable

2022-04-29 10:36:49 - [MESSAGE][PASSED] - Object 'Object Repository/1-OBJECTS TAREAS PRINCIPALES/Modulo Tarea Compensacion/Legalizar licencia Remunerada/Liquidacion Concepto de Nomina/span_Si' is clickable

2022-04-29 10:36:49 - [TEST_STEP][PASSED] - click(findTestObject("1-OBJECTS TAREAS PRINCIPALES/Modulo Tarea Compensacion/Legalizar licencia Remunerada/Liquidacion Concepto de Nomina/span_Si")): Object: 'Object Repository/1-OBJECTS TAREAS PRINCIPALES/Modulo Tarea Compensacion/Legalizar licencia Remunerada/Liquidacion Concepto de Nomina/span_Si' is clicked on

2022-04-29 10:36:50 - [MESSAGE][PASSED] - Object: 'Object Repository/1-OBJECTS TAREAS PRINCIPALES/Modulo Tarea Compensacion/Legalizar licencia Remunerada/Liquidacion Concepto de Nomina/span_Si' is clicked on

2022-04-29 10:36:50 - [TEST_STEP][PASSED] - Result = getText(findTestObject("3-OBJECTS UTILIDADES/Alerta/Alerta")): Text of object 'Object Repository/3-OBJECTS UTILIDADES/Alerta/Alerta' is: 'Liquidación exitosa'

2022-04-29 10:36:51 - [MESSAGE][PASSED] - Text of object 'Object Repository/3-OBJECTS UTILIDADES/Alerta/Alerta' is: 'Liquidación exitosa'

2022-04-29 10:36:51 - [TEST_STEP][PASSED] - if (Result == "Liquidación exitosa"): Browser is closed

2022-04-29 10:36:51 - [TEST_STEP][PASSED] - closeBrowser(): Browser is closed

2022-04-29 10:36:52 - [MESSAGE][PASSED] - Browser is closed]]></system-out>
         <system-err><![CDATA[]]></system-err>
      </testcase>
      <testcase name="Test Cases/1.1-Tareas Principales/1.4.8-Tarea Importar Fuente general" time="18.827" classname="Test Cases/1.1-Tareas Principales/1.4.8-Tarea Importar Fuente general" status="PASSED">
         <system-out><![CDATA[2022-04-29 10:36:52 - [TEST_CASE][PASSED] - Test Cases/1.1-Tareas Principales/1.4.8-Tarea Importar Fuente general: Test Cases/1.1-Tareas Principales/1.4.8-Tarea Importar Fuente general

2022-04-29 10:36:52 - [TEST_STEP][PASSED] - callTestCase(findTestCase("0.1-Login"), [:], STOP_ON_FAILURE): Call Test Case 'Test Cases/0.1-Login' successfully

2022-04-29 10:36:52 - [TEST_CASE][PASSED] - Test Cases/0.1-Login: Test Cases/0.1-Login

2022-04-29 10:36:52 - [TEST_STEP][PASSED] - openBrowser(""): Browser is opened with url: ''

2022-04-29 10:36:52 - [MESSAGE][INFO] - Starting 'Chrome' driver

2022-04-29 10:36:52 - [MESSAGE][INFO] - Action delay is set to 0 milliseconds

2022-04-29 10:36:53 - [MESSAGE][PASSED] - Browser is opened with url: ''

2022-04-29 10:36:53 - [TEST_STEP][PASSED] - maximizeWindow(): Current window maximized

2022-04-29 10:36:54 - [MESSAGE][PASSED] - Current window maximized

2022-04-29 10:36:54 - [TEST_STEP][PASSED] - i = G_Login: null

2022-04-29 10:36:54 - [TEST_STEP][PASSED] - url = new java.net.URL(i): null

2022-04-29 10:36:54 - [TEST_STEP][PASSED] - println("URL: " + url.toString()): null

2022-04-29 10:36:54 - [TEST_STEP][PASSED] - connection = url.openConnection(): null

2022-04-29 10:36:54 - [TEST_STEP][PASSED] - connection.setRequestMethod("GET"): null

2022-04-29 10:36:54 - [TEST_STEP][PASSED] - connection.setReadTimeout(2 * 1000): null

2022-04-29 10:36:54 - [TEST_STEP][PASSED] - try: null

2022-04-29 10:36:54 - [TEST_STEP][PASSED] - connection.connect(): null

2022-04-29 10:36:54 - [TEST_STEP][PASSED] - flag = connected: null

2022-04-29 10:36:54 - [TEST_STEP][PASSED] - println("Valor_ori: " + flag): null

2022-04-29 10:36:54 - [TEST_STEP][PASSED] - if (flag): null

2022-04-29 10:36:54 - [TEST_STEP][PASSED] - navigateToUrl(i): Navigate to 'http://192.168.2.19:8380/saraweb' successfully

2022-04-29 10:36:54 - [MESSAGE][PASSED] - Navigate to 'http://192.168.2.19:8380/saraweb' successfully

2022-04-29 10:36:54 - [TEST_STEP][PASSED] - a(): null

2022-04-29 10:36:54 - [TEST_STEP][PASSED] - setText(findTestObject("3-OBJECTS UTILIDADES/Login/input_USUARIO_loginusuario"), G_Usuario): Text 'saraadmin' is set on object 'Object Repository/3-OBJECTS UTILIDADES/Login/input_USUARIO_loginusuario'

2022-04-29 10:36:55 - [MESSAGE][PASSED] - Text 'saraadmin' is set on object 'Object Repository/3-OBJECTS UTILIDADES/Login/input_USUARIO_loginusuario'

2022-04-29 10:36:55 - [TEST_STEP][PASSED] - setEncryptedText(findTestObject("3-OBJECTS UTILIDADES/Login/input_CLAVE_loginpassword"), "MkG4/TYiCFC3cb2driP7+Q=="): Text ****** has been set on object 'Object Repository/3-OBJECTS UTILIDADES/Login/input_CLAVE_loginpassword'

2022-04-29 10:36:55 - [MESSAGE][PASSED] - Text ****** has been set on object 'Object Repository/3-OBJECTS UTILIDADES/Login/input_CLAVE_loginpassword'

2022-04-29 10:36:55 - [TEST_STEP][PASSED] - waitForElementClickable(findTestObject("3-OBJECTS UTILIDADES/Login/a_Ingresar"), G_TimeOut): Object 'Object Repository/3-OBJECTS UTILIDADES/Login/a_Ingresar' is clickable

2022-04-29 10:36:56 - [MESSAGE][PASSED] - Object 'Object Repository/3-OBJECTS UTILIDADES/Login/a_Ingresar' is clickable

2022-04-29 10:36:56 - [TEST_STEP][PASSED] - click(findTestObject("3-OBJECTS UTILIDADES/Login/a_Ingresar")): Object: 'Object Repository/3-OBJECTS UTILIDADES/Login/a_Ingresar' is clicked on

2022-04-29 10:36:57 - [MESSAGE][PASSED] - Object: 'Object Repository/3-OBJECTS UTILIDADES/Login/a_Ingresar' is clicked on

2022-04-29 10:36:57 - [TEST_STEP][PASSED] - element = findWebElement(findTestObject("3-OBJECTS UTILIDADES/Login/a_Ir"), 30): null

2022-04-29 10:36:57 - [TEST_STEP][PASSED] - executeJavaScript("arguments[0].click()", Arrays.asList(element)): Execute JavaScript 'arguments[0].click()' successfully

2022-04-29 10:36:57 - [MESSAGE][PASSED] - Execute JavaScript 'arguments[0].click()' successfully

2022-04-29 10:36:57 - [MESSAGE][PASSED] - Call Test Case 'Test Cases/0.1-Login' successfully

2022-04-29 10:36:57 - [TEST_STEP][PASSED] - waitForElementClickable(findTestObject("1-OBJECTS TAREAS PRINCIPALES/Modulo Tarea Sara General/Importar Fuente General/input_Ir_nav_t66_input"), 3): Object 'Object Repository/1-OBJECTS TAREAS PRINCIPALES/Modulo Tarea Sara General/Importar Fuente General/input_Ir_nav_t66_input' is clickable

2022-04-29 10:36:58 - [MESSAGE][PASSED] - Object 'Object Repository/1-OBJECTS TAREAS PRINCIPALES/Modulo Tarea Sara General/Importar Fuente General/input_Ir_nav_t66_input' is clickable

2022-04-29 10:36:58 - [TEST_STEP][PASSED] - setText(findTestObject("1-OBJECTS TAREAS PRINCIPALES/Modulo Tarea Sara General/Importar Fuente General/input_Ir_nav_t66_input"), "Importar Fuente General (gna)"): Text 'Importar Fuente General (gna)' is set on object 'Object Repository/1-OBJECTS TAREAS PRINCIPALES/Modulo Tarea Sara General/Importar Fuente General/input_Ir_nav_t66_input'

2022-04-29 10:36:59 - [MESSAGE][PASSED] - Text 'Importar Fuente General (gna)' is set on object 'Object Repository/1-OBJECTS TAREAS PRINCIPALES/Modulo Tarea Sara General/Importar Fuente General/input_Ir_nav_t66_input'

2022-04-29 10:36:59 - [TEST_STEP][PASSED] - waitForElementVisible(findTestObject("1-OBJECTS TAREAS PRINCIPALES/Modulo Tarea Sara General/Importar Fuente General/span_Importar Fuente General (gna)"), 0): Object 'Object Repository/1-OBJECTS TAREAS PRINCIPALES/Modulo Tarea Sara General/Importar Fuente General/span_Importar Fuente General (gna)' is visible

2022-04-29 10:36:59 - [MESSAGE][WARNING] - Timeout '0' is invalid. Using default page load timeout: '45'

2022-04-29 10:37:00 - [MESSAGE][PASSED] - Object 'Object Repository/1-OBJECTS TAREAS PRINCIPALES/Modulo Tarea Sara General/Importar Fuente General/span_Importar Fuente General (gna)' is visible

2022-04-29 10:37:00 - [TEST_STEP][PASSED] - click(findTestObject("1-OBJECTS TAREAS PRINCIPALES/Modulo Tarea Sara General/Importar Fuente General/span_Importar Fuente General (gna)")): Object: 'Object Repository/1-OBJECTS TAREAS PRINCIPALES/Modulo Tarea Sara General/Importar Fuente General/span_Importar Fuente General (gna)' is clicked on

2022-04-29 10:37:00 - [MESSAGE][PASSED] - Object: 'Object Repository/1-OBJECTS TAREAS PRINCIPALES/Modulo Tarea Sara General/Importar Fuente General/span_Importar Fuente General (gna)' is clicked on

2022-04-29 10:37:00 - [TEST_STEP][PASSED] - setText(findTestObject("1-OBJECTS TAREAS PRINCIPALES/Modulo Tarea Sara General/Importar Fuente General/input_Importar Fuente_formImpo"), "Insertar las liquidaciones periodicas de prestamo"): Text 'Insertar las liquidaciones periodicas de prestamo' is set on object 'Object Repository/1-OBJECTS TAREAS PRINCIPALES/Modulo Tarea Sara General/Importar Fuente General/input_Importar Fuente_formImpo'

2022-04-29 10:37:02 - [MESSAGE][PASSED] - Text 'Insertar las liquidaciones periodicas de prestamo' is set on object 'Object Repository/1-OBJECTS TAREAS PRINCIPALES/Modulo Tarea Sara General/Importar Fuente General/input_Importar Fuente_formImpo'

2022-04-29 10:37:02 - [TEST_STEP][PASSED] - sendKeys(findTestObject("1-OBJECTS TAREAS PRINCIPALES/Modulo Tarea Sara General/Importar Fuente General/input_Importar Fuente_formImpo"), Keys.chord(ENTER)): Keys 'ENTER + ' sent to object: 'Object Repository/1-OBJECTS TAREAS PRINCIPALES/Modulo Tarea Sara General/Importar Fuente General/input_Importar Fuente_formImpo'

2022-04-29 10:37:03 - [MESSAGE][PASSED] - Keys 'ENTER + ' sent to object: 'Object Repository/1-OBJECTS TAREAS PRINCIPALES/Modulo Tarea Sara General/Importar Fuente General/input_Importar Fuente_formImpo'

2022-04-29 10:37:03 - [TEST_STEP][PASSED] - click(findTestObject("1-OBJECTS TAREAS PRINCIPALES/Modulo Tarea Sara General/Importar Fuente General/td_Insertar Las Liquidaciones Periodicas De Prestamo")): Object: 'Object Repository/1-OBJECTS TAREAS PRINCIPALES/Modulo Tarea Sara General/Importar Fuente General/td_Insertar Las Liquidaciones Periodicas De Prestamo' is clicked on

2022-04-29 10:37:03 - [MESSAGE][PASSED] - Object: 'Object Repository/1-OBJECTS TAREAS PRINCIPALES/Modulo Tarea Sara General/Importar Fuente General/td_Insertar Las Liquidaciones Periodicas De Prestamo' is clicked on

2022-04-29 10:37:03 - [TEST_STEP][PASSED] - ruta = G_rutaarchivos + "ArchivoPlanoLiquidacionNomina.txt": null

2022-04-29 10:37:03 - [TEST_STEP][PASSED] - uploadFile(findTestObject("1-OBJECTS TAREAS PRINCIPALES/Modulo Tarea Sara General/Importar Fuente General/Archivo Cargue Fuente"), ruta): File 'E:\unionweb14\ArchivoPlanoLiquidacionNomina.txt' sent to object: 'Object Repository/1-OBJECTS TAREAS PRINCIPALES/Modulo Tarea Sara General/Importar Fuente General/Archivo Cargue Fuente'

2022-04-29 10:37:04 - [MESSAGE][PASSED] - File 'E:\unionweb14\ArchivoPlanoLiquidacionNomina.txt' sent to object: 'Object Repository/1-OBJECTS TAREAS PRINCIPALES/Modulo Tarea Sara General/Importar Fuente General/Archivo Cargue Fuente'

2022-04-29 10:37:04 - [TEST_STEP][PASSED] - filePath = getAttribute(findTestObject("1-OBJECTS TAREAS PRINCIPALES/Modulo Tarea Sara General/Importar Fuente General/Archivo Cargue Fuente"), "value"): Attribute 'value' of object 'Object Repository/1-OBJECTS TAREAS PRINCIPALES/Modulo Tarea Sara General/Importar Fuente General/Archivo Cargue Fuente' is: ''

2022-04-29 10:37:05 - [MESSAGE][PASSED] - Attribute 'value' of object 'Object Repository/1-OBJECTS TAREAS PRINCIPALES/Modulo Tarea Sara General/Importar Fuente General/Archivo Cargue Fuente' is: ''

2022-04-29 10:37:05 - [TEST_STEP][PASSED] - click(findTestObject("1-OBJECTS TAREAS PRINCIPALES/Modulo Tarea Sara General/Importar Fuente General/a_Importar")): Object: 'Object Repository/1-OBJECTS TAREAS PRINCIPALES/Modulo Tarea Sara General/Importar Fuente General/a_Importar' is clicked on

2022-04-29 10:37:05 - [MESSAGE][PASSED] - Object: 'Object Repository/1-OBJECTS TAREAS PRINCIPALES/Modulo Tarea Sara General/Importar Fuente General/a_Importar' is clicked on

2022-04-29 10:37:05 - [TEST_STEP][PASSED] - waitForElementVisible(findTestObject("1-OBJECTS TAREAS PRINCIPALES/Modulo Tarea Sara General/Importar Fuente General/a_Continuar"), 0): Object 'Object Repository/1-OBJECTS TAREAS PRINCIPALES/Modulo Tarea Sara General/Importar Fuente General/a_Continuar' is visible

2022-04-29 10:37:05 - [MESSAGE][WARNING] - Timeout '0' is invalid. Using default page load timeout: '45'

2022-04-29 10:37:09 - [MESSAGE][PASSED] - Object 'Object Repository/1-OBJECTS TAREAS PRINCIPALES/Modulo Tarea Sara General/Importar Fuente General/a_Continuar' is visible

2022-04-29 10:37:09 - [TEST_STEP][PASSED] - Result = getText(findTestObject("1-OBJECTS TAREAS PRINCIPALES/Modulo Tarea Sara General/Importar Fuente General/div_Se cargo el archivo")): Text of object 'Object Repository/1-OBJECTS TAREAS PRINCIPALES/Modulo Tarea Sara General/Importar Fuente General/div_Se cargo el archivo' is: 'Se cargo el archivo'

2022-04-29 10:37:09 - [MESSAGE][PASSED] - Text of object 'Object Repository/1-OBJECTS TAREAS PRINCIPALES/Modulo Tarea Sara General/Importar Fuente General/div_Se cargo el archivo' is: 'Se cargo el archivo'

2022-04-29 10:37:09 - [TEST_STEP][PASSED] - click(findTestObject("1-OBJECTS TAREAS PRINCIPALES/Modulo Tarea Sara General/Importar Fuente General/a_Continuar")): Object: 'Object Repository/1-OBJECTS TAREAS PRINCIPALES/Modulo Tarea Sara General/Importar Fuente General/a_Continuar' is clicked on

2022-04-29 10:37:10 - [MESSAGE][PASSED] - Object: 'Object Repository/1-OBJECTS TAREAS PRINCIPALES/Modulo Tarea Sara General/Importar Fuente General/a_Continuar' is clicked on

2022-04-29 10:37:10 - [TEST_STEP][PASSED] - if (Result == "Se cargo el archivo"): Browser is closed

2022-04-29 10:37:10 - [TEST_STEP][PASSED] - Resultado = "PRUEBAS OK": null

2022-04-29 10:37:10 - [TEST_STEP][PASSED] - closeBrowser(): Browser is closed

2022-04-29 10:37:11 - [MESSAGE][PASSED] - Browser is closed]]></system-out>
         <system-err><![CDATA[]]></system-err>
      </testcase>
      <testcase name="Test Cases/1.1-Tareas Principales/1.4.9-Verificacion de campo Total Abonado" time="16.339" classname="Test Cases/1.1-Tareas Principales/1.4.9-Verificacion de campo Total Abonado" status="PASSED">
         <system-out><![CDATA[2022-04-29 10:37:11 - [TEST_CASE][PASSED] - Test Cases/1.1-Tareas Principales/1.4.9-Verificacion de campo Total Abonado: Test Cases/1.1-Tareas Principales/1.4.9-Verificacion de campo Total Abonado

2022-04-29 10:37:11 - [TEST_STEP][PASSED] - callTestCase(findTestCase("Utilidades-(atajos_para _tareas)/Tareas Administracion Compensacion/Tarea Listado Empleados"), [:], STOP_ON_FAILURE): Call Test Case 'Test Cases/Utilidades-(atajos_para _tareas)/Tareas Administracion Compensacion/Tarea Listado Empleados' successfully

2022-04-29 10:37:11 - [TEST_CASE][PASSED] - Test Cases/Utilidades-(atajos_para _tareas)/Tareas Administracion Compensacion/Tarea Listado Empleados: Test Cases/Utilidades-(atajos_para _tareas)/Tareas Administracion Compensacion/Tarea Listado Empleados

2022-04-29 10:37:11 - [TEST_STEP][PASSED] - callTestCase(findTestCase("0.1-Login"), [:], STOP_ON_FAILURE): Call Test Case 'Test Cases/0.1-Login' successfully

2022-04-29 10:37:11 - [TEST_CASE][PASSED] - Test Cases/0.1-Login: Test Cases/0.1-Login

2022-04-29 10:37:11 - [TEST_STEP][PASSED] - openBrowser(""): Browser is opened with url: ''

2022-04-29 10:37:11 - [MESSAGE][INFO] - Starting 'Chrome' driver

2022-04-29 10:37:11 - [MESSAGE][INFO] - Action delay is set to 0 milliseconds

2022-04-29 10:37:12 - [MESSAGE][PASSED] - Browser is opened with url: ''

2022-04-29 10:37:12 - [TEST_STEP][PASSED] - maximizeWindow(): Current window maximized

2022-04-29 10:37:13 - [MESSAGE][PASSED] - Current window maximized

2022-04-29 10:37:13 - [TEST_STEP][PASSED] - i = G_Login: null

2022-04-29 10:37:13 - [TEST_STEP][PASSED] - url = new java.net.URL(i): null

2022-04-29 10:37:13 - [TEST_STEP][PASSED] - println("URL: " + url.toString()): null

2022-04-29 10:37:13 - [TEST_STEP][PASSED] - connection = url.openConnection(): null

2022-04-29 10:37:13 - [TEST_STEP][PASSED] - connection.setRequestMethod("GET"): null

2022-04-29 10:37:13 - [TEST_STEP][PASSED] - connection.setReadTimeout(2 * 1000): null

2022-04-29 10:37:13 - [TEST_STEP][PASSED] - try: null

2022-04-29 10:37:13 - [TEST_STEP][PASSED] - connection.connect(): null

2022-04-29 10:37:13 - [TEST_STEP][PASSED] - flag = connected: null

2022-04-29 10:37:13 - [TEST_STEP][PASSED] - println("Valor_ori: " + flag): null

2022-04-29 10:37:13 - [TEST_STEP][PASSED] - if (flag): null

2022-04-29 10:37:13 - [TEST_STEP][PASSED] - navigateToUrl(i): Navigate to 'http://192.168.2.19:8380/saraweb' successfully

2022-04-29 10:37:13 - [MESSAGE][PASSED] - Navigate to 'http://192.168.2.19:8380/saraweb' successfully

2022-04-29 10:37:13 - [TEST_STEP][PASSED] - a(): null

2022-04-29 10:37:13 - [TEST_STEP][PASSED] - setText(findTestObject("3-OBJECTS UTILIDADES/Login/input_USUARIO_loginusuario"), G_Usuario): Text 'saraadmin' is set on object 'Object Repository/3-OBJECTS UTILIDADES/Login/input_USUARIO_loginusuario'

2022-04-29 10:37:14 - [MESSAGE][PASSED] - Text 'saraadmin' is set on object 'Object Repository/3-OBJECTS UTILIDADES/Login/input_USUARIO_loginusuario'

2022-04-29 10:37:14 - [TEST_STEP][PASSED] - setEncryptedText(findTestObject("3-OBJECTS UTILIDADES/Login/input_CLAVE_loginpassword"), "MkG4/TYiCFC3cb2driP7+Q=="): Text ****** has been set on object 'Object Repository/3-OBJECTS UTILIDADES/Login/input_CLAVE_loginpassword'

2022-04-29 10:37:14 - [MESSAGE][PASSED] - Text ****** has been set on object 'Object Repository/3-OBJECTS UTILIDADES/Login/input_CLAVE_loginpassword'

2022-04-29 10:37:14 - [TEST_STEP][PASSED] - waitForElementClickable(findTestObject("3-OBJECTS UTILIDADES/Login/a_Ingresar"), G_TimeOut): Object 'Object Repository/3-OBJECTS UTILIDADES/Login/a_Ingresar' is clickable

2022-04-29 10:37:15 - [MESSAGE][PASSED] - Object 'Object Repository/3-OBJECTS UTILIDADES/Login/a_Ingresar' is clickable

2022-04-29 10:37:15 - [TEST_STEP][PASSED] - click(findTestObject("3-OBJECTS UTILIDADES/Login/a_Ingresar")): Object: 'Object Repository/3-OBJECTS UTILIDADES/Login/a_Ingresar' is clicked on

2022-04-29 10:37:16 - [MESSAGE][PASSED] - Object: 'Object Repository/3-OBJECTS UTILIDADES/Login/a_Ingresar' is clicked on

2022-04-29 10:37:16 - [TEST_STEP][PASSED] - element = findWebElement(findTestObject("3-OBJECTS UTILIDADES/Login/a_Ir"), 30): null

2022-04-29 10:37:16 - [TEST_STEP][PASSED] - executeJavaScript("arguments[0].click()", Arrays.asList(element)): Execute JavaScript 'arguments[0].click()' successfully

2022-04-29 10:37:16 - [MESSAGE][PASSED] - Execute JavaScript 'arguments[0].click()' successfully

2022-04-29 10:37:16 - [MESSAGE][PASSED] - Call Test Case 'Test Cases/0.1-Login' successfully

2022-04-29 10:37:16 - [TEST_STEP][PASSED] - setText(findTestObject("1-OBJECTS TAREAS PRINCIPALES/Modulo Tarea Listado Hojas de Vida/Tareas Listado Hojas de Vida/input_Listado Hojas De Vida_form_templatej_idt24_input"), "Listado de Empleados"): Text 'Listado de Empleados' is set on object 'Object Repository/1-OBJECTS TAREAS PRINCIPALES/Modulo Tarea Listado Hojas de Vida/Tareas Listado Hojas de Vida/input_Listado Hojas De Vida_form_templatej_idt24_input'

2022-04-29 10:37:17 - [MESSAGE][PASSED] - Text 'Listado de Empleados' is set on object 'Object Repository/1-OBJECTS TAREAS PRINCIPALES/Modulo Tarea Listado Hojas de Vida/Tareas Listado Hojas de Vida/input_Listado Hojas De Vida_form_templatej_idt24_input'

2022-04-29 10:37:17 - [TEST_STEP][PASSED] - waitForElementVisible(findTestObject("1-OBJECTS TAREAS PRINCIPALES/Modulo Tarea Listado Hojas de Vida/Tareas Listado Hojas de Vida/span_Listado de Empleados"), 0): Object 'Object Repository/1-OBJECTS TAREAS PRINCIPALES/Modulo Tarea Listado Hojas de Vida/Tareas Listado Hojas de Vida/span_Listado de Empleados' is visible

2022-04-29 10:37:17 - [MESSAGE][WARNING] - Timeout '0' is invalid. Using default page load timeout: '45'

2022-04-29 10:37:19 - [MESSAGE][PASSED] - Object 'Object Repository/1-OBJECTS TAREAS PRINCIPALES/Modulo Tarea Listado Hojas de Vida/Tareas Listado Hojas de Vida/span_Listado de Empleados' is visible

2022-04-29 10:37:19 - [TEST_STEP][PASSED] - click(findTestObject("1-OBJECTS TAREAS PRINCIPALES/Modulo Tarea Listado Hojas de Vida/Tareas Listado Hojas de Vida/span_Listado de Empleados")): Object: 'Object Repository/1-OBJECTS TAREAS PRINCIPALES/Modulo Tarea Listado Hojas de Vida/Tareas Listado Hojas de Vida/span_Listado de Empleados' is clicked on

2022-04-29 10:37:19 - [MESSAGE][PASSED] - Object: 'Object Repository/1-OBJECTS TAREAS PRINCIPALES/Modulo Tarea Listado Hojas de Vida/Tareas Listado Hojas de Vida/span_Listado de Empleados' is clicked on

2022-04-29 10:37:19 - [MESSAGE][PASSED] - Call Test Case 'Test Cases/Utilidades-(atajos_para _tareas)/Tareas Administracion Compensacion/Tarea Listado Empleados' successfully

2022-04-29 10:37:19 - [TEST_STEP][PASSED] - waitForElementClickable(findTestObject("1-OBJECTS TAREAS PRINCIPALES/Modulo Tarea Compensacion/Verificacion de campo Total Abonado/a_Nombre Funcionario_listadoEm"), 0): Object 'Object Repository/1-OBJECTS TAREAS PRINCIPALES/Modulo Tarea Compensacion/Verificacion de campo Total Abonado/a_Nombre Funcionario_listadoEm' is clickable

2022-04-29 10:37:19 - [MESSAGE][WARNING] - Timeout '0' is invalid. Using default page load timeout: '45'

2022-04-29 10:37:20 - [MESSAGE][PASSED] - Object 'Object Repository/1-OBJECTS TAREAS PRINCIPALES/Modulo Tarea Compensacion/Verificacion de campo Total Abonado/a_Nombre Funcionario_listadoEm' is clickable

2022-04-29 10:37:20 - [TEST_STEP][PASSED] - click(findTestObject("1-OBJECTS TAREAS PRINCIPALES/Modulo Tarea Compensacion/Verificacion de campo Total Abonado/a_Nombre Funcionario_listadoEm")): Object: 'Object Repository/1-OBJECTS TAREAS PRINCIPALES/Modulo Tarea Compensacion/Verificacion de campo Total Abonado/a_Nombre Funcionario_listadoEm' is clicked on

2022-04-29 10:37:20 - [MESSAGE][PASSED] - Object: 'Object Repository/1-OBJECTS TAREAS PRINCIPALES/Modulo Tarea Compensacion/Verificacion de campo Total Abonado/a_Nombre Funcionario_listadoEm' is clicked on

2022-04-29 10:37:20 - [TEST_STEP][PASSED] - setText(findTestObject("1-OBJECTS TAREAS PRINCIPALES/Modulo Tarea Compensacion/Verificacion de campo Total Abonado/a_Nombre Funcionario_listadoEm"), "354968431354"): Text '354968431354' is set on object 'Object Repository/1-OBJECTS TAREAS PRINCIPALES/Modulo Tarea Compensacion/Verificacion de campo Total Abonado/a_Nombre Funcionario_listadoEm'

2022-04-29 10:37:22 - [MESSAGE][PASSED] - Text '354968431354' is set on object 'Object Repository/1-OBJECTS TAREAS PRINCIPALES/Modulo Tarea Compensacion/Verificacion de campo Total Abonado/a_Nombre Funcionario_listadoEm'

2022-04-29 10:37:22 - [TEST_STEP][PASSED] - sendKeys(findTestObject("1-OBJECTS TAREAS PRINCIPALES/Modulo Tarea Compensacion/Verificacion de campo Total Abonado/a_Nombre Funcionario_listadoEm"), Keys.chord(ENTER)): Keys 'ENTER + ' sent to object: 'Object Repository/1-OBJECTS TAREAS PRINCIPALES/Modulo Tarea Compensacion/Verificacion de campo Total Abonado/a_Nombre Funcionario_listadoEm'

2022-04-29 10:37:22 - [MESSAGE][PASSED] - Keys 'ENTER + ' sent to object: 'Object Repository/1-OBJECTS TAREAS PRINCIPALES/Modulo Tarea Compensacion/Verificacion de campo Total Abonado/a_Nombre Funcionario_listadoEm'

2022-04-29 10:37:22 - [TEST_STEP][PASSED] - click(findTestObject("1-OBJECTS TAREAS PRINCIPALES/Modulo Tarea Compensacion/Verificacion de campo Total Abonado/span_CONSTA BELFEGORD JHON")): Object: 'Object Repository/1-OBJECTS TAREAS PRINCIPALES/Modulo Tarea Compensacion/Verificacion de campo Total Abonado/span_CONSTA BELFEGORD JHON' is clicked on

2022-04-29 10:37:23 - [MESSAGE][PASSED] - Object: 'Object Repository/1-OBJECTS TAREAS PRINCIPALES/Modulo Tarea Compensacion/Verificacion de campo Total Abonado/span_CONSTA BELFEGORD JHON' is clicked on

2022-04-29 10:37:23 - [TEST_STEP][PASSED] - click(findTestObject("1-OBJECTS TAREAS PRINCIPALES/Modulo Tarea Compensacion/Verificacion de campo Total Abonado/span_Liquidacin Periodica")): Object: 'Object Repository/1-OBJECTS TAREAS PRINCIPALES/Modulo Tarea Compensacion/Verificacion de campo Total Abonado/span_Liquidacin Periodica' is clicked on

2022-04-29 10:37:23 - [MESSAGE][PASSED] - Object: 'Object Repository/1-OBJECTS TAREAS PRINCIPALES/Modulo Tarea Compensacion/Verificacion de campo Total Abonado/span_Liquidacin Periodica' is clicked on

2022-04-29 10:37:23 - [TEST_STEP][PASSED] - click(findTestObject("1-OBJECTS TAREAS PRINCIPALES/Modulo Tarea Compensacion/Verificacion de campo Total Abonado/span_PRESTAMO BANCOLOMBIA")): Object: 'Object Repository/1-OBJECTS TAREAS PRINCIPALES/Modulo Tarea Compensacion/Verificacion de campo Total Abonado/span_PRESTAMO BANCOLOMBIA' is clicked on

2022-04-29 10:37:24 - [MESSAGE][PASSED] - Object: 'Object Repository/1-OBJECTS TAREAS PRINCIPALES/Modulo Tarea Compensacion/Verificacion de campo Total Abonado/span_PRESTAMO BANCOLOMBIA' is clicked on

2022-04-29 10:37:24 - [TEST_STEP][PASSED] - if (waitForElementVisible(findTestObject("1-OBJECTS TAREAS PRINCIPALES/Modulo Tarea Compensacion/Verificacion de campo Total Abonado/a_ReversarEliminar"), 1)): null

2022-04-29 10:37:26 - [MESSAGE][PASSED] - Object 'Object Repository/1-OBJECTS TAREAS PRINCIPALES/Modulo Tarea Compensacion/Verificacion de campo Total Abonado/a_ReversarEliminar' is visible

2022-04-29 10:37:26 - [TEST_STEP][PASSED] - closeBrowser(): Browser is closed

2022-04-29 10:37:27 - [MESSAGE][PASSED] - Browser is closed]]></system-out>
         <system-err><![CDATA[]]></system-err>
      </testcase>
      <testcase name="Test Cases/1.1-Tareas Principales/1.5.1-Administracion embargos" time="35.152" classname="Test Cases/1.1-Tareas Principales/1.5.1-Administracion embargos" status="PASSED">
         <system-out><![CDATA[2022-04-29 10:37:27 - [TEST_CASE][PASSED] - Test Cases/1.1-Tareas Principales/1.5.1-Administracion embargos: Test Cases/1.1-Tareas Principales/1.5.1-Administracion embargos

2022-04-29 10:37:27 - [TEST_STEP][PASSED] - callTestCase(findTestCase("Utilidades-(atajos_para _tareas)/Tareas Administracion Compensacion/Administracion embargos por Fecha"), [:], STOP_ON_FAILURE): Call Test Case 'Test Cases/Utilidades-(atajos_para _tareas)/Tareas Administracion Compensacion/Administracion embargos por Fecha' successfully

2022-04-29 10:37:27 - [TEST_CASE][PASSED] - Test Cases/Utilidades-(atajos_para _tareas)/Tareas Administracion Compensacion/Administracion embargos por Fecha: Test Cases/Utilidades-(atajos_para _tareas)/Tareas Administracion Compensacion/Administracion embargos por Fecha

2022-04-29 10:37:28 - [TEST_STEP][PASSED] - callTestCase(findTestCase("Utilidades-(atajos_para _tareas)/Modulos/Modulo Administracion Compensacion"), [:], STOP_ON_FAILURE): Call Test Case 'Test Cases/Utilidades-(atajos_para _tareas)/Modulos/Modulo Administracion Compensacion' successfully

2022-04-29 10:37:28 - [TEST_CASE][PASSED] - Test Cases/Utilidades-(atajos_para _tareas)/Modulos/Modulo Administracion Compensacion: Test Cases/Utilidades-(atajos_para _tareas)/Modulos/Modulo Administracion Compensacion

2022-04-29 10:37:28 - [TEST_STEP][PASSED] - callTestCase(findTestCase("0.1-Login"), [:], STOP_ON_FAILURE): Call Test Case 'Test Cases/0.1-Login' successfully

2022-04-29 10:37:28 - [TEST_CASE][PASSED] - Test Cases/0.1-Login: Test Cases/0.1-Login

2022-04-29 10:37:28 - [TEST_STEP][PASSED] - openBrowser(""): Browser is opened with url: ''

2022-04-29 10:37:28 - [MESSAGE][INFO] - Starting 'Chrome' driver

2022-04-29 10:37:28 - [MESSAGE][INFO] - Action delay is set to 0 milliseconds

2022-04-29 10:37:29 - [MESSAGE][PASSED] - Browser is opened with url: ''

2022-04-29 10:37:29 - [TEST_STEP][PASSED] - maximizeWindow(): Current window maximized

2022-04-29 10:37:29 - [MESSAGE][PASSED] - Current window maximized

2022-04-29 10:37:29 - [TEST_STEP][PASSED] - i = G_Login: null

2022-04-29 10:37:29 - [TEST_STEP][PASSED] - url = new java.net.URL(i): null

2022-04-29 10:37:29 - [TEST_STEP][PASSED] - println("URL: " + url.toString()): null

2022-04-29 10:37:29 - [TEST_STEP][PASSED] - connection = url.openConnection(): null

2022-04-29 10:37:29 - [TEST_STEP][PASSED] - connection.setRequestMethod("GET"): null

2022-04-29 10:37:29 - [TEST_STEP][PASSED] - connection.setReadTimeout(2 * 1000): null

2022-04-29 10:37:29 - [TEST_STEP][PASSED] - try: null

2022-04-29 10:37:29 - [TEST_STEP][PASSED] - connection.connect(): null

2022-04-29 10:37:29 - [TEST_STEP][PASSED] - flag = connected: null

2022-04-29 10:37:29 - [TEST_STEP][PASSED] - println("Valor_ori: " + flag): null

2022-04-29 10:37:29 - [TEST_STEP][PASSED] - if (flag): null

2022-04-29 10:37:29 - [TEST_STEP][PASSED] - navigateToUrl(i): Navigate to 'http://192.168.2.19:8380/saraweb' successfully

2022-04-29 10:37:30 - [MESSAGE][PASSED] - Navigate to 'http://192.168.2.19:8380/saraweb' successfully

2022-04-29 10:37:30 - [TEST_STEP][PASSED] - a(): null

2022-04-29 10:37:30 - [TEST_STEP][PASSED] - setText(findTestObject("3-OBJECTS UTILIDADES/Login/input_USUARIO_loginusuario"), G_Usuario): Text 'saraadmin' is set on object 'Object Repository/3-OBJECTS UTILIDADES/Login/input_USUARIO_loginusuario'

2022-04-29 10:37:31 - [MESSAGE][PASSED] - Text 'saraadmin' is set on object 'Object Repository/3-OBJECTS UTILIDADES/Login/input_USUARIO_loginusuario'

2022-04-29 10:37:31 - [TEST_STEP][PASSED] - setEncryptedText(findTestObject("3-OBJECTS UTILIDADES/Login/input_CLAVE_loginpassword"), "MkG4/TYiCFC3cb2driP7+Q=="): Text ****** has been set on object 'Object Repository/3-OBJECTS UTILIDADES/Login/input_CLAVE_loginpassword'

2022-04-29 10:37:31 - [MESSAGE][PASSED] - Text ****** has been set on object 'Object Repository/3-OBJECTS UTILIDADES/Login/input_CLAVE_loginpassword'

2022-04-29 10:37:31 - [TEST_STEP][PASSED] - waitForElementClickable(findTestObject("3-OBJECTS UTILIDADES/Login/a_Ingresar"), G_TimeOut): Object 'Object Repository/3-OBJECTS UTILIDADES/Login/a_Ingresar' is clickable

2022-04-29 10:37:31 - [MESSAGE][PASSED] - Object 'Object Repository/3-OBJECTS UTILIDADES/Login/a_Ingresar' is clickable

2022-04-29 10:37:31 - [TEST_STEP][PASSED] - click(findTestObject("3-OBJECTS UTILIDADES/Login/a_Ingresar")): Object: 'Object Repository/3-OBJECTS UTILIDADES/Login/a_Ingresar' is clicked on

2022-04-29 10:37:32 - [MESSAGE][PASSED] - Object: 'Object Repository/3-OBJECTS UTILIDADES/Login/a_Ingresar' is clicked on

2022-04-29 10:37:32 - [TEST_STEP][PASSED] - element = findWebElement(findTestObject("3-OBJECTS UTILIDADES/Login/a_Ir"), 30): null

2022-04-29 10:37:33 - [TEST_STEP][PASSED] - executeJavaScript("arguments[0].click()", Arrays.asList(element)): Execute JavaScript 'arguments[0].click()' successfully

2022-04-29 10:37:33 - [MESSAGE][PASSED] - Execute JavaScript 'arguments[0].click()' successfully

2022-04-29 10:37:33 - [MESSAGE][PASSED] - Call Test Case 'Test Cases/0.1-Login' successfully

2022-04-29 10:37:33 - [TEST_STEP][PASSED] - waitForElementVisible(findTestObject("3-OBJECTS UTILIDADES/Modulo Administracion Compensacion/span_Administracin Compensacin"), 0): Object 'Object Repository/3-OBJECTS UTILIDADES/Modulo Administracion Compensacion/span_Administracin Compensacin' is visible

2022-04-29 10:37:33 - [MESSAGE][WARNING] - Timeout '0' is invalid. Using default page load timeout: '45'

2022-04-29 10:37:34 - [MESSAGE][PASSED] - Object 'Object Repository/3-OBJECTS UTILIDADES/Modulo Administracion Compensacion/span_Administracin Compensacin' is visible

2022-04-29 10:37:34 - [TEST_STEP][PASSED] - click(findTestObject("3-OBJECTS UTILIDADES/Modulo Administracion Compensacion/span_Administracin Compensacin")): Object: 'Object Repository/3-OBJECTS UTILIDADES/Modulo Administracion Compensacion/span_Administracin Compensacin' is clicked on

2022-04-29 10:37:34 - [MESSAGE][PASSED] - Object: 'Object Repository/3-OBJECTS UTILIDADES/Modulo Administracion Compensacion/span_Administracin Compensacin' is clicked on

2022-04-29 10:37:34 - [MESSAGE][PASSED] - Call Test Case 'Test Cases/Utilidades-(atajos_para _tareas)/Modulos/Modulo Administracion Compensacion' successfully

2022-04-29 10:37:34 - [TEST_STEP][PASSED] - waitForElementClickable(findTestObject("1-OBJECTS TAREAS PRINCIPALES/Modulo Tarea Compensacion/Administracion Embargos por Fecha/input_Ir_nav_t66_input"), 0): Object 'Object Repository/1-OBJECTS TAREAS PRINCIPALES/Modulo Tarea Compensacion/Administracion Embargos por Fecha/input_Ir_nav_t66_input' is clickable

2022-04-29 10:37:34 - [MESSAGE][WARNING] - Timeout '0' is invalid. Using default page load timeout: '45'

2022-04-29 10:37:35 - [MESSAGE][PASSED] - Object 'Object Repository/1-OBJECTS TAREAS PRINCIPALES/Modulo Tarea Compensacion/Administracion Embargos por Fecha/input_Ir_nav_t66_input' is clickable

2022-04-29 10:37:35 - [TEST_STEP][PASSED] - setText(findTestObject("1-OBJECTS TAREAS PRINCIPALES/Modulo Tarea Compensacion/Administracion Embargos por Fecha/input_Ir_nav_t66_input"), "Administracion Embargos"): Text 'Administracion Embargos' is set on object 'Object Repository/1-OBJECTS TAREAS PRINCIPALES/Modulo Tarea Compensacion/Administracion Embargos por Fecha/input_Ir_nav_t66_input'

2022-04-29 10:37:35 - [MESSAGE][PASSED] - Text 'Administracion Embargos' is set on object 'Object Repository/1-OBJECTS TAREAS PRINCIPALES/Modulo Tarea Compensacion/Administracion Embargos por Fecha/input_Ir_nav_t66_input'

2022-04-29 10:37:35 - [TEST_STEP][PASSED] - waitForElementVisible(findTestObject("1-OBJECTS TAREAS PRINCIPALES/Modulo Tarea Compensacion/Administracion Embargos por Fecha/input_Ir_nav_t66_input"), 0): Object 'Object Repository/1-OBJECTS TAREAS PRINCIPALES/Modulo Tarea Compensacion/Administracion Embargos por Fecha/input_Ir_nav_t66_input' is visible

2022-04-29 10:37:35 - [MESSAGE][WARNING] - Timeout '0' is invalid. Using default page load timeout: '45'

2022-04-29 10:37:36 - [MESSAGE][PASSED] - Object 'Object Repository/1-OBJECTS TAREAS PRINCIPALES/Modulo Tarea Compensacion/Administracion Embargos por Fecha/input_Ir_nav_t66_input' is visible

2022-04-29 10:37:36 - [TEST_STEP][PASSED] - click(findTestObject("1-OBJECTS TAREAS PRINCIPALES/Modulo Tarea Compensacion/Administracion Embargos por Periodo/span_Administracion Embargos")): Object: 'Object Repository/1-OBJECTS TAREAS PRINCIPALES/Modulo Tarea Compensacion/Administracion Embargos por Periodo/span_Administracion Embargos' is clicked on

2022-04-29 10:37:37 - [MESSAGE][PASSED] - Object: 'Object Repository/1-OBJECTS TAREAS PRINCIPALES/Modulo Tarea Compensacion/Administracion Embargos por Periodo/span_Administracion Embargos' is clicked on

2022-04-29 10:37:37 - [TEST_STEP][PASSED] - click(findTestObject("1-OBJECTS TAREAS PRINCIPALES/Modulo Tarea Compensacion/Administracion Embargos por Fecha/span_Generacion Por Fechas")): Object: 'Object Repository/1-OBJECTS TAREAS PRINCIPALES/Modulo Tarea Compensacion/Administracion Embargos por Fecha/span_Generacion Por Fechas' is clicked on

2022-04-29 10:37:38 - [MESSAGE][PASSED] - Object: 'Object Repository/1-OBJECTS TAREAS PRINCIPALES/Modulo Tarea Compensacion/Administracion Embargos por Fecha/span_Generacion Por Fechas' is clicked on

2022-04-29 10:37:38 - [TEST_STEP][PASSED] - setText(findTestObject("1-OBJECTS TAREAS PRINCIPALES/Modulo Tarea Compensacion/Administracion Embargos por Fecha/input_Fecha Inicial_banco_agra"), "01/01/2019"): Text '01/01/2019' is set on object 'Object Repository/1-OBJECTS TAREAS PRINCIPALES/Modulo Tarea Compensacion/Administracion Embargos por Fecha/input_Fecha Inicial_banco_agra'

2022-04-29 10:37:39 - [MESSAGE][PASSED] - Text '01/01/2019' is set on object 'Object Repository/1-OBJECTS TAREAS PRINCIPALES/Modulo Tarea Compensacion/Administracion Embargos por Fecha/input_Fecha Inicial_banco_agra'

2022-04-29 10:37:39 - [TEST_STEP][PASSED] - sendKeys(findTestObject("1-OBJECTS TAREAS PRINCIPALES/Modulo Tarea Compensacion/Administracion Embargos por Fecha/input_Fecha Inicial_banco_agra"), Keys.chord(ENTER)): Keys 'ENTER + ' sent to object: 'Object Repository/1-OBJECTS TAREAS PRINCIPALES/Modulo Tarea Compensacion/Administracion Embargos por Fecha/input_Fecha Inicial_banco_agra'

2022-04-29 10:37:39 - [MESSAGE][PASSED] - Keys 'ENTER + ' sent to object: 'Object Repository/1-OBJECTS TAREAS PRINCIPALES/Modulo Tarea Compensacion/Administracion Embargos por Fecha/input_Fecha Inicial_banco_agra'

2022-04-29 10:37:39 - [TEST_STEP][PASSED] - setText(findTestObject("1-OBJECTS TAREAS PRINCIPALES/Modulo Tarea Compensacion/Administracion Embargos por Fecha/input_Fecha Final_banco_agrari"), "31/01/2019"): Text '31/01/2019' is set on object 'Object Repository/1-OBJECTS TAREAS PRINCIPALES/Modulo Tarea Compensacion/Administracion Embargos por Fecha/input_Fecha Final_banco_agrari'

2022-04-29 10:37:40 - [MESSAGE][PASSED] - Text '31/01/2019' is set on object 'Object Repository/1-OBJECTS TAREAS PRINCIPALES/Modulo Tarea Compensacion/Administracion Embargos por Fecha/input_Fecha Final_banco_agrari'

2022-04-29 10:37:40 - [TEST_STEP][PASSED] - sendKeys(findTestObject("1-OBJECTS TAREAS PRINCIPALES/Modulo Tarea Compensacion/Administracion Embargos por Fecha/input_Fecha Final_banco_agrari"), Keys.chord(ENTER)): Keys 'ENTER + ' sent to object: 'Object Repository/1-OBJECTS TAREAS PRINCIPALES/Modulo Tarea Compensacion/Administracion Embargos por Fecha/input_Fecha Final_banco_agrari'

2022-04-29 10:37:41 - [MESSAGE][PASSED] - Keys 'ENTER + ' sent to object: 'Object Repository/1-OBJECTS TAREAS PRINCIPALES/Modulo Tarea Compensacion/Administracion Embargos por Fecha/input_Fecha Final_banco_agrari'

2022-04-29 10:37:41 - [TEST_STEP][PASSED] - waitForElementClickable(findTestObject("1-OBJECTS TAREAS PRINCIPALES/Modulo Tarea Compensacion/Verificacion de campo Total Abonado/a_Nombre Funcionario_listadoEm"), 0): Object 'Object Repository/1-OBJECTS TAREAS PRINCIPALES/Modulo Tarea Compensacion/Verificacion de campo Total Abonado/a_Nombre Funcionario_listadoEm' is clickable

2022-04-29 10:37:41 - [MESSAGE][WARNING] - Timeout '0' is invalid. Using default page load timeout: '45'

2022-04-29 10:37:41 - [MESSAGE][PASSED] - Object 'Object Repository/1-OBJECTS TAREAS PRINCIPALES/Modulo Tarea Compensacion/Verificacion de campo Total Abonado/a_Nombre Funcionario_listadoEm' is clickable

2022-04-29 10:37:41 - [TEST_STEP][PASSED] - click(findTestObject("1-OBJECTS TAREAS PRINCIPALES/Modulo Tarea Compensacion/Administracion Embargos por Fecha/input_Tipo Periodo_banco_agrar")): Object: 'Object Repository/1-OBJECTS TAREAS PRINCIPALES/Modulo Tarea Compensacion/Administracion Embargos por Fecha/input_Tipo Periodo_banco_agrar' is clicked on

2022-04-29 10:37:41 - [MESSAGE][PASSED] - Object: 'Object Repository/1-OBJECTS TAREAS PRINCIPALES/Modulo Tarea Compensacion/Administracion Embargos por Fecha/input_Tipo Periodo_banco_agrar' is clicked on

2022-04-29 10:37:41 - [TEST_STEP][PASSED] - click(findTestObject("1-OBJECTS TAREAS PRINCIPALES/Modulo Tarea Compensacion/Administracion Embargos por Fecha/span_Generar")): Object: 'Object Repository/1-OBJECTS TAREAS PRINCIPALES/Modulo Tarea Compensacion/Administracion Embargos por Fecha/span_Generar' is clicked on

2022-04-29 10:37:42 - [MESSAGE][PASSED] - Object: 'Object Repository/1-OBJECTS TAREAS PRINCIPALES/Modulo Tarea Compensacion/Administracion Embargos por Fecha/span_Generar' is clicked on

2022-04-29 10:37:42 - [TEST_STEP][PASSED] - click(findTestObject("1-OBJECTS TAREAS PRINCIPALES/Modulo Tarea Compensacion/Administracion Embargos por Fecha/span_Archivo")): Object: 'Object Repository/1-OBJECTS TAREAS PRINCIPALES/Modulo Tarea Compensacion/Administracion Embargos por Fecha/span_Archivo' is clicked on

2022-04-29 10:37:43 - [MESSAGE][PASSED] - Object: 'Object Repository/1-OBJECTS TAREAS PRINCIPALES/Modulo Tarea Compensacion/Administracion Embargos por Fecha/span_Archivo' is clicked on

2022-04-29 10:37:43 - [TEST_STEP][PASSED] - click(findTestObject("1-OBJECTS TAREAS PRINCIPALES/Modulo Tarea Compensacion/Administracion Embargos por Fecha/span_Si")): Object: 'Object Repository/1-OBJECTS TAREAS PRINCIPALES/Modulo Tarea Compensacion/Administracion Embargos por Fecha/span_Si' is clicked on

2022-04-29 10:37:43 - [MESSAGE][PASSED] - Object: 'Object Repository/1-OBJECTS TAREAS PRINCIPALES/Modulo Tarea Compensacion/Administracion Embargos por Fecha/span_Si' is clicked on

2022-04-29 10:37:43 - [MESSAGE][PASSED] - Call Test Case 'Test Cases/Utilidades-(atajos_para _tareas)/Tareas Administracion Compensacion/Administracion embargos por Fecha' successfully

2022-04-29 10:37:43 - [TEST_STEP][PASSED] - callTestCase(findTestCase("Utilidades-(atajos_para _tareas)/Tareas Administracion Compensacion/Administracion embargos por Periodos"), [:], STOP_ON_FAILURE): Call Test Case 'Test Cases/Utilidades-(atajos_para _tareas)/Tareas Administracion Compensacion/Administracion embargos por Periodos' successfully

2022-04-29 10:37:43 - [TEST_CASE][PASSED] - Test Cases/Utilidades-(atajos_para _tareas)/Tareas Administracion Compensacion/Administracion embargos por Periodos: Test Cases/Utilidades-(atajos_para _tareas)/Tareas Administracion Compensacion/Administracion embargos por Periodos

2022-04-29 10:37:44 - [TEST_STEP][PASSED] - callTestCase(findTestCase("Utilidades-(atajos_para _tareas)/Modulos/Modulo Administracion Compensacion"), [:], STOP_ON_FAILURE): Call Test Case 'Test Cases/Utilidades-(atajos_para _tareas)/Modulos/Modulo Administracion Compensacion' successfully

2022-04-29 10:37:44 - [TEST_CASE][PASSED] - Test Cases/Utilidades-(atajos_para _tareas)/Modulos/Modulo Administracion Compensacion: Test Cases/Utilidades-(atajos_para _tareas)/Modulos/Modulo Administracion Compensacion

2022-04-29 10:37:44 - [TEST_STEP][PASSED] - callTestCase(findTestCase("0.1-Login"), [:], STOP_ON_FAILURE): Call Test Case 'Test Cases/0.1-Login' successfully

2022-04-29 10:37:44 - [TEST_CASE][PASSED] - Test Cases/0.1-Login: Test Cases/0.1-Login

2022-04-29 10:37:44 - [TEST_STEP][PASSED] - openBrowser(""): Browser is opened with url: ''

2022-04-29 10:37:44 - [MESSAGE][WARNING] - A browser is already opened. Closing browser and opening a new one

2022-04-29 10:37:45 - [MESSAGE][INFO] - Starting 'Chrome' driver

2022-04-29 10:37:45 - [MESSAGE][INFO] - Action delay is set to 0 milliseconds

2022-04-29 10:37:46 - [MESSAGE][PASSED] - Browser is opened with url: ''

2022-04-29 10:37:46 - [TEST_STEP][PASSED] - maximizeWindow(): Current window maximized

2022-04-29 10:37:46 - [MESSAGE][PASSED] - Current window maximized

2022-04-29 10:37:46 - [TEST_STEP][PASSED] - i = G_Login: null

2022-04-29 10:37:46 - [TEST_STEP][PASSED] - url = new java.net.URL(i): null

2022-04-29 10:37:46 - [TEST_STEP][PASSED] - println("URL: " + url.toString()): null

2022-04-29 10:37:46 - [TEST_STEP][PASSED] - connection = url.openConnection(): null

2022-04-29 10:37:46 - [TEST_STEP][PASSED] - connection.setRequestMethod("GET"): null

2022-04-29 10:37:46 - [TEST_STEP][PASSED] - connection.setReadTimeout(2 * 1000): null

2022-04-29 10:37:46 - [TEST_STEP][PASSED] - try: null

2022-04-29 10:37:46 - [TEST_STEP][PASSED] - connection.connect(): null

2022-04-29 10:37:46 - [TEST_STEP][PASSED] - flag = connected: null

2022-04-29 10:37:46 - [TEST_STEP][PASSED] - println("Valor_ori: " + flag): null

2022-04-29 10:37:46 - [TEST_STEP][PASSED] - if (flag): null

2022-04-29 10:37:46 - [TEST_STEP][PASSED] - navigateToUrl(i): Navigate to 'http://192.168.2.19:8380/saraweb' successfully

2022-04-29 10:37:47 - [MESSAGE][PASSED] - Navigate to 'http://192.168.2.19:8380/saraweb' successfully

2022-04-29 10:37:47 - [TEST_STEP][PASSED] - a(): null

2022-04-29 10:37:47 - [TEST_STEP][PASSED] - setText(findTestObject("3-OBJECTS UTILIDADES/Login/input_USUARIO_loginusuario"), G_Usuario): Text 'saraadmin' is set on object 'Object Repository/3-OBJECTS UTILIDADES/Login/input_USUARIO_loginusuario'

2022-04-29 10:37:48 - [MESSAGE][PASSED] - Text 'saraadmin' is set on object 'Object Repository/3-OBJECTS UTILIDADES/Login/input_USUARIO_loginusuario'

2022-04-29 10:37:48 - [TEST_STEP][PASSED] - setEncryptedText(findTestObject("3-OBJECTS UTILIDADES/Login/input_CLAVE_loginpassword"), "MkG4/TYiCFC3cb2driP7+Q=="): Text ****** has been set on object 'Object Repository/3-OBJECTS UTILIDADES/Login/input_CLAVE_loginpassword'

2022-04-29 10:37:48 - [MESSAGE][PASSED] - Text ****** has been set on object 'Object Repository/3-OBJECTS UTILIDADES/Login/input_CLAVE_loginpassword'

2022-04-29 10:37:48 - [TEST_STEP][PASSED] - waitForElementClickable(findTestObject("3-OBJECTS UTILIDADES/Login/a_Ingresar"), G_TimeOut): Object 'Object Repository/3-OBJECTS UTILIDADES/Login/a_Ingresar' is clickable

2022-04-29 10:37:48 - [MESSAGE][PASSED] - Object 'Object Repository/3-OBJECTS UTILIDADES/Login/a_Ingresar' is clickable

2022-04-29 10:37:48 - [TEST_STEP][PASSED] - click(findTestObject("3-OBJECTS UTILIDADES/Login/a_Ingresar")): Object: 'Object Repository/3-OBJECTS UTILIDADES/Login/a_Ingresar' is clicked on

2022-04-29 10:37:50 - [MESSAGE][PASSED] - Object: 'Object Repository/3-OBJECTS UTILIDADES/Login/a_Ingresar' is clicked on

2022-04-29 10:37:50 - [TEST_STEP][PASSED] - element = findWebElement(findTestObject("3-OBJECTS UTILIDADES/Login/a_Ir"), 30): null

2022-04-29 10:37:50 - [TEST_STEP][PASSED] - executeJavaScript("arguments[0].click()", Arrays.asList(element)): Execute JavaScript 'arguments[0].click()' successfully

2022-04-29 10:37:50 - [MESSAGE][PASSED] - Execute JavaScript 'arguments[0].click()' successfully

2022-04-29 10:37:50 - [MESSAGE][PASSED] - Call Test Case 'Test Cases/0.1-Login' successfully

2022-04-29 10:37:50 - [TEST_STEP][PASSED] - waitForElementVisible(findTestObject("3-OBJECTS UTILIDADES/Modulo Administracion Compensacion/span_Administracin Compensacin"), 0): Object 'Object Repository/3-OBJECTS UTILIDADES/Modulo Administracion Compensacion/span_Administracin Compensacin' is visible

2022-04-29 10:37:50 - [MESSAGE][WARNING] - Timeout '0' is invalid. Using default page load timeout: '45'

2022-04-29 10:37:51 - [MESSAGE][PASSED] - Object 'Object Repository/3-OBJECTS UTILIDADES/Modulo Administracion Compensacion/span_Administracin Compensacin' is visible

2022-04-29 10:37:51 - [TEST_STEP][PASSED] - click(findTestObject("3-OBJECTS UTILIDADES/Modulo Administracion Compensacion/span_Administracin Compensacin")): Object: 'Object Repository/3-OBJECTS UTILIDADES/Modulo Administracion Compensacion/span_Administracin Compensacin' is clicked on

2022-04-29 10:37:51 - [MESSAGE][PASSED] - Object: 'Object Repository/3-OBJECTS UTILIDADES/Modulo Administracion Compensacion/span_Administracin Compensacin' is clicked on

2022-04-29 10:37:51 - [MESSAGE][PASSED] - Call Test Case 'Test Cases/Utilidades-(atajos_para _tareas)/Modulos/Modulo Administracion Compensacion' successfully

2022-04-29 10:37:51 - [TEST_STEP][PASSED] - waitForElementClickable(findTestObject("1-OBJECTS TAREAS PRINCIPALES/Modulo Tarea Compensacion/Administracion Embargos por Fecha/input_Ir_nav_t66_input"), 0): Object 'Object Repository/1-OBJECTS TAREAS PRINCIPALES/Modulo Tarea Compensacion/Administracion Embargos por Fecha/input_Ir_nav_t66_input' is clickable

2022-04-29 10:37:51 - [MESSAGE][WARNING] - Timeout '0' is invalid. Using default page load timeout: '45'

2022-04-29 10:37:52 - [MESSAGE][PASSED] - Object 'Object Repository/1-OBJECTS TAREAS PRINCIPALES/Modulo Tarea Compensacion/Administracion Embargos por Fecha/input_Ir_nav_t66_input' is clickable

2022-04-29 10:37:52 - [TEST_STEP][PASSED] - setText(findTestObject("1-OBJECTS TAREAS PRINCIPALES/Modulo Tarea Compensacion/Administracion Embargos por Fecha/input_Ir_nav_t66_input"), "Administracion Embargos"): Text 'Administracion Embargos' is set on object 'Object Repository/1-OBJECTS TAREAS PRINCIPALES/Modulo Tarea Compensacion/Administracion Embargos por Fecha/input_Ir_nav_t66_input'

2022-04-29 10:37:52 - [MESSAGE][PASSED] - Text 'Administracion Embargos' is set on object 'Object Repository/1-OBJECTS TAREAS PRINCIPALES/Modulo Tarea Compensacion/Administracion Embargos por Fecha/input_Ir_nav_t66_input'

2022-04-29 10:37:52 - [TEST_STEP][PASSED] - waitForElementVisible(findTestObject("1-OBJECTS TAREAS PRINCIPALES/Modulo Tarea Compensacion/Administracion Embargos por Periodo/span_Administracion Embargos"), 0): Object 'Object Repository/1-OBJECTS TAREAS PRINCIPALES/Modulo Tarea Compensacion/Administracion Embargos por Periodo/span_Administracion Embargos' is visible

2022-04-29 10:37:53 - [MESSAGE][WARNING] - Timeout '0' is invalid. Using default page load timeout: '45'

2022-04-29 10:37:54 - [MESSAGE][PASSED] - Object 'Object Repository/1-OBJECTS TAREAS PRINCIPALES/Modulo Tarea Compensacion/Administracion Embargos por Periodo/span_Administracion Embargos' is visible

2022-04-29 10:37:54 - [TEST_STEP][PASSED] - click(findTestObject("1-OBJECTS TAREAS PRINCIPALES/Modulo Tarea Compensacion/Administracion Embargos por Periodo/span_Administracion Embargos")): Object: 'Object Repository/1-OBJECTS TAREAS PRINCIPALES/Modulo Tarea Compensacion/Administracion Embargos por Periodo/span_Administracion Embargos' is clicked on

2022-04-29 10:37:54 - [MESSAGE][PASSED] - Object: 'Object Repository/1-OBJECTS TAREAS PRINCIPALES/Modulo Tarea Compensacion/Administracion Embargos por Periodo/span_Administracion Embargos' is clicked on

2022-04-29 10:37:54 - [TEST_STEP][PASSED] - click(findTestObject("1-OBJECTS TAREAS PRINCIPALES/Modulo Tarea Compensacion/Administracion Embargos por Periodo/span_Generacin Por Periodos")): Object: 'Object Repository/1-OBJECTS TAREAS PRINCIPALES/Modulo Tarea Compensacion/Administracion Embargos por Periodo/span_Generacin Por Periodos' is clicked on

2022-04-29 10:37:55 - [MESSAGE][PASSED] - Object: 'Object Repository/1-OBJECTS TAREAS PRINCIPALES/Modulo Tarea Compensacion/Administracion Embargos por Periodo/span_Generacin Por Periodos' is clicked on

2022-04-29 10:37:55 - [TEST_STEP][PASSED] - waitForElementClickable(findTestObject("1-OBJECTS TAREAS PRINCIPALES/Modulo Tarea Compensacion/Administracion Embargos por Periodo/input_BANCO AGRARIO_banco_agra"), 0): Object 'Object Repository/1-OBJECTS TAREAS PRINCIPALES/Modulo Tarea Compensacion/Administracion Embargos por Periodo/input_BANCO AGRARIO_banco_agra' is clickable

2022-04-29 10:37:55 - [MESSAGE][WARNING] - Timeout '0' is invalid. Using default page load timeout: '45'

2022-04-29 10:37:56 - [MESSAGE][PASSED] - Object 'Object Repository/1-OBJECTS TAREAS PRINCIPALES/Modulo Tarea Compensacion/Administracion Embargos por Periodo/input_BANCO AGRARIO_banco_agra' is clickable

2022-04-29 10:37:56 - [TEST_STEP][PASSED] - click(findTestObject("1-OBJECTS TAREAS PRINCIPALES/Modulo Tarea Compensacion/Administracion Embargos por Periodo/input_BANCO AGRARIO_banco_agra")): Object: 'Object Repository/1-OBJECTS TAREAS PRINCIPALES/Modulo Tarea Compensacion/Administracion Embargos por Periodo/input_BANCO AGRARIO_banco_agra' is clicked on

2022-04-29 10:37:56 - [MESSAGE][PASSED] - Object: 'Object Repository/1-OBJECTS TAREAS PRINCIPALES/Modulo Tarea Compensacion/Administracion Embargos por Periodo/input_BANCO AGRARIO_banco_agra' is clicked on

2022-04-29 10:37:56 - [TEST_STEP][PASSED] - waitForElementClickable(findTestObject("1-OBJECTS TAREAS PRINCIPALES/Modulo Tarea Compensacion/Administracion Embargos por Periodo/a_Periodo_banco_agrario_t302"), 0): Object 'Object Repository/1-OBJECTS TAREAS PRINCIPALES/Modulo Tarea Compensacion/Administracion Embargos por Periodo/a_Periodo_banco_agrario_t302' is clickable

2022-04-29 10:37:56 - [MESSAGE][WARNING] - Timeout '0' is invalid. Using default page load timeout: '45'

2022-04-29 10:37:57 - [MESSAGE][PASSED] - Object 'Object Repository/1-OBJECTS TAREAS PRINCIPALES/Modulo Tarea Compensacion/Administracion Embargos por Periodo/a_Periodo_banco_agrario_t302' is clickable

2022-04-29 10:37:57 - [TEST_STEP][PASSED] - click(findTestObject("1-OBJECTS TAREAS PRINCIPALES/Modulo Tarea Compensacion/Administracion Embargos por Periodo/a_Periodo_banco_agrario_t302")): Object: 'Object Repository/1-OBJECTS TAREAS PRINCIPALES/Modulo Tarea Compensacion/Administracion Embargos por Periodo/a_Periodo_banco_agrario_t302' is clicked on

2022-04-29 10:37:57 - [MESSAGE][PASSED] - Object: 'Object Repository/1-OBJECTS TAREAS PRINCIPALES/Modulo Tarea Compensacion/Administracion Embargos por Periodo/a_Periodo_banco_agrario_t302' is clicked on

2022-04-29 10:37:57 - [TEST_STEP][PASSED] - waitForElementClickable(findTestObject("1-OBJECTS TAREAS PRINCIPALES/Modulo Tarea Compensacion/Administracion Embargos por Periodo/span_Mensual Noviembre"), 0): Object 'Object Repository/1-OBJECTS TAREAS PRINCIPALES/Modulo Tarea Compensacion/Administracion Embargos por Periodo/span_Mensual Noviembre' is clickable

2022-04-29 10:37:57 - [MESSAGE][WARNING] - Timeout '0' is invalid. Using default page load timeout: '45'

2022-04-29 10:37:58 - [MESSAGE][PASSED] - Object 'Object Repository/1-OBJECTS TAREAS PRINCIPALES/Modulo Tarea Compensacion/Administracion Embargos por Periodo/span_Mensual Noviembre' is clickable

2022-04-29 10:37:58 - [TEST_STEP][PASSED] - click(findTestObject("1-OBJECTS TAREAS PRINCIPALES/Modulo Tarea Compensacion/Administracion Embargos por Periodo/span_Mensual Noviembre")): Object: 'Object Repository/1-OBJECTS TAREAS PRINCIPALES/Modulo Tarea Compensacion/Administracion Embargos por Periodo/span_Mensual Noviembre' is clicked on

2022-04-29 10:37:59 - [MESSAGE][PASSED] - Object: 'Object Repository/1-OBJECTS TAREAS PRINCIPALES/Modulo Tarea Compensacion/Administracion Embargos por Periodo/span_Mensual Noviembre' is clicked on

2022-04-29 10:37:59 - [TEST_STEP][PASSED] - waitForElementClickable(findTestObject("1-OBJECTS TAREAS PRINCIPALES/Modulo Tarea Compensacion/Administracion Embargos por Periodo/span_Generar"), 0): Object 'Object Repository/1-OBJECTS TAREAS PRINCIPALES/Modulo Tarea Compensacion/Administracion Embargos por Periodo/span_Generar' is clickable

2022-04-29 10:37:59 - [MESSAGE][WARNING] - Timeout '0' is invalid. Using default page load timeout: '45'

2022-04-29 10:37:59 - [MESSAGE][PASSED] - Object 'Object Repository/1-OBJECTS TAREAS PRINCIPALES/Modulo Tarea Compensacion/Administracion Embargos por Periodo/span_Generar' is clickable

2022-04-29 10:37:59 - [TEST_STEP][PASSED] - click(findTestObject("1-OBJECTS TAREAS PRINCIPALES/Modulo Tarea Compensacion/Administracion Embargos por Periodo/span_Generar")): Object: 'Object Repository/1-OBJECTS TAREAS PRINCIPALES/Modulo Tarea Compensacion/Administracion Embargos por Periodo/span_Generar' is clicked on

2022-04-29 10:38:00 - [MESSAGE][PASSED] - Object: 'Object Repository/1-OBJECTS TAREAS PRINCIPALES/Modulo Tarea Compensacion/Administracion Embargos por Periodo/span_Generar' is clicked on

2022-04-29 10:38:00 - [TEST_STEP][PASSED] - waitForElementClickable(findTestObject("1-OBJECTS TAREAS PRINCIPALES/Modulo Tarea Compensacion/Administracion Embargos por Periodo/span_Archivo"), 0): Object 'Object Repository/1-OBJECTS TAREAS PRINCIPALES/Modulo Tarea Compensacion/Administracion Embargos por Periodo/span_Archivo' is clickable

2022-04-29 10:38:00 - [MESSAGE][WARNING] - Timeout '0' is invalid. Using default page load timeout: '45'

2022-04-29 10:38:00 - [MESSAGE][PASSED] - Object 'Object Repository/1-OBJECTS TAREAS PRINCIPALES/Modulo Tarea Compensacion/Administracion Embargos por Periodo/span_Archivo' is clickable

2022-04-29 10:38:00 - [TEST_STEP][PASSED] - click(findTestObject("1-OBJECTS TAREAS PRINCIPALES/Modulo Tarea Compensacion/Administracion Embargos por Periodo/span_Archivo")): Object: 'Object Repository/1-OBJECTS TAREAS PRINCIPALES/Modulo Tarea Compensacion/Administracion Embargos por Periodo/span_Archivo' is clicked on

2022-04-29 10:38:01 - [MESSAGE][PASSED] - Object: 'Object Repository/1-OBJECTS TAREAS PRINCIPALES/Modulo Tarea Compensacion/Administracion Embargos por Periodo/span_Archivo' is clicked on

2022-04-29 10:38:01 - [TEST_STEP][PASSED] - click(findTestObject("1-OBJECTS TAREAS PRINCIPALES/Modulo Tarea Compensacion/Administracion Embargos por Periodo/span_Si")): Object: 'Object Repository/1-OBJECTS TAREAS PRINCIPALES/Modulo Tarea Compensacion/Administracion Embargos por Periodo/span_Si' is clicked on

2022-04-29 10:38:01 - [MESSAGE][PASSED] - Object: 'Object Repository/1-OBJECTS TAREAS PRINCIPALES/Modulo Tarea Compensacion/Administracion Embargos por Periodo/span_Si' is clicked on

2022-04-29 10:38:01 - [MESSAGE][PASSED] - Call Test Case 'Test Cases/Utilidades-(atajos_para _tareas)/Tareas Administracion Compensacion/Administracion embargos por Periodos' successfully

2022-04-29 10:38:01 - [TEST_STEP][PASSED] - closeBrowser(): Browser is closed

2022-04-29 10:38:02 - [MESSAGE][PASSED] - Browser is closed]]></system-out>
         <system-err><![CDATA[]]></system-err>
      </testcase>
      <testcase name="Test Cases/1.1-Tareas Principales/1.5.2-Liquidacion Entidad Externa" time="25.469" classname="Test Cases/1.1-Tareas Principales/1.5.2-Liquidacion Entidad Externa" status="PASSED">
         <system-out><![CDATA[2022-04-29 10:38:02 - [TEST_CASE][PASSED] - Test Cases/1.1-Tareas Principales/1.5.2-Liquidacion Entidad Externa: Test Cases/1.1-Tareas Principales/1.5.2-Liquidacion Entidad Externa

2022-04-29 10:38:02 - [TEST_STEP][PASSED] - callTestCase(findTestCase("Utilidades-(atajos_para _tareas)/Modulos/Modulo Administracion Compensacion"), [:], STOP_ON_FAILURE): Call Test Case 'Test Cases/Utilidades-(atajos_para _tareas)/Modulos/Modulo Administracion Compensacion' successfully

2022-04-29 10:38:02 - [TEST_CASE][PASSED] - Test Cases/Utilidades-(atajos_para _tareas)/Modulos/Modulo Administracion Compensacion: Test Cases/Utilidades-(atajos_para _tareas)/Modulos/Modulo Administracion Compensacion

2022-04-29 10:38:02 - [TEST_STEP][PASSED] - callTestCase(findTestCase("0.1-Login"), [:], STOP_ON_FAILURE): Call Test Case 'Test Cases/0.1-Login' successfully

2022-04-29 10:38:03 - [TEST_CASE][PASSED] - Test Cases/0.1-Login: Test Cases/0.1-Login

2022-04-29 10:38:03 - [TEST_STEP][PASSED] - openBrowser(""): Browser is opened with url: ''

2022-04-29 10:38:03 - [MESSAGE][INFO] - Starting 'Chrome' driver

2022-04-29 10:38:03 - [MESSAGE][INFO] - Action delay is set to 0 milliseconds

2022-04-29 10:38:04 - [MESSAGE][PASSED] - Browser is opened with url: ''

2022-04-29 10:38:04 - [TEST_STEP][PASSED] - maximizeWindow(): Current window maximized

2022-04-29 10:38:04 - [MESSAGE][PASSED] - Current window maximized

2022-04-29 10:38:04 - [TEST_STEP][PASSED] - i = G_Login: null

2022-04-29 10:38:04 - [TEST_STEP][PASSED] - url = new java.net.URL(i): null

2022-04-29 10:38:04 - [TEST_STEP][PASSED] - println("URL: " + url.toString()): null

2022-04-29 10:38:04 - [TEST_STEP][PASSED] - connection = url.openConnection(): null

2022-04-29 10:38:04 - [TEST_STEP][PASSED] - connection.setRequestMethod("GET"): null

2022-04-29 10:38:04 - [TEST_STEP][PASSED] - connection.setReadTimeout(2 * 1000): null

2022-04-29 10:38:04 - [TEST_STEP][PASSED] - try: null

2022-04-29 10:38:04 - [TEST_STEP][PASSED] - connection.connect(): null

2022-04-29 10:38:04 - [TEST_STEP][PASSED] - flag = connected: null

2022-04-29 10:38:04 - [TEST_STEP][PASSED] - println("Valor_ori: " + flag): null

2022-04-29 10:38:04 - [TEST_STEP][PASSED] - if (flag): null

2022-04-29 10:38:04 - [TEST_STEP][PASSED] - navigateToUrl(i): Navigate to 'http://192.168.2.19:8380/saraweb' successfully

2022-04-29 10:38:04 - [MESSAGE][PASSED] - Navigate to 'http://192.168.2.19:8380/saraweb' successfully

2022-04-29 10:38:04 - [TEST_STEP][PASSED] - a(): null

2022-04-29 10:38:04 - [TEST_STEP][PASSED] - setText(findTestObject("3-OBJECTS UTILIDADES/Login/input_USUARIO_loginusuario"), G_Usuario): Text 'saraadmin' is set on object 'Object Repository/3-OBJECTS UTILIDADES/Login/input_USUARIO_loginusuario'

2022-04-29 10:38:05 - [MESSAGE][PASSED] - Text 'saraadmin' is set on object 'Object Repository/3-OBJECTS UTILIDADES/Login/input_USUARIO_loginusuario'

2022-04-29 10:38:05 - [TEST_STEP][PASSED] - setEncryptedText(findTestObject("3-OBJECTS UTILIDADES/Login/input_CLAVE_loginpassword"), "MkG4/TYiCFC3cb2driP7+Q=="): Text ****** has been set on object 'Object Repository/3-OBJECTS UTILIDADES/Login/input_CLAVE_loginpassword'

2022-04-29 10:38:06 - [MESSAGE][PASSED] - Text ****** has been set on object 'Object Repository/3-OBJECTS UTILIDADES/Login/input_CLAVE_loginpassword'

2022-04-29 10:38:06 - [TEST_STEP][PASSED] - waitForElementClickable(findTestObject("3-OBJECTS UTILIDADES/Login/a_Ingresar"), G_TimeOut): Object 'Object Repository/3-OBJECTS UTILIDADES/Login/a_Ingresar' is clickable

2022-04-29 10:38:06 - [MESSAGE][PASSED] - Object 'Object Repository/3-OBJECTS UTILIDADES/Login/a_Ingresar' is clickable

2022-04-29 10:38:06 - [TEST_STEP][PASSED] - click(findTestObject("3-OBJECTS UTILIDADES/Login/a_Ingresar")): Object: 'Object Repository/3-OBJECTS UTILIDADES/Login/a_Ingresar' is clicked on

2022-04-29 10:38:07 - [MESSAGE][PASSED] - Object: 'Object Repository/3-OBJECTS UTILIDADES/Login/a_Ingresar' is clicked on

2022-04-29 10:38:07 - [TEST_STEP][PASSED] - element = findWebElement(findTestObject("3-OBJECTS UTILIDADES/Login/a_Ir"), 30): null

2022-04-29 10:38:08 - [TEST_STEP][PASSED] - executeJavaScript("arguments[0].click()", Arrays.asList(element)): Execute JavaScript 'arguments[0].click()' successfully

2022-04-29 10:38:08 - [MESSAGE][PASSED] - Execute JavaScript 'arguments[0].click()' successfully

2022-04-29 10:38:08 - [MESSAGE][PASSED] - Call Test Case 'Test Cases/0.1-Login' successfully

2022-04-29 10:38:08 - [TEST_STEP][PASSED] - waitForElementVisible(findTestObject("3-OBJECTS UTILIDADES/Modulo Administracion Compensacion/span_Administracin Compensacin"), 0): Object 'Object Repository/3-OBJECTS UTILIDADES/Modulo Administracion Compensacion/span_Administracin Compensacin' is visible

2022-04-29 10:38:08 - [MESSAGE][WARNING] - Timeout '0' is invalid. Using default page load timeout: '45'

2022-04-29 10:38:09 - [MESSAGE][PASSED] - Object 'Object Repository/3-OBJECTS UTILIDADES/Modulo Administracion Compensacion/span_Administracin Compensacin' is visible

2022-04-29 10:38:09 - [TEST_STEP][PASSED] - click(findTestObject("3-OBJECTS UTILIDADES/Modulo Administracion Compensacion/span_Administracin Compensacin")): Object: 'Object Repository/3-OBJECTS UTILIDADES/Modulo Administracion Compensacion/span_Administracin Compensacin' is clicked on

2022-04-29 10:38:09 - [MESSAGE][PASSED] - Object: 'Object Repository/3-OBJECTS UTILIDADES/Modulo Administracion Compensacion/span_Administracin Compensacin' is clicked on

2022-04-29 10:38:09 - [MESSAGE][PASSED] - Call Test Case 'Test Cases/Utilidades-(atajos_para _tareas)/Modulos/Modulo Administracion Compensacion' successfully

2022-04-29 10:38:09 - [TEST_STEP][PASSED] - waitForElementClickable(findTestObject("1-OBJECTS TAREAS PRINCIPALES/Modulo Tarea Compensacion/Liquidacion Entidad Externa/input_Ir_nav_t66_input"), 0): Object 'Object Repository/1-OBJECTS TAREAS PRINCIPALES/Modulo Tarea Compensacion/Liquidacion Entidad Externa/input_Ir_nav_t66_input' is clickable

2022-04-29 10:38:09 - [MESSAGE][WARNING] - Timeout '0' is invalid. Using default page load timeout: '45'

2022-04-29 10:38:10 - [MESSAGE][PASSED] - Object 'Object Repository/1-OBJECTS TAREAS PRINCIPALES/Modulo Tarea Compensacion/Liquidacion Entidad Externa/input_Ir_nav_t66_input' is clickable

2022-04-29 10:38:10 - [TEST_STEP][PASSED] - setText(findTestObject("1-OBJECTS TAREAS PRINCIPALES/Modulo Tarea Compensacion/Liquidacion Entidad Externa/input_Ir_nav_t66_input"), "Liquidacion Entidad Externa (com)"): Text 'Liquidacion Entidad Externa (com)' is set on object 'Object Repository/1-OBJECTS TAREAS PRINCIPALES/Modulo Tarea Compensacion/Liquidacion Entidad Externa/input_Ir_nav_t66_input'

2022-04-29 10:38:10 - [MESSAGE][PASSED] - Text 'Liquidacion Entidad Externa (com)' is set on object 'Object Repository/1-OBJECTS TAREAS PRINCIPALES/Modulo Tarea Compensacion/Liquidacion Entidad Externa/input_Ir_nav_t66_input'

2022-04-29 10:38:10 - [TEST_STEP][PASSED] - waitForElementVisible(findTestObject("1-OBJECTS TAREAS PRINCIPALES/Modulo Tarea Compensacion/Liquidacion Entidad Externa/span_Liquidacion Entidad Externa (com)"), 0): Object 'Object Repository/1-OBJECTS TAREAS PRINCIPALES/Modulo Tarea Compensacion/Liquidacion Entidad Externa/span_Liquidacion Entidad Externa (com)' is visible

2022-04-29 10:38:10 - [MESSAGE][WARNING] - Timeout '0' is invalid. Using default page load timeout: '45'

2022-04-29 10:38:12 - [MESSAGE][PASSED] - Object 'Object Repository/1-OBJECTS TAREAS PRINCIPALES/Modulo Tarea Compensacion/Liquidacion Entidad Externa/span_Liquidacion Entidad Externa (com)' is visible

2022-04-29 10:38:12 - [TEST_STEP][PASSED] - click(findTestObject("1-OBJECTS TAREAS PRINCIPALES/Modulo Tarea Compensacion/Liquidacion Entidad Externa/span_Liquidacion Entidad Externa (com)")): Object: 'Object Repository/1-OBJECTS TAREAS PRINCIPALES/Modulo Tarea Compensacion/Liquidacion Entidad Externa/span_Liquidacion Entidad Externa (com)' is clicked on

2022-04-29 10:38:12 - [MESSAGE][PASSED] - Object: 'Object Repository/1-OBJECTS TAREAS PRINCIPALES/Modulo Tarea Compensacion/Liquidacion Entidad Externa/span_Liquidacion Entidad Externa (com)' is clicked on

2022-04-29 10:38:12 - [TEST_STEP][PASSED] - click(findTestObject("1-OBJECTS TAREAS PRINCIPALES/Modulo Tarea Compensacion/Liquidacion Entidad Externa/span_Traer")): Object: 'Object Repository/1-OBJECTS TAREAS PRINCIPALES/Modulo Tarea Compensacion/Liquidacion Entidad Externa/span_Traer' is clicked on

2022-04-29 10:38:13 - [MESSAGE][PASSED] - Object: 'Object Repository/1-OBJECTS TAREAS PRINCIPALES/Modulo Tarea Compensacion/Liquidacion Entidad Externa/span_Traer' is clicked on

2022-04-29 10:38:13 - [TEST_STEP][PASSED] - selectOptionByIndex(findTestObject("1-OBJECTS TAREAS PRINCIPALES/Modulo Tarea Compensacion/Liquidacion Entidad Externa/select_--Seleccione--APORTE AF"), "1", STOP_ON_FAILURE): All options with index in [1] are selected on object 'Object Repository/1-OBJECTS TAREAS PRINCIPALES/Modulo Tarea Compensacion/Liquidacion Entidad Externa/select_--Seleccione--APORTE AF'

2022-04-29 10:38:14 - [MESSAGE][PASSED] - All options with index in [1] are selected on object 'Object Repository/1-OBJECTS TAREAS PRINCIPALES/Modulo Tarea Compensacion/Liquidacion Entidad Externa/select_--Seleccione--APORTE AF'

2022-04-29 10:38:14 - [TEST_STEP][PASSED] - setText(findTestObject("1-OBJECTS TAREAS PRINCIPALES/Modulo Tarea Compensacion/Liquidacion Entidad Externa/input_Fecha_form_popUpTraeLiqu"), "31/01/2019"): Text '31/01/2019' is set on object 'Object Repository/1-OBJECTS TAREAS PRINCIPALES/Modulo Tarea Compensacion/Liquidacion Entidad Externa/input_Fecha_form_popUpTraeLiqu'

2022-04-29 10:38:16 - [MESSAGE][PASSED] - Text '31/01/2019' is set on object 'Object Repository/1-OBJECTS TAREAS PRINCIPALES/Modulo Tarea Compensacion/Liquidacion Entidad Externa/input_Fecha_form_popUpTraeLiqu'

2022-04-29 10:38:16 - [TEST_STEP][PASSED] - sendKeys(findTestObject("1-OBJECTS TAREAS PRINCIPALES/Modulo Tarea Compensacion/Liquidacion Entidad Externa/input_Fecha_form_popUpTraeLiqu"), Keys.chord(ENTER)): Keys 'ENTER + ' sent to object: 'Object Repository/1-OBJECTS TAREAS PRINCIPALES/Modulo Tarea Compensacion/Liquidacion Entidad Externa/input_Fecha_form_popUpTraeLiqu'

2022-04-29 10:38:16 - [MESSAGE][PASSED] - Keys 'ENTER + ' sent to object: 'Object Repository/1-OBJECTS TAREAS PRINCIPALES/Modulo Tarea Compensacion/Liquidacion Entidad Externa/input_Fecha_form_popUpTraeLiqu'

2022-04-29 10:38:16 - [TEST_STEP][PASSED] - click(findTestObject("1-OBJECTS TAREAS PRINCIPALES/Modulo Tarea Compensacion/Liquidacion Entidad Externa/a_Aplicar")): Object: 'Object Repository/1-OBJECTS TAREAS PRINCIPALES/Modulo Tarea Compensacion/Liquidacion Entidad Externa/a_Aplicar' is clicked on

2022-04-29 10:38:16 - [MESSAGE][PASSED] - Object: 'Object Repository/1-OBJECTS TAREAS PRINCIPALES/Modulo Tarea Compensacion/Liquidacion Entidad Externa/a_Aplicar' is clicked on

2022-04-29 10:38:16 - [TEST_STEP][PASSED] - click(findTestObject("1-OBJECTS TAREAS PRINCIPALES/Modulo Tarea Compensacion/Liquidacion Entidad Externa/input_Sucursal_liquidacionesEn")): Object: 'Object Repository/1-OBJECTS TAREAS PRINCIPALES/Modulo Tarea Compensacion/Liquidacion Entidad Externa/input_Sucursal_liquidacionesEn' is clicked on

2022-04-29 10:38:17 - [MESSAGE][PASSED] - Object: 'Object Repository/1-OBJECTS TAREAS PRINCIPALES/Modulo Tarea Compensacion/Liquidacion Entidad Externa/input_Sucursal_liquidacionesEn' is clicked on

2022-04-29 10:38:17 - [TEST_STEP][PASSED] - waitForElementClickable(findTestObject("1-OBJECTS TAREAS PRINCIPALES/Modulo Tarea Compensacion/Liquidacion Entidad Externa/span_Liquidar"), 0): Object 'Object Repository/1-OBJECTS TAREAS PRINCIPALES/Modulo Tarea Compensacion/Liquidacion Entidad Externa/span_Liquidar' is clickable

2022-04-29 10:38:17 - [MESSAGE][WARNING] - Timeout '0' is invalid. Using default page load timeout: '45'

2022-04-29 10:38:18 - [MESSAGE][PASSED] - Object 'Object Repository/1-OBJECTS TAREAS PRINCIPALES/Modulo Tarea Compensacion/Liquidacion Entidad Externa/span_Liquidar' is clickable

2022-04-29 10:38:18 - [TEST_STEP][PASSED] - click(findTestObject("1-OBJECTS TAREAS PRINCIPALES/Modulo Tarea Compensacion/Liquidacion Entidad Externa/span_Liquidar")): Object: 'Object Repository/1-OBJECTS TAREAS PRINCIPALES/Modulo Tarea Compensacion/Liquidacion Entidad Externa/span_Liquidar' is clicked on

2022-04-29 10:38:18 - [MESSAGE][PASSED] - Object: 'Object Repository/1-OBJECTS TAREAS PRINCIPALES/Modulo Tarea Compensacion/Liquidacion Entidad Externa/span_Liquidar' is clicked on

2022-04-29 10:38:18 - [TEST_STEP][PASSED] - click(findTestObject("1-OBJECTS TAREAS PRINCIPALES/Modulo Tarea Compensacion/Liquidacion Entidad Externa/a_Generar")): Object: 'Object Repository/1-OBJECTS TAREAS PRINCIPALES/Modulo Tarea Compensacion/Liquidacion Entidad Externa/a_Generar' is clicked on

2022-04-29 10:38:19 - [MESSAGE][PASSED] - Object: 'Object Repository/1-OBJECTS TAREAS PRINCIPALES/Modulo Tarea Compensacion/Liquidacion Entidad Externa/a_Generar' is clicked on

2022-04-29 10:38:19 - [TEST_STEP][PASSED] - click(findTestObject("1-OBJECTS TAREAS PRINCIPALES/Modulo Tarea Compensacion/Liquidacion Entidad Externa/a_Continuar")): Object: 'Object Repository/1-OBJECTS TAREAS PRINCIPALES/Modulo Tarea Compensacion/Liquidacion Entidad Externa/a_Continuar' is clicked on

2022-04-29 10:38:23 - [MESSAGE][PASSED] - Object: 'Object Repository/1-OBJECTS TAREAS PRINCIPALES/Modulo Tarea Compensacion/Liquidacion Entidad Externa/a_Continuar' is clicked on

2022-04-29 10:38:23 - [TEST_STEP][PASSED] - click(findTestObject("1-OBJECTS TAREAS PRINCIPALES/Modulo Tarea Compensacion/Liquidacion Entidad Externa/span_Imprimir")): Object: 'Object Repository/1-OBJECTS TAREAS PRINCIPALES/Modulo Tarea Compensacion/Liquidacion Entidad Externa/span_Imprimir' is clicked on

2022-04-29 10:38:23 - [MESSAGE][PASSED] - Object: 'Object Repository/1-OBJECTS TAREAS PRINCIPALES/Modulo Tarea Compensacion/Liquidacion Entidad Externa/span_Imprimir' is clicked on

2022-04-29 10:38:23 - [TEST_STEP][PASSED] - click(findTestObject("1-OBJECTS TAREAS PRINCIPALES/Modulo Tarea Compensacion/Liquidacion Entidad Externa/input_Csv_form_popupSeleccionR")): Object: 'Object Repository/1-OBJECTS TAREAS PRINCIPALES/Modulo Tarea Compensacion/Liquidacion Entidad Externa/input_Csv_form_popupSeleccionR' is clicked on

2022-04-29 10:38:24 - [MESSAGE][PASSED] - Object: 'Object Repository/1-OBJECTS TAREAS PRINCIPALES/Modulo Tarea Compensacion/Liquidacion Entidad Externa/input_Csv_form_popupSeleccionR' is clicked on

2022-04-29 10:38:24 - [TEST_STEP][PASSED] - click(findTestObject("1-OBJECTS TAREAS PRINCIPALES/Modulo Tarea Compensacion/Liquidacion Entidad Externa/a_Generar")): Object: 'Object Repository/1-OBJECTS TAREAS PRINCIPALES/Modulo Tarea Compensacion/Liquidacion Entidad Externa/a_Generar' is clicked on

2022-04-29 10:38:24 - [MESSAGE][PASSED] - Object: 'Object Repository/1-OBJECTS TAREAS PRINCIPALES/Modulo Tarea Compensacion/Liquidacion Entidad Externa/a_Generar' is clicked on

2022-04-29 10:38:24 - [TEST_STEP][PASSED] - waitForElementClickable(findTestObject("1-OBJECTS TAREAS PRINCIPALES/Modulo Tarea Compensacion/Liquidacion Entidad Externa/a_Descargar"), 0): Object 'Object Repository/1-OBJECTS TAREAS PRINCIPALES/Modulo Tarea Compensacion/Liquidacion Entidad Externa/a_Descargar' is clickable

2022-04-29 10:38:24 - [MESSAGE][WARNING] - Timeout '0' is invalid. Using default page load timeout: '45'

2022-04-29 10:38:26 - [MESSAGE][PASSED] - Object 'Object Repository/1-OBJECTS TAREAS PRINCIPALES/Modulo Tarea Compensacion/Liquidacion Entidad Externa/a_Descargar' is clickable

2022-04-29 10:38:26 - [TEST_STEP][PASSED] - click(findTestObject("1-OBJECTS TAREAS PRINCIPALES/Modulo Tarea Compensacion/Liquidacion Entidad Externa/a_Descargar")): Object: 'Object Repository/1-OBJECTS TAREAS PRINCIPALES/Modulo Tarea Compensacion/Liquidacion Entidad Externa/a_Descargar' is clicked on

2022-04-29 10:38:26 - [MESSAGE][PASSED] - Object: 'Object Repository/1-OBJECTS TAREAS PRINCIPALES/Modulo Tarea Compensacion/Liquidacion Entidad Externa/a_Descargar' is clicked on

2022-04-29 10:38:26 - [TEST_STEP][PASSED] - click(findTestObject("1-OBJECTS TAREAS PRINCIPALES/Modulo Tarea Compensacion/Liquidacion Entidad Externa/a_Descargar")): Object: 'Object Repository/1-OBJECTS TAREAS PRINCIPALES/Modulo Tarea Compensacion/Liquidacion Entidad Externa/a_Descargar' is clicked on

2022-04-29 10:38:27 - [MESSAGE][PASSED] - Object: 'Object Repository/1-OBJECTS TAREAS PRINCIPALES/Modulo Tarea Compensacion/Liquidacion Entidad Externa/a_Descargar' is clicked on

2022-04-29 10:38:27 - [TEST_STEP][PASSED] - closeBrowser(): Browser is closed

2022-04-29 10:38:28 - [MESSAGE][PASSED] - Browser is closed]]></system-out>
         <system-err><![CDATA[]]></system-err>
      </testcase>
      <testcase name="Test Cases/1.1-Tareas Principales/1.5.3-Reporte Planilla" time="0.323" classname="Test Cases/1.1-Tareas Principales/1.5.3-Reporte Planilla" status="PASSED">
         <system-out><![CDATA[2022-04-29 10:38:28 - [TEST_CASE][PASSED] - Test Cases/1.1-Tareas Principales/1.5.3-Reporte Planilla: Test Cases/1.1-Tareas Principales/1.5.3-Reporte Planilla

2022-04-29 10:38:28 - [TEST_STEP][PASSED] - closeBrowser(): Browser is closed

2022-04-29 10:38:28 - [MESSAGE][PASSED] - Browser is closed]]></system-out>
         <system-err><![CDATA[]]></system-err>
      </testcase>
      <testcase name="Test Cases/1.1-Tareas Principales/1.5.4-Ejecutar Reporte Plantilla" time="176.221" classname="Test Cases/1.1-Tareas Principales/1.5.4-Ejecutar Reporte Plantilla" status="PASSED">
         <system-out><![CDATA[2022-04-29 10:38:28 - [TEST_CASE][PASSED] - Test Cases/1.1-Tareas Principales/1.5.4-Ejecutar Reporte Plantilla: Test Cases/1.1-Tareas Principales/1.5.4-Ejecutar Reporte Plantilla

2022-04-29 10:38:28 - [TEST_STEP][PASSED] - callTestCase(findTestCase("Utilidades-(atajos_para _tareas)/Modulos/Modulo Administracion Compensacion"), [:], STOP_ON_FAILURE): Call Test Case 'Test Cases/Utilidades-(atajos_para _tareas)/Modulos/Modulo Administracion Compensacion' successfully

2022-04-29 10:38:28 - [TEST_CASE][PASSED] - Test Cases/Utilidades-(atajos_para _tareas)/Modulos/Modulo Administracion Compensacion: Test Cases/Utilidades-(atajos_para _tareas)/Modulos/Modulo Administracion Compensacion

2022-04-29 10:38:28 - [TEST_STEP][PASSED] - callTestCase(findTestCase("0.1-Login"), [:], STOP_ON_FAILURE): Call Test Case 'Test Cases/0.1-Login' successfully

2022-04-29 10:38:28 - [TEST_CASE][PASSED] - Test Cases/0.1-Login: Test Cases/0.1-Login

2022-04-29 10:38:28 - [TEST_STEP][PASSED] - openBrowser(""): Browser is opened with url: ''

2022-04-29 10:38:28 - [MESSAGE][INFO] - Starting 'Chrome' driver

2022-04-29 10:38:28 - [MESSAGE][INFO] - Action delay is set to 0 milliseconds

2022-04-29 10:38:30 - [MESSAGE][PASSED] - Browser is opened with url: ''

2022-04-29 10:38:30 - [TEST_STEP][PASSED] - maximizeWindow(): Current window maximized

2022-04-29 10:38:30 - [MESSAGE][PASSED] - Current window maximized

2022-04-29 10:38:30 - [TEST_STEP][PASSED] - i = G_Login: null

2022-04-29 10:38:30 - [TEST_STEP][PASSED] - url = new java.net.URL(i): null

2022-04-29 10:38:30 - [TEST_STEP][PASSED] - println("URL: " + url.toString()): null

2022-04-29 10:38:30 - [TEST_STEP][PASSED] - connection = url.openConnection(): null

2022-04-29 10:38:30 - [TEST_STEP][PASSED] - connection.setRequestMethod("GET"): null

2022-04-29 10:38:30 - [TEST_STEP][PASSED] - connection.setReadTimeout(2 * 1000): null

2022-04-29 10:38:30 - [TEST_STEP][PASSED] - try: null

2022-04-29 10:38:30 - [TEST_STEP][PASSED] - connection.connect(): null

2022-04-29 10:38:30 - [TEST_STEP][PASSED] - flag = connected: null

2022-04-29 10:38:30 - [TEST_STEP][PASSED] - println("Valor_ori: " + flag): null

2022-04-29 10:38:30 - [TEST_STEP][PASSED] - if (flag): null

2022-04-29 10:38:30 - [TEST_STEP][PASSED] - navigateToUrl(i): Navigate to 'http://192.168.2.19:8380/saraweb' successfully

2022-04-29 10:38:30 - [MESSAGE][PASSED] - Navigate to 'http://192.168.2.19:8380/saraweb' successfully

2022-04-29 10:38:30 - [TEST_STEP][PASSED] - a(): null

2022-04-29 10:38:30 - [TEST_STEP][PASSED] - setText(findTestObject("3-OBJECTS UTILIDADES/Login/input_USUARIO_loginusuario"), G_Usuario): Text 'saraadmin' is set on object 'Object Repository/3-OBJECTS UTILIDADES/Login/input_USUARIO_loginusuario'

2022-04-29 10:38:31 - [MESSAGE][PASSED] - Text 'saraadmin' is set on object 'Object Repository/3-OBJECTS UTILIDADES/Login/input_USUARIO_loginusuario'

2022-04-29 10:38:31 - [TEST_STEP][PASSED] - setEncryptedText(findTestObject("3-OBJECTS UTILIDADES/Login/input_CLAVE_loginpassword"), "MkG4/TYiCFC3cb2driP7+Q=="): Text ****** has been set on object 'Object Repository/3-OBJECTS UTILIDADES/Login/input_CLAVE_loginpassword'

2022-04-29 10:38:31 - [MESSAGE][PASSED] - Text ****** has been set on object 'Object Repository/3-OBJECTS UTILIDADES/Login/input_CLAVE_loginpassword'

2022-04-29 10:38:31 - [TEST_STEP][PASSED] - waitForElementClickable(findTestObject("3-OBJECTS UTILIDADES/Login/a_Ingresar"), G_TimeOut): Object 'Object Repository/3-OBJECTS UTILIDADES/Login/a_Ingresar' is clickable

2022-04-29 10:38:32 - [MESSAGE][PASSED] - Object 'Object Repository/3-OBJECTS UTILIDADES/Login/a_Ingresar' is clickable

2022-04-29 10:38:32 - [TEST_STEP][PASSED] - click(findTestObject("3-OBJECTS UTILIDADES/Login/a_Ingresar")): Object: 'Object Repository/3-OBJECTS UTILIDADES/Login/a_Ingresar' is clicked on

2022-04-29 10:38:33 - [MESSAGE][PASSED] - Object: 'Object Repository/3-OBJECTS UTILIDADES/Login/a_Ingresar' is clicked on

2022-04-29 10:38:33 - [TEST_STEP][PASSED] - element = findWebElement(findTestObject("3-OBJECTS UTILIDADES/Login/a_Ir"), 30): null

2022-04-29 10:38:33 - [TEST_STEP][PASSED] - executeJavaScript("arguments[0].click()", Arrays.asList(element)): Execute JavaScript 'arguments[0].click()' successfully

2022-04-29 10:38:33 - [MESSAGE][PASSED] - Execute JavaScript 'arguments[0].click()' successfully

2022-04-29 10:38:33 - [MESSAGE][PASSED] - Call Test Case 'Test Cases/0.1-Login' successfully

2022-04-29 10:38:33 - [TEST_STEP][PASSED] - waitForElementVisible(findTestObject("3-OBJECTS UTILIDADES/Modulo Administracion Compensacion/span_Administracin Compensacin"), 0): Object 'Object Repository/3-OBJECTS UTILIDADES/Modulo Administracion Compensacion/span_Administracin Compensacin' is visible

2022-04-29 10:38:33 - [MESSAGE][WARNING] - Timeout '0' is invalid. Using default page load timeout: '45'

2022-04-29 10:38:34 - [MESSAGE][PASSED] - Object 'Object Repository/3-OBJECTS UTILIDADES/Modulo Administracion Compensacion/span_Administracin Compensacin' is visible

2022-04-29 10:38:34 - [TEST_STEP][PASSED] - click(findTestObject("3-OBJECTS UTILIDADES/Modulo Administracion Compensacion/span_Administracin Compensacin")): Object: 'Object Repository/3-OBJECTS UTILIDADES/Modulo Administracion Compensacion/span_Administracin Compensacin' is clicked on

2022-04-29 10:38:34 - [MESSAGE][PASSED] - Object: 'Object Repository/3-OBJECTS UTILIDADES/Modulo Administracion Compensacion/span_Administracin Compensacin' is clicked on

2022-04-29 10:38:34 - [MESSAGE][PASSED] - Call Test Case 'Test Cases/Utilidades-(atajos_para _tareas)/Modulos/Modulo Administracion Compensacion' successfully

2022-04-29 10:38:34 - [TEST_STEP][PASSED] - waitForElementClickable(findTestObject("1-OBJECTS TAREAS PRINCIPALES/Modulo Tarea Compensacion/Ejecutar Reporte Planilla/input_Ir_nav_t66_input"), 0): Object 'Object Repository/1-OBJECTS TAREAS PRINCIPALES/Modulo Tarea Compensacion/Ejecutar Reporte Planilla/input_Ir_nav_t66_input' is clickable

2022-04-29 10:38:34 - [MESSAGE][WARNING] - Timeout '0' is invalid. Using default page load timeout: '45'

2022-04-29 10:38:35 - [MESSAGE][PASSED] - Object 'Object Repository/1-OBJECTS TAREAS PRINCIPALES/Modulo Tarea Compensacion/Ejecutar Reporte Planilla/input_Ir_nav_t66_input' is clickable

2022-04-29 10:38:35 - [TEST_STEP][PASSED] - setText(findTestObject("1-OBJECTS TAREAS PRINCIPALES/Modulo Tarea Compensacion/Ejecutar Reporte Planilla/input_Ir_nav_t66_input"), "Ejecutar Reporte Planilla (com)"): Text 'Ejecutar Reporte Planilla (com)' is set on object 'Object Repository/1-OBJECTS TAREAS PRINCIPALES/Modulo Tarea Compensacion/Ejecutar Reporte Planilla/input_Ir_nav_t66_input'

2022-04-29 10:38:36 - [MESSAGE][PASSED] - Text 'Ejecutar Reporte Planilla (com)' is set on object 'Object Repository/1-OBJECTS TAREAS PRINCIPALES/Modulo Tarea Compensacion/Ejecutar Reporte Planilla/input_Ir_nav_t66_input'

2022-04-29 10:38:36 - [TEST_STEP][PASSED] - waitForElementVisible(findTestObject("1-OBJECTS TAREAS PRINCIPALES/Modulo Tarea Compensacion/Ejecutar Reporte Planilla/Ejecutar Reporte Planilla (com)"), 0): Object 'Object Repository/1-OBJECTS TAREAS PRINCIPALES/Modulo Tarea Compensacion/Ejecutar Reporte Planilla/Ejecutar Reporte Planilla (com)' is visible

2022-04-29 10:38:36 - [MESSAGE][WARNING] - Timeout '0' is invalid. Using default page load timeout: '45'

2022-04-29 10:38:37 - [MESSAGE][PASSED] - Object 'Object Repository/1-OBJECTS TAREAS PRINCIPALES/Modulo Tarea Compensacion/Ejecutar Reporte Planilla/Ejecutar Reporte Planilla (com)' is visible

2022-04-29 10:38:37 - [TEST_STEP][PASSED] - click(findTestObject("1-OBJECTS TAREAS PRINCIPALES/Modulo Tarea Compensacion/Ejecutar Reporte Planilla/Ejecutar Reporte Planilla (com)")): Object: 'Object Repository/1-OBJECTS TAREAS PRINCIPALES/Modulo Tarea Compensacion/Ejecutar Reporte Planilla/Ejecutar Reporte Planilla (com)' is clicked on

2022-04-29 10:38:37 - [MESSAGE][PASSED] - Object: 'Object Repository/1-OBJECTS TAREAS PRINCIPALES/Modulo Tarea Compensacion/Ejecutar Reporte Planilla/Ejecutar Reporte Planilla (com)' is clicked on

2022-04-29 10:38:37 - [TEST_STEP][PASSED] - waitForElementClickable(findTestObject("1-OBJECTS TAREAS PRINCIPALES/Modulo Tarea Compensacion/Ejecutar Reporte Planilla/input_Actos Administrativos_ejecutarReporte"), 0): Object 'Object Repository/1-OBJECTS TAREAS PRINCIPALES/Modulo Tarea Compensacion/Ejecutar Reporte Planilla/input_Actos Administrativos_ejecutarReporte' is clickable

2022-04-29 10:38:37 - [MESSAGE][WARNING] - Timeout '0' is invalid. Using default page load timeout: '45'

2022-04-29 10:38:38 - [MESSAGE][PASSED] - Object 'Object Repository/1-OBJECTS TAREAS PRINCIPALES/Modulo Tarea Compensacion/Ejecutar Reporte Planilla/input_Actos Administrativos_ejecutarReporte' is clickable

2022-04-29 10:38:38 - [TEST_STEP][PASSED] - setText(findTestObject("1-OBJECTS TAREAS PRINCIPALES/Modulo Tarea Compensacion/Ejecutar Reporte Planilla/input_Actos Administrativos_ejecutarReporte"), "PNP - PAGO DE NOMINA"): Text 'PNP - PAGO DE NOMINA' is set on object 'Object Repository/1-OBJECTS TAREAS PRINCIPALES/Modulo Tarea Compensacion/Ejecutar Reporte Planilla/input_Actos Administrativos_ejecutarReporte'

2022-04-29 10:38:39 - [MESSAGE][PASSED] - Text 'PNP - PAGO DE NOMINA' is set on object 'Object Repository/1-OBJECTS TAREAS PRINCIPALES/Modulo Tarea Compensacion/Ejecutar Reporte Planilla/input_Actos Administrativos_ejecutarReporte'

2022-04-29 10:38:39 - [TEST_STEP][PASSED] - click(findTestObject("1-OBJECTS TAREAS PRINCIPALES/Modulo Tarea Compensacion/Ejecutar Reporte Planilla/a_Actos Administrativos_ejecutarReportePlanillaj_idt61")): Object: 'Object Repository/1-OBJECTS TAREAS PRINCIPALES/Modulo Tarea Compensacion/Ejecutar Reporte Planilla/a_Actos Administrativos_ejecutarReportePlanillaj_idt61' is clicked on

2022-04-29 10:38:39 - [MESSAGE][PASSED] - Object: 'Object Repository/1-OBJECTS TAREAS PRINCIPALES/Modulo Tarea Compensacion/Ejecutar Reporte Planilla/a_Actos Administrativos_ejecutarReportePlanillaj_idt61' is clicked on

2022-04-29 10:38:39 - [TEST_STEP][PASSED] - click(findTestObject("1-OBJECTS TAREAS PRINCIPALES/Modulo Tarea Compensacion/Ejecutar Reporte Planilla/a_Actos Administrativos_ejecutarReportePlanillaj_idt61")): Object: 'Object Repository/1-OBJECTS TAREAS PRINCIPALES/Modulo Tarea Compensacion/Ejecutar Reporte Planilla/a_Actos Administrativos_ejecutarReportePlanillaj_idt61' is clicked on

2022-04-29 10:38:40 - [MESSAGE][PASSED] - Object: 'Object Repository/1-OBJECTS TAREAS PRINCIPALES/Modulo Tarea Compensacion/Ejecutar Reporte Planilla/a_Actos Administrativos_ejecutarReportePlanillaj_idt61' is clicked on

2022-04-29 10:38:40 - [TEST_STEP][PASSED] - waitForElementClickable(findTestObject("1-OBJECTS TAREAS PRINCIPALES/Modulo Tarea Compensacion/Ejecutar Reporte Planilla/td_CNC- CONSOLIDADO PERIODO DE NOMINA POR LINEA CCOSTO"), 0): Object 'Object Repository/1-OBJECTS TAREAS PRINCIPALES/Modulo Tarea Compensacion/Ejecutar Reporte Planilla/td_CNC- CONSOLIDADO PERIODO DE NOMINA POR LINEA CCOSTO' is clickable

2022-04-29 10:38:40 - [MESSAGE][WARNING] - Timeout '0' is invalid. Using default page load timeout: '45'

2022-04-29 10:38:41 - [MESSAGE][PASSED] - Object 'Object Repository/1-OBJECTS TAREAS PRINCIPALES/Modulo Tarea Compensacion/Ejecutar Reporte Planilla/td_CNC- CONSOLIDADO PERIODO DE NOMINA POR LINEA CCOSTO' is clickable

2022-04-29 10:38:41 - [TEST_STEP][PASSED] - click(findTestObject("1-OBJECTS TAREAS PRINCIPALES/Modulo Tarea Compensacion/Ejecutar Reporte Planilla/td_CNC- CONSOLIDADO PERIODO DE NOMINA POR LINEA CCOSTO")): Object: 'Object Repository/1-OBJECTS TAREAS PRINCIPALES/Modulo Tarea Compensacion/Ejecutar Reporte Planilla/td_CNC- CONSOLIDADO PERIODO DE NOMINA POR LINEA CCOSTO' is clicked on

2022-04-29 10:38:41 - [MESSAGE][PASSED] - Object: 'Object Repository/1-OBJECTS TAREAS PRINCIPALES/Modulo Tarea Compensacion/Ejecutar Reporte Planilla/td_CNC- CONSOLIDADO PERIODO DE NOMINA POR LINEA CCOSTO' is clicked on

2022-04-29 10:38:41 - [TEST_STEP][PASSED] - waitForElementClickable(findTestObject("1-OBJECTS TAREAS PRINCIPALES/Modulo Tarea Compensacion/Ejecutar Reporte Planilla/a_Periodo Nomina_ejecutarRepor"), 0): Object 'Object Repository/1-OBJECTS TAREAS PRINCIPALES/Modulo Tarea Compensacion/Ejecutar Reporte Planilla/a_Periodo Nomina_ejecutarRepor' is clickable

2022-04-29 10:38:41 - [MESSAGE][WARNING] - Timeout '0' is invalid. Using default page load timeout: '45'

2022-04-29 10:38:42 - [MESSAGE][PASSED] - Object 'Object Repository/1-OBJECTS TAREAS PRINCIPALES/Modulo Tarea Compensacion/Ejecutar Reporte Planilla/a_Periodo Nomina_ejecutarRepor' is clickable

2022-04-29 10:38:42 - [TEST_STEP][PASSED] - click(findTestObject("1-OBJECTS TAREAS PRINCIPALES/Modulo Tarea Compensacion/Ejecutar Reporte Planilla/a_Periodo Nomina_ejecutarRepor")): Object: 'Object Repository/1-OBJECTS TAREAS PRINCIPALES/Modulo Tarea Compensacion/Ejecutar Reporte Planilla/a_Periodo Nomina_ejecutarRepor' is clicked on

2022-04-29 10:38:42 - [MESSAGE][PASSED] - Object: 'Object Repository/1-OBJECTS TAREAS PRINCIPALES/Modulo Tarea Compensacion/Ejecutar Reporte Planilla/a_Periodo Nomina_ejecutarRepor' is clicked on

2022-04-29 10:38:42 - [TEST_STEP][PASSED] - waitForElementClickable(findTestObject("1-OBJECTS TAREAS PRINCIPALES/Modulo Tarea Compensacion/Ejecutar Reporte Planilla/select_--  Seleccione  --Periodo CerradoPeriodo en Proceso"), 0): Object 'Object Repository/1-OBJECTS TAREAS PRINCIPALES/Modulo Tarea Compensacion/Ejecutar Reporte Planilla/select_--  Seleccione  --Periodo CerradoPeriodo en Proceso' is clickable

2022-04-29 10:38:42 - [MESSAGE][WARNING] - Timeout '0' is invalid. Using default page load timeout: '45'

2022-04-29 10:38:43 - [MESSAGE][PASSED] - Object 'Object Repository/1-OBJECTS TAREAS PRINCIPALES/Modulo Tarea Compensacion/Ejecutar Reporte Planilla/select_--  Seleccione  --Periodo CerradoPeriodo en Proceso' is clickable

2022-04-29 10:38:43 - [TEST_STEP][PASSED] - selectOptionByIndex(findTestObject("1-OBJECTS TAREAS PRINCIPALES/Modulo Tarea Compensacion/Ejecutar Reporte Planilla/select_--  Seleccione  --Periodo CerradoPeriodo en Proceso"), "2", STOP_ON_FAILURE): All options with index in [2] are selected on object 'Object Repository/1-OBJECTS TAREAS PRINCIPALES/Modulo Tarea Compensacion/Ejecutar Reporte Planilla/select_--  Seleccione  --Periodo CerradoPeriodo en Proceso'

2022-04-29 10:38:44 - [MESSAGE][PASSED] - All options with index in [2] are selected on object 'Object Repository/1-OBJECTS TAREAS PRINCIPALES/Modulo Tarea Compensacion/Ejecutar Reporte Planilla/select_--  Seleccione  --Periodo CerradoPeriodo en Proceso'

2022-04-29 10:38:44 - [TEST_STEP][PASSED] - waitForElementClickable(findTestObject("1-OBJECTS TAREAS PRINCIPALES/Modulo Tarea Compensacion/Ejecutar Reporte Planilla/span_P. MensualJunio2021"), 0): Object 'Object Repository/1-OBJECTS TAREAS PRINCIPALES/Modulo Tarea Compensacion/Ejecutar Reporte Planilla/span_P. MensualJunio2021' is clickable

2022-04-29 10:38:44 - [MESSAGE][WARNING] - Timeout '0' is invalid. Using default page load timeout: '45'

2022-04-29 10:38:44 - [MESSAGE][PASSED] - Object 'Object Repository/1-OBJECTS TAREAS PRINCIPALES/Modulo Tarea Compensacion/Ejecutar Reporte Planilla/span_P. MensualJunio2021' is clickable

2022-04-29 10:38:44 - [TEST_STEP][PASSED] - click(findTestObject("1-OBJECTS TAREAS PRINCIPALES/Modulo Tarea Compensacion/Ejecutar Reporte Planilla/span_P. MensualJunio2021")): Object: 'Object Repository/1-OBJECTS TAREAS PRINCIPALES/Modulo Tarea Compensacion/Ejecutar Reporte Planilla/span_P. MensualJunio2021' is clicked on

2022-04-29 10:38:45 - [MESSAGE][PASSED] - Object: 'Object Repository/1-OBJECTS TAREAS PRINCIPALES/Modulo Tarea Compensacion/Ejecutar Reporte Planilla/span_P. MensualJunio2021' is clicked on

2022-04-29 10:38:45 - [TEST_STEP][PASSED] - waitForElementClickable(findTestObject("1-OBJECTS TAREAS PRINCIPALES/Modulo Tarea Compensacion/Ejecutar Reporte Planilla/a_Aplicar"), 0): Object 'Object Repository/1-OBJECTS TAREAS PRINCIPALES/Modulo Tarea Compensacion/Ejecutar Reporte Planilla/a_Aplicar' is clickable

2022-04-29 10:38:45 - [MESSAGE][WARNING] - Timeout '0' is invalid. Using default page load timeout: '45'

2022-04-29 10:38:46 - [MESSAGE][PASSED] - Object 'Object Repository/1-OBJECTS TAREAS PRINCIPALES/Modulo Tarea Compensacion/Ejecutar Reporte Planilla/a_Aplicar' is clickable

2022-04-29 10:38:46 - [TEST_STEP][PASSED] - click(findTestObject("1-OBJECTS TAREAS PRINCIPALES/Modulo Tarea Compensacion/Ejecutar Reporte Planilla/a_Aplicar")): Object: 'Object Repository/1-OBJECTS TAREAS PRINCIPALES/Modulo Tarea Compensacion/Ejecutar Reporte Planilla/a_Aplicar' is clicked on

2022-04-29 10:38:46 - [MESSAGE][PASSED] - Object: 'Object Repository/1-OBJECTS TAREAS PRINCIPALES/Modulo Tarea Compensacion/Ejecutar Reporte Planilla/a_Aplicar' is clicked on

2022-04-29 10:38:46 - [TEST_STEP][PASSED] - waitForElementClickable(findTestObject("1-OBJECTS TAREAS PRINCIPALES/Modulo Tarea Compensacion/Ejecutar Reporte Planilla/span_Reporte_glyphicons glyphicons-article"), 0): Object 'Object Repository/1-OBJECTS TAREAS PRINCIPALES/Modulo Tarea Compensacion/Ejecutar Reporte Planilla/span_Reporte_glyphicons glyphicons-article' is clickable

2022-04-29 10:38:46 - [MESSAGE][WARNING] - Timeout '0' is invalid. Using default page load timeout: '45'

2022-04-29 10:38:47 - [MESSAGE][PASSED] - Object 'Object Repository/1-OBJECTS TAREAS PRINCIPALES/Modulo Tarea Compensacion/Ejecutar Reporte Planilla/span_Reporte_glyphicons glyphicons-article' is clickable

2022-04-29 10:38:47 - [TEST_STEP][PASSED] - click(findTestObject("1-OBJECTS TAREAS PRINCIPALES/Modulo Tarea Compensacion/Ejecutar Reporte Planilla/span_Reporte_glyphicons glyphicons-article")): Object: 'Object Repository/1-OBJECTS TAREAS PRINCIPALES/Modulo Tarea Compensacion/Ejecutar Reporte Planilla/span_Reporte_glyphicons glyphicons-article' is clicked on

2022-04-29 10:38:48 - [MESSAGE][PASSED] - Object: 'Object Repository/1-OBJECTS TAREAS PRINCIPALES/Modulo Tarea Compensacion/Ejecutar Reporte Planilla/span_Reporte_glyphicons glyphicons-article' is clicked on

2022-04-29 10:38:48 - [TEST_STEP][PASSED] - click(findTestObject("1-OBJECTS TAREAS PRINCIPALES/Modulo Tarea Compensacion/Ejecutar Reporte Planilla/label_xlsData")): Object: 'Object Repository/1-OBJECTS TAREAS PRINCIPALES/Modulo Tarea Compensacion/Ejecutar Reporte Planilla/label_xlsData' is clicked on

2022-04-29 10:38:48 - [MESSAGE][PASSED] - Object: 'Object Repository/1-OBJECTS TAREAS PRINCIPALES/Modulo Tarea Compensacion/Ejecutar Reporte Planilla/label_xlsData' is clicked on

2022-04-29 10:38:48 - [TEST_STEP][PASSED] - click(findTestObject("1-OBJECTS TAREAS PRINCIPALES/Modulo Tarea Compensacion/Ejecutar Reporte Planilla/a_Generar Reporte")): Object: 'Object Repository/1-OBJECTS TAREAS PRINCIPALES/Modulo Tarea Compensacion/Ejecutar Reporte Planilla/a_Generar Reporte' is clicked on

2022-04-29 10:38:49 - [MESSAGE][PASSED] - Object: 'Object Repository/1-OBJECTS TAREAS PRINCIPALES/Modulo Tarea Compensacion/Ejecutar Reporte Planilla/a_Generar Reporte' is clicked on

2022-04-29 10:38:49 - [TEST_STEP][PASSED] - waitForElementClickable(findTestObject("1-OBJECTS TAREAS PRINCIPALES/Modulo Tarea Compensacion/Ejecutar Reporte Planilla/a_Descargar"), 0): Object 'Object Repository/1-OBJECTS TAREAS PRINCIPALES/Modulo Tarea Compensacion/Ejecutar Reporte Planilla/a_Descargar' is clickable

2022-04-29 10:38:49 - [MESSAGE][WARNING] - Timeout '0' is invalid. Using default page load timeout: '45'

2022-04-29 10:38:54 - [MESSAGE][PASSED] - Object 'Object Repository/1-OBJECTS TAREAS PRINCIPALES/Modulo Tarea Compensacion/Ejecutar Reporte Planilla/a_Descargar' is clickable

2022-04-29 10:38:54 - [TEST_STEP][PASSED] - click(findTestObject("1-OBJECTS TAREAS PRINCIPALES/Modulo Tarea Compensacion/Ejecutar Reporte Planilla/a_Descargar")): Object: 'Object Repository/1-OBJECTS TAREAS PRINCIPALES/Modulo Tarea Compensacion/Ejecutar Reporte Planilla/a_Descargar' is clicked on

2022-04-29 10:38:55 - [MESSAGE][PASSED] - Object: 'Object Repository/1-OBJECTS TAREAS PRINCIPALES/Modulo Tarea Compensacion/Ejecutar Reporte Planilla/a_Descargar' is clicked on

2022-04-29 10:38:55 - [TEST_STEP][PASSED] - click(findTestObject("1-OBJECTS TAREAS PRINCIPALES/Modulo Tarea Compensacion/Ejecutar Reporte Planilla/a_Periodo Nomina_Cerrar")): Object: 'Object Repository/1-OBJECTS TAREAS PRINCIPALES/Modulo Tarea Compensacion/Ejecutar Reporte Planilla/a_Periodo Nomina_Cerrar' is clicked on

2022-04-29 10:38:55 - [MESSAGE][PASSED] - Object: 'Object Repository/1-OBJECTS TAREAS PRINCIPALES/Modulo Tarea Compensacion/Ejecutar Reporte Planilla/a_Periodo Nomina_Cerrar' is clicked on

2022-04-29 10:38:55 - [TEST_STEP][PASSED] - waitForElementClickable(findTestObject("1-OBJECTS TAREAS PRINCIPALES/Modulo Tarea Compensacion/Ejecutar Reporte Planilla/a_Aplicar"), 0): Object 'Object Repository/1-OBJECTS TAREAS PRINCIPALES/Modulo Tarea Compensacion/Ejecutar Reporte Planilla/a_Aplicar' is clickable

2022-04-29 10:38:56 - [MESSAGE][WARNING] - Timeout '0' is invalid. Using default page load timeout: '45'

2022-04-29 10:38:56 - [MESSAGE][PASSED] - Object 'Object Repository/1-OBJECTS TAREAS PRINCIPALES/Modulo Tarea Compensacion/Ejecutar Reporte Planilla/a_Aplicar' is clickable

2022-04-29 10:38:56 - [TEST_STEP][PASSED] - click(findTestObject("1-OBJECTS TAREAS PRINCIPALES/Modulo Tarea Compensacion/Ejecutar Reporte Planilla/a_Aplicar")): Object: 'Object Repository/1-OBJECTS TAREAS PRINCIPALES/Modulo Tarea Compensacion/Ejecutar Reporte Planilla/a_Aplicar' is clicked on

2022-04-29 10:38:56 - [MESSAGE][PASSED] - Object: 'Object Repository/1-OBJECTS TAREAS PRINCIPALES/Modulo Tarea Compensacion/Ejecutar Reporte Planilla/a_Aplicar' is clicked on

2022-04-29 10:38:56 - [TEST_STEP][PASSED] - waitForElementClickable(findTestObject("1-OBJECTS TAREAS PRINCIPALES/Modulo Tarea Compensacion/Ejecutar Reporte Planilla/span_Reporte_glyphicons glyphicons-article"), 0): Object 'Object Repository/1-OBJECTS TAREAS PRINCIPALES/Modulo Tarea Compensacion/Ejecutar Reporte Planilla/span_Reporte_glyphicons glyphicons-article' is clickable

2022-04-29 10:38:56 - [MESSAGE][WARNING] - Timeout '0' is invalid. Using default page load timeout: '45'

2022-04-29 10:38:57 - [MESSAGE][PASSED] - Object 'Object Repository/1-OBJECTS TAREAS PRINCIPALES/Modulo Tarea Compensacion/Ejecutar Reporte Planilla/span_Reporte_glyphicons glyphicons-article' is clickable

2022-04-29 10:38:57 - [TEST_STEP][PASSED] - click(findTestObject("1-OBJECTS TAREAS PRINCIPALES/Modulo Tarea Compensacion/Ejecutar Reporte Planilla/span_Reporte_glyphicons glyphicons-article")): Object: 'Object Repository/1-OBJECTS TAREAS PRINCIPALES/Modulo Tarea Compensacion/Ejecutar Reporte Planilla/span_Reporte_glyphicons glyphicons-article' is clicked on

2022-04-29 10:38:57 - [MESSAGE][PASSED] - Object: 'Object Repository/1-OBJECTS TAREAS PRINCIPALES/Modulo Tarea Compensacion/Ejecutar Reporte Planilla/span_Reporte_glyphicons glyphicons-article' is clicked on

2022-04-29 10:38:57 - [TEST_STEP][PASSED] - click(findTestObject("1-OBJECTS TAREAS PRINCIPALES/Modulo Tarea Compensacion/Ejecutar Reporte Planilla/label_pdf")): Object: 'Object Repository/1-OBJECTS TAREAS PRINCIPALES/Modulo Tarea Compensacion/Ejecutar Reporte Planilla/label_pdf' is clicked on

2022-04-29 10:38:58 - [MESSAGE][PASSED] - Object: 'Object Repository/1-OBJECTS TAREAS PRINCIPALES/Modulo Tarea Compensacion/Ejecutar Reporte Planilla/label_pdf' is clicked on

2022-04-29 10:38:58 - [TEST_STEP][PASSED] - click(findTestObject("1-OBJECTS TAREAS PRINCIPALES/Modulo Tarea Compensacion/Ejecutar Reporte Planilla/a_Generar Reporte")): Object: 'Object Repository/1-OBJECTS TAREAS PRINCIPALES/Modulo Tarea Compensacion/Ejecutar Reporte Planilla/a_Generar Reporte' is clicked on

2022-04-29 10:38:59 - [MESSAGE][PASSED] - Object: 'Object Repository/1-OBJECTS TAREAS PRINCIPALES/Modulo Tarea Compensacion/Ejecutar Reporte Planilla/a_Generar Reporte' is clicked on

2022-04-29 10:38:59 - [TEST_STEP][PASSED] - waitForElementClickable(findTestObject("1-OBJECTS TAREAS PRINCIPALES/Modulo Tarea Compensacion/Ejecutar Reporte Planilla/a_Descargar"), 0): Object 'Object Repository/1-OBJECTS TAREAS PRINCIPALES/Modulo Tarea Compensacion/Ejecutar Reporte Planilla/a_Descargar' is clickable

2022-04-29 10:38:59 - [MESSAGE][WARNING] - Timeout '0' is invalid. Using default page load timeout: '45'

2022-04-29 10:39:04 - [MESSAGE][PASSED] - Object 'Object Repository/1-OBJECTS TAREAS PRINCIPALES/Modulo Tarea Compensacion/Ejecutar Reporte Planilla/a_Descargar' is clickable

2022-04-29 10:39:04 - [TEST_STEP][PASSED] - click(findTestObject("1-OBJECTS TAREAS PRINCIPALES/Modulo Tarea Compensacion/Ejecutar Reporte Planilla/a_Descargar")): Object: 'Object Repository/1-OBJECTS TAREAS PRINCIPALES/Modulo Tarea Compensacion/Ejecutar Reporte Planilla/a_Descargar' is clicked on

2022-04-29 10:39:04 - [MESSAGE][PASSED] - Object: 'Object Repository/1-OBJECTS TAREAS PRINCIPALES/Modulo Tarea Compensacion/Ejecutar Reporte Planilla/a_Descargar' is clicked on

2022-04-29 10:39:04 - [TEST_STEP][PASSED] - click(findTestObject("1-OBJECTS TAREAS PRINCIPALES/Modulo Tarea Compensacion/Ejecutar Reporte Planilla/a_Periodo Nomina_Cerrar")): Object: 'Object Repository/1-OBJECTS TAREAS PRINCIPALES/Modulo Tarea Compensacion/Ejecutar Reporte Planilla/a_Periodo Nomina_Cerrar' is clicked on

2022-04-29 10:39:05 - [MESSAGE][PASSED] - Object: 'Object Repository/1-OBJECTS TAREAS PRINCIPALES/Modulo Tarea Compensacion/Ejecutar Reporte Planilla/a_Periodo Nomina_Cerrar' is clicked on

2022-04-29 10:39:05 - [TEST_STEP][PASSED] - waitForElementClickable(findTestObject("1-OBJECTS TAREAS PRINCIPALES/Modulo Tarea Compensacion/Ejecutar Reporte Planilla/input_Actos Administrativos_ejecutarReporte"), 0): Object 'Object Repository/1-OBJECTS TAREAS PRINCIPALES/Modulo Tarea Compensacion/Ejecutar Reporte Planilla/input_Actos Administrativos_ejecutarReporte' is clickable

2022-04-29 10:39:05 - [MESSAGE][WARNING] - Timeout '0' is invalid. Using default page load timeout: '45'

2022-04-29 10:39:05 - [MESSAGE][PASSED] - Object 'Object Repository/1-OBJECTS TAREAS PRINCIPALES/Modulo Tarea Compensacion/Ejecutar Reporte Planilla/input_Actos Administrativos_ejecutarReporte' is clickable

2022-04-29 10:39:05 - [TEST_STEP][PASSED] - setText(findTestObject("1-OBJECTS TAREAS PRINCIPALES/Modulo Tarea Compensacion/Ejecutar Reporte Planilla/input_Actos Administrativos_ejecutarReporte"), "CNC- CONSOLIDADO PERIODO DE NOMINA POR LINEA/CCOSTO"): Text 'CNC- CONSOLIDADO PERIODO DE NOMINA POR LINEA/CCOSTO' is set on object 'Object Repository/1-OBJECTS TAREAS PRINCIPALES/Modulo Tarea Compensacion/Ejecutar Reporte Planilla/input_Actos Administrativos_ejecutarReporte'

2022-04-29 10:39:06 - [MESSAGE][PASSED] - Text 'CNC- CONSOLIDADO PERIODO DE NOMINA POR LINEA/CCOSTO' is set on object 'Object Repository/1-OBJECTS TAREAS PRINCIPALES/Modulo Tarea Compensacion/Ejecutar Reporte Planilla/input_Actos Administrativos_ejecutarReporte'

2022-04-29 10:39:06 - [TEST_STEP][PASSED] - click(findTestObject("1-OBJECTS TAREAS PRINCIPALES/Modulo Tarea Compensacion/Ejecutar Reporte Planilla/a_Actos Administrativos_ejecutarReportePlanillaj_idt61"), STOP_ON_FAILURE): Object: 'Object Repository/1-OBJECTS TAREAS PRINCIPALES/Modulo Tarea Compensacion/Ejecutar Reporte Planilla/a_Actos Administrativos_ejecutarReportePlanillaj_idt61' is clicked on

2022-04-29 10:39:07 - [MESSAGE][PASSED] - Object: 'Object Repository/1-OBJECTS TAREAS PRINCIPALES/Modulo Tarea Compensacion/Ejecutar Reporte Planilla/a_Actos Administrativos_ejecutarReportePlanillaj_idt61' is clicked on

2022-04-29 10:39:07 - [TEST_STEP][PASSED] - click(findTestObject("1-OBJECTS TAREAS PRINCIPALES/Modulo Tarea Compensacion/Ejecutar Reporte Planilla/a_Actos Administrativos_ejecutarReportePlanillaj_idt61"), STOP_ON_FAILURE): Object: 'Object Repository/1-OBJECTS TAREAS PRINCIPALES/Modulo Tarea Compensacion/Ejecutar Reporte Planilla/a_Actos Administrativos_ejecutarReportePlanillaj_idt61' is clicked on

2022-04-29 10:39:07 - [MESSAGE][PASSED] - Object: 'Object Repository/1-OBJECTS TAREAS PRINCIPALES/Modulo Tarea Compensacion/Ejecutar Reporte Planilla/a_Actos Administrativos_ejecutarReportePlanillaj_idt61' is clicked on

2022-04-29 10:39:07 - [TEST_STEP][PASSED] - waitForElementClickable(findTestObject("1-OBJECTS TAREAS PRINCIPALES/Modulo Tarea Compensacion/Ejecutar Reporte Planilla/td_CNC- CONSOLIDADO PERIODO DE NOMINA POR LINEA CCOSTO"), 0): Object 'Object Repository/1-OBJECTS TAREAS PRINCIPALES/Modulo Tarea Compensacion/Ejecutar Reporte Planilla/td_CNC- CONSOLIDADO PERIODO DE NOMINA POR LINEA CCOSTO' is clickable

2022-04-29 10:39:07 - [MESSAGE][WARNING] - Timeout '0' is invalid. Using default page load timeout: '45'

2022-04-29 10:39:08 - [MESSAGE][PASSED] - Object 'Object Repository/1-OBJECTS TAREAS PRINCIPALES/Modulo Tarea Compensacion/Ejecutar Reporte Planilla/td_CNC- CONSOLIDADO PERIODO DE NOMINA POR LINEA CCOSTO' is clickable

2022-04-29 10:39:08 - [TEST_STEP][PASSED] - click(findTestObject("1-OBJECTS TAREAS PRINCIPALES/Modulo Tarea Compensacion/Ejecutar Reporte Planilla/td_CNC- CONSOLIDADO PERIODO DE NOMINA POR LINEA CCOSTO")): Object: 'Object Repository/1-OBJECTS TAREAS PRINCIPALES/Modulo Tarea Compensacion/Ejecutar Reporte Planilla/td_CNC- CONSOLIDADO PERIODO DE NOMINA POR LINEA CCOSTO' is clicked on

2022-04-29 10:39:09 - [MESSAGE][PASSED] - Object: 'Object Repository/1-OBJECTS TAREAS PRINCIPALES/Modulo Tarea Compensacion/Ejecutar Reporte Planilla/td_CNC- CONSOLIDADO PERIODO DE NOMINA POR LINEA CCOSTO' is clicked on

2022-04-29 10:39:09 - [TEST_STEP][PASSED] - waitForElementClickable(findTestObject("1-OBJECTS TAREAS PRINCIPALES/Modulo Tarea Compensacion/Ejecutar Reporte Planilla/a_Periodo Nomina_ejecutarRepor"), 0): Object 'Object Repository/1-OBJECTS TAREAS PRINCIPALES/Modulo Tarea Compensacion/Ejecutar Reporte Planilla/a_Periodo Nomina_ejecutarRepor' is clickable

2022-04-29 10:39:09 - [MESSAGE][WARNING] - Timeout '0' is invalid. Using default page load timeout: '45'

2022-04-29 10:39:09 - [MESSAGE][PASSED] - Object 'Object Repository/1-OBJECTS TAREAS PRINCIPALES/Modulo Tarea Compensacion/Ejecutar Reporte Planilla/a_Periodo Nomina_ejecutarRepor' is clickable

2022-04-29 10:39:09 - [TEST_STEP][PASSED] - click(findTestObject("1-OBJECTS TAREAS PRINCIPALES/Modulo Tarea Compensacion/Ejecutar Reporte Planilla/a_Periodo Nomina_ejecutarRepor")): Object: 'Object Repository/1-OBJECTS TAREAS PRINCIPALES/Modulo Tarea Compensacion/Ejecutar Reporte Planilla/a_Periodo Nomina_ejecutarRepor' is clicked on

2022-04-29 10:39:10 - [MESSAGE][PASSED] - Object: 'Object Repository/1-OBJECTS TAREAS PRINCIPALES/Modulo Tarea Compensacion/Ejecutar Reporte Planilla/a_Periodo Nomina_ejecutarRepor' is clicked on

2022-04-29 10:39:10 - [TEST_STEP][PASSED] - waitForElementClickable(findTestObject("1-OBJECTS TAREAS PRINCIPALES/Modulo Tarea Compensacion/Ejecutar Reporte Planilla/select_--  Seleccione  --Periodo CerradoPeriodo en Proceso"), 0): Object 'Object Repository/1-OBJECTS TAREAS PRINCIPALES/Modulo Tarea Compensacion/Ejecutar Reporte Planilla/select_--  Seleccione  --Periodo CerradoPeriodo en Proceso' is clickable

2022-04-29 10:39:10 - [MESSAGE][WARNING] - Timeout '0' is invalid. Using default page load timeout: '45'

2022-04-29 10:39:10 - [MESSAGE][PASSED] - Object 'Object Repository/1-OBJECTS TAREAS PRINCIPALES/Modulo Tarea Compensacion/Ejecutar Reporte Planilla/select_--  Seleccione  --Periodo CerradoPeriodo en Proceso' is clickable

2022-04-29 10:39:10 - [TEST_STEP][PASSED] - selectOptionByIndex(findTestObject("1-OBJECTS TAREAS PRINCIPALES/Modulo Tarea Compensacion/Ejecutar Reporte Planilla/select_--  Seleccione  --Periodo CerradoPeriodo en Proceso"), "2", STOP_ON_FAILURE): All options with index in [2] are selected on object 'Object Repository/1-OBJECTS TAREAS PRINCIPALES/Modulo Tarea Compensacion/Ejecutar Reporte Planilla/select_--  Seleccione  --Periodo CerradoPeriodo en Proceso'

2022-04-29 10:39:11 - [MESSAGE][PASSED] - All options with index in [2] are selected on object 'Object Repository/1-OBJECTS TAREAS PRINCIPALES/Modulo Tarea Compensacion/Ejecutar Reporte Planilla/select_--  Seleccione  --Periodo CerradoPeriodo en Proceso'

2022-04-29 10:39:11 - [TEST_STEP][PASSED] - waitForElementClickable(findTestObject("1-OBJECTS TAREAS PRINCIPALES/Modulo Tarea Compensacion/Ejecutar Reporte Planilla/span_P. MensualJunio2021"), 0): Object 'Object Repository/1-OBJECTS TAREAS PRINCIPALES/Modulo Tarea Compensacion/Ejecutar Reporte Planilla/span_P. MensualJunio2021' is clickable

2022-04-29 10:39:11 - [MESSAGE][WARNING] - Timeout '0' is invalid. Using default page load timeout: '45'

2022-04-29 10:39:12 - [MESSAGE][PASSED] - Object 'Object Repository/1-OBJECTS TAREAS PRINCIPALES/Modulo Tarea Compensacion/Ejecutar Reporte Planilla/span_P. MensualJunio2021' is clickable

2022-04-29 10:39:12 - [TEST_STEP][PASSED] - click(findTestObject("1-OBJECTS TAREAS PRINCIPALES/Modulo Tarea Compensacion/Ejecutar Reporte Planilla/span_P. MensualJunio2021")): Object: 'Object Repository/1-OBJECTS TAREAS PRINCIPALES/Modulo Tarea Compensacion/Ejecutar Reporte Planilla/span_P. MensualJunio2021' is clicked on

2022-04-29 10:39:12 - [MESSAGE][PASSED] - Object: 'Object Repository/1-OBJECTS TAREAS PRINCIPALES/Modulo Tarea Compensacion/Ejecutar Reporte Planilla/span_P. MensualJunio2021' is clicked on

2022-04-29 10:39:12 - [TEST_STEP][PASSED] - click(findTestObject("1-OBJECTS TAREAS PRINCIPALES/Modulo Tarea Compensacion/Ejecutar Reporte Planilla/a_Aplicar")): Object: 'Object Repository/1-OBJECTS TAREAS PRINCIPALES/Modulo Tarea Compensacion/Ejecutar Reporte Planilla/a_Aplicar' is clicked on

2022-04-29 10:39:13 - [MESSAGE][PASSED] - Object: 'Object Repository/1-OBJECTS TAREAS PRINCIPALES/Modulo Tarea Compensacion/Ejecutar Reporte Planilla/a_Aplicar' is clicked on

2022-04-29 10:39:13 - [TEST_STEP][PASSED] - waitForElementClickable(findTestObject("1-OBJECTS TAREAS PRINCIPALES/Modulo Tarea Compensacion/Ejecutar Reporte Planilla/span_Reporte_glyphicons glyphicons-article"), 0): Object 'Object Repository/1-OBJECTS TAREAS PRINCIPALES/Modulo Tarea Compensacion/Ejecutar Reporte Planilla/span_Reporte_glyphicons glyphicons-article' is clickable

2022-04-29 10:39:13 - [MESSAGE][WARNING] - Timeout '0' is invalid. Using default page load timeout: '45'

2022-04-29 10:39:14 - [MESSAGE][PASSED] - Object 'Object Repository/1-OBJECTS TAREAS PRINCIPALES/Modulo Tarea Compensacion/Ejecutar Reporte Planilla/span_Reporte_glyphicons glyphicons-article' is clickable

2022-04-29 10:39:14 - [TEST_STEP][PASSED] - click(findTestObject("1-OBJECTS TAREAS PRINCIPALES/Modulo Tarea Compensacion/Ejecutar Reporte Planilla/span_Reporte_glyphicons glyphicons-article")): Object: 'Object Repository/1-OBJECTS TAREAS PRINCIPALES/Modulo Tarea Compensacion/Ejecutar Reporte Planilla/span_Reporte_glyphicons glyphicons-article' is clicked on

2022-04-29 10:39:14 - [MESSAGE][PASSED] - Object: 'Object Repository/1-OBJECTS TAREAS PRINCIPALES/Modulo Tarea Compensacion/Ejecutar Reporte Planilla/span_Reporte_glyphicons glyphicons-article' is clicked on

2022-04-29 10:39:14 - [TEST_STEP][PASSED] - click(findTestObject("1-OBJECTS TAREAS PRINCIPALES/Modulo Tarea Compensacion/Ejecutar Reporte Planilla/label_xlsData")): Object: 'Object Repository/1-OBJECTS TAREAS PRINCIPALES/Modulo Tarea Compensacion/Ejecutar Reporte Planilla/label_xlsData' is clicked on

2022-04-29 10:39:15 - [MESSAGE][PASSED] - Object: 'Object Repository/1-OBJECTS TAREAS PRINCIPALES/Modulo Tarea Compensacion/Ejecutar Reporte Planilla/label_xlsData' is clicked on

2022-04-29 10:39:15 - [TEST_STEP][PASSED] - click(findTestObject("1-OBJECTS TAREAS PRINCIPALES/Modulo Tarea Compensacion/Ejecutar Reporte Planilla/a_Generar Reporte")): Object: 'Object Repository/1-OBJECTS TAREAS PRINCIPALES/Modulo Tarea Compensacion/Ejecutar Reporte Planilla/a_Generar Reporte' is clicked on

2022-04-29 10:39:15 - [MESSAGE][PASSED] - Object: 'Object Repository/1-OBJECTS TAREAS PRINCIPALES/Modulo Tarea Compensacion/Ejecutar Reporte Planilla/a_Generar Reporte' is clicked on

2022-04-29 10:39:15 - [TEST_STEP][PASSED] - waitForElementClickable(findTestObject("1-OBJECTS TAREAS PRINCIPALES/Modulo Tarea Compensacion/Ejecutar Reporte Planilla/a_Descargar"), 0): Object 'Object Repository/1-OBJECTS TAREAS PRINCIPALES/Modulo Tarea Compensacion/Ejecutar Reporte Planilla/a_Descargar' is clickable

2022-04-29 10:39:15 - [MESSAGE][WARNING] - Timeout '0' is invalid. Using default page load timeout: '45'

2022-04-29 10:39:19 - [MESSAGE][PASSED] - Object 'Object Repository/1-OBJECTS TAREAS PRINCIPALES/Modulo Tarea Compensacion/Ejecutar Reporte Planilla/a_Descargar' is clickable

2022-04-29 10:39:19 - [TEST_STEP][PASSED] - click(findTestObject("1-OBJECTS TAREAS PRINCIPALES/Modulo Tarea Compensacion/Ejecutar Reporte Planilla/a_Descargar")): Object: 'Object Repository/1-OBJECTS TAREAS PRINCIPALES/Modulo Tarea Compensacion/Ejecutar Reporte Planilla/a_Descargar' is clicked on

2022-04-29 10:39:20 - [MESSAGE][PASSED] - Object: 'Object Repository/1-OBJECTS TAREAS PRINCIPALES/Modulo Tarea Compensacion/Ejecutar Reporte Planilla/a_Descargar' is clicked on

2022-04-29 10:39:20 - [TEST_STEP][PASSED] - click(findTestObject("1-OBJECTS TAREAS PRINCIPALES/Modulo Tarea Compensacion/Ejecutar Reporte Planilla/a_Periodo Nomina_Cerrar")): Object: 'Object Repository/1-OBJECTS TAREAS PRINCIPALES/Modulo Tarea Compensacion/Ejecutar Reporte Planilla/a_Periodo Nomina_Cerrar' is clicked on

2022-04-29 10:39:20 - [MESSAGE][PASSED] - Object: 'Object Repository/1-OBJECTS TAREAS PRINCIPALES/Modulo Tarea Compensacion/Ejecutar Reporte Planilla/a_Periodo Nomina_Cerrar' is clicked on

2022-04-29 10:39:20 - [TEST_STEP][PASSED] - waitForElementClickable(findTestObject("1-OBJECTS TAREAS PRINCIPALES/Modulo Tarea Compensacion/Ejecutar Reporte Planilla/a_Aplicar"), 0): Object 'Object Repository/1-OBJECTS TAREAS PRINCIPALES/Modulo Tarea Compensacion/Ejecutar Reporte Planilla/a_Aplicar' is clickable

2022-04-29 10:39:20 - [MESSAGE][WARNING] - Timeout '0' is invalid. Using default page load timeout: '45'

2022-04-29 10:39:21 - [MESSAGE][PASSED] - Object 'Object Repository/1-OBJECTS TAREAS PRINCIPALES/Modulo Tarea Compensacion/Ejecutar Reporte Planilla/a_Aplicar' is clickable

2022-04-29 10:39:21 - [TEST_STEP][PASSED] - click(findTestObject("1-OBJECTS TAREAS PRINCIPALES/Modulo Tarea Compensacion/Ejecutar Reporte Planilla/a_Aplicar")): Object: 'Object Repository/1-OBJECTS TAREAS PRINCIPALES/Modulo Tarea Compensacion/Ejecutar Reporte Planilla/a_Aplicar' is clicked on

2022-04-29 10:39:21 - [MESSAGE][PASSED] - Object: 'Object Repository/1-OBJECTS TAREAS PRINCIPALES/Modulo Tarea Compensacion/Ejecutar Reporte Planilla/a_Aplicar' is clicked on

2022-04-29 10:39:21 - [TEST_STEP][PASSED] - waitForElementClickable(findTestObject("1-OBJECTS TAREAS PRINCIPALES/Modulo Tarea Compensacion/Ejecutar Reporte Planilla/span_Reporte_glyphicons glyphicons-article"), 0): Object 'Object Repository/1-OBJECTS TAREAS PRINCIPALES/Modulo Tarea Compensacion/Ejecutar Reporte Planilla/span_Reporte_glyphicons glyphicons-article' is clickable

2022-04-29 10:39:21 - [MESSAGE][WARNING] - Timeout '0' is invalid. Using default page load timeout: '45'

2022-04-29 10:39:22 - [MESSAGE][PASSED] - Object 'Object Repository/1-OBJECTS TAREAS PRINCIPALES/Modulo Tarea Compensacion/Ejecutar Reporte Planilla/span_Reporte_glyphicons glyphicons-article' is clickable

2022-04-29 10:39:22 - [TEST_STEP][PASSED] - click(findTestObject("1-OBJECTS TAREAS PRINCIPALES/Modulo Tarea Compensacion/Ejecutar Reporte Planilla/span_Reporte_glyphicons glyphicons-article")): Object: 'Object Repository/1-OBJECTS TAREAS PRINCIPALES/Modulo Tarea Compensacion/Ejecutar Reporte Planilla/span_Reporte_glyphicons glyphicons-article' is clicked on

2022-04-29 10:39:22 - [MESSAGE][PASSED] - Object: 'Object Repository/1-OBJECTS TAREAS PRINCIPALES/Modulo Tarea Compensacion/Ejecutar Reporte Planilla/span_Reporte_glyphicons glyphicons-article' is clicked on

2022-04-29 10:39:22 - [TEST_STEP][PASSED] - click(findTestObject("1-OBJECTS TAREAS PRINCIPALES/Modulo Tarea Compensacion/Ejecutar Reporte Planilla/label_pdf")): Object: 'Object Repository/1-OBJECTS TAREAS PRINCIPALES/Modulo Tarea Compensacion/Ejecutar Reporte Planilla/label_pdf' is clicked on

2022-04-29 10:39:23 - [MESSAGE][PASSED] - Object: 'Object Repository/1-OBJECTS TAREAS PRINCIPALES/Modulo Tarea Compensacion/Ejecutar Reporte Planilla/label_pdf' is clicked on

2022-04-29 10:39:23 - [TEST_STEP][PASSED] - click(findTestObject("1-OBJECTS TAREAS PRINCIPALES/Modulo Tarea Compensacion/Ejecutar Reporte Planilla/a_Generar Reporte")): Object: 'Object Repository/1-OBJECTS TAREAS PRINCIPALES/Modulo Tarea Compensacion/Ejecutar Reporte Planilla/a_Generar Reporte' is clicked on

2022-04-29 10:39:23 - [MESSAGE][PASSED] - Object: 'Object Repository/1-OBJECTS TAREAS PRINCIPALES/Modulo Tarea Compensacion/Ejecutar Reporte Planilla/a_Generar Reporte' is clicked on

2022-04-29 10:39:23 - [TEST_STEP][PASSED] - waitForElementClickable(findTestObject("1-OBJECTS TAREAS PRINCIPALES/Modulo Tarea Compensacion/Ejecutar Reporte Planilla/a_Descargar"), 0): Object 'Object Repository/1-OBJECTS TAREAS PRINCIPALES/Modulo Tarea Compensacion/Ejecutar Reporte Planilla/a_Descargar' is clickable

2022-04-29 10:39:23 - [MESSAGE][WARNING] - Timeout '0' is invalid. Using default page load timeout: '45'

2022-04-29 10:39:26 - [MESSAGE][PASSED] - Object 'Object Repository/1-OBJECTS TAREAS PRINCIPALES/Modulo Tarea Compensacion/Ejecutar Reporte Planilla/a_Descargar' is clickable

2022-04-29 10:39:26 - [TEST_STEP][PASSED] - click(findTestObject("1-OBJECTS TAREAS PRINCIPALES/Modulo Tarea Compensacion/Ejecutar Reporte Planilla/a_Descargar")): Object: 'Object Repository/1-OBJECTS TAREAS PRINCIPALES/Modulo Tarea Compensacion/Ejecutar Reporte Planilla/a_Descargar' is clicked on

2022-04-29 10:39:26 - [MESSAGE][PASSED] - Object: 'Object Repository/1-OBJECTS TAREAS PRINCIPALES/Modulo Tarea Compensacion/Ejecutar Reporte Planilla/a_Descargar' is clicked on

2022-04-29 10:39:26 - [TEST_STEP][PASSED] - click(findTestObject("1-OBJECTS TAREAS PRINCIPALES/Modulo Tarea Compensacion/Ejecutar Reporte Planilla/a_Periodo Nomina_Cerrar")): Object: 'Object Repository/1-OBJECTS TAREAS PRINCIPALES/Modulo Tarea Compensacion/Ejecutar Reporte Planilla/a_Periodo Nomina_Cerrar' is clicked on

2022-04-29 10:39:27 - [MESSAGE][PASSED] - Object: 'Object Repository/1-OBJECTS TAREAS PRINCIPALES/Modulo Tarea Compensacion/Ejecutar Reporte Planilla/a_Periodo Nomina_Cerrar' is clicked on

2022-04-29 10:39:27 - [TEST_STEP][PASSED] - waitForElementClickable(findTestObject("1-OBJECTS TAREAS PRINCIPALES/Modulo Tarea Compensacion/Ejecutar Reporte Planilla/input_Actos Administrativos_ejecutarReporte"), 0): Object 'Object Repository/1-OBJECTS TAREAS PRINCIPALES/Modulo Tarea Compensacion/Ejecutar Reporte Planilla/input_Actos Administrativos_ejecutarReporte' is clickable

2022-04-29 10:39:27 - [MESSAGE][WARNING] - Timeout '0' is invalid. Using default page load timeout: '45'

2022-04-29 10:39:27 - [MESSAGE][PASSED] - Object 'Object Repository/1-OBJECTS TAREAS PRINCIPALES/Modulo Tarea Compensacion/Ejecutar Reporte Planilla/input_Actos Administrativos_ejecutarReporte' is clickable

2022-04-29 10:39:27 - [TEST_STEP][PASSED] - setText(findTestObject("1-OBJECTS TAREAS PRINCIPALES/Modulo Tarea Compensacion/Ejecutar Reporte Planilla/input_Actos Administrativos_ejecutarReporte"), "RECO"): Text 'RECO' is set on object 'Object Repository/1-OBJECTS TAREAS PRINCIPALES/Modulo Tarea Compensacion/Ejecutar Reporte Planilla/input_Actos Administrativos_ejecutarReporte'

2022-04-29 10:39:28 - [MESSAGE][PASSED] - Text 'RECO' is set on object 'Object Repository/1-OBJECTS TAREAS PRINCIPALES/Modulo Tarea Compensacion/Ejecutar Reporte Planilla/input_Actos Administrativos_ejecutarReporte'

2022-04-29 10:39:28 - [TEST_STEP][PASSED] - click(findTestObject("1-OBJECTS TAREAS PRINCIPALES/Modulo Tarea Compensacion/Ejecutar Reporte Planilla/a_Actos Administrativos_ejecutarReportePlanillaj_idt61"), STOP_ON_FAILURE): Object: 'Object Repository/1-OBJECTS TAREAS PRINCIPALES/Modulo Tarea Compensacion/Ejecutar Reporte Planilla/a_Actos Administrativos_ejecutarReportePlanillaj_idt61' is clicked on

2022-04-29 10:39:28 - [MESSAGE][PASSED] - Object: 'Object Repository/1-OBJECTS TAREAS PRINCIPALES/Modulo Tarea Compensacion/Ejecutar Reporte Planilla/a_Actos Administrativos_ejecutarReportePlanillaj_idt61' is clicked on

2022-04-29 10:39:28 - [TEST_STEP][PASSED] - click(findTestObject("1-OBJECTS TAREAS PRINCIPALES/Modulo Tarea Compensacion/Ejecutar Reporte Planilla/a_Actos Administrativos_ejecutarReportePlanillaj_idt61"), STOP_ON_FAILURE): Object: 'Object Repository/1-OBJECTS TAREAS PRINCIPALES/Modulo Tarea Compensacion/Ejecutar Reporte Planilla/a_Actos Administrativos_ejecutarReportePlanillaj_idt61' is clicked on

2022-04-29 10:39:29 - [MESSAGE][PASSED] - Object: 'Object Repository/1-OBJECTS TAREAS PRINCIPALES/Modulo Tarea Compensacion/Ejecutar Reporte Planilla/a_Actos Administrativos_ejecutarReportePlanillaj_idt61' is clicked on

2022-04-29 10:39:29 - [TEST_STEP][PASSED] - waitForElementClickable(findTestObject("1-OBJECTS TAREAS PRINCIPALES/Modulo Tarea Compensacion/Ejecutar Reporte Planilla/td_CNC- CONSOLIDADO PERIODO DE NOMINA POR LINEA CCOSTO"), 0): Object 'Object Repository/1-OBJECTS TAREAS PRINCIPALES/Modulo Tarea Compensacion/Ejecutar Reporte Planilla/td_CNC- CONSOLIDADO PERIODO DE NOMINA POR LINEA CCOSTO' is clickable

2022-04-29 10:39:29 - [MESSAGE][WARNING] - Timeout '0' is invalid. Using default page load timeout: '45'

2022-04-29 10:39:30 - [MESSAGE][PASSED] - Object 'Object Repository/1-OBJECTS TAREAS PRINCIPALES/Modulo Tarea Compensacion/Ejecutar Reporte Planilla/td_CNC- CONSOLIDADO PERIODO DE NOMINA POR LINEA CCOSTO' is clickable

2022-04-29 10:39:30 - [TEST_STEP][PASSED] - click(findTestObject("1-OBJECTS TAREAS PRINCIPALES/Modulo Tarea Compensacion/Ejecutar Reporte Planilla/td_CNC- CONSOLIDADO PERIODO DE NOMINA POR LINEA CCOSTO")): Object: 'Object Repository/1-OBJECTS TAREAS PRINCIPALES/Modulo Tarea Compensacion/Ejecutar Reporte Planilla/td_CNC- CONSOLIDADO PERIODO DE NOMINA POR LINEA CCOSTO' is clicked on

2022-04-29 10:39:30 - [MESSAGE][PASSED] - Object: 'Object Repository/1-OBJECTS TAREAS PRINCIPALES/Modulo Tarea Compensacion/Ejecutar Reporte Planilla/td_CNC- CONSOLIDADO PERIODO DE NOMINA POR LINEA CCOSTO' is clicked on

2022-04-29 10:39:30 - [TEST_STEP][PASSED] - waitForElementClickable(findTestObject("1-OBJECTS TAREAS PRINCIPALES/Modulo Tarea Compensacion/Ejecutar Reporte Planilla/a_Periodo Nomina_ejecutarRepor"), 0): Object 'Object Repository/1-OBJECTS TAREAS PRINCIPALES/Modulo Tarea Compensacion/Ejecutar Reporte Planilla/a_Periodo Nomina_ejecutarRepor' is clickable

2022-04-29 10:39:30 - [MESSAGE][WARNING] - Timeout '0' is invalid. Using default page load timeout: '45'

2022-04-29 10:39:31 - [MESSAGE][PASSED] - Object 'Object Repository/1-OBJECTS TAREAS PRINCIPALES/Modulo Tarea Compensacion/Ejecutar Reporte Planilla/a_Periodo Nomina_ejecutarRepor' is clickable

2022-04-29 10:39:31 - [TEST_STEP][PASSED] - click(findTestObject("1-OBJECTS TAREAS PRINCIPALES/Modulo Tarea Compensacion/Ejecutar Reporte Planilla/a_Periodo Nomina_ejecutarRepor")): Object: 'Object Repository/1-OBJECTS TAREAS PRINCIPALES/Modulo Tarea Compensacion/Ejecutar Reporte Planilla/a_Periodo Nomina_ejecutarRepor' is clicked on

2022-04-29 10:39:31 - [MESSAGE][PASSED] - Object: 'Object Repository/1-OBJECTS TAREAS PRINCIPALES/Modulo Tarea Compensacion/Ejecutar Reporte Planilla/a_Periodo Nomina_ejecutarRepor' is clicked on

2022-04-29 10:39:31 - [TEST_STEP][PASSED] - waitForElementClickable(findTestObject("1-OBJECTS TAREAS PRINCIPALES/Modulo Tarea Compensacion/Ejecutar Reporte Planilla/select_--  Seleccione  --Periodo CerradoPeriodo en Proceso"), 0): Object 'Object Repository/1-OBJECTS TAREAS PRINCIPALES/Modulo Tarea Compensacion/Ejecutar Reporte Planilla/select_--  Seleccione  --Periodo CerradoPeriodo en Proceso' is clickable

2022-04-29 10:39:31 - [MESSAGE][WARNING] - Timeout '0' is invalid. Using default page load timeout: '45'

2022-04-29 10:39:32 - [MESSAGE][PASSED] - Object 'Object Repository/1-OBJECTS TAREAS PRINCIPALES/Modulo Tarea Compensacion/Ejecutar Reporte Planilla/select_--  Seleccione  --Periodo CerradoPeriodo en Proceso' is clickable

2022-04-29 10:39:32 - [TEST_STEP][PASSED] - selectOptionByIndex(findTestObject("1-OBJECTS TAREAS PRINCIPALES/Modulo Tarea Compensacion/Ejecutar Reporte Planilla/select_--  Seleccione  --Periodo CerradoPeriodo en Proceso"), "2", STOP_ON_FAILURE): All options with index in [2] are selected on object 'Object Repository/1-OBJECTS TAREAS PRINCIPALES/Modulo Tarea Compensacion/Ejecutar Reporte Planilla/select_--  Seleccione  --Periodo CerradoPeriodo en Proceso'

2022-04-29 10:39:33 - [MESSAGE][PASSED] - All options with index in [2] are selected on object 'Object Repository/1-OBJECTS TAREAS PRINCIPALES/Modulo Tarea Compensacion/Ejecutar Reporte Planilla/select_--  Seleccione  --Periodo CerradoPeriodo en Proceso'

2022-04-29 10:39:33 - [TEST_STEP][PASSED] - waitForElementClickable(findTestObject("1-OBJECTS TAREAS PRINCIPALES/Modulo Tarea Compensacion/Ejecutar Reporte Planilla/span_P. MensualJunio2021"), 0): Object 'Object Repository/1-OBJECTS TAREAS PRINCIPALES/Modulo Tarea Compensacion/Ejecutar Reporte Planilla/span_P. MensualJunio2021' is clickable

2022-04-29 10:39:33 - [MESSAGE][WARNING] - Timeout '0' is invalid. Using default page load timeout: '45'

2022-04-29 10:39:33 - [MESSAGE][PASSED] - Object 'Object Repository/1-OBJECTS TAREAS PRINCIPALES/Modulo Tarea Compensacion/Ejecutar Reporte Planilla/span_P. MensualJunio2021' is clickable

2022-04-29 10:39:33 - [TEST_STEP][PASSED] - click(findTestObject("1-OBJECTS TAREAS PRINCIPALES/Modulo Tarea Compensacion/Ejecutar Reporte Planilla/span_P. MensualJunio2021")): Object: 'Object Repository/1-OBJECTS TAREAS PRINCIPALES/Modulo Tarea Compensacion/Ejecutar Reporte Planilla/span_P. MensualJunio2021' is clicked on

2022-04-29 10:39:34 - [MESSAGE][PASSED] - Object: 'Object Repository/1-OBJECTS TAREAS PRINCIPALES/Modulo Tarea Compensacion/Ejecutar Reporte Planilla/span_P. MensualJunio2021' is clicked on

2022-04-29 10:39:34 - [TEST_STEP][PASSED] - click(findTestObject("1-OBJECTS TAREAS PRINCIPALES/Modulo Tarea Compensacion/Ejecutar Reporte Planilla/a_Aplicar")): Object: 'Object Repository/1-OBJECTS TAREAS PRINCIPALES/Modulo Tarea Compensacion/Ejecutar Reporte Planilla/a_Aplicar' is clicked on

2022-04-29 10:39:34 - [MESSAGE][PASSED] - Object: 'Object Repository/1-OBJECTS TAREAS PRINCIPALES/Modulo Tarea Compensacion/Ejecutar Reporte Planilla/a_Aplicar' is clicked on

2022-04-29 10:39:34 - [TEST_STEP][PASSED] - waitForElementClickable(findTestObject("1-OBJECTS TAREAS PRINCIPALES/Modulo Tarea Compensacion/Ejecutar Reporte Planilla/span_Reporte_glyphicons glyphicons-article"), 0): Object 'Object Repository/1-OBJECTS TAREAS PRINCIPALES/Modulo Tarea Compensacion/Ejecutar Reporte Planilla/span_Reporte_glyphicons glyphicons-article' is clickable

2022-04-29 10:39:34 - [MESSAGE][WARNING] - Timeout '0' is invalid. Using default page load timeout: '45'

2022-04-29 10:39:35 - [MESSAGE][PASSED] - Object 'Object Repository/1-OBJECTS TAREAS PRINCIPALES/Modulo Tarea Compensacion/Ejecutar Reporte Planilla/span_Reporte_glyphicons glyphicons-article' is clickable

2022-04-29 10:39:35 - [TEST_STEP][PASSED] - click(findTestObject("1-OBJECTS TAREAS PRINCIPALES/Modulo Tarea Compensacion/Ejecutar Reporte Planilla/span_Reporte_glyphicons glyphicons-article")): Object: 'Object Repository/1-OBJECTS TAREAS PRINCIPALES/Modulo Tarea Compensacion/Ejecutar Reporte Planilla/span_Reporte_glyphicons glyphicons-article' is clicked on

2022-04-29 10:39:35 - [MESSAGE][PASSED] - Object: 'Object Repository/1-OBJECTS TAREAS PRINCIPALES/Modulo Tarea Compensacion/Ejecutar Reporte Planilla/span_Reporte_glyphicons glyphicons-article' is clicked on

2022-04-29 10:39:35 - [TEST_STEP][PASSED] - click(findTestObject("1-OBJECTS TAREAS PRINCIPALES/Modulo Tarea Compensacion/Ejecutar Reporte Planilla/label_xlsData")): Object: 'Object Repository/1-OBJECTS TAREAS PRINCIPALES/Modulo Tarea Compensacion/Ejecutar Reporte Planilla/label_xlsData' is clicked on

2022-04-29 10:39:36 - [MESSAGE][PASSED] - Object: 'Object Repository/1-OBJECTS TAREAS PRINCIPALES/Modulo Tarea Compensacion/Ejecutar Reporte Planilla/label_xlsData' is clicked on

2022-04-29 10:39:36 - [TEST_STEP][PASSED] - click(findTestObject("1-OBJECTS TAREAS PRINCIPALES/Modulo Tarea Compensacion/Ejecutar Reporte Planilla/a_Generar Reporte")): Object: 'Object Repository/1-OBJECTS TAREAS PRINCIPALES/Modulo Tarea Compensacion/Ejecutar Reporte Planilla/a_Generar Reporte' is clicked on

2022-04-29 10:39:36 - [MESSAGE][PASSED] - Object: 'Object Repository/1-OBJECTS TAREAS PRINCIPALES/Modulo Tarea Compensacion/Ejecutar Reporte Planilla/a_Generar Reporte' is clicked on

2022-04-29 10:39:36 - [TEST_STEP][PASSED] - waitForElementClickable(findTestObject("1-OBJECTS TAREAS PRINCIPALES/Modulo Tarea Compensacion/Ejecutar Reporte Planilla/a_Descargar"), 0): Object 'Object Repository/1-OBJECTS TAREAS PRINCIPALES/Modulo Tarea Compensacion/Ejecutar Reporte Planilla/a_Descargar' is clickable

2022-04-29 10:39:36 - [MESSAGE][WARNING] - Timeout '0' is invalid. Using default page load timeout: '45'

2022-04-29 10:39:39 - [MESSAGE][PASSED] - Object 'Object Repository/1-OBJECTS TAREAS PRINCIPALES/Modulo Tarea Compensacion/Ejecutar Reporte Planilla/a_Descargar' is clickable

2022-04-29 10:39:39 - [TEST_STEP][PASSED] - click(findTestObject("1-OBJECTS TAREAS PRINCIPALES/Modulo Tarea Compensacion/Ejecutar Reporte Planilla/a_Descargar")): Object: 'Object Repository/1-OBJECTS TAREAS PRINCIPALES/Modulo Tarea Compensacion/Ejecutar Reporte Planilla/a_Descargar' is clicked on

2022-04-29 10:39:40 - [MESSAGE][PASSED] - Object: 'Object Repository/1-OBJECTS TAREAS PRINCIPALES/Modulo Tarea Compensacion/Ejecutar Reporte Planilla/a_Descargar' is clicked on

2022-04-29 10:39:40 - [TEST_STEP][PASSED] - click(findTestObject("1-OBJECTS TAREAS PRINCIPALES/Modulo Tarea Compensacion/Ejecutar Reporte Planilla/a_Periodo Nomina_Cerrar")): Object: 'Object Repository/1-OBJECTS TAREAS PRINCIPALES/Modulo Tarea Compensacion/Ejecutar Reporte Planilla/a_Periodo Nomina_Cerrar' is clicked on

2022-04-29 10:39:40 - [MESSAGE][PASSED] - Object: 'Object Repository/1-OBJECTS TAREAS PRINCIPALES/Modulo Tarea Compensacion/Ejecutar Reporte Planilla/a_Periodo Nomina_Cerrar' is clicked on

2022-04-29 10:39:40 - [TEST_STEP][PASSED] - waitForElementClickable(findTestObject("1-OBJECTS TAREAS PRINCIPALES/Modulo Tarea Compensacion/Ejecutar Reporte Planilla/a_Aplicar"), 0): Object 'Object Repository/1-OBJECTS TAREAS PRINCIPALES/Modulo Tarea Compensacion/Ejecutar Reporte Planilla/a_Aplicar' is clickable

2022-04-29 10:39:40 - [MESSAGE][WARNING] - Timeout '0' is invalid. Using default page load timeout: '45'

2022-04-29 10:39:41 - [MESSAGE][PASSED] - Object 'Object Repository/1-OBJECTS TAREAS PRINCIPALES/Modulo Tarea Compensacion/Ejecutar Reporte Planilla/a_Aplicar' is clickable

2022-04-29 10:39:41 - [TEST_STEP][PASSED] - click(findTestObject("1-OBJECTS TAREAS PRINCIPALES/Modulo Tarea Compensacion/Ejecutar Reporte Planilla/a_Aplicar")): Object: 'Object Repository/1-OBJECTS TAREAS PRINCIPALES/Modulo Tarea Compensacion/Ejecutar Reporte Planilla/a_Aplicar' is clicked on

2022-04-29 10:39:41 - [MESSAGE][PASSED] - Object: 'Object Repository/1-OBJECTS TAREAS PRINCIPALES/Modulo Tarea Compensacion/Ejecutar Reporte Planilla/a_Aplicar' is clicked on

2022-04-29 10:39:41 - [TEST_STEP][PASSED] - waitForElementClickable(findTestObject("1-OBJECTS TAREAS PRINCIPALES/Modulo Tarea Compensacion/Ejecutar Reporte Planilla/span_Reporte_glyphicons glyphicons-article"), 0): Object 'Object Repository/1-OBJECTS TAREAS PRINCIPALES/Modulo Tarea Compensacion/Ejecutar Reporte Planilla/span_Reporte_glyphicons glyphicons-article' is clickable

2022-04-29 10:39:41 - [MESSAGE][WARNING] - Timeout '0' is invalid. Using default page load timeout: '45'

2022-04-29 10:39:42 - [MESSAGE][PASSED] - Object 'Object Repository/1-OBJECTS TAREAS PRINCIPALES/Modulo Tarea Compensacion/Ejecutar Reporte Planilla/span_Reporte_glyphicons glyphicons-article' is clickable

2022-04-29 10:39:42 - [TEST_STEP][PASSED] - click(findTestObject("1-OBJECTS TAREAS PRINCIPALES/Modulo Tarea Compensacion/Ejecutar Reporte Planilla/span_Reporte_glyphicons glyphicons-article")): Object: 'Object Repository/1-OBJECTS TAREAS PRINCIPALES/Modulo Tarea Compensacion/Ejecutar Reporte Planilla/span_Reporte_glyphicons glyphicons-article' is clicked on

2022-04-29 10:39:42 - [MESSAGE][PASSED] - Object: 'Object Repository/1-OBJECTS TAREAS PRINCIPALES/Modulo Tarea Compensacion/Ejecutar Reporte Planilla/span_Reporte_glyphicons glyphicons-article' is clicked on

2022-04-29 10:39:42 - [TEST_STEP][PASSED] - click(findTestObject("1-OBJECTS TAREAS PRINCIPALES/Modulo Tarea Compensacion/Ejecutar Reporte Planilla/label_pdf")): Object: 'Object Repository/1-OBJECTS TAREAS PRINCIPALES/Modulo Tarea Compensacion/Ejecutar Reporte Planilla/label_pdf' is clicked on

2022-04-29 10:39:43 - [MESSAGE][PASSED] - Object: 'Object Repository/1-OBJECTS TAREAS PRINCIPALES/Modulo Tarea Compensacion/Ejecutar Reporte Planilla/label_pdf' is clicked on

2022-04-29 10:39:43 - [TEST_STEP][PASSED] - click(findTestObject("1-OBJECTS TAREAS PRINCIPALES/Modulo Tarea Compensacion/Ejecutar Reporte Planilla/a_Generar Reporte")): Object: 'Object Repository/1-OBJECTS TAREAS PRINCIPALES/Modulo Tarea Compensacion/Ejecutar Reporte Planilla/a_Generar Reporte' is clicked on

2022-04-29 10:39:43 - [MESSAGE][PASSED] - Object: 'Object Repository/1-OBJECTS TAREAS PRINCIPALES/Modulo Tarea Compensacion/Ejecutar Reporte Planilla/a_Generar Reporte' is clicked on

2022-04-29 10:39:43 - [TEST_STEP][PASSED] - waitForElementClickable(findTestObject("1-OBJECTS TAREAS PRINCIPALES/Modulo Tarea Compensacion/Ejecutar Reporte Planilla/a_Descargar"), 0): Object 'Object Repository/1-OBJECTS TAREAS PRINCIPALES/Modulo Tarea Compensacion/Ejecutar Reporte Planilla/a_Descargar' is clickable

2022-04-29 10:39:43 - [MESSAGE][WARNING] - Timeout '0' is invalid. Using default page load timeout: '45'

2022-04-29 10:39:45 - [MESSAGE][PASSED] - Object 'Object Repository/1-OBJECTS TAREAS PRINCIPALES/Modulo Tarea Compensacion/Ejecutar Reporte Planilla/a_Descargar' is clickable

2022-04-29 10:39:45 - [TEST_STEP][PASSED] - click(findTestObject("1-OBJECTS TAREAS PRINCIPALES/Modulo Tarea Compensacion/Ejecutar Reporte Planilla/a_Descargar")): Object: 'Object Repository/1-OBJECTS TAREAS PRINCIPALES/Modulo Tarea Compensacion/Ejecutar Reporte Planilla/a_Descargar' is clicked on

2022-04-29 10:39:45 - [MESSAGE][PASSED] - Object: 'Object Repository/1-OBJECTS TAREAS PRINCIPALES/Modulo Tarea Compensacion/Ejecutar Reporte Planilla/a_Descargar' is clicked on

2022-04-29 10:39:45 - [TEST_STEP][PASSED] - click(findTestObject("1-OBJECTS TAREAS PRINCIPALES/Modulo Tarea Compensacion/Ejecutar Reporte Planilla/a_Periodo Nomina_Cerrar")): Object: 'Object Repository/1-OBJECTS TAREAS PRINCIPALES/Modulo Tarea Compensacion/Ejecutar Reporte Planilla/a_Periodo Nomina_Cerrar' is clicked on

2022-04-29 10:39:46 - [MESSAGE][PASSED] - Object: 'Object Repository/1-OBJECTS TAREAS PRINCIPALES/Modulo Tarea Compensacion/Ejecutar Reporte Planilla/a_Periodo Nomina_Cerrar' is clicked on

2022-04-29 10:39:46 - [TEST_STEP][PASSED] - waitForElementClickable(findTestObject("1-OBJECTS TAREAS PRINCIPALES/Modulo Tarea Compensacion/Ejecutar Reporte Planilla/input_Actos Administrativos_ejecutarReporte"), 0): Object 'Object Repository/1-OBJECTS TAREAS PRINCIPALES/Modulo Tarea Compensacion/Ejecutar Reporte Planilla/input_Actos Administrativos_ejecutarReporte' is clickable

2022-04-29 10:39:46 - [MESSAGE][WARNING] - Timeout '0' is invalid. Using default page load timeout: '45'

2022-04-29 10:39:46 - [MESSAGE][PASSED] - Object 'Object Repository/1-OBJECTS TAREAS PRINCIPALES/Modulo Tarea Compensacion/Ejecutar Reporte Planilla/input_Actos Administrativos_ejecutarReporte' is clickable

2022-04-29 10:39:46 - [TEST_STEP][PASSED] - setText(findTestObject("1-OBJECTS TAREAS PRINCIPALES/Modulo Tarea Compensacion/Ejecutar Reporte Planilla/input_Actos Administrativos_ejecutarReporte"), "PPN - REPORTE PLANILLA NOMINA"): Text 'PPN - REPORTE PLANILLA NOMINA' is set on object 'Object Repository/1-OBJECTS TAREAS PRINCIPALES/Modulo Tarea Compensacion/Ejecutar Reporte Planilla/input_Actos Administrativos_ejecutarReporte'

2022-04-29 10:39:47 - [MESSAGE][PASSED] - Text 'PPN - REPORTE PLANILLA NOMINA' is set on object 'Object Repository/1-OBJECTS TAREAS PRINCIPALES/Modulo Tarea Compensacion/Ejecutar Reporte Planilla/input_Actos Administrativos_ejecutarReporte'

2022-04-29 10:39:47 - [TEST_STEP][PASSED] - click(findTestObject("1-OBJECTS TAREAS PRINCIPALES/Modulo Tarea Compensacion/Ejecutar Reporte Planilla/a_Actos Administrativos_ejecutarReportePlanillaj_idt61")): Object: 'Object Repository/1-OBJECTS TAREAS PRINCIPALES/Modulo Tarea Compensacion/Ejecutar Reporte Planilla/a_Actos Administrativos_ejecutarReportePlanillaj_idt61' is clicked on

2022-04-29 10:39:48 - [MESSAGE][PASSED] - Object: 'Object Repository/1-OBJECTS TAREAS PRINCIPALES/Modulo Tarea Compensacion/Ejecutar Reporte Planilla/a_Actos Administrativos_ejecutarReportePlanillaj_idt61' is clicked on

2022-04-29 10:39:48 - [TEST_STEP][PASSED] - click(findTestObject("1-OBJECTS TAREAS PRINCIPALES/Modulo Tarea Compensacion/Ejecutar Reporte Planilla/a_Actos Administrativos_ejecutarReportePlanillaj_idt61")): Object: 'Object Repository/1-OBJECTS TAREAS PRINCIPALES/Modulo Tarea Compensacion/Ejecutar Reporte Planilla/a_Actos Administrativos_ejecutarReportePlanillaj_idt61' is clicked on

2022-04-29 10:39:48 - [MESSAGE][PASSED] - Object: 'Object Repository/1-OBJECTS TAREAS PRINCIPALES/Modulo Tarea Compensacion/Ejecutar Reporte Planilla/a_Actos Administrativos_ejecutarReportePlanillaj_idt61' is clicked on

2022-04-29 10:39:48 - [TEST_STEP][PASSED] - waitForElementClickable(findTestObject("1-OBJECTS TAREAS PRINCIPALES/Modulo Tarea Compensacion/Ejecutar Reporte Planilla/td_CNC- CONSOLIDADO PERIODO DE NOMINA POR LINEA CCOSTO"), 0): Object 'Object Repository/1-OBJECTS TAREAS PRINCIPALES/Modulo Tarea Compensacion/Ejecutar Reporte Planilla/td_CNC- CONSOLIDADO PERIODO DE NOMINA POR LINEA CCOSTO' is clickable

2022-04-29 10:39:48 - [MESSAGE][WARNING] - Timeout '0' is invalid. Using default page load timeout: '45'

2022-04-29 10:39:49 - [MESSAGE][PASSED] - Object 'Object Repository/1-OBJECTS TAREAS PRINCIPALES/Modulo Tarea Compensacion/Ejecutar Reporte Planilla/td_CNC- CONSOLIDADO PERIODO DE NOMINA POR LINEA CCOSTO' is clickable

2022-04-29 10:39:49 - [TEST_STEP][PASSED] - click(findTestObject("1-OBJECTS TAREAS PRINCIPALES/Modulo Tarea Compensacion/Ejecutar Reporte Planilla/td_CNC- CONSOLIDADO PERIODO DE NOMINA POR LINEA CCOSTO")): Object: 'Object Repository/1-OBJECTS TAREAS PRINCIPALES/Modulo Tarea Compensacion/Ejecutar Reporte Planilla/td_CNC- CONSOLIDADO PERIODO DE NOMINA POR LINEA CCOSTO' is clicked on

2022-04-29 10:39:50 - [MESSAGE][PASSED] - Object: 'Object Repository/1-OBJECTS TAREAS PRINCIPALES/Modulo Tarea Compensacion/Ejecutar Reporte Planilla/td_CNC- CONSOLIDADO PERIODO DE NOMINA POR LINEA CCOSTO' is clicked on

2022-04-29 10:39:50 - [TEST_STEP][PASSED] - waitForElementClickable(findTestObject("1-OBJECTS TAREAS PRINCIPALES/Modulo Tarea Compensacion/Ejecutar Reporte Planilla/a_Periodo Nomina_ejecutarRepor"), 0): Object 'Object Repository/1-OBJECTS TAREAS PRINCIPALES/Modulo Tarea Compensacion/Ejecutar Reporte Planilla/a_Periodo Nomina_ejecutarRepor' is clickable

2022-04-29 10:39:50 - [MESSAGE][WARNING] - Timeout '0' is invalid. Using default page load timeout: '45'

2022-04-29 10:39:50 - [MESSAGE][PASSED] - Object 'Object Repository/1-OBJECTS TAREAS PRINCIPALES/Modulo Tarea Compensacion/Ejecutar Reporte Planilla/a_Periodo Nomina_ejecutarRepor' is clickable

2022-04-29 10:39:50 - [TEST_STEP][PASSED] - click(findTestObject("1-OBJECTS TAREAS PRINCIPALES/Modulo Tarea Compensacion/Ejecutar Reporte Planilla/a_Periodo Nomina_ejecutarRepor")): Object: 'Object Repository/1-OBJECTS TAREAS PRINCIPALES/Modulo Tarea Compensacion/Ejecutar Reporte Planilla/a_Periodo Nomina_ejecutarRepor' is clicked on

2022-04-29 10:39:51 - [MESSAGE][PASSED] - Object: 'Object Repository/1-OBJECTS TAREAS PRINCIPALES/Modulo Tarea Compensacion/Ejecutar Reporte Planilla/a_Periodo Nomina_ejecutarRepor' is clicked on

2022-04-29 10:39:51 - [TEST_STEP][PASSED] - waitForElementClickable(findTestObject("1-OBJECTS TAREAS PRINCIPALES/Modulo Tarea Compensacion/Ejecutar Reporte Planilla/select_--  Seleccione  --Periodo CerradoPeriodo en Proceso"), 0): Object 'Object Repository/1-OBJECTS TAREAS PRINCIPALES/Modulo Tarea Compensacion/Ejecutar Reporte Planilla/select_--  Seleccione  --Periodo CerradoPeriodo en Proceso' is clickable

2022-04-29 10:39:51 - [MESSAGE][WARNING] - Timeout '0' is invalid. Using default page load timeout: '45'

2022-04-29 10:39:51 - [MESSAGE][PASSED] - Object 'Object Repository/1-OBJECTS TAREAS PRINCIPALES/Modulo Tarea Compensacion/Ejecutar Reporte Planilla/select_--  Seleccione  --Periodo CerradoPeriodo en Proceso' is clickable

2022-04-29 10:39:51 - [TEST_STEP][PASSED] - selectOptionByIndex(findTestObject("1-OBJECTS TAREAS PRINCIPALES/Modulo Tarea Compensacion/Ejecutar Reporte Planilla/select_--  Seleccione  --Periodo CerradoPeriodo en Proceso"), "2", STOP_ON_FAILURE): All options with index in [2] are selected on object 'Object Repository/1-OBJECTS TAREAS PRINCIPALES/Modulo Tarea Compensacion/Ejecutar Reporte Planilla/select_--  Seleccione  --Periodo CerradoPeriodo en Proceso'

2022-04-29 10:39:52 - [MESSAGE][PASSED] - All options with index in [2] are selected on object 'Object Repository/1-OBJECTS TAREAS PRINCIPALES/Modulo Tarea Compensacion/Ejecutar Reporte Planilla/select_--  Seleccione  --Periodo CerradoPeriodo en Proceso'

2022-04-29 10:39:52 - [TEST_STEP][PASSED] - waitForElementClickable(findTestObject("1-OBJECTS TAREAS PRINCIPALES/Modulo Tarea Compensacion/Ejecutar Reporte Planilla/span_P. MensualJunio2021"), 0): Object 'Object Repository/1-OBJECTS TAREAS PRINCIPALES/Modulo Tarea Compensacion/Ejecutar Reporte Planilla/span_P. MensualJunio2021' is clickable

2022-04-29 10:39:52 - [MESSAGE][WARNING] - Timeout '0' is invalid. Using default page load timeout: '45'

2022-04-29 10:39:53 - [MESSAGE][PASSED] - Object 'Object Repository/1-OBJECTS TAREAS PRINCIPALES/Modulo Tarea Compensacion/Ejecutar Reporte Planilla/span_P. MensualJunio2021' is clickable

2022-04-29 10:39:53 - [TEST_STEP][PASSED] - click(findTestObject("1-OBJECTS TAREAS PRINCIPALES/Modulo Tarea Compensacion/Ejecutar Reporte Planilla/span_P. MensualJunio2021")): Object: 'Object Repository/1-OBJECTS TAREAS PRINCIPALES/Modulo Tarea Compensacion/Ejecutar Reporte Planilla/span_P. MensualJunio2021' is clicked on

2022-04-29 10:39:53 - [MESSAGE][PASSED] - Object: 'Object Repository/1-OBJECTS TAREAS PRINCIPALES/Modulo Tarea Compensacion/Ejecutar Reporte Planilla/span_P. MensualJunio2021' is clicked on

2022-04-29 10:39:53 - [TEST_STEP][PASSED] - waitForElementClickable(findTestObject("1-OBJECTS TAREAS PRINCIPALES/Modulo Tarea Compensacion/Ejecutar Reporte Planilla/select_SeleccioneTodosFuera de Nmina"), 0): Object 'Object Repository/1-OBJECTS TAREAS PRINCIPALES/Modulo Tarea Compensacion/Ejecutar Reporte Planilla/select_SeleccioneTodosFuera de Nmina' is clickable

2022-04-29 10:39:53 - [MESSAGE][WARNING] - Timeout '0' is invalid. Using default page load timeout: '45'

2022-04-29 10:39:54 - [MESSAGE][PASSED] - Object 'Object Repository/1-OBJECTS TAREAS PRINCIPALES/Modulo Tarea Compensacion/Ejecutar Reporte Planilla/select_SeleccioneTodosFuera de Nmina' is clickable

2022-04-29 10:39:54 - [TEST_STEP][PASSED] - selectOptionByIndex(findTestObject("1-OBJECTS TAREAS PRINCIPALES/Modulo Tarea Compensacion/Ejecutar Reporte Planilla/select_SeleccioneTodosFuera de Nmina"), "1"): All options with index in [1] are selected on object 'Object Repository/1-OBJECTS TAREAS PRINCIPALES/Modulo Tarea Compensacion/Ejecutar Reporte Planilla/select_SeleccioneTodosFuera de Nmina'

2022-04-29 10:39:55 - [MESSAGE][PASSED] - All options with index in [1] are selected on object 'Object Repository/1-OBJECTS TAREAS PRINCIPALES/Modulo Tarea Compensacion/Ejecutar Reporte Planilla/select_SeleccioneTodosFuera de Nmina'

2022-04-29 10:39:55 - [TEST_STEP][PASSED] - click(findTestObject("1-OBJECTS TAREAS PRINCIPALES/Modulo Tarea Compensacion/Ejecutar Reporte Planilla/a_Aplicar")): Object: 'Object Repository/1-OBJECTS TAREAS PRINCIPALES/Modulo Tarea Compensacion/Ejecutar Reporte Planilla/a_Aplicar' is clicked on

2022-04-29 10:39:55 - [MESSAGE][PASSED] - Object: 'Object Repository/1-OBJECTS TAREAS PRINCIPALES/Modulo Tarea Compensacion/Ejecutar Reporte Planilla/a_Aplicar' is clicked on

2022-04-29 10:39:55 - [TEST_STEP][PASSED] - waitForElementClickable(findTestObject("1-OBJECTS TAREAS PRINCIPALES/Modulo Tarea Compensacion/Ejecutar Reporte Planilla/span_Reporte_glyphicons glyphicons-article"), 0): Object 'Object Repository/1-OBJECTS TAREAS PRINCIPALES/Modulo Tarea Compensacion/Ejecutar Reporte Planilla/span_Reporte_glyphicons glyphicons-article' is clickable

2022-04-29 10:39:55 - [MESSAGE][WARNING] - Timeout '0' is invalid. Using default page load timeout: '45'

2022-04-29 10:39:56 - [MESSAGE][PASSED] - Object 'Object Repository/1-OBJECTS TAREAS PRINCIPALES/Modulo Tarea Compensacion/Ejecutar Reporte Planilla/span_Reporte_glyphicons glyphicons-article' is clickable

2022-04-29 10:39:56 - [TEST_STEP][PASSED] - click(findTestObject("1-OBJECTS TAREAS PRINCIPALES/Modulo Tarea Compensacion/Ejecutar Reporte Planilla/span_Reporte_glyphicons glyphicons-article")): Object: 'Object Repository/1-OBJECTS TAREAS PRINCIPALES/Modulo Tarea Compensacion/Ejecutar Reporte Planilla/span_Reporte_glyphicons glyphicons-article' is clicked on

2022-04-29 10:39:56 - [MESSAGE][PASSED] - Object: 'Object Repository/1-OBJECTS TAREAS PRINCIPALES/Modulo Tarea Compensacion/Ejecutar Reporte Planilla/span_Reporte_glyphicons glyphicons-article' is clicked on

2022-04-29 10:39:56 - [TEST_STEP][PASSED] - click(findTestObject("1-OBJECTS TAREAS PRINCIPALES/Modulo Tarea Compensacion/Ejecutar Reporte Planilla/label_xlsData")): Object: 'Object Repository/1-OBJECTS TAREAS PRINCIPALES/Modulo Tarea Compensacion/Ejecutar Reporte Planilla/label_xlsData' is clicked on

2022-04-29 10:39:57 - [MESSAGE][PASSED] - Object: 'Object Repository/1-OBJECTS TAREAS PRINCIPALES/Modulo Tarea Compensacion/Ejecutar Reporte Planilla/label_xlsData' is clicked on

2022-04-29 10:39:57 - [TEST_STEP][PASSED] - click(findTestObject("1-OBJECTS TAREAS PRINCIPALES/Modulo Tarea Compensacion/Ejecutar Reporte Planilla/a_Generar Reporte")): Object: 'Object Repository/1-OBJECTS TAREAS PRINCIPALES/Modulo Tarea Compensacion/Ejecutar Reporte Planilla/a_Generar Reporte' is clicked on

2022-04-29 10:39:57 - [MESSAGE][PASSED] - Object: 'Object Repository/1-OBJECTS TAREAS PRINCIPALES/Modulo Tarea Compensacion/Ejecutar Reporte Planilla/a_Generar Reporte' is clicked on

2022-04-29 10:39:57 - [TEST_STEP][PASSED] - waitForElementClickable(findTestObject("1-OBJECTS TAREAS PRINCIPALES/Modulo Tarea Compensacion/Ejecutar Reporte Planilla/a_Descargar"), 0): Object 'Object Repository/1-OBJECTS TAREAS PRINCIPALES/Modulo Tarea Compensacion/Ejecutar Reporte Planilla/a_Descargar' is clickable

2022-04-29 10:39:57 - [MESSAGE][WARNING] - Timeout '0' is invalid. Using default page load timeout: '45'

2022-04-29 10:40:01 - [MESSAGE][PASSED] - Object 'Object Repository/1-OBJECTS TAREAS PRINCIPALES/Modulo Tarea Compensacion/Ejecutar Reporte Planilla/a_Descargar' is clickable

2022-04-29 10:40:01 - [TEST_STEP][PASSED] - click(findTestObject("1-OBJECTS TAREAS PRINCIPALES/Modulo Tarea Compensacion/Ejecutar Reporte Planilla/a_Descargar")): Object: 'Object Repository/1-OBJECTS TAREAS PRINCIPALES/Modulo Tarea Compensacion/Ejecutar Reporte Planilla/a_Descargar' is clicked on

2022-04-29 10:40:01 - [MESSAGE][PASSED] - Object: 'Object Repository/1-OBJECTS TAREAS PRINCIPALES/Modulo Tarea Compensacion/Ejecutar Reporte Planilla/a_Descargar' is clicked on

2022-04-29 10:40:01 - [TEST_STEP][PASSED] - click(findTestObject("1-OBJECTS TAREAS PRINCIPALES/Modulo Tarea Compensacion/Ejecutar Reporte Planilla/a_Periodo Nomina_Cerrar")): Object: 'Object Repository/1-OBJECTS TAREAS PRINCIPALES/Modulo Tarea Compensacion/Ejecutar Reporte Planilla/a_Periodo Nomina_Cerrar' is clicked on

2022-04-29 10:40:02 - [MESSAGE][PASSED] - Object: 'Object Repository/1-OBJECTS TAREAS PRINCIPALES/Modulo Tarea Compensacion/Ejecutar Reporte Planilla/a_Periodo Nomina_Cerrar' is clicked on

2022-04-29 10:40:02 - [TEST_STEP][PASSED] - waitForElementClickable(findTestObject("1-OBJECTS TAREAS PRINCIPALES/Modulo Tarea Compensacion/Ejecutar Reporte Planilla/a_Aplicar"), 0): Object 'Object Repository/1-OBJECTS TAREAS PRINCIPALES/Modulo Tarea Compensacion/Ejecutar Reporte Planilla/a_Aplicar' is clickable

2022-04-29 10:40:02 - [MESSAGE][WARNING] - Timeout '0' is invalid. Using default page load timeout: '45'

2022-04-29 10:40:02 - [MESSAGE][PASSED] - Object 'Object Repository/1-OBJECTS TAREAS PRINCIPALES/Modulo Tarea Compensacion/Ejecutar Reporte Planilla/a_Aplicar' is clickable

2022-04-29 10:40:02 - [TEST_STEP][PASSED] - click(findTestObject("1-OBJECTS TAREAS PRINCIPALES/Modulo Tarea Compensacion/Ejecutar Reporte Planilla/a_Aplicar")): Object: 'Object Repository/1-OBJECTS TAREAS PRINCIPALES/Modulo Tarea Compensacion/Ejecutar Reporte Planilla/a_Aplicar' is clicked on

2022-04-29 10:40:03 - [MESSAGE][PASSED] - Object: 'Object Repository/1-OBJECTS TAREAS PRINCIPALES/Modulo Tarea Compensacion/Ejecutar Reporte Planilla/a_Aplicar' is clicked on

2022-04-29 10:40:03 - [TEST_STEP][PASSED] - waitForElementClickable(findTestObject("1-OBJECTS TAREAS PRINCIPALES/Modulo Tarea Compensacion/Ejecutar Reporte Planilla/span_Reporte_glyphicons glyphicons-article"), 0): Object 'Object Repository/1-OBJECTS TAREAS PRINCIPALES/Modulo Tarea Compensacion/Ejecutar Reporte Planilla/span_Reporte_glyphicons glyphicons-article' is clickable

2022-04-29 10:40:03 - [MESSAGE][WARNING] - Timeout '0' is invalid. Using default page load timeout: '45'

2022-04-29 10:40:03 - [MESSAGE][PASSED] - Object 'Object Repository/1-OBJECTS TAREAS PRINCIPALES/Modulo Tarea Compensacion/Ejecutar Reporte Planilla/span_Reporte_glyphicons glyphicons-article' is clickable

2022-04-29 10:40:03 - [TEST_STEP][PASSED] - click(findTestObject("1-OBJECTS TAREAS PRINCIPALES/Modulo Tarea Compensacion/Ejecutar Reporte Planilla/span_Reporte_glyphicons glyphicons-article")): Object: 'Object Repository/1-OBJECTS TAREAS PRINCIPALES/Modulo Tarea Compensacion/Ejecutar Reporte Planilla/span_Reporte_glyphicons glyphicons-article' is clicked on

2022-04-29 10:40:03 - [MESSAGE][PASSED] - Object: 'Object Repository/1-OBJECTS TAREAS PRINCIPALES/Modulo Tarea Compensacion/Ejecutar Reporte Planilla/span_Reporte_glyphicons glyphicons-article' is clicked on

2022-04-29 10:40:03 - [TEST_STEP][PASSED] - click(findTestObject("1-OBJECTS TAREAS PRINCIPALES/Modulo Tarea Compensacion/Ejecutar Reporte Planilla/label_pdf")): Object: 'Object Repository/1-OBJECTS TAREAS PRINCIPALES/Modulo Tarea Compensacion/Ejecutar Reporte Planilla/label_pdf' is clicked on

2022-04-29 10:40:04 - [MESSAGE][PASSED] - Object: 'Object Repository/1-OBJECTS TAREAS PRINCIPALES/Modulo Tarea Compensacion/Ejecutar Reporte Planilla/label_pdf' is clicked on

2022-04-29 10:40:04 - [TEST_STEP][PASSED] - click(findTestObject("1-OBJECTS TAREAS PRINCIPALES/Modulo Tarea Compensacion/Ejecutar Reporte Planilla/a_Generar Reporte")): Object: 'Object Repository/1-OBJECTS TAREAS PRINCIPALES/Modulo Tarea Compensacion/Ejecutar Reporte Planilla/a_Generar Reporte' is clicked on

2022-04-29 10:40:05 - [MESSAGE][PASSED] - Object: 'Object Repository/1-OBJECTS TAREAS PRINCIPALES/Modulo Tarea Compensacion/Ejecutar Reporte Planilla/a_Generar Reporte' is clicked on

2022-04-29 10:40:05 - [TEST_STEP][PASSED] - waitForElementClickable(findTestObject("1-OBJECTS TAREAS PRINCIPALES/Modulo Tarea Compensacion/Ejecutar Reporte Planilla/a_Descargar"), 0): Object 'Object Repository/1-OBJECTS TAREAS PRINCIPALES/Modulo Tarea Compensacion/Ejecutar Reporte Planilla/a_Descargar' is clickable

2022-04-29 10:40:05 - [MESSAGE][WARNING] - Timeout '0' is invalid. Using default page load timeout: '45'

2022-04-29 10:40:08 - [MESSAGE][PASSED] - Object 'Object Repository/1-OBJECTS TAREAS PRINCIPALES/Modulo Tarea Compensacion/Ejecutar Reporte Planilla/a_Descargar' is clickable

2022-04-29 10:40:08 - [TEST_STEP][PASSED] - click(findTestObject("1-OBJECTS TAREAS PRINCIPALES/Modulo Tarea Compensacion/Ejecutar Reporte Planilla/a_Descargar")): Object: 'Object Repository/1-OBJECTS TAREAS PRINCIPALES/Modulo Tarea Compensacion/Ejecutar Reporte Planilla/a_Descargar' is clicked on

2022-04-29 10:40:09 - [MESSAGE][PASSED] - Object: 'Object Repository/1-OBJECTS TAREAS PRINCIPALES/Modulo Tarea Compensacion/Ejecutar Reporte Planilla/a_Descargar' is clicked on

2022-04-29 10:40:09 - [TEST_STEP][PASSED] - click(findTestObject("1-OBJECTS TAREAS PRINCIPALES/Modulo Tarea Compensacion/Ejecutar Reporte Planilla/a_Periodo Nomina_Cerrar")): Object: 'Object Repository/1-OBJECTS TAREAS PRINCIPALES/Modulo Tarea Compensacion/Ejecutar Reporte Planilla/a_Periodo Nomina_Cerrar' is clicked on

2022-04-29 10:40:09 - [MESSAGE][PASSED] - Object: 'Object Repository/1-OBJECTS TAREAS PRINCIPALES/Modulo Tarea Compensacion/Ejecutar Reporte Planilla/a_Periodo Nomina_Cerrar' is clicked on

2022-04-29 10:40:09 - [TEST_STEP][PASSED] - waitForElementClickable(findTestObject("1-OBJECTS TAREAS PRINCIPALES/Modulo Tarea Compensacion/Ejecutar Reporte Planilla/input_Actos Administrativos_ejecutarReporte"), 0): Object 'Object Repository/1-OBJECTS TAREAS PRINCIPALES/Modulo Tarea Compensacion/Ejecutar Reporte Planilla/input_Actos Administrativos_ejecutarReporte' is clickable

2022-04-29 10:40:09 - [MESSAGE][WARNING] - Timeout '0' is invalid. Using default page load timeout: '45'

2022-04-29 10:40:10 - [MESSAGE][PASSED] - Object 'Object Repository/1-OBJECTS TAREAS PRINCIPALES/Modulo Tarea Compensacion/Ejecutar Reporte Planilla/input_Actos Administrativos_ejecutarReporte' is clickable

2022-04-29 10:40:10 - [TEST_STEP][PASSED] - setText(findTestObject("1-OBJECTS TAREAS PRINCIPALES/Modulo Tarea Compensacion/Ejecutar Reporte Planilla/input_Actos Administrativos_ejecutarReporte"), "CMT - ACUMULADO MENSUAL CONCEPTOS DE NOMINA (PAGADO)"): Text 'CMT - ACUMULADO MENSUAL CONCEPTOS DE NOMINA (PAGADO)' is set on object 'Object Repository/1-OBJECTS TAREAS PRINCIPALES/Modulo Tarea Compensacion/Ejecutar Reporte Planilla/input_Actos Administrativos_ejecutarReporte'

2022-04-29 10:40:11 - [MESSAGE][PASSED] - Text 'CMT - ACUMULADO MENSUAL CONCEPTOS DE NOMINA (PAGADO)' is set on object 'Object Repository/1-OBJECTS TAREAS PRINCIPALES/Modulo Tarea Compensacion/Ejecutar Reporte Planilla/input_Actos Administrativos_ejecutarReporte'

2022-04-29 10:40:11 - [TEST_STEP][PASSED] - click(findTestObject("1-OBJECTS TAREAS PRINCIPALES/Modulo Tarea Compensacion/Ejecutar Reporte Planilla/a_Actos Administrativos_ejecutarReportePlanillaj_idt61")): Object: 'Object Repository/1-OBJECTS TAREAS PRINCIPALES/Modulo Tarea Compensacion/Ejecutar Reporte Planilla/a_Actos Administrativos_ejecutarReportePlanillaj_idt61' is clicked on

2022-04-29 10:40:11 - [MESSAGE][PASSED] - Object: 'Object Repository/1-OBJECTS TAREAS PRINCIPALES/Modulo Tarea Compensacion/Ejecutar Reporte Planilla/a_Actos Administrativos_ejecutarReportePlanillaj_idt61' is clicked on

2022-04-29 10:40:11 - [TEST_STEP][PASSED] - click(findTestObject("1-OBJECTS TAREAS PRINCIPALES/Modulo Tarea Compensacion/Ejecutar Reporte Planilla/a_Actos Administrativos_ejecutarReportePlanillaj_idt61")): Object: 'Object Repository/1-OBJECTS TAREAS PRINCIPALES/Modulo Tarea Compensacion/Ejecutar Reporte Planilla/a_Actos Administrativos_ejecutarReportePlanillaj_idt61' is clicked on

2022-04-29 10:40:11 - [MESSAGE][PASSED] - Object: 'Object Repository/1-OBJECTS TAREAS PRINCIPALES/Modulo Tarea Compensacion/Ejecutar Reporte Planilla/a_Actos Administrativos_ejecutarReportePlanillaj_idt61' is clicked on

2022-04-29 10:40:11 - [TEST_STEP][PASSED] - waitForElementClickable(findTestObject("1-OBJECTS TAREAS PRINCIPALES/Modulo Tarea Compensacion/Ejecutar Reporte Planilla/td_CNC- CONSOLIDADO PERIODO DE NOMINA POR LINEA CCOSTO"), 0): Object 'Object Repository/1-OBJECTS TAREAS PRINCIPALES/Modulo Tarea Compensacion/Ejecutar Reporte Planilla/td_CNC- CONSOLIDADO PERIODO DE NOMINA POR LINEA CCOSTO' is clickable

2022-04-29 10:40:11 - [MESSAGE][WARNING] - Timeout '0' is invalid. Using default page load timeout: '45'

2022-04-29 10:40:12 - [MESSAGE][PASSED] - Object 'Object Repository/1-OBJECTS TAREAS PRINCIPALES/Modulo Tarea Compensacion/Ejecutar Reporte Planilla/td_CNC- CONSOLIDADO PERIODO DE NOMINA POR LINEA CCOSTO' is clickable

2022-04-29 10:40:12 - [TEST_STEP][PASSED] - click(findTestObject("1-OBJECTS TAREAS PRINCIPALES/Modulo Tarea Compensacion/Ejecutar Reporte Planilla/td_CNC- CONSOLIDADO PERIODO DE NOMINA POR LINEA CCOSTO")): Object: 'Object Repository/1-OBJECTS TAREAS PRINCIPALES/Modulo Tarea Compensacion/Ejecutar Reporte Planilla/td_CNC- CONSOLIDADO PERIODO DE NOMINA POR LINEA CCOSTO' is clicked on

2022-04-29 10:40:13 - [MESSAGE][PASSED] - Object: 'Object Repository/1-OBJECTS TAREAS PRINCIPALES/Modulo Tarea Compensacion/Ejecutar Reporte Planilla/td_CNC- CONSOLIDADO PERIODO DE NOMINA POR LINEA CCOSTO' is clicked on

2022-04-29 10:40:13 - [TEST_STEP][PASSED] - setText(findTestObject("1-OBJECTS TAREAS PRINCIPALES/Modulo Tarea Compensacion/Ejecutar Reporte Planilla/input_Rango Fechas_ejecutarReportePlanillafechaInicio_input"), "01/07/2021"): Text '01/07/2021' is set on object 'Object Repository/1-OBJECTS TAREAS PRINCIPALES/Modulo Tarea Compensacion/Ejecutar Reporte Planilla/input_Rango Fechas_ejecutarReportePlanillafechaInicio_input'

2022-04-29 10:40:14 - [MESSAGE][PASSED] - Text '01/07/2021' is set on object 'Object Repository/1-OBJECTS TAREAS PRINCIPALES/Modulo Tarea Compensacion/Ejecutar Reporte Planilla/input_Rango Fechas_ejecutarReportePlanillafechaInicio_input'

2022-04-29 10:40:14 - [TEST_STEP][PASSED] - setText(findTestObject("1-OBJECTS TAREAS PRINCIPALES/Modulo Tarea Compensacion/Ejecutar Reporte Planilla/input_Rango Fechas_ejecutarReportePlanillafechaFinal_input"), "30/07/2021"): Text '30/07/2021' is set on object 'Object Repository/1-OBJECTS TAREAS PRINCIPALES/Modulo Tarea Compensacion/Ejecutar Reporte Planilla/input_Rango Fechas_ejecutarReportePlanillafechaFinal_input'

2022-04-29 10:40:15 - [MESSAGE][PASSED] - Text '30/07/2021' is set on object 'Object Repository/1-OBJECTS TAREAS PRINCIPALES/Modulo Tarea Compensacion/Ejecutar Reporte Planilla/input_Rango Fechas_ejecutarReportePlanillafechaFinal_input'

2022-04-29 10:40:15 - [TEST_STEP][PASSED] - click(findTestObject("1-OBJECTS TAREAS PRINCIPALES/Modulo Tarea Compensacion/Ejecutar Reporte Planilla/a_Aplicar")): Object: 'Object Repository/1-OBJECTS TAREAS PRINCIPALES/Modulo Tarea Compensacion/Ejecutar Reporte Planilla/a_Aplicar' is clicked on

2022-04-29 10:40:15 - [MESSAGE][PASSED] - Object: 'Object Repository/1-OBJECTS TAREAS PRINCIPALES/Modulo Tarea Compensacion/Ejecutar Reporte Planilla/a_Aplicar' is clicked on

2022-04-29 10:40:15 - [TEST_STEP][PASSED] - waitForElementClickable(findTestObject("1-OBJECTS TAREAS PRINCIPALES/Modulo Tarea Compensacion/Ejecutar Reporte Planilla/span_Reporte_glyphicons glyphicons-article"), 0): Object 'Object Repository/1-OBJECTS TAREAS PRINCIPALES/Modulo Tarea Compensacion/Ejecutar Reporte Planilla/span_Reporte_glyphicons glyphicons-article' is clickable

2022-04-29 10:40:15 - [MESSAGE][WARNING] - Timeout '0' is invalid. Using default page load timeout: '45'

2022-04-29 10:40:16 - [MESSAGE][PASSED] - Object 'Object Repository/1-OBJECTS TAREAS PRINCIPALES/Modulo Tarea Compensacion/Ejecutar Reporte Planilla/span_Reporte_glyphicons glyphicons-article' is clickable

2022-04-29 10:40:16 - [TEST_STEP][PASSED] - click(findTestObject("1-OBJECTS TAREAS PRINCIPALES/Modulo Tarea Compensacion/Ejecutar Reporte Planilla/span_Reporte_glyphicons glyphicons-article")): Object: 'Object Repository/1-OBJECTS TAREAS PRINCIPALES/Modulo Tarea Compensacion/Ejecutar Reporte Planilla/span_Reporte_glyphicons glyphicons-article' is clicked on

2022-04-29 10:40:16 - [MESSAGE][PASSED] - Object: 'Object Repository/1-OBJECTS TAREAS PRINCIPALES/Modulo Tarea Compensacion/Ejecutar Reporte Planilla/span_Reporte_glyphicons glyphicons-article' is clicked on

2022-04-29 10:40:16 - [TEST_STEP][PASSED] - click(findTestObject("1-OBJECTS TAREAS PRINCIPALES/Modulo Tarea Compensacion/Ejecutar Reporte Planilla/label_xlsData")): Object: 'Object Repository/1-OBJECTS TAREAS PRINCIPALES/Modulo Tarea Compensacion/Ejecutar Reporte Planilla/label_xlsData' is clicked on

2022-04-29 10:40:17 - [MESSAGE][PASSED] - Object: 'Object Repository/1-OBJECTS TAREAS PRINCIPALES/Modulo Tarea Compensacion/Ejecutar Reporte Planilla/label_xlsData' is clicked on

2022-04-29 10:40:17 - [TEST_STEP][PASSED] - click(findTestObject("1-OBJECTS TAREAS PRINCIPALES/Modulo Tarea Compensacion/Ejecutar Reporte Planilla/a_Generar Reporte")): Object: 'Object Repository/1-OBJECTS TAREAS PRINCIPALES/Modulo Tarea Compensacion/Ejecutar Reporte Planilla/a_Generar Reporte' is clicked on

2022-04-29 10:40:17 - [MESSAGE][PASSED] - Object: 'Object Repository/1-OBJECTS TAREAS PRINCIPALES/Modulo Tarea Compensacion/Ejecutar Reporte Planilla/a_Generar Reporte' is clicked on

2022-04-29 10:40:17 - [TEST_STEP][PASSED] - waitForElementClickable(findTestObject("1-OBJECTS TAREAS PRINCIPALES/Modulo Tarea Compensacion/Ejecutar Reporte Planilla/a_Descargar"), 0): Object 'Object Repository/1-OBJECTS TAREAS PRINCIPALES/Modulo Tarea Compensacion/Ejecutar Reporte Planilla/a_Descargar' is clickable

2022-04-29 10:40:17 - [MESSAGE][WARNING] - Timeout '0' is invalid. Using default page load timeout: '45'

2022-04-29 10:40:18 - [MESSAGE][PASSED] - Object 'Object Repository/1-OBJECTS TAREAS PRINCIPALES/Modulo Tarea Compensacion/Ejecutar Reporte Planilla/a_Descargar' is clickable

2022-04-29 10:40:18 - [TEST_STEP][PASSED] - click(findTestObject("1-OBJECTS TAREAS PRINCIPALES/Modulo Tarea Compensacion/Ejecutar Reporte Planilla/a_Descargar")): Object: 'Object Repository/1-OBJECTS TAREAS PRINCIPALES/Modulo Tarea Compensacion/Ejecutar Reporte Planilla/a_Descargar' is clicked on

2022-04-29 10:40:18 - [MESSAGE][PASSED] - Object: 'Object Repository/1-OBJECTS TAREAS PRINCIPALES/Modulo Tarea Compensacion/Ejecutar Reporte Planilla/a_Descargar' is clicked on

2022-04-29 10:40:18 - [TEST_STEP][PASSED] - click(findTestObject("1-OBJECTS TAREAS PRINCIPALES/Modulo Tarea Compensacion/Ejecutar Reporte Planilla/a_Periodo Nomina_Cerrar")): Object: 'Object Repository/1-OBJECTS TAREAS PRINCIPALES/Modulo Tarea Compensacion/Ejecutar Reporte Planilla/a_Periodo Nomina_Cerrar' is clicked on

2022-04-29 10:40:19 - [MESSAGE][PASSED] - Object: 'Object Repository/1-OBJECTS TAREAS PRINCIPALES/Modulo Tarea Compensacion/Ejecutar Reporte Planilla/a_Periodo Nomina_Cerrar' is clicked on

2022-04-29 10:40:19 - [TEST_STEP][PASSED] - waitForElementClickable(findTestObject("1-OBJECTS TAREAS PRINCIPALES/Modulo Tarea Compensacion/Ejecutar Reporte Planilla/a_Aplicar"), 0): Object 'Object Repository/1-OBJECTS TAREAS PRINCIPALES/Modulo Tarea Compensacion/Ejecutar Reporte Planilla/a_Aplicar' is clickable

2022-04-29 10:40:19 - [MESSAGE][WARNING] - Timeout '0' is invalid. Using default page load timeout: '45'

2022-04-29 10:40:20 - [MESSAGE][PASSED] - Object 'Object Repository/1-OBJECTS TAREAS PRINCIPALES/Modulo Tarea Compensacion/Ejecutar Reporte Planilla/a_Aplicar' is clickable

2022-04-29 10:40:20 - [TEST_STEP][PASSED] - click(findTestObject("1-OBJECTS TAREAS PRINCIPALES/Modulo Tarea Compensacion/Ejecutar Reporte Planilla/a_Aplicar")): Object: 'Object Repository/1-OBJECTS TAREAS PRINCIPALES/Modulo Tarea Compensacion/Ejecutar Reporte Planilla/a_Aplicar' is clicked on

2022-04-29 10:40:20 - [MESSAGE][PASSED] - Object: 'Object Repository/1-OBJECTS TAREAS PRINCIPALES/Modulo Tarea Compensacion/Ejecutar Reporte Planilla/a_Aplicar' is clicked on

2022-04-29 10:40:20 - [TEST_STEP][PASSED] - waitForElementClickable(findTestObject("1-OBJECTS TAREAS PRINCIPALES/Modulo Tarea Compensacion/Ejecutar Reporte Planilla/span_Reporte_glyphicons glyphicons-article"), 0): Object 'Object Repository/1-OBJECTS TAREAS PRINCIPALES/Modulo Tarea Compensacion/Ejecutar Reporte Planilla/span_Reporte_glyphicons glyphicons-article' is clickable

2022-04-29 10:40:20 - [MESSAGE][WARNING] - Timeout '0' is invalid. Using default page load timeout: '45'

2022-04-29 10:40:21 - [MESSAGE][PASSED] - Object 'Object Repository/1-OBJECTS TAREAS PRINCIPALES/Modulo Tarea Compensacion/Ejecutar Reporte Planilla/span_Reporte_glyphicons glyphicons-article' is clickable

2022-04-29 10:40:21 - [TEST_STEP][PASSED] - click(findTestObject("1-OBJECTS TAREAS PRINCIPALES/Modulo Tarea Compensacion/Ejecutar Reporte Planilla/span_Reporte_glyphicons glyphicons-article")): Object: 'Object Repository/1-OBJECTS TAREAS PRINCIPALES/Modulo Tarea Compensacion/Ejecutar Reporte Planilla/span_Reporte_glyphicons glyphicons-article' is clicked on

2022-04-29 10:40:21 - [MESSAGE][PASSED] - Object: 'Object Repository/1-OBJECTS TAREAS PRINCIPALES/Modulo Tarea Compensacion/Ejecutar Reporte Planilla/span_Reporte_glyphicons glyphicons-article' is clicked on

2022-04-29 10:40:21 - [TEST_STEP][PASSED] - click(findTestObject("1-OBJECTS TAREAS PRINCIPALES/Modulo Tarea Compensacion/Ejecutar Reporte Planilla/label_pdf")): Object: 'Object Repository/1-OBJECTS TAREAS PRINCIPALES/Modulo Tarea Compensacion/Ejecutar Reporte Planilla/label_pdf' is clicked on

2022-04-29 10:40:22 - [MESSAGE][PASSED] - Object: 'Object Repository/1-OBJECTS TAREAS PRINCIPALES/Modulo Tarea Compensacion/Ejecutar Reporte Planilla/label_pdf' is clicked on

2022-04-29 10:40:22 - [TEST_STEP][PASSED] - click(findTestObject("1-OBJECTS TAREAS PRINCIPALES/Modulo Tarea Compensacion/Ejecutar Reporte Planilla/a_Generar Reporte")): Object: 'Object Repository/1-OBJECTS TAREAS PRINCIPALES/Modulo Tarea Compensacion/Ejecutar Reporte Planilla/a_Generar Reporte' is clicked on

2022-04-29 10:40:22 - [MESSAGE][PASSED] - Object: 'Object Repository/1-OBJECTS TAREAS PRINCIPALES/Modulo Tarea Compensacion/Ejecutar Reporte Planilla/a_Generar Reporte' is clicked on

2022-04-29 10:40:22 - [TEST_STEP][PASSED] - waitForElementClickable(findTestObject("1-OBJECTS TAREAS PRINCIPALES/Modulo Tarea Compensacion/Ejecutar Reporte Planilla/a_Descargar"), 0): Object 'Object Repository/1-OBJECTS TAREAS PRINCIPALES/Modulo Tarea Compensacion/Ejecutar Reporte Planilla/a_Descargar' is clickable

2022-04-29 10:40:22 - [MESSAGE][WARNING] - Timeout '0' is invalid. Using default page load timeout: '45'

2022-04-29 10:40:23 - [MESSAGE][PASSED] - Object 'Object Repository/1-OBJECTS TAREAS PRINCIPALES/Modulo Tarea Compensacion/Ejecutar Reporte Planilla/a_Descargar' is clickable

2022-04-29 10:40:23 - [TEST_STEP][PASSED] - click(findTestObject("1-OBJECTS TAREAS PRINCIPALES/Modulo Tarea Compensacion/Ejecutar Reporte Planilla/a_Descargar")): Object: 'Object Repository/1-OBJECTS TAREAS PRINCIPALES/Modulo Tarea Compensacion/Ejecutar Reporte Planilla/a_Descargar' is clicked on

2022-04-29 10:40:23 - [MESSAGE][PASSED] - Object: 'Object Repository/1-OBJECTS TAREAS PRINCIPALES/Modulo Tarea Compensacion/Ejecutar Reporte Planilla/a_Descargar' is clicked on

2022-04-29 10:40:23 - [TEST_STEP][PASSED] - click(findTestObject("1-OBJECTS TAREAS PRINCIPALES/Modulo Tarea Compensacion/Ejecutar Reporte Planilla/a_Periodo Nomina_Cerrar")): Object: 'Object Repository/1-OBJECTS TAREAS PRINCIPALES/Modulo Tarea Compensacion/Ejecutar Reporte Planilla/a_Periodo Nomina_Cerrar' is clicked on

2022-04-29 10:40:24 - [MESSAGE][PASSED] - Object: 'Object Repository/1-OBJECTS TAREAS PRINCIPALES/Modulo Tarea Compensacion/Ejecutar Reporte Planilla/a_Periodo Nomina_Cerrar' is clicked on

2022-04-29 10:40:24 - [TEST_STEP][PASSED] - setText(findTestObject("1-OBJECTS TAREAS PRINCIPALES/Modulo Tarea Compensacion/Ejecutar Reporte Planilla/input_Actos Administrativos_ejecutarReporte"), "CMEZ - ACUMULADO MENSUAL CONCEPTOS NOMINA POR EMPLEADO (PAGADO)"): Text 'CMEZ - ACUMULADO MENSUAL CONCEPTOS NOMINA POR EMPLEADO (PAGADO)' is set on object 'Object Repository/1-OBJECTS TAREAS PRINCIPALES/Modulo Tarea Compensacion/Ejecutar Reporte Planilla/input_Actos Administrativos_ejecutarReporte'

2022-04-29 10:40:25 - [MESSAGE][PASSED] - Text 'CMEZ - ACUMULADO MENSUAL CONCEPTOS NOMINA POR EMPLEADO (PAGADO)' is set on object 'Object Repository/1-OBJECTS TAREAS PRINCIPALES/Modulo Tarea Compensacion/Ejecutar Reporte Planilla/input_Actos Administrativos_ejecutarReporte'

2022-04-29 10:40:25 - [TEST_STEP][PASSED] - click(findTestObject("1-OBJECTS TAREAS PRINCIPALES/Modulo Tarea Compensacion/Ejecutar Reporte Planilla/a_Actos Administrativos_ejecutarReportePlanillaj_idt61")): Object: 'Object Repository/1-OBJECTS TAREAS PRINCIPALES/Modulo Tarea Compensacion/Ejecutar Reporte Planilla/a_Actos Administrativos_ejecutarReportePlanillaj_idt61' is clicked on

2022-04-29 10:40:26 - [MESSAGE][PASSED] - Object: 'Object Repository/1-OBJECTS TAREAS PRINCIPALES/Modulo Tarea Compensacion/Ejecutar Reporte Planilla/a_Actos Administrativos_ejecutarReportePlanillaj_idt61' is clicked on

2022-04-29 10:40:26 - [TEST_STEP][PASSED] - click(findTestObject("1-OBJECTS TAREAS PRINCIPALES/Modulo Tarea Compensacion/Ejecutar Reporte Planilla/a_Actos Administrativos_ejecutarReportePlanillaj_idt61")): Object: 'Object Repository/1-OBJECTS TAREAS PRINCIPALES/Modulo Tarea Compensacion/Ejecutar Reporte Planilla/a_Actos Administrativos_ejecutarReportePlanillaj_idt61' is clicked on

2022-04-29 10:40:26 - [MESSAGE][PASSED] - Object: 'Object Repository/1-OBJECTS TAREAS PRINCIPALES/Modulo Tarea Compensacion/Ejecutar Reporte Planilla/a_Actos Administrativos_ejecutarReportePlanillaj_idt61' is clicked on

2022-04-29 10:40:26 - [TEST_STEP][PASSED] - waitForElementClickable(findTestObject("1-OBJECTS TAREAS PRINCIPALES/Modulo Tarea Compensacion/Ejecutar Reporte Planilla/td_CNC- CONSOLIDADO PERIODO DE NOMINA POR LINEA CCOSTO"), 0): Object 'Object Repository/1-OBJECTS TAREAS PRINCIPALES/Modulo Tarea Compensacion/Ejecutar Reporte Planilla/td_CNC- CONSOLIDADO PERIODO DE NOMINA POR LINEA CCOSTO' is clickable

2022-04-29 10:40:27 - [MESSAGE][WARNING] - Timeout '0' is invalid. Using default page load timeout: '45'

2022-04-29 10:40:27 - [MESSAGE][PASSED] - Object 'Object Repository/1-OBJECTS TAREAS PRINCIPALES/Modulo Tarea Compensacion/Ejecutar Reporte Planilla/td_CNC- CONSOLIDADO PERIODO DE NOMINA POR LINEA CCOSTO' is clickable

2022-04-29 10:40:27 - [TEST_STEP][PASSED] - click(findTestObject("1-OBJECTS TAREAS PRINCIPALES/Modulo Tarea Compensacion/Ejecutar Reporte Planilla/td_CNC- CONSOLIDADO PERIODO DE NOMINA POR LINEA CCOSTO")): Object: 'Object Repository/1-OBJECTS TAREAS PRINCIPALES/Modulo Tarea Compensacion/Ejecutar Reporte Planilla/td_CNC- CONSOLIDADO PERIODO DE NOMINA POR LINEA CCOSTO' is clicked on

2022-04-29 10:40:28 - [MESSAGE][PASSED] - Object: 'Object Repository/1-OBJECTS TAREAS PRINCIPALES/Modulo Tarea Compensacion/Ejecutar Reporte Planilla/td_CNC- CONSOLIDADO PERIODO DE NOMINA POR LINEA CCOSTO' is clicked on

2022-04-29 10:40:28 - [TEST_STEP][PASSED] - setText(findTestObject("1-OBJECTS TAREAS PRINCIPALES/Modulo Tarea Compensacion/Ejecutar Reporte Planilla/input_Rango Fechas_ejecutarReportePlanillafechaInicio_input"), "01/07/2021"): Text '01/07/2021' is set on object 'Object Repository/1-OBJECTS TAREAS PRINCIPALES/Modulo Tarea Compensacion/Ejecutar Reporte Planilla/input_Rango Fechas_ejecutarReportePlanillafechaInicio_input'

2022-04-29 10:40:29 - [MESSAGE][PASSED] - Text '01/07/2021' is set on object 'Object Repository/1-OBJECTS TAREAS PRINCIPALES/Modulo Tarea Compensacion/Ejecutar Reporte Planilla/input_Rango Fechas_ejecutarReportePlanillafechaInicio_input'

2022-04-29 10:40:29 - [TEST_STEP][PASSED] - setText(findTestObject("1-OBJECTS TAREAS PRINCIPALES/Modulo Tarea Compensacion/Ejecutar Reporte Planilla/input_Rango Fechas_ejecutarReportePlanillafechaFinal_input"), "30/07/2021"): Text '30/07/2021' is set on object 'Object Repository/1-OBJECTS TAREAS PRINCIPALES/Modulo Tarea Compensacion/Ejecutar Reporte Planilla/input_Rango Fechas_ejecutarReportePlanillafechaFinal_input'

2022-04-29 10:40:30 - [MESSAGE][PASSED] - Text '30/07/2021' is set on object 'Object Repository/1-OBJECTS TAREAS PRINCIPALES/Modulo Tarea Compensacion/Ejecutar Reporte Planilla/input_Rango Fechas_ejecutarReportePlanillafechaFinal_input'

2022-04-29 10:40:30 - [TEST_STEP][PASSED] - click(findTestObject("1-OBJECTS TAREAS PRINCIPALES/Modulo Tarea Compensacion/Ejecutar Reporte Planilla/a_Aplicar")): Object: 'Object Repository/1-OBJECTS TAREAS PRINCIPALES/Modulo Tarea Compensacion/Ejecutar Reporte Planilla/a_Aplicar' is clicked on

2022-04-29 10:40:30 - [MESSAGE][PASSED] - Object: 'Object Repository/1-OBJECTS TAREAS PRINCIPALES/Modulo Tarea Compensacion/Ejecutar Reporte Planilla/a_Aplicar' is clicked on

2022-04-29 10:40:30 - [TEST_STEP][PASSED] - waitForElementClickable(findTestObject("1-OBJECTS TAREAS PRINCIPALES/Modulo Tarea Compensacion/Ejecutar Reporte Planilla/span_Reporte_glyphicons glyphicons-article"), 0): Object 'Object Repository/1-OBJECTS TAREAS PRINCIPALES/Modulo Tarea Compensacion/Ejecutar Reporte Planilla/span_Reporte_glyphicons glyphicons-article' is clickable

2022-04-29 10:40:30 - [MESSAGE][WARNING] - Timeout '0' is invalid. Using default page load timeout: '45'

2022-04-29 10:40:32 - [MESSAGE][PASSED] - Object 'Object Repository/1-OBJECTS TAREAS PRINCIPALES/Modulo Tarea Compensacion/Ejecutar Reporte Planilla/span_Reporte_glyphicons glyphicons-article' is clickable

2022-04-29 10:40:32 - [TEST_STEP][PASSED] - click(findTestObject("1-OBJECTS TAREAS PRINCIPALES/Modulo Tarea Compensacion/Ejecutar Reporte Planilla/span_Reporte_glyphicons glyphicons-article")): Object: 'Object Repository/1-OBJECTS TAREAS PRINCIPALES/Modulo Tarea Compensacion/Ejecutar Reporte Planilla/span_Reporte_glyphicons glyphicons-article' is clicked on

2022-04-29 10:40:33 - [MESSAGE][PASSED] - Object: 'Object Repository/1-OBJECTS TAREAS PRINCIPALES/Modulo Tarea Compensacion/Ejecutar Reporte Planilla/span_Reporte_glyphicons glyphicons-article' is clicked on

2022-04-29 10:40:33 - [TEST_STEP][PASSED] - click(findTestObject("1-OBJECTS TAREAS PRINCIPALES/Modulo Tarea Compensacion/Ejecutar Reporte Planilla/label_xlsData")): Object: 'Object Repository/1-OBJECTS TAREAS PRINCIPALES/Modulo Tarea Compensacion/Ejecutar Reporte Planilla/label_xlsData' is clicked on

2022-04-29 10:40:33 - [MESSAGE][PASSED] - Object: 'Object Repository/1-OBJECTS TAREAS PRINCIPALES/Modulo Tarea Compensacion/Ejecutar Reporte Planilla/label_xlsData' is clicked on

2022-04-29 10:40:33 - [TEST_STEP][PASSED] - click(findTestObject("1-OBJECTS TAREAS PRINCIPALES/Modulo Tarea Compensacion/Ejecutar Reporte Planilla/a_Generar Reporte")): Object: 'Object Repository/1-OBJECTS TAREAS PRINCIPALES/Modulo Tarea Compensacion/Ejecutar Reporte Planilla/a_Generar Reporte' is clicked on

2022-04-29 10:40:34 - [MESSAGE][PASSED] - Object: 'Object Repository/1-OBJECTS TAREAS PRINCIPALES/Modulo Tarea Compensacion/Ejecutar Reporte Planilla/a_Generar Reporte' is clicked on

2022-04-29 10:40:34 - [TEST_STEP][PASSED] - waitForElementClickable(findTestObject("1-OBJECTS TAREAS PRINCIPALES/Modulo Tarea Compensacion/Ejecutar Reporte Planilla/a_Descargar"), 0): Object 'Object Repository/1-OBJECTS TAREAS PRINCIPALES/Modulo Tarea Compensacion/Ejecutar Reporte Planilla/a_Descargar' is clickable

2022-04-29 10:40:34 - [MESSAGE][WARNING] - Timeout '0' is invalid. Using default page load timeout: '45'

2022-04-29 10:40:35 - [MESSAGE][PASSED] - Object 'Object Repository/1-OBJECTS TAREAS PRINCIPALES/Modulo Tarea Compensacion/Ejecutar Reporte Planilla/a_Descargar' is clickable

2022-04-29 10:40:35 - [TEST_STEP][PASSED] - click(findTestObject("1-OBJECTS TAREAS PRINCIPALES/Modulo Tarea Compensacion/Ejecutar Reporte Planilla/a_Descargar")): Object: 'Object Repository/1-OBJECTS TAREAS PRINCIPALES/Modulo Tarea Compensacion/Ejecutar Reporte Planilla/a_Descargar' is clicked on

2022-04-29 10:40:35 - [MESSAGE][PASSED] - Object: 'Object Repository/1-OBJECTS TAREAS PRINCIPALES/Modulo Tarea Compensacion/Ejecutar Reporte Planilla/a_Descargar' is clicked on

2022-04-29 10:40:35 - [TEST_STEP][PASSED] - click(findTestObject("1-OBJECTS TAREAS PRINCIPALES/Modulo Tarea Compensacion/Ejecutar Reporte Planilla/a_Periodo Nomina_Cerrar")): Object: 'Object Repository/1-OBJECTS TAREAS PRINCIPALES/Modulo Tarea Compensacion/Ejecutar Reporte Planilla/a_Periodo Nomina_Cerrar' is clicked on

2022-04-29 10:40:36 - [MESSAGE][PASSED] - Object: 'Object Repository/1-OBJECTS TAREAS PRINCIPALES/Modulo Tarea Compensacion/Ejecutar Reporte Planilla/a_Periodo Nomina_Cerrar' is clicked on

2022-04-29 10:40:36 - [TEST_STEP][PASSED] - waitForElementClickable(findTestObject("1-OBJECTS TAREAS PRINCIPALES/Modulo Tarea Compensacion/Ejecutar Reporte Planilla/a_Aplicar"), 0): Object 'Object Repository/1-OBJECTS TAREAS PRINCIPALES/Modulo Tarea Compensacion/Ejecutar Reporte Planilla/a_Aplicar' is clickable

2022-04-29 10:40:36 - [MESSAGE][WARNING] - Timeout '0' is invalid. Using default page load timeout: '45'

2022-04-29 10:40:36 - [MESSAGE][PASSED] - Object 'Object Repository/1-OBJECTS TAREAS PRINCIPALES/Modulo Tarea Compensacion/Ejecutar Reporte Planilla/a_Aplicar' is clickable

2022-04-29 10:40:36 - [TEST_STEP][PASSED] - click(findTestObject("1-OBJECTS TAREAS PRINCIPALES/Modulo Tarea Compensacion/Ejecutar Reporte Planilla/a_Aplicar")): Object: 'Object Repository/1-OBJECTS TAREAS PRINCIPALES/Modulo Tarea Compensacion/Ejecutar Reporte Planilla/a_Aplicar' is clicked on

2022-04-29 10:40:37 - [MESSAGE][PASSED] - Object: 'Object Repository/1-OBJECTS TAREAS PRINCIPALES/Modulo Tarea Compensacion/Ejecutar Reporte Planilla/a_Aplicar' is clicked on

2022-04-29 10:40:37 - [TEST_STEP][PASSED] - waitForElementClickable(findTestObject("1-OBJECTS TAREAS PRINCIPALES/Modulo Tarea Compensacion/Ejecutar Reporte Planilla/span_Reporte_glyphicons glyphicons-article"), 0): Object 'Object Repository/1-OBJECTS TAREAS PRINCIPALES/Modulo Tarea Compensacion/Ejecutar Reporte Planilla/span_Reporte_glyphicons glyphicons-article' is clickable

2022-04-29 10:40:37 - [MESSAGE][WARNING] - Timeout '0' is invalid. Using default page load timeout: '45'

2022-04-29 10:40:38 - [MESSAGE][PASSED] - Object 'Object Repository/1-OBJECTS TAREAS PRINCIPALES/Modulo Tarea Compensacion/Ejecutar Reporte Planilla/span_Reporte_glyphicons glyphicons-article' is clickable

2022-04-29 10:40:38 - [TEST_STEP][PASSED] - click(findTestObject("1-OBJECTS TAREAS PRINCIPALES/Modulo Tarea Compensacion/Ejecutar Reporte Planilla/span_Reporte_glyphicons glyphicons-article")): Object: 'Object Repository/1-OBJECTS TAREAS PRINCIPALES/Modulo Tarea Compensacion/Ejecutar Reporte Planilla/span_Reporte_glyphicons glyphicons-article' is clicked on

2022-04-29 10:40:39 - [MESSAGE][PASSED] - Object: 'Object Repository/1-OBJECTS TAREAS PRINCIPALES/Modulo Tarea Compensacion/Ejecutar Reporte Planilla/span_Reporte_glyphicons glyphicons-article' is clicked on

2022-04-29 10:40:39 - [TEST_STEP][PASSED] - click(findTestObject("1-OBJECTS TAREAS PRINCIPALES/Modulo Tarea Compensacion/Ejecutar Reporte Planilla/label_pdf")): Object: 'Object Repository/1-OBJECTS TAREAS PRINCIPALES/Modulo Tarea Compensacion/Ejecutar Reporte Planilla/label_pdf' is clicked on

2022-04-29 10:40:39 - [MESSAGE][PASSED] - Object: 'Object Repository/1-OBJECTS TAREAS PRINCIPALES/Modulo Tarea Compensacion/Ejecutar Reporte Planilla/label_pdf' is clicked on

2022-04-29 10:40:39 - [TEST_STEP][PASSED] - click(findTestObject("1-OBJECTS TAREAS PRINCIPALES/Modulo Tarea Compensacion/Ejecutar Reporte Planilla/a_Generar Reporte")): Object: 'Object Repository/1-OBJECTS TAREAS PRINCIPALES/Modulo Tarea Compensacion/Ejecutar Reporte Planilla/a_Generar Reporte' is clicked on

2022-04-29 10:40:40 - [MESSAGE][PASSED] - Object: 'Object Repository/1-OBJECTS TAREAS PRINCIPALES/Modulo Tarea Compensacion/Ejecutar Reporte Planilla/a_Generar Reporte' is clicked on

2022-04-29 10:40:40 - [TEST_STEP][PASSED] - waitForElementClickable(findTestObject("1-OBJECTS TAREAS PRINCIPALES/Modulo Tarea Compensacion/Ejecutar Reporte Planilla/a_Descargar"), 0): Object 'Object Repository/1-OBJECTS TAREAS PRINCIPALES/Modulo Tarea Compensacion/Ejecutar Reporte Planilla/a_Descargar' is clickable

2022-04-29 10:40:40 - [MESSAGE][WARNING] - Timeout '0' is invalid. Using default page load timeout: '45'

2022-04-29 10:40:40 - [MESSAGE][PASSED] - Object 'Object Repository/1-OBJECTS TAREAS PRINCIPALES/Modulo Tarea Compensacion/Ejecutar Reporte Planilla/a_Descargar' is clickable

2022-04-29 10:40:40 - [TEST_STEP][PASSED] - click(findTestObject("1-OBJECTS TAREAS PRINCIPALES/Modulo Tarea Compensacion/Ejecutar Reporte Planilla/a_Descargar")): Object: 'Object Repository/1-OBJECTS TAREAS PRINCIPALES/Modulo Tarea Compensacion/Ejecutar Reporte Planilla/a_Descargar' is clicked on

2022-04-29 10:40:41 - [MESSAGE][PASSED] - Object: 'Object Repository/1-OBJECTS TAREAS PRINCIPALES/Modulo Tarea Compensacion/Ejecutar Reporte Planilla/a_Descargar' is clicked on

2022-04-29 10:40:41 - [TEST_STEP][PASSED] - click(findTestObject("1-OBJECTS TAREAS PRINCIPALES/Modulo Tarea Compensacion/Ejecutar Reporte Planilla/a_Periodo Nomina_Cerrar")): Object: 'Object Repository/1-OBJECTS TAREAS PRINCIPALES/Modulo Tarea Compensacion/Ejecutar Reporte Planilla/a_Periodo Nomina_Cerrar' is clicked on

2022-04-29 10:40:41 - [MESSAGE][PASSED] - Object: 'Object Repository/1-OBJECTS TAREAS PRINCIPALES/Modulo Tarea Compensacion/Ejecutar Reporte Planilla/a_Periodo Nomina_Cerrar' is clicked on

2022-04-29 10:40:41 - [TEST_STEP][PASSED] - setText(findTestObject("1-OBJECTS TAREAS PRINCIPALES/Modulo Tarea Compensacion/Ejecutar Reporte Planilla/input_Actos Administrativos_ejecutarReporte"), "ACE - ACUMULADO MENSUAL CONCEPTOS DE NOMINA (PAGADO)"): Text 'ACE - ACUMULADO MENSUAL CONCEPTOS DE NOMINA (PAGADO)' is set on object 'Object Repository/1-OBJECTS TAREAS PRINCIPALES/Modulo Tarea Compensacion/Ejecutar Reporte Planilla/input_Actos Administrativos_ejecutarReporte'

2022-04-29 10:40:43 - [MESSAGE][PASSED] - Text 'ACE - ACUMULADO MENSUAL CONCEPTOS DE NOMINA (PAGADO)' is set on object 'Object Repository/1-OBJECTS TAREAS PRINCIPALES/Modulo Tarea Compensacion/Ejecutar Reporte Planilla/input_Actos Administrativos_ejecutarReporte'

2022-04-29 10:40:43 - [TEST_STEP][PASSED] - click(findTestObject("1-OBJECTS TAREAS PRINCIPALES/Modulo Tarea Compensacion/Ejecutar Reporte Planilla/a_Actos Administrativos_ejecutarReportePlanillaj_idt61")): Object: 'Object Repository/1-OBJECTS TAREAS PRINCIPALES/Modulo Tarea Compensacion/Ejecutar Reporte Planilla/a_Actos Administrativos_ejecutarReportePlanillaj_idt61' is clicked on

2022-04-29 10:40:43 - [MESSAGE][PASSED] - Object: 'Object Repository/1-OBJECTS TAREAS PRINCIPALES/Modulo Tarea Compensacion/Ejecutar Reporte Planilla/a_Actos Administrativos_ejecutarReportePlanillaj_idt61' is clicked on

2022-04-29 10:40:43 - [TEST_STEP][PASSED] - click(findTestObject("1-OBJECTS TAREAS PRINCIPALES/Modulo Tarea Compensacion/Ejecutar Reporte Planilla/a_Actos Administrativos_ejecutarReportePlanillaj_idt61")): Object: 'Object Repository/1-OBJECTS TAREAS PRINCIPALES/Modulo Tarea Compensacion/Ejecutar Reporte Planilla/a_Actos Administrativos_ejecutarReportePlanillaj_idt61' is clicked on

2022-04-29 10:40:44 - [MESSAGE][PASSED] - Object: 'Object Repository/1-OBJECTS TAREAS PRINCIPALES/Modulo Tarea Compensacion/Ejecutar Reporte Planilla/a_Actos Administrativos_ejecutarReportePlanillaj_idt61' is clicked on

2022-04-29 10:40:44 - [TEST_STEP][PASSED] - waitForElementClickable(findTestObject("1-OBJECTS TAREAS PRINCIPALES/Modulo Tarea Compensacion/Ejecutar Reporte Planilla/td_CNC- CONSOLIDADO PERIODO DE NOMINA POR LINEA CCOSTO"), 0): Object 'Object Repository/1-OBJECTS TAREAS PRINCIPALES/Modulo Tarea Compensacion/Ejecutar Reporte Planilla/td_CNC- CONSOLIDADO PERIODO DE NOMINA POR LINEA CCOSTO' is clickable

2022-04-29 10:40:44 - [MESSAGE][WARNING] - Timeout '0' is invalid. Using default page load timeout: '45'

2022-04-29 10:40:44 - [MESSAGE][PASSED] - Object 'Object Repository/1-OBJECTS TAREAS PRINCIPALES/Modulo Tarea Compensacion/Ejecutar Reporte Planilla/td_CNC- CONSOLIDADO PERIODO DE NOMINA POR LINEA CCOSTO' is clickable

2022-04-29 10:40:44 - [TEST_STEP][PASSED] - click(findTestObject("1-OBJECTS TAREAS PRINCIPALES/Modulo Tarea Compensacion/Ejecutar Reporte Planilla/td_CNC- CONSOLIDADO PERIODO DE NOMINA POR LINEA CCOSTO")): Object: 'Object Repository/1-OBJECTS TAREAS PRINCIPALES/Modulo Tarea Compensacion/Ejecutar Reporte Planilla/td_CNC- CONSOLIDADO PERIODO DE NOMINA POR LINEA CCOSTO' is clicked on

2022-04-29 10:40:45 - [MESSAGE][PASSED] - Object: 'Object Repository/1-OBJECTS TAREAS PRINCIPALES/Modulo Tarea Compensacion/Ejecutar Reporte Planilla/td_CNC- CONSOLIDADO PERIODO DE NOMINA POR LINEA CCOSTO' is clicked on

2022-04-29 10:40:45 - [TEST_STEP][PASSED] - setText(findTestObject("1-OBJECTS TAREAS PRINCIPALES/Modulo Tarea Compensacion/Ejecutar Reporte Planilla/input_Rango Fechas_ejecutarReportePlanillafechaInicio_input"), "01/11/2018"): Text '01/11/2018' is set on object 'Object Repository/1-OBJECTS TAREAS PRINCIPALES/Modulo Tarea Compensacion/Ejecutar Reporte Planilla/input_Rango Fechas_ejecutarReportePlanillafechaInicio_input'

2022-04-29 10:40:46 - [MESSAGE][PASSED] - Text '01/11/2018' is set on object 'Object Repository/1-OBJECTS TAREAS PRINCIPALES/Modulo Tarea Compensacion/Ejecutar Reporte Planilla/input_Rango Fechas_ejecutarReportePlanillafechaInicio_input'

2022-04-29 10:40:46 - [TEST_STEP][PASSED] - setText(findTestObject("1-OBJECTS TAREAS PRINCIPALES/Modulo Tarea Compensacion/Ejecutar Reporte Planilla/input_Rango Fechas_ejecutarReportePlanillafechaFinal_input"), "30/11/2018"): Text '30/11/2018' is set on object 'Object Repository/1-OBJECTS TAREAS PRINCIPALES/Modulo Tarea Compensacion/Ejecutar Reporte Planilla/input_Rango Fechas_ejecutarReportePlanillafechaFinal_input'

2022-04-29 10:40:47 - [MESSAGE][PASSED] - Text '30/11/2018' is set on object 'Object Repository/1-OBJECTS TAREAS PRINCIPALES/Modulo Tarea Compensacion/Ejecutar Reporte Planilla/input_Rango Fechas_ejecutarReportePlanillafechaFinal_input'

2022-04-29 10:40:47 - [TEST_STEP][PASSED] - click(findTestObject("1-OBJECTS TAREAS PRINCIPALES/Modulo Tarea Compensacion/Ejecutar Reporte Planilla/a_Aplicar")): Object: 'Object Repository/1-OBJECTS TAREAS PRINCIPALES/Modulo Tarea Compensacion/Ejecutar Reporte Planilla/a_Aplicar' is clicked on

2022-04-29 10:40:47 - [MESSAGE][PASSED] - Object: 'Object Repository/1-OBJECTS TAREAS PRINCIPALES/Modulo Tarea Compensacion/Ejecutar Reporte Planilla/a_Aplicar' is clicked on

2022-04-29 10:40:47 - [TEST_STEP][PASSED] - waitForElementClickable(findTestObject("1-OBJECTS TAREAS PRINCIPALES/Modulo Tarea Compensacion/Ejecutar Reporte Planilla/span_Reporte_glyphicons glyphicons-article"), 0): Object 'Object Repository/1-OBJECTS TAREAS PRINCIPALES/Modulo Tarea Compensacion/Ejecutar Reporte Planilla/span_Reporte_glyphicons glyphicons-article' is clickable

2022-04-29 10:40:48 - [MESSAGE][WARNING] - Timeout '0' is invalid. Using default page load timeout: '45'

2022-04-29 10:40:49 - [MESSAGE][PASSED] - Object 'Object Repository/1-OBJECTS TAREAS PRINCIPALES/Modulo Tarea Compensacion/Ejecutar Reporte Planilla/span_Reporte_glyphicons glyphicons-article' is clickable

2022-04-29 10:40:49 - [TEST_STEP][PASSED] - click(findTestObject("1-OBJECTS TAREAS PRINCIPALES/Modulo Tarea Compensacion/Ejecutar Reporte Planilla/span_Reporte_glyphicons glyphicons-article")): Object: 'Object Repository/1-OBJECTS TAREAS PRINCIPALES/Modulo Tarea Compensacion/Ejecutar Reporte Planilla/span_Reporte_glyphicons glyphicons-article' is clicked on

2022-04-29 10:40:50 - [MESSAGE][PASSED] - Object: 'Object Repository/1-OBJECTS TAREAS PRINCIPALES/Modulo Tarea Compensacion/Ejecutar Reporte Planilla/span_Reporte_glyphicons glyphicons-article' is clicked on

2022-04-29 10:40:50 - [TEST_STEP][PASSED] - click(findTestObject("1-OBJECTS TAREAS PRINCIPALES/Modulo Tarea Compensacion/Ejecutar Reporte Planilla/label_xlsData")): Object: 'Object Repository/1-OBJECTS TAREAS PRINCIPALES/Modulo Tarea Compensacion/Ejecutar Reporte Planilla/label_xlsData' is clicked on

2022-04-29 10:40:50 - [MESSAGE][PASSED] - Object: 'Object Repository/1-OBJECTS TAREAS PRINCIPALES/Modulo Tarea Compensacion/Ejecutar Reporte Planilla/label_xlsData' is clicked on

2022-04-29 10:40:50 - [TEST_STEP][PASSED] - click(findTestObject("1-OBJECTS TAREAS PRINCIPALES/Modulo Tarea Compensacion/Ejecutar Reporte Planilla/a_Generar Reporte")): Object: 'Object Repository/1-OBJECTS TAREAS PRINCIPALES/Modulo Tarea Compensacion/Ejecutar Reporte Planilla/a_Generar Reporte' is clicked on

2022-04-29 10:40:51 - [MESSAGE][PASSED] - Object: 'Object Repository/1-OBJECTS TAREAS PRINCIPALES/Modulo Tarea Compensacion/Ejecutar Reporte Planilla/a_Generar Reporte' is clicked on

2022-04-29 10:40:51 - [TEST_STEP][PASSED] - waitForElementClickable(findTestObject("1-OBJECTS TAREAS PRINCIPALES/Modulo Tarea Compensacion/Ejecutar Reporte Planilla/a_Descargar"), 0): Object 'Object Repository/1-OBJECTS TAREAS PRINCIPALES/Modulo Tarea Compensacion/Ejecutar Reporte Planilla/a_Descargar' is clickable

2022-04-29 10:40:51 - [MESSAGE][WARNING] - Timeout '0' is invalid. Using default page load timeout: '45'

2022-04-29 10:40:52 - [MESSAGE][PASSED] - Object 'Object Repository/1-OBJECTS TAREAS PRINCIPALES/Modulo Tarea Compensacion/Ejecutar Reporte Planilla/a_Descargar' is clickable

2022-04-29 10:40:52 - [TEST_STEP][PASSED] - click(findTestObject("1-OBJECTS TAREAS PRINCIPALES/Modulo Tarea Compensacion/Ejecutar Reporte Planilla/a_Descargar")): Object: 'Object Repository/1-OBJECTS TAREAS PRINCIPALES/Modulo Tarea Compensacion/Ejecutar Reporte Planilla/a_Descargar' is clicked on

2022-04-29 10:40:52 - [MESSAGE][PASSED] - Object: 'Object Repository/1-OBJECTS TAREAS PRINCIPALES/Modulo Tarea Compensacion/Ejecutar Reporte Planilla/a_Descargar' is clicked on

2022-04-29 10:40:52 - [TEST_STEP][PASSED] - click(findTestObject("1-OBJECTS TAREAS PRINCIPALES/Modulo Tarea Compensacion/Ejecutar Reporte Planilla/a_Periodo Nomina_Cerrar")): Object: 'Object Repository/1-OBJECTS TAREAS PRINCIPALES/Modulo Tarea Compensacion/Ejecutar Reporte Planilla/a_Periodo Nomina_Cerrar' is clicked on

2022-04-29 10:40:53 - [MESSAGE][PASSED] - Object: 'Object Repository/1-OBJECTS TAREAS PRINCIPALES/Modulo Tarea Compensacion/Ejecutar Reporte Planilla/a_Periodo Nomina_Cerrar' is clicked on

2022-04-29 10:40:53 - [TEST_STEP][PASSED] - waitForElementClickable(findTestObject("1-OBJECTS TAREAS PRINCIPALES/Modulo Tarea Compensacion/Ejecutar Reporte Planilla/a_Aplicar"), 0): Object 'Object Repository/1-OBJECTS TAREAS PRINCIPALES/Modulo Tarea Compensacion/Ejecutar Reporte Planilla/a_Aplicar' is clickable

2022-04-29 10:40:53 - [MESSAGE][WARNING] - Timeout '0' is invalid. Using default page load timeout: '45'

2022-04-29 10:40:53 - [MESSAGE][PASSED] - Object 'Object Repository/1-OBJECTS TAREAS PRINCIPALES/Modulo Tarea Compensacion/Ejecutar Reporte Planilla/a_Aplicar' is clickable

2022-04-29 10:40:53 - [TEST_STEP][PASSED] - click(findTestObject("1-OBJECTS TAREAS PRINCIPALES/Modulo Tarea Compensacion/Ejecutar Reporte Planilla/a_Aplicar")): Object: 'Object Repository/1-OBJECTS TAREAS PRINCIPALES/Modulo Tarea Compensacion/Ejecutar Reporte Planilla/a_Aplicar' is clicked on

2022-04-29 10:40:54 - [MESSAGE][PASSED] - Object: 'Object Repository/1-OBJECTS TAREAS PRINCIPALES/Modulo Tarea Compensacion/Ejecutar Reporte Planilla/a_Aplicar' is clicked on

2022-04-29 10:40:54 - [TEST_STEP][PASSED] - waitForElementClickable(findTestObject("1-OBJECTS TAREAS PRINCIPALES/Modulo Tarea Compensacion/Ejecutar Reporte Planilla/span_Reporte_glyphicons glyphicons-article"), 0): Object 'Object Repository/1-OBJECTS TAREAS PRINCIPALES/Modulo Tarea Compensacion/Ejecutar Reporte Planilla/span_Reporte_glyphicons glyphicons-article' is clickable

2022-04-29 10:40:54 - [MESSAGE][WARNING] - Timeout '0' is invalid. Using default page load timeout: '45'

2022-04-29 10:40:55 - [MESSAGE][PASSED] - Object 'Object Repository/1-OBJECTS TAREAS PRINCIPALES/Modulo Tarea Compensacion/Ejecutar Reporte Planilla/span_Reporte_glyphicons glyphicons-article' is clickable

2022-04-29 10:40:55 - [TEST_STEP][PASSED] - click(findTestObject("1-OBJECTS TAREAS PRINCIPALES/Modulo Tarea Compensacion/Ejecutar Reporte Planilla/span_Reporte_glyphicons glyphicons-article")): Object: 'Object Repository/1-OBJECTS TAREAS PRINCIPALES/Modulo Tarea Compensacion/Ejecutar Reporte Planilla/span_Reporte_glyphicons glyphicons-article' is clicked on

2022-04-29 10:40:56 - [MESSAGE][PASSED] - Object: 'Object Repository/1-OBJECTS TAREAS PRINCIPALES/Modulo Tarea Compensacion/Ejecutar Reporte Planilla/span_Reporte_glyphicons glyphicons-article' is clicked on

2022-04-29 10:40:56 - [TEST_STEP][PASSED] - click(findTestObject("1-OBJECTS TAREAS PRINCIPALES/Modulo Tarea Compensacion/Ejecutar Reporte Planilla/label_pdf")): Object: 'Object Repository/1-OBJECTS TAREAS PRINCIPALES/Modulo Tarea Compensacion/Ejecutar Reporte Planilla/label_pdf' is clicked on

2022-04-29 10:40:56 - [MESSAGE][PASSED] - Object: 'Object Repository/1-OBJECTS TAREAS PRINCIPALES/Modulo Tarea Compensacion/Ejecutar Reporte Planilla/label_pdf' is clicked on

2022-04-29 10:40:56 - [TEST_STEP][PASSED] - click(findTestObject("1-OBJECTS TAREAS PRINCIPALES/Modulo Tarea Compensacion/Ejecutar Reporte Planilla/a_Generar Reporte")): Object: 'Object Repository/1-OBJECTS TAREAS PRINCIPALES/Modulo Tarea Compensacion/Ejecutar Reporte Planilla/a_Generar Reporte' is clicked on

2022-04-29 10:40:57 - [MESSAGE][PASSED] - Object: 'Object Repository/1-OBJECTS TAREAS PRINCIPALES/Modulo Tarea Compensacion/Ejecutar Reporte Planilla/a_Generar Reporte' is clicked on

2022-04-29 10:40:57 - [TEST_STEP][PASSED] - waitForElementClickable(findTestObject("1-OBJECTS TAREAS PRINCIPALES/Modulo Tarea Compensacion/Ejecutar Reporte Planilla/a_Descargar"), 0): Object 'Object Repository/1-OBJECTS TAREAS PRINCIPALES/Modulo Tarea Compensacion/Ejecutar Reporte Planilla/a_Descargar' is clickable

2022-04-29 10:40:57 - [MESSAGE][WARNING] - Timeout '0' is invalid. Using default page load timeout: '45'

2022-04-29 10:40:59 - [MESSAGE][PASSED] - Object 'Object Repository/1-OBJECTS TAREAS PRINCIPALES/Modulo Tarea Compensacion/Ejecutar Reporte Planilla/a_Descargar' is clickable

2022-04-29 10:40:59 - [TEST_STEP][PASSED] - click(findTestObject("1-OBJECTS TAREAS PRINCIPALES/Modulo Tarea Compensacion/Ejecutar Reporte Planilla/a_Descargar")): Object: 'Object Repository/1-OBJECTS TAREAS PRINCIPALES/Modulo Tarea Compensacion/Ejecutar Reporte Planilla/a_Descargar' is clicked on

2022-04-29 10:41:00 - [MESSAGE][PASSED] - Object: 'Object Repository/1-OBJECTS TAREAS PRINCIPALES/Modulo Tarea Compensacion/Ejecutar Reporte Planilla/a_Descargar' is clicked on

2022-04-29 10:41:00 - [TEST_STEP][PASSED] - click(findTestObject("1-OBJECTS TAREAS PRINCIPALES/Modulo Tarea Compensacion/Ejecutar Reporte Planilla/a_Periodo Nomina_Cerrar")): Object: 'Object Repository/1-OBJECTS TAREAS PRINCIPALES/Modulo Tarea Compensacion/Ejecutar Reporte Planilla/a_Periodo Nomina_Cerrar' is clicked on

2022-04-29 10:41:00 - [MESSAGE][PASSED] - Object: 'Object Repository/1-OBJECTS TAREAS PRINCIPALES/Modulo Tarea Compensacion/Ejecutar Reporte Planilla/a_Periodo Nomina_Cerrar' is clicked on

2022-04-29 10:41:00 - [TEST_STEP][PASSED] - setText(findTestObject("1-OBJECTS TAREAS PRINCIPALES/Modulo Tarea Compensacion/Ejecutar Reporte Planilla/input_Actos Administrativos_ejecutarReporte"), "PNP - PAGO DE NOMINA"): Text 'PNP - PAGO DE NOMINA' is set on object 'Object Repository/1-OBJECTS TAREAS PRINCIPALES/Modulo Tarea Compensacion/Ejecutar Reporte Planilla/input_Actos Administrativos_ejecutarReporte'

2022-04-29 10:41:01 - [MESSAGE][PASSED] - Text 'PNP - PAGO DE NOMINA' is set on object 'Object Repository/1-OBJECTS TAREAS PRINCIPALES/Modulo Tarea Compensacion/Ejecutar Reporte Planilla/input_Actos Administrativos_ejecutarReporte'

2022-04-29 10:41:01 - [TEST_STEP][PASSED] - click(findTestObject("1-OBJECTS TAREAS PRINCIPALES/Modulo Tarea Compensacion/Ejecutar Reporte Planilla/a_Actos Administrativos_ejecutarReportePlanillaj_idt61")): Object: 'Object Repository/1-OBJECTS TAREAS PRINCIPALES/Modulo Tarea Compensacion/Ejecutar Reporte Planilla/a_Actos Administrativos_ejecutarReportePlanillaj_idt61' is clicked on

2022-04-29 10:41:02 - [MESSAGE][PASSED] - Object: 'Object Repository/1-OBJECTS TAREAS PRINCIPALES/Modulo Tarea Compensacion/Ejecutar Reporte Planilla/a_Actos Administrativos_ejecutarReportePlanillaj_idt61' is clicked on

2022-04-29 10:41:02 - [TEST_STEP][PASSED] - click(findTestObject("1-OBJECTS TAREAS PRINCIPALES/Modulo Tarea Compensacion/Ejecutar Reporte Planilla/a_Actos Administrativos_ejecutarReportePlanillaj_idt61")): Object: 'Object Repository/1-OBJECTS TAREAS PRINCIPALES/Modulo Tarea Compensacion/Ejecutar Reporte Planilla/a_Actos Administrativos_ejecutarReportePlanillaj_idt61' is clicked on

2022-04-29 10:41:02 - [MESSAGE][PASSED] - Object: 'Object Repository/1-OBJECTS TAREAS PRINCIPALES/Modulo Tarea Compensacion/Ejecutar Reporte Planilla/a_Actos Administrativos_ejecutarReportePlanillaj_idt61' is clicked on

2022-04-29 10:41:02 - [TEST_STEP][PASSED] - waitForElementClickable(findTestObject("1-OBJECTS TAREAS PRINCIPALES/Modulo Tarea Compensacion/Ejecutar Reporte Planilla/td_CNC- CONSOLIDADO PERIODO DE NOMINA POR LINEA CCOSTO"), 0): Object 'Object Repository/1-OBJECTS TAREAS PRINCIPALES/Modulo Tarea Compensacion/Ejecutar Reporte Planilla/td_CNC- CONSOLIDADO PERIODO DE NOMINA POR LINEA CCOSTO' is clickable

2022-04-29 10:41:02 - [MESSAGE][WARNING] - Timeout '0' is invalid. Using default page load timeout: '45'

2022-04-29 10:41:03 - [MESSAGE][PASSED] - Object 'Object Repository/1-OBJECTS TAREAS PRINCIPALES/Modulo Tarea Compensacion/Ejecutar Reporte Planilla/td_CNC- CONSOLIDADO PERIODO DE NOMINA POR LINEA CCOSTO' is clickable

2022-04-29 10:41:03 - [TEST_STEP][PASSED] - click(findTestObject("1-OBJECTS TAREAS PRINCIPALES/Modulo Tarea Compensacion/Ejecutar Reporte Planilla/td_CNC- CONSOLIDADO PERIODO DE NOMINA POR LINEA CCOSTO")): Object: 'Object Repository/1-OBJECTS TAREAS PRINCIPALES/Modulo Tarea Compensacion/Ejecutar Reporte Planilla/td_CNC- CONSOLIDADO PERIODO DE NOMINA POR LINEA CCOSTO' is clicked on

2022-04-29 10:41:03 - [MESSAGE][PASSED] - Object: 'Object Repository/1-OBJECTS TAREAS PRINCIPALES/Modulo Tarea Compensacion/Ejecutar Reporte Planilla/td_CNC- CONSOLIDADO PERIODO DE NOMINA POR LINEA CCOSTO' is clicked on

2022-04-29 10:41:03 - [TEST_STEP][PASSED] - click(findTestObject("1-OBJECTS TAREAS PRINCIPALES/Modulo Tarea Compensacion/Ejecutar Reporte Planilla/a_Periodo Nomina_ejecutarReportePlanillaj_idt73")): Object: 'Object Repository/1-OBJECTS TAREAS PRINCIPALES/Modulo Tarea Compensacion/Ejecutar Reporte Planilla/a_Periodo Nomina_ejecutarReportePlanillaj_idt73' is clicked on

2022-04-29 10:41:04 - [MESSAGE][PASSED] - Object: 'Object Repository/1-OBJECTS TAREAS PRINCIPALES/Modulo Tarea Compensacion/Ejecutar Reporte Planilla/a_Periodo Nomina_ejecutarReportePlanillaj_idt73' is clicked on

2022-04-29 10:41:04 - [TEST_STEP][PASSED] - selectOptionByIndex(findTestObject("1-OBJECTS TAREAS PRINCIPALES/Modulo Tarea Compensacion/Ejecutar Reporte Planilla/select_--  Seleccione  --Periodo CerradoPeriodo en Proceso"), "2", STOP_ON_FAILURE): All options with index in [2] are selected on object 'Object Repository/1-OBJECTS TAREAS PRINCIPALES/Modulo Tarea Compensacion/Ejecutar Reporte Planilla/select_--  Seleccione  --Periodo CerradoPeriodo en Proceso'

2022-04-29 10:41:06 - [MESSAGE][PASSED] - All options with index in [2] are selected on object 'Object Repository/1-OBJECTS TAREAS PRINCIPALES/Modulo Tarea Compensacion/Ejecutar Reporte Planilla/select_--  Seleccione  --Periodo CerradoPeriodo en Proceso'

2022-04-29 10:41:06 - [TEST_STEP][PASSED] - waitForElementClickable(findTestObject("1-OBJECTS TAREAS PRINCIPALES/Modulo Tarea Compensacion/Ejecutar Reporte Planilla/span_P. MensualJunio2021"), 0): Object 'Object Repository/1-OBJECTS TAREAS PRINCIPALES/Modulo Tarea Compensacion/Ejecutar Reporte Planilla/span_P. MensualJunio2021' is clickable

2022-04-29 10:41:06 - [MESSAGE][WARNING] - Timeout '0' is invalid. Using default page load timeout: '45'

2022-04-29 10:41:07 - [MESSAGE][PASSED] - Object 'Object Repository/1-OBJECTS TAREAS PRINCIPALES/Modulo Tarea Compensacion/Ejecutar Reporte Planilla/span_P. MensualJunio2021' is clickable

2022-04-29 10:41:07 - [TEST_STEP][PASSED] - click(findTestObject("1-OBJECTS TAREAS PRINCIPALES/Modulo Tarea Compensacion/Ejecutar Reporte Planilla/span_P. MensualJunio2021")): Object: 'Object Repository/1-OBJECTS TAREAS PRINCIPALES/Modulo Tarea Compensacion/Ejecutar Reporte Planilla/span_P. MensualJunio2021' is clicked on

2022-04-29 10:41:07 - [MESSAGE][PASSED] - Object: 'Object Repository/1-OBJECTS TAREAS PRINCIPALES/Modulo Tarea Compensacion/Ejecutar Reporte Planilla/span_P. MensualJunio2021' is clicked on

2022-04-29 10:41:07 - [TEST_STEP][PASSED] - click(findTestObject("1-OBJECTS TAREAS PRINCIPALES/Modulo Tarea Compensacion/Ejecutar Reporte Planilla/a_Aplicar")): Object: 'Object Repository/1-OBJECTS TAREAS PRINCIPALES/Modulo Tarea Compensacion/Ejecutar Reporte Planilla/a_Aplicar' is clicked on

2022-04-29 10:41:08 - [MESSAGE][PASSED] - Object: 'Object Repository/1-OBJECTS TAREAS PRINCIPALES/Modulo Tarea Compensacion/Ejecutar Reporte Planilla/a_Aplicar' is clicked on

2022-04-29 10:41:08 - [TEST_STEP][PASSED] - waitForElementClickable(findTestObject("1-OBJECTS TAREAS PRINCIPALES/Modulo Tarea Compensacion/Ejecutar Reporte Planilla/span_Reporte_glyphicons glyphicons-article"), 0): Object 'Object Repository/1-OBJECTS TAREAS PRINCIPALES/Modulo Tarea Compensacion/Ejecutar Reporte Planilla/span_Reporte_glyphicons glyphicons-article' is clickable

2022-04-29 10:41:08 - [MESSAGE][WARNING] - Timeout '0' is invalid. Using default page load timeout: '45'

2022-04-29 10:41:08 - [MESSAGE][PASSED] - Object 'Object Repository/1-OBJECTS TAREAS PRINCIPALES/Modulo Tarea Compensacion/Ejecutar Reporte Planilla/span_Reporte_glyphicons glyphicons-article' is clickable

2022-04-29 10:41:08 - [TEST_STEP][PASSED] - click(findTestObject("1-OBJECTS TAREAS PRINCIPALES/Modulo Tarea Compensacion/Ejecutar Reporte Planilla/span_Reporte_glyphicons glyphicons-article")): Object: 'Object Repository/1-OBJECTS TAREAS PRINCIPALES/Modulo Tarea Compensacion/Ejecutar Reporte Planilla/span_Reporte_glyphicons glyphicons-article' is clicked on

2022-04-29 10:41:09 - [MESSAGE][PASSED] - Object: 'Object Repository/1-OBJECTS TAREAS PRINCIPALES/Modulo Tarea Compensacion/Ejecutar Reporte Planilla/span_Reporte_glyphicons glyphicons-article' is clicked on

2022-04-29 10:41:09 - [TEST_STEP][PASSED] - click(findTestObject("1-OBJECTS TAREAS PRINCIPALES/Modulo Tarea Compensacion/Ejecutar Reporte Planilla/label_xlsData")): Object: 'Object Repository/1-OBJECTS TAREAS PRINCIPALES/Modulo Tarea Compensacion/Ejecutar Reporte Planilla/label_xlsData' is clicked on

2022-04-29 10:41:09 - [MESSAGE][PASSED] - Object: 'Object Repository/1-OBJECTS TAREAS PRINCIPALES/Modulo Tarea Compensacion/Ejecutar Reporte Planilla/label_xlsData' is clicked on

2022-04-29 10:41:09 - [TEST_STEP][PASSED] - click(findTestObject("1-OBJECTS TAREAS PRINCIPALES/Modulo Tarea Compensacion/Ejecutar Reporte Planilla/a_Generar Reporte")): Object: 'Object Repository/1-OBJECTS TAREAS PRINCIPALES/Modulo Tarea Compensacion/Ejecutar Reporte Planilla/a_Generar Reporte' is clicked on

2022-04-29 10:41:10 - [MESSAGE][PASSED] - Object: 'Object Repository/1-OBJECTS TAREAS PRINCIPALES/Modulo Tarea Compensacion/Ejecutar Reporte Planilla/a_Generar Reporte' is clicked on

2022-04-29 10:41:10 - [TEST_STEP][PASSED] - waitForElementClickable(findTestObject("1-OBJECTS TAREAS PRINCIPALES/Modulo Tarea Compensacion/Ejecutar Reporte Planilla/a_Descargar"), 0): Object 'Object Repository/1-OBJECTS TAREAS PRINCIPALES/Modulo Tarea Compensacion/Ejecutar Reporte Planilla/a_Descargar' is clickable

2022-04-29 10:41:10 - [MESSAGE][WARNING] - Timeout '0' is invalid. Using default page load timeout: '45'

2022-04-29 10:41:14 - [MESSAGE][PASSED] - Object 'Object Repository/1-OBJECTS TAREAS PRINCIPALES/Modulo Tarea Compensacion/Ejecutar Reporte Planilla/a_Descargar' is clickable

2022-04-29 10:41:14 - [TEST_STEP][PASSED] - click(findTestObject("1-OBJECTS TAREAS PRINCIPALES/Modulo Tarea Compensacion/Ejecutar Reporte Planilla/a_Descargar")): Object: 'Object Repository/1-OBJECTS TAREAS PRINCIPALES/Modulo Tarea Compensacion/Ejecutar Reporte Planilla/a_Descargar' is clicked on

2022-04-29 10:41:15 - [MESSAGE][PASSED] - Object: 'Object Repository/1-OBJECTS TAREAS PRINCIPALES/Modulo Tarea Compensacion/Ejecutar Reporte Planilla/a_Descargar' is clicked on

2022-04-29 10:41:15 - [TEST_STEP][PASSED] - click(findTestObject("1-OBJECTS TAREAS PRINCIPALES/Modulo Tarea Compensacion/Ejecutar Reporte Planilla/a_Periodo Nomina_Cerrar")): Object: 'Object Repository/1-OBJECTS TAREAS PRINCIPALES/Modulo Tarea Compensacion/Ejecutar Reporte Planilla/a_Periodo Nomina_Cerrar' is clicked on

2022-04-29 10:41:15 - [MESSAGE][PASSED] - Object: 'Object Repository/1-OBJECTS TAREAS PRINCIPALES/Modulo Tarea Compensacion/Ejecutar Reporte Planilla/a_Periodo Nomina_Cerrar' is clicked on

2022-04-29 10:41:15 - [TEST_STEP][PASSED] - waitForElementClickable(findTestObject("1-OBJECTS TAREAS PRINCIPALES/Modulo Tarea Compensacion/Ejecutar Reporte Planilla/a_Aplicar"), 0): Object 'Object Repository/1-OBJECTS TAREAS PRINCIPALES/Modulo Tarea Compensacion/Ejecutar Reporte Planilla/a_Aplicar' is clickable

2022-04-29 10:41:15 - [MESSAGE][WARNING] - Timeout '0' is invalid. Using default page load timeout: '45'

2022-04-29 10:41:16 - [MESSAGE][PASSED] - Object 'Object Repository/1-OBJECTS TAREAS PRINCIPALES/Modulo Tarea Compensacion/Ejecutar Reporte Planilla/a_Aplicar' is clickable

2022-04-29 10:41:16 - [TEST_STEP][PASSED] - click(findTestObject("1-OBJECTS TAREAS PRINCIPALES/Modulo Tarea Compensacion/Ejecutar Reporte Planilla/a_Aplicar")): Object: 'Object Repository/1-OBJECTS TAREAS PRINCIPALES/Modulo Tarea Compensacion/Ejecutar Reporte Planilla/a_Aplicar' is clicked on

2022-04-29 10:41:16 - [MESSAGE][PASSED] - Object: 'Object Repository/1-OBJECTS TAREAS PRINCIPALES/Modulo Tarea Compensacion/Ejecutar Reporte Planilla/a_Aplicar' is clicked on

2022-04-29 10:41:16 - [TEST_STEP][PASSED] - waitForElementClickable(findTestObject("1-OBJECTS TAREAS PRINCIPALES/Modulo Tarea Compensacion/Ejecutar Reporte Planilla/span_Reporte_glyphicons glyphicons-article"), 0): Object 'Object Repository/1-OBJECTS TAREAS PRINCIPALES/Modulo Tarea Compensacion/Ejecutar Reporte Planilla/span_Reporte_glyphicons glyphicons-article' is clickable

2022-04-29 10:41:16 - [MESSAGE][WARNING] - Timeout '0' is invalid. Using default page load timeout: '45'

2022-04-29 10:41:17 - [MESSAGE][PASSED] - Object 'Object Repository/1-OBJECTS TAREAS PRINCIPALES/Modulo Tarea Compensacion/Ejecutar Reporte Planilla/span_Reporte_glyphicons glyphicons-article' is clickable

2022-04-29 10:41:17 - [TEST_STEP][PASSED] - click(findTestObject("1-OBJECTS TAREAS PRINCIPALES/Modulo Tarea Compensacion/Ejecutar Reporte Planilla/span_Reporte_glyphicons glyphicons-article")): Object: 'Object Repository/1-OBJECTS TAREAS PRINCIPALES/Modulo Tarea Compensacion/Ejecutar Reporte Planilla/span_Reporte_glyphicons glyphicons-article' is clicked on

2022-04-29 10:41:17 - [MESSAGE][PASSED] - Object: 'Object Repository/1-OBJECTS TAREAS PRINCIPALES/Modulo Tarea Compensacion/Ejecutar Reporte Planilla/span_Reporte_glyphicons glyphicons-article' is clicked on

2022-04-29 10:41:17 - [TEST_STEP][PASSED] - click(findTestObject("1-OBJECTS TAREAS PRINCIPALES/Modulo Tarea Compensacion/Ejecutar Reporte Planilla/label_pdf")): Object: 'Object Repository/1-OBJECTS TAREAS PRINCIPALES/Modulo Tarea Compensacion/Ejecutar Reporte Planilla/label_pdf' is clicked on

2022-04-29 10:41:18 - [MESSAGE][PASSED] - Object: 'Object Repository/1-OBJECTS TAREAS PRINCIPALES/Modulo Tarea Compensacion/Ejecutar Reporte Planilla/label_pdf' is clicked on

2022-04-29 10:41:18 - [TEST_STEP][PASSED] - click(findTestObject("1-OBJECTS TAREAS PRINCIPALES/Modulo Tarea Compensacion/Ejecutar Reporte Planilla/a_Generar Reporte")): Object: 'Object Repository/1-OBJECTS TAREAS PRINCIPALES/Modulo Tarea Compensacion/Ejecutar Reporte Planilla/a_Generar Reporte' is clicked on

2022-04-29 10:41:18 - [MESSAGE][PASSED] - Object: 'Object Repository/1-OBJECTS TAREAS PRINCIPALES/Modulo Tarea Compensacion/Ejecutar Reporte Planilla/a_Generar Reporte' is clicked on

2022-04-29 10:41:18 - [TEST_STEP][PASSED] - waitForElementClickable(findTestObject("1-OBJECTS TAREAS PRINCIPALES/Modulo Tarea Compensacion/Ejecutar Reporte Planilla/a_Descargar"), 0): Object 'Object Repository/1-OBJECTS TAREAS PRINCIPALES/Modulo Tarea Compensacion/Ejecutar Reporte Planilla/a_Descargar' is clickable

2022-04-29 10:41:18 - [MESSAGE][WARNING] - Timeout '0' is invalid. Using default page load timeout: '45'

2022-04-29 10:41:22 - [MESSAGE][PASSED] - Object 'Object Repository/1-OBJECTS TAREAS PRINCIPALES/Modulo Tarea Compensacion/Ejecutar Reporte Planilla/a_Descargar' is clickable

2022-04-29 10:41:22 - [TEST_STEP][PASSED] - click(findTestObject("1-OBJECTS TAREAS PRINCIPALES/Modulo Tarea Compensacion/Ejecutar Reporte Planilla/a_Descargar")): Object: 'Object Repository/1-OBJECTS TAREAS PRINCIPALES/Modulo Tarea Compensacion/Ejecutar Reporte Planilla/a_Descargar' is clicked on

2022-04-29 10:41:23 - [MESSAGE][PASSED] - Object: 'Object Repository/1-OBJECTS TAREAS PRINCIPALES/Modulo Tarea Compensacion/Ejecutar Reporte Planilla/a_Descargar' is clicked on

2022-04-29 10:41:23 - [TEST_STEP][PASSED] - click(findTestObject("1-OBJECTS TAREAS PRINCIPALES/Modulo Tarea Compensacion/Ejecutar Reporte Planilla/a_Periodo Nomina_Cerrar")): Object: 'Object Repository/1-OBJECTS TAREAS PRINCIPALES/Modulo Tarea Compensacion/Ejecutar Reporte Planilla/a_Periodo Nomina_Cerrar' is clicked on

2022-04-29 10:41:23 - [MESSAGE][PASSED] - Object: 'Object Repository/1-OBJECTS TAREAS PRINCIPALES/Modulo Tarea Compensacion/Ejecutar Reporte Planilla/a_Periodo Nomina_Cerrar' is clicked on

2022-04-29 10:41:23 - [TEST_STEP][PASSED] - closeBrowser(): Browser is closed

2022-04-29 10:41:24 - [MESSAGE][PASSED] - Browser is closed]]></system-out>
         <system-err><![CDATA[]]></system-err>
      </testcase>
      <testcase name="Test Cases/1.1-Tareas Principales/1.5.5- Crear Nomina Electrónica" time="37.2" classname="Test Cases/1.1-Tareas Principales/1.5.5- Crear Nomina Electrónica" status="PASSED">
         <system-out><![CDATA[2022-04-29 10:41:24 - [TEST_CASE][PASSED] - Test Cases/1.1-Tareas Principales/1.5.5- Crear Nomina Electrónica: Test Cases/1.1-Tareas Principales/1.5.5- Crear Nomina Electrónica

2022-04-29 10:41:25 - [TEST_STEP][PASSED] - callTestCase(findTestCase("0.1-Login"), [:], STOP_ON_FAILURE): Call Test Case 'Test Cases/0.1-Login' successfully

2022-04-29 10:41:25 - [TEST_CASE][PASSED] - Test Cases/0.1-Login: Test Cases/0.1-Login

2022-04-29 10:41:25 - [TEST_STEP][PASSED] - openBrowser(""): Browser is opened with url: ''

2022-04-29 10:41:25 - [MESSAGE][INFO] - Starting 'Chrome' driver

2022-04-29 10:41:25 - [MESSAGE][INFO] - Action delay is set to 0 milliseconds

2022-04-29 10:41:26 - [MESSAGE][PASSED] - Browser is opened with url: ''

2022-04-29 10:41:26 - [TEST_STEP][PASSED] - maximizeWindow(): Current window maximized

2022-04-29 10:41:26 - [MESSAGE][PASSED] - Current window maximized

2022-04-29 10:41:26 - [TEST_STEP][PASSED] - i = G_Login: null

2022-04-29 10:41:26 - [TEST_STEP][PASSED] - url = new java.net.URL(i): null

2022-04-29 10:41:26 - [TEST_STEP][PASSED] - println("URL: " + url.toString()): null

2022-04-29 10:41:26 - [TEST_STEP][PASSED] - connection = url.openConnection(): null

2022-04-29 10:41:26 - [TEST_STEP][PASSED] - connection.setRequestMethod("GET"): null

2022-04-29 10:41:26 - [TEST_STEP][PASSED] - connection.setReadTimeout(2 * 1000): null

2022-04-29 10:41:26 - [TEST_STEP][PASSED] - try: null

2022-04-29 10:41:26 - [TEST_STEP][PASSED] - connection.connect(): null

2022-04-29 10:41:26 - [TEST_STEP][PASSED] - flag = connected: null

2022-04-29 10:41:26 - [TEST_STEP][PASSED] - println("Valor_ori: " + flag): null

2022-04-29 10:41:26 - [TEST_STEP][PASSED] - if (flag): null

2022-04-29 10:41:26 - [TEST_STEP][PASSED] - navigateToUrl(i): Navigate to 'http://192.168.2.19:8380/saraweb' successfully

2022-04-29 10:41:27 - [MESSAGE][PASSED] - Navigate to 'http://192.168.2.19:8380/saraweb' successfully

2022-04-29 10:41:27 - [TEST_STEP][PASSED] - a(): null

2022-04-29 10:41:27 - [TEST_STEP][PASSED] - setText(findTestObject("3-OBJECTS UTILIDADES/Login/input_USUARIO_loginusuario"), G_Usuario): Text 'saraadmin' is set on object 'Object Repository/3-OBJECTS UTILIDADES/Login/input_USUARIO_loginusuario'

2022-04-29 10:41:27 - [MESSAGE][PASSED] - Text 'saraadmin' is set on object 'Object Repository/3-OBJECTS UTILIDADES/Login/input_USUARIO_loginusuario'

2022-04-29 10:41:27 - [TEST_STEP][PASSED] - setEncryptedText(findTestObject("3-OBJECTS UTILIDADES/Login/input_CLAVE_loginpassword"), "MkG4/TYiCFC3cb2driP7+Q=="): Text ****** has been set on object 'Object Repository/3-OBJECTS UTILIDADES/Login/input_CLAVE_loginpassword'

2022-04-29 10:41:28 - [MESSAGE][PASSED] - Text ****** has been set on object 'Object Repository/3-OBJECTS UTILIDADES/Login/input_CLAVE_loginpassword'

2022-04-29 10:41:28 - [TEST_STEP][PASSED] - waitForElementClickable(findTestObject("3-OBJECTS UTILIDADES/Login/a_Ingresar"), G_TimeOut): Object 'Object Repository/3-OBJECTS UTILIDADES/Login/a_Ingresar' is clickable

2022-04-29 10:41:28 - [MESSAGE][PASSED] - Object 'Object Repository/3-OBJECTS UTILIDADES/Login/a_Ingresar' is clickable

2022-04-29 10:41:28 - [TEST_STEP][PASSED] - click(findTestObject("3-OBJECTS UTILIDADES/Login/a_Ingresar")): Object: 'Object Repository/3-OBJECTS UTILIDADES/Login/a_Ingresar' is clicked on

2022-04-29 10:41:30 - [MESSAGE][PASSED] - Object: 'Object Repository/3-OBJECTS UTILIDADES/Login/a_Ingresar' is clicked on

2022-04-29 10:41:30 - [TEST_STEP][PASSED] - element = findWebElement(findTestObject("3-OBJECTS UTILIDADES/Login/a_Ir"), 30): null

2022-04-29 10:41:30 - [TEST_STEP][PASSED] - executeJavaScript("arguments[0].click()", Arrays.asList(element)): Execute JavaScript 'arguments[0].click()' successfully

2022-04-29 10:41:30 - [MESSAGE][PASSED] - Execute JavaScript 'arguments[0].click()' successfully

2022-04-29 10:41:30 - [MESSAGE][PASSED] - Call Test Case 'Test Cases/0.1-Login' successfully

2022-04-29 10:41:30 - [TEST_STEP][PASSED] - waitForElementClickable(findTestObject("1-OBJECTS TAREAS PRINCIPALES/Modulo Tarea Compensacion/Crear Nomina Electronica (1)/Page_SARA/input_ADMINISTRADOR DEL SISTEMA - SARA_form_templatej_idt24_input"), G_TimeOut): Object 'Object Repository/1-OBJECTS TAREAS PRINCIPALES/Modulo Tarea Compensacion/Crear Nomina Electronica (1)/Page_SARA/input_ADMINISTRADOR DEL SISTEMA - SARA_form_templatej_idt24_input' is clickable

2022-04-29 10:41:31 - [MESSAGE][PASSED] - Object 'Object Repository/1-OBJECTS TAREAS PRINCIPALES/Modulo Tarea Compensacion/Crear Nomina Electronica (1)/Page_SARA/input_ADMINISTRADOR DEL SISTEMA - SARA_form_templatej_idt24_input' is clickable

2022-04-29 10:41:31 - [TEST_STEP][PASSED] - setText(findTestObject("1-OBJECTS TAREAS PRINCIPALES/Modulo Tarea Compensacion/Crear Nomina Electronica (1)/Page_SARA/input_ADMINISTRADOR DEL SISTEMA - SARA_form_templatej_idt24_input"), "Nomina Electronica (com)"): Text 'Nomina Electronica (com)' is set on object 'Object Repository/1-OBJECTS TAREAS PRINCIPALES/Modulo Tarea Compensacion/Crear Nomina Electronica (1)/Page_SARA/input_ADMINISTRADOR DEL SISTEMA - SARA_form_templatej_idt24_input'

2022-04-29 10:41:32 - [MESSAGE][PASSED] - Text 'Nomina Electronica (com)' is set on object 'Object Repository/1-OBJECTS TAREAS PRINCIPALES/Modulo Tarea Compensacion/Crear Nomina Electronica (1)/Page_SARA/input_ADMINISTRADOR DEL SISTEMA - SARA_form_templatej_idt24_input'

2022-04-29 10:41:32 - [TEST_STEP][PASSED] - waitForElementClickable(findTestObject("1-OBJECTS TAREAS PRINCIPALES/Modulo Tarea Compensacion/Crear Nomina Electronica (1)/Page_SARA/li_Nomina Electronica (com)"), 0): Object 'Object Repository/1-OBJECTS TAREAS PRINCIPALES/Modulo Tarea Compensacion/Crear Nomina Electronica (1)/Page_SARA/li_Nomina Electronica (com)' is clickable

2022-04-29 10:41:32 - [MESSAGE][WARNING] - Timeout '0' is invalid. Using default page load timeout: '45'

2022-04-29 10:41:33 - [MESSAGE][PASSED] - Object 'Object Repository/1-OBJECTS TAREAS PRINCIPALES/Modulo Tarea Compensacion/Crear Nomina Electronica (1)/Page_SARA/li_Nomina Electronica (com)' is clickable

2022-04-29 10:41:33 - [TEST_STEP][PASSED] - click(findTestObject("1-OBJECTS TAREAS PRINCIPALES/Modulo Tarea Compensacion/Crear Nomina Electronica (1)/Page_SARA/li_Nomina Electronica (com)")): Object: 'Object Repository/1-OBJECTS TAREAS PRINCIPALES/Modulo Tarea Compensacion/Crear Nomina Electronica (1)/Page_SARA/li_Nomina Electronica (com)' is clicked on

2022-04-29 10:41:33 - [MESSAGE][PASSED] - Object: 'Object Repository/1-OBJECTS TAREAS PRINCIPALES/Modulo Tarea Compensacion/Crear Nomina Electronica (1)/Page_SARA/li_Nomina Electronica (com)' is clicked on

2022-04-29 10:41:33 - [TEST_STEP][PASSED] - setText(findTestObject("1-OBJECTS TAREAS PRINCIPALES/Modulo Tarea Compensacion/Crear Nomina Electronica (1)/input_Fecha Corte_listado_nominaelectronicaj_idt72"), "2021"): Text '2021' is set on object 'Object Repository/1-OBJECTS TAREAS PRINCIPALES/Modulo Tarea Compensacion/Crear Nomina Electronica (1)/input_Fecha Corte_listado_nominaelectronicaj_idt72'

2022-04-29 10:41:35 - [MESSAGE][PASSED] - Text '2021' is set on object 'Object Repository/1-OBJECTS TAREAS PRINCIPALES/Modulo Tarea Compensacion/Crear Nomina Electronica (1)/input_Fecha Corte_listado_nominaelectronicaj_idt72'

2022-04-29 10:41:35 - [TEST_STEP][PASSED] - sendKeys(findTestObject("1-OBJECTS TAREAS PRINCIPALES/Modulo Tarea Compensacion/Crear Nomina Electronica (1)/input_Fecha Corte_listado_nominaelectronicaj_idt72"), Keys.chord(ENTER)): Keys 'ENTER + ' sent to object: 'Object Repository/1-OBJECTS TAREAS PRINCIPALES/Modulo Tarea Compensacion/Crear Nomina Electronica (1)/input_Fecha Corte_listado_nominaelectronicaj_idt72'

2022-04-29 10:41:35 - [MESSAGE][PASSED] - Keys 'ENTER + ' sent to object: 'Object Repository/1-OBJECTS TAREAS PRINCIPALES/Modulo Tarea Compensacion/Crear Nomina Electronica (1)/input_Fecha Corte_listado_nominaelectronicaj_idt72'

2022-04-29 10:41:35 - [TEST_STEP][PASSED] - if (waitForElementClickable(findTestObject("1-OBJECTS TAREAS PRINCIPALES/Modulo Tarea Compensacion/Crear Nomina Electronica/Page_SARA/td_2021-07-01"), 1)): null

2022-04-29 10:41:36 - [MESSAGE][PASSED] - Object 'Object Repository/1-OBJECTS TAREAS PRINCIPALES/Modulo Tarea Compensacion/Crear Nomina Electronica/Page_SARA/td_2021-07-01' is clickable

2022-04-29 10:41:36 - [TEST_STEP][PASSED] - click(findTestObject("1-OBJECTS TAREAS PRINCIPALES/Modulo Tarea Compensacion/Crear Nomina Electronica/Page_SARA/td_2021-07-01")): Object: 'Object Repository/1-OBJECTS TAREAS PRINCIPALES/Modulo Tarea Compensacion/Crear Nomina Electronica/Page_SARA/td_2021-07-01' is clicked on

2022-04-29 10:41:36 - [MESSAGE][PASSED] - Object: 'Object Repository/1-OBJECTS TAREAS PRINCIPALES/Modulo Tarea Compensacion/Crear Nomina Electronica/Page_SARA/td_2021-07-01' is clicked on

2022-04-29 10:41:36 - [TEST_STEP][PASSED] - click(findTestObject("1-OBJECTS TAREAS PRINCIPALES/Modulo Tarea Compensacion/Crear Nomina Electronica (1)/Page_SARA/a_Reversar Nomina")): Object: 'Object Repository/1-OBJECTS TAREAS PRINCIPALES/Modulo Tarea Compensacion/Crear Nomina Electronica (1)/Page_SARA/a_Reversar Nomina' is clicked on

2022-04-29 10:41:38 - [MESSAGE][PASSED] - Object: 'Object Repository/1-OBJECTS TAREAS PRINCIPALES/Modulo Tarea Compensacion/Crear Nomina Electronica (1)/Page_SARA/a_Reversar Nomina' is clicked on

2022-04-29 10:41:38 - [TEST_STEP][PASSED] - click(findTestObject("1-OBJECTS TAREAS PRINCIPALES/Modulo Tarea Compensacion/Crear Nomina Electronica/Page_SARA/span_Si_Reversar Nomina")): Object: 'Object Repository/1-OBJECTS TAREAS PRINCIPALES/Modulo Tarea Compensacion/Crear Nomina Electronica/Page_SARA/span_Si_Reversar Nomina' is clicked on

2022-04-29 10:41:39 - [MESSAGE][PASSED] - Object: 'Object Repository/1-OBJECTS TAREAS PRINCIPALES/Modulo Tarea Compensacion/Crear Nomina Electronica/Page_SARA/span_Si_Reversar Nomina' is clicked on

2022-04-29 10:41:39 - [TEST_STEP][PASSED] - waitForElementClickable(findTestObject("1-OBJECTS TAREAS PRINCIPALES/Modulo Tarea Compensacion/Crear Nomina Electronica (1)/Page_SARA/a_Nuevo"), 0): Object 'Object Repository/1-OBJECTS TAREAS PRINCIPALES/Modulo Tarea Compensacion/Crear Nomina Electronica (1)/Page_SARA/a_Nuevo' is clickable

2022-04-29 10:41:39 - [MESSAGE][WARNING] - Timeout '0' is invalid. Using default page load timeout: '45'

2022-04-29 10:41:40 - [MESSAGE][PASSED] - Object 'Object Repository/1-OBJECTS TAREAS PRINCIPALES/Modulo Tarea Compensacion/Crear Nomina Electronica (1)/Page_SARA/a_Nuevo' is clickable

2022-04-29 10:41:40 - [TEST_STEP][PASSED] - click(findTestObject("1-OBJECTS TAREAS PRINCIPALES/Modulo Tarea Compensacion/Crear Nomina Electronica (1)/Page_SARA/a_Nuevo"), STOP_ON_FAILURE): Object: 'Object Repository/1-OBJECTS TAREAS PRINCIPALES/Modulo Tarea Compensacion/Crear Nomina Electronica (1)/Page_SARA/a_Nuevo' is clicked on

2022-04-29 10:41:41 - [MESSAGE][PASSED] - Object: 'Object Repository/1-OBJECTS TAREAS PRINCIPALES/Modulo Tarea Compensacion/Crear Nomina Electronica (1)/Page_SARA/a_Nuevo' is clicked on

2022-04-29 10:41:41 - [TEST_STEP][PASSED] - waitForElementClickable(findTestObject("1-OBJECTS TAREAS PRINCIPALES/Modulo Tarea Compensacion/Crear Nomina Electronica/Page_SARA/select_-- seleccione --Nmina IndividualNmina Individual de Ajuste"), 0): Object 'Object Repository/1-OBJECTS TAREAS PRINCIPALES/Modulo Tarea Compensacion/Crear Nomina Electronica/Page_SARA/select_-- seleccione --Nmina IndividualNmina Individual de Ajuste' is clickable

2022-04-29 10:41:41 - [MESSAGE][WARNING] - Timeout '0' is invalid. Using default page load timeout: '45'

2022-04-29 10:41:41 - [MESSAGE][PASSED] - Object 'Object Repository/1-OBJECTS TAREAS PRINCIPALES/Modulo Tarea Compensacion/Crear Nomina Electronica/Page_SARA/select_-- seleccione --Nmina IndividualNmina Individual de Ajuste' is clickable

2022-04-29 10:41:41 - [TEST_STEP][PASSED] - setText(findTestObject("1-OBJECTS TAREAS PRINCIPALES/Modulo Tarea Compensacion/Crear Nomina Electronica (1)/input_Ao_popup_nominaelectronicaanno"), "2021"): Text '2021' is set on object 'Object Repository/1-OBJECTS TAREAS PRINCIPALES/Modulo Tarea Compensacion/Crear Nomina Electronica (1)/input_Ao_popup_nominaelectronicaanno'

2022-04-29 10:41:42 - [MESSAGE][PASSED] - Text '2021' is set on object 'Object Repository/1-OBJECTS TAREAS PRINCIPALES/Modulo Tarea Compensacion/Crear Nomina Electronica (1)/input_Ao_popup_nominaelectronicaanno'

2022-04-29 10:41:42 - [TEST_STEP][PASSED] - selectOptionByIndex(findTestObject("1-OBJECTS TAREAS PRINCIPALES/Modulo Tarea Compensacion/Crear Nomina Electronica/Page_SARA/select_-- seleccione --Nmina IndividualNmina Individual de Ajuste"), "1"): All options with index in [1] are selected on object 'Object Repository/1-OBJECTS TAREAS PRINCIPALES/Modulo Tarea Compensacion/Crear Nomina Electronica/Page_SARA/select_-- seleccione --Nmina IndividualNmina Individual de Ajuste'

2022-04-29 10:41:43 - [MESSAGE][PASSED] - All options with index in [1] are selected on object 'Object Repository/1-OBJECTS TAREAS PRINCIPALES/Modulo Tarea Compensacion/Crear Nomina Electronica/Page_SARA/select_-- seleccione --Nmina IndividualNmina Individual de Ajuste'

2022-04-29 10:41:43 - [TEST_STEP][PASSED] - selectOptionByIndex(findTestObject("1-OBJECTS TAREAS PRINCIPALES/Modulo Tarea Compensacion/Crear Nomina Electronica (1)/Page_SARA/select_-- seleccione --EneroFebreroMarzoAbrilMayoJunioJulioAgostoSeptiembreOctubreNoviembreDiciembre"), "8"): All options with index in [8] are selected on object 'Object Repository/1-OBJECTS TAREAS PRINCIPALES/Modulo Tarea Compensacion/Crear Nomina Electronica (1)/Page_SARA/select_-- seleccione --EneroFebreroMarzoAbrilMayoJunioJulioAgostoSeptiembreOctubreNoviembreDiciembre'

2022-04-29 10:41:44 - [MESSAGE][PASSED] - All options with index in [8] are selected on object 'Object Repository/1-OBJECTS TAREAS PRINCIPALES/Modulo Tarea Compensacion/Crear Nomina Electronica (1)/Page_SARA/select_-- seleccione --EneroFebreroMarzoAbrilMayoJunioJulioAgostoSeptiembreOctubreNoviembreDiciembre'

2022-04-29 10:41:44 - [TEST_STEP][PASSED] - selectOptionByIndex(findTestObject("1-OBJECTS TAREAS PRINCIPALES/Modulo Tarea Compensacion/Crear Nomina Electronica/Page_SARA/select_CUNDINAMARCASANTANDERBOGOTANo Usar"), "3"): All options with index in [3] are selected on object 'Object Repository/1-OBJECTS TAREAS PRINCIPALES/Modulo Tarea Compensacion/Crear Nomina Electronica/Page_SARA/select_CUNDINAMARCASANTANDERBOGOTANo Usar'

2022-04-29 10:41:46 - [MESSAGE][PASSED] - All options with index in [3] are selected on object 'Object Repository/1-OBJECTS TAREAS PRINCIPALES/Modulo Tarea Compensacion/Crear Nomina Electronica/Page_SARA/select_CUNDINAMARCASANTANDERBOGOTANo Usar'

2022-04-29 10:41:46 - [TEST_STEP][PASSED] - selectOptionByIndex(findTestObject("1-OBJECTS TAREAS PRINCIPALES/Modulo Tarea Compensacion/Crear Nomina Electronica (1)/Page_SARA/select_-- seleccione --EneroFebreroMarzoAbrilMayoJunioJulioAgostoSeptiembreOctubreNoviembreDiciembre"), "7"): All options with index in [7] are selected on object 'Object Repository/1-OBJECTS TAREAS PRINCIPALES/Modulo Tarea Compensacion/Crear Nomina Electronica (1)/Page_SARA/select_-- seleccione --EneroFebreroMarzoAbrilMayoJunioJulioAgostoSeptiembreOctubreNoviembreDiciembre'

2022-04-29 10:41:47 - [MESSAGE][PASSED] - All options with index in [7] are selected on object 'Object Repository/1-OBJECTS TAREAS PRINCIPALES/Modulo Tarea Compensacion/Crear Nomina Electronica (1)/Page_SARA/select_-- seleccione --EneroFebreroMarzoAbrilMayoJunioJulioAgostoSeptiembreOctubreNoviembreDiciembre'

2022-04-29 10:41:47 - [TEST_STEP][PASSED] - waitForElementVisible(findTestObject("1-OBJECTS TAREAS PRINCIPALES/Modulo Tarea Compensacion/Crear Nomina Electronica (1)/Page_SARA/a_Guardar"), 0): Object 'Object Repository/1-OBJECTS TAREAS PRINCIPALES/Modulo Tarea Compensacion/Crear Nomina Electronica (1)/Page_SARA/a_Guardar' is visible

2022-04-29 10:41:47 - [MESSAGE][WARNING] - Timeout '0' is invalid. Using default page load timeout: '45'

2022-04-29 10:41:47 - [MESSAGE][PASSED] - Object 'Object Repository/1-OBJECTS TAREAS PRINCIPALES/Modulo Tarea Compensacion/Crear Nomina Electronica (1)/Page_SARA/a_Guardar' is visible

2022-04-29 10:41:47 - [TEST_STEP][PASSED] - click(findTestObject("1-OBJECTS TAREAS PRINCIPALES/Modulo Tarea Compensacion/Crear Nomina Electronica (1)/Page_SARA/a_Guardar")): Object: 'Object Repository/1-OBJECTS TAREAS PRINCIPALES/Modulo Tarea Compensacion/Crear Nomina Electronica (1)/Page_SARA/a_Guardar' is clicked on

2022-04-29 10:41:48 - [MESSAGE][PASSED] - Object: 'Object Repository/1-OBJECTS TAREAS PRINCIPALES/Modulo Tarea Compensacion/Crear Nomina Electronica (1)/Page_SARA/a_Guardar' is clicked on

2022-04-29 10:41:48 - [TEST_STEP][PASSED] - waitForElementClickable(findTestObject("1-OBJECTS TAREAS PRINCIPALES/Modulo Tarea Compensacion/Crear Nomina Electronica (1)/Page_SARA/a_Generar"), 0): Object 'Object Repository/1-OBJECTS TAREAS PRINCIPALES/Modulo Tarea Compensacion/Crear Nomina Electronica (1)/Page_SARA/a_Generar' is clickable

2022-04-29 10:41:48 - [MESSAGE][WARNING] - Timeout '0' is invalid. Using default page load timeout: '45'

2022-04-29 10:41:49 - [MESSAGE][PASSED] - Object 'Object Repository/1-OBJECTS TAREAS PRINCIPALES/Modulo Tarea Compensacion/Crear Nomina Electronica (1)/Page_SARA/a_Generar' is clickable

2022-04-29 10:41:49 - [TEST_STEP][PASSED] - click(findTestObject("1-OBJECTS TAREAS PRINCIPALES/Modulo Tarea Compensacion/Crear Nomina Electronica (1)/Page_SARA/a_Generar")): Object: 'Object Repository/1-OBJECTS TAREAS PRINCIPALES/Modulo Tarea Compensacion/Crear Nomina Electronica (1)/Page_SARA/a_Generar' is clicked on

2022-04-29 10:41:50 - [MESSAGE][PASSED] - Object: 'Object Repository/1-OBJECTS TAREAS PRINCIPALES/Modulo Tarea Compensacion/Crear Nomina Electronica (1)/Page_SARA/a_Generar' is clicked on

2022-04-29 10:41:50 - [TEST_STEP][PASSED] - waitForElementClickable(findTestObject("1-OBJECTS TAREAS PRINCIPALES/Modulo Tarea Compensacion/Crear Nomina Electronica (1)/Page_SARA/a_Generar2"), 0): Object 'Object Repository/1-OBJECTS TAREAS PRINCIPALES/Modulo Tarea Compensacion/Crear Nomina Electronica (1)/Page_SARA/a_Generar2' is clickable

2022-04-29 10:41:50 - [MESSAGE][WARNING] - Timeout '0' is invalid. Using default page load timeout: '45'

2022-04-29 10:41:50 - [MESSAGE][PASSED] - Object 'Object Repository/1-OBJECTS TAREAS PRINCIPALES/Modulo Tarea Compensacion/Crear Nomina Electronica (1)/Page_SARA/a_Generar2' is clickable

2022-04-29 10:41:50 - [TEST_STEP][PASSED] - click(findTestObject("1-OBJECTS TAREAS PRINCIPALES/Modulo Tarea Compensacion/Crear Nomina Electronica (1)/Page_SARA/a_Generar2")): Object: 'Object Repository/1-OBJECTS TAREAS PRINCIPALES/Modulo Tarea Compensacion/Crear Nomina Electronica (1)/Page_SARA/a_Generar2' is clicked on

2022-04-29 10:41:51 - [MESSAGE][PASSED] - Object: 'Object Repository/1-OBJECTS TAREAS PRINCIPALES/Modulo Tarea Compensacion/Crear Nomina Electronica (1)/Page_SARA/a_Generar2' is clicked on

2022-04-29 10:41:51 - [TEST_STEP][PASSED] - if (waitForElementVisible(findTestObject("1-OBJECTS TAREAS PRINCIPALES/Modulo Tarea Compensacion/Crear Nomina Electronica (1)/td_Aguilar Ardila Simon Andres"), 0)): null

2022-04-29 10:41:51 - [MESSAGE][WARNING] - Timeout '0' is invalid. Using default page load timeout: '45'

2022-04-29 10:42:01 - [MESSAGE][PASSED] - Object 'Object Repository/1-OBJECTS TAREAS PRINCIPALES/Modulo Tarea Compensacion/Crear Nomina Electronica (1)/td_Aguilar Ardila Simon Andres' is visible

2022-04-29 10:42:01 - [TEST_STEP][PASSED] - Result = "PRUEBA OK": null]]></system-out>
         <system-err><![CDATA[]]></system-err>
      </testcase>
      <testcase name="Test Cases/1.1-Tareas Principales/1.5.6 Reporte Nomina Electronica" time="23.562" classname="Test Cases/1.1-Tareas Principales/1.5.6 Reporte Nomina Electronica" status="PASSED">
         <system-out><![CDATA[2022-04-29 10:42:01 - [TEST_CASE][PASSED] - Test Cases/1.1-Tareas Principales/1.5.6 Reporte Nomina Electronica: Test Cases/1.1-Tareas Principales/1.5.6 Reporte Nomina Electronica

2022-04-29 10:42:02 - [TEST_STEP][PASSED] - callTestCase(findTestCase("0.1-Login"), [:], STOP_ON_FAILURE): Call Test Case 'Test Cases/0.1-Login' successfully

2022-04-29 10:42:02 - [TEST_CASE][PASSED] - Test Cases/0.1-Login: Test Cases/0.1-Login

2022-04-29 10:42:02 - [TEST_STEP][PASSED] - openBrowser(""): Browser is opened with url: ''

2022-04-29 10:42:02 - [MESSAGE][WARNING] - A browser is already opened. Closing browser and opening a new one

2022-04-29 10:42:03 - [MESSAGE][INFO] - Starting 'Chrome' driver

2022-04-29 10:42:03 - [MESSAGE][INFO] - Action delay is set to 0 milliseconds

2022-04-29 10:42:04 - [MESSAGE][PASSED] - Browser is opened with url: ''

2022-04-29 10:42:04 - [TEST_STEP][PASSED] - maximizeWindow(): Current window maximized

2022-04-29 10:42:04 - [MESSAGE][PASSED] - Current window maximized

2022-04-29 10:42:04 - [TEST_STEP][PASSED] - i = G_Login: null

2022-04-29 10:42:04 - [TEST_STEP][PASSED] - url = new java.net.URL(i): null

2022-04-29 10:42:04 - [TEST_STEP][PASSED] - println("URL: " + url.toString()): null

2022-04-29 10:42:04 - [TEST_STEP][PASSED] - connection = url.openConnection(): null

2022-04-29 10:42:04 - [TEST_STEP][PASSED] - connection.setRequestMethod("GET"): null

2022-04-29 10:42:04 - [TEST_STEP][PASSED] - connection.setReadTimeout(2 * 1000): null

2022-04-29 10:42:04 - [TEST_STEP][PASSED] - try: null

2022-04-29 10:42:04 - [TEST_STEP][PASSED] - connection.connect(): null

2022-04-29 10:42:04 - [TEST_STEP][PASSED] - flag = connected: null

2022-04-29 10:42:04 - [TEST_STEP][PASSED] - println("Valor_ori: " + flag): null

2022-04-29 10:42:04 - [TEST_STEP][PASSED] - if (flag): null

2022-04-29 10:42:04 - [TEST_STEP][PASSED] - navigateToUrl(i): Navigate to 'http://192.168.2.19:8380/saraweb' successfully

2022-04-29 10:42:04 - [MESSAGE][PASSED] - Navigate to 'http://192.168.2.19:8380/saraweb' successfully

2022-04-29 10:42:04 - [TEST_STEP][PASSED] - a(): null

2022-04-29 10:42:04 - [TEST_STEP][PASSED] - setText(findTestObject("3-OBJECTS UTILIDADES/Login/input_USUARIO_loginusuario"), G_Usuario): Text 'saraadmin' is set on object 'Object Repository/3-OBJECTS UTILIDADES/Login/input_USUARIO_loginusuario'

2022-04-29 10:42:05 - [MESSAGE][PASSED] - Text 'saraadmin' is set on object 'Object Repository/3-OBJECTS UTILIDADES/Login/input_USUARIO_loginusuario'

2022-04-29 10:42:05 - [TEST_STEP][PASSED] - setEncryptedText(findTestObject("3-OBJECTS UTILIDADES/Login/input_CLAVE_loginpassword"), "MkG4/TYiCFC3cb2driP7+Q=="): Text ****** has been set on object 'Object Repository/3-OBJECTS UTILIDADES/Login/input_CLAVE_loginpassword'

2022-04-29 10:42:06 - [MESSAGE][PASSED] - Text ****** has been set on object 'Object Repository/3-OBJECTS UTILIDADES/Login/input_CLAVE_loginpassword'

2022-04-29 10:42:06 - [TEST_STEP][PASSED] - waitForElementClickable(findTestObject("3-OBJECTS UTILIDADES/Login/a_Ingresar"), G_TimeOut): Object 'Object Repository/3-OBJECTS UTILIDADES/Login/a_Ingresar' is clickable

2022-04-29 10:42:06 - [MESSAGE][PASSED] - Object 'Object Repository/3-OBJECTS UTILIDADES/Login/a_Ingresar' is clickable

2022-04-29 10:42:06 - [TEST_STEP][PASSED] - click(findTestObject("3-OBJECTS UTILIDADES/Login/a_Ingresar")): Object: 'Object Repository/3-OBJECTS UTILIDADES/Login/a_Ingresar' is clicked on

2022-04-29 10:42:08 - [MESSAGE][PASSED] - Object: 'Object Repository/3-OBJECTS UTILIDADES/Login/a_Ingresar' is clicked on

2022-04-29 10:42:08 - [TEST_STEP][PASSED] - element = findWebElement(findTestObject("3-OBJECTS UTILIDADES/Login/a_Ir"), 30): null

2022-04-29 10:42:08 - [TEST_STEP][PASSED] - executeJavaScript("arguments[0].click()", Arrays.asList(element)): Execute JavaScript 'arguments[0].click()' successfully

2022-04-29 10:42:08 - [MESSAGE][PASSED] - Execute JavaScript 'arguments[0].click()' successfully

2022-04-29 10:42:08 - [MESSAGE][PASSED] - Call Test Case 'Test Cases/0.1-Login' successfully

2022-04-29 10:42:08 - [TEST_STEP][PASSED] - waitForElementClickable(findTestObject("1-OBJECTS TAREAS PRINCIPALES/Modulo Tarea Compensacion/Reporte Nomina Electronica/Page_SARA/input_Nomina Electronica_form_templatej_idt24_input"), 0): Object 'Object Repository/1-OBJECTS TAREAS PRINCIPALES/Modulo Tarea Compensacion/Reporte Nomina Electronica/Page_SARA/input_Nomina Electronica_form_templatej_idt24_input' is clickable

2022-04-29 10:42:08 - [MESSAGE][WARNING] - Timeout '0' is invalid. Using default page load timeout: '45'

2022-04-29 10:42:09 - [MESSAGE][PASSED] - Object 'Object Repository/1-OBJECTS TAREAS PRINCIPALES/Modulo Tarea Compensacion/Reporte Nomina Electronica/Page_SARA/input_Nomina Electronica_form_templatej_idt24_input' is clickable

2022-04-29 10:42:09 - [TEST_STEP][PASSED] - setText(findTestObject("1-OBJECTS TAREAS PRINCIPALES/Modulo Tarea Compensacion/Reporte Nomina Electronica/Page_SARA/input_Nomina Electronica_form_templatej_idt24_input"), "Nomina Electronica"): Text 'Nomina Electronica' is set on object 'Object Repository/1-OBJECTS TAREAS PRINCIPALES/Modulo Tarea Compensacion/Reporte Nomina Electronica/Page_SARA/input_Nomina Electronica_form_templatej_idt24_input'

2022-04-29 10:42:10 - [MESSAGE][PASSED] - Text 'Nomina Electronica' is set on object 'Object Repository/1-OBJECTS TAREAS PRINCIPALES/Modulo Tarea Compensacion/Reporte Nomina Electronica/Page_SARA/input_Nomina Electronica_form_templatej_idt24_input'

2022-04-29 10:42:10 - [TEST_STEP][PASSED] - waitForElementClickable(findTestObject("1-OBJECTS TAREAS PRINCIPALES/Modulo Tarea Compensacion/Reporte Nomina Electronica/Page_SARA/span_Nomina Electronica"), 0): Object 'Object Repository/1-OBJECTS TAREAS PRINCIPALES/Modulo Tarea Compensacion/Reporte Nomina Electronica/Page_SARA/span_Nomina Electronica' is clickable

2022-04-29 10:42:10 - [MESSAGE][WARNING] - Timeout '0' is invalid. Using default page load timeout: '45'

2022-04-29 10:42:11 - [MESSAGE][PASSED] - Object 'Object Repository/1-OBJECTS TAREAS PRINCIPALES/Modulo Tarea Compensacion/Reporte Nomina Electronica/Page_SARA/span_Nomina Electronica' is clickable

2022-04-29 10:42:11 - [TEST_STEP][PASSED] - click(findTestObject("1-OBJECTS TAREAS PRINCIPALES/Modulo Tarea Compensacion/Reporte Nomina Electronica/Page_SARA/span_Nomina Electronica"), STOP_ON_FAILURE): Object: 'Object Repository/1-OBJECTS TAREAS PRINCIPALES/Modulo Tarea Compensacion/Reporte Nomina Electronica/Page_SARA/span_Nomina Electronica' is clicked on

2022-04-29 10:42:11 - [MESSAGE][PASSED] - Object: 'Object Repository/1-OBJECTS TAREAS PRINCIPALES/Modulo Tarea Compensacion/Reporte Nomina Electronica/Page_SARA/span_Nomina Electronica' is clicked on

2022-04-29 10:42:11 - [TEST_STEP][PASSED] - setText(findTestObject("1-OBJECTS TAREAS PRINCIPALES/Modulo Tarea Compensacion/Reporte Nomina Electronica/input_Fecha Corte_listado_nominaelectronicaj_idt72"), "2021"): Text '2021' is set on object 'Object Repository/1-OBJECTS TAREAS PRINCIPALES/Modulo Tarea Compensacion/Reporte Nomina Electronica/input_Fecha Corte_listado_nominaelectronicaj_idt72'

2022-04-29 10:42:13 - [MESSAGE][PASSED] - Text '2021' is set on object 'Object Repository/1-OBJECTS TAREAS PRINCIPALES/Modulo Tarea Compensacion/Reporte Nomina Electronica/input_Fecha Corte_listado_nominaelectronicaj_idt72'

2022-04-29 10:42:13 - [TEST_STEP][PASSED] - sendKeys(findTestObject("1-OBJECTS TAREAS PRINCIPALES/Modulo Tarea Compensacion/Reporte Nomina Electronica/input_Fecha Corte_listado_nominaelectronicaj_idt72"), Keys.chord(ENTER)): Keys 'ENTER + ' sent to object: 'Object Repository/1-OBJECTS TAREAS PRINCIPALES/Modulo Tarea Compensacion/Reporte Nomina Electronica/input_Fecha Corte_listado_nominaelectronicaj_idt72'

2022-04-29 10:42:13 - [MESSAGE][PASSED] - Keys 'ENTER + ' sent to object: 'Object Repository/1-OBJECTS TAREAS PRINCIPALES/Modulo Tarea Compensacion/Reporte Nomina Electronica/input_Fecha Corte_listado_nominaelectronicaj_idt72'

2022-04-29 10:42:13 - [TEST_STEP][PASSED] - if (waitForElementClickable(findTestObject("1-OBJECTS TAREAS PRINCIPALES/Modulo Tarea Compensacion/Reporte Nomina Electronica/Page_SARA/td_2021-07-01"), 1)): null

2022-04-29 10:42:14 - [MESSAGE][PASSED] - Object 'Object Repository/1-OBJECTS TAREAS PRINCIPALES/Modulo Tarea Compensacion/Reporte Nomina Electronica/Page_SARA/td_2021-07-01' is clickable

2022-04-29 10:42:14 - [TEST_STEP][PASSED] - click(findTestObject("1-OBJECTS TAREAS PRINCIPALES/Modulo Tarea Compensacion/Reporte Nomina Electronica/Page_SARA/td_2021-07-01")): Object: 'Object Repository/1-OBJECTS TAREAS PRINCIPALES/Modulo Tarea Compensacion/Reporte Nomina Electronica/Page_SARA/td_2021-07-01' is clicked on

2022-04-29 10:42:14 - [MESSAGE][PASSED] - Object: 'Object Repository/1-OBJECTS TAREAS PRINCIPALES/Modulo Tarea Compensacion/Reporte Nomina Electronica/Page_SARA/td_2021-07-01' is clicked on

2022-04-29 10:42:14 - [TEST_STEP][PASSED] - click(findTestObject("1-OBJECTS TAREAS PRINCIPALES/Modulo Tarea Compensacion/Reporte Nomina Electronica/Page_SARA/a_Reporte")): Object: 'Object Repository/1-OBJECTS TAREAS PRINCIPALES/Modulo Tarea Compensacion/Reporte Nomina Electronica/Page_SARA/a_Reporte' is clicked on

2022-04-29 10:42:15 - [MESSAGE][PASSED] - Object: 'Object Repository/1-OBJECTS TAREAS PRINCIPALES/Modulo Tarea Compensacion/Reporte Nomina Electronica/Page_SARA/a_Reporte' is clicked on

2022-04-29 10:42:15 - [TEST_STEP][PASSED] - click(findTestObject("1-OBJECTS TAREAS PRINCIPALES/Modulo Tarea Compensacion/Reporte Nomina Electronica/Page_SARA/td_Reporte Nomina Electrnica")): Object: 'Object Repository/1-OBJECTS TAREAS PRINCIPALES/Modulo Tarea Compensacion/Reporte Nomina Electronica/Page_SARA/td_Reporte Nomina Electrnica' is clicked on

2022-04-29 10:42:16 - [MESSAGE][PASSED] - Object: 'Object Repository/1-OBJECTS TAREAS PRINCIPALES/Modulo Tarea Compensacion/Reporte Nomina Electronica/Page_SARA/td_Reporte Nomina Electrnica' is clicked on

2022-04-29 10:42:16 - [TEST_STEP][PASSED] - click(findTestObject("1-OBJECTS TAREAS PRINCIPALES/Modulo Tarea Compensacion/Reporte Nomina Electronica/Page_SARA/span_Que desea hacer_ui-radiobutton-icon ui-icon ui-icon-blank ui-c")): Object: 'Object Repository/1-OBJECTS TAREAS PRINCIPALES/Modulo Tarea Compensacion/Reporte Nomina Electronica/Page_SARA/span_Que desea hacer_ui-radiobutton-icon ui-icon ui-icon-blank ui-c' is clicked on

2022-04-29 10:42:17 - [MESSAGE][PASSED] - Object: 'Object Repository/1-OBJECTS TAREAS PRINCIPALES/Modulo Tarea Compensacion/Reporte Nomina Electronica/Page_SARA/span_Que desea hacer_ui-radiobutton-icon ui-icon ui-icon-blank ui-c' is clicked on

2022-04-29 10:42:17 - [TEST_STEP][PASSED] - waitForElementClickable(findTestObject("1-OBJECTS TAREAS PRINCIPALES/Modulo Tarea Compensacion/Reporte Nomina Electronica/Page_SARA/a_Generar"), 0): Object 'Object Repository/1-OBJECTS TAREAS PRINCIPALES/Modulo Tarea Compensacion/Reporte Nomina Electronica/Page_SARA/a_Generar' is clickable

2022-04-29 10:42:17 - [MESSAGE][WARNING] - Timeout '0' is invalid. Using default page load timeout: '45'

2022-04-29 10:42:18 - [MESSAGE][PASSED] - Object 'Object Repository/1-OBJECTS TAREAS PRINCIPALES/Modulo Tarea Compensacion/Reporte Nomina Electronica/Page_SARA/a_Generar' is clickable

2022-04-29 10:42:18 - [TEST_STEP][PASSED] - click(findTestObject("1-OBJECTS TAREAS PRINCIPALES/Modulo Tarea Compensacion/Reporte Nomina Electronica/Page_SARA/a_Generar")): Object: 'Object Repository/1-OBJECTS TAREAS PRINCIPALES/Modulo Tarea Compensacion/Reporte Nomina Electronica/Page_SARA/a_Generar' is clicked on

2022-04-29 10:42:18 - [MESSAGE][PASSED] - Object: 'Object Repository/1-OBJECTS TAREAS PRINCIPALES/Modulo Tarea Compensacion/Reporte Nomina Electronica/Page_SARA/a_Generar' is clicked on

2022-04-29 10:42:18 - [TEST_STEP][PASSED] - waitForElementClickable(findTestObject("1-OBJECTS TAREAS PRINCIPALES/Modulo Tarea Compensacion/Reporte Nomina Electronica/Page_SARA/a_Continuar"), 0): Object 'Object Repository/1-OBJECTS TAREAS PRINCIPALES/Modulo Tarea Compensacion/Reporte Nomina Electronica/Page_SARA/a_Continuar' is clickable

2022-04-29 10:42:18 - [MESSAGE][WARNING] - Timeout '0' is invalid. Using default page load timeout: '45'

2022-04-29 10:42:22 - [MESSAGE][PASSED] - Object 'Object Repository/1-OBJECTS TAREAS PRINCIPALES/Modulo Tarea Compensacion/Reporte Nomina Electronica/Page_SARA/a_Continuar' is clickable

2022-04-29 10:42:22 - [TEST_STEP][PASSED] - click(findTestObject("1-OBJECTS TAREAS PRINCIPALES/Modulo Tarea Compensacion/Reporte Nomina Electronica/Page_SARA/a_Continuar")): Object: 'Object Repository/1-OBJECTS TAREAS PRINCIPALES/Modulo Tarea Compensacion/Reporte Nomina Electronica/Page_SARA/a_Continuar' is clicked on

2022-04-29 10:42:22 - [MESSAGE][PASSED] - Object: 'Object Repository/1-OBJECTS TAREAS PRINCIPALES/Modulo Tarea Compensacion/Reporte Nomina Electronica/Page_SARA/a_Continuar' is clicked on

2022-04-29 10:42:22 - [TEST_STEP][PASSED] - if (waitForElementClickable(findTestObject("1-OBJECTS TAREAS PRINCIPALES/Modulo Tarea Compensacion/Reporte Nomina Electronica/Page_SARA/a_Descargar"), 1)): null

2022-04-29 10:42:23 - [MESSAGE][PASSED] - Object 'Object Repository/1-OBJECTS TAREAS PRINCIPALES/Modulo Tarea Compensacion/Reporte Nomina Electronica/Page_SARA/a_Descargar' is clickable

2022-04-29 10:42:23 - [TEST_STEP][PASSED] - click(findTestObject("1-OBJECTS TAREAS PRINCIPALES/Modulo Tarea Compensacion/Reporte Nomina Electronica/Page_SARA/a_Descargar")): Object: 'Object Repository/1-OBJECTS TAREAS PRINCIPALES/Modulo Tarea Compensacion/Reporte Nomina Electronica/Page_SARA/a_Descargar' is clicked on

2022-04-29 10:42:24 - [MESSAGE][PASSED] - Object: 'Object Repository/1-OBJECTS TAREAS PRINCIPALES/Modulo Tarea Compensacion/Reporte Nomina Electronica/Page_SARA/a_Descargar' is clicked on

2022-04-29 10:42:24 - [TEST_STEP][PASSED] - closeBrowser(): Browser is closed

2022-04-29 10:42:25 - [MESSAGE][PASSED] - Browser is closed]]></system-out>
         <system-err><![CDATA[]]></system-err>
      </testcase>
      <testcase name="Test Cases/1.1-Tareas Principales/1.5.7 Descargar Nomina Electronica" time="21.166" classname="Test Cases/1.1-Tareas Principales/1.5.7 Descargar Nomina Electronica" status="PASSED">
         <system-out><![CDATA[2022-04-29 10:42:25 - [TEST_CASE][PASSED] - Test Cases/1.1-Tareas Principales/1.5.7 Descargar Nomina Electronica: Test Cases/1.1-Tareas Principales/1.5.7 Descargar Nomina Electronica

2022-04-29 10:42:25 - [TEST_STEP][PASSED] - callTestCase(findTestCase("0.1-Login"), [:], STOP_ON_FAILURE): Call Test Case 'Test Cases/0.1-Login' successfully

2022-04-29 10:42:25 - [TEST_CASE][PASSED] - Test Cases/0.1-Login: Test Cases/0.1-Login

2022-04-29 10:42:25 - [TEST_STEP][PASSED] - openBrowser(""): Browser is opened with url: ''

2022-04-29 10:42:25 - [MESSAGE][INFO] - Starting 'Chrome' driver

2022-04-29 10:42:25 - [MESSAGE][INFO] - Action delay is set to 0 milliseconds

2022-04-29 10:42:27 - [MESSAGE][PASSED] - Browser is opened with url: ''

2022-04-29 10:42:27 - [TEST_STEP][PASSED] - maximizeWindow(): Current window maximized

2022-04-29 10:42:27 - [MESSAGE][PASSED] - Current window maximized

2022-04-29 10:42:27 - [TEST_STEP][PASSED] - i = G_Login: null

2022-04-29 10:42:27 - [TEST_STEP][PASSED] - url = new java.net.URL(i): null

2022-04-29 10:42:27 - [TEST_STEP][PASSED] - println("URL: " + url.toString()): null

2022-04-29 10:42:27 - [TEST_STEP][PASSED] - connection = url.openConnection(): null

2022-04-29 10:42:27 - [TEST_STEP][PASSED] - connection.setRequestMethod("GET"): null

2022-04-29 10:42:27 - [TEST_STEP][PASSED] - connection.setReadTimeout(2 * 1000): null

2022-04-29 10:42:27 - [TEST_STEP][PASSED] - try: null

2022-04-29 10:42:27 - [TEST_STEP][PASSED] - connection.connect(): null

2022-04-29 10:42:27 - [TEST_STEP][PASSED] - flag = connected: null

2022-04-29 10:42:27 - [TEST_STEP][PASSED] - println("Valor_ori: " + flag): null

2022-04-29 10:42:27 - [TEST_STEP][PASSED] - if (flag): null

2022-04-29 10:42:27 - [TEST_STEP][PASSED] - navigateToUrl(i): Navigate to 'http://192.168.2.19:8380/saraweb' successfully

2022-04-29 10:42:27 - [MESSAGE][PASSED] - Navigate to 'http://192.168.2.19:8380/saraweb' successfully

2022-04-29 10:42:27 - [TEST_STEP][PASSED] - a(): null

2022-04-29 10:42:27 - [TEST_STEP][PASSED] - setText(findTestObject("3-OBJECTS UTILIDADES/Login/input_USUARIO_loginusuario"), G_Usuario): Text 'saraadmin' is set on object 'Object Repository/3-OBJECTS UTILIDADES/Login/input_USUARIO_loginusuario'

2022-04-29 10:42:28 - [MESSAGE][PASSED] - Text 'saraadmin' is set on object 'Object Repository/3-OBJECTS UTILIDADES/Login/input_USUARIO_loginusuario'

2022-04-29 10:42:28 - [TEST_STEP][PASSED] - setEncryptedText(findTestObject("3-OBJECTS UTILIDADES/Login/input_CLAVE_loginpassword"), "MkG4/TYiCFC3cb2driP7+Q=="): Text ****** has been set on object 'Object Repository/3-OBJECTS UTILIDADES/Login/input_CLAVE_loginpassword'

2022-04-29 10:42:29 - [MESSAGE][PASSED] - Text ****** has been set on object 'Object Repository/3-OBJECTS UTILIDADES/Login/input_CLAVE_loginpassword'

2022-04-29 10:42:29 - [TEST_STEP][PASSED] - waitForElementClickable(findTestObject("3-OBJECTS UTILIDADES/Login/a_Ingresar"), G_TimeOut): Object 'Object Repository/3-OBJECTS UTILIDADES/Login/a_Ingresar' is clickable

2022-04-29 10:42:29 - [MESSAGE][PASSED] - Object 'Object Repository/3-OBJECTS UTILIDADES/Login/a_Ingresar' is clickable

2022-04-29 10:42:29 - [TEST_STEP][PASSED] - click(findTestObject("3-OBJECTS UTILIDADES/Login/a_Ingresar")): Object: 'Object Repository/3-OBJECTS UTILIDADES/Login/a_Ingresar' is clicked on

2022-04-29 10:42:30 - [MESSAGE][PASSED] - Object: 'Object Repository/3-OBJECTS UTILIDADES/Login/a_Ingresar' is clicked on

2022-04-29 10:42:30 - [TEST_STEP][PASSED] - element = findWebElement(findTestObject("3-OBJECTS UTILIDADES/Login/a_Ir"), 30): null

2022-04-29 10:42:31 - [TEST_STEP][PASSED] - executeJavaScript("arguments[0].click()", Arrays.asList(element)): Execute JavaScript 'arguments[0].click()' successfully

2022-04-29 10:42:31 - [MESSAGE][PASSED] - Execute JavaScript 'arguments[0].click()' successfully

2022-04-29 10:42:31 - [MESSAGE][PASSED] - Call Test Case 'Test Cases/0.1-Login' successfully

2022-04-29 10:42:31 - [TEST_STEP][PASSED] - waitForElementClickable(findTestObject("1-OBJECTS TAREAS PRINCIPALES/Modulo Tarea Compensacion/Descargar Nomina Electronica/Page_SARA/input_Nomina Electronica_form_templatej_idt24_input"), 0): Object 'Object Repository/1-OBJECTS TAREAS PRINCIPALES/Modulo Tarea Compensacion/Descargar Nomina Electronica/Page_SARA/input_Nomina Electronica_form_templatej_idt24_input' is clickable

2022-04-29 10:42:31 - [MESSAGE][WARNING] - Timeout '0' is invalid. Using default page load timeout: '45'

2022-04-29 10:42:32 - [MESSAGE][PASSED] - Object 'Object Repository/1-OBJECTS TAREAS PRINCIPALES/Modulo Tarea Compensacion/Descargar Nomina Electronica/Page_SARA/input_Nomina Electronica_form_templatej_idt24_input' is clickable

2022-04-29 10:42:32 - [TEST_STEP][PASSED] - setText(findTestObject("1-OBJECTS TAREAS PRINCIPALES/Modulo Tarea Compensacion/Descargar Nomina Electronica/Page_SARA/input_Nomina Electronica_form_templatej_idt24_input"), "Nomina Electronica"): Text 'Nomina Electronica' is set on object 'Object Repository/1-OBJECTS TAREAS PRINCIPALES/Modulo Tarea Compensacion/Descargar Nomina Electronica/Page_SARA/input_Nomina Electronica_form_templatej_idt24_input'

2022-04-29 10:42:32 - [MESSAGE][PASSED] - Text 'Nomina Electronica' is set on object 'Object Repository/1-OBJECTS TAREAS PRINCIPALES/Modulo Tarea Compensacion/Descargar Nomina Electronica/Page_SARA/input_Nomina Electronica_form_templatej_idt24_input'

2022-04-29 10:42:32 - [TEST_STEP][PASSED] - waitForElementClickable(findTestObject("1-OBJECTS TAREAS PRINCIPALES/Modulo Tarea Compensacion/Descargar Nomina Electronica/Page_SARA/span_Nomina Electronica"), 0): Object 'Object Repository/1-OBJECTS TAREAS PRINCIPALES/Modulo Tarea Compensacion/Descargar Nomina Electronica/Page_SARA/span_Nomina Electronica' is clickable

2022-04-29 10:42:32 - [MESSAGE][WARNING] - Timeout '0' is invalid. Using default page load timeout: '45'

2022-04-29 10:42:34 - [MESSAGE][PASSED] - Object 'Object Repository/1-OBJECTS TAREAS PRINCIPALES/Modulo Tarea Compensacion/Descargar Nomina Electronica/Page_SARA/span_Nomina Electronica' is clickable

2022-04-29 10:42:34 - [TEST_STEP][PASSED] - sendKeys(findTestObject("1-OBJECTS TAREAS PRINCIPALES/Modulo Tarea Compensacion/Descargar Nomina Electronica/Page_SARA/input_Nomina Electronica_form_templatej_idt24_input"), Keys.chord(ENTER)): Keys 'ENTER + ' sent to object: 'Object Repository/1-OBJECTS TAREAS PRINCIPALES/Modulo Tarea Compensacion/Descargar Nomina Electronica/Page_SARA/input_Nomina Electronica_form_templatej_idt24_input'

2022-04-29 10:42:34 - [MESSAGE][PASSED] - Keys 'ENTER + ' sent to object: 'Object Repository/1-OBJECTS TAREAS PRINCIPALES/Modulo Tarea Compensacion/Descargar Nomina Electronica/Page_SARA/input_Nomina Electronica_form_templatej_idt24_input'

2022-04-29 10:42:34 - [TEST_STEP][PASSED] - setText(findTestObject("1-OBJECTS TAREAS PRINCIPALES/Modulo Tarea Compensacion/Descargar Nomina Electronica/input_Fecha Corte_listado_nominaelectronicaj_idt72"), "2021"): Text '2021' is set on object 'Object Repository/1-OBJECTS TAREAS PRINCIPALES/Modulo Tarea Compensacion/Descargar Nomina Electronica/input_Fecha Corte_listado_nominaelectronicaj_idt72'

2022-04-29 10:42:36 - [MESSAGE][PASSED] - Text '2021' is set on object 'Object Repository/1-OBJECTS TAREAS PRINCIPALES/Modulo Tarea Compensacion/Descargar Nomina Electronica/input_Fecha Corte_listado_nominaelectronicaj_idt72'

2022-04-29 10:42:36 - [TEST_STEP][PASSED] - sendKeys(findTestObject("1-OBJECTS TAREAS PRINCIPALES/Modulo Tarea Compensacion/Descargar Nomina Electronica/input_Fecha Corte_listado_nominaelectronicaj_idt72"), Keys.chord(ENTER)): Keys 'ENTER + ' sent to object: 'Object Repository/1-OBJECTS TAREAS PRINCIPALES/Modulo Tarea Compensacion/Descargar Nomina Electronica/input_Fecha Corte_listado_nominaelectronicaj_idt72'

2022-04-29 10:42:36 - [MESSAGE][PASSED] - Keys 'ENTER + ' sent to object: 'Object Repository/1-OBJECTS TAREAS PRINCIPALES/Modulo Tarea Compensacion/Descargar Nomina Electronica/input_Fecha Corte_listado_nominaelectronicaj_idt72'

2022-04-29 10:42:36 - [TEST_STEP][PASSED] - click(findTestObject("1-OBJECTS TAREAS PRINCIPALES/Modulo Tarea Compensacion/Descargar Nomina Electronica/td_Con inconsistencia")): Object: 'Object Repository/1-OBJECTS TAREAS PRINCIPALES/Modulo Tarea Compensacion/Descargar Nomina Electronica/td_Con inconsistencia' is clicked on

2022-04-29 10:42:37 - [MESSAGE][PASSED] - Object: 'Object Repository/1-OBJECTS TAREAS PRINCIPALES/Modulo Tarea Compensacion/Descargar Nomina Electronica/td_Con inconsistencia' is clicked on

2022-04-29 10:42:37 - [TEST_STEP][PASSED] - setText(findTestObject("1-OBJECTS TAREAS PRINCIPALES/Modulo Tarea Compensacion/Descargar Nomina Electronica/input_Operador_j_idt96j_idt127"), "MENDOZA 2727"): Text 'MENDOZA 2727' is set on object 'Object Repository/1-OBJECTS TAREAS PRINCIPALES/Modulo Tarea Compensacion/Descargar Nomina Electronica/input_Operador_j_idt96j_idt127'

2022-04-29 10:42:38 - [MESSAGE][PASSED] - Text 'MENDOZA 2727' is set on object 'Object Repository/1-OBJECTS TAREAS PRINCIPALES/Modulo Tarea Compensacion/Descargar Nomina Electronica/input_Operador_j_idt96j_idt127'

2022-04-29 10:42:38 - [TEST_STEP][PASSED] - sendKeys(findTestObject("1-OBJECTS TAREAS PRINCIPALES/Modulo Tarea Compensacion/Descargar Nomina Electronica/input_Operador_j_idt96j_idt127"), Keys.chord(ENTER)): Keys 'ENTER + ' sent to object: 'Object Repository/1-OBJECTS TAREAS PRINCIPALES/Modulo Tarea Compensacion/Descargar Nomina Electronica/input_Operador_j_idt96j_idt127'

2022-04-29 10:42:38 - [MESSAGE][PASSED] - Keys 'ENTER + ' sent to object: 'Object Repository/1-OBJECTS TAREAS PRINCIPALES/Modulo Tarea Compensacion/Descargar Nomina Electronica/input_Operador_j_idt96j_idt127'

2022-04-29 10:42:38 - [TEST_STEP][PASSED] - if (waitForElementClickable(findTestObject("1-OBJECTS TAREAS PRINCIPALES/Modulo Tarea Compensacion/Descargar Nomina Electronica/Page_SARA/span_Mendoza 2727 Empleado"), 1)): null

2022-04-29 10:42:39 - [MESSAGE][PASSED] - Object 'Object Repository/1-OBJECTS TAREAS PRINCIPALES/Modulo Tarea Compensacion/Descargar Nomina Electronica/Page_SARA/span_Mendoza 2727 Empleado' is clickable

2022-04-29 10:42:39 - [TEST_STEP][PASSED] - click(findTestObject("1-OBJECTS TAREAS PRINCIPALES/Modulo Tarea Compensacion/Descargar Nomina Electronica/Page_SARA/span_Mendoza 2727 Empleado")): Object: 'Object Repository/1-OBJECTS TAREAS PRINCIPALES/Modulo Tarea Compensacion/Descargar Nomina Electronica/Page_SARA/span_Mendoza 2727 Empleado' is clicked on

2022-04-29 10:42:40 - [MESSAGE][PASSED] - Object: 'Object Repository/1-OBJECTS TAREAS PRINCIPALES/Modulo Tarea Compensacion/Descargar Nomina Electronica/Page_SARA/span_Mendoza 2727 Empleado' is clicked on

2022-04-29 10:42:40 - [TEST_STEP][PASSED] - click(findTestObject("1-OBJECTS TAREAS PRINCIPALES/Modulo Tarea Compensacion/Descargar Nomina Electronica/Page_SARA/a_Descargar1")): Object: 'Object Repository/1-OBJECTS TAREAS PRINCIPALES/Modulo Tarea Compensacion/Descargar Nomina Electronica/Page_SARA/a_Descargar1' is clicked on

2022-04-29 10:42:40 - [MESSAGE][PASSED] - Object: 'Object Repository/1-OBJECTS TAREAS PRINCIPALES/Modulo Tarea Compensacion/Descargar Nomina Electronica/Page_SARA/a_Descargar1' is clicked on

2022-04-29 10:42:40 - [TEST_STEP][PASSED] - waitForElementClickable(findTestObject("1-OBJECTS TAREAS PRINCIPALES/Modulo Tarea Compensacion/Descargar Nomina Electronica/Page_SARA/span_Si"), 0): Object 'Object Repository/1-OBJECTS TAREAS PRINCIPALES/Modulo Tarea Compensacion/Descargar Nomina Electronica/Page_SARA/span_Si' is clickable

2022-04-29 10:42:41 - [MESSAGE][WARNING] - Timeout '0' is invalid. Using default page load timeout: '45'

2022-04-29 10:42:41 - [MESSAGE][PASSED] - Object 'Object Repository/1-OBJECTS TAREAS PRINCIPALES/Modulo Tarea Compensacion/Descargar Nomina Electronica/Page_SARA/span_Si' is clickable

2022-04-29 10:42:41 - [TEST_STEP][PASSED] - click(findTestObject("1-OBJECTS TAREAS PRINCIPALES/Modulo Tarea Compensacion/Descargar Nomina Electronica/Page_SARA/span_Si")): Object: 'Object Repository/1-OBJECTS TAREAS PRINCIPALES/Modulo Tarea Compensacion/Descargar Nomina Electronica/Page_SARA/span_Si' is clicked on

2022-04-29 10:42:41 - [MESSAGE][PASSED] - Object: 'Object Repository/1-OBJECTS TAREAS PRINCIPALES/Modulo Tarea Compensacion/Descargar Nomina Electronica/Page_SARA/span_Si' is clicked on

2022-04-29 10:42:41 - [TEST_STEP][PASSED] - waitForElementClickable(findTestObject("1-OBJECTS TAREAS PRINCIPALES/Modulo Tarea Compensacion/Descargar Nomina Electronica/Page_SARA/a_Descargar2"), 0): Object 'Object Repository/1-OBJECTS TAREAS PRINCIPALES/Modulo Tarea Compensacion/Descargar Nomina Electronica/Page_SARA/a_Descargar2' is clickable

2022-04-29 10:42:41 - [MESSAGE][WARNING] - Timeout '0' is invalid. Using default page load timeout: '45'

2022-04-29 10:42:43 - [MESSAGE][PASSED] - Object 'Object Repository/1-OBJECTS TAREAS PRINCIPALES/Modulo Tarea Compensacion/Descargar Nomina Electronica/Page_SARA/a_Descargar2' is clickable

2022-04-29 10:42:43 - [TEST_STEP][PASSED] - click(findTestObject("1-OBJECTS TAREAS PRINCIPALES/Modulo Tarea Compensacion/Descargar Nomina Electronica/Page_SARA/a_Descargar2")): Object: 'Object Repository/1-OBJECTS TAREAS PRINCIPALES/Modulo Tarea Compensacion/Descargar Nomina Electronica/Page_SARA/a_Descargar2' is clicked on

2022-04-29 10:42:44 - [MESSAGE][PASSED] - Object: 'Object Repository/1-OBJECTS TAREAS PRINCIPALES/Modulo Tarea Compensacion/Descargar Nomina Electronica/Page_SARA/a_Descargar2' is clicked on

2022-04-29 10:42:44 - [TEST_STEP][PASSED] - click(findTestObject("1-OBJECTS TAREAS PRINCIPALES/Modulo Tarea Compensacion/Descargar Nomina Electronica/Page_SARA/a_Descargar2"), STOP_ON_FAILURE): Object: 'Object Repository/1-OBJECTS TAREAS PRINCIPALES/Modulo Tarea Compensacion/Descargar Nomina Electronica/Page_SARA/a_Descargar2' is clicked on

2022-04-29 10:42:45 - [MESSAGE][PASSED] - Object: 'Object Repository/1-OBJECTS TAREAS PRINCIPALES/Modulo Tarea Compensacion/Descargar Nomina Electronica/Page_SARA/a_Descargar2' is clicked on

2022-04-29 10:42:45 - [TEST_STEP][PASSED] - closeBrowser(): Browser is closed

2022-04-29 10:42:46 - [MESSAGE][PASSED] - Browser is closed]]></system-out>
         <system-err><![CDATA[]]></system-err>
      </testcase>
      <testcase name="Test Cases/1.1-Tareas Principales/1.5.8 Reversar Nomina Electronica" time="13.842" classname="Test Cases/1.1-Tareas Principales/1.5.8 Reversar Nomina Electronica" status="PASSED">
         <system-out><![CDATA[2022-04-29 10:42:46 - [TEST_CASE][PASSED] - Test Cases/1.1-Tareas Principales/1.5.8 Reversar Nomina Electronica: Test Cases/1.1-Tareas Principales/1.5.8 Reversar Nomina Electronica

2022-04-29 10:42:46 - [TEST_STEP][PASSED] - callTestCase(findTestCase("0.1-Login"), [:], STOP_ON_FAILURE): Call Test Case 'Test Cases/0.1-Login' successfully

2022-04-29 10:42:47 - [TEST_CASE][PASSED] - Test Cases/0.1-Login: Test Cases/0.1-Login

2022-04-29 10:42:47 - [TEST_STEP][PASSED] - openBrowser(""): Browser is opened with url: ''

2022-04-29 10:42:47 - [MESSAGE][INFO] - Starting 'Chrome' driver

2022-04-29 10:42:47 - [MESSAGE][INFO] - Action delay is set to 0 milliseconds

2022-04-29 10:42:48 - [MESSAGE][PASSED] - Browser is opened with url: ''

2022-04-29 10:42:48 - [TEST_STEP][PASSED] - maximizeWindow(): Current window maximized

2022-04-29 10:42:48 - [MESSAGE][PASSED] - Current window maximized

2022-04-29 10:42:48 - [TEST_STEP][PASSED] - i = G_Login: null

2022-04-29 10:42:48 - [TEST_STEP][PASSED] - url = new java.net.URL(i): null

2022-04-29 10:42:48 - [TEST_STEP][PASSED] - println("URL: " + url.toString()): null

2022-04-29 10:42:48 - [TEST_STEP][PASSED] - connection = url.openConnection(): null

2022-04-29 10:42:48 - [TEST_STEP][PASSED] - connection.setRequestMethod("GET"): null

2022-04-29 10:42:48 - [TEST_STEP][PASSED] - connection.setReadTimeout(2 * 1000): null

2022-04-29 10:42:48 - [TEST_STEP][PASSED] - try: null

2022-04-29 10:42:48 - [TEST_STEP][PASSED] - connection.connect(): null

2022-04-29 10:42:48 - [TEST_STEP][PASSED] - flag = connected: null

2022-04-29 10:42:48 - [TEST_STEP][PASSED] - println("Valor_ori: " + flag): null

2022-04-29 10:42:48 - [TEST_STEP][PASSED] - if (flag): null

2022-04-29 10:42:48 - [TEST_STEP][PASSED] - navigateToUrl(i): Navigate to 'http://192.168.2.19:8380/saraweb' successfully

2022-04-29 10:42:48 - [MESSAGE][PASSED] - Navigate to 'http://192.168.2.19:8380/saraweb' successfully

2022-04-29 10:42:48 - [TEST_STEP][PASSED] - a(): null

2022-04-29 10:42:48 - [TEST_STEP][PASSED] - setText(findTestObject("3-OBJECTS UTILIDADES/Login/input_USUARIO_loginusuario"), G_Usuario): Text 'saraadmin' is set on object 'Object Repository/3-OBJECTS UTILIDADES/Login/input_USUARIO_loginusuario'

2022-04-29 10:42:49 - [MESSAGE][PASSED] - Text 'saraadmin' is set on object 'Object Repository/3-OBJECTS UTILIDADES/Login/input_USUARIO_loginusuario'

2022-04-29 10:42:49 - [TEST_STEP][PASSED] - setEncryptedText(findTestObject("3-OBJECTS UTILIDADES/Login/input_CLAVE_loginpassword"), "MkG4/TYiCFC3cb2driP7+Q=="): Text ****** has been set on object 'Object Repository/3-OBJECTS UTILIDADES/Login/input_CLAVE_loginpassword'

2022-04-29 10:42:50 - [MESSAGE][PASSED] - Text ****** has been set on object 'Object Repository/3-OBJECTS UTILIDADES/Login/input_CLAVE_loginpassword'

2022-04-29 10:42:50 - [TEST_STEP][PASSED] - waitForElementClickable(findTestObject("3-OBJECTS UTILIDADES/Login/a_Ingresar"), G_TimeOut): Object 'Object Repository/3-OBJECTS UTILIDADES/Login/a_Ingresar' is clickable

2022-04-29 10:42:50 - [MESSAGE][PASSED] - Object 'Object Repository/3-OBJECTS UTILIDADES/Login/a_Ingresar' is clickable

2022-04-29 10:42:50 - [TEST_STEP][PASSED] - click(findTestObject("3-OBJECTS UTILIDADES/Login/a_Ingresar")): Object: 'Object Repository/3-OBJECTS UTILIDADES/Login/a_Ingresar' is clicked on

2022-04-29 10:42:51 - [MESSAGE][PASSED] - Object: 'Object Repository/3-OBJECTS UTILIDADES/Login/a_Ingresar' is clicked on

2022-04-29 10:42:51 - [TEST_STEP][PASSED] - element = findWebElement(findTestObject("3-OBJECTS UTILIDADES/Login/a_Ir"), 30): null

2022-04-29 10:42:52 - [TEST_STEP][PASSED] - executeJavaScript("arguments[0].click()", Arrays.asList(element)): Execute JavaScript 'arguments[0].click()' successfully

2022-04-29 10:42:52 - [MESSAGE][PASSED] - Execute JavaScript 'arguments[0].click()' successfully

2022-04-29 10:42:52 - [MESSAGE][PASSED] - Call Test Case 'Test Cases/0.1-Login' successfully

2022-04-29 10:42:52 - [TEST_STEP][PASSED] - waitForElementClickable(findTestObject("1-OBJECTS TAREAS PRINCIPALES/Modulo Tarea Compensacion/Reversar Nomina Electronica/Page_SARA/input_Nomina Electronica_form_templatej_idt24_input"), 0): Object 'Object Repository/1-OBJECTS TAREAS PRINCIPALES/Modulo Tarea Compensacion/Reversar Nomina Electronica/Page_SARA/input_Nomina Electronica_form_templatej_idt24_input' is clickable

2022-04-29 10:42:52 - [MESSAGE][WARNING] - Timeout '0' is invalid. Using default page load timeout: '45'

2022-04-29 10:42:53 - [MESSAGE][PASSED] - Object 'Object Repository/1-OBJECTS TAREAS PRINCIPALES/Modulo Tarea Compensacion/Reversar Nomina Electronica/Page_SARA/input_Nomina Electronica_form_templatej_idt24_input' is clickable

2022-04-29 10:42:53 - [TEST_STEP][PASSED] - setText(findTestObject("1-OBJECTS TAREAS PRINCIPALES/Modulo Tarea Compensacion/Reversar Nomina Electronica/Page_SARA/input_Nomina Electronica_form_templatej_idt24_input"), "Nomina Electronica"): Text 'Nomina Electronica' is set on object 'Object Repository/1-OBJECTS TAREAS PRINCIPALES/Modulo Tarea Compensacion/Reversar Nomina Electronica/Page_SARA/input_Nomina Electronica_form_templatej_idt24_input'

2022-04-29 10:42:53 - [MESSAGE][PASSED] - Text 'Nomina Electronica' is set on object 'Object Repository/1-OBJECTS TAREAS PRINCIPALES/Modulo Tarea Compensacion/Reversar Nomina Electronica/Page_SARA/input_Nomina Electronica_form_templatej_idt24_input'

2022-04-29 10:42:53 - [TEST_STEP][PASSED] - waitForElementClickable(findTestObject("1-OBJECTS TAREAS PRINCIPALES/Modulo Tarea Compensacion/Reversar Nomina Electronica/Page_SARA/span_Nomina Electronica"), 0): Object 'Object Repository/1-OBJECTS TAREAS PRINCIPALES/Modulo Tarea Compensacion/Reversar Nomina Electronica/Page_SARA/span_Nomina Electronica' is clickable

2022-04-29 10:42:53 - [MESSAGE][WARNING] - Timeout '0' is invalid. Using default page load timeout: '45'

2022-04-29 10:42:55 - [MESSAGE][PASSED] - Object 'Object Repository/1-OBJECTS TAREAS PRINCIPALES/Modulo Tarea Compensacion/Reversar Nomina Electronica/Page_SARA/span_Nomina Electronica' is clickable

2022-04-29 10:42:55 - [TEST_STEP][PASSED] - sendKeys(findTestObject("1-OBJECTS TAREAS PRINCIPALES/Modulo Tarea Compensacion/Reversar Nomina Electronica/Page_SARA/input_Nomina Electronica_form_templatej_idt24_input"), Keys.chord(ENTER)): Keys 'ENTER + ' sent to object: 'Object Repository/1-OBJECTS TAREAS PRINCIPALES/Modulo Tarea Compensacion/Reversar Nomina Electronica/Page_SARA/input_Nomina Electronica_form_templatej_idt24_input'

2022-04-29 10:42:55 - [MESSAGE][PASSED] - Keys 'ENTER + ' sent to object: 'Object Repository/1-OBJECTS TAREAS PRINCIPALES/Modulo Tarea Compensacion/Reversar Nomina Electronica/Page_SARA/input_Nomina Electronica_form_templatej_idt24_input'

2022-04-29 10:42:55 - [TEST_STEP][PASSED] - setText(findTestObject("1-OBJECTS TAREAS PRINCIPALES/Modulo Tarea Compensacion/Reversar Nomina Electronica/input_Fecha Corte_listado_nominaelectronicaj_idt72"), "2021"): Text '2021' is set on object 'Object Repository/1-OBJECTS TAREAS PRINCIPALES/Modulo Tarea Compensacion/Reversar Nomina Electronica/input_Fecha Corte_listado_nominaelectronicaj_idt72'

2022-04-29 10:42:56 - [MESSAGE][PASSED] - Text '2021' is set on object 'Object Repository/1-OBJECTS TAREAS PRINCIPALES/Modulo Tarea Compensacion/Reversar Nomina Electronica/input_Fecha Corte_listado_nominaelectronicaj_idt72'

2022-04-29 10:42:56 - [TEST_STEP][PASSED] - sendKeys(findTestObject("1-OBJECTS TAREAS PRINCIPALES/Modulo Tarea Compensacion/Reversar Nomina Electronica/input_Fecha Corte_listado_nominaelectronicaj_idt72"), Keys.chord(ENTER)): Keys 'ENTER + ' sent to object: 'Object Repository/1-OBJECTS TAREAS PRINCIPALES/Modulo Tarea Compensacion/Reversar Nomina Electronica/input_Fecha Corte_listado_nominaelectronicaj_idt72'

2022-04-29 10:42:57 - [MESSAGE][PASSED] - Keys 'ENTER + ' sent to object: 'Object Repository/1-OBJECTS TAREAS PRINCIPALES/Modulo Tarea Compensacion/Reversar Nomina Electronica/input_Fecha Corte_listado_nominaelectronicaj_idt72'

2022-04-29 10:42:57 - [TEST_STEP][PASSED] - waitForElementClickable(findTestObject("1-OBJECTS TAREAS PRINCIPALES/Modulo Tarea Compensacion/Reversar Nomina Electronica/Page_SARA/td_2021-07-01"), 0): Object 'Object Repository/1-OBJECTS TAREAS PRINCIPALES/Modulo Tarea Compensacion/Reversar Nomina Electronica/Page_SARA/td_2021-07-01' is clickable

2022-04-29 10:42:57 - [MESSAGE][WARNING] - Timeout '0' is invalid. Using default page load timeout: '45'

2022-04-29 10:42:57 - [MESSAGE][PASSED] - Object 'Object Repository/1-OBJECTS TAREAS PRINCIPALES/Modulo Tarea Compensacion/Reversar Nomina Electronica/Page_SARA/td_2021-07-01' is clickable

2022-04-29 10:42:57 - [TEST_STEP][PASSED] - click(findTestObject("1-OBJECTS TAREAS PRINCIPALES/Modulo Tarea Compensacion/Reversar Nomina Electronica/Page_SARA/td_2021-07-01")): Object: 'Object Repository/1-OBJECTS TAREAS PRINCIPALES/Modulo Tarea Compensacion/Reversar Nomina Electronica/Page_SARA/td_2021-07-01' is clicked on

2022-04-29 10:42:58 - [MESSAGE][PASSED] - Object: 'Object Repository/1-OBJECTS TAREAS PRINCIPALES/Modulo Tarea Compensacion/Reversar Nomina Electronica/Page_SARA/td_2021-07-01' is clicked on

2022-04-29 10:42:58 - [TEST_STEP][PASSED] - click(findTestObject("1-OBJECTS TAREAS PRINCIPALES/Modulo Tarea Compensacion/Reversar Nomina Electronica/Page_SARA/a_reversar")): Object: 'Object Repository/1-OBJECTS TAREAS PRINCIPALES/Modulo Tarea Compensacion/Reversar Nomina Electronica/Page_SARA/a_reversar' is clicked on

2022-04-29 10:42:59 - [MESSAGE][PASSED] - Object: 'Object Repository/1-OBJECTS TAREAS PRINCIPALES/Modulo Tarea Compensacion/Reversar Nomina Electronica/Page_SARA/a_reversar' is clicked on

2022-04-29 10:42:59 - [TEST_STEP][PASSED] - click(findTestObject("1-OBJECTS TAREAS PRINCIPALES/Modulo Tarea Compensacion/Reversar Nomina Electronica/Page_SARA/span_Si")): Object: 'Object Repository/1-OBJECTS TAREAS PRINCIPALES/Modulo Tarea Compensacion/Reversar Nomina Electronica/Page_SARA/span_Si' is clicked on

2022-04-29 10:42:59 - [MESSAGE][PASSED] - Object: 'Object Repository/1-OBJECTS TAREAS PRINCIPALES/Modulo Tarea Compensacion/Reversar Nomina Electronica/Page_SARA/span_Si' is clicked on

2022-04-29 10:42:59 - [TEST_STEP][PASSED] - closeBrowser(): Browser is closed

2022-04-29 10:43:00 - [MESSAGE][PASSED] - Browser is closed]]></system-out>
         <system-err><![CDATA[]]></system-err>
      </testcase>
      <testcase name="Test Cases/1.1-Tareas Principales/1.5.9 Crear Viáticos" time="155.087" classname="Test Cases/1.1-Tareas Principales/1.5.9 Crear Viáticos" status="FAILED">
         <failure type="FAILED" message="Test Cases/1.1-Tareas Principales/1.5.9 Crear Viáticos FAILED.
Reason:
com.kms.katalon.core.exception.StepFailedException: Call Test Case 'Test Cases/1.1-Tareas Principales/1.7.3 Eliminar Viàtico' failed
	at com.kms.katalon.core.keyword.builtin.CallTestCaseKeyword$_callTestCase_closure1.doCall(CallTestCaseKeyword.groovy:63)
	at com.kms.katalon.core.keyword.builtin.CallTestCaseKeyword$_callTestCase_closure1.call(CallTestCaseKeyword.groovy)
	at com.kms.katalon.core.keyword.internal.KeywordMain.runKeyword(KeywordMain.groovy:74)
	at com.kms.katalon.core.keyword.builtin.CallTestCaseKeyword.callTestCase(CallTestCaseKeyword.groovy:81)
	at com.kms.katalon.core.keyword.builtin.CallTestCaseKeyword.execute(CallTestCaseKeyword.groovy:44)
	at com.kms.katalon.core.keyword.internal.KeywordExecutor.executeKeywordForPlatform(KeywordExecutor.groovy:74)
	at com.kms.katalon.core.keyword.BuiltinKeywords.callTestCase(BuiltinKeywords.groovy:334)
	at 1.5.9 Crear Viáticos.run(1.5.9 Crear Viáticos:63)
	at com.kms.katalon.core.main.ScriptEngine.run(ScriptEngine.java:194)
	at com.kms.katalon.core.main.ScriptEngine.runScriptAsRawText(ScriptEngine.java:119)
	at com.kms.katalon.core.main.TestCaseExecutor.runScript(TestCaseExecutor.java:445)
	at com.kms.katalon.core.main.TestCaseExecutor.doExecute(TestCaseExecutor.java:436)
	at com.kms.katalon.core.main.TestCaseExecutor.processExecutionPhase(TestCaseExecutor.java:415)
	at com.kms.katalon.core.main.TestCaseExecutor.accessMainPhase(TestCaseExecutor.java:407)
	at com.kms.katalon.core.main.TestCaseExecutor.execute(TestCaseExecutor.java:284)
	at com.kms.katalon.core.common.CommonExecutor.accessTestCaseMainPhase(CommonExecutor.java:65)
	at com.kms.katalon.core.main.TestSuiteExecutor.accessTestSuiteMainPhase(TestSuiteExecutor.java:144)
	at com.kms.katalon.core.main.TestSuiteExecutor.execute(TestSuiteExecutor.java:106)
	at com.kms.katalon.core.main.TestCaseMain.startTestSuite(TestCaseMain.java:185)
	at com.kms.katalon.core.main.TestCaseMain$startTestSuite$0.call(Unknown Source)
	at TempTestSuite1651245283467.run(TempTestSuite1651245283467.groovy:36)
Caused by: com.kms.katalon.core.exception.StepFailedException: Unable to click on object 'Object Repository/1-OBJECTS TAREAS PRINCIPALES/Modulo Actos Administrativos/Modulo Viáticos/Eliminar Viàticos/a_Registro'
	at com.kms.katalon.core.webui.keyword.internal.WebUIKeywordMain.stepFailed(WebUIKeywordMain.groovy:64)
	at com.kms.katalon.core.webui.keyword.internal.WebUIKeywordMain.runKeyword(WebUIKeywordMain.groovy:26)
	at com.kms.katalon.core.webui.keyword.builtin.ClickKeyword.click(ClickKeyword.groovy:74)
	at com.kms.katalon.core.webui.keyword.builtin.ClickKeyword.execute(ClickKeyword.groovy:40)
	at com.kms.katalon.core.keyword.internal.KeywordExecutor.executeKeywordForPlatform(KeywordExecutor.groovy:74)
	at com.kms.katalon.core.webui.keyword.WebUiBuiltInKeywords.click(WebUiBuiltInKeywords.groovy:620)
	at com.kms.katalon.core.webui.keyword.WebUiBuiltInKeywords$click$5.call(Unknown Source)
	at 1.7.3 Eliminar Viàtico.run(1.7.3 Eliminar Viàtico:250)
	at com.kms.katalon.core.main.ScriptEngine.run(ScriptEngine.java:194)
	at com.kms.katalon.core.main.ScriptEngine.runScriptAsRawText(ScriptEngine.java:119)
	at com.kms.katalon.core.main.TestCaseExecutor.runScript(TestCaseExecutor.java:445)
	at com.kms.katalon.core.main.TestCaseExecutor.doExecute(TestCaseExecutor.java:436)
	at com.kms.katalon.core.main.TestCaseExecutor.processExecutionPhase(TestCaseExecutor.java:415)
	at com.kms.katalon.core.main.TestCaseExecutor.accessMainPhase(TestCaseExecutor.java:407)
	at com.kms.katalon.core.main.TestCaseExecutor.execute(TestCaseExecutor.java:284)
	at com.kms.katalon.core.main.TestCaseMain.runTestCase(TestCaseMain.java:142)
	at com.kms.katalon.core.keyword.builtin.CallTestCaseKeyword$_callTestCase_closure1.doCall(CallTestCaseKeyword.groovy:59)
	... 20 more
Caused by: org.openqa.selenium.ElementClickInterceptedException: element click intercepted: Element &lt;a id=&quot;form_detalleviaticosMenu:j_idt115:j_idt117:j_idt1805&quot; href=&quot;#&quot; class=&quot;ui-commandlink ui-widget&quot; onclick=&quot;PrimeFaces.ab({s:&amp;quot;form_detalleviaticosMenu:j_idt115:j_idt117:j_idt1805&amp;quot;,f:&amp;quot;form_detalleviaticosMenu&amp;quot;,u:&amp;quot;areaAplicacion&amp;quot;,onco:function(xhr,status,args,data){;}});return false;&quot; style=&quot;display: inline-block;&quot;>...&lt;/a> is not clickable at point (109, 116). Other element would receive the click: &lt;div id=&quot;popupInfoDialog:j_idt1748_modal&quot; class=&quot;ui-widget-overlay ui-dialog-mask&quot; style=&quot;z-index: 1056;&quot;>&lt;/div>
  (Session info: chrome=100.0.4896.127)
Build info: version: '3.141.59', revision: 'e82be7d358', time: '2018-11-14T08:25:53'
System info: host: 'US-AF-000371', ip: '192.168.56.1', os.name: 'Windows 10', os.arch: 'amd64', os.version: '10.0', java.version: '1.8.0_282'
Driver info: com.kms.katalon.selenium.driver.CChromeDriver
Capabilities {acceptInsecureCerts: false, browserName: chrome, browserVersion: 100.0.4896.127, chrome: {chromedriverVersion: 100.0.4896.60 (6a5d10861ce8..., userDataDir: C:\Users\DIEGO~1.ROJ\AppDat...}, goog:chromeOptions: {debuggerAddress: localhost:54352}, javascriptEnabled: true, networkConnectionEnabled: false, pageLoadStrategy: normal, platform: WINDOWS, platformName: WINDOWS, proxy: Proxy(), setWindowRect: true, strictFileInteractability: false, timeouts: {implicit: 0, pageLoad: 300000, script: 30000}, unhandledPromptBehavior: dismiss and notify, webauthn:extension:credBlob: true, webauthn:extension:largeBlob: true, webauthn:virtualAuthenticators: true}
Session ID: 4bbc836084ccd1714197dd845b2695c9
	at org.openqa.selenium.remote.http.W3CHttpResponseCodec.createException(W3CHttpResponseCodec.java:187)
	at org.openqa.selenium.remote.http.W3CHttpResponseCodec.decode(W3CHttpResponseCodec.java:122)
	at org.openqa.selenium.remote.http.W3CHttpResponseCodec.decode(W3CHttpResponseCodec.java:49)
	at org.openqa.selenium.remote.HttpCommandExecutor.execute(HttpCommandExecutor.java:158)
	at org.openqa.selenium.remote.service.DriverCommandExecutor.execute(DriverCommandExecutor.java:83)
	at org.openqa.selenium.remote.RemoteWebDriver.execute(RemoteWebDriver.java:552)
	at com.kms.katalon.selenium.driver.CChromeDriver.execute(CChromeDriver.java:19)
	at org.openqa.selenium.remote.RemoteWebElement.execute(RemoteWebElement.java:285)
	at org.openqa.selenium.remote.RemoteWebElement.click(RemoteWebElement.java:84)
	at org.openqa.selenium.support.events.EventFiringWebDriver$EventFiringWebElement.lambda$new$0(EventFiringWebDriver.java:404)
	at com.sun.proxy.$Proxy11.click(Unknown Source)
	at org.openqa.selenium.support.events.EventFiringWebDriver$EventFiringWebElement.click(EventFiringWebDriver.java:417)
	at org.openqa.selenium.WebElement$click$0.call(Unknown Source)
	at com.kms.katalon.core.webui.keyword.builtin.ClickKeyword.clickUntilSuccessWithTimeout(ClickKeyword.groovy:81)
	at com.kms.katalon.core.webui.keyword.builtin.ClickKeyword.clickUntilSuccessWithTimeout(ClickKeyword.groovy)
	at com.kms.katalon.core.webui.keyword.builtin.ClickKeyword$_click_closure1.doCall(ClickKeyword.groovy:67)
	at com.kms.katalon.core.webui.keyword.builtin.ClickKeyword$_click_closure1.call(ClickKeyword.groovy)
	at com.kms.katalon.core.webui.keyword.internal.WebUIKeywordMain.runKeyword(WebUIKeywordMain.groovy:20)
	... 35 more
"/>
         <system-out><![CDATA[2022-04-29 10:43:00 - [TEST_CASE][FAILED] - Test Cases/1.1-Tareas Principales/1.5.9 Crear Viáticos: Test Cases/1.1-Tareas Principales/1.5.9 Crear Viáticos FAILED.
Reason:
com.kms.katalon.core.exception.StepFailedException: Call Test Case 'Test Cases/1.1-Tareas Principales/1.7.3 Eliminar Viàtico' failed
	at com.kms.katalon.core.keyword.builtin.CallTestCaseKeyword$_callTestCase_closure1.doCall(CallTestCaseKeyword.groovy:63)
	at com.kms.katalon.core.keyword.builtin.CallTestCaseKeyword$_callTestCase_closure1.call(CallTestCaseKeyword.groovy)
	at com.kms.katalon.core.keyword.internal.KeywordMain.runKeyword(KeywordMain.groovy:74)
	at com.kms.katalon.core.keyword.builtin.CallTestCaseKeyword.callTestCase(CallTestCaseKeyword.groovy:81)
	at com.kms.katalon.core.keyword.builtin.CallTestCaseKeyword.execute(CallTestCaseKeyword.groovy:44)
	at com.kms.katalon.core.keyword.internal.KeywordExecutor.executeKeywordForPlatform(KeywordExecutor.groovy:74)
	at com.kms.katalon.core.keyword.BuiltinKeywords.callTestCase(BuiltinKeywords.groovy:334)
	at 1.5.9 Crear Viáticos.run(1.5.9 Crear Viáticos:63)
	at com.kms.katalon.core.main.ScriptEngine.run(ScriptEngine.java:194)
	at com.kms.katalon.core.main.ScriptEngine.runScriptAsRawText(ScriptEngine.java:119)
	at com.kms.katalon.core.main.TestCaseExecutor.runScript(TestCaseExecutor.java:445)
	at com.kms.katalon.core.main.TestCaseExecutor.doExecute(TestCaseExecutor.java:436)
	at com.kms.katalon.core.main.TestCaseExecutor.processExecutionPhase(TestCaseExecutor.java:415)
	at com.kms.katalon.core.main.TestCaseExecutor.accessMainPhase(TestCaseExecutor.java:407)
	at com.kms.katalon.core.main.TestCaseExecutor.execute(TestCaseExecutor.java:284)
	at com.kms.katalon.core.common.CommonExecutor.accessTestCaseMainPhase(CommonExecutor.java:65)
	at com.kms.katalon.core.main.TestSuiteExecutor.accessTestSuiteMainPhase(TestSuiteExecutor.java:144)
	at com.kms.katalon.core.main.TestSuiteExecutor.execute(TestSuiteExecutor.java:106)
	at com.kms.katalon.core.main.TestCaseMain.startTestSuite(TestCaseMain.java:185)
	at com.kms.katalon.core.main.TestCaseMain$startTestSuite$0.call(Unknown Source)
	at TempTestSuite1651245283467.run(TempTestSuite1651245283467.groovy:36)
Caused by: com.kms.katalon.core.exception.StepFailedException: Unable to click on object 'Object Repository/1-OBJECTS TAREAS PRINCIPALES/Modulo Actos Administrativos/Modulo Viáticos/Eliminar Viàticos/a_Registro'
	at com.kms.katalon.core.webui.keyword.internal.WebUIKeywordMain.stepFailed(WebUIKeywordMain.groovy:64)
	at com.kms.katalon.core.webui.keyword.internal.WebUIKeywordMain.runKeyword(WebUIKeywordMain.groovy:26)
	at com.kms.katalon.core.webui.keyword.builtin.ClickKeyword.click(ClickKeyword.groovy:74)
	at com.kms.katalon.core.webui.keyword.builtin.ClickKeyword.execute(ClickKeyword.groovy:40)
	at com.kms.katalon.core.keyword.internal.KeywordExecutor.executeKeywordForPlatform(KeywordExecutor.groovy:74)
	at com.kms.katalon.core.webui.keyword.WebUiBuiltInKeywords.click(WebUiBuiltInKeywords.groovy:620)
	at com.kms.katalon.core.webui.keyword.WebUiBuiltInKeywords$click$5.call(Unknown Source)
	at 1.7.3 Eliminar Viàtico.run(1.7.3 Eliminar Viàtico:250)
	at com.kms.katalon.core.main.ScriptEngine.run(ScriptEngine.java:194)
	at com.kms.katalon.core.main.ScriptEngine.runScriptAsRawText(ScriptEngine.java:119)
	at com.kms.katalon.core.main.TestCaseExecutor.runScript(TestCaseExecutor.java:445)
	at com.kms.katalon.core.main.TestCaseExecutor.doExecute(TestCaseExecutor.java:436)
	at com.kms.katalon.core.main.TestCaseExecutor.processExecutionPhase(TestCaseExecutor.java:415)
	at com.kms.katalon.core.main.TestCaseExecutor.accessMainPhase(TestCaseExecutor.java:407)
	at com.kms.katalon.core.main.TestCaseExecutor.execute(TestCaseExecutor.java:284)
	at com.kms.katalon.core.main.TestCaseMain.runTestCase(TestCaseMain.java:142)
	at com.kms.katalon.core.keyword.builtin.CallTestCaseKeyword$_callTestCase_closure1.doCall(CallTestCaseKeyword.groovy:59)
	... 20 more
Caused by: org.openqa.selenium.ElementClickInterceptedException: element click intercepted: Element <a id="form_detalleviaticosMenu:j_idt115:j_idt117:j_idt1805" href="#" class="ui-commandlink ui-widget" onclick="PrimeFaces.ab({s:&quot;form_detalleviaticosMenu:j_idt115:j_idt117:j_idt1805&quot;,f:&quot;form_detalleviaticosMenu&quot;,u:&quot;areaAplicacion&quot;,onco:function(xhr,status,args,data){;}});return false;" style="display: inline-block;">...</a> is not clickable at point (109, 116). Other element would receive the click: <div id="popupInfoDialog:j_idt1748_modal" class="ui-widget-overlay ui-dialog-mask" style="z-index: 1056;"></div>
  (Session info: chrome=100.0.4896.127)
Build info: version: '3.141.59', revision: 'e82be7d358', time: '2018-11-14T08:25:53'
System info: host: 'US-AF-000371', ip: '192.168.56.1', os.name: 'Windows 10', os.arch: 'amd64', os.version: '10.0', java.version: '1.8.0_282'
Driver info: com.kms.katalon.selenium.driver.CChromeDriver
Capabilities {acceptInsecureCerts: false, browserName: chrome, browserVersion: 100.0.4896.127, chrome: {chromedriverVersion: 100.0.4896.60 (6a5d10861ce8..., userDataDir: C:\Users\DIEGO~1.ROJ\AppDat...}, goog:chromeOptions: {debuggerAddress: localhost:54352}, javascriptEnabled: true, networkConnectionEnabled: false, pageLoadStrategy: normal, platform: WINDOWS, platformName: WINDOWS, proxy: Proxy(), setWindowRect: true, strictFileInteractability: false, timeouts: {implicit: 0, pageLoad: 300000, script: 30000}, unhandledPromptBehavior: dismiss and notify, webauthn:extension:credBlob: true, webauthn:extension:largeBlob: true, webauthn:virtualAuthenticators: true}
Session ID: 4bbc836084ccd1714197dd845b2695c9
	at org.openqa.selenium.remote.http.W3CHttpResponseCodec.createException(W3CHttpResponseCodec.java:187)
	at org.openqa.selenium.remote.http.W3CHttpResponseCodec.decode(W3CHttpResponseCodec.java:122)
	at org.openqa.selenium.remote.http.W3CHttpResponseCodec.decode(W3CHttpResponseCodec.java:49)
	at org.openqa.selenium.remote.HttpCommandExecutor.execute(HttpCommandExecutor.java:158)
	at org.openqa.selenium.remote.service.DriverCommandExecutor.execute(DriverCommandExecutor.java:83)
	at org.openqa.selenium.remote.RemoteWebDriver.execute(RemoteWebDriver.java:552)
	at com.kms.katalon.selenium.driver.CChromeDriver.execute(CChromeDriver.java:19)
	at org.openqa.selenium.remote.RemoteWebElement.execute(RemoteWebElement.java:285)
	at org.openqa.selenium.remote.RemoteWebElement.click(RemoteWebElement.java:84)
	at org.openqa.selenium.support.events.EventFiringWebDriver$EventFiringWebElement.lambda$new$0(EventFiringWebDriver.java:404)
	at com.sun.proxy.$Proxy11.click(Unknown Source)
	at org.openqa.selenium.support.events.EventFiringWebDriver$EventFiringWebElement.click(EventFiringWebDriver.java:417)
	at org.openqa.selenium.WebElement$click$0.call(Unknown Source)
	at com.kms.katalon.core.webui.keyword.builtin.ClickKeyword.clickUntilSuccessWithTimeout(ClickKeyword.groovy:81)
	at com.kms.katalon.core.webui.keyword.builtin.ClickKeyword.clickUntilSuccessWithTimeout(ClickKeyword.groovy)
	at com.kms.katalon.core.webui.keyword.builtin.ClickKeyword$_click_closure1.doCall(ClickKeyword.groovy:67)
	at com.kms.katalon.core.webui.keyword.builtin.ClickKeyword$_click_closure1.call(ClickKeyword.groovy)
	at com.kms.katalon.core.webui.keyword.internal.WebUIKeywordMain.runKeyword(WebUIKeywordMain.groovy:20)
	... 35 more


2022-04-29 10:43:00 - [TEST_STEP][PASSED] - callTestCase(findTestCase("0.1-Login"), [:], STOP_ON_FAILURE): Call Test Case 'Test Cases/0.1-Login' successfully

2022-04-29 10:43:00 - [TEST_CASE][PASSED] - Test Cases/0.1-Login: Test Cases/0.1-Login

2022-04-29 10:43:00 - [TEST_STEP][PASSED] - openBrowser(""): Browser is opened with url: ''

2022-04-29 10:43:00 - [MESSAGE][INFO] - Starting 'Chrome' driver

2022-04-29 10:43:00 - [MESSAGE][INFO] - Action delay is set to 0 milliseconds

2022-04-29 10:43:02 - [MESSAGE][PASSED] - Browser is opened with url: ''

2022-04-29 10:43:02 - [TEST_STEP][PASSED] - maximizeWindow(): Current window maximized

2022-04-29 10:43:02 - [MESSAGE][PASSED] - Current window maximized

2022-04-29 10:43:02 - [TEST_STEP][PASSED] - i = G_Login: null

2022-04-29 10:43:02 - [TEST_STEP][PASSED] - url = new java.net.URL(i): null

2022-04-29 10:43:02 - [TEST_STEP][PASSED] - println("URL: " + url.toString()): null

2022-04-29 10:43:02 - [TEST_STEP][PASSED] - connection = url.openConnection(): null

2022-04-29 10:43:02 - [TEST_STEP][PASSED] - connection.setRequestMethod("GET"): null

2022-04-29 10:43:02 - [TEST_STEP][PASSED] - connection.setReadTimeout(2 * 1000): null

2022-04-29 10:43:02 - [TEST_STEP][PASSED] - try: null

2022-04-29 10:43:02 - [TEST_STEP][PASSED] - connection.connect(): null

2022-04-29 10:43:02 - [TEST_STEP][PASSED] - flag = connected: null

2022-04-29 10:43:02 - [TEST_STEP][PASSED] - println("Valor_ori: " + flag): null

2022-04-29 10:43:02 - [TEST_STEP][PASSED] - if (flag): null

2022-04-29 10:43:02 - [TEST_STEP][PASSED] - navigateToUrl(i): Navigate to 'http://192.168.2.19:8380/saraweb' successfully

2022-04-29 10:43:02 - [MESSAGE][PASSED] - Navigate to 'http://192.168.2.19:8380/saraweb' successfully

2022-04-29 10:43:02 - [TEST_STEP][PASSED] - a(): null

2022-04-29 10:43:02 - [TEST_STEP][PASSED] - setText(findTestObject("3-OBJECTS UTILIDADES/Login/input_USUARIO_loginusuario"), G_Usuario): Text 'saraadmin' is set on object 'Object Repository/3-OBJECTS UTILIDADES/Login/input_USUARIO_loginusuario'

2022-04-29 10:43:03 - [MESSAGE][PASSED] - Text 'saraadmin' is set on object 'Object Repository/3-OBJECTS UTILIDADES/Login/input_USUARIO_loginusuario'

2022-04-29 10:43:03 - [TEST_STEP][PASSED] - setEncryptedText(findTestObject("3-OBJECTS UTILIDADES/Login/input_CLAVE_loginpassword"), "MkG4/TYiCFC3cb2driP7+Q=="): Text ****** has been set on object 'Object Repository/3-OBJECTS UTILIDADES/Login/input_CLAVE_loginpassword'

2022-04-29 10:43:03 - [MESSAGE][PASSED] - Text ****** has been set on object 'Object Repository/3-OBJECTS UTILIDADES/Login/input_CLAVE_loginpassword'

2022-04-29 10:43:03 - [TEST_STEP][PASSED] - waitForElementClickable(findTestObject("3-OBJECTS UTILIDADES/Login/a_Ingresar"), G_TimeOut): Object 'Object Repository/3-OBJECTS UTILIDADES/Login/a_Ingresar' is clickable

2022-04-29 10:43:04 - [MESSAGE][PASSED] - Object 'Object Repository/3-OBJECTS UTILIDADES/Login/a_Ingresar' is clickable

2022-04-29 10:43:04 - [TEST_STEP][PASSED] - click(findTestObject("3-OBJECTS UTILIDADES/Login/a_Ingresar")): Object: 'Object Repository/3-OBJECTS UTILIDADES/Login/a_Ingresar' is clicked on

2022-04-29 10:43:06 - [MESSAGE][PASSED] - Object: 'Object Repository/3-OBJECTS UTILIDADES/Login/a_Ingresar' is clicked on

2022-04-29 10:43:06 - [TEST_STEP][PASSED] - element = findWebElement(findTestObject("3-OBJECTS UTILIDADES/Login/a_Ir"), 30): null

2022-04-29 10:43:06 - [TEST_STEP][PASSED] - executeJavaScript("arguments[0].click()", Arrays.asList(element)): Execute JavaScript 'arguments[0].click()' successfully

2022-04-29 10:43:06 - [MESSAGE][PASSED] - Execute JavaScript 'arguments[0].click()' successfully

2022-04-29 10:43:06 - [MESSAGE][PASSED] - Call Test Case 'Test Cases/0.1-Login' successfully

2022-04-29 10:43:06 - [TEST_STEP][PASSED] - waitForElementVisible(findTestObject("1-OBJECTS TAREAS PRINCIPALES/Modulo Actos Administrativos/Modulo Viáticos/Crear viatico/Page_SARA/input_ADMINISTRADOR DEL SISTEMA - SARA_form_templatej_idt24_input"), 0): Object 'Object Repository/1-OBJECTS TAREAS PRINCIPALES/Modulo Actos Administrativos/Modulo Viáticos/Crear viatico/Page_SARA/input_ADMINISTRADOR DEL SISTEMA - SARA_form_templatej_idt24_input' is visible

2022-04-29 10:43:06 - [MESSAGE][WARNING] - Timeout '0' is invalid. Using default page load timeout: '45'

2022-04-29 10:43:07 - [MESSAGE][PASSED] - Object 'Object Repository/1-OBJECTS TAREAS PRINCIPALES/Modulo Actos Administrativos/Modulo Viáticos/Crear viatico/Page_SARA/input_ADMINISTRADOR DEL SISTEMA - SARA_form_templatej_idt24_input' is visible

2022-04-29 10:43:07 - [TEST_STEP][PASSED] - setText(findTestObject("1-OBJECTS TAREAS PRINCIPALES/Modulo Actos Administrativos/Modulo Viáticos/Crear viatico/Page_SARA/input_ADMINISTRADOR DEL SISTEMA - SARA_form_templatej_idt24_input"), "listado de viaticos"): Text 'listado de viaticos' is set on object 'Object Repository/1-OBJECTS TAREAS PRINCIPALES/Modulo Actos Administrativos/Modulo Viáticos/Crear viatico/Page_SARA/input_ADMINISTRADOR DEL SISTEMA - SARA_form_templatej_idt24_input'

2022-04-29 10:43:08 - [MESSAGE][PASSED] - Text 'listado de viaticos' is set on object 'Object Repository/1-OBJECTS TAREAS PRINCIPALES/Modulo Actos Administrativos/Modulo Viáticos/Crear viatico/Page_SARA/input_ADMINISTRADOR DEL SISTEMA - SARA_form_templatej_idt24_input'

2022-04-29 10:43:08 - [TEST_STEP][PASSED] - waitForElementClickable(findTestObject("1-OBJECTS TAREAS PRINCIPALES/Modulo Actos Administrativos/Modulo Viáticos/Crear viatico/Page_SARA/li_Listado de Viaticos (act)"), 0): Object 'Object Repository/1-OBJECTS TAREAS PRINCIPALES/Modulo Actos Administrativos/Modulo Viáticos/Crear viatico/Page_SARA/li_Listado de Viaticos (act)' is clickable

2022-04-29 10:43:08 - [MESSAGE][WARNING] - Timeout '0' is invalid. Using default page load timeout: '45'

2022-04-29 10:43:09 - [MESSAGE][PASSED] - Object 'Object Repository/1-OBJECTS TAREAS PRINCIPALES/Modulo Actos Administrativos/Modulo Viáticos/Crear viatico/Page_SARA/li_Listado de Viaticos (act)' is clickable

2022-04-29 10:43:09 - [TEST_STEP][PASSED] - sendKeys(findTestObject("1-OBJECTS TAREAS PRINCIPALES/Modulo Actos Administrativos/Modulo Viáticos/Crear viatico/Page_SARA/input_ADMINISTRADOR DEL SISTEMA - SARA_form_templatej_idt24_input"), Keys.chord(ENTER)): Keys 'ENTER + ' sent to object: 'Object Repository/1-OBJECTS TAREAS PRINCIPALES/Modulo Actos Administrativos/Modulo Viáticos/Crear viatico/Page_SARA/input_ADMINISTRADOR DEL SISTEMA - SARA_form_templatej_idt24_input'

2022-04-29 10:43:09 - [MESSAGE][PASSED] - Keys 'ENTER + ' sent to object: 'Object Repository/1-OBJECTS TAREAS PRINCIPALES/Modulo Actos Administrativos/Modulo Viáticos/Crear viatico/Page_SARA/input_ADMINISTRADOR DEL SISTEMA - SARA_form_templatej_idt24_input'

2022-04-29 10:43:09 - [TEST_STEP][PASSED] - setText(findTestObject("1-OBJECTS TAREAS PRINCIPALES/Modulo Actos Administrativos/Modulo Viáticos/Crear viatico/input_Ao_form_listadoviaticosanio"), "2021"): Text '2021' is set on object 'Object Repository/1-OBJECTS TAREAS PRINCIPALES/Modulo Actos Administrativos/Modulo Viáticos/Crear viatico/input_Ao_form_listadoviaticosanio'

2022-04-29 10:43:11 - [MESSAGE][PASSED] - Text '2021' is set on object 'Object Repository/1-OBJECTS TAREAS PRINCIPALES/Modulo Actos Administrativos/Modulo Viáticos/Crear viatico/input_Ao_form_listadoviaticosanio'

2022-04-29 10:43:11 - [TEST_STEP][PASSED] - sendKeys(findTestObject("1-OBJECTS TAREAS PRINCIPALES/Modulo Actos Administrativos/Modulo Viáticos/Crear viatico/input_Ao_form_listadoviaticosanio"), Keys.chord(ENTER)): Keys 'ENTER + ' sent to object: 'Object Repository/1-OBJECTS TAREAS PRINCIPALES/Modulo Actos Administrativos/Modulo Viáticos/Crear viatico/input_Ao_form_listadoviaticosanio'

2022-04-29 10:43:12 - [MESSAGE][PASSED] - Keys 'ENTER + ' sent to object: 'Object Repository/1-OBJECTS TAREAS PRINCIPALES/Modulo Actos Administrativos/Modulo Viáticos/Crear viatico/input_Ao_form_listadoviaticosanio'

2022-04-29 10:43:12 - [TEST_STEP][PASSED] - click(findTestObject("1-OBJECTS TAREAS PRINCIPALES/Modulo Actos Administrativos/Modulo Viáticos/Crear viatico/a_Nuevo_modificar")): Object: 'Object Repository/1-OBJECTS TAREAS PRINCIPALES/Modulo Actos Administrativos/Modulo Viáticos/Crear viatico/a_Nuevo_modificar' is clicked on

2022-04-29 10:43:12 - [MESSAGE][PASSED] - Object: 'Object Repository/1-OBJECTS TAREAS PRINCIPALES/Modulo Actos Administrativos/Modulo Viáticos/Crear viatico/a_Nuevo_modificar' is clicked on

2022-04-29 10:43:12 - [TEST_STEP][PASSED] - click(findTestObject("1-OBJECTS TAREAS PRINCIPALES/Modulo Actos Administrativos/Modulo Viáticos/Crear viatico/span_Modificar una solicitud de vitico")): Object: 'Object Repository/1-OBJECTS TAREAS PRINCIPALES/Modulo Actos Administrativos/Modulo Viáticos/Crear viatico/span_Modificar una solicitud de vitico' is clicked on

2022-04-29 10:43:13 - [MESSAGE][PASSED] - Object: 'Object Repository/1-OBJECTS TAREAS PRINCIPALES/Modulo Actos Administrativos/Modulo Viáticos/Crear viatico/span_Modificar una solicitud de vitico' is clicked on

2022-04-29 10:43:13 - [TEST_STEP][PASSED] - setText(findTestObject("1-OBJECTS TAREAS PRINCIPALES/Modulo Actos Administrativos/Modulo Viáticos/Crear viatico/input_Documento_popupViaticoProgramadoFormfechaViat_input"), "01/07/2021"): Text '01/07/2021' is set on object 'Object Repository/1-OBJECTS TAREAS PRINCIPALES/Modulo Actos Administrativos/Modulo Viáticos/Crear viatico/input_Documento_popupViaticoProgramadoFormfechaViat_input'

2022-04-29 10:43:14 - [MESSAGE][PASSED] - Text '01/07/2021' is set on object 'Object Repository/1-OBJECTS TAREAS PRINCIPALES/Modulo Actos Administrativos/Modulo Viáticos/Crear viatico/input_Documento_popupViaticoProgramadoFormfechaViat_input'

2022-04-29 10:43:14 - [TEST_STEP][PASSED] - sendKeys(findTestObject("1-OBJECTS TAREAS PRINCIPALES/Modulo Actos Administrativos/Modulo Viáticos/Crear viatico/input_Documento_popupViaticoProgramadoFormfechaViat_input"), Keys.chord(ENTER)): Keys 'ENTER + ' sent to object: 'Object Repository/1-OBJECTS TAREAS PRINCIPALES/Modulo Actos Administrativos/Modulo Viáticos/Crear viatico/input_Documento_popupViaticoProgramadoFormfechaViat_input'

2022-04-29 10:43:15 - [MESSAGE][PASSED] - Keys 'ENTER + ' sent to object: 'Object Repository/1-OBJECTS TAREAS PRINCIPALES/Modulo Actos Administrativos/Modulo Viáticos/Crear viatico/input_Documento_popupViaticoProgramadoFormfechaViat_input'

2022-04-29 10:43:15 - [TEST_STEP][PASSED] - if (waitForElementVisible(findTestObject("1-OBJECTS TAREAS PRINCIPALES/Modulo Actos Administrativos/Modulo Viáticos/Crear viatico/td_Programada"), 1)): Web element with id: 'Object Repository/1-OBJECTS TAREAS PRINCIPALES/Modulo Actos Administrativos/Modulo Viáticos/Crear viatico/td_Programada' located by '(.//*[normalize-space(text()) and normalize-space(.)='Diaz Blanco Guisell'])[10]/following::td[1]' not found

2022-04-29 10:43:17 - [MESSAGE][INFO] - Unable to find the element located by 'By.xpath: (.//*[normalize-space(text()) and normalize-space(.)='Diaz Blanco Guisell'])[10]/following::td[1]'. Please recheck the objects properties to make sure the desired element is located. 

2022-04-29 10:43:17 - [MESSAGE][WARNING] - Web element with id: 'Object Repository/1-OBJECTS TAREAS PRINCIPALES/Modulo Actos Administrativos/Modulo Viáticos/Crear viatico/td_Programada' located by '(.//*[normalize-space(text()) and normalize-space(.)='Diaz Blanco Guisell'])[10]/following::td[1]' not found

2022-04-29 10:43:17 - [TEST_STEP][PASSED] - else: Object: 'Object Repository/1-OBJECTS TAREAS PRINCIPALES/Modulo Actos Administrativos/Modulo Viáticos/Crear viatico/span_Derogada_ui-icon ui-icon-closethick' is clicked on

2022-04-29 10:43:17 - [TEST_STEP][PASSED] - click(findTestObject("1-OBJECTS TAREAS PRINCIPALES/Modulo Actos Administrativos/Modulo Viáticos/Crear viatico/span_Derogada_ui-icon ui-icon-closethick")): Object: 'Object Repository/1-OBJECTS TAREAS PRINCIPALES/Modulo Actos Administrativos/Modulo Viáticos/Crear viatico/span_Derogada_ui-icon ui-icon-closethick' is clicked on

2022-04-29 10:43:17 - [MESSAGE][PASSED] - Object: 'Object Repository/1-OBJECTS TAREAS PRINCIPALES/Modulo Actos Administrativos/Modulo Viáticos/Crear viatico/span_Derogada_ui-icon ui-icon-closethick' is clicked on

2022-04-29 10:43:17 - [TEST_STEP][PASSED] - selectOptionByIndex(findTestObject("1-OBJECTS TAREAS PRINCIPALES/Modulo Actos Administrativos/Modulo Viáticos/Crear viatico/select_--Seleccione--Estado"), 2): All options with index in [2] are selected on object 'Object Repository/1-OBJECTS TAREAS PRINCIPALES/Modulo Actos Administrativos/Modulo Viáticos/Crear viatico/select_--Seleccione--Estado'

2022-04-29 10:43:19 - [MESSAGE][PASSED] - All options with index in [2] are selected on object 'Object Repository/1-OBJECTS TAREAS PRINCIPALES/Modulo Actos Administrativos/Modulo Viáticos/Crear viatico/select_--Seleccione--Estado'

2022-04-29 10:43:19 - [TEST_STEP][PASSED] - if (waitForElementClickable(findTestObject("1-OBJECTS TAREAS PRINCIPALES/Modulo Actos Administrativos/Modulo Viáticos/Crear viatico/span_01.07.2021"), 1)): null

2022-04-29 10:43:19 - [MESSAGE][PASSED] - Object 'Object Repository/1-OBJECTS TAREAS PRINCIPALES/Modulo Actos Administrativos/Modulo Viáticos/Crear viatico/span_01.07.2021' is clickable

2022-04-29 10:43:19 - [TEST_STEP][FAILED] - callTestCase(findTestCase("1.1-Tareas Principales/1.7.3 Eliminar Viàtico"), [:], STOP_ON_FAILURE): Unable to call Test Case 'Test Cases/1.1-Tareas Principales/1.7.3 Eliminar Viàtico' (Root cause: com.kms.katalon.core.exception.StepFailedException: Call Test Case 'Test Cases/1.1-Tareas Principales/1.7.3 Eliminar Viàtico' failed
	at com.kms.katalon.core.keyword.builtin.CallTestCaseKeyword$_callTestCase_closure1.doCall(CallTestCaseKeyword.groovy:63)
	at com.kms.katalon.core.keyword.builtin.CallTestCaseKeyword$_callTestCase_closure1.call(CallTestCaseKeyword.groovy)
	at com.kms.katalon.core.keyword.internal.KeywordMain.runKeyword(KeywordMain.groovy:74)
	at com.kms.katalon.core.keyword.builtin.CallTestCaseKeyword.callTestCase(CallTestCaseKeyword.groovy:81)
	at com.kms.katalon.core.keyword.builtin.CallTestCaseKeyword.execute(CallTestCaseKeyword.groovy:44)
	at com.kms.katalon.core.keyword.internal.KeywordExecutor.executeKeywordForPlatform(KeywordExecutor.groovy:74)
	at com.kms.katalon.core.keyword.BuiltinKeywords.callTestCase(BuiltinKeywords.groovy:334)
	at 1.5.9 Crear Viáticos.run(1.5.9 Crear Viáticos:63)
	at com.kms.katalon.core.main.ScriptEngine.run(ScriptEngine.java:194)
	at com.kms.katalon.core.main.ScriptEngine.runScriptAsRawText(ScriptEngine.java:119)
	at com.kms.katalon.core.main.TestCaseExecutor.runScript(TestCaseExecutor.java:445)
	at com.kms.katalon.core.main.TestCaseExecutor.doExecute(TestCaseExecutor.java:436)
	at com.kms.katalon.core.main.TestCaseExecutor.processExecutionPhase(TestCaseExecutor.java:415)
	at com.kms.katalon.core.main.TestCaseExecutor.accessMainPhase(TestCaseExecutor.java:407)
	at com.kms.katalon.core.main.TestCaseExecutor.execute(TestCaseExecutor.java:284)
	at com.kms.katalon.core.common.CommonExecutor.accessTestCaseMainPhase(CommonExecutor.java:65)
	at com.kms.katalon.core.main.TestSuiteExecutor.accessTestSuiteMainPhase(TestSuiteExecutor.java:144)
	at com.kms.katalon.core.main.TestSuiteExecutor.execute(TestSuiteExecutor.java:106)
	at com.kms.katalon.core.main.TestCaseMain.startTestSuite(TestCaseMain.java:185)
	at com.kms.katalon.core.main.TestCaseMain$startTestSuite$0.call(Unknown Source)
	at TempTestSuite1651245283467.run(TempTestSuite1651245283467.groovy:36)
Caused by: com.kms.katalon.core.exception.StepFailedException: Unable to click on object 'Object Repository/1-OBJECTS TAREAS PRINCIPALES/Modulo Actos Administrativos/Modulo Viáticos/Eliminar Viàticos/a_Registro'
	at com.kms.katalon.core.webui.keyword.internal.WebUIKeywordMain.stepFailed(WebUIKeywordMain.groovy:64)
	at com.kms.katalon.core.webui.keyword.internal.WebUIKeywordMain.runKeyword(WebUIKeywordMain.groovy:26)
	at com.kms.katalon.core.webui.keyword.builtin.ClickKeyword.click(ClickKeyword.groovy:74)
	at com.kms.katalon.core.webui.keyword.builtin.ClickKeyword.execute(ClickKeyword.groovy:40)
	at com.kms.katalon.core.keyword.internal.KeywordExecutor.executeKeywordForPlatform(KeywordExecutor.groovy:74)
	at com.kms.katalon.core.webui.keyword.WebUiBuiltInKeywords.click(WebUiBuiltInKeywords.groovy:620)
	at com.kms.katalon.core.webui.keyword.WebUiBuiltInKeywords$click$5.call(Unknown Source)
	at 1.7.3 Eliminar Viàtico.run(1.7.3 Eliminar Viàtico:250)
	at com.kms.katalon.core.main.ScriptEngine.run(ScriptEngine.java:194)
	at com.kms.katalon.core.main.ScriptEngine.runScriptAsRawText(ScriptEngine.java:119)
	at com.kms.katalon.core.main.TestCaseExecutor.runScript(TestCaseExecutor.java:445)
	at com.kms.katalon.core.main.TestCaseExecutor.doExecute(TestCaseExecutor.java:436)
	at com.kms.katalon.core.main.TestCaseExecutor.processExecutionPhase(TestCaseExecutor.java:415)
	at com.kms.katalon.core.main.TestCaseExecutor.accessMainPhase(TestCaseExecutor.java:407)
	at com.kms.katalon.core.main.TestCaseExecutor.execute(TestCaseExecutor.java:284)
	at com.kms.katalon.core.main.TestCaseMain.runTestCase(TestCaseMain.java:142)
	at com.kms.katalon.core.keyword.builtin.CallTestCaseKeyword$_callTestCase_closure1.doCall(CallTestCaseKeyword.groovy:59)
	... 20 more
Caused by: org.openqa.selenium.ElementClickInterceptedException: element click intercepted: Element <a id="form_detalleviaticosMenu:j_idt115:j_idt117:j_idt1805" href="#" class="ui-commandlink ui-widget" onclick="PrimeFaces.ab({s:&quot;form_detalleviaticosMenu:j_idt115:j_idt117:j_idt1805&quot;,f:&quot;form_detalleviaticosMenu&quot;,u:&quot;areaAplicacion&quot;,onco:function(xhr,status,args,data){;}});return false;" style="display: inline-block;">...</a> is not clickable at point (109, 116). Other element would receive the click: <div id="popupInfoDialog:j_idt1748_modal" class="ui-widget-overlay ui-dialog-mask" style="z-index: 1056;"></div>
  (Session info: chrome=100.0.4896.127)
Build info: version: '3.141.59', revision: 'e82be7d358', time: '2018-11-14T08:25:53'
System info: host: 'US-AF-000371', ip: '192.168.56.1', os.name: 'Windows 10', os.arch: 'amd64', os.version: '10.0', java.version: '1.8.0_282'
Driver info: com.kms.katalon.selenium.driver.CChromeDriver
Capabilities {acceptInsecureCerts: false, browserName: chrome, browserVersion: 100.0.4896.127, chrome: {chromedriverVersion: 100.0.4896.60 (6a5d10861ce8..., userDataDir: C:\Users\DIEGO~1.ROJ\AppDat...}, goog:chromeOptions: {debuggerAddress: localhost:54352}, javascriptEnabled: true, networkConnectionEnabled: false, pageLoadStrategy: normal, platform: WINDOWS, platformName: WINDOWS, proxy: Proxy(), setWindowRect: true, strictFileInteractability: false, timeouts: {implicit: 0, pageLoad: 300000, script: 30000}, unhandledPromptBehavior: dismiss and notify, webauthn:extension:credBlob: true, webauthn:extension:largeBlob: true, webauthn:virtualAuthenticators: true}
Session ID: 4bbc836084ccd1714197dd845b2695c9
	at org.openqa.selenium.remote.http.W3CHttpResponseCodec.createException(W3CHttpResponseCodec.java:187)
	at org.openqa.selenium.remote.http.W3CHttpResponseCodec.decode(W3CHttpResponseCodec.java:122)
	at org.openqa.selenium.remote.http.W3CHttpResponseCodec.decode(W3CHttpResponseCodec.java:49)
	at org.openqa.selenium.remote.HttpCommandExecutor.execute(HttpCommandExecutor.java:158)
	at org.openqa.selenium.remote.service.DriverCommandExecutor.execute(DriverCommandExecutor.java:83)
	at org.openqa.selenium.remote.RemoteWebDriver.execute(RemoteWebDriver.java:552)
	at com.kms.katalon.selenium.driver.CChromeDriver.execute(CChromeDriver.java:19)
	at org.openqa.selenium.remote.RemoteWebElement.execute(RemoteWebElement.java:285)
	at org.openqa.selenium.remote.RemoteWebElement.click(RemoteWebElement.java:84)
	at org.openqa.selenium.support.events.EventFiringWebDriver$EventFiringWebElement.lambda$new$0(EventFiringWebDriver.java:404)
	at com.sun.proxy.$Proxy11.click(Unknown Source)
	at org.openqa.selenium.support.events.EventFiringWebDriver$EventFiringWebElement.click(EventFiringWebDriver.java:417)
	at org.openqa.selenium.WebElement$click$0.call(Unknown Source)
	at com.kms.katalon.core.webui.keyword.builtin.ClickKeyword.clickUntilSuccessWithTimeout(ClickKeyword.groovy:81)
	at com.kms.katalon.core.webui.keyword.builtin.ClickKeyword.clickUntilSuccessWithTimeout(ClickKeyword.groovy)
	at com.kms.katalon.core.webui.keyword.builtin.ClickKeyword$_click_closure1.doCall(ClickKeyword.groovy:67)
	at com.kms.katalon.core.webui.keyword.builtin.ClickKeyword$_click_closure1.call(ClickKeyword.groovy)
	at com.kms.katalon.core.webui.keyword.internal.WebUIKeywordMain.runKeyword(WebUIKeywordMain.groovy:20)
	... 35 more
)

2022-04-29 10:43:19 - [TEST_CASE][FAILED] - Test Cases/1.1-Tareas Principales/1.7.3 Eliminar Viàtico: Test Cases/1.1-Tareas Principales/1.7.3 Eliminar Viàtico FAILED.
Reason:
com.kms.katalon.core.exception.StepFailedException: Unable to click on object 'Object Repository/1-OBJECTS TAREAS PRINCIPALES/Modulo Actos Administrativos/Modulo Viáticos/Eliminar Viàticos/a_Registro'
	at com.kms.katalon.core.webui.keyword.internal.WebUIKeywordMain.stepFailed(WebUIKeywordMain.groovy:64)
	at com.kms.katalon.core.webui.keyword.internal.WebUIKeywordMain.runKeyword(WebUIKeywordMain.groovy:26)
	at com.kms.katalon.core.webui.keyword.builtin.ClickKeyword.click(ClickKeyword.groovy:74)
	at com.kms.katalon.core.webui.keyword.builtin.ClickKeyword.execute(ClickKeyword.groovy:40)
	at com.kms.katalon.core.keyword.internal.KeywordExecutor.executeKeywordForPlatform(KeywordExecutor.groovy:74)
	at com.kms.katalon.core.webui.keyword.WebUiBuiltInKeywords.click(WebUiBuiltInKeywords.groovy:620)
	at com.kms.katalon.core.webui.keyword.WebUiBuiltInKeywords$click$5.call(Unknown Source)
	at 1.7.3 Eliminar Viàtico.run(1.7.3 Eliminar Viàtico:250)
	at com.kms.katalon.core.main.ScriptEngine.run(ScriptEngine.java:194)
	at com.kms.katalon.core.main.ScriptEngine.runScriptAsRawText(ScriptEngine.java:119)
	at com.kms.katalon.core.main.TestCaseExecutor.runScript(TestCaseExecutor.java:445)
	at com.kms.katalon.core.main.TestCaseExecutor.doExecute(TestCaseExecutor.java:436)
	at com.kms.katalon.core.main.TestCaseExecutor.processExecutionPhase(TestCaseExecutor.java:415)
	at com.kms.katalon.core.main.TestCaseExecutor.accessMainPhase(TestCaseExecutor.java:407)
	at com.kms.katalon.core.main.TestCaseExecutor.execute(TestCaseExecutor.java:284)
	at com.kms.katalon.core.main.TestCaseMain.runTestCase(TestCaseMain.java:142)
	at com.kms.katalon.core.keyword.builtin.CallTestCaseKeyword$_callTestCase_closure1.doCall(CallTestCaseKeyword.groovy:59)
	at com.kms.katalon.core.keyword.builtin.CallTestCaseKeyword$_callTestCase_closure1.call(CallTestCaseKeyword.groovy)
	at com.kms.katalon.core.keyword.internal.KeywordMain.runKeyword(KeywordMain.groovy:74)
	at com.kms.katalon.core.keyword.builtin.CallTestCaseKeyword.callTestCase(CallTestCaseKeyword.groovy:81)
	at com.kms.katalon.core.keyword.builtin.CallTestCaseKeyword.execute(CallTestCaseKeyword.groovy:44)
	at com.kms.katalon.core.keyword.internal.KeywordExecutor.executeKeywordForPlatform(KeywordExecutor.groovy:74)
	at com.kms.katalon.core.keyword.BuiltinKeywords.callTestCase(BuiltinKeywords.groovy:334)
	at 1.5.9 Crear Viáticos.run(1.5.9 Crear Viáticos:63)
	at com.kms.katalon.core.main.ScriptEngine.run(ScriptEngine.java:194)
	at com.kms.katalon.core.main.ScriptEngine.runScriptAsRawText(ScriptEngine.java:119)
	at com.kms.katalon.core.main.TestCaseExecutor.runScript(TestCaseExecutor.java:445)
	at com.kms.katalon.core.main.TestCaseExecutor.doExecute(TestCaseExecutor.java:436)
	at com.kms.katalon.core.main.TestCaseExecutor.processExecutionPhase(TestCaseExecutor.java:415)
	at com.kms.katalon.core.main.TestCaseExecutor.accessMainPhase(TestCaseExecutor.java:407)
	at com.kms.katalon.core.main.TestCaseExecutor.execute(TestCaseExecutor.java:284)
	at com.kms.katalon.core.common.CommonExecutor.accessTestCaseMainPhase(CommonExecutor.java:65)
	at com.kms.katalon.core.main.TestSuiteExecutor.accessTestSuiteMainPhase(TestSuiteExecutor.java:144)
	at com.kms.katalon.core.main.TestSuiteExecutor.execute(TestSuiteExecutor.java:106)
	at com.kms.katalon.core.main.TestCaseMain.startTestSuite(TestCaseMain.java:185)
	at com.kms.katalon.core.main.TestCaseMain$startTestSuite$0.call(Unknown Source)
	at TempTestSuite1651245283467.run(TempTestSuite1651245283467.groovy:36)
Caused by: org.openqa.selenium.ElementClickInterceptedException: element click intercepted: Element <a id="form_detalleviaticosMenu:j_idt115:j_idt117:j_idt1805" href="#" class="ui-commandlink ui-widget" onclick="PrimeFaces.ab({s:&quot;form_detalleviaticosMenu:j_idt115:j_idt117:j_idt1805&quot;,f:&quot;form_detalleviaticosMenu&quot;,u:&quot;areaAplicacion&quot;,onco:function(xhr,status,args,data){;}});return false;" style="display: inline-block;">...</a> is not clickable at point (109, 116). Other element would receive the click: <div id="popupInfoDialog:j_idt1748_modal" class="ui-widget-overlay ui-dialog-mask" style="z-index: 1056;"></div>
  (Session info: chrome=100.0.4896.127)
Build info: version: '3.141.59', revision: 'e82be7d358', time: '2018-11-14T08:25:53'
System info: host: 'US-AF-000371', ip: '192.168.56.1', os.name: 'Windows 10', os.arch: 'amd64', os.version: '10.0', java.version: '1.8.0_282'
Driver info: com.kms.katalon.selenium.driver.CChromeDriver
Capabilities {acceptInsecureCerts: false, browserName: chrome, browserVersion: 100.0.4896.127, chrome: {chromedriverVersion: 100.0.4896.60 (6a5d10861ce8..., userDataDir: C:\Users\DIEGO~1.ROJ\AppDat...}, goog:chromeOptions: {debuggerAddress: localhost:54352}, javascriptEnabled: true, networkConnectionEnabled: false, pageLoadStrategy: normal, platform: WINDOWS, platformName: WINDOWS, proxy: Proxy(), setWindowRect: true, strictFileInteractability: false, timeouts: {implicit: 0, pageLoad: 300000, script: 30000}, unhandledPromptBehavior: dismiss and notify, webauthn:extension:credBlob: true, webauthn:extension:largeBlob: true, webauthn:virtualAuthenticators: true}
Session ID: 4bbc836084ccd1714197dd845b2695c9
	at org.openqa.selenium.remote.http.W3CHttpResponseCodec.createException(W3CHttpResponseCodec.java:187)
	at org.openqa.selenium.remote.http.W3CHttpResponseCodec.decode(W3CHttpResponseCodec.java:122)
	at org.openqa.selenium.remote.http.W3CHttpResponseCodec.decode(W3CHttpResponseCodec.java:49)
	at org.openqa.selenium.remote.HttpCommandExecutor.execute(HttpCommandExecutor.java:158)
	at org.openqa.selenium.remote.service.DriverCommandExecutor.execute(DriverCommandExecutor.java:83)
	at org.openqa.selenium.remote.RemoteWebDriver.execute(RemoteWebDriver.java:552)
	at com.kms.katalon.selenium.driver.CChromeDriver.execute(CChromeDriver.java:19)
	at org.openqa.selenium.remote.RemoteWebElement.execute(RemoteWebElement.java:285)
	at org.openqa.selenium.remote.RemoteWebElement.click(RemoteWebElement.java:84)
	at org.openqa.selenium.support.events.EventFiringWebDriver$EventFiringWebElement.lambda$new$0(EventFiringWebDriver.java:404)
	at com.sun.proxy.$Proxy11.click(Unknown Source)
	at org.openqa.selenium.support.events.EventFiringWebDriver$EventFiringWebElement.click(EventFiringWebDriver.java:417)
	at org.openqa.selenium.WebElement$click$0.call(Unknown Source)
	at com.kms.katalon.core.webui.keyword.builtin.ClickKeyword.clickUntilSuccessWithTimeout(ClickKeyword.groovy:81)
	at com.kms.katalon.core.webui.keyword.builtin.ClickKeyword.clickUntilSuccessWithTimeout(ClickKeyword.groovy)
	at com.kms.katalon.core.webui.keyword.builtin.ClickKeyword$_click_closure1.doCall(ClickKeyword.groovy:67)
	at com.kms.katalon.core.webui.keyword.builtin.ClickKeyword$_click_closure1.call(ClickKeyword.groovy)
	at com.kms.katalon.core.webui.keyword.internal.WebUIKeywordMain.runKeyword(WebUIKeywordMain.groovy:20)
	... 35 more


2022-04-29 10:43:20 - [TEST_STEP][PASSED] - callTestCase(findTestCase("0.1-Login"), [:], STOP_ON_FAILURE): Call Test Case 'Test Cases/0.1-Login' successfully

2022-04-29 10:43:20 - [TEST_CASE][PASSED] - Test Cases/0.1-Login: Test Cases/0.1-Login

2022-04-29 10:43:20 - [TEST_STEP][PASSED] - openBrowser(""): Browser is opened with url: ''

2022-04-29 10:43:20 - [MESSAGE][WARNING] - A browser is already opened. Closing browser and opening a new one

2022-04-29 10:43:20 - [MESSAGE][INFO] - Starting 'Chrome' driver

2022-04-29 10:43:20 - [MESSAGE][INFO] - Action delay is set to 0 milliseconds

2022-04-29 10:43:22 - [MESSAGE][PASSED] - Browser is opened with url: ''

2022-04-29 10:43:22 - [TEST_STEP][PASSED] - maximizeWindow(): Current window maximized

2022-04-29 10:43:22 - [MESSAGE][PASSED] - Current window maximized

2022-04-29 10:43:22 - [TEST_STEP][PASSED] - i = G_Login: null

2022-04-29 10:43:22 - [TEST_STEP][PASSED] - url = new java.net.URL(i): null

2022-04-29 10:43:22 - [TEST_STEP][PASSED] - println("URL: " + url.toString()): null

2022-04-29 10:43:22 - [TEST_STEP][PASSED] - connection = url.openConnection(): null

2022-04-29 10:43:22 - [TEST_STEP][PASSED] - connection.setRequestMethod("GET"): null

2022-04-29 10:43:22 - [TEST_STEP][PASSED] - connection.setReadTimeout(2 * 1000): null

2022-04-29 10:43:22 - [TEST_STEP][PASSED] - try: null

2022-04-29 10:43:22 - [TEST_STEP][PASSED] - connection.connect(): null

2022-04-29 10:43:22 - [TEST_STEP][PASSED] - flag = connected: null

2022-04-29 10:43:22 - [TEST_STEP][PASSED] - println("Valor_ori: " + flag): null

2022-04-29 10:43:22 - [TEST_STEP][PASSED] - if (flag): null

2022-04-29 10:43:22 - [TEST_STEP][PASSED] - navigateToUrl(i): Navigate to 'http://192.168.2.19:8380/saraweb' successfully

2022-04-29 10:43:22 - [MESSAGE][PASSED] - Navigate to 'http://192.168.2.19:8380/saraweb' successfully

2022-04-29 10:43:22 - [TEST_STEP][PASSED] - a(): null

2022-04-29 10:43:22 - [TEST_STEP][PASSED] - setText(findTestObject("3-OBJECTS UTILIDADES/Login/input_USUARIO_loginusuario"), G_Usuario): Text 'saraadmin' is set on object 'Object Repository/3-OBJECTS UTILIDADES/Login/input_USUARIO_loginusuario'

2022-04-29 10:43:23 - [MESSAGE][PASSED] - Text 'saraadmin' is set on object 'Object Repository/3-OBJECTS UTILIDADES/Login/input_USUARIO_loginusuario'

2022-04-29 10:43:23 - [TEST_STEP][PASSED] - setEncryptedText(findTestObject("3-OBJECTS UTILIDADES/Login/input_CLAVE_loginpassword"), "MkG4/TYiCFC3cb2driP7+Q=="): Text ****** has been set on object 'Object Repository/3-OBJECTS UTILIDADES/Login/input_CLAVE_loginpassword'

2022-04-29 10:43:24 - [MESSAGE][PASSED] - Text ****** has been set on object 'Object Repository/3-OBJECTS UTILIDADES/Login/input_CLAVE_loginpassword'

2022-04-29 10:43:24 - [TEST_STEP][PASSED] - waitForElementClickable(findTestObject("3-OBJECTS UTILIDADES/Login/a_Ingresar"), G_TimeOut): Object 'Object Repository/3-OBJECTS UTILIDADES/Login/a_Ingresar' is clickable

2022-04-29 10:43:24 - [MESSAGE][PASSED] - Object 'Object Repository/3-OBJECTS UTILIDADES/Login/a_Ingresar' is clickable

2022-04-29 10:43:24 - [TEST_STEP][PASSED] - click(findTestObject("3-OBJECTS UTILIDADES/Login/a_Ingresar")): Object: 'Object Repository/3-OBJECTS UTILIDADES/Login/a_Ingresar' is clicked on

2022-04-29 10:43:26 - [MESSAGE][PASSED] - Object: 'Object Repository/3-OBJECTS UTILIDADES/Login/a_Ingresar' is clicked on

2022-04-29 10:43:26 - [TEST_STEP][PASSED] - element = findWebElement(findTestObject("3-OBJECTS UTILIDADES/Login/a_Ir"), 30): null

2022-04-29 10:43:26 - [TEST_STEP][PASSED] - executeJavaScript("arguments[0].click()", Arrays.asList(element)): Execute JavaScript 'arguments[0].click()' successfully

2022-04-29 10:43:26 - [MESSAGE][PASSED] - Execute JavaScript 'arguments[0].click()' successfully

2022-04-29 10:43:26 - [MESSAGE][PASSED] - Call Test Case 'Test Cases/0.1-Login' successfully

2022-04-29 10:43:26 - [TEST_STEP][PASSED] - waitForElementClickable(findTestObject("1-OBJECTS TAREAS PRINCIPALES/Modulo Actos Administrativos/Modulo Viáticos/Eliminar Viàticos/input_ADMINISTRADOR DEL SISTEMA - SARA_form_templatej_idt24_input"), 0): Object 'Object Repository/1-OBJECTS TAREAS PRINCIPALES/Modulo Actos Administrativos/Modulo Viáticos/Eliminar Viàticos/input_ADMINISTRADOR DEL SISTEMA - SARA_form_templatej_idt24_input' is clickable

2022-04-29 10:43:26 - [MESSAGE][WARNING] - Timeout '0' is invalid. Using default page load timeout: '45'

2022-04-29 10:43:27 - [MESSAGE][PASSED] - Object 'Object Repository/1-OBJECTS TAREAS PRINCIPALES/Modulo Actos Administrativos/Modulo Viáticos/Eliminar Viàticos/input_ADMINISTRADOR DEL SISTEMA - SARA_form_templatej_idt24_input' is clickable

2022-04-29 10:43:27 - [TEST_STEP][PASSED] - setText(findTestObject("1-OBJECTS TAREAS PRINCIPALES/Modulo Actos Administrativos/Modulo Viáticos/Eliminar Viàticos/input_ADMINISTRADOR DEL SISTEMA - SARA_form_templatej_idt24_input"), "Listado de Viaticos"): Text 'Listado de Viaticos' is set on object 'Object Repository/1-OBJECTS TAREAS PRINCIPALES/Modulo Actos Administrativos/Modulo Viáticos/Eliminar Viàticos/input_ADMINISTRADOR DEL SISTEMA - SARA_form_templatej_idt24_input'

2022-04-29 10:43:28 - [MESSAGE][PASSED] - Text 'Listado de Viaticos' is set on object 'Object Repository/1-OBJECTS TAREAS PRINCIPALES/Modulo Actos Administrativos/Modulo Viáticos/Eliminar Viàticos/input_ADMINISTRADOR DEL SISTEMA - SARA_form_templatej_idt24_input'

2022-04-29 10:43:28 - [TEST_STEP][PASSED] - waitForElementClickable(findTestObject("1-OBJECTS TAREAS PRINCIPALES/Modulo Actos Administrativos/Modulo Viáticos/Eliminar Viàticos/li_Listado de Viaticos (act)"), 0): Object 'Object Repository/1-OBJECTS TAREAS PRINCIPALES/Modulo Actos Administrativos/Modulo Viáticos/Eliminar Viàticos/li_Listado de Viaticos (act)' is clickable

2022-04-29 10:43:28 - [MESSAGE][WARNING] - Timeout '0' is invalid. Using default page load timeout: '45'

2022-04-29 10:43:29 - [MESSAGE][PASSED] - Object 'Object Repository/1-OBJECTS TAREAS PRINCIPALES/Modulo Actos Administrativos/Modulo Viáticos/Eliminar Viàticos/li_Listado de Viaticos (act)' is clickable

2022-04-29 10:43:29 - [TEST_STEP][PASSED] - sendKeys(findTestObject("1-OBJECTS TAREAS PRINCIPALES/Modulo Actos Administrativos/Modulo Viáticos/Eliminar Viàticos/input_ADMINISTRADOR DEL SISTEMA - SARA_form_templatej_idt24_input"), Keys.chord(ENTER)): Keys 'ENTER + ' sent to object: 'Object Repository/1-OBJECTS TAREAS PRINCIPALES/Modulo Actos Administrativos/Modulo Viáticos/Eliminar Viàticos/input_ADMINISTRADOR DEL SISTEMA - SARA_form_templatej_idt24_input'

2022-04-29 10:43:29 - [MESSAGE][PASSED] - Keys 'ENTER + ' sent to object: 'Object Repository/1-OBJECTS TAREAS PRINCIPALES/Modulo Actos Administrativos/Modulo Viáticos/Eliminar Viàticos/input_ADMINISTRADOR DEL SISTEMA - SARA_form_templatej_idt24_input'

2022-04-29 10:43:29 - [TEST_STEP][PASSED] - setText(findTestObject("1-OBJECTS TAREAS PRINCIPALES/Modulo Actos Administrativos/Modulo Viáticos/Crear viatico/input_Ao_form_listadoviaticosanio"), "2021"): Text '2021' is set on object 'Object Repository/1-OBJECTS TAREAS PRINCIPALES/Modulo Actos Administrativos/Modulo Viáticos/Crear viatico/input_Ao_form_listadoviaticosanio'

2022-04-29 10:43:31 - [MESSAGE][PASSED] - Text '2021' is set on object 'Object Repository/1-OBJECTS TAREAS PRINCIPALES/Modulo Actos Administrativos/Modulo Viáticos/Crear viatico/input_Ao_form_listadoviaticosanio'

2022-04-29 10:43:31 - [TEST_STEP][PASSED] - sendKeys(findTestObject("1-OBJECTS TAREAS PRINCIPALES/Modulo Actos Administrativos/Modulo Viáticos/Crear viatico/input_Ao_form_listadoviaticosanio"), Keys.chord(ENTER)): Keys 'ENTER + ' sent to object: 'Object Repository/1-OBJECTS TAREAS PRINCIPALES/Modulo Actos Administrativos/Modulo Viáticos/Crear viatico/input_Ao_form_listadoviaticosanio'

2022-04-29 10:43:31 - [MESSAGE][PASSED] - Keys 'ENTER + ' sent to object: 'Object Repository/1-OBJECTS TAREAS PRINCIPALES/Modulo Actos Administrativos/Modulo Viáticos/Crear viatico/input_Ao_form_listadoviaticosanio'

2022-04-29 10:43:31 - [TEST_STEP][PASSED] - waitForElementClickable(findTestObject("1-OBJECTS TAREAS PRINCIPALES/Modulo Actos Administrativos/Modulo Viáticos/Eliminar Viàticos/select_--Seleccione--AnuladoAutorizadaDerogadaNo AutorizadaProgramadaSolicitado"), 0): Object 'Object Repository/1-OBJECTS TAREAS PRINCIPALES/Modulo Actos Administrativos/Modulo Viáticos/Eliminar Viàticos/select_--Seleccione--AnuladoAutorizadaDerogadaNo AutorizadaProgramadaSolicitado' is clickable

2022-04-29 10:43:32 - [MESSAGE][WARNING] - Timeout '0' is invalid. Using default page load timeout: '45'

2022-04-29 10:43:32 - [MESSAGE][PASSED] - Object 'Object Repository/1-OBJECTS TAREAS PRINCIPALES/Modulo Actos Administrativos/Modulo Viáticos/Eliminar Viàticos/select_--Seleccione--AnuladoAutorizadaDerogadaNo AutorizadaProgramadaSolicitado' is clickable

2022-04-29 10:43:32 - [TEST_STEP][PASSED] - selectOptionByIndex(findTestObject("1-OBJECTS TAREAS PRINCIPALES/Modulo Actos Administrativos/Modulo Viáticos/Eliminar Viàticos/select_--Seleccione--AnuladoAutorizadaDerogadaNo AutorizadaProgramadaSolicitado"), 5): All options with index in [5] are selected on object 'Object Repository/1-OBJECTS TAREAS PRINCIPALES/Modulo Actos Administrativos/Modulo Viáticos/Eliminar Viàticos/select_--Seleccione--AnuladoAutorizadaDerogadaNo AutorizadaProgramadaSolicitado'

2022-04-29 10:43:33 - [MESSAGE][PASSED] - All options with index in [5] are selected on object 'Object Repository/1-OBJECTS TAREAS PRINCIPALES/Modulo Actos Administrativos/Modulo Viáticos/Eliminar Viàticos/select_--Seleccione--AnuladoAutorizadaDerogadaNo AutorizadaProgramadaSolicitado'

2022-04-29 10:43:33 - [TEST_STEP][PASSED] - click(findTestObject("1-OBJECTS TAREAS PRINCIPALES/Modulo Actos Administrativos/Modulo Viáticos/Eliminar Viàticos/a_Nuevo")): Object: 'Object Repository/1-OBJECTS TAREAS PRINCIPALES/Modulo Actos Administrativos/Modulo Viáticos/Eliminar Viàticos/a_Nuevo' is clicked on

2022-04-29 10:43:34 - [MESSAGE][PASSED] - Object: 'Object Repository/1-OBJECTS TAREAS PRINCIPALES/Modulo Actos Administrativos/Modulo Viáticos/Eliminar Viàticos/a_Nuevo' is clicked on

2022-04-29 10:43:34 - [TEST_STEP][PASSED] - click(findTestObject("1-OBJECTS TAREAS PRINCIPALES/Modulo Actos Administrativos/Modulo Viáticos/Eliminar Viàticos/span_Modificar una solicitud de vitico")): Object: 'Object Repository/1-OBJECTS TAREAS PRINCIPALES/Modulo Actos Administrativos/Modulo Viáticos/Eliminar Viàticos/span_Modificar una solicitud de vitico' is clicked on

2022-04-29 10:43:35 - [MESSAGE][PASSED] - Object: 'Object Repository/1-OBJECTS TAREAS PRINCIPALES/Modulo Actos Administrativos/Modulo Viáticos/Eliminar Viàticos/span_Modificar una solicitud de vitico' is clicked on

2022-04-29 10:43:35 - [TEST_STEP][PASSED] - setText(findTestObject("1-OBJECTS TAREAS PRINCIPALES/Modulo Actos Administrativos/Modulo Viáticos/Eliminar Viàticos/input_Documento_form_listadoviaticosfechaViat_input"), "01/07/2021"): Text '01/07/2021' is set on object 'Object Repository/1-OBJECTS TAREAS PRINCIPALES/Modulo Actos Administrativos/Modulo Viáticos/Eliminar Viàticos/input_Documento_form_listadoviaticosfechaViat_input'

2022-04-29 10:43:36 - [MESSAGE][PASSED] - Text '01/07/2021' is set on object 'Object Repository/1-OBJECTS TAREAS PRINCIPALES/Modulo Actos Administrativos/Modulo Viáticos/Eliminar Viàticos/input_Documento_form_listadoviaticosfechaViat_input'

2022-04-29 10:43:36 - [TEST_STEP][PASSED] - sendKeys(findTestObject("1-OBJECTS TAREAS PRINCIPALES/Modulo Actos Administrativos/Modulo Viáticos/Eliminar Viàticos/input_Documento_form_listadoviaticosfechaViat_input"), Keys.chord(ENTER)): Keys 'ENTER + ' sent to object: 'Object Repository/1-OBJECTS TAREAS PRINCIPALES/Modulo Actos Administrativos/Modulo Viáticos/Eliminar Viàticos/input_Documento_form_listadoviaticosfechaViat_input'

2022-04-29 10:43:36 - [MESSAGE][PASSED] - Keys 'ENTER + ' sent to object: 'Object Repository/1-OBJECTS TAREAS PRINCIPALES/Modulo Actos Administrativos/Modulo Viáticos/Eliminar Viàticos/input_Documento_form_listadoviaticosfechaViat_input'

2022-04-29 10:43:36 - [TEST_STEP][PASSED] - if (waitForElementVisible(findTestObject("1-OBJECTS TAREAS PRINCIPALES/Modulo Actos Administrativos/Modulo Viáticos/Eliminar Viàticos/td_01072021"), 1)): Web element with id: 'Object Repository/1-OBJECTS TAREAS PRINCIPALES/Modulo Actos Administrativos/Modulo Viáticos/Eliminar Viàticos/td_01072021' located by '//*/text()[normalize-space(.)='01/07/2021']/parent::*' not found

2022-04-29 10:43:38 - [MESSAGE][INFO] - Unable to find the element located by 'By.xpath: //*/text()[normalize-space(.)='01/07/2021']/parent::*'. Please recheck the objects properties to make sure the desired element is located. 

2022-04-29 10:43:38 - [MESSAGE][WARNING] - Web element with id: 'Object Repository/1-OBJECTS TAREAS PRINCIPALES/Modulo Actos Administrativos/Modulo Viáticos/Eliminar Viàticos/td_01072021' located by '//*/text()[normalize-space(.)='01/07/2021']/parent::*' not found

2022-04-29 10:43:38 - [TEST_STEP][PASSED] - else: null

2022-04-29 10:43:38 - [TEST_STEP][PASSED] - click(findTestObject("1-OBJECTS TAREAS PRINCIPALES/Modulo Actos Administrativos/Modulo Viáticos/Eliminar Viàticos/span_Cerrar_Modificar_viaticos")): Object: 'Object Repository/1-OBJECTS TAREAS PRINCIPALES/Modulo Actos Administrativos/Modulo Viáticos/Eliminar Viàticos/span_Cerrar_Modificar_viaticos' is clicked on

2022-04-29 10:43:39 - [MESSAGE][PASSED] - Object: 'Object Repository/1-OBJECTS TAREAS PRINCIPALES/Modulo Actos Administrativos/Modulo Viáticos/Eliminar Viàticos/span_Cerrar_Modificar_viaticos' is clicked on

2022-04-29 10:43:39 - [TEST_STEP][PASSED] - selectOptionByIndex(findTestObject("1-OBJECTS TAREAS PRINCIPALES/Modulo Actos Administrativos/Modulo Viáticos/Eliminar Viàticos/select_--Seleccione--AnuladoAutorizadaDerogadaNo AutorizadaProgramadaSolicitado"), 2): All options with index in [2] are selected on object 'Object Repository/1-OBJECTS TAREAS PRINCIPALES/Modulo Actos Administrativos/Modulo Viáticos/Eliminar Viàticos/select_--Seleccione--AnuladoAutorizadaDerogadaNo AutorizadaProgramadaSolicitado'

2022-04-29 10:43:40 - [MESSAGE][PASSED] - All options with index in [2] are selected on object 'Object Repository/1-OBJECTS TAREAS PRINCIPALES/Modulo Actos Administrativos/Modulo Viáticos/Eliminar Viàticos/select_--Seleccione--AnuladoAutorizadaDerogadaNo AutorizadaProgramadaSolicitado'

2022-04-29 10:43:40 - [TEST_STEP][PASSED] - if (waitForElementPresent(findTestObject("1-OBJECTS TAREAS PRINCIPALES/Modulo Actos Administrativos/Modulo Viáticos/Eliminar Viàticos/span_Prueba Plan Inversin"), 1)): null

2022-04-29 10:43:40 - [MESSAGE][PASSED] - Object 'Object Repository/1-OBJECTS TAREAS PRINCIPALES/Modulo Actos Administrativos/Modulo Viáticos/Eliminar Viàticos/span_Prueba Plan Inversin' is present

2022-04-29 10:43:40 - [TEST_STEP][PASSED] - click(findTestObject("1-OBJECTS TAREAS PRINCIPALES/Modulo Actos Administrativos/Modulo Viáticos/Eliminar Viàticos/span_Prueba Plan Inversin")): Object: 'Object Repository/1-OBJECTS TAREAS PRINCIPALES/Modulo Actos Administrativos/Modulo Viáticos/Eliminar Viàticos/span_Prueba Plan Inversin' is clicked on

2022-04-29 10:43:41 - [MESSAGE][PASSED] - Object: 'Object Repository/1-OBJECTS TAREAS PRINCIPALES/Modulo Actos Administrativos/Modulo Viáticos/Eliminar Viàticos/span_Prueba Plan Inversin' is clicked on

2022-04-29 10:43:41 - [TEST_STEP][PASSED] - click(findTestObject("1-OBJECTS TAREAS PRINCIPALES/Modulo Actos Administrativos/Modulo Viáticos/Eliminar Viàticos/a_Complementario")): Object: 'Object Repository/1-OBJECTS TAREAS PRINCIPALES/Modulo Actos Administrativos/Modulo Viáticos/Eliminar Viàticos/a_Complementario' is clicked on

2022-04-29 10:43:42 - [MESSAGE][PASSED] - Object: 'Object Repository/1-OBJECTS TAREAS PRINCIPALES/Modulo Actos Administrativos/Modulo Viáticos/Eliminar Viàticos/a_Complementario' is clicked on

2022-04-29 10:43:42 - [TEST_STEP][PASSED] - if (waitForElementClickable(findTestObject("1-OBJECTS TAREAS PRINCIPALES/Modulo Actos Administrativos/Modulo Viáticos/Eliminar Viàticos/td_QUINTERO 45 EMPLEADO"), 1)): null

2022-04-29 10:43:42 - [MESSAGE][PASSED] - Object 'Object Repository/1-OBJECTS TAREAS PRINCIPALES/Modulo Actos Administrativos/Modulo Viáticos/Eliminar Viàticos/td_QUINTERO 45 EMPLEADO' is clickable

2022-04-29 10:43:42 - [TEST_STEP][PASSED] - click(findTestObject("1-OBJECTS TAREAS PRINCIPALES/Modulo Actos Administrativos/Modulo Viáticos/Eliminar Viàticos/td_QUINTERO 45 EMPLEADO")): Object: 'Object Repository/1-OBJECTS TAREAS PRINCIPALES/Modulo Actos Administrativos/Modulo Viáticos/Eliminar Viàticos/td_QUINTERO 45 EMPLEADO' is clicked on

2022-04-29 10:43:43 - [MESSAGE][PASSED] - Object: 'Object Repository/1-OBJECTS TAREAS PRINCIPALES/Modulo Actos Administrativos/Modulo Viáticos/Eliminar Viàticos/td_QUINTERO 45 EMPLEADO' is clicked on

2022-04-29 10:43:43 - [TEST_STEP][PASSED] - click(findTestObject("1-OBJECTS TAREAS PRINCIPALES/Modulo Actos Administrativos/Modulo Viáticos/Eliminar Viàticos/a_Eliminar_Complementario")): Object: 'Object Repository/1-OBJECTS TAREAS PRINCIPALES/Modulo Actos Administrativos/Modulo Viáticos/Eliminar Viàticos/a_Eliminar_Complementario' is clicked on

2022-04-29 10:43:43 - [MESSAGE][PASSED] - Object: 'Object Repository/1-OBJECTS TAREAS PRINCIPALES/Modulo Actos Administrativos/Modulo Viáticos/Eliminar Viàticos/a_Eliminar_Complementario' is clicked on

2022-04-29 10:43:43 - [TEST_STEP][PASSED] - click(findTestObject("1-OBJECTS TAREAS PRINCIPALES/Modulo Actos Administrativos/Modulo Viáticos/Eliminar Viàticos/span_Si")): Object: 'Object Repository/1-OBJECTS TAREAS PRINCIPALES/Modulo Actos Administrativos/Modulo Viáticos/Eliminar Viàticos/span_Si' is clicked on

2022-04-29 10:43:44 - [MESSAGE][PASSED] - Object: 'Object Repository/1-OBJECTS TAREAS PRINCIPALES/Modulo Actos Administrativos/Modulo Viáticos/Eliminar Viàticos/span_Si' is clicked on

2022-04-29 10:43:44 - [TEST_STEP][PASSED] - click(findTestObject("1-OBJECTS TAREAS PRINCIPALES/Modulo Actos Administrativos/Modulo Viáticos/Eliminar Viàticos/a_Costos")): Object: 'Object Repository/1-OBJECTS TAREAS PRINCIPALES/Modulo Actos Administrativos/Modulo Viáticos/Eliminar Viàticos/a_Costos' is clicked on

2022-04-29 10:43:45 - [MESSAGE][PASSED] - Object: 'Object Repository/1-OBJECTS TAREAS PRINCIPALES/Modulo Actos Administrativos/Modulo Viáticos/Eliminar Viàticos/a_Costos' is clicked on

2022-04-29 10:43:45 - [TEST_STEP][PASSED] - if (waitForElementClickable(findTestObject("1-OBJECTS TAREAS PRINCIPALES/Modulo Actos Administrativos/Modulo Viáticos/Eliminar Viàticos/td_QUINTERO 5 EMPLEADO"), 1)): null

2022-04-29 10:43:45 - [MESSAGE][PASSED] - Object 'Object Repository/1-OBJECTS TAREAS PRINCIPALES/Modulo Actos Administrativos/Modulo Viáticos/Eliminar Viàticos/td_QUINTERO 5 EMPLEADO' is clickable

2022-04-29 10:43:45 - [TEST_STEP][PASSED] - click(findTestObject("1-OBJECTS TAREAS PRINCIPALES/Modulo Actos Administrativos/Modulo Viáticos/Eliminar Viàticos/td_QUINTERO 5 EMPLEADO")): Object: 'Object Repository/1-OBJECTS TAREAS PRINCIPALES/Modulo Actos Administrativos/Modulo Viáticos/Eliminar Viàticos/td_QUINTERO 5 EMPLEADO' is clicked on

2022-04-29 10:43:46 - [MESSAGE][PASSED] - Object: 'Object Repository/1-OBJECTS TAREAS PRINCIPALES/Modulo Actos Administrativos/Modulo Viáticos/Eliminar Viàticos/td_QUINTERO 5 EMPLEADO' is clicked on

2022-04-29 10:43:46 - [TEST_STEP][PASSED] - click(findTestObject("1-OBJECTS TAREAS PRINCIPALES/Modulo Actos Administrativos/Modulo Viáticos/Eliminar Viàticos/a_Eliminar")): Object: 'Object Repository/1-OBJECTS TAREAS PRINCIPALES/Modulo Actos Administrativos/Modulo Viáticos/Eliminar Viàticos/a_Eliminar' is clicked on

2022-04-29 10:43:47 - [MESSAGE][PASSED] - Object: 'Object Repository/1-OBJECTS TAREAS PRINCIPALES/Modulo Actos Administrativos/Modulo Viáticos/Eliminar Viàticos/a_Eliminar' is clicked on

2022-04-29 10:43:47 - [TEST_STEP][PASSED] - click(findTestObject("1-OBJECTS TAREAS PRINCIPALES/Modulo Actos Administrativos/Modulo Viáticos/Eliminar Viàticos/a_Programacin")): Object: 'Object Repository/1-OBJECTS TAREAS PRINCIPALES/Modulo Actos Administrativos/Modulo Viáticos/Eliminar Viàticos/a_Programacin' is clicked on

2022-04-29 10:43:47 - [MESSAGE][PASSED] - Object: 'Object Repository/1-OBJECTS TAREAS PRINCIPALES/Modulo Actos Administrativos/Modulo Viáticos/Eliminar Viàticos/a_Programacin' is clicked on

2022-04-29 10:43:47 - [TEST_STEP][PASSED] - if (waitForElementVisible(findTestObject("1-OBJECTS TAREAS PRINCIPALES/Modulo Actos Administrativos/Modulo Viáticos/Eliminar Viàticos/td_5"), 1)): null

2022-04-29 10:43:48 - [MESSAGE][PASSED] - Object 'Object Repository/1-OBJECTS TAREAS PRINCIPALES/Modulo Actos Administrativos/Modulo Viáticos/Eliminar Viàticos/td_5' is visible

2022-04-29 10:43:48 - [TEST_STEP][PASSED] - click(findTestObject("1-OBJECTS TAREAS PRINCIPALES/Modulo Actos Administrativos/Modulo Viáticos/Eliminar Viàticos/td_5")): Object: 'Object Repository/1-OBJECTS TAREAS PRINCIPALES/Modulo Actos Administrativos/Modulo Viáticos/Eliminar Viàticos/td_5' is clicked on

2022-04-29 10:43:48 - [MESSAGE][PASSED] - Object: 'Object Repository/1-OBJECTS TAREAS PRINCIPALES/Modulo Actos Administrativos/Modulo Viáticos/Eliminar Viàticos/td_5' is clicked on

2022-04-29 10:43:48 - [TEST_STEP][PASSED] - waitForElementClickable(findTestObject("1-OBJECTS TAREAS PRINCIPALES/Modulo Actos Administrativos/Modulo Viáticos/Eliminar Viàticos/a_Archivo"), 0): Object 'Object Repository/1-OBJECTS TAREAS PRINCIPALES/Modulo Actos Administrativos/Modulo Viáticos/Eliminar Viàticos/a_Archivo' is clickable

2022-04-29 10:43:48 - [MESSAGE][WARNING] - Timeout '0' is invalid. Using default page load timeout: '45'

2022-04-29 10:43:49 - [MESSAGE][PASSED] - Object 'Object Repository/1-OBJECTS TAREAS PRINCIPALES/Modulo Actos Administrativos/Modulo Viáticos/Eliminar Viàticos/a_Archivo' is clickable

2022-04-29 10:43:49 - [TEST_STEP][PASSED] - click(findTestObject("1-OBJECTS TAREAS PRINCIPALES/Modulo Actos Administrativos/Modulo Viáticos/Eliminar Viàticos/a_Archivo")): Object: 'Object Repository/1-OBJECTS TAREAS PRINCIPALES/Modulo Actos Administrativos/Modulo Viáticos/Eliminar Viàticos/a_Archivo' is clicked on

2022-04-29 10:43:50 - [MESSAGE][PASSED] - Object: 'Object Repository/1-OBJECTS TAREAS PRINCIPALES/Modulo Actos Administrativos/Modulo Viáticos/Eliminar Viàticos/a_Archivo' is clicked on

2022-04-29 10:43:50 - [TEST_STEP][PASSED] - if (waitForElementVisible(findTestObject("1-OBJECTS TAREAS PRINCIPALES/Modulo Actos Administrativos/Modulo Viáticos/Eliminar Viàticos/a_Eliminar_ archivo"), 1)): null

2022-04-29 10:43:51 - [MESSAGE][PASSED] - Object 'Object Repository/1-OBJECTS TAREAS PRINCIPALES/Modulo Actos Administrativos/Modulo Viáticos/Eliminar Viàticos/a_Eliminar_ archivo' is visible

2022-04-29 10:43:51 - [TEST_STEP][PASSED] - click(findTestObject("1-OBJECTS TAREAS PRINCIPALES/Modulo Actos Administrativos/Modulo Viáticos/Eliminar Viàticos/a_Eliminar_ archivo")): Object: 'Object Repository/1-OBJECTS TAREAS PRINCIPALES/Modulo Actos Administrativos/Modulo Viáticos/Eliminar Viàticos/a_Eliminar_ archivo' is clicked on

2022-04-29 10:43:51 - [MESSAGE][PASSED] - Object: 'Object Repository/1-OBJECTS TAREAS PRINCIPALES/Modulo Actos Administrativos/Modulo Viáticos/Eliminar Viàticos/a_Eliminar_ archivo' is clicked on

2022-04-29 10:43:51 - [TEST_STEP][PASSED] - click(findTestObject("1-OBJECTS TAREAS PRINCIPALES/Modulo Actos Administrativos/Modulo Viáticos/Eliminar Viàticos/a_Aceptar")): Object: 'Object Repository/1-OBJECTS TAREAS PRINCIPALES/Modulo Actos Administrativos/Modulo Viáticos/Eliminar Viàticos/a_Aceptar' is clicked on

2022-04-29 10:43:52 - [MESSAGE][PASSED] - Object: 'Object Repository/1-OBJECTS TAREAS PRINCIPALES/Modulo Actos Administrativos/Modulo Viáticos/Eliminar Viàticos/a_Aceptar' is clicked on

2022-04-29 10:43:52 - [TEST_STEP][PASSED] - waitForElementClickable(findTestObject("1-OBJECTS TAREAS PRINCIPALES/Modulo Actos Administrativos/Modulo Viáticos/Eliminar Viàticos/a_Otras Entidades"), 0): Object 'Object Repository/1-OBJECTS TAREAS PRINCIPALES/Modulo Actos Administrativos/Modulo Viáticos/Eliminar Viàticos/a_Otras Entidades' is clickable

2022-04-29 10:43:52 - [MESSAGE][WARNING] - Timeout '0' is invalid. Using default page load timeout: '45'

2022-04-29 10:43:53 - [MESSAGE][PASSED] - Object 'Object Repository/1-OBJECTS TAREAS PRINCIPALES/Modulo Actos Administrativos/Modulo Viáticos/Eliminar Viàticos/a_Otras Entidades' is clickable

2022-04-29 10:43:53 - [TEST_STEP][PASSED] - click(findTestObject("1-OBJECTS TAREAS PRINCIPALES/Modulo Actos Administrativos/Modulo Viáticos/Eliminar Viàticos/a_Otras Entidades")): Object: 'Object Repository/1-OBJECTS TAREAS PRINCIPALES/Modulo Actos Administrativos/Modulo Viáticos/Eliminar Viàticos/a_Otras Entidades' is clicked on

2022-04-29 10:43:53 - [MESSAGE][PASSED] - Object: 'Object Repository/1-OBJECTS TAREAS PRINCIPALES/Modulo Actos Administrativos/Modulo Viáticos/Eliminar Viàticos/a_Otras Entidades' is clicked on

2022-04-29 10:43:53 - [TEST_STEP][PASSED] - if (waitForElementVisible(findTestObject("1-OBJECTS TAREAS PRINCIPALES/Modulo Actos Administrativos/Modulo Viáticos/Eliminar Viàticos/a_Eliminar_Otras Entidades"), 1)): null

2022-04-29 10:43:54 - [MESSAGE][PASSED] - Object 'Object Repository/1-OBJECTS TAREAS PRINCIPALES/Modulo Actos Administrativos/Modulo Viáticos/Eliminar Viàticos/a_Eliminar_Otras Entidades' is visible

2022-04-29 10:43:54 - [TEST_STEP][PASSED] - click(findTestObject("1-OBJECTS TAREAS PRINCIPALES/Modulo Actos Administrativos/Modulo Viáticos/Eliminar Viàticos/a_Eliminar_Otras Entidades")): Object: 'Object Repository/1-OBJECTS TAREAS PRINCIPALES/Modulo Actos Administrativos/Modulo Viáticos/Eliminar Viàticos/a_Eliminar_Otras Entidades' is clicked on

2022-04-29 10:43:54 - [MESSAGE][PASSED] - Object: 'Object Repository/1-OBJECTS TAREAS PRINCIPALES/Modulo Actos Administrativos/Modulo Viáticos/Eliminar Viàticos/a_Eliminar_Otras Entidades' is clicked on

2022-04-29 10:43:54 - [TEST_STEP][PASSED] - click(findTestObject("1-OBJECTS TAREAS PRINCIPALES/Modulo Actos Administrativos/Modulo Viáticos/Eliminar Viàticos/span_Si_Eliminar_Otras Entidades")): Object: 'Object Repository/1-OBJECTS TAREAS PRINCIPALES/Modulo Actos Administrativos/Modulo Viáticos/Eliminar Viàticos/span_Si_Eliminar_Otras Entidades' is clicked on

2022-04-29 10:43:55 - [MESSAGE][PASSED] - Object: 'Object Repository/1-OBJECTS TAREAS PRINCIPALES/Modulo Actos Administrativos/Modulo Viáticos/Eliminar Viàticos/span_Si_Eliminar_Otras Entidades' is clicked on

2022-04-29 10:43:55 - [TEST_STEP][PASSED] - click(findTestObject("1-OBJECTS TAREAS PRINCIPALES/Modulo Actos Administrativos/Modulo Viáticos/Eliminar Viàticos/a_Entidades Vigiladas")): Object: 'Object Repository/1-OBJECTS TAREAS PRINCIPALES/Modulo Actos Administrativos/Modulo Viáticos/Eliminar Viàticos/a_Entidades Vigiladas' is clicked on

2022-04-29 10:43:56 - [MESSAGE][PASSED] - Object: 'Object Repository/1-OBJECTS TAREAS PRINCIPALES/Modulo Actos Administrativos/Modulo Viáticos/Eliminar Viàticos/a_Entidades Vigiladas' is clicked on

2022-04-29 10:43:56 - [TEST_STEP][PASSED] - if (waitForElementVisible(findTestObject("1-OBJECTS TAREAS PRINCIPALES/Modulo Actos Administrativos/Modulo Viáticos/Eliminar Viàticos/td_123"), 1)): Web element with id: 'Object Repository/1-OBJECTS TAREAS PRINCIPALES/Modulo Actos Administrativos/Modulo Viáticos/Eliminar Viàticos/td_123' located by '//td[(text() = '123' or . = '123')]' not found

2022-04-29 10:43:58 - [MESSAGE][INFO] - Unable to find the element located by 'By.xpath: //td[(text() = '123' or . = '123')]'. Please recheck the objects properties to make sure the desired element is located. 

2022-04-29 10:43:58 - [MESSAGE][WARNING] - Web element with id: 'Object Repository/1-OBJECTS TAREAS PRINCIPALES/Modulo Actos Administrativos/Modulo Viáticos/Eliminar Viàticos/td_123' located by '//td[(text() = '123' or . = '123')]' not found

2022-04-29 10:43:58 - [TEST_STEP][PASSED] - click(findTestObject("1-OBJECTS TAREAS PRINCIPALES/Modulo Actos Administrativos/Modulo Viáticos/Eliminar Viàticos/a_Detalle"), STOP_ON_FAILURE): Object: 'Object Repository/1-OBJECTS TAREAS PRINCIPALES/Modulo Actos Administrativos/Modulo Viáticos/Eliminar Viàticos/a_Detalle' is clicked on

2022-04-29 10:43:59 - [MESSAGE][PASSED] - Object: 'Object Repository/1-OBJECTS TAREAS PRINCIPALES/Modulo Actos Administrativos/Modulo Viáticos/Eliminar Viàticos/a_Detalle' is clicked on

2022-04-29 10:43:59 - [TEST_STEP][PASSED] - if (waitForElementVisible(findTestObject("1-OBJECTS TAREAS PRINCIPALES/Modulo Actos Administrativos/Modulo Viáticos/Eliminar Viàticos/a_Eliminar_Programacion"), 1)): null

2022-04-29 10:44:00 - [MESSAGE][PASSED] - Object 'Object Repository/1-OBJECTS TAREAS PRINCIPALES/Modulo Actos Administrativos/Modulo Viáticos/Eliminar Viàticos/a_Eliminar_Programacion' is visible

2022-04-29 10:44:00 - [TEST_STEP][PASSED] - click(findTestObject("1-OBJECTS TAREAS PRINCIPALES/Modulo Actos Administrativos/Modulo Viáticos/Eliminar Viàticos/a_Eliminar_Programacion")): Object: 'Object Repository/1-OBJECTS TAREAS PRINCIPALES/Modulo Actos Administrativos/Modulo Viáticos/Eliminar Viàticos/a_Eliminar_Programacion' is clicked on

2022-04-29 10:44:00 - [MESSAGE][PASSED] - Object: 'Object Repository/1-OBJECTS TAREAS PRINCIPALES/Modulo Actos Administrativos/Modulo Viáticos/Eliminar Viàticos/a_Eliminar_Programacion' is clicked on

2022-04-29 10:44:00 - [TEST_STEP][PASSED] - click(findTestObject("1-OBJECTS TAREAS PRINCIPALES/Modulo Actos Administrativos/Modulo Viáticos/Eliminar Viàticos/span_Si_eliminar Programacion")): Object: 'Object Repository/1-OBJECTS TAREAS PRINCIPALES/Modulo Actos Administrativos/Modulo Viáticos/Eliminar Viàticos/span_Si_eliminar Programacion' is clicked on

2022-04-29 10:44:00 - [MESSAGE][PASSED] - Object: 'Object Repository/1-OBJECTS TAREAS PRINCIPALES/Modulo Actos Administrativos/Modulo Viáticos/Eliminar Viàticos/span_Si_eliminar Programacion' is clicked on

2022-04-29 10:44:00 - [TEST_STEP][PASSED] - waitForElementVisible(findTestObject("1-OBJECTS TAREAS PRINCIPALES/Modulo Actos Administrativos/Modulo Viáticos/Eliminar Viàticos/p_El registro ha sido borrado"), 0): Web element with id: 'Object Repository/1-OBJECTS TAREAS PRINCIPALES/Modulo Actos Administrativos/Modulo Viáticos/Eliminar Viàticos/p_El registro ha sido borrado' located by '//*/text()[normalize-space(.)='El registro ha sido borrado']/parent::*' not found

2022-04-29 10:44:01 - [MESSAGE][WARNING] - Timeout '0' is invalid. Using default page load timeout: '45'

2022-04-29 10:44:47 - [MESSAGE][INFO] - Unable to find the element located by 'By.xpath: //*/text()[normalize-space(.)='El registro ha sido borrado']/parent::*'. Please recheck the objects properties to make sure the desired element is located. 

2022-04-29 10:44:47 - [MESSAGE][WARNING] - Web element with id: 'Object Repository/1-OBJECTS TAREAS PRINCIPALES/Modulo Actos Administrativos/Modulo Viáticos/Eliminar Viàticos/p_El registro ha sido borrado' located by '//*/text()[normalize-space(.)='El registro ha sido borrado']/parent::*' not found

2022-04-29 10:44:47 - [TEST_STEP][PASSED] - waitForElementClickable(findTestObject("1-OBJECTS TAREAS PRINCIPALES/Modulo Actos Administrativos/Modulo Viáticos/Eliminar Viàticos/a_Registro"), 0): Object 'Object Repository/1-OBJECTS TAREAS PRINCIPALES/Modulo Actos Administrativos/Modulo Viáticos/Eliminar Viàticos/a_Registro' is clickable

2022-04-29 10:44:47 - [MESSAGE][WARNING] - Timeout '0' is invalid. Using default page load timeout: '45'

2022-04-29 10:44:47 - [MESSAGE][PASSED] - Object 'Object Repository/1-OBJECTS TAREAS PRINCIPALES/Modulo Actos Administrativos/Modulo Viáticos/Eliminar Viàticos/a_Registro' is clickable

2022-04-29 10:44:47 - [TEST_STEP][FAILED] - click(findTestObject("1-OBJECTS TAREAS PRINCIPALES/Modulo Actos Administrativos/Modulo Viáticos/Eliminar Viàticos/a_Registro")): Unable to click on object 'Object Repository/1-OBJECTS TAREAS PRINCIPALES/Modulo Actos Administrativos/Modulo Viáticos/Eliminar Viàticos/a_Registro' (Root cause: com.kms.katalon.core.exception.StepFailedException: Unable to click on object 'Object Repository/1-OBJECTS TAREAS PRINCIPALES/Modulo Actos Administrativos/Modulo Viáticos/Eliminar Viàticos/a_Registro'
	at com.kms.katalon.core.webui.keyword.internal.WebUIKeywordMain.stepFailed(WebUIKeywordMain.groovy:64)
	at com.kms.katalon.core.webui.keyword.internal.WebUIKeywordMain.runKeyword(WebUIKeywordMain.groovy:26)
	at com.kms.katalon.core.webui.keyword.builtin.ClickKeyword.click(ClickKeyword.groovy:74)
	at com.kms.katalon.core.webui.keyword.builtin.ClickKeyword.execute(ClickKeyword.groovy:40)
	at com.kms.katalon.core.keyword.internal.KeywordExecutor.executeKeywordForPlatform(KeywordExecutor.groovy:74)
	at com.kms.katalon.core.webui.keyword.WebUiBuiltInKeywords.click(WebUiBuiltInKeywords.groovy:620)
	at com.kms.katalon.core.webui.keyword.WebUiBuiltInKeywords$click$5.call(Unknown Source)
	at 1.7.3 Eliminar Viàtico.run(1.7.3 Eliminar Viàtico:250)
	at com.kms.katalon.core.main.ScriptEngine.run(ScriptEngine.java:194)
	at com.kms.katalon.core.main.ScriptEngine.runScriptAsRawText(ScriptEngine.java:119)
	at com.kms.katalon.core.main.TestCaseExecutor.runScript(TestCaseExecutor.java:445)
	at com.kms.katalon.core.main.TestCaseExecutor.doExecute(TestCaseExecutor.java:436)
	at com.kms.katalon.core.main.TestCaseExecutor.processExecutionPhase(TestCaseExecutor.java:415)
	at com.kms.katalon.core.main.TestCaseExecutor.accessMainPhase(TestCaseExecutor.java:407)
	at com.kms.katalon.core.main.TestCaseExecutor.execute(TestCaseExecutor.java:284)
	at com.kms.katalon.core.main.TestCaseMain.runTestCase(TestCaseMain.java:142)
	at com.kms.katalon.core.keyword.builtin.CallTestCaseKeyword$_callTestCase_closure1.doCall(CallTestCaseKeyword.groovy:59)
	at com.kms.katalon.core.keyword.builtin.CallTestCaseKeyword$_callTestCase_closure1.call(CallTestCaseKeyword.groovy)
	at com.kms.katalon.core.keyword.internal.KeywordMain.runKeyword(KeywordMain.groovy:74)
	at com.kms.katalon.core.keyword.builtin.CallTestCaseKeyword.callTestCase(CallTestCaseKeyword.groovy:81)
	at com.kms.katalon.core.keyword.builtin.CallTestCaseKeyword.execute(CallTestCaseKeyword.groovy:44)
	at com.kms.katalon.core.keyword.internal.KeywordExecutor.executeKeywordForPlatform(KeywordExecutor.groovy:74)
	at com.kms.katalon.core.keyword.BuiltinKeywords.callTestCase(BuiltinKeywords.groovy:334)
	at 1.5.9 Crear Viáticos.run(1.5.9 Crear Viáticos:63)
	at com.kms.katalon.core.main.ScriptEngine.run(ScriptEngine.java:194)
	at com.kms.katalon.core.main.ScriptEngine.runScriptAsRawText(ScriptEngine.java:119)
	at com.kms.katalon.core.main.TestCaseExecutor.runScript(TestCaseExecutor.java:445)
	at com.kms.katalon.core.main.TestCaseExecutor.doExecute(TestCaseExecutor.java:436)
	at com.kms.katalon.core.main.TestCaseExecutor.processExecutionPhase(TestCaseExecutor.java:415)
	at com.kms.katalon.core.main.TestCaseExecutor.accessMainPhase(TestCaseExecutor.java:407)
	at com.kms.katalon.core.main.TestCaseExecutor.execute(TestCaseExecutor.java:284)
	at com.kms.katalon.core.common.CommonExecutor.accessTestCaseMainPhase(CommonExecutor.java:65)
	at com.kms.katalon.core.main.TestSuiteExecutor.accessTestSuiteMainPhase(TestSuiteExecutor.java:144)
	at com.kms.katalon.core.main.TestSuiteExecutor.execute(TestSuiteExecutor.java:106)
	at com.kms.katalon.core.main.TestCaseMain.startTestSuite(TestCaseMain.java:185)
	at com.kms.katalon.core.main.TestCaseMain$startTestSuite$0.call(Unknown Source)
	at TempTestSuite1651245283467.run(TempTestSuite1651245283467.groovy:36)
Caused by: org.openqa.selenium.ElementClickInterceptedException: element click intercepted: Element <a id="form_detalleviaticosMenu:j_idt115:j_idt117:j_idt1805" href="#" class="ui-commandlink ui-widget" onclick="PrimeFaces.ab({s:&quot;form_detalleviaticosMenu:j_idt115:j_idt117:j_idt1805&quot;,f:&quot;form_detalleviaticosMenu&quot;,u:&quot;areaAplicacion&quot;,onco:function(xhr,status,args,data){;}});return false;" style="display: inline-block;">...</a> is not clickable at point (109, 116). Other element would receive the click: <div id="popupInfoDialog:j_idt1748_modal" class="ui-widget-overlay ui-dialog-mask" style="z-index: 1056;"></div>
  (Session info: chrome=100.0.4896.127)
Build info: version: '3.141.59', revision: 'e82be7d358', time: '2018-11-14T08:25:53'
System info: host: 'US-AF-000371', ip: '192.168.56.1', os.name: 'Windows 10', os.arch: 'amd64', os.version: '10.0', java.version: '1.8.0_282'
Driver info: com.kms.katalon.selenium.driver.CChromeDriver
Capabilities {acceptInsecureCerts: false, browserName: chrome, browserVersion: 100.0.4896.127, chrome: {chromedriverVersion: 100.0.4896.60 (6a5d10861ce8..., userDataDir: C:\Users\DIEGO~1.ROJ\AppDat...}, goog:chromeOptions: {debuggerAddress: localhost:54352}, javascriptEnabled: true, networkConnectionEnabled: false, pageLoadStrategy: normal, platform: WINDOWS, platformName: WINDOWS, proxy: Proxy(), setWindowRect: true, strictFileInteractability: false, timeouts: {implicit: 0, pageLoad: 300000, script: 30000}, unhandledPromptBehavior: dismiss and notify, webauthn:extension:credBlob: true, webauthn:extension:largeBlob: true, webauthn:virtualAuthenticators: true}
Session ID: 4bbc836084ccd1714197dd845b2695c9
	at org.openqa.selenium.remote.http.W3CHttpResponseCodec.createException(W3CHttpResponseCodec.java:187)
	at org.openqa.selenium.remote.http.W3CHttpResponseCodec.decode(W3CHttpResponseCodec.java:122)
	at org.openqa.selenium.remote.http.W3CHttpResponseCodec.decode(W3CHttpResponseCodec.java:49)
	at org.openqa.selenium.remote.HttpCommandExecutor.execute(HttpCommandExecutor.java:158)
	at org.openqa.selenium.remote.service.DriverCommandExecutor.execute(DriverCommandExecutor.java:83)
	at org.openqa.selenium.remote.RemoteWebDriver.execute(RemoteWebDriver.java:552)
	at com.kms.katalon.selenium.driver.CChromeDriver.execute(CChromeDriver.java:19)
	at org.openqa.selenium.remote.RemoteWebElement.execute(RemoteWebElement.java:285)
	at org.openqa.selenium.remote.RemoteWebElement.click(RemoteWebElement.java:84)
	at org.openqa.selenium.support.events.EventFiringWebDriver$EventFiringWebElement.lambda$new$0(EventFiringWebDriver.java:404)
	at com.sun.proxy.$Proxy11.click(Unknown Source)
	at org.openqa.selenium.support.events.EventFiringWebDriver$EventFiringWebElement.click(EventFiringWebDriver.java:417)
	at org.openqa.selenium.WebElement$click$0.call(Unknown Source)
	at com.kms.katalon.core.webui.keyword.builtin.ClickKeyword.clickUntilSuccessWithTimeout(ClickKeyword.groovy:81)
	at com.kms.katalon.core.webui.keyword.builtin.ClickKeyword.clickUntilSuccessWithTimeout(ClickKeyword.groovy)
	at com.kms.katalon.core.webui.keyword.builtin.ClickKeyword$_click_closure1.doCall(ClickKeyword.groovy:67)
	at com.kms.katalon.core.webui.keyword.builtin.ClickKeyword$_click_closure1.call(ClickKeyword.groovy)
	at com.kms.katalon.core.webui.keyword.internal.WebUIKeywordMain.runKeyword(WebUIKeywordMain.groovy:20)
	at com.kms.katalon.core.webui.keyword.builtin.ClickKeyword.click(ClickKeyword.groovy:74)
	at com.kms.katalon.core.webui.keyword.builtin.ClickKeyword.execute(ClickKeyword.groovy:40)
	at com.kms.katalon.core.keyword.internal.KeywordExecutor.executeKeywordForPlatform(KeywordExecutor.groovy:74)
	at com.kms.katalon.core.webui.keyword.WebUiBuiltInKeywords.click(WebUiBuiltInKeywords.groovy:620)
	at com.kms.katalon.core.webui.keyword.WebUiBuiltInKeywords$click$5.call(Unknown Source)
	at Script1632762356466.run(Script1632762356466.groovy:250)
	at com.kms.katalon.core.main.ScriptEngine.run(ScriptEngine.java:194)
	at com.kms.katalon.core.main.ScriptEngine.runScriptAsRawText(ScriptEngine.java:119)
	at com.kms.katalon.core.main.TestCaseExecutor.runScript(TestCaseExecutor.java:445)
	at com.kms.katalon.core.main.TestCaseExecutor.doExecute(TestCaseExecutor.java:436)
	at com.kms.katalon.core.main.TestCaseExecutor.processExecutionPhase(TestCaseExecutor.java:415)
	at com.kms.katalon.core.main.TestCaseExecutor.accessMainPhase(TestCaseExecutor.java:407)
	at com.kms.katalon.core.main.TestCaseExecutor.execute(TestCaseExecutor.java:284)
	at com.kms.katalon.core.main.TestCaseMain.runTestCase(TestCaseMain.java:142)
	at com.kms.katalon.core.keyword.builtin.CallTestCaseKeyword$_callTestCase_closure1.doCall(CallTestCaseKeyword.groovy:59)
	at com.kms.katalon.core.keyword.builtin.CallTestCaseKeyword$_callTestCase_closure1.call(CallTestCaseKeyword.groovy)
	at com.kms.katalon.core.keyword.internal.KeywordMain.runKeyword(KeywordMain.groovy:74)
	at com.kms.katalon.core.keyword.builtin.CallTestCaseKeyword.callTestCase(CallTestCaseKeyword.groovy:81)
	at com.kms.katalon.core.keyword.builtin.CallTestCaseKeyword.execute(CallTestCaseKeyword.groovy:44)
	at com.kms.katalon.core.keyword.internal.KeywordExecutor.executeKeywordForPlatform(KeywordExecutor.groovy:74)
	at com.kms.katalon.core.keyword.BuiltinKeywords.callTestCase(BuiltinKeywords.groovy:334)
	at Script1629930083943.run(Script1629930083943.groovy:63)
	... 13 more
)

2022-04-29 10:45:35 - [MESSAGE][FAILED] - Unable to click on object 'Object Repository/1-OBJECTS TAREAS PRINCIPALES/Modulo Actos Administrativos/Modulo Viáticos/Eliminar Viàticos/a_Registro' (Root cause: com.kms.katalon.core.exception.StepFailedException: Unable to click on object 'Object Repository/1-OBJECTS TAREAS PRINCIPALES/Modulo Actos Administrativos/Modulo Viáticos/Eliminar Viàticos/a_Registro'
	at com.kms.katalon.core.webui.keyword.internal.WebUIKeywordMain.stepFailed(WebUIKeywordMain.groovy:64)
	at com.kms.katalon.core.webui.keyword.internal.WebUIKeywordMain.runKeyword(WebUIKeywordMain.groovy:26)
	at com.kms.katalon.core.webui.keyword.builtin.ClickKeyword.click(ClickKeyword.groovy:74)
	at com.kms.katalon.core.webui.keyword.builtin.ClickKeyword.execute(ClickKeyword.groovy:40)
	at com.kms.katalon.core.keyword.internal.KeywordExecutor.executeKeywordForPlatform(KeywordExecutor.groovy:74)
	at com.kms.katalon.core.webui.keyword.WebUiBuiltInKeywords.click(WebUiBuiltInKeywords.groovy:620)
	at com.kms.katalon.core.webui.keyword.WebUiBuiltInKeywords$click$5.call(Unknown Source)
	at 1.7.3 Eliminar Viàtico.run(1.7.3 Eliminar Viàtico:250)
	at com.kms.katalon.core.main.ScriptEngine.run(ScriptEngine.java:194)
	at com.kms.katalon.core.main.ScriptEngine.runScriptAsRawText(ScriptEngine.java:119)
	at com.kms.katalon.core.main.TestCaseExecutor.runScript(TestCaseExecutor.java:445)
	at com.kms.katalon.core.main.TestCaseExecutor.doExecute(TestCaseExecutor.java:436)
	at com.kms.katalon.core.main.TestCaseExecutor.processExecutionPhase(TestCaseExecutor.java:415)
	at com.kms.katalon.core.main.TestCaseExecutor.accessMainPhase(TestCaseExecutor.java:407)
	at com.kms.katalon.core.main.TestCaseExecutor.execute(TestCaseExecutor.java:284)
	at com.kms.katalon.core.main.TestCaseMain.runTestCase(TestCaseMain.java:142)
	at com.kms.katalon.core.keyword.builtin.CallTestCaseKeyword$_callTestCase_closure1.doCall(CallTestCaseKeyword.groovy:59)
	at com.kms.katalon.core.keyword.builtin.CallTestCaseKeyword$_callTestCase_closure1.call(CallTestCaseKeyword.groovy)
	at com.kms.katalon.core.keyword.internal.KeywordMain.runKeyword(KeywordMain.groovy:74)
	at com.kms.katalon.core.keyword.builtin.CallTestCaseKeyword.callTestCase(CallTestCaseKeyword.groovy:81)
	at com.kms.katalon.core.keyword.builtin.CallTestCaseKeyword.execute(CallTestCaseKeyword.groovy:44)
	at com.kms.katalon.core.keyword.internal.KeywordExecutor.executeKeywordForPlatform(KeywordExecutor.groovy:74)
	at com.kms.katalon.core.keyword.BuiltinKeywords.callTestCase(BuiltinKeywords.groovy:334)
	at 1.5.9 Crear Viáticos.run(1.5.9 Crear Viáticos:63)
	at com.kms.katalon.core.main.ScriptEngine.run(ScriptEngine.java:194)
	at com.kms.katalon.core.main.ScriptEngine.runScriptAsRawText(ScriptEngine.java:119)
	at com.kms.katalon.core.main.TestCaseExecutor.runScript(TestCaseExecutor.java:445)
	at com.kms.katalon.core.main.TestCaseExecutor.doExecute(TestCaseExecutor.java:436)
	at com.kms.katalon.core.main.TestCaseExecutor.processExecutionPhase(TestCaseExecutor.java:415)
	at com.kms.katalon.core.main.TestCaseExecutor.accessMainPhase(TestCaseExecutor.java:407)
	at com.kms.katalon.core.main.TestCaseExecutor.execute(TestCaseExecutor.java:284)
	at com.kms.katalon.core.common.CommonExecutor.accessTestCaseMainPhase(CommonExecutor.java:65)
	at com.kms.katalon.core.main.TestSuiteExecutor.accessTestSuiteMainPhase(TestSuiteExecutor.java:144)
	at com.kms.katalon.core.main.TestSuiteExecutor.execute(TestSuiteExecutor.java:106)
	at com.kms.katalon.core.main.TestCaseMain.startTestSuite(TestCaseMain.java:185)
	at com.kms.katalon.core.main.TestCaseMain$startTestSuite$0.call(Unknown Source)
	at TempTestSuite1651245283467.run(TempTestSuite1651245283467.groovy:36)
Caused by: org.openqa.selenium.ElementClickInterceptedException: element click intercepted: Element <a id="form_detalleviaticosMenu:j_idt115:j_idt117:j_idt1805" href="#" class="ui-commandlink ui-widget" onclick="PrimeFaces.ab({s:&quot;form_detalleviaticosMenu:j_idt115:j_idt117:j_idt1805&quot;,f:&quot;form_detalleviaticosMenu&quot;,u:&quot;areaAplicacion&quot;,onco:function(xhr,status,args,data){;}});return false;" style="display: inline-block;">...</a> is not clickable at point (109, 116). Other element would receive the click: <div id="popupInfoDialog:j_idt1748_modal" class="ui-widget-overlay ui-dialog-mask" style="z-index: 1056;"></div>
  (Session info: chrome=100.0.4896.127)
Build info: version: '3.141.59', revision: 'e82be7d358', time: '2018-11-14T08:25:53'
System info: host: 'US-AF-000371', ip: '192.168.56.1', os.name: 'Windows 10', os.arch: 'amd64', os.version: '10.0', java.version: '1.8.0_282'
Driver info: com.kms.katalon.selenium.driver.CChromeDriver
Capabilities {acceptInsecureCerts: false, browserName: chrome, browserVersion: 100.0.4896.127, chrome: {chromedriverVersion: 100.0.4896.60 (6a5d10861ce8..., userDataDir: C:\Users\DIEGO~1.ROJ\AppDat...}, goog:chromeOptions: {debuggerAddress: localhost:54352}, javascriptEnabled: true, networkConnectionEnabled: false, pageLoadStrategy: normal, platform: WINDOWS, platformName: WINDOWS, proxy: Proxy(), setWindowRect: true, strictFileInteractability: false, timeouts: {implicit: 0, pageLoad: 300000, script: 30000}, unhandledPromptBehavior: dismiss and notify, webauthn:extension:credBlob: true, webauthn:extension:largeBlob: true, webauthn:virtualAuthenticators: true}
Session ID: 4bbc836084ccd1714197dd845b2695c9
	at org.openqa.selenium.remote.http.W3CHttpResponseCodec.createException(W3CHttpResponseCodec.java:187)
	at org.openqa.selenium.remote.http.W3CHttpResponseCodec.decode(W3CHttpResponseCodec.java:122)
	at org.openqa.selenium.remote.http.W3CHttpResponseCodec.decode(W3CHttpResponseCodec.java:49)
	at org.openqa.selenium.remote.HttpCommandExecutor.execute(HttpCommandExecutor.java:158)
	at org.openqa.selenium.remote.service.DriverCommandExecutor.execute(DriverCommandExecutor.java:83)
	at org.openqa.selenium.remote.RemoteWebDriver.execute(RemoteWebDriver.java:552)
	at com.kms.katalon.selenium.driver.CChromeDriver.execute(CChromeDriver.java:19)
	at org.openqa.selenium.remote.RemoteWebElement.execute(RemoteWebElement.java:285)
	at org.openqa.selenium.remote.RemoteWebElement.click(RemoteWebElement.java:84)
	at org.openqa.selenium.support.events.EventFiringWebDriver$EventFiringWebElement.lambda$new$0(EventFiringWebDriver.java:404)
	at com.sun.proxy.$Proxy11.click(Unknown Source)
	at org.openqa.selenium.support.events.EventFiringWebDriver$EventFiringWebElement.click(EventFiringWebDriver.java:417)
	at org.openqa.selenium.WebElement$click$0.call(Unknown Source)
	at com.kms.katalon.core.webui.keyword.builtin.ClickKeyword.clickUntilSuccessWithTimeout(ClickKeyword.groovy:81)
	at com.kms.katalon.core.webui.keyword.builtin.ClickKeyword.clickUntilSuccessWithTimeout(ClickKeyword.groovy)
	at com.kms.katalon.core.webui.keyword.builtin.ClickKeyword$_click_closure1.doCall(ClickKeyword.groovy:67)
	at com.kms.katalon.core.webui.keyword.builtin.ClickKeyword$_click_closure1.call(ClickKeyword.groovy)
	at com.kms.katalon.core.webui.keyword.internal.WebUIKeywordMain.runKeyword(WebUIKeywordMain.groovy:20)
	at com.kms.katalon.core.webui.keyword.builtin.ClickKeyword.click(ClickKeyword.groovy:74)
	at com.kms.katalon.core.webui.keyword.builtin.ClickKeyword.execute(ClickKeyword.groovy:40)
	at com.kms.katalon.core.keyword.internal.KeywordExecutor.executeKeywordForPlatform(KeywordExecutor.groovy:74)
	at com.kms.katalon.core.webui.keyword.WebUiBuiltInKeywords.click(WebUiBuiltInKeywords.groovy:620)
	at com.kms.katalon.core.webui.keyword.WebUiBuiltInKeywords$click$5.call(Unknown Source)
	at Script1632762356466.run(Script1632762356466.groovy:250)
	at com.kms.katalon.core.main.ScriptEngine.run(ScriptEngine.java:194)
	at com.kms.katalon.core.main.ScriptEngine.runScriptAsRawText(ScriptEngine.java:119)
	at com.kms.katalon.core.main.TestCaseExecutor.runScript(TestCaseExecutor.java:445)
	at com.kms.katalon.core.main.TestCaseExecutor.doExecute(TestCaseExecutor.java:436)
	at com.kms.katalon.core.main.TestCaseExecutor.processExecutionPhase(TestCaseExecutor.java:415)
	at com.kms.katalon.core.main.TestCaseExecutor.accessMainPhase(TestCaseExecutor.java:407)
	at com.kms.katalon.core.main.TestCaseExecutor.execute(TestCaseExecutor.java:284)
	at com.kms.katalon.core.main.TestCaseMain.runTestCase(TestCaseMain.java:142)
	at com.kms.katalon.core.keyword.builtin.CallTestCaseKeyword$_callTestCase_closure1.doCall(CallTestCaseKeyword.groovy:59)
	at com.kms.katalon.core.keyword.builtin.CallTestCaseKeyword$_callTestCase_closure1.call(CallTestCaseKeyword.groovy)
	at com.kms.katalon.core.keyword.internal.KeywordMain.runKeyword(KeywordMain.groovy:74)
	at com.kms.katalon.core.keyword.builtin.CallTestCaseKeyword.callTestCase(CallTestCaseKeyword.groovy:81)
	at com.kms.katalon.core.keyword.builtin.CallTestCaseKeyword.execute(CallTestCaseKeyword.groovy:44)
	at com.kms.katalon.core.keyword.internal.KeywordExecutor.executeKeywordForPlatform(KeywordExecutor.groovy:74)
	at com.kms.katalon.core.keyword.BuiltinKeywords.callTestCase(BuiltinKeywords.groovy:334)
	at Script1629930083943.run(Script1629930083943.groovy:63)
	... 13 more
)
[[ATTACHMENT|C:\\Users\\diego.rojas\\git\\Pruebas-Minimas\\Reports\\20220429_101443\\Test_Suite_Principales\\1-Tareas Principales\\20220429_101443\\1651247135295.png]]

2022-04-29 10:45:35 - [MESSAGE][FAILED] - Unable to call Test Case 'Test Cases/1.1-Tareas Principales/1.7.3 Eliminar Viàtico' (Root cause: com.kms.katalon.core.exception.StepFailedException: Call Test Case 'Test Cases/1.1-Tareas Principales/1.7.3 Eliminar Viàtico' failed
	at com.kms.katalon.core.keyword.builtin.CallTestCaseKeyword$_callTestCase_closure1.doCall(CallTestCaseKeyword.groovy:63)
	at com.kms.katalon.core.keyword.builtin.CallTestCaseKeyword$_callTestCase_closure1.call(CallTestCaseKeyword.groovy)
	at com.kms.katalon.core.keyword.internal.KeywordMain.runKeyword(KeywordMain.groovy:74)
	at com.kms.katalon.core.keyword.builtin.CallTestCaseKeyword.callTestCase(CallTestCaseKeyword.groovy:81)
	at com.kms.katalon.core.keyword.builtin.CallTestCaseKeyword.execute(CallTestCaseKeyword.groovy:44)
	at com.kms.katalon.core.keyword.internal.KeywordExecutor.executeKeywordForPlatform(KeywordExecutor.groovy:74)
	at com.kms.katalon.core.keyword.BuiltinKeywords.callTestCase(BuiltinKeywords.groovy:334)
	at 1.5.9 Crear Viáticos.run(1.5.9 Crear Viáticos:63)
	at com.kms.katalon.core.main.ScriptEngine.run(ScriptEngine.java:194)
	at com.kms.katalon.core.main.ScriptEngine.runScriptAsRawText(ScriptEngine.java:119)
	at com.kms.katalon.core.main.TestCaseExecutor.runScript(TestCaseExecutor.java:445)
	at com.kms.katalon.core.main.TestCaseExecutor.doExecute(TestCaseExecutor.java:436)
	at com.kms.katalon.core.main.TestCaseExecutor.processExecutionPhase(TestCaseExecutor.java:415)
	at com.kms.katalon.core.main.TestCaseExecutor.accessMainPhase(TestCaseExecutor.java:407)
	at com.kms.katalon.core.main.TestCaseExecutor.execute(TestCaseExecutor.java:284)
	at com.kms.katalon.core.common.CommonExecutor.accessTestCaseMainPhase(CommonExecutor.java:65)
	at com.kms.katalon.core.main.TestSuiteExecutor.accessTestSuiteMainPhase(TestSuiteExecutor.java:144)
	at com.kms.katalon.core.main.TestSuiteExecutor.execute(TestSuiteExecutor.java:106)
	at com.kms.katalon.core.main.TestCaseMain.startTestSuite(TestCaseMain.java:185)
	at com.kms.katalon.core.main.TestCaseMain$startTestSuite$0.call(Unknown Source)
	at TempTestSuite1651245283467.run(TempTestSuite1651245283467.groovy:36)
Caused by: com.kms.katalon.core.exception.StepFailedException: Unable to click on object 'Object Repository/1-OBJECTS TAREAS PRINCIPALES/Modulo Actos Administrativos/Modulo Viáticos/Eliminar Viàticos/a_Registro'
	at com.kms.katalon.core.webui.keyword.internal.WebUIKeywordMain.stepFailed(WebUIKeywordMain.groovy:64)
	at com.kms.katalon.core.webui.keyword.internal.WebUIKeywordMain.runKeyword(WebUIKeywordMain.groovy:26)
	at com.kms.katalon.core.webui.keyword.builtin.ClickKeyword.click(ClickKeyword.groovy:74)
	at com.kms.katalon.core.webui.keyword.builtin.ClickKeyword.execute(ClickKeyword.groovy:40)
	at com.kms.katalon.core.keyword.internal.KeywordExecutor.executeKeywordForPlatform(KeywordExecutor.groovy:74)
	at com.kms.katalon.core.webui.keyword.WebUiBuiltInKeywords.click(WebUiBuiltInKeywords.groovy:620)
	at com.kms.katalon.core.webui.keyword.WebUiBuiltInKeywords$click$5.call(Unknown Source)
	at 1.7.3 Eliminar Viàtico.run(1.7.3 Eliminar Viàtico:250)
	at com.kms.katalon.core.main.ScriptEngine.run(ScriptEngine.java:194)
	at com.kms.katalon.core.main.ScriptEngine.runScriptAsRawText(ScriptEngine.java:119)
	at com.kms.katalon.core.main.TestCaseExecutor.runScript(TestCaseExecutor.java:445)
	at com.kms.katalon.core.main.TestCaseExecutor.doExecute(TestCaseExecutor.java:436)
	at com.kms.katalon.core.main.TestCaseExecutor.processExecutionPhase(TestCaseExecutor.java:415)
	at com.kms.katalon.core.main.TestCaseExecutor.accessMainPhase(TestCaseExecutor.java:407)
	at com.kms.katalon.core.main.TestCaseExecutor.execute(TestCaseExecutor.java:284)
	at com.kms.katalon.core.main.TestCaseMain.runTestCase(TestCaseMain.java:142)
	at com.kms.katalon.core.keyword.builtin.CallTestCaseKeyword$_callTestCase_closure1.doCall(CallTestCaseKeyword.groovy:59)
	... 20 more
Caused by: org.openqa.selenium.ElementClickInterceptedException: element click intercepted: Element <a id="form_detalleviaticosMenu:j_idt115:j_idt117:j_idt1805" href="#" class="ui-commandlink ui-widget" onclick="PrimeFaces.ab({s:&quot;form_detalleviaticosMenu:j_idt115:j_idt117:j_idt1805&quot;,f:&quot;form_detalleviaticosMenu&quot;,u:&quot;areaAplicacion&quot;,onco:function(xhr,status,args,data){;}});return false;" style="display: inline-block;">...</a> is not clickable at point (109, 116). Other element would receive the click: <div id="popupInfoDialog:j_idt1748_modal" class="ui-widget-overlay ui-dialog-mask" style="z-index: 1056;"></div>
  (Session info: chrome=100.0.4896.127)
Build info: version: '3.141.59', revision: 'e82be7d358', time: '2018-11-14T08:25:53'
System info: host: 'US-AF-000371', ip: '192.168.56.1', os.name: 'Windows 10', os.arch: 'amd64', os.version: '10.0', java.version: '1.8.0_282'
Driver info: com.kms.katalon.selenium.driver.CChromeDriver
Capabilities {acceptInsecureCerts: false, browserName: chrome, browserVersion: 100.0.4896.127, chrome: {chromedriverVersion: 100.0.4896.60 (6a5d10861ce8..., userDataDir: C:\Users\DIEGO~1.ROJ\AppDat...}, goog:chromeOptions: {debuggerAddress: localhost:54352}, javascriptEnabled: true, networkConnectionEnabled: false, pageLoadStrategy: normal, platform: WINDOWS, platformName: WINDOWS, proxy: Proxy(), setWindowRect: true, strictFileInteractability: false, timeouts: {implicit: 0, pageLoad: 300000, script: 30000}, unhandledPromptBehavior: dismiss and notify, webauthn:extension:credBlob: true, webauthn:extension:largeBlob: true, webauthn:virtualAuthenticators: true}
Session ID: 4bbc836084ccd1714197dd845b2695c9
	at org.openqa.selenium.remote.http.W3CHttpResponseCodec.createException(W3CHttpResponseCodec.java:187)
	at org.openqa.selenium.remote.http.W3CHttpResponseCodec.decode(W3CHttpResponseCodec.java:122)
	at org.openqa.selenium.remote.http.W3CHttpResponseCodec.decode(W3CHttpResponseCodec.java:49)
	at org.openqa.selenium.remote.HttpCommandExecutor.execute(HttpCommandExecutor.java:158)
	at org.openqa.selenium.remote.service.DriverCommandExecutor.execute(DriverCommandExecutor.java:83)
	at org.openqa.selenium.remote.RemoteWebDriver.execute(RemoteWebDriver.java:552)
	at com.kms.katalon.selenium.driver.CChromeDriver.execute(CChromeDriver.java:19)
	at org.openqa.selenium.remote.RemoteWebElement.execute(RemoteWebElement.java:285)
	at org.openqa.selenium.remote.RemoteWebElement.click(RemoteWebElement.java:84)
	at org.openqa.selenium.support.events.EventFiringWebDriver$EventFiringWebElement.lambda$new$0(EventFiringWebDriver.java:404)
	at com.sun.proxy.$Proxy11.click(Unknown Source)
	at org.openqa.selenium.support.events.EventFiringWebDriver$EventFiringWebElement.click(EventFiringWebDriver.java:417)
	at org.openqa.selenium.WebElement$click$0.call(Unknown Source)
	at com.kms.katalon.core.webui.keyword.builtin.ClickKeyword.clickUntilSuccessWithTimeout(ClickKeyword.groovy:81)
	at com.kms.katalon.core.webui.keyword.builtin.ClickKeyword.clickUntilSuccessWithTimeout(ClickKeyword.groovy)
	at com.kms.katalon.core.webui.keyword.builtin.ClickKeyword$_click_closure1.doCall(ClickKeyword.groovy:67)
	at com.kms.katalon.core.webui.keyword.builtin.ClickKeyword$_click_closure1.call(ClickKeyword.groovy)
	at com.kms.katalon.core.webui.keyword.internal.WebUIKeywordMain.runKeyword(WebUIKeywordMain.groovy:20)
	... 35 more
)]]></system-out>
         <system-err><![CDATA[2022-04-29 10:43:00 - [TEST_CASE][FAILED] - Test Cases/1.1-Tareas Principales/1.5.9 Crear Viáticos: Test Cases/1.1-Tareas Principales/1.5.9 Crear Viáticos FAILED.
Reason:
com.kms.katalon.core.exception.StepFailedException: Call Test Case 'Test Cases/1.1-Tareas Principales/1.7.3 Eliminar Viàtico' failed
	at com.kms.katalon.core.keyword.builtin.CallTestCaseKeyword$_callTestCase_closure1.doCall(CallTestCaseKeyword.groovy:63)
	at com.kms.katalon.core.keyword.builtin.CallTestCaseKeyword$_callTestCase_closure1.call(CallTestCaseKeyword.groovy)
	at com.kms.katalon.core.keyword.internal.KeywordMain.runKeyword(KeywordMain.groovy:74)
	at com.kms.katalon.core.keyword.builtin.CallTestCaseKeyword.callTestCase(CallTestCaseKeyword.groovy:81)
	at com.kms.katalon.core.keyword.builtin.CallTestCaseKeyword.execute(CallTestCaseKeyword.groovy:44)
	at com.kms.katalon.core.keyword.internal.KeywordExecutor.executeKeywordForPlatform(KeywordExecutor.groovy:74)
	at com.kms.katalon.core.keyword.BuiltinKeywords.callTestCase(BuiltinKeywords.groovy:334)
	at 1.5.9 Crear Viáticos.run(1.5.9 Crear Viáticos:63)
	at com.kms.katalon.core.main.ScriptEngine.run(ScriptEngine.java:194)
	at com.kms.katalon.core.main.ScriptEngine.runScriptAsRawText(ScriptEngine.java:119)
	at com.kms.katalon.core.main.TestCaseExecutor.runScript(TestCaseExecutor.java:445)
	at com.kms.katalon.core.main.TestCaseExecutor.doExecute(TestCaseExecutor.java:436)
	at com.kms.katalon.core.main.TestCaseExecutor.processExecutionPhase(TestCaseExecutor.java:415)
	at com.kms.katalon.core.main.TestCaseExecutor.accessMainPhase(TestCaseExecutor.java:407)
	at com.kms.katalon.core.main.TestCaseExecutor.execute(TestCaseExecutor.java:284)
	at com.kms.katalon.core.common.CommonExecutor.accessTestCaseMainPhase(CommonExecutor.java:65)
	at com.kms.katalon.core.main.TestSuiteExecutor.accessTestSuiteMainPhase(TestSuiteExecutor.java:144)
	at com.kms.katalon.core.main.TestSuiteExecutor.execute(TestSuiteExecutor.java:106)
	at com.kms.katalon.core.main.TestCaseMain.startTestSuite(TestCaseMain.java:185)
	at com.kms.katalon.core.main.TestCaseMain$startTestSuite$0.call(Unknown Source)
	at TempTestSuite1651245283467.run(TempTestSuite1651245283467.groovy:36)
Caused by: com.kms.katalon.core.exception.StepFailedException: Unable to click on object 'Object Repository/1-OBJECTS TAREAS PRINCIPALES/Modulo Actos Administrativos/Modulo Viáticos/Eliminar Viàticos/a_Registro'
	at com.kms.katalon.core.webui.keyword.internal.WebUIKeywordMain.stepFailed(WebUIKeywordMain.groovy:64)
	at com.kms.katalon.core.webui.keyword.internal.WebUIKeywordMain.runKeyword(WebUIKeywordMain.groovy:26)
	at com.kms.katalon.core.webui.keyword.builtin.ClickKeyword.click(ClickKeyword.groovy:74)
	at com.kms.katalon.core.webui.keyword.builtin.ClickKeyword.execute(ClickKeyword.groovy:40)
	at com.kms.katalon.core.keyword.internal.KeywordExecutor.executeKeywordForPlatform(KeywordExecutor.groovy:74)
	at com.kms.katalon.core.webui.keyword.WebUiBuiltInKeywords.click(WebUiBuiltInKeywords.groovy:620)
	at com.kms.katalon.core.webui.keyword.WebUiBuiltInKeywords$click$5.call(Unknown Source)
	at 1.7.3 Eliminar Viàtico.run(1.7.3 Eliminar Viàtico:250)
	at com.kms.katalon.core.main.ScriptEngine.run(ScriptEngine.java:194)
	at com.kms.katalon.core.main.ScriptEngine.runScriptAsRawText(ScriptEngine.java:119)
	at com.kms.katalon.core.main.TestCaseExecutor.runScript(TestCaseExecutor.java:445)
	at com.kms.katalon.core.main.TestCaseExecutor.doExecute(TestCaseExecutor.java:436)
	at com.kms.katalon.core.main.TestCaseExecutor.processExecutionPhase(TestCaseExecutor.java:415)
	at com.kms.katalon.core.main.TestCaseExecutor.accessMainPhase(TestCaseExecutor.java:407)
	at com.kms.katalon.core.main.TestCaseExecutor.execute(TestCaseExecutor.java:284)
	at com.kms.katalon.core.main.TestCaseMain.runTestCase(TestCaseMain.java:142)
	at com.kms.katalon.core.keyword.builtin.CallTestCaseKeyword$_callTestCase_closure1.doCall(CallTestCaseKeyword.groovy:59)
	... 20 more
Caused by: org.openqa.selenium.ElementClickInterceptedException: element click intercepted: Element <a id="form_detalleviaticosMenu:j_idt115:j_idt117:j_idt1805" href="#" class="ui-commandlink ui-widget" onclick="PrimeFaces.ab({s:&quot;form_detalleviaticosMenu:j_idt115:j_idt117:j_idt1805&quot;,f:&quot;form_detalleviaticosMenu&quot;,u:&quot;areaAplicacion&quot;,onco:function(xhr,status,args,data){;}});return false;" style="display: inline-block;">...</a> is not clickable at point (109, 116). Other element would receive the click: <div id="popupInfoDialog:j_idt1748_modal" class="ui-widget-overlay ui-dialog-mask" style="z-index: 1056;"></div>
  (Session info: chrome=100.0.4896.127)
Build info: version: '3.141.59', revision: 'e82be7d358', time: '2018-11-14T08:25:53'
System info: host: 'US-AF-000371', ip: '192.168.56.1', os.name: 'Windows 10', os.arch: 'amd64', os.version: '10.0', java.version: '1.8.0_282'
Driver info: com.kms.katalon.selenium.driver.CChromeDriver
Capabilities {acceptInsecureCerts: false, browserName: chrome, browserVersion: 100.0.4896.127, chrome: {chromedriverVersion: 100.0.4896.60 (6a5d10861ce8..., userDataDir: C:\Users\DIEGO~1.ROJ\AppDat...}, goog:chromeOptions: {debuggerAddress: localhost:54352}, javascriptEnabled: true, networkConnectionEnabled: false, pageLoadStrategy: normal, platform: WINDOWS, platformName: WINDOWS, proxy: Proxy(), setWindowRect: true, strictFileInteractability: false, timeouts: {implicit: 0, pageLoad: 300000, script: 30000}, unhandledPromptBehavior: dismiss and notify, webauthn:extension:credBlob: true, webauthn:extension:largeBlob: true, webauthn:virtualAuthenticators: true}
Session ID: 4bbc836084ccd1714197dd845b2695c9
	at org.openqa.selenium.remote.http.W3CHttpResponseCodec.createException(W3CHttpResponseCodec.java:187)
	at org.openqa.selenium.remote.http.W3CHttpResponseCodec.decode(W3CHttpResponseCodec.java:122)
	at org.openqa.selenium.remote.http.W3CHttpResponseCodec.decode(W3CHttpResponseCodec.java:49)
	at org.openqa.selenium.remote.HttpCommandExecutor.execute(HttpCommandExecutor.java:158)
	at org.openqa.selenium.remote.service.DriverCommandExecutor.execute(DriverCommandExecutor.java:83)
	at org.openqa.selenium.remote.RemoteWebDriver.execute(RemoteWebDriver.java:552)
	at com.kms.katalon.selenium.driver.CChromeDriver.execute(CChromeDriver.java:19)
	at org.openqa.selenium.remote.RemoteWebElement.execute(RemoteWebElement.java:285)
	at org.openqa.selenium.remote.RemoteWebElement.click(RemoteWebElement.java:84)
	at org.openqa.selenium.support.events.EventFiringWebDriver$EventFiringWebElement.lambda$new$0(EventFiringWebDriver.java:404)
	at com.sun.proxy.$Proxy11.click(Unknown Source)
	at org.openqa.selenium.support.events.EventFiringWebDriver$EventFiringWebElement.click(EventFiringWebDriver.java:417)
	at org.openqa.selenium.WebElement$click$0.call(Unknown Source)
	at com.kms.katalon.core.webui.keyword.builtin.ClickKeyword.clickUntilSuccessWithTimeout(ClickKeyword.groovy:81)
	at com.kms.katalon.core.webui.keyword.builtin.ClickKeyword.clickUntilSuccessWithTimeout(ClickKeyword.groovy)
	at com.kms.katalon.core.webui.keyword.builtin.ClickKeyword$_click_closure1.doCall(ClickKeyword.groovy:67)
	at com.kms.katalon.core.webui.keyword.builtin.ClickKeyword$_click_closure1.call(ClickKeyword.groovy)
	at com.kms.katalon.core.webui.keyword.internal.WebUIKeywordMain.runKeyword(WebUIKeywordMain.groovy:20)
	... 35 more]]></system-err>
      </testcase>
      <testcase name="Test Cases/1.1-Tareas Principales/1.6.1 Costos de Viáticos" time="32.552" classname="Test Cases/1.1-Tareas Principales/1.6.1 Costos de Viáticos" status="PASSED">
         <system-out><![CDATA[2022-04-29 10:45:35 - [TEST_CASE][PASSED] - Test Cases/1.1-Tareas Principales/1.6.1 Costos de Viáticos: Test Cases/1.1-Tareas Principales/1.6.1 Costos de Viáticos

2022-04-29 10:45:35 - [TEST_STEP][PASSED] - callTestCase(findTestCase("0.1-Login"), [:], STOP_ON_FAILURE): Call Test Case 'Test Cases/0.1-Login' successfully

2022-04-29 10:45:35 - [TEST_CASE][PASSED] - Test Cases/0.1-Login: Test Cases/0.1-Login

2022-04-29 10:45:35 - [TEST_STEP][PASSED] - openBrowser(""): Browser is opened with url: ''

2022-04-29 10:45:35 - [MESSAGE][WARNING] - A browser is already opened. Closing browser and opening a new one

2022-04-29 10:45:36 - [MESSAGE][INFO] - Starting 'Chrome' driver

2022-04-29 10:45:36 - [MESSAGE][INFO] - Action delay is set to 0 milliseconds

2022-04-29 10:45:38 - [MESSAGE][PASSED] - Browser is opened with url: ''

2022-04-29 10:45:38 - [TEST_STEP][PASSED] - maximizeWindow(): Current window maximized

2022-04-29 10:45:38 - [MESSAGE][PASSED] - Current window maximized

2022-04-29 10:45:38 - [TEST_STEP][PASSED] - i = G_Login: null

2022-04-29 10:45:38 - [TEST_STEP][PASSED] - url = new java.net.URL(i): null

2022-04-29 10:45:38 - [TEST_STEP][PASSED] - println("URL: " + url.toString()): null

2022-04-29 10:45:38 - [TEST_STEP][PASSED] - connection = url.openConnection(): null

2022-04-29 10:45:38 - [TEST_STEP][PASSED] - connection.setRequestMethod("GET"): null

2022-04-29 10:45:38 - [TEST_STEP][PASSED] - connection.setReadTimeout(2 * 1000): null

2022-04-29 10:45:38 - [TEST_STEP][PASSED] - try: null

2022-04-29 10:45:38 - [TEST_STEP][PASSED] - connection.connect(): null

2022-04-29 10:45:38 - [TEST_STEP][PASSED] - flag = connected: null

2022-04-29 10:45:38 - [TEST_STEP][PASSED] - println("Valor_ori: " + flag): null

2022-04-29 10:45:38 - [TEST_STEP][PASSED] - if (flag): null

2022-04-29 10:45:38 - [TEST_STEP][PASSED] - navigateToUrl(i): Navigate to 'http://192.168.2.19:8380/saraweb' successfully

2022-04-29 10:45:38 - [MESSAGE][PASSED] - Navigate to 'http://192.168.2.19:8380/saraweb' successfully

2022-04-29 10:45:38 - [TEST_STEP][PASSED] - a(): null

2022-04-29 10:45:38 - [TEST_STEP][PASSED] - setText(findTestObject("3-OBJECTS UTILIDADES/Login/input_USUARIO_loginusuario"), G_Usuario): Text 'saraadmin' is set on object 'Object Repository/3-OBJECTS UTILIDADES/Login/input_USUARIO_loginusuario'

2022-04-29 10:45:39 - [MESSAGE][PASSED] - Text 'saraadmin' is set on object 'Object Repository/3-OBJECTS UTILIDADES/Login/input_USUARIO_loginusuario'

2022-04-29 10:45:39 - [TEST_STEP][PASSED] - setEncryptedText(findTestObject("3-OBJECTS UTILIDADES/Login/input_CLAVE_loginpassword"), "MkG4/TYiCFC3cb2driP7+Q=="): Text ****** has been set on object 'Object Repository/3-OBJECTS UTILIDADES/Login/input_CLAVE_loginpassword'

2022-04-29 10:45:40 - [MESSAGE][PASSED] - Text ****** has been set on object 'Object Repository/3-OBJECTS UTILIDADES/Login/input_CLAVE_loginpassword'

2022-04-29 10:45:40 - [TEST_STEP][PASSED] - waitForElementClickable(findTestObject("3-OBJECTS UTILIDADES/Login/a_Ingresar"), G_TimeOut): Object 'Object Repository/3-OBJECTS UTILIDADES/Login/a_Ingresar' is clickable

2022-04-29 10:45:40 - [MESSAGE][PASSED] - Object 'Object Repository/3-OBJECTS UTILIDADES/Login/a_Ingresar' is clickable

2022-04-29 10:45:40 - [TEST_STEP][PASSED] - click(findTestObject("3-OBJECTS UTILIDADES/Login/a_Ingresar")): Object: 'Object Repository/3-OBJECTS UTILIDADES/Login/a_Ingresar' is clicked on

2022-04-29 10:45:41 - [MESSAGE][PASSED] - Object: 'Object Repository/3-OBJECTS UTILIDADES/Login/a_Ingresar' is clicked on

2022-04-29 10:45:41 - [TEST_STEP][PASSED] - element = findWebElement(findTestObject("3-OBJECTS UTILIDADES/Login/a_Ir"), 30): null

2022-04-29 10:45:42 - [TEST_STEP][PASSED] - executeJavaScript("arguments[0].click()", Arrays.asList(element)): Execute JavaScript 'arguments[0].click()' successfully

2022-04-29 10:45:42 - [MESSAGE][PASSED] - Execute JavaScript 'arguments[0].click()' successfully

2022-04-29 10:45:42 - [MESSAGE][PASSED] - Call Test Case 'Test Cases/0.1-Login' successfully

2022-04-29 10:45:42 - [TEST_STEP][PASSED] - waitForElementClickable(findTestObject("1-OBJECTS TAREAS PRINCIPALES/Modulo Actos Administrativos/Modulo Viáticos/Costos de Viáticos/input_ADMINISTRADOR DEL SISTEMA - SARA_form_templatej_idt24_input"), 0): Object 'Object Repository/1-OBJECTS TAREAS PRINCIPALES/Modulo Actos Administrativos/Modulo Viáticos/Costos de Viáticos/input_ADMINISTRADOR DEL SISTEMA - SARA_form_templatej_idt24_input' is clickable

2022-04-29 10:45:42 - [MESSAGE][WARNING] - Timeout '0' is invalid. Using default page load timeout: '45'

2022-04-29 10:45:43 - [MESSAGE][PASSED] - Object 'Object Repository/1-OBJECTS TAREAS PRINCIPALES/Modulo Actos Administrativos/Modulo Viáticos/Costos de Viáticos/input_ADMINISTRADOR DEL SISTEMA - SARA_form_templatej_idt24_input' is clickable

2022-04-29 10:45:43 - [TEST_STEP][PASSED] - setText(findTestObject("1-OBJECTS TAREAS PRINCIPALES/Modulo Actos Administrativos/Modulo Viáticos/Costos de Viáticos/input_ADMINISTRADOR DEL SISTEMA - SARA_form_templatej_idt24_input"), "listado de viaticos"): Text 'listado de viaticos' is set on object 'Object Repository/1-OBJECTS TAREAS PRINCIPALES/Modulo Actos Administrativos/Modulo Viáticos/Costos de Viáticos/input_ADMINISTRADOR DEL SISTEMA - SARA_form_templatej_idt24_input'

2022-04-29 10:45:43 - [MESSAGE][PASSED] - Text 'listado de viaticos' is set on object 'Object Repository/1-OBJECTS TAREAS PRINCIPALES/Modulo Actos Administrativos/Modulo Viáticos/Costos de Viáticos/input_ADMINISTRADOR DEL SISTEMA - SARA_form_templatej_idt24_input'

2022-04-29 10:45:43 - [TEST_STEP][PASSED] - waitForElementClickable(findTestObject("1-OBJECTS TAREAS PRINCIPALES/Modulo Actos Administrativos/Modulo Viáticos/Costos de Viáticos/li_Listado de Viaticos (act)"), 0): Object 'Object Repository/1-OBJECTS TAREAS PRINCIPALES/Modulo Actos Administrativos/Modulo Viáticos/Costos de Viáticos/li_Listado de Viaticos (act)' is clickable

2022-04-29 10:45:43 - [MESSAGE][WARNING] - Timeout '0' is invalid. Using default page load timeout: '45'

2022-04-29 10:45:45 - [MESSAGE][PASSED] - Object 'Object Repository/1-OBJECTS TAREAS PRINCIPALES/Modulo Actos Administrativos/Modulo Viáticos/Costos de Viáticos/li_Listado de Viaticos (act)' is clickable

2022-04-29 10:45:45 - [TEST_STEP][PASSED] - sendKeys(findTestObject("1-OBJECTS TAREAS PRINCIPALES/Modulo Actos Administrativos/Modulo Viáticos/Costos de Viáticos/input_ADMINISTRADOR DEL SISTEMA - SARA_form_templatej_idt24_input"), Keys.chord(ENTER)): Keys 'ENTER + ' sent to object: 'Object Repository/1-OBJECTS TAREAS PRINCIPALES/Modulo Actos Administrativos/Modulo Viáticos/Costos de Viáticos/input_ADMINISTRADOR DEL SISTEMA - SARA_form_templatej_idt24_input'

2022-04-29 10:45:45 - [MESSAGE][PASSED] - Keys 'ENTER + ' sent to object: 'Object Repository/1-OBJECTS TAREAS PRINCIPALES/Modulo Actos Administrativos/Modulo Viáticos/Costos de Viáticos/input_ADMINISTRADOR DEL SISTEMA - SARA_form_templatej_idt24_input'

2022-04-29 10:45:45 - [TEST_STEP][PASSED] - setText(findTestObject("1-OBJECTS TAREAS PRINCIPALES/Modulo Actos Administrativos/Modulo Viáticos/Crear viatico/input_Ao_form_listadoviaticosanio"), "2021"): Text '2021' is set on object 'Object Repository/1-OBJECTS TAREAS PRINCIPALES/Modulo Actos Administrativos/Modulo Viáticos/Crear viatico/input_Ao_form_listadoviaticosanio'

2022-04-29 10:45:48 - [MESSAGE][PASSED] - Text '2021' is set on object 'Object Repository/1-OBJECTS TAREAS PRINCIPALES/Modulo Actos Administrativos/Modulo Viáticos/Crear viatico/input_Ao_form_listadoviaticosanio'

2022-04-29 10:45:48 - [TEST_STEP][PASSED] - sendKeys(findTestObject("1-OBJECTS TAREAS PRINCIPALES/Modulo Actos Administrativos/Modulo Viáticos/Crear viatico/input_Ao_form_listadoviaticosanio"), Keys.chord(ENTER)): Keys 'ENTER + ' sent to object: 'Object Repository/1-OBJECTS TAREAS PRINCIPALES/Modulo Actos Administrativos/Modulo Viáticos/Crear viatico/input_Ao_form_listadoviaticosanio'

2022-04-29 10:45:48 - [MESSAGE][PASSED] - Keys 'ENTER + ' sent to object: 'Object Repository/1-OBJECTS TAREAS PRINCIPALES/Modulo Actos Administrativos/Modulo Viáticos/Crear viatico/input_Ao_form_listadoviaticosanio'

2022-04-29 10:45:48 - [TEST_STEP][PASSED] - selectOptionByIndex(findTestObject("1-OBJECTS TAREAS PRINCIPALES/Modulo Actos Administrativos/Modulo Viáticos/Costos de Viáticos/select_--Seleccione--Estado"), 2): All options with index in [2] are selected on object 'Object Repository/1-OBJECTS TAREAS PRINCIPALES/Modulo Actos Administrativos/Modulo Viáticos/Costos de Viáticos/select_--Seleccione--Estado'

2022-04-29 10:45:49 - [MESSAGE][PASSED] - All options with index in [2] are selected on object 'Object Repository/1-OBJECTS TAREAS PRINCIPALES/Modulo Actos Administrativos/Modulo Viáticos/Costos de Viáticos/select_--Seleccione--Estado'

2022-04-29 10:45:49 - [TEST_STEP][PASSED] - if (waitForElementClickable(findTestObject("1-OBJECTS TAREAS PRINCIPALES/Modulo Actos Administrativos/Modulo Viáticos/Complementario de Viáticos/span_5"), 2)): null

2022-04-29 10:45:50 - [MESSAGE][PASSED] - Object 'Object Repository/1-OBJECTS TAREAS PRINCIPALES/Modulo Actos Administrativos/Modulo Viáticos/Complementario de Viáticos/span_5' is clickable

2022-04-29 10:45:50 - [TEST_STEP][PASSED] - click(findTestObject("1-OBJECTS TAREAS PRINCIPALES/Modulo Actos Administrativos/Modulo Viáticos/Complementario de Viáticos/span_5")): Object: 'Object Repository/1-OBJECTS TAREAS PRINCIPALES/Modulo Actos Administrativos/Modulo Viáticos/Complementario de Viáticos/span_5' is clicked on

2022-04-29 10:45:50 - [MESSAGE][PASSED] - Object: 'Object Repository/1-OBJECTS TAREAS PRINCIPALES/Modulo Actos Administrativos/Modulo Viáticos/Complementario de Viáticos/span_5' is clicked on

2022-04-29 10:45:50 - [TEST_STEP][PASSED] - waitForElementClickable(findTestObject("1-OBJECTS TAREAS PRINCIPALES/Modulo Actos Administrativos/Modulo Viáticos/Costos de Viáticos/a_Costos"), 0): Object 'Object Repository/1-OBJECTS TAREAS PRINCIPALES/Modulo Actos Administrativos/Modulo Viáticos/Costos de Viáticos/a_Costos' is clickable

2022-04-29 10:45:50 - [MESSAGE][WARNING] - Timeout '0' is invalid. Using default page load timeout: '45'

2022-04-29 10:45:51 - [MESSAGE][PASSED] - Object 'Object Repository/1-OBJECTS TAREAS PRINCIPALES/Modulo Actos Administrativos/Modulo Viáticos/Costos de Viáticos/a_Costos' is clickable

2022-04-29 10:45:51 - [TEST_STEP][PASSED] - click(findTestObject("1-OBJECTS TAREAS PRINCIPALES/Modulo Actos Administrativos/Modulo Viáticos/Costos de Viáticos/a_Costos")): Object: 'Object Repository/1-OBJECTS TAREAS PRINCIPALES/Modulo Actos Administrativos/Modulo Viáticos/Costos de Viáticos/a_Costos' is clicked on

2022-04-29 10:45:52 - [MESSAGE][PASSED] - Object: 'Object Repository/1-OBJECTS TAREAS PRINCIPALES/Modulo Actos Administrativos/Modulo Viáticos/Costos de Viáticos/a_Costos' is clicked on

2022-04-29 10:45:52 - [TEST_STEP][PASSED] - sendKeys(findTestObject("1-OBJECTS TAREAS PRINCIPALES/Modulo Actos Administrativos/Modulo Viáticos/Costos de Viáticos/a_Costos"), Keys.chord(DOWN, DOWN, DOWN, DOWN, DOWN, DOWN, DOWN)): Keys 'DOWN + DOWN + DOWN + DOWN + DOWN + DOWN + DOWN + ' sent to object: 'Object Repository/1-OBJECTS TAREAS PRINCIPALES/Modulo Actos Administrativos/Modulo Viáticos/Costos de Viáticos/a_Costos'

2022-04-29 10:45:52 - [MESSAGE][PASSED] - Keys 'DOWN + DOWN + DOWN + DOWN + DOWN + DOWN + DOWN + ' sent to object: 'Object Repository/1-OBJECTS TAREAS PRINCIPALES/Modulo Actos Administrativos/Modulo Viáticos/Costos de Viáticos/a_Costos'

2022-04-29 10:45:52 - [TEST_STEP][PASSED] - if (waitForElementClickable(findTestObject("1-OBJECTS TAREAS PRINCIPALES/Modulo Actos Administrativos/Modulo Viáticos/Costos de Viáticos/td_QUINTERO 5 EMPLEADO"), 2)): Web element with id: 'Object Repository/1-OBJECTS TAREAS PRINCIPALES/Modulo Actos Administrativos/Modulo Viáticos/Costos de Viáticos/td_QUINTERO 5 EMPLEADO' located by '//div[2]/div/div/table/tbody/tr/td[2]' not found

2022-04-29 10:45:55 - [MESSAGE][INFO] - Unable to find the element located by 'By.xpath: //div[2]/div/div/table/tbody/tr/td[2]'. Please recheck the objects properties to make sure the desired element is located. 

2022-04-29 10:45:55 - [MESSAGE][WARNING] - Web element with id: 'Object Repository/1-OBJECTS TAREAS PRINCIPALES/Modulo Actos Administrativos/Modulo Viáticos/Costos de Viáticos/td_QUINTERO 5 EMPLEADO' located by '//div[2]/div/div/table/tbody/tr/td[2]' not found

2022-04-29 10:45:55 - [TEST_STEP][PASSED] - waitForElementClickable(findTestObject("1-OBJECTS TAREAS PRINCIPALES/Modulo Actos Administrativos/Modulo Viáticos/Costos de Viáticos/a_Nuevo1_costo"), 0): Object 'Object Repository/1-OBJECTS TAREAS PRINCIPALES/Modulo Actos Administrativos/Modulo Viáticos/Costos de Viáticos/a_Nuevo1_costo' is clickable

2022-04-29 10:45:55 - [MESSAGE][WARNING] - Timeout '0' is invalid. Using default page load timeout: '45'

2022-04-29 10:45:56 - [MESSAGE][PASSED] - Object 'Object Repository/1-OBJECTS TAREAS PRINCIPALES/Modulo Actos Administrativos/Modulo Viáticos/Costos de Viáticos/a_Nuevo1_costo' is clickable

2022-04-29 10:45:56 - [TEST_STEP][PASSED] - click(findTestObject("1-OBJECTS TAREAS PRINCIPALES/Modulo Actos Administrativos/Modulo Viáticos/Costos de Viáticos/a_Nuevo1_costo")): Object: 'Object Repository/1-OBJECTS TAREAS PRINCIPALES/Modulo Actos Administrativos/Modulo Viáticos/Costos de Viáticos/a_Nuevo1_costo' is clicked on

2022-04-29 10:45:56 - [MESSAGE][PASSED] - Object: 'Object Repository/1-OBJECTS TAREAS PRINCIPALES/Modulo Actos Administrativos/Modulo Viáticos/Costos de Viáticos/a_Nuevo1_costo' is clicked on

2022-04-29 10:45:56 - [TEST_STEP][PASSED] - waitForElementClickable(findTestObject("1-OBJECTS TAREAS PRINCIPALES/Modulo Actos Administrativos/Modulo Viáticos/Costos de Viáticos/a_Funcionario_form_popupComplementarioViaticoj_idt332"), 0): Object 'Object Repository/1-OBJECTS TAREAS PRINCIPALES/Modulo Actos Administrativos/Modulo Viáticos/Costos de Viáticos/a_Funcionario_form_popupComplementarioViaticoj_idt332' is clickable

2022-04-29 10:45:56 - [MESSAGE][WARNING] - Timeout '0' is invalid. Using default page load timeout: '45'

2022-04-29 10:45:57 - [MESSAGE][PASSED] - Object 'Object Repository/1-OBJECTS TAREAS PRINCIPALES/Modulo Actos Administrativos/Modulo Viáticos/Costos de Viáticos/a_Funcionario_form_popupComplementarioViaticoj_idt332' is clickable

2022-04-29 10:45:57 - [TEST_STEP][PASSED] - click(findTestObject("1-OBJECTS TAREAS PRINCIPALES/Modulo Actos Administrativos/Modulo Viáticos/Costos de Viáticos/a_Funcionario_form_popupComplementarioViaticoj_idt332")): Object: 'Object Repository/1-OBJECTS TAREAS PRINCIPALES/Modulo Actos Administrativos/Modulo Viáticos/Costos de Viáticos/a_Funcionario_form_popupComplementarioViaticoj_idt332' is clicked on

2022-04-29 10:45:57 - [MESSAGE][PASSED] - Object: 'Object Repository/1-OBJECTS TAREAS PRINCIPALES/Modulo Actos Administrativos/Modulo Viáticos/Costos de Viáticos/a_Funcionario_form_popupComplementarioViaticoj_idt332' is clicked on

2022-04-29 10:45:57 - [TEST_STEP][PASSED] - waitForElementClickable(findTestObject("1-OBJECTS TAREAS PRINCIPALES/Modulo Actos Administrativos/Modulo Viáticos/Costos de Viáticos/td_QUINTERO 5 EMPLEADO"), 0): Object 'Object Repository/1-OBJECTS TAREAS PRINCIPALES/Modulo Actos Administrativos/Modulo Viáticos/Costos de Viáticos/td_QUINTERO 5 EMPLEADO' is clickable

2022-04-29 10:45:57 - [MESSAGE][WARNING] - Timeout '0' is invalid. Using default page load timeout: '45'

2022-04-29 10:45:58 - [MESSAGE][PASSED] - Object 'Object Repository/1-OBJECTS TAREAS PRINCIPALES/Modulo Actos Administrativos/Modulo Viáticos/Costos de Viáticos/td_QUINTERO 5 EMPLEADO' is clickable

2022-04-29 10:45:58 - [TEST_STEP][PASSED] - click(findTestObject("1-OBJECTS TAREAS PRINCIPALES/Modulo Actos Administrativos/Modulo Viáticos/Costos de Viáticos/td_QUINTERO 5 EMPLEADO")): Object: 'Object Repository/1-OBJECTS TAREAS PRINCIPALES/Modulo Actos Administrativos/Modulo Viáticos/Costos de Viáticos/td_QUINTERO 5 EMPLEADO' is clicked on

2022-04-29 10:45:58 - [MESSAGE][PASSED] - Object: 'Object Repository/1-OBJECTS TAREAS PRINCIPALES/Modulo Actos Administrativos/Modulo Viáticos/Costos de Viáticos/td_QUINTERO 5 EMPLEADO' is clicked on

2022-04-29 10:45:58 - [TEST_STEP][PASSED] - waitForElementVisible(findTestObject("1-OBJECTS TAREAS PRINCIPALES/Modulo Actos Administrativos/Modulo Viáticos/Complementario de Viáticos/select_--- Seleccione Tipo Costo --Viatico prueba--complementario"), 0): Object 'Object Repository/1-OBJECTS TAREAS PRINCIPALES/Modulo Actos Administrativos/Modulo Viáticos/Complementario de Viáticos/select_--- Seleccione Tipo Costo --Viatico prueba--complementario' is visible

2022-04-29 10:45:58 - [MESSAGE][WARNING] - Timeout '0' is invalid. Using default page load timeout: '45'

2022-04-29 10:45:59 - [MESSAGE][PASSED] - Object 'Object Repository/1-OBJECTS TAREAS PRINCIPALES/Modulo Actos Administrativos/Modulo Viáticos/Complementario de Viáticos/select_--- Seleccione Tipo Costo --Viatico prueba--complementario' is visible

2022-04-29 10:45:59 - [TEST_STEP][PASSED] - selectOptionByIndex(findTestObject("1-OBJECTS TAREAS PRINCIPALES/Modulo Actos Administrativos/Modulo Viáticos/Complementario de Viáticos/select_--- Seleccione Tipo Costo --Viatico prueba--complementario"), "2"): All options with index in [2] are selected on object 'Object Repository/1-OBJECTS TAREAS PRINCIPALES/Modulo Actos Administrativos/Modulo Viáticos/Complementario de Viáticos/select_--- Seleccione Tipo Costo --Viatico prueba--complementario'

2022-04-29 10:46:00 - [MESSAGE][PASSED] - All options with index in [2] are selected on object 'Object Repository/1-OBJECTS TAREAS PRINCIPALES/Modulo Actos Administrativos/Modulo Viáticos/Complementario de Viáticos/select_--- Seleccione Tipo Costo --Viatico prueba--complementario'

2022-04-29 10:46:00 - [TEST_STEP][PASSED] - setText(findTestObject("1-OBJECTS TAREAS PRINCIPALES/Modulo Actos Administrativos/Modulo Viáticos/Costos de Viáticos/input_Valor Pagado UD_form_popupcostoviaticosvalorPagadoUD"), "1500000"): Text '1500000' is set on object 'Object Repository/1-OBJECTS TAREAS PRINCIPALES/Modulo Actos Administrativos/Modulo Viáticos/Costos de Viáticos/input_Valor Pagado UD_form_popupcostoviaticosvalorPagadoUD'

2022-04-29 10:46:01 - [MESSAGE][PASSED] - Text '1500000' is set on object 'Object Repository/1-OBJECTS TAREAS PRINCIPALES/Modulo Actos Administrativos/Modulo Viáticos/Costos de Viáticos/input_Valor Pagado UD_form_popupcostoviaticosvalorPagadoUD'

2022-04-29 10:46:01 - [TEST_STEP][PASSED] - setText(findTestObject("1-OBJECTS TAREAS PRINCIPALES/Modulo Actos Administrativos/Modulo Viáticos/Costos de Viáticos/input_Excedente_form_popupcostoviaticosvalorExcedente"), "10000"): Text '10000' is set on object 'Object Repository/1-OBJECTS TAREAS PRINCIPALES/Modulo Actos Administrativos/Modulo Viáticos/Costos de Viáticos/input_Excedente_form_popupcostoviaticosvalorExcedente'

2022-04-29 10:46:02 - [MESSAGE][PASSED] - Text '10000' is set on object 'Object Repository/1-OBJECTS TAREAS PRINCIPALES/Modulo Actos Administrativos/Modulo Viáticos/Costos de Viáticos/input_Excedente_form_popupcostoviaticosvalorExcedente'

2022-04-29 10:46:02 - [TEST_STEP][PASSED] - setText(findTestObject("1-OBJECTS TAREAS PRINCIPALES/Modulo Actos Administrativos/Modulo Viáticos/Costos de Viáticos/input_Factura_form_popupcostoviaticosfactura"), "5"): Text '5' is set on object 'Object Repository/1-OBJECTS TAREAS PRINCIPALES/Modulo Actos Administrativos/Modulo Viáticos/Costos de Viáticos/input_Factura_form_popupcostoviaticosfactura'

2022-04-29 10:46:02 - [MESSAGE][PASSED] - Text '5' is set on object 'Object Repository/1-OBJECTS TAREAS PRINCIPALES/Modulo Actos Administrativos/Modulo Viáticos/Costos de Viáticos/input_Factura_form_popupcostoviaticosfactura'

2022-04-29 10:46:02 - [TEST_STEP][PASSED] - setText(findTestObject("1-OBJECTS TAREAS PRINCIPALES/Modulo Actos Administrativos/Modulo Viáticos/Costos de Viáticos/input_Factura_form_popupcostoviaticosfechafactura_input"), "01/07/2021"): Text '01/07/2021' is set on object 'Object Repository/1-OBJECTS TAREAS PRINCIPALES/Modulo Actos Administrativos/Modulo Viáticos/Costos de Viáticos/input_Factura_form_popupcostoviaticosfechafactura_input'

2022-04-29 10:46:03 - [MESSAGE][PASSED] - Text '01/07/2021' is set on object 'Object Repository/1-OBJECTS TAREAS PRINCIPALES/Modulo Actos Administrativos/Modulo Viáticos/Costos de Viáticos/input_Factura_form_popupcostoviaticosfechafactura_input'

2022-04-29 10:46:03 - [TEST_STEP][PASSED] - sendKeys(findTestObject("1-OBJECTS TAREAS PRINCIPALES/Modulo Actos Administrativos/Modulo Viáticos/Costos de Viáticos/input_Factura_form_popupcostoviaticosfechafactura_input"), Keys.chord(ESCAPE)): Keys 'ESCAPE + ' sent to object: 'Object Repository/1-OBJECTS TAREAS PRINCIPALES/Modulo Actos Administrativos/Modulo Viáticos/Costos de Viáticos/input_Factura_form_popupcostoviaticosfechafactura_input'

2022-04-29 10:46:04 - [MESSAGE][PASSED] - Keys 'ESCAPE + ' sent to object: 'Object Repository/1-OBJECTS TAREAS PRINCIPALES/Modulo Actos Administrativos/Modulo Viáticos/Costos de Viáticos/input_Factura_form_popupcostoviaticosfechafactura_input'

2022-04-29 10:46:04 - [TEST_STEP][PASSED] - if (waitForElementVisible(findTestObject("1-OBJECTS TAREAS PRINCIPALES/Modulo Actos Administrativos/Modulo Viáticos/Costos de Viáticos/input_viatico_form_popupcostoviaticosdestino"), 1)): null

2022-04-29 10:46:04 - [MESSAGE][PASSED] - Object 'Object Repository/1-OBJECTS TAREAS PRINCIPALES/Modulo Actos Administrativos/Modulo Viáticos/Costos de Viáticos/input_viatico_form_popupcostoviaticosdestino' is visible

2022-04-29 10:46:04 - [TEST_STEP][PASSED] - setText(findTestObject("1-OBJECTS TAREAS PRINCIPALES/Modulo Actos Administrativos/Modulo Viáticos/Costos de Viáticos/input_viatico_form_popupcostoviaticosdestino"), "1"): Text '1' is set on object 'Object Repository/1-OBJECTS TAREAS PRINCIPALES/Modulo Actos Administrativos/Modulo Viáticos/Costos de Viáticos/input_viatico_form_popupcostoviaticosdestino'

2022-04-29 10:46:05 - [MESSAGE][PASSED] - Text '1' is set on object 'Object Repository/1-OBJECTS TAREAS PRINCIPALES/Modulo Actos Administrativos/Modulo Viáticos/Costos de Viáticos/input_viatico_form_popupcostoviaticosdestino'

2022-04-29 10:46:05 - [TEST_STEP][PASSED] - click(findTestObject("1-OBJECTS TAREAS PRINCIPALES/Modulo Actos Administrativos/Modulo Viáticos/Costos de Viáticos/input_viatico_form_popupcostoviaticosdestino")): Object: 'Object Repository/1-OBJECTS TAREAS PRINCIPALES/Modulo Actos Administrativos/Modulo Viáticos/Costos de Viáticos/input_viatico_form_popupcostoviaticosdestino' is clicked on

2022-04-29 10:46:05 - [MESSAGE][PASSED] - Object: 'Object Repository/1-OBJECTS TAREAS PRINCIPALES/Modulo Actos Administrativos/Modulo Viáticos/Costos de Viáticos/input_viatico_form_popupcostoviaticosdestino' is clicked on

2022-04-29 10:46:05 - [TEST_STEP][PASSED] - click(findTestObject("1-OBJECTS TAREAS PRINCIPALES/Modulo Actos Administrativos/Modulo Viáticos/Costos de Viáticos/a_Guardar_costo")): Object: 'Object Repository/1-OBJECTS TAREAS PRINCIPALES/Modulo Actos Administrativos/Modulo Viáticos/Costos de Viáticos/a_Guardar_costo' is clicked on

2022-04-29 10:46:06 - [MESSAGE][PASSED] - Object: 'Object Repository/1-OBJECTS TAREAS PRINCIPALES/Modulo Actos Administrativos/Modulo Viáticos/Costos de Viáticos/a_Guardar_costo' is clicked on

2022-04-29 10:46:06 - [TEST_STEP][PASSED] - waitForElementClickable(findTestObject("1-OBJECTS TAREAS PRINCIPALES/Modulo Actos Administrativos/Modulo Viáticos/Costos de Viáticos/p_El registro se ha insertado correctamente"), 0): Object 'Object Repository/1-OBJECTS TAREAS PRINCIPALES/Modulo Actos Administrativos/Modulo Viáticos/Costos de Viáticos/p_El registro se ha insertado correctamente' is clickable

2022-04-29 10:46:06 - [MESSAGE][WARNING] - Timeout '0' is invalid. Using default page load timeout: '45'

2022-04-29 10:46:07 - [MESSAGE][PASSED] - Object 'Object Repository/1-OBJECTS TAREAS PRINCIPALES/Modulo Actos Administrativos/Modulo Viáticos/Costos de Viáticos/p_El registro se ha insertado correctamente' is clickable

2022-04-29 10:46:07 - [TEST_STEP][PASSED] - click(findTestObject("1-OBJECTS TAREAS PRINCIPALES/Modulo Actos Administrativos/Modulo Viáticos/Costos de Viáticos/span_Cerrar_ Costo viatico")): Object: 'Object Repository/1-OBJECTS TAREAS PRINCIPALES/Modulo Actos Administrativos/Modulo Viáticos/Costos de Viáticos/span_Cerrar_ Costo viatico' is clicked on

2022-04-29 10:46:07 - [MESSAGE][PASSED] - Object: 'Object Repository/1-OBJECTS TAREAS PRINCIPALES/Modulo Actos Administrativos/Modulo Viáticos/Costos de Viáticos/span_Cerrar_ Costo viatico' is clicked on

2022-04-29 10:46:07 - [TEST_STEP][PASSED] - Result = getText(findTestObject("3-OBJECTS UTILIDADES/Alerta/Alerta")): Text of object 'Object Repository/3-OBJECTS UTILIDADES/Alerta/Alerta' is: 'El registro se ha insertado correctamente'

2022-04-29 10:46:08 - [MESSAGE][PASSED] - Text of object 'Object Repository/3-OBJECTS UTILIDADES/Alerta/Alerta' is: 'El registro se ha insertado correctamente'

2022-04-29 10:46:08 - [TEST_STEP][PASSED] - if (Result == "El registro se ha insertado correctamente"): null

2022-04-29 10:46:08 - [TEST_STEP][PASSED] - Resultado = "PRUEBA OK": null]]></system-out>
         <system-err><![CDATA[]]></system-err>
      </testcase>
      <testcase name="Test Cases/1.1-Tareas Principales/1.6.2 Complementario de Viáticos" time="35.034" classname="Test Cases/1.1-Tareas Principales/1.6.2 Complementario de Viáticos" status="PASSED">
         <system-out><![CDATA[2022-04-29 10:46:08 - [TEST_CASE][PASSED] - Test Cases/1.1-Tareas Principales/1.6.2 Complementario de Viáticos: Test Cases/1.1-Tareas Principales/1.6.2 Complementario de Viáticos

2022-04-29 10:46:08 - [TEST_STEP][PASSED] - callTestCase(findTestCase("0.1-Login"), [:], STOP_ON_FAILURE): Call Test Case 'Test Cases/0.1-Login' successfully

2022-04-29 10:46:08 - [TEST_CASE][PASSED] - Test Cases/0.1-Login: Test Cases/0.1-Login

2022-04-29 10:46:08 - [TEST_STEP][PASSED] - openBrowser(""): Browser is opened with url: ''

2022-04-29 10:46:08 - [MESSAGE][WARNING] - A browser is already opened. Closing browser and opening a new one

2022-04-29 10:46:09 - [MESSAGE][INFO] - Starting 'Chrome' driver

2022-04-29 10:46:09 - [MESSAGE][INFO] - Action delay is set to 0 milliseconds

2022-04-29 10:46:10 - [MESSAGE][PASSED] - Browser is opened with url: ''

2022-04-29 10:46:10 - [TEST_STEP][PASSED] - maximizeWindow(): Current window maximized

2022-04-29 10:46:10 - [MESSAGE][PASSED] - Current window maximized

2022-04-29 10:46:10 - [TEST_STEP][PASSED] - i = G_Login: null

2022-04-29 10:46:10 - [TEST_STEP][PASSED] - url = new java.net.URL(i): null

2022-04-29 10:46:10 - [TEST_STEP][PASSED] - println("URL: " + url.toString()): null

2022-04-29 10:46:10 - [TEST_STEP][PASSED] - connection = url.openConnection(): null

2022-04-29 10:46:10 - [TEST_STEP][PASSED] - connection.setRequestMethod("GET"): null

2022-04-29 10:46:10 - [TEST_STEP][PASSED] - connection.setReadTimeout(2 * 1000): null

2022-04-29 10:46:10 - [TEST_STEP][PASSED] - try: null

2022-04-29 10:46:10 - [TEST_STEP][PASSED] - connection.connect(): null

2022-04-29 10:46:10 - [TEST_STEP][PASSED] - flag = connected: null

2022-04-29 10:46:10 - [TEST_STEP][PASSED] - println("Valor_ori: " + flag): null

2022-04-29 10:46:10 - [TEST_STEP][PASSED] - if (flag): null

2022-04-29 10:46:10 - [TEST_STEP][PASSED] - navigateToUrl(i): Navigate to 'http://192.168.2.19:8380/saraweb' successfully

2022-04-29 10:46:10 - [MESSAGE][PASSED] - Navigate to 'http://192.168.2.19:8380/saraweb' successfully

2022-04-29 10:46:10 - [TEST_STEP][PASSED] - a(): null

2022-04-29 10:46:10 - [TEST_STEP][PASSED] - setText(findTestObject("3-OBJECTS UTILIDADES/Login/input_USUARIO_loginusuario"), G_Usuario): Text 'saraadmin' is set on object 'Object Repository/3-OBJECTS UTILIDADES/Login/input_USUARIO_loginusuario'

2022-04-29 10:46:11 - [MESSAGE][PASSED] - Text 'saraadmin' is set on object 'Object Repository/3-OBJECTS UTILIDADES/Login/input_USUARIO_loginusuario'

2022-04-29 10:46:11 - [TEST_STEP][PASSED] - setEncryptedText(findTestObject("3-OBJECTS UTILIDADES/Login/input_CLAVE_loginpassword"), "MkG4/TYiCFC3cb2driP7+Q=="): Text ****** has been set on object 'Object Repository/3-OBJECTS UTILIDADES/Login/input_CLAVE_loginpassword'

2022-04-29 10:46:12 - [MESSAGE][PASSED] - Text ****** has been set on object 'Object Repository/3-OBJECTS UTILIDADES/Login/input_CLAVE_loginpassword'

2022-04-29 10:46:12 - [TEST_STEP][PASSED] - waitForElementClickable(findTestObject("3-OBJECTS UTILIDADES/Login/a_Ingresar"), G_TimeOut): Object 'Object Repository/3-OBJECTS UTILIDADES/Login/a_Ingresar' is clickable

2022-04-29 10:46:12 - [MESSAGE][PASSED] - Object 'Object Repository/3-OBJECTS UTILIDADES/Login/a_Ingresar' is clickable

2022-04-29 10:46:12 - [TEST_STEP][PASSED] - click(findTestObject("3-OBJECTS UTILIDADES/Login/a_Ingresar")): Object: 'Object Repository/3-OBJECTS UTILIDADES/Login/a_Ingresar' is clicked on

2022-04-29 10:46:14 - [MESSAGE][PASSED] - Object: 'Object Repository/3-OBJECTS UTILIDADES/Login/a_Ingresar' is clicked on

2022-04-29 10:46:14 - [TEST_STEP][PASSED] - element = findWebElement(findTestObject("3-OBJECTS UTILIDADES/Login/a_Ir"), 30): null

2022-04-29 10:46:14 - [TEST_STEP][PASSED] - executeJavaScript("arguments[0].click()", Arrays.asList(element)): Execute JavaScript 'arguments[0].click()' successfully

2022-04-29 10:46:14 - [MESSAGE][PASSED] - Execute JavaScript 'arguments[0].click()' successfully

2022-04-29 10:46:14 - [MESSAGE][PASSED] - Call Test Case 'Test Cases/0.1-Login' successfully

2022-04-29 10:46:14 - [TEST_STEP][PASSED] - waitForElementVisible(findTestObject("1-OBJECTS TAREAS PRINCIPALES/Modulo Actos Administrativos/Modulo Viáticos/Complementario de Viáticos/input_ADMINISTRADOR DEL SISTEMA - SARA_form_templatej_idt24_input"), 0): Object 'Object Repository/1-OBJECTS TAREAS PRINCIPALES/Modulo Actos Administrativos/Modulo Viáticos/Complementario de Viáticos/input_ADMINISTRADOR DEL SISTEMA - SARA_form_templatej_idt24_input' is visible

2022-04-29 10:46:14 - [MESSAGE][WARNING] - Timeout '0' is invalid. Using default page load timeout: '45'

2022-04-29 10:46:15 - [MESSAGE][PASSED] - Object 'Object Repository/1-OBJECTS TAREAS PRINCIPALES/Modulo Actos Administrativos/Modulo Viáticos/Complementario de Viáticos/input_ADMINISTRADOR DEL SISTEMA - SARA_form_templatej_idt24_input' is visible

2022-04-29 10:46:15 - [TEST_STEP][PASSED] - setText(findTestObject("1-OBJECTS TAREAS PRINCIPALES/Modulo Actos Administrativos/Modulo Viáticos/Complementario de Viáticos/input_ADMINISTRADOR DEL SISTEMA - SARA_form_templatej_idt24_input"), "listado de viaticos"): Text 'listado de viaticos' is set on object 'Object Repository/1-OBJECTS TAREAS PRINCIPALES/Modulo Actos Administrativos/Modulo Viáticos/Complementario de Viáticos/input_ADMINISTRADOR DEL SISTEMA - SARA_form_templatej_idt24_input'

2022-04-29 10:46:16 - [MESSAGE][PASSED] - Text 'listado de viaticos' is set on object 'Object Repository/1-OBJECTS TAREAS PRINCIPALES/Modulo Actos Administrativos/Modulo Viáticos/Complementario de Viáticos/input_ADMINISTRADOR DEL SISTEMA - SARA_form_templatej_idt24_input'

2022-04-29 10:46:16 - [TEST_STEP][PASSED] - waitForElementClickable(findTestObject("1-OBJECTS TAREAS PRINCIPALES/Modulo Actos Administrativos/Modulo Viáticos/Complementario de Viáticos/li_Listado de Viaticos (act)"), 0): Object 'Object Repository/1-OBJECTS TAREAS PRINCIPALES/Modulo Actos Administrativos/Modulo Viáticos/Complementario de Viáticos/li_Listado de Viaticos (act)' is clickable

2022-04-29 10:46:16 - [MESSAGE][WARNING] - Timeout '0' is invalid. Using default page load timeout: '45'

2022-04-29 10:46:17 - [MESSAGE][PASSED] - Object 'Object Repository/1-OBJECTS TAREAS PRINCIPALES/Modulo Actos Administrativos/Modulo Viáticos/Complementario de Viáticos/li_Listado de Viaticos (act)' is clickable

2022-04-29 10:46:17 - [TEST_STEP][PASSED] - sendKeys(findTestObject("1-OBJECTS TAREAS PRINCIPALES/Modulo Actos Administrativos/Modulo Viáticos/Complementario de Viáticos/input_ADMINISTRADOR DEL SISTEMA - SARA_form_templatej_idt24_input"), Keys.chord(ENTER)): Keys 'ENTER + ' sent to object: 'Object Repository/1-OBJECTS TAREAS PRINCIPALES/Modulo Actos Administrativos/Modulo Viáticos/Complementario de Viáticos/input_ADMINISTRADOR DEL SISTEMA - SARA_form_templatej_idt24_input'

2022-04-29 10:46:17 - [MESSAGE][PASSED] - Keys 'ENTER + ' sent to object: 'Object Repository/1-OBJECTS TAREAS PRINCIPALES/Modulo Actos Administrativos/Modulo Viáticos/Complementario de Viáticos/input_ADMINISTRADOR DEL SISTEMA - SARA_form_templatej_idt24_input'

2022-04-29 10:46:17 - [TEST_STEP][PASSED] - setText(findTestObject("1-OBJECTS TAREAS PRINCIPALES/Modulo Actos Administrativos/Modulo Viáticos/Crear viatico/input_Ao_form_listadoviaticosanio"), "2021"): Text '2021' is set on object 'Object Repository/1-OBJECTS TAREAS PRINCIPALES/Modulo Actos Administrativos/Modulo Viáticos/Crear viatico/input_Ao_form_listadoviaticosanio'

2022-04-29 10:46:19 - [MESSAGE][PASSED] - Text '2021' is set on object 'Object Repository/1-OBJECTS TAREAS PRINCIPALES/Modulo Actos Administrativos/Modulo Viáticos/Crear viatico/input_Ao_form_listadoviaticosanio'

2022-04-29 10:46:19 - [TEST_STEP][PASSED] - sendKeys(findTestObject("1-OBJECTS TAREAS PRINCIPALES/Modulo Actos Administrativos/Modulo Viáticos/Crear viatico/input_Ao_form_listadoviaticosanio"), Keys.chord(ENTER)): Keys 'ENTER + ' sent to object: 'Object Repository/1-OBJECTS TAREAS PRINCIPALES/Modulo Actos Administrativos/Modulo Viáticos/Crear viatico/input_Ao_form_listadoviaticosanio'

2022-04-29 10:46:19 - [MESSAGE][PASSED] - Keys 'ENTER + ' sent to object: 'Object Repository/1-OBJECTS TAREAS PRINCIPALES/Modulo Actos Administrativos/Modulo Viáticos/Crear viatico/input_Ao_form_listadoviaticosanio'

2022-04-29 10:46:19 - [TEST_STEP][PASSED] - selectOptionByIndex(findTestObject("1-OBJECTS TAREAS PRINCIPALES/Modulo Actos Administrativos/Modulo Viáticos/Complementario de Viáticos/select_--Seleccione--AnuladoAutorizadaDerogadaNo AutorizadaProgramadaSolicitado"), 2): All options with index in [2] are selected on object 'Object Repository/1-OBJECTS TAREAS PRINCIPALES/Modulo Actos Administrativos/Modulo Viáticos/Complementario de Viáticos/select_--Seleccione--AnuladoAutorizadaDerogadaNo AutorizadaProgramadaSolicitado'

2022-04-29 10:46:21 - [MESSAGE][PASSED] - All options with index in [2] are selected on object 'Object Repository/1-OBJECTS TAREAS PRINCIPALES/Modulo Actos Administrativos/Modulo Viáticos/Complementario de Viáticos/select_--Seleccione--AnuladoAutorizadaDerogadaNo AutorizadaProgramadaSolicitado'

2022-04-29 10:46:21 - [TEST_STEP][PASSED] - if (waitForElementClickable(findTestObject("1-OBJECTS TAREAS PRINCIPALES/Modulo Actos Administrativos/Modulo Viáticos/Complementario de Viáticos/span_5"), 1)): null

2022-04-29 10:46:21 - [MESSAGE][PASSED] - Object 'Object Repository/1-OBJECTS TAREAS PRINCIPALES/Modulo Actos Administrativos/Modulo Viáticos/Complementario de Viáticos/span_5' is clickable

2022-04-29 10:46:21 - [TEST_STEP][PASSED] - click(findTestObject("1-OBJECTS TAREAS PRINCIPALES/Modulo Actos Administrativos/Modulo Viáticos/Complementario de Viáticos/span_5")): Object: 'Object Repository/1-OBJECTS TAREAS PRINCIPALES/Modulo Actos Administrativos/Modulo Viáticos/Complementario de Viáticos/span_5' is clicked on

2022-04-29 10:46:21 - [MESSAGE][PASSED] - Object: 'Object Repository/1-OBJECTS TAREAS PRINCIPALES/Modulo Actos Administrativos/Modulo Viáticos/Complementario de Viáticos/span_5' is clicked on

2022-04-29 10:46:21 - [TEST_STEP][PASSED] - waitForElementClickable(findTestObject("1-OBJECTS TAREAS PRINCIPALES/Modulo Actos Administrativos/Modulo Viáticos/Complementario de Viáticos/a_Complementario"), 0): Object 'Object Repository/1-OBJECTS TAREAS PRINCIPALES/Modulo Actos Administrativos/Modulo Viáticos/Complementario de Viáticos/a_Complementario' is clickable

2022-04-29 10:46:22 - [MESSAGE][WARNING] - Timeout '0' is invalid. Using default page load timeout: '45'

2022-04-29 10:46:22 - [MESSAGE][PASSED] - Object 'Object Repository/1-OBJECTS TAREAS PRINCIPALES/Modulo Actos Administrativos/Modulo Viáticos/Complementario de Viáticos/a_Complementario' is clickable

2022-04-29 10:46:22 - [TEST_STEP][PASSED] - click(findTestObject("1-OBJECTS TAREAS PRINCIPALES/Modulo Actos Administrativos/Modulo Viáticos/Complementario de Viáticos/a_Complementario")): Object: 'Object Repository/1-OBJECTS TAREAS PRINCIPALES/Modulo Actos Administrativos/Modulo Viáticos/Complementario de Viáticos/a_Complementario' is clicked on

2022-04-29 10:46:22 - [MESSAGE][PASSED] - Object: 'Object Repository/1-OBJECTS TAREAS PRINCIPALES/Modulo Actos Administrativos/Modulo Viáticos/Complementario de Viáticos/a_Complementario' is clicked on

2022-04-29 10:46:22 - [TEST_STEP][PASSED] - if (waitForElementClickable(findTestObject("1-OBJECTS TAREAS PRINCIPALES/Modulo Actos Administrativos/Modulo Viáticos/Complementario de Viáticos/span_Quintero 45 Empleado"), 1)): Web element with id: 'Object Repository/1-OBJECTS TAREAS PRINCIPALES/Modulo Actos Administrativos/Modulo Viáticos/Complementario de Viáticos/span_Quintero 45 Empleado' located by '//*/text()[normalize-space(.)='QUINTERO 45 EMPLEADO']/parent::*' not found

2022-04-29 10:46:25 - [MESSAGE][INFO] - Unable to find the element located by 'By.xpath: //*/text()[normalize-space(.)='QUINTERO 45 EMPLEADO']/parent::*'. Please recheck the objects properties to make sure the desired element is located. 

2022-04-29 10:46:25 - [MESSAGE][WARNING] - Web element with id: 'Object Repository/1-OBJECTS TAREAS PRINCIPALES/Modulo Actos Administrativos/Modulo Viáticos/Complementario de Viáticos/span_Quintero 45 Empleado' located by '//*/text()[normalize-space(.)='QUINTERO 45 EMPLEADO']/parent::*' not found

2022-04-29 10:46:25 - [TEST_STEP][PASSED] - click(findTestObject("1-OBJECTS TAREAS PRINCIPALES/Modulo Actos Administrativos/Modulo Viáticos/Complementario de Viáticos/a_Nuevo")): Object: 'Object Repository/1-OBJECTS TAREAS PRINCIPALES/Modulo Actos Administrativos/Modulo Viáticos/Complementario de Viáticos/a_Nuevo' is clicked on

2022-04-29 10:46:25 - [MESSAGE][PASSED] - Object: 'Object Repository/1-OBJECTS TAREAS PRINCIPALES/Modulo Actos Administrativos/Modulo Viáticos/Complementario de Viáticos/a_Nuevo' is clicked on

2022-04-29 10:46:25 - [TEST_STEP][PASSED] - click(findTestObject("1-OBJECTS TAREAS PRINCIPALES/Modulo Actos Administrativos/Modulo Viáticos/Complementario de Viáticos/a_Funcionario_form_popupComplementarioViaticoj_idt332")): Object: 'Object Repository/1-OBJECTS TAREAS PRINCIPALES/Modulo Actos Administrativos/Modulo Viáticos/Complementario de Viáticos/a_Funcionario_form_popupComplementarioViaticoj_idt332' is clicked on

2022-04-29 10:46:26 - [MESSAGE][PASSED] - Object: 'Object Repository/1-OBJECTS TAREAS PRINCIPALES/Modulo Actos Administrativos/Modulo Viáticos/Complementario de Viáticos/a_Funcionario_form_popupComplementarioViaticoj_idt332' is clicked on

2022-04-29 10:46:26 - [TEST_STEP][PASSED] - setText(findTestObject("1-OBJECTS TAREAS PRINCIPALES/Modulo Actos Administrativos/Modulo Viáticos/Complementario de Viáticos/input_Filtro Empleado_form_popupEmpleadoj_idt561"), "QUINTERO 45 EMPLEADO"): Text 'QUINTERO 45 EMPLEADO' is set on object 'Object Repository/1-OBJECTS TAREAS PRINCIPALES/Modulo Actos Administrativos/Modulo Viáticos/Complementario de Viáticos/input_Filtro Empleado_form_popupEmpleadoj_idt561'

2022-04-29 10:46:28 - [MESSAGE][PASSED] - Text 'QUINTERO 45 EMPLEADO' is set on object 'Object Repository/1-OBJECTS TAREAS PRINCIPALES/Modulo Actos Administrativos/Modulo Viáticos/Complementario de Viáticos/input_Filtro Empleado_form_popupEmpleadoj_idt561'

2022-04-29 10:46:28 - [TEST_STEP][PASSED] - sendKeys(findTestObject("1-OBJECTS TAREAS PRINCIPALES/Modulo Actos Administrativos/Modulo Viáticos/Complementario de Viáticos/input_Filtro Empleado_form_popupEmpleadoj_idt561"), Keys.chord(ENTER)): Keys 'ENTER + ' sent to object: 'Object Repository/1-OBJECTS TAREAS PRINCIPALES/Modulo Actos Administrativos/Modulo Viáticos/Complementario de Viáticos/input_Filtro Empleado_form_popupEmpleadoj_idt561'

2022-04-29 10:46:28 - [MESSAGE][PASSED] - Keys 'ENTER + ' sent to object: 'Object Repository/1-OBJECTS TAREAS PRINCIPALES/Modulo Actos Administrativos/Modulo Viáticos/Complementario de Viáticos/input_Filtro Empleado_form_popupEmpleadoj_idt561'

2022-04-29 10:46:28 - [TEST_STEP][PASSED] - click(findTestObject("1-OBJECTS TAREAS PRINCIPALES/Modulo Actos Administrativos/Modulo Viáticos/Complementario de Viáticos/span_Quintero 45 Empleado_Complementario")): Object: 'Object Repository/1-OBJECTS TAREAS PRINCIPALES/Modulo Actos Administrativos/Modulo Viáticos/Complementario de Viáticos/span_Quintero 45 Empleado_Complementario' is clicked on

2022-04-29 10:46:29 - [MESSAGE][PASSED] - Object: 'Object Repository/1-OBJECTS TAREAS PRINCIPALES/Modulo Actos Administrativos/Modulo Viáticos/Complementario de Viáticos/span_Quintero 45 Empleado_Complementario' is clicked on

2022-04-29 10:46:29 - [TEST_STEP][PASSED] - setText(findTestObject("1-OBJECTS TAREAS PRINCIPALES/Modulo Actos Administrativos/Modulo Viáticos/Complementario de Viáticos/input_Fecha Inicial_form_popupComplementarioViaticofechainicial_input"), "01/07/2021"): Text '01/07/2021' is set on object 'Object Repository/1-OBJECTS TAREAS PRINCIPALES/Modulo Actos Administrativos/Modulo Viáticos/Complementario de Viáticos/input_Fecha Inicial_form_popupComplementarioViaticofechainicial_input'

2022-04-29 10:46:30 - [MESSAGE][PASSED] - Text '01/07/2021' is set on object 'Object Repository/1-OBJECTS TAREAS PRINCIPALES/Modulo Actos Administrativos/Modulo Viáticos/Complementario de Viáticos/input_Fecha Inicial_form_popupComplementarioViaticofechainicial_input'

2022-04-29 10:46:30 - [TEST_STEP][PASSED] - setText(findTestObject("1-OBJECTS TAREAS PRINCIPALES/Modulo Actos Administrativos/Modulo Viáticos/Complementario de Viáticos/input_Fecha Final_form_popupComplementarioViaticofechafinal_input"), "01/11/2021"): Text '01/11/2021' is set on object 'Object Repository/1-OBJECTS TAREAS PRINCIPALES/Modulo Actos Administrativos/Modulo Viáticos/Complementario de Viáticos/input_Fecha Final_form_popupComplementarioViaticofechafinal_input'

2022-04-29 10:46:31 - [MESSAGE][PASSED] - Text '01/11/2021' is set on object 'Object Repository/1-OBJECTS TAREAS PRINCIPALES/Modulo Actos Administrativos/Modulo Viáticos/Complementario de Viáticos/input_Fecha Final_form_popupComplementarioViaticofechafinal_input'

2022-04-29 10:46:31 - [TEST_STEP][PASSED] - setText(findTestObject("1-OBJECTS TAREAS PRINCIPALES/Modulo Actos Administrativos/Modulo Viáticos/Complementario de Viáticos/input_Cantidad_form_popupComplementarioViaticocantidad"), "10"): Text '10' is set on object 'Object Repository/1-OBJECTS TAREAS PRINCIPALES/Modulo Actos Administrativos/Modulo Viáticos/Complementario de Viáticos/input_Cantidad_form_popupComplementarioViaticocantidad'

2022-04-29 10:46:32 - [MESSAGE][PASSED] - Text '10' is set on object 'Object Repository/1-OBJECTS TAREAS PRINCIPALES/Modulo Actos Administrativos/Modulo Viáticos/Complementario de Viáticos/input_Cantidad_form_popupComplementarioViaticocantidad'

2022-04-29 10:46:32 - [TEST_STEP][PASSED] - selectOptionByIndex(findTestObject("1-OBJECTS TAREAS PRINCIPALES/Modulo Actos Administrativos/Modulo Viáticos/Complementario de Viáticos/select_--- Seleccione Tipo Costo --Viatico prueba--comple"), "1"): All options with index in [1] are selected on object 'Object Repository/1-OBJECTS TAREAS PRINCIPALES/Modulo Actos Administrativos/Modulo Viáticos/Complementario de Viáticos/select_--- Seleccione Tipo Costo --Viatico prueba--comple'

2022-04-29 10:46:33 - [MESSAGE][PASSED] - All options with index in [1] are selected on object 'Object Repository/1-OBJECTS TAREAS PRINCIPALES/Modulo Actos Administrativos/Modulo Viáticos/Complementario de Viáticos/select_--- Seleccione Tipo Costo --Viatico prueba--comple'

2022-04-29 10:46:33 - [TEST_STEP][PASSED] - setText(findTestObject("1-OBJECTS TAREAS PRINCIPALES/Modulo Actos Administrativos/Modulo Viáticos/Complementario de Viáticos/input_Cdp_form_popupComplementarioViaticodocumento"), "1019"): Text '1019' is set on object 'Object Repository/1-OBJECTS TAREAS PRINCIPALES/Modulo Actos Administrativos/Modulo Viáticos/Complementario de Viáticos/input_Cdp_form_popupComplementarioViaticodocumento'

2022-04-29 10:46:34 - [MESSAGE][PASSED] - Text '1019' is set on object 'Object Repository/1-OBJECTS TAREAS PRINCIPALES/Modulo Actos Administrativos/Modulo Viáticos/Complementario de Viáticos/input_Cdp_form_popupComplementarioViaticodocumento'

2022-04-29 10:46:34 - [TEST_STEP][PASSED] - setText(findTestObject("1-OBJECTS TAREAS PRINCIPALES/Modulo Actos Administrativos/Modulo Viáticos/Complementario de Viáticos/input_TRM Proyectada_form_popupComplementarioViaticotrm"), "5"): Text '5' is set on object 'Object Repository/1-OBJECTS TAREAS PRINCIPALES/Modulo Actos Administrativos/Modulo Viáticos/Complementario de Viáticos/input_TRM Proyectada_form_popupComplementarioViaticotrm'

2022-04-29 10:46:34 - [MESSAGE][PASSED] - Text '5' is set on object 'Object Repository/1-OBJECTS TAREAS PRINCIPALES/Modulo Actos Administrativos/Modulo Viáticos/Complementario de Viáticos/input_TRM Proyectada_form_popupComplementarioViaticotrm'

2022-04-29 10:46:34 - [TEST_STEP][PASSED] - click(findTestObject("1-OBJECTS TAREAS PRINCIPALES/Modulo Actos Administrativos/Modulo Viáticos/Complementario de Viáticos/a_Guardar_complemento")): Object: 'Object Repository/1-OBJECTS TAREAS PRINCIPALES/Modulo Actos Administrativos/Modulo Viáticos/Complementario de Viáticos/a_Guardar_complemento' is clicked on

2022-04-29 10:46:35 - [MESSAGE][PASSED] - Object: 'Object Repository/1-OBJECTS TAREAS PRINCIPALES/Modulo Actos Administrativos/Modulo Viáticos/Complementario de Viáticos/a_Guardar_complemento' is clicked on

2022-04-29 10:46:35 - [TEST_STEP][PASSED] - Result0 = getText(findTestObject("3-OBJECTS UTILIDADES/Alerta/Alerta")): Text of object 'Object Repository/3-OBJECTS UTILIDADES/Alerta/Alerta' is: 'Se ha creado el registro.'

2022-04-29 10:46:35 - [MESSAGE][PASSED] - Text of object 'Object Repository/3-OBJECTS UTILIDADES/Alerta/Alerta' is: 'Se ha creado el registro.'

2022-04-29 10:46:35 - [TEST_STEP][PASSED] - click(findTestObject("1-OBJECTS TAREAS PRINCIPALES/Modulo Actos Administrativos/Modulo Viáticos/Complementario de Viáticos/span_E_ui-icon ui-icon-closethick")): Object: 'Object Repository/1-OBJECTS TAREAS PRINCIPALES/Modulo Actos Administrativos/Modulo Viáticos/Complementario de Viáticos/span_E_ui-icon ui-icon-closethick' is clicked on

2022-04-29 10:46:36 - [MESSAGE][PASSED] - Object: 'Object Repository/1-OBJECTS TAREAS PRINCIPALES/Modulo Actos Administrativos/Modulo Viáticos/Complementario de Viáticos/span_E_ui-icon ui-icon-closethick' is clicked on

2022-04-29 10:46:36 - [TEST_STEP][PASSED] - waitForElementClickable(findTestObject("1-OBJECTS TAREAS PRINCIPALES/Modulo Actos Administrativos/Modulo Viáticos/Complementario de Viáticos/a_Registro"), 0): Object 'Object Repository/1-OBJECTS TAREAS PRINCIPALES/Modulo Actos Administrativos/Modulo Viáticos/Complementario de Viáticos/a_Registro' is clickable

2022-04-29 10:46:36 - [MESSAGE][WARNING] - Timeout '0' is invalid. Using default page load timeout: '45'

2022-04-29 10:46:37 - [MESSAGE][PASSED] - Object 'Object Repository/1-OBJECTS TAREAS PRINCIPALES/Modulo Actos Administrativos/Modulo Viáticos/Complementario de Viáticos/a_Registro' is clickable

2022-04-29 10:46:37 - [TEST_STEP][PASSED] - click(findTestObject("1-OBJECTS TAREAS PRINCIPALES/Modulo Actos Administrativos/Modulo Viáticos/Complementario de Viáticos/a_Registro")): Object: 'Object Repository/1-OBJECTS TAREAS PRINCIPALES/Modulo Actos Administrativos/Modulo Viáticos/Complementario de Viáticos/a_Registro' is clicked on

2022-04-29 10:46:37 - [MESSAGE][PASSED] - Object: 'Object Repository/1-OBJECTS TAREAS PRINCIPALES/Modulo Actos Administrativos/Modulo Viáticos/Complementario de Viáticos/a_Registro' is clicked on

2022-04-29 10:46:37 - [TEST_STEP][PASSED] - if (waitForElementClickable(findTestObject("1-OBJECTS TAREAS PRINCIPALES/Modulo Actos Administrativos/Modulo Viáticos/Complementario de Viáticos/a_Nuevo"), 1)): Web element with id: 'Object Repository/1-OBJECTS TAREAS PRINCIPALES/Modulo Actos Administrativos/Modulo Viáticos/Complementario de Viáticos/a_Nuevo' located by '//a[contains(text(),'Nuevo')]' not found

2022-04-29 10:46:39 - [MESSAGE][INFO] - Unable to find the element located by 'By.xpath: //a[contains(text(),'Nuevo')]'. Please recheck the objects properties to make sure the desired element is located. 

2022-04-29 10:46:39 - [MESSAGE][WARNING] - Web element with id: 'Object Repository/1-OBJECTS TAREAS PRINCIPALES/Modulo Actos Administrativos/Modulo Viáticos/Complementario de Viáticos/a_Nuevo' located by '//a[contains(text(),'Nuevo')]' not found

2022-04-29 10:46:39 - [TEST_STEP][PASSED] - if (waitForElementClickable(findTestObject("1-OBJECTS TAREAS PRINCIPALES/Modulo Actos Administrativos/Modulo Viáticos/Complementario de Viáticos/span_Autorizada_ui-icon ui-icon-closethick"), 1)): Web element with id: 'Object Repository/1-OBJECTS TAREAS PRINCIPALES/Modulo Actos Administrativos/Modulo Viáticos/Complementario de Viáticos/span_Autorizada_ui-icon ui-icon-closethick' located by '//div[2]/div/a/span' not found

2022-04-29 10:46:41 - [MESSAGE][INFO] - Unable to find the element located by 'By.xpath: //div[2]/div/a/span'. Please recheck the objects properties to make sure the desired element is located. 

2022-04-29 10:46:41 - [MESSAGE][WARNING] - Web element with id: 'Object Repository/1-OBJECTS TAREAS PRINCIPALES/Modulo Actos Administrativos/Modulo Viáticos/Complementario de Viáticos/span_Autorizada_ui-icon ui-icon-closethick' located by '//div[2]/div/a/span' not found

2022-04-29 10:46:41 - [TEST_STEP][PASSED] - if (waitForElementVisible(findTestObject("1-OBJECTS TAREAS PRINCIPALES/Modulo Actos Administrativos/Modulo Viáticos/Complementario de Viáticos/a_Eliminar"), 1)): null

2022-04-29 10:46:42 - [MESSAGE][PASSED] - Object 'Object Repository/1-OBJECTS TAREAS PRINCIPALES/Modulo Actos Administrativos/Modulo Viáticos/Complementario de Viáticos/a_Eliminar' is visible

2022-04-29 10:46:42 - [TEST_STEP][PASSED] - closeBrowser(): Browser is closed

2022-04-29 10:46:43 - [MESSAGE][PASSED] - Browser is closed]]></system-out>
         <system-err><![CDATA[]]></system-err>
      </testcase>
      <testcase name="Test Cases/1.1-Tareas Principales/1.6.3 Desembolsar Viático" time="27.563" classname="Test Cases/1.1-Tareas Principales/1.6.3 Desembolsar Viático" status="PASSED">
         <system-out><![CDATA[2022-04-29 10:46:43 - [TEST_CASE][PASSED] - Test Cases/1.1-Tareas Principales/1.6.3 Desembolsar Viático: Test Cases/1.1-Tareas Principales/1.6.3 Desembolsar Viático

2022-04-29 10:46:43 - [TEST_STEP][PASSED] - callTestCase(findTestCase("0.1-Login"), [:], STOP_ON_FAILURE): Call Test Case 'Test Cases/0.1-Login' successfully

2022-04-29 10:46:43 - [TEST_CASE][PASSED] - Test Cases/0.1-Login: Test Cases/0.1-Login

2022-04-29 10:46:43 - [TEST_STEP][PASSED] - openBrowser(""): Browser is opened with url: ''

2022-04-29 10:46:43 - [MESSAGE][INFO] - Starting 'Chrome' driver

2022-04-29 10:46:43 - [MESSAGE][INFO] - Action delay is set to 0 milliseconds

2022-04-29 10:46:44 - [MESSAGE][PASSED] - Browser is opened with url: ''

2022-04-29 10:46:44 - [TEST_STEP][PASSED] - maximizeWindow(): Current window maximized

2022-04-29 10:46:45 - [MESSAGE][PASSED] - Current window maximized

2022-04-29 10:46:45 - [TEST_STEP][PASSED] - i = G_Login: null

2022-04-29 10:46:45 - [TEST_STEP][PASSED] - url = new java.net.URL(i): null

2022-04-29 10:46:45 - [TEST_STEP][PASSED] - println("URL: " + url.toString()): null

2022-04-29 10:46:45 - [TEST_STEP][PASSED] - connection = url.openConnection(): null

2022-04-29 10:46:45 - [TEST_STEP][PASSED] - connection.setRequestMethod("GET"): null

2022-04-29 10:46:45 - [TEST_STEP][PASSED] - connection.setReadTimeout(2 * 1000): null

2022-04-29 10:46:45 - [TEST_STEP][PASSED] - try: null

2022-04-29 10:46:45 - [TEST_STEP][PASSED] - connection.connect(): null

2022-04-29 10:46:45 - [TEST_STEP][PASSED] - flag = connected: null

2022-04-29 10:46:45 - [TEST_STEP][PASSED] - println("Valor_ori: " + flag): null

2022-04-29 10:46:45 - [TEST_STEP][PASSED] - if (flag): null

2022-04-29 10:46:45 - [TEST_STEP][PASSED] - navigateToUrl(i): Navigate to 'http://192.168.2.19:8380/saraweb' successfully

2022-04-29 10:46:45 - [MESSAGE][PASSED] - Navigate to 'http://192.168.2.19:8380/saraweb' successfully

2022-04-29 10:46:45 - [TEST_STEP][PASSED] - a(): null

2022-04-29 10:46:45 - [TEST_STEP][PASSED] - setText(findTestObject("3-OBJECTS UTILIDADES/Login/input_USUARIO_loginusuario"), G_Usuario): Text 'saraadmin' is set on object 'Object Repository/3-OBJECTS UTILIDADES/Login/input_USUARIO_loginusuario'

2022-04-29 10:46:46 - [MESSAGE][PASSED] - Text 'saraadmin' is set on object 'Object Repository/3-OBJECTS UTILIDADES/Login/input_USUARIO_loginusuario'

2022-04-29 10:46:46 - [TEST_STEP][PASSED] - setEncryptedText(findTestObject("3-OBJECTS UTILIDADES/Login/input_CLAVE_loginpassword"), "MkG4/TYiCFC3cb2driP7+Q=="): Text ****** has been set on object 'Object Repository/3-OBJECTS UTILIDADES/Login/input_CLAVE_loginpassword'

2022-04-29 10:46:46 - [MESSAGE][PASSED] - Text ****** has been set on object 'Object Repository/3-OBJECTS UTILIDADES/Login/input_CLAVE_loginpassword'

2022-04-29 10:46:46 - [TEST_STEP][PASSED] - waitForElementClickable(findTestObject("3-OBJECTS UTILIDADES/Login/a_Ingresar"), G_TimeOut): Object 'Object Repository/3-OBJECTS UTILIDADES/Login/a_Ingresar' is clickable

2022-04-29 10:46:47 - [MESSAGE][PASSED] - Object 'Object Repository/3-OBJECTS UTILIDADES/Login/a_Ingresar' is clickable

2022-04-29 10:46:47 - [TEST_STEP][PASSED] - click(findTestObject("3-OBJECTS UTILIDADES/Login/a_Ingresar")): Object: 'Object Repository/3-OBJECTS UTILIDADES/Login/a_Ingresar' is clicked on

2022-04-29 10:46:48 - [MESSAGE][PASSED] - Object: 'Object Repository/3-OBJECTS UTILIDADES/Login/a_Ingresar' is clicked on

2022-04-29 10:46:48 - [TEST_STEP][PASSED] - element = findWebElement(findTestObject("3-OBJECTS UTILIDADES/Login/a_Ir"), 30): null

2022-04-29 10:46:49 - [TEST_STEP][PASSED] - executeJavaScript("arguments[0].click()", Arrays.asList(element)): Execute JavaScript 'arguments[0].click()' successfully

2022-04-29 10:46:49 - [MESSAGE][PASSED] - Execute JavaScript 'arguments[0].click()' successfully

2022-04-29 10:46:49 - [MESSAGE][PASSED] - Call Test Case 'Test Cases/0.1-Login' successfully

2022-04-29 10:46:49 - [TEST_STEP][PASSED] - waitForElementClickable(findTestObject("1-OBJECTS TAREAS PRINCIPALES/Modulo Actos Administrativos/Modulo Viáticos/Desembolsar viáticos/input_ADMINISTRADOR DEL SISTEMA - SARA_form_templatej_idt24_input"), 0): Object 'Object Repository/1-OBJECTS TAREAS PRINCIPALES/Modulo Actos Administrativos/Modulo Viáticos/Desembolsar viáticos/input_ADMINISTRADOR DEL SISTEMA - SARA_form_templatej_idt24_input' is clickable

2022-04-29 10:46:49 - [MESSAGE][WARNING] - Timeout '0' is invalid. Using default page load timeout: '45'

2022-04-29 10:46:49 - [MESSAGE][PASSED] - Object 'Object Repository/1-OBJECTS TAREAS PRINCIPALES/Modulo Actos Administrativos/Modulo Viáticos/Desembolsar viáticos/input_ADMINISTRADOR DEL SISTEMA - SARA_form_templatej_idt24_input' is clickable

2022-04-29 10:46:49 - [TEST_STEP][PASSED] - setText(findTestObject("1-OBJECTS TAREAS PRINCIPALES/Modulo Actos Administrativos/Modulo Viáticos/Desembolsar viáticos/input_ADMINISTRADOR DEL SISTEMA - SARA_form_templatej_idt24_input"), "listado de viaticos"): Text 'listado de viaticos' is set on object 'Object Repository/1-OBJECTS TAREAS PRINCIPALES/Modulo Actos Administrativos/Modulo Viáticos/Desembolsar viáticos/input_ADMINISTRADOR DEL SISTEMA - SARA_form_templatej_idt24_input'

2022-04-29 10:46:50 - [MESSAGE][PASSED] - Text 'listado de viaticos' is set on object 'Object Repository/1-OBJECTS TAREAS PRINCIPALES/Modulo Actos Administrativos/Modulo Viáticos/Desembolsar viáticos/input_ADMINISTRADOR DEL SISTEMA - SARA_form_templatej_idt24_input'

2022-04-29 10:46:50 - [TEST_STEP][PASSED] - waitForElementClickable(findTestObject("1-OBJECTS TAREAS PRINCIPALES/Modulo Actos Administrativos/Modulo Viáticos/Desembolsar viáticos/li_Listado de Viaticos (act)"), 0): Object 'Object Repository/1-OBJECTS TAREAS PRINCIPALES/Modulo Actos Administrativos/Modulo Viáticos/Desembolsar viáticos/li_Listado de Viaticos (act)' is clickable

2022-04-29 10:46:50 - [MESSAGE][WARNING] - Timeout '0' is invalid. Using default page load timeout: '45'

2022-04-29 10:46:51 - [MESSAGE][PASSED] - Object 'Object Repository/1-OBJECTS TAREAS PRINCIPALES/Modulo Actos Administrativos/Modulo Viáticos/Desembolsar viáticos/li_Listado de Viaticos (act)' is clickable

2022-04-29 10:46:51 - [TEST_STEP][PASSED] - sendKeys(findTestObject("1-OBJECTS TAREAS PRINCIPALES/Modulo Actos Administrativos/Modulo Viáticos/Desembolsar viáticos/input_ADMINISTRADOR DEL SISTEMA - SARA_form_templatej_idt24_input"), Keys.chord(ENTER)): Keys 'ENTER + ' sent to object: 'Object Repository/1-OBJECTS TAREAS PRINCIPALES/Modulo Actos Administrativos/Modulo Viáticos/Desembolsar viáticos/input_ADMINISTRADOR DEL SISTEMA - SARA_form_templatej_idt24_input'

2022-04-29 10:46:52 - [MESSAGE][PASSED] - Keys 'ENTER + ' sent to object: 'Object Repository/1-OBJECTS TAREAS PRINCIPALES/Modulo Actos Administrativos/Modulo Viáticos/Desembolsar viáticos/input_ADMINISTRADOR DEL SISTEMA - SARA_form_templatej_idt24_input'

2022-04-29 10:46:52 - [TEST_STEP][PASSED] - setText(findTestObject("1-OBJECTS TAREAS PRINCIPALES/Modulo Actos Administrativos/Modulo Viáticos/Crear viatico/input_Ao_form_listadoviaticosanio"), "2021"): Text '2021' is set on object 'Object Repository/1-OBJECTS TAREAS PRINCIPALES/Modulo Actos Administrativos/Modulo Viáticos/Crear viatico/input_Ao_form_listadoviaticosanio'

2022-04-29 10:46:54 - [MESSAGE][PASSED] - Text '2021' is set on object 'Object Repository/1-OBJECTS TAREAS PRINCIPALES/Modulo Actos Administrativos/Modulo Viáticos/Crear viatico/input_Ao_form_listadoviaticosanio'

2022-04-29 10:46:54 - [TEST_STEP][PASSED] - sendKeys(findTestObject("1-OBJECTS TAREAS PRINCIPALES/Modulo Actos Administrativos/Modulo Viáticos/Crear viatico/input_Ao_form_listadoviaticosanio"), Keys.chord(ENTER)): Keys 'ENTER + ' sent to object: 'Object Repository/1-OBJECTS TAREAS PRINCIPALES/Modulo Actos Administrativos/Modulo Viáticos/Crear viatico/input_Ao_form_listadoviaticosanio'

2022-04-29 10:46:54 - [MESSAGE][PASSED] - Keys 'ENTER + ' sent to object: 'Object Repository/1-OBJECTS TAREAS PRINCIPALES/Modulo Actos Administrativos/Modulo Viáticos/Crear viatico/input_Ao_form_listadoviaticosanio'

2022-04-29 10:46:54 - [TEST_STEP][PASSED] - selectOptionByIndex(findTestObject("1-OBJECTS TAREAS PRINCIPALES/Modulo Actos Administrativos/Modulo Viáticos/Desembolsar viáticos/select_--Seleccione--AnuladoAutorizadaDerogadaNo AutorizadaProgramadaSolicitado"), 2): All options with index in [2] are selected on object 'Object Repository/1-OBJECTS TAREAS PRINCIPALES/Modulo Actos Administrativos/Modulo Viáticos/Desembolsar viáticos/select_--Seleccione--AnuladoAutorizadaDerogadaNo AutorizadaProgramadaSolicitado'

2022-04-29 10:46:56 - [MESSAGE][PASSED] - All options with index in [2] are selected on object 'Object Repository/1-OBJECTS TAREAS PRINCIPALES/Modulo Actos Administrativos/Modulo Viáticos/Desembolsar viáticos/select_--Seleccione--AnuladoAutorizadaDerogadaNo AutorizadaProgramadaSolicitado'

2022-04-29 10:46:56 - [TEST_STEP][PASSED] - if (waitForElementClickable(findTestObject("1-OBJECTS TAREAS PRINCIPALES/Modulo Actos Administrativos/Modulo Viáticos/Desembolsar viáticos/span_5_autorizado"), 1)): null

2022-04-29 10:46:56 - [MESSAGE][PASSED] - Object 'Object Repository/1-OBJECTS TAREAS PRINCIPALES/Modulo Actos Administrativos/Modulo Viáticos/Desembolsar viáticos/span_5_autorizado' is clickable

2022-04-29 10:46:56 - [TEST_STEP][PASSED] - click(findTestObject("1-OBJECTS TAREAS PRINCIPALES/Modulo Actos Administrativos/Modulo Viáticos/Desembolsar viáticos/span_5_autorizado")): Object: 'Object Repository/1-OBJECTS TAREAS PRINCIPALES/Modulo Actos Administrativos/Modulo Viáticos/Desembolsar viáticos/span_5_autorizado' is clicked on

2022-04-29 10:46:57 - [MESSAGE][PASSED] - Object: 'Object Repository/1-OBJECTS TAREAS PRINCIPALES/Modulo Actos Administrativos/Modulo Viáticos/Desembolsar viáticos/span_5_autorizado' is clicked on

2022-04-29 10:46:57 - [TEST_STEP][PASSED] - waitForElementClickable(findTestObject("1-OBJECTS TAREAS PRINCIPALES/Modulo Actos Administrativos/Modulo Viáticos/Desembolsar viáticos/a_Cerrar Desembolsar"), 1): Object 'Object Repository/1-OBJECTS TAREAS PRINCIPALES/Modulo Actos Administrativos/Modulo Viáticos/Desembolsar viáticos/a_Cerrar Desembolsar' is clickable

2022-04-29 10:46:57 - [MESSAGE][PASSED] - Object 'Object Repository/1-OBJECTS TAREAS PRINCIPALES/Modulo Actos Administrativos/Modulo Viáticos/Desembolsar viáticos/a_Cerrar Desembolsar' is clickable

2022-04-29 10:46:57 - [TEST_STEP][PASSED] - click(findTestObject("1-OBJECTS TAREAS PRINCIPALES/Modulo Actos Administrativos/Modulo Viáticos/Desembolsar viáticos/a_Cerrar Desembolsar")): Object: 'Object Repository/1-OBJECTS TAREAS PRINCIPALES/Modulo Actos Administrativos/Modulo Viáticos/Desembolsar viáticos/a_Cerrar Desembolsar' is clicked on

2022-04-29 10:46:58 - [MESSAGE][PASSED] - Object: 'Object Repository/1-OBJECTS TAREAS PRINCIPALES/Modulo Actos Administrativos/Modulo Viáticos/Desembolsar viáticos/a_Cerrar Desembolsar' is clicked on

2022-04-29 10:46:58 - [TEST_STEP][PASSED] - waitForElementClickable(findTestObject("1-OBJECTS TAREAS PRINCIPALES/Modulo Actos Administrativos/Modulo Viáticos/Desembolsar viáticos/input_Nmero Resolucin_form_popupViaticoCierreDesembolsonumero"), 0): Object 'Object Repository/1-OBJECTS TAREAS PRINCIPALES/Modulo Actos Administrativos/Modulo Viáticos/Desembolsar viáticos/input_Nmero Resolucin_form_popupViaticoCierreDesembolsonumero' is clickable

2022-04-29 10:46:58 - [MESSAGE][WARNING] - Timeout '0' is invalid. Using default page load timeout: '45'

2022-04-29 10:46:59 - [MESSAGE][PASSED] - Object 'Object Repository/1-OBJECTS TAREAS PRINCIPALES/Modulo Actos Administrativos/Modulo Viáticos/Desembolsar viáticos/input_Nmero Resolucin_form_popupViaticoCierreDesembolsonumero' is clickable

2022-04-29 10:46:59 - [TEST_STEP][PASSED] - setText(findTestObject("1-OBJECTS TAREAS PRINCIPALES/Modulo Actos Administrativos/Modulo Viáticos/Desembolsar viáticos/input_Nmero Resolucin_form_popupViaticoCierreDesembolsonumero"), "5"): Text '5' is set on object 'Object Repository/1-OBJECTS TAREAS PRINCIPALES/Modulo Actos Administrativos/Modulo Viáticos/Desembolsar viáticos/input_Nmero Resolucin_form_popupViaticoCierreDesembolsonumero'

2022-04-29 10:46:59 - [MESSAGE][PASSED] - Text '5' is set on object 'Object Repository/1-OBJECTS TAREAS PRINCIPALES/Modulo Actos Administrativos/Modulo Viáticos/Desembolsar viáticos/input_Nmero Resolucin_form_popupViaticoCierreDesembolsonumero'

2022-04-29 10:46:59 - [TEST_STEP][PASSED] - setText(findTestObject("1-OBJECTS TAREAS PRINCIPALES/Modulo Actos Administrativos/Modulo Viáticos/Desembolsar viáticos/input_Fecha_form_popupViaticoCierreDesembolsofecha_input"), "01/07/2021"): Text '01/07/2021' is set on object 'Object Repository/1-OBJECTS TAREAS PRINCIPALES/Modulo Actos Administrativos/Modulo Viáticos/Desembolsar viáticos/input_Fecha_form_popupViaticoCierreDesembolsofecha_input'

2022-04-29 10:47:00 - [MESSAGE][PASSED] - Text '01/07/2021' is set on object 'Object Repository/1-OBJECTS TAREAS PRINCIPALES/Modulo Actos Administrativos/Modulo Viáticos/Desembolsar viáticos/input_Fecha_form_popupViaticoCierreDesembolsofecha_input'

2022-04-29 10:47:00 - [TEST_STEP][PASSED] - setText(findTestObject("1-OBJECTS TAREAS PRINCIPALES/Modulo Actos Administrativos/Modulo Viáticos/Desembolsar viáticos/input_TRM_form_popupViaticoCierreDesembolsotrm"), "5"): Text '5' is set on object 'Object Repository/1-OBJECTS TAREAS PRINCIPALES/Modulo Actos Administrativos/Modulo Viáticos/Desembolsar viáticos/input_TRM_form_popupViaticoCierreDesembolsotrm'

2022-04-29 10:47:01 - [MESSAGE][PASSED] - Text '5' is set on object 'Object Repository/1-OBJECTS TAREAS PRINCIPALES/Modulo Actos Administrativos/Modulo Viáticos/Desembolsar viáticos/input_TRM_form_popupViaticoCierreDesembolsotrm'

2022-04-29 10:47:01 - [TEST_STEP][PASSED] - click(findTestObject("1-OBJECTS TAREAS PRINCIPALES/Modulo Actos Administrativos/Modulo Viáticos/Desembolsar viáticos/a_Aplicar1")): Object: 'Object Repository/1-OBJECTS TAREAS PRINCIPALES/Modulo Actos Administrativos/Modulo Viáticos/Desembolsar viáticos/a_Aplicar1' is clicked on

2022-04-29 10:47:01 - [MESSAGE][PASSED] - Object: 'Object Repository/1-OBJECTS TAREAS PRINCIPALES/Modulo Actos Administrativos/Modulo Viáticos/Desembolsar viáticos/a_Aplicar1' is clicked on

2022-04-29 10:47:01 - [TEST_STEP][PASSED] - waitForElementClickable(findTestObject("1-OBJECTS TAREAS PRINCIPALES/Modulo Actos Administrativos/Modulo Viáticos/Desembolsar viáticos/a_Desembolso"), 0): Object 'Object Repository/1-OBJECTS TAREAS PRINCIPALES/Modulo Actos Administrativos/Modulo Viáticos/Desembolsar viáticos/a_Desembolso' is clickable

2022-04-29 10:47:01 - [MESSAGE][WARNING] - Timeout '0' is invalid. Using default page load timeout: '45'

2022-04-29 10:47:02 - [MESSAGE][PASSED] - Object 'Object Repository/1-OBJECTS TAREAS PRINCIPALES/Modulo Actos Administrativos/Modulo Viáticos/Desembolsar viáticos/a_Desembolso' is clickable

2022-04-29 10:47:02 - [TEST_STEP][PASSED] - click(findTestObject("1-OBJECTS TAREAS PRINCIPALES/Modulo Actos Administrativos/Modulo Viáticos/Desembolsar viáticos/a_Desembolso")): Object: 'Object Repository/1-OBJECTS TAREAS PRINCIPALES/Modulo Actos Administrativos/Modulo Viáticos/Desembolsar viáticos/a_Desembolso' is clicked on

2022-04-29 10:47:03 - [MESSAGE][PASSED] - Object: 'Object Repository/1-OBJECTS TAREAS PRINCIPALES/Modulo Actos Administrativos/Modulo Viáticos/Desembolsar viáticos/a_Desembolso' is clicked on

2022-04-29 10:47:03 - [TEST_STEP][PASSED] - if (waitForElementClickable(findTestObject("1-OBJECTS TAREAS PRINCIPALES/Modulo Actos Administrativos/Modulo Viáticos/Desembolsar viáticos/a_Nuevo_Modificar"), 1)): Web element with id: 'Object Repository/1-OBJECTS TAREAS PRINCIPALES/Modulo Actos Administrativos/Modulo Viáticos/Desembolsar viáticos/a_Nuevo_Modificar' located by '
//*/text()[normalize-space(.)='Nuevo']/parent::*' not found

2022-04-29 10:47:05 - [MESSAGE][INFO] - Unable to find the element located by 'By.xpath: 
//*/text()[normalize-space(.)='Nuevo']/parent::*'. Please recheck the objects properties to make sure the desired element is located. 

2022-04-29 10:47:05 - [MESSAGE][WARNING] - Web element with id: 'Object Repository/1-OBJECTS TAREAS PRINCIPALES/Modulo Actos Administrativos/Modulo Viáticos/Desembolsar viáticos/a_Nuevo_Modificar' located by '
//*/text()[normalize-space(.)='Nuevo']/parent::*' not found

2022-04-29 10:47:05 - [TEST_STEP][PASSED] - if (waitForElementClickable(findTestObject("1-OBJECTS TAREAS PRINCIPALES/Modulo Actos Administrativos/Modulo Viáticos/Desembolsar viáticos/td_seleccion_01072021"), 1)): Web element with id: 'Object Repository/1-OBJECTS TAREAS PRINCIPALES/Modulo Actos Administrativos/Modulo Viáticos/Desembolsar viáticos/td_seleccion_01072021' located by '//*/text()[normalize-space(.)='01/07/2021']/parent::*' not found

2022-04-29 10:47:07 - [MESSAGE][INFO] - Unable to find the element located by 'By.xpath: //*/text()[normalize-space(.)='01/07/2021']/parent::*'. Please recheck the objects properties to make sure the desired element is located. 

2022-04-29 10:47:07 - [MESSAGE][WARNING] - Web element with id: 'Object Repository/1-OBJECTS TAREAS PRINCIPALES/Modulo Actos Administrativos/Modulo Viáticos/Desembolsar viáticos/td_seleccion_01072021' located by '//*/text()[normalize-space(.)='01/07/2021']/parent::*' not found

2022-04-29 10:47:07 - [TEST_STEP][PASSED] - if (waitForElementClickable(findTestObject("1-OBJECTS TAREAS PRINCIPALES/Modulo Actos Administrativos/Modulo Viáticos/Desembolsar viáticos/span_No se encontr registros_ui-icon ui-icon-closethick"), 1)): Web element with id: 'Object Repository/1-OBJECTS TAREAS PRINCIPALES/Modulo Actos Administrativos/Modulo Viáticos/Desembolsar viáticos/span_No se encontr registros_ui-icon ui-icon-closethick' located by '//div[@id='form_listadoviaticos:j_idt127']/div/a/span' not found

2022-04-29 10:47:09 - [MESSAGE][INFO] - Unable to find the element located by 'By.xpath: //div[@id='form_listadoviaticos:j_idt127']/div/a/span'. Please recheck the objects properties to make sure the desired element is located. 

2022-04-29 10:47:09 - [MESSAGE][WARNING] - Web element with id: 'Object Repository/1-OBJECTS TAREAS PRINCIPALES/Modulo Actos Administrativos/Modulo Viáticos/Desembolsar viáticos/span_No se encontr registros_ui-icon ui-icon-closethick' located by '//div[@id='form_listadoviaticos:j_idt127']/div/a/span' not found

2022-04-29 10:47:09 - [TEST_STEP][PASSED] - closeBrowser(): Browser is closed

2022-04-29 10:47:10 - [MESSAGE][PASSED] - Browser is closed]]></system-out>
         <system-err><![CDATA[]]></system-err>
      </testcase>
      <testcase name="Test Cases/1.1-Tareas Principales/1.6.5 Modificar Solicitud de Viáticos" time="37.917" classname="Test Cases/1.1-Tareas Principales/1.6.5 Modificar Solicitud de Viáticos" status="PASSED">
         <system-out><![CDATA[2022-04-29 10:47:10 - [TEST_CASE][PASSED] - Test Cases/1.1-Tareas Principales/1.6.5 Modificar Solicitud de Viáticos: Test Cases/1.1-Tareas Principales/1.6.5 Modificar Solicitud de Viáticos

2022-04-29 10:47:11 - [TEST_STEP][PASSED] - callTestCase(findTestCase("0.1-Login"), [:], STOP_ON_FAILURE): Call Test Case 'Test Cases/0.1-Login' successfully

2022-04-29 10:47:11 - [TEST_CASE][PASSED] - Test Cases/0.1-Login: Test Cases/0.1-Login

2022-04-29 10:47:11 - [TEST_STEP][PASSED] - openBrowser(""): Browser is opened with url: ''

2022-04-29 10:47:11 - [MESSAGE][INFO] - Starting 'Chrome' driver

2022-04-29 10:47:11 - [MESSAGE][INFO] - Action delay is set to 0 milliseconds

2022-04-29 10:47:12 - [MESSAGE][PASSED] - Browser is opened with url: ''

2022-04-29 10:47:12 - [TEST_STEP][PASSED] - maximizeWindow(): Current window maximized

2022-04-29 10:47:12 - [MESSAGE][PASSED] - Current window maximized

2022-04-29 10:47:12 - [TEST_STEP][PASSED] - i = G_Login: null

2022-04-29 10:47:12 - [TEST_STEP][PASSED] - url = new java.net.URL(i): null

2022-04-29 10:47:12 - [TEST_STEP][PASSED] - println("URL: " + url.toString()): null

2022-04-29 10:47:12 - [TEST_STEP][PASSED] - connection = url.openConnection(): null

2022-04-29 10:47:12 - [TEST_STEP][PASSED] - connection.setRequestMethod("GET"): null

2022-04-29 10:47:12 - [TEST_STEP][PASSED] - connection.setReadTimeout(2 * 1000): null

2022-04-29 10:47:12 - [TEST_STEP][PASSED] - try: null

2022-04-29 10:47:12 - [TEST_STEP][PASSED] - connection.connect(): null

2022-04-29 10:47:12 - [TEST_STEP][PASSED] - flag = connected: null

2022-04-29 10:47:12 - [TEST_STEP][PASSED] - println("Valor_ori: " + flag): null

2022-04-29 10:47:12 - [TEST_STEP][PASSED] - if (flag): null

2022-04-29 10:47:12 - [TEST_STEP][PASSED] - navigateToUrl(i): Navigate to 'http://192.168.2.19:8380/saraweb' successfully

2022-04-29 10:47:13 - [MESSAGE][PASSED] - Navigate to 'http://192.168.2.19:8380/saraweb' successfully

2022-04-29 10:47:13 - [TEST_STEP][PASSED] - a(): null

2022-04-29 10:47:13 - [TEST_STEP][PASSED] - setText(findTestObject("3-OBJECTS UTILIDADES/Login/input_USUARIO_loginusuario"), G_Usuario): Text 'saraadmin' is set on object 'Object Repository/3-OBJECTS UTILIDADES/Login/input_USUARIO_loginusuario'

2022-04-29 10:47:13 - [MESSAGE][PASSED] - Text 'saraadmin' is set on object 'Object Repository/3-OBJECTS UTILIDADES/Login/input_USUARIO_loginusuario'

2022-04-29 10:47:13 - [TEST_STEP][PASSED] - setEncryptedText(findTestObject("3-OBJECTS UTILIDADES/Login/input_CLAVE_loginpassword"), "MkG4/TYiCFC3cb2driP7+Q=="): Text ****** has been set on object 'Object Repository/3-OBJECTS UTILIDADES/Login/input_CLAVE_loginpassword'

2022-04-29 10:47:14 - [MESSAGE][PASSED] - Text ****** has been set on object 'Object Repository/3-OBJECTS UTILIDADES/Login/input_CLAVE_loginpassword'

2022-04-29 10:47:14 - [TEST_STEP][PASSED] - waitForElementClickable(findTestObject("3-OBJECTS UTILIDADES/Login/a_Ingresar"), G_TimeOut): Object 'Object Repository/3-OBJECTS UTILIDADES/Login/a_Ingresar' is clickable

2022-04-29 10:47:14 - [MESSAGE][PASSED] - Object 'Object Repository/3-OBJECTS UTILIDADES/Login/a_Ingresar' is clickable

2022-04-29 10:47:14 - [TEST_STEP][PASSED] - click(findTestObject("3-OBJECTS UTILIDADES/Login/a_Ingresar")): Object: 'Object Repository/3-OBJECTS UTILIDADES/Login/a_Ingresar' is clicked on

2022-04-29 10:47:16 - [MESSAGE][PASSED] - Object: 'Object Repository/3-OBJECTS UTILIDADES/Login/a_Ingresar' is clicked on

2022-04-29 10:47:16 - [TEST_STEP][PASSED] - element = findWebElement(findTestObject("3-OBJECTS UTILIDADES/Login/a_Ir"), 30): null

2022-04-29 10:47:16 - [TEST_STEP][PASSED] - executeJavaScript("arguments[0].click()", Arrays.asList(element)): Execute JavaScript 'arguments[0].click()' successfully

2022-04-29 10:47:16 - [MESSAGE][PASSED] - Execute JavaScript 'arguments[0].click()' successfully

2022-04-29 10:47:16 - [MESSAGE][PASSED] - Call Test Case 'Test Cases/0.1-Login' successfully

2022-04-29 10:47:16 - [TEST_STEP][PASSED] - waitForElementClickable(findTestObject("1-OBJECTS TAREAS PRINCIPALES/Modulo Actos Administrativos/Modulo Viáticos/Modificar Solicitud de Viáticos/input_ADMINISTRADOR DEL SISTEMA - SARA_form_templatej_idt24_input"), 0): Object 'Object Repository/1-OBJECTS TAREAS PRINCIPALES/Modulo Actos Administrativos/Modulo Viáticos/Modificar Solicitud de Viáticos/input_ADMINISTRADOR DEL SISTEMA - SARA_form_templatej_idt24_input' is clickable

2022-04-29 10:47:16 - [MESSAGE][WARNING] - Timeout '0' is invalid. Using default page load timeout: '45'

2022-04-29 10:47:17 - [MESSAGE][PASSED] - Object 'Object Repository/1-OBJECTS TAREAS PRINCIPALES/Modulo Actos Administrativos/Modulo Viáticos/Modificar Solicitud de Viáticos/input_ADMINISTRADOR DEL SISTEMA - SARA_form_templatej_idt24_input' is clickable

2022-04-29 10:47:17 - [TEST_STEP][PASSED] - setText(findTestObject("1-OBJECTS TAREAS PRINCIPALES/Modulo Actos Administrativos/Modulo Viáticos/Modificar Solicitud de Viáticos/input_ADMINISTRADOR DEL SISTEMA - SARA_form_templatej_idt24_input"), "listado de viaticos"): Text 'listado de viaticos' is set on object 'Object Repository/1-OBJECTS TAREAS PRINCIPALES/Modulo Actos Administrativos/Modulo Viáticos/Modificar Solicitud de Viáticos/input_ADMINISTRADOR DEL SISTEMA - SARA_form_templatej_idt24_input'

2022-04-29 10:47:18 - [MESSAGE][PASSED] - Text 'listado de viaticos' is set on object 'Object Repository/1-OBJECTS TAREAS PRINCIPALES/Modulo Actos Administrativos/Modulo Viáticos/Modificar Solicitud de Viáticos/input_ADMINISTRADOR DEL SISTEMA - SARA_form_templatej_idt24_input'

2022-04-29 10:47:18 - [TEST_STEP][PASSED] - waitForElementClickable(findTestObject("1-OBJECTS TAREAS PRINCIPALES/Modulo Actos Administrativos/Modulo Viáticos/Modificar Solicitud de Viáticos/li_Listado de Viaticos (act)"), 0): Object 'Object Repository/1-OBJECTS TAREAS PRINCIPALES/Modulo Actos Administrativos/Modulo Viáticos/Modificar Solicitud de Viáticos/li_Listado de Viaticos (act)' is clickable

2022-04-29 10:47:18 - [MESSAGE][WARNING] - Timeout '0' is invalid. Using default page load timeout: '45'

2022-04-29 10:47:19 - [MESSAGE][PASSED] - Object 'Object Repository/1-OBJECTS TAREAS PRINCIPALES/Modulo Actos Administrativos/Modulo Viáticos/Modificar Solicitud de Viáticos/li_Listado de Viaticos (act)' is clickable

2022-04-29 10:47:19 - [TEST_STEP][PASSED] - sendKeys(findTestObject("1-OBJECTS TAREAS PRINCIPALES/Modulo Actos Administrativos/Modulo Viáticos/Modificar Solicitud de Viáticos/input_ADMINISTRADOR DEL SISTEMA - SARA_form_templatej_idt24_input"), Keys.chord(ENTER)): Keys 'ENTER + ' sent to object: 'Object Repository/1-OBJECTS TAREAS PRINCIPALES/Modulo Actos Administrativos/Modulo Viáticos/Modificar Solicitud de Viáticos/input_ADMINISTRADOR DEL SISTEMA - SARA_form_templatej_idt24_input'

2022-04-29 10:47:19 - [MESSAGE][PASSED] - Keys 'ENTER + ' sent to object: 'Object Repository/1-OBJECTS TAREAS PRINCIPALES/Modulo Actos Administrativos/Modulo Viáticos/Modificar Solicitud de Viáticos/input_ADMINISTRADOR DEL SISTEMA - SARA_form_templatej_idt24_input'

2022-04-29 10:47:19 - [TEST_STEP][PASSED] - waitForElementClickable(findTestObject("1-OBJECTS TAREAS PRINCIPALES/Modulo Actos Administrativos/Modulo Viáticos/Modificar Solicitud de Viáticos/a_Nuevo"), 0): Object 'Object Repository/1-OBJECTS TAREAS PRINCIPALES/Modulo Actos Administrativos/Modulo Viáticos/Modificar Solicitud de Viáticos/a_Nuevo' is clickable

2022-04-29 10:47:19 - [MESSAGE][WARNING] - Timeout '0' is invalid. Using default page load timeout: '45'

2022-04-29 10:47:20 - [MESSAGE][PASSED] - Object 'Object Repository/1-OBJECTS TAREAS PRINCIPALES/Modulo Actos Administrativos/Modulo Viáticos/Modificar Solicitud de Viáticos/a_Nuevo' is clickable

2022-04-29 10:47:20 - [TEST_STEP][PASSED] - click(findTestObject("1-OBJECTS TAREAS PRINCIPALES/Modulo Actos Administrativos/Modulo Viáticos/Modificar Solicitud de Viáticos/a_Nuevo")): Object: 'Object Repository/1-OBJECTS TAREAS PRINCIPALES/Modulo Actos Administrativos/Modulo Viáticos/Modificar Solicitud de Viáticos/a_Nuevo' is clicked on

2022-04-29 10:47:21 - [MESSAGE][PASSED] - Object: 'Object Repository/1-OBJECTS TAREAS PRINCIPALES/Modulo Actos Administrativos/Modulo Viáticos/Modificar Solicitud de Viáticos/a_Nuevo' is clicked on

2022-04-29 10:47:21 - [TEST_STEP][PASSED] - click(findTestObject("1-OBJECTS TAREAS PRINCIPALES/Modulo Actos Administrativos/Modulo Viáticos/Modificar Solicitud de Viáticos/span_Modificar una solicitud de vitico")): Object: 'Object Repository/1-OBJECTS TAREAS PRINCIPALES/Modulo Actos Administrativos/Modulo Viáticos/Modificar Solicitud de Viáticos/span_Modificar una solicitud de vitico' is clicked on

2022-04-29 10:47:21 - [MESSAGE][PASSED] - Object: 'Object Repository/1-OBJECTS TAREAS PRINCIPALES/Modulo Actos Administrativos/Modulo Viáticos/Modificar Solicitud de Viáticos/span_Modificar una solicitud de vitico' is clicked on

2022-04-29 10:47:21 - [TEST_STEP][PASSED] - waitForElementClickable(findTestObject("1-OBJECTS TAREAS PRINCIPALES/Modulo Actos Administrativos/Modulo Viáticos/Modificar Solicitud de Viáticos/input_Documento_form_listadoviaticosfechaViat_input"), 0): Object 'Object Repository/1-OBJECTS TAREAS PRINCIPALES/Modulo Actos Administrativos/Modulo Viáticos/Modificar Solicitud de Viáticos/input_Documento_form_listadoviaticosfechaViat_input' is clickable

2022-04-29 10:47:22 - [MESSAGE][WARNING] - Timeout '0' is invalid. Using default page load timeout: '45'

2022-04-29 10:47:22 - [MESSAGE][PASSED] - Object 'Object Repository/1-OBJECTS TAREAS PRINCIPALES/Modulo Actos Administrativos/Modulo Viáticos/Modificar Solicitud de Viáticos/input_Documento_form_listadoviaticosfechaViat_input' is clickable

2022-04-29 10:47:22 - [TEST_STEP][PASSED] - setText(findTestObject("1-OBJECTS TAREAS PRINCIPALES/Modulo Actos Administrativos/Modulo Viáticos/Modificar Solicitud de Viáticos/input_Documento_form_listadoviaticosfechaViat_input"), "01/07/2021"): Text '01/07/2021' is set on object 'Object Repository/1-OBJECTS TAREAS PRINCIPALES/Modulo Actos Administrativos/Modulo Viáticos/Modificar Solicitud de Viáticos/input_Documento_form_listadoviaticosfechaViat_input'

2022-04-29 10:47:23 - [MESSAGE][PASSED] - Text '01/07/2021' is set on object 'Object Repository/1-OBJECTS TAREAS PRINCIPALES/Modulo Actos Administrativos/Modulo Viáticos/Modificar Solicitud de Viáticos/input_Documento_form_listadoviaticosfechaViat_input'

2022-04-29 10:47:23 - [TEST_STEP][PASSED] - sendKeys(findTestObject("1-OBJECTS TAREAS PRINCIPALES/Modulo Actos Administrativos/Modulo Viáticos/Modificar Solicitud de Viáticos/input_Documento_form_listadoviaticosfechaViat_input"), Keys.chord(ENTER)): Keys 'ENTER + ' sent to object: 'Object Repository/1-OBJECTS TAREAS PRINCIPALES/Modulo Actos Administrativos/Modulo Viáticos/Modificar Solicitud de Viáticos/input_Documento_form_listadoviaticosfechaViat_input'

2022-04-29 10:47:23 - [MESSAGE][PASSED] - Keys 'ENTER + ' sent to object: 'Object Repository/1-OBJECTS TAREAS PRINCIPALES/Modulo Actos Administrativos/Modulo Viáticos/Modificar Solicitud de Viáticos/input_Documento_form_listadoviaticosfechaViat_input'

2022-04-29 10:47:23 - [TEST_STEP][PASSED] - sendKeys(findTestObject("1-OBJECTS TAREAS PRINCIPALES/Modulo Actos Administrativos/Modulo Viáticos/Modificar Solicitud de Viáticos/input_Documento_form_listadoviaticosfechaViat_input"), Keys.chord(ESCAPE)): Keys 'ESCAPE + ' sent to object: 'Object Repository/1-OBJECTS TAREAS PRINCIPALES/Modulo Actos Administrativos/Modulo Viáticos/Modificar Solicitud de Viáticos/input_Documento_form_listadoviaticosfechaViat_input'

2022-04-29 10:47:24 - [MESSAGE][PASSED] - Keys 'ESCAPE + ' sent to object: 'Object Repository/1-OBJECTS TAREAS PRINCIPALES/Modulo Actos Administrativos/Modulo Viáticos/Modificar Solicitud de Viáticos/input_Documento_form_listadoviaticosfechaViat_input'

2022-04-29 10:47:24 - [TEST_STEP][PASSED] - if (waitForElementClickable(findTestObject("1-OBJECTS TAREAS PRINCIPALES/Modulo Actos Administrativos/Modulo Viáticos/Modificar Solicitud de Viáticos/td_01072021"), 1)): null

2022-04-29 10:47:25 - [MESSAGE][PASSED] - Object 'Object Repository/1-OBJECTS TAREAS PRINCIPALES/Modulo Actos Administrativos/Modulo Viáticos/Modificar Solicitud de Viáticos/td_01072021' is clickable

2022-04-29 10:47:25 - [TEST_STEP][PASSED] - click(findTestObject("1-OBJECTS TAREAS PRINCIPALES/Modulo Actos Administrativos/Modulo Viáticos/Modificar Solicitud de Viáticos/td_01072021")): Object: 'Object Repository/1-OBJECTS TAREAS PRINCIPALES/Modulo Actos Administrativos/Modulo Viáticos/Modificar Solicitud de Viáticos/td_01072021' is clicked on

2022-04-29 10:47:25 - [MESSAGE][PASSED] - Object: 'Object Repository/1-OBJECTS TAREAS PRINCIPALES/Modulo Actos Administrativos/Modulo Viáticos/Modificar Solicitud de Viáticos/td_01072021' is clicked on

2022-04-29 10:47:25 - [TEST_STEP][PASSED] - waitForElementClickable(findTestObject("1-OBJECTS TAREAS PRINCIPALES/Modulo Actos Administrativos/Modulo Viáticos/Modificar Solicitud de Viáticos/input_Fecha_form_detalleviaticosFechaNumero_input"), 0): Object 'Object Repository/1-OBJECTS TAREAS PRINCIPALES/Modulo Actos Administrativos/Modulo Viáticos/Modificar Solicitud de Viáticos/input_Fecha_form_detalleviaticosFechaNumero_input' is clickable

2022-04-29 10:47:25 - [MESSAGE][WARNING] - Timeout '0' is invalid. Using default page load timeout: '45'

2022-04-29 10:47:26 - [MESSAGE][PASSED] - Object 'Object Repository/1-OBJECTS TAREAS PRINCIPALES/Modulo Actos Administrativos/Modulo Viáticos/Modificar Solicitud de Viáticos/input_Fecha_form_detalleviaticosFechaNumero_input' is clickable

2022-04-29 10:47:26 - [TEST_STEP][PASSED] - setText(findTestObject("1-OBJECTS TAREAS PRINCIPALES/Modulo Actos Administrativos/Modulo Viáticos/Modificar Solicitud de Viáticos/input_Fecha_form_detalleviaticosFechaNumero_input"), "01/07/2021"): Text '01/07/2021' is set on object 'Object Repository/1-OBJECTS TAREAS PRINCIPALES/Modulo Actos Administrativos/Modulo Viáticos/Modificar Solicitud de Viáticos/input_Fecha_form_detalleviaticosFechaNumero_input'

2022-04-29 10:47:27 - [MESSAGE][PASSED] - Text '01/07/2021' is set on object 'Object Repository/1-OBJECTS TAREAS PRINCIPALES/Modulo Actos Administrativos/Modulo Viáticos/Modificar Solicitud de Viáticos/input_Fecha_form_detalleviaticosFechaNumero_input'

2022-04-29 10:47:27 - [TEST_STEP][PASSED] - setText(findTestObject("1-OBJECTS TAREAS PRINCIPALES/Modulo Actos Administrativos/Modulo Viáticos/Modificar Solicitud de Viáticos/input_Nmero_form_detalleviaticosNumero"), "5"): Text '5' is set on object 'Object Repository/1-OBJECTS TAREAS PRINCIPALES/Modulo Actos Administrativos/Modulo Viáticos/Modificar Solicitud de Viáticos/input_Nmero_form_detalleviaticosNumero'

2022-04-29 10:47:28 - [MESSAGE][PASSED] - Text '5' is set on object 'Object Repository/1-OBJECTS TAREAS PRINCIPALES/Modulo Actos Administrativos/Modulo Viáticos/Modificar Solicitud de Viáticos/input_Nmero_form_detalleviaticosNumero'

2022-04-29 10:47:28 - [TEST_STEP][PASSED] - setText(findTestObject("1-OBJECTS TAREAS PRINCIPALES/Modulo Actos Administrativos/Modulo Viáticos/Modificar Solicitud de Viáticos/textarea_Motivo Modificacin_form_detalleviaticosmotivoModificacion"), "prueba"): Text 'prueba' is set on object 'Object Repository/1-OBJECTS TAREAS PRINCIPALES/Modulo Actos Administrativos/Modulo Viáticos/Modificar Solicitud de Viáticos/textarea_Motivo Modificacin_form_detalleviaticosmotivoModificacion'

2022-04-29 10:47:29 - [MESSAGE][PASSED] - Text 'prueba' is set on object 'Object Repository/1-OBJECTS TAREAS PRINCIPALES/Modulo Actos Administrativos/Modulo Viáticos/Modificar Solicitud de Viáticos/textarea_Motivo Modificacin_form_detalleviaticosmotivoModificacion'

2022-04-29 10:47:29 - [TEST_STEP][PASSED] - click(findTestObject("1-OBJECTS TAREAS PRINCIPALES/Modulo Actos Administrativos/Modulo Viáticos/Modificar Solicitud de Viáticos/a_Guardar_modficar")): Object: 'Object Repository/1-OBJECTS TAREAS PRINCIPALES/Modulo Actos Administrativos/Modulo Viáticos/Modificar Solicitud de Viáticos/a_Guardar_modficar' is clicked on

2022-04-29 10:47:29 - [MESSAGE][PASSED] - Object: 'Object Repository/1-OBJECTS TAREAS PRINCIPALES/Modulo Actos Administrativos/Modulo Viáticos/Modificar Solicitud de Viáticos/a_Guardar_modficar' is clicked on

2022-04-29 10:47:29 - [TEST_STEP][PASSED] - getText(findTestObject("3-OBJECTS UTILIDADES/Alerta/Alerta")): Text of object 'Object Repository/3-OBJECTS UTILIDADES/Alerta/Alerta' is: 'El viatico ha sido insertado correctamente'

2022-04-29 10:47:30 - [MESSAGE][PASSED] - Text of object 'Object Repository/3-OBJECTS UTILIDADES/Alerta/Alerta' is: 'El viatico ha sido insertado correctamente'

2022-04-29 10:47:30 - [TEST_STEP][PASSED] - click(findTestObject("1-OBJECTS TAREAS PRINCIPALES/Modulo Actos Administrativos/Modulo Viáticos/Modificar Solicitud de Viáticos/a_Regresar")): Object: 'Object Repository/1-OBJECTS TAREAS PRINCIPALES/Modulo Actos Administrativos/Modulo Viáticos/Modificar Solicitud de Viáticos/a_Regresar' is clicked on

2022-04-29 10:47:31 - [MESSAGE][PASSED] - Object: 'Object Repository/1-OBJECTS TAREAS PRINCIPALES/Modulo Actos Administrativos/Modulo Viáticos/Modificar Solicitud de Viáticos/a_Regresar' is clicked on

2022-04-29 10:47:31 - [TEST_STEP][PASSED] - selectOptionByIndex(findTestObject("1-OBJECTS TAREAS PRINCIPALES/Modulo Actos Administrativos/Modulo Viáticos/Modificar Solicitud de Viáticos/select_--Seleccione--AnuladoAutorizadaDerogadaNo AutorizadaProgramadaSolicitado"), 2): All options with index in [2] are selected on object 'Object Repository/1-OBJECTS TAREAS PRINCIPALES/Modulo Actos Administrativos/Modulo Viáticos/Modificar Solicitud de Viáticos/select_--Seleccione--AnuladoAutorizadaDerogadaNo AutorizadaProgramadaSolicitado'

2022-04-29 10:47:32 - [MESSAGE][PASSED] - All options with index in [2] are selected on object 'Object Repository/1-OBJECTS TAREAS PRINCIPALES/Modulo Actos Administrativos/Modulo Viáticos/Modificar Solicitud de Viáticos/select_--Seleccione--AnuladoAutorizadaDerogadaNo AutorizadaProgramadaSolicitado'

2022-04-29 10:47:32 - [TEST_STEP][PASSED] - setText(findTestObject("1-OBJECTS TAREAS PRINCIPALES/Modulo Actos Administrativos/Modulo Viáticos/Crear viatico/input_Ao_form_listadoviaticosanio"), "2021"): Text '2021' is set on object 'Object Repository/1-OBJECTS TAREAS PRINCIPALES/Modulo Actos Administrativos/Modulo Viáticos/Crear viatico/input_Ao_form_listadoviaticosanio'

2022-04-29 10:47:33 - [MESSAGE][PASSED] - Text '2021' is set on object 'Object Repository/1-OBJECTS TAREAS PRINCIPALES/Modulo Actos Administrativos/Modulo Viáticos/Crear viatico/input_Ao_form_listadoviaticosanio'

2022-04-29 10:47:33 - [TEST_STEP][PASSED] - sendKeys(findTestObject("1-OBJECTS TAREAS PRINCIPALES/Modulo Actos Administrativos/Modulo Viáticos/Crear viatico/input_Ao_form_listadoviaticosanio"), Keys.chord(ENTER)): Keys 'ENTER + ' sent to object: 'Object Repository/1-OBJECTS TAREAS PRINCIPALES/Modulo Actos Administrativos/Modulo Viáticos/Crear viatico/input_Ao_form_listadoviaticosanio'

2022-04-29 10:47:34 - [MESSAGE][PASSED] - Keys 'ENTER + ' sent to object: 'Object Repository/1-OBJECTS TAREAS PRINCIPALES/Modulo Actos Administrativos/Modulo Viáticos/Crear viatico/input_Ao_form_listadoviaticosanio'

2022-04-29 10:47:34 - [TEST_STEP][PASSED] - if (waitForElementClickable(findTestObject("1-OBJECTS TAREAS PRINCIPALES/Modulo Actos Administrativos/Modulo Viáticos/Modificar Solicitud de Viáticos/span_01072021"), 1)): null

2022-04-29 10:47:34 - [MESSAGE][PASSED] - Object 'Object Repository/1-OBJECTS TAREAS PRINCIPALES/Modulo Actos Administrativos/Modulo Viáticos/Modificar Solicitud de Viáticos/span_01072021' is clickable

2022-04-29 10:47:34 - [TEST_STEP][PASSED] - click(findTestObject("1-OBJECTS TAREAS PRINCIPALES/Modulo Actos Administrativos/Modulo Viáticos/Modificar Solicitud de Viáticos/span_01072021")): Object: 'Object Repository/1-OBJECTS TAREAS PRINCIPALES/Modulo Actos Administrativos/Modulo Viáticos/Modificar Solicitud de Viáticos/span_01072021' is clicked on

2022-04-29 10:47:35 - [MESSAGE][PASSED] - Object: 'Object Repository/1-OBJECTS TAREAS PRINCIPALES/Modulo Actos Administrativos/Modulo Viáticos/Modificar Solicitud de Viáticos/span_01072021' is clicked on

2022-04-29 10:47:35 - [TEST_STEP][PASSED] - click(findTestObject("1-OBJECTS TAREAS PRINCIPALES/Modulo Actos Administrativos/Modulo Viáticos/Modificar Solicitud de Viáticos/a_Cerrar Desembolsar")): Object: 'Object Repository/1-OBJECTS TAREAS PRINCIPALES/Modulo Actos Administrativos/Modulo Viáticos/Modificar Solicitud de Viáticos/a_Cerrar Desembolsar' is clicked on

2022-04-29 10:47:35 - [MESSAGE][PASSED] - Object: 'Object Repository/1-OBJECTS TAREAS PRINCIPALES/Modulo Actos Administrativos/Modulo Viáticos/Modificar Solicitud de Viáticos/a_Cerrar Desembolsar' is clicked on

2022-04-29 10:47:35 - [TEST_STEP][PASSED] - setText(findTestObject("1-OBJECTS TAREAS PRINCIPALES/Modulo Actos Administrativos/Modulo Viáticos/Modificar Solicitud de Viáticos/input_Fecha_form_popupViaticoCierreDesembolsofecha_input"), "01/07/2021"): Text '01/07/2021' is set on object 'Object Repository/1-OBJECTS TAREAS PRINCIPALES/Modulo Actos Administrativos/Modulo Viáticos/Modificar Solicitud de Viáticos/input_Fecha_form_popupViaticoCierreDesembolsofecha_input'

2022-04-29 10:47:36 - [MESSAGE][PASSED] - Text '01/07/2021' is set on object 'Object Repository/1-OBJECTS TAREAS PRINCIPALES/Modulo Actos Administrativos/Modulo Viáticos/Modificar Solicitud de Viáticos/input_Fecha_form_popupViaticoCierreDesembolsofecha_input'

2022-04-29 10:47:36 - [TEST_STEP][PASSED] - setText(findTestObject("1-OBJECTS TAREAS PRINCIPALES/Modulo Actos Administrativos/Modulo Viáticos/Modificar Solicitud de Viáticos/input_TRM_form_popupViaticoCierreDesembolsotrm"), "5"): Text '5' is set on object 'Object Repository/1-OBJECTS TAREAS PRINCIPALES/Modulo Actos Administrativos/Modulo Viáticos/Modificar Solicitud de Viáticos/input_TRM_form_popupViaticoCierreDesembolsotrm'

2022-04-29 10:47:37 - [MESSAGE][PASSED] - Text '5' is set on object 'Object Repository/1-OBJECTS TAREAS PRINCIPALES/Modulo Actos Administrativos/Modulo Viáticos/Modificar Solicitud de Viáticos/input_TRM_form_popupViaticoCierreDesembolsotrm'

2022-04-29 10:47:37 - [TEST_STEP][PASSED] - click(findTestObject("1-OBJECTS TAREAS PRINCIPALES/Modulo Actos Administrativos/Modulo Viáticos/Modificar Solicitud de Viáticos/a_Aplicar")): Object: 'Object Repository/1-OBJECTS TAREAS PRINCIPALES/Modulo Actos Administrativos/Modulo Viáticos/Modificar Solicitud de Viáticos/a_Aplicar' is clicked on

2022-04-29 10:47:38 - [MESSAGE][PASSED] - Object: 'Object Repository/1-OBJECTS TAREAS PRINCIPALES/Modulo Actos Administrativos/Modulo Viáticos/Modificar Solicitud de Viáticos/a_Aplicar' is clicked on

2022-04-29 10:47:38 - [TEST_STEP][PASSED] - click(findTestObject("1-OBJECTS TAREAS PRINCIPALES/Modulo Actos Administrativos/Modulo Viáticos/Modificar Solicitud de Viáticos/a_Regresar")): Object: 'Object Repository/1-OBJECTS TAREAS PRINCIPALES/Modulo Actos Administrativos/Modulo Viáticos/Modificar Solicitud de Viáticos/a_Regresar' is clicked on

2022-04-29 10:47:38 - [MESSAGE][PASSED] - Object: 'Object Repository/1-OBJECTS TAREAS PRINCIPALES/Modulo Actos Administrativos/Modulo Viáticos/Modificar Solicitud de Viáticos/a_Regresar' is clicked on

2022-04-29 10:47:38 - [TEST_STEP][PASSED] - waitForElementClickable(findTestObject("1-OBJECTS TAREAS PRINCIPALES/Modulo Actos Administrativos/Modulo Viáticos/Modificar Solicitud de Viáticos/a_Nuevo"), 0): Object 'Object Repository/1-OBJECTS TAREAS PRINCIPALES/Modulo Actos Administrativos/Modulo Viáticos/Modificar Solicitud de Viáticos/a_Nuevo' is clickable

2022-04-29 10:47:38 - [MESSAGE][WARNING] - Timeout '0' is invalid. Using default page load timeout: '45'

2022-04-29 10:47:39 - [MESSAGE][PASSED] - Object 'Object Repository/1-OBJECTS TAREAS PRINCIPALES/Modulo Actos Administrativos/Modulo Viáticos/Modificar Solicitud de Viáticos/a_Nuevo' is clickable

2022-04-29 10:47:39 - [TEST_STEP][PASSED] - click(findTestObject("1-OBJECTS TAREAS PRINCIPALES/Modulo Actos Administrativos/Modulo Viáticos/Modificar Solicitud de Viáticos/a_Nuevo")): Object: 'Object Repository/1-OBJECTS TAREAS PRINCIPALES/Modulo Actos Administrativos/Modulo Viáticos/Modificar Solicitud de Viáticos/a_Nuevo' is clicked on

2022-04-29 10:47:39 - [MESSAGE][PASSED] - Object: 'Object Repository/1-OBJECTS TAREAS PRINCIPALES/Modulo Actos Administrativos/Modulo Viáticos/Modificar Solicitud de Viáticos/a_Nuevo' is clicked on

2022-04-29 10:47:39 - [TEST_STEP][PASSED] - click(findTestObject("1-OBJECTS TAREAS PRINCIPALES/Modulo Actos Administrativos/Modulo Viáticos/Modificar Solicitud de Viáticos/span_Modificar una solicitud de vitico")): Object: 'Object Repository/1-OBJECTS TAREAS PRINCIPALES/Modulo Actos Administrativos/Modulo Viáticos/Modificar Solicitud de Viáticos/span_Modificar una solicitud de vitico' is clicked on

2022-04-29 10:47:40 - [MESSAGE][PASSED] - Object: 'Object Repository/1-OBJECTS TAREAS PRINCIPALES/Modulo Actos Administrativos/Modulo Viáticos/Modificar Solicitud de Viáticos/span_Modificar una solicitud de vitico' is clicked on

2022-04-29 10:47:40 - [TEST_STEP][PASSED] - waitForElementClickable(findTestObject("1-OBJECTS TAREAS PRINCIPALES/Modulo Actos Administrativos/Modulo Viáticos/Modificar Solicitud de Viáticos/input_Documento_form_listadoviaticosfechaViat_input"), 0): Object 'Object Repository/1-OBJECTS TAREAS PRINCIPALES/Modulo Actos Administrativos/Modulo Viáticos/Modificar Solicitud de Viáticos/input_Documento_form_listadoviaticosfechaViat_input' is clickable

2022-04-29 10:47:40 - [MESSAGE][WARNING] - Timeout '0' is invalid. Using default page load timeout: '45'

2022-04-29 10:47:41 - [MESSAGE][PASSED] - Object 'Object Repository/1-OBJECTS TAREAS PRINCIPALES/Modulo Actos Administrativos/Modulo Viáticos/Modificar Solicitud de Viáticos/input_Documento_form_listadoviaticosfechaViat_input' is clickable

2022-04-29 10:47:41 - [TEST_STEP][PASSED] - setText(findTestObject("1-OBJECTS TAREAS PRINCIPALES/Modulo Actos Administrativos/Modulo Viáticos/Modificar Solicitud de Viáticos/input_Documento_form_listadoviaticosfechaViat_input"), "01/07/2021"): Text '01/07/2021' is set on object 'Object Repository/1-OBJECTS TAREAS PRINCIPALES/Modulo Actos Administrativos/Modulo Viáticos/Modificar Solicitud de Viáticos/input_Documento_form_listadoviaticosfechaViat_input'

2022-04-29 10:47:41 - [MESSAGE][PASSED] - Text '01/07/2021' is set on object 'Object Repository/1-OBJECTS TAREAS PRINCIPALES/Modulo Actos Administrativos/Modulo Viáticos/Modificar Solicitud de Viáticos/input_Documento_form_listadoviaticosfechaViat_input'

2022-04-29 10:47:41 - [TEST_STEP][PASSED] - sendKeys(findTestObject("1-OBJECTS TAREAS PRINCIPALES/Modulo Actos Administrativos/Modulo Viáticos/Modificar Solicitud de Viáticos/input_Documento_form_listadoviaticosfechaViat_input"), Keys.chord(ENTER)): Keys 'ENTER + ' sent to object: 'Object Repository/1-OBJECTS TAREAS PRINCIPALES/Modulo Actos Administrativos/Modulo Viáticos/Modificar Solicitud de Viáticos/input_Documento_form_listadoviaticosfechaViat_input'

2022-04-29 10:47:42 - [MESSAGE][PASSED] - Keys 'ENTER + ' sent to object: 'Object Repository/1-OBJECTS TAREAS PRINCIPALES/Modulo Actos Administrativos/Modulo Viáticos/Modificar Solicitud de Viáticos/input_Documento_form_listadoviaticosfechaViat_input'

2022-04-29 10:47:42 - [TEST_STEP][PASSED] - sendKeys(findTestObject("1-OBJECTS TAREAS PRINCIPALES/Modulo Actos Administrativos/Modulo Viáticos/Modificar Solicitud de Viáticos/input_Documento_form_listadoviaticosfechaViat_input"), Keys.chord(ESCAPE)): Keys 'ESCAPE + ' sent to object: 'Object Repository/1-OBJECTS TAREAS PRINCIPALES/Modulo Actos Administrativos/Modulo Viáticos/Modificar Solicitud de Viáticos/input_Documento_form_listadoviaticosfechaViat_input'

2022-04-29 10:47:43 - [MESSAGE][PASSED] - Keys 'ESCAPE + ' sent to object: 'Object Repository/1-OBJECTS TAREAS PRINCIPALES/Modulo Actos Administrativos/Modulo Viáticos/Modificar Solicitud de Viáticos/input_Documento_form_listadoviaticosfechaViat_input'

2022-04-29 10:47:43 - [TEST_STEP][PASSED] - click(findTestObject("1-OBJECTS TAREAS PRINCIPALES/Modulo Actos Administrativos/Modulo Viáticos/Modificar Solicitud de Viáticos/td_01072021")): Object: 'Object Repository/1-OBJECTS TAREAS PRINCIPALES/Modulo Actos Administrativos/Modulo Viáticos/Modificar Solicitud de Viáticos/td_01072021' is clicked on

2022-04-29 10:47:43 - [MESSAGE][PASSED] - Object: 'Object Repository/1-OBJECTS TAREAS PRINCIPALES/Modulo Actos Administrativos/Modulo Viáticos/Modificar Solicitud de Viáticos/td_01072021' is clicked on

2022-04-29 10:47:43 - [TEST_STEP][PASSED] - waitForElementClickable(findTestObject("1-OBJECTS TAREAS PRINCIPALES/Modulo Actos Administrativos/Modulo Viáticos/Modificar Solicitud de Viáticos/input_Fecha_form_detalleviaticosFechaNumero_input"), 0): Object 'Object Repository/1-OBJECTS TAREAS PRINCIPALES/Modulo Actos Administrativos/Modulo Viáticos/Modificar Solicitud de Viáticos/input_Fecha_form_detalleviaticosFechaNumero_input' is clickable

2022-04-29 10:47:43 - [MESSAGE][WARNING] - Timeout '0' is invalid. Using default page load timeout: '45'

2022-04-29 10:47:44 - [MESSAGE][PASSED] - Object 'Object Repository/1-OBJECTS TAREAS PRINCIPALES/Modulo Actos Administrativos/Modulo Viáticos/Modificar Solicitud de Viáticos/input_Fecha_form_detalleviaticosFechaNumero_input' is clickable

2022-04-29 10:47:44 - [TEST_STEP][PASSED] - setText(findTestObject("1-OBJECTS TAREAS PRINCIPALES/Modulo Actos Administrativos/Modulo Viáticos/Modificar Solicitud de Viáticos/input_Fecha_form_detalleviaticosFechaNumero_input"), "01/07/2021"): Text '01/07/2021' is set on object 'Object Repository/1-OBJECTS TAREAS PRINCIPALES/Modulo Actos Administrativos/Modulo Viáticos/Modificar Solicitud de Viáticos/input_Fecha_form_detalleviaticosFechaNumero_input'

2022-04-29 10:47:44 - [MESSAGE][PASSED] - Text '01/07/2021' is set on object 'Object Repository/1-OBJECTS TAREAS PRINCIPALES/Modulo Actos Administrativos/Modulo Viáticos/Modificar Solicitud de Viáticos/input_Fecha_form_detalleviaticosFechaNumero_input'

2022-04-29 10:47:44 - [TEST_STEP][PASSED] - setText(findTestObject("1-OBJECTS TAREAS PRINCIPALES/Modulo Actos Administrativos/Modulo Viáticos/Modificar Solicitud de Viáticos/input_Nmero_form_detalleviaticosNumero"), "5"): Text '5' is set on object 'Object Repository/1-OBJECTS TAREAS PRINCIPALES/Modulo Actos Administrativos/Modulo Viáticos/Modificar Solicitud de Viáticos/input_Nmero_form_detalleviaticosNumero'

2022-04-29 10:47:45 - [MESSAGE][PASSED] - Text '5' is set on object 'Object Repository/1-OBJECTS TAREAS PRINCIPALES/Modulo Actos Administrativos/Modulo Viáticos/Modificar Solicitud de Viáticos/input_Nmero_form_detalleviaticosNumero'

2022-04-29 10:47:45 - [TEST_STEP][PASSED] - setText(findTestObject("1-OBJECTS TAREAS PRINCIPALES/Modulo Actos Administrativos/Modulo Viáticos/Modificar Solicitud de Viáticos/textarea_Motivo Modificacin_form_detalleviaticosmotivoModificacion"), "prueba"): Text 'prueba' is set on object 'Object Repository/1-OBJECTS TAREAS PRINCIPALES/Modulo Actos Administrativos/Modulo Viáticos/Modificar Solicitud de Viáticos/textarea_Motivo Modificacin_form_detalleviaticosmotivoModificacion'

2022-04-29 10:47:46 - [MESSAGE][PASSED] - Text 'prueba' is set on object 'Object Repository/1-OBJECTS TAREAS PRINCIPALES/Modulo Actos Administrativos/Modulo Viáticos/Modificar Solicitud de Viáticos/textarea_Motivo Modificacin_form_detalleviaticosmotivoModificacion'

2022-04-29 10:47:46 - [TEST_STEP][PASSED] - click(findTestObject("1-OBJECTS TAREAS PRINCIPALES/Modulo Actos Administrativos/Modulo Viáticos/Modificar Solicitud de Viáticos/a_Guardar_modficar")): Object: 'Object Repository/1-OBJECTS TAREAS PRINCIPALES/Modulo Actos Administrativos/Modulo Viáticos/Modificar Solicitud de Viáticos/a_Guardar_modficar' is clicked on

2022-04-29 10:47:46 - [MESSAGE][PASSED] - Object: 'Object Repository/1-OBJECTS TAREAS PRINCIPALES/Modulo Actos Administrativos/Modulo Viáticos/Modificar Solicitud de Viáticos/a_Guardar_modficar' is clicked on

2022-04-29 10:47:46 - [TEST_STEP][PASSED] - Result0 = getText(findTestObject("3-OBJECTS UTILIDADES/Alerta/Alerta")): Text of object 'Object Repository/3-OBJECTS UTILIDADES/Alerta/Alerta' is: 'El viatico ha sido insertado correctamente'

2022-04-29 10:47:47 - [MESSAGE][PASSED] - Text of object 'Object Repository/3-OBJECTS UTILIDADES/Alerta/Alerta' is: 'El viatico ha sido insertado correctamente'

2022-04-29 10:47:47 - [TEST_STEP][PASSED] - if (Result0 == "El viatico ha sido insertado correctamente"): Browser is closed

2022-04-29 10:47:47 - [TEST_STEP][PASSED] - closeBrowser(): Browser is closed

2022-04-29 10:47:48 - [MESSAGE][PASSED] - Browser is closed]]></system-out>
         <system-err><![CDATA[]]></system-err>
      </testcase>
      <testcase name="Test Cases/1.1-Tareas Principales/1.6.6 Anulación y Legalización de viáticos" time="48.503" classname="Test Cases/1.1-Tareas Principales/1.6.6 Anulación y Legalización de viáticos" status="FAILED">
         <failure type="FAILED" message="Test Cases/1.1-Tareas Principales/1.6.6 Anulación y Legalización de viáticos FAILED.
Reason:
com.kms.katalon.core.exception.StepFailedException: Unable to click on object 'Object Repository/1-OBJECTS TAREAS PRINCIPALES/Modulo Actos Administrativos/Modulo Viáticos/Anulación y Legalización de viáticos/a_Listado Costos Pendientes'
	at com.kms.katalon.core.webui.keyword.internal.WebUIKeywordMain.stepFailed(WebUIKeywordMain.groovy:64)
	at com.kms.katalon.core.webui.keyword.internal.WebUIKeywordMain.runKeyword(WebUIKeywordMain.groovy:26)
	at com.kms.katalon.core.webui.keyword.builtin.ClickKeyword.click(ClickKeyword.groovy:74)
	at com.kms.katalon.core.webui.keyword.builtin.ClickKeyword.execute(ClickKeyword.groovy:40)
	at com.kms.katalon.core.keyword.internal.KeywordExecutor.executeKeywordForPlatform(KeywordExecutor.groovy:74)
	at com.kms.katalon.core.webui.keyword.WebUiBuiltInKeywords.click(WebUiBuiltInKeywords.groovy:620)
	at com.kms.katalon.core.webui.keyword.WebUiBuiltInKeywords$click$5.call(Unknown Source)
	at 1.6.6 Anulación y Legalización de viáticos.run(1.6.6 Anulación y Legalización de viáticos:423)
	at com.kms.katalon.core.main.ScriptEngine.run(ScriptEngine.java:194)
	at com.kms.katalon.core.main.ScriptEngine.runScriptAsRawText(ScriptEngine.java:119)
	at com.kms.katalon.core.main.TestCaseExecutor.runScript(TestCaseExecutor.java:445)
	at com.kms.katalon.core.main.TestCaseExecutor.doExecute(TestCaseExecutor.java:436)
	at com.kms.katalon.core.main.TestCaseExecutor.processExecutionPhase(TestCaseExecutor.java:415)
	at com.kms.katalon.core.main.TestCaseExecutor.accessMainPhase(TestCaseExecutor.java:407)
	at com.kms.katalon.core.main.TestCaseExecutor.execute(TestCaseExecutor.java:284)
	at com.kms.katalon.core.common.CommonExecutor.accessTestCaseMainPhase(CommonExecutor.java:65)
	at com.kms.katalon.core.main.TestSuiteExecutor.accessTestSuiteMainPhase(TestSuiteExecutor.java:144)
	at com.kms.katalon.core.main.TestSuiteExecutor.execute(TestSuiteExecutor.java:106)
	at com.kms.katalon.core.main.TestCaseMain.startTestSuite(TestCaseMain.java:185)
	at com.kms.katalon.core.main.TestCaseMain$startTestSuite$0.call(Unknown Source)
	at TempTestSuite1651245283467.run(TempTestSuite1651245283467.groovy:36)
Caused by: org.openqa.selenium.ElementNotInteractableException: element not interactable
  (Session info: chrome=100.0.4896.127)
Build info: version: '3.141.59', revision: 'e82be7d358', time: '2018-11-14T08:25:53'
System info: host: 'US-AF-000371', ip: '192.168.56.1', os.name: 'Windows 10', os.arch: 'amd64', os.version: '10.0', java.version: '1.8.0_282'
Driver info: com.kms.katalon.selenium.driver.CChromeDriver
Capabilities {acceptInsecureCerts: false, browserName: chrome, browserVersion: 100.0.4896.127, chrome: {chromedriverVersion: 100.0.4896.60 (6a5d10861ce8..., userDataDir: C:\Users\DIEGO~1.ROJ\AppDat...}, goog:chromeOptions: {debuggerAddress: localhost:54564}, javascriptEnabled: true, networkConnectionEnabled: false, pageLoadStrategy: normal, platform: WINDOWS, platformName: WINDOWS, proxy: Proxy(), setWindowRect: true, strictFileInteractability: false, timeouts: {implicit: 0, pageLoad: 300000, script: 30000}, unhandledPromptBehavior: dismiss and notify, webauthn:extension:credBlob: true, webauthn:extension:largeBlob: true, webauthn:virtualAuthenticators: true}
Session ID: 615da9c4e3a3faab3462f1a1b3ce693d
	at org.openqa.selenium.remote.http.W3CHttpResponseCodec.createException(W3CHttpResponseCodec.java:187)
	at org.openqa.selenium.remote.http.W3CHttpResponseCodec.decode(W3CHttpResponseCodec.java:122)
	at org.openqa.selenium.remote.http.W3CHttpResponseCodec.decode(W3CHttpResponseCodec.java:49)
	at org.openqa.selenium.remote.HttpCommandExecutor.execute(HttpCommandExecutor.java:158)
	at org.openqa.selenium.remote.service.DriverCommandExecutor.execute(DriverCommandExecutor.java:83)
	at org.openqa.selenium.remote.RemoteWebDriver.execute(RemoteWebDriver.java:552)
	at com.kms.katalon.selenium.driver.CChromeDriver.execute(CChromeDriver.java:19)
	at org.openqa.selenium.remote.RemoteWebElement.execute(RemoteWebElement.java:285)
	at org.openqa.selenium.remote.RemoteWebElement.click(RemoteWebElement.java:84)
	at org.openqa.selenium.support.events.EventFiringWebDriver$EventFiringWebElement.lambda$new$0(EventFiringWebDriver.java:404)
	at com.sun.proxy.$Proxy11.click(Unknown Source)
	at org.openqa.selenium.support.events.EventFiringWebDriver$EventFiringWebElement.click(EventFiringWebDriver.java:417)
	at org.openqa.selenium.WebElement$click$0.call(Unknown Source)
	at com.kms.katalon.core.webui.keyword.builtin.ClickKeyword.clickUntilSuccessWithTimeout(ClickKeyword.groovy:81)
	at com.kms.katalon.core.webui.keyword.builtin.ClickKeyword.clickUntilSuccessWithTimeout(ClickKeyword.groovy)
	at com.kms.katalon.core.webui.keyword.builtin.ClickKeyword$_click_closure1.doCall(ClickKeyword.groovy:67)
	at com.kms.katalon.core.webui.keyword.builtin.ClickKeyword$_click_closure1.call(ClickKeyword.groovy)
	at com.kms.katalon.core.webui.keyword.internal.WebUIKeywordMain.runKeyword(WebUIKeywordMain.groovy:20)
	... 19 more
"/>
         <system-out><![CDATA[2022-04-29 10:47:48 - [TEST_CASE][FAILED] - Test Cases/1.1-Tareas Principales/1.6.6 Anulación y Legalización de viáticos: Test Cases/1.1-Tareas Principales/1.6.6 Anulación y Legalización de viáticos FAILED.
Reason:
com.kms.katalon.core.exception.StepFailedException: Unable to click on object 'Object Repository/1-OBJECTS TAREAS PRINCIPALES/Modulo Actos Administrativos/Modulo Viáticos/Anulación y Legalización de viáticos/a_Listado Costos Pendientes'
	at com.kms.katalon.core.webui.keyword.internal.WebUIKeywordMain.stepFailed(WebUIKeywordMain.groovy:64)
	at com.kms.katalon.core.webui.keyword.internal.WebUIKeywordMain.runKeyword(WebUIKeywordMain.groovy:26)
	at com.kms.katalon.core.webui.keyword.builtin.ClickKeyword.click(ClickKeyword.groovy:74)
	at com.kms.katalon.core.webui.keyword.builtin.ClickKeyword.execute(ClickKeyword.groovy:40)
	at com.kms.katalon.core.keyword.internal.KeywordExecutor.executeKeywordForPlatform(KeywordExecutor.groovy:74)
	at com.kms.katalon.core.webui.keyword.WebUiBuiltInKeywords.click(WebUiBuiltInKeywords.groovy:620)
	at com.kms.katalon.core.webui.keyword.WebUiBuiltInKeywords$click$5.call(Unknown Source)
	at 1.6.6 Anulación y Legalización de viáticos.run(1.6.6 Anulación y Legalización de viáticos:423)
	at com.kms.katalon.core.main.ScriptEngine.run(ScriptEngine.java:194)
	at com.kms.katalon.core.main.ScriptEngine.runScriptAsRawText(ScriptEngine.java:119)
	at com.kms.katalon.core.main.TestCaseExecutor.runScript(TestCaseExecutor.java:445)
	at com.kms.katalon.core.main.TestCaseExecutor.doExecute(TestCaseExecutor.java:436)
	at com.kms.katalon.core.main.TestCaseExecutor.processExecutionPhase(TestCaseExecutor.java:415)
	at com.kms.katalon.core.main.TestCaseExecutor.accessMainPhase(TestCaseExecutor.java:407)
	at com.kms.katalon.core.main.TestCaseExecutor.execute(TestCaseExecutor.java:284)
	at com.kms.katalon.core.common.CommonExecutor.accessTestCaseMainPhase(CommonExecutor.java:65)
	at com.kms.katalon.core.main.TestSuiteExecutor.accessTestSuiteMainPhase(TestSuiteExecutor.java:144)
	at com.kms.katalon.core.main.TestSuiteExecutor.execute(TestSuiteExecutor.java:106)
	at com.kms.katalon.core.main.TestCaseMain.startTestSuite(TestCaseMain.java:185)
	at com.kms.katalon.core.main.TestCaseMain$startTestSuite$0.call(Unknown Source)
	at TempTestSuite1651245283467.run(TempTestSuite1651245283467.groovy:36)
Caused by: org.openqa.selenium.ElementNotInteractableException: element not interactable
  (Session info: chrome=100.0.4896.127)
Build info: version: '3.141.59', revision: 'e82be7d358', time: '2018-11-14T08:25:53'
System info: host: 'US-AF-000371', ip: '192.168.56.1', os.name: 'Windows 10', os.arch: 'amd64', os.version: '10.0', java.version: '1.8.0_282'
Driver info: com.kms.katalon.selenium.driver.CChromeDriver
Capabilities {acceptInsecureCerts: false, browserName: chrome, browserVersion: 100.0.4896.127, chrome: {chromedriverVersion: 100.0.4896.60 (6a5d10861ce8..., userDataDir: C:\Users\DIEGO~1.ROJ\AppDat...}, goog:chromeOptions: {debuggerAddress: localhost:54564}, javascriptEnabled: true, networkConnectionEnabled: false, pageLoadStrategy: normal, platform: WINDOWS, platformName: WINDOWS, proxy: Proxy(), setWindowRect: true, strictFileInteractability: false, timeouts: {implicit: 0, pageLoad: 300000, script: 30000}, unhandledPromptBehavior: dismiss and notify, webauthn:extension:credBlob: true, webauthn:extension:largeBlob: true, webauthn:virtualAuthenticators: true}
Session ID: 615da9c4e3a3faab3462f1a1b3ce693d
	at org.openqa.selenium.remote.http.W3CHttpResponseCodec.createException(W3CHttpResponseCodec.java:187)
	at org.openqa.selenium.remote.http.W3CHttpResponseCodec.decode(W3CHttpResponseCodec.java:122)
	at org.openqa.selenium.remote.http.W3CHttpResponseCodec.decode(W3CHttpResponseCodec.java:49)
	at org.openqa.selenium.remote.HttpCommandExecutor.execute(HttpCommandExecutor.java:158)
	at org.openqa.selenium.remote.service.DriverCommandExecutor.execute(DriverCommandExecutor.java:83)
	at org.openqa.selenium.remote.RemoteWebDriver.execute(RemoteWebDriver.java:552)
	at com.kms.katalon.selenium.driver.CChromeDriver.execute(CChromeDriver.java:19)
	at org.openqa.selenium.remote.RemoteWebElement.execute(RemoteWebElement.java:285)
	at org.openqa.selenium.remote.RemoteWebElement.click(RemoteWebElement.java:84)
	at org.openqa.selenium.support.events.EventFiringWebDriver$EventFiringWebElement.lambda$new$0(EventFiringWebDriver.java:404)
	at com.sun.proxy.$Proxy11.click(Unknown Source)
	at org.openqa.selenium.support.events.EventFiringWebDriver$EventFiringWebElement.click(EventFiringWebDriver.java:417)
	at org.openqa.selenium.WebElement$click$0.call(Unknown Source)
	at com.kms.katalon.core.webui.keyword.builtin.ClickKeyword.clickUntilSuccessWithTimeout(ClickKeyword.groovy:81)
	at com.kms.katalon.core.webui.keyword.builtin.ClickKeyword.clickUntilSuccessWithTimeout(ClickKeyword.groovy)
	at com.kms.katalon.core.webui.keyword.builtin.ClickKeyword$_click_closure1.doCall(ClickKeyword.groovy:67)
	at com.kms.katalon.core.webui.keyword.builtin.ClickKeyword$_click_closure1.call(ClickKeyword.groovy)
	at com.kms.katalon.core.webui.keyword.internal.WebUIKeywordMain.runKeyword(WebUIKeywordMain.groovy:20)
	... 19 more


2022-04-29 10:47:49 - [TEST_STEP][PASSED] - callTestCase(findTestCase("0.1-Login"), [:], STOP_ON_FAILURE): Call Test Case 'Test Cases/0.1-Login' successfully

2022-04-29 10:47:49 - [TEST_CASE][PASSED] - Test Cases/0.1-Login: Test Cases/0.1-Login

2022-04-29 10:47:49 - [TEST_STEP][PASSED] - openBrowser(""): Browser is opened with url: ''

2022-04-29 10:47:49 - [MESSAGE][INFO] - Starting 'Chrome' driver

2022-04-29 10:47:49 - [MESSAGE][INFO] - Action delay is set to 0 milliseconds

2022-04-29 10:47:50 - [MESSAGE][PASSED] - Browser is opened with url: ''

2022-04-29 10:47:50 - [TEST_STEP][PASSED] - maximizeWindow(): Current window maximized

2022-04-29 10:47:50 - [MESSAGE][PASSED] - Current window maximized

2022-04-29 10:47:50 - [TEST_STEP][PASSED] - i = G_Login: null

2022-04-29 10:47:50 - [TEST_STEP][PASSED] - url = new java.net.URL(i): null

2022-04-29 10:47:50 - [TEST_STEP][PASSED] - println("URL: " + url.toString()): null

2022-04-29 10:47:50 - [TEST_STEP][PASSED] - connection = url.openConnection(): null

2022-04-29 10:47:50 - [TEST_STEP][PASSED] - connection.setRequestMethod("GET"): null

2022-04-29 10:47:50 - [TEST_STEP][PASSED] - connection.setReadTimeout(2 * 1000): null

2022-04-29 10:47:50 - [TEST_STEP][PASSED] - try: null

2022-04-29 10:47:50 - [TEST_STEP][PASSED] - connection.connect(): null

2022-04-29 10:47:50 - [TEST_STEP][PASSED] - flag = connected: null

2022-04-29 10:47:50 - [TEST_STEP][PASSED] - println("Valor_ori: " + flag): null

2022-04-29 10:47:50 - [TEST_STEP][PASSED] - if (flag): null

2022-04-29 10:47:50 - [TEST_STEP][PASSED] - navigateToUrl(i): Navigate to 'http://192.168.2.19:8380/saraweb' successfully

2022-04-29 10:47:50 - [MESSAGE][PASSED] - Navigate to 'http://192.168.2.19:8380/saraweb' successfully

2022-04-29 10:47:50 - [TEST_STEP][PASSED] - a(): null

2022-04-29 10:47:50 - [TEST_STEP][PASSED] - setText(findTestObject("3-OBJECTS UTILIDADES/Login/input_USUARIO_loginusuario"), G_Usuario): Text 'saraadmin' is set on object 'Object Repository/3-OBJECTS UTILIDADES/Login/input_USUARIO_loginusuario'

2022-04-29 10:47:51 - [MESSAGE][PASSED] - Text 'saraadmin' is set on object 'Object Repository/3-OBJECTS UTILIDADES/Login/input_USUARIO_loginusuario'

2022-04-29 10:47:51 - [TEST_STEP][PASSED] - setEncryptedText(findTestObject("3-OBJECTS UTILIDADES/Login/input_CLAVE_loginpassword"), "MkG4/TYiCFC3cb2driP7+Q=="): Text ****** has been set on object 'Object Repository/3-OBJECTS UTILIDADES/Login/input_CLAVE_loginpassword'

2022-04-29 10:47:52 - [MESSAGE][PASSED] - Text ****** has been set on object 'Object Repository/3-OBJECTS UTILIDADES/Login/input_CLAVE_loginpassword'

2022-04-29 10:47:52 - [TEST_STEP][PASSED] - waitForElementClickable(findTestObject("3-OBJECTS UTILIDADES/Login/a_Ingresar"), G_TimeOut): Object 'Object Repository/3-OBJECTS UTILIDADES/Login/a_Ingresar' is clickable

2022-04-29 10:47:52 - [MESSAGE][PASSED] - Object 'Object Repository/3-OBJECTS UTILIDADES/Login/a_Ingresar' is clickable

2022-04-29 10:47:52 - [TEST_STEP][PASSED] - click(findTestObject("3-OBJECTS UTILIDADES/Login/a_Ingresar")): Object: 'Object Repository/3-OBJECTS UTILIDADES/Login/a_Ingresar' is clicked on

2022-04-29 10:47:53 - [MESSAGE][PASSED] - Object: 'Object Repository/3-OBJECTS UTILIDADES/Login/a_Ingresar' is clicked on

2022-04-29 10:47:53 - [TEST_STEP][PASSED] - element = findWebElement(findTestObject("3-OBJECTS UTILIDADES/Login/a_Ir"), 30): null

2022-04-29 10:47:54 - [TEST_STEP][PASSED] - executeJavaScript("arguments[0].click()", Arrays.asList(element)): Execute JavaScript 'arguments[0].click()' successfully

2022-04-29 10:47:54 - [MESSAGE][PASSED] - Execute JavaScript 'arguments[0].click()' successfully

2022-04-29 10:47:54 - [MESSAGE][PASSED] - Call Test Case 'Test Cases/0.1-Login' successfully

2022-04-29 10:47:54 - [TEST_STEP][PASSED] - waitForElementClickable(findTestObject("1-OBJECTS TAREAS PRINCIPALES/Modulo Actos Administrativos/Modulo Viáticos/Anulación y Legalización de viáticos/input_ADMINISTRADOR DEL SISTEMA - SARA_form_templatej_idt24_input"), 0): Object 'Object Repository/1-OBJECTS TAREAS PRINCIPALES/Modulo Actos Administrativos/Modulo Viáticos/Anulación y Legalización de viáticos/input_ADMINISTRADOR DEL SISTEMA - SARA_form_templatej_idt24_input' is clickable

2022-04-29 10:47:54 - [MESSAGE][WARNING] - Timeout '0' is invalid. Using default page load timeout: '45'

2022-04-29 10:47:54 - [MESSAGE][PASSED] - Object 'Object Repository/1-OBJECTS TAREAS PRINCIPALES/Modulo Actos Administrativos/Modulo Viáticos/Anulación y Legalización de viáticos/input_ADMINISTRADOR DEL SISTEMA - SARA_form_templatej_idt24_input' is clickable

2022-04-29 10:47:54 - [TEST_STEP][PASSED] - setText(findTestObject("1-OBJECTS TAREAS PRINCIPALES/Modulo Actos Administrativos/Modulo Viáticos/Anulación y Legalización de viáticos/input_ADMINISTRADOR DEL SISTEMA - SARA_form_templatej_idt24_input"), "listado de viaticos"): Text 'listado de viaticos' is set on object 'Object Repository/1-OBJECTS TAREAS PRINCIPALES/Modulo Actos Administrativos/Modulo Viáticos/Anulación y Legalización de viáticos/input_ADMINISTRADOR DEL SISTEMA - SARA_form_templatej_idt24_input'

2022-04-29 10:47:55 - [MESSAGE][PASSED] - Text 'listado de viaticos' is set on object 'Object Repository/1-OBJECTS TAREAS PRINCIPALES/Modulo Actos Administrativos/Modulo Viáticos/Anulación y Legalización de viáticos/input_ADMINISTRADOR DEL SISTEMA - SARA_form_templatej_idt24_input'

2022-04-29 10:47:55 - [TEST_STEP][PASSED] - waitForElementClickable(findTestObject("1-OBJECTS TAREAS PRINCIPALES/Modulo Actos Administrativos/Modulo Viáticos/Anulación y Legalización de viáticos/span_Listado de Viaticos"), 0): Object 'Object Repository/1-OBJECTS TAREAS PRINCIPALES/Modulo Actos Administrativos/Modulo Viáticos/Anulación y Legalización de viáticos/span_Listado de Viaticos' is clickable

2022-04-29 10:47:55 - [MESSAGE][WARNING] - Timeout '0' is invalid. Using default page load timeout: '45'

2022-04-29 10:47:57 - [MESSAGE][PASSED] - Object 'Object Repository/1-OBJECTS TAREAS PRINCIPALES/Modulo Actos Administrativos/Modulo Viáticos/Anulación y Legalización de viáticos/span_Listado de Viaticos' is clickable

2022-04-29 10:47:57 - [TEST_STEP][PASSED] - sendKeys(findTestObject("1-OBJECTS TAREAS PRINCIPALES/Modulo Actos Administrativos/Modulo Viáticos/Anulación y Legalización de viáticos/input_ADMINISTRADOR DEL SISTEMA - SARA_form_templatej_idt24_input"), Keys.chord(ENTER)): Keys 'ENTER + ' sent to object: 'Object Repository/1-OBJECTS TAREAS PRINCIPALES/Modulo Actos Administrativos/Modulo Viáticos/Anulación y Legalización de viáticos/input_ADMINISTRADOR DEL SISTEMA - SARA_form_templatej_idt24_input'

2022-04-29 10:47:57 - [MESSAGE][PASSED] - Keys 'ENTER + ' sent to object: 'Object Repository/1-OBJECTS TAREAS PRINCIPALES/Modulo Actos Administrativos/Modulo Viáticos/Anulación y Legalización de viáticos/input_ADMINISTRADOR DEL SISTEMA - SARA_form_templatej_idt24_input'

2022-04-29 10:47:57 - [TEST_STEP][PASSED] - setText(findTestObject("1-OBJECTS TAREAS PRINCIPALES/Modulo Actos Administrativos/Modulo Viáticos/Crear viatico/input_Ao_form_listadoviaticosanio"), "2021"): Text '2021' is set on object 'Object Repository/1-OBJECTS TAREAS PRINCIPALES/Modulo Actos Administrativos/Modulo Viáticos/Crear viatico/input_Ao_form_listadoviaticosanio'

2022-04-29 10:47:59 - [MESSAGE][PASSED] - Text '2021' is set on object 'Object Repository/1-OBJECTS TAREAS PRINCIPALES/Modulo Actos Administrativos/Modulo Viáticos/Crear viatico/input_Ao_form_listadoviaticosanio'

2022-04-29 10:47:59 - [TEST_STEP][PASSED] - sendKeys(findTestObject("1-OBJECTS TAREAS PRINCIPALES/Modulo Actos Administrativos/Modulo Viáticos/Crear viatico/input_Ao_form_listadoviaticosanio"), Keys.chord(ENTER)): Keys 'ENTER + ' sent to object: 'Object Repository/1-OBJECTS TAREAS PRINCIPALES/Modulo Actos Administrativos/Modulo Viáticos/Crear viatico/input_Ao_form_listadoviaticosanio'

2022-04-29 10:47:59 - [MESSAGE][PASSED] - Keys 'ENTER + ' sent to object: 'Object Repository/1-OBJECTS TAREAS PRINCIPALES/Modulo Actos Administrativos/Modulo Viáticos/Crear viatico/input_Ao_form_listadoviaticosanio'

2022-04-29 10:47:59 - [TEST_STEP][PASSED] - selectOptionByIndex(findTestObject("1-OBJECTS TAREAS PRINCIPALES/Modulo Actos Administrativos/Modulo Viáticos/Crear viatico/select_--Seleccione--AnuladoAutorizadaDerogadaNo AutorizadaProgramadaSolicitado"), 5): All options with index in [5] are selected on object 'Object Repository/1-OBJECTS TAREAS PRINCIPALES/Modulo Actos Administrativos/Modulo Viáticos/Crear viatico/select_--Seleccione--AnuladoAutorizadaDerogadaNo AutorizadaProgramadaSolicitado'

2022-04-29 10:48:00 - [MESSAGE][PASSED] - All options with index in [5] are selected on object 'Object Repository/1-OBJECTS TAREAS PRINCIPALES/Modulo Actos Administrativos/Modulo Viáticos/Crear viatico/select_--Seleccione--AnuladoAutorizadaDerogadaNo AutorizadaProgramadaSolicitado'

2022-04-29 10:48:00 - [TEST_STEP][PASSED] - if (waitForElementClickable(findTestObject("1-OBJECTS TAREAS PRINCIPALES/Modulo Actos Administrativos/Modulo Viáticos/Anulación y Legalización de viáticos/td_01072021"), 1)): Web element with id: 'Object Repository/1-OBJECTS TAREAS PRINCIPALES/Modulo Actos Administrativos/Modulo Viáticos/Anulación y Legalización de viáticos/td_01072021' located by '//*/text()[normalize-space(.)='01/07/2021']/parent::*' not found

2022-04-29 10:48:02 - [MESSAGE][INFO] - Unable to find the element located by 'By.xpath: //*/text()[normalize-space(.)='01/07/2021']/parent::*'. Please recheck the objects properties to make sure the desired element is located. 

2022-04-29 10:48:02 - [MESSAGE][WARNING] - Web element with id: 'Object Repository/1-OBJECTS TAREAS PRINCIPALES/Modulo Actos Administrativos/Modulo Viáticos/Anulación y Legalización de viáticos/td_01072021' located by '//*/text()[normalize-space(.)='01/07/2021']/parent::*' not found

2022-04-29 10:48:02 - [TEST_STEP][PASSED] - else: null

2022-04-29 10:48:02 - [TEST_STEP][PASSED] - selectOptionByIndex(findTestObject("1-OBJECTS TAREAS PRINCIPALES/Modulo Actos Administrativos/Modulo Viáticos/Anulación y Legalización de viáticos/select_--Seleccione--AnuladoAutorizadaDerogadaNo AutorizadaProgramadaSolicitado"), 2): All options with index in [2] are selected on object 'Object Repository/1-OBJECTS TAREAS PRINCIPALES/Modulo Actos Administrativos/Modulo Viáticos/Anulación y Legalización de viáticos/select_--Seleccione--AnuladoAutorizadaDerogadaNo AutorizadaProgramadaSolicitado'

2022-04-29 10:48:04 - [MESSAGE][PASSED] - All options with index in [2] are selected on object 'Object Repository/1-OBJECTS TAREAS PRINCIPALES/Modulo Actos Administrativos/Modulo Viáticos/Anulación y Legalización de viáticos/select_--Seleccione--AnuladoAutorizadaDerogadaNo AutorizadaProgramadaSolicitado'

2022-04-29 10:48:04 - [TEST_STEP][PASSED] - setText(findTestObject("1-OBJECTS TAREAS PRINCIPALES/Modulo Actos Administrativos/Modulo Viáticos/Crear viatico/input_Ao_form_listadoviaticosanio"), "2021"): Text '2021' is set on object 'Object Repository/1-OBJECTS TAREAS PRINCIPALES/Modulo Actos Administrativos/Modulo Viáticos/Crear viatico/input_Ao_form_listadoviaticosanio'

2022-04-29 10:48:05 - [MESSAGE][PASSED] - Text '2021' is set on object 'Object Repository/1-OBJECTS TAREAS PRINCIPALES/Modulo Actos Administrativos/Modulo Viáticos/Crear viatico/input_Ao_form_listadoviaticosanio'

2022-04-29 10:48:05 - [TEST_STEP][PASSED] - sendKeys(findTestObject("1-OBJECTS TAREAS PRINCIPALES/Modulo Actos Administrativos/Modulo Viáticos/Crear viatico/input_Ao_form_listadoviaticosanio"), Keys.chord(ENTER)): Keys 'ENTER + ' sent to object: 'Object Repository/1-OBJECTS TAREAS PRINCIPALES/Modulo Actos Administrativos/Modulo Viáticos/Crear viatico/input_Ao_form_listadoviaticosanio'

2022-04-29 10:48:05 - [MESSAGE][PASSED] - Keys 'ENTER + ' sent to object: 'Object Repository/1-OBJECTS TAREAS PRINCIPALES/Modulo Actos Administrativos/Modulo Viáticos/Crear viatico/input_Ao_form_listadoviaticosanio'

2022-04-29 10:48:05 - [TEST_STEP][PASSED] - if (waitForElementClickable(findTestObject("1-OBJECTS TAREAS PRINCIPALES/Modulo Actos Administrativos/Modulo Viáticos/Anulación y Legalización de viáticos/td_01072021"), 1)): null

2022-04-29 10:48:06 - [MESSAGE][PASSED] - Object 'Object Repository/1-OBJECTS TAREAS PRINCIPALES/Modulo Actos Administrativos/Modulo Viáticos/Anulación y Legalización de viáticos/td_01072021' is clickable

2022-04-29 10:48:06 - [TEST_STEP][PASSED] - click(findTestObject("1-OBJECTS TAREAS PRINCIPALES/Modulo Actos Administrativos/Modulo Viáticos/Anulación y Legalización de viáticos/td_01072021")): Object: 'Object Repository/1-OBJECTS TAREAS PRINCIPALES/Modulo Actos Administrativos/Modulo Viáticos/Anulación y Legalización de viáticos/td_01072021' is clicked on

2022-04-29 10:48:07 - [MESSAGE][PASSED] - Object: 'Object Repository/1-OBJECTS TAREAS PRINCIPALES/Modulo Actos Administrativos/Modulo Viáticos/Anulación y Legalización de viáticos/td_01072021' is clicked on

2022-04-29 10:48:07 - [TEST_STEP][PASSED] - waitForElementClickable(findTestObject("1-OBJECTS TAREAS PRINCIPALES/Modulo Actos Administrativos/Modulo Viáticos/Anulación y Legalización de viáticos/a_Cerrar Desembolsar"), 0): Object 'Object Repository/1-OBJECTS TAREAS PRINCIPALES/Modulo Actos Administrativos/Modulo Viáticos/Anulación y Legalización de viáticos/a_Cerrar Desembolsar' is clickable

2022-04-29 10:48:07 - [MESSAGE][WARNING] - Timeout '0' is invalid. Using default page load timeout: '45'

2022-04-29 10:48:08 - [MESSAGE][PASSED] - Object 'Object Repository/1-OBJECTS TAREAS PRINCIPALES/Modulo Actos Administrativos/Modulo Viáticos/Anulación y Legalización de viáticos/a_Cerrar Desembolsar' is clickable

2022-04-29 10:48:08 - [TEST_STEP][PASSED] - click(findTestObject("1-OBJECTS TAREAS PRINCIPALES/Modulo Actos Administrativos/Modulo Viáticos/Anulación y Legalización de viáticos/a_Cerrar Desembolsar")): Object: 'Object Repository/1-OBJECTS TAREAS PRINCIPALES/Modulo Actos Administrativos/Modulo Viáticos/Anulación y Legalización de viáticos/a_Cerrar Desembolsar' is clicked on

2022-04-29 10:48:08 - [MESSAGE][PASSED] - Object: 'Object Repository/1-OBJECTS TAREAS PRINCIPALES/Modulo Actos Administrativos/Modulo Viáticos/Anulación y Legalización de viáticos/a_Cerrar Desembolsar' is clicked on

2022-04-29 10:48:08 - [TEST_STEP][PASSED] - setText(findTestObject("1-OBJECTS TAREAS PRINCIPALES/Modulo Actos Administrativos/Modulo Viáticos/Anulación y Legalización de viáticos/input_Fecha_Cierre desembolso"), "01/07/2021"): Text '01/07/2021' is set on object 'Object Repository/1-OBJECTS TAREAS PRINCIPALES/Modulo Actos Administrativos/Modulo Viáticos/Anulación y Legalización de viáticos/input_Fecha_Cierre desembolso'

2022-04-29 10:48:09 - [MESSAGE][PASSED] - Text '01/07/2021' is set on object 'Object Repository/1-OBJECTS TAREAS PRINCIPALES/Modulo Actos Administrativos/Modulo Viáticos/Anulación y Legalización de viáticos/input_Fecha_Cierre desembolso'

2022-04-29 10:48:09 - [TEST_STEP][PASSED] - setText(findTestObject("1-OBJECTS TAREAS PRINCIPALES/Modulo Actos Administrativos/Modulo Viáticos/Anulación y Legalización de viáticos/input_TRM_Cierre desembolso"), "5"): Text '5' is set on object 'Object Repository/1-OBJECTS TAREAS PRINCIPALES/Modulo Actos Administrativos/Modulo Viáticos/Anulación y Legalización de viáticos/input_TRM_Cierre desembolso'

2022-04-29 10:48:10 - [MESSAGE][PASSED] - Text '5' is set on object 'Object Repository/1-OBJECTS TAREAS PRINCIPALES/Modulo Actos Administrativos/Modulo Viáticos/Anulación y Legalización de viáticos/input_TRM_Cierre desembolso'

2022-04-29 10:48:10 - [TEST_STEP][PASSED] - click(findTestObject("1-OBJECTS TAREAS PRINCIPALES/Modulo Actos Administrativos/Modulo Viáticos/Anulación y Legalización de viáticos/a_Aplicar_Cierre desembolso")): Object: 'Object Repository/1-OBJECTS TAREAS PRINCIPALES/Modulo Actos Administrativos/Modulo Viáticos/Anulación y Legalización de viáticos/a_Aplicar_Cierre desembolso' is clicked on

2022-04-29 10:48:10 - [MESSAGE][PASSED] - Object: 'Object Repository/1-OBJECTS TAREAS PRINCIPALES/Modulo Actos Administrativos/Modulo Viáticos/Anulación y Legalización de viáticos/a_Aplicar_Cierre desembolso' is clicked on

2022-04-29 10:48:10 - [TEST_STEP][PASSED] - click(findTestObject("1-OBJECTS TAREAS PRINCIPALES/Modulo Actos Administrativos/Modulo Viáticos/Anulación y Legalización de viáticos/a_Costos_Anulacion")): Object: 'Object Repository/1-OBJECTS TAREAS PRINCIPALES/Modulo Actos Administrativos/Modulo Viáticos/Anulación y Legalización de viáticos/a_Costos_Anulacion' is clicked on

2022-04-29 10:48:11 - [MESSAGE][PASSED] - Object: 'Object Repository/1-OBJECTS TAREAS PRINCIPALES/Modulo Actos Administrativos/Modulo Viáticos/Anulación y Legalización de viáticos/a_Costos_Anulacion' is clicked on

2022-04-29 10:48:11 - [TEST_STEP][PASSED] - sendKeys(findTestObject("1-OBJECTS TAREAS PRINCIPALES/Modulo Actos Administrativos/Modulo Viáticos/Anulación y Legalización de viáticos/a_Costos_Anulacion"), Keys.chord(F5)): Keys 'F5 + ' sent to object: 'Object Repository/1-OBJECTS TAREAS PRINCIPALES/Modulo Actos Administrativos/Modulo Viáticos/Anulación y Legalización de viáticos/a_Costos_Anulacion'

2022-04-29 10:48:12 - [MESSAGE][PASSED] - Keys 'F5 + ' sent to object: 'Object Repository/1-OBJECTS TAREAS PRINCIPALES/Modulo Actos Administrativos/Modulo Viáticos/Anulación y Legalización de viáticos/a_Costos_Anulacion'

2022-04-29 10:48:12 - [TEST_STEP][PASSED] - waitForElementClickable(findTestObject("1-OBJECTS TAREAS PRINCIPALES/Modulo Actos Administrativos/Modulo Viáticos/Costos de Viáticos/a_Nuevo1_costo"), 0): Object 'Object Repository/1-OBJECTS TAREAS PRINCIPALES/Modulo Actos Administrativos/Modulo Viáticos/Costos de Viáticos/a_Nuevo1_costo' is clickable

2022-04-29 10:48:12 - [MESSAGE][WARNING] - Timeout '0' is invalid. Using default page load timeout: '45'

2022-04-29 10:48:12 - [MESSAGE][PASSED] - Object 'Object Repository/1-OBJECTS TAREAS PRINCIPALES/Modulo Actos Administrativos/Modulo Viáticos/Costos de Viáticos/a_Nuevo1_costo' is clickable

2022-04-29 10:48:12 - [TEST_STEP][PASSED] - click(findTestObject("1-OBJECTS TAREAS PRINCIPALES/Modulo Actos Administrativos/Modulo Viáticos/Costos de Viáticos/a_Nuevo1_costo")): Object: 'Object Repository/1-OBJECTS TAREAS PRINCIPALES/Modulo Actos Administrativos/Modulo Viáticos/Costos de Viáticos/a_Nuevo1_costo' is clicked on

2022-04-29 10:48:13 - [MESSAGE][PASSED] - Object: 'Object Repository/1-OBJECTS TAREAS PRINCIPALES/Modulo Actos Administrativos/Modulo Viáticos/Costos de Viáticos/a_Nuevo1_costo' is clicked on

2022-04-29 10:48:13 - [TEST_STEP][PASSED] - waitForElementClickable(findTestObject("1-OBJECTS TAREAS PRINCIPALES/Modulo Actos Administrativos/Modulo Viáticos/Costos de Viáticos/a_Funcionario_form_popupComplementarioViaticoj_idt332"), 0): Object 'Object Repository/1-OBJECTS TAREAS PRINCIPALES/Modulo Actos Administrativos/Modulo Viáticos/Costos de Viáticos/a_Funcionario_form_popupComplementarioViaticoj_idt332' is clickable

2022-04-29 10:48:13 - [MESSAGE][WARNING] - Timeout '0' is invalid. Using default page load timeout: '45'

2022-04-29 10:48:13 - [MESSAGE][PASSED] - Object 'Object Repository/1-OBJECTS TAREAS PRINCIPALES/Modulo Actos Administrativos/Modulo Viáticos/Costos de Viáticos/a_Funcionario_form_popupComplementarioViaticoj_idt332' is clickable

2022-04-29 10:48:13 - [TEST_STEP][PASSED] - click(findTestObject("1-OBJECTS TAREAS PRINCIPALES/Modulo Actos Administrativos/Modulo Viáticos/Costos de Viáticos/a_Funcionario_form_popupComplementarioViaticoj_idt332")): Object: 'Object Repository/1-OBJECTS TAREAS PRINCIPALES/Modulo Actos Administrativos/Modulo Viáticos/Costos de Viáticos/a_Funcionario_form_popupComplementarioViaticoj_idt332' is clicked on

2022-04-29 10:48:14 - [MESSAGE][PASSED] - Object: 'Object Repository/1-OBJECTS TAREAS PRINCIPALES/Modulo Actos Administrativos/Modulo Viáticos/Costos de Viáticos/a_Funcionario_form_popupComplementarioViaticoj_idt332' is clicked on

2022-04-29 10:48:14 - [TEST_STEP][PASSED] - waitForElementClickable(findTestObject("1-OBJECTS TAREAS PRINCIPALES/Modulo Actos Administrativos/Modulo Viáticos/Anulación y Legalización de viáticos/td_QUINTERO 5 EMPLEADO2"), 0): Object 'Object Repository/1-OBJECTS TAREAS PRINCIPALES/Modulo Actos Administrativos/Modulo Viáticos/Anulación y Legalización de viáticos/td_QUINTERO 5 EMPLEADO2' is clickable

2022-04-29 10:48:14 - [MESSAGE][WARNING] - Timeout '0' is invalid. Using default page load timeout: '45'

2022-04-29 10:48:14 - [MESSAGE][PASSED] - Object 'Object Repository/1-OBJECTS TAREAS PRINCIPALES/Modulo Actos Administrativos/Modulo Viáticos/Anulación y Legalización de viáticos/td_QUINTERO 5 EMPLEADO2' is clickable

2022-04-29 10:48:14 - [TEST_STEP][PASSED] - click(findTestObject("1-OBJECTS TAREAS PRINCIPALES/Modulo Actos Administrativos/Modulo Viáticos/Anulación y Legalización de viáticos/td_QUINTERO 5 EMPLEADO2")): Object: 'Object Repository/1-OBJECTS TAREAS PRINCIPALES/Modulo Actos Administrativos/Modulo Viáticos/Anulación y Legalización de viáticos/td_QUINTERO 5 EMPLEADO2' is clicked on

2022-04-29 10:48:15 - [MESSAGE][PASSED] - Object: 'Object Repository/1-OBJECTS TAREAS PRINCIPALES/Modulo Actos Administrativos/Modulo Viáticos/Anulación y Legalización de viáticos/td_QUINTERO 5 EMPLEADO2' is clicked on

2022-04-29 10:48:15 - [TEST_STEP][PASSED] - waitForElementVisible(findTestObject("1-OBJECTS TAREAS PRINCIPALES/Modulo Actos Administrativos/Modulo Viáticos/Complementario de Viáticos/select_--- Seleccione Tipo Costo --Viatico prueba--complementario"), 0): Object 'Object Repository/1-OBJECTS TAREAS PRINCIPALES/Modulo Actos Administrativos/Modulo Viáticos/Complementario de Viáticos/select_--- Seleccione Tipo Costo --Viatico prueba--complementario' is visible

2022-04-29 10:48:15 - [MESSAGE][WARNING] - Timeout '0' is invalid. Using default page load timeout: '45'

2022-04-29 10:48:15 - [MESSAGE][PASSED] - Object 'Object Repository/1-OBJECTS TAREAS PRINCIPALES/Modulo Actos Administrativos/Modulo Viáticos/Complementario de Viáticos/select_--- Seleccione Tipo Costo --Viatico prueba--complementario' is visible

2022-04-29 10:48:15 - [TEST_STEP][PASSED] - selectOptionByIndex(findTestObject("1-OBJECTS TAREAS PRINCIPALES/Modulo Actos Administrativos/Modulo Viáticos/Complementario de Viáticos/select_--- Seleccione Tipo Costo --Viatico prueba--complementario"), "2"): All options with index in [2] are selected on object 'Object Repository/1-OBJECTS TAREAS PRINCIPALES/Modulo Actos Administrativos/Modulo Viáticos/Complementario de Viáticos/select_--- Seleccione Tipo Costo --Viatico prueba--complementario'

2022-04-29 10:48:16 - [MESSAGE][PASSED] - All options with index in [2] are selected on object 'Object Repository/1-OBJECTS TAREAS PRINCIPALES/Modulo Actos Administrativos/Modulo Viáticos/Complementario de Viáticos/select_--- Seleccione Tipo Costo --Viatico prueba--complementario'

2022-04-29 10:48:16 - [TEST_STEP][PASSED] - setText(findTestObject("1-OBJECTS TAREAS PRINCIPALES/Modulo Actos Administrativos/Modulo Viáticos/Costos de Viáticos/input_Valor Pagado UD_form_popupcostoviaticosvalorPagadoUD"), "1500000"): Text '1500000' is set on object 'Object Repository/1-OBJECTS TAREAS PRINCIPALES/Modulo Actos Administrativos/Modulo Viáticos/Costos de Viáticos/input_Valor Pagado UD_form_popupcostoviaticosvalorPagadoUD'

2022-04-29 10:48:18 - [MESSAGE][PASSED] - Text '1500000' is set on object 'Object Repository/1-OBJECTS TAREAS PRINCIPALES/Modulo Actos Administrativos/Modulo Viáticos/Costos de Viáticos/input_Valor Pagado UD_form_popupcostoviaticosvalorPagadoUD'

2022-04-29 10:48:18 - [TEST_STEP][PASSED] - setText(findTestObject("1-OBJECTS TAREAS PRINCIPALES/Modulo Actos Administrativos/Modulo Viáticos/Costos de Viáticos/input_Excedente_form_popupcostoviaticosvalorExcedente"), "10000"): Text '10000' is set on object 'Object Repository/1-OBJECTS TAREAS PRINCIPALES/Modulo Actos Administrativos/Modulo Viáticos/Costos de Viáticos/input_Excedente_form_popupcostoviaticosvalorExcedente'

2022-04-29 10:48:18 - [MESSAGE][PASSED] - Text '10000' is set on object 'Object Repository/1-OBJECTS TAREAS PRINCIPALES/Modulo Actos Administrativos/Modulo Viáticos/Costos de Viáticos/input_Excedente_form_popupcostoviaticosvalorExcedente'

2022-04-29 10:48:18 - [TEST_STEP][PASSED] - setText(findTestObject("1-OBJECTS TAREAS PRINCIPALES/Modulo Actos Administrativos/Modulo Viáticos/Costos de Viáticos/input_Factura_form_popupcostoviaticosfactura"), "5"): Text '5' is set on object 'Object Repository/1-OBJECTS TAREAS PRINCIPALES/Modulo Actos Administrativos/Modulo Viáticos/Costos de Viáticos/input_Factura_form_popupcostoviaticosfactura'

2022-04-29 10:48:19 - [MESSAGE][PASSED] - Text '5' is set on object 'Object Repository/1-OBJECTS TAREAS PRINCIPALES/Modulo Actos Administrativos/Modulo Viáticos/Costos de Viáticos/input_Factura_form_popupcostoviaticosfactura'

2022-04-29 10:48:19 - [TEST_STEP][PASSED] - setText(findTestObject("1-OBJECTS TAREAS PRINCIPALES/Modulo Actos Administrativos/Modulo Viáticos/Costos de Viáticos/input_Factura_form_popupcostoviaticosfechafactura_input"), "01/07/2021"): Text '01/07/2021' is set on object 'Object Repository/1-OBJECTS TAREAS PRINCIPALES/Modulo Actos Administrativos/Modulo Viáticos/Costos de Viáticos/input_Factura_form_popupcostoviaticosfechafactura_input'

2022-04-29 10:48:20 - [MESSAGE][PASSED] - Text '01/07/2021' is set on object 'Object Repository/1-OBJECTS TAREAS PRINCIPALES/Modulo Actos Administrativos/Modulo Viáticos/Costos de Viáticos/input_Factura_form_popupcostoviaticosfechafactura_input'

2022-04-29 10:48:20 - [TEST_STEP][PASSED] - setText(findTestObject("1-OBJECTS TAREAS PRINCIPALES/Modulo Actos Administrativos/Modulo Viáticos/Costos de Viáticos/input_viatico_form_popupcostoviaticosdestino"), "1"): Text '1' is set on object 'Object Repository/1-OBJECTS TAREAS PRINCIPALES/Modulo Actos Administrativos/Modulo Viáticos/Costos de Viáticos/input_viatico_form_popupcostoviaticosdestino'

2022-04-29 10:48:21 - [MESSAGE][PASSED] - Text '1' is set on object 'Object Repository/1-OBJECTS TAREAS PRINCIPALES/Modulo Actos Administrativos/Modulo Viáticos/Costos de Viáticos/input_viatico_form_popupcostoviaticosdestino'

2022-04-29 10:48:21 - [TEST_STEP][PASSED] - click(findTestObject("1-OBJECTS TAREAS PRINCIPALES/Modulo Actos Administrativos/Modulo Viáticos/Costos de Viáticos/input_viatico_form_popupcostoviaticosdestino")): Object: 'Object Repository/1-OBJECTS TAREAS PRINCIPALES/Modulo Actos Administrativos/Modulo Viáticos/Costos de Viáticos/input_viatico_form_popupcostoviaticosdestino' is clicked on

2022-04-29 10:48:21 - [MESSAGE][PASSED] - Object: 'Object Repository/1-OBJECTS TAREAS PRINCIPALES/Modulo Actos Administrativos/Modulo Viáticos/Costos de Viáticos/input_viatico_form_popupcostoviaticosdestino' is clicked on

2022-04-29 10:48:21 - [TEST_STEP][PASSED] - click(findTestObject("1-OBJECTS TAREAS PRINCIPALES/Modulo Actos Administrativos/Modulo Viáticos/Costos de Viáticos/a_Guardar_costo")): Object: 'Object Repository/1-OBJECTS TAREAS PRINCIPALES/Modulo Actos Administrativos/Modulo Viáticos/Costos de Viáticos/a_Guardar_costo' is clicked on

2022-04-29 10:48:21 - [MESSAGE][PASSED] - Object: 'Object Repository/1-OBJECTS TAREAS PRINCIPALES/Modulo Actos Administrativos/Modulo Viáticos/Costos de Viáticos/a_Guardar_costo' is clicked on

2022-04-29 10:48:21 - [TEST_STEP][PASSED] - click(findTestObject("1-OBJECTS TAREAS PRINCIPALES/Modulo Actos Administrativos/Modulo Viáticos/Anulación y Legalización de viáticos/span_Cerrar_ventana_ Crear costos")): Object: 'Object Repository/1-OBJECTS TAREAS PRINCIPALES/Modulo Actos Administrativos/Modulo Viáticos/Anulación y Legalización de viáticos/span_Cerrar_ventana_ Crear costos' is clicked on

2022-04-29 10:48:22 - [MESSAGE][PASSED] - Object: 'Object Repository/1-OBJECTS TAREAS PRINCIPALES/Modulo Actos Administrativos/Modulo Viáticos/Anulación y Legalización de viáticos/span_Cerrar_ventana_ Crear costos' is clicked on

2022-04-29 10:48:22 - [TEST_STEP][PASSED] - click(findTestObject("1-OBJECTS TAREAS PRINCIPALES/Modulo Actos Administrativos/Modulo Viáticos/Anulación y Legalización de viáticos/td_estado_null")): Object: 'Object Repository/1-OBJECTS TAREAS PRINCIPALES/Modulo Actos Administrativos/Modulo Viáticos/Anulación y Legalización de viáticos/td_estado_null' is clicked on

2022-04-29 10:48:23 - [MESSAGE][PASSED] - Object: 'Object Repository/1-OBJECTS TAREAS PRINCIPALES/Modulo Actos Administrativos/Modulo Viáticos/Anulación y Legalización de viáticos/td_estado_null' is clicked on

2022-04-29 10:48:23 - [TEST_STEP][PASSED] - if (waitForElementClickable(findTestObject("1-OBJECTS TAREAS PRINCIPALES/Modulo Actos Administrativos/Modulo Viáticos/Anulación y Legalización de viáticos/a_Anular_Costo"), 1)): null

2022-04-29 10:48:24 - [MESSAGE][PASSED] - Object 'Object Repository/1-OBJECTS TAREAS PRINCIPALES/Modulo Actos Administrativos/Modulo Viáticos/Anulación y Legalización de viáticos/a_Anular_Costo' is clickable

2022-04-29 10:48:24 - [TEST_STEP][PASSED] - click(findTestObject("1-OBJECTS TAREAS PRINCIPALES/Modulo Actos Administrativos/Modulo Viáticos/Anulación y Legalización de viáticos/a_Anular_Costo")): Object: 'Object Repository/1-OBJECTS TAREAS PRINCIPALES/Modulo Actos Administrativos/Modulo Viáticos/Anulación y Legalización de viáticos/a_Anular_Costo' is clicked on

2022-04-29 10:48:24 - [MESSAGE][PASSED] - Object: 'Object Repository/1-OBJECTS TAREAS PRINCIPALES/Modulo Actos Administrativos/Modulo Viáticos/Anulación y Legalización de viáticos/a_Anular_Costo' is clicked on

2022-04-29 10:48:24 - [TEST_STEP][PASSED] - waitForElementClickable(findTestObject("1-OBJECTS TAREAS PRINCIPALES/Modulo Actos Administrativos/Modulo Viáticos/Anulación y Legalización de viáticos/select_--Seleccione--Nota CreditoReembolsoRevisin"), 0): Object 'Object Repository/1-OBJECTS TAREAS PRINCIPALES/Modulo Actos Administrativos/Modulo Viáticos/Anulación y Legalización de viáticos/select_--Seleccione--Nota CreditoReembolsoRevisin' is clickable

2022-04-29 10:48:24 - [MESSAGE][WARNING] - Timeout '0' is invalid. Using default page load timeout: '45'

2022-04-29 10:48:25 - [MESSAGE][PASSED] - Object 'Object Repository/1-OBJECTS TAREAS PRINCIPALES/Modulo Actos Administrativos/Modulo Viáticos/Anulación y Legalización de viáticos/select_--Seleccione--Nota CreditoReembolsoRevisin' is clickable

2022-04-29 10:48:25 - [TEST_STEP][PASSED] - selectOptionByIndex(findTestObject("1-OBJECTS TAREAS PRINCIPALES/Modulo Actos Administrativos/Modulo Viáticos/Anulación y Legalización de viáticos/select_--Seleccione--Nota CreditoReembolsoRevisin"), "1"): All options with index in [1] are selected on object 'Object Repository/1-OBJECTS TAREAS PRINCIPALES/Modulo Actos Administrativos/Modulo Viáticos/Anulación y Legalización de viáticos/select_--Seleccione--Nota CreditoReembolsoRevisin'

2022-04-29 10:48:26 - [MESSAGE][PASSED] - All options with index in [1] are selected on object 'Object Repository/1-OBJECTS TAREAS PRINCIPALES/Modulo Actos Administrativos/Modulo Viáticos/Anulación y Legalización de viáticos/select_--Seleccione--Nota CreditoReembolsoRevisin'

2022-04-29 10:48:26 - [TEST_STEP][PASSED] - setText(findTestObject("1-OBJECTS TAREAS PRINCIPALES/Modulo Actos Administrativos/Modulo Viáticos/Anulación y Legalización de viáticos/input_Nmero Nota Credito_form"), "5"): Text '5' is set on object 'Object Repository/1-OBJECTS TAREAS PRINCIPALES/Modulo Actos Administrativos/Modulo Viáticos/Anulación y Legalización de viáticos/input_Nmero Nota Credito_form'

2022-04-29 10:48:27 - [MESSAGE][PASSED] - Text '5' is set on object 'Object Repository/1-OBJECTS TAREAS PRINCIPALES/Modulo Actos Administrativos/Modulo Viáticos/Anulación y Legalización de viáticos/input_Nmero Nota Credito_form'

2022-04-29 10:48:27 - [TEST_STEP][PASSED] - setText(findTestObject("1-OBJECTS TAREAS PRINCIPALES/Modulo Actos Administrativos/Modulo Viáticos/Anulación y Legalización de viáticos/input_Fecha De Nota Crdito_form_Nota credito"), "01/07/2021"): Text '01/07/2021' is set on object 'Object Repository/1-OBJECTS TAREAS PRINCIPALES/Modulo Actos Administrativos/Modulo Viáticos/Anulación y Legalización de viáticos/input_Fecha De Nota Crdito_form_Nota credito'

2022-04-29 10:48:28 - [MESSAGE][PASSED] - Text '01/07/2021' is set on object 'Object Repository/1-OBJECTS TAREAS PRINCIPALES/Modulo Actos Administrativos/Modulo Viáticos/Anulación y Legalización de viáticos/input_Fecha De Nota Crdito_form_Nota credito'

2022-04-29 10:48:28 - [TEST_STEP][PASSED] - setText(findTestObject("1-OBJECTS TAREAS PRINCIPALES/Modulo Actos Administrativos/Modulo Viáticos/Anulación y Legalización de viáticos/input_Fecha Resolucin_form_Nota_credito"), "01/07/2021"): Text '01/07/2021' is set on object 'Object Repository/1-OBJECTS TAREAS PRINCIPALES/Modulo Actos Administrativos/Modulo Viáticos/Anulación y Legalización de viáticos/input_Fecha Resolucin_form_Nota_credito'

2022-04-29 10:48:28 - [MESSAGE][PASSED] - Text '01/07/2021' is set on object 'Object Repository/1-OBJECTS TAREAS PRINCIPALES/Modulo Actos Administrativos/Modulo Viáticos/Anulación y Legalización de viáticos/input_Fecha Resolucin_form_Nota_credito'

2022-04-29 10:48:28 - [TEST_STEP][PASSED] - setText(findTestObject("1-OBJECTS TAREAS PRINCIPALES/Modulo Actos Administrativos/Modulo Viáticos/Anulación y Legalización de viáticos/input_Valor_form_Nota_credito"), "10"): Text '10' is set on object 'Object Repository/1-OBJECTS TAREAS PRINCIPALES/Modulo Actos Administrativos/Modulo Viáticos/Anulación y Legalización de viáticos/input_Valor_form_Nota_credito'

2022-04-29 10:48:29 - [MESSAGE][PASSED] - Text '10' is set on object 'Object Repository/1-OBJECTS TAREAS PRINCIPALES/Modulo Actos Administrativos/Modulo Viáticos/Anulación y Legalización de viáticos/input_Valor_form_Nota_credito'

2022-04-29 10:48:29 - [TEST_STEP][PASSED] - setText(findTestObject("1-OBJECTS TAREAS PRINCIPALES/Modulo Actos Administrativos/Modulo Viáticos/Anulación y Legalización de viáticos/input_Nmero Resolucin_Nota_credito"), "5"): Text '5' is set on object 'Object Repository/1-OBJECTS TAREAS PRINCIPALES/Modulo Actos Administrativos/Modulo Viáticos/Anulación y Legalización de viáticos/input_Nmero Resolucin_Nota_credito'

2022-04-29 10:48:30 - [MESSAGE][PASSED] - Text '5' is set on object 'Object Repository/1-OBJECTS TAREAS PRINCIPALES/Modulo Actos Administrativos/Modulo Viáticos/Anulación y Legalización de viáticos/input_Nmero Resolucin_Nota_credito'

2022-04-29 10:48:30 - [TEST_STEP][PASSED] - click(findTestObject("1-OBJECTS TAREAS PRINCIPALES/Modulo Actos Administrativos/Modulo Viáticos/Anulación y Legalización de viáticos/a_Aplicar_Nota_credito")): Object: 'Object Repository/1-OBJECTS TAREAS PRINCIPALES/Modulo Actos Administrativos/Modulo Viáticos/Anulación y Legalización de viáticos/a_Aplicar_Nota_credito' is clicked on

2022-04-29 10:48:30 - [MESSAGE][PASSED] - Object: 'Object Repository/1-OBJECTS TAREAS PRINCIPALES/Modulo Actos Administrativos/Modulo Viáticos/Anulación y Legalización de viáticos/a_Aplicar_Nota_credito' is clicked on

2022-04-29 10:48:30 - [TEST_STEP][PASSED] - waitForElementClickable(findTestObject("1-OBJECTS TAREAS PRINCIPALES/Modulo Actos Administrativos/Modulo Viáticos/Anulación y Legalización de viáticos/a_Cambiar estado"), 0): Object 'Object Repository/1-OBJECTS TAREAS PRINCIPALES/Modulo Actos Administrativos/Modulo Viáticos/Anulación y Legalización de viáticos/a_Cambiar estado' is clickable

2022-04-29 10:48:31 - [MESSAGE][WARNING] - Timeout '0' is invalid. Using default page load timeout: '45'

2022-04-29 10:48:31 - [MESSAGE][PASSED] - Object 'Object Repository/1-OBJECTS TAREAS PRINCIPALES/Modulo Actos Administrativos/Modulo Viáticos/Anulación y Legalización de viáticos/a_Cambiar estado' is clickable

2022-04-29 10:48:31 - [TEST_STEP][PASSED] - click(findTestObject("1-OBJECTS TAREAS PRINCIPALES/Modulo Actos Administrativos/Modulo Viáticos/Anulación y Legalización de viáticos/a_Cambiar estado")): Object: 'Object Repository/1-OBJECTS TAREAS PRINCIPALES/Modulo Actos Administrativos/Modulo Viáticos/Anulación y Legalización de viáticos/a_Cambiar estado' is clicked on

2022-04-29 10:48:32 - [MESSAGE][PASSED] - Object: 'Object Repository/1-OBJECTS TAREAS PRINCIPALES/Modulo Actos Administrativos/Modulo Viáticos/Anulación y Legalización de viáticos/a_Cambiar estado' is clicked on

2022-04-29 10:48:32 - [TEST_STEP][PASSED] - waitForElementClickable(findTestObject("1-OBJECTS TAREAS PRINCIPALES/Modulo Actos Administrativos/Modulo Viáticos/Anulación y Legalización de viáticos/select_--Seleccione--Nota CreditoReembolsoRevisin"), 0): Object 'Object Repository/1-OBJECTS TAREAS PRINCIPALES/Modulo Actos Administrativos/Modulo Viáticos/Anulación y Legalización de viáticos/select_--Seleccione--Nota CreditoReembolsoRevisin' is clickable

2022-04-29 10:48:32 - [MESSAGE][WARNING] - Timeout '0' is invalid. Using default page load timeout: '45'

2022-04-29 10:48:32 - [MESSAGE][PASSED] - Object 'Object Repository/1-OBJECTS TAREAS PRINCIPALES/Modulo Actos Administrativos/Modulo Viáticos/Anulación y Legalización de viáticos/select_--Seleccione--Nota CreditoReembolsoRevisin' is clickable

2022-04-29 10:48:32 - [TEST_STEP][PASSED] - selectOptionByIndex(findTestObject("1-OBJECTS TAREAS PRINCIPALES/Modulo Actos Administrativos/Modulo Viáticos/Anulación y Legalización de viáticos/select_--Seleccione--Nota CreditoReembolsoRevisin"), "2"): All options with index in [2] are selected on object 'Object Repository/1-OBJECTS TAREAS PRINCIPALES/Modulo Actos Administrativos/Modulo Viáticos/Anulación y Legalización de viáticos/select_--Seleccione--Nota CreditoReembolsoRevisin'

2022-04-29 10:48:33 - [MESSAGE][PASSED] - All options with index in [2] are selected on object 'Object Repository/1-OBJECTS TAREAS PRINCIPALES/Modulo Actos Administrativos/Modulo Viáticos/Anulación y Legalización de viáticos/select_--Seleccione--Nota CreditoReembolsoRevisin'

2022-04-29 10:48:33 - [TEST_STEP][PASSED] - click(findTestObject("1-OBJECTS TAREAS PRINCIPALES/Modulo Actos Administrativos/Modulo Viáticos/Anulación y Legalización de viáticos/a_Aplicar_Reembolso")): Object: 'Object Repository/1-OBJECTS TAREAS PRINCIPALES/Modulo Actos Administrativos/Modulo Viáticos/Anulación y Legalización de viáticos/a_Aplicar_Reembolso' is clicked on

2022-04-29 10:48:34 - [MESSAGE][PASSED] - Object: 'Object Repository/1-OBJECTS TAREAS PRINCIPALES/Modulo Actos Administrativos/Modulo Viáticos/Anulación y Legalización de viáticos/a_Aplicar_Reembolso' is clicked on

2022-04-29 10:48:34 - [TEST_STEP][PASSED] - waitForElementClickable(findTestObject("1-OBJECTS TAREAS PRINCIPALES/Modulo Actos Administrativos/Modulo Viáticos/Anulación y Legalización de viáticos/a_cerrar_costo_viaticos"), 0): Object 'Object Repository/1-OBJECTS TAREAS PRINCIPALES/Modulo Actos Administrativos/Modulo Viáticos/Anulación y Legalización de viáticos/a_cerrar_costo_viaticos' is clickable

2022-04-29 10:48:34 - [MESSAGE][WARNING] - Timeout '0' is invalid. Using default page load timeout: '45'

2022-04-29 10:48:35 - [MESSAGE][PASSED] - Object 'Object Repository/1-OBJECTS TAREAS PRINCIPALES/Modulo Actos Administrativos/Modulo Viáticos/Anulación y Legalización de viáticos/a_cerrar_costo_viaticos' is clickable

2022-04-29 10:48:35 - [TEST_STEP][PASSED] - click(findTestObject("1-OBJECTS TAREAS PRINCIPALES/Modulo Actos Administrativos/Modulo Viáticos/Anulación y Legalización de viáticos/a_cerrar_costo_viaticos")): Object: 'Object Repository/1-OBJECTS TAREAS PRINCIPALES/Modulo Actos Administrativos/Modulo Viáticos/Anulación y Legalización de viáticos/a_cerrar_costo_viaticos' is clicked on

2022-04-29 10:48:35 - [MESSAGE][PASSED] - Object: 'Object Repository/1-OBJECTS TAREAS PRINCIPALES/Modulo Actos Administrativos/Modulo Viáticos/Anulación y Legalización de viáticos/a_cerrar_costo_viaticos' is clicked on

2022-04-29 10:48:35 - [TEST_STEP][PASSED] - click(findTestObject("1-OBJECTS TAREAS PRINCIPALES/Modulo Actos Administrativos/Modulo Viáticos/Anulación y Legalización de viáticos/a_Listado Viticos_cerrar_menu")): Object: 'Object Repository/1-OBJECTS TAREAS PRINCIPALES/Modulo Actos Administrativos/Modulo Viáticos/Anulación y Legalización de viáticos/a_Listado Viticos_cerrar_menu' is clicked on

2022-04-29 10:48:36 - [MESSAGE][PASSED] - Object: 'Object Repository/1-OBJECTS TAREAS PRINCIPALES/Modulo Actos Administrativos/Modulo Viáticos/Anulación y Legalización de viáticos/a_Listado Viticos_cerrar_menu' is clicked on

2022-04-29 10:48:36 - [TEST_STEP][PASSED] - click(findTestObject("1-OBJECTS TAREAS PRINCIPALES/Modulo Actos Administrativos/Modulo Viáticos/Anulación y Legalización de viáticos/label_Viaticos")): Object: 'Object Repository/1-OBJECTS TAREAS PRINCIPALES/Modulo Actos Administrativos/Modulo Viáticos/Anulación y Legalización de viáticos/label_Viaticos' is clicked on

2022-04-29 10:48:36 - [MESSAGE][PASSED] - Object: 'Object Repository/1-OBJECTS TAREAS PRINCIPALES/Modulo Actos Administrativos/Modulo Viáticos/Anulación y Legalización de viáticos/label_Viaticos' is clicked on

2022-04-29 10:48:36 - [TEST_STEP][FAILED] - click(findTestObject("1-OBJECTS TAREAS PRINCIPALES/Modulo Actos Administrativos/Modulo Viáticos/Anulación y Legalización de viáticos/a_Listado Costos Pendientes")): Unable to click on object 'Object Repository/1-OBJECTS TAREAS PRINCIPALES/Modulo Actos Administrativos/Modulo Viáticos/Anulación y Legalización de viáticos/a_Listado Costos Pendientes' (Root cause: com.kms.katalon.core.exception.StepFailedException: Unable to click on object 'Object Repository/1-OBJECTS TAREAS PRINCIPALES/Modulo Actos Administrativos/Modulo Viáticos/Anulación y Legalización de viáticos/a_Listado Costos Pendientes'
	at com.kms.katalon.core.webui.keyword.internal.WebUIKeywordMain.stepFailed(WebUIKeywordMain.groovy:64)
	at com.kms.katalon.core.webui.keyword.internal.WebUIKeywordMain.runKeyword(WebUIKeywordMain.groovy:26)
	at com.kms.katalon.core.webui.keyword.builtin.ClickKeyword.click(ClickKeyword.groovy:74)
	at com.kms.katalon.core.webui.keyword.builtin.ClickKeyword.execute(ClickKeyword.groovy:40)
	at com.kms.katalon.core.keyword.internal.KeywordExecutor.executeKeywordForPlatform(KeywordExecutor.groovy:74)
	at com.kms.katalon.core.webui.keyword.WebUiBuiltInKeywords.click(WebUiBuiltInKeywords.groovy:620)
	at com.kms.katalon.core.webui.keyword.WebUiBuiltInKeywords$click$5.call(Unknown Source)
	at 1.6.6 Anulación y Legalización de viáticos.run(1.6.6 Anulación y Legalización de viáticos:423)
	at com.kms.katalon.core.main.ScriptEngine.run(ScriptEngine.java:194)
	at com.kms.katalon.core.main.ScriptEngine.runScriptAsRawText(ScriptEngine.java:119)
	at com.kms.katalon.core.main.TestCaseExecutor.runScript(TestCaseExecutor.java:445)
	at com.kms.katalon.core.main.TestCaseExecutor.doExecute(TestCaseExecutor.java:436)
	at com.kms.katalon.core.main.TestCaseExecutor.processExecutionPhase(TestCaseExecutor.java:415)
	at com.kms.katalon.core.main.TestCaseExecutor.accessMainPhase(TestCaseExecutor.java:407)
	at com.kms.katalon.core.main.TestCaseExecutor.execute(TestCaseExecutor.java:284)
	at com.kms.katalon.core.common.CommonExecutor.accessTestCaseMainPhase(CommonExecutor.java:65)
	at com.kms.katalon.core.main.TestSuiteExecutor.accessTestSuiteMainPhase(TestSuiteExecutor.java:144)
	at com.kms.katalon.core.main.TestSuiteExecutor.execute(TestSuiteExecutor.java:106)
	at com.kms.katalon.core.main.TestCaseMain.startTestSuite(TestCaseMain.java:185)
	at com.kms.katalon.core.main.TestCaseMain$startTestSuite$0.call(Unknown Source)
	at TempTestSuite1651245283467.run(TempTestSuite1651245283467.groovy:36)
Caused by: org.openqa.selenium.ElementNotInteractableException: element not interactable
  (Session info: chrome=100.0.4896.127)
Build info: version: '3.141.59', revision: 'e82be7d358', time: '2018-11-14T08:25:53'
System info: host: 'US-AF-000371', ip: '192.168.56.1', os.name: 'Windows 10', os.arch: 'amd64', os.version: '10.0', java.version: '1.8.0_282'
Driver info: com.kms.katalon.selenium.driver.CChromeDriver
Capabilities {acceptInsecureCerts: false, browserName: chrome, browserVersion: 100.0.4896.127, chrome: {chromedriverVersion: 100.0.4896.60 (6a5d10861ce8..., userDataDir: C:\Users\DIEGO~1.ROJ\AppDat...}, goog:chromeOptions: {debuggerAddress: localhost:54564}, javascriptEnabled: true, networkConnectionEnabled: false, pageLoadStrategy: normal, platform: WINDOWS, platformName: WINDOWS, proxy: Proxy(), setWindowRect: true, strictFileInteractability: false, timeouts: {implicit: 0, pageLoad: 300000, script: 30000}, unhandledPromptBehavior: dismiss and notify, webauthn:extension:credBlob: true, webauthn:extension:largeBlob: true, webauthn:virtualAuthenticators: true}
Session ID: 615da9c4e3a3faab3462f1a1b3ce693d
	at org.openqa.selenium.remote.http.W3CHttpResponseCodec.createException(W3CHttpResponseCodec.java:187)
	at org.openqa.selenium.remote.http.W3CHttpResponseCodec.decode(W3CHttpResponseCodec.java:122)
	at org.openqa.selenium.remote.http.W3CHttpResponseCodec.decode(W3CHttpResponseCodec.java:49)
	at org.openqa.selenium.remote.HttpCommandExecutor.execute(HttpCommandExecutor.java:158)
	at org.openqa.selenium.remote.service.DriverCommandExecutor.execute(DriverCommandExecutor.java:83)
	at org.openqa.selenium.remote.RemoteWebDriver.execute(RemoteWebDriver.java:552)
	at com.kms.katalon.selenium.driver.CChromeDriver.execute(CChromeDriver.java:19)
	at org.openqa.selenium.remote.RemoteWebElement.execute(RemoteWebElement.java:285)
	at org.openqa.selenium.remote.RemoteWebElement.click(RemoteWebElement.java:84)
	at org.openqa.selenium.support.events.EventFiringWebDriver$EventFiringWebElement.lambda$new$0(EventFiringWebDriver.java:404)
	at com.sun.proxy.$Proxy11.click(Unknown Source)
	at org.openqa.selenium.support.events.EventFiringWebDriver$EventFiringWebElement.click(EventFiringWebDriver.java:417)
	at org.openqa.selenium.WebElement$click$0.call(Unknown Source)
	at com.kms.katalon.core.webui.keyword.builtin.ClickKeyword.clickUntilSuccessWithTimeout(ClickKeyword.groovy:81)
	at com.kms.katalon.core.webui.keyword.builtin.ClickKeyword.clickUntilSuccessWithTimeout(ClickKeyword.groovy)
	at com.kms.katalon.core.webui.keyword.builtin.ClickKeyword$_click_closure1.doCall(ClickKeyword.groovy:67)
	at com.kms.katalon.core.webui.keyword.builtin.ClickKeyword$_click_closure1.call(ClickKeyword.groovy)
	at com.kms.katalon.core.webui.keyword.internal.WebUIKeywordMain.runKeyword(WebUIKeywordMain.groovy:20)
	at com.kms.katalon.core.webui.keyword.builtin.ClickKeyword.click(ClickKeyword.groovy:74)
	at com.kms.katalon.core.webui.keyword.builtin.ClickKeyword.execute(ClickKeyword.groovy:40)
	at com.kms.katalon.core.keyword.internal.KeywordExecutor.executeKeywordForPlatform(KeywordExecutor.groovy:74)
	at com.kms.katalon.core.webui.keyword.WebUiBuiltInKeywords.click(WebUiBuiltInKeywords.groovy:620)
	at com.kms.katalon.core.webui.keyword.WebUiBuiltInKeywords$click$5.call(Unknown Source)
	at Script1629930505559.run(Script1629930505559.groovy:423)
	... 13 more
)

2022-04-29 10:48:37 - [MESSAGE][FAILED] - Unable to click on object 'Object Repository/1-OBJECTS TAREAS PRINCIPALES/Modulo Actos Administrativos/Modulo Viáticos/Anulación y Legalización de viáticos/a_Listado Costos Pendientes' (Root cause: com.kms.katalon.core.exception.StepFailedException: Unable to click on object 'Object Repository/1-OBJECTS TAREAS PRINCIPALES/Modulo Actos Administrativos/Modulo Viáticos/Anulación y Legalización de viáticos/a_Listado Costos Pendientes'
	at com.kms.katalon.core.webui.keyword.internal.WebUIKeywordMain.stepFailed(WebUIKeywordMain.groovy:64)
	at com.kms.katalon.core.webui.keyword.internal.WebUIKeywordMain.runKeyword(WebUIKeywordMain.groovy:26)
	at com.kms.katalon.core.webui.keyword.builtin.ClickKeyword.click(ClickKeyword.groovy:74)
	at com.kms.katalon.core.webui.keyword.builtin.ClickKeyword.execute(ClickKeyword.groovy:40)
	at com.kms.katalon.core.keyword.internal.KeywordExecutor.executeKeywordForPlatform(KeywordExecutor.groovy:74)
	at com.kms.katalon.core.webui.keyword.WebUiBuiltInKeywords.click(WebUiBuiltInKeywords.groovy:620)
	at com.kms.katalon.core.webui.keyword.WebUiBuiltInKeywords$click$5.call(Unknown Source)
	at 1.6.6 Anulación y Legalización de viáticos.run(1.6.6 Anulación y Legalización de viáticos:423)
	at com.kms.katalon.core.main.ScriptEngine.run(ScriptEngine.java:194)
	at com.kms.katalon.core.main.ScriptEngine.runScriptAsRawText(ScriptEngine.java:119)
	at com.kms.katalon.core.main.TestCaseExecutor.runScript(TestCaseExecutor.java:445)
	at com.kms.katalon.core.main.TestCaseExecutor.doExecute(TestCaseExecutor.java:436)
	at com.kms.katalon.core.main.TestCaseExecutor.processExecutionPhase(TestCaseExecutor.java:415)
	at com.kms.katalon.core.main.TestCaseExecutor.accessMainPhase(TestCaseExecutor.java:407)
	at com.kms.katalon.core.main.TestCaseExecutor.execute(TestCaseExecutor.java:284)
	at com.kms.katalon.core.common.CommonExecutor.accessTestCaseMainPhase(CommonExecutor.java:65)
	at com.kms.katalon.core.main.TestSuiteExecutor.accessTestSuiteMainPhase(TestSuiteExecutor.java:144)
	at com.kms.katalon.core.main.TestSuiteExecutor.execute(TestSuiteExecutor.java:106)
	at com.kms.katalon.core.main.TestCaseMain.startTestSuite(TestCaseMain.java:185)
	at com.kms.katalon.core.main.TestCaseMain$startTestSuite$0.call(Unknown Source)
	at TempTestSuite1651245283467.run(TempTestSuite1651245283467.groovy:36)
Caused by: org.openqa.selenium.ElementNotInteractableException: element not interactable
  (Session info: chrome=100.0.4896.127)
Build info: version: '3.141.59', revision: 'e82be7d358', time: '2018-11-14T08:25:53'
System info: host: 'US-AF-000371', ip: '192.168.56.1', os.name: 'Windows 10', os.arch: 'amd64', os.version: '10.0', java.version: '1.8.0_282'
Driver info: com.kms.katalon.selenium.driver.CChromeDriver
Capabilities {acceptInsecureCerts: false, browserName: chrome, browserVersion: 100.0.4896.127, chrome: {chromedriverVersion: 100.0.4896.60 (6a5d10861ce8..., userDataDir: C:\Users\DIEGO~1.ROJ\AppDat...}, goog:chromeOptions: {debuggerAddress: localhost:54564}, javascriptEnabled: true, networkConnectionEnabled: false, pageLoadStrategy: normal, platform: WINDOWS, platformName: WINDOWS, proxy: Proxy(), setWindowRect: true, strictFileInteractability: false, timeouts: {implicit: 0, pageLoad: 300000, script: 30000}, unhandledPromptBehavior: dismiss and notify, webauthn:extension:credBlob: true, webauthn:extension:largeBlob: true, webauthn:virtualAuthenticators: true}
Session ID: 615da9c4e3a3faab3462f1a1b3ce693d
	at org.openqa.selenium.remote.http.W3CHttpResponseCodec.createException(W3CHttpResponseCodec.java:187)
	at org.openqa.selenium.remote.http.W3CHttpResponseCodec.decode(W3CHttpResponseCodec.java:122)
	at org.openqa.selenium.remote.http.W3CHttpResponseCodec.decode(W3CHttpResponseCodec.java:49)
	at org.openqa.selenium.remote.HttpCommandExecutor.execute(HttpCommandExecutor.java:158)
	at org.openqa.selenium.remote.service.DriverCommandExecutor.execute(DriverCommandExecutor.java:83)
	at org.openqa.selenium.remote.RemoteWebDriver.execute(RemoteWebDriver.java:552)
	at com.kms.katalon.selenium.driver.CChromeDriver.execute(CChromeDriver.java:19)
	at org.openqa.selenium.remote.RemoteWebElement.execute(RemoteWebElement.java:285)
	at org.openqa.selenium.remote.RemoteWebElement.click(RemoteWebElement.java:84)
	at org.openqa.selenium.support.events.EventFiringWebDriver$EventFiringWebElement.lambda$new$0(EventFiringWebDriver.java:404)
	at com.sun.proxy.$Proxy11.click(Unknown Source)
	at org.openqa.selenium.support.events.EventFiringWebDriver$EventFiringWebElement.click(EventFiringWebDriver.java:417)
	at org.openqa.selenium.WebElement$click$0.call(Unknown Source)
	at com.kms.katalon.core.webui.keyword.builtin.ClickKeyword.clickUntilSuccessWithTimeout(ClickKeyword.groovy:81)
	at com.kms.katalon.core.webui.keyword.builtin.ClickKeyword.clickUntilSuccessWithTimeout(ClickKeyword.groovy)
	at com.kms.katalon.core.webui.keyword.builtin.ClickKeyword$_click_closure1.doCall(ClickKeyword.groovy:67)
	at com.kms.katalon.core.webui.keyword.builtin.ClickKeyword$_click_closure1.call(ClickKeyword.groovy)
	at com.kms.katalon.core.webui.keyword.internal.WebUIKeywordMain.runKeyword(WebUIKeywordMain.groovy:20)
	at com.kms.katalon.core.webui.keyword.builtin.ClickKeyword.click(ClickKeyword.groovy:74)
	at com.kms.katalon.core.webui.keyword.builtin.ClickKeyword.execute(ClickKeyword.groovy:40)
	at com.kms.katalon.core.keyword.internal.KeywordExecutor.executeKeywordForPlatform(KeywordExecutor.groovy:74)
	at com.kms.katalon.core.webui.keyword.WebUiBuiltInKeywords.click(WebUiBuiltInKeywords.groovy:620)
	at com.kms.katalon.core.webui.keyword.WebUiBuiltInKeywords$click$5.call(Unknown Source)
	at Script1629930505559.run(Script1629930505559.groovy:423)
	... 13 more
)
[[ATTACHMENT|C:\\Users\\diego.rojas\\git\\Pruebas-Minimas\\Reports\\20220429_101443\\Test_Suite_Principales\\1-Tareas Principales\\20220429_101443\\1651247316954.png]]]]></system-out>
         <system-err><![CDATA[2022-04-29 10:47:48 - [TEST_CASE][FAILED] - Test Cases/1.1-Tareas Principales/1.6.6 Anulación y Legalización de viáticos: Test Cases/1.1-Tareas Principales/1.6.6 Anulación y Legalización de viáticos FAILED.
Reason:
com.kms.katalon.core.exception.StepFailedException: Unable to click on object 'Object Repository/1-OBJECTS TAREAS PRINCIPALES/Modulo Actos Administrativos/Modulo Viáticos/Anulación y Legalización de viáticos/a_Listado Costos Pendientes'
	at com.kms.katalon.core.webui.keyword.internal.WebUIKeywordMain.stepFailed(WebUIKeywordMain.groovy:64)
	at com.kms.katalon.core.webui.keyword.internal.WebUIKeywordMain.runKeyword(WebUIKeywordMain.groovy:26)
	at com.kms.katalon.core.webui.keyword.builtin.ClickKeyword.click(ClickKeyword.groovy:74)
	at com.kms.katalon.core.webui.keyword.builtin.ClickKeyword.execute(ClickKeyword.groovy:40)
	at com.kms.katalon.core.keyword.internal.KeywordExecutor.executeKeywordForPlatform(KeywordExecutor.groovy:74)
	at com.kms.katalon.core.webui.keyword.WebUiBuiltInKeywords.click(WebUiBuiltInKeywords.groovy:620)
	at com.kms.katalon.core.webui.keyword.WebUiBuiltInKeywords$click$5.call(Unknown Source)
	at 1.6.6 Anulación y Legalización de viáticos.run(1.6.6 Anulación y Legalización de viáticos:423)
	at com.kms.katalon.core.main.ScriptEngine.run(ScriptEngine.java:194)
	at com.kms.katalon.core.main.ScriptEngine.runScriptAsRawText(ScriptEngine.java:119)
	at com.kms.katalon.core.main.TestCaseExecutor.runScript(TestCaseExecutor.java:445)
	at com.kms.katalon.core.main.TestCaseExecutor.doExecute(TestCaseExecutor.java:436)
	at com.kms.katalon.core.main.TestCaseExecutor.processExecutionPhase(TestCaseExecutor.java:415)
	at com.kms.katalon.core.main.TestCaseExecutor.accessMainPhase(TestCaseExecutor.java:407)
	at com.kms.katalon.core.main.TestCaseExecutor.execute(TestCaseExecutor.java:284)
	at com.kms.katalon.core.common.CommonExecutor.accessTestCaseMainPhase(CommonExecutor.java:65)
	at com.kms.katalon.core.main.TestSuiteExecutor.accessTestSuiteMainPhase(TestSuiteExecutor.java:144)
	at com.kms.katalon.core.main.TestSuiteExecutor.execute(TestSuiteExecutor.java:106)
	at com.kms.katalon.core.main.TestCaseMain.startTestSuite(TestCaseMain.java:185)
	at com.kms.katalon.core.main.TestCaseMain$startTestSuite$0.call(Unknown Source)
	at TempTestSuite1651245283467.run(TempTestSuite1651245283467.groovy:36)
Caused by: org.openqa.selenium.ElementNotInteractableException: element not interactable
  (Session info: chrome=100.0.4896.127)
Build info: version: '3.141.59', revision: 'e82be7d358', time: '2018-11-14T08:25:53'
System info: host: 'US-AF-000371', ip: '192.168.56.1', os.name: 'Windows 10', os.arch: 'amd64', os.version: '10.0', java.version: '1.8.0_282'
Driver info: com.kms.katalon.selenium.driver.CChromeDriver
Capabilities {acceptInsecureCerts: false, browserName: chrome, browserVersion: 100.0.4896.127, chrome: {chromedriverVersion: 100.0.4896.60 (6a5d10861ce8..., userDataDir: C:\Users\DIEGO~1.ROJ\AppDat...}, goog:chromeOptions: {debuggerAddress: localhost:54564}, javascriptEnabled: true, networkConnectionEnabled: false, pageLoadStrategy: normal, platform: WINDOWS, platformName: WINDOWS, proxy: Proxy(), setWindowRect: true, strictFileInteractability: false, timeouts: {implicit: 0, pageLoad: 300000, script: 30000}, unhandledPromptBehavior: dismiss and notify, webauthn:extension:credBlob: true, webauthn:extension:largeBlob: true, webauthn:virtualAuthenticators: true}
Session ID: 615da9c4e3a3faab3462f1a1b3ce693d
	at org.openqa.selenium.remote.http.W3CHttpResponseCodec.createException(W3CHttpResponseCodec.java:187)
	at org.openqa.selenium.remote.http.W3CHttpResponseCodec.decode(W3CHttpResponseCodec.java:122)
	at org.openqa.selenium.remote.http.W3CHttpResponseCodec.decode(W3CHttpResponseCodec.java:49)
	at org.openqa.selenium.remote.HttpCommandExecutor.execute(HttpCommandExecutor.java:158)
	at org.openqa.selenium.remote.service.DriverCommandExecutor.execute(DriverCommandExecutor.java:83)
	at org.openqa.selenium.remote.RemoteWebDriver.execute(RemoteWebDriver.java:552)
	at com.kms.katalon.selenium.driver.CChromeDriver.execute(CChromeDriver.java:19)
	at org.openqa.selenium.remote.RemoteWebElement.execute(RemoteWebElement.java:285)
	at org.openqa.selenium.remote.RemoteWebElement.click(RemoteWebElement.java:84)
	at org.openqa.selenium.support.events.EventFiringWebDriver$EventFiringWebElement.lambda$new$0(EventFiringWebDriver.java:404)
	at com.sun.proxy.$Proxy11.click(Unknown Source)
	at org.openqa.selenium.support.events.EventFiringWebDriver$EventFiringWebElement.click(EventFiringWebDriver.java:417)
	at org.openqa.selenium.WebElement$click$0.call(Unknown Source)
	at com.kms.katalon.core.webui.keyword.builtin.ClickKeyword.clickUntilSuccessWithTimeout(ClickKeyword.groovy:81)
	at com.kms.katalon.core.webui.keyword.builtin.ClickKeyword.clickUntilSuccessWithTimeout(ClickKeyword.groovy)
	at com.kms.katalon.core.webui.keyword.builtin.ClickKeyword$_click_closure1.doCall(ClickKeyword.groovy:67)
	at com.kms.katalon.core.webui.keyword.builtin.ClickKeyword$_click_closure1.call(ClickKeyword.groovy)
	at com.kms.katalon.core.webui.keyword.internal.WebUIKeywordMain.runKeyword(WebUIKeywordMain.groovy:20)
	... 19 more]]></system-err>
      </testcase>
      <testcase name="Test Cases/1.1-Tareas Principales/1.6.7 Modificar retroactivos viáticos" time="19.057" classname="Test Cases/1.1-Tareas Principales/1.6.7 Modificar retroactivos viáticos" status="PASSED">
         <system-out><![CDATA[2022-04-29 10:48:37 - [TEST_CASE][PASSED] - Test Cases/1.1-Tareas Principales/1.6.7 Modificar retroactivos viáticos: Test Cases/1.1-Tareas Principales/1.6.7 Modificar retroactivos viáticos

2022-04-29 10:48:37 - [TEST_STEP][PASSED] - callTestCase(findTestCase("0.1-Login"), [:], STOP_ON_FAILURE): Call Test Case 'Test Cases/0.1-Login' successfully

2022-04-29 10:48:37 - [TEST_CASE][PASSED] - Test Cases/0.1-Login: Test Cases/0.1-Login

2022-04-29 10:48:37 - [TEST_STEP][PASSED] - openBrowser(""): Browser is opened with url: ''

2022-04-29 10:48:37 - [MESSAGE][WARNING] - A browser is already opened. Closing browser and opening a new one

2022-04-29 10:48:38 - [MESSAGE][INFO] - Starting 'Chrome' driver

2022-04-29 10:48:38 - [MESSAGE][INFO] - Action delay is set to 0 milliseconds

2022-04-29 10:48:39 - [MESSAGE][PASSED] - Browser is opened with url: ''

2022-04-29 10:48:39 - [TEST_STEP][PASSED] - maximizeWindow(): Current window maximized

2022-04-29 10:48:39 - [MESSAGE][PASSED] - Current window maximized

2022-04-29 10:48:39 - [TEST_STEP][PASSED] - i = G_Login: null

2022-04-29 10:48:39 - [TEST_STEP][PASSED] - url = new java.net.URL(i): null

2022-04-29 10:48:39 - [TEST_STEP][PASSED] - println("URL: " + url.toString()): null

2022-04-29 10:48:39 - [TEST_STEP][PASSED] - connection = url.openConnection(): null

2022-04-29 10:48:39 - [TEST_STEP][PASSED] - connection.setRequestMethod("GET"): null

2022-04-29 10:48:39 - [TEST_STEP][PASSED] - connection.setReadTimeout(2 * 1000): null

2022-04-29 10:48:39 - [TEST_STEP][PASSED] - try: null

2022-04-29 10:48:39 - [TEST_STEP][PASSED] - connection.connect(): null

2022-04-29 10:48:39 - [TEST_STEP][PASSED] - flag = connected: null

2022-04-29 10:48:39 - [TEST_STEP][PASSED] - println("Valor_ori: " + flag): null

2022-04-29 10:48:39 - [TEST_STEP][PASSED] - if (flag): null

2022-04-29 10:48:39 - [TEST_STEP][PASSED] - navigateToUrl(i): Navigate to 'http://192.168.2.19:8380/saraweb' successfully

2022-04-29 10:48:40 - [MESSAGE][PASSED] - Navigate to 'http://192.168.2.19:8380/saraweb' successfully

2022-04-29 10:48:40 - [TEST_STEP][PASSED] - a(): null

2022-04-29 10:48:40 - [TEST_STEP][PASSED] - setText(findTestObject("3-OBJECTS UTILIDADES/Login/input_USUARIO_loginusuario"), G_Usuario): Text 'saraadmin' is set on object 'Object Repository/3-OBJECTS UTILIDADES/Login/input_USUARIO_loginusuario'

2022-04-29 10:48:40 - [MESSAGE][PASSED] - Text 'saraadmin' is set on object 'Object Repository/3-OBJECTS UTILIDADES/Login/input_USUARIO_loginusuario'

2022-04-29 10:48:40 - [TEST_STEP][PASSED] - setEncryptedText(findTestObject("3-OBJECTS UTILIDADES/Login/input_CLAVE_loginpassword"), "MkG4/TYiCFC3cb2driP7+Q=="): Text ****** has been set on object 'Object Repository/3-OBJECTS UTILIDADES/Login/input_CLAVE_loginpassword'

2022-04-29 10:48:41 - [MESSAGE][PASSED] - Text ****** has been set on object 'Object Repository/3-OBJECTS UTILIDADES/Login/input_CLAVE_loginpassword'

2022-04-29 10:48:41 - [TEST_STEP][PASSED] - waitForElementClickable(findTestObject("3-OBJECTS UTILIDADES/Login/a_Ingresar"), G_TimeOut): Object 'Object Repository/3-OBJECTS UTILIDADES/Login/a_Ingresar' is clickable

2022-04-29 10:48:41 - [MESSAGE][PASSED] - Object 'Object Repository/3-OBJECTS UTILIDADES/Login/a_Ingresar' is clickable

2022-04-29 10:48:41 - [TEST_STEP][PASSED] - click(findTestObject("3-OBJECTS UTILIDADES/Login/a_Ingresar")): Object: 'Object Repository/3-OBJECTS UTILIDADES/Login/a_Ingresar' is clicked on

2022-04-29 10:48:43 - [MESSAGE][PASSED] - Object: 'Object Repository/3-OBJECTS UTILIDADES/Login/a_Ingresar' is clicked on

2022-04-29 10:48:43 - [TEST_STEP][PASSED] - element = findWebElement(findTestObject("3-OBJECTS UTILIDADES/Login/a_Ir"), 30): null

2022-04-29 10:48:43 - [TEST_STEP][PASSED] - executeJavaScript("arguments[0].click()", Arrays.asList(element)): Execute JavaScript 'arguments[0].click()' successfully

2022-04-29 10:48:43 - [MESSAGE][PASSED] - Execute JavaScript 'arguments[0].click()' successfully

2022-04-29 10:48:43 - [MESSAGE][PASSED] - Call Test Case 'Test Cases/0.1-Login' successfully

2022-04-29 10:48:43 - [TEST_STEP][PASSED] - waitForElementClickable(findTestObject("1-OBJECTS TAREAS PRINCIPALES/Modulo Actos Administrativos/Modulo Viáticos/Anulación y Legalización de viáticos/input_ADMINISTRADOR DEL SISTEMA - SARA_form_templatej_idt24_input"), 0): Object 'Object Repository/1-OBJECTS TAREAS PRINCIPALES/Modulo Actos Administrativos/Modulo Viáticos/Anulación y Legalización de viáticos/input_ADMINISTRADOR DEL SISTEMA - SARA_form_templatej_idt24_input' is clickable

2022-04-29 10:48:43 - [MESSAGE][WARNING] - Timeout '0' is invalid. Using default page load timeout: '45'

2022-04-29 10:48:44 - [MESSAGE][PASSED] - Object 'Object Repository/1-OBJECTS TAREAS PRINCIPALES/Modulo Actos Administrativos/Modulo Viáticos/Anulación y Legalización de viáticos/input_ADMINISTRADOR DEL SISTEMA - SARA_form_templatej_idt24_input' is clickable

2022-04-29 10:48:44 - [TEST_STEP][PASSED] - setText(findTestObject("1-OBJECTS TAREAS PRINCIPALES/Modulo Actos Administrativos/Modulo Viáticos/Anulación y Legalización de viáticos/input_ADMINISTRADOR DEL SISTEMA - SARA_form_templatej_idt24_input"), "Listado de Viaticos (act)"): Text 'Listado de Viaticos (act)' is set on object 'Object Repository/1-OBJECTS TAREAS PRINCIPALES/Modulo Actos Administrativos/Modulo Viáticos/Anulación y Legalización de viáticos/input_ADMINISTRADOR DEL SISTEMA - SARA_form_templatej_idt24_input'

2022-04-29 10:48:45 - [MESSAGE][PASSED] - Text 'Listado de Viaticos (act)' is set on object 'Object Repository/1-OBJECTS TAREAS PRINCIPALES/Modulo Actos Administrativos/Modulo Viáticos/Anulación y Legalización de viáticos/input_ADMINISTRADOR DEL SISTEMA - SARA_form_templatej_idt24_input'

2022-04-29 10:48:45 - [TEST_STEP][PASSED] - waitForElementClickable(findTestObject("1-OBJECTS TAREAS PRINCIPALES/Modulo Actos Administrativos/Modulo Viáticos/Anulación y Legalización de viáticos/li_Listado de Viaticos (act)"), 0): Object 'Object Repository/1-OBJECTS TAREAS PRINCIPALES/Modulo Actos Administrativos/Modulo Viáticos/Anulación y Legalización de viáticos/li_Listado de Viaticos (act)' is clickable

2022-04-29 10:48:45 - [MESSAGE][WARNING] - Timeout '0' is invalid. Using default page load timeout: '45'

2022-04-29 10:48:46 - [MESSAGE][PASSED] - Object 'Object Repository/1-OBJECTS TAREAS PRINCIPALES/Modulo Actos Administrativos/Modulo Viáticos/Anulación y Legalización de viáticos/li_Listado de Viaticos (act)' is clickable

2022-04-29 10:48:46 - [TEST_STEP][PASSED] - sendKeys(findTestObject("1-OBJECTS TAREAS PRINCIPALES/Modulo Actos Administrativos/Modulo Viáticos/Anulación y Legalización de viáticos/input_ADMINISTRADOR DEL SISTEMA - SARA_form_templatej_idt24_input"), Keys.chord(ENTER)): Keys 'ENTER + ' sent to object: 'Object Repository/1-OBJECTS TAREAS PRINCIPALES/Modulo Actos Administrativos/Modulo Viáticos/Anulación y Legalización de viáticos/input_ADMINISTRADOR DEL SISTEMA - SARA_form_templatej_idt24_input'

2022-04-29 10:48:46 - [MESSAGE][PASSED] - Keys 'ENTER + ' sent to object: 'Object Repository/1-OBJECTS TAREAS PRINCIPALES/Modulo Actos Administrativos/Modulo Viáticos/Anulación y Legalización de viáticos/input_ADMINISTRADOR DEL SISTEMA - SARA_form_templatej_idt24_input'

2022-04-29 10:48:46 - [TEST_STEP][PASSED] - waitForElementClickable(findTestObject("1-OBJECTS TAREAS PRINCIPALES/Modulo Actos Administrativos/Modulo Viáticos/Modificar retroactivos/a_Listado Viticos_cerrar_menu"), 0): Object 'Object Repository/1-OBJECTS TAREAS PRINCIPALES/Modulo Actos Administrativos/Modulo Viáticos/Modificar retroactivos/a_Listado Viticos_cerrar_menu' is clickable

2022-04-29 10:48:47 - [MESSAGE][WARNING] - Timeout '0' is invalid. Using default page load timeout: '45'

2022-04-29 10:48:48 - [MESSAGE][PASSED] - Object 'Object Repository/1-OBJECTS TAREAS PRINCIPALES/Modulo Actos Administrativos/Modulo Viáticos/Modificar retroactivos/a_Listado Viticos_cerrar_menu' is clickable

2022-04-29 10:48:48 - [TEST_STEP][PASSED] - click(findTestObject("1-OBJECTS TAREAS PRINCIPALES/Modulo Actos Administrativos/Modulo Viáticos/Modificar retroactivos/a_Listado Viticos_cerrar_menu")): Object: 'Object Repository/1-OBJECTS TAREAS PRINCIPALES/Modulo Actos Administrativos/Modulo Viáticos/Modificar retroactivos/a_Listado Viticos_cerrar_menu' is clicked on

2022-04-29 10:48:48 - [MESSAGE][PASSED] - Object: 'Object Repository/1-OBJECTS TAREAS PRINCIPALES/Modulo Actos Administrativos/Modulo Viáticos/Modificar retroactivos/a_Listado Viticos_cerrar_menu' is clicked on

2022-04-29 10:48:48 - [TEST_STEP][PASSED] - setText(findTestObject("1-OBJECTS TAREAS PRINCIPALES/Modulo Actos Administrativos/Modulo Viáticos/Anulación y Legalización de viáticos/input_ADMINISTRADOR DEL SISTEMA - SARA_form_templatej_idt24_input"), "Listado Costos Pendientes (act)"): Text 'Listado Costos Pendientes (act)' is set on object 'Object Repository/1-OBJECTS TAREAS PRINCIPALES/Modulo Actos Administrativos/Modulo Viáticos/Anulación y Legalización de viáticos/input_ADMINISTRADOR DEL SISTEMA - SARA_form_templatej_idt24_input'

2022-04-29 10:48:49 - [MESSAGE][PASSED] - Text 'Listado Costos Pendientes (act)' is set on object 'Object Repository/1-OBJECTS TAREAS PRINCIPALES/Modulo Actos Administrativos/Modulo Viáticos/Anulación y Legalización de viáticos/input_ADMINISTRADOR DEL SISTEMA - SARA_form_templatej_idt24_input'

2022-04-29 10:48:49 - [TEST_STEP][PASSED] - waitForElementVisible(findTestObject("1-OBJECTS TAREAS PRINCIPALES/Modulo Actos Administrativos/Modulo Viáticos/Modificar Solicitud de Viáticos/Span_selec menu"), 0): Object 'Object Repository/1-OBJECTS TAREAS PRINCIPALES/Modulo Actos Administrativos/Modulo Viáticos/Modificar Solicitud de Viáticos/Span_selec menu' is visible

2022-04-29 10:48:49 - [MESSAGE][WARNING] - Timeout '0' is invalid. Using default page load timeout: '45'

2022-04-29 10:48:50 - [MESSAGE][PASSED] - Object 'Object Repository/1-OBJECTS TAREAS PRINCIPALES/Modulo Actos Administrativos/Modulo Viáticos/Modificar Solicitud de Viáticos/Span_selec menu' is visible

2022-04-29 10:48:50 - [TEST_STEP][PASSED] - click(findTestObject("1-OBJECTS TAREAS PRINCIPALES/Modulo Actos Administrativos/Modulo Viáticos/Modificar Solicitud de Viáticos/Span_selec menu")): Object: 'Object Repository/1-OBJECTS TAREAS PRINCIPALES/Modulo Actos Administrativos/Modulo Viáticos/Modificar Solicitud de Viáticos/Span_selec menu' is clicked on

2022-04-29 10:48:51 - [MESSAGE][PASSED] - Object: 'Object Repository/1-OBJECTS TAREAS PRINCIPALES/Modulo Actos Administrativos/Modulo Viáticos/Modificar Solicitud de Viáticos/Span_selec menu' is clicked on

2022-04-29 10:48:51 - [TEST_STEP][PASSED] - waitForElementClickable(findTestObject("1-OBJECTS TAREAS PRINCIPALES/Modulo Actos Administrativos/Modulo Viáticos/Modificar retroactivos/select_--Seleccione--Nota Reembolso"), 0): Object 'Object Repository/1-OBJECTS TAREAS PRINCIPALES/Modulo Actos Administrativos/Modulo Viáticos/Modificar retroactivos/select_--Seleccione--Nota Reembolso' is clickable

2022-04-29 10:48:51 - [MESSAGE][WARNING] - Timeout '0' is invalid. Using default page load timeout: '45'

2022-04-29 10:48:52 - [MESSAGE][PASSED] - Object 'Object Repository/1-OBJECTS TAREAS PRINCIPALES/Modulo Actos Administrativos/Modulo Viáticos/Modificar retroactivos/select_--Seleccione--Nota Reembolso' is clickable

2022-04-29 10:48:52 - [TEST_STEP][PASSED] - selectOptionByIndex(findTestObject("1-OBJECTS TAREAS PRINCIPALES/Modulo Actos Administrativos/Modulo Viáticos/Modificar retroactivos/select_--Seleccione--Nota Reembolso"), "2"): All options with index in [2] are selected on object 'Object Repository/1-OBJECTS TAREAS PRINCIPALES/Modulo Actos Administrativos/Modulo Viáticos/Modificar retroactivos/select_--Seleccione--Nota Reembolso'

2022-04-29 10:48:53 - [MESSAGE][PASSED] - All options with index in [2] are selected on object 'Object Repository/1-OBJECTS TAREAS PRINCIPALES/Modulo Actos Administrativos/Modulo Viáticos/Modificar retroactivos/select_--Seleccione--Nota Reembolso'

2022-04-29 10:48:53 - [TEST_STEP][PASSED] - if (waitForElementClickable(findTestObject("1-OBJECTS TAREAS PRINCIPALES/Modulo Actos Administrativos/Modulo Viáticos/Modificar retroactivos/td_QUINTERO 5 EMPLEADO"), 1)): null

2022-04-29 10:48:54 - [MESSAGE][PASSED] - Object 'Object Repository/1-OBJECTS TAREAS PRINCIPALES/Modulo Actos Administrativos/Modulo Viáticos/Modificar retroactivos/td_QUINTERO 5 EMPLEADO' is clickable

2022-04-29 10:48:54 - [TEST_STEP][PASSED] - click(findTestObject("1-OBJECTS TAREAS PRINCIPALES/Modulo Actos Administrativos/Modulo Viáticos/Modificar retroactivos/td_QUINTERO 5 EMPLEADO")): Object: 'Object Repository/1-OBJECTS TAREAS PRINCIPALES/Modulo Actos Administrativos/Modulo Viáticos/Modificar retroactivos/td_QUINTERO 5 EMPLEADO' is clicked on

2022-04-29 10:48:54 - [MESSAGE][PASSED] - Object: 'Object Repository/1-OBJECTS TAREAS PRINCIPALES/Modulo Actos Administrativos/Modulo Viáticos/Modificar retroactivos/td_QUINTERO 5 EMPLEADO' is clicked on

2022-04-29 10:48:54 - [TEST_STEP][PASSED] - element = findWebElement(findTestObject("1-OBJECTS TAREAS PRINCIPALES/Modulo Actos Administrativos/Modulo Viáticos/Modificar retroactivos/a_Aplicar Reembolso"), 30): null

2022-04-29 10:48:55 - [TEST_STEP][PASSED] - executeJavaScript("arguments[0].click()", Arrays.asList(element)): Execute JavaScript 'arguments[0].click()' successfully

2022-04-29 10:48:55 - [MESSAGE][PASSED] - Execute JavaScript 'arguments[0].click()' successfully

2022-04-29 10:48:55 - [TEST_STEP][PASSED] - closeBrowser(): Browser is closed

2022-04-29 10:48:56 - [MESSAGE][PASSED] - Browser is closed]]></system-out>
         <system-err><![CDATA[]]></system-err>
      </testcase>
      <testcase name="Test Cases/1.1-Tareas Principales/1.6.8 Guardar retroactivo de viáticos" time="75.34" classname="Test Cases/1.1-Tareas Principales/1.6.8 Guardar retroactivo de viáticos" status="PASSED">
         <system-out><![CDATA[2022-04-29 10:48:56 - [TEST_CASE][PASSED] - Test Cases/1.1-Tareas Principales/1.6.8 Guardar retroactivo de viáticos: Test Cases/1.1-Tareas Principales/1.6.8 Guardar retroactivo de viáticos

2022-04-29 10:48:56 - [TEST_STEP][PASSED] - callTestCase(findTestCase("0.1-Login"), [:], STOP_ON_FAILURE): Call Test Case 'Test Cases/0.1-Login' successfully

2022-04-29 10:48:56 - [TEST_CASE][PASSED] - Test Cases/0.1-Login: Test Cases/0.1-Login

2022-04-29 10:48:56 - [TEST_STEP][PASSED] - openBrowser(""): Browser is opened with url: ''

2022-04-29 10:48:56 - [MESSAGE][INFO] - Starting 'Chrome' driver

2022-04-29 10:48:56 - [MESSAGE][INFO] - Action delay is set to 0 milliseconds

2022-04-29 10:48:57 - [MESSAGE][PASSED] - Browser is opened with url: ''

2022-04-29 10:48:57 - [TEST_STEP][PASSED] - maximizeWindow(): Current window maximized

2022-04-29 10:48:58 - [MESSAGE][PASSED] - Current window maximized

2022-04-29 10:48:58 - [TEST_STEP][PASSED] - i = G_Login: null

2022-04-29 10:48:58 - [TEST_STEP][PASSED] - url = new java.net.URL(i): null

2022-04-29 10:48:58 - [TEST_STEP][PASSED] - println("URL: " + url.toString()): null

2022-04-29 10:48:58 - [TEST_STEP][PASSED] - connection = url.openConnection(): null

2022-04-29 10:48:58 - [TEST_STEP][PASSED] - connection.setRequestMethod("GET"): null

2022-04-29 10:48:58 - [TEST_STEP][PASSED] - connection.setReadTimeout(2 * 1000): null

2022-04-29 10:48:58 - [TEST_STEP][PASSED] - try: null

2022-04-29 10:48:58 - [TEST_STEP][PASSED] - connection.connect(): null

2022-04-29 10:48:58 - [TEST_STEP][PASSED] - flag = connected: null

2022-04-29 10:48:58 - [TEST_STEP][PASSED] - println("Valor_ori: " + flag): null

2022-04-29 10:48:58 - [TEST_STEP][PASSED] - if (flag): null

2022-04-29 10:48:58 - [TEST_STEP][PASSED] - navigateToUrl(i): Navigate to 'http://192.168.2.19:8380/saraweb' successfully

2022-04-29 10:48:58 - [MESSAGE][PASSED] - Navigate to 'http://192.168.2.19:8380/saraweb' successfully

2022-04-29 10:48:58 - [TEST_STEP][PASSED] - a(): null

2022-04-29 10:48:58 - [TEST_STEP][PASSED] - setText(findTestObject("3-OBJECTS UTILIDADES/Login/input_USUARIO_loginusuario"), G_Usuario): Text 'saraadmin' is set on object 'Object Repository/3-OBJECTS UTILIDADES/Login/input_USUARIO_loginusuario'

2022-04-29 10:48:59 - [MESSAGE][PASSED] - Text 'saraadmin' is set on object 'Object Repository/3-OBJECTS UTILIDADES/Login/input_USUARIO_loginusuario'

2022-04-29 10:48:59 - [TEST_STEP][PASSED] - setEncryptedText(findTestObject("3-OBJECTS UTILIDADES/Login/input_CLAVE_loginpassword"), "MkG4/TYiCFC3cb2driP7+Q=="): Text ****** has been set on object 'Object Repository/3-OBJECTS UTILIDADES/Login/input_CLAVE_loginpassword'

2022-04-29 10:48:59 - [MESSAGE][PASSED] - Text ****** has been set on object 'Object Repository/3-OBJECTS UTILIDADES/Login/input_CLAVE_loginpassword'

2022-04-29 10:48:59 - [TEST_STEP][PASSED] - waitForElementClickable(findTestObject("3-OBJECTS UTILIDADES/Login/a_Ingresar"), G_TimeOut): Object 'Object Repository/3-OBJECTS UTILIDADES/Login/a_Ingresar' is clickable

2022-04-29 10:48:59 - [MESSAGE][PASSED] - Object 'Object Repository/3-OBJECTS UTILIDADES/Login/a_Ingresar' is clickable

2022-04-29 10:48:59 - [TEST_STEP][PASSED] - click(findTestObject("3-OBJECTS UTILIDADES/Login/a_Ingresar")): Object: 'Object Repository/3-OBJECTS UTILIDADES/Login/a_Ingresar' is clicked on

2022-04-29 10:49:00 - [MESSAGE][PASSED] - Object: 'Object Repository/3-OBJECTS UTILIDADES/Login/a_Ingresar' is clicked on

2022-04-29 10:49:00 - [TEST_STEP][PASSED] - element = findWebElement(findTestObject("3-OBJECTS UTILIDADES/Login/a_Ir"), 30): null

2022-04-29 10:49:01 - [TEST_STEP][PASSED] - executeJavaScript("arguments[0].click()", Arrays.asList(element)): Execute JavaScript 'arguments[0].click()' successfully

2022-04-29 10:49:01 - [MESSAGE][PASSED] - Execute JavaScript 'arguments[0].click()' successfully

2022-04-29 10:49:01 - [MESSAGE][PASSED] - Call Test Case 'Test Cases/0.1-Login' successfully

2022-04-29 10:49:01 - [TEST_STEP][PASSED] - waitForElementClickable(findTestObject("1-OBJECTS TAREAS PRINCIPALES/Modulo Actos Administrativos/Modulo Viáticos/Guardar retroactivo de viáticos/input_ADMINISTRADOR DEL SISTEMA - SARA_form_templatej_idt24_input"), 0): Object 'Object Repository/1-OBJECTS TAREAS PRINCIPALES/Modulo Actos Administrativos/Modulo Viáticos/Guardar retroactivo de viáticos/input_ADMINISTRADOR DEL SISTEMA - SARA_form_templatej_idt24_input' is clickable

2022-04-29 10:49:01 - [MESSAGE][WARNING] - Timeout '0' is invalid. Using default page load timeout: '45'

2022-04-29 10:49:02 - [MESSAGE][PASSED] - Object 'Object Repository/1-OBJECTS TAREAS PRINCIPALES/Modulo Actos Administrativos/Modulo Viáticos/Guardar retroactivo de viáticos/input_ADMINISTRADOR DEL SISTEMA - SARA_form_templatej_idt24_input' is clickable

2022-04-29 10:49:02 - [TEST_STEP][PASSED] - setText(findTestObject("1-OBJECTS TAREAS PRINCIPALES/Modulo Actos Administrativos/Modulo Viáticos/Guardar retroactivo de viáticos/input_ADMINISTRADOR DEL SISTEMA - SARA_form_templatej_idt24_input"), "listado de viaticos"): Text 'listado de viaticos' is set on object 'Object Repository/1-OBJECTS TAREAS PRINCIPALES/Modulo Actos Administrativos/Modulo Viáticos/Guardar retroactivo de viáticos/input_ADMINISTRADOR DEL SISTEMA - SARA_form_templatej_idt24_input'

2022-04-29 10:49:02 - [MESSAGE][PASSED] - Text 'listado de viaticos' is set on object 'Object Repository/1-OBJECTS TAREAS PRINCIPALES/Modulo Actos Administrativos/Modulo Viáticos/Guardar retroactivo de viáticos/input_ADMINISTRADOR DEL SISTEMA - SARA_form_templatej_idt24_input'

2022-04-29 10:49:02 - [TEST_STEP][PASSED] - waitForElementClickable(findTestObject("1-OBJECTS TAREAS PRINCIPALES/Modulo Actos Administrativos/Modulo Viáticos/Guardar retroactivo de viáticos/li_Listado de Viaticos (act)"), 0): Object 'Object Repository/1-OBJECTS TAREAS PRINCIPALES/Modulo Actos Administrativos/Modulo Viáticos/Guardar retroactivo de viáticos/li_Listado de Viaticos (act)' is clickable

2022-04-29 10:49:02 - [MESSAGE][WARNING] - Timeout '0' is invalid. Using default page load timeout: '45'

2022-04-29 10:49:04 - [MESSAGE][PASSED] - Object 'Object Repository/1-OBJECTS TAREAS PRINCIPALES/Modulo Actos Administrativos/Modulo Viáticos/Guardar retroactivo de viáticos/li_Listado de Viaticos (act)' is clickable

2022-04-29 10:49:04 - [TEST_STEP][PASSED] - sendKeys(findTestObject("1-OBJECTS TAREAS PRINCIPALES/Modulo Actos Administrativos/Modulo Viáticos/Guardar retroactivo de viáticos/input_ADMINISTRADOR DEL SISTEMA - SARA_form_templatej_idt24_input"), Keys.chord(ENTER)): Keys 'ENTER + ' sent to object: 'Object Repository/1-OBJECTS TAREAS PRINCIPALES/Modulo Actos Administrativos/Modulo Viáticos/Guardar retroactivo de viáticos/input_ADMINISTRADOR DEL SISTEMA - SARA_form_templatej_idt24_input'

2022-04-29 10:49:04 - [MESSAGE][PASSED] - Keys 'ENTER + ' sent to object: 'Object Repository/1-OBJECTS TAREAS PRINCIPALES/Modulo Actos Administrativos/Modulo Viáticos/Guardar retroactivo de viáticos/input_ADMINISTRADOR DEL SISTEMA - SARA_form_templatej_idt24_input'

2022-04-29 10:49:04 - [TEST_STEP][PASSED] - waitForElementClickable(findTestObject("1-OBJECTS TAREAS PRINCIPALES/Modulo Actos Administrativos/Modulo Viáticos/Guardar retroactivo de viáticos/a_Listado Costos Pendientes_cerrar_menu_guardar"), 0): Object 'Object Repository/1-OBJECTS TAREAS PRINCIPALES/Modulo Actos Administrativos/Modulo Viáticos/Guardar retroactivo de viáticos/a_Listado Costos Pendientes_cerrar_menu_guardar' is clickable

2022-04-29 10:49:04 - [MESSAGE][WARNING] - Timeout '0' is invalid. Using default page load timeout: '45'

2022-04-29 10:49:06 - [MESSAGE][PASSED] - Object 'Object Repository/1-OBJECTS TAREAS PRINCIPALES/Modulo Actos Administrativos/Modulo Viáticos/Guardar retroactivo de viáticos/a_Listado Costos Pendientes_cerrar_menu_guardar' is clickable

2022-04-29 10:49:06 - [TEST_STEP][PASSED] - click(findTestObject("1-OBJECTS TAREAS PRINCIPALES/Modulo Actos Administrativos/Modulo Viáticos/Guardar retroactivo de viáticos/a_Listado Costos Pendientes_cerrar_menu_guardar")): Object: 'Object Repository/1-OBJECTS TAREAS PRINCIPALES/Modulo Actos Administrativos/Modulo Viáticos/Guardar retroactivo de viáticos/a_Listado Costos Pendientes_cerrar_menu_guardar' is clicked on

2022-04-29 10:49:06 - [MESSAGE][PASSED] - Object: 'Object Repository/1-OBJECTS TAREAS PRINCIPALES/Modulo Actos Administrativos/Modulo Viáticos/Guardar retroactivo de viáticos/a_Listado Costos Pendientes_cerrar_menu_guardar' is clicked on

2022-04-29 10:49:06 - [TEST_STEP][PASSED] - setText(findTestObject("1-OBJECTS TAREAS PRINCIPALES/Modulo Actos Administrativos/Modulo Viáticos/Guardar retroactivo de viáticos/input_ADMINISTRADOR DEL SISTEMA - SARA_form_templatej_idt24_input"), "Retroactivo viaticos"): Text 'Retroactivo viaticos' is set on object 'Object Repository/1-OBJECTS TAREAS PRINCIPALES/Modulo Actos Administrativos/Modulo Viáticos/Guardar retroactivo de viáticos/input_ADMINISTRADOR DEL SISTEMA - SARA_form_templatej_idt24_input'

2022-04-29 10:49:07 - [MESSAGE][PASSED] - Text 'Retroactivo viaticos' is set on object 'Object Repository/1-OBJECTS TAREAS PRINCIPALES/Modulo Actos Administrativos/Modulo Viáticos/Guardar retroactivo de viáticos/input_ADMINISTRADOR DEL SISTEMA - SARA_form_templatej_idt24_input'

2022-04-29 10:49:07 - [TEST_STEP][PASSED] - click(findTestObject("1-OBJECTS TAREAS PRINCIPALES/Modulo Actos Administrativos/Modulo Viáticos/Guardar retroactivo de viáticos/span_Retroactivo Viaticos")): Object: 'Object Repository/1-OBJECTS TAREAS PRINCIPALES/Modulo Actos Administrativos/Modulo Viáticos/Guardar retroactivo de viáticos/span_Retroactivo Viaticos' is clicked on

2022-04-29 10:49:08 - [MESSAGE][PASSED] - Object: 'Object Repository/1-OBJECTS TAREAS PRINCIPALES/Modulo Actos Administrativos/Modulo Viáticos/Guardar retroactivo de viáticos/span_Retroactivo Viaticos' is clicked on

2022-04-29 10:49:08 - [TEST_STEP][PASSED] - waitForElementVisible(findTestObject("1-OBJECTS TAREAS PRINCIPALES/Modulo Actos Administrativos/Modulo Viáticos/Guardar retroactivo de viáticos/span_Retroactivo Viaticos"), 0): Web element with id: 'Object Repository/1-OBJECTS TAREAS PRINCIPALES/Modulo Actos Administrativos/Modulo Viáticos/Guardar retroactivo de viáticos/span_Retroactivo Viaticos' located by '//span/ul/li/span' not found

2022-04-29 10:49:08 - [MESSAGE][WARNING] - Timeout '0' is invalid. Using default page load timeout: '45'

2022-04-29 10:49:55 - [MESSAGE][INFO] - Unable to find the element located by 'By.xpath: //span/ul/li/span'. Please recheck the objects properties to make sure the desired element is located. 

2022-04-29 10:49:55 - [MESSAGE][WARNING] - Web element with id: 'Object Repository/1-OBJECTS TAREAS PRINCIPALES/Modulo Actos Administrativos/Modulo Viáticos/Guardar retroactivo de viáticos/span_Retroactivo Viaticos' located by '//span/ul/li/span' not found

2022-04-29 10:49:55 - [TEST_STEP][PASSED] - waitForElementClickable(findTestObject("1-OBJECTS TAREAS PRINCIPALES/Modulo Actos Administrativos/Modulo Viáticos/Guardar retroactivo de viáticos/a_Nuevo_Guardar"), 0): Object 'Object Repository/1-OBJECTS TAREAS PRINCIPALES/Modulo Actos Administrativos/Modulo Viáticos/Guardar retroactivo de viáticos/a_Nuevo_Guardar' is clickable

2022-04-29 10:49:55 - [MESSAGE][WARNING] - Timeout '0' is invalid. Using default page load timeout: '45'

2022-04-29 10:49:55 - [MESSAGE][PASSED] - Object 'Object Repository/1-OBJECTS TAREAS PRINCIPALES/Modulo Actos Administrativos/Modulo Viáticos/Guardar retroactivo de viáticos/a_Nuevo_Guardar' is clickable

2022-04-29 10:49:55 - [TEST_STEP][PASSED] - click(findTestObject("1-OBJECTS TAREAS PRINCIPALES/Modulo Actos Administrativos/Modulo Viáticos/Guardar retroactivo de viáticos/a_Nuevo_Guardar")): Object: 'Object Repository/1-OBJECTS TAREAS PRINCIPALES/Modulo Actos Administrativos/Modulo Viáticos/Guardar retroactivo de viáticos/a_Nuevo_Guardar' is clicked on

2022-04-29 10:49:55 - [MESSAGE][PASSED] - Object: 'Object Repository/1-OBJECTS TAREAS PRINCIPALES/Modulo Actos Administrativos/Modulo Viáticos/Guardar retroactivo de viáticos/a_Nuevo_Guardar' is clicked on

2022-04-29 10:49:55 - [TEST_STEP][PASSED] - waitForElementClickable(findTestObject("1-OBJECTS TAREAS PRINCIPALES/Modulo Actos Administrativos/Modulo Viáticos/Guardar retroactivo de viáticos/input_Aplicacin_Guardar"), 0): Object 'Object Repository/1-OBJECTS TAREAS PRINCIPALES/Modulo Actos Administrativos/Modulo Viáticos/Guardar retroactivo de viáticos/input_Aplicacin_Guardar' is clickable

2022-04-29 10:49:55 - [MESSAGE][WARNING] - Timeout '0' is invalid. Using default page load timeout: '45'

2022-04-29 10:49:56 - [MESSAGE][PASSED] - Object 'Object Repository/1-OBJECTS TAREAS PRINCIPALES/Modulo Actos Administrativos/Modulo Viáticos/Guardar retroactivo de viáticos/input_Aplicacin_Guardar' is clickable

2022-04-29 10:49:56 - [TEST_STEP][PASSED] - setText(findTestObject("1-OBJECTS TAREAS PRINCIPALES/Modulo Actos Administrativos/Modulo Viáticos/Guardar retroactivo de viáticos/input_Aplicacin_Guardar"), "01/07/2021"): Text '01/07/2021' is set on object 'Object Repository/1-OBJECTS TAREAS PRINCIPALES/Modulo Actos Administrativos/Modulo Viáticos/Guardar retroactivo de viáticos/input_Aplicacin_Guardar'

2022-04-29 10:49:57 - [MESSAGE][PASSED] - Text '01/07/2021' is set on object 'Object Repository/1-OBJECTS TAREAS PRINCIPALES/Modulo Actos Administrativos/Modulo Viáticos/Guardar retroactivo de viáticos/input_Aplicacin_Guardar'

2022-04-29 10:49:57 - [TEST_STEP][PASSED] - setText(findTestObject("1-OBJECTS TAREAS PRINCIPALES/Modulo Actos Administrativos/Modulo Viáticos/Guardar retroactivo de viáticos/input_Desde_Guardar"), "01/07/2021"): Text '01/07/2021' is set on object 'Object Repository/1-OBJECTS TAREAS PRINCIPALES/Modulo Actos Administrativos/Modulo Viáticos/Guardar retroactivo de viáticos/input_Desde_Guardar'

2022-04-29 10:49:58 - [MESSAGE][PASSED] - Text '01/07/2021' is set on object 'Object Repository/1-OBJECTS TAREAS PRINCIPALES/Modulo Actos Administrativos/Modulo Viáticos/Guardar retroactivo de viáticos/input_Desde_Guardar'

2022-04-29 10:49:58 - [TEST_STEP][PASSED] - setText(findTestObject("1-OBJECTS TAREAS PRINCIPALES/Modulo Actos Administrativos/Modulo Viáticos/Guardar retroactivo de viáticos/input_Hasta_Guardar"), "01/07/2021"): Text '01/07/2021' is set on object 'Object Repository/1-OBJECTS TAREAS PRINCIPALES/Modulo Actos Administrativos/Modulo Viáticos/Guardar retroactivo de viáticos/input_Hasta_Guardar'

2022-04-29 10:49:59 - [MESSAGE][PASSED] - Text '01/07/2021' is set on object 'Object Repository/1-OBJECTS TAREAS PRINCIPALES/Modulo Actos Administrativos/Modulo Viáticos/Guardar retroactivo de viáticos/input_Hasta_Guardar'

2022-04-29 10:49:59 - [TEST_STEP][PASSED] - setText(findTestObject("1-OBJECTS TAREAS PRINCIPALES/Modulo Actos Administrativos/Modulo Viáticos/Guardar retroactivo de viáticos/input_Descripcin_Guardar"), "prueba"): Text 'prueba' is set on object 'Object Repository/1-OBJECTS TAREAS PRINCIPALES/Modulo Actos Administrativos/Modulo Viáticos/Guardar retroactivo de viáticos/input_Descripcin_Guardar'

2022-04-29 10:50:00 - [MESSAGE][PASSED] - Text 'prueba' is set on object 'Object Repository/1-OBJECTS TAREAS PRINCIPALES/Modulo Actos Administrativos/Modulo Viáticos/Guardar retroactivo de viáticos/input_Descripcin_Guardar'

2022-04-29 10:50:00 - [TEST_STEP][PASSED] - click(findTestObject("1-OBJECTS TAREAS PRINCIPALES/Modulo Actos Administrativos/Modulo Viáticos/Guardar retroactivo de viáticos/a_Guardar_guardar")): Object: 'Object Repository/1-OBJECTS TAREAS PRINCIPALES/Modulo Actos Administrativos/Modulo Viáticos/Guardar retroactivo de viáticos/a_Guardar_guardar' is clicked on

2022-04-29 10:50:00 - [MESSAGE][PASSED] - Object: 'Object Repository/1-OBJECTS TAREAS PRINCIPALES/Modulo Actos Administrativos/Modulo Viáticos/Guardar retroactivo de viáticos/a_Guardar_guardar' is clicked on

2022-04-29 10:50:00 - [TEST_STEP][PASSED] - waitForElementClickable(findTestObject("1-OBJECTS TAREAS PRINCIPALES/Modulo Actos Administrativos/Modulo Viáticos/Guardar retroactivo de viáticos/a_Liquidacin_Guardar"), 0): Object 'Object Repository/1-OBJECTS TAREAS PRINCIPALES/Modulo Actos Administrativos/Modulo Viáticos/Guardar retroactivo de viáticos/a_Liquidacin_Guardar' is clickable

2022-04-29 10:50:00 - [MESSAGE][WARNING] - Timeout '0' is invalid. Using default page load timeout: '45'

2022-04-29 10:50:01 - [MESSAGE][PASSED] - Object 'Object Repository/1-OBJECTS TAREAS PRINCIPALES/Modulo Actos Administrativos/Modulo Viáticos/Guardar retroactivo de viáticos/a_Liquidacin_Guardar' is clickable

2022-04-29 10:50:01 - [TEST_STEP][PASSED] - click(findTestObject("1-OBJECTS TAREAS PRINCIPALES/Modulo Actos Administrativos/Modulo Viáticos/Guardar retroactivo de viáticos/a_Liquidacin_Guardar")): Object: 'Object Repository/1-OBJECTS TAREAS PRINCIPALES/Modulo Actos Administrativos/Modulo Viáticos/Guardar retroactivo de viáticos/a_Liquidacin_Guardar' is clicked on

2022-04-29 10:50:02 - [MESSAGE][PASSED] - Object: 'Object Repository/1-OBJECTS TAREAS PRINCIPALES/Modulo Actos Administrativos/Modulo Viáticos/Guardar retroactivo de viáticos/a_Liquidacin_Guardar' is clicked on

2022-04-29 10:50:02 - [TEST_STEP][PASSED] - click(findTestObject("1-OBJECTS TAREAS PRINCIPALES/Modulo Actos Administrativos/Modulo Viáticos/Guardar retroactivo de viáticos/span_Si_Guardar")): Object: 'Object Repository/1-OBJECTS TAREAS PRINCIPALES/Modulo Actos Administrativos/Modulo Viáticos/Guardar retroactivo de viáticos/span_Si_Guardar' is clicked on

2022-04-29 10:50:02 - [MESSAGE][PASSED] - Object: 'Object Repository/1-OBJECTS TAREAS PRINCIPALES/Modulo Actos Administrativos/Modulo Viáticos/Guardar retroactivo de viáticos/span_Si_Guardar' is clicked on

2022-04-29 10:50:02 - [TEST_STEP][PASSED] - waitForElementClickable(findTestObject("1-OBJECTS TAREAS PRINCIPALES/Modulo Actos Administrativos/Modulo Viáticos/Guardar retroactivo de viáticos/a_Regresar_guardar"), 0): Object 'Object Repository/1-OBJECTS TAREAS PRINCIPALES/Modulo Actos Administrativos/Modulo Viáticos/Guardar retroactivo de viáticos/a_Regresar_guardar' is clickable

2022-04-29 10:50:02 - [MESSAGE][WARNING] - Timeout '0' is invalid. Using default page load timeout: '45'

2022-04-29 10:50:03 - [MESSAGE][PASSED] - Object 'Object Repository/1-OBJECTS TAREAS PRINCIPALES/Modulo Actos Administrativos/Modulo Viáticos/Guardar retroactivo de viáticos/a_Regresar_guardar' is clickable

2022-04-29 10:50:03 - [TEST_STEP][PASSED] - click(findTestObject("1-OBJECTS TAREAS PRINCIPALES/Modulo Actos Administrativos/Modulo Viáticos/Guardar retroactivo de viáticos/a_Regresar_guardar")): Object: 'Object Repository/1-OBJECTS TAREAS PRINCIPALES/Modulo Actos Administrativos/Modulo Viáticos/Guardar retroactivo de viáticos/a_Regresar_guardar' is clicked on

2022-04-29 10:50:03 - [MESSAGE][PASSED] - Object: 'Object Repository/1-OBJECTS TAREAS PRINCIPALES/Modulo Actos Administrativos/Modulo Viáticos/Guardar retroactivo de viáticos/a_Regresar_guardar' is clicked on

2022-04-29 10:50:03 - [TEST_STEP][PASSED] - waitForElementClickable(findTestObject("1-OBJECTS TAREAS PRINCIPALES/Modulo Actos Administrativos/Modulo Viáticos/Guardar retroactivo de viáticos/span_01072021"), 0): Object 'Object Repository/1-OBJECTS TAREAS PRINCIPALES/Modulo Actos Administrativos/Modulo Viáticos/Guardar retroactivo de viáticos/span_01072021' is clickable

2022-04-29 10:50:03 - [MESSAGE][WARNING] - Timeout '0' is invalid. Using default page load timeout: '45'

2022-04-29 10:50:04 - [MESSAGE][PASSED] - Object 'Object Repository/1-OBJECTS TAREAS PRINCIPALES/Modulo Actos Administrativos/Modulo Viáticos/Guardar retroactivo de viáticos/span_01072021' is clickable

2022-04-29 10:50:04 - [TEST_STEP][PASSED] - click(findTestObject("1-OBJECTS TAREAS PRINCIPALES/Modulo Actos Administrativos/Modulo Viáticos/Guardar retroactivo de viáticos/span_01072021")): Object: 'Object Repository/1-OBJECTS TAREAS PRINCIPALES/Modulo Actos Administrativos/Modulo Viáticos/Guardar retroactivo de viáticos/span_01072021' is clicked on

2022-04-29 10:50:04 - [MESSAGE][PASSED] - Object: 'Object Repository/1-OBJECTS TAREAS PRINCIPALES/Modulo Actos Administrativos/Modulo Viáticos/Guardar retroactivo de viáticos/span_01072021' is clicked on

2022-04-29 10:50:04 - [TEST_STEP][PASSED] - waitForElementClickable(findTestObject("1-OBJECTS TAREAS PRINCIPALES/Modulo Actos Administrativos/Modulo Viáticos/Guardar retroactivo de viáticos/a_Cerrar Proceso"), 0): Object 'Object Repository/1-OBJECTS TAREAS PRINCIPALES/Modulo Actos Administrativos/Modulo Viáticos/Guardar retroactivo de viáticos/a_Cerrar Proceso' is clickable

2022-04-29 10:50:05 - [MESSAGE][WARNING] - Timeout '0' is invalid. Using default page load timeout: '45'

2022-04-29 10:50:05 - [MESSAGE][PASSED] - Object 'Object Repository/1-OBJECTS TAREAS PRINCIPALES/Modulo Actos Administrativos/Modulo Viáticos/Guardar retroactivo de viáticos/a_Cerrar Proceso' is clickable

2022-04-29 10:50:05 - [TEST_STEP][PASSED] - click(findTestObject("1-OBJECTS TAREAS PRINCIPALES/Modulo Actos Administrativos/Modulo Viáticos/Guardar retroactivo de viáticos/a_Cerrar Proceso")): Object: 'Object Repository/1-OBJECTS TAREAS PRINCIPALES/Modulo Actos Administrativos/Modulo Viáticos/Guardar retroactivo de viáticos/a_Cerrar Proceso' is clicked on

2022-04-29 10:50:06 - [MESSAGE][PASSED] - Object: 'Object Repository/1-OBJECTS TAREAS PRINCIPALES/Modulo Actos Administrativos/Modulo Viáticos/Guardar retroactivo de viáticos/a_Cerrar Proceso' is clicked on

2022-04-29 10:50:06 - [TEST_STEP][PASSED] - click(findTestObject("1-OBJECTS TAREAS PRINCIPALES/Modulo Actos Administrativos/Modulo Viáticos/Guardar retroactivo de viáticos/span_Si_cerrar proceso")): Object: 'Object Repository/1-OBJECTS TAREAS PRINCIPALES/Modulo Actos Administrativos/Modulo Viáticos/Guardar retroactivo de viáticos/span_Si_cerrar proceso' is clicked on

2022-04-29 10:50:06 - [MESSAGE][PASSED] - Object: 'Object Repository/1-OBJECTS TAREAS PRINCIPALES/Modulo Actos Administrativos/Modulo Viáticos/Guardar retroactivo de viáticos/span_Si_cerrar proceso' is clicked on

2022-04-29 10:50:06 - [TEST_STEP][PASSED] - click(findTestObject("1-OBJECTS TAREAS PRINCIPALES/Modulo Actos Administrativos/Modulo Viáticos/Guardar retroactivo de viáticos/a_Regresar_guardar")): Object: 'Object Repository/1-OBJECTS TAREAS PRINCIPALES/Modulo Actos Administrativos/Modulo Viáticos/Guardar retroactivo de viáticos/a_Regresar_guardar' is clicked on

2022-04-29 10:50:07 - [MESSAGE][PASSED] - Object: 'Object Repository/1-OBJECTS TAREAS PRINCIPALES/Modulo Actos Administrativos/Modulo Viáticos/Guardar retroactivo de viáticos/a_Regresar_guardar' is clicked on

2022-04-29 10:50:07 - [TEST_STEP][PASSED] - waitForElementClickable(findTestObject("1-OBJECTS TAREAS PRINCIPALES/Modulo Actos Administrativos/Modulo Viáticos/Guardar retroactivo de viáticos/span_01072021"), 0): Object 'Object Repository/1-OBJECTS TAREAS PRINCIPALES/Modulo Actos Administrativos/Modulo Viáticos/Guardar retroactivo de viáticos/span_01072021' is clickable

2022-04-29 10:50:07 - [MESSAGE][WARNING] - Timeout '0' is invalid. Using default page load timeout: '45'

2022-04-29 10:50:08 - [MESSAGE][PASSED] - Object 'Object Repository/1-OBJECTS TAREAS PRINCIPALES/Modulo Actos Administrativos/Modulo Viáticos/Guardar retroactivo de viáticos/span_01072021' is clickable

2022-04-29 10:50:08 - [TEST_STEP][PASSED] - click(findTestObject("1-OBJECTS TAREAS PRINCIPALES/Modulo Actos Administrativos/Modulo Viáticos/Guardar retroactivo de viáticos/span_01072021")): Object: 'Object Repository/1-OBJECTS TAREAS PRINCIPALES/Modulo Actos Administrativos/Modulo Viáticos/Guardar retroactivo de viáticos/span_01072021' is clicked on

2022-04-29 10:50:08 - [MESSAGE][PASSED] - Object: 'Object Repository/1-OBJECTS TAREAS PRINCIPALES/Modulo Actos Administrativos/Modulo Viáticos/Guardar retroactivo de viáticos/span_01072021' is clicked on

2022-04-29 10:50:08 - [TEST_STEP][PASSED] - waitForElementClickable(findTestObject("1-OBJECTS TAREAS PRINCIPALES/Modulo Actos Administrativos/Modulo Viáticos/Guardar retroactivo de viáticos/a_Reversar_retroactivo"), 0): Object 'Object Repository/1-OBJECTS TAREAS PRINCIPALES/Modulo Actos Administrativos/Modulo Viáticos/Guardar retroactivo de viáticos/a_Reversar_retroactivo' is clickable

2022-04-29 10:50:08 - [MESSAGE][WARNING] - Timeout '0' is invalid. Using default page load timeout: '45'

2022-04-29 10:50:09 - [MESSAGE][PASSED] - Object 'Object Repository/1-OBJECTS TAREAS PRINCIPALES/Modulo Actos Administrativos/Modulo Viáticos/Guardar retroactivo de viáticos/a_Reversar_retroactivo' is clickable

2022-04-29 10:50:09 - [TEST_STEP][PASSED] - click(findTestObject("1-OBJECTS TAREAS PRINCIPALES/Modulo Actos Administrativos/Modulo Viáticos/Guardar retroactivo de viáticos/a_Reversar_retroactivo")): Object: 'Object Repository/1-OBJECTS TAREAS PRINCIPALES/Modulo Actos Administrativos/Modulo Viáticos/Guardar retroactivo de viáticos/a_Reversar_retroactivo' is clicked on

2022-04-29 10:50:09 - [MESSAGE][PASSED] - Object: 'Object Repository/1-OBJECTS TAREAS PRINCIPALES/Modulo Actos Administrativos/Modulo Viáticos/Guardar retroactivo de viáticos/a_Reversar_retroactivo' is clicked on

2022-04-29 10:50:09 - [TEST_STEP][PASSED] - waitForElementClickable(findTestObject("1-OBJECTS TAREAS PRINCIPALES/Modulo Actos Administrativos/Modulo Viáticos/Guardar retroactivo de viáticos/span_Si_reversar"), 0): Object 'Object Repository/1-OBJECTS TAREAS PRINCIPALES/Modulo Actos Administrativos/Modulo Viáticos/Guardar retroactivo de viáticos/span_Si_reversar' is clickable

2022-04-29 10:50:10 - [MESSAGE][WARNING] - Timeout '0' is invalid. Using default page load timeout: '45'

2022-04-29 10:50:10 - [MESSAGE][PASSED] - Object 'Object Repository/1-OBJECTS TAREAS PRINCIPALES/Modulo Actos Administrativos/Modulo Viáticos/Guardar retroactivo de viáticos/span_Si_reversar' is clickable

2022-04-29 10:50:10 - [TEST_STEP][PASSED] - click(findTestObject("1-OBJECTS TAREAS PRINCIPALES/Modulo Actos Administrativos/Modulo Viáticos/Guardar retroactivo de viáticos/span_Si_reversar")): Object: 'Object Repository/1-OBJECTS TAREAS PRINCIPALES/Modulo Actos Administrativos/Modulo Viáticos/Guardar retroactivo de viáticos/span_Si_reversar' is clicked on

2022-04-29 10:50:10 - [MESSAGE][PASSED] - Object: 'Object Repository/1-OBJECTS TAREAS PRINCIPALES/Modulo Actos Administrativos/Modulo Viáticos/Guardar retroactivo de viáticos/span_Si_reversar' is clicked on

2022-04-29 10:50:10 - [TEST_STEP][PASSED] - closeBrowser(): Browser is closed

2022-04-29 10:50:11 - [MESSAGE][PASSED] - Browser is closed]]></system-out>
         <system-err><![CDATA[]]></system-err>
      </testcase>
      <testcase name="Test Cases/1.1-Tareas Principales/1.6.9 Reporte Entidades Liquidadas Viáticos" time="25.34" classname="Test Cases/1.1-Tareas Principales/1.6.9 Reporte Entidades Liquidadas Viáticos" status="PASSED">
         <system-out><![CDATA[2022-04-29 10:50:11 - [TEST_CASE][PASSED] - Test Cases/1.1-Tareas Principales/1.6.9 Reporte Entidades Liquidadas Viáticos: Test Cases/1.1-Tareas Principales/1.6.9 Reporte Entidades Liquidadas Viáticos

2022-04-29 10:50:11 - [TEST_STEP][PASSED] - callTestCase(findTestCase("0.1-Login"), [:], STOP_ON_FAILURE): Call Test Case 'Test Cases/0.1-Login' successfully

2022-04-29 10:50:11 - [TEST_CASE][PASSED] - Test Cases/0.1-Login: Test Cases/0.1-Login

2022-04-29 10:50:11 - [TEST_STEP][PASSED] - openBrowser(""): Browser is opened with url: ''

2022-04-29 10:50:11 - [MESSAGE][INFO] - Starting 'Chrome' driver

2022-04-29 10:50:11 - [MESSAGE][INFO] - Action delay is set to 0 milliseconds

2022-04-29 10:50:13 - [MESSAGE][PASSED] - Browser is opened with url: ''

2022-04-29 10:50:13 - [TEST_STEP][PASSED] - maximizeWindow(): Current window maximized

2022-04-29 10:50:13 - [MESSAGE][PASSED] - Current window maximized

2022-04-29 10:50:13 - [TEST_STEP][PASSED] - i = G_Login: null

2022-04-29 10:50:13 - [TEST_STEP][PASSED] - url = new java.net.URL(i): null

2022-04-29 10:50:13 - [TEST_STEP][PASSED] - println("URL: " + url.toString()): null

2022-04-29 10:50:13 - [TEST_STEP][PASSED] - connection = url.openConnection(): null

2022-04-29 10:50:13 - [TEST_STEP][PASSED] - connection.setRequestMethod("GET"): null

2022-04-29 10:50:13 - [TEST_STEP][PASSED] - connection.setReadTimeout(2 * 1000): null

2022-04-29 10:50:13 - [TEST_STEP][PASSED] - try: null

2022-04-29 10:50:13 - [TEST_STEP][PASSED] - connection.connect(): null

2022-04-29 10:50:13 - [TEST_STEP][PASSED] - flag = connected: null

2022-04-29 10:50:13 - [TEST_STEP][PASSED] - println("Valor_ori: " + flag): null

2022-04-29 10:50:13 - [TEST_STEP][PASSED] - if (flag): null

2022-04-29 10:50:13 - [TEST_STEP][PASSED] - navigateToUrl(i): Navigate to 'http://192.168.2.19:8380/saraweb' successfully

2022-04-29 10:50:13 - [MESSAGE][PASSED] - Navigate to 'http://192.168.2.19:8380/saraweb' successfully

2022-04-29 10:50:13 - [TEST_STEP][PASSED] - a(): null

2022-04-29 10:50:13 - [TEST_STEP][PASSED] - setText(findTestObject("3-OBJECTS UTILIDADES/Login/input_USUARIO_loginusuario"), G_Usuario): Text 'saraadmin' is set on object 'Object Repository/3-OBJECTS UTILIDADES/Login/input_USUARIO_loginusuario'

2022-04-29 10:50:14 - [MESSAGE][PASSED] - Text 'saraadmin' is set on object 'Object Repository/3-OBJECTS UTILIDADES/Login/input_USUARIO_loginusuario'

2022-04-29 10:50:14 - [TEST_STEP][PASSED] - setEncryptedText(findTestObject("3-OBJECTS UTILIDADES/Login/input_CLAVE_loginpassword"), "MkG4/TYiCFC3cb2driP7+Q=="): Text ****** has been set on object 'Object Repository/3-OBJECTS UTILIDADES/Login/input_CLAVE_loginpassword'

2022-04-29 10:50:14 - [MESSAGE][PASSED] - Text ****** has been set on object 'Object Repository/3-OBJECTS UTILIDADES/Login/input_CLAVE_loginpassword'

2022-04-29 10:50:14 - [TEST_STEP][PASSED] - waitForElementClickable(findTestObject("3-OBJECTS UTILIDADES/Login/a_Ingresar"), G_TimeOut): Object 'Object Repository/3-OBJECTS UTILIDADES/Login/a_Ingresar' is clickable

2022-04-29 10:50:15 - [MESSAGE][PASSED] - Object 'Object Repository/3-OBJECTS UTILIDADES/Login/a_Ingresar' is clickable

2022-04-29 10:50:15 - [TEST_STEP][PASSED] - click(findTestObject("3-OBJECTS UTILIDADES/Login/a_Ingresar")): Object: 'Object Repository/3-OBJECTS UTILIDADES/Login/a_Ingresar' is clicked on

2022-04-29 10:50:16 - [MESSAGE][PASSED] - Object: 'Object Repository/3-OBJECTS UTILIDADES/Login/a_Ingresar' is clicked on

2022-04-29 10:50:16 - [TEST_STEP][PASSED] - element = findWebElement(findTestObject("3-OBJECTS UTILIDADES/Login/a_Ir"), 30): null

2022-04-29 10:50:16 - [TEST_STEP][PASSED] - executeJavaScript("arguments[0].click()", Arrays.asList(element)): Execute JavaScript 'arguments[0].click()' successfully

2022-04-29 10:50:16 - [MESSAGE][PASSED] - Execute JavaScript 'arguments[0].click()' successfully

2022-04-29 10:50:16 - [MESSAGE][PASSED] - Call Test Case 'Test Cases/0.1-Login' successfully

2022-04-29 10:50:16 - [TEST_STEP][PASSED] - waitForElementClickable(findTestObject("1-OBJECTS TAREAS PRINCIPALES/Modulo Actos Administrativos/Modulo Viáticos/Reporte Entidades Liquidadas/input_ADMINISTRADOR DEL SISTEMA - SARA_form_templatej_idt24_input"), 0): Object 'Object Repository/1-OBJECTS TAREAS PRINCIPALES/Modulo Actos Administrativos/Modulo Viáticos/Reporte Entidades Liquidadas/input_ADMINISTRADOR DEL SISTEMA - SARA_form_templatej_idt24_input' is clickable

2022-04-29 10:50:16 - [MESSAGE][WARNING] - Timeout '0' is invalid. Using default page load timeout: '45'

2022-04-29 10:50:17 - [MESSAGE][PASSED] - Object 'Object Repository/1-OBJECTS TAREAS PRINCIPALES/Modulo Actos Administrativos/Modulo Viáticos/Reporte Entidades Liquidadas/input_ADMINISTRADOR DEL SISTEMA - SARA_form_templatej_idt24_input' is clickable

2022-04-29 10:50:17 - [TEST_STEP][PASSED] - setText(findTestObject("1-OBJECTS TAREAS PRINCIPALES/Modulo Actos Administrativos/Modulo Viáticos/Reporte Entidades Liquidadas/input_ADMINISTRADOR DEL SISTEMA - SARA_form_templatej_idt24_input"), "generacion Entidad Pago Viaticos"): Text 'generacion Entidad Pago Viaticos' is set on object 'Object Repository/1-OBJECTS TAREAS PRINCIPALES/Modulo Actos Administrativos/Modulo Viáticos/Reporte Entidades Liquidadas/input_ADMINISTRADOR DEL SISTEMA - SARA_form_templatej_idt24_input'

2022-04-29 10:50:18 - [MESSAGE][PASSED] - Text 'generacion Entidad Pago Viaticos' is set on object 'Object Repository/1-OBJECTS TAREAS PRINCIPALES/Modulo Actos Administrativos/Modulo Viáticos/Reporte Entidades Liquidadas/input_ADMINISTRADOR DEL SISTEMA - SARA_form_templatej_idt24_input'

2022-04-29 10:50:18 - [TEST_STEP][PASSED] - waitForElementClickable(findTestObject("1-OBJECTS TAREAS PRINCIPALES/Modulo Actos Administrativos/Modulo Viáticos/Reporte Entidades Liquidadas/li_Listado de Viaticos (act)"), 0): Object 'Object Repository/1-OBJECTS TAREAS PRINCIPALES/Modulo Actos Administrativos/Modulo Viáticos/Reporte Entidades Liquidadas/li_Listado de Viaticos (act)' is clickable

2022-04-29 10:50:18 - [MESSAGE][WARNING] - Timeout '0' is invalid. Using default page load timeout: '45'

2022-04-29 10:50:19 - [MESSAGE][PASSED] - Object 'Object Repository/1-OBJECTS TAREAS PRINCIPALES/Modulo Actos Administrativos/Modulo Viáticos/Reporte Entidades Liquidadas/li_Listado de Viaticos (act)' is clickable

2022-04-29 10:50:19 - [TEST_STEP][PASSED] - sendKeys(findTestObject("1-OBJECTS TAREAS PRINCIPALES/Modulo Actos Administrativos/Modulo Viáticos/Reporte Entidades Liquidadas/input_ADMINISTRADOR DEL SISTEMA - SARA_form_templatej_idt24_input"), Keys.chord(ENTER)): Keys 'ENTER + ' sent to object: 'Object Repository/1-OBJECTS TAREAS PRINCIPALES/Modulo Actos Administrativos/Modulo Viáticos/Reporte Entidades Liquidadas/input_ADMINISTRADOR DEL SISTEMA - SARA_form_templatej_idt24_input'

2022-04-29 10:50:19 - [MESSAGE][PASSED] - Keys 'ENTER + ' sent to object: 'Object Repository/1-OBJECTS TAREAS PRINCIPALES/Modulo Actos Administrativos/Modulo Viáticos/Reporte Entidades Liquidadas/input_ADMINISTRADOR DEL SISTEMA - SARA_form_templatej_idt24_input'

2022-04-29 10:50:19 - [TEST_STEP][PASSED] - click(findTestObject("1-OBJECTS TAREAS PRINCIPALES/Modulo Actos Administrativos/Modulo Viáticos/Reporte Entidades Liquidadas/a_Traer")): Object: 'Object Repository/1-OBJECTS TAREAS PRINCIPALES/Modulo Actos Administrativos/Modulo Viáticos/Reporte Entidades Liquidadas/a_Traer' is clicked on

2022-04-29 10:50:20 - [MESSAGE][PASSED] - Object: 'Object Repository/1-OBJECTS TAREAS PRINCIPALES/Modulo Actos Administrativos/Modulo Viáticos/Reporte Entidades Liquidadas/a_Traer' is clicked on

2022-04-29 10:50:20 - [TEST_STEP][PASSED] - waitForElementClickable(findTestObject("1-OBJECTS TAREAS PRINCIPALES/Modulo Actos Administrativos/Modulo Viáticos/Reporte Entidades Liquidadas/label_Viaticos2"), 0): Object 'Object Repository/1-OBJECTS TAREAS PRINCIPALES/Modulo Actos Administrativos/Modulo Viáticos/Reporte Entidades Liquidadas/label_Viaticos2' is clickable

2022-04-29 10:50:20 - [MESSAGE][WARNING] - Timeout '0' is invalid. Using default page load timeout: '45'

2022-04-29 10:50:21 - [MESSAGE][PASSED] - Object 'Object Repository/1-OBJECTS TAREAS PRINCIPALES/Modulo Actos Administrativos/Modulo Viáticos/Reporte Entidades Liquidadas/label_Viaticos2' is clickable

2022-04-29 10:50:21 - [TEST_STEP][PASSED] - click(findTestObject("1-OBJECTS TAREAS PRINCIPALES/Modulo Actos Administrativos/Modulo Viáticos/Reporte Entidades Liquidadas/label_Viaticos2")): Object: 'Object Repository/1-OBJECTS TAREAS PRINCIPALES/Modulo Actos Administrativos/Modulo Viáticos/Reporte Entidades Liquidadas/label_Viaticos2' is clicked on

2022-04-29 10:50:21 - [MESSAGE][PASSED] - Object: 'Object Repository/1-OBJECTS TAREAS PRINCIPALES/Modulo Actos Administrativos/Modulo Viáticos/Reporte Entidades Liquidadas/label_Viaticos2' is clicked on

2022-04-29 10:50:21 - [TEST_STEP][PASSED] - setText(findTestObject("1-OBJECTS TAREAS PRINCIPALES/Modulo Actos Administrativos/Modulo Viáticos/Reporte Entidades Liquidadas/input_Fecha_form_viaticos2"), "01/07/2021"): Text '01/07/2021' is set on object 'Object Repository/1-OBJECTS TAREAS PRINCIPALES/Modulo Actos Administrativos/Modulo Viáticos/Reporte Entidades Liquidadas/input_Fecha_form_viaticos2'

2022-04-29 10:50:22 - [MESSAGE][PASSED] - Text '01/07/2021' is set on object 'Object Repository/1-OBJECTS TAREAS PRINCIPALES/Modulo Actos Administrativos/Modulo Viáticos/Reporte Entidades Liquidadas/input_Fecha_form_viaticos2'

2022-04-29 10:50:22 - [TEST_STEP][PASSED] - click(findTestObject("1-OBJECTS TAREAS PRINCIPALES/Modulo Actos Administrativos/Modulo Viáticos/Reporte Entidades Liquidadas/a_Aplicar_viaticos2")): Object: 'Object Repository/1-OBJECTS TAREAS PRINCIPALES/Modulo Actos Administrativos/Modulo Viáticos/Reporte Entidades Liquidadas/a_Aplicar_viaticos2' is clicked on

2022-04-29 10:50:23 - [MESSAGE][PASSED] - Object: 'Object Repository/1-OBJECTS TAREAS PRINCIPALES/Modulo Actos Administrativos/Modulo Viáticos/Reporte Entidades Liquidadas/a_Aplicar_viaticos2' is clicked on

2022-04-29 10:50:23 - [TEST_STEP][PASSED] - waitForElementClickable(findTestObject("1-OBJECTS TAREAS PRINCIPALES/Modulo Actos Administrativos/Modulo Viáticos/Reporte Entidades Liquidadas/span_Medicina Prepagada Colsanitas"), 0): Object 'Object Repository/1-OBJECTS TAREAS PRINCIPALES/Modulo Actos Administrativos/Modulo Viáticos/Reporte Entidades Liquidadas/span_Medicina Prepagada Colsanitas' is clickable

2022-04-29 10:50:23 - [MESSAGE][WARNING] - Timeout '0' is invalid. Using default page load timeout: '45'

2022-04-29 10:50:23 - [MESSAGE][PASSED] - Object 'Object Repository/1-OBJECTS TAREAS PRINCIPALES/Modulo Actos Administrativos/Modulo Viáticos/Reporte Entidades Liquidadas/span_Medicina Prepagada Colsanitas' is clickable

2022-04-29 10:50:23 - [TEST_STEP][PASSED] - click(findTestObject("1-OBJECTS TAREAS PRINCIPALES/Modulo Actos Administrativos/Modulo Viáticos/Reporte Entidades Liquidadas/div_Sucursal_ui-chkbox-box ui-widget ui-corner-all ui-state-default")): Object: 'Object Repository/1-OBJECTS TAREAS PRINCIPALES/Modulo Actos Administrativos/Modulo Viáticos/Reporte Entidades Liquidadas/div_Sucursal_ui-chkbox-box ui-widget ui-corner-all ui-state-default' is clicked on

2022-04-29 10:50:24 - [MESSAGE][PASSED] - Object: 'Object Repository/1-OBJECTS TAREAS PRINCIPALES/Modulo Actos Administrativos/Modulo Viáticos/Reporte Entidades Liquidadas/div_Sucursal_ui-chkbox-box ui-widget ui-corner-all ui-state-default' is clicked on

2022-04-29 10:50:24 - [TEST_STEP][PASSED] - click(findTestObject("1-OBJECTS TAREAS PRINCIPALES/Modulo Actos Administrativos/Modulo Viáticos/Reporte Entidades Liquidadas/a_Liquidar")): Object: 'Object Repository/1-OBJECTS TAREAS PRINCIPALES/Modulo Actos Administrativos/Modulo Viáticos/Reporte Entidades Liquidadas/a_Liquidar' is clicked on

2022-04-29 10:50:25 - [MESSAGE][PASSED] - Object: 'Object Repository/1-OBJECTS TAREAS PRINCIPALES/Modulo Actos Administrativos/Modulo Viáticos/Reporte Entidades Liquidadas/a_Liquidar' is clicked on

2022-04-29 10:50:25 - [TEST_STEP][PASSED] - waitForElementClickable(findTestObject("1-OBJECTS TAREAS PRINCIPALES/Modulo Actos Administrativos/Modulo Viáticos/Reporte Entidades Liquidadas/a_Aceptar_Liquidar"), 0): Object 'Object Repository/1-OBJECTS TAREAS PRINCIPALES/Modulo Actos Administrativos/Modulo Viáticos/Reporte Entidades Liquidadas/a_Aceptar_Liquidar' is clickable

2022-04-29 10:50:25 - [MESSAGE][WARNING] - Timeout '0' is invalid. Using default page load timeout: '45'

2022-04-29 10:50:25 - [MESSAGE][PASSED] - Object 'Object Repository/1-OBJECTS TAREAS PRINCIPALES/Modulo Actos Administrativos/Modulo Viáticos/Reporte Entidades Liquidadas/a_Aceptar_Liquidar' is clickable

2022-04-29 10:50:25 - [TEST_STEP][PASSED] - click(findTestObject("1-OBJECTS TAREAS PRINCIPALES/Modulo Actos Administrativos/Modulo Viáticos/Reporte Entidades Liquidadas/a_Aceptar_Liquidar")): Object: 'Object Repository/1-OBJECTS TAREAS PRINCIPALES/Modulo Actos Administrativos/Modulo Viáticos/Reporte Entidades Liquidadas/a_Aceptar_Liquidar' is clicked on

2022-04-29 10:50:26 - [MESSAGE][PASSED] - Object: 'Object Repository/1-OBJECTS TAREAS PRINCIPALES/Modulo Actos Administrativos/Modulo Viáticos/Reporte Entidades Liquidadas/a_Aceptar_Liquidar' is clicked on

2022-04-29 10:50:26 - [TEST_STEP][PASSED] - waitForElementClickable(findTestObject("1-OBJECTS TAREAS PRINCIPALES/Modulo Actos Administrativos/Modulo Viáticos/Reporte Entidades Liquidadas/a_Continuar"), 0): Object 'Object Repository/1-OBJECTS TAREAS PRINCIPALES/Modulo Actos Administrativos/Modulo Viáticos/Reporte Entidades Liquidadas/a_Continuar' is clickable

2022-04-29 10:50:26 - [MESSAGE][WARNING] - Timeout '0' is invalid. Using default page load timeout: '45'

2022-04-29 10:50:29 - [MESSAGE][PASSED] - Object 'Object Repository/1-OBJECTS TAREAS PRINCIPALES/Modulo Actos Administrativos/Modulo Viáticos/Reporte Entidades Liquidadas/a_Continuar' is clickable

2022-04-29 10:50:29 - [TEST_STEP][PASSED] - click(findTestObject("1-OBJECTS TAREAS PRINCIPALES/Modulo Actos Administrativos/Modulo Viáticos/Reporte Entidades Liquidadas/a_Continuar")): Object: 'Object Repository/1-OBJECTS TAREAS PRINCIPALES/Modulo Actos Administrativos/Modulo Viáticos/Reporte Entidades Liquidadas/a_Continuar' is clicked on

2022-04-29 10:50:30 - [MESSAGE][PASSED] - Object: 'Object Repository/1-OBJECTS TAREAS PRINCIPALES/Modulo Actos Administrativos/Modulo Viáticos/Reporte Entidades Liquidadas/a_Continuar' is clicked on

2022-04-29 10:50:30 - [TEST_STEP][PASSED] - waitForElementClickable(findTestObject("1-OBJECTS TAREAS PRINCIPALES/Modulo Actos Administrativos/Modulo Viáticos/Reporte Entidades Liquidadas/a_Imprimir"), 0): Object 'Object Repository/1-OBJECTS TAREAS PRINCIPALES/Modulo Actos Administrativos/Modulo Viáticos/Reporte Entidades Liquidadas/a_Imprimir' is clickable

2022-04-29 10:50:30 - [MESSAGE][WARNING] - Timeout '0' is invalid. Using default page load timeout: '45'

2022-04-29 10:50:31 - [MESSAGE][PASSED] - Object 'Object Repository/1-OBJECTS TAREAS PRINCIPALES/Modulo Actos Administrativos/Modulo Viáticos/Reporte Entidades Liquidadas/a_Imprimir' is clickable

2022-04-29 10:50:31 - [TEST_STEP][PASSED] - click(findTestObject("1-OBJECTS TAREAS PRINCIPALES/Modulo Actos Administrativos/Modulo Viáticos/Reporte Entidades Liquidadas/a_Imprimir")): Object: 'Object Repository/1-OBJECTS TAREAS PRINCIPALES/Modulo Actos Administrativos/Modulo Viáticos/Reporte Entidades Liquidadas/a_Imprimir' is clicked on

2022-04-29 10:50:31 - [MESSAGE][PASSED] - Object: 'Object Repository/1-OBJECTS TAREAS PRINCIPALES/Modulo Actos Administrativos/Modulo Viáticos/Reporte Entidades Liquidadas/a_Imprimir' is clicked on

2022-04-29 10:50:31 - [TEST_STEP][PASSED] - waitForElementClickable(findTestObject("1-OBJECTS TAREAS PRINCIPALES/Modulo Actos Administrativos/Modulo Viáticos/Reporte Entidades Liquidadas/label_Csv_informe"), 0): Object 'Object Repository/1-OBJECTS TAREAS PRINCIPALES/Modulo Actos Administrativos/Modulo Viáticos/Reporte Entidades Liquidadas/label_Csv_informe' is clickable

2022-04-29 10:50:31 - [MESSAGE][WARNING] - Timeout '0' is invalid. Using default page load timeout: '45'

2022-04-29 10:50:32 - [MESSAGE][PASSED] - Object 'Object Repository/1-OBJECTS TAREAS PRINCIPALES/Modulo Actos Administrativos/Modulo Viáticos/Reporte Entidades Liquidadas/label_Csv_informe' is clickable

2022-04-29 10:50:32 - [TEST_STEP][PASSED] - click(findTestObject("1-OBJECTS TAREAS PRINCIPALES/Modulo Actos Administrativos/Modulo Viáticos/Reporte Entidades Liquidadas/label_Csv_informe")): Object: 'Object Repository/1-OBJECTS TAREAS PRINCIPALES/Modulo Actos Administrativos/Modulo Viáticos/Reporte Entidades Liquidadas/label_Csv_informe' is clicked on

2022-04-29 10:50:32 - [MESSAGE][PASSED] - Object: 'Object Repository/1-OBJECTS TAREAS PRINCIPALES/Modulo Actos Administrativos/Modulo Viáticos/Reporte Entidades Liquidadas/label_Csv_informe' is clicked on

2022-04-29 10:50:32 - [TEST_STEP][PASSED] - waitForElementClickable(findTestObject("1-OBJECTS TAREAS PRINCIPALES/Modulo Actos Administrativos/Modulo Viáticos/Reporte Entidades Liquidadas/a_Generar_Reporte"), 0): Object 'Object Repository/1-OBJECTS TAREAS PRINCIPALES/Modulo Actos Administrativos/Modulo Viáticos/Reporte Entidades Liquidadas/a_Generar_Reporte' is clickable

2022-04-29 10:50:32 - [MESSAGE][WARNING] - Timeout '0' is invalid. Using default page load timeout: '45'

2022-04-29 10:50:32 - [MESSAGE][PASSED] - Object 'Object Repository/1-OBJECTS TAREAS PRINCIPALES/Modulo Actos Administrativos/Modulo Viáticos/Reporte Entidades Liquidadas/a_Generar_Reporte' is clickable

2022-04-29 10:50:32 - [TEST_STEP][PASSED] - click(findTestObject("1-OBJECTS TAREAS PRINCIPALES/Modulo Actos Administrativos/Modulo Viáticos/Reporte Entidades Liquidadas/a_Generar_Reporte")): Object: 'Object Repository/1-OBJECTS TAREAS PRINCIPALES/Modulo Actos Administrativos/Modulo Viáticos/Reporte Entidades Liquidadas/a_Generar_Reporte' is clicked on

2022-04-29 10:50:33 - [MESSAGE][PASSED] - Object: 'Object Repository/1-OBJECTS TAREAS PRINCIPALES/Modulo Actos Administrativos/Modulo Viáticos/Reporte Entidades Liquidadas/a_Generar_Reporte' is clicked on

2022-04-29 10:50:33 - [TEST_STEP][PASSED] - click(findTestObject("1-OBJECTS TAREAS PRINCIPALES/Modulo Actos Administrativos/Modulo Viáticos/Reporte Entidades Liquidadas/a_Descargar_reporte medicina prepagada colsanitas")): Object: 'Object Repository/1-OBJECTS TAREAS PRINCIPALES/Modulo Actos Administrativos/Modulo Viáticos/Reporte Entidades Liquidadas/a_Descargar_reporte medicina prepagada colsanitas' is clicked on

2022-04-29 10:50:34 - [MESSAGE][PASSED] - Object: 'Object Repository/1-OBJECTS TAREAS PRINCIPALES/Modulo Actos Administrativos/Modulo Viáticos/Reporte Entidades Liquidadas/a_Descargar_reporte medicina prepagada colsanitas' is clicked on

2022-04-29 10:50:34 - [TEST_STEP][PASSED] - waitForElementClickable(findTestObject("1-OBJECTS TAREAS PRINCIPALES/Modulo Actos Administrativos/Modulo Viáticos/Reporte Entidades Liquidadas/span_Fecha_ui-icon ui-icon-closethick"), 0): Object 'Object Repository/1-OBJECTS TAREAS PRINCIPALES/Modulo Actos Administrativos/Modulo Viáticos/Reporte Entidades Liquidadas/span_Fecha_ui-icon ui-icon-closethick' is clickable

2022-04-29 10:50:34 - [MESSAGE][WARNING] - Timeout '0' is invalid. Using default page load timeout: '45'

2022-04-29 10:50:34 - [MESSAGE][PASSED] - Object 'Object Repository/1-OBJECTS TAREAS PRINCIPALES/Modulo Actos Administrativos/Modulo Viáticos/Reporte Entidades Liquidadas/span_Fecha_ui-icon ui-icon-closethick' is clickable

2022-04-29 10:50:34 - [TEST_STEP][PASSED] - click(findTestObject("1-OBJECTS TAREAS PRINCIPALES/Modulo Actos Administrativos/Modulo Viáticos/Reporte Entidades Liquidadas/span_Fecha_ui-icon ui-icon-closethick")): Object: 'Object Repository/1-OBJECTS TAREAS PRINCIPALES/Modulo Actos Administrativos/Modulo Viáticos/Reporte Entidades Liquidadas/span_Fecha_ui-icon ui-icon-closethick' is clicked on

2022-04-29 10:50:35 - [MESSAGE][PASSED] - Object: 'Object Repository/1-OBJECTS TAREAS PRINCIPALES/Modulo Actos Administrativos/Modulo Viáticos/Reporte Entidades Liquidadas/span_Fecha_ui-icon ui-icon-closethick' is clicked on

2022-04-29 10:50:35 - [TEST_STEP][PASSED] - click(findTestObject("1-OBJECTS TAREAS PRINCIPALES/Modulo Actos Administrativos/Modulo Viáticos/Reporte Entidades Liquidadas/a_Reversar_viaticos")): Object: 'Object Repository/1-OBJECTS TAREAS PRINCIPALES/Modulo Actos Administrativos/Modulo Viáticos/Reporte Entidades Liquidadas/a_Reversar_viaticos' is clicked on

2022-04-29 10:50:35 - [MESSAGE][PASSED] - Object: 'Object Repository/1-OBJECTS TAREAS PRINCIPALES/Modulo Actos Administrativos/Modulo Viáticos/Reporte Entidades Liquidadas/a_Reversar_viaticos' is clicked on

2022-04-29 10:50:35 - [TEST_STEP][PASSED] - click(findTestObject("1-OBJECTS TAREAS PRINCIPALES/Modulo Actos Administrativos/Modulo Viáticos/Reporte Entidades Liquidadas/a_Aceptar_viaticos")): Object: 'Object Repository/1-OBJECTS TAREAS PRINCIPALES/Modulo Actos Administrativos/Modulo Viáticos/Reporte Entidades Liquidadas/a_Aceptar_viaticos' is clicked on

2022-04-29 10:50:36 - [MESSAGE][PASSED] - Object: 'Object Repository/1-OBJECTS TAREAS PRINCIPALES/Modulo Actos Administrativos/Modulo Viáticos/Reporte Entidades Liquidadas/a_Aceptar_viaticos' is clicked on

2022-04-29 10:50:36 - [TEST_STEP][PASSED] - Result = getText(findTestObject("3-OBJECTS UTILIDADES/Alerta/Alerta")): Text of object 'Object Repository/3-OBJECTS UTILIDADES/Alerta/Alerta' is: 'Reversión Satisfactoria'

2022-04-29 10:50:36 - [MESSAGE][PASSED] - Text of object 'Object Repository/3-OBJECTS UTILIDADES/Alerta/Alerta' is: 'Reversión Satisfactoria'

2022-04-29 10:50:36 - [TEST_STEP][PASSED] - if (Result == "Reversión Satisfactoria"): null

2022-04-29 10:50:36 - [TEST_STEP][PASSED] - Resultado = "PRUEBA OK": null]]></system-out>
         <system-err><![CDATA[]]></system-err>
      </testcase>
      <testcase name="Test Cases/1.1-Tareas Principales/1.6.4 Derogación Viático" time="27.63" classname="Test Cases/1.1-Tareas Principales/1.6.4 Derogación Viático" status="PASSED">
         <system-out><![CDATA[2022-04-29 10:50:36 - [TEST_CASE][PASSED] - Test Cases/1.1-Tareas Principales/1.6.4 Derogación Viático: Test Cases/1.1-Tareas Principales/1.6.4 Derogación Viático

2022-04-29 10:50:37 - [TEST_STEP][PASSED] - callTestCase(findTestCase("0.1-Login"), [:], STOP_ON_FAILURE): Call Test Case 'Test Cases/0.1-Login' successfully

2022-04-29 10:50:37 - [TEST_CASE][PASSED] - Test Cases/0.1-Login: Test Cases/0.1-Login

2022-04-29 10:50:37 - [TEST_STEP][PASSED] - openBrowser(""): Browser is opened with url: ''

2022-04-29 10:50:37 - [MESSAGE][WARNING] - A browser is already opened. Closing browser and opening a new one

2022-04-29 10:50:37 - [MESSAGE][INFO] - Starting 'Chrome' driver

2022-04-29 10:50:37 - [MESSAGE][INFO] - Action delay is set to 0 milliseconds

2022-04-29 10:50:39 - [MESSAGE][PASSED] - Browser is opened with url: ''

2022-04-29 10:50:39 - [TEST_STEP][PASSED] - maximizeWindow(): Current window maximized

2022-04-29 10:50:39 - [MESSAGE][PASSED] - Current window maximized

2022-04-29 10:50:39 - [TEST_STEP][PASSED] - i = G_Login: null

2022-04-29 10:50:39 - [TEST_STEP][PASSED] - url = new java.net.URL(i): null

2022-04-29 10:50:39 - [TEST_STEP][PASSED] - println("URL: " + url.toString()): null

2022-04-29 10:50:39 - [TEST_STEP][PASSED] - connection = url.openConnection(): null

2022-04-29 10:50:39 - [TEST_STEP][PASSED] - connection.setRequestMethod("GET"): null

2022-04-29 10:50:39 - [TEST_STEP][PASSED] - connection.setReadTimeout(2 * 1000): null

2022-04-29 10:50:39 - [TEST_STEP][PASSED] - try: null

2022-04-29 10:50:39 - [TEST_STEP][PASSED] - connection.connect(): null

2022-04-29 10:50:39 - [TEST_STEP][PASSED] - flag = connected: null

2022-04-29 10:50:39 - [TEST_STEP][PASSED] - println("Valor_ori: " + flag): null

2022-04-29 10:50:39 - [TEST_STEP][PASSED] - if (flag): null

2022-04-29 10:50:39 - [TEST_STEP][PASSED] - navigateToUrl(i): Navigate to 'http://192.168.2.19:8380/saraweb' successfully

2022-04-29 10:50:39 - [MESSAGE][PASSED] - Navigate to 'http://192.168.2.19:8380/saraweb' successfully

2022-04-29 10:50:39 - [TEST_STEP][PASSED] - a(): null

2022-04-29 10:50:39 - [TEST_STEP][PASSED] - setText(findTestObject("3-OBJECTS UTILIDADES/Login/input_USUARIO_loginusuario"), G_Usuario): Text 'saraadmin' is set on object 'Object Repository/3-OBJECTS UTILIDADES/Login/input_USUARIO_loginusuario'

2022-04-29 10:50:40 - [MESSAGE][PASSED] - Text 'saraadmin' is set on object 'Object Repository/3-OBJECTS UTILIDADES/Login/input_USUARIO_loginusuario'

2022-04-29 10:50:40 - [TEST_STEP][PASSED] - setEncryptedText(findTestObject("3-OBJECTS UTILIDADES/Login/input_CLAVE_loginpassword"), "MkG4/TYiCFC3cb2driP7+Q=="): Text ****** has been set on object 'Object Repository/3-OBJECTS UTILIDADES/Login/input_CLAVE_loginpassword'

2022-04-29 10:50:41 - [MESSAGE][PASSED] - Text ****** has been set on object 'Object Repository/3-OBJECTS UTILIDADES/Login/input_CLAVE_loginpassword'

2022-04-29 10:50:41 - [TEST_STEP][PASSED] - waitForElementClickable(findTestObject("3-OBJECTS UTILIDADES/Login/a_Ingresar"), G_TimeOut): Object 'Object Repository/3-OBJECTS UTILIDADES/Login/a_Ingresar' is clickable

2022-04-29 10:50:41 - [MESSAGE][PASSED] - Object 'Object Repository/3-OBJECTS UTILIDADES/Login/a_Ingresar' is clickable

2022-04-29 10:50:41 - [TEST_STEP][PASSED] - click(findTestObject("3-OBJECTS UTILIDADES/Login/a_Ingresar")): Object: 'Object Repository/3-OBJECTS UTILIDADES/Login/a_Ingresar' is clicked on

2022-04-29 10:50:42 - [MESSAGE][PASSED] - Object: 'Object Repository/3-OBJECTS UTILIDADES/Login/a_Ingresar' is clicked on

2022-04-29 10:50:42 - [TEST_STEP][PASSED] - element = findWebElement(findTestObject("3-OBJECTS UTILIDADES/Login/a_Ir"), 30): null

2022-04-29 10:50:42 - [TEST_STEP][PASSED] - executeJavaScript("arguments[0].click()", Arrays.asList(element)): Execute JavaScript 'arguments[0].click()' successfully

2022-04-29 10:50:42 - [MESSAGE][PASSED] - Execute JavaScript 'arguments[0].click()' successfully

2022-04-29 10:50:42 - [MESSAGE][PASSED] - Call Test Case 'Test Cases/0.1-Login' successfully

2022-04-29 10:50:42 - [TEST_STEP][PASSED] - waitForElementClickable(findTestObject("1-OBJECTS TAREAS PRINCIPALES/Modulo Actos Administrativos/Modulo Viáticos/Derrogacion viatico/input_ADMINISTRADOR DEL SISTEMA - SARA_form_templatej_idt24_input"), 0): Object 'Object Repository/1-OBJECTS TAREAS PRINCIPALES/Modulo Actos Administrativos/Modulo Viáticos/Derrogacion viatico/input_ADMINISTRADOR DEL SISTEMA - SARA_form_templatej_idt24_input' is clickable

2022-04-29 10:50:42 - [MESSAGE][WARNING] - Timeout '0' is invalid. Using default page load timeout: '45'

2022-04-29 10:50:43 - [MESSAGE][PASSED] - Object 'Object Repository/1-OBJECTS TAREAS PRINCIPALES/Modulo Actos Administrativos/Modulo Viáticos/Derrogacion viatico/input_ADMINISTRADOR DEL SISTEMA - SARA_form_templatej_idt24_input' is clickable

2022-04-29 10:50:43 - [TEST_STEP][PASSED] - setText(findTestObject("1-OBJECTS TAREAS PRINCIPALES/Modulo Actos Administrativos/Modulo Viáticos/Derrogacion viatico/input_ADMINISTRADOR DEL SISTEMA - SARA_form_templatej_idt24_input"), "listado de viaticos"): Text 'listado de viaticos' is set on object 'Object Repository/1-OBJECTS TAREAS PRINCIPALES/Modulo Actos Administrativos/Modulo Viáticos/Derrogacion viatico/input_ADMINISTRADOR DEL SISTEMA - SARA_form_templatej_idt24_input'

2022-04-29 10:50:44 - [MESSAGE][PASSED] - Text 'listado de viaticos' is set on object 'Object Repository/1-OBJECTS TAREAS PRINCIPALES/Modulo Actos Administrativos/Modulo Viáticos/Derrogacion viatico/input_ADMINISTRADOR DEL SISTEMA - SARA_form_templatej_idt24_input'

2022-04-29 10:50:44 - [TEST_STEP][PASSED] - waitForElementClickable(findTestObject("1-OBJECTS TAREAS PRINCIPALES/Modulo Actos Administrativos/Modulo Viáticos/Derrogacion viatico/li_Listado de Viaticos (act)"), 0): Object 'Object Repository/1-OBJECTS TAREAS PRINCIPALES/Modulo Actos Administrativos/Modulo Viáticos/Derrogacion viatico/li_Listado de Viaticos (act)' is clickable

2022-04-29 10:50:44 - [MESSAGE][WARNING] - Timeout '0' is invalid. Using default page load timeout: '45'

2022-04-29 10:50:45 - [MESSAGE][PASSED] - Object 'Object Repository/1-OBJECTS TAREAS PRINCIPALES/Modulo Actos Administrativos/Modulo Viáticos/Derrogacion viatico/li_Listado de Viaticos (act)' is clickable

2022-04-29 10:50:45 - [TEST_STEP][PASSED] - sendKeys(findTestObject("1-OBJECTS TAREAS PRINCIPALES/Modulo Actos Administrativos/Modulo Viáticos/Derrogacion viatico/input_ADMINISTRADOR DEL SISTEMA - SARA_form_templatej_idt24_input"), Keys.chord(ENTER)): Keys 'ENTER + ' sent to object: 'Object Repository/1-OBJECTS TAREAS PRINCIPALES/Modulo Actos Administrativos/Modulo Viáticos/Derrogacion viatico/input_ADMINISTRADOR DEL SISTEMA - SARA_form_templatej_idt24_input'

2022-04-29 10:50:46 - [MESSAGE][PASSED] - Keys 'ENTER + ' sent to object: 'Object Repository/1-OBJECTS TAREAS PRINCIPALES/Modulo Actos Administrativos/Modulo Viáticos/Derrogacion viatico/input_ADMINISTRADOR DEL SISTEMA - SARA_form_templatej_idt24_input'

2022-04-29 10:50:46 - [TEST_STEP][PASSED] - setText(findTestObject("1-OBJECTS TAREAS PRINCIPALES/Modulo Actos Administrativos/Modulo Viáticos/Crear viatico/input_Ao_form_listadoviaticosanio"), "2021"): Text '2021' is set on object 'Object Repository/1-OBJECTS TAREAS PRINCIPALES/Modulo Actos Administrativos/Modulo Viáticos/Crear viatico/input_Ao_form_listadoviaticosanio'

2022-04-29 10:50:48 - [MESSAGE][PASSED] - Text '2021' is set on object 'Object Repository/1-OBJECTS TAREAS PRINCIPALES/Modulo Actos Administrativos/Modulo Viáticos/Crear viatico/input_Ao_form_listadoviaticosanio'

2022-04-29 10:50:48 - [TEST_STEP][PASSED] - sendKeys(findTestObject("1-OBJECTS TAREAS PRINCIPALES/Modulo Actos Administrativos/Modulo Viáticos/Crear viatico/input_Ao_form_listadoviaticosanio"), Keys.chord(ENTER)): Keys 'ENTER + ' sent to object: 'Object Repository/1-OBJECTS TAREAS PRINCIPALES/Modulo Actos Administrativos/Modulo Viáticos/Crear viatico/input_Ao_form_listadoviaticosanio'

2022-04-29 10:50:48 - [MESSAGE][PASSED] - Keys 'ENTER + ' sent to object: 'Object Repository/1-OBJECTS TAREAS PRINCIPALES/Modulo Actos Administrativos/Modulo Viáticos/Crear viatico/input_Ao_form_listadoviaticosanio'

2022-04-29 10:50:48 - [TEST_STEP][PASSED] - click(findTestObject("1-OBJECTS TAREAS PRINCIPALES/Modulo Actos Administrativos/Modulo Viáticos/Derrogacion viatico/a_Nuevo")): Object: 'Object Repository/1-OBJECTS TAREAS PRINCIPALES/Modulo Actos Administrativos/Modulo Viáticos/Derrogacion viatico/a_Nuevo' is clicked on

2022-04-29 10:50:49 - [MESSAGE][PASSED] - Object: 'Object Repository/1-OBJECTS TAREAS PRINCIPALES/Modulo Actos Administrativos/Modulo Viáticos/Derrogacion viatico/a_Nuevo' is clicked on

2022-04-29 10:50:49 - [TEST_STEP][PASSED] - waitForElementClickable(findTestObject("1-OBJECTS TAREAS PRINCIPALES/Modulo Actos Administrativos/Modulo Viáticos/Derrogacion viatico/span_Solicita derogacin de una solicitud"), 0): Object 'Object Repository/1-OBJECTS TAREAS PRINCIPALES/Modulo Actos Administrativos/Modulo Viáticos/Derrogacion viatico/span_Solicita derogacin de una solicitud' is clickable

2022-04-29 10:50:49 - [MESSAGE][WARNING] - Timeout '0' is invalid. Using default page load timeout: '45'

2022-04-29 10:50:49 - [MESSAGE][PASSED] - Object 'Object Repository/1-OBJECTS TAREAS PRINCIPALES/Modulo Actos Administrativos/Modulo Viáticos/Derrogacion viatico/span_Solicita derogacin de una solicitud' is clickable

2022-04-29 10:50:49 - [TEST_STEP][PASSED] - click(findTestObject("1-OBJECTS TAREAS PRINCIPALES/Modulo Actos Administrativos/Modulo Viáticos/Derrogacion viatico/span_Solicita derogacin de una solicitud")): Object: 'Object Repository/1-OBJECTS TAREAS PRINCIPALES/Modulo Actos Administrativos/Modulo Viáticos/Derrogacion viatico/span_Solicita derogacin de una solicitud' is clicked on

2022-04-29 10:50:50 - [MESSAGE][PASSED] - Object: 'Object Repository/1-OBJECTS TAREAS PRINCIPALES/Modulo Actos Administrativos/Modulo Viáticos/Derrogacion viatico/span_Solicita derogacin de una solicitud' is clicked on

2022-04-29 10:50:50 - [TEST_STEP][PASSED] - waitForElementClickable(findTestObject("1-OBJECTS TAREAS PRINCIPALES/Modulo Actos Administrativos/Modulo Viáticos/Derrogacion viatico/input_Documento_form_listadoviaticosfechaViat_input"), 0): Object 'Object Repository/1-OBJECTS TAREAS PRINCIPALES/Modulo Actos Administrativos/Modulo Viáticos/Derrogacion viatico/input_Documento_form_listadoviaticosfechaViat_input' is clickable

2022-04-29 10:50:50 - [MESSAGE][WARNING] - Timeout '0' is invalid. Using default page load timeout: '45'

2022-04-29 10:50:50 - [MESSAGE][PASSED] - Object 'Object Repository/1-OBJECTS TAREAS PRINCIPALES/Modulo Actos Administrativos/Modulo Viáticos/Derrogacion viatico/input_Documento_form_listadoviaticosfechaViat_input' is clickable

2022-04-29 10:50:50 - [TEST_STEP][PASSED] - setText(findTestObject("1-OBJECTS TAREAS PRINCIPALES/Modulo Actos Administrativos/Modulo Viáticos/Derrogacion viatico/input_Documento_form_listadoviaticosfechaViat_input"), "01/07/2021"): Text '01/07/2021' is set on object 'Object Repository/1-OBJECTS TAREAS PRINCIPALES/Modulo Actos Administrativos/Modulo Viáticos/Derrogacion viatico/input_Documento_form_listadoviaticosfechaViat_input'

2022-04-29 10:50:51 - [MESSAGE][PASSED] - Text '01/07/2021' is set on object 'Object Repository/1-OBJECTS TAREAS PRINCIPALES/Modulo Actos Administrativos/Modulo Viáticos/Derrogacion viatico/input_Documento_form_listadoviaticosfechaViat_input'

2022-04-29 10:50:51 - [TEST_STEP][PASSED] - sendKeys(findTestObject("1-OBJECTS TAREAS PRINCIPALES/Modulo Actos Administrativos/Modulo Viáticos/Derrogacion viatico/input_Documento_form_listadoviaticosfechaViat_input"), Keys.chord(ENTER)): Keys 'ENTER + ' sent to object: 'Object Repository/1-OBJECTS TAREAS PRINCIPALES/Modulo Actos Administrativos/Modulo Viáticos/Derrogacion viatico/input_Documento_form_listadoviaticosfechaViat_input'

2022-04-29 10:50:52 - [MESSAGE][PASSED] - Keys 'ENTER + ' sent to object: 'Object Repository/1-OBJECTS TAREAS PRINCIPALES/Modulo Actos Administrativos/Modulo Viáticos/Derrogacion viatico/input_Documento_form_listadoviaticosfechaViat_input'

2022-04-29 10:50:52 - [TEST_STEP][PASSED] - sendKeys(findTestObject("1-OBJECTS TAREAS PRINCIPALES/Modulo Actos Administrativos/Modulo Viáticos/Derrogacion viatico/input_Documento_form_listadoviaticosfechaViat_input"), Keys.chord(ESCAPE)): Keys 'ESCAPE + ' sent to object: 'Object Repository/1-OBJECTS TAREAS PRINCIPALES/Modulo Actos Administrativos/Modulo Viáticos/Derrogacion viatico/input_Documento_form_listadoviaticosfechaViat_input'

2022-04-29 10:50:53 - [MESSAGE][PASSED] - Keys 'ESCAPE + ' sent to object: 'Object Repository/1-OBJECTS TAREAS PRINCIPALES/Modulo Actos Administrativos/Modulo Viáticos/Derrogacion viatico/input_Documento_form_listadoviaticosfechaViat_input'

2022-04-29 10:50:53 - [TEST_STEP][PASSED] - waitForElementClickable(findTestObject("1-OBJECTS TAREAS PRINCIPALES/Modulo Actos Administrativos/Modulo Viáticos/Derrogacion viatico/td_01072021"), 0): Object 'Object Repository/1-OBJECTS TAREAS PRINCIPALES/Modulo Actos Administrativos/Modulo Viáticos/Derrogacion viatico/td_01072021' is clickable

2022-04-29 10:50:53 - [MESSAGE][WARNING] - Timeout '0' is invalid. Using default page load timeout: '45'

2022-04-29 10:50:53 - [MESSAGE][PASSED] - Object 'Object Repository/1-OBJECTS TAREAS PRINCIPALES/Modulo Actos Administrativos/Modulo Viáticos/Derrogacion viatico/td_01072021' is clickable

2022-04-29 10:50:53 - [TEST_STEP][PASSED] - click(findTestObject("1-OBJECTS TAREAS PRINCIPALES/Modulo Actos Administrativos/Modulo Viáticos/Derrogacion viatico/td_01072021")): Object: 'Object Repository/1-OBJECTS TAREAS PRINCIPALES/Modulo Actos Administrativos/Modulo Viáticos/Derrogacion viatico/td_01072021' is clicked on

2022-04-29 10:50:53 - [MESSAGE][PASSED] - Object: 'Object Repository/1-OBJECTS TAREAS PRINCIPALES/Modulo Actos Administrativos/Modulo Viáticos/Derrogacion viatico/td_01072021' is clicked on

2022-04-29 10:50:53 - [TEST_STEP][PASSED] - if (waitForElementVisible(findTestObject("1-OBJECTS TAREAS PRINCIPALES/Modulo Actos Administrativos/Modulo Viáticos/Derrogacion viatico/a_Derogar"), 1)): Web element with id: 'Object Repository/1-OBJECTS TAREAS PRINCIPALES/Modulo Actos Administrativos/Modulo Viáticos/Derrogacion viatico/a_Derogar' located by '//a[contains(text(),'Derogar')]' not found

2022-04-29 10:50:56 - [MESSAGE][INFO] - Unable to find the element located by 'By.xpath: //a[contains(text(),'Derogar')]'. Please recheck the objects properties to make sure the desired element is located. 

2022-04-29 10:50:56 - [MESSAGE][WARNING] - Web element with id: 'Object Repository/1-OBJECTS TAREAS PRINCIPALES/Modulo Actos Administrativos/Modulo Viáticos/Derrogacion viatico/a_Derogar' located by '//a[contains(text(),'Derogar')]' not found

2022-04-29 10:50:56 - [TEST_STEP][PASSED] - else: Browser is closed

2022-04-29 10:50:56 - [TEST_STEP][PASSED] - if (setText(findTestObject("1-OBJECTS TAREAS PRINCIPALES/Modulo Actos Administrativos/Modulo Viáticos/Derrogacion viatico/input_Fecha_form_detalleviaticosFechaNumero_input"), "01/07/2021")): Text '01/07/2021' is set on object 'Object Repository/1-OBJECTS TAREAS PRINCIPALES/Modulo Actos Administrativos/Modulo Viáticos/Derrogacion viatico/input_Fecha_form_detalleviaticosFechaNumero_input'

2022-04-29 10:50:56 - [MESSAGE][PASSED] - Text '01/07/2021' is set on object 'Object Repository/1-OBJECTS TAREAS PRINCIPALES/Modulo Actos Administrativos/Modulo Viáticos/Derrogacion viatico/input_Fecha_form_detalleviaticosFechaNumero_input'

2022-04-29 10:50:56 - [TEST_STEP][PASSED] - else: Browser is closed

2022-04-29 10:50:56 - [TEST_STEP][PASSED] - if (waitForElementVisible(findTestObject("1-OBJECTS TAREAS PRINCIPALES/Modulo Actos Administrativos/Modulo Viáticos/Derrogacion viatico/a_Cambiar Fecha Dato"), 1)): Web element with id: 'Object Repository/1-OBJECTS TAREAS PRINCIPALES/Modulo Actos Administrativos/Modulo Viáticos/Derrogacion viatico/a_Cambiar Fecha Dato' located by '//a[contains(text(),'Cambiar Fecha Dato')]' not found

2022-04-29 10:50:59 - [MESSAGE][INFO] - Unable to find the element located by 'By.xpath: //a[contains(text(),'Cambiar Fecha Dato')]'. Please recheck the objects properties to make sure the desired element is located. 

2022-04-29 10:50:59 - [MESSAGE][WARNING] - Web element with id: 'Object Repository/1-OBJECTS TAREAS PRINCIPALES/Modulo Actos Administrativos/Modulo Viáticos/Derrogacion viatico/a_Cambiar Fecha Dato' located by '//a[contains(text(),'Cambiar Fecha Dato')]' not found

2022-04-29 10:50:59 - [TEST_STEP][PASSED] - else: Object: 'Object Repository/2-OBJECTS TAREAS SECUNDARIAS/Pruebas capacitacion/Comprobar Parametros/a_Guardar' is clicked on

2022-04-29 10:50:59 - [TEST_STEP][PASSED] - click(findTestObject("2-OBJECTS TAREAS SECUNDARIAS/Pruebas capacitacion/Comprobar Parametros/a_Guardar")): Object: 'Object Repository/2-OBJECTS TAREAS SECUNDARIAS/Pruebas capacitacion/Comprobar Parametros/a_Guardar' is clicked on

2022-04-29 10:50:59 - [MESSAGE][PASSED] - Object: 'Object Repository/2-OBJECTS TAREAS SECUNDARIAS/Pruebas capacitacion/Comprobar Parametros/a_Guardar' is clicked on

2022-04-29 10:50:59 - [TEST_STEP][PASSED] - setText(findTestObject("1-OBJECTS TAREAS PRINCIPALES/Modulo Actos Administrativos/Modulo Viáticos/Derrogacion viatico/input_Fecha_form_detalleviaticosFechaNumero_input"), "01/07/2021"): Text '01/07/2021' is set on object 'Object Repository/1-OBJECTS TAREAS PRINCIPALES/Modulo Actos Administrativos/Modulo Viáticos/Derrogacion viatico/input_Fecha_form_detalleviaticosFechaNumero_input'

2022-04-29 10:51:00 - [MESSAGE][PASSED] - Text '01/07/2021' is set on object 'Object Repository/1-OBJECTS TAREAS PRINCIPALES/Modulo Actos Administrativos/Modulo Viáticos/Derrogacion viatico/input_Fecha_form_detalleviaticosFechaNumero_input'

2022-04-29 10:51:00 - [TEST_STEP][PASSED] - setText(findTestObject("1-OBJECTS TAREAS PRINCIPALES/Modulo Actos Administrativos/Modulo Viáticos/Derrogacion viatico/input_Nmero_form_detalleviaticosNumero"), "5"): Text '5' is set on object 'Object Repository/1-OBJECTS TAREAS PRINCIPALES/Modulo Actos Administrativos/Modulo Viáticos/Derrogacion viatico/input_Nmero_form_detalleviaticosNumero'

2022-04-29 10:51:01 - [MESSAGE][PASSED] - Text '5' is set on object 'Object Repository/1-OBJECTS TAREAS PRINCIPALES/Modulo Actos Administrativos/Modulo Viáticos/Derrogacion viatico/input_Nmero_form_detalleviaticosNumero'

2022-04-29 10:51:01 - [TEST_STEP][PASSED] - setText(findTestObject("1-OBJECTS TAREAS PRINCIPALES/Modulo Actos Administrativos/Modulo Viáticos/Derrogacion viatico/textarea_prueba"), "prueba"): Text 'prueba' is set on object 'Object Repository/1-OBJECTS TAREAS PRINCIPALES/Modulo Actos Administrativos/Modulo Viáticos/Derrogacion viatico/textarea_prueba'

2022-04-29 10:51:02 - [MESSAGE][PASSED] - Text 'prueba' is set on object 'Object Repository/1-OBJECTS TAREAS PRINCIPALES/Modulo Actos Administrativos/Modulo Viáticos/Derrogacion viatico/textarea_prueba'

2022-04-29 10:51:02 - [TEST_STEP][PASSED] - click(findTestObject("2-OBJECTS TAREAS SECUNDARIAS/Pruebas capacitacion/Comprobar Parametros/a_Guardar")): Object: 'Object Repository/2-OBJECTS TAREAS SECUNDARIAS/Pruebas capacitacion/Comprobar Parametros/a_Guardar' is clicked on

2022-04-29 10:51:03 - [MESSAGE][PASSED] - Object: 'Object Repository/2-OBJECTS TAREAS SECUNDARIAS/Pruebas capacitacion/Comprobar Parametros/a_Guardar' is clicked on

2022-04-29 10:51:03 - [TEST_STEP][PASSED] - Result0 = getText(findTestObject("3-OBJECTS UTILIDADES/Alerta/Alerta")): Text of object 'Object Repository/3-OBJECTS UTILIDADES/Alerta/Alerta' is: 'El viatico ha sido insertado correctamente'

2022-04-29 10:51:03 - [MESSAGE][PASSED] - Text of object 'Object Repository/3-OBJECTS UTILIDADES/Alerta/Alerta' is: 'El viatico ha sido insertado correctamente'

2022-04-29 10:51:03 - [TEST_STEP][PASSED] - if (Result0 == "El viatico ha sido insertado correctamente"): Browser is closed

2022-04-29 10:51:03 - [TEST_STEP][PASSED] - closeBrowser(): Browser is closed

2022-04-29 10:51:04 - [MESSAGE][PASSED] - Browser is closed

2022-04-29 10:51:04 - [TEST_STEP][PASSED] - closeBrowser(): Browser is closed

2022-04-29 10:51:04 - [MESSAGE][PASSED] - Browser is closed]]></system-out>
         <system-err><![CDATA[]]></system-err>
      </testcase>
      <testcase name="Test Cases/1.1-Tareas Principales/1.7.1 Crear Histórico Vacaciones" time="33.569" classname="Test Cases/1.1-Tareas Principales/1.7.1 Crear Histórico Vacaciones" status="PASSED">
         <system-out><![CDATA[2022-04-29 10:51:04 - [TEST_CASE][PASSED] - Test Cases/1.1-Tareas Principales/1.7.1 Crear Histórico Vacaciones: Test Cases/1.1-Tareas Principales/1.7.1 Crear Histórico Vacaciones

2022-04-29 10:51:04 - [TEST_STEP][PASSED] - callTestCase(findTestCase("0.1-Login"), [:], STOP_ON_FAILURE): Call Test Case 'Test Cases/0.1-Login' successfully

2022-04-29 10:51:04 - [TEST_CASE][PASSED] - Test Cases/0.1-Login: Test Cases/0.1-Login

2022-04-29 10:51:04 - [TEST_STEP][PASSED] - openBrowser(""): Browser is opened with url: ''

2022-04-29 10:51:04 - [MESSAGE][INFO] - Starting 'Chrome' driver

2022-04-29 10:51:04 - [MESSAGE][INFO] - Action delay is set to 0 milliseconds

2022-04-29 10:51:06 - [MESSAGE][PASSED] - Browser is opened with url: ''

2022-04-29 10:51:06 - [TEST_STEP][PASSED] - maximizeWindow(): Current window maximized

2022-04-29 10:51:06 - [MESSAGE][PASSED] - Current window maximized

2022-04-29 10:51:06 - [TEST_STEP][PASSED] - i = G_Login: null

2022-04-29 10:51:06 - [TEST_STEP][PASSED] - url = new java.net.URL(i): null

2022-04-29 10:51:06 - [TEST_STEP][PASSED] - println("URL: " + url.toString()): null

2022-04-29 10:51:06 - [TEST_STEP][PASSED] - connection = url.openConnection(): null

2022-04-29 10:51:06 - [TEST_STEP][PASSED] - connection.setRequestMethod("GET"): null

2022-04-29 10:51:06 - [TEST_STEP][PASSED] - connection.setReadTimeout(2 * 1000): null

2022-04-29 10:51:06 - [TEST_STEP][PASSED] - try: null

2022-04-29 10:51:06 - [TEST_STEP][PASSED] - connection.connect(): null

2022-04-29 10:51:06 - [TEST_STEP][PASSED] - flag = connected: null

2022-04-29 10:51:06 - [TEST_STEP][PASSED] - println("Valor_ori: " + flag): null

2022-04-29 10:51:06 - [TEST_STEP][PASSED] - if (flag): null

2022-04-29 10:51:06 - [TEST_STEP][PASSED] - navigateToUrl(i): Navigate to 'http://192.168.2.19:8380/saraweb' successfully

2022-04-29 10:51:06 - [MESSAGE][PASSED] - Navigate to 'http://192.168.2.19:8380/saraweb' successfully

2022-04-29 10:51:06 - [TEST_STEP][PASSED] - a(): null

2022-04-29 10:51:06 - [TEST_STEP][PASSED] - setText(findTestObject("3-OBJECTS UTILIDADES/Login/input_USUARIO_loginusuario"), G_Usuario): Text 'saraadmin' is set on object 'Object Repository/3-OBJECTS UTILIDADES/Login/input_USUARIO_loginusuario'

2022-04-29 10:51:07 - [MESSAGE][PASSED] - Text 'saraadmin' is set on object 'Object Repository/3-OBJECTS UTILIDADES/Login/input_USUARIO_loginusuario'

2022-04-29 10:51:07 - [TEST_STEP][PASSED] - setEncryptedText(findTestObject("3-OBJECTS UTILIDADES/Login/input_CLAVE_loginpassword"), "MkG4/TYiCFC3cb2driP7+Q=="): Text ****** has been set on object 'Object Repository/3-OBJECTS UTILIDADES/Login/input_CLAVE_loginpassword'

2022-04-29 10:51:08 - [MESSAGE][PASSED] - Text ****** has been set on object 'Object Repository/3-OBJECTS UTILIDADES/Login/input_CLAVE_loginpassword'

2022-04-29 10:51:08 - [TEST_STEP][PASSED] - waitForElementClickable(findTestObject("3-OBJECTS UTILIDADES/Login/a_Ingresar"), G_TimeOut): Object 'Object Repository/3-OBJECTS UTILIDADES/Login/a_Ingresar' is clickable

2022-04-29 10:51:08 - [MESSAGE][PASSED] - Object 'Object Repository/3-OBJECTS UTILIDADES/Login/a_Ingresar' is clickable

2022-04-29 10:51:08 - [TEST_STEP][PASSED] - click(findTestObject("3-OBJECTS UTILIDADES/Login/a_Ingresar")): Object: 'Object Repository/3-OBJECTS UTILIDADES/Login/a_Ingresar' is clicked on

2022-04-29 10:51:09 - [MESSAGE][PASSED] - Object: 'Object Repository/3-OBJECTS UTILIDADES/Login/a_Ingresar' is clicked on

2022-04-29 10:51:09 - [TEST_STEP][PASSED] - element = findWebElement(findTestObject("3-OBJECTS UTILIDADES/Login/a_Ir"), 30): null

2022-04-29 10:51:10 - [TEST_STEP][PASSED] - executeJavaScript("arguments[0].click()", Arrays.asList(element)): Execute JavaScript 'arguments[0].click()' successfully

2022-04-29 10:51:10 - [MESSAGE][PASSED] - Execute JavaScript 'arguments[0].click()' successfully

2022-04-29 10:51:10 - [MESSAGE][PASSED] - Call Test Case 'Test Cases/0.1-Login' successfully

2022-04-29 10:51:10 - [TEST_STEP][PASSED] - waitForElementClickable(findTestObject("1-OBJECTS TAREAS PRINCIPALES/Modulo Tarea Compensacion/Crear Histórico Vacaciones/input_ADMINISTRADOR DEL SISTEMA - SARA_form_templatej_idt24_input"), 0): Object 'Object Repository/1-OBJECTS TAREAS PRINCIPALES/Modulo Tarea Compensacion/Crear Histórico Vacaciones/input_ADMINISTRADOR DEL SISTEMA - SARA_form_templatej_idt24_input' is clickable

2022-04-29 10:51:10 - [MESSAGE][WARNING] - Timeout '0' is invalid. Using default page load timeout: '45'

2022-04-29 10:51:11 - [MESSAGE][PASSED] - Object 'Object Repository/1-OBJECTS TAREAS PRINCIPALES/Modulo Tarea Compensacion/Crear Histórico Vacaciones/input_ADMINISTRADOR DEL SISTEMA - SARA_form_templatej_idt24_input' is clickable

2022-04-29 10:51:11 - [TEST_STEP][PASSED] - setText(findTestObject("1-OBJECTS TAREAS PRINCIPALES/Modulo Tarea Compensacion/Crear Histórico Vacaciones/input_ADMINISTRADOR DEL SISTEMA - SARA_form_templatej_idt24_input"), "Listado de Empleados"): Text 'Listado de Empleados' is set on object 'Object Repository/1-OBJECTS TAREAS PRINCIPALES/Modulo Tarea Compensacion/Crear Histórico Vacaciones/input_ADMINISTRADOR DEL SISTEMA - SARA_form_templatej_idt24_input'

2022-04-29 10:51:11 - [MESSAGE][PASSED] - Text 'Listado de Empleados' is set on object 'Object Repository/1-OBJECTS TAREAS PRINCIPALES/Modulo Tarea Compensacion/Crear Histórico Vacaciones/input_ADMINISTRADOR DEL SISTEMA - SARA_form_templatej_idt24_input'

2022-04-29 10:51:11 - [TEST_STEP][PASSED] - waitForElementClickable(findTestObject("1-OBJECTS TAREAS PRINCIPALES/Modulo Tarea Compensacion/Crear Histórico Vacaciones/span_Listado de Empleados"), 0): Object 'Object Repository/1-OBJECTS TAREAS PRINCIPALES/Modulo Tarea Compensacion/Crear Histórico Vacaciones/span_Listado de Empleados' is clickable

2022-04-29 10:51:11 - [MESSAGE][WARNING] - Timeout '0' is invalid. Using default page load timeout: '45'

2022-04-29 10:51:13 - [MESSAGE][PASSED] - Object 'Object Repository/1-OBJECTS TAREAS PRINCIPALES/Modulo Tarea Compensacion/Crear Histórico Vacaciones/span_Listado de Empleados' is clickable

2022-04-29 10:51:13 - [TEST_STEP][PASSED] - sendKeys(findTestObject("1-OBJECTS TAREAS PRINCIPALES/Modulo Tarea Compensacion/Crear Histórico Vacaciones/input_ADMINISTRADOR DEL SISTEMA - SARA_form_templatej_idt24_input"), Keys.chord(ENTER)): Keys 'ENTER + ' sent to object: 'Object Repository/1-OBJECTS TAREAS PRINCIPALES/Modulo Tarea Compensacion/Crear Histórico Vacaciones/input_ADMINISTRADOR DEL SISTEMA - SARA_form_templatej_idt24_input'

2022-04-29 10:51:13 - [MESSAGE][PASSED] - Keys 'ENTER + ' sent to object: 'Object Repository/1-OBJECTS TAREAS PRINCIPALES/Modulo Tarea Compensacion/Crear Histórico Vacaciones/input_ADMINISTRADOR DEL SISTEMA - SARA_form_templatej_idt24_input'

2022-04-29 10:51:13 - [TEST_STEP][PASSED] - setText(findTestObject("1-OBJECTS TAREAS PRINCIPALES/Modulo Tarea Compensacion/Crear Histórico Vacaciones/input_Identificacin_1234567890"), "1234567890"): Text '1234567890' is set on object 'Object Repository/1-OBJECTS TAREAS PRINCIPALES/Modulo Tarea Compensacion/Crear Histórico Vacaciones/input_Identificacin_1234567890'

2022-04-29 10:51:14 - [MESSAGE][PASSED] - Text '1234567890' is set on object 'Object Repository/1-OBJECTS TAREAS PRINCIPALES/Modulo Tarea Compensacion/Crear Histórico Vacaciones/input_Identificacin_1234567890'

2022-04-29 10:51:14 - [TEST_STEP][PASSED] - sendKeys(findTestObject("1-OBJECTS TAREAS PRINCIPALES/Modulo Tarea Compensacion/Crear Histórico Vacaciones/input_Identificacin_1234567890"), Keys.chord(ENTER)): Keys 'ENTER + ' sent to object: 'Object Repository/1-OBJECTS TAREAS PRINCIPALES/Modulo Tarea Compensacion/Crear Histórico Vacaciones/input_Identificacin_1234567890'

2022-04-29 10:51:15 - [MESSAGE][PASSED] - Keys 'ENTER + ' sent to object: 'Object Repository/1-OBJECTS TAREAS PRINCIPALES/Modulo Tarea Compensacion/Crear Histórico Vacaciones/input_Identificacin_1234567890'

2022-04-29 10:51:15 - [TEST_STEP][PASSED] - click(findTestObject("1-OBJECTS TAREAS PRINCIPALES/Modulo Tarea Compensacion/Crear Histórico Vacaciones/span_Gomez Jose")): Object: 'Object Repository/1-OBJECTS TAREAS PRINCIPALES/Modulo Tarea Compensacion/Crear Histórico Vacaciones/span_Gomez Jose' is clicked on

2022-04-29 10:51:16 - [MESSAGE][PASSED] - Object: 'Object Repository/1-OBJECTS TAREAS PRINCIPALES/Modulo Tarea Compensacion/Crear Histórico Vacaciones/span_Gomez Jose' is clicked on

2022-04-29 10:51:16 - [TEST_STEP][PASSED] - click(findTestObject("1-OBJECTS TAREAS PRINCIPALES/Modulo Tarea Compensacion/Crear Histórico Vacaciones/a_Vacacin")): Object: 'Object Repository/1-OBJECTS TAREAS PRINCIPALES/Modulo Tarea Compensacion/Crear Histórico Vacaciones/a_Vacacin' is clicked on

2022-04-29 10:51:16 - [MESSAGE][PASSED] - Object: 'Object Repository/1-OBJECTS TAREAS PRINCIPALES/Modulo Tarea Compensacion/Crear Histórico Vacaciones/a_Vacacin' is clicked on

2022-04-29 10:51:16 - [TEST_STEP][PASSED] - if (waitForElementClickable(findTestObject("1-OBJECTS TAREAS PRINCIPALES/Modulo Tarea Compensacion/Crear Histórico Vacaciones/span_Programacion De Vacaciones"), 1)): null

2022-04-29 10:51:17 - [MESSAGE][PASSED] - Object 'Object Repository/1-OBJECTS TAREAS PRINCIPALES/Modulo Tarea Compensacion/Crear Histórico Vacaciones/span_Programacion De Vacaciones' is clickable

2022-04-29 10:51:17 - [TEST_STEP][PASSED] - click(findTestObject("1-OBJECTS TAREAS PRINCIPALES/Modulo Tarea Compensacion/Crear Histórico Vacaciones/span_Programacion De Vacaciones")): Object: 'Object Repository/1-OBJECTS TAREAS PRINCIPALES/Modulo Tarea Compensacion/Crear Histórico Vacaciones/span_Programacion De Vacaciones' is clicked on

2022-04-29 10:51:17 - [MESSAGE][PASSED] - Object: 'Object Repository/1-OBJECTS TAREAS PRINCIPALES/Modulo Tarea Compensacion/Crear Histórico Vacaciones/span_Programacion De Vacaciones' is clicked on

2022-04-29 10:51:17 - [TEST_STEP][PASSED] - click(findTestObject("1-OBJECTS TAREAS PRINCIPALES/Modulo Tarea Compensacion/Crear Histórico Vacaciones/a_Eliminar_Programacion")): Object: 'Object Repository/1-OBJECTS TAREAS PRINCIPALES/Modulo Tarea Compensacion/Crear Histórico Vacaciones/a_Eliminar_Programacion' is clicked on

2022-04-29 10:51:18 - [MESSAGE][PASSED] - Object: 'Object Repository/1-OBJECTS TAREAS PRINCIPALES/Modulo Tarea Compensacion/Crear Histórico Vacaciones/a_Eliminar_Programacion' is clicked on

2022-04-29 10:51:18 - [TEST_STEP][PASSED] - click(findTestObject("1-OBJECTS TAREAS PRINCIPALES/Modulo Tarea Compensacion/Crear Histórico Vacaciones/a_Aceptar_Eliminar_Programacion")): Object: 'Object Repository/1-OBJECTS TAREAS PRINCIPALES/Modulo Tarea Compensacion/Crear Histórico Vacaciones/a_Aceptar_Eliminar_Programacion' is clicked on

2022-04-29 10:51:19 - [MESSAGE][PASSED] - Object: 'Object Repository/1-OBJECTS TAREAS PRINCIPALES/Modulo Tarea Compensacion/Crear Histórico Vacaciones/a_Aceptar_Eliminar_Programacion' is clicked on

2022-04-29 10:51:19 - [TEST_STEP][PASSED] - if (waitForElementClickable(findTestObject("1-OBJECTS TAREAS PRINCIPALES/Modulo Tarea Compensacion/Crear Histórico Vacaciones/td_Programada"), 1)): Web element with id: 'Object Repository/1-OBJECTS TAREAS PRINCIPALES/Modulo Tarea Compensacion/Crear Histórico Vacaciones/td_Programada' located by '//*/text()[normalize-space(.)='Programada']/parent::*' not found

2022-04-29 10:51:21 - [MESSAGE][INFO] - Unable to find the element located by 'By.xpath: //*/text()[normalize-space(.)='Programada']/parent::*'. Please recheck the objects properties to make sure the desired element is located. 

2022-04-29 10:51:21 - [MESSAGE][WARNING] - Web element with id: 'Object Repository/1-OBJECTS TAREAS PRINCIPALES/Modulo Tarea Compensacion/Crear Histórico Vacaciones/td_Programada' located by '//*/text()[normalize-space(.)='Programada']/parent::*' not found

2022-04-29 10:51:21 - [TEST_STEP][PASSED] - waitForElementClickable(findTestObject("1-OBJECTS TAREAS PRINCIPALES/Modulo Tarea Compensacion/Crear Histórico Vacaciones/a_Pestaa_Histrico"), 0): Object 'Object Repository/1-OBJECTS TAREAS PRINCIPALES/Modulo Tarea Compensacion/Crear Histórico Vacaciones/a_Pestaa_Histrico' is clickable

2022-04-29 10:51:21 - [MESSAGE][WARNING] - Timeout '0' is invalid. Using default page load timeout: '45'

2022-04-29 10:51:22 - [MESSAGE][PASSED] - Object 'Object Repository/1-OBJECTS TAREAS PRINCIPALES/Modulo Tarea Compensacion/Crear Histórico Vacaciones/a_Pestaa_Histrico' is clickable

2022-04-29 10:51:22 - [TEST_STEP][PASSED] - click(findTestObject("1-OBJECTS TAREAS PRINCIPALES/Modulo Tarea Compensacion/Crear Histórico Vacaciones/a_Pestaa_Histrico")): Object: 'Object Repository/1-OBJECTS TAREAS PRINCIPALES/Modulo Tarea Compensacion/Crear Histórico Vacaciones/a_Pestaa_Histrico' is clicked on

2022-04-29 10:51:22 - [MESSAGE][PASSED] - Object: 'Object Repository/1-OBJECTS TAREAS PRINCIPALES/Modulo Tarea Compensacion/Crear Histórico Vacaciones/a_Pestaa_Histrico' is clicked on

2022-04-29 10:51:22 - [TEST_STEP][PASSED] - click(findTestObject("1-OBJECTS TAREAS PRINCIPALES/Modulo Tarea Compensacion/Crear Histórico Vacaciones/a_Nuevo historico")): Object: 'Object Repository/1-OBJECTS TAREAS PRINCIPALES/Modulo Tarea Compensacion/Crear Histórico Vacaciones/a_Nuevo historico' is clicked on

2022-04-29 10:51:23 - [MESSAGE][PASSED] - Object: 'Object Repository/1-OBJECTS TAREAS PRINCIPALES/Modulo Tarea Compensacion/Crear Histórico Vacaciones/a_Nuevo historico' is clicked on

2022-04-29 10:51:23 - [TEST_STEP][PASSED] - waitForElementClickable(findTestObject("1-OBJECTS TAREAS PRINCIPALES/Modulo Tarea Compensacion/Crear Histórico Vacaciones/select_Seleccione_PROGRAMACION DE VACACIONES"), 0): Object 'Object Repository/1-OBJECTS TAREAS PRINCIPALES/Modulo Tarea Compensacion/Crear Histórico Vacaciones/select_Seleccione_PROGRAMACION DE VACACIONES' is clickable

2022-04-29 10:51:23 - [MESSAGE][WARNING] - Timeout '0' is invalid. Using default page load timeout: '45'

2022-04-29 10:51:23 - [MESSAGE][PASSED] - Object 'Object Repository/1-OBJECTS TAREAS PRINCIPALES/Modulo Tarea Compensacion/Crear Histórico Vacaciones/select_Seleccione_PROGRAMACION DE VACACIONES' is clickable

2022-04-29 10:51:23 - [TEST_STEP][PASSED] - selectOptionByIndex(findTestObject("1-OBJECTS TAREAS PRINCIPALES/Modulo Tarea Compensacion/Crear Histórico Vacaciones/select_Seleccione_PROGRAMACION DE VACACIONES"), "2"): All options with index in [2] are selected on object 'Object Repository/1-OBJECTS TAREAS PRINCIPALES/Modulo Tarea Compensacion/Crear Histórico Vacaciones/select_Seleccione_PROGRAMACION DE VACACIONES'

2022-04-29 10:51:24 - [MESSAGE][PASSED] - All options with index in [2] are selected on object 'Object Repository/1-OBJECTS TAREAS PRINCIPALES/Modulo Tarea Compensacion/Crear Histórico Vacaciones/select_Seleccione_PROGRAMACION DE VACACIONES'

2022-04-29 10:51:24 - [TEST_STEP][PASSED] - selectOptionByIndex(findTestObject("1-OBJECTS TAREAS PRINCIPALES/Modulo Tarea Compensacion/Crear Histórico Vacaciones/select_Seleccione_No Aplica"), "2"): All options with index in [2] are selected on object 'Object Repository/1-OBJECTS TAREAS PRINCIPALES/Modulo Tarea Compensacion/Crear Histórico Vacaciones/select_Seleccione_No Aplica'

2022-04-29 10:51:25 - [MESSAGE][PASSED] - All options with index in [2] are selected on object 'Object Repository/1-OBJECTS TAREAS PRINCIPALES/Modulo Tarea Compensacion/Crear Histórico Vacaciones/select_Seleccione_No Aplica'

2022-04-29 10:51:25 - [TEST_STEP][PASSED] - selectOptionByIndex(findTestObject("1-OBJECTS TAREAS PRINCIPALES/Modulo Tarea Compensacion/Crear Histórico Vacaciones/select_Seleccione_AUSENTISMO"), "1"): All options with index in [1] are selected on object 'Object Repository/1-OBJECTS TAREAS PRINCIPALES/Modulo Tarea Compensacion/Crear Histórico Vacaciones/select_Seleccione_AUSENTISMO'

2022-04-29 10:51:26 - [MESSAGE][PASSED] - All options with index in [1] are selected on object 'Object Repository/1-OBJECTS TAREAS PRINCIPALES/Modulo Tarea Compensacion/Crear Histórico Vacaciones/select_Seleccione_AUSENTISMO'

2022-04-29 10:51:26 - [TEST_STEP][PASSED] - setText(findTestObject("1-OBJECTS TAREAS PRINCIPALES/Modulo Tarea Compensacion/Crear Histórico Vacaciones/input_Periodo Disfrute_form_vacaciones_Comienzo"), "01/07/2021"): Text '01/07/2021' is set on object 'Object Repository/1-OBJECTS TAREAS PRINCIPALES/Modulo Tarea Compensacion/Crear Histórico Vacaciones/input_Periodo Disfrute_form_vacaciones_Comienzo'

2022-04-29 10:51:27 - [MESSAGE][PASSED] - Text '01/07/2021' is set on object 'Object Repository/1-OBJECTS TAREAS PRINCIPALES/Modulo Tarea Compensacion/Crear Histórico Vacaciones/input_Periodo Disfrute_form_vacaciones_Comienzo'

2022-04-29 10:51:27 - [TEST_STEP][PASSED] - setText(findTestObject("1-OBJECTS TAREAS PRINCIPALES/Modulo Tarea Compensacion/Crear Histórico Vacaciones/input_Periodo Disfrute_form_vacaciones_Final"), "07/07/2021"): Text '07/07/2021' is set on object 'Object Repository/1-OBJECTS TAREAS PRINCIPALES/Modulo Tarea Compensacion/Crear Histórico Vacaciones/input_Periodo Disfrute_form_vacaciones_Final'

2022-04-29 10:51:28 - [MESSAGE][PASSED] - Text '07/07/2021' is set on object 'Object Repository/1-OBJECTS TAREAS PRINCIPALES/Modulo Tarea Compensacion/Crear Histórico Vacaciones/input_Periodo Disfrute_form_vacaciones_Final'

2022-04-29 10:51:28 - [TEST_STEP][PASSED] - setText(findTestObject("1-OBJECTS TAREAS PRINCIPALES/Modulo Tarea Compensacion/Crear Histórico Vacaciones/input_Fecha Regreso Nomina"), "08/07/2021"): Text '08/07/2021' is set on object 'Object Repository/1-OBJECTS TAREAS PRINCIPALES/Modulo Tarea Compensacion/Crear Histórico Vacaciones/input_Fecha Regreso Nomina'

2022-04-29 10:51:29 - [MESSAGE][PASSED] - Text '08/07/2021' is set on object 'Object Repository/1-OBJECTS TAREAS PRINCIPALES/Modulo Tarea Compensacion/Crear Histórico Vacaciones/input_Fecha Regreso Nomina'

2022-04-29 10:51:29 - [TEST_STEP][PASSED] - setText(findTestObject("1-OBJECTS TAREAS PRINCIPALES/Modulo Tarea Compensacion/Crear Histórico Vacaciones/input_Dias"), "6"): Text '6' is set on object 'Object Repository/1-OBJECTS TAREAS PRINCIPALES/Modulo Tarea Compensacion/Crear Histórico Vacaciones/input_Dias'

2022-04-29 10:51:30 - [MESSAGE][PASSED] - Text '6' is set on object 'Object Repository/1-OBJECTS TAREAS PRINCIPALES/Modulo Tarea Compensacion/Crear Histórico Vacaciones/input_Dias'

2022-04-29 10:51:30 - [TEST_STEP][PASSED] - setText(findTestObject("1-OBJECTS TAREAS PRINCIPALES/Modulo Tarea Compensacion/Crear Histórico Vacaciones/input_Periodo Servicio_Inicio"), "01/07/2021"): Text '01/07/2021' is set on object 'Object Repository/1-OBJECTS TAREAS PRINCIPALES/Modulo Tarea Compensacion/Crear Histórico Vacaciones/input_Periodo Servicio_Inicio'

2022-04-29 10:51:31 - [MESSAGE][PASSED] - Text '01/07/2021' is set on object 'Object Repository/1-OBJECTS TAREAS PRINCIPALES/Modulo Tarea Compensacion/Crear Histórico Vacaciones/input_Periodo Servicio_Inicio'

2022-04-29 10:51:31 - [TEST_STEP][PASSED] - setText(findTestObject("1-OBJECTS TAREAS PRINCIPALES/Modulo Tarea Compensacion/Crear Histórico Vacaciones/input_Periodo Servicio_Final"), "07/07/2021"): Text '07/07/2021' is set on object 'Object Repository/1-OBJECTS TAREAS PRINCIPALES/Modulo Tarea Compensacion/Crear Histórico Vacaciones/input_Periodo Servicio_Final'

2022-04-29 10:51:32 - [MESSAGE][PASSED] - Text '07/07/2021' is set on object 'Object Repository/1-OBJECTS TAREAS PRINCIPALES/Modulo Tarea Compensacion/Crear Histórico Vacaciones/input_Periodo Servicio_Final'

2022-04-29 10:51:32 - [TEST_STEP][PASSED] - sendKeys(findTestObject("1-OBJECTS TAREAS PRINCIPALES/Modulo Tarea Compensacion/Crear Histórico Vacaciones/input_Periodo Servicio_Final"), Keys.chord(ESCAPE)): Keys 'ESCAPE + ' sent to object: 'Object Repository/1-OBJECTS TAREAS PRINCIPALES/Modulo Tarea Compensacion/Crear Histórico Vacaciones/input_Periodo Servicio_Final'

2022-04-29 10:51:32 - [MESSAGE][PASSED] - Keys 'ESCAPE + ' sent to object: 'Object Repository/1-OBJECTS TAREAS PRINCIPALES/Modulo Tarea Compensacion/Crear Histórico Vacaciones/input_Periodo Servicio_Final'

2022-04-29 10:51:32 - [TEST_STEP][PASSED] - setText(findTestObject("1-OBJECTS TAREAS PRINCIPALES/Modulo Tarea Compensacion/Crear Histórico Vacaciones/textarea_Observacin"), "PRUEBA"): Text 'PRUEBA' is set on object 'Object Repository/1-OBJECTS TAREAS PRINCIPALES/Modulo Tarea Compensacion/Crear Histórico Vacaciones/textarea_Observacin'

2022-04-29 10:51:33 - [MESSAGE][PASSED] - Text 'PRUEBA' is set on object 'Object Repository/1-OBJECTS TAREAS PRINCIPALES/Modulo Tarea Compensacion/Crear Histórico Vacaciones/textarea_Observacin'

2022-04-29 10:51:33 - [TEST_STEP][PASSED] - waitForElementClickable(findTestObject("1-OBJECTS TAREAS PRINCIPALES/Modulo Tarea Compensacion/Crear Histórico Vacaciones/a_Guardar"), 0): Object 'Object Repository/1-OBJECTS TAREAS PRINCIPALES/Modulo Tarea Compensacion/Crear Histórico Vacaciones/a_Guardar' is clickable

2022-04-29 10:51:33 - [MESSAGE][WARNING] - Timeout '0' is invalid. Using default page load timeout: '45'

2022-04-29 10:51:33 - [MESSAGE][PASSED] - Object 'Object Repository/1-OBJECTS TAREAS PRINCIPALES/Modulo Tarea Compensacion/Crear Histórico Vacaciones/a_Guardar' is clickable

2022-04-29 10:51:33 - [TEST_STEP][PASSED] - click(findTestObject("1-OBJECTS TAREAS PRINCIPALES/Modulo Tarea Compensacion/Crear Histórico Vacaciones/a_Guardar")): Object: 'Object Repository/1-OBJECTS TAREAS PRINCIPALES/Modulo Tarea Compensacion/Crear Histórico Vacaciones/a_Guardar' is clicked on

2022-04-29 10:51:34 - [MESSAGE][PASSED] - Object: 'Object Repository/1-OBJECTS TAREAS PRINCIPALES/Modulo Tarea Compensacion/Crear Histórico Vacaciones/a_Guardar' is clicked on

2022-04-29 10:51:34 - [TEST_STEP][PASSED] - Result = getText(findTestObject("3-OBJECTS UTILIDADES/Alerta/Alerta")): Text of object 'Object Repository/3-OBJECTS UTILIDADES/Alerta/Alerta' is: 'Se Ingreso el registro'

2022-04-29 10:51:35 - [MESSAGE][PASSED] - Text of object 'Object Repository/3-OBJECTS UTILIDADES/Alerta/Alerta' is: 'Se Ingreso el registro'

2022-04-29 10:51:35 - [TEST_STEP][PASSED] - waitForElementClickable(findTestObject("1-OBJECTS TAREAS PRINCIPALES/Modulo Tarea Compensacion/Crear Histórico Vacaciones/a_Eliminar_Historico"), 0): Object 'Object Repository/1-OBJECTS TAREAS PRINCIPALES/Modulo Tarea Compensacion/Crear Histórico Vacaciones/a_Eliminar_Historico' is clickable

2022-04-29 10:51:35 - [MESSAGE][WARNING] - Timeout '0' is invalid. Using default page load timeout: '45'

2022-04-29 10:51:35 - [MESSAGE][PASSED] - Object 'Object Repository/1-OBJECTS TAREAS PRINCIPALES/Modulo Tarea Compensacion/Crear Histórico Vacaciones/a_Eliminar_Historico' is clickable

2022-04-29 10:51:35 - [TEST_STEP][PASSED] - click(findTestObject("1-OBJECTS TAREAS PRINCIPALES/Modulo Tarea Compensacion/Crear Histórico Vacaciones/a_Eliminar_Historico")): Object: 'Object Repository/1-OBJECTS TAREAS PRINCIPALES/Modulo Tarea Compensacion/Crear Histórico Vacaciones/a_Eliminar_Historico' is clicked on

2022-04-29 10:51:36 - [MESSAGE][PASSED] - Object: 'Object Repository/1-OBJECTS TAREAS PRINCIPALES/Modulo Tarea Compensacion/Crear Histórico Vacaciones/a_Eliminar_Historico' is clicked on

2022-04-29 10:51:36 - [TEST_STEP][PASSED] - waitForElementClickable(findTestObject("1-OBJECTS TAREAS PRINCIPALES/Modulo Tarea Compensacion/Crear Histórico Vacaciones/a_Aceptar_Eliminar_ Historico"), 0): Object 'Object Repository/1-OBJECTS TAREAS PRINCIPALES/Modulo Tarea Compensacion/Crear Histórico Vacaciones/a_Aceptar_Eliminar_ Historico' is clickable

2022-04-29 10:51:36 - [MESSAGE][WARNING] - Timeout '0' is invalid. Using default page load timeout: '45'

2022-04-29 10:51:36 - [MESSAGE][PASSED] - Object 'Object Repository/1-OBJECTS TAREAS PRINCIPALES/Modulo Tarea Compensacion/Crear Histórico Vacaciones/a_Aceptar_Eliminar_ Historico' is clickable

2022-04-29 10:51:36 - [TEST_STEP][PASSED] - click(findTestObject("1-OBJECTS TAREAS PRINCIPALES/Modulo Tarea Compensacion/Crear Histórico Vacaciones/a_Aceptar_Eliminar_ Historico")): Object: 'Object Repository/1-OBJECTS TAREAS PRINCIPALES/Modulo Tarea Compensacion/Crear Histórico Vacaciones/a_Aceptar_Eliminar_ Historico' is clicked on

2022-04-29 10:51:37 - [MESSAGE][PASSED] - Object: 'Object Repository/1-OBJECTS TAREAS PRINCIPALES/Modulo Tarea Compensacion/Crear Histórico Vacaciones/a_Aceptar_Eliminar_ Historico' is clicked on

2022-04-29 10:51:37 - [TEST_STEP][PASSED] - getText(findTestObject("3-OBJECTS UTILIDADES/Alerta/Alerta")): Text of object 'Object Repository/3-OBJECTS UTILIDADES/Alerta/Alerta' is: 'Se elimino el registro'

2022-04-29 10:51:38 - [MESSAGE][PASSED] - Text of object 'Object Repository/3-OBJECTS UTILIDADES/Alerta/Alerta' is: 'Se elimino el registro'

2022-04-29 10:51:38 - [TEST_STEP][PASSED] - if (Result == "Se Ingreso el registro"): null

2022-04-29 10:51:38 - [TEST_STEP][PASSED] - Resultado = "Prueba ok": null]]></system-out>
         <system-err><![CDATA[]]></system-err>
      </testcase>
      <testcase name="Test Cases/1.1-Tareas Principales/1.7.2 Crear Histórica Incapacidad" time="32.694" classname="Test Cases/1.1-Tareas Principales/1.7.2 Crear Histórica Incapacidad" status="PASSED">
         <system-out><![CDATA[2022-04-29 10:51:38 - [TEST_CASE][PASSED] - Test Cases/1.1-Tareas Principales/1.7.2 Crear Histórica Incapacidad: Test Cases/1.1-Tareas Principales/1.7.2 Crear Histórica Incapacidad

2022-04-29 10:51:38 - [TEST_STEP][PASSED] - callTestCase(findTestCase("0.1-Login"), [:], STOP_ON_FAILURE): Call Test Case 'Test Cases/0.1-Login' successfully

2022-04-29 10:51:38 - [TEST_CASE][PASSED] - Test Cases/0.1-Login: Test Cases/0.1-Login

2022-04-29 10:51:38 - [TEST_STEP][PASSED] - openBrowser(""): Browser is opened with url: ''

2022-04-29 10:51:38 - [MESSAGE][WARNING] - A browser is already opened. Closing browser and opening a new one

2022-04-29 10:51:39 - [MESSAGE][INFO] - Starting 'Chrome' driver

2022-04-29 10:51:39 - [MESSAGE][INFO] - Action delay is set to 0 milliseconds

2022-04-29 10:51:40 - [MESSAGE][PASSED] - Browser is opened with url: ''

2022-04-29 10:51:40 - [TEST_STEP][PASSED] - maximizeWindow(): Current window maximized

2022-04-29 10:51:40 - [MESSAGE][PASSED] - Current window maximized

2022-04-29 10:51:40 - [TEST_STEP][PASSED] - i = G_Login: null

2022-04-29 10:51:40 - [TEST_STEP][PASSED] - url = new java.net.URL(i): null

2022-04-29 10:51:40 - [TEST_STEP][PASSED] - println("URL: " + url.toString()): null

2022-04-29 10:51:40 - [TEST_STEP][PASSED] - connection = url.openConnection(): null

2022-04-29 10:51:40 - [TEST_STEP][PASSED] - connection.setRequestMethod("GET"): null

2022-04-29 10:51:40 - [TEST_STEP][PASSED] - connection.setReadTimeout(2 * 1000): null

2022-04-29 10:51:40 - [TEST_STEP][PASSED] - try: null

2022-04-29 10:51:40 - [TEST_STEP][PASSED] - connection.connect(): null

2022-04-29 10:51:40 - [TEST_STEP][PASSED] - flag = connected: null

2022-04-29 10:51:40 - [TEST_STEP][PASSED] - println("Valor_ori: " + flag): null

2022-04-29 10:51:40 - [TEST_STEP][PASSED] - if (flag): null

2022-04-29 10:51:40 - [TEST_STEP][PASSED] - navigateToUrl(i): Navigate to 'http://192.168.2.19:8380/saraweb' successfully

2022-04-29 10:51:40 - [MESSAGE][PASSED] - Navigate to 'http://192.168.2.19:8380/saraweb' successfully

2022-04-29 10:51:40 - [TEST_STEP][PASSED] - a(): null

2022-04-29 10:51:40 - [TEST_STEP][PASSED] - setText(findTestObject("3-OBJECTS UTILIDADES/Login/input_USUARIO_loginusuario"), G_Usuario): Text 'saraadmin' is set on object 'Object Repository/3-OBJECTS UTILIDADES/Login/input_USUARIO_loginusuario'

2022-04-29 10:51:41 - [MESSAGE][PASSED] - Text 'saraadmin' is set on object 'Object Repository/3-OBJECTS UTILIDADES/Login/input_USUARIO_loginusuario'

2022-04-29 10:51:41 - [TEST_STEP][PASSED] - setEncryptedText(findTestObject("3-OBJECTS UTILIDADES/Login/input_CLAVE_loginpassword"), "MkG4/TYiCFC3cb2driP7+Q=="): Text ****** has been set on object 'Object Repository/3-OBJECTS UTILIDADES/Login/input_CLAVE_loginpassword'

2022-04-29 10:51:42 - [MESSAGE][PASSED] - Text ****** has been set on object 'Object Repository/3-OBJECTS UTILIDADES/Login/input_CLAVE_loginpassword'

2022-04-29 10:51:42 - [TEST_STEP][PASSED] - waitForElementClickable(findTestObject("3-OBJECTS UTILIDADES/Login/a_Ingresar"), G_TimeOut): Object 'Object Repository/3-OBJECTS UTILIDADES/Login/a_Ingresar' is clickable

2022-04-29 10:51:42 - [MESSAGE][PASSED] - Object 'Object Repository/3-OBJECTS UTILIDADES/Login/a_Ingresar' is clickable

2022-04-29 10:51:42 - [TEST_STEP][PASSED] - click(findTestObject("3-OBJECTS UTILIDADES/Login/a_Ingresar")): Object: 'Object Repository/3-OBJECTS UTILIDADES/Login/a_Ingresar' is clicked on

2022-04-29 10:51:43 - [MESSAGE][PASSED] - Object: 'Object Repository/3-OBJECTS UTILIDADES/Login/a_Ingresar' is clicked on

2022-04-29 10:51:43 - [TEST_STEP][PASSED] - element = findWebElement(findTestObject("3-OBJECTS UTILIDADES/Login/a_Ir"), 30): null

2022-04-29 10:51:43 - [TEST_STEP][PASSED] - executeJavaScript("arguments[0].click()", Arrays.asList(element)): Execute JavaScript 'arguments[0].click()' successfully

2022-04-29 10:51:43 - [MESSAGE][PASSED] - Execute JavaScript 'arguments[0].click()' successfully

2022-04-29 10:51:43 - [MESSAGE][PASSED] - Call Test Case 'Test Cases/0.1-Login' successfully

2022-04-29 10:51:43 - [TEST_STEP][PASSED] - waitForElementClickable(findTestObject("1-OBJECTS TAREAS PRINCIPALES/Modulo Tarea Compensacion/Crear Histórica Incapacidad/input_ADMINISTRADOR DEL SISTEMA - SARA_form_templatej_idt24_input"), 0): Object 'Object Repository/1-OBJECTS TAREAS PRINCIPALES/Modulo Tarea Compensacion/Crear Histórica Incapacidad/input_ADMINISTRADOR DEL SISTEMA - SARA_form_templatej_idt24_input' is clickable

2022-04-29 10:51:43 - [MESSAGE][WARNING] - Timeout '0' is invalid. Using default page load timeout: '45'

2022-04-29 10:51:44 - [MESSAGE][PASSED] - Object 'Object Repository/1-OBJECTS TAREAS PRINCIPALES/Modulo Tarea Compensacion/Crear Histórica Incapacidad/input_ADMINISTRADOR DEL SISTEMA - SARA_form_templatej_idt24_input' is clickable

2022-04-29 10:51:44 - [TEST_STEP][PASSED] - setText(findTestObject("1-OBJECTS TAREAS PRINCIPALES/Modulo Tarea Compensacion/Crear Histórica Incapacidad/input_ADMINISTRADOR DEL SISTEMA - SARA_form_templatej_idt24_input"), "Listado de empleados"): Text 'Listado de empleados' is set on object 'Object Repository/1-OBJECTS TAREAS PRINCIPALES/Modulo Tarea Compensacion/Crear Histórica Incapacidad/input_ADMINISTRADOR DEL SISTEMA - SARA_form_templatej_idt24_input'

2022-04-29 10:51:45 - [MESSAGE][PASSED] - Text 'Listado de empleados' is set on object 'Object Repository/1-OBJECTS TAREAS PRINCIPALES/Modulo Tarea Compensacion/Crear Histórica Incapacidad/input_ADMINISTRADOR DEL SISTEMA - SARA_form_templatej_idt24_input'

2022-04-29 10:51:45 - [TEST_STEP][PASSED] - waitForElementClickable(findTestObject("1-OBJECTS TAREAS PRINCIPALES/Modulo Tarea Compensacion/Crear Histórica Incapacidad/span_Listado de Empleados"), 0): Object 'Object Repository/1-OBJECTS TAREAS PRINCIPALES/Modulo Tarea Compensacion/Crear Histórica Incapacidad/span_Listado de Empleados' is clickable

2022-04-29 10:51:45 - [MESSAGE][WARNING] - Timeout '0' is invalid. Using default page load timeout: '45'

2022-04-29 10:51:46 - [MESSAGE][PASSED] - Object 'Object Repository/1-OBJECTS TAREAS PRINCIPALES/Modulo Tarea Compensacion/Crear Histórica Incapacidad/span_Listado de Empleados' is clickable

2022-04-29 10:51:46 - [TEST_STEP][PASSED] - sendKeys(findTestObject("1-OBJECTS TAREAS PRINCIPALES/Modulo Tarea Compensacion/Crear Histórica Incapacidad/input_ADMINISTRADOR DEL SISTEMA - SARA_form_templatej_idt24_input"), Keys.chord(ENTER)): Keys 'ENTER + ' sent to object: 'Object Repository/1-OBJECTS TAREAS PRINCIPALES/Modulo Tarea Compensacion/Crear Histórica Incapacidad/input_ADMINISTRADOR DEL SISTEMA - SARA_form_templatej_idt24_input'

2022-04-29 10:51:47 - [MESSAGE][PASSED] - Keys 'ENTER + ' sent to object: 'Object Repository/1-OBJECTS TAREAS PRINCIPALES/Modulo Tarea Compensacion/Crear Histórica Incapacidad/input_ADMINISTRADOR DEL SISTEMA - SARA_form_templatej_idt24_input'

2022-04-29 10:51:47 - [TEST_STEP][PASSED] - setText(findTestObject("1-OBJECTS TAREAS PRINCIPALES/Modulo Tarea Compensacion/Crear Histórica Incapacidad/input_Identificacin_1234567890"), "1234567890"): Text '1234567890' is set on object 'Object Repository/1-OBJECTS TAREAS PRINCIPALES/Modulo Tarea Compensacion/Crear Histórica Incapacidad/input_Identificacin_1234567890'

2022-04-29 10:51:49 - [MESSAGE][PASSED] - Text '1234567890' is set on object 'Object Repository/1-OBJECTS TAREAS PRINCIPALES/Modulo Tarea Compensacion/Crear Histórica Incapacidad/input_Identificacin_1234567890'

2022-04-29 10:51:49 - [TEST_STEP][PASSED] - sendKeys(findTestObject("1-OBJECTS TAREAS PRINCIPALES/Modulo Tarea Compensacion/Crear Histórica Incapacidad/input_Identificacin_1234567890"), Keys.chord(ENTER)): Keys 'ENTER + ' sent to object: 'Object Repository/1-OBJECTS TAREAS PRINCIPALES/Modulo Tarea Compensacion/Crear Histórica Incapacidad/input_Identificacin_1234567890'

2022-04-29 10:51:49 - [MESSAGE][PASSED] - Keys 'ENTER + ' sent to object: 'Object Repository/1-OBJECTS TAREAS PRINCIPALES/Modulo Tarea Compensacion/Crear Histórica Incapacidad/input_Identificacin_1234567890'

2022-04-29 10:51:49 - [TEST_STEP][PASSED] - click(findTestObject("1-OBJECTS TAREAS PRINCIPALES/Modulo Tarea Compensacion/Crear Histórica Incapacidad/span_Gomez Jose")): Object: 'Object Repository/1-OBJECTS TAREAS PRINCIPALES/Modulo Tarea Compensacion/Crear Histórica Incapacidad/span_Gomez Jose' is clicked on

2022-04-29 10:51:50 - [MESSAGE][PASSED] - Object: 'Object Repository/1-OBJECTS TAREAS PRINCIPALES/Modulo Tarea Compensacion/Crear Histórica Incapacidad/span_Gomez Jose' is clicked on

2022-04-29 10:51:50 - [TEST_STEP][PASSED] - click(findTestObject("1-OBJECTS TAREAS PRINCIPALES/Modulo Tarea Compensacion/Crear Histórica Incapacidad/a_Incapacidad")): Object: 'Object Repository/1-OBJECTS TAREAS PRINCIPALES/Modulo Tarea Compensacion/Crear Histórica Incapacidad/a_Incapacidad' is clicked on

2022-04-29 10:51:51 - [MESSAGE][PASSED] - Object: 'Object Repository/1-OBJECTS TAREAS PRINCIPALES/Modulo Tarea Compensacion/Crear Histórica Incapacidad/a_Incapacidad' is clicked on

2022-04-29 10:51:51 - [TEST_STEP][PASSED] - waitForElementClickable(findTestObject("1-OBJECTS TAREAS PRINCIPALES/Modulo Tarea Compensacion/Crear Histórica Incapacidad/a_Histrico_Pestaa"), 0): Object 'Object Repository/1-OBJECTS TAREAS PRINCIPALES/Modulo Tarea Compensacion/Crear Histórica Incapacidad/a_Histrico_Pestaa' is clickable

2022-04-29 10:51:51 - [MESSAGE][WARNING] - Timeout '0' is invalid. Using default page load timeout: '45'

2022-04-29 10:51:51 - [MESSAGE][PASSED] - Object 'Object Repository/1-OBJECTS TAREAS PRINCIPALES/Modulo Tarea Compensacion/Crear Histórica Incapacidad/a_Histrico_Pestaa' is clickable

2022-04-29 10:51:51 - [TEST_STEP][PASSED] - click(findTestObject("1-OBJECTS TAREAS PRINCIPALES/Modulo Tarea Compensacion/Crear Histórica Incapacidad/a_Histrico_Pestaa")): Object: 'Object Repository/1-OBJECTS TAREAS PRINCIPALES/Modulo Tarea Compensacion/Crear Histórica Incapacidad/a_Histrico_Pestaa' is clicked on

2022-04-29 10:51:52 - [MESSAGE][PASSED] - Object: 'Object Repository/1-OBJECTS TAREAS PRINCIPALES/Modulo Tarea Compensacion/Crear Histórica Incapacidad/a_Histrico_Pestaa' is clicked on

2022-04-29 10:51:52 - [TEST_STEP][PASSED] - if (waitForElementClickable(findTestObject("1-OBJECTS TAREAS PRINCIPALES/Modulo Tarea Compensacion/Crear Histórica Incapacidad/span_Enfermedad General 21"), 1)): Web element with id: 'Object Repository/1-OBJECTS TAREAS PRINCIPALES/Modulo Tarea Compensacion/Crear Histórica Incapacidad/span_Enfermedad General 21' located by '//*/text()[normalize-space(.)='ENFERMEDAD GENERAL 21']/parent::*' not found

2022-04-29 10:51:54 - [MESSAGE][INFO] - Unable to find the element located by 'By.xpath: //*/text()[normalize-space(.)='ENFERMEDAD GENERAL 21']/parent::*'. Please recheck the objects properties to make sure the desired element is located. 

2022-04-29 10:51:54 - [MESSAGE][WARNING] - Web element with id: 'Object Repository/1-OBJECTS TAREAS PRINCIPALES/Modulo Tarea Compensacion/Crear Histórica Incapacidad/span_Enfermedad General 21' located by '//*/text()[normalize-space(.)='ENFERMEDAD GENERAL 21']/parent::*' not found

2022-04-29 10:51:54 - [TEST_STEP][PASSED] - click(findTestObject("1-OBJECTS TAREAS PRINCIPALES/Modulo Tarea Compensacion/Crear Histórica Incapacidad/a_Nuevo")): Object: 'Object Repository/1-OBJECTS TAREAS PRINCIPALES/Modulo Tarea Compensacion/Crear Histórica Incapacidad/a_Nuevo' is clicked on

2022-04-29 10:51:54 - [MESSAGE][PASSED] - Object: 'Object Repository/1-OBJECTS TAREAS PRINCIPALES/Modulo Tarea Compensacion/Crear Histórica Incapacidad/a_Nuevo' is clicked on

2022-04-29 10:51:54 - [TEST_STEP][PASSED] - waitForElementClickable(findTestObject("1-OBJECTS TAREAS PRINCIPALES/Modulo Tarea Compensacion/Crear Histórica Incapacidad/span_Enfermedad General 21"), 0): Object 'Object Repository/1-OBJECTS TAREAS PRINCIPALES/Modulo Tarea Compensacion/Crear Histórica Incapacidad/span_Enfermedad General 21' is clickable

2022-04-29 10:51:54 - [MESSAGE][WARNING] - Timeout '0' is invalid. Using default page load timeout: '45'

2022-04-29 10:51:55 - [MESSAGE][PASSED] - Object 'Object Repository/1-OBJECTS TAREAS PRINCIPALES/Modulo Tarea Compensacion/Crear Histórica Incapacidad/span_Enfermedad General 21' is clickable

2022-04-29 10:51:55 - [TEST_STEP][PASSED] - click(findTestObject("1-OBJECTS TAREAS PRINCIPALES/Modulo Tarea Compensacion/Crear Histórica Incapacidad/span_Enfermedad General 21")): Object: 'Object Repository/1-OBJECTS TAREAS PRINCIPALES/Modulo Tarea Compensacion/Crear Histórica Incapacidad/span_Enfermedad General 21' is clicked on

2022-04-29 10:51:55 - [MESSAGE][PASSED] - Object: 'Object Repository/1-OBJECTS TAREAS PRINCIPALES/Modulo Tarea Compensacion/Crear Histórica Incapacidad/span_Enfermedad General 21' is clicked on

2022-04-29 10:51:55 - [TEST_STEP][PASSED] - click(findTestObject("1-OBJECTS TAREAS PRINCIPALES/Modulo Tarea Compensacion/Crear Histórica Incapacidad/label_NO")): Object: 'Object Repository/1-OBJECTS TAREAS PRINCIPALES/Modulo Tarea Compensacion/Crear Histórica Incapacidad/label_NO' is clicked on

2022-04-29 10:51:57 - [MESSAGE][PASSED] - Object: 'Object Repository/1-OBJECTS TAREAS PRINCIPALES/Modulo Tarea Compensacion/Crear Histórica Incapacidad/label_NO' is clicked on

2022-04-29 10:51:57 - [TEST_STEP][PASSED] - setText(findTestObject("1-OBJECTS TAREAS PRINCIPALES/Modulo Tarea Compensacion/Crear Histórica Incapacidad/input_Salida"), "01/01/2021"): Text '01/01/2021' is set on object 'Object Repository/1-OBJECTS TAREAS PRINCIPALES/Modulo Tarea Compensacion/Crear Histórica Incapacidad/input_Salida'

2022-04-29 10:51:57 - [MESSAGE][PASSED] - Text '01/01/2021' is set on object 'Object Repository/1-OBJECTS TAREAS PRINCIPALES/Modulo Tarea Compensacion/Crear Histórica Incapacidad/input_Salida'

2022-04-29 10:51:57 - [TEST_STEP][PASSED] - setText(findTestObject("1-OBJECTS TAREAS PRINCIPALES/Modulo Tarea Compensacion/Crear Histórica Incapacidad/input_Termina"), "02/01/2021"): Text '02/01/2021' is set on object 'Object Repository/1-OBJECTS TAREAS PRINCIPALES/Modulo Tarea Compensacion/Crear Histórica Incapacidad/input_Termina'

2022-04-29 10:51:58 - [MESSAGE][PASSED] - Text '02/01/2021' is set on object 'Object Repository/1-OBJECTS TAREAS PRINCIPALES/Modulo Tarea Compensacion/Crear Histórica Incapacidad/input_Termina'

2022-04-29 10:51:58 - [TEST_STEP][PASSED] - setText(findTestObject("1-OBJECTS TAREAS PRINCIPALES/Modulo Tarea Compensacion/Crear Histórica Incapacidad/input_Regreso"), "03/01/2021"): Text '03/01/2021' is set on object 'Object Repository/1-OBJECTS TAREAS PRINCIPALES/Modulo Tarea Compensacion/Crear Histórica Incapacidad/input_Regreso'

2022-04-29 10:51:59 - [MESSAGE][PASSED] - Text '03/01/2021' is set on object 'Object Repository/1-OBJECTS TAREAS PRINCIPALES/Modulo Tarea Compensacion/Crear Histórica Incapacidad/input_Regreso'

2022-04-29 10:51:59 - [TEST_STEP][PASSED] - setText(findTestObject("1-OBJECTS TAREAS PRINCIPALES/Modulo Tarea Compensacion/Crear Histórica Incapacidad/input_Salida Nomina"), "28/02/2021"): Text '28/02/2021' is set on object 'Object Repository/1-OBJECTS TAREAS PRINCIPALES/Modulo Tarea Compensacion/Crear Histórica Incapacidad/input_Salida Nomina'

2022-04-29 10:52:00 - [MESSAGE][PASSED] - Text '28/02/2021' is set on object 'Object Repository/1-OBJECTS TAREAS PRINCIPALES/Modulo Tarea Compensacion/Crear Histórica Incapacidad/input_Salida Nomina'

2022-04-29 10:52:00 - [TEST_STEP][PASSED] - setText(findTestObject("1-OBJECTS TAREAS PRINCIPALES/Modulo Tarea Compensacion/Crear Histórica Incapacidad/input_Regreso Nomina"), "02/03/2021"): Text '02/03/2021' is set on object 'Object Repository/1-OBJECTS TAREAS PRINCIPALES/Modulo Tarea Compensacion/Crear Histórica Incapacidad/input_Regreso Nomina'

2022-04-29 10:52:01 - [MESSAGE][PASSED] - Text '02/03/2021' is set on object 'Object Repository/1-OBJECTS TAREAS PRINCIPALES/Modulo Tarea Compensacion/Crear Histórica Incapacidad/input_Regreso Nomina'

2022-04-29 10:52:01 - [TEST_STEP][PASSED] - setText(findTestObject("1-OBJECTS TAREAS PRINCIPALES/Modulo Tarea Compensacion/Crear Histórica Incapacidad/input_Reales"), "2"): Text '2' is set on object 'Object Repository/1-OBJECTS TAREAS PRINCIPALES/Modulo Tarea Compensacion/Crear Histórica Incapacidad/input_Reales'

2022-04-29 10:52:02 - [MESSAGE][PASSED] - Text '2' is set on object 'Object Repository/1-OBJECTS TAREAS PRINCIPALES/Modulo Tarea Compensacion/Crear Histórica Incapacidad/input_Reales'

2022-04-29 10:52:02 - [TEST_STEP][PASSED] - setText(findTestObject("1-OBJECTS TAREAS PRINCIPALES/Modulo Tarea Compensacion/Crear Histórica Incapacidad/input_Horas Adicionales"), "500"): Text '500' is set on object 'Object Repository/1-OBJECTS TAREAS PRINCIPALES/Modulo Tarea Compensacion/Crear Histórica Incapacidad/input_Horas Adicionales'

2022-04-29 10:52:03 - [MESSAGE][PASSED] - Text '500' is set on object 'Object Repository/1-OBJECTS TAREAS PRINCIPALES/Modulo Tarea Compensacion/Crear Histórica Incapacidad/input_Horas Adicionales'

2022-04-29 10:52:03 - [TEST_STEP][PASSED] - setText(findTestObject("1-OBJECTS TAREAS PRINCIPALES/Modulo Tarea Compensacion/Crear Histórica Incapacidad/input_Das Acumulados"), "0"): Text '0' is set on object 'Object Repository/1-OBJECTS TAREAS PRINCIPALES/Modulo Tarea Compensacion/Crear Histórica Incapacidad/input_Das Acumulados'

2022-04-29 10:52:03 - [MESSAGE][PASSED] - Text '0' is set on object 'Object Repository/1-OBJECTS TAREAS PRINCIPALES/Modulo Tarea Compensacion/Crear Histórica Incapacidad/input_Das Acumulados'

2022-04-29 10:52:03 - [TEST_STEP][PASSED] - setText(findTestObject("1-OBJECTS TAREAS PRINCIPALES/Modulo Tarea Compensacion/Crear Histórica Incapacidad/input_Inicio_form_incapacidadesEmpleadotabsIncapacidadestabfechaInicioIng_input"), "01/01/2021"): Text '01/01/2021' is set on object 'Object Repository/1-OBJECTS TAREAS PRINCIPALES/Modulo Tarea Compensacion/Crear Histórica Incapacidad/input_Inicio_form_incapacidadesEmpleadotabsIncapacidadestabfechaInicioIng_input'

2022-04-29 10:52:04 - [MESSAGE][PASSED] - Text '01/01/2021' is set on object 'Object Repository/1-OBJECTS TAREAS PRINCIPALES/Modulo Tarea Compensacion/Crear Histórica Incapacidad/input_Inicio_form_incapacidadesEmpleadotabsIncapacidadestabfechaInicioIng_input'

2022-04-29 10:52:04 - [TEST_STEP][PASSED] - selectOptionByIndex(findTestObject("1-OBJECTS TAREAS PRINCIPALES/Modulo Tarea Compensacion/Crear Histórica Incapacidad/select_Entidad"), "11"): All options with index in [11] are selected on object 'Object Repository/1-OBJECTS TAREAS PRINCIPALES/Modulo Tarea Compensacion/Crear Histórica Incapacidad/select_Entidad'

2022-04-29 10:52:05 - [MESSAGE][PASSED] - All options with index in [11] are selected on object 'Object Repository/1-OBJECTS TAREAS PRINCIPALES/Modulo Tarea Compensacion/Crear Histórica Incapacidad/select_Entidad'

2022-04-29 10:52:05 - [TEST_STEP][PASSED] - setText(findTestObject("1-OBJECTS TAREAS PRINCIPALES/Modulo Tarea Compensacion/Crear Histórica Incapacidad/textarea_Observacin"), "PRUEBA"): Text 'PRUEBA' is set on object 'Object Repository/1-OBJECTS TAREAS PRINCIPALES/Modulo Tarea Compensacion/Crear Histórica Incapacidad/textarea_Observacin'

2022-04-29 10:52:06 - [MESSAGE][PASSED] - Text 'PRUEBA' is set on object 'Object Repository/1-OBJECTS TAREAS PRINCIPALES/Modulo Tarea Compensacion/Crear Histórica Incapacidad/textarea_Observacin'

2022-04-29 10:52:06 - [TEST_STEP][PASSED] - click(findTestObject("1-OBJECTS TAREAS PRINCIPALES/Modulo Tarea Compensacion/Crear Histórica Incapacidad/a_Guardar")): Object: 'Object Repository/1-OBJECTS TAREAS PRINCIPALES/Modulo Tarea Compensacion/Crear Histórica Incapacidad/a_Guardar' is clicked on

2022-04-29 10:52:07 - [MESSAGE][PASSED] - Object: 'Object Repository/1-OBJECTS TAREAS PRINCIPALES/Modulo Tarea Compensacion/Crear Histórica Incapacidad/a_Guardar' is clicked on

2022-04-29 10:52:07 - [TEST_STEP][PASSED] - Result = getText(findTestObject("3-OBJECTS UTILIDADES/Alerta/Alerta")): Text of object 'Object Repository/3-OBJECTS UTILIDADES/Alerta/Alerta' is: 'Se adicionó el registro...'

2022-04-29 10:52:08 - [MESSAGE][PASSED] - Text of object 'Object Repository/3-OBJECTS UTILIDADES/Alerta/Alerta' is: 'Se adicionó el registro...'

2022-04-29 10:52:08 - [TEST_STEP][PASSED] - waitForElementClickable(findTestObject("1-OBJECTS TAREAS PRINCIPALES/Modulo Tarea Compensacion/Crear Histórica Incapacidad/a_Eliminar_Incapacidad"), 0): Object 'Object Repository/1-OBJECTS TAREAS PRINCIPALES/Modulo Tarea Compensacion/Crear Histórica Incapacidad/a_Eliminar_Incapacidad' is clickable

2022-04-29 10:52:08 - [MESSAGE][WARNING] - Timeout '0' is invalid. Using default page load timeout: '45'

2022-04-29 10:52:08 - [MESSAGE][PASSED] - Object 'Object Repository/1-OBJECTS TAREAS PRINCIPALES/Modulo Tarea Compensacion/Crear Histórica Incapacidad/a_Eliminar_Incapacidad' is clickable

2022-04-29 10:52:08 - [TEST_STEP][PASSED] - click(findTestObject("1-OBJECTS TAREAS PRINCIPALES/Modulo Tarea Compensacion/Crear Histórica Incapacidad/a_Eliminar_Incapacidad")): Object: 'Object Repository/1-OBJECTS TAREAS PRINCIPALES/Modulo Tarea Compensacion/Crear Histórica Incapacidad/a_Eliminar_Incapacidad' is clicked on

2022-04-29 10:52:09 - [MESSAGE][PASSED] - Object: 'Object Repository/1-OBJECTS TAREAS PRINCIPALES/Modulo Tarea Compensacion/Crear Histórica Incapacidad/a_Eliminar_Incapacidad' is clicked on

2022-04-29 10:52:09 - [TEST_STEP][PASSED] - click(findTestObject("1-OBJECTS TAREAS PRINCIPALES/Modulo Tarea Compensacion/Crear Histórica Incapacidad/a_Aceptar_Eliminar_Incapacidad")): Object: 'Object Repository/1-OBJECTS TAREAS PRINCIPALES/Modulo Tarea Compensacion/Crear Histórica Incapacidad/a_Aceptar_Eliminar_Incapacidad' is clicked on

2022-04-29 10:52:10 - [MESSAGE][PASSED] - Object: 'Object Repository/1-OBJECTS TAREAS PRINCIPALES/Modulo Tarea Compensacion/Crear Histórica Incapacidad/a_Aceptar_Eliminar_Incapacidad' is clicked on

2022-04-29 10:52:10 - [TEST_STEP][PASSED] - if (Result == "Se adicionó el registro..."): Browser is closed

2022-04-29 10:52:10 - [TEST_STEP][PASSED] - closeBrowser(): Browser is closed

2022-04-29 10:52:10 - [MESSAGE][PASSED] - Browser is closed]]></system-out>
         <system-err><![CDATA[]]></system-err>
      </testcase>
      <testcase name="Test Cases/1.1-Tareas Principales/1.7.4-Datos_Básicos_del_Empleado" time="96.009" classname="Test Cases/1.1-Tareas Principales/1.7.4-Datos_Básicos_del_Empleado" status="PASSED">
         <system-out><![CDATA[2022-04-29 10:52:10 - [TEST_CASE][PASSED] - Test Cases/1.1-Tareas Principales/1.7.4-Datos_Básicos_del_Empleado: Test Cases/1.1-Tareas Principales/1.7.4-Datos_Básicos_del_Empleado

2022-04-29 10:52:11 - [TEST_STEP][PASSED] - callTestCase(findTestCase("0.1-Login"), [:], STOP_ON_FAILURE): Call Test Case 'Test Cases/0.1-Login' successfully

2022-04-29 10:52:11 - [TEST_CASE][PASSED] - Test Cases/0.1-Login: Test Cases/0.1-Login

2022-04-29 10:52:11 - [TEST_STEP][PASSED] - openBrowser(""): Browser is opened with url: ''

2022-04-29 10:52:11 - [MESSAGE][INFO] - Starting 'Chrome' driver

2022-04-29 10:52:11 - [MESSAGE][INFO] - Action delay is set to 0 milliseconds

2022-04-29 10:52:12 - [MESSAGE][PASSED] - Browser is opened with url: ''

2022-04-29 10:52:12 - [TEST_STEP][PASSED] - maximizeWindow(): Current window maximized

2022-04-29 10:52:12 - [MESSAGE][PASSED] - Current window maximized

2022-04-29 10:52:12 - [TEST_STEP][PASSED] - i = G_Login: null

2022-04-29 10:52:12 - [TEST_STEP][PASSED] - url = new java.net.URL(i): null

2022-04-29 10:52:12 - [TEST_STEP][PASSED] - println("URL: " + url.toString()): null

2022-04-29 10:52:12 - [TEST_STEP][PASSED] - connection = url.openConnection(): null

2022-04-29 10:52:12 - [TEST_STEP][PASSED] - connection.setRequestMethod("GET"): null

2022-04-29 10:52:12 - [TEST_STEP][PASSED] - connection.setReadTimeout(2 * 1000): null

2022-04-29 10:52:12 - [TEST_STEP][PASSED] - try: null

2022-04-29 10:52:12 - [TEST_STEP][PASSED] - connection.connect(): null

2022-04-29 10:52:12 - [TEST_STEP][PASSED] - flag = connected: null

2022-04-29 10:52:12 - [TEST_STEP][PASSED] - println("Valor_ori: " + flag): null

2022-04-29 10:52:12 - [TEST_STEP][PASSED] - if (flag): null

2022-04-29 10:52:12 - [TEST_STEP][PASSED] - navigateToUrl(i): Navigate to 'http://192.168.2.19:8380/saraweb' successfully

2022-04-29 10:52:12 - [MESSAGE][PASSED] - Navigate to 'http://192.168.2.19:8380/saraweb' successfully

2022-04-29 10:52:12 - [TEST_STEP][PASSED] - a(): null

2022-04-29 10:52:12 - [TEST_STEP][PASSED] - setText(findTestObject("3-OBJECTS UTILIDADES/Login/input_USUARIO_loginusuario"), G_Usuario): Text 'saraadmin' is set on object 'Object Repository/3-OBJECTS UTILIDADES/Login/input_USUARIO_loginusuario'

2022-04-29 10:52:13 - [MESSAGE][PASSED] - Text 'saraadmin' is set on object 'Object Repository/3-OBJECTS UTILIDADES/Login/input_USUARIO_loginusuario'

2022-04-29 10:52:13 - [TEST_STEP][PASSED] - setEncryptedText(findTestObject("3-OBJECTS UTILIDADES/Login/input_CLAVE_loginpassword"), "MkG4/TYiCFC3cb2driP7+Q=="): Text ****** has been set on object 'Object Repository/3-OBJECTS UTILIDADES/Login/input_CLAVE_loginpassword'

2022-04-29 10:52:14 - [MESSAGE][PASSED] - Text ****** has been set on object 'Object Repository/3-OBJECTS UTILIDADES/Login/input_CLAVE_loginpassword'

2022-04-29 10:52:14 - [TEST_STEP][PASSED] - waitForElementClickable(findTestObject("3-OBJECTS UTILIDADES/Login/a_Ingresar"), G_TimeOut): Object 'Object Repository/3-OBJECTS UTILIDADES/Login/a_Ingresar' is clickable

2022-04-29 10:52:14 - [MESSAGE][PASSED] - Object 'Object Repository/3-OBJECTS UTILIDADES/Login/a_Ingresar' is clickable

2022-04-29 10:52:14 - [TEST_STEP][PASSED] - click(findTestObject("3-OBJECTS UTILIDADES/Login/a_Ingresar")): Object: 'Object Repository/3-OBJECTS UTILIDADES/Login/a_Ingresar' is clicked on

2022-04-29 10:52:15 - [MESSAGE][PASSED] - Object: 'Object Repository/3-OBJECTS UTILIDADES/Login/a_Ingresar' is clicked on

2022-04-29 10:52:15 - [TEST_STEP][PASSED] - element = findWebElement(findTestObject("3-OBJECTS UTILIDADES/Login/a_Ir"), 30): null

2022-04-29 10:52:15 - [TEST_STEP][PASSED] - executeJavaScript("arguments[0].click()", Arrays.asList(element)): Execute JavaScript 'arguments[0].click()' successfully

2022-04-29 10:52:15 - [MESSAGE][PASSED] - Execute JavaScript 'arguments[0].click()' successfully

2022-04-29 10:52:15 - [MESSAGE][PASSED] - Call Test Case 'Test Cases/0.1-Login' successfully

2022-04-29 10:52:15 - [TEST_STEP][PASSED] - waitForElementClickable(findTestObject("1-OBJECTS TAREAS PRINCIPALES/Modulo Actos Administrativos/Datos_Básicos_del_Empleado/input_Evento Bienestar_form_templatej_idt24_input"), 0): Object 'Object Repository/1-OBJECTS TAREAS PRINCIPALES/Modulo Actos Administrativos/Datos_Básicos_del_Empleado/input_Evento Bienestar_form_templatej_idt24_input' is clickable

2022-04-29 10:52:15 - [MESSAGE][WARNING] - Timeout '0' is invalid. Using default page load timeout: '45'

2022-04-29 10:52:16 - [MESSAGE][PASSED] - Object 'Object Repository/1-OBJECTS TAREAS PRINCIPALES/Modulo Actos Administrativos/Datos_Básicos_del_Empleado/input_Evento Bienestar_form_templatej_idt24_input' is clickable

2022-04-29 10:52:16 - [TEST_STEP][PASSED] - setText(findTestObject("1-OBJECTS TAREAS PRINCIPALES/Modulo Actos Administrativos/Datos_Básicos_del_Empleado/input_Evento Bienestar_form_templatej_idt24_input"), "Listado de Empleados (com)"): Text 'Listado de Empleados (com)' is set on object 'Object Repository/1-OBJECTS TAREAS PRINCIPALES/Modulo Actos Administrativos/Datos_Básicos_del_Empleado/input_Evento Bienestar_form_templatej_idt24_input'

2022-04-29 10:52:17 - [MESSAGE][PASSED] - Text 'Listado de Empleados (com)' is set on object 'Object Repository/1-OBJECTS TAREAS PRINCIPALES/Modulo Actos Administrativos/Datos_Básicos_del_Empleado/input_Evento Bienestar_form_templatej_idt24_input'

2022-04-29 10:52:17 - [TEST_STEP][PASSED] - click(findTestObject("1-OBJECTS TAREAS PRINCIPALES/Modulo Actos Administrativos/Datos_Básicos_del_Empleado/span_Listado de Empleados (com)")): Object: 'Object Repository/1-OBJECTS TAREAS PRINCIPALES/Modulo Actos Administrativos/Datos_Básicos_del_Empleado/span_Listado de Empleados (com)' is clicked on

2022-04-29 10:52:18 - [MESSAGE][PASSED] - Object: 'Object Repository/1-OBJECTS TAREAS PRINCIPALES/Modulo Actos Administrativos/Datos_Básicos_del_Empleado/span_Listado de Empleados (com)' is clicked on

2022-04-29 10:52:18 - [TEST_STEP][PASSED] - waitForElementVisible(findTestObject("1-OBJECTS TAREAS PRINCIPALES/Modulo Actos Administrativos/Datos_Básicos_del_Empleado/span_Listado de Empleados (com)"), 0): Web element with id: 'Object Repository/1-OBJECTS TAREAS PRINCIPALES/Modulo Actos Administrativos/Datos_Básicos_del_Empleado/span_Listado de Empleados (com)' located by '//span/ul/li/span' not found

2022-04-29 10:52:18 - [MESSAGE][WARNING] - Timeout '0' is invalid. Using default page load timeout: '45'

2022-04-29 10:53:04 - [MESSAGE][INFO] - Unable to find the element located by 'By.xpath: //span/ul/li/span'. Please recheck the objects properties to make sure the desired element is located. 

2022-04-29 10:53:04 - [MESSAGE][WARNING] - Web element with id: 'Object Repository/1-OBJECTS TAREAS PRINCIPALES/Modulo Actos Administrativos/Datos_Básicos_del_Empleado/span_Listado de Empleados (com)' located by '//span/ul/li/span' not found

2022-04-29 10:53:04 - [TEST_STEP][PASSED] - setText(findTestObject("1-OBJECTS TAREAS PRINCIPALES/Modulo Actos Administrativos/Datos_Básicos_del_Empleado/input_Identificacin_listadoEmpleadoIdentificacionEmpleado"), "1234567890"): Text '1234567890' is set on object 'Object Repository/1-OBJECTS TAREAS PRINCIPALES/Modulo Actos Administrativos/Datos_Básicos_del_Empleado/input_Identificacin_listadoEmpleadoIdentificacionEmpleado'

2022-04-29 10:53:05 - [MESSAGE][PASSED] - Text '1234567890' is set on object 'Object Repository/1-OBJECTS TAREAS PRINCIPALES/Modulo Actos Administrativos/Datos_Básicos_del_Empleado/input_Identificacin_listadoEmpleadoIdentificacionEmpleado'

2022-04-29 10:53:05 - [TEST_STEP][PASSED] - sendKeys(findTestObject("1-OBJECTS TAREAS PRINCIPALES/Modulo Actos Administrativos/Datos_Básicos_del_Empleado/input_Identificacin_listadoEmpleadoIdentificacionEmpleado"), Keys.chord(ENTER)): Keys 'ENTER + ' sent to object: 'Object Repository/1-OBJECTS TAREAS PRINCIPALES/Modulo Actos Administrativos/Datos_Básicos_del_Empleado/input_Identificacin_listadoEmpleadoIdentificacionEmpleado'

2022-04-29 10:53:06 - [MESSAGE][PASSED] - Keys 'ENTER + ' sent to object: 'Object Repository/1-OBJECTS TAREAS PRINCIPALES/Modulo Actos Administrativos/Datos_Básicos_del_Empleado/input_Identificacin_listadoEmpleadoIdentificacionEmpleado'

2022-04-29 10:53:06 - [TEST_STEP][PASSED] - click(findTestObject("1-OBJECTS TAREAS PRINCIPALES/Modulo Actos Administrativos/Datos_Básicos_del_Empleado/span_1234567890")): Object: 'Object Repository/1-OBJECTS TAREAS PRINCIPALES/Modulo Actos Administrativos/Datos_Básicos_del_Empleado/span_1234567890' is clicked on

2022-04-29 10:53:07 - [MESSAGE][PASSED] - Object: 'Object Repository/1-OBJECTS TAREAS PRINCIPALES/Modulo Actos Administrativos/Datos_Básicos_del_Empleado/span_1234567890' is clicked on

2022-04-29 10:53:07 - [TEST_STEP][PASSED] - click(findTestObject("1-OBJECTS TAREAS PRINCIPALES/Modulo Actos Administrativos/Datos_Básicos_del_Empleado/a_Datos Empleado")): Object: 'Object Repository/1-OBJECTS TAREAS PRINCIPALES/Modulo Actos Administrativos/Datos_Básicos_del_Empleado/a_Datos Empleado' is clicked on

2022-04-29 10:53:08 - [MESSAGE][PASSED] - Object: 'Object Repository/1-OBJECTS TAREAS PRINCIPALES/Modulo Actos Administrativos/Datos_Básicos_del_Empleado/a_Datos Empleado' is clicked on

2022-04-29 10:53:08 - [TEST_STEP][PASSED] - click(findTestObject("1-OBJECTS TAREAS PRINCIPALES/Modulo Actos Administrativos/Datos_Básicos_del_Empleado/a_Pestaa_Variable")): Object: 'Object Repository/1-OBJECTS TAREAS PRINCIPALES/Modulo Actos Administrativos/Datos_Básicos_del_Empleado/a_Pestaa_Variable' is clicked on

2022-04-29 10:53:09 - [MESSAGE][PASSED] - Object: 'Object Repository/1-OBJECTS TAREAS PRINCIPALES/Modulo Actos Administrativos/Datos_Básicos_del_Empleado/a_Pestaa_Variable' is clicked on

2022-04-29 10:53:09 - [TEST_STEP][PASSED] - if (waitForElementClickable(findTestObject("1-OBJECTS TAREAS PRINCIPALES/Modulo Actos Administrativos/Datos_Básicos_del_Empleado/span_Metodo De Retencion En La Fuen"), 1)): null

2022-04-29 10:53:10 - [MESSAGE][PASSED] - Object 'Object Repository/1-OBJECTS TAREAS PRINCIPALES/Modulo Actos Administrativos/Datos_Básicos_del_Empleado/span_Metodo De Retencion En La Fuen' is clickable

2022-04-29 10:53:10 - [TEST_STEP][PASSED] - click(findTestObject("1-OBJECTS TAREAS PRINCIPALES/Modulo Actos Administrativos/Datos_Básicos_del_Empleado/span_Metodo De Retencion En La Fuen")): Object: 'Object Repository/1-OBJECTS TAREAS PRINCIPALES/Modulo Actos Administrativos/Datos_Básicos_del_Empleado/span_Metodo De Retencion En La Fuen' is clicked on

2022-04-29 10:53:10 - [MESSAGE][PASSED] - Object: 'Object Repository/1-OBJECTS TAREAS PRINCIPALES/Modulo Actos Administrativos/Datos_Básicos_del_Empleado/span_Metodo De Retencion En La Fuen' is clicked on

2022-04-29 10:53:10 - [TEST_STEP][PASSED] - sendKeys(findTestObject("1-OBJECTS TAREAS PRINCIPALES/Modulo Actos Administrativos/Datos_Básicos_del_Empleado/input_Hasta_variableempleado_formfechaHasta_input"), Keys.chord(ESCAPE)): Keys 'ESCAPE + ' sent to object: 'Object Repository/1-OBJECTS TAREAS PRINCIPALES/Modulo Actos Administrativos/Datos_Básicos_del_Empleado/input_Hasta_variableempleado_formfechaHasta_input'

2022-04-29 10:53:11 - [MESSAGE][PASSED] - Keys 'ESCAPE + ' sent to object: 'Object Repository/1-OBJECTS TAREAS PRINCIPALES/Modulo Actos Administrativos/Datos_Básicos_del_Empleado/input_Hasta_variableempleado_formfechaHasta_input'

2022-04-29 10:53:11 - [TEST_STEP][PASSED] - click(findTestObject("1-OBJECTS TAREAS PRINCIPALES/Modulo Actos Administrativos/Datos_Básicos_del_Empleado/a_Eliminar_Variable")): Object: 'Object Repository/1-OBJECTS TAREAS PRINCIPALES/Modulo Actos Administrativos/Datos_Básicos_del_Empleado/a_Eliminar_Variable' is clicked on

2022-04-29 10:53:11 - [MESSAGE][PASSED] - Object: 'Object Repository/1-OBJECTS TAREAS PRINCIPALES/Modulo Actos Administrativos/Datos_Básicos_del_Empleado/a_Eliminar_Variable' is clicked on

2022-04-29 10:53:11 - [TEST_STEP][PASSED] - click(findTestObject("1-OBJECTS TAREAS PRINCIPALES/Modulo Actos Administrativos/Datos_Básicos_del_Empleado/span_Si")): Object: 'Object Repository/1-OBJECTS TAREAS PRINCIPALES/Modulo Actos Administrativos/Datos_Básicos_del_Empleado/span_Si' is clicked on

2022-04-29 10:53:12 - [MESSAGE][PASSED] - Object: 'Object Repository/1-OBJECTS TAREAS PRINCIPALES/Modulo Actos Administrativos/Datos_Básicos_del_Empleado/span_Si' is clicked on

2022-04-29 10:53:12 - [TEST_STEP][PASSED] - click(findTestObject("1-OBJECTS TAREAS PRINCIPALES/Modulo Actos Administrativos/Datos_Básicos_del_Empleado/a_Nuevo_Variable")): Object: 'Object Repository/1-OBJECTS TAREAS PRINCIPALES/Modulo Actos Administrativos/Datos_Básicos_del_Empleado/a_Nuevo_Variable' is clicked on

2022-04-29 10:53:13 - [MESSAGE][PASSED] - Object: 'Object Repository/1-OBJECTS TAREAS PRINCIPALES/Modulo Actos Administrativos/Datos_Básicos_del_Empleado/a_Nuevo_Variable' is clicked on

2022-04-29 10:53:13 - [TEST_STEP][PASSED] - selectOptionByIndex(findTestObject("1-OBJECTS TAREAS PRINCIPALES/Modulo Actos Administrativos/Datos_Básicos_del_Empleado/select_Variable"), 43): All options with index in [43] are selected on object 'Object Repository/1-OBJECTS TAREAS PRINCIPALES/Modulo Actos Administrativos/Datos_Básicos_del_Empleado/select_Variable'

2022-04-29 10:53:15 - [MESSAGE][PASSED] - All options with index in [43] are selected on object 'Object Repository/1-OBJECTS TAREAS PRINCIPALES/Modulo Actos Administrativos/Datos_Básicos_del_Empleado/select_Variable'

2022-04-29 10:53:15 - [TEST_STEP][PASSED] - setText(findTestObject("1-OBJECTS TAREAS PRINCIPALES/Modulo Actos Administrativos/Datos_Básicos_del_Empleado/input_Vigencia_variableempleado_formfechaVigencia_input"), "01/08/2018"): Text '01/08/2018' is set on object 'Object Repository/1-OBJECTS TAREAS PRINCIPALES/Modulo Actos Administrativos/Datos_Básicos_del_Empleado/input_Vigencia_variableempleado_formfechaVigencia_input'

2022-04-29 10:53:16 - [MESSAGE][PASSED] - Text '01/08/2018' is set on object 'Object Repository/1-OBJECTS TAREAS PRINCIPALES/Modulo Actos Administrativos/Datos_Básicos_del_Empleado/input_Vigencia_variableempleado_formfechaVigencia_input'

2022-04-29 10:53:16 - [TEST_STEP][PASSED] - sendKeys(findTestObject("1-OBJECTS TAREAS PRINCIPALES/Modulo Actos Administrativos/Datos_Básicos_del_Empleado/input_Vigencia_variableempleado_formfechaVigencia_input"), Keys.chord(ESCAPE)): Keys 'ESCAPE + ' sent to object: 'Object Repository/1-OBJECTS TAREAS PRINCIPALES/Modulo Actos Administrativos/Datos_Básicos_del_Empleado/input_Vigencia_variableempleado_formfechaVigencia_input'

2022-04-29 10:53:16 - [MESSAGE][PASSED] - Keys 'ESCAPE + ' sent to object: 'Object Repository/1-OBJECTS TAREAS PRINCIPALES/Modulo Actos Administrativos/Datos_Básicos_del_Empleado/input_Vigencia_variableempleado_formfechaVigencia_input'

2022-04-29 10:53:16 - [TEST_STEP][PASSED] - setText(findTestObject("1-OBJECTS TAREAS PRINCIPALES/Modulo Actos Administrativos/Datos_Básicos_del_Empleado/input_Valor_variableempleado_formvalor"), "0"): Text '0' is set on object 'Object Repository/1-OBJECTS TAREAS PRINCIPALES/Modulo Actos Administrativos/Datos_Básicos_del_Empleado/input_Valor_variableempleado_formvalor'

2022-04-29 10:53:17 - [MESSAGE][PASSED] - Text '0' is set on object 'Object Repository/1-OBJECTS TAREAS PRINCIPALES/Modulo Actos Administrativos/Datos_Básicos_del_Empleado/input_Valor_variableempleado_formvalor'

2022-04-29 10:53:17 - [TEST_STEP][PASSED] - selectOptionByIndex(findTestObject("1-OBJECTS TAREAS PRINCIPALES/Modulo Actos Administrativos/Datos_Básicos_del_Empleado/select_-- seleccione --Ciclo 0Ciclo 1Ciclo 2"), "1"): All options with index in [1] are selected on object 'Object Repository/1-OBJECTS TAREAS PRINCIPALES/Modulo Actos Administrativos/Datos_Básicos_del_Empleado/select_-- seleccione --Ciclo 0Ciclo 1Ciclo 2'

2022-04-29 10:53:18 - [MESSAGE][PASSED] - All options with index in [1] are selected on object 'Object Repository/1-OBJECTS TAREAS PRINCIPALES/Modulo Actos Administrativos/Datos_Básicos_del_Empleado/select_-- seleccione --Ciclo 0Ciclo 1Ciclo 2'

2022-04-29 10:53:18 - [TEST_STEP][PASSED] - click(findTestObject("1-OBJECTS TAREAS PRINCIPALES/Modulo Actos Administrativos/Datos_Básicos_del_Empleado/a_Aplicar_variable")): Object: 'Object Repository/1-OBJECTS TAREAS PRINCIPALES/Modulo Actos Administrativos/Datos_Básicos_del_Empleado/a_Aplicar_variable' is clicked on

2022-04-29 10:53:19 - [MESSAGE][PASSED] - Object: 'Object Repository/1-OBJECTS TAREAS PRINCIPALES/Modulo Actos Administrativos/Datos_Básicos_del_Empleado/a_Aplicar_variable' is clicked on

2022-04-29 10:53:19 - [TEST_STEP][PASSED] - waitForElementClickable(findTestObject("1-OBJECTS TAREAS PRINCIPALES/Modulo Actos Administrativos/Datos_Básicos_del_Empleado/a_Novedad Fecha"), 0): Object 'Object Repository/1-OBJECTS TAREAS PRINCIPALES/Modulo Actos Administrativos/Datos_Básicos_del_Empleado/a_Novedad Fecha' is clickable

2022-04-29 10:53:19 - [MESSAGE][WARNING] - Timeout '0' is invalid. Using default page load timeout: '45'

2022-04-29 10:53:19 - [MESSAGE][PASSED] - Object 'Object Repository/1-OBJECTS TAREAS PRINCIPALES/Modulo Actos Administrativos/Datos_Básicos_del_Empleado/a_Novedad Fecha' is clickable

2022-04-29 10:53:19 - [TEST_STEP][PASSED] - click(findTestObject("1-OBJECTS TAREAS PRINCIPALES/Modulo Actos Administrativos/Datos_Básicos_del_Empleado/a_Novedad Fecha")): Object: 'Object Repository/1-OBJECTS TAREAS PRINCIPALES/Modulo Actos Administrativos/Datos_Básicos_del_Empleado/a_Novedad Fecha' is clicked on

2022-04-29 10:53:20 - [MESSAGE][PASSED] - Object: 'Object Repository/1-OBJECTS TAREAS PRINCIPALES/Modulo Actos Administrativos/Datos_Básicos_del_Empleado/a_Novedad Fecha' is clicked on

2022-04-29 10:53:20 - [TEST_STEP][PASSED] - if (waitForElementClickable(findTestObject("1-OBJECTS TAREAS PRINCIPALES/Modulo Actos Administrativos/Datos_Básicos_del_Empleado/span_Recargo Nocturno"), 1)): null

2022-04-29 10:53:20 - [MESSAGE][PASSED] - Object 'Object Repository/1-OBJECTS TAREAS PRINCIPALES/Modulo Actos Administrativos/Datos_Básicos_del_Empleado/span_Recargo Nocturno' is clickable

2022-04-29 10:53:20 - [TEST_STEP][PASSED] - click(findTestObject("1-OBJECTS TAREAS PRINCIPALES/Modulo Actos Administrativos/Datos_Básicos_del_Empleado/span_Recargo Nocturno")): Object: 'Object Repository/1-OBJECTS TAREAS PRINCIPALES/Modulo Actos Administrativos/Datos_Básicos_del_Empleado/span_Recargo Nocturno' is clicked on

2022-04-29 10:53:21 - [MESSAGE][PASSED] - Object: 'Object Repository/1-OBJECTS TAREAS PRINCIPALES/Modulo Actos Administrativos/Datos_Básicos_del_Empleado/span_Recargo Nocturno' is clicked on

2022-04-29 10:53:21 - [TEST_STEP][PASSED] - click(findTestObject("1-OBJECTS TAREAS PRINCIPALES/Modulo Actos Administrativos/Datos_Básicos_del_Empleado/a_Eliminar_Novedad")): Object: 'Object Repository/1-OBJECTS TAREAS PRINCIPALES/Modulo Actos Administrativos/Datos_Básicos_del_Empleado/a_Eliminar_Novedad' is clicked on

2022-04-29 10:53:21 - [MESSAGE][PASSED] - Object: 'Object Repository/1-OBJECTS TAREAS PRINCIPALES/Modulo Actos Administrativos/Datos_Básicos_del_Empleado/a_Eliminar_Novedad' is clicked on

2022-04-29 10:53:21 - [TEST_STEP][PASSED] - click(findTestObject("1-OBJECTS TAREAS PRINCIPALES/Modulo Actos Administrativos/Datos_Básicos_del_Empleado/span_Si_Novedad")): Object: 'Object Repository/1-OBJECTS TAREAS PRINCIPALES/Modulo Actos Administrativos/Datos_Básicos_del_Empleado/span_Si_Novedad' is clicked on

2022-04-29 10:53:22 - [MESSAGE][PASSED] - Object: 'Object Repository/1-OBJECTS TAREAS PRINCIPALES/Modulo Actos Administrativos/Datos_Básicos_del_Empleado/span_Si_Novedad' is clicked on

2022-04-29 10:53:22 - [TEST_STEP][PASSED] - click(findTestObject("1-OBJECTS TAREAS PRINCIPALES/Modulo Actos Administrativos/Datos_Básicos_del_Empleado/a_Nuevo_Novedad")): Object: 'Object Repository/1-OBJECTS TAREAS PRINCIPALES/Modulo Actos Administrativos/Datos_Básicos_del_Empleado/a_Nuevo_Novedad' is clicked on

2022-04-29 10:53:23 - [MESSAGE][PASSED] - Object: 'Object Repository/1-OBJECTS TAREAS PRINCIPALES/Modulo Actos Administrativos/Datos_Básicos_del_Empleado/a_Nuevo_Novedad' is clicked on

2022-04-29 10:53:23 - [TEST_STEP][PASSED] - selectOptionByIndex(findTestObject("1-OBJECTS TAREAS PRINCIPALES/Modulo Actos Administrativos/Datos_Básicos_del_Empleado/select_Auxilio Subsidio Familiar"), 9): All options with index in [9] are selected on object 'Object Repository/1-OBJECTS TAREAS PRINCIPALES/Modulo Actos Administrativos/Datos_Básicos_del_Empleado/select_Auxilio Subsidio Familiar'

2022-04-29 10:53:24 - [MESSAGE][PASSED] - All options with index in [9] are selected on object 'Object Repository/1-OBJECTS TAREAS PRINCIPALES/Modulo Actos Administrativos/Datos_Básicos_del_Empleado/select_Auxilio Subsidio Familiar'

2022-04-29 10:53:24 - [TEST_STEP][PASSED] - setText(findTestObject("1-OBJECTS TAREAS PRINCIPALES/Modulo Actos Administrativos/Datos_Básicos_del_Empleado/input_Vigencia_"), "01/07/2018"): Text '01/07/2018' is set on object 'Object Repository/1-OBJECTS TAREAS PRINCIPALES/Modulo Actos Administrativos/Datos_Básicos_del_Empleado/input_Vigencia_'

2022-04-29 10:53:26 - [MESSAGE][PASSED] - Text '01/07/2018' is set on object 'Object Repository/1-OBJECTS TAREAS PRINCIPALES/Modulo Actos Administrativos/Datos_Básicos_del_Empleado/input_Vigencia_'

2022-04-29 10:53:26 - [TEST_STEP][PASSED] - sendKeys(findTestObject("1-OBJECTS TAREAS PRINCIPALES/Modulo Actos Administrativos/Datos_Básicos_del_Empleado/input_Vigencia_"), Keys.chord(ENTER)): Keys 'ENTER + ' sent to object: 'Object Repository/1-OBJECTS TAREAS PRINCIPALES/Modulo Actos Administrativos/Datos_Básicos_del_Empleado/input_Vigencia_'

2022-04-29 10:53:27 - [MESSAGE][PASSED] - Keys 'ENTER + ' sent to object: 'Object Repository/1-OBJECTS TAREAS PRINCIPALES/Modulo Actos Administrativos/Datos_Básicos_del_Empleado/input_Vigencia_'

2022-04-29 10:53:27 - [TEST_STEP][PASSED] - setText(findTestObject("1-OBJECTS TAREAS PRINCIPALES/Modulo Actos Administrativos/Datos_Básicos_del_Empleado/input_Valor_"), "1"): Text '1' is set on object 'Object Repository/1-OBJECTS TAREAS PRINCIPALES/Modulo Actos Administrativos/Datos_Básicos_del_Empleado/input_Valor_'

2022-04-29 10:53:28 - [MESSAGE][PASSED] - Text '1' is set on object 'Object Repository/1-OBJECTS TAREAS PRINCIPALES/Modulo Actos Administrativos/Datos_Básicos_del_Empleado/input_Valor_'

2022-04-29 10:53:28 - [TEST_STEP][PASSED] - click(findTestObject("1-OBJECTS TAREAS PRINCIPALES/Modulo Actos Administrativos/Datos_Básicos_del_Empleado/a_Zona Econmica_variableempleado_formj_idt2653")): Object: 'Object Repository/1-OBJECTS TAREAS PRINCIPALES/Modulo Actos Administrativos/Datos_Básicos_del_Empleado/a_Zona Econmica_variableempleado_formj_idt2653' is clicked on

2022-04-29 10:53:28 - [MESSAGE][PASSED] - Object: 'Object Repository/1-OBJECTS TAREAS PRINCIPALES/Modulo Actos Administrativos/Datos_Básicos_del_Empleado/a_Zona Econmica_variableempleado_formj_idt2653' is clicked on

2022-04-29 10:53:28 - [TEST_STEP][PASSED] - click(findTestObject("1-OBJECTS TAREAS PRINCIPALES/Modulo Actos Administrativos/Datos_Básicos_del_Empleado/span_ADMINISTRATIVA")): Object: 'Object Repository/1-OBJECTS TAREAS PRINCIPALES/Modulo Actos Administrativos/Datos_Básicos_del_Empleado/span_ADMINISTRATIVA' is clicked on

2022-04-29 10:53:29 - [MESSAGE][PASSED] - Object: 'Object Repository/1-OBJECTS TAREAS PRINCIPALES/Modulo Actos Administrativos/Datos_Básicos_del_Empleado/span_ADMINISTRATIVA' is clicked on

2022-04-29 10:53:29 - [TEST_STEP][PASSED] - selectOptionByIndex(findTestObject("1-OBJECTS TAREAS PRINCIPALES/Modulo Actos Administrativos/Datos_Básicos_del_Empleado/select_1 - ADMINISTRATIVO. - NO RELACIONADA9999 - SUBCENTROS"), 1): All options with index in [1] are selected on object 'Object Repository/1-OBJECTS TAREAS PRINCIPALES/Modulo Actos Administrativos/Datos_Básicos_del_Empleado/select_1 - ADMINISTRATIVO. - NO RELACIONADA9999 - SUBCENTROS'

2022-04-29 10:53:30 - [MESSAGE][PASSED] - All options with index in [1] are selected on object 'Object Repository/1-OBJECTS TAREAS PRINCIPALES/Modulo Actos Administrativos/Datos_Básicos_del_Empleado/select_1 - ADMINISTRATIVO. - NO RELACIONADA9999 - SUBCENTROS'

2022-04-29 10:53:30 - [TEST_STEP][PASSED] - setText(findTestObject("1-OBJECTS TAREAS PRINCIPALES/Modulo Actos Administrativos/Datos_Básicos_del_Empleado/input_Cantidad_variableempleado_formcantidad"), "10"): Text '10' is set on object 'Object Repository/1-OBJECTS TAREAS PRINCIPALES/Modulo Actos Administrativos/Datos_Básicos_del_Empleado/input_Cantidad_variableempleado_formcantidad'

2022-04-29 10:53:31 - [MESSAGE][PASSED] - Text '10' is set on object 'Object Repository/1-OBJECTS TAREAS PRINCIPALES/Modulo Actos Administrativos/Datos_Básicos_del_Empleado/input_Cantidad_variableempleado_formcantidad'

2022-04-29 10:53:31 - [TEST_STEP][PASSED] - selectOptionByIndex(findTestObject("1-OBJECTS TAREAS PRINCIPALES/Modulo Actos Administrativos/Datos_Básicos_del_Empleado/select_-- seleccione"), "1"): All options with index in [1] are selected on object 'Object Repository/1-OBJECTS TAREAS PRINCIPALES/Modulo Actos Administrativos/Datos_Básicos_del_Empleado/select_-- seleccione'

2022-04-29 10:53:32 - [MESSAGE][PASSED] - All options with index in [1] are selected on object 'Object Repository/1-OBJECTS TAREAS PRINCIPALES/Modulo Actos Administrativos/Datos_Básicos_del_Empleado/select_-- seleccione'

2022-04-29 10:53:32 - [TEST_STEP][PASSED] - setText(findTestObject("1-OBJECTS TAREAS PRINCIPALES/Modulo Actos Administrativos/Datos_Básicos_del_Empleado/input_Presupuestal_variableempleado_formpresupuestal"), "100"): Text '100' is set on object 'Object Repository/1-OBJECTS TAREAS PRINCIPALES/Modulo Actos Administrativos/Datos_Básicos_del_Empleado/input_Presupuestal_variableempleado_formpresupuestal'

2022-04-29 10:53:33 - [MESSAGE][PASSED] - Text '100' is set on object 'Object Repository/1-OBJECTS TAREAS PRINCIPALES/Modulo Actos Administrativos/Datos_Básicos_del_Empleado/input_Presupuestal_variableempleado_formpresupuestal'

2022-04-29 10:53:33 - [TEST_STEP][PASSED] - click(findTestObject("1-OBJECTS TAREAS PRINCIPALES/Modulo Actos Administrativos/Datos_Básicos_del_Empleado/a_Aplicar_Novedad Fecha")): Object: 'Object Repository/1-OBJECTS TAREAS PRINCIPALES/Modulo Actos Administrativos/Datos_Básicos_del_Empleado/a_Aplicar_Novedad Fecha' is clicked on

2022-04-29 10:53:33 - [MESSAGE][PASSED] - Object: 'Object Repository/1-OBJECTS TAREAS PRINCIPALES/Modulo Actos Administrativos/Datos_Básicos_del_Empleado/a_Aplicar_Novedad Fecha' is clicked on

2022-04-29 10:53:33 - [TEST_STEP][PASSED] - click(findTestObject("1-OBJECTS TAREAS PRINCIPALES/Modulo Actos Administrativos/Datos_Básicos_del_Empleado/a_Concepto")): Object: 'Object Repository/1-OBJECTS TAREAS PRINCIPALES/Modulo Actos Administrativos/Datos_Básicos_del_Empleado/a_Concepto' is clicked on

2022-04-29 10:53:34 - [MESSAGE][PASSED] - Object: 'Object Repository/1-OBJECTS TAREAS PRINCIPALES/Modulo Actos Administrativos/Datos_Básicos_del_Empleado/a_Concepto' is clicked on

2022-04-29 10:53:34 - [TEST_STEP][PASSED] - if (waitForElementClickable(findTestObject("1-OBJECTS TAREAS PRINCIPALES/Modulo Actos Administrativos/Datos_Básicos_del_Empleado/span_Hora Extra Diurna Festiva_Concepto"), 1)): null

2022-04-29 10:53:35 - [MESSAGE][PASSED] - Object 'Object Repository/1-OBJECTS TAREAS PRINCIPALES/Modulo Actos Administrativos/Datos_Básicos_del_Empleado/span_Hora Extra Diurna Festiva_Concepto' is clickable

2022-04-29 10:53:35 - [TEST_STEP][PASSED] - click(findTestObject("1-OBJECTS TAREAS PRINCIPALES/Modulo Actos Administrativos/Datos_Básicos_del_Empleado/span_Hora Extra Diurna Festiva_Concepto")): Object: 'Object Repository/1-OBJECTS TAREAS PRINCIPALES/Modulo Actos Administrativos/Datos_Básicos_del_Empleado/span_Hora Extra Diurna Festiva_Concepto' is clicked on

2022-04-29 10:53:35 - [MESSAGE][PASSED] - Object: 'Object Repository/1-OBJECTS TAREAS PRINCIPALES/Modulo Actos Administrativos/Datos_Básicos_del_Empleado/span_Hora Extra Diurna Festiva_Concepto' is clicked on

2022-04-29 10:53:35 - [TEST_STEP][PASSED] - sendKeys(findTestObject("1-OBJECTS TAREAS PRINCIPALES/Modulo Actos Administrativos/Datos_Básicos_del_Empleado/input_Hasta_conceptoempleado_formfechaHasta_input_Concepto"), Keys.chord(ESCAPE)): Keys 'ESCAPE + ' sent to object: 'Object Repository/1-OBJECTS TAREAS PRINCIPALES/Modulo Actos Administrativos/Datos_Básicos_del_Empleado/input_Hasta_conceptoempleado_formfechaHasta_input_Concepto'

2022-04-29 10:53:36 - [MESSAGE][PASSED] - Keys 'ESCAPE + ' sent to object: 'Object Repository/1-OBJECTS TAREAS PRINCIPALES/Modulo Actos Administrativos/Datos_Básicos_del_Empleado/input_Hasta_conceptoempleado_formfechaHasta_input_Concepto'

2022-04-29 10:53:36 - [TEST_STEP][PASSED] - click(findTestObject("1-OBJECTS TAREAS PRINCIPALES/Modulo Actos Administrativos/Datos_Básicos_del_Empleado/a_Eliminar_concepto")): Object: 'Object Repository/1-OBJECTS TAREAS PRINCIPALES/Modulo Actos Administrativos/Datos_Básicos_del_Empleado/a_Eliminar_concepto' is clicked on

2022-04-29 10:53:36 - [MESSAGE][PASSED] - Object: 'Object Repository/1-OBJECTS TAREAS PRINCIPALES/Modulo Actos Administrativos/Datos_Básicos_del_Empleado/a_Eliminar_concepto' is clicked on

2022-04-29 10:53:36 - [TEST_STEP][PASSED] - click(findTestObject("1-OBJECTS TAREAS PRINCIPALES/Modulo Actos Administrativos/Datos_Básicos_del_Empleado/span_Si_concepto")): Object: 'Object Repository/1-OBJECTS TAREAS PRINCIPALES/Modulo Actos Administrativos/Datos_Básicos_del_Empleado/span_Si_concepto' is clicked on

2022-04-29 10:53:37 - [MESSAGE][PASSED] - Object: 'Object Repository/1-OBJECTS TAREAS PRINCIPALES/Modulo Actos Administrativos/Datos_Básicos_del_Empleado/span_Si_concepto' is clicked on

2022-04-29 10:53:37 - [TEST_STEP][PASSED] - click(findTestObject("1-OBJECTS TAREAS PRINCIPALES/Modulo Actos Administrativos/Datos_Básicos_del_Empleado/a_Nuevo_Concepto")): Object: 'Object Repository/1-OBJECTS TAREAS PRINCIPALES/Modulo Actos Administrativos/Datos_Básicos_del_Empleado/a_Nuevo_Concepto' is clicked on

2022-04-29 10:53:38 - [MESSAGE][PASSED] - Object: 'Object Repository/1-OBJECTS TAREAS PRINCIPALES/Modulo Actos Administrativos/Datos_Básicos_del_Empleado/a_Nuevo_Concepto' is clicked on

2022-04-29 10:53:38 - [TEST_STEP][PASSED] - click(findTestObject("1-OBJECTS TAREAS PRINCIPALES/Modulo Actos Administrativos/Datos_Básicos_del_Empleado/a_Concepto_conceptoempleado_formj_idt453")): Object: 'Object Repository/1-OBJECTS TAREAS PRINCIPALES/Modulo Actos Administrativos/Datos_Básicos_del_Empleado/a_Concepto_conceptoempleado_formj_idt453' is clicked on

2022-04-29 10:53:38 - [MESSAGE][PASSED] - Object: 'Object Repository/1-OBJECTS TAREAS PRINCIPALES/Modulo Actos Administrativos/Datos_Básicos_del_Empleado/a_Concepto_conceptoempleado_formj_idt453' is clicked on

2022-04-29 10:53:38 - [TEST_STEP][PASSED] - click(findTestObject("1-OBJECTS TAREAS PRINCIPALES/Modulo Actos Administrativos/Datos_Básicos_del_Empleado/span_HORA EXTRA DIURNA FESTIVA")): Object: 'Object Repository/1-OBJECTS TAREAS PRINCIPALES/Modulo Actos Administrativos/Datos_Básicos_del_Empleado/span_HORA EXTRA DIURNA FESTIVA' is clicked on

2022-04-29 10:53:39 - [MESSAGE][PASSED] - Object: 'Object Repository/1-OBJECTS TAREAS PRINCIPALES/Modulo Actos Administrativos/Datos_Básicos_del_Empleado/span_HORA EXTRA DIURNA FESTIVA' is clicked on

2022-04-29 10:53:39 - [TEST_STEP][PASSED] - setText(findTestObject("1-OBJECTS TAREAS PRINCIPALES/Modulo Actos Administrativos/Datos_Básicos_del_Empleado/input_Vigencia_conceptoempleado_formfechaVigencia_input"), "01/07/2018"): Text '01/07/2018' is set on object 'Object Repository/1-OBJECTS TAREAS PRINCIPALES/Modulo Actos Administrativos/Datos_Básicos_del_Empleado/input_Vigencia_conceptoempleado_formfechaVigencia_input'

2022-04-29 10:53:40 - [MESSAGE][PASSED] - Text '01/07/2018' is set on object 'Object Repository/1-OBJECTS TAREAS PRINCIPALES/Modulo Actos Administrativos/Datos_Básicos_del_Empleado/input_Vigencia_conceptoempleado_formfechaVigencia_input'

2022-04-29 10:53:40 - [TEST_STEP][PASSED] - sendKeys(findTestObject("1-OBJECTS TAREAS PRINCIPALES/Modulo Actos Administrativos/Datos_Básicos_del_Empleado/input_Vigencia_conceptoempleado_formfechaVigencia_input"), Keys.chord(ESCAPE)): Keys 'ESCAPE + ' sent to object: 'Object Repository/1-OBJECTS TAREAS PRINCIPALES/Modulo Actos Administrativos/Datos_Básicos_del_Empleado/input_Vigencia_conceptoempleado_formfechaVigencia_input'

2022-04-29 10:53:41 - [MESSAGE][PASSED] - Keys 'ESCAPE + ' sent to object: 'Object Repository/1-OBJECTS TAREAS PRINCIPALES/Modulo Actos Administrativos/Datos_Básicos_del_Empleado/input_Vigencia_conceptoempleado_formfechaVigencia_input'

2022-04-29 10:53:41 - [TEST_STEP][PASSED] - selectOptionByIndex(findTestObject("1-OBJECTS TAREAS PRINCIPALES/Modulo Actos Administrativos/Datos_Básicos_del_Empleado/select_-- SELECCIONAR LIQUIDACION"), "2"): All options with index in [2] are selected on object 'Object Repository/1-OBJECTS TAREAS PRINCIPALES/Modulo Actos Administrativos/Datos_Básicos_del_Empleado/select_-- SELECCIONAR LIQUIDACION'

2022-04-29 10:53:42 - [MESSAGE][PASSED] - All options with index in [2] are selected on object 'Object Repository/1-OBJECTS TAREAS PRINCIPALES/Modulo Actos Administrativos/Datos_Básicos_del_Empleado/select_-- SELECCIONAR LIQUIDACION'

2022-04-29 10:53:42 - [TEST_STEP][PASSED] - setText(findTestObject("1-OBJECTS TAREAS PRINCIPALES/Modulo Actos Administrativos/Datos_Básicos_del_Empleado/input_Valor_conceptoempleado_formvalor"), "100"): Text '100' is set on object 'Object Repository/1-OBJECTS TAREAS PRINCIPALES/Modulo Actos Administrativos/Datos_Básicos_del_Empleado/input_Valor_conceptoempleado_formvalor'

2022-04-29 10:53:43 - [MESSAGE][PASSED] - Text '100' is set on object 'Object Repository/1-OBJECTS TAREAS PRINCIPALES/Modulo Actos Administrativos/Datos_Básicos_del_Empleado/input_Valor_conceptoempleado_formvalor'

2022-04-29 10:53:43 - [TEST_STEP][PASSED] - selectOptionByIndex(findTestObject("1-OBJECTS TAREAS PRINCIPALES/Modulo Actos Administrativos/Datos_Básicos_del_Empleado/select_-- seleccione --Ciclo 0"), 1): All options with index in [1] are selected on object 'Object Repository/1-OBJECTS TAREAS PRINCIPALES/Modulo Actos Administrativos/Datos_Básicos_del_Empleado/select_-- seleccione --Ciclo 0'

2022-04-29 10:53:44 - [MESSAGE][PASSED] - All options with index in [1] are selected on object 'Object Repository/1-OBJECTS TAREAS PRINCIPALES/Modulo Actos Administrativos/Datos_Básicos_del_Empleado/select_-- seleccione --Ciclo 0'

2022-04-29 10:53:44 - [TEST_STEP][PASSED] - click(findTestObject("1-OBJECTS TAREAS PRINCIPALES/Modulo Actos Administrativos/Datos_Básicos_del_Empleado/a_Aplicar_Concepto")): Object: 'Object Repository/1-OBJECTS TAREAS PRINCIPALES/Modulo Actos Administrativos/Datos_Básicos_del_Empleado/a_Aplicar_Concepto' is clicked on

2022-04-29 10:53:44 - [MESSAGE][PASSED] - Object: 'Object Repository/1-OBJECTS TAREAS PRINCIPALES/Modulo Actos Administrativos/Datos_Básicos_del_Empleado/a_Aplicar_Concepto' is clicked on

2022-04-29 10:53:44 - [TEST_STEP][PASSED] - Result = getText(findTestObject("3-OBJECTS UTILIDADES/Alerta/Alerta")): Text of object 'Object Repository/3-OBJECTS UTILIDADES/Alerta/Alerta' is: 'El concepto ha sido ingresado correctamente'

2022-04-29 10:53:46 - [MESSAGE][PASSED] - Text of object 'Object Repository/3-OBJECTS UTILIDADES/Alerta/Alerta' is: 'El concepto ha sido ingresado correctamente'

2022-04-29 10:53:46 - [TEST_STEP][PASSED] - if (Result == "El concepto ha sido ingresado correctamente"): Browser is closed

2022-04-29 10:53:46 - [TEST_STEP][PASSED] - closeBrowser(): Browser is closed

2022-04-29 10:53:46 - [MESSAGE][PASSED] - Browser is closed]]></system-out>
         <system-err><![CDATA[]]></system-err>
      </testcase>
      <testcase name="Test Cases/1.1-Tareas Principales/1.7.5 Ejecucion Diseño Reporte" time="19.207" classname="Test Cases/1.1-Tareas Principales/1.7.5 Ejecucion Diseño Reporte" status="PASSED">
         <system-out><![CDATA[2022-04-29 10:53:46 - [TEST_CASE][PASSED] - Test Cases/1.1-Tareas Principales/1.7.5 Ejecucion Diseño Reporte: Test Cases/1.1-Tareas Principales/1.7.5 Ejecucion Diseño Reporte

2022-04-29 10:53:47 - [TEST_STEP][PASSED] - callTestCase(findTestCase("0.1-Login"), [:], STOP_ON_FAILURE): Call Test Case 'Test Cases/0.1-Login' successfully

2022-04-29 10:53:47 - [TEST_CASE][PASSED] - Test Cases/0.1-Login: Test Cases/0.1-Login

2022-04-29 10:53:47 - [TEST_STEP][PASSED] - openBrowser(""): Browser is opened with url: ''

2022-04-29 10:53:47 - [MESSAGE][INFO] - Starting 'Chrome' driver

2022-04-29 10:53:47 - [MESSAGE][INFO] - Action delay is set to 0 milliseconds

2022-04-29 10:53:48 - [MESSAGE][PASSED] - Browser is opened with url: ''

2022-04-29 10:53:48 - [TEST_STEP][PASSED] - maximizeWindow(): Current window maximized

2022-04-29 10:53:48 - [MESSAGE][PASSED] - Current window maximized

2022-04-29 10:53:48 - [TEST_STEP][PASSED] - i = G_Login: null

2022-04-29 10:53:48 - [TEST_STEP][PASSED] - url = new java.net.URL(i): null

2022-04-29 10:53:48 - [TEST_STEP][PASSED] - println("URL: " + url.toString()): null

2022-04-29 10:53:48 - [TEST_STEP][PASSED] - connection = url.openConnection(): null

2022-04-29 10:53:48 - [TEST_STEP][PASSED] - connection.setRequestMethod("GET"): null

2022-04-29 10:53:48 - [TEST_STEP][PASSED] - connection.setReadTimeout(2 * 1000): null

2022-04-29 10:53:48 - [TEST_STEP][PASSED] - try: null

2022-04-29 10:53:48 - [TEST_STEP][PASSED] - connection.connect(): null

2022-04-29 10:53:48 - [TEST_STEP][PASSED] - flag = connected: null

2022-04-29 10:53:48 - [TEST_STEP][PASSED] - println("Valor_ori: " + flag): null

2022-04-29 10:53:48 - [TEST_STEP][PASSED] - if (flag): null

2022-04-29 10:53:48 - [TEST_STEP][PASSED] - navigateToUrl(i): Navigate to 'http://192.168.2.19:8380/saraweb' successfully

2022-04-29 10:53:48 - [MESSAGE][PASSED] - Navigate to 'http://192.168.2.19:8380/saraweb' successfully

2022-04-29 10:53:48 - [TEST_STEP][PASSED] - a(): null

2022-04-29 10:53:48 - [TEST_STEP][PASSED] - setText(findTestObject("3-OBJECTS UTILIDADES/Login/input_USUARIO_loginusuario"), G_Usuario): Text 'saraadmin' is set on object 'Object Repository/3-OBJECTS UTILIDADES/Login/input_USUARIO_loginusuario'

2022-04-29 10:53:49 - [MESSAGE][PASSED] - Text 'saraadmin' is set on object 'Object Repository/3-OBJECTS UTILIDADES/Login/input_USUARIO_loginusuario'

2022-04-29 10:53:49 - [TEST_STEP][PASSED] - setEncryptedText(findTestObject("3-OBJECTS UTILIDADES/Login/input_CLAVE_loginpassword"), "MkG4/TYiCFC3cb2driP7+Q=="): Text ****** has been set on object 'Object Repository/3-OBJECTS UTILIDADES/Login/input_CLAVE_loginpassword'

2022-04-29 10:53:50 - [MESSAGE][PASSED] - Text ****** has been set on object 'Object Repository/3-OBJECTS UTILIDADES/Login/input_CLAVE_loginpassword'

2022-04-29 10:53:50 - [TEST_STEP][PASSED] - waitForElementClickable(findTestObject("3-OBJECTS UTILIDADES/Login/a_Ingresar"), G_TimeOut): Object 'Object Repository/3-OBJECTS UTILIDADES/Login/a_Ingresar' is clickable

2022-04-29 10:53:50 - [MESSAGE][PASSED] - Object 'Object Repository/3-OBJECTS UTILIDADES/Login/a_Ingresar' is clickable

2022-04-29 10:53:50 - [TEST_STEP][PASSED] - click(findTestObject("3-OBJECTS UTILIDADES/Login/a_Ingresar")): Object: 'Object Repository/3-OBJECTS UTILIDADES/Login/a_Ingresar' is clicked on

2022-04-29 10:53:51 - [MESSAGE][PASSED] - Object: 'Object Repository/3-OBJECTS UTILIDADES/Login/a_Ingresar' is clicked on

2022-04-29 10:53:51 - [TEST_STEP][PASSED] - element = findWebElement(findTestObject("3-OBJECTS UTILIDADES/Login/a_Ir"), 30): null

2022-04-29 10:53:52 - [TEST_STEP][PASSED] - executeJavaScript("arguments[0].click()", Arrays.asList(element)): Execute JavaScript 'arguments[0].click()' successfully

2022-04-29 10:53:52 - [MESSAGE][PASSED] - Execute JavaScript 'arguments[0].click()' successfully

2022-04-29 10:53:52 - [MESSAGE][PASSED] - Call Test Case 'Test Cases/0.1-Login' successfully

2022-04-29 10:53:52 - [TEST_STEP][PASSED] - setText(findTestObject("1-OBJECTS TAREAS PRINCIPALES/Modulo Tarea Compensacion/Modulo_Ejecucion_Diseño_Reporte/input_Ejecutar Diseo Reporte_form_templatej_idt24_input"), "Ejecutar Diseño De Reporte"): Text 'Ejecutar Diseño De Reporte' is set on object 'Object Repository/1-OBJECTS TAREAS PRINCIPALES/Modulo Tarea Compensacion/Modulo_Ejecucion_Diseño_Reporte/input_Ejecutar Diseo Reporte_form_templatej_idt24_input'

2022-04-29 10:53:53 - [MESSAGE][PASSED] - Text 'Ejecutar Diseño De Reporte' is set on object 'Object Repository/1-OBJECTS TAREAS PRINCIPALES/Modulo Tarea Compensacion/Modulo_Ejecucion_Diseño_Reporte/input_Ejecutar Diseo Reporte_form_templatej_idt24_input'

2022-04-29 10:53:53 - [TEST_STEP][PASSED] - click(findTestObject("1-OBJECTS TAREAS PRINCIPALES/Modulo Tarea Compensacion/Modulo_Ejecucion_Diseño_Reporte/li_Ejecutar Diseo De Reporte (com)")): Object: 'Object Repository/1-OBJECTS TAREAS PRINCIPALES/Modulo Tarea Compensacion/Modulo_Ejecucion_Diseño_Reporte/li_Ejecutar Diseo De Reporte (com)' is clicked on

2022-04-29 10:53:54 - [MESSAGE][PASSED] - Object: 'Object Repository/1-OBJECTS TAREAS PRINCIPALES/Modulo Tarea Compensacion/Modulo_Ejecucion_Diseño_Reporte/li_Ejecutar Diseo De Reporte (com)' is clicked on

2022-04-29 10:53:54 - [TEST_STEP][PASSED] - click(findTestObject("1-OBJECTS TAREAS PRINCIPALES/Modulo Tarea Compensacion/Modulo_Ejecucion_Diseño_Reporte/td_CAUSACION CESANTIAS (FCORTE)")): Object: 'Object Repository/1-OBJECTS TAREAS PRINCIPALES/Modulo Tarea Compensacion/Modulo_Ejecucion_Diseño_Reporte/td_CAUSACION CESANTIAS (FCORTE)' is clicked on

2022-04-29 10:53:55 - [MESSAGE][PASSED] - Object: 'Object Repository/1-OBJECTS TAREAS PRINCIPALES/Modulo Tarea Compensacion/Modulo_Ejecucion_Diseño_Reporte/td_CAUSACION CESANTIAS (FCORTE)' is clicked on

2022-04-29 10:53:55 - [TEST_STEP][PASSED] - click(findTestObject("1-OBJECTS TAREAS PRINCIPALES/Modulo Tarea Compensacion/Modulo_Ejecucion_Diseño_Reporte/a_Generacin")): Object: 'Object Repository/1-OBJECTS TAREAS PRINCIPALES/Modulo Tarea Compensacion/Modulo_Ejecucion_Diseño_Reporte/a_Generacin' is clicked on

2022-04-29 10:53:57 - [MESSAGE][PASSED] - Object: 'Object Repository/1-OBJECTS TAREAS PRINCIPALES/Modulo Tarea Compensacion/Modulo_Ejecucion_Diseño_Reporte/a_Generacin' is clicked on

2022-04-29 10:53:57 - [TEST_STEP][PASSED] - click(findTestObject("1-OBJECTS TAREAS PRINCIPALES/Modulo Tarea Compensacion/Modulo_Ejecucion_Diseño_Reporte/span_Generar Tabla")): Object: 'Object Repository/1-OBJECTS TAREAS PRINCIPALES/Modulo Tarea Compensacion/Modulo_Ejecucion_Diseño_Reporte/span_Generar Tabla' is clicked on

2022-04-29 10:53:57 - [MESSAGE][PASSED] - Object: 'Object Repository/1-OBJECTS TAREAS PRINCIPALES/Modulo Tarea Compensacion/Modulo_Ejecucion_Diseño_Reporte/span_Generar Tabla' is clicked on

2022-04-29 10:53:57 - [TEST_STEP][PASSED] - click(findTestObject("1-OBJECTS TAREAS PRINCIPALES/Modulo Tarea Compensacion/Modulo_Ejecucion_Diseño_Reporte/a_Si")): Object: 'Object Repository/1-OBJECTS TAREAS PRINCIPALES/Modulo Tarea Compensacion/Modulo_Ejecucion_Diseño_Reporte/a_Si' is clicked on

2022-04-29 10:53:58 - [MESSAGE][PASSED] - Object: 'Object Repository/1-OBJECTS TAREAS PRINCIPALES/Modulo Tarea Compensacion/Modulo_Ejecucion_Diseño_Reporte/a_Si' is clicked on

2022-04-29 10:53:58 - [TEST_STEP][PASSED] - click(findTestObject("1-OBJECTS TAREAS PRINCIPALES/Modulo Tarea Compensacion/Modulo_Ejecucion_Diseño_Reporte/a_Continuar")): Object: 'Object Repository/1-OBJECTS TAREAS PRINCIPALES/Modulo Tarea Compensacion/Modulo_Ejecucion_Diseño_Reporte/a_Continuar' is clicked on

2022-04-29 10:54:02 - [MESSAGE][PASSED] - Object: 'Object Repository/1-OBJECTS TAREAS PRINCIPALES/Modulo Tarea Compensacion/Modulo_Ejecucion_Diseño_Reporte/a_Continuar' is clicked on

2022-04-29 10:54:02 - [TEST_STEP][PASSED] - click(findTestObject("1-OBJECTS TAREAS PRINCIPALES/Modulo Tarea Compensacion/Modulo_Ejecucion_Diseño_Reporte/a_Imprimir")): Object: 'Object Repository/1-OBJECTS TAREAS PRINCIPALES/Modulo Tarea Compensacion/Modulo_Ejecucion_Diseño_Reporte/a_Imprimir' is clicked on

2022-04-29 10:54:03 - [MESSAGE][PASSED] - Object: 'Object Repository/1-OBJECTS TAREAS PRINCIPALES/Modulo Tarea Compensacion/Modulo_Ejecucion_Diseño_Reporte/a_Imprimir' is clicked on

2022-04-29 10:54:03 - [TEST_STEP][PASSED] - click(findTestObject("1-OBJECTS TAREAS PRINCIPALES/Modulo Tarea Compensacion/Modulo_Ejecucion_Diseño_Reporte/label_Xlsdata")): Object: 'Object Repository/1-OBJECTS TAREAS PRINCIPALES/Modulo Tarea Compensacion/Modulo_Ejecucion_Diseño_Reporte/label_Xlsdata' is clicked on

2022-04-29 10:54:04 - [MESSAGE][PASSED] - Object: 'Object Repository/1-OBJECTS TAREAS PRINCIPALES/Modulo Tarea Compensacion/Modulo_Ejecucion_Diseño_Reporte/label_Xlsdata' is clicked on

2022-04-29 10:54:04 - [TEST_STEP][PASSED] - click(findTestObject("1-OBJECTS TAREAS PRINCIPALES/Modulo Tarea Compensacion/Modulo_Ejecucion_Diseño_Reporte/a_Reporte")): Object: 'Object Repository/1-OBJECTS TAREAS PRINCIPALES/Modulo Tarea Compensacion/Modulo_Ejecucion_Diseño_Reporte/a_Reporte' is clicked on

2022-04-29 10:54:04 - [MESSAGE][PASSED] - Object: 'Object Repository/1-OBJECTS TAREAS PRINCIPALES/Modulo Tarea Compensacion/Modulo_Ejecucion_Diseño_Reporte/a_Reporte' is clicked on

2022-04-29 10:54:04 - [TEST_STEP][PASSED] - click(findTestObject("1-OBJECTS TAREAS PRINCIPALES/Modulo Tarea Compensacion/Modulo_Ejecucion_Diseño_Reporte/span_E_ui-icon ui-icon-closethick")): Object: 'Object Repository/1-OBJECTS TAREAS PRINCIPALES/Modulo Tarea Compensacion/Modulo_Ejecucion_Diseño_Reporte/span_E_ui-icon ui-icon-closethick' is clicked on

2022-04-29 10:54:05 - [MESSAGE][PASSED] - Object: 'Object Repository/1-OBJECTS TAREAS PRINCIPALES/Modulo Tarea Compensacion/Modulo_Ejecucion_Diseño_Reporte/span_E_ui-icon ui-icon-closethick' is clicked on

2022-04-29 10:54:05 - [TEST_STEP][PASSED] - closeBrowser(): Browser is closed

2022-04-29 10:54:06 - [MESSAGE][PASSED] - Browser is closed]]></system-out>
         <system-err><![CDATA[]]></system-err>
      </testcase>
      <testcase name="Test Cases/1.1-Tareas Principales/1.7.6-Generacion_Interfaz_Contable" time="204.403" classname="Test Cases/1.1-Tareas Principales/1.7.6-Generacion_Interfaz_Contable" status="FAILED">
         <failure type="FAILED" message="Test Cases/1.1-Tareas Principales/1.7.6-Generacion_Interfaz_Contable FAILED.
Reason:
com.kms.katalon.core.exception.StepFailedException: Unable to click on object 'Object Repository/1-OBJECTS TAREAS PRINCIPALES/Modulo Tarea Compensacion/Generacion_Interfaz_Contable/a_Generar'
	at com.kms.katalon.core.webui.keyword.internal.WebUIKeywordMain.stepFailed(WebUIKeywordMain.groovy:64)
	at com.kms.katalon.core.webui.keyword.internal.WebUIKeywordMain.runKeyword(WebUIKeywordMain.groovy:26)
	at com.kms.katalon.core.webui.keyword.builtin.ClickKeyword.click(ClickKeyword.groovy:74)
	at com.kms.katalon.core.webui.keyword.builtin.ClickKeyword.execute(ClickKeyword.groovy:40)
	at com.kms.katalon.core.keyword.internal.KeywordExecutor.executeKeywordForPlatform(KeywordExecutor.groovy:74)
	at com.kms.katalon.core.webui.keyword.WebUiBuiltInKeywords.click(WebUiBuiltInKeywords.groovy:620)
	at com.kms.katalon.core.webui.keyword.WebUiBuiltInKeywords$click$5.call(Unknown Source)
	at 1.7.6-Generacion_Interfaz_Contable.run(1.7.6-Generacion_Interfaz_Contable:51)
	at com.kms.katalon.core.main.ScriptEngine.run(ScriptEngine.java:194)
	at com.kms.katalon.core.main.ScriptEngine.runScriptAsRawText(ScriptEngine.java:119)
	at com.kms.katalon.core.main.TestCaseExecutor.runScript(TestCaseExecutor.java:445)
	at com.kms.katalon.core.main.TestCaseExecutor.doExecute(TestCaseExecutor.java:436)
	at com.kms.katalon.core.main.TestCaseExecutor.processExecutionPhase(TestCaseExecutor.java:415)
	at com.kms.katalon.core.main.TestCaseExecutor.accessMainPhase(TestCaseExecutor.java:407)
	at com.kms.katalon.core.main.TestCaseExecutor.execute(TestCaseExecutor.java:284)
	at com.kms.katalon.core.common.CommonExecutor.accessTestCaseMainPhase(CommonExecutor.java:65)
	at com.kms.katalon.core.main.TestSuiteExecutor.accessTestSuiteMainPhase(TestSuiteExecutor.java:144)
	at com.kms.katalon.core.main.TestSuiteExecutor.execute(TestSuiteExecutor.java:106)
	at com.kms.katalon.core.main.TestCaseMain.startTestSuite(TestCaseMain.java:185)
	at com.kms.katalon.core.main.TestCaseMain$startTestSuite$0.call(Unknown Source)
	at TempTestSuite1651245283467.run(TempTestSuite1651245283467.groovy:36)
Caused by: com.kms.katalon.core.webui.exception.WebElementNotFoundException: Web element with id: 'Object Repository/1-OBJECTS TAREAS PRINCIPALES/Modulo Tarea Compensacion/Generacion_Interfaz_Contable/a_Generar' located by '//a[contains(text(),'Generar')]' not found
	at com.kms.katalon.core.webui.common.WebUiCommonHelper.findWebElement(WebUiCommonHelper.java:1370)
	at com.kms.katalon.core.webui.keyword.internal.WebUIAbstractKeyword.findWebElement(WebUIAbstractKeyword.groovy:27)
	at com.kms.katalon.core.webui.keyword.builtin.ClickKeyword$_click_closure1.doCall(ClickKeyword.groovy:65)
	at com.kms.katalon.core.webui.keyword.builtin.ClickKeyword$_click_closure1.call(ClickKeyword.groovy)
	at com.kms.katalon.core.webui.keyword.internal.WebUIKeywordMain.runKeyword(WebUIKeywordMain.groovy:20)
	... 19 more
"/>
         <system-out><![CDATA[2022-04-29 10:54:06 - [TEST_CASE][FAILED] - Test Cases/1.1-Tareas Principales/1.7.6-Generacion_Interfaz_Contable: Test Cases/1.1-Tareas Principales/1.7.6-Generacion_Interfaz_Contable FAILED.
Reason:
com.kms.katalon.core.exception.StepFailedException: Unable to click on object 'Object Repository/1-OBJECTS TAREAS PRINCIPALES/Modulo Tarea Compensacion/Generacion_Interfaz_Contable/a_Generar'
	at com.kms.katalon.core.webui.keyword.internal.WebUIKeywordMain.stepFailed(WebUIKeywordMain.groovy:64)
	at com.kms.katalon.core.webui.keyword.internal.WebUIKeywordMain.runKeyword(WebUIKeywordMain.groovy:26)
	at com.kms.katalon.core.webui.keyword.builtin.ClickKeyword.click(ClickKeyword.groovy:74)
	at com.kms.katalon.core.webui.keyword.builtin.ClickKeyword.execute(ClickKeyword.groovy:40)
	at com.kms.katalon.core.keyword.internal.KeywordExecutor.executeKeywordForPlatform(KeywordExecutor.groovy:74)
	at com.kms.katalon.core.webui.keyword.WebUiBuiltInKeywords.click(WebUiBuiltInKeywords.groovy:620)
	at com.kms.katalon.core.webui.keyword.WebUiBuiltInKeywords$click$5.call(Unknown Source)
	at 1.7.6-Generacion_Interfaz_Contable.run(1.7.6-Generacion_Interfaz_Contable:51)
	at com.kms.katalon.core.main.ScriptEngine.run(ScriptEngine.java:194)
	at com.kms.katalon.core.main.ScriptEngine.runScriptAsRawText(ScriptEngine.java:119)
	at com.kms.katalon.core.main.TestCaseExecutor.runScript(TestCaseExecutor.java:445)
	at com.kms.katalon.core.main.TestCaseExecutor.doExecute(TestCaseExecutor.java:436)
	at com.kms.katalon.core.main.TestCaseExecutor.processExecutionPhase(TestCaseExecutor.java:415)
	at com.kms.katalon.core.main.TestCaseExecutor.accessMainPhase(TestCaseExecutor.java:407)
	at com.kms.katalon.core.main.TestCaseExecutor.execute(TestCaseExecutor.java:284)
	at com.kms.katalon.core.common.CommonExecutor.accessTestCaseMainPhase(CommonExecutor.java:65)
	at com.kms.katalon.core.main.TestSuiteExecutor.accessTestSuiteMainPhase(TestSuiteExecutor.java:144)
	at com.kms.katalon.core.main.TestSuiteExecutor.execute(TestSuiteExecutor.java:106)
	at com.kms.katalon.core.main.TestCaseMain.startTestSuite(TestCaseMain.java:185)
	at com.kms.katalon.core.main.TestCaseMain$startTestSuite$0.call(Unknown Source)
	at TempTestSuite1651245283467.run(TempTestSuite1651245283467.groovy:36)
Caused by: com.kms.katalon.core.webui.exception.WebElementNotFoundException: Web element with id: 'Object Repository/1-OBJECTS TAREAS PRINCIPALES/Modulo Tarea Compensacion/Generacion_Interfaz_Contable/a_Generar' located by '//a[contains(text(),'Generar')]' not found
	at com.kms.katalon.core.webui.common.WebUiCommonHelper.findWebElement(WebUiCommonHelper.java:1370)
	at com.kms.katalon.core.webui.keyword.internal.WebUIAbstractKeyword.findWebElement(WebUIAbstractKeyword.groovy:27)
	at com.kms.katalon.core.webui.keyword.builtin.ClickKeyword$_click_closure1.doCall(ClickKeyword.groovy:65)
	at com.kms.katalon.core.webui.keyword.builtin.ClickKeyword$_click_closure1.call(ClickKeyword.groovy)
	at com.kms.katalon.core.webui.keyword.internal.WebUIKeywordMain.runKeyword(WebUIKeywordMain.groovy:20)
	... 19 more


2022-04-29 10:54:06 - [TEST_STEP][PASSED] - callTestCase(findTestCase("0.1-Login"), [:], STOP_ON_FAILURE): Call Test Case 'Test Cases/0.1-Login' successfully

2022-04-29 10:54:06 - [TEST_CASE][PASSED] - Test Cases/0.1-Login: Test Cases/0.1-Login

2022-04-29 10:54:06 - [TEST_STEP][PASSED] - openBrowser(""): Browser is opened with url: ''

2022-04-29 10:54:06 - [MESSAGE][INFO] - Starting 'Chrome' driver

2022-04-29 10:54:06 - [MESSAGE][INFO] - Action delay is set to 0 milliseconds

2022-04-29 10:54:07 - [MESSAGE][PASSED] - Browser is opened with url: ''

2022-04-29 10:54:07 - [TEST_STEP][PASSED] - maximizeWindow(): Current window maximized

2022-04-29 10:54:07 - [MESSAGE][PASSED] - Current window maximized

2022-04-29 10:54:07 - [TEST_STEP][PASSED] - i = G_Login: null

2022-04-29 10:54:07 - [TEST_STEP][PASSED] - url = new java.net.URL(i): null

2022-04-29 10:54:07 - [TEST_STEP][PASSED] - println("URL: " + url.toString()): null

2022-04-29 10:54:07 - [TEST_STEP][PASSED] - connection = url.openConnection(): null

2022-04-29 10:54:07 - [TEST_STEP][PASSED] - connection.setRequestMethod("GET"): null

2022-04-29 10:54:07 - [TEST_STEP][PASSED] - connection.setReadTimeout(2 * 1000): null

2022-04-29 10:54:07 - [TEST_STEP][PASSED] - try: null

2022-04-29 10:54:07 - [TEST_STEP][PASSED] - connection.connect(): null

2022-04-29 10:54:07 - [TEST_STEP][PASSED] - flag = connected: null

2022-04-29 10:54:07 - [TEST_STEP][PASSED] - println("Valor_ori: " + flag): null

2022-04-29 10:54:07 - [TEST_STEP][PASSED] - if (flag): null

2022-04-29 10:54:07 - [TEST_STEP][PASSED] - navigateToUrl(i): Navigate to 'http://192.168.2.19:8380/saraweb' successfully

2022-04-29 10:54:08 - [MESSAGE][PASSED] - Navigate to 'http://192.168.2.19:8380/saraweb' successfully

2022-04-29 10:54:08 - [TEST_STEP][PASSED] - a(): null

2022-04-29 10:54:08 - [TEST_STEP][PASSED] - setText(findTestObject("3-OBJECTS UTILIDADES/Login/input_USUARIO_loginusuario"), G_Usuario): Text 'saraadmin' is set on object 'Object Repository/3-OBJECTS UTILIDADES/Login/input_USUARIO_loginusuario'

2022-04-29 10:54:08 - [MESSAGE][PASSED] - Text 'saraadmin' is set on object 'Object Repository/3-OBJECTS UTILIDADES/Login/input_USUARIO_loginusuario'

2022-04-29 10:54:08 - [TEST_STEP][PASSED] - setEncryptedText(findTestObject("3-OBJECTS UTILIDADES/Login/input_CLAVE_loginpassword"), "MkG4/TYiCFC3cb2driP7+Q=="): Text ****** has been set on object 'Object Repository/3-OBJECTS UTILIDADES/Login/input_CLAVE_loginpassword'

2022-04-29 10:54:09 - [MESSAGE][PASSED] - Text ****** has been set on object 'Object Repository/3-OBJECTS UTILIDADES/Login/input_CLAVE_loginpassword'

2022-04-29 10:54:09 - [TEST_STEP][PASSED] - waitForElementClickable(findTestObject("3-OBJECTS UTILIDADES/Login/a_Ingresar"), G_TimeOut): Object 'Object Repository/3-OBJECTS UTILIDADES/Login/a_Ingresar' is clickable

2022-04-29 10:54:09 - [MESSAGE][PASSED] - Object 'Object Repository/3-OBJECTS UTILIDADES/Login/a_Ingresar' is clickable

2022-04-29 10:54:09 - [TEST_STEP][PASSED] - click(findTestObject("3-OBJECTS UTILIDADES/Login/a_Ingresar")): Object: 'Object Repository/3-OBJECTS UTILIDADES/Login/a_Ingresar' is clicked on

2022-04-29 10:54:11 - [MESSAGE][PASSED] - Object: 'Object Repository/3-OBJECTS UTILIDADES/Login/a_Ingresar' is clicked on

2022-04-29 10:54:11 - [TEST_STEP][PASSED] - element = findWebElement(findTestObject("3-OBJECTS UTILIDADES/Login/a_Ir"), 30): null

2022-04-29 10:54:11 - [TEST_STEP][PASSED] - executeJavaScript("arguments[0].click()", Arrays.asList(element)): Execute JavaScript 'arguments[0].click()' successfully

2022-04-29 10:54:11 - [MESSAGE][PASSED] - Execute JavaScript 'arguments[0].click()' successfully

2022-04-29 10:54:11 - [MESSAGE][PASSED] - Call Test Case 'Test Cases/0.1-Login' successfully

2022-04-29 10:54:11 - [TEST_STEP][PASSED] - setText(findTestObject("1-OBJECTS TAREAS PRINCIPALES/Modulo Tarea Compensacion/Generacion_Interfaz_Contable/input_Generacion Interfaz_form_templatej_idt24_input"), "Generacion Interfaz"): Text 'Generacion Interfaz' is set on object 'Object Repository/1-OBJECTS TAREAS PRINCIPALES/Modulo Tarea Compensacion/Generacion_Interfaz_Contable/input_Generacion Interfaz_form_templatej_idt24_input'

2022-04-29 10:54:12 - [MESSAGE][PASSED] - Text 'Generacion Interfaz' is set on object 'Object Repository/1-OBJECTS TAREAS PRINCIPALES/Modulo Tarea Compensacion/Generacion_Interfaz_Contable/input_Generacion Interfaz_form_templatej_idt24_input'

2022-04-29 10:54:12 - [TEST_STEP][PASSED] - click(findTestObject("1-OBJECTS TAREAS PRINCIPALES/Modulo Tarea Compensacion/Generacion_Interfaz_Contable/li_Generacion interfaz (com)")): Object: 'Object Repository/1-OBJECTS TAREAS PRINCIPALES/Modulo Tarea Compensacion/Generacion_Interfaz_Contable/li_Generacion interfaz (com)' is clicked on

2022-04-29 10:54:14 - [MESSAGE][PASSED] - Object: 'Object Repository/1-OBJECTS TAREAS PRINCIPALES/Modulo Tarea Compensacion/Generacion_Interfaz_Contable/li_Generacion interfaz (com)' is clicked on

2022-04-29 10:54:14 - [TEST_STEP][PASSED] - click(findTestObject("1-OBJECTS TAREAS PRINCIPALES/Modulo Tarea Compensacion/Generacion_Interfaz_Contable/span_INTERFAZ PROVISIONES")): Object: 'Object Repository/1-OBJECTS TAREAS PRINCIPALES/Modulo Tarea Compensacion/Generacion_Interfaz_Contable/span_INTERFAZ PROVISIONES' is clicked on

2022-04-29 10:54:14 - [MESSAGE][PASSED] - Object: 'Object Repository/1-OBJECTS TAREAS PRINCIPALES/Modulo Tarea Compensacion/Generacion_Interfaz_Contable/span_INTERFAZ PROVISIONES' is clicked on

2022-04-29 10:54:14 - [TEST_STEP][PASSED] - setText(findTestObject("1-OBJECTS TAREAS PRINCIPALES/Modulo Tarea Compensacion/Generacion_Interfaz_Contable/input_Fecha_generacionInterfazfechacomprobante_input"), "01/07/2017"): Text '01/07/2017' is set on object 'Object Repository/1-OBJECTS TAREAS PRINCIPALES/Modulo Tarea Compensacion/Generacion_Interfaz_Contable/input_Fecha_generacionInterfazfechacomprobante_input'

2022-04-29 10:54:15 - [MESSAGE][PASSED] - Text '01/07/2017' is set on object 'Object Repository/1-OBJECTS TAREAS PRINCIPALES/Modulo Tarea Compensacion/Generacion_Interfaz_Contable/input_Fecha_generacionInterfazfechacomprobante_input'

2022-04-29 10:54:15 - [TEST_STEP][PASSED] - click(findTestObject("1-OBJECTS TAREAS PRINCIPALES/Modulo Tarea Compensacion/Generacion_Interfaz_Contable/span_Filtrar")): Object: 'Object Repository/1-OBJECTS TAREAS PRINCIPALES/Modulo Tarea Compensacion/Generacion_Interfaz_Contable/span_Filtrar' is clicked on

2022-04-29 10:54:16 - [MESSAGE][PASSED] - Object: 'Object Repository/1-OBJECTS TAREAS PRINCIPALES/Modulo Tarea Compensacion/Generacion_Interfaz_Contable/span_Filtrar' is clicked on

2022-04-29 10:54:16 - [TEST_STEP][PASSED] - if (waitForElementPresent(findTestObject("1-OBJECTS TAREAS PRINCIPALES/Modulo Tarea Compensacion/Generacion_Interfaz_Contable/span_01072017"), 1)): null

2022-04-29 10:54:16 - [MESSAGE][PASSED] - Object 'Object Repository/1-OBJECTS TAREAS PRINCIPALES/Modulo Tarea Compensacion/Generacion_Interfaz_Contable/span_01072017' is present

2022-04-29 10:54:16 - [TEST_STEP][PASSED] - check(findTestObject("1-OBJECTS TAREAS PRINCIPALES/Modulo Tarea Compensacion/Generacion_Interfaz_Contable/div_-_ui-chkbox-box ui-widget ui-corner-all ui-state-default ui-state-hover0")): Object 'Object Repository/1-OBJECTS TAREAS PRINCIPALES/Modulo Tarea Compensacion/Generacion_Interfaz_Contable/div_-_ui-chkbox-box ui-widget ui-corner-all ui-state-default ui-state-hover0' is checked

2022-04-29 10:54:17 - [MESSAGE][PASSED] - Object 'Object Repository/1-OBJECTS TAREAS PRINCIPALES/Modulo Tarea Compensacion/Generacion_Interfaz_Contable/div_-_ui-chkbox-box ui-widget ui-corner-all ui-state-default ui-state-hover0' is checked

2022-04-29 10:54:17 - [TEST_STEP][PASSED] - click(findTestObject("1-OBJECTS TAREAS PRINCIPALES/Modulo Tarea Compensacion/Generacion_Interfaz_Contable/a_Ver")): Object: 'Object Repository/1-OBJECTS TAREAS PRINCIPALES/Modulo Tarea Compensacion/Generacion_Interfaz_Contable/a_Ver' is clicked on

2022-04-29 10:54:18 - [MESSAGE][PASSED] - Object: 'Object Repository/1-OBJECTS TAREAS PRINCIPALES/Modulo Tarea Compensacion/Generacion_Interfaz_Contable/a_Ver' is clicked on

2022-04-29 10:54:18 - [TEST_STEP][PASSED] - click(findTestObject("1-OBJECTS TAREAS PRINCIPALES/Modulo Tarea Compensacion/Generacion_Interfaz_Contable/a_Reversar")): Object: 'Object Repository/1-OBJECTS TAREAS PRINCIPALES/Modulo Tarea Compensacion/Generacion_Interfaz_Contable/a_Reversar' is clicked on

2022-04-29 10:54:29 - [MESSAGE][PASSED] - Object: 'Object Repository/1-OBJECTS TAREAS PRINCIPALES/Modulo Tarea Compensacion/Generacion_Interfaz_Contable/a_Reversar' is clicked on

2022-04-29 10:54:29 - [TEST_STEP][PASSED] - click(findTestObject("1-OBJECTS TAREAS PRINCIPALES/Modulo Tarea Compensacion/Generacion_Interfaz_Contable/a_Aceptar")): Object: 'Object Repository/1-OBJECTS TAREAS PRINCIPALES/Modulo Tarea Compensacion/Generacion_Interfaz_Contable/a_Aceptar' is clicked on

2022-04-29 10:54:29 - [MESSAGE][PASSED] - Object: 'Object Repository/1-OBJECTS TAREAS PRINCIPALES/Modulo Tarea Compensacion/Generacion_Interfaz_Contable/a_Aceptar' is clicked on

2022-04-29 10:54:29 - [TEST_STEP][PASSED] - waitForElementPresent(findTestObject("1-OBJECTS TAREAS PRINCIPALES/Modulo Tarea Compensacion/Generacion_Interfaz_Contable/a_Generar"), 0): Object 'Object Repository/1-OBJECTS TAREAS PRINCIPALES/Modulo Tarea Compensacion/Generacion_Interfaz_Contable/a_Generar' is not present after 0 second(s)

2022-04-29 10:54:29 - [MESSAGE][WARNING] - Timeout '0' is invalid. Using default page load timeout: '45'

2022-04-29 10:55:29 - [MESSAGE][INFO] - Unable to find the element located by 'By.xpath: //a[contains(text(),'Generar')]'. Please recheck the objects properties to make sure the desired element is located. 

2022-04-29 10:55:29 - [MESSAGE][WARNING] - Object 'Object Repository/1-OBJECTS TAREAS PRINCIPALES/Modulo Tarea Compensacion/Generacion_Interfaz_Contable/a_Generar' is not present after 0 second(s)

2022-04-29 10:55:29 - [TEST_STEP][PASSED] - waitForElementPresent(findTestObject("1-OBJECTS TAREAS PRINCIPALES/Modulo Tarea Compensacion/Generacion_Interfaz_Contable/a_Generar"), 0): Object 'Object Repository/1-OBJECTS TAREAS PRINCIPALES/Modulo Tarea Compensacion/Generacion_Interfaz_Contable/a_Generar' is not present after 0 second(s)

2022-04-29 10:55:30 - [MESSAGE][WARNING] - Timeout '0' is invalid. Using default page load timeout: '45'

2022-04-29 10:56:30 - [MESSAGE][INFO] - Unable to find the element located by 'By.xpath: //a[contains(text(),'Generar')]'. Please recheck the objects properties to make sure the desired element is located. 

2022-04-29 10:56:30 - [MESSAGE][WARNING] - Object 'Object Repository/1-OBJECTS TAREAS PRINCIPALES/Modulo Tarea Compensacion/Generacion_Interfaz_Contable/a_Generar' is not present after 0 second(s)

2022-04-29 10:56:30 - [TEST_STEP][FAILED] - click(findTestObject("1-OBJECTS TAREAS PRINCIPALES/Modulo Tarea Compensacion/Generacion_Interfaz_Contable/a_Generar")): Unable to click on object 'Object Repository/1-OBJECTS TAREAS PRINCIPALES/Modulo Tarea Compensacion/Generacion_Interfaz_Contable/a_Generar' (Root cause: com.kms.katalon.core.exception.StepFailedException: Unable to click on object 'Object Repository/1-OBJECTS TAREAS PRINCIPALES/Modulo Tarea Compensacion/Generacion_Interfaz_Contable/a_Generar'
	at com.kms.katalon.core.webui.keyword.internal.WebUIKeywordMain.stepFailed(WebUIKeywordMain.groovy:64)
	at com.kms.katalon.core.webui.keyword.internal.WebUIKeywordMain.runKeyword(WebUIKeywordMain.groovy:26)
	at com.kms.katalon.core.webui.keyword.builtin.ClickKeyword.click(ClickKeyword.groovy:74)
	at com.kms.katalon.core.webui.keyword.builtin.ClickKeyword.execute(ClickKeyword.groovy:40)
	at com.kms.katalon.core.keyword.internal.KeywordExecutor.executeKeywordForPlatform(KeywordExecutor.groovy:74)
	at com.kms.katalon.core.webui.keyword.WebUiBuiltInKeywords.click(WebUiBuiltInKeywords.groovy:620)
	at com.kms.katalon.core.webui.keyword.WebUiBuiltInKeywords$click$5.call(Unknown Source)
	at 1.7.6-Generacion_Interfaz_Contable.run(1.7.6-Generacion_Interfaz_Contable:51)
	at com.kms.katalon.core.main.ScriptEngine.run(ScriptEngine.java:194)
	at com.kms.katalon.core.main.ScriptEngine.runScriptAsRawText(ScriptEngine.java:119)
	at com.kms.katalon.core.main.TestCaseExecutor.runScript(TestCaseExecutor.java:445)
	at com.kms.katalon.core.main.TestCaseExecutor.doExecute(TestCaseExecutor.java:436)
	at com.kms.katalon.core.main.TestCaseExecutor.processExecutionPhase(TestCaseExecutor.java:415)
	at com.kms.katalon.core.main.TestCaseExecutor.accessMainPhase(TestCaseExecutor.java:407)
	at com.kms.katalon.core.main.TestCaseExecutor.execute(TestCaseExecutor.java:284)
	at com.kms.katalon.core.common.CommonExecutor.accessTestCaseMainPhase(CommonExecutor.java:65)
	at com.kms.katalon.core.main.TestSuiteExecutor.accessTestSuiteMainPhase(TestSuiteExecutor.java:144)
	at com.kms.katalon.core.main.TestSuiteExecutor.execute(TestSuiteExecutor.java:106)
	at com.kms.katalon.core.main.TestCaseMain.startTestSuite(TestCaseMain.java:185)
	at com.kms.katalon.core.main.TestCaseMain$startTestSuite$0.call(Unknown Source)
	at TempTestSuite1651245283467.run(TempTestSuite1651245283467.groovy:36)
Caused by: com.kms.katalon.core.webui.exception.WebElementNotFoundException: Web element with id: 'Object Repository/1-OBJECTS TAREAS PRINCIPALES/Modulo Tarea Compensacion/Generacion_Interfaz_Contable/a_Generar' located by '//a[contains(text(),'Generar')]' not found
	at com.kms.katalon.core.webui.common.WebUiCommonHelper.findWebElement(WebUiCommonHelper.java:1370)
	at com.kms.katalon.core.webui.keyword.internal.WebUIAbstractKeyword.findWebElement(WebUIAbstractKeyword.groovy:27)
	at com.kms.katalon.core.webui.keyword.builtin.ClickKeyword$_click_closure1.doCall(ClickKeyword.groovy:65)
	at com.kms.katalon.core.webui.keyword.builtin.ClickKeyword$_click_closure1.call(ClickKeyword.groovy)
	at com.kms.katalon.core.webui.keyword.internal.WebUIKeywordMain.runKeyword(WebUIKeywordMain.groovy:20)
	at com.kms.katalon.core.webui.keyword.builtin.ClickKeyword.click(ClickKeyword.groovy:74)
	at com.kms.katalon.core.webui.keyword.builtin.ClickKeyword.execute(ClickKeyword.groovy:40)
	at com.kms.katalon.core.keyword.internal.KeywordExecutor.executeKeywordForPlatform(KeywordExecutor.groovy:74)
	at com.kms.katalon.core.webui.keyword.WebUiBuiltInKeywords.click(WebUiBuiltInKeywords.groovy:620)
	at com.kms.katalon.core.webui.keyword.WebUiBuiltInKeywords$click$5.call(Unknown Source)
	at Script1638392170168.run(Script1638392170168.groovy:51)
	... 13 more
)

2022-04-29 10:57:30 - [MESSAGE][INFO] - Unable to find the element located by 'By.xpath: //a[contains(text(),'Generar')]'. Please recheck the objects properties to make sure the desired element is located. 

2022-04-29 10:57:30 - [MESSAGE][FAILED] - Unable to click on object 'Object Repository/1-OBJECTS TAREAS PRINCIPALES/Modulo Tarea Compensacion/Generacion_Interfaz_Contable/a_Generar' (Root cause: com.kms.katalon.core.exception.StepFailedException: Unable to click on object 'Object Repository/1-OBJECTS TAREAS PRINCIPALES/Modulo Tarea Compensacion/Generacion_Interfaz_Contable/a_Generar'
	at com.kms.katalon.core.webui.keyword.internal.WebUIKeywordMain.stepFailed(WebUIKeywordMain.groovy:64)
	at com.kms.katalon.core.webui.keyword.internal.WebUIKeywordMain.runKeyword(WebUIKeywordMain.groovy:26)
	at com.kms.katalon.core.webui.keyword.builtin.ClickKeyword.click(ClickKeyword.groovy:74)
	at com.kms.katalon.core.webui.keyword.builtin.ClickKeyword.execute(ClickKeyword.groovy:40)
	at com.kms.katalon.core.keyword.internal.KeywordExecutor.executeKeywordForPlatform(KeywordExecutor.groovy:74)
	at com.kms.katalon.core.webui.keyword.WebUiBuiltInKeywords.click(WebUiBuiltInKeywords.groovy:620)
	at com.kms.katalon.core.webui.keyword.WebUiBuiltInKeywords$click$5.call(Unknown Source)
	at 1.7.6-Generacion_Interfaz_Contable.run(1.7.6-Generacion_Interfaz_Contable:51)
	at com.kms.katalon.core.main.ScriptEngine.run(ScriptEngine.java:194)
	at com.kms.katalon.core.main.ScriptEngine.runScriptAsRawText(ScriptEngine.java:119)
	at com.kms.katalon.core.main.TestCaseExecutor.runScript(TestCaseExecutor.java:445)
	at com.kms.katalon.core.main.TestCaseExecutor.doExecute(TestCaseExecutor.java:436)
	at com.kms.katalon.core.main.TestCaseExecutor.processExecutionPhase(TestCaseExecutor.java:415)
	at com.kms.katalon.core.main.TestCaseExecutor.accessMainPhase(TestCaseExecutor.java:407)
	at com.kms.katalon.core.main.TestCaseExecutor.execute(TestCaseExecutor.java:284)
	at com.kms.katalon.core.common.CommonExecutor.accessTestCaseMainPhase(CommonExecutor.java:65)
	at com.kms.katalon.core.main.TestSuiteExecutor.accessTestSuiteMainPhase(TestSuiteExecutor.java:144)
	at com.kms.katalon.core.main.TestSuiteExecutor.execute(TestSuiteExecutor.java:106)
	at com.kms.katalon.core.main.TestCaseMain.startTestSuite(TestCaseMain.java:185)
	at com.kms.katalon.core.main.TestCaseMain$startTestSuite$0.call(Unknown Source)
	at TempTestSuite1651245283467.run(TempTestSuite1651245283467.groovy:36)
Caused by: com.kms.katalon.core.webui.exception.WebElementNotFoundException: Web element with id: 'Object Repository/1-OBJECTS TAREAS PRINCIPALES/Modulo Tarea Compensacion/Generacion_Interfaz_Contable/a_Generar' located by '//a[contains(text(),'Generar')]' not found
	at com.kms.katalon.core.webui.common.WebUiCommonHelper.findWebElement(WebUiCommonHelper.java:1370)
	at com.kms.katalon.core.webui.keyword.internal.WebUIAbstractKeyword.findWebElement(WebUIAbstractKeyword.groovy:27)
	at com.kms.katalon.core.webui.keyword.builtin.ClickKeyword$_click_closure1.doCall(ClickKeyword.groovy:65)
	at com.kms.katalon.core.webui.keyword.builtin.ClickKeyword$_click_closure1.call(ClickKeyword.groovy)
	at com.kms.katalon.core.webui.keyword.internal.WebUIKeywordMain.runKeyword(WebUIKeywordMain.groovy:20)
	at com.kms.katalon.core.webui.keyword.builtin.ClickKeyword.click(ClickKeyword.groovy:74)
	at com.kms.katalon.core.webui.keyword.builtin.ClickKeyword.execute(ClickKeyword.groovy:40)
	at com.kms.katalon.core.keyword.internal.KeywordExecutor.executeKeywordForPlatform(KeywordExecutor.groovy:74)
	at com.kms.katalon.core.webui.keyword.WebUiBuiltInKeywords.click(WebUiBuiltInKeywords.groovy:620)
	at com.kms.katalon.core.webui.keyword.WebUiBuiltInKeywords$click$5.call(Unknown Source)
	at Script1638392170168.run(Script1638392170168.groovy:51)
	... 13 more
)
[[ATTACHMENT|C:\\Users\\diego.rojas\\git\\Pruebas-Minimas\\Reports\\20220429_101443\\Test_Suite_Principales\\1-Tareas Principales\\20220429_101443\\1651247850304.png]]]]></system-out>
         <system-err><![CDATA[2022-04-29 10:54:06 - [TEST_CASE][FAILED] - Test Cases/1.1-Tareas Principales/1.7.6-Generacion_Interfaz_Contable: Test Cases/1.1-Tareas Principales/1.7.6-Generacion_Interfaz_Contable FAILED.
Reason:
com.kms.katalon.core.exception.StepFailedException: Unable to click on object 'Object Repository/1-OBJECTS TAREAS PRINCIPALES/Modulo Tarea Compensacion/Generacion_Interfaz_Contable/a_Generar'
	at com.kms.katalon.core.webui.keyword.internal.WebUIKeywordMain.stepFailed(WebUIKeywordMain.groovy:64)
	at com.kms.katalon.core.webui.keyword.internal.WebUIKeywordMain.runKeyword(WebUIKeywordMain.groovy:26)
	at com.kms.katalon.core.webui.keyword.builtin.ClickKeyword.click(ClickKeyword.groovy:74)
	at com.kms.katalon.core.webui.keyword.builtin.ClickKeyword.execute(ClickKeyword.groovy:40)
	at com.kms.katalon.core.keyword.internal.KeywordExecutor.executeKeywordForPlatform(KeywordExecutor.groovy:74)
	at com.kms.katalon.core.webui.keyword.WebUiBuiltInKeywords.click(WebUiBuiltInKeywords.groovy:620)
	at com.kms.katalon.core.webui.keyword.WebUiBuiltInKeywords$click$5.call(Unknown Source)
	at 1.7.6-Generacion_Interfaz_Contable.run(1.7.6-Generacion_Interfaz_Contable:51)
	at com.kms.katalon.core.main.ScriptEngine.run(ScriptEngine.java:194)
	at com.kms.katalon.core.main.ScriptEngine.runScriptAsRawText(ScriptEngine.java:119)
	at com.kms.katalon.core.main.TestCaseExecutor.runScript(TestCaseExecutor.java:445)
	at com.kms.katalon.core.main.TestCaseExecutor.doExecute(TestCaseExecutor.java:436)
	at com.kms.katalon.core.main.TestCaseExecutor.processExecutionPhase(TestCaseExecutor.java:415)
	at com.kms.katalon.core.main.TestCaseExecutor.accessMainPhase(TestCaseExecutor.java:407)
	at com.kms.katalon.core.main.TestCaseExecutor.execute(TestCaseExecutor.java:284)
	at com.kms.katalon.core.common.CommonExecutor.accessTestCaseMainPhase(CommonExecutor.java:65)
	at com.kms.katalon.core.main.TestSuiteExecutor.accessTestSuiteMainPhase(TestSuiteExecutor.java:144)
	at com.kms.katalon.core.main.TestSuiteExecutor.execute(TestSuiteExecutor.java:106)
	at com.kms.katalon.core.main.TestCaseMain.startTestSuite(TestCaseMain.java:185)
	at com.kms.katalon.core.main.TestCaseMain$startTestSuite$0.call(Unknown Source)
	at TempTestSuite1651245283467.run(TempTestSuite1651245283467.groovy:36)
Caused by: com.kms.katalon.core.webui.exception.WebElementNotFoundException: Web element with id: 'Object Repository/1-OBJECTS TAREAS PRINCIPALES/Modulo Tarea Compensacion/Generacion_Interfaz_Contable/a_Generar' located by '//a[contains(text(),'Generar')]' not found
	at com.kms.katalon.core.webui.common.WebUiCommonHelper.findWebElement(WebUiCommonHelper.java:1370)
	at com.kms.katalon.core.webui.keyword.internal.WebUIAbstractKeyword.findWebElement(WebUIAbstractKeyword.groovy:27)
	at com.kms.katalon.core.webui.keyword.builtin.ClickKeyword$_click_closure1.doCall(ClickKeyword.groovy:65)
	at com.kms.katalon.core.webui.keyword.builtin.ClickKeyword$_click_closure1.call(ClickKeyword.groovy)
	at com.kms.katalon.core.webui.keyword.internal.WebUIKeywordMain.runKeyword(WebUIKeywordMain.groovy:20)
	... 19 more]]></system-err>
      </testcase>
      <testcase name="Test Cases/1.1-Tareas Principales/1.7.7-Crear_Días_Festivos" time="42.09" classname="Test Cases/1.1-Tareas Principales/1.7.7-Crear_Días_Festivos" status="PASSED">
         <system-out><![CDATA[2022-04-29 10:57:30 - [TEST_CASE][PASSED] - Test Cases/1.1-Tareas Principales/1.7.7-Crear_Días_Festivos: Test Cases/1.1-Tareas Principales/1.7.7-Crear_Días_Festivos

2022-04-29 10:57:30 - [TEST_STEP][PASSED] - callTestCase(findTestCase("0.1-Login"), [:], STOP_ON_FAILURE): Call Test Case 'Test Cases/0.1-Login' successfully

2022-04-29 10:57:30 - [TEST_CASE][PASSED] - Test Cases/0.1-Login: Test Cases/0.1-Login

2022-04-29 10:57:30 - [TEST_STEP][PASSED] - openBrowser(""): Browser is opened with url: ''

2022-04-29 10:57:30 - [MESSAGE][WARNING] - A browser is already opened. Closing browser and opening a new one

2022-04-29 10:57:31 - [MESSAGE][INFO] - Starting 'Chrome' driver

2022-04-29 10:57:31 - [MESSAGE][INFO] - Action delay is set to 0 milliseconds

2022-04-29 10:57:32 - [MESSAGE][PASSED] - Browser is opened with url: ''

2022-04-29 10:57:32 - [TEST_STEP][PASSED] - maximizeWindow(): Current window maximized

2022-04-29 10:57:32 - [MESSAGE][PASSED] - Current window maximized

2022-04-29 10:57:32 - [TEST_STEP][PASSED] - i = G_Login: null

2022-04-29 10:57:32 - [TEST_STEP][PASSED] - url = new java.net.URL(i): null

2022-04-29 10:57:32 - [TEST_STEP][PASSED] - println("URL: " + url.toString()): null

2022-04-29 10:57:32 - [TEST_STEP][PASSED] - connection = url.openConnection(): null

2022-04-29 10:57:32 - [TEST_STEP][PASSED] - connection.setRequestMethod("GET"): null

2022-04-29 10:57:32 - [TEST_STEP][PASSED] - connection.setReadTimeout(2 * 1000): null

2022-04-29 10:57:32 - [TEST_STEP][PASSED] - try: null

2022-04-29 10:57:32 - [TEST_STEP][PASSED] - connection.connect(): null

2022-04-29 10:57:32 - [TEST_STEP][PASSED] - flag = connected: null

2022-04-29 10:57:32 - [TEST_STEP][PASSED] - println("Valor_ori: " + flag): null

2022-04-29 10:57:32 - [TEST_STEP][PASSED] - if (flag): null

2022-04-29 10:57:32 - [TEST_STEP][PASSED] - navigateToUrl(i): Navigate to 'http://192.168.2.19:8380/saraweb' successfully

2022-04-29 10:57:33 - [MESSAGE][PASSED] - Navigate to 'http://192.168.2.19:8380/saraweb' successfully

2022-04-29 10:57:33 - [TEST_STEP][PASSED] - a(): null

2022-04-29 10:57:33 - [TEST_STEP][PASSED] - setText(findTestObject("3-OBJECTS UTILIDADES/Login/input_USUARIO_loginusuario"), G_Usuario): Text 'saraadmin' is set on object 'Object Repository/3-OBJECTS UTILIDADES/Login/input_USUARIO_loginusuario'

2022-04-29 10:57:34 - [MESSAGE][PASSED] - Text 'saraadmin' is set on object 'Object Repository/3-OBJECTS UTILIDADES/Login/input_USUARIO_loginusuario'

2022-04-29 10:57:34 - [TEST_STEP][PASSED] - setEncryptedText(findTestObject("3-OBJECTS UTILIDADES/Login/input_CLAVE_loginpassword"), "MkG4/TYiCFC3cb2driP7+Q=="): Text ****** has been set on object 'Object Repository/3-OBJECTS UTILIDADES/Login/input_CLAVE_loginpassword'

2022-04-29 10:57:34 - [MESSAGE][PASSED] - Text ****** has been set on object 'Object Repository/3-OBJECTS UTILIDADES/Login/input_CLAVE_loginpassword'

2022-04-29 10:57:34 - [TEST_STEP][PASSED] - waitForElementClickable(findTestObject("3-OBJECTS UTILIDADES/Login/a_Ingresar"), G_TimeOut): Object 'Object Repository/3-OBJECTS UTILIDADES/Login/a_Ingresar' is clickable

2022-04-29 10:57:35 - [MESSAGE][PASSED] - Object 'Object Repository/3-OBJECTS UTILIDADES/Login/a_Ingresar' is clickable

2022-04-29 10:57:35 - [TEST_STEP][PASSED] - click(findTestObject("3-OBJECTS UTILIDADES/Login/a_Ingresar")): Object: 'Object Repository/3-OBJECTS UTILIDADES/Login/a_Ingresar' is clicked on

2022-04-29 10:57:36 - [MESSAGE][PASSED] - Object: 'Object Repository/3-OBJECTS UTILIDADES/Login/a_Ingresar' is clicked on

2022-04-29 10:57:36 - [TEST_STEP][PASSED] - element = findWebElement(findTestObject("3-OBJECTS UTILIDADES/Login/a_Ir"), 30): null

2022-04-29 10:57:37 - [TEST_STEP][PASSED] - executeJavaScript("arguments[0].click()", Arrays.asList(element)): Execute JavaScript 'arguments[0].click()' successfully

2022-04-29 10:57:37 - [MESSAGE][PASSED] - Execute JavaScript 'arguments[0].click()' successfully

2022-04-29 10:57:37 - [MESSAGE][PASSED] - Call Test Case 'Test Cases/0.1-Login' successfully

2022-04-29 10:57:37 - [TEST_STEP][PASSED] - setText(findTestObject("1-OBJECTS TAREAS PRINCIPALES/Modulo Tarea Compensacion/Crear_Días_Festivos/input_Empresa 1_form_templatej_idt24_input"), "Dias Festivos"): Text 'Dias Festivos' is set on object 'Object Repository/1-OBJECTS TAREAS PRINCIPALES/Modulo Tarea Compensacion/Crear_Días_Festivos/input_Empresa 1_form_templatej_idt24_input'

2022-04-29 10:57:38 - [MESSAGE][PASSED] - Text 'Dias Festivos' is set on object 'Object Repository/1-OBJECTS TAREAS PRINCIPALES/Modulo Tarea Compensacion/Crear_Días_Festivos/input_Empresa 1_form_templatej_idt24_input'

2022-04-29 10:57:38 - [TEST_STEP][PASSED] - click(findTestObject("1-OBJECTS TAREAS PRINCIPALES/Modulo Tarea Compensacion/Crear_Días_Festivos/li_Dias Festivos (com)")): Object: 'Object Repository/1-OBJECTS TAREAS PRINCIPALES/Modulo Tarea Compensacion/Crear_Días_Festivos/li_Dias Festivos (com)' is clicked on

2022-04-29 10:57:40 - [MESSAGE][PASSED] - Object: 'Object Repository/1-OBJECTS TAREAS PRINCIPALES/Modulo Tarea Compensacion/Crear_Días_Festivos/li_Dias Festivos (com)' is clicked on

2022-04-29 10:57:40 - [TEST_STEP][PASSED] - setText(findTestObject("1-OBJECTS TAREAS PRINCIPALES/Modulo Tarea Compensacion/Crear_Días_Festivos/input_Actos Administrativos_form_diasfestivosdescripcionFiltroConcepto"), "pruebas katalon"): Text 'pruebas katalon' is set on object 'Object Repository/1-OBJECTS TAREAS PRINCIPALES/Modulo Tarea Compensacion/Crear_Días_Festivos/input_Actos Administrativos_form_diasfestivosdescripcionFiltroConcepto'

2022-04-29 10:57:41 - [MESSAGE][PASSED] - Text 'pruebas katalon' is set on object 'Object Repository/1-OBJECTS TAREAS PRINCIPALES/Modulo Tarea Compensacion/Crear_Días_Festivos/input_Actos Administrativos_form_diasfestivosdescripcionFiltroConcepto'

2022-04-29 10:57:41 - [TEST_STEP][PASSED] - sendKeys(findTestObject("1-OBJECTS TAREAS PRINCIPALES/Modulo Tarea Compensacion/Crear_Días_Festivos/input_Actos Administrativos_form_diasfestivosdescripcionFiltroConcepto"), Keys.chord(ENTER)): Keys 'ENTER + ' sent to object: 'Object Repository/1-OBJECTS TAREAS PRINCIPALES/Modulo Tarea Compensacion/Crear_Días_Festivos/input_Actos Administrativos_form_diasfestivosdescripcionFiltroConcepto'

2022-04-29 10:57:42 - [MESSAGE][PASSED] - Keys 'ENTER + ' sent to object: 'Object Repository/1-OBJECTS TAREAS PRINCIPALES/Modulo Tarea Compensacion/Crear_Días_Festivos/input_Actos Administrativos_form_diasfestivosdescripcionFiltroConcepto'

2022-04-29 10:57:42 - [TEST_STEP][PASSED] - if (waitForElementVisible(findTestObject("1-OBJECTS TAREAS PRINCIPALES/Modulo Tarea Compensacion/Crear_Días_Festivos/td_Pruebas katalon"), 1)): null

2022-04-29 10:57:43 - [MESSAGE][PASSED] - Object 'Object Repository/1-OBJECTS TAREAS PRINCIPALES/Modulo Tarea Compensacion/Crear_Días_Festivos/td_Pruebas katalon' is visible

2022-04-29 10:57:43 - [TEST_STEP][PASSED] - click(findTestObject("1-OBJECTS TAREAS PRINCIPALES/Modulo Tarea Compensacion/Crear_Días_Festivos/td_Pruebas katalon"), STOP_ON_FAILURE): Object: 'Object Repository/1-OBJECTS TAREAS PRINCIPALES/Modulo Tarea Compensacion/Crear_Días_Festivos/td_Pruebas katalon' is clicked on

2022-04-29 10:57:43 - [MESSAGE][PASSED] - Object: 'Object Repository/1-OBJECTS TAREAS PRINCIPALES/Modulo Tarea Compensacion/Crear_Días_Festivos/td_Pruebas katalon' is clicked on

2022-04-29 10:57:43 - [TEST_STEP][PASSED] - leerMes = getText(findTestObject("1-OBJECTS TAREAS PRINCIPALES/Modulo Tarea Compensacion/Crear_Días_Festivos/h2_enero 2021")): Text of object 'Object Repository/1-OBJECTS TAREAS PRINCIPALES/Modulo Tarea Compensacion/Crear_Días_Festivos/h2_enero 2021' is: 'abril de 2022'

2022-04-29 10:57:45 - [MESSAGE][PASSED] - Text of object 'Object Repository/1-OBJECTS TAREAS PRINCIPALES/Modulo Tarea Compensacion/Crear_Días_Festivos/h2_enero 2021' is: 'abril de 2022'

2022-04-29 10:57:45 - [TEST_STEP][PASSED] - Mes = leerMes: null

2022-04-29 10:57:45 - [TEST_STEP][PASSED] - while (Mes != "enero de 2021"): null

2022-04-29 10:57:45 - [TEST_STEP][PASSED] - click(findTestObject("1-OBJECTS TAREAS PRINCIPALES/Modulo Tarea Compensacion/Crear_Días_Festivos/span_Modo_fc-icon fc-icon-left-single-arrow_regresarMes"), STOP_ON_FAILURE): Object: 'Object Repository/1-OBJECTS TAREAS PRINCIPALES/Modulo Tarea Compensacion/Crear_Días_Festivos/span_Modo_fc-icon fc-icon-left-single-arrow_regresarMes' is clicked on

2022-04-29 10:57:45 - [MESSAGE][PASSED] - Object: 'Object Repository/1-OBJECTS TAREAS PRINCIPALES/Modulo Tarea Compensacion/Crear_Días_Festivos/span_Modo_fc-icon fc-icon-left-single-arrow_regresarMes' is clicked on

2022-04-29 10:57:45 - [TEST_STEP][PASSED] - Mes1 = getText(findTestObject("1-OBJECTS TAREAS PRINCIPALES/Modulo Tarea Compensacion/Crear_Días_Festivos/h2_enero 2021")): Text of object 'Object Repository/1-OBJECTS TAREAS PRINCIPALES/Modulo Tarea Compensacion/Crear_Días_Festivos/h2_enero 2021' is: 'marzo de 2022'

2022-04-29 10:57:46 - [MESSAGE][PASSED] - Text of object 'Object Repository/1-OBJECTS TAREAS PRINCIPALES/Modulo Tarea Compensacion/Crear_Días_Festivos/h2_enero 2021' is: 'marzo de 2022'

2022-04-29 10:57:46 - [TEST_STEP][PASSED] - Mes = Mes1: null

2022-04-29 10:57:46 - [TEST_STEP][PASSED] - click(findTestObject("1-OBJECTS TAREAS PRINCIPALES/Modulo Tarea Compensacion/Crear_Días_Festivos/span_Modo_fc-icon fc-icon-left-single-arrow_regresarMes"), STOP_ON_FAILURE): Object: 'Object Repository/1-OBJECTS TAREAS PRINCIPALES/Modulo Tarea Compensacion/Crear_Días_Festivos/span_Modo_fc-icon fc-icon-left-single-arrow_regresarMes' is clicked on

2022-04-29 10:57:47 - [MESSAGE][PASSED] - Object: 'Object Repository/1-OBJECTS TAREAS PRINCIPALES/Modulo Tarea Compensacion/Crear_Días_Festivos/span_Modo_fc-icon fc-icon-left-single-arrow_regresarMes' is clicked on

2022-04-29 10:57:47 - [TEST_STEP][PASSED] - Mes1 = getText(findTestObject("1-OBJECTS TAREAS PRINCIPALES/Modulo Tarea Compensacion/Crear_Días_Festivos/h2_enero 2021")): Text of object 'Object Repository/1-OBJECTS TAREAS PRINCIPALES/Modulo Tarea Compensacion/Crear_Días_Festivos/h2_enero 2021' is: 'febrero de 2022'

2022-04-29 10:57:47 - [MESSAGE][PASSED] - Text of object 'Object Repository/1-OBJECTS TAREAS PRINCIPALES/Modulo Tarea Compensacion/Crear_Días_Festivos/h2_enero 2021' is: 'febrero de 2022'

2022-04-29 10:57:47 - [TEST_STEP][PASSED] - Mes = Mes1: null

2022-04-29 10:57:47 - [TEST_STEP][PASSED] - click(findTestObject("1-OBJECTS TAREAS PRINCIPALES/Modulo Tarea Compensacion/Crear_Días_Festivos/span_Modo_fc-icon fc-icon-left-single-arrow_regresarMes"), STOP_ON_FAILURE): Object: 'Object Repository/1-OBJECTS TAREAS PRINCIPALES/Modulo Tarea Compensacion/Crear_Días_Festivos/span_Modo_fc-icon fc-icon-left-single-arrow_regresarMes' is clicked on

2022-04-29 10:57:48 - [MESSAGE][PASSED] - Object: 'Object Repository/1-OBJECTS TAREAS PRINCIPALES/Modulo Tarea Compensacion/Crear_Días_Festivos/span_Modo_fc-icon fc-icon-left-single-arrow_regresarMes' is clicked on

2022-04-29 10:57:48 - [TEST_STEP][PASSED] - Mes1 = getText(findTestObject("1-OBJECTS TAREAS PRINCIPALES/Modulo Tarea Compensacion/Crear_Días_Festivos/h2_enero 2021")): Text of object 'Object Repository/1-OBJECTS TAREAS PRINCIPALES/Modulo Tarea Compensacion/Crear_Días_Festivos/h2_enero 2021' is: 'enero de 2022'

2022-04-29 10:57:48 - [MESSAGE][PASSED] - Text of object 'Object Repository/1-OBJECTS TAREAS PRINCIPALES/Modulo Tarea Compensacion/Crear_Días_Festivos/h2_enero 2021' is: 'enero de 2022'

2022-04-29 10:57:48 - [TEST_STEP][PASSED] - Mes = Mes1: null

2022-04-29 10:57:48 - [TEST_STEP][PASSED] - click(findTestObject("1-OBJECTS TAREAS PRINCIPALES/Modulo Tarea Compensacion/Crear_Días_Festivos/span_Modo_fc-icon fc-icon-left-single-arrow_regresarMes"), STOP_ON_FAILURE): Object: 'Object Repository/1-OBJECTS TAREAS PRINCIPALES/Modulo Tarea Compensacion/Crear_Días_Festivos/span_Modo_fc-icon fc-icon-left-single-arrow_regresarMes' is clicked on

2022-04-29 10:57:49 - [MESSAGE][PASSED] - Object: 'Object Repository/1-OBJECTS TAREAS PRINCIPALES/Modulo Tarea Compensacion/Crear_Días_Festivos/span_Modo_fc-icon fc-icon-left-single-arrow_regresarMes' is clicked on

2022-04-29 10:57:49 - [TEST_STEP][PASSED] - Mes1 = getText(findTestObject("1-OBJECTS TAREAS PRINCIPALES/Modulo Tarea Compensacion/Crear_Días_Festivos/h2_enero 2021")): Text of object 'Object Repository/1-OBJECTS TAREAS PRINCIPALES/Modulo Tarea Compensacion/Crear_Días_Festivos/h2_enero 2021' is: 'diciembre de 2021'

2022-04-29 10:57:49 - [MESSAGE][PASSED] - Text of object 'Object Repository/1-OBJECTS TAREAS PRINCIPALES/Modulo Tarea Compensacion/Crear_Días_Festivos/h2_enero 2021' is: 'diciembre de 2021'

2022-04-29 10:57:49 - [TEST_STEP][PASSED] - Mes = Mes1: null

2022-04-29 10:57:49 - [TEST_STEP][PASSED] - click(findTestObject("1-OBJECTS TAREAS PRINCIPALES/Modulo Tarea Compensacion/Crear_Días_Festivos/span_Modo_fc-icon fc-icon-left-single-arrow_regresarMes"), STOP_ON_FAILURE): Object: 'Object Repository/1-OBJECTS TAREAS PRINCIPALES/Modulo Tarea Compensacion/Crear_Días_Festivos/span_Modo_fc-icon fc-icon-left-single-arrow_regresarMes' is clicked on

2022-04-29 10:57:50 - [MESSAGE][PASSED] - Object: 'Object Repository/1-OBJECTS TAREAS PRINCIPALES/Modulo Tarea Compensacion/Crear_Días_Festivos/span_Modo_fc-icon fc-icon-left-single-arrow_regresarMes' is clicked on

2022-04-29 10:57:50 - [TEST_STEP][PASSED] - Mes1 = getText(findTestObject("1-OBJECTS TAREAS PRINCIPALES/Modulo Tarea Compensacion/Crear_Días_Festivos/h2_enero 2021")): Text of object 'Object Repository/1-OBJECTS TAREAS PRINCIPALES/Modulo Tarea Compensacion/Crear_Días_Festivos/h2_enero 2021' is: 'noviembre de 2021'

2022-04-29 10:57:50 - [MESSAGE][PASSED] - Text of object 'Object Repository/1-OBJECTS TAREAS PRINCIPALES/Modulo Tarea Compensacion/Crear_Días_Festivos/h2_enero 2021' is: 'noviembre de 2021'

2022-04-29 10:57:50 - [TEST_STEP][PASSED] - Mes = Mes1: null

2022-04-29 10:57:50 - [TEST_STEP][PASSED] - click(findTestObject("1-OBJECTS TAREAS PRINCIPALES/Modulo Tarea Compensacion/Crear_Días_Festivos/span_Modo_fc-icon fc-icon-left-single-arrow_regresarMes"), STOP_ON_FAILURE): Object: 'Object Repository/1-OBJECTS TAREAS PRINCIPALES/Modulo Tarea Compensacion/Crear_Días_Festivos/span_Modo_fc-icon fc-icon-left-single-arrow_regresarMes' is clicked on

2022-04-29 10:57:51 - [MESSAGE][PASSED] - Object: 'Object Repository/1-OBJECTS TAREAS PRINCIPALES/Modulo Tarea Compensacion/Crear_Días_Festivos/span_Modo_fc-icon fc-icon-left-single-arrow_regresarMes' is clicked on

2022-04-29 10:57:51 - [TEST_STEP][PASSED] - Mes1 = getText(findTestObject("1-OBJECTS TAREAS PRINCIPALES/Modulo Tarea Compensacion/Crear_Días_Festivos/h2_enero 2021")): Text of object 'Object Repository/1-OBJECTS TAREAS PRINCIPALES/Modulo Tarea Compensacion/Crear_Días_Festivos/h2_enero 2021' is: 'octubre de 2021'

2022-04-29 10:57:52 - [MESSAGE][PASSED] - Text of object 'Object Repository/1-OBJECTS TAREAS PRINCIPALES/Modulo Tarea Compensacion/Crear_Días_Festivos/h2_enero 2021' is: 'octubre de 2021'

2022-04-29 10:57:52 - [TEST_STEP][PASSED] - Mes = Mes1: null

2022-04-29 10:57:52 - [TEST_STEP][PASSED] - click(findTestObject("1-OBJECTS TAREAS PRINCIPALES/Modulo Tarea Compensacion/Crear_Días_Festivos/span_Modo_fc-icon fc-icon-left-single-arrow_regresarMes"), STOP_ON_FAILURE): Object: 'Object Repository/1-OBJECTS TAREAS PRINCIPALES/Modulo Tarea Compensacion/Crear_Días_Festivos/span_Modo_fc-icon fc-icon-left-single-arrow_regresarMes' is clicked on

2022-04-29 10:57:52 - [MESSAGE][PASSED] - Object: 'Object Repository/1-OBJECTS TAREAS PRINCIPALES/Modulo Tarea Compensacion/Crear_Días_Festivos/span_Modo_fc-icon fc-icon-left-single-arrow_regresarMes' is clicked on

2022-04-29 10:57:52 - [TEST_STEP][PASSED] - Mes1 = getText(findTestObject("1-OBJECTS TAREAS PRINCIPALES/Modulo Tarea Compensacion/Crear_Días_Festivos/h2_enero 2021")): Text of object 'Object Repository/1-OBJECTS TAREAS PRINCIPALES/Modulo Tarea Compensacion/Crear_Días_Festivos/h2_enero 2021' is: 'septiembre de 2021'

2022-04-29 10:57:53 - [MESSAGE][PASSED] - Text of object 'Object Repository/1-OBJECTS TAREAS PRINCIPALES/Modulo Tarea Compensacion/Crear_Días_Festivos/h2_enero 2021' is: 'septiembre de 2021'

2022-04-29 10:57:53 - [TEST_STEP][PASSED] - Mes = Mes1: null

2022-04-29 10:57:53 - [TEST_STEP][PASSED] - click(findTestObject("1-OBJECTS TAREAS PRINCIPALES/Modulo Tarea Compensacion/Crear_Días_Festivos/span_Modo_fc-icon fc-icon-left-single-arrow_regresarMes"), STOP_ON_FAILURE): Object: 'Object Repository/1-OBJECTS TAREAS PRINCIPALES/Modulo Tarea Compensacion/Crear_Días_Festivos/span_Modo_fc-icon fc-icon-left-single-arrow_regresarMes' is clicked on

2022-04-29 10:57:53 - [MESSAGE][PASSED] - Object: 'Object Repository/1-OBJECTS TAREAS PRINCIPALES/Modulo Tarea Compensacion/Crear_Días_Festivos/span_Modo_fc-icon fc-icon-left-single-arrow_regresarMes' is clicked on

2022-04-29 10:57:53 - [TEST_STEP][PASSED] - Mes1 = getText(findTestObject("1-OBJECTS TAREAS PRINCIPALES/Modulo Tarea Compensacion/Crear_Días_Festivos/h2_enero 2021")): Text of object 'Object Repository/1-OBJECTS TAREAS PRINCIPALES/Modulo Tarea Compensacion/Crear_Días_Festivos/h2_enero 2021' is: 'agosto de 2021'

2022-04-29 10:57:54 - [MESSAGE][PASSED] - Text of object 'Object Repository/1-OBJECTS TAREAS PRINCIPALES/Modulo Tarea Compensacion/Crear_Días_Festivos/h2_enero 2021' is: 'agosto de 2021'

2022-04-29 10:57:54 - [TEST_STEP][PASSED] - Mes = Mes1: null

2022-04-29 10:57:54 - [TEST_STEP][PASSED] - click(findTestObject("1-OBJECTS TAREAS PRINCIPALES/Modulo Tarea Compensacion/Crear_Días_Festivos/span_Modo_fc-icon fc-icon-left-single-arrow_regresarMes"), STOP_ON_FAILURE): Object: 'Object Repository/1-OBJECTS TAREAS PRINCIPALES/Modulo Tarea Compensacion/Crear_Días_Festivos/span_Modo_fc-icon fc-icon-left-single-arrow_regresarMes' is clicked on

2022-04-29 10:57:54 - [MESSAGE][PASSED] - Object: 'Object Repository/1-OBJECTS TAREAS PRINCIPALES/Modulo Tarea Compensacion/Crear_Días_Festivos/span_Modo_fc-icon fc-icon-left-single-arrow_regresarMes' is clicked on

2022-04-29 10:57:54 - [TEST_STEP][PASSED] - Mes1 = getText(findTestObject("1-OBJECTS TAREAS PRINCIPALES/Modulo Tarea Compensacion/Crear_Días_Festivos/h2_enero 2021")): Text of object 'Object Repository/1-OBJECTS TAREAS PRINCIPALES/Modulo Tarea Compensacion/Crear_Días_Festivos/h2_enero 2021' is: 'julio de 2021'

2022-04-29 10:57:55 - [MESSAGE][PASSED] - Text of object 'Object Repository/1-OBJECTS TAREAS PRINCIPALES/Modulo Tarea Compensacion/Crear_Días_Festivos/h2_enero 2021' is: 'julio de 2021'

2022-04-29 10:57:55 - [TEST_STEP][PASSED] - Mes = Mes1: null

2022-04-29 10:57:55 - [TEST_STEP][PASSED] - click(findTestObject("1-OBJECTS TAREAS PRINCIPALES/Modulo Tarea Compensacion/Crear_Días_Festivos/span_Modo_fc-icon fc-icon-left-single-arrow_regresarMes"), STOP_ON_FAILURE): Object: 'Object Repository/1-OBJECTS TAREAS PRINCIPALES/Modulo Tarea Compensacion/Crear_Días_Festivos/span_Modo_fc-icon fc-icon-left-single-arrow_regresarMes' is clicked on

2022-04-29 10:57:56 - [MESSAGE][PASSED] - Object: 'Object Repository/1-OBJECTS TAREAS PRINCIPALES/Modulo Tarea Compensacion/Crear_Días_Festivos/span_Modo_fc-icon fc-icon-left-single-arrow_regresarMes' is clicked on

2022-04-29 10:57:56 - [TEST_STEP][PASSED] - Mes1 = getText(findTestObject("1-OBJECTS TAREAS PRINCIPALES/Modulo Tarea Compensacion/Crear_Días_Festivos/h2_enero 2021")): Text of object 'Object Repository/1-OBJECTS TAREAS PRINCIPALES/Modulo Tarea Compensacion/Crear_Días_Festivos/h2_enero 2021' is: 'junio de 2021'

2022-04-29 10:57:57 - [MESSAGE][PASSED] - Text of object 'Object Repository/1-OBJECTS TAREAS PRINCIPALES/Modulo Tarea Compensacion/Crear_Días_Festivos/h2_enero 2021' is: 'junio de 2021'

2022-04-29 10:57:57 - [TEST_STEP][PASSED] - Mes = Mes1: null

2022-04-29 10:57:57 - [TEST_STEP][PASSED] - click(findTestObject("1-OBJECTS TAREAS PRINCIPALES/Modulo Tarea Compensacion/Crear_Días_Festivos/span_Modo_fc-icon fc-icon-left-single-arrow_regresarMes"), STOP_ON_FAILURE): Object: 'Object Repository/1-OBJECTS TAREAS PRINCIPALES/Modulo Tarea Compensacion/Crear_Días_Festivos/span_Modo_fc-icon fc-icon-left-single-arrow_regresarMes' is clicked on

2022-04-29 10:57:57 - [MESSAGE][PASSED] - Object: 'Object Repository/1-OBJECTS TAREAS PRINCIPALES/Modulo Tarea Compensacion/Crear_Días_Festivos/span_Modo_fc-icon fc-icon-left-single-arrow_regresarMes' is clicked on

2022-04-29 10:57:57 - [TEST_STEP][PASSED] - Mes1 = getText(findTestObject("1-OBJECTS TAREAS PRINCIPALES/Modulo Tarea Compensacion/Crear_Días_Festivos/h2_enero 2021")): Text of object 'Object Repository/1-OBJECTS TAREAS PRINCIPALES/Modulo Tarea Compensacion/Crear_Días_Festivos/h2_enero 2021' is: 'mayo de 2021'

2022-04-29 10:57:58 - [MESSAGE][PASSED] - Text of object 'Object Repository/1-OBJECTS TAREAS PRINCIPALES/Modulo Tarea Compensacion/Crear_Días_Festivos/h2_enero 2021' is: 'mayo de 2021'

2022-04-29 10:57:58 - [TEST_STEP][PASSED] - Mes = Mes1: null

2022-04-29 10:57:58 - [TEST_STEP][PASSED] - click(findTestObject("1-OBJECTS TAREAS PRINCIPALES/Modulo Tarea Compensacion/Crear_Días_Festivos/span_Modo_fc-icon fc-icon-left-single-arrow_regresarMes"), STOP_ON_FAILURE): Object: 'Object Repository/1-OBJECTS TAREAS PRINCIPALES/Modulo Tarea Compensacion/Crear_Días_Festivos/span_Modo_fc-icon fc-icon-left-single-arrow_regresarMes' is clicked on

2022-04-29 10:57:58 - [MESSAGE][PASSED] - Object: 'Object Repository/1-OBJECTS TAREAS PRINCIPALES/Modulo Tarea Compensacion/Crear_Días_Festivos/span_Modo_fc-icon fc-icon-left-single-arrow_regresarMes' is clicked on

2022-04-29 10:57:58 - [TEST_STEP][PASSED] - Mes1 = getText(findTestObject("1-OBJECTS TAREAS PRINCIPALES/Modulo Tarea Compensacion/Crear_Días_Festivos/h2_enero 2021")): Text of object 'Object Repository/1-OBJECTS TAREAS PRINCIPALES/Modulo Tarea Compensacion/Crear_Días_Festivos/h2_enero 2021' is: 'abril de 2021'

2022-04-29 10:57:59 - [MESSAGE][PASSED] - Text of object 'Object Repository/1-OBJECTS TAREAS PRINCIPALES/Modulo Tarea Compensacion/Crear_Días_Festivos/h2_enero 2021' is: 'abril de 2021'

2022-04-29 10:57:59 - [TEST_STEP][PASSED] - Mes = Mes1: null

2022-04-29 10:57:59 - [TEST_STEP][PASSED] - click(findTestObject("1-OBJECTS TAREAS PRINCIPALES/Modulo Tarea Compensacion/Crear_Días_Festivos/span_Modo_fc-icon fc-icon-left-single-arrow_regresarMes"), STOP_ON_FAILURE): Object: 'Object Repository/1-OBJECTS TAREAS PRINCIPALES/Modulo Tarea Compensacion/Crear_Días_Festivos/span_Modo_fc-icon fc-icon-left-single-arrow_regresarMes' is clicked on

2022-04-29 10:57:59 - [MESSAGE][PASSED] - Object: 'Object Repository/1-OBJECTS TAREAS PRINCIPALES/Modulo Tarea Compensacion/Crear_Días_Festivos/span_Modo_fc-icon fc-icon-left-single-arrow_regresarMes' is clicked on

2022-04-29 10:57:59 - [TEST_STEP][PASSED] - Mes1 = getText(findTestObject("1-OBJECTS TAREAS PRINCIPALES/Modulo Tarea Compensacion/Crear_Días_Festivos/h2_enero 2021")): Text of object 'Object Repository/1-OBJECTS TAREAS PRINCIPALES/Modulo Tarea Compensacion/Crear_Días_Festivos/h2_enero 2021' is: 'marzo de 2021'

2022-04-29 10:58:00 - [MESSAGE][PASSED] - Text of object 'Object Repository/1-OBJECTS TAREAS PRINCIPALES/Modulo Tarea Compensacion/Crear_Días_Festivos/h2_enero 2021' is: 'marzo de 2021'

2022-04-29 10:58:00 - [TEST_STEP][PASSED] - Mes = Mes1: null

2022-04-29 10:58:00 - [TEST_STEP][PASSED] - click(findTestObject("1-OBJECTS TAREAS PRINCIPALES/Modulo Tarea Compensacion/Crear_Días_Festivos/span_Modo_fc-icon fc-icon-left-single-arrow_regresarMes"), STOP_ON_FAILURE): Object: 'Object Repository/1-OBJECTS TAREAS PRINCIPALES/Modulo Tarea Compensacion/Crear_Días_Festivos/span_Modo_fc-icon fc-icon-left-single-arrow_regresarMes' is clicked on

2022-04-29 10:58:00 - [MESSAGE][PASSED] - Object: 'Object Repository/1-OBJECTS TAREAS PRINCIPALES/Modulo Tarea Compensacion/Crear_Días_Festivos/span_Modo_fc-icon fc-icon-left-single-arrow_regresarMes' is clicked on

2022-04-29 10:58:00 - [TEST_STEP][PASSED] - Mes1 = getText(findTestObject("1-OBJECTS TAREAS PRINCIPALES/Modulo Tarea Compensacion/Crear_Días_Festivos/h2_enero 2021")): Text of object 'Object Repository/1-OBJECTS TAREAS PRINCIPALES/Modulo Tarea Compensacion/Crear_Días_Festivos/h2_enero 2021' is: 'febrero de 2021'

2022-04-29 10:58:00 - [MESSAGE][PASSED] - Text of object 'Object Repository/1-OBJECTS TAREAS PRINCIPALES/Modulo Tarea Compensacion/Crear_Días_Festivos/h2_enero 2021' is: 'febrero de 2021'

2022-04-29 10:58:00 - [TEST_STEP][PASSED] - Mes = Mes1: null

2022-04-29 10:58:00 - [TEST_STEP][PASSED] - click(findTestObject("1-OBJECTS TAREAS PRINCIPALES/Modulo Tarea Compensacion/Crear_Días_Festivos/span_Modo_fc-icon fc-icon-left-single-arrow_regresarMes"), STOP_ON_FAILURE): Object: 'Object Repository/1-OBJECTS TAREAS PRINCIPALES/Modulo Tarea Compensacion/Crear_Días_Festivos/span_Modo_fc-icon fc-icon-left-single-arrow_regresarMes' is clicked on

2022-04-29 10:58:01 - [MESSAGE][PASSED] - Object: 'Object Repository/1-OBJECTS TAREAS PRINCIPALES/Modulo Tarea Compensacion/Crear_Días_Festivos/span_Modo_fc-icon fc-icon-left-single-arrow_regresarMes' is clicked on

2022-04-29 10:58:01 - [TEST_STEP][PASSED] - Mes1 = getText(findTestObject("1-OBJECTS TAREAS PRINCIPALES/Modulo Tarea Compensacion/Crear_Días_Festivos/h2_enero 2021")): Text of object 'Object Repository/1-OBJECTS TAREAS PRINCIPALES/Modulo Tarea Compensacion/Crear_Días_Festivos/h2_enero 2021' is: 'enero de 2021'

2022-04-29 10:58:01 - [MESSAGE][PASSED] - Text of object 'Object Repository/1-OBJECTS TAREAS PRINCIPALES/Modulo Tarea Compensacion/Crear_Días_Festivos/h2_enero 2021' is: 'enero de 2021'

2022-04-29 10:58:01 - [TEST_STEP][PASSED] - Mes = Mes1: null

2022-04-29 10:58:01 - [TEST_STEP][PASSED] - if (waitForElementVisible(findTestObject("1-OBJECTS TAREAS PRINCIPALES/Modulo Tarea Compensacion/Crear_Días_Festivos/div_0 FESTIVO"), 1)): null

2022-04-29 10:58:02 - [MESSAGE][PASSED] - Object 'Object Repository/1-OBJECTS TAREAS PRINCIPALES/Modulo Tarea Compensacion/Crear_Días_Festivos/div_0 FESTIVO' is visible

2022-04-29 10:58:02 - [TEST_STEP][PASSED] - click(findTestObject("1-OBJECTS TAREAS PRINCIPALES/Modulo Tarea Compensacion/Crear_Días_Festivos/div_0 FESTIVO"), STOP_ON_FAILURE): Object: 'Object Repository/1-OBJECTS TAREAS PRINCIPALES/Modulo Tarea Compensacion/Crear_Días_Festivos/div_0 FESTIVO' is clicked on

2022-04-29 10:58:02 - [MESSAGE][PASSED] - Object: 'Object Repository/1-OBJECTS TAREAS PRINCIPALES/Modulo Tarea Compensacion/Crear_Días_Festivos/div_0 FESTIVO' is clicked on

2022-04-29 10:58:02 - [TEST_STEP][PASSED] - click(findTestObject("1-OBJECTS TAREAS PRINCIPALES/Modulo Tarea Compensacion/Crear_Días_Festivos/a_Eliminar Registro")): Object: 'Object Repository/1-OBJECTS TAREAS PRINCIPALES/Modulo Tarea Compensacion/Crear_Días_Festivos/a_Eliminar Registro' is clicked on

2022-04-29 10:58:03 - [MESSAGE][PASSED] - Object: 'Object Repository/1-OBJECTS TAREAS PRINCIPALES/Modulo Tarea Compensacion/Crear_Días_Festivos/a_Eliminar Registro' is clicked on

2022-04-29 10:58:03 - [TEST_STEP][PASSED] - click(findTestObject("1-OBJECTS TAREAS PRINCIPALES/Modulo Tarea Compensacion/Crear_Días_Festivos/a_Aceptar_EliminarFes")): Object: 'Object Repository/1-OBJECTS TAREAS PRINCIPALES/Modulo Tarea Compensacion/Crear_Días_Festivos/a_Aceptar_EliminarFes' is clicked on

2022-04-29 10:58:04 - [MESSAGE][PASSED] - Object: 'Object Repository/1-OBJECTS TAREAS PRINCIPALES/Modulo Tarea Compensacion/Crear_Días_Festivos/a_Aceptar_EliminarFes' is clicked on

2022-04-29 10:58:04 - [TEST_STEP][PASSED] - click(findTestObject("1-OBJECTS TAREAS PRINCIPALES/Modulo Tarea Compensacion/Crear_Días_Festivos/a_Eliminar_general")): Object: 'Object Repository/1-OBJECTS TAREAS PRINCIPALES/Modulo Tarea Compensacion/Crear_Días_Festivos/a_Eliminar_general' is clicked on

2022-04-29 10:58:05 - [MESSAGE][PASSED] - Object: 'Object Repository/1-OBJECTS TAREAS PRINCIPALES/Modulo Tarea Compensacion/Crear_Días_Festivos/a_Eliminar_general' is clicked on

2022-04-29 10:58:05 - [TEST_STEP][PASSED] - click(findTestObject("1-OBJECTS TAREAS PRINCIPALES/Modulo Tarea Compensacion/Crear_Días_Festivos/a_Aceptar_eliminar general")): Object: 'Object Repository/1-OBJECTS TAREAS PRINCIPALES/Modulo Tarea Compensacion/Crear_Días_Festivos/a_Aceptar_eliminar general' is clicked on

2022-04-29 10:58:06 - [MESSAGE][PASSED] - Object: 'Object Repository/1-OBJECTS TAREAS PRINCIPALES/Modulo Tarea Compensacion/Crear_Días_Festivos/a_Aceptar_eliminar general' is clicked on

2022-04-29 10:58:06 - [TEST_STEP][PASSED] - click(findTestObject("1-OBJECTS TAREAS PRINCIPALES/Modulo Tarea Compensacion/Crear_Días_Festivos/a_Nuevo")): Object: 'Object Repository/1-OBJECTS TAREAS PRINCIPALES/Modulo Tarea Compensacion/Crear_Días_Festivos/a_Nuevo' is clicked on

2022-04-29 10:58:06 - [MESSAGE][PASSED] - Object: 'Object Repository/1-OBJECTS TAREAS PRINCIPALES/Modulo Tarea Compensacion/Crear_Días_Festivos/a_Nuevo' is clicked on

2022-04-29 10:58:06 - [TEST_STEP][PASSED] - setText(findTestObject("1-OBJECTS TAREAS PRINCIPALES/Modulo Tarea Compensacion/Crear_Días_Festivos/input_Cdigo_form_diasfestivoscodigo"), "5"): Text '5' is set on object 'Object Repository/1-OBJECTS TAREAS PRINCIPALES/Modulo Tarea Compensacion/Crear_Días_Festivos/input_Cdigo_form_diasfestivoscodigo'

2022-04-29 10:58:07 - [MESSAGE][PASSED] - Text '5' is set on object 'Object Repository/1-OBJECTS TAREAS PRINCIPALES/Modulo Tarea Compensacion/Crear_Días_Festivos/input_Cdigo_form_diasfestivoscodigo'

2022-04-29 10:58:07 - [TEST_STEP][PASSED] - setText(findTestObject("1-OBJECTS TAREAS PRINCIPALES/Modulo Tarea Compensacion/Crear_Días_Festivos/input_Descripcin_form_diasfestivosdescripcion"), "Pruebas katalon"): Text 'Pruebas katalon' is set on object 'Object Repository/1-OBJECTS TAREAS PRINCIPALES/Modulo Tarea Compensacion/Crear_Días_Festivos/input_Descripcin_form_diasfestivosdescripcion'

2022-04-29 10:58:08 - [MESSAGE][PASSED] - Text 'Pruebas katalon' is set on object 'Object Repository/1-OBJECTS TAREAS PRINCIPALES/Modulo Tarea Compensacion/Crear_Días_Festivos/input_Descripcin_form_diasfestivosdescripcion'

2022-04-29 10:58:08 - [TEST_STEP][PASSED] - click(findTestObject("1-OBJECTS TAREAS PRINCIPALES/Modulo Tarea Compensacion/Crear_Días_Festivos/a_Actualizar")): Object: 'Object Repository/1-OBJECTS TAREAS PRINCIPALES/Modulo Tarea Compensacion/Crear_Días_Festivos/a_Actualizar' is clicked on

2022-04-29 10:58:09 - [MESSAGE][PASSED] - Object: 'Object Repository/1-OBJECTS TAREAS PRINCIPALES/Modulo Tarea Compensacion/Crear_Días_Festivos/a_Actualizar' is clicked on

2022-04-29 10:58:09 - [TEST_STEP][PASSED] - leerMes = getText(findTestObject("1-OBJECTS TAREAS PRINCIPALES/Modulo Tarea Compensacion/Crear_Días_Festivos/h2_enero 2021")): Text of object 'Object Repository/1-OBJECTS TAREAS PRINCIPALES/Modulo Tarea Compensacion/Crear_Días_Festivos/h2_enero 2021' is: 'enero de 2021'

2022-04-29 10:58:09 - [MESSAGE][PASSED] - Text of object 'Object Repository/1-OBJECTS TAREAS PRINCIPALES/Modulo Tarea Compensacion/Crear_Días_Festivos/h2_enero 2021' is: 'enero de 2021'

2022-04-29 10:58:09 - [TEST_STEP][PASSED] - Mes = leerMes: null

2022-04-29 10:58:09 - [TEST_STEP][PASSED] - while (Mes != "enero de 2021"): null

2022-04-29 10:58:09 - [TEST_STEP][PASSED] - Result = getText(findTestObject("3-OBJECTS UTILIDADES/Alerta/Alerta")): Text of object 'Object Repository/3-OBJECTS UTILIDADES/Alerta/Alerta' is: 'Registro Actualizado'

2022-04-29 10:58:10 - [MESSAGE][PASSED] - Text of object 'Object Repository/3-OBJECTS UTILIDADES/Alerta/Alerta' is: 'Registro Actualizado'

2022-04-29 10:58:10 - [TEST_STEP][PASSED] - click(findTestObject("1-OBJECTS TAREAS PRINCIPALES/Modulo Tarea Compensacion/Crear_Días_Festivos/td_dom_fc-day fc-widget-content fc-fri fc-future_31-dic-2021")): Object: 'Object Repository/1-OBJECTS TAREAS PRINCIPALES/Modulo Tarea Compensacion/Crear_Días_Festivos/td_dom_fc-day fc-widget-content fc-fri fc-future_31-dic-2021' is clicked on

2022-04-29 10:58:10 - [MESSAGE][PASSED] - Object: 'Object Repository/1-OBJECTS TAREAS PRINCIPALES/Modulo Tarea Compensacion/Crear_Días_Festivos/td_dom_fc-day fc-widget-content fc-fri fc-future_31-dic-2021' is clicked on

2022-04-29 10:58:10 - [TEST_STEP][PASSED] - click(findTestObject("1-OBJECTS TAREAS PRINCIPALES/Modulo Tarea Compensacion/Crear_Días_Festivos/a_Aceptar0")): Object: 'Object Repository/1-OBJECTS TAREAS PRINCIPALES/Modulo Tarea Compensacion/Crear_Días_Festivos/a_Aceptar0' is clicked on

2022-04-29 10:58:11 - [MESSAGE][PASSED] - Object: 'Object Repository/1-OBJECTS TAREAS PRINCIPALES/Modulo Tarea Compensacion/Crear_Días_Festivos/a_Aceptar0' is clicked on

2022-04-29 10:58:11 - [TEST_STEP][PASSED] - scrollToElement(findTestObject("1-OBJECTS TAREAS PRINCIPALES/Modulo Tarea Compensacion/Crear_Días_Festivos/div_0 FESTIVO"), 0): Scroll to object 'Object Repository/1-OBJECTS TAREAS PRINCIPALES/Modulo Tarea Compensacion/Crear_Días_Festivos/div_0 FESTIVO' successfully

2022-04-29 10:58:11 - [MESSAGE][WARNING] - Timeout '0' is invalid. Using default page load timeout: '45'

2022-04-29 10:58:11 - [MESSAGE][PASSED] - Scroll to object 'Object Repository/1-OBJECTS TAREAS PRINCIPALES/Modulo Tarea Compensacion/Crear_Días_Festivos/div_0 FESTIVO' successfully

2022-04-29 10:58:11 - [TEST_STEP][PASSED] - if (Result == "Registro Actualizado"): Browser is closed

2022-04-29 10:58:11 - [TEST_STEP][PASSED] - Resultado = "PRUEBAS OK": null

2022-04-29 10:58:11 - [TEST_STEP][PASSED] - closeBrowser(): Browser is closed

2022-04-29 10:58:12 - [MESSAGE][PASSED] - Browser is closed]]></system-out>
         <system-err><![CDATA[]]></system-err>
      </testcase>
      <testcase name="Test Cases/1.1-Tareas Principales/1.7.8-cargue_fuente_general" time="64.941" classname="Test Cases/1.1-Tareas Principales/1.7.8-cargue_fuente_general" status="PASSED">
         <system-out><![CDATA[2022-04-29 10:58:12 - [TEST_CASE][PASSED] - Test Cases/1.1-Tareas Principales/1.7.8-cargue_fuente_general: Test Cases/1.1-Tareas Principales/1.7.8-cargue_fuente_general

2022-04-29 10:58:12 - [TEST_STEP][PASSED] - callTestCase(findTestCase("0.1-Login"), [:], STOP_ON_FAILURE): Call Test Case 'Test Cases/0.1-Login' successfully

2022-04-29 10:58:12 - [TEST_CASE][PASSED] - Test Cases/0.1-Login: Test Cases/0.1-Login

2022-04-29 10:58:12 - [TEST_STEP][PASSED] - openBrowser(""): Browser is opened with url: ''

2022-04-29 10:58:12 - [MESSAGE][INFO] - Starting 'Chrome' driver

2022-04-29 10:58:12 - [MESSAGE][INFO] - Action delay is set to 0 milliseconds

2022-04-29 10:58:14 - [MESSAGE][PASSED] - Browser is opened with url: ''

2022-04-29 10:58:14 - [TEST_STEP][PASSED] - maximizeWindow(): Current window maximized

2022-04-29 10:58:14 - [MESSAGE][PASSED] - Current window maximized

2022-04-29 10:58:14 - [TEST_STEP][PASSED] - i = G_Login: null

2022-04-29 10:58:14 - [TEST_STEP][PASSED] - url = new java.net.URL(i): null

2022-04-29 10:58:14 - [TEST_STEP][PASSED] - println("URL: " + url.toString()): null

2022-04-29 10:58:14 - [TEST_STEP][PASSED] - connection = url.openConnection(): null

2022-04-29 10:58:14 - [TEST_STEP][PASSED] - connection.setRequestMethod("GET"): null

2022-04-29 10:58:14 - [TEST_STEP][PASSED] - connection.setReadTimeout(2 * 1000): null

2022-04-29 10:58:14 - [TEST_STEP][PASSED] - try: null

2022-04-29 10:58:14 - [TEST_STEP][PASSED] - connection.connect(): null

2022-04-29 10:58:14 - [TEST_STEP][PASSED] - flag = connected: null

2022-04-29 10:58:14 - [TEST_STEP][PASSED] - println("Valor_ori: " + flag): null

2022-04-29 10:58:14 - [TEST_STEP][PASSED] - if (flag): null

2022-04-29 10:58:14 - [TEST_STEP][PASSED] - navigateToUrl(i): Navigate to 'http://192.168.2.19:8380/saraweb' successfully

2022-04-29 10:58:14 - [MESSAGE][PASSED] - Navigate to 'http://192.168.2.19:8380/saraweb' successfully

2022-04-29 10:58:14 - [TEST_STEP][PASSED] - a(): null

2022-04-29 10:58:14 - [TEST_STEP][PASSED] - setText(findTestObject("3-OBJECTS UTILIDADES/Login/input_USUARIO_loginusuario"), G_Usuario): Text 'saraadmin' is set on object 'Object Repository/3-OBJECTS UTILIDADES/Login/input_USUARIO_loginusuario'

2022-04-29 10:58:15 - [MESSAGE][PASSED] - Text 'saraadmin' is set on object 'Object Repository/3-OBJECTS UTILIDADES/Login/input_USUARIO_loginusuario'

2022-04-29 10:58:15 - [TEST_STEP][PASSED] - setEncryptedText(findTestObject("3-OBJECTS UTILIDADES/Login/input_CLAVE_loginpassword"), "MkG4/TYiCFC3cb2driP7+Q=="): Text ****** has been set on object 'Object Repository/3-OBJECTS UTILIDADES/Login/input_CLAVE_loginpassword'

2022-04-29 10:58:16 - [MESSAGE][PASSED] - Text ****** has been set on object 'Object Repository/3-OBJECTS UTILIDADES/Login/input_CLAVE_loginpassword'

2022-04-29 10:58:16 - [TEST_STEP][PASSED] - waitForElementClickable(findTestObject("3-OBJECTS UTILIDADES/Login/a_Ingresar"), G_TimeOut): Object 'Object Repository/3-OBJECTS UTILIDADES/Login/a_Ingresar' is clickable

2022-04-29 10:58:16 - [MESSAGE][PASSED] - Object 'Object Repository/3-OBJECTS UTILIDADES/Login/a_Ingresar' is clickable

2022-04-29 10:58:16 - [TEST_STEP][PASSED] - click(findTestObject("3-OBJECTS UTILIDADES/Login/a_Ingresar")): Object: 'Object Repository/3-OBJECTS UTILIDADES/Login/a_Ingresar' is clicked on

2022-04-29 10:58:17 - [MESSAGE][PASSED] - Object: 'Object Repository/3-OBJECTS UTILIDADES/Login/a_Ingresar' is clicked on

2022-04-29 10:58:17 - [TEST_STEP][PASSED] - element = findWebElement(findTestObject("3-OBJECTS UTILIDADES/Login/a_Ir"), 30): null

2022-04-29 10:58:18 - [TEST_STEP][PASSED] - executeJavaScript("arguments[0].click()", Arrays.asList(element)): Execute JavaScript 'arguments[0].click()' successfully

2022-04-29 10:58:18 - [MESSAGE][PASSED] - Execute JavaScript 'arguments[0].click()' successfully

2022-04-29 10:58:18 - [MESSAGE][PASSED] - Call Test Case 'Test Cases/0.1-Login' successfully

2022-04-29 10:58:18 - [TEST_STEP][PASSED] - setText(findTestObject("1-OBJECTS TAREAS PRINCIPALES/Modulo Tarea Sara General/cargue fuente general/input_Empresa 1_form_templatej_idt24_input"), "Fuente general"): Text 'Fuente general' is set on object 'Object Repository/1-OBJECTS TAREAS PRINCIPALES/Modulo Tarea Sara General/cargue fuente general/input_Empresa 1_form_templatej_idt24_input'

2022-04-29 10:58:19 - [MESSAGE][PASSED] - Text 'Fuente general' is set on object 'Object Repository/1-OBJECTS TAREAS PRINCIPALES/Modulo Tarea Sara General/cargue fuente general/input_Empresa 1_form_templatej_idt24_input'

2022-04-29 10:58:19 - [TEST_STEP][PASSED] - click(findTestObject("1-OBJECTS TAREAS PRINCIPALES/Modulo Tarea Sara General/cargue fuente general/li_fuente general (gna)"), STOP_ON_FAILURE): Object: 'Object Repository/1-OBJECTS TAREAS PRINCIPALES/Modulo Tarea Sara General/cargue fuente general/li_fuente general (gna)' is clicked on

2022-04-29 10:58:20 - [MESSAGE][PASSED] - Object: 'Object Repository/1-OBJECTS TAREAS PRINCIPALES/Modulo Tarea Sara General/cargue fuente general/li_fuente general (gna)' is clicked on

2022-04-29 10:58:20 - [TEST_STEP][PASSED] - setText(findTestObject("1-OBJECTS TAREAS PRINCIPALES/Modulo Tarea Sara General/cargue fuente general/input_Fuente_form_FuenteGeneralfiltroFuenteGeneral"), "Actualizar Entidad empl"): Text 'Actualizar Entidad empl' is set on object 'Object Repository/1-OBJECTS TAREAS PRINCIPALES/Modulo Tarea Sara General/cargue fuente general/input_Fuente_form_FuenteGeneralfiltroFuenteGeneral'

2022-04-29 10:58:22 - [MESSAGE][PASSED] - Text 'Actualizar Entidad empl' is set on object 'Object Repository/1-OBJECTS TAREAS PRINCIPALES/Modulo Tarea Sara General/cargue fuente general/input_Fuente_form_FuenteGeneralfiltroFuenteGeneral'

2022-04-29 10:58:22 - [TEST_STEP][PASSED] - sendKeys(findTestObject("1-OBJECTS TAREAS PRINCIPALES/Modulo Tarea Sara General/cargue fuente general/input_Fuente_form_FuenteGeneralfiltroFuenteGeneral"), Keys.chord(ENTER)): Keys 'ENTER + ' sent to object: 'Object Repository/1-OBJECTS TAREAS PRINCIPALES/Modulo Tarea Sara General/cargue fuente general/input_Fuente_form_FuenteGeneralfiltroFuenteGeneral'

2022-04-29 10:58:22 - [MESSAGE][PASSED] - Keys 'ENTER + ' sent to object: 'Object Repository/1-OBJECTS TAREAS PRINCIPALES/Modulo Tarea Sara General/cargue fuente general/input_Fuente_form_FuenteGeneralfiltroFuenteGeneral'

2022-04-29 10:58:22 - [TEST_STEP][PASSED] - if (waitForElementVisible(findTestObject("1-OBJECTS TAREAS PRINCIPALES/Modulo Tarea Sara General/cargue fuente general/td_actualizar entidad empl"), 1)): Web element with id: 'Object Repository/1-OBJECTS TAREAS PRINCIPALES/Modulo Tarea Sara General/cargue fuente general/td_actualizar entidad empl' located by '//*/text()[normalize-space(.)='Actualizar Entidad empl']/parent::*' not found

2022-04-29 10:58:24 - [MESSAGE][INFO] - Unable to find the element located by 'By.xpath: //*/text()[normalize-space(.)='Actualizar Entidad empl']/parent::*'. Please recheck the objects properties to make sure the desired element is located. 

2022-04-29 10:58:24 - [MESSAGE][WARNING] - Web element with id: 'Object Repository/1-OBJECTS TAREAS PRINCIPALES/Modulo Tarea Sara General/cargue fuente general/td_actualizar entidad empl' located by '//*/text()[normalize-space(.)='Actualizar Entidad empl']/parent::*' not found

2022-04-29 10:58:24 - [TEST_STEP][PASSED] - click(findTestObject("1-OBJECTS TAREAS PRINCIPALES/Modulo Tarea Sara General/cargue fuente general/a_Nuevo"), STOP_ON_FAILURE): Object: 'Object Repository/1-OBJECTS TAREAS PRINCIPALES/Modulo Tarea Sara General/cargue fuente general/a_Nuevo' is clicked on

2022-04-29 10:58:26 - [MESSAGE][PASSED] - Object: 'Object Repository/1-OBJECTS TAREAS PRINCIPALES/Modulo Tarea Sara General/cargue fuente general/a_Nuevo' is clicked on

2022-04-29 10:58:26 - [TEST_STEP][PASSED] - selectOptionByIndex(findTestObject("1-OBJECTS TAREAS PRINCIPALES/Modulo Tarea Sara General/cargue fuente general/select_SeleccioneArchivo PlanoServicio Web"), 1): All options with index in [1] are selected on object 'Object Repository/1-OBJECTS TAREAS PRINCIPALES/Modulo Tarea Sara General/cargue fuente general/select_SeleccioneArchivo PlanoServicio Web'

2022-04-29 10:58:27 - [MESSAGE][PASSED] - All options with index in [1] are selected on object 'Object Repository/1-OBJECTS TAREAS PRINCIPALES/Modulo Tarea Sara General/cargue fuente general/select_SeleccioneArchivo PlanoServicio Web'

2022-04-29 10:58:27 - [TEST_STEP][PASSED] - setText(findTestObject("1-OBJECTS TAREAS PRINCIPALES/Modulo Tarea Sara General/cargue fuente general/input_Descripcin_form_FuenteGeneraltabdescripcion"), "Actualizar Entidad empl"): Text 'Actualizar Entidad empl' is set on object 'Object Repository/1-OBJECTS TAREAS PRINCIPALES/Modulo Tarea Sara General/cargue fuente general/input_Descripcin_form_FuenteGeneraltabdescripcion'

2022-04-29 10:58:28 - [MESSAGE][PASSED] - Text 'Actualizar Entidad empl' is set on object 'Object Repository/1-OBJECTS TAREAS PRINCIPALES/Modulo Tarea Sara General/cargue fuente general/input_Descripcin_form_FuenteGeneraltabdescripcion'

2022-04-29 10:58:28 - [TEST_STEP][PASSED] - selectOptionByIndex(findTestObject("1-OBJECTS TAREAS PRINCIPALES/Modulo Tarea Sara General/cargue fuente general/select_SeleccioneAGRUPAMIENTOROMPIMIENTOUNICO REGISTRO"), 3): All options with index in [3] are selected on object 'Object Repository/1-OBJECTS TAREAS PRINCIPALES/Modulo Tarea Sara General/cargue fuente general/select_SeleccioneAGRUPAMIENTOROMPIMIENTOUNICO REGISTRO'

2022-04-29 10:58:29 - [MESSAGE][PASSED] - All options with index in [3] are selected on object 'Object Repository/1-OBJECTS TAREAS PRINCIPALES/Modulo Tarea Sara General/cargue fuente general/select_SeleccioneAGRUPAMIENTOROMPIMIENTOUNICO REGISTRO'

2022-04-29 10:58:29 - [TEST_STEP][PASSED] - selectOptionByIndex(findTestObject("1-OBJECTS TAREAS PRINCIPALES/Modulo Tarea Sara General/cargue fuente general/select_--Seleccione--COMAPIPELINEPUNTO COMASIN SEPARADORTAB"), 5): All options with index in [5] are selected on object 'Object Repository/1-OBJECTS TAREAS PRINCIPALES/Modulo Tarea Sara General/cargue fuente general/select_--Seleccione--COMAPIPELINEPUNTO COMASIN SEPARADORTAB'

2022-04-29 10:58:30 - [MESSAGE][PASSED] - All options with index in [5] are selected on object 'Object Repository/1-OBJECTS TAREAS PRINCIPALES/Modulo Tarea Sara General/cargue fuente general/select_--Seleccione--COMAPIPELINEPUNTO COMASIN SEPARADORTAB'

2022-04-29 10:58:30 - [TEST_STEP][PASSED] - selectOptionByIndex(findTestObject("1-OBJECTS TAREAS PRINCIPALES/Modulo Tarea Sara General/cargue fuente general/select_--Seleccione--Por el orden de los gruposPor el orden de los servicios"), 1): All options with index in [1] are selected on object 'Object Repository/1-OBJECTS TAREAS PRINCIPALES/Modulo Tarea Sara General/cargue fuente general/select_--Seleccione--Por el orden de los gruposPor el orden de los servicios'

2022-04-29 10:58:31 - [MESSAGE][PASSED] - All options with index in [1] are selected on object 'Object Repository/1-OBJECTS TAREAS PRINCIPALES/Modulo Tarea Sara General/cargue fuente general/select_--Seleccione--Por el orden de los gruposPor el orden de los servicios'

2022-04-29 10:58:31 - [TEST_STEP][PASSED] - selectOptionByIndex(findTestObject("1-OBJECTS TAREAS PRINCIPALES/Modulo Tarea Sara General/cargue fuente general/select_--Seleccione--NOSI"), 2): All options with index in [2] are selected on object 'Object Repository/1-OBJECTS TAREAS PRINCIPALES/Modulo Tarea Sara General/cargue fuente general/select_--Seleccione--NOSI'

2022-04-29 10:58:32 - [MESSAGE][PASSED] - All options with index in [2] are selected on object 'Object Repository/1-OBJECTS TAREAS PRINCIPALES/Modulo Tarea Sara General/cargue fuente general/select_--Seleccione--NOSI'

2022-04-29 10:58:32 - [TEST_STEP][PASSED] - click(findTestObject("1-OBJECTS TAREAS PRINCIPALES/Modulo Tarea Sara General/cargue fuente general/a_Guardar")): Object: 'Object Repository/1-OBJECTS TAREAS PRINCIPALES/Modulo Tarea Sara General/cargue fuente general/a_Guardar' is clicked on

2022-04-29 10:58:32 - [MESSAGE][PASSED] - Object: 'Object Repository/1-OBJECTS TAREAS PRINCIPALES/Modulo Tarea Sara General/cargue fuente general/a_Guardar' is clicked on

2022-04-29 10:58:32 - [TEST_STEP][PASSED] - selectOptionByIndex(findTestObject("1-OBJECTS TAREAS PRINCIPALES/Modulo Tarea Sara General/cargue fuente general/select_--Seleccione--Proceso por aplicacionProceso por base datos(segundo plano)Proceso por base de datos"), 3): All options with index in [3] are selected on object 'Object Repository/1-OBJECTS TAREAS PRINCIPALES/Modulo Tarea Sara General/cargue fuente general/select_--Seleccione--Proceso por aplicacionProceso por base datos(segundo plano)Proceso por base de datos'

2022-04-29 10:58:33 - [MESSAGE][PASSED] - All options with index in [3] are selected on object 'Object Repository/1-OBJECTS TAREAS PRINCIPALES/Modulo Tarea Sara General/cargue fuente general/select_--Seleccione--Proceso por aplicacionProceso por base datos(segundo plano)Proceso por base de datos'

2022-04-29 10:58:33 - [TEST_STEP][PASSED] - click(findTestObject("1-OBJECTS TAREAS PRINCIPALES/Modulo Tarea Sara General/cargue fuente general/a_Guardar")): Object: 'Object Repository/1-OBJECTS TAREAS PRINCIPALES/Modulo Tarea Sara General/cargue fuente general/a_Guardar' is clicked on

2022-04-29 10:58:34 - [MESSAGE][PASSED] - Object: 'Object Repository/1-OBJECTS TAREAS PRINCIPALES/Modulo Tarea Sara General/cargue fuente general/a_Guardar' is clicked on

2022-04-29 10:58:34 - [TEST_STEP][PASSED] - setText(findTestObject("1-OBJECTS TAREAS PRINCIPALES/Modulo Tarea Sara General/cargue fuente general/input_Cdigo_form_FuenteGeneraltabcodigo"), "Actual"): Text 'Actual' is set on object 'Object Repository/1-OBJECTS TAREAS PRINCIPALES/Modulo Tarea Sara General/cargue fuente general/input_Cdigo_form_FuenteGeneraltabcodigo'

2022-04-29 10:58:35 - [MESSAGE][PASSED] - Text 'Actual' is set on object 'Object Repository/1-OBJECTS TAREAS PRINCIPALES/Modulo Tarea Sara General/cargue fuente general/input_Cdigo_form_FuenteGeneraltabcodigo'

2022-04-29 10:58:35 - [TEST_STEP][PASSED] - selectOptionByIndex(findTestObject("1-OBJECTS TAREAS PRINCIPALES/Modulo Tarea Sara General/cargue fuente general/select_SeleccioneNoSi3"), 1): All options with index in [1] are selected on object 'Object Repository/1-OBJECTS TAREAS PRINCIPALES/Modulo Tarea Sara General/cargue fuente general/select_SeleccioneNoSi3'

2022-04-29 10:58:36 - [MESSAGE][PASSED] - All options with index in [1] are selected on object 'Object Repository/1-OBJECTS TAREAS PRINCIPALES/Modulo Tarea Sara General/cargue fuente general/select_SeleccioneNoSi3'

2022-04-29 10:58:36 - [TEST_STEP][PASSED] - click(findTestObject("1-OBJECTS TAREAS PRINCIPALES/Modulo Tarea Sara General/cargue fuente general/a_Guardar")): Object: 'Object Repository/1-OBJECTS TAREAS PRINCIPALES/Modulo Tarea Sara General/cargue fuente general/a_Guardar' is clicked on

2022-04-29 10:58:37 - [MESSAGE][PASSED] - Object: 'Object Repository/1-OBJECTS TAREAS PRINCIPALES/Modulo Tarea Sara General/cargue fuente general/a_Guardar' is clicked on

2022-04-29 10:58:37 - [TEST_STEP][PASSED] - waitForElementVisible(findTestObject("1-OBJECTS TAREAS PRINCIPALES/Modulo Tarea Sara General/cargue fuente general/a_Entrada"), 0): Object 'Object Repository/1-OBJECTS TAREAS PRINCIPALES/Modulo Tarea Sara General/cargue fuente general/a_Entrada' is visible

2022-04-29 10:58:37 - [MESSAGE][WARNING] - Timeout '0' is invalid. Using default page load timeout: '45'

2022-04-29 10:58:37 - [MESSAGE][PASSED] - Object 'Object Repository/1-OBJECTS TAREAS PRINCIPALES/Modulo Tarea Sara General/cargue fuente general/a_Entrada' is visible

2022-04-29 10:58:37 - [TEST_STEP][PASSED] - click(findTestObject("1-OBJECTS TAREAS PRINCIPALES/Modulo Tarea Sara General/cargue fuente general/a_Entrada"), STOP_ON_FAILURE): Object: 'Object Repository/1-OBJECTS TAREAS PRINCIPALES/Modulo Tarea Sara General/cargue fuente general/a_Entrada' is clicked on

2022-04-29 10:58:38 - [MESSAGE][PASSED] - Object: 'Object Repository/1-OBJECTS TAREAS PRINCIPALES/Modulo Tarea Sara General/cargue fuente general/a_Entrada' is clicked on

2022-04-29 10:58:38 - [TEST_STEP][PASSED] - setText(findTestObject("1-OBJECTS TAREAS PRINCIPALES/Modulo Tarea Sara General/cargue fuente general/input_No se encontr registros_form_FuenteGeneraltabtabla_entradadescripcion"), "Pru1"): Text 'Pru1' is set on object 'Object Repository/1-OBJECTS TAREAS PRINCIPALES/Modulo Tarea Sara General/cargue fuente general/input_No se encontr registros_form_FuenteGeneraltabtabla_entradadescripcion'

2022-04-29 10:58:38 - [MESSAGE][PASSED] - Text 'Pru1' is set on object 'Object Repository/1-OBJECTS TAREAS PRINCIPALES/Modulo Tarea Sara General/cargue fuente general/input_No se encontr registros_form_FuenteGeneraltabtabla_entradadescripcion'

2022-04-29 10:58:38 - [TEST_STEP][PASSED] - selectOptionByIndex(findTestObject("1-OBJECTS TAREAS PRINCIPALES/Modulo Tarea Sara General/cargue fuente general/select_SeleccioneDecimalFechaLlave GeneradaLoginNumeroTexto"), 6): All options with index in [6] are selected on object 'Object Repository/1-OBJECTS TAREAS PRINCIPALES/Modulo Tarea Sara General/cargue fuente general/select_SeleccioneDecimalFechaLlave GeneradaLoginNumeroTexto'

2022-04-29 10:58:39 - [MESSAGE][PASSED] - All options with index in [6] are selected on object 'Object Repository/1-OBJECTS TAREAS PRINCIPALES/Modulo Tarea Sara General/cargue fuente general/select_SeleccioneDecimalFechaLlave GeneradaLoginNumeroTexto'

2022-04-29 10:58:39 - [TEST_STEP][PASSED] - selectOptionByIndex(findTestObject("1-OBJECTS TAREAS PRINCIPALES/Modulo Tarea Sara General/cargue fuente general/select_SeleccioneNoSi1"), 1): All options with index in [1] are selected on object 'Object Repository/1-OBJECTS TAREAS PRINCIPALES/Modulo Tarea Sara General/cargue fuente general/select_SeleccioneNoSi1'

2022-04-29 10:58:40 - [MESSAGE][PASSED] - All options with index in [1] are selected on object 'Object Repository/1-OBJECTS TAREAS PRINCIPALES/Modulo Tarea Sara General/cargue fuente general/select_SeleccioneNoSi1'

2022-04-29 10:58:40 - [TEST_STEP][PASSED] - click(findTestObject("1-OBJECTS TAREAS PRINCIPALES/Modulo Tarea Sara General/cargue fuente general/a_No se encontr registros_btn-miniadicionar")): Object: 'Object Repository/1-OBJECTS TAREAS PRINCIPALES/Modulo Tarea Sara General/cargue fuente general/a_No se encontr registros_btn-miniadicionar' is clicked on

2022-04-29 10:58:42 - [MESSAGE][PASSED] - Object: 'Object Repository/1-OBJECTS TAREAS PRINCIPALES/Modulo Tarea Sara General/cargue fuente general/a_No se encontr registros_btn-miniadicionar' is clicked on

2022-04-29 10:58:42 - [TEST_STEP][PASSED] - click(findTestObject("1-OBJECTS TAREAS PRINCIPALES/Modulo Tarea Sara General/cargue fuente general/a_Campos")): Object: 'Object Repository/1-OBJECTS TAREAS PRINCIPALES/Modulo Tarea Sara General/cargue fuente general/a_Campos' is clicked on

2022-04-29 10:58:42 - [MESSAGE][PASSED] - Object: 'Object Repository/1-OBJECTS TAREAS PRINCIPALES/Modulo Tarea Sara General/cargue fuente general/a_Campos' is clicked on

2022-04-29 10:58:42 - [TEST_STEP][PASSED] - click(findTestObject("1-OBJECTS TAREAS PRINCIPALES/Modulo Tarea Sara General/cargue fuente general/a_Nuevo_Campo")): Object: 'Object Repository/1-OBJECTS TAREAS PRINCIPALES/Modulo Tarea Sara General/cargue fuente general/a_Nuevo_Campo' is clicked on

2022-04-29 10:58:43 - [MESSAGE][PASSED] - Object: 'Object Repository/1-OBJECTS TAREAS PRINCIPALES/Modulo Tarea Sara General/cargue fuente general/a_Nuevo_Campo' is clicked on

2022-04-29 10:58:43 - [TEST_STEP][PASSED] - setText(findTestObject("1-OBJECTS TAREAS PRINCIPALES/Modulo Tarea Sara General/cargue fuente general/input_Descripcin_form_popupfuentecampodescripcion"), "camp1"): Text 'camp1' is set on object 'Object Repository/1-OBJECTS TAREAS PRINCIPALES/Modulo Tarea Sara General/cargue fuente general/input_Descripcin_form_popupfuentecampodescripcion'

2022-04-29 10:58:44 - [MESSAGE][PASSED] - Text 'camp1' is set on object 'Object Repository/1-OBJECTS TAREAS PRINCIPALES/Modulo Tarea Sara General/cargue fuente general/input_Descripcin_form_popupfuentecampodescripcion'

2022-04-29 10:58:44 - [TEST_STEP][PASSED] - selectOptionByIndex(findTestObject("1-OBJECTS TAREAS PRINCIPALES/Modulo Tarea Sara General/cargue fuente general/select_--Seleccione--DecimalFechaLlave GeneradaLoginNumeroTexto"), 5): All options with index in [5] are selected on object 'Object Repository/1-OBJECTS TAREAS PRINCIPALES/Modulo Tarea Sara General/cargue fuente general/select_--Seleccione--DecimalFechaLlave GeneradaLoginNumeroTexto'

2022-04-29 10:58:45 - [MESSAGE][PASSED] - All options with index in [5] are selected on object 'Object Repository/1-OBJECTS TAREAS PRINCIPALES/Modulo Tarea Sara General/cargue fuente general/select_--Seleccione--DecimalFechaLlave GeneradaLoginNumeroTexto'

2022-04-29 10:58:45 - [TEST_STEP][PASSED] - setText(findTestObject("1-OBJECTS TAREAS PRINCIPALES/Modulo Tarea Sara General/cargue fuente general/input_Columna_form_popupfuentecampocolumna"), "1"): Text '1' is set on object 'Object Repository/1-OBJECTS TAREAS PRINCIPALES/Modulo Tarea Sara General/cargue fuente general/input_Columna_form_popupfuentecampocolumna'

2022-04-29 10:58:45 - [MESSAGE][PASSED] - Text '1' is set on object 'Object Repository/1-OBJECTS TAREAS PRINCIPALES/Modulo Tarea Sara General/cargue fuente general/input_Columna_form_popupfuentecampocolumna'

2022-04-29 10:58:45 - [TEST_STEP][PASSED] - selectOptionByIndex(findTestObject("1-OBJECTS TAREAS PRINCIPALES/Modulo Tarea Sara General/cargue fuente general/select_NoSi2"), 1): All options with index in [1] are selected on object 'Object Repository/1-OBJECTS TAREAS PRINCIPALES/Modulo Tarea Sara General/cargue fuente general/select_NoSi2'

2022-04-29 10:58:47 - [MESSAGE][PASSED] - All options with index in [1] are selected on object 'Object Repository/1-OBJECTS TAREAS PRINCIPALES/Modulo Tarea Sara General/cargue fuente general/select_NoSi2'

2022-04-29 10:58:47 - [TEST_STEP][PASSED] - click(findTestObject("1-OBJECTS TAREAS PRINCIPALES/Modulo Tarea Sara General/cargue fuente general/a_Guardar")): Object: 'Object Repository/1-OBJECTS TAREAS PRINCIPALES/Modulo Tarea Sara General/cargue fuente general/a_Guardar' is clicked on

2022-04-29 10:58:48 - [MESSAGE][PASSED] - Object: 'Object Repository/1-OBJECTS TAREAS PRINCIPALES/Modulo Tarea Sara General/cargue fuente general/a_Guardar' is clicked on

2022-04-29 10:58:48 - [TEST_STEP][PASSED] - click(findTestObject("1-OBJECTS TAREAS PRINCIPALES/Modulo Tarea Sara General/cargue fuente general/a_Servicios")): Object: 'Object Repository/1-OBJECTS TAREAS PRINCIPALES/Modulo Tarea Sara General/cargue fuente general/a_Servicios' is clicked on

2022-04-29 10:58:48 - [MESSAGE][PASSED] - Object: 'Object Repository/1-OBJECTS TAREAS PRINCIPALES/Modulo Tarea Sara General/cargue fuente general/a_Servicios' is clicked on

2022-04-29 10:58:48 - [TEST_STEP][PASSED] - click(findTestObject("1-OBJECTS TAREAS PRINCIPALES/Modulo Tarea Sara General/cargue fuente general/a_Nuevo_Servicio")): Object: 'Object Repository/1-OBJECTS TAREAS PRINCIPALES/Modulo Tarea Sara General/cargue fuente general/a_Nuevo_Servicio' is clicked on

2022-04-29 10:58:49 - [MESSAGE][PASSED] - Object: 'Object Repository/1-OBJECTS TAREAS PRINCIPALES/Modulo Tarea Sara General/cargue fuente general/a_Nuevo_Servicio' is clicked on

2022-04-29 10:58:49 - [TEST_STEP][PASSED] - selectOptionByIndex(findTestObject("1-OBJECTS TAREAS PRINCIPALES/Modulo Tarea Sara General/cargue fuente general/select_SeleccioneActo Cambio Empleado - Accion (No Aplica)"), 12): All options with index in [12] are selected on object 'Object Repository/1-OBJECTS TAREAS PRINCIPALES/Modulo Tarea Sara General/cargue fuente general/select_SeleccioneActo Cambio Empleado - Accion (No Aplica)'

2022-04-29 10:58:50 - [MESSAGE][PASSED] - All options with index in [12] are selected on object 'Object Repository/1-OBJECTS TAREAS PRINCIPALES/Modulo Tarea Sara General/cargue fuente general/select_SeleccioneActo Cambio Empleado - Accion (No Aplica)'

2022-04-29 10:58:50 - [TEST_STEP][PASSED] - setText(findTestObject("1-OBJECTS TAREAS PRINCIPALES/Modulo Tarea Sara General/cargue fuente general/input_Orden_form_popupServiciotaborden"), "2"): Text '2' is set on object 'Object Repository/1-OBJECTS TAREAS PRINCIPALES/Modulo Tarea Sara General/cargue fuente general/input_Orden_form_popupServiciotaborden'

2022-04-29 10:58:51 - [MESSAGE][PASSED] - Text '2' is set on object 'Object Repository/1-OBJECTS TAREAS PRINCIPALES/Modulo Tarea Sara General/cargue fuente general/input_Orden_form_popupServiciotaborden'

2022-04-29 10:58:51 - [TEST_STEP][PASSED] - selectOptionByIndex(findTestObject("1-OBJECTS TAREAS PRINCIPALES/Modulo Tarea Sara General/cargue fuente general/select_SeleccioneAl final del procesoEn cada Item"), 1): All options with index in [1] are selected on object 'Object Repository/1-OBJECTS TAREAS PRINCIPALES/Modulo Tarea Sara General/cargue fuente general/select_SeleccioneAl final del procesoEn cada Item'

2022-04-29 10:58:52 - [MESSAGE][PASSED] - All options with index in [1] are selected on object 'Object Repository/1-OBJECTS TAREAS PRINCIPALES/Modulo Tarea Sara General/cargue fuente general/select_SeleccioneAl final del procesoEn cada Item'

2022-04-29 10:58:52 - [TEST_STEP][PASSED] - click(findTestObject("1-OBJECTS TAREAS PRINCIPALES/Modulo Tarea Sara General/cargue fuente general/label_No")): Object: 'Object Repository/1-OBJECTS TAREAS PRINCIPALES/Modulo Tarea Sara General/cargue fuente general/label_No' is clicked on

2022-04-29 10:58:52 - [MESSAGE][PASSED] - Object: 'Object Repository/1-OBJECTS TAREAS PRINCIPALES/Modulo Tarea Sara General/cargue fuente general/label_No' is clicked on

2022-04-29 10:58:52 - [TEST_STEP][PASSED] - click(findTestObject("1-OBJECTS TAREAS PRINCIPALES/Modulo Tarea Sara General/cargue fuente general/a_Guardar")): Object: 'Object Repository/1-OBJECTS TAREAS PRINCIPALES/Modulo Tarea Sara General/cargue fuente general/a_Guardar' is clicked on

2022-04-29 10:58:53 - [MESSAGE][PASSED] - Object: 'Object Repository/1-OBJECTS TAREAS PRINCIPALES/Modulo Tarea Sara General/cargue fuente general/a_Guardar' is clicked on

2022-04-29 10:58:53 - [TEST_STEP][PASSED] - click(findTestObject("1-OBJECTS TAREAS PRINCIPALES/Modulo Tarea Sara General/cargue fuente general/a_CamposSUB")): Object: 'Object Repository/1-OBJECTS TAREAS PRINCIPALES/Modulo Tarea Sara General/cargue fuente general/a_CamposSUB' is clicked on

2022-04-29 10:58:54 - [MESSAGE][PASSED] - Object: 'Object Repository/1-OBJECTS TAREAS PRINCIPALES/Modulo Tarea Sara General/cargue fuente general/a_CamposSUB' is clicked on

2022-04-29 10:58:54 - [TEST_STEP][PASSED] - selectOptionByIndex(findTestObject("1-OBJECTS TAREAS PRINCIPALES/Modulo Tarea Sara General/cargue fuente general/select_--Seleccione--ARCOSD-ENTIDADESARCOSD"), 10): All options with index in [10] are selected on object 'Object Repository/1-OBJECTS TAREAS PRINCIPALES/Modulo Tarea Sara General/cargue fuente general/select_--Seleccione--ARCOSD-ENTIDADESARCOSD'

2022-04-29 10:58:55 - [MESSAGE][PASSED] - All options with index in [10] are selected on object 'Object Repository/1-OBJECTS TAREAS PRINCIPALES/Modulo Tarea Sara General/cargue fuente general/select_--Seleccione--ARCOSD-ENTIDADESARCOSD'

2022-04-29 10:58:55 - [TEST_STEP][PASSED] - setText(findTestObject("1-OBJECTS TAREAS PRINCIPALES/Modulo Tarea Sara General/cargue fuente general/textarea_Codigo de la empresa a la que pertenece el empleado_form_popupServiciotabtabla_campos_serv3j_idt316"), "{Campo1}"): Text '{Campo1}' is set on object 'Object Repository/1-OBJECTS TAREAS PRINCIPALES/Modulo Tarea Sara General/cargue fuente general/textarea_Codigo de la empresa a la que pertenece el empleado_form_popupServiciotabtabla_campos_serv3j_idt316'

2022-04-29 10:58:56 - [MESSAGE][PASSED] - Text '{Campo1}' is set on object 'Object Repository/1-OBJECTS TAREAS PRINCIPALES/Modulo Tarea Sara General/cargue fuente general/textarea_Codigo de la empresa a la que pertenece el empleado_form_popupServiciotabtabla_campos_serv3j_idt316'

2022-04-29 10:58:56 - [TEST_STEP][PASSED] - selectOptionByIndex(findTestObject("1-OBJECTS TAREAS PRINCIPALES/Modulo Tarea Sara General/cargue fuente general/select_--Seleccione--ARCOSD-ENTIDADESARCOSD-ESTADO CIVILHomologacin"), 11): All options with index in [11] are selected on object 'Object Repository/1-OBJECTS TAREAS PRINCIPALES/Modulo Tarea Sara General/cargue fuente general/select_--Seleccione--ARCOSD-ENTIDADESARCOSD-ESTADO CIVILHomologacin'

2022-04-29 10:58:57 - [MESSAGE][PASSED] - All options with index in [11] are selected on object 'Object Repository/1-OBJECTS TAREAS PRINCIPALES/Modulo Tarea Sara General/cargue fuente general/select_--Seleccione--ARCOSD-ENTIDADESARCOSD-ESTADO CIVILHomologacin'

2022-04-29 10:58:57 - [TEST_STEP][PASSED] - setText(findTestObject("1-OBJECTS TAREAS PRINCIPALES/Modulo Tarea Sara General/cargue fuente general/textarea_Nmero de cdula del nuevo Jefe_form_popupServiciotabtabla_campos_serv4j_idt316"), "{Campo2}"): Text '{Campo2}' is set on object 'Object Repository/1-OBJECTS TAREAS PRINCIPALES/Modulo Tarea Sara General/cargue fuente general/textarea_Nmero de cdula del nuevo Jefe_form_popupServiciotabtabla_campos_serv4j_idt316'

2022-04-29 10:58:58 - [MESSAGE][PASSED] - Text '{Campo2}' is set on object 'Object Repository/1-OBJECTS TAREAS PRINCIPALES/Modulo Tarea Sara General/cargue fuente general/textarea_Nmero de cdula del nuevo Jefe_form_popupServiciotabtabla_campos_serv4j_idt316'

2022-04-29 10:58:58 - [TEST_STEP][PASSED] - click(findTestObject("1-OBJECTS TAREAS PRINCIPALES/Modulo Tarea Sara General/cargue fuente general/a_Guardar")): Object: 'Object Repository/1-OBJECTS TAREAS PRINCIPALES/Modulo Tarea Sara General/cargue fuente general/a_Guardar' is clicked on

2022-04-29 10:58:59 - [MESSAGE][PASSED] - Object: 'Object Repository/1-OBJECTS TAREAS PRINCIPALES/Modulo Tarea Sara General/cargue fuente general/a_Guardar' is clicked on

2022-04-29 10:58:59 - [TEST_STEP][PASSED] - click(findTestObject("1-OBJECTS TAREAS PRINCIPALES/Modulo Tarea Sara General/cargue fuente general/a_No se encontr registros_ui-dialog-titlebar-icon ui-dialog-titlebar-close ui-corner-all ui-state-hover")): Object: 'Object Repository/1-OBJECTS TAREAS PRINCIPALES/Modulo Tarea Sara General/cargue fuente general/a_No se encontr registros_ui-dialog-titlebar-icon ui-dialog-titlebar-close ui-corner-all ui-state-hover' is clicked on

2022-04-29 10:58:59 - [MESSAGE][PASSED] - Object: 'Object Repository/1-OBJECTS TAREAS PRINCIPALES/Modulo Tarea Sara General/cargue fuente general/a_No se encontr registros_ui-dialog-titlebar-icon ui-dialog-titlebar-close ui-corner-all ui-state-hover' is clicked on

2022-04-29 10:58:59 - [TEST_STEP][PASSED] - click(findTestObject("1-OBJECTS TAREAS PRINCIPALES/Modulo Tarea Sara General/cargue fuente general/a_Notificacin")): Object: 'Object Repository/1-OBJECTS TAREAS PRINCIPALES/Modulo Tarea Sara General/cargue fuente general/a_Notificacin' is clicked on

2022-04-29 10:59:00 - [MESSAGE][PASSED] - Object: 'Object Repository/1-OBJECTS TAREAS PRINCIPALES/Modulo Tarea Sara General/cargue fuente general/a_Notificacin' is clicked on

2022-04-29 10:59:00 - [TEST_STEP][PASSED] - selectOptionByIndex(findTestObject("1-OBJECTS TAREAS PRINCIPALES/Modulo Tarea Sara General/cargue fuente general/select_SeleccioneFijoLogin Par"), 1): All options with index in [1] are selected on object 'Object Repository/1-OBJECTS TAREAS PRINCIPALES/Modulo Tarea Sara General/cargue fuente general/select_SeleccioneFijoLogin Par'

2022-04-29 10:59:01 - [MESSAGE][PASSED] - All options with index in [1] are selected on object 'Object Repository/1-OBJECTS TAREAS PRINCIPALES/Modulo Tarea Sara General/cargue fuente general/select_SeleccioneFijoLogin Par'

2022-04-29 10:59:01 - [TEST_STEP][PASSED] - setText(findTestObject("1-OBJECTS TAREAS PRINCIPALES/Modulo Tarea Sara General/cargue fuente general/input_No se encontr registros_form_FuenteGeneraltabtablaNotificacioncorreo"), "prueba@null.com"): Text 'prueba@null.com' is set on object 'Object Repository/1-OBJECTS TAREAS PRINCIPALES/Modulo Tarea Sara General/cargue fuente general/input_No se encontr registros_form_FuenteGeneraltabtablaNotificacioncorreo'

2022-04-29 10:59:02 - [MESSAGE][PASSED] - Text 'prueba@null.com' is set on object 'Object Repository/1-OBJECTS TAREAS PRINCIPALES/Modulo Tarea Sara General/cargue fuente general/input_No se encontr registros_form_FuenteGeneraltabtablaNotificacioncorreo'

2022-04-29 10:59:02 - [TEST_STEP][PASSED] - setText(findTestObject("1-OBJECTS TAREAS PRINCIPALES/Modulo Tarea Sara General/cargue fuente general/input_No se encontr registros_form_FuenteGeneraltabtablaNotificaciondescr"), "Prueba"): Text 'Prueba' is set on object 'Object Repository/1-OBJECTS TAREAS PRINCIPALES/Modulo Tarea Sara General/cargue fuente general/input_No se encontr registros_form_FuenteGeneraltabtablaNotificaciondescr'

2022-04-29 10:59:03 - [MESSAGE][PASSED] - Text 'Prueba' is set on object 'Object Repository/1-OBJECTS TAREAS PRINCIPALES/Modulo Tarea Sara General/cargue fuente general/input_No se encontr registros_form_FuenteGeneraltabtablaNotificaciondescr'

2022-04-29 10:59:03 - [TEST_STEP][PASSED] - click(findTestObject("1-OBJECTS TAREAS PRINCIPALES/Modulo Tarea Sara General/cargue fuente general/a_No se encontr registros_form_FuenteGeneraltabtablaNotificacionpopupplantilla")): Object: 'Object Repository/1-OBJECTS TAREAS PRINCIPALES/Modulo Tarea Sara General/cargue fuente general/a_No se encontr registros_form_FuenteGeneraltabtablaNotificacionpopupplantilla' is clicked on

2022-04-29 10:59:05 - [MESSAGE][PASSED] - Object: 'Object Repository/1-OBJECTS TAREAS PRINCIPALES/Modulo Tarea Sara General/cargue fuente general/a_No se encontr registros_form_FuenteGeneraltabtablaNotificacionpopupplantilla' is clicked on

2022-04-29 10:59:05 - [TEST_STEP][PASSED] - click(findTestObject("1-OBJECTS TAREAS PRINCIPALES/Modulo Tarea Sara General/cargue fuente general/a_01  .jasper")): Object: 'Object Repository/1-OBJECTS TAREAS PRINCIPALES/Modulo Tarea Sara General/cargue fuente general/a_01  .jasper' is clicked on

2022-04-29 10:59:06 - [MESSAGE][PASSED] - Object: 'Object Repository/1-OBJECTS TAREAS PRINCIPALES/Modulo Tarea Sara General/cargue fuente general/a_01  .jasper' is clicked on

2022-04-29 10:59:06 - [TEST_STEP][PASSED] - click(findTestObject("1-OBJECTS TAREAS PRINCIPALES/Modulo Tarea Sara General/cargue fuente general/a_No se encontr registros_btn-miniadicionar2")): Object: 'Object Repository/1-OBJECTS TAREAS PRINCIPALES/Modulo Tarea Sara General/cargue fuente general/a_No se encontr registros_btn-miniadicionar2' is clicked on

2022-04-29 10:59:07 - [MESSAGE][PASSED] - Object: 'Object Repository/1-OBJECTS TAREAS PRINCIPALES/Modulo Tarea Sara General/cargue fuente general/a_No se encontr registros_btn-miniadicionar2' is clicked on

2022-04-29 10:59:07 - [TEST_STEP][PASSED] - click(findTestObject("1-OBJECTS TAREAS PRINCIPALES/Modulo Tarea Sara General/cargue fuente general/a_Servicios")): Object: 'Object Repository/1-OBJECTS TAREAS PRINCIPALES/Modulo Tarea Sara General/cargue fuente general/a_Servicios' is clicked on

2022-04-29 10:59:07 - [MESSAGE][PASSED] - Object: 'Object Repository/1-OBJECTS TAREAS PRINCIPALES/Modulo Tarea Sara General/cargue fuente general/a_Servicios' is clicked on

2022-04-29 10:59:07 - [TEST_STEP][PASSED] - if (waitForElementVisible(findTestObject("1-OBJECTS TAREAS PRINCIPALES/Modulo Tarea Sara General/cargue fuente general/td_Actualizar Jefe"), 1)): null

2022-04-29 10:59:08 - [MESSAGE][PASSED] - Object 'Object Repository/1-OBJECTS TAREAS PRINCIPALES/Modulo Tarea Sara General/cargue fuente general/td_Actualizar Jefe' is visible

2022-04-29 10:59:08 - [TEST_STEP][PASSED] - click(findTestObject("1-OBJECTS TAREAS PRINCIPALES/Modulo Tarea Sara General/cargue fuente general/td_Actualizar Jefe")): Object: 'Object Repository/1-OBJECTS TAREAS PRINCIPALES/Modulo Tarea Sara General/cargue fuente general/td_Actualizar Jefe' is clicked on

2022-04-29 10:59:08 - [MESSAGE][PASSED] - Object: 'Object Repository/1-OBJECTS TAREAS PRINCIPALES/Modulo Tarea Sara General/cargue fuente general/td_Actualizar Jefe' is clicked on

2022-04-29 10:59:08 - [TEST_STEP][PASSED] - click(findTestObject("1-OBJECTS TAREAS PRINCIPALES/Modulo Tarea Sara General/cargue fuente general/a_Eliminar_Servicio")): Object: 'Object Repository/1-OBJECTS TAREAS PRINCIPALES/Modulo Tarea Sara General/cargue fuente general/a_Eliminar_Servicio' is clicked on

2022-04-29 10:59:09 - [MESSAGE][PASSED] - Object: 'Object Repository/1-OBJECTS TAREAS PRINCIPALES/Modulo Tarea Sara General/cargue fuente general/a_Eliminar_Servicio' is clicked on

2022-04-29 10:59:09 - [TEST_STEP][PASSED] - click(findTestObject("1-OBJECTS TAREAS PRINCIPALES/Modulo Tarea Sara General/cargue fuente general/a_Aceptar_eliminar servicio")): Object: 'Object Repository/1-OBJECTS TAREAS PRINCIPALES/Modulo Tarea Sara General/cargue fuente general/a_Aceptar_eliminar servicio' is clicked on

2022-04-29 10:59:10 - [MESSAGE][PASSED] - Object: 'Object Repository/1-OBJECTS TAREAS PRINCIPALES/Modulo Tarea Sara General/cargue fuente general/a_Aceptar_eliminar servicio' is clicked on

2022-04-29 10:59:10 - [TEST_STEP][PASSED] - click(findTestObject("1-OBJECTS TAREAS PRINCIPALES/Modulo Tarea Sara General/cargue fuente general/a_Campos")): Object: 'Object Repository/1-OBJECTS TAREAS PRINCIPALES/Modulo Tarea Sara General/cargue fuente general/a_Campos' is clicked on

2022-04-29 10:59:11 - [MESSAGE][PASSED] - Object: 'Object Repository/1-OBJECTS TAREAS PRINCIPALES/Modulo Tarea Sara General/cargue fuente general/a_Campos' is clicked on

2022-04-29 10:59:11 - [TEST_STEP][PASSED] - if (waitForElementVisible(findTestObject("1-OBJECTS TAREAS PRINCIPALES/Modulo Tarea Sara General/cargue fuente general/td_camp1"), 1)): null

2022-04-29 10:59:11 - [MESSAGE][PASSED] - Object 'Object Repository/1-OBJECTS TAREAS PRINCIPALES/Modulo Tarea Sara General/cargue fuente general/td_camp1' is visible

2022-04-29 10:59:11 - [TEST_STEP][PASSED] - click(findTestObject("1-OBJECTS TAREAS PRINCIPALES/Modulo Tarea Sara General/cargue fuente general/td_camp1")): Object: 'Object Repository/1-OBJECTS TAREAS PRINCIPALES/Modulo Tarea Sara General/cargue fuente general/td_camp1' is clicked on

2022-04-29 10:59:11 - [MESSAGE][PASSED] - Object: 'Object Repository/1-OBJECTS TAREAS PRINCIPALES/Modulo Tarea Sara General/cargue fuente general/td_camp1' is clicked on

2022-04-29 10:59:11 - [TEST_STEP][PASSED] - click(findTestObject("1-OBJECTS TAREAS PRINCIPALES/Modulo Tarea Sara General/cargue fuente general/a_Eliminar_campos")): Object: 'Object Repository/1-OBJECTS TAREAS PRINCIPALES/Modulo Tarea Sara General/cargue fuente general/a_Eliminar_campos' is clicked on

2022-04-29 10:59:12 - [MESSAGE][PASSED] - Object: 'Object Repository/1-OBJECTS TAREAS PRINCIPALES/Modulo Tarea Sara General/cargue fuente general/a_Eliminar_campos' is clicked on

2022-04-29 10:59:12 - [TEST_STEP][PASSED] - click(findTestObject("1-OBJECTS TAREAS PRINCIPALES/Modulo Tarea Sara General/cargue fuente general/a_Aceptar_eliminar campos")): Object: 'Object Repository/1-OBJECTS TAREAS PRINCIPALES/Modulo Tarea Sara General/cargue fuente general/a_Aceptar_eliminar campos' is clicked on

2022-04-29 10:59:13 - [MESSAGE][PASSED] - Object: 'Object Repository/1-OBJECTS TAREAS PRINCIPALES/Modulo Tarea Sara General/cargue fuente general/a_Aceptar_eliminar campos' is clicked on

2022-04-29 10:59:13 - [TEST_STEP][PASSED] - click(findTestObject("1-OBJECTS TAREAS PRINCIPALES/Modulo Tarea Sara General/cargue fuente general/a_Entrada")): Object: 'Object Repository/1-OBJECTS TAREAS PRINCIPALES/Modulo Tarea Sara General/cargue fuente general/a_Entrada' is clicked on

2022-04-29 10:59:14 - [MESSAGE][PASSED] - Object: 'Object Repository/1-OBJECTS TAREAS PRINCIPALES/Modulo Tarea Sara General/cargue fuente general/a_Entrada' is clicked on

2022-04-29 10:59:14 - [TEST_STEP][PASSED] - if (waitForElementVisible(findTestObject("1-OBJECTS TAREAS PRINCIPALES/Modulo Tarea Sara General/cargue fuente general/td_Pru1"), 1)): null

2022-04-29 10:59:14 - [MESSAGE][PASSED] - Object 'Object Repository/1-OBJECTS TAREAS PRINCIPALES/Modulo Tarea Sara General/cargue fuente general/td_Pru1' is visible

2022-04-29 10:59:14 - [TEST_STEP][PASSED] - click(findTestObject("1-OBJECTS TAREAS PRINCIPALES/Modulo Tarea Sara General/cargue fuente general/a_N_btn-minieliminar")): Object: 'Object Repository/1-OBJECTS TAREAS PRINCIPALES/Modulo Tarea Sara General/cargue fuente general/a_N_btn-minieliminar' is clicked on

2022-04-29 10:59:15 - [MESSAGE][PASSED] - Object: 'Object Repository/1-OBJECTS TAREAS PRINCIPALES/Modulo Tarea Sara General/cargue fuente general/a_N_btn-minieliminar' is clicked on

2022-04-29 10:59:15 - [TEST_STEP][PASSED] - click(findTestObject("1-OBJECTS TAREAS PRINCIPALES/Modulo Tarea Sara General/cargue fuente general/a_Aceptar_eliminar entrada")): Object: 'Object Repository/1-OBJECTS TAREAS PRINCIPALES/Modulo Tarea Sara General/cargue fuente general/a_Aceptar_eliminar entrada' is clicked on

2022-04-29 10:59:15 - [MESSAGE][PASSED] - Object: 'Object Repository/1-OBJECTS TAREAS PRINCIPALES/Modulo Tarea Sara General/cargue fuente general/a_Aceptar_eliminar entrada' is clicked on

2022-04-29 10:59:15 - [TEST_STEP][PASSED] - click(findTestObject("1-OBJECTS TAREAS PRINCIPALES/Modulo Tarea Sara General/cargue fuente general/a_Bsica")): Object: 'Object Repository/1-OBJECTS TAREAS PRINCIPALES/Modulo Tarea Sara General/cargue fuente general/a_Bsica' is clicked on

2022-04-29 10:59:16 - [MESSAGE][PASSED] - Object: 'Object Repository/1-OBJECTS TAREAS PRINCIPALES/Modulo Tarea Sara General/cargue fuente general/a_Bsica' is clicked on

2022-04-29 10:59:16 - [TEST_STEP][PASSED] - click(findTestObject("1-OBJECTS TAREAS PRINCIPALES/Modulo Tarea Sara General/cargue fuente general/a_Eliminar_basica")): Object: 'Object Repository/1-OBJECTS TAREAS PRINCIPALES/Modulo Tarea Sara General/cargue fuente general/a_Eliminar_basica' is clicked on

2022-04-29 10:59:16 - [MESSAGE][PASSED] - Object: 'Object Repository/1-OBJECTS TAREAS PRINCIPALES/Modulo Tarea Sara General/cargue fuente general/a_Eliminar_basica' is clicked on

2022-04-29 10:59:16 - [TEST_STEP][PASSED] - click(findTestObject("1-OBJECTS TAREAS PRINCIPALES/Modulo Tarea Sara General/cargue fuente general/a_Aceptar_eliminar servicio")): Object: 'Object Repository/1-OBJECTS TAREAS PRINCIPALES/Modulo Tarea Sara General/cargue fuente general/a_Aceptar_eliminar servicio' is clicked on

2022-04-29 10:59:17 - [MESSAGE][PASSED] - Object: 'Object Repository/1-OBJECTS TAREAS PRINCIPALES/Modulo Tarea Sara General/cargue fuente general/a_Aceptar_eliminar servicio' is clicked on]]></system-out>
         <system-err><![CDATA[]]></system-err>
      </testcase>
      <testcase name="Test Cases/1.1-Tareas Principales/1.7.9-Ejecucion_reporte_general" time="63.398" classname="Test Cases/1.1-Tareas Principales/1.7.9-Ejecucion_reporte_general" status="PASSED">
         <system-out><![CDATA[2022-04-29 10:59:17 - [TEST_CASE][PASSED] - Test Cases/1.1-Tareas Principales/1.7.9-Ejecucion_reporte_general: Test Cases/1.1-Tareas Principales/1.7.9-Ejecucion_reporte_general

2022-04-29 10:59:17 - [TEST_STEP][PASSED] - callTestCase(findTestCase("0.1-Login"), [:], STOP_ON_FAILURE): Call Test Case 'Test Cases/0.1-Login' successfully

2022-04-29 10:59:17 - [TEST_CASE][PASSED] - Test Cases/0.1-Login: Test Cases/0.1-Login

2022-04-29 10:59:17 - [TEST_STEP][PASSED] - openBrowser(""): Browser is opened with url: ''

2022-04-29 10:59:17 - [MESSAGE][WARNING] - A browser is already opened. Closing browser and opening a new one

2022-04-29 10:59:18 - [MESSAGE][INFO] - Starting 'Chrome' driver

2022-04-29 10:59:18 - [MESSAGE][INFO] - Action delay is set to 0 milliseconds

2022-04-29 10:59:19 - [MESSAGE][PASSED] - Browser is opened with url: ''

2022-04-29 10:59:19 - [TEST_STEP][PASSED] - maximizeWindow(): Current window maximized

2022-04-29 10:59:19 - [MESSAGE][PASSED] - Current window maximized

2022-04-29 10:59:19 - [TEST_STEP][PASSED] - i = G_Login: null

2022-04-29 10:59:19 - [TEST_STEP][PASSED] - url = new java.net.URL(i): null

2022-04-29 10:59:19 - [TEST_STEP][PASSED] - println("URL: " + url.toString()): null

2022-04-29 10:59:19 - [TEST_STEP][PASSED] - connection = url.openConnection(): null

2022-04-29 10:59:19 - [TEST_STEP][PASSED] - connection.setRequestMethod("GET"): null

2022-04-29 10:59:19 - [TEST_STEP][PASSED] - connection.setReadTimeout(2 * 1000): null

2022-04-29 10:59:19 - [TEST_STEP][PASSED] - try: null

2022-04-29 10:59:19 - [TEST_STEP][PASSED] - connection.connect(): null

2022-04-29 10:59:19 - [TEST_STEP][PASSED] - flag = connected: null

2022-04-29 10:59:19 - [TEST_STEP][PASSED] - println("Valor_ori: " + flag): null

2022-04-29 10:59:19 - [TEST_STEP][PASSED] - if (flag): null

2022-04-29 10:59:19 - [TEST_STEP][PASSED] - navigateToUrl(i): Navigate to 'http://192.168.2.19:8380/saraweb' successfully

2022-04-29 10:59:20 - [MESSAGE][PASSED] - Navigate to 'http://192.168.2.19:8380/saraweb' successfully

2022-04-29 10:59:20 - [TEST_STEP][PASSED] - a(): null

2022-04-29 10:59:20 - [TEST_STEP][PASSED] - setText(findTestObject("3-OBJECTS UTILIDADES/Login/input_USUARIO_loginusuario"), G_Usuario): Text 'saraadmin' is set on object 'Object Repository/3-OBJECTS UTILIDADES/Login/input_USUARIO_loginusuario'

2022-04-29 10:59:21 - [MESSAGE][PASSED] - Text 'saraadmin' is set on object 'Object Repository/3-OBJECTS UTILIDADES/Login/input_USUARIO_loginusuario'

2022-04-29 10:59:21 - [TEST_STEP][PASSED] - setEncryptedText(findTestObject("3-OBJECTS UTILIDADES/Login/input_CLAVE_loginpassword"), "MkG4/TYiCFC3cb2driP7+Q=="): Text ****** has been set on object 'Object Repository/3-OBJECTS UTILIDADES/Login/input_CLAVE_loginpassword'

2022-04-29 10:59:21 - [MESSAGE][PASSED] - Text ****** has been set on object 'Object Repository/3-OBJECTS UTILIDADES/Login/input_CLAVE_loginpassword'

2022-04-29 10:59:21 - [TEST_STEP][PASSED] - waitForElementClickable(findTestObject("3-OBJECTS UTILIDADES/Login/a_Ingresar"), G_TimeOut): Object 'Object Repository/3-OBJECTS UTILIDADES/Login/a_Ingresar' is clickable

2022-04-29 10:59:21 - [MESSAGE][PASSED] - Object 'Object Repository/3-OBJECTS UTILIDADES/Login/a_Ingresar' is clickable

2022-04-29 10:59:21 - [TEST_STEP][PASSED] - click(findTestObject("3-OBJECTS UTILIDADES/Login/a_Ingresar")): Object: 'Object Repository/3-OBJECTS UTILIDADES/Login/a_Ingresar' is clicked on

2022-04-29 10:59:23 - [MESSAGE][PASSED] - Object: 'Object Repository/3-OBJECTS UTILIDADES/Login/a_Ingresar' is clicked on

2022-04-29 10:59:23 - [TEST_STEP][PASSED] - element = findWebElement(findTestObject("3-OBJECTS UTILIDADES/Login/a_Ir"), 30): null

2022-04-29 10:59:23 - [TEST_STEP][PASSED] - executeJavaScript("arguments[0].click()", Arrays.asList(element)): Execute JavaScript 'arguments[0].click()' successfully

2022-04-29 10:59:23 - [MESSAGE][PASSED] - Execute JavaScript 'arguments[0].click()' successfully

2022-04-29 10:59:23 - [MESSAGE][PASSED] - Call Test Case 'Test Cases/0.1-Login' successfully

2022-04-29 10:59:23 - [TEST_STEP][PASSED] - setText(findTestObject("1-OBJECTS TAREAS PRINCIPALES/Modulo Tarea Sara General/Ejecucion reporte general/input_Empresa 1_form_templatej_idt24_input"), "ejecucion reporte (gna)"): Text 'ejecucion reporte (gna)' is set on object 'Object Repository/1-OBJECTS TAREAS PRINCIPALES/Modulo Tarea Sara General/Ejecucion reporte general/input_Empresa 1_form_templatej_idt24_input'

2022-04-29 10:59:25 - [MESSAGE][PASSED] - Text 'ejecucion reporte (gna)' is set on object 'Object Repository/1-OBJECTS TAREAS PRINCIPALES/Modulo Tarea Sara General/Ejecucion reporte general/input_Empresa 1_form_templatej_idt24_input'

2022-04-29 10:59:25 - [TEST_STEP][PASSED] - click(findTestObject("1-OBJECTS TAREAS PRINCIPALES/Modulo Tarea Sara General/Ejecucion reporte general/li_Ejecucion Reporte (gna)")): Object: 'Object Repository/1-OBJECTS TAREAS PRINCIPALES/Modulo Tarea Sara General/Ejecucion reporte general/li_Ejecucion Reporte (gna)' is clicked on

2022-04-29 10:59:26 - [MESSAGE][PASSED] - Object: 'Object Repository/1-OBJECTS TAREAS PRINCIPALES/Modulo Tarea Sara General/Ejecucion reporte general/li_Ejecucion Reporte (gna)' is clicked on

2022-04-29 10:59:26 - [TEST_STEP][PASSED] - setText(findTestObject("1-OBJECTS TAREAS PRINCIPALES/Modulo Tarea Sara General/Ejecucion reporte general/input_Actos Administrativos_listaReporteFormj_idt63"), "pruebas  automaticas"): Text 'pruebas  automaticas' is set on object 'Object Repository/1-OBJECTS TAREAS PRINCIPALES/Modulo Tarea Sara General/Ejecucion reporte general/input_Actos Administrativos_listaReporteFormj_idt63'

2022-04-29 10:59:28 - [MESSAGE][PASSED] - Text 'pruebas  automaticas' is set on object 'Object Repository/1-OBJECTS TAREAS PRINCIPALES/Modulo Tarea Sara General/Ejecucion reporte general/input_Actos Administrativos_listaReporteFormj_idt63'

2022-04-29 10:59:28 - [TEST_STEP][PASSED] - sendKeys(findTestObject("1-OBJECTS TAREAS PRINCIPALES/Modulo Tarea Sara General/Ejecucion reporte general/input_Actos Administrativos_listaReporteFormj_idt63"), Keys.chord(ENTER)): Keys 'ENTER + ' sent to object: 'Object Repository/1-OBJECTS TAREAS PRINCIPALES/Modulo Tarea Sara General/Ejecucion reporte general/input_Actos Administrativos_listaReporteFormj_idt63'

2022-04-29 10:59:29 - [MESSAGE][PASSED] - Keys 'ENTER + ' sent to object: 'Object Repository/1-OBJECTS TAREAS PRINCIPALES/Modulo Tarea Sara General/Ejecucion reporte general/input_Actos Administrativos_listaReporteFormj_idt63'

2022-04-29 10:59:29 - [TEST_STEP][PASSED] - if (waitForElementVisible(findTestObject("1-OBJECTS TAREAS PRINCIPALES/Modulo Tarea Sara General/Ejecucion reporte general/td_pruebas  automaticas"), 1)): Web element with id: 'Object Repository/1-OBJECTS TAREAS PRINCIPALES/Modulo Tarea Sara General/Ejecucion reporte general/td_pruebas  automaticas' located by '//td[(text() = 'pruebas  automaticas' or . = 'pruebas  automaticas')]' not found

2022-04-29 10:59:31 - [MESSAGE][INFO] - Unable to find the element located by 'By.xpath: //td[(text() = 'pruebas  automaticas' or . = 'pruebas  automaticas')]'. Please recheck the objects properties to make sure the desired element is located. 

2022-04-29 10:59:31 - [MESSAGE][WARNING] - Web element with id: 'Object Repository/1-OBJECTS TAREAS PRINCIPALES/Modulo Tarea Sara General/Ejecucion reporte general/td_pruebas  automaticas' located by '//td[(text() = 'pruebas  automaticas' or . = 'pruebas  automaticas')]' not found

2022-04-29 10:59:31 - [TEST_STEP][PASSED] - click(findTestObject("1-OBJECTS TAREAS PRINCIPALES/Modulo Tarea Sara General/Ejecucion reporte general/a_Nuevo")): Object: 'Object Repository/1-OBJECTS TAREAS PRINCIPALES/Modulo Tarea Sara General/Ejecucion reporte general/a_Nuevo' is clicked on

2022-04-29 10:59:32 - [MESSAGE][PASSED] - Object: 'Object Repository/1-OBJECTS TAREAS PRINCIPALES/Modulo Tarea Sara General/Ejecucion reporte general/a_Nuevo' is clicked on

2022-04-29 10:59:32 - [TEST_STEP][PASSED] - click(findTestObject("1-OBJECTS TAREAS PRINCIPALES/Modulo Tarea Sara General/Ejecucion reporte general/input_Descripcin_reporteFormdescripcion"), STOP_ON_FAILURE): Object: 'Object Repository/1-OBJECTS TAREAS PRINCIPALES/Modulo Tarea Sara General/Ejecucion reporte general/input_Descripcin_reporteFormdescripcion' is clicked on

2022-04-29 10:59:33 - [MESSAGE][PASSED] - Object: 'Object Repository/1-OBJECTS TAREAS PRINCIPALES/Modulo Tarea Sara General/Ejecucion reporte general/input_Descripcin_reporteFormdescripcion' is clicked on

2022-04-29 10:59:33 - [TEST_STEP][PASSED] - setText(findTestObject("1-OBJECTS TAREAS PRINCIPALES/Modulo Tarea Sara General/Ejecucion reporte general/input_Descripcin_reporteFormdescripcion"), "pruebas  automaticas"): Text 'pruebas  automaticas' is set on object 'Object Repository/1-OBJECTS TAREAS PRINCIPALES/Modulo Tarea Sara General/Ejecucion reporte general/input_Descripcin_reporteFormdescripcion'

2022-04-29 10:59:33 - [MESSAGE][PASSED] - Text 'pruebas  automaticas' is set on object 'Object Repository/1-OBJECTS TAREAS PRINCIPALES/Modulo Tarea Sara General/Ejecucion reporte general/input_Descripcin_reporteFormdescripcion'

2022-04-29 10:59:33 - [TEST_STEP][PASSED] - setText(findTestObject("1-OBJECTS TAREAS PRINCIPALES/Modulo Tarea Sara General/Ejecucion reporte general/input_Titulo_reporteFormtitulo"), "Pruebas  katalon"): Text 'Pruebas  katalon' is set on object 'Object Repository/1-OBJECTS TAREAS PRINCIPALES/Modulo Tarea Sara General/Ejecucion reporte general/input_Titulo_reporteFormtitulo'

2022-04-29 10:59:34 - [MESSAGE][PASSED] - Text 'Pruebas  katalon' is set on object 'Object Repository/1-OBJECTS TAREAS PRINCIPALES/Modulo Tarea Sara General/Ejecucion reporte general/input_Titulo_reporteFormtitulo'

2022-04-29 10:59:34 - [TEST_STEP][PASSED] - selectOptionByIndex(findTestObject("1-OBJECTS TAREAS PRINCIPALES/Modulo Tarea Sara General/Ejecucion reporte general/select_SeleccioneFIJOFUENTESQL"), 3): All options with index in [3] are selected on object 'Object Repository/1-OBJECTS TAREAS PRINCIPALES/Modulo Tarea Sara General/Ejecucion reporte general/select_SeleccioneFIJOFUENTESQL'

2022-04-29 10:59:35 - [MESSAGE][PASSED] - All options with index in [3] are selected on object 'Object Repository/1-OBJECTS TAREAS PRINCIPALES/Modulo Tarea Sara General/Ejecucion reporte general/select_SeleccioneFIJOFUENTESQL'

2022-04-29 10:59:35 - [TEST_STEP][PASSED] - selectOptionByIndex(findTestObject("1-OBJECTS TAREAS PRINCIPALES/Modulo Tarea Sara General/Ejecucion reporte general/select_--Seleccione--NoSi"), 2): All options with index in [2] are selected on object 'Object Repository/1-OBJECTS TAREAS PRINCIPALES/Modulo Tarea Sara General/Ejecucion reporte general/select_--Seleccione--NoSi'

2022-04-29 10:59:36 - [MESSAGE][PASSED] - All options with index in [2] are selected on object 'Object Repository/1-OBJECTS TAREAS PRINCIPALES/Modulo Tarea Sara General/Ejecucion reporte general/select_--Seleccione--NoSi'

2022-04-29 10:59:36 - [TEST_STEP][PASSED] - selectOptionByIndex(findTestObject("1-OBJECTS TAREAS PRINCIPALES/Modulo Tarea Sara General/Ejecucion reporte general/select_SeleccioneEjecutar limite de tiempo de la sesion"), 1): All options with index in [1] are selected on object 'Object Repository/1-OBJECTS TAREAS PRINCIPALES/Modulo Tarea Sara General/Ejecucion reporte general/select_SeleccioneEjecutar limite de tiempo de la sesion'

2022-04-29 10:59:38 - [MESSAGE][PASSED] - All options with index in [1] are selected on object 'Object Repository/1-OBJECTS TAREAS PRINCIPALES/Modulo Tarea Sara General/Ejecucion reporte general/select_SeleccioneEjecutar limite de tiempo de la sesion'

2022-04-29 10:59:38 - [TEST_STEP][PASSED] - setText(findTestObject("1-OBJECTS TAREAS PRINCIPALES/Modulo Tarea Sara General/Ejecucion reporte general/textarea_Sql_reporteFormsql"), "SELECT  nemp_empresa "codigo", cemp_nombre "Nombre", memp_nit "NIT" FROM EMPRESA_EMP"): Text 'SELECT  nemp_empresa "codigo", cemp_nombre "Nombre", memp_nit "NIT" FROM EMPRESA_EMP' is set on object 'Object Repository/1-OBJECTS TAREAS PRINCIPALES/Modulo Tarea Sara General/Ejecucion reporte general/textarea_Sql_reporteFormsql'

2022-04-29 10:59:38 - [MESSAGE][PASSED] - Text 'SELECT  nemp_empresa "codigo", cemp_nombre "Nombre", memp_nit "NIT" FROM EMPRESA_EMP' is set on object 'Object Repository/1-OBJECTS TAREAS PRINCIPALES/Modulo Tarea Sara General/Ejecucion reporte general/textarea_Sql_reporteFormsql'

2022-04-29 10:59:38 - [TEST_STEP][PASSED] - click(findTestObject("1-OBJECTS TAREAS PRINCIPALES/Modulo Tarea Sara General/Ejecucion reporte general/a_Guardar")): Object: 'Object Repository/1-OBJECTS TAREAS PRINCIPALES/Modulo Tarea Sara General/Ejecucion reporte general/a_Guardar' is clicked on

2022-04-29 10:59:39 - [MESSAGE][PASSED] - Object: 'Object Repository/1-OBJECTS TAREAS PRINCIPALES/Modulo Tarea Sara General/Ejecucion reporte general/a_Guardar' is clicked on

2022-04-29 10:59:39 - [TEST_STEP][PASSED] - click(findTestObject("1-OBJECTS TAREAS PRINCIPALES/Modulo Tarea Sara General/Ejecucion reporte general/a_Entrada")): Object: 'Object Repository/1-OBJECTS TAREAS PRINCIPALES/Modulo Tarea Sara General/Ejecucion reporte general/a_Entrada' is clicked on

2022-04-29 10:59:40 - [MESSAGE][PASSED] - Object: 'Object Repository/1-OBJECTS TAREAS PRINCIPALES/Modulo Tarea Sara General/Ejecucion reporte general/a_Entrada' is clicked on

2022-04-29 10:59:40 - [TEST_STEP][PASSED] - click(findTestObject("1-OBJECTS TAREAS PRINCIPALES/Modulo Tarea Sara General/Ejecucion reporte general/a_Nuevo1")): Object: 'Object Repository/1-OBJECTS TAREAS PRINCIPALES/Modulo Tarea Sara General/Ejecucion reporte general/a_Nuevo1' is clicked on

2022-04-29 10:59:41 - [MESSAGE][PASSED] - Object: 'Object Repository/1-OBJECTS TAREAS PRINCIPALES/Modulo Tarea Sara General/Ejecucion reporte general/a_Nuevo1' is clicked on

2022-04-29 10:59:41 - [TEST_STEP][PASSED] - setText(findTestObject("1-OBJECTS TAREAS PRINCIPALES/Modulo Tarea Sara General/Ejecucion reporte general/input_Descripcin_formPopUpEntradaReporteentradaDescripcion"), "Empresa"): Text 'Empresa' is set on object 'Object Repository/1-OBJECTS TAREAS PRINCIPALES/Modulo Tarea Sara General/Ejecucion reporte general/input_Descripcin_formPopUpEntradaReporteentradaDescripcion'

2022-04-29 10:59:42 - [MESSAGE][PASSED] - Text 'Empresa' is set on object 'Object Repository/1-OBJECTS TAREAS PRINCIPALES/Modulo Tarea Sara General/Ejecucion reporte general/input_Descripcin_formPopUpEntradaReporteentradaDescripcion'

2022-04-29 10:59:42 - [TEST_STEP][PASSED] - setText(findTestObject("1-OBJECTS TAREAS PRINCIPALES/Modulo Tarea Sara General/Ejecucion reporte general/input_Parmetro_formPopUpEntradaReporteentradaParametro"), "Codempresa"): Text 'Codempresa' is set on object 'Object Repository/1-OBJECTS TAREAS PRINCIPALES/Modulo Tarea Sara General/Ejecucion reporte general/input_Parmetro_formPopUpEntradaReporteentradaParametro'

2022-04-29 10:59:43 - [MESSAGE][PASSED] - Text 'Codempresa' is set on object 'Object Repository/1-OBJECTS TAREAS PRINCIPALES/Modulo Tarea Sara General/Ejecucion reporte general/input_Parmetro_formPopUpEntradaReporteentradaParametro'

2022-04-29 10:59:43 - [TEST_STEP][PASSED] - selectOptionByIndex(findTestObject("1-OBJECTS TAREAS PRINCIPALES/Modulo Tarea Sara General/Ejecucion reporte general/select_DirectoLista"), 0): All options with index in [0] are selected on object 'Object Repository/1-OBJECTS TAREAS PRINCIPALES/Modulo Tarea Sara General/Ejecucion reporte general/select_DirectoLista'

2022-04-29 10:59:44 - [MESSAGE][PASSED] - All options with index in [0] are selected on object 'Object Repository/1-OBJECTS TAREAS PRINCIPALES/Modulo Tarea Sara General/Ejecucion reporte general/select_DirectoLista'

2022-04-29 10:59:44 - [TEST_STEP][PASSED] - selectOptionByIndex(findTestObject("1-OBJECTS TAREAS PRINCIPALES/Modulo Tarea Sara General/Ejecucion reporte general/select_- Seleccione -FechaNumero DecimalNumero EnteroSerie NumeroSerie TextoTexto"), 3): All options with index in [3] are selected on object 'Object Repository/1-OBJECTS TAREAS PRINCIPALES/Modulo Tarea Sara General/Ejecucion reporte general/select_- Seleccione -FechaNumero DecimalNumero EnteroSerie NumeroSerie TextoTexto'

2022-04-29 10:59:45 - [MESSAGE][PASSED] - All options with index in [3] are selected on object 'Object Repository/1-OBJECTS TAREAS PRINCIPALES/Modulo Tarea Sara General/Ejecucion reporte general/select_- Seleccione -FechaNumero DecimalNumero EnteroSerie NumeroSerie TextoTexto'

2022-04-29 10:59:45 - [TEST_STEP][PASSED] - setText(findTestObject("1-OBJECTS TAREAS PRINCIPALES/Modulo Tarea Sara General/Ejecucion reporte general/input_Orden_formPopUpEntradaReporteentradaOrden"), "1"): Text '1' is set on object 'Object Repository/1-OBJECTS TAREAS PRINCIPALES/Modulo Tarea Sara General/Ejecucion reporte general/input_Orden_formPopUpEntradaReporteentradaOrden'

2022-04-29 10:59:45 - [MESSAGE][PASSED] - Text '1' is set on object 'Object Repository/1-OBJECTS TAREAS PRINCIPALES/Modulo Tarea Sara General/Ejecucion reporte general/input_Orden_formPopUpEntradaReporteentradaOrden'

2022-04-29 10:59:45 - [TEST_STEP][PASSED] - click(findTestObject("1-OBJECTS TAREAS PRINCIPALES/Modulo Tarea Sara General/Ejecucion reporte general/label_Si")): Object: 'Object Repository/1-OBJECTS TAREAS PRINCIPALES/Modulo Tarea Sara General/Ejecucion reporte general/label_Si' is clicked on

2022-04-29 10:59:46 - [MESSAGE][PASSED] - Object: 'Object Repository/1-OBJECTS TAREAS PRINCIPALES/Modulo Tarea Sara General/Ejecucion reporte general/label_Si' is clicked on

2022-04-29 10:59:46 - [TEST_STEP][PASSED] - click(findTestObject("1-OBJECTS TAREAS PRINCIPALES/Modulo Tarea Sara General/Ejecucion reporte general/a_Guardar1")): Object: 'Object Repository/1-OBJECTS TAREAS PRINCIPALES/Modulo Tarea Sara General/Ejecucion reporte general/a_Guardar1' is clicked on

2022-04-29 10:59:47 - [MESSAGE][PASSED] - Object: 'Object Repository/1-OBJECTS TAREAS PRINCIPALES/Modulo Tarea Sara General/Ejecucion reporte general/a_Guardar1' is clicked on

2022-04-29 10:59:47 - [TEST_STEP][PASSED] - click(findTestObject("1-OBJECTS TAREAS PRINCIPALES/Modulo Tarea Sara General/Ejecucion reporte general/span_No se encontr registros_ui-icon ui-icon-closethick")): Object: 'Object Repository/1-OBJECTS TAREAS PRINCIPALES/Modulo Tarea Sara General/Ejecucion reporte general/span_No se encontr registros_ui-icon ui-icon-closethick' is clicked on

2022-04-29 10:59:47 - [MESSAGE][PASSED] - Object: 'Object Repository/1-OBJECTS TAREAS PRINCIPALES/Modulo Tarea Sara General/Ejecucion reporte general/span_No se encontr registros_ui-icon ui-icon-closethick' is clicked on

2022-04-29 10:59:47 - [TEST_STEP][PASSED] - click(findTestObject("1-OBJECTS TAREAS PRINCIPALES/Modulo Tarea Sara General/Ejecucion reporte general/a_Campo")): Object: 'Object Repository/1-OBJECTS TAREAS PRINCIPALES/Modulo Tarea Sara General/Ejecucion reporte general/a_Campo' is clicked on

2022-04-29 10:59:48 - [MESSAGE][PASSED] - Object: 'Object Repository/1-OBJECTS TAREAS PRINCIPALES/Modulo Tarea Sara General/Ejecucion reporte general/a_Campo' is clicked on

2022-04-29 10:59:48 - [TEST_STEP][PASSED] - click(findTestObject("1-OBJECTS TAREAS PRINCIPALES/Modulo Tarea Sara General/Ejecucion reporte general/a_Generar")): Object: 'Object Repository/1-OBJECTS TAREAS PRINCIPALES/Modulo Tarea Sara General/Ejecucion reporte general/a_Generar' is clicked on

2022-04-29 10:59:50 - [MESSAGE][PASSED] - Object: 'Object Repository/1-OBJECTS TAREAS PRINCIPALES/Modulo Tarea Sara General/Ejecucion reporte general/a_Generar' is clicked on

2022-04-29 10:59:50 - [TEST_STEP][PASSED] - click(findTestObject("1-OBJECTS TAREAS PRINCIPALES/Modulo Tarea Sara General/Ejecucion reporte general/a_Tipo")): Object: 'Object Repository/1-OBJECTS TAREAS PRINCIPALES/Modulo Tarea Sara General/Ejecucion reporte general/a_Tipo' is clicked on

2022-04-29 10:59:50 - [MESSAGE][PASSED] - Object: 'Object Repository/1-OBJECTS TAREAS PRINCIPALES/Modulo Tarea Sara General/Ejecucion reporte general/a_Tipo' is clicked on

2022-04-29 10:59:50 - [TEST_STEP][PASSED] - click(findTestObject("1-OBJECTS TAREAS PRINCIPALES/Modulo Tarea Sara General/Ejecucion reporte general/a_Plantilla_btn_popupInformacion")): Object: 'Object Repository/1-OBJECTS TAREAS PRINCIPALES/Modulo Tarea Sara General/Ejecucion reporte general/a_Plantilla_btn_popupInformacion' is clicked on

2022-04-29 10:59:52 - [MESSAGE][PASSED] - Object: 'Object Repository/1-OBJECTS TAREAS PRINCIPALES/Modulo Tarea Sara General/Ejecucion reporte general/a_Plantilla_btn_popupInformacion' is clicked on

2022-04-29 10:59:52 - [TEST_STEP][PASSED] - setText(findTestObject("1-OBJECTS TAREAS PRINCIPALES/Modulo Tarea Sara General/Ejecucion reporte general/input_Buscar_form_PopupPlantillasj_idt74"), "descargar.xlsx"): Text 'descargar.xlsx' is set on object 'Object Repository/1-OBJECTS TAREAS PRINCIPALES/Modulo Tarea Sara General/Ejecucion reporte general/input_Buscar_form_PopupPlantillasj_idt74'

2022-04-29 10:59:53 - [MESSAGE][PASSED] - Text 'descargar.xlsx' is set on object 'Object Repository/1-OBJECTS TAREAS PRINCIPALES/Modulo Tarea Sara General/Ejecucion reporte general/input_Buscar_form_PopupPlantillasj_idt74'

2022-04-29 10:59:53 - [TEST_STEP][PASSED] - click(findTestObject("1-OBJECTS TAREAS PRINCIPALES/Modulo Tarea Sara General/Ejecucion reporte general/a_descargar.xlsx")): Object: 'Object Repository/1-OBJECTS TAREAS PRINCIPALES/Modulo Tarea Sara General/Ejecucion reporte general/a_descargar.xlsx' is clicked on

2022-04-29 10:59:53 - [MESSAGE][PASSED] - Object: 'Object Repository/1-OBJECTS TAREAS PRINCIPALES/Modulo Tarea Sara General/Ejecucion reporte general/a_descargar.xlsx' is clicked on

2022-04-29 10:59:53 - [TEST_STEP][PASSED] - setText(findTestObject("1-OBJECTS TAREAS PRINCIPALES/Modulo Tarea Sara General/Ejecucion reporte general/input_Nombre De La  Hoja_reporteFormexcel"), "Hoja1"): Text 'Hoja1' is set on object 'Object Repository/1-OBJECTS TAREAS PRINCIPALES/Modulo Tarea Sara General/Ejecucion reporte general/input_Nombre De La  Hoja_reporteFormexcel'

2022-04-29 10:59:54 - [MESSAGE][PASSED] - Text 'Hoja1' is set on object 'Object Repository/1-OBJECTS TAREAS PRINCIPALES/Modulo Tarea Sara General/Ejecucion reporte general/input_Nombre De La  Hoja_reporteFormexcel'

2022-04-29 10:59:54 - [TEST_STEP][PASSED] - selectOptionByIndex(findTestObject("1-OBJECTS TAREAS PRINCIPALES/Modulo Tarea Sara General/Ejecucion reporte general/select_SeleccioneSin CifrarEncripcion DaviviendaEncripcion Citibank"), 1): All options with index in [1] are selected on object 'Object Repository/1-OBJECTS TAREAS PRINCIPALES/Modulo Tarea Sara General/Ejecucion reporte general/select_SeleccioneSin CifrarEncripcion DaviviendaEncripcion Citibank'

2022-04-29 10:59:55 - [MESSAGE][PASSED] - All options with index in [1] are selected on object 'Object Repository/1-OBJECTS TAREAS PRINCIPALES/Modulo Tarea Sara General/Ejecucion reporte general/select_SeleccioneSin CifrarEncripcion DaviviendaEncripcion Citibank'

2022-04-29 10:59:55 - [TEST_STEP][PASSED] - click(findTestObject("1-OBJECTS TAREAS PRINCIPALES/Modulo Tarea Sara General/Ejecucion reporte general/a_Guardar2")): Object: 'Object Repository/1-OBJECTS TAREAS PRINCIPALES/Modulo Tarea Sara General/Ejecucion reporte general/a_Guardar2' is clicked on

2022-04-29 10:59:56 - [MESSAGE][PASSED] - Object: 'Object Repository/1-OBJECTS TAREAS PRINCIPALES/Modulo Tarea Sara General/Ejecucion reporte general/a_Guardar2' is clicked on

2022-04-29 10:59:56 - [TEST_STEP][PASSED] - click(findTestObject("2-OBJECTS TAREAS SECUNDARIAS/Pruebas capacitacion/Comprobar Parametros/a_Ejecutar")): Object: 'Object Repository/2-OBJECTS TAREAS SECUNDARIAS/Pruebas capacitacion/Comprobar Parametros/a_Ejecutar' is clicked on

2022-04-29 10:59:57 - [MESSAGE][PASSED] - Object: 'Object Repository/2-OBJECTS TAREAS SECUNDARIAS/Pruebas capacitacion/Comprobar Parametros/a_Ejecutar' is clicked on

2022-04-29 10:59:57 - [TEST_STEP][PASSED] - setText(findTestObject("1-OBJECTS TAREAS PRINCIPALES/Modulo Tarea Sara General/Ejecucion reporte general/input_Empresa_popupReportetablaParametroReporte0j_idt477"), "1"): Text '1' is set on object 'Object Repository/1-OBJECTS TAREAS PRINCIPALES/Modulo Tarea Sara General/Ejecucion reporte general/input_Empresa_popupReportetablaParametroReporte0j_idt477'

2022-04-29 10:59:58 - [MESSAGE][PASSED] - Text '1' is set on object 'Object Repository/1-OBJECTS TAREAS PRINCIPALES/Modulo Tarea Sara General/Ejecucion reporte general/input_Empresa_popupReportetablaParametroReporte0j_idt477'

2022-04-29 10:59:58 - [TEST_STEP][PASSED] - click(findTestObject("1-OBJECTS TAREAS PRINCIPALES/Modulo Tarea Sara General/Ejecucion reporte general/div_Generar_ui-radiobutton-box ui-widget ui-corner-all ui-state-default ui-state-active ui-state-hover")): Object: 'Object Repository/1-OBJECTS TAREAS PRINCIPALES/Modulo Tarea Sara General/Ejecucion reporte general/div_Generar_ui-radiobutton-box ui-widget ui-corner-all ui-state-default ui-state-active ui-state-hover' is clicked on

2022-04-29 10:59:58 - [MESSAGE][PASSED] - Object: 'Object Repository/1-OBJECTS TAREAS PRINCIPALES/Modulo Tarea Sara General/Ejecucion reporte general/div_Generar_ui-radiobutton-box ui-widget ui-corner-all ui-state-default ui-state-active ui-state-hover' is clicked on

2022-04-29 10:59:58 - [TEST_STEP][PASSED] - click(findTestObject("1-OBJECTS TAREAS PRINCIPALES/Modulo Tarea Sara General/Ejecucion reporte general/span_Que desea hacer_ui-radiobutton-icon ui-icon ui-icon-blank ui-c")): Object: 'Object Repository/1-OBJECTS TAREAS PRINCIPALES/Modulo Tarea Sara General/Ejecucion reporte general/span_Que desea hacer_ui-radiobutton-icon ui-icon ui-icon-blank ui-c' is clicked on

2022-04-29 10:59:59 - [MESSAGE][PASSED] - Object: 'Object Repository/1-OBJECTS TAREAS PRINCIPALES/Modulo Tarea Sara General/Ejecucion reporte general/span_Que desea hacer_ui-radiobutton-icon ui-icon ui-icon-blank ui-c' is clicked on

2022-04-29 10:59:59 - [TEST_STEP][PASSED] - click(findTestObject("1-OBJECTS TAREAS PRINCIPALES/Modulo Tarea Sara General/Ejecucion reporte general/a_Generar")): Object: 'Object Repository/1-OBJECTS TAREAS PRINCIPALES/Modulo Tarea Sara General/Ejecucion reporte general/a_Generar' is clicked on

2022-04-29 10:59:59 - [MESSAGE][PASSED] - Object: 'Object Repository/1-OBJECTS TAREAS PRINCIPALES/Modulo Tarea Sara General/Ejecucion reporte general/a_Generar' is clicked on

2022-04-29 10:59:59 - [TEST_STEP][PASSED] - click(findTestObject("1-OBJECTS TAREAS PRINCIPALES/Modulo Tarea Sara General/Ejecucion reporte general/a_Descargar")): Object: 'Object Repository/1-OBJECTS TAREAS PRINCIPALES/Modulo Tarea Sara General/Ejecucion reporte general/a_Descargar' is clicked on

2022-04-29 11:00:00 - [MESSAGE][PASSED] - Object: 'Object Repository/1-OBJECTS TAREAS PRINCIPALES/Modulo Tarea Sara General/Ejecucion reporte general/a_Descargar' is clicked on

2022-04-29 11:00:00 - [TEST_STEP][PASSED] - click(findTestObject("1-OBJECTS TAREAS PRINCIPALES/Modulo Tarea Sara General/Ejecucion reporte general/span_No se encontr registros_ui-icon ui-icon-closethick1")): Object: 'Object Repository/1-OBJECTS TAREAS PRINCIPALES/Modulo Tarea Sara General/Ejecucion reporte general/span_No se encontr registros_ui-icon ui-icon-closethick1' is clicked on

2022-04-29 11:00:01 - [MESSAGE][PASSED] - Object: 'Object Repository/1-OBJECTS TAREAS PRINCIPALES/Modulo Tarea Sara General/Ejecucion reporte general/span_No se encontr registros_ui-icon ui-icon-closethick1' is clicked on

2022-04-29 11:00:01 - [TEST_STEP][PASSED] - click(findTestObject("1-OBJECTS TAREAS PRINCIPALES/Modulo Tarea Sara General/Ejecucion reporte general/a_Campo")): Object: 'Object Repository/1-OBJECTS TAREAS PRINCIPALES/Modulo Tarea Sara General/Ejecucion reporte general/a_Campo' is clicked on

2022-04-29 11:00:01 - [MESSAGE][PASSED] - Object: 'Object Repository/1-OBJECTS TAREAS PRINCIPALES/Modulo Tarea Sara General/Ejecucion reporte general/a_Campo' is clicked on

2022-04-29 11:00:01 - [TEST_STEP][PASSED] - if (waitForElementVisible(findTestObject("1-OBJECTS TAREAS PRINCIPALES/Modulo Tarea Sara General/Ejecucion reporte general/td_NIT"), 1)): null

2022-04-29 11:00:02 - [MESSAGE][PASSED] - Object 'Object Repository/1-OBJECTS TAREAS PRINCIPALES/Modulo Tarea Sara General/Ejecucion reporte general/td_NIT' is visible

2022-04-29 11:00:02 - [TEST_STEP][PASSED] - click(findTestObject("1-OBJECTS TAREAS PRINCIPALES/Modulo Tarea Sara General/Ejecucion reporte general/td_NIT")): Object: 'Object Repository/1-OBJECTS TAREAS PRINCIPALES/Modulo Tarea Sara General/Ejecucion reporte general/td_NIT' is clicked on

2022-04-29 11:00:02 - [MESSAGE][PASSED] - Object: 'Object Repository/1-OBJECTS TAREAS PRINCIPALES/Modulo Tarea Sara General/Ejecucion reporte general/td_NIT' is clicked on

2022-04-29 11:00:02 - [TEST_STEP][PASSED] - click(findTestObject("1-OBJECTS TAREAS PRINCIPALES/Modulo Tarea Sara General/Ejecucion reporte general/a_Eliminar_campo")): Object: 'Object Repository/1-OBJECTS TAREAS PRINCIPALES/Modulo Tarea Sara General/Ejecucion reporte general/a_Eliminar_campo' is clicked on

2022-04-29 11:00:03 - [MESSAGE][PASSED] - Object: 'Object Repository/1-OBJECTS TAREAS PRINCIPALES/Modulo Tarea Sara General/Ejecucion reporte general/a_Eliminar_campo' is clicked on

2022-04-29 11:00:03 - [TEST_STEP][PASSED] - click(findTestObject("1-OBJECTS TAREAS PRINCIPALES/Modulo Tarea Sara General/Ejecucion reporte general/a_Aceptar_eliminar")): Object: 'Object Repository/1-OBJECTS TAREAS PRINCIPALES/Modulo Tarea Sara General/Ejecucion reporte general/a_Aceptar_eliminar' is clicked on

2022-04-29 11:00:04 - [MESSAGE][PASSED] - Object: 'Object Repository/1-OBJECTS TAREAS PRINCIPALES/Modulo Tarea Sara General/Ejecucion reporte general/a_Aceptar_eliminar' is clicked on

2022-04-29 11:00:04 - [TEST_STEP][PASSED] - if (waitForElementVisible(findTestObject("1-OBJECTS TAREAS PRINCIPALES/Modulo Tarea Sara General/Ejecucion reporte general/td_codigo"), 1)): null

2022-04-29 11:00:05 - [MESSAGE][PASSED] - Object 'Object Repository/1-OBJECTS TAREAS PRINCIPALES/Modulo Tarea Sara General/Ejecucion reporte general/td_codigo' is visible

2022-04-29 11:00:05 - [TEST_STEP][PASSED] - click(findTestObject("1-OBJECTS TAREAS PRINCIPALES/Modulo Tarea Sara General/Ejecucion reporte general/td_codigo")): Object: 'Object Repository/1-OBJECTS TAREAS PRINCIPALES/Modulo Tarea Sara General/Ejecucion reporte general/td_codigo' is clicked on

2022-04-29 11:00:05 - [MESSAGE][PASSED] - Object: 'Object Repository/1-OBJECTS TAREAS PRINCIPALES/Modulo Tarea Sara General/Ejecucion reporte general/td_codigo' is clicked on

2022-04-29 11:00:05 - [TEST_STEP][PASSED] - click(findTestObject("1-OBJECTS TAREAS PRINCIPALES/Modulo Tarea Sara General/Ejecucion reporte general/a_Eliminar_campo")): Object: 'Object Repository/1-OBJECTS TAREAS PRINCIPALES/Modulo Tarea Sara General/Ejecucion reporte general/a_Eliminar_campo' is clicked on

2022-04-29 11:00:06 - [MESSAGE][PASSED] - Object: 'Object Repository/1-OBJECTS TAREAS PRINCIPALES/Modulo Tarea Sara General/Ejecucion reporte general/a_Eliminar_campo' is clicked on

2022-04-29 11:00:06 - [TEST_STEP][PASSED] - click(findTestObject("1-OBJECTS TAREAS PRINCIPALES/Modulo Tarea Sara General/Ejecucion reporte general/a_Aceptar_eliminar")): Object: 'Object Repository/1-OBJECTS TAREAS PRINCIPALES/Modulo Tarea Sara General/Ejecucion reporte general/a_Aceptar_eliminar' is clicked on

2022-04-29 11:00:07 - [MESSAGE][PASSED] - Object: 'Object Repository/1-OBJECTS TAREAS PRINCIPALES/Modulo Tarea Sara General/Ejecucion reporte general/a_Aceptar_eliminar' is clicked on

2022-04-29 11:00:07 - [TEST_STEP][PASSED] - if (waitForElementVisible(findTestObject("1-OBJECTS TAREAS PRINCIPALES/Modulo Tarea Sara General/Ejecucion reporte general/td_Nombre"), 1)): null

2022-04-29 11:00:07 - [MESSAGE][PASSED] - Object 'Object Repository/1-OBJECTS TAREAS PRINCIPALES/Modulo Tarea Sara General/Ejecucion reporte general/td_Nombre' is visible

2022-04-29 11:00:07 - [TEST_STEP][PASSED] - click(findTestObject("1-OBJECTS TAREAS PRINCIPALES/Modulo Tarea Sara General/Ejecucion reporte general/td_Nombre")): Object: 'Object Repository/1-OBJECTS TAREAS PRINCIPALES/Modulo Tarea Sara General/Ejecucion reporte general/td_Nombre' is clicked on

2022-04-29 11:00:08 - [MESSAGE][PASSED] - Object: 'Object Repository/1-OBJECTS TAREAS PRINCIPALES/Modulo Tarea Sara General/Ejecucion reporte general/td_Nombre' is clicked on

2022-04-29 11:00:08 - [TEST_STEP][PASSED] - click(findTestObject("1-OBJECTS TAREAS PRINCIPALES/Modulo Tarea Sara General/Ejecucion reporte general/a_Eliminar_campo")): Object: 'Object Repository/1-OBJECTS TAREAS PRINCIPALES/Modulo Tarea Sara General/Ejecucion reporte general/a_Eliminar_campo' is clicked on

2022-04-29 11:00:09 - [MESSAGE][PASSED] - Object: 'Object Repository/1-OBJECTS TAREAS PRINCIPALES/Modulo Tarea Sara General/Ejecucion reporte general/a_Eliminar_campo' is clicked on

2022-04-29 11:00:09 - [TEST_STEP][PASSED] - click(findTestObject("1-OBJECTS TAREAS PRINCIPALES/Modulo Tarea Sara General/Ejecucion reporte general/a_Aceptar_eliminar")): Object: 'Object Repository/1-OBJECTS TAREAS PRINCIPALES/Modulo Tarea Sara General/Ejecucion reporte general/a_Aceptar_eliminar' is clicked on

2022-04-29 11:00:09 - [MESSAGE][PASSED] - Object: 'Object Repository/1-OBJECTS TAREAS PRINCIPALES/Modulo Tarea Sara General/Ejecucion reporte general/a_Aceptar_eliminar' is clicked on

2022-04-29 11:00:09 - [TEST_STEP][PASSED] - click(findTestObject("1-OBJECTS TAREAS PRINCIPALES/Modulo Tarea Sara General/Ejecucion reporte general/a_Entrada")): Object: 'Object Repository/1-OBJECTS TAREAS PRINCIPALES/Modulo Tarea Sara General/Ejecucion reporte general/a_Entrada' is clicked on

2022-04-29 11:00:10 - [MESSAGE][PASSED] - Object: 'Object Repository/1-OBJECTS TAREAS PRINCIPALES/Modulo Tarea Sara General/Ejecucion reporte general/a_Entrada' is clicked on

2022-04-29 11:00:10 - [TEST_STEP][PASSED] - if (waitForElementVisible(findTestObject("1-OBJECTS TAREAS PRINCIPALES/Modulo Tarea Sara General/Ejecucion reporte general/td_Numero Entero"), 1)): null

2022-04-29 11:00:10 - [MESSAGE][PASSED] - Object 'Object Repository/1-OBJECTS TAREAS PRINCIPALES/Modulo Tarea Sara General/Ejecucion reporte general/td_Numero Entero' is visible

2022-04-29 11:00:10 - [TEST_STEP][PASSED] - click(findTestObject("1-OBJECTS TAREAS PRINCIPALES/Modulo Tarea Sara General/Ejecucion reporte general/td_Numero Entero")): Object: 'Object Repository/1-OBJECTS TAREAS PRINCIPALES/Modulo Tarea Sara General/Ejecucion reporte general/td_Numero Entero' is clicked on

2022-04-29 11:00:11 - [MESSAGE][PASSED] - Object: 'Object Repository/1-OBJECTS TAREAS PRINCIPALES/Modulo Tarea Sara General/Ejecucion reporte general/td_Numero Entero' is clicked on

2022-04-29 11:00:11 - [TEST_STEP][PASSED] - click(findTestObject("1-OBJECTS TAREAS PRINCIPALES/Modulo Tarea Sara General/Ejecucion reporte general/a_Eliminar_entrada")): Object: 'Object Repository/1-OBJECTS TAREAS PRINCIPALES/Modulo Tarea Sara General/Ejecucion reporte general/a_Eliminar_entrada' is clicked on

2022-04-29 11:00:12 - [MESSAGE][PASSED] - Object: 'Object Repository/1-OBJECTS TAREAS PRINCIPALES/Modulo Tarea Sara General/Ejecucion reporte general/a_Eliminar_entrada' is clicked on

2022-04-29 11:00:12 - [TEST_STEP][PASSED] - click(findTestObject("1-OBJECTS TAREAS PRINCIPALES/Modulo Tarea Sara General/Ejecucion reporte general/a_Aceptar_eliminar entrada")): Object: 'Object Repository/1-OBJECTS TAREAS PRINCIPALES/Modulo Tarea Sara General/Ejecucion reporte general/a_Aceptar_eliminar entrada' is clicked on

2022-04-29 11:00:12 - [MESSAGE][PASSED] - Object: 'Object Repository/1-OBJECTS TAREAS PRINCIPALES/Modulo Tarea Sara General/Ejecucion reporte general/a_Aceptar_eliminar entrada' is clicked on

2022-04-29 11:00:12 - [TEST_STEP][PASSED] - click(findTestObject("1-OBJECTS TAREAS PRINCIPALES/Modulo Tarea Sara General/Ejecucion reporte general/a_Reporte")): Object: 'Object Repository/1-OBJECTS TAREAS PRINCIPALES/Modulo Tarea Sara General/Ejecucion reporte general/a_Reporte' is clicked on

2022-04-29 11:00:13 - [MESSAGE][PASSED] - Object: 'Object Repository/1-OBJECTS TAREAS PRINCIPALES/Modulo Tarea Sara General/Ejecucion reporte general/a_Reporte' is clicked on

2022-04-29 11:00:13 - [TEST_STEP][PASSED] - click(findTestObject("1-OBJECTS TAREAS PRINCIPALES/Modulo Tarea Sara General/Ejecucion reporte general/a_Eliminar_reporte")): Object: 'Object Repository/1-OBJECTS TAREAS PRINCIPALES/Modulo Tarea Sara General/Ejecucion reporte general/a_Eliminar_reporte' is clicked on

2022-04-29 11:00:14 - [MESSAGE][PASSED] - Object: 'Object Repository/1-OBJECTS TAREAS PRINCIPALES/Modulo Tarea Sara General/Ejecucion reporte general/a_Eliminar_reporte' is clicked on

2022-04-29 11:00:14 - [TEST_STEP][PASSED] - click(findTestObject("1-OBJECTS TAREAS PRINCIPALES/Modulo Tarea Sara General/Ejecucion reporte general/a_Aceptar_eliminar reporte")): Object: 'Object Repository/1-OBJECTS TAREAS PRINCIPALES/Modulo Tarea Sara General/Ejecucion reporte general/a_Aceptar_eliminar reporte' is clicked on

2022-04-29 11:00:14 - [MESSAGE][PASSED] - Object: 'Object Repository/1-OBJECTS TAREAS PRINCIPALES/Modulo Tarea Sara General/Ejecucion reporte general/a_Aceptar_eliminar reporte' is clicked on

2022-04-29 11:00:14 - [TEST_STEP][PASSED] - if (waitForElementVisible(findTestObject("1-OBJECTS TAREAS PRINCIPALES/Modulo Tarea Sara General/Ejecucion reporte general/a_Eliminar_reporte"), 1)): Web element with id: 'Object Repository/1-OBJECTS TAREAS PRINCIPALES/Modulo Tarea Sara General/Ejecucion reporte general/a_Eliminar_reporte' located by '//a[contains(text(),'Eliminar')]' not found

2022-04-29 11:00:17 - [MESSAGE][INFO] - Unable to find the element located by 'By.xpath: //a[contains(text(),'Eliminar')]'. Please recheck the objects properties to make sure the desired element is located. 

2022-04-29 11:00:17 - [MESSAGE][WARNING] - Web element with id: 'Object Repository/1-OBJECTS TAREAS PRINCIPALES/Modulo Tarea Sara General/Ejecucion reporte general/a_Eliminar_reporte' located by '//a[contains(text(),'Eliminar')]' not found

2022-04-29 11:00:17 - [TEST_STEP][PASSED] - else: Web element with id: 'Object Repository/1-OBJECTS TAREAS PRINCIPALES/Modulo Tarea Sara General/Ejecucion reporte general/a_Regresar' located by '//a[contains(text(),'Regresar')]' not found

2022-04-29 11:00:17 - [TEST_STEP][PASSED] - if (waitForElementVisible(findTestObject("1-OBJECTS TAREAS PRINCIPALES/Modulo Tarea Sara General/Ejecucion reporte general/a_Regresar"), 1)): Web element with id: 'Object Repository/1-OBJECTS TAREAS PRINCIPALES/Modulo Tarea Sara General/Ejecucion reporte general/a_Regresar' located by '//a[contains(text(),'Regresar')]' not found

2022-04-29 11:00:19 - [MESSAGE][INFO] - Unable to find the element located by 'By.xpath: //a[contains(text(),'Regresar')]'. Please recheck the objects properties to make sure the desired element is located. 

2022-04-29 11:00:19 - [MESSAGE][WARNING] - Web element with id: 'Object Repository/1-OBJECTS TAREAS PRINCIPALES/Modulo Tarea Sara General/Ejecucion reporte general/a_Regresar' located by '//a[contains(text(),'Regresar')]' not found

2022-04-29 11:00:19 - [TEST_STEP][PASSED] - closeBrowser(): Browser is closed

2022-04-29 11:00:20 - [MESSAGE][PASSED] - Browser is closed]]></system-out>
         <system-err><![CDATA[]]></system-err>
      </testcase>
      <testcase name="Test Cases/1.1-Tareas Principales/1.8.1-Seleccionar Empresa" time="130.369" classname="Test Cases/1.1-Tareas Principales/1.8.1-Seleccionar Empresa" status="PASSED">
         <system-out><![CDATA[2022-04-29 11:00:20 - [TEST_CASE][PASSED] - Test Cases/1.1-Tareas Principales/1.8.1-Seleccionar Empresa: Test Cases/1.1-Tareas Principales/1.8.1-Seleccionar Empresa

2022-04-29 11:00:21 - [TEST_STEP][PASSED] - callTestCase(findTestCase("Utilidades-(atajos_para _tareas)/Login_Seguridad/Login-Seguridad"), [:], STOP_ON_FAILURE): Call Test Case 'Test Cases/Utilidades-(atajos_para _tareas)/Login_Seguridad/Login-Seguridad' successfully

2022-04-29 11:00:21 - [TEST_CASE][PASSED] - Test Cases/Utilidades-(atajos_para _tareas)/Login_Seguridad/Login-Seguridad: Test Cases/Utilidades-(atajos_para _tareas)/Login_Seguridad/Login-Seguridad

2022-04-29 11:00:21 - [TEST_STEP][PASSED] - openBrowser(""): Browser is opened with url: ''

2022-04-29 11:00:21 - [MESSAGE][INFO] - Starting 'Chrome' driver

2022-04-29 11:00:21 - [MESSAGE][INFO] - Action delay is set to 0 milliseconds

2022-04-29 11:00:22 - [MESSAGE][PASSED] - Browser is opened with url: ''

2022-04-29 11:00:22 - [TEST_STEP][PASSED] - maximizeWindow(): Current window maximized

2022-04-29 11:00:23 - [MESSAGE][PASSED] - Current window maximized

2022-04-29 11:00:23 - [TEST_STEP][PASSED] - i = G_Login_Seguridad: null

2022-04-29 11:00:23 - [TEST_STEP][PASSED] - url = new java.net.URL(i): null

2022-04-29 11:00:23 - [TEST_STEP][PASSED] - println("URL: " + url.toString()): null

2022-04-29 11:00:23 - [TEST_STEP][PASSED] - connection = url.openConnection(): null

2022-04-29 11:00:23 - [TEST_STEP][PASSED] - connection.setRequestMethod("GET"): null

2022-04-29 11:00:23 - [TEST_STEP][PASSED] - connection.setReadTimeout(2 * 1000): null

2022-04-29 11:00:23 - [TEST_STEP][PASSED] - try: null

2022-04-29 11:00:23 - [TEST_STEP][PASSED] - connection.connect(): null

2022-04-29 11:00:23 - [TEST_STEP][PASSED] - flag = connected: null

2022-04-29 11:00:23 - [TEST_STEP][PASSED] - println("Valor_ori: " + flag): null

2022-04-29 11:00:23 - [TEST_STEP][PASSED] - if (flag): null

2022-04-29 11:00:23 - [TEST_STEP][PASSED] - navigateToUrl(i): Navigate to 'http://192.168.2.19:8380/seguridadweb/' successfully

2022-04-29 11:00:23 - [MESSAGE][PASSED] - Navigate to 'http://192.168.2.19:8380/seguridadweb/' successfully

2022-04-29 11:00:23 - [TEST_STEP][PASSED] - a(): null

2022-04-29 11:00:23 - [TEST_STEP][PASSED] - setText(findTestObject("3-OBJECTS UTILIDADES/Login/input_USUARIO_loginusuario"), G_Usuario): Text 'saraadmin' is set on object 'Object Repository/3-OBJECTS UTILIDADES/Login/input_USUARIO_loginusuario'

2022-04-29 11:00:24 - [MESSAGE][PASSED] - Text 'saraadmin' is set on object 'Object Repository/3-OBJECTS UTILIDADES/Login/input_USUARIO_loginusuario'

2022-04-29 11:00:24 - [TEST_STEP][PASSED] - setEncryptedText(findTestObject("3-OBJECTS UTILIDADES/Login/input_CLAVE_loginpassword"), "MkG4/TYiCFC3cb2driP7+Q=="): Text ****** has been set on object 'Object Repository/3-OBJECTS UTILIDADES/Login/input_CLAVE_loginpassword'

2022-04-29 11:00:24 - [MESSAGE][PASSED] - Text ****** has been set on object 'Object Repository/3-OBJECTS UTILIDADES/Login/input_CLAVE_loginpassword'

2022-04-29 11:00:24 - [TEST_STEP][PASSED] - waitForElementClickable(findTestObject("3-OBJECTS UTILIDADES/Login/a_Ingresar"), G_TimeOut): Object 'Object Repository/3-OBJECTS UTILIDADES/Login/a_Ingresar' is clickable

2022-04-29 11:00:25 - [MESSAGE][PASSED] - Object 'Object Repository/3-OBJECTS UTILIDADES/Login/a_Ingresar' is clickable

2022-04-29 11:00:25 - [TEST_STEP][PASSED] - click(findTestObject("3-OBJECTS UTILIDADES/Login/a_Ingresar")): Object: 'Object Repository/3-OBJECTS UTILIDADES/Login/a_Ingresar' is clicked on

2022-04-29 11:00:26 - [MESSAGE][PASSED] - Object: 'Object Repository/3-OBJECTS UTILIDADES/Login/a_Ingresar' is clicked on

2022-04-29 11:00:26 - [TEST_STEP][PASSED] - element = findWebElement(findTestObject("3-OBJECTS UTILIDADES/Login/a_Ir"), 30): null

2022-04-29 11:00:26 - [TEST_STEP][PASSED] - executeJavaScript("arguments[0].click()", Arrays.asList(element)): Execute JavaScript 'arguments[0].click()' successfully

2022-04-29 11:00:26 - [MESSAGE][PASSED] - Execute JavaScript 'arguments[0].click()' successfully

2022-04-29 11:00:26 - [MESSAGE][PASSED] - Call Test Case 'Test Cases/Utilidades-(atajos_para _tareas)/Login_Seguridad/Login-Seguridad' successfully

2022-04-29 11:00:26 - [TEST_STEP][PASSED] - setText(findTestObject("2-OBJECTS TAREAS SECUNDARIAS/Pruebas Seguridad/6.1.7-Seleccionar Empresa/input_Empresa 1_form_templatej_idt24_input"), "Usuario"): Text 'Usuario' is set on object 'Object Repository/2-OBJECTS TAREAS SECUNDARIAS/Pruebas Seguridad/6.1.7-Seleccionar Empresa/input_Empresa 1_form_templatej_idt24_input'

2022-04-29 11:00:27 - [MESSAGE][PASSED] - Text 'Usuario' is set on object 'Object Repository/2-OBJECTS TAREAS SECUNDARIAS/Pruebas Seguridad/6.1.7-Seleccionar Empresa/input_Empresa 1_form_templatej_idt24_input'

2022-04-29 11:00:27 - [TEST_STEP][PASSED] - click(findTestObject("2-OBJECTS TAREAS SECUNDARIAS/Pruebas Seguridad/6.1.7-Seleccionar Empresa/li_Usuario"), STOP_ON_FAILURE): Object: 'Object Repository/2-OBJECTS TAREAS SECUNDARIAS/Pruebas Seguridad/6.1.7-Seleccionar Empresa/li_Usuario' is clicked on

2022-04-29 11:00:28 - [MESSAGE][PASSED] - Object: 'Object Repository/2-OBJECTS TAREAS SECUNDARIAS/Pruebas Seguridad/6.1.7-Seleccionar Empresa/li_Usuario' is clicked on

2022-04-29 11:00:28 - [TEST_STEP][PASSED] - setText(findTestObject("2-OBJECTS TAREAS SECUNDARIAS/Pruebas Seguridad/6.1.7-Seleccionar Empresa/input_Portal_usuarioformaparametroBusqueda"), "Usuario"): Text 'Usuario' is set on object 'Object Repository/2-OBJECTS TAREAS SECUNDARIAS/Pruebas Seguridad/6.1.7-Seleccionar Empresa/input_Portal_usuarioformaparametroBusqueda'

2022-04-29 11:00:30 - [MESSAGE][PASSED] - Text 'Usuario' is set on object 'Object Repository/2-OBJECTS TAREAS SECUNDARIAS/Pruebas Seguridad/6.1.7-Seleccionar Empresa/input_Portal_usuarioformaparametroBusqueda'

2022-04-29 11:00:30 - [TEST_STEP][PASSED] - sendKeys(findTestObject("2-OBJECTS TAREAS SECUNDARIAS/Pruebas Seguridad/6.1.7-Seleccionar Empresa/input_Portal_usuarioformaparametroBusqueda"), Keys.chord(ENTER)): Keys 'ENTER + ' sent to object: 'Object Repository/2-OBJECTS TAREAS SECUNDARIAS/Pruebas Seguridad/6.1.7-Seleccionar Empresa/input_Portal_usuarioformaparametroBusqueda'

2022-04-29 11:00:31 - [MESSAGE][PASSED] - Keys 'ENTER + ' sent to object: 'Object Repository/2-OBJECTS TAREAS SECUNDARIAS/Pruebas Seguridad/6.1.7-Seleccionar Empresa/input_Portal_usuarioformaparametroBusqueda'

2022-04-29 11:00:31 - [TEST_STEP][PASSED] - if (waitForElementVisible(findTestObject("2-OBJECTS TAREAS SECUNDARIAS/Pruebas Seguridad/6.1.7-Seleccionar Empresa/span_Usuario"), 1)): Web element with id: 'Object Repository/2-OBJECTS TAREAS SECUNDARIAS/Pruebas Seguridad/6.1.7-Seleccionar Empresa/span_Usuario' located by '(.//*[normalize-space(text()) and normalize-space(.)='Usuario'])[4]/following::span[1]' not found

2022-04-29 11:00:33 - [MESSAGE][INFO] - Unable to find the element located by 'By.xpath: (.//*[normalize-space(text()) and normalize-space(.)='Usuario'])[4]/following::span[1]'. Please recheck the objects properties to make sure the desired element is located. 

2022-04-29 11:00:33 - [MESSAGE][WARNING] - Web element with id: 'Object Repository/2-OBJECTS TAREAS SECUNDARIAS/Pruebas Seguridad/6.1.7-Seleccionar Empresa/span_Usuario' located by '(.//*[normalize-space(text()) and normalize-space(.)='Usuario'])[4]/following::span[1]' not found

2022-04-29 11:00:33 - [TEST_STEP][PASSED] - click(findTestObject("2-OBJECTS TAREAS SECUNDARIAS/Pruebas Seguridad/6.1.7-Seleccionar Empresa/a_Nuevo"), STOP_ON_FAILURE): Object: 'Object Repository/2-OBJECTS TAREAS SECUNDARIAS/Pruebas Seguridad/6.1.7-Seleccionar Empresa/a_Nuevo' is clicked on

2022-04-29 11:00:33 - [MESSAGE][PASSED] - Object: 'Object Repository/2-OBJECTS TAREAS SECUNDARIAS/Pruebas Seguridad/6.1.7-Seleccionar Empresa/a_Nuevo' is clicked on

2022-04-29 11:00:33 - [TEST_STEP][PASSED] - setText(findTestObject("2-OBJECTS TAREAS SECUNDARIAS/Pruebas Seguridad/6.1.7-Seleccionar Empresa/input_Sesin_usuarioformatablogin"), "Usuario"): Text 'Usuario' is set on object 'Object Repository/2-OBJECTS TAREAS SECUNDARIAS/Pruebas Seguridad/6.1.7-Seleccionar Empresa/input_Sesin_usuarioformatablogin'

2022-04-29 11:00:34 - [MESSAGE][PASSED] - Text 'Usuario' is set on object 'Object Repository/2-OBJECTS TAREAS SECUNDARIAS/Pruebas Seguridad/6.1.7-Seleccionar Empresa/input_Sesin_usuarioformatablogin'

2022-04-29 11:00:34 - [TEST_STEP][PASSED] - setText(findTestObject("2-OBJECTS TAREAS SECUNDARIAS/Pruebas Seguridad/6.1.7-Seleccionar Empresa/input_Documento_usuarioformatabdocumento"), identificacion()): null

2022-04-29 11:00:34 - [TEST_STEP][PASSED] - random_double = Math.random() * 9999 + 999: null

2022-04-29 11:00:34 - [TEST_STEP][PASSED] - random_double = Math.round(random_double * 1000): null

2022-04-29 11:00:34 - [TEST_STEP][PASSED] - id = toString().replace(".0", ""): Text '2911924' is set on object 'Object Repository/2-OBJECTS TAREAS SECUNDARIAS/Pruebas Seguridad/6.1.7-Seleccionar Empresa/input_Documento_usuarioformatabdocumento'

2022-04-29 11:00:35 - [MESSAGE][PASSED] - Text '2911924' is set on object 'Object Repository/2-OBJECTS TAREAS SECUNDARIAS/Pruebas Seguridad/6.1.7-Seleccionar Empresa/input_Documento_usuarioformatabdocumento'

2022-04-29 11:00:35 - [TEST_STEP][PASSED] - setText(findTestObject("2-OBJECTS TAREAS SECUNDARIAS/Pruebas Seguridad/6.1.7-Seleccionar Empresa/input_Nombre_usuarioformatabnombre"), "Usuario"): Text 'Usuario' is set on object 'Object Repository/2-OBJECTS TAREAS SECUNDARIAS/Pruebas Seguridad/6.1.7-Seleccionar Empresa/input_Nombre_usuarioformatabnombre'

2022-04-29 11:00:36 - [MESSAGE][PASSED] - Text 'Usuario' is set on object 'Object Repository/2-OBJECTS TAREAS SECUNDARIAS/Pruebas Seguridad/6.1.7-Seleccionar Empresa/input_Nombre_usuarioformatabnombre'

2022-04-29 11:00:36 - [TEST_STEP][PASSED] - setText(findTestObject("2-OBJECTS TAREAS SECUNDARIAS/Pruebas Seguridad/6.1.7-Seleccionar Empresa/input_Correo_usuarioformatabemail"), identificacion() + "noodle@gmail.com"): null

2022-04-29 11:00:36 - [TEST_STEP][PASSED] - random_double = Math.random() * 9999 + 999: null

2022-04-29 11:00:36 - [TEST_STEP][PASSED] - random_double = Math.round(random_double * 1000): null

2022-04-29 11:00:36 - [TEST_STEP][PASSED] - id = toString().replace(".0", ""): Text '6238033noodle@gmail.com' is set on object 'Object Repository/2-OBJECTS TAREAS SECUNDARIAS/Pruebas Seguridad/6.1.7-Seleccionar Empresa/input_Correo_usuarioformatabemail'

2022-04-29 11:00:37 - [MESSAGE][PASSED] - Text '6238033noodle@gmail.com' is set on object 'Object Repository/2-OBJECTS TAREAS SECUNDARIAS/Pruebas Seguridad/6.1.7-Seleccionar Empresa/input_Correo_usuarioformatabemail'

2022-04-29 11:00:37 - [TEST_STEP][PASSED] - click(findTestObject("2-OBJECTS TAREAS SECUNDARIAS/Pruebas Seguridad/6.1.7-Seleccionar Empresa/label_Activo"), STOP_ON_FAILURE): Object: 'Object Repository/2-OBJECTS TAREAS SECUNDARIAS/Pruebas Seguridad/6.1.7-Seleccionar Empresa/label_Activo' is clicked on

2022-04-29 11:00:37 - [MESSAGE][PASSED] - Object: 'Object Repository/2-OBJECTS TAREAS SECUNDARIAS/Pruebas Seguridad/6.1.7-Seleccionar Empresa/label_Activo' is clicked on

2022-04-29 11:00:37 - [TEST_STEP][PASSED] - selectOptionByIndex(findTestObject("2-OBJECTS TAREAS SECUNDARIAS/Pruebas Seguridad/6.1.7-Seleccionar Empresa/select_-- Seleccione --acceso empresa calidad2Grupo a"), 2): All options with index in [2] are selected on object 'Object Repository/2-OBJECTS TAREAS SECUNDARIAS/Pruebas Seguridad/6.1.7-Seleccionar Empresa/select_-- Seleccione --acceso empresa calidad2Grupo a'

2022-04-29 11:00:38 - [MESSAGE][PASSED] - All options with index in [2] are selected on object 'Object Repository/2-OBJECTS TAREAS SECUNDARIAS/Pruebas Seguridad/6.1.7-Seleccionar Empresa/select_-- Seleccione --acceso empresa calidad2Grupo a'

2022-04-29 11:00:38 - [TEST_STEP][PASSED] - click(findTestObject("2-OBJECTS TAREAS SECUNDARIAS/Pruebas Seguridad/6.1.7-Seleccionar Empresa/a_Guardar")): Object: 'Object Repository/2-OBJECTS TAREAS SECUNDARIAS/Pruebas Seguridad/6.1.7-Seleccionar Empresa/a_Guardar' is clicked on

2022-04-29 11:00:39 - [MESSAGE][PASSED] - Object: 'Object Repository/2-OBJECTS TAREAS SECUNDARIAS/Pruebas Seguridad/6.1.7-Seleccionar Empresa/a_Guardar' is clicked on

2022-04-29 11:00:39 - [TEST_STEP][PASSED] - click(findTestObject("2-OBJECTS TAREAS SECUNDARIAS/Pruebas Seguridad/6.1.7-Seleccionar Empresa/a_Contrasea")): Object: 'Object Repository/2-OBJECTS TAREAS SECUNDARIAS/Pruebas Seguridad/6.1.7-Seleccionar Empresa/a_Contrasea' is clicked on

2022-04-29 11:00:40 - [MESSAGE][PASSED] - Object: 'Object Repository/2-OBJECTS TAREAS SECUNDARIAS/Pruebas Seguridad/6.1.7-Seleccionar Empresa/a_Contrasea' is clicked on

2022-04-29 11:00:40 - [TEST_STEP][PASSED] - setEncryptedText(findTestObject("2-OBJECTS TAREAS SECUNDARIAS/Pruebas Seguridad/6.1.7-Seleccionar Empresa/input_Contrasea_usuarioformatabpasswordNuevo"), "MkG4/TYiCFC3cb2driP7+Q=="): Text ****** has been set on object 'Object Repository/2-OBJECTS TAREAS SECUNDARIAS/Pruebas Seguridad/6.1.7-Seleccionar Empresa/input_Contrasea_usuarioformatabpasswordNuevo'

2022-04-29 11:00:40 - [MESSAGE][PASSED] - Text ****** has been set on object 'Object Repository/2-OBJECTS TAREAS SECUNDARIAS/Pruebas Seguridad/6.1.7-Seleccionar Empresa/input_Contrasea_usuarioformatabpasswordNuevo'

2022-04-29 11:00:40 - [TEST_STEP][PASSED] - setEncryptedText(findTestObject("2-OBJECTS TAREAS SECUNDARIAS/Pruebas Seguridad/6.1.7-Seleccionar Empresa/input_Confirmar_usuarioformatabpasswordConfirma"), "MkG4/TYiCFC3cb2driP7+Q=="): Text ****** has been set on object 'Object Repository/2-OBJECTS TAREAS SECUNDARIAS/Pruebas Seguridad/6.1.7-Seleccionar Empresa/input_Confirmar_usuarioformatabpasswordConfirma'

2022-04-29 11:00:41 - [MESSAGE][PASSED] - Text ****** has been set on object 'Object Repository/2-OBJECTS TAREAS SECUNDARIAS/Pruebas Seguridad/6.1.7-Seleccionar Empresa/input_Confirmar_usuarioformatabpasswordConfirma'

2022-04-29 11:00:41 - [TEST_STEP][PASSED] - click(findTestObject("2-OBJECTS TAREAS SECUNDARIAS/Pruebas Seguridad/6.1.7-Seleccionar Empresa/a_Actualizar")): Object: 'Object Repository/2-OBJECTS TAREAS SECUNDARIAS/Pruebas Seguridad/6.1.7-Seleccionar Empresa/a_Actualizar' is clicked on

2022-04-29 11:00:41 - [MESSAGE][PASSED] - Object: 'Object Repository/2-OBJECTS TAREAS SECUNDARIAS/Pruebas Seguridad/6.1.7-Seleccionar Empresa/a_Actualizar' is clicked on

2022-04-29 11:00:41 - [TEST_STEP][PASSED] - Empresas(): null

2022-04-29 11:00:41 - [TEST_STEP][PASSED] - click(findTestObject("2-OBJECTS TAREAS SECUNDARIAS/Pruebas Seguridad/6.1.7-Seleccionar Empresa/a_Acceso Particular")): Object: 'Object Repository/2-OBJECTS TAREAS SECUNDARIAS/Pruebas Seguridad/6.1.7-Seleccionar Empresa/a_Acceso Particular' is clicked on

2022-04-29 11:00:42 - [MESSAGE][PASSED] - Object: 'Object Repository/2-OBJECTS TAREAS SECUNDARIAS/Pruebas Seguridad/6.1.7-Seleccionar Empresa/a_Acceso Particular' is clicked on

2022-04-29 11:00:42 - [TEST_STEP][PASSED] - selectOptionByIndex(findTestObject("2-OBJECTS TAREAS SECUNDARIAS/Pruebas Seguridad/6.1.7-Seleccionar Empresa/select_Seleccione1234234administradorAdministrador Calidad 3ADMONAspirantesAspirantesjjAuditoriaCAPACITACIONCOLABORADOR"), 3): All options with index in [3] are selected on object 'Object Repository/2-OBJECTS TAREAS SECUNDARIAS/Pruebas Seguridad/6.1.7-Seleccionar Empresa/select_Seleccione1234234administradorAdministrador Calidad 3ADMONAspirantesAspirantesjjAuditoriaCAPACITACIONCOLABORADOR'

2022-04-29 11:00:43 - [MESSAGE][PASSED] - All options with index in [3] are selected on object 'Object Repository/2-OBJECTS TAREAS SECUNDARIAS/Pruebas Seguridad/6.1.7-Seleccionar Empresa/select_Seleccione1234234administradorAdministrador Calidad 3ADMONAspirantesAspirantesjjAuditoriaCAPACITACIONCOLABORADOR'

2022-04-29 11:00:43 - [TEST_STEP][PASSED] - selectOptionByIndex(findTestObject("2-OBJECTS TAREAS SECUNDARIAS/Pruebas Seguridad/6.1.7-Seleccionar Empresa/select_SeleccioneCALIDADEmpresa 1Pruebas katalon"), 1): All options with index in [1] are selected on object 'Object Repository/2-OBJECTS TAREAS SECUNDARIAS/Pruebas Seguridad/6.1.7-Seleccionar Empresa/select_SeleccioneCALIDADEmpresa 1Pruebas katalon'

2022-04-29 11:00:44 - [MESSAGE][PASSED] - All options with index in [1] are selected on object 'Object Repository/2-OBJECTS TAREAS SECUNDARIAS/Pruebas Seguridad/6.1.7-Seleccionar Empresa/select_SeleccioneCALIDADEmpresa 1Pruebas katalon'

2022-04-29 11:00:44 - [TEST_STEP][PASSED] - selectOptionByIndex(findTestObject("2-OBJECTS TAREAS SECUNDARIAS/Pruebas Seguridad/6.1.7-Seleccionar Empresa/select_SeleccioneaspirantesempleadosDSflexoPruebasFlexoPruebasJboosInformixjavaSaraDS"), 10): All options with index in [10] are selected on object 'Object Repository/2-OBJECTS TAREAS SECUNDARIAS/Pruebas Seguridad/6.1.7-Seleccionar Empresa/select_SeleccioneaspirantesempleadosDSflexoPruebasFlexoPruebasJboosInformixjavaSaraDS'

2022-04-29 11:00:45 - [MESSAGE][PASSED] - All options with index in [10] are selected on object 'Object Repository/2-OBJECTS TAREAS SECUNDARIAS/Pruebas Seguridad/6.1.7-Seleccionar Empresa/select_SeleccioneaspirantesempleadosDSflexoPruebasFlexoPruebasJboosInformixjavaSaraDS'

2022-04-29 11:00:45 - [TEST_STEP][PASSED] - selectOptionByIndex(findTestObject("2-OBJECTS TAREAS SECUNDARIAS/Pruebas Seguridad/6.1.7-Seleccionar Empresa/select_--Seleccione--NUCLEO SISTEMASARAPORTAL SARASARA APPSARA APPSOFIASEGURIDADLMSSERVICIOSREGISTRO PERSONA"), 2): All options with index in [2] are selected on object 'Object Repository/2-OBJECTS TAREAS SECUNDARIAS/Pruebas Seguridad/6.1.7-Seleccionar Empresa/select_--Seleccione--NUCLEO SISTEMASARAPORTAL SARASARA APPSARA APPSOFIASEGURIDADLMSSERVICIOSREGISTRO PERSONA'

2022-04-29 11:00:46 - [MESSAGE][PASSED] - All options with index in [2] are selected on object 'Object Repository/2-OBJECTS TAREAS SECUNDARIAS/Pruebas Seguridad/6.1.7-Seleccionar Empresa/select_--Seleccione--NUCLEO SISTEMASARAPORTAL SARASARA APPSARA APPSOFIASEGURIDADLMSSERVICIOSREGISTRO PERSONA'

2022-04-29 11:00:46 - [TEST_STEP][PASSED] - click(findTestObject("2-OBJECTS TAREAS SECUNDARIAS/Pruebas Seguridad/6.1.7-Seleccionar Empresa/a_No se encontr registros_usuarioformatabtabla_rolesj_idt152")): Object: 'Object Repository/2-OBJECTS TAREAS SECUNDARIAS/Pruebas Seguridad/6.1.7-Seleccionar Empresa/a_No se encontr registros_usuarioformatabtabla_rolesj_idt152' is clicked on

2022-04-29 11:00:47 - [MESSAGE][PASSED] - Object: 'Object Repository/2-OBJECTS TAREAS SECUNDARIAS/Pruebas Seguridad/6.1.7-Seleccionar Empresa/a_No se encontr registros_usuarioformatabtabla_rolesj_idt152' is clicked on

2022-04-29 11:00:47 - [TEST_STEP][PASSED] - selectOptionByIndex(findTestObject("2-OBJECTS TAREAS SECUNDARIAS/Pruebas Seguridad/6.1.7-Seleccionar Empresa/select_Seleccione1234234administradorAdministrador Calidad 3ADMONAspirantesAspirantesjjAuditoriaCAPACITACIONCOLABORADOR"), 13): All options with index in [13] are selected on object 'Object Repository/2-OBJECTS TAREAS SECUNDARIAS/Pruebas Seguridad/6.1.7-Seleccionar Empresa/select_Seleccione1234234administradorAdministrador Calidad 3ADMONAspirantesAspirantesjjAuditoriaCAPACITACIONCOLABORADOR'

2022-04-29 11:00:49 - [MESSAGE][PASSED] - All options with index in [13] are selected on object 'Object Repository/2-OBJECTS TAREAS SECUNDARIAS/Pruebas Seguridad/6.1.7-Seleccionar Empresa/select_Seleccione1234234administradorAdministrador Calidad 3ADMONAspirantesAspirantesjjAuditoriaCAPACITACIONCOLABORADOR'

2022-04-29 11:00:49 - [TEST_STEP][PASSED] - selectOptionByIndex(findTestObject("2-OBJECTS TAREAS SECUNDARIAS/Pruebas Seguridad/6.1.7-Seleccionar Empresa/select_SeleccioneCALIDADEmpresa 1Pruebas katalon"), 2): All options with index in [2] are selected on object 'Object Repository/2-OBJECTS TAREAS SECUNDARIAS/Pruebas Seguridad/6.1.7-Seleccionar Empresa/select_SeleccioneCALIDADEmpresa 1Pruebas katalon'

2022-04-29 11:00:50 - [MESSAGE][PASSED] - All options with index in [2] are selected on object 'Object Repository/2-OBJECTS TAREAS SECUNDARIAS/Pruebas Seguridad/6.1.7-Seleccionar Empresa/select_SeleccioneCALIDADEmpresa 1Pruebas katalon'

2022-04-29 11:00:50 - [TEST_STEP][PASSED] - selectOptionByIndex(findTestObject("2-OBJECTS TAREAS SECUNDARIAS/Pruebas Seguridad/6.1.7-Seleccionar Empresa/select_SeleccioneaspirantesempleadosDSflexoPruebasFlexoPruebasJboosInformixjavaSaraDS"), 9): All options with index in [9] are selected on object 'Object Repository/2-OBJECTS TAREAS SECUNDARIAS/Pruebas Seguridad/6.1.7-Seleccionar Empresa/select_SeleccioneaspirantesempleadosDSflexoPruebasFlexoPruebasJboosInformixjavaSaraDS'

2022-04-29 11:00:51 - [MESSAGE][PASSED] - All options with index in [9] are selected on object 'Object Repository/2-OBJECTS TAREAS SECUNDARIAS/Pruebas Seguridad/6.1.7-Seleccionar Empresa/select_SeleccioneaspirantesempleadosDSflexoPruebasFlexoPruebasJboosInformixjavaSaraDS'

2022-04-29 11:00:51 - [TEST_STEP][PASSED] - selectOptionByIndex(findTestObject("2-OBJECTS TAREAS SECUNDARIAS/Pruebas Seguridad/6.1.7-Seleccionar Empresa/select_--Seleccione--NUCLEO SISTEMASARAPORTAL SARASARA APPSARA APPSOFIASEGURIDADLMSSERVICIOSREGISTRO PERSONA"), 2): All options with index in [2] are selected on object 'Object Repository/2-OBJECTS TAREAS SECUNDARIAS/Pruebas Seguridad/6.1.7-Seleccionar Empresa/select_--Seleccione--NUCLEO SISTEMASARAPORTAL SARASARA APPSARA APPSOFIASEGURIDADLMSSERVICIOSREGISTRO PERSONA'

2022-04-29 11:00:52 - [MESSAGE][PASSED] - All options with index in [2] are selected on object 'Object Repository/2-OBJECTS TAREAS SECUNDARIAS/Pruebas Seguridad/6.1.7-Seleccionar Empresa/select_--Seleccione--NUCLEO SISTEMASARAPORTAL SARASARA APPSARA APPSOFIASEGURIDADLMSSERVICIOSREGISTRO PERSONA'

2022-04-29 11:00:52 - [TEST_STEP][PASSED] - click(findTestObject("2-OBJECTS TAREAS SECUNDARIAS/Pruebas Seguridad/6.1.7-Seleccionar Empresa/a_No se encontr registros_usuarioformatabtabla_rolesj_idt152 - Copy")): Object: 'Object Repository/2-OBJECTS TAREAS SECUNDARIAS/Pruebas Seguridad/6.1.7-Seleccionar Empresa/a_No se encontr registros_usuarioformatabtabla_rolesj_idt152 - Copy' is clicked on

2022-04-29 11:00:53 - [MESSAGE][PASSED] - Object: 'Object Repository/2-OBJECTS TAREAS SECUNDARIAS/Pruebas Seguridad/6.1.7-Seleccionar Empresa/a_No se encontr registros_usuarioformatabtabla_rolesj_idt152 - Copy' is clicked on

2022-04-29 11:00:53 - [TEST_STEP][PASSED] - selectOptionByIndex(findTestObject("2-OBJECTS TAREAS SECUNDARIAS/Pruebas Seguridad/6.1.7-Seleccionar Empresa/select_Seleccione1234234administradorAdministrador Calidad 3ADMONAspirantesAspirantesjjAuditoriaCAPACITACIONCOLABORADOR"), 14): All options with index in [14] are selected on object 'Object Repository/2-OBJECTS TAREAS SECUNDARIAS/Pruebas Seguridad/6.1.7-Seleccionar Empresa/select_Seleccione1234234administradorAdministrador Calidad 3ADMONAspirantesAspirantesjjAuditoriaCAPACITACIONCOLABORADOR'

2022-04-29 11:00:54 - [MESSAGE][PASSED] - All options with index in [14] are selected on object 'Object Repository/2-OBJECTS TAREAS SECUNDARIAS/Pruebas Seguridad/6.1.7-Seleccionar Empresa/select_Seleccione1234234administradorAdministrador Calidad 3ADMONAspirantesAspirantesjjAuditoriaCAPACITACIONCOLABORADOR'

2022-04-29 11:00:54 - [TEST_STEP][PASSED] - selectOptionByIndex(findTestObject("2-OBJECTS TAREAS SECUNDARIAS/Pruebas Seguridad/6.1.7-Seleccionar Empresa/select_SeleccioneCALIDADEmpresa 1Pruebas katalon"), 3): All options with index in [3] are selected on object 'Object Repository/2-OBJECTS TAREAS SECUNDARIAS/Pruebas Seguridad/6.1.7-Seleccionar Empresa/select_SeleccioneCALIDADEmpresa 1Pruebas katalon'

2022-04-29 11:00:55 - [MESSAGE][PASSED] - All options with index in [3] are selected on object 'Object Repository/2-OBJECTS TAREAS SECUNDARIAS/Pruebas Seguridad/6.1.7-Seleccionar Empresa/select_SeleccioneCALIDADEmpresa 1Pruebas katalon'

2022-04-29 11:00:55 - [TEST_STEP][PASSED] - selectOptionByIndex(findTestObject("2-OBJECTS TAREAS SECUNDARIAS/Pruebas Seguridad/6.1.7-Seleccionar Empresa/select_SeleccioneaspirantesempleadosDSflexoPruebasFlexoPruebasJboosInformixjavaSaraDS"), 8): All options with index in [8] are selected on object 'Object Repository/2-OBJECTS TAREAS SECUNDARIAS/Pruebas Seguridad/6.1.7-Seleccionar Empresa/select_SeleccioneaspirantesempleadosDSflexoPruebasFlexoPruebasJboosInformixjavaSaraDS'

2022-04-29 11:00:57 - [MESSAGE][PASSED] - All options with index in [8] are selected on object 'Object Repository/2-OBJECTS TAREAS SECUNDARIAS/Pruebas Seguridad/6.1.7-Seleccionar Empresa/select_SeleccioneaspirantesempleadosDSflexoPruebasFlexoPruebasJboosInformixjavaSaraDS'

2022-04-29 11:00:57 - [TEST_STEP][PASSED] - selectOptionByIndex(findTestObject("2-OBJECTS TAREAS SECUNDARIAS/Pruebas Seguridad/6.1.7-Seleccionar Empresa/select_--Seleccione--NUCLEO SISTEMASARAPORTAL SARASARA APPSARA APPSOFIASEGURIDADLMSSERVICIOSREGISTRO PERSONA"), 2): All options with index in [2] are selected on object 'Object Repository/2-OBJECTS TAREAS SECUNDARIAS/Pruebas Seguridad/6.1.7-Seleccionar Empresa/select_--Seleccione--NUCLEO SISTEMASARAPORTAL SARASARA APPSARA APPSOFIASEGURIDADLMSSERVICIOSREGISTRO PERSONA'

2022-04-29 11:00:58 - [MESSAGE][PASSED] - All options with index in [2] are selected on object 'Object Repository/2-OBJECTS TAREAS SECUNDARIAS/Pruebas Seguridad/6.1.7-Seleccionar Empresa/select_--Seleccione--NUCLEO SISTEMASARAPORTAL SARASARA APPSARA APPSOFIASEGURIDADLMSSERVICIOSREGISTRO PERSONA'

2022-04-29 11:00:58 - [TEST_STEP][PASSED] - click(findTestObject("2-OBJECTS TAREAS SECUNDARIAS/Pruebas Seguridad/6.1.7-Seleccionar Empresa/a_No se encontr registros_usuarioformatabtabla_rolesj_idt152 - Copy (1)")): Object: 'Object Repository/2-OBJECTS TAREAS SECUNDARIAS/Pruebas Seguridad/6.1.7-Seleccionar Empresa/a_No se encontr registros_usuarioformatabtabla_rolesj_idt152 - Copy (1)' is clicked on

2022-04-29 11:00:58 - [MESSAGE][PASSED] - Object: 'Object Repository/2-OBJECTS TAREAS SECUNDARIAS/Pruebas Seguridad/6.1.7-Seleccionar Empresa/a_No se encontr registros_usuarioformatabtabla_rolesj_idt152 - Copy (1)' is clicked on

2022-04-29 11:00:58 - [TEST_STEP][PASSED] - selectOptionByIndex(findTestObject("2-OBJECTS TAREAS SECUNDARIAS/Pruebas Seguridad/6.1.7-Seleccionar Empresa/select_Seleccione1234234administradorAdministrador Calidad 3ADMONAspirantesAspirantesjjAuditoriaCAPACITACIONCOLABORADOR"), 9): All options with index in [9] are selected on object 'Object Repository/2-OBJECTS TAREAS SECUNDARIAS/Pruebas Seguridad/6.1.7-Seleccionar Empresa/select_Seleccione1234234administradorAdministrador Calidad 3ADMONAspirantesAspirantesjjAuditoriaCAPACITACIONCOLABORADOR'

2022-04-29 11:01:00 - [MESSAGE][PASSED] - All options with index in [9] are selected on object 'Object Repository/2-OBJECTS TAREAS SECUNDARIAS/Pruebas Seguridad/6.1.7-Seleccionar Empresa/select_Seleccione1234234administradorAdministrador Calidad 3ADMONAspirantesAspirantesjjAuditoriaCAPACITACIONCOLABORADOR'

2022-04-29 11:01:00 - [TEST_STEP][PASSED] - selectOptionByIndex(findTestObject("2-OBJECTS TAREAS SECUNDARIAS/Pruebas Seguridad/6.1.7-Seleccionar Empresa/select_SeleccioneCALIDADEmpresa 1Pruebas katalon"), 1): All options with index in [1] are selected on object 'Object Repository/2-OBJECTS TAREAS SECUNDARIAS/Pruebas Seguridad/6.1.7-Seleccionar Empresa/select_SeleccioneCALIDADEmpresa 1Pruebas katalon'

2022-04-29 11:01:01 - [MESSAGE][PASSED] - All options with index in [1] are selected on object 'Object Repository/2-OBJECTS TAREAS SECUNDARIAS/Pruebas Seguridad/6.1.7-Seleccionar Empresa/select_SeleccioneCALIDADEmpresa 1Pruebas katalon'

2022-04-29 11:01:01 - [TEST_STEP][PASSED] - selectOptionByIndex(findTestObject("2-OBJECTS TAREAS SECUNDARIAS/Pruebas Seguridad/6.1.7-Seleccionar Empresa/select_SeleccioneaspirantesempleadosDSflexoPruebasFlexoPruebasJboosInformixjavaSaraDS"), 7): All options with index in [7] are selected on object 'Object Repository/2-OBJECTS TAREAS SECUNDARIAS/Pruebas Seguridad/6.1.7-Seleccionar Empresa/select_SeleccioneaspirantesempleadosDSflexoPruebasFlexoPruebasJboosInformixjavaSaraDS'

2022-04-29 11:01:02 - [MESSAGE][PASSED] - All options with index in [7] are selected on object 'Object Repository/2-OBJECTS TAREAS SECUNDARIAS/Pruebas Seguridad/6.1.7-Seleccionar Empresa/select_SeleccioneaspirantesempleadosDSflexoPruebasFlexoPruebasJboosInformixjavaSaraDS'

2022-04-29 11:01:02 - [TEST_STEP][PASSED] - selectOptionByIndex(findTestObject("2-OBJECTS TAREAS SECUNDARIAS/Pruebas Seguridad/6.1.7-Seleccionar Empresa/select_--Seleccione--NUCLEO SISTEMASARAPORTAL SARASARA APPSARA APPSOFIASEGURIDADLMSSERVICIOSREGISTRO PERSONA"), 2): All options with index in [2] are selected on object 'Object Repository/2-OBJECTS TAREAS SECUNDARIAS/Pruebas Seguridad/6.1.7-Seleccionar Empresa/select_--Seleccione--NUCLEO SISTEMASARAPORTAL SARASARA APPSARA APPSOFIASEGURIDADLMSSERVICIOSREGISTRO PERSONA'

2022-04-29 11:01:03 - [MESSAGE][PASSED] - All options with index in [2] are selected on object 'Object Repository/2-OBJECTS TAREAS SECUNDARIAS/Pruebas Seguridad/6.1.7-Seleccionar Empresa/select_--Seleccione--NUCLEO SISTEMASARAPORTAL SARASARA APPSARA APPSOFIASEGURIDADLMSSERVICIOSREGISTRO PERSONA'

2022-04-29 11:01:03 - [TEST_STEP][PASSED] - click(findTestObject("2-OBJECTS TAREAS SECUNDARIAS/Pruebas Seguridad/6.1.7-Seleccionar Empresa/a_SARA_usuarioformatabtabla_rolesj_idt1523")): Object: 'Object Repository/2-OBJECTS TAREAS SECUNDARIAS/Pruebas Seguridad/6.1.7-Seleccionar Empresa/a_SARA_usuarioformatabtabla_rolesj_idt1523' is clicked on

2022-04-29 11:01:04 - [MESSAGE][PASSED] - Object: 'Object Repository/2-OBJECTS TAREAS SECUNDARIAS/Pruebas Seguridad/6.1.7-Seleccionar Empresa/a_SARA_usuarioformatabtabla_rolesj_idt1523' is clicked on

2022-04-29 11:01:04 - [TEST_STEP][PASSED] - selectOptionByIndex(findTestObject("2-OBJECTS TAREAS SECUNDARIAS/Pruebas Seguridad/6.1.7-Seleccionar Empresa/select_Seleccione1234234administradorAdministrador Calidad 3ADMONAspirantesAspirantesjjAuditoriaCAPACITACIONCOLABORADOR"), 8): All options with index in [8] are selected on object 'Object Repository/2-OBJECTS TAREAS SECUNDARIAS/Pruebas Seguridad/6.1.7-Seleccionar Empresa/select_Seleccione1234234administradorAdministrador Calidad 3ADMONAspirantesAspirantesjjAuditoriaCAPACITACIONCOLABORADOR'

2022-04-29 11:01:05 - [MESSAGE][PASSED] - All options with index in [8] are selected on object 'Object Repository/2-OBJECTS TAREAS SECUNDARIAS/Pruebas Seguridad/6.1.7-Seleccionar Empresa/select_Seleccione1234234administradorAdministrador Calidad 3ADMONAspirantesAspirantesjjAuditoriaCAPACITACIONCOLABORADOR'

2022-04-29 11:01:05 - [TEST_STEP][PASSED] - selectOptionByIndex(findTestObject("2-OBJECTS TAREAS SECUNDARIAS/Pruebas Seguridad/6.1.7-Seleccionar Empresa/select_SeleccioneCALIDADEmpresa 1Pruebas katalon"), 2): All options with index in [2] are selected on object 'Object Repository/2-OBJECTS TAREAS SECUNDARIAS/Pruebas Seguridad/6.1.7-Seleccionar Empresa/select_SeleccioneCALIDADEmpresa 1Pruebas katalon'

2022-04-29 11:01:06 - [MESSAGE][PASSED] - All options with index in [2] are selected on object 'Object Repository/2-OBJECTS TAREAS SECUNDARIAS/Pruebas Seguridad/6.1.7-Seleccionar Empresa/select_SeleccioneCALIDADEmpresa 1Pruebas katalon'

2022-04-29 11:01:06 - [TEST_STEP][PASSED] - selectOptionByIndex(findTestObject("2-OBJECTS TAREAS SECUNDARIAS/Pruebas Seguridad/6.1.7-Seleccionar Empresa/select_SeleccioneaspirantesempleadosDSflexoPruebasFlexoPruebasJboosInformixjavaSaraDS"), 8): All options with index in [8] are selected on object 'Object Repository/2-OBJECTS TAREAS SECUNDARIAS/Pruebas Seguridad/6.1.7-Seleccionar Empresa/select_SeleccioneaspirantesempleadosDSflexoPruebasFlexoPruebasJboosInformixjavaSaraDS'

2022-04-29 11:01:08 - [MESSAGE][PASSED] - All options with index in [8] are selected on object 'Object Repository/2-OBJECTS TAREAS SECUNDARIAS/Pruebas Seguridad/6.1.7-Seleccionar Empresa/select_SeleccioneaspirantesempleadosDSflexoPruebasFlexoPruebasJboosInformixjavaSaraDS'

2022-04-29 11:01:08 - [TEST_STEP][PASSED] - selectOptionByIndex(findTestObject("2-OBJECTS TAREAS SECUNDARIAS/Pruebas Seguridad/6.1.7-Seleccionar Empresa/select_--Seleccione--NUCLEO SISTEMASARAPORTAL SARASARA APPSARA APPSOFIASEGURIDADLMSSERVICIOSREGISTRO PERSONA"), 2): All options with index in [2] are selected on object 'Object Repository/2-OBJECTS TAREAS SECUNDARIAS/Pruebas Seguridad/6.1.7-Seleccionar Empresa/select_--Seleccione--NUCLEO SISTEMASARAPORTAL SARASARA APPSARA APPSOFIASEGURIDADLMSSERVICIOSREGISTRO PERSONA'

2022-04-29 11:01:09 - [MESSAGE][PASSED] - All options with index in [2] are selected on object 'Object Repository/2-OBJECTS TAREAS SECUNDARIAS/Pruebas Seguridad/6.1.7-Seleccionar Empresa/select_--Seleccione--NUCLEO SISTEMASARAPORTAL SARASARA APPSARA APPSOFIASEGURIDADLMSSERVICIOSREGISTRO PERSONA'

2022-04-29 11:01:09 - [TEST_STEP][PASSED] - click(findTestObject("2-OBJECTS TAREAS SECUNDARIAS/Pruebas Seguridad/6.1.7-Seleccionar Empresa/a_SARA_usuarioformatabtabla_rolesj_idt1524")): Object: 'Object Repository/2-OBJECTS TAREAS SECUNDARIAS/Pruebas Seguridad/6.1.7-Seleccionar Empresa/a_SARA_usuarioformatabtabla_rolesj_idt1524' is clicked on

2022-04-29 11:01:09 - [MESSAGE][PASSED] - Object: 'Object Repository/2-OBJECTS TAREAS SECUNDARIAS/Pruebas Seguridad/6.1.7-Seleccionar Empresa/a_SARA_usuarioformatabtabla_rolesj_idt1524' is clicked on

2022-04-29 11:01:09 - [TEST_STEP][PASSED] - selectOptionByIndex(findTestObject("2-OBJECTS TAREAS SECUNDARIAS/Pruebas Seguridad/6.1.7-Seleccionar Empresa/select_Seleccione1234234administradorAdministrador Calidad 3ADMONAspirantesAspirantesjjAuditoriaCAPACITACIONCOLABORADOR"), 7): All options with index in [7] are selected on object 'Object Repository/2-OBJECTS TAREAS SECUNDARIAS/Pruebas Seguridad/6.1.7-Seleccionar Empresa/select_Seleccione1234234administradorAdministrador Calidad 3ADMONAspirantesAspirantesjjAuditoriaCAPACITACIONCOLABORADOR'

2022-04-29 11:01:11 - [MESSAGE][PASSED] - All options with index in [7] are selected on object 'Object Repository/2-OBJECTS TAREAS SECUNDARIAS/Pruebas Seguridad/6.1.7-Seleccionar Empresa/select_Seleccione1234234administradorAdministrador Calidad 3ADMONAspirantesAspirantesjjAuditoriaCAPACITACIONCOLABORADOR'

2022-04-29 11:01:11 - [TEST_STEP][PASSED] - selectOptionByIndex(findTestObject("2-OBJECTS TAREAS SECUNDARIAS/Pruebas Seguridad/6.1.7-Seleccionar Empresa/select_SeleccioneCALIDADEmpresa 1Pruebas katalon"), 3): All options with index in [3] are selected on object 'Object Repository/2-OBJECTS TAREAS SECUNDARIAS/Pruebas Seguridad/6.1.7-Seleccionar Empresa/select_SeleccioneCALIDADEmpresa 1Pruebas katalon'

2022-04-29 11:01:12 - [MESSAGE][PASSED] - All options with index in [3] are selected on object 'Object Repository/2-OBJECTS TAREAS SECUNDARIAS/Pruebas Seguridad/6.1.7-Seleccionar Empresa/select_SeleccioneCALIDADEmpresa 1Pruebas katalon'

2022-04-29 11:01:12 - [TEST_STEP][PASSED] - selectOptionByIndex(findTestObject("2-OBJECTS TAREAS SECUNDARIAS/Pruebas Seguridad/6.1.7-Seleccionar Empresa/select_SeleccioneaspirantesempleadosDSflexoPruebasFlexoPruebasJboosInformixjavaSaraDS"), 9): All options with index in [9] are selected on object 'Object Repository/2-OBJECTS TAREAS SECUNDARIAS/Pruebas Seguridad/6.1.7-Seleccionar Empresa/select_SeleccioneaspirantesempleadosDSflexoPruebasFlexoPruebasJboosInformixjavaSaraDS'

2022-04-29 11:01:13 - [MESSAGE][PASSED] - All options with index in [9] are selected on object 'Object Repository/2-OBJECTS TAREAS SECUNDARIAS/Pruebas Seguridad/6.1.7-Seleccionar Empresa/select_SeleccioneaspirantesempleadosDSflexoPruebasFlexoPruebasJboosInformixjavaSaraDS'

2022-04-29 11:01:13 - [TEST_STEP][PASSED] - selectOptionByIndex(findTestObject("2-OBJECTS TAREAS SECUNDARIAS/Pruebas Seguridad/6.1.7-Seleccionar Empresa/select_--Seleccione--NUCLEO SISTEMASARAPORTAL SARASARA APPSARA APPSOFIASEGURIDADLMSSERVICIOSREGISTRO PERSONA"), 2): All options with index in [2] are selected on object 'Object Repository/2-OBJECTS TAREAS SECUNDARIAS/Pruebas Seguridad/6.1.7-Seleccionar Empresa/select_--Seleccione--NUCLEO SISTEMASARAPORTAL SARASARA APPSARA APPSOFIASEGURIDADLMSSERVICIOSREGISTRO PERSONA'

2022-04-29 11:01:14 - [MESSAGE][PASSED] - All options with index in [2] are selected on object 'Object Repository/2-OBJECTS TAREAS SECUNDARIAS/Pruebas Seguridad/6.1.7-Seleccionar Empresa/select_--Seleccione--NUCLEO SISTEMASARAPORTAL SARASARA APPSARA APPSOFIASEGURIDADLMSSERVICIOSREGISTRO PERSONA'

2022-04-29 11:01:14 - [TEST_STEP][PASSED] - click(findTestObject("2-OBJECTS TAREAS SECUNDARIAS/Pruebas Seguridad/6.1.7-Seleccionar Empresa/a_SARA_usuarioformatabtabla_rolesj_idt1525")): Object: 'Object Repository/2-OBJECTS TAREAS SECUNDARIAS/Pruebas Seguridad/6.1.7-Seleccionar Empresa/a_SARA_usuarioformatabtabla_rolesj_idt1525' is clicked on

2022-04-29 11:01:15 - [MESSAGE][PASSED] - Object: 'Object Repository/2-OBJECTS TAREAS SECUNDARIAS/Pruebas Seguridad/6.1.7-Seleccionar Empresa/a_SARA_usuarioformatabtabla_rolesj_idt1525' is clicked on

2022-04-29 11:01:15 - [TEST_STEP][PASSED] - selectOptionByIndex(findTestObject("2-OBJECTS TAREAS SECUNDARIAS/Pruebas Seguridad/6.1.7-Seleccionar Empresa/select_Seleccione1234234administradorAdministrador Calidad 3ADMONAspirantesAspirantesjjAuditoriaCAPACITACIONCOLABORADOR"), 6): All options with index in [6] are selected on object 'Object Repository/2-OBJECTS TAREAS SECUNDARIAS/Pruebas Seguridad/6.1.7-Seleccionar Empresa/select_Seleccione1234234administradorAdministrador Calidad 3ADMONAspirantesAspirantesjjAuditoriaCAPACITACIONCOLABORADOR'

2022-04-29 11:01:16 - [MESSAGE][PASSED] - All options with index in [6] are selected on object 'Object Repository/2-OBJECTS TAREAS SECUNDARIAS/Pruebas Seguridad/6.1.7-Seleccionar Empresa/select_Seleccione1234234administradorAdministrador Calidad 3ADMONAspirantesAspirantesjjAuditoriaCAPACITACIONCOLABORADOR'

2022-04-29 11:01:16 - [TEST_STEP][PASSED] - selectOptionByIndex(findTestObject("2-OBJECTS TAREAS SECUNDARIAS/Pruebas Seguridad/6.1.7-Seleccionar Empresa/select_SeleccioneCALIDADEmpresa 1Pruebas katalon"), 1): All options with index in [1] are selected on object 'Object Repository/2-OBJECTS TAREAS SECUNDARIAS/Pruebas Seguridad/6.1.7-Seleccionar Empresa/select_SeleccioneCALIDADEmpresa 1Pruebas katalon'

2022-04-29 11:01:17 - [MESSAGE][PASSED] - All options with index in [1] are selected on object 'Object Repository/2-OBJECTS TAREAS SECUNDARIAS/Pruebas Seguridad/6.1.7-Seleccionar Empresa/select_SeleccioneCALIDADEmpresa 1Pruebas katalon'

2022-04-29 11:01:17 - [TEST_STEP][PASSED] - selectOptionByIndex(findTestObject("2-OBJECTS TAREAS SECUNDARIAS/Pruebas Seguridad/6.1.7-Seleccionar Empresa/select_SeleccioneaspirantesempleadosDSflexoPruebasFlexoPruebasJboosInformixjavaSaraDS"), 10): All options with index in [10] are selected on object 'Object Repository/2-OBJECTS TAREAS SECUNDARIAS/Pruebas Seguridad/6.1.7-Seleccionar Empresa/select_SeleccioneaspirantesempleadosDSflexoPruebasFlexoPruebasJboosInformixjavaSaraDS'

2022-04-29 11:01:19 - [MESSAGE][PASSED] - All options with index in [10] are selected on object 'Object Repository/2-OBJECTS TAREAS SECUNDARIAS/Pruebas Seguridad/6.1.7-Seleccionar Empresa/select_SeleccioneaspirantesempleadosDSflexoPruebasFlexoPruebasJboosInformixjavaSaraDS'

2022-04-29 11:01:19 - [TEST_STEP][PASSED] - selectOptionByIndex(findTestObject("2-OBJECTS TAREAS SECUNDARIAS/Pruebas Seguridad/6.1.7-Seleccionar Empresa/select_--Seleccione--NUCLEO SISTEMASARAPORTAL SARASARA APPSARA APPSOFIASEGURIDADLMSSERVICIOSREGISTRO PERSONA"), 2): All options with index in [2] are selected on object 'Object Repository/2-OBJECTS TAREAS SECUNDARIAS/Pruebas Seguridad/6.1.7-Seleccionar Empresa/select_--Seleccione--NUCLEO SISTEMASARAPORTAL SARASARA APPSARA APPSOFIASEGURIDADLMSSERVICIOSREGISTRO PERSONA'

2022-04-29 11:01:20 - [MESSAGE][PASSED] - All options with index in [2] are selected on object 'Object Repository/2-OBJECTS TAREAS SECUNDARIAS/Pruebas Seguridad/6.1.7-Seleccionar Empresa/select_--Seleccione--NUCLEO SISTEMASARAPORTAL SARASARA APPSARA APPSOFIASEGURIDADLMSSERVICIOSREGISTRO PERSONA'

2022-04-29 11:01:20 - [TEST_STEP][PASSED] - click(findTestObject("2-OBJECTS TAREAS SECUNDARIAS/Pruebas Seguridad/6.1.7-Seleccionar Empresa/a_SARA_usuarioformatabtabla_rolesj_idt1526")): Object: 'Object Repository/2-OBJECTS TAREAS SECUNDARIAS/Pruebas Seguridad/6.1.7-Seleccionar Empresa/a_SARA_usuarioformatabtabla_rolesj_idt1526' is clicked on

2022-04-29 11:01:20 - [MESSAGE][PASSED] - Object: 'Object Repository/2-OBJECTS TAREAS SECUNDARIAS/Pruebas Seguridad/6.1.7-Seleccionar Empresa/a_SARA_usuarioformatabtabla_rolesj_idt1526' is clicked on

2022-04-29 11:01:20 - [TEST_STEP][PASSED] - selectOptionByIndex(findTestObject("2-OBJECTS TAREAS SECUNDARIAS/Pruebas Seguridad/6.1.7-Seleccionar Empresa/select_Seleccione1234234administradorAdministrador Calidad 3ADMONAspirantesAspirantesjjAuditoriaCAPACITACIONCOLABORADOR"), 5): All options with index in [5] are selected on object 'Object Repository/2-OBJECTS TAREAS SECUNDARIAS/Pruebas Seguridad/6.1.7-Seleccionar Empresa/select_Seleccione1234234administradorAdministrador Calidad 3ADMONAspirantesAspirantesjjAuditoriaCAPACITACIONCOLABORADOR'

2022-04-29 11:01:22 - [MESSAGE][PASSED] - All options with index in [5] are selected on object 'Object Repository/2-OBJECTS TAREAS SECUNDARIAS/Pruebas Seguridad/6.1.7-Seleccionar Empresa/select_Seleccione1234234administradorAdministrador Calidad 3ADMONAspirantesAspirantesjjAuditoriaCAPACITACIONCOLABORADOR'

2022-04-29 11:01:22 - [TEST_STEP][PASSED] - selectOptionByIndex(findTestObject("2-OBJECTS TAREAS SECUNDARIAS/Pruebas Seguridad/6.1.7-Seleccionar Empresa/select_SeleccioneCALIDADEmpresa 1Pruebas katalon"), 2): All options with index in [2] are selected on object 'Object Repository/2-OBJECTS TAREAS SECUNDARIAS/Pruebas Seguridad/6.1.7-Seleccionar Empresa/select_SeleccioneCALIDADEmpresa 1Pruebas katalon'

2022-04-29 11:01:23 - [MESSAGE][PASSED] - All options with index in [2] are selected on object 'Object Repository/2-OBJECTS TAREAS SECUNDARIAS/Pruebas Seguridad/6.1.7-Seleccionar Empresa/select_SeleccioneCALIDADEmpresa 1Pruebas katalon'

2022-04-29 11:01:23 - [TEST_STEP][PASSED] - selectOptionByIndex(findTestObject("2-OBJECTS TAREAS SECUNDARIAS/Pruebas Seguridad/6.1.7-Seleccionar Empresa/select_SeleccioneaspirantesempleadosDSflexoPruebasFlexoPruebasJboosInformixjavaSaraDS"), 11): All options with index in [11] are selected on object 'Object Repository/2-OBJECTS TAREAS SECUNDARIAS/Pruebas Seguridad/6.1.7-Seleccionar Empresa/select_SeleccioneaspirantesempleadosDSflexoPruebasFlexoPruebasJboosInformixjavaSaraDS'

2022-04-29 11:01:24 - [MESSAGE][PASSED] - All options with index in [11] are selected on object 'Object Repository/2-OBJECTS TAREAS SECUNDARIAS/Pruebas Seguridad/6.1.7-Seleccionar Empresa/select_SeleccioneaspirantesempleadosDSflexoPruebasFlexoPruebasJboosInformixjavaSaraDS'

2022-04-29 11:01:24 - [TEST_STEP][PASSED] - selectOptionByIndex(findTestObject("2-OBJECTS TAREAS SECUNDARIAS/Pruebas Seguridad/6.1.7-Seleccionar Empresa/select_--Seleccione--NUCLEO SISTEMASARAPORTAL SARASARA APPSARA APPSOFIASEGURIDADLMSSERVICIOSREGISTRO PERSONA"), 2): All options with index in [2] are selected on object 'Object Repository/2-OBJECTS TAREAS SECUNDARIAS/Pruebas Seguridad/6.1.7-Seleccionar Empresa/select_--Seleccione--NUCLEO SISTEMASARAPORTAL SARASARA APPSARA APPSOFIASEGURIDADLMSSERVICIOSREGISTRO PERSONA'

2022-04-29 11:01:25 - [MESSAGE][PASSED] - All options with index in [2] are selected on object 'Object Repository/2-OBJECTS TAREAS SECUNDARIAS/Pruebas Seguridad/6.1.7-Seleccionar Empresa/select_--Seleccione--NUCLEO SISTEMASARAPORTAL SARASARA APPSARA APPSOFIASEGURIDADLMSSERVICIOSREGISTRO PERSONA'

2022-04-29 11:01:25 - [TEST_STEP][PASSED] - click(findTestObject("2-OBJECTS TAREAS SECUNDARIAS/Pruebas Seguridad/6.1.7-Seleccionar Empresa/a_SARA_usuarioformatabtabla_rolesj_idt1527")): Object: 'Object Repository/2-OBJECTS TAREAS SECUNDARIAS/Pruebas Seguridad/6.1.7-Seleccionar Empresa/a_SARA_usuarioformatabtabla_rolesj_idt1527' is clicked on

2022-04-29 11:01:26 - [MESSAGE][PASSED] - Object: 'Object Repository/2-OBJECTS TAREAS SECUNDARIAS/Pruebas Seguridad/6.1.7-Seleccionar Empresa/a_SARA_usuarioformatabtabla_rolesj_idt1527' is clicked on

2022-04-29 11:01:26 - [TEST_STEP][PASSED] - selectOptionByIndex(findTestObject("2-OBJECTS TAREAS SECUNDARIAS/Pruebas Seguridad/6.1.7-Seleccionar Empresa/select_Seleccione1234234administradorAdministrador Calidad 3ADMONAspirantesAspirantesjjAuditoriaCAPACITACIONCOLABORADOR"), 4): All options with index in [4] are selected on object 'Object Repository/2-OBJECTS TAREAS SECUNDARIAS/Pruebas Seguridad/6.1.7-Seleccionar Empresa/select_Seleccione1234234administradorAdministrador Calidad 3ADMONAspirantesAspirantesjjAuditoriaCAPACITACIONCOLABORADOR'

2022-04-29 11:01:27 - [MESSAGE][PASSED] - All options with index in [4] are selected on object 'Object Repository/2-OBJECTS TAREAS SECUNDARIAS/Pruebas Seguridad/6.1.7-Seleccionar Empresa/select_Seleccione1234234administradorAdministrador Calidad 3ADMONAspirantesAspirantesjjAuditoriaCAPACITACIONCOLABORADOR'

2022-04-29 11:01:27 - [TEST_STEP][PASSED] - selectOptionByIndex(findTestObject("2-OBJECTS TAREAS SECUNDARIAS/Pruebas Seguridad/6.1.7-Seleccionar Empresa/select_SeleccioneCALIDADEmpresa 1Pruebas katalon"), 3): All options with index in [3] are selected on object 'Object Repository/2-OBJECTS TAREAS SECUNDARIAS/Pruebas Seguridad/6.1.7-Seleccionar Empresa/select_SeleccioneCALIDADEmpresa 1Pruebas katalon'

2022-04-29 11:01:28 - [MESSAGE][PASSED] - All options with index in [3] are selected on object 'Object Repository/2-OBJECTS TAREAS SECUNDARIAS/Pruebas Seguridad/6.1.7-Seleccionar Empresa/select_SeleccioneCALIDADEmpresa 1Pruebas katalon'

2022-04-29 11:01:28 - [TEST_STEP][PASSED] - selectOptionByIndex(findTestObject("2-OBJECTS TAREAS SECUNDARIAS/Pruebas Seguridad/6.1.7-Seleccionar Empresa/select_SeleccioneaspirantesempleadosDSflexoPruebasFlexoPruebasJboosInformixjavaSaraDS"), 12): All options with index in [12] are selected on object 'Object Repository/2-OBJECTS TAREAS SECUNDARIAS/Pruebas Seguridad/6.1.7-Seleccionar Empresa/select_SeleccioneaspirantesempleadosDSflexoPruebasFlexoPruebasJboosInformixjavaSaraDS'

2022-04-29 11:01:30 - [MESSAGE][PASSED] - All options with index in [12] are selected on object 'Object Repository/2-OBJECTS TAREAS SECUNDARIAS/Pruebas Seguridad/6.1.7-Seleccionar Empresa/select_SeleccioneaspirantesempleadosDSflexoPruebasFlexoPruebasJboosInformixjavaSaraDS'

2022-04-29 11:01:30 - [TEST_STEP][PASSED] - selectOptionByIndex(findTestObject("2-OBJECTS TAREAS SECUNDARIAS/Pruebas Seguridad/6.1.7-Seleccionar Empresa/select_--Seleccione--NUCLEO SISTEMASARAPORTAL SARASARA APPSARA APPSOFIASEGURIDADLMSSERVICIOSREGISTRO PERSONA"), 2): All options with index in [2] are selected on object 'Object Repository/2-OBJECTS TAREAS SECUNDARIAS/Pruebas Seguridad/6.1.7-Seleccionar Empresa/select_--Seleccione--NUCLEO SISTEMASARAPORTAL SARASARA APPSARA APPSOFIASEGURIDADLMSSERVICIOSREGISTRO PERSONA'

2022-04-29 11:01:31 - [MESSAGE][PASSED] - All options with index in [2] are selected on object 'Object Repository/2-OBJECTS TAREAS SECUNDARIAS/Pruebas Seguridad/6.1.7-Seleccionar Empresa/select_--Seleccione--NUCLEO SISTEMASARAPORTAL SARASARA APPSARA APPSOFIASEGURIDADLMSSERVICIOSREGISTRO PERSONA'

2022-04-29 11:01:31 - [TEST_STEP][PASSED] - click(findTestObject("2-OBJECTS TAREAS SECUNDARIAS/Pruebas Seguridad/6.1.7-Seleccionar Empresa/a_SARA_usuarioformatabtabla_rolesj_idt1528")): Object: 'Object Repository/2-OBJECTS TAREAS SECUNDARIAS/Pruebas Seguridad/6.1.7-Seleccionar Empresa/a_SARA_usuarioformatabtabla_rolesj_idt1528' is clicked on

2022-04-29 11:01:31 - [MESSAGE][PASSED] - Object: 'Object Repository/2-OBJECTS TAREAS SECUNDARIAS/Pruebas Seguridad/6.1.7-Seleccionar Empresa/a_SARA_usuarioformatabtabla_rolesj_idt1528' is clicked on

2022-04-29 11:01:31 - [TEST_STEP][PASSED] - selectOptionByIndex(findTestObject("2-OBJECTS TAREAS SECUNDARIAS/Pruebas Seguridad/6.1.7-Seleccionar Empresa/select_Seleccione1234234administradorAdministrador Calidad 3ADMONAspirantesAspirantesjjAuditoriaCAPACITACIONCOLABORADOR"), 3): All options with index in [3] are selected on object 'Object Repository/2-OBJECTS TAREAS SECUNDARIAS/Pruebas Seguridad/6.1.7-Seleccionar Empresa/select_Seleccione1234234administradorAdministrador Calidad 3ADMONAspirantesAspirantesjjAuditoriaCAPACITACIONCOLABORADOR'

2022-04-29 11:01:33 - [MESSAGE][PASSED] - All options with index in [3] are selected on object 'Object Repository/2-OBJECTS TAREAS SECUNDARIAS/Pruebas Seguridad/6.1.7-Seleccionar Empresa/select_Seleccione1234234administradorAdministrador Calidad 3ADMONAspirantesAspirantesjjAuditoriaCAPACITACIONCOLABORADOR'

2022-04-29 11:01:33 - [TEST_STEP][PASSED] - selectOptionByIndex(findTestObject("2-OBJECTS TAREAS SECUNDARIAS/Pruebas Seguridad/6.1.7-Seleccionar Empresa/select_SeleccioneCALIDADEmpresa 1Pruebas katalon"), 1): All options with index in [1] are selected on object 'Object Repository/2-OBJECTS TAREAS SECUNDARIAS/Pruebas Seguridad/6.1.7-Seleccionar Empresa/select_SeleccioneCALIDADEmpresa 1Pruebas katalon'

2022-04-29 11:01:34 - [MESSAGE][PASSED] - All options with index in [1] are selected on object 'Object Repository/2-OBJECTS TAREAS SECUNDARIAS/Pruebas Seguridad/6.1.7-Seleccionar Empresa/select_SeleccioneCALIDADEmpresa 1Pruebas katalon'

2022-04-29 11:01:34 - [TEST_STEP][PASSED] - selectOptionByIndex(findTestObject("2-OBJECTS TAREAS SECUNDARIAS/Pruebas Seguridad/6.1.7-Seleccionar Empresa/select_SeleccioneaspirantesempleadosDSflexoPruebasFlexoPruebasJboosInformixjavaSaraDS"), 1): All options with index in [1] are selected on object 'Object Repository/2-OBJECTS TAREAS SECUNDARIAS/Pruebas Seguridad/6.1.7-Seleccionar Empresa/select_SeleccioneaspirantesempleadosDSflexoPruebasFlexoPruebasJboosInformixjavaSaraDS'

2022-04-29 11:01:35 - [MESSAGE][PASSED] - All options with index in [1] are selected on object 'Object Repository/2-OBJECTS TAREAS SECUNDARIAS/Pruebas Seguridad/6.1.7-Seleccionar Empresa/select_SeleccioneaspirantesempleadosDSflexoPruebasFlexoPruebasJboosInformixjavaSaraDS'

2022-04-29 11:01:35 - [TEST_STEP][PASSED] - selectOptionByIndex(findTestObject("2-OBJECTS TAREAS SECUNDARIAS/Pruebas Seguridad/6.1.7-Seleccionar Empresa/select_--Seleccione--NUCLEO SISTEMASARAPORTAL SARASARA APPSARA APPSOFIASEGURIDADLMSSERVICIOSREGISTRO PERSONA"), 2): All options with index in [2] are selected on object 'Object Repository/2-OBJECTS TAREAS SECUNDARIAS/Pruebas Seguridad/6.1.7-Seleccionar Empresa/select_--Seleccione--NUCLEO SISTEMASARAPORTAL SARASARA APPSARA APPSOFIASEGURIDADLMSSERVICIOSREGISTRO PERSONA'

2022-04-29 11:01:36 - [MESSAGE][PASSED] - All options with index in [2] are selected on object 'Object Repository/2-OBJECTS TAREAS SECUNDARIAS/Pruebas Seguridad/6.1.7-Seleccionar Empresa/select_--Seleccione--NUCLEO SISTEMASARAPORTAL SARASARA APPSARA APPSOFIASEGURIDADLMSSERVICIOSREGISTRO PERSONA'

2022-04-29 11:01:36 - [TEST_STEP][PASSED] - click(findTestObject("2-OBJECTS TAREAS SECUNDARIAS/Pruebas Seguridad/6.1.7-Seleccionar Empresa/a_SARA_usuarioformatabtabla_rolesj_idt1529")): Object: 'Object Repository/2-OBJECTS TAREAS SECUNDARIAS/Pruebas Seguridad/6.1.7-Seleccionar Empresa/a_SARA_usuarioformatabtabla_rolesj_idt1529' is clicked on

2022-04-29 11:01:37 - [MESSAGE][PASSED] - Object: 'Object Repository/2-OBJECTS TAREAS SECUNDARIAS/Pruebas Seguridad/6.1.7-Seleccionar Empresa/a_SARA_usuarioformatabtabla_rolesj_idt1529' is clicked on

2022-04-29 11:01:37 - [TEST_STEP][PASSED] - click(findTestObject("2-OBJECTS TAREAS SECUNDARIAS/Pruebas Seguridad/6.1.7-Seleccionar Empresa/a_Acceso Roles")): Object: 'Object Repository/2-OBJECTS TAREAS SECUNDARIAS/Pruebas Seguridad/6.1.7-Seleccionar Empresa/a_Acceso Roles' is clicked on

2022-04-29 11:01:37 - [MESSAGE][PASSED] - Object: 'Object Repository/2-OBJECTS TAREAS SECUNDARIAS/Pruebas Seguridad/6.1.7-Seleccionar Empresa/a_Acceso Roles' is clicked on

2022-04-29 11:01:37 - [TEST_STEP][PASSED] - selectOptionByIndex(findTestObject("2-OBJECTS TAREAS SECUNDARIAS/Pruebas Seguridad/6.1.7-Seleccionar Empresa/select_Seleccione1234234administradorAdministrador Calidad 3ADMONA"), 3): All options with index in [3] are selected on object 'Object Repository/2-OBJECTS TAREAS SECUNDARIAS/Pruebas Seguridad/6.1.7-Seleccionar Empresa/select_Seleccione1234234administradorAdministrador Calidad 3ADMONA'

2022-04-29 11:01:38 - [MESSAGE][PASSED] - All options with index in [3] are selected on object 'Object Repository/2-OBJECTS TAREAS SECUNDARIAS/Pruebas Seguridad/6.1.7-Seleccionar Empresa/select_Seleccione1234234administradorAdministrador Calidad 3ADMONA'

2022-04-29 11:01:38 - [TEST_STEP][PASSED] - click(findTestObject("2-OBJECTS TAREAS SECUNDARIAS/Pruebas Seguridad/6.1.7-Seleccionar Empresa/a_No se encontr registros_usuarioformatabtabla_roles_individualj_idt1610")): Object: 'Object Repository/2-OBJECTS TAREAS SECUNDARIAS/Pruebas Seguridad/6.1.7-Seleccionar Empresa/a_No se encontr registros_usuarioformatabtabla_roles_individualj_idt1610' is clicked on

2022-04-29 11:01:39 - [MESSAGE][PASSED] - Object: 'Object Repository/2-OBJECTS TAREAS SECUNDARIAS/Pruebas Seguridad/6.1.7-Seleccionar Empresa/a_No se encontr registros_usuarioformatabtabla_roles_individualj_idt1610' is clicked on

2022-04-29 11:01:39 - [TEST_STEP][PASSED] - click(findTestObject("2-OBJECTS TAREAS SECUNDARIAS/Pruebas Seguridad/6.1.7-Seleccionar Empresa/select_Seleccione1234234administradorAdministrador Calidad 3ADMONA"), STOP_ON_FAILURE): Object: 'Object Repository/2-OBJECTS TAREAS SECUNDARIAS/Pruebas Seguridad/6.1.7-Seleccionar Empresa/select_Seleccione1234234administradorAdministrador Calidad 3ADMONA' is clicked on

2022-04-29 11:01:39 - [MESSAGE][PASSED] - Object: 'Object Repository/2-OBJECTS TAREAS SECUNDARIAS/Pruebas Seguridad/6.1.7-Seleccionar Empresa/select_Seleccione1234234administradorAdministrador Calidad 3ADMONA' is clicked on

2022-04-29 11:01:39 - [TEST_STEP][PASSED] - selectOptionByLabel(findTestObject("2-OBJECTS TAREAS SECUNDARIAS/Pruebas Seguridad/6.1.7-Seleccionar Empresa/select_Seleccione1234234administradorAdministrador Calidad 3ADMONA"), "EMPLEADO", false): All options with label 'EMPLEADO' are selected in object 'Object Repository/2-OBJECTS TAREAS SECUNDARIAS/Pruebas Seguridad/6.1.7-Seleccionar Empresa/select_Seleccione1234234administradorAdministrador Calidad 3ADMONA' 

2022-04-29 11:01:40 - [MESSAGE][PASSED] - All options with label 'EMPLEADO' are selected in object 'Object Repository/2-OBJECTS TAREAS SECUNDARIAS/Pruebas Seguridad/6.1.7-Seleccionar Empresa/select_Seleccione1234234administradorAdministrador Calidad 3ADMONA' 

2022-04-29 11:01:40 - [TEST_STEP][PASSED] - click(findTestObject("2-OBJECTS TAREAS SECUNDARIAS/Pruebas Seguridad/6.1.7-Seleccionar Empresa/a_administrador_usuarioformatabtabla_roles_individualj_idt1611")): Object: 'Object Repository/2-OBJECTS TAREAS SECUNDARIAS/Pruebas Seguridad/6.1.7-Seleccionar Empresa/a_administrador_usuarioformatabtabla_roles_individualj_idt1611' is clicked on

2022-04-29 11:01:40 - [MESSAGE][PASSED] - Object: 'Object Repository/2-OBJECTS TAREAS SECUNDARIAS/Pruebas Seguridad/6.1.7-Seleccionar Empresa/a_administrador_usuarioformatabtabla_roles_individualj_idt1611' is clicked on

2022-04-29 11:01:40 - [TEST_STEP][PASSED] - callTestCase(findTestCase("Utilidades-(atajos_para _tareas)/Login_Seguridad/Login-Seleccionar_Empresa"), [:], STOP_ON_FAILURE): Call Test Case 'Test Cases/Utilidades-(atajos_para _tareas)/Login_Seguridad/Login-Seleccionar_Empresa' successfully

2022-04-29 11:01:41 - [TEST_CASE][PASSED] - Test Cases/Utilidades-(atajos_para _tareas)/Login_Seguridad/Login-Seleccionar_Empresa: Test Cases/Utilidades-(atajos_para _tareas)/Login_Seguridad/Login-Seleccionar_Empresa

2022-04-29 11:01:41 - [TEST_STEP][PASSED] - openBrowser(""): Browser is opened with url: ''

2022-04-29 11:01:41 - [MESSAGE][WARNING] - A browser is already opened. Closing browser and opening a new one

2022-04-29 11:01:42 - [MESSAGE][INFO] - Starting 'Chrome' driver

2022-04-29 11:01:42 - [MESSAGE][INFO] - Action delay is set to 0 milliseconds

2022-04-29 11:01:43 - [MESSAGE][PASSED] - Browser is opened with url: ''

2022-04-29 11:01:43 - [TEST_STEP][PASSED] - maximizeWindow(): Current window maximized

2022-04-29 11:01:43 - [MESSAGE][PASSED] - Current window maximized

2022-04-29 11:01:43 - [TEST_STEP][PASSED] - i = G_Login: null

2022-04-29 11:01:43 - [TEST_STEP][PASSED] - url = new java.net.URL(i): null

2022-04-29 11:01:43 - [TEST_STEP][PASSED] - println("URL: " + url.toString()): null

2022-04-29 11:01:43 - [TEST_STEP][PASSED] - connection = url.openConnection(): null

2022-04-29 11:01:43 - [TEST_STEP][PASSED] - connection.setRequestMethod("GET"): null

2022-04-29 11:01:43 - [TEST_STEP][PASSED] - connection.setReadTimeout(2 * 1000): null

2022-04-29 11:01:43 - [TEST_STEP][PASSED] - try: null

2022-04-29 11:01:43 - [TEST_STEP][PASSED] - connection.connect(): null

2022-04-29 11:01:43 - [TEST_STEP][PASSED] - flag = connected: null

2022-04-29 11:01:43 - [TEST_STEP][PASSED] - println("Valor_ori: " + flag): null

2022-04-29 11:01:43 - [TEST_STEP][PASSED] - if (flag): null

2022-04-29 11:01:43 - [TEST_STEP][PASSED] - navigateToUrl(i): Navigate to 'http://192.168.2.19:8380/saraweb' successfully

2022-04-29 11:01:44 - [MESSAGE][PASSED] - Navigate to 'http://192.168.2.19:8380/saraweb' successfully

2022-04-29 11:01:44 - [TEST_STEP][PASSED] - a(): null

2022-04-29 11:01:44 - [TEST_STEP][PASSED] - setText(findTestObject("3-OBJECTS UTILIDADES/Login/input_USUARIO_loginusuario"), G_Usuario_617): Text 'Usuario' is set on object 'Object Repository/3-OBJECTS UTILIDADES/Login/input_USUARIO_loginusuario'

2022-04-29 11:01:44 - [MESSAGE][PASSED] - Text 'Usuario' is set on object 'Object Repository/3-OBJECTS UTILIDADES/Login/input_USUARIO_loginusuario'

2022-04-29 11:01:44 - [TEST_STEP][PASSED] - setEncryptedText(findTestObject("3-OBJECTS UTILIDADES/Login/input_CLAVE_loginpassword"), "MkG4/TYiCFC3cb2driP7+Q=="): Text ****** has been set on object 'Object Repository/3-OBJECTS UTILIDADES/Login/input_CLAVE_loginpassword'

2022-04-29 11:01:45 - [MESSAGE][PASSED] - Text ****** has been set on object 'Object Repository/3-OBJECTS UTILIDADES/Login/input_CLAVE_loginpassword'

2022-04-29 11:01:45 - [TEST_STEP][PASSED] - waitForElementClickable(findTestObject("3-OBJECTS UTILIDADES/Login/a_Ingresar"), G_TimeOut): Object 'Object Repository/3-OBJECTS UTILIDADES/Login/a_Ingresar' is clickable

2022-04-29 11:01:45 - [MESSAGE][PASSED] - Object 'Object Repository/3-OBJECTS UTILIDADES/Login/a_Ingresar' is clickable

2022-04-29 11:01:45 - [TEST_STEP][PASSED] - click(findTestObject("3-OBJECTS UTILIDADES/Login/a_Ingresar")): Object: 'Object Repository/3-OBJECTS UTILIDADES/Login/a_Ingresar' is clicked on

2022-04-29 11:01:46 - [MESSAGE][PASSED] - Object: 'Object Repository/3-OBJECTS UTILIDADES/Login/a_Ingresar' is clicked on

2022-04-29 11:01:46 - [MESSAGE][PASSED] - Call Test Case 'Test Cases/Utilidades-(atajos_para _tareas)/Login_Seguridad/Login-Seleccionar_Empresa' successfully

2022-04-29 11:01:46 - [TEST_STEP][PASSED] - setText(findTestObject("2-OBJECTS TAREAS SECUNDARIAS/Pruebas Seguridad/6.1.7-Seleccionar Empresa/input_Perfil_popupMopdulotablaBusquedaglobalFilter"), "Pruebas Katalon"): Text 'Pruebas Katalon' is set on object 'Object Repository/2-OBJECTS TAREAS SECUNDARIAS/Pruebas Seguridad/6.1.7-Seleccionar Empresa/input_Perfil_popupMopdulotablaBusquedaglobalFilter'

2022-04-29 11:01:47 - [MESSAGE][PASSED] - Text 'Pruebas Katalon' is set on object 'Object Repository/2-OBJECTS TAREAS SECUNDARIAS/Pruebas Seguridad/6.1.7-Seleccionar Empresa/input_Perfil_popupMopdulotablaBusquedaglobalFilter'

2022-04-29 11:01:47 - [TEST_STEP][PASSED] - sendKeys(findTestObject("2-OBJECTS TAREAS SECUNDARIAS/Pruebas Seguridad/6.1.7-Seleccionar Empresa/input_Perfil_popupMopdulotablaBusquedaglobalFilter"), Keys.chord(ENTER)): Keys 'ENTER + ' sent to object: 'Object Repository/2-OBJECTS TAREAS SECUNDARIAS/Pruebas Seguridad/6.1.7-Seleccionar Empresa/input_Perfil_popupMopdulotablaBusquedaglobalFilter'

2022-04-29 11:01:47 - [MESSAGE][PASSED] - Keys 'ENTER + ' sent to object: 'Object Repository/2-OBJECTS TAREAS SECUNDARIAS/Pruebas Seguridad/6.1.7-Seleccionar Empresa/input_Perfil_popupMopdulotablaBusquedaglobalFilter'

2022-04-29 11:01:47 - [TEST_STEP][PASSED] - if (waitForElementVisible(findTestObject("2-OBJECTS TAREAS SECUNDARIAS/Pruebas Seguridad/6.1.7-Seleccionar Empresa/span_Pruebas Katalon"), 1)): null

2022-04-29 11:01:48 - [MESSAGE][PASSED] - Object 'Object Repository/2-OBJECTS TAREAS SECUNDARIAS/Pruebas Seguridad/6.1.7-Seleccionar Empresa/span_Pruebas Katalon' is visible

2022-04-29 11:01:48 - [TEST_STEP][PASSED] - setText(findTestObject("2-OBJECTS TAREAS SECUNDARIAS/Pruebas Seguridad/6.1.7-Seleccionar Empresa/input_Perfil_popupMopdulotablaBusquedaglobalFilter"), "Empresa 1"): Text 'Empresa 1' is set on object 'Object Repository/2-OBJECTS TAREAS SECUNDARIAS/Pruebas Seguridad/6.1.7-Seleccionar Empresa/input_Perfil_popupMopdulotablaBusquedaglobalFilter'

2022-04-29 11:01:49 - [MESSAGE][PASSED] - Text 'Empresa 1' is set on object 'Object Repository/2-OBJECTS TAREAS SECUNDARIAS/Pruebas Seguridad/6.1.7-Seleccionar Empresa/input_Perfil_popupMopdulotablaBusquedaglobalFilter'

2022-04-29 11:01:49 - [TEST_STEP][PASSED] - sendKeys(findTestObject("2-OBJECTS TAREAS SECUNDARIAS/Pruebas Seguridad/6.1.7-Seleccionar Empresa/input_Perfil_popupMopdulotablaBusquedaglobalFilter"), Keys.chord(ENTER)): Keys 'ENTER + ' sent to object: 'Object Repository/2-OBJECTS TAREAS SECUNDARIAS/Pruebas Seguridad/6.1.7-Seleccionar Empresa/input_Perfil_popupMopdulotablaBusquedaglobalFilter'

2022-04-29 11:01:49 - [MESSAGE][PASSED] - Keys 'ENTER + ' sent to object: 'Object Repository/2-OBJECTS TAREAS SECUNDARIAS/Pruebas Seguridad/6.1.7-Seleccionar Empresa/input_Perfil_popupMopdulotablaBusquedaglobalFilter'

2022-04-29 11:01:49 - [TEST_STEP][PASSED] - if (waitForElementVisible(findTestObject("2-OBJECTS TAREAS SECUNDARIAS/Pruebas Seguridad/6.1.7-Seleccionar Empresa/td_Empresa 1"), 1)): null

2022-04-29 11:01:50 - [MESSAGE][PASSED] - Object 'Object Repository/2-OBJECTS TAREAS SECUNDARIAS/Pruebas Seguridad/6.1.7-Seleccionar Empresa/td_Empresa 1' is visible

2022-04-29 11:01:50 - [TEST_STEP][PASSED] - setText(findTestObject("2-OBJECTS TAREAS SECUNDARIAS/Pruebas Seguridad/6.1.7-Seleccionar Empresa/input_Perfil_popupMopdulotablaBusquedaglobalFilter"), "Calidad"): Text 'Calidad' is set on object 'Object Repository/2-OBJECTS TAREAS SECUNDARIAS/Pruebas Seguridad/6.1.7-Seleccionar Empresa/input_Perfil_popupMopdulotablaBusquedaglobalFilter'

2022-04-29 11:01:51 - [MESSAGE][PASSED] - Text 'Calidad' is set on object 'Object Repository/2-OBJECTS TAREAS SECUNDARIAS/Pruebas Seguridad/6.1.7-Seleccionar Empresa/input_Perfil_popupMopdulotablaBusquedaglobalFilter'

2022-04-29 11:01:51 - [TEST_STEP][PASSED] - sendKeys(findTestObject("2-OBJECTS TAREAS SECUNDARIAS/Pruebas Seguridad/6.1.7-Seleccionar Empresa/input_Perfil_popupMopdulotablaBusquedaglobalFilter"), Keys.chord(ENTER)): Keys 'ENTER + ' sent to object: 'Object Repository/2-OBJECTS TAREAS SECUNDARIAS/Pruebas Seguridad/6.1.7-Seleccionar Empresa/input_Perfil_popupMopdulotablaBusquedaglobalFilter'

2022-04-29 11:01:51 - [MESSAGE][PASSED] - Keys 'ENTER + ' sent to object: 'Object Repository/2-OBJECTS TAREAS SECUNDARIAS/Pruebas Seguridad/6.1.7-Seleccionar Empresa/input_Perfil_popupMopdulotablaBusquedaglobalFilter'

2022-04-29 11:01:51 - [TEST_STEP][PASSED] - if (waitForElementVisible(findTestObject("2-OBJECTS TAREAS SECUNDARIAS/Pruebas Seguridad/6.1.7-Seleccionar Empresa/td_Calidad"), 1)): null

2022-04-29 11:01:52 - [MESSAGE][PASSED] - Object 'Object Repository/2-OBJECTS TAREAS SECUNDARIAS/Pruebas Seguridad/6.1.7-Seleccionar Empresa/td_Calidad' is visible

2022-04-29 11:01:52 - [TEST_STEP][PASSED] - click(findTestObject("2-OBJECTS TAREAS SECUNDARIAS/Pruebas Seguridad/6.1.7-Seleccionar Empresa/td_Calidad")): Object: 'Object Repository/2-OBJECTS TAREAS SECUNDARIAS/Pruebas Seguridad/6.1.7-Seleccionar Empresa/td_Calidad' is clicked on

2022-04-29 11:01:52 - [MESSAGE][PASSED] - Object: 'Object Repository/2-OBJECTS TAREAS SECUNDARIAS/Pruebas Seguridad/6.1.7-Seleccionar Empresa/td_Calidad' is clicked on

2022-04-29 11:01:52 - [TEST_STEP][PASSED] - callTestCase(findTestCase("Utilidades-(atajos_para _tareas)/Login_Seguridad/Login-Seguridad"), [:], STOP_ON_FAILURE): Call Test Case 'Test Cases/Utilidades-(atajos_para _tareas)/Login_Seguridad/Login-Seguridad' successfully

2022-04-29 11:01:52 - [TEST_CASE][PASSED] - Test Cases/Utilidades-(atajos_para _tareas)/Login_Seguridad/Login-Seguridad: Test Cases/Utilidades-(atajos_para _tareas)/Login_Seguridad/Login-Seguridad

2022-04-29 11:01:52 - [TEST_STEP][PASSED] - openBrowser(""): Browser is opened with url: ''

2022-04-29 11:01:52 - [MESSAGE][WARNING] - A browser is already opened. Closing browser and opening a new one

2022-04-29 11:01:53 - [MESSAGE][INFO] - Starting 'Chrome' driver

2022-04-29 11:01:53 - [MESSAGE][INFO] - Action delay is set to 0 milliseconds

2022-04-29 11:01:54 - [MESSAGE][PASSED] - Browser is opened with url: ''

2022-04-29 11:01:54 - [TEST_STEP][PASSED] - maximizeWindow(): Current window maximized

2022-04-29 11:01:54 - [MESSAGE][PASSED] - Current window maximized

2022-04-29 11:01:54 - [TEST_STEP][PASSED] - i = G_Login_Seguridad: null

2022-04-29 11:01:54 - [TEST_STEP][PASSED] - url = new java.net.URL(i): null

2022-04-29 11:01:54 - [TEST_STEP][PASSED] - println("URL: " + url.toString()): null

2022-04-29 11:01:54 - [TEST_STEP][PASSED] - connection = url.openConnection(): null

2022-04-29 11:01:54 - [TEST_STEP][PASSED] - connection.setRequestMethod("GET"): null

2022-04-29 11:01:54 - [TEST_STEP][PASSED] - connection.setReadTimeout(2 * 1000): null

2022-04-29 11:01:54 - [TEST_STEP][PASSED] - try: null

2022-04-29 11:01:54 - [TEST_STEP][PASSED] - connection.connect(): null

2022-04-29 11:01:54 - [TEST_STEP][PASSED] - flag = connected: null

2022-04-29 11:01:54 - [TEST_STEP][PASSED] - println("Valor_ori: " + flag): null

2022-04-29 11:01:54 - [TEST_STEP][PASSED] - if (flag): null

2022-04-29 11:01:54 - [TEST_STEP][PASSED] - navigateToUrl(i): Navigate to 'http://192.168.2.19:8380/seguridadweb/' successfully

2022-04-29 11:01:55 - [MESSAGE][PASSED] - Navigate to 'http://192.168.2.19:8380/seguridadweb/' successfully

2022-04-29 11:01:55 - [TEST_STEP][PASSED] - a(): null

2022-04-29 11:01:55 - [TEST_STEP][PASSED] - setText(findTestObject("3-OBJECTS UTILIDADES/Login/input_USUARIO_loginusuario"), G_Usuario): Text 'saraadmin' is set on object 'Object Repository/3-OBJECTS UTILIDADES/Login/input_USUARIO_loginusuario'

2022-04-29 11:01:55 - [MESSAGE][PASSED] - Text 'saraadmin' is set on object 'Object Repository/3-OBJECTS UTILIDADES/Login/input_USUARIO_loginusuario'

2022-04-29 11:01:55 - [TEST_STEP][PASSED] - setEncryptedText(findTestObject("3-OBJECTS UTILIDADES/Login/input_CLAVE_loginpassword"), "MkG4/TYiCFC3cb2driP7+Q=="): Text ****** has been set on object 'Object Repository/3-OBJECTS UTILIDADES/Login/input_CLAVE_loginpassword'

2022-04-29 11:01:56 - [MESSAGE][PASSED] - Text ****** has been set on object 'Object Repository/3-OBJECTS UTILIDADES/Login/input_CLAVE_loginpassword'

2022-04-29 11:01:56 - [TEST_STEP][PASSED] - waitForElementClickable(findTestObject("3-OBJECTS UTILIDADES/Login/a_Ingresar"), G_TimeOut): Object 'Object Repository/3-OBJECTS UTILIDADES/Login/a_Ingresar' is clickable

2022-04-29 11:01:56 - [MESSAGE][PASSED] - Object 'Object Repository/3-OBJECTS UTILIDADES/Login/a_Ingresar' is clickable

2022-04-29 11:01:56 - [TEST_STEP][PASSED] - click(findTestObject("3-OBJECTS UTILIDADES/Login/a_Ingresar")): Object: 'Object Repository/3-OBJECTS UTILIDADES/Login/a_Ingresar' is clicked on

2022-04-29 11:01:57 - [MESSAGE][PASSED] - Object: 'Object Repository/3-OBJECTS UTILIDADES/Login/a_Ingresar' is clicked on

2022-04-29 11:01:57 - [TEST_STEP][PASSED] - element = findWebElement(findTestObject("3-OBJECTS UTILIDADES/Login/a_Ir"), 30): null

2022-04-29 11:01:58 - [TEST_STEP][PASSED] - executeJavaScript("arguments[0].click()", Arrays.asList(element)): Execute JavaScript 'arguments[0].click()' successfully

2022-04-29 11:01:58 - [MESSAGE][PASSED] - Execute JavaScript 'arguments[0].click()' successfully

2022-04-29 11:01:58 - [MESSAGE][PASSED] - Call Test Case 'Test Cases/Utilidades-(atajos_para _tareas)/Login_Seguridad/Login-Seguridad' successfully

2022-04-29 11:01:58 - [TEST_STEP][PASSED] - setText(findTestObject("2-OBJECTS TAREAS SECUNDARIAS/Pruebas Seguridad/6.1.7-Seleccionar Empresa/input_Empresa 1_form_templatej_idt24_input"), "Usuario"): Text 'Usuario' is set on object 'Object Repository/2-OBJECTS TAREAS SECUNDARIAS/Pruebas Seguridad/6.1.7-Seleccionar Empresa/input_Empresa 1_form_templatej_idt24_input'

2022-04-29 11:01:58 - [MESSAGE][PASSED] - Text 'Usuario' is set on object 'Object Repository/2-OBJECTS TAREAS SECUNDARIAS/Pruebas Seguridad/6.1.7-Seleccionar Empresa/input_Empresa 1_form_templatej_idt24_input'

2022-04-29 11:01:58 - [TEST_STEP][PASSED] - click(findTestObject("2-OBJECTS TAREAS SECUNDARIAS/Pruebas Seguridad/6.1.7-Seleccionar Empresa/li_Usuario"), STOP_ON_FAILURE): Object: 'Object Repository/2-OBJECTS TAREAS SECUNDARIAS/Pruebas Seguridad/6.1.7-Seleccionar Empresa/li_Usuario' is clicked on

2022-04-29 11:02:00 - [MESSAGE][PASSED] - Object: 'Object Repository/2-OBJECTS TAREAS SECUNDARIAS/Pruebas Seguridad/6.1.7-Seleccionar Empresa/li_Usuario' is clicked on

2022-04-29 11:02:00 - [TEST_STEP][PASSED] - setText(findTestObject("2-OBJECTS TAREAS SECUNDARIAS/Pruebas Seguridad/6.1.7-Seleccionar Empresa/input_Portal_usuarioformaparametroBusqueda"), "Usuario"): Text 'Usuario' is set on object 'Object Repository/2-OBJECTS TAREAS SECUNDARIAS/Pruebas Seguridad/6.1.7-Seleccionar Empresa/input_Portal_usuarioformaparametroBusqueda'

2022-04-29 11:02:01 - [MESSAGE][PASSED] - Text 'Usuario' is set on object 'Object Repository/2-OBJECTS TAREAS SECUNDARIAS/Pruebas Seguridad/6.1.7-Seleccionar Empresa/input_Portal_usuarioformaparametroBusqueda'

2022-04-29 11:02:01 - [TEST_STEP][PASSED] - sendKeys(findTestObject("2-OBJECTS TAREAS SECUNDARIAS/Pruebas Seguridad/6.1.7-Seleccionar Empresa/input_Portal_usuarioformaparametroBusqueda"), Keys.chord(ENTER)): Keys 'ENTER + ' sent to object: 'Object Repository/2-OBJECTS TAREAS SECUNDARIAS/Pruebas Seguridad/6.1.7-Seleccionar Empresa/input_Portal_usuarioformaparametroBusqueda'

2022-04-29 11:02:01 - [MESSAGE][PASSED] - Keys 'ENTER + ' sent to object: 'Object Repository/2-OBJECTS TAREAS SECUNDARIAS/Pruebas Seguridad/6.1.7-Seleccionar Empresa/input_Portal_usuarioformaparametroBusqueda'

2022-04-29 11:02:01 - [TEST_STEP][PASSED] - if (waitForElementVisible(findTestObject("2-OBJECTS TAREAS SECUNDARIAS/Pruebas Seguridad/6.1.7-Seleccionar Empresa/span_Usuario"), 1)): null

2022-04-29 11:02:02 - [MESSAGE][PASSED] - Object 'Object Repository/2-OBJECTS TAREAS SECUNDARIAS/Pruebas Seguridad/6.1.7-Seleccionar Empresa/span_Usuario' is visible

2022-04-29 11:02:02 - [TEST_STEP][PASSED] - click(findTestObject("2-OBJECTS TAREAS SECUNDARIAS/Pruebas Seguridad/6.1.7-Seleccionar Empresa/span_Usuario")): Object: 'Object Repository/2-OBJECTS TAREAS SECUNDARIAS/Pruebas Seguridad/6.1.7-Seleccionar Empresa/span_Usuario' is clicked on

2022-04-29 11:02:02 - [MESSAGE][PASSED] - Object: 'Object Repository/2-OBJECTS TAREAS SECUNDARIAS/Pruebas Seguridad/6.1.7-Seleccionar Empresa/span_Usuario' is clicked on

2022-04-29 11:02:02 - [TEST_STEP][PASSED] - click(findTestObject("2-OBJECTS TAREAS SECUNDARIAS/Pruebas Seguridad/6.1.7-Seleccionar Empresa/a_Acceso Roles")): Object: 'Object Repository/2-OBJECTS TAREAS SECUNDARIAS/Pruebas Seguridad/6.1.7-Seleccionar Empresa/a_Acceso Roles' is clicked on

2022-04-29 11:02:03 - [MESSAGE][PASSED] - Object: 'Object Repository/2-OBJECTS TAREAS SECUNDARIAS/Pruebas Seguridad/6.1.7-Seleccionar Empresa/a_Acceso Roles' is clicked on

2022-04-29 11:02:03 - [TEST_STEP][PASSED] - while (waitForElementVisible(findTestObject("2-OBJECTS TAREAS SECUNDARIAS/Pruebas Seguridad/6.1.7-Seleccionar Empresa/a_administrador_usuarioformatabtabla_roles_individual0j_idt160"), 1)): null

2022-04-29 11:02:03 - [MESSAGE][PASSED] - Object 'Object Repository/2-OBJECTS TAREAS SECUNDARIAS/Pruebas Seguridad/6.1.7-Seleccionar Empresa/a_administrador_usuarioformatabtabla_roles_individual0j_idt160' is visible

2022-04-29 11:02:03 - [TEST_STEP][PASSED] - click(findTestObject("2-OBJECTS TAREAS SECUNDARIAS/Pruebas Seguridad/6.1.7-Seleccionar Empresa/a_administrador_usuarioformatabtabla_roles_individual0j_idt160")): Object: 'Object Repository/2-OBJECTS TAREAS SECUNDARIAS/Pruebas Seguridad/6.1.7-Seleccionar Empresa/a_administrador_usuarioformatabtabla_roles_individual0j_idt160' is clicked on

2022-04-29 11:02:04 - [MESSAGE][PASSED] - Object: 'Object Repository/2-OBJECTS TAREAS SECUNDARIAS/Pruebas Seguridad/6.1.7-Seleccionar Empresa/a_administrador_usuarioformatabtabla_roles_individual0j_idt160' is clicked on

2022-04-29 11:02:04 - [TEST_STEP][PASSED] - click(findTestObject("2-OBJECTS TAREAS SECUNDARIAS/Pruebas Seguridad/6.1.7-Seleccionar Empresa/a_Aceptar_Acceso Roles")): Object 'Object Repository/2-OBJECTS TAREAS SECUNDARIAS/Pruebas Seguridad/6.1.7-Seleccionar Empresa/a_administrador_usuarioformatabtabla_roles_individual0j_idt160' is visible

2022-04-29 11:02:05 - [MESSAGE][PASSED] - Object: 'Object Repository/2-OBJECTS TAREAS SECUNDARIAS/Pruebas Seguridad/6.1.7-Seleccionar Empresa/a_Aceptar_Acceso Roles' is clicked on

2022-04-29 11:02:05 - [MESSAGE][PASSED] - Object 'Object Repository/2-OBJECTS TAREAS SECUNDARIAS/Pruebas Seguridad/6.1.7-Seleccionar Empresa/a_administrador_usuarioformatabtabla_roles_individual0j_idt160' is visible

2022-04-29 11:02:05 - [TEST_STEP][PASSED] - click(findTestObject("2-OBJECTS TAREAS SECUNDARIAS/Pruebas Seguridad/6.1.7-Seleccionar Empresa/a_administrador_usuarioformatabtabla_roles_individual0j_idt160")): Object: 'Object Repository/2-OBJECTS TAREAS SECUNDARIAS/Pruebas Seguridad/6.1.7-Seleccionar Empresa/a_administrador_usuarioformatabtabla_roles_individual0j_idt160' is clicked on

2022-04-29 11:02:06 - [MESSAGE][PASSED] - Object: 'Object Repository/2-OBJECTS TAREAS SECUNDARIAS/Pruebas Seguridad/6.1.7-Seleccionar Empresa/a_administrador_usuarioformatabtabla_roles_individual0j_idt160' is clicked on

2022-04-29 11:02:06 - [TEST_STEP][PASSED] - click(findTestObject("2-OBJECTS TAREAS SECUNDARIAS/Pruebas Seguridad/6.1.7-Seleccionar Empresa/a_Aceptar_Acceso Roles")): Web element with id: 'Object Repository/2-OBJECTS TAREAS SECUNDARIAS/Pruebas Seguridad/6.1.7-Seleccionar Empresa/a_administrador_usuarioformatabtabla_roles_individual0j_idt160' located by '//tbody[@id='usuarioforma:tab:tabla_roles_individual_data']/tr/td[2]/a' not found

2022-04-29 11:02:06 - [MESSAGE][PASSED] - Object: 'Object Repository/2-OBJECTS TAREAS SECUNDARIAS/Pruebas Seguridad/6.1.7-Seleccionar Empresa/a_Aceptar_Acceso Roles' is clicked on

2022-04-29 11:02:09 - [MESSAGE][INFO] - Unable to find the element located by 'By.xpath: //tbody[@id='usuarioforma:tab:tabla_roles_individual_data']/tr/td[2]/a'. Please recheck the objects properties to make sure the desired element is located. 

2022-04-29 11:02:09 - [MESSAGE][WARNING] - Web element with id: 'Object Repository/2-OBJECTS TAREAS SECUNDARIAS/Pruebas Seguridad/6.1.7-Seleccionar Empresa/a_administrador_usuarioformatabtabla_roles_individual0j_idt160' located by '//tbody[@id='usuarioforma:tab:tabla_roles_individual_data']/tr/td[2]/a' not found

2022-04-29 11:02:09 - [TEST_STEP][PASSED] - click(findTestObject("2-OBJECTS TAREAS SECUNDARIAS/Pruebas Seguridad/6.1.7-Seleccionar Empresa/a_Acceso Particular")): Object: 'Object Repository/2-OBJECTS TAREAS SECUNDARIAS/Pruebas Seguridad/6.1.7-Seleccionar Empresa/a_Acceso Particular' is clicked on

2022-04-29 11:02:09 - [MESSAGE][PASSED] - Object: 'Object Repository/2-OBJECTS TAREAS SECUNDARIAS/Pruebas Seguridad/6.1.7-Seleccionar Empresa/a_Acceso Particular' is clicked on

2022-04-29 11:02:09 - [TEST_STEP][PASSED] - while (waitForElementVisible(findTestObject("2-OBJECTS TAREAS SECUNDARIAS/Pruebas Seguridad/6.1.7-Seleccionar Empresa/a_SARA_usuarioformatabtabla_roles0j_idt151"), 1)): null

2022-04-29 11:02:10 - [MESSAGE][PASSED] - Object 'Object Repository/2-OBJECTS TAREAS SECUNDARIAS/Pruebas Seguridad/6.1.7-Seleccionar Empresa/a_SARA_usuarioformatabtabla_roles0j_idt151' is visible

2022-04-29 11:02:10 - [TEST_STEP][PASSED] - click(findTestObject("2-OBJECTS TAREAS SECUNDARIAS/Pruebas Seguridad/6.1.7-Seleccionar Empresa/a_SARA_usuarioformatabtabla_roles0j_idt151")): Object: 'Object Repository/2-OBJECTS TAREAS SECUNDARIAS/Pruebas Seguridad/6.1.7-Seleccionar Empresa/a_SARA_usuarioformatabtabla_roles0j_idt151' is clicked on

2022-04-29 11:02:10 - [MESSAGE][PASSED] - Object: 'Object Repository/2-OBJECTS TAREAS SECUNDARIAS/Pruebas Seguridad/6.1.7-Seleccionar Empresa/a_SARA_usuarioformatabtabla_roles0j_idt151' is clicked on

2022-04-29 11:02:10 - [TEST_STEP][PASSED] - click(findTestObject("2-OBJECTS TAREAS SECUNDARIAS/Pruebas Seguridad/6.1.7-Seleccionar Empresa/a_Aceptar_Acceso particular")): Object 'Object Repository/2-OBJECTS TAREAS SECUNDARIAS/Pruebas Seguridad/6.1.7-Seleccionar Empresa/a_SARA_usuarioformatabtabla_roles0j_idt151' is visible

2022-04-29 11:02:11 - [MESSAGE][PASSED] - Object: 'Object Repository/2-OBJECTS TAREAS SECUNDARIAS/Pruebas Seguridad/6.1.7-Seleccionar Empresa/a_Aceptar_Acceso particular' is clicked on

2022-04-29 11:02:11 - [MESSAGE][PASSED] - Object 'Object Repository/2-OBJECTS TAREAS SECUNDARIAS/Pruebas Seguridad/6.1.7-Seleccionar Empresa/a_SARA_usuarioformatabtabla_roles0j_idt151' is visible

2022-04-29 11:02:11 - [TEST_STEP][PASSED] - click(findTestObject("2-OBJECTS TAREAS SECUNDARIAS/Pruebas Seguridad/6.1.7-Seleccionar Empresa/a_SARA_usuarioformatabtabla_roles0j_idt151")): Object: 'Object Repository/2-OBJECTS TAREAS SECUNDARIAS/Pruebas Seguridad/6.1.7-Seleccionar Empresa/a_SARA_usuarioformatabtabla_roles0j_idt151' is clicked on

2022-04-29 11:02:12 - [MESSAGE][PASSED] - Object: 'Object Repository/2-OBJECTS TAREAS SECUNDARIAS/Pruebas Seguridad/6.1.7-Seleccionar Empresa/a_SARA_usuarioformatabtabla_roles0j_idt151' is clicked on

2022-04-29 11:02:12 - [TEST_STEP][PASSED] - click(findTestObject("2-OBJECTS TAREAS SECUNDARIAS/Pruebas Seguridad/6.1.7-Seleccionar Empresa/a_Aceptar_Acceso particular")): Object 'Object Repository/2-OBJECTS TAREAS SECUNDARIAS/Pruebas Seguridad/6.1.7-Seleccionar Empresa/a_SARA_usuarioformatabtabla_roles0j_idt151' is visible

2022-04-29 11:02:12 - [MESSAGE][PASSED] - Object: 'Object Repository/2-OBJECTS TAREAS SECUNDARIAS/Pruebas Seguridad/6.1.7-Seleccionar Empresa/a_Aceptar_Acceso particular' is clicked on

2022-04-29 11:02:13 - [MESSAGE][PASSED] - Object 'Object Repository/2-OBJECTS TAREAS SECUNDARIAS/Pruebas Seguridad/6.1.7-Seleccionar Empresa/a_SARA_usuarioformatabtabla_roles0j_idt151' is visible

2022-04-29 11:02:13 - [TEST_STEP][PASSED] - click(findTestObject("2-OBJECTS TAREAS SECUNDARIAS/Pruebas Seguridad/6.1.7-Seleccionar Empresa/a_SARA_usuarioformatabtabla_roles0j_idt151")): Object: 'Object Repository/2-OBJECTS TAREAS SECUNDARIAS/Pruebas Seguridad/6.1.7-Seleccionar Empresa/a_SARA_usuarioformatabtabla_roles0j_idt151' is clicked on

2022-04-29 11:02:13 - [MESSAGE][PASSED] - Object: 'Object Repository/2-OBJECTS TAREAS SECUNDARIAS/Pruebas Seguridad/6.1.7-Seleccionar Empresa/a_SARA_usuarioformatabtabla_roles0j_idt151' is clicked on

2022-04-29 11:02:13 - [TEST_STEP][PASSED] - click(findTestObject("2-OBJECTS TAREAS SECUNDARIAS/Pruebas Seguridad/6.1.7-Seleccionar Empresa/a_Aceptar_Acceso particular")): Object 'Object Repository/2-OBJECTS TAREAS SECUNDARIAS/Pruebas Seguridad/6.1.7-Seleccionar Empresa/a_SARA_usuarioformatabtabla_roles0j_idt151' is visible

2022-04-29 11:02:14 - [MESSAGE][PASSED] - Object: 'Object Repository/2-OBJECTS TAREAS SECUNDARIAS/Pruebas Seguridad/6.1.7-Seleccionar Empresa/a_Aceptar_Acceso particular' is clicked on

2022-04-29 11:02:15 - [MESSAGE][PASSED] - Object 'Object Repository/2-OBJECTS TAREAS SECUNDARIAS/Pruebas Seguridad/6.1.7-Seleccionar Empresa/a_SARA_usuarioformatabtabla_roles0j_idt151' is visible

2022-04-29 11:02:15 - [TEST_STEP][PASSED] - click(findTestObject("2-OBJECTS TAREAS SECUNDARIAS/Pruebas Seguridad/6.1.7-Seleccionar Empresa/a_SARA_usuarioformatabtabla_roles0j_idt151")): Object: 'Object Repository/2-OBJECTS TAREAS SECUNDARIAS/Pruebas Seguridad/6.1.7-Seleccionar Empresa/a_SARA_usuarioformatabtabla_roles0j_idt151' is clicked on

2022-04-29 11:02:15 - [MESSAGE][PASSED] - Object: 'Object Repository/2-OBJECTS TAREAS SECUNDARIAS/Pruebas Seguridad/6.1.7-Seleccionar Empresa/a_SARA_usuarioformatabtabla_roles0j_idt151' is clicked on

2022-04-29 11:02:15 - [TEST_STEP][PASSED] - click(findTestObject("2-OBJECTS TAREAS SECUNDARIAS/Pruebas Seguridad/6.1.7-Seleccionar Empresa/a_Aceptar_Acceso particular")): Object 'Object Repository/2-OBJECTS TAREAS SECUNDARIAS/Pruebas Seguridad/6.1.7-Seleccionar Empresa/a_SARA_usuarioformatabtabla_roles0j_idt151' is visible

2022-04-29 11:02:16 - [MESSAGE][PASSED] - Object: 'Object Repository/2-OBJECTS TAREAS SECUNDARIAS/Pruebas Seguridad/6.1.7-Seleccionar Empresa/a_Aceptar_Acceso particular' is clicked on

2022-04-29 11:02:16 - [MESSAGE][PASSED] - Object 'Object Repository/2-OBJECTS TAREAS SECUNDARIAS/Pruebas Seguridad/6.1.7-Seleccionar Empresa/a_SARA_usuarioformatabtabla_roles0j_idt151' is visible

2022-04-29 11:02:16 - [TEST_STEP][PASSED] - click(findTestObject("2-OBJECTS TAREAS SECUNDARIAS/Pruebas Seguridad/6.1.7-Seleccionar Empresa/a_SARA_usuarioformatabtabla_roles0j_idt151")): Object: 'Object Repository/2-OBJECTS TAREAS SECUNDARIAS/Pruebas Seguridad/6.1.7-Seleccionar Empresa/a_SARA_usuarioformatabtabla_roles0j_idt151' is clicked on

2022-04-29 11:02:17 - [MESSAGE][PASSED] - Object: 'Object Repository/2-OBJECTS TAREAS SECUNDARIAS/Pruebas Seguridad/6.1.7-Seleccionar Empresa/a_SARA_usuarioformatabtabla_roles0j_idt151' is clicked on

2022-04-29 11:02:17 - [TEST_STEP][PASSED] - click(findTestObject("2-OBJECTS TAREAS SECUNDARIAS/Pruebas Seguridad/6.1.7-Seleccionar Empresa/a_Aceptar_Acceso particular")): Object 'Object Repository/2-OBJECTS TAREAS SECUNDARIAS/Pruebas Seguridad/6.1.7-Seleccionar Empresa/a_SARA_usuarioformatabtabla_roles0j_idt151' is visible

2022-04-29 11:02:18 - [MESSAGE][PASSED] - Object: 'Object Repository/2-OBJECTS TAREAS SECUNDARIAS/Pruebas Seguridad/6.1.7-Seleccionar Empresa/a_Aceptar_Acceso particular' is clicked on

2022-04-29 11:02:18 - [MESSAGE][PASSED] - Object 'Object Repository/2-OBJECTS TAREAS SECUNDARIAS/Pruebas Seguridad/6.1.7-Seleccionar Empresa/a_SARA_usuarioformatabtabla_roles0j_idt151' is visible

2022-04-29 11:02:18 - [TEST_STEP][PASSED] - click(findTestObject("2-OBJECTS TAREAS SECUNDARIAS/Pruebas Seguridad/6.1.7-Seleccionar Empresa/a_SARA_usuarioformatabtabla_roles0j_idt151")): Object: 'Object Repository/2-OBJECTS TAREAS SECUNDARIAS/Pruebas Seguridad/6.1.7-Seleccionar Empresa/a_SARA_usuarioformatabtabla_roles0j_idt151' is clicked on

2022-04-29 11:02:19 - [MESSAGE][PASSED] - Object: 'Object Repository/2-OBJECTS TAREAS SECUNDARIAS/Pruebas Seguridad/6.1.7-Seleccionar Empresa/a_SARA_usuarioformatabtabla_roles0j_idt151' is clicked on

2022-04-29 11:02:19 - [TEST_STEP][PASSED] - click(findTestObject("2-OBJECTS TAREAS SECUNDARIAS/Pruebas Seguridad/6.1.7-Seleccionar Empresa/a_Aceptar_Acceso particular")): Object 'Object Repository/2-OBJECTS TAREAS SECUNDARIAS/Pruebas Seguridad/6.1.7-Seleccionar Empresa/a_SARA_usuarioformatabtabla_roles0j_idt151' is visible

2022-04-29 11:02:19 - [MESSAGE][PASSED] - Object: 'Object Repository/2-OBJECTS TAREAS SECUNDARIAS/Pruebas Seguridad/6.1.7-Seleccionar Empresa/a_Aceptar_Acceso particular' is clicked on

2022-04-29 11:02:20 - [MESSAGE][PASSED] - Object 'Object Repository/2-OBJECTS TAREAS SECUNDARIAS/Pruebas Seguridad/6.1.7-Seleccionar Empresa/a_SARA_usuarioformatabtabla_roles0j_idt151' is visible

2022-04-29 11:02:20 - [TEST_STEP][PASSED] - click(findTestObject("2-OBJECTS TAREAS SECUNDARIAS/Pruebas Seguridad/6.1.7-Seleccionar Empresa/a_SARA_usuarioformatabtabla_roles0j_idt151")): Object: 'Object Repository/2-OBJECTS TAREAS SECUNDARIAS/Pruebas Seguridad/6.1.7-Seleccionar Empresa/a_SARA_usuarioformatabtabla_roles0j_idt151' is clicked on

2022-04-29 11:02:20 - [MESSAGE][PASSED] - Object: 'Object Repository/2-OBJECTS TAREAS SECUNDARIAS/Pruebas Seguridad/6.1.7-Seleccionar Empresa/a_SARA_usuarioformatabtabla_roles0j_idt151' is clicked on

2022-04-29 11:02:20 - [TEST_STEP][PASSED] - click(findTestObject("2-OBJECTS TAREAS SECUNDARIAS/Pruebas Seguridad/6.1.7-Seleccionar Empresa/a_Aceptar_Acceso particular")): Object 'Object Repository/2-OBJECTS TAREAS SECUNDARIAS/Pruebas Seguridad/6.1.7-Seleccionar Empresa/a_SARA_usuarioformatabtabla_roles0j_idt151' is visible

2022-04-29 11:02:21 - [MESSAGE][PASSED] - Object: 'Object Repository/2-OBJECTS TAREAS SECUNDARIAS/Pruebas Seguridad/6.1.7-Seleccionar Empresa/a_Aceptar_Acceso particular' is clicked on

2022-04-29 11:02:22 - [MESSAGE][PASSED] - Object 'Object Repository/2-OBJECTS TAREAS SECUNDARIAS/Pruebas Seguridad/6.1.7-Seleccionar Empresa/a_SARA_usuarioformatabtabla_roles0j_idt151' is visible

2022-04-29 11:02:22 - [TEST_STEP][PASSED] - click(findTestObject("2-OBJECTS TAREAS SECUNDARIAS/Pruebas Seguridad/6.1.7-Seleccionar Empresa/a_SARA_usuarioformatabtabla_roles0j_idt151")): Object: 'Object Repository/2-OBJECTS TAREAS SECUNDARIAS/Pruebas Seguridad/6.1.7-Seleccionar Empresa/a_SARA_usuarioformatabtabla_roles0j_idt151' is clicked on

2022-04-29 11:02:22 - [MESSAGE][PASSED] - Object: 'Object Repository/2-OBJECTS TAREAS SECUNDARIAS/Pruebas Seguridad/6.1.7-Seleccionar Empresa/a_SARA_usuarioformatabtabla_roles0j_idt151' is clicked on

2022-04-29 11:02:22 - [TEST_STEP][PASSED] - click(findTestObject("2-OBJECTS TAREAS SECUNDARIAS/Pruebas Seguridad/6.1.7-Seleccionar Empresa/a_Aceptar_Acceso particular")): Object 'Object Repository/2-OBJECTS TAREAS SECUNDARIAS/Pruebas Seguridad/6.1.7-Seleccionar Empresa/a_SARA_usuarioformatabtabla_roles0j_idt151' is visible

2022-04-29 11:02:23 - [MESSAGE][PASSED] - Object: 'Object Repository/2-OBJECTS TAREAS SECUNDARIAS/Pruebas Seguridad/6.1.7-Seleccionar Empresa/a_Aceptar_Acceso particular' is clicked on

2022-04-29 11:02:23 - [MESSAGE][PASSED] - Object 'Object Repository/2-OBJECTS TAREAS SECUNDARIAS/Pruebas Seguridad/6.1.7-Seleccionar Empresa/a_SARA_usuarioformatabtabla_roles0j_idt151' is visible

2022-04-29 11:02:23 - [TEST_STEP][PASSED] - click(findTestObject("2-OBJECTS TAREAS SECUNDARIAS/Pruebas Seguridad/6.1.7-Seleccionar Empresa/a_SARA_usuarioformatabtabla_roles0j_idt151")): Object: 'Object Repository/2-OBJECTS TAREAS SECUNDARIAS/Pruebas Seguridad/6.1.7-Seleccionar Empresa/a_SARA_usuarioformatabtabla_roles0j_idt151' is clicked on

2022-04-29 11:02:24 - [MESSAGE][PASSED] - Object: 'Object Repository/2-OBJECTS TAREAS SECUNDARIAS/Pruebas Seguridad/6.1.7-Seleccionar Empresa/a_SARA_usuarioformatabtabla_roles0j_idt151' is clicked on

2022-04-29 11:02:24 - [TEST_STEP][PASSED] - click(findTestObject("2-OBJECTS TAREAS SECUNDARIAS/Pruebas Seguridad/6.1.7-Seleccionar Empresa/a_Aceptar_Acceso particular")): Object 'Object Repository/2-OBJECTS TAREAS SECUNDARIAS/Pruebas Seguridad/6.1.7-Seleccionar Empresa/a_SARA_usuarioformatabtabla_roles0j_idt151' is visible

2022-04-29 11:02:24 - [MESSAGE][PASSED] - Object: 'Object Repository/2-OBJECTS TAREAS SECUNDARIAS/Pruebas Seguridad/6.1.7-Seleccionar Empresa/a_Aceptar_Acceso particular' is clicked on

2022-04-29 11:02:25 - [MESSAGE][PASSED] - Object 'Object Repository/2-OBJECTS TAREAS SECUNDARIAS/Pruebas Seguridad/6.1.7-Seleccionar Empresa/a_SARA_usuarioformatabtabla_roles0j_idt151' is visible

2022-04-29 11:02:25 - [TEST_STEP][PASSED] - click(findTestObject("2-OBJECTS TAREAS SECUNDARIAS/Pruebas Seguridad/6.1.7-Seleccionar Empresa/a_SARA_usuarioformatabtabla_roles0j_idt151")): Object: 'Object Repository/2-OBJECTS TAREAS SECUNDARIAS/Pruebas Seguridad/6.1.7-Seleccionar Empresa/a_SARA_usuarioformatabtabla_roles0j_idt151' is clicked on

2022-04-29 11:02:25 - [MESSAGE][PASSED] - Object: 'Object Repository/2-OBJECTS TAREAS SECUNDARIAS/Pruebas Seguridad/6.1.7-Seleccionar Empresa/a_SARA_usuarioformatabtabla_roles0j_idt151' is clicked on

2022-04-29 11:02:25 - [TEST_STEP][PASSED] - click(findTestObject("2-OBJECTS TAREAS SECUNDARIAS/Pruebas Seguridad/6.1.7-Seleccionar Empresa/a_Aceptar_Acceso particular")): Web element with id: 'Object Repository/2-OBJECTS TAREAS SECUNDARIAS/Pruebas Seguridad/6.1.7-Seleccionar Empresa/a_SARA_usuarioformatabtabla_roles0j_idt151' located by '//a[@id='usuarioforma:tab:tabla_roles:0:j_idt151']' not found

2022-04-29 11:02:26 - [MESSAGE][PASSED] - Object: 'Object Repository/2-OBJECTS TAREAS SECUNDARIAS/Pruebas Seguridad/6.1.7-Seleccionar Empresa/a_Aceptar_Acceso particular' is clicked on

2022-04-29 11:02:28 - [MESSAGE][INFO] - Unable to find the element located by 'By.xpath: //a[@id='usuarioforma:tab:tabla_roles:0:j_idt151']'. Please recheck the objects properties to make sure the desired element is located. 

2022-04-29 11:02:28 - [MESSAGE][WARNING] - Web element with id: 'Object Repository/2-OBJECTS TAREAS SECUNDARIAS/Pruebas Seguridad/6.1.7-Seleccionar Empresa/a_SARA_usuarioformatabtabla_roles0j_idt151' located by '//a[@id='usuarioforma:tab:tabla_roles:0:j_idt151']' not found

2022-04-29 11:02:28 - [TEST_STEP][PASSED] - click(findTestObject("2-OBJECTS TAREAS SECUNDARIAS/Pruebas Seguridad/6.1.7-Seleccionar Empresa/a_Informacin")): Object: 'Object Repository/2-OBJECTS TAREAS SECUNDARIAS/Pruebas Seguridad/6.1.7-Seleccionar Empresa/a_Informacin' is clicked on

2022-04-29 11:02:29 - [MESSAGE][PASSED] - Object: 'Object Repository/2-OBJECTS TAREAS SECUNDARIAS/Pruebas Seguridad/6.1.7-Seleccionar Empresa/a_Informacin' is clicked on

2022-04-29 11:02:29 - [TEST_STEP][PASSED] - click(findTestObject("2-OBJECTS TAREAS SECUNDARIAS/Pruebas Seguridad/6.1.7-Seleccionar Empresa/a_Eliminar")): Object: 'Object Repository/2-OBJECTS TAREAS SECUNDARIAS/Pruebas Seguridad/6.1.7-Seleccionar Empresa/a_Eliminar' is clicked on

2022-04-29 11:02:29 - [MESSAGE][PASSED] - Object: 'Object Repository/2-OBJECTS TAREAS SECUNDARIAS/Pruebas Seguridad/6.1.7-Seleccionar Empresa/a_Eliminar' is clicked on

2022-04-29 11:02:29 - [TEST_STEP][PASSED] - click(findTestObject("2-OBJECTS TAREAS SECUNDARIAS/Pruebas Seguridad/6.1.7-Seleccionar Empresa/a_Aceptar_informacion")): Object: 'Object Repository/2-OBJECTS TAREAS SECUNDARIAS/Pruebas Seguridad/6.1.7-Seleccionar Empresa/a_Aceptar_informacion' is clicked on

2022-04-29 11:02:30 - [MESSAGE][PASSED] - Object: 'Object Repository/2-OBJECTS TAREAS SECUNDARIAS/Pruebas Seguridad/6.1.7-Seleccionar Empresa/a_Aceptar_informacion' is clicked on

2022-04-29 11:02:30 - [TEST_STEP][PASSED] - closeBrowser(): Browser is closed

2022-04-29 11:02:31 - [MESSAGE][PASSED] - Browser is closed]]></system-out>
         <system-err><![CDATA[]]></system-err>
      </testcase>
      <testcase name="Test Cases/1.1-Tareas Principales/1.8.2-Ejecucion_de_Reportes" time="100.959" classname="Test Cases/1.1-Tareas Principales/1.8.2-Ejecucion_de_Reportes" status="PASSED">
         <system-out><![CDATA[2022-04-29 11:02:31 - [TEST_CASE][PASSED] - Test Cases/1.1-Tareas Principales/1.8.2-Ejecucion_de_Reportes: Test Cases/1.1-Tareas Principales/1.8.2-Ejecucion_de_Reportes

2022-04-29 11:02:31 - [TEST_STEP][PASSED] - callTestCase(findTestCase("0.1-Login"), [:], STOP_ON_FAILURE): Call Test Case 'Test Cases/0.1-Login' successfully

2022-04-29 11:02:31 - [TEST_CASE][PASSED] - Test Cases/0.1-Login: Test Cases/0.1-Login

2022-04-29 11:02:31 - [TEST_STEP][PASSED] - openBrowser(""): Browser is opened with url: ''

2022-04-29 11:02:31 - [MESSAGE][INFO] - Starting 'Chrome' driver

2022-04-29 11:02:31 - [MESSAGE][INFO] - Action delay is set to 0 milliseconds

2022-04-29 11:02:33 - [MESSAGE][PASSED] - Browser is opened with url: ''

2022-04-29 11:02:33 - [TEST_STEP][PASSED] - maximizeWindow(): Current window maximized

2022-04-29 11:02:33 - [MESSAGE][PASSED] - Current window maximized

2022-04-29 11:02:33 - [TEST_STEP][PASSED] - i = G_Login: null

2022-04-29 11:02:33 - [TEST_STEP][PASSED] - url = new java.net.URL(i): null

2022-04-29 11:02:33 - [TEST_STEP][PASSED] - println("URL: " + url.toString()): null

2022-04-29 11:02:33 - [TEST_STEP][PASSED] - connection = url.openConnection(): null

2022-04-29 11:02:33 - [TEST_STEP][PASSED] - connection.setRequestMethod("GET"): null

2022-04-29 11:02:33 - [TEST_STEP][PASSED] - connection.setReadTimeout(2 * 1000): null

2022-04-29 11:02:33 - [TEST_STEP][PASSED] - try: null

2022-04-29 11:02:33 - [TEST_STEP][PASSED] - connection.connect(): null

2022-04-29 11:02:33 - [TEST_STEP][PASSED] - flag = connected: null

2022-04-29 11:02:33 - [TEST_STEP][PASSED] - println("Valor_ori: " + flag): null

2022-04-29 11:02:33 - [TEST_STEP][PASSED] - if (flag): null

2022-04-29 11:02:33 - [TEST_STEP][PASSED] - navigateToUrl(i): Navigate to 'http://192.168.2.19:8380/saraweb' successfully

2022-04-29 11:02:33 - [MESSAGE][PASSED] - Navigate to 'http://192.168.2.19:8380/saraweb' successfully

2022-04-29 11:02:33 - [TEST_STEP][PASSED] - a(): null

2022-04-29 11:02:33 - [TEST_STEP][PASSED] - setText(findTestObject("3-OBJECTS UTILIDADES/Login/input_USUARIO_loginusuario"), G_Usuario): Text 'saraadmin' is set on object 'Object Repository/3-OBJECTS UTILIDADES/Login/input_USUARIO_loginusuario'

2022-04-29 11:02:34 - [MESSAGE][PASSED] - Text 'saraadmin' is set on object 'Object Repository/3-OBJECTS UTILIDADES/Login/input_USUARIO_loginusuario'

2022-04-29 11:02:34 - [TEST_STEP][PASSED] - setEncryptedText(findTestObject("3-OBJECTS UTILIDADES/Login/input_CLAVE_loginpassword"), "MkG4/TYiCFC3cb2driP7+Q=="): Text ****** has been set on object 'Object Repository/3-OBJECTS UTILIDADES/Login/input_CLAVE_loginpassword'

2022-04-29 11:02:34 - [MESSAGE][PASSED] - Text ****** has been set on object 'Object Repository/3-OBJECTS UTILIDADES/Login/input_CLAVE_loginpassword'

2022-04-29 11:02:34 - [TEST_STEP][PASSED] - waitForElementClickable(findTestObject("3-OBJECTS UTILIDADES/Login/a_Ingresar"), G_TimeOut): Object 'Object Repository/3-OBJECTS UTILIDADES/Login/a_Ingresar' is clickable

2022-04-29 11:02:35 - [MESSAGE][PASSED] - Object 'Object Repository/3-OBJECTS UTILIDADES/Login/a_Ingresar' is clickable

2022-04-29 11:02:35 - [TEST_STEP][PASSED] - click(findTestObject("3-OBJECTS UTILIDADES/Login/a_Ingresar")): Object: 'Object Repository/3-OBJECTS UTILIDADES/Login/a_Ingresar' is clicked on

2022-04-29 11:02:36 - [MESSAGE][PASSED] - Object: 'Object Repository/3-OBJECTS UTILIDADES/Login/a_Ingresar' is clicked on

2022-04-29 11:02:36 - [TEST_STEP][PASSED] - element = findWebElement(findTestObject("3-OBJECTS UTILIDADES/Login/a_Ir"), 30): null

2022-04-29 11:02:36 - [TEST_STEP][PASSED] - executeJavaScript("arguments[0].click()", Arrays.asList(element)): Execute JavaScript 'arguments[0].click()' successfully

2022-04-29 11:02:36 - [MESSAGE][PASSED] - Execute JavaScript 'arguments[0].click()' successfully

2022-04-29 11:02:36 - [MESSAGE][PASSED] - Call Test Case 'Test Cases/0.1-Login' successfully

2022-04-29 11:02:36 - [TEST_STEP][PASSED] - setText(findTestObject("1-OBJECTS TAREAS PRINCIPALES/Modulo Tarea Sara General/Ejecucion_de_Reportes/input_Empresa 1_form_templatej_idt24_input"), "Ejecucion Reporte (gna)"): Text 'Ejecucion Reporte (gna)' is set on object 'Object Repository/1-OBJECTS TAREAS PRINCIPALES/Modulo Tarea Sara General/Ejecucion_de_Reportes/input_Empresa 1_form_templatej_idt24_input'

2022-04-29 11:02:38 - [MESSAGE][PASSED] - Text 'Ejecucion Reporte (gna)' is set on object 'Object Repository/1-OBJECTS TAREAS PRINCIPALES/Modulo Tarea Sara General/Ejecucion_de_Reportes/input_Empresa 1_form_templatej_idt24_input'

2022-04-29 11:02:38 - [TEST_STEP][PASSED] - click(findTestObject("1-OBJECTS TAREAS PRINCIPALES/Modulo Tarea Sara General/Ejecucion_de_Reportes/span_Ejecucion Reporte (gna)")): Object: 'Object Repository/1-OBJECTS TAREAS PRINCIPALES/Modulo Tarea Sara General/Ejecucion_de_Reportes/span_Ejecucion Reporte (gna)' is clicked on

2022-04-29 11:02:39 - [MESSAGE][PASSED] - Object: 'Object Repository/1-OBJECTS TAREAS PRINCIPALES/Modulo Tarea Sara General/Ejecucion_de_Reportes/span_Ejecucion Reporte (gna)' is clicked on

2022-04-29 11:02:39 - [TEST_STEP][PASSED] - setText(findTestObject("1-OBJECTS TAREAS PRINCIPALES/Modulo Tarea Sara General/Ejecucion_de_Reportes/input_Parmetros_listaReporteFormj_idt64"), "Katalon"): Text 'Katalon' is set on object 'Object Repository/1-OBJECTS TAREAS PRINCIPALES/Modulo Tarea Sara General/Ejecucion_de_Reportes/input_Parmetros_listaReporteFormj_idt64'

2022-04-29 11:02:40 - [MESSAGE][PASSED] - Text 'Katalon' is set on object 'Object Repository/1-OBJECTS TAREAS PRINCIPALES/Modulo Tarea Sara General/Ejecucion_de_Reportes/input_Parmetros_listaReporteFormj_idt64'

2022-04-29 11:02:40 - [TEST_STEP][PASSED] - sendKeys(findTestObject("1-OBJECTS TAREAS PRINCIPALES/Modulo Tarea Sara General/Ejecucion_de_Reportes/input_Parmetros_listaReporteFormj_idt64"), Keys.chord(ENTER)): Keys 'ENTER + ' sent to object: 'Object Repository/1-OBJECTS TAREAS PRINCIPALES/Modulo Tarea Sara General/Ejecucion_de_Reportes/input_Parmetros_listaReporteFormj_idt64'

2022-04-29 11:02:41 - [MESSAGE][PASSED] - Keys 'ENTER + ' sent to object: 'Object Repository/1-OBJECTS TAREAS PRINCIPALES/Modulo Tarea Sara General/Ejecucion_de_Reportes/input_Parmetros_listaReporteFormj_idt64'

2022-04-29 11:02:41 - [TEST_STEP][PASSED] - click(findTestObject("1-OBJECTS TAREAS PRINCIPALES/Modulo Tarea Sara General/Ejecucion_de_Reportes/td_Reporte Vencimiento de Contratos Pruebas Katalon")): Object: 'Object Repository/1-OBJECTS TAREAS PRINCIPALES/Modulo Tarea Sara General/Ejecucion_de_Reportes/td_Reporte Vencimiento de Contratos Pruebas Katalon' is clicked on

2022-04-29 11:02:41 - [MESSAGE][PASSED] - Object: 'Object Repository/1-OBJECTS TAREAS PRINCIPALES/Modulo Tarea Sara General/Ejecucion_de_Reportes/td_Reporte Vencimiento de Contratos Pruebas Katalon' is clicked on

2022-04-29 11:02:41 - [TEST_STEP][PASSED] - click(findTestObject("1-OBJECTS TAREAS PRINCIPALES/Modulo Tarea Sara General/Ejecucion_de_Reportes/a_Ejecutar0")): Object: 'Object Repository/1-OBJECTS TAREAS PRINCIPALES/Modulo Tarea Sara General/Ejecucion_de_Reportes/a_Ejecutar0' is clicked on

2022-04-29 11:02:42 - [MESSAGE][PASSED] - Object: 'Object Repository/1-OBJECTS TAREAS PRINCIPALES/Modulo Tarea Sara General/Ejecucion_de_Reportes/a_Ejecutar0' is clicked on

2022-04-29 11:02:42 - [TEST_STEP][PASSED] - click(findTestObject("1-OBJECTS TAREAS PRINCIPALES/Modulo Tarea Sara General/Ejecucion_de_Reportes/a_Ver sentencia")): Object: 'Object Repository/1-OBJECTS TAREAS PRINCIPALES/Modulo Tarea Sara General/Ejecucion_de_Reportes/a_Ver sentencia' is clicked on

2022-04-29 11:02:43 - [MESSAGE][PASSED] - Object: 'Object Repository/1-OBJECTS TAREAS PRINCIPALES/Modulo Tarea Sara General/Ejecucion_de_Reportes/a_Ver sentencia' is clicked on

2022-04-29 11:02:43 - [TEST_STEP][PASSED] - waitForElementVisible(findTestObject("1-OBJECTS TAREAS PRINCIPALES/Modulo Tarea Sara General/Ejecucion_de_Reportes/textarea_select meml_hojavida, ceml_unidad, ceml_zonaeconomica, ceml_centrocosto, ceml_cargo,neml_vinculacion"), 1): Object 'Object Repository/1-OBJECTS TAREAS PRINCIPALES/Modulo Tarea Sara General/Ejecucion_de_Reportes/textarea_select meml_hojavida, ceml_unidad, ceml_zonaeconomica, ceml_centrocosto, ceml_cargo,neml_vinculacion' is visible

2022-04-29 11:02:44 - [MESSAGE][PASSED] - Object 'Object Repository/1-OBJECTS TAREAS PRINCIPALES/Modulo Tarea Sara General/Ejecucion_de_Reportes/textarea_select meml_hojavida, ceml_unidad, ceml_zonaeconomica, ceml_centrocosto, ceml_cargo,neml_vinculacion' is visible

2022-04-29 11:02:44 - [TEST_STEP][PASSED] - click(findTestObject("1-OBJECTS TAREAS PRINCIPALES/Modulo Tarea Sara General/Ejecucion_de_Reportes/span_Plantilla_ui-icon ui-icon-closethick")): Object: 'Object Repository/1-OBJECTS TAREAS PRINCIPALES/Modulo Tarea Sara General/Ejecucion_de_Reportes/span_Plantilla_ui-icon ui-icon-closethick' is clicked on

2022-04-29 11:02:44 - [MESSAGE][PASSED] - Object: 'Object Repository/1-OBJECTS TAREAS PRINCIPALES/Modulo Tarea Sara General/Ejecucion_de_Reportes/span_Plantilla_ui-icon ui-icon-closethick' is clicked on

2022-04-29 11:02:44 - [TEST_STEP][PASSED] - click(findTestObject("1-OBJECTS TAREAS PRINCIPALES/Modulo Tarea Sara General/Ejecucion_de_Reportes/label_Excel")): Object: 'Object Repository/1-OBJECTS TAREAS PRINCIPALES/Modulo Tarea Sara General/Ejecucion_de_Reportes/label_Excel' is clicked on

2022-04-29 11:02:45 - [MESSAGE][PASSED] - Object: 'Object Repository/1-OBJECTS TAREAS PRINCIPALES/Modulo Tarea Sara General/Ejecucion_de_Reportes/label_Excel' is clicked on

2022-04-29 11:02:45 - [TEST_STEP][PASSED] - click(findTestObject("1-OBJECTS TAREAS PRINCIPALES/Modulo Tarea Sara General/Ejecucion_de_Reportes/label_Descargar")): Object: 'Object Repository/1-OBJECTS TAREAS PRINCIPALES/Modulo Tarea Sara General/Ejecucion_de_Reportes/label_Descargar' is clicked on

2022-04-29 11:02:46 - [MESSAGE][PASSED] - Object: 'Object Repository/1-OBJECTS TAREAS PRINCIPALES/Modulo Tarea Sara General/Ejecucion_de_Reportes/label_Descargar' is clicked on

2022-04-29 11:02:46 - [TEST_STEP][PASSED] - setText(findTestObject("1-OBJECTS TAREAS PRINCIPALES/Modulo Tarea Sara General/Ejecucion_de_Reportes/input_Fecha Terminacion_popupReportetablaParametroReporte0fecha_input"), Fecha()): null

2022-04-29 11:02:46 - [TEST_STEP][PASSED] - today = new java.util.Date(): null

2022-04-29 11:02:46 - [TEST_STEP][PASSED] - Dia = today.format("dd"): null

2022-04-29 11:02:46 - [TEST_STEP][PASSED] - Mes = today.format("MM"): null

2022-04-29 11:02:46 - [TEST_STEP][PASSED] - Año = today.format("yyyy"): null

2022-04-29 11:02:46 - [TEST_STEP][PASSED] - FechaI = Dia + "/" + Mes + "/" + Año: Text '29/04/2022' is set on object 'Object Repository/1-OBJECTS TAREAS PRINCIPALES/Modulo Tarea Sara General/Ejecucion_de_Reportes/input_Fecha Terminacion_popupReportetablaParametroReporte0fecha_input'

2022-04-29 11:02:47 - [MESSAGE][PASSED] - Text '29/04/2022' is set on object 'Object Repository/1-OBJECTS TAREAS PRINCIPALES/Modulo Tarea Sara General/Ejecucion_de_Reportes/input_Fecha Terminacion_popupReportetablaParametroReporte0fecha_input'

2022-04-29 11:02:47 - [TEST_STEP][PASSED] - sendKeys(findTestObject("1-OBJECTS TAREAS PRINCIPALES/Modulo Tarea Sara General/Ejecucion_de_Reportes/input_Fecha Terminacion_popupReportetablaParametroReporte0fecha_input"), Keys.chord(ESCAPE)): Keys 'ESCAPE + ' sent to object: 'Object Repository/1-OBJECTS TAREAS PRINCIPALES/Modulo Tarea Sara General/Ejecucion_de_Reportes/input_Fecha Terminacion_popupReportetablaParametroReporte0fecha_input'

2022-04-29 11:02:47 - [MESSAGE][PASSED] - Keys 'ESCAPE + ' sent to object: 'Object Repository/1-OBJECTS TAREAS PRINCIPALES/Modulo Tarea Sara General/Ejecucion_de_Reportes/input_Fecha Terminacion_popupReportetablaParametroReporte0fecha_input'

2022-04-29 11:02:47 - [TEST_STEP][PASSED] - setText(findTestObject("1-OBJECTS TAREAS PRINCIPALES/Modulo Tarea Sara General/Ejecucion_de_Reportes/input_Estado Texto_popupReportetablaParametroReporte1j_idt1300"), "L"): Text 'L' is set on object 'Object Repository/1-OBJECTS TAREAS PRINCIPALES/Modulo Tarea Sara General/Ejecucion_de_Reportes/input_Estado Texto_popupReportetablaParametroReporte1j_idt1300'

2022-04-29 11:02:48 - [MESSAGE][PASSED] - Text 'L' is set on object 'Object Repository/1-OBJECTS TAREAS PRINCIPALES/Modulo Tarea Sara General/Ejecucion_de_Reportes/input_Estado Texto_popupReportetablaParametroReporte1j_idt1300'

2022-04-29 11:02:48 - [TEST_STEP][PASSED] - setText(findTestObject("1-OBJECTS TAREAS PRINCIPALES/Modulo Tarea Sara General/Ejecucion_de_Reportes/input_Empresa Numero_popupReportetablaParametroReporte2j_idt1302"), "1"): Text '1' is set on object 'Object Repository/1-OBJECTS TAREAS PRINCIPALES/Modulo Tarea Sara General/Ejecucion_de_Reportes/input_Empresa Numero_popupReportetablaParametroReporte2j_idt1302'

2022-04-29 11:02:49 - [MESSAGE][PASSED] - Text '1' is set on object 'Object Repository/1-OBJECTS TAREAS PRINCIPALES/Modulo Tarea Sara General/Ejecucion_de_Reportes/input_Empresa Numero_popupReportetablaParametroReporte2j_idt1302'

2022-04-29 11:02:49 - [TEST_STEP][PASSED] - setText(findTestObject("1-OBJECTS TAREAS PRINCIPALES/Modulo Tarea Sara General/Ejecucion_de_Reportes/input_Empresa Decimal_popupReportetablaParametroReporte3j_idt1303"), "1"): Text '1' is set on object 'Object Repository/1-OBJECTS TAREAS PRINCIPALES/Modulo Tarea Sara General/Ejecucion_de_Reportes/input_Empresa Decimal_popupReportetablaParametroReporte3j_idt1303'

2022-04-29 11:02:50 - [MESSAGE][PASSED] - Text '1' is set on object 'Object Repository/1-OBJECTS TAREAS PRINCIPALES/Modulo Tarea Sara General/Ejecucion_de_Reportes/input_Empresa Decimal_popupReportetablaParametroReporte3j_idt1303'

2022-04-29 11:02:50 - [TEST_STEP][PASSED] - selectOptionByIndex(findTestObject("1-OBJECTS TAREAS PRINCIPALES/Modulo Tarea Sara General/Ejecucion_de_Reportes/select_CALIDADMENSUAL ABCMODELO EMPRESA QUINCENALPANSIONADOSPENSIONADOS BASEPRUEBAS"), "1"): All options with index in [1] are selected on object 'Object Repository/1-OBJECTS TAREAS PRINCIPALES/Modulo Tarea Sara General/Ejecucion_de_Reportes/select_CALIDADMENSUAL ABCMODELO EMPRESA QUINCENALPANSIONADOSPENSIONADOS BASEPRUEBAS'

2022-04-29 11:02:51 - [MESSAGE][PASSED] - All options with index in [1] are selected on object 'Object Repository/1-OBJECTS TAREAS PRINCIPALES/Modulo Tarea Sara General/Ejecucion_de_Reportes/select_CALIDADMENSUAL ABCMODELO EMPRESA QUINCENALPANSIONADOSPENSIONADOS BASEPRUEBAS'

2022-04-29 11:02:51 - [TEST_STEP][PASSED] - click(findTestObject("1-OBJECTS TAREAS PRINCIPALES/Modulo Tarea Sara General/Ejecucion_de_Reportes/span_Excel_ui-radiobutton-icon ui-icon ui-icon-blank ui-c")): Object: 'Object Repository/1-OBJECTS TAREAS PRINCIPALES/Modulo Tarea Sara General/Ejecucion_de_Reportes/span_Excel_ui-radiobutton-icon ui-icon ui-icon-blank ui-c' is clicked on

2022-04-29 11:02:52 - [MESSAGE][PASSED] - Object: 'Object Repository/1-OBJECTS TAREAS PRINCIPALES/Modulo Tarea Sara General/Ejecucion_de_Reportes/span_Excel_ui-radiobutton-icon ui-icon ui-icon-blank ui-c' is clicked on

2022-04-29 11:02:52 - [TEST_STEP][PASSED] - click(findTestObject("1-OBJECTS TAREAS PRINCIPALES/Modulo Tarea Sara General/Ejecucion_de_Reportes/label_Excel")): Object: 'Object Repository/1-OBJECTS TAREAS PRINCIPALES/Modulo Tarea Sara General/Ejecucion_de_Reportes/label_Excel' is clicked on

2022-04-29 11:02:53 - [MESSAGE][PASSED] - Object: 'Object Repository/1-OBJECTS TAREAS PRINCIPALES/Modulo Tarea Sara General/Ejecucion_de_Reportes/label_Excel' is clicked on

2022-04-29 11:02:53 - [TEST_STEP][PASSED] - selectOptionByIndex(findTestObject("1-OBJECTS TAREAS PRINCIPALES/Modulo Tarea Sara General/Ejecucion_de_Reportes/select_Lista Cargo Empresa_popupReportetablaParametroReporte5j_idt1304"), 2): All options with index in [2] are selected on object 'Object Repository/1-OBJECTS TAREAS PRINCIPALES/Modulo Tarea Sara General/Ejecucion_de_Reportes/select_Lista Cargo Empresa_popupReportetablaParametroReporte5j_idt1304'

2022-04-29 11:02:54 - [MESSAGE][PASSED] - All options with index in [2] are selected on object 'Object Repository/1-OBJECTS TAREAS PRINCIPALES/Modulo Tarea Sara General/Ejecucion_de_Reportes/select_Lista Cargo Empresa_popupReportetablaParametroReporte5j_idt1304'

2022-04-29 11:02:54 - [TEST_STEP][PASSED] - sendKeys(findTestObject("1-OBJECTS TAREAS PRINCIPALES/Modulo Tarea Sara General/Ejecucion_de_Reportes/input_Fecha Terminacion_popupReportetablaParametroReporte0fecha_input"), Keys.chord(ESCAPE)): Keys 'ESCAPE + ' sent to object: 'Object Repository/1-OBJECTS TAREAS PRINCIPALES/Modulo Tarea Sara General/Ejecucion_de_Reportes/input_Fecha Terminacion_popupReportetablaParametroReporte0fecha_input'

2022-04-29 11:02:55 - [MESSAGE][PASSED] - Keys 'ESCAPE + ' sent to object: 'Object Repository/1-OBJECTS TAREAS PRINCIPALES/Modulo Tarea Sara General/Ejecucion_de_Reportes/input_Fecha Terminacion_popupReportetablaParametroReporte0fecha_input'

2022-04-29 11:02:55 - [TEST_STEP][PASSED] - click(findTestObject("1-OBJECTS TAREAS PRINCIPALES/Modulo Tarea Sara General/Ejecucion_de_Reportes/span_Descargar_ui-radiobutton-icon ui-icon ui-icon-blank ui-c")): Object: 'Object Repository/1-OBJECTS TAREAS PRINCIPALES/Modulo Tarea Sara General/Ejecucion_de_Reportes/span_Descargar_ui-radiobutton-icon ui-icon ui-icon-blank ui-c' is clicked on

2022-04-29 11:02:55 - [MESSAGE][PASSED] - Object: 'Object Repository/1-OBJECTS TAREAS PRINCIPALES/Modulo Tarea Sara General/Ejecucion_de_Reportes/span_Descargar_ui-radiobutton-icon ui-icon ui-icon-blank ui-c' is clicked on

2022-04-29 11:02:55 - [TEST_STEP][PASSED] - click(findTestObject("1-OBJECTS TAREAS PRINCIPALES/Modulo Tarea Sara General/Ejecucion_de_Reportes/label_Descargar")): Object: 'Object Repository/1-OBJECTS TAREAS PRINCIPALES/Modulo Tarea Sara General/Ejecucion_de_Reportes/label_Descargar' is clicked on

2022-04-29 11:02:56 - [MESSAGE][PASSED] - Object: 'Object Repository/1-OBJECTS TAREAS PRINCIPALES/Modulo Tarea Sara General/Ejecucion_de_Reportes/label_Descargar' is clicked on

2022-04-29 11:02:56 - [TEST_STEP][PASSED] - element = findWebElement(findTestObject("1-OBJECTS TAREAS PRINCIPALES/Modulo Tarea Sara General/Ejecucion_de_Reportes/a_Generar"), 30): null

2022-04-29 11:02:56 - [TEST_STEP][PASSED] - executeJavaScript("arguments[0].click()", Arrays.asList(element)): Execute JavaScript 'arguments[0].click()' successfully

2022-04-29 11:02:56 - [MESSAGE][PASSED] - Execute JavaScript 'arguments[0].click()' successfully

2022-04-29 11:02:56 - [TEST_STEP][PASSED] - getText(findTestObject("1-OBJECTS TAREAS PRINCIPALES/Modulo Tarea Sara General/Ejecucion_de_Reportes/div_El proceso fue ejecutado correctamente")): Text of object 'Object Repository/1-OBJECTS TAREAS PRINCIPALES/Modulo Tarea Sara General/Ejecucion_de_Reportes/div_El proceso fue ejecutado correctamente' is: 'Generando archivo....'

2022-04-29 11:02:57 - [MESSAGE][PASSED] - Text of object 'Object Repository/1-OBJECTS TAREAS PRINCIPALES/Modulo Tarea Sara General/Ejecucion_de_Reportes/div_El proceso fue ejecutado correctamente' is: 'Generando archivo....'

2022-04-29 11:02:57 - [TEST_STEP][PASSED] - click(findTestObject("1-OBJECTS TAREAS PRINCIPALES/Modulo Tarea Sara General/Ejecucion_de_Reportes/a_Continuar")): Object: 'Object Repository/1-OBJECTS TAREAS PRINCIPALES/Modulo Tarea Sara General/Ejecucion_de_Reportes/a_Continuar' is clicked on

2022-04-29 11:03:00 - [MESSAGE][PASSED] - Object: 'Object Repository/1-OBJECTS TAREAS PRINCIPALES/Modulo Tarea Sara General/Ejecucion_de_Reportes/a_Continuar' is clicked on

2022-04-29 11:03:00 - [TEST_STEP][PASSED] - click(findTestObject("1-OBJECTS TAREAS PRINCIPALES/Modulo Tarea Sara General/Ejecucion_de_Reportes/a_Descargar")): Object: 'Object Repository/1-OBJECTS TAREAS PRINCIPALES/Modulo Tarea Sara General/Ejecucion_de_Reportes/a_Descargar' is clicked on

2022-04-29 11:03:01 - [MESSAGE][PASSED] - Object: 'Object Repository/1-OBJECTS TAREAS PRINCIPALES/Modulo Tarea Sara General/Ejecucion_de_Reportes/a_Descargar' is clicked on

2022-04-29 11:03:01 - [TEST_STEP][PASSED] - click(findTestObject("1-OBJECTS TAREAS PRINCIPALES/Modulo Tarea Sara General/Ejecucion_de_Reportes/span_Procedimiento_ui-icon ui-icon-closethick")): Object: 'Object Repository/1-OBJECTS TAREAS PRINCIPALES/Modulo Tarea Sara General/Ejecucion_de_Reportes/span_Procedimiento_ui-icon ui-icon-closethick' is clicked on

2022-04-29 11:03:01 - [MESSAGE][PASSED] - Object: 'Object Repository/1-OBJECTS TAREAS PRINCIPALES/Modulo Tarea Sara General/Ejecucion_de_Reportes/span_Procedimiento_ui-icon ui-icon-closethick' is clicked on

2022-04-29 11:03:01 - [TEST_STEP][PASSED] - click(findTestObject("1-OBJECTS TAREAS PRINCIPALES/Modulo Tarea Sara General/Ejecucion_de_Reportes/a_Ejecutar0")): Object: 'Object Repository/1-OBJECTS TAREAS PRINCIPALES/Modulo Tarea Sara General/Ejecucion_de_Reportes/a_Ejecutar0' is clicked on

2022-04-29 11:03:02 - [MESSAGE][PASSED] - Object: 'Object Repository/1-OBJECTS TAREAS PRINCIPALES/Modulo Tarea Sara General/Ejecucion_de_Reportes/a_Ejecutar0' is clicked on

2022-04-29 11:03:02 - [TEST_STEP][PASSED] - setText(findTestObject("1-OBJECTS TAREAS PRINCIPALES/Modulo Tarea Sara General/Ejecucion_de_Reportes/input_Fecha Terminacion_popupReportetablaParametroReporte0fecha_input"), Fecha()): null

2022-04-29 11:03:02 - [TEST_STEP][PASSED] - today = new java.util.Date(): null

2022-04-29 11:03:02 - [TEST_STEP][PASSED] - Dia = today.format("dd"): null

2022-04-29 11:03:02 - [TEST_STEP][PASSED] - Mes = today.format("MM"): null

2022-04-29 11:03:02 - [TEST_STEP][PASSED] - Año = today.format("yyyy"): null

2022-04-29 11:03:02 - [TEST_STEP][PASSED] - FechaI = Dia + "/" + Mes + "/" + Año: Text '29/04/2022' is set on object 'Object Repository/1-OBJECTS TAREAS PRINCIPALES/Modulo Tarea Sara General/Ejecucion_de_Reportes/input_Fecha Terminacion_popupReportetablaParametroReporte0fecha_input'

2022-04-29 11:03:03 - [MESSAGE][PASSED] - Text '29/04/2022' is set on object 'Object Repository/1-OBJECTS TAREAS PRINCIPALES/Modulo Tarea Sara General/Ejecucion_de_Reportes/input_Fecha Terminacion_popupReportetablaParametroReporte0fecha_input'

2022-04-29 11:03:03 - [TEST_STEP][PASSED] - sendKeys(findTestObject("1-OBJECTS TAREAS PRINCIPALES/Modulo Tarea Sara General/Ejecucion_de_Reportes/input_Fecha Terminacion_popupReportetablaParametroReporte0fecha_input"), Keys.chord(ESCAPE)): Keys 'ESCAPE + ' sent to object: 'Object Repository/1-OBJECTS TAREAS PRINCIPALES/Modulo Tarea Sara General/Ejecucion_de_Reportes/input_Fecha Terminacion_popupReportetablaParametroReporte0fecha_input'

2022-04-29 11:03:03 - [MESSAGE][PASSED] - Keys 'ESCAPE + ' sent to object: 'Object Repository/1-OBJECTS TAREAS PRINCIPALES/Modulo Tarea Sara General/Ejecucion_de_Reportes/input_Fecha Terminacion_popupReportetablaParametroReporte0fecha_input'

2022-04-29 11:03:03 - [TEST_STEP][PASSED] - setText(findTestObject("1-OBJECTS TAREAS PRINCIPALES/Modulo Tarea Sara General/Ejecucion_de_Reportes/input_Estado Texto_popupReportetablaParametroReporte1j_idt1300"), "L"): Text 'L' is set on object 'Object Repository/1-OBJECTS TAREAS PRINCIPALES/Modulo Tarea Sara General/Ejecucion_de_Reportes/input_Estado Texto_popupReportetablaParametroReporte1j_idt1300'

2022-04-29 11:03:04 - [MESSAGE][PASSED] - Text 'L' is set on object 'Object Repository/1-OBJECTS TAREAS PRINCIPALES/Modulo Tarea Sara General/Ejecucion_de_Reportes/input_Estado Texto_popupReportetablaParametroReporte1j_idt1300'

2022-04-29 11:03:04 - [TEST_STEP][PASSED] - setText(findTestObject("1-OBJECTS TAREAS PRINCIPALES/Modulo Tarea Sara General/Ejecucion_de_Reportes/input_Empresa Numero_popupReportetablaParametroReporte2j_idt1302"), "1"): Text '1' is set on object 'Object Repository/1-OBJECTS TAREAS PRINCIPALES/Modulo Tarea Sara General/Ejecucion_de_Reportes/input_Empresa Numero_popupReportetablaParametroReporte2j_idt1302'

2022-04-29 11:03:05 - [MESSAGE][PASSED] - Text '1' is set on object 'Object Repository/1-OBJECTS TAREAS PRINCIPALES/Modulo Tarea Sara General/Ejecucion_de_Reportes/input_Empresa Numero_popupReportetablaParametroReporte2j_idt1302'

2022-04-29 11:03:05 - [TEST_STEP][PASSED] - setText(findTestObject("1-OBJECTS TAREAS PRINCIPALES/Modulo Tarea Sara General/Ejecucion_de_Reportes/input_Empresa Decimal_popupReportetablaParametroReporte3j_idt1303"), "1"): Text '1' is set on object 'Object Repository/1-OBJECTS TAREAS PRINCIPALES/Modulo Tarea Sara General/Ejecucion_de_Reportes/input_Empresa Decimal_popupReportetablaParametroReporte3j_idt1303'

2022-04-29 11:03:06 - [MESSAGE][PASSED] - Text '1' is set on object 'Object Repository/1-OBJECTS TAREAS PRINCIPALES/Modulo Tarea Sara General/Ejecucion_de_Reportes/input_Empresa Decimal_popupReportetablaParametroReporte3j_idt1303'

2022-04-29 11:03:06 - [TEST_STEP][PASSED] - click(findTestObject("1-OBJECTS TAREAS PRINCIPALES/Modulo Tarea Sara General/Ejecucion_de_Reportes/label_Excel")): Object: 'Object Repository/1-OBJECTS TAREAS PRINCIPALES/Modulo Tarea Sara General/Ejecucion_de_Reportes/label_Excel' is clicked on

2022-04-29 11:03:06 - [MESSAGE][PASSED] - Object: 'Object Repository/1-OBJECTS TAREAS PRINCIPALES/Modulo Tarea Sara General/Ejecucion_de_Reportes/label_Excel' is clicked on

2022-04-29 11:03:06 - [TEST_STEP][PASSED] - click(findTestObject("1-OBJECTS TAREAS PRINCIPALES/Modulo Tarea Sara General/Ejecucion_de_Reportes/span_Excel_ui-radiobutton-icon ui-icon ui-icon-blank ui-c")): Object: 'Object Repository/1-OBJECTS TAREAS PRINCIPALES/Modulo Tarea Sara General/Ejecucion_de_Reportes/span_Excel_ui-radiobutton-icon ui-icon ui-icon-blank ui-c' is clicked on

2022-04-29 11:03:07 - [MESSAGE][PASSED] - Object: 'Object Repository/1-OBJECTS TAREAS PRINCIPALES/Modulo Tarea Sara General/Ejecucion_de_Reportes/span_Excel_ui-radiobutton-icon ui-icon ui-icon-blank ui-c' is clicked on

2022-04-29 11:03:07 - [TEST_STEP][PASSED] - sendKeys(findTestObject("1-OBJECTS TAREAS PRINCIPALES/Modulo Tarea Sara General/Ejecucion_de_Reportes/input_Fecha Terminacion_popupReportetablaParametroReporte0fecha_input"), Keys.chord(ESCAPE)): Keys 'ESCAPE + ' sent to object: 'Object Repository/1-OBJECTS TAREAS PRINCIPALES/Modulo Tarea Sara General/Ejecucion_de_Reportes/input_Fecha Terminacion_popupReportetablaParametroReporte0fecha_input'

2022-04-29 11:03:08 - [MESSAGE][PASSED] - Keys 'ESCAPE + ' sent to object: 'Object Repository/1-OBJECTS TAREAS PRINCIPALES/Modulo Tarea Sara General/Ejecucion_de_Reportes/input_Fecha Terminacion_popupReportetablaParametroReporte0fecha_input'

2022-04-29 11:03:08 - [TEST_STEP][PASSED] - click(findTestObject("1-OBJECTS TAREAS PRINCIPALES/Modulo Tarea Sara General/Ejecucion_de_Reportes/span_Descargar_ui-radiobutton-icon ui-icon ui-icon-blank ui-c")): Object: 'Object Repository/1-OBJECTS TAREAS PRINCIPALES/Modulo Tarea Sara General/Ejecucion_de_Reportes/span_Descargar_ui-radiobutton-icon ui-icon ui-icon-blank ui-c' is clicked on

2022-04-29 11:03:08 - [MESSAGE][PASSED] - Object: 'Object Repository/1-OBJECTS TAREAS PRINCIPALES/Modulo Tarea Sara General/Ejecucion_de_Reportes/span_Descargar_ui-radiobutton-icon ui-icon ui-icon-blank ui-c' is clicked on

2022-04-29 11:03:08 - [TEST_STEP][PASSED] - click(findTestObject("1-OBJECTS TAREAS PRINCIPALES/Modulo Tarea Sara General/Ejecucion_de_Reportes/label_Descargar")): Object: 'Object Repository/1-OBJECTS TAREAS PRINCIPALES/Modulo Tarea Sara General/Ejecucion_de_Reportes/label_Descargar' is clicked on

2022-04-29 11:03:09 - [MESSAGE][PASSED] - Object: 'Object Repository/1-OBJECTS TAREAS PRINCIPALES/Modulo Tarea Sara General/Ejecucion_de_Reportes/label_Descargar' is clicked on

2022-04-29 11:03:09 - [TEST_STEP][PASSED] - element0 = findWebElement(findTestObject("1-OBJECTS TAREAS PRINCIPALES/Modulo Tarea Sara General/Ejecucion_de_Reportes/a_Generar"), 30): null

2022-04-29 11:03:09 - [TEST_STEP][PASSED] - executeJavaScript("arguments[0].click()", Arrays.asList(element0)): Execute JavaScript 'arguments[0].click()' successfully

2022-04-29 11:03:09 - [MESSAGE][PASSED] - Execute JavaScript 'arguments[0].click()' successfully

2022-04-29 11:03:09 - [TEST_STEP][PASSED] - getText(findTestObject("1-OBJECTS TAREAS PRINCIPALES/Modulo Tarea Sara General/Ejecucion_de_Reportes/div_El proceso fue ejecutado correctamente")): Text of object 'Object Repository/1-OBJECTS TAREAS PRINCIPALES/Modulo Tarea Sara General/Ejecucion_de_Reportes/div_El proceso fue ejecutado correctamente' is: 'Generando archivo....'

2022-04-29 11:03:10 - [MESSAGE][PASSED] - Text of object 'Object Repository/1-OBJECTS TAREAS PRINCIPALES/Modulo Tarea Sara General/Ejecucion_de_Reportes/div_El proceso fue ejecutado correctamente' is: 'Generando archivo....'

2022-04-29 11:03:10 - [TEST_STEP][PASSED] - click(findTestObject("1-OBJECTS TAREAS PRINCIPALES/Modulo Tarea Sara General/Ejecucion_de_Reportes/a_Continuar")): Object: 'Object Repository/1-OBJECTS TAREAS PRINCIPALES/Modulo Tarea Sara General/Ejecucion_de_Reportes/a_Continuar' is clicked on

2022-04-29 11:03:13 - [MESSAGE][PASSED] - Object: 'Object Repository/1-OBJECTS TAREAS PRINCIPALES/Modulo Tarea Sara General/Ejecucion_de_Reportes/a_Continuar' is clicked on

2022-04-29 11:03:13 - [TEST_STEP][PASSED] - click(findTestObject("1-OBJECTS TAREAS PRINCIPALES/Modulo Tarea Sara General/Ejecucion_de_Reportes/a_Descargar")): Object: 'Object Repository/1-OBJECTS TAREAS PRINCIPALES/Modulo Tarea Sara General/Ejecucion_de_Reportes/a_Descargar' is clicked on

2022-04-29 11:03:14 - [MESSAGE][PASSED] - Object: 'Object Repository/1-OBJECTS TAREAS PRINCIPALES/Modulo Tarea Sara General/Ejecucion_de_Reportes/a_Descargar' is clicked on

2022-04-29 11:03:14 - [TEST_STEP][PASSED] - click(findTestObject("1-OBJECTS TAREAS PRINCIPALES/Modulo Tarea Sara General/Ejecucion_de_Reportes/span_Procedimiento_ui-icon ui-icon-closethick")): Object: 'Object Repository/1-OBJECTS TAREAS PRINCIPALES/Modulo Tarea Sara General/Ejecucion_de_Reportes/span_Procedimiento_ui-icon ui-icon-closethick' is clicked on

2022-04-29 11:03:15 - [MESSAGE][PASSED] - Object: 'Object Repository/1-OBJECTS TAREAS PRINCIPALES/Modulo Tarea Sara General/Ejecucion_de_Reportes/span_Procedimiento_ui-icon ui-icon-closethick' is clicked on

2022-04-29 11:03:15 - [TEST_STEP][PASSED] - switchToWindowIndex(0): Switched to window with index: '0'

2022-04-29 11:03:16 - [MESSAGE][PASSED] - Switched to window with index: '0'

2022-04-29 11:03:16 - [TEST_STEP][PASSED] - click(findTestObject("1-OBJECTS TAREAS PRINCIPALES/Modulo Tarea Sara General/Ejecucion_de_Reportes/a_Ejecutar0")): Object: 'Object Repository/1-OBJECTS TAREAS PRINCIPALES/Modulo Tarea Sara General/Ejecucion_de_Reportes/a_Ejecutar0' is clicked on

2022-04-29 11:03:16 - [MESSAGE][PASSED] - Object: 'Object Repository/1-OBJECTS TAREAS PRINCIPALES/Modulo Tarea Sara General/Ejecucion_de_Reportes/a_Ejecutar0' is clicked on

2022-04-29 11:03:16 - [TEST_STEP][PASSED] - setText(findTestObject("1-OBJECTS TAREAS PRINCIPALES/Modulo Tarea Sara General/Ejecucion_de_Reportes/input_Fecha Terminacion_popupReportetablaParametroReporte0fecha_input"), Fecha()): null

2022-04-29 11:03:16 - [TEST_STEP][PASSED] - today = new java.util.Date(): null

2022-04-29 11:03:16 - [TEST_STEP][PASSED] - Dia = today.format("dd"): null

2022-04-29 11:03:16 - [TEST_STEP][PASSED] - Mes = today.format("MM"): null

2022-04-29 11:03:16 - [TEST_STEP][PASSED] - Año = today.format("yyyy"): null

2022-04-29 11:03:16 - [TEST_STEP][PASSED] - FechaI = Dia + "/" + Mes + "/" + Año: Text '29/04/2022' is set on object 'Object Repository/1-OBJECTS TAREAS PRINCIPALES/Modulo Tarea Sara General/Ejecucion_de_Reportes/input_Fecha Terminacion_popupReportetablaParametroReporte0fecha_input'

2022-04-29 11:03:17 - [MESSAGE][PASSED] - Text '29/04/2022' is set on object 'Object Repository/1-OBJECTS TAREAS PRINCIPALES/Modulo Tarea Sara General/Ejecucion_de_Reportes/input_Fecha Terminacion_popupReportetablaParametroReporte0fecha_input'

2022-04-29 11:03:17 - [TEST_STEP][PASSED] - sendKeys(findTestObject("1-OBJECTS TAREAS PRINCIPALES/Modulo Tarea Sara General/Ejecucion_de_Reportes/input_Fecha Terminacion_popupReportetablaParametroReporte0fecha_input"), Keys.chord(ESCAPE)): Keys 'ESCAPE + ' sent to object: 'Object Repository/1-OBJECTS TAREAS PRINCIPALES/Modulo Tarea Sara General/Ejecucion_de_Reportes/input_Fecha Terminacion_popupReportetablaParametroReporte0fecha_input'

2022-04-29 11:03:18 - [MESSAGE][PASSED] - Keys 'ESCAPE + ' sent to object: 'Object Repository/1-OBJECTS TAREAS PRINCIPALES/Modulo Tarea Sara General/Ejecucion_de_Reportes/input_Fecha Terminacion_popupReportetablaParametroReporte0fecha_input'

2022-04-29 11:03:18 - [TEST_STEP][PASSED] - setText(findTestObject("1-OBJECTS TAREAS PRINCIPALES/Modulo Tarea Sara General/Ejecucion_de_Reportes/input_Estado Texto_popupReportetablaParametroReporte1j_idt1300"), "L"): Text 'L' is set on object 'Object Repository/1-OBJECTS TAREAS PRINCIPALES/Modulo Tarea Sara General/Ejecucion_de_Reportes/input_Estado Texto_popupReportetablaParametroReporte1j_idt1300'

2022-04-29 11:03:19 - [MESSAGE][PASSED] - Text 'L' is set on object 'Object Repository/1-OBJECTS TAREAS PRINCIPALES/Modulo Tarea Sara General/Ejecucion_de_Reportes/input_Estado Texto_popupReportetablaParametroReporte1j_idt1300'

2022-04-29 11:03:19 - [TEST_STEP][PASSED] - setText(findTestObject("1-OBJECTS TAREAS PRINCIPALES/Modulo Tarea Sara General/Ejecucion_de_Reportes/input_Empresa Numero_popupReportetablaParametroReporte2j_idt1302"), "1"): Text '1' is set on object 'Object Repository/1-OBJECTS TAREAS PRINCIPALES/Modulo Tarea Sara General/Ejecucion_de_Reportes/input_Empresa Numero_popupReportetablaParametroReporte2j_idt1302'

2022-04-29 11:03:19 - [MESSAGE][PASSED] - Text '1' is set on object 'Object Repository/1-OBJECTS TAREAS PRINCIPALES/Modulo Tarea Sara General/Ejecucion_de_Reportes/input_Empresa Numero_popupReportetablaParametroReporte2j_idt1302'

2022-04-29 11:03:19 - [TEST_STEP][PASSED] - setText(findTestObject("1-OBJECTS TAREAS PRINCIPALES/Modulo Tarea Sara General/Ejecucion_de_Reportes/input_Empresa Decimal_popupReportetablaParametroReporte3j_idt1303"), "1"): Text '1' is set on object 'Object Repository/1-OBJECTS TAREAS PRINCIPALES/Modulo Tarea Sara General/Ejecucion_de_Reportes/input_Empresa Decimal_popupReportetablaParametroReporte3j_idt1303'

2022-04-29 11:03:20 - [MESSAGE][PASSED] - Text '1' is set on object 'Object Repository/1-OBJECTS TAREAS PRINCIPALES/Modulo Tarea Sara General/Ejecucion_de_Reportes/input_Empresa Decimal_popupReportetablaParametroReporte3j_idt1303'

2022-04-29 11:03:20 - [TEST_STEP][PASSED] - click(findTestObject("1-OBJECTS TAREAS PRINCIPALES/Modulo Tarea Sara General/Ejecucion_de_Reportes/label_Excel")): Object: 'Object Repository/1-OBJECTS TAREAS PRINCIPALES/Modulo Tarea Sara General/Ejecucion_de_Reportes/label_Excel' is clicked on

2022-04-29 11:03:21 - [MESSAGE][PASSED] - Object: 'Object Repository/1-OBJECTS TAREAS PRINCIPALES/Modulo Tarea Sara General/Ejecucion_de_Reportes/label_Excel' is clicked on

2022-04-29 11:03:21 - [TEST_STEP][PASSED] - click(findTestObject("1-OBJECTS TAREAS PRINCIPALES/Modulo Tarea Sara General/Ejecucion_de_Reportes/span_Excel_ui-radiobutton-icon ui-icon ui-icon-blank ui-c")): Object: 'Object Repository/1-OBJECTS TAREAS PRINCIPALES/Modulo Tarea Sara General/Ejecucion_de_Reportes/span_Excel_ui-radiobutton-icon ui-icon ui-icon-blank ui-c' is clicked on

2022-04-29 11:03:21 - [MESSAGE][PASSED] - Object: 'Object Repository/1-OBJECTS TAREAS PRINCIPALES/Modulo Tarea Sara General/Ejecucion_de_Reportes/span_Excel_ui-radiobutton-icon ui-icon ui-icon-blank ui-c' is clicked on

2022-04-29 11:03:21 - [TEST_STEP][PASSED] - sendKeys(findTestObject("1-OBJECTS TAREAS PRINCIPALES/Modulo Tarea Sara General/Ejecucion_de_Reportes/input_Fecha Terminacion_popupReportetablaParametroReporte0fecha_input"), Keys.chord(ESCAPE)): Keys 'ESCAPE + ' sent to object: 'Object Repository/1-OBJECTS TAREAS PRINCIPALES/Modulo Tarea Sara General/Ejecucion_de_Reportes/input_Fecha Terminacion_popupReportetablaParametroReporte0fecha_input'

2022-04-29 11:03:22 - [MESSAGE][PASSED] - Keys 'ESCAPE + ' sent to object: 'Object Repository/1-OBJECTS TAREAS PRINCIPALES/Modulo Tarea Sara General/Ejecucion_de_Reportes/input_Fecha Terminacion_popupReportetablaParametroReporte0fecha_input'

2022-04-29 11:03:22 - [TEST_STEP][PASSED] - click(findTestObject("1-OBJECTS TAREAS PRINCIPALES/Modulo Tarea Sara General/Ejecucion_de_Reportes/span_Descargar_ui-radiobutton-icon ui-icon ui-icon-blank ui-c")): Object: 'Object Repository/1-OBJECTS TAREAS PRINCIPALES/Modulo Tarea Sara General/Ejecucion_de_Reportes/span_Descargar_ui-radiobutton-icon ui-icon ui-icon-blank ui-c' is clicked on

2022-04-29 11:03:23 - [MESSAGE][PASSED] - Object: 'Object Repository/1-OBJECTS TAREAS PRINCIPALES/Modulo Tarea Sara General/Ejecucion_de_Reportes/span_Descargar_ui-radiobutton-icon ui-icon ui-icon-blank ui-c' is clicked on

2022-04-29 11:03:23 - [TEST_STEP][PASSED] - click(findTestObject("1-OBJECTS TAREAS PRINCIPALES/Modulo Tarea Sara General/Ejecucion_de_Reportes/div_Descargar_ui-radiobutton ui-widget")): Object: 'Object Repository/1-OBJECTS TAREAS PRINCIPALES/Modulo Tarea Sara General/Ejecucion_de_Reportes/div_Descargar_ui-radiobutton ui-widget' is clicked on

2022-04-29 11:03:23 - [MESSAGE][PASSED] - Object: 'Object Repository/1-OBJECTS TAREAS PRINCIPALES/Modulo Tarea Sara General/Ejecucion_de_Reportes/div_Descargar_ui-radiobutton ui-widget' is clicked on

2022-04-29 11:03:23 - [TEST_STEP][PASSED] - element2 = findWebElement(findTestObject("1-OBJECTS TAREAS PRINCIPALES/Modulo Tarea Sara General/Ejecucion_de_Reportes/input_Correo_popupReportej_idt1323"), 30): null

2022-04-29 11:03:24 - [TEST_STEP][PASSED] - executeJavaScript("arguments[0].click()", Arrays.asList(element2)): Execute JavaScript 'arguments[0].click()' successfully

2022-04-29 11:03:24 - [MESSAGE][PASSED] - Execute JavaScript 'arguments[0].click()' successfully

2022-04-29 11:03:24 - [TEST_STEP][PASSED] - setText(findTestObject("1-OBJECTS TAREAS PRINCIPALES/Modulo Tarea Sara General/Ejecucion_de_Reportes/input_Correo_popupReportej_idt1323"), RamdomNum() + "noodle@gmail.com"): null

2022-04-29 11:03:24 - [TEST_STEP][PASSED] - random_double = Math.random() * 9999 + 999: null

2022-04-29 11:03:24 - [TEST_STEP][PASSED] - random_double = Math.round(random_double * 1000): null

2022-04-29 11:03:24 - [TEST_STEP][PASSED] - identificacion = toString().replace(".0", ""): Text '7056368noodle@gmail.com' is set on object 'Object Repository/1-OBJECTS TAREAS PRINCIPALES/Modulo Tarea Sara General/Ejecucion_de_Reportes/input_Correo_popupReportej_idt1323'

2022-04-29 11:03:24 - [MESSAGE][PASSED] - Text '7056368noodle@gmail.com' is set on object 'Object Repository/1-OBJECTS TAREAS PRINCIPALES/Modulo Tarea Sara General/Ejecucion_de_Reportes/input_Correo_popupReportej_idt1323'

2022-04-29 11:03:24 - [TEST_STEP][PASSED] - element1 = findWebElement(findTestObject("1-OBJECTS TAREAS PRINCIPALES/Modulo Tarea Sara General/Ejecucion_de_Reportes/a_Enviar"), 30): null

2022-04-29 11:03:25 - [TEST_STEP][PASSED] - executeJavaScript("arguments[0].click()", Arrays.asList(element1)): Execute JavaScript 'arguments[0].click()' successfully

2022-04-29 11:03:25 - [MESSAGE][PASSED] - Execute JavaScript 'arguments[0].click()' successfully

2022-04-29 11:03:25 - [TEST_STEP][PASSED] - getText(findTestObject("1-OBJECTS TAREAS PRINCIPALES/Modulo Tarea Sara General/Ejecucion_de_Reportes/div_Proceso se genera en segundo plano y enviara el correo")): Text of object 'Object Repository/1-OBJECTS TAREAS PRINCIPALES/Modulo Tarea Sara General/Ejecucion_de_Reportes/div_Proceso se genera en segundo plano y enviara el correo' is: 'Proceso se genera en segundo plano y enviara el correo'

2022-04-29 11:03:26 - [MESSAGE][PASSED] - Text of object 'Object Repository/1-OBJECTS TAREAS PRINCIPALES/Modulo Tarea Sara General/Ejecucion_de_Reportes/div_Proceso se genera en segundo plano y enviara el correo' is: 'Proceso se genera en segundo plano y enviara el correo'

2022-04-29 11:03:26 - [TEST_STEP][PASSED] - click(findTestObject("1-OBJECTS TAREAS PRINCIPALES/Modulo Tarea Sara General/Ejecucion_de_Reportes/a_Continuar")): Object: 'Object Repository/1-OBJECTS TAREAS PRINCIPALES/Modulo Tarea Sara General/Ejecucion_de_Reportes/a_Continuar' is clicked on

2022-04-29 11:03:26 - [MESSAGE][PASSED] - Object: 'Object Repository/1-OBJECTS TAREAS PRINCIPALES/Modulo Tarea Sara General/Ejecucion_de_Reportes/a_Continuar' is clicked on

2022-04-29 11:03:26 - [TEST_STEP][PASSED] - click(findTestObject("1-OBJECTS TAREAS PRINCIPALES/Modulo Tarea Sara General/Ejecucion_de_Reportes/a_Ejecutar0")): Object: 'Object Repository/1-OBJECTS TAREAS PRINCIPALES/Modulo Tarea Sara General/Ejecucion_de_Reportes/a_Ejecutar0' is clicked on

2022-04-29 11:03:27 - [MESSAGE][PASSED] - Object: 'Object Repository/1-OBJECTS TAREAS PRINCIPALES/Modulo Tarea Sara General/Ejecucion_de_Reportes/a_Ejecutar0' is clicked on

2022-04-29 11:03:27 - [TEST_STEP][PASSED] - setText(findTestObject("1-OBJECTS TAREAS PRINCIPALES/Modulo Tarea Sara General/Ejecucion_de_Reportes/input_Fecha Terminacion_popupReportetablaParametroReporte0fecha_input"), Fecha()): null

2022-04-29 11:03:27 - [TEST_STEP][PASSED] - today = new java.util.Date(): null

2022-04-29 11:03:27 - [TEST_STEP][PASSED] - Dia = today.format("dd"): null

2022-04-29 11:03:27 - [TEST_STEP][PASSED] - Mes = today.format("MM"): null

2022-04-29 11:03:27 - [TEST_STEP][PASSED] - Año = today.format("yyyy"): null

2022-04-29 11:03:27 - [TEST_STEP][PASSED] - FechaI = Dia + "/" + Mes + "/" + Año: Text '29/04/2022' is set on object 'Object Repository/1-OBJECTS TAREAS PRINCIPALES/Modulo Tarea Sara General/Ejecucion_de_Reportes/input_Fecha Terminacion_popupReportetablaParametroReporte0fecha_input'

2022-04-29 11:03:28 - [MESSAGE][PASSED] - Text '29/04/2022' is set on object 'Object Repository/1-OBJECTS TAREAS PRINCIPALES/Modulo Tarea Sara General/Ejecucion_de_Reportes/input_Fecha Terminacion_popupReportetablaParametroReporte0fecha_input'

2022-04-29 11:03:28 - [TEST_STEP][PASSED] - sendKeys(findTestObject("1-OBJECTS TAREAS PRINCIPALES/Modulo Tarea Sara General/Ejecucion_de_Reportes/input_Fecha Terminacion_popupReportetablaParametroReporte0fecha_input"), Keys.chord(ESCAPE)): Keys 'ESCAPE + ' sent to object: 'Object Repository/1-OBJECTS TAREAS PRINCIPALES/Modulo Tarea Sara General/Ejecucion_de_Reportes/input_Fecha Terminacion_popupReportetablaParametroReporte0fecha_input'

2022-04-29 11:03:28 - [MESSAGE][PASSED] - Keys 'ESCAPE + ' sent to object: 'Object Repository/1-OBJECTS TAREAS PRINCIPALES/Modulo Tarea Sara General/Ejecucion_de_Reportes/input_Fecha Terminacion_popupReportetablaParametroReporte0fecha_input'

2022-04-29 11:03:28 - [TEST_STEP][PASSED] - setText(findTestObject("1-OBJECTS TAREAS PRINCIPALES/Modulo Tarea Sara General/Ejecucion_de_Reportes/input_Estado Texto_popupReportetablaParametroReporte1j_idt1300"), "L"): Text 'L' is set on object 'Object Repository/1-OBJECTS TAREAS PRINCIPALES/Modulo Tarea Sara General/Ejecucion_de_Reportes/input_Estado Texto_popupReportetablaParametroReporte1j_idt1300'

2022-04-29 11:03:29 - [MESSAGE][PASSED] - Text 'L' is set on object 'Object Repository/1-OBJECTS TAREAS PRINCIPALES/Modulo Tarea Sara General/Ejecucion_de_Reportes/input_Estado Texto_popupReportetablaParametroReporte1j_idt1300'

2022-04-29 11:03:29 - [TEST_STEP][PASSED] - setText(findTestObject("1-OBJECTS TAREAS PRINCIPALES/Modulo Tarea Sara General/Ejecucion_de_Reportes/input_Empresa Numero_popupReportetablaParametroReporte2j_idt1302"), "1"): Text '1' is set on object 'Object Repository/1-OBJECTS TAREAS PRINCIPALES/Modulo Tarea Sara General/Ejecucion_de_Reportes/input_Empresa Numero_popupReportetablaParametroReporte2j_idt1302'

2022-04-29 11:03:30 - [MESSAGE][PASSED] - Text '1' is set on object 'Object Repository/1-OBJECTS TAREAS PRINCIPALES/Modulo Tarea Sara General/Ejecucion_de_Reportes/input_Empresa Numero_popupReportetablaParametroReporte2j_idt1302'

2022-04-29 11:03:30 - [TEST_STEP][PASSED] - setText(findTestObject("1-OBJECTS TAREAS PRINCIPALES/Modulo Tarea Sara General/Ejecucion_de_Reportes/input_Empresa Decimal_popupReportetablaParametroReporte3j_idt1303"), "1"): Text '1' is set on object 'Object Repository/1-OBJECTS TAREAS PRINCIPALES/Modulo Tarea Sara General/Ejecucion_de_Reportes/input_Empresa Decimal_popupReportetablaParametroReporte3j_idt1303'

2022-04-29 11:03:31 - [MESSAGE][PASSED] - Text '1' is set on object 'Object Repository/1-OBJECTS TAREAS PRINCIPALES/Modulo Tarea Sara General/Ejecucion_de_Reportes/input_Empresa Decimal_popupReportetablaParametroReporte3j_idt1303'

2022-04-29 11:03:31 - [TEST_STEP][PASSED] - click(findTestObject("1-OBJECTS TAREAS PRINCIPALES/Modulo Tarea Sara General/Ejecucion_de_Reportes/label_Excel")): Object: 'Object Repository/1-OBJECTS TAREAS PRINCIPALES/Modulo Tarea Sara General/Ejecucion_de_Reportes/label_Excel' is clicked on

2022-04-29 11:03:31 - [MESSAGE][PASSED] - Object: 'Object Repository/1-OBJECTS TAREAS PRINCIPALES/Modulo Tarea Sara General/Ejecucion_de_Reportes/label_Excel' is clicked on

2022-04-29 11:03:31 - [TEST_STEP][PASSED] - click(findTestObject("1-OBJECTS TAREAS PRINCIPALES/Modulo Tarea Sara General/Ejecucion_de_Reportes/span_Excel_ui-radiobutton-icon ui-icon ui-icon-blank ui-c")): Object: 'Object Repository/1-OBJECTS TAREAS PRINCIPALES/Modulo Tarea Sara General/Ejecucion_de_Reportes/span_Excel_ui-radiobutton-icon ui-icon ui-icon-blank ui-c' is clicked on

2022-04-29 11:03:32 - [MESSAGE][PASSED] - Object: 'Object Repository/1-OBJECTS TAREAS PRINCIPALES/Modulo Tarea Sara General/Ejecucion_de_Reportes/span_Excel_ui-radiobutton-icon ui-icon ui-icon-blank ui-c' is clicked on

2022-04-29 11:03:32 - [TEST_STEP][PASSED] - sendKeys(findTestObject("1-OBJECTS TAREAS PRINCIPALES/Modulo Tarea Sara General/Ejecucion_de_Reportes/input_Fecha Terminacion_popupReportetablaParametroReporte0fecha_input"), Keys.chord(ESCAPE)): Keys 'ESCAPE + ' sent to object: 'Object Repository/1-OBJECTS TAREAS PRINCIPALES/Modulo Tarea Sara General/Ejecucion_de_Reportes/input_Fecha Terminacion_popupReportetablaParametroReporte0fecha_input'

2022-04-29 11:03:33 - [MESSAGE][PASSED] - Keys 'ESCAPE + ' sent to object: 'Object Repository/1-OBJECTS TAREAS PRINCIPALES/Modulo Tarea Sara General/Ejecucion_de_Reportes/input_Fecha Terminacion_popupReportetablaParametroReporte0fecha_input'

2022-04-29 11:03:33 - [TEST_STEP][PASSED] - click(findTestObject("1-OBJECTS TAREAS PRINCIPALES/Modulo Tarea Sara General/Ejecucion_de_Reportes/span_Descargar_ui-radiobutton-icon ui-icon ui-icon-blank ui-c")): Object: 'Object Repository/1-OBJECTS TAREAS PRINCIPALES/Modulo Tarea Sara General/Ejecucion_de_Reportes/span_Descargar_ui-radiobutton-icon ui-icon ui-icon-blank ui-c' is clicked on

2022-04-29 11:03:33 - [MESSAGE][PASSED] - Object: 'Object Repository/1-OBJECTS TAREAS PRINCIPALES/Modulo Tarea Sara General/Ejecucion_de_Reportes/span_Descargar_ui-radiobutton-icon ui-icon ui-icon-blank ui-c' is clicked on

2022-04-29 11:03:33 - [TEST_STEP][PASSED] - click(findTestObject("1-OBJECTS TAREAS PRINCIPALES/Modulo Tarea Sara General/Ejecucion_de_Reportes/div_Descargar_ui-radiobutton ui-widget")): Object: 'Object Repository/1-OBJECTS TAREAS PRINCIPALES/Modulo Tarea Sara General/Ejecucion_de_Reportes/div_Descargar_ui-radiobutton ui-widget' is clicked on

2022-04-29 11:03:34 - [MESSAGE][PASSED] - Object: 'Object Repository/1-OBJECTS TAREAS PRINCIPALES/Modulo Tarea Sara General/Ejecucion_de_Reportes/div_Descargar_ui-radiobutton ui-widget' is clicked on

2022-04-29 11:03:34 - [TEST_STEP][PASSED] - selectOptionByIndex(findTestObject("1-OBJECTS TAREAS PRINCIPALES/Modulo Tarea Sara General/Ejecucion_de_Reportes/select_CALIDADMENSUAL ABCMODELO EMPRESA QUINCENALPANSIONADOSPENSIONADOS BASEPRUEBAS"), 1): All options with index in [1] are selected on object 'Object Repository/1-OBJECTS TAREAS PRINCIPALES/Modulo Tarea Sara General/Ejecucion_de_Reportes/select_CALIDADMENSUAL ABCMODELO EMPRESA QUINCENALPANSIONADOSPENSIONADOS BASEPRUEBAS'

2022-04-29 11:03:35 - [MESSAGE][PASSED] - All options with index in [1] are selected on object 'Object Repository/1-OBJECTS TAREAS PRINCIPALES/Modulo Tarea Sara General/Ejecucion_de_Reportes/select_CALIDADMENSUAL ABCMODELO EMPRESA QUINCENALPANSIONADOSPENSIONADOS BASEPRUEBAS'

2022-04-29 11:03:35 - [TEST_STEP][PASSED] - click(findTestObject("1-OBJECTS TAREAS PRINCIPALES/Modulo Tarea Sara General/Ejecucion_de_Reportes/span_Generar_ui-radiobutton-icon ui-icon ui-icon-blank ui-c")): Object: 'Object Repository/1-OBJECTS TAREAS PRINCIPALES/Modulo Tarea Sara General/Ejecucion_de_Reportes/span_Generar_ui-radiobutton-icon ui-icon ui-icon-blank ui-c' is clicked on

2022-04-29 11:03:35 - [MESSAGE][PASSED] - Object: 'Object Repository/1-OBJECTS TAREAS PRINCIPALES/Modulo Tarea Sara General/Ejecucion_de_Reportes/span_Generar_ui-radiobutton-icon ui-icon ui-icon-blank ui-c' is clicked on

2022-04-29 11:03:35 - [TEST_STEP][PASSED] - click(findTestObject("1-OBJECTS TAREAS PRINCIPALES/Modulo Tarea Sara General/Ejecucion_de_Reportes/div_Excel_ui-radiobutton-box ui-widget ui-corner-all ui-state-default ui-state-active ui-state-hover")): Object: 'Object Repository/1-OBJECTS TAREAS PRINCIPALES/Modulo Tarea Sara General/Ejecucion_de_Reportes/div_Excel_ui-radiobutton-box ui-widget ui-corner-all ui-state-default ui-state-active ui-state-hover' is clicked on

2022-04-29 11:03:36 - [MESSAGE][PASSED] - Object: 'Object Repository/1-OBJECTS TAREAS PRINCIPALES/Modulo Tarea Sara General/Ejecucion_de_Reportes/div_Excel_ui-radiobutton-box ui-widget ui-corner-all ui-state-default ui-state-active ui-state-hover' is clicked on

2022-04-29 11:03:36 - [TEST_STEP][PASSED] - selectOptionByIndex(findTestObject("1-OBJECTS TAREAS PRINCIPALES/Modulo Tarea Sara General/Ejecucion_de_Reportes/select_40 MIL STAFF (20145   )ABOGADO (20139   )ABOGADO JUNIOR (20117   )"), "2"): All options with index in [2] are selected on object 'Object Repository/1-OBJECTS TAREAS PRINCIPALES/Modulo Tarea Sara General/Ejecucion_de_Reportes/select_40 MIL STAFF (20145   )ABOGADO (20139   )ABOGADO JUNIOR (20117   )'

2022-04-29 11:03:38 - [MESSAGE][PASSED] - All options with index in [2] are selected on object 'Object Repository/1-OBJECTS TAREAS PRINCIPALES/Modulo Tarea Sara General/Ejecucion_de_Reportes/select_40 MIL STAFF (20145   )ABOGADO (20139   )ABOGADO JUNIOR (20117   )'

2022-04-29 11:03:38 - [TEST_STEP][PASSED] - click(findTestObject("1-OBJECTS TAREAS PRINCIPALES/Modulo Tarea Sara General/Ejecucion_de_Reportes/span_Enviar correo_ui-radiobutton-icon ui-icon ui-icon-blank ui-c")): Object: 'Object Repository/1-OBJECTS TAREAS PRINCIPALES/Modulo Tarea Sara General/Ejecucion_de_Reportes/span_Enviar correo_ui-radiobutton-icon ui-icon ui-icon-blank ui-c' is clicked on

2022-04-29 11:03:38 - [MESSAGE][PASSED] - Object: 'Object Repository/1-OBJECTS TAREAS PRINCIPALES/Modulo Tarea Sara General/Ejecucion_de_Reportes/span_Enviar correo_ui-radiobutton-icon ui-icon ui-icon-blank ui-c' is clicked on

2022-04-29 11:03:38 - [TEST_STEP][PASSED] - element3 = findWebElement(findTestObject("1-OBJECTS TAREAS PRINCIPALES/Modulo Tarea Sara General/Ejecucion_de_Reportes/a_Boton_Publicar"), 30): null

2022-04-29 11:03:39 - [TEST_STEP][PASSED] - executeJavaScript("arguments[0].click()", Arrays.asList(element3)): Execute JavaScript 'arguments[0].click()' successfully

2022-04-29 11:03:39 - [MESSAGE][PASSED] - Execute JavaScript 'arguments[0].click()' successfully

2022-04-29 11:03:39 - [TEST_STEP][PASSED] - click(findTestObject("1-OBJECTS TAREAS PRINCIPALES/Modulo Tarea Sara General/Ejecucion_de_Reportes/a_Continuar")): Object: 'Object Repository/1-OBJECTS TAREAS PRINCIPALES/Modulo Tarea Sara General/Ejecucion_de_Reportes/a_Continuar' is clicked on

2022-04-29 11:03:40 - [MESSAGE][PASSED] - Object: 'Object Repository/1-OBJECTS TAREAS PRINCIPALES/Modulo Tarea Sara General/Ejecucion_de_Reportes/a_Continuar' is clicked on

2022-04-29 11:03:40 - [TEST_STEP][PASSED] - click(findTestObject("1-OBJECTS TAREAS PRINCIPALES/Modulo Tarea Sara General/Ejecucion_de_Reportes/div_Regresar")): Object: 'Object Repository/1-OBJECTS TAREAS PRINCIPALES/Modulo Tarea Sara General/Ejecucion_de_Reportes/div_Regresar' is clicked on

2022-04-29 11:03:40 - [MESSAGE][PASSED] - Object: 'Object Repository/1-OBJECTS TAREAS PRINCIPALES/Modulo Tarea Sara General/Ejecucion_de_Reportes/div_Regresar' is clicked on

2022-04-29 11:03:40 - [TEST_STEP][PASSED] - click(findTestObject("1-OBJECTS TAREAS PRINCIPALES/Modulo Tarea Sara General/Ejecucion_de_Reportes/td_Reporte dinamico Prueba Katalon")): Object: 'Object Repository/1-OBJECTS TAREAS PRINCIPALES/Modulo Tarea Sara General/Ejecucion_de_Reportes/td_Reporte dinamico Prueba Katalon' is clicked on

2022-04-29 11:03:41 - [MESSAGE][PASSED] - Object: 'Object Repository/1-OBJECTS TAREAS PRINCIPALES/Modulo Tarea Sara General/Ejecucion_de_Reportes/td_Reporte dinamico Prueba Katalon' is clicked on

2022-04-29 11:03:41 - [TEST_STEP][PASSED] - click(findTestObject("1-OBJECTS TAREAS PRINCIPALES/Modulo Tarea Sara General/Ejecucion_de_Reportes/a_Ejecutar0")): Object: 'Object Repository/1-OBJECTS TAREAS PRINCIPALES/Modulo Tarea Sara General/Ejecucion_de_Reportes/a_Ejecutar0' is clicked on

2022-04-29 11:03:42 - [MESSAGE][PASSED] - Object: 'Object Repository/1-OBJECTS TAREAS PRINCIPALES/Modulo Tarea Sara General/Ejecucion_de_Reportes/a_Ejecutar0' is clicked on

2022-04-29 11:03:42 - [TEST_STEP][PASSED] - click(findTestObject("1-OBJECTS TAREAS PRINCIPALES/Modulo Tarea Sara General/Ejecucion_de_Reportes/span_Que desea hacer_ui-radiobutton-icon ui-icon ui-icon-blank ui-c0")): Object: 'Object Repository/1-OBJECTS TAREAS PRINCIPALES/Modulo Tarea Sara General/Ejecucion_de_Reportes/span_Que desea hacer_ui-radiobutton-icon ui-icon ui-icon-blank ui-c0' is clicked on

2022-04-29 11:03:42 - [MESSAGE][PASSED] - Object: 'Object Repository/1-OBJECTS TAREAS PRINCIPALES/Modulo Tarea Sara General/Ejecucion_de_Reportes/span_Que desea hacer_ui-radiobutton-icon ui-icon ui-icon-blank ui-c0' is clicked on

2022-04-29 11:03:42 - [TEST_STEP][PASSED] - click(findTestObject("1-OBJECTS TAREAS PRINCIPALES/Modulo Tarea Sara General/Ejecucion_de_Reportes/a_Generar")): Object: 'Object Repository/1-OBJECTS TAREAS PRINCIPALES/Modulo Tarea Sara General/Ejecucion_de_Reportes/a_Generar' is clicked on

2022-04-29 11:03:43 - [MESSAGE][PASSED] - Object: 'Object Repository/1-OBJECTS TAREAS PRINCIPALES/Modulo Tarea Sara General/Ejecucion_de_Reportes/a_Generar' is clicked on

2022-04-29 11:03:43 - [TEST_STEP][PASSED] - click(findTestObject("1-OBJECTS TAREAS PRINCIPALES/Modulo Tarea Sara General/Ejecucion_de_Reportes/a_Continuar")): Object: 'Object Repository/1-OBJECTS TAREAS PRINCIPALES/Modulo Tarea Sara General/Ejecucion_de_Reportes/a_Continuar' is clicked on

2022-04-29 11:03:47 - [MESSAGE][PASSED] - Object: 'Object Repository/1-OBJECTS TAREAS PRINCIPALES/Modulo Tarea Sara General/Ejecucion_de_Reportes/a_Continuar' is clicked on

2022-04-29 11:03:47 - [TEST_STEP][PASSED] - click(findTestObject("1-OBJECTS TAREAS PRINCIPALES/Modulo Tarea Sara General/Ejecucion_de_Reportes/a_Descargar")): Object: 'Object Repository/1-OBJECTS TAREAS PRINCIPALES/Modulo Tarea Sara General/Ejecucion_de_Reportes/a_Descargar' is clicked on

2022-04-29 11:03:47 - [MESSAGE][PASSED] - Object: 'Object Repository/1-OBJECTS TAREAS PRINCIPALES/Modulo Tarea Sara General/Ejecucion_de_Reportes/a_Descargar' is clicked on

2022-04-29 11:03:47 - [TEST_STEP][PASSED] - switchToWindowTitle("SARA"): Switched to window with title: 'SARA'

2022-04-29 11:03:47 - [MESSAGE][PASSED] - Switched to window with title: 'SARA'

2022-04-29 11:03:47 - [TEST_STEP][PASSED] - click(findTestObject("1-OBJECTS TAREAS PRINCIPALES/Modulo Tarea Sara General/Ejecucion_de_Reportes/a_Cerrar popup")): Object: 'Object Repository/1-OBJECTS TAREAS PRINCIPALES/Modulo Tarea Sara General/Ejecucion_de_Reportes/a_Cerrar popup' is clicked on

2022-04-29 11:03:48 - [MESSAGE][PASSED] - Object: 'Object Repository/1-OBJECTS TAREAS PRINCIPALES/Modulo Tarea Sara General/Ejecucion_de_Reportes/a_Cerrar popup' is clicked on

2022-04-29 11:03:48 - [TEST_STEP][PASSED] - click(findTestObject("1-OBJECTS TAREAS PRINCIPALES/Modulo Tarea Sara General/Ejecucion_de_Reportes/a_Ejecutar0")): Object: 'Object Repository/1-OBJECTS TAREAS PRINCIPALES/Modulo Tarea Sara General/Ejecucion_de_Reportes/a_Ejecutar0' is clicked on

2022-04-29 11:03:49 - [MESSAGE][PASSED] - Object: 'Object Repository/1-OBJECTS TAREAS PRINCIPALES/Modulo Tarea Sara General/Ejecucion_de_Reportes/a_Ejecutar0' is clicked on

2022-04-29 11:03:49 - [TEST_STEP][PASSED] - click(findTestObject("1-OBJECTS TAREAS PRINCIPALES/Modulo Tarea Sara General/Ejecucion_de_Reportes/td_Enviar correo")): Object: 'Object Repository/1-OBJECTS TAREAS PRINCIPALES/Modulo Tarea Sara General/Ejecucion_de_Reportes/td_Enviar correo' is clicked on

2022-04-29 11:03:49 - [MESSAGE][PASSED] - Object: 'Object Repository/1-OBJECTS TAREAS PRINCIPALES/Modulo Tarea Sara General/Ejecucion_de_Reportes/td_Enviar correo' is clicked on

2022-04-29 11:03:49 - [TEST_STEP][PASSED] - setText(findTestObject("1-OBJECTS TAREAS PRINCIPALES/Modulo Tarea Sara General/Ejecucion_de_Reportes/input_Correo_popupReportej_idt13230"), RamdomNum() + "noodle@gmail.com"): null

2022-04-29 11:03:50 - [TEST_STEP][PASSED] - random_double = Math.random() * 9999 + 999: null

2022-04-29 11:03:50 - [TEST_STEP][PASSED] - random_double = Math.round(random_double * 1000): null

2022-04-29 11:03:50 - [TEST_STEP][PASSED] - identificacion = toString().replace(".0", ""): Text '2521059noodle@gmail.com' is set on object 'Object Repository/1-OBJECTS TAREAS PRINCIPALES/Modulo Tarea Sara General/Ejecucion_de_Reportes/input_Correo_popupReportej_idt13230'

2022-04-29 11:03:51 - [MESSAGE][PASSED] - Text '2521059noodle@gmail.com' is set on object 'Object Repository/1-OBJECTS TAREAS PRINCIPALES/Modulo Tarea Sara General/Ejecucion_de_Reportes/input_Correo_popupReportej_idt13230'

2022-04-29 11:03:51 - [TEST_STEP][PASSED] - click(findTestObject("1-OBJECTS TAREAS PRINCIPALES/Modulo Tarea Sara General/Ejecucion_de_Reportes/a_Enviar")): Object: 'Object Repository/1-OBJECTS TAREAS PRINCIPALES/Modulo Tarea Sara General/Ejecucion_de_Reportes/a_Enviar' is clicked on

2022-04-29 11:03:51 - [MESSAGE][PASSED] - Object: 'Object Repository/1-OBJECTS TAREAS PRINCIPALES/Modulo Tarea Sara General/Ejecucion_de_Reportes/a_Enviar' is clicked on

2022-04-29 11:03:51 - [TEST_STEP][PASSED] - click(findTestObject("1-OBJECTS TAREAS PRINCIPALES/Modulo Tarea Sara General/Ejecucion_de_Reportes/a_Continuar")): Object: 'Object Repository/1-OBJECTS TAREAS PRINCIPALES/Modulo Tarea Sara General/Ejecucion_de_Reportes/a_Continuar' is clicked on

2022-04-29 11:03:52 - [MESSAGE][PASSED] - Object: 'Object Repository/1-OBJECTS TAREAS PRINCIPALES/Modulo Tarea Sara General/Ejecucion_de_Reportes/a_Continuar' is clicked on

2022-04-29 11:03:52 - [TEST_STEP][PASSED] - click(findTestObject("1-OBJECTS TAREAS PRINCIPALES/Modulo Tarea Sara General/Ejecucion_de_Reportes/div_Regresar")): Object: 'Object Repository/1-OBJECTS TAREAS PRINCIPALES/Modulo Tarea Sara General/Ejecucion_de_Reportes/div_Regresar' is clicked on

2022-04-29 11:03:52 - [MESSAGE][PASSED] - Object: 'Object Repository/1-OBJECTS TAREAS PRINCIPALES/Modulo Tarea Sara General/Ejecucion_de_Reportes/div_Regresar' is clicked on

2022-04-29 11:03:52 - [TEST_STEP][PASSED] - setText(findTestObject("1-OBJECTS TAREAS PRINCIPALES/Modulo Tarea Sara General/Ejecucion_de_Reportes/input_Parmetros_listaReporteFormj_idt64"), "xlsm"): Text 'xlsm' is set on object 'Object Repository/1-OBJECTS TAREAS PRINCIPALES/Modulo Tarea Sara General/Ejecucion_de_Reportes/input_Parmetros_listaReporteFormj_idt64'

2022-04-29 11:03:54 - [MESSAGE][PASSED] - Text 'xlsm' is set on object 'Object Repository/1-OBJECTS TAREAS PRINCIPALES/Modulo Tarea Sara General/Ejecucion_de_Reportes/input_Parmetros_listaReporteFormj_idt64'

2022-04-29 11:03:54 - [TEST_STEP][PASSED] - sendKeys(findTestObject("1-OBJECTS TAREAS PRINCIPALES/Modulo Tarea Sara General/Ejecucion_de_Reportes/input_Parmetros_listaReporteFormj_idt64"), Keys.chord(ENTER)): Keys 'ENTER + ' sent to object: 'Object Repository/1-OBJECTS TAREAS PRINCIPALES/Modulo Tarea Sara General/Ejecucion_de_Reportes/input_Parmetros_listaReporteFormj_idt64'

2022-04-29 11:03:54 - [MESSAGE][PASSED] - Keys 'ENTER + ' sent to object: 'Object Repository/1-OBJECTS TAREAS PRINCIPALES/Modulo Tarea Sara General/Ejecucion_de_Reportes/input_Parmetros_listaReporteFormj_idt64'

2022-04-29 11:03:54 - [TEST_STEP][PASSED] - click(findTestObject("1-OBJECTS TAREAS PRINCIPALES/Modulo Tarea Sara General/Ejecucion_de_Reportes/td_columnario xlsm SAGE-000608")): Object: 'Object Repository/1-OBJECTS TAREAS PRINCIPALES/Modulo Tarea Sara General/Ejecucion_de_Reportes/td_columnario xlsm SAGE-000608' is clicked on

2022-04-29 11:03:55 - [MESSAGE][PASSED] - Object: 'Object Repository/1-OBJECTS TAREAS PRINCIPALES/Modulo Tarea Sara General/Ejecucion_de_Reportes/td_columnario xlsm SAGE-000608' is clicked on

2022-04-29 11:03:55 - [TEST_STEP][PASSED] - click(findTestObject("1-OBJECTS TAREAS PRINCIPALES/Modulo Tarea Sara General/Ejecucion_de_Reportes/a_Ejecutar0")): Object: 'Object Repository/1-OBJECTS TAREAS PRINCIPALES/Modulo Tarea Sara General/Ejecucion_de_Reportes/a_Ejecutar0' is clicked on

2022-04-29 11:03:56 - [MESSAGE][PASSED] - Object: 'Object Repository/1-OBJECTS TAREAS PRINCIPALES/Modulo Tarea Sara General/Ejecucion_de_Reportes/a_Ejecutar0' is clicked on

2022-04-29 11:03:56 - [TEST_STEP][PASSED] - click(findTestObject("1-OBJECTS TAREAS PRINCIPALES/Modulo Tarea Sara General/Ejecucion_de_Reportes/div_Que desea hacer_ui-radiobutton-box ui-widget ui-corner-all ui-state-default ui-state-active ui-state-hover")): Object: 'Object Repository/1-OBJECTS TAREAS PRINCIPALES/Modulo Tarea Sara General/Ejecucion_de_Reportes/div_Que desea hacer_ui-radiobutton-box ui-widget ui-corner-all ui-state-default ui-state-active ui-state-hover' is clicked on

2022-04-29 11:03:56 - [MESSAGE][PASSED] - Object: 'Object Repository/1-OBJECTS TAREAS PRINCIPALES/Modulo Tarea Sara General/Ejecucion_de_Reportes/div_Que desea hacer_ui-radiobutton-box ui-widget ui-corner-all ui-state-default ui-state-active ui-state-hover' is clicked on

2022-04-29 11:03:56 - [TEST_STEP][PASSED] - click(findTestObject("1-OBJECTS TAREAS PRINCIPALES/Modulo Tarea Sara General/Ejecucion_de_Reportes/a_Generar")): Object: 'Object Repository/1-OBJECTS TAREAS PRINCIPALES/Modulo Tarea Sara General/Ejecucion_de_Reportes/a_Generar' is clicked on

2022-04-29 11:03:57 - [MESSAGE][PASSED] - Object: 'Object Repository/1-OBJECTS TAREAS PRINCIPALES/Modulo Tarea Sara General/Ejecucion_de_Reportes/a_Generar' is clicked on

2022-04-29 11:03:57 - [TEST_STEP][PASSED] - click(findTestObject("1-OBJECTS TAREAS PRINCIPALES/Modulo Tarea Sara General/Ejecucion_de_Reportes/a_Continuar")): Object: 'Object Repository/1-OBJECTS TAREAS PRINCIPALES/Modulo Tarea Sara General/Ejecucion_de_Reportes/a_Continuar' is clicked on

2022-04-29 11:04:06 - [MESSAGE][PASSED] - Object: 'Object Repository/1-OBJECTS TAREAS PRINCIPALES/Modulo Tarea Sara General/Ejecucion_de_Reportes/a_Continuar' is clicked on

2022-04-29 11:04:06 - [TEST_STEP][PASSED] - click(findTestObject("1-OBJECTS TAREAS PRINCIPALES/Modulo Tarea Sara General/Ejecucion_de_Reportes/a_Descargar")): Object: 'Object Repository/1-OBJECTS TAREAS PRINCIPALES/Modulo Tarea Sara General/Ejecucion_de_Reportes/a_Descargar' is clicked on

2022-04-29 11:04:06 - [MESSAGE][PASSED] - Object: 'Object Repository/1-OBJECTS TAREAS PRINCIPALES/Modulo Tarea Sara General/Ejecucion_de_Reportes/a_Descargar' is clicked on

2022-04-29 11:04:06 - [TEST_STEP][PASSED] - switchToWindowTitle("SARA"): Switched to window with title: 'SARA'

2022-04-29 11:04:06 - [MESSAGE][PASSED] - Switched to window with title: 'SARA'

2022-04-29 11:04:06 - [TEST_STEP][PASSED] - click(findTestObject("1-OBJECTS TAREAS PRINCIPALES/Modulo Tarea Sara General/Ejecucion_de_Reportes/a_Cerrar popup")): Object: 'Object Repository/1-OBJECTS TAREAS PRINCIPALES/Modulo Tarea Sara General/Ejecucion_de_Reportes/a_Cerrar popup' is clicked on

2022-04-29 11:04:07 - [MESSAGE][PASSED] - Object: 'Object Repository/1-OBJECTS TAREAS PRINCIPALES/Modulo Tarea Sara General/Ejecucion_de_Reportes/a_Cerrar popup' is clicked on

2022-04-29 11:04:07 - [TEST_STEP][PASSED] - click(findTestObject("1-OBJECTS TAREAS PRINCIPALES/Modulo Tarea Sara General/Ejecucion_de_Reportes/a_Ejecutar0")): Object: 'Object Repository/1-OBJECTS TAREAS PRINCIPALES/Modulo Tarea Sara General/Ejecucion_de_Reportes/a_Ejecutar0' is clicked on

2022-04-29 11:04:07 - [MESSAGE][PASSED] - Object: 'Object Repository/1-OBJECTS TAREAS PRINCIPALES/Modulo Tarea Sara General/Ejecucion_de_Reportes/a_Ejecutar0' is clicked on

2022-04-29 11:04:07 - [TEST_STEP][PASSED] - click(findTestObject("1-OBJECTS TAREAS PRINCIPALES/Modulo Tarea Sara General/Ejecucion_de_Reportes/div_Descargar_ui-radiobutton-box ui-widget ui-corner-all ui-state-default ui-state-active ui-state-hover")): Object: 'Object Repository/1-OBJECTS TAREAS PRINCIPALES/Modulo Tarea Sara General/Ejecucion_de_Reportes/div_Descargar_ui-radiobutton-box ui-widget ui-corner-all ui-state-default ui-state-active ui-state-hover' is clicked on

2022-04-29 11:04:08 - [MESSAGE][PASSED] - Object: 'Object Repository/1-OBJECTS TAREAS PRINCIPALES/Modulo Tarea Sara General/Ejecucion_de_Reportes/div_Descargar_ui-radiobutton-box ui-widget ui-corner-all ui-state-default ui-state-active ui-state-hover' is clicked on

2022-04-29 11:04:08 - [TEST_STEP][PASSED] - setText(findTestObject("1-OBJECTS TAREAS PRINCIPALES/Modulo Tarea Sara General/Ejecucion_de_Reportes/input_Correo_popupReportej_idt13231"), RamdomNum() + "noodle@gmail.com"): null

2022-04-29 11:04:08 - [TEST_STEP][PASSED] - random_double = Math.random() * 9999 + 999: null

2022-04-29 11:04:08 - [TEST_STEP][PASSED] - random_double = Math.round(random_double * 1000): null

2022-04-29 11:04:08 - [TEST_STEP][PASSED] - identificacion = toString().replace(".0", ""): Text '8291523noodle@gmail.com' is set on object 'Object Repository/1-OBJECTS TAREAS PRINCIPALES/Modulo Tarea Sara General/Ejecucion_de_Reportes/input_Correo_popupReportej_idt13231'

2022-04-29 11:04:09 - [MESSAGE][PASSED] - Text '8291523noodle@gmail.com' is set on object 'Object Repository/1-OBJECTS TAREAS PRINCIPALES/Modulo Tarea Sara General/Ejecucion_de_Reportes/input_Correo_popupReportej_idt13231'

2022-04-29 11:04:09 - [TEST_STEP][PASSED] - click(findTestObject("1-OBJECTS TAREAS PRINCIPALES/Modulo Tarea Sara General/Ejecucion_de_Reportes/a_Enviar")): Object: 'Object Repository/1-OBJECTS TAREAS PRINCIPALES/Modulo Tarea Sara General/Ejecucion_de_Reportes/a_Enviar' is clicked on

2022-04-29 11:04:10 - [MESSAGE][PASSED] - Object: 'Object Repository/1-OBJECTS TAREAS PRINCIPALES/Modulo Tarea Sara General/Ejecucion_de_Reportes/a_Enviar' is clicked on

2022-04-29 11:04:10 - [TEST_STEP][PASSED] - click(findTestObject("1-OBJECTS TAREAS PRINCIPALES/Modulo Tarea Sara General/Ejecucion_de_Reportes/a_Continuar")): Object: 'Object Repository/1-OBJECTS TAREAS PRINCIPALES/Modulo Tarea Sara General/Ejecucion_de_Reportes/a_Continuar' is clicked on

2022-04-29 11:04:10 - [MESSAGE][PASSED] - Object: 'Object Repository/1-OBJECTS TAREAS PRINCIPALES/Modulo Tarea Sara General/Ejecucion_de_Reportes/a_Continuar' is clicked on

2022-04-29 11:04:10 - [TEST_STEP][PASSED] - click(findTestObject("1-OBJECTS TAREAS PRINCIPALES/Modulo Tarea Sara General/Ejecucion_de_Reportes/div_Regresar")): Object: 'Object Repository/1-OBJECTS TAREAS PRINCIPALES/Modulo Tarea Sara General/Ejecucion_de_Reportes/div_Regresar' is clicked on

2022-04-29 11:04:11 - [MESSAGE][PASSED] - Object: 'Object Repository/1-OBJECTS TAREAS PRINCIPALES/Modulo Tarea Sara General/Ejecucion_de_Reportes/div_Regresar' is clicked on

2022-04-29 11:04:11 - [TEST_STEP][PASSED] - closeBrowser(): Browser is closed

2022-04-29 11:04:12 - [MESSAGE][PASSED] - Browser is closed]]></system-out>
         <system-err><![CDATA[]]></system-err>
      </testcase>
      <testcase name="Test Cases/1.1-Tareas Principales/Listado hojas de Vida" time="7.953" classname="Test Cases/1.1-Tareas Principales/Listado hojas de Vida" status="PASSED">
         <system-out><![CDATA[2022-04-29 11:04:12 - [TEST_CASE][PASSED] - Test Cases/1.1-Tareas Principales/Listado hojas de Vida: Test Cases/1.1-Tareas Principales/Listado hojas de Vida

2022-04-29 11:04:12 - [TEST_STEP][PASSED] - callTestCase(findTestCase("0.1-Login"), [:], STOP_ON_FAILURE): Call Test Case 'Test Cases/0.1-Login' successfully

2022-04-29 11:04:12 - [TEST_CASE][PASSED] - Test Cases/0.1-Login: Test Cases/0.1-Login

2022-04-29 11:04:12 - [TEST_STEP][PASSED] - openBrowser(""): Browser is opened with url: ''

2022-04-29 11:04:12 - [MESSAGE][INFO] - Starting 'Chrome' driver

2022-04-29 11:04:12 - [MESSAGE][INFO] - Action delay is set to 0 milliseconds

2022-04-29 11:04:13 - [MESSAGE][PASSED] - Browser is opened with url: ''

2022-04-29 11:04:13 - [TEST_STEP][PASSED] - maximizeWindow(): Current window maximized

2022-04-29 11:04:13 - [MESSAGE][PASSED] - Current window maximized

2022-04-29 11:04:13 - [TEST_STEP][PASSED] - i = G_Login: null

2022-04-29 11:04:13 - [TEST_STEP][PASSED] - url = new java.net.URL(i): null

2022-04-29 11:04:13 - [TEST_STEP][PASSED] - println("URL: " + url.toString()): null

2022-04-29 11:04:13 - [TEST_STEP][PASSED] - connection = url.openConnection(): null

2022-04-29 11:04:13 - [TEST_STEP][PASSED] - connection.setRequestMethod("GET"): null

2022-04-29 11:04:13 - [TEST_STEP][PASSED] - connection.setReadTimeout(2 * 1000): null

2022-04-29 11:04:13 - [TEST_STEP][PASSED] - try: null

2022-04-29 11:04:13 - [TEST_STEP][PASSED] - connection.connect(): null

2022-04-29 11:04:13 - [TEST_STEP][PASSED] - flag = connected: null

2022-04-29 11:04:13 - [TEST_STEP][PASSED] - println("Valor_ori: " + flag): null

2022-04-29 11:04:13 - [TEST_STEP][PASSED] - if (flag): null

2022-04-29 11:04:13 - [TEST_STEP][PASSED] - navigateToUrl(i): Navigate to 'http://192.168.2.19:8380/saraweb' successfully

2022-04-29 11:04:14 - [MESSAGE][PASSED] - Navigate to 'http://192.168.2.19:8380/saraweb' successfully

2022-04-29 11:04:14 - [TEST_STEP][PASSED] - a(): null

2022-04-29 11:04:14 - [TEST_STEP][PASSED] - setText(findTestObject("3-OBJECTS UTILIDADES/Login/input_USUARIO_loginusuario"), G_Usuario): Text 'saraadmin' is set on object 'Object Repository/3-OBJECTS UTILIDADES/Login/input_USUARIO_loginusuario'

2022-04-29 11:04:14 - [MESSAGE][PASSED] - Text 'saraadmin' is set on object 'Object Repository/3-OBJECTS UTILIDADES/Login/input_USUARIO_loginusuario'

2022-04-29 11:04:14 - [TEST_STEP][PASSED] - setEncryptedText(findTestObject("3-OBJECTS UTILIDADES/Login/input_CLAVE_loginpassword"), "MkG4/TYiCFC3cb2driP7+Q=="): Text ****** has been set on object 'Object Repository/3-OBJECTS UTILIDADES/Login/input_CLAVE_loginpassword'

2022-04-29 11:04:15 - [MESSAGE][PASSED] - Text ****** has been set on object 'Object Repository/3-OBJECTS UTILIDADES/Login/input_CLAVE_loginpassword'

2022-04-29 11:04:15 - [TEST_STEP][PASSED] - waitForElementClickable(findTestObject("3-OBJECTS UTILIDADES/Login/a_Ingresar"), G_TimeOut): Object 'Object Repository/3-OBJECTS UTILIDADES/Login/a_Ingresar' is clickable

2022-04-29 11:04:15 - [MESSAGE][PASSED] - Object 'Object Repository/3-OBJECTS UTILIDADES/Login/a_Ingresar' is clickable

2022-04-29 11:04:15 - [TEST_STEP][PASSED] - click(findTestObject("3-OBJECTS UTILIDADES/Login/a_Ingresar")): Object: 'Object Repository/3-OBJECTS UTILIDADES/Login/a_Ingresar' is clicked on

2022-04-29 11:04:16 - [MESSAGE][PASSED] - Object: 'Object Repository/3-OBJECTS UTILIDADES/Login/a_Ingresar' is clicked on

2022-04-29 11:04:16 - [TEST_STEP][PASSED] - element = findWebElement(findTestObject("3-OBJECTS UTILIDADES/Login/a_Ir"), 30): null

2022-04-29 11:04:16 - [TEST_STEP][PASSED] - executeJavaScript("arguments[0].click()", Arrays.asList(element)): Execute JavaScript 'arguments[0].click()' successfully

2022-04-29 11:04:16 - [MESSAGE][PASSED] - Execute JavaScript 'arguments[0].click()' successfully

2022-04-29 11:04:16 - [MESSAGE][PASSED] - Call Test Case 'Test Cases/0.1-Login' successfully

2022-04-29 11:04:16 - [TEST_STEP][PASSED] - waitForElementClickable(findTestObject("1-OBJECTS TAREAS PRINCIPALES/Modulo Tarea Listado Hojas de Vida/Tareas Listado Hojas de Vida/input_Listado Hojas De Vida_form_templatej_idt24_input"), G_TimeOut): Object 'Object Repository/1-OBJECTS TAREAS PRINCIPALES/Modulo Tarea Listado Hojas de Vida/Tareas Listado Hojas de Vida/input_Listado Hojas De Vida_form_templatej_idt24_input' is clickable

2022-04-29 11:04:17 - [MESSAGE][PASSED] - Object 'Object Repository/1-OBJECTS TAREAS PRINCIPALES/Modulo Tarea Listado Hojas de Vida/Tareas Listado Hojas de Vida/input_Listado Hojas De Vida_form_templatej_idt24_input' is clickable

2022-04-29 11:04:17 - [TEST_STEP][PASSED] - setText(findTestObject("1-OBJECTS TAREAS PRINCIPALES/Modulo Tarea Listado Hojas de Vida/Tareas Listado Hojas de Vida/input_Listado Hojas De Vida_form_templatej_idt24_input"), "Listado Hojas de Vida (hoj)"): Text 'Listado Hojas de Vida (hoj)' is set on object 'Object Repository/1-OBJECTS TAREAS PRINCIPALES/Modulo Tarea Listado Hojas de Vida/Tareas Listado Hojas de Vida/input_Listado Hojas De Vida_form_templatej_idt24_input'

2022-04-29 11:04:18 - [MESSAGE][PASSED] - Text 'Listado Hojas de Vida (hoj)' is set on object 'Object Repository/1-OBJECTS TAREAS PRINCIPALES/Modulo Tarea Listado Hojas de Vida/Tareas Listado Hojas de Vida/input_Listado Hojas De Vida_form_templatej_idt24_input'

2022-04-29 11:04:18 - [TEST_STEP][PASSED] - waitForElementVisible(findTestObject("1-OBJECTS TAREAS PRINCIPALES/Modulo Tarea Listado Hojas de Vida/Tareas Listado Hojas de Vida/span_Listado Hojas de Vida (hoj)"), 0): Object 'Object Repository/1-OBJECTS TAREAS PRINCIPALES/Modulo Tarea Listado Hojas de Vida/Tareas Listado Hojas de Vida/span_Listado Hojas de Vida (hoj)' is visible

2022-04-29 11:04:18 - [MESSAGE][WARNING] - Timeout '0' is invalid. Using default page load timeout: '45'

2022-04-29 11:04:19 - [MESSAGE][PASSED] - Object 'Object Repository/1-OBJECTS TAREAS PRINCIPALES/Modulo Tarea Listado Hojas de Vida/Tareas Listado Hojas de Vida/span_Listado Hojas de Vida (hoj)' is visible

2022-04-29 11:04:19 - [TEST_STEP][PASSED] - click(findTestObject("1-OBJECTS TAREAS PRINCIPALES/Modulo Tarea Listado Hojas de Vida/Tareas Listado Hojas de Vida/span_Listado Hojas de Vida (hoj)")): Object: 'Object Repository/1-OBJECTS TAREAS PRINCIPALES/Modulo Tarea Listado Hojas de Vida/Tareas Listado Hojas de Vida/span_Listado Hojas de Vida (hoj)' is clicked on

2022-04-29 11:04:20 - [MESSAGE][PASSED] - Object: 'Object Repository/1-OBJECTS TAREAS PRINCIPALES/Modulo Tarea Listado Hojas de Vida/Tareas Listado Hojas de Vida/span_Listado Hojas de Vida (hoj)' is clicked on]]></system-out>
         <system-err><![CDATA[]]></system-err>
      </testcase>
      <system-out><![CDATA[2022-04-29 10:14:50 - [TEST_SUITE][FAILED] - 1-Tareas Principales: Test Cases/1.1-Tareas Principales/1.5.9 Crear Viáticos FAILED.
Reason:
com.kms.katalon.core.exception.StepFailedException: Call Test Case 'Test Cases/1.1-Tareas Principales/1.7.3 Eliminar Viàtico' failed
	at com.kms.katalon.core.keyword.builtin.CallTestCaseKeyword$_callTestCase_closure1.doCall(CallTestCaseKeyword.groovy:63)
	at com.kms.katalon.core.keyword.builtin.CallTestCaseKeyword$_callTestCase_closure1.call(CallTestCaseKeyword.groovy)
	at com.kms.katalon.core.keyword.internal.KeywordMain.runKeyword(KeywordMain.groovy:74)
	at com.kms.katalon.core.keyword.builtin.CallTestCaseKeyword.callTestCase(CallTestCaseKeyword.groovy:81)
	at com.kms.katalon.core.keyword.builtin.CallTestCaseKeyword.execute(CallTestCaseKeyword.groovy:44)
	at com.kms.katalon.core.keyword.internal.KeywordExecutor.executeKeywordForPlatform(KeywordExecutor.groovy:74)
	at com.kms.katalon.core.keyword.BuiltinKeywords.callTestCase(BuiltinKeywords.groovy:334)
	at 1.5.9 Crear Viáticos.run(1.5.9 Crear Viáticos:63)
	at com.kms.katalon.core.main.ScriptEngine.run(ScriptEngine.java:194)
	at com.kms.katalon.core.main.ScriptEngine.runScriptAsRawText(ScriptEngine.java:119)
	at com.kms.katalon.core.main.TestCaseExecutor.runScript(TestCaseExecutor.java:445)
	at com.kms.katalon.core.main.TestCaseExecutor.doExecute(TestCaseExecutor.java:436)
	at com.kms.katalon.core.main.TestCaseExecutor.processExecutionPhase(TestCaseExecutor.java:415)
	at com.kms.katalon.core.main.TestCaseExecutor.accessMainPhase(TestCaseExecutor.java:407)
	at com.kms.katalon.core.main.TestCaseExecutor.execute(TestCaseExecutor.java:284)
	at com.kms.katalon.core.common.CommonExecutor.accessTestCaseMainPhase(CommonExecutor.java:65)
	at com.kms.katalon.core.main.TestSuiteExecutor.accessTestSuiteMainPhase(TestSuiteExecutor.java:144)
	at com.kms.katalon.core.main.TestSuiteExecutor.execute(TestSuiteExecutor.java:106)
	at com.kms.katalon.core.main.TestCaseMain.startTestSuite(TestCaseMain.java:185)
	at com.kms.katalon.core.main.TestCaseMain$startTestSuite$0.call(Unknown Source)
	at TempTestSuite1651245283467.run(TempTestSuite1651245283467.groovy:36)
Caused by: com.kms.katalon.core.exception.StepFailedException: Unable to click on object 'Object Repository/1-OBJECTS TAREAS PRINCIPALES/Modulo Actos Administrativos/Modulo Viáticos/Eliminar Viàticos/a_Registro'
	at com.kms.katalon.core.webui.keyword.internal.WebUIKeywordMain.stepFailed(WebUIKeywordMain.groovy:64)
	at com.kms.katalon.core.webui.keyword.internal.WebUIKeywordMain.runKeyword(WebUIKeywordMain.groovy:26)
	at com.kms.katalon.core.webui.keyword.builtin.ClickKeyword.click(ClickKeyword.groovy:74)
	at com.kms.katalon.core.webui.keyword.builtin.ClickKeyword.execute(ClickKeyword.groovy:40)
	at com.kms.katalon.core.keyword.internal.KeywordExecutor.executeKeywordForPlatform(KeywordExecutor.groovy:74)
	at com.kms.katalon.core.webui.keyword.WebUiBuiltInKeywords.click(WebUiBuiltInKeywords.groovy:620)
	at com.kms.katalon.core.webui.keyword.WebUiBuiltInKeywords$click$5.call(Unknown Source)
	at 1.7.3 Eliminar Viàtico.run(1.7.3 Eliminar Viàtico:250)
	at com.kms.katalon.core.main.ScriptEngine.run(ScriptEngine.java:194)
	at com.kms.katalon.core.main.ScriptEngine.runScriptAsRawText(ScriptEngine.java:119)
	at com.kms.katalon.core.main.TestCaseExecutor.runScript(TestCaseExecutor.java:445)
	at com.kms.katalon.core.main.TestCaseExecutor.doExecute(TestCaseExecutor.java:436)
	at com.kms.katalon.core.main.TestCaseExecutor.processExecutionPhase(TestCaseExecutor.java:415)
	at com.kms.katalon.core.main.TestCaseExecutor.accessMainPhase(TestCaseExecutor.java:407)
	at com.kms.katalon.core.main.TestCaseExecutor.execute(TestCaseExecutor.java:284)
	at com.kms.katalon.core.main.TestCaseMain.runTestCase(TestCaseMain.java:142)
	at com.kms.katalon.core.keyword.builtin.CallTestCaseKeyword$_callTestCase_closure1.doCall(CallTestCaseKeyword.groovy:59)
	... 20 more
Caused by: org.openqa.selenium.ElementClickInterceptedException: element click intercepted: Element <a id="form_detalleviaticosMenu:j_idt115:j_idt117:j_idt1805" href="#" class="ui-commandlink ui-widget" onclick="PrimeFaces.ab({s:&quot;form_detalleviaticosMenu:j_idt115:j_idt117:j_idt1805&quot;,f:&quot;form_detalleviaticosMenu&quot;,u:&quot;areaAplicacion&quot;,onco:function(xhr,status,args,data){;}});return false;" style="display: inline-block;">...</a> is not clickable at point (109, 116). Other element would receive the click: <div id="popupInfoDialog:j_idt1748_modal" class="ui-widget-overlay ui-dialog-mask" style="z-index: 1056;"></div>
  (Session info: chrome=100.0.4896.127)
Build info: version: '3.141.59', revision: 'e82be7d358', time: '2018-11-14T08:25:53'
System info: host: 'US-AF-000371', ip: '192.168.56.1', os.name: 'Windows 10', os.arch: 'amd64', os.version: '10.0', java.version: '1.8.0_282'
Driver info: com.kms.katalon.selenium.driver.CChromeDriver
Capabilities {acceptInsecureCerts: false, browserName: chrome, browserVersion: 100.0.4896.127, chrome: {chromedriverVersion: 100.0.4896.60 (6a5d10861ce8..., userDataDir: C:\Users\DIEGO~1.ROJ\AppDat...}, goog:chromeOptions: {debuggerAddress: localhost:54352}, javascriptEnabled: true, networkConnectionEnabled: false, pageLoadStrategy: normal, platform: WINDOWS, platformName: WINDOWS, proxy: Proxy(), setWindowRect: true, strictFileInteractability: false, timeouts: {implicit: 0, pageLoad: 300000, script: 30000}, unhandledPromptBehavior: dismiss and notify, webauthn:extension:credBlob: true, webauthn:extension:largeBlob: true, webauthn:virtualAuthenticators: true}
Session ID: 4bbc836084ccd1714197dd845b2695c9
	at org.openqa.selenium.remote.http.W3CHttpResponseCodec.createException(W3CHttpResponseCodec.java:187)
	at org.openqa.selenium.remote.http.W3CHttpResponseCodec.decode(W3CHttpResponseCodec.java:122)
	at org.openqa.selenium.remote.http.W3CHttpResponseCodec.decode(W3CHttpResponseCodec.java:49)
	at org.openqa.selenium.remote.HttpCommandExecutor.execute(HttpCommandExecutor.java:158)
	at org.openqa.selenium.remote.service.DriverCommandExecutor.execute(DriverCommandExecutor.java:83)
	at org.openqa.selenium.remote.RemoteWebDriver.execute(RemoteWebDriver.java:552)
	at com.kms.katalon.selenium.driver.CChromeDriver.execute(CChromeDriver.java:19)
	at org.openqa.selenium.remote.RemoteWebElement.execute(RemoteWebElement.java:285)
	at org.openqa.selenium.remote.RemoteWebElement.click(RemoteWebElement.java:84)
	at org.openqa.selenium.support.events.EventFiringWebDriver$EventFiringWebElement.lambda$new$0(EventFiringWebDriver.java:404)
	at com.sun.proxy.$Proxy11.click(Unknown Source)
	at org.openqa.selenium.support.events.EventFiringWebDriver$EventFiringWebElement.click(EventFiringWebDriver.java:417)
	at org.openqa.selenium.WebElement$click$0.call(Unknown Source)
	at com.kms.katalon.core.webui.keyword.builtin.ClickKeyword.clickUntilSuccessWithTimeout(ClickKeyword.groovy:81)
	at com.kms.katalon.core.webui.keyword.builtin.ClickKeyword.clickUntilSuccessWithTimeout(ClickKeyword.groovy)
	at com.kms.katalon.core.webui.keyword.builtin.ClickKeyword$_click_closure1.doCall(ClickKeyword.groovy:67)
	at com.kms.katalon.core.webui.keyword.builtin.ClickKeyword$_click_closure1.call(ClickKeyword.groovy)
	at com.kms.katalon.core.webui.keyword.internal.WebUIKeywordMain.runKeyword(WebUIKeywordMain.groovy:20)
	... 35 more]]></system-out>
      <system-err><![CDATA[2022-04-29 10:14:50 - [TEST_SUITE][FAILED] - 1-Tareas Principales: Test Cases/1.1-Tareas Principales/1.5.9 Crear Viáticos FAILED.
Reason:
com.kms.katalon.core.exception.StepFailedException: Call Test Case 'Test Cases/1.1-Tareas Principales/1.7.3 Eliminar Viàtico' failed
	at com.kms.katalon.core.keyword.builtin.CallTestCaseKeyword$_callTestCase_closure1.doCall(CallTestCaseKeyword.groovy:63)
	at com.kms.katalon.core.keyword.builtin.CallTestCaseKeyword$_callTestCase_closure1.call(CallTestCaseKeyword.groovy)
	at com.kms.katalon.core.keyword.internal.KeywordMain.runKeyword(KeywordMain.groovy:74)
	at com.kms.katalon.core.keyword.builtin.CallTestCaseKeyword.callTestCase(CallTestCaseKeyword.groovy:81)
	at com.kms.katalon.core.keyword.builtin.CallTestCaseKeyword.execute(CallTestCaseKeyword.groovy:44)
	at com.kms.katalon.core.keyword.internal.KeywordExecutor.executeKeywordForPlatform(KeywordExecutor.groovy:74)
	at com.kms.katalon.core.keyword.BuiltinKeywords.callTestCase(BuiltinKeywords.groovy:334)
	at 1.5.9 Crear Viáticos.run(1.5.9 Crear Viáticos:63)
	at com.kms.katalon.core.main.ScriptEngine.run(ScriptEngine.java:194)
	at com.kms.katalon.core.main.ScriptEngine.runScriptAsRawText(ScriptEngine.java:119)
	at com.kms.katalon.core.main.TestCaseExecutor.runScript(TestCaseExecutor.java:445)
	at com.kms.katalon.core.main.TestCaseExecutor.doExecute(TestCaseExecutor.java:436)
	at com.kms.katalon.core.main.TestCaseExecutor.processExecutionPhase(TestCaseExecutor.java:415)
	at com.kms.katalon.core.main.TestCaseExecutor.accessMainPhase(TestCaseExecutor.java:407)
	at com.kms.katalon.core.main.TestCaseExecutor.execute(TestCaseExecutor.java:284)
	at com.kms.katalon.core.common.CommonExecutor.accessTestCaseMainPhase(CommonExecutor.java:65)
	at com.kms.katalon.core.main.TestSuiteExecutor.accessTestSuiteMainPhase(TestSuiteExecutor.java:144)
	at com.kms.katalon.core.main.TestSuiteExecutor.execute(TestSuiteExecutor.java:106)
	at com.kms.katalon.core.main.TestCaseMain.startTestSuite(TestCaseMain.java:185)
	at com.kms.katalon.core.main.TestCaseMain$startTestSuite$0.call(Unknown Source)
	at TempTestSuite1651245283467.run(TempTestSuite1651245283467.groovy:36)
Caused by: com.kms.katalon.core.exception.StepFailedException: Unable to click on object 'Object Repository/1-OBJECTS TAREAS PRINCIPALES/Modulo Actos Administrativos/Modulo Viáticos/Eliminar Viàticos/a_Registro'
	at com.kms.katalon.core.webui.keyword.internal.WebUIKeywordMain.stepFailed(WebUIKeywordMain.groovy:64)
	at com.kms.katalon.core.webui.keyword.internal.WebUIKeywordMain.runKeyword(WebUIKeywordMain.groovy:26)
	at com.kms.katalon.core.webui.keyword.builtin.ClickKeyword.click(ClickKeyword.groovy:74)
	at com.kms.katalon.core.webui.keyword.builtin.ClickKeyword.execute(ClickKeyword.groovy:40)
	at com.kms.katalon.core.keyword.internal.KeywordExecutor.executeKeywordForPlatform(KeywordExecutor.groovy:74)
	at com.kms.katalon.core.webui.keyword.WebUiBuiltInKeywords.click(WebUiBuiltInKeywords.groovy:620)
	at com.kms.katalon.core.webui.keyword.WebUiBuiltInKeywords$click$5.call(Unknown Source)
	at 1.7.3 Eliminar Viàtico.run(1.7.3 Eliminar Viàtico:250)
	at com.kms.katalon.core.main.ScriptEngine.run(ScriptEngine.java:194)
	at com.kms.katalon.core.main.ScriptEngine.runScriptAsRawText(ScriptEngine.java:119)
	at com.kms.katalon.core.main.TestCaseExecutor.runScript(TestCaseExecutor.java:445)
	at com.kms.katalon.core.main.TestCaseExecutor.doExecute(TestCaseExecutor.java:436)
	at com.kms.katalon.core.main.TestCaseExecutor.processExecutionPhase(TestCaseExecutor.java:415)
	at com.kms.katalon.core.main.TestCaseExecutor.accessMainPhase(TestCaseExecutor.java:407)
	at com.kms.katalon.core.main.TestCaseExecutor.execute(TestCaseExecutor.java:284)
	at com.kms.katalon.core.main.TestCaseMain.runTestCase(TestCaseMain.java:142)
	at com.kms.katalon.core.keyword.builtin.CallTestCaseKeyword$_callTestCase_closure1.doCall(CallTestCaseKeyword.groovy:59)
	... 20 more
Caused by: org.openqa.selenium.ElementClickInterceptedException: element click intercepted: Element <a id="form_detalleviaticosMenu:j_idt115:j_idt117:j_idt1805" href="#" class="ui-commandlink ui-widget" onclick="PrimeFaces.ab({s:&quot;form_detalleviaticosMenu:j_idt115:j_idt117:j_idt1805&quot;,f:&quot;form_detalleviaticosMenu&quot;,u:&quot;areaAplicacion&quot;,onco:function(xhr,status,args,data){;}});return false;" style="display: inline-block;">...</a> is not clickable at point (109, 116). Other element would receive the click: <div id="popupInfoDialog:j_idt1748_modal" class="ui-widget-overlay ui-dialog-mask" style="z-index: 1056;"></div>
  (Session info: chrome=100.0.4896.127)
Build info: version: '3.141.59', revision: 'e82be7d358', time: '2018-11-14T08:25:53'
System info: host: 'US-AF-000371', ip: '192.168.56.1', os.name: 'Windows 10', os.arch: 'amd64', os.version: '10.0', java.version: '1.8.0_282'
Driver info: com.kms.katalon.selenium.driver.CChromeDriver
Capabilities {acceptInsecureCerts: false, browserName: chrome, browserVersion: 100.0.4896.127, chrome: {chromedriverVersion: 100.0.4896.60 (6a5d10861ce8..., userDataDir: C:\Users\DIEGO~1.ROJ\AppDat...}, goog:chromeOptions: {debuggerAddress: localhost:54352}, javascriptEnabled: true, networkConnectionEnabled: false, pageLoadStrategy: normal, platform: WINDOWS, platformName: WINDOWS, proxy: Proxy(), setWindowRect: true, strictFileInteractability: false, timeouts: {implicit: 0, pageLoad: 300000, script: 30000}, unhandledPromptBehavior: dismiss and notify, webauthn:extension:credBlob: true, webauthn:extension:largeBlob: true, webauthn:virtualAuthenticators: true}
Session ID: 4bbc836084ccd1714197dd845b2695c9
	at org.openqa.selenium.remote.http.W3CHttpResponseCodec.createException(W3CHttpResponseCodec.java:187)
	at org.openqa.selenium.remote.http.W3CHttpResponseCodec.decode(W3CHttpResponseCodec.java:122)
	at org.openqa.selenium.remote.http.W3CHttpResponseCodec.decode(W3CHttpResponseCodec.java:49)
	at org.openqa.selenium.remote.HttpCommandExecutor.execute(HttpCommandExecutor.java:158)
	at org.openqa.selenium.remote.service.DriverCommandExecutor.execute(DriverCommandExecutor.java:83)
	at org.openqa.selenium.remote.RemoteWebDriver.execute(RemoteWebDriver.java:552)
	at com.kms.katalon.selenium.driver.CChromeDriver.execute(CChromeDriver.java:19)
	at org.openqa.selenium.remote.RemoteWebElement.execute(RemoteWebElement.java:285)
	at org.openqa.selenium.remote.RemoteWebElement.click(RemoteWebElement.java:84)
	at org.openqa.selenium.support.events.EventFiringWebDriver$EventFiringWebElement.lambda$new$0(EventFiringWebDriver.java:404)
	at com.sun.proxy.$Proxy11.click(Unknown Source)
	at org.openqa.selenium.support.events.EventFiringWebDriver$EventFiringWebElement.click(EventFiringWebDriver.java:417)
	at org.openqa.selenium.WebElement$click$0.call(Unknown Source)
	at com.kms.katalon.core.webui.keyword.builtin.ClickKeyword.clickUntilSuccessWithTimeout(ClickKeyword.groovy:81)
	at com.kms.katalon.core.webui.keyword.builtin.ClickKeyword.clickUntilSuccessWithTimeout(ClickKeyword.groovy)
	at com.kms.katalon.core.webui.keyword.builtin.ClickKeyword$_click_closure1.doCall(ClickKeyword.groovy:67)
	at com.kms.katalon.core.webui.keyword.builtin.ClickKeyword$_click_closure1.call(ClickKeyword.groovy)
	at com.kms.katalon.core.webui.keyword.internal.WebUIKeywordMain.runKeyword(WebUIKeywordMain.groovy:20)
	... 35 more]]></system-err>
   </testsuite>
</testsuites>
